<?xml version="1.0" encoding="UTF-8"?>
<testsuites name="Test Suite Login" time="34.259" tests="2" failures="0" errors="0">
   <testsuite name="Test Suite Login" tests="2" failures="0" errors="0" time="34.259" skipped="0" timestamp="2023-08-25 09:15:04" hostname="IRFAN - DESKTOP-H62FVJ8" id="Test Suites/Test Suite Login">
      <properties>
         <property name="deviceName" value=""/>
         <property name="devicePlatform" value=""/>
         <property name="logFolder" value="D:\\Project XSIS\\batch-324-qa\\irfan\\Cura Heroku App\\Reports\\20230825_091501\\Test Suite Login\\20230825_091501"/>
         <property name="logFiles" value="D:\\Project XSIS\\batch-324-qa\\irfan\\Cura Heroku App\\Reports\\20230825_091501\\Test Suite Login\\20230825_091501\\execution0.log"/>
         <property name="attachments" value=""/>
         <property name="hostName" value="IRFAN - DESKTOP-H62FVJ8"/>
         <property name="os" value="Windows 10 64bit"/>
         <property name="katalonVersion" value="8.6.5.208"/>
         <property name="browser" value="Edge Chromium 116"/>
         <property name="hostAddress" value="172.20.10.9"/>
         <property name="sessionId" value="d9363411299f99815207e52d6cab55af"/>
         <property name="seleniumVersion" value="3.141.59"/>
         <property name="proxyInformation" value="ProxyInformation { proxyOption=NO_PROXY, proxyServerType=HTTP, username=, password=********, proxyServerAddress=, proxyServerPort=0, executionList=&quot;&quot;, isApplyToDesiredCapabilities=true }"/>
         <property name="platform" value="Windows 10"/>
      </properties>
      <testcase name="Test Cases/Login/Test Case 1.1 (Script)" time="15.034" classname="Test Cases/Login/Test Case 1.1 (Script)" status="PASSED">
         <system-out><![CDATA[2023-08-25 09:15:05 - [TEST_CASE][PASSED] - Test Cases/Login/Test Case 1.1 (Script): Test Cases/Login/Test Case 1.1 (Script)

2023-08-25 09:15:05 - [TEST_STEP][PASSED] - openBrowser("https://katalon-demo-cura.herokuapp.com/"): Browser is opened with url: 'https://katalon-demo-cura.herokuapp.com/'

2023-08-25 09:15:05 - [MESSAGE][INFO] - Starting 'Edge Chromium' driver

2023-08-25 09:15:08 - [MESSAGE][INFO] - Action delay is set to 0 milliseconds

2023-08-25 09:15:13 - [MESSAGE][PASSED] - Browser is opened with url: 'https://katalon-demo-cura.herokuapp.com/'

2023-08-25 09:15:13 - [TEST_STEP][PASSED] - verifyElementPresent(findTestObject("Object Repository/Login/Tittle_Home_Page"), 10): Object 'Object Repository/Login/Tittle_Home_Page' is present

2023-08-25 09:15:13 - [MESSAGE][PASSED] - Object 'Object Repository/Login/Tittle_Home_Page' is present

2023-08-25 09:15:13 - [TEST_STEP][PASSED] - click(findTestObject("Object Repository/Login/Menu Burger")): Object: 'Object Repository/Login/Menu Burger' is clicked on

2023-08-25 09:15:14 - [MESSAGE][PASSED] - Object: 'Object Repository/Login/Menu Burger' is clicked on

2023-08-25 09:15:14 - [TEST_STEP][PASSED] - click(findTestObject("Object Repository/Login/Menu Login")): Object: 'Object Repository/Login/Menu Login' is clicked on

2023-08-25 09:15:15 - [MESSAGE][PASSED] - Object: 'Object Repository/Login/Menu Login' is clicked on

2023-08-25 09:15:15 - [TEST_STEP][PASSED] - verifyElementPresent(findTestObject("Object Repository/Login/Tittle Login"), 10): Object 'Object Repository/Login/Tittle Login' is present

2023-08-25 09:15:16 - [MESSAGE][PASSED] - Object 'Object Repository/Login/Tittle Login' is present

2023-08-25 09:15:16 - [TEST_STEP][PASSED] - setText(findTestObject("Object Repository/Login/Input Username"), Username): Text 'John Doe' is set on object 'Object Repository/Login/Input Username'

2023-08-25 09:15:16 - [MESSAGE][PASSED] - Text 'John Doe' is set on object 'Object Repository/Login/Input Username'

2023-08-25 09:15:16 - [TEST_STEP][PASSED] - setEncryptedText(findTestObject("Object Repository/Login/Input Password"), Password): Text ****** has been set on object 'Object Repository/Login/Input Password'

2023-08-25 09:15:17 - [MESSAGE][PASSED] - Text ****** has been set on object 'Object Repository/Login/Input Password'

2023-08-25 09:15:17 - [TEST_STEP][PASSED] - click(findTestObject("Object Repository/Login/Button Login")): Object: 'Object Repository/Login/Button Login' is clicked on

2023-08-25 09:15:19 - [MESSAGE][PASSED] - Object: 'Object Repository/Login/Button Login' is clicked on

2023-08-25 09:15:19 - [TEST_STEP][PASSED] - verifyElementPresent(findTestObject("Object Repository/Login/Tittle Make Appointment"), 10): Object 'Object Repository/Login/Tittle Make Appointment' is present

2023-08-25 09:15:20 - [MESSAGE][PASSED] - Object 'Object Repository/Login/Tittle Make Appointment' is present]]></system-out>
         <system-err><![CDATA[]]></system-err>
      </testcase>
      <testcase name="Test Cases/Login/Test Case 1.2 (manual)" time="18.962" classname="Test Cases/Login/Test Case 1.2 (manual)" status="PASSED">
         <system-out><![CDATA[2023-08-25 09:15:20 - [TEST_CASE][PASSED] - Test Cases/Login/Test Case 1.2 (manual): Test Cases/Login/Test Case 1.2 (manual)

2023-08-25 09:15:20 - [TEST_STEP][PASSED] - openBrowser(WEB_URL): Browser is opened with url: 'https://katalon-demo-cura.herokuapp.com/'

2023-08-25 09:15:20 - [MESSAGE][WARNING] - A browser is already opened. Closing browser and opening a new one

2023-08-25 09:15:21 - [MESSAGE][INFO] - Starting 'Edge Chromium' driver

2023-08-25 09:15:23 - [MESSAGE][INFO] - Action delay is set to 0 milliseconds

2023-08-25 09:15:27 - [MESSAGE][PASSED] - Browser is opened with url: 'https://katalon-demo-cura.herokuapp.com/'

2023-08-25 09:15:27 - [TEST_STEP][PASSED] - maximizeWindow(): Current window maximized

2023-08-25 09:15:27 - [MESSAGE][PASSED] - Current window maximized

2023-08-25 09:15:27 - [TEST_STEP][PASSED] - verifyElementPresent(findTestObject("Login/Tittle_Home_Page"), 10): Object 'Object Repository/Login/Tittle_Home_Page' is present

2023-08-25 09:15:27 - [MESSAGE][PASSED] - Object 'Object Repository/Login/Tittle_Home_Page' is present

2023-08-25 09:15:27 - [TEST_STEP][PASSED] - click(findTestObject("Login/Menu Burger")): Object: 'Object Repository/Login/Menu Burger' is clicked on

2023-08-25 09:15:28 - [MESSAGE][PASSED] - Object: 'Object Repository/Login/Menu Burger' is clicked on

2023-08-25 09:15:28 - [TEST_STEP][PASSED] - click(findTestObject("Login/Menu Login")): Object: 'Object Repository/Login/Menu Login' is clicked on

2023-08-25 09:15:29 - [MESSAGE][PASSED] - Object: 'Object Repository/Login/Menu Login' is clicked on

2023-08-25 09:15:29 - [TEST_STEP][PASSED] - verifyElementPresent(findTestObject("Login/Tittle Login"), 10): Object 'Object Repository/Login/Tittle Login' is present

2023-08-25 09:15:30 - [MESSAGE][PASSED] - Object 'Object Repository/Login/Tittle Login' is present

2023-08-25 09:15:30 - [TEST_STEP][PASSED] - setText(findTestObject("Login/Input Username"), username): Text 'abangjago' is set on object 'Object Repository/Login/Input Username'

2023-08-25 09:15:30 - [MESSAGE][PASSED] - Text 'abangjago' is set on object 'Object Repository/Login/Input Username'

2023-08-25 09:15:30 - [TEST_STEP][PASSED] - setEncryptedText(findTestObject("Login/Input Password"), password): Text ****** has been set on object 'Object Repository/Login/Input Password'

2023-08-25 09:15:31 - [MESSAGE][PASSED] - Text ****** has been set on object 'Object Repository/Login/Input Password'

2023-08-25 09:15:31 - [TEST_STEP][PASSED] - click(findTestObject("Login/Button Login")): Object: 'Object Repository/Login/Button Login' is clicked on

2023-08-25 09:15:32 - [MESSAGE][PASSED] - Object: 'Object Repository/Login/Button Login' is clicked on

2023-08-25 09:15:32 - [TEST_STEP][PASSED] - verifyElementText(findTestObject("Login/Error"), "Login failed! Please ensure the username and password are valid."): Actual text and expected text of test object 'Object Repository/Login/Error' are matched.

2023-08-25 09:15:33 - [MESSAGE][PASSED] - Actual text and expected text of test object 'Object Repository/Login/Error' are matched.

2023-08-25 09:15:33 - [TEST_STEP][PASSED] - delay(5): Delayed 5 second(s)

2023-08-25 09:15:38 - [MESSAGE][PASSED] - Delayed 5 second(s)

2023-08-25 09:15:38 - [TEST_STEP][PASSED] - closeBrowser(): Browser is closed

2023-08-25 09:15:39 - [MESSAGE][PASSED] - Browser is closed]]></system-out>
         <system-err><![CDATA[]]></system-err>
      </testcase>
      <system-out><![CDATA[2023-08-25 09:15:04 - [TEST_SUITE][PASSED] - Test Suite Login: Test Cases/Login/Test Case 1.2 (manual)]]></system-out>
      <system-err><![CDATA[]]></system-err>
   </testsuite>
</testsuites>
