<?xml version="1.0" encoding="UTF-8"?>
<testsuites name="T05 jadi kurir" time="403.699" tests="16" failures="8" errors="0">
   <testsuite name="T05 jadi kurir" tests="16" failures="8" errors="0" time="403.699" skipped="0" timestamp="2023-10-03 13:50:44" hostname="IRFAN - DESKTOP-H62FVJ8" id="Test Suites/jadi kurir/T05 jadi kurir">
      <properties>
         <property name="deviceName" value=""/>
         <property name="devicePlatform" value=""/>
         <property name="logFolder" value="D:\\BOOTCAMP XSIS\\Projek 2 MINI PROJEK\\Reports\\20231003_135040\\jadi kurir\\T05 jadi kurir\\20231003_135041"/>
         <property name="logFiles" value="D:\\BOOTCAMP XSIS\\Projek 2 MINI PROJEK\\Reports\\20231003_135040\\jadi kurir\\T05 jadi kurir\\20231003_135041\\execution0.log"/>
         <property name="attachments" value="D:\\BOOTCAMP XSIS\\Projek 2 MINI PROJEK\\Reports\\20231003_135040\\jadi kurir\\T05 jadi kurir\\20231003_135041\\1696315960967.png, D:\\BOOTCAMP XSIS\\Projek 2 MINI PROJEK\\Reports\\20231003_135040\\jadi kurir\\T05 jadi kurir\\20231003_135041\\1696316005384.png, D:\\BOOTCAMP XSIS\\Projek 2 MINI PROJEK\\Reports\\20231003_135040\\jadi kurir\\T05 jadi kurir\\20231003_135041\\1696316029188.png, D:\\BOOTCAMP XSIS\\Projek 2 MINI PROJEK\\Reports\\20231003_135040\\jadi kurir\\T05 jadi kurir\\20231003_135041\\1696316052038.png, D:\\BOOTCAMP XSIS\\Projek 2 MINI PROJEK\\Reports\\20231003_135040\\jadi kurir\\T05 jadi kurir\\20231003_135041\\1696316075224.png, D:\\BOOTCAMP XSIS\\Projek 2 MINI PROJEK\\Reports\\20231003_135040\\jadi kurir\\T05 jadi kurir\\20231003_135041\\1696316099905.png, D:\\BOOTCAMP XSIS\\Projek 2 MINI PROJEK\\Reports\\20231003_135040\\jadi kurir\\T05 jadi kurir\\20231003_135041\\1696316121154.png, D:\\BOOTCAMP XSIS\\Projek 2 MINI PROJEK\\Reports\\20231003_135040\\jadi kurir\\T05 jadi kurir\\20231003_135041\\1696316234165.png, D:\\BOOTCAMP XSIS\\Projek 2 MINI PROJEK\\Reports\\20231003_135040\\jadi kurir\\T05 jadi kurir\\20231003_135041\\1696316234244.png"/>
         <property name="hostName" value="IRFAN - DESKTOP-H62FVJ8"/>
         <property name="os" value="Windows 10 64bit"/>
         <property name="katalonVersion" value="8.6.5.208"/>
         <property name="browser" value="Firefox 117.0"/>
         <property name="hostAddress" value="10.9.2.60"/>
         <property name="sessionId" value="79ef3c30-e964-419f-b40f-f7cbd5dee09c"/>
         <property name="seleniumVersion" value="3.141.59"/>
         <property name="proxyInformation" value="ProxyInformation { proxyOption=NO_PROXY, proxyServerType=HTTP, username=, password=********, proxyServerAddress=, proxyServerPort=0, executionList=&quot;&quot;, isApplyToDesiredCapabilities=true }"/>
         <property name="platform" value="Windows 10"/>
      </properties>
      <testcase name="Test Cases/T05 Jadi Kurir/JK-001" time="16.777" classname="Test Cases/T05 Jadi Kurir/JK-001" status="PASSED">
         <system-out><![CDATA[2023-10-03 13:50:45 - [TEST_CASE][PASSED] - Test Cases/T05 Jadi Kurir/JK-001: Test Cases/T05 Jadi Kurir/JK-001

2023-10-03 13:50:45 - [TEST_STEP][PASSED] - callTestCase(findTestCase("T05 Jadi Kurir/LU-001"), ["username":"irfanafandi", "password":"12345irfan"], STOP_ON_FAILURE): Call Test Case 'Test Cases/T05 Jadi Kurir/LU-001' successfully

2023-10-03 13:50:45 - [TEST_CASE][PASSED] - Test Cases/T05 Jadi Kurir/LU-001: Test Cases/T05 Jadi Kurir/LU-001

2023-10-03 13:50:46 - [TEST_STEP][PASSED] - openBrowser("https://10.9.2.63/ecommerce/"): Browser is opened with url: 'https://10.9.2.63/ecommerce/'

2023-10-03 13:50:46 - [MESSAGE][INFO] - Starting 'Firefox' driver

2023-10-03 13:50:46 - [MESSAGE][INFO] - User set preference: ['args', '[--disable-notifications]']

2023-10-03 13:50:46 - [MESSAGE][INFO] - Action delay is set to 0 milliseconds

2023-10-03 13:50:53 - [MESSAGE][PASSED] - Browser is opened with url: 'https://10.9.2.63/ecommerce/'

2023-10-03 13:50:53 - [TEST_STEP][PASSED] - maximizeWindow(): Current window maximized

2023-10-03 13:50:53 - [MESSAGE][PASSED] - Current window maximized

2023-10-03 13:50:53 - [TEST_STEP][PASSED] - verifyElementPresent(findTestObject("Login/Home"), 0): Object 'Object Repository/Login/Home' is present

2023-10-03 13:50:53 - [MESSAGE][WARNING] - Timeout '0' is invalid. Using default page load timeout: '30'

2023-10-03 13:50:53 - [MESSAGE][PASSED] - Object 'Object Repository/Login/Home' is present

2023-10-03 13:50:53 - [TEST_STEP][PASSED] - click(findTestObject("Login/a_Login")): Object: 'Object Repository/Login/a_Login' is clicked on

2023-10-03 13:50:54 - [MESSAGE][PASSED] - Object: 'Object Repository/Login/a_Login' is clicked on

2023-10-03 13:50:54 - [TEST_STEP][PASSED] - verifyElementPresent(findTestObject("Login/Tittle Login"), 0): Object 'Object Repository/Login/Tittle Login' is present

2023-10-03 13:50:54 - [MESSAGE][WARNING] - Timeout '0' is invalid. Using default page load timeout: '30'

2023-10-03 13:50:55 - [MESSAGE][PASSED] - Object 'Object Repository/Login/Tittle Login' is present

2023-10-03 13:50:55 - [TEST_STEP][PASSED] - setText(findTestObject("Login/input_Username, Email atau No. Handphone_a"), username): Text 'irfanafandi' is set on object 'Object Repository/Login/input_Username, Email atau No. Handphone_a'

2023-10-03 13:50:55 - [MESSAGE][PASSED] - Text 'irfanafandi' is set on object 'Object Repository/Login/input_Username, Email atau No. Handphone_a'

2023-10-03 13:50:55 - [TEST_STEP][PASSED] - setText(findTestObject("Login/input_Password_b"), password): Text '12345irfan' is set on object 'Object Repository/Login/input_Password_b'

2023-10-03 13:50:56 - [MESSAGE][PASSED] - Text '12345irfan' is set on object 'Object Repository/Login/input_Password_b'

2023-10-03 13:50:56 - [TEST_STEP][PASSED] - click(findTestObject("Login/label_Ingat saya")): Object: 'Object Repository/Login/label_Ingat saya' is clicked on

2023-10-03 13:50:57 - [MESSAGE][PASSED] - Object: 'Object Repository/Login/label_Ingat saya' is clicked on

2023-10-03 13:50:57 - [TEST_STEP][PASSED] - click(findTestObject("Login/button_Masuk")): Object: 'Object Repository/Login/button_Masuk' is clicked on

2023-10-03 13:50:59 - [MESSAGE][PASSED] - Object: 'Object Repository/Login/button_Masuk' is clicked on

2023-10-03 13:50:59 - [TEST_STEP][PASSED] - verifyElementPresent(findTestObject("Login/li_Profile"), 0): Object 'Object Repository/Login/li_Profile' is present

2023-10-03 13:50:59 - [MESSAGE][WARNING] - Timeout '0' is invalid. Using default page load timeout: '30'

2023-10-03 13:50:59 - [MESSAGE][PASSED] - Object 'Object Repository/Login/li_Profile' is present

2023-10-03 13:50:59 - [MESSAGE][PASSED] - Call Test Case 'Test Cases/T05 Jadi Kurir/LU-001' successfully

2023-10-03 13:50:59 - [TEST_STEP][PASSED] - click(findTestObject("Jadi kurir/a_Jadi Kurir")): Object: 'Object Repository/Jadi kurir/a_Jadi Kurir' is clicked on

2023-10-03 13:51:01 - [MESSAGE][PASSED] - Object: 'Object Repository/Jadi kurir/a_Jadi Kurir' is clicked on

2023-10-03 13:51:01 - [TEST_STEP][PASSED] - verifyElementPresent(findTestObject("Jadi kurir/li_Profile Kurir"), 0): Object 'Object Repository/Jadi kurir/li_Profile Kurir' is present

2023-10-03 13:51:01 - [MESSAGE][WARNING] - Timeout '0' is invalid. Using default page load timeout: '30'

2023-10-03 13:51:01 - [MESSAGE][PASSED] - Object 'Object Repository/Jadi kurir/li_Profile Kurir' is present]]></system-out>
         <system-err><![CDATA[]]></system-err>
      </testcase>
      <testcase name="Test Cases/T05 Jadi Kurir/JK-002" time="31.081" classname="Test Cases/T05 Jadi Kurir/JK-002" status="PASSED">
         <system-out><![CDATA[2023-10-03 13:51:01 - [TEST_CASE][PASSED] - Test Cases/T05 Jadi Kurir/JK-002: Test Cases/T05 Jadi Kurir/JK-002

2023-10-03 13:51:03 - [TEST_STEP][PASSED] - callTestCase(findTestCase("T05 Jadi Kurir/JK-001"), [:], STOP_ON_FAILURE): Call Test Case 'Test Cases/T05 Jadi Kurir/JK-001' successfully

2023-10-03 13:51:03 - [TEST_CASE][PASSED] - Test Cases/T05 Jadi Kurir/JK-001: Test Cases/T05 Jadi Kurir/JK-001

2023-10-03 13:51:03 - [TEST_STEP][PASSED] - callTestCase(findTestCase("T05 Jadi Kurir/LU-001"), ["username":"irfanafandi", "password":"12345irfan"], STOP_ON_FAILURE): Call Test Case 'Test Cases/T05 Jadi Kurir/LU-001' successfully

2023-10-03 13:51:03 - [TEST_CASE][PASSED] - Test Cases/T05 Jadi Kurir/LU-001: Test Cases/T05 Jadi Kurir/LU-001

2023-10-03 13:51:03 - [TEST_STEP][PASSED] - openBrowser("https://10.9.2.63/ecommerce/"): Browser is opened with url: 'https://10.9.2.63/ecommerce/'

2023-10-03 13:51:03 - [MESSAGE][WARNING] - A browser is already opened. Closing browser and opening a new one

2023-10-03 13:51:04 - [MESSAGE][INFO] - Starting 'Firefox' driver

2023-10-03 13:51:04 - [MESSAGE][INFO] - User set preference: ['args', '[--disable-notifications]']

2023-10-03 13:51:04 - [MESSAGE][INFO] - Action delay is set to 0 milliseconds

2023-10-03 13:51:10 - [MESSAGE][PASSED] - Browser is opened with url: 'https://10.9.2.63/ecommerce/'

2023-10-03 13:51:10 - [TEST_STEP][PASSED] - maximizeWindow(): Current window maximized

2023-10-03 13:51:10 - [MESSAGE][PASSED] - Current window maximized

2023-10-03 13:51:10 - [TEST_STEP][PASSED] - verifyElementPresent(findTestObject("Login/Home"), 0): Object 'Object Repository/Login/Home' is present

2023-10-03 13:51:11 - [MESSAGE][WARNING] - Timeout '0' is invalid. Using default page load timeout: '30'

2023-10-03 13:51:11 - [MESSAGE][PASSED] - Object 'Object Repository/Login/Home' is present

2023-10-03 13:51:11 - [TEST_STEP][PASSED] - click(findTestObject("Login/a_Login")): Object: 'Object Repository/Login/a_Login' is clicked on

2023-10-03 13:51:12 - [MESSAGE][PASSED] - Object: 'Object Repository/Login/a_Login' is clicked on

2023-10-03 13:51:12 - [TEST_STEP][PASSED] - verifyElementPresent(findTestObject("Login/Tittle Login"), 0): Object 'Object Repository/Login/Tittle Login' is present

2023-10-03 13:51:12 - [MESSAGE][WARNING] - Timeout '0' is invalid. Using default page load timeout: '30'

2023-10-03 13:51:12 - [MESSAGE][PASSED] - Object 'Object Repository/Login/Tittle Login' is present

2023-10-03 13:51:12 - [TEST_STEP][PASSED] - setText(findTestObject("Login/input_Username, Email atau No. Handphone_a"), username): Text 'irfanafandi' is set on object 'Object Repository/Login/input_Username, Email atau No. Handphone_a'

2023-10-03 13:51:13 - [MESSAGE][PASSED] - Text 'irfanafandi' is set on object 'Object Repository/Login/input_Username, Email atau No. Handphone_a'

2023-10-03 13:51:13 - [TEST_STEP][PASSED] - setText(findTestObject("Login/input_Password_b"), password): Text '12345irfan' is set on object 'Object Repository/Login/input_Password_b'

2023-10-03 13:51:14 - [MESSAGE][PASSED] - Text '12345irfan' is set on object 'Object Repository/Login/input_Password_b'

2023-10-03 13:51:14 - [TEST_STEP][PASSED] - click(findTestObject("Login/label_Ingat saya")): Object: 'Object Repository/Login/label_Ingat saya' is clicked on

2023-10-03 13:51:14 - [MESSAGE][PASSED] - Object: 'Object Repository/Login/label_Ingat saya' is clicked on

2023-10-03 13:51:14 - [TEST_STEP][PASSED] - click(findTestObject("Login/button_Masuk")): Object: 'Object Repository/Login/button_Masuk' is clicked on

2023-10-03 13:51:16 - [MESSAGE][PASSED] - Object: 'Object Repository/Login/button_Masuk' is clicked on

2023-10-03 13:51:16 - [TEST_STEP][PASSED] - verifyElementPresent(findTestObject("Login/li_Profile"), 0): Object 'Object Repository/Login/li_Profile' is present

2023-10-03 13:51:16 - [MESSAGE][WARNING] - Timeout '0' is invalid. Using default page load timeout: '30'

2023-10-03 13:51:16 - [MESSAGE][PASSED] - Object 'Object Repository/Login/li_Profile' is present

2023-10-03 13:51:16 - [MESSAGE][PASSED] - Call Test Case 'Test Cases/T05 Jadi Kurir/LU-001' successfully

2023-10-03 13:51:17 - [TEST_STEP][PASSED] - click(findTestObject("Jadi kurir/a_Jadi Kurir")): Object: 'Object Repository/Jadi kurir/a_Jadi Kurir' is clicked on

2023-10-03 13:51:18 - [MESSAGE][PASSED] - Object: 'Object Repository/Jadi kurir/a_Jadi Kurir' is clicked on

2023-10-03 13:51:18 - [TEST_STEP][PASSED] - verifyElementPresent(findTestObject("Jadi kurir/li_Profile Kurir"), 0): Object 'Object Repository/Jadi kurir/li_Profile Kurir' is present

2023-10-03 13:51:18 - [MESSAGE][WARNING] - Timeout '0' is invalid. Using default page load timeout: '30'

2023-10-03 13:51:18 - [MESSAGE][PASSED] - Object 'Object Repository/Jadi kurir/li_Profile Kurir' is present

2023-10-03 13:51:18 - [MESSAGE][PASSED] - Call Test Case 'Test Cases/T05 Jadi Kurir/JK-001' successfully

2023-10-03 13:51:18 - [TEST_STEP][PASSED] - click(findTestObject("Jadi kurir/a_Daftar  Edit Data")): Object: 'Object Repository/Jadi kurir/a_Daftar  Edit Data' is clicked on

2023-10-03 13:51:19 - [MESSAGE][PASSED] - Object: 'Object Repository/Jadi kurir/a_Daftar  Edit Data' is clicked on

2023-10-03 13:51:19 - [TEST_STEP][PASSED] - verifyElementPresent(findTestObject("Jadi kurir/li_Profile Kurir"), 0): Object 'Object Repository/Jadi kurir/li_Profile Kurir' is present

2023-10-03 13:51:19 - [MESSAGE][WARNING] - Timeout '0' is invalid. Using default page load timeout: '30'

2023-10-03 13:51:20 - [MESSAGE][PASSED] - Object 'Object Repository/Jadi kurir/li_Profile Kurir' is present

2023-10-03 13:51:20 - [TEST_STEP][PASSED] - selectOptionByLabel(findTestObject("Jadi kurir/select_- Pilih Kendaraan -Roda 2Roda 4"), Jenis, false): All options with label 'Roda 4' are selected in object 'Object Repository/Jadi kurir/select_- Pilih Kendaraan -Roda 2Roda 4' 

2023-10-03 13:51:21 - [MESSAGE][PASSED] - All options with label 'Roda 4' are selected in object 'Object Repository/Jadi kurir/select_- Pilih Kendaraan -Roda 2Roda 4' 

2023-10-03 13:51:21 - [TEST_STEP][PASSED] - setText(findTestObject("Jadi kurir/input_Merek Kendaraan"), Merek_Kendaraan): Text 'toyota supra' is set on object 'Object Repository/Jadi kurir/input_Merek Kendaraan'

2023-10-03 13:51:21 - [MESSAGE][PASSED] - Text 'toyota supra' is set on object 'Object Repository/Jadi kurir/input_Merek Kendaraan'

2023-10-03 13:51:21 - [TEST_STEP][PASSED] - setText(findTestObject("Jadi kurir/input_Plat Nomor"), Plat_Nomor): Text 'AB 1 S' is set on object 'Object Repository/Jadi kurir/input_Plat Nomor'

2023-10-03 13:51:22 - [MESSAGE][PASSED] - Text 'AB 1 S' is set on object 'Object Repository/Jadi kurir/input_Plat Nomor'

2023-10-03 13:51:22 - [TEST_STEP][PASSED] - setText(findTestObject("Jadi kurir/textarea_Keterangan"), Keterangan): Text 'mau daftar dong bang' is set on object 'Object Repository/Jadi kurir/textarea_Keterangan'

2023-10-03 13:51:23 - [MESSAGE][PASSED] - Text 'mau daftar dong bang' is set on object 'Object Repository/Jadi kurir/textarea_Keterangan'

2023-10-03 13:51:23 - [TEST_STEP][PASSED] - waitForPageLoad(3): Wait for page load successfully

2023-10-03 13:51:23 - [MESSAGE][PASSED] - Wait for page load successfully

2023-10-03 13:51:23 - [TEST_STEP][PASSED] - delay(2): Delayed 2 second(s)

2023-10-03 13:51:25 - [MESSAGE][PASSED] - Delayed 2 second(s)

2023-10-03 13:51:25 - [TEST_STEP][PASSED] - uploadFile(findTestObject("Jadi kurir/input_Choose files_uploadFile"), Berkas): File 'C:\Users\IRFAN\Downloads\Berkas2.pdf' sent to object: 'Object Repository/Jadi kurir/input_Choose files_uploadFile'

2023-10-03 13:51:25 - [MESSAGE][PASSED] - File 'C:\Users\IRFAN\Downloads\Berkas2.pdf' sent to object: 'Object Repository/Jadi kurir/input_Choose files_uploadFile'

2023-10-03 13:51:25 - [TEST_STEP][PASSED] - delay(3): Delayed 3 second(s)

2023-10-03 13:51:29 - [MESSAGE][PASSED] - Delayed 3 second(s)

2023-10-03 13:51:29 - [TEST_STEP][PASSED] - click(findTestObject("Jadi kurir/button_Simpan Perubahan")): Object: 'Object Repository/Jadi kurir/button_Simpan Perubahan' is clicked on

2023-10-03 13:51:30 - [MESSAGE][PASSED] - Object: 'Object Repository/Jadi kurir/button_Simpan Perubahan' is clicked on

2023-10-03 13:51:30 - [TEST_STEP][PASSED] - verifyElementPresent(findTestObject("Jadi kurir/li_Profile Kurir"), 0): Object 'Object Repository/Jadi kurir/li_Profile Kurir' is present

2023-10-03 13:51:30 - [MESSAGE][WARNING] - Timeout '0' is invalid. Using default page load timeout: '30'

2023-10-03 13:51:31 - [MESSAGE][PASSED] - Object 'Object Repository/Jadi kurir/li_Profile Kurir' is present

2023-10-03 13:51:31 - [TEST_STEP][PASSED] - Hasil_Jenis = getText(findTestObject("Hasil Edit/div_Roda 4")): Text of object 'Object Repository/Hasil Edit/div_Roda 4' is: 'Roda 4'

2023-10-03 13:51:31 - [MESSAGE][PASSED] - Text of object 'Object Repository/Hasil Edit/div_Roda 4' is: 'Roda 4'

2023-10-03 13:51:31 - [TEST_STEP][PASSED] - Hasil_Merek = getText(findTestObject("Hasil Edit/div_toyota supra")): Text of object 'Object Repository/Hasil Edit/div_toyota supra' is: 'toyota supra'

2023-10-03 13:51:31 - [MESSAGE][PASSED] - Text of object 'Object Repository/Hasil Edit/div_toyota supra' is: 'toyota supra'

2023-10-03 13:51:31 - [TEST_STEP][PASSED] - Hasil_Plat = getText(findTestObject("Hasil Edit/div_AB 1 S")): Text of object 'Object Repository/Hasil Edit/div_AB 1 S' is: 'AB 1 S'

2023-10-03 13:51:32 - [MESSAGE][PASSED] - Text of object 'Object Repository/Hasil Edit/div_AB 1 S' is: 'AB 1 S'

2023-10-03 13:51:32 - [TEST_STEP][PASSED] - Hasil_Ket = getText(findTestObject("Hasil Edit/div_mau daftar dong bang")): Text of object 'Object Repository/Hasil Edit/div_mau daftar dong bang' is: 'mau daftar dong bang'

2023-10-03 13:51:32 - [MESSAGE][PASSED] - Text of object 'Object Repository/Hasil Edit/div_mau daftar dong bang' is: 'mau daftar dong bang'

2023-10-03 13:51:32 - [TEST_STEP][PASSED] - berkas1 = getAttribute(findTestObject("Object Repository/Hasil Edit/Hasil edit berkas"), "href").split("/"): Attribute 'href' of object 'Object Repository/Hasil Edit/Hasil edit berkas' is: 'https://10.9.2.63/ecommerce/members/download_file/images/Berkas226.pdf'

2023-10-03 13:51:32 - [MESSAGE][PASSED] - Attribute 'href' of object 'Object Repository/Hasil Edit/Hasil edit berkas' is: 'https://10.9.2.63/ecommerce/members/download_file/images/Berkas226.pdf'

2023-10-03 13:51:33 - [TEST_STEP][PASSED] - println(berkas1): null

2023-10-03 13:51:33 - [TEST_STEP][PASSED] - berkasUrl = size() - 1].replace(".pdf", ""): null

2023-10-03 13:51:33 - [TEST_STEP][PASSED] - println(berkasUrl): null

2023-10-03 13:51:33 - [TEST_STEP][PASSED] - berkas_sebelumEdit = Berkas.split("\\"): null

2023-10-03 13:51:33 - [TEST_STEP][PASSED] - println(berkas_sebelumEdit): null

2023-10-03 13:51:33 - [TEST_STEP][PASSED] - urlBerkas = size() - 1].replace(".pdf", ""): null

2023-10-03 13:51:33 - [TEST_STEP][PASSED] - println(urlBerkas): null

2023-10-03 13:51:33 - [TEST_STEP][PASSED] - assert berkasUrl.contains(urlBerkas): null

2023-10-03 13:51:33 - [TEST_STEP][PASSED] - assert trim().equalsIgnoreCase(Jenis.trim()): null

2023-10-03 13:51:33 - [TEST_STEP][PASSED] - assert trim().equalsIgnoreCase(Merek_Kendaraan.trim()): null

2023-10-03 13:51:33 - [TEST_STEP][PASSED] - assert trim().equalsIgnoreCase(Plat_Nomor.trim()): null

2023-10-03 13:51:33 - [TEST_STEP][PASSED] - assert trim().equalsIgnoreCase(Keterangan.trim()): null]]></system-out>
         <system-err><![CDATA[]]></system-err>
      </testcase>
      <testcase name="Test Cases/T05 Jadi Kurir/JK-003" time="23.473" classname="Test Cases/T05 Jadi Kurir/JK-003" status="PASSED">
         <system-out><![CDATA[2023-10-03 13:51:33 - [TEST_CASE][PASSED] - Test Cases/T05 Jadi Kurir/JK-003: Test Cases/T05 Jadi Kurir/JK-003

2023-10-03 13:51:33 - [TEST_STEP][PASSED] - callTestCase(findTestCase("T05 Jadi Kurir/JK-001"), [:], STOP_ON_FAILURE): Call Test Case 'Test Cases/T05 Jadi Kurir/JK-001' successfully

2023-10-03 13:51:33 - [TEST_CASE][PASSED] - Test Cases/T05 Jadi Kurir/JK-001: Test Cases/T05 Jadi Kurir/JK-001

2023-10-03 13:51:33 - [TEST_STEP][PASSED] - callTestCase(findTestCase("T05 Jadi Kurir/LU-001"), ["username":"irfanafandi", "password":"12345irfan"], STOP_ON_FAILURE): Call Test Case 'Test Cases/T05 Jadi Kurir/LU-001' successfully

2023-10-03 13:51:33 - [TEST_CASE][PASSED] - Test Cases/T05 Jadi Kurir/LU-001: Test Cases/T05 Jadi Kurir/LU-001

2023-10-03 13:51:33 - [TEST_STEP][PASSED] - openBrowser("https://10.9.2.63/ecommerce/"): Browser is opened with url: 'https://10.9.2.63/ecommerce/'

2023-10-03 13:51:33 - [MESSAGE][WARNING] - A browser is already opened. Closing browser and opening a new one

2023-10-03 13:51:34 - [MESSAGE][INFO] - Starting 'Firefox' driver

2023-10-03 13:51:34 - [MESSAGE][INFO] - User set preference: ['args', '[--disable-notifications]']

2023-10-03 13:51:34 - [MESSAGE][INFO] - Action delay is set to 0 milliseconds

2023-10-03 13:51:40 - [MESSAGE][PASSED] - Browser is opened with url: 'https://10.9.2.63/ecommerce/'

2023-10-03 13:51:40 - [TEST_STEP][PASSED] - maximizeWindow(): Current window maximized

2023-10-03 13:51:40 - [MESSAGE][PASSED] - Current window maximized

2023-10-03 13:51:40 - [TEST_STEP][PASSED] - verifyElementPresent(findTestObject("Login/Home"), 0): Object 'Object Repository/Login/Home' is present

2023-10-03 13:51:40 - [MESSAGE][WARNING] - Timeout '0' is invalid. Using default page load timeout: '30'

2023-10-03 13:51:40 - [MESSAGE][PASSED] - Object 'Object Repository/Login/Home' is present

2023-10-03 13:51:40 - [TEST_STEP][PASSED] - click(findTestObject("Login/a_Login")): Object: 'Object Repository/Login/a_Login' is clicked on

2023-10-03 13:51:41 - [MESSAGE][PASSED] - Object: 'Object Repository/Login/a_Login' is clicked on

2023-10-03 13:51:41 - [TEST_STEP][PASSED] - verifyElementPresent(findTestObject("Login/Tittle Login"), 0): Object 'Object Repository/Login/Tittle Login' is present

2023-10-03 13:51:41 - [MESSAGE][WARNING] - Timeout '0' is invalid. Using default page load timeout: '30'

2023-10-03 13:51:42 - [MESSAGE][PASSED] - Object 'Object Repository/Login/Tittle Login' is present

2023-10-03 13:51:42 - [TEST_STEP][PASSED] - setText(findTestObject("Login/input_Username, Email atau No. Handphone_a"), username): Text 'irfanafandi' is set on object 'Object Repository/Login/input_Username, Email atau No. Handphone_a'

2023-10-03 13:51:42 - [MESSAGE][PASSED] - Text 'irfanafandi' is set on object 'Object Repository/Login/input_Username, Email atau No. Handphone_a'

2023-10-03 13:51:42 - [TEST_STEP][PASSED] - setText(findTestObject("Login/input_Password_b"), password): Text '12345irfan' is set on object 'Object Repository/Login/input_Password_b'

2023-10-03 13:51:43 - [MESSAGE][PASSED] - Text '12345irfan' is set on object 'Object Repository/Login/input_Password_b'

2023-10-03 13:51:43 - [TEST_STEP][PASSED] - click(findTestObject("Login/label_Ingat saya")): Object: 'Object Repository/Login/label_Ingat saya' is clicked on

2023-10-03 13:51:44 - [MESSAGE][PASSED] - Object: 'Object Repository/Login/label_Ingat saya' is clicked on

2023-10-03 13:51:44 - [TEST_STEP][PASSED] - click(findTestObject("Login/button_Masuk")): Object: 'Object Repository/Login/button_Masuk' is clicked on

2023-10-03 13:51:45 - [MESSAGE][PASSED] - Object: 'Object Repository/Login/button_Masuk' is clicked on

2023-10-03 13:51:45 - [TEST_STEP][PASSED] - verifyElementPresent(findTestObject("Login/li_Profile"), 0): Object 'Object Repository/Login/li_Profile' is present

2023-10-03 13:51:45 - [MESSAGE][WARNING] - Timeout '0' is invalid. Using default page load timeout: '30'

2023-10-03 13:51:46 - [MESSAGE][PASSED] - Object 'Object Repository/Login/li_Profile' is present

2023-10-03 13:51:46 - [MESSAGE][PASSED] - Call Test Case 'Test Cases/T05 Jadi Kurir/LU-001' successfully

2023-10-03 13:51:46 - [TEST_STEP][PASSED] - click(findTestObject("Jadi kurir/a_Jadi Kurir")): Object: 'Object Repository/Jadi kurir/a_Jadi Kurir' is clicked on

2023-10-03 13:51:47 - [MESSAGE][PASSED] - Object: 'Object Repository/Jadi kurir/a_Jadi Kurir' is clicked on

2023-10-03 13:51:47 - [TEST_STEP][PASSED] - verifyElementPresent(findTestObject("Jadi kurir/li_Profile Kurir"), 0): Object 'Object Repository/Jadi kurir/li_Profile Kurir' is present

2023-10-03 13:51:47 - [MESSAGE][WARNING] - Timeout '0' is invalid. Using default page load timeout: '30'

2023-10-03 13:51:48 - [MESSAGE][PASSED] - Object 'Object Repository/Jadi kurir/li_Profile Kurir' is present

2023-10-03 13:51:48 - [MESSAGE][PASSED] - Call Test Case 'Test Cases/T05 Jadi Kurir/JK-001' successfully

2023-10-03 13:51:48 - [TEST_STEP][PASSED] - click(findTestObject("Jadi kurir/a_Daftar  Edit Data")): Object: 'Object Repository/Jadi kurir/a_Daftar  Edit Data' is clicked on

2023-10-03 13:51:49 - [MESSAGE][PASSED] - Object: 'Object Repository/Jadi kurir/a_Daftar  Edit Data' is clicked on

2023-10-03 13:51:49 - [TEST_STEP][PASSED] - verifyElementPresent(findTestObject("Jadi kurir/li_Profile Kurir"), 0): Object 'Object Repository/Jadi kurir/li_Profile Kurir' is present

2023-10-03 13:51:49 - [MESSAGE][WARNING] - Timeout '0' is invalid. Using default page load timeout: '30'

2023-10-03 13:51:50 - [MESSAGE][PASSED] - Object 'Object Repository/Jadi kurir/li_Profile Kurir' is present

2023-10-03 13:51:50 - [TEST_STEP][PASSED] - selectOptionByValue(findTestObject("Jadi kurir/select_- Pilih Kendaraan -Roda 2Roda 4"), Jenis, false): All options with value '0' are selected in object 'Object Repository/Jadi kurir/select_- Pilih Kendaraan -Roda 2Roda 4' 

2023-10-03 13:51:51 - [MESSAGE][PASSED] - All options with value '0' are selected in object 'Object Repository/Jadi kurir/select_- Pilih Kendaraan -Roda 2Roda 4' 

2023-10-03 13:51:51 - [TEST_STEP][PASSED] - setText(findTestObject("Jadi kurir/input_Merek Kendaraan"), Merek_Kendaraan): Text 'toyota supra' is set on object 'Object Repository/Jadi kurir/input_Merek Kendaraan'

2023-10-03 13:51:51 - [MESSAGE][PASSED] - Text 'toyota supra' is set on object 'Object Repository/Jadi kurir/input_Merek Kendaraan'

2023-10-03 13:51:51 - [TEST_STEP][PASSED] - setText(findTestObject("Jadi kurir/input_Plat Nomor"), Plat_Nomor): Text 'AB 1 S' is set on object 'Object Repository/Jadi kurir/input_Plat Nomor'

2023-10-03 13:51:52 - [MESSAGE][PASSED] - Text 'AB 1 S' is set on object 'Object Repository/Jadi kurir/input_Plat Nomor'

2023-10-03 13:51:52 - [TEST_STEP][PASSED] - setText(findTestObject("Jadi kurir/textarea_Keterangan"), Keterangan): Text 'mau daftar dong bang' is set on object 'Object Repository/Jadi kurir/textarea_Keterangan'

2023-10-03 13:51:53 - [MESSAGE][PASSED] - Text 'mau daftar dong bang' is set on object 'Object Repository/Jadi kurir/textarea_Keterangan'

2023-10-03 13:51:53 - [TEST_STEP][PASSED] - uploadFile(findTestObject("Jadi kurir/input_Choose files_uploadFile"), berkas): File 'C:\Users\IRFAN\Downloads\Berkas2.pdf' sent to object: 'Object Repository/Jadi kurir/input_Choose files_uploadFile'

2023-10-03 13:51:53 - [MESSAGE][PASSED] - File 'C:\Users\IRFAN\Downloads\Berkas2.pdf' sent to object: 'Object Repository/Jadi kurir/input_Choose files_uploadFile'

2023-10-03 13:51:53 - [TEST_STEP][PASSED] - click(findTestObject("Jadi kurir/button_Simpan Perubahan")): Object: 'Object Repository/Jadi kurir/button_Simpan Perubahan' is clicked on

2023-10-03 13:51:55 - [MESSAGE][PASSED] - Object: 'Object Repository/Jadi kurir/button_Simpan Perubahan' is clicked on

2023-10-03 13:51:55 - [TEST_STEP][PASSED] - verifyElementPresent(findTestObject("Hasil Edit/Massage"), 0): Object 'Object Repository/Hasil Edit/Massage' is present

2023-10-03 13:51:55 - [MESSAGE][WARNING] - Timeout '0' is invalid. Using default page load timeout: '30'

2023-10-03 13:51:56 - [MESSAGE][PASSED] - Object 'Object Repository/Hasil Edit/Massage' is present]]></system-out>
         <system-err><![CDATA[]]></system-err>
      </testcase>
      <testcase name="Test Cases/T05 Jadi Kurir/JK-004" time="21.108" classname="Test Cases/T05 Jadi Kurir/JK-004" status="PASSED">
         <system-out><![CDATA[2023-10-03 13:51:56 - [TEST_CASE][PASSED] - Test Cases/T05 Jadi Kurir/JK-004: Test Cases/T05 Jadi Kurir/JK-004

2023-10-03 13:51:57 - [TEST_STEP][PASSED] - callTestCase(findTestCase("T05 Jadi Kurir/JK-001"), [:], STOP_ON_FAILURE): Call Test Case 'Test Cases/T05 Jadi Kurir/JK-001' successfully

2023-10-03 13:51:57 - [TEST_CASE][PASSED] - Test Cases/T05 Jadi Kurir/JK-001: Test Cases/T05 Jadi Kurir/JK-001

2023-10-03 13:51:57 - [TEST_STEP][PASSED] - callTestCase(findTestCase("T05 Jadi Kurir/LU-001"), ["username":"irfanafandi", "password":"12345irfan"], STOP_ON_FAILURE): Call Test Case 'Test Cases/T05 Jadi Kurir/LU-001' successfully

2023-10-03 13:51:57 - [TEST_CASE][PASSED] - Test Cases/T05 Jadi Kurir/LU-001: Test Cases/T05 Jadi Kurir/LU-001

2023-10-03 13:51:57 - [TEST_STEP][PASSED] - openBrowser("https://10.9.2.63/ecommerce/"): Browser is opened with url: 'https://10.9.2.63/ecommerce/'

2023-10-03 13:51:57 - [MESSAGE][WARNING] - A browser is already opened. Closing browser and opening a new one

2023-10-03 13:51:58 - [MESSAGE][INFO] - Starting 'Firefox' driver

2023-10-03 13:51:58 - [MESSAGE][INFO] - User set preference: ['args', '[--disable-notifications]']

2023-10-03 13:51:58 - [MESSAGE][INFO] - Action delay is set to 0 milliseconds

2023-10-03 13:52:04 - [MESSAGE][PASSED] - Browser is opened with url: 'https://10.9.2.63/ecommerce/'

2023-10-03 13:52:04 - [TEST_STEP][PASSED] - maximizeWindow(): Current window maximized

2023-10-03 13:52:04 - [MESSAGE][PASSED] - Current window maximized

2023-10-03 13:52:04 - [TEST_STEP][PASSED] - verifyElementPresent(findTestObject("Login/Home"), 0): Object 'Object Repository/Login/Home' is present

2023-10-03 13:52:04 - [MESSAGE][WARNING] - Timeout '0' is invalid. Using default page load timeout: '30'

2023-10-03 13:52:04 - [MESSAGE][PASSED] - Object 'Object Repository/Login/Home' is present

2023-10-03 13:52:04 - [TEST_STEP][PASSED] - click(findTestObject("Login/a_Login")): Object: 'Object Repository/Login/a_Login' is clicked on

2023-10-03 13:52:05 - [MESSAGE][PASSED] - Object: 'Object Repository/Login/a_Login' is clicked on

2023-10-03 13:52:05 - [TEST_STEP][PASSED] - verifyElementPresent(findTestObject("Login/Tittle Login"), 0): Object 'Object Repository/Login/Tittle Login' is present

2023-10-03 13:52:05 - [MESSAGE][WARNING] - Timeout '0' is invalid. Using default page load timeout: '30'

2023-10-03 13:52:05 - [MESSAGE][PASSED] - Object 'Object Repository/Login/Tittle Login' is present

2023-10-03 13:52:05 - [TEST_STEP][PASSED] - setText(findTestObject("Login/input_Username, Email atau No. Handphone_a"), username): Text 'irfanafandi' is set on object 'Object Repository/Login/input_Username, Email atau No. Handphone_a'

2023-10-03 13:52:06 - [MESSAGE][PASSED] - Text 'irfanafandi' is set on object 'Object Repository/Login/input_Username, Email atau No. Handphone_a'

2023-10-03 13:52:06 - [TEST_STEP][PASSED] - setText(findTestObject("Login/input_Password_b"), password): Text '12345irfan' is set on object 'Object Repository/Login/input_Password_b'

2023-10-03 13:52:07 - [MESSAGE][PASSED] - Text '12345irfan' is set on object 'Object Repository/Login/input_Password_b'

2023-10-03 13:52:07 - [TEST_STEP][PASSED] - click(findTestObject("Login/label_Ingat saya")): Object: 'Object Repository/Login/label_Ingat saya' is clicked on

2023-10-03 13:52:07 - [MESSAGE][PASSED] - Object: 'Object Repository/Login/label_Ingat saya' is clicked on

2023-10-03 13:52:07 - [TEST_STEP][PASSED] - click(findTestObject("Login/button_Masuk")): Object: 'Object Repository/Login/button_Masuk' is clicked on

2023-10-03 13:52:08 - [MESSAGE][PASSED] - Object: 'Object Repository/Login/button_Masuk' is clicked on

2023-10-03 13:52:08 - [TEST_STEP][PASSED] - verifyElementPresent(findTestObject("Login/li_Profile"), 0): Object 'Object Repository/Login/li_Profile' is present

2023-10-03 13:52:09 - [MESSAGE][WARNING] - Timeout '0' is invalid. Using default page load timeout: '30'

2023-10-03 13:52:09 - [MESSAGE][PASSED] - Object 'Object Repository/Login/li_Profile' is present

2023-10-03 13:52:09 - [MESSAGE][PASSED] - Call Test Case 'Test Cases/T05 Jadi Kurir/LU-001' successfully

2023-10-03 13:52:09 - [TEST_STEP][PASSED] - click(findTestObject("Jadi kurir/a_Jadi Kurir")): Object: 'Object Repository/Jadi kurir/a_Jadi Kurir' is clicked on

2023-10-03 13:52:10 - [MESSAGE][PASSED] - Object: 'Object Repository/Jadi kurir/a_Jadi Kurir' is clicked on

2023-10-03 13:52:10 - [TEST_STEP][PASSED] - verifyElementPresent(findTestObject("Jadi kurir/li_Profile Kurir"), 0): Object 'Object Repository/Jadi kurir/li_Profile Kurir' is present

2023-10-03 13:52:10 - [MESSAGE][WARNING] - Timeout '0' is invalid. Using default page load timeout: '30'

2023-10-03 13:52:11 - [MESSAGE][PASSED] - Object 'Object Repository/Jadi kurir/li_Profile Kurir' is present

2023-10-03 13:52:11 - [MESSAGE][PASSED] - Call Test Case 'Test Cases/T05 Jadi Kurir/JK-001' successfully

2023-10-03 13:52:11 - [TEST_STEP][PASSED] - click(findTestObject("Jadi kurir/a_Daftar  Edit Data")): Object: 'Object Repository/Jadi kurir/a_Daftar  Edit Data' is clicked on

2023-10-03 13:52:12 - [MESSAGE][PASSED] - Object: 'Object Repository/Jadi kurir/a_Daftar  Edit Data' is clicked on

2023-10-03 13:52:12 - [TEST_STEP][PASSED] - verifyElementPresent(findTestObject("Jadi kurir/li_Profile Kurir"), 0): Object 'Object Repository/Jadi kurir/li_Profile Kurir' is present

2023-10-03 13:52:12 - [MESSAGE][WARNING] - Timeout '0' is invalid. Using default page load timeout: '30'

2023-10-03 13:52:13 - [MESSAGE][PASSED] - Object 'Object Repository/Jadi kurir/li_Profile Kurir' is present

2023-10-03 13:52:13 - [TEST_STEP][PASSED] - selectOptionByValue(findTestObject("Jadi kurir/select_- Pilih Kendaraan -Roda 2Roda 4"), Jenis, false): All options with value '2' are selected in object 'Object Repository/Jadi kurir/select_- Pilih Kendaraan -Roda 2Roda 4' 

2023-10-03 13:52:14 - [MESSAGE][PASSED] - All options with value '2' are selected in object 'Object Repository/Jadi kurir/select_- Pilih Kendaraan -Roda 2Roda 4' 

2023-10-03 13:52:14 - [TEST_STEP][PASSED] - clearText(findTestObject("Jadi kurir/input_Merek Kendaraan")): Text of object 'Object Repository/Jadi kurir/input_Merek Kendaraan' is cleared

2023-10-03 13:52:14 - [MESSAGE][PASSED] - Text of object 'Object Repository/Jadi kurir/input_Merek Kendaraan' is cleared

2023-10-03 13:52:14 - [TEST_STEP][PASSED] - setText(findTestObject("Jadi kurir/input_Plat Nomor"), Plat_Nomor): Text 'AB 1 S' is set on object 'Object Repository/Jadi kurir/input_Plat Nomor'

2023-10-03 13:52:15 - [MESSAGE][PASSED] - Text 'AB 1 S' is set on object 'Object Repository/Jadi kurir/input_Plat Nomor'

2023-10-03 13:52:15 - [TEST_STEP][PASSED] - setText(findTestObject("Jadi kurir/textarea_Keterangan"), Keterangan): Text 'mau daftar dong bang' is set on object 'Object Repository/Jadi kurir/textarea_Keterangan'

2023-10-03 13:52:15 - [MESSAGE][PASSED] - Text 'mau daftar dong bang' is set on object 'Object Repository/Jadi kurir/textarea_Keterangan'

2023-10-03 13:52:15 - [TEST_STEP][PASSED] - uploadFile(findTestObject("Jadi kurir/input_Choose files_uploadFile"), "C:\Users\IRFAN\Downloads\KTP.jpg"): File 'C:\Users\IRFAN\Downloads\KTP.jpg' sent to object: 'Object Repository/Jadi kurir/input_Choose files_uploadFile'

2023-10-03 13:52:16 - [MESSAGE][PASSED] - File 'C:\Users\IRFAN\Downloads\KTP.jpg' sent to object: 'Object Repository/Jadi kurir/input_Choose files_uploadFile'

2023-10-03 13:52:16 - [TEST_STEP][PASSED] - click(findTestObject("Jadi kurir/button_Simpan Perubahan")): Object: 'Object Repository/Jadi kurir/button_Simpan Perubahan' is clicked on

2023-10-03 13:52:17 - [MESSAGE][PASSED] - Object: 'Object Repository/Jadi kurir/button_Simpan Perubahan' is clicked on

2023-10-03 13:52:17 - [TEST_STEP][PASSED] - webDriver = getWebDriver(): null

2023-10-03 13:52:17 - [TEST_STEP][PASSED] - Merek = webDriver.findElement(By.xpath("//input[@name="merek"]")): null

2023-10-03 13:52:17 - [TEST_STEP][PASSED] - error_message = webDriver.executeScript("return arguments[0].validationMessage", Merek): null

2023-10-03 13:52:17 - [TEST_STEP][PASSED] - println(error_message): null

2023-10-03 13:52:17 - [TEST_STEP][PASSED] - assert error_message == "Please fill out this field.": null]]></system-out>
         <system-err><![CDATA[]]></system-err>
      </testcase>
      <testcase name="Test Cases/T05 Jadi Kurir/JK-005" time="23.22" classname="Test Cases/T05 Jadi Kurir/JK-005" status="FAILED">
         <failure type="FAILED" message="Test Cases/T05 Jadi Kurir/JK-005 FAILED.
Reason:
com.kms.katalon.core.exception.StepFailedException: Unable to verify text 'Please fill in the correct column.' is present 
	at com.kms.katalon.core.webui.keyword.internal.WebUIKeywordMain.stepFailed(WebUIKeywordMain.groovy:64)
	at com.kms.katalon.core.webui.keyword.internal.WebUIKeywordMain.runKeyword(WebUIKeywordMain.groovy:26)
	at com.kms.katalon.core.webui.keyword.builtin.VerifyTextPresentKeyword.verifyTextPresent(VerifyTextPresentKeyword.groovy:83)
	at com.kms.katalon.core.webui.keyword.builtin.VerifyTextPresentKeyword.execute(VerifyTextPresentKeyword.groovy:68)
	at com.kms.katalon.core.keyword.internal.KeywordExecutor.executeKeywordForPlatform(KeywordExecutor.groovy:74)
	at com.kms.katalon.core.webui.keyword.WebUiBuiltInKeywords.verifyTextPresent(WebUiBuiltInKeywords.groovy:1723)
	at com.kms.katalon.core.webui.keyword.WebUiBuiltInKeywords$verifyTextPresent$11.call(Unknown Source)
	at JK-005.run(JK-005:42)
	at com.kms.katalon.core.main.ScriptEngine.run(ScriptEngine.java:194)
	at com.kms.katalon.core.main.ScriptEngine.runScriptAsRawText(ScriptEngine.java:119)
	at com.kms.katalon.core.main.TestCaseExecutor.runScript(TestCaseExecutor.java:448)
	at com.kms.katalon.core.main.TestCaseExecutor.doExecute(TestCaseExecutor.java:439)
	at com.kms.katalon.core.main.TestCaseExecutor.processExecutionPhase(TestCaseExecutor.java:418)
	at com.kms.katalon.core.main.TestCaseExecutor.accessMainPhase(TestCaseExecutor.java:410)
	at com.kms.katalon.core.main.TestCaseExecutor.execute(TestCaseExecutor.java:285)
	at com.kms.katalon.core.common.CommonExecutor.accessTestCaseMainPhase(CommonExecutor.java:65)
	at com.kms.katalon.core.main.TestSuiteExecutor.accessTestSuiteMainPhase(TestSuiteExecutor.java:148)
	at com.kms.katalon.core.main.TestSuiteExecutor.execute(TestSuiteExecutor.java:106)
	at com.kms.katalon.core.main.TestCaseMain.startTestSuite(TestCaseMain.java:187)
	at com.kms.katalon.core.main.TestCaseMain$startTestSuite$0.call(Unknown Source)
	at TempTestSuite1696315841836.run(TempTestSuite1696315841836.groovy:36)
Caused by: com.kms.katalon.core.exception.StepFailedException: Text 'Please fill in the correct column.' is not present on page 
	at com.kms.katalon.core.webui.keyword.internal.WebUIKeywordMain.stepFailed(WebUIKeywordMain.groovy:64)
	at com.kms.katalon.core.webui.keyword.builtin.VerifyTextPresentKeyword$_verifyTextPresent_closure1.doCall(VerifyTextPresentKeyword.groovy:79)
	at com.kms.katalon.core.webui.keyword.builtin.VerifyTextPresentKeyword$_verifyTextPresent_closure1.call(VerifyTextPresentKeyword.groovy)
	at com.kms.katalon.core.webui.keyword.internal.WebUIKeywordMain.runKeyword(WebUIKeywordMain.groovy:20)
	... 19 more
"/>
         <system-out><![CDATA[2023-10-03 13:52:17 - [TEST_CASE][FAILED] - Test Cases/T05 Jadi Kurir/JK-005: Test Cases/T05 Jadi Kurir/JK-005 FAILED.
Reason:
com.kms.katalon.core.exception.StepFailedException: Unable to verify text 'Please fill in the correct column.' is present 
	at com.kms.katalon.core.webui.keyword.internal.WebUIKeywordMain.stepFailed(WebUIKeywordMain.groovy:64)
	at com.kms.katalon.core.webui.keyword.internal.WebUIKeywordMain.runKeyword(WebUIKeywordMain.groovy:26)
	at com.kms.katalon.core.webui.keyword.builtin.VerifyTextPresentKeyword.verifyTextPresent(VerifyTextPresentKeyword.groovy:83)
	at com.kms.katalon.core.webui.keyword.builtin.VerifyTextPresentKeyword.execute(VerifyTextPresentKeyword.groovy:68)
	at com.kms.katalon.core.keyword.internal.KeywordExecutor.executeKeywordForPlatform(KeywordExecutor.groovy:74)
	at com.kms.katalon.core.webui.keyword.WebUiBuiltInKeywords.verifyTextPresent(WebUiBuiltInKeywords.groovy:1723)
	at com.kms.katalon.core.webui.keyword.WebUiBuiltInKeywords$verifyTextPresent$11.call(Unknown Source)
	at JK-005.run(JK-005:42)
	at com.kms.katalon.core.main.ScriptEngine.run(ScriptEngine.java:194)
	at com.kms.katalon.core.main.ScriptEngine.runScriptAsRawText(ScriptEngine.java:119)
	at com.kms.katalon.core.main.TestCaseExecutor.runScript(TestCaseExecutor.java:448)
	at com.kms.katalon.core.main.TestCaseExecutor.doExecute(TestCaseExecutor.java:439)
	at com.kms.katalon.core.main.TestCaseExecutor.processExecutionPhase(TestCaseExecutor.java:418)
	at com.kms.katalon.core.main.TestCaseExecutor.accessMainPhase(TestCaseExecutor.java:410)
	at com.kms.katalon.core.main.TestCaseExecutor.execute(TestCaseExecutor.java:285)
	at com.kms.katalon.core.common.CommonExecutor.accessTestCaseMainPhase(CommonExecutor.java:65)
	at com.kms.katalon.core.main.TestSuiteExecutor.accessTestSuiteMainPhase(TestSuiteExecutor.java:148)
	at com.kms.katalon.core.main.TestSuiteExecutor.execute(TestSuiteExecutor.java:106)
	at com.kms.katalon.core.main.TestCaseMain.startTestSuite(TestCaseMain.java:187)
	at com.kms.katalon.core.main.TestCaseMain$startTestSuite$0.call(Unknown Source)
	at TempTestSuite1696315841836.run(TempTestSuite1696315841836.groovy:36)
Caused by: com.kms.katalon.core.exception.StepFailedException: Text 'Please fill in the correct column.' is not present on page 
	at com.kms.katalon.core.webui.keyword.internal.WebUIKeywordMain.stepFailed(WebUIKeywordMain.groovy:64)
	at com.kms.katalon.core.webui.keyword.builtin.VerifyTextPresentKeyword$_verifyTextPresent_closure1.doCall(VerifyTextPresentKeyword.groovy:79)
	at com.kms.katalon.core.webui.keyword.builtin.VerifyTextPresentKeyword$_verifyTextPresent_closure1.call(VerifyTextPresentKeyword.groovy)
	at com.kms.katalon.core.webui.keyword.internal.WebUIKeywordMain.runKeyword(WebUIKeywordMain.groovy:20)
	... 19 more


2023-10-03 13:52:18 - [TEST_STEP][PASSED] - callTestCase(findTestCase("T05 Jadi Kurir/JK-001"), [:], STOP_ON_FAILURE): Call Test Case 'Test Cases/T05 Jadi Kurir/JK-001' successfully

2023-10-03 13:52:18 - [TEST_CASE][PASSED] - Test Cases/T05 Jadi Kurir/JK-001: Test Cases/T05 Jadi Kurir/JK-001

2023-10-03 13:52:18 - [TEST_STEP][PASSED] - callTestCase(findTestCase("T05 Jadi Kurir/LU-001"), ["username":"irfanafandi", "password":"12345irfan"], STOP_ON_FAILURE): Call Test Case 'Test Cases/T05 Jadi Kurir/LU-001' successfully

2023-10-03 13:52:18 - [TEST_CASE][PASSED] - Test Cases/T05 Jadi Kurir/LU-001: Test Cases/T05 Jadi Kurir/LU-001

2023-10-03 13:52:18 - [TEST_STEP][PASSED] - openBrowser("https://10.9.2.63/ecommerce/"): Browser is opened with url: 'https://10.9.2.63/ecommerce/'

2023-10-03 13:52:18 - [MESSAGE][WARNING] - A browser is already opened. Closing browser and opening a new one

2023-10-03 13:52:19 - [MESSAGE][INFO] - Starting 'Firefox' driver

2023-10-03 13:52:19 - [MESSAGE][INFO] - User set preference: ['args', '[--disable-notifications]']

2023-10-03 13:52:19 - [MESSAGE][INFO] - Action delay is set to 0 milliseconds

2023-10-03 13:52:25 - [MESSAGE][PASSED] - Browser is opened with url: 'https://10.9.2.63/ecommerce/'

2023-10-03 13:52:25 - [TEST_STEP][PASSED] - maximizeWindow(): Current window maximized

2023-10-03 13:52:25 - [MESSAGE][PASSED] - Current window maximized

2023-10-03 13:52:25 - [TEST_STEP][PASSED] - verifyElementPresent(findTestObject("Login/Home"), 0): Object 'Object Repository/Login/Home' is present

2023-10-03 13:52:25 - [MESSAGE][WARNING] - Timeout '0' is invalid. Using default page load timeout: '30'

2023-10-03 13:52:25 - [MESSAGE][PASSED] - Object 'Object Repository/Login/Home' is present

2023-10-03 13:52:25 - [TEST_STEP][PASSED] - click(findTestObject("Login/a_Login")): Object: 'Object Repository/Login/a_Login' is clicked on

2023-10-03 13:52:26 - [MESSAGE][PASSED] - Object: 'Object Repository/Login/a_Login' is clicked on

2023-10-03 13:52:26 - [TEST_STEP][PASSED] - verifyElementPresent(findTestObject("Login/Tittle Login"), 0): Object 'Object Repository/Login/Tittle Login' is present

2023-10-03 13:52:26 - [MESSAGE][WARNING] - Timeout '0' is invalid. Using default page load timeout: '30'

2023-10-03 13:52:26 - [MESSAGE][PASSED] - Object 'Object Repository/Login/Tittle Login' is present

2023-10-03 13:52:26 - [TEST_STEP][PASSED] - setText(findTestObject("Login/input_Username, Email atau No. Handphone_a"), username): Text 'irfanafandi' is set on object 'Object Repository/Login/input_Username, Email atau No. Handphone_a'

2023-10-03 13:52:27 - [MESSAGE][PASSED] - Text 'irfanafandi' is set on object 'Object Repository/Login/input_Username, Email atau No. Handphone_a'

2023-10-03 13:52:27 - [TEST_STEP][PASSED] - setText(findTestObject("Login/input_Password_b"), password): Text '12345irfan' is set on object 'Object Repository/Login/input_Password_b'

2023-10-03 13:52:28 - [MESSAGE][PASSED] - Text '12345irfan' is set on object 'Object Repository/Login/input_Password_b'

2023-10-03 13:52:28 - [TEST_STEP][PASSED] - click(findTestObject("Login/label_Ingat saya")): Object: 'Object Repository/Login/label_Ingat saya' is clicked on

2023-10-03 13:52:29 - [MESSAGE][PASSED] - Object: 'Object Repository/Login/label_Ingat saya' is clicked on

2023-10-03 13:52:29 - [TEST_STEP][PASSED] - click(findTestObject("Login/button_Masuk")): Object: 'Object Repository/Login/button_Masuk' is clicked on

2023-10-03 13:52:30 - [MESSAGE][PASSED] - Object: 'Object Repository/Login/button_Masuk' is clicked on

2023-10-03 13:52:30 - [TEST_STEP][PASSED] - verifyElementPresent(findTestObject("Login/li_Profile"), 0): Object 'Object Repository/Login/li_Profile' is present

2023-10-03 13:52:30 - [MESSAGE][WARNING] - Timeout '0' is invalid. Using default page load timeout: '30'

2023-10-03 13:52:31 - [MESSAGE][PASSED] - Object 'Object Repository/Login/li_Profile' is present

2023-10-03 13:52:31 - [MESSAGE][PASSED] - Call Test Case 'Test Cases/T05 Jadi Kurir/LU-001' successfully

2023-10-03 13:52:31 - [TEST_STEP][PASSED] - click(findTestObject("Jadi kurir/a_Jadi Kurir")): Object: 'Object Repository/Jadi kurir/a_Jadi Kurir' is clicked on

2023-10-03 13:52:32 - [MESSAGE][PASSED] - Object: 'Object Repository/Jadi kurir/a_Jadi Kurir' is clicked on

2023-10-03 13:52:32 - [TEST_STEP][PASSED] - verifyElementPresent(findTestObject("Jadi kurir/li_Profile Kurir"), 0): Object 'Object Repository/Jadi kurir/li_Profile Kurir' is present

2023-10-03 13:52:32 - [MESSAGE][WARNING] - Timeout '0' is invalid. Using default page load timeout: '30'

2023-10-03 13:52:32 - [MESSAGE][PASSED] - Object 'Object Repository/Jadi kurir/li_Profile Kurir' is present

2023-10-03 13:52:32 - [MESSAGE][PASSED] - Call Test Case 'Test Cases/T05 Jadi Kurir/JK-001' successfully

2023-10-03 13:52:32 - [TEST_STEP][PASSED] - click(findTestObject("Jadi kurir/a_Daftar  Edit Data")): Object: 'Object Repository/Jadi kurir/a_Daftar  Edit Data' is clicked on

2023-10-03 13:52:33 - [MESSAGE][PASSED] - Object: 'Object Repository/Jadi kurir/a_Daftar  Edit Data' is clicked on

2023-10-03 13:52:33 - [TEST_STEP][PASSED] - verifyElementPresent(findTestObject("Jadi kurir/li_Profile Kurir"), 0): Object 'Object Repository/Jadi kurir/li_Profile Kurir' is present

2023-10-03 13:52:33 - [MESSAGE][WARNING] - Timeout '0' is invalid. Using default page load timeout: '30'

2023-10-03 13:52:34 - [MESSAGE][PASSED] - Object 'Object Repository/Jadi kurir/li_Profile Kurir' is present

2023-10-03 13:52:34 - [TEST_STEP][PASSED] - selectOptionByValue(findTestObject("Jadi kurir/select_- Pilih Kendaraan -Roda 2Roda 4"), Jenis, false): All options with value '2' are selected in object 'Object Repository/Jadi kurir/select_- Pilih Kendaraan -Roda 2Roda 4' 

2023-10-03 13:52:35 - [MESSAGE][PASSED] - All options with value '2' are selected in object 'Object Repository/Jadi kurir/select_- Pilih Kendaraan -Roda 2Roda 4' 

2023-10-03 13:52:35 - [TEST_STEP][PASSED] - setText(findTestObject("Jadi kurir/input_Merek Kendaraan"), Merek_Kendaraan): Text '@@' is set on object 'Object Repository/Jadi kurir/input_Merek Kendaraan'

2023-10-03 13:52:36 - [MESSAGE][PASSED] - Text '@@' is set on object 'Object Repository/Jadi kurir/input_Merek Kendaraan'

2023-10-03 13:52:36 - [TEST_STEP][PASSED] - setText(findTestObject("Jadi kurir/input_Plat Nomor"), Plat_Nomor): Text 'AB 1 S' is set on object 'Object Repository/Jadi kurir/input_Plat Nomor'

2023-10-03 13:52:37 - [MESSAGE][PASSED] - Text 'AB 1 S' is set on object 'Object Repository/Jadi kurir/input_Plat Nomor'

2023-10-03 13:52:37 - [TEST_STEP][PASSED] - setText(findTestObject("Jadi kurir/textarea_Keterangan"), Keterangan): Text 'mau daftar dong bang' is set on object 'Object Repository/Jadi kurir/textarea_Keterangan'

2023-10-03 13:52:37 - [MESSAGE][PASSED] - Text 'mau daftar dong bang' is set on object 'Object Repository/Jadi kurir/textarea_Keterangan'

2023-10-03 13:52:37 - [TEST_STEP][PASSED] - uploadFile(findTestObject("Jadi kurir/input_Choose files_uploadFile"), Berkas): File 'C:\Users\IRFAN\Downloads\Berkas2.pdf' sent to object: 'Object Repository/Jadi kurir/input_Choose files_uploadFile'

2023-10-03 13:52:38 - [MESSAGE][PASSED] - File 'C:\Users\IRFAN\Downloads\Berkas2.pdf' sent to object: 'Object Repository/Jadi kurir/input_Choose files_uploadFile'

2023-10-03 13:52:38 - [TEST_STEP][PASSED] - click(findTestObject("Jadi kurir/button_Simpan Perubahan")): Object: 'Object Repository/Jadi kurir/button_Simpan Perubahan' is clicked on

2023-10-03 13:52:40 - [MESSAGE][PASSED] - Object: 'Object Repository/Jadi kurir/button_Simpan Perubahan' is clicked on

2023-10-03 13:52:40 - [TEST_STEP][FAILED] - verifyTextPresent("Please fill in the correct column.", false): Unable to verify text 'Please fill in the correct column.' is present  (Root cause: com.kms.katalon.core.exception.StepFailedException: Unable to verify text 'Please fill in the correct column.' is present 
	at com.kms.katalon.core.webui.keyword.internal.WebUIKeywordMain.stepFailed(WebUIKeywordMain.groovy:64)
	at com.kms.katalon.core.webui.keyword.internal.WebUIKeywordMain.runKeyword(WebUIKeywordMain.groovy:26)
	at com.kms.katalon.core.webui.keyword.builtin.VerifyTextPresentKeyword.verifyTextPresent(VerifyTextPresentKeyword.groovy:83)
	at com.kms.katalon.core.webui.keyword.builtin.VerifyTextPresentKeyword.execute(VerifyTextPresentKeyword.groovy:68)
	at com.kms.katalon.core.keyword.internal.KeywordExecutor.executeKeywordForPlatform(KeywordExecutor.groovy:74)
	at com.kms.katalon.core.webui.keyword.WebUiBuiltInKeywords.verifyTextPresent(WebUiBuiltInKeywords.groovy:1723)
	at com.kms.katalon.core.webui.keyword.WebUiBuiltInKeywords$verifyTextPresent$11.call(Unknown Source)
	at JK-005.run(JK-005:42)
	at com.kms.katalon.core.main.ScriptEngine.run(ScriptEngine.java:194)
	at com.kms.katalon.core.main.ScriptEngine.runScriptAsRawText(ScriptEngine.java:119)
	at com.kms.katalon.core.main.TestCaseExecutor.runScript(TestCaseExecutor.java:448)
	at com.kms.katalon.core.main.TestCaseExecutor.doExecute(TestCaseExecutor.java:439)
	at com.kms.katalon.core.main.TestCaseExecutor.processExecutionPhase(TestCaseExecutor.java:418)
	at com.kms.katalon.core.main.TestCaseExecutor.accessMainPhase(TestCaseExecutor.java:410)
	at com.kms.katalon.core.main.TestCaseExecutor.execute(TestCaseExecutor.java:285)
	at com.kms.katalon.core.common.CommonExecutor.accessTestCaseMainPhase(CommonExecutor.java:65)
	at com.kms.katalon.core.main.TestSuiteExecutor.accessTestSuiteMainPhase(TestSuiteExecutor.java:148)
	at com.kms.katalon.core.main.TestSuiteExecutor.execute(TestSuiteExecutor.java:106)
	at com.kms.katalon.core.main.TestCaseMain.startTestSuite(TestCaseMain.java:187)
	at com.kms.katalon.core.main.TestCaseMain$startTestSuite$0.call(Unknown Source)
	at TempTestSuite1696315841836.run(TempTestSuite1696315841836.groovy:36)
Caused by: com.kms.katalon.core.exception.StepFailedException: Text 'Please fill in the correct column.' is not present on page 
	at com.kms.katalon.core.webui.keyword.internal.WebUIKeywordMain.stepFailed(WebUIKeywordMain.groovy:64)
	at com.kms.katalon.core.webui.keyword.builtin.VerifyTextPresentKeyword$_verifyTextPresent_closure1.doCall(VerifyTextPresentKeyword.groovy:79)
	at com.kms.katalon.core.webui.keyword.builtin.VerifyTextPresentKeyword$_verifyTextPresent_closure1.call(VerifyTextPresentKeyword.groovy)
	at com.kms.katalon.core.webui.keyword.internal.WebUIKeywordMain.runKeyword(WebUIKeywordMain.groovy:20)
	... 19 more
)

2023-10-03 13:52:40 - [MESSAGE][FAILED] - Text 'Please fill in the correct column.' is not present on page  (Root cause: com.kms.katalon.core.exception.StepFailedException: Text 'Please fill in the correct column.' is not present on page 
	at com.kms.katalon.core.webui.keyword.internal.WebUIKeywordMain.stepFailed(WebUIKeywordMain.groovy:64)
	at com.kms.katalon.core.webui.keyword.builtin.VerifyTextPresentKeyword$_verifyTextPresent_closure1.doCall(VerifyTextPresentKeyword.groovy:79)
	at com.kms.katalon.core.webui.keyword.builtin.VerifyTextPresentKeyword$_verifyTextPresent_closure1.call(VerifyTextPresentKeyword.groovy)
	at com.kms.katalon.core.webui.keyword.internal.WebUIKeywordMain.runKeyword(WebUIKeywordMain.groovy:20)
	at com.kms.katalon.core.webui.keyword.builtin.VerifyTextPresentKeyword.verifyTextPresent(VerifyTextPresentKeyword.groovy:83)
	at com.kms.katalon.core.webui.keyword.builtin.VerifyTextPresentKeyword.execute(VerifyTextPresentKeyword.groovy:68)
	at com.kms.katalon.core.keyword.internal.KeywordExecutor.executeKeywordForPlatform(KeywordExecutor.groovy:74)
	at com.kms.katalon.core.webui.keyword.WebUiBuiltInKeywords.verifyTextPresent(WebUiBuiltInKeywords.groovy:1723)
	at com.kms.katalon.core.webui.keyword.WebUiBuiltInKeywords$verifyTextPresent$11.call(Unknown Source)
	at JK-005.run(JK-005:42)
	at com.kms.katalon.core.main.ScriptEngine.run(ScriptEngine.java:194)
	at com.kms.katalon.core.main.ScriptEngine.runScriptAsRawText(ScriptEngine.java:119)
	at com.kms.katalon.core.main.TestCaseExecutor.runScript(TestCaseExecutor.java:448)
	at com.kms.katalon.core.main.TestCaseExecutor.doExecute(TestCaseExecutor.java:439)
	at com.kms.katalon.core.main.TestCaseExecutor.processExecutionPhase(TestCaseExecutor.java:418)
	at com.kms.katalon.core.main.TestCaseExecutor.accessMainPhase(TestCaseExecutor.java:410)
	at com.kms.katalon.core.main.TestCaseExecutor.execute(TestCaseExecutor.java:285)
	at com.kms.katalon.core.common.CommonExecutor.accessTestCaseMainPhase(CommonExecutor.java:65)
	at com.kms.katalon.core.main.TestSuiteExecutor.accessTestSuiteMainPhase(TestSuiteExecutor.java:148)
	at com.kms.katalon.core.main.TestSuiteExecutor.execute(TestSuiteExecutor.java:106)
	at com.kms.katalon.core.main.TestCaseMain.startTestSuite(TestCaseMain.java:187)
	at com.kms.katalon.core.main.TestCaseMain$startTestSuite$0.call(Unknown Source)
	at TempTestSuite1696315841836.run(TempTestSuite1696315841836.groovy:36)
)

2023-10-03 13:52:41 - [MESSAGE][FAILED] - Unable to verify text 'Please fill in the correct column.' is present  (Root cause: com.kms.katalon.core.exception.StepFailedException: Unable to verify text 'Please fill in the correct column.' is present 
	at com.kms.katalon.core.webui.keyword.internal.WebUIKeywordMain.stepFailed(WebUIKeywordMain.groovy:64)
	at com.kms.katalon.core.webui.keyword.internal.WebUIKeywordMain.runKeyword(WebUIKeywordMain.groovy:26)
	at com.kms.katalon.core.webui.keyword.builtin.VerifyTextPresentKeyword.verifyTextPresent(VerifyTextPresentKeyword.groovy:83)
	at com.kms.katalon.core.webui.keyword.builtin.VerifyTextPresentKeyword.execute(VerifyTextPresentKeyword.groovy:68)
	at com.kms.katalon.core.keyword.internal.KeywordExecutor.executeKeywordForPlatform(KeywordExecutor.groovy:74)
	at com.kms.katalon.core.webui.keyword.WebUiBuiltInKeywords.verifyTextPresent(WebUiBuiltInKeywords.groovy:1723)
	at com.kms.katalon.core.webui.keyword.WebUiBuiltInKeywords$verifyTextPresent$11.call(Unknown Source)
	at JK-005.run(JK-005:42)
	at com.kms.katalon.core.main.ScriptEngine.run(ScriptEngine.java:194)
	at com.kms.katalon.core.main.ScriptEngine.runScriptAsRawText(ScriptEngine.java:119)
	at com.kms.katalon.core.main.TestCaseExecutor.runScript(TestCaseExecutor.java:448)
	at com.kms.katalon.core.main.TestCaseExecutor.doExecute(TestCaseExecutor.java:439)
	at com.kms.katalon.core.main.TestCaseExecutor.processExecutionPhase(TestCaseExecutor.java:418)
	at com.kms.katalon.core.main.TestCaseExecutor.accessMainPhase(TestCaseExecutor.java:410)
	at com.kms.katalon.core.main.TestCaseExecutor.execute(TestCaseExecutor.java:285)
	at com.kms.katalon.core.common.CommonExecutor.accessTestCaseMainPhase(CommonExecutor.java:65)
	at com.kms.katalon.core.main.TestSuiteExecutor.accessTestSuiteMainPhase(TestSuiteExecutor.java:148)
	at com.kms.katalon.core.main.TestSuiteExecutor.execute(TestSuiteExecutor.java:106)
	at com.kms.katalon.core.main.TestCaseMain.startTestSuite(TestCaseMain.java:187)
	at com.kms.katalon.core.main.TestCaseMain$startTestSuite$0.call(Unknown Source)
	at TempTestSuite1696315841836.run(TempTestSuite1696315841836.groovy:36)
Caused by: com.kms.katalon.core.exception.StepFailedException: Text 'Please fill in the correct column.' is not present on page 
	at com.kms.katalon.core.webui.keyword.internal.WebUIKeywordMain.stepFailed(WebUIKeywordMain.groovy:64)
	at com.kms.katalon.core.webui.keyword.builtin.VerifyTextPresentKeyword$_verifyTextPresent_closure1.doCall(VerifyTextPresentKeyword.groovy:79)
	at com.kms.katalon.core.webui.keyword.builtin.VerifyTextPresentKeyword$_verifyTextPresent_closure1.call(VerifyTextPresentKeyword.groovy)
	at com.kms.katalon.core.webui.keyword.internal.WebUIKeywordMain.runKeyword(WebUIKeywordMain.groovy:20)
	... 19 more
)
[[ATTACHMENT|D:\\BOOTCAMP XSIS\\Projek 2 MINI PROJEK\\Reports\\20231003_135040\\jadi kurir\\T05 jadi kurir\\20231003_135041\\1696315960967.png]]]]></system-out>
         <system-err><![CDATA[2023-10-03 13:52:17 - [TEST_CASE][FAILED] - Test Cases/T05 Jadi Kurir/JK-005: Test Cases/T05 Jadi Kurir/JK-005 FAILED.
Reason:
com.kms.katalon.core.exception.StepFailedException: Unable to verify text 'Please fill in the correct column.' is present 
	at com.kms.katalon.core.webui.keyword.internal.WebUIKeywordMain.stepFailed(WebUIKeywordMain.groovy:64)
	at com.kms.katalon.core.webui.keyword.internal.WebUIKeywordMain.runKeyword(WebUIKeywordMain.groovy:26)
	at com.kms.katalon.core.webui.keyword.builtin.VerifyTextPresentKeyword.verifyTextPresent(VerifyTextPresentKeyword.groovy:83)
	at com.kms.katalon.core.webui.keyword.builtin.VerifyTextPresentKeyword.execute(VerifyTextPresentKeyword.groovy:68)
	at com.kms.katalon.core.keyword.internal.KeywordExecutor.executeKeywordForPlatform(KeywordExecutor.groovy:74)
	at com.kms.katalon.core.webui.keyword.WebUiBuiltInKeywords.verifyTextPresent(WebUiBuiltInKeywords.groovy:1723)
	at com.kms.katalon.core.webui.keyword.WebUiBuiltInKeywords$verifyTextPresent$11.call(Unknown Source)
	at JK-005.run(JK-005:42)
	at com.kms.katalon.core.main.ScriptEngine.run(ScriptEngine.java:194)
	at com.kms.katalon.core.main.ScriptEngine.runScriptAsRawText(ScriptEngine.java:119)
	at com.kms.katalon.core.main.TestCaseExecutor.runScript(TestCaseExecutor.java:448)
	at com.kms.katalon.core.main.TestCaseExecutor.doExecute(TestCaseExecutor.java:439)
	at com.kms.katalon.core.main.TestCaseExecutor.processExecutionPhase(TestCaseExecutor.java:418)
	at com.kms.katalon.core.main.TestCaseExecutor.accessMainPhase(TestCaseExecutor.java:410)
	at com.kms.katalon.core.main.TestCaseExecutor.execute(TestCaseExecutor.java:285)
	at com.kms.katalon.core.common.CommonExecutor.accessTestCaseMainPhase(CommonExecutor.java:65)
	at com.kms.katalon.core.main.TestSuiteExecutor.accessTestSuiteMainPhase(TestSuiteExecutor.java:148)
	at com.kms.katalon.core.main.TestSuiteExecutor.execute(TestSuiteExecutor.java:106)
	at com.kms.katalon.core.main.TestCaseMain.startTestSuite(TestCaseMain.java:187)
	at com.kms.katalon.core.main.TestCaseMain$startTestSuite$0.call(Unknown Source)
	at TempTestSuite1696315841836.run(TempTestSuite1696315841836.groovy:36)
Caused by: com.kms.katalon.core.exception.StepFailedException: Text 'Please fill in the correct column.' is not present on page 
	at com.kms.katalon.core.webui.keyword.internal.WebUIKeywordMain.stepFailed(WebUIKeywordMain.groovy:64)
	at com.kms.katalon.core.webui.keyword.builtin.VerifyTextPresentKeyword$_verifyTextPresent_closure1.doCall(VerifyTextPresentKeyword.groovy:79)
	at com.kms.katalon.core.webui.keyword.builtin.VerifyTextPresentKeyword$_verifyTextPresent_closure1.call(VerifyTextPresentKeyword.groovy)
	at com.kms.katalon.core.webui.keyword.internal.WebUIKeywordMain.runKeyword(WebUIKeywordMain.groovy:20)
	... 19 more]]></system-err>
      </testcase>
      <testcase name="Test Cases/T05 Jadi Kurir/JK-006" time="21.843" classname="Test Cases/T05 Jadi Kurir/JK-006" status="PASSED">
         <system-out><![CDATA[2023-10-03 13:52:41 - [TEST_CASE][PASSED] - Test Cases/T05 Jadi Kurir/JK-006: Test Cases/T05 Jadi Kurir/JK-006

2023-10-03 13:52:41 - [TEST_STEP][PASSED] - callTestCase(findTestCase("T05 Jadi Kurir/JK-001"), [:], STOP_ON_FAILURE): Call Test Case 'Test Cases/T05 Jadi Kurir/JK-001' successfully

2023-10-03 13:52:41 - [TEST_CASE][PASSED] - Test Cases/T05 Jadi Kurir/JK-001: Test Cases/T05 Jadi Kurir/JK-001

2023-10-03 13:52:41 - [TEST_STEP][PASSED] - callTestCase(findTestCase("T05 Jadi Kurir/LU-001"), ["username":"irfanafandi", "password":"12345irfan"], STOP_ON_FAILURE): Call Test Case 'Test Cases/T05 Jadi Kurir/LU-001' successfully

2023-10-03 13:52:41 - [TEST_CASE][PASSED] - Test Cases/T05 Jadi Kurir/LU-001: Test Cases/T05 Jadi Kurir/LU-001

2023-10-03 13:52:41 - [TEST_STEP][PASSED] - openBrowser("https://10.9.2.63/ecommerce/"): Browser is opened with url: 'https://10.9.2.63/ecommerce/'

2023-10-03 13:52:41 - [MESSAGE][WARNING] - A browser is already opened. Closing browser and opening a new one

2023-10-03 13:52:42 - [MESSAGE][INFO] - Starting 'Firefox' driver

2023-10-03 13:52:42 - [MESSAGE][INFO] - User set preference: ['args', '[--disable-notifications]']

2023-10-03 13:52:42 - [MESSAGE][INFO] - Action delay is set to 0 milliseconds

2023-10-03 13:52:49 - [MESSAGE][PASSED] - Browser is opened with url: 'https://10.9.2.63/ecommerce/'

2023-10-03 13:52:49 - [TEST_STEP][PASSED] - maximizeWindow(): Current window maximized

2023-10-03 13:52:49 - [MESSAGE][PASSED] - Current window maximized

2023-10-03 13:52:49 - [TEST_STEP][PASSED] - verifyElementPresent(findTestObject("Login/Home"), 0): Object 'Object Repository/Login/Home' is present

2023-10-03 13:52:49 - [MESSAGE][WARNING] - Timeout '0' is invalid. Using default page load timeout: '30'

2023-10-03 13:52:49 - [MESSAGE][PASSED] - Object 'Object Repository/Login/Home' is present

2023-10-03 13:52:49 - [TEST_STEP][PASSED] - click(findTestObject("Login/a_Login")): Object: 'Object Repository/Login/a_Login' is clicked on

2023-10-03 13:52:50 - [MESSAGE][PASSED] - Object: 'Object Repository/Login/a_Login' is clicked on

2023-10-03 13:52:50 - [TEST_STEP][PASSED] - verifyElementPresent(findTestObject("Login/Tittle Login"), 0): Object 'Object Repository/Login/Tittle Login' is present

2023-10-03 13:52:50 - [MESSAGE][WARNING] - Timeout '0' is invalid. Using default page load timeout: '30'

2023-10-03 13:52:50 - [MESSAGE][PASSED] - Object 'Object Repository/Login/Tittle Login' is present

2023-10-03 13:52:50 - [TEST_STEP][PASSED] - setText(findTestObject("Login/input_Username, Email atau No. Handphone_a"), username): Text 'irfanafandi' is set on object 'Object Repository/Login/input_Username, Email atau No. Handphone_a'

2023-10-03 13:52:51 - [MESSAGE][PASSED] - Text 'irfanafandi' is set on object 'Object Repository/Login/input_Username, Email atau No. Handphone_a'

2023-10-03 13:52:51 - [TEST_STEP][PASSED] - setText(findTestObject("Login/input_Password_b"), password): Text '12345irfan' is set on object 'Object Repository/Login/input_Password_b'

2023-10-03 13:52:52 - [MESSAGE][PASSED] - Text '12345irfan' is set on object 'Object Repository/Login/input_Password_b'

2023-10-03 13:52:52 - [TEST_STEP][PASSED] - click(findTestObject("Login/label_Ingat saya")): Object: 'Object Repository/Login/label_Ingat saya' is clicked on

2023-10-03 13:52:52 - [MESSAGE][PASSED] - Object: 'Object Repository/Login/label_Ingat saya' is clicked on

2023-10-03 13:52:52 - [TEST_STEP][PASSED] - click(findTestObject("Login/button_Masuk")): Object: 'Object Repository/Login/button_Masuk' is clicked on

2023-10-03 13:52:54 - [MESSAGE][PASSED] - Object: 'Object Repository/Login/button_Masuk' is clicked on

2023-10-03 13:52:54 - [TEST_STEP][PASSED] - verifyElementPresent(findTestObject("Login/li_Profile"), 0): Object 'Object Repository/Login/li_Profile' is present

2023-10-03 13:52:54 - [MESSAGE][WARNING] - Timeout '0' is invalid. Using default page load timeout: '30'

2023-10-03 13:52:54 - [MESSAGE][PASSED] - Object 'Object Repository/Login/li_Profile' is present

2023-10-03 13:52:54 - [MESSAGE][PASSED] - Call Test Case 'Test Cases/T05 Jadi Kurir/LU-001' successfully

2023-10-03 13:52:54 - [TEST_STEP][PASSED] - click(findTestObject("Jadi kurir/a_Jadi Kurir")): Object: 'Object Repository/Jadi kurir/a_Jadi Kurir' is clicked on

2023-10-03 13:52:55 - [MESSAGE][PASSED] - Object: 'Object Repository/Jadi kurir/a_Jadi Kurir' is clicked on

2023-10-03 13:52:55 - [TEST_STEP][PASSED] - verifyElementPresent(findTestObject("Jadi kurir/li_Profile Kurir"), 0): Object 'Object Repository/Jadi kurir/li_Profile Kurir' is present

2023-10-03 13:52:55 - [MESSAGE][WARNING] - Timeout '0' is invalid. Using default page load timeout: '30'

2023-10-03 13:52:56 - [MESSAGE][PASSED] - Object 'Object Repository/Jadi kurir/li_Profile Kurir' is present

2023-10-03 13:52:56 - [MESSAGE][PASSED] - Call Test Case 'Test Cases/T05 Jadi Kurir/JK-001' successfully

2023-10-03 13:52:56 - [TEST_STEP][PASSED] - click(findTestObject("Jadi kurir/a_Daftar  Edit Data")): Object: 'Object Repository/Jadi kurir/a_Daftar  Edit Data' is clicked on

2023-10-03 13:52:57 - [MESSAGE][PASSED] - Object: 'Object Repository/Jadi kurir/a_Daftar  Edit Data' is clicked on

2023-10-03 13:52:57 - [TEST_STEP][PASSED] - verifyElementPresent(findTestObject("Jadi kurir/li_Profile Kurir"), 0): Object 'Object Repository/Jadi kurir/li_Profile Kurir' is present

2023-10-03 13:52:57 - [MESSAGE][WARNING] - Timeout '0' is invalid. Using default page load timeout: '30'

2023-10-03 13:52:58 - [MESSAGE][PASSED] - Object 'Object Repository/Jadi kurir/li_Profile Kurir' is present

2023-10-03 13:52:58 - [TEST_STEP][PASSED] - selectOptionByValue(findTestObject("Jadi kurir/select_- Pilih Kendaraan -Roda 2Roda 4"), Jenis, false): All options with value '2' are selected in object 'Object Repository/Jadi kurir/select_- Pilih Kendaraan -Roda 2Roda 4' 

2023-10-03 13:52:58 - [MESSAGE][PASSED] - All options with value '2' are selected in object 'Object Repository/Jadi kurir/select_- Pilih Kendaraan -Roda 2Roda 4' 

2023-10-03 13:52:58 - [TEST_STEP][PASSED] - setText(findTestObject("Jadi kurir/input_Merek Kendaraan"), Merek_Kendaraan): Text 'toyota supra' is set on object 'Object Repository/Jadi kurir/input_Merek Kendaraan'

2023-10-03 13:52:59 - [MESSAGE][PASSED] - Text 'toyota supra' is set on object 'Object Repository/Jadi kurir/input_Merek Kendaraan'

2023-10-03 13:52:59 - [TEST_STEP][PASSED] - clearText(findTestObject("Jadi kurir/input_Plat Nomor"), STOP_ON_FAILURE): Text of object 'Object Repository/Jadi kurir/input_Plat Nomor' is cleared

2023-10-03 13:52:59 - [MESSAGE][PASSED] - Text of object 'Object Repository/Jadi kurir/input_Plat Nomor' is cleared

2023-10-03 13:52:59 - [TEST_STEP][PASSED] - setText(findTestObject("Jadi kurir/textarea_Keterangan"), Keterangan): Text 'mau daftar dong bang' is set on object 'Object Repository/Jadi kurir/textarea_Keterangan'

2023-10-03 13:53:00 - [MESSAGE][PASSED] - Text 'mau daftar dong bang' is set on object 'Object Repository/Jadi kurir/textarea_Keterangan'

2023-10-03 13:53:00 - [TEST_STEP][PASSED] - uploadFile(findTestObject("Jadi kurir/input_Choose files_uploadFile"), Berkas): File 'C:\Users\IRFAN\Downloads\Berkas2.pdf' sent to object: 'Object Repository/Jadi kurir/input_Choose files_uploadFile'

2023-10-03 13:53:01 - [MESSAGE][PASSED] - File 'C:\Users\IRFAN\Downloads\Berkas2.pdf' sent to object: 'Object Repository/Jadi kurir/input_Choose files_uploadFile'

2023-10-03 13:53:01 - [TEST_STEP][PASSED] - click(findTestObject("Jadi kurir/button_Simpan Perubahan")): Object: 'Object Repository/Jadi kurir/button_Simpan Perubahan' is clicked on

2023-10-03 13:53:02 - [MESSAGE][PASSED] - Object: 'Object Repository/Jadi kurir/button_Simpan Perubahan' is clicked on

2023-10-03 13:53:02 - [TEST_STEP][PASSED] - webDriver = getWebDriver(): null

2023-10-03 13:53:02 - [TEST_STEP][PASSED] - Plat = webDriver.findElement(By.xpath("//input[@name="plat_nomor"]")): null

2023-10-03 13:53:02 - [TEST_STEP][PASSED] - error_message = webDriver.executeScript("return arguments[0].validationMessage", Plat): null

2023-10-03 13:53:02 - [TEST_STEP][PASSED] - println(error_message): null

2023-10-03 13:53:02 - [TEST_STEP][PASSED] - assert error_message == "Please fill out this field.": null]]></system-out>
         <system-err><![CDATA[]]></system-err>
      </testcase>
      <testcase name="Test Cases/T05 Jadi Kurir/JK-007" time="22.521" classname="Test Cases/T05 Jadi Kurir/JK-007" status="FAILED">
         <failure type="FAILED" message="Test Cases/T05 Jadi Kurir/JK-007 FAILED.
Reason:
com.kms.katalon.core.exception.StepFailedException: Unable to verify text 'Please fill in the correct column.' is present 
	at com.kms.katalon.core.webui.keyword.internal.WebUIKeywordMain.stepFailed(WebUIKeywordMain.groovy:64)
	at com.kms.katalon.core.webui.keyword.internal.WebUIKeywordMain.runKeyword(WebUIKeywordMain.groovy:26)
	at com.kms.katalon.core.webui.keyword.builtin.VerifyTextPresentKeyword.verifyTextPresent(VerifyTextPresentKeyword.groovy:83)
	at com.kms.katalon.core.webui.keyword.builtin.VerifyTextPresentKeyword.execute(VerifyTextPresentKeyword.groovy:68)
	at com.kms.katalon.core.keyword.internal.KeywordExecutor.executeKeywordForPlatform(KeywordExecutor.groovy:74)
	at com.kms.katalon.core.webui.keyword.WebUiBuiltInKeywords.verifyTextPresent(WebUiBuiltInKeywords.groovy:1723)
	at com.kms.katalon.core.webui.keyword.WebUiBuiltInKeywords$verifyTextPresent$11.call(Unknown Source)
	at JK-007.run(JK-007:42)
	at com.kms.katalon.core.main.ScriptEngine.run(ScriptEngine.java:194)
	at com.kms.katalon.core.main.ScriptEngine.runScriptAsRawText(ScriptEngine.java:119)
	at com.kms.katalon.core.main.TestCaseExecutor.runScript(TestCaseExecutor.java:448)
	at com.kms.katalon.core.main.TestCaseExecutor.doExecute(TestCaseExecutor.java:439)
	at com.kms.katalon.core.main.TestCaseExecutor.processExecutionPhase(TestCaseExecutor.java:418)
	at com.kms.katalon.core.main.TestCaseExecutor.accessMainPhase(TestCaseExecutor.java:410)
	at com.kms.katalon.core.main.TestCaseExecutor.execute(TestCaseExecutor.java:285)
	at com.kms.katalon.core.common.CommonExecutor.accessTestCaseMainPhase(CommonExecutor.java:65)
	at com.kms.katalon.core.main.TestSuiteExecutor.accessTestSuiteMainPhase(TestSuiteExecutor.java:148)
	at com.kms.katalon.core.main.TestSuiteExecutor.execute(TestSuiteExecutor.java:106)
	at com.kms.katalon.core.main.TestCaseMain.startTestSuite(TestCaseMain.java:187)
	at com.kms.katalon.core.main.TestCaseMain$startTestSuite$0.call(Unknown Source)
	at TempTestSuite1696315841836.run(TempTestSuite1696315841836.groovy:36)
Caused by: com.kms.katalon.core.exception.StepFailedException: Text 'Please fill in the correct column.' is not present on page 
	at com.kms.katalon.core.webui.keyword.internal.WebUIKeywordMain.stepFailed(WebUIKeywordMain.groovy:64)
	at com.kms.katalon.core.webui.keyword.builtin.VerifyTextPresentKeyword$_verifyTextPresent_closure1.doCall(VerifyTextPresentKeyword.groovy:79)
	at com.kms.katalon.core.webui.keyword.builtin.VerifyTextPresentKeyword$_verifyTextPresent_closure1.call(VerifyTextPresentKeyword.groovy)
	at com.kms.katalon.core.webui.keyword.internal.WebUIKeywordMain.runKeyword(WebUIKeywordMain.groovy:20)
	... 19 more
"/>
         <system-out><![CDATA[2023-10-03 13:53:02 - [TEST_CASE][FAILED] - Test Cases/T05 Jadi Kurir/JK-007: Test Cases/T05 Jadi Kurir/JK-007 FAILED.
Reason:
com.kms.katalon.core.exception.StepFailedException: Unable to verify text 'Please fill in the correct column.' is present 
	at com.kms.katalon.core.webui.keyword.internal.WebUIKeywordMain.stepFailed(WebUIKeywordMain.groovy:64)
	at com.kms.katalon.core.webui.keyword.internal.WebUIKeywordMain.runKeyword(WebUIKeywordMain.groovy:26)
	at com.kms.katalon.core.webui.keyword.builtin.VerifyTextPresentKeyword.verifyTextPresent(VerifyTextPresentKeyword.groovy:83)
	at com.kms.katalon.core.webui.keyword.builtin.VerifyTextPresentKeyword.execute(VerifyTextPresentKeyword.groovy:68)
	at com.kms.katalon.core.keyword.internal.KeywordExecutor.executeKeywordForPlatform(KeywordExecutor.groovy:74)
	at com.kms.katalon.core.webui.keyword.WebUiBuiltInKeywords.verifyTextPresent(WebUiBuiltInKeywords.groovy:1723)
	at com.kms.katalon.core.webui.keyword.WebUiBuiltInKeywords$verifyTextPresent$11.call(Unknown Source)
	at JK-007.run(JK-007:42)
	at com.kms.katalon.core.main.ScriptEngine.run(ScriptEngine.java:194)
	at com.kms.katalon.core.main.ScriptEngine.runScriptAsRawText(ScriptEngine.java:119)
	at com.kms.katalon.core.main.TestCaseExecutor.runScript(TestCaseExecutor.java:448)
	at com.kms.katalon.core.main.TestCaseExecutor.doExecute(TestCaseExecutor.java:439)
	at com.kms.katalon.core.main.TestCaseExecutor.processExecutionPhase(TestCaseExecutor.java:418)
	at com.kms.katalon.core.main.TestCaseExecutor.accessMainPhase(TestCaseExecutor.java:410)
	at com.kms.katalon.core.main.TestCaseExecutor.execute(TestCaseExecutor.java:285)
	at com.kms.katalon.core.common.CommonExecutor.accessTestCaseMainPhase(CommonExecutor.java:65)
	at com.kms.katalon.core.main.TestSuiteExecutor.accessTestSuiteMainPhase(TestSuiteExecutor.java:148)
	at com.kms.katalon.core.main.TestSuiteExecutor.execute(TestSuiteExecutor.java:106)
	at com.kms.katalon.core.main.TestCaseMain.startTestSuite(TestCaseMain.java:187)
	at com.kms.katalon.core.main.TestCaseMain$startTestSuite$0.call(Unknown Source)
	at TempTestSuite1696315841836.run(TempTestSuite1696315841836.groovy:36)
Caused by: com.kms.katalon.core.exception.StepFailedException: Text 'Please fill in the correct column.' is not present on page 
	at com.kms.katalon.core.webui.keyword.internal.WebUIKeywordMain.stepFailed(WebUIKeywordMain.groovy:64)
	at com.kms.katalon.core.webui.keyword.builtin.VerifyTextPresentKeyword$_verifyTextPresent_closure1.doCall(VerifyTextPresentKeyword.groovy:79)
	at com.kms.katalon.core.webui.keyword.builtin.VerifyTextPresentKeyword$_verifyTextPresent_closure1.call(VerifyTextPresentKeyword.groovy)
	at com.kms.katalon.core.webui.keyword.internal.WebUIKeywordMain.runKeyword(WebUIKeywordMain.groovy:20)
	... 19 more


2023-10-03 13:53:03 - [TEST_STEP][PASSED] - callTestCase(findTestCase("T05 Jadi Kurir/JK-001"), [:], STOP_ON_FAILURE): Call Test Case 'Test Cases/T05 Jadi Kurir/JK-001' successfully

2023-10-03 13:53:03 - [TEST_CASE][PASSED] - Test Cases/T05 Jadi Kurir/JK-001: Test Cases/T05 Jadi Kurir/JK-001

2023-10-03 13:53:03 - [TEST_STEP][PASSED] - callTestCase(findTestCase("T05 Jadi Kurir/LU-001"), ["username":"irfanafandi", "password":"12345irfan"], STOP_ON_FAILURE): Call Test Case 'Test Cases/T05 Jadi Kurir/LU-001' successfully

2023-10-03 13:53:03 - [TEST_CASE][PASSED] - Test Cases/T05 Jadi Kurir/LU-001: Test Cases/T05 Jadi Kurir/LU-001

2023-10-03 13:53:03 - [TEST_STEP][PASSED] - openBrowser("https://10.9.2.63/ecommerce/"): Browser is opened with url: 'https://10.9.2.63/ecommerce/'

2023-10-03 13:53:03 - [MESSAGE][WARNING] - A browser is already opened. Closing browser and opening a new one

2023-10-03 13:53:04 - [MESSAGE][INFO] - Starting 'Firefox' driver

2023-10-03 13:53:04 - [MESSAGE][INFO] - User set preference: ['args', '[--disable-notifications]']

2023-10-03 13:53:04 - [MESSAGE][INFO] - Action delay is set to 0 milliseconds

2023-10-03 13:53:10 - [MESSAGE][PASSED] - Browser is opened with url: 'https://10.9.2.63/ecommerce/'

2023-10-03 13:53:10 - [TEST_STEP][PASSED] - maximizeWindow(): Current window maximized

2023-10-03 13:53:10 - [MESSAGE][PASSED] - Current window maximized

2023-10-03 13:53:10 - [TEST_STEP][PASSED] - verifyElementPresent(findTestObject("Login/Home"), 0): Object 'Object Repository/Login/Home' is present

2023-10-03 13:53:10 - [MESSAGE][WARNING] - Timeout '0' is invalid. Using default page load timeout: '30'

2023-10-03 13:53:10 - [MESSAGE][PASSED] - Object 'Object Repository/Login/Home' is present

2023-10-03 13:53:10 - [TEST_STEP][PASSED] - click(findTestObject("Login/a_Login")): Object: 'Object Repository/Login/a_Login' is clicked on

2023-10-03 13:53:11 - [MESSAGE][PASSED] - Object: 'Object Repository/Login/a_Login' is clicked on

2023-10-03 13:53:11 - [TEST_STEP][PASSED] - verifyElementPresent(findTestObject("Login/Tittle Login"), 0): Object 'Object Repository/Login/Tittle Login' is present

2023-10-03 13:53:11 - [MESSAGE][WARNING] - Timeout '0' is invalid. Using default page load timeout: '30'

2023-10-03 13:53:11 - [MESSAGE][PASSED] - Object 'Object Repository/Login/Tittle Login' is present

2023-10-03 13:53:11 - [TEST_STEP][PASSED] - setText(findTestObject("Login/input_Username, Email atau No. Handphone_a"), username): Text 'irfanafandi' is set on object 'Object Repository/Login/input_Username, Email atau No. Handphone_a'

2023-10-03 13:53:12 - [MESSAGE][PASSED] - Text 'irfanafandi' is set on object 'Object Repository/Login/input_Username, Email atau No. Handphone_a'

2023-10-03 13:53:12 - [TEST_STEP][PASSED] - setText(findTestObject("Login/input_Password_b"), password): Text '12345irfan' is set on object 'Object Repository/Login/input_Password_b'

2023-10-03 13:53:13 - [MESSAGE][PASSED] - Text '12345irfan' is set on object 'Object Repository/Login/input_Password_b'

2023-10-03 13:53:13 - [TEST_STEP][PASSED] - click(findTestObject("Login/label_Ingat saya")): Object: 'Object Repository/Login/label_Ingat saya' is clicked on

2023-10-03 13:53:14 - [MESSAGE][PASSED] - Object: 'Object Repository/Login/label_Ingat saya' is clicked on

2023-10-03 13:53:14 - [TEST_STEP][PASSED] - click(findTestObject("Login/button_Masuk")): Object: 'Object Repository/Login/button_Masuk' is clicked on

2023-10-03 13:53:15 - [MESSAGE][PASSED] - Object: 'Object Repository/Login/button_Masuk' is clicked on

2023-10-03 13:53:15 - [TEST_STEP][PASSED] - verifyElementPresent(findTestObject("Login/li_Profile"), 0): Object 'Object Repository/Login/li_Profile' is present

2023-10-03 13:53:15 - [MESSAGE][WARNING] - Timeout '0' is invalid. Using default page load timeout: '30'

2023-10-03 13:53:15 - [MESSAGE][PASSED] - Object 'Object Repository/Login/li_Profile' is present

2023-10-03 13:53:15 - [MESSAGE][PASSED] - Call Test Case 'Test Cases/T05 Jadi Kurir/LU-001' successfully

2023-10-03 13:53:15 - [TEST_STEP][PASSED] - click(findTestObject("Jadi kurir/a_Jadi Kurir")): Object: 'Object Repository/Jadi kurir/a_Jadi Kurir' is clicked on

2023-10-03 13:53:16 - [MESSAGE][PASSED] - Object: 'Object Repository/Jadi kurir/a_Jadi Kurir' is clicked on

2023-10-03 13:53:16 - [TEST_STEP][PASSED] - verifyElementPresent(findTestObject("Jadi kurir/li_Profile Kurir"), 0): Object 'Object Repository/Jadi kurir/li_Profile Kurir' is present

2023-10-03 13:53:17 - [MESSAGE][WARNING] - Timeout '0' is invalid. Using default page load timeout: '30'

2023-10-03 13:53:17 - [MESSAGE][PASSED] - Object 'Object Repository/Jadi kurir/li_Profile Kurir' is present

2023-10-03 13:53:17 - [MESSAGE][PASSED] - Call Test Case 'Test Cases/T05 Jadi Kurir/JK-001' successfully

2023-10-03 13:53:17 - [TEST_STEP][PASSED] - click(findTestObject("Jadi kurir/a_Daftar  Edit Data")): Object: 'Object Repository/Jadi kurir/a_Daftar  Edit Data' is clicked on

2023-10-03 13:53:18 - [MESSAGE][PASSED] - Object: 'Object Repository/Jadi kurir/a_Daftar  Edit Data' is clicked on

2023-10-03 13:53:18 - [TEST_STEP][PASSED] - verifyElementPresent(findTestObject("Jadi kurir/li_Profile Kurir"), 0): Object 'Object Repository/Jadi kurir/li_Profile Kurir' is present

2023-10-03 13:53:18 - [MESSAGE][WARNING] - Timeout '0' is invalid. Using default page load timeout: '30'

2023-10-03 13:53:19 - [MESSAGE][PASSED] - Object 'Object Repository/Jadi kurir/li_Profile Kurir' is present

2023-10-03 13:53:19 - [TEST_STEP][PASSED] - selectOptionByValue(findTestObject("Jadi kurir/select_- Pilih Kendaraan -Roda 2Roda 4"), Jenis, false): All options with value '2' are selected in object 'Object Repository/Jadi kurir/select_- Pilih Kendaraan -Roda 2Roda 4' 

2023-10-03 13:53:20 - [MESSAGE][PASSED] - All options with value '2' are selected in object 'Object Repository/Jadi kurir/select_- Pilih Kendaraan -Roda 2Roda 4' 

2023-10-03 13:53:20 - [TEST_STEP][PASSED] - setText(findTestObject("Jadi kurir/input_Merek Kendaraan"), Merek_Kendaraan): Text 'toyota supra' is set on object 'Object Repository/Jadi kurir/input_Merek Kendaraan'

2023-10-03 13:53:20 - [MESSAGE][PASSED] - Text 'toyota supra' is set on object 'Object Repository/Jadi kurir/input_Merek Kendaraan'

2023-10-03 13:53:20 - [TEST_STEP][PASSED] - setText(findTestObject("Jadi kurir/input_Plat Nomor"), Plat_Nomor): Text '@@' is set on object 'Object Repository/Jadi kurir/input_Plat Nomor'

2023-10-03 13:53:21 - [MESSAGE][PASSED] - Text '@@' is set on object 'Object Repository/Jadi kurir/input_Plat Nomor'

2023-10-03 13:53:21 - [TEST_STEP][PASSED] - setText(findTestObject("Jadi kurir/textarea_Keterangan"), Keterangan): Text 'mau daftar dong bang' is set on object 'Object Repository/Jadi kurir/textarea_Keterangan'

2023-10-03 13:53:22 - [MESSAGE][PASSED] - Text 'mau daftar dong bang' is set on object 'Object Repository/Jadi kurir/textarea_Keterangan'

2023-10-03 13:53:22 - [TEST_STEP][PASSED] - uploadFile(findTestObject("Jadi kurir/input_Choose files_uploadFile"), Berkas): File 'C:\Users\IRFAN\Downloads\Berkas2.pdf' sent to object: 'Object Repository/Jadi kurir/input_Choose files_uploadFile'

2023-10-03 13:53:22 - [MESSAGE][PASSED] - File 'C:\Users\IRFAN\Downloads\Berkas2.pdf' sent to object: 'Object Repository/Jadi kurir/input_Choose files_uploadFile'

2023-10-03 13:53:22 - [TEST_STEP][PASSED] - click(findTestObject("Jadi kurir/button_Simpan Perubahan")): Object: 'Object Repository/Jadi kurir/button_Simpan Perubahan' is clicked on

2023-10-03 13:53:24 - [MESSAGE][PASSED] - Object: 'Object Repository/Jadi kurir/button_Simpan Perubahan' is clicked on

2023-10-03 13:53:24 - [TEST_STEP][FAILED] - verifyTextPresent("Please fill in the correct column.", false): Unable to verify text 'Please fill in the correct column.' is present  (Root cause: com.kms.katalon.core.exception.StepFailedException: Unable to verify text 'Please fill in the correct column.' is present 
	at com.kms.katalon.core.webui.keyword.internal.WebUIKeywordMain.stepFailed(WebUIKeywordMain.groovy:64)
	at com.kms.katalon.core.webui.keyword.internal.WebUIKeywordMain.runKeyword(WebUIKeywordMain.groovy:26)
	at com.kms.katalon.core.webui.keyword.builtin.VerifyTextPresentKeyword.verifyTextPresent(VerifyTextPresentKeyword.groovy:83)
	at com.kms.katalon.core.webui.keyword.builtin.VerifyTextPresentKeyword.execute(VerifyTextPresentKeyword.groovy:68)
	at com.kms.katalon.core.keyword.internal.KeywordExecutor.executeKeywordForPlatform(KeywordExecutor.groovy:74)
	at com.kms.katalon.core.webui.keyword.WebUiBuiltInKeywords.verifyTextPresent(WebUiBuiltInKeywords.groovy:1723)
	at com.kms.katalon.core.webui.keyword.WebUiBuiltInKeywords$verifyTextPresent$11.call(Unknown Source)
	at JK-007.run(JK-007:42)
	at com.kms.katalon.core.main.ScriptEngine.run(ScriptEngine.java:194)
	at com.kms.katalon.core.main.ScriptEngine.runScriptAsRawText(ScriptEngine.java:119)
	at com.kms.katalon.core.main.TestCaseExecutor.runScript(TestCaseExecutor.java:448)
	at com.kms.katalon.core.main.TestCaseExecutor.doExecute(TestCaseExecutor.java:439)
	at com.kms.katalon.core.main.TestCaseExecutor.processExecutionPhase(TestCaseExecutor.java:418)
	at com.kms.katalon.core.main.TestCaseExecutor.accessMainPhase(TestCaseExecutor.java:410)
	at com.kms.katalon.core.main.TestCaseExecutor.execute(TestCaseExecutor.java:285)
	at com.kms.katalon.core.common.CommonExecutor.accessTestCaseMainPhase(CommonExecutor.java:65)
	at com.kms.katalon.core.main.TestSuiteExecutor.accessTestSuiteMainPhase(TestSuiteExecutor.java:148)
	at com.kms.katalon.core.main.TestSuiteExecutor.execute(TestSuiteExecutor.java:106)
	at com.kms.katalon.core.main.TestCaseMain.startTestSuite(TestCaseMain.java:187)
	at com.kms.katalon.core.main.TestCaseMain$startTestSuite$0.call(Unknown Source)
	at TempTestSuite1696315841836.run(TempTestSuite1696315841836.groovy:36)
Caused by: com.kms.katalon.core.exception.StepFailedException: Text 'Please fill in the correct column.' is not present on page 
	at com.kms.katalon.core.webui.keyword.internal.WebUIKeywordMain.stepFailed(WebUIKeywordMain.groovy:64)
	at com.kms.katalon.core.webui.keyword.builtin.VerifyTextPresentKeyword$_verifyTextPresent_closure1.doCall(VerifyTextPresentKeyword.groovy:79)
	at com.kms.katalon.core.webui.keyword.builtin.VerifyTextPresentKeyword$_verifyTextPresent_closure1.call(VerifyTextPresentKeyword.groovy)
	at com.kms.katalon.core.webui.keyword.internal.WebUIKeywordMain.runKeyword(WebUIKeywordMain.groovy:20)
	... 19 more
)

2023-10-03 13:53:25 - [MESSAGE][FAILED] - Text 'Please fill in the correct column.' is not present on page  (Root cause: com.kms.katalon.core.exception.StepFailedException: Text 'Please fill in the correct column.' is not present on page 
	at com.kms.katalon.core.webui.keyword.internal.WebUIKeywordMain.stepFailed(WebUIKeywordMain.groovy:64)
	at com.kms.katalon.core.webui.keyword.builtin.VerifyTextPresentKeyword$_verifyTextPresent_closure1.doCall(VerifyTextPresentKeyword.groovy:79)
	at com.kms.katalon.core.webui.keyword.builtin.VerifyTextPresentKeyword$_verifyTextPresent_closure1.call(VerifyTextPresentKeyword.groovy)
	at com.kms.katalon.core.webui.keyword.internal.WebUIKeywordMain.runKeyword(WebUIKeywordMain.groovy:20)
	at com.kms.katalon.core.webui.keyword.builtin.VerifyTextPresentKeyword.verifyTextPresent(VerifyTextPresentKeyword.groovy:83)
	at com.kms.katalon.core.webui.keyword.builtin.VerifyTextPresentKeyword.execute(VerifyTextPresentKeyword.groovy:68)
	at com.kms.katalon.core.keyword.internal.KeywordExecutor.executeKeywordForPlatform(KeywordExecutor.groovy:74)
	at com.kms.katalon.core.webui.keyword.WebUiBuiltInKeywords.verifyTextPresent(WebUiBuiltInKeywords.groovy:1723)
	at com.kms.katalon.core.webui.keyword.WebUiBuiltInKeywords$verifyTextPresent$11.call(Unknown Source)
	at JK-007.run(JK-007:42)
	at com.kms.katalon.core.main.ScriptEngine.run(ScriptEngine.java:194)
	at com.kms.katalon.core.main.ScriptEngine.runScriptAsRawText(ScriptEngine.java:119)
	at com.kms.katalon.core.main.TestCaseExecutor.runScript(TestCaseExecutor.java:448)
	at com.kms.katalon.core.main.TestCaseExecutor.doExecute(TestCaseExecutor.java:439)
	at com.kms.katalon.core.main.TestCaseExecutor.processExecutionPhase(TestCaseExecutor.java:418)
	at com.kms.katalon.core.main.TestCaseExecutor.accessMainPhase(TestCaseExecutor.java:410)
	at com.kms.katalon.core.main.TestCaseExecutor.execute(TestCaseExecutor.java:285)
	at com.kms.katalon.core.common.CommonExecutor.accessTestCaseMainPhase(CommonExecutor.java:65)
	at com.kms.katalon.core.main.TestSuiteExecutor.accessTestSuiteMainPhase(TestSuiteExecutor.java:148)
	at com.kms.katalon.core.main.TestSuiteExecutor.execute(TestSuiteExecutor.java:106)
	at com.kms.katalon.core.main.TestCaseMain.startTestSuite(TestCaseMain.java:187)
	at com.kms.katalon.core.main.TestCaseMain$startTestSuite$0.call(Unknown Source)
	at TempTestSuite1696315841836.run(TempTestSuite1696315841836.groovy:36)
)

2023-10-03 13:53:25 - [MESSAGE][FAILED] - Unable to verify text 'Please fill in the correct column.' is present  (Root cause: com.kms.katalon.core.exception.StepFailedException: Unable to verify text 'Please fill in the correct column.' is present 
	at com.kms.katalon.core.webui.keyword.internal.WebUIKeywordMain.stepFailed(WebUIKeywordMain.groovy:64)
	at com.kms.katalon.core.webui.keyword.internal.WebUIKeywordMain.runKeyword(WebUIKeywordMain.groovy:26)
	at com.kms.katalon.core.webui.keyword.builtin.VerifyTextPresentKeyword.verifyTextPresent(VerifyTextPresentKeyword.groovy:83)
	at com.kms.katalon.core.webui.keyword.builtin.VerifyTextPresentKeyword.execute(VerifyTextPresentKeyword.groovy:68)
	at com.kms.katalon.core.keyword.internal.KeywordExecutor.executeKeywordForPlatform(KeywordExecutor.groovy:74)
	at com.kms.katalon.core.webui.keyword.WebUiBuiltInKeywords.verifyTextPresent(WebUiBuiltInKeywords.groovy:1723)
	at com.kms.katalon.core.webui.keyword.WebUiBuiltInKeywords$verifyTextPresent$11.call(Unknown Source)
	at JK-007.run(JK-007:42)
	at com.kms.katalon.core.main.ScriptEngine.run(ScriptEngine.java:194)
	at com.kms.katalon.core.main.ScriptEngine.runScriptAsRawText(ScriptEngine.java:119)
	at com.kms.katalon.core.main.TestCaseExecutor.runScript(TestCaseExecutor.java:448)
	at com.kms.katalon.core.main.TestCaseExecutor.doExecute(TestCaseExecutor.java:439)
	at com.kms.katalon.core.main.TestCaseExecutor.processExecutionPhase(TestCaseExecutor.java:418)
	at com.kms.katalon.core.main.TestCaseExecutor.accessMainPhase(TestCaseExecutor.java:410)
	at com.kms.katalon.core.main.TestCaseExecutor.execute(TestCaseExecutor.java:285)
	at com.kms.katalon.core.common.CommonExecutor.accessTestCaseMainPhase(CommonExecutor.java:65)
	at com.kms.katalon.core.main.TestSuiteExecutor.accessTestSuiteMainPhase(TestSuiteExecutor.java:148)
	at com.kms.katalon.core.main.TestSuiteExecutor.execute(TestSuiteExecutor.java:106)
	at com.kms.katalon.core.main.TestCaseMain.startTestSuite(TestCaseMain.java:187)
	at com.kms.katalon.core.main.TestCaseMain$startTestSuite$0.call(Unknown Source)
	at TempTestSuite1696315841836.run(TempTestSuite1696315841836.groovy:36)
Caused by: com.kms.katalon.core.exception.StepFailedException: Text 'Please fill in the correct column.' is not present on page 
	at com.kms.katalon.core.webui.keyword.internal.WebUIKeywordMain.stepFailed(WebUIKeywordMain.groovy:64)
	at com.kms.katalon.core.webui.keyword.builtin.VerifyTextPresentKeyword$_verifyTextPresent_closure1.doCall(VerifyTextPresentKeyword.groovy:79)
	at com.kms.katalon.core.webui.keyword.builtin.VerifyTextPresentKeyword$_verifyTextPresent_closure1.call(VerifyTextPresentKeyword.groovy)
	at com.kms.katalon.core.webui.keyword.internal.WebUIKeywordMain.runKeyword(WebUIKeywordMain.groovy:20)
	... 19 more
)
[[ATTACHMENT|D:\\BOOTCAMP XSIS\\Projek 2 MINI PROJEK\\Reports\\20231003_135040\\jadi kurir\\T05 jadi kurir\\20231003_135041\\1696316005384.png]]]]></system-out>
         <system-err><![CDATA[2023-10-03 13:53:02 - [TEST_CASE][FAILED] - Test Cases/T05 Jadi Kurir/JK-007: Test Cases/T05 Jadi Kurir/JK-007 FAILED.
Reason:
com.kms.katalon.core.exception.StepFailedException: Unable to verify text 'Please fill in the correct column.' is present 
	at com.kms.katalon.core.webui.keyword.internal.WebUIKeywordMain.stepFailed(WebUIKeywordMain.groovy:64)
	at com.kms.katalon.core.webui.keyword.internal.WebUIKeywordMain.runKeyword(WebUIKeywordMain.groovy:26)
	at com.kms.katalon.core.webui.keyword.builtin.VerifyTextPresentKeyword.verifyTextPresent(VerifyTextPresentKeyword.groovy:83)
	at com.kms.katalon.core.webui.keyword.builtin.VerifyTextPresentKeyword.execute(VerifyTextPresentKeyword.groovy:68)
	at com.kms.katalon.core.keyword.internal.KeywordExecutor.executeKeywordForPlatform(KeywordExecutor.groovy:74)
	at com.kms.katalon.core.webui.keyword.WebUiBuiltInKeywords.verifyTextPresent(WebUiBuiltInKeywords.groovy:1723)
	at com.kms.katalon.core.webui.keyword.WebUiBuiltInKeywords$verifyTextPresent$11.call(Unknown Source)
	at JK-007.run(JK-007:42)
	at com.kms.katalon.core.main.ScriptEngine.run(ScriptEngine.java:194)
	at com.kms.katalon.core.main.ScriptEngine.runScriptAsRawText(ScriptEngine.java:119)
	at com.kms.katalon.core.main.TestCaseExecutor.runScript(TestCaseExecutor.java:448)
	at com.kms.katalon.core.main.TestCaseExecutor.doExecute(TestCaseExecutor.java:439)
	at com.kms.katalon.core.main.TestCaseExecutor.processExecutionPhase(TestCaseExecutor.java:418)
	at com.kms.katalon.core.main.TestCaseExecutor.accessMainPhase(TestCaseExecutor.java:410)
	at com.kms.katalon.core.main.TestCaseExecutor.execute(TestCaseExecutor.java:285)
	at com.kms.katalon.core.common.CommonExecutor.accessTestCaseMainPhase(CommonExecutor.java:65)
	at com.kms.katalon.core.main.TestSuiteExecutor.accessTestSuiteMainPhase(TestSuiteExecutor.java:148)
	at com.kms.katalon.core.main.TestSuiteExecutor.execute(TestSuiteExecutor.java:106)
	at com.kms.katalon.core.main.TestCaseMain.startTestSuite(TestCaseMain.java:187)
	at com.kms.katalon.core.main.TestCaseMain$startTestSuite$0.call(Unknown Source)
	at TempTestSuite1696315841836.run(TempTestSuite1696315841836.groovy:36)
Caused by: com.kms.katalon.core.exception.StepFailedException: Text 'Please fill in the correct column.' is not present on page 
	at com.kms.katalon.core.webui.keyword.internal.WebUIKeywordMain.stepFailed(WebUIKeywordMain.groovy:64)
	at com.kms.katalon.core.webui.keyword.builtin.VerifyTextPresentKeyword$_verifyTextPresent_closure1.doCall(VerifyTextPresentKeyword.groovy:79)
	at com.kms.katalon.core.webui.keyword.builtin.VerifyTextPresentKeyword$_verifyTextPresent_closure1.call(VerifyTextPresentKeyword.groovy)
	at com.kms.katalon.core.webui.keyword.internal.WebUIKeywordMain.runKeyword(WebUIKeywordMain.groovy:20)
	... 19 more]]></system-err>
      </testcase>
      <testcase name="Test Cases/T05 Jadi Kurir/JK-008" time="23.69" classname="Test Cases/T05 Jadi Kurir/JK-008" status="FAILED">
         <failure type="FAILED" message="Test Cases/T05 Jadi Kurir/JK-008 FAILED.
Reason:
com.kms.katalon.core.exception.StepFailedException: Unable to verify text 'Please complete the file.' is present 
	at com.kms.katalon.core.webui.keyword.internal.WebUIKeywordMain.stepFailed(WebUIKeywordMain.groovy:64)
	at com.kms.katalon.core.webui.keyword.internal.WebUIKeywordMain.runKeyword(WebUIKeywordMain.groovy:26)
	at com.kms.katalon.core.webui.keyword.builtin.VerifyTextPresentKeyword.verifyTextPresent(VerifyTextPresentKeyword.groovy:83)
	at com.kms.katalon.core.webui.keyword.builtin.VerifyTextPresentKeyword.execute(VerifyTextPresentKeyword.groovy:68)
	at com.kms.katalon.core.keyword.internal.KeywordExecutor.executeKeywordForPlatform(KeywordExecutor.groovy:74)
	at com.kms.katalon.core.webui.keyword.WebUiBuiltInKeywords.verifyTextPresent(WebUiBuiltInKeywords.groovy:1723)
	at com.kms.katalon.core.webui.keyword.WebUiBuiltInKeywords$verifyTextPresent$11.call(Unknown Source)
	at JK-008.run(JK-008:42)
	at com.kms.katalon.core.main.ScriptEngine.run(ScriptEngine.java:194)
	at com.kms.katalon.core.main.ScriptEngine.runScriptAsRawText(ScriptEngine.java:119)
	at com.kms.katalon.core.main.TestCaseExecutor.runScript(TestCaseExecutor.java:448)
	at com.kms.katalon.core.main.TestCaseExecutor.doExecute(TestCaseExecutor.java:439)
	at com.kms.katalon.core.main.TestCaseExecutor.processExecutionPhase(TestCaseExecutor.java:418)
	at com.kms.katalon.core.main.TestCaseExecutor.accessMainPhase(TestCaseExecutor.java:410)
	at com.kms.katalon.core.main.TestCaseExecutor.execute(TestCaseExecutor.java:285)
	at com.kms.katalon.core.common.CommonExecutor.accessTestCaseMainPhase(CommonExecutor.java:65)
	at com.kms.katalon.core.main.TestSuiteExecutor.accessTestSuiteMainPhase(TestSuiteExecutor.java:148)
	at com.kms.katalon.core.main.TestSuiteExecutor.execute(TestSuiteExecutor.java:106)
	at com.kms.katalon.core.main.TestCaseMain.startTestSuite(TestCaseMain.java:187)
	at com.kms.katalon.core.main.TestCaseMain$startTestSuite$0.call(Unknown Source)
	at TempTestSuite1696315841836.run(TempTestSuite1696315841836.groovy:36)
Caused by: com.kms.katalon.core.exception.StepFailedException: Text 'Please complete the file.' is not present on page 
	at com.kms.katalon.core.webui.keyword.internal.WebUIKeywordMain.stepFailed(WebUIKeywordMain.groovy:64)
	at com.kms.katalon.core.webui.keyword.builtin.VerifyTextPresentKeyword$_verifyTextPresent_closure1.doCall(VerifyTextPresentKeyword.groovy:79)
	at com.kms.katalon.core.webui.keyword.builtin.VerifyTextPresentKeyword$_verifyTextPresent_closure1.call(VerifyTextPresentKeyword.groovy)
	at com.kms.katalon.core.webui.keyword.internal.WebUIKeywordMain.runKeyword(WebUIKeywordMain.groovy:20)
	... 19 more
"/>
         <system-out><![CDATA[2023-10-03 13:53:25 - [TEST_CASE][FAILED] - Test Cases/T05 Jadi Kurir/JK-008: Test Cases/T05 Jadi Kurir/JK-008 FAILED.
Reason:
com.kms.katalon.core.exception.StepFailedException: Unable to verify text 'Please complete the file.' is present 
	at com.kms.katalon.core.webui.keyword.internal.WebUIKeywordMain.stepFailed(WebUIKeywordMain.groovy:64)
	at com.kms.katalon.core.webui.keyword.internal.WebUIKeywordMain.runKeyword(WebUIKeywordMain.groovy:26)
	at com.kms.katalon.core.webui.keyword.builtin.VerifyTextPresentKeyword.verifyTextPresent(VerifyTextPresentKeyword.groovy:83)
	at com.kms.katalon.core.webui.keyword.builtin.VerifyTextPresentKeyword.execute(VerifyTextPresentKeyword.groovy:68)
	at com.kms.katalon.core.keyword.internal.KeywordExecutor.executeKeywordForPlatform(KeywordExecutor.groovy:74)
	at com.kms.katalon.core.webui.keyword.WebUiBuiltInKeywords.verifyTextPresent(WebUiBuiltInKeywords.groovy:1723)
	at com.kms.katalon.core.webui.keyword.WebUiBuiltInKeywords$verifyTextPresent$11.call(Unknown Source)
	at JK-008.run(JK-008:42)
	at com.kms.katalon.core.main.ScriptEngine.run(ScriptEngine.java:194)
	at com.kms.katalon.core.main.ScriptEngine.runScriptAsRawText(ScriptEngine.java:119)
	at com.kms.katalon.core.main.TestCaseExecutor.runScript(TestCaseExecutor.java:448)
	at com.kms.katalon.core.main.TestCaseExecutor.doExecute(TestCaseExecutor.java:439)
	at com.kms.katalon.core.main.TestCaseExecutor.processExecutionPhase(TestCaseExecutor.java:418)
	at com.kms.katalon.core.main.TestCaseExecutor.accessMainPhase(TestCaseExecutor.java:410)
	at com.kms.katalon.core.main.TestCaseExecutor.execute(TestCaseExecutor.java:285)
	at com.kms.katalon.core.common.CommonExecutor.accessTestCaseMainPhase(CommonExecutor.java:65)
	at com.kms.katalon.core.main.TestSuiteExecutor.accessTestSuiteMainPhase(TestSuiteExecutor.java:148)
	at com.kms.katalon.core.main.TestSuiteExecutor.execute(TestSuiteExecutor.java:106)
	at com.kms.katalon.core.main.TestCaseMain.startTestSuite(TestCaseMain.java:187)
	at com.kms.katalon.core.main.TestCaseMain$startTestSuite$0.call(Unknown Source)
	at TempTestSuite1696315841836.run(TempTestSuite1696315841836.groovy:36)
Caused by: com.kms.katalon.core.exception.StepFailedException: Text 'Please complete the file.' is not present on page 
	at com.kms.katalon.core.webui.keyword.internal.WebUIKeywordMain.stepFailed(WebUIKeywordMain.groovy:64)
	at com.kms.katalon.core.webui.keyword.builtin.VerifyTextPresentKeyword$_verifyTextPresent_closure1.doCall(VerifyTextPresentKeyword.groovy:79)
	at com.kms.katalon.core.webui.keyword.builtin.VerifyTextPresentKeyword$_verifyTextPresent_closure1.call(VerifyTextPresentKeyword.groovy)
	at com.kms.katalon.core.webui.keyword.internal.WebUIKeywordMain.runKeyword(WebUIKeywordMain.groovy:20)
	... 19 more


2023-10-03 13:53:26 - [TEST_STEP][PASSED] - callTestCase(findTestCase("T05 Jadi Kurir/JK-001"), [:], STOP_ON_FAILURE): Call Test Case 'Test Cases/T05 Jadi Kurir/JK-001' successfully

2023-10-03 13:53:26 - [TEST_CASE][PASSED] - Test Cases/T05 Jadi Kurir/JK-001: Test Cases/T05 Jadi Kurir/JK-001

2023-10-03 13:53:26 - [TEST_STEP][PASSED] - callTestCase(findTestCase("T05 Jadi Kurir/LU-001"), ["username":"irfanafandi", "password":"12345irfan"], STOP_ON_FAILURE): Call Test Case 'Test Cases/T05 Jadi Kurir/LU-001' successfully

2023-10-03 13:53:26 - [TEST_CASE][PASSED] - Test Cases/T05 Jadi Kurir/LU-001: Test Cases/T05 Jadi Kurir/LU-001

2023-10-03 13:53:26 - [TEST_STEP][PASSED] - openBrowser("https://10.9.2.63/ecommerce/"): Browser is opened with url: 'https://10.9.2.63/ecommerce/'

2023-10-03 13:53:26 - [MESSAGE][WARNING] - A browser is already opened. Closing browser and opening a new one

2023-10-03 13:53:27 - [MESSAGE][INFO] - Starting 'Firefox' driver

2023-10-03 13:53:27 - [MESSAGE][INFO] - User set preference: ['args', '[--disable-notifications]']

2023-10-03 13:53:27 - [MESSAGE][INFO] - Action delay is set to 0 milliseconds

2023-10-03 13:53:33 - [MESSAGE][PASSED] - Browser is opened with url: 'https://10.9.2.63/ecommerce/'

2023-10-03 13:53:33 - [TEST_STEP][PASSED] - maximizeWindow(): Current window maximized

2023-10-03 13:53:33 - [MESSAGE][PASSED] - Current window maximized

2023-10-03 13:53:33 - [TEST_STEP][PASSED] - verifyElementPresent(findTestObject("Login/Home"), 0): Object 'Object Repository/Login/Home' is present

2023-10-03 13:53:33 - [MESSAGE][WARNING] - Timeout '0' is invalid. Using default page load timeout: '30'

2023-10-03 13:53:33 - [MESSAGE][PASSED] - Object 'Object Repository/Login/Home' is present

2023-10-03 13:53:33 - [TEST_STEP][PASSED] - click(findTestObject("Login/a_Login")): Object: 'Object Repository/Login/a_Login' is clicked on

2023-10-03 13:53:34 - [MESSAGE][PASSED] - Object: 'Object Repository/Login/a_Login' is clicked on

2023-10-03 13:53:34 - [TEST_STEP][PASSED] - verifyElementPresent(findTestObject("Login/Tittle Login"), 0): Object 'Object Repository/Login/Tittle Login' is present

2023-10-03 13:53:34 - [MESSAGE][WARNING] - Timeout '0' is invalid. Using default page load timeout: '30'

2023-10-03 13:53:35 - [MESSAGE][PASSED] - Object 'Object Repository/Login/Tittle Login' is present

2023-10-03 13:53:35 - [TEST_STEP][PASSED] - setText(findTestObject("Login/input_Username, Email atau No. Handphone_a"), username): Text 'irfanafandi' is set on object 'Object Repository/Login/input_Username, Email atau No. Handphone_a'

2023-10-03 13:53:35 - [MESSAGE][PASSED] - Text 'irfanafandi' is set on object 'Object Repository/Login/input_Username, Email atau No. Handphone_a'

2023-10-03 13:53:35 - [TEST_STEP][PASSED] - setText(findTestObject("Login/input_Password_b"), password): Text '12345irfan' is set on object 'Object Repository/Login/input_Password_b'

2023-10-03 13:53:36 - [MESSAGE][PASSED] - Text '12345irfan' is set on object 'Object Repository/Login/input_Password_b'

2023-10-03 13:53:36 - [TEST_STEP][PASSED] - click(findTestObject("Login/label_Ingat saya")): Object: 'Object Repository/Login/label_Ingat saya' is clicked on

2023-10-03 13:53:37 - [MESSAGE][PASSED] - Object: 'Object Repository/Login/label_Ingat saya' is clicked on

2023-10-03 13:53:37 - [TEST_STEP][PASSED] - click(findTestObject("Login/button_Masuk")): Object: 'Object Repository/Login/button_Masuk' is clicked on

2023-10-03 13:53:38 - [MESSAGE][PASSED] - Object: 'Object Repository/Login/button_Masuk' is clicked on

2023-10-03 13:53:38 - [TEST_STEP][PASSED] - verifyElementPresent(findTestObject("Login/li_Profile"), 0): Object 'Object Repository/Login/li_Profile' is present

2023-10-03 13:53:38 - [MESSAGE][WARNING] - Timeout '0' is invalid. Using default page load timeout: '30'

2023-10-03 13:53:39 - [MESSAGE][PASSED] - Object 'Object Repository/Login/li_Profile' is present

2023-10-03 13:53:39 - [MESSAGE][PASSED] - Call Test Case 'Test Cases/T05 Jadi Kurir/LU-001' successfully

2023-10-03 13:53:39 - [TEST_STEP][PASSED] - click(findTestObject("Jadi kurir/a_Jadi Kurir")): Object: 'Object Repository/Jadi kurir/a_Jadi Kurir' is clicked on

2023-10-03 13:53:40 - [MESSAGE][PASSED] - Object: 'Object Repository/Jadi kurir/a_Jadi Kurir' is clicked on

2023-10-03 13:53:40 - [TEST_STEP][PASSED] - verifyElementPresent(findTestObject("Jadi kurir/li_Profile Kurir"), 0): Object 'Object Repository/Jadi kurir/li_Profile Kurir' is present

2023-10-03 13:53:40 - [MESSAGE][WARNING] - Timeout '0' is invalid. Using default page load timeout: '30'

2023-10-03 13:53:41 - [MESSAGE][PASSED] - Object 'Object Repository/Jadi kurir/li_Profile Kurir' is present

2023-10-03 13:53:41 - [MESSAGE][PASSED] - Call Test Case 'Test Cases/T05 Jadi Kurir/JK-001' successfully

2023-10-03 13:53:41 - [TEST_STEP][PASSED] - click(findTestObject("Jadi kurir/a_Daftar  Edit Data")): Object: 'Object Repository/Jadi kurir/a_Daftar  Edit Data' is clicked on

2023-10-03 13:53:41 - [MESSAGE][PASSED] - Object: 'Object Repository/Jadi kurir/a_Daftar  Edit Data' is clicked on

2023-10-03 13:53:41 - [TEST_STEP][PASSED] - verifyElementPresent(findTestObject("Jadi kurir/li_Profile Kurir"), 0): Object 'Object Repository/Jadi kurir/li_Profile Kurir' is present

2023-10-03 13:53:42 - [MESSAGE][WARNING] - Timeout '0' is invalid. Using default page load timeout: '30'

2023-10-03 13:53:42 - [MESSAGE][PASSED] - Object 'Object Repository/Jadi kurir/li_Profile Kurir' is present

2023-10-03 13:53:42 - [TEST_STEP][PASSED] - selectOptionByValue(findTestObject("Jadi kurir/select_- Pilih Kendaraan -Roda 2Roda 4"), Jenis, false): All options with value '2' are selected in object 'Object Repository/Jadi kurir/select_- Pilih Kendaraan -Roda 2Roda 4' 

2023-10-03 13:53:43 - [MESSAGE][PASSED] - All options with value '2' are selected in object 'Object Repository/Jadi kurir/select_- Pilih Kendaraan -Roda 2Roda 4' 

2023-10-03 13:53:43 - [TEST_STEP][PASSED] - setText(findTestObject("Jadi kurir/input_Merek Kendaraan"), Merek_Kendaraan): Text 'toyota supra' is set on object 'Object Repository/Jadi kurir/input_Merek Kendaraan'

2023-10-03 13:53:44 - [MESSAGE][PASSED] - Text 'toyota supra' is set on object 'Object Repository/Jadi kurir/input_Merek Kendaraan'

2023-10-03 13:53:44 - [TEST_STEP][PASSED] - setText(findTestObject("Jadi kurir/input_Plat Nomor"), Plat_Nomor): Text 'AB 1 S' is set on object 'Object Repository/Jadi kurir/input_Plat Nomor'

2023-10-03 13:53:44 - [MESSAGE][PASSED] - Text 'AB 1 S' is set on object 'Object Repository/Jadi kurir/input_Plat Nomor'

2023-10-03 13:53:44 - [TEST_STEP][PASSED] - setText(findTestObject("Jadi kurir/textarea_Keterangan"), Keterangan): Text 'mau daftar dong bang' is set on object 'Object Repository/Jadi kurir/textarea_Keterangan'

2023-10-03 13:53:45 - [MESSAGE][PASSED] - Text 'mau daftar dong bang' is set on object 'Object Repository/Jadi kurir/textarea_Keterangan'

2023-10-03 13:53:45 - [TEST_STEP][PASSED] - uploadFile(findTestObject("Jadi kurir/input_Choose files_uploadFile"), Berkas): File 'C:\Users\IRFAN\Downloads\Berkas2.pdf' sent to object: 'Object Repository/Jadi kurir/input_Choose files_uploadFile'

2023-10-03 13:53:46 - [MESSAGE][PASSED] - File 'C:\Users\IRFAN\Downloads\Berkas2.pdf' sent to object: 'Object Repository/Jadi kurir/input_Choose files_uploadFile'

2023-10-03 13:53:46 - [TEST_STEP][PASSED] - click(findTestObject("Jadi kurir/button_Simpan Perubahan")): Object: 'Object Repository/Jadi kurir/button_Simpan Perubahan' is clicked on

2023-10-03 13:53:48 - [MESSAGE][PASSED] - Object: 'Object Repository/Jadi kurir/button_Simpan Perubahan' is clicked on

2023-10-03 13:53:48 - [TEST_STEP][FAILED] - verifyTextPresent("Please complete the file.", false): Unable to verify text 'Please complete the file.' is present  (Root cause: com.kms.katalon.core.exception.StepFailedException: Unable to verify text 'Please complete the file.' is present 
	at com.kms.katalon.core.webui.keyword.internal.WebUIKeywordMain.stepFailed(WebUIKeywordMain.groovy:64)
	at com.kms.katalon.core.webui.keyword.internal.WebUIKeywordMain.runKeyword(WebUIKeywordMain.groovy:26)
	at com.kms.katalon.core.webui.keyword.builtin.VerifyTextPresentKeyword.verifyTextPresent(VerifyTextPresentKeyword.groovy:83)
	at com.kms.katalon.core.webui.keyword.builtin.VerifyTextPresentKeyword.execute(VerifyTextPresentKeyword.groovy:68)
	at com.kms.katalon.core.keyword.internal.KeywordExecutor.executeKeywordForPlatform(KeywordExecutor.groovy:74)
	at com.kms.katalon.core.webui.keyword.WebUiBuiltInKeywords.verifyTextPresent(WebUiBuiltInKeywords.groovy:1723)
	at com.kms.katalon.core.webui.keyword.WebUiBuiltInKeywords$verifyTextPresent$11.call(Unknown Source)
	at JK-008.run(JK-008:42)
	at com.kms.katalon.core.main.ScriptEngine.run(ScriptEngine.java:194)
	at com.kms.katalon.core.main.ScriptEngine.runScriptAsRawText(ScriptEngine.java:119)
	at com.kms.katalon.core.main.TestCaseExecutor.runScript(TestCaseExecutor.java:448)
	at com.kms.katalon.core.main.TestCaseExecutor.doExecute(TestCaseExecutor.java:439)
	at com.kms.katalon.core.main.TestCaseExecutor.processExecutionPhase(TestCaseExecutor.java:418)
	at com.kms.katalon.core.main.TestCaseExecutor.accessMainPhase(TestCaseExecutor.java:410)
	at com.kms.katalon.core.main.TestCaseExecutor.execute(TestCaseExecutor.java:285)
	at com.kms.katalon.core.common.CommonExecutor.accessTestCaseMainPhase(CommonExecutor.java:65)
	at com.kms.katalon.core.main.TestSuiteExecutor.accessTestSuiteMainPhase(TestSuiteExecutor.java:148)
	at com.kms.katalon.core.main.TestSuiteExecutor.execute(TestSuiteExecutor.java:106)
	at com.kms.katalon.core.main.TestCaseMain.startTestSuite(TestCaseMain.java:187)
	at com.kms.katalon.core.main.TestCaseMain$startTestSuite$0.call(Unknown Source)
	at TempTestSuite1696315841836.run(TempTestSuite1696315841836.groovy:36)
Caused by: com.kms.katalon.core.exception.StepFailedException: Text 'Please complete the file.' is not present on page 
	at com.kms.katalon.core.webui.keyword.internal.WebUIKeywordMain.stepFailed(WebUIKeywordMain.groovy:64)
	at com.kms.katalon.core.webui.keyword.builtin.VerifyTextPresentKeyword$_verifyTextPresent_closure1.doCall(VerifyTextPresentKeyword.groovy:79)
	at com.kms.katalon.core.webui.keyword.builtin.VerifyTextPresentKeyword$_verifyTextPresent_closure1.call(VerifyTextPresentKeyword.groovy)
	at com.kms.katalon.core.webui.keyword.internal.WebUIKeywordMain.runKeyword(WebUIKeywordMain.groovy:20)
	... 19 more
)

2023-10-03 13:53:49 - [MESSAGE][FAILED] - Text 'Please complete the file.' is not present on page  (Root cause: com.kms.katalon.core.exception.StepFailedException: Text 'Please complete the file.' is not present on page 
	at com.kms.katalon.core.webui.keyword.internal.WebUIKeywordMain.stepFailed(WebUIKeywordMain.groovy:64)
	at com.kms.katalon.core.webui.keyword.builtin.VerifyTextPresentKeyword$_verifyTextPresent_closure1.doCall(VerifyTextPresentKeyword.groovy:79)
	at com.kms.katalon.core.webui.keyword.builtin.VerifyTextPresentKeyword$_verifyTextPresent_closure1.call(VerifyTextPresentKeyword.groovy)
	at com.kms.katalon.core.webui.keyword.internal.WebUIKeywordMain.runKeyword(WebUIKeywordMain.groovy:20)
	at com.kms.katalon.core.webui.keyword.builtin.VerifyTextPresentKeyword.verifyTextPresent(VerifyTextPresentKeyword.groovy:83)
	at com.kms.katalon.core.webui.keyword.builtin.VerifyTextPresentKeyword.execute(VerifyTextPresentKeyword.groovy:68)
	at com.kms.katalon.core.keyword.internal.KeywordExecutor.executeKeywordForPlatform(KeywordExecutor.groovy:74)
	at com.kms.katalon.core.webui.keyword.WebUiBuiltInKeywords.verifyTextPresent(WebUiBuiltInKeywords.groovy:1723)
	at com.kms.katalon.core.webui.keyword.WebUiBuiltInKeywords$verifyTextPresent$11.call(Unknown Source)
	at JK-008.run(JK-008:42)
	at com.kms.katalon.core.main.ScriptEngine.run(ScriptEngine.java:194)
	at com.kms.katalon.core.main.ScriptEngine.runScriptAsRawText(ScriptEngine.java:119)
	at com.kms.katalon.core.main.TestCaseExecutor.runScript(TestCaseExecutor.java:448)
	at com.kms.katalon.core.main.TestCaseExecutor.doExecute(TestCaseExecutor.java:439)
	at com.kms.katalon.core.main.TestCaseExecutor.processExecutionPhase(TestCaseExecutor.java:418)
	at com.kms.katalon.core.main.TestCaseExecutor.accessMainPhase(TestCaseExecutor.java:410)
	at com.kms.katalon.core.main.TestCaseExecutor.execute(TestCaseExecutor.java:285)
	at com.kms.katalon.core.common.CommonExecutor.accessTestCaseMainPhase(CommonExecutor.java:65)
	at com.kms.katalon.core.main.TestSuiteExecutor.accessTestSuiteMainPhase(TestSuiteExecutor.java:148)
	at com.kms.katalon.core.main.TestSuiteExecutor.execute(TestSuiteExecutor.java:106)
	at com.kms.katalon.core.main.TestCaseMain.startTestSuite(TestCaseMain.java:187)
	at com.kms.katalon.core.main.TestCaseMain$startTestSuite$0.call(Unknown Source)
	at TempTestSuite1696315841836.run(TempTestSuite1696315841836.groovy:36)
)

2023-10-03 13:53:49 - [MESSAGE][FAILED] - Unable to verify text 'Please complete the file.' is present  (Root cause: com.kms.katalon.core.exception.StepFailedException: Unable to verify text 'Please complete the file.' is present 
	at com.kms.katalon.core.webui.keyword.internal.WebUIKeywordMain.stepFailed(WebUIKeywordMain.groovy:64)
	at com.kms.katalon.core.webui.keyword.internal.WebUIKeywordMain.runKeyword(WebUIKeywordMain.groovy:26)
	at com.kms.katalon.core.webui.keyword.builtin.VerifyTextPresentKeyword.verifyTextPresent(VerifyTextPresentKeyword.groovy:83)
	at com.kms.katalon.core.webui.keyword.builtin.VerifyTextPresentKeyword.execute(VerifyTextPresentKeyword.groovy:68)
	at com.kms.katalon.core.keyword.internal.KeywordExecutor.executeKeywordForPlatform(KeywordExecutor.groovy:74)
	at com.kms.katalon.core.webui.keyword.WebUiBuiltInKeywords.verifyTextPresent(WebUiBuiltInKeywords.groovy:1723)
	at com.kms.katalon.core.webui.keyword.WebUiBuiltInKeywords$verifyTextPresent$11.call(Unknown Source)
	at JK-008.run(JK-008:42)
	at com.kms.katalon.core.main.ScriptEngine.run(ScriptEngine.java:194)
	at com.kms.katalon.core.main.ScriptEngine.runScriptAsRawText(ScriptEngine.java:119)
	at com.kms.katalon.core.main.TestCaseExecutor.runScript(TestCaseExecutor.java:448)
	at com.kms.katalon.core.main.TestCaseExecutor.doExecute(TestCaseExecutor.java:439)
	at com.kms.katalon.core.main.TestCaseExecutor.processExecutionPhase(TestCaseExecutor.java:418)
	at com.kms.katalon.core.main.TestCaseExecutor.accessMainPhase(TestCaseExecutor.java:410)
	at com.kms.katalon.core.main.TestCaseExecutor.execute(TestCaseExecutor.java:285)
	at com.kms.katalon.core.common.CommonExecutor.accessTestCaseMainPhase(CommonExecutor.java:65)
	at com.kms.katalon.core.main.TestSuiteExecutor.accessTestSuiteMainPhase(TestSuiteExecutor.java:148)
	at com.kms.katalon.core.main.TestSuiteExecutor.execute(TestSuiteExecutor.java:106)
	at com.kms.katalon.core.main.TestCaseMain.startTestSuite(TestCaseMain.java:187)
	at com.kms.katalon.core.main.TestCaseMain$startTestSuite$0.call(Unknown Source)
	at TempTestSuite1696315841836.run(TempTestSuite1696315841836.groovy:36)
Caused by: com.kms.katalon.core.exception.StepFailedException: Text 'Please complete the file.' is not present on page 
	at com.kms.katalon.core.webui.keyword.internal.WebUIKeywordMain.stepFailed(WebUIKeywordMain.groovy:64)
	at com.kms.katalon.core.webui.keyword.builtin.VerifyTextPresentKeyword$_verifyTextPresent_closure1.doCall(VerifyTextPresentKeyword.groovy:79)
	at com.kms.katalon.core.webui.keyword.builtin.VerifyTextPresentKeyword$_verifyTextPresent_closure1.call(VerifyTextPresentKeyword.groovy)
	at com.kms.katalon.core.webui.keyword.internal.WebUIKeywordMain.runKeyword(WebUIKeywordMain.groovy:20)
	... 19 more
)
[[ATTACHMENT|D:\\BOOTCAMP XSIS\\Projek 2 MINI PROJEK\\Reports\\20231003_135040\\jadi kurir\\T05 jadi kurir\\20231003_135041\\1696316029188.png]]]]></system-out>
         <system-err><![CDATA[2023-10-03 13:53:25 - [TEST_CASE][FAILED] - Test Cases/T05 Jadi Kurir/JK-008: Test Cases/T05 Jadi Kurir/JK-008 FAILED.
Reason:
com.kms.katalon.core.exception.StepFailedException: Unable to verify text 'Please complete the file.' is present 
	at com.kms.katalon.core.webui.keyword.internal.WebUIKeywordMain.stepFailed(WebUIKeywordMain.groovy:64)
	at com.kms.katalon.core.webui.keyword.internal.WebUIKeywordMain.runKeyword(WebUIKeywordMain.groovy:26)
	at com.kms.katalon.core.webui.keyword.builtin.VerifyTextPresentKeyword.verifyTextPresent(VerifyTextPresentKeyword.groovy:83)
	at com.kms.katalon.core.webui.keyword.builtin.VerifyTextPresentKeyword.execute(VerifyTextPresentKeyword.groovy:68)
	at com.kms.katalon.core.keyword.internal.KeywordExecutor.executeKeywordForPlatform(KeywordExecutor.groovy:74)
	at com.kms.katalon.core.webui.keyword.WebUiBuiltInKeywords.verifyTextPresent(WebUiBuiltInKeywords.groovy:1723)
	at com.kms.katalon.core.webui.keyword.WebUiBuiltInKeywords$verifyTextPresent$11.call(Unknown Source)
	at JK-008.run(JK-008:42)
	at com.kms.katalon.core.main.ScriptEngine.run(ScriptEngine.java:194)
	at com.kms.katalon.core.main.ScriptEngine.runScriptAsRawText(ScriptEngine.java:119)
	at com.kms.katalon.core.main.TestCaseExecutor.runScript(TestCaseExecutor.java:448)
	at com.kms.katalon.core.main.TestCaseExecutor.doExecute(TestCaseExecutor.java:439)
	at com.kms.katalon.core.main.TestCaseExecutor.processExecutionPhase(TestCaseExecutor.java:418)
	at com.kms.katalon.core.main.TestCaseExecutor.accessMainPhase(TestCaseExecutor.java:410)
	at com.kms.katalon.core.main.TestCaseExecutor.execute(TestCaseExecutor.java:285)
	at com.kms.katalon.core.common.CommonExecutor.accessTestCaseMainPhase(CommonExecutor.java:65)
	at com.kms.katalon.core.main.TestSuiteExecutor.accessTestSuiteMainPhase(TestSuiteExecutor.java:148)
	at com.kms.katalon.core.main.TestSuiteExecutor.execute(TestSuiteExecutor.java:106)
	at com.kms.katalon.core.main.TestCaseMain.startTestSuite(TestCaseMain.java:187)
	at com.kms.katalon.core.main.TestCaseMain$startTestSuite$0.call(Unknown Source)
	at TempTestSuite1696315841836.run(TempTestSuite1696315841836.groovy:36)
Caused by: com.kms.katalon.core.exception.StepFailedException: Text 'Please complete the file.' is not present on page 
	at com.kms.katalon.core.webui.keyword.internal.WebUIKeywordMain.stepFailed(WebUIKeywordMain.groovy:64)
	at com.kms.katalon.core.webui.keyword.builtin.VerifyTextPresentKeyword$_verifyTextPresent_closure1.doCall(VerifyTextPresentKeyword.groovy:79)
	at com.kms.katalon.core.webui.keyword.builtin.VerifyTextPresentKeyword$_verifyTextPresent_closure1.call(VerifyTextPresentKeyword.groovy)
	at com.kms.katalon.core.webui.keyword.internal.WebUIKeywordMain.runKeyword(WebUIKeywordMain.groovy:20)
	... 19 more]]></system-err>
      </testcase>
      <testcase name="Test Cases/T05 Jadi Kurir/JK-009" time="22.853" classname="Test Cases/T05 Jadi Kurir/JK-009" status="FAILED">
         <failure type="FAILED" message="Test Cases/T05 Jadi Kurir/JK-009 FAILED.
Reason:
com.kms.katalon.core.exception.StepFailedException: Unable to verify text 'plat nomor kendaraan tidak sesuai dengan format wilayah indonesia' is present 
	at com.kms.katalon.core.webui.keyword.internal.WebUIKeywordMain.stepFailed(WebUIKeywordMain.groovy:64)
	at com.kms.katalon.core.webui.keyword.internal.WebUIKeywordMain.runKeyword(WebUIKeywordMain.groovy:26)
	at com.kms.katalon.core.webui.keyword.builtin.VerifyTextPresentKeyword.verifyTextPresent(VerifyTextPresentKeyword.groovy:83)
	at com.kms.katalon.core.webui.keyword.builtin.VerifyTextPresentKeyword.execute(VerifyTextPresentKeyword.groovy:68)
	at com.kms.katalon.core.keyword.internal.KeywordExecutor.executeKeywordForPlatform(KeywordExecutor.groovy:74)
	at com.kms.katalon.core.webui.keyword.WebUiBuiltInKeywords.verifyTextPresent(WebUiBuiltInKeywords.groovy:1723)
	at com.kms.katalon.core.webui.keyword.WebUiBuiltInKeywords$verifyTextPresent$11.call(Unknown Source)
	at JK-009.run(JK-009:42)
	at com.kms.katalon.core.main.ScriptEngine.run(ScriptEngine.java:194)
	at com.kms.katalon.core.main.ScriptEngine.runScriptAsRawText(ScriptEngine.java:119)
	at com.kms.katalon.core.main.TestCaseExecutor.runScript(TestCaseExecutor.java:448)
	at com.kms.katalon.core.main.TestCaseExecutor.doExecute(TestCaseExecutor.java:439)
	at com.kms.katalon.core.main.TestCaseExecutor.processExecutionPhase(TestCaseExecutor.java:418)
	at com.kms.katalon.core.main.TestCaseExecutor.accessMainPhase(TestCaseExecutor.java:410)
	at com.kms.katalon.core.main.TestCaseExecutor.execute(TestCaseExecutor.java:285)
	at com.kms.katalon.core.common.CommonExecutor.accessTestCaseMainPhase(CommonExecutor.java:65)
	at com.kms.katalon.core.main.TestSuiteExecutor.accessTestSuiteMainPhase(TestSuiteExecutor.java:148)
	at com.kms.katalon.core.main.TestSuiteExecutor.execute(TestSuiteExecutor.java:106)
	at com.kms.katalon.core.main.TestCaseMain.startTestSuite(TestCaseMain.java:187)
	at com.kms.katalon.core.main.TestCaseMain$startTestSuite$0.call(Unknown Source)
	at TempTestSuite1696315841836.run(TempTestSuite1696315841836.groovy:36)
Caused by: com.kms.katalon.core.exception.StepFailedException: Text 'plat nomor kendaraan tidak sesuai dengan format wilayah indonesia' is not present on page 
	at com.kms.katalon.core.webui.keyword.internal.WebUIKeywordMain.stepFailed(WebUIKeywordMain.groovy:64)
	at com.kms.katalon.core.webui.keyword.builtin.VerifyTextPresentKeyword$_verifyTextPresent_closure1.doCall(VerifyTextPresentKeyword.groovy:79)
	at com.kms.katalon.core.webui.keyword.builtin.VerifyTextPresentKeyword$_verifyTextPresent_closure1.call(VerifyTextPresentKeyword.groovy)
	at com.kms.katalon.core.webui.keyword.internal.WebUIKeywordMain.runKeyword(WebUIKeywordMain.groovy:20)
	... 19 more
"/>
         <system-out><![CDATA[2023-10-03 13:53:49 - [TEST_CASE][FAILED] - Test Cases/T05 Jadi Kurir/JK-009: Test Cases/T05 Jadi Kurir/JK-009 FAILED.
Reason:
com.kms.katalon.core.exception.StepFailedException: Unable to verify text 'plat nomor kendaraan tidak sesuai dengan format wilayah indonesia' is present 
	at com.kms.katalon.core.webui.keyword.internal.WebUIKeywordMain.stepFailed(WebUIKeywordMain.groovy:64)
	at com.kms.katalon.core.webui.keyword.internal.WebUIKeywordMain.runKeyword(WebUIKeywordMain.groovy:26)
	at com.kms.katalon.core.webui.keyword.builtin.VerifyTextPresentKeyword.verifyTextPresent(VerifyTextPresentKeyword.groovy:83)
	at com.kms.katalon.core.webui.keyword.builtin.VerifyTextPresentKeyword.execute(VerifyTextPresentKeyword.groovy:68)
	at com.kms.katalon.core.keyword.internal.KeywordExecutor.executeKeywordForPlatform(KeywordExecutor.groovy:74)
	at com.kms.katalon.core.webui.keyword.WebUiBuiltInKeywords.verifyTextPresent(WebUiBuiltInKeywords.groovy:1723)
	at com.kms.katalon.core.webui.keyword.WebUiBuiltInKeywords$verifyTextPresent$11.call(Unknown Source)
	at JK-009.run(JK-009:42)
	at com.kms.katalon.core.main.ScriptEngine.run(ScriptEngine.java:194)
	at com.kms.katalon.core.main.ScriptEngine.runScriptAsRawText(ScriptEngine.java:119)
	at com.kms.katalon.core.main.TestCaseExecutor.runScript(TestCaseExecutor.java:448)
	at com.kms.katalon.core.main.TestCaseExecutor.doExecute(TestCaseExecutor.java:439)
	at com.kms.katalon.core.main.TestCaseExecutor.processExecutionPhase(TestCaseExecutor.java:418)
	at com.kms.katalon.core.main.TestCaseExecutor.accessMainPhase(TestCaseExecutor.java:410)
	at com.kms.katalon.core.main.TestCaseExecutor.execute(TestCaseExecutor.java:285)
	at com.kms.katalon.core.common.CommonExecutor.accessTestCaseMainPhase(CommonExecutor.java:65)
	at com.kms.katalon.core.main.TestSuiteExecutor.accessTestSuiteMainPhase(TestSuiteExecutor.java:148)
	at com.kms.katalon.core.main.TestSuiteExecutor.execute(TestSuiteExecutor.java:106)
	at com.kms.katalon.core.main.TestCaseMain.startTestSuite(TestCaseMain.java:187)
	at com.kms.katalon.core.main.TestCaseMain$startTestSuite$0.call(Unknown Source)
	at TempTestSuite1696315841836.run(TempTestSuite1696315841836.groovy:36)
Caused by: com.kms.katalon.core.exception.StepFailedException: Text 'plat nomor kendaraan tidak sesuai dengan format wilayah indonesia' is not present on page 
	at com.kms.katalon.core.webui.keyword.internal.WebUIKeywordMain.stepFailed(WebUIKeywordMain.groovy:64)
	at com.kms.katalon.core.webui.keyword.builtin.VerifyTextPresentKeyword$_verifyTextPresent_closure1.doCall(VerifyTextPresentKeyword.groovy:79)
	at com.kms.katalon.core.webui.keyword.builtin.VerifyTextPresentKeyword$_verifyTextPresent_closure1.call(VerifyTextPresentKeyword.groovy)
	at com.kms.katalon.core.webui.keyword.internal.WebUIKeywordMain.runKeyword(WebUIKeywordMain.groovy:20)
	... 19 more


2023-10-03 13:53:49 - [TEST_STEP][PASSED] - callTestCase(findTestCase("T05 Jadi Kurir/JK-001"), [:], STOP_ON_FAILURE): Call Test Case 'Test Cases/T05 Jadi Kurir/JK-001' successfully

2023-10-03 13:53:49 - [TEST_CASE][PASSED] - Test Cases/T05 Jadi Kurir/JK-001: Test Cases/T05 Jadi Kurir/JK-001

2023-10-03 13:53:49 - [TEST_STEP][PASSED] - callTestCase(findTestCase("T05 Jadi Kurir/LU-001"), ["username":"irfanafandi", "password":"12345irfan"], STOP_ON_FAILURE): Call Test Case 'Test Cases/T05 Jadi Kurir/LU-001' successfully

2023-10-03 13:53:49 - [TEST_CASE][PASSED] - Test Cases/T05 Jadi Kurir/LU-001: Test Cases/T05 Jadi Kurir/LU-001

2023-10-03 13:53:49 - [TEST_STEP][PASSED] - openBrowser("https://10.9.2.63/ecommerce/"): Browser is opened with url: 'https://10.9.2.63/ecommerce/'

2023-10-03 13:53:49 - [MESSAGE][WARNING] - A browser is already opened. Closing browser and opening a new one

2023-10-03 13:53:51 - [MESSAGE][INFO] - Starting 'Firefox' driver

2023-10-03 13:53:51 - [MESSAGE][INFO] - User set preference: ['args', '[--disable-notifications]']

2023-10-03 13:53:51 - [MESSAGE][INFO] - Action delay is set to 0 milliseconds

2023-10-03 13:53:56 - [MESSAGE][PASSED] - Browser is opened with url: 'https://10.9.2.63/ecommerce/'

2023-10-03 13:53:56 - [TEST_STEP][PASSED] - maximizeWindow(): Current window maximized

2023-10-03 13:53:56 - [MESSAGE][PASSED] - Current window maximized

2023-10-03 13:53:56 - [TEST_STEP][PASSED] - verifyElementPresent(findTestObject("Login/Home"), 0): Object 'Object Repository/Login/Home' is present

2023-10-03 13:53:56 - [MESSAGE][WARNING] - Timeout '0' is invalid. Using default page load timeout: '30'

2023-10-03 13:53:57 - [MESSAGE][PASSED] - Object 'Object Repository/Login/Home' is present

2023-10-03 13:53:57 - [TEST_STEP][PASSED] - click(findTestObject("Login/a_Login")): Object: 'Object Repository/Login/a_Login' is clicked on

2023-10-03 13:53:58 - [MESSAGE][PASSED] - Object: 'Object Repository/Login/a_Login' is clicked on

2023-10-03 13:53:58 - [TEST_STEP][PASSED] - verifyElementPresent(findTestObject("Login/Tittle Login"), 0): Object 'Object Repository/Login/Tittle Login' is present

2023-10-03 13:53:58 - [MESSAGE][WARNING] - Timeout '0' is invalid. Using default page load timeout: '30'

2023-10-03 13:53:58 - [MESSAGE][PASSED] - Object 'Object Repository/Login/Tittle Login' is present

2023-10-03 13:53:58 - [TEST_STEP][PASSED] - setText(findTestObject("Login/input_Username, Email atau No. Handphone_a"), username): Text 'irfanafandi' is set on object 'Object Repository/Login/input_Username, Email atau No. Handphone_a'

2023-10-03 13:53:59 - [MESSAGE][PASSED] - Text 'irfanafandi' is set on object 'Object Repository/Login/input_Username, Email atau No. Handphone_a'

2023-10-03 13:53:59 - [TEST_STEP][PASSED] - setText(findTestObject("Login/input_Password_b"), password): Text '12345irfan' is set on object 'Object Repository/Login/input_Password_b'

2023-10-03 13:53:59 - [MESSAGE][PASSED] - Text '12345irfan' is set on object 'Object Repository/Login/input_Password_b'

2023-10-03 13:53:59 - [TEST_STEP][PASSED] - click(findTestObject("Login/label_Ingat saya")): Object: 'Object Repository/Login/label_Ingat saya' is clicked on

2023-10-03 13:54:00 - [MESSAGE][PASSED] - Object: 'Object Repository/Login/label_Ingat saya' is clicked on

2023-10-03 13:54:00 - [TEST_STEP][PASSED] - click(findTestObject("Login/button_Masuk")): Object: 'Object Repository/Login/button_Masuk' is clicked on

2023-10-03 13:54:01 - [MESSAGE][PASSED] - Object: 'Object Repository/Login/button_Masuk' is clicked on

2023-10-03 13:54:01 - [TEST_STEP][PASSED] - verifyElementPresent(findTestObject("Login/li_Profile"), 0): Object 'Object Repository/Login/li_Profile' is present

2023-10-03 13:54:01 - [MESSAGE][WARNING] - Timeout '0' is invalid. Using default page load timeout: '30'

2023-10-03 13:54:02 - [MESSAGE][PASSED] - Object 'Object Repository/Login/li_Profile' is present

2023-10-03 13:54:02 - [MESSAGE][PASSED] - Call Test Case 'Test Cases/T05 Jadi Kurir/LU-001' successfully

2023-10-03 13:54:02 - [TEST_STEP][PASSED] - click(findTestObject("Jadi kurir/a_Jadi Kurir")): Object: 'Object Repository/Jadi kurir/a_Jadi Kurir' is clicked on

2023-10-03 13:54:03 - [MESSAGE][PASSED] - Object: 'Object Repository/Jadi kurir/a_Jadi Kurir' is clicked on

2023-10-03 13:54:03 - [TEST_STEP][PASSED] - verifyElementPresent(findTestObject("Jadi kurir/li_Profile Kurir"), 0): Object 'Object Repository/Jadi kurir/li_Profile Kurir' is present

2023-10-03 13:54:03 - [MESSAGE][WARNING] - Timeout '0' is invalid. Using default page load timeout: '30'

2023-10-03 13:54:04 - [MESSAGE][PASSED] - Object 'Object Repository/Jadi kurir/li_Profile Kurir' is present

2023-10-03 13:54:04 - [MESSAGE][PASSED] - Call Test Case 'Test Cases/T05 Jadi Kurir/JK-001' successfully

2023-10-03 13:54:04 - [TEST_STEP][PASSED] - click(findTestObject("Jadi kurir/a_Daftar  Edit Data")): Object: 'Object Repository/Jadi kurir/a_Daftar  Edit Data' is clicked on

2023-10-03 13:54:05 - [MESSAGE][PASSED] - Object: 'Object Repository/Jadi kurir/a_Daftar  Edit Data' is clicked on

2023-10-03 13:54:05 - [TEST_STEP][PASSED] - verifyElementPresent(findTestObject("Jadi kurir/li_Profile Kurir"), 0): Object 'Object Repository/Jadi kurir/li_Profile Kurir' is present

2023-10-03 13:54:05 - [MESSAGE][WARNING] - Timeout '0' is invalid. Using default page load timeout: '30'

2023-10-03 13:54:06 - [MESSAGE][PASSED] - Object 'Object Repository/Jadi kurir/li_Profile Kurir' is present

2023-10-03 13:54:06 - [TEST_STEP][PASSED] - selectOptionByValue(findTestObject("Jadi kurir/select_- Pilih Kendaraan -Roda 2Roda 4"), Jenis, false): All options with value '2' are selected in object 'Object Repository/Jadi kurir/select_- Pilih Kendaraan -Roda 2Roda 4' 

2023-10-03 13:54:06 - [MESSAGE][PASSED] - All options with value '2' are selected in object 'Object Repository/Jadi kurir/select_- Pilih Kendaraan -Roda 2Roda 4' 

2023-10-03 13:54:06 - [TEST_STEP][PASSED] - setText(findTestObject("Jadi kurir/input_Merek Kendaraan"), Merek_Kendaraan): Text 'toyota supra' is set on object 'Object Repository/Jadi kurir/input_Merek Kendaraan'

2023-10-03 13:54:07 - [MESSAGE][PASSED] - Text 'toyota supra' is set on object 'Object Repository/Jadi kurir/input_Merek Kendaraan'

2023-10-03 13:54:07 - [TEST_STEP][PASSED] - setText(findTestObject("Jadi kurir/input_Plat Nomor"), Plat_Nomor): Text 'Udin' is set on object 'Object Repository/Jadi kurir/input_Plat Nomor'

2023-10-03 13:54:08 - [MESSAGE][PASSED] - Text 'Udin' is set on object 'Object Repository/Jadi kurir/input_Plat Nomor'

2023-10-03 13:54:08 - [TEST_STEP][PASSED] - setText(findTestObject("Jadi kurir/textarea_Keterangan"), Keterangan): Text 'mau daftar dong bang' is set on object 'Object Repository/Jadi kurir/textarea_Keterangan'

2023-10-03 13:54:09 - [MESSAGE][PASSED] - Text 'mau daftar dong bang' is set on object 'Object Repository/Jadi kurir/textarea_Keterangan'

2023-10-03 13:54:09 - [TEST_STEP][PASSED] - uploadFile(findTestObject("Object Repository/Jadi kurir/input_Choose files_uploadFile"), Berkas): File 'C:\Users\IRFAN\Downloads\Berkas2.pdf' sent to object: 'Object Repository/Jadi kurir/input_Choose files_uploadFile'

2023-10-03 13:54:09 - [MESSAGE][PASSED] - File 'C:\Users\IRFAN\Downloads\Berkas2.pdf' sent to object: 'Object Repository/Jadi kurir/input_Choose files_uploadFile'

2023-10-03 13:54:09 - [TEST_STEP][PASSED] - click(findTestObject("Jadi kurir/button_Simpan Perubahan")): Object: 'Object Repository/Jadi kurir/button_Simpan Perubahan' is clicked on

2023-10-03 13:54:11 - [MESSAGE][PASSED] - Object: 'Object Repository/Jadi kurir/button_Simpan Perubahan' is clicked on

2023-10-03 13:54:11 - [TEST_STEP][FAILED] - verifyTextPresent("plat nomor kendaraan tidak sesuai dengan format wilayah indonesia", false): Unable to verify text 'plat nomor kendaraan tidak sesuai dengan format wilayah indonesia' is present  (Root cause: com.kms.katalon.core.exception.StepFailedException: Unable to verify text 'plat nomor kendaraan tidak sesuai dengan format wilayah indonesia' is present 
	at com.kms.katalon.core.webui.keyword.internal.WebUIKeywordMain.stepFailed(WebUIKeywordMain.groovy:64)
	at com.kms.katalon.core.webui.keyword.internal.WebUIKeywordMain.runKeyword(WebUIKeywordMain.groovy:26)
	at com.kms.katalon.core.webui.keyword.builtin.VerifyTextPresentKeyword.verifyTextPresent(VerifyTextPresentKeyword.groovy:83)
	at com.kms.katalon.core.webui.keyword.builtin.VerifyTextPresentKeyword.execute(VerifyTextPresentKeyword.groovy:68)
	at com.kms.katalon.core.keyword.internal.KeywordExecutor.executeKeywordForPlatform(KeywordExecutor.groovy:74)
	at com.kms.katalon.core.webui.keyword.WebUiBuiltInKeywords.verifyTextPresent(WebUiBuiltInKeywords.groovy:1723)
	at com.kms.katalon.core.webui.keyword.WebUiBuiltInKeywords$verifyTextPresent$11.call(Unknown Source)
	at JK-009.run(JK-009:42)
	at com.kms.katalon.core.main.ScriptEngine.run(ScriptEngine.java:194)
	at com.kms.katalon.core.main.ScriptEngine.runScriptAsRawText(ScriptEngine.java:119)
	at com.kms.katalon.core.main.TestCaseExecutor.runScript(TestCaseExecutor.java:448)
	at com.kms.katalon.core.main.TestCaseExecutor.doExecute(TestCaseExecutor.java:439)
	at com.kms.katalon.core.main.TestCaseExecutor.processExecutionPhase(TestCaseExecutor.java:418)
	at com.kms.katalon.core.main.TestCaseExecutor.accessMainPhase(TestCaseExecutor.java:410)
	at com.kms.katalon.core.main.TestCaseExecutor.execute(TestCaseExecutor.java:285)
	at com.kms.katalon.core.common.CommonExecutor.accessTestCaseMainPhase(CommonExecutor.java:65)
	at com.kms.katalon.core.main.TestSuiteExecutor.accessTestSuiteMainPhase(TestSuiteExecutor.java:148)
	at com.kms.katalon.core.main.TestSuiteExecutor.execute(TestSuiteExecutor.java:106)
	at com.kms.katalon.core.main.TestCaseMain.startTestSuite(TestCaseMain.java:187)
	at com.kms.katalon.core.main.TestCaseMain$startTestSuite$0.call(Unknown Source)
	at TempTestSuite1696315841836.run(TempTestSuite1696315841836.groovy:36)
Caused by: com.kms.katalon.core.exception.StepFailedException: Text 'plat nomor kendaraan tidak sesuai dengan format wilayah indonesia' is not present on page 
	at com.kms.katalon.core.webui.keyword.internal.WebUIKeywordMain.stepFailed(WebUIKeywordMain.groovy:64)
	at com.kms.katalon.core.webui.keyword.builtin.VerifyTextPresentKeyword$_verifyTextPresent_closure1.doCall(VerifyTextPresentKeyword.groovy:79)
	at com.kms.katalon.core.webui.keyword.builtin.VerifyTextPresentKeyword$_verifyTextPresent_closure1.call(VerifyTextPresentKeyword.groovy)
	at com.kms.katalon.core.webui.keyword.internal.WebUIKeywordMain.runKeyword(WebUIKeywordMain.groovy:20)
	... 19 more
)

2023-10-03 13:54:12 - [MESSAGE][FAILED] - Text 'plat nomor kendaraan tidak sesuai dengan format wilayah indonesia' is not present on page  (Root cause: com.kms.katalon.core.exception.StepFailedException: Text 'plat nomor kendaraan tidak sesuai dengan format wilayah indonesia' is not present on page 
	at com.kms.katalon.core.webui.keyword.internal.WebUIKeywordMain.stepFailed(WebUIKeywordMain.groovy:64)
	at com.kms.katalon.core.webui.keyword.builtin.VerifyTextPresentKeyword$_verifyTextPresent_closure1.doCall(VerifyTextPresentKeyword.groovy:79)
	at com.kms.katalon.core.webui.keyword.builtin.VerifyTextPresentKeyword$_verifyTextPresent_closure1.call(VerifyTextPresentKeyword.groovy)
	at com.kms.katalon.core.webui.keyword.internal.WebUIKeywordMain.runKeyword(WebUIKeywordMain.groovy:20)
	at com.kms.katalon.core.webui.keyword.builtin.VerifyTextPresentKeyword.verifyTextPresent(VerifyTextPresentKeyword.groovy:83)
	at com.kms.katalon.core.webui.keyword.builtin.VerifyTextPresentKeyword.execute(VerifyTextPresentKeyword.groovy:68)
	at com.kms.katalon.core.keyword.internal.KeywordExecutor.executeKeywordForPlatform(KeywordExecutor.groovy:74)
	at com.kms.katalon.core.webui.keyword.WebUiBuiltInKeywords.verifyTextPresent(WebUiBuiltInKeywords.groovy:1723)
	at com.kms.katalon.core.webui.keyword.WebUiBuiltInKeywords$verifyTextPresent$11.call(Unknown Source)
	at JK-009.run(JK-009:42)
	at com.kms.katalon.core.main.ScriptEngine.run(ScriptEngine.java:194)
	at com.kms.katalon.core.main.ScriptEngine.runScriptAsRawText(ScriptEngine.java:119)
	at com.kms.katalon.core.main.TestCaseExecutor.runScript(TestCaseExecutor.java:448)
	at com.kms.katalon.core.main.TestCaseExecutor.doExecute(TestCaseExecutor.java:439)
	at com.kms.katalon.core.main.TestCaseExecutor.processExecutionPhase(TestCaseExecutor.java:418)
	at com.kms.katalon.core.main.TestCaseExecutor.accessMainPhase(TestCaseExecutor.java:410)
	at com.kms.katalon.core.main.TestCaseExecutor.execute(TestCaseExecutor.java:285)
	at com.kms.katalon.core.common.CommonExecutor.accessTestCaseMainPhase(CommonExecutor.java:65)
	at com.kms.katalon.core.main.TestSuiteExecutor.accessTestSuiteMainPhase(TestSuiteExecutor.java:148)
	at com.kms.katalon.core.main.TestSuiteExecutor.execute(TestSuiteExecutor.java:106)
	at com.kms.katalon.core.main.TestCaseMain.startTestSuite(TestCaseMain.java:187)
	at com.kms.katalon.core.main.TestCaseMain$startTestSuite$0.call(Unknown Source)
	at TempTestSuite1696315841836.run(TempTestSuite1696315841836.groovy:36)
)

2023-10-03 13:54:12 - [MESSAGE][FAILED] - Unable to verify text 'plat nomor kendaraan tidak sesuai dengan format wilayah indonesia' is present  (Root cause: com.kms.katalon.core.exception.StepFailedException: Unable to verify text 'plat nomor kendaraan tidak sesuai dengan format wilayah indonesia' is present 
	at com.kms.katalon.core.webui.keyword.internal.WebUIKeywordMain.stepFailed(WebUIKeywordMain.groovy:64)
	at com.kms.katalon.core.webui.keyword.internal.WebUIKeywordMain.runKeyword(WebUIKeywordMain.groovy:26)
	at com.kms.katalon.core.webui.keyword.builtin.VerifyTextPresentKeyword.verifyTextPresent(VerifyTextPresentKeyword.groovy:83)
	at com.kms.katalon.core.webui.keyword.builtin.VerifyTextPresentKeyword.execute(VerifyTextPresentKeyword.groovy:68)
	at com.kms.katalon.core.keyword.internal.KeywordExecutor.executeKeywordForPlatform(KeywordExecutor.groovy:74)
	at com.kms.katalon.core.webui.keyword.WebUiBuiltInKeywords.verifyTextPresent(WebUiBuiltInKeywords.groovy:1723)
	at com.kms.katalon.core.webui.keyword.WebUiBuiltInKeywords$verifyTextPresent$11.call(Unknown Source)
	at JK-009.run(JK-009:42)
	at com.kms.katalon.core.main.ScriptEngine.run(ScriptEngine.java:194)
	at com.kms.katalon.core.main.ScriptEngine.runScriptAsRawText(ScriptEngine.java:119)
	at com.kms.katalon.core.main.TestCaseExecutor.runScript(TestCaseExecutor.java:448)
	at com.kms.katalon.core.main.TestCaseExecutor.doExecute(TestCaseExecutor.java:439)
	at com.kms.katalon.core.main.TestCaseExecutor.processExecutionPhase(TestCaseExecutor.java:418)
	at com.kms.katalon.core.main.TestCaseExecutor.accessMainPhase(TestCaseExecutor.java:410)
	at com.kms.katalon.core.main.TestCaseExecutor.execute(TestCaseExecutor.java:285)
	at com.kms.katalon.core.common.CommonExecutor.accessTestCaseMainPhase(CommonExecutor.java:65)
	at com.kms.katalon.core.main.TestSuiteExecutor.accessTestSuiteMainPhase(TestSuiteExecutor.java:148)
	at com.kms.katalon.core.main.TestSuiteExecutor.execute(TestSuiteExecutor.java:106)
	at com.kms.katalon.core.main.TestCaseMain.startTestSuite(TestCaseMain.java:187)
	at com.kms.katalon.core.main.TestCaseMain$startTestSuite$0.call(Unknown Source)
	at TempTestSuite1696315841836.run(TempTestSuite1696315841836.groovy:36)
Caused by: com.kms.katalon.core.exception.StepFailedException: Text 'plat nomor kendaraan tidak sesuai dengan format wilayah indonesia' is not present on page 
	at com.kms.katalon.core.webui.keyword.internal.WebUIKeywordMain.stepFailed(WebUIKeywordMain.groovy:64)
	at com.kms.katalon.core.webui.keyword.builtin.VerifyTextPresentKeyword$_verifyTextPresent_closure1.doCall(VerifyTextPresentKeyword.groovy:79)
	at com.kms.katalon.core.webui.keyword.builtin.VerifyTextPresentKeyword$_verifyTextPresent_closure1.call(VerifyTextPresentKeyword.groovy)
	at com.kms.katalon.core.webui.keyword.internal.WebUIKeywordMain.runKeyword(WebUIKeywordMain.groovy:20)
	... 19 more
)
[[ATTACHMENT|D:\\BOOTCAMP XSIS\\Projek 2 MINI PROJEK\\Reports\\20231003_135040\\jadi kurir\\T05 jadi kurir\\20231003_135041\\1696316052038.png]]]]></system-out>
         <system-err><![CDATA[2023-10-03 13:53:49 - [TEST_CASE][FAILED] - Test Cases/T05 Jadi Kurir/JK-009: Test Cases/T05 Jadi Kurir/JK-009 FAILED.
Reason:
com.kms.katalon.core.exception.StepFailedException: Unable to verify text 'plat nomor kendaraan tidak sesuai dengan format wilayah indonesia' is present 
	at com.kms.katalon.core.webui.keyword.internal.WebUIKeywordMain.stepFailed(WebUIKeywordMain.groovy:64)
	at com.kms.katalon.core.webui.keyword.internal.WebUIKeywordMain.runKeyword(WebUIKeywordMain.groovy:26)
	at com.kms.katalon.core.webui.keyword.builtin.VerifyTextPresentKeyword.verifyTextPresent(VerifyTextPresentKeyword.groovy:83)
	at com.kms.katalon.core.webui.keyword.builtin.VerifyTextPresentKeyword.execute(VerifyTextPresentKeyword.groovy:68)
	at com.kms.katalon.core.keyword.internal.KeywordExecutor.executeKeywordForPlatform(KeywordExecutor.groovy:74)
	at com.kms.katalon.core.webui.keyword.WebUiBuiltInKeywords.verifyTextPresent(WebUiBuiltInKeywords.groovy:1723)
	at com.kms.katalon.core.webui.keyword.WebUiBuiltInKeywords$verifyTextPresent$11.call(Unknown Source)
	at JK-009.run(JK-009:42)
	at com.kms.katalon.core.main.ScriptEngine.run(ScriptEngine.java:194)
	at com.kms.katalon.core.main.ScriptEngine.runScriptAsRawText(ScriptEngine.java:119)
	at com.kms.katalon.core.main.TestCaseExecutor.runScript(TestCaseExecutor.java:448)
	at com.kms.katalon.core.main.TestCaseExecutor.doExecute(TestCaseExecutor.java:439)
	at com.kms.katalon.core.main.TestCaseExecutor.processExecutionPhase(TestCaseExecutor.java:418)
	at com.kms.katalon.core.main.TestCaseExecutor.accessMainPhase(TestCaseExecutor.java:410)
	at com.kms.katalon.core.main.TestCaseExecutor.execute(TestCaseExecutor.java:285)
	at com.kms.katalon.core.common.CommonExecutor.accessTestCaseMainPhase(CommonExecutor.java:65)
	at com.kms.katalon.core.main.TestSuiteExecutor.accessTestSuiteMainPhase(TestSuiteExecutor.java:148)
	at com.kms.katalon.core.main.TestSuiteExecutor.execute(TestSuiteExecutor.java:106)
	at com.kms.katalon.core.main.TestCaseMain.startTestSuite(TestCaseMain.java:187)
	at com.kms.katalon.core.main.TestCaseMain$startTestSuite$0.call(Unknown Source)
	at TempTestSuite1696315841836.run(TempTestSuite1696315841836.groovy:36)
Caused by: com.kms.katalon.core.exception.StepFailedException: Text 'plat nomor kendaraan tidak sesuai dengan format wilayah indonesia' is not present on page 
	at com.kms.katalon.core.webui.keyword.internal.WebUIKeywordMain.stepFailed(WebUIKeywordMain.groovy:64)
	at com.kms.katalon.core.webui.keyword.builtin.VerifyTextPresentKeyword$_verifyTextPresent_closure1.doCall(VerifyTextPresentKeyword.groovy:79)
	at com.kms.katalon.core.webui.keyword.builtin.VerifyTextPresentKeyword$_verifyTextPresent_closure1.call(VerifyTextPresentKeyword.groovy)
	at com.kms.katalon.core.webui.keyword.internal.WebUIKeywordMain.runKeyword(WebUIKeywordMain.groovy:20)
	... 19 more]]></system-err>
      </testcase>
      <testcase name="Test Cases/T05 Jadi Kurir/JK-010" time="23.184" classname="Test Cases/T05 Jadi Kurir/JK-010" status="FAILED">
         <failure type="FAILED" message="Test Cases/T05 Jadi Kurir/JK-010 FAILED.
Reason:
com.kms.katalon.core.exception.StepFailedException: Unable to verify text '&quot;plat nomor tidak terdaftar diseluruh wilayah SAMSAT indonesia' is present 
	at com.kms.katalon.core.webui.keyword.internal.WebUIKeywordMain.stepFailed(WebUIKeywordMain.groovy:64)
	at com.kms.katalon.core.webui.keyword.internal.WebUIKeywordMain.runKeyword(WebUIKeywordMain.groovy:26)
	at com.kms.katalon.core.webui.keyword.builtin.VerifyTextPresentKeyword.verifyTextPresent(VerifyTextPresentKeyword.groovy:83)
	at com.kms.katalon.core.webui.keyword.builtin.VerifyTextPresentKeyword.execute(VerifyTextPresentKeyword.groovy:68)
	at com.kms.katalon.core.keyword.internal.KeywordExecutor.executeKeywordForPlatform(KeywordExecutor.groovy:74)
	at com.kms.katalon.core.webui.keyword.WebUiBuiltInKeywords.verifyTextPresent(WebUiBuiltInKeywords.groovy:1723)
	at com.kms.katalon.core.webui.keyword.WebUiBuiltInKeywords$verifyTextPresent$11.call(Unknown Source)
	at JK-010.run(JK-010:42)
	at com.kms.katalon.core.main.ScriptEngine.run(ScriptEngine.java:194)
	at com.kms.katalon.core.main.ScriptEngine.runScriptAsRawText(ScriptEngine.java:119)
	at com.kms.katalon.core.main.TestCaseExecutor.runScript(TestCaseExecutor.java:448)
	at com.kms.katalon.core.main.TestCaseExecutor.doExecute(TestCaseExecutor.java:439)
	at com.kms.katalon.core.main.TestCaseExecutor.processExecutionPhase(TestCaseExecutor.java:418)
	at com.kms.katalon.core.main.TestCaseExecutor.accessMainPhase(TestCaseExecutor.java:410)
	at com.kms.katalon.core.main.TestCaseExecutor.execute(TestCaseExecutor.java:285)
	at com.kms.katalon.core.common.CommonExecutor.accessTestCaseMainPhase(CommonExecutor.java:65)
	at com.kms.katalon.core.main.TestSuiteExecutor.accessTestSuiteMainPhase(TestSuiteExecutor.java:148)
	at com.kms.katalon.core.main.TestSuiteExecutor.execute(TestSuiteExecutor.java:106)
	at com.kms.katalon.core.main.TestCaseMain.startTestSuite(TestCaseMain.java:187)
	at com.kms.katalon.core.main.TestCaseMain$startTestSuite$0.call(Unknown Source)
	at TempTestSuite1696315841836.run(TempTestSuite1696315841836.groovy:36)
Caused by: com.kms.katalon.core.exception.StepFailedException: Text '&quot;plat nomor tidak terdaftar diseluruh wilayah SAMSAT indonesia' is not present on page 
	at com.kms.katalon.core.webui.keyword.internal.WebUIKeywordMain.stepFailed(WebUIKeywordMain.groovy:64)
	at com.kms.katalon.core.webui.keyword.builtin.VerifyTextPresentKeyword$_verifyTextPresent_closure1.doCall(VerifyTextPresentKeyword.groovy:79)
	at com.kms.katalon.core.webui.keyword.builtin.VerifyTextPresentKeyword$_verifyTextPresent_closure1.call(VerifyTextPresentKeyword.groovy)
	at com.kms.katalon.core.webui.keyword.internal.WebUIKeywordMain.runKeyword(WebUIKeywordMain.groovy:20)
	... 19 more
"/>
         <system-out><![CDATA[2023-10-03 13:54:12 - [TEST_CASE][FAILED] - Test Cases/T05 Jadi Kurir/JK-010: Test Cases/T05 Jadi Kurir/JK-010 FAILED.
Reason:
com.kms.katalon.core.exception.StepFailedException: Unable to verify text '"plat nomor tidak terdaftar diseluruh wilayah SAMSAT indonesia' is present 
	at com.kms.katalon.core.webui.keyword.internal.WebUIKeywordMain.stepFailed(WebUIKeywordMain.groovy:64)
	at com.kms.katalon.core.webui.keyword.internal.WebUIKeywordMain.runKeyword(WebUIKeywordMain.groovy:26)
	at com.kms.katalon.core.webui.keyword.builtin.VerifyTextPresentKeyword.verifyTextPresent(VerifyTextPresentKeyword.groovy:83)
	at com.kms.katalon.core.webui.keyword.builtin.VerifyTextPresentKeyword.execute(VerifyTextPresentKeyword.groovy:68)
	at com.kms.katalon.core.keyword.internal.KeywordExecutor.executeKeywordForPlatform(KeywordExecutor.groovy:74)
	at com.kms.katalon.core.webui.keyword.WebUiBuiltInKeywords.verifyTextPresent(WebUiBuiltInKeywords.groovy:1723)
	at com.kms.katalon.core.webui.keyword.WebUiBuiltInKeywords$verifyTextPresent$11.call(Unknown Source)
	at JK-010.run(JK-010:42)
	at com.kms.katalon.core.main.ScriptEngine.run(ScriptEngine.java:194)
	at com.kms.katalon.core.main.ScriptEngine.runScriptAsRawText(ScriptEngine.java:119)
	at com.kms.katalon.core.main.TestCaseExecutor.runScript(TestCaseExecutor.java:448)
	at com.kms.katalon.core.main.TestCaseExecutor.doExecute(TestCaseExecutor.java:439)
	at com.kms.katalon.core.main.TestCaseExecutor.processExecutionPhase(TestCaseExecutor.java:418)
	at com.kms.katalon.core.main.TestCaseExecutor.accessMainPhase(TestCaseExecutor.java:410)
	at com.kms.katalon.core.main.TestCaseExecutor.execute(TestCaseExecutor.java:285)
	at com.kms.katalon.core.common.CommonExecutor.accessTestCaseMainPhase(CommonExecutor.java:65)
	at com.kms.katalon.core.main.TestSuiteExecutor.accessTestSuiteMainPhase(TestSuiteExecutor.java:148)
	at com.kms.katalon.core.main.TestSuiteExecutor.execute(TestSuiteExecutor.java:106)
	at com.kms.katalon.core.main.TestCaseMain.startTestSuite(TestCaseMain.java:187)
	at com.kms.katalon.core.main.TestCaseMain$startTestSuite$0.call(Unknown Source)
	at TempTestSuite1696315841836.run(TempTestSuite1696315841836.groovy:36)
Caused by: com.kms.katalon.core.exception.StepFailedException: Text '"plat nomor tidak terdaftar diseluruh wilayah SAMSAT indonesia' is not present on page 
	at com.kms.katalon.core.webui.keyword.internal.WebUIKeywordMain.stepFailed(WebUIKeywordMain.groovy:64)
	at com.kms.katalon.core.webui.keyword.builtin.VerifyTextPresentKeyword$_verifyTextPresent_closure1.doCall(VerifyTextPresentKeyword.groovy:79)
	at com.kms.katalon.core.webui.keyword.builtin.VerifyTextPresentKeyword$_verifyTextPresent_closure1.call(VerifyTextPresentKeyword.groovy)
	at com.kms.katalon.core.webui.keyword.internal.WebUIKeywordMain.runKeyword(WebUIKeywordMain.groovy:20)
	... 19 more


2023-10-03 13:54:12 - [TEST_STEP][PASSED] - callTestCase(findTestCase("T05 Jadi Kurir/JK-001"), [:], STOP_ON_FAILURE): Call Test Case 'Test Cases/T05 Jadi Kurir/JK-001' successfully

2023-10-03 13:54:12 - [TEST_CASE][PASSED] - Test Cases/T05 Jadi Kurir/JK-001: Test Cases/T05 Jadi Kurir/JK-001

2023-10-03 13:54:12 - [TEST_STEP][PASSED] - callTestCase(findTestCase("T05 Jadi Kurir/LU-001"), ["username":"irfanafandi", "password":"12345irfan"], STOP_ON_FAILURE): Call Test Case 'Test Cases/T05 Jadi Kurir/LU-001' successfully

2023-10-03 13:54:12 - [TEST_CASE][PASSED] - Test Cases/T05 Jadi Kurir/LU-001: Test Cases/T05 Jadi Kurir/LU-001

2023-10-03 13:54:12 - [TEST_STEP][PASSED] - openBrowser("https://10.9.2.63/ecommerce/"): Browser is opened with url: 'https://10.9.2.63/ecommerce/'

2023-10-03 13:54:12 - [MESSAGE][WARNING] - A browser is already opened. Closing browser and opening a new one

2023-10-03 13:54:14 - [MESSAGE][INFO] - Starting 'Firefox' driver

2023-10-03 13:54:14 - [MESSAGE][INFO] - User set preference: ['args', '[--disable-notifications]']

2023-10-03 13:54:14 - [MESSAGE][INFO] - Action delay is set to 0 milliseconds

2023-10-03 13:54:20 - [MESSAGE][PASSED] - Browser is opened with url: 'https://10.9.2.63/ecommerce/'

2023-10-03 13:54:20 - [TEST_STEP][PASSED] - maximizeWindow(): Current window maximized

2023-10-03 13:54:20 - [MESSAGE][PASSED] - Current window maximized

2023-10-03 13:54:20 - [TEST_STEP][PASSED] - verifyElementPresent(findTestObject("Login/Home"), 0): Object 'Object Repository/Login/Home' is present

2023-10-03 13:54:20 - [MESSAGE][WARNING] - Timeout '0' is invalid. Using default page load timeout: '30'

2023-10-03 13:54:20 - [MESSAGE][PASSED] - Object 'Object Repository/Login/Home' is present

2023-10-03 13:54:20 - [TEST_STEP][PASSED] - click(findTestObject("Login/a_Login")): Object: 'Object Repository/Login/a_Login' is clicked on

2023-10-03 13:54:21 - [MESSAGE][PASSED] - Object: 'Object Repository/Login/a_Login' is clicked on

2023-10-03 13:54:21 - [TEST_STEP][PASSED] - verifyElementPresent(findTestObject("Login/Tittle Login"), 0): Object 'Object Repository/Login/Tittle Login' is present

2023-10-03 13:54:21 - [MESSAGE][WARNING] - Timeout '0' is invalid. Using default page load timeout: '30'

2023-10-03 13:54:21 - [MESSAGE][PASSED] - Object 'Object Repository/Login/Tittle Login' is present

2023-10-03 13:54:21 - [TEST_STEP][PASSED] - setText(findTestObject("Login/input_Username, Email atau No. Handphone_a"), username): Text 'irfanafandi' is set on object 'Object Repository/Login/input_Username, Email atau No. Handphone_a'

2023-10-03 13:54:22 - [MESSAGE][PASSED] - Text 'irfanafandi' is set on object 'Object Repository/Login/input_Username, Email atau No. Handphone_a'

2023-10-03 13:54:22 - [TEST_STEP][PASSED] - setText(findTestObject("Login/input_Password_b"), password): Text '12345irfan' is set on object 'Object Repository/Login/input_Password_b'

2023-10-03 13:54:23 - [MESSAGE][PASSED] - Text '12345irfan' is set on object 'Object Repository/Login/input_Password_b'

2023-10-03 13:54:23 - [TEST_STEP][PASSED] - click(findTestObject("Login/label_Ingat saya")): Object: 'Object Repository/Login/label_Ingat saya' is clicked on

2023-10-03 13:54:23 - [MESSAGE][PASSED] - Object: 'Object Repository/Login/label_Ingat saya' is clicked on

2023-10-03 13:54:23 - [TEST_STEP][PASSED] - click(findTestObject("Login/button_Masuk")): Object: 'Object Repository/Login/button_Masuk' is clicked on

2023-10-03 13:54:25 - [MESSAGE][PASSED] - Object: 'Object Repository/Login/button_Masuk' is clicked on

2023-10-03 13:54:25 - [TEST_STEP][PASSED] - verifyElementPresent(findTestObject("Login/li_Profile"), 0): Object 'Object Repository/Login/li_Profile' is present

2023-10-03 13:54:25 - [MESSAGE][WARNING] - Timeout '0' is invalid. Using default page load timeout: '30'

2023-10-03 13:54:25 - [MESSAGE][PASSED] - Object 'Object Repository/Login/li_Profile' is present

2023-10-03 13:54:25 - [MESSAGE][PASSED] - Call Test Case 'Test Cases/T05 Jadi Kurir/LU-001' successfully

2023-10-03 13:54:25 - [TEST_STEP][PASSED] - click(findTestObject("Jadi kurir/a_Jadi Kurir")): Object: 'Object Repository/Jadi kurir/a_Jadi Kurir' is clicked on

2023-10-03 13:54:26 - [MESSAGE][PASSED] - Object: 'Object Repository/Jadi kurir/a_Jadi Kurir' is clicked on

2023-10-03 13:54:26 - [TEST_STEP][PASSED] - verifyElementPresent(findTestObject("Jadi kurir/li_Profile Kurir"), 0): Object 'Object Repository/Jadi kurir/li_Profile Kurir' is present

2023-10-03 13:54:26 - [MESSAGE][WARNING] - Timeout '0' is invalid. Using default page load timeout: '30'

2023-10-03 13:54:27 - [MESSAGE][PASSED] - Object 'Object Repository/Jadi kurir/li_Profile Kurir' is present

2023-10-03 13:54:27 - [MESSAGE][PASSED] - Call Test Case 'Test Cases/T05 Jadi Kurir/JK-001' successfully

2023-10-03 13:54:27 - [TEST_STEP][PASSED] - click(findTestObject("Jadi kurir/a_Daftar  Edit Data")): Object: 'Object Repository/Jadi kurir/a_Daftar  Edit Data' is clicked on

2023-10-03 13:54:28 - [MESSAGE][PASSED] - Object: 'Object Repository/Jadi kurir/a_Daftar  Edit Data' is clicked on

2023-10-03 13:54:28 - [TEST_STEP][PASSED] - verifyElementPresent(findTestObject("Jadi kurir/li_Profile Kurir"), 0): Object 'Object Repository/Jadi kurir/li_Profile Kurir' is present

2023-10-03 13:54:28 - [MESSAGE][WARNING] - Timeout '0' is invalid. Using default page load timeout: '30'

2023-10-03 13:54:29 - [MESSAGE][PASSED] - Object 'Object Repository/Jadi kurir/li_Profile Kurir' is present

2023-10-03 13:54:29 - [TEST_STEP][PASSED] - selectOptionByValue(findTestObject("Jadi kurir/select_- Pilih Kendaraan -Roda 2Roda 4"), Jenis, false): All options with value '2' are selected in object 'Object Repository/Jadi kurir/select_- Pilih Kendaraan -Roda 2Roda 4' 

2023-10-03 13:54:29 - [MESSAGE][PASSED] - All options with value '2' are selected in object 'Object Repository/Jadi kurir/select_- Pilih Kendaraan -Roda 2Roda 4' 

2023-10-03 13:54:29 - [TEST_STEP][PASSED] - setText(findTestObject("Jadi kurir/input_Merek Kendaraan"), Merek_Kendaraan): Text 'toyota supra' is set on object 'Object Repository/Jadi kurir/input_Merek Kendaraan'

2023-10-03 13:54:30 - [MESSAGE][PASSED] - Text 'toyota supra' is set on object 'Object Repository/Jadi kurir/input_Merek Kendaraan'

2023-10-03 13:54:30 - [TEST_STEP][PASSED] - setText(findTestObject("Jadi kurir/input_Plat Nomor"), Plat_Nomor): Text 'OHZ6121' is set on object 'Object Repository/Jadi kurir/input_Plat Nomor'

2023-10-03 13:54:31 - [MESSAGE][PASSED] - Text 'OHZ6121' is set on object 'Object Repository/Jadi kurir/input_Plat Nomor'

2023-10-03 13:54:31 - [TEST_STEP][PASSED] - setText(findTestObject("Jadi kurir/textarea_Keterangan"), Keterangan): Text 'mau daftar dong bang' is set on object 'Object Repository/Jadi kurir/textarea_Keterangan'

2023-10-03 13:54:32 - [MESSAGE][PASSED] - Text 'mau daftar dong bang' is set on object 'Object Repository/Jadi kurir/textarea_Keterangan'

2023-10-03 13:54:32 - [TEST_STEP][PASSED] - uploadFile(findTestObject("Object Repository/Jadi kurir/input_Choose files_uploadFile"), Berkas): File 'C:\Users\IRFAN\Downloads\Berkas2.pdf' sent to object: 'Object Repository/Jadi kurir/input_Choose files_uploadFile'

2023-10-03 13:54:32 - [MESSAGE][PASSED] - File 'C:\Users\IRFAN\Downloads\Berkas2.pdf' sent to object: 'Object Repository/Jadi kurir/input_Choose files_uploadFile'

2023-10-03 13:54:32 - [TEST_STEP][PASSED] - click(findTestObject("Jadi kurir/button_Simpan Perubahan")): Object: 'Object Repository/Jadi kurir/button_Simpan Perubahan' is clicked on

2023-10-03 13:54:34 - [MESSAGE][PASSED] - Object: 'Object Repository/Jadi kurir/button_Simpan Perubahan' is clicked on

2023-10-03 13:54:34 - [TEST_STEP][FAILED] - verifyTextPresent(""plat nomor tidak terdaftar diseluruh wilayah SAMSAT indonesia", false): Unable to verify text '"plat nomor tidak terdaftar diseluruh wilayah SAMSAT indonesia' is present  (Root cause: com.kms.katalon.core.exception.StepFailedException: Unable to verify text '"plat nomor tidak terdaftar diseluruh wilayah SAMSAT indonesia' is present 
	at com.kms.katalon.core.webui.keyword.internal.WebUIKeywordMain.stepFailed(WebUIKeywordMain.groovy:64)
	at com.kms.katalon.core.webui.keyword.internal.WebUIKeywordMain.runKeyword(WebUIKeywordMain.groovy:26)
	at com.kms.katalon.core.webui.keyword.builtin.VerifyTextPresentKeyword.verifyTextPresent(VerifyTextPresentKeyword.groovy:83)
	at com.kms.katalon.core.webui.keyword.builtin.VerifyTextPresentKeyword.execute(VerifyTextPresentKeyword.groovy:68)
	at com.kms.katalon.core.keyword.internal.KeywordExecutor.executeKeywordForPlatform(KeywordExecutor.groovy:74)
	at com.kms.katalon.core.webui.keyword.WebUiBuiltInKeywords.verifyTextPresent(WebUiBuiltInKeywords.groovy:1723)
	at com.kms.katalon.core.webui.keyword.WebUiBuiltInKeywords$verifyTextPresent$11.call(Unknown Source)
	at JK-010.run(JK-010:42)
	at com.kms.katalon.core.main.ScriptEngine.run(ScriptEngine.java:194)
	at com.kms.katalon.core.main.ScriptEngine.runScriptAsRawText(ScriptEngine.java:119)
	at com.kms.katalon.core.main.TestCaseExecutor.runScript(TestCaseExecutor.java:448)
	at com.kms.katalon.core.main.TestCaseExecutor.doExecute(TestCaseExecutor.java:439)
	at com.kms.katalon.core.main.TestCaseExecutor.processExecutionPhase(TestCaseExecutor.java:418)
	at com.kms.katalon.core.main.TestCaseExecutor.accessMainPhase(TestCaseExecutor.java:410)
	at com.kms.katalon.core.main.TestCaseExecutor.execute(TestCaseExecutor.java:285)
	at com.kms.katalon.core.common.CommonExecutor.accessTestCaseMainPhase(CommonExecutor.java:65)
	at com.kms.katalon.core.main.TestSuiteExecutor.accessTestSuiteMainPhase(TestSuiteExecutor.java:148)
	at com.kms.katalon.core.main.TestSuiteExecutor.execute(TestSuiteExecutor.java:106)
	at com.kms.katalon.core.main.TestCaseMain.startTestSuite(TestCaseMain.java:187)
	at com.kms.katalon.core.main.TestCaseMain$startTestSuite$0.call(Unknown Source)
	at TempTestSuite1696315841836.run(TempTestSuite1696315841836.groovy:36)
Caused by: com.kms.katalon.core.exception.StepFailedException: Text '"plat nomor tidak terdaftar diseluruh wilayah SAMSAT indonesia' is not present on page 
	at com.kms.katalon.core.webui.keyword.internal.WebUIKeywordMain.stepFailed(WebUIKeywordMain.groovy:64)
	at com.kms.katalon.core.webui.keyword.builtin.VerifyTextPresentKeyword$_verifyTextPresent_closure1.doCall(VerifyTextPresentKeyword.groovy:79)
	at com.kms.katalon.core.webui.keyword.builtin.VerifyTextPresentKeyword$_verifyTextPresent_closure1.call(VerifyTextPresentKeyword.groovy)
	at com.kms.katalon.core.webui.keyword.internal.WebUIKeywordMain.runKeyword(WebUIKeywordMain.groovy:20)
	... 19 more
)

2023-10-03 13:54:35 - [MESSAGE][FAILED] - Text '"plat nomor tidak terdaftar diseluruh wilayah SAMSAT indonesia' is not present on page  (Root cause: com.kms.katalon.core.exception.StepFailedException: Text '"plat nomor tidak terdaftar diseluruh wilayah SAMSAT indonesia' is not present on page 
	at com.kms.katalon.core.webui.keyword.internal.WebUIKeywordMain.stepFailed(WebUIKeywordMain.groovy:64)
	at com.kms.katalon.core.webui.keyword.builtin.VerifyTextPresentKeyword$_verifyTextPresent_closure1.doCall(VerifyTextPresentKeyword.groovy:79)
	at com.kms.katalon.core.webui.keyword.builtin.VerifyTextPresentKeyword$_verifyTextPresent_closure1.call(VerifyTextPresentKeyword.groovy)
	at com.kms.katalon.core.webui.keyword.internal.WebUIKeywordMain.runKeyword(WebUIKeywordMain.groovy:20)
	at com.kms.katalon.core.webui.keyword.builtin.VerifyTextPresentKeyword.verifyTextPresent(VerifyTextPresentKeyword.groovy:83)
	at com.kms.katalon.core.webui.keyword.builtin.VerifyTextPresentKeyword.execute(VerifyTextPresentKeyword.groovy:68)
	at com.kms.katalon.core.keyword.internal.KeywordExecutor.executeKeywordForPlatform(KeywordExecutor.groovy:74)
	at com.kms.katalon.core.webui.keyword.WebUiBuiltInKeywords.verifyTextPresent(WebUiBuiltInKeywords.groovy:1723)
	at com.kms.katalon.core.webui.keyword.WebUiBuiltInKeywords$verifyTextPresent$11.call(Unknown Source)
	at JK-010.run(JK-010:42)
	at com.kms.katalon.core.main.ScriptEngine.run(ScriptEngine.java:194)
	at com.kms.katalon.core.main.ScriptEngine.runScriptAsRawText(ScriptEngine.java:119)
	at com.kms.katalon.core.main.TestCaseExecutor.runScript(TestCaseExecutor.java:448)
	at com.kms.katalon.core.main.TestCaseExecutor.doExecute(TestCaseExecutor.java:439)
	at com.kms.katalon.core.main.TestCaseExecutor.processExecutionPhase(TestCaseExecutor.java:418)
	at com.kms.katalon.core.main.TestCaseExecutor.accessMainPhase(TestCaseExecutor.java:410)
	at com.kms.katalon.core.main.TestCaseExecutor.execute(TestCaseExecutor.java:285)
	at com.kms.katalon.core.common.CommonExecutor.accessTestCaseMainPhase(CommonExecutor.java:65)
	at com.kms.katalon.core.main.TestSuiteExecutor.accessTestSuiteMainPhase(TestSuiteExecutor.java:148)
	at com.kms.katalon.core.main.TestSuiteExecutor.execute(TestSuiteExecutor.java:106)
	at com.kms.katalon.core.main.TestCaseMain.startTestSuite(TestCaseMain.java:187)
	at com.kms.katalon.core.main.TestCaseMain$startTestSuite$0.call(Unknown Source)
	at TempTestSuite1696315841836.run(TempTestSuite1696315841836.groovy:36)
)

2023-10-03 13:54:35 - [MESSAGE][FAILED] - Unable to verify text '"plat nomor tidak terdaftar diseluruh wilayah SAMSAT indonesia' is present  (Root cause: com.kms.katalon.core.exception.StepFailedException: Unable to verify text '"plat nomor tidak terdaftar diseluruh wilayah SAMSAT indonesia' is present 
	at com.kms.katalon.core.webui.keyword.internal.WebUIKeywordMain.stepFailed(WebUIKeywordMain.groovy:64)
	at com.kms.katalon.core.webui.keyword.internal.WebUIKeywordMain.runKeyword(WebUIKeywordMain.groovy:26)
	at com.kms.katalon.core.webui.keyword.builtin.VerifyTextPresentKeyword.verifyTextPresent(VerifyTextPresentKeyword.groovy:83)
	at com.kms.katalon.core.webui.keyword.builtin.VerifyTextPresentKeyword.execute(VerifyTextPresentKeyword.groovy:68)
	at com.kms.katalon.core.keyword.internal.KeywordExecutor.executeKeywordForPlatform(KeywordExecutor.groovy:74)
	at com.kms.katalon.core.webui.keyword.WebUiBuiltInKeywords.verifyTextPresent(WebUiBuiltInKeywords.groovy:1723)
	at com.kms.katalon.core.webui.keyword.WebUiBuiltInKeywords$verifyTextPresent$11.call(Unknown Source)
	at JK-010.run(JK-010:42)
	at com.kms.katalon.core.main.ScriptEngine.run(ScriptEngine.java:194)
	at com.kms.katalon.core.main.ScriptEngine.runScriptAsRawText(ScriptEngine.java:119)
	at com.kms.katalon.core.main.TestCaseExecutor.runScript(TestCaseExecutor.java:448)
	at com.kms.katalon.core.main.TestCaseExecutor.doExecute(TestCaseExecutor.java:439)
	at com.kms.katalon.core.main.TestCaseExecutor.processExecutionPhase(TestCaseExecutor.java:418)
	at com.kms.katalon.core.main.TestCaseExecutor.accessMainPhase(TestCaseExecutor.java:410)
	at com.kms.katalon.core.main.TestCaseExecutor.execute(TestCaseExecutor.java:285)
	at com.kms.katalon.core.common.CommonExecutor.accessTestCaseMainPhase(CommonExecutor.java:65)
	at com.kms.katalon.core.main.TestSuiteExecutor.accessTestSuiteMainPhase(TestSuiteExecutor.java:148)
	at com.kms.katalon.core.main.TestSuiteExecutor.execute(TestSuiteExecutor.java:106)
	at com.kms.katalon.core.main.TestCaseMain.startTestSuite(TestCaseMain.java:187)
	at com.kms.katalon.core.main.TestCaseMain$startTestSuite$0.call(Unknown Source)
	at TempTestSuite1696315841836.run(TempTestSuite1696315841836.groovy:36)
Caused by: com.kms.katalon.core.exception.StepFailedException: Text '"plat nomor tidak terdaftar diseluruh wilayah SAMSAT indonesia' is not present on page 
	at com.kms.katalon.core.webui.keyword.internal.WebUIKeywordMain.stepFailed(WebUIKeywordMain.groovy:64)
	at com.kms.katalon.core.webui.keyword.builtin.VerifyTextPresentKeyword$_verifyTextPresent_closure1.doCall(VerifyTextPresentKeyword.groovy:79)
	at com.kms.katalon.core.webui.keyword.builtin.VerifyTextPresentKeyword$_verifyTextPresent_closure1.call(VerifyTextPresentKeyword.groovy)
	at com.kms.katalon.core.webui.keyword.internal.WebUIKeywordMain.runKeyword(WebUIKeywordMain.groovy:20)
	... 19 more
)
[[ATTACHMENT|D:\\BOOTCAMP XSIS\\Projek 2 MINI PROJEK\\Reports\\20231003_135040\\jadi kurir\\T05 jadi kurir\\20231003_135041\\1696316075224.png]]]]></system-out>
         <system-err><![CDATA[2023-10-03 13:54:12 - [TEST_CASE][FAILED] - Test Cases/T05 Jadi Kurir/JK-010: Test Cases/T05 Jadi Kurir/JK-010 FAILED.
Reason:
com.kms.katalon.core.exception.StepFailedException: Unable to verify text '"plat nomor tidak terdaftar diseluruh wilayah SAMSAT indonesia' is present 
	at com.kms.katalon.core.webui.keyword.internal.WebUIKeywordMain.stepFailed(WebUIKeywordMain.groovy:64)
	at com.kms.katalon.core.webui.keyword.internal.WebUIKeywordMain.runKeyword(WebUIKeywordMain.groovy:26)
	at com.kms.katalon.core.webui.keyword.builtin.VerifyTextPresentKeyword.verifyTextPresent(VerifyTextPresentKeyword.groovy:83)
	at com.kms.katalon.core.webui.keyword.builtin.VerifyTextPresentKeyword.execute(VerifyTextPresentKeyword.groovy:68)
	at com.kms.katalon.core.keyword.internal.KeywordExecutor.executeKeywordForPlatform(KeywordExecutor.groovy:74)
	at com.kms.katalon.core.webui.keyword.WebUiBuiltInKeywords.verifyTextPresent(WebUiBuiltInKeywords.groovy:1723)
	at com.kms.katalon.core.webui.keyword.WebUiBuiltInKeywords$verifyTextPresent$11.call(Unknown Source)
	at JK-010.run(JK-010:42)
	at com.kms.katalon.core.main.ScriptEngine.run(ScriptEngine.java:194)
	at com.kms.katalon.core.main.ScriptEngine.runScriptAsRawText(ScriptEngine.java:119)
	at com.kms.katalon.core.main.TestCaseExecutor.runScript(TestCaseExecutor.java:448)
	at com.kms.katalon.core.main.TestCaseExecutor.doExecute(TestCaseExecutor.java:439)
	at com.kms.katalon.core.main.TestCaseExecutor.processExecutionPhase(TestCaseExecutor.java:418)
	at com.kms.katalon.core.main.TestCaseExecutor.accessMainPhase(TestCaseExecutor.java:410)
	at com.kms.katalon.core.main.TestCaseExecutor.execute(TestCaseExecutor.java:285)
	at com.kms.katalon.core.common.CommonExecutor.accessTestCaseMainPhase(CommonExecutor.java:65)
	at com.kms.katalon.core.main.TestSuiteExecutor.accessTestSuiteMainPhase(TestSuiteExecutor.java:148)
	at com.kms.katalon.core.main.TestSuiteExecutor.execute(TestSuiteExecutor.java:106)
	at com.kms.katalon.core.main.TestCaseMain.startTestSuite(TestCaseMain.java:187)
	at com.kms.katalon.core.main.TestCaseMain$startTestSuite$0.call(Unknown Source)
	at TempTestSuite1696315841836.run(TempTestSuite1696315841836.groovy:36)
Caused by: com.kms.katalon.core.exception.StepFailedException: Text '"plat nomor tidak terdaftar diseluruh wilayah SAMSAT indonesia' is not present on page 
	at com.kms.katalon.core.webui.keyword.internal.WebUIKeywordMain.stepFailed(WebUIKeywordMain.groovy:64)
	at com.kms.katalon.core.webui.keyword.builtin.VerifyTextPresentKeyword$_verifyTextPresent_closure1.doCall(VerifyTextPresentKeyword.groovy:79)
	at com.kms.katalon.core.webui.keyword.builtin.VerifyTextPresentKeyword$_verifyTextPresent_closure1.call(VerifyTextPresentKeyword.groovy)
	at com.kms.katalon.core.webui.keyword.internal.WebUIKeywordMain.runKeyword(WebUIKeywordMain.groovy:20)
	... 19 more]]></system-err>
      </testcase>
      <testcase name="Test Cases/T05 Jadi Kurir/JK-011" time="24.549" classname="Test Cases/T05 Jadi Kurir/JK-011" status="FAILED">
         <failure type="FAILED" message="Test Cases/T05 Jadi Kurir/JK-011 FAILED.
Reason:
com.kms.katalon.core.exception.StepFailedException: Unable to verify text 'plat nomor tidak terdaftar diseluruh wilayah SAMSAT indonesia' is present 
	at com.kms.katalon.core.webui.keyword.internal.WebUIKeywordMain.stepFailed(WebUIKeywordMain.groovy:64)
	at com.kms.katalon.core.webui.keyword.internal.WebUIKeywordMain.runKeyword(WebUIKeywordMain.groovy:26)
	at com.kms.katalon.core.webui.keyword.builtin.VerifyTextPresentKeyword.verifyTextPresent(VerifyTextPresentKeyword.groovy:83)
	at com.kms.katalon.core.webui.keyword.builtin.VerifyTextPresentKeyword.execute(VerifyTextPresentKeyword.groovy:68)
	at com.kms.katalon.core.keyword.internal.KeywordExecutor.executeKeywordForPlatform(KeywordExecutor.groovy:74)
	at com.kms.katalon.core.webui.keyword.WebUiBuiltInKeywords.verifyTextPresent(WebUiBuiltInKeywords.groovy:1723)
	at com.kms.katalon.core.webui.keyword.WebUiBuiltInKeywords$verifyTextPresent$11.call(Unknown Source)
	at JK-011.run(JK-011:42)
	at com.kms.katalon.core.main.ScriptEngine.run(ScriptEngine.java:194)
	at com.kms.katalon.core.main.ScriptEngine.runScriptAsRawText(ScriptEngine.java:119)
	at com.kms.katalon.core.main.TestCaseExecutor.runScript(TestCaseExecutor.java:448)
	at com.kms.katalon.core.main.TestCaseExecutor.doExecute(TestCaseExecutor.java:439)
	at com.kms.katalon.core.main.TestCaseExecutor.processExecutionPhase(TestCaseExecutor.java:418)
	at com.kms.katalon.core.main.TestCaseExecutor.accessMainPhase(TestCaseExecutor.java:410)
	at com.kms.katalon.core.main.TestCaseExecutor.execute(TestCaseExecutor.java:285)
	at com.kms.katalon.core.common.CommonExecutor.accessTestCaseMainPhase(CommonExecutor.java:65)
	at com.kms.katalon.core.main.TestSuiteExecutor.accessTestSuiteMainPhase(TestSuiteExecutor.java:148)
	at com.kms.katalon.core.main.TestSuiteExecutor.execute(TestSuiteExecutor.java:106)
	at com.kms.katalon.core.main.TestCaseMain.startTestSuite(TestCaseMain.java:187)
	at com.kms.katalon.core.main.TestCaseMain$startTestSuite$0.call(Unknown Source)
	at TempTestSuite1696315841836.run(TempTestSuite1696315841836.groovy:36)
Caused by: com.kms.katalon.core.exception.StepFailedException: Text 'plat nomor tidak terdaftar diseluruh wilayah SAMSAT indonesia' is not present on page 
	at com.kms.katalon.core.webui.keyword.internal.WebUIKeywordMain.stepFailed(WebUIKeywordMain.groovy:64)
	at com.kms.katalon.core.webui.keyword.builtin.VerifyTextPresentKeyword$_verifyTextPresent_closure1.doCall(VerifyTextPresentKeyword.groovy:79)
	at com.kms.katalon.core.webui.keyword.builtin.VerifyTextPresentKeyword$_verifyTextPresent_closure1.call(VerifyTextPresentKeyword.groovy)
	at com.kms.katalon.core.webui.keyword.internal.WebUIKeywordMain.runKeyword(WebUIKeywordMain.groovy:20)
	... 19 more
"/>
         <system-out><![CDATA[2023-10-03 13:54:35 - [TEST_CASE][FAILED] - Test Cases/T05 Jadi Kurir/JK-011: Test Cases/T05 Jadi Kurir/JK-011 FAILED.
Reason:
com.kms.katalon.core.exception.StepFailedException: Unable to verify text 'plat nomor tidak terdaftar diseluruh wilayah SAMSAT indonesia' is present 
	at com.kms.katalon.core.webui.keyword.internal.WebUIKeywordMain.stepFailed(WebUIKeywordMain.groovy:64)
	at com.kms.katalon.core.webui.keyword.internal.WebUIKeywordMain.runKeyword(WebUIKeywordMain.groovy:26)
	at com.kms.katalon.core.webui.keyword.builtin.VerifyTextPresentKeyword.verifyTextPresent(VerifyTextPresentKeyword.groovy:83)
	at com.kms.katalon.core.webui.keyword.builtin.VerifyTextPresentKeyword.execute(VerifyTextPresentKeyword.groovy:68)
	at com.kms.katalon.core.keyword.internal.KeywordExecutor.executeKeywordForPlatform(KeywordExecutor.groovy:74)
	at com.kms.katalon.core.webui.keyword.WebUiBuiltInKeywords.verifyTextPresent(WebUiBuiltInKeywords.groovy:1723)
	at com.kms.katalon.core.webui.keyword.WebUiBuiltInKeywords$verifyTextPresent$11.call(Unknown Source)
	at JK-011.run(JK-011:42)
	at com.kms.katalon.core.main.ScriptEngine.run(ScriptEngine.java:194)
	at com.kms.katalon.core.main.ScriptEngine.runScriptAsRawText(ScriptEngine.java:119)
	at com.kms.katalon.core.main.TestCaseExecutor.runScript(TestCaseExecutor.java:448)
	at com.kms.katalon.core.main.TestCaseExecutor.doExecute(TestCaseExecutor.java:439)
	at com.kms.katalon.core.main.TestCaseExecutor.processExecutionPhase(TestCaseExecutor.java:418)
	at com.kms.katalon.core.main.TestCaseExecutor.accessMainPhase(TestCaseExecutor.java:410)
	at com.kms.katalon.core.main.TestCaseExecutor.execute(TestCaseExecutor.java:285)
	at com.kms.katalon.core.common.CommonExecutor.accessTestCaseMainPhase(CommonExecutor.java:65)
	at com.kms.katalon.core.main.TestSuiteExecutor.accessTestSuiteMainPhase(TestSuiteExecutor.java:148)
	at com.kms.katalon.core.main.TestSuiteExecutor.execute(TestSuiteExecutor.java:106)
	at com.kms.katalon.core.main.TestCaseMain.startTestSuite(TestCaseMain.java:187)
	at com.kms.katalon.core.main.TestCaseMain$startTestSuite$0.call(Unknown Source)
	at TempTestSuite1696315841836.run(TempTestSuite1696315841836.groovy:36)
Caused by: com.kms.katalon.core.exception.StepFailedException: Text 'plat nomor tidak terdaftar diseluruh wilayah SAMSAT indonesia' is not present on page 
	at com.kms.katalon.core.webui.keyword.internal.WebUIKeywordMain.stepFailed(WebUIKeywordMain.groovy:64)
	at com.kms.katalon.core.webui.keyword.builtin.VerifyTextPresentKeyword$_verifyTextPresent_closure1.doCall(VerifyTextPresentKeyword.groovy:79)
	at com.kms.katalon.core.webui.keyword.builtin.VerifyTextPresentKeyword$_verifyTextPresent_closure1.call(VerifyTextPresentKeyword.groovy)
	at com.kms.katalon.core.webui.keyword.internal.WebUIKeywordMain.runKeyword(WebUIKeywordMain.groovy:20)
	... 19 more


2023-10-03 13:54:35 - [TEST_STEP][PASSED] - callTestCase(findTestCase("T05 Jadi Kurir/JK-001"), [:], STOP_ON_FAILURE): Call Test Case 'Test Cases/T05 Jadi Kurir/JK-001' successfully

2023-10-03 13:54:36 - [TEST_CASE][PASSED] - Test Cases/T05 Jadi Kurir/JK-001: Test Cases/T05 Jadi Kurir/JK-001

2023-10-03 13:54:36 - [TEST_STEP][PASSED] - callTestCase(findTestCase("T05 Jadi Kurir/LU-001"), ["username":"irfanafandi", "password":"12345irfan"], STOP_ON_FAILURE): Call Test Case 'Test Cases/T05 Jadi Kurir/LU-001' successfully

2023-10-03 13:54:36 - [TEST_CASE][PASSED] - Test Cases/T05 Jadi Kurir/LU-001: Test Cases/T05 Jadi Kurir/LU-001

2023-10-03 13:54:36 - [TEST_STEP][PASSED] - openBrowser("https://10.9.2.63/ecommerce/"): Browser is opened with url: 'https://10.9.2.63/ecommerce/'

2023-10-03 13:54:36 - [MESSAGE][WARNING] - A browser is already opened. Closing browser and opening a new one

2023-10-03 13:54:37 - [MESSAGE][INFO] - Starting 'Firefox' driver

2023-10-03 13:54:37 - [MESSAGE][INFO] - User set preference: ['args', '[--disable-notifications]']

2023-10-03 13:54:37 - [MESSAGE][INFO] - Action delay is set to 0 milliseconds

2023-10-03 13:54:43 - [MESSAGE][PASSED] - Browser is opened with url: 'https://10.9.2.63/ecommerce/'

2023-10-03 13:54:43 - [TEST_STEP][PASSED] - maximizeWindow(): Current window maximized

2023-10-03 13:54:43 - [MESSAGE][PASSED] - Current window maximized

2023-10-03 13:54:43 - [TEST_STEP][PASSED] - verifyElementPresent(findTestObject("Login/Home"), 0): Object 'Object Repository/Login/Home' is present

2023-10-03 13:54:43 - [MESSAGE][WARNING] - Timeout '0' is invalid. Using default page load timeout: '30'

2023-10-03 13:54:43 - [MESSAGE][PASSED] - Object 'Object Repository/Login/Home' is present

2023-10-03 13:54:43 - [TEST_STEP][PASSED] - click(findTestObject("Login/a_Login")): Object: 'Object Repository/Login/a_Login' is clicked on

2023-10-03 13:54:44 - [MESSAGE][PASSED] - Object: 'Object Repository/Login/a_Login' is clicked on

2023-10-03 13:54:44 - [TEST_STEP][PASSED] - verifyElementPresent(findTestObject("Login/Tittle Login"), 0): Object 'Object Repository/Login/Tittle Login' is present

2023-10-03 13:54:44 - [MESSAGE][WARNING] - Timeout '0' is invalid. Using default page load timeout: '30'

2023-10-03 13:54:45 - [MESSAGE][PASSED] - Object 'Object Repository/Login/Tittle Login' is present

2023-10-03 13:54:45 - [TEST_STEP][PASSED] - setText(findTestObject("Login/input_Username, Email atau No. Handphone_a"), username): Text 'irfanafandi' is set on object 'Object Repository/Login/input_Username, Email atau No. Handphone_a'

2023-10-03 13:54:45 - [MESSAGE][PASSED] - Text 'irfanafandi' is set on object 'Object Repository/Login/input_Username, Email atau No. Handphone_a'

2023-10-03 13:54:45 - [TEST_STEP][PASSED] - setText(findTestObject("Login/input_Password_b"), password): Text '12345irfan' is set on object 'Object Repository/Login/input_Password_b'

2023-10-03 13:54:46 - [MESSAGE][PASSED] - Text '12345irfan' is set on object 'Object Repository/Login/input_Password_b'

2023-10-03 13:54:46 - [TEST_STEP][PASSED] - click(findTestObject("Login/label_Ingat saya")): Object: 'Object Repository/Login/label_Ingat saya' is clicked on

2023-10-03 13:54:47 - [MESSAGE][PASSED] - Object: 'Object Repository/Login/label_Ingat saya' is clicked on

2023-10-03 13:54:47 - [TEST_STEP][PASSED] - click(findTestObject("Login/button_Masuk")): Object: 'Object Repository/Login/button_Masuk' is clicked on

2023-10-03 13:54:48 - [MESSAGE][PASSED] - Object: 'Object Repository/Login/button_Masuk' is clicked on

2023-10-03 13:54:48 - [TEST_STEP][PASSED] - verifyElementPresent(findTestObject("Login/li_Profile"), 0): Object 'Object Repository/Login/li_Profile' is present

2023-10-03 13:54:49 - [MESSAGE][WARNING] - Timeout '0' is invalid. Using default page load timeout: '30'

2023-10-03 13:54:49 - [MESSAGE][PASSED] - Object 'Object Repository/Login/li_Profile' is present

2023-10-03 13:54:49 - [MESSAGE][PASSED] - Call Test Case 'Test Cases/T05 Jadi Kurir/LU-001' successfully

2023-10-03 13:54:49 - [TEST_STEP][PASSED] - click(findTestObject("Jadi kurir/a_Jadi Kurir")): Object: 'Object Repository/Jadi kurir/a_Jadi Kurir' is clicked on

2023-10-03 13:54:50 - [MESSAGE][PASSED] - Object: 'Object Repository/Jadi kurir/a_Jadi Kurir' is clicked on

2023-10-03 13:54:50 - [TEST_STEP][PASSED] - verifyElementPresent(findTestObject("Jadi kurir/li_Profile Kurir"), 0): Object 'Object Repository/Jadi kurir/li_Profile Kurir' is present

2023-10-03 13:54:50 - [MESSAGE][WARNING] - Timeout '0' is invalid. Using default page load timeout: '30'

2023-10-03 13:54:51 - [MESSAGE][PASSED] - Object 'Object Repository/Jadi kurir/li_Profile Kurir' is present

2023-10-03 13:54:51 - [MESSAGE][PASSED] - Call Test Case 'Test Cases/T05 Jadi Kurir/JK-001' successfully

2023-10-03 13:54:51 - [TEST_STEP][PASSED] - click(findTestObject("Jadi kurir/a_Daftar  Edit Data")): Object: 'Object Repository/Jadi kurir/a_Daftar  Edit Data' is clicked on

2023-10-03 13:54:52 - [MESSAGE][PASSED] - Object: 'Object Repository/Jadi kurir/a_Daftar  Edit Data' is clicked on

2023-10-03 13:54:52 - [TEST_STEP][PASSED] - verifyElementPresent(findTestObject("Jadi kurir/li_Profile Kurir"), 0): Object 'Object Repository/Jadi kurir/li_Profile Kurir' is present

2023-10-03 13:54:52 - [MESSAGE][WARNING] - Timeout '0' is invalid. Using default page load timeout: '30'

2023-10-03 13:54:53 - [MESSAGE][PASSED] - Object 'Object Repository/Jadi kurir/li_Profile Kurir' is present

2023-10-03 13:54:53 - [TEST_STEP][PASSED] - selectOptionByValue(findTestObject("Jadi kurir/select_- Pilih Kendaraan -Roda 2Roda 4"), Jenis, false): All options with value '2' are selected in object 'Object Repository/Jadi kurir/select_- Pilih Kendaraan -Roda 2Roda 4' 

2023-10-03 13:54:53 - [MESSAGE][PASSED] - All options with value '2' are selected in object 'Object Repository/Jadi kurir/select_- Pilih Kendaraan -Roda 2Roda 4' 

2023-10-03 13:54:53 - [TEST_STEP][PASSED] - setText(findTestObject("Jadi kurir/input_Merek Kendaraan"), Merek_Kendaraan): Text 'toyota supra' is set on object 'Object Repository/Jadi kurir/input_Merek Kendaraan'

2023-10-03 13:54:54 - [MESSAGE][PASSED] - Text 'toyota supra' is set on object 'Object Repository/Jadi kurir/input_Merek Kendaraan'

2023-10-03 13:54:54 - [TEST_STEP][PASSED] - setText(findTestObject("Jadi kurir/input_Plat Nomor"), Plat_Nomor): Text 'AB 4 NG' is set on object 'Object Repository/Jadi kurir/input_Plat Nomor'

2023-10-03 13:54:55 - [MESSAGE][PASSED] - Text 'AB 4 NG' is set on object 'Object Repository/Jadi kurir/input_Plat Nomor'

2023-10-03 13:54:55 - [TEST_STEP][PASSED] - setText(findTestObject("Jadi kurir/textarea_Keterangan"), Keterangan): Text 'mau daftar dong bang' is set on object 'Object Repository/Jadi kurir/textarea_Keterangan'

2023-10-03 13:54:56 - [MESSAGE][PASSED] - Text 'mau daftar dong bang' is set on object 'Object Repository/Jadi kurir/textarea_Keterangan'

2023-10-03 13:54:56 - [TEST_STEP][PASSED] - uploadFile(findTestObject("Object Repository/Jadi kurir/input_Choose files_uploadFile"), Berkas): File 'C:\Users\IRFAN\Downloads\Berkas2.pdf' sent to object: 'Object Repository/Jadi kurir/input_Choose files_uploadFile'

2023-10-03 13:54:56 - [MESSAGE][PASSED] - File 'C:\Users\IRFAN\Downloads\Berkas2.pdf' sent to object: 'Object Repository/Jadi kurir/input_Choose files_uploadFile'

2023-10-03 13:54:56 - [TEST_STEP][PASSED] - click(findTestObject("Jadi kurir/button_Simpan Perubahan")): Object: 'Object Repository/Jadi kurir/button_Simpan Perubahan' is clicked on

2023-10-03 13:54:58 - [MESSAGE][PASSED] - Object: 'Object Repository/Jadi kurir/button_Simpan Perubahan' is clicked on

2023-10-03 13:54:58 - [TEST_STEP][FAILED] - verifyTextPresent("plat nomor tidak terdaftar diseluruh wilayah SAMSAT indonesia", false): Unable to verify text 'plat nomor tidak terdaftar diseluruh wilayah SAMSAT indonesia' is present  (Root cause: com.kms.katalon.core.exception.StepFailedException: Unable to verify text 'plat nomor tidak terdaftar diseluruh wilayah SAMSAT indonesia' is present 
	at com.kms.katalon.core.webui.keyword.internal.WebUIKeywordMain.stepFailed(WebUIKeywordMain.groovy:64)
	at com.kms.katalon.core.webui.keyword.internal.WebUIKeywordMain.runKeyword(WebUIKeywordMain.groovy:26)
	at com.kms.katalon.core.webui.keyword.builtin.VerifyTextPresentKeyword.verifyTextPresent(VerifyTextPresentKeyword.groovy:83)
	at com.kms.katalon.core.webui.keyword.builtin.VerifyTextPresentKeyword.execute(VerifyTextPresentKeyword.groovy:68)
	at com.kms.katalon.core.keyword.internal.KeywordExecutor.executeKeywordForPlatform(KeywordExecutor.groovy:74)
	at com.kms.katalon.core.webui.keyword.WebUiBuiltInKeywords.verifyTextPresent(WebUiBuiltInKeywords.groovy:1723)
	at com.kms.katalon.core.webui.keyword.WebUiBuiltInKeywords$verifyTextPresent$11.call(Unknown Source)
	at JK-011.run(JK-011:42)
	at com.kms.katalon.core.main.ScriptEngine.run(ScriptEngine.java:194)
	at com.kms.katalon.core.main.ScriptEngine.runScriptAsRawText(ScriptEngine.java:119)
	at com.kms.katalon.core.main.TestCaseExecutor.runScript(TestCaseExecutor.java:448)
	at com.kms.katalon.core.main.TestCaseExecutor.doExecute(TestCaseExecutor.java:439)
	at com.kms.katalon.core.main.TestCaseExecutor.processExecutionPhase(TestCaseExecutor.java:418)
	at com.kms.katalon.core.main.TestCaseExecutor.accessMainPhase(TestCaseExecutor.java:410)
	at com.kms.katalon.core.main.TestCaseExecutor.execute(TestCaseExecutor.java:285)
	at com.kms.katalon.core.common.CommonExecutor.accessTestCaseMainPhase(CommonExecutor.java:65)
	at com.kms.katalon.core.main.TestSuiteExecutor.accessTestSuiteMainPhase(TestSuiteExecutor.java:148)
	at com.kms.katalon.core.main.TestSuiteExecutor.execute(TestSuiteExecutor.java:106)
	at com.kms.katalon.core.main.TestCaseMain.startTestSuite(TestCaseMain.java:187)
	at com.kms.katalon.core.main.TestCaseMain$startTestSuite$0.call(Unknown Source)
	at TempTestSuite1696315841836.run(TempTestSuite1696315841836.groovy:36)
Caused by: com.kms.katalon.core.exception.StepFailedException: Text 'plat nomor tidak terdaftar diseluruh wilayah SAMSAT indonesia' is not present on page 
	at com.kms.katalon.core.webui.keyword.internal.WebUIKeywordMain.stepFailed(WebUIKeywordMain.groovy:64)
	at com.kms.katalon.core.webui.keyword.builtin.VerifyTextPresentKeyword$_verifyTextPresent_closure1.doCall(VerifyTextPresentKeyword.groovy:79)
	at com.kms.katalon.core.webui.keyword.builtin.VerifyTextPresentKeyword$_verifyTextPresent_closure1.call(VerifyTextPresentKeyword.groovy)
	at com.kms.katalon.core.webui.keyword.internal.WebUIKeywordMain.runKeyword(WebUIKeywordMain.groovy:20)
	... 19 more
)

2023-10-03 13:54:59 - [MESSAGE][FAILED] - Text 'plat nomor tidak terdaftar diseluruh wilayah SAMSAT indonesia' is not present on page  (Root cause: com.kms.katalon.core.exception.StepFailedException: Text 'plat nomor tidak terdaftar diseluruh wilayah SAMSAT indonesia' is not present on page 
	at com.kms.katalon.core.webui.keyword.internal.WebUIKeywordMain.stepFailed(WebUIKeywordMain.groovy:64)
	at com.kms.katalon.core.webui.keyword.builtin.VerifyTextPresentKeyword$_verifyTextPresent_closure1.doCall(VerifyTextPresentKeyword.groovy:79)
	at com.kms.katalon.core.webui.keyword.builtin.VerifyTextPresentKeyword$_verifyTextPresent_closure1.call(VerifyTextPresentKeyword.groovy)
	at com.kms.katalon.core.webui.keyword.internal.WebUIKeywordMain.runKeyword(WebUIKeywordMain.groovy:20)
	at com.kms.katalon.core.webui.keyword.builtin.VerifyTextPresentKeyword.verifyTextPresent(VerifyTextPresentKeyword.groovy:83)
	at com.kms.katalon.core.webui.keyword.builtin.VerifyTextPresentKeyword.execute(VerifyTextPresentKeyword.groovy:68)
	at com.kms.katalon.core.keyword.internal.KeywordExecutor.executeKeywordForPlatform(KeywordExecutor.groovy:74)
	at com.kms.katalon.core.webui.keyword.WebUiBuiltInKeywords.verifyTextPresent(WebUiBuiltInKeywords.groovy:1723)
	at com.kms.katalon.core.webui.keyword.WebUiBuiltInKeywords$verifyTextPresent$11.call(Unknown Source)
	at JK-011.run(JK-011:42)
	at com.kms.katalon.core.main.ScriptEngine.run(ScriptEngine.java:194)
	at com.kms.katalon.core.main.ScriptEngine.runScriptAsRawText(ScriptEngine.java:119)
	at com.kms.katalon.core.main.TestCaseExecutor.runScript(TestCaseExecutor.java:448)
	at com.kms.katalon.core.main.TestCaseExecutor.doExecute(TestCaseExecutor.java:439)
	at com.kms.katalon.core.main.TestCaseExecutor.processExecutionPhase(TestCaseExecutor.java:418)
	at com.kms.katalon.core.main.TestCaseExecutor.accessMainPhase(TestCaseExecutor.java:410)
	at com.kms.katalon.core.main.TestCaseExecutor.execute(TestCaseExecutor.java:285)
	at com.kms.katalon.core.common.CommonExecutor.accessTestCaseMainPhase(CommonExecutor.java:65)
	at com.kms.katalon.core.main.TestSuiteExecutor.accessTestSuiteMainPhase(TestSuiteExecutor.java:148)
	at com.kms.katalon.core.main.TestSuiteExecutor.execute(TestSuiteExecutor.java:106)
	at com.kms.katalon.core.main.TestCaseMain.startTestSuite(TestCaseMain.java:187)
	at com.kms.katalon.core.main.TestCaseMain$startTestSuite$0.call(Unknown Source)
	at TempTestSuite1696315841836.run(TempTestSuite1696315841836.groovy:36)
)

2023-10-03 13:54:59 - [MESSAGE][FAILED] - Unable to verify text 'plat nomor tidak terdaftar diseluruh wilayah SAMSAT indonesia' is present  (Root cause: com.kms.katalon.core.exception.StepFailedException: Unable to verify text 'plat nomor tidak terdaftar diseluruh wilayah SAMSAT indonesia' is present 
	at com.kms.katalon.core.webui.keyword.internal.WebUIKeywordMain.stepFailed(WebUIKeywordMain.groovy:64)
	at com.kms.katalon.core.webui.keyword.internal.WebUIKeywordMain.runKeyword(WebUIKeywordMain.groovy:26)
	at com.kms.katalon.core.webui.keyword.builtin.VerifyTextPresentKeyword.verifyTextPresent(VerifyTextPresentKeyword.groovy:83)
	at com.kms.katalon.core.webui.keyword.builtin.VerifyTextPresentKeyword.execute(VerifyTextPresentKeyword.groovy:68)
	at com.kms.katalon.core.keyword.internal.KeywordExecutor.executeKeywordForPlatform(KeywordExecutor.groovy:74)
	at com.kms.katalon.core.webui.keyword.WebUiBuiltInKeywords.verifyTextPresent(WebUiBuiltInKeywords.groovy:1723)
	at com.kms.katalon.core.webui.keyword.WebUiBuiltInKeywords$verifyTextPresent$11.call(Unknown Source)
	at JK-011.run(JK-011:42)
	at com.kms.katalon.core.main.ScriptEngine.run(ScriptEngine.java:194)
	at com.kms.katalon.core.main.ScriptEngine.runScriptAsRawText(ScriptEngine.java:119)
	at com.kms.katalon.core.main.TestCaseExecutor.runScript(TestCaseExecutor.java:448)
	at com.kms.katalon.core.main.TestCaseExecutor.doExecute(TestCaseExecutor.java:439)
	at com.kms.katalon.core.main.TestCaseExecutor.processExecutionPhase(TestCaseExecutor.java:418)
	at com.kms.katalon.core.main.TestCaseExecutor.accessMainPhase(TestCaseExecutor.java:410)
	at com.kms.katalon.core.main.TestCaseExecutor.execute(TestCaseExecutor.java:285)
	at com.kms.katalon.core.common.CommonExecutor.accessTestCaseMainPhase(CommonExecutor.java:65)
	at com.kms.katalon.core.main.TestSuiteExecutor.accessTestSuiteMainPhase(TestSuiteExecutor.java:148)
	at com.kms.katalon.core.main.TestSuiteExecutor.execute(TestSuiteExecutor.java:106)
	at com.kms.katalon.core.main.TestCaseMain.startTestSuite(TestCaseMain.java:187)
	at com.kms.katalon.core.main.TestCaseMain$startTestSuite$0.call(Unknown Source)
	at TempTestSuite1696315841836.run(TempTestSuite1696315841836.groovy:36)
Caused by: com.kms.katalon.core.exception.StepFailedException: Text 'plat nomor tidak terdaftar diseluruh wilayah SAMSAT indonesia' is not present on page 
	at com.kms.katalon.core.webui.keyword.internal.WebUIKeywordMain.stepFailed(WebUIKeywordMain.groovy:64)
	at com.kms.katalon.core.webui.keyword.builtin.VerifyTextPresentKeyword$_verifyTextPresent_closure1.doCall(VerifyTextPresentKeyword.groovy:79)
	at com.kms.katalon.core.webui.keyword.builtin.VerifyTextPresentKeyword$_verifyTextPresent_closure1.call(VerifyTextPresentKeyword.groovy)
	at com.kms.katalon.core.webui.keyword.internal.WebUIKeywordMain.runKeyword(WebUIKeywordMain.groovy:20)
	... 19 more
)
[[ATTACHMENT|D:\\BOOTCAMP XSIS\\Projek 2 MINI PROJEK\\Reports\\20231003_135040\\jadi kurir\\T05 jadi kurir\\20231003_135041\\1696316099905.png]]]]></system-out>
         <system-err><![CDATA[2023-10-03 13:54:35 - [TEST_CASE][FAILED] - Test Cases/T05 Jadi Kurir/JK-011: Test Cases/T05 Jadi Kurir/JK-011 FAILED.
Reason:
com.kms.katalon.core.exception.StepFailedException: Unable to verify text 'plat nomor tidak terdaftar diseluruh wilayah SAMSAT indonesia' is present 
	at com.kms.katalon.core.webui.keyword.internal.WebUIKeywordMain.stepFailed(WebUIKeywordMain.groovy:64)
	at com.kms.katalon.core.webui.keyword.internal.WebUIKeywordMain.runKeyword(WebUIKeywordMain.groovy:26)
	at com.kms.katalon.core.webui.keyword.builtin.VerifyTextPresentKeyword.verifyTextPresent(VerifyTextPresentKeyword.groovy:83)
	at com.kms.katalon.core.webui.keyword.builtin.VerifyTextPresentKeyword.execute(VerifyTextPresentKeyword.groovy:68)
	at com.kms.katalon.core.keyword.internal.KeywordExecutor.executeKeywordForPlatform(KeywordExecutor.groovy:74)
	at com.kms.katalon.core.webui.keyword.WebUiBuiltInKeywords.verifyTextPresent(WebUiBuiltInKeywords.groovy:1723)
	at com.kms.katalon.core.webui.keyword.WebUiBuiltInKeywords$verifyTextPresent$11.call(Unknown Source)
	at JK-011.run(JK-011:42)
	at com.kms.katalon.core.main.ScriptEngine.run(ScriptEngine.java:194)
	at com.kms.katalon.core.main.ScriptEngine.runScriptAsRawText(ScriptEngine.java:119)
	at com.kms.katalon.core.main.TestCaseExecutor.runScript(TestCaseExecutor.java:448)
	at com.kms.katalon.core.main.TestCaseExecutor.doExecute(TestCaseExecutor.java:439)
	at com.kms.katalon.core.main.TestCaseExecutor.processExecutionPhase(TestCaseExecutor.java:418)
	at com.kms.katalon.core.main.TestCaseExecutor.accessMainPhase(TestCaseExecutor.java:410)
	at com.kms.katalon.core.main.TestCaseExecutor.execute(TestCaseExecutor.java:285)
	at com.kms.katalon.core.common.CommonExecutor.accessTestCaseMainPhase(CommonExecutor.java:65)
	at com.kms.katalon.core.main.TestSuiteExecutor.accessTestSuiteMainPhase(TestSuiteExecutor.java:148)
	at com.kms.katalon.core.main.TestSuiteExecutor.execute(TestSuiteExecutor.java:106)
	at com.kms.katalon.core.main.TestCaseMain.startTestSuite(TestCaseMain.java:187)
	at com.kms.katalon.core.main.TestCaseMain$startTestSuite$0.call(Unknown Source)
	at TempTestSuite1696315841836.run(TempTestSuite1696315841836.groovy:36)
Caused by: com.kms.katalon.core.exception.StepFailedException: Text 'plat nomor tidak terdaftar diseluruh wilayah SAMSAT indonesia' is not present on page 
	at com.kms.katalon.core.webui.keyword.internal.WebUIKeywordMain.stepFailed(WebUIKeywordMain.groovy:64)
	at com.kms.katalon.core.webui.keyword.builtin.VerifyTextPresentKeyword$_verifyTextPresent_closure1.doCall(VerifyTextPresentKeyword.groovy:79)
	at com.kms.katalon.core.webui.keyword.builtin.VerifyTextPresentKeyword$_verifyTextPresent_closure1.call(VerifyTextPresentKeyword.groovy)
	at com.kms.katalon.core.webui.keyword.internal.WebUIKeywordMain.runKeyword(WebUIKeywordMain.groovy:20)
	... 19 more]]></system-err>
      </testcase>
      <testcase name="Test Cases/T05 Jadi Kurir/JK-012" time="21.17" classname="Test Cases/T05 Jadi Kurir/JK-012" status="FAILED">
         <failure type="FAILED" message="Test Cases/T05 Jadi Kurir/JK-012 FAILED.
Reason:
com.kms.katalon.core.exception.StepFailedException: Unable to verify text 'Profile Kurir' is present 
	at com.kms.katalon.core.webui.keyword.internal.WebUIKeywordMain.stepFailed(WebUIKeywordMain.groovy:64)
	at com.kms.katalon.core.webui.keyword.internal.WebUIKeywordMain.runKeyword(WebUIKeywordMain.groovy:26)
	at com.kms.katalon.core.webui.keyword.builtin.VerifyTextPresentKeyword.verifyTextPresent(VerifyTextPresentKeyword.groovy:83)
	at com.kms.katalon.core.webui.keyword.builtin.VerifyTextPresentKeyword.execute(VerifyTextPresentKeyword.groovy:68)
	at com.kms.katalon.core.keyword.internal.KeywordExecutor.executeKeywordForPlatform(KeywordExecutor.groovy:74)
	at com.kms.katalon.core.webui.keyword.WebUiBuiltInKeywords.verifyTextPresent(WebUiBuiltInKeywords.groovy:1723)
	at com.kms.katalon.core.webui.keyword.WebUiBuiltInKeywords$verifyTextPresent$11.call(Unknown Source)
	at JK-012.run(JK-012:40)
	at com.kms.katalon.core.main.ScriptEngine.run(ScriptEngine.java:194)
	at com.kms.katalon.core.main.ScriptEngine.runScriptAsRawText(ScriptEngine.java:119)
	at com.kms.katalon.core.main.TestCaseExecutor.runScript(TestCaseExecutor.java:448)
	at com.kms.katalon.core.main.TestCaseExecutor.doExecute(TestCaseExecutor.java:439)
	at com.kms.katalon.core.main.TestCaseExecutor.processExecutionPhase(TestCaseExecutor.java:418)
	at com.kms.katalon.core.main.TestCaseExecutor.accessMainPhase(TestCaseExecutor.java:410)
	at com.kms.katalon.core.main.TestCaseExecutor.execute(TestCaseExecutor.java:285)
	at com.kms.katalon.core.common.CommonExecutor.accessTestCaseMainPhase(CommonExecutor.java:65)
	at com.kms.katalon.core.main.TestSuiteExecutor.accessTestSuiteMainPhase(TestSuiteExecutor.java:148)
	at com.kms.katalon.core.main.TestSuiteExecutor.execute(TestSuiteExecutor.java:106)
	at com.kms.katalon.core.main.TestCaseMain.startTestSuite(TestCaseMain.java:187)
	at com.kms.katalon.core.main.TestCaseMain$startTestSuite$0.call(Unknown Source)
	at TempTestSuite1696315841836.run(TempTestSuite1696315841836.groovy:36)
Caused by: com.kms.katalon.core.exception.StepFailedException: Text 'Profile Kurir' is not present on page 
	at com.kms.katalon.core.webui.keyword.internal.WebUIKeywordMain.stepFailed(WebUIKeywordMain.groovy:64)
	at com.kms.katalon.core.webui.keyword.builtin.VerifyTextPresentKeyword$_verifyTextPresent_closure1.doCall(VerifyTextPresentKeyword.groovy:79)
	at com.kms.katalon.core.webui.keyword.builtin.VerifyTextPresentKeyword$_verifyTextPresent_closure1.call(VerifyTextPresentKeyword.groovy)
	at com.kms.katalon.core.webui.keyword.internal.WebUIKeywordMain.runKeyword(WebUIKeywordMain.groovy:20)
	... 19 more
"/>
         <system-out><![CDATA[2023-10-03 13:55:00 - [TEST_CASE][FAILED] - Test Cases/T05 Jadi Kurir/JK-012: Test Cases/T05 Jadi Kurir/JK-012 FAILED.
Reason:
com.kms.katalon.core.exception.StepFailedException: Unable to verify text 'Profile Kurir' is present 
	at com.kms.katalon.core.webui.keyword.internal.WebUIKeywordMain.stepFailed(WebUIKeywordMain.groovy:64)
	at com.kms.katalon.core.webui.keyword.internal.WebUIKeywordMain.runKeyword(WebUIKeywordMain.groovy:26)
	at com.kms.katalon.core.webui.keyword.builtin.VerifyTextPresentKeyword.verifyTextPresent(VerifyTextPresentKeyword.groovy:83)
	at com.kms.katalon.core.webui.keyword.builtin.VerifyTextPresentKeyword.execute(VerifyTextPresentKeyword.groovy:68)
	at com.kms.katalon.core.keyword.internal.KeywordExecutor.executeKeywordForPlatform(KeywordExecutor.groovy:74)
	at com.kms.katalon.core.webui.keyword.WebUiBuiltInKeywords.verifyTextPresent(WebUiBuiltInKeywords.groovy:1723)
	at com.kms.katalon.core.webui.keyword.WebUiBuiltInKeywords$verifyTextPresent$11.call(Unknown Source)
	at JK-012.run(JK-012:40)
	at com.kms.katalon.core.main.ScriptEngine.run(ScriptEngine.java:194)
	at com.kms.katalon.core.main.ScriptEngine.runScriptAsRawText(ScriptEngine.java:119)
	at com.kms.katalon.core.main.TestCaseExecutor.runScript(TestCaseExecutor.java:448)
	at com.kms.katalon.core.main.TestCaseExecutor.doExecute(TestCaseExecutor.java:439)
	at com.kms.katalon.core.main.TestCaseExecutor.processExecutionPhase(TestCaseExecutor.java:418)
	at com.kms.katalon.core.main.TestCaseExecutor.accessMainPhase(TestCaseExecutor.java:410)
	at com.kms.katalon.core.main.TestCaseExecutor.execute(TestCaseExecutor.java:285)
	at com.kms.katalon.core.common.CommonExecutor.accessTestCaseMainPhase(CommonExecutor.java:65)
	at com.kms.katalon.core.main.TestSuiteExecutor.accessTestSuiteMainPhase(TestSuiteExecutor.java:148)
	at com.kms.katalon.core.main.TestSuiteExecutor.execute(TestSuiteExecutor.java:106)
	at com.kms.katalon.core.main.TestCaseMain.startTestSuite(TestCaseMain.java:187)
	at com.kms.katalon.core.main.TestCaseMain$startTestSuite$0.call(Unknown Source)
	at TempTestSuite1696315841836.run(TempTestSuite1696315841836.groovy:36)
Caused by: com.kms.katalon.core.exception.StepFailedException: Text 'Profile Kurir' is not present on page 
	at com.kms.katalon.core.webui.keyword.internal.WebUIKeywordMain.stepFailed(WebUIKeywordMain.groovy:64)
	at com.kms.katalon.core.webui.keyword.builtin.VerifyTextPresentKeyword$_verifyTextPresent_closure1.doCall(VerifyTextPresentKeyword.groovy:79)
	at com.kms.katalon.core.webui.keyword.builtin.VerifyTextPresentKeyword$_verifyTextPresent_closure1.call(VerifyTextPresentKeyword.groovy)
	at com.kms.katalon.core.webui.keyword.internal.WebUIKeywordMain.runKeyword(WebUIKeywordMain.groovy:20)
	... 19 more


2023-10-03 13:55:00 - [TEST_STEP][PASSED] - callTestCase(findTestCase("T05 Jadi Kurir/JK-001"), [:], STOP_ON_FAILURE): Call Test Case 'Test Cases/T05 Jadi Kurir/JK-001' successfully

2023-10-03 13:55:00 - [TEST_CASE][PASSED] - Test Cases/T05 Jadi Kurir/JK-001: Test Cases/T05 Jadi Kurir/JK-001

2023-10-03 13:55:00 - [TEST_STEP][PASSED] - callTestCase(findTestCase("T05 Jadi Kurir/LU-001"), ["username":"irfanafandi", "password":"12345irfan"], STOP_ON_FAILURE): Call Test Case 'Test Cases/T05 Jadi Kurir/LU-001' successfully

2023-10-03 13:55:00 - [TEST_CASE][PASSED] - Test Cases/T05 Jadi Kurir/LU-001: Test Cases/T05 Jadi Kurir/LU-001

2023-10-03 13:55:00 - [TEST_STEP][PASSED] - openBrowser("https://10.9.2.63/ecommerce/"): Browser is opened with url: 'https://10.9.2.63/ecommerce/'

2023-10-03 13:55:00 - [MESSAGE][WARNING] - A browser is already opened. Closing browser and opening a new one

2023-10-03 13:55:01 - [MESSAGE][INFO] - Starting 'Firefox' driver

2023-10-03 13:55:01 - [MESSAGE][INFO] - User set preference: ['args', '[--disable-notifications]']

2023-10-03 13:55:01 - [MESSAGE][INFO] - Action delay is set to 0 milliseconds

2023-10-03 13:55:07 - [MESSAGE][PASSED] - Browser is opened with url: 'https://10.9.2.63/ecommerce/'

2023-10-03 13:55:07 - [TEST_STEP][PASSED] - maximizeWindow(): Current window maximized

2023-10-03 13:55:07 - [MESSAGE][PASSED] - Current window maximized

2023-10-03 13:55:07 - [TEST_STEP][PASSED] - verifyElementPresent(findTestObject("Login/Home"), 0): Object 'Object Repository/Login/Home' is present

2023-10-03 13:55:07 - [MESSAGE][WARNING] - Timeout '0' is invalid. Using default page load timeout: '30'

2023-10-03 13:55:07 - [MESSAGE][PASSED] - Object 'Object Repository/Login/Home' is present

2023-10-03 13:55:07 - [TEST_STEP][PASSED] - click(findTestObject("Login/a_Login")): Object: 'Object Repository/Login/a_Login' is clicked on

2023-10-03 13:55:08 - [MESSAGE][PASSED] - Object: 'Object Repository/Login/a_Login' is clicked on

2023-10-03 13:55:08 - [TEST_STEP][PASSED] - verifyElementPresent(findTestObject("Login/Tittle Login"), 0): Object 'Object Repository/Login/Tittle Login' is present

2023-10-03 13:55:08 - [MESSAGE][WARNING] - Timeout '0' is invalid. Using default page load timeout: '30'

2023-10-03 13:55:08 - [MESSAGE][PASSED] - Object 'Object Repository/Login/Tittle Login' is present

2023-10-03 13:55:08 - [TEST_STEP][PASSED] - setText(findTestObject("Login/input_Username, Email atau No. Handphone_a"), username): Text 'irfanafandi' is set on object 'Object Repository/Login/input_Username, Email atau No. Handphone_a'

2023-10-03 13:55:09 - [MESSAGE][PASSED] - Text 'irfanafandi' is set on object 'Object Repository/Login/input_Username, Email atau No. Handphone_a'

2023-10-03 13:55:09 - [TEST_STEP][PASSED] - setText(findTestObject("Login/input_Password_b"), password): Text '12345irfan' is set on object 'Object Repository/Login/input_Password_b'

2023-10-03 13:55:10 - [MESSAGE][PASSED] - Text '12345irfan' is set on object 'Object Repository/Login/input_Password_b'

2023-10-03 13:55:10 - [TEST_STEP][PASSED] - click(findTestObject("Login/label_Ingat saya")): Object: 'Object Repository/Login/label_Ingat saya' is clicked on

2023-10-03 13:55:10 - [MESSAGE][PASSED] - Object: 'Object Repository/Login/label_Ingat saya' is clicked on

2023-10-03 13:55:10 - [TEST_STEP][PASSED] - click(findTestObject("Login/button_Masuk")): Object: 'Object Repository/Login/button_Masuk' is clicked on

2023-10-03 13:55:12 - [MESSAGE][PASSED] - Object: 'Object Repository/Login/button_Masuk' is clicked on

2023-10-03 13:55:12 - [TEST_STEP][PASSED] - verifyElementPresent(findTestObject("Login/li_Profile"), 0): Object 'Object Repository/Login/li_Profile' is present

2023-10-03 13:55:12 - [MESSAGE][WARNING] - Timeout '0' is invalid. Using default page load timeout: '30'

2023-10-03 13:55:12 - [MESSAGE][PASSED] - Object 'Object Repository/Login/li_Profile' is present

2023-10-03 13:55:12 - [MESSAGE][PASSED] - Call Test Case 'Test Cases/T05 Jadi Kurir/LU-001' successfully

2023-10-03 13:55:12 - [TEST_STEP][PASSED] - click(findTestObject("Jadi kurir/a_Jadi Kurir")): Object: 'Object Repository/Jadi kurir/a_Jadi Kurir' is clicked on

2023-10-03 13:55:13 - [MESSAGE][PASSED] - Object: 'Object Repository/Jadi kurir/a_Jadi Kurir' is clicked on

2023-10-03 13:55:13 - [TEST_STEP][PASSED] - verifyElementPresent(findTestObject("Jadi kurir/li_Profile Kurir"), 0): Object 'Object Repository/Jadi kurir/li_Profile Kurir' is present

2023-10-03 13:55:13 - [MESSAGE][WARNING] - Timeout '0' is invalid. Using default page load timeout: '30'

2023-10-03 13:55:14 - [MESSAGE][PASSED] - Object 'Object Repository/Jadi kurir/li_Profile Kurir' is present

2023-10-03 13:55:14 - [MESSAGE][PASSED] - Call Test Case 'Test Cases/T05 Jadi Kurir/JK-001' successfully

2023-10-03 13:55:14 - [TEST_STEP][PASSED] - click(findTestObject("Jadi kurir/a_Daftar  Edit Data")): Object: 'Object Repository/Jadi kurir/a_Daftar  Edit Data' is clicked on

2023-10-03 13:55:15 - [MESSAGE][PASSED] - Object: 'Object Repository/Jadi kurir/a_Daftar  Edit Data' is clicked on

2023-10-03 13:55:15 - [TEST_STEP][PASSED] - verifyElementPresent(findTestObject("Jadi kurir/li_Profile Kurir"), 0): Object 'Object Repository/Jadi kurir/li_Profile Kurir' is present

2023-10-03 13:55:15 - [MESSAGE][WARNING] - Timeout '0' is invalid. Using default page load timeout: '30'

2023-10-03 13:55:16 - [MESSAGE][PASSED] - Object 'Object Repository/Jadi kurir/li_Profile Kurir' is present

2023-10-03 13:55:16 - [TEST_STEP][PASSED] - selectOptionByValue(findTestObject("Jadi kurir/select_- Pilih Kendaraan -Roda 2Roda 4"), Jenis, false): All options with value '2' are selected in object 'Object Repository/Jadi kurir/select_- Pilih Kendaraan -Roda 2Roda 4' 

2023-10-03 13:55:17 - [MESSAGE][PASSED] - All options with value '2' are selected in object 'Object Repository/Jadi kurir/select_- Pilih Kendaraan -Roda 2Roda 4' 

2023-10-03 13:55:17 - [TEST_STEP][PASSED] - setText(findTestObject("Jadi kurir/input_Merek Kendaraan"), Merek_Kendaraan): Text 'toyota supra' is set on object 'Object Repository/Jadi kurir/input_Merek Kendaraan'

2023-10-03 13:55:17 - [MESSAGE][PASSED] - Text 'toyota supra' is set on object 'Object Repository/Jadi kurir/input_Merek Kendaraan'

2023-10-03 13:55:17 - [TEST_STEP][PASSED] - setText(findTestObject("Jadi kurir/input_Plat Nomor"), Plat_Nomor): Text 'AB 1140 NG' is set on object 'Object Repository/Jadi kurir/input_Plat Nomor'

2023-10-03 13:55:18 - [MESSAGE][PASSED] - Text 'AB 1140 NG' is set on object 'Object Repository/Jadi kurir/input_Plat Nomor'

2023-10-03 13:55:18 - [TEST_STEP][PASSED] - setText(findTestObject("Jadi kurir/textarea_Keterangan"), Keterangan): Text 'mau daftar dong bang' is set on object 'Object Repository/Jadi kurir/textarea_Keterangan'

2023-10-03 13:55:19 - [MESSAGE][PASSED] - Text 'mau daftar dong bang' is set on object 'Object Repository/Jadi kurir/textarea_Keterangan'

2023-10-03 13:55:19 - [TEST_STEP][PASSED] - uploadFile(findTestObject("Object Repository/Jadi kurir/input_Choose files_uploadFile"), Berkas): File 'C:\Users\IRFAN\Videos\katalon\Doc1.docx' sent to object: 'Object Repository/Jadi kurir/input_Choose files_uploadFile'

2023-10-03 13:55:19 - [MESSAGE][PASSED] - File 'C:\Users\IRFAN\Videos\katalon\Doc1.docx' sent to object: 'Object Repository/Jadi kurir/input_Choose files_uploadFile'

2023-10-03 13:55:19 - [TEST_STEP][FAILED] - verifyTextPresent("Profile Kurir", false): Unable to verify text 'Profile Kurir' is present  (Root cause: com.kms.katalon.core.exception.StepFailedException: Unable to verify text 'Profile Kurir' is present 
	at com.kms.katalon.core.webui.keyword.internal.WebUIKeywordMain.stepFailed(WebUIKeywordMain.groovy:64)
	at com.kms.katalon.core.webui.keyword.internal.WebUIKeywordMain.runKeyword(WebUIKeywordMain.groovy:26)
	at com.kms.katalon.core.webui.keyword.builtin.VerifyTextPresentKeyword.verifyTextPresent(VerifyTextPresentKeyword.groovy:83)
	at com.kms.katalon.core.webui.keyword.builtin.VerifyTextPresentKeyword.execute(VerifyTextPresentKeyword.groovy:68)
	at com.kms.katalon.core.keyword.internal.KeywordExecutor.executeKeywordForPlatform(KeywordExecutor.groovy:74)
	at com.kms.katalon.core.webui.keyword.WebUiBuiltInKeywords.verifyTextPresent(WebUiBuiltInKeywords.groovy:1723)
	at com.kms.katalon.core.webui.keyword.WebUiBuiltInKeywords$verifyTextPresent$11.call(Unknown Source)
	at JK-012.run(JK-012:40)
	at com.kms.katalon.core.main.ScriptEngine.run(ScriptEngine.java:194)
	at com.kms.katalon.core.main.ScriptEngine.runScriptAsRawText(ScriptEngine.java:119)
	at com.kms.katalon.core.main.TestCaseExecutor.runScript(TestCaseExecutor.java:448)
	at com.kms.katalon.core.main.TestCaseExecutor.doExecute(TestCaseExecutor.java:439)
	at com.kms.katalon.core.main.TestCaseExecutor.processExecutionPhase(TestCaseExecutor.java:418)
	at com.kms.katalon.core.main.TestCaseExecutor.accessMainPhase(TestCaseExecutor.java:410)
	at com.kms.katalon.core.main.TestCaseExecutor.execute(TestCaseExecutor.java:285)
	at com.kms.katalon.core.common.CommonExecutor.accessTestCaseMainPhase(CommonExecutor.java:65)
	at com.kms.katalon.core.main.TestSuiteExecutor.accessTestSuiteMainPhase(TestSuiteExecutor.java:148)
	at com.kms.katalon.core.main.TestSuiteExecutor.execute(TestSuiteExecutor.java:106)
	at com.kms.katalon.core.main.TestCaseMain.startTestSuite(TestCaseMain.java:187)
	at com.kms.katalon.core.main.TestCaseMain$startTestSuite$0.call(Unknown Source)
	at TempTestSuite1696315841836.run(TempTestSuite1696315841836.groovy:36)
Caused by: com.kms.katalon.core.exception.StepFailedException: Text 'Profile Kurir' is not present on page 
	at com.kms.katalon.core.webui.keyword.internal.WebUIKeywordMain.stepFailed(WebUIKeywordMain.groovy:64)
	at com.kms.katalon.core.webui.keyword.builtin.VerifyTextPresentKeyword$_verifyTextPresent_closure1.doCall(VerifyTextPresentKeyword.groovy:79)
	at com.kms.katalon.core.webui.keyword.builtin.VerifyTextPresentKeyword$_verifyTextPresent_closure1.call(VerifyTextPresentKeyword.groovy)
	at com.kms.katalon.core.webui.keyword.internal.WebUIKeywordMain.runKeyword(WebUIKeywordMain.groovy:20)
	... 19 more
)

2023-10-03 13:55:21 - [MESSAGE][FAILED] - Text 'Profile Kurir' is not present on page  (Root cause: com.kms.katalon.core.exception.StepFailedException: Text 'Profile Kurir' is not present on page 
	at com.kms.katalon.core.webui.keyword.internal.WebUIKeywordMain.stepFailed(WebUIKeywordMain.groovy:64)
	at com.kms.katalon.core.webui.keyword.builtin.VerifyTextPresentKeyword$_verifyTextPresent_closure1.doCall(VerifyTextPresentKeyword.groovy:79)
	at com.kms.katalon.core.webui.keyword.builtin.VerifyTextPresentKeyword$_verifyTextPresent_closure1.call(VerifyTextPresentKeyword.groovy)
	at com.kms.katalon.core.webui.keyword.internal.WebUIKeywordMain.runKeyword(WebUIKeywordMain.groovy:20)
	at com.kms.katalon.core.webui.keyword.builtin.VerifyTextPresentKeyword.verifyTextPresent(VerifyTextPresentKeyword.groovy:83)
	at com.kms.katalon.core.webui.keyword.builtin.VerifyTextPresentKeyword.execute(VerifyTextPresentKeyword.groovy:68)
	at com.kms.katalon.core.keyword.internal.KeywordExecutor.executeKeywordForPlatform(KeywordExecutor.groovy:74)
	at com.kms.katalon.core.webui.keyword.WebUiBuiltInKeywords.verifyTextPresent(WebUiBuiltInKeywords.groovy:1723)
	at com.kms.katalon.core.webui.keyword.WebUiBuiltInKeywords$verifyTextPresent$11.call(Unknown Source)
	at JK-012.run(JK-012:40)
	at com.kms.katalon.core.main.ScriptEngine.run(ScriptEngine.java:194)
	at com.kms.katalon.core.main.ScriptEngine.runScriptAsRawText(ScriptEngine.java:119)
	at com.kms.katalon.core.main.TestCaseExecutor.runScript(TestCaseExecutor.java:448)
	at com.kms.katalon.core.main.TestCaseExecutor.doExecute(TestCaseExecutor.java:439)
	at com.kms.katalon.core.main.TestCaseExecutor.processExecutionPhase(TestCaseExecutor.java:418)
	at com.kms.katalon.core.main.TestCaseExecutor.accessMainPhase(TestCaseExecutor.java:410)
	at com.kms.katalon.core.main.TestCaseExecutor.execute(TestCaseExecutor.java:285)
	at com.kms.katalon.core.common.CommonExecutor.accessTestCaseMainPhase(CommonExecutor.java:65)
	at com.kms.katalon.core.main.TestSuiteExecutor.accessTestSuiteMainPhase(TestSuiteExecutor.java:148)
	at com.kms.katalon.core.main.TestSuiteExecutor.execute(TestSuiteExecutor.java:106)
	at com.kms.katalon.core.main.TestCaseMain.startTestSuite(TestCaseMain.java:187)
	at com.kms.katalon.core.main.TestCaseMain$startTestSuite$0.call(Unknown Source)
	at TempTestSuite1696315841836.run(TempTestSuite1696315841836.groovy:36)
)

2023-10-03 13:55:21 - [MESSAGE][FAILED] - Unable to verify text 'Profile Kurir' is present  (Root cause: com.kms.katalon.core.exception.StepFailedException: Unable to verify text 'Profile Kurir' is present 
	at com.kms.katalon.core.webui.keyword.internal.WebUIKeywordMain.stepFailed(WebUIKeywordMain.groovy:64)
	at com.kms.katalon.core.webui.keyword.internal.WebUIKeywordMain.runKeyword(WebUIKeywordMain.groovy:26)
	at com.kms.katalon.core.webui.keyword.builtin.VerifyTextPresentKeyword.verifyTextPresent(VerifyTextPresentKeyword.groovy:83)
	at com.kms.katalon.core.webui.keyword.builtin.VerifyTextPresentKeyword.execute(VerifyTextPresentKeyword.groovy:68)
	at com.kms.katalon.core.keyword.internal.KeywordExecutor.executeKeywordForPlatform(KeywordExecutor.groovy:74)
	at com.kms.katalon.core.webui.keyword.WebUiBuiltInKeywords.verifyTextPresent(WebUiBuiltInKeywords.groovy:1723)
	at com.kms.katalon.core.webui.keyword.WebUiBuiltInKeywords$verifyTextPresent$11.call(Unknown Source)
	at JK-012.run(JK-012:40)
	at com.kms.katalon.core.main.ScriptEngine.run(ScriptEngine.java:194)
	at com.kms.katalon.core.main.ScriptEngine.runScriptAsRawText(ScriptEngine.java:119)
	at com.kms.katalon.core.main.TestCaseExecutor.runScript(TestCaseExecutor.java:448)
	at com.kms.katalon.core.main.TestCaseExecutor.doExecute(TestCaseExecutor.java:439)
	at com.kms.katalon.core.main.TestCaseExecutor.processExecutionPhase(TestCaseExecutor.java:418)
	at com.kms.katalon.core.main.TestCaseExecutor.accessMainPhase(TestCaseExecutor.java:410)
	at com.kms.katalon.core.main.TestCaseExecutor.execute(TestCaseExecutor.java:285)
	at com.kms.katalon.core.common.CommonExecutor.accessTestCaseMainPhase(CommonExecutor.java:65)
	at com.kms.katalon.core.main.TestSuiteExecutor.accessTestSuiteMainPhase(TestSuiteExecutor.java:148)
	at com.kms.katalon.core.main.TestSuiteExecutor.execute(TestSuiteExecutor.java:106)
	at com.kms.katalon.core.main.TestCaseMain.startTestSuite(TestCaseMain.java:187)
	at com.kms.katalon.core.main.TestCaseMain$startTestSuite$0.call(Unknown Source)
	at TempTestSuite1696315841836.run(TempTestSuite1696315841836.groovy:36)
Caused by: com.kms.katalon.core.exception.StepFailedException: Text 'Profile Kurir' is not present on page 
	at com.kms.katalon.core.webui.keyword.internal.WebUIKeywordMain.stepFailed(WebUIKeywordMain.groovy:64)
	at com.kms.katalon.core.webui.keyword.builtin.VerifyTextPresentKeyword$_verifyTextPresent_closure1.doCall(VerifyTextPresentKeyword.groovy:79)
	at com.kms.katalon.core.webui.keyword.builtin.VerifyTextPresentKeyword$_verifyTextPresent_closure1.call(VerifyTextPresentKeyword.groovy)
	at com.kms.katalon.core.webui.keyword.internal.WebUIKeywordMain.runKeyword(WebUIKeywordMain.groovy:20)
	... 19 more
)
[[ATTACHMENT|D:\\BOOTCAMP XSIS\\Projek 2 MINI PROJEK\\Reports\\20231003_135040\\jadi kurir\\T05 jadi kurir\\20231003_135041\\1696316121154.png]]]]></system-out>
         <system-err><![CDATA[2023-10-03 13:55:00 - [TEST_CASE][FAILED] - Test Cases/T05 Jadi Kurir/JK-012: Test Cases/T05 Jadi Kurir/JK-012 FAILED.
Reason:
com.kms.katalon.core.exception.StepFailedException: Unable to verify text 'Profile Kurir' is present 
	at com.kms.katalon.core.webui.keyword.internal.WebUIKeywordMain.stepFailed(WebUIKeywordMain.groovy:64)
	at com.kms.katalon.core.webui.keyword.internal.WebUIKeywordMain.runKeyword(WebUIKeywordMain.groovy:26)
	at com.kms.katalon.core.webui.keyword.builtin.VerifyTextPresentKeyword.verifyTextPresent(VerifyTextPresentKeyword.groovy:83)
	at com.kms.katalon.core.webui.keyword.builtin.VerifyTextPresentKeyword.execute(VerifyTextPresentKeyword.groovy:68)
	at com.kms.katalon.core.keyword.internal.KeywordExecutor.executeKeywordForPlatform(KeywordExecutor.groovy:74)
	at com.kms.katalon.core.webui.keyword.WebUiBuiltInKeywords.verifyTextPresent(WebUiBuiltInKeywords.groovy:1723)
	at com.kms.katalon.core.webui.keyword.WebUiBuiltInKeywords$verifyTextPresent$11.call(Unknown Source)
	at JK-012.run(JK-012:40)
	at com.kms.katalon.core.main.ScriptEngine.run(ScriptEngine.java:194)
	at com.kms.katalon.core.main.ScriptEngine.runScriptAsRawText(ScriptEngine.java:119)
	at com.kms.katalon.core.main.TestCaseExecutor.runScript(TestCaseExecutor.java:448)
	at com.kms.katalon.core.main.TestCaseExecutor.doExecute(TestCaseExecutor.java:439)
	at com.kms.katalon.core.main.TestCaseExecutor.processExecutionPhase(TestCaseExecutor.java:418)
	at com.kms.katalon.core.main.TestCaseExecutor.accessMainPhase(TestCaseExecutor.java:410)
	at com.kms.katalon.core.main.TestCaseExecutor.execute(TestCaseExecutor.java:285)
	at com.kms.katalon.core.common.CommonExecutor.accessTestCaseMainPhase(CommonExecutor.java:65)
	at com.kms.katalon.core.main.TestSuiteExecutor.accessTestSuiteMainPhase(TestSuiteExecutor.java:148)
	at com.kms.katalon.core.main.TestSuiteExecutor.execute(TestSuiteExecutor.java:106)
	at com.kms.katalon.core.main.TestCaseMain.startTestSuite(TestCaseMain.java:187)
	at com.kms.katalon.core.main.TestCaseMain$startTestSuite$0.call(Unknown Source)
	at TempTestSuite1696315841836.run(TempTestSuite1696315841836.groovy:36)
Caused by: com.kms.katalon.core.exception.StepFailedException: Text 'Profile Kurir' is not present on page 
	at com.kms.katalon.core.webui.keyword.internal.WebUIKeywordMain.stepFailed(WebUIKeywordMain.groovy:64)
	at com.kms.katalon.core.webui.keyword.builtin.VerifyTextPresentKeyword$_verifyTextPresent_closure1.doCall(VerifyTextPresentKeyword.groovy:79)
	at com.kms.katalon.core.webui.keyword.builtin.VerifyTextPresentKeyword$_verifyTextPresent_closure1.call(VerifyTextPresentKeyword.groovy)
	at com.kms.katalon.core.webui.keyword.internal.WebUIKeywordMain.runKeyword(WebUIKeywordMain.groovy:20)
	... 19 more]]></system-err>
      </testcase>
      <testcase name="Test Cases/T05 Jadi Kurir/JK-013" time="20.66" classname="Test Cases/T05 Jadi Kurir/JK-013" status="PASSED">
         <system-out><![CDATA[2023-10-03 13:55:21 - [TEST_CASE][PASSED] - Test Cases/T05 Jadi Kurir/JK-013: Test Cases/T05 Jadi Kurir/JK-013

2023-10-03 13:55:21 - [TEST_STEP][PASSED] - callTestCase(findTestCase("T05 Jadi Kurir/JK-001"), [:], STOP_ON_FAILURE): Call Test Case 'Test Cases/T05 Jadi Kurir/JK-001' successfully

2023-10-03 13:55:21 - [TEST_CASE][PASSED] - Test Cases/T05 Jadi Kurir/JK-001: Test Cases/T05 Jadi Kurir/JK-001

2023-10-03 13:55:21 - [TEST_STEP][PASSED] - callTestCase(findTestCase("T05 Jadi Kurir/LU-001"), ["username":"irfanafandi", "password":"12345irfan"], STOP_ON_FAILURE): Call Test Case 'Test Cases/T05 Jadi Kurir/LU-001' successfully

2023-10-03 13:55:21 - [TEST_CASE][PASSED] - Test Cases/T05 Jadi Kurir/LU-001: Test Cases/T05 Jadi Kurir/LU-001

2023-10-03 13:55:22 - [TEST_STEP][PASSED] - openBrowser("https://10.9.2.63/ecommerce/"): Browser is opened with url: 'https://10.9.2.63/ecommerce/'

2023-10-03 13:55:22 - [MESSAGE][WARNING] - A browser is already opened. Closing browser and opening a new one

2023-10-03 13:55:23 - [MESSAGE][INFO] - Starting 'Firefox' driver

2023-10-03 13:55:23 - [MESSAGE][INFO] - User set preference: ['args', '[--disable-notifications]']

2023-10-03 13:55:23 - [MESSAGE][INFO] - Action delay is set to 0 milliseconds

2023-10-03 13:55:28 - [MESSAGE][PASSED] - Browser is opened with url: 'https://10.9.2.63/ecommerce/'

2023-10-03 13:55:28 - [TEST_STEP][PASSED] - maximizeWindow(): Current window maximized

2023-10-03 13:55:28 - [MESSAGE][PASSED] - Current window maximized

2023-10-03 13:55:28 - [TEST_STEP][PASSED] - verifyElementPresent(findTestObject("Login/Home"), 0): Object 'Object Repository/Login/Home' is present

2023-10-03 13:55:29 - [MESSAGE][WARNING] - Timeout '0' is invalid. Using default page load timeout: '30'

2023-10-03 13:55:29 - [MESSAGE][PASSED] - Object 'Object Repository/Login/Home' is present

2023-10-03 13:55:29 - [TEST_STEP][PASSED] - click(findTestObject("Login/a_Login")): Object: 'Object Repository/Login/a_Login' is clicked on

2023-10-03 13:55:30 - [MESSAGE][PASSED] - Object: 'Object Repository/Login/a_Login' is clicked on

2023-10-03 13:55:30 - [TEST_STEP][PASSED] - verifyElementPresent(findTestObject("Login/Tittle Login"), 0): Object 'Object Repository/Login/Tittle Login' is present

2023-10-03 13:55:30 - [MESSAGE][WARNING] - Timeout '0' is invalid. Using default page load timeout: '30'

2023-10-03 13:55:30 - [MESSAGE][PASSED] - Object 'Object Repository/Login/Tittle Login' is present

2023-10-03 13:55:30 - [TEST_STEP][PASSED] - setText(findTestObject("Login/input_Username, Email atau No. Handphone_a"), username): Text 'irfanafandi' is set on object 'Object Repository/Login/input_Username, Email atau No. Handphone_a'

2023-10-03 13:55:31 - [MESSAGE][PASSED] - Text 'irfanafandi' is set on object 'Object Repository/Login/input_Username, Email atau No. Handphone_a'

2023-10-03 13:55:31 - [TEST_STEP][PASSED] - setText(findTestObject("Login/input_Password_b"), password): Text '12345irfan' is set on object 'Object Repository/Login/input_Password_b'

2023-10-03 13:55:32 - [MESSAGE][PASSED] - Text '12345irfan' is set on object 'Object Repository/Login/input_Password_b'

2023-10-03 13:55:32 - [TEST_STEP][PASSED] - click(findTestObject("Login/label_Ingat saya")): Object: 'Object Repository/Login/label_Ingat saya' is clicked on

2023-10-03 13:55:32 - [MESSAGE][PASSED] - Object: 'Object Repository/Login/label_Ingat saya' is clicked on

2023-10-03 13:55:32 - [TEST_STEP][PASSED] - click(findTestObject("Login/button_Masuk")): Object: 'Object Repository/Login/button_Masuk' is clicked on

2023-10-03 13:55:33 - [MESSAGE][PASSED] - Object: 'Object Repository/Login/button_Masuk' is clicked on

2023-10-03 13:55:33 - [TEST_STEP][PASSED] - verifyElementPresent(findTestObject("Login/li_Profile"), 0): Object 'Object Repository/Login/li_Profile' is present

2023-10-03 13:55:33 - [MESSAGE][WARNING] - Timeout '0' is invalid. Using default page load timeout: '30'

2023-10-03 13:55:34 - [MESSAGE][PASSED] - Object 'Object Repository/Login/li_Profile' is present

2023-10-03 13:55:34 - [MESSAGE][PASSED] - Call Test Case 'Test Cases/T05 Jadi Kurir/LU-001' successfully

2023-10-03 13:55:34 - [TEST_STEP][PASSED] - click(findTestObject("Jadi kurir/a_Jadi Kurir")): Object: 'Object Repository/Jadi kurir/a_Jadi Kurir' is clicked on

2023-10-03 13:55:35 - [MESSAGE][PASSED] - Object: 'Object Repository/Jadi kurir/a_Jadi Kurir' is clicked on

2023-10-03 13:55:35 - [TEST_STEP][PASSED] - verifyElementPresent(findTestObject("Jadi kurir/li_Profile Kurir"), 0): Object 'Object Repository/Jadi kurir/li_Profile Kurir' is present

2023-10-03 13:55:35 - [MESSAGE][WARNING] - Timeout '0' is invalid. Using default page load timeout: '30'

2023-10-03 13:55:36 - [MESSAGE][PASSED] - Object 'Object Repository/Jadi kurir/li_Profile Kurir' is present

2023-10-03 13:55:36 - [MESSAGE][PASSED] - Call Test Case 'Test Cases/T05 Jadi Kurir/JK-001' successfully

2023-10-03 13:55:36 - [TEST_STEP][PASSED] - click(findTestObject("Jadi kurir/a_Daftar  Edit Data")): Object: 'Object Repository/Jadi kurir/a_Daftar  Edit Data' is clicked on

2023-10-03 13:55:37 - [MESSAGE][PASSED] - Object: 'Object Repository/Jadi kurir/a_Daftar  Edit Data' is clicked on

2023-10-03 13:55:37 - [TEST_STEP][PASSED] - verifyElementPresent(findTestObject("Jadi kurir/li_Profile Kurir"), 0): Object 'Object Repository/Jadi kurir/li_Profile Kurir' is present

2023-10-03 13:55:37 - [MESSAGE][WARNING] - Timeout '0' is invalid. Using default page load timeout: '30'

2023-10-03 13:55:37 - [MESSAGE][PASSED] - Object 'Object Repository/Jadi kurir/li_Profile Kurir' is present

2023-10-03 13:55:37 - [TEST_STEP][PASSED] - selectOptionByValue(findTestObject("Jadi kurir/select_- Pilih Kendaraan -Roda 2Roda 4"), Jenis, false): All options with value '2' are selected in object 'Object Repository/Jadi kurir/select_- Pilih Kendaraan -Roda 2Roda 4' 

2023-10-03 13:55:38 - [MESSAGE][PASSED] - All options with value '2' are selected in object 'Object Repository/Jadi kurir/select_- Pilih Kendaraan -Roda 2Roda 4' 

2023-10-03 13:55:38 - [TEST_STEP][PASSED] - setText(findTestObject("Jadi kurir/input_Merek Kendaraan"), Merek_Kendaraan): Text 'toyota supra' is set on object 'Object Repository/Jadi kurir/input_Merek Kendaraan'

2023-10-03 13:55:39 - [MESSAGE][PASSED] - Text 'toyota supra' is set on object 'Object Repository/Jadi kurir/input_Merek Kendaraan'

2023-10-03 13:55:39 - [TEST_STEP][PASSED] - setText(findTestObject("Jadi kurir/input_Plat Nomor"), Plat_Nomor): Text 'AB 1140 NG' is set on object 'Object Repository/Jadi kurir/input_Plat Nomor'

2023-10-03 13:55:39 - [MESSAGE][PASSED] - Text 'AB 1140 NG' is set on object 'Object Repository/Jadi kurir/input_Plat Nomor'

2023-10-03 13:55:39 - [TEST_STEP][PASSED] - setText(findTestObject("Jadi kurir/textarea_Keterangan"), Keterangan): Text 'mau daftar dong bang' is set on object 'Object Repository/Jadi kurir/textarea_Keterangan'

2023-10-03 13:55:40 - [MESSAGE][PASSED] - Text 'mau daftar dong bang' is set on object 'Object Repository/Jadi kurir/textarea_Keterangan'

2023-10-03 13:55:40 - [TEST_STEP][PASSED] - uploadFile(findTestObject("Object Repository/Jadi kurir/input_Choose files_uploadFile"), Berkas): File 'C:\Users\IRFAN\Videos\katalon\video.mp4' sent to object: 'Object Repository/Jadi kurir/input_Choose files_uploadFile'

2023-10-03 13:55:41 - [MESSAGE][PASSED] - File 'C:\Users\IRFAN\Videos\katalon\video.mp4' sent to object: 'Object Repository/Jadi kurir/input_Choose files_uploadFile'

2023-10-03 13:55:41 - [TEST_STEP][PASSED] - verifyTextPresent("video.mp4 is not allowed. Allowed extensions: jpg,png,jpeg,gif,zip,rar,pdf,doc,docx,xls,xlsx", false): Text 'video.mp4 is not allowed. Allowed extensions: jpg,png,jpeg,gif,zip,rar,pdf,doc,docx,xls,xlsx' is present on page 

2023-10-03 13:55:41 - [MESSAGE][PASSED] - Text 'video.mp4 is not allowed. Allowed extensions: jpg,png,jpeg,gif,zip,rar,pdf,doc,docx,xls,xlsx' is present on page]]></system-out>
         <system-err><![CDATA[]]></system-err>
      </testcase>
      <testcase name="Test Cases/T05 Jadi Kurir/JKA-001" time="51.033" classname="Test Cases/T05 Jadi Kurir/JKA-001" status="PASSED">
         <system-out><![CDATA[2023-10-03 13:55:41 - [TEST_CASE][PASSED] - Test Cases/T05 Jadi Kurir/JKA-001: Test Cases/T05 Jadi Kurir/JKA-001

2023-10-03 13:55:42 - [TEST_STEP][PASSED] - openBrowser("https://10.9.2.63/ecommerce/administrator/"): Browser is opened with url: 'https://10.9.2.63/ecommerce/administrator/'

2023-10-03 13:55:42 - [MESSAGE][WARNING] - A browser is already opened. Closing browser and opening a new one

2023-10-03 13:55:43 - [MESSAGE][INFO] - Starting 'Firefox' driver

2023-10-03 13:55:43 - [MESSAGE][INFO] - User set preference: ['args', '[--disable-notifications]']

2023-10-03 13:55:43 - [MESSAGE][INFO] - Action delay is set to 0 milliseconds

2023-10-03 13:55:48 - [MESSAGE][PASSED] - Browser is opened with url: 'https://10.9.2.63/ecommerce/administrator/'

2023-10-03 13:55:48 - [TEST_STEP][PASSED] - verifyElementPresent(findTestObject("admin/Tittle ADMIN Login"), 0): Object 'Object Repository/admin/Tittle ADMIN Login' is present

2023-10-03 13:55:48 - [MESSAGE][WARNING] - Timeout '0' is invalid. Using default page load timeout: '30'

2023-10-03 13:55:48 - [MESSAGE][PASSED] - Object 'Object Repository/admin/Tittle ADMIN Login' is present

2023-10-03 13:55:48 - [TEST_STEP][PASSED] - setText(findTestObject("admin/Username"), "admin"): Text 'admin' is set on object 'Object Repository/admin/Username'

2023-10-03 13:55:49 - [MESSAGE][PASSED] - Text 'admin' is set on object 'Object Repository/admin/Username'

2023-10-03 13:55:49 - [TEST_STEP][PASSED] - setText(findTestObject("admin/Password"), "123admin123"): Text '123admin123' is set on object 'Object Repository/admin/Password'

2023-10-03 13:55:50 - [MESSAGE][PASSED] - Text '123admin123' is set on object 'Object Repository/admin/Password'

2023-10-03 13:55:50 - [TEST_STEP][PASSED] - click(findTestObject("admin/Remember Me")): Object: 'Object Repository/admin/Remember Me' is clicked on

2023-10-03 13:55:50 - [MESSAGE][PASSED] - Object: 'Object Repository/admin/Remember Me' is clicked on

2023-10-03 13:55:50 - [TEST_STEP][PASSED] - delay(10): Delayed 10 second(s)

2023-10-03 13:56:00 - [MESSAGE][PASSED] - Delayed 10 second(s)

2023-10-03 13:56:00 - [TEST_STEP][PASSED] - click(findTestObject("admin/buttom submit")): Object: 'Object Repository/admin/buttom submit' is clicked on

2023-10-03 13:56:02 - [MESSAGE][PASSED] - Object: 'Object Repository/admin/buttom submit' is clicked on

2023-10-03 13:56:02 - [TEST_STEP][PASSED] - verifyElementPresent(findTestObject("admin/Konf order konsumen/Tittle Dashboard"), 0): Object 'Object Repository/admin/Konf order konsumen/Tittle Dashboard' is present

2023-10-03 13:56:02 - [MESSAGE][WARNING] - Timeout '0' is invalid. Using default page load timeout: '30'

2023-10-03 13:56:07 - [MESSAGE][PASSED] - Object 'Object Repository/admin/Konf order konsumen/Tittle Dashboard' is present

2023-10-03 13:56:07 - [TEST_STEP][PASSED] - click(findTestObject("Admin kurir/Master Market")): Object: 'Object Repository/Admin kurir/Master Market' is clicked on

2023-10-03 13:56:08 - [MESSAGE][PASSED] - Object: 'Object Repository/Admin kurir/Master Market' is clicked on

2023-10-03 13:56:08 - [TEST_STEP][PASSED] - click(findTestObject("Admin kurir/Sopir  Kurir Internal")): Object: 'Object Repository/Admin kurir/Sopir  Kurir Internal' is clicked on

2023-10-03 13:56:09 - [MESSAGE][PASSED] - Object: 'Object Repository/Admin kurir/Sopir  Kurir Internal' is clicked on

2023-10-03 13:56:09 - [TEST_STEP][PASSED] - verifyElementPresent(findTestObject("Admin kurir/Daftar Sopir"), 0): Object 'Object Repository/Admin kurir/Daftar Sopir' is present

2023-10-03 13:56:10 - [MESSAGE][WARNING] - Timeout '0' is invalid. Using default page load timeout: '30'

2023-10-03 13:56:16 - [MESSAGE][PASSED] - Object 'Object Repository/Admin kurir/Daftar Sopir' is present

2023-10-03 13:56:16 - [TEST_STEP][PASSED] - click(findTestObject("Admin kurir/input_Search")): Object: 'Object Repository/Admin kurir/input_Search' is clicked on

2023-10-03 13:56:17 - [MESSAGE][PASSED] - Object: 'Object Repository/Admin kurir/input_Search' is clicked on

2023-10-03 13:56:17 - [TEST_STEP][PASSED] - setText(findTestObject("Admin kurir/input_Search"), "irfan.afandi"): Text 'irfan.afandi' is set on object 'Object Repository/Admin kurir/input_Search'

2023-10-03 13:56:17 - [MESSAGE][PASSED] - Text 'irfan.afandi' is set on object 'Object Repository/Admin kurir/input_Search'

2023-10-03 13:56:17 - [TEST_STEP][PASSED] - click(findTestObject("Admin kurir/buttom verifikasi")): Object: 'Object Repository/Admin kurir/buttom verifikasi' is clicked on

2023-10-03 13:56:18 - [MESSAGE][PASSED] - Object: 'Object Repository/Admin kurir/buttom verifikasi' is clicked on

2023-10-03 13:56:18 - [TEST_STEP][PASSED] - acceptAlert(): Alert accepted

2023-10-03 13:56:18 - [MESSAGE][PASSED] - Alert accepted

2023-10-03 13:56:18 - [TEST_STEP][PASSED] - delay(5): Delayed 5 second(s)

2023-10-03 13:56:23 - [MESSAGE][PASSED] - Delayed 5 second(s)

2023-10-03 13:56:23 - [TEST_STEP][PASSED] - click(findTestObject("Admin kurir/input_Search")): Object: 'Object Repository/Admin kurir/input_Search' is clicked on

2023-10-03 13:56:26 - [MESSAGE][PASSED] - Object: 'Object Repository/Admin kurir/input_Search' is clicked on

2023-10-03 13:56:26 - [TEST_STEP][PASSED] - setText(findTestObject("Admin kurir/input_Search"), "irfan.afandi"): Text 'irfan.afandi' is set on object 'Object Repository/Admin kurir/input_Search'

2023-10-03 13:56:27 - [MESSAGE][PASSED] - Text 'irfan.afandi' is set on object 'Object Repository/Admin kurir/input_Search'

2023-10-03 13:56:27 - [TEST_STEP][PASSED] - click(findTestObject("Admin kurir/buttom detail")): Object: 'Object Repository/Admin kurir/buttom detail' is clicked on

2023-10-03 13:56:28 - [MESSAGE][PASSED] - Object: 'Object Repository/Admin kurir/buttom detail' is clicked on

2023-10-03 13:56:28 - [TEST_STEP][PASSED] - verifyElementText(findTestObject("Admin kurir/Ter-verifikasi"), "Ter-verifikasi"): Actual text and expected text of test object 'Object Repository/Admin kurir/Ter-verifikasi' are matched.

2023-10-03 13:56:32 - [MESSAGE][PASSED] - Actual text and expected text of test object 'Object Repository/Admin kurir/Ter-verifikasi' are matched.]]></system-out>
         <system-err><![CDATA[]]></system-err>
      </testcase>
      <testcase name="Test Cases/T05 Jadi Kurir/JKA-002" time="41.51" classname="Test Cases/T05 Jadi Kurir/JKA-002" status="FAILED">
         <failure type="FAILED" message="Test Cases/T05 Jadi Kurir/JKA-002 FAILED.
Reason:
com.kms.katalon.core.exception.StepFailedException: Unable to accept alert
	at com.kms.katalon.core.webui.keyword.internal.WebUIKeywordMain.stepFailed(WebUIKeywordMain.groovy:64)
	at com.kms.katalon.core.webui.keyword.internal.WebUIKeywordMain.runKeyword(WebUIKeywordMain.groovy:26)
	at com.kms.katalon.core.webui.keyword.builtin.AcceptAlertKeyword.acceptAlert(AcceptAlertKeyword.groovy:71)
	at com.kms.katalon.core.webui.keyword.builtin.AcceptAlertKeyword.execute(AcceptAlertKeyword.groovy:66)
	at com.kms.katalon.core.keyword.internal.KeywordExecutor.executeKeywordForPlatform(KeywordExecutor.groovy:74)
	at com.kms.katalon.core.webui.keyword.WebUiBuiltInKeywords.acceptAlert(WebUiBuiltInKeywords.groovy:1522)
	at com.kms.katalon.core.webui.keyword.WebUiBuiltInKeywords$acceptAlert$13.call(Unknown Source)
	at JKA-002.run(JKA-002:48)
	at com.kms.katalon.core.main.ScriptEngine.run(ScriptEngine.java:194)
	at com.kms.katalon.core.main.ScriptEngine.runScriptAsRawText(ScriptEngine.java:119)
	at com.kms.katalon.core.main.TestCaseExecutor.runScript(TestCaseExecutor.java:448)
	at com.kms.katalon.core.main.TestCaseExecutor.doExecute(TestCaseExecutor.java:439)
	at com.kms.katalon.core.main.TestCaseExecutor.processExecutionPhase(TestCaseExecutor.java:418)
	at com.kms.katalon.core.main.TestCaseExecutor.accessMainPhase(TestCaseExecutor.java:410)
	at com.kms.katalon.core.main.TestCaseExecutor.execute(TestCaseExecutor.java:285)
	at com.kms.katalon.core.common.CommonExecutor.accessTestCaseMainPhase(CommonExecutor.java:65)
	at com.kms.katalon.core.main.TestSuiteExecutor.accessTestSuiteMainPhase(TestSuiteExecutor.java:148)
	at com.kms.katalon.core.main.TestSuiteExecutor.execute(TestSuiteExecutor.java:106)
	at com.kms.katalon.core.main.TestCaseMain.startTestSuite(TestCaseMain.java:187)
	at com.kms.katalon.core.main.TestCaseMain$startTestSuite$0.call(Unknown Source)
	at TempTestSuite1696315841836.run(TempTestSuite1696315841836.groovy:36)
Caused by: com.kms.katalon.core.exception.StepFailedException: No alert found
	at com.kms.katalon.core.webui.keyword.internal.WebUIKeywordMain.stepFailed(WebUIKeywordMain.groovy:64)
	at com.kms.katalon.core.webui.keyword.builtin.AcceptAlertKeyword$_acceptAlert_closure1.doCall(AcceptAlertKeyword.groovy:78)
	at com.kms.katalon.core.webui.keyword.builtin.AcceptAlertKeyword$_acceptAlert_closure1.call(AcceptAlertKeyword.groovy)
	at com.kms.katalon.core.webui.keyword.internal.WebUIKeywordMain.runKeyword(WebUIKeywordMain.groovy:20)
	... 19 more
"/>
         <system-out><![CDATA[2023-10-03 13:56:32 - [TEST_CASE][FAILED] - Test Cases/T05 Jadi Kurir/JKA-002: Test Cases/T05 Jadi Kurir/JKA-002 FAILED.
Reason:
com.kms.katalon.core.exception.StepFailedException: Unable to accept alert
	at com.kms.katalon.core.webui.keyword.internal.WebUIKeywordMain.stepFailed(WebUIKeywordMain.groovy:64)
	at com.kms.katalon.core.webui.keyword.internal.WebUIKeywordMain.runKeyword(WebUIKeywordMain.groovy:26)
	at com.kms.katalon.core.webui.keyword.builtin.AcceptAlertKeyword.acceptAlert(AcceptAlertKeyword.groovy:71)
	at com.kms.katalon.core.webui.keyword.builtin.AcceptAlertKeyword.execute(AcceptAlertKeyword.groovy:66)
	at com.kms.katalon.core.keyword.internal.KeywordExecutor.executeKeywordForPlatform(KeywordExecutor.groovy:74)
	at com.kms.katalon.core.webui.keyword.WebUiBuiltInKeywords.acceptAlert(WebUiBuiltInKeywords.groovy:1522)
	at com.kms.katalon.core.webui.keyword.WebUiBuiltInKeywords$acceptAlert$13.call(Unknown Source)
	at JKA-002.run(JKA-002:48)
	at com.kms.katalon.core.main.ScriptEngine.run(ScriptEngine.java:194)
	at com.kms.katalon.core.main.ScriptEngine.runScriptAsRawText(ScriptEngine.java:119)
	at com.kms.katalon.core.main.TestCaseExecutor.runScript(TestCaseExecutor.java:448)
	at com.kms.katalon.core.main.TestCaseExecutor.doExecute(TestCaseExecutor.java:439)
	at com.kms.katalon.core.main.TestCaseExecutor.processExecutionPhase(TestCaseExecutor.java:418)
	at com.kms.katalon.core.main.TestCaseExecutor.accessMainPhase(TestCaseExecutor.java:410)
	at com.kms.katalon.core.main.TestCaseExecutor.execute(TestCaseExecutor.java:285)
	at com.kms.katalon.core.common.CommonExecutor.accessTestCaseMainPhase(CommonExecutor.java:65)
	at com.kms.katalon.core.main.TestSuiteExecutor.accessTestSuiteMainPhase(TestSuiteExecutor.java:148)
	at com.kms.katalon.core.main.TestSuiteExecutor.execute(TestSuiteExecutor.java:106)
	at com.kms.katalon.core.main.TestCaseMain.startTestSuite(TestCaseMain.java:187)
	at com.kms.katalon.core.main.TestCaseMain$startTestSuite$0.call(Unknown Source)
	at TempTestSuite1696315841836.run(TempTestSuite1696315841836.groovy:36)
Caused by: com.kms.katalon.core.exception.StepFailedException: No alert found
	at com.kms.katalon.core.webui.keyword.internal.WebUIKeywordMain.stepFailed(WebUIKeywordMain.groovy:64)
	at com.kms.katalon.core.webui.keyword.builtin.AcceptAlertKeyword$_acceptAlert_closure1.doCall(AcceptAlertKeyword.groovy:78)
	at com.kms.katalon.core.webui.keyword.builtin.AcceptAlertKeyword$_acceptAlert_closure1.call(AcceptAlertKeyword.groovy)
	at com.kms.katalon.core.webui.keyword.internal.WebUIKeywordMain.runKeyword(WebUIKeywordMain.groovy:20)
	... 19 more


2023-10-03 13:56:33 - [TEST_STEP][PASSED] - openBrowser("https://10.9.2.63/ecommerce/administrator/"): Browser is opened with url: 'https://10.9.2.63/ecommerce/administrator/'

2023-10-03 13:56:33 - [MESSAGE][WARNING] - A browser is already opened. Closing browser and opening a new one

2023-10-03 13:56:36 - [MESSAGE][INFO] - Starting 'Firefox' driver

2023-10-03 13:56:36 - [MESSAGE][INFO] - User set preference: ['args', '[--disable-notifications]']

2023-10-03 13:56:36 - [MESSAGE][INFO] - Action delay is set to 0 milliseconds

2023-10-03 13:56:41 - [MESSAGE][PASSED] - Browser is opened with url: 'https://10.9.2.63/ecommerce/administrator/'

2023-10-03 13:56:41 - [TEST_STEP][PASSED] - verifyElementPresent(findTestObject("admin/Tittle ADMIN Login"), 0): Object 'Object Repository/admin/Tittle ADMIN Login' is present

2023-10-03 13:56:41 - [MESSAGE][WARNING] - Timeout '0' is invalid. Using default page load timeout: '30'

2023-10-03 13:56:41 - [MESSAGE][PASSED] - Object 'Object Repository/admin/Tittle ADMIN Login' is present

2023-10-03 13:56:41 - [TEST_STEP][PASSED] - setText(findTestObject("admin/Username"), "admin"): Text 'admin' is set on object 'Object Repository/admin/Username'

2023-10-03 13:56:42 - [MESSAGE][PASSED] - Text 'admin' is set on object 'Object Repository/admin/Username'

2023-10-03 13:56:42 - [TEST_STEP][PASSED] - setText(findTestObject("admin/Password"), "123admin123"): Text '123admin123' is set on object 'Object Repository/admin/Password'

2023-10-03 13:56:43 - [MESSAGE][PASSED] - Text '123admin123' is set on object 'Object Repository/admin/Password'

2023-10-03 13:56:43 - [TEST_STEP][PASSED] - click(findTestObject("admin/Remember Me")): Object: 'Object Repository/admin/Remember Me' is clicked on

2023-10-03 13:56:43 - [MESSAGE][PASSED] - Object: 'Object Repository/admin/Remember Me' is clicked on

2023-10-03 13:56:43 - [TEST_STEP][PASSED] - delay(10): Delayed 10 second(s)

2023-10-03 13:56:53 - [MESSAGE][PASSED] - Delayed 10 second(s)

2023-10-03 13:56:53 - [TEST_STEP][PASSED] - click(findTestObject("admin/buttom submit")): Object: 'Object Repository/admin/buttom submit' is clicked on

2023-10-03 13:56:55 - [MESSAGE][PASSED] - Object: 'Object Repository/admin/buttom submit' is clicked on

2023-10-03 13:56:55 - [TEST_STEP][PASSED] - verifyElementPresent(findTestObject("admin/Konf order konsumen/Tittle Dashboard"), 0): Object 'Object Repository/admin/Konf order konsumen/Tittle Dashboard' is present

2023-10-03 13:56:55 - [MESSAGE][WARNING] - Timeout '0' is invalid. Using default page load timeout: '30'

2023-10-03 13:57:01 - [MESSAGE][PASSED] - Object 'Object Repository/admin/Konf order konsumen/Tittle Dashboard' is present

2023-10-03 13:57:01 - [TEST_STEP][PASSED] - click(findTestObject("Admin kurir/Master Market")): Object: 'Object Repository/Admin kurir/Master Market' is clicked on

2023-10-03 13:57:02 - [MESSAGE][PASSED] - Object: 'Object Repository/Admin kurir/Master Market' is clicked on

2023-10-03 13:57:02 - [TEST_STEP][PASSED] - click(findTestObject("Admin kurir/Sopir  Kurir Internal")): Object: 'Object Repository/Admin kurir/Sopir  Kurir Internal' is clicked on

2023-10-03 13:57:04 - [MESSAGE][PASSED] - Object: 'Object Repository/Admin kurir/Sopir  Kurir Internal' is clicked on

2023-10-03 13:57:04 - [TEST_STEP][PASSED] - verifyElementPresent(findTestObject("Admin kurir/Daftar Sopir"), 0): Object 'Object Repository/Admin kurir/Daftar Sopir' is present

2023-10-03 13:57:04 - [MESSAGE][WARNING] - Timeout '0' is invalid. Using default page load timeout: '30'

2023-10-03 13:57:10 - [MESSAGE][PASSED] - Object 'Object Repository/Admin kurir/Daftar Sopir' is present

2023-10-03 13:57:10 - [TEST_STEP][PASSED] - click(findTestObject("Admin kurir/input_Search")): Object: 'Object Repository/Admin kurir/input_Search' is clicked on

2023-10-03 13:57:11 - [MESSAGE][PASSED] - Object: 'Object Repository/Admin kurir/input_Search' is clicked on

2023-10-03 13:57:11 - [TEST_STEP][PASSED] - setText(findTestObject("Admin kurir/input_Search"), "irfan.afandi"): Text 'irfan.afandi' is set on object 'Object Repository/Admin kurir/input_Search'

2023-10-03 13:57:12 - [MESSAGE][PASSED] - Text 'irfan.afandi' is set on object 'Object Repository/Admin kurir/input_Search'

2023-10-03 13:57:12 - [TEST_STEP][PASSED] - click(findTestObject("Admin kurir/buttom delete")): Object: 'Object Repository/Admin kurir/buttom delete' is clicked on

2023-10-03 13:57:14 - [MESSAGE][PASSED] - Object: 'Object Repository/Admin kurir/buttom delete' is clicked on

2023-10-03 13:57:14 - [TEST_STEP][FAILED] - acceptAlert(): Unable to accept alert (Root cause: com.kms.katalon.core.exception.StepFailedException: Unable to accept alert
	at com.kms.katalon.core.webui.keyword.internal.WebUIKeywordMain.stepFailed(WebUIKeywordMain.groovy:64)
	at com.kms.katalon.core.webui.keyword.internal.WebUIKeywordMain.runKeyword(WebUIKeywordMain.groovy:26)
	at com.kms.katalon.core.webui.keyword.builtin.AcceptAlertKeyword.acceptAlert(AcceptAlertKeyword.groovy:71)
	at com.kms.katalon.core.webui.keyword.builtin.AcceptAlertKeyword.execute(AcceptAlertKeyword.groovy:66)
	at com.kms.katalon.core.keyword.internal.KeywordExecutor.executeKeywordForPlatform(KeywordExecutor.groovy:74)
	at com.kms.katalon.core.webui.keyword.WebUiBuiltInKeywords.acceptAlert(WebUiBuiltInKeywords.groovy:1522)
	at com.kms.katalon.core.webui.keyword.WebUiBuiltInKeywords$acceptAlert$13.call(Unknown Source)
	at JKA-002.run(JKA-002:48)
	at com.kms.katalon.core.main.ScriptEngine.run(ScriptEngine.java:194)
	at com.kms.katalon.core.main.ScriptEngine.runScriptAsRawText(ScriptEngine.java:119)
	at com.kms.katalon.core.main.TestCaseExecutor.runScript(TestCaseExecutor.java:448)
	at com.kms.katalon.core.main.TestCaseExecutor.doExecute(TestCaseExecutor.java:439)
	at com.kms.katalon.core.main.TestCaseExecutor.processExecutionPhase(TestCaseExecutor.java:418)
	at com.kms.katalon.core.main.TestCaseExecutor.accessMainPhase(TestCaseExecutor.java:410)
	at com.kms.katalon.core.main.TestCaseExecutor.execute(TestCaseExecutor.java:285)
	at com.kms.katalon.core.common.CommonExecutor.accessTestCaseMainPhase(CommonExecutor.java:65)
	at com.kms.katalon.core.main.TestSuiteExecutor.accessTestSuiteMainPhase(TestSuiteExecutor.java:148)
	at com.kms.katalon.core.main.TestSuiteExecutor.execute(TestSuiteExecutor.java:106)
	at com.kms.katalon.core.main.TestCaseMain.startTestSuite(TestCaseMain.java:187)
	at com.kms.katalon.core.main.TestCaseMain$startTestSuite$0.call(Unknown Source)
	at TempTestSuite1696315841836.run(TempTestSuite1696315841836.groovy:36)
Caused by: com.kms.katalon.core.exception.StepFailedException: No alert found
	at com.kms.katalon.core.webui.keyword.internal.WebUIKeywordMain.stepFailed(WebUIKeywordMain.groovy:64)
	at com.kms.katalon.core.webui.keyword.builtin.AcceptAlertKeyword$_acceptAlert_closure1.doCall(AcceptAlertKeyword.groovy:78)
	at com.kms.katalon.core.webui.keyword.builtin.AcceptAlertKeyword$_acceptAlert_closure1.call(AcceptAlertKeyword.groovy)
	at com.kms.katalon.core.webui.keyword.internal.WebUIKeywordMain.runKeyword(WebUIKeywordMain.groovy:20)
	... 19 more
)

2023-10-03 13:57:14 - [MESSAGE][FAILED] - No alert found (Root cause: com.kms.katalon.core.exception.StepFailedException: No alert found
	at com.kms.katalon.core.webui.keyword.internal.WebUIKeywordMain.stepFailed(WebUIKeywordMain.groovy:64)
	at com.kms.katalon.core.webui.keyword.builtin.AcceptAlertKeyword$_acceptAlert_closure1.doCall(AcceptAlertKeyword.groovy:78)
	at com.kms.katalon.core.webui.keyword.builtin.AcceptAlertKeyword$_acceptAlert_closure1.call(AcceptAlertKeyword.groovy)
	at com.kms.katalon.core.webui.keyword.internal.WebUIKeywordMain.runKeyword(WebUIKeywordMain.groovy:20)
	at com.kms.katalon.core.webui.keyword.builtin.AcceptAlertKeyword.acceptAlert(AcceptAlertKeyword.groovy:71)
	at com.kms.katalon.core.webui.keyword.builtin.AcceptAlertKeyword.execute(AcceptAlertKeyword.groovy:66)
	at com.kms.katalon.core.keyword.internal.KeywordExecutor.executeKeywordForPlatform(KeywordExecutor.groovy:74)
	at com.kms.katalon.core.webui.keyword.WebUiBuiltInKeywords.acceptAlert(WebUiBuiltInKeywords.groovy:1522)
	at com.kms.katalon.core.webui.keyword.WebUiBuiltInKeywords$acceptAlert$13.call(Unknown Source)
	at JKA-002.run(JKA-002:48)
	at com.kms.katalon.core.main.ScriptEngine.run(ScriptEngine.java:194)
	at com.kms.katalon.core.main.ScriptEngine.runScriptAsRawText(ScriptEngine.java:119)
	at com.kms.katalon.core.main.TestCaseExecutor.runScript(TestCaseExecutor.java:448)
	at com.kms.katalon.core.main.TestCaseExecutor.doExecute(TestCaseExecutor.java:439)
	at com.kms.katalon.core.main.TestCaseExecutor.processExecutionPhase(TestCaseExecutor.java:418)
	at com.kms.katalon.core.main.TestCaseExecutor.accessMainPhase(TestCaseExecutor.java:410)
	at com.kms.katalon.core.main.TestCaseExecutor.execute(TestCaseExecutor.java:285)
	at com.kms.katalon.core.common.CommonExecutor.accessTestCaseMainPhase(CommonExecutor.java:65)
	at com.kms.katalon.core.main.TestSuiteExecutor.accessTestSuiteMainPhase(TestSuiteExecutor.java:148)
	at com.kms.katalon.core.main.TestSuiteExecutor.execute(TestSuiteExecutor.java:106)
	at com.kms.katalon.core.main.TestCaseMain.startTestSuite(TestCaseMain.java:187)
	at com.kms.katalon.core.main.TestCaseMain$startTestSuite$0.call(Unknown Source)
	at TempTestSuite1696315841836.run(TempTestSuite1696315841836.groovy:36)
)
[[ATTACHMENT|D:\\BOOTCAMP XSIS\\Projek 2 MINI PROJEK\\Reports\\20231003_135040\\jadi kurir\\T05 jadi kurir\\20231003_135041\\1696316234165.png]]

2023-10-03 13:57:14 - [MESSAGE][FAILED] - Unable to accept alert (Root cause: com.kms.katalon.core.exception.StepFailedException: Unable to accept alert
	at com.kms.katalon.core.webui.keyword.internal.WebUIKeywordMain.stepFailed(WebUIKeywordMain.groovy:64)
	at com.kms.katalon.core.webui.keyword.internal.WebUIKeywordMain.runKeyword(WebUIKeywordMain.groovy:26)
	at com.kms.katalon.core.webui.keyword.builtin.AcceptAlertKeyword.acceptAlert(AcceptAlertKeyword.groovy:71)
	at com.kms.katalon.core.webui.keyword.builtin.AcceptAlertKeyword.execute(AcceptAlertKeyword.groovy:66)
	at com.kms.katalon.core.keyword.internal.KeywordExecutor.executeKeywordForPlatform(KeywordExecutor.groovy:74)
	at com.kms.katalon.core.webui.keyword.WebUiBuiltInKeywords.acceptAlert(WebUiBuiltInKeywords.groovy:1522)
	at com.kms.katalon.core.webui.keyword.WebUiBuiltInKeywords$acceptAlert$13.call(Unknown Source)
	at JKA-002.run(JKA-002:48)
	at com.kms.katalon.core.main.ScriptEngine.run(ScriptEngine.java:194)
	at com.kms.katalon.core.main.ScriptEngine.runScriptAsRawText(ScriptEngine.java:119)
	at com.kms.katalon.core.main.TestCaseExecutor.runScript(TestCaseExecutor.java:448)
	at com.kms.katalon.core.main.TestCaseExecutor.doExecute(TestCaseExecutor.java:439)
	at com.kms.katalon.core.main.TestCaseExecutor.processExecutionPhase(TestCaseExecutor.java:418)
	at com.kms.katalon.core.main.TestCaseExecutor.accessMainPhase(TestCaseExecutor.java:410)
	at com.kms.katalon.core.main.TestCaseExecutor.execute(TestCaseExecutor.java:285)
	at com.kms.katalon.core.common.CommonExecutor.accessTestCaseMainPhase(CommonExecutor.java:65)
	at com.kms.katalon.core.main.TestSuiteExecutor.accessTestSuiteMainPhase(TestSuiteExecutor.java:148)
	at com.kms.katalon.core.main.TestSuiteExecutor.execute(TestSuiteExecutor.java:106)
	at com.kms.katalon.core.main.TestCaseMain.startTestSuite(TestCaseMain.java:187)
	at com.kms.katalon.core.main.TestCaseMain$startTestSuite$0.call(Unknown Source)
	at TempTestSuite1696315841836.run(TempTestSuite1696315841836.groovy:36)
Caused by: com.kms.katalon.core.exception.StepFailedException: No alert found
	at com.kms.katalon.core.webui.keyword.internal.WebUIKeywordMain.stepFailed(WebUIKeywordMain.groovy:64)
	at com.kms.katalon.core.webui.keyword.builtin.AcceptAlertKeyword$_acceptAlert_closure1.doCall(AcceptAlertKeyword.groovy:78)
	at com.kms.katalon.core.webui.keyword.builtin.AcceptAlertKeyword$_acceptAlert_closure1.call(AcceptAlertKeyword.groovy)
	at com.kms.katalon.core.webui.keyword.internal.WebUIKeywordMain.runKeyword(WebUIKeywordMain.groovy:20)
	... 19 more
)
[[ATTACHMENT|D:\\BOOTCAMP XSIS\\Projek 2 MINI PROJEK\\Reports\\20231003_135040\\jadi kurir\\T05 jadi kurir\\20231003_135041\\1696316234244.png]]]]></system-out>
         <system-err><![CDATA[2023-10-03 13:56:32 - [TEST_CASE][FAILED] - Test Cases/T05 Jadi Kurir/JKA-002: Test Cases/T05 Jadi Kurir/JKA-002 FAILED.
Reason:
com.kms.katalon.core.exception.StepFailedException: Unable to accept alert
	at com.kms.katalon.core.webui.keyword.internal.WebUIKeywordMain.stepFailed(WebUIKeywordMain.groovy:64)
	at com.kms.katalon.core.webui.keyword.internal.WebUIKeywordMain.runKeyword(WebUIKeywordMain.groovy:26)
	at com.kms.katalon.core.webui.keyword.builtin.AcceptAlertKeyword.acceptAlert(AcceptAlertKeyword.groovy:71)
	at com.kms.katalon.core.webui.keyword.builtin.AcceptAlertKeyword.execute(AcceptAlertKeyword.groovy:66)
	at com.kms.katalon.core.keyword.internal.KeywordExecutor.executeKeywordForPlatform(KeywordExecutor.groovy:74)
	at com.kms.katalon.core.webui.keyword.WebUiBuiltInKeywords.acceptAlert(WebUiBuiltInKeywords.groovy:1522)
	at com.kms.katalon.core.webui.keyword.WebUiBuiltInKeywords$acceptAlert$13.call(Unknown Source)
	at JKA-002.run(JKA-002:48)
	at com.kms.katalon.core.main.ScriptEngine.run(ScriptEngine.java:194)
	at com.kms.katalon.core.main.ScriptEngine.runScriptAsRawText(ScriptEngine.java:119)
	at com.kms.katalon.core.main.TestCaseExecutor.runScript(TestCaseExecutor.java:448)
	at com.kms.katalon.core.main.TestCaseExecutor.doExecute(TestCaseExecutor.java:439)
	at com.kms.katalon.core.main.TestCaseExecutor.processExecutionPhase(TestCaseExecutor.java:418)
	at com.kms.katalon.core.main.TestCaseExecutor.accessMainPhase(TestCaseExecutor.java:410)
	at com.kms.katalon.core.main.TestCaseExecutor.execute(TestCaseExecutor.java:285)
	at com.kms.katalon.core.common.CommonExecutor.accessTestCaseMainPhase(CommonExecutor.java:65)
	at com.kms.katalon.core.main.TestSuiteExecutor.accessTestSuiteMainPhase(TestSuiteExecutor.java:148)
	at com.kms.katalon.core.main.TestSuiteExecutor.execute(TestSuiteExecutor.java:106)
	at com.kms.katalon.core.main.TestCaseMain.startTestSuite(TestCaseMain.java:187)
	at com.kms.katalon.core.main.TestCaseMain$startTestSuite$0.call(Unknown Source)
	at TempTestSuite1696315841836.run(TempTestSuite1696315841836.groovy:36)
Caused by: com.kms.katalon.core.exception.StepFailedException: No alert found
	at com.kms.katalon.core.webui.keyword.internal.WebUIKeywordMain.stepFailed(WebUIKeywordMain.groovy:64)
	at com.kms.katalon.core.webui.keyword.builtin.AcceptAlertKeyword$_acceptAlert_closure1.doCall(AcceptAlertKeyword.groovy:78)
	at com.kms.katalon.core.webui.keyword.builtin.AcceptAlertKeyword$_acceptAlert_closure1.call(AcceptAlertKeyword.groovy)
	at com.kms.katalon.core.webui.keyword.internal.WebUIKeywordMain.runKeyword(WebUIKeywordMain.groovy:20)
	... 19 more]]></system-err>
      </testcase>
      <testcase name="Test Cases/T05 Jadi Kurir/LU-001" time="13.963" classname="Test Cases/T05 Jadi Kurir/LU-001" status="PASSED">
         <system-out><![CDATA[2023-10-03 13:57:14 - [TEST_CASE][PASSED] - Test Cases/T05 Jadi Kurir/LU-001: Test Cases/T05 Jadi Kurir/LU-001

2023-10-03 13:57:14 - [TEST_STEP][PASSED] - openBrowser("https://10.9.2.63/ecommerce/"): Browser is opened with url: 'https://10.9.2.63/ecommerce/'

2023-10-03 13:57:14 - [MESSAGE][WARNING] - A browser is already opened. Closing browser and opening a new one

2023-10-03 13:57:16 - [MESSAGE][INFO] - Starting 'Firefox' driver

2023-10-03 13:57:16 - [MESSAGE][INFO] - User set preference: ['args', '[--disable-notifications]']

2023-10-03 13:57:16 - [MESSAGE][INFO] - Action delay is set to 0 milliseconds

2023-10-03 13:57:22 - [MESSAGE][PASSED] - Browser is opened with url: 'https://10.9.2.63/ecommerce/'

2023-10-03 13:57:22 - [TEST_STEP][PASSED] - maximizeWindow(): Current window maximized

2023-10-03 13:57:22 - [MESSAGE][PASSED] - Current window maximized

2023-10-03 13:57:22 - [TEST_STEP][PASSED] - verifyElementPresent(findTestObject("Login/Home"), 0): Object 'Object Repository/Login/Home' is present

2023-10-03 13:57:22 - [MESSAGE][WARNING] - Timeout '0' is invalid. Using default page load timeout: '30'

2023-10-03 13:57:22 - [MESSAGE][PASSED] - Object 'Object Repository/Login/Home' is present

2023-10-03 13:57:22 - [TEST_STEP][PASSED] - click(findTestObject("Login/a_Login")): Object: 'Object Repository/Login/a_Login' is clicked on

2023-10-03 13:57:23 - [MESSAGE][PASSED] - Object: 'Object Repository/Login/a_Login' is clicked on

2023-10-03 13:57:23 - [TEST_STEP][PASSED] - verifyElementPresent(findTestObject("Login/Tittle Login"), 0): Object 'Object Repository/Login/Tittle Login' is present

2023-10-03 13:57:23 - [MESSAGE][WARNING] - Timeout '0' is invalid. Using default page load timeout: '30'

2023-10-03 13:57:23 - [MESSAGE][PASSED] - Object 'Object Repository/Login/Tittle Login' is present

2023-10-03 13:57:23 - [TEST_STEP][PASSED] - setText(findTestObject("Login/input_Username, Email atau No. Handphone_a"), username): Text 'irfanafandi' is set on object 'Object Repository/Login/input_Username, Email atau No. Handphone_a'

2023-10-03 13:57:24 - [MESSAGE][PASSED] - Text 'irfanafandi' is set on object 'Object Repository/Login/input_Username, Email atau No. Handphone_a'

2023-10-03 13:57:24 - [TEST_STEP][PASSED] - setText(findTestObject("Login/input_Password_b"), password): Text '12345irfan' is set on object 'Object Repository/Login/input_Password_b'

2023-10-03 13:57:25 - [MESSAGE][PASSED] - Text '12345irfan' is set on object 'Object Repository/Login/input_Password_b'

2023-10-03 13:57:25 - [TEST_STEP][PASSED] - click(findTestObject("Login/label_Ingat saya")): Object: 'Object Repository/Login/label_Ingat saya' is clicked on

2023-10-03 13:57:26 - [MESSAGE][PASSED] - Object: 'Object Repository/Login/label_Ingat saya' is clicked on

2023-10-03 13:57:26 - [TEST_STEP][PASSED] - click(findTestObject("Login/button_Masuk")): Object: 'Object Repository/Login/button_Masuk' is clicked on

2023-10-03 13:57:27 - [MESSAGE][PASSED] - Object: 'Object Repository/Login/button_Masuk' is clicked on

2023-10-03 13:57:27 - [TEST_STEP][PASSED] - verifyElementPresent(findTestObject("Login/li_Profile"), 0): Object 'Object Repository/Login/li_Profile' is present

2023-10-03 13:57:27 - [MESSAGE][WARNING] - Timeout '0' is invalid. Using default page load timeout: '30'

2023-10-03 13:57:28 - [MESSAGE][PASSED] - Object 'Object Repository/Login/li_Profile' is present]]></system-out>
         <system-err><![CDATA[]]></system-err>
      </testcase>
      <system-out><![CDATA[2023-10-03 13:50:44 - [TEST_SUITE][FAILED] - T05 jadi kurir: Test Cases/T05 Jadi Kurir/JK-005 FAILED.
Reason:
com.kms.katalon.core.exception.StepFailedException: Unable to verify text 'Please fill in the correct column.' is present 
	at com.kms.katalon.core.webui.keyword.internal.WebUIKeywordMain.stepFailed(WebUIKeywordMain.groovy:64)
	at com.kms.katalon.core.webui.keyword.internal.WebUIKeywordMain.runKeyword(WebUIKeywordMain.groovy:26)
	at com.kms.katalon.core.webui.keyword.builtin.VerifyTextPresentKeyword.verifyTextPresent(VerifyTextPresentKeyword.groovy:83)
	at com.kms.katalon.core.webui.keyword.builtin.VerifyTextPresentKeyword.execute(VerifyTextPresentKeyword.groovy:68)
	at com.kms.katalon.core.keyword.internal.KeywordExecutor.executeKeywordForPlatform(KeywordExecutor.groovy:74)
	at com.kms.katalon.core.webui.keyword.WebUiBuiltInKeywords.verifyTextPresent(WebUiBuiltInKeywords.groovy:1723)
	at com.kms.katalon.core.webui.keyword.WebUiBuiltInKeywords$verifyTextPresent$11.call(Unknown Source)
	at JK-005.run(JK-005:42)
	at com.kms.katalon.core.main.ScriptEngine.run(ScriptEngine.java:194)
	at com.kms.katalon.core.main.ScriptEngine.runScriptAsRawText(ScriptEngine.java:119)
	at com.kms.katalon.core.main.TestCaseExecutor.runScript(TestCaseExecutor.java:448)
	at com.kms.katalon.core.main.TestCaseExecutor.doExecute(TestCaseExecutor.java:439)
	at com.kms.katalon.core.main.TestCaseExecutor.processExecutionPhase(TestCaseExecutor.java:418)
	at com.kms.katalon.core.main.TestCaseExecutor.accessMainPhase(TestCaseExecutor.java:410)
	at com.kms.katalon.core.main.TestCaseExecutor.execute(TestCaseExecutor.java:285)
	at com.kms.katalon.core.common.CommonExecutor.accessTestCaseMainPhase(CommonExecutor.java:65)
	at com.kms.katalon.core.main.TestSuiteExecutor.accessTestSuiteMainPhase(TestSuiteExecutor.java:148)
	at com.kms.katalon.core.main.TestSuiteExecutor.execute(TestSuiteExecutor.java:106)
	at com.kms.katalon.core.main.TestCaseMain.startTestSuite(TestCaseMain.java:187)
	at com.kms.katalon.core.main.TestCaseMain$startTestSuite$0.call(Unknown Source)
	at TempTestSuite1696315841836.run(TempTestSuite1696315841836.groovy:36)
Caused by: com.kms.katalon.core.exception.StepFailedException: Text 'Please fill in the correct column.' is not present on page 
	at com.kms.katalon.core.webui.keyword.internal.WebUIKeywordMain.stepFailed(WebUIKeywordMain.groovy:64)
	at com.kms.katalon.core.webui.keyword.builtin.VerifyTextPresentKeyword$_verifyTextPresent_closure1.doCall(VerifyTextPresentKeyword.groovy:79)
	at com.kms.katalon.core.webui.keyword.builtin.VerifyTextPresentKeyword$_verifyTextPresent_closure1.call(VerifyTextPresentKeyword.groovy)
	at com.kms.katalon.core.webui.keyword.internal.WebUIKeywordMain.runKeyword(WebUIKeywordMain.groovy:20)
	... 19 more]]></system-out>
      <system-err><![CDATA[2023-10-03 13:50:44 - [TEST_SUITE][FAILED] - T05 jadi kurir: Test Cases/T05 Jadi Kurir/JK-005 FAILED.
Reason:
com.kms.katalon.core.exception.StepFailedException: Unable to verify text 'Please fill in the correct column.' is present 
	at com.kms.katalon.core.webui.keyword.internal.WebUIKeywordMain.stepFailed(WebUIKeywordMain.groovy:64)
	at com.kms.katalon.core.webui.keyword.internal.WebUIKeywordMain.runKeyword(WebUIKeywordMain.groovy:26)
	at com.kms.katalon.core.webui.keyword.builtin.VerifyTextPresentKeyword.verifyTextPresent(VerifyTextPresentKeyword.groovy:83)
	at com.kms.katalon.core.webui.keyword.builtin.VerifyTextPresentKeyword.execute(VerifyTextPresentKeyword.groovy:68)
	at com.kms.katalon.core.keyword.internal.KeywordExecutor.executeKeywordForPlatform(KeywordExecutor.groovy:74)
	at com.kms.katalon.core.webui.keyword.WebUiBuiltInKeywords.verifyTextPresent(WebUiBuiltInKeywords.groovy:1723)
	at com.kms.katalon.core.webui.keyword.WebUiBuiltInKeywords$verifyTextPresent$11.call(Unknown Source)
	at JK-005.run(JK-005:42)
	at com.kms.katalon.core.main.ScriptEngine.run(ScriptEngine.java:194)
	at com.kms.katalon.core.main.ScriptEngine.runScriptAsRawText(ScriptEngine.java:119)
	at com.kms.katalon.core.main.TestCaseExecutor.runScript(TestCaseExecutor.java:448)
	at com.kms.katalon.core.main.TestCaseExecutor.doExecute(TestCaseExecutor.java:439)
	at com.kms.katalon.core.main.TestCaseExecutor.processExecutionPhase(TestCaseExecutor.java:418)
	at com.kms.katalon.core.main.TestCaseExecutor.accessMainPhase(TestCaseExecutor.java:410)
	at com.kms.katalon.core.main.TestCaseExecutor.execute(TestCaseExecutor.java:285)
	at com.kms.katalon.core.common.CommonExecutor.accessTestCaseMainPhase(CommonExecutor.java:65)
	at com.kms.katalon.core.main.TestSuiteExecutor.accessTestSuiteMainPhase(TestSuiteExecutor.java:148)
	at com.kms.katalon.core.main.TestSuiteExecutor.execute(TestSuiteExecutor.java:106)
	at com.kms.katalon.core.main.TestCaseMain.startTestSuite(TestCaseMain.java:187)
	at com.kms.katalon.core.main.TestCaseMain$startTestSuite$0.call(Unknown Source)
	at TempTestSuite1696315841836.run(TempTestSuite1696315841836.groovy:36)
Caused by: com.kms.katalon.core.exception.StepFailedException: Text 'Please fill in the correct column.' is not present on page 
	at com.kms.katalon.core.webui.keyword.internal.WebUIKeywordMain.stepFailed(WebUIKeywordMain.groovy:64)
	at com.kms.katalon.core.webui.keyword.builtin.VerifyTextPresentKeyword$_verifyTextPresent_closure1.doCall(VerifyTextPresentKeyword.groovy:79)
	at com.kms.katalon.core.webui.keyword.builtin.VerifyTextPresentKeyword$_verifyTextPresent_closure1.call(VerifyTextPresentKeyword.groovy)
	at com.kms.katalon.core.webui.keyword.internal.WebUIKeywordMain.runKeyword(WebUIKeywordMain.groovy:20)
	... 19 more]]></system-err>
   </testsuite>
</testsuites>
