<?xml version="1.0" encoding="UTF-8"?>
<testsuites name="Test Suite Collection Heroku App" time="58.953" tests="3" failures="0" errors="0">
   <testsuite name="Test Suite Login" tests="2" failures="0" errors="0" time="31.655" skipped="0" timestamp="2023-08-25 09:26:23" hostname="IRFAN - DESKTOP-H62FVJ8" id="Test Suites/Test Suite Login">
      <properties>
         <property name="deviceName" value=""/>
         <property name="devicePlatform" value=""/>
         <property name="logFolder" value="D:\\Project XSIS\\batch-324-qa\\irfan\\Cura Heroku App\\Reports\\20230825_092616\\Test Suite Login\\20230825_092617"/>
         <property name="logFiles" value="D:\\Project XSIS\\batch-324-qa\\irfan\\Cura Heroku App\\Reports\\20230825_092616\\Test Suite Login\\20230825_092617\\execution0.log"/>
         <property name="attachments" value=""/>
         <property name="hostName" value="IRFAN - DESKTOP-H62FVJ8"/>
         <property name="os" value="Windows 10 64bit"/>
         <property name="katalonVersion" value="8.6.5.208"/>
         <property name="browser" value="Edge Chromium 116"/>
         <property name="hostAddress" value="172.20.10.9"/>
         <property name="sessionId" value="c9fb429619f6a8efec60865ac851f110"/>
         <property name="seleniumVersion" value="3.141.59"/>
         <property name="proxyInformation" value="ProxyInformation { proxyOption=NO_PROXY, proxyServerType=HTTP, username=, password=********, proxyServerAddress=, proxyServerPort=0, executionList=&quot;&quot;, isApplyToDesiredCapabilities=true }"/>
         <property name="platform" value="Windows 10"/>
      </properties>
      <testcase name="Test Cases/Login/Test Case 1.1 (Script)" time="13.49" classname="Test Cases/Login/Test Case 1.1 (Script)" status="PASSED">
         <system-out><![CDATA[2023-08-25 09:26:23 - [TEST_CASE][PASSED] - Test Cases/Login/Test Case 1.1 (Script): Test Cases/Login/Test Case 1.1 (Script)

2023-08-25 09:26:24 - [TEST_STEP][PASSED] - openBrowser("https://katalon-demo-cura.herokuapp.com/"): Browser is opened with url: 'https://katalon-demo-cura.herokuapp.com/'

2023-08-25 09:26:24 - [MESSAGE][INFO] - Starting 'Edge Chromium' driver

2023-08-25 09:26:26 - [MESSAGE][INFO] - Action delay is set to 0 milliseconds

2023-08-25 09:26:31 - [MESSAGE][PASSED] - Browser is opened with url: 'https://katalon-demo-cura.herokuapp.com/'

2023-08-25 09:26:31 - [TEST_STEP][PASSED] - verifyElementPresent(findTestObject("Object Repository/Login/Tittle_Home_Page"), 10): Object 'Object Repository/Login/Tittle_Home_Page' is present

2023-08-25 09:26:31 - [MESSAGE][PASSED] - Object 'Object Repository/Login/Tittle_Home_Page' is present

2023-08-25 09:26:31 - [TEST_STEP][PASSED] - click(findTestObject("Object Repository/Login/Menu Burger")): Object: 'Object Repository/Login/Menu Burger' is clicked on

2023-08-25 09:26:32 - [MESSAGE][PASSED] - Object: 'Object Repository/Login/Menu Burger' is clicked on

2023-08-25 09:26:32 - [TEST_STEP][PASSED] - click(findTestObject("Object Repository/Login/Menu Login")): Object: 'Object Repository/Login/Menu Login' is clicked on

2023-08-25 09:26:33 - [MESSAGE][PASSED] - Object: 'Object Repository/Login/Menu Login' is clicked on

2023-08-25 09:26:33 - [TEST_STEP][PASSED] - verifyElementPresent(findTestObject("Object Repository/Login/Tittle Login"), 10): Object 'Object Repository/Login/Tittle Login' is present

2023-08-25 09:26:34 - [MESSAGE][PASSED] - Object 'Object Repository/Login/Tittle Login' is present

2023-08-25 09:26:34 - [TEST_STEP][PASSED] - setText(findTestObject("Object Repository/Login/Input Username"), Username): Text 'John Doe' is set on object 'Object Repository/Login/Input Username'

2023-08-25 09:26:35 - [MESSAGE][PASSED] - Text 'John Doe' is set on object 'Object Repository/Login/Input Username'

2023-08-25 09:26:35 - [TEST_STEP][PASSED] - setEncryptedText(findTestObject("Object Repository/Login/Input Password"), Password): Text ****** has been set on object 'Object Repository/Login/Input Password'

2023-08-25 09:26:35 - [MESSAGE][PASSED] - Text ****** has been set on object 'Object Repository/Login/Input Password'

2023-08-25 09:26:35 - [TEST_STEP][PASSED] - click(findTestObject("Object Repository/Login/Button Login")): Object: 'Object Repository/Login/Button Login' is clicked on

2023-08-25 09:26:36 - [MESSAGE][PASSED] - Object: 'Object Repository/Login/Button Login' is clicked on

2023-08-25 09:26:36 - [TEST_STEP][PASSED] - verifyElementPresent(findTestObject("Object Repository/Login/Tittle Make Appointment"), 10): Object 'Object Repository/Login/Tittle Make Appointment' is present

2023-08-25 09:26:37 - [MESSAGE][PASSED] - Object 'Object Repository/Login/Tittle Make Appointment' is present]]></system-out>
         <system-err><![CDATA[]]></system-err>
      </testcase>
      <testcase name="Test Cases/Login/Test Case 1.2 (manual)" time="17.885" classname="Test Cases/Login/Test Case 1.2 (manual)" status="PASSED">
         <system-out><![CDATA[2023-08-25 09:26:37 - [TEST_CASE][PASSED] - Test Cases/Login/Test Case 1.2 (manual): Test Cases/Login/Test Case 1.2 (manual)

2023-08-25 09:26:37 - [TEST_STEP][PASSED] - openBrowser(WEB_URL): Browser is opened with url: 'https://katalon-demo-cura.herokuapp.com/'

2023-08-25 09:26:37 - [MESSAGE][WARNING] - A browser is already opened. Closing browser and opening a new one

2023-08-25 09:26:38 - [MESSAGE][INFO] - Starting 'Edge Chromium' driver

2023-08-25 09:26:40 - [MESSAGE][INFO] - Action delay is set to 0 milliseconds

2023-08-25 09:26:43 - [MESSAGE][PASSED] - Browser is opened with url: 'https://katalon-demo-cura.herokuapp.com/'

2023-08-25 09:26:43 - [TEST_STEP][PASSED] - maximizeWindow(): Current window maximized

2023-08-25 09:26:44 - [MESSAGE][PASSED] - Current window maximized

2023-08-25 09:26:44 - [TEST_STEP][PASSED] - verifyElementPresent(findTestObject("Login/Tittle_Home_Page"), 10): Object 'Object Repository/Login/Tittle_Home_Page' is present

2023-08-25 09:26:44 - [MESSAGE][PASSED] - Object 'Object Repository/Login/Tittle_Home_Page' is present

2023-08-25 09:26:44 - [TEST_STEP][PASSED] - click(findTestObject("Login/Menu Burger")): Object: 'Object Repository/Login/Menu Burger' is clicked on

2023-08-25 09:26:45 - [MESSAGE][PASSED] - Object: 'Object Repository/Login/Menu Burger' is clicked on

2023-08-25 09:26:45 - [TEST_STEP][PASSED] - click(findTestObject("Login/Menu Login")): Object: 'Object Repository/Login/Menu Login' is clicked on

2023-08-25 09:26:46 - [MESSAGE][PASSED] - Object: 'Object Repository/Login/Menu Login' is clicked on

2023-08-25 09:26:46 - [TEST_STEP][PASSED] - verifyElementPresent(findTestObject("Login/Tittle Login"), 10): Object 'Object Repository/Login/Tittle Login' is present

2023-08-25 09:26:46 - [MESSAGE][PASSED] - Object 'Object Repository/Login/Tittle Login' is present

2023-08-25 09:26:46 - [TEST_STEP][PASSED] - setText(findTestObject("Login/Input Username"), username): Text 'abangjago' is set on object 'Object Repository/Login/Input Username'

2023-08-25 09:26:47 - [MESSAGE][PASSED] - Text 'abangjago' is set on object 'Object Repository/Login/Input Username'

2023-08-25 09:26:47 - [TEST_STEP][PASSED] - setEncryptedText(findTestObject("Login/Input Password"), password): Text ****** has been set on object 'Object Repository/Login/Input Password'

2023-08-25 09:26:47 - [MESSAGE][PASSED] - Text ****** has been set on object 'Object Repository/Login/Input Password'

2023-08-25 09:26:47 - [TEST_STEP][PASSED] - click(findTestObject("Login/Button Login")): Object: 'Object Repository/Login/Button Login' is clicked on

2023-08-25 09:26:48 - [MESSAGE][PASSED] - Object: 'Object Repository/Login/Button Login' is clicked on

2023-08-25 09:26:48 - [TEST_STEP][PASSED] - verifyElementText(findTestObject("Login/Error"), "Login failed! Please ensure the username and password are valid."): Actual text and expected text of test object 'Object Repository/Login/Error' are matched.

2023-08-25 09:26:49 - [MESSAGE][PASSED] - Actual text and expected text of test object 'Object Repository/Login/Error' are matched.

2023-08-25 09:26:49 - [TEST_STEP][PASSED] - delay(5): Delayed 5 second(s)

2023-08-25 09:26:54 - [MESSAGE][PASSED] - Delayed 5 second(s)

2023-08-25 09:26:54 - [TEST_STEP][PASSED] - closeBrowser(): Browser is closed

2023-08-25 09:26:55 - [MESSAGE][PASSED] - Browser is closed]]></system-out>
         <system-err><![CDATA[]]></system-err>
      </testcase>
      <system-out><![CDATA[2023-08-25 09:26:23 - [TEST_SUITE][PASSED] - Test Suite Login: Test Cases/Login/Test Case 1.2 (manual)]]></system-out>
      <system-err><![CDATA[]]></system-err>
   </testsuite>
   <testsuite name="Test Suite Appointment" tests="1" failures="0" errors="0" time="20.333" skipped="0" timestamp="2023-08-25 09:26:58" hostname="IRFAN - DESKTOP-H62FVJ8" id="Test Suites/Test Suite Appointment">
      <properties>
         <property name="deviceName" value=""/>
         <property name="devicePlatform" value=""/>
         <property name="logFolder" value="D:\\Project XSIS\\batch-324-qa\\irfan\\Cura Heroku App\\Reports\\20230825_092616\\Test Suite Appointment\\20230825_092619"/>
         <property name="logFiles" value="D:\\Project XSIS\\batch-324-qa\\irfan\\Cura Heroku App\\Reports\\20230825_092616\\Test Suite Appointment\\20230825_092619\\execution0.log"/>
         <property name="attachments" value=""/>
         <property name="hostName" value="IRFAN - DESKTOP-H62FVJ8"/>
         <property name="os" value="Windows 10 64bit"/>
         <property name="katalonVersion" value="8.6.5.208"/>
         <property name="browser" value="Edge Chromium 116"/>
         <property name="hostAddress" value="172.20.10.9"/>
         <property name="sessionId" value="659dd33be77bf12495226cb4c614f2a0"/>
         <property name="seleniumVersion" value="3.141.59"/>
         <property name="proxyInformation" value="ProxyInformation { proxyOption=NO_PROXY, proxyServerType=HTTP, username=, password=********, proxyServerAddress=, proxyServerPort=0, executionList=&quot;&quot;, isApplyToDesiredCapabilities=true }"/>
         <property name="platform" value="Windows 10"/>
      </properties>
      <testcase name="Test Cases/Appointment/Test Case 2.1 (dinamis)" time="20.08" classname="Test Cases/Appointment/Test Case 2.1 (dinamis)" status="PASSED">
         <system-out><![CDATA[2023-08-25 09:26:58 - [TEST_CASE][PASSED] - Test Cases/Appointment/Test Case 2.1 (dinamis): Test Cases/Appointment/Test Case 2.1 (dinamis)

2023-08-25 09:26:59 - [TEST_STEP][PASSED] - callTestCase(findTestCase("Login/Test Case 1.1 (Script)"), ["Username":username, "Password":password], STOP_ON_FAILURE): Call Test Case 'Test Cases/Login/Test Case 1.1 (Script)' successfully

2023-08-25 09:26:59 - [TEST_CASE][PASSED] - Test Cases/Login/Test Case 1.1 (Script): Test Cases/Login/Test Case 1.1 (Script)

2023-08-25 09:26:59 - [TEST_STEP][PASSED] - openBrowser("https://katalon-demo-cura.herokuapp.com/"): Browser is opened with url: 'https://katalon-demo-cura.herokuapp.com/'

2023-08-25 09:26:59 - [MESSAGE][INFO] - Starting 'Edge Chromium' driver

2023-08-25 09:27:02 - [MESSAGE][INFO] - Action delay is set to 0 milliseconds

2023-08-25 09:27:06 - [MESSAGE][PASSED] - Browser is opened with url: 'https://katalon-demo-cura.herokuapp.com/'

2023-08-25 09:27:06 - [TEST_STEP][PASSED] - verifyElementPresent(findTestObject("Object Repository/Login/Tittle_Home_Page"), 10): Object 'Object Repository/Login/Tittle_Home_Page' is present

2023-08-25 09:27:06 - [MESSAGE][PASSED] - Object 'Object Repository/Login/Tittle_Home_Page' is present

2023-08-25 09:27:06 - [TEST_STEP][PASSED] - click(findTestObject("Object Repository/Login/Menu Burger")): Object: 'Object Repository/Login/Menu Burger' is clicked on

2023-08-25 09:27:07 - [MESSAGE][PASSED] - Object: 'Object Repository/Login/Menu Burger' is clicked on

2023-08-25 09:27:07 - [TEST_STEP][PASSED] - click(findTestObject("Object Repository/Login/Menu Login")): Object: 'Object Repository/Login/Menu Login' is clicked on

2023-08-25 09:27:08 - [MESSAGE][PASSED] - Object: 'Object Repository/Login/Menu Login' is clicked on

2023-08-25 09:27:08 - [TEST_STEP][PASSED] - verifyElementPresent(findTestObject("Object Repository/Login/Tittle Login"), 10): Object 'Object Repository/Login/Tittle Login' is present

2023-08-25 09:27:08 - [MESSAGE][PASSED] - Object 'Object Repository/Login/Tittle Login' is present

2023-08-25 09:27:08 - [TEST_STEP][PASSED] - setText(findTestObject("Object Repository/Login/Input Username"), Username): Text 'John Doe' is set on object 'Object Repository/Login/Input Username'

2023-08-25 09:27:09 - [MESSAGE][PASSED] - Text 'John Doe' is set on object 'Object Repository/Login/Input Username'

2023-08-25 09:27:09 - [TEST_STEP][PASSED] - setEncryptedText(findTestObject("Object Repository/Login/Input Password"), Password): Text ****** has been set on object 'Object Repository/Login/Input Password'

2023-08-25 09:27:10 - [MESSAGE][PASSED] - Text ****** has been set on object 'Object Repository/Login/Input Password'

2023-08-25 09:27:10 - [TEST_STEP][PASSED] - click(findTestObject("Object Repository/Login/Button Login")): Object: 'Object Repository/Login/Button Login' is clicked on

2023-08-25 09:27:11 - [MESSAGE][PASSED] - Object: 'Object Repository/Login/Button Login' is clicked on

2023-08-25 09:27:11 - [TEST_STEP][PASSED] - verifyElementPresent(findTestObject("Object Repository/Login/Tittle Make Appointment"), 10): Object 'Object Repository/Login/Tittle Make Appointment' is present

2023-08-25 09:27:11 - [MESSAGE][PASSED] - Object 'Object Repository/Login/Tittle Make Appointment' is present

2023-08-25 09:27:11 - [MESSAGE][PASSED] - Call Test Case 'Test Cases/Login/Test Case 1.1 (Script)' successfully

2023-08-25 09:27:11 - [TEST_STEP][PASSED] - selectOptionByValue(findTestObject("Make Appointment/Select Drop Down Facility"), facility, false): All options with value 'Tokyo CURA Healthcare Center' are selected in object 'Object Repository/Make Appointment/Select Drop Down Facility' 

2023-08-25 09:27:12 - [MESSAGE][PASSED] - All options with value 'Tokyo CURA Healthcare Center' are selected in object 'Object Repository/Make Appointment/Select Drop Down Facility' 

2023-08-25 09:27:12 - [TEST_STEP][PASSED] - if (toString().equalsIgnoreCase("yes")): Object 'Object Repository/Make Appointment/Checkbox apply for hospital readmission' is checked

2023-08-25 09:27:12 - [TEST_STEP][PASSED] - check(findTestObject("Make Appointment/Checkbox apply for hospital readmission")): Object 'Object Repository/Make Appointment/Checkbox apply for hospital readmission' is checked

2023-08-25 09:27:13 - [MESSAGE][PASSED] - Object 'Object Repository/Make Appointment/Checkbox apply for hospital readmission' is checked

2023-08-25 09:27:13 - [TEST_STEP][PASSED] - if (toString().equalsIgnoreCase("Medicare")): null

2023-08-25 09:27:13 - [TEST_STEP][PASSED] - else if (toString().equalsIgnoreCase("Medicaid")): Object 'Object Repository/Make Appointment/Radio Medicaid programs' is checked

2023-08-25 09:27:13 - [TEST_STEP][PASSED] - check(findTestObject("Object Repository/Make Appointment/Radio Medicaid programs")): Object 'Object Repository/Make Appointment/Radio Medicaid programs' is checked

2023-08-25 09:27:13 - [MESSAGE][PASSED] - Object 'Object Repository/Make Appointment/Radio Medicaid programs' is checked

2023-08-25 09:27:13 - [TEST_STEP][PASSED] - setText(findTestObject("Make Appointment/input Visit Date (Required)"), visit_date): Text '20/05/2023' is set on object 'Object Repository/Make Appointment/input Visit Date (Required)'

2023-08-25 09:27:14 - [MESSAGE][PASSED] - Text '20/05/2023' is set on object 'Object Repository/Make Appointment/input Visit Date (Required)'

2023-08-25 09:27:14 - [TEST_STEP][PASSED] - setText(findTestObject("Make Appointment/Text Area Comment"), comment): Text 'halo bang' is set on object 'Object Repository/Make Appointment/Text Area Comment'

2023-08-25 09:27:15 - [MESSAGE][PASSED] - Text 'halo bang' is set on object 'Object Repository/Make Appointment/Text Area Comment'

2023-08-25 09:27:15 - [TEST_STEP][PASSED] - click(findTestObject("Make Appointment/button Book Appointment")): Object: 'Object Repository/Make Appointment/button Book Appointment' is clicked on

2023-08-25 09:27:16 - [MESSAGE][PASSED] - Object: 'Object Repository/Make Appointment/button Book Appointment' is clicked on

2023-08-25 09:27:16 - [TEST_STEP][PASSED] - verifyElementPresent(findTestObject("Make Appointment/Tittle Appointment Confirmation"), 10): Object 'Object Repository/Make Appointment/Tittle Appointment Confirmation' is present

2023-08-25 09:27:16 - [MESSAGE][PASSED] - Object 'Object Repository/Make Appointment/Tittle Appointment Confirmation' is present

2023-08-25 09:27:16 - [TEST_STEP][PASSED] - hasilFacility = getText(findTestObject("Object Repository/Make Appointment/Hasil facility")): Text of object 'Object Repository/Make Appointment/Hasil facility' is: 'Tokyo CURA Healthcare Center'

2023-08-25 09:27:17 - [MESSAGE][PASSED] - Text of object 'Object Repository/Make Appointment/Hasil facility' is: 'Tokyo CURA Healthcare Center'

2023-08-25 09:27:17 - [TEST_STEP][PASSED] - hasilReadmission = getText(findTestObject("Make Appointment/Hasil apply for hospital")): Text of object 'Object Repository/Make Appointment/Hasil apply for hospital' is: 'Yes'

2023-08-25 09:27:17 - [MESSAGE][PASSED] - Text of object 'Object Repository/Make Appointment/Hasil apply for hospital' is: 'Yes'

2023-08-25 09:27:17 - [TEST_STEP][PASSED] - hasilhealtcare = getText(findTestObject("Make Appointment/Hasil healtcare program")): Text of object 'Object Repository/Make Appointment/Hasil healtcare program' is: 'Medicaid'

2023-08-25 09:27:17 - [MESSAGE][PASSED] - Text of object 'Object Repository/Make Appointment/Hasil healtcare program' is: 'Medicaid'

2023-08-25 09:27:17 - [TEST_STEP][PASSED] - hasilVisitdate = getText(findTestObject("Make Appointment/Hasil visit date")): Text of object 'Object Repository/Make Appointment/Hasil visit date' is: '20/05/2023'

2023-08-25 09:27:18 - [MESSAGE][PASSED] - Text of object 'Object Repository/Make Appointment/Hasil visit date' is: '20/05/2023'

2023-08-25 09:27:18 - [TEST_STEP][PASSED] - hasilComment = getText(findTestObject("Make Appointment/Hasil comment")): Text of object 'Object Repository/Make Appointment/Hasil comment' is: 'halo bang'

2023-08-25 09:27:18 - [MESSAGE][PASSED] - Text of object 'Object Repository/Make Appointment/Hasil comment' is: 'halo bang'

2023-08-25 09:27:18 - [TEST_STEP][PASSED] - assert toString().equalsIgnoreCase(facility): null

2023-08-25 09:27:18 - [TEST_STEP][PASSED] - assert toString().equalsIgnoreCase(hospital_readmission): null

2023-08-25 09:27:18 - [TEST_STEP][PASSED] - assert toString().equalsIgnoreCase(healthcare_program): null

2023-08-25 09:27:18 - [TEST_STEP][PASSED] - assert toString().equalsIgnoreCase(visit_date): null

2023-08-25 09:27:18 - [TEST_STEP][PASSED] - assert toString().equalsIgnoreCase(comment): null]]></system-out>
         <system-err><![CDATA[]]></system-err>
      </testcase>
      <system-out><![CDATA[2023-08-25 09:26:58 - [TEST_SUITE][PASSED] - Test Suite Appointment: Test Cases/Appointment/Test Case 2.1 (dinamis)]]></system-out>
      <system-err><![CDATA[]]></system-err>
   </testsuite>
</testsuites>
