<?xml version="1.0" encoding="UTF-8"?>
<testsuites name="Test Suite Appointment" time="62.107" tests="3" failures="0" errors="0">
   <testsuite name="Test Suite Appointment" tests="3" failures="0" errors="0" time="62.107" skipped="0" timestamp="2023-08-25 10:16:25" hostname="IRFAN - DESKTOP-H62FVJ8" id="Test Suites/Test Suite Appointment">
      <properties>
         <property name="deviceName" value=""/>
         <property name="devicePlatform" value=""/>
         <property name="logFolder" value="D:\\Project XSIS\\batch-324-qa\\irfan\\Cura Heroku App\\Reports\\20230825_101622\\Test Suite Appointment\\20230825_101622"/>
         <property name="logFiles" value="D:\\Project XSIS\\batch-324-qa\\irfan\\Cura Heroku App\\Reports\\20230825_101622\\Test Suite Appointment\\20230825_101622\\execution0.log"/>
         <property name="attachments" value=""/>
         <property name="hostName" value="IRFAN - DESKTOP-H62FVJ8"/>
         <property name="os" value="Windows 10 64bit"/>
         <property name="katalonVersion" value="8.6.5.208"/>
         <property name="browser" value="Edge Chromium 116"/>
         <property name="hostAddress" value="172.20.10.9"/>
         <property name="sessionId" value="4b7d7f363d12cf9eba9ecf1a252dc3a0"/>
         <property name="seleniumVersion" value="3.141.59"/>
         <property name="proxyInformation" value="ProxyInformation { proxyOption=NO_PROXY, proxyServerType=HTTP, username=, password=********, proxyServerAddress=, proxyServerPort=0, executionList=&quot;&quot;, isApplyToDesiredCapabilities=true }"/>
         <property name="platform" value="Windows 10"/>
      </properties>
      <testcase name="Test Cases/Appointment/Test Case 2.1 (dinamis)" time="23.03" classname="Test Cases/Appointment/Test Case 2.1 (dinamis)" status="PASSED">
         <system-out><![CDATA[2023-08-25 10:16:26 - [TEST_CASE][PASSED] - Test Cases/Appointment/Test Case 2.1 (dinamis): Test Cases/Appointment/Test Case 2.1 (dinamis)

2023-08-25 10:16:26 - [TEST_STEP][PASSED] - callTestCase(findTestCase("Login/Test Case 1.1 (Script)"), ["Username":username, "Password":password], STOP_ON_FAILURE): Call Test Case 'Test Cases/Login/Test Case 1.1 (Script)' successfully

2023-08-25 10:16:26 - [TEST_CASE][PASSED] - Test Cases/Login/Test Case 1.1 (Script): Test Cases/Login/Test Case 1.1 (Script)

2023-08-25 10:16:27 - [TEST_STEP][PASSED] - openBrowser("https://katalon-demo-cura.herokuapp.com/"): Browser is opened with url: 'https://katalon-demo-cura.herokuapp.com/'

2023-08-25 10:16:27 - [MESSAGE][INFO] - Starting 'Edge Chromium' driver

2023-08-25 10:16:29 - [MESSAGE][INFO] - Action delay is set to 0 milliseconds

2023-08-25 10:16:37 - [MESSAGE][PASSED] - Browser is opened with url: 'https://katalon-demo-cura.herokuapp.com/'

2023-08-25 10:16:37 - [TEST_STEP][PASSED] - verifyElementPresent(findTestObject("Object Repository/Login/Tittle_Home_Page"), 10): Object 'Object Repository/Login/Tittle_Home_Page' is present

2023-08-25 10:16:37 - [MESSAGE][PASSED] - Object 'Object Repository/Login/Tittle_Home_Page' is present

2023-08-25 10:16:37 - [TEST_STEP][PASSED] - click(findTestObject("Object Repository/Login/Menu Burger")): Object: 'Object Repository/Login/Menu Burger' is clicked on

2023-08-25 10:16:38 - [MESSAGE][PASSED] - Object: 'Object Repository/Login/Menu Burger' is clicked on

2023-08-25 10:16:38 - [TEST_STEP][PASSED] - click(findTestObject("Object Repository/Login/Menu Login")): Object: 'Object Repository/Login/Menu Login' is clicked on

2023-08-25 10:16:39 - [MESSAGE][PASSED] - Object: 'Object Repository/Login/Menu Login' is clicked on

2023-08-25 10:16:39 - [TEST_STEP][PASSED] - verifyElementPresent(findTestObject("Object Repository/Login/Tittle Login"), 10): Object 'Object Repository/Login/Tittle Login' is present

2023-08-25 10:16:39 - [MESSAGE][PASSED] - Object 'Object Repository/Login/Tittle Login' is present

2023-08-25 10:16:39 - [TEST_STEP][PASSED] - setText(findTestObject("Object Repository/Login/Input Username"), Username): Text 'John Doe' is set on object 'Object Repository/Login/Input Username'

2023-08-25 10:16:40 - [MESSAGE][PASSED] - Text 'John Doe' is set on object 'Object Repository/Login/Input Username'

2023-08-25 10:16:40 - [TEST_STEP][PASSED] - setEncryptedText(findTestObject("Object Repository/Login/Input Password"), Password): Text ****** has been set on object 'Object Repository/Login/Input Password'

2023-08-25 10:16:41 - [MESSAGE][PASSED] - Text ****** has been set on object 'Object Repository/Login/Input Password'

2023-08-25 10:16:41 - [TEST_STEP][PASSED] - click(findTestObject("Object Repository/Login/Button Login")): Object: 'Object Repository/Login/Button Login' is clicked on

2023-08-25 10:16:42 - [MESSAGE][PASSED] - Object: 'Object Repository/Login/Button Login' is clicked on

2023-08-25 10:16:42 - [TEST_STEP][PASSED] - verifyElementPresent(findTestObject("Object Repository/Login/Tittle Make Appointment"), 10): Object 'Object Repository/Login/Tittle Make Appointment' is present

2023-08-25 10:16:42 - [MESSAGE][PASSED] - Object 'Object Repository/Login/Tittle Make Appointment' is present

2023-08-25 10:16:42 - [MESSAGE][PASSED] - Call Test Case 'Test Cases/Login/Test Case 1.1 (Script)' successfully

2023-08-25 10:16:42 - [TEST_STEP][PASSED] - selectOptionByValue(findTestObject("Make Appointment/Select Drop Down Facility"), facility, false): All options with value 'Tokyo CURA Healthcare Center' are selected in object 'Object Repository/Make Appointment/Select Drop Down Facility' 

2023-08-25 10:16:43 - [MESSAGE][PASSED] - All options with value 'Tokyo CURA Healthcare Center' are selected in object 'Object Repository/Make Appointment/Select Drop Down Facility' 

2023-08-25 10:16:43 - [TEST_STEP][PASSED] - if (toString().equalsIgnoreCase("yes")): Object 'Object Repository/Make Appointment/Checkbox apply for hospital readmission' is checked

2023-08-25 10:16:43 - [TEST_STEP][PASSED] - check(findTestObject("Make Appointment/Checkbox apply for hospital readmission")): Object 'Object Repository/Make Appointment/Checkbox apply for hospital readmission' is checked

2023-08-25 10:16:44 - [MESSAGE][PASSED] - Object 'Object Repository/Make Appointment/Checkbox apply for hospital readmission' is checked

2023-08-25 10:16:44 - [TEST_STEP][PASSED] - if (toString().equalsIgnoreCase("Medicare")): null

2023-08-25 10:16:44 - [TEST_STEP][PASSED] - else if (toString().equalsIgnoreCase("Medicaid")): null

2023-08-25 10:16:44 - [TEST_STEP][PASSED] - else: Object 'Object Repository/Make Appointment/Radio None programs' is checked

2023-08-25 10:16:44 - [TEST_STEP][PASSED] - check(findTestObject("Object Repository/Make Appointment/Radio None programs")): Object 'Object Repository/Make Appointment/Radio None programs' is checked

2023-08-25 10:16:44 - [MESSAGE][PASSED] - Object 'Object Repository/Make Appointment/Radio None programs' is checked

2023-08-25 10:16:44 - [TEST_STEP][PASSED] - setText(findTestObject("Make Appointment/input Visit Date (Required)"), visit_date): Text '25/08/2023' is set on object 'Object Repository/Make Appointment/input Visit Date (Required)'

2023-08-25 10:16:45 - [MESSAGE][PASSED] - Text '25/08/2023' is set on object 'Object Repository/Make Appointment/input Visit Date (Required)'

2023-08-25 10:16:45 - [TEST_STEP][PASSED] - setText(findTestObject("Make Appointment/Text Area Comment"), comment): Text 'halo bang' is set on object 'Object Repository/Make Appointment/Text Area Comment'

2023-08-25 10:16:46 - [MESSAGE][PASSED] - Text 'halo bang' is set on object 'Object Repository/Make Appointment/Text Area Comment'

2023-08-25 10:16:46 - [TEST_STEP][PASSED] - click(findTestObject("Make Appointment/button Book Appointment")): Object: 'Object Repository/Make Appointment/button Book Appointment' is clicked on

2023-08-25 10:16:46 - [MESSAGE][PASSED] - Object: 'Object Repository/Make Appointment/button Book Appointment' is clicked on

2023-08-25 10:16:46 - [TEST_STEP][PASSED] - verifyElementPresent(findTestObject("Make Appointment/Tittle Appointment Confirmation"), 10): Object 'Object Repository/Make Appointment/Tittle Appointment Confirmation' is present

2023-08-25 10:16:47 - [MESSAGE][PASSED] - Object 'Object Repository/Make Appointment/Tittle Appointment Confirmation' is present

2023-08-25 10:16:47 - [TEST_STEP][PASSED] - hasilFacility = getText(findTestObject("Object Repository/Make Appointment/Hasil facility")): Text of object 'Object Repository/Make Appointment/Hasil facility' is: 'Tokyo CURA Healthcare Center'

2023-08-25 10:16:47 - [MESSAGE][PASSED] - Text of object 'Object Repository/Make Appointment/Hasil facility' is: 'Tokyo CURA Healthcare Center'

2023-08-25 10:16:47 - [TEST_STEP][PASSED] - hasilReadmission = getText(findTestObject("Make Appointment/Hasil apply for hospital")): Text of object 'Object Repository/Make Appointment/Hasil apply for hospital' is: 'Yes'

2023-08-25 10:16:48 - [MESSAGE][PASSED] - Text of object 'Object Repository/Make Appointment/Hasil apply for hospital' is: 'Yes'

2023-08-25 10:16:48 - [TEST_STEP][PASSED] - hasilhealtcare = getText(findTestObject("Make Appointment/Hasil healtcare program")): Text of object 'Object Repository/Make Appointment/Hasil healtcare program' is: 'None'

2023-08-25 10:16:48 - [MESSAGE][PASSED] - Text of object 'Object Repository/Make Appointment/Hasil healtcare program' is: 'None'

2023-08-25 10:16:48 - [TEST_STEP][PASSED] - hasilVisitdate = getText(findTestObject("Make Appointment/Hasil visit date")): Text of object 'Object Repository/Make Appointment/Hasil visit date' is: '25/08/2023'

2023-08-25 10:16:48 - [MESSAGE][PASSED] - Text of object 'Object Repository/Make Appointment/Hasil visit date' is: '25/08/2023'

2023-08-25 10:16:48 - [TEST_STEP][PASSED] - hasilComment = getText(findTestObject("Make Appointment/Hasil comment")): Text of object 'Object Repository/Make Appointment/Hasil comment' is: 'halo bang'

2023-08-25 10:16:49 - [MESSAGE][PASSED] - Text of object 'Object Repository/Make Appointment/Hasil comment' is: 'halo bang'

2023-08-25 10:16:49 - [TEST_STEP][PASSED] - assert toString().equalsIgnoreCase(facility): null

2023-08-25 10:16:49 - [TEST_STEP][PASSED] - assert toString().equalsIgnoreCase(hospital_readmission): null

2023-08-25 10:16:49 - [TEST_STEP][PASSED] - assert toString().equalsIgnoreCase(healthcare_program): null

2023-08-25 10:16:49 - [TEST_STEP][PASSED] - assert toString().equalsIgnoreCase(visit_date): null

2023-08-25 10:16:49 - [TEST_STEP][PASSED] - assert toString().equalsIgnoreCase(comment): null]]></system-out>
         <system-err><![CDATA[]]></system-err>
      </testcase>
      <testcase name="Test Cases/Appointment/Test Case 2.1 (dinamis)" time="18.419" classname="Test Cases/Appointment/Test Case 2.1 (dinamis)" status="PASSED">
         <system-out><![CDATA[2023-08-25 10:16:49 - [TEST_CASE][PASSED] - Test Cases/Appointment/Test Case 2.1 (dinamis): Test Cases/Appointment/Test Case 2.1 (dinamis)

2023-08-25 10:16:49 - [TEST_STEP][PASSED] - callTestCase(findTestCase("Login/Test Case 1.1 (Script)"), ["Username":username, "Password":password], STOP_ON_FAILURE): Call Test Case 'Test Cases/Login/Test Case 1.1 (Script)' successfully

2023-08-25 10:16:49 - [TEST_CASE][PASSED] - Test Cases/Login/Test Case 1.1 (Script): Test Cases/Login/Test Case 1.1 (Script)

2023-08-25 10:16:49 - [TEST_STEP][PASSED] - openBrowser("https://katalon-demo-cura.herokuapp.com/"): Browser is opened with url: 'https://katalon-demo-cura.herokuapp.com/'

2023-08-25 10:16:49 - [MESSAGE][WARNING] - A browser is already opened. Closing browser and opening a new one

2023-08-25 10:16:50 - [MESSAGE][INFO] - Starting 'Edge Chromium' driver

2023-08-25 10:16:52 - [MESSAGE][INFO] - Action delay is set to 0 milliseconds

2023-08-25 10:16:56 - [MESSAGE][PASSED] - Browser is opened with url: 'https://katalon-demo-cura.herokuapp.com/'

2023-08-25 10:16:56 - [TEST_STEP][PASSED] - verifyElementPresent(findTestObject("Object Repository/Login/Tittle_Home_Page"), 10): Object 'Object Repository/Login/Tittle_Home_Page' is present

2023-08-25 10:16:56 - [MESSAGE][PASSED] - Object 'Object Repository/Login/Tittle_Home_Page' is present

2023-08-25 10:16:56 - [TEST_STEP][PASSED] - click(findTestObject("Object Repository/Login/Menu Burger")): Object: 'Object Repository/Login/Menu Burger' is clicked on

2023-08-25 10:16:57 - [MESSAGE][PASSED] - Object: 'Object Repository/Login/Menu Burger' is clicked on

2023-08-25 10:16:57 - [TEST_STEP][PASSED] - click(findTestObject("Object Repository/Login/Menu Login")): Object: 'Object Repository/Login/Menu Login' is clicked on

2023-08-25 10:16:58 - [MESSAGE][PASSED] - Object: 'Object Repository/Login/Menu Login' is clicked on

2023-08-25 10:16:58 - [TEST_STEP][PASSED] - verifyElementPresent(findTestObject("Object Repository/Login/Tittle Login"), 10): Object 'Object Repository/Login/Tittle Login' is present

2023-08-25 10:16:58 - [MESSAGE][PASSED] - Object 'Object Repository/Login/Tittle Login' is present

2023-08-25 10:16:58 - [TEST_STEP][PASSED] - setText(findTestObject("Object Repository/Login/Input Username"), Username): Text 'John Doe' is set on object 'Object Repository/Login/Input Username'

2023-08-25 10:16:59 - [MESSAGE][PASSED] - Text 'John Doe' is set on object 'Object Repository/Login/Input Username'

2023-08-25 10:16:59 - [TEST_STEP][PASSED] - setEncryptedText(findTestObject("Object Repository/Login/Input Password"), Password): Text ****** has been set on object 'Object Repository/Login/Input Password'

2023-08-25 10:16:59 - [MESSAGE][PASSED] - Text ****** has been set on object 'Object Repository/Login/Input Password'

2023-08-25 10:16:59 - [TEST_STEP][PASSED] - click(findTestObject("Object Repository/Login/Button Login")): Object: 'Object Repository/Login/Button Login' is clicked on

2023-08-25 10:17:01 - [MESSAGE][PASSED] - Object: 'Object Repository/Login/Button Login' is clicked on

2023-08-25 10:17:01 - [TEST_STEP][PASSED] - verifyElementPresent(findTestObject("Object Repository/Login/Tittle Make Appointment"), 10): Object 'Object Repository/Login/Tittle Make Appointment' is present

2023-08-25 10:17:01 - [MESSAGE][PASSED] - Object 'Object Repository/Login/Tittle Make Appointment' is present

2023-08-25 10:17:01 - [MESSAGE][PASSED] - Call Test Case 'Test Cases/Login/Test Case 1.1 (Script)' successfully

2023-08-25 10:17:01 - [TEST_STEP][PASSED] - selectOptionByValue(findTestObject("Make Appointment/Select Drop Down Facility"), facility, false): All options with value 'Hongkong CURA Healthcare Center' are selected in object 'Object Repository/Make Appointment/Select Drop Down Facility' 

2023-08-25 10:17:02 - [MESSAGE][PASSED] - All options with value 'Hongkong CURA Healthcare Center' are selected in object 'Object Repository/Make Appointment/Select Drop Down Facility' 

2023-08-25 10:17:02 - [TEST_STEP][PASSED] - if (toString().equalsIgnoreCase("yes")): null

2023-08-25 10:17:02 - [TEST_STEP][PASSED] - if (toString().equalsIgnoreCase("Medicare")): Object 'Object Repository/Make Appointment/Radio Medicare programs' is checked

2023-08-25 10:17:02 - [TEST_STEP][PASSED] - check(findTestObject("Object Repository/Make Appointment/Radio Medicare programs")): Object 'Object Repository/Make Appointment/Radio Medicare programs' is checked

2023-08-25 10:17:02 - [MESSAGE][PASSED] - Object 'Object Repository/Make Appointment/Radio Medicare programs' is checked

2023-08-25 10:17:02 - [TEST_STEP][PASSED] - setText(findTestObject("Make Appointment/input Visit Date (Required)"), visit_date): Text '25/08/2023' is set on object 'Object Repository/Make Appointment/input Visit Date (Required)'

2023-08-25 10:17:03 - [MESSAGE][PASSED] - Text '25/08/2023' is set on object 'Object Repository/Make Appointment/input Visit Date (Required)'

2023-08-25 10:17:03 - [TEST_STEP][PASSED] - setText(findTestObject("Make Appointment/Text Area Comment"), comment): Text 'aku disini' is set on object 'Object Repository/Make Appointment/Text Area Comment'

2023-08-25 10:17:04 - [MESSAGE][PASSED] - Text 'aku disini' is set on object 'Object Repository/Make Appointment/Text Area Comment'

2023-08-25 10:17:04 - [TEST_STEP][PASSED] - click(findTestObject("Make Appointment/button Book Appointment")): Object: 'Object Repository/Make Appointment/button Book Appointment' is clicked on

2023-08-25 10:17:05 - [MESSAGE][PASSED] - Object: 'Object Repository/Make Appointment/button Book Appointment' is clicked on

2023-08-25 10:17:05 - [TEST_STEP][PASSED] - verifyElementPresent(findTestObject("Make Appointment/Tittle Appointment Confirmation"), 10): Object 'Object Repository/Make Appointment/Tittle Appointment Confirmation' is present

2023-08-25 10:17:05 - [MESSAGE][PASSED] - Object 'Object Repository/Make Appointment/Tittle Appointment Confirmation' is present

2023-08-25 10:17:05 - [TEST_STEP][PASSED] - hasilFacility = getText(findTestObject("Object Repository/Make Appointment/Hasil facility")): Text of object 'Object Repository/Make Appointment/Hasil facility' is: 'Hongkong CURA Healthcare Center'

2023-08-25 10:17:06 - [MESSAGE][PASSED] - Text of object 'Object Repository/Make Appointment/Hasil facility' is: 'Hongkong CURA Healthcare Center'

2023-08-25 10:17:06 - [TEST_STEP][PASSED] - hasilReadmission = getText(findTestObject("Make Appointment/Hasil apply for hospital")): Text of object 'Object Repository/Make Appointment/Hasil apply for hospital' is: 'No'

2023-08-25 10:17:06 - [MESSAGE][PASSED] - Text of object 'Object Repository/Make Appointment/Hasil apply for hospital' is: 'No'

2023-08-25 10:17:06 - [TEST_STEP][PASSED] - hasilhealtcare = getText(findTestObject("Make Appointment/Hasil healtcare program")): Text of object 'Object Repository/Make Appointment/Hasil healtcare program' is: 'Medicare'

2023-08-25 10:17:06 - [MESSAGE][PASSED] - Text of object 'Object Repository/Make Appointment/Hasil healtcare program' is: 'Medicare'

2023-08-25 10:17:06 - [TEST_STEP][PASSED] - hasilVisitdate = getText(findTestObject("Make Appointment/Hasil visit date")): Text of object 'Object Repository/Make Appointment/Hasil visit date' is: '25/08/2023'

2023-08-25 10:17:07 - [MESSAGE][PASSED] - Text of object 'Object Repository/Make Appointment/Hasil visit date' is: '25/08/2023'

2023-08-25 10:17:07 - [TEST_STEP][PASSED] - hasilComment = getText(findTestObject("Make Appointment/Hasil comment")): Text of object 'Object Repository/Make Appointment/Hasil comment' is: 'aku disini'

2023-08-25 10:17:07 - [MESSAGE][PASSED] - Text of object 'Object Repository/Make Appointment/Hasil comment' is: 'aku disini'

2023-08-25 10:17:07 - [TEST_STEP][PASSED] - assert toString().equalsIgnoreCase(facility): null

2023-08-25 10:17:07 - [TEST_STEP][PASSED] - assert toString().equalsIgnoreCase(hospital_readmission): null

2023-08-25 10:17:07 - [TEST_STEP][PASSED] - assert toString().equalsIgnoreCase(healthcare_program): null

2023-08-25 10:17:07 - [TEST_STEP][PASSED] - assert toString().equalsIgnoreCase(visit_date): null

2023-08-25 10:17:07 - [TEST_STEP][PASSED] - assert toString().equalsIgnoreCase(comment): null]]></system-out>
         <system-err><![CDATA[]]></system-err>
      </testcase>
      <testcase name="Test Cases/Appointment/Test Case 2.1 (dinamis)" time="20.159" classname="Test Cases/Appointment/Test Case 2.1 (dinamis)" status="PASSED">
         <system-out><![CDATA[2023-08-25 10:17:07 - [TEST_CASE][PASSED] - Test Cases/Appointment/Test Case 2.1 (dinamis): Test Cases/Appointment/Test Case 2.1 (dinamis)

2023-08-25 10:17:07 - [TEST_STEP][PASSED] - callTestCase(findTestCase("Login/Test Case 1.1 (Script)"), ["Username":username, "Password":password], STOP_ON_FAILURE): Call Test Case 'Test Cases/Login/Test Case 1.1 (Script)' successfully

2023-08-25 10:17:07 - [TEST_CASE][PASSED] - Test Cases/Login/Test Case 1.1 (Script): Test Cases/Login/Test Case 1.1 (Script)

2023-08-25 10:17:07 - [TEST_STEP][PASSED] - openBrowser("https://katalon-demo-cura.herokuapp.com/"): Browser is opened with url: 'https://katalon-demo-cura.herokuapp.com/'

2023-08-25 10:17:07 - [MESSAGE][WARNING] - A browser is already opened. Closing browser and opening a new one

2023-08-25 10:17:08 - [MESSAGE][INFO] - Starting 'Edge Chromium' driver

2023-08-25 10:17:10 - [MESSAGE][INFO] - Action delay is set to 0 milliseconds

2023-08-25 10:17:14 - [MESSAGE][PASSED] - Browser is opened with url: 'https://katalon-demo-cura.herokuapp.com/'

2023-08-25 10:17:14 - [TEST_STEP][PASSED] - verifyElementPresent(findTestObject("Object Repository/Login/Tittle_Home_Page"), 10): Object 'Object Repository/Login/Tittle_Home_Page' is present

2023-08-25 10:17:14 - [MESSAGE][PASSED] - Object 'Object Repository/Login/Tittle_Home_Page' is present

2023-08-25 10:17:14 - [TEST_STEP][PASSED] - click(findTestObject("Object Repository/Login/Menu Burger")): Object: 'Object Repository/Login/Menu Burger' is clicked on

2023-08-25 10:17:15 - [MESSAGE][PASSED] - Object: 'Object Repository/Login/Menu Burger' is clicked on

2023-08-25 10:17:15 - [TEST_STEP][PASSED] - click(findTestObject("Object Repository/Login/Menu Login")): Object: 'Object Repository/Login/Menu Login' is clicked on

2023-08-25 10:17:16 - [MESSAGE][PASSED] - Object: 'Object Repository/Login/Menu Login' is clicked on

2023-08-25 10:17:16 - [TEST_STEP][PASSED] - verifyElementPresent(findTestObject("Object Repository/Login/Tittle Login"), 10): Object 'Object Repository/Login/Tittle Login' is present

2023-08-25 10:17:17 - [MESSAGE][PASSED] - Object 'Object Repository/Login/Tittle Login' is present

2023-08-25 10:17:17 - [TEST_STEP][PASSED] - setText(findTestObject("Object Repository/Login/Input Username"), Username): Text 'John Doe' is set on object 'Object Repository/Login/Input Username'

2023-08-25 10:17:17 - [MESSAGE][PASSED] - Text 'John Doe' is set on object 'Object Repository/Login/Input Username'

2023-08-25 10:17:17 - [TEST_STEP][PASSED] - setEncryptedText(findTestObject("Object Repository/Login/Input Password"), Password): Text ****** has been set on object 'Object Repository/Login/Input Password'

2023-08-25 10:17:18 - [MESSAGE][PASSED] - Text ****** has been set on object 'Object Repository/Login/Input Password'

2023-08-25 10:17:18 - [TEST_STEP][PASSED] - click(findTestObject("Object Repository/Login/Button Login")): Object: 'Object Repository/Login/Button Login' is clicked on

2023-08-25 10:17:19 - [MESSAGE][PASSED] - Object: 'Object Repository/Login/Button Login' is clicked on

2023-08-25 10:17:19 - [TEST_STEP][PASSED] - verifyElementPresent(findTestObject("Object Repository/Login/Tittle Make Appointment"), 10): Object 'Object Repository/Login/Tittle Make Appointment' is present

2023-08-25 10:17:20 - [MESSAGE][PASSED] - Object 'Object Repository/Login/Tittle Make Appointment' is present

2023-08-25 10:17:20 - [MESSAGE][PASSED] - Call Test Case 'Test Cases/Login/Test Case 1.1 (Script)' successfully

2023-08-25 10:17:20 - [TEST_STEP][PASSED] - selectOptionByValue(findTestObject("Make Appointment/Select Drop Down Facility"), facility, false): All options with value 'Seoul CURA Healthcare Center' are selected in object 'Object Repository/Make Appointment/Select Drop Down Facility' 

2023-08-25 10:17:21 - [MESSAGE][PASSED] - All options with value 'Seoul CURA Healthcare Center' are selected in object 'Object Repository/Make Appointment/Select Drop Down Facility' 

2023-08-25 10:17:21 - [TEST_STEP][PASSED] - if (toString().equalsIgnoreCase("yes")): Object 'Object Repository/Make Appointment/Checkbox apply for hospital readmission' is checked

2023-08-25 10:17:21 - [TEST_STEP][PASSED] - check(findTestObject("Make Appointment/Checkbox apply for hospital readmission")): Object 'Object Repository/Make Appointment/Checkbox apply for hospital readmission' is checked

2023-08-25 10:17:21 - [MESSAGE][PASSED] - Object 'Object Repository/Make Appointment/Checkbox apply for hospital readmission' is checked

2023-08-25 10:17:21 - [TEST_STEP][PASSED] - if (toString().equalsIgnoreCase("Medicare")): null

2023-08-25 10:17:21 - [TEST_STEP][PASSED] - else if (toString().equalsIgnoreCase("Medicaid")): Object 'Object Repository/Make Appointment/Radio Medicaid programs' is checked

2023-08-25 10:17:21 - [TEST_STEP][PASSED] - check(findTestObject("Object Repository/Make Appointment/Radio Medicaid programs")): Object 'Object Repository/Make Appointment/Radio Medicaid programs' is checked

2023-08-25 10:17:21 - [MESSAGE][PASSED] - Object 'Object Repository/Make Appointment/Radio Medicaid programs' is checked

2023-08-25 10:17:21 - [TEST_STEP][PASSED] - setText(findTestObject("Make Appointment/input Visit Date (Required)"), visit_date): Text '25/08/2023' is set on object 'Object Repository/Make Appointment/input Visit Date (Required)'

2023-08-25 10:17:22 - [MESSAGE][PASSED] - Text '25/08/2023' is set on object 'Object Repository/Make Appointment/input Visit Date (Required)'

2023-08-25 10:17:22 - [TEST_STEP][PASSED] - setText(findTestObject("Make Appointment/Text Area Comment"), comment): Text 'kamu dimana' is set on object 'Object Repository/Make Appointment/Text Area Comment'

2023-08-25 10:17:23 - [MESSAGE][PASSED] - Text 'kamu dimana' is set on object 'Object Repository/Make Appointment/Text Area Comment'

2023-08-25 10:17:23 - [TEST_STEP][PASSED] - click(findTestObject("Make Appointment/button Book Appointment")): Object: 'Object Repository/Make Appointment/button Book Appointment' is clicked on

2023-08-25 10:17:25 - [MESSAGE][PASSED] - Object: 'Object Repository/Make Appointment/button Book Appointment' is clicked on

2023-08-25 10:17:25 - [TEST_STEP][PASSED] - verifyElementPresent(findTestObject("Make Appointment/Tittle Appointment Confirmation"), 10): Object 'Object Repository/Make Appointment/Tittle Appointment Confirmation' is present

2023-08-25 10:17:25 - [MESSAGE][PASSED] - Object 'Object Repository/Make Appointment/Tittle Appointment Confirmation' is present

2023-08-25 10:17:25 - [TEST_STEP][PASSED] - hasilFacility = getText(findTestObject("Object Repository/Make Appointment/Hasil facility")): Text of object 'Object Repository/Make Appointment/Hasil facility' is: 'Seoul CURA Healthcare Center'

2023-08-25 10:17:26 - [MESSAGE][PASSED] - Text of object 'Object Repository/Make Appointment/Hasil facility' is: 'Seoul CURA Healthcare Center'

2023-08-25 10:17:26 - [TEST_STEP][PASSED] - hasilReadmission = getText(findTestObject("Make Appointment/Hasil apply for hospital")): Text of object 'Object Repository/Make Appointment/Hasil apply for hospital' is: 'Yes'

2023-08-25 10:17:26 - [MESSAGE][PASSED] - Text of object 'Object Repository/Make Appointment/Hasil apply for hospital' is: 'Yes'

2023-08-25 10:17:26 - [TEST_STEP][PASSED] - hasilhealtcare = getText(findTestObject("Make Appointment/Hasil healtcare program")): Text of object 'Object Repository/Make Appointment/Hasil healtcare program' is: 'Medicaid'

2023-08-25 10:17:27 - [MESSAGE][PASSED] - Text of object 'Object Repository/Make Appointment/Hasil healtcare program' is: 'Medicaid'

2023-08-25 10:17:27 - [TEST_STEP][PASSED] - hasilVisitdate = getText(findTestObject("Make Appointment/Hasil visit date")): Text of object 'Object Repository/Make Appointment/Hasil visit date' is: '25/08/2023'

2023-08-25 10:17:27 - [MESSAGE][PASSED] - Text of object 'Object Repository/Make Appointment/Hasil visit date' is: '25/08/2023'

2023-08-25 10:17:27 - [TEST_STEP][PASSED] - hasilComment = getText(findTestObject("Make Appointment/Hasil comment")): Text of object 'Object Repository/Make Appointment/Hasil comment' is: 'kamu dimana'

2023-08-25 10:17:27 - [MESSAGE][PASSED] - Text of object 'Object Repository/Make Appointment/Hasil comment' is: 'kamu dimana'

2023-08-25 10:17:27 - [TEST_STEP][PASSED] - assert toString().equalsIgnoreCase(facility): null

2023-08-25 10:17:27 - [TEST_STEP][PASSED] - assert toString().equalsIgnoreCase(hospital_readmission): null

2023-08-25 10:17:27 - [TEST_STEP][PASSED] - assert toString().equalsIgnoreCase(healthcare_program): null

2023-08-25 10:17:27 - [TEST_STEP][PASSED] - assert toString().equalsIgnoreCase(visit_date): null

2023-08-25 10:17:27 - [TEST_STEP][PASSED] - assert toString().equalsIgnoreCase(comment): null]]></system-out>
         <system-err><![CDATA[]]></system-err>
      </testcase>
      <system-out><![CDATA[2023-08-25 10:16:25 - [TEST_SUITE][PASSED] - Test Suite Appointment: Test Cases/Appointment/Test Case 2.1 (dinamis)]]></system-out>
      <system-err><![CDATA[]]></system-err>
   </testsuite>
</testsuites>
