<?xml version="1.0" encoding="UTF-8"?>
<testsuites name="T13 Pembelian, Shipment dan Pembayaran" time="3536.989" tests="48" failures="18" errors="0">
   <testsuite name="T13 Pembelian, Shipment dan Pembayaran" tests="48" failures="18" errors="0" time="3536.989" skipped="0" timestamp="2023-10-04 19:00:07" hostname="IRFAN - DESKTOP-H62FVJ8" id="Test Suites/T13 Pembelian, Shipment dan Pembayaran/T13 Pembelian, Shipment dan Pembayaran">
      <properties>
         <property name="deviceName" value=""/>
         <property name="devicePlatform" value=""/>
         <property name="logFolder" value="D:\\BOOTCAMP XSIS\\Projek 2 MINI PROJEK\\Reports\\20231004_190004\\T13 Pembelian, Shipment dan Pembayaran\\T13 Pembelian, Shipment dan Pembayaran\\20231004_190004"/>
         <property name="logFiles" value="D:\\BOOTCAMP XSIS\\Projek 2 MINI PROJEK\\Reports\\20231004_190004\\T13 Pembelian, Shipment dan Pembayaran\\T13 Pembelian, Shipment dan Pembayaran\\20231004_190004\\execution0.log, D:\\BOOTCAMP XSIS\\Projek 2 MINI PROJEK\\Reports\\20231004_190004\\T13 Pembelian, Shipment dan Pembayaran\\T13 Pembelian, Shipment dan Pembayaran\\20231004_190004\\execution1.log"/>
         <property name="attachments" value="D:\\BOOTCAMP XSIS\\Projek 2 MINI PROJEK\\Reports\\20231004_190004\\T13 Pembelian, Shipment dan Pembayaran\\T13 Pembelian, Shipment dan Pembayaran\\20231004_190004\\1696421124963.png, D:\\BOOTCAMP XSIS\\Projek 2 MINI PROJEK\\Reports\\20231004_190004\\T13 Pembelian, Shipment dan Pembayaran\\T13 Pembelian, Shipment dan Pembayaran\\20231004_190004\\1696421510727.png, D:\\BOOTCAMP XSIS\\Projek 2 MINI PROJEK\\Reports\\20231004_190004\\T13 Pembelian, Shipment dan Pembayaran\\T13 Pembelian, Shipment dan Pembayaran\\20231004_190004\\1696421632078.png, D:\\BOOTCAMP XSIS\\Projek 2 MINI PROJEK\\Reports\\20231004_190004\\T13 Pembelian, Shipment dan Pembayaran\\T13 Pembelian, Shipment dan Pembayaran\\20231004_190004\\1696421753014.png, D:\\BOOTCAMP XSIS\\Projek 2 MINI PROJEK\\Reports\\20231004_190004\\T13 Pembelian, Shipment dan Pembayaran\\T13 Pembelian, Shipment dan Pembayaran\\20231004_190004\\1696421814388.png, D:\\BOOTCAMP XSIS\\Projek 2 MINI PROJEK\\Reports\\20231004_190004\\T13 Pembelian, Shipment dan Pembayaran\\T13 Pembelian, Shipment dan Pembayaran\\20231004_190004\\1696421923484.png, D:\\BOOTCAMP XSIS\\Projek 2 MINI PROJEK\\Reports\\20231004_190004\\T13 Pembelian, Shipment dan Pembayaran\\T13 Pembelian, Shipment dan Pembayaran\\20231004_190004\\1696421979915.png, D:\\BOOTCAMP XSIS\\Projek 2 MINI PROJEK\\Reports\\20231004_190004\\T13 Pembelian, Shipment dan Pembayaran\\T13 Pembelian, Shipment dan Pembayaran\\20231004_190004\\1696422393868.png, D:\\BOOTCAMP XSIS\\Projek 2 MINI PROJEK\\Reports\\20231004_190004\\T13 Pembelian, Shipment dan Pembayaran\\T13 Pembelian, Shipment dan Pembayaran\\20231004_190004\\1696423331794.png, D:\\BOOTCAMP XSIS\\Projek 2 MINI PROJEK\\Reports\\20231004_190004\\T13 Pembelian, Shipment dan Pembayaran\\T13 Pembelian, Shipment dan Pembayaran\\20231004_190004\\1696424026110.png, D:\\BOOTCAMP XSIS\\Projek 2 MINI PROJEK\\Reports\\20231004_190004\\T13 Pembelian, Shipment dan Pembayaran\\T13 Pembelian, Shipment dan Pembayaran\\20231004_190004\\1696424026146.png, D:\\BOOTCAMP XSIS\\Projek 2 MINI PROJEK\\Reports\\20231004_190004\\T13 Pembelian, Shipment dan Pembayaran\\T13 Pembelian, Shipment dan Pembayaran\\20231004_190004\\1696424173064.png, D:\\BOOTCAMP XSIS\\Projek 2 MINI PROJEK\\Reports\\20231004_190004\\T13 Pembelian, Shipment dan Pembayaran\\T13 Pembelian, Shipment dan Pembayaran\\20231004_190004\\1696424262206.png, D:\\BOOTCAMP XSIS\\Projek 2 MINI PROJEK\\Reports\\20231004_190004\\T13 Pembelian, Shipment dan Pembayaran\\T13 Pembelian, Shipment dan Pembayaran\\20231004_190004\\1696424343892.png"/>
         <property name="hostName" value="IRFAN - DESKTOP-H62FVJ8"/>
         <property name="os" value="Windows 10 64bit"/>
         <property name="katalonVersion" value="8.6.5.208"/>
         <property name="browser" value="Firefox 117.0"/>
         <property name="hostAddress" value="10.9.2.72"/>
         <property name="sessionId" value="10f1d0e5-e09d-44b9-853b-bbc476bcebda"/>
         <property name="seleniumVersion" value="3.141.59"/>
         <property name="proxyInformation" value="ProxyInformation { proxyOption=NO_PROXY, proxyServerType=HTTP, username=, password=********, proxyServerAddress=, proxyServerPort=0, executionList=&quot;&quot;, isApplyToDesiredCapabilities=true }"/>
         <property name="platform" value="Windows 10"/>
      </properties>
      <testcase name="Test Cases/T13 Pembelian, Shipment dan Pembayaran/LU-001" time="11.851" classname="Test Cases/T13 Pembelian, Shipment dan Pembayaran/LU-001" status="PASSED">
         <system-out><![CDATA[2023-10-04 19:00:07 - [TEST_CASE][PASSED] - Test Cases/T13 Pembelian, Shipment dan Pembayaran/LU-001: Test Cases/T13 Pembelian, Shipment dan Pembayaran/LU-001

2023-10-04 19:00:08 - [TEST_STEP][PASSED] - openBrowser("https://10.9.2.63/ecommerce/"): Browser is opened with url: 'https://10.9.2.63/ecommerce/'

2023-10-04 19:00:08 - [MESSAGE][INFO] - Starting 'Firefox' driver

2023-10-04 19:00:08 - [MESSAGE][INFO] - User set preference: ['args', '[--disable-notifications]']

2023-10-04 19:00:08 - [MESSAGE][INFO] - Action delay is set to 0 milliseconds

2023-10-04 19:00:13 - [MESSAGE][PASSED] - Browser is opened with url: 'https://10.9.2.63/ecommerce/'

2023-10-04 19:00:13 - [TEST_STEP][PASSED] - maximizeWindow(): Current window maximized

2023-10-04 19:00:14 - [MESSAGE][PASSED] - Current window maximized

2023-10-04 19:00:14 - [TEST_STEP][PASSED] - verifyElementPresent(findTestObject("Login/Home"), 0): Object 'Object Repository/Login/Home' is present

2023-10-04 19:00:14 - [MESSAGE][WARNING] - Timeout '0' is invalid. Using default page load timeout: '30'

2023-10-04 19:00:14 - [MESSAGE][PASSED] - Object 'Object Repository/Login/Home' is present

2023-10-04 19:00:14 - [TEST_STEP][PASSED] - click(findTestObject("Login/a_Login")): Object: 'Object Repository/Login/a_Login' is clicked on

2023-10-04 19:00:15 - [MESSAGE][PASSED] - Object: 'Object Repository/Login/a_Login' is clicked on

2023-10-04 19:00:15 - [TEST_STEP][PASSED] - verifyElementPresent(findTestObject("Login/Tittle Login"), 0): Object 'Object Repository/Login/Tittle Login' is present

2023-10-04 19:00:15 - [MESSAGE][WARNING] - Timeout '0' is invalid. Using default page load timeout: '30'

2023-10-04 19:00:15 - [MESSAGE][PASSED] - Object 'Object Repository/Login/Tittle Login' is present

2023-10-04 19:00:15 - [TEST_STEP][PASSED] - setText(findTestObject("Login/input_Username, Email atau No. Handphone_a"), username): Text 'irfanafandi' is set on object 'Object Repository/Login/input_Username, Email atau No. Handphone_a'

2023-10-04 19:00:16 - [MESSAGE][PASSED] - Text 'irfanafandi' is set on object 'Object Repository/Login/input_Username, Email atau No. Handphone_a'

2023-10-04 19:00:16 - [TEST_STEP][PASSED] - setText(findTestObject("Login/input_Password_b"), password): Text '12345irfan' is set on object 'Object Repository/Login/input_Password_b'

2023-10-04 19:00:16 - [MESSAGE][PASSED] - Text '12345irfan' is set on object 'Object Repository/Login/input_Password_b'

2023-10-04 19:00:16 - [TEST_STEP][PASSED] - click(findTestObject("Login/label_Ingat saya")): Object: 'Object Repository/Login/label_Ingat saya' is clicked on

2023-10-04 19:00:17 - [MESSAGE][PASSED] - Object: 'Object Repository/Login/label_Ingat saya' is clicked on

2023-10-04 19:00:17 - [TEST_STEP][PASSED] - click(findTestObject("Login/button_Masuk")): Object: 'Object Repository/Login/button_Masuk' is clicked on

2023-10-04 19:00:18 - [MESSAGE][PASSED] - Object: 'Object Repository/Login/button_Masuk' is clicked on

2023-10-04 19:00:18 - [TEST_STEP][PASSED] - verifyElementPresent(findTestObject("Login/li_Profile"), 0): Object 'Object Repository/Login/li_Profile' is present

2023-10-04 19:00:18 - [MESSAGE][WARNING] - Timeout '0' is invalid. Using default page load timeout: '30'

2023-10-04 19:00:19 - [MESSAGE][PASSED] - Object 'Object Repository/Login/li_Profile' is present]]></system-out>
         <system-err><![CDATA[]]></system-err>
      </testcase>
      <testcase name="Test Cases/T13 Pembelian, Shipment dan Pembayaran/PBL-001" time="20.314" classname="Test Cases/T13 Pembelian, Shipment dan Pembayaran/PBL-001" status="PASSED">
         <system-out><![CDATA[2023-10-04 19:00:19 - [TEST_CASE][PASSED] - Test Cases/T13 Pembelian, Shipment dan Pembayaran/PBL-001: Test Cases/T13 Pembelian, Shipment dan Pembayaran/PBL-001

2023-10-04 19:00:19 - [TEST_STEP][PASSED] - callTestCase(findTestCase("T13 Pembelian, Shipment dan Pembayaran/LU-001"), ["username":"irfanafandi", "password":"12345irfan"], STOP_ON_FAILURE): Call Test Case 'Test Cases/T13 Pembelian, Shipment dan Pembayaran/LU-001' successfully

2023-10-04 19:00:19 - [TEST_CASE][PASSED] - Test Cases/T13 Pembelian, Shipment dan Pembayaran/LU-001: Test Cases/T13 Pembelian, Shipment dan Pembayaran/LU-001

2023-10-04 19:00:19 - [TEST_STEP][PASSED] - openBrowser("https://10.9.2.63/ecommerce/"): Browser is opened with url: 'https://10.9.2.63/ecommerce/'

2023-10-04 19:00:19 - [MESSAGE][WARNING] - A browser is already opened. Closing browser and opening a new one

2023-10-04 19:00:20 - [MESSAGE][INFO] - Starting 'Firefox' driver

2023-10-04 19:00:20 - [MESSAGE][INFO] - User set preference: ['args', '[--disable-notifications]']

2023-10-04 19:00:20 - [MESSAGE][INFO] - Action delay is set to 0 milliseconds

2023-10-04 19:00:26 - [MESSAGE][PASSED] - Browser is opened with url: 'https://10.9.2.63/ecommerce/'

2023-10-04 19:00:26 - [TEST_STEP][PASSED] - maximizeWindow(): Current window maximized

2023-10-04 19:00:26 - [MESSAGE][PASSED] - Current window maximized

2023-10-04 19:00:26 - [TEST_STEP][PASSED] - verifyElementPresent(findTestObject("Login/Home"), 0): Object 'Object Repository/Login/Home' is present

2023-10-04 19:00:26 - [MESSAGE][WARNING] - Timeout '0' is invalid. Using default page load timeout: '30'

2023-10-04 19:00:26 - [MESSAGE][PASSED] - Object 'Object Repository/Login/Home' is present

2023-10-04 19:00:26 - [TEST_STEP][PASSED] - click(findTestObject("Login/a_Login")): Object: 'Object Repository/Login/a_Login' is clicked on

2023-10-04 19:00:27 - [MESSAGE][PASSED] - Object: 'Object Repository/Login/a_Login' is clicked on

2023-10-04 19:00:27 - [TEST_STEP][PASSED] - verifyElementPresent(findTestObject("Login/Tittle Login"), 0): Object 'Object Repository/Login/Tittle Login' is present

2023-10-04 19:00:27 - [MESSAGE][WARNING] - Timeout '0' is invalid. Using default page load timeout: '30'

2023-10-04 19:00:27 - [MESSAGE][PASSED] - Object 'Object Repository/Login/Tittle Login' is present

2023-10-04 19:00:27 - [TEST_STEP][PASSED] - setText(findTestObject("Login/input_Username, Email atau No. Handphone_a"), username): Text 'irfanafandi' is set on object 'Object Repository/Login/input_Username, Email atau No. Handphone_a'

2023-10-04 19:00:28 - [MESSAGE][PASSED] - Text 'irfanafandi' is set on object 'Object Repository/Login/input_Username, Email atau No. Handphone_a'

2023-10-04 19:00:28 - [TEST_STEP][PASSED] - setText(findTestObject("Login/input_Password_b"), password): Text '12345irfan' is set on object 'Object Repository/Login/input_Password_b'

2023-10-04 19:00:28 - [MESSAGE][PASSED] - Text '12345irfan' is set on object 'Object Repository/Login/input_Password_b'

2023-10-04 19:00:28 - [TEST_STEP][PASSED] - click(findTestObject("Login/label_Ingat saya")): Object: 'Object Repository/Login/label_Ingat saya' is clicked on

2023-10-04 19:00:29 - [MESSAGE][PASSED] - Object: 'Object Repository/Login/label_Ingat saya' is clicked on

2023-10-04 19:00:29 - [TEST_STEP][PASSED] - click(findTestObject("Login/button_Masuk")): Object: 'Object Repository/Login/button_Masuk' is clicked on

2023-10-04 19:00:30 - [MESSAGE][PASSED] - Object: 'Object Repository/Login/button_Masuk' is clicked on

2023-10-04 19:00:30 - [TEST_STEP][PASSED] - verifyElementPresent(findTestObject("Login/li_Profile"), 0): Object 'Object Repository/Login/li_Profile' is present

2023-10-04 19:00:30 - [MESSAGE][WARNING] - Timeout '0' is invalid. Using default page load timeout: '30'

2023-10-04 19:00:31 - [MESSAGE][PASSED] - Object 'Object Repository/Login/li_Profile' is present

2023-10-04 19:00:31 - [MESSAGE][PASSED] - Call Test Case 'Test Cases/T13 Pembelian, Shipment dan Pembayaran/LU-001' successfully

2023-10-04 19:00:31 - [TEST_STEP][PASSED] - mouseOver(findTestObject("beli barang/i_Mulai Belanja_icon-menu")): Object: 'Object Repository/beli barang/i_Mulai Belanja_icon-menu' is hovered

2023-10-04 19:00:32 - [MESSAGE][PASSED] - Object: 'Object Repository/beli barang/i_Mulai Belanja_icon-menu' is hovered

2023-10-04 19:00:32 - [TEST_STEP][PASSED] - click(findTestObject("beli barang/a_Fashion  Busana Wanita")): Object: 'Object Repository/beli barang/a_Fashion  Busana Wanita' is clicked on

2023-10-04 19:00:32 - [MESSAGE][PASSED] - Object: 'Object Repository/beli barang/a_Fashion  Busana Wanita' is clicked on

2023-10-04 19:00:32 - [TEST_STEP][PASSED] - NamaSebelum = getText(findTestObject("verifikasi/Nama sebelum")): Text of object 'Object Repository/verifikasi/Nama sebelum' is: ''

2023-10-04 19:00:33 - [MESSAGE][PASSED] - Text of object 'Object Repository/verifikasi/Nama sebelum' is: ''

2023-10-04 19:00:33 - [TEST_STEP][PASSED] - HargaSebelum = getText(findTestObject("verifikasi/Harga sebelum")): Text of object 'Object Repository/verifikasi/Harga sebelum' is: 'Rp 1,299'

2023-10-04 19:00:34 - [MESSAGE][PASSED] - Text of object 'Object Repository/verifikasi/Harga sebelum' is: 'Rp 1,299'

2023-10-04 19:00:34 - [TEST_STEP][PASSED] - mouseOver(findTestObject("beli barang/barang mouse over")): Object: 'Object Repository/beli barang/barang mouse over' is hovered

2023-10-04 19:00:34 - [MESSAGE][PASSED] - Object: 'Object Repository/beli barang/barang mouse over' is hovered

2023-10-04 19:00:34 - [TEST_STEP][PASSED] - click(findTestObject("beli barang/buttom add to cart")): Object: 'Object Repository/beli barang/buttom add to cart' is clicked on

2023-10-04 19:00:37 - [MESSAGE][PASSED] - Object: 'Object Repository/beli barang/buttom add to cart' is clicked on

2023-10-04 19:00:37 - [TEST_STEP][PASSED] - NamaSesudah = getText(findTestObject("verifikasi/Nama sesudah")): Text of object 'Object Repository/verifikasi/Nama sesudah' is: 'Segitiga Instan Madeira - MDB5.3 Sunset'

2023-10-04 19:00:38 - [MESSAGE][PASSED] - Text of object 'Object Repository/verifikasi/Nama sesudah' is: 'Segitiga Instan Madeira - MDB5.3 Sunset'

2023-10-04 19:00:38 - [TEST_STEP][PASSED] - HargaSesudah = getText(findTestObject("verifikasi/Harga sesudah")): Text of object 'Object Repository/verifikasi/Harga sesudah' is: 'Rp 1,299'

2023-10-04 19:00:38 - [MESSAGE][PASSED] - Text of object 'Object Repository/verifikasi/Harga sesudah' is: 'Rp 1,299'

2023-10-04 19:00:38 - [TEST_STEP][PASSED] - assert NamaSesudah.contains(NamaSebelum): null

2023-10-04 19:00:38 - [TEST_STEP][PASSED] - assert HargaSesudah.contains(HargaSebelum): null

2023-10-04 19:00:38 - [TEST_STEP][PASSED] - click(findTestObject("beli barang/Tambah Keranjang busana wanita")): Object: 'Object Repository/beli barang/Tambah Keranjang busana wanita' is clicked on

2023-10-04 19:00:39 - [MESSAGE][PASSED] - Object: 'Object Repository/beli barang/Tambah Keranjang busana wanita' is clicked on

2023-10-04 19:00:39 - [TEST_STEP][PASSED] - verifyElementPresent(findTestObject("checkout/Notifikasi keranjang"), 1): Object 'Object Repository/checkout/Notifikasi keranjang' is present

2023-10-04 19:00:39 - [MESSAGE][PASSED] - Object 'Object Repository/checkout/Notifikasi keranjang' is present

2023-10-04 19:00:39 - [TEST_STEP][PASSED] - data = new java.util.HashMap(): null

2023-10-04 19:00:39 - [TEST_STEP][PASSED] - data.put("nama_barang", NamaSesudah): null

2023-10-04 19:00:39 - [TEST_STEP][PASSED] - data.put("price_barang", HargaSesudah): null

2023-10-04 19:00:39 - [TEST_STEP][PASSED] - return data: null]]></system-out>
         <system-err><![CDATA[]]></system-err>
      </testcase>
      <testcase name="Test Cases/T13 Pembelian, Shipment dan Pembayaran/PBL-002" time="24.257" classname="Test Cases/T13 Pembelian, Shipment dan Pembayaran/PBL-002" status="PASSED">
         <system-out><![CDATA[2023-10-04 19:00:39 - [TEST_CASE][PASSED] - Test Cases/T13 Pembelian, Shipment dan Pembayaran/PBL-002: Test Cases/T13 Pembelian, Shipment dan Pembayaran/PBL-002

2023-10-04 19:00:40 - [TEST_STEP][PASSED] - data = callTestCase(findTestCase("T13 Pembelian, Shipment dan Pembayaran/PBL-001"), [:], STOP_ON_FAILURE): Call Test Case 'Test Cases/T13 Pembelian, Shipment dan Pembayaran/PBL-001' successfully

2023-10-04 19:00:40 - [TEST_CASE][PASSED] - Test Cases/T13 Pembelian, Shipment dan Pembayaran/PBL-001: Test Cases/T13 Pembelian, Shipment dan Pembayaran/PBL-001

2023-10-04 19:00:40 - [TEST_STEP][PASSED] - callTestCase(findTestCase("T13 Pembelian, Shipment dan Pembayaran/LU-001"), ["username":"irfanafandi", "password":"12345irfan"], STOP_ON_FAILURE): Call Test Case 'Test Cases/T13 Pembelian, Shipment dan Pembayaran/LU-001' successfully

2023-10-04 19:00:40 - [TEST_CASE][PASSED] - Test Cases/T13 Pembelian, Shipment dan Pembayaran/LU-001: Test Cases/T13 Pembelian, Shipment dan Pembayaran/LU-001

2023-10-04 19:00:40 - [TEST_STEP][PASSED] - openBrowser("https://10.9.2.63/ecommerce/"): Browser is opened with url: 'https://10.9.2.63/ecommerce/'

2023-10-04 19:00:40 - [MESSAGE][WARNING] - A browser is already opened. Closing browser and opening a new one

2023-10-04 19:00:41 - [MESSAGE][INFO] - Starting 'Firefox' driver

2023-10-04 19:00:41 - [MESSAGE][INFO] - User set preference: ['args', '[--disable-notifications]']

2023-10-04 19:00:41 - [MESSAGE][INFO] - Action delay is set to 0 milliseconds

2023-10-04 19:00:46 - [MESSAGE][PASSED] - Browser is opened with url: 'https://10.9.2.63/ecommerce/'

2023-10-04 19:00:46 - [TEST_STEP][PASSED] - maximizeWindow(): Current window maximized

2023-10-04 19:00:46 - [MESSAGE][PASSED] - Current window maximized

2023-10-04 19:00:46 - [TEST_STEP][PASSED] - verifyElementPresent(findTestObject("Login/Home"), 0): Object 'Object Repository/Login/Home' is present

2023-10-04 19:00:46 - [MESSAGE][WARNING] - Timeout '0' is invalid. Using default page load timeout: '30'

2023-10-04 19:00:46 - [MESSAGE][PASSED] - Object 'Object Repository/Login/Home' is present

2023-10-04 19:00:46 - [TEST_STEP][PASSED] - click(findTestObject("Login/a_Login")): Object: 'Object Repository/Login/a_Login' is clicked on

2023-10-04 19:00:47 - [MESSAGE][PASSED] - Object: 'Object Repository/Login/a_Login' is clicked on

2023-10-04 19:00:47 - [TEST_STEP][PASSED] - verifyElementPresent(findTestObject("Login/Tittle Login"), 0): Object 'Object Repository/Login/Tittle Login' is present

2023-10-04 19:00:47 - [MESSAGE][WARNING] - Timeout '0' is invalid. Using default page load timeout: '30'

2023-10-04 19:00:47 - [MESSAGE][PASSED] - Object 'Object Repository/Login/Tittle Login' is present

2023-10-04 19:00:47 - [TEST_STEP][PASSED] - setText(findTestObject("Login/input_Username, Email atau No. Handphone_a"), username): Text 'irfanafandi' is set on object 'Object Repository/Login/input_Username, Email atau No. Handphone_a'

2023-10-04 19:00:48 - [MESSAGE][PASSED] - Text 'irfanafandi' is set on object 'Object Repository/Login/input_Username, Email atau No. Handphone_a'

2023-10-04 19:00:48 - [TEST_STEP][PASSED] - setText(findTestObject("Login/input_Password_b"), password): Text '12345irfan' is set on object 'Object Repository/Login/input_Password_b'

2023-10-04 19:00:49 - [MESSAGE][PASSED] - Text '12345irfan' is set on object 'Object Repository/Login/input_Password_b'

2023-10-04 19:00:49 - [TEST_STEP][PASSED] - click(findTestObject("Login/label_Ingat saya")): Object: 'Object Repository/Login/label_Ingat saya' is clicked on

2023-10-04 19:00:49 - [MESSAGE][PASSED] - Object: 'Object Repository/Login/label_Ingat saya' is clicked on

2023-10-04 19:00:49 - [TEST_STEP][PASSED] - click(findTestObject("Login/button_Masuk")): Object: 'Object Repository/Login/button_Masuk' is clicked on

2023-10-04 19:00:50 - [MESSAGE][PASSED] - Object: 'Object Repository/Login/button_Masuk' is clicked on

2023-10-04 19:00:50 - [TEST_STEP][PASSED] - verifyElementPresent(findTestObject("Login/li_Profile"), 0): Object 'Object Repository/Login/li_Profile' is present

2023-10-04 19:00:50 - [MESSAGE][WARNING] - Timeout '0' is invalid. Using default page load timeout: '30'

2023-10-04 19:00:51 - [MESSAGE][PASSED] - Object 'Object Repository/Login/li_Profile' is present

2023-10-04 19:00:51 - [MESSAGE][PASSED] - Call Test Case 'Test Cases/T13 Pembelian, Shipment dan Pembayaran/LU-001' successfully

2023-10-04 19:00:51 - [TEST_STEP][PASSED] - mouseOver(findTestObject("beli barang/i_Mulai Belanja_icon-menu")): Object: 'Object Repository/beli barang/i_Mulai Belanja_icon-menu' is hovered

2023-10-04 19:00:51 - [MESSAGE][PASSED] - Object: 'Object Repository/beli barang/i_Mulai Belanja_icon-menu' is hovered

2023-10-04 19:00:51 - [TEST_STEP][PASSED] - click(findTestObject("beli barang/a_Fashion  Busana Wanita")): Object: 'Object Repository/beli barang/a_Fashion  Busana Wanita' is clicked on

2023-10-04 19:00:52 - [MESSAGE][PASSED] - Object: 'Object Repository/beli barang/a_Fashion  Busana Wanita' is clicked on

2023-10-04 19:00:52 - [TEST_STEP][PASSED] - NamaSebelum = getText(findTestObject("verifikasi/Nama sebelum")): Text of object 'Object Repository/verifikasi/Nama sebelum' is: ''

2023-10-04 19:00:53 - [MESSAGE][PASSED] - Text of object 'Object Repository/verifikasi/Nama sebelum' is: ''

2023-10-04 19:00:53 - [TEST_STEP][PASSED] - HargaSebelum = getText(findTestObject("verifikasi/Harga sebelum")): Text of object 'Object Repository/verifikasi/Harga sebelum' is: ''

2023-10-04 19:00:53 - [MESSAGE][PASSED] - Text of object 'Object Repository/verifikasi/Harga sebelum' is: ''

2023-10-04 19:00:53 - [TEST_STEP][PASSED] - mouseOver(findTestObject("beli barang/barang mouse over")): Object: 'Object Repository/beli barang/barang mouse over' is hovered

2023-10-04 19:00:54 - [MESSAGE][PASSED] - Object: 'Object Repository/beli barang/barang mouse over' is hovered

2023-10-04 19:00:54 - [TEST_STEP][PASSED] - click(findTestObject("beli barang/buttom add to cart")): Object: 'Object Repository/beli barang/buttom add to cart' is clicked on

2023-10-04 19:00:55 - [MESSAGE][PASSED] - Object: 'Object Repository/beli barang/buttom add to cart' is clicked on

2023-10-04 19:00:55 - [TEST_STEP][PASSED] - NamaSesudah = getText(findTestObject("verifikasi/Nama sesudah")): Text of object 'Object Repository/verifikasi/Nama sesudah' is: 'Segitiga Instan Madeira - MDB5.3 Sunset'

2023-10-04 19:00:56 - [MESSAGE][PASSED] - Text of object 'Object Repository/verifikasi/Nama sesudah' is: 'Segitiga Instan Madeira - MDB5.3 Sunset'

2023-10-04 19:00:56 - [TEST_STEP][PASSED] - HargaSesudah = getText(findTestObject("verifikasi/Harga sesudah")): Text of object 'Object Repository/verifikasi/Harga sesudah' is: 'Rp 1,299'

2023-10-04 19:00:56 - [MESSAGE][PASSED] - Text of object 'Object Repository/verifikasi/Harga sesudah' is: 'Rp 1,299'

2023-10-04 19:00:56 - [TEST_STEP][PASSED] - assert NamaSesudah.contains(NamaSebelum): null

2023-10-04 19:00:56 - [TEST_STEP][PASSED] - assert HargaSesudah.contains(HargaSebelum): null

2023-10-04 19:00:56 - [TEST_STEP][PASSED] - click(findTestObject("beli barang/Tambah Keranjang busana wanita")): Object: 'Object Repository/beli barang/Tambah Keranjang busana wanita' is clicked on

2023-10-04 19:00:57 - [MESSAGE][PASSED] - Object: 'Object Repository/beli barang/Tambah Keranjang busana wanita' is clicked on

2023-10-04 19:00:57 - [TEST_STEP][PASSED] - verifyElementPresent(findTestObject("checkout/Notifikasi keranjang"), 1): Object 'Object Repository/checkout/Notifikasi keranjang' is present

2023-10-04 19:00:57 - [MESSAGE][PASSED] - Object 'Object Repository/checkout/Notifikasi keranjang' is present

2023-10-04 19:00:57 - [TEST_STEP][PASSED] - data = new java.util.HashMap(): null

2023-10-04 19:00:57 - [TEST_STEP][PASSED] - data.put("nama_barang", NamaSesudah): null

2023-10-04 19:00:57 - [TEST_STEP][PASSED] - data.put("price_barang", HargaSesudah): null

2023-10-04 19:00:57 - [TEST_STEP][PASSED] - return data: null

2023-10-04 19:00:57 - [MESSAGE][PASSED] - Call Test Case 'Test Cases/T13 Pembelian, Shipment dan Pembayaran/PBL-001' successfully

2023-10-04 19:00:57 - [TEST_STEP][PASSED] - mouseOver(findTestObject("beli barang/keranjang")): Object: 'Object Repository/beli barang/keranjang' is hovered

2023-10-04 19:00:58 - [MESSAGE][PASSED] - Object: 'Object Repository/beli barang/keranjang' is hovered

2023-10-04 19:00:58 - [TEST_STEP][PASSED] - click(findTestObject("beli barang/Lihat Sekarang")): Object: 'Object Repository/beli barang/Lihat Sekarang' is clicked on

2023-10-04 19:00:59 - [MESSAGE][PASSED] - Object: 'Object Repository/beli barang/Lihat Sekarang' is clicked on

2023-10-04 19:00:59 - [TEST_STEP][PASSED] - verifyElementPresent(findTestObject("keranjang/li_Keranjang Belanja"), 0): Object 'Object Repository/keranjang/li_Keranjang Belanja' is present

2023-10-04 19:00:59 - [MESSAGE][WARNING] - Timeout '0' is invalid. Using default page load timeout: '30'

2023-10-04 19:01:00 - [MESSAGE][PASSED] - Object 'Object Repository/keranjang/li_Keranjang Belanja' is present

2023-10-04 19:01:00 - [TEST_STEP][PASSED] - NamaKeranjang = getText(findTestObject("verifikasi/Nama keranjang")): Text of object 'Object Repository/verifikasi/Nama keranjang' is: 'Segitiga Instan Madeira - MDB5.3 Sunset'

2023-10-04 19:01:00 - [MESSAGE][PASSED] - Text of object 'Object Repository/verifikasi/Nama keranjang' is: 'Segitiga Instan Madeira - MDB5.3 Sunset'

2023-10-04 19:01:00 - [TEST_STEP][PASSED] - HargaKeranjang = getText(findTestObject("verifikasi/Harga Keranjang")): Text of object 'Object Repository/verifikasi/Harga Keranjang' is: 'Rp 1,299'

2023-10-04 19:01:00 - [MESSAGE][PASSED] - Text of object 'Object Repository/verifikasi/Harga Keranjang' is: 'Rp 1,299'

2023-10-04 19:01:00 - [TEST_STEP][PASSED] - if (toString().equalsIgnoreCase("Merah")): Object 'Object Repository/keranjang/input_Warna_variasi101' is checked

2023-10-04 19:01:00 - [TEST_STEP][PASSED] - check(findTestObject("Object Repository/keranjang/input_Warna_variasi101")): Object 'Object Repository/keranjang/input_Warna_variasi101' is checked

2023-10-04 19:01:01 - [MESSAGE][PASSED] - Object 'Object Repository/keranjang/input_Warna_variasi101' is checked

2023-10-04 19:01:01 - [TEST_STEP][PASSED] - if (toString().equalsIgnoreCase("Menengah")): Object 'Object Repository/keranjang/input_Ukuran_variasi201' is checked

2023-10-04 19:01:01 - [TEST_STEP][PASSED] - check(findTestObject("Object Repository/keranjang/input_Ukuran_variasi201")): Object 'Object Repository/keranjang/input_Ukuran_variasi201' is checked

2023-10-04 19:01:01 - [MESSAGE][PASSED] - Object 'Object Repository/keranjang/input_Ukuran_variasi201' is checked

2023-10-04 19:01:01 - [TEST_STEP][PASSED] - data.put("Warna", warna): null

2023-10-04 19:01:01 - [TEST_STEP][PASSED] - data.put("Ukuran", ukuran): null

2023-10-04 19:01:01 - [TEST_STEP][PASSED] - click(findTestObject("keranjang/button_Lanjut ke Pembayaran")): Object: 'Object Repository/keranjang/button_Lanjut ke Pembayaran' is clicked on

2023-10-04 19:01:03 - [MESSAGE][PASSED] - Object: 'Object Repository/keranjang/button_Lanjut ke Pembayaran' is clicked on

2023-10-04 19:01:03 - [TEST_STEP][PASSED] - verifyElementPresent(findTestObject("checkout/Tittle Checkout Order"), 0): Object 'Object Repository/checkout/Tittle Checkout Order' is present

2023-10-04 19:01:03 - [MESSAGE][WARNING] - Timeout '0' is invalid. Using default page load timeout: '30'

2023-10-04 19:01:03 - [MESSAGE][PASSED] - Object 'Object Repository/checkout/Tittle Checkout Order' is present

2023-10-04 19:01:03 - [TEST_STEP][PASSED] - name_product = data.get("nama_barang"): null

2023-10-04 19:01:03 - [TEST_STEP][PASSED] - price_product = data.get("price_barang"): null

2023-10-04 19:01:03 - [TEST_STEP][PASSED] - assert name_product == NamaKeranjang: null

2023-10-04 19:01:03 - [TEST_STEP][PASSED] - assert price_product == HargaKeranjang: null

2023-10-04 19:01:03 - [TEST_STEP][PASSED] - return data: null]]></system-out>
         <system-err><![CDATA[]]></system-err>
      </testcase>
      <testcase name="Test Cases/T13 Pembelian, Shipment dan Pembayaran/PBL-003" time="23.801" classname="Test Cases/T13 Pembelian, Shipment dan Pembayaran/PBL-003" status="PASSED">
         <system-out><![CDATA[2023-10-04 19:01:03 - [TEST_CASE][PASSED] - Test Cases/T13 Pembelian, Shipment dan Pembayaran/PBL-003: Test Cases/T13 Pembelian, Shipment dan Pembayaran/PBL-003

2023-10-04 19:01:04 - [TEST_STEP][PASSED] - data = callTestCase(findTestCase("T13 Pembelian, Shipment dan Pembayaran/PBL-001"), [:], STOP_ON_FAILURE): Call Test Case 'Test Cases/T13 Pembelian, Shipment dan Pembayaran/PBL-001' successfully

2023-10-04 19:01:04 - [TEST_CASE][PASSED] - Test Cases/T13 Pembelian, Shipment dan Pembayaran/PBL-001: Test Cases/T13 Pembelian, Shipment dan Pembayaran/PBL-001

2023-10-04 19:01:04 - [TEST_STEP][PASSED] - callTestCase(findTestCase("T13 Pembelian, Shipment dan Pembayaran/LU-001"), ["username":"irfanafandi", "password":"12345irfan"], STOP_ON_FAILURE): Call Test Case 'Test Cases/T13 Pembelian, Shipment dan Pembayaran/LU-001' successfully

2023-10-04 19:01:04 - [TEST_CASE][PASSED] - Test Cases/T13 Pembelian, Shipment dan Pembayaran/LU-001: Test Cases/T13 Pembelian, Shipment dan Pembayaran/LU-001

2023-10-04 19:01:04 - [TEST_STEP][PASSED] - openBrowser("https://10.9.2.63/ecommerce/"): Browser is opened with url: 'https://10.9.2.63/ecommerce/'

2023-10-04 19:01:04 - [MESSAGE][WARNING] - A browser is already opened. Closing browser and opening a new one

2023-10-04 19:01:05 - [MESSAGE][INFO] - Starting 'Firefox' driver

2023-10-04 19:01:05 - [MESSAGE][INFO] - User set preference: ['args', '[--disable-notifications]']

2023-10-04 19:01:05 - [MESSAGE][INFO] - Action delay is set to 0 milliseconds

2023-10-04 19:01:10 - [MESSAGE][PASSED] - Browser is opened with url: 'https://10.9.2.63/ecommerce/'

2023-10-04 19:01:10 - [TEST_STEP][PASSED] - maximizeWindow(): Current window maximized

2023-10-04 19:01:10 - [MESSAGE][PASSED] - Current window maximized

2023-10-04 19:01:10 - [TEST_STEP][PASSED] - verifyElementPresent(findTestObject("Login/Home"), 0): Object 'Object Repository/Login/Home' is present

2023-10-04 19:01:10 - [MESSAGE][WARNING] - Timeout '0' is invalid. Using default page load timeout: '30'

2023-10-04 19:01:10 - [MESSAGE][PASSED] - Object 'Object Repository/Login/Home' is present

2023-10-04 19:01:10 - [TEST_STEP][PASSED] - click(findTestObject("Login/a_Login")): Object: 'Object Repository/Login/a_Login' is clicked on

2023-10-04 19:01:11 - [MESSAGE][PASSED] - Object: 'Object Repository/Login/a_Login' is clicked on

2023-10-04 19:01:11 - [TEST_STEP][PASSED] - verifyElementPresent(findTestObject("Login/Tittle Login"), 0): Object 'Object Repository/Login/Tittle Login' is present

2023-10-04 19:01:11 - [MESSAGE][WARNING] - Timeout '0' is invalid. Using default page load timeout: '30'

2023-10-04 19:01:11 - [MESSAGE][PASSED] - Object 'Object Repository/Login/Tittle Login' is present

2023-10-04 19:01:11 - [TEST_STEP][PASSED] - setText(findTestObject("Login/input_Username, Email atau No. Handphone_a"), username): Text 'irfanafandi' is set on object 'Object Repository/Login/input_Username, Email atau No. Handphone_a'

2023-10-04 19:01:12 - [MESSAGE][PASSED] - Text 'irfanafandi' is set on object 'Object Repository/Login/input_Username, Email atau No. Handphone_a'

2023-10-04 19:01:12 - [TEST_STEP][PASSED] - setText(findTestObject("Login/input_Password_b"), password): Text '12345irfan' is set on object 'Object Repository/Login/input_Password_b'

2023-10-04 19:01:13 - [MESSAGE][PASSED] - Text '12345irfan' is set on object 'Object Repository/Login/input_Password_b'

2023-10-04 19:01:13 - [TEST_STEP][PASSED] - click(findTestObject("Login/label_Ingat saya")): Object: 'Object Repository/Login/label_Ingat saya' is clicked on

2023-10-04 19:01:13 - [MESSAGE][PASSED] - Object: 'Object Repository/Login/label_Ingat saya' is clicked on

2023-10-04 19:01:13 - [TEST_STEP][PASSED] - click(findTestObject("Login/button_Masuk")): Object: 'Object Repository/Login/button_Masuk' is clicked on

2023-10-04 19:01:14 - [MESSAGE][PASSED] - Object: 'Object Repository/Login/button_Masuk' is clicked on

2023-10-04 19:01:14 - [TEST_STEP][PASSED] - verifyElementPresent(findTestObject("Login/li_Profile"), 0): Object 'Object Repository/Login/li_Profile' is present

2023-10-04 19:01:14 - [MESSAGE][WARNING] - Timeout '0' is invalid. Using default page load timeout: '30'

2023-10-04 19:01:15 - [MESSAGE][PASSED] - Object 'Object Repository/Login/li_Profile' is present

2023-10-04 19:01:15 - [MESSAGE][PASSED] - Call Test Case 'Test Cases/T13 Pembelian, Shipment dan Pembayaran/LU-001' successfully

2023-10-04 19:01:15 - [TEST_STEP][PASSED] - mouseOver(findTestObject("beli barang/i_Mulai Belanja_icon-menu")): Object: 'Object Repository/beli barang/i_Mulai Belanja_icon-menu' is hovered

2023-10-04 19:01:16 - [MESSAGE][PASSED] - Object: 'Object Repository/beli barang/i_Mulai Belanja_icon-menu' is hovered

2023-10-04 19:01:16 - [TEST_STEP][PASSED] - click(findTestObject("beli barang/a_Fashion  Busana Wanita")): Object: 'Object Repository/beli barang/a_Fashion  Busana Wanita' is clicked on

2023-10-04 19:01:17 - [MESSAGE][PASSED] - Object: 'Object Repository/beli barang/a_Fashion  Busana Wanita' is clicked on

2023-10-04 19:01:17 - [TEST_STEP][PASSED] - NamaSebelum = getText(findTestObject("verifikasi/Nama sebelum")): Text of object 'Object Repository/verifikasi/Nama sebelum' is: ''

2023-10-04 19:01:17 - [MESSAGE][PASSED] - Text of object 'Object Repository/verifikasi/Nama sebelum' is: ''

2023-10-04 19:01:17 - [TEST_STEP][PASSED] - HargaSebelum = getText(findTestObject("verifikasi/Harga sebelum")): Text of object 'Object Repository/verifikasi/Harga sebelum' is: ''

2023-10-04 19:01:18 - [MESSAGE][PASSED] - Text of object 'Object Repository/verifikasi/Harga sebelum' is: ''

2023-10-04 19:01:18 - [TEST_STEP][PASSED] - mouseOver(findTestObject("beli barang/barang mouse over")): Object: 'Object Repository/beli barang/barang mouse over' is hovered

2023-10-04 19:01:19 - [MESSAGE][PASSED] - Object: 'Object Repository/beli barang/barang mouse over' is hovered

2023-10-04 19:01:19 - [TEST_STEP][PASSED] - click(findTestObject("beli barang/buttom add to cart")): Object: 'Object Repository/beli barang/buttom add to cart' is clicked on

2023-10-04 19:01:20 - [MESSAGE][PASSED] - Object: 'Object Repository/beli barang/buttom add to cart' is clicked on

2023-10-04 19:01:20 - [TEST_STEP][PASSED] - NamaSesudah = getText(findTestObject("verifikasi/Nama sesudah")): Text of object 'Object Repository/verifikasi/Nama sesudah' is: 'Segitiga Instan Madeira - MDB5.3 Sunset'

2023-10-04 19:01:20 - [MESSAGE][PASSED] - Text of object 'Object Repository/verifikasi/Nama sesudah' is: 'Segitiga Instan Madeira - MDB5.3 Sunset'

2023-10-04 19:01:20 - [TEST_STEP][PASSED] - HargaSesudah = getText(findTestObject("verifikasi/Harga sesudah")): Text of object 'Object Repository/verifikasi/Harga sesudah' is: 'Rp 1,299'

2023-10-04 19:01:21 - [MESSAGE][PASSED] - Text of object 'Object Repository/verifikasi/Harga sesudah' is: 'Rp 1,299'

2023-10-04 19:01:21 - [TEST_STEP][PASSED] - assert NamaSesudah.contains(NamaSebelum): null

2023-10-04 19:01:21 - [TEST_STEP][PASSED] - assert HargaSesudah.contains(HargaSebelum): null

2023-10-04 19:01:21 - [TEST_STEP][PASSED] - click(findTestObject("beli barang/Tambah Keranjang busana wanita")): Object: 'Object Repository/beli barang/Tambah Keranjang busana wanita' is clicked on

2023-10-04 19:01:21 - [MESSAGE][PASSED] - Object: 'Object Repository/beli barang/Tambah Keranjang busana wanita' is clicked on

2023-10-04 19:01:21 - [TEST_STEP][PASSED] - verifyElementPresent(findTestObject("checkout/Notifikasi keranjang"), 1): Object 'Object Repository/checkout/Notifikasi keranjang' is present

2023-10-04 19:01:22 - [MESSAGE][PASSED] - Object 'Object Repository/checkout/Notifikasi keranjang' is present

2023-10-04 19:01:22 - [TEST_STEP][PASSED] - data = new java.util.HashMap(): null

2023-10-04 19:01:22 - [TEST_STEP][PASSED] - data.put("nama_barang", NamaSesudah): null

2023-10-04 19:01:22 - [TEST_STEP][PASSED] - data.put("price_barang", HargaSesudah): null

2023-10-04 19:01:22 - [TEST_STEP][PASSED] - return data: null

2023-10-04 19:01:22 - [MESSAGE][PASSED] - Call Test Case 'Test Cases/T13 Pembelian, Shipment dan Pembayaran/PBL-001' successfully

2023-10-04 19:01:22 - [TEST_STEP][PASSED] - mouseOver(findTestObject("beli barang/keranjang")): Object: 'Object Repository/beli barang/keranjang' is hovered

2023-10-04 19:01:22 - [MESSAGE][PASSED] - Object: 'Object Repository/beli barang/keranjang' is hovered

2023-10-04 19:01:22 - [TEST_STEP][PASSED] - click(findTestObject("beli barang/Lihat Sekarang")): Object: 'Object Repository/beli barang/Lihat Sekarang' is clicked on

2023-10-04 19:01:23 - [MESSAGE][PASSED] - Object: 'Object Repository/beli barang/Lihat Sekarang' is clicked on

2023-10-04 19:01:23 - [TEST_STEP][PASSED] - verifyElementPresent(findTestObject("keranjang/li_Keranjang Belanja"), 0): Object 'Object Repository/keranjang/li_Keranjang Belanja' is present

2023-10-04 19:01:23 - [MESSAGE][WARNING] - Timeout '0' is invalid. Using default page load timeout: '30'

2023-10-04 19:01:24 - [MESSAGE][PASSED] - Object 'Object Repository/keranjang/li_Keranjang Belanja' is present

2023-10-04 19:01:24 - [TEST_STEP][PASSED] - NamaKeranjang = getText(findTestObject("verifikasi/Nama keranjang")): Text of object 'Object Repository/verifikasi/Nama keranjang' is: 'Segitiga Instan Madeira - MDB5.3 Sunset'

2023-10-04 19:01:25 - [MESSAGE][PASSED] - Text of object 'Object Repository/verifikasi/Nama keranjang' is: 'Segitiga Instan Madeira - MDB5.3 Sunset'

2023-10-04 19:01:25 - [TEST_STEP][PASSED] - HargaKeranjang = getText(findTestObject("verifikasi/Harga Keranjang")): Text of object 'Object Repository/verifikasi/Harga Keranjang' is: 'Rp 1,299'

2023-10-04 19:01:25 - [MESSAGE][PASSED] - Text of object 'Object Repository/verifikasi/Harga Keranjang' is: 'Rp 1,299'

2023-10-04 19:01:25 - [TEST_STEP][PASSED] - click(findTestObject("keranjang/button_Lanjut ke Pembayaran")): Object: 'Object Repository/keranjang/button_Lanjut ke Pembayaran' is clicked on

2023-10-04 19:01:26 - [MESSAGE][PASSED] - Object: 'Object Repository/keranjang/button_Lanjut ke Pembayaran' is clicked on

2023-10-04 19:01:26 - [TEST_STEP][PASSED] - verifyElementPresent(findTestObject("checkout/Tittle Checkout Order"), 0): Object 'Object Repository/checkout/Tittle Checkout Order' is present

2023-10-04 19:01:27 - [MESSAGE][WARNING] - Timeout '0' is invalid. Using default page load timeout: '30'

2023-10-04 19:01:27 - [MESSAGE][PASSED] - Object 'Object Repository/checkout/Tittle Checkout Order' is present

2023-10-04 19:01:27 - [TEST_STEP][PASSED] - name_product = data.get("nama_barang"): null

2023-10-04 19:01:27 - [TEST_STEP][PASSED] - price_product = data.get("price_barang"): null

2023-10-04 19:01:27 - [TEST_STEP][PASSED] - assert name_product == NamaKeranjang: null

2023-10-04 19:01:27 - [TEST_STEP][PASSED] - assert price_product == HargaKeranjang: null

2023-10-04 19:01:27 - [TEST_STEP][PASSED] - return data: null]]></system-out>
         <system-err><![CDATA[]]></system-err>
      </testcase>
      <testcase name="Test Cases/T13 Pembelian, Shipment dan Pembayaran/PBL-004" time="39.79" classname="Test Cases/T13 Pembelian, Shipment dan Pembayaran/PBL-004" status="PASSED">
         <system-out><![CDATA[2023-10-04 19:01:27 - [TEST_CASE][PASSED] - Test Cases/T13 Pembelian, Shipment dan Pembayaran/PBL-004: Test Cases/T13 Pembelian, Shipment dan Pembayaran/PBL-004

2023-10-04 19:01:28 - [TEST_STEP][PASSED] - data = callTestCase(findTestCase("T13 Pembelian, Shipment dan Pembayaran/PBL-002"), [:], STOP_ON_FAILURE): Call Test Case 'Test Cases/T13 Pembelian, Shipment dan Pembayaran/PBL-002' successfully

2023-10-04 19:01:28 - [TEST_CASE][PASSED] - Test Cases/T13 Pembelian, Shipment dan Pembayaran/PBL-002: Test Cases/T13 Pembelian, Shipment dan Pembayaran/PBL-002

2023-10-04 19:01:28 - [TEST_STEP][PASSED] - data = callTestCase(findTestCase("T13 Pembelian, Shipment dan Pembayaran/PBL-001"), [:], STOP_ON_FAILURE): Call Test Case 'Test Cases/T13 Pembelian, Shipment dan Pembayaran/PBL-001' successfully

2023-10-04 19:01:28 - [TEST_CASE][PASSED] - Test Cases/T13 Pembelian, Shipment dan Pembayaran/PBL-001: Test Cases/T13 Pembelian, Shipment dan Pembayaran/PBL-001

2023-10-04 19:01:28 - [TEST_STEP][PASSED] - callTestCase(findTestCase("T13 Pembelian, Shipment dan Pembayaran/LU-001"), ["username":"irfanafandi", "password":"12345irfan"], STOP_ON_FAILURE): Call Test Case 'Test Cases/T13 Pembelian, Shipment dan Pembayaran/LU-001' successfully

2023-10-04 19:01:28 - [TEST_CASE][PASSED] - Test Cases/T13 Pembelian, Shipment dan Pembayaran/LU-001: Test Cases/T13 Pembelian, Shipment dan Pembayaran/LU-001

2023-10-04 19:01:28 - [TEST_STEP][PASSED] - openBrowser("https://10.9.2.63/ecommerce/"): Browser is opened with url: 'https://10.9.2.63/ecommerce/'

2023-10-04 19:01:28 - [MESSAGE][WARNING] - A browser is already opened. Closing browser and opening a new one

2023-10-04 19:01:29 - [MESSAGE][INFO] - Starting 'Firefox' driver

2023-10-04 19:01:29 - [MESSAGE][INFO] - User set preference: ['args', '[--disable-notifications]']

2023-10-04 19:01:29 - [MESSAGE][INFO] - Action delay is set to 0 milliseconds

2023-10-04 19:01:34 - [MESSAGE][PASSED] - Browser is opened with url: 'https://10.9.2.63/ecommerce/'

2023-10-04 19:01:34 - [TEST_STEP][PASSED] - maximizeWindow(): Current window maximized

2023-10-04 19:01:34 - [MESSAGE][PASSED] - Current window maximized

2023-10-04 19:01:34 - [TEST_STEP][PASSED] - verifyElementPresent(findTestObject("Login/Home"), 0): Object 'Object Repository/Login/Home' is present

2023-10-04 19:01:34 - [MESSAGE][WARNING] - Timeout '0' is invalid. Using default page load timeout: '30'

2023-10-04 19:01:35 - [MESSAGE][PASSED] - Object 'Object Repository/Login/Home' is present

2023-10-04 19:01:35 - [TEST_STEP][PASSED] - click(findTestObject("Login/a_Login")): Object: 'Object Repository/Login/a_Login' is clicked on

2023-10-04 19:01:35 - [MESSAGE][PASSED] - Object: 'Object Repository/Login/a_Login' is clicked on

2023-10-04 19:01:35 - [TEST_STEP][PASSED] - verifyElementPresent(findTestObject("Login/Tittle Login"), 0): Object 'Object Repository/Login/Tittle Login' is present

2023-10-04 19:01:35 - [MESSAGE][WARNING] - Timeout '0' is invalid. Using default page load timeout: '30'

2023-10-04 19:01:36 - [MESSAGE][PASSED] - Object 'Object Repository/Login/Tittle Login' is present

2023-10-04 19:01:36 - [TEST_STEP][PASSED] - setText(findTestObject("Login/input_Username, Email atau No. Handphone_a"), username): Text 'irfanafandi' is set on object 'Object Repository/Login/input_Username, Email atau No. Handphone_a'

2023-10-04 19:01:36 - [MESSAGE][PASSED] - Text 'irfanafandi' is set on object 'Object Repository/Login/input_Username, Email atau No. Handphone_a'

2023-10-04 19:01:36 - [TEST_STEP][PASSED] - setText(findTestObject("Login/input_Password_b"), password): Text '12345irfan' is set on object 'Object Repository/Login/input_Password_b'

2023-10-04 19:01:37 - [MESSAGE][PASSED] - Text '12345irfan' is set on object 'Object Repository/Login/input_Password_b'

2023-10-04 19:01:37 - [TEST_STEP][PASSED] - click(findTestObject("Login/label_Ingat saya")): Object: 'Object Repository/Login/label_Ingat saya' is clicked on

2023-10-04 19:01:38 - [MESSAGE][PASSED] - Object: 'Object Repository/Login/label_Ingat saya' is clicked on

2023-10-04 19:01:38 - [TEST_STEP][PASSED] - click(findTestObject("Login/button_Masuk")): Object: 'Object Repository/Login/button_Masuk' is clicked on

2023-10-04 19:01:39 - [MESSAGE][PASSED] - Object: 'Object Repository/Login/button_Masuk' is clicked on

2023-10-04 19:01:39 - [TEST_STEP][PASSED] - verifyElementPresent(findTestObject("Login/li_Profile"), 0): Object 'Object Repository/Login/li_Profile' is present

2023-10-04 19:01:39 - [MESSAGE][WARNING] - Timeout '0' is invalid. Using default page load timeout: '30'

2023-10-04 19:01:39 - [MESSAGE][PASSED] - Object 'Object Repository/Login/li_Profile' is present

2023-10-04 19:01:39 - [MESSAGE][PASSED] - Call Test Case 'Test Cases/T13 Pembelian, Shipment dan Pembayaran/LU-001' successfully

2023-10-04 19:01:39 - [TEST_STEP][PASSED] - mouseOver(findTestObject("beli barang/i_Mulai Belanja_icon-menu")): Object: 'Object Repository/beli barang/i_Mulai Belanja_icon-menu' is hovered

2023-10-04 19:01:40 - [MESSAGE][PASSED] - Object: 'Object Repository/beli barang/i_Mulai Belanja_icon-menu' is hovered

2023-10-04 19:01:40 - [TEST_STEP][PASSED] - click(findTestObject("beli barang/a_Fashion  Busana Wanita")): Object: 'Object Repository/beli barang/a_Fashion  Busana Wanita' is clicked on

2023-10-04 19:01:41 - [MESSAGE][PASSED] - Object: 'Object Repository/beli barang/a_Fashion  Busana Wanita' is clicked on

2023-10-04 19:01:41 - [TEST_STEP][PASSED] - NamaSebelum = getText(findTestObject("verifikasi/Nama sebelum")): Text of object 'Object Repository/verifikasi/Nama sebelum' is: ''

2023-10-04 19:01:42 - [MESSAGE][PASSED] - Text of object 'Object Repository/verifikasi/Nama sebelum' is: ''

2023-10-04 19:01:42 - [TEST_STEP][PASSED] - HargaSebelum = getText(findTestObject("verifikasi/Harga sebelum")): Text of object 'Object Repository/verifikasi/Harga sebelum' is: 'Rp 1,299'

2023-10-04 19:01:42 - [MESSAGE][PASSED] - Text of object 'Object Repository/verifikasi/Harga sebelum' is: 'Rp 1,299'

2023-10-04 19:01:42 - [TEST_STEP][PASSED] - mouseOver(findTestObject("beli barang/barang mouse over")): Object: 'Object Repository/beli barang/barang mouse over' is hovered

2023-10-04 19:01:43 - [MESSAGE][PASSED] - Object: 'Object Repository/beli barang/barang mouse over' is hovered

2023-10-04 19:01:43 - [TEST_STEP][PASSED] - click(findTestObject("beli barang/buttom add to cart")): Object: 'Object Repository/beli barang/buttom add to cart' is clicked on

2023-10-04 19:01:44 - [MESSAGE][PASSED] - Object: 'Object Repository/beli barang/buttom add to cart' is clicked on

2023-10-04 19:01:44 - [TEST_STEP][PASSED] - NamaSesudah = getText(findTestObject("verifikasi/Nama sesudah")): Text of object 'Object Repository/verifikasi/Nama sesudah' is: 'Segitiga Instan Madeira - MDB5.3 Sunset'

2023-10-04 19:01:44 - [MESSAGE][PASSED] - Text of object 'Object Repository/verifikasi/Nama sesudah' is: 'Segitiga Instan Madeira - MDB5.3 Sunset'

2023-10-04 19:01:44 - [TEST_STEP][PASSED] - HargaSesudah = getText(findTestObject("verifikasi/Harga sesudah")): Text of object 'Object Repository/verifikasi/Harga sesudah' is: 'Rp 1,299'

2023-10-04 19:01:45 - [MESSAGE][PASSED] - Text of object 'Object Repository/verifikasi/Harga sesudah' is: 'Rp 1,299'

2023-10-04 19:01:45 - [TEST_STEP][PASSED] - assert NamaSesudah.contains(NamaSebelum): null

2023-10-04 19:01:45 - [TEST_STEP][PASSED] - assert HargaSesudah.contains(HargaSebelum): null

2023-10-04 19:01:45 - [TEST_STEP][PASSED] - click(findTestObject("beli barang/Tambah Keranjang busana wanita")): Object: 'Object Repository/beli barang/Tambah Keranjang busana wanita' is clicked on

2023-10-04 19:01:45 - [MESSAGE][PASSED] - Object: 'Object Repository/beli barang/Tambah Keranjang busana wanita' is clicked on

2023-10-04 19:01:45 - [TEST_STEP][PASSED] - verifyElementPresent(findTestObject("checkout/Notifikasi keranjang"), 1): Object 'Object Repository/checkout/Notifikasi keranjang' is present

2023-10-04 19:01:46 - [MESSAGE][PASSED] - Object 'Object Repository/checkout/Notifikasi keranjang' is present

2023-10-04 19:01:46 - [TEST_STEP][PASSED] - data = new java.util.HashMap(): null

2023-10-04 19:01:46 - [TEST_STEP][PASSED] - data.put("nama_barang", NamaSesudah): null

2023-10-04 19:01:46 - [TEST_STEP][PASSED] - data.put("price_barang", HargaSesudah): null

2023-10-04 19:01:46 - [TEST_STEP][PASSED] - return data: null

2023-10-04 19:01:46 - [MESSAGE][PASSED] - Call Test Case 'Test Cases/T13 Pembelian, Shipment dan Pembayaran/PBL-001' successfully

2023-10-04 19:01:46 - [TEST_STEP][PASSED] - mouseOver(findTestObject("beli barang/keranjang")): Object: 'Object Repository/beli barang/keranjang' is hovered

2023-10-04 19:01:46 - [MESSAGE][PASSED] - Object: 'Object Repository/beli barang/keranjang' is hovered

2023-10-04 19:01:46 - [TEST_STEP][PASSED] - click(findTestObject("beli barang/Lihat Sekarang")): Object: 'Object Repository/beli barang/Lihat Sekarang' is clicked on

2023-10-04 19:01:47 - [MESSAGE][PASSED] - Object: 'Object Repository/beli barang/Lihat Sekarang' is clicked on

2023-10-04 19:01:47 - [TEST_STEP][PASSED] - verifyElementPresent(findTestObject("keranjang/li_Keranjang Belanja"), 0): Object 'Object Repository/keranjang/li_Keranjang Belanja' is present

2023-10-04 19:01:47 - [MESSAGE][WARNING] - Timeout '0' is invalid. Using default page load timeout: '30'

2023-10-04 19:01:48 - [MESSAGE][PASSED] - Object 'Object Repository/keranjang/li_Keranjang Belanja' is present

2023-10-04 19:01:48 - [TEST_STEP][PASSED] - NamaKeranjang = getText(findTestObject("verifikasi/Nama keranjang")): Text of object 'Object Repository/verifikasi/Nama keranjang' is: 'Segitiga Instan Madeira - MDB5.3 Sunset'

2023-10-04 19:01:48 - [MESSAGE][PASSED] - Text of object 'Object Repository/verifikasi/Nama keranjang' is: 'Segitiga Instan Madeira - MDB5.3 Sunset'

2023-10-04 19:01:48 - [TEST_STEP][PASSED] - HargaKeranjang = getText(findTestObject("verifikasi/Harga Keranjang")): Text of object 'Object Repository/verifikasi/Harga Keranjang' is: 'Rp 1,299'

2023-10-04 19:01:49 - [MESSAGE][PASSED] - Text of object 'Object Repository/verifikasi/Harga Keranjang' is: 'Rp 1,299'

2023-10-04 19:01:49 - [TEST_STEP][PASSED] - if (toString().equalsIgnoreCase("Merah")): Object 'Object Repository/keranjang/input_Warna_variasi101' is checked

2023-10-04 19:01:49 - [TEST_STEP][PASSED] - check(findTestObject("Object Repository/keranjang/input_Warna_variasi101")): Object 'Object Repository/keranjang/input_Warna_variasi101' is checked

2023-10-04 19:01:49 - [MESSAGE][PASSED] - Object 'Object Repository/keranjang/input_Warna_variasi101' is checked

2023-10-04 19:01:49 - [TEST_STEP][PASSED] - if (toString().equalsIgnoreCase("Menengah")): Object 'Object Repository/keranjang/input_Ukuran_variasi201' is checked

2023-10-04 19:01:49 - [TEST_STEP][PASSED] - check(findTestObject("Object Repository/keranjang/input_Ukuran_variasi201")): Object 'Object Repository/keranjang/input_Ukuran_variasi201' is checked

2023-10-04 19:01:50 - [MESSAGE][PASSED] - Object 'Object Repository/keranjang/input_Ukuran_variasi201' is checked

2023-10-04 19:01:50 - [TEST_STEP][PASSED] - data.put("Warna", warna): null

2023-10-04 19:01:50 - [TEST_STEP][PASSED] - data.put("Ukuran", ukuran): null

2023-10-04 19:01:50 - [TEST_STEP][PASSED] - click(findTestObject("keranjang/button_Lanjut ke Pembayaran")): Object: 'Object Repository/keranjang/button_Lanjut ke Pembayaran' is clicked on

2023-10-04 19:01:51 - [MESSAGE][PASSED] - Object: 'Object Repository/keranjang/button_Lanjut ke Pembayaran' is clicked on

2023-10-04 19:01:51 - [TEST_STEP][PASSED] - verifyElementPresent(findTestObject("checkout/Tittle Checkout Order"), 0): Object 'Object Repository/checkout/Tittle Checkout Order' is present

2023-10-04 19:01:51 - [MESSAGE][WARNING] - Timeout '0' is invalid. Using default page load timeout: '30'

2023-10-04 19:01:52 - [MESSAGE][PASSED] - Object 'Object Repository/checkout/Tittle Checkout Order' is present

2023-10-04 19:01:52 - [TEST_STEP][PASSED] - name_product = data.get("nama_barang"): null

2023-10-04 19:01:52 - [TEST_STEP][PASSED] - price_product = data.get("price_barang"): null

2023-10-04 19:01:52 - [TEST_STEP][PASSED] - assert name_product == NamaKeranjang: null

2023-10-04 19:01:52 - [TEST_STEP][PASSED] - assert price_product == HargaKeranjang: null

2023-10-04 19:01:52 - [TEST_STEP][PASSED] - return data: null

2023-10-04 19:01:52 - [MESSAGE][PASSED] - Call Test Case 'Test Cases/T13 Pembelian, Shipment dan Pembayaran/PBL-002' successfully

2023-10-04 19:01:52 - [TEST_STEP][PASSED] - warnaa = getText(findTestObject("verifikasi/warna Merah")): Text of object 'Object Repository/verifikasi/warna Merah' is: 'Merah'

2023-10-04 19:01:52 - [MESSAGE][PASSED] - Text of object 'Object Repository/verifikasi/warna Merah' is: 'Merah'

2023-10-04 19:01:52 - [TEST_STEP][PASSED] - ukurann = getText(findTestObject("verifikasi/Ukuran Menengah")): Text of object 'Object Repository/verifikasi/Ukuran Menengah' is: 'Menengah'

2023-10-04 19:01:52 - [MESSAGE][PASSED] - Text of object 'Object Repository/verifikasi/Ukuran Menengah' is: 'Menengah'

2023-10-04 19:01:52 - [TEST_STEP][PASSED] - warna1 = data.get("Warna"): null

2023-10-04 19:01:52 - [TEST_STEP][PASSED] - ukuran1 = data.get("Ukuran"): null

2023-10-04 19:01:52 - [TEST_STEP][PASSED] - assert warnaa == warna1: null

2023-10-04 19:01:52 - [TEST_STEP][PASSED] - assert ukurann == ukuran1: null

2023-10-04 19:01:52 - [TEST_STEP][PASSED] - NamaCheckout = getText(findTestObject("verifikasi/NamaCheckout")): Text of object 'Object Repository/verifikasi/NamaCheckout' is: ''

2023-10-04 19:01:53 - [MESSAGE][PASSED] - Text of object 'Object Repository/verifikasi/NamaCheckout' is: ''

2023-10-04 19:01:53 - [TEST_STEP][PASSED] - HargaCheckout = getText(findTestObject("verifikasi/HargaCheckout")): Text of object 'Object Repository/verifikasi/HargaCheckout' is: '1,299'

2023-10-04 19:01:53 - [MESSAGE][PASSED] - Text of object 'Object Repository/verifikasi/HargaCheckout' is: '1,299'

2023-10-04 19:01:53 - [TEST_STEP][PASSED] - name_product = data.get("nama_barang"): null

2023-10-04 19:01:53 - [TEST_STEP][PASSED] - price_product = data.get("price_barang"): null

2023-10-04 19:01:53 - [TEST_STEP][PASSED] - assert name_product.contains(NamaCheckout): null

2023-10-04 19:01:53 - [TEST_STEP][PASSED] - assert price_product.contains(HargaCheckout): null

2023-10-04 19:01:53 - [TEST_STEP][PASSED] - selectOptionByLabel(findTestObject("checkout/select - Kirim via Kurir Lokal"), Kurir, false): All options with label 'Roda 2' are selected in object 'Object Repository/checkout/select - Kirim via Kurir Lokal' 

2023-10-04 19:01:54 - [MESSAGE][PASSED] - All options with label 'Roda 2' are selected in object 'Object Repository/checkout/select - Kirim via Kurir Lokal' 

2023-10-04 19:01:54 - [TEST_STEP][PASSED] - click(findTestObject("checkout/Kendaraan Kurir")): Object: 'Object Repository/checkout/Kendaraan Kurir' is clicked on

2023-10-04 19:01:54 - [MESSAGE][PASSED] - Object: 'Object Repository/checkout/Kendaraan Kurir' is clicked on

2023-10-04 19:01:54 - [TEST_STEP][PASSED] - OngkosKirim = getText(findTestObject("Object Repository/verifikasi/Ongkos Kirim checkout")): Text of object 'Object Repository/verifikasi/Ongkos Kirim checkout' is: 'Rp. 5,000'

2023-10-04 19:01:55 - [MESSAGE][PASSED] - Text of object 'Object Repository/verifikasi/Ongkos Kirim checkout' is: 'Rp. 5,000'

2023-10-04 19:01:55 - [TEST_STEP][PASSED] - Ongkos = OngkosKirim.substring(3, OngkosKirim.size()): null

2023-10-04 19:01:55 - [TEST_STEP][PASSED] - rep = Ongkos.replace(",", "."): null

2023-10-04 19:01:55 - [TEST_STEP][PASSED] - Ongkos_kirim = Double.parseDouble(rep): null

2023-10-04 19:01:55 - [TEST_STEP][PASSED] - println(Ongkos_kirim): null

2023-10-04 19:01:55 - [TEST_STEP][PASSED] - FeeAdmin = getText(findTestObject("verifikasi/Fee Admin checkout")): Text of object 'Object Repository/verifikasi/Fee Admin checkout' is: 'Fee Admin
Rp 1,500'

2023-10-04 19:01:55 - [MESSAGE][PASSED] - Text of object 'Object Repository/verifikasi/Fee Admin checkout' is: 'Fee Admin
Rp 1,500'

2023-10-04 19:01:55 - [TEST_STEP][PASSED] - Fee_Admin = FeeAdmin.substring(12, FeeAdmin.size()): null

2023-10-04 19:01:55 - [TEST_STEP][PASSED] - fee = Fee_Admin.replace(",", "."): null

2023-10-04 19:01:55 - [TEST_STEP][PASSED] - fee_admin = Double.parseDouble(fee): null

2023-10-04 19:01:55 - [TEST_STEP][PASSED] - println(fee_admin): null

2023-10-04 19:01:55 - [TEST_STEP][PASSED] - Subtotal = getText(findTestObject("verifikasi/subtotal checkout")): Text of object 'Object Repository/verifikasi/subtotal checkout' is: 'Subtotal
Rp 1,299'

2023-10-04 19:01:55 - [MESSAGE][PASSED] - Text of object 'Object Repository/verifikasi/subtotal checkout' is: 'Subtotal
Rp 1,299'

2023-10-04 19:01:55 - [TEST_STEP][PASSED] - sub_total = Subtotal.substring(12, Subtotal.size()): null

2023-10-04 19:01:56 - [TEST_STEP][PASSED] - sub = sub_total.replace(",", "."): null

2023-10-04 19:01:56 - [TEST_STEP][PASSED] - sub_total = Double.parseDouble(sub): null

2023-10-04 19:01:56 - [TEST_STEP][PASSED] - println(sub_total): null

2023-10-04 19:01:56 - [TEST_STEP][PASSED] - Total = getText(findTestObject("verifikasi/Total checkout")): Text of object 'Object Repository/verifikasi/Total checkout' is: 'Rp 7,799'

2023-10-04 19:01:56 - [MESSAGE][PASSED] - Text of object 'Object Repository/verifikasi/Total checkout' is: 'Rp 7,799'

2023-10-04 19:01:56 - [TEST_STEP][PASSED] - totall = Total.substring(3, Total.size()): null

2023-10-04 19:01:56 - [TEST_STEP][PASSED] - total = totall.replace(",", "."): null

2023-10-04 19:01:56 - [TEST_STEP][PASSED] - totall = Double.parseDouble(total): null

2023-10-04 19:01:56 - [TEST_STEP][PASSED] - println(totall): null

2023-10-04 19:01:56 - [TEST_STEP][PASSED] - Total_Harga = Ongkos_kirim + fee_admin + sub_total: null

2023-10-04 19:01:56 - [TEST_STEP][PASSED] - println(Total_Harga): null

2023-10-04 19:01:56 - [TEST_STEP][PASSED] - TotalHarga = Math.round(Total_Harga * 1000) / 1000: null

2023-10-04 19:01:56 - [TEST_STEP][PASSED] - println(TotalHarga): null

2023-10-04 19:01:56 - [TEST_STEP][PASSED] - assert totall == TotalHarga: null

2023-10-04 19:01:56 - [TEST_STEP][PASSED] - click(findTestObject("verifikasi/Metode Transfer")): Object: 'Object Repository/verifikasi/Metode Transfer' is clicked on

2023-10-04 19:01:57 - [MESSAGE][PASSED] - Object: 'Object Repository/verifikasi/Metode Transfer' is clicked on

2023-10-04 19:01:57 - [TEST_STEP][PASSED] - click(findTestObject("checkout/button_Proses Pembayaran")): Object: 'Object Repository/checkout/button_Proses Pembayaran' is clicked on

2023-10-04 19:02:02 - [MESSAGE][PASSED] - Object: 'Object Repository/checkout/button_Proses Pembayaran' is clicked on

2023-10-04 19:02:02 - [TEST_STEP][PASSED] - verifyElementPresent(findTestObject("pembayaran/Tittle nomor invoice"), 0): Object 'Object Repository/pembayaran/Tittle nomor invoice' is present

2023-10-04 19:02:02 - [MESSAGE][WARNING] - Timeout '0' is invalid. Using default page load timeout: '30'

2023-10-04 19:02:07 - [MESSAGE][PASSED] - Object 'Object Repository/pembayaran/Tittle nomor invoice' is present

2023-10-04 19:02:07 - [TEST_STEP][PASSED] - return data: null]]></system-out>
         <system-err><![CDATA[]]></system-err>
      </testcase>
      <testcase name="Test Cases/T13 Pembelian, Shipment dan Pembayaran/PBL-005" time="41.33" classname="Test Cases/T13 Pembelian, Shipment dan Pembayaran/PBL-005" status="PASSED">
         <system-out><![CDATA[2023-10-04 19:02:07 - [TEST_CASE][PASSED] - Test Cases/T13 Pembelian, Shipment dan Pembayaran/PBL-005: Test Cases/T13 Pembelian, Shipment dan Pembayaran/PBL-005

2023-10-04 19:02:08 - [TEST_STEP][PASSED] - data = callTestCase(findTestCase("T13 Pembelian, Shipment dan Pembayaran/PBL-002"), [:], STOP_ON_FAILURE): Call Test Case 'Test Cases/T13 Pembelian, Shipment dan Pembayaran/PBL-002' successfully

2023-10-04 19:02:08 - [TEST_CASE][PASSED] - Test Cases/T13 Pembelian, Shipment dan Pembayaran/PBL-002: Test Cases/T13 Pembelian, Shipment dan Pembayaran/PBL-002

2023-10-04 19:02:08 - [TEST_STEP][PASSED] - data = callTestCase(findTestCase("T13 Pembelian, Shipment dan Pembayaran/PBL-001"), [:], STOP_ON_FAILURE): Call Test Case 'Test Cases/T13 Pembelian, Shipment dan Pembayaran/PBL-001' successfully

2023-10-04 19:02:08 - [TEST_CASE][PASSED] - Test Cases/T13 Pembelian, Shipment dan Pembayaran/PBL-001: Test Cases/T13 Pembelian, Shipment dan Pembayaran/PBL-001

2023-10-04 19:02:08 - [TEST_STEP][PASSED] - callTestCase(findTestCase("T13 Pembelian, Shipment dan Pembayaran/LU-001"), ["username":"irfanafandi", "password":"12345irfan"], STOP_ON_FAILURE): Call Test Case 'Test Cases/T13 Pembelian, Shipment dan Pembayaran/LU-001' successfully

2023-10-04 19:02:08 - [TEST_CASE][PASSED] - Test Cases/T13 Pembelian, Shipment dan Pembayaran/LU-001: Test Cases/T13 Pembelian, Shipment dan Pembayaran/LU-001

2023-10-04 19:02:08 - [TEST_STEP][PASSED] - openBrowser("https://10.9.2.63/ecommerce/"): Browser is opened with url: 'https://10.9.2.63/ecommerce/'

2023-10-04 19:02:08 - [MESSAGE][WARNING] - A browser is already opened. Closing browser and opening a new one

2023-10-04 19:02:10 - [MESSAGE][INFO] - Starting 'Firefox' driver

2023-10-04 19:02:10 - [MESSAGE][INFO] - User set preference: ['args', '[--disable-notifications]']

2023-10-04 19:02:10 - [MESSAGE][INFO] - Action delay is set to 0 milliseconds

2023-10-04 19:02:15 - [MESSAGE][PASSED] - Browser is opened with url: 'https://10.9.2.63/ecommerce/'

2023-10-04 19:02:15 - [TEST_STEP][PASSED] - maximizeWindow(): Current window maximized

2023-10-04 19:02:15 - [MESSAGE][PASSED] - Current window maximized

2023-10-04 19:02:15 - [TEST_STEP][PASSED] - verifyElementPresent(findTestObject("Login/Home"), 0): Object 'Object Repository/Login/Home' is present

2023-10-04 19:02:15 - [MESSAGE][WARNING] - Timeout '0' is invalid. Using default page load timeout: '30'

2023-10-04 19:02:15 - [MESSAGE][PASSED] - Object 'Object Repository/Login/Home' is present

2023-10-04 19:02:15 - [TEST_STEP][PASSED] - click(findTestObject("Login/a_Login")): Object: 'Object Repository/Login/a_Login' is clicked on

2023-10-04 19:02:16 - [MESSAGE][PASSED] - Object: 'Object Repository/Login/a_Login' is clicked on

2023-10-04 19:02:16 - [TEST_STEP][PASSED] - verifyElementPresent(findTestObject("Login/Tittle Login"), 0): Object 'Object Repository/Login/Tittle Login' is present

2023-10-04 19:02:16 - [MESSAGE][WARNING] - Timeout '0' is invalid. Using default page load timeout: '30'

2023-10-04 19:02:16 - [MESSAGE][PASSED] - Object 'Object Repository/Login/Tittle Login' is present

2023-10-04 19:02:16 - [TEST_STEP][PASSED] - setText(findTestObject("Login/input_Username, Email atau No. Handphone_a"), username): Text 'irfanafandi' is set on object 'Object Repository/Login/input_Username, Email atau No. Handphone_a'

2023-10-04 19:02:17 - [MESSAGE][PASSED] - Text 'irfanafandi' is set on object 'Object Repository/Login/input_Username, Email atau No. Handphone_a'

2023-10-04 19:02:17 - [TEST_STEP][PASSED] - setText(findTestObject("Login/input_Password_b"), password): Text '12345irfan' is set on object 'Object Repository/Login/input_Password_b'

2023-10-04 19:02:17 - [MESSAGE][PASSED] - Text '12345irfan' is set on object 'Object Repository/Login/input_Password_b'

2023-10-04 19:02:17 - [TEST_STEP][PASSED] - click(findTestObject("Login/label_Ingat saya")): Object: 'Object Repository/Login/label_Ingat saya' is clicked on

2023-10-04 19:02:18 - [MESSAGE][PASSED] - Object: 'Object Repository/Login/label_Ingat saya' is clicked on

2023-10-04 19:02:18 - [TEST_STEP][PASSED] - click(findTestObject("Login/button_Masuk")): Object: 'Object Repository/Login/button_Masuk' is clicked on

2023-10-04 19:02:19 - [MESSAGE][PASSED] - Object: 'Object Repository/Login/button_Masuk' is clicked on

2023-10-04 19:02:19 - [TEST_STEP][PASSED] - verifyElementPresent(findTestObject("Login/li_Profile"), 0): Object 'Object Repository/Login/li_Profile' is present

2023-10-04 19:02:19 - [MESSAGE][WARNING] - Timeout '0' is invalid. Using default page load timeout: '30'

2023-10-04 19:02:20 - [MESSAGE][PASSED] - Object 'Object Repository/Login/li_Profile' is present

2023-10-04 19:02:20 - [MESSAGE][PASSED] - Call Test Case 'Test Cases/T13 Pembelian, Shipment dan Pembayaran/LU-001' successfully

2023-10-04 19:02:20 - [TEST_STEP][PASSED] - mouseOver(findTestObject("beli barang/i_Mulai Belanja_icon-menu")): Object: 'Object Repository/beli barang/i_Mulai Belanja_icon-menu' is hovered

2023-10-04 19:02:20 - [MESSAGE][PASSED] - Object: 'Object Repository/beli barang/i_Mulai Belanja_icon-menu' is hovered

2023-10-04 19:02:20 - [TEST_STEP][PASSED] - click(findTestObject("beli barang/a_Fashion  Busana Wanita")): Object: 'Object Repository/beli barang/a_Fashion  Busana Wanita' is clicked on

2023-10-04 19:02:21 - [MESSAGE][PASSED] - Object: 'Object Repository/beli barang/a_Fashion  Busana Wanita' is clicked on

2023-10-04 19:02:21 - [TEST_STEP][PASSED] - NamaSebelum = getText(findTestObject("verifikasi/Nama sebelum")): Text of object 'Object Repository/verifikasi/Nama sebelum' is: ''

2023-10-04 19:02:22 - [MESSAGE][PASSED] - Text of object 'Object Repository/verifikasi/Nama sebelum' is: ''

2023-10-04 19:02:22 - [TEST_STEP][PASSED] - HargaSebelum = getText(findTestObject("verifikasi/Harga sebelum")): Text of object 'Object Repository/verifikasi/Harga sebelum' is: 'Rp 1,299'

2023-10-04 19:02:22 - [MESSAGE][PASSED] - Text of object 'Object Repository/verifikasi/Harga sebelum' is: 'Rp 1,299'

2023-10-04 19:02:22 - [TEST_STEP][PASSED] - mouseOver(findTestObject("beli barang/barang mouse over")): Object: 'Object Repository/beli barang/barang mouse over' is hovered

2023-10-04 19:02:23 - [MESSAGE][PASSED] - Object: 'Object Repository/beli barang/barang mouse over' is hovered

2023-10-04 19:02:23 - [TEST_STEP][PASSED] - click(findTestObject("beli barang/buttom add to cart")): Object: 'Object Repository/beli barang/buttom add to cart' is clicked on

2023-10-04 19:02:24 - [MESSAGE][PASSED] - Object: 'Object Repository/beli barang/buttom add to cart' is clicked on

2023-10-04 19:02:24 - [TEST_STEP][PASSED] - NamaSesudah = getText(findTestObject("verifikasi/Nama sesudah")): Text of object 'Object Repository/verifikasi/Nama sesudah' is: 'Segitiga Instan Madeira - MDB5.3 Sunset'

2023-10-04 19:02:25 - [MESSAGE][PASSED] - Text of object 'Object Repository/verifikasi/Nama sesudah' is: 'Segitiga Instan Madeira - MDB5.3 Sunset'

2023-10-04 19:02:25 - [TEST_STEP][PASSED] - HargaSesudah = getText(findTestObject("verifikasi/Harga sesudah")): Text of object 'Object Repository/verifikasi/Harga sesudah' is: 'Rp 1,299'

2023-10-04 19:02:25 - [MESSAGE][PASSED] - Text of object 'Object Repository/verifikasi/Harga sesudah' is: 'Rp 1,299'

2023-10-04 19:02:25 - [TEST_STEP][PASSED] - assert NamaSesudah.contains(NamaSebelum): null

2023-10-04 19:02:25 - [TEST_STEP][PASSED] - assert HargaSesudah.contains(HargaSebelum): null

2023-10-04 19:02:25 - [TEST_STEP][PASSED] - click(findTestObject("beli barang/Tambah Keranjang busana wanita")): Object: 'Object Repository/beli barang/Tambah Keranjang busana wanita' is clicked on

2023-10-04 19:02:25 - [MESSAGE][PASSED] - Object: 'Object Repository/beli barang/Tambah Keranjang busana wanita' is clicked on

2023-10-04 19:02:25 - [TEST_STEP][PASSED] - verifyElementPresent(findTestObject("checkout/Notifikasi keranjang"), 1): Object 'Object Repository/checkout/Notifikasi keranjang' is present

2023-10-04 19:02:26 - [MESSAGE][PASSED] - Object 'Object Repository/checkout/Notifikasi keranjang' is present

2023-10-04 19:02:26 - [TEST_STEP][PASSED] - data = new java.util.HashMap(): null

2023-10-04 19:02:26 - [TEST_STEP][PASSED] - data.put("nama_barang", NamaSesudah): null

2023-10-04 19:02:26 - [TEST_STEP][PASSED] - data.put("price_barang", HargaSesudah): null

2023-10-04 19:02:26 - [TEST_STEP][PASSED] - return data: null

2023-10-04 19:02:26 - [MESSAGE][PASSED] - Call Test Case 'Test Cases/T13 Pembelian, Shipment dan Pembayaran/PBL-001' successfully

2023-10-04 19:02:26 - [TEST_STEP][PASSED] - mouseOver(findTestObject("beli barang/keranjang")): Object: 'Object Repository/beli barang/keranjang' is hovered

2023-10-04 19:02:27 - [MESSAGE][PASSED] - Object: 'Object Repository/beli barang/keranjang' is hovered

2023-10-04 19:02:27 - [TEST_STEP][PASSED] - click(findTestObject("beli barang/Lihat Sekarang")): Object: 'Object Repository/beli barang/Lihat Sekarang' is clicked on

2023-10-04 19:02:28 - [MESSAGE][PASSED] - Object: 'Object Repository/beli barang/Lihat Sekarang' is clicked on

2023-10-04 19:02:28 - [TEST_STEP][PASSED] - verifyElementPresent(findTestObject("keranjang/li_Keranjang Belanja"), 0): Object 'Object Repository/keranjang/li_Keranjang Belanja' is present

2023-10-04 19:02:28 - [MESSAGE][WARNING] - Timeout '0' is invalid. Using default page load timeout: '30'

2023-10-04 19:02:29 - [MESSAGE][PASSED] - Object 'Object Repository/keranjang/li_Keranjang Belanja' is present

2023-10-04 19:02:29 - [TEST_STEP][PASSED] - NamaKeranjang = getText(findTestObject("verifikasi/Nama keranjang")): Text of object 'Object Repository/verifikasi/Nama keranjang' is: 'Segitiga Instan Madeira - MDB5.3 Sunset'

2023-10-04 19:02:29 - [MESSAGE][PASSED] - Text of object 'Object Repository/verifikasi/Nama keranjang' is: 'Segitiga Instan Madeira - MDB5.3 Sunset'

2023-10-04 19:02:29 - [TEST_STEP][PASSED] - HargaKeranjang = getText(findTestObject("verifikasi/Harga Keranjang")): Text of object 'Object Repository/verifikasi/Harga Keranjang' is: 'Rp 1,299'

2023-10-04 19:02:29 - [MESSAGE][PASSED] - Text of object 'Object Repository/verifikasi/Harga Keranjang' is: 'Rp 1,299'

2023-10-04 19:02:29 - [TEST_STEP][PASSED] - if (toString().equalsIgnoreCase("Merah")): Object 'Object Repository/keranjang/input_Warna_variasi101' is checked

2023-10-04 19:02:29 - [TEST_STEP][PASSED] - check(findTestObject("Object Repository/keranjang/input_Warna_variasi101")): Object 'Object Repository/keranjang/input_Warna_variasi101' is checked

2023-10-04 19:02:30 - [MESSAGE][PASSED] - Object 'Object Repository/keranjang/input_Warna_variasi101' is checked

2023-10-04 19:02:30 - [TEST_STEP][PASSED] - if (toString().equalsIgnoreCase("Menengah")): Object 'Object Repository/keranjang/input_Ukuran_variasi201' is checked

2023-10-04 19:02:30 - [TEST_STEP][PASSED] - check(findTestObject("Object Repository/keranjang/input_Ukuran_variasi201")): Object 'Object Repository/keranjang/input_Ukuran_variasi201' is checked

2023-10-04 19:02:31 - [MESSAGE][PASSED] - Object 'Object Repository/keranjang/input_Ukuran_variasi201' is checked

2023-10-04 19:02:31 - [TEST_STEP][PASSED] - data.put("Warna", warna): null

2023-10-04 19:02:31 - [TEST_STEP][PASSED] - data.put("Ukuran", ukuran): null

2023-10-04 19:02:31 - [TEST_STEP][PASSED] - click(findTestObject("keranjang/button_Lanjut ke Pembayaran")): Object: 'Object Repository/keranjang/button_Lanjut ke Pembayaran' is clicked on

2023-10-04 19:02:32 - [MESSAGE][PASSED] - Object: 'Object Repository/keranjang/button_Lanjut ke Pembayaran' is clicked on

2023-10-04 19:02:32 - [TEST_STEP][PASSED] - verifyElementPresent(findTestObject("checkout/Tittle Checkout Order"), 0): Object 'Object Repository/checkout/Tittle Checkout Order' is present

2023-10-04 19:02:32 - [MESSAGE][WARNING] - Timeout '0' is invalid. Using default page load timeout: '30'

2023-10-04 19:02:32 - [MESSAGE][PASSED] - Object 'Object Repository/checkout/Tittle Checkout Order' is present

2023-10-04 19:02:32 - [TEST_STEP][PASSED] - name_product = data.get("nama_barang"): null

2023-10-04 19:02:32 - [TEST_STEP][PASSED] - price_product = data.get("price_barang"): null

2023-10-04 19:02:32 - [TEST_STEP][PASSED] - assert name_product == NamaKeranjang: null

2023-10-04 19:02:32 - [TEST_STEP][PASSED] - assert price_product == HargaKeranjang: null

2023-10-04 19:02:32 - [TEST_STEP][PASSED] - return data: null

2023-10-04 19:02:32 - [MESSAGE][PASSED] - Call Test Case 'Test Cases/T13 Pembelian, Shipment dan Pembayaran/PBL-002' successfully

2023-10-04 19:02:32 - [TEST_STEP][PASSED] - warnaa = getText(findTestObject("verifikasi/warna Merah")): Text of object 'Object Repository/verifikasi/warna Merah' is: 'Merah'

2023-10-04 19:02:33 - [MESSAGE][PASSED] - Text of object 'Object Repository/verifikasi/warna Merah' is: 'Merah'

2023-10-04 19:02:33 - [TEST_STEP][PASSED] - ukurann = getText(findTestObject("verifikasi/Ukuran Menengah")): Text of object 'Object Repository/verifikasi/Ukuran Menengah' is: 'Menengah'

2023-10-04 19:02:33 - [MESSAGE][PASSED] - Text of object 'Object Repository/verifikasi/Ukuran Menengah' is: 'Menengah'

2023-10-04 19:02:33 - [TEST_STEP][PASSED] - warna1 = data.get("Warna"): null

2023-10-04 19:02:33 - [TEST_STEP][PASSED] - ukuran1 = data.get("Ukuran"): null

2023-10-04 19:02:33 - [TEST_STEP][PASSED] - assert warnaa == warna1: null

2023-10-04 19:02:33 - [TEST_STEP][PASSED] - assert ukurann == ukuran1: null

2023-10-04 19:02:33 - [TEST_STEP][PASSED] - NamaCheckout = getText(findTestObject("verifikasi/NamaCheckout")): Text of object 'Object Repository/verifikasi/NamaCheckout' is: ''

2023-10-04 19:02:33 - [MESSAGE][PASSED] - Text of object 'Object Repository/verifikasi/NamaCheckout' is: ''

2023-10-04 19:02:33 - [TEST_STEP][PASSED] - HargaCheckout = getText(findTestObject("verifikasi/HargaCheckout")): Text of object 'Object Repository/verifikasi/HargaCheckout' is: '1,299'

2023-10-04 19:02:34 - [MESSAGE][PASSED] - Text of object 'Object Repository/verifikasi/HargaCheckout' is: '1,299'

2023-10-04 19:02:34 - [TEST_STEP][PASSED] - name_product = data.get("nama_barang"): null

2023-10-04 19:02:34 - [TEST_STEP][PASSED] - price_product = data.get("price_barang"): null

2023-10-04 19:02:34 - [TEST_STEP][PASSED] - assert name_product.contains(NamaCheckout): null

2023-10-04 19:02:34 - [TEST_STEP][PASSED] - assert price_product.contains(HargaCheckout): null

2023-10-04 19:02:34 - [TEST_STEP][PASSED] - selectOptionByLabel(findTestObject("checkout/select - Kirim via Kurir Lokal"), Kurir, false): All options with label 'Roda 2' are selected in object 'Object Repository/checkout/select - Kirim via Kurir Lokal' 

2023-10-04 19:02:34 - [MESSAGE][PASSED] - All options with label 'Roda 2' are selected in object 'Object Repository/checkout/select - Kirim via Kurir Lokal' 

2023-10-04 19:02:34 - [TEST_STEP][PASSED] - click(findTestObject("checkout/Kendaraan Kurir")): Object: 'Object Repository/checkout/Kendaraan Kurir' is clicked on

2023-10-04 19:02:35 - [MESSAGE][PASSED] - Object: 'Object Repository/checkout/Kendaraan Kurir' is clicked on

2023-10-04 19:02:35 - [TEST_STEP][PASSED] - OngkosKirim = getText(findTestObject("Object Repository/verifikasi/Ongkos Kirim checkout")): Text of object 'Object Repository/verifikasi/Ongkos Kirim checkout' is: 'Rp. 5,000'

2023-10-04 19:02:35 - [MESSAGE][PASSED] - Text of object 'Object Repository/verifikasi/Ongkos Kirim checkout' is: 'Rp. 5,000'

2023-10-04 19:02:36 - [TEST_STEP][PASSED] - Ongkos = OngkosKirim.substring(3, OngkosKirim.size()): null

2023-10-04 19:02:36 - [TEST_STEP][PASSED] - rep = Ongkos.replace(",", "."): null

2023-10-04 19:02:36 - [TEST_STEP][PASSED] - Ongkos_kirim = Double.parseDouble(rep): null

2023-10-04 19:02:36 - [TEST_STEP][PASSED] - println(Ongkos_kirim): null

2023-10-04 19:02:36 - [TEST_STEP][PASSED] - FeeAdmin = getText(findTestObject("verifikasi/Fee Admin checkout")): Text of object 'Object Repository/verifikasi/Fee Admin checkout' is: 'Fee Admin
Rp 1,500'

2023-10-04 19:02:36 - [MESSAGE][PASSED] - Text of object 'Object Repository/verifikasi/Fee Admin checkout' is: 'Fee Admin
Rp 1,500'

2023-10-04 19:02:36 - [TEST_STEP][PASSED] - Fee_Admin = FeeAdmin.substring(12, FeeAdmin.size()): null

2023-10-04 19:02:36 - [TEST_STEP][PASSED] - fee = Fee_Admin.replace(",", "."): null

2023-10-04 19:02:36 - [TEST_STEP][PASSED] - fee_admin = Double.parseDouble(fee): null

2023-10-04 19:02:36 - [TEST_STEP][PASSED] - println(fee_admin): null

2023-10-04 19:02:36 - [TEST_STEP][PASSED] - Subtotal = getText(findTestObject("verifikasi/subtotal checkout")): Text of object 'Object Repository/verifikasi/subtotal checkout' is: 'Subtotal
Rp 1,299'

2023-10-04 19:02:36 - [MESSAGE][PASSED] - Text of object 'Object Repository/verifikasi/subtotal checkout' is: 'Subtotal
Rp 1,299'

2023-10-04 19:02:36 - [TEST_STEP][PASSED] - sub_total = Subtotal.substring(12, Subtotal.size()): null

2023-10-04 19:02:36 - [TEST_STEP][PASSED] - sub = sub_total.replace(",", "."): null

2023-10-04 19:02:36 - [TEST_STEP][PASSED] - sub_total = Double.parseDouble(sub): null

2023-10-04 19:02:36 - [TEST_STEP][PASSED] - println(sub_total): null

2023-10-04 19:02:36 - [TEST_STEP][PASSED] - Total = getText(findTestObject("verifikasi/Total checkout")): Text of object 'Object Repository/verifikasi/Total checkout' is: 'Rp 7,799'

2023-10-04 19:02:37 - [MESSAGE][PASSED] - Text of object 'Object Repository/verifikasi/Total checkout' is: 'Rp 7,799'

2023-10-04 19:02:37 - [TEST_STEP][PASSED] - totall = Total.substring(3, Total.size()): null

2023-10-04 19:02:37 - [TEST_STEP][PASSED] - total = totall.replace(",", "."): null

2023-10-04 19:02:37 - [TEST_STEP][PASSED] - totall = Double.parseDouble(total): null

2023-10-04 19:02:37 - [TEST_STEP][PASSED] - println(totall): null

2023-10-04 19:02:37 - [TEST_STEP][PASSED] - Total_Harga = Ongkos_kirim + fee_admin + sub_total: null

2023-10-04 19:02:37 - [TEST_STEP][PASSED] - println(Total_Harga): null

2023-10-04 19:02:37 - [TEST_STEP][PASSED] - TotalHarga = Math.round(Total_Harga * 1000) / 1000: null

2023-10-04 19:02:37 - [TEST_STEP][PASSED] - println(TotalHarga): null

2023-10-04 19:02:37 - [TEST_STEP][PASSED] - assert totall == TotalHarga: null

2023-10-04 19:02:37 - [TEST_STEP][PASSED] - click(findTestObject("Object Repository/checkout/metode pembayaran")): Object: 'Object Repository/checkout/metode pembayaran' is clicked on

2023-10-04 19:02:37 - [MESSAGE][PASSED] - Object: 'Object Repository/checkout/metode pembayaran' is clicked on

2023-10-04 19:02:37 - [TEST_STEP][PASSED] - click(findTestObject("checkout/button_Proses Pembayaran")): Object: 'Object Repository/checkout/button_Proses Pembayaran' is clicked on

2023-10-04 19:02:43 - [MESSAGE][PASSED] - Object: 'Object Repository/checkout/button_Proses Pembayaran' is clicked on

2023-10-04 19:02:43 - [TEST_STEP][PASSED] - verifyElementPresent(findTestObject("pembayaran/Tittle nomor invoice"), 0): Object 'Object Repository/pembayaran/Tittle nomor invoice' is present

2023-10-04 19:02:43 - [MESSAGE][WARNING] - Timeout '0' is invalid. Using default page load timeout: '30'

2023-10-04 19:02:48 - [MESSAGE][PASSED] - Object 'Object Repository/pembayaran/Tittle nomor invoice' is present

2023-10-04 19:02:48 - [TEST_STEP][PASSED] - return data: null]]></system-out>
         <system-err><![CDATA[]]></system-err>
      </testcase>
      <testcase name="Test Cases/T13 Pembelian, Shipment dan Pembayaran/PBL-006" time="31.229" classname="Test Cases/T13 Pembelian, Shipment dan Pembayaran/PBL-006" status="PASSED">
         <system-out><![CDATA[2023-10-04 19:02:48 - [TEST_CASE][PASSED] - Test Cases/T13 Pembelian, Shipment dan Pembayaran/PBL-006: Test Cases/T13 Pembelian, Shipment dan Pembayaran/PBL-006

2023-10-04 19:02:49 - [TEST_STEP][PASSED] - data = callTestCase(findTestCase("T13 Pembelian, Shipment dan Pembayaran/PBL-002"), [:], STOP_ON_FAILURE): Call Test Case 'Test Cases/T13 Pembelian, Shipment dan Pembayaran/PBL-002' successfully

2023-10-04 19:02:49 - [TEST_CASE][PASSED] - Test Cases/T13 Pembelian, Shipment dan Pembayaran/PBL-002: Test Cases/T13 Pembelian, Shipment dan Pembayaran/PBL-002

2023-10-04 19:02:49 - [TEST_STEP][PASSED] - data = callTestCase(findTestCase("T13 Pembelian, Shipment dan Pembayaran/PBL-001"), [:], STOP_ON_FAILURE): Call Test Case 'Test Cases/T13 Pembelian, Shipment dan Pembayaran/PBL-001' successfully

2023-10-04 19:02:49 - [TEST_CASE][PASSED] - Test Cases/T13 Pembelian, Shipment dan Pembayaran/PBL-001: Test Cases/T13 Pembelian, Shipment dan Pembayaran/PBL-001

2023-10-04 19:02:49 - [TEST_STEP][PASSED] - callTestCase(findTestCase("T13 Pembelian, Shipment dan Pembayaran/LU-001"), ["username":"irfanafandi", "password":"12345irfan"], STOP_ON_FAILURE): Call Test Case 'Test Cases/T13 Pembelian, Shipment dan Pembayaran/LU-001' successfully

2023-10-04 19:02:49 - [TEST_CASE][PASSED] - Test Cases/T13 Pembelian, Shipment dan Pembayaran/LU-001: Test Cases/T13 Pembelian, Shipment dan Pembayaran/LU-001

2023-10-04 19:02:49 - [TEST_STEP][PASSED] - openBrowser("https://10.9.2.63/ecommerce/"): Browser is opened with url: 'https://10.9.2.63/ecommerce/'

2023-10-04 19:02:49 - [MESSAGE][WARNING] - A browser is already opened. Closing browser and opening a new one

2023-10-04 19:02:52 - [MESSAGE][INFO] - Starting 'Firefox' driver

2023-10-04 19:02:52 - [MESSAGE][INFO] - User set preference: ['args', '[--disable-notifications]']

2023-10-04 19:02:52 - [MESSAGE][INFO] - Action delay is set to 0 milliseconds

2023-10-04 19:02:56 - [MESSAGE][PASSED] - Browser is opened with url: 'https://10.9.2.63/ecommerce/'

2023-10-04 19:02:56 - [TEST_STEP][PASSED] - maximizeWindow(): Current window maximized

2023-10-04 19:02:56 - [MESSAGE][PASSED] - Current window maximized

2023-10-04 19:02:56 - [TEST_STEP][PASSED] - verifyElementPresent(findTestObject("Login/Home"), 0): Object 'Object Repository/Login/Home' is present

2023-10-04 19:02:56 - [MESSAGE][WARNING] - Timeout '0' is invalid. Using default page load timeout: '30'

2023-10-04 19:02:57 - [MESSAGE][PASSED] - Object 'Object Repository/Login/Home' is present

2023-10-04 19:02:57 - [TEST_STEP][PASSED] - click(findTestObject("Login/a_Login")): Object: 'Object Repository/Login/a_Login' is clicked on

2023-10-04 19:02:57 - [MESSAGE][PASSED] - Object: 'Object Repository/Login/a_Login' is clicked on

2023-10-04 19:02:57 - [TEST_STEP][PASSED] - verifyElementPresent(findTestObject("Login/Tittle Login"), 0): Object 'Object Repository/Login/Tittle Login' is present

2023-10-04 19:02:57 - [MESSAGE][WARNING] - Timeout '0' is invalid. Using default page load timeout: '30'

2023-10-04 19:02:58 - [MESSAGE][PASSED] - Object 'Object Repository/Login/Tittle Login' is present

2023-10-04 19:02:58 - [TEST_STEP][PASSED] - setText(findTestObject("Login/input_Username, Email atau No. Handphone_a"), username): Text 'irfanafandi' is set on object 'Object Repository/Login/input_Username, Email atau No. Handphone_a'

2023-10-04 19:02:58 - [MESSAGE][PASSED] - Text 'irfanafandi' is set on object 'Object Repository/Login/input_Username, Email atau No. Handphone_a'

2023-10-04 19:02:58 - [TEST_STEP][PASSED] - setText(findTestObject("Login/input_Password_b"), password): Text '12345irfan' is set on object 'Object Repository/Login/input_Password_b'

2023-10-04 19:02:59 - [MESSAGE][PASSED] - Text '12345irfan' is set on object 'Object Repository/Login/input_Password_b'

2023-10-04 19:02:59 - [TEST_STEP][PASSED] - click(findTestObject("Login/label_Ingat saya")): Object: 'Object Repository/Login/label_Ingat saya' is clicked on

2023-10-04 19:03:00 - [MESSAGE][PASSED] - Object: 'Object Repository/Login/label_Ingat saya' is clicked on

2023-10-04 19:03:00 - [TEST_STEP][PASSED] - click(findTestObject("Login/button_Masuk")): Object: 'Object Repository/Login/button_Masuk' is clicked on

2023-10-04 19:03:01 - [MESSAGE][PASSED] - Object: 'Object Repository/Login/button_Masuk' is clicked on

2023-10-04 19:03:01 - [TEST_STEP][PASSED] - verifyElementPresent(findTestObject("Login/li_Profile"), 0): Object 'Object Repository/Login/li_Profile' is present

2023-10-04 19:03:01 - [MESSAGE][WARNING] - Timeout '0' is invalid. Using default page load timeout: '30'

2023-10-04 19:03:01 - [MESSAGE][PASSED] - Object 'Object Repository/Login/li_Profile' is present

2023-10-04 19:03:01 - [MESSAGE][PASSED] - Call Test Case 'Test Cases/T13 Pembelian, Shipment dan Pembayaran/LU-001' successfully

2023-10-04 19:03:01 - [TEST_STEP][PASSED] - mouseOver(findTestObject("beli barang/i_Mulai Belanja_icon-menu")): Object: 'Object Repository/beli barang/i_Mulai Belanja_icon-menu' is hovered

2023-10-04 19:03:02 - [MESSAGE][PASSED] - Object: 'Object Repository/beli barang/i_Mulai Belanja_icon-menu' is hovered

2023-10-04 19:03:02 - [TEST_STEP][PASSED] - click(findTestObject("beli barang/a_Fashion  Busana Wanita")): Object: 'Object Repository/beli barang/a_Fashion  Busana Wanita' is clicked on

2023-10-04 19:03:03 - [MESSAGE][PASSED] - Object: 'Object Repository/beli barang/a_Fashion  Busana Wanita' is clicked on

2023-10-04 19:03:03 - [TEST_STEP][PASSED] - NamaSebelum = getText(findTestObject("verifikasi/Nama sebelum")): Text of object 'Object Repository/verifikasi/Nama sebelum' is: ''

2023-10-04 19:03:03 - [MESSAGE][PASSED] - Text of object 'Object Repository/verifikasi/Nama sebelum' is: ''

2023-10-04 19:03:03 - [TEST_STEP][PASSED] - HargaSebelum = getText(findTestObject("verifikasi/Harga sebelum")): Text of object 'Object Repository/verifikasi/Harga sebelum' is: 'Rp 1,299'

2023-10-04 19:03:04 - [MESSAGE][PASSED] - Text of object 'Object Repository/verifikasi/Harga sebelum' is: 'Rp 1,299'

2023-10-04 19:03:04 - [TEST_STEP][PASSED] - mouseOver(findTestObject("beli barang/barang mouse over")): Object: 'Object Repository/beli barang/barang mouse over' is hovered

2023-10-04 19:03:04 - [MESSAGE][PASSED] - Object: 'Object Repository/beli barang/barang mouse over' is hovered

2023-10-04 19:03:04 - [TEST_STEP][PASSED] - click(findTestObject("beli barang/buttom add to cart")): Object: 'Object Repository/beli barang/buttom add to cart' is clicked on

2023-10-04 19:03:05 - [MESSAGE][PASSED] - Object: 'Object Repository/beli barang/buttom add to cart' is clicked on

2023-10-04 19:03:05 - [TEST_STEP][PASSED] - NamaSesudah = getText(findTestObject("verifikasi/Nama sesudah")): Text of object 'Object Repository/verifikasi/Nama sesudah' is: 'Segitiga Instan Madeira - MDB5.3 Sunset'

2023-10-04 19:03:06 - [MESSAGE][PASSED] - Text of object 'Object Repository/verifikasi/Nama sesudah' is: 'Segitiga Instan Madeira - MDB5.3 Sunset'

2023-10-04 19:03:06 - [TEST_STEP][PASSED] - HargaSesudah = getText(findTestObject("verifikasi/Harga sesudah")): Text of object 'Object Repository/verifikasi/Harga sesudah' is: 'Rp 1,299'

2023-10-04 19:03:06 - [MESSAGE][PASSED] - Text of object 'Object Repository/verifikasi/Harga sesudah' is: 'Rp 1,299'

2023-10-04 19:03:06 - [TEST_STEP][PASSED] - assert NamaSesudah.contains(NamaSebelum): null

2023-10-04 19:03:06 - [TEST_STEP][PASSED] - assert HargaSesudah.contains(HargaSebelum): null

2023-10-04 19:03:06 - [TEST_STEP][PASSED] - click(findTestObject("beli barang/Tambah Keranjang busana wanita")): Object: 'Object Repository/beli barang/Tambah Keranjang busana wanita' is clicked on

2023-10-04 19:03:07 - [MESSAGE][PASSED] - Object: 'Object Repository/beli barang/Tambah Keranjang busana wanita' is clicked on

2023-10-04 19:03:07 - [TEST_STEP][PASSED] - verifyElementPresent(findTestObject("checkout/Notifikasi keranjang"), 1): Object 'Object Repository/checkout/Notifikasi keranjang' is present

2023-10-04 19:03:07 - [MESSAGE][PASSED] - Object 'Object Repository/checkout/Notifikasi keranjang' is present

2023-10-04 19:03:07 - [TEST_STEP][PASSED] - data = new java.util.HashMap(): null

2023-10-04 19:03:07 - [TEST_STEP][PASSED] - data.put("nama_barang", NamaSesudah): null

2023-10-04 19:03:07 - [TEST_STEP][PASSED] - data.put("price_barang", HargaSesudah): null

2023-10-04 19:03:07 - [TEST_STEP][PASSED] - return data: null

2023-10-04 19:03:07 - [MESSAGE][PASSED] - Call Test Case 'Test Cases/T13 Pembelian, Shipment dan Pembayaran/PBL-001' successfully

2023-10-04 19:03:07 - [TEST_STEP][PASSED] - mouseOver(findTestObject("beli barang/keranjang")): Object: 'Object Repository/beli barang/keranjang' is hovered

2023-10-04 19:03:08 - [MESSAGE][PASSED] - Object: 'Object Repository/beli barang/keranjang' is hovered

2023-10-04 19:03:08 - [TEST_STEP][PASSED] - click(findTestObject("beli barang/Lihat Sekarang")): Object: 'Object Repository/beli barang/Lihat Sekarang' is clicked on

2023-10-04 19:03:09 - [MESSAGE][PASSED] - Object: 'Object Repository/beli barang/Lihat Sekarang' is clicked on

2023-10-04 19:03:09 - [TEST_STEP][PASSED] - verifyElementPresent(findTestObject("keranjang/li_Keranjang Belanja"), 0): Object 'Object Repository/keranjang/li_Keranjang Belanja' is present

2023-10-04 19:03:09 - [MESSAGE][WARNING] - Timeout '0' is invalid. Using default page load timeout: '30'

2023-10-04 19:03:10 - [MESSAGE][PASSED] - Object 'Object Repository/keranjang/li_Keranjang Belanja' is present

2023-10-04 19:03:10 - [TEST_STEP][PASSED] - NamaKeranjang = getText(findTestObject("verifikasi/Nama keranjang")): Text of object 'Object Repository/verifikasi/Nama keranjang' is: 'Segitiga Instan Madeira - MDB5.3 Sunset'

2023-10-04 19:03:10 - [MESSAGE][PASSED] - Text of object 'Object Repository/verifikasi/Nama keranjang' is: 'Segitiga Instan Madeira - MDB5.3 Sunset'

2023-10-04 19:03:10 - [TEST_STEP][PASSED] - HargaKeranjang = getText(findTestObject("verifikasi/Harga Keranjang")): Text of object 'Object Repository/verifikasi/Harga Keranjang' is: 'Rp 1,299'

2023-10-04 19:03:11 - [MESSAGE][PASSED] - Text of object 'Object Repository/verifikasi/Harga Keranjang' is: 'Rp 1,299'

2023-10-04 19:03:11 - [TEST_STEP][PASSED] - if (toString().equalsIgnoreCase("Merah")): Object 'Object Repository/keranjang/input_Warna_variasi101' is checked

2023-10-04 19:03:11 - [TEST_STEP][PASSED] - check(findTestObject("Object Repository/keranjang/input_Warna_variasi101")): Object 'Object Repository/keranjang/input_Warna_variasi101' is checked

2023-10-04 19:03:11 - [MESSAGE][PASSED] - Object 'Object Repository/keranjang/input_Warna_variasi101' is checked

2023-10-04 19:03:11 - [TEST_STEP][PASSED] - if (toString().equalsIgnoreCase("Menengah")): Object 'Object Repository/keranjang/input_Ukuran_variasi201' is checked

2023-10-04 19:03:11 - [TEST_STEP][PASSED] - check(findTestObject("Object Repository/keranjang/input_Ukuran_variasi201")): Object 'Object Repository/keranjang/input_Ukuran_variasi201' is checked

2023-10-04 19:03:12 - [MESSAGE][PASSED] - Object 'Object Repository/keranjang/input_Ukuran_variasi201' is checked

2023-10-04 19:03:12 - [TEST_STEP][PASSED] - data.put("Warna", warna): null

2023-10-04 19:03:12 - [TEST_STEP][PASSED] - data.put("Ukuran", ukuran): null

2023-10-04 19:03:12 - [TEST_STEP][PASSED] - click(findTestObject("keranjang/button_Lanjut ke Pembayaran")): Object: 'Object Repository/keranjang/button_Lanjut ke Pembayaran' is clicked on

2023-10-04 19:03:13 - [MESSAGE][PASSED] - Object: 'Object Repository/keranjang/button_Lanjut ke Pembayaran' is clicked on

2023-10-04 19:03:13 - [TEST_STEP][PASSED] - verifyElementPresent(findTestObject("checkout/Tittle Checkout Order"), 0): Object 'Object Repository/checkout/Tittle Checkout Order' is present

2023-10-04 19:03:13 - [MESSAGE][WARNING] - Timeout '0' is invalid. Using default page load timeout: '30'

2023-10-04 19:03:14 - [MESSAGE][PASSED] - Object 'Object Repository/checkout/Tittle Checkout Order' is present

2023-10-04 19:03:14 - [TEST_STEP][PASSED] - name_product = data.get("nama_barang"): null

2023-10-04 19:03:14 - [TEST_STEP][PASSED] - price_product = data.get("price_barang"): null

2023-10-04 19:03:14 - [TEST_STEP][PASSED] - assert name_product == NamaKeranjang: null

2023-10-04 19:03:14 - [TEST_STEP][PASSED] - assert price_product == HargaKeranjang: null

2023-10-04 19:03:14 - [TEST_STEP][PASSED] - return data: null

2023-10-04 19:03:14 - [MESSAGE][PASSED] - Call Test Case 'Test Cases/T13 Pembelian, Shipment dan Pembayaran/PBL-002' successfully

2023-10-04 19:03:14 - [TEST_STEP][PASSED] - clearText(findTestObject("checkout/input_Alamat Kirim")): Text of object 'Object Repository/checkout/input_Alamat Kirim' is cleared

2023-10-04 19:03:14 - [MESSAGE][PASSED] - Text of object 'Object Repository/checkout/input_Alamat Kirim' is cleared

2023-10-04 19:03:14 - [TEST_STEP][PASSED] - warnaa = getText(findTestObject("verifikasi/warna Merah")): Text of object 'Object Repository/verifikasi/warna Merah' is: 'Merah'

2023-10-04 19:03:14 - [MESSAGE][PASSED] - Text of object 'Object Repository/verifikasi/warna Merah' is: 'Merah'

2023-10-04 19:03:14 - [TEST_STEP][PASSED] - ukurann = getText(findTestObject("verifikasi/Ukuran Menengah")): Text of object 'Object Repository/verifikasi/Ukuran Menengah' is: 'Menengah'

2023-10-04 19:03:15 - [MESSAGE][PASSED] - Text of object 'Object Repository/verifikasi/Ukuran Menengah' is: 'Menengah'

2023-10-04 19:03:15 - [TEST_STEP][PASSED] - warna1 = data.get("Warna"): null

2023-10-04 19:03:15 - [TEST_STEP][PASSED] - ukuran1 = data.get("Ukuran"): null

2023-10-04 19:03:15 - [TEST_STEP][PASSED] - assert warnaa == warna1: null

2023-10-04 19:03:15 - [TEST_STEP][PASSED] - assert ukurann == ukuran1: null

2023-10-04 19:03:15 - [TEST_STEP][PASSED] - NamaCheckout = getText(findTestObject("verifikasi/NamaCheckout")): Text of object 'Object Repository/verifikasi/NamaCheckout' is: ''

2023-10-04 19:03:15 - [MESSAGE][PASSED] - Text of object 'Object Repository/verifikasi/NamaCheckout' is: ''

2023-10-04 19:03:15 - [TEST_STEP][PASSED] - HargaCheckout = getText(findTestObject("verifikasi/HargaCheckout")): Text of object 'Object Repository/verifikasi/HargaCheckout' is: '1,299'

2023-10-04 19:03:15 - [MESSAGE][PASSED] - Text of object 'Object Repository/verifikasi/HargaCheckout' is: '1,299'

2023-10-04 19:03:15 - [TEST_STEP][PASSED] - name_product = data.get("nama_barang"): null

2023-10-04 19:03:15 - [TEST_STEP][PASSED] - price_product = data.get("price_barang"): null

2023-10-04 19:03:15 - [TEST_STEP][PASSED] - assert name_product.contains(NamaCheckout): null

2023-10-04 19:03:15 - [TEST_STEP][PASSED] - assert price_product.contains(HargaCheckout): null

2023-10-04 19:03:15 - [TEST_STEP][PASSED] - selectOptionByLabel(findTestObject("checkout/select - Kirim via Kurir Lokal"), Kurir, false): All options with label 'Roda 2' are selected in object 'Object Repository/checkout/select - Kirim via Kurir Lokal' 

2023-10-04 19:03:16 - [MESSAGE][PASSED] - All options with label 'Roda 2' are selected in object 'Object Repository/checkout/select - Kirim via Kurir Lokal' 

2023-10-04 19:03:16 - [TEST_STEP][PASSED] - click(findTestObject("checkout/Kendaraan Kurir")): Object: 'Object Repository/checkout/Kendaraan Kurir' is clicked on

2023-10-04 19:03:17 - [MESSAGE][PASSED] - Object: 'Object Repository/checkout/Kendaraan Kurir' is clicked on

2023-10-04 19:03:17 - [TEST_STEP][PASSED] - OngkosKirim = getText(findTestObject("Object Repository/verifikasi/Ongkos Kirim checkout")): Text of object 'Object Repository/verifikasi/Ongkos Kirim checkout' is: 'Rp. 5,000'

2023-10-04 19:03:17 - [MESSAGE][PASSED] - Text of object 'Object Repository/verifikasi/Ongkos Kirim checkout' is: 'Rp. 5,000'

2023-10-04 19:03:17 - [TEST_STEP][PASSED] - Ongkos = OngkosKirim.substring(3, OngkosKirim.size()): null

2023-10-04 19:03:17 - [TEST_STEP][PASSED] - rep = Ongkos.replace(",", "."): null

2023-10-04 19:03:17 - [TEST_STEP][PASSED] - Ongkos_kirim = Double.parseDouble(rep): null

2023-10-04 19:03:17 - [TEST_STEP][PASSED] - println(Ongkos_kirim): null

2023-10-04 19:03:17 - [TEST_STEP][PASSED] - FeeAdmin = getText(findTestObject("verifikasi/Fee Admin checkout")): Text of object 'Object Repository/verifikasi/Fee Admin checkout' is: 'Fee Admin
Rp 1,500'

2023-10-04 19:03:17 - [MESSAGE][PASSED] - Text of object 'Object Repository/verifikasi/Fee Admin checkout' is: 'Fee Admin
Rp 1,500'

2023-10-04 19:03:17 - [TEST_STEP][PASSED] - Fee_Admin = FeeAdmin.substring(12, FeeAdmin.size()): null

2023-10-04 19:03:17 - [TEST_STEP][PASSED] - fee = Fee_Admin.replace(",", "."): null

2023-10-04 19:03:17 - [TEST_STEP][PASSED] - fee_admin = Double.parseDouble(fee): null

2023-10-04 19:03:17 - [TEST_STEP][PASSED] - println(fee_admin): null

2023-10-04 19:03:17 - [TEST_STEP][PASSED] - Subtotal = getText(findTestObject("verifikasi/subtotal checkout")): Text of object 'Object Repository/verifikasi/subtotal checkout' is: 'Subtotal
Rp 1,299'

2023-10-04 19:03:18 - [MESSAGE][PASSED] - Text of object 'Object Repository/verifikasi/subtotal checkout' is: 'Subtotal
Rp 1,299'

2023-10-04 19:03:18 - [TEST_STEP][PASSED] - sub_total = Subtotal.substring(12, Subtotal.size()): null

2023-10-04 19:03:18 - [TEST_STEP][PASSED] - sub = sub_total.replace(",", "."): null

2023-10-04 19:03:18 - [TEST_STEP][PASSED] - sub_total = Double.parseDouble(sub): null

2023-10-04 19:03:18 - [TEST_STEP][PASSED] - println(sub_total): null

2023-10-04 19:03:18 - [TEST_STEP][PASSED] - Total = getText(findTestObject("verifikasi/Total checkout")): Text of object 'Object Repository/verifikasi/Total checkout' is: 'Rp 7,799'

2023-10-04 19:03:18 - [MESSAGE][PASSED] - Text of object 'Object Repository/verifikasi/Total checkout' is: 'Rp 7,799'

2023-10-04 19:03:18 - [TEST_STEP][PASSED] - totall = Total.substring(3, Total.size()): null

2023-10-04 19:03:18 - [TEST_STEP][PASSED] - total = totall.replace(",", "."): null

2023-10-04 19:03:18 - [TEST_STEP][PASSED] - totall = Double.parseDouble(total): null

2023-10-04 19:03:18 - [TEST_STEP][PASSED] - println(totall): null

2023-10-04 19:03:18 - [TEST_STEP][PASSED] - Total_Harga = Ongkos_kirim + fee_admin + sub_total: null

2023-10-04 19:03:18 - [TEST_STEP][PASSED] - println(Total_Harga): null

2023-10-04 19:03:18 - [TEST_STEP][PASSED] - TotalHarga = Math.round(Total_Harga * 1000) / 1000: null

2023-10-04 19:03:18 - [TEST_STEP][PASSED] - println(TotalHarga): null

2023-10-04 19:03:18 - [TEST_STEP][PASSED] - assert totall == TotalHarga: null

2023-10-04 19:03:18 - [TEST_STEP][PASSED] - click(findTestObject("Object Repository/checkout/metode pembayaran")): Object: 'Object Repository/checkout/metode pembayaran' is clicked on

2023-10-04 19:03:19 - [MESSAGE][PASSED] - Object: 'Object Repository/checkout/metode pembayaran' is clicked on

2023-10-04 19:03:19 - [TEST_STEP][PASSED] - click(findTestObject("checkout/button_Proses Pembayaran")): Object: 'Object Repository/checkout/button_Proses Pembayaran' is clicked on

2023-10-04 19:03:19 - [MESSAGE][PASSED] - Object: 'Object Repository/checkout/button_Proses Pembayaran' is clicked on

2023-10-04 19:03:19 - [TEST_STEP][PASSED] - webDriver = getWebDriver(): null

2023-10-04 19:03:19 - [TEST_STEP][PASSED] - field_alamat = webDriver.findElement(By.xpath("//input[@name="alamat"]")): null

2023-10-04 19:03:20 - [TEST_STEP][PASSED] - error_message = webDriver.executeScript("return arguments[0].validationMessage", field_alamat): null

2023-10-04 19:03:20 - [TEST_STEP][PASSED] - println(error_message): null

2023-10-04 19:03:20 - [TEST_STEP][PASSED] - assert error_message == "Please fill out this field.": null

2023-10-04 19:03:20 - [TEST_STEP][PASSED] - return data: null]]></system-out>
         <system-err><![CDATA[]]></system-err>
      </testcase>
      <testcase name="Test Cases/T13 Pembelian, Shipment dan Pembayaran/PBL-007" time="25.373" classname="Test Cases/T13 Pembelian, Shipment dan Pembayaran/PBL-007" status="FAILED">
         <failure type="FAILED" message="Test Cases/T13 Pembelian, Shipment dan Pembayaran/PBL-007 FAILED.
Reason:
Assertion failed: 

assert price_product.contains(HargaCheckout)
       |             |        |
       Rp 1,299      false    2,598

	at PBL-007.run(PBL-007:45)
	at com.kms.katalon.core.main.ScriptEngine.run(ScriptEngine.java:194)
	at com.kms.katalon.core.main.ScriptEngine.runScriptAsRawText(ScriptEngine.java:119)
	at com.kms.katalon.core.main.TestCaseExecutor.runScript(TestCaseExecutor.java:448)
	at com.kms.katalon.core.main.TestCaseExecutor.doExecute(TestCaseExecutor.java:439)
	at com.kms.katalon.core.main.TestCaseExecutor.processExecutionPhase(TestCaseExecutor.java:418)
	at com.kms.katalon.core.main.TestCaseExecutor.accessMainPhase(TestCaseExecutor.java:410)
	at com.kms.katalon.core.main.TestCaseExecutor.execute(TestCaseExecutor.java:285)
	at com.kms.katalon.core.common.CommonExecutor.accessTestCaseMainPhase(CommonExecutor.java:65)
	at com.kms.katalon.core.main.TestSuiteExecutor.accessTestSuiteMainPhase(TestSuiteExecutor.java:148)
	at com.kms.katalon.core.main.TestSuiteExecutor.execute(TestSuiteExecutor.java:106)
	at com.kms.katalon.core.main.TestCaseMain.startTestSuite(TestCaseMain.java:187)
	at com.kms.katalon.core.main.TestCaseMain$startTestSuite$0.call(Unknown Source)
	at TempTestSuite1696420804604.run(TempTestSuite1696420804604.groovy:36)
"/>
         <system-out><![CDATA[2023-10-04 19:03:20 - [TEST_CASE][FAILED] - Test Cases/T13 Pembelian, Shipment dan Pembayaran/PBL-007: Test Cases/T13 Pembelian, Shipment dan Pembayaran/PBL-007 FAILED.
Reason:
Assertion failed: 

assert price_product.contains(HargaCheckout)
       |             |        |
       Rp 1,299      false    2,598

	at PBL-007.run(PBL-007:45)
	at com.kms.katalon.core.main.ScriptEngine.run(ScriptEngine.java:194)
	at com.kms.katalon.core.main.ScriptEngine.runScriptAsRawText(ScriptEngine.java:119)
	at com.kms.katalon.core.main.TestCaseExecutor.runScript(TestCaseExecutor.java:448)
	at com.kms.katalon.core.main.TestCaseExecutor.doExecute(TestCaseExecutor.java:439)
	at com.kms.katalon.core.main.TestCaseExecutor.processExecutionPhase(TestCaseExecutor.java:418)
	at com.kms.katalon.core.main.TestCaseExecutor.accessMainPhase(TestCaseExecutor.java:410)
	at com.kms.katalon.core.main.TestCaseExecutor.execute(TestCaseExecutor.java:285)
	at com.kms.katalon.core.common.CommonExecutor.accessTestCaseMainPhase(CommonExecutor.java:65)
	at com.kms.katalon.core.main.TestSuiteExecutor.accessTestSuiteMainPhase(TestSuiteExecutor.java:148)
	at com.kms.katalon.core.main.TestSuiteExecutor.execute(TestSuiteExecutor.java:106)
	at com.kms.katalon.core.main.TestCaseMain.startTestSuite(TestCaseMain.java:187)
	at com.kms.katalon.core.main.TestCaseMain$startTestSuite$0.call(Unknown Source)
	at TempTestSuite1696420804604.run(TempTestSuite1696420804604.groovy:36)


2023-10-04 19:03:20 - [TEST_STEP][PASSED] - data = callTestCase(findTestCase("T13 Pembelian, Shipment dan Pembayaran/PBL-002"), [:], STOP_ON_FAILURE): Call Test Case 'Test Cases/T13 Pembelian, Shipment dan Pembayaran/PBL-002' successfully

2023-10-04 19:03:20 - [TEST_CASE][PASSED] - Test Cases/T13 Pembelian, Shipment dan Pembayaran/PBL-002: Test Cases/T13 Pembelian, Shipment dan Pembayaran/PBL-002

2023-10-04 19:03:20 - [TEST_STEP][PASSED] - data = callTestCase(findTestCase("T13 Pembelian, Shipment dan Pembayaran/PBL-001"), [:], STOP_ON_FAILURE): Call Test Case 'Test Cases/T13 Pembelian, Shipment dan Pembayaran/PBL-001' successfully

2023-10-04 19:03:20 - [TEST_CASE][PASSED] - Test Cases/T13 Pembelian, Shipment dan Pembayaran/PBL-001: Test Cases/T13 Pembelian, Shipment dan Pembayaran/PBL-001

2023-10-04 19:03:20 - [TEST_STEP][PASSED] - callTestCase(findTestCase("T13 Pembelian, Shipment dan Pembayaran/LU-001"), ["username":"irfanafandi", "password":"12345irfan"], STOP_ON_FAILURE): Call Test Case 'Test Cases/T13 Pembelian, Shipment dan Pembayaran/LU-001' successfully

2023-10-04 19:03:20 - [TEST_CASE][PASSED] - Test Cases/T13 Pembelian, Shipment dan Pembayaran/LU-001: Test Cases/T13 Pembelian, Shipment dan Pembayaran/LU-001

2023-10-04 19:03:20 - [TEST_STEP][PASSED] - openBrowser("https://10.9.2.63/ecommerce/"): Browser is opened with url: 'https://10.9.2.63/ecommerce/'

2023-10-04 19:03:20 - [MESSAGE][WARNING] - A browser is already opened. Closing browser and opening a new one

2023-10-04 19:03:21 - [MESSAGE][INFO] - Starting 'Firefox' driver

2023-10-04 19:03:21 - [MESSAGE][INFO] - User set preference: ['args', '[--disable-notifications]']

2023-10-04 19:03:21 - [MESSAGE][INFO] - Action delay is set to 0 milliseconds

2023-10-04 19:03:26 - [MESSAGE][PASSED] - Browser is opened with url: 'https://10.9.2.63/ecommerce/'

2023-10-04 19:03:26 - [TEST_STEP][PASSED] - maximizeWindow(): Current window maximized

2023-10-04 19:03:26 - [MESSAGE][PASSED] - Current window maximized

2023-10-04 19:03:26 - [TEST_STEP][PASSED] - verifyElementPresent(findTestObject("Login/Home"), 0): Object 'Object Repository/Login/Home' is present

2023-10-04 19:03:26 - [MESSAGE][WARNING] - Timeout '0' is invalid. Using default page load timeout: '30'

2023-10-04 19:03:26 - [MESSAGE][PASSED] - Object 'Object Repository/Login/Home' is present

2023-10-04 19:03:26 - [TEST_STEP][PASSED] - click(findTestObject("Login/a_Login")): Object: 'Object Repository/Login/a_Login' is clicked on

2023-10-04 19:03:27 - [MESSAGE][PASSED] - Object: 'Object Repository/Login/a_Login' is clicked on

2023-10-04 19:03:27 - [TEST_STEP][PASSED] - verifyElementPresent(findTestObject("Login/Tittle Login"), 0): Object 'Object Repository/Login/Tittle Login' is present

2023-10-04 19:03:27 - [MESSAGE][WARNING] - Timeout '0' is invalid. Using default page load timeout: '30'

2023-10-04 19:03:27 - [MESSAGE][PASSED] - Object 'Object Repository/Login/Tittle Login' is present

2023-10-04 19:03:27 - [TEST_STEP][PASSED] - setText(findTestObject("Login/input_Username, Email atau No. Handphone_a"), username): Text 'irfanafandi' is set on object 'Object Repository/Login/input_Username, Email atau No. Handphone_a'

2023-10-04 19:03:28 - [MESSAGE][PASSED] - Text 'irfanafandi' is set on object 'Object Repository/Login/input_Username, Email atau No. Handphone_a'

2023-10-04 19:03:28 - [TEST_STEP][PASSED] - setText(findTestObject("Login/input_Password_b"), password): Text '12345irfan' is set on object 'Object Repository/Login/input_Password_b'

2023-10-04 19:03:29 - [MESSAGE][PASSED] - Text '12345irfan' is set on object 'Object Repository/Login/input_Password_b'

2023-10-04 19:03:29 - [TEST_STEP][PASSED] - click(findTestObject("Login/label_Ingat saya")): Object: 'Object Repository/Login/label_Ingat saya' is clicked on

2023-10-04 19:03:29 - [MESSAGE][PASSED] - Object: 'Object Repository/Login/label_Ingat saya' is clicked on

2023-10-04 19:03:29 - [TEST_STEP][PASSED] - click(findTestObject("Login/button_Masuk")): Object: 'Object Repository/Login/button_Masuk' is clicked on

2023-10-04 19:03:30 - [MESSAGE][PASSED] - Object: 'Object Repository/Login/button_Masuk' is clicked on

2023-10-04 19:03:30 - [TEST_STEP][PASSED] - verifyElementPresent(findTestObject("Login/li_Profile"), 0): Object 'Object Repository/Login/li_Profile' is present

2023-10-04 19:03:30 - [MESSAGE][WARNING] - Timeout '0' is invalid. Using default page load timeout: '30'

2023-10-04 19:03:31 - [MESSAGE][PASSED] - Object 'Object Repository/Login/li_Profile' is present

2023-10-04 19:03:31 - [MESSAGE][PASSED] - Call Test Case 'Test Cases/T13 Pembelian, Shipment dan Pembayaran/LU-001' successfully

2023-10-04 19:03:31 - [TEST_STEP][PASSED] - mouseOver(findTestObject("beli barang/i_Mulai Belanja_icon-menu")): Object: 'Object Repository/beli barang/i_Mulai Belanja_icon-menu' is hovered

2023-10-04 19:03:31 - [MESSAGE][PASSED] - Object: 'Object Repository/beli barang/i_Mulai Belanja_icon-menu' is hovered

2023-10-04 19:03:31 - [TEST_STEP][PASSED] - click(findTestObject("beli barang/a_Fashion  Busana Wanita")): Object: 'Object Repository/beli barang/a_Fashion  Busana Wanita' is clicked on

2023-10-04 19:03:32 - [MESSAGE][PASSED] - Object: 'Object Repository/beli barang/a_Fashion  Busana Wanita' is clicked on

2023-10-04 19:03:32 - [TEST_STEP][PASSED] - NamaSebelum = getText(findTestObject("verifikasi/Nama sebelum")): Text of object 'Object Repository/verifikasi/Nama sebelum' is: ''

2023-10-04 19:03:33 - [MESSAGE][PASSED] - Text of object 'Object Repository/verifikasi/Nama sebelum' is: ''

2023-10-04 19:03:33 - [TEST_STEP][PASSED] - HargaSebelum = getText(findTestObject("verifikasi/Harga sebelum")): Text of object 'Object Repository/verifikasi/Harga sebelum' is: ''

2023-10-04 19:03:33 - [MESSAGE][PASSED] - Text of object 'Object Repository/verifikasi/Harga sebelum' is: ''

2023-10-04 19:03:33 - [TEST_STEP][PASSED] - mouseOver(findTestObject("beli barang/barang mouse over")): Object: 'Object Repository/beli barang/barang mouse over' is hovered

2023-10-04 19:03:34 - [MESSAGE][PASSED] - Object: 'Object Repository/beli barang/barang mouse over' is hovered

2023-10-04 19:03:34 - [TEST_STEP][PASSED] - click(findTestObject("beli barang/buttom add to cart")): Object: 'Object Repository/beli barang/buttom add to cart' is clicked on

2023-10-04 19:03:35 - [MESSAGE][PASSED] - Object: 'Object Repository/beli barang/buttom add to cart' is clicked on

2023-10-04 19:03:35 - [TEST_STEP][PASSED] - NamaSesudah = getText(findTestObject("verifikasi/Nama sesudah")): Text of object 'Object Repository/verifikasi/Nama sesudah' is: 'Segitiga Instan Madeira - MDB5.3 Sunset'

2023-10-04 19:03:36 - [MESSAGE][PASSED] - Text of object 'Object Repository/verifikasi/Nama sesudah' is: 'Segitiga Instan Madeira - MDB5.3 Sunset'

2023-10-04 19:03:36 - [TEST_STEP][PASSED] - HargaSesudah = getText(findTestObject("verifikasi/Harga sesudah")): Text of object 'Object Repository/verifikasi/Harga sesudah' is: 'Rp 1,299'

2023-10-04 19:03:36 - [MESSAGE][PASSED] - Text of object 'Object Repository/verifikasi/Harga sesudah' is: 'Rp 1,299'

2023-10-04 19:03:36 - [TEST_STEP][PASSED] - assert NamaSesudah.contains(NamaSebelum): null

2023-10-04 19:03:36 - [TEST_STEP][PASSED] - assert HargaSesudah.contains(HargaSebelum): null

2023-10-04 19:03:36 - [TEST_STEP][PASSED] - click(findTestObject("beli barang/Tambah Keranjang busana wanita")): Object: 'Object Repository/beli barang/Tambah Keranjang busana wanita' is clicked on

2023-10-04 19:03:37 - [MESSAGE][PASSED] - Object: 'Object Repository/beli barang/Tambah Keranjang busana wanita' is clicked on

2023-10-04 19:03:37 - [TEST_STEP][PASSED] - verifyElementPresent(findTestObject("checkout/Notifikasi keranjang"), 1): Object 'Object Repository/checkout/Notifikasi keranjang' is present

2023-10-04 19:03:37 - [MESSAGE][PASSED] - Object 'Object Repository/checkout/Notifikasi keranjang' is present

2023-10-04 19:03:37 - [TEST_STEP][PASSED] - data = new java.util.HashMap(): null

2023-10-04 19:03:37 - [TEST_STEP][PASSED] - data.put("nama_barang", NamaSesudah): null

2023-10-04 19:03:37 - [TEST_STEP][PASSED] - data.put("price_barang", HargaSesudah): null

2023-10-04 19:03:37 - [TEST_STEP][PASSED] - return data: null

2023-10-04 19:03:37 - [MESSAGE][PASSED] - Call Test Case 'Test Cases/T13 Pembelian, Shipment dan Pembayaran/PBL-001' successfully

2023-10-04 19:03:37 - [TEST_STEP][PASSED] - mouseOver(findTestObject("beli barang/keranjang")): Object: 'Object Repository/beli barang/keranjang' is hovered

2023-10-04 19:03:38 - [MESSAGE][PASSED] - Object: 'Object Repository/beli barang/keranjang' is hovered

2023-10-04 19:03:38 - [TEST_STEP][PASSED] - click(findTestObject("beli barang/Lihat Sekarang")): Object: 'Object Repository/beli barang/Lihat Sekarang' is clicked on

2023-10-04 19:03:39 - [MESSAGE][PASSED] - Object: 'Object Repository/beli barang/Lihat Sekarang' is clicked on

2023-10-04 19:03:39 - [TEST_STEP][PASSED] - verifyElementPresent(findTestObject("keranjang/li_Keranjang Belanja"), 0): Object 'Object Repository/keranjang/li_Keranjang Belanja' is present

2023-10-04 19:03:39 - [MESSAGE][WARNING] - Timeout '0' is invalid. Using default page load timeout: '30'

2023-10-04 19:03:40 - [MESSAGE][PASSED] - Object 'Object Repository/keranjang/li_Keranjang Belanja' is present

2023-10-04 19:03:40 - [TEST_STEP][PASSED] - NamaKeranjang = getText(findTestObject("verifikasi/Nama keranjang")): Text of object 'Object Repository/verifikasi/Nama keranjang' is: 'Segitiga Instan Madeira - MDB5.3 Sunset'

2023-10-04 19:03:40 - [MESSAGE][PASSED] - Text of object 'Object Repository/verifikasi/Nama keranjang' is: 'Segitiga Instan Madeira - MDB5.3 Sunset'

2023-10-04 19:03:40 - [TEST_STEP][PASSED] - HargaKeranjang = getText(findTestObject("verifikasi/Harga Keranjang")): Text of object 'Object Repository/verifikasi/Harga Keranjang' is: 'Rp 1,299'

2023-10-04 19:03:40 - [MESSAGE][PASSED] - Text of object 'Object Repository/verifikasi/Harga Keranjang' is: 'Rp 1,299'

2023-10-04 19:03:40 - [TEST_STEP][PASSED] - if (toString().equalsIgnoreCase("Merah")): Object 'Object Repository/keranjang/input_Warna_variasi101' is checked

2023-10-04 19:03:40 - [TEST_STEP][PASSED] - check(findTestObject("Object Repository/keranjang/input_Warna_variasi101")): Object 'Object Repository/keranjang/input_Warna_variasi101' is checked

2023-10-04 19:03:41 - [MESSAGE][PASSED] - Object 'Object Repository/keranjang/input_Warna_variasi101' is checked

2023-10-04 19:03:41 - [TEST_STEP][PASSED] - if (toString().equalsIgnoreCase("Menengah")): Object 'Object Repository/keranjang/input_Ukuran_variasi201' is checked

2023-10-04 19:03:41 - [TEST_STEP][PASSED] - check(findTestObject("Object Repository/keranjang/input_Ukuran_variasi201")): Object 'Object Repository/keranjang/input_Ukuran_variasi201' is checked

2023-10-04 19:03:42 - [MESSAGE][PASSED] - Object 'Object Repository/keranjang/input_Ukuran_variasi201' is checked

2023-10-04 19:03:42 - [TEST_STEP][PASSED] - data.put("Warna", warna): null

2023-10-04 19:03:42 - [TEST_STEP][PASSED] - data.put("Ukuran", ukuran): null

2023-10-04 19:03:42 - [TEST_STEP][PASSED] - click(findTestObject("keranjang/button_Lanjut ke Pembayaran")): Object: 'Object Repository/keranjang/button_Lanjut ke Pembayaran' is clicked on

2023-10-04 19:03:43 - [MESSAGE][PASSED] - Object: 'Object Repository/keranjang/button_Lanjut ke Pembayaran' is clicked on

2023-10-04 19:03:43 - [TEST_STEP][PASSED] - verifyElementPresent(findTestObject("checkout/Tittle Checkout Order"), 0): Object 'Object Repository/checkout/Tittle Checkout Order' is present

2023-10-04 19:03:43 - [MESSAGE][WARNING] - Timeout '0' is invalid. Using default page load timeout: '30'

2023-10-04 19:03:44 - [MESSAGE][PASSED] - Object 'Object Repository/checkout/Tittle Checkout Order' is present

2023-10-04 19:03:44 - [TEST_STEP][PASSED] - name_product = data.get("nama_barang"): null

2023-10-04 19:03:44 - [TEST_STEP][PASSED] - price_product = data.get("price_barang"): null

2023-10-04 19:03:44 - [TEST_STEP][PASSED] - assert name_product == NamaKeranjang: null

2023-10-04 19:03:44 - [TEST_STEP][PASSED] - assert price_product == HargaKeranjang: null

2023-10-04 19:03:44 - [TEST_STEP][PASSED] - return data: null

2023-10-04 19:03:44 - [MESSAGE][PASSED] - Call Test Case 'Test Cases/T13 Pembelian, Shipment dan Pembayaran/PBL-002' successfully

2023-10-04 19:03:44 - [TEST_STEP][PASSED] - warnaa = getText(findTestObject("verifikasi/warna Merah")): Text of object 'Object Repository/verifikasi/warna Merah' is: 'Merah'

2023-10-04 19:03:44 - [MESSAGE][PASSED] - Text of object 'Object Repository/verifikasi/warna Merah' is: 'Merah'

2023-10-04 19:03:44 - [TEST_STEP][PASSED] - ukurann = getText(findTestObject("verifikasi/Ukuran Menengah")): Text of object 'Object Repository/verifikasi/Ukuran Menengah' is: 'Menengah'

2023-10-04 19:03:44 - [MESSAGE][PASSED] - Text of object 'Object Repository/verifikasi/Ukuran Menengah' is: 'Menengah'

2023-10-04 19:03:44 - [TEST_STEP][PASSED] - warna1 = data.get("Warna"): null

2023-10-04 19:03:44 - [TEST_STEP][PASSED] - ukuran1 = data.get("Ukuran"): null

2023-10-04 19:03:44 - [TEST_STEP][PASSED] - assert warnaa == warna1: null

2023-10-04 19:03:44 - [TEST_STEP][PASSED] - assert ukurann == ukuran1: null

2023-10-04 19:03:44 - [TEST_STEP][PASSED] - NamaCheckout = getText(findTestObject("verifikasi/NamaCheckout")): Text of object 'Object Repository/verifikasi/NamaCheckout' is: ''

2023-10-04 19:03:45 - [MESSAGE][PASSED] - Text of object 'Object Repository/verifikasi/NamaCheckout' is: ''

2023-10-04 19:03:45 - [TEST_STEP][PASSED] - HargaCheckout = getText(findTestObject("verifikasi/HargaCheckout")): Text of object 'Object Repository/verifikasi/HargaCheckout' is: '2,598'

2023-10-04 19:03:45 - [MESSAGE][PASSED] - Text of object 'Object Repository/verifikasi/HargaCheckout' is: '2,598'

2023-10-04 19:03:45 - [TEST_STEP][PASSED] - name_product = data.get("nama_barang"): null

2023-10-04 19:03:45 - [TEST_STEP][PASSED] - price_product = data.get("price_barang"): null

2023-10-04 19:03:45 - [TEST_STEP][PASSED] - assert name_product.contains(NamaCheckout): null

2023-10-04 19:03:45 - [TEST_STEP][FAILED] - assert price_product.contains(HargaCheckout): Test Cases/T13 Pembelian, Shipment dan Pembayaran/PBL-007 FAILED.
Reason:
Assertion failed: 

assert price_product.contains(HargaCheckout)
       |             |        |
       Rp 1,299      false    2,598

	at PBL-007.run(PBL-007:45)
	at com.kms.katalon.core.main.ScriptEngine.run(ScriptEngine.java:194)
	at com.kms.katalon.core.main.ScriptEngine.runScriptAsRawText(ScriptEngine.java:119)
	at com.kms.katalon.core.main.TestCaseExecutor.runScript(TestCaseExecutor.java:448)
	at com.kms.katalon.core.main.TestCaseExecutor.doExecute(TestCaseExecutor.java:439)
	at com.kms.katalon.core.main.TestCaseExecutor.processExecutionPhase(TestCaseExecutor.java:418)
	at com.kms.katalon.core.main.TestCaseExecutor.accessMainPhase(TestCaseExecutor.java:410)
	at com.kms.katalon.core.main.TestCaseExecutor.execute(TestCaseExecutor.java:285)
	at com.kms.katalon.core.common.CommonExecutor.accessTestCaseMainPhase(CommonExecutor.java:65)
	at com.kms.katalon.core.main.TestSuiteExecutor.accessTestSuiteMainPhase(TestSuiteExecutor.java:148)
	at com.kms.katalon.core.main.TestSuiteExecutor.execute(TestSuiteExecutor.java:106)
	at com.kms.katalon.core.main.TestCaseMain.startTestSuite(TestCaseMain.java:187)
	at com.kms.katalon.core.main.TestCaseMain$startTestSuite$0.call(Unknown Source)
	at TempTestSuite1696420804604.run(TempTestSuite1696420804604.groovy:36)


2023-10-04 19:03:45 - [MESSAGE][FAILED] - Test Cases/T13 Pembelian, Shipment dan Pembayaran/PBL-007 FAILED.
Reason:
Assertion failed: 

assert price_product.contains(HargaCheckout)
       |             |        |
       Rp 1,299      false    2,598

	at PBL-007.run(PBL-007:45)
	at com.kms.katalon.core.main.ScriptEngine.run(ScriptEngine.java:194)
	at com.kms.katalon.core.main.ScriptEngine.runScriptAsRawText(ScriptEngine.java:119)
	at com.kms.katalon.core.main.TestCaseExecutor.runScript(TestCaseExecutor.java:448)
	at com.kms.katalon.core.main.TestCaseExecutor.doExecute(TestCaseExecutor.java:439)
	at com.kms.katalon.core.main.TestCaseExecutor.processExecutionPhase(TestCaseExecutor.java:418)
	at com.kms.katalon.core.main.TestCaseExecutor.accessMainPhase(TestCaseExecutor.java:410)
	at com.kms.katalon.core.main.TestCaseExecutor.execute(TestCaseExecutor.java:285)
	at com.kms.katalon.core.common.CommonExecutor.accessTestCaseMainPhase(CommonExecutor.java:65)
	at com.kms.katalon.core.main.TestSuiteExecutor.accessTestSuiteMainPhase(TestSuiteExecutor.java:148)
	at com.kms.katalon.core.main.TestSuiteExecutor.execute(TestSuiteExecutor.java:106)
	at com.kms.katalon.core.main.TestCaseMain.startTestSuite(TestCaseMain.java:187)
	at com.kms.katalon.core.main.TestCaseMain$startTestSuite$0.call(Unknown Source)
	at TempTestSuite1696420804604.run(TempTestSuite1696420804604.groovy:36)]]></system-out>
         <system-err><![CDATA[2023-10-04 19:03:20 - [TEST_CASE][FAILED] - Test Cases/T13 Pembelian, Shipment dan Pembayaran/PBL-007: Test Cases/T13 Pembelian, Shipment dan Pembayaran/PBL-007 FAILED.
Reason:
Assertion failed: 

assert price_product.contains(HargaCheckout)
       |             |        |
       Rp 1,299      false    2,598

	at PBL-007.run(PBL-007:45)
	at com.kms.katalon.core.main.ScriptEngine.run(ScriptEngine.java:194)
	at com.kms.katalon.core.main.ScriptEngine.runScriptAsRawText(ScriptEngine.java:119)
	at com.kms.katalon.core.main.TestCaseExecutor.runScript(TestCaseExecutor.java:448)
	at com.kms.katalon.core.main.TestCaseExecutor.doExecute(TestCaseExecutor.java:439)
	at com.kms.katalon.core.main.TestCaseExecutor.processExecutionPhase(TestCaseExecutor.java:418)
	at com.kms.katalon.core.main.TestCaseExecutor.accessMainPhase(TestCaseExecutor.java:410)
	at com.kms.katalon.core.main.TestCaseExecutor.execute(TestCaseExecutor.java:285)
	at com.kms.katalon.core.common.CommonExecutor.accessTestCaseMainPhase(CommonExecutor.java:65)
	at com.kms.katalon.core.main.TestSuiteExecutor.accessTestSuiteMainPhase(TestSuiteExecutor.java:148)
	at com.kms.katalon.core.main.TestSuiteExecutor.execute(TestSuiteExecutor.java:106)
	at com.kms.katalon.core.main.TestCaseMain.startTestSuite(TestCaseMain.java:187)
	at com.kms.katalon.core.main.TestCaseMain$startTestSuite$0.call(Unknown Source)
	at TempTestSuite1696420804604.run(TempTestSuite1696420804604.groovy:36)]]></system-err>
      </testcase>
      <testcase name="Test Cases/T13 Pembelian, Shipment dan Pembayaran/PBL-008" time="25.638" classname="Test Cases/T13 Pembelian, Shipment dan Pembayaran/PBL-008" status="FAILED">
         <failure type="FAILED" message="Test Cases/T13 Pembelian, Shipment dan Pembayaran/PBL-008 FAILED.
Reason:
Assertion failed: 

assert price_product.contains(HargaCheckout)
       |             |        |
       Rp 1,299      false    3,897

	at PBL-008.run(PBL-008:45)
	at com.kms.katalon.core.main.ScriptEngine.run(ScriptEngine.java:194)
	at com.kms.katalon.core.main.ScriptEngine.runScriptAsRawText(ScriptEngine.java:119)
	at com.kms.katalon.core.main.TestCaseExecutor.runScript(TestCaseExecutor.java:448)
	at com.kms.katalon.core.main.TestCaseExecutor.doExecute(TestCaseExecutor.java:439)
	at com.kms.katalon.core.main.TestCaseExecutor.processExecutionPhase(TestCaseExecutor.java:418)
	at com.kms.katalon.core.main.TestCaseExecutor.accessMainPhase(TestCaseExecutor.java:410)
	at com.kms.katalon.core.main.TestCaseExecutor.execute(TestCaseExecutor.java:285)
	at com.kms.katalon.core.common.CommonExecutor.accessTestCaseMainPhase(CommonExecutor.java:65)
	at com.kms.katalon.core.main.TestSuiteExecutor.accessTestSuiteMainPhase(TestSuiteExecutor.java:148)
	at com.kms.katalon.core.main.TestSuiteExecutor.execute(TestSuiteExecutor.java:106)
	at com.kms.katalon.core.main.TestCaseMain.startTestSuite(TestCaseMain.java:187)
	at com.kms.katalon.core.main.TestCaseMain$startTestSuite$0.call(Unknown Source)
	at TempTestSuite1696420804604.run(TempTestSuite1696420804604.groovy:36)
"/>
         <system-out><![CDATA[2023-10-04 19:03:45 - [TEST_CASE][FAILED] - Test Cases/T13 Pembelian, Shipment dan Pembayaran/PBL-008: Test Cases/T13 Pembelian, Shipment dan Pembayaran/PBL-008 FAILED.
Reason:
Assertion failed: 

assert price_product.contains(HargaCheckout)
       |             |        |
       Rp 1,299      false    3,897

	at PBL-008.run(PBL-008:45)
	at com.kms.katalon.core.main.ScriptEngine.run(ScriptEngine.java:194)
	at com.kms.katalon.core.main.ScriptEngine.runScriptAsRawText(ScriptEngine.java:119)
	at com.kms.katalon.core.main.TestCaseExecutor.runScript(TestCaseExecutor.java:448)
	at com.kms.katalon.core.main.TestCaseExecutor.doExecute(TestCaseExecutor.java:439)
	at com.kms.katalon.core.main.TestCaseExecutor.processExecutionPhase(TestCaseExecutor.java:418)
	at com.kms.katalon.core.main.TestCaseExecutor.accessMainPhase(TestCaseExecutor.java:410)
	at com.kms.katalon.core.main.TestCaseExecutor.execute(TestCaseExecutor.java:285)
	at com.kms.katalon.core.common.CommonExecutor.accessTestCaseMainPhase(CommonExecutor.java:65)
	at com.kms.katalon.core.main.TestSuiteExecutor.accessTestSuiteMainPhase(TestSuiteExecutor.java:148)
	at com.kms.katalon.core.main.TestSuiteExecutor.execute(TestSuiteExecutor.java:106)
	at com.kms.katalon.core.main.TestCaseMain.startTestSuite(TestCaseMain.java:187)
	at com.kms.katalon.core.main.TestCaseMain$startTestSuite$0.call(Unknown Source)
	at TempTestSuite1696420804604.run(TempTestSuite1696420804604.groovy:36)


2023-10-04 19:03:45 - [TEST_STEP][PASSED] - data = callTestCase(findTestCase("T13 Pembelian, Shipment dan Pembayaran/PBL-002"), [:], STOP_ON_FAILURE): Call Test Case 'Test Cases/T13 Pembelian, Shipment dan Pembayaran/PBL-002' successfully

2023-10-04 19:03:45 - [TEST_CASE][PASSED] - Test Cases/T13 Pembelian, Shipment dan Pembayaran/PBL-002: Test Cases/T13 Pembelian, Shipment dan Pembayaran/PBL-002

2023-10-04 19:03:45 - [TEST_STEP][PASSED] - data = callTestCase(findTestCase("T13 Pembelian, Shipment dan Pembayaran/PBL-001"), [:], STOP_ON_FAILURE): Call Test Case 'Test Cases/T13 Pembelian, Shipment dan Pembayaran/PBL-001' successfully

2023-10-04 19:03:46 - [TEST_CASE][PASSED] - Test Cases/T13 Pembelian, Shipment dan Pembayaran/PBL-001: Test Cases/T13 Pembelian, Shipment dan Pembayaran/PBL-001

2023-10-04 19:03:46 - [TEST_STEP][PASSED] - callTestCase(findTestCase("T13 Pembelian, Shipment dan Pembayaran/LU-001"), ["username":"irfanafandi", "password":"12345irfan"], STOP_ON_FAILURE): Call Test Case 'Test Cases/T13 Pembelian, Shipment dan Pembayaran/LU-001' successfully

2023-10-04 19:03:46 - [TEST_CASE][PASSED] - Test Cases/T13 Pembelian, Shipment dan Pembayaran/LU-001: Test Cases/T13 Pembelian, Shipment dan Pembayaran/LU-001

2023-10-04 19:03:46 - [TEST_STEP][PASSED] - openBrowser("https://10.9.2.63/ecommerce/"): Browser is opened with url: 'https://10.9.2.63/ecommerce/'

2023-10-04 19:03:46 - [MESSAGE][WARNING] - A browser is already opened. Closing browser and opening a new one

2023-10-04 19:03:47 - [MESSAGE][INFO] - Starting 'Firefox' driver

2023-10-04 19:03:47 - [MESSAGE][INFO] - User set preference: ['args', '[--disable-notifications]']

2023-10-04 19:03:47 - [MESSAGE][INFO] - Action delay is set to 0 milliseconds

2023-10-04 19:03:51 - [MESSAGE][PASSED] - Browser is opened with url: 'https://10.9.2.63/ecommerce/'

2023-10-04 19:03:51 - [TEST_STEP][PASSED] - maximizeWindow(): Current window maximized

2023-10-04 19:03:51 - [MESSAGE][PASSED] - Current window maximized

2023-10-04 19:03:51 - [TEST_STEP][PASSED] - verifyElementPresent(findTestObject("Login/Home"), 0): Object 'Object Repository/Login/Home' is present

2023-10-04 19:03:51 - [MESSAGE][WARNING] - Timeout '0' is invalid. Using default page load timeout: '30'

2023-10-04 19:03:52 - [MESSAGE][PASSED] - Object 'Object Repository/Login/Home' is present

2023-10-04 19:03:52 - [TEST_STEP][PASSED] - click(findTestObject("Login/a_Login")): Object: 'Object Repository/Login/a_Login' is clicked on

2023-10-04 19:03:52 - [MESSAGE][PASSED] - Object: 'Object Repository/Login/a_Login' is clicked on

2023-10-04 19:03:52 - [TEST_STEP][PASSED] - verifyElementPresent(findTestObject("Login/Tittle Login"), 0): Object 'Object Repository/Login/Tittle Login' is present

2023-10-04 19:03:52 - [MESSAGE][WARNING] - Timeout '0' is invalid. Using default page load timeout: '30'

2023-10-04 19:03:53 - [MESSAGE][PASSED] - Object 'Object Repository/Login/Tittle Login' is present

2023-10-04 19:03:53 - [TEST_STEP][PASSED] - setText(findTestObject("Login/input_Username, Email atau No. Handphone_a"), username): Text 'irfanafandi' is set on object 'Object Repository/Login/input_Username, Email atau No. Handphone_a'

2023-10-04 19:03:53 - [MESSAGE][PASSED] - Text 'irfanafandi' is set on object 'Object Repository/Login/input_Username, Email atau No. Handphone_a'

2023-10-04 19:03:53 - [TEST_STEP][PASSED] - setText(findTestObject("Login/input_Password_b"), password): Text '12345irfan' is set on object 'Object Repository/Login/input_Password_b'

2023-10-04 19:03:54 - [MESSAGE][PASSED] - Text '12345irfan' is set on object 'Object Repository/Login/input_Password_b'

2023-10-04 19:03:54 - [TEST_STEP][PASSED] - click(findTestObject("Login/label_Ingat saya")): Object: 'Object Repository/Login/label_Ingat saya' is clicked on

2023-10-04 19:03:55 - [MESSAGE][PASSED] - Object: 'Object Repository/Login/label_Ingat saya' is clicked on

2023-10-04 19:03:55 - [TEST_STEP][PASSED] - click(findTestObject("Login/button_Masuk")): Object: 'Object Repository/Login/button_Masuk' is clicked on

2023-10-04 19:03:56 - [MESSAGE][PASSED] - Object: 'Object Repository/Login/button_Masuk' is clicked on

2023-10-04 19:03:56 - [TEST_STEP][PASSED] - verifyElementPresent(findTestObject("Login/li_Profile"), 0): Object 'Object Repository/Login/li_Profile' is present

2023-10-04 19:03:56 - [MESSAGE][WARNING] - Timeout '0' is invalid. Using default page load timeout: '30'

2023-10-04 19:03:56 - [MESSAGE][PASSED] - Object 'Object Repository/Login/li_Profile' is present

2023-10-04 19:03:56 - [MESSAGE][PASSED] - Call Test Case 'Test Cases/T13 Pembelian, Shipment dan Pembayaran/LU-001' successfully

2023-10-04 19:03:56 - [TEST_STEP][PASSED] - mouseOver(findTestObject("beli barang/i_Mulai Belanja_icon-menu")): Object: 'Object Repository/beli barang/i_Mulai Belanja_icon-menu' is hovered

2023-10-04 19:03:57 - [MESSAGE][PASSED] - Object: 'Object Repository/beli barang/i_Mulai Belanja_icon-menu' is hovered

2023-10-04 19:03:57 - [TEST_STEP][PASSED] - click(findTestObject("beli barang/a_Fashion  Busana Wanita")): Object: 'Object Repository/beli barang/a_Fashion  Busana Wanita' is clicked on

2023-10-04 19:03:58 - [MESSAGE][PASSED] - Object: 'Object Repository/beli barang/a_Fashion  Busana Wanita' is clicked on

2023-10-04 19:03:58 - [TEST_STEP][PASSED] - NamaSebelum = getText(findTestObject("verifikasi/Nama sebelum")): Text of object 'Object Repository/verifikasi/Nama sebelum' is: ''

2023-10-04 19:03:58 - [MESSAGE][PASSED] - Text of object 'Object Repository/verifikasi/Nama sebelum' is: ''

2023-10-04 19:03:58 - [TEST_STEP][PASSED] - HargaSebelum = getText(findTestObject("verifikasi/Harga sebelum")): Text of object 'Object Repository/verifikasi/Harga sebelum' is: ''

2023-10-04 19:03:59 - [MESSAGE][PASSED] - Text of object 'Object Repository/verifikasi/Harga sebelum' is: ''

2023-10-04 19:03:59 - [TEST_STEP][PASSED] - mouseOver(findTestObject("beli barang/barang mouse over")): Object: 'Object Repository/beli barang/barang mouse over' is hovered

2023-10-04 19:03:59 - [MESSAGE][PASSED] - Object: 'Object Repository/beli barang/barang mouse over' is hovered

2023-10-04 19:03:59 - [TEST_STEP][PASSED] - click(findTestObject("beli barang/buttom add to cart")): Object: 'Object Repository/beli barang/buttom add to cart' is clicked on

2023-10-04 19:04:01 - [MESSAGE][PASSED] - Object: 'Object Repository/beli barang/buttom add to cart' is clicked on

2023-10-04 19:04:01 - [TEST_STEP][PASSED] - NamaSesudah = getText(findTestObject("verifikasi/Nama sesudah")): Text of object 'Object Repository/verifikasi/Nama sesudah' is: 'Segitiga Instan Madeira - MDB5.3 Sunset'

2023-10-04 19:04:01 - [MESSAGE][PASSED] - Text of object 'Object Repository/verifikasi/Nama sesudah' is: 'Segitiga Instan Madeira - MDB5.3 Sunset'

2023-10-04 19:04:01 - [TEST_STEP][PASSED] - HargaSesudah = getText(findTestObject("verifikasi/Harga sesudah")): Text of object 'Object Repository/verifikasi/Harga sesudah' is: 'Rp 1,299'

2023-10-04 19:04:02 - [MESSAGE][PASSED] - Text of object 'Object Repository/verifikasi/Harga sesudah' is: 'Rp 1,299'

2023-10-04 19:04:02 - [TEST_STEP][PASSED] - assert NamaSesudah.contains(NamaSebelum): null

2023-10-04 19:04:02 - [TEST_STEP][PASSED] - assert HargaSesudah.contains(HargaSebelum): null

2023-10-04 19:04:02 - [TEST_STEP][PASSED] - click(findTestObject("beli barang/Tambah Keranjang busana wanita")): Object: 'Object Repository/beli barang/Tambah Keranjang busana wanita' is clicked on

2023-10-04 19:04:02 - [MESSAGE][PASSED] - Object: 'Object Repository/beli barang/Tambah Keranjang busana wanita' is clicked on

2023-10-04 19:04:02 - [TEST_STEP][PASSED] - verifyElementPresent(findTestObject("checkout/Notifikasi keranjang"), 1): Object 'Object Repository/checkout/Notifikasi keranjang' is present

2023-10-04 19:04:03 - [MESSAGE][PASSED] - Object 'Object Repository/checkout/Notifikasi keranjang' is present

2023-10-04 19:04:03 - [TEST_STEP][PASSED] - data = new java.util.HashMap(): null

2023-10-04 19:04:03 - [TEST_STEP][PASSED] - data.put("nama_barang", NamaSesudah): null

2023-10-04 19:04:03 - [TEST_STEP][PASSED] - data.put("price_barang", HargaSesudah): null

2023-10-04 19:04:03 - [TEST_STEP][PASSED] - return data: null

2023-10-04 19:04:03 - [MESSAGE][PASSED] - Call Test Case 'Test Cases/T13 Pembelian, Shipment dan Pembayaran/PBL-001' successfully

2023-10-04 19:04:03 - [TEST_STEP][PASSED] - mouseOver(findTestObject("beli barang/keranjang")): Object: 'Object Repository/beli barang/keranjang' is hovered

2023-10-04 19:04:03 - [MESSAGE][PASSED] - Object: 'Object Repository/beli barang/keranjang' is hovered

2023-10-04 19:04:03 - [TEST_STEP][PASSED] - click(findTestObject("beli barang/Lihat Sekarang")): Object: 'Object Repository/beli barang/Lihat Sekarang' is clicked on

2023-10-04 19:04:04 - [MESSAGE][PASSED] - Object: 'Object Repository/beli barang/Lihat Sekarang' is clicked on

2023-10-04 19:04:04 - [TEST_STEP][PASSED] - verifyElementPresent(findTestObject("keranjang/li_Keranjang Belanja"), 0): Object 'Object Repository/keranjang/li_Keranjang Belanja' is present

2023-10-04 19:04:04 - [MESSAGE][WARNING] - Timeout '0' is invalid. Using default page load timeout: '30'

2023-10-04 19:04:05 - [MESSAGE][PASSED] - Object 'Object Repository/keranjang/li_Keranjang Belanja' is present

2023-10-04 19:04:05 - [TEST_STEP][PASSED] - NamaKeranjang = getText(findTestObject("verifikasi/Nama keranjang")): Text of object 'Object Repository/verifikasi/Nama keranjang' is: 'Segitiga Instan Madeira - MDB5.3 Sunset'

2023-10-04 19:04:06 - [MESSAGE][PASSED] - Text of object 'Object Repository/verifikasi/Nama keranjang' is: 'Segitiga Instan Madeira - MDB5.3 Sunset'

2023-10-04 19:04:06 - [TEST_STEP][PASSED] - HargaKeranjang = getText(findTestObject("verifikasi/Harga Keranjang")): Text of object 'Object Repository/verifikasi/Harga Keranjang' is: 'Rp 1,299'

2023-10-04 19:04:06 - [MESSAGE][PASSED] - Text of object 'Object Repository/verifikasi/Harga Keranjang' is: 'Rp 1,299'

2023-10-04 19:04:06 - [TEST_STEP][PASSED] - if (toString().equalsIgnoreCase("Merah")): Object 'Object Repository/keranjang/input_Warna_variasi101' is checked

2023-10-04 19:04:06 - [TEST_STEP][PASSED] - check(findTestObject("Object Repository/keranjang/input_Warna_variasi101")): Object 'Object Repository/keranjang/input_Warna_variasi101' is checked

2023-10-04 19:04:06 - [MESSAGE][PASSED] - Object 'Object Repository/keranjang/input_Warna_variasi101' is checked

2023-10-04 19:04:06 - [TEST_STEP][PASSED] - if (toString().equalsIgnoreCase("Menengah")): Object 'Object Repository/keranjang/input_Ukuran_variasi201' is checked

2023-10-04 19:04:06 - [TEST_STEP][PASSED] - check(findTestObject("Object Repository/keranjang/input_Ukuran_variasi201")): Object 'Object Repository/keranjang/input_Ukuran_variasi201' is checked

2023-10-04 19:04:07 - [MESSAGE][PASSED] - Object 'Object Repository/keranjang/input_Ukuran_variasi201' is checked

2023-10-04 19:04:07 - [TEST_STEP][PASSED] - data.put("Warna", warna): null

2023-10-04 19:04:07 - [TEST_STEP][PASSED] - data.put("Ukuran", ukuran): null

2023-10-04 19:04:07 - [TEST_STEP][PASSED] - click(findTestObject("keranjang/button_Lanjut ke Pembayaran")): Object: 'Object Repository/keranjang/button_Lanjut ke Pembayaran' is clicked on

2023-10-04 19:04:08 - [MESSAGE][PASSED] - Object: 'Object Repository/keranjang/button_Lanjut ke Pembayaran' is clicked on

2023-10-04 19:04:08 - [TEST_STEP][PASSED] - verifyElementPresent(findTestObject("checkout/Tittle Checkout Order"), 0): Object 'Object Repository/checkout/Tittle Checkout Order' is present

2023-10-04 19:04:08 - [MESSAGE][WARNING] - Timeout '0' is invalid. Using default page load timeout: '30'

2023-10-04 19:04:09 - [MESSAGE][PASSED] - Object 'Object Repository/checkout/Tittle Checkout Order' is present

2023-10-04 19:04:09 - [TEST_STEP][PASSED] - name_product = data.get("nama_barang"): null

2023-10-04 19:04:09 - [TEST_STEP][PASSED] - price_product = data.get("price_barang"): null

2023-10-04 19:04:09 - [TEST_STEP][PASSED] - assert name_product == NamaKeranjang: null

2023-10-04 19:04:09 - [TEST_STEP][PASSED] - assert price_product == HargaKeranjang: null

2023-10-04 19:04:09 - [TEST_STEP][PASSED] - return data: null

2023-10-04 19:04:09 - [MESSAGE][PASSED] - Call Test Case 'Test Cases/T13 Pembelian, Shipment dan Pembayaran/PBL-002' successfully

2023-10-04 19:04:09 - [TEST_STEP][PASSED] - warnaa = getText(findTestObject("verifikasi/warna Merah")): Text of object 'Object Repository/verifikasi/warna Merah' is: 'Merah'

2023-10-04 19:04:10 - [MESSAGE][PASSED] - Text of object 'Object Repository/verifikasi/warna Merah' is: 'Merah'

2023-10-04 19:04:10 - [TEST_STEP][PASSED] - ukurann = getText(findTestObject("verifikasi/Ukuran Menengah")): Text of object 'Object Repository/verifikasi/Ukuran Menengah' is: 'Menengah'

2023-10-04 19:04:10 - [MESSAGE][PASSED] - Text of object 'Object Repository/verifikasi/Ukuran Menengah' is: 'Menengah'

2023-10-04 19:04:10 - [TEST_STEP][PASSED] - warna1 = data.get("Warna"): null

2023-10-04 19:04:10 - [TEST_STEP][PASSED] - ukuran1 = data.get("Ukuran"): null

2023-10-04 19:04:10 - [TEST_STEP][PASSED] - assert warnaa == warna1: null

2023-10-04 19:04:10 - [TEST_STEP][PASSED] - assert ukurann == ukuran1: null

2023-10-04 19:04:10 - [TEST_STEP][PASSED] - NamaCheckout = getText(findTestObject("verifikasi/NamaCheckout")): Text of object 'Object Repository/verifikasi/NamaCheckout' is: ''

2023-10-04 19:04:10 - [MESSAGE][PASSED] - Text of object 'Object Repository/verifikasi/NamaCheckout' is: ''

2023-10-04 19:04:10 - [TEST_STEP][PASSED] - HargaCheckout = getText(findTestObject("verifikasi/HargaCheckout")): Text of object 'Object Repository/verifikasi/HargaCheckout' is: '3,897'

2023-10-04 19:04:11 - [MESSAGE][PASSED] - Text of object 'Object Repository/verifikasi/HargaCheckout' is: '3,897'

2023-10-04 19:04:11 - [TEST_STEP][PASSED] - name_product = data.get("nama_barang"): null

2023-10-04 19:04:11 - [TEST_STEP][PASSED] - price_product = data.get("price_barang"): null

2023-10-04 19:04:11 - [TEST_STEP][PASSED] - assert name_product.contains(NamaCheckout): null

2023-10-04 19:04:11 - [TEST_STEP][FAILED] - assert price_product.contains(HargaCheckout): Test Cases/T13 Pembelian, Shipment dan Pembayaran/PBL-008 FAILED.
Reason:
Assertion failed: 

assert price_product.contains(HargaCheckout)
       |             |        |
       Rp 1,299      false    3,897

	at PBL-008.run(PBL-008:45)
	at com.kms.katalon.core.main.ScriptEngine.run(ScriptEngine.java:194)
	at com.kms.katalon.core.main.ScriptEngine.runScriptAsRawText(ScriptEngine.java:119)
	at com.kms.katalon.core.main.TestCaseExecutor.runScript(TestCaseExecutor.java:448)
	at com.kms.katalon.core.main.TestCaseExecutor.doExecute(TestCaseExecutor.java:439)
	at com.kms.katalon.core.main.TestCaseExecutor.processExecutionPhase(TestCaseExecutor.java:418)
	at com.kms.katalon.core.main.TestCaseExecutor.accessMainPhase(TestCaseExecutor.java:410)
	at com.kms.katalon.core.main.TestCaseExecutor.execute(TestCaseExecutor.java:285)
	at com.kms.katalon.core.common.CommonExecutor.accessTestCaseMainPhase(CommonExecutor.java:65)
	at com.kms.katalon.core.main.TestSuiteExecutor.accessTestSuiteMainPhase(TestSuiteExecutor.java:148)
	at com.kms.katalon.core.main.TestSuiteExecutor.execute(TestSuiteExecutor.java:106)
	at com.kms.katalon.core.main.TestCaseMain.startTestSuite(TestCaseMain.java:187)
	at com.kms.katalon.core.main.TestCaseMain$startTestSuite$0.call(Unknown Source)
	at TempTestSuite1696420804604.run(TempTestSuite1696420804604.groovy:36)


2023-10-04 19:04:11 - [MESSAGE][FAILED] - Test Cases/T13 Pembelian, Shipment dan Pembayaran/PBL-008 FAILED.
Reason:
Assertion failed: 

assert price_product.contains(HargaCheckout)
       |             |        |
       Rp 1,299      false    3,897

	at PBL-008.run(PBL-008:45)
	at com.kms.katalon.core.main.ScriptEngine.run(ScriptEngine.java:194)
	at com.kms.katalon.core.main.ScriptEngine.runScriptAsRawText(ScriptEngine.java:119)
	at com.kms.katalon.core.main.TestCaseExecutor.runScript(TestCaseExecutor.java:448)
	at com.kms.katalon.core.main.TestCaseExecutor.doExecute(TestCaseExecutor.java:439)
	at com.kms.katalon.core.main.TestCaseExecutor.processExecutionPhase(TestCaseExecutor.java:418)
	at com.kms.katalon.core.main.TestCaseExecutor.accessMainPhase(TestCaseExecutor.java:410)
	at com.kms.katalon.core.main.TestCaseExecutor.execute(TestCaseExecutor.java:285)
	at com.kms.katalon.core.common.CommonExecutor.accessTestCaseMainPhase(CommonExecutor.java:65)
	at com.kms.katalon.core.main.TestSuiteExecutor.accessTestSuiteMainPhase(TestSuiteExecutor.java:148)
	at com.kms.katalon.core.main.TestSuiteExecutor.execute(TestSuiteExecutor.java:106)
	at com.kms.katalon.core.main.TestCaseMain.startTestSuite(TestCaseMain.java:187)
	at com.kms.katalon.core.main.TestCaseMain$startTestSuite$0.call(Unknown Source)
	at TempTestSuite1696420804604.run(TempTestSuite1696420804604.groovy:36)]]></system-out>
         <system-err><![CDATA[2023-10-04 19:03:45 - [TEST_CASE][FAILED] - Test Cases/T13 Pembelian, Shipment dan Pembayaran/PBL-008: Test Cases/T13 Pembelian, Shipment dan Pembayaran/PBL-008 FAILED.
Reason:
Assertion failed: 

assert price_product.contains(HargaCheckout)
       |             |        |
       Rp 1,299      false    3,897

	at PBL-008.run(PBL-008:45)
	at com.kms.katalon.core.main.ScriptEngine.run(ScriptEngine.java:194)
	at com.kms.katalon.core.main.ScriptEngine.runScriptAsRawText(ScriptEngine.java:119)
	at com.kms.katalon.core.main.TestCaseExecutor.runScript(TestCaseExecutor.java:448)
	at com.kms.katalon.core.main.TestCaseExecutor.doExecute(TestCaseExecutor.java:439)
	at com.kms.katalon.core.main.TestCaseExecutor.processExecutionPhase(TestCaseExecutor.java:418)
	at com.kms.katalon.core.main.TestCaseExecutor.accessMainPhase(TestCaseExecutor.java:410)
	at com.kms.katalon.core.main.TestCaseExecutor.execute(TestCaseExecutor.java:285)
	at com.kms.katalon.core.common.CommonExecutor.accessTestCaseMainPhase(CommonExecutor.java:65)
	at com.kms.katalon.core.main.TestSuiteExecutor.accessTestSuiteMainPhase(TestSuiteExecutor.java:148)
	at com.kms.katalon.core.main.TestSuiteExecutor.execute(TestSuiteExecutor.java:106)
	at com.kms.katalon.core.main.TestCaseMain.startTestSuite(TestCaseMain.java:187)
	at com.kms.katalon.core.main.TestCaseMain$startTestSuite$0.call(Unknown Source)
	at TempTestSuite1696420804604.run(TempTestSuite1696420804604.groovy:36)]]></system-err>
      </testcase>
      <testcase name="Test Cases/T13 Pembelian, Shipment dan Pembayaran/PBL-009" time="25.451" classname="Test Cases/T13 Pembelian, Shipment dan Pembayaran/PBL-009" status="FAILED">
         <failure type="FAILED" message="Test Cases/T13 Pembelian, Shipment dan Pembayaran/PBL-009 FAILED.
Reason:
Assertion failed: 

assert price_product.contains(HargaCheckout)
       |             |        |
       Rp 1,299      false    5,196

	at PBL-009.run(PBL-009:45)
	at com.kms.katalon.core.main.ScriptEngine.run(ScriptEngine.java:194)
	at com.kms.katalon.core.main.ScriptEngine.runScriptAsRawText(ScriptEngine.java:119)
	at com.kms.katalon.core.main.TestCaseExecutor.runScript(TestCaseExecutor.java:448)
	at com.kms.katalon.core.main.TestCaseExecutor.doExecute(TestCaseExecutor.java:439)
	at com.kms.katalon.core.main.TestCaseExecutor.processExecutionPhase(TestCaseExecutor.java:418)
	at com.kms.katalon.core.main.TestCaseExecutor.accessMainPhase(TestCaseExecutor.java:410)
	at com.kms.katalon.core.main.TestCaseExecutor.execute(TestCaseExecutor.java:285)
	at com.kms.katalon.core.common.CommonExecutor.accessTestCaseMainPhase(CommonExecutor.java:65)
	at com.kms.katalon.core.main.TestSuiteExecutor.accessTestSuiteMainPhase(TestSuiteExecutor.java:148)
	at com.kms.katalon.core.main.TestSuiteExecutor.execute(TestSuiteExecutor.java:106)
	at com.kms.katalon.core.main.TestCaseMain.startTestSuite(TestCaseMain.java:187)
	at com.kms.katalon.core.main.TestCaseMain$startTestSuite$0.call(Unknown Source)
	at TempTestSuite1696420804604.run(TempTestSuite1696420804604.groovy:36)
"/>
         <system-out><![CDATA[2023-10-04 19:04:11 - [TEST_CASE][FAILED] - Test Cases/T13 Pembelian, Shipment dan Pembayaran/PBL-009: Test Cases/T13 Pembelian, Shipment dan Pembayaran/PBL-009 FAILED.
Reason:
Assertion failed: 

assert price_product.contains(HargaCheckout)
       |             |        |
       Rp 1,299      false    5,196

	at PBL-009.run(PBL-009:45)
	at com.kms.katalon.core.main.ScriptEngine.run(ScriptEngine.java:194)
	at com.kms.katalon.core.main.ScriptEngine.runScriptAsRawText(ScriptEngine.java:119)
	at com.kms.katalon.core.main.TestCaseExecutor.runScript(TestCaseExecutor.java:448)
	at com.kms.katalon.core.main.TestCaseExecutor.doExecute(TestCaseExecutor.java:439)
	at com.kms.katalon.core.main.TestCaseExecutor.processExecutionPhase(TestCaseExecutor.java:418)
	at com.kms.katalon.core.main.TestCaseExecutor.accessMainPhase(TestCaseExecutor.java:410)
	at com.kms.katalon.core.main.TestCaseExecutor.execute(TestCaseExecutor.java:285)
	at com.kms.katalon.core.common.CommonExecutor.accessTestCaseMainPhase(CommonExecutor.java:65)
	at com.kms.katalon.core.main.TestSuiteExecutor.accessTestSuiteMainPhase(TestSuiteExecutor.java:148)
	at com.kms.katalon.core.main.TestSuiteExecutor.execute(TestSuiteExecutor.java:106)
	at com.kms.katalon.core.main.TestCaseMain.startTestSuite(TestCaseMain.java:187)
	at com.kms.katalon.core.main.TestCaseMain$startTestSuite$0.call(Unknown Source)
	at TempTestSuite1696420804604.run(TempTestSuite1696420804604.groovy:36)


2023-10-04 19:04:11 - [TEST_STEP][PASSED] - data = callTestCase(findTestCase("T13 Pembelian, Shipment dan Pembayaran/PBL-002"), [:], STOP_ON_FAILURE): Call Test Case 'Test Cases/T13 Pembelian, Shipment dan Pembayaran/PBL-002' successfully

2023-10-04 19:04:11 - [TEST_CASE][PASSED] - Test Cases/T13 Pembelian, Shipment dan Pembayaran/PBL-002: Test Cases/T13 Pembelian, Shipment dan Pembayaran/PBL-002

2023-10-04 19:04:11 - [TEST_STEP][PASSED] - data = callTestCase(findTestCase("T13 Pembelian, Shipment dan Pembayaran/PBL-001"), [:], STOP_ON_FAILURE): Call Test Case 'Test Cases/T13 Pembelian, Shipment dan Pembayaran/PBL-001' successfully

2023-10-04 19:04:11 - [TEST_CASE][PASSED] - Test Cases/T13 Pembelian, Shipment dan Pembayaran/PBL-001: Test Cases/T13 Pembelian, Shipment dan Pembayaran/PBL-001

2023-10-04 19:04:11 - [TEST_STEP][PASSED] - callTestCase(findTestCase("T13 Pembelian, Shipment dan Pembayaran/LU-001"), ["username":"irfanafandi", "password":"12345irfan"], STOP_ON_FAILURE): Call Test Case 'Test Cases/T13 Pembelian, Shipment dan Pembayaran/LU-001' successfully

2023-10-04 19:04:11 - [TEST_CASE][PASSED] - Test Cases/T13 Pembelian, Shipment dan Pembayaran/LU-001: Test Cases/T13 Pembelian, Shipment dan Pembayaran/LU-001

2023-10-04 19:04:11 - [TEST_STEP][PASSED] - openBrowser("https://10.9.2.63/ecommerce/"): Browser is opened with url: 'https://10.9.2.63/ecommerce/'

2023-10-04 19:04:11 - [MESSAGE][WARNING] - A browser is already opened. Closing browser and opening a new one

2023-10-04 19:04:12 - [MESSAGE][INFO] - Starting 'Firefox' driver

2023-10-04 19:04:12 - [MESSAGE][INFO] - User set preference: ['args', '[--disable-notifications]']

2023-10-04 19:04:12 - [MESSAGE][INFO] - Action delay is set to 0 milliseconds

2023-10-04 19:04:17 - [MESSAGE][PASSED] - Browser is opened with url: 'https://10.9.2.63/ecommerce/'

2023-10-04 19:04:17 - [TEST_STEP][PASSED] - maximizeWindow(): Current window maximized

2023-10-04 19:04:17 - [MESSAGE][PASSED] - Current window maximized

2023-10-04 19:04:17 - [TEST_STEP][PASSED] - verifyElementPresent(findTestObject("Login/Home"), 0): Object 'Object Repository/Login/Home' is present

2023-10-04 19:04:18 - [MESSAGE][WARNING] - Timeout '0' is invalid. Using default page load timeout: '30'

2023-10-04 19:04:18 - [MESSAGE][PASSED] - Object 'Object Repository/Login/Home' is present

2023-10-04 19:04:18 - [TEST_STEP][PASSED] - click(findTestObject("Login/a_Login")): Object: 'Object Repository/Login/a_Login' is clicked on

2023-10-04 19:04:19 - [MESSAGE][PASSED] - Object: 'Object Repository/Login/a_Login' is clicked on

2023-10-04 19:04:19 - [TEST_STEP][PASSED] - verifyElementPresent(findTestObject("Login/Tittle Login"), 0): Object 'Object Repository/Login/Tittle Login' is present

2023-10-04 19:04:19 - [MESSAGE][WARNING] - Timeout '0' is invalid. Using default page load timeout: '30'

2023-10-04 19:04:19 - [MESSAGE][PASSED] - Object 'Object Repository/Login/Tittle Login' is present

2023-10-04 19:04:19 - [TEST_STEP][PASSED] - setText(findTestObject("Login/input_Username, Email atau No. Handphone_a"), username): Text 'irfanafandi' is set on object 'Object Repository/Login/input_Username, Email atau No. Handphone_a'

2023-10-04 19:04:20 - [MESSAGE][PASSED] - Text 'irfanafandi' is set on object 'Object Repository/Login/input_Username, Email atau No. Handphone_a'

2023-10-04 19:04:20 - [TEST_STEP][PASSED] - setText(findTestObject("Login/input_Password_b"), password): Text '12345irfan' is set on object 'Object Repository/Login/input_Password_b'

2023-10-04 19:04:20 - [MESSAGE][PASSED] - Text '12345irfan' is set on object 'Object Repository/Login/input_Password_b'

2023-10-04 19:04:20 - [TEST_STEP][PASSED] - click(findTestObject("Login/label_Ingat saya")): Object: 'Object Repository/Login/label_Ingat saya' is clicked on

2023-10-04 19:04:21 - [MESSAGE][PASSED] - Object: 'Object Repository/Login/label_Ingat saya' is clicked on

2023-10-04 19:04:21 - [TEST_STEP][PASSED] - click(findTestObject("Login/button_Masuk")): Object: 'Object Repository/Login/button_Masuk' is clicked on

2023-10-04 19:04:22 - [MESSAGE][PASSED] - Object: 'Object Repository/Login/button_Masuk' is clicked on

2023-10-04 19:04:22 - [TEST_STEP][PASSED] - verifyElementPresent(findTestObject("Login/li_Profile"), 0): Object 'Object Repository/Login/li_Profile' is present

2023-10-04 19:04:22 - [MESSAGE][WARNING] - Timeout '0' is invalid. Using default page load timeout: '30'

2023-10-04 19:04:22 - [MESSAGE][PASSED] - Object 'Object Repository/Login/li_Profile' is present

2023-10-04 19:04:22 - [MESSAGE][PASSED] - Call Test Case 'Test Cases/T13 Pembelian, Shipment dan Pembayaran/LU-001' successfully

2023-10-04 19:04:22 - [TEST_STEP][PASSED] - mouseOver(findTestObject("beli barang/i_Mulai Belanja_icon-menu")): Object: 'Object Repository/beli barang/i_Mulai Belanja_icon-menu' is hovered

2023-10-04 19:04:23 - [MESSAGE][PASSED] - Object: 'Object Repository/beli barang/i_Mulai Belanja_icon-menu' is hovered

2023-10-04 19:04:23 - [TEST_STEP][PASSED] - click(findTestObject("beli barang/a_Fashion  Busana Wanita")): Object: 'Object Repository/beli barang/a_Fashion  Busana Wanita' is clicked on

2023-10-04 19:04:24 - [MESSAGE][PASSED] - Object: 'Object Repository/beli barang/a_Fashion  Busana Wanita' is clicked on

2023-10-04 19:04:24 - [TEST_STEP][PASSED] - NamaSebelum = getText(findTestObject("verifikasi/Nama sebelum")): Text of object 'Object Repository/verifikasi/Nama sebelum' is: ''

2023-10-04 19:04:25 - [MESSAGE][PASSED] - Text of object 'Object Repository/verifikasi/Nama sebelum' is: ''

2023-10-04 19:04:25 - [TEST_STEP][PASSED] - HargaSebelum = getText(findTestObject("verifikasi/Harga sebelum")): Text of object 'Object Repository/verifikasi/Harga sebelum' is: ''

2023-10-04 19:04:25 - [MESSAGE][PASSED] - Text of object 'Object Repository/verifikasi/Harga sebelum' is: ''

2023-10-04 19:04:25 - [TEST_STEP][PASSED] - mouseOver(findTestObject("beli barang/barang mouse over")): Object: 'Object Repository/beli barang/barang mouse over' is hovered

2023-10-04 19:04:26 - [MESSAGE][PASSED] - Object: 'Object Repository/beli barang/barang mouse over' is hovered

2023-10-04 19:04:26 - [TEST_STEP][PASSED] - click(findTestObject("beli barang/buttom add to cart")): Object: 'Object Repository/beli barang/buttom add to cart' is clicked on

2023-10-04 19:04:27 - [MESSAGE][PASSED] - Object: 'Object Repository/beli barang/buttom add to cart' is clicked on

2023-10-04 19:04:27 - [TEST_STEP][PASSED] - NamaSesudah = getText(findTestObject("verifikasi/Nama sesudah")): Text of object 'Object Repository/verifikasi/Nama sesudah' is: 'Segitiga Instan Madeira - MDB5.3 Sunset'

2023-10-04 19:04:27 - [MESSAGE][PASSED] - Text of object 'Object Repository/verifikasi/Nama sesudah' is: 'Segitiga Instan Madeira - MDB5.3 Sunset'

2023-10-04 19:04:27 - [TEST_STEP][PASSED] - HargaSesudah = getText(findTestObject("verifikasi/Harga sesudah")): Text of object 'Object Repository/verifikasi/Harga sesudah' is: 'Rp 1,299'

2023-10-04 19:04:28 - [MESSAGE][PASSED] - Text of object 'Object Repository/verifikasi/Harga sesudah' is: 'Rp 1,299'

2023-10-04 19:04:28 - [TEST_STEP][PASSED] - assert NamaSesudah.contains(NamaSebelum): null

2023-10-04 19:04:28 - [TEST_STEP][PASSED] - assert HargaSesudah.contains(HargaSebelum): null

2023-10-04 19:04:28 - [TEST_STEP][PASSED] - click(findTestObject("beli barang/Tambah Keranjang busana wanita")): Object: 'Object Repository/beli barang/Tambah Keranjang busana wanita' is clicked on

2023-10-04 19:04:28 - [MESSAGE][PASSED] - Object: 'Object Repository/beli barang/Tambah Keranjang busana wanita' is clicked on

2023-10-04 19:04:28 - [TEST_STEP][PASSED] - verifyElementPresent(findTestObject("checkout/Notifikasi keranjang"), 1): Object 'Object Repository/checkout/Notifikasi keranjang' is present

2023-10-04 19:04:29 - [MESSAGE][PASSED] - Object 'Object Repository/checkout/Notifikasi keranjang' is present

2023-10-04 19:04:29 - [TEST_STEP][PASSED] - data = new java.util.HashMap(): null

2023-10-04 19:04:29 - [TEST_STEP][PASSED] - data.put("nama_barang", NamaSesudah): null

2023-10-04 19:04:29 - [TEST_STEP][PASSED] - data.put("price_barang", HargaSesudah): null

2023-10-04 19:04:29 - [TEST_STEP][PASSED] - return data: null

2023-10-04 19:04:29 - [MESSAGE][PASSED] - Call Test Case 'Test Cases/T13 Pembelian, Shipment dan Pembayaran/PBL-001' successfully

2023-10-04 19:04:29 - [TEST_STEP][PASSED] - mouseOver(findTestObject("beli barang/keranjang")): Object: 'Object Repository/beli barang/keranjang' is hovered

2023-10-04 19:04:30 - [MESSAGE][PASSED] - Object: 'Object Repository/beli barang/keranjang' is hovered

2023-10-04 19:04:30 - [TEST_STEP][PASSED] - click(findTestObject("beli barang/Lihat Sekarang")): Object: 'Object Repository/beli barang/Lihat Sekarang' is clicked on

2023-10-04 19:04:30 - [MESSAGE][PASSED] - Object: 'Object Repository/beli barang/Lihat Sekarang' is clicked on

2023-10-04 19:04:30 - [TEST_STEP][PASSED] - verifyElementPresent(findTestObject("keranjang/li_Keranjang Belanja"), 0): Object 'Object Repository/keranjang/li_Keranjang Belanja' is present

2023-10-04 19:04:30 - [MESSAGE][WARNING] - Timeout '0' is invalid. Using default page load timeout: '30'

2023-10-04 19:04:31 - [MESSAGE][PASSED] - Object 'Object Repository/keranjang/li_Keranjang Belanja' is present

2023-10-04 19:04:31 - [TEST_STEP][PASSED] - NamaKeranjang = getText(findTestObject("verifikasi/Nama keranjang")): Text of object 'Object Repository/verifikasi/Nama keranjang' is: 'Segitiga Instan Madeira - MDB5.3 Sunset'

2023-10-04 19:04:32 - [MESSAGE][PASSED] - Text of object 'Object Repository/verifikasi/Nama keranjang' is: 'Segitiga Instan Madeira - MDB5.3 Sunset'

2023-10-04 19:04:32 - [TEST_STEP][PASSED] - HargaKeranjang = getText(findTestObject("verifikasi/Harga Keranjang")): Text of object 'Object Repository/verifikasi/Harga Keranjang' is: 'Rp 1,299'

2023-10-04 19:04:32 - [MESSAGE][PASSED] - Text of object 'Object Repository/verifikasi/Harga Keranjang' is: 'Rp 1,299'

2023-10-04 19:04:32 - [TEST_STEP][PASSED] - if (toString().equalsIgnoreCase("Merah")): Object 'Object Repository/keranjang/input_Warna_variasi101' is checked

2023-10-04 19:04:32 - [TEST_STEP][PASSED] - check(findTestObject("Object Repository/keranjang/input_Warna_variasi101")): Object 'Object Repository/keranjang/input_Warna_variasi101' is checked

2023-10-04 19:04:33 - [MESSAGE][PASSED] - Object 'Object Repository/keranjang/input_Warna_variasi101' is checked

2023-10-04 19:04:33 - [TEST_STEP][PASSED] - if (toString().equalsIgnoreCase("Menengah")): Object 'Object Repository/keranjang/input_Ukuran_variasi201' is checked

2023-10-04 19:04:33 - [TEST_STEP][PASSED] - check(findTestObject("Object Repository/keranjang/input_Ukuran_variasi201")): Object 'Object Repository/keranjang/input_Ukuran_variasi201' is checked

2023-10-04 19:04:33 - [MESSAGE][PASSED] - Object 'Object Repository/keranjang/input_Ukuran_variasi201' is checked

2023-10-04 19:04:33 - [TEST_STEP][PASSED] - data.put("Warna", warna): null

2023-10-04 19:04:33 - [TEST_STEP][PASSED] - data.put("Ukuran", ukuran): null

2023-10-04 19:04:33 - [TEST_STEP][PASSED] - click(findTestObject("keranjang/button_Lanjut ke Pembayaran")): Object: 'Object Repository/keranjang/button_Lanjut ke Pembayaran' is clicked on

2023-10-04 19:04:34 - [MESSAGE][PASSED] - Object: 'Object Repository/keranjang/button_Lanjut ke Pembayaran' is clicked on

2023-10-04 19:04:34 - [TEST_STEP][PASSED] - verifyElementPresent(findTestObject("checkout/Tittle Checkout Order"), 0): Object 'Object Repository/checkout/Tittle Checkout Order' is present

2023-10-04 19:04:34 - [MESSAGE][WARNING] - Timeout '0' is invalid. Using default page load timeout: '30'

2023-10-04 19:04:35 - [MESSAGE][PASSED] - Object 'Object Repository/checkout/Tittle Checkout Order' is present

2023-10-04 19:04:35 - [TEST_STEP][PASSED] - name_product = data.get("nama_barang"): null

2023-10-04 19:04:35 - [TEST_STEP][PASSED] - price_product = data.get("price_barang"): null

2023-10-04 19:04:35 - [TEST_STEP][PASSED] - assert name_product == NamaKeranjang: null

2023-10-04 19:04:35 - [TEST_STEP][PASSED] - assert price_product == HargaKeranjang: null

2023-10-04 19:04:35 - [TEST_STEP][PASSED] - return data: null

2023-10-04 19:04:35 - [MESSAGE][PASSED] - Call Test Case 'Test Cases/T13 Pembelian, Shipment dan Pembayaran/PBL-002' successfully

2023-10-04 19:04:35 - [TEST_STEP][PASSED] - warnaa = getText(findTestObject("verifikasi/warna Merah")): Text of object 'Object Repository/verifikasi/warna Merah' is: 'Merah'

2023-10-04 19:04:35 - [MESSAGE][PASSED] - Text of object 'Object Repository/verifikasi/warna Merah' is: 'Merah'

2023-10-04 19:04:35 - [TEST_STEP][PASSED] - ukurann = getText(findTestObject("verifikasi/Ukuran Menengah")): Text of object 'Object Repository/verifikasi/Ukuran Menengah' is: 'Menengah'

2023-10-04 19:04:36 - [MESSAGE][PASSED] - Text of object 'Object Repository/verifikasi/Ukuran Menengah' is: 'Menengah'

2023-10-04 19:04:36 - [TEST_STEP][PASSED] - warna1 = data.get("Warna"): null

2023-10-04 19:04:36 - [TEST_STEP][PASSED] - ukuran1 = data.get("Ukuran"): null

2023-10-04 19:04:36 - [TEST_STEP][PASSED] - assert warnaa == warna1: null

2023-10-04 19:04:36 - [TEST_STEP][PASSED] - assert ukurann == ukuran1: null

2023-10-04 19:04:36 - [TEST_STEP][PASSED] - NamaCheckout = getText(findTestObject("verifikasi/NamaCheckout")): Text of object 'Object Repository/verifikasi/NamaCheckout' is: ''

2023-10-04 19:04:36 - [MESSAGE][PASSED] - Text of object 'Object Repository/verifikasi/NamaCheckout' is: ''

2023-10-04 19:04:36 - [TEST_STEP][PASSED] - HargaCheckout = getText(findTestObject("verifikasi/HargaCheckout")): Text of object 'Object Repository/verifikasi/HargaCheckout' is: '5,196'

2023-10-04 19:04:36 - [MESSAGE][PASSED] - Text of object 'Object Repository/verifikasi/HargaCheckout' is: '5,196'

2023-10-04 19:04:36 - [TEST_STEP][PASSED] - name_product = data.get("nama_barang"): null

2023-10-04 19:04:36 - [TEST_STEP][PASSED] - price_product = data.get("price_barang"): null

2023-10-04 19:04:36 - [TEST_STEP][PASSED] - assert name_product.contains(NamaCheckout): null

2023-10-04 19:04:36 - [TEST_STEP][FAILED] - assert price_product.contains(HargaCheckout): Test Cases/T13 Pembelian, Shipment dan Pembayaran/PBL-009 FAILED.
Reason:
Assertion failed: 

assert price_product.contains(HargaCheckout)
       |             |        |
       Rp 1,299      false    5,196

	at PBL-009.run(PBL-009:45)
	at com.kms.katalon.core.main.ScriptEngine.run(ScriptEngine.java:194)
	at com.kms.katalon.core.main.ScriptEngine.runScriptAsRawText(ScriptEngine.java:119)
	at com.kms.katalon.core.main.TestCaseExecutor.runScript(TestCaseExecutor.java:448)
	at com.kms.katalon.core.main.TestCaseExecutor.doExecute(TestCaseExecutor.java:439)
	at com.kms.katalon.core.main.TestCaseExecutor.processExecutionPhase(TestCaseExecutor.java:418)
	at com.kms.katalon.core.main.TestCaseExecutor.accessMainPhase(TestCaseExecutor.java:410)
	at com.kms.katalon.core.main.TestCaseExecutor.execute(TestCaseExecutor.java:285)
	at com.kms.katalon.core.common.CommonExecutor.accessTestCaseMainPhase(CommonExecutor.java:65)
	at com.kms.katalon.core.main.TestSuiteExecutor.accessTestSuiteMainPhase(TestSuiteExecutor.java:148)
	at com.kms.katalon.core.main.TestSuiteExecutor.execute(TestSuiteExecutor.java:106)
	at com.kms.katalon.core.main.TestCaseMain.startTestSuite(TestCaseMain.java:187)
	at com.kms.katalon.core.main.TestCaseMain$startTestSuite$0.call(Unknown Source)
	at TempTestSuite1696420804604.run(TempTestSuite1696420804604.groovy:36)


2023-10-04 19:04:36 - [MESSAGE][FAILED] - Test Cases/T13 Pembelian, Shipment dan Pembayaran/PBL-009 FAILED.
Reason:
Assertion failed: 

assert price_product.contains(HargaCheckout)
       |             |        |
       Rp 1,299      false    5,196

	at PBL-009.run(PBL-009:45)
	at com.kms.katalon.core.main.ScriptEngine.run(ScriptEngine.java:194)
	at com.kms.katalon.core.main.ScriptEngine.runScriptAsRawText(ScriptEngine.java:119)
	at com.kms.katalon.core.main.TestCaseExecutor.runScript(TestCaseExecutor.java:448)
	at com.kms.katalon.core.main.TestCaseExecutor.doExecute(TestCaseExecutor.java:439)
	at com.kms.katalon.core.main.TestCaseExecutor.processExecutionPhase(TestCaseExecutor.java:418)
	at com.kms.katalon.core.main.TestCaseExecutor.accessMainPhase(TestCaseExecutor.java:410)
	at com.kms.katalon.core.main.TestCaseExecutor.execute(TestCaseExecutor.java:285)
	at com.kms.katalon.core.common.CommonExecutor.accessTestCaseMainPhase(CommonExecutor.java:65)
	at com.kms.katalon.core.main.TestSuiteExecutor.accessTestSuiteMainPhase(TestSuiteExecutor.java:148)
	at com.kms.katalon.core.main.TestSuiteExecutor.execute(TestSuiteExecutor.java:106)
	at com.kms.katalon.core.main.TestCaseMain.startTestSuite(TestCaseMain.java:187)
	at com.kms.katalon.core.main.TestCaseMain$startTestSuite$0.call(Unknown Source)
	at TempTestSuite1696420804604.run(TempTestSuite1696420804604.groovy:36)]]></system-out>
         <system-err><![CDATA[2023-10-04 19:04:11 - [TEST_CASE][FAILED] - Test Cases/T13 Pembelian, Shipment dan Pembayaran/PBL-009: Test Cases/T13 Pembelian, Shipment dan Pembayaran/PBL-009 FAILED.
Reason:
Assertion failed: 

assert price_product.contains(HargaCheckout)
       |             |        |
       Rp 1,299      false    5,196

	at PBL-009.run(PBL-009:45)
	at com.kms.katalon.core.main.ScriptEngine.run(ScriptEngine.java:194)
	at com.kms.katalon.core.main.ScriptEngine.runScriptAsRawText(ScriptEngine.java:119)
	at com.kms.katalon.core.main.TestCaseExecutor.runScript(TestCaseExecutor.java:448)
	at com.kms.katalon.core.main.TestCaseExecutor.doExecute(TestCaseExecutor.java:439)
	at com.kms.katalon.core.main.TestCaseExecutor.processExecutionPhase(TestCaseExecutor.java:418)
	at com.kms.katalon.core.main.TestCaseExecutor.accessMainPhase(TestCaseExecutor.java:410)
	at com.kms.katalon.core.main.TestCaseExecutor.execute(TestCaseExecutor.java:285)
	at com.kms.katalon.core.common.CommonExecutor.accessTestCaseMainPhase(CommonExecutor.java:65)
	at com.kms.katalon.core.main.TestSuiteExecutor.accessTestSuiteMainPhase(TestSuiteExecutor.java:148)
	at com.kms.katalon.core.main.TestSuiteExecutor.execute(TestSuiteExecutor.java:106)
	at com.kms.katalon.core.main.TestCaseMain.startTestSuite(TestCaseMain.java:187)
	at com.kms.katalon.core.main.TestCaseMain$startTestSuite$0.call(Unknown Source)
	at TempTestSuite1696420804604.run(TempTestSuite1696420804604.groovy:36)]]></system-err>
      </testcase>
      <testcase name="Test Cases/T13 Pembelian, Shipment dan Pembayaran/PBL-010" time="17.656" classname="Test Cases/T13 Pembelian, Shipment dan Pembayaran/PBL-010" status="PASSED">
         <system-out><![CDATA[2023-10-04 19:04:36 - [TEST_CASE][PASSED] - Test Cases/T13 Pembelian, Shipment dan Pembayaran/PBL-010: Test Cases/T13 Pembelian, Shipment dan Pembayaran/PBL-010

2023-10-04 19:04:37 - [TEST_STEP][PASSED] - openBrowser("https://10.9.2.63/ecommerce/"): Browser is opened with url: 'https://10.9.2.63/ecommerce/'

2023-10-04 19:04:37 - [MESSAGE][WARNING] - A browser is already opened. Closing browser and opening a new one

2023-10-04 19:04:38 - [MESSAGE][INFO] - Starting 'Firefox' driver

2023-10-04 19:04:38 - [MESSAGE][INFO] - User set preference: ['args', '[--disable-notifications]']

2023-10-04 19:04:38 - [MESSAGE][INFO] - Action delay is set to 0 milliseconds

2023-10-04 19:04:42 - [MESSAGE][PASSED] - Browser is opened with url: 'https://10.9.2.63/ecommerce/'

2023-10-04 19:04:42 - [TEST_STEP][PASSED] - mouseOver(findTestObject("beli barang/i_Mulai Belanja_icon-menu")): Object: 'Object Repository/beli barang/i_Mulai Belanja_icon-menu' is hovered

2023-10-04 19:04:43 - [MESSAGE][PASSED] - Object: 'Object Repository/beli barang/i_Mulai Belanja_icon-menu' is hovered

2023-10-04 19:04:43 - [TEST_STEP][PASSED] - click(findTestObject("beli barang/a_Fashion  Busana Wanita")): Object: 'Object Repository/beli barang/a_Fashion  Busana Wanita' is clicked on

2023-10-04 19:04:44 - [MESSAGE][PASSED] - Object: 'Object Repository/beli barang/a_Fashion  Busana Wanita' is clicked on

2023-10-04 19:04:44 - [TEST_STEP][PASSED] - NamaSebelum = getText(findTestObject("verifikasi/Nama sebelum")): Text of object 'Object Repository/verifikasi/Nama sebelum' is: ''

2023-10-04 19:04:45 - [MESSAGE][PASSED] - Text of object 'Object Repository/verifikasi/Nama sebelum' is: ''

2023-10-04 19:04:45 - [TEST_STEP][PASSED] - HargaSebelum = getText(findTestObject("verifikasi/Harga sebelum")): Text of object 'Object Repository/verifikasi/Harga sebelum' is: 'Rp 1,299'

2023-10-04 19:04:45 - [MESSAGE][PASSED] - Text of object 'Object Repository/verifikasi/Harga sebelum' is: 'Rp 1,299'

2023-10-04 19:04:45 - [TEST_STEP][PASSED] - mouseOver(findTestObject("beli barang/barang mouse over")): Object: 'Object Repository/beli barang/barang mouse over' is hovered

2023-10-04 19:04:46 - [MESSAGE][PASSED] - Object: 'Object Repository/beli barang/barang mouse over' is hovered

2023-10-04 19:04:46 - [TEST_STEP][PASSED] - click(findTestObject("beli barang/buttom add to cart")): Object: 'Object Repository/beli barang/buttom add to cart' is clicked on

2023-10-04 19:04:47 - [MESSAGE][PASSED] - Object: 'Object Repository/beli barang/buttom add to cart' is clicked on

2023-10-04 19:04:47 - [TEST_STEP][PASSED] - NamaSesudah = getText(findTestObject("verifikasi/Nama sesudah")): Text of object 'Object Repository/verifikasi/Nama sesudah' is: 'Segitiga Instan Madeira - MDB5.3 Sunset'

2023-10-04 19:04:47 - [MESSAGE][PASSED] - Text of object 'Object Repository/verifikasi/Nama sesudah' is: 'Segitiga Instan Madeira - MDB5.3 Sunset'

2023-10-04 19:04:47 - [TEST_STEP][PASSED] - HargaSesudah = getText(findTestObject("verifikasi/Harga sesudah")): Text of object 'Object Repository/verifikasi/Harga sesudah' is: 'Rp 1,299'

2023-10-04 19:04:48 - [MESSAGE][PASSED] - Text of object 'Object Repository/verifikasi/Harga sesudah' is: 'Rp 1,299'

2023-10-04 19:04:48 - [TEST_STEP][PASSED] - assert NamaSesudah.contains(NamaSebelum): null

2023-10-04 19:04:48 - [TEST_STEP][PASSED] - assert HargaSesudah.contains(HargaSebelum): null

2023-10-04 19:04:48 - [TEST_STEP][PASSED] - click(findTestObject("Beli tanpa akun/button_Beli Sekarang")): Object: 'Object Repository/Beli tanpa akun/button_Beli Sekarang' is clicked on

2023-10-04 19:04:49 - [MESSAGE][PASSED] - Object: 'Object Repository/Beli tanpa akun/button_Beli Sekarang' is clicked on

2023-10-04 19:04:49 - [TEST_STEP][PASSED] - data = new java.util.HashMap(): null

2023-10-04 19:04:49 - [TEST_STEP][PASSED] - data.put("nama_barang", NamaSesudah): null

2023-10-04 19:04:49 - [TEST_STEP][PASSED] - data.put("price_barang", HargaSesudah): null

2023-10-04 19:04:49 - [TEST_STEP][PASSED] - verifyElementPresent(findTestObject("keranjang/li_Keranjang Belanja"), 0): Object 'Object Repository/keranjang/li_Keranjang Belanja' is present

2023-10-04 19:04:49 - [MESSAGE][WARNING] - Timeout '0' is invalid. Using default page load timeout: '30'

2023-10-04 19:04:50 - [MESSAGE][PASSED] - Object 'Object Repository/keranjang/li_Keranjang Belanja' is present

2023-10-04 19:04:50 - [TEST_STEP][PASSED] - NamaKeranjang = getText(findTestObject("verifikasi/Nama keranjang")): Text of object 'Object Repository/verifikasi/Nama keranjang' is: 'Segitiga Instan Madeira - MDB5.3 Sunset'

2023-10-04 19:04:50 - [MESSAGE][PASSED] - Text of object 'Object Repository/verifikasi/Nama keranjang' is: 'Segitiga Instan Madeira - MDB5.3 Sunset'

2023-10-04 19:04:50 - [TEST_STEP][PASSED] - HargaKeranjang = getText(findTestObject("verifikasi/Harga Keranjang")): Text of object 'Object Repository/verifikasi/Harga Keranjang' is: 'Rp 1,299'

2023-10-04 19:04:51 - [MESSAGE][PASSED] - Text of object 'Object Repository/verifikasi/Harga Keranjang' is: 'Rp 1,299'

2023-10-04 19:04:51 - [TEST_STEP][PASSED] - if (toString().equalsIgnoreCase("Merah")): Object 'Object Repository/keranjang/input_Warna_variasi101' is checked

2023-10-04 19:04:51 - [TEST_STEP][PASSED] - check(findTestObject("Object Repository/keranjang/input_Warna_variasi101")): Object 'Object Repository/keranjang/input_Warna_variasi101' is checked

2023-10-04 19:04:51 - [MESSAGE][PASSED] - Object 'Object Repository/keranjang/input_Warna_variasi101' is checked

2023-10-04 19:04:51 - [TEST_STEP][PASSED] - if (toString().equalsIgnoreCase("Menengah")): Object 'Object Repository/keranjang/input_Ukuran_variasi201' is checked

2023-10-04 19:04:51 - [TEST_STEP][PASSED] - check(findTestObject("Object Repository/keranjang/input_Ukuran_variasi201")): Object 'Object Repository/keranjang/input_Ukuran_variasi201' is checked

2023-10-04 19:04:52 - [MESSAGE][PASSED] - Object 'Object Repository/keranjang/input_Ukuran_variasi201' is checked

2023-10-04 19:04:52 - [TEST_STEP][PASSED] - data.put("Warna", warna): null

2023-10-04 19:04:52 - [TEST_STEP][PASSED] - data.put("Ukuran", ukuran): null

2023-10-04 19:04:52 - [TEST_STEP][PASSED] - click(findTestObject("keranjang/button_Lanjut ke Pembayaran")): Object: 'Object Repository/keranjang/button_Lanjut ke Pembayaran' is clicked on

2023-10-04 19:04:53 - [MESSAGE][PASSED] - Object: 'Object Repository/keranjang/button_Lanjut ke Pembayaran' is clicked on

2023-10-04 19:04:53 - [TEST_STEP][PASSED] - verifyElementPresent(findTestObject("checkout/Tittle Checkout Order"), 0): Object 'Object Repository/checkout/Tittle Checkout Order' is present

2023-10-04 19:04:53 - [MESSAGE][WARNING] - Timeout '0' is invalid. Using default page load timeout: '30'

2023-10-04 19:04:54 - [MESSAGE][PASSED] - Object 'Object Repository/checkout/Tittle Checkout Order' is present

2023-10-04 19:04:54 - [TEST_STEP][PASSED] - name_product = data.get("nama_barang"): null

2023-10-04 19:04:54 - [TEST_STEP][PASSED] - price_product = data.get("price_barang"): null

2023-10-04 19:04:54 - [TEST_STEP][PASSED] - assert name_product == NamaKeranjang: null

2023-10-04 19:04:54 - [TEST_STEP][PASSED] - assert price_product == HargaKeranjang: null

2023-10-04 19:04:54 - [TEST_STEP][PASSED] - return data: null]]></system-out>
         <system-err><![CDATA[]]></system-err>
      </testcase>
      <testcase name="Test Cases/T13 Pembelian, Shipment dan Pembayaran/PBL-011" time="30.69" classname="Test Cases/T13 Pembelian, Shipment dan Pembayaran/PBL-011" status="FAILED">
         <failure type="FAILED" message="Test Cases/T13 Pembelian, Shipment dan Pembayaran/PBL-011 FAILED.
Reason:
com.kms.katalon.core.exception.StepFailedException: Unable to verify text 'mohon login akun terlebih dahulu' is present 
	at com.kms.katalon.core.webui.keyword.internal.WebUIKeywordMain.stepFailed(WebUIKeywordMain.groovy:64)
	at com.kms.katalon.core.webui.keyword.internal.WebUIKeywordMain.runKeyword(WebUIKeywordMain.groovy:26)
	at com.kms.katalon.core.webui.keyword.builtin.VerifyTextPresentKeyword.verifyTextPresent(VerifyTextPresentKeyword.groovy:83)
	at com.kms.katalon.core.webui.keyword.builtin.VerifyTextPresentKeyword.execute(VerifyTextPresentKeyword.groovy:68)
	at com.kms.katalon.core.keyword.internal.KeywordExecutor.executeKeywordForPlatform(KeywordExecutor.groovy:74)
	at com.kms.katalon.core.webui.keyword.WebUiBuiltInKeywords.verifyTextPresent(WebUiBuiltInKeywords.groovy:1723)
	at com.kms.katalon.core.webui.keyword.WebUiBuiltInKeywords$verifyTextPresent$9.call(Unknown Source)
	at PBL-011.run(PBL-011:67)
	at com.kms.katalon.core.main.ScriptEngine.run(ScriptEngine.java:194)
	at com.kms.katalon.core.main.ScriptEngine.runScriptAsRawText(ScriptEngine.java:119)
	at com.kms.katalon.core.main.TestCaseExecutor.runScript(TestCaseExecutor.java:448)
	at com.kms.katalon.core.main.TestCaseExecutor.doExecute(TestCaseExecutor.java:439)
	at com.kms.katalon.core.main.TestCaseExecutor.processExecutionPhase(TestCaseExecutor.java:418)
	at com.kms.katalon.core.main.TestCaseExecutor.accessMainPhase(TestCaseExecutor.java:410)
	at com.kms.katalon.core.main.TestCaseExecutor.execute(TestCaseExecutor.java:285)
	at com.kms.katalon.core.common.CommonExecutor.accessTestCaseMainPhase(CommonExecutor.java:65)
	at com.kms.katalon.core.main.TestSuiteExecutor.accessTestSuiteMainPhase(TestSuiteExecutor.java:148)
	at com.kms.katalon.core.main.TestSuiteExecutor.execute(TestSuiteExecutor.java:106)
	at com.kms.katalon.core.main.TestCaseMain.startTestSuite(TestCaseMain.java:187)
	at com.kms.katalon.core.main.TestCaseMain$startTestSuite$0.call(Unknown Source)
	at TempTestSuite1696420804604.run(TempTestSuite1696420804604.groovy:36)
Caused by: com.kms.katalon.core.exception.StepFailedException: Text 'mohon login akun terlebih dahulu' is not present on page 
	at com.kms.katalon.core.webui.keyword.internal.WebUIKeywordMain.stepFailed(WebUIKeywordMain.groovy:64)
	at com.kms.katalon.core.webui.keyword.builtin.VerifyTextPresentKeyword$_verifyTextPresent_closure1.doCall(VerifyTextPresentKeyword.groovy:79)
	at com.kms.katalon.core.webui.keyword.builtin.VerifyTextPresentKeyword$_verifyTextPresent_closure1.call(VerifyTextPresentKeyword.groovy)
	at com.kms.katalon.core.webui.keyword.internal.WebUIKeywordMain.runKeyword(WebUIKeywordMain.groovy:20)
	... 19 more
"/>
         <system-out><![CDATA[2023-10-04 19:04:54 - [TEST_CASE][FAILED] - Test Cases/T13 Pembelian, Shipment dan Pembayaran/PBL-011: Test Cases/T13 Pembelian, Shipment dan Pembayaran/PBL-011 FAILED.
Reason:
com.kms.katalon.core.exception.StepFailedException: Unable to verify text 'mohon login akun terlebih dahulu' is present 
	at com.kms.katalon.core.webui.keyword.internal.WebUIKeywordMain.stepFailed(WebUIKeywordMain.groovy:64)
	at com.kms.katalon.core.webui.keyword.internal.WebUIKeywordMain.runKeyword(WebUIKeywordMain.groovy:26)
	at com.kms.katalon.core.webui.keyword.builtin.VerifyTextPresentKeyword.verifyTextPresent(VerifyTextPresentKeyword.groovy:83)
	at com.kms.katalon.core.webui.keyword.builtin.VerifyTextPresentKeyword.execute(VerifyTextPresentKeyword.groovy:68)
	at com.kms.katalon.core.keyword.internal.KeywordExecutor.executeKeywordForPlatform(KeywordExecutor.groovy:74)
	at com.kms.katalon.core.webui.keyword.WebUiBuiltInKeywords.verifyTextPresent(WebUiBuiltInKeywords.groovy:1723)
	at com.kms.katalon.core.webui.keyword.WebUiBuiltInKeywords$verifyTextPresent$9.call(Unknown Source)
	at PBL-011.run(PBL-011:67)
	at com.kms.katalon.core.main.ScriptEngine.run(ScriptEngine.java:194)
	at com.kms.katalon.core.main.ScriptEngine.runScriptAsRawText(ScriptEngine.java:119)
	at com.kms.katalon.core.main.TestCaseExecutor.runScript(TestCaseExecutor.java:448)
	at com.kms.katalon.core.main.TestCaseExecutor.doExecute(TestCaseExecutor.java:439)
	at com.kms.katalon.core.main.TestCaseExecutor.processExecutionPhase(TestCaseExecutor.java:418)
	at com.kms.katalon.core.main.TestCaseExecutor.accessMainPhase(TestCaseExecutor.java:410)
	at com.kms.katalon.core.main.TestCaseExecutor.execute(TestCaseExecutor.java:285)
	at com.kms.katalon.core.common.CommonExecutor.accessTestCaseMainPhase(CommonExecutor.java:65)
	at com.kms.katalon.core.main.TestSuiteExecutor.accessTestSuiteMainPhase(TestSuiteExecutor.java:148)
	at com.kms.katalon.core.main.TestSuiteExecutor.execute(TestSuiteExecutor.java:106)
	at com.kms.katalon.core.main.TestCaseMain.startTestSuite(TestCaseMain.java:187)
	at com.kms.katalon.core.main.TestCaseMain$startTestSuite$0.call(Unknown Source)
	at TempTestSuite1696420804604.run(TempTestSuite1696420804604.groovy:36)
Caused by: com.kms.katalon.core.exception.StepFailedException: Text 'mohon login akun terlebih dahulu' is not present on page 
	at com.kms.katalon.core.webui.keyword.internal.WebUIKeywordMain.stepFailed(WebUIKeywordMain.groovy:64)
	at com.kms.katalon.core.webui.keyword.builtin.VerifyTextPresentKeyword$_verifyTextPresent_closure1.doCall(VerifyTextPresentKeyword.groovy:79)
	at com.kms.katalon.core.webui.keyword.builtin.VerifyTextPresentKeyword$_verifyTextPresent_closure1.call(VerifyTextPresentKeyword.groovy)
	at com.kms.katalon.core.webui.keyword.internal.WebUIKeywordMain.runKeyword(WebUIKeywordMain.groovy:20)
	... 19 more


2023-10-04 19:04:54 - [TEST_STEP][PASSED] - data = callTestCase(findTestCase("T13 Pembelian, Shipment dan Pembayaran/PBL-010"), ["warna":"Merah", "ukuran":"Menengah"], STOP_ON_FAILURE): Call Test Case 'Test Cases/T13 Pembelian, Shipment dan Pembayaran/PBL-010' successfully

2023-10-04 19:04:54 - [TEST_CASE][PASSED] - Test Cases/T13 Pembelian, Shipment dan Pembayaran/PBL-010: Test Cases/T13 Pembelian, Shipment dan Pembayaran/PBL-010

2023-10-04 19:04:54 - [TEST_STEP][PASSED] - openBrowser("https://10.9.2.63/ecommerce/"): Browser is opened with url: 'https://10.9.2.63/ecommerce/'

2023-10-04 19:04:54 - [MESSAGE][WARNING] - A browser is already opened. Closing browser and opening a new one

2023-10-04 19:04:55 - [MESSAGE][INFO] - Starting 'Firefox' driver

2023-10-04 19:04:55 - [MESSAGE][INFO] - User set preference: ['args', '[--disable-notifications]']

2023-10-04 19:04:55 - [MESSAGE][INFO] - Action delay is set to 0 milliseconds

2023-10-04 19:05:00 - [MESSAGE][PASSED] - Browser is opened with url: 'https://10.9.2.63/ecommerce/'

2023-10-04 19:05:00 - [TEST_STEP][PASSED] - mouseOver(findTestObject("beli barang/i_Mulai Belanja_icon-menu")): Object: 'Object Repository/beli barang/i_Mulai Belanja_icon-menu' is hovered

2023-10-04 19:05:01 - [MESSAGE][PASSED] - Object: 'Object Repository/beli barang/i_Mulai Belanja_icon-menu' is hovered

2023-10-04 19:05:01 - [TEST_STEP][PASSED] - click(findTestObject("beli barang/a_Fashion  Busana Wanita")): Object: 'Object Repository/beli barang/a_Fashion  Busana Wanita' is clicked on

2023-10-04 19:05:02 - [MESSAGE][PASSED] - Object: 'Object Repository/beli barang/a_Fashion  Busana Wanita' is clicked on

2023-10-04 19:05:02 - [TEST_STEP][PASSED] - NamaSebelum = getText(findTestObject("verifikasi/Nama sebelum")): Text of object 'Object Repository/verifikasi/Nama sebelum' is: ''

2023-10-04 19:05:02 - [MESSAGE][PASSED] - Text of object 'Object Repository/verifikasi/Nama sebelum' is: ''

2023-10-04 19:05:02 - [TEST_STEP][PASSED] - HargaSebelum = getText(findTestObject("verifikasi/Harga sebelum")): Text of object 'Object Repository/verifikasi/Harga sebelum' is: 'Rp 1,299'

2023-10-04 19:05:03 - [MESSAGE][PASSED] - Text of object 'Object Repository/verifikasi/Harga sebelum' is: 'Rp 1,299'

2023-10-04 19:05:03 - [TEST_STEP][PASSED] - mouseOver(findTestObject("beli barang/barang mouse over")): Object: 'Object Repository/beli barang/barang mouse over' is hovered

2023-10-04 19:05:03 - [MESSAGE][PASSED] - Object: 'Object Repository/beli barang/barang mouse over' is hovered

2023-10-04 19:05:03 - [TEST_STEP][PASSED] - click(findTestObject("beli barang/buttom add to cart")): Object: 'Object Repository/beli barang/buttom add to cart' is clicked on

2023-10-04 19:05:04 - [MESSAGE][PASSED] - Object: 'Object Repository/beli barang/buttom add to cart' is clicked on

2023-10-04 19:05:04 - [TEST_STEP][PASSED] - NamaSesudah = getText(findTestObject("verifikasi/Nama sesudah")): Text of object 'Object Repository/verifikasi/Nama sesudah' is: 'Segitiga Instan Madeira - MDB5.3 Sunset'

2023-10-04 19:05:05 - [MESSAGE][PASSED] - Text of object 'Object Repository/verifikasi/Nama sesudah' is: 'Segitiga Instan Madeira - MDB5.3 Sunset'

2023-10-04 19:05:05 - [TEST_STEP][PASSED] - HargaSesudah = getText(findTestObject("verifikasi/Harga sesudah")): Text of object 'Object Repository/verifikasi/Harga sesudah' is: 'Rp 1,299'

2023-10-04 19:05:05 - [MESSAGE][PASSED] - Text of object 'Object Repository/verifikasi/Harga sesudah' is: 'Rp 1,299'

2023-10-04 19:05:05 - [TEST_STEP][PASSED] - assert NamaSesudah.contains(NamaSebelum): null

2023-10-04 19:05:05 - [TEST_STEP][PASSED] - assert HargaSesudah.contains(HargaSebelum): null

2023-10-04 19:05:05 - [TEST_STEP][PASSED] - click(findTestObject("Beli tanpa akun/button_Beli Sekarang")): Object: 'Object Repository/Beli tanpa akun/button_Beli Sekarang' is clicked on

2023-10-04 19:05:07 - [MESSAGE][PASSED] - Object: 'Object Repository/Beli tanpa akun/button_Beli Sekarang' is clicked on

2023-10-04 19:05:07 - [TEST_STEP][PASSED] - data = new java.util.HashMap(): null

2023-10-04 19:05:07 - [TEST_STEP][PASSED] - data.put("nama_barang", NamaSesudah): null

2023-10-04 19:05:07 - [TEST_STEP][PASSED] - data.put("price_barang", HargaSesudah): null

2023-10-04 19:05:07 - [TEST_STEP][PASSED] - verifyElementPresent(findTestObject("keranjang/li_Keranjang Belanja"), 0): Object 'Object Repository/keranjang/li_Keranjang Belanja' is present

2023-10-04 19:05:07 - [MESSAGE][WARNING] - Timeout '0' is invalid. Using default page load timeout: '30'

2023-10-04 19:05:08 - [MESSAGE][PASSED] - Object 'Object Repository/keranjang/li_Keranjang Belanja' is present

2023-10-04 19:05:08 - [TEST_STEP][PASSED] - NamaKeranjang = getText(findTestObject("verifikasi/Nama keranjang")): Text of object 'Object Repository/verifikasi/Nama keranjang' is: 'Segitiga Instan Madeira - MDB5.3 Sunset'

2023-10-04 19:05:08 - [MESSAGE][PASSED] - Text of object 'Object Repository/verifikasi/Nama keranjang' is: 'Segitiga Instan Madeira - MDB5.3 Sunset'

2023-10-04 19:05:08 - [TEST_STEP][PASSED] - HargaKeranjang = getText(findTestObject("verifikasi/Harga Keranjang")): Text of object 'Object Repository/verifikasi/Harga Keranjang' is: 'Rp 1,299'

2023-10-04 19:05:08 - [MESSAGE][PASSED] - Text of object 'Object Repository/verifikasi/Harga Keranjang' is: 'Rp 1,299'

2023-10-04 19:05:08 - [TEST_STEP][PASSED] - if (toString().equalsIgnoreCase("Merah")): Object 'Object Repository/keranjang/input_Warna_variasi101' is checked

2023-10-04 19:05:08 - [TEST_STEP][PASSED] - check(findTestObject("Object Repository/keranjang/input_Warna_variasi101")): Object 'Object Repository/keranjang/input_Warna_variasi101' is checked

2023-10-04 19:05:09 - [MESSAGE][PASSED] - Object 'Object Repository/keranjang/input_Warna_variasi101' is checked

2023-10-04 19:05:09 - [TEST_STEP][PASSED] - if (toString().equalsIgnoreCase("Menengah")): Object 'Object Repository/keranjang/input_Ukuran_variasi201' is checked

2023-10-04 19:05:09 - [TEST_STEP][PASSED] - check(findTestObject("Object Repository/keranjang/input_Ukuran_variasi201")): Object 'Object Repository/keranjang/input_Ukuran_variasi201' is checked

2023-10-04 19:05:09 - [MESSAGE][PASSED] - Object 'Object Repository/keranjang/input_Ukuran_variasi201' is checked

2023-10-04 19:05:09 - [TEST_STEP][PASSED] - data.put("Warna", warna): null

2023-10-04 19:05:09 - [TEST_STEP][PASSED] - data.put("Ukuran", ukuran): null

2023-10-04 19:05:09 - [TEST_STEP][PASSED] - click(findTestObject("keranjang/button_Lanjut ke Pembayaran")): Object: 'Object Repository/keranjang/button_Lanjut ke Pembayaran' is clicked on

2023-10-04 19:05:10 - [MESSAGE][PASSED] - Object: 'Object Repository/keranjang/button_Lanjut ke Pembayaran' is clicked on

2023-10-04 19:05:10 - [TEST_STEP][PASSED] - verifyElementPresent(findTestObject("checkout/Tittle Checkout Order"), 0): Object 'Object Repository/checkout/Tittle Checkout Order' is present

2023-10-04 19:05:10 - [MESSAGE][WARNING] - Timeout '0' is invalid. Using default page load timeout: '30'

2023-10-04 19:05:11 - [MESSAGE][PASSED] - Object 'Object Repository/checkout/Tittle Checkout Order' is present

2023-10-04 19:05:11 - [TEST_STEP][PASSED] - name_product = data.get("nama_barang"): null

2023-10-04 19:05:11 - [TEST_STEP][PASSED] - price_product = data.get("price_barang"): null

2023-10-04 19:05:11 - [TEST_STEP][PASSED] - assert name_product == NamaKeranjang: null

2023-10-04 19:05:11 - [TEST_STEP][PASSED] - assert price_product == HargaKeranjang: null

2023-10-04 19:05:11 - [TEST_STEP][PASSED] - return data: null

2023-10-04 19:05:11 - [MESSAGE][PASSED] - Call Test Case 'Test Cases/T13 Pembelian, Shipment dan Pembayaran/PBL-010' successfully

2023-10-04 19:05:11 - [TEST_STEP][PASSED] - warnaa = getText(findTestObject("verifikasi/warna Merah")): Text of object 'Object Repository/verifikasi/warna Merah' is: 'Merah'

2023-10-04 19:05:12 - [MESSAGE][PASSED] - Text of object 'Object Repository/verifikasi/warna Merah' is: 'Merah'

2023-10-04 19:05:12 - [TEST_STEP][PASSED] - ukurann = getText(findTestObject("verifikasi/Ukuran Menengah")): Text of object 'Object Repository/verifikasi/Ukuran Menengah' is: 'Menengah'

2023-10-04 19:05:12 - [MESSAGE][PASSED] - Text of object 'Object Repository/verifikasi/Ukuran Menengah' is: 'Menengah'

2023-10-04 19:05:12 - [TEST_STEP][PASSED] - warna1 = data.get("Warna"): null

2023-10-04 19:05:12 - [TEST_STEP][PASSED] - ukuran1 = data.get("Ukuran"): null

2023-10-04 19:05:12 - [TEST_STEP][PASSED] - assert warnaa == warna1: null

2023-10-04 19:05:12 - [TEST_STEP][PASSED] - assert ukurann == ukuran1: null

2023-10-04 19:05:12 - [TEST_STEP][PASSED] - NamaCheckout = getText(findTestObject("verifikasi/NamaCheckout")): Text of object 'Object Repository/verifikasi/NamaCheckout' is: ''

2023-10-04 19:05:12 - [MESSAGE][PASSED] - Text of object 'Object Repository/verifikasi/NamaCheckout' is: ''

2023-10-04 19:05:12 - [TEST_STEP][PASSED] - HargaCheckout = getText(findTestObject("verifikasi/HargaCheckout")): Text of object 'Object Repository/verifikasi/HargaCheckout' is: '1,299'

2023-10-04 19:05:13 - [MESSAGE][PASSED] - Text of object 'Object Repository/verifikasi/HargaCheckout' is: '1,299'

2023-10-04 19:05:13 - [TEST_STEP][PASSED] - name_product = data.get("nama_barang"): null

2023-10-04 19:05:13 - [TEST_STEP][PASSED] - price_product = data.get("price_barang"): null

2023-10-04 19:05:13 - [TEST_STEP][PASSED] - assert name_product.contains(NamaCheckout): null

2023-10-04 19:05:13 - [TEST_STEP][PASSED] - assert price_product.contains(HargaCheckout): null

2023-10-04 19:05:13 - [TEST_STEP][PASSED] - setText(findTestObject("Beli tanpa akun/input_Nama anda_nama"), "irfan"): Text 'irfan' is set on object 'Object Repository/Beli tanpa akun/input_Nama anda_nama'

2023-10-04 19:05:13 - [MESSAGE][PASSED] - Text 'irfan' is set on object 'Object Repository/Beli tanpa akun/input_Nama anda_nama'

2023-10-04 19:05:13 - [TEST_STEP][PASSED] - setText(findTestObject("Beli tanpa akun/input_Kontak_telpon"), "0811212121"): Text '0811212121' is set on object 'Object Repository/Beli tanpa akun/input_Kontak_telpon'

2023-10-04 19:05:14 - [MESSAGE][PASSED] - Text '0811212121' is set on object 'Object Repository/Beli tanpa akun/input_Kontak_telpon'

2023-10-04 19:05:14 - [TEST_STEP][PASSED] - setText(findTestObject("Beli tanpa akun/input_Kontak_email"), "fan@gmail.com"): Text 'fan@gmail.com' is set on object 'Object Repository/Beli tanpa akun/input_Kontak_email'

2023-10-04 19:05:15 - [MESSAGE][PASSED] - Text 'fan@gmail.com' is set on object 'Object Repository/Beli tanpa akun/input_Kontak_email'

2023-10-04 19:05:15 - [TEST_STEP][PASSED] - selectOptionByLabel(findTestObject("Beli tanpa akun/select_Provinsi"), "Sumatera Barat", false): All options with label 'Sumatera Barat' are selected in object 'Object Repository/Beli tanpa akun/select_Provinsi' 

2023-10-04 19:05:15 - [MESSAGE][PASSED] - All options with label 'Sumatera Barat' are selected in object 'Object Repository/Beli tanpa akun/select_Provinsi' 

2023-10-04 19:05:15 - [TEST_STEP][PASSED] - selectOptionByLabel(findTestObject("Beli tanpa akun/select_Kota  Kabupaten"), "Kota Bukittinggi", false): All options with label 'Kota Bukittinggi' are selected in object 'Object Repository/Beli tanpa akun/select_Kota  Kabupaten' 

2023-10-04 19:05:16 - [MESSAGE][PASSED] - All options with label 'Kota Bukittinggi' are selected in object 'Object Repository/Beli tanpa akun/select_Kota  Kabupaten' 

2023-10-04 19:05:16 - [TEST_STEP][PASSED] - selectOptionByLabel(findTestObject("Beli tanpa akun/select_Kecamatan"), "Guguk Panjang (Guguak Panjang)", false): All options with label 'Guguk Panjang (Guguak Panjang)' are selected in object 'Object Repository/Beli tanpa akun/select_Kecamatan' 

2023-10-04 19:05:17 - [MESSAGE][PASSED] - All options with label 'Guguk Panjang (Guguak Panjang)' are selected in object 'Object Repository/Beli tanpa akun/select_Kecamatan' 

2023-10-04 19:05:17 - [TEST_STEP][PASSED] - setText(findTestObject("Beli tanpa akun/input_Alamat Kirim_alamat"), "guguk"): Text 'guguk' is set on object 'Object Repository/Beli tanpa akun/input_Alamat Kirim_alamat'

2023-10-04 19:05:18 - [MESSAGE][PASSED] - Text 'guguk' is set on object 'Object Repository/Beli tanpa akun/input_Alamat Kirim_alamat'

2023-10-04 19:05:18 - [TEST_STEP][PASSED] - click(findTestObject("checkout/COD")): Object: 'Object Repository/checkout/COD' is clicked on

2023-10-04 19:05:19 - [MESSAGE][PASSED] - Object: 'Object Repository/checkout/COD' is clicked on

2023-10-04 19:05:19 - [TEST_STEP][PASSED] - click(findTestObject("verifikasi/COD - Panjang BanaTarif")): Object: 'Object Repository/verifikasi/COD - Panjang BanaTarif' is clicked on

2023-10-04 19:05:19 - [MESSAGE][PASSED] - Object: 'Object Repository/verifikasi/COD - Panjang BanaTarif' is clicked on

2023-10-04 19:05:19 - [TEST_STEP][PASSED] - click(findTestObject("checkout/button_Proses Pembayaran")): Object: 'Object Repository/checkout/button_Proses Pembayaran' is clicked on

2023-10-04 19:05:23 - [MESSAGE][PASSED] - Object: 'Object Repository/checkout/button_Proses Pembayaran' is clicked on

2023-10-04 19:05:23 - [TEST_STEP][FAILED] - verifyTextPresent("mohon login akun terlebih dahulu", false): Unable to verify text 'mohon login akun terlebih dahulu' is present  (Root cause: com.kms.katalon.core.exception.StepFailedException: Unable to verify text 'mohon login akun terlebih dahulu' is present 
	at com.kms.katalon.core.webui.keyword.internal.WebUIKeywordMain.stepFailed(WebUIKeywordMain.groovy:64)
	at com.kms.katalon.core.webui.keyword.internal.WebUIKeywordMain.runKeyword(WebUIKeywordMain.groovy:26)
	at com.kms.katalon.core.webui.keyword.builtin.VerifyTextPresentKeyword.verifyTextPresent(VerifyTextPresentKeyword.groovy:83)
	at com.kms.katalon.core.webui.keyword.builtin.VerifyTextPresentKeyword.execute(VerifyTextPresentKeyword.groovy:68)
	at com.kms.katalon.core.keyword.internal.KeywordExecutor.executeKeywordForPlatform(KeywordExecutor.groovy:74)
	at com.kms.katalon.core.webui.keyword.WebUiBuiltInKeywords.verifyTextPresent(WebUiBuiltInKeywords.groovy:1723)
	at com.kms.katalon.core.webui.keyword.WebUiBuiltInKeywords$verifyTextPresent$9.call(Unknown Source)
	at PBL-011.run(PBL-011:67)
	at com.kms.katalon.core.main.ScriptEngine.run(ScriptEngine.java:194)
	at com.kms.katalon.core.main.ScriptEngine.runScriptAsRawText(ScriptEngine.java:119)
	at com.kms.katalon.core.main.TestCaseExecutor.runScript(TestCaseExecutor.java:448)
	at com.kms.katalon.core.main.TestCaseExecutor.doExecute(TestCaseExecutor.java:439)
	at com.kms.katalon.core.main.TestCaseExecutor.processExecutionPhase(TestCaseExecutor.java:418)
	at com.kms.katalon.core.main.TestCaseExecutor.accessMainPhase(TestCaseExecutor.java:410)
	at com.kms.katalon.core.main.TestCaseExecutor.execute(TestCaseExecutor.java:285)
	at com.kms.katalon.core.common.CommonExecutor.accessTestCaseMainPhase(CommonExecutor.java:65)
	at com.kms.katalon.core.main.TestSuiteExecutor.accessTestSuiteMainPhase(TestSuiteExecutor.java:148)
	at com.kms.katalon.core.main.TestSuiteExecutor.execute(TestSuiteExecutor.java:106)
	at com.kms.katalon.core.main.TestCaseMain.startTestSuite(TestCaseMain.java:187)
	at com.kms.katalon.core.main.TestCaseMain$startTestSuite$0.call(Unknown Source)
	at TempTestSuite1696420804604.run(TempTestSuite1696420804604.groovy:36)
Caused by: com.kms.katalon.core.exception.StepFailedException: Text 'mohon login akun terlebih dahulu' is not present on page 
	at com.kms.katalon.core.webui.keyword.internal.WebUIKeywordMain.stepFailed(WebUIKeywordMain.groovy:64)
	at com.kms.katalon.core.webui.keyword.builtin.VerifyTextPresentKeyword$_verifyTextPresent_closure1.doCall(VerifyTextPresentKeyword.groovy:79)
	at com.kms.katalon.core.webui.keyword.builtin.VerifyTextPresentKeyword$_verifyTextPresent_closure1.call(VerifyTextPresentKeyword.groovy)
	at com.kms.katalon.core.webui.keyword.internal.WebUIKeywordMain.runKeyword(WebUIKeywordMain.groovy:20)
	... 19 more
)

2023-10-04 19:05:24 - [MESSAGE][FAILED] - Text 'mohon login akun terlebih dahulu' is not present on page  (Root cause: com.kms.katalon.core.exception.StepFailedException: Text 'mohon login akun terlebih dahulu' is not present on page 
	at com.kms.katalon.core.webui.keyword.internal.WebUIKeywordMain.stepFailed(WebUIKeywordMain.groovy:64)
	at com.kms.katalon.core.webui.keyword.builtin.VerifyTextPresentKeyword$_verifyTextPresent_closure1.doCall(VerifyTextPresentKeyword.groovy:79)
	at com.kms.katalon.core.webui.keyword.builtin.VerifyTextPresentKeyword$_verifyTextPresent_closure1.call(VerifyTextPresentKeyword.groovy)
	at com.kms.katalon.core.webui.keyword.internal.WebUIKeywordMain.runKeyword(WebUIKeywordMain.groovy:20)
	at com.kms.katalon.core.webui.keyword.builtin.VerifyTextPresentKeyword.verifyTextPresent(VerifyTextPresentKeyword.groovy:83)
	at com.kms.katalon.core.webui.keyword.builtin.VerifyTextPresentKeyword.execute(VerifyTextPresentKeyword.groovy:68)
	at com.kms.katalon.core.keyword.internal.KeywordExecutor.executeKeywordForPlatform(KeywordExecutor.groovy:74)
	at com.kms.katalon.core.webui.keyword.WebUiBuiltInKeywords.verifyTextPresent(WebUiBuiltInKeywords.groovy:1723)
	at com.kms.katalon.core.webui.keyword.WebUiBuiltInKeywords$verifyTextPresent$9.call(Unknown Source)
	at PBL-011.run(PBL-011:67)
	at com.kms.katalon.core.main.ScriptEngine.run(ScriptEngine.java:194)
	at com.kms.katalon.core.main.ScriptEngine.runScriptAsRawText(ScriptEngine.java:119)
	at com.kms.katalon.core.main.TestCaseExecutor.runScript(TestCaseExecutor.java:448)
	at com.kms.katalon.core.main.TestCaseExecutor.doExecute(TestCaseExecutor.java:439)
	at com.kms.katalon.core.main.TestCaseExecutor.processExecutionPhase(TestCaseExecutor.java:418)
	at com.kms.katalon.core.main.TestCaseExecutor.accessMainPhase(TestCaseExecutor.java:410)
	at com.kms.katalon.core.main.TestCaseExecutor.execute(TestCaseExecutor.java:285)
	at com.kms.katalon.core.common.CommonExecutor.accessTestCaseMainPhase(CommonExecutor.java:65)
	at com.kms.katalon.core.main.TestSuiteExecutor.accessTestSuiteMainPhase(TestSuiteExecutor.java:148)
	at com.kms.katalon.core.main.TestSuiteExecutor.execute(TestSuiteExecutor.java:106)
	at com.kms.katalon.core.main.TestCaseMain.startTestSuite(TestCaseMain.java:187)
	at com.kms.katalon.core.main.TestCaseMain$startTestSuite$0.call(Unknown Source)
	at TempTestSuite1696420804604.run(TempTestSuite1696420804604.groovy:36)
)

2023-10-04 19:05:25 - [MESSAGE][FAILED] - Unable to verify text 'mohon login akun terlebih dahulu' is present  (Root cause: com.kms.katalon.core.exception.StepFailedException: Unable to verify text 'mohon login akun terlebih dahulu' is present 
	at com.kms.katalon.core.webui.keyword.internal.WebUIKeywordMain.stepFailed(WebUIKeywordMain.groovy:64)
	at com.kms.katalon.core.webui.keyword.internal.WebUIKeywordMain.runKeyword(WebUIKeywordMain.groovy:26)
	at com.kms.katalon.core.webui.keyword.builtin.VerifyTextPresentKeyword.verifyTextPresent(VerifyTextPresentKeyword.groovy:83)
	at com.kms.katalon.core.webui.keyword.builtin.VerifyTextPresentKeyword.execute(VerifyTextPresentKeyword.groovy:68)
	at com.kms.katalon.core.keyword.internal.KeywordExecutor.executeKeywordForPlatform(KeywordExecutor.groovy:74)
	at com.kms.katalon.core.webui.keyword.WebUiBuiltInKeywords.verifyTextPresent(WebUiBuiltInKeywords.groovy:1723)
	at com.kms.katalon.core.webui.keyword.WebUiBuiltInKeywords$verifyTextPresent$9.call(Unknown Source)
	at PBL-011.run(PBL-011:67)
	at com.kms.katalon.core.main.ScriptEngine.run(ScriptEngine.java:194)
	at com.kms.katalon.core.main.ScriptEngine.runScriptAsRawText(ScriptEngine.java:119)
	at com.kms.katalon.core.main.TestCaseExecutor.runScript(TestCaseExecutor.java:448)
	at com.kms.katalon.core.main.TestCaseExecutor.doExecute(TestCaseExecutor.java:439)
	at com.kms.katalon.core.main.TestCaseExecutor.processExecutionPhase(TestCaseExecutor.java:418)
	at com.kms.katalon.core.main.TestCaseExecutor.accessMainPhase(TestCaseExecutor.java:410)
	at com.kms.katalon.core.main.TestCaseExecutor.execute(TestCaseExecutor.java:285)
	at com.kms.katalon.core.common.CommonExecutor.accessTestCaseMainPhase(CommonExecutor.java:65)
	at com.kms.katalon.core.main.TestSuiteExecutor.accessTestSuiteMainPhase(TestSuiteExecutor.java:148)
	at com.kms.katalon.core.main.TestSuiteExecutor.execute(TestSuiteExecutor.java:106)
	at com.kms.katalon.core.main.TestCaseMain.startTestSuite(TestCaseMain.java:187)
	at com.kms.katalon.core.main.TestCaseMain$startTestSuite$0.call(Unknown Source)
	at TempTestSuite1696420804604.run(TempTestSuite1696420804604.groovy:36)
Caused by: com.kms.katalon.core.exception.StepFailedException: Text 'mohon login akun terlebih dahulu' is not present on page 
	at com.kms.katalon.core.webui.keyword.internal.WebUIKeywordMain.stepFailed(WebUIKeywordMain.groovy:64)
	at com.kms.katalon.core.webui.keyword.builtin.VerifyTextPresentKeyword$_verifyTextPresent_closure1.doCall(VerifyTextPresentKeyword.groovy:79)
	at com.kms.katalon.core.webui.keyword.builtin.VerifyTextPresentKeyword$_verifyTextPresent_closure1.call(VerifyTextPresentKeyword.groovy)
	at com.kms.katalon.core.webui.keyword.internal.WebUIKeywordMain.runKeyword(WebUIKeywordMain.groovy:20)
	... 19 more
)
[[ATTACHMENT|D:\\BOOTCAMP XSIS\\Projek 2 MINI PROJEK\\Reports\\20231004_190004\\T13 Pembelian, Shipment dan Pembayaran\\T13 Pembelian, Shipment dan Pembayaran\\20231004_190004\\1696421124963.png]]]]></system-out>
         <system-err><![CDATA[2023-10-04 19:04:54 - [TEST_CASE][FAILED] - Test Cases/T13 Pembelian, Shipment dan Pembayaran/PBL-011: Test Cases/T13 Pembelian, Shipment dan Pembayaran/PBL-011 FAILED.
Reason:
com.kms.katalon.core.exception.StepFailedException: Unable to verify text 'mohon login akun terlebih dahulu' is present 
	at com.kms.katalon.core.webui.keyword.internal.WebUIKeywordMain.stepFailed(WebUIKeywordMain.groovy:64)
	at com.kms.katalon.core.webui.keyword.internal.WebUIKeywordMain.runKeyword(WebUIKeywordMain.groovy:26)
	at com.kms.katalon.core.webui.keyword.builtin.VerifyTextPresentKeyword.verifyTextPresent(VerifyTextPresentKeyword.groovy:83)
	at com.kms.katalon.core.webui.keyword.builtin.VerifyTextPresentKeyword.execute(VerifyTextPresentKeyword.groovy:68)
	at com.kms.katalon.core.keyword.internal.KeywordExecutor.executeKeywordForPlatform(KeywordExecutor.groovy:74)
	at com.kms.katalon.core.webui.keyword.WebUiBuiltInKeywords.verifyTextPresent(WebUiBuiltInKeywords.groovy:1723)
	at com.kms.katalon.core.webui.keyword.WebUiBuiltInKeywords$verifyTextPresent$9.call(Unknown Source)
	at PBL-011.run(PBL-011:67)
	at com.kms.katalon.core.main.ScriptEngine.run(ScriptEngine.java:194)
	at com.kms.katalon.core.main.ScriptEngine.runScriptAsRawText(ScriptEngine.java:119)
	at com.kms.katalon.core.main.TestCaseExecutor.runScript(TestCaseExecutor.java:448)
	at com.kms.katalon.core.main.TestCaseExecutor.doExecute(TestCaseExecutor.java:439)
	at com.kms.katalon.core.main.TestCaseExecutor.processExecutionPhase(TestCaseExecutor.java:418)
	at com.kms.katalon.core.main.TestCaseExecutor.accessMainPhase(TestCaseExecutor.java:410)
	at com.kms.katalon.core.main.TestCaseExecutor.execute(TestCaseExecutor.java:285)
	at com.kms.katalon.core.common.CommonExecutor.accessTestCaseMainPhase(CommonExecutor.java:65)
	at com.kms.katalon.core.main.TestSuiteExecutor.accessTestSuiteMainPhase(TestSuiteExecutor.java:148)
	at com.kms.katalon.core.main.TestSuiteExecutor.execute(TestSuiteExecutor.java:106)
	at com.kms.katalon.core.main.TestCaseMain.startTestSuite(TestCaseMain.java:187)
	at com.kms.katalon.core.main.TestCaseMain$startTestSuite$0.call(Unknown Source)
	at TempTestSuite1696420804604.run(TempTestSuite1696420804604.groovy:36)
Caused by: com.kms.katalon.core.exception.StepFailedException: Text 'mohon login akun terlebih dahulu' is not present on page 
	at com.kms.katalon.core.webui.keyword.internal.WebUIKeywordMain.stepFailed(WebUIKeywordMain.groovy:64)
	at com.kms.katalon.core.webui.keyword.builtin.VerifyTextPresentKeyword$_verifyTextPresent_closure1.doCall(VerifyTextPresentKeyword.groovy:79)
	at com.kms.katalon.core.webui.keyword.builtin.VerifyTextPresentKeyword$_verifyTextPresent_closure1.call(VerifyTextPresentKeyword.groovy)
	at com.kms.katalon.core.webui.keyword.internal.WebUIKeywordMain.runKeyword(WebUIKeywordMain.groovy:20)
	... 19 more]]></system-err>
      </testcase>
      <testcase name="Test Cases/T13 Pembelian, Shipment dan Pembayaran/PBY-001" time="47.532" classname="Test Cases/T13 Pembelian, Shipment dan Pembayaran/PBY-001" status="PASSED">
         <system-out><![CDATA[2023-10-04 19:05:25 - [TEST_CASE][PASSED] - Test Cases/T13 Pembelian, Shipment dan Pembayaran/PBY-001: Test Cases/T13 Pembelian, Shipment dan Pembayaran/PBY-001

2023-10-04 19:05:25 - [TEST_STEP][PASSED] - data = callTestCase(findTestCase("T13 Pembelian, Shipment dan Pembayaran/PBL-004"), ["Kurir":"Roda 2"], STOP_ON_FAILURE): Call Test Case 'Test Cases/T13 Pembelian, Shipment dan Pembayaran/PBL-004' successfully

2023-10-04 19:05:25 - [TEST_CASE][PASSED] - Test Cases/T13 Pembelian, Shipment dan Pembayaran/PBL-004: Test Cases/T13 Pembelian, Shipment dan Pembayaran/PBL-004

2023-10-04 19:05:25 - [TEST_STEP][PASSED] - data = callTestCase(findTestCase("T13 Pembelian, Shipment dan Pembayaran/PBL-002"), [:], STOP_ON_FAILURE): Call Test Case 'Test Cases/T13 Pembelian, Shipment dan Pembayaran/PBL-002' successfully

2023-10-04 19:05:25 - [TEST_CASE][PASSED] - Test Cases/T13 Pembelian, Shipment dan Pembayaran/PBL-002: Test Cases/T13 Pembelian, Shipment dan Pembayaran/PBL-002

2023-10-04 19:05:25 - [TEST_STEP][PASSED] - data = callTestCase(findTestCase("T13 Pembelian, Shipment dan Pembayaran/PBL-001"), [:], STOP_ON_FAILURE): Call Test Case 'Test Cases/T13 Pembelian, Shipment dan Pembayaran/PBL-001' successfully

2023-10-04 19:05:25 - [TEST_CASE][PASSED] - Test Cases/T13 Pembelian, Shipment dan Pembayaran/PBL-001: Test Cases/T13 Pembelian, Shipment dan Pembayaran/PBL-001

2023-10-04 19:05:25 - [TEST_STEP][PASSED] - callTestCase(findTestCase("T13 Pembelian, Shipment dan Pembayaran/LU-001"), ["username":"irfanafandi", "password":"12345irfan"], STOP_ON_FAILURE): Call Test Case 'Test Cases/T13 Pembelian, Shipment dan Pembayaran/LU-001' successfully

2023-10-04 19:05:25 - [TEST_CASE][PASSED] - Test Cases/T13 Pembelian, Shipment dan Pembayaran/LU-001: Test Cases/T13 Pembelian, Shipment dan Pembayaran/LU-001

2023-10-04 19:05:25 - [TEST_STEP][PASSED] - openBrowser("https://10.9.2.63/ecommerce/"): Browser is opened with url: 'https://10.9.2.63/ecommerce/'

2023-10-04 19:05:25 - [MESSAGE][WARNING] - A browser is already opened. Closing browser and opening a new one

2023-10-04 19:05:26 - [MESSAGE][INFO] - Starting 'Firefox' driver

2023-10-04 19:05:26 - [MESSAGE][INFO] - User set preference: ['args', '[--disable-notifications]']

2023-10-04 19:05:26 - [MESSAGE][INFO] - Action delay is set to 0 milliseconds

2023-10-04 19:05:31 - [MESSAGE][PASSED] - Browser is opened with url: 'https://10.9.2.63/ecommerce/'

2023-10-04 19:05:31 - [TEST_STEP][PASSED] - maximizeWindow(): Current window maximized

2023-10-04 19:05:31 - [MESSAGE][PASSED] - Current window maximized

2023-10-04 19:05:31 - [TEST_STEP][PASSED] - verifyElementPresent(findTestObject("Login/Home"), 0): Object 'Object Repository/Login/Home' is present

2023-10-04 19:05:31 - [MESSAGE][WARNING] - Timeout '0' is invalid. Using default page load timeout: '30'

2023-10-04 19:05:32 - [MESSAGE][PASSED] - Object 'Object Repository/Login/Home' is present

2023-10-04 19:05:32 - [TEST_STEP][PASSED] - click(findTestObject("Login/a_Login")): Object: 'Object Repository/Login/a_Login' is clicked on

2023-10-04 19:05:32 - [MESSAGE][PASSED] - Object: 'Object Repository/Login/a_Login' is clicked on

2023-10-04 19:05:32 - [TEST_STEP][PASSED] - verifyElementPresent(findTestObject("Login/Tittle Login"), 0): Object 'Object Repository/Login/Tittle Login' is present

2023-10-04 19:05:32 - [MESSAGE][WARNING] - Timeout '0' is invalid. Using default page load timeout: '30'

2023-10-04 19:05:33 - [MESSAGE][PASSED] - Object 'Object Repository/Login/Tittle Login' is present

2023-10-04 19:05:33 - [TEST_STEP][PASSED] - setText(findTestObject("Login/input_Username, Email atau No. Handphone_a"), username): Text 'irfanafandi' is set on object 'Object Repository/Login/input_Username, Email atau No. Handphone_a'

2023-10-04 19:05:33 - [MESSAGE][PASSED] - Text 'irfanafandi' is set on object 'Object Repository/Login/input_Username, Email atau No. Handphone_a'

2023-10-04 19:05:33 - [TEST_STEP][PASSED] - setText(findTestObject("Login/input_Password_b"), password): Text '12345irfan' is set on object 'Object Repository/Login/input_Password_b'

2023-10-04 19:05:34 - [MESSAGE][PASSED] - Text '12345irfan' is set on object 'Object Repository/Login/input_Password_b'

2023-10-04 19:05:34 - [TEST_STEP][PASSED] - click(findTestObject("Login/label_Ingat saya")): Object: 'Object Repository/Login/label_Ingat saya' is clicked on

2023-10-04 19:05:34 - [MESSAGE][PASSED] - Object: 'Object Repository/Login/label_Ingat saya' is clicked on

2023-10-04 19:05:34 - [TEST_STEP][PASSED] - click(findTestObject("Login/button_Masuk")): Object: 'Object Repository/Login/button_Masuk' is clicked on

2023-10-04 19:05:35 - [MESSAGE][PASSED] - Object: 'Object Repository/Login/button_Masuk' is clicked on

2023-10-04 19:05:35 - [TEST_STEP][PASSED] - verifyElementPresent(findTestObject("Login/li_Profile"), 0): Object 'Object Repository/Login/li_Profile' is present

2023-10-04 19:05:35 - [MESSAGE][WARNING] - Timeout '0' is invalid. Using default page load timeout: '30'

2023-10-04 19:05:36 - [MESSAGE][PASSED] - Object 'Object Repository/Login/li_Profile' is present

2023-10-04 19:05:36 - [MESSAGE][PASSED] - Call Test Case 'Test Cases/T13 Pembelian, Shipment dan Pembayaran/LU-001' successfully

2023-10-04 19:05:36 - [TEST_STEP][PASSED] - mouseOver(findTestObject("beli barang/i_Mulai Belanja_icon-menu")): Object: 'Object Repository/beli barang/i_Mulai Belanja_icon-menu' is hovered

2023-10-04 19:05:36 - [MESSAGE][PASSED] - Object: 'Object Repository/beli barang/i_Mulai Belanja_icon-menu' is hovered

2023-10-04 19:05:36 - [TEST_STEP][PASSED] - click(findTestObject("beli barang/a_Fashion  Busana Wanita")): Object: 'Object Repository/beli barang/a_Fashion  Busana Wanita' is clicked on

2023-10-04 19:05:37 - [MESSAGE][PASSED] - Object: 'Object Repository/beli barang/a_Fashion  Busana Wanita' is clicked on

2023-10-04 19:05:37 - [TEST_STEP][PASSED] - NamaSebelum = getText(findTestObject("verifikasi/Nama sebelum")): Text of object 'Object Repository/verifikasi/Nama sebelum' is: ''

2023-10-04 19:05:38 - [MESSAGE][PASSED] - Text of object 'Object Repository/verifikasi/Nama sebelum' is: ''

2023-10-04 19:05:38 - [TEST_STEP][PASSED] - HargaSebelum = getText(findTestObject("verifikasi/Harga sebelum")): Text of object 'Object Repository/verifikasi/Harga sebelum' is: 'Rp 1,299'

2023-10-04 19:05:39 - [MESSAGE][PASSED] - Text of object 'Object Repository/verifikasi/Harga sebelum' is: 'Rp 1,299'

2023-10-04 19:05:39 - [TEST_STEP][PASSED] - mouseOver(findTestObject("beli barang/barang mouse over")): Object: 'Object Repository/beli barang/barang mouse over' is hovered

2023-10-04 19:05:40 - [MESSAGE][PASSED] - Object: 'Object Repository/beli barang/barang mouse over' is hovered

2023-10-04 19:05:40 - [TEST_STEP][PASSED] - click(findTestObject("beli barang/buttom add to cart")): Object: 'Object Repository/beli barang/buttom add to cart' is clicked on

2023-10-04 19:05:41 - [MESSAGE][PASSED] - Object: 'Object Repository/beli barang/buttom add to cart' is clicked on

2023-10-04 19:05:41 - [TEST_STEP][PASSED] - NamaSesudah = getText(findTestObject("verifikasi/Nama sesudah")): Text of object 'Object Repository/verifikasi/Nama sesudah' is: 'Segitiga Instan Madeira - MDB5.3 Sunset'

2023-10-04 19:05:41 - [MESSAGE][PASSED] - Text of object 'Object Repository/verifikasi/Nama sesudah' is: 'Segitiga Instan Madeira - MDB5.3 Sunset'

2023-10-04 19:05:41 - [TEST_STEP][PASSED] - HargaSesudah = getText(findTestObject("verifikasi/Harga sesudah")): Text of object 'Object Repository/verifikasi/Harga sesudah' is: 'Rp 1,299'

2023-10-04 19:05:42 - [MESSAGE][PASSED] - Text of object 'Object Repository/verifikasi/Harga sesudah' is: 'Rp 1,299'

2023-10-04 19:05:42 - [TEST_STEP][PASSED] - assert NamaSesudah.contains(NamaSebelum): null

2023-10-04 19:05:42 - [TEST_STEP][PASSED] - assert HargaSesudah.contains(HargaSebelum): null

2023-10-04 19:05:42 - [TEST_STEP][PASSED] - click(findTestObject("beli barang/Tambah Keranjang busana wanita")): Object: 'Object Repository/beli barang/Tambah Keranjang busana wanita' is clicked on

2023-10-04 19:05:42 - [MESSAGE][PASSED] - Object: 'Object Repository/beli barang/Tambah Keranjang busana wanita' is clicked on

2023-10-04 19:05:42 - [TEST_STEP][PASSED] - verifyElementPresent(findTestObject("checkout/Notifikasi keranjang"), 1): Object 'Object Repository/checkout/Notifikasi keranjang' is present

2023-10-04 19:05:43 - [MESSAGE][PASSED] - Object 'Object Repository/checkout/Notifikasi keranjang' is present

2023-10-04 19:05:43 - [TEST_STEP][PASSED] - data = new java.util.HashMap(): null

2023-10-04 19:05:43 - [TEST_STEP][PASSED] - data.put("nama_barang", NamaSesudah): null

2023-10-04 19:05:43 - [TEST_STEP][PASSED] - data.put("price_barang", HargaSesudah): null

2023-10-04 19:05:43 - [TEST_STEP][PASSED] - return data: null

2023-10-04 19:05:43 - [MESSAGE][PASSED] - Call Test Case 'Test Cases/T13 Pembelian, Shipment dan Pembayaran/PBL-001' successfully

2023-10-04 19:05:43 - [TEST_STEP][PASSED] - mouseOver(findTestObject("beli barang/keranjang")): Object: 'Object Repository/beli barang/keranjang' is hovered

2023-10-04 19:05:44 - [MESSAGE][PASSED] - Object: 'Object Repository/beli barang/keranjang' is hovered

2023-10-04 19:05:44 - [TEST_STEP][PASSED] - click(findTestObject("beli barang/Lihat Sekarang")): Object: 'Object Repository/beli barang/Lihat Sekarang' is clicked on

2023-10-04 19:05:45 - [MESSAGE][PASSED] - Object: 'Object Repository/beli barang/Lihat Sekarang' is clicked on

2023-10-04 19:05:45 - [TEST_STEP][PASSED] - verifyElementPresent(findTestObject("keranjang/li_Keranjang Belanja"), 0): Object 'Object Repository/keranjang/li_Keranjang Belanja' is present

2023-10-04 19:05:45 - [MESSAGE][WARNING] - Timeout '0' is invalid. Using default page load timeout: '30'

2023-10-04 19:05:46 - [MESSAGE][PASSED] - Object 'Object Repository/keranjang/li_Keranjang Belanja' is present

2023-10-04 19:05:46 - [TEST_STEP][PASSED] - NamaKeranjang = getText(findTestObject("verifikasi/Nama keranjang")): Text of object 'Object Repository/verifikasi/Nama keranjang' is: 'Segitiga Instan Madeira - MDB5.3 Sunset'

2023-10-04 19:05:46 - [MESSAGE][PASSED] - Text of object 'Object Repository/verifikasi/Nama keranjang' is: 'Segitiga Instan Madeira - MDB5.3 Sunset'

2023-10-04 19:05:46 - [TEST_STEP][PASSED] - HargaKeranjang = getText(findTestObject("verifikasi/Harga Keranjang")): Text of object 'Object Repository/verifikasi/Harga Keranjang' is: 'Rp 1,299'

2023-10-04 19:05:46 - [MESSAGE][PASSED] - Text of object 'Object Repository/verifikasi/Harga Keranjang' is: 'Rp 1,299'

2023-10-04 19:05:46 - [TEST_STEP][PASSED] - if (toString().equalsIgnoreCase("Merah")): Object 'Object Repository/keranjang/input_Warna_variasi101' is checked

2023-10-04 19:05:46 - [TEST_STEP][PASSED] - check(findTestObject("Object Repository/keranjang/input_Warna_variasi101")): Object 'Object Repository/keranjang/input_Warna_variasi101' is checked

2023-10-04 19:05:47 - [MESSAGE][PASSED] - Object 'Object Repository/keranjang/input_Warna_variasi101' is checked

2023-10-04 19:05:47 - [TEST_STEP][PASSED] - if (toString().equalsIgnoreCase("Menengah")): Object 'Object Repository/keranjang/input_Ukuran_variasi201' is checked

2023-10-04 19:05:47 - [TEST_STEP][PASSED] - check(findTestObject("Object Repository/keranjang/input_Ukuran_variasi201")): Object 'Object Repository/keranjang/input_Ukuran_variasi201' is checked

2023-10-04 19:05:48 - [MESSAGE][PASSED] - Object 'Object Repository/keranjang/input_Ukuran_variasi201' is checked

2023-10-04 19:05:48 - [TEST_STEP][PASSED] - data.put("Warna", warna): null

2023-10-04 19:05:48 - [TEST_STEP][PASSED] - data.put("Ukuran", ukuran): null

2023-10-04 19:05:48 - [TEST_STEP][PASSED] - click(findTestObject("keranjang/button_Lanjut ke Pembayaran")): Object: 'Object Repository/keranjang/button_Lanjut ke Pembayaran' is clicked on

2023-10-04 19:05:49 - [MESSAGE][PASSED] - Object: 'Object Repository/keranjang/button_Lanjut ke Pembayaran' is clicked on

2023-10-04 19:05:49 - [TEST_STEP][PASSED] - verifyElementPresent(findTestObject("checkout/Tittle Checkout Order"), 0): Object 'Object Repository/checkout/Tittle Checkout Order' is present

2023-10-04 19:05:49 - [MESSAGE][WARNING] - Timeout '0' is invalid. Using default page load timeout: '30'

2023-10-04 19:05:50 - [MESSAGE][PASSED] - Object 'Object Repository/checkout/Tittle Checkout Order' is present

2023-10-04 19:05:50 - [TEST_STEP][PASSED] - name_product = data.get("nama_barang"): null

2023-10-04 19:05:50 - [TEST_STEP][PASSED] - price_product = data.get("price_barang"): null

2023-10-04 19:05:50 - [TEST_STEP][PASSED] - assert name_product == NamaKeranjang: null

2023-10-04 19:05:50 - [TEST_STEP][PASSED] - assert price_product == HargaKeranjang: null

2023-10-04 19:05:50 - [TEST_STEP][PASSED] - return data: null

2023-10-04 19:05:50 - [MESSAGE][PASSED] - Call Test Case 'Test Cases/T13 Pembelian, Shipment dan Pembayaran/PBL-002' successfully

2023-10-04 19:05:50 - [TEST_STEP][PASSED] - warnaa = getText(findTestObject("verifikasi/warna Merah")): Text of object 'Object Repository/verifikasi/warna Merah' is: 'Merah'

2023-10-04 19:05:50 - [MESSAGE][PASSED] - Text of object 'Object Repository/verifikasi/warna Merah' is: 'Merah'

2023-10-04 19:05:50 - [TEST_STEP][PASSED] - ukurann = getText(findTestObject("verifikasi/Ukuran Menengah")): Text of object 'Object Repository/verifikasi/Ukuran Menengah' is: 'Menengah'

2023-10-04 19:05:50 - [MESSAGE][PASSED] - Text of object 'Object Repository/verifikasi/Ukuran Menengah' is: 'Menengah'

2023-10-04 19:05:50 - [TEST_STEP][PASSED] - warna1 = data.get("Warna"): null

2023-10-04 19:05:50 - [TEST_STEP][PASSED] - ukuran1 = data.get("Ukuran"): null

2023-10-04 19:05:50 - [TEST_STEP][PASSED] - assert warnaa == warna1: null

2023-10-04 19:05:50 - [TEST_STEP][PASSED] - assert ukurann == ukuran1: null

2023-10-04 19:05:50 - [TEST_STEP][PASSED] - NamaCheckout = getText(findTestObject("verifikasi/NamaCheckout")): Text of object 'Object Repository/verifikasi/NamaCheckout' is: ''

2023-10-04 19:05:51 - [MESSAGE][PASSED] - Text of object 'Object Repository/verifikasi/NamaCheckout' is: ''

2023-10-04 19:05:51 - [TEST_STEP][PASSED] - HargaCheckout = getText(findTestObject("verifikasi/HargaCheckout")): Text of object 'Object Repository/verifikasi/HargaCheckout' is: '1,299'

2023-10-04 19:05:51 - [MESSAGE][PASSED] - Text of object 'Object Repository/verifikasi/HargaCheckout' is: '1,299'

2023-10-04 19:05:51 - [TEST_STEP][PASSED] - name_product = data.get("nama_barang"): null

2023-10-04 19:05:51 - [TEST_STEP][PASSED] - price_product = data.get("price_barang"): null

2023-10-04 19:05:51 - [TEST_STEP][PASSED] - assert name_product.contains(NamaCheckout): null

2023-10-04 19:05:51 - [TEST_STEP][PASSED] - assert price_product.contains(HargaCheckout): null

2023-10-04 19:05:51 - [TEST_STEP][PASSED] - selectOptionByLabel(findTestObject("checkout/select - Kirim via Kurir Lokal"), Kurir, false): All options with label 'Roda 2' are selected in object 'Object Repository/checkout/select - Kirim via Kurir Lokal' 

2023-10-04 19:05:52 - [MESSAGE][PASSED] - All options with label 'Roda 2' are selected in object 'Object Repository/checkout/select - Kirim via Kurir Lokal' 

2023-10-04 19:05:52 - [TEST_STEP][PASSED] - click(findTestObject("checkout/Kendaraan Kurir")): Object: 'Object Repository/checkout/Kendaraan Kurir' is clicked on

2023-10-04 19:05:53 - [MESSAGE][PASSED] - Object: 'Object Repository/checkout/Kendaraan Kurir' is clicked on

2023-10-04 19:05:53 - [TEST_STEP][PASSED] - OngkosKirim = getText(findTestObject("Object Repository/verifikasi/Ongkos Kirim checkout")): Text of object 'Object Repository/verifikasi/Ongkos Kirim checkout' is: 'Rp. 5,000'

2023-10-04 19:05:53 - [MESSAGE][PASSED] - Text of object 'Object Repository/verifikasi/Ongkos Kirim checkout' is: 'Rp. 5,000'

2023-10-04 19:05:53 - [TEST_STEP][PASSED] - Ongkos = OngkosKirim.substring(3, OngkosKirim.size()): null

2023-10-04 19:05:53 - [TEST_STEP][PASSED] - rep = Ongkos.replace(",", "."): null

2023-10-04 19:05:53 - [TEST_STEP][PASSED] - Ongkos_kirim = Double.parseDouble(rep): null

2023-10-04 19:05:53 - [TEST_STEP][PASSED] - println(Ongkos_kirim): null

2023-10-04 19:05:53 - [TEST_STEP][PASSED] - FeeAdmin = getText(findTestObject("verifikasi/Fee Admin checkout")): Text of object 'Object Repository/verifikasi/Fee Admin checkout' is: 'Fee Admin
Rp 1,500'

2023-10-04 19:05:53 - [MESSAGE][PASSED] - Text of object 'Object Repository/verifikasi/Fee Admin checkout' is: 'Fee Admin
Rp 1,500'

2023-10-04 19:05:53 - [TEST_STEP][PASSED] - Fee_Admin = FeeAdmin.substring(12, FeeAdmin.size()): null

2023-10-04 19:05:53 - [TEST_STEP][PASSED] - fee = Fee_Admin.replace(",", "."): null

2023-10-04 19:05:53 - [TEST_STEP][PASSED] - fee_admin = Double.parseDouble(fee): null

2023-10-04 19:05:53 - [TEST_STEP][PASSED] - println(fee_admin): null

2023-10-04 19:05:53 - [TEST_STEP][PASSED] - Subtotal = getText(findTestObject("verifikasi/subtotal checkout")): Text of object 'Object Repository/verifikasi/subtotal checkout' is: 'Subtotal
Rp 1,299'

2023-10-04 19:05:54 - [MESSAGE][PASSED] - Text of object 'Object Repository/verifikasi/subtotal checkout' is: 'Subtotal
Rp 1,299'

2023-10-04 19:05:54 - [TEST_STEP][PASSED] - sub_total = Subtotal.substring(12, Subtotal.size()): null

2023-10-04 19:05:54 - [TEST_STEP][PASSED] - sub = sub_total.replace(",", "."): null

2023-10-04 19:05:54 - [TEST_STEP][PASSED] - sub_total = Double.parseDouble(sub): null

2023-10-04 19:05:54 - [TEST_STEP][PASSED] - println(sub_total): null

2023-10-04 19:05:54 - [TEST_STEP][PASSED] - Total = getText(findTestObject("verifikasi/Total checkout")): Text of object 'Object Repository/verifikasi/Total checkout' is: 'Rp 7,799'

2023-10-04 19:05:54 - [MESSAGE][PASSED] - Text of object 'Object Repository/verifikasi/Total checkout' is: 'Rp 7,799'

2023-10-04 19:05:54 - [TEST_STEP][PASSED] - totall = Total.substring(3, Total.size()): null

2023-10-04 19:05:54 - [TEST_STEP][PASSED] - total = totall.replace(",", "."): null

2023-10-04 19:05:54 - [TEST_STEP][PASSED] - totall = Double.parseDouble(total): null

2023-10-04 19:05:54 - [TEST_STEP][PASSED] - println(totall): null

2023-10-04 19:05:54 - [TEST_STEP][PASSED] - Total_Harga = Ongkos_kirim + fee_admin + sub_total: null

2023-10-04 19:05:54 - [TEST_STEP][PASSED] - println(Total_Harga): null

2023-10-04 19:05:54 - [TEST_STEP][PASSED] - TotalHarga = Math.round(Total_Harga * 1000) / 1000: null

2023-10-04 19:05:54 - [TEST_STEP][PASSED] - println(TotalHarga): null

2023-10-04 19:05:54 - [TEST_STEP][PASSED] - assert totall == TotalHarga: null

2023-10-04 19:05:54 - [TEST_STEP][PASSED] - click(findTestObject("verifikasi/Metode Transfer")): Object: 'Object Repository/verifikasi/Metode Transfer' is clicked on

2023-10-04 19:05:55 - [MESSAGE][PASSED] - Object: 'Object Repository/verifikasi/Metode Transfer' is clicked on

2023-10-04 19:05:55 - [TEST_STEP][PASSED] - click(findTestObject("checkout/button_Proses Pembayaran")): Object: 'Object Repository/checkout/button_Proses Pembayaran' is clicked on

2023-10-04 19:06:00 - [MESSAGE][PASSED] - Object: 'Object Repository/checkout/button_Proses Pembayaran' is clicked on

2023-10-04 19:06:00 - [TEST_STEP][PASSED] - verifyElementPresent(findTestObject("pembayaran/Tittle nomor invoice"), 0): Object 'Object Repository/pembayaran/Tittle nomor invoice' is present

2023-10-04 19:06:00 - [MESSAGE][WARNING] - Timeout '0' is invalid. Using default page load timeout: '30'

2023-10-04 19:06:06 - [MESSAGE][PASSED] - Object 'Object Repository/pembayaran/Tittle nomor invoice' is present

2023-10-04 19:06:06 - [TEST_STEP][PASSED] - return data: null

2023-10-04 19:06:06 - [MESSAGE][PASSED] - Call Test Case 'Test Cases/T13 Pembelian, Shipment dan Pembayaran/PBL-004' successfully

2023-10-04 19:06:06 - [TEST_STEP][PASSED] - Invoice = getText(findTestObject("pembayaran/nomor invoice")): Text of object 'Object Repository/pembayaran/nomor invoice' is: 'TRX60.20231004190557'

2023-10-04 19:06:07 - [MESSAGE][PASSED] - Text of object 'Object Repository/pembayaran/nomor invoice' is: 'TRX60.20231004190557'

2023-10-04 19:06:07 - [TEST_STEP][PASSED] - data.put("invoice", Invoice): null

2023-10-04 19:06:07 - [TEST_STEP][PASSED] - NamaPemesan = getText(findTestObject("Konfirmasi pesanan shop/Nama pemesan")): Text of object 'Object Repository/Konfirmasi pesanan shop/Nama pemesan' is: 'irfan.afandi'

2023-10-04 19:06:07 - [MESSAGE][PASSED] - Text of object 'Object Repository/Konfirmasi pesanan shop/Nama pemesan' is: 'irfan.afandi'

2023-10-04 19:06:07 - [TEST_STEP][PASSED] - Nama = getText(findTestObject("pembayaran/Nama barang")): Text of object 'Object Repository/pembayaran/Nama barang' is: 'Segitiga Instan Madeira - MDB5.3 Sunset'

2023-10-04 19:06:08 - [MESSAGE][PASSED] - Text of object 'Object Repository/pembayaran/Nama barang' is: 'Segitiga Instan Madeira - MDB5.3 Sunset'

2023-10-04 19:06:08 - [TEST_STEP][PASSED] - Harga = getText(findTestObject("pembayaran/Harga barang")): Text of object 'Object Repository/pembayaran/Harga barang' is: '1,299'

2023-10-04 19:06:08 - [MESSAGE][PASSED] - Text of object 'Object Repository/pembayaran/Harga barang' is: '1,299'

2023-10-04 19:06:08 - [TEST_STEP][PASSED] - name_product = data.get("nama_barang"): null

2023-10-04 19:06:08 - [TEST_STEP][PASSED] - price_product = data.get("price_barang"): null

2023-10-04 19:06:08 - [TEST_STEP][PASSED] - assert name_product.contains(Nama): null

2023-10-04 19:06:08 - [TEST_STEP][PASSED] - assert price_product.contains(Harga): null

2023-10-04 19:06:08 - [TEST_STEP][PASSED] - warnaa = getText(findTestObject("pembayaran/warna")): Text of object 'Object Repository/pembayaran/warna' is: 'Merah'

2023-10-04 19:06:09 - [MESSAGE][PASSED] - Text of object 'Object Repository/pembayaran/warna' is: 'Merah'

2023-10-04 19:06:09 - [TEST_STEP][PASSED] - ukurann = getText(findTestObject("pembayaran/ukuran")): Text of object 'Object Repository/pembayaran/ukuran' is: 'Menengah'

2023-10-04 19:06:09 - [MESSAGE][PASSED] - Text of object 'Object Repository/pembayaran/ukuran' is: 'Menengah'

2023-10-04 19:06:09 - [TEST_STEP][PASSED] - warna1 = data.get("Warna"): null

2023-10-04 19:06:09 - [TEST_STEP][PASSED] - ukuran1 = data.get("Ukuran"): null

2023-10-04 19:06:09 - [TEST_STEP][PASSED] - assert warnaa == warna1: null

2023-10-04 19:06:09 - [TEST_STEP][PASSED] - assert ukurann == ukuran1: null

2023-10-04 19:06:09 - [TEST_STEP][PASSED] - statusPembelian = getText(findTestObject("verifikasi/Status pending di pembelian")): Text of object 'Object Repository/verifikasi/Status pending di pembelian' is: 'Pending'

2023-10-04 19:06:10 - [MESSAGE][PASSED] - Text of object 'Object Repository/verifikasi/Status pending di pembelian' is: 'Pending'

2023-10-04 19:06:10 - [TEST_STEP][PASSED] - data.put("statusPem", statusPembelian): null

2023-10-04 19:06:10 - [TEST_STEP][PASSED] - OngkosKirim = getText(findTestObject("pembayaran/ongkos kirim")): Text of object 'Object Repository/pembayaran/ongkos kirim' is: 'Rp 5,000'

2023-10-04 19:06:10 - [MESSAGE][PASSED] - Text of object 'Object Repository/pembayaran/ongkos kirim' is: 'Rp 5,000'

2023-10-04 19:06:10 - [TEST_STEP][PASSED] - Ongkos = OngkosKirim.substring(3, OngkosKirim.size()): null

2023-10-04 19:06:10 - [TEST_STEP][PASSED] - rep = Ongkos.replace(",", ""): null

2023-10-04 19:06:10 - [TEST_STEP][PASSED] - Ongkos_kirimm = Integer.parseInt(rep): null

2023-10-04 19:06:10 - [TEST_STEP][PASSED] - println(Ongkos_kirimm): null

2023-10-04 19:06:10 - [TEST_STEP][PASSED] - FeeAdmin = getText(findTestObject("pembayaran/fee admin")): Text of object 'Object Repository/pembayaran/fee admin' is: 'Rp 1,500'

2023-10-04 19:06:11 - [MESSAGE][PASSED] - Text of object 'Object Repository/pembayaran/fee admin' is: 'Rp 1,500'

2023-10-04 19:06:11 - [TEST_STEP][PASSED] - Fee_Admin = FeeAdmin.substring(3, FeeAdmin.size()): null

2023-10-04 19:06:11 - [TEST_STEP][PASSED] - fee = Fee_Admin.replace(",", ""): null

2023-10-04 19:06:11 - [TEST_STEP][PASSED] - fee_adminn = Integer.parseInt(fee): null

2023-10-04 19:06:11 - [TEST_STEP][PASSED] - println(fee_adminn): null

2023-10-04 19:06:11 - [TEST_STEP][PASSED] - Subtotal = getText(findTestObject("pembayaran/subtotal")): Text of object 'Object Repository/pembayaran/subtotal' is: 'Rp 1,299'

2023-10-04 19:06:11 - [MESSAGE][PASSED] - Text of object 'Object Repository/pembayaran/subtotal' is: 'Rp 1,299'

2023-10-04 19:06:11 - [TEST_STEP][PASSED] - sub_total = Subtotal.substring(3, Subtotal.size()): null

2023-10-04 19:06:11 - [TEST_STEP][PASSED] - sub = sub_total.replace(",", ""): null

2023-10-04 19:06:11 - [TEST_STEP][PASSED] - sub_totall = Integer.parseInt(sub): null

2023-10-04 19:06:11 - [TEST_STEP][PASSED] - println(sub_totall): null

2023-10-04 19:06:11 - [TEST_STEP][PASSED] - unik = getText(findTestObject("pembayaran/kode unik")): Text of object 'Object Repository/pembayaran/kode unik' is: '+557'

2023-10-04 19:06:12 - [MESSAGE][PASSED] - Text of object 'Object Repository/pembayaran/kode unik' is: '+557'

2023-10-04 19:06:12 - [TEST_STEP][PASSED] - unikk = unik.replace("+", ""): null

2023-10-04 19:06:12 - [TEST_STEP][PASSED] - kode_unik = Integer.parseInt(unikk): null

2023-10-04 19:06:12 - [TEST_STEP][PASSED] - println(kode_unik): null

2023-10-04 19:06:12 - [TEST_STEP][PASSED] - Total = getText(findTestObject("pembayaran/total")): Text of object 'Object Repository/pembayaran/total' is: '8,356'

2023-10-04 19:06:12 - [MESSAGE][PASSED] - Text of object 'Object Repository/pembayaran/total' is: '8,356'

2023-10-04 19:06:12 - [TEST_STEP][PASSED] - total = Total.replace(",", ""): null

2023-10-04 19:06:12 - [TEST_STEP][PASSED] - totalll = Integer.parseInt(total): null

2023-10-04 19:06:12 - [TEST_STEP][PASSED] - println(totalll): null

2023-10-04 19:06:12 - [TEST_STEP][PASSED] - Total_Hargaa = Ongkos_kirimm + fee_adminn + sub_totall + kode_unik: null

2023-10-04 19:06:12 - [TEST_STEP][PASSED] - println(Total_Hargaa): null

2023-10-04 19:06:12 - [TEST_STEP][PASSED] - assert totalll == Total_Hargaa: null

2023-10-04 19:06:12 - [TEST_STEP][PASSED] - data.put("total", Total): null

2023-10-04 19:06:12 - [TEST_STEP][PASSED] - data.put("nama", NamaPemesan): null

2023-10-04 19:06:12 - [TEST_STEP][PASSED] - return data: null]]></system-out>
         <system-err><![CDATA[]]></system-err>
      </testcase>
      <testcase name="Test Cases/T13 Pembelian, Shipment dan Pembayaran/PBY-002" time="43.72" classname="Test Cases/T13 Pembelian, Shipment dan Pembayaran/PBY-002" status="PASSED">
         <system-out><![CDATA[2023-10-04 19:06:12 - [TEST_CASE][PASSED] - Test Cases/T13 Pembelian, Shipment dan Pembayaran/PBY-002: Test Cases/T13 Pembelian, Shipment dan Pembayaran/PBY-002

2023-10-04 19:06:13 - [TEST_STEP][PASSED] - data = callTestCase(findTestCase("T13 Pembelian, Shipment dan Pembayaran/PBL-005"), ["Kurir":"Roda 2", "tf":"transfer"], STOP_ON_FAILURE): Call Test Case 'Test Cases/T13 Pembelian, Shipment dan Pembayaran/PBL-005' successfully

2023-10-04 19:06:13 - [TEST_CASE][PASSED] - Test Cases/T13 Pembelian, Shipment dan Pembayaran/PBL-005: Test Cases/T13 Pembelian, Shipment dan Pembayaran/PBL-005

2023-10-04 19:06:13 - [TEST_STEP][PASSED] - data = callTestCase(findTestCase("T13 Pembelian, Shipment dan Pembayaran/PBL-002"), [:], STOP_ON_FAILURE): Call Test Case 'Test Cases/T13 Pembelian, Shipment dan Pembayaran/PBL-002' successfully

2023-10-04 19:06:13 - [TEST_CASE][PASSED] - Test Cases/T13 Pembelian, Shipment dan Pembayaran/PBL-002: Test Cases/T13 Pembelian, Shipment dan Pembayaran/PBL-002

2023-10-04 19:06:13 - [TEST_STEP][PASSED] - data = callTestCase(findTestCase("T13 Pembelian, Shipment dan Pembayaran/PBL-001"), [:], STOP_ON_FAILURE): Call Test Case 'Test Cases/T13 Pembelian, Shipment dan Pembayaran/PBL-001' successfully

2023-10-04 19:06:13 - [TEST_CASE][PASSED] - Test Cases/T13 Pembelian, Shipment dan Pembayaran/PBL-001: Test Cases/T13 Pembelian, Shipment dan Pembayaran/PBL-001

2023-10-04 19:06:13 - [TEST_STEP][PASSED] - callTestCase(findTestCase("T13 Pembelian, Shipment dan Pembayaran/LU-001"), ["username":"irfanafandi", "password":"12345irfan"], STOP_ON_FAILURE): Call Test Case 'Test Cases/T13 Pembelian, Shipment dan Pembayaran/LU-001' successfully

2023-10-04 19:06:13 - [TEST_CASE][PASSED] - Test Cases/T13 Pembelian, Shipment dan Pembayaran/LU-001: Test Cases/T13 Pembelian, Shipment dan Pembayaran/LU-001

2023-10-04 19:06:13 - [TEST_STEP][PASSED] - openBrowser("https://10.9.2.63/ecommerce/"): Browser is opened with url: 'https://10.9.2.63/ecommerce/'

2023-10-04 19:06:13 - [MESSAGE][WARNING] - A browser is already opened. Closing browser and opening a new one

2023-10-04 19:06:15 - [MESSAGE][INFO] - Starting 'Firefox' driver

2023-10-04 19:06:15 - [MESSAGE][INFO] - User set preference: ['args', '[--disable-notifications]']

2023-10-04 19:06:15 - [MESSAGE][INFO] - Action delay is set to 0 milliseconds

2023-10-04 19:06:20 - [MESSAGE][PASSED] - Browser is opened with url: 'https://10.9.2.63/ecommerce/'

2023-10-04 19:06:20 - [TEST_STEP][PASSED] - maximizeWindow(): Current window maximized

2023-10-04 19:06:20 - [MESSAGE][PASSED] - Current window maximized

2023-10-04 19:06:20 - [TEST_STEP][PASSED] - verifyElementPresent(findTestObject("Login/Home"), 0): Object 'Object Repository/Login/Home' is present

2023-10-04 19:06:20 - [MESSAGE][WARNING] - Timeout '0' is invalid. Using default page load timeout: '30'

2023-10-04 19:06:20 - [MESSAGE][PASSED] - Object 'Object Repository/Login/Home' is present

2023-10-04 19:06:20 - [TEST_STEP][PASSED] - click(findTestObject("Login/a_Login")): Object: 'Object Repository/Login/a_Login' is clicked on

2023-10-04 19:06:21 - [MESSAGE][PASSED] - Object: 'Object Repository/Login/a_Login' is clicked on

2023-10-04 19:06:21 - [TEST_STEP][PASSED] - verifyElementPresent(findTestObject("Login/Tittle Login"), 0): Object 'Object Repository/Login/Tittle Login' is present

2023-10-04 19:06:21 - [MESSAGE][WARNING] - Timeout '0' is invalid. Using default page load timeout: '30'

2023-10-04 19:06:21 - [MESSAGE][PASSED] - Object 'Object Repository/Login/Tittle Login' is present

2023-10-04 19:06:21 - [TEST_STEP][PASSED] - setText(findTestObject("Login/input_Username, Email atau No. Handphone_a"), username): Text 'irfanafandi' is set on object 'Object Repository/Login/input_Username, Email atau No. Handphone_a'

2023-10-04 19:06:22 - [MESSAGE][PASSED] - Text 'irfanafandi' is set on object 'Object Repository/Login/input_Username, Email atau No. Handphone_a'

2023-10-04 19:06:22 - [TEST_STEP][PASSED] - setText(findTestObject("Login/input_Password_b"), password): Text '12345irfan' is set on object 'Object Repository/Login/input_Password_b'

2023-10-04 19:06:23 - [MESSAGE][PASSED] - Text '12345irfan' is set on object 'Object Repository/Login/input_Password_b'

2023-10-04 19:06:23 - [TEST_STEP][PASSED] - click(findTestObject("Login/label_Ingat saya")): Object: 'Object Repository/Login/label_Ingat saya' is clicked on

2023-10-04 19:06:23 - [MESSAGE][PASSED] - Object: 'Object Repository/Login/label_Ingat saya' is clicked on

2023-10-04 19:06:23 - [TEST_STEP][PASSED] - click(findTestObject("Login/button_Masuk")): Object: 'Object Repository/Login/button_Masuk' is clicked on

2023-10-04 19:06:24 - [MESSAGE][PASSED] - Object: 'Object Repository/Login/button_Masuk' is clicked on

2023-10-04 19:06:24 - [TEST_STEP][PASSED] - verifyElementPresent(findTestObject("Login/li_Profile"), 0): Object 'Object Repository/Login/li_Profile' is present

2023-10-04 19:06:24 - [MESSAGE][WARNING] - Timeout '0' is invalid. Using default page load timeout: '30'

2023-10-04 19:06:25 - [MESSAGE][PASSED] - Object 'Object Repository/Login/li_Profile' is present

2023-10-04 19:06:25 - [MESSAGE][PASSED] - Call Test Case 'Test Cases/T13 Pembelian, Shipment dan Pembayaran/LU-001' successfully

2023-10-04 19:06:25 - [TEST_STEP][PASSED] - mouseOver(findTestObject("beli barang/i_Mulai Belanja_icon-menu")): Object: 'Object Repository/beli barang/i_Mulai Belanja_icon-menu' is hovered

2023-10-04 19:06:25 - [MESSAGE][PASSED] - Object: 'Object Repository/beli barang/i_Mulai Belanja_icon-menu' is hovered

2023-10-04 19:06:25 - [TEST_STEP][PASSED] - click(findTestObject("beli barang/a_Fashion  Busana Wanita")): Object: 'Object Repository/beli barang/a_Fashion  Busana Wanita' is clicked on

2023-10-04 19:06:26 - [MESSAGE][PASSED] - Object: 'Object Repository/beli barang/a_Fashion  Busana Wanita' is clicked on

2023-10-04 19:06:26 - [TEST_STEP][PASSED] - NamaSebelum = getText(findTestObject("verifikasi/Nama sebelum")): Text of object 'Object Repository/verifikasi/Nama sebelum' is: ''

2023-10-04 19:06:27 - [MESSAGE][PASSED] - Text of object 'Object Repository/verifikasi/Nama sebelum' is: ''

2023-10-04 19:06:27 - [TEST_STEP][PASSED] - HargaSebelum = getText(findTestObject("verifikasi/Harga sebelum")): Text of object 'Object Repository/verifikasi/Harga sebelum' is: 'Rp 1,299'

2023-10-04 19:06:27 - [MESSAGE][PASSED] - Text of object 'Object Repository/verifikasi/Harga sebelum' is: 'Rp 1,299'

2023-10-04 19:06:27 - [TEST_STEP][PASSED] - mouseOver(findTestObject("beli barang/barang mouse over")): Object: 'Object Repository/beli barang/barang mouse over' is hovered

2023-10-04 19:06:28 - [MESSAGE][PASSED] - Object: 'Object Repository/beli barang/barang mouse over' is hovered

2023-10-04 19:06:28 - [TEST_STEP][PASSED] - click(findTestObject("beli barang/buttom add to cart")): Object: 'Object Repository/beli barang/buttom add to cart' is clicked on

2023-10-04 19:06:29 - [MESSAGE][PASSED] - Object: 'Object Repository/beli barang/buttom add to cart' is clicked on

2023-10-04 19:06:29 - [TEST_STEP][PASSED] - NamaSesudah = getText(findTestObject("verifikasi/Nama sesudah")): Text of object 'Object Repository/verifikasi/Nama sesudah' is: 'Segitiga Instan Madeira - MDB5.3 Sunset'

2023-10-04 19:06:30 - [MESSAGE][PASSED] - Text of object 'Object Repository/verifikasi/Nama sesudah' is: 'Segitiga Instan Madeira - MDB5.3 Sunset'

2023-10-04 19:06:30 - [TEST_STEP][PASSED] - HargaSesudah = getText(findTestObject("verifikasi/Harga sesudah")): Text of object 'Object Repository/verifikasi/Harga sesudah' is: 'Rp 1,299'

2023-10-04 19:06:30 - [MESSAGE][PASSED] - Text of object 'Object Repository/verifikasi/Harga sesudah' is: 'Rp 1,299'

2023-10-04 19:06:30 - [TEST_STEP][PASSED] - assert NamaSesudah.contains(NamaSebelum): null

2023-10-04 19:06:30 - [TEST_STEP][PASSED] - assert HargaSesudah.contains(HargaSebelum): null

2023-10-04 19:06:30 - [TEST_STEP][PASSED] - click(findTestObject("beli barang/Tambah Keranjang busana wanita")): Object: 'Object Repository/beli barang/Tambah Keranjang busana wanita' is clicked on

2023-10-04 19:06:31 - [MESSAGE][PASSED] - Object: 'Object Repository/beli barang/Tambah Keranjang busana wanita' is clicked on

2023-10-04 19:06:31 - [TEST_STEP][PASSED] - verifyElementPresent(findTestObject("checkout/Notifikasi keranjang"), 1): Object 'Object Repository/checkout/Notifikasi keranjang' is present

2023-10-04 19:06:31 - [MESSAGE][PASSED] - Object 'Object Repository/checkout/Notifikasi keranjang' is present

2023-10-04 19:06:31 - [TEST_STEP][PASSED] - data = new java.util.HashMap(): null

2023-10-04 19:06:31 - [TEST_STEP][PASSED] - data.put("nama_barang", NamaSesudah): null

2023-10-04 19:06:31 - [TEST_STEP][PASSED] - data.put("price_barang", HargaSesudah): null

2023-10-04 19:06:31 - [TEST_STEP][PASSED] - return data: null

2023-10-04 19:06:31 - [MESSAGE][PASSED] - Call Test Case 'Test Cases/T13 Pembelian, Shipment dan Pembayaran/PBL-001' successfully

2023-10-04 19:06:31 - [TEST_STEP][PASSED] - mouseOver(findTestObject("beli barang/keranjang")): Object: 'Object Repository/beli barang/keranjang' is hovered

2023-10-04 19:06:32 - [MESSAGE][PASSED] - Object: 'Object Repository/beli barang/keranjang' is hovered

2023-10-04 19:06:32 - [TEST_STEP][PASSED] - click(findTestObject("beli barang/Lihat Sekarang")): Object: 'Object Repository/beli barang/Lihat Sekarang' is clicked on

2023-10-04 19:06:33 - [MESSAGE][PASSED] - Object: 'Object Repository/beli barang/Lihat Sekarang' is clicked on

2023-10-04 19:06:33 - [TEST_STEP][PASSED] - verifyElementPresent(findTestObject("keranjang/li_Keranjang Belanja"), 0): Object 'Object Repository/keranjang/li_Keranjang Belanja' is present

2023-10-04 19:06:33 - [MESSAGE][WARNING] - Timeout '0' is invalid. Using default page load timeout: '30'

2023-10-04 19:06:34 - [MESSAGE][PASSED] - Object 'Object Repository/keranjang/li_Keranjang Belanja' is present

2023-10-04 19:06:34 - [TEST_STEP][PASSED] - NamaKeranjang = getText(findTestObject("verifikasi/Nama keranjang")): Text of object 'Object Repository/verifikasi/Nama keranjang' is: 'Segitiga Instan Madeira - MDB5.3 Sunset'

2023-10-04 19:06:35 - [MESSAGE][PASSED] - Text of object 'Object Repository/verifikasi/Nama keranjang' is: 'Segitiga Instan Madeira - MDB5.3 Sunset'

2023-10-04 19:06:35 - [TEST_STEP][PASSED] - HargaKeranjang = getText(findTestObject("verifikasi/Harga Keranjang")): Text of object 'Object Repository/verifikasi/Harga Keranjang' is: 'Rp 1,299'

2023-10-04 19:06:35 - [MESSAGE][PASSED] - Text of object 'Object Repository/verifikasi/Harga Keranjang' is: 'Rp 1,299'

2023-10-04 19:06:35 - [TEST_STEP][PASSED] - if (toString().equalsIgnoreCase("Merah")): Object 'Object Repository/keranjang/input_Warna_variasi101' is checked

2023-10-04 19:06:35 - [TEST_STEP][PASSED] - check(findTestObject("Object Repository/keranjang/input_Warna_variasi101")): Object 'Object Repository/keranjang/input_Warna_variasi101' is checked

2023-10-04 19:06:35 - [MESSAGE][PASSED] - Object 'Object Repository/keranjang/input_Warna_variasi101' is checked

2023-10-04 19:06:35 - [TEST_STEP][PASSED] - if (toString().equalsIgnoreCase("Menengah")): Object 'Object Repository/keranjang/input_Ukuran_variasi201' is checked

2023-10-04 19:06:35 - [TEST_STEP][PASSED] - check(findTestObject("Object Repository/keranjang/input_Ukuran_variasi201")): Object 'Object Repository/keranjang/input_Ukuran_variasi201' is checked

2023-10-04 19:06:36 - [MESSAGE][PASSED] - Object 'Object Repository/keranjang/input_Ukuran_variasi201' is checked

2023-10-04 19:06:36 - [TEST_STEP][PASSED] - data.put("Warna", warna): null

2023-10-04 19:06:36 - [TEST_STEP][PASSED] - data.put("Ukuran", ukuran): null

2023-10-04 19:06:36 - [TEST_STEP][PASSED] - click(findTestObject("keranjang/button_Lanjut ke Pembayaran")): Object: 'Object Repository/keranjang/button_Lanjut ke Pembayaran' is clicked on

2023-10-04 19:06:37 - [MESSAGE][PASSED] - Object: 'Object Repository/keranjang/button_Lanjut ke Pembayaran' is clicked on

2023-10-04 19:06:37 - [TEST_STEP][PASSED] - verifyElementPresent(findTestObject("checkout/Tittle Checkout Order"), 0): Object 'Object Repository/checkout/Tittle Checkout Order' is present

2023-10-04 19:06:37 - [MESSAGE][WARNING] - Timeout '0' is invalid. Using default page load timeout: '30'

2023-10-04 19:06:38 - [MESSAGE][PASSED] - Object 'Object Repository/checkout/Tittle Checkout Order' is present

2023-10-04 19:06:38 - [TEST_STEP][PASSED] - name_product = data.get("nama_barang"): null

2023-10-04 19:06:38 - [TEST_STEP][PASSED] - price_product = data.get("price_barang"): null

2023-10-04 19:06:38 - [TEST_STEP][PASSED] - assert name_product == NamaKeranjang: null

2023-10-04 19:06:38 - [TEST_STEP][PASSED] - assert price_product == HargaKeranjang: null

2023-10-04 19:06:38 - [TEST_STEP][PASSED] - return data: null

2023-10-04 19:06:38 - [MESSAGE][PASSED] - Call Test Case 'Test Cases/T13 Pembelian, Shipment dan Pembayaran/PBL-002' successfully

2023-10-04 19:06:38 - [TEST_STEP][PASSED] - warnaa = getText(findTestObject("verifikasi/warna Merah")): Text of object 'Object Repository/verifikasi/warna Merah' is: 'Merah'

2023-10-04 19:06:38 - [MESSAGE][PASSED] - Text of object 'Object Repository/verifikasi/warna Merah' is: 'Merah'

2023-10-04 19:06:38 - [TEST_STEP][PASSED] - ukurann = getText(findTestObject("verifikasi/Ukuran Menengah")): Text of object 'Object Repository/verifikasi/Ukuran Menengah' is: 'Menengah'

2023-10-04 19:06:38 - [MESSAGE][PASSED] - Text of object 'Object Repository/verifikasi/Ukuran Menengah' is: 'Menengah'

2023-10-04 19:06:38 - [TEST_STEP][PASSED] - warna1 = data.get("Warna"): null

2023-10-04 19:06:38 - [TEST_STEP][PASSED] - ukuran1 = data.get("Ukuran"): null

2023-10-04 19:06:38 - [TEST_STEP][PASSED] - assert warnaa == warna1: null

2023-10-04 19:06:38 - [TEST_STEP][PASSED] - assert ukurann == ukuran1: null

2023-10-04 19:06:38 - [TEST_STEP][PASSED] - NamaCheckout = getText(findTestObject("verifikasi/NamaCheckout")): Text of object 'Object Repository/verifikasi/NamaCheckout' is: ''

2023-10-04 19:06:39 - [MESSAGE][PASSED] - Text of object 'Object Repository/verifikasi/NamaCheckout' is: ''

2023-10-04 19:06:39 - [TEST_STEP][PASSED] - HargaCheckout = getText(findTestObject("verifikasi/HargaCheckout")): Text of object 'Object Repository/verifikasi/HargaCheckout' is: '1,299'

2023-10-04 19:06:39 - [MESSAGE][PASSED] - Text of object 'Object Repository/verifikasi/HargaCheckout' is: '1,299'

2023-10-04 19:06:39 - [TEST_STEP][PASSED] - name_product = data.get("nama_barang"): null

2023-10-04 19:06:39 - [TEST_STEP][PASSED] - price_product = data.get("price_barang"): null

2023-10-04 19:06:39 - [TEST_STEP][PASSED] - assert name_product.contains(NamaCheckout): null

2023-10-04 19:06:39 - [TEST_STEP][PASSED] - assert price_product.contains(HargaCheckout): null

2023-10-04 19:06:39 - [TEST_STEP][PASSED] - selectOptionByLabel(findTestObject("checkout/select - Kirim via Kurir Lokal"), Kurir, false): All options with label 'Roda 2' are selected in object 'Object Repository/checkout/select - Kirim via Kurir Lokal' 

2023-10-04 19:06:40 - [MESSAGE][PASSED] - All options with label 'Roda 2' are selected in object 'Object Repository/checkout/select - Kirim via Kurir Lokal' 

2023-10-04 19:06:40 - [TEST_STEP][PASSED] - click(findTestObject("checkout/Kendaraan Kurir")): Object: 'Object Repository/checkout/Kendaraan Kurir' is clicked on

2023-10-04 19:06:41 - [MESSAGE][PASSED] - Object: 'Object Repository/checkout/Kendaraan Kurir' is clicked on

2023-10-04 19:06:41 - [TEST_STEP][PASSED] - OngkosKirim = getText(findTestObject("Object Repository/verifikasi/Ongkos Kirim checkout")): Text of object 'Object Repository/verifikasi/Ongkos Kirim checkout' is: 'Rp. 5,000'

2023-10-04 19:06:41 - [MESSAGE][PASSED] - Text of object 'Object Repository/verifikasi/Ongkos Kirim checkout' is: 'Rp. 5,000'

2023-10-04 19:06:41 - [TEST_STEP][PASSED] - Ongkos = OngkosKirim.substring(3, OngkosKirim.size()): null

2023-10-04 19:06:41 - [TEST_STEP][PASSED] - rep = Ongkos.replace(",", "."): null

2023-10-04 19:06:41 - [TEST_STEP][PASSED] - Ongkos_kirim = Double.parseDouble(rep): null

2023-10-04 19:06:41 - [TEST_STEP][PASSED] - println(Ongkos_kirim): null

2023-10-04 19:06:41 - [TEST_STEP][PASSED] - FeeAdmin = getText(findTestObject("verifikasi/Fee Admin checkout")): Text of object 'Object Repository/verifikasi/Fee Admin checkout' is: 'Fee Admin
Rp 1,500'

2023-10-04 19:06:41 - [MESSAGE][PASSED] - Text of object 'Object Repository/verifikasi/Fee Admin checkout' is: 'Fee Admin
Rp 1,500'

2023-10-04 19:06:41 - [TEST_STEP][PASSED] - Fee_Admin = FeeAdmin.substring(12, FeeAdmin.size()): null

2023-10-04 19:06:41 - [TEST_STEP][PASSED] - fee = Fee_Admin.replace(",", "."): null

2023-10-04 19:06:41 - [TEST_STEP][PASSED] - fee_admin = Double.parseDouble(fee): null

2023-10-04 19:06:41 - [TEST_STEP][PASSED] - println(fee_admin): null

2023-10-04 19:06:41 - [TEST_STEP][PASSED] - Subtotal = getText(findTestObject("verifikasi/subtotal checkout")): Text of object 'Object Repository/verifikasi/subtotal checkout' is: 'Subtotal
Rp 1,299'

2023-10-04 19:06:42 - [MESSAGE][PASSED] - Text of object 'Object Repository/verifikasi/subtotal checkout' is: 'Subtotal
Rp 1,299'

2023-10-04 19:06:42 - [TEST_STEP][PASSED] - sub_total = Subtotal.substring(12, Subtotal.size()): null

2023-10-04 19:06:42 - [TEST_STEP][PASSED] - sub = sub_total.replace(",", "."): null

2023-10-04 19:06:42 - [TEST_STEP][PASSED] - sub_total = Double.parseDouble(sub): null

2023-10-04 19:06:42 - [TEST_STEP][PASSED] - println(sub_total): null

2023-10-04 19:06:42 - [TEST_STEP][PASSED] - Total = getText(findTestObject("verifikasi/Total checkout")): Text of object 'Object Repository/verifikasi/Total checkout' is: 'Rp 7,799'

2023-10-04 19:06:42 - [MESSAGE][PASSED] - Text of object 'Object Repository/verifikasi/Total checkout' is: 'Rp 7,799'

2023-10-04 19:06:42 - [TEST_STEP][PASSED] - totall = Total.substring(3, Total.size()): null

2023-10-04 19:06:42 - [TEST_STEP][PASSED] - total = totall.replace(",", "."): null

2023-10-04 19:06:42 - [TEST_STEP][PASSED] - totall = Double.parseDouble(total): null

2023-10-04 19:06:42 - [TEST_STEP][PASSED] - println(totall): null

2023-10-04 19:06:42 - [TEST_STEP][PASSED] - Total_Harga = Ongkos_kirim + fee_admin + sub_total: null

2023-10-04 19:06:42 - [TEST_STEP][PASSED] - println(Total_Harga): null

2023-10-04 19:06:42 - [TEST_STEP][PASSED] - TotalHarga = Math.round(Total_Harga * 1000) / 1000: null

2023-10-04 19:06:42 - [TEST_STEP][PASSED] - println(TotalHarga): null

2023-10-04 19:06:42 - [TEST_STEP][PASSED] - assert totall == TotalHarga: null

2023-10-04 19:06:42 - [TEST_STEP][PASSED] - click(findTestObject("Object Repository/checkout/metode pembayaran")): Object: 'Object Repository/checkout/metode pembayaran' is clicked on

2023-10-04 19:06:43 - [MESSAGE][PASSED] - Object: 'Object Repository/checkout/metode pembayaran' is clicked on

2023-10-04 19:06:43 - [TEST_STEP][PASSED] - click(findTestObject("checkout/button_Proses Pembayaran")): Object: 'Object Repository/checkout/button_Proses Pembayaran' is clicked on

2023-10-04 19:06:48 - [MESSAGE][PASSED] - Object: 'Object Repository/checkout/button_Proses Pembayaran' is clicked on

2023-10-04 19:06:48 - [TEST_STEP][PASSED] - verifyElementPresent(findTestObject("pembayaran/Tittle nomor invoice"), 0): Object 'Object Repository/pembayaran/Tittle nomor invoice' is present

2023-10-04 19:06:48 - [MESSAGE][WARNING] - Timeout '0' is invalid. Using default page load timeout: '30'

2023-10-04 19:06:52 - [MESSAGE][PASSED] - Object 'Object Repository/pembayaran/Tittle nomor invoice' is present

2023-10-04 19:06:52 - [TEST_STEP][PASSED] - return data: null

2023-10-04 19:06:52 - [MESSAGE][PASSED] - Call Test Case 'Test Cases/T13 Pembelian, Shipment dan Pembayaran/PBL-005' successfully

2023-10-04 19:06:52 - [TEST_STEP][PASSED] - Invoice = getText(findTestObject("pembayaran/nomor invoice")): Text of object 'Object Repository/pembayaran/nomor invoice' is: 'TRX60.20231004190644'

2023-10-04 19:06:52 - [MESSAGE][PASSED] - Text of object 'Object Repository/pembayaran/nomor invoice' is: 'TRX60.20231004190644'

2023-10-04 19:06:52 - [TEST_STEP][PASSED] - NamaPemesan = getText(findTestObject("Konfirmasi pesanan shop/Nama pemesan")): Text of object 'Object Repository/Konfirmasi pesanan shop/Nama pemesan' is: 'irfan.afandi'

2023-10-04 19:06:53 - [MESSAGE][PASSED] - Text of object 'Object Repository/Konfirmasi pesanan shop/Nama pemesan' is: 'irfan.afandi'

2023-10-04 19:06:53 - [TEST_STEP][PASSED] - data.put("invoice", Invoice): null

2023-10-04 19:06:53 - [TEST_STEP][PASSED] - Nama = getText(findTestObject("pembayaran/Nama barang")): Text of object 'Object Repository/pembayaran/Nama barang' is: 'Segitiga Instan Madeira - MDB5.3 Sunset'

2023-10-04 19:06:53 - [MESSAGE][PASSED] - Text of object 'Object Repository/pembayaran/Nama barang' is: 'Segitiga Instan Madeira - MDB5.3 Sunset'

2023-10-04 19:06:53 - [TEST_STEP][PASSED] - Harga = getText(findTestObject("pembayaran/Harga barang")): Text of object 'Object Repository/pembayaran/Harga barang' is: '1,299'

2023-10-04 19:06:53 - [MESSAGE][PASSED] - Text of object 'Object Repository/pembayaran/Harga barang' is: '1,299'

2023-10-04 19:06:53 - [TEST_STEP][PASSED] - name_product = data.get("nama_barang"): null

2023-10-04 19:06:53 - [TEST_STEP][PASSED] - price_product = data.get("price_barang"): null

2023-10-04 19:06:53 - [TEST_STEP][PASSED] - assert name_product.contains(Nama): null

2023-10-04 19:06:53 - [TEST_STEP][PASSED] - assert price_product.contains(Harga): null

2023-10-04 19:06:53 - [TEST_STEP][PASSED] - warnaa = getText(findTestObject("pembayaran/warna")): Text of object 'Object Repository/pembayaran/warna' is: 'Merah'

2023-10-04 19:06:54 - [MESSAGE][PASSED] - Text of object 'Object Repository/pembayaran/warna' is: 'Merah'

2023-10-04 19:06:54 - [TEST_STEP][PASSED] - ukurann = getText(findTestObject("pembayaran/ukuran")): Text of object 'Object Repository/pembayaran/ukuran' is: 'Menengah'

2023-10-04 19:06:54 - [MESSAGE][PASSED] - Text of object 'Object Repository/pembayaran/ukuran' is: 'Menengah'

2023-10-04 19:06:54 - [TEST_STEP][PASSED] - warna1 = data.get("Warna"): null

2023-10-04 19:06:54 - [TEST_STEP][PASSED] - ukuran1 = data.get("Ukuran"): null

2023-10-04 19:06:54 - [TEST_STEP][PASSED] - assert warnaa == warna1: null

2023-10-04 19:06:54 - [TEST_STEP][PASSED] - assert ukurann == ukuran1: null

2023-10-04 19:06:54 - [TEST_STEP][PASSED] - OngkosKirim = getText(findTestObject("pembayaran/ongkos kirim")): Text of object 'Object Repository/pembayaran/ongkos kirim' is: 'Rp 5,000'

2023-10-04 19:06:54 - [MESSAGE][PASSED] - Text of object 'Object Repository/pembayaran/ongkos kirim' is: 'Rp 5,000'

2023-10-04 19:06:54 - [TEST_STEP][PASSED] - Ongkos = OngkosKirim.substring(3, OngkosKirim.size()): null

2023-10-04 19:06:54 - [TEST_STEP][PASSED] - rep = Ongkos.replace(",", ""): null

2023-10-04 19:06:54 - [TEST_STEP][PASSED] - Ongkos_kirimm = Integer.parseInt(rep): null

2023-10-04 19:06:54 - [TEST_STEP][PASSED] - println(Ongkos_kirimm): null

2023-10-04 19:06:54 - [TEST_STEP][PASSED] - FeeAdmin = getText(findTestObject("pembayaran/fee admin")): Text of object 'Object Repository/pembayaran/fee admin' is: 'Rp 1,500'

2023-10-04 19:06:55 - [MESSAGE][PASSED] - Text of object 'Object Repository/pembayaran/fee admin' is: 'Rp 1,500'

2023-10-04 19:06:55 - [TEST_STEP][PASSED] - Fee_Admin = FeeAdmin.substring(3, FeeAdmin.size()): null

2023-10-04 19:06:55 - [TEST_STEP][PASSED] - fee = Fee_Admin.replace(",", ""): null

2023-10-04 19:06:55 - [TEST_STEP][PASSED] - fee_adminn = Integer.parseInt(fee): null

2023-10-04 19:06:55 - [TEST_STEP][PASSED] - println(fee_adminn): null

2023-10-04 19:06:55 - [TEST_STEP][PASSED] - Subtotal = getText(findTestObject("pembayaran/subtotal")): Text of object 'Object Repository/pembayaran/subtotal' is: 'Rp 1,299'

2023-10-04 19:06:55 - [MESSAGE][PASSED] - Text of object 'Object Repository/pembayaran/subtotal' is: 'Rp 1,299'

2023-10-04 19:06:55 - [TEST_STEP][PASSED] - sub_total = Subtotal.substring(3, Subtotal.size()): null

2023-10-04 19:06:55 - [TEST_STEP][PASSED] - sub = sub_total.replace(",", ""): null

2023-10-04 19:06:55 - [TEST_STEP][PASSED] - sub_totall = Integer.parseInt(sub): null

2023-10-04 19:06:55 - [TEST_STEP][PASSED] - println(sub_totall): null

2023-10-04 19:06:55 - [TEST_STEP][PASSED] - unik = getText(findTestObject("pembayaran/kode unik")): Text of object 'Object Repository/pembayaran/kode unik' is: '+644'

2023-10-04 19:06:55 - [MESSAGE][PASSED] - Text of object 'Object Repository/pembayaran/kode unik' is: '+644'

2023-10-04 19:06:55 - [TEST_STEP][PASSED] - unikk = unik.replace("+", ""): null

2023-10-04 19:06:55 - [TEST_STEP][PASSED] - kode_unik = Integer.parseInt(unikk): null

2023-10-04 19:06:55 - [TEST_STEP][PASSED] - println(kode_unik): null

2023-10-04 19:06:55 - [TEST_STEP][PASSED] - Total = getText(findTestObject("pembayaran/total")): Text of object 'Object Repository/pembayaran/total' is: '8,443'

2023-10-04 19:06:56 - [MESSAGE][PASSED] - Text of object 'Object Repository/pembayaran/total' is: '8,443'

2023-10-04 19:06:56 - [TEST_STEP][PASSED] - total = Total.replace(",", ""): null

2023-10-04 19:06:56 - [TEST_STEP][PASSED] - totalll = Integer.parseInt(total): null

2023-10-04 19:06:56 - [TEST_STEP][PASSED] - println(totalll): null

2023-10-04 19:06:56 - [TEST_STEP][PASSED] - Total_Hargaa = Ongkos_kirimm + fee_adminn + sub_totall + kode_unik: null

2023-10-04 19:06:56 - [TEST_STEP][PASSED] - println(Total_Hargaa): null

2023-10-04 19:06:56 - [TEST_STEP][PASSED] - assert totalll == Total_Hargaa: null

2023-10-04 19:06:56 - [TEST_STEP][PASSED] - data.put("total", Total): null

2023-10-04 19:06:56 - [TEST_STEP][PASSED] - data.put("nama", NamaPemesan): null

2023-10-04 19:06:56 - [TEST_STEP][PASSED] - return data: null]]></system-out>
         <system-err><![CDATA[]]></system-err>
      </testcase>
      <testcase name="Test Cases/T13 Pembelian, Shipment dan Pembayaran/PBY-003" time="113.867" classname="Test Cases/T13 Pembelian, Shipment dan Pembayaran/PBY-003" status="PASSED">
         <system-out><![CDATA[2023-10-04 19:06:56 - [TEST_CASE][PASSED] - Test Cases/T13 Pembelian, Shipment dan Pembayaran/PBY-003: Test Cases/T13 Pembelian, Shipment dan Pembayaran/PBY-003

2023-10-04 19:06:56 - [TEST_STEP][PASSED] - data = callTestCase(findTestCase("T13 Pembelian, Shipment dan Pembayaran/PBY-001"), [:], STOP_ON_FAILURE): Call Test Case 'Test Cases/T13 Pembelian, Shipment dan Pembayaran/PBY-001' successfully

2023-10-04 19:06:56 - [TEST_CASE][PASSED] - Test Cases/T13 Pembelian, Shipment dan Pembayaran/PBY-001: Test Cases/T13 Pembelian, Shipment dan Pembayaran/PBY-001

2023-10-04 19:06:56 - [TEST_STEP][PASSED] - data = callTestCase(findTestCase("T13 Pembelian, Shipment dan Pembayaran/PBL-004"), ["Kurir":"Roda 2"], STOP_ON_FAILURE): Call Test Case 'Test Cases/T13 Pembelian, Shipment dan Pembayaran/PBL-004' successfully

2023-10-04 19:06:57 - [TEST_CASE][PASSED] - Test Cases/T13 Pembelian, Shipment dan Pembayaran/PBL-004: Test Cases/T13 Pembelian, Shipment dan Pembayaran/PBL-004

2023-10-04 19:06:57 - [TEST_STEP][PASSED] - data = callTestCase(findTestCase("T13 Pembelian, Shipment dan Pembayaran/PBL-002"), [:], STOP_ON_FAILURE): Call Test Case 'Test Cases/T13 Pembelian, Shipment dan Pembayaran/PBL-002' successfully

2023-10-04 19:06:57 - [TEST_CASE][PASSED] - Test Cases/T13 Pembelian, Shipment dan Pembayaran/PBL-002: Test Cases/T13 Pembelian, Shipment dan Pembayaran/PBL-002

2023-10-04 19:06:57 - [TEST_STEP][PASSED] - data = callTestCase(findTestCase("T13 Pembelian, Shipment dan Pembayaran/PBL-001"), [:], STOP_ON_FAILURE): Call Test Case 'Test Cases/T13 Pembelian, Shipment dan Pembayaran/PBL-001' successfully

2023-10-04 19:06:57 - [TEST_CASE][PASSED] - Test Cases/T13 Pembelian, Shipment dan Pembayaran/PBL-001: Test Cases/T13 Pembelian, Shipment dan Pembayaran/PBL-001

2023-10-04 19:06:57 - [TEST_STEP][PASSED] - callTestCase(findTestCase("T13 Pembelian, Shipment dan Pembayaran/LU-001"), ["username":"irfanafandi", "password":"12345irfan"], STOP_ON_FAILURE): Call Test Case 'Test Cases/T13 Pembelian, Shipment dan Pembayaran/LU-001' successfully

2023-10-04 19:06:57 - [TEST_CASE][PASSED] - Test Cases/T13 Pembelian, Shipment dan Pembayaran/LU-001: Test Cases/T13 Pembelian, Shipment dan Pembayaran/LU-001

2023-10-04 19:06:57 - [TEST_STEP][PASSED] - openBrowser("https://10.9.2.63/ecommerce/"): Browser is opened with url: 'https://10.9.2.63/ecommerce/'

2023-10-04 19:06:57 - [MESSAGE][WARNING] - A browser is already opened. Closing browser and opening a new one

2023-10-04 19:06:59 - [MESSAGE][INFO] - Starting 'Firefox' driver

2023-10-04 19:06:59 - [MESSAGE][INFO] - User set preference: ['args', '[--disable-notifications]']

2023-10-04 19:06:59 - [MESSAGE][INFO] - Action delay is set to 0 milliseconds

2023-10-04 19:07:04 - [MESSAGE][PASSED] - Browser is opened with url: 'https://10.9.2.63/ecommerce/'

2023-10-04 19:07:04 - [TEST_STEP][PASSED] - maximizeWindow(): Current window maximized

2023-10-04 19:07:04 - [MESSAGE][PASSED] - Current window maximized

2023-10-04 19:07:04 - [TEST_STEP][PASSED] - verifyElementPresent(findTestObject("Login/Home"), 0): Object 'Object Repository/Login/Home' is present

2023-10-04 19:07:04 - [MESSAGE][WARNING] - Timeout '0' is invalid. Using default page load timeout: '30'

2023-10-04 19:07:04 - [MESSAGE][PASSED] - Object 'Object Repository/Login/Home' is present

2023-10-04 19:07:04 - [TEST_STEP][PASSED] - click(findTestObject("Login/a_Login")): Object: 'Object Repository/Login/a_Login' is clicked on

2023-10-04 19:07:05 - [MESSAGE][PASSED] - Object: 'Object Repository/Login/a_Login' is clicked on

2023-10-04 19:07:05 - [TEST_STEP][PASSED] - verifyElementPresent(findTestObject("Login/Tittle Login"), 0): Object 'Object Repository/Login/Tittle Login' is present

2023-10-04 19:07:05 - [MESSAGE][WARNING] - Timeout '0' is invalid. Using default page load timeout: '30'

2023-10-04 19:07:05 - [MESSAGE][PASSED] - Object 'Object Repository/Login/Tittle Login' is present

2023-10-04 19:07:05 - [TEST_STEP][PASSED] - setText(findTestObject("Login/input_Username, Email atau No. Handphone_a"), username): Text 'irfanafandi' is set on object 'Object Repository/Login/input_Username, Email atau No. Handphone_a'

2023-10-04 19:07:06 - [MESSAGE][PASSED] - Text 'irfanafandi' is set on object 'Object Repository/Login/input_Username, Email atau No. Handphone_a'

2023-10-04 19:07:06 - [TEST_STEP][PASSED] - setText(findTestObject("Login/input_Password_b"), password): Text '12345irfan' is set on object 'Object Repository/Login/input_Password_b'

2023-10-04 19:07:07 - [MESSAGE][PASSED] - Text '12345irfan' is set on object 'Object Repository/Login/input_Password_b'

2023-10-04 19:07:07 - [TEST_STEP][PASSED] - click(findTestObject("Login/label_Ingat saya")): Object: 'Object Repository/Login/label_Ingat saya' is clicked on

2023-10-04 19:07:07 - [MESSAGE][PASSED] - Object: 'Object Repository/Login/label_Ingat saya' is clicked on

2023-10-04 19:07:07 - [TEST_STEP][PASSED] - click(findTestObject("Login/button_Masuk")): Object: 'Object Repository/Login/button_Masuk' is clicked on

2023-10-04 19:07:08 - [MESSAGE][PASSED] - Object: 'Object Repository/Login/button_Masuk' is clicked on

2023-10-04 19:07:08 - [TEST_STEP][PASSED] - verifyElementPresent(findTestObject("Login/li_Profile"), 0): Object 'Object Repository/Login/li_Profile' is present

2023-10-04 19:07:08 - [MESSAGE][WARNING] - Timeout '0' is invalid. Using default page load timeout: '30'

2023-10-04 19:07:09 - [MESSAGE][PASSED] - Object 'Object Repository/Login/li_Profile' is present

2023-10-04 19:07:09 - [MESSAGE][PASSED] - Call Test Case 'Test Cases/T13 Pembelian, Shipment dan Pembayaran/LU-001' successfully

2023-10-04 19:07:09 - [TEST_STEP][PASSED] - mouseOver(findTestObject("beli barang/i_Mulai Belanja_icon-menu")): Object: 'Object Repository/beli barang/i_Mulai Belanja_icon-menu' is hovered

2023-10-04 19:07:09 - [MESSAGE][PASSED] - Object: 'Object Repository/beli barang/i_Mulai Belanja_icon-menu' is hovered

2023-10-04 19:07:09 - [TEST_STEP][PASSED] - click(findTestObject("beli barang/a_Fashion  Busana Wanita")): Object: 'Object Repository/beli barang/a_Fashion  Busana Wanita' is clicked on

2023-10-04 19:07:10 - [MESSAGE][PASSED] - Object: 'Object Repository/beli barang/a_Fashion  Busana Wanita' is clicked on

2023-10-04 19:07:10 - [TEST_STEP][PASSED] - NamaSebelum = getText(findTestObject("verifikasi/Nama sebelum")): Text of object 'Object Repository/verifikasi/Nama sebelum' is: ''

2023-10-04 19:07:11 - [MESSAGE][PASSED] - Text of object 'Object Repository/verifikasi/Nama sebelum' is: ''

2023-10-04 19:07:11 - [TEST_STEP][PASSED] - HargaSebelum = getText(findTestObject("verifikasi/Harga sebelum")): Text of object 'Object Repository/verifikasi/Harga sebelum' is: 'Rp 1,299'

2023-10-04 19:07:11 - [MESSAGE][PASSED] - Text of object 'Object Repository/verifikasi/Harga sebelum' is: 'Rp 1,299'

2023-10-04 19:07:11 - [TEST_STEP][PASSED] - mouseOver(findTestObject("beli barang/barang mouse over")): Object: 'Object Repository/beli barang/barang mouse over' is hovered

2023-10-04 19:07:12 - [MESSAGE][PASSED] - Object: 'Object Repository/beli barang/barang mouse over' is hovered

2023-10-04 19:07:12 - [TEST_STEP][PASSED] - click(findTestObject("beli barang/buttom add to cart")): Object: 'Object Repository/beli barang/buttom add to cart' is clicked on

2023-10-04 19:07:13 - [MESSAGE][PASSED] - Object: 'Object Repository/beli barang/buttom add to cart' is clicked on

2023-10-04 19:07:13 - [TEST_STEP][PASSED] - NamaSesudah = getText(findTestObject("verifikasi/Nama sesudah")): Text of object 'Object Repository/verifikasi/Nama sesudah' is: 'Segitiga Instan Madeira - MDB5.3 Sunset'

2023-10-04 19:07:14 - [MESSAGE][PASSED] - Text of object 'Object Repository/verifikasi/Nama sesudah' is: 'Segitiga Instan Madeira - MDB5.3 Sunset'

2023-10-04 19:07:14 - [TEST_STEP][PASSED] - HargaSesudah = getText(findTestObject("verifikasi/Harga sesudah")): Text of object 'Object Repository/verifikasi/Harga sesudah' is: 'Rp 1,299'

2023-10-04 19:07:14 - [MESSAGE][PASSED] - Text of object 'Object Repository/verifikasi/Harga sesudah' is: 'Rp 1,299'

2023-10-04 19:07:14 - [TEST_STEP][PASSED] - assert NamaSesudah.contains(NamaSebelum): null

2023-10-04 19:07:14 - [TEST_STEP][PASSED] - assert HargaSesudah.contains(HargaSebelum): null

2023-10-04 19:07:14 - [TEST_STEP][PASSED] - click(findTestObject("beli barang/Tambah Keranjang busana wanita")): Object: 'Object Repository/beli barang/Tambah Keranjang busana wanita' is clicked on

2023-10-04 19:07:15 - [MESSAGE][PASSED] - Object: 'Object Repository/beli barang/Tambah Keranjang busana wanita' is clicked on

2023-10-04 19:07:15 - [TEST_STEP][PASSED] - verifyElementPresent(findTestObject("checkout/Notifikasi keranjang"), 1): Object 'Object Repository/checkout/Notifikasi keranjang' is present

2023-10-04 19:07:15 - [MESSAGE][PASSED] - Object 'Object Repository/checkout/Notifikasi keranjang' is present

2023-10-04 19:07:15 - [TEST_STEP][PASSED] - data = new java.util.HashMap(): null

2023-10-04 19:07:15 - [TEST_STEP][PASSED] - data.put("nama_barang", NamaSesudah): null

2023-10-04 19:07:15 - [TEST_STEP][PASSED] - data.put("price_barang", HargaSesudah): null

2023-10-04 19:07:15 - [TEST_STEP][PASSED] - return data: null

2023-10-04 19:07:15 - [MESSAGE][PASSED] - Call Test Case 'Test Cases/T13 Pembelian, Shipment dan Pembayaran/PBL-001' successfully

2023-10-04 19:07:15 - [TEST_STEP][PASSED] - mouseOver(findTestObject("beli barang/keranjang")): Object: 'Object Repository/beli barang/keranjang' is hovered

2023-10-04 19:07:16 - [MESSAGE][PASSED] - Object: 'Object Repository/beli barang/keranjang' is hovered

2023-10-04 19:07:16 - [TEST_STEP][PASSED] - click(findTestObject("beli barang/Lihat Sekarang")): Object: 'Object Repository/beli barang/Lihat Sekarang' is clicked on

2023-10-04 19:08:12 - [MESSAGE][PASSED] - Object: 'Object Repository/beli barang/Lihat Sekarang' is clicked on

2023-10-04 19:08:12 - [TEST_STEP][PASSED] - verifyElementPresent(findTestObject("keranjang/li_Keranjang Belanja"), 0): Object 'Object Repository/keranjang/li_Keranjang Belanja' is present

2023-10-04 19:08:12 - [MESSAGE][WARNING] - Timeout '0' is invalid. Using default page load timeout: '30'

2023-10-04 19:08:13 - [MESSAGE][PASSED] - Object 'Object Repository/keranjang/li_Keranjang Belanja' is present

2023-10-04 19:08:13 - [TEST_STEP][PASSED] - NamaKeranjang = getText(findTestObject("verifikasi/Nama keranjang")): Text of object 'Object Repository/verifikasi/Nama keranjang' is: 'Segitiga Instan Madeira - MDB5.3 Sunset'

2023-10-04 19:08:13 - [MESSAGE][PASSED] - Text of object 'Object Repository/verifikasi/Nama keranjang' is: 'Segitiga Instan Madeira - MDB5.3 Sunset'

2023-10-04 19:08:13 - [TEST_STEP][PASSED] - HargaKeranjang = getText(findTestObject("verifikasi/Harga Keranjang")): Text of object 'Object Repository/verifikasi/Harga Keranjang' is: 'Rp 1,299'

2023-10-04 19:08:13 - [MESSAGE][PASSED] - Text of object 'Object Repository/verifikasi/Harga Keranjang' is: 'Rp 1,299'

2023-10-04 19:08:13 - [TEST_STEP][PASSED] - if (toString().equalsIgnoreCase("Merah")): Object 'Object Repository/keranjang/input_Warna_variasi101' is checked

2023-10-04 19:08:13 - [TEST_STEP][PASSED] - check(findTestObject("Object Repository/keranjang/input_Warna_variasi101")): Object 'Object Repository/keranjang/input_Warna_variasi101' is checked

2023-10-04 19:08:14 - [MESSAGE][PASSED] - Object 'Object Repository/keranjang/input_Warna_variasi101' is checked

2023-10-04 19:08:14 - [TEST_STEP][PASSED] - if (toString().equalsIgnoreCase("Menengah")): Object 'Object Repository/keranjang/input_Ukuran_variasi201' is checked

2023-10-04 19:08:14 - [TEST_STEP][PASSED] - check(findTestObject("Object Repository/keranjang/input_Ukuran_variasi201")): Object 'Object Repository/keranjang/input_Ukuran_variasi201' is checked

2023-10-04 19:08:14 - [MESSAGE][PASSED] - Object 'Object Repository/keranjang/input_Ukuran_variasi201' is checked

2023-10-04 19:08:14 - [TEST_STEP][PASSED] - data.put("Warna", warna): null

2023-10-04 19:08:14 - [TEST_STEP][PASSED] - data.put("Ukuran", ukuran): null

2023-10-04 19:08:14 - [TEST_STEP][PASSED] - click(findTestObject("keranjang/button_Lanjut ke Pembayaran")): Object: 'Object Repository/keranjang/button_Lanjut ke Pembayaran' is clicked on

2023-10-04 19:08:16 - [MESSAGE][PASSED] - Object: 'Object Repository/keranjang/button_Lanjut ke Pembayaran' is clicked on

2023-10-04 19:08:16 - [TEST_STEP][PASSED] - verifyElementPresent(findTestObject("checkout/Tittle Checkout Order"), 0): Object 'Object Repository/checkout/Tittle Checkout Order' is present

2023-10-04 19:08:16 - [MESSAGE][WARNING] - Timeout '0' is invalid. Using default page load timeout: '30'

2023-10-04 19:08:16 - [MESSAGE][PASSED] - Object 'Object Repository/checkout/Tittle Checkout Order' is present

2023-10-04 19:08:16 - [TEST_STEP][PASSED] - name_product = data.get("nama_barang"): null

2023-10-04 19:08:16 - [TEST_STEP][PASSED] - price_product = data.get("price_barang"): null

2023-10-04 19:08:16 - [TEST_STEP][PASSED] - assert name_product == NamaKeranjang: null

2023-10-04 19:08:16 - [TEST_STEP][PASSED] - assert price_product == HargaKeranjang: null

2023-10-04 19:08:16 - [TEST_STEP][PASSED] - return data: null

2023-10-04 19:08:16 - [MESSAGE][PASSED] - Call Test Case 'Test Cases/T13 Pembelian, Shipment dan Pembayaran/PBL-002' successfully

2023-10-04 19:08:16 - [TEST_STEP][PASSED] - warnaa = getText(findTestObject("verifikasi/warna Merah")): Text of object 'Object Repository/verifikasi/warna Merah' is: 'Merah'

2023-10-04 19:08:17 - [MESSAGE][PASSED] - Text of object 'Object Repository/verifikasi/warna Merah' is: 'Merah'

2023-10-04 19:08:17 - [TEST_STEP][PASSED] - ukurann = getText(findTestObject("verifikasi/Ukuran Menengah")): Text of object 'Object Repository/verifikasi/Ukuran Menengah' is: 'Menengah'

2023-10-04 19:08:17 - [MESSAGE][PASSED] - Text of object 'Object Repository/verifikasi/Ukuran Menengah' is: 'Menengah'

2023-10-04 19:08:17 - [TEST_STEP][PASSED] - warna1 = data.get("Warna"): null

2023-10-04 19:08:17 - [TEST_STEP][PASSED] - ukuran1 = data.get("Ukuran"): null

2023-10-04 19:08:17 - [TEST_STEP][PASSED] - assert warnaa == warna1: null

2023-10-04 19:08:17 - [TEST_STEP][PASSED] - assert ukurann == ukuran1: null

2023-10-04 19:08:17 - [TEST_STEP][PASSED] - NamaCheckout = getText(findTestObject("verifikasi/NamaCheckout")): Text of object 'Object Repository/verifikasi/NamaCheckout' is: ''

2023-10-04 19:08:17 - [MESSAGE][PASSED] - Text of object 'Object Repository/verifikasi/NamaCheckout' is: ''

2023-10-04 19:08:17 - [TEST_STEP][PASSED] - HargaCheckout = getText(findTestObject("verifikasi/HargaCheckout")): Text of object 'Object Repository/verifikasi/HargaCheckout' is: '1,299'

2023-10-04 19:08:18 - [MESSAGE][PASSED] - Text of object 'Object Repository/verifikasi/HargaCheckout' is: '1,299'

2023-10-04 19:08:18 - [TEST_STEP][PASSED] - name_product = data.get("nama_barang"): null

2023-10-04 19:08:18 - [TEST_STEP][PASSED] - price_product = data.get("price_barang"): null

2023-10-04 19:08:18 - [TEST_STEP][PASSED] - assert name_product.contains(NamaCheckout): null

2023-10-04 19:08:18 - [TEST_STEP][PASSED] - assert price_product.contains(HargaCheckout): null

2023-10-04 19:08:18 - [TEST_STEP][PASSED] - selectOptionByLabel(findTestObject("checkout/select - Kirim via Kurir Lokal"), Kurir, false): All options with label 'Roda 2' are selected in object 'Object Repository/checkout/select - Kirim via Kurir Lokal' 

2023-10-04 19:08:19 - [MESSAGE][PASSED] - All options with label 'Roda 2' are selected in object 'Object Repository/checkout/select - Kirim via Kurir Lokal' 

2023-10-04 19:08:19 - [TEST_STEP][PASSED] - click(findTestObject("checkout/Kendaraan Kurir")): Object: 'Object Repository/checkout/Kendaraan Kurir' is clicked on

2023-10-04 19:08:19 - [MESSAGE][PASSED] - Object: 'Object Repository/checkout/Kendaraan Kurir' is clicked on

2023-10-04 19:08:19 - [TEST_STEP][PASSED] - OngkosKirim = getText(findTestObject("Object Repository/verifikasi/Ongkos Kirim checkout")): Text of object 'Object Repository/verifikasi/Ongkos Kirim checkout' is: 'Rp. 5,000'

2023-10-04 19:08:20 - [MESSAGE][PASSED] - Text of object 'Object Repository/verifikasi/Ongkos Kirim checkout' is: 'Rp. 5,000'

2023-10-04 19:08:20 - [TEST_STEP][PASSED] - Ongkos = OngkosKirim.substring(3, OngkosKirim.size()): null

2023-10-04 19:08:20 - [TEST_STEP][PASSED] - rep = Ongkos.replace(",", "."): null

2023-10-04 19:08:20 - [TEST_STEP][PASSED] - Ongkos_kirim = Double.parseDouble(rep): null

2023-10-04 19:08:20 - [TEST_STEP][PASSED] - println(Ongkos_kirim): null

2023-10-04 19:08:20 - [TEST_STEP][PASSED] - FeeAdmin = getText(findTestObject("verifikasi/Fee Admin checkout")): Text of object 'Object Repository/verifikasi/Fee Admin checkout' is: 'Fee Admin
Rp 1,500'

2023-10-04 19:08:20 - [MESSAGE][PASSED] - Text of object 'Object Repository/verifikasi/Fee Admin checkout' is: 'Fee Admin
Rp 1,500'

2023-10-04 19:08:20 - [TEST_STEP][PASSED] - Fee_Admin = FeeAdmin.substring(12, FeeAdmin.size()): null

2023-10-04 19:08:20 - [TEST_STEP][PASSED] - fee = Fee_Admin.replace(",", "."): null

2023-10-04 19:08:20 - [TEST_STEP][PASSED] - fee_admin = Double.parseDouble(fee): null

2023-10-04 19:08:20 - [TEST_STEP][PASSED] - println(fee_admin): null

2023-10-04 19:08:20 - [TEST_STEP][PASSED] - Subtotal = getText(findTestObject("verifikasi/subtotal checkout")): Text of object 'Object Repository/verifikasi/subtotal checkout' is: 'Subtotal
Rp 1,299'

2023-10-04 19:08:20 - [MESSAGE][PASSED] - Text of object 'Object Repository/verifikasi/subtotal checkout' is: 'Subtotal
Rp 1,299'

2023-10-04 19:08:20 - [TEST_STEP][PASSED] - sub_total = Subtotal.substring(12, Subtotal.size()): null

2023-10-04 19:08:20 - [TEST_STEP][PASSED] - sub = sub_total.replace(",", "."): null

2023-10-04 19:08:20 - [TEST_STEP][PASSED] - sub_total = Double.parseDouble(sub): null

2023-10-04 19:08:20 - [TEST_STEP][PASSED] - println(sub_total): null

2023-10-04 19:08:20 - [TEST_STEP][PASSED] - Total = getText(findTestObject("verifikasi/Total checkout")): Text of object 'Object Repository/verifikasi/Total checkout' is: 'Rp 7,799'

2023-10-04 19:08:21 - [MESSAGE][PASSED] - Text of object 'Object Repository/verifikasi/Total checkout' is: 'Rp 7,799'

2023-10-04 19:08:21 - [TEST_STEP][PASSED] - totall = Total.substring(3, Total.size()): null

2023-10-04 19:08:21 - [TEST_STEP][PASSED] - total = totall.replace(",", "."): null

2023-10-04 19:08:21 - [TEST_STEP][PASSED] - totall = Double.parseDouble(total): null

2023-10-04 19:08:21 - [TEST_STEP][PASSED] - println(totall): null

2023-10-04 19:08:21 - [TEST_STEP][PASSED] - Total_Harga = Ongkos_kirim + fee_admin + sub_total: null

2023-10-04 19:08:21 - [TEST_STEP][PASSED] - println(Total_Harga): null

2023-10-04 19:08:21 - [TEST_STEP][PASSED] - TotalHarga = Math.round(Total_Harga * 1000) / 1000: null

2023-10-04 19:08:21 - [TEST_STEP][PASSED] - println(TotalHarga): null

2023-10-04 19:08:21 - [TEST_STEP][PASSED] - assert totall == TotalHarga: null

2023-10-04 19:08:21 - [TEST_STEP][PASSED] - click(findTestObject("verifikasi/Metode Transfer")): Object: 'Object Repository/verifikasi/Metode Transfer' is clicked on

2023-10-04 19:08:21 - [MESSAGE][PASSED] - Object: 'Object Repository/verifikasi/Metode Transfer' is clicked on

2023-10-04 19:08:21 - [TEST_STEP][PASSED] - click(findTestObject("checkout/button_Proses Pembayaran")): Object: 'Object Repository/checkout/button_Proses Pembayaran' is clicked on

2023-10-04 19:08:27 - [MESSAGE][PASSED] - Object: 'Object Repository/checkout/button_Proses Pembayaran' is clicked on

2023-10-04 19:08:27 - [TEST_STEP][PASSED] - verifyElementPresent(findTestObject("pembayaran/Tittle nomor invoice"), 0): Object 'Object Repository/pembayaran/Tittle nomor invoice' is present

2023-10-04 19:08:27 - [MESSAGE][WARNING] - Timeout '0' is invalid. Using default page load timeout: '30'

2023-10-04 19:08:32 - [MESSAGE][PASSED] - Object 'Object Repository/pembayaran/Tittle nomor invoice' is present

2023-10-04 19:08:32 - [TEST_STEP][PASSED] - return data: null

2023-10-04 19:08:32 - [MESSAGE][PASSED] - Call Test Case 'Test Cases/T13 Pembelian, Shipment dan Pembayaran/PBL-004' successfully

2023-10-04 19:08:32 - [TEST_STEP][PASSED] - Invoice = getText(findTestObject("pembayaran/nomor invoice")): Text of object 'Object Repository/pembayaran/nomor invoice' is: 'TRX60.20231004190823'

2023-10-04 19:08:33 - [MESSAGE][PASSED] - Text of object 'Object Repository/pembayaran/nomor invoice' is: 'TRX60.20231004190823'

2023-10-04 19:08:33 - [TEST_STEP][PASSED] - data.put("invoice", Invoice): null

2023-10-04 19:08:33 - [TEST_STEP][PASSED] - NamaPemesan = getText(findTestObject("Konfirmasi pesanan shop/Nama pemesan")): Text of object 'Object Repository/Konfirmasi pesanan shop/Nama pemesan' is: 'irfan.afandi'

2023-10-04 19:08:33 - [MESSAGE][PASSED] - Text of object 'Object Repository/Konfirmasi pesanan shop/Nama pemesan' is: 'irfan.afandi'

2023-10-04 19:08:33 - [TEST_STEP][PASSED] - Nama = getText(findTestObject("pembayaran/Nama barang")): Text of object 'Object Repository/pembayaran/Nama barang' is: 'Segitiga Instan Madeira - MDB5.3 Sunset'

2023-10-04 19:08:34 - [MESSAGE][PASSED] - Text of object 'Object Repository/pembayaran/Nama barang' is: 'Segitiga Instan Madeira - MDB5.3 Sunset'

2023-10-04 19:08:34 - [TEST_STEP][PASSED] - Harga = getText(findTestObject("pembayaran/Harga barang")): Text of object 'Object Repository/pembayaran/Harga barang' is: '1,299'

2023-10-04 19:08:34 - [MESSAGE][PASSED] - Text of object 'Object Repository/pembayaran/Harga barang' is: '1,299'

2023-10-04 19:08:34 - [TEST_STEP][PASSED] - name_product = data.get("nama_barang"): null

2023-10-04 19:08:34 - [TEST_STEP][PASSED] - price_product = data.get("price_barang"): null

2023-10-04 19:08:34 - [TEST_STEP][PASSED] - assert name_product.contains(Nama): null

2023-10-04 19:08:34 - [TEST_STEP][PASSED] - assert price_product.contains(Harga): null

2023-10-04 19:08:34 - [TEST_STEP][PASSED] - warnaa = getText(findTestObject("pembayaran/warna")): Text of object 'Object Repository/pembayaran/warna' is: 'Merah'

2023-10-04 19:08:35 - [MESSAGE][PASSED] - Text of object 'Object Repository/pembayaran/warna' is: 'Merah'

2023-10-04 19:08:35 - [TEST_STEP][PASSED] - ukurann = getText(findTestObject("pembayaran/ukuran")): Text of object 'Object Repository/pembayaran/ukuran' is: 'Menengah'

2023-10-04 19:08:35 - [MESSAGE][PASSED] - Text of object 'Object Repository/pembayaran/ukuran' is: 'Menengah'

2023-10-04 19:08:35 - [TEST_STEP][PASSED] - warna1 = data.get("Warna"): null

2023-10-04 19:08:35 - [TEST_STEP][PASSED] - ukuran1 = data.get("Ukuran"): null

2023-10-04 19:08:35 - [TEST_STEP][PASSED] - assert warnaa == warna1: null

2023-10-04 19:08:35 - [TEST_STEP][PASSED] - assert ukurann == ukuran1: null

2023-10-04 19:08:35 - [TEST_STEP][PASSED] - statusPembelian = getText(findTestObject("verifikasi/Status pending di pembelian")): Text of object 'Object Repository/verifikasi/Status pending di pembelian' is: 'Pending'

2023-10-04 19:08:36 - [MESSAGE][PASSED] - Text of object 'Object Repository/verifikasi/Status pending di pembelian' is: 'Pending'

2023-10-04 19:08:36 - [TEST_STEP][PASSED] - data.put("statusPem", statusPembelian): null

2023-10-04 19:08:36 - [TEST_STEP][PASSED] - OngkosKirim = getText(findTestObject("pembayaran/ongkos kirim")): Text of object 'Object Repository/pembayaran/ongkos kirim' is: 'Rp 5,000'

2023-10-04 19:08:36 - [MESSAGE][PASSED] - Text of object 'Object Repository/pembayaran/ongkos kirim' is: 'Rp 5,000'

2023-10-04 19:08:36 - [TEST_STEP][PASSED] - Ongkos = OngkosKirim.substring(3, OngkosKirim.size()): null

2023-10-04 19:08:36 - [TEST_STEP][PASSED] - rep = Ongkos.replace(",", ""): null

2023-10-04 19:08:36 - [TEST_STEP][PASSED] - Ongkos_kirimm = Integer.parseInt(rep): null

2023-10-04 19:08:36 - [TEST_STEP][PASSED] - println(Ongkos_kirimm): null

2023-10-04 19:08:36 - [TEST_STEP][PASSED] - FeeAdmin = getText(findTestObject("pembayaran/fee admin")): Text of object 'Object Repository/pembayaran/fee admin' is: 'Rp 1,500'

2023-10-04 19:08:37 - [MESSAGE][PASSED] - Text of object 'Object Repository/pembayaran/fee admin' is: 'Rp 1,500'

2023-10-04 19:08:37 - [TEST_STEP][PASSED] - Fee_Admin = FeeAdmin.substring(3, FeeAdmin.size()): null

2023-10-04 19:08:37 - [TEST_STEP][PASSED] - fee = Fee_Admin.replace(",", ""): null

2023-10-04 19:08:37 - [TEST_STEP][PASSED] - fee_adminn = Integer.parseInt(fee): null

2023-10-04 19:08:37 - [TEST_STEP][PASSED] - println(fee_adminn): null

2023-10-04 19:08:37 - [TEST_STEP][PASSED] - Subtotal = getText(findTestObject("pembayaran/subtotal")): Text of object 'Object Repository/pembayaran/subtotal' is: 'Rp 1,299'

2023-10-04 19:08:37 - [MESSAGE][PASSED] - Text of object 'Object Repository/pembayaran/subtotal' is: 'Rp 1,299'

2023-10-04 19:08:37 - [TEST_STEP][PASSED] - sub_total = Subtotal.substring(3, Subtotal.size()): null

2023-10-04 19:08:37 - [TEST_STEP][PASSED] - sub = sub_total.replace(",", ""): null

2023-10-04 19:08:37 - [TEST_STEP][PASSED] - sub_totall = Integer.parseInt(sub): null

2023-10-04 19:08:37 - [TEST_STEP][PASSED] - println(sub_totall): null

2023-10-04 19:08:37 - [TEST_STEP][PASSED] - unik = getText(findTestObject("pembayaran/kode unik")): Text of object 'Object Repository/pembayaran/kode unik' is: '+823'

2023-10-04 19:08:38 - [MESSAGE][PASSED] - Text of object 'Object Repository/pembayaran/kode unik' is: '+823'

2023-10-04 19:08:38 - [TEST_STEP][PASSED] - unikk = unik.replace("+", ""): null

2023-10-04 19:08:38 - [TEST_STEP][PASSED] - kode_unik = Integer.parseInt(unikk): null

2023-10-04 19:08:38 - [TEST_STEP][PASSED] - println(kode_unik): null

2023-10-04 19:08:38 - [TEST_STEP][PASSED] - Total = getText(findTestObject("pembayaran/total")): Text of object 'Object Repository/pembayaran/total' is: '8,622'

2023-10-04 19:08:38 - [MESSAGE][PASSED] - Text of object 'Object Repository/pembayaran/total' is: '8,622'

2023-10-04 19:08:38 - [TEST_STEP][PASSED] - total = Total.replace(",", ""): null

2023-10-04 19:08:38 - [TEST_STEP][PASSED] - totalll = Integer.parseInt(total): null

2023-10-04 19:08:38 - [TEST_STEP][PASSED] - println(totalll): null

2023-10-04 19:08:38 - [TEST_STEP][PASSED] - Total_Hargaa = Ongkos_kirimm + fee_adminn + sub_totall + kode_unik: null

2023-10-04 19:08:38 - [TEST_STEP][PASSED] - println(Total_Hargaa): null

2023-10-04 19:08:38 - [TEST_STEP][PASSED] - assert totalll == Total_Hargaa: null

2023-10-04 19:08:38 - [TEST_STEP][PASSED] - data.put("total", Total): null

2023-10-04 19:08:38 - [TEST_STEP][PASSED] - data.put("nama", NamaPemesan): null

2023-10-04 19:08:38 - [TEST_STEP][PASSED] - return data: null

2023-10-04 19:08:38 - [MESSAGE][PASSED] - Call Test Case 'Test Cases/T13 Pembelian, Shipment dan Pembayaran/PBY-001' successfully

2023-10-04 19:08:38 - [TEST_STEP][PASSED] - Invoice = getText(findTestObject("pembayaran/nomor invoice")): Text of object 'Object Repository/pembayaran/nomor invoice' is: 'TRX60.20231004190823'

2023-10-04 19:08:39 - [MESSAGE][PASSED] - Text of object 'Object Repository/pembayaran/nomor invoice' is: 'TRX60.20231004190823'

2023-10-04 19:08:39 - [TEST_STEP][PASSED] - data.put("invoice", Invoice): null

2023-10-04 19:08:39 - [TEST_STEP][PASSED] - NamaPemesan = getText(findTestObject("Konfirmasi pesanan shop/Nama pemesan")): Text of object 'Object Repository/Konfirmasi pesanan shop/Nama pemesan' is: 'irfan.afandi'

2023-10-04 19:08:39 - [MESSAGE][PASSED] - Text of object 'Object Repository/Konfirmasi pesanan shop/Nama pemesan' is: 'irfan.afandi'

2023-10-04 19:08:39 - [TEST_STEP][PASSED] - Nama = getText(findTestObject("pembayaran/Nama barang")): Text of object 'Object Repository/pembayaran/Nama barang' is: 'Segitiga Instan Madeira - MDB5.3 Sunset'

2023-10-04 19:08:40 - [MESSAGE][PASSED] - Text of object 'Object Repository/pembayaran/Nama barang' is: 'Segitiga Instan Madeira - MDB5.3 Sunset'

2023-10-04 19:08:40 - [TEST_STEP][PASSED] - Harga = getText(findTestObject("pembayaran/Harga barang")): Text of object 'Object Repository/pembayaran/Harga barang' is: '1,299'

2023-10-04 19:08:40 - [MESSAGE][PASSED] - Text of object 'Object Repository/pembayaran/Harga barang' is: '1,299'

2023-10-04 19:08:40 - [TEST_STEP][PASSED] - name_product = data.get("nama_barang"): null

2023-10-04 19:08:40 - [TEST_STEP][PASSED] - price_product = data.get("price_barang"): null

2023-10-04 19:08:40 - [TEST_STEP][PASSED] - assert name_product.contains(Nama): null

2023-10-04 19:08:40 - [TEST_STEP][PASSED] - assert price_product.contains(Harga): null

2023-10-04 19:08:40 - [TEST_STEP][PASSED] - warnaa = getText(findTestObject("pembayaran/warna")): Text of object 'Object Repository/pembayaran/warna' is: 'Merah'

2023-10-04 19:08:41 - [MESSAGE][PASSED] - Text of object 'Object Repository/pembayaran/warna' is: 'Merah'

2023-10-04 19:08:41 - [TEST_STEP][PASSED] - ukurann = getText(findTestObject("pembayaran/ukuran")): Text of object 'Object Repository/pembayaran/ukuran' is: 'Menengah'

2023-10-04 19:08:41 - [MESSAGE][PASSED] - Text of object 'Object Repository/pembayaran/ukuran' is: 'Menengah'

2023-10-04 19:08:41 - [TEST_STEP][PASSED] - warna1 = data.get("Warna"): null

2023-10-04 19:08:41 - [TEST_STEP][PASSED] - ukuran1 = data.get("Ukuran"): null

2023-10-04 19:08:41 - [TEST_STEP][PASSED] - assert warnaa == warna1: null

2023-10-04 19:08:41 - [TEST_STEP][PASSED] - assert ukurann == ukuran1: null

2023-10-04 19:08:41 - [TEST_STEP][PASSED] - statusPembelian = getText(findTestObject("verifikasi/Status pending di pembelian")): Text of object 'Object Repository/verifikasi/Status pending di pembelian' is: 'Pending'

2023-10-04 19:08:42 - [MESSAGE][PASSED] - Text of object 'Object Repository/verifikasi/Status pending di pembelian' is: 'Pending'

2023-10-04 19:08:42 - [TEST_STEP][PASSED] - data.put("statusPem", statusPembelian): null

2023-10-04 19:08:42 - [TEST_STEP][PASSED] - OngkosKirim = getText(findTestObject("pembayaran/ongkos kirim")): Text of object 'Object Repository/pembayaran/ongkos kirim' is: 'Rp 5,000'

2023-10-04 19:08:42 - [MESSAGE][PASSED] - Text of object 'Object Repository/pembayaran/ongkos kirim' is: 'Rp 5,000'

2023-10-04 19:08:42 - [TEST_STEP][PASSED] - Ongkos = OngkosKirim.substring(3, OngkosKirim.size()): null

2023-10-04 19:08:42 - [TEST_STEP][PASSED] - rep = Ongkos.replace(",", ""): null

2023-10-04 19:08:42 - [TEST_STEP][PASSED] - Ongkos_kirimm = Integer.parseInt(rep): null

2023-10-04 19:08:42 - [TEST_STEP][PASSED] - println(Ongkos_kirimm): null

2023-10-04 19:08:42 - [TEST_STEP][PASSED] - FeeAdmin = getText(findTestObject("pembayaran/fee admin")): Text of object 'Object Repository/pembayaran/fee admin' is: 'Rp 1,500'

2023-10-04 19:08:43 - [MESSAGE][PASSED] - Text of object 'Object Repository/pembayaran/fee admin' is: 'Rp 1,500'

2023-10-04 19:08:43 - [TEST_STEP][PASSED] - Fee_Admin = FeeAdmin.substring(3, FeeAdmin.size()): null

2023-10-04 19:08:43 - [TEST_STEP][PASSED] - fee = Fee_Admin.replace(",", ""): null

2023-10-04 19:08:43 - [TEST_STEP][PASSED] - fee_adminn = Integer.parseInt(fee): null

2023-10-04 19:08:43 - [TEST_STEP][PASSED] - println(fee_adminn): null

2023-10-04 19:08:43 - [TEST_STEP][PASSED] - Subtotal = getText(findTestObject("pembayaran/subtotal")): Text of object 'Object Repository/pembayaran/subtotal' is: 'Rp 1,299'

2023-10-04 19:08:43 - [MESSAGE][PASSED] - Text of object 'Object Repository/pembayaran/subtotal' is: 'Rp 1,299'

2023-10-04 19:08:43 - [TEST_STEP][PASSED] - sub_total = Subtotal.substring(3, Subtotal.size()): null

2023-10-04 19:08:43 - [TEST_STEP][PASSED] - sub = sub_total.replace(",", ""): null

2023-10-04 19:08:43 - [TEST_STEP][PASSED] - sub_totall = Integer.parseInt(sub): null

2023-10-04 19:08:43 - [TEST_STEP][PASSED] - println(sub_totall): null

2023-10-04 19:08:43 - [TEST_STEP][PASSED] - unik = getText(findTestObject("pembayaran/kode unik")): Text of object 'Object Repository/pembayaran/kode unik' is: '+823'

2023-10-04 19:08:44 - [MESSAGE][PASSED] - Text of object 'Object Repository/pembayaran/kode unik' is: '+823'

2023-10-04 19:08:44 - [TEST_STEP][PASSED] - unikk = unik.replace("+", ""): null

2023-10-04 19:08:44 - [TEST_STEP][PASSED] - kode_unik = Integer.parseInt(unikk): null

2023-10-04 19:08:44 - [TEST_STEP][PASSED] - println(kode_unik): null

2023-10-04 19:08:44 - [TEST_STEP][PASSED] - Total = getText(findTestObject("pembayaran/total")): Text of object 'Object Repository/pembayaran/total' is: '8,622'

2023-10-04 19:08:44 - [MESSAGE][PASSED] - Text of object 'Object Repository/pembayaran/total' is: '8,622'

2023-10-04 19:08:44 - [TEST_STEP][PASSED] - total = Total.replace(",", ""): null

2023-10-04 19:08:44 - [TEST_STEP][PASSED] - totalll = Integer.parseInt(total): null

2023-10-04 19:08:44 - [TEST_STEP][PASSED] - println(totalll): null

2023-10-04 19:08:44 - [TEST_STEP][PASSED] - Total_Hargaa = Ongkos_kirimm + fee_adminn + sub_totall + kode_unik: null

2023-10-04 19:08:44 - [TEST_STEP][PASSED] - println(Total_Hargaa): null

2023-10-04 19:08:44 - [TEST_STEP][PASSED] - assert totalll == Total_Hargaa: null

2023-10-04 19:08:44 - [TEST_STEP][PASSED] - data.put("total", Total): null

2023-10-04 19:08:44 - [TEST_STEP][PASSED] - data.put("nama", NamaPemesan): null

2023-10-04 19:08:44 - [TEST_STEP][PASSED] - click(findTestObject("QRIS/a_Lihat Metode Pembayaran Lainnya")): Object: 'Object Repository/QRIS/a_Lihat Metode Pembayaran Lainnya' is clicked on

2023-10-04 19:08:45 - [MESSAGE][PASSED] - Object: 'Object Repository/QRIS/a_Lihat Metode Pembayaran Lainnya' is clicked on

2023-10-04 19:08:45 - [TEST_STEP][PASSED] - switchToWindowIndex(1): Switched to window with index: '1'

2023-10-04 19:08:45 - [MESSAGE][PASSED] - Switched to window with index: '1'

2023-10-04 19:08:45 - [TEST_STEP][PASSED] - verifyElementPresent(findTestObject("QRIS/ipaymu"), 0): Object 'Object Repository/QRIS/ipaymu' is present

2023-10-04 19:08:45 - [MESSAGE][WARNING] - Timeout '0' is invalid. Using default page load timeout: '30'

2023-10-04 19:08:50 - [MESSAGE][PASSED] - Object 'Object Repository/QRIS/ipaymu' is present

2023-10-04 19:08:50 - [TEST_STEP][PASSED] - return data: null]]></system-out>
         <system-err><![CDATA[]]></system-err>
      </testcase>
      <testcase name="Test Cases/T13 Pembelian, Shipment dan Pembayaran/PBY-004" time="60.155" classname="Test Cases/T13 Pembelian, Shipment dan Pembayaran/PBY-004" status="PASSED">
         <system-out><![CDATA[2023-10-04 19:08:50 - [TEST_CASE][PASSED] - Test Cases/T13 Pembelian, Shipment dan Pembayaran/PBY-004: Test Cases/T13 Pembelian, Shipment dan Pembayaran/PBY-004

2023-10-04 19:08:50 - [TEST_STEP][PASSED] - data = callTestCase(findTestCase("T13 Pembelian, Shipment dan Pembayaran/PBY-001"), [:], STOP_ON_FAILURE): Call Test Case 'Test Cases/T13 Pembelian, Shipment dan Pembayaran/PBY-001' successfully

2023-10-04 19:08:50 - [TEST_CASE][PASSED] - Test Cases/T13 Pembelian, Shipment dan Pembayaran/PBY-001: Test Cases/T13 Pembelian, Shipment dan Pembayaran/PBY-001

2023-10-04 19:08:50 - [TEST_STEP][PASSED] - data = callTestCase(findTestCase("T13 Pembelian, Shipment dan Pembayaran/PBL-004"), ["Kurir":"Roda 2"], STOP_ON_FAILURE): Call Test Case 'Test Cases/T13 Pembelian, Shipment dan Pembayaran/PBL-004' successfully

2023-10-04 19:08:50 - [TEST_CASE][PASSED] - Test Cases/T13 Pembelian, Shipment dan Pembayaran/PBL-004: Test Cases/T13 Pembelian, Shipment dan Pembayaran/PBL-004

2023-10-04 19:08:50 - [TEST_STEP][PASSED] - data = callTestCase(findTestCase("T13 Pembelian, Shipment dan Pembayaran/PBL-002"), [:], STOP_ON_FAILURE): Call Test Case 'Test Cases/T13 Pembelian, Shipment dan Pembayaran/PBL-002' successfully

2023-10-04 19:08:50 - [TEST_CASE][PASSED] - Test Cases/T13 Pembelian, Shipment dan Pembayaran/PBL-002: Test Cases/T13 Pembelian, Shipment dan Pembayaran/PBL-002

2023-10-04 19:08:50 - [TEST_STEP][PASSED] - data = callTestCase(findTestCase("T13 Pembelian, Shipment dan Pembayaran/PBL-001"), [:], STOP_ON_FAILURE): Call Test Case 'Test Cases/T13 Pembelian, Shipment dan Pembayaran/PBL-001' successfully

2023-10-04 19:08:50 - [TEST_CASE][PASSED] - Test Cases/T13 Pembelian, Shipment dan Pembayaran/PBL-001: Test Cases/T13 Pembelian, Shipment dan Pembayaran/PBL-001

2023-10-04 19:08:50 - [TEST_STEP][PASSED] - callTestCase(findTestCase("T13 Pembelian, Shipment dan Pembayaran/LU-001"), ["username":"irfanafandi", "password":"12345irfan"], STOP_ON_FAILURE): Call Test Case 'Test Cases/T13 Pembelian, Shipment dan Pembayaran/LU-001' successfully

2023-10-04 19:08:50 - [TEST_CASE][PASSED] - Test Cases/T13 Pembelian, Shipment dan Pembayaran/LU-001: Test Cases/T13 Pembelian, Shipment dan Pembayaran/LU-001

2023-10-04 19:08:50 - [TEST_STEP][PASSED] - openBrowser("https://10.9.2.63/ecommerce/"): Browser is opened with url: 'https://10.9.2.63/ecommerce/'

2023-10-04 19:08:50 - [MESSAGE][WARNING] - A browser is already opened. Closing browser and opening a new one

2023-10-04 19:08:53 - [MESSAGE][INFO] - Starting 'Firefox' driver

2023-10-04 19:08:53 - [MESSAGE][INFO] - User set preference: ['args', '[--disable-notifications]']

2023-10-04 19:08:53 - [MESSAGE][INFO] - Action delay is set to 0 milliseconds

2023-10-04 19:08:57 - [MESSAGE][PASSED] - Browser is opened with url: 'https://10.9.2.63/ecommerce/'

2023-10-04 19:08:57 - [TEST_STEP][PASSED] - maximizeWindow(): Current window maximized

2023-10-04 19:08:57 - [MESSAGE][PASSED] - Current window maximized

2023-10-04 19:08:57 - [TEST_STEP][PASSED] - verifyElementPresent(findTestObject("Login/Home"), 0): Object 'Object Repository/Login/Home' is present

2023-10-04 19:08:57 - [MESSAGE][WARNING] - Timeout '0' is invalid. Using default page load timeout: '30'

2023-10-04 19:08:58 - [MESSAGE][PASSED] - Object 'Object Repository/Login/Home' is present

2023-10-04 19:08:58 - [TEST_STEP][PASSED] - click(findTestObject("Login/a_Login")): Object: 'Object Repository/Login/a_Login' is clicked on

2023-10-04 19:08:59 - [MESSAGE][PASSED] - Object: 'Object Repository/Login/a_Login' is clicked on

2023-10-04 19:08:59 - [TEST_STEP][PASSED] - verifyElementPresent(findTestObject("Login/Tittle Login"), 0): Object 'Object Repository/Login/Tittle Login' is present

2023-10-04 19:08:59 - [MESSAGE][WARNING] - Timeout '0' is invalid. Using default page load timeout: '30'

2023-10-04 19:08:59 - [MESSAGE][PASSED] - Object 'Object Repository/Login/Tittle Login' is present

2023-10-04 19:08:59 - [TEST_STEP][PASSED] - setText(findTestObject("Login/input_Username, Email atau No. Handphone_a"), username): Text 'irfanafandi' is set on object 'Object Repository/Login/input_Username, Email atau No. Handphone_a'

2023-10-04 19:09:00 - [MESSAGE][PASSED] - Text 'irfanafandi' is set on object 'Object Repository/Login/input_Username, Email atau No. Handphone_a'

2023-10-04 19:09:00 - [TEST_STEP][PASSED] - setText(findTestObject("Login/input_Password_b"), password): Text '12345irfan' is set on object 'Object Repository/Login/input_Password_b'

2023-10-04 19:09:00 - [MESSAGE][PASSED] - Text '12345irfan' is set on object 'Object Repository/Login/input_Password_b'

2023-10-04 19:09:00 - [TEST_STEP][PASSED] - click(findTestObject("Login/label_Ingat saya")): Object: 'Object Repository/Login/label_Ingat saya' is clicked on

2023-10-04 19:09:01 - [MESSAGE][PASSED] - Object: 'Object Repository/Login/label_Ingat saya' is clicked on

2023-10-04 19:09:01 - [TEST_STEP][PASSED] - click(findTestObject("Login/button_Masuk")): Object: 'Object Repository/Login/button_Masuk' is clicked on

2023-10-04 19:09:02 - [MESSAGE][PASSED] - Object: 'Object Repository/Login/button_Masuk' is clicked on

2023-10-04 19:09:02 - [TEST_STEP][PASSED] - verifyElementPresent(findTestObject("Login/li_Profile"), 0): Object 'Object Repository/Login/li_Profile' is present

2023-10-04 19:09:02 - [MESSAGE][WARNING] - Timeout '0' is invalid. Using default page load timeout: '30'

2023-10-04 19:09:02 - [MESSAGE][PASSED] - Object 'Object Repository/Login/li_Profile' is present

2023-10-04 19:09:02 - [MESSAGE][PASSED] - Call Test Case 'Test Cases/T13 Pembelian, Shipment dan Pembayaran/LU-001' successfully

2023-10-04 19:09:02 - [TEST_STEP][PASSED] - mouseOver(findTestObject("beli barang/i_Mulai Belanja_icon-menu")): Object: 'Object Repository/beli barang/i_Mulai Belanja_icon-menu' is hovered

2023-10-04 19:09:03 - [MESSAGE][PASSED] - Object: 'Object Repository/beli barang/i_Mulai Belanja_icon-menu' is hovered

2023-10-04 19:09:03 - [TEST_STEP][PASSED] - click(findTestObject("beli barang/a_Fashion  Busana Wanita")): Object: 'Object Repository/beli barang/a_Fashion  Busana Wanita' is clicked on

2023-10-04 19:09:04 - [MESSAGE][PASSED] - Object: 'Object Repository/beli barang/a_Fashion  Busana Wanita' is clicked on

2023-10-04 19:09:04 - [TEST_STEP][PASSED] - NamaSebelum = getText(findTestObject("verifikasi/Nama sebelum")): Text of object 'Object Repository/verifikasi/Nama sebelum' is: ''

2023-10-04 19:09:05 - [MESSAGE][PASSED] - Text of object 'Object Repository/verifikasi/Nama sebelum' is: ''

2023-10-04 19:09:05 - [TEST_STEP][PASSED] - HargaSebelum = getText(findTestObject("verifikasi/Harga sebelum")): Text of object 'Object Repository/verifikasi/Harga sebelum' is: 'Rp 1,299'

2023-10-04 19:09:05 - [MESSAGE][PASSED] - Text of object 'Object Repository/verifikasi/Harga sebelum' is: 'Rp 1,299'

2023-10-04 19:09:05 - [TEST_STEP][PASSED] - mouseOver(findTestObject("beli barang/barang mouse over")): Object: 'Object Repository/beli barang/barang mouse over' is hovered

2023-10-04 19:09:06 - [MESSAGE][PASSED] - Object: 'Object Repository/beli barang/barang mouse over' is hovered

2023-10-04 19:09:06 - [TEST_STEP][PASSED] - click(findTestObject("beli barang/buttom add to cart")): Object: 'Object Repository/beli barang/buttom add to cart' is clicked on

2023-10-04 19:09:07 - [MESSAGE][PASSED] - Object: 'Object Repository/beli barang/buttom add to cart' is clicked on

2023-10-04 19:09:07 - [TEST_STEP][PASSED] - NamaSesudah = getText(findTestObject("verifikasi/Nama sesudah")): Text of object 'Object Repository/verifikasi/Nama sesudah' is: 'Segitiga Instan Madeira - MDB5.3 Sunset'

2023-10-04 19:09:07 - [MESSAGE][PASSED] - Text of object 'Object Repository/verifikasi/Nama sesudah' is: 'Segitiga Instan Madeira - MDB5.3 Sunset'

2023-10-04 19:09:07 - [TEST_STEP][PASSED] - HargaSesudah = getText(findTestObject("verifikasi/Harga sesudah")): Text of object 'Object Repository/verifikasi/Harga sesudah' is: 'Rp 1,299'

2023-10-04 19:09:08 - [MESSAGE][PASSED] - Text of object 'Object Repository/verifikasi/Harga sesudah' is: 'Rp 1,299'

2023-10-04 19:09:08 - [TEST_STEP][PASSED] - assert NamaSesudah.contains(NamaSebelum): null

2023-10-04 19:09:08 - [TEST_STEP][PASSED] - assert HargaSesudah.contains(HargaSebelum): null

2023-10-04 19:09:08 - [TEST_STEP][PASSED] - click(findTestObject("beli barang/Tambah Keranjang busana wanita")): Object: 'Object Repository/beli barang/Tambah Keranjang busana wanita' is clicked on

2023-10-04 19:09:08 - [MESSAGE][PASSED] - Object: 'Object Repository/beli barang/Tambah Keranjang busana wanita' is clicked on

2023-10-04 19:09:08 - [TEST_STEP][PASSED] - verifyElementPresent(findTestObject("checkout/Notifikasi keranjang"), 1): Object 'Object Repository/checkout/Notifikasi keranjang' is present

2023-10-04 19:09:09 - [MESSAGE][PASSED] - Object 'Object Repository/checkout/Notifikasi keranjang' is present

2023-10-04 19:09:09 - [TEST_STEP][PASSED] - data = new java.util.HashMap(): null

2023-10-04 19:09:09 - [TEST_STEP][PASSED] - data.put("nama_barang", NamaSesudah): null

2023-10-04 19:09:09 - [TEST_STEP][PASSED] - data.put("price_barang", HargaSesudah): null

2023-10-04 19:09:09 - [TEST_STEP][PASSED] - return data: null

2023-10-04 19:09:09 - [MESSAGE][PASSED] - Call Test Case 'Test Cases/T13 Pembelian, Shipment dan Pembayaran/PBL-001' successfully

2023-10-04 19:09:09 - [TEST_STEP][PASSED] - mouseOver(findTestObject("beli barang/keranjang")): Object: 'Object Repository/beli barang/keranjang' is hovered

2023-10-04 19:09:10 - [MESSAGE][PASSED] - Object: 'Object Repository/beli barang/keranjang' is hovered

2023-10-04 19:09:10 - [TEST_STEP][PASSED] - click(findTestObject("beli barang/Lihat Sekarang")): Object: 'Object Repository/beli barang/Lihat Sekarang' is clicked on

2023-10-04 19:09:11 - [MESSAGE][PASSED] - Object: 'Object Repository/beli barang/Lihat Sekarang' is clicked on

2023-10-04 19:09:11 - [TEST_STEP][PASSED] - verifyElementPresent(findTestObject("keranjang/li_Keranjang Belanja"), 0): Object 'Object Repository/keranjang/li_Keranjang Belanja' is present

2023-10-04 19:09:11 - [MESSAGE][WARNING] - Timeout '0' is invalid. Using default page load timeout: '30'

2023-10-04 19:09:12 - [MESSAGE][PASSED] - Object 'Object Repository/keranjang/li_Keranjang Belanja' is present

2023-10-04 19:09:12 - [TEST_STEP][PASSED] - NamaKeranjang = getText(findTestObject("verifikasi/Nama keranjang")): Text of object 'Object Repository/verifikasi/Nama keranjang' is: 'Segitiga Instan Madeira - MDB5.3 Sunset'

2023-10-04 19:09:12 - [MESSAGE][PASSED] - Text of object 'Object Repository/verifikasi/Nama keranjang' is: 'Segitiga Instan Madeira - MDB5.3 Sunset'

2023-10-04 19:09:12 - [TEST_STEP][PASSED] - HargaKeranjang = getText(findTestObject("verifikasi/Harga Keranjang")): Text of object 'Object Repository/verifikasi/Harga Keranjang' is: 'Rp 1,299'

2023-10-04 19:09:12 - [MESSAGE][PASSED] - Text of object 'Object Repository/verifikasi/Harga Keranjang' is: 'Rp 1,299'

2023-10-04 19:09:12 - [TEST_STEP][PASSED] - if (toString().equalsIgnoreCase("Merah")): Object 'Object Repository/keranjang/input_Warna_variasi101' is checked

2023-10-04 19:09:12 - [TEST_STEP][PASSED] - check(findTestObject("Object Repository/keranjang/input_Warna_variasi101")): Object 'Object Repository/keranjang/input_Warna_variasi101' is checked

2023-10-04 19:09:13 - [MESSAGE][PASSED] - Object 'Object Repository/keranjang/input_Warna_variasi101' is checked

2023-10-04 19:09:13 - [TEST_STEP][PASSED] - if (toString().equalsIgnoreCase("Menengah")): Object 'Object Repository/keranjang/input_Ukuran_variasi201' is checked

2023-10-04 19:09:13 - [TEST_STEP][PASSED] - check(findTestObject("Object Repository/keranjang/input_Ukuran_variasi201")): Object 'Object Repository/keranjang/input_Ukuran_variasi201' is checked

2023-10-04 19:09:13 - [MESSAGE][PASSED] - Object 'Object Repository/keranjang/input_Ukuran_variasi201' is checked

2023-10-04 19:09:13 - [TEST_STEP][PASSED] - data.put("Warna", warna): null

2023-10-04 19:09:13 - [TEST_STEP][PASSED] - data.put("Ukuran", ukuran): null

2023-10-04 19:09:13 - [TEST_STEP][PASSED] - click(findTestObject("keranjang/button_Lanjut ke Pembayaran")): Object: 'Object Repository/keranjang/button_Lanjut ke Pembayaran' is clicked on

2023-10-04 19:09:14 - [MESSAGE][PASSED] - Object: 'Object Repository/keranjang/button_Lanjut ke Pembayaran' is clicked on

2023-10-04 19:09:14 - [TEST_STEP][PASSED] - verifyElementPresent(findTestObject("checkout/Tittle Checkout Order"), 0): Object 'Object Repository/checkout/Tittle Checkout Order' is present

2023-10-04 19:09:15 - [MESSAGE][WARNING] - Timeout '0' is invalid. Using default page load timeout: '30'

2023-10-04 19:09:15 - [MESSAGE][PASSED] - Object 'Object Repository/checkout/Tittle Checkout Order' is present

2023-10-04 19:09:15 - [TEST_STEP][PASSED] - name_product = data.get("nama_barang"): null

2023-10-04 19:09:15 - [TEST_STEP][PASSED] - price_product = data.get("price_barang"): null

2023-10-04 19:09:15 - [TEST_STEP][PASSED] - assert name_product == NamaKeranjang: null

2023-10-04 19:09:15 - [TEST_STEP][PASSED] - assert price_product == HargaKeranjang: null

2023-10-04 19:09:15 - [TEST_STEP][PASSED] - return data: null

2023-10-04 19:09:15 - [MESSAGE][PASSED] - Call Test Case 'Test Cases/T13 Pembelian, Shipment dan Pembayaran/PBL-002' successfully

2023-10-04 19:09:15 - [TEST_STEP][PASSED] - warnaa = getText(findTestObject("verifikasi/warna Merah")): Text of object 'Object Repository/verifikasi/warna Merah' is: 'Merah'

2023-10-04 19:09:16 - [MESSAGE][PASSED] - Text of object 'Object Repository/verifikasi/warna Merah' is: 'Merah'

2023-10-04 19:09:16 - [TEST_STEP][PASSED] - ukurann = getText(findTestObject("verifikasi/Ukuran Menengah")): Text of object 'Object Repository/verifikasi/Ukuran Menengah' is: 'Menengah'

2023-10-04 19:09:16 - [MESSAGE][PASSED] - Text of object 'Object Repository/verifikasi/Ukuran Menengah' is: 'Menengah'

2023-10-04 19:09:16 - [TEST_STEP][PASSED] - warna1 = data.get("Warna"): null

2023-10-04 19:09:16 - [TEST_STEP][PASSED] - ukuran1 = data.get("Ukuran"): null

2023-10-04 19:09:16 - [TEST_STEP][PASSED] - assert warnaa == warna1: null

2023-10-04 19:09:16 - [TEST_STEP][PASSED] - assert ukurann == ukuran1: null

2023-10-04 19:09:16 - [TEST_STEP][PASSED] - NamaCheckout = getText(findTestObject("verifikasi/NamaCheckout")): Text of object 'Object Repository/verifikasi/NamaCheckout' is: ''

2023-10-04 19:09:16 - [MESSAGE][PASSED] - Text of object 'Object Repository/verifikasi/NamaCheckout' is: ''

2023-10-04 19:09:16 - [TEST_STEP][PASSED] - HargaCheckout = getText(findTestObject("verifikasi/HargaCheckout")): Text of object 'Object Repository/verifikasi/HargaCheckout' is: '1,299'

2023-10-04 19:09:17 - [MESSAGE][PASSED] - Text of object 'Object Repository/verifikasi/HargaCheckout' is: '1,299'

2023-10-04 19:09:17 - [TEST_STEP][PASSED] - name_product = data.get("nama_barang"): null

2023-10-04 19:09:17 - [TEST_STEP][PASSED] - price_product = data.get("price_barang"): null

2023-10-04 19:09:17 - [TEST_STEP][PASSED] - assert name_product.contains(NamaCheckout): null

2023-10-04 19:09:17 - [TEST_STEP][PASSED] - assert price_product.contains(HargaCheckout): null

2023-10-04 19:09:17 - [TEST_STEP][PASSED] - selectOptionByLabel(findTestObject("checkout/select - Kirim via Kurir Lokal"), Kurir, false): All options with label 'Roda 2' are selected in object 'Object Repository/checkout/select - Kirim via Kurir Lokal' 

2023-10-04 19:09:17 - [MESSAGE][PASSED] - All options with label 'Roda 2' are selected in object 'Object Repository/checkout/select - Kirim via Kurir Lokal' 

2023-10-04 19:09:17 - [TEST_STEP][PASSED] - click(findTestObject("checkout/Kendaraan Kurir")): Object: 'Object Repository/checkout/Kendaraan Kurir' is clicked on

2023-10-04 19:09:18 - [MESSAGE][PASSED] - Object: 'Object Repository/checkout/Kendaraan Kurir' is clicked on

2023-10-04 19:09:18 - [TEST_STEP][PASSED] - OngkosKirim = getText(findTestObject("Object Repository/verifikasi/Ongkos Kirim checkout")): Text of object 'Object Repository/verifikasi/Ongkos Kirim checkout' is: 'Rp. 5,000'

2023-10-04 19:09:18 - [MESSAGE][PASSED] - Text of object 'Object Repository/verifikasi/Ongkos Kirim checkout' is: 'Rp. 5,000'

2023-10-04 19:09:18 - [TEST_STEP][PASSED] - Ongkos = OngkosKirim.substring(3, OngkosKirim.size()): null

2023-10-04 19:09:18 - [TEST_STEP][PASSED] - rep = Ongkos.replace(",", "."): null

2023-10-04 19:09:18 - [TEST_STEP][PASSED] - Ongkos_kirim = Double.parseDouble(rep): null

2023-10-04 19:09:18 - [TEST_STEP][PASSED] - println(Ongkos_kirim): null

2023-10-04 19:09:18 - [TEST_STEP][PASSED] - FeeAdmin = getText(findTestObject("verifikasi/Fee Admin checkout")): Text of object 'Object Repository/verifikasi/Fee Admin checkout' is: 'Fee Admin
Rp 1,500'

2023-10-04 19:09:19 - [MESSAGE][PASSED] - Text of object 'Object Repository/verifikasi/Fee Admin checkout' is: 'Fee Admin
Rp 1,500'

2023-10-04 19:09:19 - [TEST_STEP][PASSED] - Fee_Admin = FeeAdmin.substring(12, FeeAdmin.size()): null

2023-10-04 19:09:19 - [TEST_STEP][PASSED] - fee = Fee_Admin.replace(",", "."): null

2023-10-04 19:09:19 - [TEST_STEP][PASSED] - fee_admin = Double.parseDouble(fee): null

2023-10-04 19:09:19 - [TEST_STEP][PASSED] - println(fee_admin): null

2023-10-04 19:09:19 - [TEST_STEP][PASSED] - Subtotal = getText(findTestObject("verifikasi/subtotal checkout")): Text of object 'Object Repository/verifikasi/subtotal checkout' is: 'Subtotal
Rp 1,299'

2023-10-04 19:09:19 - [MESSAGE][PASSED] - Text of object 'Object Repository/verifikasi/subtotal checkout' is: 'Subtotal
Rp 1,299'

2023-10-04 19:09:19 - [TEST_STEP][PASSED] - sub_total = Subtotal.substring(12, Subtotal.size()): null

2023-10-04 19:09:19 - [TEST_STEP][PASSED] - sub = sub_total.replace(",", "."): null

2023-10-04 19:09:19 - [TEST_STEP][PASSED] - sub_total = Double.parseDouble(sub): null

2023-10-04 19:09:19 - [TEST_STEP][PASSED] - println(sub_total): null

2023-10-04 19:09:19 - [TEST_STEP][PASSED] - Total = getText(findTestObject("verifikasi/Total checkout")): Text of object 'Object Repository/verifikasi/Total checkout' is: 'Rp 7,799'

2023-10-04 19:09:20 - [MESSAGE][PASSED] - Text of object 'Object Repository/verifikasi/Total checkout' is: 'Rp 7,799'

2023-10-04 19:09:20 - [TEST_STEP][PASSED] - totall = Total.substring(3, Total.size()): null

2023-10-04 19:09:20 - [TEST_STEP][PASSED] - total = totall.replace(",", "."): null

2023-10-04 19:09:20 - [TEST_STEP][PASSED] - totall = Double.parseDouble(total): null

2023-10-04 19:09:20 - [TEST_STEP][PASSED] - println(totall): null

2023-10-04 19:09:20 - [TEST_STEP][PASSED] - Total_Harga = Ongkos_kirim + fee_admin + sub_total: null

2023-10-04 19:09:20 - [TEST_STEP][PASSED] - println(Total_Harga): null

2023-10-04 19:09:20 - [TEST_STEP][PASSED] - TotalHarga = Math.round(Total_Harga * 1000) / 1000: null

2023-10-04 19:09:20 - [TEST_STEP][PASSED] - println(TotalHarga): null

2023-10-04 19:09:20 - [TEST_STEP][PASSED] - assert totall == TotalHarga: null

2023-10-04 19:09:20 - [TEST_STEP][PASSED] - click(findTestObject("verifikasi/Metode Transfer")): Object: 'Object Repository/verifikasi/Metode Transfer' is clicked on

2023-10-04 19:09:20 - [MESSAGE][PASSED] - Object: 'Object Repository/verifikasi/Metode Transfer' is clicked on

2023-10-04 19:09:20 - [TEST_STEP][PASSED] - click(findTestObject("checkout/button_Proses Pembayaran")): Object: 'Object Repository/checkout/button_Proses Pembayaran' is clicked on

2023-10-04 19:09:26 - [MESSAGE][PASSED] - Object: 'Object Repository/checkout/button_Proses Pembayaran' is clicked on

2023-10-04 19:09:26 - [TEST_STEP][PASSED] - verifyElementPresent(findTestObject("pembayaran/Tittle nomor invoice"), 0): Object 'Object Repository/pembayaran/Tittle nomor invoice' is present

2023-10-04 19:09:26 - [MESSAGE][WARNING] - Timeout '0' is invalid. Using default page load timeout: '30'

2023-10-04 19:09:32 - [MESSAGE][PASSED] - Object 'Object Repository/pembayaran/Tittle nomor invoice' is present

2023-10-04 19:09:32 - [TEST_STEP][PASSED] - return data: null

2023-10-04 19:09:32 - [MESSAGE][PASSED] - Call Test Case 'Test Cases/T13 Pembelian, Shipment dan Pembayaran/PBL-004' successfully

2023-10-04 19:09:32 - [TEST_STEP][PASSED] - Invoice = getText(findTestObject("pembayaran/nomor invoice")): Text of object 'Object Repository/pembayaran/nomor invoice' is: 'TRX60.20231004190922'

2023-10-04 19:09:32 - [MESSAGE][PASSED] - Text of object 'Object Repository/pembayaran/nomor invoice' is: 'TRX60.20231004190922'

2023-10-04 19:09:32 - [TEST_STEP][PASSED] - data.put("invoice", Invoice): null

2023-10-04 19:09:32 - [TEST_STEP][PASSED] - NamaPemesan = getText(findTestObject("Konfirmasi pesanan shop/Nama pemesan")): Text of object 'Object Repository/Konfirmasi pesanan shop/Nama pemesan' is: 'irfan.afandi'

2023-10-04 19:09:33 - [MESSAGE][PASSED] - Text of object 'Object Repository/Konfirmasi pesanan shop/Nama pemesan' is: 'irfan.afandi'

2023-10-04 19:09:33 - [TEST_STEP][PASSED] - Nama = getText(findTestObject("pembayaran/Nama barang")): Text of object 'Object Repository/pembayaran/Nama barang' is: 'Segitiga Instan Madeira - MDB5.3 Sunset'

2023-10-04 19:09:33 - [MESSAGE][PASSED] - Text of object 'Object Repository/pembayaran/Nama barang' is: 'Segitiga Instan Madeira - MDB5.3 Sunset'

2023-10-04 19:09:33 - [TEST_STEP][PASSED] - Harga = getText(findTestObject("pembayaran/Harga barang")): Text of object 'Object Repository/pembayaran/Harga barang' is: '1,299'

2023-10-04 19:09:34 - [MESSAGE][PASSED] - Text of object 'Object Repository/pembayaran/Harga barang' is: '1,299'

2023-10-04 19:09:34 - [TEST_STEP][PASSED] - name_product = data.get("nama_barang"): null

2023-10-04 19:09:34 - [TEST_STEP][PASSED] - price_product = data.get("price_barang"): null

2023-10-04 19:09:34 - [TEST_STEP][PASSED] - assert name_product.contains(Nama): null

2023-10-04 19:09:34 - [TEST_STEP][PASSED] - assert price_product.contains(Harga): null

2023-10-04 19:09:34 - [TEST_STEP][PASSED] - warnaa = getText(findTestObject("pembayaran/warna")): Text of object 'Object Repository/pembayaran/warna' is: 'Merah'

2023-10-04 19:09:34 - [MESSAGE][PASSED] - Text of object 'Object Repository/pembayaran/warna' is: 'Merah'

2023-10-04 19:09:34 - [TEST_STEP][PASSED] - ukurann = getText(findTestObject("pembayaran/ukuran")): Text of object 'Object Repository/pembayaran/ukuran' is: 'Menengah'

2023-10-04 19:09:35 - [MESSAGE][PASSED] - Text of object 'Object Repository/pembayaran/ukuran' is: 'Menengah'

2023-10-04 19:09:35 - [TEST_STEP][PASSED] - warna1 = data.get("Warna"): null

2023-10-04 19:09:35 - [TEST_STEP][PASSED] - ukuran1 = data.get("Ukuran"): null

2023-10-04 19:09:35 - [TEST_STEP][PASSED] - assert warnaa == warna1: null

2023-10-04 19:09:35 - [TEST_STEP][PASSED] - assert ukurann == ukuran1: null

2023-10-04 19:09:35 - [TEST_STEP][PASSED] - statusPembelian = getText(findTestObject("verifikasi/Status pending di pembelian")): Text of object 'Object Repository/verifikasi/Status pending di pembelian' is: 'Pending'

2023-10-04 19:09:35 - [MESSAGE][PASSED] - Text of object 'Object Repository/verifikasi/Status pending di pembelian' is: 'Pending'

2023-10-04 19:09:35 - [TEST_STEP][PASSED] - data.put("statusPem", statusPembelian): null

2023-10-04 19:09:35 - [TEST_STEP][PASSED] - OngkosKirim = getText(findTestObject("pembayaran/ongkos kirim")): Text of object 'Object Repository/pembayaran/ongkos kirim' is: 'Rp 5,000'

2023-10-04 19:09:36 - [MESSAGE][PASSED] - Text of object 'Object Repository/pembayaran/ongkos kirim' is: 'Rp 5,000'

2023-10-04 19:09:36 - [TEST_STEP][PASSED] - Ongkos = OngkosKirim.substring(3, OngkosKirim.size()): null

2023-10-04 19:09:36 - [TEST_STEP][PASSED] - rep = Ongkos.replace(",", ""): null

2023-10-04 19:09:36 - [TEST_STEP][PASSED] - Ongkos_kirimm = Integer.parseInt(rep): null

2023-10-04 19:09:36 - [TEST_STEP][PASSED] - println(Ongkos_kirimm): null

2023-10-04 19:09:36 - [TEST_STEP][PASSED] - FeeAdmin = getText(findTestObject("pembayaran/fee admin")): Text of object 'Object Repository/pembayaran/fee admin' is: 'Rp 1,500'

2023-10-04 19:09:36 - [MESSAGE][PASSED] - Text of object 'Object Repository/pembayaran/fee admin' is: 'Rp 1,500'

2023-10-04 19:09:36 - [TEST_STEP][PASSED] - Fee_Admin = FeeAdmin.substring(3, FeeAdmin.size()): null

2023-10-04 19:09:36 - [TEST_STEP][PASSED] - fee = Fee_Admin.replace(",", ""): null

2023-10-04 19:09:36 - [TEST_STEP][PASSED] - fee_adminn = Integer.parseInt(fee): null

2023-10-04 19:09:36 - [TEST_STEP][PASSED] - println(fee_adminn): null

2023-10-04 19:09:36 - [TEST_STEP][PASSED] - Subtotal = getText(findTestObject("pembayaran/subtotal")): Text of object 'Object Repository/pembayaran/subtotal' is: 'Rp 1,299'

2023-10-04 19:09:37 - [MESSAGE][PASSED] - Text of object 'Object Repository/pembayaran/subtotal' is: 'Rp 1,299'

2023-10-04 19:09:37 - [TEST_STEP][PASSED] - sub_total = Subtotal.substring(3, Subtotal.size()): null

2023-10-04 19:09:37 - [TEST_STEP][PASSED] - sub = sub_total.replace(",", ""): null

2023-10-04 19:09:37 - [TEST_STEP][PASSED] - sub_totall = Integer.parseInt(sub): null

2023-10-04 19:09:37 - [TEST_STEP][PASSED] - println(sub_totall): null

2023-10-04 19:09:37 - [TEST_STEP][PASSED] - unik = getText(findTestObject("pembayaran/kode unik")): Text of object 'Object Repository/pembayaran/kode unik' is: '+922'

2023-10-04 19:09:37 - [MESSAGE][PASSED] - Text of object 'Object Repository/pembayaran/kode unik' is: '+922'

2023-10-04 19:09:37 - [TEST_STEP][PASSED] - unikk = unik.replace("+", ""): null

2023-10-04 19:09:37 - [TEST_STEP][PASSED] - kode_unik = Integer.parseInt(unikk): null

2023-10-04 19:09:37 - [TEST_STEP][PASSED] - println(kode_unik): null

2023-10-04 19:09:37 - [TEST_STEP][PASSED] - Total = getText(findTestObject("pembayaran/total")): Text of object 'Object Repository/pembayaran/total' is: '8,721'

2023-10-04 19:09:38 - [MESSAGE][PASSED] - Text of object 'Object Repository/pembayaran/total' is: '8,721'

2023-10-04 19:09:38 - [TEST_STEP][PASSED] - total = Total.replace(",", ""): null

2023-10-04 19:09:38 - [TEST_STEP][PASSED] - totalll = Integer.parseInt(total): null

2023-10-04 19:09:38 - [TEST_STEP][PASSED] - println(totalll): null

2023-10-04 19:09:38 - [TEST_STEP][PASSED] - Total_Hargaa = Ongkos_kirimm + fee_adminn + sub_totall + kode_unik: null

2023-10-04 19:09:38 - [TEST_STEP][PASSED] - println(Total_Hargaa): null

2023-10-04 19:09:38 - [TEST_STEP][PASSED] - assert totalll == Total_Hargaa: null

2023-10-04 19:09:38 - [TEST_STEP][PASSED] - data.put("total", Total): null

2023-10-04 19:09:38 - [TEST_STEP][PASSED] - data.put("nama", NamaPemesan): null

2023-10-04 19:09:38 - [TEST_STEP][PASSED] - return data: null

2023-10-04 19:09:38 - [MESSAGE][PASSED] - Call Test Case 'Test Cases/T13 Pembelian, Shipment dan Pembayaran/PBY-001' successfully

2023-10-04 19:09:38 - [TEST_STEP][PASSED] - inv = data.get("invoice"): null

2023-10-04 19:09:38 - [TEST_STEP][PASSED] - Total = data.get("total"): null

2023-10-04 19:09:38 - [TEST_STEP][PASSED] - NamaPemesan = data.get("nama"): null

2023-10-04 19:09:38 - [TEST_STEP][PASSED] - click(findTestObject("Konfirmasi pesanan shop/Menu Shop")): Object: 'Object Repository/Konfirmasi pesanan shop/Menu Shop' is clicked on

2023-10-04 19:09:39 - [MESSAGE][PASSED] - Object: 'Object Repository/Konfirmasi pesanan shop/Menu Shop' is clicked on

2023-10-04 19:09:39 - [TEST_STEP][PASSED] - click(findTestObject("Konfirmasi pesanan shop/Menu Shop")): Object: 'Object Repository/Konfirmasi pesanan shop/Menu Shop' is clicked on

2023-10-04 19:09:40 - [MESSAGE][PASSED] - Object: 'Object Repository/Konfirmasi pesanan shop/Menu Shop' is clicked on

2023-10-04 19:09:40 - [TEST_STEP][PASSED] - click(findTestObject("Konfirmasi pesanan shop/Konfirmasi Orders")): Object: 'Object Repository/Konfirmasi pesanan shop/Konfirmasi Orders' is clicked on

2023-10-04 19:09:41 - [MESSAGE][PASSED] - Object: 'Object Repository/Konfirmasi pesanan shop/Konfirmasi Orders' is clicked on

2023-10-04 19:09:41 - [TEST_STEP][PASSED] - verifyElementPresent(findTestObject("Konfirmasi pesanan shop/Tittle Konfirmasi Pesanan"), 0): Object 'Object Repository/Konfirmasi pesanan shop/Tittle Konfirmasi Pesanan' is present

2023-10-04 19:09:41 - [MESSAGE][WARNING] - Timeout '0' is invalid. Using default page load timeout: '30'

2023-10-04 19:09:42 - [MESSAGE][PASSED] - Object 'Object Repository/Konfirmasi pesanan shop/Tittle Konfirmasi Pesanan' is present

2023-10-04 19:09:42 - [TEST_STEP][PASSED] - setText(findTestObject("Konfirmasi pesanan shop/input_No Pesanan"), inv): Text 'TRX60.20231004190922' is set on object 'Object Repository/Konfirmasi pesanan shop/input_No Pesanan'

2023-10-04 19:09:43 - [MESSAGE][PASSED] - Text 'TRX60.20231004190922' is set on object 'Object Repository/Konfirmasi pesanan shop/input_No Pesanan'

2023-10-04 19:09:43 - [TEST_STEP][PASSED] - setText(findTestObject("Konfirmasi pesanan shop/input_Alamat E-mai"), "irfan@gmail.com"): Text 'irfan@gmail.com' is set on object 'Object Repository/Konfirmasi pesanan shop/input_Alamat E-mai'

2023-10-04 19:09:43 - [MESSAGE][PASSED] - Text 'irfan@gmail.com' is set on object 'Object Repository/Konfirmasi pesanan shop/input_Alamat E-mai'

2023-10-04 19:09:43 - [TEST_STEP][PASSED] - click(findTestObject("Konfirmasi pesanan shop/button_Submit")): Object: 'Object Repository/Konfirmasi pesanan shop/button_Submit' is clicked on

2023-10-04 19:09:44 - [MESSAGE][PASSED] - Object: 'Object Repository/Konfirmasi pesanan shop/button_Submit' is clicked on

2023-10-04 19:09:44 - [TEST_STEP][PASSED] - verifyElementPresent(findTestObject("Konfirmasi pesanan shop/Tittle nomor invoice"), 0): Object 'Object Repository/Konfirmasi pesanan shop/Tittle nomor invoice' is present

2023-10-04 19:09:44 - [MESSAGE][WARNING] - Timeout '0' is invalid. Using default page load timeout: '30'

2023-10-04 19:09:45 - [MESSAGE][PASSED] - Object 'Object Repository/Konfirmasi pesanan shop/Tittle nomor invoice' is present

2023-10-04 19:09:45 - [TEST_STEP][PASSED] - setText(findTestObject("Konfirmasi pesanan shop/input_Total TagihanTransfer_b"), Total): Text '8,721' is set on object 'Object Repository/Konfirmasi pesanan shop/input_Total TagihanTransfer_b'

2023-10-04 19:09:46 - [MESSAGE][PASSED] - Text '8,721' is set on object 'Object Repository/Konfirmasi pesanan shop/input_Total TagihanTransfer_b'

2023-10-04 19:09:46 - [TEST_STEP][PASSED] - selectOptionByValue(findTestObject("Konfirmasi pesanan shop/select_Bank"), "4", false): All options with value '4' are selected in object 'Object Repository/Konfirmasi pesanan shop/select_Bank' 

2023-10-04 19:09:47 - [MESSAGE][PASSED] - All options with value '4' are selected in object 'Object Repository/Konfirmasi pesanan shop/select_Bank' 

2023-10-04 19:09:47 - [TEST_STEP][PASSED] - setText(findTestObject("Konfirmasi pesanan shop/input_Nama Pengirim_d"), NamaPemesan): Text 'irfan.afandi' is set on object 'Object Repository/Konfirmasi pesanan shop/input_Nama Pengirim_d'

2023-10-04 19:09:47 - [MESSAGE][PASSED] - Text 'irfan.afandi' is set on object 'Object Repository/Konfirmasi pesanan shop/input_Nama Pengirim_d'

2023-10-04 19:09:47 - [TEST_STEP][PASSED] - uploadFile(findTestObject("keranjang/konfirmasi/input_Upload Bukti Transfer_f"), "C:\Users\IRFAN\Downloads\Berkas2.pdf"): File 'C:\Users\IRFAN\Downloads\Berkas2.pdf' sent to object: 'Object Repository/keranjang/konfirmasi/input_Upload Bukti Transfer_f'

2023-10-04 19:09:48 - [MESSAGE][PASSED] - File 'C:\Users\IRFAN\Downloads\Berkas2.pdf' sent to object: 'Object Repository/keranjang/konfirmasi/input_Upload Bukti Transfer_f'

2023-10-04 19:09:48 - [TEST_STEP][PASSED] - click(findTestObject("Konfirmasi pesanan shop/button_Konfirmasi Pembayaran")): Object: 'Object Repository/Konfirmasi pesanan shop/button_Konfirmasi Pembayaran' is clicked on

2023-10-04 19:09:49 - [MESSAGE][PASSED] - Object: 'Object Repository/Konfirmasi pesanan shop/button_Konfirmasi Pembayaran' is clicked on

2023-10-04 19:09:49 - [TEST_STEP][PASSED] - verifyElementPresent(findTestObject("Konfirmasi pesanan shop/Tittle Konfirmasi Pesanan"), 0): Object 'Object Repository/Konfirmasi pesanan shop/Tittle Konfirmasi Pesanan' is present

2023-10-04 19:09:49 - [MESSAGE][WARNING] - Timeout '0' is invalid. Using default page load timeout: '30'

2023-10-04 19:09:50 - [MESSAGE][PASSED] - Object 'Object Repository/Konfirmasi pesanan shop/Tittle Konfirmasi Pesanan' is present

2023-10-04 19:09:50 - [TEST_STEP][PASSED] - verifyElementPresent(findTestObject("Konfirmasi pesanan shop/Tittle massage succes Konfirmasi Pembayaran Pesanan"), 0): Object 'Object Repository/Konfirmasi pesanan shop/Tittle massage succes Konfirmasi Pembayaran Pesanan' is present

2023-10-04 19:09:50 - [MESSAGE][WARNING] - Timeout '0' is invalid. Using default page load timeout: '30'

2023-10-04 19:09:50 - [MESSAGE][PASSED] - Object 'Object Repository/Konfirmasi pesanan shop/Tittle massage succes Konfirmasi Pembayaran Pesanan' is present

2023-10-04 19:09:50 - [TEST_STEP][PASSED] - return data: null]]></system-out>
         <system-err><![CDATA[]]></system-err>
      </testcase>
      <testcase name="Test Cases/T13 Pembelian, Shipment dan Pembayaran/PBY-005" time="58.981" classname="Test Cases/T13 Pembelian, Shipment dan Pembayaran/PBY-005" status="PASSED">
         <system-out><![CDATA[2023-10-04 19:09:50 - [TEST_CASE][PASSED] - Test Cases/T13 Pembelian, Shipment dan Pembayaran/PBY-005: Test Cases/T13 Pembelian, Shipment dan Pembayaran/PBY-005

2023-10-04 19:09:50 - [TEST_STEP][PASSED] - data = callTestCase(findTestCase("T13 Pembelian, Shipment dan Pembayaran/PBY-001"), [:], STOP_ON_FAILURE): Call Test Case 'Test Cases/T13 Pembelian, Shipment dan Pembayaran/PBY-001' successfully

2023-10-04 19:09:50 - [TEST_CASE][PASSED] - Test Cases/T13 Pembelian, Shipment dan Pembayaran/PBY-001: Test Cases/T13 Pembelian, Shipment dan Pembayaran/PBY-001

2023-10-04 19:09:50 - [TEST_STEP][PASSED] - data = callTestCase(findTestCase("T13 Pembelian, Shipment dan Pembayaran/PBL-004"), ["Kurir":"Roda 2"], STOP_ON_FAILURE): Call Test Case 'Test Cases/T13 Pembelian, Shipment dan Pembayaran/PBL-004' successfully

2023-10-04 19:09:50 - [TEST_CASE][PASSED] - Test Cases/T13 Pembelian, Shipment dan Pembayaran/PBL-004: Test Cases/T13 Pembelian, Shipment dan Pembayaran/PBL-004

2023-10-04 19:09:50 - [TEST_STEP][PASSED] - data = callTestCase(findTestCase("T13 Pembelian, Shipment dan Pembayaran/PBL-002"), [:], STOP_ON_FAILURE): Call Test Case 'Test Cases/T13 Pembelian, Shipment dan Pembayaran/PBL-002' successfully

2023-10-04 19:09:50 - [TEST_CASE][PASSED] - Test Cases/T13 Pembelian, Shipment dan Pembayaran/PBL-002: Test Cases/T13 Pembelian, Shipment dan Pembayaran/PBL-002

2023-10-04 19:09:50 - [TEST_STEP][PASSED] - data = callTestCase(findTestCase("T13 Pembelian, Shipment dan Pembayaran/PBL-001"), [:], STOP_ON_FAILURE): Call Test Case 'Test Cases/T13 Pembelian, Shipment dan Pembayaran/PBL-001' successfully

2023-10-04 19:09:50 - [TEST_CASE][PASSED] - Test Cases/T13 Pembelian, Shipment dan Pembayaran/PBL-001: Test Cases/T13 Pembelian, Shipment dan Pembayaran/PBL-001

2023-10-04 19:09:50 - [TEST_STEP][PASSED] - callTestCase(findTestCase("T13 Pembelian, Shipment dan Pembayaran/LU-001"), ["username":"irfanafandi", "password":"12345irfan"], STOP_ON_FAILURE): Call Test Case 'Test Cases/T13 Pembelian, Shipment dan Pembayaran/LU-001' successfully

2023-10-04 19:09:51 - [TEST_CASE][PASSED] - Test Cases/T13 Pembelian, Shipment dan Pembayaran/LU-001: Test Cases/T13 Pembelian, Shipment dan Pembayaran/LU-001

2023-10-04 19:09:51 - [TEST_STEP][PASSED] - openBrowser("https://10.9.2.63/ecommerce/"): Browser is opened with url: 'https://10.9.2.63/ecommerce/'

2023-10-04 19:09:51 - [MESSAGE][WARNING] - A browser is already opened. Closing browser and opening a new one

2023-10-04 19:09:53 - [MESSAGE][INFO] - Starting 'Firefox' driver

2023-10-04 19:09:53 - [MESSAGE][INFO] - User set preference: ['args', '[--disable-notifications]']

2023-10-04 19:09:53 - [MESSAGE][INFO] - Action delay is set to 0 milliseconds

2023-10-04 19:09:57 - [MESSAGE][PASSED] - Browser is opened with url: 'https://10.9.2.63/ecommerce/'

2023-10-04 19:09:57 - [TEST_STEP][PASSED] - maximizeWindow(): Current window maximized

2023-10-04 19:09:57 - [MESSAGE][PASSED] - Current window maximized

2023-10-04 19:09:57 - [TEST_STEP][PASSED] - verifyElementPresent(findTestObject("Login/Home"), 0): Object 'Object Repository/Login/Home' is present

2023-10-04 19:09:58 - [MESSAGE][WARNING] - Timeout '0' is invalid. Using default page load timeout: '30'

2023-10-04 19:09:58 - [MESSAGE][PASSED] - Object 'Object Repository/Login/Home' is present

2023-10-04 19:09:58 - [TEST_STEP][PASSED] - click(findTestObject("Login/a_Login")): Object: 'Object Repository/Login/a_Login' is clicked on

2023-10-04 19:09:59 - [MESSAGE][PASSED] - Object: 'Object Repository/Login/a_Login' is clicked on

2023-10-04 19:09:59 - [TEST_STEP][PASSED] - verifyElementPresent(findTestObject("Login/Tittle Login"), 0): Object 'Object Repository/Login/Tittle Login' is present

2023-10-04 19:09:59 - [MESSAGE][WARNING] - Timeout '0' is invalid. Using default page load timeout: '30'

2023-10-04 19:09:59 - [MESSAGE][PASSED] - Object 'Object Repository/Login/Tittle Login' is present

2023-10-04 19:09:59 - [TEST_STEP][PASSED] - setText(findTestObject("Login/input_Username, Email atau No. Handphone_a"), username): Text 'irfanafandi' is set on object 'Object Repository/Login/input_Username, Email atau No. Handphone_a'

2023-10-04 19:10:00 - [MESSAGE][PASSED] - Text 'irfanafandi' is set on object 'Object Repository/Login/input_Username, Email atau No. Handphone_a'

2023-10-04 19:10:00 - [TEST_STEP][PASSED] - setText(findTestObject("Login/input_Password_b"), password): Text '12345irfan' is set on object 'Object Repository/Login/input_Password_b'

2023-10-04 19:10:00 - [MESSAGE][PASSED] - Text '12345irfan' is set on object 'Object Repository/Login/input_Password_b'

2023-10-04 19:10:00 - [TEST_STEP][PASSED] - click(findTestObject("Login/label_Ingat saya")): Object: 'Object Repository/Login/label_Ingat saya' is clicked on

2023-10-04 19:10:01 - [MESSAGE][PASSED] - Object: 'Object Repository/Login/label_Ingat saya' is clicked on

2023-10-04 19:10:01 - [TEST_STEP][PASSED] - click(findTestObject("Login/button_Masuk")): Object: 'Object Repository/Login/button_Masuk' is clicked on

2023-10-04 19:10:02 - [MESSAGE][PASSED] - Object: 'Object Repository/Login/button_Masuk' is clicked on

2023-10-04 19:10:02 - [TEST_STEP][PASSED] - verifyElementPresent(findTestObject("Login/li_Profile"), 0): Object 'Object Repository/Login/li_Profile' is present

2023-10-04 19:10:02 - [MESSAGE][WARNING] - Timeout '0' is invalid. Using default page load timeout: '30'

2023-10-04 19:10:02 - [MESSAGE][PASSED] - Object 'Object Repository/Login/li_Profile' is present

2023-10-04 19:10:02 - [MESSAGE][PASSED] - Call Test Case 'Test Cases/T13 Pembelian, Shipment dan Pembayaran/LU-001' successfully

2023-10-04 19:10:02 - [TEST_STEP][PASSED] - mouseOver(findTestObject("beli barang/i_Mulai Belanja_icon-menu")): Object: 'Object Repository/beli barang/i_Mulai Belanja_icon-menu' is hovered

2023-10-04 19:10:03 - [MESSAGE][PASSED] - Object: 'Object Repository/beli barang/i_Mulai Belanja_icon-menu' is hovered

2023-10-04 19:10:03 - [TEST_STEP][PASSED] - click(findTestObject("beli barang/a_Fashion  Busana Wanita")): Object: 'Object Repository/beli barang/a_Fashion  Busana Wanita' is clicked on

2023-10-04 19:10:04 - [MESSAGE][PASSED] - Object: 'Object Repository/beli barang/a_Fashion  Busana Wanita' is clicked on

2023-10-04 19:10:04 - [TEST_STEP][PASSED] - NamaSebelum = getText(findTestObject("verifikasi/Nama sebelum")): Text of object 'Object Repository/verifikasi/Nama sebelum' is: ''

2023-10-04 19:10:05 - [MESSAGE][PASSED] - Text of object 'Object Repository/verifikasi/Nama sebelum' is: ''

2023-10-04 19:10:05 - [TEST_STEP][PASSED] - HargaSebelum = getText(findTestObject("verifikasi/Harga sebelum")): Text of object 'Object Repository/verifikasi/Harga sebelum' is: 'Rp 1,299'

2023-10-04 19:10:05 - [MESSAGE][PASSED] - Text of object 'Object Repository/verifikasi/Harga sebelum' is: 'Rp 1,299'

2023-10-04 19:10:05 - [TEST_STEP][PASSED] - mouseOver(findTestObject("beli barang/barang mouse over")): Object: 'Object Repository/beli barang/barang mouse over' is hovered

2023-10-04 19:10:06 - [MESSAGE][PASSED] - Object: 'Object Repository/beli barang/barang mouse over' is hovered

2023-10-04 19:10:06 - [TEST_STEP][PASSED] - click(findTestObject("beli barang/buttom add to cart")): Object: 'Object Repository/beli barang/buttom add to cart' is clicked on

2023-10-04 19:10:07 - [MESSAGE][PASSED] - Object: 'Object Repository/beli barang/buttom add to cart' is clicked on

2023-10-04 19:10:07 - [TEST_STEP][PASSED] - NamaSesudah = getText(findTestObject("verifikasi/Nama sesudah")): Text of object 'Object Repository/verifikasi/Nama sesudah' is: 'Segitiga Instan Madeira - MDB5.3 Sunset'

2023-10-04 19:10:07 - [MESSAGE][PASSED] - Text of object 'Object Repository/verifikasi/Nama sesudah' is: 'Segitiga Instan Madeira - MDB5.3 Sunset'

2023-10-04 19:10:07 - [TEST_STEP][PASSED] - HargaSesudah = getText(findTestObject("verifikasi/Harga sesudah")): Text of object 'Object Repository/verifikasi/Harga sesudah' is: 'Rp 1,299'

2023-10-04 19:10:08 - [MESSAGE][PASSED] - Text of object 'Object Repository/verifikasi/Harga sesudah' is: 'Rp 1,299'

2023-10-04 19:10:08 - [TEST_STEP][PASSED] - assert NamaSesudah.contains(NamaSebelum): null

2023-10-04 19:10:08 - [TEST_STEP][PASSED] - assert HargaSesudah.contains(HargaSebelum): null

2023-10-04 19:10:08 - [TEST_STEP][PASSED] - click(findTestObject("beli barang/Tambah Keranjang busana wanita")): Object: 'Object Repository/beli barang/Tambah Keranjang busana wanita' is clicked on

2023-10-04 19:10:08 - [MESSAGE][PASSED] - Object: 'Object Repository/beli barang/Tambah Keranjang busana wanita' is clicked on

2023-10-04 19:10:08 - [TEST_STEP][PASSED] - verifyElementPresent(findTestObject("checkout/Notifikasi keranjang"), 1): Object 'Object Repository/checkout/Notifikasi keranjang' is present

2023-10-04 19:10:09 - [MESSAGE][PASSED] - Object 'Object Repository/checkout/Notifikasi keranjang' is present

2023-10-04 19:10:09 - [TEST_STEP][PASSED] - data = new java.util.HashMap(): null

2023-10-04 19:10:09 - [TEST_STEP][PASSED] - data.put("nama_barang", NamaSesudah): null

2023-10-04 19:10:09 - [TEST_STEP][PASSED] - data.put("price_barang", HargaSesudah): null

2023-10-04 19:10:09 - [TEST_STEP][PASSED] - return data: null

2023-10-04 19:10:09 - [MESSAGE][PASSED] - Call Test Case 'Test Cases/T13 Pembelian, Shipment dan Pembayaran/PBL-001' successfully

2023-10-04 19:10:09 - [TEST_STEP][PASSED] - mouseOver(findTestObject("beli barang/keranjang")): Object: 'Object Repository/beli barang/keranjang' is hovered

2023-10-04 19:10:09 - [MESSAGE][PASSED] - Object: 'Object Repository/beli barang/keranjang' is hovered

2023-10-04 19:10:09 - [TEST_STEP][PASSED] - click(findTestObject("beli barang/Lihat Sekarang")): Object: 'Object Repository/beli barang/Lihat Sekarang' is clicked on

2023-10-04 19:10:11 - [MESSAGE][PASSED] - Object: 'Object Repository/beli barang/Lihat Sekarang' is clicked on

2023-10-04 19:10:11 - [TEST_STEP][PASSED] - verifyElementPresent(findTestObject("keranjang/li_Keranjang Belanja"), 0): Object 'Object Repository/keranjang/li_Keranjang Belanja' is present

2023-10-04 19:10:11 - [MESSAGE][WARNING] - Timeout '0' is invalid. Using default page load timeout: '30'

2023-10-04 19:10:12 - [MESSAGE][PASSED] - Object 'Object Repository/keranjang/li_Keranjang Belanja' is present

2023-10-04 19:10:12 - [TEST_STEP][PASSED] - NamaKeranjang = getText(findTestObject("verifikasi/Nama keranjang")): Text of object 'Object Repository/verifikasi/Nama keranjang' is: 'Segitiga Instan Madeira - MDB5.3 Sunset'

2023-10-04 19:10:12 - [MESSAGE][PASSED] - Text of object 'Object Repository/verifikasi/Nama keranjang' is: 'Segitiga Instan Madeira - MDB5.3 Sunset'

2023-10-04 19:10:12 - [TEST_STEP][PASSED] - HargaKeranjang = getText(findTestObject("verifikasi/Harga Keranjang")): Text of object 'Object Repository/verifikasi/Harga Keranjang' is: 'Rp 1,299'

2023-10-04 19:10:13 - [MESSAGE][PASSED] - Text of object 'Object Repository/verifikasi/Harga Keranjang' is: 'Rp 1,299'

2023-10-04 19:10:13 - [TEST_STEP][PASSED] - if (toString().equalsIgnoreCase("Merah")): Object 'Object Repository/keranjang/input_Warna_variasi101' is checked

2023-10-04 19:10:13 - [TEST_STEP][PASSED] - check(findTestObject("Object Repository/keranjang/input_Warna_variasi101")): Object 'Object Repository/keranjang/input_Warna_variasi101' is checked

2023-10-04 19:10:13 - [MESSAGE][PASSED] - Object 'Object Repository/keranjang/input_Warna_variasi101' is checked

2023-10-04 19:10:13 - [TEST_STEP][PASSED] - if (toString().equalsIgnoreCase("Menengah")): Object 'Object Repository/keranjang/input_Ukuran_variasi201' is checked

2023-10-04 19:10:13 - [TEST_STEP][PASSED] - check(findTestObject("Object Repository/keranjang/input_Ukuran_variasi201")): Object 'Object Repository/keranjang/input_Ukuran_variasi201' is checked

2023-10-04 19:10:14 - [MESSAGE][PASSED] - Object 'Object Repository/keranjang/input_Ukuran_variasi201' is checked

2023-10-04 19:10:14 - [TEST_STEP][PASSED] - data.put("Warna", warna): null

2023-10-04 19:10:14 - [TEST_STEP][PASSED] - data.put("Ukuran", ukuran): null

2023-10-04 19:10:14 - [TEST_STEP][PASSED] - click(findTestObject("keranjang/button_Lanjut ke Pembayaran")): Object: 'Object Repository/keranjang/button_Lanjut ke Pembayaran' is clicked on

2023-10-04 19:10:15 - [MESSAGE][PASSED] - Object: 'Object Repository/keranjang/button_Lanjut ke Pembayaran' is clicked on

2023-10-04 19:10:15 - [TEST_STEP][PASSED] - verifyElementPresent(findTestObject("checkout/Tittle Checkout Order"), 0): Object 'Object Repository/checkout/Tittle Checkout Order' is present

2023-10-04 19:10:15 - [MESSAGE][WARNING] - Timeout '0' is invalid. Using default page load timeout: '30'

2023-10-04 19:10:16 - [MESSAGE][PASSED] - Object 'Object Repository/checkout/Tittle Checkout Order' is present

2023-10-04 19:10:16 - [TEST_STEP][PASSED] - name_product = data.get("nama_barang"): null

2023-10-04 19:10:16 - [TEST_STEP][PASSED] - price_product = data.get("price_barang"): null

2023-10-04 19:10:16 - [TEST_STEP][PASSED] - assert name_product == NamaKeranjang: null

2023-10-04 19:10:16 - [TEST_STEP][PASSED] - assert price_product == HargaKeranjang: null

2023-10-04 19:10:16 - [TEST_STEP][PASSED] - return data: null

2023-10-04 19:10:16 - [MESSAGE][PASSED] - Call Test Case 'Test Cases/T13 Pembelian, Shipment dan Pembayaran/PBL-002' successfully

2023-10-04 19:10:16 - [TEST_STEP][PASSED] - warnaa = getText(findTestObject("verifikasi/warna Merah")): Text of object 'Object Repository/verifikasi/warna Merah' is: 'Merah'

2023-10-04 19:10:16 - [MESSAGE][PASSED] - Text of object 'Object Repository/verifikasi/warna Merah' is: 'Merah'

2023-10-04 19:10:16 - [TEST_STEP][PASSED] - ukurann = getText(findTestObject("verifikasi/Ukuran Menengah")): Text of object 'Object Repository/verifikasi/Ukuran Menengah' is: 'Menengah'

2023-10-04 19:10:16 - [MESSAGE][PASSED] - Text of object 'Object Repository/verifikasi/Ukuran Menengah' is: 'Menengah'

2023-10-04 19:10:16 - [TEST_STEP][PASSED] - warna1 = data.get("Warna"): null

2023-10-04 19:10:16 - [TEST_STEP][PASSED] - ukuran1 = data.get("Ukuran"): null

2023-10-04 19:10:16 - [TEST_STEP][PASSED] - assert warnaa == warna1: null

2023-10-04 19:10:16 - [TEST_STEP][PASSED] - assert ukurann == ukuran1: null

2023-10-04 19:10:16 - [TEST_STEP][PASSED] - NamaCheckout = getText(findTestObject("verifikasi/NamaCheckout")): Text of object 'Object Repository/verifikasi/NamaCheckout' is: ''

2023-10-04 19:10:17 - [MESSAGE][PASSED] - Text of object 'Object Repository/verifikasi/NamaCheckout' is: ''

2023-10-04 19:10:17 - [TEST_STEP][PASSED] - HargaCheckout = getText(findTestObject("verifikasi/HargaCheckout")): Text of object 'Object Repository/verifikasi/HargaCheckout' is: '1,299'

2023-10-04 19:10:17 - [MESSAGE][PASSED] - Text of object 'Object Repository/verifikasi/HargaCheckout' is: '1,299'

2023-10-04 19:10:17 - [TEST_STEP][PASSED] - name_product = data.get("nama_barang"): null

2023-10-04 19:10:17 - [TEST_STEP][PASSED] - price_product = data.get("price_barang"): null

2023-10-04 19:10:17 - [TEST_STEP][PASSED] - assert name_product.contains(NamaCheckout): null

2023-10-04 19:10:17 - [TEST_STEP][PASSED] - assert price_product.contains(HargaCheckout): null

2023-10-04 19:10:17 - [TEST_STEP][PASSED] - selectOptionByLabel(findTestObject("checkout/select - Kirim via Kurir Lokal"), Kurir, false): All options with label 'Roda 2' are selected in object 'Object Repository/checkout/select - Kirim via Kurir Lokal' 

2023-10-04 19:10:18 - [MESSAGE][PASSED] - All options with label 'Roda 2' are selected in object 'Object Repository/checkout/select - Kirim via Kurir Lokal' 

2023-10-04 19:10:18 - [TEST_STEP][PASSED] - click(findTestObject("checkout/Kendaraan Kurir")): Object: 'Object Repository/checkout/Kendaraan Kurir' is clicked on

2023-10-04 19:10:19 - [MESSAGE][PASSED] - Object: 'Object Repository/checkout/Kendaraan Kurir' is clicked on

2023-10-04 19:10:19 - [TEST_STEP][PASSED] - OngkosKirim = getText(findTestObject("Object Repository/verifikasi/Ongkos Kirim checkout")): Text of object 'Object Repository/verifikasi/Ongkos Kirim checkout' is: 'Rp. 5,000'

2023-10-04 19:10:19 - [MESSAGE][PASSED] - Text of object 'Object Repository/verifikasi/Ongkos Kirim checkout' is: 'Rp. 5,000'

2023-10-04 19:10:19 - [TEST_STEP][PASSED] - Ongkos = OngkosKirim.substring(3, OngkosKirim.size()): null

2023-10-04 19:10:19 - [TEST_STEP][PASSED] - rep = Ongkos.replace(",", "."): null

2023-10-04 19:10:19 - [TEST_STEP][PASSED] - Ongkos_kirim = Double.parseDouble(rep): null

2023-10-04 19:10:19 - [TEST_STEP][PASSED] - println(Ongkos_kirim): null

2023-10-04 19:10:19 - [TEST_STEP][PASSED] - FeeAdmin = getText(findTestObject("verifikasi/Fee Admin checkout")): Text of object 'Object Repository/verifikasi/Fee Admin checkout' is: 'Fee Admin
Rp 1,500'

2023-10-04 19:10:20 - [MESSAGE][PASSED] - Text of object 'Object Repository/verifikasi/Fee Admin checkout' is: 'Fee Admin
Rp 1,500'

2023-10-04 19:10:20 - [TEST_STEP][PASSED] - Fee_Admin = FeeAdmin.substring(12, FeeAdmin.size()): null

2023-10-04 19:10:20 - [TEST_STEP][PASSED] - fee = Fee_Admin.replace(",", "."): null

2023-10-04 19:10:20 - [TEST_STEP][PASSED] - fee_admin = Double.parseDouble(fee): null

2023-10-04 19:10:20 - [TEST_STEP][PASSED] - println(fee_admin): null

2023-10-04 19:10:20 - [TEST_STEP][PASSED] - Subtotal = getText(findTestObject("verifikasi/subtotal checkout")): Text of object 'Object Repository/verifikasi/subtotal checkout' is: 'Subtotal
Rp 1,299'

2023-10-04 19:10:20 - [MESSAGE][PASSED] - Text of object 'Object Repository/verifikasi/subtotal checkout' is: 'Subtotal
Rp 1,299'

2023-10-04 19:10:20 - [TEST_STEP][PASSED] - sub_total = Subtotal.substring(12, Subtotal.size()): null

2023-10-04 19:10:20 - [TEST_STEP][PASSED] - sub = sub_total.replace(",", "."): null

2023-10-04 19:10:20 - [TEST_STEP][PASSED] - sub_total = Double.parseDouble(sub): null

2023-10-04 19:10:20 - [TEST_STEP][PASSED] - println(sub_total): null

2023-10-04 19:10:20 - [TEST_STEP][PASSED] - Total = getText(findTestObject("verifikasi/Total checkout")): Text of object 'Object Repository/verifikasi/Total checkout' is: 'Rp 7,799'

2023-10-04 19:10:20 - [MESSAGE][PASSED] - Text of object 'Object Repository/verifikasi/Total checkout' is: 'Rp 7,799'

2023-10-04 19:10:20 - [TEST_STEP][PASSED] - totall = Total.substring(3, Total.size()): null

2023-10-04 19:10:20 - [TEST_STEP][PASSED] - total = totall.replace(",", "."): null

2023-10-04 19:10:20 - [TEST_STEP][PASSED] - totall = Double.parseDouble(total): null

2023-10-04 19:10:20 - [TEST_STEP][PASSED] - println(totall): null

2023-10-04 19:10:20 - [TEST_STEP][PASSED] - Total_Harga = Ongkos_kirim + fee_admin + sub_total: null

2023-10-04 19:10:20 - [TEST_STEP][PASSED] - println(Total_Harga): null

2023-10-04 19:10:20 - [TEST_STEP][PASSED] - TotalHarga = Math.round(Total_Harga * 1000) / 1000: null

2023-10-04 19:10:20 - [TEST_STEP][PASSED] - println(TotalHarga): null

2023-10-04 19:10:20 - [TEST_STEP][PASSED] - assert totall == TotalHarga: null

2023-10-04 19:10:20 - [TEST_STEP][PASSED] - click(findTestObject("verifikasi/Metode Transfer")): Object: 'Object Repository/verifikasi/Metode Transfer' is clicked on

2023-10-04 19:10:21 - [MESSAGE][PASSED] - Object: 'Object Repository/verifikasi/Metode Transfer' is clicked on

2023-10-04 19:10:21 - [TEST_STEP][PASSED] - click(findTestObject("checkout/button_Proses Pembayaran")): Object: 'Object Repository/checkout/button_Proses Pembayaran' is clicked on

2023-10-04 19:10:27 - [MESSAGE][PASSED] - Object: 'Object Repository/checkout/button_Proses Pembayaran' is clicked on

2023-10-04 19:10:27 - [TEST_STEP][PASSED] - verifyElementPresent(findTestObject("pembayaran/Tittle nomor invoice"), 0): Object 'Object Repository/pembayaran/Tittle nomor invoice' is present

2023-10-04 19:10:27 - [MESSAGE][WARNING] - Timeout '0' is invalid. Using default page load timeout: '30'

2023-10-04 19:10:32 - [MESSAGE][PASSED] - Object 'Object Repository/pembayaran/Tittle nomor invoice' is present

2023-10-04 19:10:32 - [TEST_STEP][PASSED] - return data: null

2023-10-04 19:10:32 - [MESSAGE][PASSED] - Call Test Case 'Test Cases/T13 Pembelian, Shipment dan Pembayaran/PBL-004' successfully

2023-10-04 19:10:32 - [TEST_STEP][PASSED] - Invoice = getText(findTestObject("pembayaran/nomor invoice")): Text of object 'Object Repository/pembayaran/nomor invoice' is: 'TRX60.20231004191023'

2023-10-04 19:10:33 - [MESSAGE][PASSED] - Text of object 'Object Repository/pembayaran/nomor invoice' is: 'TRX60.20231004191023'

2023-10-04 19:10:33 - [TEST_STEP][PASSED] - data.put("invoice", Invoice): null

2023-10-04 19:10:33 - [TEST_STEP][PASSED] - NamaPemesan = getText(findTestObject("Konfirmasi pesanan shop/Nama pemesan")): Text of object 'Object Repository/Konfirmasi pesanan shop/Nama pemesan' is: 'irfan.afandi'

2023-10-04 19:10:33 - [MESSAGE][PASSED] - Text of object 'Object Repository/Konfirmasi pesanan shop/Nama pemesan' is: 'irfan.afandi'

2023-10-04 19:10:33 - [TEST_STEP][PASSED] - Nama = getText(findTestObject("pembayaran/Nama barang")): Text of object 'Object Repository/pembayaran/Nama barang' is: 'Segitiga Instan Madeira - MDB5.3 Sunset'

2023-10-04 19:10:34 - [MESSAGE][PASSED] - Text of object 'Object Repository/pembayaran/Nama barang' is: 'Segitiga Instan Madeira - MDB5.3 Sunset'

2023-10-04 19:10:34 - [TEST_STEP][PASSED] - Harga = getText(findTestObject("pembayaran/Harga barang")): Text of object 'Object Repository/pembayaran/Harga barang' is: '1,299'

2023-10-04 19:10:35 - [MESSAGE][PASSED] - Text of object 'Object Repository/pembayaran/Harga barang' is: '1,299'

2023-10-04 19:10:35 - [TEST_STEP][PASSED] - name_product = data.get("nama_barang"): null

2023-10-04 19:10:35 - [TEST_STEP][PASSED] - price_product = data.get("price_barang"): null

2023-10-04 19:10:35 - [TEST_STEP][PASSED] - assert name_product.contains(Nama): null

2023-10-04 19:10:35 - [TEST_STEP][PASSED] - assert price_product.contains(Harga): null

2023-10-04 19:10:35 - [TEST_STEP][PASSED] - warnaa = getText(findTestObject("pembayaran/warna")): Text of object 'Object Repository/pembayaran/warna' is: 'Merah'

2023-10-04 19:10:35 - [MESSAGE][PASSED] - Text of object 'Object Repository/pembayaran/warna' is: 'Merah'

2023-10-04 19:10:35 - [TEST_STEP][PASSED] - ukurann = getText(findTestObject("pembayaran/ukuran")): Text of object 'Object Repository/pembayaran/ukuran' is: 'Menengah'

2023-10-04 19:10:36 - [MESSAGE][PASSED] - Text of object 'Object Repository/pembayaran/ukuran' is: 'Menengah'

2023-10-04 19:10:36 - [TEST_STEP][PASSED] - warna1 = data.get("Warna"): null

2023-10-04 19:10:36 - [TEST_STEP][PASSED] - ukuran1 = data.get("Ukuran"): null

2023-10-04 19:10:36 - [TEST_STEP][PASSED] - assert warnaa == warna1: null

2023-10-04 19:10:36 - [TEST_STEP][PASSED] - assert ukurann == ukuran1: null

2023-10-04 19:10:36 - [TEST_STEP][PASSED] - statusPembelian = getText(findTestObject("verifikasi/Status pending di pembelian")): Text of object 'Object Repository/verifikasi/Status pending di pembelian' is: 'Pending'

2023-10-04 19:10:36 - [MESSAGE][PASSED] - Text of object 'Object Repository/verifikasi/Status pending di pembelian' is: 'Pending'

2023-10-04 19:10:36 - [TEST_STEP][PASSED] - data.put("statusPem", statusPembelian): null

2023-10-04 19:10:36 - [TEST_STEP][PASSED] - OngkosKirim = getText(findTestObject("pembayaran/ongkos kirim")): Text of object 'Object Repository/pembayaran/ongkos kirim' is: 'Rp 5,000'

2023-10-04 19:10:36 - [MESSAGE][PASSED] - Text of object 'Object Repository/pembayaran/ongkos kirim' is: 'Rp 5,000'

2023-10-04 19:10:36 - [TEST_STEP][PASSED] - Ongkos = OngkosKirim.substring(3, OngkosKirim.size()): null

2023-10-04 19:10:36 - [TEST_STEP][PASSED] - rep = Ongkos.replace(",", ""): null

2023-10-04 19:10:36 - [TEST_STEP][PASSED] - Ongkos_kirimm = Integer.parseInt(rep): null

2023-10-04 19:10:36 - [TEST_STEP][PASSED] - println(Ongkos_kirimm): null

2023-10-04 19:10:36 - [TEST_STEP][PASSED] - FeeAdmin = getText(findTestObject("pembayaran/fee admin")): Text of object 'Object Repository/pembayaran/fee admin' is: 'Rp 1,500'

2023-10-04 19:10:37 - [MESSAGE][PASSED] - Text of object 'Object Repository/pembayaran/fee admin' is: 'Rp 1,500'

2023-10-04 19:10:37 - [TEST_STEP][PASSED] - Fee_Admin = FeeAdmin.substring(3, FeeAdmin.size()): null

2023-10-04 19:10:37 - [TEST_STEP][PASSED] - fee = Fee_Admin.replace(",", ""): null

2023-10-04 19:10:37 - [TEST_STEP][PASSED] - fee_adminn = Integer.parseInt(fee): null

2023-10-04 19:10:37 - [TEST_STEP][PASSED] - println(fee_adminn): null

2023-10-04 19:10:37 - [TEST_STEP][PASSED] - Subtotal = getText(findTestObject("pembayaran/subtotal")): Text of object 'Object Repository/pembayaran/subtotal' is: 'Rp 1,299'

2023-10-04 19:10:37 - [MESSAGE][PASSED] - Text of object 'Object Repository/pembayaran/subtotal' is: 'Rp 1,299'

2023-10-04 19:10:37 - [TEST_STEP][PASSED] - sub_total = Subtotal.substring(3, Subtotal.size()): null

2023-10-04 19:10:37 - [TEST_STEP][PASSED] - sub = sub_total.replace(",", ""): null

2023-10-04 19:10:37 - [TEST_STEP][PASSED] - sub_totall = Integer.parseInt(sub): null

2023-10-04 19:10:37 - [TEST_STEP][PASSED] - println(sub_totall): null

2023-10-04 19:10:37 - [TEST_STEP][PASSED] - unik = getText(findTestObject("pembayaran/kode unik")): Text of object 'Object Repository/pembayaran/kode unik' is: '+023'

2023-10-04 19:10:38 - [MESSAGE][PASSED] - Text of object 'Object Repository/pembayaran/kode unik' is: '+023'

2023-10-04 19:10:38 - [TEST_STEP][PASSED] - unikk = unik.replace("+", ""): null

2023-10-04 19:10:38 - [TEST_STEP][PASSED] - kode_unik = Integer.parseInt(unikk): null

2023-10-04 19:10:38 - [TEST_STEP][PASSED] - println(kode_unik): null

2023-10-04 19:10:38 - [TEST_STEP][PASSED] - Total = getText(findTestObject("pembayaran/total")): Text of object 'Object Repository/pembayaran/total' is: '7,822'

2023-10-04 19:10:39 - [MESSAGE][PASSED] - Text of object 'Object Repository/pembayaran/total' is: '7,822'

2023-10-04 19:10:39 - [TEST_STEP][PASSED] - total = Total.replace(",", ""): null

2023-10-04 19:10:39 - [TEST_STEP][PASSED] - totalll = Integer.parseInt(total): null

2023-10-04 19:10:39 - [TEST_STEP][PASSED] - println(totalll): null

2023-10-04 19:10:39 - [TEST_STEP][PASSED] - Total_Hargaa = Ongkos_kirimm + fee_adminn + sub_totall + kode_unik: null

2023-10-04 19:10:39 - [TEST_STEP][PASSED] - println(Total_Hargaa): null

2023-10-04 19:10:39 - [TEST_STEP][PASSED] - assert totalll == Total_Hargaa: null

2023-10-04 19:10:39 - [TEST_STEP][PASSED] - data.put("total", Total): null

2023-10-04 19:10:39 - [TEST_STEP][PASSED] - data.put("nama", NamaPemesan): null

2023-10-04 19:10:39 - [TEST_STEP][PASSED] - return data: null

2023-10-04 19:10:39 - [MESSAGE][PASSED] - Call Test Case 'Test Cases/T13 Pembelian, Shipment dan Pembayaran/PBY-001' successfully

2023-10-04 19:10:39 - [TEST_STEP][PASSED] - inv = data.get("invoice"): null

2023-10-04 19:10:39 - [TEST_STEP][PASSED] - Total = data.get("total"): null

2023-10-04 19:10:39 - [TEST_STEP][PASSED] - NamaPemesan = data.get("nama"): null

2023-10-04 19:10:39 - [TEST_STEP][PASSED] - click(findTestObject("Konfirmasi pesanan shop/Menu Shop")): Object: 'Object Repository/Konfirmasi pesanan shop/Menu Shop' is clicked on

2023-10-04 19:10:40 - [MESSAGE][PASSED] - Object: 'Object Repository/Konfirmasi pesanan shop/Menu Shop' is clicked on

2023-10-04 19:10:40 - [TEST_STEP][PASSED] - click(findTestObject("Konfirmasi pesanan shop/Menu Shop")): Object: 'Object Repository/Konfirmasi pesanan shop/Menu Shop' is clicked on

2023-10-04 19:10:41 - [MESSAGE][PASSED] - Object: 'Object Repository/Konfirmasi pesanan shop/Menu Shop' is clicked on

2023-10-04 19:10:41 - [TEST_STEP][PASSED] - click(findTestObject("Konfirmasi pesanan shop/Konfirmasi Orders")): Object: 'Object Repository/Konfirmasi pesanan shop/Konfirmasi Orders' is clicked on

2023-10-04 19:10:42 - [MESSAGE][PASSED] - Object: 'Object Repository/Konfirmasi pesanan shop/Konfirmasi Orders' is clicked on

2023-10-04 19:10:42 - [TEST_STEP][PASSED] - verifyElementPresent(findTestObject("Konfirmasi pesanan shop/Tittle Konfirmasi Pesanan"), 0): Object 'Object Repository/Konfirmasi pesanan shop/Tittle Konfirmasi Pesanan' is present

2023-10-04 19:10:42 - [MESSAGE][WARNING] - Timeout '0' is invalid. Using default page load timeout: '30'

2023-10-04 19:10:43 - [MESSAGE][PASSED] - Object 'Object Repository/Konfirmasi pesanan shop/Tittle Konfirmasi Pesanan' is present

2023-10-04 19:10:43 - [TEST_STEP][PASSED] - setText(findTestObject("Konfirmasi pesanan shop/input_No Pesanan"), inv): Text 'TRX60.20231004191023' is set on object 'Object Repository/Konfirmasi pesanan shop/input_No Pesanan'

2023-10-04 19:10:44 - [MESSAGE][PASSED] - Text 'TRX60.20231004191023' is set on object 'Object Repository/Konfirmasi pesanan shop/input_No Pesanan'

2023-10-04 19:10:44 - [TEST_STEP][PASSED] - setText(findTestObject("Konfirmasi pesanan shop/input_Alamat E-mai"), "irfan@gmail.com"): Text 'irfan@gmail.com' is set on object 'Object Repository/Konfirmasi pesanan shop/input_Alamat E-mai'

2023-10-04 19:10:44 - [MESSAGE][PASSED] - Text 'irfan@gmail.com' is set on object 'Object Repository/Konfirmasi pesanan shop/input_Alamat E-mai'

2023-10-04 19:10:44 - [TEST_STEP][PASSED] - click(findTestObject("Konfirmasi pesanan shop/button_Submit")): Object: 'Object Repository/Konfirmasi pesanan shop/button_Submit' is clicked on

2023-10-04 19:10:45 - [MESSAGE][PASSED] - Object: 'Object Repository/Konfirmasi pesanan shop/button_Submit' is clicked on

2023-10-04 19:10:45 - [TEST_STEP][PASSED] - verifyElementPresent(findTestObject("Konfirmasi pesanan shop/Tittle nomor invoice"), 0): Object 'Object Repository/Konfirmasi pesanan shop/Tittle nomor invoice' is present

2023-10-04 19:10:45 - [MESSAGE][WARNING] - Timeout '0' is invalid. Using default page load timeout: '30'

2023-10-04 19:10:46 - [MESSAGE][PASSED] - Object 'Object Repository/Konfirmasi pesanan shop/Tittle nomor invoice' is present

2023-10-04 19:10:46 - [TEST_STEP][PASSED] - setText(findTestObject("Konfirmasi pesanan shop/input_Total TagihanTransfer_b"), Total): Text '7,822' is set on object 'Object Repository/Konfirmasi pesanan shop/input_Total TagihanTransfer_b'

2023-10-04 19:10:46 - [MESSAGE][PASSED] - Text '7,822' is set on object 'Object Repository/Konfirmasi pesanan shop/input_Total TagihanTransfer_b'

2023-10-04 19:10:46 - [TEST_STEP][PASSED] - selectOptionByValue(findTestObject("Konfirmasi pesanan shop/select_Bank"), "4", false): All options with value '4' are selected in object 'Object Repository/Konfirmasi pesanan shop/select_Bank' 

2023-10-04 19:10:47 - [MESSAGE][PASSED] - All options with value '4' are selected in object 'Object Repository/Konfirmasi pesanan shop/select_Bank' 

2023-10-04 19:10:47 - [TEST_STEP][PASSED] - clearText(findTestObject("Konfirmasi pesanan shop/input_Nama Pengirim_d"), STOP_ON_FAILURE): Text of object 'Object Repository/Konfirmasi pesanan shop/input_Nama Pengirim_d' is cleared

2023-10-04 19:10:48 - [MESSAGE][PASSED] - Text of object 'Object Repository/Konfirmasi pesanan shop/input_Nama Pengirim_d' is cleared

2023-10-04 19:10:48 - [TEST_STEP][PASSED] - uploadFile(findTestObject("Konfirmasi pesanan shop/input_Upload Bukti Transfer_f"), "C:\Users\IRFAN\Downloads\Berkas2.pdf"): File 'C:\Users\IRFAN\Downloads\Berkas2.pdf' sent to object: 'Object Repository/Konfirmasi pesanan shop/input_Upload Bukti Transfer_f'

2023-10-04 19:10:48 - [MESSAGE][PASSED] - File 'C:\Users\IRFAN\Downloads\Berkas2.pdf' sent to object: 'Object Repository/Konfirmasi pesanan shop/input_Upload Bukti Transfer_f'

2023-10-04 19:10:48 - [TEST_STEP][PASSED] - click(findTestObject("Konfirmasi pesanan shop/button_Konfirmasi Pembayaran")): Object: 'Object Repository/Konfirmasi pesanan shop/button_Konfirmasi Pembayaran' is clicked on

2023-10-04 19:10:49 - [MESSAGE][PASSED] - Object: 'Object Repository/Konfirmasi pesanan shop/button_Konfirmasi Pembayaran' is clicked on

2023-10-04 19:10:49 - [TEST_STEP][PASSED] - webDriver = getWebDriver(): null

2023-10-04 19:10:49 - [TEST_STEP][PASSED] - field_tagihan = webDriver.findElement(By.xpath("//input[@name="d"]")): null

2023-10-04 19:10:49 - [TEST_STEP][PASSED] - error_message = webDriver.executeScript("return arguments[0].validationMessage", field_tagihan): null

2023-10-04 19:10:49 - [TEST_STEP][PASSED] - println(error_message): null

2023-10-04 19:10:49 - [TEST_STEP][PASSED] - assert error_message == "Please fill out this field.": null]]></system-out>
         <system-err><![CDATA[]]></system-err>
      </testcase>
      <testcase name="Test Cases/T13 Pembelian, Shipment dan Pembayaran/PBY-006" time="61.459" classname="Test Cases/T13 Pembelian, Shipment dan Pembayaran/PBY-006" status="FAILED">
         <failure type="FAILED" message="Test Cases/T13 Pembelian, Shipment dan Pembayaran/PBY-006 FAILED.
Reason:
com.kms.katalon.core.exception.StepFailedException: Unable to verify text 'inputkan harus angka sesuai' is present 
	at com.kms.katalon.core.webui.keyword.internal.WebUIKeywordMain.stepFailed(WebUIKeywordMain.groovy:64)
	at com.kms.katalon.core.webui.keyword.internal.WebUIKeywordMain.runKeyword(WebUIKeywordMain.groovy:26)
	at com.kms.katalon.core.webui.keyword.builtin.VerifyTextPresentKeyword.verifyTextPresent(VerifyTextPresentKeyword.groovy:83)
	at com.kms.katalon.core.webui.keyword.builtin.VerifyTextPresentKeyword.execute(VerifyTextPresentKeyword.groovy:68)
	at com.kms.katalon.core.keyword.internal.KeywordExecutor.executeKeywordForPlatform(KeywordExecutor.groovy:74)
	at com.kms.katalon.core.webui.keyword.WebUiBuiltInKeywords.verifyTextPresent(WebUiBuiltInKeywords.groovy:1723)
	at com.kms.katalon.core.webui.keyword.WebUiBuiltInKeywords$verifyTextPresent$9.call(Unknown Source)
	at PBY-006.run(PBY-006:61)
	at com.kms.katalon.core.main.ScriptEngine.run(ScriptEngine.java:194)
	at com.kms.katalon.core.main.ScriptEngine.runScriptAsRawText(ScriptEngine.java:119)
	at com.kms.katalon.core.main.TestCaseExecutor.runScript(TestCaseExecutor.java:448)
	at com.kms.katalon.core.main.TestCaseExecutor.doExecute(TestCaseExecutor.java:439)
	at com.kms.katalon.core.main.TestCaseExecutor.processExecutionPhase(TestCaseExecutor.java:418)
	at com.kms.katalon.core.main.TestCaseExecutor.accessMainPhase(TestCaseExecutor.java:410)
	at com.kms.katalon.core.main.TestCaseExecutor.execute(TestCaseExecutor.java:285)
	at com.kms.katalon.core.common.CommonExecutor.accessTestCaseMainPhase(CommonExecutor.java:65)
	at com.kms.katalon.core.main.TestSuiteExecutor.accessTestSuiteMainPhase(TestSuiteExecutor.java:148)
	at com.kms.katalon.core.main.TestSuiteExecutor.execute(TestSuiteExecutor.java:106)
	at com.kms.katalon.core.main.TestCaseMain.startTestSuite(TestCaseMain.java:187)
	at com.kms.katalon.core.main.TestCaseMain$startTestSuite$0.call(Unknown Source)
	at TempTestSuite1696420804604.run(TempTestSuite1696420804604.groovy:36)
Caused by: com.kms.katalon.core.exception.StepFailedException: Text 'inputkan harus angka sesuai' is not present on page 
	at com.kms.katalon.core.webui.keyword.internal.WebUIKeywordMain.stepFailed(WebUIKeywordMain.groovy:64)
	at com.kms.katalon.core.webui.keyword.builtin.VerifyTextPresentKeyword$_verifyTextPresent_closure1.doCall(VerifyTextPresentKeyword.groovy:79)
	at com.kms.katalon.core.webui.keyword.builtin.VerifyTextPresentKeyword$_verifyTextPresent_closure1.call(VerifyTextPresentKeyword.groovy)
	at com.kms.katalon.core.webui.keyword.internal.WebUIKeywordMain.runKeyword(WebUIKeywordMain.groovy:20)
	... 19 more
"/>
         <system-out><![CDATA[2023-10-04 19:10:49 - [TEST_CASE][FAILED] - Test Cases/T13 Pembelian, Shipment dan Pembayaran/PBY-006: Test Cases/T13 Pembelian, Shipment dan Pembayaran/PBY-006 FAILED.
Reason:
com.kms.katalon.core.exception.StepFailedException: Unable to verify text 'inputkan harus angka sesuai' is present 
	at com.kms.katalon.core.webui.keyword.internal.WebUIKeywordMain.stepFailed(WebUIKeywordMain.groovy:64)
	at com.kms.katalon.core.webui.keyword.internal.WebUIKeywordMain.runKeyword(WebUIKeywordMain.groovy:26)
	at com.kms.katalon.core.webui.keyword.builtin.VerifyTextPresentKeyword.verifyTextPresent(VerifyTextPresentKeyword.groovy:83)
	at com.kms.katalon.core.webui.keyword.builtin.VerifyTextPresentKeyword.execute(VerifyTextPresentKeyword.groovy:68)
	at com.kms.katalon.core.keyword.internal.KeywordExecutor.executeKeywordForPlatform(KeywordExecutor.groovy:74)
	at com.kms.katalon.core.webui.keyword.WebUiBuiltInKeywords.verifyTextPresent(WebUiBuiltInKeywords.groovy:1723)
	at com.kms.katalon.core.webui.keyword.WebUiBuiltInKeywords$verifyTextPresent$9.call(Unknown Source)
	at PBY-006.run(PBY-006:61)
	at com.kms.katalon.core.main.ScriptEngine.run(ScriptEngine.java:194)
	at com.kms.katalon.core.main.ScriptEngine.runScriptAsRawText(ScriptEngine.java:119)
	at com.kms.katalon.core.main.TestCaseExecutor.runScript(TestCaseExecutor.java:448)
	at com.kms.katalon.core.main.TestCaseExecutor.doExecute(TestCaseExecutor.java:439)
	at com.kms.katalon.core.main.TestCaseExecutor.processExecutionPhase(TestCaseExecutor.java:418)
	at com.kms.katalon.core.main.TestCaseExecutor.accessMainPhase(TestCaseExecutor.java:410)
	at com.kms.katalon.core.main.TestCaseExecutor.execute(TestCaseExecutor.java:285)
	at com.kms.katalon.core.common.CommonExecutor.accessTestCaseMainPhase(CommonExecutor.java:65)
	at com.kms.katalon.core.main.TestSuiteExecutor.accessTestSuiteMainPhase(TestSuiteExecutor.java:148)
	at com.kms.katalon.core.main.TestSuiteExecutor.execute(TestSuiteExecutor.java:106)
	at com.kms.katalon.core.main.TestCaseMain.startTestSuite(TestCaseMain.java:187)
	at com.kms.katalon.core.main.TestCaseMain$startTestSuite$0.call(Unknown Source)
	at TempTestSuite1696420804604.run(TempTestSuite1696420804604.groovy:36)
Caused by: com.kms.katalon.core.exception.StepFailedException: Text 'inputkan harus angka sesuai' is not present on page 
	at com.kms.katalon.core.webui.keyword.internal.WebUIKeywordMain.stepFailed(WebUIKeywordMain.groovy:64)
	at com.kms.katalon.core.webui.keyword.builtin.VerifyTextPresentKeyword$_verifyTextPresent_closure1.doCall(VerifyTextPresentKeyword.groovy:79)
	at com.kms.katalon.core.webui.keyword.builtin.VerifyTextPresentKeyword$_verifyTextPresent_closure1.call(VerifyTextPresentKeyword.groovy)
	at com.kms.katalon.core.webui.keyword.internal.WebUIKeywordMain.runKeyword(WebUIKeywordMain.groovy:20)
	... 19 more


2023-10-04 19:10:49 - [TEST_STEP][PASSED] - data = callTestCase(findTestCase("T13 Pembelian, Shipment dan Pembayaran/PBY-001"), [:], STOP_ON_FAILURE): Call Test Case 'Test Cases/T13 Pembelian, Shipment dan Pembayaran/PBY-001' successfully

2023-10-04 19:10:49 - [TEST_CASE][PASSED] - Test Cases/T13 Pembelian, Shipment dan Pembayaran/PBY-001: Test Cases/T13 Pembelian, Shipment dan Pembayaran/PBY-001

2023-10-04 19:10:49 - [TEST_STEP][PASSED] - data = callTestCase(findTestCase("T13 Pembelian, Shipment dan Pembayaran/PBL-004"), ["Kurir":"Roda 2"], STOP_ON_FAILURE): Call Test Case 'Test Cases/T13 Pembelian, Shipment dan Pembayaran/PBL-004' successfully

2023-10-04 19:10:49 - [TEST_CASE][PASSED] - Test Cases/T13 Pembelian, Shipment dan Pembayaran/PBL-004: Test Cases/T13 Pembelian, Shipment dan Pembayaran/PBL-004

2023-10-04 19:10:49 - [TEST_STEP][PASSED] - data = callTestCase(findTestCase("T13 Pembelian, Shipment dan Pembayaran/PBL-002"), [:], STOP_ON_FAILURE): Call Test Case 'Test Cases/T13 Pembelian, Shipment dan Pembayaran/PBL-002' successfully

2023-10-04 19:10:49 - [TEST_CASE][PASSED] - Test Cases/T13 Pembelian, Shipment dan Pembayaran/PBL-002: Test Cases/T13 Pembelian, Shipment dan Pembayaran/PBL-002

2023-10-04 19:10:49 - [TEST_STEP][PASSED] - data = callTestCase(findTestCase("T13 Pembelian, Shipment dan Pembayaran/PBL-001"), [:], STOP_ON_FAILURE): Call Test Case 'Test Cases/T13 Pembelian, Shipment dan Pembayaran/PBL-001' successfully

2023-10-04 19:10:49 - [TEST_CASE][PASSED] - Test Cases/T13 Pembelian, Shipment dan Pembayaran/PBL-001: Test Cases/T13 Pembelian, Shipment dan Pembayaran/PBL-001

2023-10-04 19:10:49 - [TEST_STEP][PASSED] - callTestCase(findTestCase("T13 Pembelian, Shipment dan Pembayaran/LU-001"), ["username":"irfanafandi", "password":"12345irfan"], STOP_ON_FAILURE): Call Test Case 'Test Cases/T13 Pembelian, Shipment dan Pembayaran/LU-001' successfully

2023-10-04 19:10:50 - [TEST_CASE][PASSED] - Test Cases/T13 Pembelian, Shipment dan Pembayaran/LU-001: Test Cases/T13 Pembelian, Shipment dan Pembayaran/LU-001

2023-10-04 19:10:50 - [TEST_STEP][PASSED] - openBrowser("https://10.9.2.63/ecommerce/"): Browser is opened with url: 'https://10.9.2.63/ecommerce/'

2023-10-04 19:10:50 - [MESSAGE][WARNING] - A browser is already opened. Closing browser and opening a new one

2023-10-04 19:10:52 - [MESSAGE][INFO] - Starting 'Firefox' driver

2023-10-04 19:10:52 - [MESSAGE][INFO] - User set preference: ['args', '[--disable-notifications]']

2023-10-04 19:10:52 - [MESSAGE][INFO] - Action delay is set to 0 milliseconds

2023-10-04 19:10:56 - [MESSAGE][PASSED] - Browser is opened with url: 'https://10.9.2.63/ecommerce/'

2023-10-04 19:10:56 - [TEST_STEP][PASSED] - maximizeWindow(): Current window maximized

2023-10-04 19:10:56 - [MESSAGE][PASSED] - Current window maximized

2023-10-04 19:10:56 - [TEST_STEP][PASSED] - verifyElementPresent(findTestObject("Login/Home"), 0): Object 'Object Repository/Login/Home' is present

2023-10-04 19:10:56 - [MESSAGE][WARNING] - Timeout '0' is invalid. Using default page load timeout: '30'

2023-10-04 19:10:57 - [MESSAGE][PASSED] - Object 'Object Repository/Login/Home' is present

2023-10-04 19:10:57 - [TEST_STEP][PASSED] - click(findTestObject("Login/a_Login")): Object: 'Object Repository/Login/a_Login' is clicked on

2023-10-04 19:10:58 - [MESSAGE][PASSED] - Object: 'Object Repository/Login/a_Login' is clicked on

2023-10-04 19:10:58 - [TEST_STEP][PASSED] - verifyElementPresent(findTestObject("Login/Tittle Login"), 0): Object 'Object Repository/Login/Tittle Login' is present

2023-10-04 19:10:58 - [MESSAGE][WARNING] - Timeout '0' is invalid. Using default page load timeout: '30'

2023-10-04 19:10:58 - [MESSAGE][PASSED] - Object 'Object Repository/Login/Tittle Login' is present

2023-10-04 19:10:58 - [TEST_STEP][PASSED] - setText(findTestObject("Login/input_Username, Email atau No. Handphone_a"), username): Text 'irfanafandi' is set on object 'Object Repository/Login/input_Username, Email atau No. Handphone_a'

2023-10-04 19:10:59 - [MESSAGE][PASSED] - Text 'irfanafandi' is set on object 'Object Repository/Login/input_Username, Email atau No. Handphone_a'

2023-10-04 19:10:59 - [TEST_STEP][PASSED] - setText(findTestObject("Login/input_Password_b"), password): Text '12345irfan' is set on object 'Object Repository/Login/input_Password_b'

2023-10-04 19:10:59 - [MESSAGE][PASSED] - Text '12345irfan' is set on object 'Object Repository/Login/input_Password_b'

2023-10-04 19:10:59 - [TEST_STEP][PASSED] - click(findTestObject("Login/label_Ingat saya")): Object: 'Object Repository/Login/label_Ingat saya' is clicked on

2023-10-04 19:11:00 - [MESSAGE][PASSED] - Object: 'Object Repository/Login/label_Ingat saya' is clicked on

2023-10-04 19:11:00 - [TEST_STEP][PASSED] - click(findTestObject("Login/button_Masuk")): Object: 'Object Repository/Login/button_Masuk' is clicked on

2023-10-04 19:11:01 - [MESSAGE][PASSED] - Object: 'Object Repository/Login/button_Masuk' is clicked on

2023-10-04 19:11:01 - [TEST_STEP][PASSED] - verifyElementPresent(findTestObject("Login/li_Profile"), 0): Object 'Object Repository/Login/li_Profile' is present

2023-10-04 19:11:01 - [MESSAGE][WARNING] - Timeout '0' is invalid. Using default page load timeout: '30'

2023-10-04 19:11:01 - [MESSAGE][PASSED] - Object 'Object Repository/Login/li_Profile' is present

2023-10-04 19:11:01 - [MESSAGE][PASSED] - Call Test Case 'Test Cases/T13 Pembelian, Shipment dan Pembayaran/LU-001' successfully

2023-10-04 19:11:01 - [TEST_STEP][PASSED] - mouseOver(findTestObject("beli barang/i_Mulai Belanja_icon-menu")): Object: 'Object Repository/beli barang/i_Mulai Belanja_icon-menu' is hovered

2023-10-04 19:11:02 - [MESSAGE][PASSED] - Object: 'Object Repository/beli barang/i_Mulai Belanja_icon-menu' is hovered

2023-10-04 19:11:02 - [TEST_STEP][PASSED] - click(findTestObject("beli barang/a_Fashion  Busana Wanita")): Object: 'Object Repository/beli barang/a_Fashion  Busana Wanita' is clicked on

2023-10-04 19:11:03 - [MESSAGE][PASSED] - Object: 'Object Repository/beli barang/a_Fashion  Busana Wanita' is clicked on

2023-10-04 19:11:03 - [TEST_STEP][PASSED] - NamaSebelum = getText(findTestObject("verifikasi/Nama sebelum")): Text of object 'Object Repository/verifikasi/Nama sebelum' is: ''

2023-10-04 19:11:04 - [MESSAGE][PASSED] - Text of object 'Object Repository/verifikasi/Nama sebelum' is: ''

2023-10-04 19:11:04 - [TEST_STEP][PASSED] - HargaSebelum = getText(findTestObject("verifikasi/Harga sebelum")): Text of object 'Object Repository/verifikasi/Harga sebelum' is: 'Rp 1,299'

2023-10-04 19:11:04 - [MESSAGE][PASSED] - Text of object 'Object Repository/verifikasi/Harga sebelum' is: 'Rp 1,299'

2023-10-04 19:11:04 - [TEST_STEP][PASSED] - mouseOver(findTestObject("beli barang/barang mouse over")): Object: 'Object Repository/beli barang/barang mouse over' is hovered

2023-10-04 19:11:05 - [MESSAGE][PASSED] - Object: 'Object Repository/beli barang/barang mouse over' is hovered

2023-10-04 19:11:05 - [TEST_STEP][PASSED] - click(findTestObject("beli barang/buttom add to cart")): Object: 'Object Repository/beli barang/buttom add to cart' is clicked on

2023-10-04 19:11:06 - [MESSAGE][PASSED] - Object: 'Object Repository/beli barang/buttom add to cart' is clicked on

2023-10-04 19:11:06 - [TEST_STEP][PASSED] - NamaSesudah = getText(findTestObject("verifikasi/Nama sesudah")): Text of object 'Object Repository/verifikasi/Nama sesudah' is: 'Segitiga Instan Madeira - MDB5.3 Sunset'

2023-10-04 19:11:07 - [MESSAGE][PASSED] - Text of object 'Object Repository/verifikasi/Nama sesudah' is: 'Segitiga Instan Madeira - MDB5.3 Sunset'

2023-10-04 19:11:07 - [TEST_STEP][PASSED] - HargaSesudah = getText(findTestObject("verifikasi/Harga sesudah")): Text of object 'Object Repository/verifikasi/Harga sesudah' is: 'Rp 1,299'

2023-10-04 19:11:07 - [MESSAGE][PASSED] - Text of object 'Object Repository/verifikasi/Harga sesudah' is: 'Rp 1,299'

2023-10-04 19:11:07 - [TEST_STEP][PASSED] - assert NamaSesudah.contains(NamaSebelum): null

2023-10-04 19:11:07 - [TEST_STEP][PASSED] - assert HargaSesudah.contains(HargaSebelum): null

2023-10-04 19:11:07 - [TEST_STEP][PASSED] - click(findTestObject("beli barang/Tambah Keranjang busana wanita")): Object: 'Object Repository/beli barang/Tambah Keranjang busana wanita' is clicked on

2023-10-04 19:11:08 - [MESSAGE][PASSED] - Object: 'Object Repository/beli barang/Tambah Keranjang busana wanita' is clicked on

2023-10-04 19:11:08 - [TEST_STEP][PASSED] - verifyElementPresent(findTestObject("checkout/Notifikasi keranjang"), 1): Object 'Object Repository/checkout/Notifikasi keranjang' is present

2023-10-04 19:11:09 - [MESSAGE][PASSED] - Object 'Object Repository/checkout/Notifikasi keranjang' is present

2023-10-04 19:11:09 - [TEST_STEP][PASSED] - data = new java.util.HashMap(): null

2023-10-04 19:11:09 - [TEST_STEP][PASSED] - data.put("nama_barang", NamaSesudah): null

2023-10-04 19:11:09 - [TEST_STEP][PASSED] - data.put("price_barang", HargaSesudah): null

2023-10-04 19:11:09 - [TEST_STEP][PASSED] - return data: null

2023-10-04 19:11:09 - [MESSAGE][PASSED] - Call Test Case 'Test Cases/T13 Pembelian, Shipment dan Pembayaran/PBL-001' successfully

2023-10-04 19:11:09 - [TEST_STEP][PASSED] - mouseOver(findTestObject("beli barang/keranjang")): Object: 'Object Repository/beli barang/keranjang' is hovered

2023-10-04 19:11:09 - [MESSAGE][PASSED] - Object: 'Object Repository/beli barang/keranjang' is hovered

2023-10-04 19:11:09 - [TEST_STEP][PASSED] - click(findTestObject("beli barang/Lihat Sekarang")): Object: 'Object Repository/beli barang/Lihat Sekarang' is clicked on

2023-10-04 19:11:10 - [MESSAGE][PASSED] - Object: 'Object Repository/beli barang/Lihat Sekarang' is clicked on

2023-10-04 19:11:10 - [TEST_STEP][PASSED] - verifyElementPresent(findTestObject("keranjang/li_Keranjang Belanja"), 0): Object 'Object Repository/keranjang/li_Keranjang Belanja' is present

2023-10-04 19:11:10 - [MESSAGE][WARNING] - Timeout '0' is invalid. Using default page load timeout: '30'

2023-10-04 19:11:11 - [MESSAGE][PASSED] - Object 'Object Repository/keranjang/li_Keranjang Belanja' is present

2023-10-04 19:11:11 - [TEST_STEP][PASSED] - NamaKeranjang = getText(findTestObject("verifikasi/Nama keranjang")): Text of object 'Object Repository/verifikasi/Nama keranjang' is: 'Segitiga Instan Madeira - MDB5.3 Sunset'

2023-10-04 19:11:11 - [MESSAGE][PASSED] - Text of object 'Object Repository/verifikasi/Nama keranjang' is: 'Segitiga Instan Madeira - MDB5.3 Sunset'

2023-10-04 19:11:11 - [TEST_STEP][PASSED] - HargaKeranjang = getText(findTestObject("verifikasi/Harga Keranjang")): Text of object 'Object Repository/verifikasi/Harga Keranjang' is: 'Rp 1,299'

2023-10-04 19:11:12 - [MESSAGE][PASSED] - Text of object 'Object Repository/verifikasi/Harga Keranjang' is: 'Rp 1,299'

2023-10-04 19:11:12 - [TEST_STEP][PASSED] - if (toString().equalsIgnoreCase("Merah")): Object 'Object Repository/keranjang/input_Warna_variasi101' is checked

2023-10-04 19:11:12 - [TEST_STEP][PASSED] - check(findTestObject("Object Repository/keranjang/input_Warna_variasi101")): Object 'Object Repository/keranjang/input_Warna_variasi101' is checked

2023-10-04 19:11:12 - [MESSAGE][PASSED] - Object 'Object Repository/keranjang/input_Warna_variasi101' is checked

2023-10-04 19:11:12 - [TEST_STEP][PASSED] - if (toString().equalsIgnoreCase("Menengah")): Object 'Object Repository/keranjang/input_Ukuran_variasi201' is checked

2023-10-04 19:11:12 - [TEST_STEP][PASSED] - check(findTestObject("Object Repository/keranjang/input_Ukuran_variasi201")): Object 'Object Repository/keranjang/input_Ukuran_variasi201' is checked

2023-10-04 19:11:13 - [MESSAGE][PASSED] - Object 'Object Repository/keranjang/input_Ukuran_variasi201' is checked

2023-10-04 19:11:13 - [TEST_STEP][PASSED] - data.put("Warna", warna): null

2023-10-04 19:11:13 - [TEST_STEP][PASSED] - data.put("Ukuran", ukuran): null

2023-10-04 19:11:13 - [TEST_STEP][PASSED] - click(findTestObject("keranjang/button_Lanjut ke Pembayaran")): Object: 'Object Repository/keranjang/button_Lanjut ke Pembayaran' is clicked on

2023-10-04 19:11:14 - [MESSAGE][PASSED] - Object: 'Object Repository/keranjang/button_Lanjut ke Pembayaran' is clicked on

2023-10-04 19:11:14 - [TEST_STEP][PASSED] - verifyElementPresent(findTestObject("checkout/Tittle Checkout Order"), 0): Object 'Object Repository/checkout/Tittle Checkout Order' is present

2023-10-04 19:11:14 - [MESSAGE][WARNING] - Timeout '0' is invalid. Using default page load timeout: '30'

2023-10-04 19:11:15 - [MESSAGE][PASSED] - Object 'Object Repository/checkout/Tittle Checkout Order' is present

2023-10-04 19:11:15 - [TEST_STEP][PASSED] - name_product = data.get("nama_barang"): null

2023-10-04 19:11:15 - [TEST_STEP][PASSED] - price_product = data.get("price_barang"): null

2023-10-04 19:11:15 - [TEST_STEP][PASSED] - assert name_product == NamaKeranjang: null

2023-10-04 19:11:15 - [TEST_STEP][PASSED] - assert price_product == HargaKeranjang: null

2023-10-04 19:11:15 - [TEST_STEP][PASSED] - return data: null

2023-10-04 19:11:15 - [MESSAGE][PASSED] - Call Test Case 'Test Cases/T13 Pembelian, Shipment dan Pembayaran/PBL-002' successfully

2023-10-04 19:11:15 - [TEST_STEP][PASSED] - warnaa = getText(findTestObject("verifikasi/warna Merah")): Text of object 'Object Repository/verifikasi/warna Merah' is: 'Merah'

2023-10-04 19:11:15 - [MESSAGE][PASSED] - Text of object 'Object Repository/verifikasi/warna Merah' is: 'Merah'

2023-10-04 19:11:15 - [TEST_STEP][PASSED] - ukurann = getText(findTestObject("verifikasi/Ukuran Menengah")): Text of object 'Object Repository/verifikasi/Ukuran Menengah' is: 'Menengah'

2023-10-04 19:11:16 - [MESSAGE][PASSED] - Text of object 'Object Repository/verifikasi/Ukuran Menengah' is: 'Menengah'

2023-10-04 19:11:16 - [TEST_STEP][PASSED] - warna1 = data.get("Warna"): null

2023-10-04 19:11:16 - [TEST_STEP][PASSED] - ukuran1 = data.get("Ukuran"): null

2023-10-04 19:11:16 - [TEST_STEP][PASSED] - assert warnaa == warna1: null

2023-10-04 19:11:16 - [TEST_STEP][PASSED] - assert ukurann == ukuran1: null

2023-10-04 19:11:16 - [TEST_STEP][PASSED] - NamaCheckout = getText(findTestObject("verifikasi/NamaCheckout")): Text of object 'Object Repository/verifikasi/NamaCheckout' is: ''

2023-10-04 19:11:16 - [MESSAGE][PASSED] - Text of object 'Object Repository/verifikasi/NamaCheckout' is: ''

2023-10-04 19:11:16 - [TEST_STEP][PASSED] - HargaCheckout = getText(findTestObject("verifikasi/HargaCheckout")): Text of object 'Object Repository/verifikasi/HargaCheckout' is: '1,299'

2023-10-04 19:11:16 - [MESSAGE][PASSED] - Text of object 'Object Repository/verifikasi/HargaCheckout' is: '1,299'

2023-10-04 19:11:16 - [TEST_STEP][PASSED] - name_product = data.get("nama_barang"): null

2023-10-04 19:11:16 - [TEST_STEP][PASSED] - price_product = data.get("price_barang"): null

2023-10-04 19:11:16 - [TEST_STEP][PASSED] - assert name_product.contains(NamaCheckout): null

2023-10-04 19:11:16 - [TEST_STEP][PASSED] - assert price_product.contains(HargaCheckout): null

2023-10-04 19:11:16 - [TEST_STEP][PASSED] - selectOptionByLabel(findTestObject("checkout/select - Kirim via Kurir Lokal"), Kurir, false): All options with label 'Roda 2' are selected in object 'Object Repository/checkout/select - Kirim via Kurir Lokal' 

2023-10-04 19:11:17 - [MESSAGE][PASSED] - All options with label 'Roda 2' are selected in object 'Object Repository/checkout/select - Kirim via Kurir Lokal' 

2023-10-04 19:11:17 - [TEST_STEP][PASSED] - click(findTestObject("checkout/Kendaraan Kurir")): Object: 'Object Repository/checkout/Kendaraan Kurir' is clicked on

2023-10-04 19:11:18 - [MESSAGE][PASSED] - Object: 'Object Repository/checkout/Kendaraan Kurir' is clicked on

2023-10-04 19:11:18 - [TEST_STEP][PASSED] - OngkosKirim = getText(findTestObject("Object Repository/verifikasi/Ongkos Kirim checkout")): Text of object 'Object Repository/verifikasi/Ongkos Kirim checkout' is: 'Rp. 5,000'

2023-10-04 19:11:18 - [MESSAGE][PASSED] - Text of object 'Object Repository/verifikasi/Ongkos Kirim checkout' is: 'Rp. 5,000'

2023-10-04 19:11:18 - [TEST_STEP][PASSED] - Ongkos = OngkosKirim.substring(3, OngkosKirim.size()): null

2023-10-04 19:11:18 - [TEST_STEP][PASSED] - rep = Ongkos.replace(",", "."): null

2023-10-04 19:11:18 - [TEST_STEP][PASSED] - Ongkos_kirim = Double.parseDouble(rep): null

2023-10-04 19:11:18 - [TEST_STEP][PASSED] - println(Ongkos_kirim): null

2023-10-04 19:11:18 - [TEST_STEP][PASSED] - FeeAdmin = getText(findTestObject("verifikasi/Fee Admin checkout")): Text of object 'Object Repository/verifikasi/Fee Admin checkout' is: 'Fee Admin
Rp 1,500'

2023-10-04 19:11:19 - [MESSAGE][PASSED] - Text of object 'Object Repository/verifikasi/Fee Admin checkout' is: 'Fee Admin
Rp 1,500'

2023-10-04 19:11:19 - [TEST_STEP][PASSED] - Fee_Admin = FeeAdmin.substring(12, FeeAdmin.size()): null

2023-10-04 19:11:19 - [TEST_STEP][PASSED] - fee = Fee_Admin.replace(",", "."): null

2023-10-04 19:11:19 - [TEST_STEP][PASSED] - fee_admin = Double.parseDouble(fee): null

2023-10-04 19:11:19 - [TEST_STEP][PASSED] - println(fee_admin): null

2023-10-04 19:11:19 - [TEST_STEP][PASSED] - Subtotal = getText(findTestObject("verifikasi/subtotal checkout")): Text of object 'Object Repository/verifikasi/subtotal checkout' is: 'Subtotal
Rp 1,299'

2023-10-04 19:11:19 - [MESSAGE][PASSED] - Text of object 'Object Repository/verifikasi/subtotal checkout' is: 'Subtotal
Rp 1,299'

2023-10-04 19:11:19 - [TEST_STEP][PASSED] - sub_total = Subtotal.substring(12, Subtotal.size()): null

2023-10-04 19:11:19 - [TEST_STEP][PASSED] - sub = sub_total.replace(",", "."): null

2023-10-04 19:11:19 - [TEST_STEP][PASSED] - sub_total = Double.parseDouble(sub): null

2023-10-04 19:11:19 - [TEST_STEP][PASSED] - println(sub_total): null

2023-10-04 19:11:19 - [TEST_STEP][PASSED] - Total = getText(findTestObject("verifikasi/Total checkout")): Text of object 'Object Repository/verifikasi/Total checkout' is: 'Rp 7,799'

2023-10-04 19:11:20 - [MESSAGE][PASSED] - Text of object 'Object Repository/verifikasi/Total checkout' is: 'Rp 7,799'

2023-10-04 19:11:20 - [TEST_STEP][PASSED] - totall = Total.substring(3, Total.size()): null

2023-10-04 19:11:20 - [TEST_STEP][PASSED] - total = totall.replace(",", "."): null

2023-10-04 19:11:20 - [TEST_STEP][PASSED] - totall = Double.parseDouble(total): null

2023-10-04 19:11:20 - [TEST_STEP][PASSED] - println(totall): null

2023-10-04 19:11:20 - [TEST_STEP][PASSED] - Total_Harga = Ongkos_kirim + fee_admin + sub_total: null

2023-10-04 19:11:20 - [TEST_STEP][PASSED] - println(Total_Harga): null

2023-10-04 19:11:20 - [TEST_STEP][PASSED] - TotalHarga = Math.round(Total_Harga * 1000) / 1000: null

2023-10-04 19:11:20 - [TEST_STEP][PASSED] - println(TotalHarga): null

2023-10-04 19:11:20 - [TEST_STEP][PASSED] - assert totall == TotalHarga: null

2023-10-04 19:11:20 - [TEST_STEP][PASSED] - click(findTestObject("verifikasi/Metode Transfer")): Object: 'Object Repository/verifikasi/Metode Transfer' is clicked on

2023-10-04 19:11:20 - [MESSAGE][PASSED] - Object: 'Object Repository/verifikasi/Metode Transfer' is clicked on

2023-10-04 19:11:20 - [TEST_STEP][PASSED] - click(findTestObject("checkout/button_Proses Pembayaran")): Object: 'Object Repository/checkout/button_Proses Pembayaran' is clicked on

2023-10-04 19:11:26 - [MESSAGE][PASSED] - Object: 'Object Repository/checkout/button_Proses Pembayaran' is clicked on

2023-10-04 19:11:26 - [TEST_STEP][PASSED] - verifyElementPresent(findTestObject("pembayaran/Tittle nomor invoice"), 0): Object 'Object Repository/pembayaran/Tittle nomor invoice' is present

2023-10-04 19:11:26 - [MESSAGE][WARNING] - Timeout '0' is invalid. Using default page load timeout: '30'

2023-10-04 19:11:31 - [MESSAGE][PASSED] - Object 'Object Repository/pembayaran/Tittle nomor invoice' is present

2023-10-04 19:11:31 - [TEST_STEP][PASSED] - return data: null

2023-10-04 19:11:31 - [MESSAGE][PASSED] - Call Test Case 'Test Cases/T13 Pembelian, Shipment dan Pembayaran/PBL-004' successfully

2023-10-04 19:11:31 - [TEST_STEP][PASSED] - Invoice = getText(findTestObject("pembayaran/nomor invoice")): Text of object 'Object Repository/pembayaran/nomor invoice' is: 'TRX60.20231004191122'

2023-10-04 19:11:32 - [MESSAGE][PASSED] - Text of object 'Object Repository/pembayaran/nomor invoice' is: 'TRX60.20231004191122'

2023-10-04 19:11:32 - [TEST_STEP][PASSED] - data.put("invoice", Invoice): null

2023-10-04 19:11:32 - [TEST_STEP][PASSED] - NamaPemesan = getText(findTestObject("Konfirmasi pesanan shop/Nama pemesan")): Text of object 'Object Repository/Konfirmasi pesanan shop/Nama pemesan' is: 'irfan.afandi'

2023-10-04 19:11:32 - [MESSAGE][PASSED] - Text of object 'Object Repository/Konfirmasi pesanan shop/Nama pemesan' is: 'irfan.afandi'

2023-10-04 19:11:32 - [TEST_STEP][PASSED] - Nama = getText(findTestObject("pembayaran/Nama barang")): Text of object 'Object Repository/pembayaran/Nama barang' is: 'Segitiga Instan Madeira - MDB5.3 Sunset'

2023-10-04 19:11:33 - [MESSAGE][PASSED] - Text of object 'Object Repository/pembayaran/Nama barang' is: 'Segitiga Instan Madeira - MDB5.3 Sunset'

2023-10-04 19:11:33 - [TEST_STEP][PASSED] - Harga = getText(findTestObject("pembayaran/Harga barang")): Text of object 'Object Repository/pembayaran/Harga barang' is: '1,299'

2023-10-04 19:11:33 - [MESSAGE][PASSED] - Text of object 'Object Repository/pembayaran/Harga barang' is: '1,299'

2023-10-04 19:11:33 - [TEST_STEP][PASSED] - name_product = data.get("nama_barang"): null

2023-10-04 19:11:33 - [TEST_STEP][PASSED] - price_product = data.get("price_barang"): null

2023-10-04 19:11:33 - [TEST_STEP][PASSED] - assert name_product.contains(Nama): null

2023-10-04 19:11:33 - [TEST_STEP][PASSED] - assert price_product.contains(Harga): null

2023-10-04 19:11:33 - [TEST_STEP][PASSED] - warnaa = getText(findTestObject("pembayaran/warna")): Text of object 'Object Repository/pembayaran/warna' is: 'Merah'

2023-10-04 19:11:34 - [MESSAGE][PASSED] - Text of object 'Object Repository/pembayaran/warna' is: 'Merah'

2023-10-04 19:11:34 - [TEST_STEP][PASSED] - ukurann = getText(findTestObject("pembayaran/ukuran")): Text of object 'Object Repository/pembayaran/ukuran' is: 'Menengah'

2023-10-04 19:11:34 - [MESSAGE][PASSED] - Text of object 'Object Repository/pembayaran/ukuran' is: 'Menengah'

2023-10-04 19:11:34 - [TEST_STEP][PASSED] - warna1 = data.get("Warna"): null

2023-10-04 19:11:34 - [TEST_STEP][PASSED] - ukuran1 = data.get("Ukuran"): null

2023-10-04 19:11:34 - [TEST_STEP][PASSED] - assert warnaa == warna1: null

2023-10-04 19:11:34 - [TEST_STEP][PASSED] - assert ukurann == ukuran1: null

2023-10-04 19:11:34 - [TEST_STEP][PASSED] - statusPembelian = getText(findTestObject("verifikasi/Status pending di pembelian")): Text of object 'Object Repository/verifikasi/Status pending di pembelian' is: 'Pending'

2023-10-04 19:11:35 - [MESSAGE][PASSED] - Text of object 'Object Repository/verifikasi/Status pending di pembelian' is: 'Pending'

2023-10-04 19:11:35 - [TEST_STEP][PASSED] - data.put("statusPem", statusPembelian): null

2023-10-04 19:11:35 - [TEST_STEP][PASSED] - OngkosKirim = getText(findTestObject("pembayaran/ongkos kirim")): Text of object 'Object Repository/pembayaran/ongkos kirim' is: 'Rp 5,000'

2023-10-04 19:11:36 - [MESSAGE][PASSED] - Text of object 'Object Repository/pembayaran/ongkos kirim' is: 'Rp 5,000'

2023-10-04 19:11:36 - [TEST_STEP][PASSED] - Ongkos = OngkosKirim.substring(3, OngkosKirim.size()): null

2023-10-04 19:11:36 - [TEST_STEP][PASSED] - rep = Ongkos.replace(",", ""): null

2023-10-04 19:11:36 - [TEST_STEP][PASSED] - Ongkos_kirimm = Integer.parseInt(rep): null

2023-10-04 19:11:36 - [TEST_STEP][PASSED] - println(Ongkos_kirimm): null

2023-10-04 19:11:36 - [TEST_STEP][PASSED] - FeeAdmin = getText(findTestObject("pembayaran/fee admin")): Text of object 'Object Repository/pembayaran/fee admin' is: 'Rp 1,500'

2023-10-04 19:11:36 - [MESSAGE][PASSED] - Text of object 'Object Repository/pembayaran/fee admin' is: 'Rp 1,500'

2023-10-04 19:11:36 - [TEST_STEP][PASSED] - Fee_Admin = FeeAdmin.substring(3, FeeAdmin.size()): null

2023-10-04 19:11:36 - [TEST_STEP][PASSED] - fee = Fee_Admin.replace(",", ""): null

2023-10-04 19:11:36 - [TEST_STEP][PASSED] - fee_adminn = Integer.parseInt(fee): null

2023-10-04 19:11:36 - [TEST_STEP][PASSED] - println(fee_adminn): null

2023-10-04 19:11:36 - [TEST_STEP][PASSED] - Subtotal = getText(findTestObject("pembayaran/subtotal")): Text of object 'Object Repository/pembayaran/subtotal' is: 'Rp 1,299'

2023-10-04 19:11:37 - [MESSAGE][PASSED] - Text of object 'Object Repository/pembayaran/subtotal' is: 'Rp 1,299'

2023-10-04 19:11:37 - [TEST_STEP][PASSED] - sub_total = Subtotal.substring(3, Subtotal.size()): null

2023-10-04 19:11:37 - [TEST_STEP][PASSED] - sub = sub_total.replace(",", ""): null

2023-10-04 19:11:37 - [TEST_STEP][PASSED] - sub_totall = Integer.parseInt(sub): null

2023-10-04 19:11:37 - [TEST_STEP][PASSED] - println(sub_totall): null

2023-10-04 19:11:37 - [TEST_STEP][PASSED] - unik = getText(findTestObject("pembayaran/kode unik")): Text of object 'Object Repository/pembayaran/kode unik' is: '+122'

2023-10-04 19:11:37 - [MESSAGE][PASSED] - Text of object 'Object Repository/pembayaran/kode unik' is: '+122'

2023-10-04 19:11:37 - [TEST_STEP][PASSED] - unikk = unik.replace("+", ""): null

2023-10-04 19:11:37 - [TEST_STEP][PASSED] - kode_unik = Integer.parseInt(unikk): null

2023-10-04 19:11:37 - [TEST_STEP][PASSED] - println(kode_unik): null

2023-10-04 19:11:37 - [TEST_STEP][PASSED] - Total = getText(findTestObject("pembayaran/total")): Text of object 'Object Repository/pembayaran/total' is: '7,921'

2023-10-04 19:11:38 - [MESSAGE][PASSED] - Text of object 'Object Repository/pembayaran/total' is: '7,921'

2023-10-04 19:11:38 - [TEST_STEP][PASSED] - total = Total.replace(",", ""): null

2023-10-04 19:11:38 - [TEST_STEP][PASSED] - totalll = Integer.parseInt(total): null

2023-10-04 19:11:38 - [TEST_STEP][PASSED] - println(totalll): null

2023-10-04 19:11:38 - [TEST_STEP][PASSED] - Total_Hargaa = Ongkos_kirimm + fee_adminn + sub_totall + kode_unik: null

2023-10-04 19:11:38 - [TEST_STEP][PASSED] - println(Total_Hargaa): null

2023-10-04 19:11:38 - [TEST_STEP][PASSED] - assert totalll == Total_Hargaa: null

2023-10-04 19:11:38 - [TEST_STEP][PASSED] - data.put("total", Total): null

2023-10-04 19:11:38 - [TEST_STEP][PASSED] - data.put("nama", NamaPemesan): null

2023-10-04 19:11:38 - [TEST_STEP][PASSED] - return data: null

2023-10-04 19:11:38 - [MESSAGE][PASSED] - Call Test Case 'Test Cases/T13 Pembelian, Shipment dan Pembayaran/PBY-001' successfully

2023-10-04 19:11:38 - [TEST_STEP][PASSED] - inv = data.get("invoice"): null

2023-10-04 19:11:38 - [TEST_STEP][PASSED] - Total = data.get("total"): null

2023-10-04 19:11:38 - [TEST_STEP][PASSED] - NamaPemesan = data.get("nama"): null

2023-10-04 19:11:38 - [TEST_STEP][PASSED] - click(findTestObject("Konfirmasi pesanan shop/Menu Shop")): Object: 'Object Repository/Konfirmasi pesanan shop/Menu Shop' is clicked on

2023-10-04 19:11:39 - [MESSAGE][PASSED] - Object: 'Object Repository/Konfirmasi pesanan shop/Menu Shop' is clicked on

2023-10-04 19:11:39 - [TEST_STEP][PASSED] - click(findTestObject("Konfirmasi pesanan shop/Menu Shop")): Object: 'Object Repository/Konfirmasi pesanan shop/Menu Shop' is clicked on

2023-10-04 19:11:41 - [MESSAGE][PASSED] - Object: 'Object Repository/Konfirmasi pesanan shop/Menu Shop' is clicked on

2023-10-04 19:11:41 - [TEST_STEP][PASSED] - click(findTestObject("Konfirmasi pesanan shop/Konfirmasi Orders")): Object: 'Object Repository/Konfirmasi pesanan shop/Konfirmasi Orders' is clicked on

2023-10-04 19:11:42 - [MESSAGE][PASSED] - Object: 'Object Repository/Konfirmasi pesanan shop/Konfirmasi Orders' is clicked on

2023-10-04 19:11:42 - [TEST_STEP][PASSED] - verifyElementPresent(findTestObject("Konfirmasi pesanan shop/Tittle Konfirmasi Pesanan"), 0): Object 'Object Repository/Konfirmasi pesanan shop/Tittle Konfirmasi Pesanan' is present

2023-10-04 19:11:42 - [MESSAGE][WARNING] - Timeout '0' is invalid. Using default page load timeout: '30'

2023-10-04 19:11:42 - [MESSAGE][PASSED] - Object 'Object Repository/Konfirmasi pesanan shop/Tittle Konfirmasi Pesanan' is present

2023-10-04 19:11:42 - [TEST_STEP][PASSED] - setText(findTestObject("Konfirmasi pesanan shop/input_No Pesanan"), inv): Text 'TRX60.20231004191122' is set on object 'Object Repository/Konfirmasi pesanan shop/input_No Pesanan'

2023-10-04 19:11:43 - [MESSAGE][PASSED] - Text 'TRX60.20231004191122' is set on object 'Object Repository/Konfirmasi pesanan shop/input_No Pesanan'

2023-10-04 19:11:43 - [TEST_STEP][PASSED] - setText(findTestObject("Konfirmasi pesanan shop/input_Alamat E-mai"), "irfan@gmail.com"): Text 'irfan@gmail.com' is set on object 'Object Repository/Konfirmasi pesanan shop/input_Alamat E-mai'

2023-10-04 19:11:44 - [MESSAGE][PASSED] - Text 'irfan@gmail.com' is set on object 'Object Repository/Konfirmasi pesanan shop/input_Alamat E-mai'

2023-10-04 19:11:44 - [TEST_STEP][PASSED] - click(findTestObject("Konfirmasi pesanan shop/button_Submit")): Object: 'Object Repository/Konfirmasi pesanan shop/button_Submit' is clicked on

2023-10-04 19:11:45 - [MESSAGE][PASSED] - Object: 'Object Repository/Konfirmasi pesanan shop/button_Submit' is clicked on

2023-10-04 19:11:45 - [TEST_STEP][PASSED] - verifyElementPresent(findTestObject("Konfirmasi pesanan shop/Tittle nomor invoice"), 0): Object 'Object Repository/Konfirmasi pesanan shop/Tittle nomor invoice' is present

2023-10-04 19:11:45 - [MESSAGE][WARNING] - Timeout '0' is invalid. Using default page load timeout: '30'

2023-10-04 19:11:46 - [MESSAGE][PASSED] - Object 'Object Repository/Konfirmasi pesanan shop/Tittle nomor invoice' is present

2023-10-04 19:11:46 - [TEST_STEP][PASSED] - clearText(findTestObject("Konfirmasi pesanan shop/input_Total TagihanTransfer_b"), STOP_ON_FAILURE): Text of object 'Object Repository/Konfirmasi pesanan shop/input_Total TagihanTransfer_b' is cleared

2023-10-04 19:11:46 - [MESSAGE][PASSED] - Text of object 'Object Repository/Konfirmasi pesanan shop/input_Total TagihanTransfer_b' is cleared

2023-10-04 19:11:46 - [TEST_STEP][PASSED] - setText(findTestObject("Konfirmasi pesanan shop/input_Total TagihanTransfer_b"), "-1"): Text '-1' is set on object 'Object Repository/Konfirmasi pesanan shop/input_Total TagihanTransfer_b'

2023-10-04 19:11:47 - [MESSAGE][PASSED] - Text '-1' is set on object 'Object Repository/Konfirmasi pesanan shop/input_Total TagihanTransfer_b'

2023-10-04 19:11:47 - [TEST_STEP][PASSED] - selectOptionByValue(findTestObject("Konfirmasi pesanan shop/select_Bank"), "4", false): All options with value '4' are selected in object 'Object Repository/Konfirmasi pesanan shop/select_Bank' 

2023-10-04 19:11:47 - [MESSAGE][PASSED] - All options with value '4' are selected in object 'Object Repository/Konfirmasi pesanan shop/select_Bank' 

2023-10-04 19:11:47 - [TEST_STEP][PASSED] - setText(findTestObject("Konfirmasi pesanan shop/input_Nama Pengirim_d"), NamaPemesan): Text 'irfan.afandi' is set on object 'Object Repository/Konfirmasi pesanan shop/input_Nama Pengirim_d'

2023-10-04 19:11:48 - [MESSAGE][PASSED] - Text 'irfan.afandi' is set on object 'Object Repository/Konfirmasi pesanan shop/input_Nama Pengirim_d'

2023-10-04 19:11:48 - [TEST_STEP][PASSED] - uploadFile(findTestObject("Konfirmasi pesanan shop/input_Upload Bukti Transfer_f"), "C:\Users\IRFAN\Downloads\Berkas2.pdf"): File 'C:\Users\IRFAN\Downloads\Berkas2.pdf' sent to object: 'Object Repository/Konfirmasi pesanan shop/input_Upload Bukti Transfer_f'

2023-10-04 19:11:48 - [MESSAGE][PASSED] - File 'C:\Users\IRFAN\Downloads\Berkas2.pdf' sent to object: 'Object Repository/Konfirmasi pesanan shop/input_Upload Bukti Transfer_f'

2023-10-04 19:11:48 - [TEST_STEP][PASSED] - click(findTestObject("Konfirmasi pesanan shop/button_Konfirmasi Pembayaran")): Object: 'Object Repository/Konfirmasi pesanan shop/button_Konfirmasi Pembayaran' is clicked on

2023-10-04 19:11:49 - [MESSAGE][PASSED] - Object: 'Object Repository/Konfirmasi pesanan shop/button_Konfirmasi Pembayaran' is clicked on

2023-10-04 19:11:49 - [TEST_STEP][FAILED] - verifyTextPresent("inputkan harus angka sesuai", false): Unable to verify text 'inputkan harus angka sesuai' is present  (Root cause: com.kms.katalon.core.exception.StepFailedException: Unable to verify text 'inputkan harus angka sesuai' is present 
	at com.kms.katalon.core.webui.keyword.internal.WebUIKeywordMain.stepFailed(WebUIKeywordMain.groovy:64)
	at com.kms.katalon.core.webui.keyword.internal.WebUIKeywordMain.runKeyword(WebUIKeywordMain.groovy:26)
	at com.kms.katalon.core.webui.keyword.builtin.VerifyTextPresentKeyword.verifyTextPresent(VerifyTextPresentKeyword.groovy:83)
	at com.kms.katalon.core.webui.keyword.builtin.VerifyTextPresentKeyword.execute(VerifyTextPresentKeyword.groovy:68)
	at com.kms.katalon.core.keyword.internal.KeywordExecutor.executeKeywordForPlatform(KeywordExecutor.groovy:74)
	at com.kms.katalon.core.webui.keyword.WebUiBuiltInKeywords.verifyTextPresent(WebUiBuiltInKeywords.groovy:1723)
	at com.kms.katalon.core.webui.keyword.WebUiBuiltInKeywords$verifyTextPresent$9.call(Unknown Source)
	at PBY-006.run(PBY-006:61)
	at com.kms.katalon.core.main.ScriptEngine.run(ScriptEngine.java:194)
	at com.kms.katalon.core.main.ScriptEngine.runScriptAsRawText(ScriptEngine.java:119)
	at com.kms.katalon.core.main.TestCaseExecutor.runScript(TestCaseExecutor.java:448)
	at com.kms.katalon.core.main.TestCaseExecutor.doExecute(TestCaseExecutor.java:439)
	at com.kms.katalon.core.main.TestCaseExecutor.processExecutionPhase(TestCaseExecutor.java:418)
	at com.kms.katalon.core.main.TestCaseExecutor.accessMainPhase(TestCaseExecutor.java:410)
	at com.kms.katalon.core.main.TestCaseExecutor.execute(TestCaseExecutor.java:285)
	at com.kms.katalon.core.common.CommonExecutor.accessTestCaseMainPhase(CommonExecutor.java:65)
	at com.kms.katalon.core.main.TestSuiteExecutor.accessTestSuiteMainPhase(TestSuiteExecutor.java:148)
	at com.kms.katalon.core.main.TestSuiteExecutor.execute(TestSuiteExecutor.java:106)
	at com.kms.katalon.core.main.TestCaseMain.startTestSuite(TestCaseMain.java:187)
	at com.kms.katalon.core.main.TestCaseMain$startTestSuite$0.call(Unknown Source)
	at TempTestSuite1696420804604.run(TempTestSuite1696420804604.groovy:36)
Caused by: com.kms.katalon.core.exception.StepFailedException: Text 'inputkan harus angka sesuai' is not present on page 
	at com.kms.katalon.core.webui.keyword.internal.WebUIKeywordMain.stepFailed(WebUIKeywordMain.groovy:64)
	at com.kms.katalon.core.webui.keyword.builtin.VerifyTextPresentKeyword$_verifyTextPresent_closure1.doCall(VerifyTextPresentKeyword.groovy:79)
	at com.kms.katalon.core.webui.keyword.builtin.VerifyTextPresentKeyword$_verifyTextPresent_closure1.call(VerifyTextPresentKeyword.groovy)
	at com.kms.katalon.core.webui.keyword.internal.WebUIKeywordMain.runKeyword(WebUIKeywordMain.groovy:20)
	... 19 more
)

2023-10-04 19:11:50 - [MESSAGE][FAILED] - Text 'inputkan harus angka sesuai' is not present on page  (Root cause: com.kms.katalon.core.exception.StepFailedException: Text 'inputkan harus angka sesuai' is not present on page 
	at com.kms.katalon.core.webui.keyword.internal.WebUIKeywordMain.stepFailed(WebUIKeywordMain.groovy:64)
	at com.kms.katalon.core.webui.keyword.builtin.VerifyTextPresentKeyword$_verifyTextPresent_closure1.doCall(VerifyTextPresentKeyword.groovy:79)
	at com.kms.katalon.core.webui.keyword.builtin.VerifyTextPresentKeyword$_verifyTextPresent_closure1.call(VerifyTextPresentKeyword.groovy)
	at com.kms.katalon.core.webui.keyword.internal.WebUIKeywordMain.runKeyword(WebUIKeywordMain.groovy:20)
	at com.kms.katalon.core.webui.keyword.builtin.VerifyTextPresentKeyword.verifyTextPresent(VerifyTextPresentKeyword.groovy:83)
	at com.kms.katalon.core.webui.keyword.builtin.VerifyTextPresentKeyword.execute(VerifyTextPresentKeyword.groovy:68)
	at com.kms.katalon.core.keyword.internal.KeywordExecutor.executeKeywordForPlatform(KeywordExecutor.groovy:74)
	at com.kms.katalon.core.webui.keyword.WebUiBuiltInKeywords.verifyTextPresent(WebUiBuiltInKeywords.groovy:1723)
	at com.kms.katalon.core.webui.keyword.WebUiBuiltInKeywords$verifyTextPresent$9.call(Unknown Source)
	at PBY-006.run(PBY-006:61)
	at com.kms.katalon.core.main.ScriptEngine.run(ScriptEngine.java:194)
	at com.kms.katalon.core.main.ScriptEngine.runScriptAsRawText(ScriptEngine.java:119)
	at com.kms.katalon.core.main.TestCaseExecutor.runScript(TestCaseExecutor.java:448)
	at com.kms.katalon.core.main.TestCaseExecutor.doExecute(TestCaseExecutor.java:439)
	at com.kms.katalon.core.main.TestCaseExecutor.processExecutionPhase(TestCaseExecutor.java:418)
	at com.kms.katalon.core.main.TestCaseExecutor.accessMainPhase(TestCaseExecutor.java:410)
	at com.kms.katalon.core.main.TestCaseExecutor.execute(TestCaseExecutor.java:285)
	at com.kms.katalon.core.common.CommonExecutor.accessTestCaseMainPhase(CommonExecutor.java:65)
	at com.kms.katalon.core.main.TestSuiteExecutor.accessTestSuiteMainPhase(TestSuiteExecutor.java:148)
	at com.kms.katalon.core.main.TestSuiteExecutor.execute(TestSuiteExecutor.java:106)
	at com.kms.katalon.core.main.TestCaseMain.startTestSuite(TestCaseMain.java:187)
	at com.kms.katalon.core.main.TestCaseMain$startTestSuite$0.call(Unknown Source)
	at TempTestSuite1696420804604.run(TempTestSuite1696420804604.groovy:36)
)

2023-10-04 19:11:50 - [MESSAGE][FAILED] - Unable to verify text 'inputkan harus angka sesuai' is present  (Root cause: com.kms.katalon.core.exception.StepFailedException: Unable to verify text 'inputkan harus angka sesuai' is present 
	at com.kms.katalon.core.webui.keyword.internal.WebUIKeywordMain.stepFailed(WebUIKeywordMain.groovy:64)
	at com.kms.katalon.core.webui.keyword.internal.WebUIKeywordMain.runKeyword(WebUIKeywordMain.groovy:26)
	at com.kms.katalon.core.webui.keyword.builtin.VerifyTextPresentKeyword.verifyTextPresent(VerifyTextPresentKeyword.groovy:83)
	at com.kms.katalon.core.webui.keyword.builtin.VerifyTextPresentKeyword.execute(VerifyTextPresentKeyword.groovy:68)
	at com.kms.katalon.core.keyword.internal.KeywordExecutor.executeKeywordForPlatform(KeywordExecutor.groovy:74)
	at com.kms.katalon.core.webui.keyword.WebUiBuiltInKeywords.verifyTextPresent(WebUiBuiltInKeywords.groovy:1723)
	at com.kms.katalon.core.webui.keyword.WebUiBuiltInKeywords$verifyTextPresent$9.call(Unknown Source)
	at PBY-006.run(PBY-006:61)
	at com.kms.katalon.core.main.ScriptEngine.run(ScriptEngine.java:194)
	at com.kms.katalon.core.main.ScriptEngine.runScriptAsRawText(ScriptEngine.java:119)
	at com.kms.katalon.core.main.TestCaseExecutor.runScript(TestCaseExecutor.java:448)
	at com.kms.katalon.core.main.TestCaseExecutor.doExecute(TestCaseExecutor.java:439)
	at com.kms.katalon.core.main.TestCaseExecutor.processExecutionPhase(TestCaseExecutor.java:418)
	at com.kms.katalon.core.main.TestCaseExecutor.accessMainPhase(TestCaseExecutor.java:410)
	at com.kms.katalon.core.main.TestCaseExecutor.execute(TestCaseExecutor.java:285)
	at com.kms.katalon.core.common.CommonExecutor.accessTestCaseMainPhase(CommonExecutor.java:65)
	at com.kms.katalon.core.main.TestSuiteExecutor.accessTestSuiteMainPhase(TestSuiteExecutor.java:148)
	at com.kms.katalon.core.main.TestSuiteExecutor.execute(TestSuiteExecutor.java:106)
	at com.kms.katalon.core.main.TestCaseMain.startTestSuite(TestCaseMain.java:187)
	at com.kms.katalon.core.main.TestCaseMain$startTestSuite$0.call(Unknown Source)
	at TempTestSuite1696420804604.run(TempTestSuite1696420804604.groovy:36)
Caused by: com.kms.katalon.core.exception.StepFailedException: Text 'inputkan harus angka sesuai' is not present on page 
	at com.kms.katalon.core.webui.keyword.internal.WebUIKeywordMain.stepFailed(WebUIKeywordMain.groovy:64)
	at com.kms.katalon.core.webui.keyword.builtin.VerifyTextPresentKeyword$_verifyTextPresent_closure1.doCall(VerifyTextPresentKeyword.groovy:79)
	at com.kms.katalon.core.webui.keyword.builtin.VerifyTextPresentKeyword$_verifyTextPresent_closure1.call(VerifyTextPresentKeyword.groovy)
	at com.kms.katalon.core.webui.keyword.internal.WebUIKeywordMain.runKeyword(WebUIKeywordMain.groovy:20)
	... 19 more
)
[[ATTACHMENT|D:\\BOOTCAMP XSIS\\Projek 2 MINI PROJEK\\Reports\\20231004_190004\\T13 Pembelian, Shipment dan Pembayaran\\T13 Pembelian, Shipment dan Pembayaran\\20231004_190004\\1696421510727.png]]]]></system-out>
         <system-err><![CDATA[2023-10-04 19:10:49 - [TEST_CASE][FAILED] - Test Cases/T13 Pembelian, Shipment dan Pembayaran/PBY-006: Test Cases/T13 Pembelian, Shipment dan Pembayaran/PBY-006 FAILED.
Reason:
com.kms.katalon.core.exception.StepFailedException: Unable to verify text 'inputkan harus angka sesuai' is present 
	at com.kms.katalon.core.webui.keyword.internal.WebUIKeywordMain.stepFailed(WebUIKeywordMain.groovy:64)
	at com.kms.katalon.core.webui.keyword.internal.WebUIKeywordMain.runKeyword(WebUIKeywordMain.groovy:26)
	at com.kms.katalon.core.webui.keyword.builtin.VerifyTextPresentKeyword.verifyTextPresent(VerifyTextPresentKeyword.groovy:83)
	at com.kms.katalon.core.webui.keyword.builtin.VerifyTextPresentKeyword.execute(VerifyTextPresentKeyword.groovy:68)
	at com.kms.katalon.core.keyword.internal.KeywordExecutor.executeKeywordForPlatform(KeywordExecutor.groovy:74)
	at com.kms.katalon.core.webui.keyword.WebUiBuiltInKeywords.verifyTextPresent(WebUiBuiltInKeywords.groovy:1723)
	at com.kms.katalon.core.webui.keyword.WebUiBuiltInKeywords$verifyTextPresent$9.call(Unknown Source)
	at PBY-006.run(PBY-006:61)
	at com.kms.katalon.core.main.ScriptEngine.run(ScriptEngine.java:194)
	at com.kms.katalon.core.main.ScriptEngine.runScriptAsRawText(ScriptEngine.java:119)
	at com.kms.katalon.core.main.TestCaseExecutor.runScript(TestCaseExecutor.java:448)
	at com.kms.katalon.core.main.TestCaseExecutor.doExecute(TestCaseExecutor.java:439)
	at com.kms.katalon.core.main.TestCaseExecutor.processExecutionPhase(TestCaseExecutor.java:418)
	at com.kms.katalon.core.main.TestCaseExecutor.accessMainPhase(TestCaseExecutor.java:410)
	at com.kms.katalon.core.main.TestCaseExecutor.execute(TestCaseExecutor.java:285)
	at com.kms.katalon.core.common.CommonExecutor.accessTestCaseMainPhase(CommonExecutor.java:65)
	at com.kms.katalon.core.main.TestSuiteExecutor.accessTestSuiteMainPhase(TestSuiteExecutor.java:148)
	at com.kms.katalon.core.main.TestSuiteExecutor.execute(TestSuiteExecutor.java:106)
	at com.kms.katalon.core.main.TestCaseMain.startTestSuite(TestCaseMain.java:187)
	at com.kms.katalon.core.main.TestCaseMain$startTestSuite$0.call(Unknown Source)
	at TempTestSuite1696420804604.run(TempTestSuite1696420804604.groovy:36)
Caused by: com.kms.katalon.core.exception.StepFailedException: Text 'inputkan harus angka sesuai' is not present on page 
	at com.kms.katalon.core.webui.keyword.internal.WebUIKeywordMain.stepFailed(WebUIKeywordMain.groovy:64)
	at com.kms.katalon.core.webui.keyword.builtin.VerifyTextPresentKeyword$_verifyTextPresent_closure1.doCall(VerifyTextPresentKeyword.groovy:79)
	at com.kms.katalon.core.webui.keyword.builtin.VerifyTextPresentKeyword$_verifyTextPresent_closure1.call(VerifyTextPresentKeyword.groovy)
	at com.kms.katalon.core.webui.keyword.internal.WebUIKeywordMain.runKeyword(WebUIKeywordMain.groovy:20)
	... 19 more]]></system-err>
      </testcase>
      <testcase name="Test Cases/T13 Pembelian, Shipment dan Pembayaran/PBY-007" time="60.621" classname="Test Cases/T13 Pembelian, Shipment dan Pembayaran/PBY-007" status="PASSED">
         <system-out><![CDATA[2023-10-04 19:11:50 - [TEST_CASE][PASSED] - Test Cases/T13 Pembelian, Shipment dan Pembayaran/PBY-007: Test Cases/T13 Pembelian, Shipment dan Pembayaran/PBY-007

2023-10-04 19:11:51 - [TEST_STEP][PASSED] - data = callTestCase(findTestCase("T13 Pembelian, Shipment dan Pembayaran/PBY-001"), [:], STOP_ON_FAILURE): Call Test Case 'Test Cases/T13 Pembelian, Shipment dan Pembayaran/PBY-001' successfully

2023-10-04 19:11:51 - [TEST_CASE][PASSED] - Test Cases/T13 Pembelian, Shipment dan Pembayaran/PBY-001: Test Cases/T13 Pembelian, Shipment dan Pembayaran/PBY-001

2023-10-04 19:11:51 - [TEST_STEP][PASSED] - data = callTestCase(findTestCase("T13 Pembelian, Shipment dan Pembayaran/PBL-004"), ["Kurir":"Roda 2"], STOP_ON_FAILURE): Call Test Case 'Test Cases/T13 Pembelian, Shipment dan Pembayaran/PBL-004' successfully

2023-10-04 19:11:51 - [TEST_CASE][PASSED] - Test Cases/T13 Pembelian, Shipment dan Pembayaran/PBL-004: Test Cases/T13 Pembelian, Shipment dan Pembayaran/PBL-004

2023-10-04 19:11:51 - [TEST_STEP][PASSED] - data = callTestCase(findTestCase("T13 Pembelian, Shipment dan Pembayaran/PBL-002"), [:], STOP_ON_FAILURE): Call Test Case 'Test Cases/T13 Pembelian, Shipment dan Pembayaran/PBL-002' successfully

2023-10-04 19:11:51 - [TEST_CASE][PASSED] - Test Cases/T13 Pembelian, Shipment dan Pembayaran/PBL-002: Test Cases/T13 Pembelian, Shipment dan Pembayaran/PBL-002

2023-10-04 19:11:51 - [TEST_STEP][PASSED] - data = callTestCase(findTestCase("T13 Pembelian, Shipment dan Pembayaran/PBL-001"), [:], STOP_ON_FAILURE): Call Test Case 'Test Cases/T13 Pembelian, Shipment dan Pembayaran/PBL-001' successfully

2023-10-04 19:11:51 - [TEST_CASE][PASSED] - Test Cases/T13 Pembelian, Shipment dan Pembayaran/PBL-001: Test Cases/T13 Pembelian, Shipment dan Pembayaran/PBL-001

2023-10-04 19:11:51 - [TEST_STEP][PASSED] - callTestCase(findTestCase("T13 Pembelian, Shipment dan Pembayaran/LU-001"), ["username":"irfanafandi", "password":"12345irfan"], STOP_ON_FAILURE): Call Test Case 'Test Cases/T13 Pembelian, Shipment dan Pembayaran/LU-001' successfully

2023-10-04 19:11:51 - [TEST_CASE][PASSED] - Test Cases/T13 Pembelian, Shipment dan Pembayaran/LU-001: Test Cases/T13 Pembelian, Shipment dan Pembayaran/LU-001

2023-10-04 19:11:51 - [TEST_STEP][PASSED] - openBrowser("https://10.9.2.63/ecommerce/"): Browser is opened with url: 'https://10.9.2.63/ecommerce/'

2023-10-04 19:11:51 - [MESSAGE][WARNING] - A browser is already opened. Closing browser and opening a new one

2023-10-04 19:11:53 - [MESSAGE][INFO] - Starting 'Firefox' driver

2023-10-04 19:11:53 - [MESSAGE][INFO] - User set preference: ['args', '[--disable-notifications]']

2023-10-04 19:11:53 - [MESSAGE][INFO] - Action delay is set to 0 milliseconds

2023-10-04 19:11:58 - [MESSAGE][PASSED] - Browser is opened with url: 'https://10.9.2.63/ecommerce/'

2023-10-04 19:11:58 - [TEST_STEP][PASSED] - maximizeWindow(): Current window maximized

2023-10-04 19:11:58 - [MESSAGE][PASSED] - Current window maximized

2023-10-04 19:11:58 - [TEST_STEP][PASSED] - verifyElementPresent(findTestObject("Login/Home"), 0): Object 'Object Repository/Login/Home' is present

2023-10-04 19:11:58 - [MESSAGE][WARNING] - Timeout '0' is invalid. Using default page load timeout: '30'

2023-10-04 19:11:58 - [MESSAGE][PASSED] - Object 'Object Repository/Login/Home' is present

2023-10-04 19:11:58 - [TEST_STEP][PASSED] - click(findTestObject("Login/a_Login")): Object: 'Object Repository/Login/a_Login' is clicked on

2023-10-04 19:11:59 - [MESSAGE][PASSED] - Object: 'Object Repository/Login/a_Login' is clicked on

2023-10-04 19:11:59 - [TEST_STEP][PASSED] - verifyElementPresent(findTestObject("Login/Tittle Login"), 0): Object 'Object Repository/Login/Tittle Login' is present

2023-10-04 19:11:59 - [MESSAGE][WARNING] - Timeout '0' is invalid. Using default page load timeout: '30'

2023-10-04 19:11:59 - [MESSAGE][PASSED] - Object 'Object Repository/Login/Tittle Login' is present

2023-10-04 19:11:59 - [TEST_STEP][PASSED] - setText(findTestObject("Login/input_Username, Email atau No. Handphone_a"), username): Text 'irfanafandi' is set on object 'Object Repository/Login/input_Username, Email atau No. Handphone_a'

2023-10-04 19:12:00 - [MESSAGE][PASSED] - Text 'irfanafandi' is set on object 'Object Repository/Login/input_Username, Email atau No. Handphone_a'

2023-10-04 19:12:00 - [TEST_STEP][PASSED] - setText(findTestObject("Login/input_Password_b"), password): Text '12345irfan' is set on object 'Object Repository/Login/input_Password_b'

2023-10-04 19:12:01 - [MESSAGE][PASSED] - Text '12345irfan' is set on object 'Object Repository/Login/input_Password_b'

2023-10-04 19:12:01 - [TEST_STEP][PASSED] - click(findTestObject("Login/label_Ingat saya")): Object: 'Object Repository/Login/label_Ingat saya' is clicked on

2023-10-04 19:12:01 - [MESSAGE][PASSED] - Object: 'Object Repository/Login/label_Ingat saya' is clicked on

2023-10-04 19:12:01 - [TEST_STEP][PASSED] - click(findTestObject("Login/button_Masuk")): Object: 'Object Repository/Login/button_Masuk' is clicked on

2023-10-04 19:12:02 - [MESSAGE][PASSED] - Object: 'Object Repository/Login/button_Masuk' is clicked on

2023-10-04 19:12:02 - [TEST_STEP][PASSED] - verifyElementPresent(findTestObject("Login/li_Profile"), 0): Object 'Object Repository/Login/li_Profile' is present

2023-10-04 19:12:02 - [MESSAGE][WARNING] - Timeout '0' is invalid. Using default page load timeout: '30'

2023-10-04 19:12:03 - [MESSAGE][PASSED] - Object 'Object Repository/Login/li_Profile' is present

2023-10-04 19:12:03 - [MESSAGE][PASSED] - Call Test Case 'Test Cases/T13 Pembelian, Shipment dan Pembayaran/LU-001' successfully

2023-10-04 19:12:03 - [TEST_STEP][PASSED] - mouseOver(findTestObject("beli barang/i_Mulai Belanja_icon-menu")): Object: 'Object Repository/beli barang/i_Mulai Belanja_icon-menu' is hovered

2023-10-04 19:12:03 - [MESSAGE][PASSED] - Object: 'Object Repository/beli barang/i_Mulai Belanja_icon-menu' is hovered

2023-10-04 19:12:03 - [TEST_STEP][PASSED] - click(findTestObject("beli barang/a_Fashion  Busana Wanita")): Object: 'Object Repository/beli barang/a_Fashion  Busana Wanita' is clicked on

2023-10-04 19:12:04 - [MESSAGE][PASSED] - Object: 'Object Repository/beli barang/a_Fashion  Busana Wanita' is clicked on

2023-10-04 19:12:04 - [TEST_STEP][PASSED] - NamaSebelum = getText(findTestObject("verifikasi/Nama sebelum")): Text of object 'Object Repository/verifikasi/Nama sebelum' is: ''

2023-10-04 19:12:05 - [MESSAGE][PASSED] - Text of object 'Object Repository/verifikasi/Nama sebelum' is: ''

2023-10-04 19:12:05 - [TEST_STEP][PASSED] - HargaSebelum = getText(findTestObject("verifikasi/Harga sebelum")): Text of object 'Object Repository/verifikasi/Harga sebelum' is: 'Rp 1,299'

2023-10-04 19:12:05 - [MESSAGE][PASSED] - Text of object 'Object Repository/verifikasi/Harga sebelum' is: 'Rp 1,299'

2023-10-04 19:12:05 - [TEST_STEP][PASSED] - mouseOver(findTestObject("beli barang/barang mouse over")): Object: 'Object Repository/beli barang/barang mouse over' is hovered

2023-10-04 19:12:06 - [MESSAGE][PASSED] - Object: 'Object Repository/beli barang/barang mouse over' is hovered

2023-10-04 19:12:06 - [TEST_STEP][PASSED] - click(findTestObject("beli barang/buttom add to cart")): Object: 'Object Repository/beli barang/buttom add to cart' is clicked on

2023-10-04 19:12:07 - [MESSAGE][PASSED] - Object: 'Object Repository/beli barang/buttom add to cart' is clicked on

2023-10-04 19:12:07 - [TEST_STEP][PASSED] - NamaSesudah = getText(findTestObject("verifikasi/Nama sesudah")): Text of object 'Object Repository/verifikasi/Nama sesudah' is: 'Segitiga Instan Madeira - MDB5.3 Sunset'

2023-10-04 19:12:08 - [MESSAGE][PASSED] - Text of object 'Object Repository/verifikasi/Nama sesudah' is: 'Segitiga Instan Madeira - MDB5.3 Sunset'

2023-10-04 19:12:08 - [TEST_STEP][PASSED] - HargaSesudah = getText(findTestObject("verifikasi/Harga sesudah")): Text of object 'Object Repository/verifikasi/Harga sesudah' is: 'Rp 1,299'

2023-10-04 19:12:08 - [MESSAGE][PASSED] - Text of object 'Object Repository/verifikasi/Harga sesudah' is: 'Rp 1,299'

2023-10-04 19:12:08 - [TEST_STEP][PASSED] - assert NamaSesudah.contains(NamaSebelum): null

2023-10-04 19:12:08 - [TEST_STEP][PASSED] - assert HargaSesudah.contains(HargaSebelum): null

2023-10-04 19:12:08 - [TEST_STEP][PASSED] - click(findTestObject("beli barang/Tambah Keranjang busana wanita")): Object: 'Object Repository/beli barang/Tambah Keranjang busana wanita' is clicked on

2023-10-04 19:12:09 - [MESSAGE][PASSED] - Object: 'Object Repository/beli barang/Tambah Keranjang busana wanita' is clicked on

2023-10-04 19:12:09 - [TEST_STEP][PASSED] - verifyElementPresent(findTestObject("checkout/Notifikasi keranjang"), 1): Object 'Object Repository/checkout/Notifikasi keranjang' is present

2023-10-04 19:12:10 - [MESSAGE][PASSED] - Object 'Object Repository/checkout/Notifikasi keranjang' is present

2023-10-04 19:12:10 - [TEST_STEP][PASSED] - data = new java.util.HashMap(): null

2023-10-04 19:12:10 - [TEST_STEP][PASSED] - data.put("nama_barang", NamaSesudah): null

2023-10-04 19:12:10 - [TEST_STEP][PASSED] - data.put("price_barang", HargaSesudah): null

2023-10-04 19:12:10 - [TEST_STEP][PASSED] - return data: null

2023-10-04 19:12:10 - [MESSAGE][PASSED] - Call Test Case 'Test Cases/T13 Pembelian, Shipment dan Pembayaran/PBL-001' successfully

2023-10-04 19:12:10 - [TEST_STEP][PASSED] - mouseOver(findTestObject("beli barang/keranjang")): Object: 'Object Repository/beli barang/keranjang' is hovered

2023-10-04 19:12:10 - [MESSAGE][PASSED] - Object: 'Object Repository/beli barang/keranjang' is hovered

2023-10-04 19:12:10 - [TEST_STEP][PASSED] - click(findTestObject("beli barang/Lihat Sekarang")): Object: 'Object Repository/beli barang/Lihat Sekarang' is clicked on

2023-10-04 19:12:11 - [MESSAGE][PASSED] - Object: 'Object Repository/beli barang/Lihat Sekarang' is clicked on

2023-10-04 19:12:11 - [TEST_STEP][PASSED] - verifyElementPresent(findTestObject("keranjang/li_Keranjang Belanja"), 0): Object 'Object Repository/keranjang/li_Keranjang Belanja' is present

2023-10-04 19:12:11 - [MESSAGE][WARNING] - Timeout '0' is invalid. Using default page load timeout: '30'

2023-10-04 19:12:12 - [MESSAGE][PASSED] - Object 'Object Repository/keranjang/li_Keranjang Belanja' is present

2023-10-04 19:12:12 - [TEST_STEP][PASSED] - NamaKeranjang = getText(findTestObject("verifikasi/Nama keranjang")): Text of object 'Object Repository/verifikasi/Nama keranjang' is: 'Segitiga Instan Madeira - MDB5.3 Sunset'

2023-10-04 19:12:13 - [MESSAGE][PASSED] - Text of object 'Object Repository/verifikasi/Nama keranjang' is: 'Segitiga Instan Madeira - MDB5.3 Sunset'

2023-10-04 19:12:13 - [TEST_STEP][PASSED] - HargaKeranjang = getText(findTestObject("verifikasi/Harga Keranjang")): Text of object 'Object Repository/verifikasi/Harga Keranjang' is: 'Rp 1,299'

2023-10-04 19:12:13 - [MESSAGE][PASSED] - Text of object 'Object Repository/verifikasi/Harga Keranjang' is: 'Rp 1,299'

2023-10-04 19:12:13 - [TEST_STEP][PASSED] - if (toString().equalsIgnoreCase("Merah")): Object 'Object Repository/keranjang/input_Warna_variasi101' is checked

2023-10-04 19:12:13 - [TEST_STEP][PASSED] - check(findTestObject("Object Repository/keranjang/input_Warna_variasi101")): Object 'Object Repository/keranjang/input_Warna_variasi101' is checked

2023-10-04 19:12:13 - [MESSAGE][PASSED] - Object 'Object Repository/keranjang/input_Warna_variasi101' is checked

2023-10-04 19:12:13 - [TEST_STEP][PASSED] - if (toString().equalsIgnoreCase("Menengah")): Object 'Object Repository/keranjang/input_Ukuran_variasi201' is checked

2023-10-04 19:12:13 - [TEST_STEP][PASSED] - check(findTestObject("Object Repository/keranjang/input_Ukuran_variasi201")): Object 'Object Repository/keranjang/input_Ukuran_variasi201' is checked

2023-10-04 19:12:14 - [MESSAGE][PASSED] - Object 'Object Repository/keranjang/input_Ukuran_variasi201' is checked

2023-10-04 19:12:14 - [TEST_STEP][PASSED] - data.put("Warna", warna): null

2023-10-04 19:12:14 - [TEST_STEP][PASSED] - data.put("Ukuran", ukuran): null

2023-10-04 19:12:14 - [TEST_STEP][PASSED] - click(findTestObject("keranjang/button_Lanjut ke Pembayaran")): Object: 'Object Repository/keranjang/button_Lanjut ke Pembayaran' is clicked on

2023-10-04 19:12:15 - [MESSAGE][PASSED] - Object: 'Object Repository/keranjang/button_Lanjut ke Pembayaran' is clicked on

2023-10-04 19:12:15 - [TEST_STEP][PASSED] - verifyElementPresent(findTestObject("checkout/Tittle Checkout Order"), 0): Object 'Object Repository/checkout/Tittle Checkout Order' is present

2023-10-04 19:12:15 - [MESSAGE][WARNING] - Timeout '0' is invalid. Using default page load timeout: '30'

2023-10-04 19:12:16 - [MESSAGE][PASSED] - Object 'Object Repository/checkout/Tittle Checkout Order' is present

2023-10-04 19:12:16 - [TEST_STEP][PASSED] - name_product = data.get("nama_barang"): null

2023-10-04 19:12:16 - [TEST_STEP][PASSED] - price_product = data.get("price_barang"): null

2023-10-04 19:12:16 - [TEST_STEP][PASSED] - assert name_product == NamaKeranjang: null

2023-10-04 19:12:16 - [TEST_STEP][PASSED] - assert price_product == HargaKeranjang: null

2023-10-04 19:12:16 - [TEST_STEP][PASSED] - return data: null

2023-10-04 19:12:16 - [MESSAGE][PASSED] - Call Test Case 'Test Cases/T13 Pembelian, Shipment dan Pembayaran/PBL-002' successfully

2023-10-04 19:12:16 - [TEST_STEP][PASSED] - warnaa = getText(findTestObject("verifikasi/warna Merah")): Text of object 'Object Repository/verifikasi/warna Merah' is: 'Merah'

2023-10-04 19:12:17 - [MESSAGE][PASSED] - Text of object 'Object Repository/verifikasi/warna Merah' is: 'Merah'

2023-10-04 19:12:17 - [TEST_STEP][PASSED] - ukurann = getText(findTestObject("verifikasi/Ukuran Menengah")): Text of object 'Object Repository/verifikasi/Ukuran Menengah' is: 'Menengah'

2023-10-04 19:12:17 - [MESSAGE][PASSED] - Text of object 'Object Repository/verifikasi/Ukuran Menengah' is: 'Menengah'

2023-10-04 19:12:17 - [TEST_STEP][PASSED] - warna1 = data.get("Warna"): null

2023-10-04 19:12:17 - [TEST_STEP][PASSED] - ukuran1 = data.get("Ukuran"): null

2023-10-04 19:12:17 - [TEST_STEP][PASSED] - assert warnaa == warna1: null

2023-10-04 19:12:17 - [TEST_STEP][PASSED] - assert ukurann == ukuran1: null

2023-10-04 19:12:17 - [TEST_STEP][PASSED] - NamaCheckout = getText(findTestObject("verifikasi/NamaCheckout")): Text of object 'Object Repository/verifikasi/NamaCheckout' is: ''

2023-10-04 19:12:17 - [MESSAGE][PASSED] - Text of object 'Object Repository/verifikasi/NamaCheckout' is: ''

2023-10-04 19:12:17 - [TEST_STEP][PASSED] - HargaCheckout = getText(findTestObject("verifikasi/HargaCheckout")): Text of object 'Object Repository/verifikasi/HargaCheckout' is: '1,299'

2023-10-04 19:12:18 - [MESSAGE][PASSED] - Text of object 'Object Repository/verifikasi/HargaCheckout' is: '1,299'

2023-10-04 19:12:18 - [TEST_STEP][PASSED] - name_product = data.get("nama_barang"): null

2023-10-04 19:12:18 - [TEST_STEP][PASSED] - price_product = data.get("price_barang"): null

2023-10-04 19:12:18 - [TEST_STEP][PASSED] - assert name_product.contains(NamaCheckout): null

2023-10-04 19:12:18 - [TEST_STEP][PASSED] - assert price_product.contains(HargaCheckout): null

2023-10-04 19:12:18 - [TEST_STEP][PASSED] - selectOptionByLabel(findTestObject("checkout/select - Kirim via Kurir Lokal"), Kurir, false): All options with label 'Roda 2' are selected in object 'Object Repository/checkout/select - Kirim via Kurir Lokal' 

2023-10-04 19:12:19 - [MESSAGE][PASSED] - All options with label 'Roda 2' are selected in object 'Object Repository/checkout/select - Kirim via Kurir Lokal' 

2023-10-04 19:12:19 - [TEST_STEP][PASSED] - click(findTestObject("checkout/Kendaraan Kurir")): Object: 'Object Repository/checkout/Kendaraan Kurir' is clicked on

2023-10-04 19:12:19 - [MESSAGE][PASSED] - Object: 'Object Repository/checkout/Kendaraan Kurir' is clicked on

2023-10-04 19:12:19 - [TEST_STEP][PASSED] - OngkosKirim = getText(findTestObject("Object Repository/verifikasi/Ongkos Kirim checkout")): Text of object 'Object Repository/verifikasi/Ongkos Kirim checkout' is: 'Rp. 5,000'

2023-10-04 19:12:20 - [MESSAGE][PASSED] - Text of object 'Object Repository/verifikasi/Ongkos Kirim checkout' is: 'Rp. 5,000'

2023-10-04 19:12:20 - [TEST_STEP][PASSED] - Ongkos = OngkosKirim.substring(3, OngkosKirim.size()): null

2023-10-04 19:12:20 - [TEST_STEP][PASSED] - rep = Ongkos.replace(",", "."): null

2023-10-04 19:12:20 - [TEST_STEP][PASSED] - Ongkos_kirim = Double.parseDouble(rep): null

2023-10-04 19:12:20 - [TEST_STEP][PASSED] - println(Ongkos_kirim): null

2023-10-04 19:12:20 - [TEST_STEP][PASSED] - FeeAdmin = getText(findTestObject("verifikasi/Fee Admin checkout")): Text of object 'Object Repository/verifikasi/Fee Admin checkout' is: 'Fee Admin
Rp 1,500'

2023-10-04 19:12:20 - [MESSAGE][PASSED] - Text of object 'Object Repository/verifikasi/Fee Admin checkout' is: 'Fee Admin
Rp 1,500'

2023-10-04 19:12:20 - [TEST_STEP][PASSED] - Fee_Admin = FeeAdmin.substring(12, FeeAdmin.size()): null

2023-10-04 19:12:20 - [TEST_STEP][PASSED] - fee = Fee_Admin.replace(",", "."): null

2023-10-04 19:12:20 - [TEST_STEP][PASSED] - fee_admin = Double.parseDouble(fee): null

2023-10-04 19:12:20 - [TEST_STEP][PASSED] - println(fee_admin): null

2023-10-04 19:12:20 - [TEST_STEP][PASSED] - Subtotal = getText(findTestObject("verifikasi/subtotal checkout")): Text of object 'Object Repository/verifikasi/subtotal checkout' is: 'Subtotal
Rp 1,299'

2023-10-04 19:12:21 - [MESSAGE][PASSED] - Text of object 'Object Repository/verifikasi/subtotal checkout' is: 'Subtotal
Rp 1,299'

2023-10-04 19:12:21 - [TEST_STEP][PASSED] - sub_total = Subtotal.substring(12, Subtotal.size()): null

2023-10-04 19:12:21 - [TEST_STEP][PASSED] - sub = sub_total.replace(",", "."): null

2023-10-04 19:12:21 - [TEST_STEP][PASSED] - sub_total = Double.parseDouble(sub): null

2023-10-04 19:12:21 - [TEST_STEP][PASSED] - println(sub_total): null

2023-10-04 19:12:21 - [TEST_STEP][PASSED] - Total = getText(findTestObject("verifikasi/Total checkout")): Text of object 'Object Repository/verifikasi/Total checkout' is: 'Rp 7,799'

2023-10-04 19:12:21 - [MESSAGE][PASSED] - Text of object 'Object Repository/verifikasi/Total checkout' is: 'Rp 7,799'

2023-10-04 19:12:21 - [TEST_STEP][PASSED] - totall = Total.substring(3, Total.size()): null

2023-10-04 19:12:21 - [TEST_STEP][PASSED] - total = totall.replace(",", "."): null

2023-10-04 19:12:21 - [TEST_STEP][PASSED] - totall = Double.parseDouble(total): null

2023-10-04 19:12:21 - [TEST_STEP][PASSED] - println(totall): null

2023-10-04 19:12:21 - [TEST_STEP][PASSED] - Total_Harga = Ongkos_kirim + fee_admin + sub_total: null

2023-10-04 19:12:21 - [TEST_STEP][PASSED] - println(Total_Harga): null

2023-10-04 19:12:21 - [TEST_STEP][PASSED] - TotalHarga = Math.round(Total_Harga * 1000) / 1000: null

2023-10-04 19:12:21 - [TEST_STEP][PASSED] - println(TotalHarga): null

2023-10-04 19:12:21 - [TEST_STEP][PASSED] - assert totall == TotalHarga: null

2023-10-04 19:12:21 - [TEST_STEP][PASSED] - click(findTestObject("verifikasi/Metode Transfer")): Object: 'Object Repository/verifikasi/Metode Transfer' is clicked on

2023-10-04 19:12:22 - [MESSAGE][PASSED] - Object: 'Object Repository/verifikasi/Metode Transfer' is clicked on

2023-10-04 19:12:22 - [TEST_STEP][PASSED] - click(findTestObject("checkout/button_Proses Pembayaran")): Object: 'Object Repository/checkout/button_Proses Pembayaran' is clicked on

2023-10-04 19:12:27 - [MESSAGE][PASSED] - Object: 'Object Repository/checkout/button_Proses Pembayaran' is clicked on

2023-10-04 19:12:27 - [TEST_STEP][PASSED] - verifyElementPresent(findTestObject("pembayaran/Tittle nomor invoice"), 0): Object 'Object Repository/pembayaran/Tittle nomor invoice' is present

2023-10-04 19:12:27 - [MESSAGE][WARNING] - Timeout '0' is invalid. Using default page load timeout: '30'

2023-10-04 19:12:34 - [MESSAGE][PASSED] - Object 'Object Repository/pembayaran/Tittle nomor invoice' is present

2023-10-04 19:12:34 - [TEST_STEP][PASSED] - return data: null

2023-10-04 19:12:34 - [MESSAGE][PASSED] - Call Test Case 'Test Cases/T13 Pembelian, Shipment dan Pembayaran/PBL-004' successfully

2023-10-04 19:12:34 - [TEST_STEP][PASSED] - Invoice = getText(findTestObject("pembayaran/nomor invoice")): Text of object 'Object Repository/pembayaran/nomor invoice' is: 'TRX60.20231004191223'

2023-10-04 19:12:35 - [MESSAGE][PASSED] - Text of object 'Object Repository/pembayaran/nomor invoice' is: 'TRX60.20231004191223'

2023-10-04 19:12:35 - [TEST_STEP][PASSED] - data.put("invoice", Invoice): null

2023-10-04 19:12:35 - [TEST_STEP][PASSED] - NamaPemesan = getText(findTestObject("Konfirmasi pesanan shop/Nama pemesan")): Text of object 'Object Repository/Konfirmasi pesanan shop/Nama pemesan' is: 'irfan.afandi'

2023-10-04 19:12:35 - [MESSAGE][PASSED] - Text of object 'Object Repository/Konfirmasi pesanan shop/Nama pemesan' is: 'irfan.afandi'

2023-10-04 19:12:35 - [TEST_STEP][PASSED] - Nama = getText(findTestObject("pembayaran/Nama barang")): Text of object 'Object Repository/pembayaran/Nama barang' is: 'Segitiga Instan Madeira - MDB5.3 Sunset'

2023-10-04 19:12:36 - [MESSAGE][PASSED] - Text of object 'Object Repository/pembayaran/Nama barang' is: 'Segitiga Instan Madeira - MDB5.3 Sunset'

2023-10-04 19:12:36 - [TEST_STEP][PASSED] - Harga = getText(findTestObject("pembayaran/Harga barang")): Text of object 'Object Repository/pembayaran/Harga barang' is: '1,299'

2023-10-04 19:12:36 - [MESSAGE][PASSED] - Text of object 'Object Repository/pembayaran/Harga barang' is: '1,299'

2023-10-04 19:12:36 - [TEST_STEP][PASSED] - name_product = data.get("nama_barang"): null

2023-10-04 19:12:36 - [TEST_STEP][PASSED] - price_product = data.get("price_barang"): null

2023-10-04 19:12:36 - [TEST_STEP][PASSED] - assert name_product.contains(Nama): null

2023-10-04 19:12:36 - [TEST_STEP][PASSED] - assert price_product.contains(Harga): null

2023-10-04 19:12:36 - [TEST_STEP][PASSED] - warnaa = getText(findTestObject("pembayaran/warna")): Text of object 'Object Repository/pembayaran/warna' is: 'Merah'

2023-10-04 19:12:37 - [MESSAGE][PASSED] - Text of object 'Object Repository/pembayaran/warna' is: 'Merah'

2023-10-04 19:12:37 - [TEST_STEP][PASSED] - ukurann = getText(findTestObject("pembayaran/ukuran")): Text of object 'Object Repository/pembayaran/ukuran' is: 'Menengah'

2023-10-04 19:12:37 - [MESSAGE][PASSED] - Text of object 'Object Repository/pembayaran/ukuran' is: 'Menengah'

2023-10-04 19:12:37 - [TEST_STEP][PASSED] - warna1 = data.get("Warna"): null

2023-10-04 19:12:37 - [TEST_STEP][PASSED] - ukuran1 = data.get("Ukuran"): null

2023-10-04 19:12:37 - [TEST_STEP][PASSED] - assert warnaa == warna1: null

2023-10-04 19:12:37 - [TEST_STEP][PASSED] - assert ukurann == ukuran1: null

2023-10-04 19:12:37 - [TEST_STEP][PASSED] - statusPembelian = getText(findTestObject("verifikasi/Status pending di pembelian")): Text of object 'Object Repository/verifikasi/Status pending di pembelian' is: 'Pending'

2023-10-04 19:12:38 - [MESSAGE][PASSED] - Text of object 'Object Repository/verifikasi/Status pending di pembelian' is: 'Pending'

2023-10-04 19:12:38 - [TEST_STEP][PASSED] - data.put("statusPem", statusPembelian): null

2023-10-04 19:12:38 - [TEST_STEP][PASSED] - OngkosKirim = getText(findTestObject("pembayaran/ongkos kirim")): Text of object 'Object Repository/pembayaran/ongkos kirim' is: 'Rp 5,000'

2023-10-04 19:12:39 - [MESSAGE][PASSED] - Text of object 'Object Repository/pembayaran/ongkos kirim' is: 'Rp 5,000'

2023-10-04 19:12:39 - [TEST_STEP][PASSED] - Ongkos = OngkosKirim.substring(3, OngkosKirim.size()): null

2023-10-04 19:12:39 - [TEST_STEP][PASSED] - rep = Ongkos.replace(",", ""): null

2023-10-04 19:12:39 - [TEST_STEP][PASSED] - Ongkos_kirimm = Integer.parseInt(rep): null

2023-10-04 19:12:39 - [TEST_STEP][PASSED] - println(Ongkos_kirimm): null

2023-10-04 19:12:39 - [TEST_STEP][PASSED] - FeeAdmin = getText(findTestObject("pembayaran/fee admin")): Text of object 'Object Repository/pembayaran/fee admin' is: 'Rp 1,500'

2023-10-04 19:12:39 - [MESSAGE][PASSED] - Text of object 'Object Repository/pembayaran/fee admin' is: 'Rp 1,500'

2023-10-04 19:12:39 - [TEST_STEP][PASSED] - Fee_Admin = FeeAdmin.substring(3, FeeAdmin.size()): null

2023-10-04 19:12:39 - [TEST_STEP][PASSED] - fee = Fee_Admin.replace(",", ""): null

2023-10-04 19:12:39 - [TEST_STEP][PASSED] - fee_adminn = Integer.parseInt(fee): null

2023-10-04 19:12:39 - [TEST_STEP][PASSED] - println(fee_adminn): null

2023-10-04 19:12:39 - [TEST_STEP][PASSED] - Subtotal = getText(findTestObject("pembayaran/subtotal")): Text of object 'Object Repository/pembayaran/subtotal' is: 'Rp 1,299'

2023-10-04 19:12:40 - [MESSAGE][PASSED] - Text of object 'Object Repository/pembayaran/subtotal' is: 'Rp 1,299'

2023-10-04 19:12:40 - [TEST_STEP][PASSED] - sub_total = Subtotal.substring(3, Subtotal.size()): null

2023-10-04 19:12:40 - [TEST_STEP][PASSED] - sub = sub_total.replace(",", ""): null

2023-10-04 19:12:40 - [TEST_STEP][PASSED] - sub_totall = Integer.parseInt(sub): null

2023-10-04 19:12:40 - [TEST_STEP][PASSED] - println(sub_totall): null

2023-10-04 19:12:40 - [TEST_STEP][PASSED] - unik = getText(findTestObject("pembayaran/kode unik")): Text of object 'Object Repository/pembayaran/kode unik' is: '+223'

2023-10-04 19:12:40 - [MESSAGE][PASSED] - Text of object 'Object Repository/pembayaran/kode unik' is: '+223'

2023-10-04 19:12:40 - [TEST_STEP][PASSED] - unikk = unik.replace("+", ""): null

2023-10-04 19:12:40 - [TEST_STEP][PASSED] - kode_unik = Integer.parseInt(unikk): null

2023-10-04 19:12:40 - [TEST_STEP][PASSED] - println(kode_unik): null

2023-10-04 19:12:40 - [TEST_STEP][PASSED] - Total = getText(findTestObject("pembayaran/total")): Text of object 'Object Repository/pembayaran/total' is: '8,022'

2023-10-04 19:12:41 - [MESSAGE][PASSED] - Text of object 'Object Repository/pembayaran/total' is: '8,022'

2023-10-04 19:12:41 - [TEST_STEP][PASSED] - total = Total.replace(",", ""): null

2023-10-04 19:12:41 - [TEST_STEP][PASSED] - totalll = Integer.parseInt(total): null

2023-10-04 19:12:41 - [TEST_STEP][PASSED] - println(totalll): null

2023-10-04 19:12:41 - [TEST_STEP][PASSED] - Total_Hargaa = Ongkos_kirimm + fee_adminn + sub_totall + kode_unik: null

2023-10-04 19:12:41 - [TEST_STEP][PASSED] - println(Total_Hargaa): null

2023-10-04 19:12:41 - [TEST_STEP][PASSED] - assert totalll == Total_Hargaa: null

2023-10-04 19:12:41 - [TEST_STEP][PASSED] - data.put("total", Total): null

2023-10-04 19:12:41 - [TEST_STEP][PASSED] - data.put("nama", NamaPemesan): null

2023-10-04 19:12:41 - [TEST_STEP][PASSED] - return data: null

2023-10-04 19:12:41 - [MESSAGE][PASSED] - Call Test Case 'Test Cases/T13 Pembelian, Shipment dan Pembayaran/PBY-001' successfully

2023-10-04 19:12:41 - [TEST_STEP][PASSED] - inv = data.get("invoice"): null

2023-10-04 19:12:41 - [TEST_STEP][PASSED] - Total = data.get("total"): null

2023-10-04 19:12:41 - [TEST_STEP][PASSED] - NamaPemesan = data.get("nama"): null

2023-10-04 19:12:41 - [TEST_STEP][PASSED] - click(findTestObject("Konfirmasi pesanan shop/Menu Shop")): Object: 'Object Repository/Konfirmasi pesanan shop/Menu Shop' is clicked on

2023-10-04 19:12:42 - [MESSAGE][PASSED] - Object: 'Object Repository/Konfirmasi pesanan shop/Menu Shop' is clicked on

2023-10-04 19:12:42 - [TEST_STEP][PASSED] - click(findTestObject("Konfirmasi pesanan shop/Menu Shop")): Object: 'Object Repository/Konfirmasi pesanan shop/Menu Shop' is clicked on

2023-10-04 19:12:44 - [MESSAGE][PASSED] - Object: 'Object Repository/Konfirmasi pesanan shop/Menu Shop' is clicked on

2023-10-04 19:12:44 - [TEST_STEP][PASSED] - click(findTestObject("Konfirmasi pesanan shop/Konfirmasi Orders")): Object: 'Object Repository/Konfirmasi pesanan shop/Konfirmasi Orders' is clicked on

2023-10-04 19:12:44 - [MESSAGE][PASSED] - Object: 'Object Repository/Konfirmasi pesanan shop/Konfirmasi Orders' is clicked on

2023-10-04 19:12:44 - [TEST_STEP][PASSED] - verifyElementPresent(findTestObject("Konfirmasi pesanan shop/Tittle Konfirmasi Pesanan"), 0): Object 'Object Repository/Konfirmasi pesanan shop/Tittle Konfirmasi Pesanan' is present

2023-10-04 19:12:44 - [MESSAGE][WARNING] - Timeout '0' is invalid. Using default page load timeout: '30'

2023-10-04 19:12:45 - [MESSAGE][PASSED] - Object 'Object Repository/Konfirmasi pesanan shop/Tittle Konfirmasi Pesanan' is present

2023-10-04 19:12:45 - [TEST_STEP][PASSED] - setText(findTestObject("Konfirmasi pesanan shop/input_No Pesanan"), inv): Text 'TRX60.20231004191223' is set on object 'Object Repository/Konfirmasi pesanan shop/input_No Pesanan'

2023-10-04 19:12:46 - [MESSAGE][PASSED] - Text 'TRX60.20231004191223' is set on object 'Object Repository/Konfirmasi pesanan shop/input_No Pesanan'

2023-10-04 19:12:46 - [TEST_STEP][PASSED] - setText(findTestObject("Konfirmasi pesanan shop/input_Alamat E-mai"), "irfan@gmail.com"): Text 'irfan@gmail.com' is set on object 'Object Repository/Konfirmasi pesanan shop/input_Alamat E-mai'

2023-10-04 19:12:46 - [MESSAGE][PASSED] - Text 'irfan@gmail.com' is set on object 'Object Repository/Konfirmasi pesanan shop/input_Alamat E-mai'

2023-10-04 19:12:46 - [TEST_STEP][PASSED] - click(findTestObject("Konfirmasi pesanan shop/button_Submit")): Object: 'Object Repository/Konfirmasi pesanan shop/button_Submit' is clicked on

2023-10-04 19:12:47 - [MESSAGE][PASSED] - Object: 'Object Repository/Konfirmasi pesanan shop/button_Submit' is clicked on

2023-10-04 19:12:47 - [TEST_STEP][PASSED] - verifyElementPresent(findTestObject("Konfirmasi pesanan shop/Tittle nomor invoice"), 0): Object 'Object Repository/Konfirmasi pesanan shop/Tittle nomor invoice' is present

2023-10-04 19:12:47 - [MESSAGE][WARNING] - Timeout '0' is invalid. Using default page load timeout: '30'

2023-10-04 19:12:48 - [MESSAGE][PASSED] - Object 'Object Repository/Konfirmasi pesanan shop/Tittle nomor invoice' is present

2023-10-04 19:12:48 - [TEST_STEP][PASSED] - setText(findTestObject("Konfirmasi pesanan shop/input_Total TagihanTransfer_b"), Total): Text '8,022' is set on object 'Object Repository/Konfirmasi pesanan shop/input_Total TagihanTransfer_b'

2023-10-04 19:12:49 - [MESSAGE][PASSED] - Text '8,022' is set on object 'Object Repository/Konfirmasi pesanan shop/input_Total TagihanTransfer_b'

2023-10-04 19:12:49 - [TEST_STEP][PASSED] - selectOptionByValue(findTestObject("Konfirmasi pesanan shop/select_Bank"), "4", false): All options with value '4' are selected in object 'Object Repository/Konfirmasi pesanan shop/select_Bank' 

2023-10-04 19:12:49 - [MESSAGE][PASSED] - All options with value '4' are selected in object 'Object Repository/Konfirmasi pesanan shop/select_Bank' 

2023-10-04 19:12:49 - [TEST_STEP][PASSED] - clearText(findTestObject("Konfirmasi pesanan shop/input_Nama Pengirim_d"), STOP_ON_FAILURE): Text of object 'Object Repository/Konfirmasi pesanan shop/input_Nama Pengirim_d' is cleared

2023-10-04 19:12:50 - [MESSAGE][PASSED] - Text of object 'Object Repository/Konfirmasi pesanan shop/input_Nama Pengirim_d' is cleared

2023-10-04 19:12:50 - [TEST_STEP][PASSED] - uploadFile(findTestObject("Konfirmasi pesanan shop/input_Upload Bukti Transfer_f"), "C:\Users\IRFAN\Downloads\Berkas2.pdf"): File 'C:\Users\IRFAN\Downloads\Berkas2.pdf' sent to object: 'Object Repository/Konfirmasi pesanan shop/input_Upload Bukti Transfer_f'

2023-10-04 19:12:50 - [MESSAGE][PASSED] - File 'C:\Users\IRFAN\Downloads\Berkas2.pdf' sent to object: 'Object Repository/Konfirmasi pesanan shop/input_Upload Bukti Transfer_f'

2023-10-04 19:12:50 - [TEST_STEP][PASSED] - click(findTestObject("Konfirmasi pesanan shop/button_Konfirmasi Pembayaran")): Object: 'Object Repository/Konfirmasi pesanan shop/button_Konfirmasi Pembayaran' is clicked on

2023-10-04 19:12:51 - [MESSAGE][PASSED] - Object: 'Object Repository/Konfirmasi pesanan shop/button_Konfirmasi Pembayaran' is clicked on

2023-10-04 19:12:51 - [TEST_STEP][PASSED] - webDriver = getWebDriver(): null

2023-10-04 19:12:51 - [TEST_STEP][PASSED] - field_nama = webDriver.findElement(By.xpath("//input[@name="d"]")): null

2023-10-04 19:12:51 - [TEST_STEP][PASSED] - error_message = webDriver.executeScript("return arguments[0].validationMessage", field_nama): null

2023-10-04 19:12:51 - [TEST_STEP][PASSED] - println(error_message): null

2023-10-04 19:12:51 - [TEST_STEP][PASSED] - assert error_message == "Please fill out this field.": null]]></system-out>
         <system-err><![CDATA[]]></system-err>
      </testcase>
      <testcase name="Test Cases/T13 Pembelian, Shipment dan Pembayaran/PBY-008" time="60.723" classname="Test Cases/T13 Pembelian, Shipment dan Pembayaran/PBY-008" status="FAILED">
         <failure type="FAILED" message="Test Cases/T13 Pembelian, Shipment dan Pembayaran/PBY-008 FAILED.
Reason:
com.kms.katalon.core.exception.StepFailedException: Unable to verify text 'Please fill out this field.' is present 
	at com.kms.katalon.core.webui.keyword.internal.WebUIKeywordMain.stepFailed(WebUIKeywordMain.groovy:64)
	at com.kms.katalon.core.webui.keyword.internal.WebUIKeywordMain.runKeyword(WebUIKeywordMain.groovy:26)
	at com.kms.katalon.core.webui.keyword.builtin.VerifyTextPresentKeyword.verifyTextPresent(VerifyTextPresentKeyword.groovy:83)
	at com.kms.katalon.core.webui.keyword.builtin.VerifyTextPresentKeyword.execute(VerifyTextPresentKeyword.groovy:68)
	at com.kms.katalon.core.keyword.internal.KeywordExecutor.executeKeywordForPlatform(KeywordExecutor.groovy:74)
	at com.kms.katalon.core.webui.keyword.WebUiBuiltInKeywords.verifyTextPresent(WebUiBuiltInKeywords.groovy:1723)
	at com.kms.katalon.core.webui.keyword.WebUiBuiltInKeywords$verifyTextPresent$9.call(Unknown Source)
	at PBY-008.run(PBY-008:57)
	at com.kms.katalon.core.main.ScriptEngine.run(ScriptEngine.java:194)
	at com.kms.katalon.core.main.ScriptEngine.runScriptAsRawText(ScriptEngine.java:119)
	at com.kms.katalon.core.main.TestCaseExecutor.runScript(TestCaseExecutor.java:448)
	at com.kms.katalon.core.main.TestCaseExecutor.doExecute(TestCaseExecutor.java:439)
	at com.kms.katalon.core.main.TestCaseExecutor.processExecutionPhase(TestCaseExecutor.java:418)
	at com.kms.katalon.core.main.TestCaseExecutor.accessMainPhase(TestCaseExecutor.java:410)
	at com.kms.katalon.core.main.TestCaseExecutor.execute(TestCaseExecutor.java:285)
	at com.kms.katalon.core.common.CommonExecutor.accessTestCaseMainPhase(CommonExecutor.java:65)
	at com.kms.katalon.core.main.TestSuiteExecutor.accessTestSuiteMainPhase(TestSuiteExecutor.java:148)
	at com.kms.katalon.core.main.TestSuiteExecutor.execute(TestSuiteExecutor.java:106)
	at com.kms.katalon.core.main.TestCaseMain.startTestSuite(TestCaseMain.java:187)
	at com.kms.katalon.core.main.TestCaseMain$startTestSuite$0.call(Unknown Source)
	at TempTestSuite1696420804604.run(TempTestSuite1696420804604.groovy:36)
Caused by: com.kms.katalon.core.exception.StepFailedException: Text 'Please fill out this field.' is not present on page 
	at com.kms.katalon.core.webui.keyword.internal.WebUIKeywordMain.stepFailed(WebUIKeywordMain.groovy:64)
	at com.kms.katalon.core.webui.keyword.builtin.VerifyTextPresentKeyword$_verifyTextPresent_closure1.doCall(VerifyTextPresentKeyword.groovy:79)
	at com.kms.katalon.core.webui.keyword.builtin.VerifyTextPresentKeyword$_verifyTextPresent_closure1.call(VerifyTextPresentKeyword.groovy)
	at com.kms.katalon.core.webui.keyword.internal.WebUIKeywordMain.runKeyword(WebUIKeywordMain.groovy:20)
	... 19 more
"/>
         <system-out><![CDATA[2023-10-04 19:12:51 - [TEST_CASE][FAILED] - Test Cases/T13 Pembelian, Shipment dan Pembayaran/PBY-008: Test Cases/T13 Pembelian, Shipment dan Pembayaran/PBY-008 FAILED.
Reason:
com.kms.katalon.core.exception.StepFailedException: Unable to verify text 'Please fill out this field.' is present 
	at com.kms.katalon.core.webui.keyword.internal.WebUIKeywordMain.stepFailed(WebUIKeywordMain.groovy:64)
	at com.kms.katalon.core.webui.keyword.internal.WebUIKeywordMain.runKeyword(WebUIKeywordMain.groovy:26)
	at com.kms.katalon.core.webui.keyword.builtin.VerifyTextPresentKeyword.verifyTextPresent(VerifyTextPresentKeyword.groovy:83)
	at com.kms.katalon.core.webui.keyword.builtin.VerifyTextPresentKeyword.execute(VerifyTextPresentKeyword.groovy:68)
	at com.kms.katalon.core.keyword.internal.KeywordExecutor.executeKeywordForPlatform(KeywordExecutor.groovy:74)
	at com.kms.katalon.core.webui.keyword.WebUiBuiltInKeywords.verifyTextPresent(WebUiBuiltInKeywords.groovy:1723)
	at com.kms.katalon.core.webui.keyword.WebUiBuiltInKeywords$verifyTextPresent$9.call(Unknown Source)
	at PBY-008.run(PBY-008:57)
	at com.kms.katalon.core.main.ScriptEngine.run(ScriptEngine.java:194)
	at com.kms.katalon.core.main.ScriptEngine.runScriptAsRawText(ScriptEngine.java:119)
	at com.kms.katalon.core.main.TestCaseExecutor.runScript(TestCaseExecutor.java:448)
	at com.kms.katalon.core.main.TestCaseExecutor.doExecute(TestCaseExecutor.java:439)
	at com.kms.katalon.core.main.TestCaseExecutor.processExecutionPhase(TestCaseExecutor.java:418)
	at com.kms.katalon.core.main.TestCaseExecutor.accessMainPhase(TestCaseExecutor.java:410)
	at com.kms.katalon.core.main.TestCaseExecutor.execute(TestCaseExecutor.java:285)
	at com.kms.katalon.core.common.CommonExecutor.accessTestCaseMainPhase(CommonExecutor.java:65)
	at com.kms.katalon.core.main.TestSuiteExecutor.accessTestSuiteMainPhase(TestSuiteExecutor.java:148)
	at com.kms.katalon.core.main.TestSuiteExecutor.execute(TestSuiteExecutor.java:106)
	at com.kms.katalon.core.main.TestCaseMain.startTestSuite(TestCaseMain.java:187)
	at com.kms.katalon.core.main.TestCaseMain$startTestSuite$0.call(Unknown Source)
	at TempTestSuite1696420804604.run(TempTestSuite1696420804604.groovy:36)
Caused by: com.kms.katalon.core.exception.StepFailedException: Text 'Please fill out this field.' is not present on page 
	at com.kms.katalon.core.webui.keyword.internal.WebUIKeywordMain.stepFailed(WebUIKeywordMain.groovy:64)
	at com.kms.katalon.core.webui.keyword.builtin.VerifyTextPresentKeyword$_verifyTextPresent_closure1.doCall(VerifyTextPresentKeyword.groovy:79)
	at com.kms.katalon.core.webui.keyword.builtin.VerifyTextPresentKeyword$_verifyTextPresent_closure1.call(VerifyTextPresentKeyword.groovy)
	at com.kms.katalon.core.webui.keyword.internal.WebUIKeywordMain.runKeyword(WebUIKeywordMain.groovy:20)
	... 19 more


2023-10-04 19:12:51 - [TEST_STEP][PASSED] - data = callTestCase(findTestCase("T13 Pembelian, Shipment dan Pembayaran/PBY-001"), [:], STOP_ON_FAILURE): Call Test Case 'Test Cases/T13 Pembelian, Shipment dan Pembayaran/PBY-001' successfully

2023-10-04 19:12:51 - [TEST_CASE][PASSED] - Test Cases/T13 Pembelian, Shipment dan Pembayaran/PBY-001: Test Cases/T13 Pembelian, Shipment dan Pembayaran/PBY-001

2023-10-04 19:12:51 - [TEST_STEP][PASSED] - data = callTestCase(findTestCase("T13 Pembelian, Shipment dan Pembayaran/PBL-004"), ["Kurir":"Roda 2"], STOP_ON_FAILURE): Call Test Case 'Test Cases/T13 Pembelian, Shipment dan Pembayaran/PBL-004' successfully

2023-10-04 19:12:51 - [TEST_CASE][PASSED] - Test Cases/T13 Pembelian, Shipment dan Pembayaran/PBL-004: Test Cases/T13 Pembelian, Shipment dan Pembayaran/PBL-004

2023-10-04 19:12:51 - [TEST_STEP][PASSED] - data = callTestCase(findTestCase("T13 Pembelian, Shipment dan Pembayaran/PBL-002"), [:], STOP_ON_FAILURE): Call Test Case 'Test Cases/T13 Pembelian, Shipment dan Pembayaran/PBL-002' successfully

2023-10-04 19:12:51 - [TEST_CASE][PASSED] - Test Cases/T13 Pembelian, Shipment dan Pembayaran/PBL-002: Test Cases/T13 Pembelian, Shipment dan Pembayaran/PBL-002

2023-10-04 19:12:51 - [TEST_STEP][PASSED] - data = callTestCase(findTestCase("T13 Pembelian, Shipment dan Pembayaran/PBL-001"), [:], STOP_ON_FAILURE): Call Test Case 'Test Cases/T13 Pembelian, Shipment dan Pembayaran/PBL-001' successfully

2023-10-04 19:12:52 - [TEST_CASE][PASSED] - Test Cases/T13 Pembelian, Shipment dan Pembayaran/PBL-001: Test Cases/T13 Pembelian, Shipment dan Pembayaran/PBL-001

2023-10-04 19:12:52 - [TEST_STEP][PASSED] - callTestCase(findTestCase("T13 Pembelian, Shipment dan Pembayaran/LU-001"), ["username":"irfanafandi", "password":"12345irfan"], STOP_ON_FAILURE): Call Test Case 'Test Cases/T13 Pembelian, Shipment dan Pembayaran/LU-001' successfully

2023-10-04 19:12:52 - [TEST_CASE][PASSED] - Test Cases/T13 Pembelian, Shipment dan Pembayaran/LU-001: Test Cases/T13 Pembelian, Shipment dan Pembayaran/LU-001

2023-10-04 19:12:52 - [TEST_STEP][PASSED] - openBrowser("https://10.9.2.63/ecommerce/"): Browser is opened with url: 'https://10.9.2.63/ecommerce/'

2023-10-04 19:12:52 - [MESSAGE][WARNING] - A browser is already opened. Closing browser and opening a new one

2023-10-04 19:12:54 - [MESSAGE][INFO] - Starting 'Firefox' driver

2023-10-04 19:12:54 - [MESSAGE][INFO] - User set preference: ['args', '[--disable-notifications]']

2023-10-04 19:12:54 - [MESSAGE][INFO] - Action delay is set to 0 milliseconds

2023-10-04 19:12:59 - [MESSAGE][PASSED] - Browser is opened with url: 'https://10.9.2.63/ecommerce/'

2023-10-04 19:12:59 - [TEST_STEP][PASSED] - maximizeWindow(): Current window maximized

2023-10-04 19:12:59 - [MESSAGE][PASSED] - Current window maximized

2023-10-04 19:12:59 - [TEST_STEP][PASSED] - verifyElementPresent(findTestObject("Login/Home"), 0): Object 'Object Repository/Login/Home' is present

2023-10-04 19:12:59 - [MESSAGE][WARNING] - Timeout '0' is invalid. Using default page load timeout: '30'

2023-10-04 19:12:59 - [MESSAGE][PASSED] - Object 'Object Repository/Login/Home' is present

2023-10-04 19:12:59 - [TEST_STEP][PASSED] - click(findTestObject("Login/a_Login")): Object: 'Object Repository/Login/a_Login' is clicked on

2023-10-04 19:13:00 - [MESSAGE][PASSED] - Object: 'Object Repository/Login/a_Login' is clicked on

2023-10-04 19:13:00 - [TEST_STEP][PASSED] - verifyElementPresent(findTestObject("Login/Tittle Login"), 0): Object 'Object Repository/Login/Tittle Login' is present

2023-10-04 19:13:00 - [MESSAGE][WARNING] - Timeout '0' is invalid. Using default page load timeout: '30'

2023-10-04 19:13:00 - [MESSAGE][PASSED] - Object 'Object Repository/Login/Tittle Login' is present

2023-10-04 19:13:00 - [TEST_STEP][PASSED] - setText(findTestObject("Login/input_Username, Email atau No. Handphone_a"), username): Text 'irfanafandi' is set on object 'Object Repository/Login/input_Username, Email atau No. Handphone_a'

2023-10-04 19:13:01 - [MESSAGE][PASSED] - Text 'irfanafandi' is set on object 'Object Repository/Login/input_Username, Email atau No. Handphone_a'

2023-10-04 19:13:01 - [TEST_STEP][PASSED] - setText(findTestObject("Login/input_Password_b"), password): Text '12345irfan' is set on object 'Object Repository/Login/input_Password_b'

2023-10-04 19:13:01 - [MESSAGE][PASSED] - Text '12345irfan' is set on object 'Object Repository/Login/input_Password_b'

2023-10-04 19:13:01 - [TEST_STEP][PASSED] - click(findTestObject("Login/label_Ingat saya")): Object: 'Object Repository/Login/label_Ingat saya' is clicked on

2023-10-04 19:13:02 - [MESSAGE][PASSED] - Object: 'Object Repository/Login/label_Ingat saya' is clicked on

2023-10-04 19:13:02 - [TEST_STEP][PASSED] - click(findTestObject("Login/button_Masuk")): Object: 'Object Repository/Login/button_Masuk' is clicked on

2023-10-04 19:13:03 - [MESSAGE][PASSED] - Object: 'Object Repository/Login/button_Masuk' is clicked on

2023-10-04 19:13:03 - [TEST_STEP][PASSED] - verifyElementPresent(findTestObject("Login/li_Profile"), 0): Object 'Object Repository/Login/li_Profile' is present

2023-10-04 19:13:03 - [MESSAGE][WARNING] - Timeout '0' is invalid. Using default page load timeout: '30'

2023-10-04 19:13:03 - [MESSAGE][PASSED] - Object 'Object Repository/Login/li_Profile' is present

2023-10-04 19:13:03 - [MESSAGE][PASSED] - Call Test Case 'Test Cases/T13 Pembelian, Shipment dan Pembayaran/LU-001' successfully

2023-10-04 19:13:03 - [TEST_STEP][PASSED] - mouseOver(findTestObject("beli barang/i_Mulai Belanja_icon-menu")): Object: 'Object Repository/beli barang/i_Mulai Belanja_icon-menu' is hovered

2023-10-04 19:13:04 - [MESSAGE][PASSED] - Object: 'Object Repository/beli barang/i_Mulai Belanja_icon-menu' is hovered

2023-10-04 19:13:04 - [TEST_STEP][PASSED] - click(findTestObject("beli barang/a_Fashion  Busana Wanita")): Object: 'Object Repository/beli barang/a_Fashion  Busana Wanita' is clicked on

2023-10-04 19:13:05 - [MESSAGE][PASSED] - Object: 'Object Repository/beli barang/a_Fashion  Busana Wanita' is clicked on

2023-10-04 19:13:05 - [TEST_STEP][PASSED] - NamaSebelum = getText(findTestObject("verifikasi/Nama sebelum")): Text of object 'Object Repository/verifikasi/Nama sebelum' is: ''

2023-10-04 19:13:06 - [MESSAGE][PASSED] - Text of object 'Object Repository/verifikasi/Nama sebelum' is: ''

2023-10-04 19:13:06 - [TEST_STEP][PASSED] - HargaSebelum = getText(findTestObject("verifikasi/Harga sebelum")): Text of object 'Object Repository/verifikasi/Harga sebelum' is: 'Rp 1,299'

2023-10-04 19:13:06 - [MESSAGE][PASSED] - Text of object 'Object Repository/verifikasi/Harga sebelum' is: 'Rp 1,299'

2023-10-04 19:13:06 - [TEST_STEP][PASSED] - mouseOver(findTestObject("beli barang/barang mouse over")): Object: 'Object Repository/beli barang/barang mouse over' is hovered

2023-10-04 19:13:07 - [MESSAGE][PASSED] - Object: 'Object Repository/beli barang/barang mouse over' is hovered

2023-10-04 19:13:07 - [TEST_STEP][PASSED] - click(findTestObject("beli barang/buttom add to cart")): Object: 'Object Repository/beli barang/buttom add to cart' is clicked on

2023-10-04 19:13:08 - [MESSAGE][PASSED] - Object: 'Object Repository/beli barang/buttom add to cart' is clicked on

2023-10-04 19:13:08 - [TEST_STEP][PASSED] - NamaSesudah = getText(findTestObject("verifikasi/Nama sesudah")): Text of object 'Object Repository/verifikasi/Nama sesudah' is: 'Segitiga Instan Madeira - MDB5.3 Sunset'

2023-10-04 19:13:09 - [MESSAGE][PASSED] - Text of object 'Object Repository/verifikasi/Nama sesudah' is: 'Segitiga Instan Madeira - MDB5.3 Sunset'

2023-10-04 19:13:09 - [TEST_STEP][PASSED] - HargaSesudah = getText(findTestObject("verifikasi/Harga sesudah")): Text of object 'Object Repository/verifikasi/Harga sesudah' is: 'Rp 1,299'

2023-10-04 19:13:09 - [MESSAGE][PASSED] - Text of object 'Object Repository/verifikasi/Harga sesudah' is: 'Rp 1,299'

2023-10-04 19:13:09 - [TEST_STEP][PASSED] - assert NamaSesudah.contains(NamaSebelum): null

2023-10-04 19:13:09 - [TEST_STEP][PASSED] - assert HargaSesudah.contains(HargaSebelum): null

2023-10-04 19:13:09 - [TEST_STEP][PASSED] - click(findTestObject("beli barang/Tambah Keranjang busana wanita")): Object: 'Object Repository/beli barang/Tambah Keranjang busana wanita' is clicked on

2023-10-04 19:13:09 - [MESSAGE][PASSED] - Object: 'Object Repository/beli barang/Tambah Keranjang busana wanita' is clicked on

2023-10-04 19:13:09 - [TEST_STEP][PASSED] - verifyElementPresent(findTestObject("checkout/Notifikasi keranjang"), 1): Object 'Object Repository/checkout/Notifikasi keranjang' is present

2023-10-04 19:13:10 - [MESSAGE][PASSED] - Object 'Object Repository/checkout/Notifikasi keranjang' is present

2023-10-04 19:13:10 - [TEST_STEP][PASSED] - data = new java.util.HashMap(): null

2023-10-04 19:13:10 - [TEST_STEP][PASSED] - data.put("nama_barang", NamaSesudah): null

2023-10-04 19:13:10 - [TEST_STEP][PASSED] - data.put("price_barang", HargaSesudah): null

2023-10-04 19:13:10 - [TEST_STEP][PASSED] - return data: null

2023-10-04 19:13:10 - [MESSAGE][PASSED] - Call Test Case 'Test Cases/T13 Pembelian, Shipment dan Pembayaran/PBL-001' successfully

2023-10-04 19:13:10 - [TEST_STEP][PASSED] - mouseOver(findTestObject("beli barang/keranjang")): Object: 'Object Repository/beli barang/keranjang' is hovered

2023-10-04 19:13:11 - [MESSAGE][PASSED] - Object: 'Object Repository/beli barang/keranjang' is hovered

2023-10-04 19:13:11 - [TEST_STEP][PASSED] - click(findTestObject("beli barang/Lihat Sekarang")): Object: 'Object Repository/beli barang/Lihat Sekarang' is clicked on

2023-10-04 19:13:12 - [MESSAGE][PASSED] - Object: 'Object Repository/beli barang/Lihat Sekarang' is clicked on

2023-10-04 19:13:12 - [TEST_STEP][PASSED] - verifyElementPresent(findTestObject("keranjang/li_Keranjang Belanja"), 0): Object 'Object Repository/keranjang/li_Keranjang Belanja' is present

2023-10-04 19:13:12 - [MESSAGE][WARNING] - Timeout '0' is invalid. Using default page load timeout: '30'

2023-10-04 19:13:13 - [MESSAGE][PASSED] - Object 'Object Repository/keranjang/li_Keranjang Belanja' is present

2023-10-04 19:13:13 - [TEST_STEP][PASSED] - NamaKeranjang = getText(findTestObject("verifikasi/Nama keranjang")): Text of object 'Object Repository/verifikasi/Nama keranjang' is: 'Segitiga Instan Madeira - MDB5.3 Sunset'

2023-10-04 19:13:13 - [MESSAGE][PASSED] - Text of object 'Object Repository/verifikasi/Nama keranjang' is: 'Segitiga Instan Madeira - MDB5.3 Sunset'

2023-10-04 19:13:13 - [TEST_STEP][PASSED] - HargaKeranjang = getText(findTestObject("verifikasi/Harga Keranjang")): Text of object 'Object Repository/verifikasi/Harga Keranjang' is: 'Rp 1,299'

2023-10-04 19:13:14 - [MESSAGE][PASSED] - Text of object 'Object Repository/verifikasi/Harga Keranjang' is: 'Rp 1,299'

2023-10-04 19:13:14 - [TEST_STEP][PASSED] - if (toString().equalsIgnoreCase("Merah")): Object 'Object Repository/keranjang/input_Warna_variasi101' is checked

2023-10-04 19:13:14 - [TEST_STEP][PASSED] - check(findTestObject("Object Repository/keranjang/input_Warna_variasi101")): Object 'Object Repository/keranjang/input_Warna_variasi101' is checked

2023-10-04 19:13:14 - [MESSAGE][PASSED] - Object 'Object Repository/keranjang/input_Warna_variasi101' is checked

2023-10-04 19:13:14 - [TEST_STEP][PASSED] - if (toString().equalsIgnoreCase("Menengah")): Object 'Object Repository/keranjang/input_Ukuran_variasi201' is checked

2023-10-04 19:13:14 - [TEST_STEP][PASSED] - check(findTestObject("Object Repository/keranjang/input_Ukuran_variasi201")): Object 'Object Repository/keranjang/input_Ukuran_variasi201' is checked

2023-10-04 19:13:15 - [MESSAGE][PASSED] - Object 'Object Repository/keranjang/input_Ukuran_variasi201' is checked

2023-10-04 19:13:15 - [TEST_STEP][PASSED] - data.put("Warna", warna): null

2023-10-04 19:13:15 - [TEST_STEP][PASSED] - data.put("Ukuran", ukuran): null

2023-10-04 19:13:15 - [TEST_STEP][PASSED] - click(findTestObject("keranjang/button_Lanjut ke Pembayaran")): Object: 'Object Repository/keranjang/button_Lanjut ke Pembayaran' is clicked on

2023-10-04 19:13:16 - [MESSAGE][PASSED] - Object: 'Object Repository/keranjang/button_Lanjut ke Pembayaran' is clicked on

2023-10-04 19:13:16 - [TEST_STEP][PASSED] - verifyElementPresent(findTestObject("checkout/Tittle Checkout Order"), 0): Object 'Object Repository/checkout/Tittle Checkout Order' is present

2023-10-04 19:13:16 - [MESSAGE][WARNING] - Timeout '0' is invalid. Using default page load timeout: '30'

2023-10-04 19:13:17 - [MESSAGE][PASSED] - Object 'Object Repository/checkout/Tittle Checkout Order' is present

2023-10-04 19:13:17 - [TEST_STEP][PASSED] - name_product = data.get("nama_barang"): null

2023-10-04 19:13:17 - [TEST_STEP][PASSED] - price_product = data.get("price_barang"): null

2023-10-04 19:13:17 - [TEST_STEP][PASSED] - assert name_product == NamaKeranjang: null

2023-10-04 19:13:17 - [TEST_STEP][PASSED] - assert price_product == HargaKeranjang: null

2023-10-04 19:13:17 - [TEST_STEP][PASSED] - return data: null

2023-10-04 19:13:17 - [MESSAGE][PASSED] - Call Test Case 'Test Cases/T13 Pembelian, Shipment dan Pembayaran/PBL-002' successfully

2023-10-04 19:13:17 - [TEST_STEP][PASSED] - warnaa = getText(findTestObject("verifikasi/warna Merah")): Text of object 'Object Repository/verifikasi/warna Merah' is: 'Merah'

2023-10-04 19:13:17 - [MESSAGE][PASSED] - Text of object 'Object Repository/verifikasi/warna Merah' is: 'Merah'

2023-10-04 19:13:17 - [TEST_STEP][PASSED] - ukurann = getText(findTestObject("verifikasi/Ukuran Menengah")): Text of object 'Object Repository/verifikasi/Ukuran Menengah' is: 'Menengah'

2023-10-04 19:13:18 - [MESSAGE][PASSED] - Text of object 'Object Repository/verifikasi/Ukuran Menengah' is: 'Menengah'

2023-10-04 19:13:18 - [TEST_STEP][PASSED] - warna1 = data.get("Warna"): null

2023-10-04 19:13:18 - [TEST_STEP][PASSED] - ukuran1 = data.get("Ukuran"): null

2023-10-04 19:13:18 - [TEST_STEP][PASSED] - assert warnaa == warna1: null

2023-10-04 19:13:18 - [TEST_STEP][PASSED] - assert ukurann == ukuran1: null

2023-10-04 19:13:18 - [TEST_STEP][PASSED] - NamaCheckout = getText(findTestObject("verifikasi/NamaCheckout")): Text of object 'Object Repository/verifikasi/NamaCheckout' is: ''

2023-10-04 19:13:18 - [MESSAGE][PASSED] - Text of object 'Object Repository/verifikasi/NamaCheckout' is: ''

2023-10-04 19:13:18 - [TEST_STEP][PASSED] - HargaCheckout = getText(findTestObject("verifikasi/HargaCheckout")): Text of object 'Object Repository/verifikasi/HargaCheckout' is: '1,299'

2023-10-04 19:13:18 - [MESSAGE][PASSED] - Text of object 'Object Repository/verifikasi/HargaCheckout' is: '1,299'

2023-10-04 19:13:18 - [TEST_STEP][PASSED] - name_product = data.get("nama_barang"): null

2023-10-04 19:13:18 - [TEST_STEP][PASSED] - price_product = data.get("price_barang"): null

2023-10-04 19:13:18 - [TEST_STEP][PASSED] - assert name_product.contains(NamaCheckout): null

2023-10-04 19:13:18 - [TEST_STEP][PASSED] - assert price_product.contains(HargaCheckout): null

2023-10-04 19:13:18 - [TEST_STEP][PASSED] - selectOptionByLabel(findTestObject("checkout/select - Kirim via Kurir Lokal"), Kurir, false): All options with label 'Roda 2' are selected in object 'Object Repository/checkout/select - Kirim via Kurir Lokal' 

2023-10-04 19:13:19 - [MESSAGE][PASSED] - All options with label 'Roda 2' are selected in object 'Object Repository/checkout/select - Kirim via Kurir Lokal' 

2023-10-04 19:13:19 - [TEST_STEP][PASSED] - click(findTestObject("checkout/Kendaraan Kurir")): Object: 'Object Repository/checkout/Kendaraan Kurir' is clicked on

2023-10-04 19:13:20 - [MESSAGE][PASSED] - Object: 'Object Repository/checkout/Kendaraan Kurir' is clicked on

2023-10-04 19:13:20 - [TEST_STEP][PASSED] - OngkosKirim = getText(findTestObject("Object Repository/verifikasi/Ongkos Kirim checkout")): Text of object 'Object Repository/verifikasi/Ongkos Kirim checkout' is: 'Rp. 5,000'

2023-10-04 19:13:20 - [MESSAGE][PASSED] - Text of object 'Object Repository/verifikasi/Ongkos Kirim checkout' is: 'Rp. 5,000'

2023-10-04 19:13:20 - [TEST_STEP][PASSED] - Ongkos = OngkosKirim.substring(3, OngkosKirim.size()): null

2023-10-04 19:13:20 - [TEST_STEP][PASSED] - rep = Ongkos.replace(",", "."): null

2023-10-04 19:13:20 - [TEST_STEP][PASSED] - Ongkos_kirim = Double.parseDouble(rep): null

2023-10-04 19:13:20 - [TEST_STEP][PASSED] - println(Ongkos_kirim): null

2023-10-04 19:13:20 - [TEST_STEP][PASSED] - FeeAdmin = getText(findTestObject("verifikasi/Fee Admin checkout")): Text of object 'Object Repository/verifikasi/Fee Admin checkout' is: 'Fee Admin
Rp 1,500'

2023-10-04 19:13:21 - [MESSAGE][PASSED] - Text of object 'Object Repository/verifikasi/Fee Admin checkout' is: 'Fee Admin
Rp 1,500'

2023-10-04 19:13:21 - [TEST_STEP][PASSED] - Fee_Admin = FeeAdmin.substring(12, FeeAdmin.size()): null

2023-10-04 19:13:21 - [TEST_STEP][PASSED] - fee = Fee_Admin.replace(",", "."): null

2023-10-04 19:13:21 - [TEST_STEP][PASSED] - fee_admin = Double.parseDouble(fee): null

2023-10-04 19:13:21 - [TEST_STEP][PASSED] - println(fee_admin): null

2023-10-04 19:13:21 - [TEST_STEP][PASSED] - Subtotal = getText(findTestObject("verifikasi/subtotal checkout")): Text of object 'Object Repository/verifikasi/subtotal checkout' is: 'Subtotal
Rp 1,299'

2023-10-04 19:13:21 - [MESSAGE][PASSED] - Text of object 'Object Repository/verifikasi/subtotal checkout' is: 'Subtotal
Rp 1,299'

2023-10-04 19:13:21 - [TEST_STEP][PASSED] - sub_total = Subtotal.substring(12, Subtotal.size()): null

2023-10-04 19:13:21 - [TEST_STEP][PASSED] - sub = sub_total.replace(",", "."): null

2023-10-04 19:13:21 - [TEST_STEP][PASSED] - sub_total = Double.parseDouble(sub): null

2023-10-04 19:13:21 - [TEST_STEP][PASSED] - println(sub_total): null

2023-10-04 19:13:21 - [TEST_STEP][PASSED] - Total = getText(findTestObject("verifikasi/Total checkout")): Text of object 'Object Repository/verifikasi/Total checkout' is: 'Rp 7,799'

2023-10-04 19:13:22 - [MESSAGE][PASSED] - Text of object 'Object Repository/verifikasi/Total checkout' is: 'Rp 7,799'

2023-10-04 19:13:22 - [TEST_STEP][PASSED] - totall = Total.substring(3, Total.size()): null

2023-10-04 19:13:22 - [TEST_STEP][PASSED] - total = totall.replace(",", "."): null

2023-10-04 19:13:22 - [TEST_STEP][PASSED] - totall = Double.parseDouble(total): null

2023-10-04 19:13:22 - [TEST_STEP][PASSED] - println(totall): null

2023-10-04 19:13:22 - [TEST_STEP][PASSED] - Total_Harga = Ongkos_kirim + fee_admin + sub_total: null

2023-10-04 19:13:22 - [TEST_STEP][PASSED] - println(Total_Harga): null

2023-10-04 19:13:22 - [TEST_STEP][PASSED] - TotalHarga = Math.round(Total_Harga * 1000) / 1000: null

2023-10-04 19:13:22 - [TEST_STEP][PASSED] - println(TotalHarga): null

2023-10-04 19:13:22 - [TEST_STEP][PASSED] - assert totall == TotalHarga: null

2023-10-04 19:13:22 - [TEST_STEP][PASSED] - click(findTestObject("verifikasi/Metode Transfer")): Object: 'Object Repository/verifikasi/Metode Transfer' is clicked on

2023-10-04 19:13:22 - [MESSAGE][PASSED] - Object: 'Object Repository/verifikasi/Metode Transfer' is clicked on

2023-10-04 19:13:22 - [TEST_STEP][PASSED] - click(findTestObject("checkout/button_Proses Pembayaran")): Object: 'Object Repository/checkout/button_Proses Pembayaran' is clicked on

2023-10-04 19:13:28 - [MESSAGE][PASSED] - Object: 'Object Repository/checkout/button_Proses Pembayaran' is clicked on

2023-10-04 19:13:28 - [TEST_STEP][PASSED] - verifyElementPresent(findTestObject("pembayaran/Tittle nomor invoice"), 0): Object 'Object Repository/pembayaran/Tittle nomor invoice' is present

2023-10-04 19:13:28 - [MESSAGE][WARNING] - Timeout '0' is invalid. Using default page load timeout: '30'

2023-10-04 19:13:34 - [MESSAGE][PASSED] - Object 'Object Repository/pembayaran/Tittle nomor invoice' is present

2023-10-04 19:13:34 - [TEST_STEP][PASSED] - return data: null

2023-10-04 19:13:34 - [MESSAGE][PASSED] - Call Test Case 'Test Cases/T13 Pembelian, Shipment dan Pembayaran/PBL-004' successfully

2023-10-04 19:13:34 - [TEST_STEP][PASSED] - Invoice = getText(findTestObject("pembayaran/nomor invoice")): Text of object 'Object Repository/pembayaran/nomor invoice' is: 'TRX60.20231004191324'

2023-10-04 19:13:35 - [MESSAGE][PASSED] - Text of object 'Object Repository/pembayaran/nomor invoice' is: 'TRX60.20231004191324'

2023-10-04 19:13:35 - [TEST_STEP][PASSED] - data.put("invoice", Invoice): null

2023-10-04 19:13:35 - [TEST_STEP][PASSED] - NamaPemesan = getText(findTestObject("Konfirmasi pesanan shop/Nama pemesan")): Text of object 'Object Repository/Konfirmasi pesanan shop/Nama pemesan' is: 'irfan.afandi'

2023-10-04 19:13:35 - [MESSAGE][PASSED] - Text of object 'Object Repository/Konfirmasi pesanan shop/Nama pemesan' is: 'irfan.afandi'

2023-10-04 19:13:35 - [TEST_STEP][PASSED] - Nama = getText(findTestObject("pembayaran/Nama barang")): Text of object 'Object Repository/pembayaran/Nama barang' is: 'Segitiga Instan Madeira - MDB5.3 Sunset'

2023-10-04 19:13:35 - [MESSAGE][PASSED] - Text of object 'Object Repository/pembayaran/Nama barang' is: 'Segitiga Instan Madeira - MDB5.3 Sunset'

2023-10-04 19:13:35 - [TEST_STEP][PASSED] - Harga = getText(findTestObject("pembayaran/Harga barang")): Text of object 'Object Repository/pembayaran/Harga barang' is: '1,299'

2023-10-04 19:13:36 - [MESSAGE][PASSED] - Text of object 'Object Repository/pembayaran/Harga barang' is: '1,299'

2023-10-04 19:13:36 - [TEST_STEP][PASSED] - name_product = data.get("nama_barang"): null

2023-10-04 19:13:36 - [TEST_STEP][PASSED] - price_product = data.get("price_barang"): null

2023-10-04 19:13:36 - [TEST_STEP][PASSED] - assert name_product.contains(Nama): null

2023-10-04 19:13:36 - [TEST_STEP][PASSED] - assert price_product.contains(Harga): null

2023-10-04 19:13:36 - [TEST_STEP][PASSED] - warnaa = getText(findTestObject("pembayaran/warna")): Text of object 'Object Repository/pembayaran/warna' is: 'Merah'

2023-10-04 19:13:37 - [MESSAGE][PASSED] - Text of object 'Object Repository/pembayaran/warna' is: 'Merah'

2023-10-04 19:13:37 - [TEST_STEP][PASSED] - ukurann = getText(findTestObject("pembayaran/ukuran")): Text of object 'Object Repository/pembayaran/ukuran' is: 'Menengah'

2023-10-04 19:13:37 - [MESSAGE][PASSED] - Text of object 'Object Repository/pembayaran/ukuran' is: 'Menengah'

2023-10-04 19:13:37 - [TEST_STEP][PASSED] - warna1 = data.get("Warna"): null

2023-10-04 19:13:37 - [TEST_STEP][PASSED] - ukuran1 = data.get("Ukuran"): null

2023-10-04 19:13:37 - [TEST_STEP][PASSED] - assert warnaa == warna1: null

2023-10-04 19:13:37 - [TEST_STEP][PASSED] - assert ukurann == ukuran1: null

2023-10-04 19:13:37 - [TEST_STEP][PASSED] - statusPembelian = getText(findTestObject("verifikasi/Status pending di pembelian")): Text of object 'Object Repository/verifikasi/Status pending di pembelian' is: 'Pending'

2023-10-04 19:13:38 - [MESSAGE][PASSED] - Text of object 'Object Repository/verifikasi/Status pending di pembelian' is: 'Pending'

2023-10-04 19:13:38 - [TEST_STEP][PASSED] - data.put("statusPem", statusPembelian): null

2023-10-04 19:13:38 - [TEST_STEP][PASSED] - OngkosKirim = getText(findTestObject("pembayaran/ongkos kirim")): Text of object 'Object Repository/pembayaran/ongkos kirim' is: 'Rp 5,000'

2023-10-04 19:13:38 - [MESSAGE][PASSED] - Text of object 'Object Repository/pembayaran/ongkos kirim' is: 'Rp 5,000'

2023-10-04 19:13:38 - [TEST_STEP][PASSED] - Ongkos = OngkosKirim.substring(3, OngkosKirim.size()): null

2023-10-04 19:13:38 - [TEST_STEP][PASSED] - rep = Ongkos.replace(",", ""): null

2023-10-04 19:13:38 - [TEST_STEP][PASSED] - Ongkos_kirimm = Integer.parseInt(rep): null

2023-10-04 19:13:38 - [TEST_STEP][PASSED] - println(Ongkos_kirimm): null

2023-10-04 19:13:38 - [TEST_STEP][PASSED] - FeeAdmin = getText(findTestObject("pembayaran/fee admin")): Text of object 'Object Repository/pembayaran/fee admin' is: 'Rp 1,500'

2023-10-04 19:13:38 - [MESSAGE][PASSED] - Text of object 'Object Repository/pembayaran/fee admin' is: 'Rp 1,500'

2023-10-04 19:13:38 - [TEST_STEP][PASSED] - Fee_Admin = FeeAdmin.substring(3, FeeAdmin.size()): null

2023-10-04 19:13:38 - [TEST_STEP][PASSED] - fee = Fee_Admin.replace(",", ""): null

2023-10-04 19:13:38 - [TEST_STEP][PASSED] - fee_adminn = Integer.parseInt(fee): null

2023-10-04 19:13:38 - [TEST_STEP][PASSED] - println(fee_adminn): null

2023-10-04 19:13:38 - [TEST_STEP][PASSED] - Subtotal = getText(findTestObject("pembayaran/subtotal")): Text of object 'Object Repository/pembayaran/subtotal' is: 'Rp 1,299'

2023-10-04 19:13:39 - [MESSAGE][PASSED] - Text of object 'Object Repository/pembayaran/subtotal' is: 'Rp 1,299'

2023-10-04 19:13:39 - [TEST_STEP][PASSED] - sub_total = Subtotal.substring(3, Subtotal.size()): null

2023-10-04 19:13:39 - [TEST_STEP][PASSED] - sub = sub_total.replace(",", ""): null

2023-10-04 19:13:39 - [TEST_STEP][PASSED] - sub_totall = Integer.parseInt(sub): null

2023-10-04 19:13:39 - [TEST_STEP][PASSED] - println(sub_totall): null

2023-10-04 19:13:39 - [TEST_STEP][PASSED] - unik = getText(findTestObject("pembayaran/kode unik")): Text of object 'Object Repository/pembayaran/kode unik' is: '+324'

2023-10-04 19:13:40 - [MESSAGE][PASSED] - Text of object 'Object Repository/pembayaran/kode unik' is: '+324'

2023-10-04 19:13:40 - [TEST_STEP][PASSED] - unikk = unik.replace("+", ""): null

2023-10-04 19:13:40 - [TEST_STEP][PASSED] - kode_unik = Integer.parseInt(unikk): null

2023-10-04 19:13:40 - [TEST_STEP][PASSED] - println(kode_unik): null

2023-10-04 19:13:40 - [TEST_STEP][PASSED] - Total = getText(findTestObject("pembayaran/total")): Text of object 'Object Repository/pembayaran/total' is: '8,123'

2023-10-04 19:13:40 - [MESSAGE][PASSED] - Text of object 'Object Repository/pembayaran/total' is: '8,123'

2023-10-04 19:13:40 - [TEST_STEP][PASSED] - total = Total.replace(",", ""): null

2023-10-04 19:13:40 - [TEST_STEP][PASSED] - totalll = Integer.parseInt(total): null

2023-10-04 19:13:40 - [TEST_STEP][PASSED] - println(totalll): null

2023-10-04 19:13:40 - [TEST_STEP][PASSED] - Total_Hargaa = Ongkos_kirimm + fee_adminn + sub_totall + kode_unik: null

2023-10-04 19:13:40 - [TEST_STEP][PASSED] - println(Total_Hargaa): null

2023-10-04 19:13:40 - [TEST_STEP][PASSED] - assert totalll == Total_Hargaa: null

2023-10-04 19:13:40 - [TEST_STEP][PASSED] - data.put("total", Total): null

2023-10-04 19:13:40 - [TEST_STEP][PASSED] - data.put("nama", NamaPemesan): null

2023-10-04 19:13:40 - [TEST_STEP][PASSED] - return data: null

2023-10-04 19:13:40 - [MESSAGE][PASSED] - Call Test Case 'Test Cases/T13 Pembelian, Shipment dan Pembayaran/PBY-001' successfully

2023-10-04 19:13:40 - [TEST_STEP][PASSED] - inv = data.get("invoice"): null

2023-10-04 19:13:40 - [TEST_STEP][PASSED] - Total = data.get("total"): null

2023-10-04 19:13:40 - [TEST_STEP][PASSED] - NamaPemesan = data.get("nama"): null

2023-10-04 19:13:40 - [TEST_STEP][PASSED] - click(findTestObject("Konfirmasi pesanan shop/Menu Shop")): Object: 'Object Repository/Konfirmasi pesanan shop/Menu Shop' is clicked on

2023-10-04 19:13:41 - [MESSAGE][PASSED] - Object: 'Object Repository/Konfirmasi pesanan shop/Menu Shop' is clicked on

2023-10-04 19:13:41 - [TEST_STEP][PASSED] - click(findTestObject("Konfirmasi pesanan shop/Menu Shop")): Object: 'Object Repository/Konfirmasi pesanan shop/Menu Shop' is clicked on

2023-10-04 19:13:43 - [MESSAGE][PASSED] - Object: 'Object Repository/Konfirmasi pesanan shop/Menu Shop' is clicked on

2023-10-04 19:13:43 - [TEST_STEP][PASSED] - click(findTestObject("Konfirmasi pesanan shop/Konfirmasi Orders")): Object: 'Object Repository/Konfirmasi pesanan shop/Konfirmasi Orders' is clicked on

2023-10-04 19:13:43 - [MESSAGE][PASSED] - Object: 'Object Repository/Konfirmasi pesanan shop/Konfirmasi Orders' is clicked on

2023-10-04 19:13:43 - [TEST_STEP][PASSED] - verifyElementPresent(findTestObject("Konfirmasi pesanan shop/Tittle Konfirmasi Pesanan"), 0): Object 'Object Repository/Konfirmasi pesanan shop/Tittle Konfirmasi Pesanan' is present

2023-10-04 19:13:44 - [MESSAGE][WARNING] - Timeout '0' is invalid. Using default page load timeout: '30'

2023-10-04 19:13:44 - [MESSAGE][PASSED] - Object 'Object Repository/Konfirmasi pesanan shop/Tittle Konfirmasi Pesanan' is present

2023-10-04 19:13:44 - [TEST_STEP][PASSED] - setText(findTestObject("Konfirmasi pesanan shop/input_No Pesanan"), inv): Text 'TRX60.20231004191324' is set on object 'Object Repository/Konfirmasi pesanan shop/input_No Pesanan'

2023-10-04 19:13:45 - [MESSAGE][PASSED] - Text 'TRX60.20231004191324' is set on object 'Object Repository/Konfirmasi pesanan shop/input_No Pesanan'

2023-10-04 19:13:45 - [TEST_STEP][PASSED] - setText(findTestObject("Konfirmasi pesanan shop/input_Alamat E-mai"), "irfan@gmail.com"): Text 'irfan@gmail.com' is set on object 'Object Repository/Konfirmasi pesanan shop/input_Alamat E-mai'

2023-10-04 19:13:45 - [MESSAGE][PASSED] - Text 'irfan@gmail.com' is set on object 'Object Repository/Konfirmasi pesanan shop/input_Alamat E-mai'

2023-10-04 19:13:45 - [TEST_STEP][PASSED] - click(findTestObject("Konfirmasi pesanan shop/button_Submit")): Object: 'Object Repository/Konfirmasi pesanan shop/button_Submit' is clicked on

2023-10-04 19:13:46 - [MESSAGE][PASSED] - Object: 'Object Repository/Konfirmasi pesanan shop/button_Submit' is clicked on

2023-10-04 19:13:46 - [TEST_STEP][PASSED] - verifyElementPresent(findTestObject("Konfirmasi pesanan shop/Tittle nomor invoice"), 0): Object 'Object Repository/Konfirmasi pesanan shop/Tittle nomor invoice' is present

2023-10-04 19:13:46 - [MESSAGE][WARNING] - Timeout '0' is invalid. Using default page load timeout: '30'

2023-10-04 19:13:47 - [MESSAGE][PASSED] - Object 'Object Repository/Konfirmasi pesanan shop/Tittle nomor invoice' is present

2023-10-04 19:13:47 - [TEST_STEP][PASSED] - setText(findTestObject("Konfirmasi pesanan shop/input_Total TagihanTransfer_b"), Total): Text '8,123' is set on object 'Object Repository/Konfirmasi pesanan shop/input_Total TagihanTransfer_b'

2023-10-04 19:13:48 - [MESSAGE][PASSED] - Text '8,123' is set on object 'Object Repository/Konfirmasi pesanan shop/input_Total TagihanTransfer_b'

2023-10-04 19:13:48 - [TEST_STEP][PASSED] - selectOptionByValue(findTestObject("Konfirmasi pesanan shop/select_Bank"), "4", false): All options with value '4' are selected in object 'Object Repository/Konfirmasi pesanan shop/select_Bank' 

2023-10-04 19:13:48 - [MESSAGE][PASSED] - All options with value '4' are selected in object 'Object Repository/Konfirmasi pesanan shop/select_Bank' 

2023-10-04 19:13:48 - [TEST_STEP][PASSED] - setText(findTestObject("Konfirmasi pesanan shop/input_Nama Pengirim_d"), NamaPemesan): Text 'irfan.afandi' is set on object 'Object Repository/Konfirmasi pesanan shop/input_Nama Pengirim_d'

2023-10-04 19:13:49 - [MESSAGE][PASSED] - Text 'irfan.afandi' is set on object 'Object Repository/Konfirmasi pesanan shop/input_Nama Pengirim_d'

2023-10-04 19:13:49 - [TEST_STEP][PASSED] - clearText(findTestObject("Konfirmasi pesanan shop/input_Tanggal Transfer_e")): Text of object 'Object Repository/Konfirmasi pesanan shop/input_Tanggal Transfer_e' is cleared

2023-10-04 19:13:49 - [MESSAGE][PASSED] - Text of object 'Object Repository/Konfirmasi pesanan shop/input_Tanggal Transfer_e' is cleared

2023-10-04 19:13:49 - [TEST_STEP][PASSED] - uploadFile(findTestObject("Konfirmasi pesanan shop/input_Upload Bukti Transfer_f"), "C:\Users\IRFAN\Downloads\Berkas2.pdf"): File 'C:\Users\IRFAN\Downloads\Berkas2.pdf' sent to object: 'Object Repository/Konfirmasi pesanan shop/input_Upload Bukti Transfer_f'

2023-10-04 19:13:50 - [MESSAGE][PASSED] - File 'C:\Users\IRFAN\Downloads\Berkas2.pdf' sent to object: 'Object Repository/Konfirmasi pesanan shop/input_Upload Bukti Transfer_f'

2023-10-04 19:13:50 - [TEST_STEP][PASSED] - click(findTestObject("Konfirmasi pesanan shop/button_Konfirmasi Pembayaran")): Object: 'Object Repository/Konfirmasi pesanan shop/button_Konfirmasi Pembayaran' is clicked on

2023-10-04 19:13:51 - [MESSAGE][PASSED] - Object: 'Object Repository/Konfirmasi pesanan shop/button_Konfirmasi Pembayaran' is clicked on

2023-10-04 19:13:51 - [TEST_STEP][FAILED] - verifyTextPresent("Please fill out this field.", false): Unable to verify text 'Please fill out this field.' is present  (Root cause: com.kms.katalon.core.exception.StepFailedException: Unable to verify text 'Please fill out this field.' is present 
	at com.kms.katalon.core.webui.keyword.internal.WebUIKeywordMain.stepFailed(WebUIKeywordMain.groovy:64)
	at com.kms.katalon.core.webui.keyword.internal.WebUIKeywordMain.runKeyword(WebUIKeywordMain.groovy:26)
	at com.kms.katalon.core.webui.keyword.builtin.VerifyTextPresentKeyword.verifyTextPresent(VerifyTextPresentKeyword.groovy:83)
	at com.kms.katalon.core.webui.keyword.builtin.VerifyTextPresentKeyword.execute(VerifyTextPresentKeyword.groovy:68)
	at com.kms.katalon.core.keyword.internal.KeywordExecutor.executeKeywordForPlatform(KeywordExecutor.groovy:74)
	at com.kms.katalon.core.webui.keyword.WebUiBuiltInKeywords.verifyTextPresent(WebUiBuiltInKeywords.groovy:1723)
	at com.kms.katalon.core.webui.keyword.WebUiBuiltInKeywords$verifyTextPresent$9.call(Unknown Source)
	at PBY-008.run(PBY-008:57)
	at com.kms.katalon.core.main.ScriptEngine.run(ScriptEngine.java:194)
	at com.kms.katalon.core.main.ScriptEngine.runScriptAsRawText(ScriptEngine.java:119)
	at com.kms.katalon.core.main.TestCaseExecutor.runScript(TestCaseExecutor.java:448)
	at com.kms.katalon.core.main.TestCaseExecutor.doExecute(TestCaseExecutor.java:439)
	at com.kms.katalon.core.main.TestCaseExecutor.processExecutionPhase(TestCaseExecutor.java:418)
	at com.kms.katalon.core.main.TestCaseExecutor.accessMainPhase(TestCaseExecutor.java:410)
	at com.kms.katalon.core.main.TestCaseExecutor.execute(TestCaseExecutor.java:285)
	at com.kms.katalon.core.common.CommonExecutor.accessTestCaseMainPhase(CommonExecutor.java:65)
	at com.kms.katalon.core.main.TestSuiteExecutor.accessTestSuiteMainPhase(TestSuiteExecutor.java:148)
	at com.kms.katalon.core.main.TestSuiteExecutor.execute(TestSuiteExecutor.java:106)
	at com.kms.katalon.core.main.TestCaseMain.startTestSuite(TestCaseMain.java:187)
	at com.kms.katalon.core.main.TestCaseMain$startTestSuite$0.call(Unknown Source)
	at TempTestSuite1696420804604.run(TempTestSuite1696420804604.groovy:36)
Caused by: com.kms.katalon.core.exception.StepFailedException: Text 'Please fill out this field.' is not present on page 
	at com.kms.katalon.core.webui.keyword.internal.WebUIKeywordMain.stepFailed(WebUIKeywordMain.groovy:64)
	at com.kms.katalon.core.webui.keyword.builtin.VerifyTextPresentKeyword$_verifyTextPresent_closure1.doCall(VerifyTextPresentKeyword.groovy:79)
	at com.kms.katalon.core.webui.keyword.builtin.VerifyTextPresentKeyword$_verifyTextPresent_closure1.call(VerifyTextPresentKeyword.groovy)
	at com.kms.katalon.core.webui.keyword.internal.WebUIKeywordMain.runKeyword(WebUIKeywordMain.groovy:20)
	... 19 more
)

2023-10-04 19:13:52 - [MESSAGE][FAILED] - Text 'Please fill out this field.' is not present on page  (Root cause: com.kms.katalon.core.exception.StepFailedException: Text 'Please fill out this field.' is not present on page 
	at com.kms.katalon.core.webui.keyword.internal.WebUIKeywordMain.stepFailed(WebUIKeywordMain.groovy:64)
	at com.kms.katalon.core.webui.keyword.builtin.VerifyTextPresentKeyword$_verifyTextPresent_closure1.doCall(VerifyTextPresentKeyword.groovy:79)
	at com.kms.katalon.core.webui.keyword.builtin.VerifyTextPresentKeyword$_verifyTextPresent_closure1.call(VerifyTextPresentKeyword.groovy)
	at com.kms.katalon.core.webui.keyword.internal.WebUIKeywordMain.runKeyword(WebUIKeywordMain.groovy:20)
	at com.kms.katalon.core.webui.keyword.builtin.VerifyTextPresentKeyword.verifyTextPresent(VerifyTextPresentKeyword.groovy:83)
	at com.kms.katalon.core.webui.keyword.builtin.VerifyTextPresentKeyword.execute(VerifyTextPresentKeyword.groovy:68)
	at com.kms.katalon.core.keyword.internal.KeywordExecutor.executeKeywordForPlatform(KeywordExecutor.groovy:74)
	at com.kms.katalon.core.webui.keyword.WebUiBuiltInKeywords.verifyTextPresent(WebUiBuiltInKeywords.groovy:1723)
	at com.kms.katalon.core.webui.keyword.WebUiBuiltInKeywords$verifyTextPresent$9.call(Unknown Source)
	at PBY-008.run(PBY-008:57)
	at com.kms.katalon.core.main.ScriptEngine.run(ScriptEngine.java:194)
	at com.kms.katalon.core.main.ScriptEngine.runScriptAsRawText(ScriptEngine.java:119)
	at com.kms.katalon.core.main.TestCaseExecutor.runScript(TestCaseExecutor.java:448)
	at com.kms.katalon.core.main.TestCaseExecutor.doExecute(TestCaseExecutor.java:439)
	at com.kms.katalon.core.main.TestCaseExecutor.processExecutionPhase(TestCaseExecutor.java:418)
	at com.kms.katalon.core.main.TestCaseExecutor.accessMainPhase(TestCaseExecutor.java:410)
	at com.kms.katalon.core.main.TestCaseExecutor.execute(TestCaseExecutor.java:285)
	at com.kms.katalon.core.common.CommonExecutor.accessTestCaseMainPhase(CommonExecutor.java:65)
	at com.kms.katalon.core.main.TestSuiteExecutor.accessTestSuiteMainPhase(TestSuiteExecutor.java:148)
	at com.kms.katalon.core.main.TestSuiteExecutor.execute(TestSuiteExecutor.java:106)
	at com.kms.katalon.core.main.TestCaseMain.startTestSuite(TestCaseMain.java:187)
	at com.kms.katalon.core.main.TestCaseMain$startTestSuite$0.call(Unknown Source)
	at TempTestSuite1696420804604.run(TempTestSuite1696420804604.groovy:36)
)

2023-10-04 19:13:52 - [MESSAGE][FAILED] - Unable to verify text 'Please fill out this field.' is present  (Root cause: com.kms.katalon.core.exception.StepFailedException: Unable to verify text 'Please fill out this field.' is present 
	at com.kms.katalon.core.webui.keyword.internal.WebUIKeywordMain.stepFailed(WebUIKeywordMain.groovy:64)
	at com.kms.katalon.core.webui.keyword.internal.WebUIKeywordMain.runKeyword(WebUIKeywordMain.groovy:26)
	at com.kms.katalon.core.webui.keyword.builtin.VerifyTextPresentKeyword.verifyTextPresent(VerifyTextPresentKeyword.groovy:83)
	at com.kms.katalon.core.webui.keyword.builtin.VerifyTextPresentKeyword.execute(VerifyTextPresentKeyword.groovy:68)
	at com.kms.katalon.core.keyword.internal.KeywordExecutor.executeKeywordForPlatform(KeywordExecutor.groovy:74)
	at com.kms.katalon.core.webui.keyword.WebUiBuiltInKeywords.verifyTextPresent(WebUiBuiltInKeywords.groovy:1723)
	at com.kms.katalon.core.webui.keyword.WebUiBuiltInKeywords$verifyTextPresent$9.call(Unknown Source)
	at PBY-008.run(PBY-008:57)
	at com.kms.katalon.core.main.ScriptEngine.run(ScriptEngine.java:194)
	at com.kms.katalon.core.main.ScriptEngine.runScriptAsRawText(ScriptEngine.java:119)
	at com.kms.katalon.core.main.TestCaseExecutor.runScript(TestCaseExecutor.java:448)
	at com.kms.katalon.core.main.TestCaseExecutor.doExecute(TestCaseExecutor.java:439)
	at com.kms.katalon.core.main.TestCaseExecutor.processExecutionPhase(TestCaseExecutor.java:418)
	at com.kms.katalon.core.main.TestCaseExecutor.accessMainPhase(TestCaseExecutor.java:410)
	at com.kms.katalon.core.main.TestCaseExecutor.execute(TestCaseExecutor.java:285)
	at com.kms.katalon.core.common.CommonExecutor.accessTestCaseMainPhase(CommonExecutor.java:65)
	at com.kms.katalon.core.main.TestSuiteExecutor.accessTestSuiteMainPhase(TestSuiteExecutor.java:148)
	at com.kms.katalon.core.main.TestSuiteExecutor.execute(TestSuiteExecutor.java:106)
	at com.kms.katalon.core.main.TestCaseMain.startTestSuite(TestCaseMain.java:187)
	at com.kms.katalon.core.main.TestCaseMain$startTestSuite$0.call(Unknown Source)
	at TempTestSuite1696420804604.run(TempTestSuite1696420804604.groovy:36)
Caused by: com.kms.katalon.core.exception.StepFailedException: Text 'Please fill out this field.' is not present on page 
	at com.kms.katalon.core.webui.keyword.internal.WebUIKeywordMain.stepFailed(WebUIKeywordMain.groovy:64)
	at com.kms.katalon.core.webui.keyword.builtin.VerifyTextPresentKeyword$_verifyTextPresent_closure1.doCall(VerifyTextPresentKeyword.groovy:79)
	at com.kms.katalon.core.webui.keyword.builtin.VerifyTextPresentKeyword$_verifyTextPresent_closure1.call(VerifyTextPresentKeyword.groovy)
	at com.kms.katalon.core.webui.keyword.internal.WebUIKeywordMain.runKeyword(WebUIKeywordMain.groovy:20)
	... 19 more
)
[[ATTACHMENT|D:\\BOOTCAMP XSIS\\Projek 2 MINI PROJEK\\Reports\\20231004_190004\\T13 Pembelian, Shipment dan Pembayaran\\T13 Pembelian, Shipment dan Pembayaran\\20231004_190004\\1696421632078.png]]]]></system-out>
         <system-err><![CDATA[2023-10-04 19:12:51 - [TEST_CASE][FAILED] - Test Cases/T13 Pembelian, Shipment dan Pembayaran/PBY-008: Test Cases/T13 Pembelian, Shipment dan Pembayaran/PBY-008 FAILED.
Reason:
com.kms.katalon.core.exception.StepFailedException: Unable to verify text 'Please fill out this field.' is present 
	at com.kms.katalon.core.webui.keyword.internal.WebUIKeywordMain.stepFailed(WebUIKeywordMain.groovy:64)
	at com.kms.katalon.core.webui.keyword.internal.WebUIKeywordMain.runKeyword(WebUIKeywordMain.groovy:26)
	at com.kms.katalon.core.webui.keyword.builtin.VerifyTextPresentKeyword.verifyTextPresent(VerifyTextPresentKeyword.groovy:83)
	at com.kms.katalon.core.webui.keyword.builtin.VerifyTextPresentKeyword.execute(VerifyTextPresentKeyword.groovy:68)
	at com.kms.katalon.core.keyword.internal.KeywordExecutor.executeKeywordForPlatform(KeywordExecutor.groovy:74)
	at com.kms.katalon.core.webui.keyword.WebUiBuiltInKeywords.verifyTextPresent(WebUiBuiltInKeywords.groovy:1723)
	at com.kms.katalon.core.webui.keyword.WebUiBuiltInKeywords$verifyTextPresent$9.call(Unknown Source)
	at PBY-008.run(PBY-008:57)
	at com.kms.katalon.core.main.ScriptEngine.run(ScriptEngine.java:194)
	at com.kms.katalon.core.main.ScriptEngine.runScriptAsRawText(ScriptEngine.java:119)
	at com.kms.katalon.core.main.TestCaseExecutor.runScript(TestCaseExecutor.java:448)
	at com.kms.katalon.core.main.TestCaseExecutor.doExecute(TestCaseExecutor.java:439)
	at com.kms.katalon.core.main.TestCaseExecutor.processExecutionPhase(TestCaseExecutor.java:418)
	at com.kms.katalon.core.main.TestCaseExecutor.accessMainPhase(TestCaseExecutor.java:410)
	at com.kms.katalon.core.main.TestCaseExecutor.execute(TestCaseExecutor.java:285)
	at com.kms.katalon.core.common.CommonExecutor.accessTestCaseMainPhase(CommonExecutor.java:65)
	at com.kms.katalon.core.main.TestSuiteExecutor.accessTestSuiteMainPhase(TestSuiteExecutor.java:148)
	at com.kms.katalon.core.main.TestSuiteExecutor.execute(TestSuiteExecutor.java:106)
	at com.kms.katalon.core.main.TestCaseMain.startTestSuite(TestCaseMain.java:187)
	at com.kms.katalon.core.main.TestCaseMain$startTestSuite$0.call(Unknown Source)
	at TempTestSuite1696420804604.run(TempTestSuite1696420804604.groovy:36)
Caused by: com.kms.katalon.core.exception.StepFailedException: Text 'Please fill out this field.' is not present on page 
	at com.kms.katalon.core.webui.keyword.internal.WebUIKeywordMain.stepFailed(WebUIKeywordMain.groovy:64)
	at com.kms.katalon.core.webui.keyword.builtin.VerifyTextPresentKeyword$_verifyTextPresent_closure1.doCall(VerifyTextPresentKeyword.groovy:79)
	at com.kms.katalon.core.webui.keyword.builtin.VerifyTextPresentKeyword$_verifyTextPresent_closure1.call(VerifyTextPresentKeyword.groovy)
	at com.kms.katalon.core.webui.keyword.internal.WebUIKeywordMain.runKeyword(WebUIKeywordMain.groovy:20)
	... 19 more]]></system-err>
      </testcase>
      <testcase name="Test Cases/T13 Pembelian, Shipment dan Pembayaran/PBY-009" time="58.068" classname="Test Cases/T13 Pembelian, Shipment dan Pembayaran/PBY-009" status="PASSED">
         <system-out><![CDATA[2023-10-04 19:13:52 - [TEST_CASE][PASSED] - Test Cases/T13 Pembelian, Shipment dan Pembayaran/PBY-009: Test Cases/T13 Pembelian, Shipment dan Pembayaran/PBY-009

2023-10-04 19:13:52 - [TEST_STEP][PASSED] - data = callTestCase(findTestCase("T13 Pembelian, Shipment dan Pembayaran/PBY-001"), [:], STOP_ON_FAILURE): Call Test Case 'Test Cases/T13 Pembelian, Shipment dan Pembayaran/PBY-001' successfully

2023-10-04 19:13:52 - [TEST_CASE][PASSED] - Test Cases/T13 Pembelian, Shipment dan Pembayaran/PBY-001: Test Cases/T13 Pembelian, Shipment dan Pembayaran/PBY-001

2023-10-04 19:13:52 - [TEST_STEP][PASSED] - data = callTestCase(findTestCase("T13 Pembelian, Shipment dan Pembayaran/PBL-004"), ["Kurir":"Roda 2"], STOP_ON_FAILURE): Call Test Case 'Test Cases/T13 Pembelian, Shipment dan Pembayaran/PBL-004' successfully

2023-10-04 19:13:52 - [TEST_CASE][PASSED] - Test Cases/T13 Pembelian, Shipment dan Pembayaran/PBL-004: Test Cases/T13 Pembelian, Shipment dan Pembayaran/PBL-004

2023-10-04 19:13:52 - [TEST_STEP][PASSED] - data = callTestCase(findTestCase("T13 Pembelian, Shipment dan Pembayaran/PBL-002"), [:], STOP_ON_FAILURE): Call Test Case 'Test Cases/T13 Pembelian, Shipment dan Pembayaran/PBL-002' successfully

2023-10-04 19:13:52 - [TEST_CASE][PASSED] - Test Cases/T13 Pembelian, Shipment dan Pembayaran/PBL-002: Test Cases/T13 Pembelian, Shipment dan Pembayaran/PBL-002

2023-10-04 19:13:52 - [TEST_STEP][PASSED] - data = callTestCase(findTestCase("T13 Pembelian, Shipment dan Pembayaran/PBL-001"), [:], STOP_ON_FAILURE): Call Test Case 'Test Cases/T13 Pembelian, Shipment dan Pembayaran/PBL-001' successfully

2023-10-04 19:13:52 - [TEST_CASE][PASSED] - Test Cases/T13 Pembelian, Shipment dan Pembayaran/PBL-001: Test Cases/T13 Pembelian, Shipment dan Pembayaran/PBL-001

2023-10-04 19:13:52 - [TEST_STEP][PASSED] - callTestCase(findTestCase("T13 Pembelian, Shipment dan Pembayaran/LU-001"), ["username":"irfanafandi", "password":"12345irfan"], STOP_ON_FAILURE): Call Test Case 'Test Cases/T13 Pembelian, Shipment dan Pembayaran/LU-001' successfully

2023-10-04 19:13:52 - [TEST_CASE][PASSED] - Test Cases/T13 Pembelian, Shipment dan Pembayaran/LU-001: Test Cases/T13 Pembelian, Shipment dan Pembayaran/LU-001

2023-10-04 19:13:52 - [TEST_STEP][PASSED] - openBrowser("https://10.9.2.63/ecommerce/"): Browser is opened with url: 'https://10.9.2.63/ecommerce/'

2023-10-04 19:13:52 - [MESSAGE][WARNING] - A browser is already opened. Closing browser and opening a new one

2023-10-04 19:13:55 - [MESSAGE][INFO] - Starting 'Firefox' driver

2023-10-04 19:13:55 - [MESSAGE][INFO] - User set preference: ['args', '[--disable-notifications]']

2023-10-04 19:13:55 - [MESSAGE][INFO] - Action delay is set to 0 milliseconds

2023-10-04 19:14:00 - [MESSAGE][PASSED] - Browser is opened with url: 'https://10.9.2.63/ecommerce/'

2023-10-04 19:14:00 - [TEST_STEP][PASSED] - maximizeWindow(): Current window maximized

2023-10-04 19:14:00 - [MESSAGE][PASSED] - Current window maximized

2023-10-04 19:14:00 - [TEST_STEP][PASSED] - verifyElementPresent(findTestObject("Login/Home"), 0): Object 'Object Repository/Login/Home' is present

2023-10-04 19:14:00 - [MESSAGE][WARNING] - Timeout '0' is invalid. Using default page load timeout: '30'

2023-10-04 19:14:00 - [MESSAGE][PASSED] - Object 'Object Repository/Login/Home' is present

2023-10-04 19:14:00 - [TEST_STEP][PASSED] - click(findTestObject("Login/a_Login")): Object: 'Object Repository/Login/a_Login' is clicked on

2023-10-04 19:14:01 - [MESSAGE][PASSED] - Object: 'Object Repository/Login/a_Login' is clicked on

2023-10-04 19:14:01 - [TEST_STEP][PASSED] - verifyElementPresent(findTestObject("Login/Tittle Login"), 0): Object 'Object Repository/Login/Tittle Login' is present

2023-10-04 19:14:01 - [MESSAGE][WARNING] - Timeout '0' is invalid. Using default page load timeout: '30'

2023-10-04 19:14:01 - [MESSAGE][PASSED] - Object 'Object Repository/Login/Tittle Login' is present

2023-10-04 19:14:01 - [TEST_STEP][PASSED] - setText(findTestObject("Login/input_Username, Email atau No. Handphone_a"), username): Text 'irfanafandi' is set on object 'Object Repository/Login/input_Username, Email atau No. Handphone_a'

2023-10-04 19:14:02 - [MESSAGE][PASSED] - Text 'irfanafandi' is set on object 'Object Repository/Login/input_Username, Email atau No. Handphone_a'

2023-10-04 19:14:02 - [TEST_STEP][PASSED] - setText(findTestObject("Login/input_Password_b"), password): Text '12345irfan' is set on object 'Object Repository/Login/input_Password_b'

2023-10-04 19:14:03 - [MESSAGE][PASSED] - Text '12345irfan' is set on object 'Object Repository/Login/input_Password_b'

2023-10-04 19:14:03 - [TEST_STEP][PASSED] - click(findTestObject("Login/label_Ingat saya")): Object: 'Object Repository/Login/label_Ingat saya' is clicked on

2023-10-04 19:14:03 - [MESSAGE][PASSED] - Object: 'Object Repository/Login/label_Ingat saya' is clicked on

2023-10-04 19:14:03 - [TEST_STEP][PASSED] - click(findTestObject("Login/button_Masuk")): Object: 'Object Repository/Login/button_Masuk' is clicked on

2023-10-04 19:14:05 - [MESSAGE][PASSED] - Object: 'Object Repository/Login/button_Masuk' is clicked on

2023-10-04 19:14:05 - [TEST_STEP][PASSED] - verifyElementPresent(findTestObject("Login/li_Profile"), 0): Object 'Object Repository/Login/li_Profile' is present

2023-10-04 19:14:05 - [MESSAGE][WARNING] - Timeout '0' is invalid. Using default page load timeout: '30'

2023-10-04 19:14:05 - [MESSAGE][PASSED] - Object 'Object Repository/Login/li_Profile' is present

2023-10-04 19:14:05 - [MESSAGE][PASSED] - Call Test Case 'Test Cases/T13 Pembelian, Shipment dan Pembayaran/LU-001' successfully

2023-10-04 19:14:05 - [TEST_STEP][PASSED] - mouseOver(findTestObject("beli barang/i_Mulai Belanja_icon-menu")): Object: 'Object Repository/beli barang/i_Mulai Belanja_icon-menu' is hovered

2023-10-04 19:14:06 - [MESSAGE][PASSED] - Object: 'Object Repository/beli barang/i_Mulai Belanja_icon-menu' is hovered

2023-10-04 19:14:06 - [TEST_STEP][PASSED] - click(findTestObject("beli barang/a_Fashion  Busana Wanita")): Object: 'Object Repository/beli barang/a_Fashion  Busana Wanita' is clicked on

2023-10-04 19:14:07 - [MESSAGE][PASSED] - Object: 'Object Repository/beli barang/a_Fashion  Busana Wanita' is clicked on

2023-10-04 19:14:07 - [TEST_STEP][PASSED] - NamaSebelum = getText(findTestObject("verifikasi/Nama sebelum")): Text of object 'Object Repository/verifikasi/Nama sebelum' is: ''

2023-10-04 19:14:08 - [MESSAGE][PASSED] - Text of object 'Object Repository/verifikasi/Nama sebelum' is: ''

2023-10-04 19:14:08 - [TEST_STEP][PASSED] - HargaSebelum = getText(findTestObject("verifikasi/Harga sebelum")): Text of object 'Object Repository/verifikasi/Harga sebelum' is: 'Rp 1,299'

2023-10-04 19:14:08 - [MESSAGE][PASSED] - Text of object 'Object Repository/verifikasi/Harga sebelum' is: 'Rp 1,299'

2023-10-04 19:14:08 - [TEST_STEP][PASSED] - mouseOver(findTestObject("beli barang/barang mouse over")): Object: 'Object Repository/beli barang/barang mouse over' is hovered

2023-10-04 19:14:09 - [MESSAGE][PASSED] - Object: 'Object Repository/beli barang/barang mouse over' is hovered

2023-10-04 19:14:09 - [TEST_STEP][PASSED] - click(findTestObject("beli barang/buttom add to cart")): Object: 'Object Repository/beli barang/buttom add to cart' is clicked on

2023-10-04 19:14:10 - [MESSAGE][PASSED] - Object: 'Object Repository/beli barang/buttom add to cart' is clicked on

2023-10-04 19:14:10 - [TEST_STEP][PASSED] - NamaSesudah = getText(findTestObject("verifikasi/Nama sesudah")): Text of object 'Object Repository/verifikasi/Nama sesudah' is: 'Segitiga Instan Madeira - MDB5.3 Sunset'

2023-10-04 19:14:10 - [MESSAGE][PASSED] - Text of object 'Object Repository/verifikasi/Nama sesudah' is: 'Segitiga Instan Madeira - MDB5.3 Sunset'

2023-10-04 19:14:10 - [TEST_STEP][PASSED] - HargaSesudah = getText(findTestObject("verifikasi/Harga sesudah")): Text of object 'Object Repository/verifikasi/Harga sesudah' is: 'Rp 1,299'

2023-10-04 19:14:11 - [MESSAGE][PASSED] - Text of object 'Object Repository/verifikasi/Harga sesudah' is: 'Rp 1,299'

2023-10-04 19:14:11 - [TEST_STEP][PASSED] - assert NamaSesudah.contains(NamaSebelum): null

2023-10-04 19:14:11 - [TEST_STEP][PASSED] - assert HargaSesudah.contains(HargaSebelum): null

2023-10-04 19:14:11 - [TEST_STEP][PASSED] - click(findTestObject("beli barang/Tambah Keranjang busana wanita")): Object: 'Object Repository/beli barang/Tambah Keranjang busana wanita' is clicked on

2023-10-04 19:14:11 - [MESSAGE][PASSED] - Object: 'Object Repository/beli barang/Tambah Keranjang busana wanita' is clicked on

2023-10-04 19:14:11 - [TEST_STEP][PASSED] - verifyElementPresent(findTestObject("checkout/Notifikasi keranjang"), 1): Object 'Object Repository/checkout/Notifikasi keranjang' is present

2023-10-04 19:14:12 - [MESSAGE][PASSED] - Object 'Object Repository/checkout/Notifikasi keranjang' is present

2023-10-04 19:14:12 - [TEST_STEP][PASSED] - data = new java.util.HashMap(): null

2023-10-04 19:14:12 - [TEST_STEP][PASSED] - data.put("nama_barang", NamaSesudah): null

2023-10-04 19:14:12 - [TEST_STEP][PASSED] - data.put("price_barang", HargaSesudah): null

2023-10-04 19:14:12 - [TEST_STEP][PASSED] - return data: null

2023-10-04 19:14:12 - [MESSAGE][PASSED] - Call Test Case 'Test Cases/T13 Pembelian, Shipment dan Pembayaran/PBL-001' successfully

2023-10-04 19:14:12 - [TEST_STEP][PASSED] - mouseOver(findTestObject("beli barang/keranjang")): Object: 'Object Repository/beli barang/keranjang' is hovered

2023-10-04 19:14:12 - [MESSAGE][PASSED] - Object: 'Object Repository/beli barang/keranjang' is hovered

2023-10-04 19:14:12 - [TEST_STEP][PASSED] - click(findTestObject("beli barang/Lihat Sekarang")): Object: 'Object Repository/beli barang/Lihat Sekarang' is clicked on

2023-10-04 19:14:13 - [MESSAGE][PASSED] - Object: 'Object Repository/beli barang/Lihat Sekarang' is clicked on

2023-10-04 19:14:13 - [TEST_STEP][PASSED] - verifyElementPresent(findTestObject("keranjang/li_Keranjang Belanja"), 0): Object 'Object Repository/keranjang/li_Keranjang Belanja' is present

2023-10-04 19:14:13 - [MESSAGE][WARNING] - Timeout '0' is invalid. Using default page load timeout: '30'

2023-10-04 19:14:15 - [MESSAGE][PASSED] - Object 'Object Repository/keranjang/li_Keranjang Belanja' is present

2023-10-04 19:14:15 - [TEST_STEP][PASSED] - NamaKeranjang = getText(findTestObject("verifikasi/Nama keranjang")): Text of object 'Object Repository/verifikasi/Nama keranjang' is: 'Segitiga Instan Madeira - MDB5.3 Sunset'

2023-10-04 19:14:15 - [MESSAGE][PASSED] - Text of object 'Object Repository/verifikasi/Nama keranjang' is: 'Segitiga Instan Madeira - MDB5.3 Sunset'

2023-10-04 19:14:15 - [TEST_STEP][PASSED] - HargaKeranjang = getText(findTestObject("verifikasi/Harga Keranjang")): Text of object 'Object Repository/verifikasi/Harga Keranjang' is: 'Rp 1,299'

2023-10-04 19:14:15 - [MESSAGE][PASSED] - Text of object 'Object Repository/verifikasi/Harga Keranjang' is: 'Rp 1,299'

2023-10-04 19:14:15 - [TEST_STEP][PASSED] - if (toString().equalsIgnoreCase("Merah")): Object 'Object Repository/keranjang/input_Warna_variasi101' is checked

2023-10-04 19:14:15 - [TEST_STEP][PASSED] - check(findTestObject("Object Repository/keranjang/input_Warna_variasi101")): Object 'Object Repository/keranjang/input_Warna_variasi101' is checked

2023-10-04 19:14:16 - [MESSAGE][PASSED] - Object 'Object Repository/keranjang/input_Warna_variasi101' is checked

2023-10-04 19:14:16 - [TEST_STEP][PASSED] - if (toString().equalsIgnoreCase("Menengah")): Object 'Object Repository/keranjang/input_Ukuran_variasi201' is checked

2023-10-04 19:14:16 - [TEST_STEP][PASSED] - check(findTestObject("Object Repository/keranjang/input_Ukuran_variasi201")): Object 'Object Repository/keranjang/input_Ukuran_variasi201' is checked

2023-10-04 19:14:16 - [MESSAGE][PASSED] - Object 'Object Repository/keranjang/input_Ukuran_variasi201' is checked

2023-10-04 19:14:16 - [TEST_STEP][PASSED] - data.put("Warna", warna): null

2023-10-04 19:14:16 - [TEST_STEP][PASSED] - data.put("Ukuran", ukuran): null

2023-10-04 19:14:16 - [TEST_STEP][PASSED] - click(findTestObject("keranjang/button_Lanjut ke Pembayaran")): Object: 'Object Repository/keranjang/button_Lanjut ke Pembayaran' is clicked on

2023-10-04 19:14:17 - [MESSAGE][PASSED] - Object: 'Object Repository/keranjang/button_Lanjut ke Pembayaran' is clicked on

2023-10-04 19:14:17 - [TEST_STEP][PASSED] - verifyElementPresent(findTestObject("checkout/Tittle Checkout Order"), 0): Object 'Object Repository/checkout/Tittle Checkout Order' is present

2023-10-04 19:14:17 - [MESSAGE][WARNING] - Timeout '0' is invalid. Using default page load timeout: '30'

2023-10-04 19:14:18 - [MESSAGE][PASSED] - Object 'Object Repository/checkout/Tittle Checkout Order' is present

2023-10-04 19:14:18 - [TEST_STEP][PASSED] - name_product = data.get("nama_barang"): null

2023-10-04 19:14:18 - [TEST_STEP][PASSED] - price_product = data.get("price_barang"): null

2023-10-04 19:14:18 - [TEST_STEP][PASSED] - assert name_product == NamaKeranjang: null

2023-10-04 19:14:18 - [TEST_STEP][PASSED] - assert price_product == HargaKeranjang: null

2023-10-04 19:14:18 - [TEST_STEP][PASSED] - return data: null

2023-10-04 19:14:18 - [MESSAGE][PASSED] - Call Test Case 'Test Cases/T13 Pembelian, Shipment dan Pembayaran/PBL-002' successfully

2023-10-04 19:14:18 - [TEST_STEP][PASSED] - warnaa = getText(findTestObject("verifikasi/warna Merah")): Text of object 'Object Repository/verifikasi/warna Merah' is: 'Merah'

2023-10-04 19:14:19 - [MESSAGE][PASSED] - Text of object 'Object Repository/verifikasi/warna Merah' is: 'Merah'

2023-10-04 19:14:19 - [TEST_STEP][PASSED] - ukurann = getText(findTestObject("verifikasi/Ukuran Menengah")): Text of object 'Object Repository/verifikasi/Ukuran Menengah' is: 'Menengah'

2023-10-04 19:14:19 - [MESSAGE][PASSED] - Text of object 'Object Repository/verifikasi/Ukuran Menengah' is: 'Menengah'

2023-10-04 19:14:19 - [TEST_STEP][PASSED] - warna1 = data.get("Warna"): null

2023-10-04 19:14:19 - [TEST_STEP][PASSED] - ukuran1 = data.get("Ukuran"): null

2023-10-04 19:14:19 - [TEST_STEP][PASSED] - assert warnaa == warna1: null

2023-10-04 19:14:19 - [TEST_STEP][PASSED] - assert ukurann == ukuran1: null

2023-10-04 19:14:19 - [TEST_STEP][PASSED] - NamaCheckout = getText(findTestObject("verifikasi/NamaCheckout")): Text of object 'Object Repository/verifikasi/NamaCheckout' is: ''

2023-10-04 19:14:19 - [MESSAGE][PASSED] - Text of object 'Object Repository/verifikasi/NamaCheckout' is: ''

2023-10-04 19:14:19 - [TEST_STEP][PASSED] - HargaCheckout = getText(findTestObject("verifikasi/HargaCheckout")): Text of object 'Object Repository/verifikasi/HargaCheckout' is: '1,299'

2023-10-04 19:14:20 - [MESSAGE][PASSED] - Text of object 'Object Repository/verifikasi/HargaCheckout' is: '1,299'

2023-10-04 19:14:20 - [TEST_STEP][PASSED] - name_product = data.get("nama_barang"): null

2023-10-04 19:14:20 - [TEST_STEP][PASSED] - price_product = data.get("price_barang"): null

2023-10-04 19:14:20 - [TEST_STEP][PASSED] - assert name_product.contains(NamaCheckout): null

2023-10-04 19:14:20 - [TEST_STEP][PASSED] - assert price_product.contains(HargaCheckout): null

2023-10-04 19:14:20 - [TEST_STEP][PASSED] - selectOptionByLabel(findTestObject("checkout/select - Kirim via Kurir Lokal"), Kurir, false): All options with label 'Roda 2' are selected in object 'Object Repository/checkout/select - Kirim via Kurir Lokal' 

2023-10-04 19:14:21 - [MESSAGE][PASSED] - All options with label 'Roda 2' are selected in object 'Object Repository/checkout/select - Kirim via Kurir Lokal' 

2023-10-04 19:14:21 - [TEST_STEP][PASSED] - click(findTestObject("checkout/Kendaraan Kurir")): Object: 'Object Repository/checkout/Kendaraan Kurir' is clicked on

2023-10-04 19:14:21 - [MESSAGE][PASSED] - Object: 'Object Repository/checkout/Kendaraan Kurir' is clicked on

2023-10-04 19:14:21 - [TEST_STEP][PASSED] - OngkosKirim = getText(findTestObject("Object Repository/verifikasi/Ongkos Kirim checkout")): Text of object 'Object Repository/verifikasi/Ongkos Kirim checkout' is: 'Rp. 5,000'

2023-10-04 19:14:22 - [MESSAGE][PASSED] - Text of object 'Object Repository/verifikasi/Ongkos Kirim checkout' is: 'Rp. 5,000'

2023-10-04 19:14:22 - [TEST_STEP][PASSED] - Ongkos = OngkosKirim.substring(3, OngkosKirim.size()): null

2023-10-04 19:14:22 - [TEST_STEP][PASSED] - rep = Ongkos.replace(",", "."): null

2023-10-04 19:14:22 - [TEST_STEP][PASSED] - Ongkos_kirim = Double.parseDouble(rep): null

2023-10-04 19:14:22 - [TEST_STEP][PASSED] - println(Ongkos_kirim): null

2023-10-04 19:14:22 - [TEST_STEP][PASSED] - FeeAdmin = getText(findTestObject("verifikasi/Fee Admin checkout")): Text of object 'Object Repository/verifikasi/Fee Admin checkout' is: 'Fee Admin
Rp 1,500'

2023-10-04 19:14:22 - [MESSAGE][PASSED] - Text of object 'Object Repository/verifikasi/Fee Admin checkout' is: 'Fee Admin
Rp 1,500'

2023-10-04 19:14:22 - [TEST_STEP][PASSED] - Fee_Admin = FeeAdmin.substring(12, FeeAdmin.size()): null

2023-10-04 19:14:22 - [TEST_STEP][PASSED] - fee = Fee_Admin.replace(",", "."): null

2023-10-04 19:14:22 - [TEST_STEP][PASSED] - fee_admin = Double.parseDouble(fee): null

2023-10-04 19:14:22 - [TEST_STEP][PASSED] - println(fee_admin): null

2023-10-04 19:14:22 - [TEST_STEP][PASSED] - Subtotal = getText(findTestObject("verifikasi/subtotal checkout")): Text of object 'Object Repository/verifikasi/subtotal checkout' is: 'Subtotal
Rp 1,299'

2023-10-04 19:14:23 - [MESSAGE][PASSED] - Text of object 'Object Repository/verifikasi/subtotal checkout' is: 'Subtotal
Rp 1,299'

2023-10-04 19:14:23 - [TEST_STEP][PASSED] - sub_total = Subtotal.substring(12, Subtotal.size()): null

2023-10-04 19:14:23 - [TEST_STEP][PASSED] - sub = sub_total.replace(",", "."): null

2023-10-04 19:14:23 - [TEST_STEP][PASSED] - sub_total = Double.parseDouble(sub): null

2023-10-04 19:14:23 - [TEST_STEP][PASSED] - println(sub_total): null

2023-10-04 19:14:23 - [TEST_STEP][PASSED] - Total = getText(findTestObject("verifikasi/Total checkout")): Text of object 'Object Repository/verifikasi/Total checkout' is: 'Rp 7,799'

2023-10-04 19:14:23 - [MESSAGE][PASSED] - Text of object 'Object Repository/verifikasi/Total checkout' is: 'Rp 7,799'

2023-10-04 19:14:23 - [TEST_STEP][PASSED] - totall = Total.substring(3, Total.size()): null

2023-10-04 19:14:23 - [TEST_STEP][PASSED] - total = totall.replace(",", "."): null

2023-10-04 19:14:23 - [TEST_STEP][PASSED] - totall = Double.parseDouble(total): null

2023-10-04 19:14:23 - [TEST_STEP][PASSED] - println(totall): null

2023-10-04 19:14:23 - [TEST_STEP][PASSED] - Total_Harga = Ongkos_kirim + fee_admin + sub_total: null

2023-10-04 19:14:23 - [TEST_STEP][PASSED] - println(Total_Harga): null

2023-10-04 19:14:23 - [TEST_STEP][PASSED] - TotalHarga = Math.round(Total_Harga * 1000) / 1000: null

2023-10-04 19:14:23 - [TEST_STEP][PASSED] - println(TotalHarga): null

2023-10-04 19:14:23 - [TEST_STEP][PASSED] - assert totall == TotalHarga: null

2023-10-04 19:14:23 - [TEST_STEP][PASSED] - click(findTestObject("verifikasi/Metode Transfer")): Object: 'Object Repository/verifikasi/Metode Transfer' is clicked on

2023-10-04 19:14:24 - [MESSAGE][PASSED] - Object: 'Object Repository/verifikasi/Metode Transfer' is clicked on

2023-10-04 19:14:24 - [TEST_STEP][PASSED] - click(findTestObject("checkout/button_Proses Pembayaran")): Object: 'Object Repository/checkout/button_Proses Pembayaran' is clicked on

2023-10-04 19:14:29 - [MESSAGE][PASSED] - Object: 'Object Repository/checkout/button_Proses Pembayaran' is clicked on

2023-10-04 19:14:29 - [TEST_STEP][PASSED] - verifyElementPresent(findTestObject("pembayaran/Tittle nomor invoice"), 0): Object 'Object Repository/pembayaran/Tittle nomor invoice' is present

2023-10-04 19:14:29 - [MESSAGE][WARNING] - Timeout '0' is invalid. Using default page load timeout: '30'

2023-10-04 19:14:34 - [MESSAGE][PASSED] - Object 'Object Repository/pembayaran/Tittle nomor invoice' is present

2023-10-04 19:14:34 - [TEST_STEP][PASSED] - return data: null

2023-10-04 19:14:34 - [MESSAGE][PASSED] - Call Test Case 'Test Cases/T13 Pembelian, Shipment dan Pembayaran/PBL-004' successfully

2023-10-04 19:14:34 - [TEST_STEP][PASSED] - Invoice = getText(findTestObject("pembayaran/nomor invoice")): Text of object 'Object Repository/pembayaran/nomor invoice' is: 'TRX60.20231004191425'

2023-10-04 19:14:34 - [MESSAGE][PASSED] - Text of object 'Object Repository/pembayaran/nomor invoice' is: 'TRX60.20231004191425'

2023-10-04 19:14:34 - [TEST_STEP][PASSED] - data.put("invoice", Invoice): null

2023-10-04 19:14:34 - [TEST_STEP][PASSED] - NamaPemesan = getText(findTestObject("Konfirmasi pesanan shop/Nama pemesan")): Text of object 'Object Repository/Konfirmasi pesanan shop/Nama pemesan' is: 'irfan.afandi'

2023-10-04 19:14:35 - [MESSAGE][PASSED] - Text of object 'Object Repository/Konfirmasi pesanan shop/Nama pemesan' is: 'irfan.afandi'

2023-10-04 19:14:35 - [TEST_STEP][PASSED] - Nama = getText(findTestObject("pembayaran/Nama barang")): Text of object 'Object Repository/pembayaran/Nama barang' is: 'Segitiga Instan Madeira - MDB5.3 Sunset'

2023-10-04 19:14:35 - [MESSAGE][PASSED] - Text of object 'Object Repository/pembayaran/Nama barang' is: 'Segitiga Instan Madeira - MDB5.3 Sunset'

2023-10-04 19:14:35 - [TEST_STEP][PASSED] - Harga = getText(findTestObject("pembayaran/Harga barang")): Text of object 'Object Repository/pembayaran/Harga barang' is: '1,299'

2023-10-04 19:14:36 - [MESSAGE][PASSED] - Text of object 'Object Repository/pembayaran/Harga barang' is: '1,299'

2023-10-04 19:14:36 - [TEST_STEP][PASSED] - name_product = data.get("nama_barang"): null

2023-10-04 19:14:36 - [TEST_STEP][PASSED] - price_product = data.get("price_barang"): null

2023-10-04 19:14:36 - [TEST_STEP][PASSED] - assert name_product.contains(Nama): null

2023-10-04 19:14:36 - [TEST_STEP][PASSED] - assert price_product.contains(Harga): null

2023-10-04 19:14:36 - [TEST_STEP][PASSED] - warnaa = getText(findTestObject("pembayaran/warna")): Text of object 'Object Repository/pembayaran/warna' is: 'Merah'

2023-10-04 19:14:36 - [MESSAGE][PASSED] - Text of object 'Object Repository/pembayaran/warna' is: 'Merah'

2023-10-04 19:14:36 - [TEST_STEP][PASSED] - ukurann = getText(findTestObject("pembayaran/ukuran")): Text of object 'Object Repository/pembayaran/ukuran' is: 'Menengah'

2023-10-04 19:14:37 - [MESSAGE][PASSED] - Text of object 'Object Repository/pembayaran/ukuran' is: 'Menengah'

2023-10-04 19:14:37 - [TEST_STEP][PASSED] - warna1 = data.get("Warna"): null

2023-10-04 19:14:37 - [TEST_STEP][PASSED] - ukuran1 = data.get("Ukuran"): null

2023-10-04 19:14:37 - [TEST_STEP][PASSED] - assert warnaa == warna1: null

2023-10-04 19:14:37 - [TEST_STEP][PASSED] - assert ukurann == ukuran1: null

2023-10-04 19:14:37 - [TEST_STEP][PASSED] - statusPembelian = getText(findTestObject("verifikasi/Status pending di pembelian")): Text of object 'Object Repository/verifikasi/Status pending di pembelian' is: 'Pending'

2023-10-04 19:14:37 - [MESSAGE][PASSED] - Text of object 'Object Repository/verifikasi/Status pending di pembelian' is: 'Pending'

2023-10-04 19:14:37 - [TEST_STEP][PASSED] - data.put("statusPem", statusPembelian): null

2023-10-04 19:14:37 - [TEST_STEP][PASSED] - OngkosKirim = getText(findTestObject("pembayaran/ongkos kirim")): Text of object 'Object Repository/pembayaran/ongkos kirim' is: 'Rp 5,000'

2023-10-04 19:14:38 - [MESSAGE][PASSED] - Text of object 'Object Repository/pembayaran/ongkos kirim' is: 'Rp 5,000'

2023-10-04 19:14:38 - [TEST_STEP][PASSED] - Ongkos = OngkosKirim.substring(3, OngkosKirim.size()): null

2023-10-04 19:14:38 - [TEST_STEP][PASSED] - rep = Ongkos.replace(",", ""): null

2023-10-04 19:14:38 - [TEST_STEP][PASSED] - Ongkos_kirimm = Integer.parseInt(rep): null

2023-10-04 19:14:38 - [TEST_STEP][PASSED] - println(Ongkos_kirimm): null

2023-10-04 19:14:38 - [TEST_STEP][PASSED] - FeeAdmin = getText(findTestObject("pembayaran/fee admin")): Text of object 'Object Repository/pembayaran/fee admin' is: 'Rp 1,500'

2023-10-04 19:14:38 - [MESSAGE][PASSED] - Text of object 'Object Repository/pembayaran/fee admin' is: 'Rp 1,500'

2023-10-04 19:14:38 - [TEST_STEP][PASSED] - Fee_Admin = FeeAdmin.substring(3, FeeAdmin.size()): null

2023-10-04 19:14:38 - [TEST_STEP][PASSED] - fee = Fee_Admin.replace(",", ""): null

2023-10-04 19:14:38 - [TEST_STEP][PASSED] - fee_adminn = Integer.parseInt(fee): null

2023-10-04 19:14:38 - [TEST_STEP][PASSED] - println(fee_adminn): null

2023-10-04 19:14:38 - [TEST_STEP][PASSED] - Subtotal = getText(findTestObject("pembayaran/subtotal")): Text of object 'Object Repository/pembayaran/subtotal' is: 'Rp 1,299'

2023-10-04 19:14:39 - [MESSAGE][PASSED] - Text of object 'Object Repository/pembayaran/subtotal' is: 'Rp 1,299'

2023-10-04 19:14:39 - [TEST_STEP][PASSED] - sub_total = Subtotal.substring(3, Subtotal.size()): null

2023-10-04 19:14:39 - [TEST_STEP][PASSED] - sub = sub_total.replace(",", ""): null

2023-10-04 19:14:39 - [TEST_STEP][PASSED] - sub_totall = Integer.parseInt(sub): null

2023-10-04 19:14:39 - [TEST_STEP][PASSED] - println(sub_totall): null

2023-10-04 19:14:39 - [TEST_STEP][PASSED] - unik = getText(findTestObject("pembayaran/kode unik")): Text of object 'Object Repository/pembayaran/kode unik' is: '+425'

2023-10-04 19:14:39 - [MESSAGE][PASSED] - Text of object 'Object Repository/pembayaran/kode unik' is: '+425'

2023-10-04 19:14:39 - [TEST_STEP][PASSED] - unikk = unik.replace("+", ""): null

2023-10-04 19:14:39 - [TEST_STEP][PASSED] - kode_unik = Integer.parseInt(unikk): null

2023-10-04 19:14:39 - [TEST_STEP][PASSED] - println(kode_unik): null

2023-10-04 19:14:39 - [TEST_STEP][PASSED] - Total = getText(findTestObject("pembayaran/total")): Text of object 'Object Repository/pembayaran/total' is: '8,224'

2023-10-04 19:14:40 - [MESSAGE][PASSED] - Text of object 'Object Repository/pembayaran/total' is: '8,224'

2023-10-04 19:14:40 - [TEST_STEP][PASSED] - total = Total.replace(",", ""): null

2023-10-04 19:14:40 - [TEST_STEP][PASSED] - totalll = Integer.parseInt(total): null

2023-10-04 19:14:40 - [TEST_STEP][PASSED] - println(totalll): null

2023-10-04 19:14:40 - [TEST_STEP][PASSED] - Total_Hargaa = Ongkos_kirimm + fee_adminn + sub_totall + kode_unik: null

2023-10-04 19:14:40 - [TEST_STEP][PASSED] - println(Total_Hargaa): null

2023-10-04 19:14:40 - [TEST_STEP][PASSED] - assert totalll == Total_Hargaa: null

2023-10-04 19:14:40 - [TEST_STEP][PASSED] - data.put("total", Total): null

2023-10-04 19:14:40 - [TEST_STEP][PASSED] - data.put("nama", NamaPemesan): null

2023-10-04 19:14:40 - [TEST_STEP][PASSED] - return data: null

2023-10-04 19:14:40 - [MESSAGE][PASSED] - Call Test Case 'Test Cases/T13 Pembelian, Shipment dan Pembayaran/PBY-001' successfully

2023-10-04 19:14:40 - [TEST_STEP][PASSED] - inv = data.get("invoice"): null

2023-10-04 19:14:40 - [TEST_STEP][PASSED] - Total = data.get("total"): null

2023-10-04 19:14:40 - [TEST_STEP][PASSED] - NamaPemesan = data.get("nama"): null

2023-10-04 19:14:40 - [TEST_STEP][PASSED] - click(findTestObject("Konfirmasi pesanan shop/Menu Shop")): Object: 'Object Repository/Konfirmasi pesanan shop/Menu Shop' is clicked on

2023-10-04 19:14:41 - [MESSAGE][PASSED] - Object: 'Object Repository/Konfirmasi pesanan shop/Menu Shop' is clicked on

2023-10-04 19:14:41 - [TEST_STEP][PASSED] - click(findTestObject("Konfirmasi pesanan shop/Menu Shop")): Object: 'Object Repository/Konfirmasi pesanan shop/Menu Shop' is clicked on

2023-10-04 19:14:42 - [MESSAGE][PASSED] - Object: 'Object Repository/Konfirmasi pesanan shop/Menu Shop' is clicked on

2023-10-04 19:14:42 - [TEST_STEP][PASSED] - click(findTestObject("Konfirmasi pesanan shop/Konfirmasi Orders")): Object: 'Object Repository/Konfirmasi pesanan shop/Konfirmasi Orders' is clicked on

2023-10-04 19:14:43 - [MESSAGE][PASSED] - Object: 'Object Repository/Konfirmasi pesanan shop/Konfirmasi Orders' is clicked on

2023-10-04 19:14:43 - [TEST_STEP][PASSED] - verifyElementPresent(findTestObject("Konfirmasi pesanan shop/Tittle Konfirmasi Pesanan"), 0): Object 'Object Repository/Konfirmasi pesanan shop/Tittle Konfirmasi Pesanan' is present

2023-10-04 19:14:43 - [MESSAGE][WARNING] - Timeout '0' is invalid. Using default page load timeout: '30'

2023-10-04 19:14:44 - [MESSAGE][PASSED] - Object 'Object Repository/Konfirmasi pesanan shop/Tittle Konfirmasi Pesanan' is present

2023-10-04 19:14:44 - [TEST_STEP][PASSED] - setText(findTestObject("Konfirmasi pesanan shop/input_No Pesanan"), inv): Text 'TRX60.20231004191425' is set on object 'Object Repository/Konfirmasi pesanan shop/input_No Pesanan'

2023-10-04 19:14:44 - [MESSAGE][PASSED] - Text 'TRX60.20231004191425' is set on object 'Object Repository/Konfirmasi pesanan shop/input_No Pesanan'

2023-10-04 19:14:44 - [TEST_STEP][PASSED] - setText(findTestObject("Konfirmasi pesanan shop/input_Alamat E-mai"), "irfan@gmail.com"): Text 'irfan@gmail.com' is set on object 'Object Repository/Konfirmasi pesanan shop/input_Alamat E-mai'

2023-10-04 19:14:45 - [MESSAGE][PASSED] - Text 'irfan@gmail.com' is set on object 'Object Repository/Konfirmasi pesanan shop/input_Alamat E-mai'

2023-10-04 19:14:45 - [TEST_STEP][PASSED] - click(findTestObject("Konfirmasi pesanan shop/button_Submit")): Object: 'Object Repository/Konfirmasi pesanan shop/button_Submit' is clicked on

2023-10-04 19:14:46 - [MESSAGE][PASSED] - Object: 'Object Repository/Konfirmasi pesanan shop/button_Submit' is clicked on

2023-10-04 19:14:46 - [TEST_STEP][PASSED] - verifyElementPresent(findTestObject("Konfirmasi pesanan shop/Tittle nomor invoice"), 0): Object 'Object Repository/Konfirmasi pesanan shop/Tittle nomor invoice' is present

2023-10-04 19:14:46 - [MESSAGE][WARNING] - Timeout '0' is invalid. Using default page load timeout: '30'

2023-10-04 19:14:47 - [MESSAGE][PASSED] - Object 'Object Repository/Konfirmasi pesanan shop/Tittle nomor invoice' is present

2023-10-04 19:14:47 - [TEST_STEP][PASSED] - setText(findTestObject("Konfirmasi pesanan shop/input_Total TagihanTransfer_b"), Total): Text '8,224' is set on object 'Object Repository/Konfirmasi pesanan shop/input_Total TagihanTransfer_b'

2023-10-04 19:14:47 - [MESSAGE][PASSED] - Text '8,224' is set on object 'Object Repository/Konfirmasi pesanan shop/input_Total TagihanTransfer_b'

2023-10-04 19:14:47 - [TEST_STEP][PASSED] - selectOptionByValue(findTestObject("Konfirmasi pesanan shop/select_Bank"), "4", false): All options with value '4' are selected in object 'Object Repository/Konfirmasi pesanan shop/select_Bank' 

2023-10-04 19:14:48 - [MESSAGE][PASSED] - All options with value '4' are selected in object 'Object Repository/Konfirmasi pesanan shop/select_Bank' 

2023-10-04 19:14:48 - [TEST_STEP][PASSED] - setText(findTestObject("Konfirmasi pesanan shop/input_Nama Pengirim_d"), NamaPemesan): Text 'irfan.afandi' is set on object 'Object Repository/Konfirmasi pesanan shop/input_Nama Pengirim_d'

2023-10-04 19:14:49 - [MESSAGE][PASSED] - Text 'irfan.afandi' is set on object 'Object Repository/Konfirmasi pesanan shop/input_Nama Pengirim_d'

2023-10-04 19:14:49 - [TEST_STEP][PASSED] - click(findTestObject("Konfirmasi pesanan shop/button_Konfirmasi Pembayaran")): Object: 'Object Repository/Konfirmasi pesanan shop/button_Konfirmasi Pembayaran' is clicked on

2023-10-04 19:14:49 - [MESSAGE][PASSED] - Object: 'Object Repository/Konfirmasi pesanan shop/button_Konfirmasi Pembayaran' is clicked on

2023-10-04 19:14:49 - [TEST_STEP][PASSED] - webDriver = getWebDriver(): null

2023-10-04 19:14:49 - [TEST_STEP][PASSED] - field_upload = webDriver.findElement(By.xpath("//input[@name="f"]")): null

2023-10-04 19:14:50 - [TEST_STEP][PASSED] - error_message = webDriver.executeScript("return arguments[0].validationMessage", field_upload): null

2023-10-04 19:14:50 - [TEST_STEP][PASSED] - println(error_message): null

2023-10-04 19:14:50 - [TEST_STEP][PASSED] - assert error_message == "Please select a file.": null]]></system-out>
         <system-err><![CDATA[]]></system-err>
      </testcase>
      <testcase name="Test Cases/T13 Pembelian, Shipment dan Pembayaran/PBY-010" time="62.966" classname="Test Cases/T13 Pembelian, Shipment dan Pembayaran/PBY-010" status="FAILED">
         <failure type="FAILED" message="Test Cases/T13 Pembelian, Shipment dan Pembayaran/PBY-010 FAILED.
Reason:
com.kms.katalon.core.exception.StepFailedException: Unable to verify text 'Please upload an valid file.' is present 
	at com.kms.katalon.core.webui.keyword.internal.WebUIKeywordMain.stepFailed(WebUIKeywordMain.groovy:64)
	at com.kms.katalon.core.webui.keyword.internal.WebUIKeywordMain.runKeyword(WebUIKeywordMain.groovy:26)
	at com.kms.katalon.core.webui.keyword.builtin.VerifyTextPresentKeyword.verifyTextPresent(VerifyTextPresentKeyword.groovy:83)
	at com.kms.katalon.core.webui.keyword.builtin.VerifyTextPresentKeyword.execute(VerifyTextPresentKeyword.groovy:68)
	at com.kms.katalon.core.keyword.internal.KeywordExecutor.executeKeywordForPlatform(KeywordExecutor.groovy:74)
	at com.kms.katalon.core.webui.keyword.WebUiBuiltInKeywords.verifyTextPresent(WebUiBuiltInKeywords.groovy:1723)
	at com.kms.katalon.core.webui.keyword.WebUiBuiltInKeywords$verifyTextPresent$9.call(Unknown Source)
	at PBY-010.run(PBY-010:54)
	at com.kms.katalon.core.main.ScriptEngine.run(ScriptEngine.java:194)
	at com.kms.katalon.core.main.ScriptEngine.runScriptAsRawText(ScriptEngine.java:119)
	at com.kms.katalon.core.main.TestCaseExecutor.runScript(TestCaseExecutor.java:448)
	at com.kms.katalon.core.main.TestCaseExecutor.doExecute(TestCaseExecutor.java:439)
	at com.kms.katalon.core.main.TestCaseExecutor.processExecutionPhase(TestCaseExecutor.java:418)
	at com.kms.katalon.core.main.TestCaseExecutor.accessMainPhase(TestCaseExecutor.java:410)
	at com.kms.katalon.core.main.TestCaseExecutor.execute(TestCaseExecutor.java:285)
	at com.kms.katalon.core.common.CommonExecutor.accessTestCaseMainPhase(CommonExecutor.java:65)
	at com.kms.katalon.core.main.TestSuiteExecutor.accessTestSuiteMainPhase(TestSuiteExecutor.java:148)
	at com.kms.katalon.core.main.TestSuiteExecutor.execute(TestSuiteExecutor.java:106)
	at com.kms.katalon.core.main.TestCaseMain.startTestSuite(TestCaseMain.java:187)
	at com.kms.katalon.core.main.TestCaseMain$startTestSuite$0.call(Unknown Source)
	at TempTestSuite1696420804604.run(TempTestSuite1696420804604.groovy:36)
Caused by: com.kms.katalon.core.exception.StepFailedException: Text 'Please upload an valid file.' is not present on page 
	at com.kms.katalon.core.webui.keyword.internal.WebUIKeywordMain.stepFailed(WebUIKeywordMain.groovy:64)
	at com.kms.katalon.core.webui.keyword.builtin.VerifyTextPresentKeyword$_verifyTextPresent_closure1.doCall(VerifyTextPresentKeyword.groovy:79)
	at com.kms.katalon.core.webui.keyword.builtin.VerifyTextPresentKeyword$_verifyTextPresent_closure1.call(VerifyTextPresentKeyword.groovy)
	at com.kms.katalon.core.webui.keyword.internal.WebUIKeywordMain.runKeyword(WebUIKeywordMain.groovy:20)
	... 19 more
"/>
         <system-out><![CDATA[2023-10-04 19:14:50 - [TEST_CASE][FAILED] - Test Cases/T13 Pembelian, Shipment dan Pembayaran/PBY-010: Test Cases/T13 Pembelian, Shipment dan Pembayaran/PBY-010 FAILED.
Reason:
com.kms.katalon.core.exception.StepFailedException: Unable to verify text 'Please upload an valid file.' is present 
	at com.kms.katalon.core.webui.keyword.internal.WebUIKeywordMain.stepFailed(WebUIKeywordMain.groovy:64)
	at com.kms.katalon.core.webui.keyword.internal.WebUIKeywordMain.runKeyword(WebUIKeywordMain.groovy:26)
	at com.kms.katalon.core.webui.keyword.builtin.VerifyTextPresentKeyword.verifyTextPresent(VerifyTextPresentKeyword.groovy:83)
	at com.kms.katalon.core.webui.keyword.builtin.VerifyTextPresentKeyword.execute(VerifyTextPresentKeyword.groovy:68)
	at com.kms.katalon.core.keyword.internal.KeywordExecutor.executeKeywordForPlatform(KeywordExecutor.groovy:74)
	at com.kms.katalon.core.webui.keyword.WebUiBuiltInKeywords.verifyTextPresent(WebUiBuiltInKeywords.groovy:1723)
	at com.kms.katalon.core.webui.keyword.WebUiBuiltInKeywords$verifyTextPresent$9.call(Unknown Source)
	at PBY-010.run(PBY-010:54)
	at com.kms.katalon.core.main.ScriptEngine.run(ScriptEngine.java:194)
	at com.kms.katalon.core.main.ScriptEngine.runScriptAsRawText(ScriptEngine.java:119)
	at com.kms.katalon.core.main.TestCaseExecutor.runScript(TestCaseExecutor.java:448)
	at com.kms.katalon.core.main.TestCaseExecutor.doExecute(TestCaseExecutor.java:439)
	at com.kms.katalon.core.main.TestCaseExecutor.processExecutionPhase(TestCaseExecutor.java:418)
	at com.kms.katalon.core.main.TestCaseExecutor.accessMainPhase(TestCaseExecutor.java:410)
	at com.kms.katalon.core.main.TestCaseExecutor.execute(TestCaseExecutor.java:285)
	at com.kms.katalon.core.common.CommonExecutor.accessTestCaseMainPhase(CommonExecutor.java:65)
	at com.kms.katalon.core.main.TestSuiteExecutor.accessTestSuiteMainPhase(TestSuiteExecutor.java:148)
	at com.kms.katalon.core.main.TestSuiteExecutor.execute(TestSuiteExecutor.java:106)
	at com.kms.katalon.core.main.TestCaseMain.startTestSuite(TestCaseMain.java:187)
	at com.kms.katalon.core.main.TestCaseMain$startTestSuite$0.call(Unknown Source)
	at TempTestSuite1696420804604.run(TempTestSuite1696420804604.groovy:36)
Caused by: com.kms.katalon.core.exception.StepFailedException: Text 'Please upload an valid file.' is not present on page 
	at com.kms.katalon.core.webui.keyword.internal.WebUIKeywordMain.stepFailed(WebUIKeywordMain.groovy:64)
	at com.kms.katalon.core.webui.keyword.builtin.VerifyTextPresentKeyword$_verifyTextPresent_closure1.doCall(VerifyTextPresentKeyword.groovy:79)
	at com.kms.katalon.core.webui.keyword.builtin.VerifyTextPresentKeyword$_verifyTextPresent_closure1.call(VerifyTextPresentKeyword.groovy)
	at com.kms.katalon.core.webui.keyword.internal.WebUIKeywordMain.runKeyword(WebUIKeywordMain.groovy:20)
	... 19 more


2023-10-04 19:14:50 - [TEST_STEP][PASSED] - data = callTestCase(findTestCase("T13 Pembelian, Shipment dan Pembayaran/PBY-001"), [:], STOP_ON_FAILURE): Call Test Case 'Test Cases/T13 Pembelian, Shipment dan Pembayaran/PBY-001' successfully

2023-10-04 19:14:50 - [TEST_CASE][PASSED] - Test Cases/T13 Pembelian, Shipment dan Pembayaran/PBY-001: Test Cases/T13 Pembelian, Shipment dan Pembayaran/PBY-001

2023-10-04 19:14:50 - [TEST_STEP][PASSED] - data = callTestCase(findTestCase("T13 Pembelian, Shipment dan Pembayaran/PBL-004"), ["Kurir":"Roda 2"], STOP_ON_FAILURE): Call Test Case 'Test Cases/T13 Pembelian, Shipment dan Pembayaran/PBL-004' successfully

2023-10-04 19:14:50 - [TEST_CASE][PASSED] - Test Cases/T13 Pembelian, Shipment dan Pembayaran/PBL-004: Test Cases/T13 Pembelian, Shipment dan Pembayaran/PBL-004

2023-10-04 19:14:50 - [TEST_STEP][PASSED] - data = callTestCase(findTestCase("T13 Pembelian, Shipment dan Pembayaran/PBL-002"), [:], STOP_ON_FAILURE): Call Test Case 'Test Cases/T13 Pembelian, Shipment dan Pembayaran/PBL-002' successfully

2023-10-04 19:14:50 - [TEST_CASE][PASSED] - Test Cases/T13 Pembelian, Shipment dan Pembayaran/PBL-002: Test Cases/T13 Pembelian, Shipment dan Pembayaran/PBL-002

2023-10-04 19:14:50 - [TEST_STEP][PASSED] - data = callTestCase(findTestCase("T13 Pembelian, Shipment dan Pembayaran/PBL-001"), [:], STOP_ON_FAILURE): Call Test Case 'Test Cases/T13 Pembelian, Shipment dan Pembayaran/PBL-001' successfully

2023-10-04 19:14:50 - [TEST_CASE][PASSED] - Test Cases/T13 Pembelian, Shipment dan Pembayaran/PBL-001: Test Cases/T13 Pembelian, Shipment dan Pembayaran/PBL-001

2023-10-04 19:14:50 - [TEST_STEP][PASSED] - callTestCase(findTestCase("T13 Pembelian, Shipment dan Pembayaran/LU-001"), ["username":"irfanafandi", "password":"12345irfan"], STOP_ON_FAILURE): Call Test Case 'Test Cases/T13 Pembelian, Shipment dan Pembayaran/LU-001' successfully

2023-10-04 19:14:50 - [TEST_CASE][PASSED] - Test Cases/T13 Pembelian, Shipment dan Pembayaran/LU-001: Test Cases/T13 Pembelian, Shipment dan Pembayaran/LU-001

2023-10-04 19:14:50 - [TEST_STEP][PASSED] - openBrowser("https://10.9.2.63/ecommerce/"): Browser is opened with url: 'https://10.9.2.63/ecommerce/'

2023-10-04 19:14:50 - [MESSAGE][WARNING] - A browser is already opened. Closing browser and opening a new one

2023-10-04 19:14:53 - [MESSAGE][INFO] - Starting 'Firefox' driver

2023-10-04 19:14:53 - [MESSAGE][INFO] - User set preference: ['args', '[--disable-notifications]']

2023-10-04 19:14:53 - [MESSAGE][INFO] - Action delay is set to 0 milliseconds

2023-10-04 19:14:57 - [MESSAGE][PASSED] - Browser is opened with url: 'https://10.9.2.63/ecommerce/'

2023-10-04 19:14:57 - [TEST_STEP][PASSED] - maximizeWindow(): Current window maximized

2023-10-04 19:14:57 - [MESSAGE][PASSED] - Current window maximized

2023-10-04 19:14:57 - [TEST_STEP][PASSED] - verifyElementPresent(findTestObject("Login/Home"), 0): Object 'Object Repository/Login/Home' is present

2023-10-04 19:14:57 - [MESSAGE][WARNING] - Timeout '0' is invalid. Using default page load timeout: '30'

2023-10-04 19:14:58 - [MESSAGE][PASSED] - Object 'Object Repository/Login/Home' is present

2023-10-04 19:14:58 - [TEST_STEP][PASSED] - click(findTestObject("Login/a_Login")): Object: 'Object Repository/Login/a_Login' is clicked on

2023-10-04 19:14:58 - [MESSAGE][PASSED] - Object: 'Object Repository/Login/a_Login' is clicked on

2023-10-04 19:14:58 - [TEST_STEP][PASSED] - verifyElementPresent(findTestObject("Login/Tittle Login"), 0): Object 'Object Repository/Login/Tittle Login' is present

2023-10-04 19:14:58 - [MESSAGE][WARNING] - Timeout '0' is invalid. Using default page load timeout: '30'

2023-10-04 19:14:59 - [MESSAGE][PASSED] - Object 'Object Repository/Login/Tittle Login' is present

2023-10-04 19:14:59 - [TEST_STEP][PASSED] - setText(findTestObject("Login/input_Username, Email atau No. Handphone_a"), username): Text 'irfanafandi' is set on object 'Object Repository/Login/input_Username, Email atau No. Handphone_a'

2023-10-04 19:14:59 - [MESSAGE][PASSED] - Text 'irfanafandi' is set on object 'Object Repository/Login/input_Username, Email atau No. Handphone_a'

2023-10-04 19:14:59 - [TEST_STEP][PASSED] - setText(findTestObject("Login/input_Password_b"), password): Text '12345irfan' is set on object 'Object Repository/Login/input_Password_b'

2023-10-04 19:15:00 - [MESSAGE][PASSED] - Text '12345irfan' is set on object 'Object Repository/Login/input_Password_b'

2023-10-04 19:15:00 - [TEST_STEP][PASSED] - click(findTestObject("Login/label_Ingat saya")): Object: 'Object Repository/Login/label_Ingat saya' is clicked on

2023-10-04 19:15:01 - [MESSAGE][PASSED] - Object: 'Object Repository/Login/label_Ingat saya' is clicked on

2023-10-04 19:15:01 - [TEST_STEP][PASSED] - click(findTestObject("Login/button_Masuk")): Object: 'Object Repository/Login/button_Masuk' is clicked on

2023-10-04 19:15:02 - [MESSAGE][PASSED] - Object: 'Object Repository/Login/button_Masuk' is clicked on

2023-10-04 19:15:02 - [TEST_STEP][PASSED] - verifyElementPresent(findTestObject("Login/li_Profile"), 0): Object 'Object Repository/Login/li_Profile' is present

2023-10-04 19:15:02 - [MESSAGE][WARNING] - Timeout '0' is invalid. Using default page load timeout: '30'

2023-10-04 19:15:03 - [MESSAGE][PASSED] - Object 'Object Repository/Login/li_Profile' is present

2023-10-04 19:15:03 - [MESSAGE][PASSED] - Call Test Case 'Test Cases/T13 Pembelian, Shipment dan Pembayaran/LU-001' successfully

2023-10-04 19:15:03 - [TEST_STEP][PASSED] - mouseOver(findTestObject("beli barang/i_Mulai Belanja_icon-menu")): Object: 'Object Repository/beli barang/i_Mulai Belanja_icon-menu' is hovered

2023-10-04 19:15:03 - [MESSAGE][PASSED] - Object: 'Object Repository/beli barang/i_Mulai Belanja_icon-menu' is hovered

2023-10-04 19:15:03 - [TEST_STEP][PASSED] - click(findTestObject("beli barang/a_Fashion  Busana Wanita")): Object: 'Object Repository/beli barang/a_Fashion  Busana Wanita' is clicked on

2023-10-04 19:15:05 - [MESSAGE][PASSED] - Object: 'Object Repository/beli barang/a_Fashion  Busana Wanita' is clicked on

2023-10-04 19:15:05 - [TEST_STEP][PASSED] - NamaSebelum = getText(findTestObject("verifikasi/Nama sebelum")): Text of object 'Object Repository/verifikasi/Nama sebelum' is: ''

2023-10-04 19:15:05 - [MESSAGE][PASSED] - Text of object 'Object Repository/verifikasi/Nama sebelum' is: ''

2023-10-04 19:15:05 - [TEST_STEP][PASSED] - HargaSebelum = getText(findTestObject("verifikasi/Harga sebelum")): Text of object 'Object Repository/verifikasi/Harga sebelum' is: 'Rp 1,299'

2023-10-04 19:15:06 - [MESSAGE][PASSED] - Text of object 'Object Repository/verifikasi/Harga sebelum' is: 'Rp 1,299'

2023-10-04 19:15:06 - [TEST_STEP][PASSED] - mouseOver(findTestObject("beli barang/barang mouse over")): Object: 'Object Repository/beli barang/barang mouse over' is hovered

2023-10-04 19:15:06 - [MESSAGE][PASSED] - Object: 'Object Repository/beli barang/barang mouse over' is hovered

2023-10-04 19:15:06 - [TEST_STEP][PASSED] - click(findTestObject("beli barang/buttom add to cart")): Object: 'Object Repository/beli barang/buttom add to cart' is clicked on

2023-10-04 19:15:08 - [MESSAGE][PASSED] - Object: 'Object Repository/beli barang/buttom add to cart' is clicked on

2023-10-04 19:15:08 - [TEST_STEP][PASSED] - NamaSesudah = getText(findTestObject("verifikasi/Nama sesudah")): Text of object 'Object Repository/verifikasi/Nama sesudah' is: 'Segitiga Instan Madeira - MDB5.3 Sunset'

2023-10-04 19:15:08 - [MESSAGE][PASSED] - Text of object 'Object Repository/verifikasi/Nama sesudah' is: 'Segitiga Instan Madeira - MDB5.3 Sunset'

2023-10-04 19:15:08 - [TEST_STEP][PASSED] - HargaSesudah = getText(findTestObject("verifikasi/Harga sesudah")): Text of object 'Object Repository/verifikasi/Harga sesudah' is: 'Rp 1,299'

2023-10-04 19:15:09 - [MESSAGE][PASSED] - Text of object 'Object Repository/verifikasi/Harga sesudah' is: 'Rp 1,299'

2023-10-04 19:15:09 - [TEST_STEP][PASSED] - assert NamaSesudah.contains(NamaSebelum): null

2023-10-04 19:15:09 - [TEST_STEP][PASSED] - assert HargaSesudah.contains(HargaSebelum): null

2023-10-04 19:15:09 - [TEST_STEP][PASSED] - click(findTestObject("beli barang/Tambah Keranjang busana wanita")): Object: 'Object Repository/beli barang/Tambah Keranjang busana wanita' is clicked on

2023-10-04 19:15:09 - [MESSAGE][PASSED] - Object: 'Object Repository/beli barang/Tambah Keranjang busana wanita' is clicked on

2023-10-04 19:15:09 - [TEST_STEP][PASSED] - verifyElementPresent(findTestObject("checkout/Notifikasi keranjang"), 1): Object 'Object Repository/checkout/Notifikasi keranjang' is present

2023-10-04 19:15:10 - [MESSAGE][PASSED] - Object 'Object Repository/checkout/Notifikasi keranjang' is present

2023-10-04 19:15:10 - [TEST_STEP][PASSED] - data = new java.util.HashMap(): null

2023-10-04 19:15:10 - [TEST_STEP][PASSED] - data.put("nama_barang", NamaSesudah): null

2023-10-04 19:15:10 - [TEST_STEP][PASSED] - data.put("price_barang", HargaSesudah): null

2023-10-04 19:15:10 - [TEST_STEP][PASSED] - return data: null

2023-10-04 19:15:10 - [MESSAGE][PASSED] - Call Test Case 'Test Cases/T13 Pembelian, Shipment dan Pembayaran/PBL-001' successfully

2023-10-04 19:15:10 - [TEST_STEP][PASSED] - mouseOver(findTestObject("beli barang/keranjang")): Object: 'Object Repository/beli barang/keranjang' is hovered

2023-10-04 19:15:10 - [MESSAGE][PASSED] - Object: 'Object Repository/beli barang/keranjang' is hovered

2023-10-04 19:15:10 - [TEST_STEP][PASSED] - click(findTestObject("beli barang/Lihat Sekarang")): Object: 'Object Repository/beli barang/Lihat Sekarang' is clicked on

2023-10-04 19:15:11 - [MESSAGE][PASSED] - Object: 'Object Repository/beli barang/Lihat Sekarang' is clicked on

2023-10-04 19:15:11 - [TEST_STEP][PASSED] - verifyElementPresent(findTestObject("keranjang/li_Keranjang Belanja"), 0): Object 'Object Repository/keranjang/li_Keranjang Belanja' is present

2023-10-04 19:15:11 - [MESSAGE][WARNING] - Timeout '0' is invalid. Using default page load timeout: '30'

2023-10-04 19:15:12 - [MESSAGE][PASSED] - Object 'Object Repository/keranjang/li_Keranjang Belanja' is present

2023-10-04 19:15:12 - [TEST_STEP][PASSED] - NamaKeranjang = getText(findTestObject("verifikasi/Nama keranjang")): Text of object 'Object Repository/verifikasi/Nama keranjang' is: 'Segitiga Instan Madeira - MDB5.3 Sunset'

2023-10-04 19:15:13 - [MESSAGE][PASSED] - Text of object 'Object Repository/verifikasi/Nama keranjang' is: 'Segitiga Instan Madeira - MDB5.3 Sunset'

2023-10-04 19:15:13 - [TEST_STEP][PASSED] - HargaKeranjang = getText(findTestObject("verifikasi/Harga Keranjang")): Text of object 'Object Repository/verifikasi/Harga Keranjang' is: 'Rp 1,299'

2023-10-04 19:15:13 - [MESSAGE][PASSED] - Text of object 'Object Repository/verifikasi/Harga Keranjang' is: 'Rp 1,299'

2023-10-04 19:15:13 - [TEST_STEP][PASSED] - if (toString().equalsIgnoreCase("Merah")): Object 'Object Repository/keranjang/input_Warna_variasi101' is checked

2023-10-04 19:15:13 - [TEST_STEP][PASSED] - check(findTestObject("Object Repository/keranjang/input_Warna_variasi101")): Object 'Object Repository/keranjang/input_Warna_variasi101' is checked

2023-10-04 19:15:13 - [MESSAGE][PASSED] - Object 'Object Repository/keranjang/input_Warna_variasi101' is checked

2023-10-04 19:15:13 - [TEST_STEP][PASSED] - if (toString().equalsIgnoreCase("Menengah")): Object 'Object Repository/keranjang/input_Ukuran_variasi201' is checked

2023-10-04 19:15:13 - [TEST_STEP][PASSED] - check(findTestObject("Object Repository/keranjang/input_Ukuran_variasi201")): Object 'Object Repository/keranjang/input_Ukuran_variasi201' is checked

2023-10-04 19:15:14 - [MESSAGE][PASSED] - Object 'Object Repository/keranjang/input_Ukuran_variasi201' is checked

2023-10-04 19:15:14 - [TEST_STEP][PASSED] - data.put("Warna", warna): null

2023-10-04 19:15:14 - [TEST_STEP][PASSED] - data.put("Ukuran", ukuran): null

2023-10-04 19:15:14 - [TEST_STEP][PASSED] - click(findTestObject("keranjang/button_Lanjut ke Pembayaran")): Object: 'Object Repository/keranjang/button_Lanjut ke Pembayaran' is clicked on

2023-10-04 19:15:15 - [MESSAGE][PASSED] - Object: 'Object Repository/keranjang/button_Lanjut ke Pembayaran' is clicked on

2023-10-04 19:15:15 - [TEST_STEP][PASSED] - verifyElementPresent(findTestObject("checkout/Tittle Checkout Order"), 0): Object 'Object Repository/checkout/Tittle Checkout Order' is present

2023-10-04 19:15:15 - [MESSAGE][WARNING] - Timeout '0' is invalid. Using default page load timeout: '30'

2023-10-04 19:15:16 - [MESSAGE][PASSED] - Object 'Object Repository/checkout/Tittle Checkout Order' is present

2023-10-04 19:15:16 - [TEST_STEP][PASSED] - name_product = data.get("nama_barang"): null

2023-10-04 19:15:16 - [TEST_STEP][PASSED] - price_product = data.get("price_barang"): null

2023-10-04 19:15:16 - [TEST_STEP][PASSED] - assert name_product == NamaKeranjang: null

2023-10-04 19:15:16 - [TEST_STEP][PASSED] - assert price_product == HargaKeranjang: null

2023-10-04 19:15:16 - [TEST_STEP][PASSED] - return data: null

2023-10-04 19:15:16 - [MESSAGE][PASSED] - Call Test Case 'Test Cases/T13 Pembelian, Shipment dan Pembayaran/PBL-002' successfully

2023-10-04 19:15:16 - [TEST_STEP][PASSED] - warnaa = getText(findTestObject("verifikasi/warna Merah")): Text of object 'Object Repository/verifikasi/warna Merah' is: 'Merah'

2023-10-04 19:15:17 - [MESSAGE][PASSED] - Text of object 'Object Repository/verifikasi/warna Merah' is: 'Merah'

2023-10-04 19:15:17 - [TEST_STEP][PASSED] - ukurann = getText(findTestObject("verifikasi/Ukuran Menengah")): Text of object 'Object Repository/verifikasi/Ukuran Menengah' is: 'Menengah'

2023-10-04 19:15:17 - [MESSAGE][PASSED] - Text of object 'Object Repository/verifikasi/Ukuran Menengah' is: 'Menengah'

2023-10-04 19:15:17 - [TEST_STEP][PASSED] - warna1 = data.get("Warna"): null

2023-10-04 19:15:17 - [TEST_STEP][PASSED] - ukuran1 = data.get("Ukuran"): null

2023-10-04 19:15:17 - [TEST_STEP][PASSED] - assert warnaa == warna1: null

2023-10-04 19:15:17 - [TEST_STEP][PASSED] - assert ukurann == ukuran1: null

2023-10-04 19:15:17 - [TEST_STEP][PASSED] - NamaCheckout = getText(findTestObject("verifikasi/NamaCheckout")): Text of object 'Object Repository/verifikasi/NamaCheckout' is: ''

2023-10-04 19:15:17 - [MESSAGE][PASSED] - Text of object 'Object Repository/verifikasi/NamaCheckout' is: ''

2023-10-04 19:15:17 - [TEST_STEP][PASSED] - HargaCheckout = getText(findTestObject("verifikasi/HargaCheckout")): Text of object 'Object Repository/verifikasi/HargaCheckout' is: '1,299'

2023-10-04 19:15:18 - [MESSAGE][PASSED] - Text of object 'Object Repository/verifikasi/HargaCheckout' is: '1,299'

2023-10-04 19:15:18 - [TEST_STEP][PASSED] - name_product = data.get("nama_barang"): null

2023-10-04 19:15:18 - [TEST_STEP][PASSED] - price_product = data.get("price_barang"): null

2023-10-04 19:15:18 - [TEST_STEP][PASSED] - assert name_product.contains(NamaCheckout): null

2023-10-04 19:15:18 - [TEST_STEP][PASSED] - assert price_product.contains(HargaCheckout): null

2023-10-04 19:15:18 - [TEST_STEP][PASSED] - selectOptionByLabel(findTestObject("checkout/select - Kirim via Kurir Lokal"), Kurir, false): All options with label 'Roda 2' are selected in object 'Object Repository/checkout/select - Kirim via Kurir Lokal' 

2023-10-04 19:15:18 - [MESSAGE][PASSED] - All options with label 'Roda 2' are selected in object 'Object Repository/checkout/select - Kirim via Kurir Lokal' 

2023-10-04 19:15:18 - [TEST_STEP][PASSED] - click(findTestObject("checkout/Kendaraan Kurir")): Object: 'Object Repository/checkout/Kendaraan Kurir' is clicked on

2023-10-04 19:15:19 - [MESSAGE][PASSED] - Object: 'Object Repository/checkout/Kendaraan Kurir' is clicked on

2023-10-04 19:15:19 - [TEST_STEP][PASSED] - OngkosKirim = getText(findTestObject("Object Repository/verifikasi/Ongkos Kirim checkout")): Text of object 'Object Repository/verifikasi/Ongkos Kirim checkout' is: 'Rp. 5,000'

2023-10-04 19:15:20 - [MESSAGE][PASSED] - Text of object 'Object Repository/verifikasi/Ongkos Kirim checkout' is: 'Rp. 5,000'

2023-10-04 19:15:20 - [TEST_STEP][PASSED] - Ongkos = OngkosKirim.substring(3, OngkosKirim.size()): null

2023-10-04 19:15:20 - [TEST_STEP][PASSED] - rep = Ongkos.replace(",", "."): null

2023-10-04 19:15:20 - [TEST_STEP][PASSED] - Ongkos_kirim = Double.parseDouble(rep): null

2023-10-04 19:15:20 - [TEST_STEP][PASSED] - println(Ongkos_kirim): null

2023-10-04 19:15:20 - [TEST_STEP][PASSED] - FeeAdmin = getText(findTestObject("verifikasi/Fee Admin checkout")): Text of object 'Object Repository/verifikasi/Fee Admin checkout' is: 'Fee Admin
Rp 1,500'

2023-10-04 19:15:20 - [MESSAGE][PASSED] - Text of object 'Object Repository/verifikasi/Fee Admin checkout' is: 'Fee Admin
Rp 1,500'

2023-10-04 19:15:20 - [TEST_STEP][PASSED] - Fee_Admin = FeeAdmin.substring(12, FeeAdmin.size()): null

2023-10-04 19:15:20 - [TEST_STEP][PASSED] - fee = Fee_Admin.replace(",", "."): null

2023-10-04 19:15:20 - [TEST_STEP][PASSED] - fee_admin = Double.parseDouble(fee): null

2023-10-04 19:15:20 - [TEST_STEP][PASSED] - println(fee_admin): null

2023-10-04 19:15:20 - [TEST_STEP][PASSED] - Subtotal = getText(findTestObject("verifikasi/subtotal checkout")): Text of object 'Object Repository/verifikasi/subtotal checkout' is: 'Subtotal
Rp 1,299'

2023-10-04 19:15:21 - [MESSAGE][PASSED] - Text of object 'Object Repository/verifikasi/subtotal checkout' is: 'Subtotal
Rp 1,299'

2023-10-04 19:15:21 - [TEST_STEP][PASSED] - sub_total = Subtotal.substring(12, Subtotal.size()): null

2023-10-04 19:15:21 - [TEST_STEP][PASSED] - sub = sub_total.replace(",", "."): null

2023-10-04 19:15:21 - [TEST_STEP][PASSED] - sub_total = Double.parseDouble(sub): null

2023-10-04 19:15:21 - [TEST_STEP][PASSED] - println(sub_total): null

2023-10-04 19:15:21 - [TEST_STEP][PASSED] - Total = getText(findTestObject("verifikasi/Total checkout")): Text of object 'Object Repository/verifikasi/Total checkout' is: 'Rp 7,799'

2023-10-04 19:15:21 - [MESSAGE][PASSED] - Text of object 'Object Repository/verifikasi/Total checkout' is: 'Rp 7,799'

2023-10-04 19:15:21 - [TEST_STEP][PASSED] - totall = Total.substring(3, Total.size()): null

2023-10-04 19:15:21 - [TEST_STEP][PASSED] - total = totall.replace(",", "."): null

2023-10-04 19:15:21 - [TEST_STEP][PASSED] - totall = Double.parseDouble(total): null

2023-10-04 19:15:21 - [TEST_STEP][PASSED] - println(totall): null

2023-10-04 19:15:21 - [TEST_STEP][PASSED] - Total_Harga = Ongkos_kirim + fee_admin + sub_total: null

2023-10-04 19:15:21 - [TEST_STEP][PASSED] - println(Total_Harga): null

2023-10-04 19:15:21 - [TEST_STEP][PASSED] - TotalHarga = Math.round(Total_Harga * 1000) / 1000: null

2023-10-04 19:15:21 - [TEST_STEP][PASSED] - println(TotalHarga): null

2023-10-04 19:15:21 - [TEST_STEP][PASSED] - assert totall == TotalHarga: null

2023-10-04 19:15:21 - [TEST_STEP][PASSED] - click(findTestObject("verifikasi/Metode Transfer")): Object: 'Object Repository/verifikasi/Metode Transfer' is clicked on

2023-10-04 19:15:22 - [MESSAGE][PASSED] - Object: 'Object Repository/verifikasi/Metode Transfer' is clicked on

2023-10-04 19:15:22 - [TEST_STEP][PASSED] - click(findTestObject("checkout/button_Proses Pembayaran")): Object: 'Object Repository/checkout/button_Proses Pembayaran' is clicked on

2023-10-04 19:15:27 - [MESSAGE][PASSED] - Object: 'Object Repository/checkout/button_Proses Pembayaran' is clicked on

2023-10-04 19:15:27 - [TEST_STEP][PASSED] - verifyElementPresent(findTestObject("pembayaran/Tittle nomor invoice"), 0): Object 'Object Repository/pembayaran/Tittle nomor invoice' is present

2023-10-04 19:15:27 - [MESSAGE][WARNING] - Timeout '0' is invalid. Using default page load timeout: '30'

2023-10-04 19:15:33 - [MESSAGE][PASSED] - Object 'Object Repository/pembayaran/Tittle nomor invoice' is present

2023-10-04 19:15:33 - [TEST_STEP][PASSED] - return data: null

2023-10-04 19:15:33 - [MESSAGE][PASSED] - Call Test Case 'Test Cases/T13 Pembelian, Shipment dan Pembayaran/PBL-004' successfully

2023-10-04 19:15:33 - [TEST_STEP][PASSED] - Invoice = getText(findTestObject("pembayaran/nomor invoice")): Text of object 'Object Repository/pembayaran/nomor invoice' is: 'TRX60.20231004191523'

2023-10-04 19:15:34 - [MESSAGE][PASSED] - Text of object 'Object Repository/pembayaran/nomor invoice' is: 'TRX60.20231004191523'

2023-10-04 19:15:34 - [TEST_STEP][PASSED] - data.put("invoice", Invoice): null

2023-10-04 19:15:34 - [TEST_STEP][PASSED] - NamaPemesan = getText(findTestObject("Konfirmasi pesanan shop/Nama pemesan")): Text of object 'Object Repository/Konfirmasi pesanan shop/Nama pemesan' is: 'irfan.afandi'

2023-10-04 19:15:34 - [MESSAGE][PASSED] - Text of object 'Object Repository/Konfirmasi pesanan shop/Nama pemesan' is: 'irfan.afandi'

2023-10-04 19:15:34 - [TEST_STEP][PASSED] - Nama = getText(findTestObject("pembayaran/Nama barang")): Text of object 'Object Repository/pembayaran/Nama barang' is: 'Segitiga Instan Madeira - MDB5.3 Sunset'

2023-10-04 19:15:35 - [MESSAGE][PASSED] - Text of object 'Object Repository/pembayaran/Nama barang' is: 'Segitiga Instan Madeira - MDB5.3 Sunset'

2023-10-04 19:15:35 - [TEST_STEP][PASSED] - Harga = getText(findTestObject("pembayaran/Harga barang")): Text of object 'Object Repository/pembayaran/Harga barang' is: '1,299'

2023-10-04 19:15:35 - [MESSAGE][PASSED] - Text of object 'Object Repository/pembayaran/Harga barang' is: '1,299'

2023-10-04 19:15:35 - [TEST_STEP][PASSED] - name_product = data.get("nama_barang"): null

2023-10-04 19:15:35 - [TEST_STEP][PASSED] - price_product = data.get("price_barang"): null

2023-10-04 19:15:35 - [TEST_STEP][PASSED] - assert name_product.contains(Nama): null

2023-10-04 19:15:35 - [TEST_STEP][PASSED] - assert price_product.contains(Harga): null

2023-10-04 19:15:35 - [TEST_STEP][PASSED] - warnaa = getText(findTestObject("pembayaran/warna")): Text of object 'Object Repository/pembayaran/warna' is: 'Merah'

2023-10-04 19:15:36 - [MESSAGE][PASSED] - Text of object 'Object Repository/pembayaran/warna' is: 'Merah'

2023-10-04 19:15:36 - [TEST_STEP][PASSED] - ukurann = getText(findTestObject("pembayaran/ukuran")): Text of object 'Object Repository/pembayaran/ukuran' is: 'Menengah'

2023-10-04 19:15:36 - [MESSAGE][PASSED] - Text of object 'Object Repository/pembayaran/ukuran' is: 'Menengah'

2023-10-04 19:15:36 - [TEST_STEP][PASSED] - warna1 = data.get("Warna"): null

2023-10-04 19:15:36 - [TEST_STEP][PASSED] - ukuran1 = data.get("Ukuran"): null

2023-10-04 19:15:36 - [TEST_STEP][PASSED] - assert warnaa == warna1: null

2023-10-04 19:15:36 - [TEST_STEP][PASSED] - assert ukurann == ukuran1: null

2023-10-04 19:15:36 - [TEST_STEP][PASSED] - statusPembelian = getText(findTestObject("verifikasi/Status pending di pembelian")): Text of object 'Object Repository/verifikasi/Status pending di pembelian' is: 'Pending'

2023-10-04 19:15:37 - [MESSAGE][PASSED] - Text of object 'Object Repository/verifikasi/Status pending di pembelian' is: 'Pending'

2023-10-04 19:15:37 - [TEST_STEP][PASSED] - data.put("statusPem", statusPembelian): null

2023-10-04 19:15:37 - [TEST_STEP][PASSED] - OngkosKirim = getText(findTestObject("pembayaran/ongkos kirim")): Text of object 'Object Repository/pembayaran/ongkos kirim' is: 'Rp 5,000'

2023-10-04 19:15:37 - [MESSAGE][PASSED] - Text of object 'Object Repository/pembayaran/ongkos kirim' is: 'Rp 5,000'

2023-10-04 19:15:37 - [TEST_STEP][PASSED] - Ongkos = OngkosKirim.substring(3, OngkosKirim.size()): null

2023-10-04 19:15:37 - [TEST_STEP][PASSED] - rep = Ongkos.replace(",", ""): null

2023-10-04 19:15:37 - [TEST_STEP][PASSED] - Ongkos_kirimm = Integer.parseInt(rep): null

2023-10-04 19:15:37 - [TEST_STEP][PASSED] - println(Ongkos_kirimm): null

2023-10-04 19:15:37 - [TEST_STEP][PASSED] - FeeAdmin = getText(findTestObject("pembayaran/fee admin")): Text of object 'Object Repository/pembayaran/fee admin' is: 'Rp 1,500'

2023-10-04 19:15:38 - [MESSAGE][PASSED] - Text of object 'Object Repository/pembayaran/fee admin' is: 'Rp 1,500'

2023-10-04 19:15:38 - [TEST_STEP][PASSED] - Fee_Admin = FeeAdmin.substring(3, FeeAdmin.size()): null

2023-10-04 19:15:38 - [TEST_STEP][PASSED] - fee = Fee_Admin.replace(",", ""): null

2023-10-04 19:15:38 - [TEST_STEP][PASSED] - fee_adminn = Integer.parseInt(fee): null

2023-10-04 19:15:38 - [TEST_STEP][PASSED] - println(fee_adminn): null

2023-10-04 19:15:38 - [TEST_STEP][PASSED] - Subtotal = getText(findTestObject("pembayaran/subtotal")): Text of object 'Object Repository/pembayaran/subtotal' is: 'Rp 1,299'

2023-10-04 19:15:38 - [MESSAGE][PASSED] - Text of object 'Object Repository/pembayaran/subtotal' is: 'Rp 1,299'

2023-10-04 19:15:38 - [TEST_STEP][PASSED] - sub_total = Subtotal.substring(3, Subtotal.size()): null

2023-10-04 19:15:38 - [TEST_STEP][PASSED] - sub = sub_total.replace(",", ""): null

2023-10-04 19:15:38 - [TEST_STEP][PASSED] - sub_totall = Integer.parseInt(sub): null

2023-10-04 19:15:38 - [TEST_STEP][PASSED] - println(sub_totall): null

2023-10-04 19:15:38 - [TEST_STEP][PASSED] - unik = getText(findTestObject("pembayaran/kode unik")): Text of object 'Object Repository/pembayaran/kode unik' is: '+523'

2023-10-04 19:15:39 - [MESSAGE][PASSED] - Text of object 'Object Repository/pembayaran/kode unik' is: '+523'

2023-10-04 19:15:39 - [TEST_STEP][PASSED] - unikk = unik.replace("+", ""): null

2023-10-04 19:15:39 - [TEST_STEP][PASSED] - kode_unik = Integer.parseInt(unikk): null

2023-10-04 19:15:39 - [TEST_STEP][PASSED] - println(kode_unik): null

2023-10-04 19:15:39 - [TEST_STEP][PASSED] - Total = getText(findTestObject("pembayaran/total")): Text of object 'Object Repository/pembayaran/total' is: '8,322'

2023-10-04 19:15:39 - [MESSAGE][PASSED] - Text of object 'Object Repository/pembayaran/total' is: '8,322'

2023-10-04 19:15:39 - [TEST_STEP][PASSED] - total = Total.replace(",", ""): null

2023-10-04 19:15:39 - [TEST_STEP][PASSED] - totalll = Integer.parseInt(total): null

2023-10-04 19:15:39 - [TEST_STEP][PASSED] - println(totalll): null

2023-10-04 19:15:39 - [TEST_STEP][PASSED] - Total_Hargaa = Ongkos_kirimm + fee_adminn + sub_totall + kode_unik: null

2023-10-04 19:15:39 - [TEST_STEP][PASSED] - println(Total_Hargaa): null

2023-10-04 19:15:39 - [TEST_STEP][PASSED] - assert totalll == Total_Hargaa: null

2023-10-04 19:15:39 - [TEST_STEP][PASSED] - data.put("total", Total): null

2023-10-04 19:15:39 - [TEST_STEP][PASSED] - data.put("nama", NamaPemesan): null

2023-10-04 19:15:39 - [TEST_STEP][PASSED] - return data: null

2023-10-04 19:15:39 - [MESSAGE][PASSED] - Call Test Case 'Test Cases/T13 Pembelian, Shipment dan Pembayaran/PBY-001' successfully

2023-10-04 19:15:39 - [TEST_STEP][PASSED] - inv = data.get("invoice"): null

2023-10-04 19:15:39 - [TEST_STEP][PASSED] - Total = data.get("total"): null

2023-10-04 19:15:39 - [TEST_STEP][PASSED] - NamaPemesan = data.get("nama"): null

2023-10-04 19:15:39 - [TEST_STEP][PASSED] - click(findTestObject("Konfirmasi pesanan shop/Menu Shop")): Object: 'Object Repository/Konfirmasi pesanan shop/Menu Shop' is clicked on

2023-10-04 19:15:41 - [MESSAGE][PASSED] - Object: 'Object Repository/Konfirmasi pesanan shop/Menu Shop' is clicked on

2023-10-04 19:15:41 - [TEST_STEP][PASSED] - click(findTestObject("Konfirmasi pesanan shop/Menu Shop")): Object: 'Object Repository/Konfirmasi pesanan shop/Menu Shop' is clicked on

2023-10-04 19:15:42 - [MESSAGE][PASSED] - Object: 'Object Repository/Konfirmasi pesanan shop/Menu Shop' is clicked on

2023-10-04 19:15:42 - [TEST_STEP][PASSED] - click(findTestObject("Konfirmasi pesanan shop/Konfirmasi Orders")): Object: 'Object Repository/Konfirmasi pesanan shop/Konfirmasi Orders' is clicked on

2023-10-04 19:15:42 - [MESSAGE][PASSED] - Object: 'Object Repository/Konfirmasi pesanan shop/Konfirmasi Orders' is clicked on

2023-10-04 19:15:43 - [TEST_STEP][PASSED] - verifyElementPresent(findTestObject("Konfirmasi pesanan shop/Tittle Konfirmasi Pesanan"), 0): Object 'Object Repository/Konfirmasi pesanan shop/Tittle Konfirmasi Pesanan' is present

2023-10-04 19:15:43 - [MESSAGE][WARNING] - Timeout '0' is invalid. Using default page load timeout: '30'

2023-10-04 19:15:44 - [MESSAGE][PASSED] - Object 'Object Repository/Konfirmasi pesanan shop/Tittle Konfirmasi Pesanan' is present

2023-10-04 19:15:44 - [TEST_STEP][PASSED] - setText(findTestObject("Konfirmasi pesanan shop/input_No Pesanan"), inv): Text 'TRX60.20231004191523' is set on object 'Object Repository/Konfirmasi pesanan shop/input_No Pesanan'

2023-10-04 19:15:44 - [MESSAGE][PASSED] - Text 'TRX60.20231004191523' is set on object 'Object Repository/Konfirmasi pesanan shop/input_No Pesanan'

2023-10-04 19:15:44 - [TEST_STEP][PASSED] - setText(findTestObject("Konfirmasi pesanan shop/input_Alamat E-mai"), "irfan@gmail.com"): Text 'irfan@gmail.com' is set on object 'Object Repository/Konfirmasi pesanan shop/input_Alamat E-mai'

2023-10-04 19:15:45 - [MESSAGE][PASSED] - Text 'irfan@gmail.com' is set on object 'Object Repository/Konfirmasi pesanan shop/input_Alamat E-mai'

2023-10-04 19:15:45 - [TEST_STEP][PASSED] - click(findTestObject("Konfirmasi pesanan shop/button_Submit")): Object: 'Object Repository/Konfirmasi pesanan shop/button_Submit' is clicked on

2023-10-04 19:15:46 - [MESSAGE][PASSED] - Object: 'Object Repository/Konfirmasi pesanan shop/button_Submit' is clicked on

2023-10-04 19:15:46 - [TEST_STEP][PASSED] - verifyElementPresent(findTestObject("Konfirmasi pesanan shop/Tittle nomor invoice"), 0): Object 'Object Repository/Konfirmasi pesanan shop/Tittle nomor invoice' is present

2023-10-04 19:15:46 - [MESSAGE][WARNING] - Timeout '0' is invalid. Using default page load timeout: '30'

2023-10-04 19:15:47 - [MESSAGE][PASSED] - Object 'Object Repository/Konfirmasi pesanan shop/Tittle nomor invoice' is present

2023-10-04 19:15:47 - [TEST_STEP][PASSED] - setText(findTestObject("Konfirmasi pesanan shop/input_Total TagihanTransfer_b"), Total): Text '8,322' is set on object 'Object Repository/Konfirmasi pesanan shop/input_Total TagihanTransfer_b'

2023-10-04 19:15:48 - [MESSAGE][PASSED] - Text '8,322' is set on object 'Object Repository/Konfirmasi pesanan shop/input_Total TagihanTransfer_b'

2023-10-04 19:15:48 - [TEST_STEP][PASSED] - selectOptionByValue(findTestObject("Konfirmasi pesanan shop/select_Bank"), "4", false): All options with value '4' are selected in object 'Object Repository/Konfirmasi pesanan shop/select_Bank' 

2023-10-04 19:15:48 - [MESSAGE][PASSED] - All options with value '4' are selected in object 'Object Repository/Konfirmasi pesanan shop/select_Bank' 

2023-10-04 19:15:48 - [TEST_STEP][PASSED] - setText(findTestObject("Konfirmasi pesanan shop/input_Nama Pengirim_d"), NamaPemesan): Text 'irfan.afandi' is set on object 'Object Repository/Konfirmasi pesanan shop/input_Nama Pengirim_d'

2023-10-04 19:15:49 - [MESSAGE][PASSED] - Text 'irfan.afandi' is set on object 'Object Repository/Konfirmasi pesanan shop/input_Nama Pengirim_d'

2023-10-04 19:15:49 - [TEST_STEP][PASSED] - uploadFile(findTestObject("keranjang/konfirmasi/input_Upload Bukti Transfer_f"), "C:\Users\IRFAN\Videos\katalon\video.mp4"): File 'C:\Users\IRFAN\Videos\katalon\video.mp4' sent to object: 'Object Repository/keranjang/konfirmasi/input_Upload Bukti Transfer_f'

2023-10-04 19:15:49 - [MESSAGE][PASSED] - File 'C:\Users\IRFAN\Videos\katalon\video.mp4' sent to object: 'Object Repository/keranjang/konfirmasi/input_Upload Bukti Transfer_f'

2023-10-04 19:15:49 - [TEST_STEP][PASSED] - click(findTestObject("Konfirmasi pesanan shop/button_Konfirmasi Pembayaran")): Object: 'Object Repository/Konfirmasi pesanan shop/button_Konfirmasi Pembayaran' is clicked on

2023-10-04 19:15:52 - [MESSAGE][PASSED] - Object: 'Object Repository/Konfirmasi pesanan shop/button_Konfirmasi Pembayaran' is clicked on

2023-10-04 19:15:52 - [TEST_STEP][FAILED] - verifyTextPresent("Please upload an valid file.", false): Unable to verify text 'Please upload an valid file.' is present  (Root cause: com.kms.katalon.core.exception.StepFailedException: Unable to verify text 'Please upload an valid file.' is present 
	at com.kms.katalon.core.webui.keyword.internal.WebUIKeywordMain.stepFailed(WebUIKeywordMain.groovy:64)
	at com.kms.katalon.core.webui.keyword.internal.WebUIKeywordMain.runKeyword(WebUIKeywordMain.groovy:26)
	at com.kms.katalon.core.webui.keyword.builtin.VerifyTextPresentKeyword.verifyTextPresent(VerifyTextPresentKeyword.groovy:83)
	at com.kms.katalon.core.webui.keyword.builtin.VerifyTextPresentKeyword.execute(VerifyTextPresentKeyword.groovy:68)
	at com.kms.katalon.core.keyword.internal.KeywordExecutor.executeKeywordForPlatform(KeywordExecutor.groovy:74)
	at com.kms.katalon.core.webui.keyword.WebUiBuiltInKeywords.verifyTextPresent(WebUiBuiltInKeywords.groovy:1723)
	at com.kms.katalon.core.webui.keyword.WebUiBuiltInKeywords$verifyTextPresent$9.call(Unknown Source)
	at PBY-010.run(PBY-010:54)
	at com.kms.katalon.core.main.ScriptEngine.run(ScriptEngine.java:194)
	at com.kms.katalon.core.main.ScriptEngine.runScriptAsRawText(ScriptEngine.java:119)
	at com.kms.katalon.core.main.TestCaseExecutor.runScript(TestCaseExecutor.java:448)
	at com.kms.katalon.core.main.TestCaseExecutor.doExecute(TestCaseExecutor.java:439)
	at com.kms.katalon.core.main.TestCaseExecutor.processExecutionPhase(TestCaseExecutor.java:418)
	at com.kms.katalon.core.main.TestCaseExecutor.accessMainPhase(TestCaseExecutor.java:410)
	at com.kms.katalon.core.main.TestCaseExecutor.execute(TestCaseExecutor.java:285)
	at com.kms.katalon.core.common.CommonExecutor.accessTestCaseMainPhase(CommonExecutor.java:65)
	at com.kms.katalon.core.main.TestSuiteExecutor.accessTestSuiteMainPhase(TestSuiteExecutor.java:148)
	at com.kms.katalon.core.main.TestSuiteExecutor.execute(TestSuiteExecutor.java:106)
	at com.kms.katalon.core.main.TestCaseMain.startTestSuite(TestCaseMain.java:187)
	at com.kms.katalon.core.main.TestCaseMain$startTestSuite$0.call(Unknown Source)
	at TempTestSuite1696420804604.run(TempTestSuite1696420804604.groovy:36)
Caused by: com.kms.katalon.core.exception.StepFailedException: Text 'Please upload an valid file.' is not present on page 
	at com.kms.katalon.core.webui.keyword.internal.WebUIKeywordMain.stepFailed(WebUIKeywordMain.groovy:64)
	at com.kms.katalon.core.webui.keyword.builtin.VerifyTextPresentKeyword$_verifyTextPresent_closure1.doCall(VerifyTextPresentKeyword.groovy:79)
	at com.kms.katalon.core.webui.keyword.builtin.VerifyTextPresentKeyword$_verifyTextPresent_closure1.call(VerifyTextPresentKeyword.groovy)
	at com.kms.katalon.core.webui.keyword.internal.WebUIKeywordMain.runKeyword(WebUIKeywordMain.groovy:20)
	... 19 more
)

2023-10-04 19:15:53 - [MESSAGE][FAILED] - Text 'Please upload an valid file.' is not present on page  (Root cause: com.kms.katalon.core.exception.StepFailedException: Text 'Please upload an valid file.' is not present on page 
	at com.kms.katalon.core.webui.keyword.internal.WebUIKeywordMain.stepFailed(WebUIKeywordMain.groovy:64)
	at com.kms.katalon.core.webui.keyword.builtin.VerifyTextPresentKeyword$_verifyTextPresent_closure1.doCall(VerifyTextPresentKeyword.groovy:79)
	at com.kms.katalon.core.webui.keyword.builtin.VerifyTextPresentKeyword$_verifyTextPresent_closure1.call(VerifyTextPresentKeyword.groovy)
	at com.kms.katalon.core.webui.keyword.internal.WebUIKeywordMain.runKeyword(WebUIKeywordMain.groovy:20)
	at com.kms.katalon.core.webui.keyword.builtin.VerifyTextPresentKeyword.verifyTextPresent(VerifyTextPresentKeyword.groovy:83)
	at com.kms.katalon.core.webui.keyword.builtin.VerifyTextPresentKeyword.execute(VerifyTextPresentKeyword.groovy:68)
	at com.kms.katalon.core.keyword.internal.KeywordExecutor.executeKeywordForPlatform(KeywordExecutor.groovy:74)
	at com.kms.katalon.core.webui.keyword.WebUiBuiltInKeywords.verifyTextPresent(WebUiBuiltInKeywords.groovy:1723)
	at com.kms.katalon.core.webui.keyword.WebUiBuiltInKeywords$verifyTextPresent$9.call(Unknown Source)
	at PBY-010.run(PBY-010:54)
	at com.kms.katalon.core.main.ScriptEngine.run(ScriptEngine.java:194)
	at com.kms.katalon.core.main.ScriptEngine.runScriptAsRawText(ScriptEngine.java:119)
	at com.kms.katalon.core.main.TestCaseExecutor.runScript(TestCaseExecutor.java:448)
	at com.kms.katalon.core.main.TestCaseExecutor.doExecute(TestCaseExecutor.java:439)
	at com.kms.katalon.core.main.TestCaseExecutor.processExecutionPhase(TestCaseExecutor.java:418)
	at com.kms.katalon.core.main.TestCaseExecutor.accessMainPhase(TestCaseExecutor.java:410)
	at com.kms.katalon.core.main.TestCaseExecutor.execute(TestCaseExecutor.java:285)
	at com.kms.katalon.core.common.CommonExecutor.accessTestCaseMainPhase(CommonExecutor.java:65)
	at com.kms.katalon.core.main.TestSuiteExecutor.accessTestSuiteMainPhase(TestSuiteExecutor.java:148)
	at com.kms.katalon.core.main.TestSuiteExecutor.execute(TestSuiteExecutor.java:106)
	at com.kms.katalon.core.main.TestCaseMain.startTestSuite(TestCaseMain.java:187)
	at com.kms.katalon.core.main.TestCaseMain$startTestSuite$0.call(Unknown Source)
	at TempTestSuite1696420804604.run(TempTestSuite1696420804604.groovy:36)
)

2023-10-04 19:15:53 - [MESSAGE][FAILED] - Unable to verify text 'Please upload an valid file.' is present  (Root cause: com.kms.katalon.core.exception.StepFailedException: Unable to verify text 'Please upload an valid file.' is present 
	at com.kms.katalon.core.webui.keyword.internal.WebUIKeywordMain.stepFailed(WebUIKeywordMain.groovy:64)
	at com.kms.katalon.core.webui.keyword.internal.WebUIKeywordMain.runKeyword(WebUIKeywordMain.groovy:26)
	at com.kms.katalon.core.webui.keyword.builtin.VerifyTextPresentKeyword.verifyTextPresent(VerifyTextPresentKeyword.groovy:83)
	at com.kms.katalon.core.webui.keyword.builtin.VerifyTextPresentKeyword.execute(VerifyTextPresentKeyword.groovy:68)
	at com.kms.katalon.core.keyword.internal.KeywordExecutor.executeKeywordForPlatform(KeywordExecutor.groovy:74)
	at com.kms.katalon.core.webui.keyword.WebUiBuiltInKeywords.verifyTextPresent(WebUiBuiltInKeywords.groovy:1723)
	at com.kms.katalon.core.webui.keyword.WebUiBuiltInKeywords$verifyTextPresent$9.call(Unknown Source)
	at PBY-010.run(PBY-010:54)
	at com.kms.katalon.core.main.ScriptEngine.run(ScriptEngine.java:194)
	at com.kms.katalon.core.main.ScriptEngine.runScriptAsRawText(ScriptEngine.java:119)
	at com.kms.katalon.core.main.TestCaseExecutor.runScript(TestCaseExecutor.java:448)
	at com.kms.katalon.core.main.TestCaseExecutor.doExecute(TestCaseExecutor.java:439)
	at com.kms.katalon.core.main.TestCaseExecutor.processExecutionPhase(TestCaseExecutor.java:418)
	at com.kms.katalon.core.main.TestCaseExecutor.accessMainPhase(TestCaseExecutor.java:410)
	at com.kms.katalon.core.main.TestCaseExecutor.execute(TestCaseExecutor.java:285)
	at com.kms.katalon.core.common.CommonExecutor.accessTestCaseMainPhase(CommonExecutor.java:65)
	at com.kms.katalon.core.main.TestSuiteExecutor.accessTestSuiteMainPhase(TestSuiteExecutor.java:148)
	at com.kms.katalon.core.main.TestSuiteExecutor.execute(TestSuiteExecutor.java:106)
	at com.kms.katalon.core.main.TestCaseMain.startTestSuite(TestCaseMain.java:187)
	at com.kms.katalon.core.main.TestCaseMain$startTestSuite$0.call(Unknown Source)
	at TempTestSuite1696420804604.run(TempTestSuite1696420804604.groovy:36)
Caused by: com.kms.katalon.core.exception.StepFailedException: Text 'Please upload an valid file.' is not present on page 
	at com.kms.katalon.core.webui.keyword.internal.WebUIKeywordMain.stepFailed(WebUIKeywordMain.groovy:64)
	at com.kms.katalon.core.webui.keyword.builtin.VerifyTextPresentKeyword$_verifyTextPresent_closure1.doCall(VerifyTextPresentKeyword.groovy:79)
	at com.kms.katalon.core.webui.keyword.builtin.VerifyTextPresentKeyword$_verifyTextPresent_closure1.call(VerifyTextPresentKeyword.groovy)
	at com.kms.katalon.core.webui.keyword.internal.WebUIKeywordMain.runKeyword(WebUIKeywordMain.groovy:20)
	... 19 more
)
[[ATTACHMENT|D:\\BOOTCAMP XSIS\\Projek 2 MINI PROJEK\\Reports\\20231004_190004\\T13 Pembelian, Shipment dan Pembayaran\\T13 Pembelian, Shipment dan Pembayaran\\20231004_190004\\1696421753014.png]]]]></system-out>
         <system-err><![CDATA[2023-10-04 19:14:50 - [TEST_CASE][FAILED] - Test Cases/T13 Pembelian, Shipment dan Pembayaran/PBY-010: Test Cases/T13 Pembelian, Shipment dan Pembayaran/PBY-010 FAILED.
Reason:
com.kms.katalon.core.exception.StepFailedException: Unable to verify text 'Please upload an valid file.' is present 
	at com.kms.katalon.core.webui.keyword.internal.WebUIKeywordMain.stepFailed(WebUIKeywordMain.groovy:64)
	at com.kms.katalon.core.webui.keyword.internal.WebUIKeywordMain.runKeyword(WebUIKeywordMain.groovy:26)
	at com.kms.katalon.core.webui.keyword.builtin.VerifyTextPresentKeyword.verifyTextPresent(VerifyTextPresentKeyword.groovy:83)
	at com.kms.katalon.core.webui.keyword.builtin.VerifyTextPresentKeyword.execute(VerifyTextPresentKeyword.groovy:68)
	at com.kms.katalon.core.keyword.internal.KeywordExecutor.executeKeywordForPlatform(KeywordExecutor.groovy:74)
	at com.kms.katalon.core.webui.keyword.WebUiBuiltInKeywords.verifyTextPresent(WebUiBuiltInKeywords.groovy:1723)
	at com.kms.katalon.core.webui.keyword.WebUiBuiltInKeywords$verifyTextPresent$9.call(Unknown Source)
	at PBY-010.run(PBY-010:54)
	at com.kms.katalon.core.main.ScriptEngine.run(ScriptEngine.java:194)
	at com.kms.katalon.core.main.ScriptEngine.runScriptAsRawText(ScriptEngine.java:119)
	at com.kms.katalon.core.main.TestCaseExecutor.runScript(TestCaseExecutor.java:448)
	at com.kms.katalon.core.main.TestCaseExecutor.doExecute(TestCaseExecutor.java:439)
	at com.kms.katalon.core.main.TestCaseExecutor.processExecutionPhase(TestCaseExecutor.java:418)
	at com.kms.katalon.core.main.TestCaseExecutor.accessMainPhase(TestCaseExecutor.java:410)
	at com.kms.katalon.core.main.TestCaseExecutor.execute(TestCaseExecutor.java:285)
	at com.kms.katalon.core.common.CommonExecutor.accessTestCaseMainPhase(CommonExecutor.java:65)
	at com.kms.katalon.core.main.TestSuiteExecutor.accessTestSuiteMainPhase(TestSuiteExecutor.java:148)
	at com.kms.katalon.core.main.TestSuiteExecutor.execute(TestSuiteExecutor.java:106)
	at com.kms.katalon.core.main.TestCaseMain.startTestSuite(TestCaseMain.java:187)
	at com.kms.katalon.core.main.TestCaseMain$startTestSuite$0.call(Unknown Source)
	at TempTestSuite1696420804604.run(TempTestSuite1696420804604.groovy:36)
Caused by: com.kms.katalon.core.exception.StepFailedException: Text 'Please upload an valid file.' is not present on page 
	at com.kms.katalon.core.webui.keyword.internal.WebUIKeywordMain.stepFailed(WebUIKeywordMain.groovy:64)
	at com.kms.katalon.core.webui.keyword.builtin.VerifyTextPresentKeyword$_verifyTextPresent_closure1.doCall(VerifyTextPresentKeyword.groovy:79)
	at com.kms.katalon.core.webui.keyword.builtin.VerifyTextPresentKeyword$_verifyTextPresent_closure1.call(VerifyTextPresentKeyword.groovy)
	at com.kms.katalon.core.webui.keyword.internal.WebUIKeywordMain.runKeyword(WebUIKeywordMain.groovy:20)
	... 19 more]]></system-err>
      </testcase>
      <testcase name="Test Cases/T13 Pembelian, Shipment dan Pembayaran/PBY-011" time="61.262" classname="Test Cases/T13 Pembelian, Shipment dan Pembayaran/PBY-011" status="FAILED">
         <failure type="FAILED" message="Test Cases/T13 Pembelian, Shipment dan Pembayaran/PBY-011 FAILED.
Reason:
com.kms.katalon.core.exception.StepFailedException: Unable to verify text 'Please input an valid date.' is present 
	at com.kms.katalon.core.webui.keyword.internal.WebUIKeywordMain.stepFailed(WebUIKeywordMain.groovy:64)
	at com.kms.katalon.core.webui.keyword.internal.WebUIKeywordMain.runKeyword(WebUIKeywordMain.groovy:26)
	at com.kms.katalon.core.webui.keyword.builtin.VerifyTextPresentKeyword.verifyTextPresent(VerifyTextPresentKeyword.groovy:83)
	at com.kms.katalon.core.webui.keyword.builtin.VerifyTextPresentKeyword.execute(VerifyTextPresentKeyword.groovy:68)
	at com.kms.katalon.core.keyword.internal.KeywordExecutor.executeKeywordForPlatform(KeywordExecutor.groovy:74)
	at com.kms.katalon.core.webui.keyword.WebUiBuiltInKeywords.verifyTextPresent(WebUiBuiltInKeywords.groovy:1723)
	at com.kms.katalon.core.webui.keyword.WebUiBuiltInKeywords$verifyTextPresent$9.call(Unknown Source)
	at PBY-011.run(PBY-011:56)
	at com.kms.katalon.core.main.ScriptEngine.run(ScriptEngine.java:194)
	at com.kms.katalon.core.main.ScriptEngine.runScriptAsRawText(ScriptEngine.java:119)
	at com.kms.katalon.core.main.TestCaseExecutor.runScript(TestCaseExecutor.java:448)
	at com.kms.katalon.core.main.TestCaseExecutor.doExecute(TestCaseExecutor.java:439)
	at com.kms.katalon.core.main.TestCaseExecutor.processExecutionPhase(TestCaseExecutor.java:418)
	at com.kms.katalon.core.main.TestCaseExecutor.accessMainPhase(TestCaseExecutor.java:410)
	at com.kms.katalon.core.main.TestCaseExecutor.execute(TestCaseExecutor.java:285)
	at com.kms.katalon.core.common.CommonExecutor.accessTestCaseMainPhase(CommonExecutor.java:65)
	at com.kms.katalon.core.main.TestSuiteExecutor.accessTestSuiteMainPhase(TestSuiteExecutor.java:148)
	at com.kms.katalon.core.main.TestSuiteExecutor.execute(TestSuiteExecutor.java:106)
	at com.kms.katalon.core.main.TestCaseMain.startTestSuite(TestCaseMain.java:187)
	at com.kms.katalon.core.main.TestCaseMain$startTestSuite$0.call(Unknown Source)
	at TempTestSuite1696420804604.run(TempTestSuite1696420804604.groovy:36)
Caused by: com.kms.katalon.core.exception.StepFailedException: Text 'Please input an valid date.' is not present on page 
	at com.kms.katalon.core.webui.keyword.internal.WebUIKeywordMain.stepFailed(WebUIKeywordMain.groovy:64)
	at com.kms.katalon.core.webui.keyword.builtin.VerifyTextPresentKeyword$_verifyTextPresent_closure1.doCall(VerifyTextPresentKeyword.groovy:79)
	at com.kms.katalon.core.webui.keyword.builtin.VerifyTextPresentKeyword$_verifyTextPresent_closure1.call(VerifyTextPresentKeyword.groovy)
	at com.kms.katalon.core.webui.keyword.internal.WebUIKeywordMain.runKeyword(WebUIKeywordMain.groovy:20)
	... 19 more
"/>
         <system-out><![CDATA[2023-10-04 19:15:53 - [TEST_CASE][FAILED] - Test Cases/T13 Pembelian, Shipment dan Pembayaran/PBY-011: Test Cases/T13 Pembelian, Shipment dan Pembayaran/PBY-011 FAILED.
Reason:
com.kms.katalon.core.exception.StepFailedException: Unable to verify text 'Please input an valid date.' is present 
	at com.kms.katalon.core.webui.keyword.internal.WebUIKeywordMain.stepFailed(WebUIKeywordMain.groovy:64)
	at com.kms.katalon.core.webui.keyword.internal.WebUIKeywordMain.runKeyword(WebUIKeywordMain.groovy:26)
	at com.kms.katalon.core.webui.keyword.builtin.VerifyTextPresentKeyword.verifyTextPresent(VerifyTextPresentKeyword.groovy:83)
	at com.kms.katalon.core.webui.keyword.builtin.VerifyTextPresentKeyword.execute(VerifyTextPresentKeyword.groovy:68)
	at com.kms.katalon.core.keyword.internal.KeywordExecutor.executeKeywordForPlatform(KeywordExecutor.groovy:74)
	at com.kms.katalon.core.webui.keyword.WebUiBuiltInKeywords.verifyTextPresent(WebUiBuiltInKeywords.groovy:1723)
	at com.kms.katalon.core.webui.keyword.WebUiBuiltInKeywords$verifyTextPresent$9.call(Unknown Source)
	at PBY-011.run(PBY-011:56)
	at com.kms.katalon.core.main.ScriptEngine.run(ScriptEngine.java:194)
	at com.kms.katalon.core.main.ScriptEngine.runScriptAsRawText(ScriptEngine.java:119)
	at com.kms.katalon.core.main.TestCaseExecutor.runScript(TestCaseExecutor.java:448)
	at com.kms.katalon.core.main.TestCaseExecutor.doExecute(TestCaseExecutor.java:439)
	at com.kms.katalon.core.main.TestCaseExecutor.processExecutionPhase(TestCaseExecutor.java:418)
	at com.kms.katalon.core.main.TestCaseExecutor.accessMainPhase(TestCaseExecutor.java:410)
	at com.kms.katalon.core.main.TestCaseExecutor.execute(TestCaseExecutor.java:285)
	at com.kms.katalon.core.common.CommonExecutor.accessTestCaseMainPhase(CommonExecutor.java:65)
	at com.kms.katalon.core.main.TestSuiteExecutor.accessTestSuiteMainPhase(TestSuiteExecutor.java:148)
	at com.kms.katalon.core.main.TestSuiteExecutor.execute(TestSuiteExecutor.java:106)
	at com.kms.katalon.core.main.TestCaseMain.startTestSuite(TestCaseMain.java:187)
	at com.kms.katalon.core.main.TestCaseMain$startTestSuite$0.call(Unknown Source)
	at TempTestSuite1696420804604.run(TempTestSuite1696420804604.groovy:36)
Caused by: com.kms.katalon.core.exception.StepFailedException: Text 'Please input an valid date.' is not present on page 
	at com.kms.katalon.core.webui.keyword.internal.WebUIKeywordMain.stepFailed(WebUIKeywordMain.groovy:64)
	at com.kms.katalon.core.webui.keyword.builtin.VerifyTextPresentKeyword$_verifyTextPresent_closure1.doCall(VerifyTextPresentKeyword.groovy:79)
	at com.kms.katalon.core.webui.keyword.builtin.VerifyTextPresentKeyword$_verifyTextPresent_closure1.call(VerifyTextPresentKeyword.groovy)
	at com.kms.katalon.core.webui.keyword.internal.WebUIKeywordMain.runKeyword(WebUIKeywordMain.groovy:20)
	... 19 more


2023-10-04 19:15:53 - [TEST_STEP][PASSED] - data = callTestCase(findTestCase("T13 Pembelian, Shipment dan Pembayaran/PBY-001"), [:], STOP_ON_FAILURE): Call Test Case 'Test Cases/T13 Pembelian, Shipment dan Pembayaran/PBY-001' successfully

2023-10-04 19:15:53 - [TEST_CASE][PASSED] - Test Cases/T13 Pembelian, Shipment dan Pembayaran/PBY-001: Test Cases/T13 Pembelian, Shipment dan Pembayaran/PBY-001

2023-10-04 19:15:53 - [TEST_STEP][PASSED] - data = callTestCase(findTestCase("T13 Pembelian, Shipment dan Pembayaran/PBL-004"), ["Kurir":"Roda 2"], STOP_ON_FAILURE): Call Test Case 'Test Cases/T13 Pembelian, Shipment dan Pembayaran/PBL-004' successfully

2023-10-04 19:15:53 - [TEST_CASE][PASSED] - Test Cases/T13 Pembelian, Shipment dan Pembayaran/PBL-004: Test Cases/T13 Pembelian, Shipment dan Pembayaran/PBL-004

2023-10-04 19:15:53 - [TEST_STEP][PASSED] - data = callTestCase(findTestCase("T13 Pembelian, Shipment dan Pembayaran/PBL-002"), [:], STOP_ON_FAILURE): Call Test Case 'Test Cases/T13 Pembelian, Shipment dan Pembayaran/PBL-002' successfully

2023-10-04 19:15:53 - [TEST_CASE][PASSED] - Test Cases/T13 Pembelian, Shipment dan Pembayaran/PBL-002: Test Cases/T13 Pembelian, Shipment dan Pembayaran/PBL-002

2023-10-04 19:15:53 - [TEST_STEP][PASSED] - data = callTestCase(findTestCase("T13 Pembelian, Shipment dan Pembayaran/PBL-001"), [:], STOP_ON_FAILURE): Call Test Case 'Test Cases/T13 Pembelian, Shipment dan Pembayaran/PBL-001' successfully

2023-10-04 19:15:53 - [TEST_CASE][PASSED] - Test Cases/T13 Pembelian, Shipment dan Pembayaran/PBL-001: Test Cases/T13 Pembelian, Shipment dan Pembayaran/PBL-001

2023-10-04 19:15:53 - [TEST_STEP][PASSED] - callTestCase(findTestCase("T13 Pembelian, Shipment dan Pembayaran/LU-001"), ["username":"irfanafandi", "password":"12345irfan"], STOP_ON_FAILURE): Call Test Case 'Test Cases/T13 Pembelian, Shipment dan Pembayaran/LU-001' successfully

2023-10-04 19:15:53 - [TEST_CASE][PASSED] - Test Cases/T13 Pembelian, Shipment dan Pembayaran/LU-001: Test Cases/T13 Pembelian, Shipment dan Pembayaran/LU-001

2023-10-04 19:15:53 - [TEST_STEP][PASSED] - openBrowser("https://10.9.2.63/ecommerce/"): Browser is opened with url: 'https://10.9.2.63/ecommerce/'

2023-10-04 19:15:53 - [MESSAGE][WARNING] - A browser is already opened. Closing browser and opening a new one

2023-10-04 19:15:56 - [MESSAGE][INFO] - Starting 'Firefox' driver

2023-10-04 19:15:56 - [MESSAGE][INFO] - User set preference: ['args', '[--disable-notifications]']

2023-10-04 19:15:56 - [MESSAGE][INFO] - Action delay is set to 0 milliseconds

2023-10-04 19:16:00 - [MESSAGE][PASSED] - Browser is opened with url: 'https://10.9.2.63/ecommerce/'

2023-10-04 19:16:00 - [TEST_STEP][PASSED] - maximizeWindow(): Current window maximized

2023-10-04 19:16:00 - [MESSAGE][PASSED] - Current window maximized

2023-10-04 19:16:00 - [TEST_STEP][PASSED] - verifyElementPresent(findTestObject("Login/Home"), 0): Object 'Object Repository/Login/Home' is present

2023-10-04 19:16:00 - [MESSAGE][WARNING] - Timeout '0' is invalid. Using default page load timeout: '30'

2023-10-04 19:16:01 - [MESSAGE][PASSED] - Object 'Object Repository/Login/Home' is present

2023-10-04 19:16:01 - [TEST_STEP][PASSED] - click(findTestObject("Login/a_Login")): Object: 'Object Repository/Login/a_Login' is clicked on

2023-10-04 19:16:01 - [MESSAGE][PASSED] - Object: 'Object Repository/Login/a_Login' is clicked on

2023-10-04 19:16:01 - [TEST_STEP][PASSED] - verifyElementPresent(findTestObject("Login/Tittle Login"), 0): Object 'Object Repository/Login/Tittle Login' is present

2023-10-04 19:16:01 - [MESSAGE][WARNING] - Timeout '0' is invalid. Using default page load timeout: '30'

2023-10-04 19:16:02 - [MESSAGE][PASSED] - Object 'Object Repository/Login/Tittle Login' is present

2023-10-04 19:16:02 - [TEST_STEP][PASSED] - setText(findTestObject("Login/input_Username, Email atau No. Handphone_a"), username): Text 'irfanafandi' is set on object 'Object Repository/Login/input_Username, Email atau No. Handphone_a'

2023-10-04 19:16:02 - [MESSAGE][PASSED] - Text 'irfanafandi' is set on object 'Object Repository/Login/input_Username, Email atau No. Handphone_a'

2023-10-04 19:16:02 - [TEST_STEP][PASSED] - setText(findTestObject("Login/input_Password_b"), password): Text '12345irfan' is set on object 'Object Repository/Login/input_Password_b'

2023-10-04 19:16:03 - [MESSAGE][PASSED] - Text '12345irfan' is set on object 'Object Repository/Login/input_Password_b'

2023-10-04 19:16:03 - [TEST_STEP][PASSED] - click(findTestObject("Login/label_Ingat saya")): Object: 'Object Repository/Login/label_Ingat saya' is clicked on

2023-10-04 19:16:04 - [MESSAGE][PASSED] - Object: 'Object Repository/Login/label_Ingat saya' is clicked on

2023-10-04 19:16:04 - [TEST_STEP][PASSED] - click(findTestObject("Login/button_Masuk")): Object: 'Object Repository/Login/button_Masuk' is clicked on

2023-10-04 19:16:04 - [MESSAGE][PASSED] - Object: 'Object Repository/Login/button_Masuk' is clicked on

2023-10-04 19:16:04 - [TEST_STEP][PASSED] - verifyElementPresent(findTestObject("Login/li_Profile"), 0): Object 'Object Repository/Login/li_Profile' is present

2023-10-04 19:16:05 - [MESSAGE][WARNING] - Timeout '0' is invalid. Using default page load timeout: '30'

2023-10-04 19:16:05 - [MESSAGE][PASSED] - Object 'Object Repository/Login/li_Profile' is present

2023-10-04 19:16:05 - [MESSAGE][PASSED] - Call Test Case 'Test Cases/T13 Pembelian, Shipment dan Pembayaran/LU-001' successfully

2023-10-04 19:16:05 - [TEST_STEP][PASSED] - mouseOver(findTestObject("beli barang/i_Mulai Belanja_icon-menu")): Object: 'Object Repository/beli barang/i_Mulai Belanja_icon-menu' is hovered

2023-10-04 19:16:06 - [MESSAGE][PASSED] - Object: 'Object Repository/beli barang/i_Mulai Belanja_icon-menu' is hovered

2023-10-04 19:16:06 - [TEST_STEP][PASSED] - click(findTestObject("beli barang/a_Fashion  Busana Wanita")): Object: 'Object Repository/beli barang/a_Fashion  Busana Wanita' is clicked on

2023-10-04 19:16:07 - [MESSAGE][PASSED] - Object: 'Object Repository/beli barang/a_Fashion  Busana Wanita' is clicked on

2023-10-04 19:16:07 - [TEST_STEP][PASSED] - NamaSebelum = getText(findTestObject("verifikasi/Nama sebelum")): Text of object 'Object Repository/verifikasi/Nama sebelum' is: ''

2023-10-04 19:16:07 - [MESSAGE][PASSED] - Text of object 'Object Repository/verifikasi/Nama sebelum' is: ''

2023-10-04 19:16:07 - [TEST_STEP][PASSED] - HargaSebelum = getText(findTestObject("verifikasi/Harga sebelum")): Text of object 'Object Repository/verifikasi/Harga sebelum' is: 'Rp 1,299'

2023-10-04 19:16:08 - [MESSAGE][PASSED] - Text of object 'Object Repository/verifikasi/Harga sebelum' is: 'Rp 1,299'

2023-10-04 19:16:08 - [TEST_STEP][PASSED] - mouseOver(findTestObject("beli barang/barang mouse over")): Object: 'Object Repository/beli barang/barang mouse over' is hovered

2023-10-04 19:16:08 - [MESSAGE][PASSED] - Object: 'Object Repository/beli barang/barang mouse over' is hovered

2023-10-04 19:16:08 - [TEST_STEP][PASSED] - click(findTestObject("beli barang/buttom add to cart")): Object: 'Object Repository/beli barang/buttom add to cart' is clicked on

2023-10-04 19:16:09 - [MESSAGE][PASSED] - Object: 'Object Repository/beli barang/buttom add to cart' is clicked on

2023-10-04 19:16:09 - [TEST_STEP][PASSED] - NamaSesudah = getText(findTestObject("verifikasi/Nama sesudah")): Text of object 'Object Repository/verifikasi/Nama sesudah' is: 'Segitiga Instan Madeira - MDB5.3 Sunset'

2023-10-04 19:16:10 - [MESSAGE][PASSED] - Text of object 'Object Repository/verifikasi/Nama sesudah' is: 'Segitiga Instan Madeira - MDB5.3 Sunset'

2023-10-04 19:16:10 - [TEST_STEP][PASSED] - HargaSesudah = getText(findTestObject("verifikasi/Harga sesudah")): Text of object 'Object Repository/verifikasi/Harga sesudah' is: 'Rp 1,299'

2023-10-04 19:16:10 - [MESSAGE][PASSED] - Text of object 'Object Repository/verifikasi/Harga sesudah' is: 'Rp 1,299'

2023-10-04 19:16:10 - [TEST_STEP][PASSED] - assert NamaSesudah.contains(NamaSebelum): null

2023-10-04 19:16:10 - [TEST_STEP][PASSED] - assert HargaSesudah.contains(HargaSebelum): null

2023-10-04 19:16:10 - [TEST_STEP][PASSED] - click(findTestObject("beli barang/Tambah Keranjang busana wanita")): Object: 'Object Repository/beli barang/Tambah Keranjang busana wanita' is clicked on

2023-10-04 19:16:11 - [MESSAGE][PASSED] - Object: 'Object Repository/beli barang/Tambah Keranjang busana wanita' is clicked on

2023-10-04 19:16:11 - [TEST_STEP][PASSED] - verifyElementPresent(findTestObject("checkout/Notifikasi keranjang"), 1): Object 'Object Repository/checkout/Notifikasi keranjang' is present

2023-10-04 19:16:12 - [MESSAGE][PASSED] - Object 'Object Repository/checkout/Notifikasi keranjang' is present

2023-10-04 19:16:12 - [TEST_STEP][PASSED] - data = new java.util.HashMap(): null

2023-10-04 19:16:12 - [TEST_STEP][PASSED] - data.put("nama_barang", NamaSesudah): null

2023-10-04 19:16:12 - [TEST_STEP][PASSED] - data.put("price_barang", HargaSesudah): null

2023-10-04 19:16:12 - [TEST_STEP][PASSED] - return data: null

2023-10-04 19:16:12 - [MESSAGE][PASSED] - Call Test Case 'Test Cases/T13 Pembelian, Shipment dan Pembayaran/PBL-001' successfully

2023-10-04 19:16:12 - [TEST_STEP][PASSED] - mouseOver(findTestObject("beli barang/keranjang")): Object: 'Object Repository/beli barang/keranjang' is hovered

2023-10-04 19:16:12 - [MESSAGE][PASSED] - Object: 'Object Repository/beli barang/keranjang' is hovered

2023-10-04 19:16:12 - [TEST_STEP][PASSED] - click(findTestObject("beli barang/Lihat Sekarang")): Object: 'Object Repository/beli barang/Lihat Sekarang' is clicked on

2023-10-04 19:16:13 - [MESSAGE][PASSED] - Object: 'Object Repository/beli barang/Lihat Sekarang' is clicked on

2023-10-04 19:16:13 - [TEST_STEP][PASSED] - verifyElementPresent(findTestObject("keranjang/li_Keranjang Belanja"), 0): Object 'Object Repository/keranjang/li_Keranjang Belanja' is present

2023-10-04 19:16:13 - [MESSAGE][WARNING] - Timeout '0' is invalid. Using default page load timeout: '30'

2023-10-04 19:16:15 - [MESSAGE][PASSED] - Object 'Object Repository/keranjang/li_Keranjang Belanja' is present

2023-10-04 19:16:15 - [TEST_STEP][PASSED] - NamaKeranjang = getText(findTestObject("verifikasi/Nama keranjang")): Text of object 'Object Repository/verifikasi/Nama keranjang' is: 'Segitiga Instan Madeira - MDB5.3 Sunset'

2023-10-04 19:16:15 - [MESSAGE][PASSED] - Text of object 'Object Repository/verifikasi/Nama keranjang' is: 'Segitiga Instan Madeira - MDB5.3 Sunset'

2023-10-04 19:16:15 - [TEST_STEP][PASSED] - HargaKeranjang = getText(findTestObject("verifikasi/Harga Keranjang")): Text of object 'Object Repository/verifikasi/Harga Keranjang' is: 'Rp 1,299'

2023-10-04 19:16:15 - [MESSAGE][PASSED] - Text of object 'Object Repository/verifikasi/Harga Keranjang' is: 'Rp 1,299'

2023-10-04 19:16:15 - [TEST_STEP][PASSED] - if (toString().equalsIgnoreCase("Merah")): Object 'Object Repository/keranjang/input_Warna_variasi101' is checked

2023-10-04 19:16:15 - [TEST_STEP][PASSED] - check(findTestObject("Object Repository/keranjang/input_Warna_variasi101")): Object 'Object Repository/keranjang/input_Warna_variasi101' is checked

2023-10-04 19:16:16 - [MESSAGE][PASSED] - Object 'Object Repository/keranjang/input_Warna_variasi101' is checked

2023-10-04 19:16:16 - [TEST_STEP][PASSED] - if (toString().equalsIgnoreCase("Menengah")): Object 'Object Repository/keranjang/input_Ukuran_variasi201' is checked

2023-10-04 19:16:16 - [TEST_STEP][PASSED] - check(findTestObject("Object Repository/keranjang/input_Ukuran_variasi201")): Object 'Object Repository/keranjang/input_Ukuran_variasi201' is checked

2023-10-04 19:16:16 - [MESSAGE][PASSED] - Object 'Object Repository/keranjang/input_Ukuran_variasi201' is checked

2023-10-04 19:16:16 - [TEST_STEP][PASSED] - data.put("Warna", warna): null

2023-10-04 19:16:16 - [TEST_STEP][PASSED] - data.put("Ukuran", ukuran): null

2023-10-04 19:16:16 - [TEST_STEP][PASSED] - click(findTestObject("keranjang/button_Lanjut ke Pembayaran")): Object: 'Object Repository/keranjang/button_Lanjut ke Pembayaran' is clicked on

2023-10-04 19:16:18 - [MESSAGE][PASSED] - Object: 'Object Repository/keranjang/button_Lanjut ke Pembayaran' is clicked on

2023-10-04 19:16:18 - [TEST_STEP][PASSED] - verifyElementPresent(findTestObject("checkout/Tittle Checkout Order"), 0): Object 'Object Repository/checkout/Tittle Checkout Order' is present

2023-10-04 19:16:18 - [MESSAGE][WARNING] - Timeout '0' is invalid. Using default page load timeout: '30'

2023-10-04 19:16:18 - [MESSAGE][PASSED] - Object 'Object Repository/checkout/Tittle Checkout Order' is present

2023-10-04 19:16:18 - [TEST_STEP][PASSED] - name_product = data.get("nama_barang"): null

2023-10-04 19:16:18 - [TEST_STEP][PASSED] - price_product = data.get("price_barang"): null

2023-10-04 19:16:18 - [TEST_STEP][PASSED] - assert name_product == NamaKeranjang: null

2023-10-04 19:16:18 - [TEST_STEP][PASSED] - assert price_product == HargaKeranjang: null

2023-10-04 19:16:18 - [TEST_STEP][PASSED] - return data: null

2023-10-04 19:16:18 - [MESSAGE][PASSED] - Call Test Case 'Test Cases/T13 Pembelian, Shipment dan Pembayaran/PBL-002' successfully

2023-10-04 19:16:18 - [TEST_STEP][PASSED] - warnaa = getText(findTestObject("verifikasi/warna Merah")): Text of object 'Object Repository/verifikasi/warna Merah' is: 'Merah'

2023-10-04 19:16:19 - [MESSAGE][PASSED] - Text of object 'Object Repository/verifikasi/warna Merah' is: 'Merah'

2023-10-04 19:16:19 - [TEST_STEP][PASSED] - ukurann = getText(findTestObject("verifikasi/Ukuran Menengah")): Text of object 'Object Repository/verifikasi/Ukuran Menengah' is: 'Menengah'

2023-10-04 19:16:19 - [MESSAGE][PASSED] - Text of object 'Object Repository/verifikasi/Ukuran Menengah' is: 'Menengah'

2023-10-04 19:16:19 - [TEST_STEP][PASSED] - warna1 = data.get("Warna"): null

2023-10-04 19:16:19 - [TEST_STEP][PASSED] - ukuran1 = data.get("Ukuran"): null

2023-10-04 19:16:19 - [TEST_STEP][PASSED] - assert warnaa == warna1: null

2023-10-04 19:16:19 - [TEST_STEP][PASSED] - assert ukurann == ukuran1: null

2023-10-04 19:16:19 - [TEST_STEP][PASSED] - NamaCheckout = getText(findTestObject("verifikasi/NamaCheckout")): Text of object 'Object Repository/verifikasi/NamaCheckout' is: ''

2023-10-04 19:16:19 - [MESSAGE][PASSED] - Text of object 'Object Repository/verifikasi/NamaCheckout' is: ''

2023-10-04 19:16:19 - [TEST_STEP][PASSED] - HargaCheckout = getText(findTestObject("verifikasi/HargaCheckout")): Text of object 'Object Repository/verifikasi/HargaCheckout' is: '1,299'

2023-10-04 19:16:20 - [MESSAGE][PASSED] - Text of object 'Object Repository/verifikasi/HargaCheckout' is: '1,299'

2023-10-04 19:16:20 - [TEST_STEP][PASSED] - name_product = data.get("nama_barang"): null

2023-10-04 19:16:20 - [TEST_STEP][PASSED] - price_product = data.get("price_barang"): null

2023-10-04 19:16:20 - [TEST_STEP][PASSED] - assert name_product.contains(NamaCheckout): null

2023-10-04 19:16:20 - [TEST_STEP][PASSED] - assert price_product.contains(HargaCheckout): null

2023-10-04 19:16:20 - [TEST_STEP][PASSED] - selectOptionByLabel(findTestObject("checkout/select - Kirim via Kurir Lokal"), Kurir, false): All options with label 'Roda 2' are selected in object 'Object Repository/checkout/select - Kirim via Kurir Lokal' 

2023-10-04 19:16:21 - [MESSAGE][PASSED] - All options with label 'Roda 2' are selected in object 'Object Repository/checkout/select - Kirim via Kurir Lokal' 

2023-10-04 19:16:21 - [TEST_STEP][PASSED] - click(findTestObject("checkout/Kendaraan Kurir")): Object: 'Object Repository/checkout/Kendaraan Kurir' is clicked on

2023-10-04 19:16:21 - [MESSAGE][PASSED] - Object: 'Object Repository/checkout/Kendaraan Kurir' is clicked on

2023-10-04 19:16:21 - [TEST_STEP][PASSED] - OngkosKirim = getText(findTestObject("Object Repository/verifikasi/Ongkos Kirim checkout")): Text of object 'Object Repository/verifikasi/Ongkos Kirim checkout' is: 'Rp. 5,000'

2023-10-04 19:16:22 - [MESSAGE][PASSED] - Text of object 'Object Repository/verifikasi/Ongkos Kirim checkout' is: 'Rp. 5,000'

2023-10-04 19:16:22 - [TEST_STEP][PASSED] - Ongkos = OngkosKirim.substring(3, OngkosKirim.size()): null

2023-10-04 19:16:22 - [TEST_STEP][PASSED] - rep = Ongkos.replace(",", "."): null

2023-10-04 19:16:22 - [TEST_STEP][PASSED] - Ongkos_kirim = Double.parseDouble(rep): null

2023-10-04 19:16:22 - [TEST_STEP][PASSED] - println(Ongkos_kirim): null

2023-10-04 19:16:22 - [TEST_STEP][PASSED] - FeeAdmin = getText(findTestObject("verifikasi/Fee Admin checkout")): Text of object 'Object Repository/verifikasi/Fee Admin checkout' is: 'Fee Admin
Rp 1,500'

2023-10-04 19:16:22 - [MESSAGE][PASSED] - Text of object 'Object Repository/verifikasi/Fee Admin checkout' is: 'Fee Admin
Rp 1,500'

2023-10-04 19:16:22 - [TEST_STEP][PASSED] - Fee_Admin = FeeAdmin.substring(12, FeeAdmin.size()): null

2023-10-04 19:16:22 - [TEST_STEP][PASSED] - fee = Fee_Admin.replace(",", "."): null

2023-10-04 19:16:22 - [TEST_STEP][PASSED] - fee_admin = Double.parseDouble(fee): null

2023-10-04 19:16:22 - [TEST_STEP][PASSED] - println(fee_admin): null

2023-10-04 19:16:22 - [TEST_STEP][PASSED] - Subtotal = getText(findTestObject("verifikasi/subtotal checkout")): Text of object 'Object Repository/verifikasi/subtotal checkout' is: 'Subtotal
Rp 1,299'

2023-10-04 19:16:22 - [MESSAGE][PASSED] - Text of object 'Object Repository/verifikasi/subtotal checkout' is: 'Subtotal
Rp 1,299'

2023-10-04 19:16:22 - [TEST_STEP][PASSED] - sub_total = Subtotal.substring(12, Subtotal.size()): null

2023-10-04 19:16:22 - [TEST_STEP][PASSED] - sub = sub_total.replace(",", "."): null

2023-10-04 19:16:22 - [TEST_STEP][PASSED] - sub_total = Double.parseDouble(sub): null

2023-10-04 19:16:22 - [TEST_STEP][PASSED] - println(sub_total): null

2023-10-04 19:16:22 - [TEST_STEP][PASSED] - Total = getText(findTestObject("verifikasi/Total checkout")): Text of object 'Object Repository/verifikasi/Total checkout' is: 'Rp 7,799'

2023-10-04 19:16:23 - [MESSAGE][PASSED] - Text of object 'Object Repository/verifikasi/Total checkout' is: 'Rp 7,799'

2023-10-04 19:16:23 - [TEST_STEP][PASSED] - totall = Total.substring(3, Total.size()): null

2023-10-04 19:16:23 - [TEST_STEP][PASSED] - total = totall.replace(",", "."): null

2023-10-04 19:16:23 - [TEST_STEP][PASSED] - totall = Double.parseDouble(total): null

2023-10-04 19:16:23 - [TEST_STEP][PASSED] - println(totall): null

2023-10-04 19:16:23 - [TEST_STEP][PASSED] - Total_Harga = Ongkos_kirim + fee_admin + sub_total: null

2023-10-04 19:16:23 - [TEST_STEP][PASSED] - println(Total_Harga): null

2023-10-04 19:16:23 - [TEST_STEP][PASSED] - TotalHarga = Math.round(Total_Harga * 1000) / 1000: null

2023-10-04 19:16:23 - [TEST_STEP][PASSED] - println(TotalHarga): null

2023-10-04 19:16:23 - [TEST_STEP][PASSED] - assert totall == TotalHarga: null

2023-10-04 19:16:23 - [TEST_STEP][PASSED] - click(findTestObject("verifikasi/Metode Transfer")): Object: 'Object Repository/verifikasi/Metode Transfer' is clicked on

2023-10-04 19:16:24 - [MESSAGE][PASSED] - Object: 'Object Repository/verifikasi/Metode Transfer' is clicked on

2023-10-04 19:16:24 - [TEST_STEP][PASSED] - click(findTestObject("checkout/button_Proses Pembayaran")): Object: 'Object Repository/checkout/button_Proses Pembayaran' is clicked on

2023-10-04 19:16:29 - [MESSAGE][PASSED] - Object: 'Object Repository/checkout/button_Proses Pembayaran' is clicked on

2023-10-04 19:16:29 - [TEST_STEP][PASSED] - verifyElementPresent(findTestObject("pembayaran/Tittle nomor invoice"), 0): Object 'Object Repository/pembayaran/Tittle nomor invoice' is present

2023-10-04 19:16:29 - [MESSAGE][WARNING] - Timeout '0' is invalid. Using default page load timeout: '30'

2023-10-04 19:16:35 - [MESSAGE][PASSED] - Object 'Object Repository/pembayaran/Tittle nomor invoice' is present

2023-10-04 19:16:35 - [TEST_STEP][PASSED] - return data: null

2023-10-04 19:16:35 - [MESSAGE][PASSED] - Call Test Case 'Test Cases/T13 Pembelian, Shipment dan Pembayaran/PBL-004' successfully

2023-10-04 19:16:35 - [TEST_STEP][PASSED] - Invoice = getText(findTestObject("pembayaran/nomor invoice")): Text of object 'Object Repository/pembayaran/nomor invoice' is: 'TRX60.20231004191625'

2023-10-04 19:16:36 - [MESSAGE][PASSED] - Text of object 'Object Repository/pembayaran/nomor invoice' is: 'TRX60.20231004191625'

2023-10-04 19:16:36 - [TEST_STEP][PASSED] - data.put("invoice", Invoice): null

2023-10-04 19:16:36 - [TEST_STEP][PASSED] - NamaPemesan = getText(findTestObject("Konfirmasi pesanan shop/Nama pemesan")): Text of object 'Object Repository/Konfirmasi pesanan shop/Nama pemesan' is: 'irfan.afandi'

2023-10-04 19:16:36 - [MESSAGE][PASSED] - Text of object 'Object Repository/Konfirmasi pesanan shop/Nama pemesan' is: 'irfan.afandi'

2023-10-04 19:16:36 - [TEST_STEP][PASSED] - Nama = getText(findTestObject("pembayaran/Nama barang")): Text of object 'Object Repository/pembayaran/Nama barang' is: 'Segitiga Instan Madeira - MDB5.3 Sunset'

2023-10-04 19:16:37 - [MESSAGE][PASSED] - Text of object 'Object Repository/pembayaran/Nama barang' is: 'Segitiga Instan Madeira - MDB5.3 Sunset'

2023-10-04 19:16:37 - [TEST_STEP][PASSED] - Harga = getText(findTestObject("pembayaran/Harga barang")): Text of object 'Object Repository/pembayaran/Harga barang' is: '1,299'

2023-10-04 19:16:37 - [MESSAGE][PASSED] - Text of object 'Object Repository/pembayaran/Harga barang' is: '1,299'

2023-10-04 19:16:37 - [TEST_STEP][PASSED] - name_product = data.get("nama_barang"): null

2023-10-04 19:16:37 - [TEST_STEP][PASSED] - price_product = data.get("price_barang"): null

2023-10-04 19:16:37 - [TEST_STEP][PASSED] - assert name_product.contains(Nama): null

2023-10-04 19:16:37 - [TEST_STEP][PASSED] - assert price_product.contains(Harga): null

2023-10-04 19:16:37 - [TEST_STEP][PASSED] - warnaa = getText(findTestObject("pembayaran/warna")): Text of object 'Object Repository/pembayaran/warna' is: 'Merah'

2023-10-04 19:16:38 - [MESSAGE][PASSED] - Text of object 'Object Repository/pembayaran/warna' is: 'Merah'

2023-10-04 19:16:38 - [TEST_STEP][PASSED] - ukurann = getText(findTestObject("pembayaran/ukuran")): Text of object 'Object Repository/pembayaran/ukuran' is: 'Menengah'

2023-10-04 19:16:38 - [MESSAGE][PASSED] - Text of object 'Object Repository/pembayaran/ukuran' is: 'Menengah'

2023-10-04 19:16:38 - [TEST_STEP][PASSED] - warna1 = data.get("Warna"): null

2023-10-04 19:16:38 - [TEST_STEP][PASSED] - ukuran1 = data.get("Ukuran"): null

2023-10-04 19:16:38 - [TEST_STEP][PASSED] - assert warnaa == warna1: null

2023-10-04 19:16:38 - [TEST_STEP][PASSED] - assert ukurann == ukuran1: null

2023-10-04 19:16:38 - [TEST_STEP][PASSED] - statusPembelian = getText(findTestObject("verifikasi/Status pending di pembelian")): Text of object 'Object Repository/verifikasi/Status pending di pembelian' is: 'Pending'

2023-10-04 19:16:39 - [MESSAGE][PASSED] - Text of object 'Object Repository/verifikasi/Status pending di pembelian' is: 'Pending'

2023-10-04 19:16:39 - [TEST_STEP][PASSED] - data.put("statusPem", statusPembelian): null

2023-10-04 19:16:39 - [TEST_STEP][PASSED] - OngkosKirim = getText(findTestObject("pembayaran/ongkos kirim")): Text of object 'Object Repository/pembayaran/ongkos kirim' is: 'Rp 5,000'

2023-10-04 19:16:39 - [MESSAGE][PASSED] - Text of object 'Object Repository/pembayaran/ongkos kirim' is: 'Rp 5,000'

2023-10-04 19:16:39 - [TEST_STEP][PASSED] - Ongkos = OngkosKirim.substring(3, OngkosKirim.size()): null

2023-10-04 19:16:39 - [TEST_STEP][PASSED] - rep = Ongkos.replace(",", ""): null

2023-10-04 19:16:39 - [TEST_STEP][PASSED] - Ongkos_kirimm = Integer.parseInt(rep): null

2023-10-04 19:16:39 - [TEST_STEP][PASSED] - println(Ongkos_kirimm): null

2023-10-04 19:16:39 - [TEST_STEP][PASSED] - FeeAdmin = getText(findTestObject("pembayaran/fee admin")): Text of object 'Object Repository/pembayaran/fee admin' is: 'Rp 1,500'

2023-10-04 19:16:40 - [MESSAGE][PASSED] - Text of object 'Object Repository/pembayaran/fee admin' is: 'Rp 1,500'

2023-10-04 19:16:40 - [TEST_STEP][PASSED] - Fee_Admin = FeeAdmin.substring(3, FeeAdmin.size()): null

2023-10-04 19:16:40 - [TEST_STEP][PASSED] - fee = Fee_Admin.replace(",", ""): null

2023-10-04 19:16:40 - [TEST_STEP][PASSED] - fee_adminn = Integer.parseInt(fee): null

2023-10-04 19:16:40 - [TEST_STEP][PASSED] - println(fee_adminn): null

2023-10-04 19:16:40 - [TEST_STEP][PASSED] - Subtotal = getText(findTestObject("pembayaran/subtotal")): Text of object 'Object Repository/pembayaran/subtotal' is: 'Rp 1,299'

2023-10-04 19:16:40 - [MESSAGE][PASSED] - Text of object 'Object Repository/pembayaran/subtotal' is: 'Rp 1,299'

2023-10-04 19:16:40 - [TEST_STEP][PASSED] - sub_total = Subtotal.substring(3, Subtotal.size()): null

2023-10-04 19:16:40 - [TEST_STEP][PASSED] - sub = sub_total.replace(",", ""): null

2023-10-04 19:16:40 - [TEST_STEP][PASSED] - sub_totall = Integer.parseInt(sub): null

2023-10-04 19:16:40 - [TEST_STEP][PASSED] - println(sub_totall): null

2023-10-04 19:16:40 - [TEST_STEP][PASSED] - unik = getText(findTestObject("pembayaran/kode unik")): Text of object 'Object Repository/pembayaran/kode unik' is: '+625'

2023-10-04 19:16:41 - [MESSAGE][PASSED] - Text of object 'Object Repository/pembayaran/kode unik' is: '+625'

2023-10-04 19:16:41 - [TEST_STEP][PASSED] - unikk = unik.replace("+", ""): null

2023-10-04 19:16:41 - [TEST_STEP][PASSED] - kode_unik = Integer.parseInt(unikk): null

2023-10-04 19:16:41 - [TEST_STEP][PASSED] - println(kode_unik): null

2023-10-04 19:16:41 - [TEST_STEP][PASSED] - Total = getText(findTestObject("pembayaran/total")): Text of object 'Object Repository/pembayaran/total' is: '8,424'

2023-10-04 19:16:41 - [MESSAGE][PASSED] - Text of object 'Object Repository/pembayaran/total' is: '8,424'

2023-10-04 19:16:41 - [TEST_STEP][PASSED] - total = Total.replace(",", ""): null

2023-10-04 19:16:41 - [TEST_STEP][PASSED] - totalll = Integer.parseInt(total): null

2023-10-04 19:16:41 - [TEST_STEP][PASSED] - println(totalll): null

2023-10-04 19:16:41 - [TEST_STEP][PASSED] - Total_Hargaa = Ongkos_kirimm + fee_adminn + sub_totall + kode_unik: null

2023-10-04 19:16:41 - [TEST_STEP][PASSED] - println(Total_Hargaa): null

2023-10-04 19:16:41 - [TEST_STEP][PASSED] - assert totalll == Total_Hargaa: null

2023-10-04 19:16:41 - [TEST_STEP][PASSED] - data.put("total", Total): null

2023-10-04 19:16:41 - [TEST_STEP][PASSED] - data.put("nama", NamaPemesan): null

2023-10-04 19:16:41 - [TEST_STEP][PASSED] - return data: null

2023-10-04 19:16:41 - [MESSAGE][PASSED] - Call Test Case 'Test Cases/T13 Pembelian, Shipment dan Pembayaran/PBY-001' successfully

2023-10-04 19:16:41 - [TEST_STEP][PASSED] - inv = data.get("invoice"): null

2023-10-04 19:16:41 - [TEST_STEP][PASSED] - Total = data.get("total"): null

2023-10-04 19:16:41 - [TEST_STEP][PASSED] - NamaPemesan = data.get("nama"): null

2023-10-04 19:16:41 - [TEST_STEP][PASSED] - click(findTestObject("Konfirmasi pesanan shop/Menu Shop")): Object: 'Object Repository/Konfirmasi pesanan shop/Menu Shop' is clicked on

2023-10-04 19:16:42 - [MESSAGE][PASSED] - Object: 'Object Repository/Konfirmasi pesanan shop/Menu Shop' is clicked on

2023-10-04 19:16:42 - [TEST_STEP][PASSED] - click(findTestObject("Konfirmasi pesanan shop/Menu Shop")): Object: 'Object Repository/Konfirmasi pesanan shop/Menu Shop' is clicked on

2023-10-04 19:16:44 - [MESSAGE][PASSED] - Object: 'Object Repository/Konfirmasi pesanan shop/Menu Shop' is clicked on

2023-10-04 19:16:44 - [TEST_STEP][PASSED] - click(findTestObject("Konfirmasi pesanan shop/Konfirmasi Orders")): Object: 'Object Repository/Konfirmasi pesanan shop/Konfirmasi Orders' is clicked on

2023-10-04 19:16:45 - [MESSAGE][PASSED] - Object: 'Object Repository/Konfirmasi pesanan shop/Konfirmasi Orders' is clicked on

2023-10-04 19:16:45 - [TEST_STEP][PASSED] - verifyElementPresent(findTestObject("Konfirmasi pesanan shop/Tittle Konfirmasi Pesanan"), 0): Object 'Object Repository/Konfirmasi pesanan shop/Tittle Konfirmasi Pesanan' is present

2023-10-04 19:16:45 - [MESSAGE][WARNING] - Timeout '0' is invalid. Using default page load timeout: '30'

2023-10-04 19:16:45 - [MESSAGE][PASSED] - Object 'Object Repository/Konfirmasi pesanan shop/Tittle Konfirmasi Pesanan' is present

2023-10-04 19:16:45 - [TEST_STEP][PASSED] - setText(findTestObject("Konfirmasi pesanan shop/input_No Pesanan"), inv): Text 'TRX60.20231004191625' is set on object 'Object Repository/Konfirmasi pesanan shop/input_No Pesanan'

2023-10-04 19:16:46 - [MESSAGE][PASSED] - Text 'TRX60.20231004191625' is set on object 'Object Repository/Konfirmasi pesanan shop/input_No Pesanan'

2023-10-04 19:16:46 - [TEST_STEP][PASSED] - setText(findTestObject("Konfirmasi pesanan shop/input_Alamat E-mai"), "irfan@gmail.com"): Text 'irfan@gmail.com' is set on object 'Object Repository/Konfirmasi pesanan shop/input_Alamat E-mai'

2023-10-04 19:16:47 - [MESSAGE][PASSED] - Text 'irfan@gmail.com' is set on object 'Object Repository/Konfirmasi pesanan shop/input_Alamat E-mai'

2023-10-04 19:16:47 - [TEST_STEP][PASSED] - click(findTestObject("Konfirmasi pesanan shop/button_Submit")): Object: 'Object Repository/Konfirmasi pesanan shop/button_Submit' is clicked on

2023-10-04 19:16:48 - [MESSAGE][PASSED] - Object: 'Object Repository/Konfirmasi pesanan shop/button_Submit' is clicked on

2023-10-04 19:16:48 - [TEST_STEP][PASSED] - verifyElementPresent(findTestObject("Konfirmasi pesanan shop/Tittle nomor invoice"), 0): Object 'Object Repository/Konfirmasi pesanan shop/Tittle nomor invoice' is present

2023-10-04 19:16:48 - [MESSAGE][WARNING] - Timeout '0' is invalid. Using default page load timeout: '30'

2023-10-04 19:16:49 - [MESSAGE][PASSED] - Object 'Object Repository/Konfirmasi pesanan shop/Tittle nomor invoice' is present

2023-10-04 19:16:49 - [TEST_STEP][PASSED] - setText(findTestObject("Konfirmasi pesanan shop/input_Total TagihanTransfer_b"), Total): Text '8,424' is set on object 'Object Repository/Konfirmasi pesanan shop/input_Total TagihanTransfer_b'

2023-10-04 19:16:49 - [MESSAGE][PASSED] - Text '8,424' is set on object 'Object Repository/Konfirmasi pesanan shop/input_Total TagihanTransfer_b'

2023-10-04 19:16:49 - [TEST_STEP][PASSED] - selectOptionByValue(findTestObject("Konfirmasi pesanan shop/select_Bank"), "4", false): All options with value '4' are selected in object 'Object Repository/Konfirmasi pesanan shop/select_Bank' 

2023-10-04 19:16:50 - [MESSAGE][PASSED] - All options with value '4' are selected in object 'Object Repository/Konfirmasi pesanan shop/select_Bank' 

2023-10-04 19:16:50 - [TEST_STEP][PASSED] - setText(findTestObject("Konfirmasi pesanan shop/input_Nama Pengirim_d"), NamaPemesan): Text 'irfan.afandi' is set on object 'Object Repository/Konfirmasi pesanan shop/input_Nama Pengirim_d'

2023-10-04 19:16:51 - [MESSAGE][PASSED] - Text 'irfan.afandi' is set on object 'Object Repository/Konfirmasi pesanan shop/input_Nama Pengirim_d'

2023-10-04 19:16:51 - [TEST_STEP][PASSED] - setText(findTestObject("Konfirmasi pesanan shop/input_Tanggal Transfer_e"), "2023-12-12"): Text '2023-12-12' is set on object 'Object Repository/Konfirmasi pesanan shop/input_Tanggal Transfer_e'

2023-10-04 19:16:51 - [MESSAGE][PASSED] - Text '2023-12-12' is set on object 'Object Repository/Konfirmasi pesanan shop/input_Tanggal Transfer_e'

2023-10-04 19:16:51 - [TEST_STEP][PASSED] - uploadFile(findTestObject("Konfirmasi pesanan shop/input_Upload Bukti Transfer_f"), "C:\Users\IRFAN\Downloads\Berkas2.pdf"): File 'C:\Users\IRFAN\Downloads\Berkas2.pdf' sent to object: 'Object Repository/Konfirmasi pesanan shop/input_Upload Bukti Transfer_f'

2023-10-04 19:16:52 - [MESSAGE][PASSED] - File 'C:\Users\IRFAN\Downloads\Berkas2.pdf' sent to object: 'Object Repository/Konfirmasi pesanan shop/input_Upload Bukti Transfer_f'

2023-10-04 19:16:52 - [TEST_STEP][PASSED] - click(findTestObject("Konfirmasi pesanan shop/button_Konfirmasi Pembayaran")): Object: 'Object Repository/Konfirmasi pesanan shop/button_Konfirmasi Pembayaran' is clicked on

2023-10-04 19:16:53 - [MESSAGE][PASSED] - Object: 'Object Repository/Konfirmasi pesanan shop/button_Konfirmasi Pembayaran' is clicked on

2023-10-04 19:16:53 - [TEST_STEP][FAILED] - verifyTextPresent("Please input an valid date.", false): Unable to verify text 'Please input an valid date.' is present  (Root cause: com.kms.katalon.core.exception.StepFailedException: Unable to verify text 'Please input an valid date.' is present 
	at com.kms.katalon.core.webui.keyword.internal.WebUIKeywordMain.stepFailed(WebUIKeywordMain.groovy:64)
	at com.kms.katalon.core.webui.keyword.internal.WebUIKeywordMain.runKeyword(WebUIKeywordMain.groovy:26)
	at com.kms.katalon.core.webui.keyword.builtin.VerifyTextPresentKeyword.verifyTextPresent(VerifyTextPresentKeyword.groovy:83)
	at com.kms.katalon.core.webui.keyword.builtin.VerifyTextPresentKeyword.execute(VerifyTextPresentKeyword.groovy:68)
	at com.kms.katalon.core.keyword.internal.KeywordExecutor.executeKeywordForPlatform(KeywordExecutor.groovy:74)
	at com.kms.katalon.core.webui.keyword.WebUiBuiltInKeywords.verifyTextPresent(WebUiBuiltInKeywords.groovy:1723)
	at com.kms.katalon.core.webui.keyword.WebUiBuiltInKeywords$verifyTextPresent$9.call(Unknown Source)
	at PBY-011.run(PBY-011:56)
	at com.kms.katalon.core.main.ScriptEngine.run(ScriptEngine.java:194)
	at com.kms.katalon.core.main.ScriptEngine.runScriptAsRawText(ScriptEngine.java:119)
	at com.kms.katalon.core.main.TestCaseExecutor.runScript(TestCaseExecutor.java:448)
	at com.kms.katalon.core.main.TestCaseExecutor.doExecute(TestCaseExecutor.java:439)
	at com.kms.katalon.core.main.TestCaseExecutor.processExecutionPhase(TestCaseExecutor.java:418)
	at com.kms.katalon.core.main.TestCaseExecutor.accessMainPhase(TestCaseExecutor.java:410)
	at com.kms.katalon.core.main.TestCaseExecutor.execute(TestCaseExecutor.java:285)
	at com.kms.katalon.core.common.CommonExecutor.accessTestCaseMainPhase(CommonExecutor.java:65)
	at com.kms.katalon.core.main.TestSuiteExecutor.accessTestSuiteMainPhase(TestSuiteExecutor.java:148)
	at com.kms.katalon.core.main.TestSuiteExecutor.execute(TestSuiteExecutor.java:106)
	at com.kms.katalon.core.main.TestCaseMain.startTestSuite(TestCaseMain.java:187)
	at com.kms.katalon.core.main.TestCaseMain$startTestSuite$0.call(Unknown Source)
	at TempTestSuite1696420804604.run(TempTestSuite1696420804604.groovy:36)
Caused by: com.kms.katalon.core.exception.StepFailedException: Text 'Please input an valid date.' is not present on page 
	at com.kms.katalon.core.webui.keyword.internal.WebUIKeywordMain.stepFailed(WebUIKeywordMain.groovy:64)
	at com.kms.katalon.core.webui.keyword.builtin.VerifyTextPresentKeyword$_verifyTextPresent_closure1.doCall(VerifyTextPresentKeyword.groovy:79)
	at com.kms.katalon.core.webui.keyword.builtin.VerifyTextPresentKeyword$_verifyTextPresent_closure1.call(VerifyTextPresentKeyword.groovy)
	at com.kms.katalon.core.webui.keyword.internal.WebUIKeywordMain.runKeyword(WebUIKeywordMain.groovy:20)
	... 19 more
)

2023-10-04 19:16:54 - [MESSAGE][FAILED] - Text 'Please input an valid date.' is not present on page  (Root cause: com.kms.katalon.core.exception.StepFailedException: Text 'Please input an valid date.' is not present on page 
	at com.kms.katalon.core.webui.keyword.internal.WebUIKeywordMain.stepFailed(WebUIKeywordMain.groovy:64)
	at com.kms.katalon.core.webui.keyword.builtin.VerifyTextPresentKeyword$_verifyTextPresent_closure1.doCall(VerifyTextPresentKeyword.groovy:79)
	at com.kms.katalon.core.webui.keyword.builtin.VerifyTextPresentKeyword$_verifyTextPresent_closure1.call(VerifyTextPresentKeyword.groovy)
	at com.kms.katalon.core.webui.keyword.internal.WebUIKeywordMain.runKeyword(WebUIKeywordMain.groovy:20)
	at com.kms.katalon.core.webui.keyword.builtin.VerifyTextPresentKeyword.verifyTextPresent(VerifyTextPresentKeyword.groovy:83)
	at com.kms.katalon.core.webui.keyword.builtin.VerifyTextPresentKeyword.execute(VerifyTextPresentKeyword.groovy:68)
	at com.kms.katalon.core.keyword.internal.KeywordExecutor.executeKeywordForPlatform(KeywordExecutor.groovy:74)
	at com.kms.katalon.core.webui.keyword.WebUiBuiltInKeywords.verifyTextPresent(WebUiBuiltInKeywords.groovy:1723)
	at com.kms.katalon.core.webui.keyword.WebUiBuiltInKeywords$verifyTextPresent$9.call(Unknown Source)
	at PBY-011.run(PBY-011:56)
	at com.kms.katalon.core.main.ScriptEngine.run(ScriptEngine.java:194)
	at com.kms.katalon.core.main.ScriptEngine.runScriptAsRawText(ScriptEngine.java:119)
	at com.kms.katalon.core.main.TestCaseExecutor.runScript(TestCaseExecutor.java:448)
	at com.kms.katalon.core.main.TestCaseExecutor.doExecute(TestCaseExecutor.java:439)
	at com.kms.katalon.core.main.TestCaseExecutor.processExecutionPhase(TestCaseExecutor.java:418)
	at com.kms.katalon.core.main.TestCaseExecutor.accessMainPhase(TestCaseExecutor.java:410)
	at com.kms.katalon.core.main.TestCaseExecutor.execute(TestCaseExecutor.java:285)
	at com.kms.katalon.core.common.CommonExecutor.accessTestCaseMainPhase(CommonExecutor.java:65)
	at com.kms.katalon.core.main.TestSuiteExecutor.accessTestSuiteMainPhase(TestSuiteExecutor.java:148)
	at com.kms.katalon.core.main.TestSuiteExecutor.execute(TestSuiteExecutor.java:106)
	at com.kms.katalon.core.main.TestCaseMain.startTestSuite(TestCaseMain.java:187)
	at com.kms.katalon.core.main.TestCaseMain$startTestSuite$0.call(Unknown Source)
	at TempTestSuite1696420804604.run(TempTestSuite1696420804604.groovy:36)
)

2023-10-04 19:16:54 - [MESSAGE][FAILED] - Unable to verify text 'Please input an valid date.' is present  (Root cause: com.kms.katalon.core.exception.StepFailedException: Unable to verify text 'Please input an valid date.' is present 
	at com.kms.katalon.core.webui.keyword.internal.WebUIKeywordMain.stepFailed(WebUIKeywordMain.groovy:64)
	at com.kms.katalon.core.webui.keyword.internal.WebUIKeywordMain.runKeyword(WebUIKeywordMain.groovy:26)
	at com.kms.katalon.core.webui.keyword.builtin.VerifyTextPresentKeyword.verifyTextPresent(VerifyTextPresentKeyword.groovy:83)
	at com.kms.katalon.core.webui.keyword.builtin.VerifyTextPresentKeyword.execute(VerifyTextPresentKeyword.groovy:68)
	at com.kms.katalon.core.keyword.internal.KeywordExecutor.executeKeywordForPlatform(KeywordExecutor.groovy:74)
	at com.kms.katalon.core.webui.keyword.WebUiBuiltInKeywords.verifyTextPresent(WebUiBuiltInKeywords.groovy:1723)
	at com.kms.katalon.core.webui.keyword.WebUiBuiltInKeywords$verifyTextPresent$9.call(Unknown Source)
	at PBY-011.run(PBY-011:56)
	at com.kms.katalon.core.main.ScriptEngine.run(ScriptEngine.java:194)
	at com.kms.katalon.core.main.ScriptEngine.runScriptAsRawText(ScriptEngine.java:119)
	at com.kms.katalon.core.main.TestCaseExecutor.runScript(TestCaseExecutor.java:448)
	at com.kms.katalon.core.main.TestCaseExecutor.doExecute(TestCaseExecutor.java:439)
	at com.kms.katalon.core.main.TestCaseExecutor.processExecutionPhase(TestCaseExecutor.java:418)
	at com.kms.katalon.core.main.TestCaseExecutor.accessMainPhase(TestCaseExecutor.java:410)
	at com.kms.katalon.core.main.TestCaseExecutor.execute(TestCaseExecutor.java:285)
	at com.kms.katalon.core.common.CommonExecutor.accessTestCaseMainPhase(CommonExecutor.java:65)
	at com.kms.katalon.core.main.TestSuiteExecutor.accessTestSuiteMainPhase(TestSuiteExecutor.java:148)
	at com.kms.katalon.core.main.TestSuiteExecutor.execute(TestSuiteExecutor.java:106)
	at com.kms.katalon.core.main.TestCaseMain.startTestSuite(TestCaseMain.java:187)
	at com.kms.katalon.core.main.TestCaseMain$startTestSuite$0.call(Unknown Source)
	at TempTestSuite1696420804604.run(TempTestSuite1696420804604.groovy:36)
Caused by: com.kms.katalon.core.exception.StepFailedException: Text 'Please input an valid date.' is not present on page 
	at com.kms.katalon.core.webui.keyword.internal.WebUIKeywordMain.stepFailed(WebUIKeywordMain.groovy:64)
	at com.kms.katalon.core.webui.keyword.builtin.VerifyTextPresentKeyword$_verifyTextPresent_closure1.doCall(VerifyTextPresentKeyword.groovy:79)
	at com.kms.katalon.core.webui.keyword.builtin.VerifyTextPresentKeyword$_verifyTextPresent_closure1.call(VerifyTextPresentKeyword.groovy)
	at com.kms.katalon.core.webui.keyword.internal.WebUIKeywordMain.runKeyword(WebUIKeywordMain.groovy:20)
	... 19 more
)
[[ATTACHMENT|D:\\BOOTCAMP XSIS\\Projek 2 MINI PROJEK\\Reports\\20231004_190004\\T13 Pembelian, Shipment dan Pembayaran\\T13 Pembelian, Shipment dan Pembayaran\\20231004_190004\\1696421814388.png]]]]></system-out>
         <system-err><![CDATA[2023-10-04 19:15:53 - [TEST_CASE][FAILED] - Test Cases/T13 Pembelian, Shipment dan Pembayaran/PBY-011: Test Cases/T13 Pembelian, Shipment dan Pembayaran/PBY-011 FAILED.
Reason:
com.kms.katalon.core.exception.StepFailedException: Unable to verify text 'Please input an valid date.' is present 
	at com.kms.katalon.core.webui.keyword.internal.WebUIKeywordMain.stepFailed(WebUIKeywordMain.groovy:64)
	at com.kms.katalon.core.webui.keyword.internal.WebUIKeywordMain.runKeyword(WebUIKeywordMain.groovy:26)
	at com.kms.katalon.core.webui.keyword.builtin.VerifyTextPresentKeyword.verifyTextPresent(VerifyTextPresentKeyword.groovy:83)
	at com.kms.katalon.core.webui.keyword.builtin.VerifyTextPresentKeyword.execute(VerifyTextPresentKeyword.groovy:68)
	at com.kms.katalon.core.keyword.internal.KeywordExecutor.executeKeywordForPlatform(KeywordExecutor.groovy:74)
	at com.kms.katalon.core.webui.keyword.WebUiBuiltInKeywords.verifyTextPresent(WebUiBuiltInKeywords.groovy:1723)
	at com.kms.katalon.core.webui.keyword.WebUiBuiltInKeywords$verifyTextPresent$9.call(Unknown Source)
	at PBY-011.run(PBY-011:56)
	at com.kms.katalon.core.main.ScriptEngine.run(ScriptEngine.java:194)
	at com.kms.katalon.core.main.ScriptEngine.runScriptAsRawText(ScriptEngine.java:119)
	at com.kms.katalon.core.main.TestCaseExecutor.runScript(TestCaseExecutor.java:448)
	at com.kms.katalon.core.main.TestCaseExecutor.doExecute(TestCaseExecutor.java:439)
	at com.kms.katalon.core.main.TestCaseExecutor.processExecutionPhase(TestCaseExecutor.java:418)
	at com.kms.katalon.core.main.TestCaseExecutor.accessMainPhase(TestCaseExecutor.java:410)
	at com.kms.katalon.core.main.TestCaseExecutor.execute(TestCaseExecutor.java:285)
	at com.kms.katalon.core.common.CommonExecutor.accessTestCaseMainPhase(CommonExecutor.java:65)
	at com.kms.katalon.core.main.TestSuiteExecutor.accessTestSuiteMainPhase(TestSuiteExecutor.java:148)
	at com.kms.katalon.core.main.TestSuiteExecutor.execute(TestSuiteExecutor.java:106)
	at com.kms.katalon.core.main.TestCaseMain.startTestSuite(TestCaseMain.java:187)
	at com.kms.katalon.core.main.TestCaseMain$startTestSuite$0.call(Unknown Source)
	at TempTestSuite1696420804604.run(TempTestSuite1696420804604.groovy:36)
Caused by: com.kms.katalon.core.exception.StepFailedException: Text 'Please input an valid date.' is not present on page 
	at com.kms.katalon.core.webui.keyword.internal.WebUIKeywordMain.stepFailed(WebUIKeywordMain.groovy:64)
	at com.kms.katalon.core.webui.keyword.builtin.VerifyTextPresentKeyword$_verifyTextPresent_closure1.doCall(VerifyTextPresentKeyword.groovy:79)
	at com.kms.katalon.core.webui.keyword.builtin.VerifyTextPresentKeyword$_verifyTextPresent_closure1.call(VerifyTextPresentKeyword.groovy)
	at com.kms.katalon.core.webui.keyword.internal.WebUIKeywordMain.runKeyword(WebUIKeywordMain.groovy:20)
	... 19 more]]></system-err>
      </testcase>
      <testcase name="Test Cases/T13 Pembelian, Shipment dan Pembayaran/PBY-012" time="53.426" classname="Test Cases/T13 Pembelian, Shipment dan Pembayaran/PBY-012" status="PASSED">
         <system-out><![CDATA[2023-10-04 19:16:54 - [TEST_CASE][PASSED] - Test Cases/T13 Pembelian, Shipment dan Pembayaran/PBY-012: Test Cases/T13 Pembelian, Shipment dan Pembayaran/PBY-012

2023-10-04 19:16:54 - [TEST_STEP][PASSED] - data = callTestCase(findTestCase("T13 Pembelian, Shipment dan Pembayaran/PBY-001"), [:], STOP_ON_FAILURE): Call Test Case 'Test Cases/T13 Pembelian, Shipment dan Pembayaran/PBY-001' successfully

2023-10-04 19:16:54 - [TEST_CASE][PASSED] - Test Cases/T13 Pembelian, Shipment dan Pembayaran/PBY-001: Test Cases/T13 Pembelian, Shipment dan Pembayaran/PBY-001

2023-10-04 19:16:54 - [TEST_STEP][PASSED] - data = callTestCase(findTestCase("T13 Pembelian, Shipment dan Pembayaran/PBL-004"), ["Kurir":"Roda 2"], STOP_ON_FAILURE): Call Test Case 'Test Cases/T13 Pembelian, Shipment dan Pembayaran/PBL-004' successfully

2023-10-04 19:16:54 - [TEST_CASE][PASSED] - Test Cases/T13 Pembelian, Shipment dan Pembayaran/PBL-004: Test Cases/T13 Pembelian, Shipment dan Pembayaran/PBL-004

2023-10-04 19:16:54 - [TEST_STEP][PASSED] - data = callTestCase(findTestCase("T13 Pembelian, Shipment dan Pembayaran/PBL-002"), [:], STOP_ON_FAILURE): Call Test Case 'Test Cases/T13 Pembelian, Shipment dan Pembayaran/PBL-002' successfully

2023-10-04 19:16:55 - [TEST_CASE][PASSED] - Test Cases/T13 Pembelian, Shipment dan Pembayaran/PBL-002: Test Cases/T13 Pembelian, Shipment dan Pembayaran/PBL-002

2023-10-04 19:16:55 - [TEST_STEP][PASSED] - data = callTestCase(findTestCase("T13 Pembelian, Shipment dan Pembayaran/PBL-001"), [:], STOP_ON_FAILURE): Call Test Case 'Test Cases/T13 Pembelian, Shipment dan Pembayaran/PBL-001' successfully

2023-10-04 19:16:55 - [TEST_CASE][PASSED] - Test Cases/T13 Pembelian, Shipment dan Pembayaran/PBL-001: Test Cases/T13 Pembelian, Shipment dan Pembayaran/PBL-001

2023-10-04 19:16:55 - [TEST_STEP][PASSED] - callTestCase(findTestCase("T13 Pembelian, Shipment dan Pembayaran/LU-001"), ["username":"irfanafandi", "password":"12345irfan"], STOP_ON_FAILURE): Call Test Case 'Test Cases/T13 Pembelian, Shipment dan Pembayaran/LU-001' successfully

2023-10-04 19:16:55 - [TEST_CASE][PASSED] - Test Cases/T13 Pembelian, Shipment dan Pembayaran/LU-001: Test Cases/T13 Pembelian, Shipment dan Pembayaran/LU-001

2023-10-04 19:16:55 - [TEST_STEP][PASSED] - openBrowser("https://10.9.2.63/ecommerce/"): Browser is opened with url: 'https://10.9.2.63/ecommerce/'

2023-10-04 19:16:55 - [MESSAGE][WARNING] - A browser is already opened. Closing browser and opening a new one

2023-10-04 19:16:57 - [MESSAGE][INFO] - Starting 'Firefox' driver

2023-10-04 19:16:57 - [MESSAGE][INFO] - User set preference: ['args', '[--disable-notifications]']

2023-10-04 19:16:57 - [MESSAGE][INFO] - Action delay is set to 0 milliseconds

2023-10-04 19:17:02 - [MESSAGE][PASSED] - Browser is opened with url: 'https://10.9.2.63/ecommerce/'

2023-10-04 19:17:02 - [TEST_STEP][PASSED] - maximizeWindow(): Current window maximized

2023-10-04 19:17:02 - [MESSAGE][PASSED] - Current window maximized

2023-10-04 19:17:02 - [TEST_STEP][PASSED] - verifyElementPresent(findTestObject("Login/Home"), 0): Object 'Object Repository/Login/Home' is present

2023-10-04 19:17:02 - [MESSAGE][WARNING] - Timeout '0' is invalid. Using default page load timeout: '30'

2023-10-04 19:17:02 - [MESSAGE][PASSED] - Object 'Object Repository/Login/Home' is present

2023-10-04 19:17:02 - [TEST_STEP][PASSED] - click(findTestObject("Login/a_Login")): Object: 'Object Repository/Login/a_Login' is clicked on

2023-10-04 19:17:03 - [MESSAGE][PASSED] - Object: 'Object Repository/Login/a_Login' is clicked on

2023-10-04 19:17:03 - [TEST_STEP][PASSED] - verifyElementPresent(findTestObject("Login/Tittle Login"), 0): Object 'Object Repository/Login/Tittle Login' is present

2023-10-04 19:17:03 - [MESSAGE][WARNING] - Timeout '0' is invalid. Using default page load timeout: '30'

2023-10-04 19:17:03 - [MESSAGE][PASSED] - Object 'Object Repository/Login/Tittle Login' is present

2023-10-04 19:17:03 - [TEST_STEP][PASSED] - setText(findTestObject("Login/input_Username, Email atau No. Handphone_a"), username): Text 'irfanafandi' is set on object 'Object Repository/Login/input_Username, Email atau No. Handphone_a'

2023-10-04 19:17:04 - [MESSAGE][PASSED] - Text 'irfanafandi' is set on object 'Object Repository/Login/input_Username, Email atau No. Handphone_a'

2023-10-04 19:17:04 - [TEST_STEP][PASSED] - setText(findTestObject("Login/input_Password_b"), password): Text '12345irfan' is set on object 'Object Repository/Login/input_Password_b'

2023-10-04 19:17:05 - [MESSAGE][PASSED] - Text '12345irfan' is set on object 'Object Repository/Login/input_Password_b'

2023-10-04 19:17:05 - [TEST_STEP][PASSED] - click(findTestObject("Login/label_Ingat saya")): Object: 'Object Repository/Login/label_Ingat saya' is clicked on

2023-10-04 19:17:05 - [MESSAGE][PASSED] - Object: 'Object Repository/Login/label_Ingat saya' is clicked on

2023-10-04 19:17:05 - [TEST_STEP][PASSED] - click(findTestObject("Login/button_Masuk")): Object: 'Object Repository/Login/button_Masuk' is clicked on

2023-10-04 19:17:06 - [MESSAGE][PASSED] - Object: 'Object Repository/Login/button_Masuk' is clicked on

2023-10-04 19:17:06 - [TEST_STEP][PASSED] - verifyElementPresent(findTestObject("Login/li_Profile"), 0): Object 'Object Repository/Login/li_Profile' is present

2023-10-04 19:17:06 - [MESSAGE][WARNING] - Timeout '0' is invalid. Using default page load timeout: '30'

2023-10-04 19:17:07 - [MESSAGE][PASSED] - Object 'Object Repository/Login/li_Profile' is present

2023-10-04 19:17:07 - [MESSAGE][PASSED] - Call Test Case 'Test Cases/T13 Pembelian, Shipment dan Pembayaran/LU-001' successfully

2023-10-04 19:17:07 - [TEST_STEP][PASSED] - mouseOver(findTestObject("beli barang/i_Mulai Belanja_icon-menu")): Object: 'Object Repository/beli barang/i_Mulai Belanja_icon-menu' is hovered

2023-10-04 19:17:07 - [MESSAGE][PASSED] - Object: 'Object Repository/beli barang/i_Mulai Belanja_icon-menu' is hovered

2023-10-04 19:17:07 - [TEST_STEP][PASSED] - click(findTestObject("beli barang/a_Fashion  Busana Wanita")): Object: 'Object Repository/beli barang/a_Fashion  Busana Wanita' is clicked on

2023-10-04 19:17:09 - [MESSAGE][PASSED] - Object: 'Object Repository/beli barang/a_Fashion  Busana Wanita' is clicked on

2023-10-04 19:17:09 - [TEST_STEP][PASSED] - NamaSebelum = getText(findTestObject("verifikasi/Nama sebelum")): Text of object 'Object Repository/verifikasi/Nama sebelum' is: ''

2023-10-04 19:17:09 - [MESSAGE][PASSED] - Text of object 'Object Repository/verifikasi/Nama sebelum' is: ''

2023-10-04 19:17:09 - [TEST_STEP][PASSED] - HargaSebelum = getText(findTestObject("verifikasi/Harga sebelum")): Text of object 'Object Repository/verifikasi/Harga sebelum' is: 'Rp 1,299'

2023-10-04 19:17:10 - [MESSAGE][PASSED] - Text of object 'Object Repository/verifikasi/Harga sebelum' is: 'Rp 1,299'

2023-10-04 19:17:10 - [TEST_STEP][PASSED] - mouseOver(findTestObject("beli barang/barang mouse over")): Object: 'Object Repository/beli barang/barang mouse over' is hovered

2023-10-04 19:17:10 - [MESSAGE][PASSED] - Object: 'Object Repository/beli barang/barang mouse over' is hovered

2023-10-04 19:17:10 - [TEST_STEP][PASSED] - click(findTestObject("beli barang/buttom add to cart")): Object: 'Object Repository/beli barang/buttom add to cart' is clicked on

2023-10-04 19:17:11 - [MESSAGE][PASSED] - Object: 'Object Repository/beli barang/buttom add to cart' is clicked on

2023-10-04 19:17:11 - [TEST_STEP][PASSED] - NamaSesudah = getText(findTestObject("verifikasi/Nama sesudah")): Text of object 'Object Repository/verifikasi/Nama sesudah' is: 'Segitiga Instan Madeira - MDB5.3 Sunset'

2023-10-04 19:17:12 - [MESSAGE][PASSED] - Text of object 'Object Repository/verifikasi/Nama sesudah' is: 'Segitiga Instan Madeira - MDB5.3 Sunset'

2023-10-04 19:17:12 - [TEST_STEP][PASSED] - HargaSesudah = getText(findTestObject("verifikasi/Harga sesudah")): Text of object 'Object Repository/verifikasi/Harga sesudah' is: 'Rp 1,299'

2023-10-04 19:17:13 - [MESSAGE][PASSED] - Text of object 'Object Repository/verifikasi/Harga sesudah' is: 'Rp 1,299'

2023-10-04 19:17:13 - [TEST_STEP][PASSED] - assert NamaSesudah.contains(NamaSebelum): null

2023-10-04 19:17:13 - [TEST_STEP][PASSED] - assert HargaSesudah.contains(HargaSebelum): null

2023-10-04 19:17:13 - [TEST_STEP][PASSED] - click(findTestObject("beli barang/Tambah Keranjang busana wanita")): Object: 'Object Repository/beli barang/Tambah Keranjang busana wanita' is clicked on

2023-10-04 19:17:13 - [MESSAGE][PASSED] - Object: 'Object Repository/beli barang/Tambah Keranjang busana wanita' is clicked on

2023-10-04 19:17:13 - [TEST_STEP][PASSED] - verifyElementPresent(findTestObject("checkout/Notifikasi keranjang"), 1): Object 'Object Repository/checkout/Notifikasi keranjang' is present

2023-10-04 19:17:14 - [MESSAGE][PASSED] - Object 'Object Repository/checkout/Notifikasi keranjang' is present

2023-10-04 19:17:14 - [TEST_STEP][PASSED] - data = new java.util.HashMap(): null

2023-10-04 19:17:14 - [TEST_STEP][PASSED] - data.put("nama_barang", NamaSesudah): null

2023-10-04 19:17:14 - [TEST_STEP][PASSED] - data.put("price_barang", HargaSesudah): null

2023-10-04 19:17:14 - [TEST_STEP][PASSED] - return data: null

2023-10-04 19:17:14 - [MESSAGE][PASSED] - Call Test Case 'Test Cases/T13 Pembelian, Shipment dan Pembayaran/PBL-001' successfully

2023-10-04 19:17:14 - [TEST_STEP][PASSED] - mouseOver(findTestObject("beli barang/keranjang")): Object: 'Object Repository/beli barang/keranjang' is hovered

2023-10-04 19:17:14 - [MESSAGE][PASSED] - Object: 'Object Repository/beli barang/keranjang' is hovered

2023-10-04 19:17:14 - [TEST_STEP][PASSED] - click(findTestObject("beli barang/Lihat Sekarang")): Object: 'Object Repository/beli barang/Lihat Sekarang' is clicked on

2023-10-04 19:17:15 - [MESSAGE][PASSED] - Object: 'Object Repository/beli barang/Lihat Sekarang' is clicked on

2023-10-04 19:17:15 - [TEST_STEP][PASSED] - verifyElementPresent(findTestObject("keranjang/li_Keranjang Belanja"), 0): Object 'Object Repository/keranjang/li_Keranjang Belanja' is present

2023-10-04 19:17:15 - [MESSAGE][WARNING] - Timeout '0' is invalid. Using default page load timeout: '30'

2023-10-04 19:17:17 - [MESSAGE][PASSED] - Object 'Object Repository/keranjang/li_Keranjang Belanja' is present

2023-10-04 19:17:17 - [TEST_STEP][PASSED] - NamaKeranjang = getText(findTestObject("verifikasi/Nama keranjang")): Text of object 'Object Repository/verifikasi/Nama keranjang' is: 'Segitiga Instan Madeira - MDB5.3 Sunset'

2023-10-04 19:17:17 - [MESSAGE][PASSED] - Text of object 'Object Repository/verifikasi/Nama keranjang' is: 'Segitiga Instan Madeira - MDB5.3 Sunset'

2023-10-04 19:17:17 - [TEST_STEP][PASSED] - HargaKeranjang = getText(findTestObject("verifikasi/Harga Keranjang")): Text of object 'Object Repository/verifikasi/Harga Keranjang' is: 'Rp 1,299'

2023-10-04 19:17:17 - [MESSAGE][PASSED] - Text of object 'Object Repository/verifikasi/Harga Keranjang' is: 'Rp 1,299'

2023-10-04 19:17:17 - [TEST_STEP][PASSED] - if (toString().equalsIgnoreCase("Merah")): Object 'Object Repository/keranjang/input_Warna_variasi101' is checked

2023-10-04 19:17:18 - [TEST_STEP][PASSED] - check(findTestObject("Object Repository/keranjang/input_Warna_variasi101")): Object 'Object Repository/keranjang/input_Warna_variasi101' is checked

2023-10-04 19:17:18 - [MESSAGE][PASSED] - Object 'Object Repository/keranjang/input_Warna_variasi101' is checked

2023-10-04 19:17:18 - [TEST_STEP][PASSED] - if (toString().equalsIgnoreCase("Menengah")): Object 'Object Repository/keranjang/input_Ukuran_variasi201' is checked

2023-10-04 19:17:18 - [TEST_STEP][PASSED] - check(findTestObject("Object Repository/keranjang/input_Ukuran_variasi201")): Object 'Object Repository/keranjang/input_Ukuran_variasi201' is checked

2023-10-04 19:17:19 - [MESSAGE][PASSED] - Object 'Object Repository/keranjang/input_Ukuran_variasi201' is checked

2023-10-04 19:17:19 - [TEST_STEP][PASSED] - data.put("Warna", warna): null

2023-10-04 19:17:19 - [TEST_STEP][PASSED] - data.put("Ukuran", ukuran): null

2023-10-04 19:17:19 - [TEST_STEP][PASSED] - click(findTestObject("keranjang/button_Lanjut ke Pembayaran")): Object: 'Object Repository/keranjang/button_Lanjut ke Pembayaran' is clicked on

2023-10-04 19:17:20 - [MESSAGE][PASSED] - Object: 'Object Repository/keranjang/button_Lanjut ke Pembayaran' is clicked on

2023-10-04 19:17:20 - [TEST_STEP][PASSED] - verifyElementPresent(findTestObject("checkout/Tittle Checkout Order"), 0): Object 'Object Repository/checkout/Tittle Checkout Order' is present

2023-10-04 19:17:20 - [MESSAGE][WARNING] - Timeout '0' is invalid. Using default page load timeout: '30'

2023-10-04 19:17:21 - [MESSAGE][PASSED] - Object 'Object Repository/checkout/Tittle Checkout Order' is present

2023-10-04 19:17:21 - [TEST_STEP][PASSED] - name_product = data.get("nama_barang"): null

2023-10-04 19:17:21 - [TEST_STEP][PASSED] - price_product = data.get("price_barang"): null

2023-10-04 19:17:21 - [TEST_STEP][PASSED] - assert name_product == NamaKeranjang: null

2023-10-04 19:17:21 - [TEST_STEP][PASSED] - assert price_product == HargaKeranjang: null

2023-10-04 19:17:21 - [TEST_STEP][PASSED] - return data: null

2023-10-04 19:17:21 - [MESSAGE][PASSED] - Call Test Case 'Test Cases/T13 Pembelian, Shipment dan Pembayaran/PBL-002' successfully

2023-10-04 19:17:21 - [TEST_STEP][PASSED] - warnaa = getText(findTestObject("verifikasi/warna Merah")): Text of object 'Object Repository/verifikasi/warna Merah' is: 'Merah'

2023-10-04 19:17:21 - [MESSAGE][PASSED] - Text of object 'Object Repository/verifikasi/warna Merah' is: 'Merah'

2023-10-04 19:17:21 - [TEST_STEP][PASSED] - ukurann = getText(findTestObject("verifikasi/Ukuran Menengah")): Text of object 'Object Repository/verifikasi/Ukuran Menengah' is: 'Menengah'

2023-10-04 19:17:21 - [MESSAGE][PASSED] - Text of object 'Object Repository/verifikasi/Ukuran Menengah' is: 'Menengah'

2023-10-04 19:17:21 - [TEST_STEP][PASSED] - warna1 = data.get("Warna"): null

2023-10-04 19:17:21 - [TEST_STEP][PASSED] - ukuran1 = data.get("Ukuran"): null

2023-10-04 19:17:21 - [TEST_STEP][PASSED] - assert warnaa == warna1: null

2023-10-04 19:17:21 - [TEST_STEP][PASSED] - assert ukurann == ukuran1: null

2023-10-04 19:17:21 - [TEST_STEP][PASSED] - NamaCheckout = getText(findTestObject("verifikasi/NamaCheckout")): Text of object 'Object Repository/verifikasi/NamaCheckout' is: ''

2023-10-04 19:17:22 - [MESSAGE][PASSED] - Text of object 'Object Repository/verifikasi/NamaCheckout' is: ''

2023-10-04 19:17:22 - [TEST_STEP][PASSED] - HargaCheckout = getText(findTestObject("verifikasi/HargaCheckout")): Text of object 'Object Repository/verifikasi/HargaCheckout' is: '1,299'

2023-10-04 19:17:22 - [MESSAGE][PASSED] - Text of object 'Object Repository/verifikasi/HargaCheckout' is: '1,299'

2023-10-04 19:17:22 - [TEST_STEP][PASSED] - name_product = data.get("nama_barang"): null

2023-10-04 19:17:22 - [TEST_STEP][PASSED] - price_product = data.get("price_barang"): null

2023-10-04 19:17:22 - [TEST_STEP][PASSED] - assert name_product.contains(NamaCheckout): null

2023-10-04 19:17:22 - [TEST_STEP][PASSED] - assert price_product.contains(HargaCheckout): null

2023-10-04 19:17:22 - [TEST_STEP][PASSED] - selectOptionByLabel(findTestObject("checkout/select - Kirim via Kurir Lokal"), Kurir, false): All options with label 'Roda 2' are selected in object 'Object Repository/checkout/select - Kirim via Kurir Lokal' 

2023-10-04 19:17:23 - [MESSAGE][PASSED] - All options with label 'Roda 2' are selected in object 'Object Repository/checkout/select - Kirim via Kurir Lokal' 

2023-10-04 19:17:23 - [TEST_STEP][PASSED] - click(findTestObject("checkout/Kendaraan Kurir")): Object: 'Object Repository/checkout/Kendaraan Kurir' is clicked on

2023-10-04 19:17:24 - [MESSAGE][PASSED] - Object: 'Object Repository/checkout/Kendaraan Kurir' is clicked on

2023-10-04 19:17:24 - [TEST_STEP][PASSED] - OngkosKirim = getText(findTestObject("Object Repository/verifikasi/Ongkos Kirim checkout")): Text of object 'Object Repository/verifikasi/Ongkos Kirim checkout' is: 'Rp. 5,000'

2023-10-04 19:17:24 - [MESSAGE][PASSED] - Text of object 'Object Repository/verifikasi/Ongkos Kirim checkout' is: 'Rp. 5,000'

2023-10-04 19:17:24 - [TEST_STEP][PASSED] - Ongkos = OngkosKirim.substring(3, OngkosKirim.size()): null

2023-10-04 19:17:24 - [TEST_STEP][PASSED] - rep = Ongkos.replace(",", "."): null

2023-10-04 19:17:24 - [TEST_STEP][PASSED] - Ongkos_kirim = Double.parseDouble(rep): null

2023-10-04 19:17:24 - [TEST_STEP][PASSED] - println(Ongkos_kirim): null

2023-10-04 19:17:24 - [TEST_STEP][PASSED] - FeeAdmin = getText(findTestObject("verifikasi/Fee Admin checkout")): Text of object 'Object Repository/verifikasi/Fee Admin checkout' is: 'Fee Admin
Rp 1,500'

2023-10-04 19:17:24 - [MESSAGE][PASSED] - Text of object 'Object Repository/verifikasi/Fee Admin checkout' is: 'Fee Admin
Rp 1,500'

2023-10-04 19:17:24 - [TEST_STEP][PASSED] - Fee_Admin = FeeAdmin.substring(12, FeeAdmin.size()): null

2023-10-04 19:17:24 - [TEST_STEP][PASSED] - fee = Fee_Admin.replace(",", "."): null

2023-10-04 19:17:24 - [TEST_STEP][PASSED] - fee_admin = Double.parseDouble(fee): null

2023-10-04 19:17:24 - [TEST_STEP][PASSED] - println(fee_admin): null

2023-10-04 19:17:24 - [TEST_STEP][PASSED] - Subtotal = getText(findTestObject("verifikasi/subtotal checkout")): Text of object 'Object Repository/verifikasi/subtotal checkout' is: 'Subtotal
Rp 1,299'

2023-10-04 19:17:25 - [MESSAGE][PASSED] - Text of object 'Object Repository/verifikasi/subtotal checkout' is: 'Subtotal
Rp 1,299'

2023-10-04 19:17:25 - [TEST_STEP][PASSED] - sub_total = Subtotal.substring(12, Subtotal.size()): null

2023-10-04 19:17:25 - [TEST_STEP][PASSED] - sub = sub_total.replace(",", "."): null

2023-10-04 19:17:25 - [TEST_STEP][PASSED] - sub_total = Double.parseDouble(sub): null

2023-10-04 19:17:25 - [TEST_STEP][PASSED] - println(sub_total): null

2023-10-04 19:17:25 - [TEST_STEP][PASSED] - Total = getText(findTestObject("verifikasi/Total checkout")): Text of object 'Object Repository/verifikasi/Total checkout' is: 'Rp 7,799'

2023-10-04 19:17:25 - [MESSAGE][PASSED] - Text of object 'Object Repository/verifikasi/Total checkout' is: 'Rp 7,799'

2023-10-04 19:17:25 - [TEST_STEP][PASSED] - totall = Total.substring(3, Total.size()): null

2023-10-04 19:17:25 - [TEST_STEP][PASSED] - total = totall.replace(",", "."): null

2023-10-04 19:17:25 - [TEST_STEP][PASSED] - totall = Double.parseDouble(total): null

2023-10-04 19:17:25 - [TEST_STEP][PASSED] - println(totall): null

2023-10-04 19:17:25 - [TEST_STEP][PASSED] - Total_Harga = Ongkos_kirim + fee_admin + sub_total: null

2023-10-04 19:17:25 - [TEST_STEP][PASSED] - println(Total_Harga): null

2023-10-04 19:17:25 - [TEST_STEP][PASSED] - TotalHarga = Math.round(Total_Harga * 1000) / 1000: null

2023-10-04 19:17:25 - [TEST_STEP][PASSED] - println(TotalHarga): null

2023-10-04 19:17:25 - [TEST_STEP][PASSED] - assert totall == TotalHarga: null

2023-10-04 19:17:25 - [TEST_STEP][PASSED] - click(findTestObject("verifikasi/Metode Transfer")): Object: 'Object Repository/verifikasi/Metode Transfer' is clicked on

2023-10-04 19:17:26 - [MESSAGE][PASSED] - Object: 'Object Repository/verifikasi/Metode Transfer' is clicked on

2023-10-04 19:17:26 - [TEST_STEP][PASSED] - click(findTestObject("checkout/button_Proses Pembayaran")): Object: 'Object Repository/checkout/button_Proses Pembayaran' is clicked on

2023-10-04 19:17:32 - [MESSAGE][PASSED] - Object: 'Object Repository/checkout/button_Proses Pembayaran' is clicked on

2023-10-04 19:17:32 - [TEST_STEP][PASSED] - verifyElementPresent(findTestObject("pembayaran/Tittle nomor invoice"), 0): Object 'Object Repository/pembayaran/Tittle nomor invoice' is present

2023-10-04 19:17:32 - [MESSAGE][WARNING] - Timeout '0' is invalid. Using default page load timeout: '30'

2023-10-04 19:17:35 - [MESSAGE][PASSED] - Object 'Object Repository/pembayaran/Tittle nomor invoice' is present

2023-10-04 19:17:35 - [TEST_STEP][PASSED] - return data: null

2023-10-04 19:17:35 - [MESSAGE][PASSED] - Call Test Case 'Test Cases/T13 Pembelian, Shipment dan Pembayaran/PBL-004' successfully

2023-10-04 19:17:35 - [TEST_STEP][PASSED] - Invoice = getText(findTestObject("pembayaran/nomor invoice")): Text of object 'Object Repository/pembayaran/nomor invoice' is: 'TRX60.20231004191727'

2023-10-04 19:17:36 - [MESSAGE][PASSED] - Text of object 'Object Repository/pembayaran/nomor invoice' is: 'TRX60.20231004191727'

2023-10-04 19:17:36 - [TEST_STEP][PASSED] - data.put("invoice", Invoice): null

2023-10-04 19:17:36 - [TEST_STEP][PASSED] - NamaPemesan = getText(findTestObject("Konfirmasi pesanan shop/Nama pemesan")): Text of object 'Object Repository/Konfirmasi pesanan shop/Nama pemesan' is: 'irfan.afandi'

2023-10-04 19:17:37 - [MESSAGE][PASSED] - Text of object 'Object Repository/Konfirmasi pesanan shop/Nama pemesan' is: 'irfan.afandi'

2023-10-04 19:17:37 - [TEST_STEP][PASSED] - Nama = getText(findTestObject("pembayaran/Nama barang")): Text of object 'Object Repository/pembayaran/Nama barang' is: 'Segitiga Instan Madeira - MDB5.3 Sunset'

2023-10-04 19:17:37 - [MESSAGE][PASSED] - Text of object 'Object Repository/pembayaran/Nama barang' is: 'Segitiga Instan Madeira - MDB5.3 Sunset'

2023-10-04 19:17:37 - [TEST_STEP][PASSED] - Harga = getText(findTestObject("pembayaran/Harga barang")): Text of object 'Object Repository/pembayaran/Harga barang' is: '1,299'

2023-10-04 19:17:38 - [MESSAGE][PASSED] - Text of object 'Object Repository/pembayaran/Harga barang' is: '1,299'

2023-10-04 19:17:38 - [TEST_STEP][PASSED] - name_product = data.get("nama_barang"): null

2023-10-04 19:17:38 - [TEST_STEP][PASSED] - price_product = data.get("price_barang"): null

2023-10-04 19:17:38 - [TEST_STEP][PASSED] - assert name_product.contains(Nama): null

2023-10-04 19:17:38 - [TEST_STEP][PASSED] - assert price_product.contains(Harga): null

2023-10-04 19:17:38 - [TEST_STEP][PASSED] - warnaa = getText(findTestObject("pembayaran/warna")): Text of object 'Object Repository/pembayaran/warna' is: 'Merah'

2023-10-04 19:17:38 - [MESSAGE][PASSED] - Text of object 'Object Repository/pembayaran/warna' is: 'Merah'

2023-10-04 19:17:38 - [TEST_STEP][PASSED] - ukurann = getText(findTestObject("pembayaran/ukuran")): Text of object 'Object Repository/pembayaran/ukuran' is: 'Menengah'

2023-10-04 19:17:39 - [MESSAGE][PASSED] - Text of object 'Object Repository/pembayaran/ukuran' is: 'Menengah'

2023-10-04 19:17:39 - [TEST_STEP][PASSED] - warna1 = data.get("Warna"): null

2023-10-04 19:17:39 - [TEST_STEP][PASSED] - ukuran1 = data.get("Ukuran"): null

2023-10-04 19:17:39 - [TEST_STEP][PASSED] - assert warnaa == warna1: null

2023-10-04 19:17:39 - [TEST_STEP][PASSED] - assert ukurann == ukuran1: null

2023-10-04 19:17:39 - [TEST_STEP][PASSED] - statusPembelian = getText(findTestObject("verifikasi/Status pending di pembelian")): Text of object 'Object Repository/verifikasi/Status pending di pembelian' is: 'Pending'

2023-10-04 19:17:39 - [MESSAGE][PASSED] - Text of object 'Object Repository/verifikasi/Status pending di pembelian' is: 'Pending'

2023-10-04 19:17:39 - [TEST_STEP][PASSED] - data.put("statusPem", statusPembelian): null

2023-10-04 19:17:39 - [TEST_STEP][PASSED] - OngkosKirim = getText(findTestObject("pembayaran/ongkos kirim")): Text of object 'Object Repository/pembayaran/ongkos kirim' is: 'Rp 5,000'

2023-10-04 19:17:40 - [MESSAGE][PASSED] - Text of object 'Object Repository/pembayaran/ongkos kirim' is: 'Rp 5,000'

2023-10-04 19:17:40 - [TEST_STEP][PASSED] - Ongkos = OngkosKirim.substring(3, OngkosKirim.size()): null

2023-10-04 19:17:40 - [TEST_STEP][PASSED] - rep = Ongkos.replace(",", ""): null

2023-10-04 19:17:40 - [TEST_STEP][PASSED] - Ongkos_kirimm = Integer.parseInt(rep): null

2023-10-04 19:17:40 - [TEST_STEP][PASSED] - println(Ongkos_kirimm): null

2023-10-04 19:17:40 - [TEST_STEP][PASSED] - FeeAdmin = getText(findTestObject("pembayaran/fee admin")): Text of object 'Object Repository/pembayaran/fee admin' is: 'Rp 1,500'

2023-10-04 19:17:40 - [MESSAGE][PASSED] - Text of object 'Object Repository/pembayaran/fee admin' is: 'Rp 1,500'

2023-10-04 19:17:40 - [TEST_STEP][PASSED] - Fee_Admin = FeeAdmin.substring(3, FeeAdmin.size()): null

2023-10-04 19:17:40 - [TEST_STEP][PASSED] - fee = Fee_Admin.replace(",", ""): null

2023-10-04 19:17:40 - [TEST_STEP][PASSED] - fee_adminn = Integer.parseInt(fee): null

2023-10-04 19:17:40 - [TEST_STEP][PASSED] - println(fee_adminn): null

2023-10-04 19:17:40 - [TEST_STEP][PASSED] - Subtotal = getText(findTestObject("pembayaran/subtotal")): Text of object 'Object Repository/pembayaran/subtotal' is: 'Rp 1,299'

2023-10-04 19:17:41 - [MESSAGE][PASSED] - Text of object 'Object Repository/pembayaran/subtotal' is: 'Rp 1,299'

2023-10-04 19:17:41 - [TEST_STEP][PASSED] - sub_total = Subtotal.substring(3, Subtotal.size()): null

2023-10-04 19:17:41 - [TEST_STEP][PASSED] - sub = sub_total.replace(",", ""): null

2023-10-04 19:17:41 - [TEST_STEP][PASSED] - sub_totall = Integer.parseInt(sub): null

2023-10-04 19:17:41 - [TEST_STEP][PASSED] - println(sub_totall): null

2023-10-04 19:17:41 - [TEST_STEP][PASSED] - unik = getText(findTestObject("pembayaran/kode unik")): Text of object 'Object Repository/pembayaran/kode unik' is: '+727'

2023-10-04 19:17:41 - [MESSAGE][PASSED] - Text of object 'Object Repository/pembayaran/kode unik' is: '+727'

2023-10-04 19:17:41 - [TEST_STEP][PASSED] - unikk = unik.replace("+", ""): null

2023-10-04 19:17:41 - [TEST_STEP][PASSED] - kode_unik = Integer.parseInt(unikk): null

2023-10-04 19:17:41 - [TEST_STEP][PASSED] - println(kode_unik): null

2023-10-04 19:17:41 - [TEST_STEP][PASSED] - Total = getText(findTestObject("pembayaran/total")): Text of object 'Object Repository/pembayaran/total' is: '8,526'

2023-10-04 19:17:42 - [MESSAGE][PASSED] - Text of object 'Object Repository/pembayaran/total' is: '8,526'

2023-10-04 19:17:42 - [TEST_STEP][PASSED] - total = Total.replace(",", ""): null

2023-10-04 19:17:42 - [TEST_STEP][PASSED] - totalll = Integer.parseInt(total): null

2023-10-04 19:17:42 - [TEST_STEP][PASSED] - println(totalll): null

2023-10-04 19:17:42 - [TEST_STEP][PASSED] - Total_Hargaa = Ongkos_kirimm + fee_adminn + sub_totall + kode_unik: null

2023-10-04 19:17:42 - [TEST_STEP][PASSED] - println(Total_Hargaa): null

2023-10-04 19:17:42 - [TEST_STEP][PASSED] - assert totalll == Total_Hargaa: null

2023-10-04 19:17:42 - [TEST_STEP][PASSED] - data.put("total", Total): null

2023-10-04 19:17:42 - [TEST_STEP][PASSED] - data.put("nama", NamaPemesan): null

2023-10-04 19:17:42 - [TEST_STEP][PASSED] - return data: null

2023-10-04 19:17:42 - [MESSAGE][PASSED] - Call Test Case 'Test Cases/T13 Pembelian, Shipment dan Pembayaran/PBY-001' successfully

2023-10-04 19:17:42 - [TEST_STEP][PASSED] - inv = data.get("invoice"): null

2023-10-04 19:17:42 - [TEST_STEP][PASSED] - Total = data.get("total"): null

2023-10-04 19:17:42 - [TEST_STEP][PASSED] - NamaPemesan = data.get("nama"): null

2023-10-04 19:17:42 - [TEST_STEP][PASSED] - click(findTestObject("Konfirmasi pesanan shop/Menu Shop")): Object: 'Object Repository/Konfirmasi pesanan shop/Menu Shop' is clicked on

2023-10-04 19:17:43 - [MESSAGE][PASSED] - Object: 'Object Repository/Konfirmasi pesanan shop/Menu Shop' is clicked on

2023-10-04 19:17:43 - [TEST_STEP][PASSED] - click(findTestObject("Konfirmasi pesanan shop/Menu Shop")): Object: 'Object Repository/Konfirmasi pesanan shop/Menu Shop' is clicked on

2023-10-04 19:17:44 - [MESSAGE][PASSED] - Object: 'Object Repository/Konfirmasi pesanan shop/Menu Shop' is clicked on

2023-10-04 19:17:44 - [TEST_STEP][PASSED] - click(findTestObject("Konfirmasi pesanan shop/Konfirmasi Orders")): Object: 'Object Repository/Konfirmasi pesanan shop/Konfirmasi Orders' is clicked on

2023-10-04 19:17:45 - [MESSAGE][PASSED] - Object: 'Object Repository/Konfirmasi pesanan shop/Konfirmasi Orders' is clicked on

2023-10-04 19:17:45 - [TEST_STEP][PASSED] - verifyElementPresent(findTestObject("Konfirmasi pesanan shop/Tittle Konfirmasi Pesanan"), 0): Object 'Object Repository/Konfirmasi pesanan shop/Tittle Konfirmasi Pesanan' is present

2023-10-04 19:17:45 - [MESSAGE][WARNING] - Timeout '0' is invalid. Using default page load timeout: '30'

2023-10-04 19:17:46 - [MESSAGE][PASSED] - Object 'Object Repository/Konfirmasi pesanan shop/Tittle Konfirmasi Pesanan' is present

2023-10-04 19:17:46 - [TEST_STEP][PASSED] - clearText(findTestObject("Konfirmasi pesanan shop/input_No Pesanan"), STOP_ON_FAILURE): Text of object 'Object Repository/Konfirmasi pesanan shop/input_No Pesanan' is cleared

2023-10-04 19:17:46 - [MESSAGE][PASSED] - Text of object 'Object Repository/Konfirmasi pesanan shop/input_No Pesanan' is cleared

2023-10-04 19:17:46 - [TEST_STEP][PASSED] - clearText(findTestObject("Konfirmasi pesanan shop/input_Alamat E-mai"), STOP_ON_FAILURE): Text of object 'Object Repository/Konfirmasi pesanan shop/input_Alamat E-mai' is cleared

2023-10-04 19:17:46 - [MESSAGE][PASSED] - Text of object 'Object Repository/Konfirmasi pesanan shop/input_Alamat E-mai' is cleared

2023-10-04 19:17:46 - [TEST_STEP][PASSED] - click(findTestObject("Konfirmasi pesanan shop/button_Submit")): Object: 'Object Repository/Konfirmasi pesanan shop/button_Submit' is clicked on

2023-10-04 19:17:47 - [MESSAGE][PASSED] - Object: 'Object Repository/Konfirmasi pesanan shop/button_Submit' is clicked on

2023-10-04 19:17:47 - [TEST_STEP][PASSED] - webDriver = getWebDriver(): null

2023-10-04 19:17:47 - [TEST_STEP][PASSED] - field_pesanan = webDriver.findElement(By.xpath("(//input[@name="a"])[3]")): null

2023-10-04 19:17:47 - [TEST_STEP][PASSED] - error_message = webDriver.executeScript("return arguments[0].validationMessage", field_pesanan): null

2023-10-04 19:17:47 - [TEST_STEP][PASSED] - println(error_message): null

2023-10-04 19:17:47 - [TEST_STEP][PASSED] - assert error_message == "Please fill out this field.": null

2023-10-04 19:17:47 - [TEST_STEP][PASSED] - return data: null]]></system-out>
         <system-err><![CDATA[]]></system-err>
      </testcase>
      <testcase name="Test Cases/T13 Pembelian, Shipment dan Pembayaran/PBY-013" time="55.671" classname="Test Cases/T13 Pembelian, Shipment dan Pembayaran/PBY-013" status="FAILED">
         <failure type="FAILED" message="Test Cases/T13 Pembelian, Shipment dan Pembayaran/PBY-013 FAILED.
Reason:
com.kms.katalon.core.exception.StepFailedException: Unable to verify text 'email not valid.' is present 
	at com.kms.katalon.core.webui.keyword.internal.WebUIKeywordMain.stepFailed(WebUIKeywordMain.groovy:64)
	at com.kms.katalon.core.webui.keyword.internal.WebUIKeywordMain.runKeyword(WebUIKeywordMain.groovy:26)
	at com.kms.katalon.core.webui.keyword.builtin.VerifyTextPresentKeyword.verifyTextPresent(VerifyTextPresentKeyword.groovy:83)
	at com.kms.katalon.core.webui.keyword.builtin.VerifyTextPresentKeyword.execute(VerifyTextPresentKeyword.groovy:68)
	at com.kms.katalon.core.keyword.internal.KeywordExecutor.executeKeywordForPlatform(KeywordExecutor.groovy:74)
	at com.kms.katalon.core.webui.keyword.WebUiBuiltInKeywords.verifyTextPresent(WebUiBuiltInKeywords.groovy:1723)
	at com.kms.katalon.core.webui.keyword.WebUiBuiltInKeywords$verifyTextPresent$9.call(Unknown Source)
	at PBY-013.run(PBY-013:42)
	at com.kms.katalon.core.main.ScriptEngine.run(ScriptEngine.java:194)
	at com.kms.katalon.core.main.ScriptEngine.runScriptAsRawText(ScriptEngine.java:119)
	at com.kms.katalon.core.main.TestCaseExecutor.runScript(TestCaseExecutor.java:448)
	at com.kms.katalon.core.main.TestCaseExecutor.doExecute(TestCaseExecutor.java:439)
	at com.kms.katalon.core.main.TestCaseExecutor.processExecutionPhase(TestCaseExecutor.java:418)
	at com.kms.katalon.core.main.TestCaseExecutor.accessMainPhase(TestCaseExecutor.java:410)
	at com.kms.katalon.core.main.TestCaseExecutor.execute(TestCaseExecutor.java:285)
	at com.kms.katalon.core.common.CommonExecutor.accessTestCaseMainPhase(CommonExecutor.java:65)
	at com.kms.katalon.core.main.TestSuiteExecutor.accessTestSuiteMainPhase(TestSuiteExecutor.java:148)
	at com.kms.katalon.core.main.TestSuiteExecutor.execute(TestSuiteExecutor.java:106)
	at com.kms.katalon.core.main.TestCaseMain.startTestSuite(TestCaseMain.java:187)
	at com.kms.katalon.core.main.TestCaseMain$startTestSuite$0.call(Unknown Source)
	at TempTestSuite1696420804604.run(TempTestSuite1696420804604.groovy:36)
Caused by: com.kms.katalon.core.exception.StepFailedException: Text 'email not valid.' is not present on page 
	at com.kms.katalon.core.webui.keyword.internal.WebUIKeywordMain.stepFailed(WebUIKeywordMain.groovy:64)
	at com.kms.katalon.core.webui.keyword.builtin.VerifyTextPresentKeyword$_verifyTextPresent_closure1.doCall(VerifyTextPresentKeyword.groovy:79)
	at com.kms.katalon.core.webui.keyword.builtin.VerifyTextPresentKeyword$_verifyTextPresent_closure1.call(VerifyTextPresentKeyword.groovy)
	at com.kms.katalon.core.webui.keyword.internal.WebUIKeywordMain.runKeyword(WebUIKeywordMain.groovy:20)
	... 19 more
"/>
         <system-out><![CDATA[2023-10-04 19:17:47 - [TEST_CASE][FAILED] - Test Cases/T13 Pembelian, Shipment dan Pembayaran/PBY-013: Test Cases/T13 Pembelian, Shipment dan Pembayaran/PBY-013 FAILED.
Reason:
com.kms.katalon.core.exception.StepFailedException: Unable to verify text 'email not valid.' is present 
	at com.kms.katalon.core.webui.keyword.internal.WebUIKeywordMain.stepFailed(WebUIKeywordMain.groovy:64)
	at com.kms.katalon.core.webui.keyword.internal.WebUIKeywordMain.runKeyword(WebUIKeywordMain.groovy:26)
	at com.kms.katalon.core.webui.keyword.builtin.VerifyTextPresentKeyword.verifyTextPresent(VerifyTextPresentKeyword.groovy:83)
	at com.kms.katalon.core.webui.keyword.builtin.VerifyTextPresentKeyword.execute(VerifyTextPresentKeyword.groovy:68)
	at com.kms.katalon.core.keyword.internal.KeywordExecutor.executeKeywordForPlatform(KeywordExecutor.groovy:74)
	at com.kms.katalon.core.webui.keyword.WebUiBuiltInKeywords.verifyTextPresent(WebUiBuiltInKeywords.groovy:1723)
	at com.kms.katalon.core.webui.keyword.WebUiBuiltInKeywords$verifyTextPresent$9.call(Unknown Source)
	at PBY-013.run(PBY-013:42)
	at com.kms.katalon.core.main.ScriptEngine.run(ScriptEngine.java:194)
	at com.kms.katalon.core.main.ScriptEngine.runScriptAsRawText(ScriptEngine.java:119)
	at com.kms.katalon.core.main.TestCaseExecutor.runScript(TestCaseExecutor.java:448)
	at com.kms.katalon.core.main.TestCaseExecutor.doExecute(TestCaseExecutor.java:439)
	at com.kms.katalon.core.main.TestCaseExecutor.processExecutionPhase(TestCaseExecutor.java:418)
	at com.kms.katalon.core.main.TestCaseExecutor.accessMainPhase(TestCaseExecutor.java:410)
	at com.kms.katalon.core.main.TestCaseExecutor.execute(TestCaseExecutor.java:285)
	at com.kms.katalon.core.common.CommonExecutor.accessTestCaseMainPhase(CommonExecutor.java:65)
	at com.kms.katalon.core.main.TestSuiteExecutor.accessTestSuiteMainPhase(TestSuiteExecutor.java:148)
	at com.kms.katalon.core.main.TestSuiteExecutor.execute(TestSuiteExecutor.java:106)
	at com.kms.katalon.core.main.TestCaseMain.startTestSuite(TestCaseMain.java:187)
	at com.kms.katalon.core.main.TestCaseMain$startTestSuite$0.call(Unknown Source)
	at TempTestSuite1696420804604.run(TempTestSuite1696420804604.groovy:36)
Caused by: com.kms.katalon.core.exception.StepFailedException: Text 'email not valid.' is not present on page 
	at com.kms.katalon.core.webui.keyword.internal.WebUIKeywordMain.stepFailed(WebUIKeywordMain.groovy:64)
	at com.kms.katalon.core.webui.keyword.builtin.VerifyTextPresentKeyword$_verifyTextPresent_closure1.doCall(VerifyTextPresentKeyword.groovy:79)
	at com.kms.katalon.core.webui.keyword.builtin.VerifyTextPresentKeyword$_verifyTextPresent_closure1.call(VerifyTextPresentKeyword.groovy)
	at com.kms.katalon.core.webui.keyword.internal.WebUIKeywordMain.runKeyword(WebUIKeywordMain.groovy:20)
	... 19 more


2023-10-04 19:17:48 - [TEST_STEP][PASSED] - data = callTestCase(findTestCase("T13 Pembelian, Shipment dan Pembayaran/PBY-001"), [:], STOP_ON_FAILURE): Call Test Case 'Test Cases/T13 Pembelian, Shipment dan Pembayaran/PBY-001' successfully

2023-10-04 19:17:48 - [TEST_CASE][PASSED] - Test Cases/T13 Pembelian, Shipment dan Pembayaran/PBY-001: Test Cases/T13 Pembelian, Shipment dan Pembayaran/PBY-001

2023-10-04 19:17:48 - [TEST_STEP][PASSED] - data = callTestCase(findTestCase("T13 Pembelian, Shipment dan Pembayaran/PBL-004"), ["Kurir":"Roda 2"], STOP_ON_FAILURE): Call Test Case 'Test Cases/T13 Pembelian, Shipment dan Pembayaran/PBL-004' successfully

2023-10-04 19:17:48 - [TEST_CASE][PASSED] - Test Cases/T13 Pembelian, Shipment dan Pembayaran/PBL-004: Test Cases/T13 Pembelian, Shipment dan Pembayaran/PBL-004

2023-10-04 19:17:48 - [TEST_STEP][PASSED] - data = callTestCase(findTestCase("T13 Pembelian, Shipment dan Pembayaran/PBL-002"), [:], STOP_ON_FAILURE): Call Test Case 'Test Cases/T13 Pembelian, Shipment dan Pembayaran/PBL-002' successfully

2023-10-04 19:17:48 - [TEST_CASE][PASSED] - Test Cases/T13 Pembelian, Shipment dan Pembayaran/PBL-002: Test Cases/T13 Pembelian, Shipment dan Pembayaran/PBL-002

2023-10-04 19:17:48 - [TEST_STEP][PASSED] - data = callTestCase(findTestCase("T13 Pembelian, Shipment dan Pembayaran/PBL-001"), [:], STOP_ON_FAILURE): Call Test Case 'Test Cases/T13 Pembelian, Shipment dan Pembayaran/PBL-001' successfully

2023-10-04 19:17:48 - [TEST_CASE][PASSED] - Test Cases/T13 Pembelian, Shipment dan Pembayaran/PBL-001: Test Cases/T13 Pembelian, Shipment dan Pembayaran/PBL-001

2023-10-04 19:17:48 - [TEST_STEP][PASSED] - callTestCase(findTestCase("T13 Pembelian, Shipment dan Pembayaran/LU-001"), ["username":"irfanafandi", "password":"12345irfan"], STOP_ON_FAILURE): Call Test Case 'Test Cases/T13 Pembelian, Shipment dan Pembayaran/LU-001' successfully

2023-10-04 19:17:48 - [TEST_CASE][PASSED] - Test Cases/T13 Pembelian, Shipment dan Pembayaran/LU-001: Test Cases/T13 Pembelian, Shipment dan Pembayaran/LU-001

2023-10-04 19:17:48 - [TEST_STEP][PASSED] - openBrowser("https://10.9.2.63/ecommerce/"): Browser is opened with url: 'https://10.9.2.63/ecommerce/'

2023-10-04 19:17:48 - [MESSAGE][WARNING] - A browser is already opened. Closing browser and opening a new one

2023-10-04 19:17:50 - [MESSAGE][INFO] - Starting 'Firefox' driver

2023-10-04 19:17:50 - [MESSAGE][INFO] - User set preference: ['args', '[--disable-notifications]']

2023-10-04 19:17:50 - [MESSAGE][INFO] - Action delay is set to 0 milliseconds

2023-10-04 19:17:55 - [MESSAGE][PASSED] - Browser is opened with url: 'https://10.9.2.63/ecommerce/'

2023-10-04 19:17:55 - [TEST_STEP][PASSED] - maximizeWindow(): Current window maximized

2023-10-04 19:17:55 - [MESSAGE][PASSED] - Current window maximized

2023-10-04 19:17:55 - [TEST_STEP][PASSED] - verifyElementPresent(findTestObject("Login/Home"), 0): Object 'Object Repository/Login/Home' is present

2023-10-04 19:17:55 - [MESSAGE][WARNING] - Timeout '0' is invalid. Using default page load timeout: '30'

2023-10-04 19:17:55 - [MESSAGE][PASSED] - Object 'Object Repository/Login/Home' is present

2023-10-04 19:17:55 - [TEST_STEP][PASSED] - click(findTestObject("Login/a_Login")): Object: 'Object Repository/Login/a_Login' is clicked on

2023-10-04 19:17:56 - [MESSAGE][PASSED] - Object: 'Object Repository/Login/a_Login' is clicked on

2023-10-04 19:17:56 - [TEST_STEP][PASSED] - verifyElementPresent(findTestObject("Login/Tittle Login"), 0): Object 'Object Repository/Login/Tittle Login' is present

2023-10-04 19:17:56 - [MESSAGE][WARNING] - Timeout '0' is invalid. Using default page load timeout: '30'

2023-10-04 19:17:56 - [MESSAGE][PASSED] - Object 'Object Repository/Login/Tittle Login' is present

2023-10-04 19:17:56 - [TEST_STEP][PASSED] - setText(findTestObject("Login/input_Username, Email atau No. Handphone_a"), username): Text 'irfanafandi' is set on object 'Object Repository/Login/input_Username, Email atau No. Handphone_a'

2023-10-04 19:17:57 - [MESSAGE][PASSED] - Text 'irfanafandi' is set on object 'Object Repository/Login/input_Username, Email atau No. Handphone_a'

2023-10-04 19:17:57 - [TEST_STEP][PASSED] - setText(findTestObject("Login/input_Password_b"), password): Text '12345irfan' is set on object 'Object Repository/Login/input_Password_b'

2023-10-04 19:17:57 - [MESSAGE][PASSED] - Text '12345irfan' is set on object 'Object Repository/Login/input_Password_b'

2023-10-04 19:17:57 - [TEST_STEP][PASSED] - click(findTestObject("Login/label_Ingat saya")): Object: 'Object Repository/Login/label_Ingat saya' is clicked on

2023-10-04 19:17:58 - [MESSAGE][PASSED] - Object: 'Object Repository/Login/label_Ingat saya' is clicked on

2023-10-04 19:17:58 - [TEST_STEP][PASSED] - click(findTestObject("Login/button_Masuk")): Object: 'Object Repository/Login/button_Masuk' is clicked on

2023-10-04 19:17:59 - [MESSAGE][PASSED] - Object: 'Object Repository/Login/button_Masuk' is clicked on

2023-10-04 19:17:59 - [TEST_STEP][PASSED] - verifyElementPresent(findTestObject("Login/li_Profile"), 0): Object 'Object Repository/Login/li_Profile' is present

2023-10-04 19:17:59 - [MESSAGE][WARNING] - Timeout '0' is invalid. Using default page load timeout: '30'

2023-10-04 19:18:00 - [MESSAGE][PASSED] - Object 'Object Repository/Login/li_Profile' is present

2023-10-04 19:18:00 - [MESSAGE][PASSED] - Call Test Case 'Test Cases/T13 Pembelian, Shipment dan Pembayaran/LU-001' successfully

2023-10-04 19:18:00 - [TEST_STEP][PASSED] - mouseOver(findTestObject("beli barang/i_Mulai Belanja_icon-menu")): Object: 'Object Repository/beli barang/i_Mulai Belanja_icon-menu' is hovered

2023-10-04 19:18:00 - [MESSAGE][PASSED] - Object: 'Object Repository/beli barang/i_Mulai Belanja_icon-menu' is hovered

2023-10-04 19:18:00 - [TEST_STEP][PASSED] - click(findTestObject("beli barang/a_Fashion  Busana Wanita")): Object: 'Object Repository/beli barang/a_Fashion  Busana Wanita' is clicked on

2023-10-04 19:18:01 - [MESSAGE][PASSED] - Object: 'Object Repository/beli barang/a_Fashion  Busana Wanita' is clicked on

2023-10-04 19:18:01 - [TEST_STEP][PASSED] - NamaSebelum = getText(findTestObject("verifikasi/Nama sebelum")): Text of object 'Object Repository/verifikasi/Nama sebelum' is: ''

2023-10-04 19:18:02 - [MESSAGE][PASSED] - Text of object 'Object Repository/verifikasi/Nama sebelum' is: ''

2023-10-04 19:18:02 - [TEST_STEP][PASSED] - HargaSebelum = getText(findTestObject("verifikasi/Harga sebelum")): Text of object 'Object Repository/verifikasi/Harga sebelum' is: 'Rp 1,299'

2023-10-04 19:18:03 - [MESSAGE][PASSED] - Text of object 'Object Repository/verifikasi/Harga sebelum' is: 'Rp 1,299'

2023-10-04 19:18:03 - [TEST_STEP][PASSED] - mouseOver(findTestObject("beli barang/barang mouse over")): Object: 'Object Repository/beli barang/barang mouse over' is hovered

2023-10-04 19:18:03 - [MESSAGE][PASSED] - Object: 'Object Repository/beli barang/barang mouse over' is hovered

2023-10-04 19:18:03 - [TEST_STEP][PASSED] - click(findTestObject("beli barang/buttom add to cart")): Object: 'Object Repository/beli barang/buttom add to cart' is clicked on

2023-10-04 19:18:04 - [MESSAGE][PASSED] - Object: 'Object Repository/beli barang/buttom add to cart' is clicked on

2023-10-04 19:18:04 - [TEST_STEP][PASSED] - NamaSesudah = getText(findTestObject("verifikasi/Nama sesudah")): Text of object 'Object Repository/verifikasi/Nama sesudah' is: 'Segitiga Instan Madeira - MDB5.3 Sunset'

2023-10-04 19:18:05 - [MESSAGE][PASSED] - Text of object 'Object Repository/verifikasi/Nama sesudah' is: 'Segitiga Instan Madeira - MDB5.3 Sunset'

2023-10-04 19:18:05 - [TEST_STEP][PASSED] - HargaSesudah = getText(findTestObject("verifikasi/Harga sesudah")): Text of object 'Object Repository/verifikasi/Harga sesudah' is: 'Rp 1,299'

2023-10-04 19:18:05 - [MESSAGE][PASSED] - Text of object 'Object Repository/verifikasi/Harga sesudah' is: 'Rp 1,299'

2023-10-04 19:18:05 - [TEST_STEP][PASSED] - assert NamaSesudah.contains(NamaSebelum): null

2023-10-04 19:18:05 - [TEST_STEP][PASSED] - assert HargaSesudah.contains(HargaSebelum): null

2023-10-04 19:18:05 - [TEST_STEP][PASSED] - click(findTestObject("beli barang/Tambah Keranjang busana wanita")): Object: 'Object Repository/beli barang/Tambah Keranjang busana wanita' is clicked on

2023-10-04 19:18:06 - [MESSAGE][PASSED] - Object: 'Object Repository/beli barang/Tambah Keranjang busana wanita' is clicked on

2023-10-04 19:18:06 - [TEST_STEP][PASSED] - verifyElementPresent(findTestObject("checkout/Notifikasi keranjang"), 1): Object 'Object Repository/checkout/Notifikasi keranjang' is present

2023-10-04 19:18:07 - [MESSAGE][PASSED] - Object 'Object Repository/checkout/Notifikasi keranjang' is present

2023-10-04 19:18:07 - [TEST_STEP][PASSED] - data = new java.util.HashMap(): null

2023-10-04 19:18:07 - [TEST_STEP][PASSED] - data.put("nama_barang", NamaSesudah): null

2023-10-04 19:18:07 - [TEST_STEP][PASSED] - data.put("price_barang", HargaSesudah): null

2023-10-04 19:18:07 - [TEST_STEP][PASSED] - return data: null

2023-10-04 19:18:07 - [MESSAGE][PASSED] - Call Test Case 'Test Cases/T13 Pembelian, Shipment dan Pembayaran/PBL-001' successfully

2023-10-04 19:18:07 - [TEST_STEP][PASSED] - mouseOver(findTestObject("beli barang/keranjang")): Object: 'Object Repository/beli barang/keranjang' is hovered

2023-10-04 19:18:07 - [MESSAGE][PASSED] - Object: 'Object Repository/beli barang/keranjang' is hovered

2023-10-04 19:18:07 - [TEST_STEP][PASSED] - click(findTestObject("beli barang/Lihat Sekarang")): Object: 'Object Repository/beli barang/Lihat Sekarang' is clicked on

2023-10-04 19:18:08 - [MESSAGE][PASSED] - Object: 'Object Repository/beli barang/Lihat Sekarang' is clicked on

2023-10-04 19:18:08 - [TEST_STEP][PASSED] - verifyElementPresent(findTestObject("keranjang/li_Keranjang Belanja"), 0): Object 'Object Repository/keranjang/li_Keranjang Belanja' is present

2023-10-04 19:18:08 - [MESSAGE][WARNING] - Timeout '0' is invalid. Using default page load timeout: '30'

2023-10-04 19:18:09 - [MESSAGE][PASSED] - Object 'Object Repository/keranjang/li_Keranjang Belanja' is present

2023-10-04 19:18:09 - [TEST_STEP][PASSED] - NamaKeranjang = getText(findTestObject("verifikasi/Nama keranjang")): Text of object 'Object Repository/verifikasi/Nama keranjang' is: 'Segitiga Instan Madeira - MDB5.3 Sunset'

2023-10-04 19:18:09 - [MESSAGE][PASSED] - Text of object 'Object Repository/verifikasi/Nama keranjang' is: 'Segitiga Instan Madeira - MDB5.3 Sunset'

2023-10-04 19:18:09 - [TEST_STEP][PASSED] - HargaKeranjang = getText(findTestObject("verifikasi/Harga Keranjang")): Text of object 'Object Repository/verifikasi/Harga Keranjang' is: 'Rp 1,299'

2023-10-04 19:18:09 - [MESSAGE][PASSED] - Text of object 'Object Repository/verifikasi/Harga Keranjang' is: 'Rp 1,299'

2023-10-04 19:18:09 - [TEST_STEP][PASSED] - if (toString().equalsIgnoreCase("Merah")): Object 'Object Repository/keranjang/input_Warna_variasi101' is checked

2023-10-04 19:18:09 - [TEST_STEP][PASSED] - check(findTestObject("Object Repository/keranjang/input_Warna_variasi101")): Object 'Object Repository/keranjang/input_Warna_variasi101' is checked

2023-10-04 19:18:10 - [MESSAGE][PASSED] - Object 'Object Repository/keranjang/input_Warna_variasi101' is checked

2023-10-04 19:18:10 - [TEST_STEP][PASSED] - if (toString().equalsIgnoreCase("Menengah")): Object 'Object Repository/keranjang/input_Ukuran_variasi201' is checked

2023-10-04 19:18:10 - [TEST_STEP][PASSED] - check(findTestObject("Object Repository/keranjang/input_Ukuran_variasi201")): Object 'Object Repository/keranjang/input_Ukuran_variasi201' is checked

2023-10-04 19:18:11 - [MESSAGE][PASSED] - Object 'Object Repository/keranjang/input_Ukuran_variasi201' is checked

2023-10-04 19:18:11 - [TEST_STEP][PASSED] - data.put("Warna", warna): null

2023-10-04 19:18:11 - [TEST_STEP][PASSED] - data.put("Ukuran", ukuran): null

2023-10-04 19:18:11 - [TEST_STEP][PASSED] - click(findTestObject("keranjang/button_Lanjut ke Pembayaran")): Object: 'Object Repository/keranjang/button_Lanjut ke Pembayaran' is clicked on

2023-10-04 19:18:12 - [MESSAGE][PASSED] - Object: 'Object Repository/keranjang/button_Lanjut ke Pembayaran' is clicked on

2023-10-04 19:18:12 - [TEST_STEP][PASSED] - verifyElementPresent(findTestObject("checkout/Tittle Checkout Order"), 0): Object 'Object Repository/checkout/Tittle Checkout Order' is present

2023-10-04 19:18:12 - [MESSAGE][WARNING] - Timeout '0' is invalid. Using default page load timeout: '30'

2023-10-04 19:18:12 - [MESSAGE][PASSED] - Object 'Object Repository/checkout/Tittle Checkout Order' is present

2023-10-04 19:18:12 - [TEST_STEP][PASSED] - name_product = data.get("nama_barang"): null

2023-10-04 19:18:12 - [TEST_STEP][PASSED] - price_product = data.get("price_barang"): null

2023-10-04 19:18:12 - [TEST_STEP][PASSED] - assert name_product == NamaKeranjang: null

2023-10-04 19:18:12 - [TEST_STEP][PASSED] - assert price_product == HargaKeranjang: null

2023-10-04 19:18:12 - [TEST_STEP][PASSED] - return data: null

2023-10-04 19:18:12 - [MESSAGE][PASSED] - Call Test Case 'Test Cases/T13 Pembelian, Shipment dan Pembayaran/PBL-002' successfully

2023-10-04 19:18:12 - [TEST_STEP][PASSED] - warnaa = getText(findTestObject("verifikasi/warna Merah")): Text of object 'Object Repository/verifikasi/warna Merah' is: 'Merah'

2023-10-04 19:18:13 - [MESSAGE][PASSED] - Text of object 'Object Repository/verifikasi/warna Merah' is: 'Merah'

2023-10-04 19:18:13 - [TEST_STEP][PASSED] - ukurann = getText(findTestObject("verifikasi/Ukuran Menengah")): Text of object 'Object Repository/verifikasi/Ukuran Menengah' is: 'Menengah'

2023-10-04 19:18:13 - [MESSAGE][PASSED] - Text of object 'Object Repository/verifikasi/Ukuran Menengah' is: 'Menengah'

2023-10-04 19:18:13 - [TEST_STEP][PASSED] - warna1 = data.get("Warna"): null

2023-10-04 19:18:13 - [TEST_STEP][PASSED] - ukuran1 = data.get("Ukuran"): null

2023-10-04 19:18:13 - [TEST_STEP][PASSED] - assert warnaa == warna1: null

2023-10-04 19:18:13 - [TEST_STEP][PASSED] - assert ukurann == ukuran1: null

2023-10-04 19:18:13 - [TEST_STEP][PASSED] - NamaCheckout = getText(findTestObject("verifikasi/NamaCheckout")): Text of object 'Object Repository/verifikasi/NamaCheckout' is: ''

2023-10-04 19:18:13 - [MESSAGE][PASSED] - Text of object 'Object Repository/verifikasi/NamaCheckout' is: ''

2023-10-04 19:18:13 - [TEST_STEP][PASSED] - HargaCheckout = getText(findTestObject("verifikasi/HargaCheckout")): Text of object 'Object Repository/verifikasi/HargaCheckout' is: '1,299'

2023-10-04 19:18:14 - [MESSAGE][PASSED] - Text of object 'Object Repository/verifikasi/HargaCheckout' is: '1,299'

2023-10-04 19:18:14 - [TEST_STEP][PASSED] - name_product = data.get("nama_barang"): null

2023-10-04 19:18:14 - [TEST_STEP][PASSED] - price_product = data.get("price_barang"): null

2023-10-04 19:18:14 - [TEST_STEP][PASSED] - assert name_product.contains(NamaCheckout): null

2023-10-04 19:18:14 - [TEST_STEP][PASSED] - assert price_product.contains(HargaCheckout): null

2023-10-04 19:18:14 - [TEST_STEP][PASSED] - selectOptionByLabel(findTestObject("checkout/select - Kirim via Kurir Lokal"), Kurir, false): All options with label 'Roda 2' are selected in object 'Object Repository/checkout/select - Kirim via Kurir Lokal' 

2023-10-04 19:18:14 - [MESSAGE][PASSED] - All options with label 'Roda 2' are selected in object 'Object Repository/checkout/select - Kirim via Kurir Lokal' 

2023-10-04 19:18:14 - [TEST_STEP][PASSED] - click(findTestObject("checkout/Kendaraan Kurir")): Object: 'Object Repository/checkout/Kendaraan Kurir' is clicked on

2023-10-04 19:18:15 - [MESSAGE][PASSED] - Object: 'Object Repository/checkout/Kendaraan Kurir' is clicked on

2023-10-04 19:18:15 - [TEST_STEP][PASSED] - OngkosKirim = getText(findTestObject("Object Repository/verifikasi/Ongkos Kirim checkout")): Text of object 'Object Repository/verifikasi/Ongkos Kirim checkout' is: 'Rp. 5,000'

2023-10-04 19:18:16 - [MESSAGE][PASSED] - Text of object 'Object Repository/verifikasi/Ongkos Kirim checkout' is: 'Rp. 5,000'

2023-10-04 19:18:16 - [TEST_STEP][PASSED] - Ongkos = OngkosKirim.substring(3, OngkosKirim.size()): null

2023-10-04 19:18:16 - [TEST_STEP][PASSED] - rep = Ongkos.replace(",", "."): null

2023-10-04 19:18:16 - [TEST_STEP][PASSED] - Ongkos_kirim = Double.parseDouble(rep): null

2023-10-04 19:18:16 - [TEST_STEP][PASSED] - println(Ongkos_kirim): null

2023-10-04 19:18:16 - [TEST_STEP][PASSED] - FeeAdmin = getText(findTestObject("verifikasi/Fee Admin checkout")): Text of object 'Object Repository/verifikasi/Fee Admin checkout' is: 'Fee Admin
Rp 1,500'

2023-10-04 19:18:16 - [MESSAGE][PASSED] - Text of object 'Object Repository/verifikasi/Fee Admin checkout' is: 'Fee Admin
Rp 1,500'

2023-10-04 19:18:16 - [TEST_STEP][PASSED] - Fee_Admin = FeeAdmin.substring(12, FeeAdmin.size()): null

2023-10-04 19:18:16 - [TEST_STEP][PASSED] - fee = Fee_Admin.replace(",", "."): null

2023-10-04 19:18:16 - [TEST_STEP][PASSED] - fee_admin = Double.parseDouble(fee): null

2023-10-04 19:18:16 - [TEST_STEP][PASSED] - println(fee_admin): null

2023-10-04 19:18:16 - [TEST_STEP][PASSED] - Subtotal = getText(findTestObject("verifikasi/subtotal checkout")): Text of object 'Object Repository/verifikasi/subtotal checkout' is: 'Subtotal
Rp 1,299'

2023-10-04 19:18:16 - [MESSAGE][PASSED] - Text of object 'Object Repository/verifikasi/subtotal checkout' is: 'Subtotal
Rp 1,299'

2023-10-04 19:18:16 - [TEST_STEP][PASSED] - sub_total = Subtotal.substring(12, Subtotal.size()): null

2023-10-04 19:18:16 - [TEST_STEP][PASSED] - sub = sub_total.replace(",", "."): null

2023-10-04 19:18:16 - [TEST_STEP][PASSED] - sub_total = Double.parseDouble(sub): null

2023-10-04 19:18:16 - [TEST_STEP][PASSED] - println(sub_total): null

2023-10-04 19:18:16 - [TEST_STEP][PASSED] - Total = getText(findTestObject("verifikasi/Total checkout")): Text of object 'Object Repository/verifikasi/Total checkout' is: 'Rp 7,799'

2023-10-04 19:18:17 - [MESSAGE][PASSED] - Text of object 'Object Repository/verifikasi/Total checkout' is: 'Rp 7,799'

2023-10-04 19:18:17 - [TEST_STEP][PASSED] - totall = Total.substring(3, Total.size()): null

2023-10-04 19:18:17 - [TEST_STEP][PASSED] - total = totall.replace(",", "."): null

2023-10-04 19:18:17 - [TEST_STEP][PASSED] - totall = Double.parseDouble(total): null

2023-10-04 19:18:17 - [TEST_STEP][PASSED] - println(totall): null

2023-10-04 19:18:17 - [TEST_STEP][PASSED] - Total_Harga = Ongkos_kirim + fee_admin + sub_total: null

2023-10-04 19:18:17 - [TEST_STEP][PASSED] - println(Total_Harga): null

2023-10-04 19:18:17 - [TEST_STEP][PASSED] - TotalHarga = Math.round(Total_Harga * 1000) / 1000: null

2023-10-04 19:18:17 - [TEST_STEP][PASSED] - println(TotalHarga): null

2023-10-04 19:18:17 - [TEST_STEP][PASSED] - assert totall == TotalHarga: null

2023-10-04 19:18:17 - [TEST_STEP][PASSED] - click(findTestObject("verifikasi/Metode Transfer")): Object: 'Object Repository/verifikasi/Metode Transfer' is clicked on

2023-10-04 19:18:17 - [MESSAGE][PASSED] - Object: 'Object Repository/verifikasi/Metode Transfer' is clicked on

2023-10-04 19:18:17 - [TEST_STEP][PASSED] - click(findTestObject("checkout/button_Proses Pembayaran")): Object: 'Object Repository/checkout/button_Proses Pembayaran' is clicked on

2023-10-04 19:18:23 - [MESSAGE][PASSED] - Object: 'Object Repository/checkout/button_Proses Pembayaran' is clicked on

2023-10-04 19:18:23 - [TEST_STEP][PASSED] - verifyElementPresent(findTestObject("pembayaran/Tittle nomor invoice"), 0): Object 'Object Repository/pembayaran/Tittle nomor invoice' is present

2023-10-04 19:18:23 - [MESSAGE][WARNING] - Timeout '0' is invalid. Using default page load timeout: '30'

2023-10-04 19:18:29 - [MESSAGE][PASSED] - Object 'Object Repository/pembayaran/Tittle nomor invoice' is present

2023-10-04 19:18:29 - [TEST_STEP][PASSED] - return data: null

2023-10-04 19:18:29 - [MESSAGE][PASSED] - Call Test Case 'Test Cases/T13 Pembelian, Shipment dan Pembayaran/PBL-004' successfully

2023-10-04 19:18:29 - [TEST_STEP][PASSED] - Invoice = getText(findTestObject("pembayaran/nomor invoice")): Text of object 'Object Repository/pembayaran/nomor invoice' is: 'TRX60.20231004191819'

2023-10-04 19:18:30 - [MESSAGE][PASSED] - Text of object 'Object Repository/pembayaran/nomor invoice' is: 'TRX60.20231004191819'

2023-10-04 19:18:30 - [TEST_STEP][PASSED] - data.put("invoice", Invoice): null

2023-10-04 19:18:30 - [TEST_STEP][PASSED] - NamaPemesan = getText(findTestObject("Konfirmasi pesanan shop/Nama pemesan")): Text of object 'Object Repository/Konfirmasi pesanan shop/Nama pemesan' is: 'irfan.afandi'

2023-10-04 19:18:30 - [MESSAGE][PASSED] - Text of object 'Object Repository/Konfirmasi pesanan shop/Nama pemesan' is: 'irfan.afandi'

2023-10-04 19:18:30 - [TEST_STEP][PASSED] - Nama = getText(findTestObject("pembayaran/Nama barang")): Text of object 'Object Repository/pembayaran/Nama barang' is: 'Segitiga Instan Madeira - MDB5.3 Sunset'

2023-10-04 19:18:31 - [MESSAGE][PASSED] - Text of object 'Object Repository/pembayaran/Nama barang' is: 'Segitiga Instan Madeira - MDB5.3 Sunset'

2023-10-04 19:18:31 - [TEST_STEP][PASSED] - Harga = getText(findTestObject("pembayaran/Harga barang")): Text of object 'Object Repository/pembayaran/Harga barang' is: '1,299'

2023-10-04 19:18:31 - [MESSAGE][PASSED] - Text of object 'Object Repository/pembayaran/Harga barang' is: '1,299'

2023-10-04 19:18:31 - [TEST_STEP][PASSED] - name_product = data.get("nama_barang"): null

2023-10-04 19:18:31 - [TEST_STEP][PASSED] - price_product = data.get("price_barang"): null

2023-10-04 19:18:31 - [TEST_STEP][PASSED] - assert name_product.contains(Nama): null

2023-10-04 19:18:31 - [TEST_STEP][PASSED] - assert price_product.contains(Harga): null

2023-10-04 19:18:31 - [TEST_STEP][PASSED] - warnaa = getText(findTestObject("pembayaran/warna")): Text of object 'Object Repository/pembayaran/warna' is: 'Merah'

2023-10-04 19:18:32 - [MESSAGE][PASSED] - Text of object 'Object Repository/pembayaran/warna' is: 'Merah'

2023-10-04 19:18:32 - [TEST_STEP][PASSED] - ukurann = getText(findTestObject("pembayaran/ukuran")): Text of object 'Object Repository/pembayaran/ukuran' is: 'Menengah'

2023-10-04 19:18:32 - [MESSAGE][PASSED] - Text of object 'Object Repository/pembayaran/ukuran' is: 'Menengah'

2023-10-04 19:18:32 - [TEST_STEP][PASSED] - warna1 = data.get("Warna"): null

2023-10-04 19:18:32 - [TEST_STEP][PASSED] - ukuran1 = data.get("Ukuran"): null

2023-10-04 19:18:32 - [TEST_STEP][PASSED] - assert warnaa == warna1: null

2023-10-04 19:18:32 - [TEST_STEP][PASSED] - assert ukurann == ukuran1: null

2023-10-04 19:18:32 - [TEST_STEP][PASSED] - statusPembelian = getText(findTestObject("verifikasi/Status pending di pembelian")): Text of object 'Object Repository/verifikasi/Status pending di pembelian' is: 'Pending'

2023-10-04 19:18:33 - [MESSAGE][PASSED] - Text of object 'Object Repository/verifikasi/Status pending di pembelian' is: 'Pending'

2023-10-04 19:18:33 - [TEST_STEP][PASSED] - data.put("statusPem", statusPembelian): null

2023-10-04 19:18:33 - [TEST_STEP][PASSED] - OngkosKirim = getText(findTestObject("pembayaran/ongkos kirim")): Text of object 'Object Repository/pembayaran/ongkos kirim' is: 'Rp 5,000'

2023-10-04 19:18:33 - [MESSAGE][PASSED] - Text of object 'Object Repository/pembayaran/ongkos kirim' is: 'Rp 5,000'

2023-10-04 19:18:33 - [TEST_STEP][PASSED] - Ongkos = OngkosKirim.substring(3, OngkosKirim.size()): null

2023-10-04 19:18:33 - [TEST_STEP][PASSED] - rep = Ongkos.replace(",", ""): null

2023-10-04 19:18:33 - [TEST_STEP][PASSED] - Ongkos_kirimm = Integer.parseInt(rep): null

2023-10-04 19:18:33 - [TEST_STEP][PASSED] - println(Ongkos_kirimm): null

2023-10-04 19:18:33 - [TEST_STEP][PASSED] - FeeAdmin = getText(findTestObject("pembayaran/fee admin")): Text of object 'Object Repository/pembayaran/fee admin' is: 'Rp 1,500'

2023-10-04 19:18:34 - [MESSAGE][PASSED] - Text of object 'Object Repository/pembayaran/fee admin' is: 'Rp 1,500'

2023-10-04 19:18:34 - [TEST_STEP][PASSED] - Fee_Admin = FeeAdmin.substring(3, FeeAdmin.size()): null

2023-10-04 19:18:34 - [TEST_STEP][PASSED] - fee = Fee_Admin.replace(",", ""): null

2023-10-04 19:18:34 - [TEST_STEP][PASSED] - fee_adminn = Integer.parseInt(fee): null

2023-10-04 19:18:34 - [TEST_STEP][PASSED] - println(fee_adminn): null

2023-10-04 19:18:34 - [TEST_STEP][PASSED] - Subtotal = getText(findTestObject("pembayaran/subtotal")): Text of object 'Object Repository/pembayaran/subtotal' is: 'Rp 1,299'

2023-10-04 19:18:34 - [MESSAGE][PASSED] - Text of object 'Object Repository/pembayaran/subtotal' is: 'Rp 1,299'

2023-10-04 19:18:34 - [TEST_STEP][PASSED] - sub_total = Subtotal.substring(3, Subtotal.size()): null

2023-10-04 19:18:34 - [TEST_STEP][PASSED] - sub = sub_total.replace(",", ""): null

2023-10-04 19:18:34 - [TEST_STEP][PASSED] - sub_totall = Integer.parseInt(sub): null

2023-10-04 19:18:34 - [TEST_STEP][PASSED] - println(sub_totall): null

2023-10-04 19:18:34 - [TEST_STEP][PASSED] - unik = getText(findTestObject("pembayaran/kode unik")): Text of object 'Object Repository/pembayaran/kode unik' is: '+819'

2023-10-04 19:18:35 - [MESSAGE][PASSED] - Text of object 'Object Repository/pembayaran/kode unik' is: '+819'

2023-10-04 19:18:35 - [TEST_STEP][PASSED] - unikk = unik.replace("+", ""): null

2023-10-04 19:18:35 - [TEST_STEP][PASSED] - kode_unik = Integer.parseInt(unikk): null

2023-10-04 19:18:35 - [TEST_STEP][PASSED] - println(kode_unik): null

2023-10-04 19:18:35 - [TEST_STEP][PASSED] - Total = getText(findTestObject("pembayaran/total")): Text of object 'Object Repository/pembayaran/total' is: '8,618'

2023-10-04 19:18:35 - [MESSAGE][PASSED] - Text of object 'Object Repository/pembayaran/total' is: '8,618'

2023-10-04 19:18:35 - [TEST_STEP][PASSED] - total = Total.replace(",", ""): null

2023-10-04 19:18:35 - [TEST_STEP][PASSED] - totalll = Integer.parseInt(total): null

2023-10-04 19:18:35 - [TEST_STEP][PASSED] - println(totalll): null

2023-10-04 19:18:35 - [TEST_STEP][PASSED] - Total_Hargaa = Ongkos_kirimm + fee_adminn + sub_totall + kode_unik: null

2023-10-04 19:18:35 - [TEST_STEP][PASSED] - println(Total_Hargaa): null

2023-10-04 19:18:35 - [TEST_STEP][PASSED] - assert totalll == Total_Hargaa: null

2023-10-04 19:18:35 - [TEST_STEP][PASSED] - data.put("total", Total): null

2023-10-04 19:18:35 - [TEST_STEP][PASSED] - data.put("nama", NamaPemesan): null

2023-10-04 19:18:35 - [TEST_STEP][PASSED] - return data: null

2023-10-04 19:18:35 - [MESSAGE][PASSED] - Call Test Case 'Test Cases/T13 Pembelian, Shipment dan Pembayaran/PBY-001' successfully

2023-10-04 19:18:35 - [TEST_STEP][PASSED] - inv = data.get("invoice"): null

2023-10-04 19:18:35 - [TEST_STEP][PASSED] - Total = data.get("total"): null

2023-10-04 19:18:35 - [TEST_STEP][PASSED] - NamaPemesan = data.get("nama"): null

2023-10-04 19:18:35 - [TEST_STEP][PASSED] - click(findTestObject("Konfirmasi pesanan shop/Menu Shop")): Object: 'Object Repository/Konfirmasi pesanan shop/Menu Shop' is clicked on

2023-10-04 19:18:37 - [MESSAGE][PASSED] - Object: 'Object Repository/Konfirmasi pesanan shop/Menu Shop' is clicked on

2023-10-04 19:18:37 - [TEST_STEP][PASSED] - click(findTestObject("Konfirmasi pesanan shop/Menu Shop")): Object: 'Object Repository/Konfirmasi pesanan shop/Menu Shop' is clicked on

2023-10-04 19:18:38 - [MESSAGE][PASSED] - Object: 'Object Repository/Konfirmasi pesanan shop/Menu Shop' is clicked on

2023-10-04 19:18:38 - [TEST_STEP][PASSED] - click(findTestObject("Konfirmasi pesanan shop/Konfirmasi Orders")): Object: 'Object Repository/Konfirmasi pesanan shop/Konfirmasi Orders' is clicked on

2023-10-04 19:18:39 - [MESSAGE][PASSED] - Object: 'Object Repository/Konfirmasi pesanan shop/Konfirmasi Orders' is clicked on

2023-10-04 19:18:39 - [TEST_STEP][PASSED] - verifyElementPresent(findTestObject("Konfirmasi pesanan shop/Tittle Konfirmasi Pesanan"), 0): Object 'Object Repository/Konfirmasi pesanan shop/Tittle Konfirmasi Pesanan' is present

2023-10-04 19:18:39 - [MESSAGE][WARNING] - Timeout '0' is invalid. Using default page load timeout: '30'

2023-10-04 19:18:40 - [MESSAGE][PASSED] - Object 'Object Repository/Konfirmasi pesanan shop/Tittle Konfirmasi Pesanan' is present

2023-10-04 19:18:40 - [TEST_STEP][PASSED] - setText(findTestObject("Konfirmasi pesanan shop/input_No Pesanan"), inv): Text 'TRX60.20231004191819' is set on object 'Object Repository/Konfirmasi pesanan shop/input_No Pesanan'

2023-10-04 19:18:40 - [MESSAGE][PASSED] - Text 'TRX60.20231004191819' is set on object 'Object Repository/Konfirmasi pesanan shop/input_No Pesanan'

2023-10-04 19:18:40 - [TEST_STEP][PASSED] - setText(findTestObject("Konfirmasi pesanan shop/input_Alamat E-mai"), "irfan"): Text 'irfan' is set on object 'Object Repository/Konfirmasi pesanan shop/input_Alamat E-mai'

2023-10-04 19:18:41 - [MESSAGE][PASSED] - Text 'irfan' is set on object 'Object Repository/Konfirmasi pesanan shop/input_Alamat E-mai'

2023-10-04 19:18:41 - [TEST_STEP][PASSED] - click(findTestObject("Konfirmasi pesanan shop/button_Submit")): Object: 'Object Repository/Konfirmasi pesanan shop/button_Submit' is clicked on

2023-10-04 19:18:42 - [MESSAGE][PASSED] - Object: 'Object Repository/Konfirmasi pesanan shop/button_Submit' is clicked on

2023-10-04 19:18:42 - [TEST_STEP][FAILED] - verifyTextPresent("email not valid.", false): Unable to verify text 'email not valid.' is present  (Root cause: com.kms.katalon.core.exception.StepFailedException: Unable to verify text 'email not valid.' is present 
	at com.kms.katalon.core.webui.keyword.internal.WebUIKeywordMain.stepFailed(WebUIKeywordMain.groovy:64)
	at com.kms.katalon.core.webui.keyword.internal.WebUIKeywordMain.runKeyword(WebUIKeywordMain.groovy:26)
	at com.kms.katalon.core.webui.keyword.builtin.VerifyTextPresentKeyword.verifyTextPresent(VerifyTextPresentKeyword.groovy:83)
	at com.kms.katalon.core.webui.keyword.builtin.VerifyTextPresentKeyword.execute(VerifyTextPresentKeyword.groovy:68)
	at com.kms.katalon.core.keyword.internal.KeywordExecutor.executeKeywordForPlatform(KeywordExecutor.groovy:74)
	at com.kms.katalon.core.webui.keyword.WebUiBuiltInKeywords.verifyTextPresent(WebUiBuiltInKeywords.groovy:1723)
	at com.kms.katalon.core.webui.keyword.WebUiBuiltInKeywords$verifyTextPresent$9.call(Unknown Source)
	at PBY-013.run(PBY-013:42)
	at com.kms.katalon.core.main.ScriptEngine.run(ScriptEngine.java:194)
	at com.kms.katalon.core.main.ScriptEngine.runScriptAsRawText(ScriptEngine.java:119)
	at com.kms.katalon.core.main.TestCaseExecutor.runScript(TestCaseExecutor.java:448)
	at com.kms.katalon.core.main.TestCaseExecutor.doExecute(TestCaseExecutor.java:439)
	at com.kms.katalon.core.main.TestCaseExecutor.processExecutionPhase(TestCaseExecutor.java:418)
	at com.kms.katalon.core.main.TestCaseExecutor.accessMainPhase(TestCaseExecutor.java:410)
	at com.kms.katalon.core.main.TestCaseExecutor.execute(TestCaseExecutor.java:285)
	at com.kms.katalon.core.common.CommonExecutor.accessTestCaseMainPhase(CommonExecutor.java:65)
	at com.kms.katalon.core.main.TestSuiteExecutor.accessTestSuiteMainPhase(TestSuiteExecutor.java:148)
	at com.kms.katalon.core.main.TestSuiteExecutor.execute(TestSuiteExecutor.java:106)
	at com.kms.katalon.core.main.TestCaseMain.startTestSuite(TestCaseMain.java:187)
	at com.kms.katalon.core.main.TestCaseMain$startTestSuite$0.call(Unknown Source)
	at TempTestSuite1696420804604.run(TempTestSuite1696420804604.groovy:36)
Caused by: com.kms.katalon.core.exception.StepFailedException: Text 'email not valid.' is not present on page 
	at com.kms.katalon.core.webui.keyword.internal.WebUIKeywordMain.stepFailed(WebUIKeywordMain.groovy:64)
	at com.kms.katalon.core.webui.keyword.builtin.VerifyTextPresentKeyword$_verifyTextPresent_closure1.doCall(VerifyTextPresentKeyword.groovy:79)
	at com.kms.katalon.core.webui.keyword.builtin.VerifyTextPresentKeyword$_verifyTextPresent_closure1.call(VerifyTextPresentKeyword.groovy)
	at com.kms.katalon.core.webui.keyword.internal.WebUIKeywordMain.runKeyword(WebUIKeywordMain.groovy:20)
	... 19 more
)

2023-10-04 19:18:43 - [MESSAGE][FAILED] - Text 'email not valid.' is not present on page  (Root cause: com.kms.katalon.core.exception.StepFailedException: Text 'email not valid.' is not present on page 
	at com.kms.katalon.core.webui.keyword.internal.WebUIKeywordMain.stepFailed(WebUIKeywordMain.groovy:64)
	at com.kms.katalon.core.webui.keyword.builtin.VerifyTextPresentKeyword$_verifyTextPresent_closure1.doCall(VerifyTextPresentKeyword.groovy:79)
	at com.kms.katalon.core.webui.keyword.builtin.VerifyTextPresentKeyword$_verifyTextPresent_closure1.call(VerifyTextPresentKeyword.groovy)
	at com.kms.katalon.core.webui.keyword.internal.WebUIKeywordMain.runKeyword(WebUIKeywordMain.groovy:20)
	at com.kms.katalon.core.webui.keyword.builtin.VerifyTextPresentKeyword.verifyTextPresent(VerifyTextPresentKeyword.groovy:83)
	at com.kms.katalon.core.webui.keyword.builtin.VerifyTextPresentKeyword.execute(VerifyTextPresentKeyword.groovy:68)
	at com.kms.katalon.core.keyword.internal.KeywordExecutor.executeKeywordForPlatform(KeywordExecutor.groovy:74)
	at com.kms.katalon.core.webui.keyword.WebUiBuiltInKeywords.verifyTextPresent(WebUiBuiltInKeywords.groovy:1723)
	at com.kms.katalon.core.webui.keyword.WebUiBuiltInKeywords$verifyTextPresent$9.call(Unknown Source)
	at PBY-013.run(PBY-013:42)
	at com.kms.katalon.core.main.ScriptEngine.run(ScriptEngine.java:194)
	at com.kms.katalon.core.main.ScriptEngine.runScriptAsRawText(ScriptEngine.java:119)
	at com.kms.katalon.core.main.TestCaseExecutor.runScript(TestCaseExecutor.java:448)
	at com.kms.katalon.core.main.TestCaseExecutor.doExecute(TestCaseExecutor.java:439)
	at com.kms.katalon.core.main.TestCaseExecutor.processExecutionPhase(TestCaseExecutor.java:418)
	at com.kms.katalon.core.main.TestCaseExecutor.accessMainPhase(TestCaseExecutor.java:410)
	at com.kms.katalon.core.main.TestCaseExecutor.execute(TestCaseExecutor.java:285)
	at com.kms.katalon.core.common.CommonExecutor.accessTestCaseMainPhase(CommonExecutor.java:65)
	at com.kms.katalon.core.main.TestSuiteExecutor.accessTestSuiteMainPhase(TestSuiteExecutor.java:148)
	at com.kms.katalon.core.main.TestSuiteExecutor.execute(TestSuiteExecutor.java:106)
	at com.kms.katalon.core.main.TestCaseMain.startTestSuite(TestCaseMain.java:187)
	at com.kms.katalon.core.main.TestCaseMain$startTestSuite$0.call(Unknown Source)
	at TempTestSuite1696420804604.run(TempTestSuite1696420804604.groovy:36)
)

2023-10-04 19:18:43 - [MESSAGE][FAILED] - Unable to verify text 'email not valid.' is present  (Root cause: com.kms.katalon.core.exception.StepFailedException: Unable to verify text 'email not valid.' is present 
	at com.kms.katalon.core.webui.keyword.internal.WebUIKeywordMain.stepFailed(WebUIKeywordMain.groovy:64)
	at com.kms.katalon.core.webui.keyword.internal.WebUIKeywordMain.runKeyword(WebUIKeywordMain.groovy:26)
	at com.kms.katalon.core.webui.keyword.builtin.VerifyTextPresentKeyword.verifyTextPresent(VerifyTextPresentKeyword.groovy:83)
	at com.kms.katalon.core.webui.keyword.builtin.VerifyTextPresentKeyword.execute(VerifyTextPresentKeyword.groovy:68)
	at com.kms.katalon.core.keyword.internal.KeywordExecutor.executeKeywordForPlatform(KeywordExecutor.groovy:74)
	at com.kms.katalon.core.webui.keyword.WebUiBuiltInKeywords.verifyTextPresent(WebUiBuiltInKeywords.groovy:1723)
	at com.kms.katalon.core.webui.keyword.WebUiBuiltInKeywords$verifyTextPresent$9.call(Unknown Source)
	at PBY-013.run(PBY-013:42)
	at com.kms.katalon.core.main.ScriptEngine.run(ScriptEngine.java:194)
	at com.kms.katalon.core.main.ScriptEngine.runScriptAsRawText(ScriptEngine.java:119)
	at com.kms.katalon.core.main.TestCaseExecutor.runScript(TestCaseExecutor.java:448)
	at com.kms.katalon.core.main.TestCaseExecutor.doExecute(TestCaseExecutor.java:439)
	at com.kms.katalon.core.main.TestCaseExecutor.processExecutionPhase(TestCaseExecutor.java:418)
	at com.kms.katalon.core.main.TestCaseExecutor.accessMainPhase(TestCaseExecutor.java:410)
	at com.kms.katalon.core.main.TestCaseExecutor.execute(TestCaseExecutor.java:285)
	at com.kms.katalon.core.common.CommonExecutor.accessTestCaseMainPhase(CommonExecutor.java:65)
	at com.kms.katalon.core.main.TestSuiteExecutor.accessTestSuiteMainPhase(TestSuiteExecutor.java:148)
	at com.kms.katalon.core.main.TestSuiteExecutor.execute(TestSuiteExecutor.java:106)
	at com.kms.katalon.core.main.TestCaseMain.startTestSuite(TestCaseMain.java:187)
	at com.kms.katalon.core.main.TestCaseMain$startTestSuite$0.call(Unknown Source)
	at TempTestSuite1696420804604.run(TempTestSuite1696420804604.groovy:36)
Caused by: com.kms.katalon.core.exception.StepFailedException: Text 'email not valid.' is not present on page 
	at com.kms.katalon.core.webui.keyword.internal.WebUIKeywordMain.stepFailed(WebUIKeywordMain.groovy:64)
	at com.kms.katalon.core.webui.keyword.builtin.VerifyTextPresentKeyword$_verifyTextPresent_closure1.doCall(VerifyTextPresentKeyword.groovy:79)
	at com.kms.katalon.core.webui.keyword.builtin.VerifyTextPresentKeyword$_verifyTextPresent_closure1.call(VerifyTextPresentKeyword.groovy)
	at com.kms.katalon.core.webui.keyword.internal.WebUIKeywordMain.runKeyword(WebUIKeywordMain.groovy:20)
	... 19 more
)
[[ATTACHMENT|D:\\BOOTCAMP XSIS\\Projek 2 MINI PROJEK\\Reports\\20231004_190004\\T13 Pembelian, Shipment dan Pembayaran\\T13 Pembelian, Shipment dan Pembayaran\\20231004_190004\\1696421923484.png]]]]></system-out>
         <system-err><![CDATA[2023-10-04 19:17:47 - [TEST_CASE][FAILED] - Test Cases/T13 Pembelian, Shipment dan Pembayaran/PBY-013: Test Cases/T13 Pembelian, Shipment dan Pembayaran/PBY-013 FAILED.
Reason:
com.kms.katalon.core.exception.StepFailedException: Unable to verify text 'email not valid.' is present 
	at com.kms.katalon.core.webui.keyword.internal.WebUIKeywordMain.stepFailed(WebUIKeywordMain.groovy:64)
	at com.kms.katalon.core.webui.keyword.internal.WebUIKeywordMain.runKeyword(WebUIKeywordMain.groovy:26)
	at com.kms.katalon.core.webui.keyword.builtin.VerifyTextPresentKeyword.verifyTextPresent(VerifyTextPresentKeyword.groovy:83)
	at com.kms.katalon.core.webui.keyword.builtin.VerifyTextPresentKeyword.execute(VerifyTextPresentKeyword.groovy:68)
	at com.kms.katalon.core.keyword.internal.KeywordExecutor.executeKeywordForPlatform(KeywordExecutor.groovy:74)
	at com.kms.katalon.core.webui.keyword.WebUiBuiltInKeywords.verifyTextPresent(WebUiBuiltInKeywords.groovy:1723)
	at com.kms.katalon.core.webui.keyword.WebUiBuiltInKeywords$verifyTextPresent$9.call(Unknown Source)
	at PBY-013.run(PBY-013:42)
	at com.kms.katalon.core.main.ScriptEngine.run(ScriptEngine.java:194)
	at com.kms.katalon.core.main.ScriptEngine.runScriptAsRawText(ScriptEngine.java:119)
	at com.kms.katalon.core.main.TestCaseExecutor.runScript(TestCaseExecutor.java:448)
	at com.kms.katalon.core.main.TestCaseExecutor.doExecute(TestCaseExecutor.java:439)
	at com.kms.katalon.core.main.TestCaseExecutor.processExecutionPhase(TestCaseExecutor.java:418)
	at com.kms.katalon.core.main.TestCaseExecutor.accessMainPhase(TestCaseExecutor.java:410)
	at com.kms.katalon.core.main.TestCaseExecutor.execute(TestCaseExecutor.java:285)
	at com.kms.katalon.core.common.CommonExecutor.accessTestCaseMainPhase(CommonExecutor.java:65)
	at com.kms.katalon.core.main.TestSuiteExecutor.accessTestSuiteMainPhase(TestSuiteExecutor.java:148)
	at com.kms.katalon.core.main.TestSuiteExecutor.execute(TestSuiteExecutor.java:106)
	at com.kms.katalon.core.main.TestCaseMain.startTestSuite(TestCaseMain.java:187)
	at com.kms.katalon.core.main.TestCaseMain$startTestSuite$0.call(Unknown Source)
	at TempTestSuite1696420804604.run(TempTestSuite1696420804604.groovy:36)
Caused by: com.kms.katalon.core.exception.StepFailedException: Text 'email not valid.' is not present on page 
	at com.kms.katalon.core.webui.keyword.internal.WebUIKeywordMain.stepFailed(WebUIKeywordMain.groovy:64)
	at com.kms.katalon.core.webui.keyword.builtin.VerifyTextPresentKeyword$_verifyTextPresent_closure1.doCall(VerifyTextPresentKeyword.groovy:79)
	at com.kms.katalon.core.webui.keyword.builtin.VerifyTextPresentKeyword$_verifyTextPresent_closure1.call(VerifyTextPresentKeyword.groovy)
	at com.kms.katalon.core.webui.keyword.internal.WebUIKeywordMain.runKeyword(WebUIKeywordMain.groovy:20)
	... 19 more]]></system-err>
      </testcase>
      <testcase name="Test Cases/T13 Pembelian, Shipment dan Pembayaran/PBY-014" time="56.422" classname="Test Cases/T13 Pembelian, Shipment dan Pembayaran/PBY-014" status="FAILED">
         <failure type="FAILED" message="Test Cases/T13 Pembelian, Shipment dan Pembayaran/PBY-014 FAILED.
Reason:
com.kms.katalon.core.exception.StepFailedException: Unable to verify text 'number invoice not valid.' is present 
	at com.kms.katalon.core.webui.keyword.internal.WebUIKeywordMain.stepFailed(WebUIKeywordMain.groovy:64)
	at com.kms.katalon.core.webui.keyword.internal.WebUIKeywordMain.runKeyword(WebUIKeywordMain.groovy:26)
	at com.kms.katalon.core.webui.keyword.builtin.VerifyTextPresentKeyword.verifyTextPresent(VerifyTextPresentKeyword.groovy:83)
	at com.kms.katalon.core.webui.keyword.builtin.VerifyTextPresentKeyword.execute(VerifyTextPresentKeyword.groovy:68)
	at com.kms.katalon.core.keyword.internal.KeywordExecutor.executeKeywordForPlatform(KeywordExecutor.groovy:74)
	at com.kms.katalon.core.webui.keyword.WebUiBuiltInKeywords.verifyTextPresent(WebUiBuiltInKeywords.groovy:1723)
	at com.kms.katalon.core.webui.keyword.WebUiBuiltInKeywords$verifyTextPresent$9.call(Unknown Source)
	at PBY-014.run(PBY-014:42)
	at com.kms.katalon.core.main.ScriptEngine.run(ScriptEngine.java:194)
	at com.kms.katalon.core.main.ScriptEngine.runScriptAsRawText(ScriptEngine.java:119)
	at com.kms.katalon.core.main.TestCaseExecutor.runScript(TestCaseExecutor.java:448)
	at com.kms.katalon.core.main.TestCaseExecutor.doExecute(TestCaseExecutor.java:439)
	at com.kms.katalon.core.main.TestCaseExecutor.processExecutionPhase(TestCaseExecutor.java:418)
	at com.kms.katalon.core.main.TestCaseExecutor.accessMainPhase(TestCaseExecutor.java:410)
	at com.kms.katalon.core.main.TestCaseExecutor.execute(TestCaseExecutor.java:285)
	at com.kms.katalon.core.common.CommonExecutor.accessTestCaseMainPhase(CommonExecutor.java:65)
	at com.kms.katalon.core.main.TestSuiteExecutor.accessTestSuiteMainPhase(TestSuiteExecutor.java:148)
	at com.kms.katalon.core.main.TestSuiteExecutor.execute(TestSuiteExecutor.java:106)
	at com.kms.katalon.core.main.TestCaseMain.startTestSuite(TestCaseMain.java:187)
	at com.kms.katalon.core.main.TestCaseMain$startTestSuite$0.call(Unknown Source)
	at TempTestSuite1696420804604.run(TempTestSuite1696420804604.groovy:36)
Caused by: com.kms.katalon.core.exception.StepFailedException: Text 'number invoice not valid.' is not present on page 
	at com.kms.katalon.core.webui.keyword.internal.WebUIKeywordMain.stepFailed(WebUIKeywordMain.groovy:64)
	at com.kms.katalon.core.webui.keyword.builtin.VerifyTextPresentKeyword$_verifyTextPresent_closure1.doCall(VerifyTextPresentKeyword.groovy:79)
	at com.kms.katalon.core.webui.keyword.builtin.VerifyTextPresentKeyword$_verifyTextPresent_closure1.call(VerifyTextPresentKeyword.groovy)
	at com.kms.katalon.core.webui.keyword.internal.WebUIKeywordMain.runKeyword(WebUIKeywordMain.groovy:20)
	... 19 more
"/>
         <system-out><![CDATA[2023-10-04 19:18:43 - [TEST_CASE][FAILED] - Test Cases/T13 Pembelian, Shipment dan Pembayaran/PBY-014: Test Cases/T13 Pembelian, Shipment dan Pembayaran/PBY-014 FAILED.
Reason:
com.kms.katalon.core.exception.StepFailedException: Unable to verify text 'number invoice not valid.' is present 
	at com.kms.katalon.core.webui.keyword.internal.WebUIKeywordMain.stepFailed(WebUIKeywordMain.groovy:64)
	at com.kms.katalon.core.webui.keyword.internal.WebUIKeywordMain.runKeyword(WebUIKeywordMain.groovy:26)
	at com.kms.katalon.core.webui.keyword.builtin.VerifyTextPresentKeyword.verifyTextPresent(VerifyTextPresentKeyword.groovy:83)
	at com.kms.katalon.core.webui.keyword.builtin.VerifyTextPresentKeyword.execute(VerifyTextPresentKeyword.groovy:68)
	at com.kms.katalon.core.keyword.internal.KeywordExecutor.executeKeywordForPlatform(KeywordExecutor.groovy:74)
	at com.kms.katalon.core.webui.keyword.WebUiBuiltInKeywords.verifyTextPresent(WebUiBuiltInKeywords.groovy:1723)
	at com.kms.katalon.core.webui.keyword.WebUiBuiltInKeywords$verifyTextPresent$9.call(Unknown Source)
	at PBY-014.run(PBY-014:42)
	at com.kms.katalon.core.main.ScriptEngine.run(ScriptEngine.java:194)
	at com.kms.katalon.core.main.ScriptEngine.runScriptAsRawText(ScriptEngine.java:119)
	at com.kms.katalon.core.main.TestCaseExecutor.runScript(TestCaseExecutor.java:448)
	at com.kms.katalon.core.main.TestCaseExecutor.doExecute(TestCaseExecutor.java:439)
	at com.kms.katalon.core.main.TestCaseExecutor.processExecutionPhase(TestCaseExecutor.java:418)
	at com.kms.katalon.core.main.TestCaseExecutor.accessMainPhase(TestCaseExecutor.java:410)
	at com.kms.katalon.core.main.TestCaseExecutor.execute(TestCaseExecutor.java:285)
	at com.kms.katalon.core.common.CommonExecutor.accessTestCaseMainPhase(CommonExecutor.java:65)
	at com.kms.katalon.core.main.TestSuiteExecutor.accessTestSuiteMainPhase(TestSuiteExecutor.java:148)
	at com.kms.katalon.core.main.TestSuiteExecutor.execute(TestSuiteExecutor.java:106)
	at com.kms.katalon.core.main.TestCaseMain.startTestSuite(TestCaseMain.java:187)
	at com.kms.katalon.core.main.TestCaseMain$startTestSuite$0.call(Unknown Source)
	at TempTestSuite1696420804604.run(TempTestSuite1696420804604.groovy:36)
Caused by: com.kms.katalon.core.exception.StepFailedException: Text 'number invoice not valid.' is not present on page 
	at com.kms.katalon.core.webui.keyword.internal.WebUIKeywordMain.stepFailed(WebUIKeywordMain.groovy:64)
	at com.kms.katalon.core.webui.keyword.builtin.VerifyTextPresentKeyword$_verifyTextPresent_closure1.doCall(VerifyTextPresentKeyword.groovy:79)
	at com.kms.katalon.core.webui.keyword.builtin.VerifyTextPresentKeyword$_verifyTextPresent_closure1.call(VerifyTextPresentKeyword.groovy)
	at com.kms.katalon.core.webui.keyword.internal.WebUIKeywordMain.runKeyword(WebUIKeywordMain.groovy:20)
	... 19 more


2023-10-04 19:18:43 - [TEST_STEP][PASSED] - data = callTestCase(findTestCase("T13 Pembelian, Shipment dan Pembayaran/PBY-001"), [:], STOP_ON_FAILURE): Call Test Case 'Test Cases/T13 Pembelian, Shipment dan Pembayaran/PBY-001' successfully

2023-10-04 19:18:43 - [TEST_CASE][PASSED] - Test Cases/T13 Pembelian, Shipment dan Pembayaran/PBY-001: Test Cases/T13 Pembelian, Shipment dan Pembayaran/PBY-001

2023-10-04 19:18:43 - [TEST_STEP][PASSED] - data = callTestCase(findTestCase("T13 Pembelian, Shipment dan Pembayaran/PBL-004"), ["Kurir":"Roda 2"], STOP_ON_FAILURE): Call Test Case 'Test Cases/T13 Pembelian, Shipment dan Pembayaran/PBL-004' successfully

2023-10-04 19:18:44 - [TEST_CASE][PASSED] - Test Cases/T13 Pembelian, Shipment dan Pembayaran/PBL-004: Test Cases/T13 Pembelian, Shipment dan Pembayaran/PBL-004

2023-10-04 19:18:44 - [TEST_STEP][PASSED] - data = callTestCase(findTestCase("T13 Pembelian, Shipment dan Pembayaran/PBL-002"), [:], STOP_ON_FAILURE): Call Test Case 'Test Cases/T13 Pembelian, Shipment dan Pembayaran/PBL-002' successfully

2023-10-04 19:18:44 - [TEST_CASE][PASSED] - Test Cases/T13 Pembelian, Shipment dan Pembayaran/PBL-002: Test Cases/T13 Pembelian, Shipment dan Pembayaran/PBL-002

2023-10-04 19:18:44 - [TEST_STEP][PASSED] - data = callTestCase(findTestCase("T13 Pembelian, Shipment dan Pembayaran/PBL-001"), [:], STOP_ON_FAILURE): Call Test Case 'Test Cases/T13 Pembelian, Shipment dan Pembayaran/PBL-001' successfully

2023-10-04 19:18:44 - [TEST_CASE][PASSED] - Test Cases/T13 Pembelian, Shipment dan Pembayaran/PBL-001: Test Cases/T13 Pembelian, Shipment dan Pembayaran/PBL-001

2023-10-04 19:18:44 - [TEST_STEP][PASSED] - callTestCase(findTestCase("T13 Pembelian, Shipment dan Pembayaran/LU-001"), ["username":"irfanafandi", "password":"12345irfan"], STOP_ON_FAILURE): Call Test Case 'Test Cases/T13 Pembelian, Shipment dan Pembayaran/LU-001' successfully

2023-10-04 19:18:44 - [TEST_CASE][PASSED] - Test Cases/T13 Pembelian, Shipment dan Pembayaran/LU-001: Test Cases/T13 Pembelian, Shipment dan Pembayaran/LU-001

2023-10-04 19:18:44 - [TEST_STEP][PASSED] - openBrowser("https://10.9.2.63/ecommerce/"): Browser is opened with url: 'https://10.9.2.63/ecommerce/'

2023-10-04 19:18:44 - [MESSAGE][WARNING] - A browser is already opened. Closing browser and opening a new one

2023-10-04 19:18:46 - [MESSAGE][INFO] - Starting 'Firefox' driver

2023-10-04 19:18:46 - [MESSAGE][INFO] - User set preference: ['args', '[--disable-notifications]']

2023-10-04 19:18:46 - [MESSAGE][INFO] - Action delay is set to 0 milliseconds

2023-10-04 19:18:51 - [MESSAGE][PASSED] - Browser is opened with url: 'https://10.9.2.63/ecommerce/'

2023-10-04 19:18:51 - [TEST_STEP][PASSED] - maximizeWindow(): Current window maximized

2023-10-04 19:18:51 - [MESSAGE][PASSED] - Current window maximized

2023-10-04 19:18:51 - [TEST_STEP][PASSED] - verifyElementPresent(findTestObject("Login/Home"), 0): Object 'Object Repository/Login/Home' is present

2023-10-04 19:18:51 - [MESSAGE][WARNING] - Timeout '0' is invalid. Using default page load timeout: '30'

2023-10-04 19:18:51 - [MESSAGE][PASSED] - Object 'Object Repository/Login/Home' is present

2023-10-04 19:18:51 - [TEST_STEP][PASSED] - click(findTestObject("Login/a_Login")): Object: 'Object Repository/Login/a_Login' is clicked on

2023-10-04 19:18:52 - [MESSAGE][PASSED] - Object: 'Object Repository/Login/a_Login' is clicked on

2023-10-04 19:18:52 - [TEST_STEP][PASSED] - verifyElementPresent(findTestObject("Login/Tittle Login"), 0): Object 'Object Repository/Login/Tittle Login' is present

2023-10-04 19:18:52 - [MESSAGE][WARNING] - Timeout '0' is invalid. Using default page load timeout: '30'

2023-10-04 19:18:52 - [MESSAGE][PASSED] - Object 'Object Repository/Login/Tittle Login' is present

2023-10-04 19:18:52 - [TEST_STEP][PASSED] - setText(findTestObject("Login/input_Username, Email atau No. Handphone_a"), username): Text 'irfanafandi' is set on object 'Object Repository/Login/input_Username, Email atau No. Handphone_a'

2023-10-04 19:18:53 - [MESSAGE][PASSED] - Text 'irfanafandi' is set on object 'Object Repository/Login/input_Username, Email atau No. Handphone_a'

2023-10-04 19:18:53 - [TEST_STEP][PASSED] - setText(findTestObject("Login/input_Password_b"), password): Text '12345irfan' is set on object 'Object Repository/Login/input_Password_b'

2023-10-04 19:18:53 - [MESSAGE][PASSED] - Text '12345irfan' is set on object 'Object Repository/Login/input_Password_b'

2023-10-04 19:18:53 - [TEST_STEP][PASSED] - click(findTestObject("Login/label_Ingat saya")): Object: 'Object Repository/Login/label_Ingat saya' is clicked on

2023-10-04 19:18:54 - [MESSAGE][PASSED] - Object: 'Object Repository/Login/label_Ingat saya' is clicked on

2023-10-04 19:18:54 - [TEST_STEP][PASSED] - click(findTestObject("Login/button_Masuk")): Object: 'Object Repository/Login/button_Masuk' is clicked on

2023-10-04 19:18:55 - [MESSAGE][PASSED] - Object: 'Object Repository/Login/button_Masuk' is clicked on

2023-10-04 19:18:55 - [TEST_STEP][PASSED] - verifyElementPresent(findTestObject("Login/li_Profile"), 0): Object 'Object Repository/Login/li_Profile' is present

2023-10-04 19:18:55 - [MESSAGE][WARNING] - Timeout '0' is invalid. Using default page load timeout: '30'

2023-10-04 19:18:56 - [MESSAGE][PASSED] - Object 'Object Repository/Login/li_Profile' is present

2023-10-04 19:18:56 - [MESSAGE][PASSED] - Call Test Case 'Test Cases/T13 Pembelian, Shipment dan Pembayaran/LU-001' successfully

2023-10-04 19:18:56 - [TEST_STEP][PASSED] - mouseOver(findTestObject("beli barang/i_Mulai Belanja_icon-menu")): Object: 'Object Repository/beli barang/i_Mulai Belanja_icon-menu' is hovered

2023-10-04 19:18:56 - [MESSAGE][PASSED] - Object: 'Object Repository/beli barang/i_Mulai Belanja_icon-menu' is hovered

2023-10-04 19:18:56 - [TEST_STEP][PASSED] - click(findTestObject("beli barang/a_Fashion  Busana Wanita")): Object: 'Object Repository/beli barang/a_Fashion  Busana Wanita' is clicked on

2023-10-04 19:18:57 - [MESSAGE][PASSED] - Object: 'Object Repository/beli barang/a_Fashion  Busana Wanita' is clicked on

2023-10-04 19:18:57 - [TEST_STEP][PASSED] - NamaSebelum = getText(findTestObject("verifikasi/Nama sebelum")): Text of object 'Object Repository/verifikasi/Nama sebelum' is: ''

2023-10-04 19:18:58 - [MESSAGE][PASSED] - Text of object 'Object Repository/verifikasi/Nama sebelum' is: ''

2023-10-04 19:18:58 - [TEST_STEP][PASSED] - HargaSebelum = getText(findTestObject("verifikasi/Harga sebelum")): Text of object 'Object Repository/verifikasi/Harga sebelum' is: 'Rp 1,299'

2023-10-04 19:18:59 - [MESSAGE][PASSED] - Text of object 'Object Repository/verifikasi/Harga sebelum' is: 'Rp 1,299'

2023-10-04 19:18:59 - [TEST_STEP][PASSED] - mouseOver(findTestObject("beli barang/barang mouse over")): Object: 'Object Repository/beli barang/barang mouse over' is hovered

2023-10-04 19:18:59 - [MESSAGE][PASSED] - Object: 'Object Repository/beli barang/barang mouse over' is hovered

2023-10-04 19:18:59 - [TEST_STEP][PASSED] - click(findTestObject("beli barang/buttom add to cart")): Object: 'Object Repository/beli barang/buttom add to cart' is clicked on

2023-10-04 19:19:01 - [MESSAGE][PASSED] - Object: 'Object Repository/beli barang/buttom add to cart' is clicked on

2023-10-04 19:19:01 - [TEST_STEP][PASSED] - NamaSesudah = getText(findTestObject("verifikasi/Nama sesudah")): Text of object 'Object Repository/verifikasi/Nama sesudah' is: 'Segitiga Instan Madeira - MDB5.3 Sunset'

2023-10-04 19:19:01 - [MESSAGE][PASSED] - Text of object 'Object Repository/verifikasi/Nama sesudah' is: 'Segitiga Instan Madeira - MDB5.3 Sunset'

2023-10-04 19:19:01 - [TEST_STEP][PASSED] - HargaSesudah = getText(findTestObject("verifikasi/Harga sesudah")): Text of object 'Object Repository/verifikasi/Harga sesudah' is: 'Rp 1,299'

2023-10-04 19:19:02 - [MESSAGE][PASSED] - Text of object 'Object Repository/verifikasi/Harga sesudah' is: 'Rp 1,299'

2023-10-04 19:19:02 - [TEST_STEP][PASSED] - assert NamaSesudah.contains(NamaSebelum): null

2023-10-04 19:19:02 - [TEST_STEP][PASSED] - assert HargaSesudah.contains(HargaSebelum): null

2023-10-04 19:19:02 - [TEST_STEP][PASSED] - click(findTestObject("beli barang/Tambah Keranjang busana wanita")): Object: 'Object Repository/beli barang/Tambah Keranjang busana wanita' is clicked on

2023-10-04 19:19:02 - [MESSAGE][PASSED] - Object: 'Object Repository/beli barang/Tambah Keranjang busana wanita' is clicked on

2023-10-04 19:19:02 - [TEST_STEP][PASSED] - verifyElementPresent(findTestObject("checkout/Notifikasi keranjang"), 1): Object 'Object Repository/checkout/Notifikasi keranjang' is present

2023-10-04 19:19:03 - [MESSAGE][PASSED] - Object 'Object Repository/checkout/Notifikasi keranjang' is present

2023-10-04 19:19:03 - [TEST_STEP][PASSED] - data = new java.util.HashMap(): null

2023-10-04 19:19:03 - [TEST_STEP][PASSED] - data.put("nama_barang", NamaSesudah): null

2023-10-04 19:19:03 - [TEST_STEP][PASSED] - data.put("price_barang", HargaSesudah): null

2023-10-04 19:19:03 - [TEST_STEP][PASSED] - return data: null

2023-10-04 19:19:03 - [MESSAGE][PASSED] - Call Test Case 'Test Cases/T13 Pembelian, Shipment dan Pembayaran/PBL-001' successfully

2023-10-04 19:19:03 - [TEST_STEP][PASSED] - mouseOver(findTestObject("beli barang/keranjang")): Object: 'Object Repository/beli barang/keranjang' is hovered

2023-10-04 19:19:03 - [MESSAGE][PASSED] - Object: 'Object Repository/beli barang/keranjang' is hovered

2023-10-04 19:19:03 - [TEST_STEP][PASSED] - click(findTestObject("beli barang/Lihat Sekarang")): Object: 'Object Repository/beli barang/Lihat Sekarang' is clicked on

2023-10-04 19:19:04 - [MESSAGE][PASSED] - Object: 'Object Repository/beli barang/Lihat Sekarang' is clicked on

2023-10-04 19:19:04 - [TEST_STEP][PASSED] - verifyElementPresent(findTestObject("keranjang/li_Keranjang Belanja"), 0): Object 'Object Repository/keranjang/li_Keranjang Belanja' is present

2023-10-04 19:19:04 - [MESSAGE][WARNING] - Timeout '0' is invalid. Using default page load timeout: '30'

2023-10-04 19:19:05 - [MESSAGE][PASSED] - Object 'Object Repository/keranjang/li_Keranjang Belanja' is present

2023-10-04 19:19:05 - [TEST_STEP][PASSED] - NamaKeranjang = getText(findTestObject("verifikasi/Nama keranjang")): Text of object 'Object Repository/verifikasi/Nama keranjang' is: 'Segitiga Instan Madeira - MDB5.3 Sunset'

2023-10-04 19:19:06 - [MESSAGE][PASSED] - Text of object 'Object Repository/verifikasi/Nama keranjang' is: 'Segitiga Instan Madeira - MDB5.3 Sunset'

2023-10-04 19:19:06 - [TEST_STEP][PASSED] - HargaKeranjang = getText(findTestObject("verifikasi/Harga Keranjang")): Text of object 'Object Repository/verifikasi/Harga Keranjang' is: 'Rp 1,299'

2023-10-04 19:19:06 - [MESSAGE][PASSED] - Text of object 'Object Repository/verifikasi/Harga Keranjang' is: 'Rp 1,299'

2023-10-04 19:19:06 - [TEST_STEP][PASSED] - if (toString().equalsIgnoreCase("Merah")): Object 'Object Repository/keranjang/input_Warna_variasi101' is checked

2023-10-04 19:19:06 - [TEST_STEP][PASSED] - check(findTestObject("Object Repository/keranjang/input_Warna_variasi101")): Object 'Object Repository/keranjang/input_Warna_variasi101' is checked

2023-10-04 19:19:07 - [MESSAGE][PASSED] - Object 'Object Repository/keranjang/input_Warna_variasi101' is checked

2023-10-04 19:19:07 - [TEST_STEP][PASSED] - if (toString().equalsIgnoreCase("Menengah")): Object 'Object Repository/keranjang/input_Ukuran_variasi201' is checked

2023-10-04 19:19:07 - [TEST_STEP][PASSED] - check(findTestObject("Object Repository/keranjang/input_Ukuran_variasi201")): Object 'Object Repository/keranjang/input_Ukuran_variasi201' is checked

2023-10-04 19:19:07 - [MESSAGE][PASSED] - Object 'Object Repository/keranjang/input_Ukuran_variasi201' is checked

2023-10-04 19:19:07 - [TEST_STEP][PASSED] - data.put("Warna", warna): null

2023-10-04 19:19:07 - [TEST_STEP][PASSED] - data.put("Ukuran", ukuran): null

2023-10-04 19:19:07 - [TEST_STEP][PASSED] - click(findTestObject("keranjang/button_Lanjut ke Pembayaran")): Object: 'Object Repository/keranjang/button_Lanjut ke Pembayaran' is clicked on

2023-10-04 19:19:09 - [MESSAGE][PASSED] - Object: 'Object Repository/keranjang/button_Lanjut ke Pembayaran' is clicked on

2023-10-04 19:19:09 - [TEST_STEP][PASSED] - verifyElementPresent(findTestObject("checkout/Tittle Checkout Order"), 0): Object 'Object Repository/checkout/Tittle Checkout Order' is present

2023-10-04 19:19:09 - [MESSAGE][WARNING] - Timeout '0' is invalid. Using default page load timeout: '30'

2023-10-04 19:19:10 - [MESSAGE][PASSED] - Object 'Object Repository/checkout/Tittle Checkout Order' is present

2023-10-04 19:19:10 - [TEST_STEP][PASSED] - name_product = data.get("nama_barang"): null

2023-10-04 19:19:10 - [TEST_STEP][PASSED] - price_product = data.get("price_barang"): null

2023-10-04 19:19:10 - [TEST_STEP][PASSED] - assert name_product == NamaKeranjang: null

2023-10-04 19:19:10 - [TEST_STEP][PASSED] - assert price_product == HargaKeranjang: null

2023-10-04 19:19:10 - [TEST_STEP][PASSED] - return data: null

2023-10-04 19:19:10 - [MESSAGE][PASSED] - Call Test Case 'Test Cases/T13 Pembelian, Shipment dan Pembayaran/PBL-002' successfully

2023-10-04 19:19:10 - [TEST_STEP][PASSED] - warnaa = getText(findTestObject("verifikasi/warna Merah")): Text of object 'Object Repository/verifikasi/warna Merah' is: 'Merah'

2023-10-04 19:19:10 - [MESSAGE][PASSED] - Text of object 'Object Repository/verifikasi/warna Merah' is: 'Merah'

2023-10-04 19:19:10 - [TEST_STEP][PASSED] - ukurann = getText(findTestObject("verifikasi/Ukuran Menengah")): Text of object 'Object Repository/verifikasi/Ukuran Menengah' is: 'Menengah'

2023-10-04 19:19:11 - [MESSAGE][PASSED] - Text of object 'Object Repository/verifikasi/Ukuran Menengah' is: 'Menengah'

2023-10-04 19:19:11 - [TEST_STEP][PASSED] - warna1 = data.get("Warna"): null

2023-10-04 19:19:11 - [TEST_STEP][PASSED] - ukuran1 = data.get("Ukuran"): null

2023-10-04 19:19:11 - [TEST_STEP][PASSED] - assert warnaa == warna1: null

2023-10-04 19:19:11 - [TEST_STEP][PASSED] - assert ukurann == ukuran1: null

2023-10-04 19:19:11 - [TEST_STEP][PASSED] - NamaCheckout = getText(findTestObject("verifikasi/NamaCheckout")): Text of object 'Object Repository/verifikasi/NamaCheckout' is: ''

2023-10-04 19:19:11 - [MESSAGE][PASSED] - Text of object 'Object Repository/verifikasi/NamaCheckout' is: ''

2023-10-04 19:19:11 - [TEST_STEP][PASSED] - HargaCheckout = getText(findTestObject("verifikasi/HargaCheckout")): Text of object 'Object Repository/verifikasi/HargaCheckout' is: '1,299'

2023-10-04 19:19:11 - [MESSAGE][PASSED] - Text of object 'Object Repository/verifikasi/HargaCheckout' is: '1,299'

2023-10-04 19:19:11 - [TEST_STEP][PASSED] - name_product = data.get("nama_barang"): null

2023-10-04 19:19:11 - [TEST_STEP][PASSED] - price_product = data.get("price_barang"): null

2023-10-04 19:19:11 - [TEST_STEP][PASSED] - assert name_product.contains(NamaCheckout): null

2023-10-04 19:19:11 - [TEST_STEP][PASSED] - assert price_product.contains(HargaCheckout): null

2023-10-04 19:19:11 - [TEST_STEP][PASSED] - selectOptionByLabel(findTestObject("checkout/select - Kirim via Kurir Lokal"), Kurir, false): All options with label 'Roda 2' are selected in object 'Object Repository/checkout/select - Kirim via Kurir Lokal' 

2023-10-04 19:19:12 - [MESSAGE][PASSED] - All options with label 'Roda 2' are selected in object 'Object Repository/checkout/select - Kirim via Kurir Lokal' 

2023-10-04 19:19:12 - [TEST_STEP][PASSED] - click(findTestObject("checkout/Kendaraan Kurir")): Object: 'Object Repository/checkout/Kendaraan Kurir' is clicked on

2023-10-04 19:19:13 - [MESSAGE][PASSED] - Object: 'Object Repository/checkout/Kendaraan Kurir' is clicked on

2023-10-04 19:19:13 - [TEST_STEP][PASSED] - OngkosKirim = getText(findTestObject("Object Repository/verifikasi/Ongkos Kirim checkout")): Text of object 'Object Repository/verifikasi/Ongkos Kirim checkout' is: 'Rp. 5,000'

2023-10-04 19:19:13 - [MESSAGE][PASSED] - Text of object 'Object Repository/verifikasi/Ongkos Kirim checkout' is: 'Rp. 5,000'

2023-10-04 19:19:13 - [TEST_STEP][PASSED] - Ongkos = OngkosKirim.substring(3, OngkosKirim.size()): null

2023-10-04 19:19:13 - [TEST_STEP][PASSED] - rep = Ongkos.replace(",", "."): null

2023-10-04 19:19:13 - [TEST_STEP][PASSED] - Ongkos_kirim = Double.parseDouble(rep): null

2023-10-04 19:19:13 - [TEST_STEP][PASSED] - println(Ongkos_kirim): null

2023-10-04 19:19:13 - [TEST_STEP][PASSED] - FeeAdmin = getText(findTestObject("verifikasi/Fee Admin checkout")): Text of object 'Object Repository/verifikasi/Fee Admin checkout' is: 'Fee Admin
Rp 1,500'

2023-10-04 19:19:14 - [MESSAGE][PASSED] - Text of object 'Object Repository/verifikasi/Fee Admin checkout' is: 'Fee Admin
Rp 1,500'

2023-10-04 19:19:14 - [TEST_STEP][PASSED] - Fee_Admin = FeeAdmin.substring(12, FeeAdmin.size()): null

2023-10-04 19:19:14 - [TEST_STEP][PASSED] - fee = Fee_Admin.replace(",", "."): null

2023-10-04 19:19:14 - [TEST_STEP][PASSED] - fee_admin = Double.parseDouble(fee): null

2023-10-04 19:19:14 - [TEST_STEP][PASSED] - println(fee_admin): null

2023-10-04 19:19:14 - [TEST_STEP][PASSED] - Subtotal = getText(findTestObject("verifikasi/subtotal checkout")): Text of object 'Object Repository/verifikasi/subtotal checkout' is: 'Subtotal
Rp 1,299'

2023-10-04 19:19:14 - [MESSAGE][PASSED] - Text of object 'Object Repository/verifikasi/subtotal checkout' is: 'Subtotal
Rp 1,299'

2023-10-04 19:19:14 - [TEST_STEP][PASSED] - sub_total = Subtotal.substring(12, Subtotal.size()): null

2023-10-04 19:19:14 - [TEST_STEP][PASSED] - sub = sub_total.replace(",", "."): null

2023-10-04 19:19:14 - [TEST_STEP][PASSED] - sub_total = Double.parseDouble(sub): null

2023-10-04 19:19:14 - [TEST_STEP][PASSED] - println(sub_total): null

2023-10-04 19:19:14 - [TEST_STEP][PASSED] - Total = getText(findTestObject("verifikasi/Total checkout")): Text of object 'Object Repository/verifikasi/Total checkout' is: 'Rp 7,799'

2023-10-04 19:19:14 - [MESSAGE][PASSED] - Text of object 'Object Repository/verifikasi/Total checkout' is: 'Rp 7,799'

2023-10-04 19:19:14 - [TEST_STEP][PASSED] - totall = Total.substring(3, Total.size()): null

2023-10-04 19:19:14 - [TEST_STEP][PASSED] - total = totall.replace(",", "."): null

2023-10-04 19:19:14 - [TEST_STEP][PASSED] - totall = Double.parseDouble(total): null

2023-10-04 19:19:14 - [TEST_STEP][PASSED] - println(totall): null

2023-10-04 19:19:14 - [TEST_STEP][PASSED] - Total_Harga = Ongkos_kirim + fee_admin + sub_total: null

2023-10-04 19:19:14 - [TEST_STEP][PASSED] - println(Total_Harga): null

2023-10-04 19:19:14 - [TEST_STEP][PASSED] - TotalHarga = Math.round(Total_Harga * 1000) / 1000: null

2023-10-04 19:19:14 - [TEST_STEP][PASSED] - println(TotalHarga): null

2023-10-04 19:19:14 - [TEST_STEP][PASSED] - assert totall == TotalHarga: null

2023-10-04 19:19:14 - [TEST_STEP][PASSED] - click(findTestObject("verifikasi/Metode Transfer")): Object: 'Object Repository/verifikasi/Metode Transfer' is clicked on

2023-10-04 19:19:15 - [MESSAGE][PASSED] - Object: 'Object Repository/verifikasi/Metode Transfer' is clicked on

2023-10-04 19:19:15 - [TEST_STEP][PASSED] - click(findTestObject("checkout/button_Proses Pembayaran")): Object: 'Object Repository/checkout/button_Proses Pembayaran' is clicked on

2023-10-04 19:19:21 - [MESSAGE][PASSED] - Object: 'Object Repository/checkout/button_Proses Pembayaran' is clicked on

2023-10-04 19:19:21 - [TEST_STEP][PASSED] - verifyElementPresent(findTestObject("pembayaran/Tittle nomor invoice"), 0): Object 'Object Repository/pembayaran/Tittle nomor invoice' is present

2023-10-04 19:19:21 - [MESSAGE][WARNING] - Timeout '0' is invalid. Using default page load timeout: '30'

2023-10-04 19:19:25 - [MESSAGE][PASSED] - Object 'Object Repository/pembayaran/Tittle nomor invoice' is present

2023-10-04 19:19:25 - [TEST_STEP][PASSED] - return data: null

2023-10-04 19:19:25 - [MESSAGE][PASSED] - Call Test Case 'Test Cases/T13 Pembelian, Shipment dan Pembayaran/PBL-004' successfully

2023-10-04 19:19:25 - [TEST_STEP][PASSED] - Invoice = getText(findTestObject("pembayaran/nomor invoice")): Text of object 'Object Repository/pembayaran/nomor invoice' is: 'TRX60.20231004191916'

2023-10-04 19:19:26 - [MESSAGE][PASSED] - Text of object 'Object Repository/pembayaran/nomor invoice' is: 'TRX60.20231004191916'

2023-10-04 19:19:26 - [TEST_STEP][PASSED] - data.put("invoice", Invoice): null

2023-10-04 19:19:26 - [TEST_STEP][PASSED] - NamaPemesan = getText(findTestObject("Konfirmasi pesanan shop/Nama pemesan")): Text of object 'Object Repository/Konfirmasi pesanan shop/Nama pemesan' is: 'irfan.afandi'

2023-10-04 19:19:26 - [MESSAGE][PASSED] - Text of object 'Object Repository/Konfirmasi pesanan shop/Nama pemesan' is: 'irfan.afandi'

2023-10-04 19:19:26 - [TEST_STEP][PASSED] - Nama = getText(findTestObject("pembayaran/Nama barang")): Text of object 'Object Repository/pembayaran/Nama barang' is: 'Segitiga Instan Madeira - MDB5.3 Sunset'

2023-10-04 19:19:27 - [MESSAGE][PASSED] - Text of object 'Object Repository/pembayaran/Nama barang' is: 'Segitiga Instan Madeira - MDB5.3 Sunset'

2023-10-04 19:19:27 - [TEST_STEP][PASSED] - Harga = getText(findTestObject("pembayaran/Harga barang")): Text of object 'Object Repository/pembayaran/Harga barang' is: '1,299'

2023-10-04 19:19:27 - [MESSAGE][PASSED] - Text of object 'Object Repository/pembayaran/Harga barang' is: '1,299'

2023-10-04 19:19:27 - [TEST_STEP][PASSED] - name_product = data.get("nama_barang"): null

2023-10-04 19:19:27 - [TEST_STEP][PASSED] - price_product = data.get("price_barang"): null

2023-10-04 19:19:27 - [TEST_STEP][PASSED] - assert name_product.contains(Nama): null

2023-10-04 19:19:27 - [TEST_STEP][PASSED] - assert price_product.contains(Harga): null

2023-10-04 19:19:27 - [TEST_STEP][PASSED] - warnaa = getText(findTestObject("pembayaran/warna")): Text of object 'Object Repository/pembayaran/warna' is: 'Merah'

2023-10-04 19:19:28 - [MESSAGE][PASSED] - Text of object 'Object Repository/pembayaran/warna' is: 'Merah'

2023-10-04 19:19:28 - [TEST_STEP][PASSED] - ukurann = getText(findTestObject("pembayaran/ukuran")): Text of object 'Object Repository/pembayaran/ukuran' is: 'Menengah'

2023-10-04 19:19:28 - [MESSAGE][PASSED] - Text of object 'Object Repository/pembayaran/ukuran' is: 'Menengah'

2023-10-04 19:19:28 - [TEST_STEP][PASSED] - warna1 = data.get("Warna"): null

2023-10-04 19:19:28 - [TEST_STEP][PASSED] - ukuran1 = data.get("Ukuran"): null

2023-10-04 19:19:28 - [TEST_STEP][PASSED] - assert warnaa == warna1: null

2023-10-04 19:19:28 - [TEST_STEP][PASSED] - assert ukurann == ukuran1: null

2023-10-04 19:19:28 - [TEST_STEP][PASSED] - statusPembelian = getText(findTestObject("verifikasi/Status pending di pembelian")): Text of object 'Object Repository/verifikasi/Status pending di pembelian' is: 'Pending'

2023-10-04 19:19:29 - [MESSAGE][PASSED] - Text of object 'Object Repository/verifikasi/Status pending di pembelian' is: 'Pending'

2023-10-04 19:19:29 - [TEST_STEP][PASSED] - data.put("statusPem", statusPembelian): null

2023-10-04 19:19:29 - [TEST_STEP][PASSED] - OngkosKirim = getText(findTestObject("pembayaran/ongkos kirim")): Text of object 'Object Repository/pembayaran/ongkos kirim' is: 'Rp 5,000'

2023-10-04 19:19:29 - [MESSAGE][PASSED] - Text of object 'Object Repository/pembayaran/ongkos kirim' is: 'Rp 5,000'

2023-10-04 19:19:29 - [TEST_STEP][PASSED] - Ongkos = OngkosKirim.substring(3, OngkosKirim.size()): null

2023-10-04 19:19:29 - [TEST_STEP][PASSED] - rep = Ongkos.replace(",", ""): null

2023-10-04 19:19:29 - [TEST_STEP][PASSED] - Ongkos_kirimm = Integer.parseInt(rep): null

2023-10-04 19:19:29 - [TEST_STEP][PASSED] - println(Ongkos_kirimm): null

2023-10-04 19:19:29 - [TEST_STEP][PASSED] - FeeAdmin = getText(findTestObject("pembayaran/fee admin")): Text of object 'Object Repository/pembayaran/fee admin' is: 'Rp 1,500'

2023-10-04 19:19:30 - [MESSAGE][PASSED] - Text of object 'Object Repository/pembayaran/fee admin' is: 'Rp 1,500'

2023-10-04 19:19:30 - [TEST_STEP][PASSED] - Fee_Admin = FeeAdmin.substring(3, FeeAdmin.size()): null

2023-10-04 19:19:30 - [TEST_STEP][PASSED] - fee = Fee_Admin.replace(",", ""): null

2023-10-04 19:19:30 - [TEST_STEP][PASSED] - fee_adminn = Integer.parseInt(fee): null

2023-10-04 19:19:30 - [TEST_STEP][PASSED] - println(fee_adminn): null

2023-10-04 19:19:30 - [TEST_STEP][PASSED] - Subtotal = getText(findTestObject("pembayaran/subtotal")): Text of object 'Object Repository/pembayaran/subtotal' is: 'Rp 1,299'

2023-10-04 19:19:30 - [MESSAGE][PASSED] - Text of object 'Object Repository/pembayaran/subtotal' is: 'Rp 1,299'

2023-10-04 19:19:30 - [TEST_STEP][PASSED] - sub_total = Subtotal.substring(3, Subtotal.size()): null

2023-10-04 19:19:30 - [TEST_STEP][PASSED] - sub = sub_total.replace(",", ""): null

2023-10-04 19:19:30 - [TEST_STEP][PASSED] - sub_totall = Integer.parseInt(sub): null

2023-10-04 19:19:30 - [TEST_STEP][PASSED] - println(sub_totall): null

2023-10-04 19:19:30 - [TEST_STEP][PASSED] - unik = getText(findTestObject("pembayaran/kode unik")): Text of object 'Object Repository/pembayaran/kode unik' is: '+916'

2023-10-04 19:19:31 - [MESSAGE][PASSED] - Text of object 'Object Repository/pembayaran/kode unik' is: '+916'

2023-10-04 19:19:31 - [TEST_STEP][PASSED] - unikk = unik.replace("+", ""): null

2023-10-04 19:19:31 - [TEST_STEP][PASSED] - kode_unik = Integer.parseInt(unikk): null

2023-10-04 19:19:31 - [TEST_STEP][PASSED] - println(kode_unik): null

2023-10-04 19:19:31 - [TEST_STEP][PASSED] - Total = getText(findTestObject("pembayaran/total")): Text of object 'Object Repository/pembayaran/total' is: '8,715'

2023-10-04 19:19:31 - [MESSAGE][PASSED] - Text of object 'Object Repository/pembayaran/total' is: '8,715'

2023-10-04 19:19:31 - [TEST_STEP][PASSED] - total = Total.replace(",", ""): null

2023-10-04 19:19:31 - [TEST_STEP][PASSED] - totalll = Integer.parseInt(total): null

2023-10-04 19:19:31 - [TEST_STEP][PASSED] - println(totalll): null

2023-10-04 19:19:31 - [TEST_STEP][PASSED] - Total_Hargaa = Ongkos_kirimm + fee_adminn + sub_totall + kode_unik: null

2023-10-04 19:19:31 - [TEST_STEP][PASSED] - println(Total_Hargaa): null

2023-10-04 19:19:31 - [TEST_STEP][PASSED] - assert totalll == Total_Hargaa: null

2023-10-04 19:19:31 - [TEST_STEP][PASSED] - data.put("total", Total): null

2023-10-04 19:19:31 - [TEST_STEP][PASSED] - data.put("nama", NamaPemesan): null

2023-10-04 19:19:31 - [TEST_STEP][PASSED] - return data: null

2023-10-04 19:19:31 - [MESSAGE][PASSED] - Call Test Case 'Test Cases/T13 Pembelian, Shipment dan Pembayaran/PBY-001' successfully

2023-10-04 19:19:31 - [TEST_STEP][PASSED] - inv = data.get("invoice"): null

2023-10-04 19:19:31 - [TEST_STEP][PASSED] - Total = data.get("total"): null

2023-10-04 19:19:31 - [TEST_STEP][PASSED] - NamaPemesan = data.get("nama"): null

2023-10-04 19:19:31 - [TEST_STEP][PASSED] - click(findTestObject("Konfirmasi pesanan shop/Menu Shop")): Object: 'Object Repository/Konfirmasi pesanan shop/Menu Shop' is clicked on

2023-10-04 19:19:33 - [MESSAGE][PASSED] - Object: 'Object Repository/Konfirmasi pesanan shop/Menu Shop' is clicked on

2023-10-04 19:19:33 - [TEST_STEP][PASSED] - click(findTestObject("Konfirmasi pesanan shop/Menu Shop")): Object: 'Object Repository/Konfirmasi pesanan shop/Menu Shop' is clicked on

2023-10-04 19:19:34 - [MESSAGE][PASSED] - Object: 'Object Repository/Konfirmasi pesanan shop/Menu Shop' is clicked on

2023-10-04 19:19:34 - [TEST_STEP][PASSED] - click(findTestObject("Konfirmasi pesanan shop/Konfirmasi Orders")): Object: 'Object Repository/Konfirmasi pesanan shop/Konfirmasi Orders' is clicked on

2023-10-04 19:19:35 - [MESSAGE][PASSED] - Object: 'Object Repository/Konfirmasi pesanan shop/Konfirmasi Orders' is clicked on

2023-10-04 19:19:35 - [TEST_STEP][PASSED] - verifyElementPresent(findTestObject("Konfirmasi pesanan shop/Tittle Konfirmasi Pesanan"), 0): Object 'Object Repository/Konfirmasi pesanan shop/Tittle Konfirmasi Pesanan' is present

2023-10-04 19:19:35 - [MESSAGE][WARNING] - Timeout '0' is invalid. Using default page load timeout: '30'

2023-10-04 19:19:36 - [MESSAGE][PASSED] - Object 'Object Repository/Konfirmasi pesanan shop/Tittle Konfirmasi Pesanan' is present

2023-10-04 19:19:36 - [TEST_STEP][PASSED] - setText(findTestObject("Konfirmasi pesanan shop/input_No Pesanan"), "TRX-001"): Text 'TRX-001' is set on object 'Object Repository/Konfirmasi pesanan shop/input_No Pesanan'

2023-10-04 19:19:36 - [MESSAGE][PASSED] - Text 'TRX-001' is set on object 'Object Repository/Konfirmasi pesanan shop/input_No Pesanan'

2023-10-04 19:19:36 - [TEST_STEP][PASSED] - setText(findTestObject("Konfirmasi pesanan shop/input_Alamat E-mai"), "irfan@gmail.com"): Text 'irfan@gmail.com' is set on object 'Object Repository/Konfirmasi pesanan shop/input_Alamat E-mai'

2023-10-04 19:19:37 - [MESSAGE][PASSED] - Text 'irfan@gmail.com' is set on object 'Object Repository/Konfirmasi pesanan shop/input_Alamat E-mai'

2023-10-04 19:19:37 - [TEST_STEP][PASSED] - click(findTestObject("Konfirmasi pesanan shop/button_Submit")): Object: 'Object Repository/Konfirmasi pesanan shop/button_Submit' is clicked on

2023-10-04 19:19:38 - [MESSAGE][PASSED] - Object: 'Object Repository/Konfirmasi pesanan shop/button_Submit' is clicked on

2023-10-04 19:19:38 - [TEST_STEP][FAILED] - verifyTextPresent("number invoice not valid.", false): Unable to verify text 'number invoice not valid.' is present  (Root cause: com.kms.katalon.core.exception.StepFailedException: Unable to verify text 'number invoice not valid.' is present 
	at com.kms.katalon.core.webui.keyword.internal.WebUIKeywordMain.stepFailed(WebUIKeywordMain.groovy:64)
	at com.kms.katalon.core.webui.keyword.internal.WebUIKeywordMain.runKeyword(WebUIKeywordMain.groovy:26)
	at com.kms.katalon.core.webui.keyword.builtin.VerifyTextPresentKeyword.verifyTextPresent(VerifyTextPresentKeyword.groovy:83)
	at com.kms.katalon.core.webui.keyword.builtin.VerifyTextPresentKeyword.execute(VerifyTextPresentKeyword.groovy:68)
	at com.kms.katalon.core.keyword.internal.KeywordExecutor.executeKeywordForPlatform(KeywordExecutor.groovy:74)
	at com.kms.katalon.core.webui.keyword.WebUiBuiltInKeywords.verifyTextPresent(WebUiBuiltInKeywords.groovy:1723)
	at com.kms.katalon.core.webui.keyword.WebUiBuiltInKeywords$verifyTextPresent$9.call(Unknown Source)
	at PBY-014.run(PBY-014:42)
	at com.kms.katalon.core.main.ScriptEngine.run(ScriptEngine.java:194)
	at com.kms.katalon.core.main.ScriptEngine.runScriptAsRawText(ScriptEngine.java:119)
	at com.kms.katalon.core.main.TestCaseExecutor.runScript(TestCaseExecutor.java:448)
	at com.kms.katalon.core.main.TestCaseExecutor.doExecute(TestCaseExecutor.java:439)
	at com.kms.katalon.core.main.TestCaseExecutor.processExecutionPhase(TestCaseExecutor.java:418)
	at com.kms.katalon.core.main.TestCaseExecutor.accessMainPhase(TestCaseExecutor.java:410)
	at com.kms.katalon.core.main.TestCaseExecutor.execute(TestCaseExecutor.java:285)
	at com.kms.katalon.core.common.CommonExecutor.accessTestCaseMainPhase(CommonExecutor.java:65)
	at com.kms.katalon.core.main.TestSuiteExecutor.accessTestSuiteMainPhase(TestSuiteExecutor.java:148)
	at com.kms.katalon.core.main.TestSuiteExecutor.execute(TestSuiteExecutor.java:106)
	at com.kms.katalon.core.main.TestCaseMain.startTestSuite(TestCaseMain.java:187)
	at com.kms.katalon.core.main.TestCaseMain$startTestSuite$0.call(Unknown Source)
	at TempTestSuite1696420804604.run(TempTestSuite1696420804604.groovy:36)
Caused by: com.kms.katalon.core.exception.StepFailedException: Text 'number invoice not valid.' is not present on page 
	at com.kms.katalon.core.webui.keyword.internal.WebUIKeywordMain.stepFailed(WebUIKeywordMain.groovy:64)
	at com.kms.katalon.core.webui.keyword.builtin.VerifyTextPresentKeyword$_verifyTextPresent_closure1.doCall(VerifyTextPresentKeyword.groovy:79)
	at com.kms.katalon.core.webui.keyword.builtin.VerifyTextPresentKeyword$_verifyTextPresent_closure1.call(VerifyTextPresentKeyword.groovy)
	at com.kms.katalon.core.webui.keyword.internal.WebUIKeywordMain.runKeyword(WebUIKeywordMain.groovy:20)
	... 19 more
)

2023-10-04 19:19:39 - [MESSAGE][FAILED] - Text 'number invoice not valid.' is not present on page  (Root cause: com.kms.katalon.core.exception.StepFailedException: Text 'number invoice not valid.' is not present on page 
	at com.kms.katalon.core.webui.keyword.internal.WebUIKeywordMain.stepFailed(WebUIKeywordMain.groovy:64)
	at com.kms.katalon.core.webui.keyword.builtin.VerifyTextPresentKeyword$_verifyTextPresent_closure1.doCall(VerifyTextPresentKeyword.groovy:79)
	at com.kms.katalon.core.webui.keyword.builtin.VerifyTextPresentKeyword$_verifyTextPresent_closure1.call(VerifyTextPresentKeyword.groovy)
	at com.kms.katalon.core.webui.keyword.internal.WebUIKeywordMain.runKeyword(WebUIKeywordMain.groovy:20)
	at com.kms.katalon.core.webui.keyword.builtin.VerifyTextPresentKeyword.verifyTextPresent(VerifyTextPresentKeyword.groovy:83)
	at com.kms.katalon.core.webui.keyword.builtin.VerifyTextPresentKeyword.execute(VerifyTextPresentKeyword.groovy:68)
	at com.kms.katalon.core.keyword.internal.KeywordExecutor.executeKeywordForPlatform(KeywordExecutor.groovy:74)
	at com.kms.katalon.core.webui.keyword.WebUiBuiltInKeywords.verifyTextPresent(WebUiBuiltInKeywords.groovy:1723)
	at com.kms.katalon.core.webui.keyword.WebUiBuiltInKeywords$verifyTextPresent$9.call(Unknown Source)
	at PBY-014.run(PBY-014:42)
	at com.kms.katalon.core.main.ScriptEngine.run(ScriptEngine.java:194)
	at com.kms.katalon.core.main.ScriptEngine.runScriptAsRawText(ScriptEngine.java:119)
	at com.kms.katalon.core.main.TestCaseExecutor.runScript(TestCaseExecutor.java:448)
	at com.kms.katalon.core.main.TestCaseExecutor.doExecute(TestCaseExecutor.java:439)
	at com.kms.katalon.core.main.TestCaseExecutor.processExecutionPhase(TestCaseExecutor.java:418)
	at com.kms.katalon.core.main.TestCaseExecutor.accessMainPhase(TestCaseExecutor.java:410)
	at com.kms.katalon.core.main.TestCaseExecutor.execute(TestCaseExecutor.java:285)
	at com.kms.katalon.core.common.CommonExecutor.accessTestCaseMainPhase(CommonExecutor.java:65)
	at com.kms.katalon.core.main.TestSuiteExecutor.accessTestSuiteMainPhase(TestSuiteExecutor.java:148)
	at com.kms.katalon.core.main.TestSuiteExecutor.execute(TestSuiteExecutor.java:106)
	at com.kms.katalon.core.main.TestCaseMain.startTestSuite(TestCaseMain.java:187)
	at com.kms.katalon.core.main.TestCaseMain$startTestSuite$0.call(Unknown Source)
	at TempTestSuite1696420804604.run(TempTestSuite1696420804604.groovy:36)
)

2023-10-04 19:19:39 - [MESSAGE][FAILED] - Unable to verify text 'number invoice not valid.' is present  (Root cause: com.kms.katalon.core.exception.StepFailedException: Unable to verify text 'number invoice not valid.' is present 
	at com.kms.katalon.core.webui.keyword.internal.WebUIKeywordMain.stepFailed(WebUIKeywordMain.groovy:64)
	at com.kms.katalon.core.webui.keyword.internal.WebUIKeywordMain.runKeyword(WebUIKeywordMain.groovy:26)
	at com.kms.katalon.core.webui.keyword.builtin.VerifyTextPresentKeyword.verifyTextPresent(VerifyTextPresentKeyword.groovy:83)
	at com.kms.katalon.core.webui.keyword.builtin.VerifyTextPresentKeyword.execute(VerifyTextPresentKeyword.groovy:68)
	at com.kms.katalon.core.keyword.internal.KeywordExecutor.executeKeywordForPlatform(KeywordExecutor.groovy:74)
	at com.kms.katalon.core.webui.keyword.WebUiBuiltInKeywords.verifyTextPresent(WebUiBuiltInKeywords.groovy:1723)
	at com.kms.katalon.core.webui.keyword.WebUiBuiltInKeywords$verifyTextPresent$9.call(Unknown Source)
	at PBY-014.run(PBY-014:42)
	at com.kms.katalon.core.main.ScriptEngine.run(ScriptEngine.java:194)
	at com.kms.katalon.core.main.ScriptEngine.runScriptAsRawText(ScriptEngine.java:119)
	at com.kms.katalon.core.main.TestCaseExecutor.runScript(TestCaseExecutor.java:448)
	at com.kms.katalon.core.main.TestCaseExecutor.doExecute(TestCaseExecutor.java:439)
	at com.kms.katalon.core.main.TestCaseExecutor.processExecutionPhase(TestCaseExecutor.java:418)
	at com.kms.katalon.core.main.TestCaseExecutor.accessMainPhase(TestCaseExecutor.java:410)
	at com.kms.katalon.core.main.TestCaseExecutor.execute(TestCaseExecutor.java:285)
	at com.kms.katalon.core.common.CommonExecutor.accessTestCaseMainPhase(CommonExecutor.java:65)
	at com.kms.katalon.core.main.TestSuiteExecutor.accessTestSuiteMainPhase(TestSuiteExecutor.java:148)
	at com.kms.katalon.core.main.TestSuiteExecutor.execute(TestSuiteExecutor.java:106)
	at com.kms.katalon.core.main.TestCaseMain.startTestSuite(TestCaseMain.java:187)
	at com.kms.katalon.core.main.TestCaseMain$startTestSuite$0.call(Unknown Source)
	at TempTestSuite1696420804604.run(TempTestSuite1696420804604.groovy:36)
Caused by: com.kms.katalon.core.exception.StepFailedException: Text 'number invoice not valid.' is not present on page 
	at com.kms.katalon.core.webui.keyword.internal.WebUIKeywordMain.stepFailed(WebUIKeywordMain.groovy:64)
	at com.kms.katalon.core.webui.keyword.builtin.VerifyTextPresentKeyword$_verifyTextPresent_closure1.doCall(VerifyTextPresentKeyword.groovy:79)
	at com.kms.katalon.core.webui.keyword.builtin.VerifyTextPresentKeyword$_verifyTextPresent_closure1.call(VerifyTextPresentKeyword.groovy)
	at com.kms.katalon.core.webui.keyword.internal.WebUIKeywordMain.runKeyword(WebUIKeywordMain.groovy:20)
	... 19 more
)
[[ATTACHMENT|D:\\BOOTCAMP XSIS\\Projek 2 MINI PROJEK\\Reports\\20231004_190004\\T13 Pembelian, Shipment dan Pembayaran\\T13 Pembelian, Shipment dan Pembayaran\\20231004_190004\\1696421979915.png]]]]></system-out>
         <system-err><![CDATA[2023-10-04 19:18:43 - [TEST_CASE][FAILED] - Test Cases/T13 Pembelian, Shipment dan Pembayaran/PBY-014: Test Cases/T13 Pembelian, Shipment dan Pembayaran/PBY-014 FAILED.
Reason:
com.kms.katalon.core.exception.StepFailedException: Unable to verify text 'number invoice not valid.' is present 
	at com.kms.katalon.core.webui.keyword.internal.WebUIKeywordMain.stepFailed(WebUIKeywordMain.groovy:64)
	at com.kms.katalon.core.webui.keyword.internal.WebUIKeywordMain.runKeyword(WebUIKeywordMain.groovy:26)
	at com.kms.katalon.core.webui.keyword.builtin.VerifyTextPresentKeyword.verifyTextPresent(VerifyTextPresentKeyword.groovy:83)
	at com.kms.katalon.core.webui.keyword.builtin.VerifyTextPresentKeyword.execute(VerifyTextPresentKeyword.groovy:68)
	at com.kms.katalon.core.keyword.internal.KeywordExecutor.executeKeywordForPlatform(KeywordExecutor.groovy:74)
	at com.kms.katalon.core.webui.keyword.WebUiBuiltInKeywords.verifyTextPresent(WebUiBuiltInKeywords.groovy:1723)
	at com.kms.katalon.core.webui.keyword.WebUiBuiltInKeywords$verifyTextPresent$9.call(Unknown Source)
	at PBY-014.run(PBY-014:42)
	at com.kms.katalon.core.main.ScriptEngine.run(ScriptEngine.java:194)
	at com.kms.katalon.core.main.ScriptEngine.runScriptAsRawText(ScriptEngine.java:119)
	at com.kms.katalon.core.main.TestCaseExecutor.runScript(TestCaseExecutor.java:448)
	at com.kms.katalon.core.main.TestCaseExecutor.doExecute(TestCaseExecutor.java:439)
	at com.kms.katalon.core.main.TestCaseExecutor.processExecutionPhase(TestCaseExecutor.java:418)
	at com.kms.katalon.core.main.TestCaseExecutor.accessMainPhase(TestCaseExecutor.java:410)
	at com.kms.katalon.core.main.TestCaseExecutor.execute(TestCaseExecutor.java:285)
	at com.kms.katalon.core.common.CommonExecutor.accessTestCaseMainPhase(CommonExecutor.java:65)
	at com.kms.katalon.core.main.TestSuiteExecutor.accessTestSuiteMainPhase(TestSuiteExecutor.java:148)
	at com.kms.katalon.core.main.TestSuiteExecutor.execute(TestSuiteExecutor.java:106)
	at com.kms.katalon.core.main.TestCaseMain.startTestSuite(TestCaseMain.java:187)
	at com.kms.katalon.core.main.TestCaseMain$startTestSuite$0.call(Unknown Source)
	at TempTestSuite1696420804604.run(TempTestSuite1696420804604.groovy:36)
Caused by: com.kms.katalon.core.exception.StepFailedException: Text 'number invoice not valid.' is not present on page 
	at com.kms.katalon.core.webui.keyword.internal.WebUIKeywordMain.stepFailed(WebUIKeywordMain.groovy:64)
	at com.kms.katalon.core.webui.keyword.builtin.VerifyTextPresentKeyword$_verifyTextPresent_closure1.doCall(VerifyTextPresentKeyword.groovy:79)
	at com.kms.katalon.core.webui.keyword.builtin.VerifyTextPresentKeyword$_verifyTextPresent_closure1.call(VerifyTextPresentKeyword.groovy)
	at com.kms.katalon.core.webui.keyword.internal.WebUIKeywordMain.runKeyword(WebUIKeywordMain.groovy:20)
	... 19 more]]></system-err>
      </testcase>
      <testcase name="Test Cases/T13 Pembelian, Shipment dan Pembayaran/PBYA-001" time="87.82" classname="Test Cases/T13 Pembelian, Shipment dan Pembayaran/PBYA-001" status="PASSED">
         <system-out><![CDATA[2023-10-04 19:19:39 - [TEST_CASE][PASSED] - Test Cases/T13 Pembelian, Shipment dan Pembayaran/PBYA-001: Test Cases/T13 Pembelian, Shipment dan Pembayaran/PBYA-001

2023-10-04 19:19:40 - [TEST_STEP][PASSED] - data = callTestCase(findTestCase("T13 Pembelian, Shipment dan Pembayaran/PBY-004"), [:], STOP_ON_FAILURE): Call Test Case 'Test Cases/T13 Pembelian, Shipment dan Pembayaran/PBY-004' successfully

2023-10-04 19:19:40 - [TEST_CASE][PASSED] - Test Cases/T13 Pembelian, Shipment dan Pembayaran/PBY-004: Test Cases/T13 Pembelian, Shipment dan Pembayaran/PBY-004

2023-10-04 19:19:40 - [TEST_STEP][PASSED] - data = callTestCase(findTestCase("T13 Pembelian, Shipment dan Pembayaran/PBY-001"), [:], STOP_ON_FAILURE): Call Test Case 'Test Cases/T13 Pembelian, Shipment dan Pembayaran/PBY-001' successfully

2023-10-04 19:19:40 - [TEST_CASE][PASSED] - Test Cases/T13 Pembelian, Shipment dan Pembayaran/PBY-001: Test Cases/T13 Pembelian, Shipment dan Pembayaran/PBY-001

2023-10-04 19:19:40 - [TEST_STEP][PASSED] - data = callTestCase(findTestCase("T13 Pembelian, Shipment dan Pembayaran/PBL-004"), ["Kurir":"Roda 2"], STOP_ON_FAILURE): Call Test Case 'Test Cases/T13 Pembelian, Shipment dan Pembayaran/PBL-004' successfully

2023-10-04 19:19:40 - [TEST_CASE][PASSED] - Test Cases/T13 Pembelian, Shipment dan Pembayaran/PBL-004: Test Cases/T13 Pembelian, Shipment dan Pembayaran/PBL-004

2023-10-04 19:19:40 - [TEST_STEP][PASSED] - data = callTestCase(findTestCase("T13 Pembelian, Shipment dan Pembayaran/PBL-002"), [:], STOP_ON_FAILURE): Call Test Case 'Test Cases/T13 Pembelian, Shipment dan Pembayaran/PBL-002' successfully

2023-10-04 19:19:40 - [TEST_CASE][PASSED] - Test Cases/T13 Pembelian, Shipment dan Pembayaran/PBL-002: Test Cases/T13 Pembelian, Shipment dan Pembayaran/PBL-002

2023-10-04 19:19:40 - [TEST_STEP][PASSED] - data = callTestCase(findTestCase("T13 Pembelian, Shipment dan Pembayaran/PBL-001"), [:], STOP_ON_FAILURE): Call Test Case 'Test Cases/T13 Pembelian, Shipment dan Pembayaran/PBL-001' successfully

2023-10-04 19:19:40 - [TEST_CASE][PASSED] - Test Cases/T13 Pembelian, Shipment dan Pembayaran/PBL-001: Test Cases/T13 Pembelian, Shipment dan Pembayaran/PBL-001

2023-10-04 19:19:40 - [TEST_STEP][PASSED] - callTestCase(findTestCase("T13 Pembelian, Shipment dan Pembayaran/LU-001"), ["username":"irfanafandi", "password":"12345irfan"], STOP_ON_FAILURE): Call Test Case 'Test Cases/T13 Pembelian, Shipment dan Pembayaran/LU-001' successfully

2023-10-04 19:19:40 - [TEST_CASE][PASSED] - Test Cases/T13 Pembelian, Shipment dan Pembayaran/LU-001: Test Cases/T13 Pembelian, Shipment dan Pembayaran/LU-001

2023-10-04 19:19:40 - [TEST_STEP][PASSED] - openBrowser("https://10.9.2.63/ecommerce/"): Browser is opened with url: 'https://10.9.2.63/ecommerce/'

2023-10-04 19:19:40 - [MESSAGE][WARNING] - A browser is already opened. Closing browser and opening a new one

2023-10-04 19:19:43 - [MESSAGE][INFO] - Starting 'Firefox' driver

2023-10-04 19:19:43 - [MESSAGE][INFO] - User set preference: ['args', '[--disable-notifications]']

2023-10-04 19:19:43 - [MESSAGE][INFO] - Action delay is set to 0 milliseconds

2023-10-04 19:19:47 - [MESSAGE][PASSED] - Browser is opened with url: 'https://10.9.2.63/ecommerce/'

2023-10-04 19:19:47 - [TEST_STEP][PASSED] - maximizeWindow(): Current window maximized

2023-10-04 19:19:47 - [MESSAGE][PASSED] - Current window maximized

2023-10-04 19:19:47 - [TEST_STEP][PASSED] - verifyElementPresent(findTestObject("Login/Home"), 0): Object 'Object Repository/Login/Home' is present

2023-10-04 19:19:47 - [MESSAGE][WARNING] - Timeout '0' is invalid. Using default page load timeout: '30'

2023-10-04 19:19:47 - [MESSAGE][PASSED] - Object 'Object Repository/Login/Home' is present

2023-10-04 19:19:47 - [TEST_STEP][PASSED] - click(findTestObject("Login/a_Login")): Object: 'Object Repository/Login/a_Login' is clicked on

2023-10-04 19:19:48 - [MESSAGE][PASSED] - Object: 'Object Repository/Login/a_Login' is clicked on

2023-10-04 19:19:48 - [TEST_STEP][PASSED] - verifyElementPresent(findTestObject("Login/Tittle Login"), 0): Object 'Object Repository/Login/Tittle Login' is present

2023-10-04 19:19:48 - [MESSAGE][WARNING] - Timeout '0' is invalid. Using default page load timeout: '30'

2023-10-04 19:19:48 - [MESSAGE][PASSED] - Object 'Object Repository/Login/Tittle Login' is present

2023-10-04 19:19:48 - [TEST_STEP][PASSED] - setText(findTestObject("Login/input_Username, Email atau No. Handphone_a"), username): Text 'irfanafandi' is set on object 'Object Repository/Login/input_Username, Email atau No. Handphone_a'

2023-10-04 19:19:49 - [MESSAGE][PASSED] - Text 'irfanafandi' is set on object 'Object Repository/Login/input_Username, Email atau No. Handphone_a'

2023-10-04 19:19:49 - [TEST_STEP][PASSED] - setText(findTestObject("Login/input_Password_b"), password): Text '12345irfan' is set on object 'Object Repository/Login/input_Password_b'

2023-10-04 19:19:50 - [MESSAGE][PASSED] - Text '12345irfan' is set on object 'Object Repository/Login/input_Password_b'

2023-10-04 19:19:50 - [TEST_STEP][PASSED] - click(findTestObject("Login/label_Ingat saya")): Object: 'Object Repository/Login/label_Ingat saya' is clicked on

2023-10-04 19:19:50 - [MESSAGE][PASSED] - Object: 'Object Repository/Login/label_Ingat saya' is clicked on

2023-10-04 19:19:50 - [TEST_STEP][PASSED] - click(findTestObject("Login/button_Masuk")): Object: 'Object Repository/Login/button_Masuk' is clicked on

2023-10-04 19:19:51 - [MESSAGE][PASSED] - Object: 'Object Repository/Login/button_Masuk' is clicked on

2023-10-04 19:19:51 - [TEST_STEP][PASSED] - verifyElementPresent(findTestObject("Login/li_Profile"), 0): Object 'Object Repository/Login/li_Profile' is present

2023-10-04 19:19:51 - [MESSAGE][WARNING] - Timeout '0' is invalid. Using default page load timeout: '30'

2023-10-04 19:19:52 - [MESSAGE][PASSED] - Object 'Object Repository/Login/li_Profile' is present

2023-10-04 19:19:52 - [MESSAGE][PASSED] - Call Test Case 'Test Cases/T13 Pembelian, Shipment dan Pembayaran/LU-001' successfully

2023-10-04 19:19:52 - [TEST_STEP][PASSED] - mouseOver(findTestObject("beli barang/i_Mulai Belanja_icon-menu")): Object: 'Object Repository/beli barang/i_Mulai Belanja_icon-menu' is hovered

2023-10-04 19:19:53 - [MESSAGE][PASSED] - Object: 'Object Repository/beli barang/i_Mulai Belanja_icon-menu' is hovered

2023-10-04 19:19:53 - [TEST_STEP][PASSED] - click(findTestObject("beli barang/a_Fashion  Busana Wanita")): Object: 'Object Repository/beli barang/a_Fashion  Busana Wanita' is clicked on

2023-10-04 19:19:54 - [MESSAGE][PASSED] - Object: 'Object Repository/beli barang/a_Fashion  Busana Wanita' is clicked on

2023-10-04 19:19:54 - [TEST_STEP][PASSED] - NamaSebelum = getText(findTestObject("verifikasi/Nama sebelum")): Text of object 'Object Repository/verifikasi/Nama sebelum' is: ''

2023-10-04 19:19:54 - [MESSAGE][PASSED] - Text of object 'Object Repository/verifikasi/Nama sebelum' is: ''

2023-10-04 19:19:54 - [TEST_STEP][PASSED] - HargaSebelum = getText(findTestObject("verifikasi/Harga sebelum")): Text of object 'Object Repository/verifikasi/Harga sebelum' is: 'Rp 1,299'

2023-10-04 19:19:55 - [MESSAGE][PASSED] - Text of object 'Object Repository/verifikasi/Harga sebelum' is: 'Rp 1,299'

2023-10-04 19:19:55 - [TEST_STEP][PASSED] - mouseOver(findTestObject("beli barang/barang mouse over")): Object: 'Object Repository/beli barang/barang mouse over' is hovered

2023-10-04 19:19:55 - [MESSAGE][PASSED] - Object: 'Object Repository/beli barang/barang mouse over' is hovered

2023-10-04 19:19:55 - [TEST_STEP][PASSED] - click(findTestObject("beli barang/buttom add to cart")): Object: 'Object Repository/beli barang/buttom add to cart' is clicked on

2023-10-04 19:19:57 - [MESSAGE][PASSED] - Object: 'Object Repository/beli barang/buttom add to cart' is clicked on

2023-10-04 19:19:57 - [TEST_STEP][PASSED] - NamaSesudah = getText(findTestObject("verifikasi/Nama sesudah")): Text of object 'Object Repository/verifikasi/Nama sesudah' is: 'Segitiga Instan Madeira - MDB5.3 Sunset'

2023-10-04 19:19:57 - [MESSAGE][PASSED] - Text of object 'Object Repository/verifikasi/Nama sesudah' is: 'Segitiga Instan Madeira - MDB5.3 Sunset'

2023-10-04 19:19:57 - [TEST_STEP][PASSED] - HargaSesudah = getText(findTestObject("verifikasi/Harga sesudah")): Text of object 'Object Repository/verifikasi/Harga sesudah' is: 'Rp 1,299'

2023-10-04 19:19:58 - [MESSAGE][PASSED] - Text of object 'Object Repository/verifikasi/Harga sesudah' is: 'Rp 1,299'

2023-10-04 19:19:58 - [TEST_STEP][PASSED] - assert NamaSesudah.contains(NamaSebelum): null

2023-10-04 19:19:58 - [TEST_STEP][PASSED] - assert HargaSesudah.contains(HargaSebelum): null

2023-10-04 19:19:58 - [TEST_STEP][PASSED] - click(findTestObject("beli barang/Tambah Keranjang busana wanita")): Object: 'Object Repository/beli barang/Tambah Keranjang busana wanita' is clicked on

2023-10-04 19:19:58 - [MESSAGE][PASSED] - Object: 'Object Repository/beli barang/Tambah Keranjang busana wanita' is clicked on

2023-10-04 19:19:58 - [TEST_STEP][PASSED] - verifyElementPresent(findTestObject("checkout/Notifikasi keranjang"), 1): Object 'Object Repository/checkout/Notifikasi keranjang' is present

2023-10-04 19:19:59 - [MESSAGE][PASSED] - Object 'Object Repository/checkout/Notifikasi keranjang' is present

2023-10-04 19:19:59 - [TEST_STEP][PASSED] - data = new java.util.HashMap(): null

2023-10-04 19:19:59 - [TEST_STEP][PASSED] - data.put("nama_barang", NamaSesudah): null

2023-10-04 19:19:59 - [TEST_STEP][PASSED] - data.put("price_barang", HargaSesudah): null

2023-10-04 19:19:59 - [TEST_STEP][PASSED] - return data: null

2023-10-04 19:19:59 - [MESSAGE][PASSED] - Call Test Case 'Test Cases/T13 Pembelian, Shipment dan Pembayaran/PBL-001' successfully

2023-10-04 19:19:59 - [TEST_STEP][PASSED] - mouseOver(findTestObject("beli barang/keranjang")): Object: 'Object Repository/beli barang/keranjang' is hovered

2023-10-04 19:20:00 - [MESSAGE][PASSED] - Object: 'Object Repository/beli barang/keranjang' is hovered

2023-10-04 19:20:00 - [TEST_STEP][PASSED] - click(findTestObject("beli barang/Lihat Sekarang")): Object: 'Object Repository/beli barang/Lihat Sekarang' is clicked on

2023-10-04 19:20:01 - [MESSAGE][PASSED] - Object: 'Object Repository/beli barang/Lihat Sekarang' is clicked on

2023-10-04 19:20:01 - [TEST_STEP][PASSED] - verifyElementPresent(findTestObject("keranjang/li_Keranjang Belanja"), 0): Object 'Object Repository/keranjang/li_Keranjang Belanja' is present

2023-10-04 19:20:01 - [MESSAGE][WARNING] - Timeout '0' is invalid. Using default page load timeout: '30'

2023-10-04 19:20:02 - [MESSAGE][PASSED] - Object 'Object Repository/keranjang/li_Keranjang Belanja' is present

2023-10-04 19:20:02 - [TEST_STEP][PASSED] - NamaKeranjang = getText(findTestObject("verifikasi/Nama keranjang")): Text of object 'Object Repository/verifikasi/Nama keranjang' is: 'Segitiga Instan Madeira - MDB5.3 Sunset'

2023-10-04 19:20:02 - [MESSAGE][PASSED] - Text of object 'Object Repository/verifikasi/Nama keranjang' is: 'Segitiga Instan Madeira - MDB5.3 Sunset'

2023-10-04 19:20:02 - [TEST_STEP][PASSED] - HargaKeranjang = getText(findTestObject("verifikasi/Harga Keranjang")): Text of object 'Object Repository/verifikasi/Harga Keranjang' is: 'Rp 1,299'

2023-10-04 19:20:03 - [MESSAGE][PASSED] - Text of object 'Object Repository/verifikasi/Harga Keranjang' is: 'Rp 1,299'

2023-10-04 19:20:03 - [TEST_STEP][PASSED] - if (toString().equalsIgnoreCase("Merah")): Object 'Object Repository/keranjang/input_Warna_variasi101' is checked

2023-10-04 19:20:03 - [TEST_STEP][PASSED] - check(findTestObject("Object Repository/keranjang/input_Warna_variasi101")): Object 'Object Repository/keranjang/input_Warna_variasi101' is checked

2023-10-04 19:20:03 - [MESSAGE][PASSED] - Object 'Object Repository/keranjang/input_Warna_variasi101' is checked

2023-10-04 19:20:03 - [TEST_STEP][PASSED] - if (toString().equalsIgnoreCase("Menengah")): Object 'Object Repository/keranjang/input_Ukuran_variasi201' is checked

2023-10-04 19:20:03 - [TEST_STEP][PASSED] - check(findTestObject("Object Repository/keranjang/input_Ukuran_variasi201")): Object 'Object Repository/keranjang/input_Ukuran_variasi201' is checked

2023-10-04 19:20:04 - [MESSAGE][PASSED] - Object 'Object Repository/keranjang/input_Ukuran_variasi201' is checked

2023-10-04 19:20:04 - [TEST_STEP][PASSED] - data.put("Warna", warna): null

2023-10-04 19:20:04 - [TEST_STEP][PASSED] - data.put("Ukuran", ukuran): null

2023-10-04 19:20:04 - [TEST_STEP][PASSED] - click(findTestObject("keranjang/button_Lanjut ke Pembayaran")): Object: 'Object Repository/keranjang/button_Lanjut ke Pembayaran' is clicked on

2023-10-04 19:20:05 - [MESSAGE][PASSED] - Object: 'Object Repository/keranjang/button_Lanjut ke Pembayaran' is clicked on

2023-10-04 19:20:05 - [TEST_STEP][PASSED] - verifyElementPresent(findTestObject("checkout/Tittle Checkout Order"), 0): Object 'Object Repository/checkout/Tittle Checkout Order' is present

2023-10-04 19:20:05 - [MESSAGE][WARNING] - Timeout '0' is invalid. Using default page load timeout: '30'

2023-10-04 19:20:06 - [MESSAGE][PASSED] - Object 'Object Repository/checkout/Tittle Checkout Order' is present

2023-10-04 19:20:06 - [TEST_STEP][PASSED] - name_product = data.get("nama_barang"): null

2023-10-04 19:20:06 - [TEST_STEP][PASSED] - price_product = data.get("price_barang"): null

2023-10-04 19:20:06 - [TEST_STEP][PASSED] - assert name_product == NamaKeranjang: null

2023-10-04 19:20:06 - [TEST_STEP][PASSED] - assert price_product == HargaKeranjang: null

2023-10-04 19:20:06 - [TEST_STEP][PASSED] - return data: null

2023-10-04 19:20:06 - [MESSAGE][PASSED] - Call Test Case 'Test Cases/T13 Pembelian, Shipment dan Pembayaran/PBL-002' successfully

2023-10-04 19:20:06 - [TEST_STEP][PASSED] - warnaa = getText(findTestObject("verifikasi/warna Merah")): Text of object 'Object Repository/verifikasi/warna Merah' is: 'Merah'

2023-10-04 19:20:06 - [MESSAGE][PASSED] - Text of object 'Object Repository/verifikasi/warna Merah' is: 'Merah'

2023-10-04 19:20:06 - [TEST_STEP][PASSED] - ukurann = getText(findTestObject("verifikasi/Ukuran Menengah")): Text of object 'Object Repository/verifikasi/Ukuran Menengah' is: 'Menengah'

2023-10-04 19:20:07 - [MESSAGE][PASSED] - Text of object 'Object Repository/verifikasi/Ukuran Menengah' is: 'Menengah'

2023-10-04 19:20:07 - [TEST_STEP][PASSED] - warna1 = data.get("Warna"): null

2023-10-04 19:20:07 - [TEST_STEP][PASSED] - ukuran1 = data.get("Ukuran"): null

2023-10-04 19:20:07 - [TEST_STEP][PASSED] - assert warnaa == warna1: null

2023-10-04 19:20:07 - [TEST_STEP][PASSED] - assert ukurann == ukuran1: null

2023-10-04 19:20:07 - [TEST_STEP][PASSED] - NamaCheckout = getText(findTestObject("verifikasi/NamaCheckout")): Text of object 'Object Repository/verifikasi/NamaCheckout' is: ''

2023-10-04 19:20:07 - [MESSAGE][PASSED] - Text of object 'Object Repository/verifikasi/NamaCheckout' is: ''

2023-10-04 19:20:07 - [TEST_STEP][PASSED] - HargaCheckout = getText(findTestObject("verifikasi/HargaCheckout")): Text of object 'Object Repository/verifikasi/HargaCheckout' is: '1,299'

2023-10-04 19:20:07 - [MESSAGE][PASSED] - Text of object 'Object Repository/verifikasi/HargaCheckout' is: '1,299'

2023-10-04 19:20:07 - [TEST_STEP][PASSED] - name_product = data.get("nama_barang"): null

2023-10-04 19:20:07 - [TEST_STEP][PASSED] - price_product = data.get("price_barang"): null

2023-10-04 19:20:07 - [TEST_STEP][PASSED] - assert name_product.contains(NamaCheckout): null

2023-10-04 19:20:07 - [TEST_STEP][PASSED] - assert price_product.contains(HargaCheckout): null

2023-10-04 19:20:07 - [TEST_STEP][PASSED] - selectOptionByLabel(findTestObject("checkout/select - Kirim via Kurir Lokal"), Kurir, false): All options with label 'Roda 2' are selected in object 'Object Repository/checkout/select - Kirim via Kurir Lokal' 

2023-10-04 19:20:08 - [MESSAGE][PASSED] - All options with label 'Roda 2' are selected in object 'Object Repository/checkout/select - Kirim via Kurir Lokal' 

2023-10-04 19:20:08 - [TEST_STEP][PASSED] - click(findTestObject("checkout/Kendaraan Kurir")): Object: 'Object Repository/checkout/Kendaraan Kurir' is clicked on

2023-10-04 19:20:09 - [MESSAGE][PASSED] - Object: 'Object Repository/checkout/Kendaraan Kurir' is clicked on

2023-10-04 19:20:09 - [TEST_STEP][PASSED] - OngkosKirim = getText(findTestObject("Object Repository/verifikasi/Ongkos Kirim checkout")): Text of object 'Object Repository/verifikasi/Ongkos Kirim checkout' is: 'Rp. 5,000'

2023-10-04 19:20:09 - [MESSAGE][PASSED] - Text of object 'Object Repository/verifikasi/Ongkos Kirim checkout' is: 'Rp. 5,000'

2023-10-04 19:20:09 - [TEST_STEP][PASSED] - Ongkos = OngkosKirim.substring(3, OngkosKirim.size()): null

2023-10-04 19:20:09 - [TEST_STEP][PASSED] - rep = Ongkos.replace(",", "."): null

2023-10-04 19:20:09 - [TEST_STEP][PASSED] - Ongkos_kirim = Double.parseDouble(rep): null

2023-10-04 19:20:09 - [TEST_STEP][PASSED] - println(Ongkos_kirim): null

2023-10-04 19:20:09 - [TEST_STEP][PASSED] - FeeAdmin = getText(findTestObject("verifikasi/Fee Admin checkout")): Text of object 'Object Repository/verifikasi/Fee Admin checkout' is: 'Fee Admin
Rp 1,500'

2023-10-04 19:20:09 - [MESSAGE][PASSED] - Text of object 'Object Repository/verifikasi/Fee Admin checkout' is: 'Fee Admin
Rp 1,500'

2023-10-04 19:20:09 - [TEST_STEP][PASSED] - Fee_Admin = FeeAdmin.substring(12, FeeAdmin.size()): null

2023-10-04 19:20:09 - [TEST_STEP][PASSED] - fee = Fee_Admin.replace(",", "."): null

2023-10-04 19:20:09 - [TEST_STEP][PASSED] - fee_admin = Double.parseDouble(fee): null

2023-10-04 19:20:09 - [TEST_STEP][PASSED] - println(fee_admin): null

2023-10-04 19:20:09 - [TEST_STEP][PASSED] - Subtotal = getText(findTestObject("verifikasi/subtotal checkout")): Text of object 'Object Repository/verifikasi/subtotal checkout' is: 'Subtotal
Rp 1,299'

2023-10-04 19:20:10 - [MESSAGE][PASSED] - Text of object 'Object Repository/verifikasi/subtotal checkout' is: 'Subtotal
Rp 1,299'

2023-10-04 19:20:10 - [TEST_STEP][PASSED] - sub_total = Subtotal.substring(12, Subtotal.size()): null

2023-10-04 19:20:10 - [TEST_STEP][PASSED] - sub = sub_total.replace(",", "."): null

2023-10-04 19:20:10 - [TEST_STEP][PASSED] - sub_total = Double.parseDouble(sub): null

2023-10-04 19:20:10 - [TEST_STEP][PASSED] - println(sub_total): null

2023-10-04 19:20:10 - [TEST_STEP][PASSED] - Total = getText(findTestObject("verifikasi/Total checkout")): Text of object 'Object Repository/verifikasi/Total checkout' is: 'Rp 7,799'

2023-10-04 19:20:10 - [MESSAGE][PASSED] - Text of object 'Object Repository/verifikasi/Total checkout' is: 'Rp 7,799'

2023-10-04 19:20:10 - [TEST_STEP][PASSED] - totall = Total.substring(3, Total.size()): null

2023-10-04 19:20:10 - [TEST_STEP][PASSED] - total = totall.replace(",", "."): null

2023-10-04 19:20:10 - [TEST_STEP][PASSED] - totall = Double.parseDouble(total): null

2023-10-04 19:20:10 - [TEST_STEP][PASSED] - println(totall): null

2023-10-04 19:20:10 - [TEST_STEP][PASSED] - Total_Harga = Ongkos_kirim + fee_admin + sub_total: null

2023-10-04 19:20:10 - [TEST_STEP][PASSED] - println(Total_Harga): null

2023-10-04 19:20:10 - [TEST_STEP][PASSED] - TotalHarga = Math.round(Total_Harga * 1000) / 1000: null

2023-10-04 19:20:10 - [TEST_STEP][PASSED] - println(TotalHarga): null

2023-10-04 19:20:10 - [TEST_STEP][PASSED] - assert totall == TotalHarga: null

2023-10-04 19:20:10 - [TEST_STEP][PASSED] - click(findTestObject("verifikasi/Metode Transfer")): Object: 'Object Repository/verifikasi/Metode Transfer' is clicked on

2023-10-04 19:20:11 - [MESSAGE][PASSED] - Object: 'Object Repository/verifikasi/Metode Transfer' is clicked on

2023-10-04 19:20:11 - [TEST_STEP][PASSED] - click(findTestObject("checkout/button_Proses Pembayaran")): Object: 'Object Repository/checkout/button_Proses Pembayaran' is clicked on

2023-10-04 19:20:16 - [MESSAGE][PASSED] - Object: 'Object Repository/checkout/button_Proses Pembayaran' is clicked on

2023-10-04 19:20:16 - [TEST_STEP][PASSED] - verifyElementPresent(findTestObject("pembayaran/Tittle nomor invoice"), 0): Object 'Object Repository/pembayaran/Tittle nomor invoice' is present

2023-10-04 19:20:16 - [MESSAGE][WARNING] - Timeout '0' is invalid. Using default page load timeout: '30'

2023-10-04 19:20:22 - [MESSAGE][PASSED] - Object 'Object Repository/pembayaran/Tittle nomor invoice' is present

2023-10-04 19:20:22 - [TEST_STEP][PASSED] - return data: null

2023-10-04 19:20:22 - [MESSAGE][PASSED] - Call Test Case 'Test Cases/T13 Pembelian, Shipment dan Pembayaran/PBL-004' successfully

2023-10-04 19:20:22 - [TEST_STEP][PASSED] - Invoice = getText(findTestObject("pembayaran/nomor invoice")): Text of object 'Object Repository/pembayaran/nomor invoice' is: 'TRX60.20231004192012'

2023-10-04 19:20:22 - [MESSAGE][PASSED] - Text of object 'Object Repository/pembayaran/nomor invoice' is: 'TRX60.20231004192012'

2023-10-04 19:20:22 - [TEST_STEP][PASSED] - data.put("invoice", Invoice): null

2023-10-04 19:20:22 - [TEST_STEP][PASSED] - NamaPemesan = getText(findTestObject("Konfirmasi pesanan shop/Nama pemesan")): Text of object 'Object Repository/Konfirmasi pesanan shop/Nama pemesan' is: 'irfan.afandi'

2023-10-04 19:20:23 - [MESSAGE][PASSED] - Text of object 'Object Repository/Konfirmasi pesanan shop/Nama pemesan' is: 'irfan.afandi'

2023-10-04 19:20:23 - [TEST_STEP][PASSED] - Nama = getText(findTestObject("pembayaran/Nama barang")): Text of object 'Object Repository/pembayaran/Nama barang' is: 'Segitiga Instan Madeira - MDB5.3 Sunset'

2023-10-04 19:20:23 - [MESSAGE][PASSED] - Text of object 'Object Repository/pembayaran/Nama barang' is: 'Segitiga Instan Madeira - MDB5.3 Sunset'

2023-10-04 19:20:23 - [TEST_STEP][PASSED] - Harga = getText(findTestObject("pembayaran/Harga barang")): Text of object 'Object Repository/pembayaran/Harga barang' is: '1,299'

2023-10-04 19:20:24 - [MESSAGE][PASSED] - Text of object 'Object Repository/pembayaran/Harga barang' is: '1,299'

2023-10-04 19:20:24 - [TEST_STEP][PASSED] - name_product = data.get("nama_barang"): null

2023-10-04 19:20:24 - [TEST_STEP][PASSED] - price_product = data.get("price_barang"): null

2023-10-04 19:20:24 - [TEST_STEP][PASSED] - assert name_product.contains(Nama): null

2023-10-04 19:20:24 - [TEST_STEP][PASSED] - assert price_product.contains(Harga): null

2023-10-04 19:20:24 - [TEST_STEP][PASSED] - warnaa = getText(findTestObject("pembayaran/warna")): Text of object 'Object Repository/pembayaran/warna' is: 'Merah'

2023-10-04 19:20:24 - [MESSAGE][PASSED] - Text of object 'Object Repository/pembayaran/warna' is: 'Merah'

2023-10-04 19:20:24 - [TEST_STEP][PASSED] - ukurann = getText(findTestObject("pembayaran/ukuran")): Text of object 'Object Repository/pembayaran/ukuran' is: 'Menengah'

2023-10-04 19:20:25 - [MESSAGE][PASSED] - Text of object 'Object Repository/pembayaran/ukuran' is: 'Menengah'

2023-10-04 19:20:25 - [TEST_STEP][PASSED] - warna1 = data.get("Warna"): null

2023-10-04 19:20:25 - [TEST_STEP][PASSED] - ukuran1 = data.get("Ukuran"): null

2023-10-04 19:20:25 - [TEST_STEP][PASSED] - assert warnaa == warna1: null

2023-10-04 19:20:25 - [TEST_STEP][PASSED] - assert ukurann == ukuran1: null

2023-10-04 19:20:25 - [TEST_STEP][PASSED] - statusPembelian = getText(findTestObject("verifikasi/Status pending di pembelian")): Text of object 'Object Repository/verifikasi/Status pending di pembelian' is: 'Pending'

2023-10-04 19:20:25 - [MESSAGE][PASSED] - Text of object 'Object Repository/verifikasi/Status pending di pembelian' is: 'Pending'

2023-10-04 19:20:25 - [TEST_STEP][PASSED] - data.put("statusPem", statusPembelian): null

2023-10-04 19:20:25 - [TEST_STEP][PASSED] - OngkosKirim = getText(findTestObject("pembayaran/ongkos kirim")): Text of object 'Object Repository/pembayaran/ongkos kirim' is: 'Rp 5,000'

2023-10-04 19:20:26 - [MESSAGE][PASSED] - Text of object 'Object Repository/pembayaran/ongkos kirim' is: 'Rp 5,000'

2023-10-04 19:20:26 - [TEST_STEP][PASSED] - Ongkos = OngkosKirim.substring(3, OngkosKirim.size()): null

2023-10-04 19:20:26 - [TEST_STEP][PASSED] - rep = Ongkos.replace(",", ""): null

2023-10-04 19:20:26 - [TEST_STEP][PASSED] - Ongkos_kirimm = Integer.parseInt(rep): null

2023-10-04 19:20:26 - [TEST_STEP][PASSED] - println(Ongkos_kirimm): null

2023-10-04 19:20:26 - [TEST_STEP][PASSED] - FeeAdmin = getText(findTestObject("pembayaran/fee admin")): Text of object 'Object Repository/pembayaran/fee admin' is: 'Rp 1,500'

2023-10-04 19:20:26 - [MESSAGE][PASSED] - Text of object 'Object Repository/pembayaran/fee admin' is: 'Rp 1,500'

2023-10-04 19:20:26 - [TEST_STEP][PASSED] - Fee_Admin = FeeAdmin.substring(3, FeeAdmin.size()): null

2023-10-04 19:20:26 - [TEST_STEP][PASSED] - fee = Fee_Admin.replace(",", ""): null

2023-10-04 19:20:26 - [TEST_STEP][PASSED] - fee_adminn = Integer.parseInt(fee): null

2023-10-04 19:20:26 - [TEST_STEP][PASSED] - println(fee_adminn): null

2023-10-04 19:20:26 - [TEST_STEP][PASSED] - Subtotal = getText(findTestObject("pembayaran/subtotal")): Text of object 'Object Repository/pembayaran/subtotal' is: 'Rp 1,299'

2023-10-04 19:20:27 - [MESSAGE][PASSED] - Text of object 'Object Repository/pembayaran/subtotal' is: 'Rp 1,299'

2023-10-04 19:20:27 - [TEST_STEP][PASSED] - sub_total = Subtotal.substring(3, Subtotal.size()): null

2023-10-04 19:20:27 - [TEST_STEP][PASSED] - sub = sub_total.replace(",", ""): null

2023-10-04 19:20:27 - [TEST_STEP][PASSED] - sub_totall = Integer.parseInt(sub): null

2023-10-04 19:20:27 - [TEST_STEP][PASSED] - println(sub_totall): null

2023-10-04 19:20:27 - [TEST_STEP][PASSED] - unik = getText(findTestObject("pembayaran/kode unik")): Text of object 'Object Repository/pembayaran/kode unik' is: '+012'

2023-10-04 19:20:27 - [MESSAGE][PASSED] - Text of object 'Object Repository/pembayaran/kode unik' is: '+012'

2023-10-04 19:20:27 - [TEST_STEP][PASSED] - unikk = unik.replace("+", ""): null

2023-10-04 19:20:27 - [TEST_STEP][PASSED] - kode_unik = Integer.parseInt(unikk): null

2023-10-04 19:20:27 - [TEST_STEP][PASSED] - println(kode_unik): null

2023-10-04 19:20:27 - [TEST_STEP][PASSED] - Total = getText(findTestObject("pembayaran/total")): Text of object 'Object Repository/pembayaran/total' is: '7,811'

2023-10-04 19:20:28 - [MESSAGE][PASSED] - Text of object 'Object Repository/pembayaran/total' is: '7,811'

2023-10-04 19:20:28 - [TEST_STEP][PASSED] - total = Total.replace(",", ""): null

2023-10-04 19:20:28 - [TEST_STEP][PASSED] - totalll = Integer.parseInt(total): null

2023-10-04 19:20:28 - [TEST_STEP][PASSED] - println(totalll): null

2023-10-04 19:20:28 - [TEST_STEP][PASSED] - Total_Hargaa = Ongkos_kirimm + fee_adminn + sub_totall + kode_unik: null

2023-10-04 19:20:28 - [TEST_STEP][PASSED] - println(Total_Hargaa): null

2023-10-04 19:20:28 - [TEST_STEP][PASSED] - assert totalll == Total_Hargaa: null

2023-10-04 19:20:28 - [TEST_STEP][PASSED] - data.put("total", Total): null

2023-10-04 19:20:28 - [TEST_STEP][PASSED] - data.put("nama", NamaPemesan): null

2023-10-04 19:20:28 - [TEST_STEP][PASSED] - return data: null

2023-10-04 19:20:28 - [MESSAGE][PASSED] - Call Test Case 'Test Cases/T13 Pembelian, Shipment dan Pembayaran/PBY-001' successfully

2023-10-04 19:20:28 - [TEST_STEP][PASSED] - inv = data.get("invoice"): null

2023-10-04 19:20:28 - [TEST_STEP][PASSED] - Total = data.get("total"): null

2023-10-04 19:20:28 - [TEST_STEP][PASSED] - NamaPemesan = data.get("nama"): null

2023-10-04 19:20:28 - [TEST_STEP][PASSED] - click(findTestObject("Konfirmasi pesanan shop/Menu Shop")): Object: 'Object Repository/Konfirmasi pesanan shop/Menu Shop' is clicked on

2023-10-04 19:20:29 - [MESSAGE][PASSED] - Object: 'Object Repository/Konfirmasi pesanan shop/Menu Shop' is clicked on

2023-10-04 19:20:29 - [TEST_STEP][PASSED] - click(findTestObject("Konfirmasi pesanan shop/Menu Shop")): Object: 'Object Repository/Konfirmasi pesanan shop/Menu Shop' is clicked on

2023-10-04 19:20:30 - [MESSAGE][PASSED] - Object: 'Object Repository/Konfirmasi pesanan shop/Menu Shop' is clicked on

2023-10-04 19:20:30 - [TEST_STEP][PASSED] - click(findTestObject("Konfirmasi pesanan shop/Konfirmasi Orders")): Object: 'Object Repository/Konfirmasi pesanan shop/Konfirmasi Orders' is clicked on

2023-10-04 19:20:31 - [MESSAGE][PASSED] - Object: 'Object Repository/Konfirmasi pesanan shop/Konfirmasi Orders' is clicked on

2023-10-04 19:20:31 - [TEST_STEP][PASSED] - verifyElementPresent(findTestObject("Konfirmasi pesanan shop/Tittle Konfirmasi Pesanan"), 0): Object 'Object Repository/Konfirmasi pesanan shop/Tittle Konfirmasi Pesanan' is present

2023-10-04 19:20:31 - [MESSAGE][WARNING] - Timeout '0' is invalid. Using default page load timeout: '30'

2023-10-04 19:20:32 - [MESSAGE][PASSED] - Object 'Object Repository/Konfirmasi pesanan shop/Tittle Konfirmasi Pesanan' is present

2023-10-04 19:20:32 - [TEST_STEP][PASSED] - setText(findTestObject("Konfirmasi pesanan shop/input_No Pesanan"), inv): Text 'TRX60.20231004192012' is set on object 'Object Repository/Konfirmasi pesanan shop/input_No Pesanan'

2023-10-04 19:20:32 - [MESSAGE][PASSED] - Text 'TRX60.20231004192012' is set on object 'Object Repository/Konfirmasi pesanan shop/input_No Pesanan'

2023-10-04 19:20:32 - [TEST_STEP][PASSED] - setText(findTestObject("Konfirmasi pesanan shop/input_Alamat E-mai"), "irfan@gmail.com"): Text 'irfan@gmail.com' is set on object 'Object Repository/Konfirmasi pesanan shop/input_Alamat E-mai'

2023-10-04 19:20:33 - [MESSAGE][PASSED] - Text 'irfan@gmail.com' is set on object 'Object Repository/Konfirmasi pesanan shop/input_Alamat E-mai'

2023-10-04 19:20:33 - [TEST_STEP][PASSED] - click(findTestObject("Konfirmasi pesanan shop/button_Submit")): Object: 'Object Repository/Konfirmasi pesanan shop/button_Submit' is clicked on

2023-10-04 19:20:34 - [MESSAGE][PASSED] - Object: 'Object Repository/Konfirmasi pesanan shop/button_Submit' is clicked on

2023-10-04 19:20:34 - [TEST_STEP][PASSED] - verifyElementPresent(findTestObject("Konfirmasi pesanan shop/Tittle nomor invoice"), 0): Object 'Object Repository/Konfirmasi pesanan shop/Tittle nomor invoice' is present

2023-10-04 19:20:34 - [MESSAGE][WARNING] - Timeout '0' is invalid. Using default page load timeout: '30'

2023-10-04 19:20:35 - [MESSAGE][PASSED] - Object 'Object Repository/Konfirmasi pesanan shop/Tittle nomor invoice' is present

2023-10-04 19:20:35 - [TEST_STEP][PASSED] - setText(findTestObject("Konfirmasi pesanan shop/input_Total TagihanTransfer_b"), Total): Text '7,811' is set on object 'Object Repository/Konfirmasi pesanan shop/input_Total TagihanTransfer_b'

2023-10-04 19:20:35 - [MESSAGE][PASSED] - Text '7,811' is set on object 'Object Repository/Konfirmasi pesanan shop/input_Total TagihanTransfer_b'

2023-10-04 19:20:35 - [TEST_STEP][PASSED] - selectOptionByValue(findTestObject("Konfirmasi pesanan shop/select_Bank"), "4", false): All options with value '4' are selected in object 'Object Repository/Konfirmasi pesanan shop/select_Bank' 

2023-10-04 19:20:36 - [MESSAGE][PASSED] - All options with value '4' are selected in object 'Object Repository/Konfirmasi pesanan shop/select_Bank' 

2023-10-04 19:20:36 - [TEST_STEP][PASSED] - setText(findTestObject("Konfirmasi pesanan shop/input_Nama Pengirim_d"), NamaPemesan): Text 'irfan.afandi' is set on object 'Object Repository/Konfirmasi pesanan shop/input_Nama Pengirim_d'

2023-10-04 19:20:37 - [MESSAGE][PASSED] - Text 'irfan.afandi' is set on object 'Object Repository/Konfirmasi pesanan shop/input_Nama Pengirim_d'

2023-10-04 19:20:37 - [TEST_STEP][PASSED] - uploadFile(findTestObject("keranjang/konfirmasi/input_Upload Bukti Transfer_f"), "C:\Users\IRFAN\Downloads\Berkas2.pdf"): File 'C:\Users\IRFAN\Downloads\Berkas2.pdf' sent to object: 'Object Repository/keranjang/konfirmasi/input_Upload Bukti Transfer_f'

2023-10-04 19:20:37 - [MESSAGE][PASSED] - File 'C:\Users\IRFAN\Downloads\Berkas2.pdf' sent to object: 'Object Repository/keranjang/konfirmasi/input_Upload Bukti Transfer_f'

2023-10-04 19:20:37 - [TEST_STEP][PASSED] - click(findTestObject("Konfirmasi pesanan shop/button_Konfirmasi Pembayaran")): Object: 'Object Repository/Konfirmasi pesanan shop/button_Konfirmasi Pembayaran' is clicked on

2023-10-04 19:20:38 - [MESSAGE][PASSED] - Object: 'Object Repository/Konfirmasi pesanan shop/button_Konfirmasi Pembayaran' is clicked on

2023-10-04 19:20:38 - [TEST_STEP][PASSED] - verifyElementPresent(findTestObject("Konfirmasi pesanan shop/Tittle Konfirmasi Pesanan"), 0): Object 'Object Repository/Konfirmasi pesanan shop/Tittle Konfirmasi Pesanan' is present

2023-10-04 19:20:38 - [MESSAGE][WARNING] - Timeout '0' is invalid. Using default page load timeout: '30'

2023-10-04 19:20:39 - [MESSAGE][PASSED] - Object 'Object Repository/Konfirmasi pesanan shop/Tittle Konfirmasi Pesanan' is present

2023-10-04 19:20:39 - [TEST_STEP][PASSED] - verifyElementPresent(findTestObject("Konfirmasi pesanan shop/Tittle massage succes Konfirmasi Pembayaran Pesanan"), 0): Object 'Object Repository/Konfirmasi pesanan shop/Tittle massage succes Konfirmasi Pembayaran Pesanan' is present

2023-10-04 19:20:39 - [MESSAGE][WARNING] - Timeout '0' is invalid. Using default page load timeout: '30'

2023-10-04 19:20:39 - [MESSAGE][PASSED] - Object 'Object Repository/Konfirmasi pesanan shop/Tittle massage succes Konfirmasi Pembayaran Pesanan' is present

2023-10-04 19:20:39 - [TEST_STEP][PASSED] - return data: null

2023-10-04 19:20:39 - [MESSAGE][PASSED] - Call Test Case 'Test Cases/T13 Pembelian, Shipment dan Pembayaran/PBY-004' successfully

2023-10-04 19:20:39 - [TEST_STEP][PASSED] - navigateToUrl("https://10.9.2.63/ecommerce/administrator/"): Navigate to 'https://10.9.2.63/ecommerce/administrator/' successfully

2023-10-04 19:20:40 - [MESSAGE][PASSED] - Navigate to 'https://10.9.2.63/ecommerce/administrator/' successfully

2023-10-04 19:20:40 - [TEST_STEP][PASSED] - verifyElementPresent(findTestObject("admin/Tittle ADMIN Login"), 0): Object 'Object Repository/admin/Tittle ADMIN Login' is present

2023-10-04 19:20:40 - [MESSAGE][WARNING] - Timeout '0' is invalid. Using default page load timeout: '30'

2023-10-04 19:20:41 - [MESSAGE][PASSED] - Object 'Object Repository/admin/Tittle ADMIN Login' is present

2023-10-04 19:20:41 - [TEST_STEP][PASSED] - setText(findTestObject("admin/Username"), "admin"): Text 'admin' is set on object 'Object Repository/admin/Username'

2023-10-04 19:20:41 - [MESSAGE][PASSED] - Text 'admin' is set on object 'Object Repository/admin/Username'

2023-10-04 19:20:41 - [TEST_STEP][PASSED] - setText(findTestObject("admin/Password"), "123admin123"): Text '123admin123' is set on object 'Object Repository/admin/Password'

2023-10-04 19:20:42 - [MESSAGE][PASSED] - Text '123admin123' is set on object 'Object Repository/admin/Password'

2023-10-04 19:20:42 - [TEST_STEP][PASSED] - click(findTestObject("admin/Remember Me")): Object: 'Object Repository/admin/Remember Me' is clicked on

2023-10-04 19:20:42 - [MESSAGE][PASSED] - Object: 'Object Repository/admin/Remember Me' is clicked on

2023-10-04 19:20:42 - [TEST_STEP][PASSED] - delay(10): Delayed 10 second(s)

2023-10-04 19:20:52 - [MESSAGE][PASSED] - Delayed 10 second(s)

2023-10-04 19:20:52 - [TEST_STEP][PASSED] - click(findTestObject("admin/buttom submit")): Object: 'Object Repository/admin/buttom submit' is clicked on

2023-10-04 19:20:54 - [MESSAGE][PASSED] - Object: 'Object Repository/admin/buttom submit' is clicked on

2023-10-04 19:20:54 - [TEST_STEP][PASSED] - verifyElementPresent(findTestObject("admin/Konf order konsumen/Tittle Dashboard"), 0): Object 'Object Repository/admin/Konf order konsumen/Tittle Dashboard' is present

2023-10-04 19:20:54 - [MESSAGE][WARNING] - Timeout '0' is invalid. Using default page load timeout: '30'

2023-10-04 19:20:59 - [MESSAGE][PASSED] - Object 'Object Repository/admin/Konf order konsumen/Tittle Dashboard' is present

2023-10-04 19:20:59 - [TEST_STEP][PASSED] - click(findTestObject("admin/Konf order konsumen/Menu Transaksi Market")): Object: 'Object Repository/admin/Konf order konsumen/Menu Transaksi Market' is clicked on

2023-10-04 19:21:01 - [MESSAGE][PASSED] - Object: 'Object Repository/admin/Konf order konsumen/Menu Transaksi Market' is clicked on

2023-10-04 19:21:01 - [TEST_STEP][PASSED] - click(findTestObject("admin/Konf order konsumen/Menu Konf. Order Konsumen")): Object: 'Object Repository/admin/Konf order konsumen/Menu Konf. Order Konsumen' is clicked on

2023-10-04 19:21:02 - [MESSAGE][PASSED] - Object: 'Object Repository/admin/Konf order konsumen/Menu Konf. Order Konsumen' is clicked on

2023-10-04 19:21:02 - [TEST_STEP][PASSED] - verifyElementPresent(findTestObject("admin/Konf order konsumen/Tittle Data Konfirmasi Pembayaran Konsumen"), 0): Object 'Object Repository/admin/Konf order konsumen/Tittle Data Konfirmasi Pembayaran Konsumen' is present

2023-10-04 19:21:02 - [MESSAGE][WARNING] - Timeout '0' is invalid. Using default page load timeout: '30'

2023-10-04 19:21:05 - [MESSAGE][PASSED] - Object 'Object Repository/admin/Konf order konsumen/Tittle Data Konfirmasi Pembayaran Konsumen' is present

2023-10-04 19:21:05 - [TEST_STEP][PASSED] - inv = data.get("invoice"): null

2023-10-04 19:21:05 - [TEST_STEP][PASSED] - setText(findTestObject("admin/Konf order konsumen/Search"), inv): Text 'TRX60.20231004192012' is set on object 'Object Repository/admin/Konf order konsumen/Search'

2023-10-04 19:21:07 - [MESSAGE][PASSED] - Text 'TRX60.20231004192012' is set on object 'Object Repository/admin/Konf order konsumen/Search'

2023-10-04 19:21:07 - [TEST_STEP][PASSED] - verifyElementText(findTestObject("admin/Konf order konsumen/Keterangan Lunas"), "Lunas"): Actual text and expected text of test object 'Object Repository/admin/Konf order konsumen/Keterangan Lunas' are matched.

2023-10-04 19:21:07 - [MESSAGE][PASSED] - Actual text and expected text of test object 'Object Repository/admin/Konf order konsumen/Keterangan Lunas' are matched.

2023-10-04 19:21:07 - [TEST_STEP][PASSED] - return data: null]]></system-out>
         <system-err><![CDATA[]]></system-err>
      </testcase>
      <testcase name="Test Cases/T13 Pembelian, Shipment dan Pembayaran/SA-001" time="106.205" classname="Test Cases/T13 Pembelian, Shipment dan Pembayaran/SA-001" status="PASSED">
         <system-out><![CDATA[2023-10-04 19:21:07 - [TEST_CASE][PASSED] - Test Cases/T13 Pembelian, Shipment dan Pembayaran/SA-001: Test Cases/T13 Pembelian, Shipment dan Pembayaran/SA-001

2023-10-04 19:21:08 - [TEST_STEP][PASSED] - data = callTestCase(findTestCase("T13 Pembelian, Shipment dan Pembayaran/PBYA-001"), [:], STOP_ON_FAILURE): Call Test Case 'Test Cases/T13 Pembelian, Shipment dan Pembayaran/PBYA-001' successfully

2023-10-04 19:21:08 - [TEST_CASE][PASSED] - Test Cases/T13 Pembelian, Shipment dan Pembayaran/PBYA-001: Test Cases/T13 Pembelian, Shipment dan Pembayaran/PBYA-001

2023-10-04 19:21:08 - [TEST_STEP][PASSED] - data = callTestCase(findTestCase("T13 Pembelian, Shipment dan Pembayaran/PBY-004"), [:], STOP_ON_FAILURE): Call Test Case 'Test Cases/T13 Pembelian, Shipment dan Pembayaran/PBY-004' successfully

2023-10-04 19:21:08 - [TEST_CASE][PASSED] - Test Cases/T13 Pembelian, Shipment dan Pembayaran/PBY-004: Test Cases/T13 Pembelian, Shipment dan Pembayaran/PBY-004

2023-10-04 19:21:08 - [TEST_STEP][PASSED] - data = callTestCase(findTestCase("T13 Pembelian, Shipment dan Pembayaran/PBY-001"), [:], STOP_ON_FAILURE): Call Test Case 'Test Cases/T13 Pembelian, Shipment dan Pembayaran/PBY-001' successfully

2023-10-04 19:21:08 - [TEST_CASE][PASSED] - Test Cases/T13 Pembelian, Shipment dan Pembayaran/PBY-001: Test Cases/T13 Pembelian, Shipment dan Pembayaran/PBY-001

2023-10-04 19:21:08 - [TEST_STEP][PASSED] - data = callTestCase(findTestCase("T13 Pembelian, Shipment dan Pembayaran/PBL-004"), ["Kurir":"Roda 2"], STOP_ON_FAILURE): Call Test Case 'Test Cases/T13 Pembelian, Shipment dan Pembayaran/PBL-004' successfully

2023-10-04 19:21:08 - [TEST_CASE][PASSED] - Test Cases/T13 Pembelian, Shipment dan Pembayaran/PBL-004: Test Cases/T13 Pembelian, Shipment dan Pembayaran/PBL-004

2023-10-04 19:21:08 - [TEST_STEP][PASSED] - data = callTestCase(findTestCase("T13 Pembelian, Shipment dan Pembayaran/PBL-002"), [:], STOP_ON_FAILURE): Call Test Case 'Test Cases/T13 Pembelian, Shipment dan Pembayaran/PBL-002' successfully

2023-10-04 19:21:08 - [TEST_CASE][PASSED] - Test Cases/T13 Pembelian, Shipment dan Pembayaran/PBL-002: Test Cases/T13 Pembelian, Shipment dan Pembayaran/PBL-002

2023-10-04 19:21:08 - [TEST_STEP][PASSED] - data = callTestCase(findTestCase("T13 Pembelian, Shipment dan Pembayaran/PBL-001"), [:], STOP_ON_FAILURE): Call Test Case 'Test Cases/T13 Pembelian, Shipment dan Pembayaran/PBL-001' successfully

2023-10-04 19:21:08 - [TEST_CASE][PASSED] - Test Cases/T13 Pembelian, Shipment dan Pembayaran/PBL-001: Test Cases/T13 Pembelian, Shipment dan Pembayaran/PBL-001

2023-10-04 19:21:08 - [TEST_STEP][PASSED] - callTestCase(findTestCase("T13 Pembelian, Shipment dan Pembayaran/LU-001"), ["username":"irfanafandi", "password":"12345irfan"], STOP_ON_FAILURE): Call Test Case 'Test Cases/T13 Pembelian, Shipment dan Pembayaran/LU-001' successfully

2023-10-04 19:21:08 - [TEST_CASE][PASSED] - Test Cases/T13 Pembelian, Shipment dan Pembayaran/LU-001: Test Cases/T13 Pembelian, Shipment dan Pembayaran/LU-001

2023-10-04 19:21:08 - [TEST_STEP][PASSED] - openBrowser("https://10.9.2.63/ecommerce/"): Browser is opened with url: 'https://10.9.2.63/ecommerce/'

2023-10-04 19:21:08 - [MESSAGE][WARNING] - A browser is already opened. Closing browser and opening a new one

2023-10-04 19:21:10 - [MESSAGE][INFO] - Starting 'Firefox' driver

2023-10-04 19:21:10 - [MESSAGE][INFO] - User set preference: ['args', '[--disable-notifications]']

2023-10-04 19:21:10 - [MESSAGE][INFO] - Action delay is set to 0 milliseconds

2023-10-04 19:21:17 - [MESSAGE][PASSED] - Browser is opened with url: 'https://10.9.2.63/ecommerce/'

2023-10-04 19:21:17 - [TEST_STEP][PASSED] - maximizeWindow(): Current window maximized

2023-10-04 19:21:17 - [MESSAGE][PASSED] - Current window maximized

2023-10-04 19:21:17 - [TEST_STEP][PASSED] - verifyElementPresent(findTestObject("Login/Home"), 0): Object 'Object Repository/Login/Home' is present

2023-10-04 19:21:17 - [MESSAGE][WARNING] - Timeout '0' is invalid. Using default page load timeout: '30'

2023-10-04 19:21:18 - [MESSAGE][PASSED] - Object 'Object Repository/Login/Home' is present

2023-10-04 19:21:18 - [TEST_STEP][PASSED] - click(findTestObject("Login/a_Login")): Object: 'Object Repository/Login/a_Login' is clicked on

2023-10-04 19:21:18 - [MESSAGE][PASSED] - Object: 'Object Repository/Login/a_Login' is clicked on

2023-10-04 19:21:18 - [TEST_STEP][PASSED] - verifyElementPresent(findTestObject("Login/Tittle Login"), 0): Object 'Object Repository/Login/Tittle Login' is present

2023-10-04 19:21:18 - [MESSAGE][WARNING] - Timeout '0' is invalid. Using default page load timeout: '30'

2023-10-04 19:21:19 - [MESSAGE][PASSED] - Object 'Object Repository/Login/Tittle Login' is present

2023-10-04 19:21:19 - [TEST_STEP][PASSED] - setText(findTestObject("Login/input_Username, Email atau No. Handphone_a"), username): Text 'irfanafandi' is set on object 'Object Repository/Login/input_Username, Email atau No. Handphone_a'

2023-10-04 19:21:19 - [MESSAGE][PASSED] - Text 'irfanafandi' is set on object 'Object Repository/Login/input_Username, Email atau No. Handphone_a'

2023-10-04 19:21:19 - [TEST_STEP][PASSED] - setText(findTestObject("Login/input_Password_b"), password): Text '12345irfan' is set on object 'Object Repository/Login/input_Password_b'

2023-10-04 19:21:20 - [MESSAGE][PASSED] - Text '12345irfan' is set on object 'Object Repository/Login/input_Password_b'

2023-10-04 19:21:20 - [TEST_STEP][PASSED] - click(findTestObject("Login/label_Ingat saya")): Object: 'Object Repository/Login/label_Ingat saya' is clicked on

2023-10-04 19:21:21 - [MESSAGE][PASSED] - Object: 'Object Repository/Login/label_Ingat saya' is clicked on

2023-10-04 19:21:21 - [TEST_STEP][PASSED] - click(findTestObject("Login/button_Masuk")): Object: 'Object Repository/Login/button_Masuk' is clicked on

2023-10-04 19:21:22 - [MESSAGE][PASSED] - Object: 'Object Repository/Login/button_Masuk' is clicked on

2023-10-04 19:21:22 - [TEST_STEP][PASSED] - verifyElementPresent(findTestObject("Login/li_Profile"), 0): Object 'Object Repository/Login/li_Profile' is present

2023-10-04 19:21:22 - [MESSAGE][WARNING] - Timeout '0' is invalid. Using default page load timeout: '30'

2023-10-04 19:21:22 - [MESSAGE][PASSED] - Object 'Object Repository/Login/li_Profile' is present

2023-10-04 19:21:22 - [MESSAGE][PASSED] - Call Test Case 'Test Cases/T13 Pembelian, Shipment dan Pembayaran/LU-001' successfully

2023-10-04 19:21:22 - [TEST_STEP][PASSED] - mouseOver(findTestObject("beli barang/i_Mulai Belanja_icon-menu")): Object: 'Object Repository/beli barang/i_Mulai Belanja_icon-menu' is hovered

2023-10-04 19:21:23 - [MESSAGE][PASSED] - Object: 'Object Repository/beli barang/i_Mulai Belanja_icon-menu' is hovered

2023-10-04 19:21:23 - [TEST_STEP][PASSED] - click(findTestObject("beli barang/a_Fashion  Busana Wanita")): Object: 'Object Repository/beli barang/a_Fashion  Busana Wanita' is clicked on

2023-10-04 19:21:24 - [MESSAGE][PASSED] - Object: 'Object Repository/beli barang/a_Fashion  Busana Wanita' is clicked on

2023-10-04 19:21:24 - [TEST_STEP][PASSED] - NamaSebelum = getText(findTestObject("verifikasi/Nama sebelum")): Text of object 'Object Repository/verifikasi/Nama sebelum' is: ''

2023-10-04 19:21:25 - [MESSAGE][PASSED] - Text of object 'Object Repository/verifikasi/Nama sebelum' is: ''

2023-10-04 19:21:25 - [TEST_STEP][PASSED] - HargaSebelum = getText(findTestObject("verifikasi/Harga sebelum")): Text of object 'Object Repository/verifikasi/Harga sebelum' is: 'Rp 1,299'

2023-10-04 19:21:25 - [MESSAGE][PASSED] - Text of object 'Object Repository/verifikasi/Harga sebelum' is: 'Rp 1,299'

2023-10-04 19:21:25 - [TEST_STEP][PASSED] - mouseOver(findTestObject("beli barang/barang mouse over")): Object: 'Object Repository/beli barang/barang mouse over' is hovered

2023-10-04 19:21:26 - [MESSAGE][PASSED] - Object: 'Object Repository/beli barang/barang mouse over' is hovered

2023-10-04 19:21:26 - [TEST_STEP][PASSED] - click(findTestObject("beli barang/buttom add to cart")): Object: 'Object Repository/beli barang/buttom add to cart' is clicked on

2023-10-04 19:21:27 - [MESSAGE][PASSED] - Object: 'Object Repository/beli barang/buttom add to cart' is clicked on

2023-10-04 19:21:27 - [TEST_STEP][PASSED] - NamaSesudah = getText(findTestObject("verifikasi/Nama sesudah")): Text of object 'Object Repository/verifikasi/Nama sesudah' is: 'Segitiga Instan Madeira - MDB5.3 Sunset'

2023-10-04 19:21:27 - [MESSAGE][PASSED] - Text of object 'Object Repository/verifikasi/Nama sesudah' is: 'Segitiga Instan Madeira - MDB5.3 Sunset'

2023-10-04 19:21:27 - [TEST_STEP][PASSED] - HargaSesudah = getText(findTestObject("verifikasi/Harga sesudah")): Text of object 'Object Repository/verifikasi/Harga sesudah' is: 'Rp 1,299'

2023-10-04 19:21:28 - [MESSAGE][PASSED] - Text of object 'Object Repository/verifikasi/Harga sesudah' is: 'Rp 1,299'

2023-10-04 19:21:28 - [TEST_STEP][PASSED] - assert NamaSesudah.contains(NamaSebelum): null

2023-10-04 19:21:28 - [TEST_STEP][PASSED] - assert HargaSesudah.contains(HargaSebelum): null

2023-10-04 19:21:28 - [TEST_STEP][PASSED] - click(findTestObject("beli barang/Tambah Keranjang busana wanita")): Object: 'Object Repository/beli barang/Tambah Keranjang busana wanita' is clicked on

2023-10-04 19:21:28 - [MESSAGE][PASSED] - Object: 'Object Repository/beli barang/Tambah Keranjang busana wanita' is clicked on

2023-10-04 19:21:28 - [TEST_STEP][PASSED] - verifyElementPresent(findTestObject("checkout/Notifikasi keranjang"), 1): Object 'Object Repository/checkout/Notifikasi keranjang' is present

2023-10-04 19:21:29 - [MESSAGE][PASSED] - Object 'Object Repository/checkout/Notifikasi keranjang' is present

2023-10-04 19:21:29 - [TEST_STEP][PASSED] - data = new java.util.HashMap(): null

2023-10-04 19:21:29 - [TEST_STEP][PASSED] - data.put("nama_barang", NamaSesudah): null

2023-10-04 19:21:29 - [TEST_STEP][PASSED] - data.put("price_barang", HargaSesudah): null

2023-10-04 19:21:29 - [TEST_STEP][PASSED] - return data: null

2023-10-04 19:21:29 - [MESSAGE][PASSED] - Call Test Case 'Test Cases/T13 Pembelian, Shipment dan Pembayaran/PBL-001' successfully

2023-10-04 19:21:29 - [TEST_STEP][PASSED] - mouseOver(findTestObject("beli barang/keranjang")): Object: 'Object Repository/beli barang/keranjang' is hovered

2023-10-04 19:21:30 - [MESSAGE][PASSED] - Object: 'Object Repository/beli barang/keranjang' is hovered

2023-10-04 19:21:30 - [TEST_STEP][PASSED] - click(findTestObject("beli barang/Lihat Sekarang")): Object: 'Object Repository/beli barang/Lihat Sekarang' is clicked on

2023-10-04 19:21:30 - [MESSAGE][PASSED] - Object: 'Object Repository/beli barang/Lihat Sekarang' is clicked on

2023-10-04 19:21:30 - [TEST_STEP][PASSED] - verifyElementPresent(findTestObject("keranjang/li_Keranjang Belanja"), 0): Object 'Object Repository/keranjang/li_Keranjang Belanja' is present

2023-10-04 19:21:30 - [MESSAGE][WARNING] - Timeout '0' is invalid. Using default page load timeout: '30'

2023-10-04 19:21:31 - [MESSAGE][PASSED] - Object 'Object Repository/keranjang/li_Keranjang Belanja' is present

2023-10-04 19:21:31 - [TEST_STEP][PASSED] - NamaKeranjang = getText(findTestObject("verifikasi/Nama keranjang")): Text of object 'Object Repository/verifikasi/Nama keranjang' is: 'Segitiga Instan Madeira - MDB5.3 Sunset'

2023-10-04 19:21:32 - [MESSAGE][PASSED] - Text of object 'Object Repository/verifikasi/Nama keranjang' is: 'Segitiga Instan Madeira - MDB5.3 Sunset'

2023-10-04 19:21:32 - [TEST_STEP][PASSED] - HargaKeranjang = getText(findTestObject("verifikasi/Harga Keranjang")): Text of object 'Object Repository/verifikasi/Harga Keranjang' is: 'Rp 1,299'

2023-10-04 19:21:32 - [MESSAGE][PASSED] - Text of object 'Object Repository/verifikasi/Harga Keranjang' is: 'Rp 1,299'

2023-10-04 19:21:32 - [TEST_STEP][PASSED] - if (toString().equalsIgnoreCase("Merah")): Object 'Object Repository/keranjang/input_Warna_variasi101' is checked

2023-10-04 19:21:32 - [TEST_STEP][PASSED] - check(findTestObject("Object Repository/keranjang/input_Warna_variasi101")): Object 'Object Repository/keranjang/input_Warna_variasi101' is checked

2023-10-04 19:21:33 - [MESSAGE][PASSED] - Object 'Object Repository/keranjang/input_Warna_variasi101' is checked

2023-10-04 19:21:33 - [TEST_STEP][PASSED] - if (toString().equalsIgnoreCase("Menengah")): Object 'Object Repository/keranjang/input_Ukuran_variasi201' is checked

2023-10-04 19:21:33 - [TEST_STEP][PASSED] - check(findTestObject("Object Repository/keranjang/input_Ukuran_variasi201")): Object 'Object Repository/keranjang/input_Ukuran_variasi201' is checked

2023-10-04 19:21:33 - [MESSAGE][PASSED] - Object 'Object Repository/keranjang/input_Ukuran_variasi201' is checked

2023-10-04 19:21:33 - [TEST_STEP][PASSED] - data.put("Warna", warna): null

2023-10-04 19:21:33 - [TEST_STEP][PASSED] - data.put("Ukuran", ukuran): null

2023-10-04 19:21:33 - [TEST_STEP][PASSED] - click(findTestObject("keranjang/button_Lanjut ke Pembayaran")): Object: 'Object Repository/keranjang/button_Lanjut ke Pembayaran' is clicked on

2023-10-04 19:21:35 - [MESSAGE][PASSED] - Object: 'Object Repository/keranjang/button_Lanjut ke Pembayaran' is clicked on

2023-10-04 19:21:35 - [TEST_STEP][PASSED] - verifyElementPresent(findTestObject("checkout/Tittle Checkout Order"), 0): Object 'Object Repository/checkout/Tittle Checkout Order' is present

2023-10-04 19:21:35 - [MESSAGE][WARNING] - Timeout '0' is invalid. Using default page load timeout: '30'

2023-10-04 19:21:36 - [MESSAGE][PASSED] - Object 'Object Repository/checkout/Tittle Checkout Order' is present

2023-10-04 19:21:36 - [TEST_STEP][PASSED] - name_product = data.get("nama_barang"): null

2023-10-04 19:21:36 - [TEST_STEP][PASSED] - price_product = data.get("price_barang"): null

2023-10-04 19:21:36 - [TEST_STEP][PASSED] - assert name_product == NamaKeranjang: null

2023-10-04 19:21:36 - [TEST_STEP][PASSED] - assert price_product == HargaKeranjang: null

2023-10-04 19:21:36 - [TEST_STEP][PASSED] - return data: null

2023-10-04 19:21:36 - [MESSAGE][PASSED] - Call Test Case 'Test Cases/T13 Pembelian, Shipment dan Pembayaran/PBL-002' successfully

2023-10-04 19:21:36 - [TEST_STEP][PASSED] - warnaa = getText(findTestObject("verifikasi/warna Merah")): Text of object 'Object Repository/verifikasi/warna Merah' is: 'Merah'

2023-10-04 19:21:36 - [MESSAGE][PASSED] - Text of object 'Object Repository/verifikasi/warna Merah' is: 'Merah'

2023-10-04 19:21:36 - [TEST_STEP][PASSED] - ukurann = getText(findTestObject("verifikasi/Ukuran Menengah")): Text of object 'Object Repository/verifikasi/Ukuran Menengah' is: 'Menengah'

2023-10-04 19:21:36 - [MESSAGE][PASSED] - Text of object 'Object Repository/verifikasi/Ukuran Menengah' is: 'Menengah'

2023-10-04 19:21:36 - [TEST_STEP][PASSED] - warna1 = data.get("Warna"): null

2023-10-04 19:21:36 - [TEST_STEP][PASSED] - ukuran1 = data.get("Ukuran"): null

2023-10-04 19:21:36 - [TEST_STEP][PASSED] - assert warnaa == warna1: null

2023-10-04 19:21:36 - [TEST_STEP][PASSED] - assert ukurann == ukuran1: null

2023-10-04 19:21:36 - [TEST_STEP][PASSED] - NamaCheckout = getText(findTestObject("verifikasi/NamaCheckout")): Text of object 'Object Repository/verifikasi/NamaCheckout' is: ''

2023-10-04 19:21:36 - [MESSAGE][PASSED] - Text of object 'Object Repository/verifikasi/NamaCheckout' is: ''

2023-10-04 19:21:36 - [TEST_STEP][PASSED] - HargaCheckout = getText(findTestObject("verifikasi/HargaCheckout")): Text of object 'Object Repository/verifikasi/HargaCheckout' is: '1,299'

2023-10-04 19:21:37 - [MESSAGE][PASSED] - Text of object 'Object Repository/verifikasi/HargaCheckout' is: '1,299'

2023-10-04 19:21:37 - [TEST_STEP][PASSED] - name_product = data.get("nama_barang"): null

2023-10-04 19:21:37 - [TEST_STEP][PASSED] - price_product = data.get("price_barang"): null

2023-10-04 19:21:37 - [TEST_STEP][PASSED] - assert name_product.contains(NamaCheckout): null

2023-10-04 19:21:37 - [TEST_STEP][PASSED] - assert price_product.contains(HargaCheckout): null

2023-10-04 19:21:37 - [TEST_STEP][PASSED] - selectOptionByLabel(findTestObject("checkout/select - Kirim via Kurir Lokal"), Kurir, false): All options with label 'Roda 2' are selected in object 'Object Repository/checkout/select - Kirim via Kurir Lokal' 

2023-10-04 19:21:38 - [MESSAGE][PASSED] - All options with label 'Roda 2' are selected in object 'Object Repository/checkout/select - Kirim via Kurir Lokal' 

2023-10-04 19:21:38 - [TEST_STEP][PASSED] - click(findTestObject("checkout/Kendaraan Kurir")): Object: 'Object Repository/checkout/Kendaraan Kurir' is clicked on

2023-10-04 19:21:38 - [MESSAGE][PASSED] - Object: 'Object Repository/checkout/Kendaraan Kurir' is clicked on

2023-10-04 19:21:38 - [TEST_STEP][PASSED] - OngkosKirim = getText(findTestObject("Object Repository/verifikasi/Ongkos Kirim checkout")): Text of object 'Object Repository/verifikasi/Ongkos Kirim checkout' is: 'Rp. 5,000'

2023-10-04 19:21:39 - [MESSAGE][PASSED] - Text of object 'Object Repository/verifikasi/Ongkos Kirim checkout' is: 'Rp. 5,000'

2023-10-04 19:21:39 - [TEST_STEP][PASSED] - Ongkos = OngkosKirim.substring(3, OngkosKirim.size()): null

2023-10-04 19:21:39 - [TEST_STEP][PASSED] - rep = Ongkos.replace(",", "."): null

2023-10-04 19:21:39 - [TEST_STEP][PASSED] - Ongkos_kirim = Double.parseDouble(rep): null

2023-10-04 19:21:39 - [TEST_STEP][PASSED] - println(Ongkos_kirim): null

2023-10-04 19:21:39 - [TEST_STEP][PASSED] - FeeAdmin = getText(findTestObject("verifikasi/Fee Admin checkout")): Text of object 'Object Repository/verifikasi/Fee Admin checkout' is: 'Fee Admin
Rp 1,500'

2023-10-04 19:21:39 - [MESSAGE][PASSED] - Text of object 'Object Repository/verifikasi/Fee Admin checkout' is: 'Fee Admin
Rp 1,500'

2023-10-04 19:21:39 - [TEST_STEP][PASSED] - Fee_Admin = FeeAdmin.substring(12, FeeAdmin.size()): null

2023-10-04 19:21:39 - [TEST_STEP][PASSED] - fee = Fee_Admin.replace(",", "."): null

2023-10-04 19:21:39 - [TEST_STEP][PASSED] - fee_admin = Double.parseDouble(fee): null

2023-10-04 19:21:39 - [TEST_STEP][PASSED] - println(fee_admin): null

2023-10-04 19:21:39 - [TEST_STEP][PASSED] - Subtotal = getText(findTestObject("verifikasi/subtotal checkout")): Text of object 'Object Repository/verifikasi/subtotal checkout' is: 'Subtotal
Rp 1,299'

2023-10-04 19:21:39 - [MESSAGE][PASSED] - Text of object 'Object Repository/verifikasi/subtotal checkout' is: 'Subtotal
Rp 1,299'

2023-10-04 19:21:39 - [TEST_STEP][PASSED] - sub_total = Subtotal.substring(12, Subtotal.size()): null

2023-10-04 19:21:39 - [TEST_STEP][PASSED] - sub = sub_total.replace(",", "."): null

2023-10-04 19:21:39 - [TEST_STEP][PASSED] - sub_total = Double.parseDouble(sub): null

2023-10-04 19:21:39 - [TEST_STEP][PASSED] - println(sub_total): null

2023-10-04 19:21:39 - [TEST_STEP][PASSED] - Total = getText(findTestObject("verifikasi/Total checkout")): Text of object 'Object Repository/verifikasi/Total checkout' is: 'Rp 7,799'

2023-10-04 19:21:40 - [MESSAGE][PASSED] - Text of object 'Object Repository/verifikasi/Total checkout' is: 'Rp 7,799'

2023-10-04 19:21:40 - [TEST_STEP][PASSED] - totall = Total.substring(3, Total.size()): null

2023-10-04 19:21:40 - [TEST_STEP][PASSED] - total = totall.replace(",", "."): null

2023-10-04 19:21:40 - [TEST_STEP][PASSED] - totall = Double.parseDouble(total): null

2023-10-04 19:21:40 - [TEST_STEP][PASSED] - println(totall): null

2023-10-04 19:21:40 - [TEST_STEP][PASSED] - Total_Harga = Ongkos_kirim + fee_admin + sub_total: null

2023-10-04 19:21:40 - [TEST_STEP][PASSED] - println(Total_Harga): null

2023-10-04 19:21:40 - [TEST_STEP][PASSED] - TotalHarga = Math.round(Total_Harga * 1000) / 1000: null

2023-10-04 19:21:40 - [TEST_STEP][PASSED] - println(TotalHarga): null

2023-10-04 19:21:40 - [TEST_STEP][PASSED] - assert totall == TotalHarga: null

2023-10-04 19:21:40 - [TEST_STEP][PASSED] - click(findTestObject("verifikasi/Metode Transfer")): Object: 'Object Repository/verifikasi/Metode Transfer' is clicked on

2023-10-04 19:21:41 - [MESSAGE][PASSED] - Object: 'Object Repository/verifikasi/Metode Transfer' is clicked on

2023-10-04 19:21:41 - [TEST_STEP][PASSED] - click(findTestObject("checkout/button_Proses Pembayaran")): Object: 'Object Repository/checkout/button_Proses Pembayaran' is clicked on

2023-10-04 19:21:46 - [MESSAGE][PASSED] - Object: 'Object Repository/checkout/button_Proses Pembayaran' is clicked on

2023-10-04 19:21:46 - [TEST_STEP][PASSED] - verifyElementPresent(findTestObject("pembayaran/Tittle nomor invoice"), 0): Object 'Object Repository/pembayaran/Tittle nomor invoice' is present

2023-10-04 19:21:46 - [MESSAGE][WARNING] - Timeout '0' is invalid. Using default page load timeout: '30'

2023-10-04 19:21:50 - [MESSAGE][PASSED] - Object 'Object Repository/pembayaran/Tittle nomor invoice' is present

2023-10-04 19:21:50 - [TEST_STEP][PASSED] - return data: null

2023-10-04 19:21:50 - [MESSAGE][PASSED] - Call Test Case 'Test Cases/T13 Pembelian, Shipment dan Pembayaran/PBL-004' successfully

2023-10-04 19:21:50 - [TEST_STEP][PASSED] - Invoice = getText(findTestObject("pembayaran/nomor invoice")): Text of object 'Object Repository/pembayaran/nomor invoice' is: 'TRX60.20231004192142'

2023-10-04 19:21:51 - [MESSAGE][PASSED] - Text of object 'Object Repository/pembayaran/nomor invoice' is: 'TRX60.20231004192142'

2023-10-04 19:21:51 - [TEST_STEP][PASSED] - data.put("invoice", Invoice): null

2023-10-04 19:21:51 - [TEST_STEP][PASSED] - NamaPemesan = getText(findTestObject("Konfirmasi pesanan shop/Nama pemesan")): Text of object 'Object Repository/Konfirmasi pesanan shop/Nama pemesan' is: 'irfan.afandi'

2023-10-04 19:21:51 - [MESSAGE][PASSED] - Text of object 'Object Repository/Konfirmasi pesanan shop/Nama pemesan' is: 'irfan.afandi'

2023-10-04 19:21:51 - [TEST_STEP][PASSED] - Nama = getText(findTestObject("pembayaran/Nama barang")): Text of object 'Object Repository/pembayaran/Nama barang' is: 'Segitiga Instan Madeira - MDB5.3 Sunset'

2023-10-04 19:21:52 - [MESSAGE][PASSED] - Text of object 'Object Repository/pembayaran/Nama barang' is: 'Segitiga Instan Madeira - MDB5.3 Sunset'

2023-10-04 19:21:52 - [TEST_STEP][PASSED] - Harga = getText(findTestObject("pembayaran/Harga barang")): Text of object 'Object Repository/pembayaran/Harga barang' is: '1,299'

2023-10-04 19:21:52 - [MESSAGE][PASSED] - Text of object 'Object Repository/pembayaran/Harga barang' is: '1,299'

2023-10-04 19:21:52 - [TEST_STEP][PASSED] - name_product = data.get("nama_barang"): null

2023-10-04 19:21:52 - [TEST_STEP][PASSED] - price_product = data.get("price_barang"): null

2023-10-04 19:21:52 - [TEST_STEP][PASSED] - assert name_product.contains(Nama): null

2023-10-04 19:21:52 - [TEST_STEP][PASSED] - assert price_product.contains(Harga): null

2023-10-04 19:21:52 - [TEST_STEP][PASSED] - warnaa = getText(findTestObject("pembayaran/warna")): Text of object 'Object Repository/pembayaran/warna' is: 'Merah'

2023-10-04 19:21:53 - [MESSAGE][PASSED] - Text of object 'Object Repository/pembayaran/warna' is: 'Merah'

2023-10-04 19:21:53 - [TEST_STEP][PASSED] - ukurann = getText(findTestObject("pembayaran/ukuran")): Text of object 'Object Repository/pembayaran/ukuran' is: 'Menengah'

2023-10-04 19:21:53 - [MESSAGE][PASSED] - Text of object 'Object Repository/pembayaran/ukuran' is: 'Menengah'

2023-10-04 19:21:53 - [TEST_STEP][PASSED] - warna1 = data.get("Warna"): null

2023-10-04 19:21:53 - [TEST_STEP][PASSED] - ukuran1 = data.get("Ukuran"): null

2023-10-04 19:21:53 - [TEST_STEP][PASSED] - assert warnaa == warna1: null

2023-10-04 19:21:53 - [TEST_STEP][PASSED] - assert ukurann == ukuran1: null

2023-10-04 19:21:53 - [TEST_STEP][PASSED] - statusPembelian = getText(findTestObject("verifikasi/Status pending di pembelian")): Text of object 'Object Repository/verifikasi/Status pending di pembelian' is: 'Pending'

2023-10-04 19:21:54 - [MESSAGE][PASSED] - Text of object 'Object Repository/verifikasi/Status pending di pembelian' is: 'Pending'

2023-10-04 19:21:54 - [TEST_STEP][PASSED] - data.put("statusPem", statusPembelian): null

2023-10-04 19:21:54 - [TEST_STEP][PASSED] - OngkosKirim = getText(findTestObject("pembayaran/ongkos kirim")): Text of object 'Object Repository/pembayaran/ongkos kirim' is: 'Rp 5,000'

2023-10-04 19:21:54 - [MESSAGE][PASSED] - Text of object 'Object Repository/pembayaran/ongkos kirim' is: 'Rp 5,000'

2023-10-04 19:21:54 - [TEST_STEP][PASSED] - Ongkos = OngkosKirim.substring(3, OngkosKirim.size()): null

2023-10-04 19:21:54 - [TEST_STEP][PASSED] - rep = Ongkos.replace(",", ""): null

2023-10-04 19:21:54 - [TEST_STEP][PASSED] - Ongkos_kirimm = Integer.parseInt(rep): null

2023-10-04 19:21:54 - [TEST_STEP][PASSED] - println(Ongkos_kirimm): null

2023-10-04 19:21:54 - [TEST_STEP][PASSED] - FeeAdmin = getText(findTestObject("pembayaran/fee admin")): Text of object 'Object Repository/pembayaran/fee admin' is: 'Rp 1,500'

2023-10-04 19:21:55 - [MESSAGE][PASSED] - Text of object 'Object Repository/pembayaran/fee admin' is: 'Rp 1,500'

2023-10-04 19:21:55 - [TEST_STEP][PASSED] - Fee_Admin = FeeAdmin.substring(3, FeeAdmin.size()): null

2023-10-04 19:21:55 - [TEST_STEP][PASSED] - fee = Fee_Admin.replace(",", ""): null

2023-10-04 19:21:55 - [TEST_STEP][PASSED] - fee_adminn = Integer.parseInt(fee): null

2023-10-04 19:21:55 - [TEST_STEP][PASSED] - println(fee_adminn): null

2023-10-04 19:21:55 - [TEST_STEP][PASSED] - Subtotal = getText(findTestObject("pembayaran/subtotal")): Text of object 'Object Repository/pembayaran/subtotal' is: 'Rp 1,299'

2023-10-04 19:21:55 - [MESSAGE][PASSED] - Text of object 'Object Repository/pembayaran/subtotal' is: 'Rp 1,299'

2023-10-04 19:21:55 - [TEST_STEP][PASSED] - sub_total = Subtotal.substring(3, Subtotal.size()): null

2023-10-04 19:21:55 - [TEST_STEP][PASSED] - sub = sub_total.replace(",", ""): null

2023-10-04 19:21:55 - [TEST_STEP][PASSED] - sub_totall = Integer.parseInt(sub): null

2023-10-04 19:21:55 - [TEST_STEP][PASSED] - println(sub_totall): null

2023-10-04 19:21:55 - [TEST_STEP][PASSED] - unik = getText(findTestObject("pembayaran/kode unik")): Text of object 'Object Repository/pembayaran/kode unik' is: '+142'

2023-10-04 19:21:56 - [MESSAGE][PASSED] - Text of object 'Object Repository/pembayaran/kode unik' is: '+142'

2023-10-04 19:21:56 - [TEST_STEP][PASSED] - unikk = unik.replace("+", ""): null

2023-10-04 19:21:56 - [TEST_STEP][PASSED] - kode_unik = Integer.parseInt(unikk): null

2023-10-04 19:21:56 - [TEST_STEP][PASSED] - println(kode_unik): null

2023-10-04 19:21:56 - [TEST_STEP][PASSED] - Total = getText(findTestObject("pembayaran/total")): Text of object 'Object Repository/pembayaran/total' is: '7,941'

2023-10-04 19:21:56 - [MESSAGE][PASSED] - Text of object 'Object Repository/pembayaran/total' is: '7,941'

2023-10-04 19:21:56 - [TEST_STEP][PASSED] - total = Total.replace(",", ""): null

2023-10-04 19:21:56 - [TEST_STEP][PASSED] - totalll = Integer.parseInt(total): null

2023-10-04 19:21:56 - [TEST_STEP][PASSED] - println(totalll): null

2023-10-04 19:21:56 - [TEST_STEP][PASSED] - Total_Hargaa = Ongkos_kirimm + fee_adminn + sub_totall + kode_unik: null

2023-10-04 19:21:56 - [TEST_STEP][PASSED] - println(Total_Hargaa): null

2023-10-04 19:21:56 - [TEST_STEP][PASSED] - assert totalll == Total_Hargaa: null

2023-10-04 19:21:56 - [TEST_STEP][PASSED] - data.put("total", Total): null

2023-10-04 19:21:56 - [TEST_STEP][PASSED] - data.put("nama", NamaPemesan): null

2023-10-04 19:21:56 - [TEST_STEP][PASSED] - return data: null

2023-10-04 19:21:56 - [MESSAGE][PASSED] - Call Test Case 'Test Cases/T13 Pembelian, Shipment dan Pembayaran/PBY-001' successfully

2023-10-04 19:21:56 - [TEST_STEP][PASSED] - inv = data.get("invoice"): null

2023-10-04 19:21:56 - [TEST_STEP][PASSED] - Total = data.get("total"): null

2023-10-04 19:21:56 - [TEST_STEP][PASSED] - NamaPemesan = data.get("nama"): null

2023-10-04 19:21:56 - [TEST_STEP][PASSED] - click(findTestObject("Konfirmasi pesanan shop/Menu Shop")): Object: 'Object Repository/Konfirmasi pesanan shop/Menu Shop' is clicked on

2023-10-04 19:21:58 - [MESSAGE][PASSED] - Object: 'Object Repository/Konfirmasi pesanan shop/Menu Shop' is clicked on

2023-10-04 19:21:58 - [TEST_STEP][PASSED] - click(findTestObject("Konfirmasi pesanan shop/Menu Shop")): Object: 'Object Repository/Konfirmasi pesanan shop/Menu Shop' is clicked on

2023-10-04 19:21:59 - [MESSAGE][PASSED] - Object: 'Object Repository/Konfirmasi pesanan shop/Menu Shop' is clicked on

2023-10-04 19:21:59 - [TEST_STEP][PASSED] - click(findTestObject("Konfirmasi pesanan shop/Konfirmasi Orders")): Object: 'Object Repository/Konfirmasi pesanan shop/Konfirmasi Orders' is clicked on

2023-10-04 19:22:00 - [MESSAGE][PASSED] - Object: 'Object Repository/Konfirmasi pesanan shop/Konfirmasi Orders' is clicked on

2023-10-04 19:22:00 - [TEST_STEP][PASSED] - verifyElementPresent(findTestObject("Konfirmasi pesanan shop/Tittle Konfirmasi Pesanan"), 0): Object 'Object Repository/Konfirmasi pesanan shop/Tittle Konfirmasi Pesanan' is present

2023-10-04 19:22:00 - [MESSAGE][WARNING] - Timeout '0' is invalid. Using default page load timeout: '30'

2023-10-04 19:22:00 - [MESSAGE][PASSED] - Object 'Object Repository/Konfirmasi pesanan shop/Tittle Konfirmasi Pesanan' is present

2023-10-04 19:22:00 - [TEST_STEP][PASSED] - setText(findTestObject("Konfirmasi pesanan shop/input_No Pesanan"), inv): Text 'TRX60.20231004192142' is set on object 'Object Repository/Konfirmasi pesanan shop/input_No Pesanan'

2023-10-04 19:22:01 - [MESSAGE][PASSED] - Text 'TRX60.20231004192142' is set on object 'Object Repository/Konfirmasi pesanan shop/input_No Pesanan'

2023-10-04 19:22:01 - [TEST_STEP][PASSED] - setText(findTestObject("Konfirmasi pesanan shop/input_Alamat E-mai"), "irfan@gmail.com"): Text 'irfan@gmail.com' is set on object 'Object Repository/Konfirmasi pesanan shop/input_Alamat E-mai'

2023-10-04 19:22:02 - [MESSAGE][PASSED] - Text 'irfan@gmail.com' is set on object 'Object Repository/Konfirmasi pesanan shop/input_Alamat E-mai'

2023-10-04 19:22:02 - [TEST_STEP][PASSED] - click(findTestObject("Konfirmasi pesanan shop/button_Submit")): Object: 'Object Repository/Konfirmasi pesanan shop/button_Submit' is clicked on

2023-10-04 19:22:03 - [MESSAGE][PASSED] - Object: 'Object Repository/Konfirmasi pesanan shop/button_Submit' is clicked on

2023-10-04 19:22:03 - [TEST_STEP][PASSED] - verifyElementPresent(findTestObject("Konfirmasi pesanan shop/Tittle nomor invoice"), 0): Object 'Object Repository/Konfirmasi pesanan shop/Tittle nomor invoice' is present

2023-10-04 19:22:03 - [MESSAGE][WARNING] - Timeout '0' is invalid. Using default page load timeout: '30'

2023-10-04 19:22:03 - [MESSAGE][PASSED] - Object 'Object Repository/Konfirmasi pesanan shop/Tittle nomor invoice' is present

2023-10-04 19:22:03 - [TEST_STEP][PASSED] - setText(findTestObject("Konfirmasi pesanan shop/input_Total TagihanTransfer_b"), Total): Text '7,941' is set on object 'Object Repository/Konfirmasi pesanan shop/input_Total TagihanTransfer_b'

2023-10-04 19:22:04 - [MESSAGE][PASSED] - Text '7,941' is set on object 'Object Repository/Konfirmasi pesanan shop/input_Total TagihanTransfer_b'

2023-10-04 19:22:04 - [TEST_STEP][PASSED] - selectOptionByValue(findTestObject("Konfirmasi pesanan shop/select_Bank"), "4", false): All options with value '4' are selected in object 'Object Repository/Konfirmasi pesanan shop/select_Bank' 

2023-10-04 19:22:05 - [MESSAGE][PASSED] - All options with value '4' are selected in object 'Object Repository/Konfirmasi pesanan shop/select_Bank' 

2023-10-04 19:22:05 - [TEST_STEP][PASSED] - setText(findTestObject("Konfirmasi pesanan shop/input_Nama Pengirim_d"), NamaPemesan): Text 'irfan.afandi' is set on object 'Object Repository/Konfirmasi pesanan shop/input_Nama Pengirim_d'

2023-10-04 19:22:06 - [MESSAGE][PASSED] - Text 'irfan.afandi' is set on object 'Object Repository/Konfirmasi pesanan shop/input_Nama Pengirim_d'

2023-10-04 19:22:06 - [TEST_STEP][PASSED] - uploadFile(findTestObject("keranjang/konfirmasi/input_Upload Bukti Transfer_f"), "C:\Users\IRFAN\Downloads\Berkas2.pdf"): File 'C:\Users\IRFAN\Downloads\Berkas2.pdf' sent to object: 'Object Repository/keranjang/konfirmasi/input_Upload Bukti Transfer_f'

2023-10-04 19:22:06 - [MESSAGE][PASSED] - File 'C:\Users\IRFAN\Downloads\Berkas2.pdf' sent to object: 'Object Repository/keranjang/konfirmasi/input_Upload Bukti Transfer_f'

2023-10-04 19:22:06 - [TEST_STEP][PASSED] - click(findTestObject("Konfirmasi pesanan shop/button_Konfirmasi Pembayaran")): Object: 'Object Repository/Konfirmasi pesanan shop/button_Konfirmasi Pembayaran' is clicked on

2023-10-04 19:22:07 - [MESSAGE][PASSED] - Object: 'Object Repository/Konfirmasi pesanan shop/button_Konfirmasi Pembayaran' is clicked on

2023-10-04 19:22:07 - [TEST_STEP][PASSED] - verifyElementPresent(findTestObject("Konfirmasi pesanan shop/Tittle Konfirmasi Pesanan"), 0): Object 'Object Repository/Konfirmasi pesanan shop/Tittle Konfirmasi Pesanan' is present

2023-10-04 19:22:07 - [MESSAGE][WARNING] - Timeout '0' is invalid. Using default page load timeout: '30'

2023-10-04 19:22:08 - [MESSAGE][PASSED] - Object 'Object Repository/Konfirmasi pesanan shop/Tittle Konfirmasi Pesanan' is present

2023-10-04 19:22:08 - [TEST_STEP][PASSED] - verifyElementPresent(findTestObject("Konfirmasi pesanan shop/Tittle massage succes Konfirmasi Pembayaran Pesanan"), 0): Object 'Object Repository/Konfirmasi pesanan shop/Tittle massage succes Konfirmasi Pembayaran Pesanan' is present

2023-10-04 19:22:08 - [MESSAGE][WARNING] - Timeout '0' is invalid. Using default page load timeout: '30'

2023-10-04 19:22:08 - [MESSAGE][PASSED] - Object 'Object Repository/Konfirmasi pesanan shop/Tittle massage succes Konfirmasi Pembayaran Pesanan' is present

2023-10-04 19:22:08 - [TEST_STEP][PASSED] - return data: null

2023-10-04 19:22:08 - [MESSAGE][PASSED] - Call Test Case 'Test Cases/T13 Pembelian, Shipment dan Pembayaran/PBY-004' successfully

2023-10-04 19:22:08 - [TEST_STEP][PASSED] - navigateToUrl("https://10.9.2.63/ecommerce/administrator/"): Navigate to 'https://10.9.2.63/ecommerce/administrator/' successfully

2023-10-04 19:22:09 - [MESSAGE][PASSED] - Navigate to 'https://10.9.2.63/ecommerce/administrator/' successfully

2023-10-04 19:22:09 - [TEST_STEP][PASSED] - verifyElementPresent(findTestObject("admin/Tittle ADMIN Login"), 0): Object 'Object Repository/admin/Tittle ADMIN Login' is present

2023-10-04 19:22:09 - [MESSAGE][WARNING] - Timeout '0' is invalid. Using default page load timeout: '30'

2023-10-04 19:22:09 - [MESSAGE][PASSED] - Object 'Object Repository/admin/Tittle ADMIN Login' is present

2023-10-04 19:22:09 - [TEST_STEP][PASSED] - setText(findTestObject("admin/Username"), "admin"): Text 'admin' is set on object 'Object Repository/admin/Username'

2023-10-04 19:22:10 - [MESSAGE][PASSED] - Text 'admin' is set on object 'Object Repository/admin/Username'

2023-10-04 19:22:10 - [TEST_STEP][PASSED] - setText(findTestObject("admin/Password"), "123admin123"): Text '123admin123' is set on object 'Object Repository/admin/Password'

2023-10-04 19:22:10 - [MESSAGE][PASSED] - Text '123admin123' is set on object 'Object Repository/admin/Password'

2023-10-04 19:22:10 - [TEST_STEP][PASSED] - click(findTestObject("admin/Remember Me")): Object: 'Object Repository/admin/Remember Me' is clicked on

2023-10-04 19:22:11 - [MESSAGE][PASSED] - Object: 'Object Repository/admin/Remember Me' is clicked on

2023-10-04 19:22:11 - [TEST_STEP][PASSED] - delay(10): Delayed 10 second(s)

2023-10-04 19:22:21 - [MESSAGE][PASSED] - Delayed 10 second(s)

2023-10-04 19:22:21 - [TEST_STEP][PASSED] - click(findTestObject("admin/buttom submit")): Object: 'Object Repository/admin/buttom submit' is clicked on

2023-10-04 19:22:22 - [MESSAGE][PASSED] - Object: 'Object Repository/admin/buttom submit' is clicked on

2023-10-04 19:22:22 - [TEST_STEP][PASSED] - verifyElementPresent(findTestObject("admin/Konf order konsumen/Tittle Dashboard"), 0): Object 'Object Repository/admin/Konf order konsumen/Tittle Dashboard' is present

2023-10-04 19:22:22 - [MESSAGE][WARNING] - Timeout '0' is invalid. Using default page load timeout: '30'

2023-10-04 19:22:26 - [MESSAGE][PASSED] - Object 'Object Repository/admin/Konf order konsumen/Tittle Dashboard' is present

2023-10-04 19:22:26 - [TEST_STEP][PASSED] - click(findTestObject("admin/Konf order konsumen/Menu Transaksi Market")): Object: 'Object Repository/admin/Konf order konsumen/Menu Transaksi Market' is clicked on

2023-10-04 19:22:27 - [MESSAGE][PASSED] - Object: 'Object Repository/admin/Konf order konsumen/Menu Transaksi Market' is clicked on

2023-10-04 19:22:27 - [TEST_STEP][PASSED] - click(findTestObject("admin/Konf order konsumen/Menu Konf. Order Konsumen")): Object: 'Object Repository/admin/Konf order konsumen/Menu Konf. Order Konsumen' is clicked on

2023-10-04 19:22:28 - [MESSAGE][PASSED] - Object: 'Object Repository/admin/Konf order konsumen/Menu Konf. Order Konsumen' is clicked on

2023-10-04 19:22:28 - [TEST_STEP][PASSED] - verifyElementPresent(findTestObject("admin/Konf order konsumen/Tittle Data Konfirmasi Pembayaran Konsumen"), 0): Object 'Object Repository/admin/Konf order konsumen/Tittle Data Konfirmasi Pembayaran Konsumen' is present

2023-10-04 19:22:28 - [MESSAGE][WARNING] - Timeout '0' is invalid. Using default page load timeout: '30'

2023-10-04 19:22:35 - [MESSAGE][PASSED] - Object 'Object Repository/admin/Konf order konsumen/Tittle Data Konfirmasi Pembayaran Konsumen' is present

2023-10-04 19:22:35 - [TEST_STEP][PASSED] - inv = data.get("invoice"): null

2023-10-04 19:22:35 - [TEST_STEP][PASSED] - setText(findTestObject("admin/Konf order konsumen/Search"), inv): Text 'TRX60.20231004192142' is set on object 'Object Repository/admin/Konf order konsumen/Search'

2023-10-04 19:22:37 - [MESSAGE][PASSED] - Text 'TRX60.20231004192142' is set on object 'Object Repository/admin/Konf order konsumen/Search'

2023-10-04 19:22:37 - [TEST_STEP][PASSED] - verifyElementText(findTestObject("admin/Konf order konsumen/Keterangan Lunas"), "Lunas"): Actual text and expected text of test object 'Object Repository/admin/Konf order konsumen/Keterangan Lunas' are matched.

2023-10-04 19:22:37 - [MESSAGE][PASSED] - Actual text and expected text of test object 'Object Repository/admin/Konf order konsumen/Keterangan Lunas' are matched.

2023-10-04 19:22:37 - [TEST_STEP][PASSED] - return data: null

2023-10-04 19:22:37 - [MESSAGE][PASSED] - Call Test Case 'Test Cases/T13 Pembelian, Shipment dan Pembayaran/PBYA-001' successfully

2023-10-04 19:22:37 - [TEST_STEP][PASSED] - click(findTestObject("admin/Penjualan ke konsumen/buttom Dashboard")): Object: 'Object Repository/admin/Penjualan ke konsumen/buttom Dashboard' is clicked on

2023-10-04 19:22:38 - [MESSAGE][PASSED] - Object: 'Object Repository/admin/Penjualan ke konsumen/buttom Dashboard' is clicked on

2023-10-04 19:22:38 - [TEST_STEP][PASSED] - click(findTestObject("admin/Konf order konsumen/Menu Transaksi Market")): Object: 'Object Repository/admin/Konf order konsumen/Menu Transaksi Market' is clicked on

2023-10-04 19:22:46 - [MESSAGE][PASSED] - Object: 'Object Repository/admin/Konf order konsumen/Menu Transaksi Market' is clicked on

2023-10-04 19:22:46 - [TEST_STEP][PASSED] - click(findTestObject("admin/Penjualan ke konsumen/a_Penjualan ke Konsumen")): Object: 'Object Repository/admin/Penjualan ke konsumen/a_Penjualan ke Konsumen' is clicked on

2023-10-04 19:22:47 - [MESSAGE][PASSED] - Object: 'Object Repository/admin/Penjualan ke konsumen/a_Penjualan ke Konsumen' is clicked on

2023-10-04 19:22:47 - [TEST_STEP][PASSED] - verifyElementPresent(findTestObject("admin/Tittle Data Transaksi Penjualan  Orderan Konsumen"), 0): Object 'Object Repository/admin/Tittle Data Transaksi Penjualan  Orderan Konsumen' is present

2023-10-04 19:22:47 - [MESSAGE][WARNING] - Timeout '0' is invalid. Using default page load timeout: '30'

2023-10-04 19:22:53 - [MESSAGE][PASSED] - Object 'Object Repository/admin/Tittle Data Transaksi Penjualan  Orderan Konsumen' is present

2023-10-04 19:22:53 - [TEST_STEP][PASSED] - return data: null]]></system-out>
         <system-err><![CDATA[]]></system-err>
      </testcase>
      <testcase name="Test Cases/T13 Pembelian, Shipment dan Pembayaran/SA-002" time="107.783" classname="Test Cases/T13 Pembelian, Shipment dan Pembayaran/SA-002" status="PASSED">
         <system-out><![CDATA[2023-10-04 19:22:54 - [TEST_CASE][PASSED] - Test Cases/T13 Pembelian, Shipment dan Pembayaran/SA-002: Test Cases/T13 Pembelian, Shipment dan Pembayaran/SA-002

2023-10-04 19:22:54 - [TEST_STEP][PASSED] - data = callTestCase(findTestCase("T13 Pembelian, Shipment dan Pembayaran/SA-001"), [:], STOP_ON_FAILURE): Call Test Case 'Test Cases/T13 Pembelian, Shipment dan Pembayaran/SA-001' successfully

2023-10-04 19:22:54 - [TEST_CASE][PASSED] - Test Cases/T13 Pembelian, Shipment dan Pembayaran/SA-001: Test Cases/T13 Pembelian, Shipment dan Pembayaran/SA-001

2023-10-04 19:22:54 - [TEST_STEP][PASSED] - data = callTestCase(findTestCase("T13 Pembelian, Shipment dan Pembayaran/PBYA-001"), [:], STOP_ON_FAILURE): Call Test Case 'Test Cases/T13 Pembelian, Shipment dan Pembayaran/PBYA-001' successfully

2023-10-04 19:22:54 - [TEST_CASE][PASSED] - Test Cases/T13 Pembelian, Shipment dan Pembayaran/PBYA-001: Test Cases/T13 Pembelian, Shipment dan Pembayaran/PBYA-001

2023-10-04 19:22:54 - [TEST_STEP][PASSED] - data = callTestCase(findTestCase("T13 Pembelian, Shipment dan Pembayaran/PBY-004"), [:], STOP_ON_FAILURE): Call Test Case 'Test Cases/T13 Pembelian, Shipment dan Pembayaran/PBY-004' successfully

2023-10-04 19:22:54 - [TEST_CASE][PASSED] - Test Cases/T13 Pembelian, Shipment dan Pembayaran/PBY-004: Test Cases/T13 Pembelian, Shipment dan Pembayaran/PBY-004

2023-10-04 19:22:54 - [TEST_STEP][PASSED] - data = callTestCase(findTestCase("T13 Pembelian, Shipment dan Pembayaran/PBY-001"), [:], STOP_ON_FAILURE): Call Test Case 'Test Cases/T13 Pembelian, Shipment dan Pembayaran/PBY-001' successfully

2023-10-04 19:22:54 - [TEST_CASE][PASSED] - Test Cases/T13 Pembelian, Shipment dan Pembayaran/PBY-001: Test Cases/T13 Pembelian, Shipment dan Pembayaran/PBY-001

2023-10-04 19:22:54 - [TEST_STEP][PASSED] - data = callTestCase(findTestCase("T13 Pembelian, Shipment dan Pembayaran/PBL-004"), ["Kurir":"Roda 2"], STOP_ON_FAILURE): Call Test Case 'Test Cases/T13 Pembelian, Shipment dan Pembayaran/PBL-004' successfully

2023-10-04 19:22:54 - [TEST_CASE][PASSED] - Test Cases/T13 Pembelian, Shipment dan Pembayaran/PBL-004: Test Cases/T13 Pembelian, Shipment dan Pembayaran/PBL-004

2023-10-04 19:22:54 - [TEST_STEP][PASSED] - data = callTestCase(findTestCase("T13 Pembelian, Shipment dan Pembayaran/PBL-002"), [:], STOP_ON_FAILURE): Call Test Case 'Test Cases/T13 Pembelian, Shipment dan Pembayaran/PBL-002' successfully

2023-10-04 19:22:54 - [TEST_CASE][PASSED] - Test Cases/T13 Pembelian, Shipment dan Pembayaran/PBL-002: Test Cases/T13 Pembelian, Shipment dan Pembayaran/PBL-002

2023-10-04 19:22:54 - [TEST_STEP][PASSED] - data = callTestCase(findTestCase("T13 Pembelian, Shipment dan Pembayaran/PBL-001"), [:], STOP_ON_FAILURE): Call Test Case 'Test Cases/T13 Pembelian, Shipment dan Pembayaran/PBL-001' successfully

2023-10-04 19:22:54 - [TEST_CASE][PASSED] - Test Cases/T13 Pembelian, Shipment dan Pembayaran/PBL-001: Test Cases/T13 Pembelian, Shipment dan Pembayaran/PBL-001

2023-10-04 19:22:54 - [TEST_STEP][PASSED] - callTestCase(findTestCase("T13 Pembelian, Shipment dan Pembayaran/LU-001"), ["username":"irfanafandi", "password":"12345irfan"], STOP_ON_FAILURE): Call Test Case 'Test Cases/T13 Pembelian, Shipment dan Pembayaran/LU-001' successfully

2023-10-04 19:22:54 - [TEST_CASE][PASSED] - Test Cases/T13 Pembelian, Shipment dan Pembayaran/LU-001: Test Cases/T13 Pembelian, Shipment dan Pembayaran/LU-001

2023-10-04 19:22:54 - [TEST_STEP][PASSED] - openBrowser("https://10.9.2.63/ecommerce/"): Browser is opened with url: 'https://10.9.2.63/ecommerce/'

2023-10-04 19:22:54 - [MESSAGE][WARNING] - A browser is already opened. Closing browser and opening a new one

2023-10-04 19:22:57 - [MESSAGE][INFO] - Starting 'Firefox' driver

2023-10-04 19:22:57 - [MESSAGE][INFO] - User set preference: ['args', '[--disable-notifications]']

2023-10-04 19:22:57 - [MESSAGE][INFO] - Action delay is set to 0 milliseconds

2023-10-04 19:23:01 - [MESSAGE][PASSED] - Browser is opened with url: 'https://10.9.2.63/ecommerce/'

2023-10-04 19:23:01 - [TEST_STEP][PASSED] - maximizeWindow(): Current window maximized

2023-10-04 19:23:01 - [MESSAGE][PASSED] - Current window maximized

2023-10-04 19:23:01 - [TEST_STEP][PASSED] - verifyElementPresent(findTestObject("Login/Home"), 0): Object 'Object Repository/Login/Home' is present

2023-10-04 19:23:01 - [MESSAGE][WARNING] - Timeout '0' is invalid. Using default page load timeout: '30'

2023-10-04 19:23:02 - [MESSAGE][PASSED] - Object 'Object Repository/Login/Home' is present

2023-10-04 19:23:02 - [TEST_STEP][PASSED] - click(findTestObject("Login/a_Login")): Object: 'Object Repository/Login/a_Login' is clicked on

2023-10-04 19:23:02 - [MESSAGE][PASSED] - Object: 'Object Repository/Login/a_Login' is clicked on

2023-10-04 19:23:02 - [TEST_STEP][PASSED] - verifyElementPresent(findTestObject("Login/Tittle Login"), 0): Object 'Object Repository/Login/Tittle Login' is present

2023-10-04 19:23:02 - [MESSAGE][WARNING] - Timeout '0' is invalid. Using default page load timeout: '30'

2023-10-04 19:23:03 - [MESSAGE][PASSED] - Object 'Object Repository/Login/Tittle Login' is present

2023-10-04 19:23:03 - [TEST_STEP][PASSED] - setText(findTestObject("Login/input_Username, Email atau No. Handphone_a"), username): Text 'irfanafandi' is set on object 'Object Repository/Login/input_Username, Email atau No. Handphone_a'

2023-10-04 19:23:03 - [MESSAGE][PASSED] - Text 'irfanafandi' is set on object 'Object Repository/Login/input_Username, Email atau No. Handphone_a'

2023-10-04 19:23:03 - [TEST_STEP][PASSED] - setText(findTestObject("Login/input_Password_b"), password): Text '12345irfan' is set on object 'Object Repository/Login/input_Password_b'

2023-10-04 19:23:04 - [MESSAGE][PASSED] - Text '12345irfan' is set on object 'Object Repository/Login/input_Password_b'

2023-10-04 19:23:04 - [TEST_STEP][PASSED] - click(findTestObject("Login/label_Ingat saya")): Object: 'Object Repository/Login/label_Ingat saya' is clicked on

2023-10-04 19:23:04 - [MESSAGE][PASSED] - Object: 'Object Repository/Login/label_Ingat saya' is clicked on

2023-10-04 19:23:04 - [TEST_STEP][PASSED] - click(findTestObject("Login/button_Masuk")): Object: 'Object Repository/Login/button_Masuk' is clicked on

2023-10-04 19:23:05 - [MESSAGE][PASSED] - Object: 'Object Repository/Login/button_Masuk' is clicked on

2023-10-04 19:23:05 - [TEST_STEP][PASSED] - verifyElementPresent(findTestObject("Login/li_Profile"), 0): Object 'Object Repository/Login/li_Profile' is present

2023-10-04 19:23:06 - [MESSAGE][WARNING] - Timeout '0' is invalid. Using default page load timeout: '30'

2023-10-04 19:23:06 - [MESSAGE][PASSED] - Object 'Object Repository/Login/li_Profile' is present

2023-10-04 19:23:06 - [MESSAGE][PASSED] - Call Test Case 'Test Cases/T13 Pembelian, Shipment dan Pembayaran/LU-001' successfully

2023-10-04 19:23:06 - [TEST_STEP][PASSED] - mouseOver(findTestObject("beli barang/i_Mulai Belanja_icon-menu")): Object: 'Object Repository/beli barang/i_Mulai Belanja_icon-menu' is hovered

2023-10-04 19:23:07 - [MESSAGE][PASSED] - Object: 'Object Repository/beli barang/i_Mulai Belanja_icon-menu' is hovered

2023-10-04 19:23:07 - [TEST_STEP][PASSED] - click(findTestObject("beli barang/a_Fashion  Busana Wanita")): Object: 'Object Repository/beli barang/a_Fashion  Busana Wanita' is clicked on

2023-10-04 19:23:08 - [MESSAGE][PASSED] - Object: 'Object Repository/beli barang/a_Fashion  Busana Wanita' is clicked on

2023-10-04 19:23:08 - [TEST_STEP][PASSED] - NamaSebelum = getText(findTestObject("verifikasi/Nama sebelum")): Text of object 'Object Repository/verifikasi/Nama sebelum' is: ''

2023-10-04 19:23:08 - [MESSAGE][PASSED] - Text of object 'Object Repository/verifikasi/Nama sebelum' is: ''

2023-10-04 19:23:08 - [TEST_STEP][PASSED] - HargaSebelum = getText(findTestObject("verifikasi/Harga sebelum")): Text of object 'Object Repository/verifikasi/Harga sebelum' is: 'Rp 1,299'

2023-10-04 19:23:09 - [MESSAGE][PASSED] - Text of object 'Object Repository/verifikasi/Harga sebelum' is: 'Rp 1,299'

2023-10-04 19:23:09 - [TEST_STEP][PASSED] - mouseOver(findTestObject("beli barang/barang mouse over")): Object: 'Object Repository/beli barang/barang mouse over' is hovered

2023-10-04 19:23:10 - [MESSAGE][PASSED] - Object: 'Object Repository/beli barang/barang mouse over' is hovered

2023-10-04 19:23:10 - [TEST_STEP][PASSED] - click(findTestObject("beli barang/buttom add to cart")): Object: 'Object Repository/beli barang/buttom add to cart' is clicked on

2023-10-04 19:23:11 - [MESSAGE][PASSED] - Object: 'Object Repository/beli barang/buttom add to cart' is clicked on

2023-10-04 19:23:11 - [TEST_STEP][PASSED] - NamaSesudah = getText(findTestObject("verifikasi/Nama sesudah")): Text of object 'Object Repository/verifikasi/Nama sesudah' is: 'Segitiga Instan Madeira - MDB5.3 Sunset'

2023-10-04 19:23:11 - [MESSAGE][PASSED] - Text of object 'Object Repository/verifikasi/Nama sesudah' is: 'Segitiga Instan Madeira - MDB5.3 Sunset'

2023-10-04 19:23:11 - [TEST_STEP][PASSED] - HargaSesudah = getText(findTestObject("verifikasi/Harga sesudah")): Text of object 'Object Repository/verifikasi/Harga sesudah' is: 'Rp 1,299'

2023-10-04 19:23:12 - [MESSAGE][PASSED] - Text of object 'Object Repository/verifikasi/Harga sesudah' is: 'Rp 1,299'

2023-10-04 19:23:12 - [TEST_STEP][PASSED] - assert NamaSesudah.contains(NamaSebelum): null

2023-10-04 19:23:12 - [TEST_STEP][PASSED] - assert HargaSesudah.contains(HargaSebelum): null

2023-10-04 19:23:12 - [TEST_STEP][PASSED] - click(findTestObject("beli barang/Tambah Keranjang busana wanita")): Object: 'Object Repository/beli barang/Tambah Keranjang busana wanita' is clicked on

2023-10-04 19:23:12 - [MESSAGE][PASSED] - Object: 'Object Repository/beli barang/Tambah Keranjang busana wanita' is clicked on

2023-10-04 19:23:12 - [TEST_STEP][PASSED] - verifyElementPresent(findTestObject("checkout/Notifikasi keranjang"), 1): Object 'Object Repository/checkout/Notifikasi keranjang' is present

2023-10-04 19:23:13 - [MESSAGE][PASSED] - Object 'Object Repository/checkout/Notifikasi keranjang' is present

2023-10-04 19:23:13 - [TEST_STEP][PASSED] - data = new java.util.HashMap(): null

2023-10-04 19:23:13 - [TEST_STEP][PASSED] - data.put("nama_barang", NamaSesudah): null

2023-10-04 19:23:13 - [TEST_STEP][PASSED] - data.put("price_barang", HargaSesudah): null

2023-10-04 19:23:13 - [TEST_STEP][PASSED] - return data: null

2023-10-04 19:23:13 - [MESSAGE][PASSED] - Call Test Case 'Test Cases/T13 Pembelian, Shipment dan Pembayaran/PBL-001' successfully

2023-10-04 19:23:13 - [TEST_STEP][PASSED] - mouseOver(findTestObject("beli barang/keranjang")): Object: 'Object Repository/beli barang/keranjang' is hovered

2023-10-04 19:23:13 - [MESSAGE][PASSED] - Object: 'Object Repository/beli barang/keranjang' is hovered

2023-10-04 19:23:13 - [TEST_STEP][PASSED] - click(findTestObject("beli barang/Lihat Sekarang")): Object: 'Object Repository/beli barang/Lihat Sekarang' is clicked on

2023-10-04 19:23:14 - [MESSAGE][PASSED] - Object: 'Object Repository/beli barang/Lihat Sekarang' is clicked on

2023-10-04 19:23:14 - [TEST_STEP][PASSED] - verifyElementPresent(findTestObject("keranjang/li_Keranjang Belanja"), 0): Object 'Object Repository/keranjang/li_Keranjang Belanja' is present

2023-10-04 19:23:14 - [MESSAGE][WARNING] - Timeout '0' is invalid. Using default page load timeout: '30'

2023-10-04 19:23:16 - [MESSAGE][PASSED] - Object 'Object Repository/keranjang/li_Keranjang Belanja' is present

2023-10-04 19:23:16 - [TEST_STEP][PASSED] - NamaKeranjang = getText(findTestObject("verifikasi/Nama keranjang")): Text of object 'Object Repository/verifikasi/Nama keranjang' is: 'Segitiga Instan Madeira - MDB5.3 Sunset'

2023-10-04 19:23:16 - [MESSAGE][PASSED] - Text of object 'Object Repository/verifikasi/Nama keranjang' is: 'Segitiga Instan Madeira - MDB5.3 Sunset'

2023-10-04 19:23:16 - [TEST_STEP][PASSED] - HargaKeranjang = getText(findTestObject("verifikasi/Harga Keranjang")): Text of object 'Object Repository/verifikasi/Harga Keranjang' is: 'Rp 1,299'

2023-10-04 19:23:16 - [MESSAGE][PASSED] - Text of object 'Object Repository/verifikasi/Harga Keranjang' is: 'Rp 1,299'

2023-10-04 19:23:16 - [TEST_STEP][PASSED] - if (toString().equalsIgnoreCase("Merah")): Object 'Object Repository/keranjang/input_Warna_variasi101' is checked

2023-10-04 19:23:16 - [TEST_STEP][PASSED] - check(findTestObject("Object Repository/keranjang/input_Warna_variasi101")): Object 'Object Repository/keranjang/input_Warna_variasi101' is checked

2023-10-04 19:23:17 - [MESSAGE][PASSED] - Object 'Object Repository/keranjang/input_Warna_variasi101' is checked

2023-10-04 19:23:17 - [TEST_STEP][PASSED] - if (toString().equalsIgnoreCase("Menengah")): Object 'Object Repository/keranjang/input_Ukuran_variasi201' is checked

2023-10-04 19:23:17 - [TEST_STEP][PASSED] - check(findTestObject("Object Repository/keranjang/input_Ukuran_variasi201")): Object 'Object Repository/keranjang/input_Ukuran_variasi201' is checked

2023-10-04 19:23:18 - [MESSAGE][PASSED] - Object 'Object Repository/keranjang/input_Ukuran_variasi201' is checked

2023-10-04 19:23:18 - [TEST_STEP][PASSED] - data.put("Warna", warna): null

2023-10-04 19:23:18 - [TEST_STEP][PASSED] - data.put("Ukuran", ukuran): null

2023-10-04 19:23:18 - [TEST_STEP][PASSED] - click(findTestObject("keranjang/button_Lanjut ke Pembayaran")): Object: 'Object Repository/keranjang/button_Lanjut ke Pembayaran' is clicked on

2023-10-04 19:23:19 - [MESSAGE][PASSED] - Object: 'Object Repository/keranjang/button_Lanjut ke Pembayaran' is clicked on

2023-10-04 19:23:19 - [TEST_STEP][PASSED] - verifyElementPresent(findTestObject("checkout/Tittle Checkout Order"), 0): Object 'Object Repository/checkout/Tittle Checkout Order' is present

2023-10-04 19:23:19 - [MESSAGE][WARNING] - Timeout '0' is invalid. Using default page load timeout: '30'

2023-10-04 19:23:20 - [MESSAGE][PASSED] - Object 'Object Repository/checkout/Tittle Checkout Order' is present

2023-10-04 19:23:20 - [TEST_STEP][PASSED] - name_product = data.get("nama_barang"): null

2023-10-04 19:23:20 - [TEST_STEP][PASSED] - price_product = data.get("price_barang"): null

2023-10-04 19:23:20 - [TEST_STEP][PASSED] - assert name_product == NamaKeranjang: null

2023-10-04 19:23:20 - [TEST_STEP][PASSED] - assert price_product == HargaKeranjang: null

2023-10-04 19:23:20 - [TEST_STEP][PASSED] - return data: null

2023-10-04 19:23:20 - [MESSAGE][PASSED] - Call Test Case 'Test Cases/T13 Pembelian, Shipment dan Pembayaran/PBL-002' successfully

2023-10-04 19:23:20 - [TEST_STEP][PASSED] - warnaa = getText(findTestObject("verifikasi/warna Merah")): Text of object 'Object Repository/verifikasi/warna Merah' is: 'Merah'

2023-10-04 19:23:20 - [MESSAGE][PASSED] - Text of object 'Object Repository/verifikasi/warna Merah' is: 'Merah'

2023-10-04 19:23:20 - [TEST_STEP][PASSED] - ukurann = getText(findTestObject("verifikasi/Ukuran Menengah")): Text of object 'Object Repository/verifikasi/Ukuran Menengah' is: 'Menengah'

2023-10-04 19:23:20 - [MESSAGE][PASSED] - Text of object 'Object Repository/verifikasi/Ukuran Menengah' is: 'Menengah'

2023-10-04 19:23:20 - [TEST_STEP][PASSED] - warna1 = data.get("Warna"): null

2023-10-04 19:23:20 - [TEST_STEP][PASSED] - ukuran1 = data.get("Ukuran"): null

2023-10-04 19:23:20 - [TEST_STEP][PASSED] - assert warnaa == warna1: null

2023-10-04 19:23:20 - [TEST_STEP][PASSED] - assert ukurann == ukuran1: null

2023-10-04 19:23:20 - [TEST_STEP][PASSED] - NamaCheckout = getText(findTestObject("verifikasi/NamaCheckout")): Text of object 'Object Repository/verifikasi/NamaCheckout' is: ''

2023-10-04 19:23:21 - [MESSAGE][PASSED] - Text of object 'Object Repository/verifikasi/NamaCheckout' is: ''

2023-10-04 19:23:21 - [TEST_STEP][PASSED] - HargaCheckout = getText(findTestObject("verifikasi/HargaCheckout")): Text of object 'Object Repository/verifikasi/HargaCheckout' is: '1,299'

2023-10-04 19:23:21 - [MESSAGE][PASSED] - Text of object 'Object Repository/verifikasi/HargaCheckout' is: '1,299'

2023-10-04 19:23:21 - [TEST_STEP][PASSED] - name_product = data.get("nama_barang"): null

2023-10-04 19:23:21 - [TEST_STEP][PASSED] - price_product = data.get("price_barang"): null

2023-10-04 19:23:21 - [TEST_STEP][PASSED] - assert name_product.contains(NamaCheckout): null

2023-10-04 19:23:21 - [TEST_STEP][PASSED] - assert price_product.contains(HargaCheckout): null

2023-10-04 19:23:21 - [TEST_STEP][PASSED] - selectOptionByLabel(findTestObject("checkout/select - Kirim via Kurir Lokal"), Kurir, false): All options with label 'Roda 2' are selected in object 'Object Repository/checkout/select - Kirim via Kurir Lokal' 

2023-10-04 19:23:22 - [MESSAGE][PASSED] - All options with label 'Roda 2' are selected in object 'Object Repository/checkout/select - Kirim via Kurir Lokal' 

2023-10-04 19:23:22 - [TEST_STEP][PASSED] - click(findTestObject("checkout/Kendaraan Kurir")): Object: 'Object Repository/checkout/Kendaraan Kurir' is clicked on

2023-10-04 19:23:23 - [MESSAGE][PASSED] - Object: 'Object Repository/checkout/Kendaraan Kurir' is clicked on

2023-10-04 19:23:23 - [TEST_STEP][PASSED] - OngkosKirim = getText(findTestObject("Object Repository/verifikasi/Ongkos Kirim checkout")): Text of object 'Object Repository/verifikasi/Ongkos Kirim checkout' is: 'Rp. 5,000'

2023-10-04 19:23:23 - [MESSAGE][PASSED] - Text of object 'Object Repository/verifikasi/Ongkos Kirim checkout' is: 'Rp. 5,000'

2023-10-04 19:23:23 - [TEST_STEP][PASSED] - Ongkos = OngkosKirim.substring(3, OngkosKirim.size()): null

2023-10-04 19:23:23 - [TEST_STEP][PASSED] - rep = Ongkos.replace(",", "."): null

2023-10-04 19:23:23 - [TEST_STEP][PASSED] - Ongkos_kirim = Double.parseDouble(rep): null

2023-10-04 19:23:23 - [TEST_STEP][PASSED] - println(Ongkos_kirim): null

2023-10-04 19:23:23 - [TEST_STEP][PASSED] - FeeAdmin = getText(findTestObject("verifikasi/Fee Admin checkout")): Text of object 'Object Repository/verifikasi/Fee Admin checkout' is: 'Fee Admin
Rp 1,500'

2023-10-04 19:23:23 - [MESSAGE][PASSED] - Text of object 'Object Repository/verifikasi/Fee Admin checkout' is: 'Fee Admin
Rp 1,500'

2023-10-04 19:23:23 - [TEST_STEP][PASSED] - Fee_Admin = FeeAdmin.substring(12, FeeAdmin.size()): null

2023-10-04 19:23:23 - [TEST_STEP][PASSED] - fee = Fee_Admin.replace(",", "."): null

2023-10-04 19:23:23 - [TEST_STEP][PASSED] - fee_admin = Double.parseDouble(fee): null

2023-10-04 19:23:23 - [TEST_STEP][PASSED] - println(fee_admin): null

2023-10-04 19:23:23 - [TEST_STEP][PASSED] - Subtotal = getText(findTestObject("verifikasi/subtotal checkout")): Text of object 'Object Repository/verifikasi/subtotal checkout' is: 'Subtotal
Rp 1,299'

2023-10-04 19:23:24 - [MESSAGE][PASSED] - Text of object 'Object Repository/verifikasi/subtotal checkout' is: 'Subtotal
Rp 1,299'

2023-10-04 19:23:24 - [TEST_STEP][PASSED] - sub_total = Subtotal.substring(12, Subtotal.size()): null

2023-10-04 19:23:24 - [TEST_STEP][PASSED] - sub = sub_total.replace(",", "."): null

2023-10-04 19:23:24 - [TEST_STEP][PASSED] - sub_total = Double.parseDouble(sub): null

2023-10-04 19:23:24 - [TEST_STEP][PASSED] - println(sub_total): null

2023-10-04 19:23:24 - [TEST_STEP][PASSED] - Total = getText(findTestObject("verifikasi/Total checkout")): Text of object 'Object Repository/verifikasi/Total checkout' is: 'Rp 7,799'

2023-10-04 19:23:24 - [MESSAGE][PASSED] - Text of object 'Object Repository/verifikasi/Total checkout' is: 'Rp 7,799'

2023-10-04 19:23:24 - [TEST_STEP][PASSED] - totall = Total.substring(3, Total.size()): null

2023-10-04 19:23:24 - [TEST_STEP][PASSED] - total = totall.replace(",", "."): null

2023-10-04 19:23:24 - [TEST_STEP][PASSED] - totall = Double.parseDouble(total): null

2023-10-04 19:23:24 - [TEST_STEP][PASSED] - println(totall): null

2023-10-04 19:23:24 - [TEST_STEP][PASSED] - Total_Harga = Ongkos_kirim + fee_admin + sub_total: null

2023-10-04 19:23:24 - [TEST_STEP][PASSED] - println(Total_Harga): null

2023-10-04 19:23:24 - [TEST_STEP][PASSED] - TotalHarga = Math.round(Total_Harga * 1000) / 1000: null

2023-10-04 19:23:24 - [TEST_STEP][PASSED] - println(TotalHarga): null

2023-10-04 19:23:24 - [TEST_STEP][PASSED] - assert totall == TotalHarga: null

2023-10-04 19:23:24 - [TEST_STEP][PASSED] - click(findTestObject("verifikasi/Metode Transfer")): Object: 'Object Repository/verifikasi/Metode Transfer' is clicked on

2023-10-04 19:23:25 - [MESSAGE][PASSED] - Object: 'Object Repository/verifikasi/Metode Transfer' is clicked on

2023-10-04 19:23:25 - [TEST_STEP][PASSED] - click(findTestObject("checkout/button_Proses Pembayaran")): Object: 'Object Repository/checkout/button_Proses Pembayaran' is clicked on

2023-10-04 19:23:30 - [MESSAGE][PASSED] - Object: 'Object Repository/checkout/button_Proses Pembayaran' is clicked on

2023-10-04 19:23:30 - [TEST_STEP][PASSED] - verifyElementPresent(findTestObject("pembayaran/Tittle nomor invoice"), 0): Object 'Object Repository/pembayaran/Tittle nomor invoice' is present

2023-10-04 19:23:30 - [MESSAGE][WARNING] - Timeout '0' is invalid. Using default page load timeout: '30'

2023-10-04 19:23:36 - [MESSAGE][PASSED] - Object 'Object Repository/pembayaran/Tittle nomor invoice' is present

2023-10-04 19:23:36 - [TEST_STEP][PASSED] - return data: null

2023-10-04 19:23:36 - [MESSAGE][PASSED] - Call Test Case 'Test Cases/T13 Pembelian, Shipment dan Pembayaran/PBL-004' successfully

2023-10-04 19:23:36 - [TEST_STEP][PASSED] - Invoice = getText(findTestObject("pembayaran/nomor invoice")): Text of object 'Object Repository/pembayaran/nomor invoice' is: 'TRX60.20231004192326'

2023-10-04 19:23:36 - [MESSAGE][PASSED] - Text of object 'Object Repository/pembayaran/nomor invoice' is: 'TRX60.20231004192326'

2023-10-04 19:23:36 - [TEST_STEP][PASSED] - data.put("invoice", Invoice): null

2023-10-04 19:23:36 - [TEST_STEP][PASSED] - NamaPemesan = getText(findTestObject("Konfirmasi pesanan shop/Nama pemesan")): Text of object 'Object Repository/Konfirmasi pesanan shop/Nama pemesan' is: 'irfan.afandi'

2023-10-04 19:23:37 - [MESSAGE][PASSED] - Text of object 'Object Repository/Konfirmasi pesanan shop/Nama pemesan' is: 'irfan.afandi'

2023-10-04 19:23:37 - [TEST_STEP][PASSED] - Nama = getText(findTestObject("pembayaran/Nama barang")): Text of object 'Object Repository/pembayaran/Nama barang' is: 'Segitiga Instan Madeira - MDB5.3 Sunset'

2023-10-04 19:23:37 - [MESSAGE][PASSED] - Text of object 'Object Repository/pembayaran/Nama barang' is: 'Segitiga Instan Madeira - MDB5.3 Sunset'

2023-10-04 19:23:37 - [TEST_STEP][PASSED] - Harga = getText(findTestObject("pembayaran/Harga barang")): Text of object 'Object Repository/pembayaran/Harga barang' is: '1,299'

2023-10-04 19:23:38 - [MESSAGE][PASSED] - Text of object 'Object Repository/pembayaran/Harga barang' is: '1,299'

2023-10-04 19:23:38 - [TEST_STEP][PASSED] - name_product = data.get("nama_barang"): null

2023-10-04 19:23:38 - [TEST_STEP][PASSED] - price_product = data.get("price_barang"): null

2023-10-04 19:23:38 - [TEST_STEP][PASSED] - assert name_product.contains(Nama): null

2023-10-04 19:23:38 - [TEST_STEP][PASSED] - assert price_product.contains(Harga): null

2023-10-04 19:23:38 - [TEST_STEP][PASSED] - warnaa = getText(findTestObject("pembayaran/warna")): Text of object 'Object Repository/pembayaran/warna' is: 'Merah'

2023-10-04 19:23:38 - [MESSAGE][PASSED] - Text of object 'Object Repository/pembayaran/warna' is: 'Merah'

2023-10-04 19:23:38 - [TEST_STEP][PASSED] - ukurann = getText(findTestObject("pembayaran/ukuran")): Text of object 'Object Repository/pembayaran/ukuran' is: 'Menengah'

2023-10-04 19:23:39 - [MESSAGE][PASSED] - Text of object 'Object Repository/pembayaran/ukuran' is: 'Menengah'

2023-10-04 19:23:39 - [TEST_STEP][PASSED] - warna1 = data.get("Warna"): null

2023-10-04 19:23:39 - [TEST_STEP][PASSED] - ukuran1 = data.get("Ukuran"): null

2023-10-04 19:23:39 - [TEST_STEP][PASSED] - assert warnaa == warna1: null

2023-10-04 19:23:39 - [TEST_STEP][PASSED] - assert ukurann == ukuran1: null

2023-10-04 19:23:39 - [TEST_STEP][PASSED] - statusPembelian = getText(findTestObject("verifikasi/Status pending di pembelian")): Text of object 'Object Repository/verifikasi/Status pending di pembelian' is: 'Pending'

2023-10-04 19:23:39 - [MESSAGE][PASSED] - Text of object 'Object Repository/verifikasi/Status pending di pembelian' is: 'Pending'

2023-10-04 19:23:39 - [TEST_STEP][PASSED] - data.put("statusPem", statusPembelian): null

2023-10-04 19:23:39 - [TEST_STEP][PASSED] - OngkosKirim = getText(findTestObject("pembayaran/ongkos kirim")): Text of object 'Object Repository/pembayaran/ongkos kirim' is: 'Rp 5,000'

2023-10-04 19:23:40 - [MESSAGE][PASSED] - Text of object 'Object Repository/pembayaran/ongkos kirim' is: 'Rp 5,000'

2023-10-04 19:23:40 - [TEST_STEP][PASSED] - Ongkos = OngkosKirim.substring(3, OngkosKirim.size()): null

2023-10-04 19:23:40 - [TEST_STEP][PASSED] - rep = Ongkos.replace(",", ""): null

2023-10-04 19:23:40 - [TEST_STEP][PASSED] - Ongkos_kirimm = Integer.parseInt(rep): null

2023-10-04 19:23:40 - [TEST_STEP][PASSED] - println(Ongkos_kirimm): null

2023-10-04 19:23:40 - [TEST_STEP][PASSED] - FeeAdmin = getText(findTestObject("pembayaran/fee admin")): Text of object 'Object Repository/pembayaran/fee admin' is: 'Rp 1,500'

2023-10-04 19:23:40 - [MESSAGE][PASSED] - Text of object 'Object Repository/pembayaran/fee admin' is: 'Rp 1,500'

2023-10-04 19:23:40 - [TEST_STEP][PASSED] - Fee_Admin = FeeAdmin.substring(3, FeeAdmin.size()): null

2023-10-04 19:23:40 - [TEST_STEP][PASSED] - fee = Fee_Admin.replace(",", ""): null

2023-10-04 19:23:40 - [TEST_STEP][PASSED] - fee_adminn = Integer.parseInt(fee): null

2023-10-04 19:23:40 - [TEST_STEP][PASSED] - println(fee_adminn): null

2023-10-04 19:23:40 - [TEST_STEP][PASSED] - Subtotal = getText(findTestObject("pembayaran/subtotal")): Text of object 'Object Repository/pembayaran/subtotal' is: 'Rp 1,299'

2023-10-04 19:23:41 - [MESSAGE][PASSED] - Text of object 'Object Repository/pembayaran/subtotal' is: 'Rp 1,299'

2023-10-04 19:23:41 - [TEST_STEP][PASSED] - sub_total = Subtotal.substring(3, Subtotal.size()): null

2023-10-04 19:23:41 - [TEST_STEP][PASSED] - sub = sub_total.replace(",", ""): null

2023-10-04 19:23:41 - [TEST_STEP][PASSED] - sub_totall = Integer.parseInt(sub): null

2023-10-04 19:23:41 - [TEST_STEP][PASSED] - println(sub_totall): null

2023-10-04 19:23:41 - [TEST_STEP][PASSED] - unik = getText(findTestObject("pembayaran/kode unik")): Text of object 'Object Repository/pembayaran/kode unik' is: '+326'

2023-10-04 19:23:41 - [MESSAGE][PASSED] - Text of object 'Object Repository/pembayaran/kode unik' is: '+326'

2023-10-04 19:23:41 - [TEST_STEP][PASSED] - unikk = unik.replace("+", ""): null

2023-10-04 19:23:41 - [TEST_STEP][PASSED] - kode_unik = Integer.parseInt(unikk): null

2023-10-04 19:23:41 - [TEST_STEP][PASSED] - println(kode_unik): null

2023-10-04 19:23:41 - [TEST_STEP][PASSED] - Total = getText(findTestObject("pembayaran/total")): Text of object 'Object Repository/pembayaran/total' is: '8,125'

2023-10-04 19:23:42 - [MESSAGE][PASSED] - Text of object 'Object Repository/pembayaran/total' is: '8,125'

2023-10-04 19:23:42 - [TEST_STEP][PASSED] - total = Total.replace(",", ""): null

2023-10-04 19:23:42 - [TEST_STEP][PASSED] - totalll = Integer.parseInt(total): null

2023-10-04 19:23:42 - [TEST_STEP][PASSED] - println(totalll): null

2023-10-04 19:23:42 - [TEST_STEP][PASSED] - Total_Hargaa = Ongkos_kirimm + fee_adminn + sub_totall + kode_unik: null

2023-10-04 19:23:42 - [TEST_STEP][PASSED] - println(Total_Hargaa): null

2023-10-04 19:23:42 - [TEST_STEP][PASSED] - assert totalll == Total_Hargaa: null

2023-10-04 19:23:42 - [TEST_STEP][PASSED] - data.put("total", Total): null

2023-10-04 19:23:42 - [TEST_STEP][PASSED] - data.put("nama", NamaPemesan): null

2023-10-04 19:23:42 - [TEST_STEP][PASSED] - return data: null

2023-10-04 19:23:42 - [MESSAGE][PASSED] - Call Test Case 'Test Cases/T13 Pembelian, Shipment dan Pembayaran/PBY-001' successfully

2023-10-04 19:23:42 - [TEST_STEP][PASSED] - inv = data.get("invoice"): null

2023-10-04 19:23:42 - [TEST_STEP][PASSED] - Total = data.get("total"): null

2023-10-04 19:23:42 - [TEST_STEP][PASSED] - NamaPemesan = data.get("nama"): null

2023-10-04 19:23:42 - [TEST_STEP][PASSED] - click(findTestObject("Konfirmasi pesanan shop/Menu Shop")): Object: 'Object Repository/Konfirmasi pesanan shop/Menu Shop' is clicked on

2023-10-04 19:23:43 - [MESSAGE][PASSED] - Object: 'Object Repository/Konfirmasi pesanan shop/Menu Shop' is clicked on

2023-10-04 19:23:43 - [TEST_STEP][PASSED] - click(findTestObject("Konfirmasi pesanan shop/Menu Shop")): Object: 'Object Repository/Konfirmasi pesanan shop/Menu Shop' is clicked on

2023-10-04 19:23:44 - [MESSAGE][PASSED] - Object: 'Object Repository/Konfirmasi pesanan shop/Menu Shop' is clicked on

2023-10-04 19:23:44 - [TEST_STEP][PASSED] - click(findTestObject("Konfirmasi pesanan shop/Konfirmasi Orders")): Object: 'Object Repository/Konfirmasi pesanan shop/Konfirmasi Orders' is clicked on

2023-10-04 19:23:45 - [MESSAGE][PASSED] - Object: 'Object Repository/Konfirmasi pesanan shop/Konfirmasi Orders' is clicked on

2023-10-04 19:23:45 - [TEST_STEP][PASSED] - verifyElementPresent(findTestObject("Konfirmasi pesanan shop/Tittle Konfirmasi Pesanan"), 0): Object 'Object Repository/Konfirmasi pesanan shop/Tittle Konfirmasi Pesanan' is present

2023-10-04 19:23:46 - [MESSAGE][WARNING] - Timeout '0' is invalid. Using default page load timeout: '30'

2023-10-04 19:23:46 - [MESSAGE][PASSED] - Object 'Object Repository/Konfirmasi pesanan shop/Tittle Konfirmasi Pesanan' is present

2023-10-04 19:23:46 - [TEST_STEP][PASSED] - setText(findTestObject("Konfirmasi pesanan shop/input_No Pesanan"), inv): Text 'TRX60.20231004192326' is set on object 'Object Repository/Konfirmasi pesanan shop/input_No Pesanan'

2023-10-04 19:23:47 - [MESSAGE][PASSED] - Text 'TRX60.20231004192326' is set on object 'Object Repository/Konfirmasi pesanan shop/input_No Pesanan'

2023-10-04 19:23:47 - [TEST_STEP][PASSED] - setText(findTestObject("Konfirmasi pesanan shop/input_Alamat E-mai"), "irfan@gmail.com"): Text 'irfan@gmail.com' is set on object 'Object Repository/Konfirmasi pesanan shop/input_Alamat E-mai'

2023-10-04 19:23:48 - [MESSAGE][PASSED] - Text 'irfan@gmail.com' is set on object 'Object Repository/Konfirmasi pesanan shop/input_Alamat E-mai'

2023-10-04 19:23:48 - [TEST_STEP][PASSED] - click(findTestObject("Konfirmasi pesanan shop/button_Submit")): Object: 'Object Repository/Konfirmasi pesanan shop/button_Submit' is clicked on

2023-10-04 19:23:49 - [MESSAGE][PASSED] - Object: 'Object Repository/Konfirmasi pesanan shop/button_Submit' is clicked on

2023-10-04 19:23:49 - [TEST_STEP][PASSED] - verifyElementPresent(findTestObject("Konfirmasi pesanan shop/Tittle nomor invoice"), 0): Object 'Object Repository/Konfirmasi pesanan shop/Tittle nomor invoice' is present

2023-10-04 19:23:49 - [MESSAGE][WARNING] - Timeout '0' is invalid. Using default page load timeout: '30'

2023-10-04 19:23:50 - [MESSAGE][PASSED] - Object 'Object Repository/Konfirmasi pesanan shop/Tittle nomor invoice' is present

2023-10-04 19:23:50 - [TEST_STEP][PASSED] - setText(findTestObject("Konfirmasi pesanan shop/input_Total TagihanTransfer_b"), Total): Text '8,125' is set on object 'Object Repository/Konfirmasi pesanan shop/input_Total TagihanTransfer_b'

2023-10-04 19:23:50 - [MESSAGE][PASSED] - Text '8,125' is set on object 'Object Repository/Konfirmasi pesanan shop/input_Total TagihanTransfer_b'

2023-10-04 19:23:50 - [TEST_STEP][PASSED] - selectOptionByValue(findTestObject("Konfirmasi pesanan shop/select_Bank"), "4", false): All options with value '4' are selected in object 'Object Repository/Konfirmasi pesanan shop/select_Bank' 

2023-10-04 19:23:51 - [MESSAGE][PASSED] - All options with value '4' are selected in object 'Object Repository/Konfirmasi pesanan shop/select_Bank' 

2023-10-04 19:23:51 - [TEST_STEP][PASSED] - setText(findTestObject("Konfirmasi pesanan shop/input_Nama Pengirim_d"), NamaPemesan): Text 'irfan.afandi' is set on object 'Object Repository/Konfirmasi pesanan shop/input_Nama Pengirim_d'

2023-10-04 19:23:52 - [MESSAGE][PASSED] - Text 'irfan.afandi' is set on object 'Object Repository/Konfirmasi pesanan shop/input_Nama Pengirim_d'

2023-10-04 19:23:52 - [TEST_STEP][PASSED] - uploadFile(findTestObject("keranjang/konfirmasi/input_Upload Bukti Transfer_f"), "C:\Users\IRFAN\Downloads\Berkas2.pdf"): File 'C:\Users\IRFAN\Downloads\Berkas2.pdf' sent to object: 'Object Repository/keranjang/konfirmasi/input_Upload Bukti Transfer_f'

2023-10-04 19:23:52 - [MESSAGE][PASSED] - File 'C:\Users\IRFAN\Downloads\Berkas2.pdf' sent to object: 'Object Repository/keranjang/konfirmasi/input_Upload Bukti Transfer_f'

2023-10-04 19:23:52 - [TEST_STEP][PASSED] - click(findTestObject("Konfirmasi pesanan shop/button_Konfirmasi Pembayaran")): Object: 'Object Repository/Konfirmasi pesanan shop/button_Konfirmasi Pembayaran' is clicked on

2023-10-04 19:23:53 - [MESSAGE][PASSED] - Object: 'Object Repository/Konfirmasi pesanan shop/button_Konfirmasi Pembayaran' is clicked on

2023-10-04 19:23:53 - [TEST_STEP][PASSED] - verifyElementPresent(findTestObject("Konfirmasi pesanan shop/Tittle Konfirmasi Pesanan"), 0): Object 'Object Repository/Konfirmasi pesanan shop/Tittle Konfirmasi Pesanan' is present

2023-10-04 19:23:53 - [MESSAGE][WARNING] - Timeout '0' is invalid. Using default page load timeout: '30'

2023-10-04 19:23:54 - [MESSAGE][PASSED] - Object 'Object Repository/Konfirmasi pesanan shop/Tittle Konfirmasi Pesanan' is present

2023-10-04 19:23:54 - [TEST_STEP][PASSED] - verifyElementPresent(findTestObject("Konfirmasi pesanan shop/Tittle massage succes Konfirmasi Pembayaran Pesanan"), 0): Object 'Object Repository/Konfirmasi pesanan shop/Tittle massage succes Konfirmasi Pembayaran Pesanan' is present

2023-10-04 19:23:54 - [MESSAGE][WARNING] - Timeout '0' is invalid. Using default page load timeout: '30'

2023-10-04 19:23:54 - [MESSAGE][PASSED] - Object 'Object Repository/Konfirmasi pesanan shop/Tittle massage succes Konfirmasi Pembayaran Pesanan' is present

2023-10-04 19:23:54 - [TEST_STEP][PASSED] - return data: null

2023-10-04 19:23:54 - [MESSAGE][PASSED] - Call Test Case 'Test Cases/T13 Pembelian, Shipment dan Pembayaran/PBY-004' successfully

2023-10-04 19:23:54 - [TEST_STEP][PASSED] - navigateToUrl("https://10.9.2.63/ecommerce/administrator/"): Navigate to 'https://10.9.2.63/ecommerce/administrator/' successfully

2023-10-04 19:23:54 - [MESSAGE][PASSED] - Navigate to 'https://10.9.2.63/ecommerce/administrator/' successfully

2023-10-04 19:23:54 - [TEST_STEP][PASSED] - verifyElementPresent(findTestObject("admin/Tittle ADMIN Login"), 0): Object 'Object Repository/admin/Tittle ADMIN Login' is present

2023-10-04 19:23:54 - [MESSAGE][WARNING] - Timeout '0' is invalid. Using default page load timeout: '30'

2023-10-04 19:23:55 - [MESSAGE][PASSED] - Object 'Object Repository/admin/Tittle ADMIN Login' is present

2023-10-04 19:23:55 - [TEST_STEP][PASSED] - setText(findTestObject("admin/Username"), "admin"): Text 'admin' is set on object 'Object Repository/admin/Username'

2023-10-04 19:23:55 - [MESSAGE][PASSED] - Text 'admin' is set on object 'Object Repository/admin/Username'

2023-10-04 19:23:55 - [TEST_STEP][PASSED] - setText(findTestObject("admin/Password"), "123admin123"): Text '123admin123' is set on object 'Object Repository/admin/Password'

2023-10-04 19:23:56 - [MESSAGE][PASSED] - Text '123admin123' is set on object 'Object Repository/admin/Password'

2023-10-04 19:23:56 - [TEST_STEP][PASSED] - click(findTestObject("admin/Remember Me")): Object: 'Object Repository/admin/Remember Me' is clicked on

2023-10-04 19:23:57 - [MESSAGE][PASSED] - Object: 'Object Repository/admin/Remember Me' is clicked on

2023-10-04 19:23:57 - [TEST_STEP][PASSED] - delay(10): Delayed 10 second(s)

2023-10-04 19:24:07 - [MESSAGE][PASSED] - Delayed 10 second(s)

2023-10-04 19:24:07 - [TEST_STEP][PASSED] - click(findTestObject("admin/buttom submit")): Object: 'Object Repository/admin/buttom submit' is clicked on

2023-10-04 19:24:08 - [MESSAGE][PASSED] - Object: 'Object Repository/admin/buttom submit' is clicked on

2023-10-04 19:24:08 - [TEST_STEP][PASSED] - verifyElementPresent(findTestObject("admin/Konf order konsumen/Tittle Dashboard"), 0): Object 'Object Repository/admin/Konf order konsumen/Tittle Dashboard' is present

2023-10-04 19:24:08 - [MESSAGE][WARNING] - Timeout '0' is invalid. Using default page load timeout: '30'

2023-10-04 19:24:13 - [MESSAGE][PASSED] - Object 'Object Repository/admin/Konf order konsumen/Tittle Dashboard' is present

2023-10-04 19:24:13 - [TEST_STEP][PASSED] - click(findTestObject("admin/Konf order konsumen/Menu Transaksi Market")): Object: 'Object Repository/admin/Konf order konsumen/Menu Transaksi Market' is clicked on

2023-10-04 19:24:14 - [MESSAGE][PASSED] - Object: 'Object Repository/admin/Konf order konsumen/Menu Transaksi Market' is clicked on

2023-10-04 19:24:14 - [TEST_STEP][PASSED] - click(findTestObject("admin/Konf order konsumen/Menu Konf. Order Konsumen")): Object: 'Object Repository/admin/Konf order konsumen/Menu Konf. Order Konsumen' is clicked on

2023-10-04 19:24:16 - [MESSAGE][PASSED] - Object: 'Object Repository/admin/Konf order konsumen/Menu Konf. Order Konsumen' is clicked on

2023-10-04 19:24:16 - [TEST_STEP][PASSED] - verifyElementPresent(findTestObject("admin/Konf order konsumen/Tittle Data Konfirmasi Pembayaran Konsumen"), 0): Object 'Object Repository/admin/Konf order konsumen/Tittle Data Konfirmasi Pembayaran Konsumen' is present

2023-10-04 19:24:16 - [MESSAGE][WARNING] - Timeout '0' is invalid. Using default page load timeout: '30'

2023-10-04 19:24:22 - [MESSAGE][PASSED] - Object 'Object Repository/admin/Konf order konsumen/Tittle Data Konfirmasi Pembayaran Konsumen' is present

2023-10-04 19:24:22 - [TEST_STEP][PASSED] - inv = data.get("invoice"): null

2023-10-04 19:24:22 - [TEST_STEP][PASSED] - setText(findTestObject("admin/Konf order konsumen/Search"), inv): Text 'TRX60.20231004192326' is set on object 'Object Repository/admin/Konf order konsumen/Search'

2023-10-04 19:24:23 - [MESSAGE][PASSED] - Text 'TRX60.20231004192326' is set on object 'Object Repository/admin/Konf order konsumen/Search'

2023-10-04 19:24:23 - [TEST_STEP][PASSED] - verifyElementText(findTestObject("admin/Konf order konsumen/Keterangan Lunas"), "Lunas"): Actual text and expected text of test object 'Object Repository/admin/Konf order konsumen/Keterangan Lunas' are matched.

2023-10-04 19:24:24 - [MESSAGE][PASSED] - Actual text and expected text of test object 'Object Repository/admin/Konf order konsumen/Keterangan Lunas' are matched.

2023-10-04 19:24:24 - [TEST_STEP][PASSED] - return data: null

2023-10-04 19:24:24 - [MESSAGE][PASSED] - Call Test Case 'Test Cases/T13 Pembelian, Shipment dan Pembayaran/PBYA-001' successfully

2023-10-04 19:24:24 - [TEST_STEP][PASSED] - click(findTestObject("admin/Penjualan ke konsumen/buttom Dashboard")): Object: 'Object Repository/admin/Penjualan ke konsumen/buttom Dashboard' is clicked on

2023-10-04 19:24:25 - [MESSAGE][PASSED] - Object: 'Object Repository/admin/Penjualan ke konsumen/buttom Dashboard' is clicked on

2023-10-04 19:24:25 - [TEST_STEP][PASSED] - click(findTestObject("admin/Konf order konsumen/Menu Transaksi Market")): Object: 'Object Repository/admin/Konf order konsumen/Menu Transaksi Market' is clicked on

2023-10-04 19:24:31 - [MESSAGE][PASSED] - Object: 'Object Repository/admin/Konf order konsumen/Menu Transaksi Market' is clicked on

2023-10-04 19:24:31 - [TEST_STEP][PASSED] - click(findTestObject("admin/Penjualan ke konsumen/a_Penjualan ke Konsumen")): Object: 'Object Repository/admin/Penjualan ke konsumen/a_Penjualan ke Konsumen' is clicked on

2023-10-04 19:24:32 - [MESSAGE][PASSED] - Object: 'Object Repository/admin/Penjualan ke konsumen/a_Penjualan ke Konsumen' is clicked on

2023-10-04 19:24:32 - [TEST_STEP][PASSED] - verifyElementPresent(findTestObject("admin/Tittle Data Transaksi Penjualan  Orderan Konsumen"), 0): Object 'Object Repository/admin/Tittle Data Transaksi Penjualan  Orderan Konsumen' is present

2023-10-04 19:24:32 - [MESSAGE][WARNING] - Timeout '0' is invalid. Using default page load timeout: '30'

2023-10-04 19:24:38 - [MESSAGE][PASSED] - Object 'Object Repository/admin/Tittle Data Transaksi Penjualan  Orderan Konsumen' is present

2023-10-04 19:24:38 - [TEST_STEP][PASSED] - return data: null

2023-10-04 19:24:38 - [MESSAGE][PASSED] - Call Test Case 'Test Cases/T13 Pembelian, Shipment dan Pembayaran/SA-001' successfully

2023-10-04 19:24:38 - [TEST_STEP][PASSED] - inv = data.get("invoice"): null

2023-10-04 19:24:38 - [TEST_STEP][PASSED] - setText(findTestObject("admin/Penjualan ke konsumen/Search"), inv): Text 'TRX60.20231004192326' is set on object 'Object Repository/admin/Penjualan ke konsumen/Search'

2023-10-04 19:24:39 - [MESSAGE][PASSED] - Text 'TRX60.20231004192326' is set on object 'Object Repository/admin/Penjualan ke konsumen/Search'

2023-10-04 19:24:39 - [TEST_STEP][PASSED] - click(findTestObject("admin/Penjualan ke konsumen/buttom konfirmasi pending payment")): Object: 'Object Repository/admin/Penjualan ke konsumen/buttom konfirmasi pending payment' is clicked on

2023-10-04 19:24:40 - [MESSAGE][PASSED] - Object: 'Object Repository/admin/Penjualan ke konsumen/buttom konfirmasi pending payment' is clicked on

2023-10-04 19:24:40 - [TEST_STEP][PASSED] - acceptAlert(STOP_ON_FAILURE): Alert accepted

2023-10-04 19:24:40 - [MESSAGE][PASSED] - Alert accepted

2023-10-04 19:24:40 - [TEST_STEP][PASSED] - setText(findTestObject("admin/Penjualan ke konsumen/Search"), inv): Text 'TRX60.20231004192326' is set on object 'Object Repository/admin/Penjualan ke konsumen/Search'

2023-10-04 19:24:41 - [MESSAGE][PASSED] - Text 'TRX60.20231004192326' is set on object 'Object Repository/admin/Penjualan ke konsumen/Search'

2023-10-04 19:24:41 - [TEST_STEP][PASSED] - verifyTextNotPresent("pending payment", false): Text 'pending payment' is not present on page

2023-10-04 19:24:41 - [MESSAGE][PASSED] - Text 'pending payment' is not present on page

2023-10-04 19:24:41 - [TEST_STEP][PASSED] - return data: null]]></system-out>
         <system-err><![CDATA[]]></system-err>
      </testcase>
      <testcase name="Test Cases/T13 Pembelian, Shipment dan Pembayaran/SA-003" time="112.247" classname="Test Cases/T13 Pembelian, Shipment dan Pembayaran/SA-003" status="FAILED">
         <failure type="FAILED" message="Test Cases/T13 Pembelian, Shipment dan Pembayaran/SA-003 FAILED.
Reason:
com.kms.katalon.core.exception.StepFailedException: Unable to verify text 'Proses' is present 
	at com.kms.katalon.core.webui.keyword.internal.WebUIKeywordMain.stepFailed(WebUIKeywordMain.groovy:64)
	at com.kms.katalon.core.webui.keyword.internal.WebUIKeywordMain.runKeyword(WebUIKeywordMain.groovy:26)
	at com.kms.katalon.core.webui.keyword.builtin.VerifyTextPresentKeyword.verifyTextPresent(VerifyTextPresentKeyword.groovy:83)
	at com.kms.katalon.core.webui.keyword.builtin.VerifyTextPresentKeyword.execute(VerifyTextPresentKeyword.groovy:68)
	at com.kms.katalon.core.keyword.internal.KeywordExecutor.executeKeywordForPlatform(KeywordExecutor.groovy:74)
	at com.kms.katalon.core.webui.keyword.WebUiBuiltInKeywords.verifyTextPresent(WebUiBuiltInKeywords.groovy:1723)
	at com.kms.katalon.core.webui.keyword.WebUiBuiltInKeywords$verifyTextPresent$9.call(Unknown Source)
	at SA-003.run(SA-003:32)
	at com.kms.katalon.core.main.ScriptEngine.run(ScriptEngine.java:194)
	at com.kms.katalon.core.main.ScriptEngine.runScriptAsRawText(ScriptEngine.java:119)
	at com.kms.katalon.core.main.TestCaseExecutor.runScript(TestCaseExecutor.java:448)
	at com.kms.katalon.core.main.TestCaseExecutor.doExecute(TestCaseExecutor.java:439)
	at com.kms.katalon.core.main.TestCaseExecutor.processExecutionPhase(TestCaseExecutor.java:418)
	at com.kms.katalon.core.main.TestCaseExecutor.accessMainPhase(TestCaseExecutor.java:410)
	at com.kms.katalon.core.main.TestCaseExecutor.execute(TestCaseExecutor.java:285)
	at com.kms.katalon.core.common.CommonExecutor.accessTestCaseMainPhase(CommonExecutor.java:65)
	at com.kms.katalon.core.main.TestSuiteExecutor.accessTestSuiteMainPhase(TestSuiteExecutor.java:148)
	at com.kms.katalon.core.main.TestSuiteExecutor.execute(TestSuiteExecutor.java:106)
	at com.kms.katalon.core.main.TestCaseMain.startTestSuite(TestCaseMain.java:187)
	at com.kms.katalon.core.main.TestCaseMain$startTestSuite$0.call(Unknown Source)
	at TempTestSuite1696420804604.run(TempTestSuite1696420804604.groovy:36)
Caused by: com.kms.katalon.core.exception.StepFailedException: Text 'Proses' is not present on page 
	at com.kms.katalon.core.webui.keyword.internal.WebUIKeywordMain.stepFailed(WebUIKeywordMain.groovy:64)
	at com.kms.katalon.core.webui.keyword.builtin.VerifyTextPresentKeyword$_verifyTextPresent_closure1.doCall(VerifyTextPresentKeyword.groovy:79)
	at com.kms.katalon.core.webui.keyword.builtin.VerifyTextPresentKeyword$_verifyTextPresent_closure1.call(VerifyTextPresentKeyword.groovy)
	at com.kms.katalon.core.webui.keyword.internal.WebUIKeywordMain.runKeyword(WebUIKeywordMain.groovy:20)
	... 19 more
"/>
         <system-out><![CDATA[2023-10-04 19:24:41 - [TEST_CASE][FAILED] - Test Cases/T13 Pembelian, Shipment dan Pembayaran/SA-003: Test Cases/T13 Pembelian, Shipment dan Pembayaran/SA-003 FAILED.
Reason:
com.kms.katalon.core.exception.StepFailedException: Unable to verify text 'Proses' is present 
	at com.kms.katalon.core.webui.keyword.internal.WebUIKeywordMain.stepFailed(WebUIKeywordMain.groovy:64)
	at com.kms.katalon.core.webui.keyword.internal.WebUIKeywordMain.runKeyword(WebUIKeywordMain.groovy:26)
	at com.kms.katalon.core.webui.keyword.builtin.VerifyTextPresentKeyword.verifyTextPresent(VerifyTextPresentKeyword.groovy:83)
	at com.kms.katalon.core.webui.keyword.builtin.VerifyTextPresentKeyword.execute(VerifyTextPresentKeyword.groovy:68)
	at com.kms.katalon.core.keyword.internal.KeywordExecutor.executeKeywordForPlatform(KeywordExecutor.groovy:74)
	at com.kms.katalon.core.webui.keyword.WebUiBuiltInKeywords.verifyTextPresent(WebUiBuiltInKeywords.groovy:1723)
	at com.kms.katalon.core.webui.keyword.WebUiBuiltInKeywords$verifyTextPresent$9.call(Unknown Source)
	at SA-003.run(SA-003:32)
	at com.kms.katalon.core.main.ScriptEngine.run(ScriptEngine.java:194)
	at com.kms.katalon.core.main.ScriptEngine.runScriptAsRawText(ScriptEngine.java:119)
	at com.kms.katalon.core.main.TestCaseExecutor.runScript(TestCaseExecutor.java:448)
	at com.kms.katalon.core.main.TestCaseExecutor.doExecute(TestCaseExecutor.java:439)
	at com.kms.katalon.core.main.TestCaseExecutor.processExecutionPhase(TestCaseExecutor.java:418)
	at com.kms.katalon.core.main.TestCaseExecutor.accessMainPhase(TestCaseExecutor.java:410)
	at com.kms.katalon.core.main.TestCaseExecutor.execute(TestCaseExecutor.java:285)
	at com.kms.katalon.core.common.CommonExecutor.accessTestCaseMainPhase(CommonExecutor.java:65)
	at com.kms.katalon.core.main.TestSuiteExecutor.accessTestSuiteMainPhase(TestSuiteExecutor.java:148)
	at com.kms.katalon.core.main.TestSuiteExecutor.execute(TestSuiteExecutor.java:106)
	at com.kms.katalon.core.main.TestCaseMain.startTestSuite(TestCaseMain.java:187)
	at com.kms.katalon.core.main.TestCaseMain$startTestSuite$0.call(Unknown Source)
	at TempTestSuite1696420804604.run(TempTestSuite1696420804604.groovy:36)
Caused by: com.kms.katalon.core.exception.StepFailedException: Text 'Proses' is not present on page 
	at com.kms.katalon.core.webui.keyword.internal.WebUIKeywordMain.stepFailed(WebUIKeywordMain.groovy:64)
	at com.kms.katalon.core.webui.keyword.builtin.VerifyTextPresentKeyword$_verifyTextPresent_closure1.doCall(VerifyTextPresentKeyword.groovy:79)
	at com.kms.katalon.core.webui.keyword.builtin.VerifyTextPresentKeyword$_verifyTextPresent_closure1.call(VerifyTextPresentKeyword.groovy)
	at com.kms.katalon.core.webui.keyword.internal.WebUIKeywordMain.runKeyword(WebUIKeywordMain.groovy:20)
	... 19 more


2023-10-04 19:24:42 - [TEST_STEP][PASSED] - data = callTestCase(findTestCase("T13 Pembelian, Shipment dan Pembayaran/SA-002"), [:], STOP_ON_FAILURE): Call Test Case 'Test Cases/T13 Pembelian, Shipment dan Pembayaran/SA-002' successfully

2023-10-04 19:24:42 - [TEST_CASE][PASSED] - Test Cases/T13 Pembelian, Shipment dan Pembayaran/SA-002: Test Cases/T13 Pembelian, Shipment dan Pembayaran/SA-002

2023-10-04 19:24:42 - [TEST_STEP][PASSED] - data = callTestCase(findTestCase("T13 Pembelian, Shipment dan Pembayaran/SA-001"), [:], STOP_ON_FAILURE): Call Test Case 'Test Cases/T13 Pembelian, Shipment dan Pembayaran/SA-001' successfully

2023-10-04 19:24:42 - [TEST_CASE][PASSED] - Test Cases/T13 Pembelian, Shipment dan Pembayaran/SA-001: Test Cases/T13 Pembelian, Shipment dan Pembayaran/SA-001

2023-10-04 19:24:42 - [TEST_STEP][PASSED] - data = callTestCase(findTestCase("T13 Pembelian, Shipment dan Pembayaran/PBYA-001"), [:], STOP_ON_FAILURE): Call Test Case 'Test Cases/T13 Pembelian, Shipment dan Pembayaran/PBYA-001' successfully

2023-10-04 19:24:42 - [TEST_CASE][PASSED] - Test Cases/T13 Pembelian, Shipment dan Pembayaran/PBYA-001: Test Cases/T13 Pembelian, Shipment dan Pembayaran/PBYA-001

2023-10-04 19:24:42 - [TEST_STEP][PASSED] - data = callTestCase(findTestCase("T13 Pembelian, Shipment dan Pembayaran/PBY-004"), [:], STOP_ON_FAILURE): Call Test Case 'Test Cases/T13 Pembelian, Shipment dan Pembayaran/PBY-004' successfully

2023-10-04 19:24:42 - [TEST_CASE][PASSED] - Test Cases/T13 Pembelian, Shipment dan Pembayaran/PBY-004: Test Cases/T13 Pembelian, Shipment dan Pembayaran/PBY-004

2023-10-04 19:24:42 - [TEST_STEP][PASSED] - data = callTestCase(findTestCase("T13 Pembelian, Shipment dan Pembayaran/PBY-001"), [:], STOP_ON_FAILURE): Call Test Case 'Test Cases/T13 Pembelian, Shipment dan Pembayaran/PBY-001' successfully

2023-10-04 19:24:42 - [TEST_CASE][PASSED] - Test Cases/T13 Pembelian, Shipment dan Pembayaran/PBY-001: Test Cases/T13 Pembelian, Shipment dan Pembayaran/PBY-001

2023-10-04 19:24:42 - [TEST_STEP][PASSED] - data = callTestCase(findTestCase("T13 Pembelian, Shipment dan Pembayaran/PBL-004"), ["Kurir":"Roda 2"], STOP_ON_FAILURE): Call Test Case 'Test Cases/T13 Pembelian, Shipment dan Pembayaran/PBL-004' successfully

2023-10-04 19:24:42 - [TEST_CASE][PASSED] - Test Cases/T13 Pembelian, Shipment dan Pembayaran/PBL-004: Test Cases/T13 Pembelian, Shipment dan Pembayaran/PBL-004

2023-10-04 19:24:42 - [TEST_STEP][PASSED] - data = callTestCase(findTestCase("T13 Pembelian, Shipment dan Pembayaran/PBL-002"), [:], STOP_ON_FAILURE): Call Test Case 'Test Cases/T13 Pembelian, Shipment dan Pembayaran/PBL-002' successfully

2023-10-04 19:24:42 - [TEST_CASE][PASSED] - Test Cases/T13 Pembelian, Shipment dan Pembayaran/PBL-002: Test Cases/T13 Pembelian, Shipment dan Pembayaran/PBL-002

2023-10-04 19:24:42 - [TEST_STEP][PASSED] - data = callTestCase(findTestCase("T13 Pembelian, Shipment dan Pembayaran/PBL-001"), [:], STOP_ON_FAILURE): Call Test Case 'Test Cases/T13 Pembelian, Shipment dan Pembayaran/PBL-001' successfully

2023-10-04 19:24:42 - [TEST_CASE][PASSED] - Test Cases/T13 Pembelian, Shipment dan Pembayaran/PBL-001: Test Cases/T13 Pembelian, Shipment dan Pembayaran/PBL-001

2023-10-04 19:24:42 - [TEST_STEP][PASSED] - callTestCase(findTestCase("T13 Pembelian, Shipment dan Pembayaran/LU-001"), ["username":"irfanafandi", "password":"12345irfan"], STOP_ON_FAILURE): Call Test Case 'Test Cases/T13 Pembelian, Shipment dan Pembayaran/LU-001' successfully

2023-10-04 19:24:42 - [TEST_CASE][PASSED] - Test Cases/T13 Pembelian, Shipment dan Pembayaran/LU-001: Test Cases/T13 Pembelian, Shipment dan Pembayaran/LU-001

2023-10-04 19:24:42 - [TEST_STEP][PASSED] - openBrowser("https://10.9.2.63/ecommerce/"): Browser is opened with url: 'https://10.9.2.63/ecommerce/'

2023-10-04 19:24:42 - [MESSAGE][WARNING] - A browser is already opened. Closing browser and opening a new one

2023-10-04 19:24:43 - [MESSAGE][INFO] - Starting 'Firefox' driver

2023-10-04 19:24:43 - [MESSAGE][INFO] - User set preference: ['args', '[--disable-notifications]']

2023-10-04 19:24:43 - [MESSAGE][INFO] - Action delay is set to 0 milliseconds

2023-10-04 19:24:48 - [MESSAGE][PASSED] - Browser is opened with url: 'https://10.9.2.63/ecommerce/'

2023-10-04 19:24:48 - [TEST_STEP][PASSED] - maximizeWindow(): Current window maximized

2023-10-04 19:24:48 - [MESSAGE][PASSED] - Current window maximized

2023-10-04 19:24:48 - [TEST_STEP][PASSED] - verifyElementPresent(findTestObject("Login/Home"), 0): Object 'Object Repository/Login/Home' is present

2023-10-04 19:24:48 - [MESSAGE][WARNING] - Timeout '0' is invalid. Using default page load timeout: '30'

2023-10-04 19:24:49 - [MESSAGE][PASSED] - Object 'Object Repository/Login/Home' is present

2023-10-04 19:24:49 - [TEST_STEP][PASSED] - click(findTestObject("Login/a_Login")): Object: 'Object Repository/Login/a_Login' is clicked on

2023-10-04 19:24:49 - [MESSAGE][PASSED] - Object: 'Object Repository/Login/a_Login' is clicked on

2023-10-04 19:24:49 - [TEST_STEP][PASSED] - verifyElementPresent(findTestObject("Login/Tittle Login"), 0): Object 'Object Repository/Login/Tittle Login' is present

2023-10-04 19:24:49 - [MESSAGE][WARNING] - Timeout '0' is invalid. Using default page load timeout: '30'

2023-10-04 19:24:50 - [MESSAGE][PASSED] - Object 'Object Repository/Login/Tittle Login' is present

2023-10-04 19:24:50 - [TEST_STEP][PASSED] - setText(findTestObject("Login/input_Username, Email atau No. Handphone_a"), username): Text 'irfanafandi' is set on object 'Object Repository/Login/input_Username, Email atau No. Handphone_a'

2023-10-04 19:24:50 - [MESSAGE][PASSED] - Text 'irfanafandi' is set on object 'Object Repository/Login/input_Username, Email atau No. Handphone_a'

2023-10-04 19:24:50 - [TEST_STEP][PASSED] - setText(findTestObject("Login/input_Password_b"), password): Text '12345irfan' is set on object 'Object Repository/Login/input_Password_b'

2023-10-04 19:24:51 - [MESSAGE][PASSED] - Text '12345irfan' is set on object 'Object Repository/Login/input_Password_b'

2023-10-04 19:24:51 - [TEST_STEP][PASSED] - click(findTestObject("Login/label_Ingat saya")): Object: 'Object Repository/Login/label_Ingat saya' is clicked on

2023-10-04 19:24:52 - [MESSAGE][PASSED] - Object: 'Object Repository/Login/label_Ingat saya' is clicked on

2023-10-04 19:24:52 - [TEST_STEP][PASSED] - click(findTestObject("Login/button_Masuk")): Object: 'Object Repository/Login/button_Masuk' is clicked on

2023-10-04 19:24:53 - [MESSAGE][PASSED] - Object: 'Object Repository/Login/button_Masuk' is clicked on

2023-10-04 19:24:53 - [TEST_STEP][PASSED] - verifyElementPresent(findTestObject("Login/li_Profile"), 0): Object 'Object Repository/Login/li_Profile' is present

2023-10-04 19:24:53 - [MESSAGE][WARNING] - Timeout '0' is invalid. Using default page load timeout: '30'

2023-10-04 19:24:53 - [MESSAGE][PASSED] - Object 'Object Repository/Login/li_Profile' is present

2023-10-04 19:24:53 - [MESSAGE][PASSED] - Call Test Case 'Test Cases/T13 Pembelian, Shipment dan Pembayaran/LU-001' successfully

2023-10-04 19:24:53 - [TEST_STEP][PASSED] - mouseOver(findTestObject("beli barang/i_Mulai Belanja_icon-menu")): Object: 'Object Repository/beli barang/i_Mulai Belanja_icon-menu' is hovered

2023-10-04 19:24:54 - [MESSAGE][PASSED] - Object: 'Object Repository/beli barang/i_Mulai Belanja_icon-menu' is hovered

2023-10-04 19:24:54 - [TEST_STEP][PASSED] - click(findTestObject("beli barang/a_Fashion  Busana Wanita")): Object: 'Object Repository/beli barang/a_Fashion  Busana Wanita' is clicked on

2023-10-04 19:24:55 - [MESSAGE][PASSED] - Object: 'Object Repository/beli barang/a_Fashion  Busana Wanita' is clicked on

2023-10-04 19:24:55 - [TEST_STEP][PASSED] - NamaSebelum = getText(findTestObject("verifikasi/Nama sebelum")): Text of object 'Object Repository/verifikasi/Nama sebelum' is: ''

2023-10-04 19:24:56 - [MESSAGE][PASSED] - Text of object 'Object Repository/verifikasi/Nama sebelum' is: ''

2023-10-04 19:24:56 - [TEST_STEP][PASSED] - HargaSebelum = getText(findTestObject("verifikasi/Harga sebelum")): Text of object 'Object Repository/verifikasi/Harga sebelum' is: 'Rp 1,299'

2023-10-04 19:24:56 - [MESSAGE][PASSED] - Text of object 'Object Repository/verifikasi/Harga sebelum' is: 'Rp 1,299'

2023-10-04 19:24:56 - [TEST_STEP][PASSED] - mouseOver(findTestObject("beli barang/barang mouse over")): Object: 'Object Repository/beli barang/barang mouse over' is hovered

2023-10-04 19:24:57 - [MESSAGE][PASSED] - Object: 'Object Repository/beli barang/barang mouse over' is hovered

2023-10-04 19:24:57 - [TEST_STEP][PASSED] - click(findTestObject("beli barang/buttom add to cart")): Object: 'Object Repository/beli barang/buttom add to cart' is clicked on

2023-10-04 19:24:58 - [MESSAGE][PASSED] - Object: 'Object Repository/beli barang/buttom add to cart' is clicked on

2023-10-04 19:24:58 - [TEST_STEP][PASSED] - NamaSesudah = getText(findTestObject("verifikasi/Nama sesudah")): Text of object 'Object Repository/verifikasi/Nama sesudah' is: 'Segitiga Instan Madeira - MDB5.3 Sunset'

2023-10-04 19:24:58 - [MESSAGE][PASSED] - Text of object 'Object Repository/verifikasi/Nama sesudah' is: 'Segitiga Instan Madeira - MDB5.3 Sunset'

2023-10-04 19:24:58 - [TEST_STEP][PASSED] - HargaSesudah = getText(findTestObject("verifikasi/Harga sesudah")): Text of object 'Object Repository/verifikasi/Harga sesudah' is: 'Rp 1,299'

2023-10-04 19:24:59 - [MESSAGE][PASSED] - Text of object 'Object Repository/verifikasi/Harga sesudah' is: 'Rp 1,299'

2023-10-04 19:24:59 - [TEST_STEP][PASSED] - assert NamaSesudah.contains(NamaSebelum): null

2023-10-04 19:24:59 - [TEST_STEP][PASSED] - assert HargaSesudah.contains(HargaSebelum): null

2023-10-04 19:24:59 - [TEST_STEP][PASSED] - click(findTestObject("beli barang/Tambah Keranjang busana wanita")): Object: 'Object Repository/beli barang/Tambah Keranjang busana wanita' is clicked on

2023-10-04 19:24:59 - [MESSAGE][PASSED] - Object: 'Object Repository/beli barang/Tambah Keranjang busana wanita' is clicked on

2023-10-04 19:24:59 - [TEST_STEP][PASSED] - verifyElementPresent(findTestObject("checkout/Notifikasi keranjang"), 1): Object 'Object Repository/checkout/Notifikasi keranjang' is present

2023-10-04 19:25:00 - [MESSAGE][PASSED] - Object 'Object Repository/checkout/Notifikasi keranjang' is present

2023-10-04 19:25:00 - [TEST_STEP][PASSED] - data = new java.util.HashMap(): null

2023-10-04 19:25:00 - [TEST_STEP][PASSED] - data.put("nama_barang", NamaSesudah): null

2023-10-04 19:25:00 - [TEST_STEP][PASSED] - data.put("price_barang", HargaSesudah): null

2023-10-04 19:25:00 - [TEST_STEP][PASSED] - return data: null

2023-10-04 19:25:00 - [MESSAGE][PASSED] - Call Test Case 'Test Cases/T13 Pembelian, Shipment dan Pembayaran/PBL-001' successfully

2023-10-04 19:25:00 - [TEST_STEP][PASSED] - mouseOver(findTestObject("beli barang/keranjang")): Object: 'Object Repository/beli barang/keranjang' is hovered

2023-10-04 19:25:01 - [MESSAGE][PASSED] - Object: 'Object Repository/beli barang/keranjang' is hovered

2023-10-04 19:25:01 - [TEST_STEP][PASSED] - click(findTestObject("beli barang/Lihat Sekarang")): Object: 'Object Repository/beli barang/Lihat Sekarang' is clicked on

2023-10-04 19:25:02 - [MESSAGE][PASSED] - Object: 'Object Repository/beli barang/Lihat Sekarang' is clicked on

2023-10-04 19:25:02 - [TEST_STEP][PASSED] - verifyElementPresent(findTestObject("keranjang/li_Keranjang Belanja"), 0): Object 'Object Repository/keranjang/li_Keranjang Belanja' is present

2023-10-04 19:25:02 - [MESSAGE][WARNING] - Timeout '0' is invalid. Using default page load timeout: '30'

2023-10-04 19:25:03 - [MESSAGE][PASSED] - Object 'Object Repository/keranjang/li_Keranjang Belanja' is present

2023-10-04 19:25:03 - [TEST_STEP][PASSED] - NamaKeranjang = getText(findTestObject("verifikasi/Nama keranjang")): Text of object 'Object Repository/verifikasi/Nama keranjang' is: 'Segitiga Instan Madeira - MDB5.3 Sunset'

2023-10-04 19:25:03 - [MESSAGE][PASSED] - Text of object 'Object Repository/verifikasi/Nama keranjang' is: 'Segitiga Instan Madeira - MDB5.3 Sunset'

2023-10-04 19:25:03 - [TEST_STEP][PASSED] - HargaKeranjang = getText(findTestObject("verifikasi/Harga Keranjang")): Text of object 'Object Repository/verifikasi/Harga Keranjang' is: 'Rp 1,299'

2023-10-04 19:25:03 - [MESSAGE][PASSED] - Text of object 'Object Repository/verifikasi/Harga Keranjang' is: 'Rp 1,299'

2023-10-04 19:25:03 - [TEST_STEP][PASSED] - if (toString().equalsIgnoreCase("Merah")): Object 'Object Repository/keranjang/input_Warna_variasi101' is checked

2023-10-04 19:25:03 - [TEST_STEP][PASSED] - check(findTestObject("Object Repository/keranjang/input_Warna_variasi101")): Object 'Object Repository/keranjang/input_Warna_variasi101' is checked

2023-10-04 19:25:04 - [MESSAGE][PASSED] - Object 'Object Repository/keranjang/input_Warna_variasi101' is checked

2023-10-04 19:25:04 - [TEST_STEP][PASSED] - if (toString().equalsIgnoreCase("Menengah")): Object 'Object Repository/keranjang/input_Ukuran_variasi201' is checked

2023-10-04 19:25:04 - [TEST_STEP][PASSED] - check(findTestObject("Object Repository/keranjang/input_Ukuran_variasi201")): Object 'Object Repository/keranjang/input_Ukuran_variasi201' is checked

2023-10-04 19:25:05 - [MESSAGE][PASSED] - Object 'Object Repository/keranjang/input_Ukuran_variasi201' is checked

2023-10-04 19:25:05 - [TEST_STEP][PASSED] - data.put("Warna", warna): null

2023-10-04 19:25:05 - [TEST_STEP][PASSED] - data.put("Ukuran", ukuran): null

2023-10-04 19:25:05 - [TEST_STEP][PASSED] - click(findTestObject("keranjang/button_Lanjut ke Pembayaran")): Object: 'Object Repository/keranjang/button_Lanjut ke Pembayaran' is clicked on

2023-10-04 19:25:06 - [MESSAGE][PASSED] - Object: 'Object Repository/keranjang/button_Lanjut ke Pembayaran' is clicked on

2023-10-04 19:25:06 - [TEST_STEP][PASSED] - verifyElementPresent(findTestObject("checkout/Tittle Checkout Order"), 0): Object 'Object Repository/checkout/Tittle Checkout Order' is present

2023-10-04 19:25:06 - [MESSAGE][WARNING] - Timeout '0' is invalid. Using default page load timeout: '30'

2023-10-04 19:25:07 - [MESSAGE][PASSED] - Object 'Object Repository/checkout/Tittle Checkout Order' is present

2023-10-04 19:25:07 - [TEST_STEP][PASSED] - name_product = data.get("nama_barang"): null

2023-10-04 19:25:07 - [TEST_STEP][PASSED] - price_product = data.get("price_barang"): null

2023-10-04 19:25:07 - [TEST_STEP][PASSED] - assert name_product == NamaKeranjang: null

2023-10-04 19:25:07 - [TEST_STEP][PASSED] - assert price_product == HargaKeranjang: null

2023-10-04 19:25:07 - [TEST_STEP][PASSED] - return data: null

2023-10-04 19:25:07 - [MESSAGE][PASSED] - Call Test Case 'Test Cases/T13 Pembelian, Shipment dan Pembayaran/PBL-002' successfully

2023-10-04 19:25:07 - [TEST_STEP][PASSED] - warnaa = getText(findTestObject("verifikasi/warna Merah")): Text of object 'Object Repository/verifikasi/warna Merah' is: 'Merah'

2023-10-04 19:25:07 - [MESSAGE][PASSED] - Text of object 'Object Repository/verifikasi/warna Merah' is: 'Merah'

2023-10-04 19:25:07 - [TEST_STEP][PASSED] - ukurann = getText(findTestObject("verifikasi/Ukuran Menengah")): Text of object 'Object Repository/verifikasi/Ukuran Menengah' is: 'Menengah'

2023-10-04 19:25:07 - [MESSAGE][PASSED] - Text of object 'Object Repository/verifikasi/Ukuran Menengah' is: 'Menengah'

2023-10-04 19:25:07 - [TEST_STEP][PASSED] - warna1 = data.get("Warna"): null

2023-10-04 19:25:07 - [TEST_STEP][PASSED] - ukuran1 = data.get("Ukuran"): null

2023-10-04 19:25:07 - [TEST_STEP][PASSED] - assert warnaa == warna1: null

2023-10-04 19:25:07 - [TEST_STEP][PASSED] - assert ukurann == ukuran1: null

2023-10-04 19:25:07 - [TEST_STEP][PASSED] - NamaCheckout = getText(findTestObject("verifikasi/NamaCheckout")): Text of object 'Object Repository/verifikasi/NamaCheckout' is: ''

2023-10-04 19:25:08 - [MESSAGE][PASSED] - Text of object 'Object Repository/verifikasi/NamaCheckout' is: ''

2023-10-04 19:25:08 - [TEST_STEP][PASSED] - HargaCheckout = getText(findTestObject("verifikasi/HargaCheckout")): Text of object 'Object Repository/verifikasi/HargaCheckout' is: '1,299'

2023-10-04 19:25:08 - [MESSAGE][PASSED] - Text of object 'Object Repository/verifikasi/HargaCheckout' is: '1,299'

2023-10-04 19:25:08 - [TEST_STEP][PASSED] - name_product = data.get("nama_barang"): null

2023-10-04 19:25:08 - [TEST_STEP][PASSED] - price_product = data.get("price_barang"): null

2023-10-04 19:25:08 - [TEST_STEP][PASSED] - assert name_product.contains(NamaCheckout): null

2023-10-04 19:25:08 - [TEST_STEP][PASSED] - assert price_product.contains(HargaCheckout): null

2023-10-04 19:25:08 - [TEST_STEP][PASSED] - selectOptionByLabel(findTestObject("checkout/select - Kirim via Kurir Lokal"), Kurir, false): All options with label 'Roda 2' are selected in object 'Object Repository/checkout/select - Kirim via Kurir Lokal' 

2023-10-04 19:25:09 - [MESSAGE][PASSED] - All options with label 'Roda 2' are selected in object 'Object Repository/checkout/select - Kirim via Kurir Lokal' 

2023-10-04 19:25:09 - [TEST_STEP][PASSED] - click(findTestObject("checkout/Kendaraan Kurir")): Object: 'Object Repository/checkout/Kendaraan Kurir' is clicked on

2023-10-04 19:25:09 - [MESSAGE][PASSED] - Object: 'Object Repository/checkout/Kendaraan Kurir' is clicked on

2023-10-04 19:25:09 - [TEST_STEP][PASSED] - OngkosKirim = getText(findTestObject("Object Repository/verifikasi/Ongkos Kirim checkout")): Text of object 'Object Repository/verifikasi/Ongkos Kirim checkout' is: 'Rp. 5,000'

2023-10-04 19:25:10 - [MESSAGE][PASSED] - Text of object 'Object Repository/verifikasi/Ongkos Kirim checkout' is: 'Rp. 5,000'

2023-10-04 19:25:10 - [TEST_STEP][PASSED] - Ongkos = OngkosKirim.substring(3, OngkosKirim.size()): null

2023-10-04 19:25:10 - [TEST_STEP][PASSED] - rep = Ongkos.replace(",", "."): null

2023-10-04 19:25:10 - [TEST_STEP][PASSED] - Ongkos_kirim = Double.parseDouble(rep): null

2023-10-04 19:25:10 - [TEST_STEP][PASSED] - println(Ongkos_kirim): null

2023-10-04 19:25:10 - [TEST_STEP][PASSED] - FeeAdmin = getText(findTestObject("verifikasi/Fee Admin checkout")): Text of object 'Object Repository/verifikasi/Fee Admin checkout' is: 'Fee Admin
Rp 1,500'

2023-10-04 19:25:10 - [MESSAGE][PASSED] - Text of object 'Object Repository/verifikasi/Fee Admin checkout' is: 'Fee Admin
Rp 1,500'

2023-10-04 19:25:10 - [TEST_STEP][PASSED] - Fee_Admin = FeeAdmin.substring(12, FeeAdmin.size()): null

2023-10-04 19:25:10 - [TEST_STEP][PASSED] - fee = Fee_Admin.replace(",", "."): null

2023-10-04 19:25:10 - [TEST_STEP][PASSED] - fee_admin = Double.parseDouble(fee): null

2023-10-04 19:25:10 - [TEST_STEP][PASSED] - println(fee_admin): null

2023-10-04 19:25:10 - [TEST_STEP][PASSED] - Subtotal = getText(findTestObject("verifikasi/subtotal checkout")): Text of object 'Object Repository/verifikasi/subtotal checkout' is: 'Subtotal
Rp 1,299'

2023-10-04 19:25:10 - [MESSAGE][PASSED] - Text of object 'Object Repository/verifikasi/subtotal checkout' is: 'Subtotal
Rp 1,299'

2023-10-04 19:25:10 - [TEST_STEP][PASSED] - sub_total = Subtotal.substring(12, Subtotal.size()): null

2023-10-04 19:25:10 - [TEST_STEP][PASSED] - sub = sub_total.replace(",", "."): null

2023-10-04 19:25:10 - [TEST_STEP][PASSED] - sub_total = Double.parseDouble(sub): null

2023-10-04 19:25:10 - [TEST_STEP][PASSED] - println(sub_total): null

2023-10-04 19:25:10 - [TEST_STEP][PASSED] - Total = getText(findTestObject("verifikasi/Total checkout")): Text of object 'Object Repository/verifikasi/Total checkout' is: 'Rp 7,799'

2023-10-04 19:25:11 - [MESSAGE][PASSED] - Text of object 'Object Repository/verifikasi/Total checkout' is: 'Rp 7,799'

2023-10-04 19:25:11 - [TEST_STEP][PASSED] - totall = Total.substring(3, Total.size()): null

2023-10-04 19:25:11 - [TEST_STEP][PASSED] - total = totall.replace(",", "."): null

2023-10-04 19:25:11 - [TEST_STEP][PASSED] - totall = Double.parseDouble(total): null

2023-10-04 19:25:11 - [TEST_STEP][PASSED] - println(totall): null

2023-10-04 19:25:11 - [TEST_STEP][PASSED] - Total_Harga = Ongkos_kirim + fee_admin + sub_total: null

2023-10-04 19:25:11 - [TEST_STEP][PASSED] - println(Total_Harga): null

2023-10-04 19:25:11 - [TEST_STEP][PASSED] - TotalHarga = Math.round(Total_Harga * 1000) / 1000: null

2023-10-04 19:25:11 - [TEST_STEP][PASSED] - println(TotalHarga): null

2023-10-04 19:25:11 - [TEST_STEP][PASSED] - assert totall == TotalHarga: null

2023-10-04 19:25:11 - [TEST_STEP][PASSED] - click(findTestObject("verifikasi/Metode Transfer")): Object: 'Object Repository/verifikasi/Metode Transfer' is clicked on

2023-10-04 19:25:12 - [MESSAGE][PASSED] - Object: 'Object Repository/verifikasi/Metode Transfer' is clicked on

2023-10-04 19:25:12 - [TEST_STEP][PASSED] - click(findTestObject("checkout/button_Proses Pembayaran")): Object: 'Object Repository/checkout/button_Proses Pembayaran' is clicked on

2023-10-04 19:25:17 - [MESSAGE][PASSED] - Object: 'Object Repository/checkout/button_Proses Pembayaran' is clicked on

2023-10-04 19:25:17 - [TEST_STEP][PASSED] - verifyElementPresent(findTestObject("pembayaran/Tittle nomor invoice"), 0): Object 'Object Repository/pembayaran/Tittle nomor invoice' is present

2023-10-04 19:25:17 - [MESSAGE][WARNING] - Timeout '0' is invalid. Using default page load timeout: '30'

2023-10-04 19:25:21 - [MESSAGE][PASSED] - Object 'Object Repository/pembayaran/Tittle nomor invoice' is present

2023-10-04 19:25:21 - [TEST_STEP][PASSED] - return data: null

2023-10-04 19:25:21 - [MESSAGE][PASSED] - Call Test Case 'Test Cases/T13 Pembelian, Shipment dan Pembayaran/PBL-004' successfully

2023-10-04 19:25:21 - [TEST_STEP][PASSED] - Invoice = getText(findTestObject("pembayaran/nomor invoice")): Text of object 'Object Repository/pembayaran/nomor invoice' is: 'TRX60.20231004192513'

2023-10-04 19:25:22 - [MESSAGE][PASSED] - Text of object 'Object Repository/pembayaran/nomor invoice' is: 'TRX60.20231004192513'

2023-10-04 19:25:22 - [TEST_STEP][PASSED] - data.put("invoice", Invoice): null

2023-10-04 19:25:22 - [TEST_STEP][PASSED] - NamaPemesan = getText(findTestObject("Konfirmasi pesanan shop/Nama pemesan")): Text of object 'Object Repository/Konfirmasi pesanan shop/Nama pemesan' is: 'irfan.afandi'

2023-10-04 19:25:22 - [MESSAGE][PASSED] - Text of object 'Object Repository/Konfirmasi pesanan shop/Nama pemesan' is: 'irfan.afandi'

2023-10-04 19:25:22 - [TEST_STEP][PASSED] - Nama = getText(findTestObject("pembayaran/Nama barang")): Text of object 'Object Repository/pembayaran/Nama barang' is: 'Segitiga Instan Madeira - MDB5.3 Sunset'

2023-10-04 19:25:23 - [MESSAGE][PASSED] - Text of object 'Object Repository/pembayaran/Nama barang' is: 'Segitiga Instan Madeira - MDB5.3 Sunset'

2023-10-04 19:25:23 - [TEST_STEP][PASSED] - Harga = getText(findTestObject("pembayaran/Harga barang")): Text of object 'Object Repository/pembayaran/Harga barang' is: '1,299'

2023-10-04 19:25:23 - [MESSAGE][PASSED] - Text of object 'Object Repository/pembayaran/Harga barang' is: '1,299'

2023-10-04 19:25:23 - [TEST_STEP][PASSED] - name_product = data.get("nama_barang"): null

2023-10-04 19:25:23 - [TEST_STEP][PASSED] - price_product = data.get("price_barang"): null

2023-10-04 19:25:23 - [TEST_STEP][PASSED] - assert name_product.contains(Nama): null

2023-10-04 19:25:23 - [TEST_STEP][PASSED] - assert price_product.contains(Harga): null

2023-10-04 19:25:23 - [TEST_STEP][PASSED] - warnaa = getText(findTestObject("pembayaran/warna")): Text of object 'Object Repository/pembayaran/warna' is: 'Merah'

2023-10-04 19:25:24 - [MESSAGE][PASSED] - Text of object 'Object Repository/pembayaran/warna' is: 'Merah'

2023-10-04 19:25:24 - [TEST_STEP][PASSED] - ukurann = getText(findTestObject("pembayaran/ukuran")): Text of object 'Object Repository/pembayaran/ukuran' is: 'Menengah'

2023-10-04 19:25:24 - [MESSAGE][PASSED] - Text of object 'Object Repository/pembayaran/ukuran' is: 'Menengah'

2023-10-04 19:25:24 - [TEST_STEP][PASSED] - warna1 = data.get("Warna"): null

2023-10-04 19:25:24 - [TEST_STEP][PASSED] - ukuran1 = data.get("Ukuran"): null

2023-10-04 19:25:24 - [TEST_STEP][PASSED] - assert warnaa == warna1: null

2023-10-04 19:25:24 - [TEST_STEP][PASSED] - assert ukurann == ukuran1: null

2023-10-04 19:25:24 - [TEST_STEP][PASSED] - statusPembelian = getText(findTestObject("verifikasi/Status pending di pembelian")): Text of object 'Object Repository/verifikasi/Status pending di pembelian' is: 'Pending'

2023-10-04 19:25:25 - [MESSAGE][PASSED] - Text of object 'Object Repository/verifikasi/Status pending di pembelian' is: 'Pending'

2023-10-04 19:25:25 - [TEST_STEP][PASSED] - data.put("statusPem", statusPembelian): null

2023-10-04 19:25:25 - [TEST_STEP][PASSED] - OngkosKirim = getText(findTestObject("pembayaran/ongkos kirim")): Text of object 'Object Repository/pembayaran/ongkos kirim' is: 'Rp 5,000'

2023-10-04 19:25:25 - [MESSAGE][PASSED] - Text of object 'Object Repository/pembayaran/ongkos kirim' is: 'Rp 5,000'

2023-10-04 19:25:25 - [TEST_STEP][PASSED] - Ongkos = OngkosKirim.substring(3, OngkosKirim.size()): null

2023-10-04 19:25:25 - [TEST_STEP][PASSED] - rep = Ongkos.replace(",", ""): null

2023-10-04 19:25:25 - [TEST_STEP][PASSED] - Ongkos_kirimm = Integer.parseInt(rep): null

2023-10-04 19:25:25 - [TEST_STEP][PASSED] - println(Ongkos_kirimm): null

2023-10-04 19:25:25 - [TEST_STEP][PASSED] - FeeAdmin = getText(findTestObject("pembayaran/fee admin")): Text of object 'Object Repository/pembayaran/fee admin' is: 'Rp 1,500'

2023-10-04 19:25:26 - [MESSAGE][PASSED] - Text of object 'Object Repository/pembayaran/fee admin' is: 'Rp 1,500'

2023-10-04 19:25:26 - [TEST_STEP][PASSED] - Fee_Admin = FeeAdmin.substring(3, FeeAdmin.size()): null

2023-10-04 19:25:26 - [TEST_STEP][PASSED] - fee = Fee_Admin.replace(",", ""): null

2023-10-04 19:25:26 - [TEST_STEP][PASSED] - fee_adminn = Integer.parseInt(fee): null

2023-10-04 19:25:26 - [TEST_STEP][PASSED] - println(fee_adminn): null

2023-10-04 19:25:26 - [TEST_STEP][PASSED] - Subtotal = getText(findTestObject("pembayaran/subtotal")): Text of object 'Object Repository/pembayaran/subtotal' is: 'Rp 1,299'

2023-10-04 19:25:26 - [MESSAGE][PASSED] - Text of object 'Object Repository/pembayaran/subtotal' is: 'Rp 1,299'

2023-10-04 19:25:26 - [TEST_STEP][PASSED] - sub_total = Subtotal.substring(3, Subtotal.size()): null

2023-10-04 19:25:26 - [TEST_STEP][PASSED] - sub = sub_total.replace(",", ""): null

2023-10-04 19:25:26 - [TEST_STEP][PASSED] - sub_totall = Integer.parseInt(sub): null

2023-10-04 19:25:26 - [TEST_STEP][PASSED] - println(sub_totall): null

2023-10-04 19:25:26 - [TEST_STEP][PASSED] - unik = getText(findTestObject("pembayaran/kode unik")): Text of object 'Object Repository/pembayaran/kode unik' is: '+513'

2023-10-04 19:25:27 - [MESSAGE][PASSED] - Text of object 'Object Repository/pembayaran/kode unik' is: '+513'

2023-10-04 19:25:27 - [TEST_STEP][PASSED] - unikk = unik.replace("+", ""): null

2023-10-04 19:25:27 - [TEST_STEP][PASSED] - kode_unik = Integer.parseInt(unikk): null

2023-10-04 19:25:27 - [TEST_STEP][PASSED] - println(kode_unik): null

2023-10-04 19:25:27 - [TEST_STEP][PASSED] - Total = getText(findTestObject("pembayaran/total")): Text of object 'Object Repository/pembayaran/total' is: '8,312'

2023-10-04 19:25:27 - [MESSAGE][PASSED] - Text of object 'Object Repository/pembayaran/total' is: '8,312'

2023-10-04 19:25:27 - [TEST_STEP][PASSED] - total = Total.replace(",", ""): null

2023-10-04 19:25:27 - [TEST_STEP][PASSED] - totalll = Integer.parseInt(total): null

2023-10-04 19:25:27 - [TEST_STEP][PASSED] - println(totalll): null

2023-10-04 19:25:27 - [TEST_STEP][PASSED] - Total_Hargaa = Ongkos_kirimm + fee_adminn + sub_totall + kode_unik: null

2023-10-04 19:25:27 - [TEST_STEP][PASSED] - println(Total_Hargaa): null

2023-10-04 19:25:27 - [TEST_STEP][PASSED] - assert totalll == Total_Hargaa: null

2023-10-04 19:25:27 - [TEST_STEP][PASSED] - data.put("total", Total): null

2023-10-04 19:25:27 - [TEST_STEP][PASSED] - data.put("nama", NamaPemesan): null

2023-10-04 19:25:27 - [TEST_STEP][PASSED] - return data: null

2023-10-04 19:25:27 - [MESSAGE][PASSED] - Call Test Case 'Test Cases/T13 Pembelian, Shipment dan Pembayaran/PBY-001' successfully

2023-10-04 19:25:27 - [TEST_STEP][PASSED] - inv = data.get("invoice"): null

2023-10-04 19:25:27 - [TEST_STEP][PASSED] - Total = data.get("total"): null

2023-10-04 19:25:27 - [TEST_STEP][PASSED] - NamaPemesan = data.get("nama"): null

2023-10-04 19:25:27 - [TEST_STEP][PASSED] - click(findTestObject("Konfirmasi pesanan shop/Menu Shop")): Object: 'Object Repository/Konfirmasi pesanan shop/Menu Shop' is clicked on

2023-10-04 19:25:29 - [MESSAGE][PASSED] - Object: 'Object Repository/Konfirmasi pesanan shop/Menu Shop' is clicked on

2023-10-04 19:25:29 - [TEST_STEP][PASSED] - click(findTestObject("Konfirmasi pesanan shop/Menu Shop")): Object: 'Object Repository/Konfirmasi pesanan shop/Menu Shop' is clicked on

2023-10-04 19:25:30 - [MESSAGE][PASSED] - Object: 'Object Repository/Konfirmasi pesanan shop/Menu Shop' is clicked on

2023-10-04 19:25:30 - [TEST_STEP][PASSED] - click(findTestObject("Konfirmasi pesanan shop/Konfirmasi Orders")): Object: 'Object Repository/Konfirmasi pesanan shop/Konfirmasi Orders' is clicked on

2023-10-04 19:25:31 - [MESSAGE][PASSED] - Object: 'Object Repository/Konfirmasi pesanan shop/Konfirmasi Orders' is clicked on

2023-10-04 19:25:31 - [TEST_STEP][PASSED] - verifyElementPresent(findTestObject("Konfirmasi pesanan shop/Tittle Konfirmasi Pesanan"), 0): Object 'Object Repository/Konfirmasi pesanan shop/Tittle Konfirmasi Pesanan' is present

2023-10-04 19:25:31 - [MESSAGE][WARNING] - Timeout '0' is invalid. Using default page load timeout: '30'

2023-10-04 19:25:31 - [MESSAGE][PASSED] - Object 'Object Repository/Konfirmasi pesanan shop/Tittle Konfirmasi Pesanan' is present

2023-10-04 19:25:31 - [TEST_STEP][PASSED] - setText(findTestObject("Konfirmasi pesanan shop/input_No Pesanan"), inv): Text 'TRX60.20231004192513' is set on object 'Object Repository/Konfirmasi pesanan shop/input_No Pesanan'

2023-10-04 19:25:32 - [MESSAGE][PASSED] - Text 'TRX60.20231004192513' is set on object 'Object Repository/Konfirmasi pesanan shop/input_No Pesanan'

2023-10-04 19:25:32 - [TEST_STEP][PASSED] - setText(findTestObject("Konfirmasi pesanan shop/input_Alamat E-mai"), "irfan@gmail.com"): Text 'irfan@gmail.com' is set on object 'Object Repository/Konfirmasi pesanan shop/input_Alamat E-mai'

2023-10-04 19:25:33 - [MESSAGE][PASSED] - Text 'irfan@gmail.com' is set on object 'Object Repository/Konfirmasi pesanan shop/input_Alamat E-mai'

2023-10-04 19:25:33 - [TEST_STEP][PASSED] - click(findTestObject("Konfirmasi pesanan shop/button_Submit")): Object: 'Object Repository/Konfirmasi pesanan shop/button_Submit' is clicked on

2023-10-04 19:25:34 - [MESSAGE][PASSED] - Object: 'Object Repository/Konfirmasi pesanan shop/button_Submit' is clicked on

2023-10-04 19:25:34 - [TEST_STEP][PASSED] - verifyElementPresent(findTestObject("Konfirmasi pesanan shop/Tittle nomor invoice"), 0): Object 'Object Repository/Konfirmasi pesanan shop/Tittle nomor invoice' is present

2023-10-04 19:25:34 - [MESSAGE][WARNING] - Timeout '0' is invalid. Using default page load timeout: '30'

2023-10-04 19:25:35 - [MESSAGE][PASSED] - Object 'Object Repository/Konfirmasi pesanan shop/Tittle nomor invoice' is present

2023-10-04 19:25:35 - [TEST_STEP][PASSED] - setText(findTestObject("Konfirmasi pesanan shop/input_Total TagihanTransfer_b"), Total): Text '8,312' is set on object 'Object Repository/Konfirmasi pesanan shop/input_Total TagihanTransfer_b'

2023-10-04 19:25:35 - [MESSAGE][PASSED] - Text '8,312' is set on object 'Object Repository/Konfirmasi pesanan shop/input_Total TagihanTransfer_b'

2023-10-04 19:25:35 - [TEST_STEP][PASSED] - selectOptionByValue(findTestObject("Konfirmasi pesanan shop/select_Bank"), "4", false): All options with value '4' are selected in object 'Object Repository/Konfirmasi pesanan shop/select_Bank' 

2023-10-04 19:25:36 - [MESSAGE][PASSED] - All options with value '4' are selected in object 'Object Repository/Konfirmasi pesanan shop/select_Bank' 

2023-10-04 19:25:36 - [TEST_STEP][PASSED] - setText(findTestObject("Konfirmasi pesanan shop/input_Nama Pengirim_d"), NamaPemesan): Text 'irfan.afandi' is set on object 'Object Repository/Konfirmasi pesanan shop/input_Nama Pengirim_d'

2023-10-04 19:25:37 - [MESSAGE][PASSED] - Text 'irfan.afandi' is set on object 'Object Repository/Konfirmasi pesanan shop/input_Nama Pengirim_d'

2023-10-04 19:25:37 - [TEST_STEP][PASSED] - uploadFile(findTestObject("keranjang/konfirmasi/input_Upload Bukti Transfer_f"), "C:\Users\IRFAN\Downloads\Berkas2.pdf"): File 'C:\Users\IRFAN\Downloads\Berkas2.pdf' sent to object: 'Object Repository/keranjang/konfirmasi/input_Upload Bukti Transfer_f'

2023-10-04 19:25:37 - [MESSAGE][PASSED] - File 'C:\Users\IRFAN\Downloads\Berkas2.pdf' sent to object: 'Object Repository/keranjang/konfirmasi/input_Upload Bukti Transfer_f'

2023-10-04 19:25:37 - [TEST_STEP][PASSED] - click(findTestObject("Konfirmasi pesanan shop/button_Konfirmasi Pembayaran")): Object: 'Object Repository/Konfirmasi pesanan shop/button_Konfirmasi Pembayaran' is clicked on

2023-10-04 19:25:38 - [MESSAGE][PASSED] - Object: 'Object Repository/Konfirmasi pesanan shop/button_Konfirmasi Pembayaran' is clicked on

2023-10-04 19:25:38 - [TEST_STEP][PASSED] - verifyElementPresent(findTestObject("Konfirmasi pesanan shop/Tittle Konfirmasi Pesanan"), 0): Object 'Object Repository/Konfirmasi pesanan shop/Tittle Konfirmasi Pesanan' is present

2023-10-04 19:25:38 - [MESSAGE][WARNING] - Timeout '0' is invalid. Using default page load timeout: '30'

2023-10-04 19:25:39 - [MESSAGE][PASSED] - Object 'Object Repository/Konfirmasi pesanan shop/Tittle Konfirmasi Pesanan' is present

2023-10-04 19:25:39 - [TEST_STEP][PASSED] - verifyElementPresent(findTestObject("Konfirmasi pesanan shop/Tittle massage succes Konfirmasi Pembayaran Pesanan"), 0): Object 'Object Repository/Konfirmasi pesanan shop/Tittle massage succes Konfirmasi Pembayaran Pesanan' is present

2023-10-04 19:25:39 - [MESSAGE][WARNING] - Timeout '0' is invalid. Using default page load timeout: '30'

2023-10-04 19:25:39 - [MESSAGE][PASSED] - Object 'Object Repository/Konfirmasi pesanan shop/Tittle massage succes Konfirmasi Pembayaran Pesanan' is present

2023-10-04 19:25:39 - [TEST_STEP][PASSED] - return data: null

2023-10-04 19:25:39 - [MESSAGE][PASSED] - Call Test Case 'Test Cases/T13 Pembelian, Shipment dan Pembayaran/PBY-004' successfully

2023-10-04 19:25:39 - [TEST_STEP][PASSED] - navigateToUrl("https://10.9.2.63/ecommerce/administrator/"): Navigate to 'https://10.9.2.63/ecommerce/administrator/' successfully

2023-10-04 19:25:40 - [MESSAGE][PASSED] - Navigate to 'https://10.9.2.63/ecommerce/administrator/' successfully

2023-10-04 19:25:40 - [TEST_STEP][PASSED] - verifyElementPresent(findTestObject("admin/Tittle ADMIN Login"), 0): Object 'Object Repository/admin/Tittle ADMIN Login' is present

2023-10-04 19:25:40 - [MESSAGE][WARNING] - Timeout '0' is invalid. Using default page load timeout: '30'

2023-10-04 19:25:40 - [MESSAGE][PASSED] - Object 'Object Repository/admin/Tittle ADMIN Login' is present

2023-10-04 19:25:40 - [TEST_STEP][PASSED] - setText(findTestObject("admin/Username"), "admin"): Text 'admin' is set on object 'Object Repository/admin/Username'

2023-10-04 19:25:41 - [MESSAGE][PASSED] - Text 'admin' is set on object 'Object Repository/admin/Username'

2023-10-04 19:25:41 - [TEST_STEP][PASSED] - setText(findTestObject("admin/Password"), "123admin123"): Text '123admin123' is set on object 'Object Repository/admin/Password'

2023-10-04 19:25:41 - [MESSAGE][PASSED] - Text '123admin123' is set on object 'Object Repository/admin/Password'

2023-10-04 19:25:41 - [TEST_STEP][PASSED] - click(findTestObject("admin/Remember Me")): Object: 'Object Repository/admin/Remember Me' is clicked on

2023-10-04 19:25:42 - [MESSAGE][PASSED] - Object: 'Object Repository/admin/Remember Me' is clicked on

2023-10-04 19:25:42 - [TEST_STEP][PASSED] - delay(10): Delayed 10 second(s)

2023-10-04 19:25:52 - [MESSAGE][PASSED] - Delayed 10 second(s)

2023-10-04 19:25:52 - [TEST_STEP][PASSED] - click(findTestObject("admin/buttom submit")): Object: 'Object Repository/admin/buttom submit' is clicked on

2023-10-04 19:25:57 - [MESSAGE][PASSED] - Object: 'Object Repository/admin/buttom submit' is clicked on

2023-10-04 19:25:57 - [TEST_STEP][PASSED] - verifyElementPresent(findTestObject("admin/Konf order konsumen/Tittle Dashboard"), 0): Object 'Object Repository/admin/Konf order konsumen/Tittle Dashboard' is present

2023-10-04 19:25:57 - [MESSAGE][WARNING] - Timeout '0' is invalid. Using default page load timeout: '30'

2023-10-04 19:26:01 - [MESSAGE][PASSED] - Object 'Object Repository/admin/Konf order konsumen/Tittle Dashboard' is present

2023-10-04 19:26:01 - [TEST_STEP][PASSED] - click(findTestObject("admin/Konf order konsumen/Menu Transaksi Market")): Object: 'Object Repository/admin/Konf order konsumen/Menu Transaksi Market' is clicked on

2023-10-04 19:26:02 - [MESSAGE][PASSED] - Object: 'Object Repository/admin/Konf order konsumen/Menu Transaksi Market' is clicked on

2023-10-04 19:26:02 - [TEST_STEP][PASSED] - click(findTestObject("admin/Konf order konsumen/Menu Konf. Order Konsumen")): Object: 'Object Repository/admin/Konf order konsumen/Menu Konf. Order Konsumen' is clicked on

2023-10-04 19:26:04 - [MESSAGE][PASSED] - Object: 'Object Repository/admin/Konf order konsumen/Menu Konf. Order Konsumen' is clicked on

2023-10-04 19:26:04 - [TEST_STEP][PASSED] - verifyElementPresent(findTestObject("admin/Konf order konsumen/Tittle Data Konfirmasi Pembayaran Konsumen"), 0): Object 'Object Repository/admin/Konf order konsumen/Tittle Data Konfirmasi Pembayaran Konsumen' is present

2023-10-04 19:26:04 - [MESSAGE][WARNING] - Timeout '0' is invalid. Using default page load timeout: '30'

2023-10-04 19:26:11 - [MESSAGE][PASSED] - Object 'Object Repository/admin/Konf order konsumen/Tittle Data Konfirmasi Pembayaran Konsumen' is present

2023-10-04 19:26:11 - [TEST_STEP][PASSED] - inv = data.get("invoice"): null

2023-10-04 19:26:11 - [TEST_STEP][PASSED] - setText(findTestObject("admin/Konf order konsumen/Search"), inv): Text 'TRX60.20231004192513' is set on object 'Object Repository/admin/Konf order konsumen/Search'

2023-10-04 19:26:12 - [MESSAGE][PASSED] - Text 'TRX60.20231004192513' is set on object 'Object Repository/admin/Konf order konsumen/Search'

2023-10-04 19:26:12 - [TEST_STEP][PASSED] - verifyElementText(findTestObject("admin/Konf order konsumen/Keterangan Lunas"), "Lunas"): Actual text and expected text of test object 'Object Repository/admin/Konf order konsumen/Keterangan Lunas' are matched.

2023-10-04 19:26:12 - [MESSAGE][PASSED] - Actual text and expected text of test object 'Object Repository/admin/Konf order konsumen/Keterangan Lunas' are matched.

2023-10-04 19:26:12 - [TEST_STEP][PASSED] - return data: null

2023-10-04 19:26:12 - [MESSAGE][PASSED] - Call Test Case 'Test Cases/T13 Pembelian, Shipment dan Pembayaran/PBYA-001' successfully

2023-10-04 19:26:12 - [TEST_STEP][PASSED] - click(findTestObject("admin/Penjualan ke konsumen/buttom Dashboard")): Object: 'Object Repository/admin/Penjualan ke konsumen/buttom Dashboard' is clicked on

2023-10-04 19:26:13 - [MESSAGE][PASSED] - Object: 'Object Repository/admin/Penjualan ke konsumen/buttom Dashboard' is clicked on

2023-10-04 19:26:13 - [TEST_STEP][PASSED] - click(findTestObject("admin/Konf order konsumen/Menu Transaksi Market")): Object: 'Object Repository/admin/Konf order konsumen/Menu Transaksi Market' is clicked on

2023-10-04 19:26:20 - [MESSAGE][PASSED] - Object: 'Object Repository/admin/Konf order konsumen/Menu Transaksi Market' is clicked on

2023-10-04 19:26:20 - [TEST_STEP][PASSED] - click(findTestObject("admin/Penjualan ke konsumen/a_Penjualan ke Konsumen")): Object: 'Object Repository/admin/Penjualan ke konsumen/a_Penjualan ke Konsumen' is clicked on

2023-10-04 19:26:21 - [MESSAGE][PASSED] - Object: 'Object Repository/admin/Penjualan ke konsumen/a_Penjualan ke Konsumen' is clicked on

2023-10-04 19:26:21 - [TEST_STEP][PASSED] - verifyElementPresent(findTestObject("admin/Tittle Data Transaksi Penjualan  Orderan Konsumen"), 0): Object 'Object Repository/admin/Tittle Data Transaksi Penjualan  Orderan Konsumen' is present

2023-10-04 19:26:21 - [MESSAGE][WARNING] - Timeout '0' is invalid. Using default page load timeout: '30'

2023-10-04 19:26:27 - [MESSAGE][PASSED] - Object 'Object Repository/admin/Tittle Data Transaksi Penjualan  Orderan Konsumen' is present

2023-10-04 19:26:27 - [TEST_STEP][PASSED] - return data: null

2023-10-04 19:26:27 - [MESSAGE][PASSED] - Call Test Case 'Test Cases/T13 Pembelian, Shipment dan Pembayaran/SA-001' successfully

2023-10-04 19:26:27 - [TEST_STEP][PASSED] - inv = data.get("invoice"): null

2023-10-04 19:26:27 - [TEST_STEP][PASSED] - setText(findTestObject("admin/Penjualan ke konsumen/Search"), inv): Text 'TRX60.20231004192513' is set on object 'Object Repository/admin/Penjualan ke konsumen/Search'

2023-10-04 19:26:28 - [MESSAGE][PASSED] - Text 'TRX60.20231004192513' is set on object 'Object Repository/admin/Penjualan ke konsumen/Search'

2023-10-04 19:26:28 - [TEST_STEP][PASSED] - click(findTestObject("admin/Penjualan ke konsumen/buttom konfirmasi pending payment")): Object: 'Object Repository/admin/Penjualan ke konsumen/buttom konfirmasi pending payment' is clicked on

2023-10-04 19:26:29 - [MESSAGE][PASSED] - Object: 'Object Repository/admin/Penjualan ke konsumen/buttom konfirmasi pending payment' is clicked on

2023-10-04 19:26:29 - [TEST_STEP][PASSED] - acceptAlert(STOP_ON_FAILURE): Alert accepted

2023-10-04 19:26:29 - [MESSAGE][PASSED] - Alert accepted

2023-10-04 19:26:29 - [TEST_STEP][PASSED] - setText(findTestObject("admin/Penjualan ke konsumen/Search"), inv): Text 'TRX60.20231004192513' is set on object 'Object Repository/admin/Penjualan ke konsumen/Search'

2023-10-04 19:26:30 - [MESSAGE][PASSED] - Text 'TRX60.20231004192513' is set on object 'Object Repository/admin/Penjualan ke konsumen/Search'

2023-10-04 19:26:30 - [TEST_STEP][PASSED] - verifyTextNotPresent("pending payment", false): Text 'pending payment' is not present on page

2023-10-04 19:26:31 - [MESSAGE][PASSED] - Text 'pending payment' is not present on page

2023-10-04 19:26:31 - [TEST_STEP][PASSED] - return data: null

2023-10-04 19:26:31 - [MESSAGE][PASSED] - Call Test Case 'Test Cases/T13 Pembelian, Shipment dan Pembayaran/SA-002' successfully

2023-10-04 19:26:31 - [TEST_STEP][PASSED] - click(findTestObject("admin/Penjualan ke konsumen/buttom scroldown")): Object: 'Object Repository/admin/Penjualan ke konsumen/buttom scroldown' is clicked on

2023-10-04 19:26:31 - [MESSAGE][PASSED] - Object: 'Object Repository/admin/Penjualan ke konsumen/buttom scroldown' is clicked on

2023-10-04 19:26:31 - [TEST_STEP][PASSED] - click(findTestObject("admin/Penjualan ke konsumen/Proses")): Object: 'Object Repository/admin/Penjualan ke konsumen/Proses' is clicked on

2023-10-04 19:26:32 - [MESSAGE][PASSED] - Object: 'Object Repository/admin/Penjualan ke konsumen/Proses' is clicked on

2023-10-04 19:26:32 - [TEST_STEP][PASSED] - acceptAlert(): Alert accepted

2023-10-04 19:26:32 - [MESSAGE][PASSED] - Alert accepted

2023-10-04 19:26:32 - [TEST_STEP][PASSED] - inv = data.get("invoice"): null

2023-10-04 19:26:32 - [TEST_STEP][PASSED] - setText(findTestObject("admin/Penjualan ke konsumen/Search"), inv): Text 'TRX60.20231004192513' is set on object 'Object Repository/admin/Penjualan ke konsumen/Search'

2023-10-04 19:26:33 - [MESSAGE][PASSED] - Text 'TRX60.20231004192513' is set on object 'Object Repository/admin/Penjualan ke konsumen/Search'

2023-10-04 19:26:33 - [TEST_STEP][FAILED] - verifyTextPresent("Proses", false): Unable to verify text 'Proses' is present  (Root cause: com.kms.katalon.core.exception.StepFailedException: Unable to verify text 'Proses' is present 
	at com.kms.katalon.core.webui.keyword.internal.WebUIKeywordMain.stepFailed(WebUIKeywordMain.groovy:64)
	at com.kms.katalon.core.webui.keyword.internal.WebUIKeywordMain.runKeyword(WebUIKeywordMain.groovy:26)
	at com.kms.katalon.core.webui.keyword.builtin.VerifyTextPresentKeyword.verifyTextPresent(VerifyTextPresentKeyword.groovy:83)
	at com.kms.katalon.core.webui.keyword.builtin.VerifyTextPresentKeyword.execute(VerifyTextPresentKeyword.groovy:68)
	at com.kms.katalon.core.keyword.internal.KeywordExecutor.executeKeywordForPlatform(KeywordExecutor.groovy:74)
	at com.kms.katalon.core.webui.keyword.WebUiBuiltInKeywords.verifyTextPresent(WebUiBuiltInKeywords.groovy:1723)
	at com.kms.katalon.core.webui.keyword.WebUiBuiltInKeywords$verifyTextPresent$9.call(Unknown Source)
	at SA-003.run(SA-003:32)
	at com.kms.katalon.core.main.ScriptEngine.run(ScriptEngine.java:194)
	at com.kms.katalon.core.main.ScriptEngine.runScriptAsRawText(ScriptEngine.java:119)
	at com.kms.katalon.core.main.TestCaseExecutor.runScript(TestCaseExecutor.java:448)
	at com.kms.katalon.core.main.TestCaseExecutor.doExecute(TestCaseExecutor.java:439)
	at com.kms.katalon.core.main.TestCaseExecutor.processExecutionPhase(TestCaseExecutor.java:418)
	at com.kms.katalon.core.main.TestCaseExecutor.accessMainPhase(TestCaseExecutor.java:410)
	at com.kms.katalon.core.main.TestCaseExecutor.execute(TestCaseExecutor.java:285)
	at com.kms.katalon.core.common.CommonExecutor.accessTestCaseMainPhase(CommonExecutor.java:65)
	at com.kms.katalon.core.main.TestSuiteExecutor.accessTestSuiteMainPhase(TestSuiteExecutor.java:148)
	at com.kms.katalon.core.main.TestSuiteExecutor.execute(TestSuiteExecutor.java:106)
	at com.kms.katalon.core.main.TestCaseMain.startTestSuite(TestCaseMain.java:187)
	at com.kms.katalon.core.main.TestCaseMain$startTestSuite$0.call(Unknown Source)
	at TempTestSuite1696420804604.run(TempTestSuite1696420804604.groovy:36)
Caused by: com.kms.katalon.core.exception.StepFailedException: Text 'Proses' is not present on page 
	at com.kms.katalon.core.webui.keyword.internal.WebUIKeywordMain.stepFailed(WebUIKeywordMain.groovy:64)
	at com.kms.katalon.core.webui.keyword.builtin.VerifyTextPresentKeyword$_verifyTextPresent_closure1.doCall(VerifyTextPresentKeyword.groovy:79)
	at com.kms.katalon.core.webui.keyword.builtin.VerifyTextPresentKeyword$_verifyTextPresent_closure1.call(VerifyTextPresentKeyword.groovy)
	at com.kms.katalon.core.webui.keyword.internal.WebUIKeywordMain.runKeyword(WebUIKeywordMain.groovy:20)
	... 19 more
)

2023-10-04 19:26:33 - [MESSAGE][FAILED] - Text 'Proses' is not present on page  (Root cause: com.kms.katalon.core.exception.StepFailedException: Text 'Proses' is not present on page 
	at com.kms.katalon.core.webui.keyword.internal.WebUIKeywordMain.stepFailed(WebUIKeywordMain.groovy:64)
	at com.kms.katalon.core.webui.keyword.builtin.VerifyTextPresentKeyword$_verifyTextPresent_closure1.doCall(VerifyTextPresentKeyword.groovy:79)
	at com.kms.katalon.core.webui.keyword.builtin.VerifyTextPresentKeyword$_verifyTextPresent_closure1.call(VerifyTextPresentKeyword.groovy)
	at com.kms.katalon.core.webui.keyword.internal.WebUIKeywordMain.runKeyword(WebUIKeywordMain.groovy:20)
	at com.kms.katalon.core.webui.keyword.builtin.VerifyTextPresentKeyword.verifyTextPresent(VerifyTextPresentKeyword.groovy:83)
	at com.kms.katalon.core.webui.keyword.builtin.VerifyTextPresentKeyword.execute(VerifyTextPresentKeyword.groovy:68)
	at com.kms.katalon.core.keyword.internal.KeywordExecutor.executeKeywordForPlatform(KeywordExecutor.groovy:74)
	at com.kms.katalon.core.webui.keyword.WebUiBuiltInKeywords.verifyTextPresent(WebUiBuiltInKeywords.groovy:1723)
	at com.kms.katalon.core.webui.keyword.WebUiBuiltInKeywords$verifyTextPresent$9.call(Unknown Source)
	at SA-003.run(SA-003:32)
	at com.kms.katalon.core.main.ScriptEngine.run(ScriptEngine.java:194)
	at com.kms.katalon.core.main.ScriptEngine.runScriptAsRawText(ScriptEngine.java:119)
	at com.kms.katalon.core.main.TestCaseExecutor.runScript(TestCaseExecutor.java:448)
	at com.kms.katalon.core.main.TestCaseExecutor.doExecute(TestCaseExecutor.java:439)
	at com.kms.katalon.core.main.TestCaseExecutor.processExecutionPhase(TestCaseExecutor.java:418)
	at com.kms.katalon.core.main.TestCaseExecutor.accessMainPhase(TestCaseExecutor.java:410)
	at com.kms.katalon.core.main.TestCaseExecutor.execute(TestCaseExecutor.java:285)
	at com.kms.katalon.core.common.CommonExecutor.accessTestCaseMainPhase(CommonExecutor.java:65)
	at com.kms.katalon.core.main.TestSuiteExecutor.accessTestSuiteMainPhase(TestSuiteExecutor.java:148)
	at com.kms.katalon.core.main.TestSuiteExecutor.execute(TestSuiteExecutor.java:106)
	at com.kms.katalon.core.main.TestCaseMain.startTestSuite(TestCaseMain.java:187)
	at com.kms.katalon.core.main.TestCaseMain$startTestSuite$0.call(Unknown Source)
	at TempTestSuite1696420804604.run(TempTestSuite1696420804604.groovy:36)
)

2023-10-04 19:26:34 - [MESSAGE][FAILED] - Unable to verify text 'Proses' is present  (Root cause: com.kms.katalon.core.exception.StepFailedException: Unable to verify text 'Proses' is present 
	at com.kms.katalon.core.webui.keyword.internal.WebUIKeywordMain.stepFailed(WebUIKeywordMain.groovy:64)
	at com.kms.katalon.core.webui.keyword.internal.WebUIKeywordMain.runKeyword(WebUIKeywordMain.groovy:26)
	at com.kms.katalon.core.webui.keyword.builtin.VerifyTextPresentKeyword.verifyTextPresent(VerifyTextPresentKeyword.groovy:83)
	at com.kms.katalon.core.webui.keyword.builtin.VerifyTextPresentKeyword.execute(VerifyTextPresentKeyword.groovy:68)
	at com.kms.katalon.core.keyword.internal.KeywordExecutor.executeKeywordForPlatform(KeywordExecutor.groovy:74)
	at com.kms.katalon.core.webui.keyword.WebUiBuiltInKeywords.verifyTextPresent(WebUiBuiltInKeywords.groovy:1723)
	at com.kms.katalon.core.webui.keyword.WebUiBuiltInKeywords$verifyTextPresent$9.call(Unknown Source)
	at SA-003.run(SA-003:32)
	at com.kms.katalon.core.main.ScriptEngine.run(ScriptEngine.java:194)
	at com.kms.katalon.core.main.ScriptEngine.runScriptAsRawText(ScriptEngine.java:119)
	at com.kms.katalon.core.main.TestCaseExecutor.runScript(TestCaseExecutor.java:448)
	at com.kms.katalon.core.main.TestCaseExecutor.doExecute(TestCaseExecutor.java:439)
	at com.kms.katalon.core.main.TestCaseExecutor.processExecutionPhase(TestCaseExecutor.java:418)
	at com.kms.katalon.core.main.TestCaseExecutor.accessMainPhase(TestCaseExecutor.java:410)
	at com.kms.katalon.core.main.TestCaseExecutor.execute(TestCaseExecutor.java:285)
	at com.kms.katalon.core.common.CommonExecutor.accessTestCaseMainPhase(CommonExecutor.java:65)
	at com.kms.katalon.core.main.TestSuiteExecutor.accessTestSuiteMainPhase(TestSuiteExecutor.java:148)
	at com.kms.katalon.core.main.TestSuiteExecutor.execute(TestSuiteExecutor.java:106)
	at com.kms.katalon.core.main.TestCaseMain.startTestSuite(TestCaseMain.java:187)
	at com.kms.katalon.core.main.TestCaseMain$startTestSuite$0.call(Unknown Source)
	at TempTestSuite1696420804604.run(TempTestSuite1696420804604.groovy:36)
Caused by: com.kms.katalon.core.exception.StepFailedException: Text 'Proses' is not present on page 
	at com.kms.katalon.core.webui.keyword.internal.WebUIKeywordMain.stepFailed(WebUIKeywordMain.groovy:64)
	at com.kms.katalon.core.webui.keyword.builtin.VerifyTextPresentKeyword$_verifyTextPresent_closure1.doCall(VerifyTextPresentKeyword.groovy:79)
	at com.kms.katalon.core.webui.keyword.builtin.VerifyTextPresentKeyword$_verifyTextPresent_closure1.call(VerifyTextPresentKeyword.groovy)
	at com.kms.katalon.core.webui.keyword.internal.WebUIKeywordMain.runKeyword(WebUIKeywordMain.groovy:20)
	... 19 more
)
[[ATTACHMENT|D:\\BOOTCAMP XSIS\\Projek 2 MINI PROJEK\\Reports\\20231004_190004\\T13 Pembelian, Shipment dan Pembayaran\\T13 Pembelian, Shipment dan Pembayaran\\20231004_190004\\1696422393868.png]]]]></system-out>
         <system-err><![CDATA[2023-10-04 19:24:41 - [TEST_CASE][FAILED] - Test Cases/T13 Pembelian, Shipment dan Pembayaran/SA-003: Test Cases/T13 Pembelian, Shipment dan Pembayaran/SA-003 FAILED.
Reason:
com.kms.katalon.core.exception.StepFailedException: Unable to verify text 'Proses' is present 
	at com.kms.katalon.core.webui.keyword.internal.WebUIKeywordMain.stepFailed(WebUIKeywordMain.groovy:64)
	at com.kms.katalon.core.webui.keyword.internal.WebUIKeywordMain.runKeyword(WebUIKeywordMain.groovy:26)
	at com.kms.katalon.core.webui.keyword.builtin.VerifyTextPresentKeyword.verifyTextPresent(VerifyTextPresentKeyword.groovy:83)
	at com.kms.katalon.core.webui.keyword.builtin.VerifyTextPresentKeyword.execute(VerifyTextPresentKeyword.groovy:68)
	at com.kms.katalon.core.keyword.internal.KeywordExecutor.executeKeywordForPlatform(KeywordExecutor.groovy:74)
	at com.kms.katalon.core.webui.keyword.WebUiBuiltInKeywords.verifyTextPresent(WebUiBuiltInKeywords.groovy:1723)
	at com.kms.katalon.core.webui.keyword.WebUiBuiltInKeywords$verifyTextPresent$9.call(Unknown Source)
	at SA-003.run(SA-003:32)
	at com.kms.katalon.core.main.ScriptEngine.run(ScriptEngine.java:194)
	at com.kms.katalon.core.main.ScriptEngine.runScriptAsRawText(ScriptEngine.java:119)
	at com.kms.katalon.core.main.TestCaseExecutor.runScript(TestCaseExecutor.java:448)
	at com.kms.katalon.core.main.TestCaseExecutor.doExecute(TestCaseExecutor.java:439)
	at com.kms.katalon.core.main.TestCaseExecutor.processExecutionPhase(TestCaseExecutor.java:418)
	at com.kms.katalon.core.main.TestCaseExecutor.accessMainPhase(TestCaseExecutor.java:410)
	at com.kms.katalon.core.main.TestCaseExecutor.execute(TestCaseExecutor.java:285)
	at com.kms.katalon.core.common.CommonExecutor.accessTestCaseMainPhase(CommonExecutor.java:65)
	at com.kms.katalon.core.main.TestSuiteExecutor.accessTestSuiteMainPhase(TestSuiteExecutor.java:148)
	at com.kms.katalon.core.main.TestSuiteExecutor.execute(TestSuiteExecutor.java:106)
	at com.kms.katalon.core.main.TestCaseMain.startTestSuite(TestCaseMain.java:187)
	at com.kms.katalon.core.main.TestCaseMain$startTestSuite$0.call(Unknown Source)
	at TempTestSuite1696420804604.run(TempTestSuite1696420804604.groovy:36)
Caused by: com.kms.katalon.core.exception.StepFailedException: Text 'Proses' is not present on page 
	at com.kms.katalon.core.webui.keyword.internal.WebUIKeywordMain.stepFailed(WebUIKeywordMain.groovy:64)
	at com.kms.katalon.core.webui.keyword.builtin.VerifyTextPresentKeyword$_verifyTextPresent_closure1.doCall(VerifyTextPresentKeyword.groovy:79)
	at com.kms.katalon.core.webui.keyword.builtin.VerifyTextPresentKeyword$_verifyTextPresent_closure1.call(VerifyTextPresentKeyword.groovy)
	at com.kms.katalon.core.webui.keyword.internal.WebUIKeywordMain.runKeyword(WebUIKeywordMain.groovy:20)
	... 19 more]]></system-err>
      </testcase>
      <testcase name="Test Cases/T13 Pembelian, Shipment dan Pembayaran/SA-004" time="123.764" classname="Test Cases/T13 Pembelian, Shipment dan Pembayaran/SA-004" status="PASSED">
         <system-out><![CDATA[2023-10-04 19:26:34 - [TEST_CASE][PASSED] - Test Cases/T13 Pembelian, Shipment dan Pembayaran/SA-004: Test Cases/T13 Pembelian, Shipment dan Pembayaran/SA-004

2023-10-04 19:26:34 - [TEST_STEP][PASSED] - data = callTestCase(findTestCase("T13 Pembelian, Shipment dan Pembayaran/SA-002"), [:], STOP_ON_FAILURE): Call Test Case 'Test Cases/T13 Pembelian, Shipment dan Pembayaran/SA-002' successfully

2023-10-04 19:26:34 - [TEST_CASE][PASSED] - Test Cases/T13 Pembelian, Shipment dan Pembayaran/SA-002: Test Cases/T13 Pembelian, Shipment dan Pembayaran/SA-002

2023-10-04 19:26:34 - [TEST_STEP][PASSED] - data = callTestCase(findTestCase("T13 Pembelian, Shipment dan Pembayaran/SA-001"), [:], STOP_ON_FAILURE): Call Test Case 'Test Cases/T13 Pembelian, Shipment dan Pembayaran/SA-001' successfully

2023-10-04 19:26:34 - [TEST_CASE][PASSED] - Test Cases/T13 Pembelian, Shipment dan Pembayaran/SA-001: Test Cases/T13 Pembelian, Shipment dan Pembayaran/SA-001

2023-10-04 19:26:34 - [TEST_STEP][PASSED] - data = callTestCase(findTestCase("T13 Pembelian, Shipment dan Pembayaran/PBYA-001"), [:], STOP_ON_FAILURE): Call Test Case 'Test Cases/T13 Pembelian, Shipment dan Pembayaran/PBYA-001' successfully

2023-10-04 19:26:34 - [TEST_CASE][PASSED] - Test Cases/T13 Pembelian, Shipment dan Pembayaran/PBYA-001: Test Cases/T13 Pembelian, Shipment dan Pembayaran/PBYA-001

2023-10-04 19:26:34 - [TEST_STEP][PASSED] - data = callTestCase(findTestCase("T13 Pembelian, Shipment dan Pembayaran/PBY-004"), [:], STOP_ON_FAILURE): Call Test Case 'Test Cases/T13 Pembelian, Shipment dan Pembayaran/PBY-004' successfully

2023-10-04 19:26:34 - [TEST_CASE][PASSED] - Test Cases/T13 Pembelian, Shipment dan Pembayaran/PBY-004: Test Cases/T13 Pembelian, Shipment dan Pembayaran/PBY-004

2023-10-04 19:26:34 - [TEST_STEP][PASSED] - data = callTestCase(findTestCase("T13 Pembelian, Shipment dan Pembayaran/PBY-001"), [:], STOP_ON_FAILURE): Call Test Case 'Test Cases/T13 Pembelian, Shipment dan Pembayaran/PBY-001' successfully

2023-10-04 19:26:34 - [TEST_CASE][PASSED] - Test Cases/T13 Pembelian, Shipment dan Pembayaran/PBY-001: Test Cases/T13 Pembelian, Shipment dan Pembayaran/PBY-001

2023-10-04 19:26:34 - [TEST_STEP][PASSED] - data = callTestCase(findTestCase("T13 Pembelian, Shipment dan Pembayaran/PBL-004"), ["Kurir":"Roda 2"], STOP_ON_FAILURE): Call Test Case 'Test Cases/T13 Pembelian, Shipment dan Pembayaran/PBL-004' successfully

2023-10-04 19:26:34 - [TEST_CASE][PASSED] - Test Cases/T13 Pembelian, Shipment dan Pembayaran/PBL-004: Test Cases/T13 Pembelian, Shipment dan Pembayaran/PBL-004

2023-10-04 19:26:34 - [TEST_STEP][PASSED] - data = callTestCase(findTestCase("T13 Pembelian, Shipment dan Pembayaran/PBL-002"), [:], STOP_ON_FAILURE): Call Test Case 'Test Cases/T13 Pembelian, Shipment dan Pembayaran/PBL-002' successfully

2023-10-04 19:26:34 - [TEST_CASE][PASSED] - Test Cases/T13 Pembelian, Shipment dan Pembayaran/PBL-002: Test Cases/T13 Pembelian, Shipment dan Pembayaran/PBL-002

2023-10-04 19:26:34 - [TEST_STEP][PASSED] - data = callTestCase(findTestCase("T13 Pembelian, Shipment dan Pembayaran/PBL-001"), [:], STOP_ON_FAILURE): Call Test Case 'Test Cases/T13 Pembelian, Shipment dan Pembayaran/PBL-001' successfully

2023-10-04 19:26:34 - [TEST_CASE][PASSED] - Test Cases/T13 Pembelian, Shipment dan Pembayaran/PBL-001: Test Cases/T13 Pembelian, Shipment dan Pembayaran/PBL-001

2023-10-04 19:26:34 - [TEST_STEP][PASSED] - callTestCase(findTestCase("T13 Pembelian, Shipment dan Pembayaran/LU-001"), ["username":"irfanafandi", "password":"12345irfan"], STOP_ON_FAILURE): Call Test Case 'Test Cases/T13 Pembelian, Shipment dan Pembayaran/LU-001' successfully

2023-10-04 19:26:34 - [TEST_CASE][PASSED] - Test Cases/T13 Pembelian, Shipment dan Pembayaran/LU-001: Test Cases/T13 Pembelian, Shipment dan Pembayaran/LU-001

2023-10-04 19:26:34 - [TEST_STEP][PASSED] - openBrowser("https://10.9.2.63/ecommerce/"): Browser is opened with url: 'https://10.9.2.63/ecommerce/'

2023-10-04 19:26:34 - [MESSAGE][WARNING] - A browser is already opened. Closing browser and opening a new one

2023-10-04 19:26:37 - [MESSAGE][INFO] - Starting 'Firefox' driver

2023-10-04 19:26:37 - [MESSAGE][INFO] - User set preference: ['args', '[--disable-notifications]']

2023-10-04 19:26:37 - [MESSAGE][INFO] - Action delay is set to 0 milliseconds

2023-10-04 19:26:41 - [MESSAGE][PASSED] - Browser is opened with url: 'https://10.9.2.63/ecommerce/'

2023-10-04 19:26:41 - [TEST_STEP][PASSED] - maximizeWindow(): Current window maximized

2023-10-04 19:26:41 - [MESSAGE][PASSED] - Current window maximized

2023-10-04 19:26:41 - [TEST_STEP][PASSED] - verifyElementPresent(findTestObject("Login/Home"), 0): Object 'Object Repository/Login/Home' is present

2023-10-04 19:26:41 - [MESSAGE][WARNING] - Timeout '0' is invalid. Using default page load timeout: '30'

2023-10-04 19:26:42 - [MESSAGE][PASSED] - Object 'Object Repository/Login/Home' is present

2023-10-04 19:26:42 - [TEST_STEP][PASSED] - click(findTestObject("Login/a_Login")): Object: 'Object Repository/Login/a_Login' is clicked on

2023-10-04 19:26:42 - [MESSAGE][PASSED] - Object: 'Object Repository/Login/a_Login' is clicked on

2023-10-04 19:26:42 - [TEST_STEP][PASSED] - verifyElementPresent(findTestObject("Login/Tittle Login"), 0): Object 'Object Repository/Login/Tittle Login' is present

2023-10-04 19:26:43 - [MESSAGE][WARNING] - Timeout '0' is invalid. Using default page load timeout: '30'

2023-10-04 19:26:43 - [MESSAGE][PASSED] - Object 'Object Repository/Login/Tittle Login' is present

2023-10-04 19:26:43 - [TEST_STEP][PASSED] - setText(findTestObject("Login/input_Username, Email atau No. Handphone_a"), username): Text 'irfanafandi' is set on object 'Object Repository/Login/input_Username, Email atau No. Handphone_a'

2023-10-04 19:26:44 - [MESSAGE][PASSED] - Text 'irfanafandi' is set on object 'Object Repository/Login/input_Username, Email atau No. Handphone_a'

2023-10-04 19:26:44 - [TEST_STEP][PASSED] - setText(findTestObject("Login/input_Password_b"), password): Text '12345irfan' is set on object 'Object Repository/Login/input_Password_b'

2023-10-04 19:26:44 - [MESSAGE][PASSED] - Text '12345irfan' is set on object 'Object Repository/Login/input_Password_b'

2023-10-04 19:26:44 - [TEST_STEP][PASSED] - click(findTestObject("Login/label_Ingat saya")): Object: 'Object Repository/Login/label_Ingat saya' is clicked on

2023-10-04 19:26:45 - [MESSAGE][PASSED] - Object: 'Object Repository/Login/label_Ingat saya' is clicked on

2023-10-04 19:26:45 - [TEST_STEP][PASSED] - click(findTestObject("Login/button_Masuk")): Object: 'Object Repository/Login/button_Masuk' is clicked on

2023-10-04 19:26:46 - [MESSAGE][PASSED] - Object: 'Object Repository/Login/button_Masuk' is clicked on

2023-10-04 19:26:46 - [TEST_STEP][PASSED] - verifyElementPresent(findTestObject("Login/li_Profile"), 0): Object 'Object Repository/Login/li_Profile' is present

2023-10-04 19:26:46 - [MESSAGE][WARNING] - Timeout '0' is invalid. Using default page load timeout: '30'

2023-10-04 19:26:46 - [MESSAGE][PASSED] - Object 'Object Repository/Login/li_Profile' is present

2023-10-04 19:26:46 - [MESSAGE][PASSED] - Call Test Case 'Test Cases/T13 Pembelian, Shipment dan Pembayaran/LU-001' successfully

2023-10-04 19:26:46 - [TEST_STEP][PASSED] - mouseOver(findTestObject("beli barang/i_Mulai Belanja_icon-menu")): Object: 'Object Repository/beli barang/i_Mulai Belanja_icon-menu' is hovered

2023-10-04 19:26:47 - [MESSAGE][PASSED] - Object: 'Object Repository/beli barang/i_Mulai Belanja_icon-menu' is hovered

2023-10-04 19:26:47 - [TEST_STEP][PASSED] - click(findTestObject("beli barang/a_Fashion  Busana Wanita")): Object: 'Object Repository/beli barang/a_Fashion  Busana Wanita' is clicked on

2023-10-04 19:26:48 - [MESSAGE][PASSED] - Object: 'Object Repository/beli barang/a_Fashion  Busana Wanita' is clicked on

2023-10-04 19:26:48 - [TEST_STEP][PASSED] - NamaSebelum = getText(findTestObject("verifikasi/Nama sebelum")): Text of object 'Object Repository/verifikasi/Nama sebelum' is: ''

2023-10-04 19:26:49 - [MESSAGE][PASSED] - Text of object 'Object Repository/verifikasi/Nama sebelum' is: ''

2023-10-04 19:26:49 - [TEST_STEP][PASSED] - HargaSebelum = getText(findTestObject("verifikasi/Harga sebelum")): Text of object 'Object Repository/verifikasi/Harga sebelum' is: 'Rp 1,299'

2023-10-04 19:26:49 - [MESSAGE][PASSED] - Text of object 'Object Repository/verifikasi/Harga sebelum' is: 'Rp 1,299'

2023-10-04 19:26:49 - [TEST_STEP][PASSED] - mouseOver(findTestObject("beli barang/barang mouse over")): Object: 'Object Repository/beli barang/barang mouse over' is hovered

2023-10-04 19:26:50 - [MESSAGE][PASSED] - Object: 'Object Repository/beli barang/barang mouse over' is hovered

2023-10-04 19:26:50 - [TEST_STEP][PASSED] - click(findTestObject("beli barang/buttom add to cart")): Object: 'Object Repository/beli barang/buttom add to cart' is clicked on

2023-10-04 19:26:51 - [MESSAGE][PASSED] - Object: 'Object Repository/beli barang/buttom add to cart' is clicked on

2023-10-04 19:26:51 - [TEST_STEP][PASSED] - NamaSesudah = getText(findTestObject("verifikasi/Nama sesudah")): Text of object 'Object Repository/verifikasi/Nama sesudah' is: 'Segitiga Instan Madeira - MDB5.3 Sunset'

2023-10-04 19:26:51 - [MESSAGE][PASSED] - Text of object 'Object Repository/verifikasi/Nama sesudah' is: 'Segitiga Instan Madeira - MDB5.3 Sunset'

2023-10-04 19:26:51 - [TEST_STEP][PASSED] - HargaSesudah = getText(findTestObject("verifikasi/Harga sesudah")): Text of object 'Object Repository/verifikasi/Harga sesudah' is: 'Rp 1,299'

2023-10-04 19:26:52 - [MESSAGE][PASSED] - Text of object 'Object Repository/verifikasi/Harga sesudah' is: 'Rp 1,299'

2023-10-04 19:26:52 - [TEST_STEP][PASSED] - assert NamaSesudah.contains(NamaSebelum): null

2023-10-04 19:26:52 - [TEST_STEP][PASSED] - assert HargaSesudah.contains(HargaSebelum): null

2023-10-04 19:26:52 - [TEST_STEP][PASSED] - click(findTestObject("beli barang/Tambah Keranjang busana wanita")): Object: 'Object Repository/beli barang/Tambah Keranjang busana wanita' is clicked on

2023-10-04 19:26:52 - [MESSAGE][PASSED] - Object: 'Object Repository/beli barang/Tambah Keranjang busana wanita' is clicked on

2023-10-04 19:26:52 - [TEST_STEP][PASSED] - verifyElementPresent(findTestObject("checkout/Notifikasi keranjang"), 1): Object 'Object Repository/checkout/Notifikasi keranjang' is present

2023-10-04 19:26:53 - [MESSAGE][PASSED] - Object 'Object Repository/checkout/Notifikasi keranjang' is present

2023-10-04 19:26:53 - [TEST_STEP][PASSED] - data = new java.util.HashMap(): null

2023-10-04 19:26:53 - [TEST_STEP][PASSED] - data.put("nama_barang", NamaSesudah): null

2023-10-04 19:26:53 - [TEST_STEP][PASSED] - data.put("price_barang", HargaSesudah): null

2023-10-04 19:26:53 - [TEST_STEP][PASSED] - return data: null

2023-10-04 19:26:53 - [MESSAGE][PASSED] - Call Test Case 'Test Cases/T13 Pembelian, Shipment dan Pembayaran/PBL-001' successfully

2023-10-04 19:26:53 - [TEST_STEP][PASSED] - mouseOver(findTestObject("beli barang/keranjang")): Object: 'Object Repository/beli barang/keranjang' is hovered

2023-10-04 19:26:53 - [MESSAGE][PASSED] - Object: 'Object Repository/beli barang/keranjang' is hovered

2023-10-04 19:26:53 - [TEST_STEP][PASSED] - click(findTestObject("beli barang/Lihat Sekarang")): Object: 'Object Repository/beli barang/Lihat Sekarang' is clicked on

2023-10-04 19:26:54 - [MESSAGE][PASSED] - Object: 'Object Repository/beli barang/Lihat Sekarang' is clicked on

2023-10-04 19:26:54 - [TEST_STEP][PASSED] - verifyElementPresent(findTestObject("keranjang/li_Keranjang Belanja"), 0): Object 'Object Repository/keranjang/li_Keranjang Belanja' is present

2023-10-04 19:26:54 - [MESSAGE][WARNING] - Timeout '0' is invalid. Using default page load timeout: '30'

2023-10-04 19:26:55 - [MESSAGE][PASSED] - Object 'Object Repository/keranjang/li_Keranjang Belanja' is present

2023-10-04 19:26:55 - [TEST_STEP][PASSED] - NamaKeranjang = getText(findTestObject("verifikasi/Nama keranjang")): Text of object 'Object Repository/verifikasi/Nama keranjang' is: 'Segitiga Instan Madeira - MDB5.3 Sunset'

2023-10-04 19:26:56 - [MESSAGE][PASSED] - Text of object 'Object Repository/verifikasi/Nama keranjang' is: 'Segitiga Instan Madeira - MDB5.3 Sunset'

2023-10-04 19:26:56 - [TEST_STEP][PASSED] - HargaKeranjang = getText(findTestObject("verifikasi/Harga Keranjang")): Text of object 'Object Repository/verifikasi/Harga Keranjang' is: 'Rp 1,299'

2023-10-04 19:26:56 - [MESSAGE][PASSED] - Text of object 'Object Repository/verifikasi/Harga Keranjang' is: 'Rp 1,299'

2023-10-04 19:26:56 - [TEST_STEP][PASSED] - if (toString().equalsIgnoreCase("Merah")): Object 'Object Repository/keranjang/input_Warna_variasi101' is checked

2023-10-04 19:26:56 - [TEST_STEP][PASSED] - check(findTestObject("Object Repository/keranjang/input_Warna_variasi101")): Object 'Object Repository/keranjang/input_Warna_variasi101' is checked

2023-10-04 19:26:56 - [MESSAGE][PASSED] - Object 'Object Repository/keranjang/input_Warna_variasi101' is checked

2023-10-04 19:26:56 - [TEST_STEP][PASSED] - if (toString().equalsIgnoreCase("Menengah")): Object 'Object Repository/keranjang/input_Ukuran_variasi201' is checked

2023-10-04 19:26:56 - [TEST_STEP][PASSED] - check(findTestObject("Object Repository/keranjang/input_Ukuran_variasi201")): Object 'Object Repository/keranjang/input_Ukuran_variasi201' is checked

2023-10-04 19:26:57 - [MESSAGE][PASSED] - Object 'Object Repository/keranjang/input_Ukuran_variasi201' is checked

2023-10-04 19:26:57 - [TEST_STEP][PASSED] - data.put("Warna", warna): null

2023-10-04 19:26:57 - [TEST_STEP][PASSED] - data.put("Ukuran", ukuran): null

2023-10-04 19:26:57 - [TEST_STEP][PASSED] - click(findTestObject("keranjang/button_Lanjut ke Pembayaran")): Object: 'Object Repository/keranjang/button_Lanjut ke Pembayaran' is clicked on

2023-10-04 19:26:58 - [MESSAGE][PASSED] - Object: 'Object Repository/keranjang/button_Lanjut ke Pembayaran' is clicked on

2023-10-04 19:26:58 - [TEST_STEP][PASSED] - verifyElementPresent(findTestObject("checkout/Tittle Checkout Order"), 0): Object 'Object Repository/checkout/Tittle Checkout Order' is present

2023-10-04 19:26:58 - [MESSAGE][WARNING] - Timeout '0' is invalid. Using default page load timeout: '30'

2023-10-04 19:26:59 - [MESSAGE][PASSED] - Object 'Object Repository/checkout/Tittle Checkout Order' is present

2023-10-04 19:26:59 - [TEST_STEP][PASSED] - name_product = data.get("nama_barang"): null

2023-10-04 19:26:59 - [TEST_STEP][PASSED] - price_product = data.get("price_barang"): null

2023-10-04 19:26:59 - [TEST_STEP][PASSED] - assert name_product == NamaKeranjang: null

2023-10-04 19:26:59 - [TEST_STEP][PASSED] - assert price_product == HargaKeranjang: null

2023-10-04 19:26:59 - [TEST_STEP][PASSED] - return data: null

2023-10-04 19:26:59 - [MESSAGE][PASSED] - Call Test Case 'Test Cases/T13 Pembelian, Shipment dan Pembayaran/PBL-002' successfully

2023-10-04 19:26:59 - [TEST_STEP][PASSED] - warnaa = getText(findTestObject("verifikasi/warna Merah")): Text of object 'Object Repository/verifikasi/warna Merah' is: 'Merah'

2023-10-04 19:26:59 - [MESSAGE][PASSED] - Text of object 'Object Repository/verifikasi/warna Merah' is: 'Merah'

2023-10-04 19:26:59 - [TEST_STEP][PASSED] - ukurann = getText(findTestObject("verifikasi/Ukuran Menengah")): Text of object 'Object Repository/verifikasi/Ukuran Menengah' is: 'Menengah'

2023-10-04 19:27:00 - [MESSAGE][PASSED] - Text of object 'Object Repository/verifikasi/Ukuran Menengah' is: 'Menengah'

2023-10-04 19:27:00 - [TEST_STEP][PASSED] - warna1 = data.get("Warna"): null

2023-10-04 19:27:00 - [TEST_STEP][PASSED] - ukuran1 = data.get("Ukuran"): null

2023-10-04 19:27:00 - [TEST_STEP][PASSED] - assert warnaa == warna1: null

2023-10-04 19:27:00 - [TEST_STEP][PASSED] - assert ukurann == ukuran1: null

2023-10-04 19:27:00 - [TEST_STEP][PASSED] - NamaCheckout = getText(findTestObject("verifikasi/NamaCheckout")): Text of object 'Object Repository/verifikasi/NamaCheckout' is: ''

2023-10-04 19:27:00 - [MESSAGE][PASSED] - Text of object 'Object Repository/verifikasi/NamaCheckout' is: ''

2023-10-04 19:27:00 - [TEST_STEP][PASSED] - HargaCheckout = getText(findTestObject("verifikasi/HargaCheckout")): Text of object 'Object Repository/verifikasi/HargaCheckout' is: '1,299'

2023-10-04 19:27:00 - [MESSAGE][PASSED] - Text of object 'Object Repository/verifikasi/HargaCheckout' is: '1,299'

2023-10-04 19:27:00 - [TEST_STEP][PASSED] - name_product = data.get("nama_barang"): null

2023-10-04 19:27:00 - [TEST_STEP][PASSED] - price_product = data.get("price_barang"): null

2023-10-04 19:27:00 - [TEST_STEP][PASSED] - assert name_product.contains(NamaCheckout): null

2023-10-04 19:27:00 - [TEST_STEP][PASSED] - assert price_product.contains(HargaCheckout): null

2023-10-04 19:27:00 - [TEST_STEP][PASSED] - selectOptionByLabel(findTestObject("checkout/select - Kirim via Kurir Lokal"), Kurir, false): All options with label 'Roda 2' are selected in object 'Object Repository/checkout/select - Kirim via Kurir Lokal' 

2023-10-04 19:27:01 - [MESSAGE][PASSED] - All options with label 'Roda 2' are selected in object 'Object Repository/checkout/select - Kirim via Kurir Lokal' 

2023-10-04 19:27:01 - [TEST_STEP][PASSED] - click(findTestObject("checkout/Kendaraan Kurir")): Object: 'Object Repository/checkout/Kendaraan Kurir' is clicked on

2023-10-04 19:27:02 - [MESSAGE][PASSED] - Object: 'Object Repository/checkout/Kendaraan Kurir' is clicked on

2023-10-04 19:27:02 - [TEST_STEP][PASSED] - OngkosKirim = getText(findTestObject("Object Repository/verifikasi/Ongkos Kirim checkout")): Text of object 'Object Repository/verifikasi/Ongkos Kirim checkout' is: 'Rp. 5,000'

2023-10-04 19:27:02 - [MESSAGE][PASSED] - Text of object 'Object Repository/verifikasi/Ongkos Kirim checkout' is: 'Rp. 5,000'

2023-10-04 19:27:02 - [TEST_STEP][PASSED] - Ongkos = OngkosKirim.substring(3, OngkosKirim.size()): null

2023-10-04 19:27:02 - [TEST_STEP][PASSED] - rep = Ongkos.replace(",", "."): null

2023-10-04 19:27:02 - [TEST_STEP][PASSED] - Ongkos_kirim = Double.parseDouble(rep): null

2023-10-04 19:27:02 - [TEST_STEP][PASSED] - println(Ongkos_kirim): null

2023-10-04 19:27:02 - [TEST_STEP][PASSED] - FeeAdmin = getText(findTestObject("verifikasi/Fee Admin checkout")): Text of object 'Object Repository/verifikasi/Fee Admin checkout' is: 'Fee Admin
Rp 1,500'

2023-10-04 19:27:02 - [MESSAGE][PASSED] - Text of object 'Object Repository/verifikasi/Fee Admin checkout' is: 'Fee Admin
Rp 1,500'

2023-10-04 19:27:02 - [TEST_STEP][PASSED] - Fee_Admin = FeeAdmin.substring(12, FeeAdmin.size()): null

2023-10-04 19:27:02 - [TEST_STEP][PASSED] - fee = Fee_Admin.replace(",", "."): null

2023-10-04 19:27:02 - [TEST_STEP][PASSED] - fee_admin = Double.parseDouble(fee): null

2023-10-04 19:27:02 - [TEST_STEP][PASSED] - println(fee_admin): null

2023-10-04 19:27:02 - [TEST_STEP][PASSED] - Subtotal = getText(findTestObject("verifikasi/subtotal checkout")): Text of object 'Object Repository/verifikasi/subtotal checkout' is: 'Subtotal
Rp 1,299'

2023-10-04 19:27:03 - [MESSAGE][PASSED] - Text of object 'Object Repository/verifikasi/subtotal checkout' is: 'Subtotal
Rp 1,299'

2023-10-04 19:27:03 - [TEST_STEP][PASSED] - sub_total = Subtotal.substring(12, Subtotal.size()): null

2023-10-04 19:27:03 - [TEST_STEP][PASSED] - sub = sub_total.replace(",", "."): null

2023-10-04 19:27:03 - [TEST_STEP][PASSED] - sub_total = Double.parseDouble(sub): null

2023-10-04 19:27:03 - [TEST_STEP][PASSED] - println(sub_total): null

2023-10-04 19:27:03 - [TEST_STEP][PASSED] - Total = getText(findTestObject("verifikasi/Total checkout")): Text of object 'Object Repository/verifikasi/Total checkout' is: 'Rp 7,799'

2023-10-04 19:27:03 - [MESSAGE][PASSED] - Text of object 'Object Repository/verifikasi/Total checkout' is: 'Rp 7,799'

2023-10-04 19:27:03 - [TEST_STEP][PASSED] - totall = Total.substring(3, Total.size()): null

2023-10-04 19:27:03 - [TEST_STEP][PASSED] - total = totall.replace(",", "."): null

2023-10-04 19:27:03 - [TEST_STEP][PASSED] - totall = Double.parseDouble(total): null

2023-10-04 19:27:03 - [TEST_STEP][PASSED] - println(totall): null

2023-10-04 19:27:03 - [TEST_STEP][PASSED] - Total_Harga = Ongkos_kirim + fee_admin + sub_total: null

2023-10-04 19:27:03 - [TEST_STEP][PASSED] - println(Total_Harga): null

2023-10-04 19:27:03 - [TEST_STEP][PASSED] - TotalHarga = Math.round(Total_Harga * 1000) / 1000: null

2023-10-04 19:27:03 - [TEST_STEP][PASSED] - println(TotalHarga): null

2023-10-04 19:27:03 - [TEST_STEP][PASSED] - assert totall == TotalHarga: null

2023-10-04 19:27:03 - [TEST_STEP][PASSED] - click(findTestObject("verifikasi/Metode Transfer")): Object: 'Object Repository/verifikasi/Metode Transfer' is clicked on

2023-10-04 19:27:04 - [MESSAGE][PASSED] - Object: 'Object Repository/verifikasi/Metode Transfer' is clicked on

2023-10-04 19:27:04 - [TEST_STEP][PASSED] - click(findTestObject("checkout/button_Proses Pembayaran")): Object: 'Object Repository/checkout/button_Proses Pembayaran' is clicked on

2023-10-04 19:27:09 - [MESSAGE][PASSED] - Object: 'Object Repository/checkout/button_Proses Pembayaran' is clicked on

2023-10-04 19:27:09 - [TEST_STEP][PASSED] - verifyElementPresent(findTestObject("pembayaran/Tittle nomor invoice"), 0): Object 'Object Repository/pembayaran/Tittle nomor invoice' is present

2023-10-04 19:27:09 - [MESSAGE][WARNING] - Timeout '0' is invalid. Using default page load timeout: '30'

2023-10-04 19:27:15 - [MESSAGE][PASSED] - Object 'Object Repository/pembayaran/Tittle nomor invoice' is present

2023-10-04 19:27:15 - [TEST_STEP][PASSED] - return data: null

2023-10-04 19:27:15 - [MESSAGE][PASSED] - Call Test Case 'Test Cases/T13 Pembelian, Shipment dan Pembayaran/PBL-004' successfully

2023-10-04 19:27:15 - [TEST_STEP][PASSED] - Invoice = getText(findTestObject("pembayaran/nomor invoice")): Text of object 'Object Repository/pembayaran/nomor invoice' is: 'TRX60.20231004192705'

2023-10-04 19:27:16 - [MESSAGE][PASSED] - Text of object 'Object Repository/pembayaran/nomor invoice' is: 'TRX60.20231004192705'

2023-10-04 19:27:16 - [TEST_STEP][PASSED] - data.put("invoice", Invoice): null

2023-10-04 19:27:16 - [TEST_STEP][PASSED] - NamaPemesan = getText(findTestObject("Konfirmasi pesanan shop/Nama pemesan")): Text of object 'Object Repository/Konfirmasi pesanan shop/Nama pemesan' is: 'irfan.afandi'

2023-10-04 19:27:16 - [MESSAGE][PASSED] - Text of object 'Object Repository/Konfirmasi pesanan shop/Nama pemesan' is: 'irfan.afandi'

2023-10-04 19:27:16 - [TEST_STEP][PASSED] - Nama = getText(findTestObject("pembayaran/Nama barang")): Text of object 'Object Repository/pembayaran/Nama barang' is: 'Segitiga Instan Madeira - MDB5.3 Sunset'

2023-10-04 19:27:17 - [MESSAGE][PASSED] - Text of object 'Object Repository/pembayaran/Nama barang' is: 'Segitiga Instan Madeira - MDB5.3 Sunset'

2023-10-04 19:27:17 - [TEST_STEP][PASSED] - Harga = getText(findTestObject("pembayaran/Harga barang")): Text of object 'Object Repository/pembayaran/Harga barang' is: '1,299'

2023-10-04 19:27:17 - [MESSAGE][PASSED] - Text of object 'Object Repository/pembayaran/Harga barang' is: '1,299'

2023-10-04 19:27:17 - [TEST_STEP][PASSED] - name_product = data.get("nama_barang"): null

2023-10-04 19:27:17 - [TEST_STEP][PASSED] - price_product = data.get("price_barang"): null

2023-10-04 19:27:17 - [TEST_STEP][PASSED] - assert name_product.contains(Nama): null

2023-10-04 19:27:17 - [TEST_STEP][PASSED] - assert price_product.contains(Harga): null

2023-10-04 19:27:17 - [TEST_STEP][PASSED] - warnaa = getText(findTestObject("pembayaran/warna")): Text of object 'Object Repository/pembayaran/warna' is: 'Merah'

2023-10-04 19:27:18 - [MESSAGE][PASSED] - Text of object 'Object Repository/pembayaran/warna' is: 'Merah'

2023-10-04 19:27:18 - [TEST_STEP][PASSED] - ukurann = getText(findTestObject("pembayaran/ukuran")): Text of object 'Object Repository/pembayaran/ukuran' is: 'Menengah'

2023-10-04 19:27:18 - [MESSAGE][PASSED] - Text of object 'Object Repository/pembayaran/ukuran' is: 'Menengah'

2023-10-04 19:27:18 - [TEST_STEP][PASSED] - warna1 = data.get("Warna"): null

2023-10-04 19:27:18 - [TEST_STEP][PASSED] - ukuran1 = data.get("Ukuran"): null

2023-10-04 19:27:18 - [TEST_STEP][PASSED] - assert warnaa == warna1: null

2023-10-04 19:27:18 - [TEST_STEP][PASSED] - assert ukurann == ukuran1: null

2023-10-04 19:27:18 - [TEST_STEP][PASSED] - statusPembelian = getText(findTestObject("verifikasi/Status pending di pembelian")): Text of object 'Object Repository/verifikasi/Status pending di pembelian' is: 'Pending'

2023-10-04 19:27:19 - [MESSAGE][PASSED] - Text of object 'Object Repository/verifikasi/Status pending di pembelian' is: 'Pending'

2023-10-04 19:27:19 - [TEST_STEP][PASSED] - data.put("statusPem", statusPembelian): null

2023-10-04 19:27:19 - [TEST_STEP][PASSED] - OngkosKirim = getText(findTestObject("pembayaran/ongkos kirim")): Text of object 'Object Repository/pembayaran/ongkos kirim' is: 'Rp 5,000'

2023-10-04 19:27:19 - [MESSAGE][PASSED] - Text of object 'Object Repository/pembayaran/ongkos kirim' is: 'Rp 5,000'

2023-10-04 19:27:19 - [TEST_STEP][PASSED] - Ongkos = OngkosKirim.substring(3, OngkosKirim.size()): null

2023-10-04 19:27:19 - [TEST_STEP][PASSED] - rep = Ongkos.replace(",", ""): null

2023-10-04 19:27:19 - [TEST_STEP][PASSED] - Ongkos_kirimm = Integer.parseInt(rep): null

2023-10-04 19:27:19 - [TEST_STEP][PASSED] - println(Ongkos_kirimm): null

2023-10-04 19:27:19 - [TEST_STEP][PASSED] - FeeAdmin = getText(findTestObject("pembayaran/fee admin")): Text of object 'Object Repository/pembayaran/fee admin' is: 'Rp 1,500'

2023-10-04 19:27:20 - [MESSAGE][PASSED] - Text of object 'Object Repository/pembayaran/fee admin' is: 'Rp 1,500'

2023-10-04 19:27:20 - [TEST_STEP][PASSED] - Fee_Admin = FeeAdmin.substring(3, FeeAdmin.size()): null

2023-10-04 19:27:20 - [TEST_STEP][PASSED] - fee = Fee_Admin.replace(",", ""): null

2023-10-04 19:27:20 - [TEST_STEP][PASSED] - fee_adminn = Integer.parseInt(fee): null

2023-10-04 19:27:20 - [TEST_STEP][PASSED] - println(fee_adminn): null

2023-10-04 19:27:20 - [TEST_STEP][PASSED] - Subtotal = getText(findTestObject("pembayaran/subtotal")): Text of object 'Object Repository/pembayaran/subtotal' is: 'Rp 1,299'

2023-10-04 19:27:20 - [MESSAGE][PASSED] - Text of object 'Object Repository/pembayaran/subtotal' is: 'Rp 1,299'

2023-10-04 19:27:20 - [TEST_STEP][PASSED] - sub_total = Subtotal.substring(3, Subtotal.size()): null

2023-10-04 19:27:20 - [TEST_STEP][PASSED] - sub = sub_total.replace(",", ""): null

2023-10-04 19:27:20 - [TEST_STEP][PASSED] - sub_totall = Integer.parseInt(sub): null

2023-10-04 19:27:20 - [TEST_STEP][PASSED] - println(sub_totall): null

2023-10-04 19:27:20 - [TEST_STEP][PASSED] - unik = getText(findTestObject("pembayaran/kode unik")): Text of object 'Object Repository/pembayaran/kode unik' is: '+705'

2023-10-04 19:27:21 - [MESSAGE][PASSED] - Text of object 'Object Repository/pembayaran/kode unik' is: '+705'

2023-10-04 19:27:21 - [TEST_STEP][PASSED] - unikk = unik.replace("+", ""): null

2023-10-04 19:27:21 - [TEST_STEP][PASSED] - kode_unik = Integer.parseInt(unikk): null

2023-10-04 19:27:21 - [TEST_STEP][PASSED] - println(kode_unik): null

2023-10-04 19:27:21 - [TEST_STEP][PASSED] - Total = getText(findTestObject("pembayaran/total")): Text of object 'Object Repository/pembayaran/total' is: '8,504'

2023-10-04 19:27:21 - [MESSAGE][PASSED] - Text of object 'Object Repository/pembayaran/total' is: '8,504'

2023-10-04 19:27:21 - [TEST_STEP][PASSED] - total = Total.replace(",", ""): null

2023-10-04 19:27:21 - [TEST_STEP][PASSED] - totalll = Integer.parseInt(total): null

2023-10-04 19:27:21 - [TEST_STEP][PASSED] - println(totalll): null

2023-10-04 19:27:21 - [TEST_STEP][PASSED] - Total_Hargaa = Ongkos_kirimm + fee_adminn + sub_totall + kode_unik: null

2023-10-04 19:27:21 - [TEST_STEP][PASSED] - println(Total_Hargaa): null

2023-10-04 19:27:21 - [TEST_STEP][PASSED] - assert totalll == Total_Hargaa: null

2023-10-04 19:27:21 - [TEST_STEP][PASSED] - data.put("total", Total): null

2023-10-04 19:27:21 - [TEST_STEP][PASSED] - data.put("nama", NamaPemesan): null

2023-10-04 19:27:21 - [TEST_STEP][PASSED] - return data: null

2023-10-04 19:27:21 - [MESSAGE][PASSED] - Call Test Case 'Test Cases/T13 Pembelian, Shipment dan Pembayaran/PBY-001' successfully

2023-10-04 19:27:21 - [TEST_STEP][PASSED] - inv = data.get("invoice"): null

2023-10-04 19:27:21 - [TEST_STEP][PASSED] - Total = data.get("total"): null

2023-10-04 19:27:21 - [TEST_STEP][PASSED] - NamaPemesan = data.get("nama"): null

2023-10-04 19:27:21 - [TEST_STEP][PASSED] - click(findTestObject("Konfirmasi pesanan shop/Menu Shop")): Object: 'Object Repository/Konfirmasi pesanan shop/Menu Shop' is clicked on

2023-10-04 19:27:23 - [MESSAGE][PASSED] - Object: 'Object Repository/Konfirmasi pesanan shop/Menu Shop' is clicked on

2023-10-04 19:27:23 - [TEST_STEP][PASSED] - click(findTestObject("Konfirmasi pesanan shop/Menu Shop")): Object: 'Object Repository/Konfirmasi pesanan shop/Menu Shop' is clicked on

2023-10-04 19:27:24 - [MESSAGE][PASSED] - Object: 'Object Repository/Konfirmasi pesanan shop/Menu Shop' is clicked on

2023-10-04 19:27:24 - [TEST_STEP][PASSED] - click(findTestObject("Konfirmasi pesanan shop/Konfirmasi Orders")): Object: 'Object Repository/Konfirmasi pesanan shop/Konfirmasi Orders' is clicked on

2023-10-04 19:27:25 - [MESSAGE][PASSED] - Object: 'Object Repository/Konfirmasi pesanan shop/Konfirmasi Orders' is clicked on

2023-10-04 19:27:25 - [TEST_STEP][PASSED] - verifyElementPresent(findTestObject("Konfirmasi pesanan shop/Tittle Konfirmasi Pesanan"), 0): Object 'Object Repository/Konfirmasi pesanan shop/Tittle Konfirmasi Pesanan' is present

2023-10-04 19:27:25 - [MESSAGE][WARNING] - Timeout '0' is invalid. Using default page load timeout: '30'

2023-10-04 19:27:26 - [MESSAGE][PASSED] - Object 'Object Repository/Konfirmasi pesanan shop/Tittle Konfirmasi Pesanan' is present

2023-10-04 19:27:26 - [TEST_STEP][PASSED] - setText(findTestObject("Konfirmasi pesanan shop/input_No Pesanan"), inv): Text 'TRX60.20231004192705' is set on object 'Object Repository/Konfirmasi pesanan shop/input_No Pesanan'

2023-10-04 19:27:26 - [MESSAGE][PASSED] - Text 'TRX60.20231004192705' is set on object 'Object Repository/Konfirmasi pesanan shop/input_No Pesanan'

2023-10-04 19:27:26 - [TEST_STEP][PASSED] - setText(findTestObject("Konfirmasi pesanan shop/input_Alamat E-mai"), "irfan@gmail.com"): Text 'irfan@gmail.com' is set on object 'Object Repository/Konfirmasi pesanan shop/input_Alamat E-mai'

2023-10-04 19:27:27 - [MESSAGE][PASSED] - Text 'irfan@gmail.com' is set on object 'Object Repository/Konfirmasi pesanan shop/input_Alamat E-mai'

2023-10-04 19:27:27 - [TEST_STEP][PASSED] - click(findTestObject("Konfirmasi pesanan shop/button_Submit")): Object: 'Object Repository/Konfirmasi pesanan shop/button_Submit' is clicked on

2023-10-04 19:27:28 - [MESSAGE][PASSED] - Object: 'Object Repository/Konfirmasi pesanan shop/button_Submit' is clicked on

2023-10-04 19:27:28 - [TEST_STEP][PASSED] - verifyElementPresent(findTestObject("Konfirmasi pesanan shop/Tittle nomor invoice"), 0): Object 'Object Repository/Konfirmasi pesanan shop/Tittle nomor invoice' is present

2023-10-04 19:27:28 - [MESSAGE][WARNING] - Timeout '0' is invalid. Using default page load timeout: '30'

2023-10-04 19:27:28 - [MESSAGE][PASSED] - Object 'Object Repository/Konfirmasi pesanan shop/Tittle nomor invoice' is present

2023-10-04 19:27:28 - [TEST_STEP][PASSED] - setText(findTestObject("Konfirmasi pesanan shop/input_Total TagihanTransfer_b"), Total): Text '8,504' is set on object 'Object Repository/Konfirmasi pesanan shop/input_Total TagihanTransfer_b'

2023-10-04 19:27:29 - [MESSAGE][PASSED] - Text '8,504' is set on object 'Object Repository/Konfirmasi pesanan shop/input_Total TagihanTransfer_b'

2023-10-04 19:27:29 - [TEST_STEP][PASSED] - selectOptionByValue(findTestObject("Konfirmasi pesanan shop/select_Bank"), "4", false): All options with value '4' are selected in object 'Object Repository/Konfirmasi pesanan shop/select_Bank' 

2023-10-04 19:27:30 - [MESSAGE][PASSED] - All options with value '4' are selected in object 'Object Repository/Konfirmasi pesanan shop/select_Bank' 

2023-10-04 19:27:30 - [TEST_STEP][PASSED] - setText(findTestObject("Konfirmasi pesanan shop/input_Nama Pengirim_d"), NamaPemesan): Text 'irfan.afandi' is set on object 'Object Repository/Konfirmasi pesanan shop/input_Nama Pengirim_d'

2023-10-04 19:27:31 - [MESSAGE][PASSED] - Text 'irfan.afandi' is set on object 'Object Repository/Konfirmasi pesanan shop/input_Nama Pengirim_d'

2023-10-04 19:27:31 - [TEST_STEP][PASSED] - uploadFile(findTestObject("keranjang/konfirmasi/input_Upload Bukti Transfer_f"), "C:\Users\IRFAN\Downloads\Berkas2.pdf"): File 'C:\Users\IRFAN\Downloads\Berkas2.pdf' sent to object: 'Object Repository/keranjang/konfirmasi/input_Upload Bukti Transfer_f'

2023-10-04 19:27:31 - [MESSAGE][PASSED] - File 'C:\Users\IRFAN\Downloads\Berkas2.pdf' sent to object: 'Object Repository/keranjang/konfirmasi/input_Upload Bukti Transfer_f'

2023-10-04 19:27:31 - [TEST_STEP][PASSED] - click(findTestObject("Konfirmasi pesanan shop/button_Konfirmasi Pembayaran")): Object: 'Object Repository/Konfirmasi pesanan shop/button_Konfirmasi Pembayaran' is clicked on

2023-10-04 19:27:32 - [MESSAGE][PASSED] - Object: 'Object Repository/Konfirmasi pesanan shop/button_Konfirmasi Pembayaran' is clicked on

2023-10-04 19:27:32 - [TEST_STEP][PASSED] - verifyElementPresent(findTestObject("Konfirmasi pesanan shop/Tittle Konfirmasi Pesanan"), 0): Object 'Object Repository/Konfirmasi pesanan shop/Tittle Konfirmasi Pesanan' is present

2023-10-04 19:27:32 - [MESSAGE][WARNING] - Timeout '0' is invalid. Using default page load timeout: '30'

2023-10-04 19:27:33 - [MESSAGE][PASSED] - Object 'Object Repository/Konfirmasi pesanan shop/Tittle Konfirmasi Pesanan' is present

2023-10-04 19:27:33 - [TEST_STEP][PASSED] - verifyElementPresent(findTestObject("Konfirmasi pesanan shop/Tittle massage succes Konfirmasi Pembayaran Pesanan"), 0): Object 'Object Repository/Konfirmasi pesanan shop/Tittle massage succes Konfirmasi Pembayaran Pesanan' is present

2023-10-04 19:27:33 - [MESSAGE][WARNING] - Timeout '0' is invalid. Using default page load timeout: '30'

2023-10-04 19:27:33 - [MESSAGE][PASSED] - Object 'Object Repository/Konfirmasi pesanan shop/Tittle massage succes Konfirmasi Pembayaran Pesanan' is present

2023-10-04 19:27:33 - [TEST_STEP][PASSED] - return data: null

2023-10-04 19:27:33 - [MESSAGE][PASSED] - Call Test Case 'Test Cases/T13 Pembelian, Shipment dan Pembayaran/PBY-004' successfully

2023-10-04 19:27:33 - [TEST_STEP][PASSED] - navigateToUrl("https://10.9.2.63/ecommerce/administrator/"): Navigate to 'https://10.9.2.63/ecommerce/administrator/' successfully

2023-10-04 19:27:34 - [MESSAGE][PASSED] - Navigate to 'https://10.9.2.63/ecommerce/administrator/' successfully

2023-10-04 19:27:34 - [TEST_STEP][PASSED] - verifyElementPresent(findTestObject("admin/Tittle ADMIN Login"), 0): Object 'Object Repository/admin/Tittle ADMIN Login' is present

2023-10-04 19:27:34 - [MESSAGE][WARNING] - Timeout '0' is invalid. Using default page load timeout: '30'

2023-10-04 19:27:34 - [MESSAGE][PASSED] - Object 'Object Repository/admin/Tittle ADMIN Login' is present

2023-10-04 19:27:34 - [TEST_STEP][PASSED] - setText(findTestObject("admin/Username"), "admin"): Text 'admin' is set on object 'Object Repository/admin/Username'

2023-10-04 19:27:35 - [MESSAGE][PASSED] - Text 'admin' is set on object 'Object Repository/admin/Username'

2023-10-04 19:27:35 - [TEST_STEP][PASSED] - setText(findTestObject("admin/Password"), "123admin123"): Text '123admin123' is set on object 'Object Repository/admin/Password'

2023-10-04 19:27:35 - [MESSAGE][PASSED] - Text '123admin123' is set on object 'Object Repository/admin/Password'

2023-10-04 19:27:35 - [TEST_STEP][PASSED] - click(findTestObject("admin/Remember Me")): Object: 'Object Repository/admin/Remember Me' is clicked on

2023-10-04 19:27:36 - [MESSAGE][PASSED] - Object: 'Object Repository/admin/Remember Me' is clicked on

2023-10-04 19:27:36 - [TEST_STEP][PASSED] - delay(10): Delayed 10 second(s)

2023-10-04 19:27:46 - [MESSAGE][PASSED] - Delayed 10 second(s)

2023-10-04 19:27:46 - [TEST_STEP][PASSED] - click(findTestObject("admin/buttom submit")): Object: 'Object Repository/admin/buttom submit' is clicked on

2023-10-04 19:27:47 - [MESSAGE][PASSED] - Object: 'Object Repository/admin/buttom submit' is clicked on

2023-10-04 19:27:47 - [TEST_STEP][PASSED] - verifyElementPresent(findTestObject("admin/Konf order konsumen/Tittle Dashboard"), 0): Object 'Object Repository/admin/Konf order konsumen/Tittle Dashboard' is present

2023-10-04 19:27:47 - [MESSAGE][WARNING] - Timeout '0' is invalid. Using default page load timeout: '30'

2023-10-04 19:27:53 - [MESSAGE][PASSED] - Object 'Object Repository/admin/Konf order konsumen/Tittle Dashboard' is present

2023-10-04 19:27:53 - [TEST_STEP][PASSED] - click(findTestObject("admin/Konf order konsumen/Menu Transaksi Market")): Object: 'Object Repository/admin/Konf order konsumen/Menu Transaksi Market' is clicked on

2023-10-04 19:27:53 - [MESSAGE][PASSED] - Object: 'Object Repository/admin/Konf order konsumen/Menu Transaksi Market' is clicked on

2023-10-04 19:27:53 - [TEST_STEP][PASSED] - click(findTestObject("admin/Konf order konsumen/Menu Konf. Order Konsumen")): Object: 'Object Repository/admin/Konf order konsumen/Menu Konf. Order Konsumen' is clicked on

2023-10-04 19:27:54 - [MESSAGE][PASSED] - Object: 'Object Repository/admin/Konf order konsumen/Menu Konf. Order Konsumen' is clicked on

2023-10-04 19:27:54 - [TEST_STEP][PASSED] - verifyElementPresent(findTestObject("admin/Konf order konsumen/Tittle Data Konfirmasi Pembayaran Konsumen"), 0): Object 'Object Repository/admin/Konf order konsumen/Tittle Data Konfirmasi Pembayaran Konsumen' is present

2023-10-04 19:27:54 - [MESSAGE][WARNING] - Timeout '0' is invalid. Using default page load timeout: '30'

2023-10-04 19:28:01 - [MESSAGE][PASSED] - Object 'Object Repository/admin/Konf order konsumen/Tittle Data Konfirmasi Pembayaran Konsumen' is present

2023-10-04 19:28:01 - [TEST_STEP][PASSED] - inv = data.get("invoice"): null

2023-10-04 19:28:01 - [TEST_STEP][PASSED] - setText(findTestObject("admin/Konf order konsumen/Search"), inv): Text 'TRX60.20231004192705' is set on object 'Object Repository/admin/Konf order konsumen/Search'

2023-10-04 19:28:02 - [MESSAGE][PASSED] - Text 'TRX60.20231004192705' is set on object 'Object Repository/admin/Konf order konsumen/Search'

2023-10-04 19:28:02 - [TEST_STEP][PASSED] - verifyElementText(findTestObject("admin/Konf order konsumen/Keterangan Lunas"), "Lunas"): Actual text and expected text of test object 'Object Repository/admin/Konf order konsumen/Keterangan Lunas' are matched.

2023-10-04 19:28:03 - [MESSAGE][PASSED] - Actual text and expected text of test object 'Object Repository/admin/Konf order konsumen/Keterangan Lunas' are matched.

2023-10-04 19:28:03 - [TEST_STEP][PASSED] - return data: null

2023-10-04 19:28:03 - [MESSAGE][PASSED] - Call Test Case 'Test Cases/T13 Pembelian, Shipment dan Pembayaran/PBYA-001' successfully

2023-10-04 19:28:03 - [TEST_STEP][PASSED] - click(findTestObject("admin/Penjualan ke konsumen/buttom Dashboard")): Object: 'Object Repository/admin/Penjualan ke konsumen/buttom Dashboard' is clicked on

2023-10-04 19:28:04 - [MESSAGE][PASSED] - Object: 'Object Repository/admin/Penjualan ke konsumen/buttom Dashboard' is clicked on

2023-10-04 19:28:04 - [TEST_STEP][PASSED] - click(findTestObject("admin/Konf order konsumen/Menu Transaksi Market")): Object: 'Object Repository/admin/Konf order konsumen/Menu Transaksi Market' is clicked on

2023-10-04 19:28:08 - [MESSAGE][PASSED] - Object: 'Object Repository/admin/Konf order konsumen/Menu Transaksi Market' is clicked on

2023-10-04 19:28:08 - [TEST_STEP][PASSED] - click(findTestObject("admin/Penjualan ke konsumen/a_Penjualan ke Konsumen")): Object: 'Object Repository/admin/Penjualan ke konsumen/a_Penjualan ke Konsumen' is clicked on

2023-10-04 19:28:10 - [MESSAGE][PASSED] - Object: 'Object Repository/admin/Penjualan ke konsumen/a_Penjualan ke Konsumen' is clicked on

2023-10-04 19:28:10 - [TEST_STEP][PASSED] - verifyElementPresent(findTestObject("admin/Tittle Data Transaksi Penjualan  Orderan Konsumen"), 0): Object 'Object Repository/admin/Tittle Data Transaksi Penjualan  Orderan Konsumen' is present

2023-10-04 19:28:10 - [MESSAGE][WARNING] - Timeout '0' is invalid. Using default page load timeout: '30'

2023-10-04 19:28:16 - [MESSAGE][PASSED] - Object 'Object Repository/admin/Tittle Data Transaksi Penjualan  Orderan Konsumen' is present

2023-10-04 19:28:16 - [TEST_STEP][PASSED] - return data: null

2023-10-04 19:28:16 - [MESSAGE][PASSED] - Call Test Case 'Test Cases/T13 Pembelian, Shipment dan Pembayaran/SA-001' successfully

2023-10-04 19:28:16 - [TEST_STEP][PASSED] - inv = data.get("invoice"): null

2023-10-04 19:28:16 - [TEST_STEP][PASSED] - setText(findTestObject("admin/Penjualan ke konsumen/Search"), inv): Text 'TRX60.20231004192705' is set on object 'Object Repository/admin/Penjualan ke konsumen/Search'

2023-10-04 19:28:17 - [MESSAGE][PASSED] - Text 'TRX60.20231004192705' is set on object 'Object Repository/admin/Penjualan ke konsumen/Search'

2023-10-04 19:28:17 - [TEST_STEP][PASSED] - click(findTestObject("admin/Penjualan ke konsumen/buttom konfirmasi pending payment")): Object: 'Object Repository/admin/Penjualan ke konsumen/buttom konfirmasi pending payment' is clicked on

2023-10-04 19:28:18 - [MESSAGE][PASSED] - Object: 'Object Repository/admin/Penjualan ke konsumen/buttom konfirmasi pending payment' is clicked on

2023-10-04 19:28:18 - [TEST_STEP][PASSED] - acceptAlert(STOP_ON_FAILURE): Alert accepted

2023-10-04 19:28:18 - [MESSAGE][PASSED] - Alert accepted

2023-10-04 19:28:18 - [TEST_STEP][PASSED] - setText(findTestObject("admin/Penjualan ke konsumen/Search"), inv): Text 'TRX60.20231004192705' is set on object 'Object Repository/admin/Penjualan ke konsumen/Search'

2023-10-04 19:28:19 - [MESSAGE][PASSED] - Text 'TRX60.20231004192705' is set on object 'Object Repository/admin/Penjualan ke konsumen/Search'

2023-10-04 19:28:19 - [TEST_STEP][PASSED] - verifyTextNotPresent("pending payment", false): Text 'pending payment' is not present on page

2023-10-04 19:28:20 - [MESSAGE][PASSED] - Text 'pending payment' is not present on page

2023-10-04 19:28:20 - [TEST_STEP][PASSED] - return data: null

2023-10-04 19:28:20 - [MESSAGE][PASSED] - Call Test Case 'Test Cases/T13 Pembelian, Shipment dan Pembayaran/SA-002' successfully

2023-10-04 19:28:20 - [TEST_STEP][PASSED] - click(findTestObject("admin/Penjualan ke konsumen/buttom scroldown")): Object: 'Object Repository/admin/Penjualan ke konsumen/buttom scroldown' is clicked on

2023-10-04 19:28:20 - [MESSAGE][PASSED] - Object: 'Object Repository/admin/Penjualan ke konsumen/buttom scroldown' is clicked on

2023-10-04 19:28:20 - [TEST_STEP][PASSED] - click(findTestObject("admin/Penjualan ke konsumen/Dikirim")): Object: 'Object Repository/admin/Penjualan ke konsumen/Dikirim' is clicked on

2023-10-04 19:28:21 - [MESSAGE][PASSED] - Object: 'Object Repository/admin/Penjualan ke konsumen/Dikirim' is clicked on

2023-10-04 19:28:21 - [TEST_STEP][PASSED] - acceptAlert(): Alert accepted

2023-10-04 19:28:21 - [MESSAGE][PASSED] - Alert accepted

2023-10-04 19:28:21 - [TEST_STEP][PASSED] - inv = data.get("invoice"): null

2023-10-04 19:28:21 - [TEST_STEP][PASSED] - setText(findTestObject("admin/Penjualan ke konsumen/Search"), inv): Text 'TRX60.20231004192705' is set on object 'Object Repository/admin/Penjualan ke konsumen/Search'

2023-10-04 19:28:22 - [MESSAGE][PASSED] - Text 'TRX60.20231004192705' is set on object 'Object Repository/admin/Penjualan ke konsumen/Search'

2023-10-04 19:28:22 - [TEST_STEP][PASSED] - delay(10): Delayed 10 second(s)

2023-10-04 19:28:32 - [MESSAGE][PASSED] - Delayed 10 second(s)

2023-10-04 19:28:32 - [TEST_STEP][PASSED] - verifyTextPresent("Dikirim", false): Text 'Dikirim' is present on page 

2023-10-04 19:28:37 - [MESSAGE][PASSED] - Text 'Dikirim' is present on page 

2023-10-04 19:28:37 - [TEST_STEP][PASSED] - dikirim = getText(findTestObject("admin/Dikirim")): Text of object 'Object Repository/admin/Dikirim' is: 'Proses'

2023-10-04 19:28:37 - [MESSAGE][PASSED] - Text of object 'Object Repository/admin/Dikirim' is: 'Proses'

2023-10-04 19:28:37 - [TEST_STEP][PASSED] - data.put("statuskirim", dikirim): null

2023-10-04 19:28:37 - [TEST_STEP][PASSED] - return data: null]]></system-out>
         <system-err><![CDATA[]]></system-err>
      </testcase>
      <testcase name="Test Cases/T13 Pembelian, Shipment dan Pembayaran/SA-005" time="121.188" classname="Test Cases/T13 Pembelian, Shipment dan Pembayaran/SA-005" status="PASSED">
         <system-out><![CDATA[2023-10-04 19:28:37 - [TEST_CASE][PASSED] - Test Cases/T13 Pembelian, Shipment dan Pembayaran/SA-005: Test Cases/T13 Pembelian, Shipment dan Pembayaran/SA-005

2023-10-04 19:28:38 - [TEST_STEP][PASSED] - data = callTestCase(findTestCase("T13 Pembelian, Shipment dan Pembayaran/SA-002"), [:], STOP_ON_FAILURE): Call Test Case 'Test Cases/T13 Pembelian, Shipment dan Pembayaran/SA-002' successfully

2023-10-04 19:28:38 - [TEST_CASE][PASSED] - Test Cases/T13 Pembelian, Shipment dan Pembayaran/SA-002: Test Cases/T13 Pembelian, Shipment dan Pembayaran/SA-002

2023-10-04 19:28:38 - [TEST_STEP][PASSED] - data = callTestCase(findTestCase("T13 Pembelian, Shipment dan Pembayaran/SA-001"), [:], STOP_ON_FAILURE): Call Test Case 'Test Cases/T13 Pembelian, Shipment dan Pembayaran/SA-001' successfully

2023-10-04 19:28:38 - [TEST_CASE][PASSED] - Test Cases/T13 Pembelian, Shipment dan Pembayaran/SA-001: Test Cases/T13 Pembelian, Shipment dan Pembayaran/SA-001

2023-10-04 19:28:38 - [TEST_STEP][PASSED] - data = callTestCase(findTestCase("T13 Pembelian, Shipment dan Pembayaran/PBYA-001"), [:], STOP_ON_FAILURE): Call Test Case 'Test Cases/T13 Pembelian, Shipment dan Pembayaran/PBYA-001' successfully

2023-10-04 19:28:38 - [TEST_CASE][PASSED] - Test Cases/T13 Pembelian, Shipment dan Pembayaran/PBYA-001: Test Cases/T13 Pembelian, Shipment dan Pembayaran/PBYA-001

2023-10-04 19:28:38 - [TEST_STEP][PASSED] - data = callTestCase(findTestCase("T13 Pembelian, Shipment dan Pembayaran/PBY-004"), [:], STOP_ON_FAILURE): Call Test Case 'Test Cases/T13 Pembelian, Shipment dan Pembayaran/PBY-004' successfully

2023-10-04 19:28:38 - [TEST_CASE][PASSED] - Test Cases/T13 Pembelian, Shipment dan Pembayaran/PBY-004: Test Cases/T13 Pembelian, Shipment dan Pembayaran/PBY-004

2023-10-04 19:28:38 - [TEST_STEP][PASSED] - data = callTestCase(findTestCase("T13 Pembelian, Shipment dan Pembayaran/PBY-001"), [:], STOP_ON_FAILURE): Call Test Case 'Test Cases/T13 Pembelian, Shipment dan Pembayaran/PBY-001' successfully

2023-10-04 19:28:38 - [TEST_CASE][PASSED] - Test Cases/T13 Pembelian, Shipment dan Pembayaran/PBY-001: Test Cases/T13 Pembelian, Shipment dan Pembayaran/PBY-001

2023-10-04 19:28:38 - [TEST_STEP][PASSED] - data = callTestCase(findTestCase("T13 Pembelian, Shipment dan Pembayaran/PBL-004"), ["Kurir":"Roda 2"], STOP_ON_FAILURE): Call Test Case 'Test Cases/T13 Pembelian, Shipment dan Pembayaran/PBL-004' successfully

2023-10-04 19:28:38 - [TEST_CASE][PASSED] - Test Cases/T13 Pembelian, Shipment dan Pembayaran/PBL-004: Test Cases/T13 Pembelian, Shipment dan Pembayaran/PBL-004

2023-10-04 19:28:38 - [TEST_STEP][PASSED] - data = callTestCase(findTestCase("T13 Pembelian, Shipment dan Pembayaran/PBL-002"), [:], STOP_ON_FAILURE): Call Test Case 'Test Cases/T13 Pembelian, Shipment dan Pembayaran/PBL-002' successfully

2023-10-04 19:28:38 - [TEST_CASE][PASSED] - Test Cases/T13 Pembelian, Shipment dan Pembayaran/PBL-002: Test Cases/T13 Pembelian, Shipment dan Pembayaran/PBL-002

2023-10-04 19:28:38 - [TEST_STEP][PASSED] - data = callTestCase(findTestCase("T13 Pembelian, Shipment dan Pembayaran/PBL-001"), [:], STOP_ON_FAILURE): Call Test Case 'Test Cases/T13 Pembelian, Shipment dan Pembayaran/PBL-001' successfully

2023-10-04 19:28:38 - [TEST_CASE][PASSED] - Test Cases/T13 Pembelian, Shipment dan Pembayaran/PBL-001: Test Cases/T13 Pembelian, Shipment dan Pembayaran/PBL-001

2023-10-04 19:28:38 - [TEST_STEP][PASSED] - callTestCase(findTestCase("T13 Pembelian, Shipment dan Pembayaran/LU-001"), ["username":"irfanafandi", "password":"12345irfan"], STOP_ON_FAILURE): Call Test Case 'Test Cases/T13 Pembelian, Shipment dan Pembayaran/LU-001' successfully

2023-10-04 19:28:38 - [TEST_CASE][PASSED] - Test Cases/T13 Pembelian, Shipment dan Pembayaran/LU-001: Test Cases/T13 Pembelian, Shipment dan Pembayaran/LU-001

2023-10-04 19:28:38 - [TEST_STEP][PASSED] - openBrowser("https://10.9.2.63/ecommerce/"): Browser is opened with url: 'https://10.9.2.63/ecommerce/'

2023-10-04 19:28:38 - [MESSAGE][WARNING] - A browser is already opened. Closing browser and opening a new one

2023-10-04 19:28:40 - [MESSAGE][INFO] - Starting 'Firefox' driver

2023-10-04 19:28:40 - [MESSAGE][INFO] - User set preference: ['args', '[--disable-notifications]']

2023-10-04 19:28:40 - [MESSAGE][INFO] - Action delay is set to 0 milliseconds

2023-10-04 19:28:45 - [MESSAGE][PASSED] - Browser is opened with url: 'https://10.9.2.63/ecommerce/'

2023-10-04 19:28:45 - [TEST_STEP][PASSED] - maximizeWindow(): Current window maximized

2023-10-04 19:28:45 - [MESSAGE][PASSED] - Current window maximized

2023-10-04 19:28:45 - [TEST_STEP][PASSED] - verifyElementPresent(findTestObject("Login/Home"), 0): Object 'Object Repository/Login/Home' is present

2023-10-04 19:28:45 - [MESSAGE][WARNING] - Timeout '0' is invalid. Using default page load timeout: '30'

2023-10-04 19:28:46 - [MESSAGE][PASSED] - Object 'Object Repository/Login/Home' is present

2023-10-04 19:28:46 - [TEST_STEP][PASSED] - click(findTestObject("Login/a_Login")): Object: 'Object Repository/Login/a_Login' is clicked on

2023-10-04 19:28:46 - [MESSAGE][PASSED] - Object: 'Object Repository/Login/a_Login' is clicked on

2023-10-04 19:28:46 - [TEST_STEP][PASSED] - verifyElementPresent(findTestObject("Login/Tittle Login"), 0): Object 'Object Repository/Login/Tittle Login' is present

2023-10-04 19:28:46 - [MESSAGE][WARNING] - Timeout '0' is invalid. Using default page load timeout: '30'

2023-10-04 19:28:47 - [MESSAGE][PASSED] - Object 'Object Repository/Login/Tittle Login' is present

2023-10-04 19:28:47 - [TEST_STEP][PASSED] - setText(findTestObject("Login/input_Username, Email atau No. Handphone_a"), username): Text 'irfanafandi' is set on object 'Object Repository/Login/input_Username, Email atau No. Handphone_a'

2023-10-04 19:28:47 - [MESSAGE][PASSED] - Text 'irfanafandi' is set on object 'Object Repository/Login/input_Username, Email atau No. Handphone_a'

2023-10-04 19:28:47 - [TEST_STEP][PASSED] - setText(findTestObject("Login/input_Password_b"), password): Text '12345irfan' is set on object 'Object Repository/Login/input_Password_b'

2023-10-04 19:28:48 - [MESSAGE][PASSED] - Text '12345irfan' is set on object 'Object Repository/Login/input_Password_b'

2023-10-04 19:28:48 - [TEST_STEP][PASSED] - click(findTestObject("Login/label_Ingat saya")): Object: 'Object Repository/Login/label_Ingat saya' is clicked on

2023-10-04 19:28:48 - [MESSAGE][PASSED] - Object: 'Object Repository/Login/label_Ingat saya' is clicked on

2023-10-04 19:28:48 - [TEST_STEP][PASSED] - click(findTestObject("Login/button_Masuk")): Object: 'Object Repository/Login/button_Masuk' is clicked on

2023-10-04 19:28:50 - [MESSAGE][PASSED] - Object: 'Object Repository/Login/button_Masuk' is clicked on

2023-10-04 19:28:50 - [TEST_STEP][PASSED] - verifyElementPresent(findTestObject("Login/li_Profile"), 0): Object 'Object Repository/Login/li_Profile' is present

2023-10-04 19:28:50 - [MESSAGE][WARNING] - Timeout '0' is invalid. Using default page load timeout: '30'

2023-10-04 19:28:50 - [MESSAGE][PASSED] - Object 'Object Repository/Login/li_Profile' is present

2023-10-04 19:28:50 - [MESSAGE][PASSED] - Call Test Case 'Test Cases/T13 Pembelian, Shipment dan Pembayaran/LU-001' successfully

2023-10-04 19:28:50 - [TEST_STEP][PASSED] - mouseOver(findTestObject("beli barang/i_Mulai Belanja_icon-menu")): Object: 'Object Repository/beli barang/i_Mulai Belanja_icon-menu' is hovered

2023-10-04 19:28:51 - [MESSAGE][PASSED] - Object: 'Object Repository/beli barang/i_Mulai Belanja_icon-menu' is hovered

2023-10-04 19:28:51 - [TEST_STEP][PASSED] - click(findTestObject("beli barang/a_Fashion  Busana Wanita")): Object: 'Object Repository/beli barang/a_Fashion  Busana Wanita' is clicked on

2023-10-04 19:28:52 - [MESSAGE][PASSED] - Object: 'Object Repository/beli barang/a_Fashion  Busana Wanita' is clicked on

2023-10-04 19:28:52 - [TEST_STEP][PASSED] - NamaSebelum = getText(findTestObject("verifikasi/Nama sebelum")): Text of object 'Object Repository/verifikasi/Nama sebelum' is: ''

2023-10-04 19:28:52 - [MESSAGE][PASSED] - Text of object 'Object Repository/verifikasi/Nama sebelum' is: ''

2023-10-04 19:28:52 - [TEST_STEP][PASSED] - HargaSebelum = getText(findTestObject("verifikasi/Harga sebelum")): Text of object 'Object Repository/verifikasi/Harga sebelum' is: 'Rp 1,299'

2023-10-04 19:28:53 - [MESSAGE][PASSED] - Text of object 'Object Repository/verifikasi/Harga sebelum' is: 'Rp 1,299'

2023-10-04 19:28:53 - [TEST_STEP][PASSED] - mouseOver(findTestObject("beli barang/barang mouse over")): Object: 'Object Repository/beli barang/barang mouse over' is hovered

2023-10-04 19:28:53 - [MESSAGE][PASSED] - Object: 'Object Repository/beli barang/barang mouse over' is hovered

2023-10-04 19:28:53 - [TEST_STEP][PASSED] - click(findTestObject("beli barang/buttom add to cart")): Object: 'Object Repository/beli barang/buttom add to cart' is clicked on

2023-10-04 19:28:54 - [MESSAGE][PASSED] - Object: 'Object Repository/beli barang/buttom add to cart' is clicked on

2023-10-04 19:28:54 - [TEST_STEP][PASSED] - NamaSesudah = getText(findTestObject("verifikasi/Nama sesudah")): Text of object 'Object Repository/verifikasi/Nama sesudah' is: 'Segitiga Instan Madeira - MDB5.3 Sunset'

2023-10-04 19:28:55 - [MESSAGE][PASSED] - Text of object 'Object Repository/verifikasi/Nama sesudah' is: 'Segitiga Instan Madeira - MDB5.3 Sunset'

2023-10-04 19:28:55 - [TEST_STEP][PASSED] - HargaSesudah = getText(findTestObject("verifikasi/Harga sesudah")): Text of object 'Object Repository/verifikasi/Harga sesudah' is: 'Rp 1,299'

2023-10-04 19:28:55 - [MESSAGE][PASSED] - Text of object 'Object Repository/verifikasi/Harga sesudah' is: 'Rp 1,299'

2023-10-04 19:28:55 - [TEST_STEP][PASSED] - assert NamaSesudah.contains(NamaSebelum): null

2023-10-04 19:28:55 - [TEST_STEP][PASSED] - assert HargaSesudah.contains(HargaSebelum): null

2023-10-04 19:28:55 - [TEST_STEP][PASSED] - click(findTestObject("beli barang/Tambah Keranjang busana wanita")): Object: 'Object Repository/beli barang/Tambah Keranjang busana wanita' is clicked on

2023-10-04 19:28:56 - [MESSAGE][PASSED] - Object: 'Object Repository/beli barang/Tambah Keranjang busana wanita' is clicked on

2023-10-04 19:28:56 - [TEST_STEP][PASSED] - verifyElementPresent(findTestObject("checkout/Notifikasi keranjang"), 1): Object 'Object Repository/checkout/Notifikasi keranjang' is present

2023-10-04 19:28:56 - [MESSAGE][PASSED] - Object 'Object Repository/checkout/Notifikasi keranjang' is present

2023-10-04 19:28:56 - [TEST_STEP][PASSED] - data = new java.util.HashMap(): null

2023-10-04 19:28:56 - [TEST_STEP][PASSED] - data.put("nama_barang", NamaSesudah): null

2023-10-04 19:28:56 - [TEST_STEP][PASSED] - data.put("price_barang", HargaSesudah): null

2023-10-04 19:28:56 - [TEST_STEP][PASSED] - return data: null

2023-10-04 19:28:56 - [MESSAGE][PASSED] - Call Test Case 'Test Cases/T13 Pembelian, Shipment dan Pembayaran/PBL-001' successfully

2023-10-04 19:28:56 - [TEST_STEP][PASSED] - mouseOver(findTestObject("beli barang/keranjang")): Object: 'Object Repository/beli barang/keranjang' is hovered

2023-10-04 19:28:57 - [MESSAGE][PASSED] - Object: 'Object Repository/beli barang/keranjang' is hovered

2023-10-04 19:28:57 - [TEST_STEP][PASSED] - click(findTestObject("beli barang/Lihat Sekarang")): Object: 'Object Repository/beli barang/Lihat Sekarang' is clicked on

2023-10-04 19:28:58 - [MESSAGE][PASSED] - Object: 'Object Repository/beli barang/Lihat Sekarang' is clicked on

2023-10-04 19:28:58 - [TEST_STEP][PASSED] - verifyElementPresent(findTestObject("keranjang/li_Keranjang Belanja"), 0): Object 'Object Repository/keranjang/li_Keranjang Belanja' is present

2023-10-04 19:28:58 - [MESSAGE][WARNING] - Timeout '0' is invalid. Using default page load timeout: '30'

2023-10-04 19:28:59 - [MESSAGE][PASSED] - Object 'Object Repository/keranjang/li_Keranjang Belanja' is present

2023-10-04 19:28:59 - [TEST_STEP][PASSED] - NamaKeranjang = getText(findTestObject("verifikasi/Nama keranjang")): Text of object 'Object Repository/verifikasi/Nama keranjang' is: 'Segitiga Instan Madeira - MDB5.3 Sunset'

2023-10-04 19:28:59 - [MESSAGE][PASSED] - Text of object 'Object Repository/verifikasi/Nama keranjang' is: 'Segitiga Instan Madeira - MDB5.3 Sunset'

2023-10-04 19:28:59 - [TEST_STEP][PASSED] - HargaKeranjang = getText(findTestObject("verifikasi/Harga Keranjang")): Text of object 'Object Repository/verifikasi/Harga Keranjang' is: 'Rp 1,299'

2023-10-04 19:29:00 - [MESSAGE][PASSED] - Text of object 'Object Repository/verifikasi/Harga Keranjang' is: 'Rp 1,299'

2023-10-04 19:29:00 - [TEST_STEP][PASSED] - if (toString().equalsIgnoreCase("Merah")): Object 'Object Repository/keranjang/input_Warna_variasi101' is checked

2023-10-04 19:29:00 - [TEST_STEP][PASSED] - check(findTestObject("Object Repository/keranjang/input_Warna_variasi101")): Object 'Object Repository/keranjang/input_Warna_variasi101' is checked

2023-10-04 19:29:00 - [MESSAGE][PASSED] - Object 'Object Repository/keranjang/input_Warna_variasi101' is checked

2023-10-04 19:29:00 - [TEST_STEP][PASSED] - if (toString().equalsIgnoreCase("Menengah")): Object 'Object Repository/keranjang/input_Ukuran_variasi201' is checked

2023-10-04 19:29:00 - [TEST_STEP][PASSED] - check(findTestObject("Object Repository/keranjang/input_Ukuran_variasi201")): Object 'Object Repository/keranjang/input_Ukuran_variasi201' is checked

2023-10-04 19:29:01 - [MESSAGE][PASSED] - Object 'Object Repository/keranjang/input_Ukuran_variasi201' is checked

2023-10-04 19:29:01 - [TEST_STEP][PASSED] - data.put("Warna", warna): null

2023-10-04 19:29:01 - [TEST_STEP][PASSED] - data.put("Ukuran", ukuran): null

2023-10-04 19:29:01 - [TEST_STEP][PASSED] - click(findTestObject("keranjang/button_Lanjut ke Pembayaran")): Object: 'Object Repository/keranjang/button_Lanjut ke Pembayaran' is clicked on

2023-10-04 19:29:02 - [MESSAGE][PASSED] - Object: 'Object Repository/keranjang/button_Lanjut ke Pembayaran' is clicked on

2023-10-04 19:29:02 - [TEST_STEP][PASSED] - verifyElementPresent(findTestObject("checkout/Tittle Checkout Order"), 0): Object 'Object Repository/checkout/Tittle Checkout Order' is present

2023-10-04 19:29:02 - [MESSAGE][WARNING] - Timeout '0' is invalid. Using default page load timeout: '30'

2023-10-04 19:29:03 - [MESSAGE][PASSED] - Object 'Object Repository/checkout/Tittle Checkout Order' is present

2023-10-04 19:29:03 - [TEST_STEP][PASSED] - name_product = data.get("nama_barang"): null

2023-10-04 19:29:03 - [TEST_STEP][PASSED] - price_product = data.get("price_barang"): null

2023-10-04 19:29:03 - [TEST_STEP][PASSED] - assert name_product == NamaKeranjang: null

2023-10-04 19:29:03 - [TEST_STEP][PASSED] - assert price_product == HargaKeranjang: null

2023-10-04 19:29:03 - [TEST_STEP][PASSED] - return data: null

2023-10-04 19:29:03 - [MESSAGE][PASSED] - Call Test Case 'Test Cases/T13 Pembelian, Shipment dan Pembayaran/PBL-002' successfully

2023-10-04 19:29:03 - [TEST_STEP][PASSED] - warnaa = getText(findTestObject("verifikasi/warna Merah")): Text of object 'Object Repository/verifikasi/warna Merah' is: 'Merah'

2023-10-04 19:29:03 - [MESSAGE][PASSED] - Text of object 'Object Repository/verifikasi/warna Merah' is: 'Merah'

2023-10-04 19:29:03 - [TEST_STEP][PASSED] - ukurann = getText(findTestObject("verifikasi/Ukuran Menengah")): Text of object 'Object Repository/verifikasi/Ukuran Menengah' is: 'Menengah'

2023-10-04 19:29:04 - [MESSAGE][PASSED] - Text of object 'Object Repository/verifikasi/Ukuran Menengah' is: 'Menengah'

2023-10-04 19:29:04 - [TEST_STEP][PASSED] - warna1 = data.get("Warna"): null

2023-10-04 19:29:04 - [TEST_STEP][PASSED] - ukuran1 = data.get("Ukuran"): null

2023-10-04 19:29:04 - [TEST_STEP][PASSED] - assert warnaa == warna1: null

2023-10-04 19:29:04 - [TEST_STEP][PASSED] - assert ukurann == ukuran1: null

2023-10-04 19:29:04 - [TEST_STEP][PASSED] - NamaCheckout = getText(findTestObject("verifikasi/NamaCheckout")): Text of object 'Object Repository/verifikasi/NamaCheckout' is: ''

2023-10-04 19:29:04 - [MESSAGE][PASSED] - Text of object 'Object Repository/verifikasi/NamaCheckout' is: ''

2023-10-04 19:29:04 - [TEST_STEP][PASSED] - HargaCheckout = getText(findTestObject("verifikasi/HargaCheckout")): Text of object 'Object Repository/verifikasi/HargaCheckout' is: '1,299'

2023-10-04 19:29:04 - [MESSAGE][PASSED] - Text of object 'Object Repository/verifikasi/HargaCheckout' is: '1,299'

2023-10-04 19:29:04 - [TEST_STEP][PASSED] - name_product = data.get("nama_barang"): null

2023-10-04 19:29:04 - [TEST_STEP][PASSED] - price_product = data.get("price_barang"): null

2023-10-04 19:29:04 - [TEST_STEP][PASSED] - assert name_product.contains(NamaCheckout): null

2023-10-04 19:29:04 - [TEST_STEP][PASSED] - assert price_product.contains(HargaCheckout): null

2023-10-04 19:29:04 - [TEST_STEP][PASSED] - selectOptionByLabel(findTestObject("checkout/select - Kirim via Kurir Lokal"), Kurir, false): All options with label 'Roda 2' are selected in object 'Object Repository/checkout/select - Kirim via Kurir Lokal' 

2023-10-04 19:29:05 - [MESSAGE][PASSED] - All options with label 'Roda 2' are selected in object 'Object Repository/checkout/select - Kirim via Kurir Lokal' 

2023-10-04 19:29:05 - [TEST_STEP][PASSED] - click(findTestObject("checkout/Kendaraan Kurir")): Object: 'Object Repository/checkout/Kendaraan Kurir' is clicked on

2023-10-04 19:29:06 - [MESSAGE][PASSED] - Object: 'Object Repository/checkout/Kendaraan Kurir' is clicked on

2023-10-04 19:29:06 - [TEST_STEP][PASSED] - OngkosKirim = getText(findTestObject("Object Repository/verifikasi/Ongkos Kirim checkout")): Text of object 'Object Repository/verifikasi/Ongkos Kirim checkout' is: 'Rp. 5,000'

2023-10-04 19:29:06 - [MESSAGE][PASSED] - Text of object 'Object Repository/verifikasi/Ongkos Kirim checkout' is: 'Rp. 5,000'

2023-10-04 19:29:06 - [TEST_STEP][PASSED] - Ongkos = OngkosKirim.substring(3, OngkosKirim.size()): null

2023-10-04 19:29:06 - [TEST_STEP][PASSED] - rep = Ongkos.replace(",", "."): null

2023-10-04 19:29:06 - [TEST_STEP][PASSED] - Ongkos_kirim = Double.parseDouble(rep): null

2023-10-04 19:29:06 - [TEST_STEP][PASSED] - println(Ongkos_kirim): null

2023-10-04 19:29:06 - [TEST_STEP][PASSED] - FeeAdmin = getText(findTestObject("verifikasi/Fee Admin checkout")): Text of object 'Object Repository/verifikasi/Fee Admin checkout' is: 'Fee Admin
Rp 1,500'

2023-10-04 19:29:06 - [MESSAGE][PASSED] - Text of object 'Object Repository/verifikasi/Fee Admin checkout' is: 'Fee Admin
Rp 1,500'

2023-10-04 19:29:06 - [TEST_STEP][PASSED] - Fee_Admin = FeeAdmin.substring(12, FeeAdmin.size()): null

2023-10-04 19:29:06 - [TEST_STEP][PASSED] - fee = Fee_Admin.replace(",", "."): null

2023-10-04 19:29:06 - [TEST_STEP][PASSED] - fee_admin = Double.parseDouble(fee): null

2023-10-04 19:29:06 - [TEST_STEP][PASSED] - println(fee_admin): null

2023-10-04 19:29:06 - [TEST_STEP][PASSED] - Subtotal = getText(findTestObject("verifikasi/subtotal checkout")): Text of object 'Object Repository/verifikasi/subtotal checkout' is: 'Subtotal
Rp 1,299'

2023-10-04 19:29:07 - [MESSAGE][PASSED] - Text of object 'Object Repository/verifikasi/subtotal checkout' is: 'Subtotal
Rp 1,299'

2023-10-04 19:29:07 - [TEST_STEP][PASSED] - sub_total = Subtotal.substring(12, Subtotal.size()): null

2023-10-04 19:29:07 - [TEST_STEP][PASSED] - sub = sub_total.replace(",", "."): null

2023-10-04 19:29:07 - [TEST_STEP][PASSED] - sub_total = Double.parseDouble(sub): null

2023-10-04 19:29:07 - [TEST_STEP][PASSED] - println(sub_total): null

2023-10-04 19:29:07 - [TEST_STEP][PASSED] - Total = getText(findTestObject("verifikasi/Total checkout")): Text of object 'Object Repository/verifikasi/Total checkout' is: 'Rp 7,799'

2023-10-04 19:29:07 - [MESSAGE][PASSED] - Text of object 'Object Repository/verifikasi/Total checkout' is: 'Rp 7,799'

2023-10-04 19:29:07 - [TEST_STEP][PASSED] - totall = Total.substring(3, Total.size()): null

2023-10-04 19:29:07 - [TEST_STEP][PASSED] - total = totall.replace(",", "."): null

2023-10-04 19:29:07 - [TEST_STEP][PASSED] - totall = Double.parseDouble(total): null

2023-10-04 19:29:07 - [TEST_STEP][PASSED] - println(totall): null

2023-10-04 19:29:07 - [TEST_STEP][PASSED] - Total_Harga = Ongkos_kirim + fee_admin + sub_total: null

2023-10-04 19:29:07 - [TEST_STEP][PASSED] - println(Total_Harga): null

2023-10-04 19:29:07 - [TEST_STEP][PASSED] - TotalHarga = Math.round(Total_Harga * 1000) / 1000: null

2023-10-04 19:29:07 - [TEST_STEP][PASSED] - println(TotalHarga): null

2023-10-04 19:29:07 - [TEST_STEP][PASSED] - assert totall == TotalHarga: null

2023-10-04 19:29:07 - [TEST_STEP][PASSED] - click(findTestObject("verifikasi/Metode Transfer")): Object: 'Object Repository/verifikasi/Metode Transfer' is clicked on

2023-10-04 19:29:08 - [MESSAGE][PASSED] - Object: 'Object Repository/verifikasi/Metode Transfer' is clicked on

2023-10-04 19:29:08 - [TEST_STEP][PASSED] - click(findTestObject("checkout/button_Proses Pembayaran")): Object: 'Object Repository/checkout/button_Proses Pembayaran' is clicked on

2023-10-04 19:29:13 - [MESSAGE][PASSED] - Object: 'Object Repository/checkout/button_Proses Pembayaran' is clicked on

2023-10-04 19:29:13 - [TEST_STEP][PASSED] - verifyElementPresent(findTestObject("pembayaran/Tittle nomor invoice"), 0): Object 'Object Repository/pembayaran/Tittle nomor invoice' is present

2023-10-04 19:29:13 - [MESSAGE][WARNING] - Timeout '0' is invalid. Using default page load timeout: '30'

2023-10-04 19:29:19 - [MESSAGE][PASSED] - Object 'Object Repository/pembayaran/Tittle nomor invoice' is present

2023-10-04 19:29:19 - [TEST_STEP][PASSED] - return data: null

2023-10-04 19:29:19 - [MESSAGE][PASSED] - Call Test Case 'Test Cases/T13 Pembelian, Shipment dan Pembayaran/PBL-004' successfully

2023-10-04 19:29:19 - [TEST_STEP][PASSED] - Invoice = getText(findTestObject("pembayaran/nomor invoice")): Text of object 'Object Repository/pembayaran/nomor invoice' is: 'TRX60.20231004192909'

2023-10-04 19:29:19 - [MESSAGE][PASSED] - Text of object 'Object Repository/pembayaran/nomor invoice' is: 'TRX60.20231004192909'

2023-10-04 19:29:19 - [TEST_STEP][PASSED] - data.put("invoice", Invoice): null

2023-10-04 19:29:19 - [TEST_STEP][PASSED] - NamaPemesan = getText(findTestObject("Konfirmasi pesanan shop/Nama pemesan")): Text of object 'Object Repository/Konfirmasi pesanan shop/Nama pemesan' is: 'irfan.afandi'

2023-10-04 19:29:20 - [MESSAGE][PASSED] - Text of object 'Object Repository/Konfirmasi pesanan shop/Nama pemesan' is: 'irfan.afandi'

2023-10-04 19:29:20 - [TEST_STEP][PASSED] - Nama = getText(findTestObject("pembayaran/Nama barang")): Text of object 'Object Repository/pembayaran/Nama barang' is: 'Segitiga Instan Madeira - MDB5.3 Sunset'

2023-10-04 19:29:20 - [MESSAGE][PASSED] - Text of object 'Object Repository/pembayaran/Nama barang' is: 'Segitiga Instan Madeira - MDB5.3 Sunset'

2023-10-04 19:29:20 - [TEST_STEP][PASSED] - Harga = getText(findTestObject("pembayaran/Harga barang")): Text of object 'Object Repository/pembayaran/Harga barang' is: '1,299'

2023-10-04 19:29:21 - [MESSAGE][PASSED] - Text of object 'Object Repository/pembayaran/Harga barang' is: '1,299'

2023-10-04 19:29:21 - [TEST_STEP][PASSED] - name_product = data.get("nama_barang"): null

2023-10-04 19:29:21 - [TEST_STEP][PASSED] - price_product = data.get("price_barang"): null

2023-10-04 19:29:21 - [TEST_STEP][PASSED] - assert name_product.contains(Nama): null

2023-10-04 19:29:21 - [TEST_STEP][PASSED] - assert price_product.contains(Harga): null

2023-10-04 19:29:21 - [TEST_STEP][PASSED] - warnaa = getText(findTestObject("pembayaran/warna")): Text of object 'Object Repository/pembayaran/warna' is: 'Merah'

2023-10-04 19:29:21 - [MESSAGE][PASSED] - Text of object 'Object Repository/pembayaran/warna' is: 'Merah'

2023-10-04 19:29:21 - [TEST_STEP][PASSED] - ukurann = getText(findTestObject("pembayaran/ukuran")): Text of object 'Object Repository/pembayaran/ukuran' is: 'Menengah'

2023-10-04 19:29:22 - [MESSAGE][PASSED] - Text of object 'Object Repository/pembayaran/ukuran' is: 'Menengah'

2023-10-04 19:29:22 - [TEST_STEP][PASSED] - warna1 = data.get("Warna"): null

2023-10-04 19:29:22 - [TEST_STEP][PASSED] - ukuran1 = data.get("Ukuran"): null

2023-10-04 19:29:22 - [TEST_STEP][PASSED] - assert warnaa == warna1: null

2023-10-04 19:29:22 - [TEST_STEP][PASSED] - assert ukurann == ukuran1: null

2023-10-04 19:29:22 - [TEST_STEP][PASSED] - statusPembelian = getText(findTestObject("verifikasi/Status pending di pembelian")): Text of object 'Object Repository/verifikasi/Status pending di pembelian' is: 'Pending'

2023-10-04 19:29:22 - [MESSAGE][PASSED] - Text of object 'Object Repository/verifikasi/Status pending di pembelian' is: 'Pending'

2023-10-04 19:29:22 - [TEST_STEP][PASSED] - data.put("statusPem", statusPembelian): null

2023-10-04 19:29:22 - [TEST_STEP][PASSED] - OngkosKirim = getText(findTestObject("pembayaran/ongkos kirim")): Text of object 'Object Repository/pembayaran/ongkos kirim' is: 'Rp 5,000'

2023-10-04 19:29:23 - [MESSAGE][PASSED] - Text of object 'Object Repository/pembayaran/ongkos kirim' is: 'Rp 5,000'

2023-10-04 19:29:23 - [TEST_STEP][PASSED] - Ongkos = OngkosKirim.substring(3, OngkosKirim.size()): null

2023-10-04 19:29:23 - [TEST_STEP][PASSED] - rep = Ongkos.replace(",", ""): null

2023-10-04 19:29:23 - [TEST_STEP][PASSED] - Ongkos_kirimm = Integer.parseInt(rep): null

2023-10-04 19:29:23 - [TEST_STEP][PASSED] - println(Ongkos_kirimm): null

2023-10-04 19:29:23 - [TEST_STEP][PASSED] - FeeAdmin = getText(findTestObject("pembayaran/fee admin")): Text of object 'Object Repository/pembayaran/fee admin' is: 'Rp 1,500'

2023-10-04 19:29:23 - [MESSAGE][PASSED] - Text of object 'Object Repository/pembayaran/fee admin' is: 'Rp 1,500'

2023-10-04 19:29:23 - [TEST_STEP][PASSED] - Fee_Admin = FeeAdmin.substring(3, FeeAdmin.size()): null

2023-10-04 19:29:23 - [TEST_STEP][PASSED] - fee = Fee_Admin.replace(",", ""): null

2023-10-04 19:29:23 - [TEST_STEP][PASSED] - fee_adminn = Integer.parseInt(fee): null

2023-10-04 19:29:23 - [TEST_STEP][PASSED] - println(fee_adminn): null

2023-10-04 19:29:23 - [TEST_STEP][PASSED] - Subtotal = getText(findTestObject("pembayaran/subtotal")): Text of object 'Object Repository/pembayaran/subtotal' is: 'Rp 1,299'

2023-10-04 19:29:24 - [MESSAGE][PASSED] - Text of object 'Object Repository/pembayaran/subtotal' is: 'Rp 1,299'

2023-10-04 19:29:24 - [TEST_STEP][PASSED] - sub_total = Subtotal.substring(3, Subtotal.size()): null

2023-10-04 19:29:24 - [TEST_STEP][PASSED] - sub = sub_total.replace(",", ""): null

2023-10-04 19:29:24 - [TEST_STEP][PASSED] - sub_totall = Integer.parseInt(sub): null

2023-10-04 19:29:24 - [TEST_STEP][PASSED] - println(sub_totall): null

2023-10-04 19:29:24 - [TEST_STEP][PASSED] - unik = getText(findTestObject("pembayaran/kode unik")): Text of object 'Object Repository/pembayaran/kode unik' is: '+909'

2023-10-04 19:29:24 - [MESSAGE][PASSED] - Text of object 'Object Repository/pembayaran/kode unik' is: '+909'

2023-10-04 19:29:24 - [TEST_STEP][PASSED] - unikk = unik.replace("+", ""): null

2023-10-04 19:29:24 - [TEST_STEP][PASSED] - kode_unik = Integer.parseInt(unikk): null

2023-10-04 19:29:24 - [TEST_STEP][PASSED] - println(kode_unik): null

2023-10-04 19:29:24 - [TEST_STEP][PASSED] - Total = getText(findTestObject("pembayaran/total")): Text of object 'Object Repository/pembayaran/total' is: '8,708'

2023-10-04 19:29:25 - [MESSAGE][PASSED] - Text of object 'Object Repository/pembayaran/total' is: '8,708'

2023-10-04 19:29:25 - [TEST_STEP][PASSED] - total = Total.replace(",", ""): null

2023-10-04 19:29:25 - [TEST_STEP][PASSED] - totalll = Integer.parseInt(total): null

2023-10-04 19:29:25 - [TEST_STEP][PASSED] - println(totalll): null

2023-10-04 19:29:25 - [TEST_STEP][PASSED] - Total_Hargaa = Ongkos_kirimm + fee_adminn + sub_totall + kode_unik: null

2023-10-04 19:29:25 - [TEST_STEP][PASSED] - println(Total_Hargaa): null

2023-10-04 19:29:25 - [TEST_STEP][PASSED] - assert totalll == Total_Hargaa: null

2023-10-04 19:29:25 - [TEST_STEP][PASSED] - data.put("total", Total): null

2023-10-04 19:29:25 - [TEST_STEP][PASSED] - data.put("nama", NamaPemesan): null

2023-10-04 19:29:25 - [TEST_STEP][PASSED] - return data: null

2023-10-04 19:29:25 - [MESSAGE][PASSED] - Call Test Case 'Test Cases/T13 Pembelian, Shipment dan Pembayaran/PBY-001' successfully

2023-10-04 19:29:25 - [TEST_STEP][PASSED] - inv = data.get("invoice"): null

2023-10-04 19:29:25 - [TEST_STEP][PASSED] - Total = data.get("total"): null

2023-10-04 19:29:25 - [TEST_STEP][PASSED] - NamaPemesan = data.get("nama"): null

2023-10-04 19:29:25 - [TEST_STEP][PASSED] - click(findTestObject("Konfirmasi pesanan shop/Menu Shop")): Object: 'Object Repository/Konfirmasi pesanan shop/Menu Shop' is clicked on

2023-10-04 19:29:26 - [MESSAGE][PASSED] - Object: 'Object Repository/Konfirmasi pesanan shop/Menu Shop' is clicked on

2023-10-04 19:29:26 - [TEST_STEP][PASSED] - click(findTestObject("Konfirmasi pesanan shop/Menu Shop")): Object: 'Object Repository/Konfirmasi pesanan shop/Menu Shop' is clicked on

2023-10-04 19:29:27 - [MESSAGE][PASSED] - Object: 'Object Repository/Konfirmasi pesanan shop/Menu Shop' is clicked on

2023-10-04 19:29:27 - [TEST_STEP][PASSED] - click(findTestObject("Konfirmasi pesanan shop/Konfirmasi Orders")): Object: 'Object Repository/Konfirmasi pesanan shop/Konfirmasi Orders' is clicked on

2023-10-04 19:29:28 - [MESSAGE][PASSED] - Object: 'Object Repository/Konfirmasi pesanan shop/Konfirmasi Orders' is clicked on

2023-10-04 19:29:28 - [TEST_STEP][PASSED] - verifyElementPresent(findTestObject("Konfirmasi pesanan shop/Tittle Konfirmasi Pesanan"), 0): Object 'Object Repository/Konfirmasi pesanan shop/Tittle Konfirmasi Pesanan' is present

2023-10-04 19:29:28 - [MESSAGE][WARNING] - Timeout '0' is invalid. Using default page load timeout: '30'

2023-10-04 19:29:29 - [MESSAGE][PASSED] - Object 'Object Repository/Konfirmasi pesanan shop/Tittle Konfirmasi Pesanan' is present

2023-10-04 19:29:29 - [TEST_STEP][PASSED] - setText(findTestObject("Konfirmasi pesanan shop/input_No Pesanan"), inv): Text 'TRX60.20231004192909' is set on object 'Object Repository/Konfirmasi pesanan shop/input_No Pesanan'

2023-10-04 19:29:30 - [MESSAGE][PASSED] - Text 'TRX60.20231004192909' is set on object 'Object Repository/Konfirmasi pesanan shop/input_No Pesanan'

2023-10-04 19:29:30 - [TEST_STEP][PASSED] - setText(findTestObject("Konfirmasi pesanan shop/input_Alamat E-mai"), "irfan@gmail.com"): Text 'irfan@gmail.com' is set on object 'Object Repository/Konfirmasi pesanan shop/input_Alamat E-mai'

2023-10-04 19:29:30 - [MESSAGE][PASSED] - Text 'irfan@gmail.com' is set on object 'Object Repository/Konfirmasi pesanan shop/input_Alamat E-mai'

2023-10-04 19:29:30 - [TEST_STEP][PASSED] - click(findTestObject("Konfirmasi pesanan shop/button_Submit")): Object: 'Object Repository/Konfirmasi pesanan shop/button_Submit' is clicked on

2023-10-04 19:29:31 - [MESSAGE][PASSED] - Object: 'Object Repository/Konfirmasi pesanan shop/button_Submit' is clicked on

2023-10-04 19:29:31 - [TEST_STEP][PASSED] - verifyElementPresent(findTestObject("Konfirmasi pesanan shop/Tittle nomor invoice"), 0): Object 'Object Repository/Konfirmasi pesanan shop/Tittle nomor invoice' is present

2023-10-04 19:29:31 - [MESSAGE][WARNING] - Timeout '0' is invalid. Using default page load timeout: '30'

2023-10-04 19:29:32 - [MESSAGE][PASSED] - Object 'Object Repository/Konfirmasi pesanan shop/Tittle nomor invoice' is present

2023-10-04 19:29:32 - [TEST_STEP][PASSED] - setText(findTestObject("Konfirmasi pesanan shop/input_Total TagihanTransfer_b"), Total): Text '8,708' is set on object 'Object Repository/Konfirmasi pesanan shop/input_Total TagihanTransfer_b'

2023-10-04 19:29:33 - [MESSAGE][PASSED] - Text '8,708' is set on object 'Object Repository/Konfirmasi pesanan shop/input_Total TagihanTransfer_b'

2023-10-04 19:29:33 - [TEST_STEP][PASSED] - selectOptionByValue(findTestObject("Konfirmasi pesanan shop/select_Bank"), "4", false): All options with value '4' are selected in object 'Object Repository/Konfirmasi pesanan shop/select_Bank' 

2023-10-04 19:29:33 - [MESSAGE][PASSED] - All options with value '4' are selected in object 'Object Repository/Konfirmasi pesanan shop/select_Bank' 

2023-10-04 19:29:33 - [TEST_STEP][PASSED] - setText(findTestObject("Konfirmasi pesanan shop/input_Nama Pengirim_d"), NamaPemesan): Text 'irfan.afandi' is set on object 'Object Repository/Konfirmasi pesanan shop/input_Nama Pengirim_d'

2023-10-04 19:29:34 - [MESSAGE][PASSED] - Text 'irfan.afandi' is set on object 'Object Repository/Konfirmasi pesanan shop/input_Nama Pengirim_d'

2023-10-04 19:29:34 - [TEST_STEP][PASSED] - uploadFile(findTestObject("keranjang/konfirmasi/input_Upload Bukti Transfer_f"), "C:\Users\IRFAN\Downloads\Berkas2.pdf"): File 'C:\Users\IRFAN\Downloads\Berkas2.pdf' sent to object: 'Object Repository/keranjang/konfirmasi/input_Upload Bukti Transfer_f'

2023-10-04 19:29:34 - [MESSAGE][PASSED] - File 'C:\Users\IRFAN\Downloads\Berkas2.pdf' sent to object: 'Object Repository/keranjang/konfirmasi/input_Upload Bukti Transfer_f'

2023-10-04 19:29:34 - [TEST_STEP][PASSED] - click(findTestObject("Konfirmasi pesanan shop/button_Konfirmasi Pembayaran")): Object: 'Object Repository/Konfirmasi pesanan shop/button_Konfirmasi Pembayaran' is clicked on

2023-10-04 19:29:36 - [MESSAGE][PASSED] - Object: 'Object Repository/Konfirmasi pesanan shop/button_Konfirmasi Pembayaran' is clicked on

2023-10-04 19:29:36 - [TEST_STEP][PASSED] - verifyElementPresent(findTestObject("Konfirmasi pesanan shop/Tittle Konfirmasi Pesanan"), 0): Object 'Object Repository/Konfirmasi pesanan shop/Tittle Konfirmasi Pesanan' is present

2023-10-04 19:29:36 - [MESSAGE][WARNING] - Timeout '0' is invalid. Using default page load timeout: '30'

2023-10-04 19:29:37 - [MESSAGE][PASSED] - Object 'Object Repository/Konfirmasi pesanan shop/Tittle Konfirmasi Pesanan' is present

2023-10-04 19:29:37 - [TEST_STEP][PASSED] - verifyElementPresent(findTestObject("Konfirmasi pesanan shop/Tittle massage succes Konfirmasi Pembayaran Pesanan"), 0): Object 'Object Repository/Konfirmasi pesanan shop/Tittle massage succes Konfirmasi Pembayaran Pesanan' is present

2023-10-04 19:29:37 - [MESSAGE][WARNING] - Timeout '0' is invalid. Using default page load timeout: '30'

2023-10-04 19:29:37 - [MESSAGE][PASSED] - Object 'Object Repository/Konfirmasi pesanan shop/Tittle massage succes Konfirmasi Pembayaran Pesanan' is present

2023-10-04 19:29:37 - [TEST_STEP][PASSED] - return data: null

2023-10-04 19:29:37 - [MESSAGE][PASSED] - Call Test Case 'Test Cases/T13 Pembelian, Shipment dan Pembayaran/PBY-004' successfully

2023-10-04 19:29:37 - [TEST_STEP][PASSED] - navigateToUrl("https://10.9.2.63/ecommerce/administrator/"): Navigate to 'https://10.9.2.63/ecommerce/administrator/' successfully

2023-10-04 19:29:38 - [MESSAGE][PASSED] - Navigate to 'https://10.9.2.63/ecommerce/administrator/' successfully

2023-10-04 19:29:38 - [TEST_STEP][PASSED] - verifyElementPresent(findTestObject("admin/Tittle ADMIN Login"), 0): Object 'Object Repository/admin/Tittle ADMIN Login' is present

2023-10-04 19:29:38 - [MESSAGE][WARNING] - Timeout '0' is invalid. Using default page load timeout: '30'

2023-10-04 19:29:38 - [MESSAGE][PASSED] - Object 'Object Repository/admin/Tittle ADMIN Login' is present

2023-10-04 19:29:38 - [TEST_STEP][PASSED] - setText(findTestObject("admin/Username"), "admin"): Text 'admin' is set on object 'Object Repository/admin/Username'

2023-10-04 19:29:39 - [MESSAGE][PASSED] - Text 'admin' is set on object 'Object Repository/admin/Username'

2023-10-04 19:29:39 - [TEST_STEP][PASSED] - setText(findTestObject("admin/Password"), "123admin123"): Text '123admin123' is set on object 'Object Repository/admin/Password'

2023-10-04 19:29:39 - [MESSAGE][PASSED] - Text '123admin123' is set on object 'Object Repository/admin/Password'

2023-10-04 19:29:39 - [TEST_STEP][PASSED] - click(findTestObject("admin/Remember Me")): Object: 'Object Repository/admin/Remember Me' is clicked on

2023-10-04 19:29:40 - [MESSAGE][PASSED] - Object: 'Object Repository/admin/Remember Me' is clicked on

2023-10-04 19:29:40 - [TEST_STEP][PASSED] - delay(10): Delayed 10 second(s)

2023-10-04 19:29:50 - [MESSAGE][PASSED] - Delayed 10 second(s)

2023-10-04 19:29:50 - [TEST_STEP][PASSED] - click(findTestObject("admin/buttom submit")): Object: 'Object Repository/admin/buttom submit' is clicked on

2023-10-04 19:29:51 - [MESSAGE][PASSED] - Object: 'Object Repository/admin/buttom submit' is clicked on

2023-10-04 19:29:51 - [TEST_STEP][PASSED] - verifyElementPresent(findTestObject("admin/Konf order konsumen/Tittle Dashboard"), 0): Object 'Object Repository/admin/Konf order konsumen/Tittle Dashboard' is present

2023-10-04 19:29:51 - [MESSAGE][WARNING] - Timeout '0' is invalid. Using default page load timeout: '30'

2023-10-04 19:29:57 - [MESSAGE][PASSED] - Object 'Object Repository/admin/Konf order konsumen/Tittle Dashboard' is present

2023-10-04 19:29:57 - [TEST_STEP][PASSED] - click(findTestObject("admin/Konf order konsumen/Menu Transaksi Market")): Object: 'Object Repository/admin/Konf order konsumen/Menu Transaksi Market' is clicked on

2023-10-04 19:29:58 - [MESSAGE][PASSED] - Object: 'Object Repository/admin/Konf order konsumen/Menu Transaksi Market' is clicked on

2023-10-04 19:29:58 - [TEST_STEP][PASSED] - click(findTestObject("admin/Konf order konsumen/Menu Konf. Order Konsumen")): Object: 'Object Repository/admin/Konf order konsumen/Menu Konf. Order Konsumen' is clicked on

2023-10-04 19:29:59 - [MESSAGE][PASSED] - Object: 'Object Repository/admin/Konf order konsumen/Menu Konf. Order Konsumen' is clicked on

2023-10-04 19:29:59 - [TEST_STEP][PASSED] - verifyElementPresent(findTestObject("admin/Konf order konsumen/Tittle Data Konfirmasi Pembayaran Konsumen"), 0): Object 'Object Repository/admin/Konf order konsumen/Tittle Data Konfirmasi Pembayaran Konsumen' is present

2023-10-04 19:29:59 - [MESSAGE][WARNING] - Timeout '0' is invalid. Using default page load timeout: '30'

2023-10-04 19:30:06 - [MESSAGE][PASSED] - Object 'Object Repository/admin/Konf order konsumen/Tittle Data Konfirmasi Pembayaran Konsumen' is present

2023-10-04 19:30:06 - [TEST_STEP][PASSED] - inv = data.get("invoice"): null

2023-10-04 19:30:06 - [TEST_STEP][PASSED] - setText(findTestObject("admin/Konf order konsumen/Search"), inv): Text 'TRX60.20231004192909' is set on object 'Object Repository/admin/Konf order konsumen/Search'

2023-10-04 19:30:07 - [MESSAGE][PASSED] - Text 'TRX60.20231004192909' is set on object 'Object Repository/admin/Konf order konsumen/Search'

2023-10-04 19:30:07 - [TEST_STEP][PASSED] - verifyElementText(findTestObject("admin/Konf order konsumen/Keterangan Lunas"), "Lunas"): Actual text and expected text of test object 'Object Repository/admin/Konf order konsumen/Keterangan Lunas' are matched.

2023-10-04 19:30:08 - [MESSAGE][PASSED] - Actual text and expected text of test object 'Object Repository/admin/Konf order konsumen/Keterangan Lunas' are matched.

2023-10-04 19:30:08 - [TEST_STEP][PASSED] - return data: null

2023-10-04 19:30:08 - [MESSAGE][PASSED] - Call Test Case 'Test Cases/T13 Pembelian, Shipment dan Pembayaran/PBYA-001' successfully

2023-10-04 19:30:08 - [TEST_STEP][PASSED] - click(findTestObject("admin/Penjualan ke konsumen/buttom Dashboard")): Object: 'Object Repository/admin/Penjualan ke konsumen/buttom Dashboard' is clicked on

2023-10-04 19:30:09 - [MESSAGE][PASSED] - Object: 'Object Repository/admin/Penjualan ke konsumen/buttom Dashboard' is clicked on

2023-10-04 19:30:09 - [TEST_STEP][PASSED] - click(findTestObject("admin/Konf order konsumen/Menu Transaksi Market")): Object: 'Object Repository/admin/Konf order konsumen/Menu Transaksi Market' is clicked on

2023-10-04 19:30:14 - [MESSAGE][PASSED] - Object: 'Object Repository/admin/Konf order konsumen/Menu Transaksi Market' is clicked on

2023-10-04 19:30:14 - [TEST_STEP][PASSED] - click(findTestObject("admin/Penjualan ke konsumen/a_Penjualan ke Konsumen")): Object: 'Object Repository/admin/Penjualan ke konsumen/a_Penjualan ke Konsumen' is clicked on

2023-10-04 19:30:15 - [MESSAGE][PASSED] - Object: 'Object Repository/admin/Penjualan ke konsumen/a_Penjualan ke Konsumen' is clicked on

2023-10-04 19:30:15 - [TEST_STEP][PASSED] - verifyElementPresent(findTestObject("admin/Tittle Data Transaksi Penjualan  Orderan Konsumen"), 0): Object 'Object Repository/admin/Tittle Data Transaksi Penjualan  Orderan Konsumen' is present

2023-10-04 19:30:16 - [MESSAGE][WARNING] - Timeout '0' is invalid. Using default page load timeout: '30'

2023-10-04 19:30:22 - [MESSAGE][PASSED] - Object 'Object Repository/admin/Tittle Data Transaksi Penjualan  Orderan Konsumen' is present

2023-10-04 19:30:22 - [TEST_STEP][PASSED] - return data: null

2023-10-04 19:30:22 - [MESSAGE][PASSED] - Call Test Case 'Test Cases/T13 Pembelian, Shipment dan Pembayaran/SA-001' successfully

2023-10-04 19:30:22 - [TEST_STEP][PASSED] - inv = data.get("invoice"): null

2023-10-04 19:30:22 - [TEST_STEP][PASSED] - setText(findTestObject("admin/Penjualan ke konsumen/Search"), inv): Text 'TRX60.20231004192909' is set on object 'Object Repository/admin/Penjualan ke konsumen/Search'

2023-10-04 19:30:23 - [MESSAGE][PASSED] - Text 'TRX60.20231004192909' is set on object 'Object Repository/admin/Penjualan ke konsumen/Search'

2023-10-04 19:30:23 - [TEST_STEP][PASSED] - click(findTestObject("admin/Penjualan ke konsumen/buttom konfirmasi pending payment")): Object: 'Object Repository/admin/Penjualan ke konsumen/buttom konfirmasi pending payment' is clicked on

2023-10-04 19:30:24 - [MESSAGE][PASSED] - Object: 'Object Repository/admin/Penjualan ke konsumen/buttom konfirmasi pending payment' is clicked on

2023-10-04 19:30:24 - [TEST_STEP][PASSED] - acceptAlert(STOP_ON_FAILURE): Alert accepted

2023-10-04 19:30:24 - [MESSAGE][PASSED] - Alert accepted

2023-10-04 19:30:24 - [TEST_STEP][PASSED] - setText(findTestObject("admin/Penjualan ke konsumen/Search"), inv): Text 'TRX60.20231004192909' is set on object 'Object Repository/admin/Penjualan ke konsumen/Search'

2023-10-04 19:30:25 - [MESSAGE][PASSED] - Text 'TRX60.20231004192909' is set on object 'Object Repository/admin/Penjualan ke konsumen/Search'

2023-10-04 19:30:25 - [TEST_STEP][PASSED] - verifyTextNotPresent("pending payment", false): Text 'pending payment' is not present on page

2023-10-04 19:30:25 - [MESSAGE][PASSED] - Text 'pending payment' is not present on page

2023-10-04 19:30:25 - [TEST_STEP][PASSED] - return data: null

2023-10-04 19:30:25 - [MESSAGE][PASSED] - Call Test Case 'Test Cases/T13 Pembelian, Shipment dan Pembayaran/SA-002' successfully

2023-10-04 19:30:25 - [TEST_STEP][PASSED] - click(findTestObject("admin/Penjualan ke konsumen/buttom scroldown")): Object: 'Object Repository/admin/Penjualan ke konsumen/buttom scroldown' is clicked on

2023-10-04 19:30:26 - [MESSAGE][PASSED] - Object: 'Object Repository/admin/Penjualan ke konsumen/buttom scroldown' is clicked on

2023-10-04 19:30:26 - [TEST_STEP][PASSED] - click(findTestObject("admin/Penjualan ke konsumen/Selesai")): Object: 'Object Repository/admin/Penjualan ke konsumen/Selesai' is clicked on

2023-10-04 19:30:26 - [MESSAGE][PASSED] - Object: 'Object Repository/admin/Penjualan ke konsumen/Selesai' is clicked on

2023-10-04 19:30:26 - [TEST_STEP][PASSED] - acceptAlert(): Alert accepted

2023-10-04 19:30:26 - [MESSAGE][PASSED] - Alert accepted

2023-10-04 19:30:26 - [TEST_STEP][PASSED] - inv = data.get("invoice"): null

2023-10-04 19:30:26 - [TEST_STEP][PASSED] - setText(findTestObject("admin/Penjualan ke konsumen/Search"), inv): Text 'TRX60.20231004192909' is set on object 'Object Repository/admin/Penjualan ke konsumen/Search'

2023-10-04 19:30:27 - [MESSAGE][PASSED] - Text 'TRX60.20231004192909' is set on object 'Object Repository/admin/Penjualan ke konsumen/Search'

2023-10-04 19:30:27 - [TEST_STEP][PASSED] - delay(10): Delayed 10 second(s)

2023-10-04 19:30:37 - [MESSAGE][PASSED] - Delayed 10 second(s)

2023-10-04 19:30:37 - [TEST_STEP][PASSED] - verifyTextPresent("Selesai", false): Text 'Selesai' is present on page 

2023-10-04 19:30:38 - [MESSAGE][PASSED] - Text 'Selesai' is present on page 

2023-10-04 19:30:38 - [TEST_STEP][PASSED] - selesaiAdmin = getText(findTestObject("admin/Selesai")): Text of object 'Object Repository/admin/Selesai' is: 'Selesai'

2023-10-04 19:30:38 - [MESSAGE][PASSED] - Text of object 'Object Repository/admin/Selesai' is: 'Selesai'

2023-10-04 19:30:38 - [TEST_STEP][PASSED] - data.put("statusSelesai", selesaiAdmin): null

2023-10-04 19:30:39 - [TEST_STEP][PASSED] - return data: null]]></system-out>
         <system-err><![CDATA[]]></system-err>
      </testcase>
      <testcase name="Test Cases/T13 Pembelian, Shipment dan Pembayaran/SA-006" time="125.275" classname="Test Cases/T13 Pembelian, Shipment dan Pembayaran/SA-006" status="PASSED">
         <system-out><![CDATA[2023-10-04 19:30:39 - [TEST_CASE][PASSED] - Test Cases/T13 Pembelian, Shipment dan Pembayaran/SA-006: Test Cases/T13 Pembelian, Shipment dan Pembayaran/SA-006

2023-10-04 19:30:39 - [TEST_STEP][PASSED] - data = callTestCase(findTestCase("T13 Pembelian, Shipment dan Pembayaran/SA-002"), [:], STOP_ON_FAILURE): Call Test Case 'Test Cases/T13 Pembelian, Shipment dan Pembayaran/SA-002' successfully

2023-10-04 19:30:39 - [TEST_CASE][PASSED] - Test Cases/T13 Pembelian, Shipment dan Pembayaran/SA-002: Test Cases/T13 Pembelian, Shipment dan Pembayaran/SA-002

2023-10-04 19:30:39 - [TEST_STEP][PASSED] - data = callTestCase(findTestCase("T13 Pembelian, Shipment dan Pembayaran/SA-001"), [:], STOP_ON_FAILURE): Call Test Case 'Test Cases/T13 Pembelian, Shipment dan Pembayaran/SA-001' successfully

2023-10-04 19:30:39 - [TEST_CASE][PASSED] - Test Cases/T13 Pembelian, Shipment dan Pembayaran/SA-001: Test Cases/T13 Pembelian, Shipment dan Pembayaran/SA-001

2023-10-04 19:30:39 - [TEST_STEP][PASSED] - data = callTestCase(findTestCase("T13 Pembelian, Shipment dan Pembayaran/PBYA-001"), [:], STOP_ON_FAILURE): Call Test Case 'Test Cases/T13 Pembelian, Shipment dan Pembayaran/PBYA-001' successfully

2023-10-04 19:30:39 - [TEST_CASE][PASSED] - Test Cases/T13 Pembelian, Shipment dan Pembayaran/PBYA-001: Test Cases/T13 Pembelian, Shipment dan Pembayaran/PBYA-001

2023-10-04 19:30:39 - [TEST_STEP][PASSED] - data = callTestCase(findTestCase("T13 Pembelian, Shipment dan Pembayaran/PBY-004"), [:], STOP_ON_FAILURE): Call Test Case 'Test Cases/T13 Pembelian, Shipment dan Pembayaran/PBY-004' successfully

2023-10-04 19:30:39 - [TEST_CASE][PASSED] - Test Cases/T13 Pembelian, Shipment dan Pembayaran/PBY-004: Test Cases/T13 Pembelian, Shipment dan Pembayaran/PBY-004

2023-10-04 19:30:39 - [TEST_STEP][PASSED] - data = callTestCase(findTestCase("T13 Pembelian, Shipment dan Pembayaran/PBY-001"), [:], STOP_ON_FAILURE): Call Test Case 'Test Cases/T13 Pembelian, Shipment dan Pembayaran/PBY-001' successfully

2023-10-04 19:30:39 - [TEST_CASE][PASSED] - Test Cases/T13 Pembelian, Shipment dan Pembayaran/PBY-001: Test Cases/T13 Pembelian, Shipment dan Pembayaran/PBY-001

2023-10-04 19:30:39 - [TEST_STEP][PASSED] - data = callTestCase(findTestCase("T13 Pembelian, Shipment dan Pembayaran/PBL-004"), ["Kurir":"Roda 2"], STOP_ON_FAILURE): Call Test Case 'Test Cases/T13 Pembelian, Shipment dan Pembayaran/PBL-004' successfully

2023-10-04 19:30:39 - [TEST_CASE][PASSED] - Test Cases/T13 Pembelian, Shipment dan Pembayaran/PBL-004: Test Cases/T13 Pembelian, Shipment dan Pembayaran/PBL-004

2023-10-04 19:30:39 - [TEST_STEP][PASSED] - data = callTestCase(findTestCase("T13 Pembelian, Shipment dan Pembayaran/PBL-002"), [:], STOP_ON_FAILURE): Call Test Case 'Test Cases/T13 Pembelian, Shipment dan Pembayaran/PBL-002' successfully

2023-10-04 19:30:39 - [TEST_CASE][PASSED] - Test Cases/T13 Pembelian, Shipment dan Pembayaran/PBL-002: Test Cases/T13 Pembelian, Shipment dan Pembayaran/PBL-002

2023-10-04 19:30:39 - [TEST_STEP][PASSED] - data = callTestCase(findTestCase("T13 Pembelian, Shipment dan Pembayaran/PBL-001"), [:], STOP_ON_FAILURE): Call Test Case 'Test Cases/T13 Pembelian, Shipment dan Pembayaran/PBL-001' successfully

2023-10-04 19:30:39 - [TEST_CASE][PASSED] - Test Cases/T13 Pembelian, Shipment dan Pembayaran/PBL-001: Test Cases/T13 Pembelian, Shipment dan Pembayaran/PBL-001

2023-10-04 19:30:39 - [TEST_STEP][PASSED] - callTestCase(findTestCase("T13 Pembelian, Shipment dan Pembayaran/LU-001"), ["username":"irfanafandi", "password":"12345irfan"], STOP_ON_FAILURE): Call Test Case 'Test Cases/T13 Pembelian, Shipment dan Pembayaran/LU-001' successfully

2023-10-04 19:30:39 - [TEST_CASE][PASSED] - Test Cases/T13 Pembelian, Shipment dan Pembayaran/LU-001: Test Cases/T13 Pembelian, Shipment dan Pembayaran/LU-001

2023-10-04 19:30:39 - [TEST_STEP][PASSED] - openBrowser("https://10.9.2.63/ecommerce/"): Browser is opened with url: 'https://10.9.2.63/ecommerce/'

2023-10-04 19:30:39 - [MESSAGE][WARNING] - A browser is already opened. Closing browser and opening a new one

2023-10-04 19:30:42 - [MESSAGE][INFO] - Starting 'Firefox' driver

2023-10-04 19:30:42 - [MESSAGE][INFO] - User set preference: ['args', '[--disable-notifications]']

2023-10-04 19:30:42 - [MESSAGE][INFO] - Action delay is set to 0 milliseconds

2023-10-04 19:30:46 - [MESSAGE][PASSED] - Browser is opened with url: 'https://10.9.2.63/ecommerce/'

2023-10-04 19:30:46 - [TEST_STEP][PASSED] - maximizeWindow(): Current window maximized

2023-10-04 19:30:46 - [MESSAGE][PASSED] - Current window maximized

2023-10-04 19:30:46 - [TEST_STEP][PASSED] - verifyElementPresent(findTestObject("Login/Home"), 0): Object 'Object Repository/Login/Home' is present

2023-10-04 19:30:46 - [MESSAGE][WARNING] - Timeout '0' is invalid. Using default page load timeout: '30'

2023-10-04 19:30:47 - [MESSAGE][PASSED] - Object 'Object Repository/Login/Home' is present

2023-10-04 19:30:47 - [TEST_STEP][PASSED] - click(findTestObject("Login/a_Login")): Object: 'Object Repository/Login/a_Login' is clicked on

2023-10-04 19:30:47 - [MESSAGE][PASSED] - Object: 'Object Repository/Login/a_Login' is clicked on

2023-10-04 19:30:47 - [TEST_STEP][PASSED] - verifyElementPresent(findTestObject("Login/Tittle Login"), 0): Object 'Object Repository/Login/Tittle Login' is present

2023-10-04 19:30:47 - [MESSAGE][WARNING] - Timeout '0' is invalid. Using default page load timeout: '30'

2023-10-04 19:30:48 - [MESSAGE][PASSED] - Object 'Object Repository/Login/Tittle Login' is present

2023-10-04 19:30:48 - [TEST_STEP][PASSED] - setText(findTestObject("Login/input_Username, Email atau No. Handphone_a"), username): Text 'irfanafandi' is set on object 'Object Repository/Login/input_Username, Email atau No. Handphone_a'

2023-10-04 19:30:48 - [MESSAGE][PASSED] - Text 'irfanafandi' is set on object 'Object Repository/Login/input_Username, Email atau No. Handphone_a'

2023-10-04 19:30:48 - [TEST_STEP][PASSED] - setText(findTestObject("Login/input_Password_b"), password): Text '12345irfan' is set on object 'Object Repository/Login/input_Password_b'

2023-10-04 19:30:49 - [MESSAGE][PASSED] - Text '12345irfan' is set on object 'Object Repository/Login/input_Password_b'

2023-10-04 19:30:49 - [TEST_STEP][PASSED] - click(findTestObject("Login/label_Ingat saya")): Object: 'Object Repository/Login/label_Ingat saya' is clicked on

2023-10-04 19:30:50 - [MESSAGE][PASSED] - Object: 'Object Repository/Login/label_Ingat saya' is clicked on

2023-10-04 19:30:50 - [TEST_STEP][PASSED] - click(findTestObject("Login/button_Masuk")): Object: 'Object Repository/Login/button_Masuk' is clicked on

2023-10-04 19:30:51 - [MESSAGE][PASSED] - Object: 'Object Repository/Login/button_Masuk' is clicked on

2023-10-04 19:30:51 - [TEST_STEP][PASSED] - verifyElementPresent(findTestObject("Login/li_Profile"), 0): Object 'Object Repository/Login/li_Profile' is present

2023-10-04 19:30:51 - [MESSAGE][WARNING] - Timeout '0' is invalid. Using default page load timeout: '30'

2023-10-04 19:30:52 - [MESSAGE][PASSED] - Object 'Object Repository/Login/li_Profile' is present

2023-10-04 19:30:52 - [MESSAGE][PASSED] - Call Test Case 'Test Cases/T13 Pembelian, Shipment dan Pembayaran/LU-001' successfully

2023-10-04 19:30:52 - [TEST_STEP][PASSED] - mouseOver(findTestObject("beli barang/i_Mulai Belanja_icon-menu")): Object: 'Object Repository/beli barang/i_Mulai Belanja_icon-menu' is hovered

2023-10-04 19:30:52 - [MESSAGE][PASSED] - Object: 'Object Repository/beli barang/i_Mulai Belanja_icon-menu' is hovered

2023-10-04 19:30:52 - [TEST_STEP][PASSED] - click(findTestObject("beli barang/a_Fashion  Busana Wanita")): Object: 'Object Repository/beli barang/a_Fashion  Busana Wanita' is clicked on

2023-10-04 19:30:53 - [MESSAGE][PASSED] - Object: 'Object Repository/beli barang/a_Fashion  Busana Wanita' is clicked on

2023-10-04 19:30:53 - [TEST_STEP][PASSED] - NamaSebelum = getText(findTestObject("verifikasi/Nama sebelum")): Text of object 'Object Repository/verifikasi/Nama sebelum' is: ''

2023-10-04 19:30:54 - [MESSAGE][PASSED] - Text of object 'Object Repository/verifikasi/Nama sebelum' is: ''

2023-10-04 19:30:54 - [TEST_STEP][PASSED] - HargaSebelum = getText(findTestObject("verifikasi/Harga sebelum")): Text of object 'Object Repository/verifikasi/Harga sebelum' is: 'Rp 1,299'

2023-10-04 19:30:54 - [MESSAGE][PASSED] - Text of object 'Object Repository/verifikasi/Harga sebelum' is: 'Rp 1,299'

2023-10-04 19:30:54 - [TEST_STEP][PASSED] - mouseOver(findTestObject("beli barang/barang mouse over")): Object: 'Object Repository/beli barang/barang mouse over' is hovered

2023-10-04 19:30:55 - [MESSAGE][PASSED] - Object: 'Object Repository/beli barang/barang mouse over' is hovered

2023-10-04 19:30:55 - [TEST_STEP][PASSED] - click(findTestObject("beli barang/buttom add to cart")): Object: 'Object Repository/beli barang/buttom add to cart' is clicked on

2023-10-04 19:30:56 - [MESSAGE][PASSED] - Object: 'Object Repository/beli barang/buttom add to cart' is clicked on

2023-10-04 19:30:56 - [TEST_STEP][PASSED] - NamaSesudah = getText(findTestObject("verifikasi/Nama sesudah")): Text of object 'Object Repository/verifikasi/Nama sesudah' is: 'Segitiga Instan Madeira - MDB5.3 Sunset'

2023-10-04 19:30:57 - [MESSAGE][PASSED] - Text of object 'Object Repository/verifikasi/Nama sesudah' is: 'Segitiga Instan Madeira - MDB5.3 Sunset'

2023-10-04 19:30:57 - [TEST_STEP][PASSED] - HargaSesudah = getText(findTestObject("verifikasi/Harga sesudah")): Text of object 'Object Repository/verifikasi/Harga sesudah' is: 'Rp 1,299'

2023-10-04 19:30:57 - [MESSAGE][PASSED] - Text of object 'Object Repository/verifikasi/Harga sesudah' is: 'Rp 1,299'

2023-10-04 19:30:57 - [TEST_STEP][PASSED] - assert NamaSesudah.contains(NamaSebelum): null

2023-10-04 19:30:57 - [TEST_STEP][PASSED] - assert HargaSesudah.contains(HargaSebelum): null

2023-10-04 19:30:57 - [TEST_STEP][PASSED] - click(findTestObject("beli barang/Tambah Keranjang busana wanita")): Object: 'Object Repository/beli barang/Tambah Keranjang busana wanita' is clicked on

2023-10-04 19:30:58 - [MESSAGE][PASSED] - Object: 'Object Repository/beli barang/Tambah Keranjang busana wanita' is clicked on

2023-10-04 19:30:58 - [TEST_STEP][PASSED] - verifyElementPresent(findTestObject("checkout/Notifikasi keranjang"), 1): Object 'Object Repository/checkout/Notifikasi keranjang' is present

2023-10-04 19:30:58 - [MESSAGE][PASSED] - Object 'Object Repository/checkout/Notifikasi keranjang' is present

2023-10-04 19:30:58 - [TEST_STEP][PASSED] - data = new java.util.HashMap(): null

2023-10-04 19:30:58 - [TEST_STEP][PASSED] - data.put("nama_barang", NamaSesudah): null

2023-10-04 19:30:58 - [TEST_STEP][PASSED] - data.put("price_barang", HargaSesudah): null

2023-10-04 19:30:58 - [TEST_STEP][PASSED] - return data: null

2023-10-04 19:30:58 - [MESSAGE][PASSED] - Call Test Case 'Test Cases/T13 Pembelian, Shipment dan Pembayaran/PBL-001' successfully

2023-10-04 19:30:58 - [TEST_STEP][PASSED] - mouseOver(findTestObject("beli barang/keranjang")): Object: 'Object Repository/beli barang/keranjang' is hovered

2023-10-04 19:30:59 - [MESSAGE][PASSED] - Object: 'Object Repository/beli barang/keranjang' is hovered

2023-10-04 19:30:59 - [TEST_STEP][PASSED] - click(findTestObject("beli barang/Lihat Sekarang")): Object: 'Object Repository/beli barang/Lihat Sekarang' is clicked on

2023-10-04 19:31:00 - [MESSAGE][PASSED] - Object: 'Object Repository/beli barang/Lihat Sekarang' is clicked on

2023-10-04 19:31:00 - [TEST_STEP][PASSED] - verifyElementPresent(findTestObject("keranjang/li_Keranjang Belanja"), 0): Object 'Object Repository/keranjang/li_Keranjang Belanja' is present

2023-10-04 19:31:00 - [MESSAGE][WARNING] - Timeout '0' is invalid. Using default page load timeout: '30'

2023-10-04 19:31:01 - [MESSAGE][PASSED] - Object 'Object Repository/keranjang/li_Keranjang Belanja' is present

2023-10-04 19:31:01 - [TEST_STEP][PASSED] - NamaKeranjang = getText(findTestObject("verifikasi/Nama keranjang")): Text of object 'Object Repository/verifikasi/Nama keranjang' is: 'Segitiga Instan Madeira - MDB5.3 Sunset'

2023-10-04 19:31:01 - [MESSAGE][PASSED] - Text of object 'Object Repository/verifikasi/Nama keranjang' is: 'Segitiga Instan Madeira - MDB5.3 Sunset'

2023-10-04 19:31:01 - [TEST_STEP][PASSED] - HargaKeranjang = getText(findTestObject("verifikasi/Harga Keranjang")): Text of object 'Object Repository/verifikasi/Harga Keranjang' is: 'Rp 1,299'

2023-10-04 19:31:01 - [MESSAGE][PASSED] - Text of object 'Object Repository/verifikasi/Harga Keranjang' is: 'Rp 1,299'

2023-10-04 19:31:01 - [TEST_STEP][PASSED] - if (toString().equalsIgnoreCase("Merah")): Object 'Object Repository/keranjang/input_Warna_variasi101' is checked

2023-10-04 19:31:01 - [TEST_STEP][PASSED] - check(findTestObject("Object Repository/keranjang/input_Warna_variasi101")): Object 'Object Repository/keranjang/input_Warna_variasi101' is checked

2023-10-04 19:31:02 - [MESSAGE][PASSED] - Object 'Object Repository/keranjang/input_Warna_variasi101' is checked

2023-10-04 19:31:02 - [TEST_STEP][PASSED] - if (toString().equalsIgnoreCase("Menengah")): Object 'Object Repository/keranjang/input_Ukuran_variasi201' is checked

2023-10-04 19:31:02 - [TEST_STEP][PASSED] - check(findTestObject("Object Repository/keranjang/input_Ukuran_variasi201")): Object 'Object Repository/keranjang/input_Ukuran_variasi201' is checked

2023-10-04 19:31:02 - [MESSAGE][PASSED] - Object 'Object Repository/keranjang/input_Ukuran_variasi201' is checked

2023-10-04 19:31:02 - [TEST_STEP][PASSED] - data.put("Warna", warna): null

2023-10-04 19:31:02 - [TEST_STEP][PASSED] - data.put("Ukuran", ukuran): null

2023-10-04 19:31:02 - [TEST_STEP][PASSED] - click(findTestObject("keranjang/button_Lanjut ke Pembayaran")): Object: 'Object Repository/keranjang/button_Lanjut ke Pembayaran' is clicked on

2023-10-04 19:31:04 - [MESSAGE][PASSED] - Object: 'Object Repository/keranjang/button_Lanjut ke Pembayaran' is clicked on

2023-10-04 19:31:04 - [TEST_STEP][PASSED] - verifyElementPresent(findTestObject("checkout/Tittle Checkout Order"), 0): Object 'Object Repository/checkout/Tittle Checkout Order' is present

2023-10-04 19:31:04 - [MESSAGE][WARNING] - Timeout '0' is invalid. Using default page load timeout: '30'

2023-10-04 19:31:05 - [MESSAGE][PASSED] - Object 'Object Repository/checkout/Tittle Checkout Order' is present

2023-10-04 19:31:05 - [TEST_STEP][PASSED] - name_product = data.get("nama_barang"): null

2023-10-04 19:31:05 - [TEST_STEP][PASSED] - price_product = data.get("price_barang"): null

2023-10-04 19:31:05 - [TEST_STEP][PASSED] - assert name_product == NamaKeranjang: null

2023-10-04 19:31:05 - [TEST_STEP][PASSED] - assert price_product == HargaKeranjang: null

2023-10-04 19:31:05 - [TEST_STEP][PASSED] - return data: null

2023-10-04 19:31:05 - [MESSAGE][PASSED] - Call Test Case 'Test Cases/T13 Pembelian, Shipment dan Pembayaran/PBL-002' successfully

2023-10-04 19:31:05 - [TEST_STEP][PASSED] - warnaa = getText(findTestObject("verifikasi/warna Merah")): Text of object 'Object Repository/verifikasi/warna Merah' is: 'Merah'

2023-10-04 19:31:05 - [MESSAGE][PASSED] - Text of object 'Object Repository/verifikasi/warna Merah' is: 'Merah'

2023-10-04 19:31:05 - [TEST_STEP][PASSED] - ukurann = getText(findTestObject("verifikasi/Ukuran Menengah")): Text of object 'Object Repository/verifikasi/Ukuran Menengah' is: 'Menengah'

2023-10-04 19:31:05 - [MESSAGE][PASSED] - Text of object 'Object Repository/verifikasi/Ukuran Menengah' is: 'Menengah'

2023-10-04 19:31:05 - [TEST_STEP][PASSED] - warna1 = data.get("Warna"): null

2023-10-04 19:31:05 - [TEST_STEP][PASSED] - ukuran1 = data.get("Ukuran"): null

2023-10-04 19:31:05 - [TEST_STEP][PASSED] - assert warnaa == warna1: null

2023-10-04 19:31:05 - [TEST_STEP][PASSED] - assert ukurann == ukuran1: null

2023-10-04 19:31:05 - [TEST_STEP][PASSED] - NamaCheckout = getText(findTestObject("verifikasi/NamaCheckout")): Text of object 'Object Repository/verifikasi/NamaCheckout' is: ''

2023-10-04 19:31:06 - [MESSAGE][PASSED] - Text of object 'Object Repository/verifikasi/NamaCheckout' is: ''

2023-10-04 19:31:06 - [TEST_STEP][PASSED] - HargaCheckout = getText(findTestObject("verifikasi/HargaCheckout")): Text of object 'Object Repository/verifikasi/HargaCheckout' is: '1,299'

2023-10-04 19:31:06 - [MESSAGE][PASSED] - Text of object 'Object Repository/verifikasi/HargaCheckout' is: '1,299'

2023-10-04 19:31:06 - [TEST_STEP][PASSED] - name_product = data.get("nama_barang"): null

2023-10-04 19:31:06 - [TEST_STEP][PASSED] - price_product = data.get("price_barang"): null

2023-10-04 19:31:06 - [TEST_STEP][PASSED] - assert name_product.contains(NamaCheckout): null

2023-10-04 19:31:06 - [TEST_STEP][PASSED] - assert price_product.contains(HargaCheckout): null

2023-10-04 19:31:06 - [TEST_STEP][PASSED] - selectOptionByLabel(findTestObject("checkout/select - Kirim via Kurir Lokal"), Kurir, false): All options with label 'Roda 2' are selected in object 'Object Repository/checkout/select - Kirim via Kurir Lokal' 

2023-10-04 19:31:07 - [MESSAGE][PASSED] - All options with label 'Roda 2' are selected in object 'Object Repository/checkout/select - Kirim via Kurir Lokal' 

2023-10-04 19:31:07 - [TEST_STEP][PASSED] - click(findTestObject("checkout/Kendaraan Kurir")): Object: 'Object Repository/checkout/Kendaraan Kurir' is clicked on

2023-10-04 19:31:07 - [MESSAGE][PASSED] - Object: 'Object Repository/checkout/Kendaraan Kurir' is clicked on

2023-10-04 19:31:07 - [TEST_STEP][PASSED] - OngkosKirim = getText(findTestObject("Object Repository/verifikasi/Ongkos Kirim checkout")): Text of object 'Object Repository/verifikasi/Ongkos Kirim checkout' is: 'Rp. 5,000'

2023-10-04 19:31:08 - [MESSAGE][PASSED] - Text of object 'Object Repository/verifikasi/Ongkos Kirim checkout' is: 'Rp. 5,000'

2023-10-04 19:31:08 - [TEST_STEP][PASSED] - Ongkos = OngkosKirim.substring(3, OngkosKirim.size()): null

2023-10-04 19:31:08 - [TEST_STEP][PASSED] - rep = Ongkos.replace(",", "."): null

2023-10-04 19:31:08 - [TEST_STEP][PASSED] - Ongkos_kirim = Double.parseDouble(rep): null

2023-10-04 19:31:08 - [TEST_STEP][PASSED] - println(Ongkos_kirim): null

2023-10-04 19:31:08 - [TEST_STEP][PASSED] - FeeAdmin = getText(findTestObject("verifikasi/Fee Admin checkout")): Text of object 'Object Repository/verifikasi/Fee Admin checkout' is: 'Fee Admin
Rp 1,500'

2023-10-04 19:31:08 - [MESSAGE][PASSED] - Text of object 'Object Repository/verifikasi/Fee Admin checkout' is: 'Fee Admin
Rp 1,500'

2023-10-04 19:31:08 - [TEST_STEP][PASSED] - Fee_Admin = FeeAdmin.substring(12, FeeAdmin.size()): null

2023-10-04 19:31:08 - [TEST_STEP][PASSED] - fee = Fee_Admin.replace(",", "."): null

2023-10-04 19:31:08 - [TEST_STEP][PASSED] - fee_admin = Double.parseDouble(fee): null

2023-10-04 19:31:08 - [TEST_STEP][PASSED] - println(fee_admin): null

2023-10-04 19:31:08 - [TEST_STEP][PASSED] - Subtotal = getText(findTestObject("verifikasi/subtotal checkout")): Text of object 'Object Repository/verifikasi/subtotal checkout' is: 'Subtotal
Rp 1,299'

2023-10-04 19:31:08 - [MESSAGE][PASSED] - Text of object 'Object Repository/verifikasi/subtotal checkout' is: 'Subtotal
Rp 1,299'

2023-10-04 19:31:08 - [TEST_STEP][PASSED] - sub_total = Subtotal.substring(12, Subtotal.size()): null

2023-10-04 19:31:08 - [TEST_STEP][PASSED] - sub = sub_total.replace(",", "."): null

2023-10-04 19:31:08 - [TEST_STEP][PASSED] - sub_total = Double.parseDouble(sub): null

2023-10-04 19:31:08 - [TEST_STEP][PASSED] - println(sub_total): null

2023-10-04 19:31:08 - [TEST_STEP][PASSED] - Total = getText(findTestObject("verifikasi/Total checkout")): Text of object 'Object Repository/verifikasi/Total checkout' is: 'Rp 7,799'

2023-10-04 19:31:09 - [MESSAGE][PASSED] - Text of object 'Object Repository/verifikasi/Total checkout' is: 'Rp 7,799'

2023-10-04 19:31:09 - [TEST_STEP][PASSED] - totall = Total.substring(3, Total.size()): null

2023-10-04 19:31:09 - [TEST_STEP][PASSED] - total = totall.replace(",", "."): null

2023-10-04 19:31:09 - [TEST_STEP][PASSED] - totall = Double.parseDouble(total): null

2023-10-04 19:31:09 - [TEST_STEP][PASSED] - println(totall): null

2023-10-04 19:31:09 - [TEST_STEP][PASSED] - Total_Harga = Ongkos_kirim + fee_admin + sub_total: null

2023-10-04 19:31:09 - [TEST_STEP][PASSED] - println(Total_Harga): null

2023-10-04 19:31:09 - [TEST_STEP][PASSED] - TotalHarga = Math.round(Total_Harga * 1000) / 1000: null

2023-10-04 19:31:09 - [TEST_STEP][PASSED] - println(TotalHarga): null

2023-10-04 19:31:09 - [TEST_STEP][PASSED] - assert totall == TotalHarga: null

2023-10-04 19:31:09 - [TEST_STEP][PASSED] - click(findTestObject("verifikasi/Metode Transfer")): Object: 'Object Repository/verifikasi/Metode Transfer' is clicked on

2023-10-04 19:31:09 - [MESSAGE][PASSED] - Object: 'Object Repository/verifikasi/Metode Transfer' is clicked on

2023-10-04 19:31:09 - [TEST_STEP][PASSED] - click(findTestObject("checkout/button_Proses Pembayaran")): Object: 'Object Repository/checkout/button_Proses Pembayaran' is clicked on

2023-10-04 19:31:15 - [MESSAGE][PASSED] - Object: 'Object Repository/checkout/button_Proses Pembayaran' is clicked on

2023-10-04 19:31:15 - [TEST_STEP][PASSED] - verifyElementPresent(findTestObject("pembayaran/Tittle nomor invoice"), 0): Object 'Object Repository/pembayaran/Tittle nomor invoice' is present

2023-10-04 19:31:15 - [MESSAGE][WARNING] - Timeout '0' is invalid. Using default page load timeout: '30'

2023-10-04 19:31:20 - [MESSAGE][PASSED] - Object 'Object Repository/pembayaran/Tittle nomor invoice' is present

2023-10-04 19:31:20 - [TEST_STEP][PASSED] - return data: null

2023-10-04 19:31:20 - [MESSAGE][PASSED] - Call Test Case 'Test Cases/T13 Pembelian, Shipment dan Pembayaran/PBL-004' successfully

2023-10-04 19:31:20 - [TEST_STEP][PASSED] - Invoice = getText(findTestObject("pembayaran/nomor invoice")): Text of object 'Object Repository/pembayaran/nomor invoice' is: 'TRX60.20231004193111'

2023-10-04 19:31:20 - [MESSAGE][PASSED] - Text of object 'Object Repository/pembayaran/nomor invoice' is: 'TRX60.20231004193111'

2023-10-04 19:31:20 - [TEST_STEP][PASSED] - data.put("invoice", Invoice): null

2023-10-04 19:31:20 - [TEST_STEP][PASSED] - NamaPemesan = getText(findTestObject("Konfirmasi pesanan shop/Nama pemesan")): Text of object 'Object Repository/Konfirmasi pesanan shop/Nama pemesan' is: 'irfan.afandi'

2023-10-04 19:31:21 - [MESSAGE][PASSED] - Text of object 'Object Repository/Konfirmasi pesanan shop/Nama pemesan' is: 'irfan.afandi'

2023-10-04 19:31:21 - [TEST_STEP][PASSED] - Nama = getText(findTestObject("pembayaran/Nama barang")): Text of object 'Object Repository/pembayaran/Nama barang' is: 'Segitiga Instan Madeira - MDB5.3 Sunset'

2023-10-04 19:31:21 - [MESSAGE][PASSED] - Text of object 'Object Repository/pembayaran/Nama barang' is: 'Segitiga Instan Madeira - MDB5.3 Sunset'

2023-10-04 19:31:21 - [TEST_STEP][PASSED] - Harga = getText(findTestObject("pembayaran/Harga barang")): Text of object 'Object Repository/pembayaran/Harga barang' is: '1,299'

2023-10-04 19:31:22 - [MESSAGE][PASSED] - Text of object 'Object Repository/pembayaran/Harga barang' is: '1,299'

2023-10-04 19:31:22 - [TEST_STEP][PASSED] - name_product = data.get("nama_barang"): null

2023-10-04 19:31:22 - [TEST_STEP][PASSED] - price_product = data.get("price_barang"): null

2023-10-04 19:31:22 - [TEST_STEP][PASSED] - assert name_product.contains(Nama): null

2023-10-04 19:31:22 - [TEST_STEP][PASSED] - assert price_product.contains(Harga): null

2023-10-04 19:31:22 - [TEST_STEP][PASSED] - warnaa = getText(findTestObject("pembayaran/warna")): Text of object 'Object Repository/pembayaran/warna' is: 'Merah'

2023-10-04 19:31:22 - [MESSAGE][PASSED] - Text of object 'Object Repository/pembayaran/warna' is: 'Merah'

2023-10-04 19:31:22 - [TEST_STEP][PASSED] - ukurann = getText(findTestObject("pembayaran/ukuran")): Text of object 'Object Repository/pembayaran/ukuran' is: 'Menengah'

2023-10-04 19:31:23 - [MESSAGE][PASSED] - Text of object 'Object Repository/pembayaran/ukuran' is: 'Menengah'

2023-10-04 19:31:23 - [TEST_STEP][PASSED] - warna1 = data.get("Warna"): null

2023-10-04 19:31:23 - [TEST_STEP][PASSED] - ukuran1 = data.get("Ukuran"): null

2023-10-04 19:31:23 - [TEST_STEP][PASSED] - assert warnaa == warna1: null

2023-10-04 19:31:23 - [TEST_STEP][PASSED] - assert ukurann == ukuran1: null

2023-10-04 19:31:23 - [TEST_STEP][PASSED] - statusPembelian = getText(findTestObject("verifikasi/Status pending di pembelian")): Text of object 'Object Repository/verifikasi/Status pending di pembelian' is: 'Pending'

2023-10-04 19:31:23 - [MESSAGE][PASSED] - Text of object 'Object Repository/verifikasi/Status pending di pembelian' is: 'Pending'

2023-10-04 19:31:23 - [TEST_STEP][PASSED] - data.put("statusPem", statusPembelian): null

2023-10-04 19:31:23 - [TEST_STEP][PASSED] - OngkosKirim = getText(findTestObject("pembayaran/ongkos kirim")): Text of object 'Object Repository/pembayaran/ongkos kirim' is: 'Rp 5,000'

2023-10-04 19:31:24 - [MESSAGE][PASSED] - Text of object 'Object Repository/pembayaran/ongkos kirim' is: 'Rp 5,000'

2023-10-04 19:31:24 - [TEST_STEP][PASSED] - Ongkos = OngkosKirim.substring(3, OngkosKirim.size()): null

2023-10-04 19:31:24 - [TEST_STEP][PASSED] - rep = Ongkos.replace(",", ""): null

2023-10-04 19:31:24 - [TEST_STEP][PASSED] - Ongkos_kirimm = Integer.parseInt(rep): null

2023-10-04 19:31:24 - [TEST_STEP][PASSED] - println(Ongkos_kirimm): null

2023-10-04 19:31:24 - [TEST_STEP][PASSED] - FeeAdmin = getText(findTestObject("pembayaran/fee admin")): Text of object 'Object Repository/pembayaran/fee admin' is: 'Rp 1,500'

2023-10-04 19:31:24 - [MESSAGE][PASSED] - Text of object 'Object Repository/pembayaran/fee admin' is: 'Rp 1,500'

2023-10-04 19:31:24 - [TEST_STEP][PASSED] - Fee_Admin = FeeAdmin.substring(3, FeeAdmin.size()): null

2023-10-04 19:31:24 - [TEST_STEP][PASSED] - fee = Fee_Admin.replace(",", ""): null

2023-10-04 19:31:24 - [TEST_STEP][PASSED] - fee_adminn = Integer.parseInt(fee): null

2023-10-04 19:31:24 - [TEST_STEP][PASSED] - println(fee_adminn): null

2023-10-04 19:31:24 - [TEST_STEP][PASSED] - Subtotal = getText(findTestObject("pembayaran/subtotal")): Text of object 'Object Repository/pembayaran/subtotal' is: 'Rp 1,299'

2023-10-04 19:31:25 - [MESSAGE][PASSED] - Text of object 'Object Repository/pembayaran/subtotal' is: 'Rp 1,299'

2023-10-04 19:31:25 - [TEST_STEP][PASSED] - sub_total = Subtotal.substring(3, Subtotal.size()): null

2023-10-04 19:31:25 - [TEST_STEP][PASSED] - sub = sub_total.replace(",", ""): null

2023-10-04 19:31:25 - [TEST_STEP][PASSED] - sub_totall = Integer.parseInt(sub): null

2023-10-04 19:31:25 - [TEST_STEP][PASSED] - println(sub_totall): null

2023-10-04 19:31:25 - [TEST_STEP][PASSED] - unik = getText(findTestObject("pembayaran/kode unik")): Text of object 'Object Repository/pembayaran/kode unik' is: '+111'

2023-10-04 19:31:25 - [MESSAGE][PASSED] - Text of object 'Object Repository/pembayaran/kode unik' is: '+111'

2023-10-04 19:31:25 - [TEST_STEP][PASSED] - unikk = unik.replace("+", ""): null

2023-10-04 19:31:25 - [TEST_STEP][PASSED] - kode_unik = Integer.parseInt(unikk): null

2023-10-04 19:31:25 - [TEST_STEP][PASSED] - println(kode_unik): null

2023-10-04 19:31:25 - [TEST_STEP][PASSED] - Total = getText(findTestObject("pembayaran/total")): Text of object 'Object Repository/pembayaran/total' is: '7,910'

2023-10-04 19:31:26 - [MESSAGE][PASSED] - Text of object 'Object Repository/pembayaran/total' is: '7,910'

2023-10-04 19:31:26 - [TEST_STEP][PASSED] - total = Total.replace(",", ""): null

2023-10-04 19:31:26 - [TEST_STEP][PASSED] - totalll = Integer.parseInt(total): null

2023-10-04 19:31:26 - [TEST_STEP][PASSED] - println(totalll): null

2023-10-04 19:31:26 - [TEST_STEP][PASSED] - Total_Hargaa = Ongkos_kirimm + fee_adminn + sub_totall + kode_unik: null

2023-10-04 19:31:26 - [TEST_STEP][PASSED] - println(Total_Hargaa): null

2023-10-04 19:31:26 - [TEST_STEP][PASSED] - assert totalll == Total_Hargaa: null

2023-10-04 19:31:26 - [TEST_STEP][PASSED] - data.put("total", Total): null

2023-10-04 19:31:26 - [TEST_STEP][PASSED] - data.put("nama", NamaPemesan): null

2023-10-04 19:31:26 - [TEST_STEP][PASSED] - return data: null

2023-10-04 19:31:26 - [MESSAGE][PASSED] - Call Test Case 'Test Cases/T13 Pembelian, Shipment dan Pembayaran/PBY-001' successfully

2023-10-04 19:31:26 - [TEST_STEP][PASSED] - inv = data.get("invoice"): null

2023-10-04 19:31:26 - [TEST_STEP][PASSED] - Total = data.get("total"): null

2023-10-04 19:31:26 - [TEST_STEP][PASSED] - NamaPemesan = data.get("nama"): null

2023-10-04 19:31:26 - [TEST_STEP][PASSED] - click(findTestObject("Konfirmasi pesanan shop/Menu Shop")): Object: 'Object Repository/Konfirmasi pesanan shop/Menu Shop' is clicked on

2023-10-04 19:31:27 - [MESSAGE][PASSED] - Object: 'Object Repository/Konfirmasi pesanan shop/Menu Shop' is clicked on

2023-10-04 19:31:27 - [TEST_STEP][PASSED] - click(findTestObject("Konfirmasi pesanan shop/Menu Shop")): Object: 'Object Repository/Konfirmasi pesanan shop/Menu Shop' is clicked on

2023-10-04 19:31:28 - [MESSAGE][PASSED] - Object: 'Object Repository/Konfirmasi pesanan shop/Menu Shop' is clicked on

2023-10-04 19:31:28 - [TEST_STEP][PASSED] - click(findTestObject("Konfirmasi pesanan shop/Konfirmasi Orders")): Object: 'Object Repository/Konfirmasi pesanan shop/Konfirmasi Orders' is clicked on

2023-10-04 19:31:29 - [MESSAGE][PASSED] - Object: 'Object Repository/Konfirmasi pesanan shop/Konfirmasi Orders' is clicked on

2023-10-04 19:31:29 - [TEST_STEP][PASSED] - verifyElementPresent(findTestObject("Konfirmasi pesanan shop/Tittle Konfirmasi Pesanan"), 0): Object 'Object Repository/Konfirmasi pesanan shop/Tittle Konfirmasi Pesanan' is present

2023-10-04 19:31:29 - [MESSAGE][WARNING] - Timeout '0' is invalid. Using default page load timeout: '30'

2023-10-04 19:31:30 - [MESSAGE][PASSED] - Object 'Object Repository/Konfirmasi pesanan shop/Tittle Konfirmasi Pesanan' is present

2023-10-04 19:31:30 - [TEST_STEP][PASSED] - setText(findTestObject("Konfirmasi pesanan shop/input_No Pesanan"), inv): Text 'TRX60.20231004193111' is set on object 'Object Repository/Konfirmasi pesanan shop/input_No Pesanan'

2023-10-04 19:31:31 - [MESSAGE][PASSED] - Text 'TRX60.20231004193111' is set on object 'Object Repository/Konfirmasi pesanan shop/input_No Pesanan'

2023-10-04 19:31:31 - [TEST_STEP][PASSED] - setText(findTestObject("Konfirmasi pesanan shop/input_Alamat E-mai"), "irfan@gmail.com"): Text 'irfan@gmail.com' is set on object 'Object Repository/Konfirmasi pesanan shop/input_Alamat E-mai'

2023-10-04 19:31:31 - [MESSAGE][PASSED] - Text 'irfan@gmail.com' is set on object 'Object Repository/Konfirmasi pesanan shop/input_Alamat E-mai'

2023-10-04 19:31:31 - [TEST_STEP][PASSED] - click(findTestObject("Konfirmasi pesanan shop/button_Submit")): Object: 'Object Repository/Konfirmasi pesanan shop/button_Submit' is clicked on

2023-10-04 19:31:32 - [MESSAGE][PASSED] - Object: 'Object Repository/Konfirmasi pesanan shop/button_Submit' is clicked on

2023-10-04 19:31:32 - [TEST_STEP][PASSED] - verifyElementPresent(findTestObject("Konfirmasi pesanan shop/Tittle nomor invoice"), 0): Object 'Object Repository/Konfirmasi pesanan shop/Tittle nomor invoice' is present

2023-10-04 19:31:32 - [MESSAGE][WARNING] - Timeout '0' is invalid. Using default page load timeout: '30'

2023-10-04 19:31:33 - [MESSAGE][PASSED] - Object 'Object Repository/Konfirmasi pesanan shop/Tittle nomor invoice' is present

2023-10-04 19:31:33 - [TEST_STEP][PASSED] - setText(findTestObject("Konfirmasi pesanan shop/input_Total TagihanTransfer_b"), Total): Text '7,910' is set on object 'Object Repository/Konfirmasi pesanan shop/input_Total TagihanTransfer_b'

2023-10-04 19:31:34 - [MESSAGE][PASSED] - Text '7,910' is set on object 'Object Repository/Konfirmasi pesanan shop/input_Total TagihanTransfer_b'

2023-10-04 19:31:34 - [TEST_STEP][PASSED] - selectOptionByValue(findTestObject("Konfirmasi pesanan shop/select_Bank"), "4", false): All options with value '4' are selected in object 'Object Repository/Konfirmasi pesanan shop/select_Bank' 

2023-10-04 19:31:35 - [MESSAGE][PASSED] - All options with value '4' are selected in object 'Object Repository/Konfirmasi pesanan shop/select_Bank' 

2023-10-04 19:31:35 - [TEST_STEP][PASSED] - setText(findTestObject("Konfirmasi pesanan shop/input_Nama Pengirim_d"), NamaPemesan): Text 'irfan.afandi' is set on object 'Object Repository/Konfirmasi pesanan shop/input_Nama Pengirim_d'

2023-10-04 19:31:35 - [MESSAGE][PASSED] - Text 'irfan.afandi' is set on object 'Object Repository/Konfirmasi pesanan shop/input_Nama Pengirim_d'

2023-10-04 19:31:35 - [TEST_STEP][PASSED] - uploadFile(findTestObject("keranjang/konfirmasi/input_Upload Bukti Transfer_f"), "C:\Users\IRFAN\Downloads\Berkas2.pdf"): File 'C:\Users\IRFAN\Downloads\Berkas2.pdf' sent to object: 'Object Repository/keranjang/konfirmasi/input_Upload Bukti Transfer_f'

2023-10-04 19:31:36 - [MESSAGE][PASSED] - File 'C:\Users\IRFAN\Downloads\Berkas2.pdf' sent to object: 'Object Repository/keranjang/konfirmasi/input_Upload Bukti Transfer_f'

2023-10-04 19:31:36 - [TEST_STEP][PASSED] - click(findTestObject("Konfirmasi pesanan shop/button_Konfirmasi Pembayaran")): Object: 'Object Repository/Konfirmasi pesanan shop/button_Konfirmasi Pembayaran' is clicked on

2023-10-04 19:31:37 - [MESSAGE][PASSED] - Object: 'Object Repository/Konfirmasi pesanan shop/button_Konfirmasi Pembayaran' is clicked on

2023-10-04 19:31:37 - [TEST_STEP][PASSED] - verifyElementPresent(findTestObject("Konfirmasi pesanan shop/Tittle Konfirmasi Pesanan"), 0): Object 'Object Repository/Konfirmasi pesanan shop/Tittle Konfirmasi Pesanan' is present

2023-10-04 19:31:37 - [MESSAGE][WARNING] - Timeout '0' is invalid. Using default page load timeout: '30'

2023-10-04 19:31:38 - [MESSAGE][PASSED] - Object 'Object Repository/Konfirmasi pesanan shop/Tittle Konfirmasi Pesanan' is present

2023-10-04 19:31:38 - [TEST_STEP][PASSED] - verifyElementPresent(findTestObject("Konfirmasi pesanan shop/Tittle massage succes Konfirmasi Pembayaran Pesanan"), 0): Object 'Object Repository/Konfirmasi pesanan shop/Tittle massage succes Konfirmasi Pembayaran Pesanan' is present

2023-10-04 19:31:38 - [MESSAGE][WARNING] - Timeout '0' is invalid. Using default page load timeout: '30'

2023-10-04 19:31:38 - [MESSAGE][PASSED] - Object 'Object Repository/Konfirmasi pesanan shop/Tittle massage succes Konfirmasi Pembayaran Pesanan' is present

2023-10-04 19:31:38 - [TEST_STEP][PASSED] - return data: null

2023-10-04 19:31:38 - [MESSAGE][PASSED] - Call Test Case 'Test Cases/T13 Pembelian, Shipment dan Pembayaran/PBY-004' successfully

2023-10-04 19:31:38 - [TEST_STEP][PASSED] - navigateToUrl("https://10.9.2.63/ecommerce/administrator/"): Navigate to 'https://10.9.2.63/ecommerce/administrator/' successfully

2023-10-04 19:31:39 - [MESSAGE][PASSED] - Navigate to 'https://10.9.2.63/ecommerce/administrator/' successfully

2023-10-04 19:31:39 - [TEST_STEP][PASSED] - verifyElementPresent(findTestObject("admin/Tittle ADMIN Login"), 0): Object 'Object Repository/admin/Tittle ADMIN Login' is present

2023-10-04 19:31:39 - [MESSAGE][WARNING] - Timeout '0' is invalid. Using default page load timeout: '30'

2023-10-04 19:31:39 - [MESSAGE][PASSED] - Object 'Object Repository/admin/Tittle ADMIN Login' is present

2023-10-04 19:31:39 - [TEST_STEP][PASSED] - setText(findTestObject("admin/Username"), "admin"): Text 'admin' is set on object 'Object Repository/admin/Username'

2023-10-04 19:31:40 - [MESSAGE][PASSED] - Text 'admin' is set on object 'Object Repository/admin/Username'

2023-10-04 19:31:40 - [TEST_STEP][PASSED] - setText(findTestObject("admin/Password"), "123admin123"): Text '123admin123' is set on object 'Object Repository/admin/Password'

2023-10-04 19:31:40 - [MESSAGE][PASSED] - Text '123admin123' is set on object 'Object Repository/admin/Password'

2023-10-04 19:31:40 - [TEST_STEP][PASSED] - click(findTestObject("admin/Remember Me")): Object: 'Object Repository/admin/Remember Me' is clicked on

2023-10-04 19:31:41 - [MESSAGE][PASSED] - Object: 'Object Repository/admin/Remember Me' is clicked on

2023-10-04 19:31:41 - [TEST_STEP][PASSED] - delay(10): Delayed 10 second(s)

2023-10-04 19:31:51 - [MESSAGE][PASSED] - Delayed 10 second(s)

2023-10-04 19:31:51 - [TEST_STEP][PASSED] - click(findTestObject("admin/buttom submit")): Object: 'Object Repository/admin/buttom submit' is clicked on

2023-10-04 19:31:52 - [MESSAGE][PASSED] - Object: 'Object Repository/admin/buttom submit' is clicked on

2023-10-04 19:31:52 - [TEST_STEP][PASSED] - verifyElementPresent(findTestObject("admin/Konf order konsumen/Tittle Dashboard"), 0): Object 'Object Repository/admin/Konf order konsumen/Tittle Dashboard' is present

2023-10-04 19:31:52 - [MESSAGE][WARNING] - Timeout '0' is invalid. Using default page load timeout: '30'

2023-10-04 19:31:57 - [MESSAGE][PASSED] - Object 'Object Repository/admin/Konf order konsumen/Tittle Dashboard' is present

2023-10-04 19:31:57 - [TEST_STEP][PASSED] - click(findTestObject("admin/Konf order konsumen/Menu Transaksi Market")): Object: 'Object Repository/admin/Konf order konsumen/Menu Transaksi Market' is clicked on

2023-10-04 19:31:58 - [MESSAGE][PASSED] - Object: 'Object Repository/admin/Konf order konsumen/Menu Transaksi Market' is clicked on

2023-10-04 19:31:58 - [TEST_STEP][PASSED] - click(findTestObject("admin/Konf order konsumen/Menu Konf. Order Konsumen")): Object: 'Object Repository/admin/Konf order konsumen/Menu Konf. Order Konsumen' is clicked on

2023-10-04 19:31:59 - [MESSAGE][PASSED] - Object: 'Object Repository/admin/Konf order konsumen/Menu Konf. Order Konsumen' is clicked on

2023-10-04 19:31:59 - [TEST_STEP][PASSED] - verifyElementPresent(findTestObject("admin/Konf order konsumen/Tittle Data Konfirmasi Pembayaran Konsumen"), 0): Object 'Object Repository/admin/Konf order konsumen/Tittle Data Konfirmasi Pembayaran Konsumen' is present

2023-10-04 19:31:59 - [MESSAGE][WARNING] - Timeout '0' is invalid. Using default page load timeout: '30'

2023-10-04 19:32:06 - [MESSAGE][PASSED] - Object 'Object Repository/admin/Konf order konsumen/Tittle Data Konfirmasi Pembayaran Konsumen' is present

2023-10-04 19:32:06 - [TEST_STEP][PASSED] - inv = data.get("invoice"): null

2023-10-04 19:32:06 - [TEST_STEP][PASSED] - setText(findTestObject("admin/Konf order konsumen/Search"), inv): Text 'TRX60.20231004193111' is set on object 'Object Repository/admin/Konf order konsumen/Search'

2023-10-04 19:32:07 - [MESSAGE][PASSED] - Text 'TRX60.20231004193111' is set on object 'Object Repository/admin/Konf order konsumen/Search'

2023-10-04 19:32:07 - [TEST_STEP][PASSED] - verifyElementText(findTestObject("admin/Konf order konsumen/Keterangan Lunas"), "Lunas"): Actual text and expected text of test object 'Object Repository/admin/Konf order konsumen/Keterangan Lunas' are matched.

2023-10-04 19:32:08 - [MESSAGE][PASSED] - Actual text and expected text of test object 'Object Repository/admin/Konf order konsumen/Keterangan Lunas' are matched.

2023-10-04 19:32:08 - [TEST_STEP][PASSED] - return data: null

2023-10-04 19:32:08 - [MESSAGE][PASSED] - Call Test Case 'Test Cases/T13 Pembelian, Shipment dan Pembayaran/PBYA-001' successfully

2023-10-04 19:32:08 - [TEST_STEP][PASSED] - click(findTestObject("admin/Penjualan ke konsumen/buttom Dashboard")): Object: 'Object Repository/admin/Penjualan ke konsumen/buttom Dashboard' is clicked on

2023-10-04 19:32:09 - [MESSAGE][PASSED] - Object: 'Object Repository/admin/Penjualan ke konsumen/buttom Dashboard' is clicked on

2023-10-04 19:32:09 - [TEST_STEP][PASSED] - click(findTestObject("admin/Konf order konsumen/Menu Transaksi Market")): Object: 'Object Repository/admin/Konf order konsumen/Menu Transaksi Market' is clicked on

2023-10-04 19:32:13 - [MESSAGE][PASSED] - Object: 'Object Repository/admin/Konf order konsumen/Menu Transaksi Market' is clicked on

2023-10-04 19:32:13 - [TEST_STEP][PASSED] - click(findTestObject("admin/Penjualan ke konsumen/a_Penjualan ke Konsumen")): Object: 'Object Repository/admin/Penjualan ke konsumen/a_Penjualan ke Konsumen' is clicked on

2023-10-04 19:32:15 - [MESSAGE][PASSED] - Object: 'Object Repository/admin/Penjualan ke konsumen/a_Penjualan ke Konsumen' is clicked on

2023-10-04 19:32:15 - [TEST_STEP][PASSED] - verifyElementPresent(findTestObject("admin/Tittle Data Transaksi Penjualan  Orderan Konsumen"), 0): Object 'Object Repository/admin/Tittle Data Transaksi Penjualan  Orderan Konsumen' is present

2023-10-04 19:32:15 - [MESSAGE][WARNING] - Timeout '0' is invalid. Using default page load timeout: '30'

2023-10-04 19:32:21 - [MESSAGE][PASSED] - Object 'Object Repository/admin/Tittle Data Transaksi Penjualan  Orderan Konsumen' is present

2023-10-04 19:32:21 - [TEST_STEP][PASSED] - return data: null

2023-10-04 19:32:21 - [MESSAGE][PASSED] - Call Test Case 'Test Cases/T13 Pembelian, Shipment dan Pembayaran/SA-001' successfully

2023-10-04 19:32:21 - [TEST_STEP][PASSED] - inv = data.get("invoice"): null

2023-10-04 19:32:21 - [TEST_STEP][PASSED] - setText(findTestObject("admin/Penjualan ke konsumen/Search"), inv): Text 'TRX60.20231004193111' is set on object 'Object Repository/admin/Penjualan ke konsumen/Search'

2023-10-04 19:32:23 - [MESSAGE][PASSED] - Text 'TRX60.20231004193111' is set on object 'Object Repository/admin/Penjualan ke konsumen/Search'

2023-10-04 19:32:23 - [TEST_STEP][PASSED] - click(findTestObject("admin/Penjualan ke konsumen/buttom konfirmasi pending payment")): Object: 'Object Repository/admin/Penjualan ke konsumen/buttom konfirmasi pending payment' is clicked on

2023-10-04 19:32:23 - [MESSAGE][PASSED] - Object: 'Object Repository/admin/Penjualan ke konsumen/buttom konfirmasi pending payment' is clicked on

2023-10-04 19:32:23 - [TEST_STEP][PASSED] - acceptAlert(STOP_ON_FAILURE): Alert accepted

2023-10-04 19:32:23 - [MESSAGE][PASSED] - Alert accepted

2023-10-04 19:32:23 - [TEST_STEP][PASSED] - setText(findTestObject("admin/Penjualan ke konsumen/Search"), inv): Text 'TRX60.20231004193111' is set on object 'Object Repository/admin/Penjualan ke konsumen/Search'

2023-10-04 19:32:24 - [MESSAGE][PASSED] - Text 'TRX60.20231004193111' is set on object 'Object Repository/admin/Penjualan ke konsumen/Search'

2023-10-04 19:32:24 - [TEST_STEP][PASSED] - verifyTextNotPresent("pending payment", false): Text 'pending payment' is not present on page

2023-10-04 19:32:25 - [MESSAGE][PASSED] - Text 'pending payment' is not present on page

2023-10-04 19:32:25 - [TEST_STEP][PASSED] - return data: null

2023-10-04 19:32:25 - [MESSAGE][PASSED] - Call Test Case 'Test Cases/T13 Pembelian, Shipment dan Pembayaran/SA-002' successfully

2023-10-04 19:32:25 - [TEST_STEP][PASSED] - click(findTestObject("admin/Penjualan ke konsumen/buttom scroldown")): Object: 'Object Repository/admin/Penjualan ke konsumen/buttom scroldown' is clicked on

2023-10-04 19:32:26 - [MESSAGE][PASSED] - Object: 'Object Repository/admin/Penjualan ke konsumen/buttom scroldown' is clicked on

2023-10-04 19:32:26 - [TEST_STEP][PASSED] - click(findTestObject("shipment/a_Pending")): Object: 'Object Repository/shipment/a_Pending' is clicked on

2023-10-04 19:32:26 - [MESSAGE][PASSED] - Object: 'Object Repository/shipment/a_Pending' is clicked on

2023-10-04 19:32:26 - [TEST_STEP][PASSED] - acceptAlert(): Alert accepted

2023-10-04 19:32:26 - [MESSAGE][PASSED] - Alert accepted

2023-10-04 19:32:26 - [TEST_STEP][PASSED] - inv = data.get("invoice"): null

2023-10-04 19:32:26 - [TEST_STEP][PASSED] - setText(findTestObject("admin/Penjualan ke konsumen/Search"), inv): Text 'TRX60.20231004193111' is set on object 'Object Repository/admin/Penjualan ke konsumen/Search'

2023-10-04 19:32:27 - [MESSAGE][PASSED] - Text 'TRX60.20231004193111' is set on object 'Object Repository/admin/Penjualan ke konsumen/Search'

2023-10-04 19:32:27 - [TEST_STEP][PASSED] - delay(10): Delayed 10 second(s)

2023-10-04 19:32:37 - [MESSAGE][PASSED] - Delayed 10 second(s)

2023-10-04 19:32:37 - [TEST_STEP][PASSED] - verifyTextPresent("Pending", false): Text 'Pending' is present on page 

2023-10-04 19:32:43 - [MESSAGE][PASSED] - Text 'Pending' is present on page 

2023-10-04 19:32:43 - [TEST_STEP][PASSED] - pending = getText(findTestObject("shipment/Pending")): Text of object 'Object Repository/shipment/Pending' is: 'Pending'

2023-10-04 19:32:44 - [MESSAGE][PASSED] - Text of object 'Object Repository/shipment/Pending' is: 'Pending'

2023-10-04 19:32:44 - [TEST_STEP][PASSED] - data.put("statusPending", pending): null

2023-10-04 19:32:44 - [TEST_STEP][PASSED] - return data: null]]></system-out>
         <system-err><![CDATA[]]></system-err>
      </testcase>
      <testcase name="Test Cases/T13 Pembelian, Shipment dan Pembayaran/SA-007" time="121.3" classname="Test Cases/T13 Pembelian, Shipment dan Pembayaran/SA-007" status="PASSED">
         <system-out><![CDATA[2023-10-04 19:32:44 - [TEST_CASE][PASSED] - Test Cases/T13 Pembelian, Shipment dan Pembayaran/SA-007: Test Cases/T13 Pembelian, Shipment dan Pembayaran/SA-007

2023-10-04 19:32:44 - [TEST_STEP][PASSED] - data = callTestCase(findTestCase("T13 Pembelian, Shipment dan Pembayaran/SA-002"), [:], STOP_ON_FAILURE): Call Test Case 'Test Cases/T13 Pembelian, Shipment dan Pembayaran/SA-002' successfully

2023-10-04 19:32:44 - [TEST_CASE][PASSED] - Test Cases/T13 Pembelian, Shipment dan Pembayaran/SA-002: Test Cases/T13 Pembelian, Shipment dan Pembayaran/SA-002

2023-10-04 19:32:44 - [TEST_STEP][PASSED] - data = callTestCase(findTestCase("T13 Pembelian, Shipment dan Pembayaran/SA-001"), [:], STOP_ON_FAILURE): Call Test Case 'Test Cases/T13 Pembelian, Shipment dan Pembayaran/SA-001' successfully

2023-10-04 19:32:44 - [TEST_CASE][PASSED] - Test Cases/T13 Pembelian, Shipment dan Pembayaran/SA-001: Test Cases/T13 Pembelian, Shipment dan Pembayaran/SA-001

2023-10-04 19:32:44 - [TEST_STEP][PASSED] - data = callTestCase(findTestCase("T13 Pembelian, Shipment dan Pembayaran/PBYA-001"), [:], STOP_ON_FAILURE): Call Test Case 'Test Cases/T13 Pembelian, Shipment dan Pembayaran/PBYA-001' successfully

2023-10-04 19:32:44 - [TEST_CASE][PASSED] - Test Cases/T13 Pembelian, Shipment dan Pembayaran/PBYA-001: Test Cases/T13 Pembelian, Shipment dan Pembayaran/PBYA-001

2023-10-04 19:32:44 - [TEST_STEP][PASSED] - data = callTestCase(findTestCase("T13 Pembelian, Shipment dan Pembayaran/PBY-004"), [:], STOP_ON_FAILURE): Call Test Case 'Test Cases/T13 Pembelian, Shipment dan Pembayaran/PBY-004' successfully

2023-10-04 19:32:44 - [TEST_CASE][PASSED] - Test Cases/T13 Pembelian, Shipment dan Pembayaran/PBY-004: Test Cases/T13 Pembelian, Shipment dan Pembayaran/PBY-004

2023-10-04 19:32:44 - [TEST_STEP][PASSED] - data = callTestCase(findTestCase("T13 Pembelian, Shipment dan Pembayaran/PBY-001"), [:], STOP_ON_FAILURE): Call Test Case 'Test Cases/T13 Pembelian, Shipment dan Pembayaran/PBY-001' successfully

2023-10-04 19:32:44 - [TEST_CASE][PASSED] - Test Cases/T13 Pembelian, Shipment dan Pembayaran/PBY-001: Test Cases/T13 Pembelian, Shipment dan Pembayaran/PBY-001

2023-10-04 19:32:44 - [TEST_STEP][PASSED] - data = callTestCase(findTestCase("T13 Pembelian, Shipment dan Pembayaran/PBL-004"), ["Kurir":"Roda 2"], STOP_ON_FAILURE): Call Test Case 'Test Cases/T13 Pembelian, Shipment dan Pembayaran/PBL-004' successfully

2023-10-04 19:32:45 - [TEST_CASE][PASSED] - Test Cases/T13 Pembelian, Shipment dan Pembayaran/PBL-004: Test Cases/T13 Pembelian, Shipment dan Pembayaran/PBL-004

2023-10-04 19:32:45 - [TEST_STEP][PASSED] - data = callTestCase(findTestCase("T13 Pembelian, Shipment dan Pembayaran/PBL-002"), [:], STOP_ON_FAILURE): Call Test Case 'Test Cases/T13 Pembelian, Shipment dan Pembayaran/PBL-002' successfully

2023-10-04 19:32:45 - [TEST_CASE][PASSED] - Test Cases/T13 Pembelian, Shipment dan Pembayaran/PBL-002: Test Cases/T13 Pembelian, Shipment dan Pembayaran/PBL-002

2023-10-04 19:32:45 - [TEST_STEP][PASSED] - data = callTestCase(findTestCase("T13 Pembelian, Shipment dan Pembayaran/PBL-001"), [:], STOP_ON_FAILURE): Call Test Case 'Test Cases/T13 Pembelian, Shipment dan Pembayaran/PBL-001' successfully

2023-10-04 19:32:45 - [TEST_CASE][PASSED] - Test Cases/T13 Pembelian, Shipment dan Pembayaran/PBL-001: Test Cases/T13 Pembelian, Shipment dan Pembayaran/PBL-001

2023-10-04 19:32:45 - [TEST_STEP][PASSED] - callTestCase(findTestCase("T13 Pembelian, Shipment dan Pembayaran/LU-001"), ["username":"irfanafandi", "password":"12345irfan"], STOP_ON_FAILURE): Call Test Case 'Test Cases/T13 Pembelian, Shipment dan Pembayaran/LU-001' successfully

2023-10-04 19:32:45 - [TEST_CASE][PASSED] - Test Cases/T13 Pembelian, Shipment dan Pembayaran/LU-001: Test Cases/T13 Pembelian, Shipment dan Pembayaran/LU-001

2023-10-04 19:32:45 - [TEST_STEP][PASSED] - openBrowser("https://10.9.2.63/ecommerce/"): Browser is opened with url: 'https://10.9.2.63/ecommerce/'

2023-10-04 19:32:45 - [MESSAGE][WARNING] - A browser is already opened. Closing browser and opening a new one

2023-10-04 19:32:47 - [MESSAGE][INFO] - Starting 'Firefox' driver

2023-10-04 19:32:47 - [MESSAGE][INFO] - User set preference: ['args', '[--disable-notifications]']

2023-10-04 19:32:47 - [MESSAGE][INFO] - Action delay is set to 0 milliseconds

2023-10-04 19:32:52 - [MESSAGE][PASSED] - Browser is opened with url: 'https://10.9.2.63/ecommerce/'

2023-10-04 19:32:52 - [TEST_STEP][PASSED] - maximizeWindow(): Current window maximized

2023-10-04 19:32:52 - [MESSAGE][PASSED] - Current window maximized

2023-10-04 19:32:52 - [TEST_STEP][PASSED] - verifyElementPresent(findTestObject("Login/Home"), 0): Object 'Object Repository/Login/Home' is present

2023-10-04 19:32:52 - [MESSAGE][WARNING] - Timeout '0' is invalid. Using default page load timeout: '30'

2023-10-04 19:32:52 - [MESSAGE][PASSED] - Object 'Object Repository/Login/Home' is present

2023-10-04 19:32:52 - [TEST_STEP][PASSED] - click(findTestObject("Login/a_Login")): Object: 'Object Repository/Login/a_Login' is clicked on

2023-10-04 19:32:53 - [MESSAGE][PASSED] - Object: 'Object Repository/Login/a_Login' is clicked on

2023-10-04 19:32:53 - [TEST_STEP][PASSED] - verifyElementPresent(findTestObject("Login/Tittle Login"), 0): Object 'Object Repository/Login/Tittle Login' is present

2023-10-04 19:32:53 - [MESSAGE][WARNING] - Timeout '0' is invalid. Using default page load timeout: '30'

2023-10-04 19:32:53 - [MESSAGE][PASSED] - Object 'Object Repository/Login/Tittle Login' is present

2023-10-04 19:32:53 - [TEST_STEP][PASSED] - setText(findTestObject("Login/input_Username, Email atau No. Handphone_a"), username): Text 'irfanafandi' is set on object 'Object Repository/Login/input_Username, Email atau No. Handphone_a'

2023-10-04 19:32:54 - [MESSAGE][PASSED] - Text 'irfanafandi' is set on object 'Object Repository/Login/input_Username, Email atau No. Handphone_a'

2023-10-04 19:32:54 - [TEST_STEP][PASSED] - setText(findTestObject("Login/input_Password_b"), password): Text '12345irfan' is set on object 'Object Repository/Login/input_Password_b'

2023-10-04 19:32:54 - [MESSAGE][PASSED] - Text '12345irfan' is set on object 'Object Repository/Login/input_Password_b'

2023-10-04 19:32:54 - [TEST_STEP][PASSED] - click(findTestObject("Login/label_Ingat saya")): Object: 'Object Repository/Login/label_Ingat saya' is clicked on

2023-10-04 19:32:55 - [MESSAGE][PASSED] - Object: 'Object Repository/Login/label_Ingat saya' is clicked on

2023-10-04 19:32:55 - [TEST_STEP][PASSED] - click(findTestObject("Login/button_Masuk")): Object: 'Object Repository/Login/button_Masuk' is clicked on

2023-10-04 19:32:56 - [MESSAGE][PASSED] - Object: 'Object Repository/Login/button_Masuk' is clicked on

2023-10-04 19:32:56 - [TEST_STEP][PASSED] - verifyElementPresent(findTestObject("Login/li_Profile"), 0): Object 'Object Repository/Login/li_Profile' is present

2023-10-04 19:32:56 - [MESSAGE][WARNING] - Timeout '0' is invalid. Using default page load timeout: '30'

2023-10-04 19:32:57 - [MESSAGE][PASSED] - Object 'Object Repository/Login/li_Profile' is present

2023-10-04 19:32:57 - [MESSAGE][PASSED] - Call Test Case 'Test Cases/T13 Pembelian, Shipment dan Pembayaran/LU-001' successfully

2023-10-04 19:32:57 - [TEST_STEP][PASSED] - mouseOver(findTestObject("beli barang/i_Mulai Belanja_icon-menu")): Object: 'Object Repository/beli barang/i_Mulai Belanja_icon-menu' is hovered

2023-10-04 19:32:57 - [MESSAGE][PASSED] - Object: 'Object Repository/beli barang/i_Mulai Belanja_icon-menu' is hovered

2023-10-04 19:32:57 - [TEST_STEP][PASSED] - click(findTestObject("beli barang/a_Fashion  Busana Wanita")): Object: 'Object Repository/beli barang/a_Fashion  Busana Wanita' is clicked on

2023-10-04 19:32:58 - [MESSAGE][PASSED] - Object: 'Object Repository/beli barang/a_Fashion  Busana Wanita' is clicked on

2023-10-04 19:32:58 - [TEST_STEP][PASSED] - NamaSebelum = getText(findTestObject("verifikasi/Nama sebelum")): Text of object 'Object Repository/verifikasi/Nama sebelum' is: ''

2023-10-04 19:32:59 - [MESSAGE][PASSED] - Text of object 'Object Repository/verifikasi/Nama sebelum' is: ''

2023-10-04 19:32:59 - [TEST_STEP][PASSED] - HargaSebelum = getText(findTestObject("verifikasi/Harga sebelum")): Text of object 'Object Repository/verifikasi/Harga sebelum' is: 'Rp 1,299'

2023-10-04 19:32:59 - [MESSAGE][PASSED] - Text of object 'Object Repository/verifikasi/Harga sebelum' is: 'Rp 1,299'

2023-10-04 19:32:59 - [TEST_STEP][PASSED] - mouseOver(findTestObject("beli barang/barang mouse over")): Object: 'Object Repository/beli barang/barang mouse over' is hovered

2023-10-04 19:33:00 - [MESSAGE][PASSED] - Object: 'Object Repository/beli barang/barang mouse over' is hovered

2023-10-04 19:33:00 - [TEST_STEP][PASSED] - click(findTestObject("beli barang/buttom add to cart")): Object: 'Object Repository/beli barang/buttom add to cart' is clicked on

2023-10-04 19:33:01 - [MESSAGE][PASSED] - Object: 'Object Repository/beli barang/buttom add to cart' is clicked on

2023-10-04 19:33:01 - [TEST_STEP][PASSED] - NamaSesudah = getText(findTestObject("verifikasi/Nama sesudah")): Text of object 'Object Repository/verifikasi/Nama sesudah' is: 'Segitiga Instan Madeira - MDB5.3 Sunset'

2023-10-04 19:33:02 - [MESSAGE][PASSED] - Text of object 'Object Repository/verifikasi/Nama sesudah' is: 'Segitiga Instan Madeira - MDB5.3 Sunset'

2023-10-04 19:33:02 - [TEST_STEP][PASSED] - HargaSesudah = getText(findTestObject("verifikasi/Harga sesudah")): Text of object 'Object Repository/verifikasi/Harga sesudah' is: 'Rp 1,299'

2023-10-04 19:33:02 - [MESSAGE][PASSED] - Text of object 'Object Repository/verifikasi/Harga sesudah' is: 'Rp 1,299'

2023-10-04 19:33:02 - [TEST_STEP][PASSED] - assert NamaSesudah.contains(NamaSebelum): null

2023-10-04 19:33:02 - [TEST_STEP][PASSED] - assert HargaSesudah.contains(HargaSebelum): null

2023-10-04 19:33:02 - [TEST_STEP][PASSED] - click(findTestObject("beli barang/Tambah Keranjang busana wanita")): Object: 'Object Repository/beli barang/Tambah Keranjang busana wanita' is clicked on

2023-10-04 19:33:02 - [MESSAGE][PASSED] - Object: 'Object Repository/beli barang/Tambah Keranjang busana wanita' is clicked on

2023-10-04 19:33:02 - [TEST_STEP][PASSED] - verifyElementPresent(findTestObject("checkout/Notifikasi keranjang"), 1): Object 'Object Repository/checkout/Notifikasi keranjang' is present

2023-10-04 19:33:03 - [MESSAGE][PASSED] - Object 'Object Repository/checkout/Notifikasi keranjang' is present

2023-10-04 19:33:03 - [TEST_STEP][PASSED] - data = new java.util.HashMap(): null

2023-10-04 19:33:03 - [TEST_STEP][PASSED] - data.put("nama_barang", NamaSesudah): null

2023-10-04 19:33:03 - [TEST_STEP][PASSED] - data.put("price_barang", HargaSesudah): null

2023-10-04 19:33:03 - [TEST_STEP][PASSED] - return data: null

2023-10-04 19:33:03 - [MESSAGE][PASSED] - Call Test Case 'Test Cases/T13 Pembelian, Shipment dan Pembayaran/PBL-001' successfully

2023-10-04 19:33:03 - [TEST_STEP][PASSED] - mouseOver(findTestObject("beli barang/keranjang")): Object: 'Object Repository/beli barang/keranjang' is hovered

2023-10-04 19:33:04 - [MESSAGE][PASSED] - Object: 'Object Repository/beli barang/keranjang' is hovered

2023-10-04 19:33:04 - [TEST_STEP][PASSED] - click(findTestObject("beli barang/Lihat Sekarang")): Object: 'Object Repository/beli barang/Lihat Sekarang' is clicked on

2023-10-04 19:33:05 - [MESSAGE][PASSED] - Object: 'Object Repository/beli barang/Lihat Sekarang' is clicked on

2023-10-04 19:33:05 - [TEST_STEP][PASSED] - verifyElementPresent(findTestObject("keranjang/li_Keranjang Belanja"), 0): Object 'Object Repository/keranjang/li_Keranjang Belanja' is present

2023-10-04 19:33:05 - [MESSAGE][WARNING] - Timeout '0' is invalid. Using default page load timeout: '30'

2023-10-04 19:33:06 - [MESSAGE][PASSED] - Object 'Object Repository/keranjang/li_Keranjang Belanja' is present

2023-10-04 19:33:06 - [TEST_STEP][PASSED] - NamaKeranjang = getText(findTestObject("verifikasi/Nama keranjang")): Text of object 'Object Repository/verifikasi/Nama keranjang' is: 'Segitiga Instan Madeira - MDB5.3 Sunset'

2023-10-04 19:33:06 - [MESSAGE][PASSED] - Text of object 'Object Repository/verifikasi/Nama keranjang' is: 'Segitiga Instan Madeira - MDB5.3 Sunset'

2023-10-04 19:33:06 - [TEST_STEP][PASSED] - HargaKeranjang = getText(findTestObject("verifikasi/Harga Keranjang")): Text of object 'Object Repository/verifikasi/Harga Keranjang' is: 'Rp 1,299'

2023-10-04 19:33:06 - [MESSAGE][PASSED] - Text of object 'Object Repository/verifikasi/Harga Keranjang' is: 'Rp 1,299'

2023-10-04 19:33:06 - [TEST_STEP][PASSED] - if (toString().equalsIgnoreCase("Merah")): Object 'Object Repository/keranjang/input_Warna_variasi101' is checked

2023-10-04 19:33:06 - [TEST_STEP][PASSED] - check(findTestObject("Object Repository/keranjang/input_Warna_variasi101")): Object 'Object Repository/keranjang/input_Warna_variasi101' is checked

2023-10-04 19:33:07 - [MESSAGE][PASSED] - Object 'Object Repository/keranjang/input_Warna_variasi101' is checked

2023-10-04 19:33:07 - [TEST_STEP][PASSED] - if (toString().equalsIgnoreCase("Menengah")): Object 'Object Repository/keranjang/input_Ukuran_variasi201' is checked

2023-10-04 19:33:07 - [TEST_STEP][PASSED] - check(findTestObject("Object Repository/keranjang/input_Ukuran_variasi201")): Object 'Object Repository/keranjang/input_Ukuran_variasi201' is checked

2023-10-04 19:33:07 - [MESSAGE][PASSED] - Object 'Object Repository/keranjang/input_Ukuran_variasi201' is checked

2023-10-04 19:33:07 - [TEST_STEP][PASSED] - data.put("Warna", warna): null

2023-10-04 19:33:07 - [TEST_STEP][PASSED] - data.put("Ukuran", ukuran): null

2023-10-04 19:33:07 - [TEST_STEP][PASSED] - click(findTestObject("keranjang/button_Lanjut ke Pembayaran")): Object: 'Object Repository/keranjang/button_Lanjut ke Pembayaran' is clicked on

2023-10-04 19:33:09 - [MESSAGE][PASSED] - Object: 'Object Repository/keranjang/button_Lanjut ke Pembayaran' is clicked on

2023-10-04 19:33:09 - [TEST_STEP][PASSED] - verifyElementPresent(findTestObject("checkout/Tittle Checkout Order"), 0): Object 'Object Repository/checkout/Tittle Checkout Order' is present

2023-10-04 19:33:09 - [MESSAGE][WARNING] - Timeout '0' is invalid. Using default page load timeout: '30'

2023-10-04 19:33:09 - [MESSAGE][PASSED] - Object 'Object Repository/checkout/Tittle Checkout Order' is present

2023-10-04 19:33:09 - [TEST_STEP][PASSED] - name_product = data.get("nama_barang"): null

2023-10-04 19:33:09 - [TEST_STEP][PASSED] - price_product = data.get("price_barang"): null

2023-10-04 19:33:09 - [TEST_STEP][PASSED] - assert name_product == NamaKeranjang: null

2023-10-04 19:33:09 - [TEST_STEP][PASSED] - assert price_product == HargaKeranjang: null

2023-10-04 19:33:09 - [TEST_STEP][PASSED] - return data: null

2023-10-04 19:33:09 - [MESSAGE][PASSED] - Call Test Case 'Test Cases/T13 Pembelian, Shipment dan Pembayaran/PBL-002' successfully

2023-10-04 19:33:09 - [TEST_STEP][PASSED] - warnaa = getText(findTestObject("verifikasi/warna Merah")): Text of object 'Object Repository/verifikasi/warna Merah' is: 'Merah'

2023-10-04 19:33:10 - [MESSAGE][PASSED] - Text of object 'Object Repository/verifikasi/warna Merah' is: 'Merah'

2023-10-04 19:33:10 - [TEST_STEP][PASSED] - ukurann = getText(findTestObject("verifikasi/Ukuran Menengah")): Text of object 'Object Repository/verifikasi/Ukuran Menengah' is: 'Menengah'

2023-10-04 19:33:10 - [MESSAGE][PASSED] - Text of object 'Object Repository/verifikasi/Ukuran Menengah' is: 'Menengah'

2023-10-04 19:33:10 - [TEST_STEP][PASSED] - warna1 = data.get("Warna"): null

2023-10-04 19:33:10 - [TEST_STEP][PASSED] - ukuran1 = data.get("Ukuran"): null

2023-10-04 19:33:10 - [TEST_STEP][PASSED] - assert warnaa == warna1: null

2023-10-04 19:33:10 - [TEST_STEP][PASSED] - assert ukurann == ukuran1: null

2023-10-04 19:33:10 - [TEST_STEP][PASSED] - NamaCheckout = getText(findTestObject("verifikasi/NamaCheckout")): Text of object 'Object Repository/verifikasi/NamaCheckout' is: ''

2023-10-04 19:33:10 - [MESSAGE][PASSED] - Text of object 'Object Repository/verifikasi/NamaCheckout' is: ''

2023-10-04 19:33:10 - [TEST_STEP][PASSED] - HargaCheckout = getText(findTestObject("verifikasi/HargaCheckout")): Text of object 'Object Repository/verifikasi/HargaCheckout' is: '1,299'

2023-10-04 19:33:11 - [MESSAGE][PASSED] - Text of object 'Object Repository/verifikasi/HargaCheckout' is: '1,299'

2023-10-04 19:33:11 - [TEST_STEP][PASSED] - name_product = data.get("nama_barang"): null

2023-10-04 19:33:11 - [TEST_STEP][PASSED] - price_product = data.get("price_barang"): null

2023-10-04 19:33:11 - [TEST_STEP][PASSED] - assert name_product.contains(NamaCheckout): null

2023-10-04 19:33:11 - [TEST_STEP][PASSED] - assert price_product.contains(HargaCheckout): null

2023-10-04 19:33:11 - [TEST_STEP][PASSED] - selectOptionByLabel(findTestObject("checkout/select - Kirim via Kurir Lokal"), Kurir, false): All options with label 'Roda 2' are selected in object 'Object Repository/checkout/select - Kirim via Kurir Lokal' 

2023-10-04 19:33:11 - [MESSAGE][PASSED] - All options with label 'Roda 2' are selected in object 'Object Repository/checkout/select - Kirim via Kurir Lokal' 

2023-10-04 19:33:11 - [TEST_STEP][PASSED] - click(findTestObject("checkout/Kendaraan Kurir")): Object: 'Object Repository/checkout/Kendaraan Kurir' is clicked on

2023-10-04 19:33:12 - [MESSAGE][PASSED] - Object: 'Object Repository/checkout/Kendaraan Kurir' is clicked on

2023-10-04 19:33:12 - [TEST_STEP][PASSED] - OngkosKirim = getText(findTestObject("Object Repository/verifikasi/Ongkos Kirim checkout")): Text of object 'Object Repository/verifikasi/Ongkos Kirim checkout' is: 'Rp. 5,000'

2023-10-04 19:33:13 - [MESSAGE][PASSED] - Text of object 'Object Repository/verifikasi/Ongkos Kirim checkout' is: 'Rp. 5,000'

2023-10-04 19:33:13 - [TEST_STEP][PASSED] - Ongkos = OngkosKirim.substring(3, OngkosKirim.size()): null

2023-10-04 19:33:13 - [TEST_STEP][PASSED] - rep = Ongkos.replace(",", "."): null

2023-10-04 19:33:13 - [TEST_STEP][PASSED] - Ongkos_kirim = Double.parseDouble(rep): null

2023-10-04 19:33:13 - [TEST_STEP][PASSED] - println(Ongkos_kirim): null

2023-10-04 19:33:13 - [TEST_STEP][PASSED] - FeeAdmin = getText(findTestObject("verifikasi/Fee Admin checkout")): Text of object 'Object Repository/verifikasi/Fee Admin checkout' is: 'Fee Admin
Rp 1,500'

2023-10-04 19:33:13 - [MESSAGE][PASSED] - Text of object 'Object Repository/verifikasi/Fee Admin checkout' is: 'Fee Admin
Rp 1,500'

2023-10-04 19:33:13 - [TEST_STEP][PASSED] - Fee_Admin = FeeAdmin.substring(12, FeeAdmin.size()): null

2023-10-04 19:33:13 - [TEST_STEP][PASSED] - fee = Fee_Admin.replace(",", "."): null

2023-10-04 19:33:13 - [TEST_STEP][PASSED] - fee_admin = Double.parseDouble(fee): null

2023-10-04 19:33:13 - [TEST_STEP][PASSED] - println(fee_admin): null

2023-10-04 19:33:13 - [TEST_STEP][PASSED] - Subtotal = getText(findTestObject("verifikasi/subtotal checkout")): Text of object 'Object Repository/verifikasi/subtotal checkout' is: 'Subtotal
Rp 1,299'

2023-10-04 19:33:13 - [MESSAGE][PASSED] - Text of object 'Object Repository/verifikasi/subtotal checkout' is: 'Subtotal
Rp 1,299'

2023-10-04 19:33:13 - [TEST_STEP][PASSED] - sub_total = Subtotal.substring(12, Subtotal.size()): null

2023-10-04 19:33:13 - [TEST_STEP][PASSED] - sub = sub_total.replace(",", "."): null

2023-10-04 19:33:13 - [TEST_STEP][PASSED] - sub_total = Double.parseDouble(sub): null

2023-10-04 19:33:13 - [TEST_STEP][PASSED] - println(sub_total): null

2023-10-04 19:33:13 - [TEST_STEP][PASSED] - Total = getText(findTestObject("verifikasi/Total checkout")): Text of object 'Object Repository/verifikasi/Total checkout' is: 'Rp 7,799'

2023-10-04 19:33:13 - [MESSAGE][PASSED] - Text of object 'Object Repository/verifikasi/Total checkout' is: 'Rp 7,799'

2023-10-04 19:33:13 - [TEST_STEP][PASSED] - totall = Total.substring(3, Total.size()): null

2023-10-04 19:33:13 - [TEST_STEP][PASSED] - total = totall.replace(",", "."): null

2023-10-04 19:33:13 - [TEST_STEP][PASSED] - totall = Double.parseDouble(total): null

2023-10-04 19:33:13 - [TEST_STEP][PASSED] - println(totall): null

2023-10-04 19:33:13 - [TEST_STEP][PASSED] - Total_Harga = Ongkos_kirim + fee_admin + sub_total: null

2023-10-04 19:33:13 - [TEST_STEP][PASSED] - println(Total_Harga): null

2023-10-04 19:33:13 - [TEST_STEP][PASSED] - TotalHarga = Math.round(Total_Harga * 1000) / 1000: null

2023-10-04 19:33:13 - [TEST_STEP][PASSED] - println(TotalHarga): null

2023-10-04 19:33:13 - [TEST_STEP][PASSED] - assert totall == TotalHarga: null

2023-10-04 19:33:13 - [TEST_STEP][PASSED] - click(findTestObject("verifikasi/Metode Transfer")): Object: 'Object Repository/verifikasi/Metode Transfer' is clicked on

2023-10-04 19:33:14 - [MESSAGE][PASSED] - Object: 'Object Repository/verifikasi/Metode Transfer' is clicked on

2023-10-04 19:33:14 - [TEST_STEP][PASSED] - click(findTestObject("checkout/button_Proses Pembayaran")): Object: 'Object Repository/checkout/button_Proses Pembayaran' is clicked on

2023-10-04 19:33:20 - [MESSAGE][PASSED] - Object: 'Object Repository/checkout/button_Proses Pembayaran' is clicked on

2023-10-04 19:33:20 - [TEST_STEP][PASSED] - verifyElementPresent(findTestObject("pembayaran/Tittle nomor invoice"), 0): Object 'Object Repository/pembayaran/Tittle nomor invoice' is present

2023-10-04 19:33:20 - [MESSAGE][WARNING] - Timeout '0' is invalid. Using default page load timeout: '30'

2023-10-04 19:33:25 - [MESSAGE][PASSED] - Object 'Object Repository/pembayaran/Tittle nomor invoice' is present

2023-10-04 19:33:25 - [TEST_STEP][PASSED] - return data: null

2023-10-04 19:33:25 - [MESSAGE][PASSED] - Call Test Case 'Test Cases/T13 Pembelian, Shipment dan Pembayaran/PBL-004' successfully

2023-10-04 19:33:25 - [TEST_STEP][PASSED] - Invoice = getText(findTestObject("pembayaran/nomor invoice")): Text of object 'Object Repository/pembayaran/nomor invoice' is: 'TRX60.20231004193316'

2023-10-04 19:33:25 - [MESSAGE][PASSED] - Text of object 'Object Repository/pembayaran/nomor invoice' is: 'TRX60.20231004193316'

2023-10-04 19:33:25 - [TEST_STEP][PASSED] - data.put("invoice", Invoice): null

2023-10-04 19:33:25 - [TEST_STEP][PASSED] - NamaPemesan = getText(findTestObject("Konfirmasi pesanan shop/Nama pemesan")): Text of object 'Object Repository/Konfirmasi pesanan shop/Nama pemesan' is: 'irfan.afandi'

2023-10-04 19:33:26 - [MESSAGE][PASSED] - Text of object 'Object Repository/Konfirmasi pesanan shop/Nama pemesan' is: 'irfan.afandi'

2023-10-04 19:33:26 - [TEST_STEP][PASSED] - Nama = getText(findTestObject("pembayaran/Nama barang")): Text of object 'Object Repository/pembayaran/Nama barang' is: 'Segitiga Instan Madeira - MDB5.3 Sunset'

2023-10-04 19:33:26 - [MESSAGE][PASSED] - Text of object 'Object Repository/pembayaran/Nama barang' is: 'Segitiga Instan Madeira - MDB5.3 Sunset'

2023-10-04 19:33:26 - [TEST_STEP][PASSED] - Harga = getText(findTestObject("pembayaran/Harga barang")): Text of object 'Object Repository/pembayaran/Harga barang' is: '1,299'

2023-10-04 19:33:26 - [MESSAGE][PASSED] - Text of object 'Object Repository/pembayaran/Harga barang' is: '1,299'

2023-10-04 19:33:26 - [TEST_STEP][PASSED] - name_product = data.get("nama_barang"): null

2023-10-04 19:33:26 - [TEST_STEP][PASSED] - price_product = data.get("price_barang"): null

2023-10-04 19:33:26 - [TEST_STEP][PASSED] - assert name_product.contains(Nama): null

2023-10-04 19:33:26 - [TEST_STEP][PASSED] - assert price_product.contains(Harga): null

2023-10-04 19:33:26 - [TEST_STEP][PASSED] - warnaa = getText(findTestObject("pembayaran/warna")): Text of object 'Object Repository/pembayaran/warna' is: 'Merah'

2023-10-04 19:33:27 - [MESSAGE][PASSED] - Text of object 'Object Repository/pembayaran/warna' is: 'Merah'

2023-10-04 19:33:27 - [TEST_STEP][PASSED] - ukurann = getText(findTestObject("pembayaran/ukuran")): Text of object 'Object Repository/pembayaran/ukuran' is: 'Menengah'

2023-10-04 19:33:28 - [MESSAGE][PASSED] - Text of object 'Object Repository/pembayaran/ukuran' is: 'Menengah'

2023-10-04 19:33:28 - [TEST_STEP][PASSED] - warna1 = data.get("Warna"): null

2023-10-04 19:33:28 - [TEST_STEP][PASSED] - ukuran1 = data.get("Ukuran"): null

2023-10-04 19:33:28 - [TEST_STEP][PASSED] - assert warnaa == warna1: null

2023-10-04 19:33:28 - [TEST_STEP][PASSED] - assert ukurann == ukuran1: null

2023-10-04 19:33:28 - [TEST_STEP][PASSED] - statusPembelian = getText(findTestObject("verifikasi/Status pending di pembelian")): Text of object 'Object Repository/verifikasi/Status pending di pembelian' is: 'Pending'

2023-10-04 19:33:28 - [MESSAGE][PASSED] - Text of object 'Object Repository/verifikasi/Status pending di pembelian' is: 'Pending'

2023-10-04 19:33:28 - [TEST_STEP][PASSED] - data.put("statusPem", statusPembelian): null

2023-10-04 19:33:28 - [TEST_STEP][PASSED] - OngkosKirim = getText(findTestObject("pembayaran/ongkos kirim")): Text of object 'Object Repository/pembayaran/ongkos kirim' is: 'Rp 5,000'

2023-10-04 19:33:29 - [MESSAGE][PASSED] - Text of object 'Object Repository/pembayaran/ongkos kirim' is: 'Rp 5,000'

2023-10-04 19:33:29 - [TEST_STEP][PASSED] - Ongkos = OngkosKirim.substring(3, OngkosKirim.size()): null

2023-10-04 19:33:29 - [TEST_STEP][PASSED] - rep = Ongkos.replace(",", ""): null

2023-10-04 19:33:29 - [TEST_STEP][PASSED] - Ongkos_kirimm = Integer.parseInt(rep): null

2023-10-04 19:33:29 - [TEST_STEP][PASSED] - println(Ongkos_kirimm): null

2023-10-04 19:33:29 - [TEST_STEP][PASSED] - FeeAdmin = getText(findTestObject("pembayaran/fee admin")): Text of object 'Object Repository/pembayaran/fee admin' is: 'Rp 1,500'

2023-10-04 19:33:29 - [MESSAGE][PASSED] - Text of object 'Object Repository/pembayaran/fee admin' is: 'Rp 1,500'

2023-10-04 19:33:29 - [TEST_STEP][PASSED] - Fee_Admin = FeeAdmin.substring(3, FeeAdmin.size()): null

2023-10-04 19:33:29 - [TEST_STEP][PASSED] - fee = Fee_Admin.replace(",", ""): null

2023-10-04 19:33:29 - [TEST_STEP][PASSED] - fee_adminn = Integer.parseInt(fee): null

2023-10-04 19:33:29 - [TEST_STEP][PASSED] - println(fee_adminn): null

2023-10-04 19:33:29 - [TEST_STEP][PASSED] - Subtotal = getText(findTestObject("pembayaran/subtotal")): Text of object 'Object Repository/pembayaran/subtotal' is: 'Rp 1,299'

2023-10-04 19:33:30 - [MESSAGE][PASSED] - Text of object 'Object Repository/pembayaran/subtotal' is: 'Rp 1,299'

2023-10-04 19:33:30 - [TEST_STEP][PASSED] - sub_total = Subtotal.substring(3, Subtotal.size()): null

2023-10-04 19:33:30 - [TEST_STEP][PASSED] - sub = sub_total.replace(",", ""): null

2023-10-04 19:33:30 - [TEST_STEP][PASSED] - sub_totall = Integer.parseInt(sub): null

2023-10-04 19:33:30 - [TEST_STEP][PASSED] - println(sub_totall): null

2023-10-04 19:33:30 - [TEST_STEP][PASSED] - unik = getText(findTestObject("pembayaran/kode unik")): Text of object 'Object Repository/pembayaran/kode unik' is: '+316'

2023-10-04 19:33:30 - [MESSAGE][PASSED] - Text of object 'Object Repository/pembayaran/kode unik' is: '+316'

2023-10-04 19:33:30 - [TEST_STEP][PASSED] - unikk = unik.replace("+", ""): null

2023-10-04 19:33:30 - [TEST_STEP][PASSED] - kode_unik = Integer.parseInt(unikk): null

2023-10-04 19:33:30 - [TEST_STEP][PASSED] - println(kode_unik): null

2023-10-04 19:33:30 - [TEST_STEP][PASSED] - Total = getText(findTestObject("pembayaran/total")): Text of object 'Object Repository/pembayaran/total' is: '8,115'

2023-10-04 19:33:31 - [MESSAGE][PASSED] - Text of object 'Object Repository/pembayaran/total' is: '8,115'

2023-10-04 19:33:31 - [TEST_STEP][PASSED] - total = Total.replace(",", ""): null

2023-10-04 19:33:31 - [TEST_STEP][PASSED] - totalll = Integer.parseInt(total): null

2023-10-04 19:33:31 - [TEST_STEP][PASSED] - println(totalll): null

2023-10-04 19:33:31 - [TEST_STEP][PASSED] - Total_Hargaa = Ongkos_kirimm + fee_adminn + sub_totall + kode_unik: null

2023-10-04 19:33:31 - [TEST_STEP][PASSED] - println(Total_Hargaa): null

2023-10-04 19:33:31 - [TEST_STEP][PASSED] - assert totalll == Total_Hargaa: null

2023-10-04 19:33:31 - [TEST_STEP][PASSED] - data.put("total", Total): null

2023-10-04 19:33:31 - [TEST_STEP][PASSED] - data.put("nama", NamaPemesan): null

2023-10-04 19:33:31 - [TEST_STEP][PASSED] - return data: null

2023-10-04 19:33:31 - [MESSAGE][PASSED] - Call Test Case 'Test Cases/T13 Pembelian, Shipment dan Pembayaran/PBY-001' successfully

2023-10-04 19:33:31 - [TEST_STEP][PASSED] - inv = data.get("invoice"): null

2023-10-04 19:33:31 - [TEST_STEP][PASSED] - Total = data.get("total"): null

2023-10-04 19:33:31 - [TEST_STEP][PASSED] - NamaPemesan = data.get("nama"): null

2023-10-04 19:33:31 - [TEST_STEP][PASSED] - click(findTestObject("Konfirmasi pesanan shop/Menu Shop")): Object: 'Object Repository/Konfirmasi pesanan shop/Menu Shop' is clicked on

2023-10-04 19:33:32 - [MESSAGE][PASSED] - Object: 'Object Repository/Konfirmasi pesanan shop/Menu Shop' is clicked on

2023-10-04 19:33:32 - [TEST_STEP][PASSED] - click(findTestObject("Konfirmasi pesanan shop/Menu Shop")): Object: 'Object Repository/Konfirmasi pesanan shop/Menu Shop' is clicked on

2023-10-04 19:33:33 - [MESSAGE][PASSED] - Object: 'Object Repository/Konfirmasi pesanan shop/Menu Shop' is clicked on

2023-10-04 19:33:33 - [TEST_STEP][PASSED] - click(findTestObject("Konfirmasi pesanan shop/Konfirmasi Orders")): Object: 'Object Repository/Konfirmasi pesanan shop/Konfirmasi Orders' is clicked on

2023-10-04 19:33:34 - [MESSAGE][PASSED] - Object: 'Object Repository/Konfirmasi pesanan shop/Konfirmasi Orders' is clicked on

2023-10-04 19:33:34 - [TEST_STEP][PASSED] - verifyElementPresent(findTestObject("Konfirmasi pesanan shop/Tittle Konfirmasi Pesanan"), 0): Object 'Object Repository/Konfirmasi pesanan shop/Tittle Konfirmasi Pesanan' is present

2023-10-04 19:33:34 - [MESSAGE][WARNING] - Timeout '0' is invalid. Using default page load timeout: '30'

2023-10-04 19:33:35 - [MESSAGE][PASSED] - Object 'Object Repository/Konfirmasi pesanan shop/Tittle Konfirmasi Pesanan' is present

2023-10-04 19:33:35 - [TEST_STEP][PASSED] - setText(findTestObject("Konfirmasi pesanan shop/input_No Pesanan"), inv): Text 'TRX60.20231004193316' is set on object 'Object Repository/Konfirmasi pesanan shop/input_No Pesanan'

2023-10-04 19:33:35 - [MESSAGE][PASSED] - Text 'TRX60.20231004193316' is set on object 'Object Repository/Konfirmasi pesanan shop/input_No Pesanan'

2023-10-04 19:33:35 - [TEST_STEP][PASSED] - setText(findTestObject("Konfirmasi pesanan shop/input_Alamat E-mai"), "irfan@gmail.com"): Text 'irfan@gmail.com' is set on object 'Object Repository/Konfirmasi pesanan shop/input_Alamat E-mai'

2023-10-04 19:33:36 - [MESSAGE][PASSED] - Text 'irfan@gmail.com' is set on object 'Object Repository/Konfirmasi pesanan shop/input_Alamat E-mai'

2023-10-04 19:33:36 - [TEST_STEP][PASSED] - click(findTestObject("Konfirmasi pesanan shop/button_Submit")): Object: 'Object Repository/Konfirmasi pesanan shop/button_Submit' is clicked on

2023-10-04 19:33:37 - [MESSAGE][PASSED] - Object: 'Object Repository/Konfirmasi pesanan shop/button_Submit' is clicked on

2023-10-04 19:33:37 - [TEST_STEP][PASSED] - verifyElementPresent(findTestObject("Konfirmasi pesanan shop/Tittle nomor invoice"), 0): Object 'Object Repository/Konfirmasi pesanan shop/Tittle nomor invoice' is present

2023-10-04 19:33:37 - [MESSAGE][WARNING] - Timeout '0' is invalid. Using default page load timeout: '30'

2023-10-04 19:33:38 - [MESSAGE][PASSED] - Object 'Object Repository/Konfirmasi pesanan shop/Tittle nomor invoice' is present

2023-10-04 19:33:38 - [TEST_STEP][PASSED] - setText(findTestObject("Konfirmasi pesanan shop/input_Total TagihanTransfer_b"), Total): Text '8,115' is set on object 'Object Repository/Konfirmasi pesanan shop/input_Total TagihanTransfer_b'

2023-10-04 19:33:38 - [MESSAGE][PASSED] - Text '8,115' is set on object 'Object Repository/Konfirmasi pesanan shop/input_Total TagihanTransfer_b'

2023-10-04 19:33:38 - [TEST_STEP][PASSED] - selectOptionByValue(findTestObject("Konfirmasi pesanan shop/select_Bank"), "4", false): All options with value '4' are selected in object 'Object Repository/Konfirmasi pesanan shop/select_Bank' 

2023-10-04 19:33:39 - [MESSAGE][PASSED] - All options with value '4' are selected in object 'Object Repository/Konfirmasi pesanan shop/select_Bank' 

2023-10-04 19:33:39 - [TEST_STEP][PASSED] - setText(findTestObject("Konfirmasi pesanan shop/input_Nama Pengirim_d"), NamaPemesan): Text 'irfan.afandi' is set on object 'Object Repository/Konfirmasi pesanan shop/input_Nama Pengirim_d'

2023-10-04 19:33:40 - [MESSAGE][PASSED] - Text 'irfan.afandi' is set on object 'Object Repository/Konfirmasi pesanan shop/input_Nama Pengirim_d'

2023-10-04 19:33:40 - [TEST_STEP][PASSED] - uploadFile(findTestObject("keranjang/konfirmasi/input_Upload Bukti Transfer_f"), "C:\Users\IRFAN\Downloads\Berkas2.pdf"): File 'C:\Users\IRFAN\Downloads\Berkas2.pdf' sent to object: 'Object Repository/keranjang/konfirmasi/input_Upload Bukti Transfer_f'

2023-10-04 19:33:40 - [MESSAGE][PASSED] - File 'C:\Users\IRFAN\Downloads\Berkas2.pdf' sent to object: 'Object Repository/keranjang/konfirmasi/input_Upload Bukti Transfer_f'

2023-10-04 19:33:40 - [TEST_STEP][PASSED] - click(findTestObject("Konfirmasi pesanan shop/button_Konfirmasi Pembayaran")): Object: 'Object Repository/Konfirmasi pesanan shop/button_Konfirmasi Pembayaran' is clicked on

2023-10-04 19:33:41 - [MESSAGE][PASSED] - Object: 'Object Repository/Konfirmasi pesanan shop/button_Konfirmasi Pembayaran' is clicked on

2023-10-04 19:33:41 - [TEST_STEP][PASSED] - verifyElementPresent(findTestObject("Konfirmasi pesanan shop/Tittle Konfirmasi Pesanan"), 0): Object 'Object Repository/Konfirmasi pesanan shop/Tittle Konfirmasi Pesanan' is present

2023-10-04 19:33:41 - [MESSAGE][WARNING] - Timeout '0' is invalid. Using default page load timeout: '30'

2023-10-04 19:33:42 - [MESSAGE][PASSED] - Object 'Object Repository/Konfirmasi pesanan shop/Tittle Konfirmasi Pesanan' is present

2023-10-04 19:33:42 - [TEST_STEP][PASSED] - verifyElementPresent(findTestObject("Konfirmasi pesanan shop/Tittle massage succes Konfirmasi Pembayaran Pesanan"), 0): Object 'Object Repository/Konfirmasi pesanan shop/Tittle massage succes Konfirmasi Pembayaran Pesanan' is present

2023-10-04 19:33:42 - [MESSAGE][WARNING] - Timeout '0' is invalid. Using default page load timeout: '30'

2023-10-04 19:33:42 - [MESSAGE][PASSED] - Object 'Object Repository/Konfirmasi pesanan shop/Tittle massage succes Konfirmasi Pembayaran Pesanan' is present

2023-10-04 19:33:42 - [TEST_STEP][PASSED] - return data: null

2023-10-04 19:33:42 - [MESSAGE][PASSED] - Call Test Case 'Test Cases/T13 Pembelian, Shipment dan Pembayaran/PBY-004' successfully

2023-10-04 19:33:42 - [TEST_STEP][PASSED] - navigateToUrl("https://10.9.2.63/ecommerce/administrator/"): Navigate to 'https://10.9.2.63/ecommerce/administrator/' successfully

2023-10-04 19:33:43 - [MESSAGE][PASSED] - Navigate to 'https://10.9.2.63/ecommerce/administrator/' successfully

2023-10-04 19:33:43 - [TEST_STEP][PASSED] - verifyElementPresent(findTestObject("admin/Tittle ADMIN Login"), 0): Object 'Object Repository/admin/Tittle ADMIN Login' is present

2023-10-04 19:33:43 - [MESSAGE][WARNING] - Timeout '0' is invalid. Using default page load timeout: '30'

2023-10-04 19:33:43 - [MESSAGE][PASSED] - Object 'Object Repository/admin/Tittle ADMIN Login' is present

2023-10-04 19:33:43 - [TEST_STEP][PASSED] - setText(findTestObject("admin/Username"), "admin"): Text 'admin' is set on object 'Object Repository/admin/Username'

2023-10-04 19:33:44 - [MESSAGE][PASSED] - Text 'admin' is set on object 'Object Repository/admin/Username'

2023-10-04 19:33:44 - [TEST_STEP][PASSED] - setText(findTestObject("admin/Password"), "123admin123"): Text '123admin123' is set on object 'Object Repository/admin/Password'

2023-10-04 19:33:45 - [MESSAGE][PASSED] - Text '123admin123' is set on object 'Object Repository/admin/Password'

2023-10-04 19:33:45 - [TEST_STEP][PASSED] - click(findTestObject("admin/Remember Me")): Object: 'Object Repository/admin/Remember Me' is clicked on

2023-10-04 19:33:45 - [MESSAGE][PASSED] - Object: 'Object Repository/admin/Remember Me' is clicked on

2023-10-04 19:33:45 - [TEST_STEP][PASSED] - delay(10): Delayed 10 second(s)

2023-10-04 19:33:55 - [MESSAGE][PASSED] - Delayed 10 second(s)

2023-10-04 19:33:55 - [TEST_STEP][PASSED] - click(findTestObject("admin/buttom submit")): Object: 'Object Repository/admin/buttom submit' is clicked on

2023-10-04 19:33:56 - [MESSAGE][PASSED] - Object: 'Object Repository/admin/buttom submit' is clicked on

2023-10-04 19:33:56 - [TEST_STEP][PASSED] - verifyElementPresent(findTestObject("admin/Konf order konsumen/Tittle Dashboard"), 0): Object 'Object Repository/admin/Konf order konsumen/Tittle Dashboard' is present

2023-10-04 19:33:56 - [MESSAGE][WARNING] - Timeout '0' is invalid. Using default page load timeout: '30'

2023-10-04 19:34:02 - [MESSAGE][PASSED] - Object 'Object Repository/admin/Konf order konsumen/Tittle Dashboard' is present

2023-10-04 19:34:02 - [TEST_STEP][PASSED] - click(findTestObject("admin/Konf order konsumen/Menu Transaksi Market")): Object: 'Object Repository/admin/Konf order konsumen/Menu Transaksi Market' is clicked on

2023-10-04 19:34:02 - [MESSAGE][PASSED] - Object: 'Object Repository/admin/Konf order konsumen/Menu Transaksi Market' is clicked on

2023-10-04 19:34:02 - [TEST_STEP][PASSED] - click(findTestObject("admin/Konf order konsumen/Menu Konf. Order Konsumen")): Object: 'Object Repository/admin/Konf order konsumen/Menu Konf. Order Konsumen' is clicked on

2023-10-04 19:34:04 - [MESSAGE][PASSED] - Object: 'Object Repository/admin/Konf order konsumen/Menu Konf. Order Konsumen' is clicked on

2023-10-04 19:34:04 - [TEST_STEP][PASSED] - verifyElementPresent(findTestObject("admin/Konf order konsumen/Tittle Data Konfirmasi Pembayaran Konsumen"), 0): Object 'Object Repository/admin/Konf order konsumen/Tittle Data Konfirmasi Pembayaran Konsumen' is present

2023-10-04 19:34:04 - [MESSAGE][WARNING] - Timeout '0' is invalid. Using default page load timeout: '30'

2023-10-04 19:34:08 - [MESSAGE][PASSED] - Object 'Object Repository/admin/Konf order konsumen/Tittle Data Konfirmasi Pembayaran Konsumen' is present

2023-10-04 19:34:08 - [TEST_STEP][PASSED] - inv = data.get("invoice"): null

2023-10-04 19:34:08 - [TEST_STEP][PASSED] - setText(findTestObject("admin/Konf order konsumen/Search"), inv): Text 'TRX60.20231004193316' is set on object 'Object Repository/admin/Konf order konsumen/Search'

2023-10-04 19:34:09 - [MESSAGE][PASSED] - Text 'TRX60.20231004193316' is set on object 'Object Repository/admin/Konf order konsumen/Search'

2023-10-04 19:34:09 - [TEST_STEP][PASSED] - verifyElementText(findTestObject("admin/Konf order konsumen/Keterangan Lunas"), "Lunas"): Actual text and expected text of test object 'Object Repository/admin/Konf order konsumen/Keterangan Lunas' are matched.

2023-10-04 19:34:09 - [MESSAGE][PASSED] - Actual text and expected text of test object 'Object Repository/admin/Konf order konsumen/Keterangan Lunas' are matched.

2023-10-04 19:34:09 - [TEST_STEP][PASSED] - return data: null

2023-10-04 19:34:09 - [MESSAGE][PASSED] - Call Test Case 'Test Cases/T13 Pembelian, Shipment dan Pembayaran/PBYA-001' successfully

2023-10-04 19:34:09 - [TEST_STEP][PASSED] - click(findTestObject("admin/Penjualan ke konsumen/buttom Dashboard")): Object: 'Object Repository/admin/Penjualan ke konsumen/buttom Dashboard' is clicked on

2023-10-04 19:34:11 - [MESSAGE][PASSED] - Object: 'Object Repository/admin/Penjualan ke konsumen/buttom Dashboard' is clicked on

2023-10-04 19:34:11 - [TEST_STEP][PASSED] - click(findTestObject("admin/Konf order konsumen/Menu Transaksi Market")): Object: 'Object Repository/admin/Konf order konsumen/Menu Transaksi Market' is clicked on

2023-10-04 19:34:16 - [MESSAGE][PASSED] - Object: 'Object Repository/admin/Konf order konsumen/Menu Transaksi Market' is clicked on

2023-10-04 19:34:16 - [TEST_STEP][PASSED] - click(findTestObject("admin/Penjualan ke konsumen/a_Penjualan ke Konsumen")): Object: 'Object Repository/admin/Penjualan ke konsumen/a_Penjualan ke Konsumen' is clicked on

2023-10-04 19:34:18 - [MESSAGE][PASSED] - Object: 'Object Repository/admin/Penjualan ke konsumen/a_Penjualan ke Konsumen' is clicked on

2023-10-04 19:34:18 - [TEST_STEP][PASSED] - verifyElementPresent(findTestObject("admin/Tittle Data Transaksi Penjualan  Orderan Konsumen"), 0): Object 'Object Repository/admin/Tittle Data Transaksi Penjualan  Orderan Konsumen' is present

2023-10-04 19:34:18 - [MESSAGE][WARNING] - Timeout '0' is invalid. Using default page load timeout: '30'

2023-10-04 19:34:24 - [MESSAGE][PASSED] - Object 'Object Repository/admin/Tittle Data Transaksi Penjualan  Orderan Konsumen' is present

2023-10-04 19:34:24 - [TEST_STEP][PASSED] - return data: null

2023-10-04 19:34:24 - [MESSAGE][PASSED] - Call Test Case 'Test Cases/T13 Pembelian, Shipment dan Pembayaran/SA-001' successfully

2023-10-04 19:34:24 - [TEST_STEP][PASSED] - inv = data.get("invoice"): null

2023-10-04 19:34:24 - [TEST_STEP][PASSED] - setText(findTestObject("admin/Penjualan ke konsumen/Search"), inv): Text 'TRX60.20231004193316' is set on object 'Object Repository/admin/Penjualan ke konsumen/Search'

2023-10-04 19:34:25 - [MESSAGE][PASSED] - Text 'TRX60.20231004193316' is set on object 'Object Repository/admin/Penjualan ke konsumen/Search'

2023-10-04 19:34:25 - [TEST_STEP][PASSED] - click(findTestObject("admin/Penjualan ke konsumen/buttom konfirmasi pending payment")): Object: 'Object Repository/admin/Penjualan ke konsumen/buttom konfirmasi pending payment' is clicked on

2023-10-04 19:34:26 - [MESSAGE][PASSED] - Object: 'Object Repository/admin/Penjualan ke konsumen/buttom konfirmasi pending payment' is clicked on

2023-10-04 19:34:26 - [TEST_STEP][PASSED] - acceptAlert(STOP_ON_FAILURE): Alert accepted

2023-10-04 19:34:26 - [MESSAGE][PASSED] - Alert accepted

2023-10-04 19:34:26 - [TEST_STEP][PASSED] - setText(findTestObject("admin/Penjualan ke konsumen/Search"), inv): Text 'TRX60.20231004193316' is set on object 'Object Repository/admin/Penjualan ke konsumen/Search'

2023-10-04 19:34:27 - [MESSAGE][PASSED] - Text 'TRX60.20231004193316' is set on object 'Object Repository/admin/Penjualan ke konsumen/Search'

2023-10-04 19:34:27 - [TEST_STEP][PASSED] - verifyTextNotPresent("pending payment", false): Text 'pending payment' is not present on page

2023-10-04 19:34:27 - [MESSAGE][PASSED] - Text 'pending payment' is not present on page

2023-10-04 19:34:27 - [TEST_STEP][PASSED] - return data: null

2023-10-04 19:34:27 - [MESSAGE][PASSED] - Call Test Case 'Test Cases/T13 Pembelian, Shipment dan Pembayaran/SA-002' successfully

2023-10-04 19:34:27 - [TEST_STEP][PASSED] - click(findTestObject("admin/Penjualan ke konsumen/buttom scroldown")): Object: 'Object Repository/admin/Penjualan ke konsumen/buttom scroldown' is clicked on

2023-10-04 19:34:28 - [MESSAGE][PASSED] - Object: 'Object Repository/admin/Penjualan ke konsumen/buttom scroldown' is clicked on

2023-10-04 19:34:28 - [TEST_STEP][PASSED] - click(findTestObject("shipment/a_BatalRefund")): Object: 'Object Repository/shipment/a_BatalRefund' is clicked on

2023-10-04 19:34:29 - [MESSAGE][PASSED] - Object: 'Object Repository/shipment/a_BatalRefund' is clicked on

2023-10-04 19:34:29 - [TEST_STEP][PASSED] - acceptAlert(): Alert accepted

2023-10-04 19:34:29 - [MESSAGE][PASSED] - Alert accepted

2023-10-04 19:34:29 - [TEST_STEP][PASSED] - inv = data.get("invoice"): null

2023-10-04 19:34:29 - [TEST_STEP][PASSED] - delay(10): Delayed 10 second(s)

2023-10-04 19:34:39 - [MESSAGE][PASSED] - Delayed 10 second(s)

2023-10-04 19:34:39 - [TEST_STEP][PASSED] - verifyTextNotPresent(inv, false): Text 'TRX60.20231004193316' is not present on page

2023-10-04 19:34:45 - [MESSAGE][PASSED] - Text 'TRX60.20231004193316' is not present on page

2023-10-04 19:34:45 - [TEST_STEP][PASSED] - return data: null]]></system-out>
         <system-err><![CDATA[]]></system-err>
      </testcase>
      <testcase name="Test Cases/T13 Pembelian, Shipment dan Pembayaran/SA-008" time="151.607" classname="Test Cases/T13 Pembelian, Shipment dan Pembayaran/SA-008" status="PASSED">
         <system-out><![CDATA[2023-10-04 19:34:45 - [TEST_CASE][PASSED] - Test Cases/T13 Pembelian, Shipment dan Pembayaran/SA-008: Test Cases/T13 Pembelian, Shipment dan Pembayaran/SA-008

2023-10-04 19:34:45 - [TEST_STEP][PASSED] - data = callTestCase(findTestCase("T13 Pembelian, Shipment dan Pembayaran/SA-002"), [:], STOP_ON_FAILURE): Call Test Case 'Test Cases/T13 Pembelian, Shipment dan Pembayaran/SA-002' successfully

2023-10-04 19:34:46 - [TEST_CASE][PASSED] - Test Cases/T13 Pembelian, Shipment dan Pembayaran/SA-002: Test Cases/T13 Pembelian, Shipment dan Pembayaran/SA-002

2023-10-04 19:34:46 - [TEST_STEP][PASSED] - data = callTestCase(findTestCase("T13 Pembelian, Shipment dan Pembayaran/SA-001"), [:], STOP_ON_FAILURE): Call Test Case 'Test Cases/T13 Pembelian, Shipment dan Pembayaran/SA-001' successfully

2023-10-04 19:34:46 - [TEST_CASE][PASSED] - Test Cases/T13 Pembelian, Shipment dan Pembayaran/SA-001: Test Cases/T13 Pembelian, Shipment dan Pembayaran/SA-001

2023-10-04 19:34:46 - [TEST_STEP][PASSED] - data = callTestCase(findTestCase("T13 Pembelian, Shipment dan Pembayaran/PBYA-001"), [:], STOP_ON_FAILURE): Call Test Case 'Test Cases/T13 Pembelian, Shipment dan Pembayaran/PBYA-001' successfully

2023-10-04 19:34:46 - [TEST_CASE][PASSED] - Test Cases/T13 Pembelian, Shipment dan Pembayaran/PBYA-001: Test Cases/T13 Pembelian, Shipment dan Pembayaran/PBYA-001

2023-10-04 19:34:46 - [TEST_STEP][PASSED] - data = callTestCase(findTestCase("T13 Pembelian, Shipment dan Pembayaran/PBY-004"), [:], STOP_ON_FAILURE): Call Test Case 'Test Cases/T13 Pembelian, Shipment dan Pembayaran/PBY-004' successfully

2023-10-04 19:34:46 - [TEST_CASE][PASSED] - Test Cases/T13 Pembelian, Shipment dan Pembayaran/PBY-004: Test Cases/T13 Pembelian, Shipment dan Pembayaran/PBY-004

2023-10-04 19:34:46 - [TEST_STEP][PASSED] - data = callTestCase(findTestCase("T13 Pembelian, Shipment dan Pembayaran/PBY-001"), [:], STOP_ON_FAILURE): Call Test Case 'Test Cases/T13 Pembelian, Shipment dan Pembayaran/PBY-001' successfully

2023-10-04 19:34:46 - [TEST_CASE][PASSED] - Test Cases/T13 Pembelian, Shipment dan Pembayaran/PBY-001: Test Cases/T13 Pembelian, Shipment dan Pembayaran/PBY-001

2023-10-04 19:34:46 - [TEST_STEP][PASSED] - data = callTestCase(findTestCase("T13 Pembelian, Shipment dan Pembayaran/PBL-004"), ["Kurir":"Roda 2"], STOP_ON_FAILURE): Call Test Case 'Test Cases/T13 Pembelian, Shipment dan Pembayaran/PBL-004' successfully

2023-10-04 19:34:46 - [TEST_CASE][PASSED] - Test Cases/T13 Pembelian, Shipment dan Pembayaran/PBL-004: Test Cases/T13 Pembelian, Shipment dan Pembayaran/PBL-004

2023-10-04 19:34:46 - [TEST_STEP][PASSED] - data = callTestCase(findTestCase("T13 Pembelian, Shipment dan Pembayaran/PBL-002"), [:], STOP_ON_FAILURE): Call Test Case 'Test Cases/T13 Pembelian, Shipment dan Pembayaran/PBL-002' successfully

2023-10-04 19:34:46 - [TEST_CASE][PASSED] - Test Cases/T13 Pembelian, Shipment dan Pembayaran/PBL-002: Test Cases/T13 Pembelian, Shipment dan Pembayaran/PBL-002

2023-10-04 19:34:46 - [TEST_STEP][PASSED] - data = callTestCase(findTestCase("T13 Pembelian, Shipment dan Pembayaran/PBL-001"), [:], STOP_ON_FAILURE): Call Test Case 'Test Cases/T13 Pembelian, Shipment dan Pembayaran/PBL-001' successfully

2023-10-04 19:34:46 - [TEST_CASE][PASSED] - Test Cases/T13 Pembelian, Shipment dan Pembayaran/PBL-001: Test Cases/T13 Pembelian, Shipment dan Pembayaran/PBL-001

2023-10-04 19:34:46 - [TEST_STEP][PASSED] - callTestCase(findTestCase("T13 Pembelian, Shipment dan Pembayaran/LU-001"), ["username":"irfanafandi", "password":"12345irfan"], STOP_ON_FAILURE): Call Test Case 'Test Cases/T13 Pembelian, Shipment dan Pembayaran/LU-001' successfully

2023-10-04 19:34:46 - [TEST_CASE][PASSED] - Test Cases/T13 Pembelian, Shipment dan Pembayaran/LU-001: Test Cases/T13 Pembelian, Shipment dan Pembayaran/LU-001

2023-10-04 19:34:46 - [TEST_STEP][PASSED] - openBrowser("https://10.9.2.63/ecommerce/"): Browser is opened with url: 'https://10.9.2.63/ecommerce/'

2023-10-04 19:34:46 - [MESSAGE][WARNING] - A browser is already opened. Closing browser and opening a new one

2023-10-04 19:34:47 - [MESSAGE][INFO] - Starting 'Firefox' driver

2023-10-04 19:34:47 - [MESSAGE][INFO] - User set preference: ['args', '[--disable-notifications]']

2023-10-04 19:34:47 - [MESSAGE][INFO] - Action delay is set to 0 milliseconds

2023-10-04 19:34:52 - [MESSAGE][PASSED] - Browser is opened with url: 'https://10.9.2.63/ecommerce/'

2023-10-04 19:34:52 - [TEST_STEP][PASSED] - maximizeWindow(): Current window maximized

2023-10-04 19:34:52 - [MESSAGE][PASSED] - Current window maximized

2023-10-04 19:34:52 - [TEST_STEP][PASSED] - verifyElementPresent(findTestObject("Login/Home"), 0): Object 'Object Repository/Login/Home' is present

2023-10-04 19:34:52 - [MESSAGE][WARNING] - Timeout '0' is invalid. Using default page load timeout: '30'

2023-10-04 19:34:52 - [MESSAGE][PASSED] - Object 'Object Repository/Login/Home' is present

2023-10-04 19:34:52 - [TEST_STEP][PASSED] - click(findTestObject("Login/a_Login")): Object: 'Object Repository/Login/a_Login' is clicked on

2023-10-04 19:34:53 - [MESSAGE][PASSED] - Object: 'Object Repository/Login/a_Login' is clicked on

2023-10-04 19:34:53 - [TEST_STEP][PASSED] - verifyElementPresent(findTestObject("Login/Tittle Login"), 0): Object 'Object Repository/Login/Tittle Login' is present

2023-10-04 19:34:53 - [MESSAGE][WARNING] - Timeout '0' is invalid. Using default page load timeout: '30'

2023-10-04 19:34:53 - [MESSAGE][PASSED] - Object 'Object Repository/Login/Tittle Login' is present

2023-10-04 19:34:53 - [TEST_STEP][PASSED] - setText(findTestObject("Login/input_Username, Email atau No. Handphone_a"), username): Text 'irfanafandi' is set on object 'Object Repository/Login/input_Username, Email atau No. Handphone_a'

2023-10-04 19:34:54 - [MESSAGE][PASSED] - Text 'irfanafandi' is set on object 'Object Repository/Login/input_Username, Email atau No. Handphone_a'

2023-10-04 19:34:54 - [TEST_STEP][PASSED] - setText(findTestObject("Login/input_Password_b"), password): Text '12345irfan' is set on object 'Object Repository/Login/input_Password_b'

2023-10-04 19:34:54 - [MESSAGE][PASSED] - Text '12345irfan' is set on object 'Object Repository/Login/input_Password_b'

2023-10-04 19:34:54 - [TEST_STEP][PASSED] - click(findTestObject("Login/label_Ingat saya")): Object: 'Object Repository/Login/label_Ingat saya' is clicked on

2023-10-04 19:34:55 - [MESSAGE][PASSED] - Object: 'Object Repository/Login/label_Ingat saya' is clicked on

2023-10-04 19:34:55 - [TEST_STEP][PASSED] - click(findTestObject("Login/button_Masuk")): Object: 'Object Repository/Login/button_Masuk' is clicked on

2023-10-04 19:34:56 - [MESSAGE][PASSED] - Object: 'Object Repository/Login/button_Masuk' is clicked on

2023-10-04 19:34:56 - [TEST_STEP][PASSED] - verifyElementPresent(findTestObject("Login/li_Profile"), 0): Object 'Object Repository/Login/li_Profile' is present

2023-10-04 19:34:56 - [MESSAGE][WARNING] - Timeout '0' is invalid. Using default page load timeout: '30'

2023-10-04 19:34:57 - [MESSAGE][PASSED] - Object 'Object Repository/Login/li_Profile' is present

2023-10-04 19:34:57 - [MESSAGE][PASSED] - Call Test Case 'Test Cases/T13 Pembelian, Shipment dan Pembayaran/LU-001' successfully

2023-10-04 19:34:57 - [TEST_STEP][PASSED] - mouseOver(findTestObject("beli barang/i_Mulai Belanja_icon-menu")): Object: 'Object Repository/beli barang/i_Mulai Belanja_icon-menu' is hovered

2023-10-04 19:34:57 - [MESSAGE][PASSED] - Object: 'Object Repository/beli barang/i_Mulai Belanja_icon-menu' is hovered

2023-10-04 19:34:57 - [TEST_STEP][PASSED] - click(findTestObject("beli barang/a_Fashion  Busana Wanita")): Object: 'Object Repository/beli barang/a_Fashion  Busana Wanita' is clicked on

2023-10-04 19:34:58 - [MESSAGE][PASSED] - Object: 'Object Repository/beli barang/a_Fashion  Busana Wanita' is clicked on

2023-10-04 19:34:58 - [TEST_STEP][PASSED] - NamaSebelum = getText(findTestObject("verifikasi/Nama sebelum")): Text of object 'Object Repository/verifikasi/Nama sebelum' is: ''

2023-10-04 19:34:59 - [MESSAGE][PASSED] - Text of object 'Object Repository/verifikasi/Nama sebelum' is: ''

2023-10-04 19:34:59 - [TEST_STEP][PASSED] - HargaSebelum = getText(findTestObject("verifikasi/Harga sebelum")): Text of object 'Object Repository/verifikasi/Harga sebelum' is: 'Rp 1,299'

2023-10-04 19:34:59 - [MESSAGE][PASSED] - Text of object 'Object Repository/verifikasi/Harga sebelum' is: 'Rp 1,299'

2023-10-04 19:34:59 - [TEST_STEP][PASSED] - mouseOver(findTestObject("beli barang/barang mouse over")): Object: 'Object Repository/beli barang/barang mouse over' is hovered

2023-10-04 19:35:00 - [MESSAGE][PASSED] - Object: 'Object Repository/beli barang/barang mouse over' is hovered

2023-10-04 19:35:00 - [TEST_STEP][PASSED] - click(findTestObject("beli barang/buttom add to cart")): Object: 'Object Repository/beli barang/buttom add to cart' is clicked on

2023-10-04 19:35:01 - [MESSAGE][PASSED] - Object: 'Object Repository/beli barang/buttom add to cart' is clicked on

2023-10-04 19:35:01 - [TEST_STEP][PASSED] - NamaSesudah = getText(findTestObject("verifikasi/Nama sesudah")): Text of object 'Object Repository/verifikasi/Nama sesudah' is: 'Segitiga Instan Madeira - MDB5.3 Sunset'

2023-10-04 19:35:02 - [MESSAGE][PASSED] - Text of object 'Object Repository/verifikasi/Nama sesudah' is: 'Segitiga Instan Madeira - MDB5.3 Sunset'

2023-10-04 19:35:02 - [TEST_STEP][PASSED] - HargaSesudah = getText(findTestObject("verifikasi/Harga sesudah")): Text of object 'Object Repository/verifikasi/Harga sesudah' is: 'Rp 1,299'

2023-10-04 19:35:02 - [MESSAGE][PASSED] - Text of object 'Object Repository/verifikasi/Harga sesudah' is: 'Rp 1,299'

2023-10-04 19:35:02 - [TEST_STEP][PASSED] - assert NamaSesudah.contains(NamaSebelum): null

2023-10-04 19:35:02 - [TEST_STEP][PASSED] - assert HargaSesudah.contains(HargaSebelum): null

2023-10-04 19:35:02 - [TEST_STEP][PASSED] - click(findTestObject("beli barang/Tambah Keranjang busana wanita")): Object: 'Object Repository/beli barang/Tambah Keranjang busana wanita' is clicked on

2023-10-04 19:35:02 - [MESSAGE][PASSED] - Object: 'Object Repository/beli barang/Tambah Keranjang busana wanita' is clicked on

2023-10-04 19:35:02 - [TEST_STEP][PASSED] - verifyElementPresent(findTestObject("checkout/Notifikasi keranjang"), 1): Object 'Object Repository/checkout/Notifikasi keranjang' is present

2023-10-04 19:35:03 - [MESSAGE][PASSED] - Object 'Object Repository/checkout/Notifikasi keranjang' is present

2023-10-04 19:35:03 - [TEST_STEP][PASSED] - data = new java.util.HashMap(): null

2023-10-04 19:35:03 - [TEST_STEP][PASSED] - data.put("nama_barang", NamaSesudah): null

2023-10-04 19:35:03 - [TEST_STEP][PASSED] - data.put("price_barang", HargaSesudah): null

2023-10-04 19:35:03 - [TEST_STEP][PASSED] - return data: null

2023-10-04 19:35:03 - [MESSAGE][PASSED] - Call Test Case 'Test Cases/T13 Pembelian, Shipment dan Pembayaran/PBL-001' successfully

2023-10-04 19:35:03 - [TEST_STEP][PASSED] - mouseOver(findTestObject("beli barang/keranjang")): Object: 'Object Repository/beli barang/keranjang' is hovered

2023-10-04 19:35:03 - [MESSAGE][PASSED] - Object: 'Object Repository/beli barang/keranjang' is hovered

2023-10-04 19:35:03 - [TEST_STEP][PASSED] - click(findTestObject("beli barang/Lihat Sekarang")): Object: 'Object Repository/beli barang/Lihat Sekarang' is clicked on

2023-10-04 19:35:04 - [MESSAGE][PASSED] - Object: 'Object Repository/beli barang/Lihat Sekarang' is clicked on

2023-10-04 19:35:04 - [TEST_STEP][PASSED] - verifyElementPresent(findTestObject("keranjang/li_Keranjang Belanja"), 0): Object 'Object Repository/keranjang/li_Keranjang Belanja' is present

2023-10-04 19:35:05 - [MESSAGE][WARNING] - Timeout '0' is invalid. Using default page load timeout: '30'

2023-10-04 19:35:06 - [MESSAGE][PASSED] - Object 'Object Repository/keranjang/li_Keranjang Belanja' is present

2023-10-04 19:35:06 - [TEST_STEP][PASSED] - NamaKeranjang = getText(findTestObject("verifikasi/Nama keranjang")): Text of object 'Object Repository/verifikasi/Nama keranjang' is: 'Segitiga Instan Madeira - MDB5.3 Sunset'

2023-10-04 19:35:06 - [MESSAGE][PASSED] - Text of object 'Object Repository/verifikasi/Nama keranjang' is: 'Segitiga Instan Madeira - MDB5.3 Sunset'

2023-10-04 19:35:06 - [TEST_STEP][PASSED] - HargaKeranjang = getText(findTestObject("verifikasi/Harga Keranjang")): Text of object 'Object Repository/verifikasi/Harga Keranjang' is: 'Rp 1,299'

2023-10-04 19:35:06 - [MESSAGE][PASSED] - Text of object 'Object Repository/verifikasi/Harga Keranjang' is: 'Rp 1,299'

2023-10-04 19:35:06 - [TEST_STEP][PASSED] - if (toString().equalsIgnoreCase("Merah")): Object 'Object Repository/keranjang/input_Warna_variasi101' is checked

2023-10-04 19:35:06 - [TEST_STEP][PASSED] - check(findTestObject("Object Repository/keranjang/input_Warna_variasi101")): Object 'Object Repository/keranjang/input_Warna_variasi101' is checked

2023-10-04 19:35:07 - [MESSAGE][PASSED] - Object 'Object Repository/keranjang/input_Warna_variasi101' is checked

2023-10-04 19:35:07 - [TEST_STEP][PASSED] - if (toString().equalsIgnoreCase("Menengah")): Object 'Object Repository/keranjang/input_Ukuran_variasi201' is checked

2023-10-04 19:35:07 - [TEST_STEP][PASSED] - check(findTestObject("Object Repository/keranjang/input_Ukuran_variasi201")): Object 'Object Repository/keranjang/input_Ukuran_variasi201' is checked

2023-10-04 19:35:07 - [MESSAGE][PASSED] - Object 'Object Repository/keranjang/input_Ukuran_variasi201' is checked

2023-10-04 19:35:07 - [TEST_STEP][PASSED] - data.put("Warna", warna): null

2023-10-04 19:35:07 - [TEST_STEP][PASSED] - data.put("Ukuran", ukuran): null

2023-10-04 19:35:07 - [TEST_STEP][PASSED] - click(findTestObject("keranjang/button_Lanjut ke Pembayaran")): Object: 'Object Repository/keranjang/button_Lanjut ke Pembayaran' is clicked on

2023-10-04 19:35:09 - [MESSAGE][PASSED] - Object: 'Object Repository/keranjang/button_Lanjut ke Pembayaran' is clicked on

2023-10-04 19:35:09 - [TEST_STEP][PASSED] - verifyElementPresent(findTestObject("checkout/Tittle Checkout Order"), 0): Object 'Object Repository/checkout/Tittle Checkout Order' is present

2023-10-04 19:35:09 - [MESSAGE][WARNING] - Timeout '0' is invalid. Using default page load timeout: '30'

2023-10-04 19:35:09 - [MESSAGE][PASSED] - Object 'Object Repository/checkout/Tittle Checkout Order' is present

2023-10-04 19:35:09 - [TEST_STEP][PASSED] - name_product = data.get("nama_barang"): null

2023-10-04 19:35:09 - [TEST_STEP][PASSED] - price_product = data.get("price_barang"): null

2023-10-04 19:35:09 - [TEST_STEP][PASSED] - assert name_product == NamaKeranjang: null

2023-10-04 19:35:09 - [TEST_STEP][PASSED] - assert price_product == HargaKeranjang: null

2023-10-04 19:35:09 - [TEST_STEP][PASSED] - return data: null

2023-10-04 19:35:09 - [MESSAGE][PASSED] - Call Test Case 'Test Cases/T13 Pembelian, Shipment dan Pembayaran/PBL-002' successfully

2023-10-04 19:35:09 - [TEST_STEP][PASSED] - warnaa = getText(findTestObject("verifikasi/warna Merah")): Text of object 'Object Repository/verifikasi/warna Merah' is: 'Merah'

2023-10-04 19:35:10 - [MESSAGE][PASSED] - Text of object 'Object Repository/verifikasi/warna Merah' is: 'Merah'

2023-10-04 19:35:10 - [TEST_STEP][PASSED] - ukurann = getText(findTestObject("verifikasi/Ukuran Menengah")): Text of object 'Object Repository/verifikasi/Ukuran Menengah' is: 'Menengah'

2023-10-04 19:35:10 - [MESSAGE][PASSED] - Text of object 'Object Repository/verifikasi/Ukuran Menengah' is: 'Menengah'

2023-10-04 19:35:10 - [TEST_STEP][PASSED] - warna1 = data.get("Warna"): null

2023-10-04 19:35:10 - [TEST_STEP][PASSED] - ukuran1 = data.get("Ukuran"): null

2023-10-04 19:35:10 - [TEST_STEP][PASSED] - assert warnaa == warna1: null

2023-10-04 19:35:10 - [TEST_STEP][PASSED] - assert ukurann == ukuran1: null

2023-10-04 19:35:10 - [TEST_STEP][PASSED] - NamaCheckout = getText(findTestObject("verifikasi/NamaCheckout")): Text of object 'Object Repository/verifikasi/NamaCheckout' is: ''

2023-10-04 19:35:10 - [MESSAGE][PASSED] - Text of object 'Object Repository/verifikasi/NamaCheckout' is: ''

2023-10-04 19:35:10 - [TEST_STEP][PASSED] - HargaCheckout = getText(findTestObject("verifikasi/HargaCheckout")): Text of object 'Object Repository/verifikasi/HargaCheckout' is: '1,299'

2023-10-04 19:35:11 - [MESSAGE][PASSED] - Text of object 'Object Repository/verifikasi/HargaCheckout' is: '1,299'

2023-10-04 19:35:11 - [TEST_STEP][PASSED] - name_product = data.get("nama_barang"): null

2023-10-04 19:35:11 - [TEST_STEP][PASSED] - price_product = data.get("price_barang"): null

2023-10-04 19:35:11 - [TEST_STEP][PASSED] - assert name_product.contains(NamaCheckout): null

2023-10-04 19:35:11 - [TEST_STEP][PASSED] - assert price_product.contains(HargaCheckout): null

2023-10-04 19:35:11 - [TEST_STEP][PASSED] - selectOptionByLabel(findTestObject("checkout/select - Kirim via Kurir Lokal"), Kurir, false): All options with label 'Roda 2' are selected in object 'Object Repository/checkout/select - Kirim via Kurir Lokal' 

2023-10-04 19:35:12 - [MESSAGE][PASSED] - All options with label 'Roda 2' are selected in object 'Object Repository/checkout/select - Kirim via Kurir Lokal' 

2023-10-04 19:35:12 - [TEST_STEP][PASSED] - click(findTestObject("checkout/Kendaraan Kurir")): Object: 'Object Repository/checkout/Kendaraan Kurir' is clicked on

2023-10-04 19:35:13 - [MESSAGE][PASSED] - Object: 'Object Repository/checkout/Kendaraan Kurir' is clicked on

2023-10-04 19:35:13 - [TEST_STEP][PASSED] - OngkosKirim = getText(findTestObject("Object Repository/verifikasi/Ongkos Kirim checkout")): Text of object 'Object Repository/verifikasi/Ongkos Kirim checkout' is: 'Rp. 5,000'

2023-10-04 19:35:13 - [MESSAGE][PASSED] - Text of object 'Object Repository/verifikasi/Ongkos Kirim checkout' is: 'Rp. 5,000'

2023-10-04 19:35:13 - [TEST_STEP][PASSED] - Ongkos = OngkosKirim.substring(3, OngkosKirim.size()): null

2023-10-04 19:35:13 - [TEST_STEP][PASSED] - rep = Ongkos.replace(",", "."): null

2023-10-04 19:35:13 - [TEST_STEP][PASSED] - Ongkos_kirim = Double.parseDouble(rep): null

2023-10-04 19:35:13 - [TEST_STEP][PASSED] - println(Ongkos_kirim): null

2023-10-04 19:35:13 - [TEST_STEP][PASSED] - FeeAdmin = getText(findTestObject("verifikasi/Fee Admin checkout")): Text of object 'Object Repository/verifikasi/Fee Admin checkout' is: 'Fee Admin
Rp 1,500'

2023-10-04 19:35:13 - [MESSAGE][PASSED] - Text of object 'Object Repository/verifikasi/Fee Admin checkout' is: 'Fee Admin
Rp 1,500'

2023-10-04 19:35:13 - [TEST_STEP][PASSED] - Fee_Admin = FeeAdmin.substring(12, FeeAdmin.size()): null

2023-10-04 19:35:13 - [TEST_STEP][PASSED] - fee = Fee_Admin.replace(",", "."): null

2023-10-04 19:35:13 - [TEST_STEP][PASSED] - fee_admin = Double.parseDouble(fee): null

2023-10-04 19:35:13 - [TEST_STEP][PASSED] - println(fee_admin): null

2023-10-04 19:35:13 - [TEST_STEP][PASSED] - Subtotal = getText(findTestObject("verifikasi/subtotal checkout")): Text of object 'Object Repository/verifikasi/subtotal checkout' is: 'Subtotal
Rp 1,299'

2023-10-04 19:35:14 - [MESSAGE][PASSED] - Text of object 'Object Repository/verifikasi/subtotal checkout' is: 'Subtotal
Rp 1,299'

2023-10-04 19:35:14 - [TEST_STEP][PASSED] - sub_total = Subtotal.substring(12, Subtotal.size()): null

2023-10-04 19:35:14 - [TEST_STEP][PASSED] - sub = sub_total.replace(",", "."): null

2023-10-04 19:35:14 - [TEST_STEP][PASSED] - sub_total = Double.parseDouble(sub): null

2023-10-04 19:35:14 - [TEST_STEP][PASSED] - println(sub_total): null

2023-10-04 19:35:14 - [TEST_STEP][PASSED] - Total = getText(findTestObject("verifikasi/Total checkout")): Text of object 'Object Repository/verifikasi/Total checkout' is: 'Rp 7,799'

2023-10-04 19:35:14 - [MESSAGE][PASSED] - Text of object 'Object Repository/verifikasi/Total checkout' is: 'Rp 7,799'

2023-10-04 19:35:14 - [TEST_STEP][PASSED] - totall = Total.substring(3, Total.size()): null

2023-10-04 19:35:14 - [TEST_STEP][PASSED] - total = totall.replace(",", "."): null

2023-10-04 19:35:14 - [TEST_STEP][PASSED] - totall = Double.parseDouble(total): null

2023-10-04 19:35:14 - [TEST_STEP][PASSED] - println(totall): null

2023-10-04 19:35:14 - [TEST_STEP][PASSED] - Total_Harga = Ongkos_kirim + fee_admin + sub_total: null

2023-10-04 19:35:14 - [TEST_STEP][PASSED] - println(Total_Harga): null

2023-10-04 19:35:14 - [TEST_STEP][PASSED] - TotalHarga = Math.round(Total_Harga * 1000) / 1000: null

2023-10-04 19:35:14 - [TEST_STEP][PASSED] - println(TotalHarga): null

2023-10-04 19:35:14 - [TEST_STEP][PASSED] - assert totall == TotalHarga: null

2023-10-04 19:35:14 - [TEST_STEP][PASSED] - click(findTestObject("verifikasi/Metode Transfer")): Object: 'Object Repository/verifikasi/Metode Transfer' is clicked on

2023-10-04 19:35:15 - [MESSAGE][PASSED] - Object: 'Object Repository/verifikasi/Metode Transfer' is clicked on

2023-10-04 19:35:15 - [TEST_STEP][PASSED] - click(findTestObject("checkout/button_Proses Pembayaran")): Object: 'Object Repository/checkout/button_Proses Pembayaran' is clicked on

2023-10-04 19:35:20 - [MESSAGE][PASSED] - Object: 'Object Repository/checkout/button_Proses Pembayaran' is clicked on

2023-10-04 19:35:20 - [TEST_STEP][PASSED] - verifyElementPresent(findTestObject("pembayaran/Tittle nomor invoice"), 0): Object 'Object Repository/pembayaran/Tittle nomor invoice' is present

2023-10-04 19:35:20 - [MESSAGE][WARNING] - Timeout '0' is invalid. Using default page load timeout: '30'

2023-10-04 19:35:24 - [MESSAGE][PASSED] - Object 'Object Repository/pembayaran/Tittle nomor invoice' is present

2023-10-04 19:35:24 - [TEST_STEP][PASSED] - return data: null

2023-10-04 19:35:24 - [MESSAGE][PASSED] - Call Test Case 'Test Cases/T13 Pembelian, Shipment dan Pembayaran/PBL-004' successfully

2023-10-04 19:35:24 - [TEST_STEP][PASSED] - Invoice = getText(findTestObject("pembayaran/nomor invoice")): Text of object 'Object Repository/pembayaran/nomor invoice' is: 'TRX60.20231004193516'

2023-10-04 19:35:25 - [MESSAGE][PASSED] - Text of object 'Object Repository/pembayaran/nomor invoice' is: 'TRX60.20231004193516'

2023-10-04 19:35:25 - [TEST_STEP][PASSED] - data.put("invoice", Invoice): null

2023-10-04 19:35:25 - [TEST_STEP][PASSED] - NamaPemesan = getText(findTestObject("Konfirmasi pesanan shop/Nama pemesan")): Text of object 'Object Repository/Konfirmasi pesanan shop/Nama pemesan' is: 'irfan.afandi'

2023-10-04 19:35:26 - [MESSAGE][PASSED] - Text of object 'Object Repository/Konfirmasi pesanan shop/Nama pemesan' is: 'irfan.afandi'

2023-10-04 19:35:26 - [TEST_STEP][PASSED] - Nama = getText(findTestObject("pembayaran/Nama barang")): Text of object 'Object Repository/pembayaran/Nama barang' is: 'Segitiga Instan Madeira - MDB5.3 Sunset'

2023-10-04 19:35:26 - [MESSAGE][PASSED] - Text of object 'Object Repository/pembayaran/Nama barang' is: 'Segitiga Instan Madeira - MDB5.3 Sunset'

2023-10-04 19:35:26 - [TEST_STEP][PASSED] - Harga = getText(findTestObject("pembayaran/Harga barang")): Text of object 'Object Repository/pembayaran/Harga barang' is: '1,299'

2023-10-04 19:35:27 - [MESSAGE][PASSED] - Text of object 'Object Repository/pembayaran/Harga barang' is: '1,299'

2023-10-04 19:35:27 - [TEST_STEP][PASSED] - name_product = data.get("nama_barang"): null

2023-10-04 19:35:27 - [TEST_STEP][PASSED] - price_product = data.get("price_barang"): null

2023-10-04 19:35:27 - [TEST_STEP][PASSED] - assert name_product.contains(Nama): null

2023-10-04 19:35:27 - [TEST_STEP][PASSED] - assert price_product.contains(Harga): null

2023-10-04 19:35:27 - [TEST_STEP][PASSED] - warnaa = getText(findTestObject("pembayaran/warna")): Text of object 'Object Repository/pembayaran/warna' is: 'Merah'

2023-10-04 19:35:27 - [MESSAGE][PASSED] - Text of object 'Object Repository/pembayaran/warna' is: 'Merah'

2023-10-04 19:35:27 - [TEST_STEP][PASSED] - ukurann = getText(findTestObject("pembayaran/ukuran")): Text of object 'Object Repository/pembayaran/ukuran' is: 'Menengah'

2023-10-04 19:35:28 - [MESSAGE][PASSED] - Text of object 'Object Repository/pembayaran/ukuran' is: 'Menengah'

2023-10-04 19:35:28 - [TEST_STEP][PASSED] - warna1 = data.get("Warna"): null

2023-10-04 19:35:28 - [TEST_STEP][PASSED] - ukuran1 = data.get("Ukuran"): null

2023-10-04 19:35:28 - [TEST_STEP][PASSED] - assert warnaa == warna1: null

2023-10-04 19:35:28 - [TEST_STEP][PASSED] - assert ukurann == ukuran1: null

2023-10-04 19:35:28 - [TEST_STEP][PASSED] - statusPembelian = getText(findTestObject("verifikasi/Status pending di pembelian")): Text of object 'Object Repository/verifikasi/Status pending di pembelian' is: 'Pending'

2023-10-04 19:35:28 - [MESSAGE][PASSED] - Text of object 'Object Repository/verifikasi/Status pending di pembelian' is: 'Pending'

2023-10-04 19:35:28 - [TEST_STEP][PASSED] - data.put("statusPem", statusPembelian): null

2023-10-04 19:35:28 - [TEST_STEP][PASSED] - OngkosKirim = getText(findTestObject("pembayaran/ongkos kirim")): Text of object 'Object Repository/pembayaran/ongkos kirim' is: 'Rp 5,000'

2023-10-04 19:35:29 - [MESSAGE][PASSED] - Text of object 'Object Repository/pembayaran/ongkos kirim' is: 'Rp 5,000'

2023-10-04 19:35:29 - [TEST_STEP][PASSED] - Ongkos = OngkosKirim.substring(3, OngkosKirim.size()): null

2023-10-04 19:35:29 - [TEST_STEP][PASSED] - rep = Ongkos.replace(",", ""): null

2023-10-04 19:35:29 - [TEST_STEP][PASSED] - Ongkos_kirimm = Integer.parseInt(rep): null

2023-10-04 19:35:29 - [TEST_STEP][PASSED] - println(Ongkos_kirimm): null

2023-10-04 19:35:29 - [TEST_STEP][PASSED] - FeeAdmin = getText(findTestObject("pembayaran/fee admin")): Text of object 'Object Repository/pembayaran/fee admin' is: 'Rp 1,500'

2023-10-04 19:35:29 - [MESSAGE][PASSED] - Text of object 'Object Repository/pembayaran/fee admin' is: 'Rp 1,500'

2023-10-04 19:35:29 - [TEST_STEP][PASSED] - Fee_Admin = FeeAdmin.substring(3, FeeAdmin.size()): null

2023-10-04 19:35:29 - [TEST_STEP][PASSED] - fee = Fee_Admin.replace(",", ""): null

2023-10-04 19:35:29 - [TEST_STEP][PASSED] - fee_adminn = Integer.parseInt(fee): null

2023-10-04 19:35:29 - [TEST_STEP][PASSED] - println(fee_adminn): null

2023-10-04 19:35:29 - [TEST_STEP][PASSED] - Subtotal = getText(findTestObject("pembayaran/subtotal")): Text of object 'Object Repository/pembayaran/subtotal' is: 'Rp 1,299'

2023-10-04 19:35:30 - [MESSAGE][PASSED] - Text of object 'Object Repository/pembayaran/subtotal' is: 'Rp 1,299'

2023-10-04 19:35:30 - [TEST_STEP][PASSED] - sub_total = Subtotal.substring(3, Subtotal.size()): null

2023-10-04 19:35:30 - [TEST_STEP][PASSED] - sub = sub_total.replace(",", ""): null

2023-10-04 19:35:30 - [TEST_STEP][PASSED] - sub_totall = Integer.parseInt(sub): null

2023-10-04 19:35:30 - [TEST_STEP][PASSED] - println(sub_totall): null

2023-10-04 19:35:30 - [TEST_STEP][PASSED] - unik = getText(findTestObject("pembayaran/kode unik")): Text of object 'Object Repository/pembayaran/kode unik' is: '+516'

2023-10-04 19:35:30 - [MESSAGE][PASSED] - Text of object 'Object Repository/pembayaran/kode unik' is: '+516'

2023-10-04 19:35:30 - [TEST_STEP][PASSED] - unikk = unik.replace("+", ""): null

2023-10-04 19:35:30 - [TEST_STEP][PASSED] - kode_unik = Integer.parseInt(unikk): null

2023-10-04 19:35:30 - [TEST_STEP][PASSED] - println(kode_unik): null

2023-10-04 19:35:30 - [TEST_STEP][PASSED] - Total = getText(findTestObject("pembayaran/total")): Text of object 'Object Repository/pembayaran/total' is: '8,315'

2023-10-04 19:35:31 - [MESSAGE][PASSED] - Text of object 'Object Repository/pembayaran/total' is: '8,315'

2023-10-04 19:35:31 - [TEST_STEP][PASSED] - total = Total.replace(",", ""): null

2023-10-04 19:35:31 - [TEST_STEP][PASSED] - totalll = Integer.parseInt(total): null

2023-10-04 19:35:31 - [TEST_STEP][PASSED] - println(totalll): null

2023-10-04 19:35:31 - [TEST_STEP][PASSED] - Total_Hargaa = Ongkos_kirimm + fee_adminn + sub_totall + kode_unik: null

2023-10-04 19:35:31 - [TEST_STEP][PASSED] - println(Total_Hargaa): null

2023-10-04 19:35:31 - [TEST_STEP][PASSED] - assert totalll == Total_Hargaa: null

2023-10-04 19:35:31 - [TEST_STEP][PASSED] - data.put("total", Total): null

2023-10-04 19:35:31 - [TEST_STEP][PASSED] - data.put("nama", NamaPemesan): null

2023-10-04 19:35:31 - [TEST_STEP][PASSED] - return data: null

2023-10-04 19:35:31 - [MESSAGE][PASSED] - Call Test Case 'Test Cases/T13 Pembelian, Shipment dan Pembayaran/PBY-001' successfully

2023-10-04 19:35:31 - [TEST_STEP][PASSED] - inv = data.get("invoice"): null

2023-10-04 19:35:31 - [TEST_STEP][PASSED] - Total = data.get("total"): null

2023-10-04 19:35:31 - [TEST_STEP][PASSED] - NamaPemesan = data.get("nama"): null

2023-10-04 19:35:31 - [TEST_STEP][PASSED] - click(findTestObject("Konfirmasi pesanan shop/Menu Shop")): Object: 'Object Repository/Konfirmasi pesanan shop/Menu Shop' is clicked on

2023-10-04 19:35:32 - [MESSAGE][PASSED] - Object: 'Object Repository/Konfirmasi pesanan shop/Menu Shop' is clicked on

2023-10-04 19:35:32 - [TEST_STEP][PASSED] - click(findTestObject("Konfirmasi pesanan shop/Menu Shop")): Object: 'Object Repository/Konfirmasi pesanan shop/Menu Shop' is clicked on

2023-10-04 19:35:33 - [MESSAGE][PASSED] - Object: 'Object Repository/Konfirmasi pesanan shop/Menu Shop' is clicked on

2023-10-04 19:35:33 - [TEST_STEP][PASSED] - click(findTestObject("Konfirmasi pesanan shop/Konfirmasi Orders")): Object: 'Object Repository/Konfirmasi pesanan shop/Konfirmasi Orders' is clicked on

2023-10-04 19:35:34 - [MESSAGE][PASSED] - Object: 'Object Repository/Konfirmasi pesanan shop/Konfirmasi Orders' is clicked on

2023-10-04 19:35:34 - [TEST_STEP][PASSED] - verifyElementPresent(findTestObject("Konfirmasi pesanan shop/Tittle Konfirmasi Pesanan"), 0): Object 'Object Repository/Konfirmasi pesanan shop/Tittle Konfirmasi Pesanan' is present

2023-10-04 19:35:34 - [MESSAGE][WARNING] - Timeout '0' is invalid. Using default page load timeout: '30'

2023-10-04 19:35:35 - [MESSAGE][PASSED] - Object 'Object Repository/Konfirmasi pesanan shop/Tittle Konfirmasi Pesanan' is present

2023-10-04 19:35:35 - [TEST_STEP][PASSED] - setText(findTestObject("Konfirmasi pesanan shop/input_No Pesanan"), inv): Text 'TRX60.20231004193516' is set on object 'Object Repository/Konfirmasi pesanan shop/input_No Pesanan'

2023-10-04 19:35:35 - [MESSAGE][PASSED] - Text 'TRX60.20231004193516' is set on object 'Object Repository/Konfirmasi pesanan shop/input_No Pesanan'

2023-10-04 19:35:35 - [TEST_STEP][PASSED] - setText(findTestObject("Konfirmasi pesanan shop/input_Alamat E-mai"), "irfan@gmail.com"): Text 'irfan@gmail.com' is set on object 'Object Repository/Konfirmasi pesanan shop/input_Alamat E-mai'

2023-10-04 19:35:36 - [MESSAGE][PASSED] - Text 'irfan@gmail.com' is set on object 'Object Repository/Konfirmasi pesanan shop/input_Alamat E-mai'

2023-10-04 19:35:36 - [TEST_STEP][PASSED] - click(findTestObject("Konfirmasi pesanan shop/button_Submit")): Object: 'Object Repository/Konfirmasi pesanan shop/button_Submit' is clicked on

2023-10-04 19:35:37 - [MESSAGE][PASSED] - Object: 'Object Repository/Konfirmasi pesanan shop/button_Submit' is clicked on

2023-10-04 19:35:37 - [TEST_STEP][PASSED] - verifyElementPresent(findTestObject("Konfirmasi pesanan shop/Tittle nomor invoice"), 0): Object 'Object Repository/Konfirmasi pesanan shop/Tittle nomor invoice' is present

2023-10-04 19:35:37 - [MESSAGE][WARNING] - Timeout '0' is invalid. Using default page load timeout: '30'

2023-10-04 19:35:38 - [MESSAGE][PASSED] - Object 'Object Repository/Konfirmasi pesanan shop/Tittle nomor invoice' is present

2023-10-04 19:35:38 - [TEST_STEP][PASSED] - setText(findTestObject("Konfirmasi pesanan shop/input_Total TagihanTransfer_b"), Total): Text '8,315' is set on object 'Object Repository/Konfirmasi pesanan shop/input_Total TagihanTransfer_b'

2023-10-04 19:35:39 - [MESSAGE][PASSED] - Text '8,315' is set on object 'Object Repository/Konfirmasi pesanan shop/input_Total TagihanTransfer_b'

2023-10-04 19:35:39 - [TEST_STEP][PASSED] - selectOptionByValue(findTestObject("Konfirmasi pesanan shop/select_Bank"), "4", false): All options with value '4' are selected in object 'Object Repository/Konfirmasi pesanan shop/select_Bank' 

2023-10-04 19:35:39 - [MESSAGE][PASSED] - All options with value '4' are selected in object 'Object Repository/Konfirmasi pesanan shop/select_Bank' 

2023-10-04 19:35:39 - [TEST_STEP][PASSED] - setText(findTestObject("Konfirmasi pesanan shop/input_Nama Pengirim_d"), NamaPemesan): Text 'irfan.afandi' is set on object 'Object Repository/Konfirmasi pesanan shop/input_Nama Pengirim_d'

2023-10-04 19:35:40 - [MESSAGE][PASSED] - Text 'irfan.afandi' is set on object 'Object Repository/Konfirmasi pesanan shop/input_Nama Pengirim_d'

2023-10-04 19:35:40 - [TEST_STEP][PASSED] - uploadFile(findTestObject("keranjang/konfirmasi/input_Upload Bukti Transfer_f"), "C:\Users\IRFAN\Downloads\Berkas2.pdf"): File 'C:\Users\IRFAN\Downloads\Berkas2.pdf' sent to object: 'Object Repository/keranjang/konfirmasi/input_Upload Bukti Transfer_f'

2023-10-04 19:35:40 - [MESSAGE][PASSED] - File 'C:\Users\IRFAN\Downloads\Berkas2.pdf' sent to object: 'Object Repository/keranjang/konfirmasi/input_Upload Bukti Transfer_f'

2023-10-04 19:35:40 - [TEST_STEP][PASSED] - click(findTestObject("Konfirmasi pesanan shop/button_Konfirmasi Pembayaran")): Object: 'Object Repository/Konfirmasi pesanan shop/button_Konfirmasi Pembayaran' is clicked on

2023-10-04 19:35:41 - [MESSAGE][PASSED] - Object: 'Object Repository/Konfirmasi pesanan shop/button_Konfirmasi Pembayaran' is clicked on

2023-10-04 19:35:41 - [TEST_STEP][PASSED] - verifyElementPresent(findTestObject("Konfirmasi pesanan shop/Tittle Konfirmasi Pesanan"), 0): Object 'Object Repository/Konfirmasi pesanan shop/Tittle Konfirmasi Pesanan' is present

2023-10-04 19:35:41 - [MESSAGE][WARNING] - Timeout '0' is invalid. Using default page load timeout: '30'

2023-10-04 19:35:42 - [MESSAGE][PASSED] - Object 'Object Repository/Konfirmasi pesanan shop/Tittle Konfirmasi Pesanan' is present

2023-10-04 19:35:42 - [TEST_STEP][PASSED] - verifyElementPresent(findTestObject("Konfirmasi pesanan shop/Tittle massage succes Konfirmasi Pembayaran Pesanan"), 0): Object 'Object Repository/Konfirmasi pesanan shop/Tittle massage succes Konfirmasi Pembayaran Pesanan' is present

2023-10-04 19:35:42 - [MESSAGE][WARNING] - Timeout '0' is invalid. Using default page load timeout: '30'

2023-10-04 19:35:42 - [MESSAGE][PASSED] - Object 'Object Repository/Konfirmasi pesanan shop/Tittle massage succes Konfirmasi Pembayaran Pesanan' is present

2023-10-04 19:35:42 - [TEST_STEP][PASSED] - return data: null

2023-10-04 19:35:42 - [MESSAGE][PASSED] - Call Test Case 'Test Cases/T13 Pembelian, Shipment dan Pembayaran/PBY-004' successfully

2023-10-04 19:35:42 - [TEST_STEP][PASSED] - navigateToUrl("https://10.9.2.63/ecommerce/administrator/"): Navigate to 'https://10.9.2.63/ecommerce/administrator/' successfully

2023-10-04 19:35:43 - [MESSAGE][PASSED] - Navigate to 'https://10.9.2.63/ecommerce/administrator/' successfully

2023-10-04 19:35:43 - [TEST_STEP][PASSED] - verifyElementPresent(findTestObject("admin/Tittle ADMIN Login"), 0): Object 'Object Repository/admin/Tittle ADMIN Login' is present

2023-10-04 19:35:43 - [MESSAGE][WARNING] - Timeout '0' is invalid. Using default page load timeout: '30'

2023-10-04 19:35:43 - [MESSAGE][PASSED] - Object 'Object Repository/admin/Tittle ADMIN Login' is present

2023-10-04 19:35:43 - [TEST_STEP][PASSED] - setText(findTestObject("admin/Username"), "admin"): Text 'admin' is set on object 'Object Repository/admin/Username'

2023-10-04 19:35:44 - [MESSAGE][PASSED] - Text 'admin' is set on object 'Object Repository/admin/Username'

2023-10-04 19:35:44 - [TEST_STEP][PASSED] - setText(findTestObject("admin/Password"), "123admin123"): Text '123admin123' is set on object 'Object Repository/admin/Password'

2023-10-04 19:35:44 - [MESSAGE][PASSED] - Text '123admin123' is set on object 'Object Repository/admin/Password'

2023-10-04 19:35:44 - [TEST_STEP][PASSED] - click(findTestObject("admin/Remember Me")): Object: 'Object Repository/admin/Remember Me' is clicked on

2023-10-04 19:35:45 - [MESSAGE][PASSED] - Object: 'Object Repository/admin/Remember Me' is clicked on

2023-10-04 19:35:45 - [TEST_STEP][PASSED] - delay(10): Delayed 10 second(s)

2023-10-04 19:35:55 - [MESSAGE][PASSED] - Delayed 10 second(s)

2023-10-04 19:35:55 - [TEST_STEP][PASSED] - click(findTestObject("admin/buttom submit")): Object: 'Object Repository/admin/buttom submit' is clicked on

2023-10-04 19:35:56 - [MESSAGE][PASSED] - Object: 'Object Repository/admin/buttom submit' is clicked on

2023-10-04 19:35:56 - [TEST_STEP][PASSED] - verifyElementPresent(findTestObject("admin/Konf order konsumen/Tittle Dashboard"), 0): Object 'Object Repository/admin/Konf order konsumen/Tittle Dashboard' is present

2023-10-04 19:35:56 - [MESSAGE][WARNING] - Timeout '0' is invalid. Using default page load timeout: '30'

2023-10-04 19:36:01 - [MESSAGE][PASSED] - Object 'Object Repository/admin/Konf order konsumen/Tittle Dashboard' is present

2023-10-04 19:36:01 - [TEST_STEP][PASSED] - click(findTestObject("admin/Konf order konsumen/Menu Transaksi Market")): Object: 'Object Repository/admin/Konf order konsumen/Menu Transaksi Market' is clicked on

2023-10-04 19:36:02 - [MESSAGE][PASSED] - Object: 'Object Repository/admin/Konf order konsumen/Menu Transaksi Market' is clicked on

2023-10-04 19:36:02 - [TEST_STEP][PASSED] - click(findTestObject("admin/Konf order konsumen/Menu Konf. Order Konsumen")): Object: 'Object Repository/admin/Konf order konsumen/Menu Konf. Order Konsumen' is clicked on

2023-10-04 19:36:05 - [MESSAGE][PASSED] - Object: 'Object Repository/admin/Konf order konsumen/Menu Konf. Order Konsumen' is clicked on

2023-10-04 19:36:05 - [TEST_STEP][PASSED] - verifyElementPresent(findTestObject("admin/Konf order konsumen/Tittle Data Konfirmasi Pembayaran Konsumen"), 0): Object 'Object Repository/admin/Konf order konsumen/Tittle Data Konfirmasi Pembayaran Konsumen' is present

2023-10-04 19:36:05 - [MESSAGE][WARNING] - Timeout '0' is invalid. Using default page load timeout: '30'

2023-10-04 19:36:12 - [MESSAGE][PASSED] - Object 'Object Repository/admin/Konf order konsumen/Tittle Data Konfirmasi Pembayaran Konsumen' is present

2023-10-04 19:36:12 - [TEST_STEP][PASSED] - inv = data.get("invoice"): null

2023-10-04 19:36:12 - [TEST_STEP][PASSED] - setText(findTestObject("admin/Konf order konsumen/Search"), inv): Text 'TRX60.20231004193516' is set on object 'Object Repository/admin/Konf order konsumen/Search'

2023-10-04 19:36:14 - [MESSAGE][PASSED] - Text 'TRX60.20231004193516' is set on object 'Object Repository/admin/Konf order konsumen/Search'

2023-10-04 19:36:14 - [TEST_STEP][PASSED] - verifyElementText(findTestObject("admin/Konf order konsumen/Keterangan Lunas"), "Lunas"): Actual text and expected text of test object 'Object Repository/admin/Konf order konsumen/Keterangan Lunas' are matched.

2023-10-04 19:36:14 - [MESSAGE][PASSED] - Actual text and expected text of test object 'Object Repository/admin/Konf order konsumen/Keterangan Lunas' are matched.

2023-10-04 19:36:14 - [TEST_STEP][PASSED] - return data: null

2023-10-04 19:36:14 - [MESSAGE][PASSED] - Call Test Case 'Test Cases/T13 Pembelian, Shipment dan Pembayaran/PBYA-001' successfully

2023-10-04 19:36:14 - [TEST_STEP][PASSED] - click(findTestObject("admin/Penjualan ke konsumen/buttom Dashboard")): Object: 'Object Repository/admin/Penjualan ke konsumen/buttom Dashboard' is clicked on

2023-10-04 19:36:15 - [MESSAGE][PASSED] - Object: 'Object Repository/admin/Penjualan ke konsumen/buttom Dashboard' is clicked on

2023-10-04 19:36:15 - [TEST_STEP][PASSED] - click(findTestObject("admin/Konf order konsumen/Menu Transaksi Market")): Object: 'Object Repository/admin/Konf order konsumen/Menu Transaksi Market' is clicked on

2023-10-04 19:36:20 - [MESSAGE][PASSED] - Object: 'Object Repository/admin/Konf order konsumen/Menu Transaksi Market' is clicked on

2023-10-04 19:36:20 - [TEST_STEP][PASSED] - click(findTestObject("admin/Penjualan ke konsumen/a_Penjualan ke Konsumen")): Object: 'Object Repository/admin/Penjualan ke konsumen/a_Penjualan ke Konsumen' is clicked on

2023-10-04 19:36:21 - [MESSAGE][PASSED] - Object: 'Object Repository/admin/Penjualan ke konsumen/a_Penjualan ke Konsumen' is clicked on

2023-10-04 19:36:21 - [TEST_STEP][PASSED] - verifyElementPresent(findTestObject("admin/Tittle Data Transaksi Penjualan  Orderan Konsumen"), 0): Object 'Object Repository/admin/Tittle Data Transaksi Penjualan  Orderan Konsumen' is present

2023-10-04 19:36:22 - [MESSAGE][WARNING] - Timeout '0' is invalid. Using default page load timeout: '30'

2023-10-04 19:36:28 - [MESSAGE][PASSED] - Object 'Object Repository/admin/Tittle Data Transaksi Penjualan  Orderan Konsumen' is present

2023-10-04 19:36:28 - [TEST_STEP][PASSED] - return data: null

2023-10-04 19:36:28 - [MESSAGE][PASSED] - Call Test Case 'Test Cases/T13 Pembelian, Shipment dan Pembayaran/SA-001' successfully

2023-10-04 19:36:28 - [TEST_STEP][PASSED] - inv = data.get("invoice"): null

2023-10-04 19:36:28 - [TEST_STEP][PASSED] - setText(findTestObject("admin/Penjualan ke konsumen/Search"), inv): Text 'TRX60.20231004193516' is set on object 'Object Repository/admin/Penjualan ke konsumen/Search'

2023-10-04 19:36:30 - [MESSAGE][PASSED] - Text 'TRX60.20231004193516' is set on object 'Object Repository/admin/Penjualan ke konsumen/Search'

2023-10-04 19:36:30 - [TEST_STEP][PASSED] - click(findTestObject("admin/Penjualan ke konsumen/buttom konfirmasi pending payment")): Object: 'Object Repository/admin/Penjualan ke konsumen/buttom konfirmasi pending payment' is clicked on

2023-10-04 19:36:31 - [MESSAGE][PASSED] - Object: 'Object Repository/admin/Penjualan ke konsumen/buttom konfirmasi pending payment' is clicked on

2023-10-04 19:36:31 - [TEST_STEP][PASSED] - acceptAlert(STOP_ON_FAILURE): Alert accepted

2023-10-04 19:36:31 - [MESSAGE][PASSED] - Alert accepted

2023-10-04 19:36:31 - [TEST_STEP][PASSED] - setText(findTestObject("admin/Penjualan ke konsumen/Search"), inv): Text 'TRX60.20231004193516' is set on object 'Object Repository/admin/Penjualan ke konsumen/Search'

2023-10-04 19:36:31 - [MESSAGE][PASSED] - Text 'TRX60.20231004193516' is set on object 'Object Repository/admin/Penjualan ke konsumen/Search'

2023-10-04 19:36:31 - [TEST_STEP][PASSED] - verifyTextNotPresent("pending payment", false): Text 'pending payment' is not present on page

2023-10-04 19:36:32 - [MESSAGE][PASSED] - Text 'pending payment' is not present on page

2023-10-04 19:36:32 - [TEST_STEP][PASSED] - return data: null

2023-10-04 19:36:32 - [MESSAGE][PASSED] - Call Test Case 'Test Cases/T13 Pembelian, Shipment dan Pembayaran/SA-002' successfully

2023-10-04 19:36:32 - [TEST_STEP][PASSED] - click(findTestObject("admin/Penjualan ke konsumen/buttom scroldown")): Object: 'Object Repository/admin/Penjualan ke konsumen/buttom scroldown' is clicked on

2023-10-04 19:36:32 - [MESSAGE][PASSED] - Object: 'Object Repository/admin/Penjualan ke konsumen/buttom scroldown' is clicked on

2023-10-04 19:36:32 - [TEST_STEP][PASSED] - click(findTestObject("Edit Detail Data Transaksi/buttom edit")): Object: 'Object Repository/Edit Detail Data Transaksi/buttom edit' is clicked on

2023-10-04 19:36:38 - [MESSAGE][PASSED] - Object: 'Object Repository/Edit Detail Data Transaksi/buttom edit' is clicked on

2023-10-04 19:36:38 - [TEST_STEP][PASSED] - verifyElementPresent(findTestObject("Edit Detail Data Transaksi/Edit Detail Transaksi Penjualan"), 0): Object 'Object Repository/Edit Detail Data Transaksi/Edit Detail Transaksi Penjualan' is present

2023-10-04 19:36:38 - [MESSAGE][WARNING] - Timeout '0' is invalid. Using default page load timeout: '30'

2023-10-04 19:36:45 - [MESSAGE][PASSED] - Object 'Object Repository/Edit Detail Data Transaksi/Edit Detail Transaksi Penjualan' is present

2023-10-04 19:36:45 - [TEST_STEP][PASSED] - click(findTestObject("Edit Detail Data Transaksi/buttom edit detail")): Object: 'Object Repository/Edit Detail Data Transaksi/buttom edit detail' is clicked on

2023-10-04 19:36:46 - [MESSAGE][PASSED] - Object: 'Object Repository/Edit Detail Data Transaksi/buttom edit detail' is clicked on

2023-10-04 19:36:46 - [TEST_STEP][PASSED] - setText(findTestObject("Edit Detail Data Transaksi/input_Action_dd"), jumlah): Text '2' is set on object 'Object Repository/Edit Detail Data Transaksi/input_Action_dd'

2023-10-04 19:36:53 - [MESSAGE][PASSED] - Text '2' is set on object 'Object Repository/Edit Detail Data Transaksi/input_Action_dd'

2023-10-04 19:36:53 - [TEST_STEP][PASSED] - click(findTestObject("Edit Detail Data Transaksi/button_Action_centang")): Object: 'Object Repository/Edit Detail Data Transaksi/button_Action_centang' is clicked on

2023-10-04 19:36:54 - [MESSAGE][PASSED] - Object: 'Object Repository/Edit Detail Data Transaksi/button_Action_centang' is clicked on

2023-10-04 19:36:54 - [TEST_STEP][PASSED] - edit2 = getText(findTestObject("Edit Detail Data Transaksi/edit detail 2")): Text of object 'Object Repository/Edit Detail Data Transaksi/edit detail 2' is: '2'

2023-10-04 19:37:01 - [MESSAGE][PASSED] - Text of object 'Object Repository/Edit Detail Data Transaksi/edit detail 2' is: '2'

2023-10-04 19:37:01 - [TEST_STEP][PASSED] - click(findTestObject("Edit Detail Data Transaksi/buttom simpan data")): Object: 'Object Repository/Edit Detail Data Transaksi/buttom simpan data' is clicked on

2023-10-04 19:37:02 - [MESSAGE][PASSED] - Object: 'Object Repository/Edit Detail Data Transaksi/buttom simpan data' is clicked on

2023-10-04 19:37:02 - [TEST_STEP][PASSED] - click(findTestObject("Edit Detail Data Transaksi/buttom Selesai")): Object: 'Object Repository/Edit Detail Data Transaksi/buttom Selesai' is clicked on

2023-10-04 19:37:10 - [MESSAGE][PASSED] - Object: 'Object Repository/Edit Detail Data Transaksi/buttom Selesai' is clicked on

2023-10-04 19:37:10 - [TEST_STEP][PASSED] - inv = data.get("invoice"): null

2023-10-04 19:37:10 - [TEST_STEP][PASSED] - setText(findTestObject("admin/Penjualan ke konsumen/Search"), inv): Text 'TRX60.20231004193516' is set on object 'Object Repository/admin/Penjualan ke konsumen/Search'

2023-10-04 19:37:17 - [MESSAGE][PASSED] - Text 'TRX60.20231004193516' is set on object 'Object Repository/admin/Penjualan ke konsumen/Search'

2023-10-04 19:37:17 - [TEST_STEP][PASSED] - assert jumlah == edit2: null

2023-10-04 19:37:17 - [TEST_STEP][PASSED] - return data: null]]></system-out>
         <system-err><![CDATA[]]></system-err>
      </testcase>
      <testcase name="Test Cases/T13 Pembelian, Shipment dan Pembayaran/SA-009" time="123.923" classname="Test Cases/T13 Pembelian, Shipment dan Pembayaran/SA-009" status="PASSED">
         <system-out><![CDATA[2023-10-04 19:37:17 - [TEST_CASE][PASSED] - Test Cases/T13 Pembelian, Shipment dan Pembayaran/SA-009: Test Cases/T13 Pembelian, Shipment dan Pembayaran/SA-009

2023-10-04 19:37:17 - [TEST_STEP][PASSED] - data = callTestCase(findTestCase("T13 Pembelian, Shipment dan Pembayaran/SA-002"), [:], STOP_ON_FAILURE): Call Test Case 'Test Cases/T13 Pembelian, Shipment dan Pembayaran/SA-002' successfully

2023-10-04 19:37:17 - [TEST_CASE][PASSED] - Test Cases/T13 Pembelian, Shipment dan Pembayaran/SA-002: Test Cases/T13 Pembelian, Shipment dan Pembayaran/SA-002

2023-10-04 19:37:17 - [TEST_STEP][PASSED] - data = callTestCase(findTestCase("T13 Pembelian, Shipment dan Pembayaran/SA-001"), [:], STOP_ON_FAILURE): Call Test Case 'Test Cases/T13 Pembelian, Shipment dan Pembayaran/SA-001' successfully

2023-10-04 19:37:17 - [TEST_CASE][PASSED] - Test Cases/T13 Pembelian, Shipment dan Pembayaran/SA-001: Test Cases/T13 Pembelian, Shipment dan Pembayaran/SA-001

2023-10-04 19:37:17 - [TEST_STEP][PASSED] - data = callTestCase(findTestCase("T13 Pembelian, Shipment dan Pembayaran/PBYA-001"), [:], STOP_ON_FAILURE): Call Test Case 'Test Cases/T13 Pembelian, Shipment dan Pembayaran/PBYA-001' successfully

2023-10-04 19:37:17 - [TEST_CASE][PASSED] - Test Cases/T13 Pembelian, Shipment dan Pembayaran/PBYA-001: Test Cases/T13 Pembelian, Shipment dan Pembayaran/PBYA-001

2023-10-04 19:37:17 - [TEST_STEP][PASSED] - data = callTestCase(findTestCase("T13 Pembelian, Shipment dan Pembayaran/PBY-004"), [:], STOP_ON_FAILURE): Call Test Case 'Test Cases/T13 Pembelian, Shipment dan Pembayaran/PBY-004' successfully

2023-10-04 19:37:18 - [TEST_CASE][PASSED] - Test Cases/T13 Pembelian, Shipment dan Pembayaran/PBY-004: Test Cases/T13 Pembelian, Shipment dan Pembayaran/PBY-004

2023-10-04 19:37:18 - [TEST_STEP][PASSED] - data = callTestCase(findTestCase("T13 Pembelian, Shipment dan Pembayaran/PBY-001"), [:], STOP_ON_FAILURE): Call Test Case 'Test Cases/T13 Pembelian, Shipment dan Pembayaran/PBY-001' successfully

2023-10-04 19:37:18 - [TEST_CASE][PASSED] - Test Cases/T13 Pembelian, Shipment dan Pembayaran/PBY-001: Test Cases/T13 Pembelian, Shipment dan Pembayaran/PBY-001

2023-10-04 19:37:18 - [TEST_STEP][PASSED] - data = callTestCase(findTestCase("T13 Pembelian, Shipment dan Pembayaran/PBL-004"), ["Kurir":"Roda 2"], STOP_ON_FAILURE): Call Test Case 'Test Cases/T13 Pembelian, Shipment dan Pembayaran/PBL-004' successfully

2023-10-04 19:37:18 - [TEST_CASE][PASSED] - Test Cases/T13 Pembelian, Shipment dan Pembayaran/PBL-004: Test Cases/T13 Pembelian, Shipment dan Pembayaran/PBL-004

2023-10-04 19:37:18 - [TEST_STEP][PASSED] - data = callTestCase(findTestCase("T13 Pembelian, Shipment dan Pembayaran/PBL-002"), [:], STOP_ON_FAILURE): Call Test Case 'Test Cases/T13 Pembelian, Shipment dan Pembayaran/PBL-002' successfully

2023-10-04 19:37:18 - [TEST_CASE][PASSED] - Test Cases/T13 Pembelian, Shipment dan Pembayaran/PBL-002: Test Cases/T13 Pembelian, Shipment dan Pembayaran/PBL-002

2023-10-04 19:37:18 - [TEST_STEP][PASSED] - data = callTestCase(findTestCase("T13 Pembelian, Shipment dan Pembayaran/PBL-001"), [:], STOP_ON_FAILURE): Call Test Case 'Test Cases/T13 Pembelian, Shipment dan Pembayaran/PBL-001' successfully

2023-10-04 19:37:18 - [TEST_CASE][PASSED] - Test Cases/T13 Pembelian, Shipment dan Pembayaran/PBL-001: Test Cases/T13 Pembelian, Shipment dan Pembayaran/PBL-001

2023-10-04 19:37:18 - [TEST_STEP][PASSED] - callTestCase(findTestCase("T13 Pembelian, Shipment dan Pembayaran/LU-001"), ["username":"irfanafandi", "password":"12345irfan"], STOP_ON_FAILURE): Call Test Case 'Test Cases/T13 Pembelian, Shipment dan Pembayaran/LU-001' successfully

2023-10-04 19:37:18 - [TEST_CASE][PASSED] - Test Cases/T13 Pembelian, Shipment dan Pembayaran/LU-001: Test Cases/T13 Pembelian, Shipment dan Pembayaran/LU-001

2023-10-04 19:37:18 - [TEST_STEP][PASSED] - openBrowser("https://10.9.2.63/ecommerce/"): Browser is opened with url: 'https://10.9.2.63/ecommerce/'

2023-10-04 19:37:18 - [MESSAGE][WARNING] - A browser is already opened. Closing browser and opening a new one

2023-10-04 19:37:20 - [MESSAGE][INFO] - Starting 'Firefox' driver

2023-10-04 19:37:20 - [MESSAGE][INFO] - User set preference: ['args', '[--disable-notifications]']

2023-10-04 19:37:20 - [MESSAGE][INFO] - Action delay is set to 0 milliseconds

2023-10-04 19:37:25 - [MESSAGE][PASSED] - Browser is opened with url: 'https://10.9.2.63/ecommerce/'

2023-10-04 19:37:25 - [TEST_STEP][PASSED] - maximizeWindow(): Current window maximized

2023-10-04 19:37:25 - [MESSAGE][PASSED] - Current window maximized

2023-10-04 19:37:25 - [TEST_STEP][PASSED] - verifyElementPresent(findTestObject("Login/Home"), 0): Object 'Object Repository/Login/Home' is present

2023-10-04 19:37:25 - [MESSAGE][WARNING] - Timeout '0' is invalid. Using default page load timeout: '30'

2023-10-04 19:37:26 - [MESSAGE][PASSED] - Object 'Object Repository/Login/Home' is present

2023-10-04 19:37:26 - [TEST_STEP][PASSED] - click(findTestObject("Login/a_Login")): Object: 'Object Repository/Login/a_Login' is clicked on

2023-10-04 19:37:27 - [MESSAGE][PASSED] - Object: 'Object Repository/Login/a_Login' is clicked on

2023-10-04 19:37:27 - [TEST_STEP][PASSED] - verifyElementPresent(findTestObject("Login/Tittle Login"), 0): Object 'Object Repository/Login/Tittle Login' is present

2023-10-04 19:37:27 - [MESSAGE][WARNING] - Timeout '0' is invalid. Using default page load timeout: '30'

2023-10-04 19:37:27 - [MESSAGE][PASSED] - Object 'Object Repository/Login/Tittle Login' is present

2023-10-04 19:37:27 - [TEST_STEP][PASSED] - setText(findTestObject("Login/input_Username, Email atau No. Handphone_a"), username): Text 'irfanafandi' is set on object 'Object Repository/Login/input_Username, Email atau No. Handphone_a'

2023-10-04 19:37:28 - [MESSAGE][PASSED] - Text 'irfanafandi' is set on object 'Object Repository/Login/input_Username, Email atau No. Handphone_a'

2023-10-04 19:37:28 - [TEST_STEP][PASSED] - setText(findTestObject("Login/input_Password_b"), password): Text '12345irfan' is set on object 'Object Repository/Login/input_Password_b'

2023-10-04 19:37:28 - [MESSAGE][PASSED] - Text '12345irfan' is set on object 'Object Repository/Login/input_Password_b'

2023-10-04 19:37:28 - [TEST_STEP][PASSED] - click(findTestObject("Login/label_Ingat saya")): Object: 'Object Repository/Login/label_Ingat saya' is clicked on

2023-10-04 19:37:29 - [MESSAGE][PASSED] - Object: 'Object Repository/Login/label_Ingat saya' is clicked on

2023-10-04 19:37:29 - [TEST_STEP][PASSED] - click(findTestObject("Login/button_Masuk")): Object: 'Object Repository/Login/button_Masuk' is clicked on

2023-10-04 19:37:30 - [MESSAGE][PASSED] - Object: 'Object Repository/Login/button_Masuk' is clicked on

2023-10-04 19:37:30 - [TEST_STEP][PASSED] - verifyElementPresent(findTestObject("Login/li_Profile"), 0): Object 'Object Repository/Login/li_Profile' is present

2023-10-04 19:37:30 - [MESSAGE][WARNING] - Timeout '0' is invalid. Using default page load timeout: '30'

2023-10-04 19:37:31 - [MESSAGE][PASSED] - Object 'Object Repository/Login/li_Profile' is present

2023-10-04 19:37:31 - [MESSAGE][PASSED] - Call Test Case 'Test Cases/T13 Pembelian, Shipment dan Pembayaran/LU-001' successfully

2023-10-04 19:37:31 - [TEST_STEP][PASSED] - mouseOver(findTestObject("beli barang/i_Mulai Belanja_icon-menu")): Object: 'Object Repository/beli barang/i_Mulai Belanja_icon-menu' is hovered

2023-10-04 19:37:31 - [MESSAGE][PASSED] - Object: 'Object Repository/beli barang/i_Mulai Belanja_icon-menu' is hovered

2023-10-04 19:37:31 - [TEST_STEP][PASSED] - click(findTestObject("beli barang/a_Fashion  Busana Wanita")): Object: 'Object Repository/beli barang/a_Fashion  Busana Wanita' is clicked on

2023-10-04 19:37:32 - [MESSAGE][PASSED] - Object: 'Object Repository/beli barang/a_Fashion  Busana Wanita' is clicked on

2023-10-04 19:37:32 - [TEST_STEP][PASSED] - NamaSebelum = getText(findTestObject("verifikasi/Nama sebelum")): Text of object 'Object Repository/verifikasi/Nama sebelum' is: ''

2023-10-04 19:37:33 - [MESSAGE][PASSED] - Text of object 'Object Repository/verifikasi/Nama sebelum' is: ''

2023-10-04 19:37:33 - [TEST_STEP][PASSED] - HargaSebelum = getText(findTestObject("verifikasi/Harga sebelum")): Text of object 'Object Repository/verifikasi/Harga sebelum' is: 'Rp 1,299'

2023-10-04 19:37:33 - [MESSAGE][PASSED] - Text of object 'Object Repository/verifikasi/Harga sebelum' is: 'Rp 1,299'

2023-10-04 19:37:33 - [TEST_STEP][PASSED] - mouseOver(findTestObject("beli barang/barang mouse over")): Object: 'Object Repository/beli barang/barang mouse over' is hovered

2023-10-04 19:37:34 - [MESSAGE][PASSED] - Object: 'Object Repository/beli barang/barang mouse over' is hovered

2023-10-04 19:37:34 - [TEST_STEP][PASSED] - click(findTestObject("beli barang/buttom add to cart")): Object: 'Object Repository/beli barang/buttom add to cart' is clicked on

2023-10-04 19:37:35 - [MESSAGE][PASSED] - Object: 'Object Repository/beli barang/buttom add to cart' is clicked on

2023-10-04 19:37:35 - [TEST_STEP][PASSED] - NamaSesudah = getText(findTestObject("verifikasi/Nama sesudah")): Text of object 'Object Repository/verifikasi/Nama sesudah' is: 'Segitiga Instan Madeira - MDB5.3 Sunset'

2023-10-04 19:37:36 - [MESSAGE][PASSED] - Text of object 'Object Repository/verifikasi/Nama sesudah' is: 'Segitiga Instan Madeira - MDB5.3 Sunset'

2023-10-04 19:37:36 - [TEST_STEP][PASSED] - HargaSesudah = getText(findTestObject("verifikasi/Harga sesudah")): Text of object 'Object Repository/verifikasi/Harga sesudah' is: 'Rp 1,299'

2023-10-04 19:37:36 - [MESSAGE][PASSED] - Text of object 'Object Repository/verifikasi/Harga sesudah' is: 'Rp 1,299'

2023-10-04 19:37:36 - [TEST_STEP][PASSED] - assert NamaSesudah.contains(NamaSebelum): null

2023-10-04 19:37:36 - [TEST_STEP][PASSED] - assert HargaSesudah.contains(HargaSebelum): null

2023-10-04 19:37:36 - [TEST_STEP][PASSED] - click(findTestObject("beli barang/Tambah Keranjang busana wanita")): Object: 'Object Repository/beli barang/Tambah Keranjang busana wanita' is clicked on

2023-10-04 19:37:37 - [MESSAGE][PASSED] - Object: 'Object Repository/beli barang/Tambah Keranjang busana wanita' is clicked on

2023-10-04 19:37:37 - [TEST_STEP][PASSED] - verifyElementPresent(findTestObject("checkout/Notifikasi keranjang"), 1): Object 'Object Repository/checkout/Notifikasi keranjang' is present

2023-10-04 19:37:38 - [MESSAGE][PASSED] - Object 'Object Repository/checkout/Notifikasi keranjang' is present

2023-10-04 19:37:38 - [TEST_STEP][PASSED] - data = new java.util.HashMap(): null

2023-10-04 19:37:38 - [TEST_STEP][PASSED] - data.put("nama_barang", NamaSesudah): null

2023-10-04 19:37:38 - [TEST_STEP][PASSED] - data.put("price_barang", HargaSesudah): null

2023-10-04 19:37:38 - [TEST_STEP][PASSED] - return data: null

2023-10-04 19:37:38 - [MESSAGE][PASSED] - Call Test Case 'Test Cases/T13 Pembelian, Shipment dan Pembayaran/PBL-001' successfully

2023-10-04 19:37:38 - [TEST_STEP][PASSED] - mouseOver(findTestObject("beli barang/keranjang")): Object: 'Object Repository/beli barang/keranjang' is hovered

2023-10-04 19:37:38 - [MESSAGE][PASSED] - Object: 'Object Repository/beli barang/keranjang' is hovered

2023-10-04 19:37:38 - [TEST_STEP][PASSED] - click(findTestObject("beli barang/Lihat Sekarang")): Object: 'Object Repository/beli barang/Lihat Sekarang' is clicked on

2023-10-04 19:37:39 - [MESSAGE][PASSED] - Object: 'Object Repository/beli barang/Lihat Sekarang' is clicked on

2023-10-04 19:37:39 - [TEST_STEP][PASSED] - verifyElementPresent(findTestObject("keranjang/li_Keranjang Belanja"), 0): Object 'Object Repository/keranjang/li_Keranjang Belanja' is present

2023-10-04 19:37:39 - [MESSAGE][WARNING] - Timeout '0' is invalid. Using default page load timeout: '30'

2023-10-04 19:37:40 - [MESSAGE][PASSED] - Object 'Object Repository/keranjang/li_Keranjang Belanja' is present

2023-10-04 19:37:40 - [TEST_STEP][PASSED] - NamaKeranjang = getText(findTestObject("verifikasi/Nama keranjang")): Text of object 'Object Repository/verifikasi/Nama keranjang' is: 'Segitiga Instan Madeira - MDB5.3 Sunset'

2023-10-04 19:37:40 - [MESSAGE][PASSED] - Text of object 'Object Repository/verifikasi/Nama keranjang' is: 'Segitiga Instan Madeira - MDB5.3 Sunset'

2023-10-04 19:37:40 - [TEST_STEP][PASSED] - HargaKeranjang = getText(findTestObject("verifikasi/Harga Keranjang")): Text of object 'Object Repository/verifikasi/Harga Keranjang' is: 'Rp 1,299'

2023-10-04 19:37:41 - [MESSAGE][PASSED] - Text of object 'Object Repository/verifikasi/Harga Keranjang' is: 'Rp 1,299'

2023-10-04 19:37:41 - [TEST_STEP][PASSED] - if (toString().equalsIgnoreCase("Merah")): Object 'Object Repository/keranjang/input_Warna_variasi101' is checked

2023-10-04 19:37:41 - [TEST_STEP][PASSED] - check(findTestObject("Object Repository/keranjang/input_Warna_variasi101")): Object 'Object Repository/keranjang/input_Warna_variasi101' is checked

2023-10-04 19:37:41 - [MESSAGE][PASSED] - Object 'Object Repository/keranjang/input_Warna_variasi101' is checked

2023-10-04 19:37:41 - [TEST_STEP][PASSED] - if (toString().equalsIgnoreCase("Menengah")): Object 'Object Repository/keranjang/input_Ukuran_variasi201' is checked

2023-10-04 19:37:41 - [TEST_STEP][PASSED] - check(findTestObject("Object Repository/keranjang/input_Ukuran_variasi201")): Object 'Object Repository/keranjang/input_Ukuran_variasi201' is checked

2023-10-04 19:37:42 - [MESSAGE][PASSED] - Object 'Object Repository/keranjang/input_Ukuran_variasi201' is checked

2023-10-04 19:37:42 - [TEST_STEP][PASSED] - data.put("Warna", warna): null

2023-10-04 19:37:42 - [TEST_STEP][PASSED] - data.put("Ukuran", ukuran): null

2023-10-04 19:37:42 - [TEST_STEP][PASSED] - click(findTestObject("keranjang/button_Lanjut ke Pembayaran")): Object: 'Object Repository/keranjang/button_Lanjut ke Pembayaran' is clicked on

2023-10-04 19:37:44 - [MESSAGE][PASSED] - Object: 'Object Repository/keranjang/button_Lanjut ke Pembayaran' is clicked on

2023-10-04 19:37:44 - [TEST_STEP][PASSED] - verifyElementPresent(findTestObject("checkout/Tittle Checkout Order"), 0): Object 'Object Repository/checkout/Tittle Checkout Order' is present

2023-10-04 19:37:44 - [MESSAGE][WARNING] - Timeout '0' is invalid. Using default page load timeout: '30'

2023-10-04 19:37:44 - [MESSAGE][PASSED] - Object 'Object Repository/checkout/Tittle Checkout Order' is present

2023-10-04 19:37:44 - [TEST_STEP][PASSED] - name_product = data.get("nama_barang"): null

2023-10-04 19:37:44 - [TEST_STEP][PASSED] - price_product = data.get("price_barang"): null

2023-10-04 19:37:44 - [TEST_STEP][PASSED] - assert name_product == NamaKeranjang: null

2023-10-04 19:37:44 - [TEST_STEP][PASSED] - assert price_product == HargaKeranjang: null

2023-10-04 19:37:44 - [TEST_STEP][PASSED] - return data: null

2023-10-04 19:37:44 - [MESSAGE][PASSED] - Call Test Case 'Test Cases/T13 Pembelian, Shipment dan Pembayaran/PBL-002' successfully

2023-10-04 19:37:44 - [TEST_STEP][PASSED] - warnaa = getText(findTestObject("verifikasi/warna Merah")): Text of object 'Object Repository/verifikasi/warna Merah' is: 'Merah'

2023-10-04 19:37:44 - [MESSAGE][PASSED] - Text of object 'Object Repository/verifikasi/warna Merah' is: 'Merah'

2023-10-04 19:37:44 - [TEST_STEP][PASSED] - ukurann = getText(findTestObject("verifikasi/Ukuran Menengah")): Text of object 'Object Repository/verifikasi/Ukuran Menengah' is: 'Menengah'

2023-10-04 19:37:45 - [MESSAGE][PASSED] - Text of object 'Object Repository/verifikasi/Ukuran Menengah' is: 'Menengah'

2023-10-04 19:37:45 - [TEST_STEP][PASSED] - warna1 = data.get("Warna"): null

2023-10-04 19:37:45 - [TEST_STEP][PASSED] - ukuran1 = data.get("Ukuran"): null

2023-10-04 19:37:45 - [TEST_STEP][PASSED] - assert warnaa == warna1: null

2023-10-04 19:37:45 - [TEST_STEP][PASSED] - assert ukurann == ukuran1: null

2023-10-04 19:37:45 - [TEST_STEP][PASSED] - NamaCheckout = getText(findTestObject("verifikasi/NamaCheckout")): Text of object 'Object Repository/verifikasi/NamaCheckout' is: ''

2023-10-04 19:37:45 - [MESSAGE][PASSED] - Text of object 'Object Repository/verifikasi/NamaCheckout' is: ''

2023-10-04 19:37:45 - [TEST_STEP][PASSED] - HargaCheckout = getText(findTestObject("verifikasi/HargaCheckout")): Text of object 'Object Repository/verifikasi/HargaCheckout' is: '1,299'

2023-10-04 19:37:45 - [MESSAGE][PASSED] - Text of object 'Object Repository/verifikasi/HargaCheckout' is: '1,299'

2023-10-04 19:37:45 - [TEST_STEP][PASSED] - name_product = data.get("nama_barang"): null

2023-10-04 19:37:45 - [TEST_STEP][PASSED] - price_product = data.get("price_barang"): null

2023-10-04 19:37:45 - [TEST_STEP][PASSED] - assert name_product.contains(NamaCheckout): null

2023-10-04 19:37:45 - [TEST_STEP][PASSED] - assert price_product.contains(HargaCheckout): null

2023-10-04 19:37:45 - [TEST_STEP][PASSED] - selectOptionByLabel(findTestObject("checkout/select - Kirim via Kurir Lokal"), Kurir, false): All options with label 'Roda 2' are selected in object 'Object Repository/checkout/select - Kirim via Kurir Lokal' 

2023-10-04 19:37:46 - [MESSAGE][PASSED] - All options with label 'Roda 2' are selected in object 'Object Repository/checkout/select - Kirim via Kurir Lokal' 

2023-10-04 19:37:46 - [TEST_STEP][PASSED] - click(findTestObject("checkout/Kendaraan Kurir")): Object: 'Object Repository/checkout/Kendaraan Kurir' is clicked on

2023-10-04 19:37:47 - [MESSAGE][PASSED] - Object: 'Object Repository/checkout/Kendaraan Kurir' is clicked on

2023-10-04 19:37:47 - [TEST_STEP][PASSED] - OngkosKirim = getText(findTestObject("Object Repository/verifikasi/Ongkos Kirim checkout")): Text of object 'Object Repository/verifikasi/Ongkos Kirim checkout' is: 'Rp. 5,000'

2023-10-04 19:37:47 - [MESSAGE][PASSED] - Text of object 'Object Repository/verifikasi/Ongkos Kirim checkout' is: 'Rp. 5,000'

2023-10-04 19:37:47 - [TEST_STEP][PASSED] - Ongkos = OngkosKirim.substring(3, OngkosKirim.size()): null

2023-10-04 19:37:47 - [TEST_STEP][PASSED] - rep = Ongkos.replace(",", "."): null

2023-10-04 19:37:47 - [TEST_STEP][PASSED] - Ongkos_kirim = Double.parseDouble(rep): null

2023-10-04 19:37:47 - [TEST_STEP][PASSED] - println(Ongkos_kirim): null

2023-10-04 19:37:47 - [TEST_STEP][PASSED] - FeeAdmin = getText(findTestObject("verifikasi/Fee Admin checkout")): Text of object 'Object Repository/verifikasi/Fee Admin checkout' is: 'Fee Admin
Rp 1,500'

2023-10-04 19:37:47 - [MESSAGE][PASSED] - Text of object 'Object Repository/verifikasi/Fee Admin checkout' is: 'Fee Admin
Rp 1,500'

2023-10-04 19:37:47 - [TEST_STEP][PASSED] - Fee_Admin = FeeAdmin.substring(12, FeeAdmin.size()): null

2023-10-04 19:37:47 - [TEST_STEP][PASSED] - fee = Fee_Admin.replace(",", "."): null

2023-10-04 19:37:47 - [TEST_STEP][PASSED] - fee_admin = Double.parseDouble(fee): null

2023-10-04 19:37:47 - [TEST_STEP][PASSED] - println(fee_admin): null

2023-10-04 19:37:47 - [TEST_STEP][PASSED] - Subtotal = getText(findTestObject("verifikasi/subtotal checkout")): Text of object 'Object Repository/verifikasi/subtotal checkout' is: 'Subtotal
Rp 1,299'

2023-10-04 19:37:48 - [MESSAGE][PASSED] - Text of object 'Object Repository/verifikasi/subtotal checkout' is: 'Subtotal
Rp 1,299'

2023-10-04 19:37:48 - [TEST_STEP][PASSED] - sub_total = Subtotal.substring(12, Subtotal.size()): null

2023-10-04 19:37:48 - [TEST_STEP][PASSED] - sub = sub_total.replace(",", "."): null

2023-10-04 19:37:48 - [TEST_STEP][PASSED] - sub_total = Double.parseDouble(sub): null

2023-10-04 19:37:48 - [TEST_STEP][PASSED] - println(sub_total): null

2023-10-04 19:37:48 - [TEST_STEP][PASSED] - Total = getText(findTestObject("verifikasi/Total checkout")): Text of object 'Object Repository/verifikasi/Total checkout' is: 'Rp 7,799'

2023-10-04 19:37:48 - [MESSAGE][PASSED] - Text of object 'Object Repository/verifikasi/Total checkout' is: 'Rp 7,799'

2023-10-04 19:37:48 - [TEST_STEP][PASSED] - totall = Total.substring(3, Total.size()): null

2023-10-04 19:37:48 - [TEST_STEP][PASSED] - total = totall.replace(",", "."): null

2023-10-04 19:37:48 - [TEST_STEP][PASSED] - totall = Double.parseDouble(total): null

2023-10-04 19:37:48 - [TEST_STEP][PASSED] - println(totall): null

2023-10-04 19:37:48 - [TEST_STEP][PASSED] - Total_Harga = Ongkos_kirim + fee_admin + sub_total: null

2023-10-04 19:37:48 - [TEST_STEP][PASSED] - println(Total_Harga): null

2023-10-04 19:37:48 - [TEST_STEP][PASSED] - TotalHarga = Math.round(Total_Harga * 1000) / 1000: null

2023-10-04 19:37:48 - [TEST_STEP][PASSED] - println(TotalHarga): null

2023-10-04 19:37:48 - [TEST_STEP][PASSED] - assert totall == TotalHarga: null

2023-10-04 19:37:48 - [TEST_STEP][PASSED] - click(findTestObject("verifikasi/Metode Transfer")): Object: 'Object Repository/verifikasi/Metode Transfer' is clicked on

2023-10-04 19:37:49 - [MESSAGE][PASSED] - Object: 'Object Repository/verifikasi/Metode Transfer' is clicked on

2023-10-04 19:37:49 - [TEST_STEP][PASSED] - click(findTestObject("checkout/button_Proses Pembayaran")): Object: 'Object Repository/checkout/button_Proses Pembayaran' is clicked on

2023-10-04 19:37:54 - [MESSAGE][PASSED] - Object: 'Object Repository/checkout/button_Proses Pembayaran' is clicked on

2023-10-04 19:37:54 - [TEST_STEP][PASSED] - verifyElementPresent(findTestObject("pembayaran/Tittle nomor invoice"), 0): Object 'Object Repository/pembayaran/Tittle nomor invoice' is present

2023-10-04 19:37:54 - [MESSAGE][WARNING] - Timeout '0' is invalid. Using default page load timeout: '30'

2023-10-04 19:37:59 - [MESSAGE][PASSED] - Object 'Object Repository/pembayaran/Tittle nomor invoice' is present

2023-10-04 19:37:59 - [TEST_STEP][PASSED] - return data: null

2023-10-04 19:37:59 - [MESSAGE][PASSED] - Call Test Case 'Test Cases/T13 Pembelian, Shipment dan Pembayaran/PBL-004' successfully

2023-10-04 19:37:59 - [TEST_STEP][PASSED] - Invoice = getText(findTestObject("pembayaran/nomor invoice")): Text of object 'Object Repository/pembayaran/nomor invoice' is: 'TRX60.20231004193750'

2023-10-04 19:37:59 - [MESSAGE][PASSED] - Text of object 'Object Repository/pembayaran/nomor invoice' is: 'TRX60.20231004193750'

2023-10-04 19:37:59 - [TEST_STEP][PASSED] - data.put("invoice", Invoice): null

2023-10-04 19:37:59 - [TEST_STEP][PASSED] - NamaPemesan = getText(findTestObject("Konfirmasi pesanan shop/Nama pemesan")): Text of object 'Object Repository/Konfirmasi pesanan shop/Nama pemesan' is: 'irfan.afandi'

2023-10-04 19:38:00 - [MESSAGE][PASSED] - Text of object 'Object Repository/Konfirmasi pesanan shop/Nama pemesan' is: 'irfan.afandi'

2023-10-04 19:38:00 - [TEST_STEP][PASSED] - Nama = getText(findTestObject("pembayaran/Nama barang")): Text of object 'Object Repository/pembayaran/Nama barang' is: 'Segitiga Instan Madeira - MDB5.3 Sunset'

2023-10-04 19:38:01 - [MESSAGE][PASSED] - Text of object 'Object Repository/pembayaran/Nama barang' is: 'Segitiga Instan Madeira - MDB5.3 Sunset'

2023-10-04 19:38:01 - [TEST_STEP][PASSED] - Harga = getText(findTestObject("pembayaran/Harga barang")): Text of object 'Object Repository/pembayaran/Harga barang' is: '1,299'

2023-10-04 19:38:01 - [MESSAGE][PASSED] - Text of object 'Object Repository/pembayaran/Harga barang' is: '1,299'

2023-10-04 19:38:01 - [TEST_STEP][PASSED] - name_product = data.get("nama_barang"): null

2023-10-04 19:38:01 - [TEST_STEP][PASSED] - price_product = data.get("price_barang"): null

2023-10-04 19:38:01 - [TEST_STEP][PASSED] - assert name_product.contains(Nama): null

2023-10-04 19:38:01 - [TEST_STEP][PASSED] - assert price_product.contains(Harga): null

2023-10-04 19:38:01 - [TEST_STEP][PASSED] - warnaa = getText(findTestObject("pembayaran/warna")): Text of object 'Object Repository/pembayaran/warna' is: 'Merah'

2023-10-04 19:38:02 - [MESSAGE][PASSED] - Text of object 'Object Repository/pembayaran/warna' is: 'Merah'

2023-10-04 19:38:02 - [TEST_STEP][PASSED] - ukurann = getText(findTestObject("pembayaran/ukuran")): Text of object 'Object Repository/pembayaran/ukuran' is: 'Menengah'

2023-10-04 19:38:02 - [MESSAGE][PASSED] - Text of object 'Object Repository/pembayaran/ukuran' is: 'Menengah'

2023-10-04 19:38:02 - [TEST_STEP][PASSED] - warna1 = data.get("Warna"): null

2023-10-04 19:38:02 - [TEST_STEP][PASSED] - ukuran1 = data.get("Ukuran"): null

2023-10-04 19:38:02 - [TEST_STEP][PASSED] - assert warnaa == warna1: null

2023-10-04 19:38:02 - [TEST_STEP][PASSED] - assert ukurann == ukuran1: null

2023-10-04 19:38:02 - [TEST_STEP][PASSED] - statusPembelian = getText(findTestObject("verifikasi/Status pending di pembelian")): Text of object 'Object Repository/verifikasi/Status pending di pembelian' is: 'Pending'

2023-10-04 19:38:03 - [MESSAGE][PASSED] - Text of object 'Object Repository/verifikasi/Status pending di pembelian' is: 'Pending'

2023-10-04 19:38:03 - [TEST_STEP][PASSED] - data.put("statusPem", statusPembelian): null

2023-10-04 19:38:03 - [TEST_STEP][PASSED] - OngkosKirim = getText(findTestObject("pembayaran/ongkos kirim")): Text of object 'Object Repository/pembayaran/ongkos kirim' is: 'Rp 5,000'

2023-10-04 19:38:03 - [MESSAGE][PASSED] - Text of object 'Object Repository/pembayaran/ongkos kirim' is: 'Rp 5,000'

2023-10-04 19:38:03 - [TEST_STEP][PASSED] - Ongkos = OngkosKirim.substring(3, OngkosKirim.size()): null

2023-10-04 19:38:03 - [TEST_STEP][PASSED] - rep = Ongkos.replace(",", ""): null

2023-10-04 19:38:03 - [TEST_STEP][PASSED] - Ongkos_kirimm = Integer.parseInt(rep): null

2023-10-04 19:38:03 - [TEST_STEP][PASSED] - println(Ongkos_kirimm): null

2023-10-04 19:38:03 - [TEST_STEP][PASSED] - FeeAdmin = getText(findTestObject("pembayaran/fee admin")): Text of object 'Object Repository/pembayaran/fee admin' is: 'Rp 1,500'

2023-10-04 19:38:03 - [MESSAGE][PASSED] - Text of object 'Object Repository/pembayaran/fee admin' is: 'Rp 1,500'

2023-10-04 19:38:03 - [TEST_STEP][PASSED] - Fee_Admin = FeeAdmin.substring(3, FeeAdmin.size()): null

2023-10-04 19:38:03 - [TEST_STEP][PASSED] - fee = Fee_Admin.replace(",", ""): null

2023-10-04 19:38:03 - [TEST_STEP][PASSED] - fee_adminn = Integer.parseInt(fee): null

2023-10-04 19:38:03 - [TEST_STEP][PASSED] - println(fee_adminn): null

2023-10-04 19:38:03 - [TEST_STEP][PASSED] - Subtotal = getText(findTestObject("pembayaran/subtotal")): Text of object 'Object Repository/pembayaran/subtotal' is: 'Rp 1,299'

2023-10-04 19:38:04 - [MESSAGE][PASSED] - Text of object 'Object Repository/pembayaran/subtotal' is: 'Rp 1,299'

2023-10-04 19:38:04 - [TEST_STEP][PASSED] - sub_total = Subtotal.substring(3, Subtotal.size()): null

2023-10-04 19:38:04 - [TEST_STEP][PASSED] - sub = sub_total.replace(",", ""): null

2023-10-04 19:38:04 - [TEST_STEP][PASSED] - sub_totall = Integer.parseInt(sub): null

2023-10-04 19:38:04 - [TEST_STEP][PASSED] - println(sub_totall): null

2023-10-04 19:38:04 - [TEST_STEP][PASSED] - unik = getText(findTestObject("pembayaran/kode unik")): Text of object 'Object Repository/pembayaran/kode unik' is: '+750'

2023-10-04 19:38:04 - [MESSAGE][PASSED] - Text of object 'Object Repository/pembayaran/kode unik' is: '+750'

2023-10-04 19:38:04 - [TEST_STEP][PASSED] - unikk = unik.replace("+", ""): null

2023-10-04 19:38:04 - [TEST_STEP][PASSED] - kode_unik = Integer.parseInt(unikk): null

2023-10-04 19:38:04 - [TEST_STEP][PASSED] - println(kode_unik): null

2023-10-04 19:38:04 - [TEST_STEP][PASSED] - Total = getText(findTestObject("pembayaran/total")): Text of object 'Object Repository/pembayaran/total' is: '8,549'

2023-10-04 19:38:05 - [MESSAGE][PASSED] - Text of object 'Object Repository/pembayaran/total' is: '8,549'

2023-10-04 19:38:05 - [TEST_STEP][PASSED] - total = Total.replace(",", ""): null

2023-10-04 19:38:05 - [TEST_STEP][PASSED] - totalll = Integer.parseInt(total): null

2023-10-04 19:38:05 - [TEST_STEP][PASSED] - println(totalll): null

2023-10-04 19:38:05 - [TEST_STEP][PASSED] - Total_Hargaa = Ongkos_kirimm + fee_adminn + sub_totall + kode_unik: null

2023-10-04 19:38:05 - [TEST_STEP][PASSED] - println(Total_Hargaa): null

2023-10-04 19:38:05 - [TEST_STEP][PASSED] - assert totalll == Total_Hargaa: null

2023-10-04 19:38:05 - [TEST_STEP][PASSED] - data.put("total", Total): null

2023-10-04 19:38:05 - [TEST_STEP][PASSED] - data.put("nama", NamaPemesan): null

2023-10-04 19:38:05 - [TEST_STEP][PASSED] - return data: null

2023-10-04 19:38:05 - [MESSAGE][PASSED] - Call Test Case 'Test Cases/T13 Pembelian, Shipment dan Pembayaran/PBY-001' successfully

2023-10-04 19:38:05 - [TEST_STEP][PASSED] - inv = data.get("invoice"): null

2023-10-04 19:38:05 - [TEST_STEP][PASSED] - Total = data.get("total"): null

2023-10-04 19:38:05 - [TEST_STEP][PASSED] - NamaPemesan = data.get("nama"): null

2023-10-04 19:38:05 - [TEST_STEP][PASSED] - click(findTestObject("Konfirmasi pesanan shop/Menu Shop")): Object: 'Object Repository/Konfirmasi pesanan shop/Menu Shop' is clicked on

2023-10-04 19:38:06 - [MESSAGE][PASSED] - Object: 'Object Repository/Konfirmasi pesanan shop/Menu Shop' is clicked on

2023-10-04 19:38:06 - [TEST_STEP][PASSED] - click(findTestObject("Konfirmasi pesanan shop/Menu Shop")): Object: 'Object Repository/Konfirmasi pesanan shop/Menu Shop' is clicked on

2023-10-04 19:38:07 - [MESSAGE][PASSED] - Object: 'Object Repository/Konfirmasi pesanan shop/Menu Shop' is clicked on

2023-10-04 19:38:07 - [TEST_STEP][PASSED] - click(findTestObject("Konfirmasi pesanan shop/Konfirmasi Orders")): Object: 'Object Repository/Konfirmasi pesanan shop/Konfirmasi Orders' is clicked on

2023-10-04 19:38:08 - [MESSAGE][PASSED] - Object: 'Object Repository/Konfirmasi pesanan shop/Konfirmasi Orders' is clicked on

2023-10-04 19:38:08 - [TEST_STEP][PASSED] - verifyElementPresent(findTestObject("Konfirmasi pesanan shop/Tittle Konfirmasi Pesanan"), 0): Object 'Object Repository/Konfirmasi pesanan shop/Tittle Konfirmasi Pesanan' is present

2023-10-04 19:38:08 - [MESSAGE][WARNING] - Timeout '0' is invalid. Using default page load timeout: '30'

2023-10-04 19:38:09 - [MESSAGE][PASSED] - Object 'Object Repository/Konfirmasi pesanan shop/Tittle Konfirmasi Pesanan' is present

2023-10-04 19:38:09 - [TEST_STEP][PASSED] - setText(findTestObject("Konfirmasi pesanan shop/input_No Pesanan"), inv): Text 'TRX60.20231004193750' is set on object 'Object Repository/Konfirmasi pesanan shop/input_No Pesanan'

2023-10-04 19:38:10 - [MESSAGE][PASSED] - Text 'TRX60.20231004193750' is set on object 'Object Repository/Konfirmasi pesanan shop/input_No Pesanan'

2023-10-04 19:38:10 - [TEST_STEP][PASSED] - setText(findTestObject("Konfirmasi pesanan shop/input_Alamat E-mai"), "irfan@gmail.com"): Text 'irfan@gmail.com' is set on object 'Object Repository/Konfirmasi pesanan shop/input_Alamat E-mai'

2023-10-04 19:38:10 - [MESSAGE][PASSED] - Text 'irfan@gmail.com' is set on object 'Object Repository/Konfirmasi pesanan shop/input_Alamat E-mai'

2023-10-04 19:38:10 - [TEST_STEP][PASSED] - click(findTestObject("Konfirmasi pesanan shop/button_Submit")): Object: 'Object Repository/Konfirmasi pesanan shop/button_Submit' is clicked on

2023-10-04 19:38:11 - [MESSAGE][PASSED] - Object: 'Object Repository/Konfirmasi pesanan shop/button_Submit' is clicked on

2023-10-04 19:38:11 - [TEST_STEP][PASSED] - verifyElementPresent(findTestObject("Konfirmasi pesanan shop/Tittle nomor invoice"), 0): Object 'Object Repository/Konfirmasi pesanan shop/Tittle nomor invoice' is present

2023-10-04 19:38:11 - [MESSAGE][WARNING] - Timeout '0' is invalid. Using default page load timeout: '30'

2023-10-04 19:38:12 - [MESSAGE][PASSED] - Object 'Object Repository/Konfirmasi pesanan shop/Tittle nomor invoice' is present

2023-10-04 19:38:12 - [TEST_STEP][PASSED] - setText(findTestObject("Konfirmasi pesanan shop/input_Total TagihanTransfer_b"), Total): Text '8,549' is set on object 'Object Repository/Konfirmasi pesanan shop/input_Total TagihanTransfer_b'

2023-10-04 19:38:13 - [MESSAGE][PASSED] - Text '8,549' is set on object 'Object Repository/Konfirmasi pesanan shop/input_Total TagihanTransfer_b'

2023-10-04 19:38:13 - [TEST_STEP][PASSED] - selectOptionByValue(findTestObject("Konfirmasi pesanan shop/select_Bank"), "4", false): All options with value '4' are selected in object 'Object Repository/Konfirmasi pesanan shop/select_Bank' 

2023-10-04 19:38:14 - [MESSAGE][PASSED] - All options with value '4' are selected in object 'Object Repository/Konfirmasi pesanan shop/select_Bank' 

2023-10-04 19:38:14 - [TEST_STEP][PASSED] - setText(findTestObject("Konfirmasi pesanan shop/input_Nama Pengirim_d"), NamaPemesan): Text 'irfan.afandi' is set on object 'Object Repository/Konfirmasi pesanan shop/input_Nama Pengirim_d'

2023-10-04 19:38:14 - [MESSAGE][PASSED] - Text 'irfan.afandi' is set on object 'Object Repository/Konfirmasi pesanan shop/input_Nama Pengirim_d'

2023-10-04 19:38:14 - [TEST_STEP][PASSED] - uploadFile(findTestObject("keranjang/konfirmasi/input_Upload Bukti Transfer_f"), "C:\Users\IRFAN\Downloads\Berkas2.pdf"): File 'C:\Users\IRFAN\Downloads\Berkas2.pdf' sent to object: 'Object Repository/keranjang/konfirmasi/input_Upload Bukti Transfer_f'

2023-10-04 19:38:14 - [MESSAGE][PASSED] - File 'C:\Users\IRFAN\Downloads\Berkas2.pdf' sent to object: 'Object Repository/keranjang/konfirmasi/input_Upload Bukti Transfer_f'

2023-10-04 19:38:14 - [TEST_STEP][PASSED] - click(findTestObject("Konfirmasi pesanan shop/button_Konfirmasi Pembayaran")): Object: 'Object Repository/Konfirmasi pesanan shop/button_Konfirmasi Pembayaran' is clicked on

2023-10-04 19:38:15 - [MESSAGE][PASSED] - Object: 'Object Repository/Konfirmasi pesanan shop/button_Konfirmasi Pembayaran' is clicked on

2023-10-04 19:38:15 - [TEST_STEP][PASSED] - verifyElementPresent(findTestObject("Konfirmasi pesanan shop/Tittle Konfirmasi Pesanan"), 0): Object 'Object Repository/Konfirmasi pesanan shop/Tittle Konfirmasi Pesanan' is present

2023-10-04 19:38:15 - [MESSAGE][WARNING] - Timeout '0' is invalid. Using default page load timeout: '30'

2023-10-04 19:38:16 - [MESSAGE][PASSED] - Object 'Object Repository/Konfirmasi pesanan shop/Tittle Konfirmasi Pesanan' is present

2023-10-04 19:38:16 - [TEST_STEP][PASSED] - verifyElementPresent(findTestObject("Konfirmasi pesanan shop/Tittle massage succes Konfirmasi Pembayaran Pesanan"), 0): Object 'Object Repository/Konfirmasi pesanan shop/Tittle massage succes Konfirmasi Pembayaran Pesanan' is present

2023-10-04 19:38:16 - [MESSAGE][WARNING] - Timeout '0' is invalid. Using default page load timeout: '30'

2023-10-04 19:38:16 - [MESSAGE][PASSED] - Object 'Object Repository/Konfirmasi pesanan shop/Tittle massage succes Konfirmasi Pembayaran Pesanan' is present

2023-10-04 19:38:16 - [TEST_STEP][PASSED] - return data: null

2023-10-04 19:38:16 - [MESSAGE][PASSED] - Call Test Case 'Test Cases/T13 Pembelian, Shipment dan Pembayaran/PBY-004' successfully

2023-10-04 19:38:16 - [TEST_STEP][PASSED] - navigateToUrl("https://10.9.2.63/ecommerce/administrator/"): Navigate to 'https://10.9.2.63/ecommerce/administrator/' successfully

2023-10-04 19:38:17 - [MESSAGE][PASSED] - Navigate to 'https://10.9.2.63/ecommerce/administrator/' successfully

2023-10-04 19:38:17 - [TEST_STEP][PASSED] - verifyElementPresent(findTestObject("admin/Tittle ADMIN Login"), 0): Object 'Object Repository/admin/Tittle ADMIN Login' is present

2023-10-04 19:38:17 - [MESSAGE][WARNING] - Timeout '0' is invalid. Using default page load timeout: '30'

2023-10-04 19:38:18 - [MESSAGE][PASSED] - Object 'Object Repository/admin/Tittle ADMIN Login' is present

2023-10-04 19:38:18 - [TEST_STEP][PASSED] - setText(findTestObject("admin/Username"), "admin"): Text 'admin' is set on object 'Object Repository/admin/Username'

2023-10-04 19:38:18 - [MESSAGE][PASSED] - Text 'admin' is set on object 'Object Repository/admin/Username'

2023-10-04 19:38:18 - [TEST_STEP][PASSED] - setText(findTestObject("admin/Password"), "123admin123"): Text '123admin123' is set on object 'Object Repository/admin/Password'

2023-10-04 19:38:19 - [MESSAGE][PASSED] - Text '123admin123' is set on object 'Object Repository/admin/Password'

2023-10-04 19:38:19 - [TEST_STEP][PASSED] - click(findTestObject("admin/Remember Me")): Object: 'Object Repository/admin/Remember Me' is clicked on

2023-10-04 19:38:20 - [MESSAGE][PASSED] - Object: 'Object Repository/admin/Remember Me' is clicked on

2023-10-04 19:38:20 - [TEST_STEP][PASSED] - delay(10): Delayed 10 second(s)

2023-10-04 19:38:30 - [MESSAGE][PASSED] - Delayed 10 second(s)

2023-10-04 19:38:30 - [TEST_STEP][PASSED] - click(findTestObject("admin/buttom submit")): Object: 'Object Repository/admin/buttom submit' is clicked on

2023-10-04 19:38:31 - [MESSAGE][PASSED] - Object: 'Object Repository/admin/buttom submit' is clicked on

2023-10-04 19:38:31 - [TEST_STEP][PASSED] - verifyElementPresent(findTestObject("admin/Konf order konsumen/Tittle Dashboard"), 0): Object 'Object Repository/admin/Konf order konsumen/Tittle Dashboard' is present

2023-10-04 19:38:31 - [MESSAGE][WARNING] - Timeout '0' is invalid. Using default page load timeout: '30'

2023-10-04 19:38:36 - [MESSAGE][PASSED] - Object 'Object Repository/admin/Konf order konsumen/Tittle Dashboard' is present

2023-10-04 19:38:36 - [TEST_STEP][PASSED] - click(findTestObject("admin/Konf order konsumen/Menu Transaksi Market")): Object: 'Object Repository/admin/Konf order konsumen/Menu Transaksi Market' is clicked on

2023-10-04 19:38:37 - [MESSAGE][PASSED] - Object: 'Object Repository/admin/Konf order konsumen/Menu Transaksi Market' is clicked on

2023-10-04 19:38:37 - [TEST_STEP][PASSED] - click(findTestObject("admin/Konf order konsumen/Menu Konf. Order Konsumen")): Object: 'Object Repository/admin/Konf order konsumen/Menu Konf. Order Konsumen' is clicked on

2023-10-04 19:38:39 - [MESSAGE][PASSED] - Object: 'Object Repository/admin/Konf order konsumen/Menu Konf. Order Konsumen' is clicked on

2023-10-04 19:38:39 - [TEST_STEP][PASSED] - verifyElementPresent(findTestObject("admin/Konf order konsumen/Tittle Data Konfirmasi Pembayaran Konsumen"), 0): Object 'Object Repository/admin/Konf order konsumen/Tittle Data Konfirmasi Pembayaran Konsumen' is present

2023-10-04 19:38:39 - [MESSAGE][WARNING] - Timeout '0' is invalid. Using default page load timeout: '30'

2023-10-04 19:38:45 - [MESSAGE][PASSED] - Object 'Object Repository/admin/Konf order konsumen/Tittle Data Konfirmasi Pembayaran Konsumen' is present

2023-10-04 19:38:45 - [TEST_STEP][PASSED] - inv = data.get("invoice"): null

2023-10-04 19:38:45 - [TEST_STEP][PASSED] - setText(findTestObject("admin/Konf order konsumen/Search"), inv): Text 'TRX60.20231004193750' is set on object 'Object Repository/admin/Konf order konsumen/Search'

2023-10-04 19:38:46 - [MESSAGE][PASSED] - Text 'TRX60.20231004193750' is set on object 'Object Repository/admin/Konf order konsumen/Search'

2023-10-04 19:38:46 - [TEST_STEP][PASSED] - verifyElementText(findTestObject("admin/Konf order konsumen/Keterangan Lunas"), "Lunas"): Actual text and expected text of test object 'Object Repository/admin/Konf order konsumen/Keterangan Lunas' are matched.

2023-10-04 19:38:47 - [MESSAGE][PASSED] - Actual text and expected text of test object 'Object Repository/admin/Konf order konsumen/Keterangan Lunas' are matched.

2023-10-04 19:38:47 - [TEST_STEP][PASSED] - return data: null

2023-10-04 19:38:47 - [MESSAGE][PASSED] - Call Test Case 'Test Cases/T13 Pembelian, Shipment dan Pembayaran/PBYA-001' successfully

2023-10-04 19:38:47 - [TEST_STEP][PASSED] - click(findTestObject("admin/Penjualan ke konsumen/buttom Dashboard")): Object: 'Object Repository/admin/Penjualan ke konsumen/buttom Dashboard' is clicked on

2023-10-04 19:38:48 - [MESSAGE][PASSED] - Object: 'Object Repository/admin/Penjualan ke konsumen/buttom Dashboard' is clicked on

2023-10-04 19:38:48 - [TEST_STEP][PASSED] - click(findTestObject("admin/Konf order konsumen/Menu Transaksi Market")): Object: 'Object Repository/admin/Konf order konsumen/Menu Transaksi Market' is clicked on

2023-10-04 19:38:53 - [MESSAGE][PASSED] - Object: 'Object Repository/admin/Konf order konsumen/Menu Transaksi Market' is clicked on

2023-10-04 19:38:53 - [TEST_STEP][PASSED] - click(findTestObject("admin/Penjualan ke konsumen/a_Penjualan ke Konsumen")): Object: 'Object Repository/admin/Penjualan ke konsumen/a_Penjualan ke Konsumen' is clicked on

2023-10-04 19:38:55 - [MESSAGE][PASSED] - Object: 'Object Repository/admin/Penjualan ke konsumen/a_Penjualan ke Konsumen' is clicked on

2023-10-04 19:38:55 - [TEST_STEP][PASSED] - verifyElementPresent(findTestObject("admin/Tittle Data Transaksi Penjualan  Orderan Konsumen"), 0): Object 'Object Repository/admin/Tittle Data Transaksi Penjualan  Orderan Konsumen' is present

2023-10-04 19:38:55 - [MESSAGE][WARNING] - Timeout '0' is invalid. Using default page load timeout: '30'

2023-10-04 19:39:03 - [MESSAGE][PASSED] - Object 'Object Repository/admin/Tittle Data Transaksi Penjualan  Orderan Konsumen' is present

2023-10-04 19:39:03 - [TEST_STEP][PASSED] - return data: null

2023-10-04 19:39:03 - [MESSAGE][PASSED] - Call Test Case 'Test Cases/T13 Pembelian, Shipment dan Pembayaran/SA-001' successfully

2023-10-04 19:39:03 - [TEST_STEP][PASSED] - inv = data.get("invoice"): null

2023-10-04 19:39:03 - [TEST_STEP][PASSED] - setText(findTestObject("admin/Penjualan ke konsumen/Search"), inv): Text 'TRX60.20231004193750' is set on object 'Object Repository/admin/Penjualan ke konsumen/Search'

2023-10-04 19:39:04 - [MESSAGE][PASSED] - Text 'TRX60.20231004193750' is set on object 'Object Repository/admin/Penjualan ke konsumen/Search'

2023-10-04 19:39:04 - [TEST_STEP][PASSED] - click(findTestObject("admin/Penjualan ke konsumen/buttom konfirmasi pending payment")): Object: 'Object Repository/admin/Penjualan ke konsumen/buttom konfirmasi pending payment' is clicked on

2023-10-04 19:39:05 - [MESSAGE][PASSED] - Object: 'Object Repository/admin/Penjualan ke konsumen/buttom konfirmasi pending payment' is clicked on

2023-10-04 19:39:05 - [TEST_STEP][PASSED] - acceptAlert(STOP_ON_FAILURE): Alert accepted

2023-10-04 19:39:05 - [MESSAGE][PASSED] - Alert accepted

2023-10-04 19:39:05 - [TEST_STEP][PASSED] - setText(findTestObject("admin/Penjualan ke konsumen/Search"), inv): Text 'TRX60.20231004193750' is set on object 'Object Repository/admin/Penjualan ke konsumen/Search'

2023-10-04 19:39:06 - [MESSAGE][PASSED] - Text 'TRX60.20231004193750' is set on object 'Object Repository/admin/Penjualan ke konsumen/Search'

2023-10-04 19:39:06 - [TEST_STEP][PASSED] - verifyTextNotPresent("pending payment", false): Text 'pending payment' is not present on page

2023-10-04 19:39:07 - [MESSAGE][PASSED] - Text 'pending payment' is not present on page

2023-10-04 19:39:07 - [TEST_STEP][PASSED] - return data: null

2023-10-04 19:39:07 - [MESSAGE][PASSED] - Call Test Case 'Test Cases/T13 Pembelian, Shipment dan Pembayaran/SA-002' successfully

2023-10-04 19:39:07 - [TEST_STEP][PASSED] - click(findTestObject("admin/Penjualan ke konsumen/buttom scroldown")): Object: 'Object Repository/admin/Penjualan ke konsumen/buttom scroldown' is clicked on

2023-10-04 19:39:07 - [MESSAGE][PASSED] - Object: 'Object Repository/admin/Penjualan ke konsumen/buttom scroldown' is clicked on

2023-10-04 19:39:07 - [TEST_STEP][PASSED] - click(findTestObject("Edit Detail Data Transaksi/buttom edit")): Object: 'Object Repository/Edit Detail Data Transaksi/buttom edit' is clicked on

2023-10-04 19:39:11 - [MESSAGE][PASSED] - Object: 'Object Repository/Edit Detail Data Transaksi/buttom edit' is clicked on

2023-10-04 19:39:11 - [TEST_STEP][PASSED] - verifyElementPresent(findTestObject("Edit Detail Data Transaksi/Edit Detail Transaksi Penjualan"), 0): Object 'Object Repository/Edit Detail Data Transaksi/Edit Detail Transaksi Penjualan' is present

2023-10-04 19:39:11 - [MESSAGE][WARNING] - Timeout '0' is invalid. Using default page load timeout: '30'

2023-10-04 19:39:12 - [MESSAGE][PASSED] - Object 'Object Repository/Edit Detail Data Transaksi/Edit Detail Transaksi Penjualan' is present

2023-10-04 19:39:12 - [TEST_STEP][PASSED] - click(findTestObject("Edit Detail Data Transaksi/buttom edit detail")): Object: 'Object Repository/Edit Detail Data Transaksi/buttom edit detail' is clicked on

2023-10-04 19:39:13 - [MESSAGE][PASSED] - Object: 'Object Repository/Edit Detail Data Transaksi/buttom edit detail' is clicked on

2023-10-04 19:39:13 - [TEST_STEP][PASSED] - setText(findTestObject("Edit Detail Data Transaksi/input_Action_dd"), jumlah): Text 'e' is set on object 'Object Repository/Edit Detail Data Transaksi/input_Action_dd'

2023-10-04 19:39:20 - [MESSAGE][PASSED] - Text 'e' is set on object 'Object Repository/Edit Detail Data Transaksi/input_Action_dd'

2023-10-04 19:39:20 - [TEST_STEP][PASSED] - click(findTestObject("Edit Detail Data Transaksi/button_Action_centang")): Object: 'Object Repository/Edit Detail Data Transaksi/button_Action_centang' is clicked on

2023-10-04 19:39:20 - [MESSAGE][PASSED] - Object: 'Object Repository/Edit Detail Data Transaksi/button_Action_centang' is clicked on

2023-10-04 19:39:20 - [TEST_STEP][PASSED] - webDriver = getWebDriver(): null

2023-10-04 19:39:20 - [TEST_STEP][PASSED] - field_jumlah = webDriver.findElement(By.xpath("//input[@name="dd"]")): null

2023-10-04 19:39:21 - [TEST_STEP][PASSED] - error_message = webDriver.executeScript("return arguments[0].validationMessage", field_jumlah): null

2023-10-04 19:39:21 - [TEST_STEP][PASSED] - println(error_message): null

2023-10-04 19:39:21 - [TEST_STEP][PASSED] - assert error_message == "Please enter a number.": null

2023-10-04 19:39:21 - [TEST_STEP][PASSED] - return data: null]]></system-out>
         <system-err><![CDATA[]]></system-err>
      </testcase>
      <testcase name="Test Cases/T13 Pembelian, Shipment dan Pembayaran/SU-001" time="59.411" classname="Test Cases/T13 Pembelian, Shipment dan Pembayaran/SU-001" status="PASSED">
         <system-out><![CDATA[2023-10-04 19:39:21 - [TEST_CASE][PASSED] - Test Cases/T13 Pembelian, Shipment dan Pembayaran/SU-001: Test Cases/T13 Pembelian, Shipment dan Pembayaran/SU-001

2023-10-04 19:39:21 - [TEST_STEP][PASSED] - data = callTestCase(findTestCase("T13 Pembelian, Shipment dan Pembayaran/PBY-002"), [:], STOP_ON_FAILURE): Call Test Case 'Test Cases/T13 Pembelian, Shipment dan Pembayaran/PBY-002' successfully

2023-10-04 19:39:21 - [TEST_CASE][PASSED] - Test Cases/T13 Pembelian, Shipment dan Pembayaran/PBY-002: Test Cases/T13 Pembelian, Shipment dan Pembayaran/PBY-002

2023-10-04 19:39:21 - [TEST_STEP][PASSED] - data = callTestCase(findTestCase("T13 Pembelian, Shipment dan Pembayaran/PBL-005"), ["Kurir":"Roda 2", "tf":"transfer"], STOP_ON_FAILURE): Call Test Case 'Test Cases/T13 Pembelian, Shipment dan Pembayaran/PBL-005' successfully

2023-10-04 19:39:21 - [TEST_CASE][PASSED] - Test Cases/T13 Pembelian, Shipment dan Pembayaran/PBL-005: Test Cases/T13 Pembelian, Shipment dan Pembayaran/PBL-005

2023-10-04 19:39:21 - [TEST_STEP][PASSED] - data = callTestCase(findTestCase("T13 Pembelian, Shipment dan Pembayaran/PBL-002"), [:], STOP_ON_FAILURE): Call Test Case 'Test Cases/T13 Pembelian, Shipment dan Pembayaran/PBL-002' successfully

2023-10-04 19:39:21 - [TEST_CASE][PASSED] - Test Cases/T13 Pembelian, Shipment dan Pembayaran/PBL-002: Test Cases/T13 Pembelian, Shipment dan Pembayaran/PBL-002

2023-10-04 19:39:21 - [TEST_STEP][PASSED] - data = callTestCase(findTestCase("T13 Pembelian, Shipment dan Pembayaran/PBL-001"), [:], STOP_ON_FAILURE): Call Test Case 'Test Cases/T13 Pembelian, Shipment dan Pembayaran/PBL-001' successfully

2023-10-04 19:39:21 - [TEST_CASE][PASSED] - Test Cases/T13 Pembelian, Shipment dan Pembayaran/PBL-001: Test Cases/T13 Pembelian, Shipment dan Pembayaran/PBL-001

2023-10-04 19:39:21 - [TEST_STEP][PASSED] - callTestCase(findTestCase("T13 Pembelian, Shipment dan Pembayaran/LU-001"), ["username":"irfanafandi", "password":"12345irfan"], STOP_ON_FAILURE): Call Test Case 'Test Cases/T13 Pembelian, Shipment dan Pembayaran/LU-001' successfully

2023-10-04 19:39:22 - [TEST_CASE][PASSED] - Test Cases/T13 Pembelian, Shipment dan Pembayaran/LU-001: Test Cases/T13 Pembelian, Shipment dan Pembayaran/LU-001

2023-10-04 19:39:22 - [TEST_STEP][PASSED] - openBrowser("https://10.9.2.63/ecommerce/"): Browser is opened with url: 'https://10.9.2.63/ecommerce/'

2023-10-04 19:39:22 - [MESSAGE][WARNING] - A browser is already opened. Closing browser and opening a new one

2023-10-04 19:39:24 - [MESSAGE][INFO] - Starting 'Firefox' driver

2023-10-04 19:39:24 - [MESSAGE][INFO] - User set preference: ['args', '[--disable-notifications]']

2023-10-04 19:39:24 - [MESSAGE][INFO] - Action delay is set to 0 milliseconds

2023-10-04 19:39:29 - [MESSAGE][PASSED] - Browser is opened with url: 'https://10.9.2.63/ecommerce/'

2023-10-04 19:39:29 - [TEST_STEP][PASSED] - maximizeWindow(): Current window maximized

2023-10-04 19:39:29 - [MESSAGE][PASSED] - Current window maximized

2023-10-04 19:39:29 - [TEST_STEP][PASSED] - verifyElementPresent(findTestObject("Login/Home"), 0): Object 'Object Repository/Login/Home' is present

2023-10-04 19:39:29 - [MESSAGE][WARNING] - Timeout '0' is invalid. Using default page load timeout: '30'

2023-10-04 19:39:29 - [MESSAGE][PASSED] - Object 'Object Repository/Login/Home' is present

2023-10-04 19:39:29 - [TEST_STEP][PASSED] - click(findTestObject("Login/a_Login")): Object: 'Object Repository/Login/a_Login' is clicked on

2023-10-04 19:39:30 - [MESSAGE][PASSED] - Object: 'Object Repository/Login/a_Login' is clicked on

2023-10-04 19:39:30 - [TEST_STEP][PASSED] - verifyElementPresent(findTestObject("Login/Tittle Login"), 0): Object 'Object Repository/Login/Tittle Login' is present

2023-10-04 19:39:30 - [MESSAGE][WARNING] - Timeout '0' is invalid. Using default page load timeout: '30'

2023-10-04 19:39:30 - [MESSAGE][PASSED] - Object 'Object Repository/Login/Tittle Login' is present

2023-10-04 19:39:30 - [TEST_STEP][PASSED] - setText(findTestObject("Login/input_Username, Email atau No. Handphone_a"), username): Text 'irfanafandi' is set on object 'Object Repository/Login/input_Username, Email atau No. Handphone_a'

2023-10-04 19:39:31 - [MESSAGE][PASSED] - Text 'irfanafandi' is set on object 'Object Repository/Login/input_Username, Email atau No. Handphone_a'

2023-10-04 19:39:31 - [TEST_STEP][PASSED] - setText(findTestObject("Login/input_Password_b"), password): Text '12345irfan' is set on object 'Object Repository/Login/input_Password_b'

2023-10-04 19:39:32 - [MESSAGE][PASSED] - Text '12345irfan' is set on object 'Object Repository/Login/input_Password_b'

2023-10-04 19:39:32 - [TEST_STEP][PASSED] - click(findTestObject("Login/label_Ingat saya")): Object: 'Object Repository/Login/label_Ingat saya' is clicked on

2023-10-04 19:39:32 - [MESSAGE][PASSED] - Object: 'Object Repository/Login/label_Ingat saya' is clicked on

2023-10-04 19:39:32 - [TEST_STEP][PASSED] - click(findTestObject("Login/button_Masuk")): Object: 'Object Repository/Login/button_Masuk' is clicked on

2023-10-04 19:39:33 - [MESSAGE][PASSED] - Object: 'Object Repository/Login/button_Masuk' is clicked on

2023-10-04 19:39:33 - [TEST_STEP][PASSED] - verifyElementPresent(findTestObject("Login/li_Profile"), 0): Object 'Object Repository/Login/li_Profile' is present

2023-10-04 19:39:33 - [MESSAGE][WARNING] - Timeout '0' is invalid. Using default page load timeout: '30'

2023-10-04 19:39:34 - [MESSAGE][PASSED] - Object 'Object Repository/Login/li_Profile' is present

2023-10-04 19:39:34 - [MESSAGE][PASSED] - Call Test Case 'Test Cases/T13 Pembelian, Shipment dan Pembayaran/LU-001' successfully

2023-10-04 19:39:34 - [TEST_STEP][PASSED] - mouseOver(findTestObject("beli barang/i_Mulai Belanja_icon-menu")): Object: 'Object Repository/beli barang/i_Mulai Belanja_icon-menu' is hovered

2023-10-04 19:39:34 - [MESSAGE][PASSED] - Object: 'Object Repository/beli barang/i_Mulai Belanja_icon-menu' is hovered

2023-10-04 19:39:34 - [TEST_STEP][PASSED] - click(findTestObject("beli barang/a_Fashion  Busana Wanita")): Object: 'Object Repository/beli barang/a_Fashion  Busana Wanita' is clicked on

2023-10-04 19:39:35 - [MESSAGE][PASSED] - Object: 'Object Repository/beli barang/a_Fashion  Busana Wanita' is clicked on

2023-10-04 19:39:35 - [TEST_STEP][PASSED] - NamaSebelum = getText(findTestObject("verifikasi/Nama sebelum")): Text of object 'Object Repository/verifikasi/Nama sebelum' is: ''

2023-10-04 19:39:36 - [MESSAGE][PASSED] - Text of object 'Object Repository/verifikasi/Nama sebelum' is: ''

2023-10-04 19:39:36 - [TEST_STEP][PASSED] - HargaSebelum = getText(findTestObject("verifikasi/Harga sebelum")): Text of object 'Object Repository/verifikasi/Harga sebelum' is: 'Rp 1,299'

2023-10-04 19:39:37 - [MESSAGE][PASSED] - Text of object 'Object Repository/verifikasi/Harga sebelum' is: 'Rp 1,299'

2023-10-04 19:39:37 - [TEST_STEP][PASSED] - mouseOver(findTestObject("beli barang/barang mouse over")): Object: 'Object Repository/beli barang/barang mouse over' is hovered

2023-10-04 19:39:38 - [MESSAGE][PASSED] - Object: 'Object Repository/beli barang/barang mouse over' is hovered

2023-10-04 19:39:38 - [TEST_STEP][PASSED] - click(findTestObject("beli barang/buttom add to cart")): Object: 'Object Repository/beli barang/buttom add to cart' is clicked on

2023-10-04 19:39:39 - [MESSAGE][PASSED] - Object: 'Object Repository/beli barang/buttom add to cart' is clicked on

2023-10-04 19:39:39 - [TEST_STEP][PASSED] - NamaSesudah = getText(findTestObject("verifikasi/Nama sesudah")): Text of object 'Object Repository/verifikasi/Nama sesudah' is: 'Segitiga Instan Madeira - MDB5.3 Sunset'

2023-10-04 19:39:39 - [MESSAGE][PASSED] - Text of object 'Object Repository/verifikasi/Nama sesudah' is: 'Segitiga Instan Madeira - MDB5.3 Sunset'

2023-10-04 19:39:39 - [TEST_STEP][PASSED] - HargaSesudah = getText(findTestObject("verifikasi/Harga sesudah")): Text of object 'Object Repository/verifikasi/Harga sesudah' is: 'Rp 1,299'

2023-10-04 19:39:40 - [MESSAGE][PASSED] - Text of object 'Object Repository/verifikasi/Harga sesudah' is: 'Rp 1,299'

2023-10-04 19:39:40 - [TEST_STEP][PASSED] - assert NamaSesudah.contains(NamaSebelum): null

2023-10-04 19:39:40 - [TEST_STEP][PASSED] - assert HargaSesudah.contains(HargaSebelum): null

2023-10-04 19:39:40 - [TEST_STEP][PASSED] - click(findTestObject("beli barang/Tambah Keranjang busana wanita")): Object: 'Object Repository/beli barang/Tambah Keranjang busana wanita' is clicked on

2023-10-04 19:39:40 - [MESSAGE][PASSED] - Object: 'Object Repository/beli barang/Tambah Keranjang busana wanita' is clicked on

2023-10-04 19:39:40 - [TEST_STEP][PASSED] - verifyElementPresent(findTestObject("checkout/Notifikasi keranjang"), 1): Object 'Object Repository/checkout/Notifikasi keranjang' is present

2023-10-04 19:39:41 - [MESSAGE][PASSED] - Object 'Object Repository/checkout/Notifikasi keranjang' is present

2023-10-04 19:39:41 - [TEST_STEP][PASSED] - data = new java.util.HashMap(): null

2023-10-04 19:39:41 - [TEST_STEP][PASSED] - data.put("nama_barang", NamaSesudah): null

2023-10-04 19:39:41 - [TEST_STEP][PASSED] - data.put("price_barang", HargaSesudah): null

2023-10-04 19:39:41 - [TEST_STEP][PASSED] - return data: null

2023-10-04 19:39:41 - [MESSAGE][PASSED] - Call Test Case 'Test Cases/T13 Pembelian, Shipment dan Pembayaran/PBL-001' successfully

2023-10-04 19:39:41 - [TEST_STEP][PASSED] - mouseOver(findTestObject("beli barang/keranjang")): Object: 'Object Repository/beli barang/keranjang' is hovered

2023-10-04 19:39:42 - [MESSAGE][PASSED] - Object: 'Object Repository/beli barang/keranjang' is hovered

2023-10-04 19:39:42 - [TEST_STEP][PASSED] - click(findTestObject("beli barang/Lihat Sekarang")): Object: 'Object Repository/beli barang/Lihat Sekarang' is clicked on

2023-10-04 19:39:43 - [MESSAGE][PASSED] - Object: 'Object Repository/beli barang/Lihat Sekarang' is clicked on

2023-10-04 19:39:43 - [TEST_STEP][PASSED] - verifyElementPresent(findTestObject("keranjang/li_Keranjang Belanja"), 0): Object 'Object Repository/keranjang/li_Keranjang Belanja' is present

2023-10-04 19:39:43 - [MESSAGE][WARNING] - Timeout '0' is invalid. Using default page load timeout: '30'

2023-10-04 19:39:44 - [MESSAGE][PASSED] - Object 'Object Repository/keranjang/li_Keranjang Belanja' is present

2023-10-04 19:39:44 - [TEST_STEP][PASSED] - NamaKeranjang = getText(findTestObject("verifikasi/Nama keranjang")): Text of object 'Object Repository/verifikasi/Nama keranjang' is: 'Segitiga Instan Madeira - MDB5.3 Sunset'

2023-10-04 19:39:44 - [MESSAGE][PASSED] - Text of object 'Object Repository/verifikasi/Nama keranjang' is: 'Segitiga Instan Madeira - MDB5.3 Sunset'

2023-10-04 19:39:44 - [TEST_STEP][PASSED] - HargaKeranjang = getText(findTestObject("verifikasi/Harga Keranjang")): Text of object 'Object Repository/verifikasi/Harga Keranjang' is: 'Rp 1,299'

2023-10-04 19:39:44 - [MESSAGE][PASSED] - Text of object 'Object Repository/verifikasi/Harga Keranjang' is: 'Rp 1,299'

2023-10-04 19:39:44 - [TEST_STEP][PASSED] - if (toString().equalsIgnoreCase("Merah")): Object 'Object Repository/keranjang/input_Warna_variasi101' is checked

2023-10-04 19:39:44 - [TEST_STEP][PASSED] - check(findTestObject("Object Repository/keranjang/input_Warna_variasi101")): Object 'Object Repository/keranjang/input_Warna_variasi101' is checked

2023-10-04 19:39:45 - [MESSAGE][PASSED] - Object 'Object Repository/keranjang/input_Warna_variasi101' is checked

2023-10-04 19:39:45 - [TEST_STEP][PASSED] - if (toString().equalsIgnoreCase("Menengah")): Object 'Object Repository/keranjang/input_Ukuran_variasi201' is checked

2023-10-04 19:39:45 - [TEST_STEP][PASSED] - check(findTestObject("Object Repository/keranjang/input_Ukuran_variasi201")): Object 'Object Repository/keranjang/input_Ukuran_variasi201' is checked

2023-10-04 19:39:45 - [MESSAGE][PASSED] - Object 'Object Repository/keranjang/input_Ukuran_variasi201' is checked

2023-10-04 19:39:45 - [TEST_STEP][PASSED] - data.put("Warna", warna): null

2023-10-04 19:39:45 - [TEST_STEP][PASSED] - data.put("Ukuran", ukuran): null

2023-10-04 19:39:45 - [TEST_STEP][PASSED] - click(findTestObject("keranjang/button_Lanjut ke Pembayaran")): Object: 'Object Repository/keranjang/button_Lanjut ke Pembayaran' is clicked on

2023-10-04 19:39:47 - [MESSAGE][PASSED] - Object: 'Object Repository/keranjang/button_Lanjut ke Pembayaran' is clicked on

2023-10-04 19:39:47 - [TEST_STEP][PASSED] - verifyElementPresent(findTestObject("checkout/Tittle Checkout Order"), 0): Object 'Object Repository/checkout/Tittle Checkout Order' is present

2023-10-04 19:39:47 - [MESSAGE][WARNING] - Timeout '0' is invalid. Using default page load timeout: '30'

2023-10-04 19:39:47 - [MESSAGE][PASSED] - Object 'Object Repository/checkout/Tittle Checkout Order' is present

2023-10-04 19:39:47 - [TEST_STEP][PASSED] - name_product = data.get("nama_barang"): null

2023-10-04 19:39:47 - [TEST_STEP][PASSED] - price_product = data.get("price_barang"): null

2023-10-04 19:39:47 - [TEST_STEP][PASSED] - assert name_product == NamaKeranjang: null

2023-10-04 19:39:47 - [TEST_STEP][PASSED] - assert price_product == HargaKeranjang: null

2023-10-04 19:39:47 - [TEST_STEP][PASSED] - return data: null

2023-10-04 19:39:47 - [MESSAGE][PASSED] - Call Test Case 'Test Cases/T13 Pembelian, Shipment dan Pembayaran/PBL-002' successfully

2023-10-04 19:39:47 - [TEST_STEP][PASSED] - warnaa = getText(findTestObject("verifikasi/warna Merah")): Text of object 'Object Repository/verifikasi/warna Merah' is: 'Merah'

2023-10-04 19:39:48 - [MESSAGE][PASSED] - Text of object 'Object Repository/verifikasi/warna Merah' is: 'Merah'

2023-10-04 19:39:48 - [TEST_STEP][PASSED] - ukurann = getText(findTestObject("verifikasi/Ukuran Menengah")): Text of object 'Object Repository/verifikasi/Ukuran Menengah' is: 'Menengah'

2023-10-04 19:39:48 - [MESSAGE][PASSED] - Text of object 'Object Repository/verifikasi/Ukuran Menengah' is: 'Menengah'

2023-10-04 19:39:48 - [TEST_STEP][PASSED] - warna1 = data.get("Warna"): null

2023-10-04 19:39:48 - [TEST_STEP][PASSED] - ukuran1 = data.get("Ukuran"): null

2023-10-04 19:39:48 - [TEST_STEP][PASSED] - assert warnaa == warna1: null

2023-10-04 19:39:48 - [TEST_STEP][PASSED] - assert ukurann == ukuran1: null

2023-10-04 19:39:48 - [TEST_STEP][PASSED] - NamaCheckout = getText(findTestObject("verifikasi/NamaCheckout")): Text of object 'Object Repository/verifikasi/NamaCheckout' is: ''

2023-10-04 19:39:48 - [MESSAGE][PASSED] - Text of object 'Object Repository/verifikasi/NamaCheckout' is: ''

2023-10-04 19:39:48 - [TEST_STEP][PASSED] - HargaCheckout = getText(findTestObject("verifikasi/HargaCheckout")): Text of object 'Object Repository/verifikasi/HargaCheckout' is: '1,299'

2023-10-04 19:39:49 - [MESSAGE][PASSED] - Text of object 'Object Repository/verifikasi/HargaCheckout' is: '1,299'

2023-10-04 19:39:49 - [TEST_STEP][PASSED] - name_product = data.get("nama_barang"): null

2023-10-04 19:39:49 - [TEST_STEP][PASSED] - price_product = data.get("price_barang"): null

2023-10-04 19:39:49 - [TEST_STEP][PASSED] - assert name_product.contains(NamaCheckout): null

2023-10-04 19:39:49 - [TEST_STEP][PASSED] - assert price_product.contains(HargaCheckout): null

2023-10-04 19:39:49 - [TEST_STEP][PASSED] - selectOptionByLabel(findTestObject("checkout/select - Kirim via Kurir Lokal"), Kurir, false): All options with label 'Roda 2' are selected in object 'Object Repository/checkout/select - Kirim via Kurir Lokal' 

2023-10-04 19:39:50 - [MESSAGE][PASSED] - All options with label 'Roda 2' are selected in object 'Object Repository/checkout/select - Kirim via Kurir Lokal' 

2023-10-04 19:39:50 - [TEST_STEP][PASSED] - click(findTestObject("checkout/Kendaraan Kurir")): Object: 'Object Repository/checkout/Kendaraan Kurir' is clicked on

2023-10-04 19:39:50 - [MESSAGE][PASSED] - Object: 'Object Repository/checkout/Kendaraan Kurir' is clicked on

2023-10-04 19:39:50 - [TEST_STEP][PASSED] - OngkosKirim = getText(findTestObject("Object Repository/verifikasi/Ongkos Kirim checkout")): Text of object 'Object Repository/verifikasi/Ongkos Kirim checkout' is: 'Rp. 5,000'

2023-10-04 19:39:50 - [MESSAGE][PASSED] - Text of object 'Object Repository/verifikasi/Ongkos Kirim checkout' is: 'Rp. 5,000'

2023-10-04 19:39:50 - [TEST_STEP][PASSED] - Ongkos = OngkosKirim.substring(3, OngkosKirim.size()): null

2023-10-04 19:39:50 - [TEST_STEP][PASSED] - rep = Ongkos.replace(",", "."): null

2023-10-04 19:39:50 - [TEST_STEP][PASSED] - Ongkos_kirim = Double.parseDouble(rep): null

2023-10-04 19:39:50 - [TEST_STEP][PASSED] - println(Ongkos_kirim): null

2023-10-04 19:39:50 - [TEST_STEP][PASSED] - FeeAdmin = getText(findTestObject("verifikasi/Fee Admin checkout")): Text of object 'Object Repository/verifikasi/Fee Admin checkout' is: 'Fee Admin
Rp 1,500'

2023-10-04 19:39:51 - [MESSAGE][PASSED] - Text of object 'Object Repository/verifikasi/Fee Admin checkout' is: 'Fee Admin
Rp 1,500'

2023-10-04 19:39:51 - [TEST_STEP][PASSED] - Fee_Admin = FeeAdmin.substring(12, FeeAdmin.size()): null

2023-10-04 19:39:51 - [TEST_STEP][PASSED] - fee = Fee_Admin.replace(",", "."): null

2023-10-04 19:39:51 - [TEST_STEP][PASSED] - fee_admin = Double.parseDouble(fee): null

2023-10-04 19:39:51 - [TEST_STEP][PASSED] - println(fee_admin): null

2023-10-04 19:39:51 - [TEST_STEP][PASSED] - Subtotal = getText(findTestObject("verifikasi/subtotal checkout")): Text of object 'Object Repository/verifikasi/subtotal checkout' is: 'Subtotal
Rp 1,299'

2023-10-04 19:39:51 - [MESSAGE][PASSED] - Text of object 'Object Repository/verifikasi/subtotal checkout' is: 'Subtotal
Rp 1,299'

2023-10-04 19:39:51 - [TEST_STEP][PASSED] - sub_total = Subtotal.substring(12, Subtotal.size()): null

2023-10-04 19:39:51 - [TEST_STEP][PASSED] - sub = sub_total.replace(",", "."): null

2023-10-04 19:39:51 - [TEST_STEP][PASSED] - sub_total = Double.parseDouble(sub): null

2023-10-04 19:39:51 - [TEST_STEP][PASSED] - println(sub_total): null

2023-10-04 19:39:51 - [TEST_STEP][PASSED] - Total = getText(findTestObject("verifikasi/Total checkout")): Text of object 'Object Repository/verifikasi/Total checkout' is: 'Rp 7,799'

2023-10-04 19:39:51 - [MESSAGE][PASSED] - Text of object 'Object Repository/verifikasi/Total checkout' is: 'Rp 7,799'

2023-10-04 19:39:51 - [TEST_STEP][PASSED] - totall = Total.substring(3, Total.size()): null

2023-10-04 19:39:51 - [TEST_STEP][PASSED] - total = totall.replace(",", "."): null

2023-10-04 19:39:51 - [TEST_STEP][PASSED] - totall = Double.parseDouble(total): null

2023-10-04 19:39:51 - [TEST_STEP][PASSED] - println(totall): null

2023-10-04 19:39:51 - [TEST_STEP][PASSED] - Total_Harga = Ongkos_kirim + fee_admin + sub_total: null

2023-10-04 19:39:51 - [TEST_STEP][PASSED] - println(Total_Harga): null

2023-10-04 19:39:51 - [TEST_STEP][PASSED] - TotalHarga = Math.round(Total_Harga * 1000) / 1000: null

2023-10-04 19:39:51 - [TEST_STEP][PASSED] - println(TotalHarga): null

2023-10-04 19:39:51 - [TEST_STEP][PASSED] - assert totall == TotalHarga: null

2023-10-04 19:39:51 - [TEST_STEP][PASSED] - click(findTestObject("Object Repository/checkout/metode pembayaran")): Object: 'Object Repository/checkout/metode pembayaran' is clicked on

2023-10-04 19:39:52 - [MESSAGE][PASSED] - Object: 'Object Repository/checkout/metode pembayaran' is clicked on

2023-10-04 19:39:52 - [TEST_STEP][PASSED] - click(findTestObject("checkout/button_Proses Pembayaran")): Object: 'Object Repository/checkout/button_Proses Pembayaran' is clicked on

2023-10-04 19:39:58 - [MESSAGE][PASSED] - Object: 'Object Repository/checkout/button_Proses Pembayaran' is clicked on

2023-10-04 19:39:58 - [TEST_STEP][PASSED] - verifyElementPresent(findTestObject("pembayaran/Tittle nomor invoice"), 0): Object 'Object Repository/pembayaran/Tittle nomor invoice' is present

2023-10-04 19:39:58 - [MESSAGE][WARNING] - Timeout '0' is invalid. Using default page load timeout: '30'

2023-10-04 19:40:04 - [MESSAGE][PASSED] - Object 'Object Repository/pembayaran/Tittle nomor invoice' is present

2023-10-04 19:40:04 - [TEST_STEP][PASSED] - return data: null

2023-10-04 19:40:04 - [MESSAGE][PASSED] - Call Test Case 'Test Cases/T13 Pembelian, Shipment dan Pembayaran/PBL-005' successfully

2023-10-04 19:40:04 - [TEST_STEP][PASSED] - Invoice = getText(findTestObject("pembayaran/nomor invoice")): Text of object 'Object Repository/pembayaran/nomor invoice' is: 'TRX60.20231004193954'

2023-10-04 19:40:04 - [MESSAGE][PASSED] - Text of object 'Object Repository/pembayaran/nomor invoice' is: 'TRX60.20231004193954'

2023-10-04 19:40:04 - [TEST_STEP][PASSED] - NamaPemesan = getText(findTestObject("Konfirmasi pesanan shop/Nama pemesan")): Text of object 'Object Repository/Konfirmasi pesanan shop/Nama pemesan' is: 'irfan.afandi'

2023-10-04 19:40:04 - [MESSAGE][PASSED] - Text of object 'Object Repository/Konfirmasi pesanan shop/Nama pemesan' is: 'irfan.afandi'

2023-10-04 19:40:04 - [TEST_STEP][PASSED] - data.put("invoice", Invoice): null

2023-10-04 19:40:04 - [TEST_STEP][PASSED] - Nama = getText(findTestObject("pembayaran/Nama barang")): Text of object 'Object Repository/pembayaran/Nama barang' is: 'Segitiga Instan Madeira - MDB5.3 Sunset'

2023-10-04 19:40:05 - [MESSAGE][PASSED] - Text of object 'Object Repository/pembayaran/Nama barang' is: 'Segitiga Instan Madeira - MDB5.3 Sunset'

2023-10-04 19:40:05 - [TEST_STEP][PASSED] - Harga = getText(findTestObject("pembayaran/Harga barang")): Text of object 'Object Repository/pembayaran/Harga barang' is: '1,299'

2023-10-04 19:40:05 - [MESSAGE][PASSED] - Text of object 'Object Repository/pembayaran/Harga barang' is: '1,299'

2023-10-04 19:40:05 - [TEST_STEP][PASSED] - name_product = data.get("nama_barang"): null

2023-10-04 19:40:05 - [TEST_STEP][PASSED] - price_product = data.get("price_barang"): null

2023-10-04 19:40:05 - [TEST_STEP][PASSED] - assert name_product.contains(Nama): null

2023-10-04 19:40:05 - [TEST_STEP][PASSED] - assert price_product.contains(Harga): null

2023-10-04 19:40:05 - [TEST_STEP][PASSED] - warnaa = getText(findTestObject("pembayaran/warna")): Text of object 'Object Repository/pembayaran/warna' is: 'Merah'

2023-10-04 19:40:05 - [MESSAGE][PASSED] - Text of object 'Object Repository/pembayaran/warna' is: 'Merah'

2023-10-04 19:40:05 - [TEST_STEP][PASSED] - ukurann = getText(findTestObject("pembayaran/ukuran")): Text of object 'Object Repository/pembayaran/ukuran' is: 'Menengah'

2023-10-04 19:40:06 - [MESSAGE][PASSED] - Text of object 'Object Repository/pembayaran/ukuran' is: 'Menengah'

2023-10-04 19:40:06 - [TEST_STEP][PASSED] - warna1 = data.get("Warna"): null

2023-10-04 19:40:06 - [TEST_STEP][PASSED] - ukuran1 = data.get("Ukuran"): null

2023-10-04 19:40:06 - [TEST_STEP][PASSED] - assert warnaa == warna1: null

2023-10-04 19:40:06 - [TEST_STEP][PASSED] - assert ukurann == ukuran1: null

2023-10-04 19:40:06 - [TEST_STEP][PASSED] - OngkosKirim = getText(findTestObject("pembayaran/ongkos kirim")): Text of object 'Object Repository/pembayaran/ongkos kirim' is: 'Rp 5,000'

2023-10-04 19:40:06 - [MESSAGE][PASSED] - Text of object 'Object Repository/pembayaran/ongkos kirim' is: 'Rp 5,000'

2023-10-04 19:40:06 - [TEST_STEP][PASSED] - Ongkos = OngkosKirim.substring(3, OngkosKirim.size()): null

2023-10-04 19:40:06 - [TEST_STEP][PASSED] - rep = Ongkos.replace(",", ""): null

2023-10-04 19:40:06 - [TEST_STEP][PASSED] - Ongkos_kirimm = Integer.parseInt(rep): null

2023-10-04 19:40:06 - [TEST_STEP][PASSED] - println(Ongkos_kirimm): null

2023-10-04 19:40:06 - [TEST_STEP][PASSED] - FeeAdmin = getText(findTestObject("pembayaran/fee admin")): Text of object 'Object Repository/pembayaran/fee admin' is: 'Rp 1,500'

2023-10-04 19:40:06 - [MESSAGE][PASSED] - Text of object 'Object Repository/pembayaran/fee admin' is: 'Rp 1,500'

2023-10-04 19:40:06 - [TEST_STEP][PASSED] - Fee_Admin = FeeAdmin.substring(3, FeeAdmin.size()): null

2023-10-04 19:40:06 - [TEST_STEP][PASSED] - fee = Fee_Admin.replace(",", ""): null

2023-10-04 19:40:06 - [TEST_STEP][PASSED] - fee_adminn = Integer.parseInt(fee): null

2023-10-04 19:40:06 - [TEST_STEP][PASSED] - println(fee_adminn): null

2023-10-04 19:40:06 - [TEST_STEP][PASSED] - Subtotal = getText(findTestObject("pembayaran/subtotal")): Text of object 'Object Repository/pembayaran/subtotal' is: 'Rp 1,299'

2023-10-04 19:40:06 - [MESSAGE][PASSED] - Text of object 'Object Repository/pembayaran/subtotal' is: 'Rp 1,299'

2023-10-04 19:40:06 - [TEST_STEP][PASSED] - sub_total = Subtotal.substring(3, Subtotal.size()): null

2023-10-04 19:40:06 - [TEST_STEP][PASSED] - sub = sub_total.replace(",", ""): null

2023-10-04 19:40:06 - [TEST_STEP][PASSED] - sub_totall = Integer.parseInt(sub): null

2023-10-04 19:40:06 - [TEST_STEP][PASSED] - println(sub_totall): null

2023-10-04 19:40:06 - [TEST_STEP][PASSED] - unik = getText(findTestObject("pembayaran/kode unik")): Text of object 'Object Repository/pembayaran/kode unik' is: '+954'

2023-10-04 19:40:07 - [MESSAGE][PASSED] - Text of object 'Object Repository/pembayaran/kode unik' is: '+954'

2023-10-04 19:40:07 - [TEST_STEP][PASSED] - unikk = unik.replace("+", ""): null

2023-10-04 19:40:07 - [TEST_STEP][PASSED] - kode_unik = Integer.parseInt(unikk): null

2023-10-04 19:40:07 - [TEST_STEP][PASSED] - println(kode_unik): null

2023-10-04 19:40:07 - [TEST_STEP][PASSED] - Total = getText(findTestObject("pembayaran/total")): Text of object 'Object Repository/pembayaran/total' is: '8,753'

2023-10-04 19:40:07 - [MESSAGE][PASSED] - Text of object 'Object Repository/pembayaran/total' is: '8,753'

2023-10-04 19:40:07 - [TEST_STEP][PASSED] - total = Total.replace(",", ""): null

2023-10-04 19:40:07 - [TEST_STEP][PASSED] - totalll = Integer.parseInt(total): null

2023-10-04 19:40:07 - [TEST_STEP][PASSED] - println(totalll): null

2023-10-04 19:40:07 - [TEST_STEP][PASSED] - Total_Hargaa = Ongkos_kirimm + fee_adminn + sub_totall + kode_unik: null

2023-10-04 19:40:07 - [TEST_STEP][PASSED] - println(Total_Hargaa): null

2023-10-04 19:40:07 - [TEST_STEP][PASSED] - assert totalll == Total_Hargaa: null

2023-10-04 19:40:07 - [TEST_STEP][PASSED] - data.put("total", Total): null

2023-10-04 19:40:07 - [TEST_STEP][PASSED] - data.put("nama", NamaPemesan): null

2023-10-04 19:40:07 - [TEST_STEP][PASSED] - return data: null

2023-10-04 19:40:07 - [MESSAGE][PASSED] - Call Test Case 'Test Cases/T13 Pembelian, Shipment dan Pembayaran/PBY-002' successfully

2023-10-04 19:40:07 - [TEST_STEP][PASSED] - click(findTestObject("Konfirmasi pesanan shop/Menu Shop")): Object: 'Object Repository/Konfirmasi pesanan shop/Menu Shop' is clicked on

2023-10-04 19:40:09 - [MESSAGE][PASSED] - Object: 'Object Repository/Konfirmasi pesanan shop/Menu Shop' is clicked on

2023-10-04 19:40:09 - [TEST_STEP][PASSED] - click(findTestObject("Konfirmasi pesanan shop/Menu Shop")): Object: 'Object Repository/Konfirmasi pesanan shop/Menu Shop' is clicked on

2023-10-04 19:40:10 - [MESSAGE][PASSED] - Object: 'Object Repository/Konfirmasi pesanan shop/Menu Shop' is clicked on

2023-10-04 19:40:10 - [TEST_STEP][PASSED] - click(findTestObject("Traking Order/a_Tracking Orders")): Object: 'Object Repository/Traking Order/a_Tracking Orders' is clicked on

2023-10-04 19:40:11 - [MESSAGE][PASSED] - Object: 'Object Repository/Traking Order/a_Tracking Orders' is clicked on

2023-10-04 19:40:11 - [TEST_STEP][PASSED] - verifyElementPresent(findTestObject("Traking Order/Tittle Tracking Order"), 0): Object 'Object Repository/Traking Order/Tittle Tracking Order' is present

2023-10-04 19:40:11 - [MESSAGE][WARNING] - Timeout '0' is invalid. Using default page load timeout: '30'

2023-10-04 19:40:11 - [MESSAGE][PASSED] - Object 'Object Repository/Traking Order/Tittle Tracking Order' is present

2023-10-04 19:40:11 - [TEST_STEP][PASSED] - inv = data.get("invoice"): null

2023-10-04 19:40:11 - [TEST_STEP][PASSED] - setText(findTestObject("Traking Order/input_No Pesanan_a"), inv): Text 'TRX60.20231004193954' is set on object 'Object Repository/Traking Order/input_No Pesanan_a'

2023-10-04 19:40:12 - [MESSAGE][PASSED] - Text 'TRX60.20231004193954' is set on object 'Object Repository/Traking Order/input_No Pesanan_a'

2023-10-04 19:40:12 - [TEST_STEP][PASSED] - setText(findTestObject("Traking Order/input_Alamat E-mail_form-control"), "irfan@gmail.com"): Text 'irfan@gmail.com' is set on object 'Object Repository/Traking Order/input_Alamat E-mail_form-control'

2023-10-04 19:40:13 - [MESSAGE][PASSED] - Text 'irfan@gmail.com' is set on object 'Object Repository/Traking Order/input_Alamat E-mail_form-control'

2023-10-04 19:40:13 - [TEST_STEP][PASSED] - click(findTestObject("Traking Order/button_Lacak Pesanan")): Object: 'Object Repository/Traking Order/button_Lacak Pesanan' is clicked on

2023-10-04 19:40:18 - [MESSAGE][PASSED] - Object: 'Object Repository/Traking Order/button_Lacak Pesanan' is clicked on

2023-10-04 19:40:18 - [TEST_STEP][PASSED] - verifyElementPresent(findTestObject("Traking Order/Tittle nomor transaksi"), 0): Object 'Object Repository/Traking Order/Tittle nomor transaksi' is present

2023-10-04 19:40:18 - [MESSAGE][WARNING] - Timeout '0' is invalid. Using default page load timeout: '30'

2023-10-04 19:40:19 - [MESSAGE][PASSED] - Object 'Object Repository/Traking Order/Tittle nomor transaksi' is present

2023-10-04 19:40:19 - [TEST_STEP][PASSED] - verifyElementPresent(findTestObject("Traking Order/status traking/Status Konfirmasi"), 0): Object 'Object Repository/Traking Order/status traking/Status Konfirmasi' is present

2023-10-04 19:40:19 - [MESSAGE][WARNING] - Timeout '0' is invalid. Using default page load timeout: '30'

2023-10-04 19:40:19 - [MESSAGE][PASSED] - Object 'Object Repository/Traking Order/status traking/Status Konfirmasi' is present

2023-10-04 19:40:19 - [TEST_STEP][PASSED] - Nama = getText(findTestObject("Object Repository/Traking Order/status traking/Nama Barang tracking order")): Text of object 'Object Repository/Traking Order/status traking/Nama Barang tracking order' is: 'Segitiga Instan Madeira - MDB5.3 Sunset'

2023-10-04 19:40:19 - [MESSAGE][PASSED] - Text of object 'Object Repository/Traking Order/status traking/Nama Barang tracking order' is: 'Segitiga Instan Madeira - MDB5.3 Sunset'

2023-10-04 19:40:19 - [TEST_STEP][PASSED] - Harga = getText(findTestObject("Object Repository/Traking Order/status traking/Harga Barang")): Text of object 'Object Repository/Traking Order/status traking/Harga Barang' is: '1,299'

2023-10-04 19:40:20 - [MESSAGE][PASSED] - Text of object 'Object Repository/Traking Order/status traking/Harga Barang' is: '1,299'

2023-10-04 19:40:20 - [TEST_STEP][PASSED] - name_product = data.get("nama_barang"): null

2023-10-04 19:40:20 - [TEST_STEP][PASSED] - price_product = data.get("price_barang"): null

2023-10-04 19:40:20 - [TEST_STEP][PASSED] - assert name_product.contains(Nama): null

2023-10-04 19:40:20 - [TEST_STEP][PASSED] - assert price_product.contains(Harga): null

2023-10-04 19:40:20 - [TEST_STEP][PASSED] - warnaa = getText(findTestObject("Object Repository/Traking Order/status traking/warna")): Text of object 'Object Repository/Traking Order/status traking/warna' is: 'Merah'

2023-10-04 19:40:20 - [MESSAGE][PASSED] - Text of object 'Object Repository/Traking Order/status traking/warna' is: 'Merah'

2023-10-04 19:40:20 - [TEST_STEP][PASSED] - ukurann = getText(findTestObject("Object Repository/Traking Order/status traking/Ukuruan")): Text of object 'Object Repository/Traking Order/status traking/Ukuruan' is: 'Menengah'

2023-10-04 19:40:20 - [MESSAGE][PASSED] - Text of object 'Object Repository/Traking Order/status traking/Ukuruan' is: 'Menengah'

2023-10-04 19:40:20 - [TEST_STEP][PASSED] - warna1 = data.get("Warna"): null

2023-10-04 19:40:20 - [TEST_STEP][PASSED] - ukuran1 = data.get("Ukuran"): null

2023-10-04 19:40:20 - [TEST_STEP][PASSED] - assert warnaa == warna1: null

2023-10-04 19:40:20 - [TEST_STEP][PASSED] - assert ukurann == ukuran1: null

2023-10-04 19:40:20 - [TEST_STEP][PASSED] - return data: null]]></system-out>
         <system-err><![CDATA[]]></system-err>
      </testcase>
      <testcase name="Test Cases/T13 Pembelian, Shipment dan Pembayaran/SU-002" time="111.068" classname="Test Cases/T13 Pembelian, Shipment dan Pembayaran/SU-002" status="FAILED">
         <failure type="FAILED" message="Test Cases/T13 Pembelian, Shipment dan Pembayaran/SU-002 FAILED.
Reason:
com.kms.katalon.core.exception.StepFailedException: Call Test Case 'Test Cases/T13 Pembelian, Shipment dan Pembayaran/SA-003' failed
	at com.kms.katalon.core.keyword.builtin.CallTestCaseKeyword$_callTestCase_closure1.doCall(CallTestCaseKeyword.groovy:63)
	at com.kms.katalon.core.keyword.builtin.CallTestCaseKeyword$_callTestCase_closure1.call(CallTestCaseKeyword.groovy)
	at com.kms.katalon.core.keyword.internal.KeywordMain.runKeyword(KeywordMain.groovy:75)
	at com.kms.katalon.core.keyword.builtin.CallTestCaseKeyword.callTestCase(CallTestCaseKeyword.groovy:81)
	at com.kms.katalon.core.keyword.builtin.CallTestCaseKeyword.execute(CallTestCaseKeyword.groovy:44)
	at com.kms.katalon.core.keyword.internal.KeywordExecutor.executeKeywordForPlatform(KeywordExecutor.groovy:74)
	at com.kms.katalon.core.keyword.BuiltinKeywords.callTestCase(BuiltinKeywords.groovy:310)
	at SU-002.run(SU-002:20)
	at com.kms.katalon.core.main.ScriptEngine.run(ScriptEngine.java:194)
	at com.kms.katalon.core.main.ScriptEngine.runScriptAsRawText(ScriptEngine.java:119)
	at com.kms.katalon.core.main.TestCaseExecutor.runScript(TestCaseExecutor.java:448)
	at com.kms.katalon.core.main.TestCaseExecutor.doExecute(TestCaseExecutor.java:439)
	at com.kms.katalon.core.main.TestCaseExecutor.processExecutionPhase(TestCaseExecutor.java:418)
	at com.kms.katalon.core.main.TestCaseExecutor.accessMainPhase(TestCaseExecutor.java:410)
	at com.kms.katalon.core.main.TestCaseExecutor.execute(TestCaseExecutor.java:285)
	at com.kms.katalon.core.common.CommonExecutor.accessTestCaseMainPhase(CommonExecutor.java:65)
	at com.kms.katalon.core.main.TestSuiteExecutor.accessTestSuiteMainPhase(TestSuiteExecutor.java:148)
	at com.kms.katalon.core.main.TestSuiteExecutor.execute(TestSuiteExecutor.java:106)
	at com.kms.katalon.core.main.TestCaseMain.startTestSuite(TestCaseMain.java:187)
	at com.kms.katalon.core.main.TestCaseMain$startTestSuite$0.call(Unknown Source)
	at TempTestSuite1696420804604.run(TempTestSuite1696420804604.groovy:36)
Caused by: com.kms.katalon.core.exception.StepFailedException: Unable to verify text 'Proses' is present 
	at com.kms.katalon.core.webui.keyword.internal.WebUIKeywordMain.stepFailed(WebUIKeywordMain.groovy:64)
	at com.kms.katalon.core.webui.keyword.internal.WebUIKeywordMain.runKeyword(WebUIKeywordMain.groovy:26)
	at com.kms.katalon.core.webui.keyword.builtin.VerifyTextPresentKeyword.verifyTextPresent(VerifyTextPresentKeyword.groovy:83)
	at com.kms.katalon.core.webui.keyword.builtin.VerifyTextPresentKeyword.execute(VerifyTextPresentKeyword.groovy:68)
	at com.kms.katalon.core.keyword.internal.KeywordExecutor.executeKeywordForPlatform(KeywordExecutor.groovy:74)
	at com.kms.katalon.core.webui.keyword.WebUiBuiltInKeywords.verifyTextPresent(WebUiBuiltInKeywords.groovy:1723)
	at com.kms.katalon.core.webui.keyword.WebUiBuiltInKeywords$verifyTextPresent$9.call(Unknown Source)
	at SA-003.run(SA-003:32)
	at com.kms.katalon.core.main.ScriptEngine.run(ScriptEngine.java:194)
	at com.kms.katalon.core.main.ScriptEngine.runScriptAsRawText(ScriptEngine.java:119)
	at com.kms.katalon.core.main.TestCaseExecutor.runScript(TestCaseExecutor.java:448)
	at com.kms.katalon.core.main.TestCaseExecutor.doExecute(TestCaseExecutor.java:439)
	at com.kms.katalon.core.main.TestCaseExecutor.processExecutionPhase(TestCaseExecutor.java:418)
	at com.kms.katalon.core.main.TestCaseExecutor.accessMainPhase(TestCaseExecutor.java:410)
	at com.kms.katalon.core.main.TestCaseExecutor.execute(TestCaseExecutor.java:285)
	at com.kms.katalon.core.main.TestCaseMain.runTestCase(TestCaseMain.java:144)
	at com.kms.katalon.core.keyword.builtin.CallTestCaseKeyword$_callTestCase_closure1.doCall(CallTestCaseKeyword.groovy:59)
	... 20 more
Caused by: com.kms.katalon.core.exception.StepFailedException: Text 'Proses' is not present on page 
	at com.kms.katalon.core.webui.keyword.internal.WebUIKeywordMain.stepFailed(WebUIKeywordMain.groovy:64)
	at com.kms.katalon.core.webui.keyword.builtin.VerifyTextPresentKeyword$_verifyTextPresent_closure1.doCall(VerifyTextPresentKeyword.groovy:79)
	at com.kms.katalon.core.webui.keyword.builtin.VerifyTextPresentKeyword$_verifyTextPresent_closure1.call(VerifyTextPresentKeyword.groovy)
	at com.kms.katalon.core.webui.keyword.internal.WebUIKeywordMain.runKeyword(WebUIKeywordMain.groovy:20)
	... 35 more
"/>
         <system-out><![CDATA[2023-10-04 19:40:20 - [TEST_CASE][FAILED] - Test Cases/T13 Pembelian, Shipment dan Pembayaran/SU-002: Test Cases/T13 Pembelian, Shipment dan Pembayaran/SU-002 FAILED.
Reason:
com.kms.katalon.core.exception.StepFailedException: Call Test Case 'Test Cases/T13 Pembelian, Shipment dan Pembayaran/SA-003' failed
	at com.kms.katalon.core.keyword.builtin.CallTestCaseKeyword$_callTestCase_closure1.doCall(CallTestCaseKeyword.groovy:63)
	at com.kms.katalon.core.keyword.builtin.CallTestCaseKeyword$_callTestCase_closure1.call(CallTestCaseKeyword.groovy)
	at com.kms.katalon.core.keyword.internal.KeywordMain.runKeyword(KeywordMain.groovy:75)
	at com.kms.katalon.core.keyword.builtin.CallTestCaseKeyword.callTestCase(CallTestCaseKeyword.groovy:81)
	at com.kms.katalon.core.keyword.builtin.CallTestCaseKeyword.execute(CallTestCaseKeyword.groovy:44)
	at com.kms.katalon.core.keyword.internal.KeywordExecutor.executeKeywordForPlatform(KeywordExecutor.groovy:74)
	at com.kms.katalon.core.keyword.BuiltinKeywords.callTestCase(BuiltinKeywords.groovy:310)
	at SU-002.run(SU-002:20)
	at com.kms.katalon.core.main.ScriptEngine.run(ScriptEngine.java:194)
	at com.kms.katalon.core.main.ScriptEngine.runScriptAsRawText(ScriptEngine.java:119)
	at com.kms.katalon.core.main.TestCaseExecutor.runScript(TestCaseExecutor.java:448)
	at com.kms.katalon.core.main.TestCaseExecutor.doExecute(TestCaseExecutor.java:439)
	at com.kms.katalon.core.main.TestCaseExecutor.processExecutionPhase(TestCaseExecutor.java:418)
	at com.kms.katalon.core.main.TestCaseExecutor.accessMainPhase(TestCaseExecutor.java:410)
	at com.kms.katalon.core.main.TestCaseExecutor.execute(TestCaseExecutor.java:285)
	at com.kms.katalon.core.common.CommonExecutor.accessTestCaseMainPhase(CommonExecutor.java:65)
	at com.kms.katalon.core.main.TestSuiteExecutor.accessTestSuiteMainPhase(TestSuiteExecutor.java:148)
	at com.kms.katalon.core.main.TestSuiteExecutor.execute(TestSuiteExecutor.java:106)
	at com.kms.katalon.core.main.TestCaseMain.startTestSuite(TestCaseMain.java:187)
	at com.kms.katalon.core.main.TestCaseMain$startTestSuite$0.call(Unknown Source)
	at TempTestSuite1696420804604.run(TempTestSuite1696420804604.groovy:36)
Caused by: com.kms.katalon.core.exception.StepFailedException: Unable to verify text 'Proses' is present 
	at com.kms.katalon.core.webui.keyword.internal.WebUIKeywordMain.stepFailed(WebUIKeywordMain.groovy:64)
	at com.kms.katalon.core.webui.keyword.internal.WebUIKeywordMain.runKeyword(WebUIKeywordMain.groovy:26)
	at com.kms.katalon.core.webui.keyword.builtin.VerifyTextPresentKeyword.verifyTextPresent(VerifyTextPresentKeyword.groovy:83)
	at com.kms.katalon.core.webui.keyword.builtin.VerifyTextPresentKeyword.execute(VerifyTextPresentKeyword.groovy:68)
	at com.kms.katalon.core.keyword.internal.KeywordExecutor.executeKeywordForPlatform(KeywordExecutor.groovy:74)
	at com.kms.katalon.core.webui.keyword.WebUiBuiltInKeywords.verifyTextPresent(WebUiBuiltInKeywords.groovy:1723)
	at com.kms.katalon.core.webui.keyword.WebUiBuiltInKeywords$verifyTextPresent$9.call(Unknown Source)
	at SA-003.run(SA-003:32)
	at com.kms.katalon.core.main.ScriptEngine.run(ScriptEngine.java:194)
	at com.kms.katalon.core.main.ScriptEngine.runScriptAsRawText(ScriptEngine.java:119)
	at com.kms.katalon.core.main.TestCaseExecutor.runScript(TestCaseExecutor.java:448)
	at com.kms.katalon.core.main.TestCaseExecutor.doExecute(TestCaseExecutor.java:439)
	at com.kms.katalon.core.main.TestCaseExecutor.processExecutionPhase(TestCaseExecutor.java:418)
	at com.kms.katalon.core.main.TestCaseExecutor.accessMainPhase(TestCaseExecutor.java:410)
	at com.kms.katalon.core.main.TestCaseExecutor.execute(TestCaseExecutor.java:285)
	at com.kms.katalon.core.main.TestCaseMain.runTestCase(TestCaseMain.java:144)
	at com.kms.katalon.core.keyword.builtin.CallTestCaseKeyword$_callTestCase_closure1.doCall(CallTestCaseKeyword.groovy:59)
	... 20 more
Caused by: com.kms.katalon.core.exception.StepFailedException: Text 'Proses' is not present on page 
	at com.kms.katalon.core.webui.keyword.internal.WebUIKeywordMain.stepFailed(WebUIKeywordMain.groovy:64)
	at com.kms.katalon.core.webui.keyword.builtin.VerifyTextPresentKeyword$_verifyTextPresent_closure1.doCall(VerifyTextPresentKeyword.groovy:79)
	at com.kms.katalon.core.webui.keyword.builtin.VerifyTextPresentKeyword$_verifyTextPresent_closure1.call(VerifyTextPresentKeyword.groovy)
	at com.kms.katalon.core.webui.keyword.internal.WebUIKeywordMain.runKeyword(WebUIKeywordMain.groovy:20)
	... 35 more


2023-10-04 19:40:21 - [TEST_STEP][FAILED] - data = callTestCase(findTestCase("T13 Pembelian, Shipment dan Pembayaran/SA-003"), [:], STOP_ON_FAILURE): Unable to call Test Case 'Test Cases/T13 Pembelian, Shipment dan Pembayaran/SA-003' (Root cause: com.kms.katalon.core.exception.StepFailedException: Call Test Case 'Test Cases/T13 Pembelian, Shipment dan Pembayaran/SA-003' failed
	at com.kms.katalon.core.keyword.builtin.CallTestCaseKeyword$_callTestCase_closure1.doCall(CallTestCaseKeyword.groovy:63)
	at com.kms.katalon.core.keyword.builtin.CallTestCaseKeyword$_callTestCase_closure1.call(CallTestCaseKeyword.groovy)
	at com.kms.katalon.core.keyword.internal.KeywordMain.runKeyword(KeywordMain.groovy:75)
	at com.kms.katalon.core.keyword.builtin.CallTestCaseKeyword.callTestCase(CallTestCaseKeyword.groovy:81)
	at com.kms.katalon.core.keyword.builtin.CallTestCaseKeyword.execute(CallTestCaseKeyword.groovy:44)
	at com.kms.katalon.core.keyword.internal.KeywordExecutor.executeKeywordForPlatform(KeywordExecutor.groovy:74)
	at com.kms.katalon.core.keyword.BuiltinKeywords.callTestCase(BuiltinKeywords.groovy:310)
	at SU-002.run(SU-002:20)
	at com.kms.katalon.core.main.ScriptEngine.run(ScriptEngine.java:194)
	at com.kms.katalon.core.main.ScriptEngine.runScriptAsRawText(ScriptEngine.java:119)
	at com.kms.katalon.core.main.TestCaseExecutor.runScript(TestCaseExecutor.java:448)
	at com.kms.katalon.core.main.TestCaseExecutor.doExecute(TestCaseExecutor.java:439)
	at com.kms.katalon.core.main.TestCaseExecutor.processExecutionPhase(TestCaseExecutor.java:418)
	at com.kms.katalon.core.main.TestCaseExecutor.accessMainPhase(TestCaseExecutor.java:410)
	at com.kms.katalon.core.main.TestCaseExecutor.execute(TestCaseExecutor.java:285)
	at com.kms.katalon.core.common.CommonExecutor.accessTestCaseMainPhase(CommonExecutor.java:65)
	at com.kms.katalon.core.main.TestSuiteExecutor.accessTestSuiteMainPhase(TestSuiteExecutor.java:148)
	at com.kms.katalon.core.main.TestSuiteExecutor.execute(TestSuiteExecutor.java:106)
	at com.kms.katalon.core.main.TestCaseMain.startTestSuite(TestCaseMain.java:187)
	at com.kms.katalon.core.main.TestCaseMain$startTestSuite$0.call(Unknown Source)
	at TempTestSuite1696420804604.run(TempTestSuite1696420804604.groovy:36)
Caused by: com.kms.katalon.core.exception.StepFailedException: Unable to verify text 'Proses' is present 
	at com.kms.katalon.core.webui.keyword.internal.WebUIKeywordMain.stepFailed(WebUIKeywordMain.groovy:64)
	at com.kms.katalon.core.webui.keyword.internal.WebUIKeywordMain.runKeyword(WebUIKeywordMain.groovy:26)
	at com.kms.katalon.core.webui.keyword.builtin.VerifyTextPresentKeyword.verifyTextPresent(VerifyTextPresentKeyword.groovy:83)
	at com.kms.katalon.core.webui.keyword.builtin.VerifyTextPresentKeyword.execute(VerifyTextPresentKeyword.groovy:68)
	at com.kms.katalon.core.keyword.internal.KeywordExecutor.executeKeywordForPlatform(KeywordExecutor.groovy:74)
	at com.kms.katalon.core.webui.keyword.WebUiBuiltInKeywords.verifyTextPresent(WebUiBuiltInKeywords.groovy:1723)
	at com.kms.katalon.core.webui.keyword.WebUiBuiltInKeywords$verifyTextPresent$9.call(Unknown Source)
	at SA-003.run(SA-003:32)
	at com.kms.katalon.core.main.ScriptEngine.run(ScriptEngine.java:194)
	at com.kms.katalon.core.main.ScriptEngine.runScriptAsRawText(ScriptEngine.java:119)
	at com.kms.katalon.core.main.TestCaseExecutor.runScript(TestCaseExecutor.java:448)
	at com.kms.katalon.core.main.TestCaseExecutor.doExecute(TestCaseExecutor.java:439)
	at com.kms.katalon.core.main.TestCaseExecutor.processExecutionPhase(TestCaseExecutor.java:418)
	at com.kms.katalon.core.main.TestCaseExecutor.accessMainPhase(TestCaseExecutor.java:410)
	at com.kms.katalon.core.main.TestCaseExecutor.execute(TestCaseExecutor.java:285)
	at com.kms.katalon.core.main.TestCaseMain.runTestCase(TestCaseMain.java:144)
	at com.kms.katalon.core.keyword.builtin.CallTestCaseKeyword$_callTestCase_closure1.doCall(CallTestCaseKeyword.groovy:59)
	... 20 more
Caused by: com.kms.katalon.core.exception.StepFailedException: Text 'Proses' is not present on page 
	at com.kms.katalon.core.webui.keyword.internal.WebUIKeywordMain.stepFailed(WebUIKeywordMain.groovy:64)
	at com.kms.katalon.core.webui.keyword.builtin.VerifyTextPresentKeyword$_verifyTextPresent_closure1.doCall(VerifyTextPresentKeyword.groovy:79)
	at com.kms.katalon.core.webui.keyword.builtin.VerifyTextPresentKeyword$_verifyTextPresent_closure1.call(VerifyTextPresentKeyword.groovy)
	at com.kms.katalon.core.webui.keyword.internal.WebUIKeywordMain.runKeyword(WebUIKeywordMain.groovy:20)
	... 35 more
)

2023-10-04 19:40:21 - [TEST_CASE][FAILED] - Test Cases/T13 Pembelian, Shipment dan Pembayaran/SA-003: Test Cases/T13 Pembelian, Shipment dan Pembayaran/SA-003 FAILED.
Reason:
com.kms.katalon.core.exception.StepFailedException: Unable to verify text 'Proses' is present 
	at com.kms.katalon.core.webui.keyword.internal.WebUIKeywordMain.stepFailed(WebUIKeywordMain.groovy:64)
	at com.kms.katalon.core.webui.keyword.internal.WebUIKeywordMain.runKeyword(WebUIKeywordMain.groovy:26)
	at com.kms.katalon.core.webui.keyword.builtin.VerifyTextPresentKeyword.verifyTextPresent(VerifyTextPresentKeyword.groovy:83)
	at com.kms.katalon.core.webui.keyword.builtin.VerifyTextPresentKeyword.execute(VerifyTextPresentKeyword.groovy:68)
	at com.kms.katalon.core.keyword.internal.KeywordExecutor.executeKeywordForPlatform(KeywordExecutor.groovy:74)
	at com.kms.katalon.core.webui.keyword.WebUiBuiltInKeywords.verifyTextPresent(WebUiBuiltInKeywords.groovy:1723)
	at com.kms.katalon.core.webui.keyword.WebUiBuiltInKeywords$verifyTextPresent$9.call(Unknown Source)
	at SA-003.run(SA-003:32)
	at com.kms.katalon.core.main.ScriptEngine.run(ScriptEngine.java:194)
	at com.kms.katalon.core.main.ScriptEngine.runScriptAsRawText(ScriptEngine.java:119)
	at com.kms.katalon.core.main.TestCaseExecutor.runScript(TestCaseExecutor.java:448)
	at com.kms.katalon.core.main.TestCaseExecutor.doExecute(TestCaseExecutor.java:439)
	at com.kms.katalon.core.main.TestCaseExecutor.processExecutionPhase(TestCaseExecutor.java:418)
	at com.kms.katalon.core.main.TestCaseExecutor.accessMainPhase(TestCaseExecutor.java:410)
	at com.kms.katalon.core.main.TestCaseExecutor.execute(TestCaseExecutor.java:285)
	at com.kms.katalon.core.main.TestCaseMain.runTestCase(TestCaseMain.java:144)
	at com.kms.katalon.core.keyword.builtin.CallTestCaseKeyword$_callTestCase_closure1.doCall(CallTestCaseKeyword.groovy:59)
	at com.kms.katalon.core.keyword.builtin.CallTestCaseKeyword$_callTestCase_closure1.call(CallTestCaseKeyword.groovy)
	at com.kms.katalon.core.keyword.internal.KeywordMain.runKeyword(KeywordMain.groovy:75)
	at com.kms.katalon.core.keyword.builtin.CallTestCaseKeyword.callTestCase(CallTestCaseKeyword.groovy:81)
	at com.kms.katalon.core.keyword.builtin.CallTestCaseKeyword.execute(CallTestCaseKeyword.groovy:44)
	at com.kms.katalon.core.keyword.internal.KeywordExecutor.executeKeywordForPlatform(KeywordExecutor.groovy:74)
	at com.kms.katalon.core.keyword.BuiltinKeywords.callTestCase(BuiltinKeywords.groovy:310)
	at SU-002.run(SU-002:20)
	at com.kms.katalon.core.main.ScriptEngine.run(ScriptEngine.java:194)
	at com.kms.katalon.core.main.ScriptEngine.runScriptAsRawText(ScriptEngine.java:119)
	at com.kms.katalon.core.main.TestCaseExecutor.runScript(TestCaseExecutor.java:448)
	at com.kms.katalon.core.main.TestCaseExecutor.doExecute(TestCaseExecutor.java:439)
	at com.kms.katalon.core.main.TestCaseExecutor.processExecutionPhase(TestCaseExecutor.java:418)
	at com.kms.katalon.core.main.TestCaseExecutor.accessMainPhase(TestCaseExecutor.java:410)
	at com.kms.katalon.core.main.TestCaseExecutor.execute(TestCaseExecutor.java:285)
	at com.kms.katalon.core.common.CommonExecutor.accessTestCaseMainPhase(CommonExecutor.java:65)
	at com.kms.katalon.core.main.TestSuiteExecutor.accessTestSuiteMainPhase(TestSuiteExecutor.java:148)
	at com.kms.katalon.core.main.TestSuiteExecutor.execute(TestSuiteExecutor.java:106)
	at com.kms.katalon.core.main.TestCaseMain.startTestSuite(TestCaseMain.java:187)
	at com.kms.katalon.core.main.TestCaseMain$startTestSuite$0.call(Unknown Source)
	at TempTestSuite1696420804604.run(TempTestSuite1696420804604.groovy:36)
Caused by: com.kms.katalon.core.exception.StepFailedException: Text 'Proses' is not present on page 
	at com.kms.katalon.core.webui.keyword.internal.WebUIKeywordMain.stepFailed(WebUIKeywordMain.groovy:64)
	at com.kms.katalon.core.webui.keyword.builtin.VerifyTextPresentKeyword$_verifyTextPresent_closure1.doCall(VerifyTextPresentKeyword.groovy:79)
	at com.kms.katalon.core.webui.keyword.builtin.VerifyTextPresentKeyword$_verifyTextPresent_closure1.call(VerifyTextPresentKeyword.groovy)
	at com.kms.katalon.core.webui.keyword.internal.WebUIKeywordMain.runKeyword(WebUIKeywordMain.groovy:20)
	... 35 more


2023-10-04 19:40:21 - [TEST_STEP][PASSED] - data = callTestCase(findTestCase("T13 Pembelian, Shipment dan Pembayaran/SA-002"), [:], STOP_ON_FAILURE): Call Test Case 'Test Cases/T13 Pembelian, Shipment dan Pembayaran/SA-002' successfully

2023-10-04 19:40:21 - [TEST_CASE][PASSED] - Test Cases/T13 Pembelian, Shipment dan Pembayaran/SA-002: Test Cases/T13 Pembelian, Shipment dan Pembayaran/SA-002

2023-10-04 19:40:21 - [TEST_STEP][PASSED] - data = callTestCase(findTestCase("T13 Pembelian, Shipment dan Pembayaran/SA-001"), [:], STOP_ON_FAILURE): Call Test Case 'Test Cases/T13 Pembelian, Shipment dan Pembayaran/SA-001' successfully

2023-10-04 19:40:21 - [TEST_CASE][PASSED] - Test Cases/T13 Pembelian, Shipment dan Pembayaran/SA-001: Test Cases/T13 Pembelian, Shipment dan Pembayaran/SA-001

2023-10-04 19:40:21 - [TEST_STEP][PASSED] - data = callTestCase(findTestCase("T13 Pembelian, Shipment dan Pembayaran/PBYA-001"), [:], STOP_ON_FAILURE): Call Test Case 'Test Cases/T13 Pembelian, Shipment dan Pembayaran/PBYA-001' successfully

2023-10-04 19:40:21 - [TEST_CASE][PASSED] - Test Cases/T13 Pembelian, Shipment dan Pembayaran/PBYA-001: Test Cases/T13 Pembelian, Shipment dan Pembayaran/PBYA-001

2023-10-04 19:40:21 - [TEST_STEP][PASSED] - data = callTestCase(findTestCase("T13 Pembelian, Shipment dan Pembayaran/PBY-004"), [:], STOP_ON_FAILURE): Call Test Case 'Test Cases/T13 Pembelian, Shipment dan Pembayaran/PBY-004' successfully

2023-10-04 19:40:21 - [TEST_CASE][PASSED] - Test Cases/T13 Pembelian, Shipment dan Pembayaran/PBY-004: Test Cases/T13 Pembelian, Shipment dan Pembayaran/PBY-004

2023-10-04 19:40:21 - [TEST_STEP][PASSED] - data = callTestCase(findTestCase("T13 Pembelian, Shipment dan Pembayaran/PBY-001"), [:], STOP_ON_FAILURE): Call Test Case 'Test Cases/T13 Pembelian, Shipment dan Pembayaran/PBY-001' successfully

2023-10-04 19:40:21 - [TEST_CASE][PASSED] - Test Cases/T13 Pembelian, Shipment dan Pembayaran/PBY-001: Test Cases/T13 Pembelian, Shipment dan Pembayaran/PBY-001

2023-10-04 19:40:21 - [TEST_STEP][PASSED] - data = callTestCase(findTestCase("T13 Pembelian, Shipment dan Pembayaran/PBL-004"), ["Kurir":"Roda 2"], STOP_ON_FAILURE): Call Test Case 'Test Cases/T13 Pembelian, Shipment dan Pembayaran/PBL-004' successfully

2023-10-04 19:40:21 - [TEST_CASE][PASSED] - Test Cases/T13 Pembelian, Shipment dan Pembayaran/PBL-004: Test Cases/T13 Pembelian, Shipment dan Pembayaran/PBL-004

2023-10-04 19:40:21 - [TEST_STEP][PASSED] - data = callTestCase(findTestCase("T13 Pembelian, Shipment dan Pembayaran/PBL-002"), [:], STOP_ON_FAILURE): Call Test Case 'Test Cases/T13 Pembelian, Shipment dan Pembayaran/PBL-002' successfully

2023-10-04 19:40:21 - [TEST_CASE][PASSED] - Test Cases/T13 Pembelian, Shipment dan Pembayaran/PBL-002: Test Cases/T13 Pembelian, Shipment dan Pembayaran/PBL-002

2023-10-04 19:40:21 - [TEST_STEP][PASSED] - data = callTestCase(findTestCase("T13 Pembelian, Shipment dan Pembayaran/PBL-001"), [:], STOP_ON_FAILURE): Call Test Case 'Test Cases/T13 Pembelian, Shipment dan Pembayaran/PBL-001' successfully

2023-10-04 19:40:21 - [TEST_CASE][PASSED] - Test Cases/T13 Pembelian, Shipment dan Pembayaran/PBL-001: Test Cases/T13 Pembelian, Shipment dan Pembayaran/PBL-001

2023-10-04 19:40:21 - [TEST_STEP][PASSED] - callTestCase(findTestCase("T13 Pembelian, Shipment dan Pembayaran/LU-001"), ["username":"irfanafandi", "password":"12345irfan"], STOP_ON_FAILURE): Call Test Case 'Test Cases/T13 Pembelian, Shipment dan Pembayaran/LU-001' successfully

2023-10-04 19:40:21 - [TEST_CASE][PASSED] - Test Cases/T13 Pembelian, Shipment dan Pembayaran/LU-001: Test Cases/T13 Pembelian, Shipment dan Pembayaran/LU-001

2023-10-04 19:40:21 - [TEST_STEP][PASSED] - openBrowser("https://10.9.2.63/ecommerce/"): Browser is opened with url: 'https://10.9.2.63/ecommerce/'

2023-10-04 19:40:21 - [MESSAGE][WARNING] - A browser is already opened. Closing browser and opening a new one

2023-10-04 19:40:24 - [MESSAGE][INFO] - Starting 'Firefox' driver

2023-10-04 19:40:24 - [MESSAGE][INFO] - User set preference: ['args', '[--disable-notifications]']

2023-10-04 19:40:24 - [MESSAGE][INFO] - Action delay is set to 0 milliseconds

2023-10-04 19:40:28 - [MESSAGE][PASSED] - Browser is opened with url: 'https://10.9.2.63/ecommerce/'

2023-10-04 19:40:28 - [TEST_STEP][PASSED] - maximizeWindow(): Current window maximized

2023-10-04 19:40:28 - [MESSAGE][PASSED] - Current window maximized

2023-10-04 19:40:28 - [TEST_STEP][PASSED] - verifyElementPresent(findTestObject("Login/Home"), 0): Object 'Object Repository/Login/Home' is present

2023-10-04 19:40:28 - [MESSAGE][WARNING] - Timeout '0' is invalid. Using default page load timeout: '30'

2023-10-04 19:40:28 - [MESSAGE][PASSED] - Object 'Object Repository/Login/Home' is present

2023-10-04 19:40:28 - [TEST_STEP][PASSED] - click(findTestObject("Login/a_Login")): Object: 'Object Repository/Login/a_Login' is clicked on

2023-10-04 19:40:29 - [MESSAGE][PASSED] - Object: 'Object Repository/Login/a_Login' is clicked on

2023-10-04 19:40:29 - [TEST_STEP][PASSED] - verifyElementPresent(findTestObject("Login/Tittle Login"), 0): Object 'Object Repository/Login/Tittle Login' is present

2023-10-04 19:40:29 - [MESSAGE][WARNING] - Timeout '0' is invalid. Using default page load timeout: '30'

2023-10-04 19:40:30 - [MESSAGE][PASSED] - Object 'Object Repository/Login/Tittle Login' is present

2023-10-04 19:40:30 - [TEST_STEP][PASSED] - setText(findTestObject("Login/input_Username, Email atau No. Handphone_a"), username): Text 'irfanafandi' is set on object 'Object Repository/Login/input_Username, Email atau No. Handphone_a'

2023-10-04 19:40:30 - [MESSAGE][PASSED] - Text 'irfanafandi' is set on object 'Object Repository/Login/input_Username, Email atau No. Handphone_a'

2023-10-04 19:40:30 - [TEST_STEP][PASSED] - setText(findTestObject("Login/input_Password_b"), password): Text '12345irfan' is set on object 'Object Repository/Login/input_Password_b'

2023-10-04 19:40:31 - [MESSAGE][PASSED] - Text '12345irfan' is set on object 'Object Repository/Login/input_Password_b'

2023-10-04 19:40:31 - [TEST_STEP][PASSED] - click(findTestObject("Login/label_Ingat saya")): Object: 'Object Repository/Login/label_Ingat saya' is clicked on

2023-10-04 19:40:31 - [MESSAGE][PASSED] - Object: 'Object Repository/Login/label_Ingat saya' is clicked on

2023-10-04 19:40:31 - [TEST_STEP][PASSED] - click(findTestObject("Login/button_Masuk")): Object: 'Object Repository/Login/button_Masuk' is clicked on

2023-10-04 19:40:32 - [MESSAGE][PASSED] - Object: 'Object Repository/Login/button_Masuk' is clicked on

2023-10-04 19:40:32 - [TEST_STEP][PASSED] - verifyElementPresent(findTestObject("Login/li_Profile"), 0): Object 'Object Repository/Login/li_Profile' is present

2023-10-04 19:40:32 - [MESSAGE][WARNING] - Timeout '0' is invalid. Using default page load timeout: '30'

2023-10-04 19:40:33 - [MESSAGE][PASSED] - Object 'Object Repository/Login/li_Profile' is present

2023-10-04 19:40:33 - [MESSAGE][PASSED] - Call Test Case 'Test Cases/T13 Pembelian, Shipment dan Pembayaran/LU-001' successfully

2023-10-04 19:40:33 - [TEST_STEP][PASSED] - mouseOver(findTestObject("beli barang/i_Mulai Belanja_icon-menu")): Object: 'Object Repository/beli barang/i_Mulai Belanja_icon-menu' is hovered

2023-10-04 19:40:33 - [MESSAGE][PASSED] - Object: 'Object Repository/beli barang/i_Mulai Belanja_icon-menu' is hovered

2023-10-04 19:40:33 - [TEST_STEP][PASSED] - click(findTestObject("beli barang/a_Fashion  Busana Wanita")): Object: 'Object Repository/beli barang/a_Fashion  Busana Wanita' is clicked on

2023-10-04 19:40:34 - [MESSAGE][PASSED] - Object: 'Object Repository/beli barang/a_Fashion  Busana Wanita' is clicked on

2023-10-04 19:40:34 - [TEST_STEP][PASSED] - NamaSebelum = getText(findTestObject("verifikasi/Nama sebelum")): Text of object 'Object Repository/verifikasi/Nama sebelum' is: ''

2023-10-04 19:40:35 - [MESSAGE][PASSED] - Text of object 'Object Repository/verifikasi/Nama sebelum' is: ''

2023-10-04 19:40:35 - [TEST_STEP][PASSED] - HargaSebelum = getText(findTestObject("verifikasi/Harga sebelum")): Text of object 'Object Repository/verifikasi/Harga sebelum' is: 'Rp 1,299'

2023-10-04 19:40:35 - [MESSAGE][PASSED] - Text of object 'Object Repository/verifikasi/Harga sebelum' is: 'Rp 1,299'

2023-10-04 19:40:35 - [TEST_STEP][PASSED] - mouseOver(findTestObject("beli barang/barang mouse over")): Object: 'Object Repository/beli barang/barang mouse over' is hovered

2023-10-04 19:40:36 - [MESSAGE][PASSED] - Object: 'Object Repository/beli barang/barang mouse over' is hovered

2023-10-04 19:40:36 - [TEST_STEP][PASSED] - click(findTestObject("beli barang/buttom add to cart")): Object: 'Object Repository/beli barang/buttom add to cart' is clicked on

2023-10-04 19:40:37 - [MESSAGE][PASSED] - Object: 'Object Repository/beli barang/buttom add to cart' is clicked on

2023-10-04 19:40:37 - [TEST_STEP][PASSED] - NamaSesudah = getText(findTestObject("verifikasi/Nama sesudah")): Text of object 'Object Repository/verifikasi/Nama sesudah' is: 'Segitiga Instan Madeira - MDB5.3 Sunset'

2023-10-04 19:40:38 - [MESSAGE][PASSED] - Text of object 'Object Repository/verifikasi/Nama sesudah' is: 'Segitiga Instan Madeira - MDB5.3 Sunset'

2023-10-04 19:40:38 - [TEST_STEP][PASSED] - HargaSesudah = getText(findTestObject("verifikasi/Harga sesudah")): Text of object 'Object Repository/verifikasi/Harga sesudah' is: 'Rp 1,299'

2023-10-04 19:40:38 - [MESSAGE][PASSED] - Text of object 'Object Repository/verifikasi/Harga sesudah' is: 'Rp 1,299'

2023-10-04 19:40:38 - [TEST_STEP][PASSED] - assert NamaSesudah.contains(NamaSebelum): null

2023-10-04 19:40:38 - [TEST_STEP][PASSED] - assert HargaSesudah.contains(HargaSebelum): null

2023-10-04 19:40:38 - [TEST_STEP][PASSED] - click(findTestObject("beli barang/Tambah Keranjang busana wanita")): Object: 'Object Repository/beli barang/Tambah Keranjang busana wanita' is clicked on

2023-10-04 19:40:39 - [MESSAGE][PASSED] - Object: 'Object Repository/beli barang/Tambah Keranjang busana wanita' is clicked on

2023-10-04 19:40:39 - [TEST_STEP][PASSED] - verifyElementPresent(findTestObject("checkout/Notifikasi keranjang"), 1): Object 'Object Repository/checkout/Notifikasi keranjang' is present

2023-10-04 19:40:39 - [MESSAGE][PASSED] - Object 'Object Repository/checkout/Notifikasi keranjang' is present

2023-10-04 19:40:39 - [TEST_STEP][PASSED] - data = new java.util.HashMap(): null

2023-10-04 19:40:39 - [TEST_STEP][PASSED] - data.put("nama_barang", NamaSesudah): null

2023-10-04 19:40:39 - [TEST_STEP][PASSED] - data.put("price_barang", HargaSesudah): null

2023-10-04 19:40:39 - [TEST_STEP][PASSED] - return data: null

2023-10-04 19:40:39 - [MESSAGE][PASSED] - Call Test Case 'Test Cases/T13 Pembelian, Shipment dan Pembayaran/PBL-001' successfully

2023-10-04 19:40:39 - [TEST_STEP][PASSED] - mouseOver(findTestObject("beli barang/keranjang")): Object: 'Object Repository/beli barang/keranjang' is hovered

2023-10-04 19:40:40 - [MESSAGE][PASSED] - Object: 'Object Repository/beli barang/keranjang' is hovered

2023-10-04 19:40:40 - [TEST_STEP][PASSED] - click(findTestObject("beli barang/Lihat Sekarang")): Object: 'Object Repository/beli barang/Lihat Sekarang' is clicked on

2023-10-04 19:40:41 - [MESSAGE][PASSED] - Object: 'Object Repository/beli barang/Lihat Sekarang' is clicked on

2023-10-04 19:40:41 - [TEST_STEP][PASSED] - verifyElementPresent(findTestObject("keranjang/li_Keranjang Belanja"), 0): Object 'Object Repository/keranjang/li_Keranjang Belanja' is present

2023-10-04 19:40:41 - [MESSAGE][WARNING] - Timeout '0' is invalid. Using default page load timeout: '30'

2023-10-04 19:40:42 - [MESSAGE][PASSED] - Object 'Object Repository/keranjang/li_Keranjang Belanja' is present

2023-10-04 19:40:42 - [TEST_STEP][PASSED] - NamaKeranjang = getText(findTestObject("verifikasi/Nama keranjang")): Text of object 'Object Repository/verifikasi/Nama keranjang' is: 'Segitiga Instan Madeira - MDB5.3 Sunset'

2023-10-04 19:40:42 - [MESSAGE][PASSED] - Text of object 'Object Repository/verifikasi/Nama keranjang' is: 'Segitiga Instan Madeira - MDB5.3 Sunset'

2023-10-04 19:40:42 - [TEST_STEP][PASSED] - HargaKeranjang = getText(findTestObject("verifikasi/Harga Keranjang")): Text of object 'Object Repository/verifikasi/Harga Keranjang' is: 'Rp 1,299'

2023-10-04 19:40:43 - [MESSAGE][PASSED] - Text of object 'Object Repository/verifikasi/Harga Keranjang' is: 'Rp 1,299'

2023-10-04 19:40:43 - [TEST_STEP][PASSED] - if (toString().equalsIgnoreCase("Merah")): Object 'Object Repository/keranjang/input_Warna_variasi101' is checked

2023-10-04 19:40:43 - [TEST_STEP][PASSED] - check(findTestObject("Object Repository/keranjang/input_Warna_variasi101")): Object 'Object Repository/keranjang/input_Warna_variasi101' is checked

2023-10-04 19:40:43 - [MESSAGE][PASSED] - Object 'Object Repository/keranjang/input_Warna_variasi101' is checked

2023-10-04 19:40:43 - [TEST_STEP][PASSED] - if (toString().equalsIgnoreCase("Menengah")): Object 'Object Repository/keranjang/input_Ukuran_variasi201' is checked

2023-10-04 19:40:43 - [TEST_STEP][PASSED] - check(findTestObject("Object Repository/keranjang/input_Ukuran_variasi201")): Object 'Object Repository/keranjang/input_Ukuran_variasi201' is checked

2023-10-04 19:40:44 - [MESSAGE][PASSED] - Object 'Object Repository/keranjang/input_Ukuran_variasi201' is checked

2023-10-04 19:40:44 - [TEST_STEP][PASSED] - data.put("Warna", warna): null

2023-10-04 19:40:44 - [TEST_STEP][PASSED] - data.put("Ukuran", ukuran): null

2023-10-04 19:40:44 - [TEST_STEP][PASSED] - click(findTestObject("keranjang/button_Lanjut ke Pembayaran")): Object: 'Object Repository/keranjang/button_Lanjut ke Pembayaran' is clicked on

2023-10-04 19:40:45 - [MESSAGE][PASSED] - Object: 'Object Repository/keranjang/button_Lanjut ke Pembayaran' is clicked on

2023-10-04 19:40:45 - [TEST_STEP][PASSED] - verifyElementPresent(findTestObject("checkout/Tittle Checkout Order"), 0): Object 'Object Repository/checkout/Tittle Checkout Order' is present

2023-10-04 19:40:45 - [MESSAGE][WARNING] - Timeout '0' is invalid. Using default page load timeout: '30'

2023-10-04 19:40:45 - [MESSAGE][PASSED] - Object 'Object Repository/checkout/Tittle Checkout Order' is present

2023-10-04 19:40:45 - [TEST_STEP][PASSED] - name_product = data.get("nama_barang"): null

2023-10-04 19:40:45 - [TEST_STEP][PASSED] - price_product = data.get("price_barang"): null

2023-10-04 19:40:45 - [TEST_STEP][PASSED] - assert name_product == NamaKeranjang: null

2023-10-04 19:40:45 - [TEST_STEP][PASSED] - assert price_product == HargaKeranjang: null

2023-10-04 19:40:45 - [TEST_STEP][PASSED] - return data: null

2023-10-04 19:40:45 - [MESSAGE][PASSED] - Call Test Case 'Test Cases/T13 Pembelian, Shipment dan Pembayaran/PBL-002' successfully

2023-10-04 19:40:45 - [TEST_STEP][PASSED] - warnaa = getText(findTestObject("verifikasi/warna Merah")): Text of object 'Object Repository/verifikasi/warna Merah' is: 'Merah'

2023-10-04 19:40:46 - [MESSAGE][PASSED] - Text of object 'Object Repository/verifikasi/warna Merah' is: 'Merah'

2023-10-04 19:40:46 - [TEST_STEP][PASSED] - ukurann = getText(findTestObject("verifikasi/Ukuran Menengah")): Text of object 'Object Repository/verifikasi/Ukuran Menengah' is: 'Menengah'

2023-10-04 19:40:46 - [MESSAGE][PASSED] - Text of object 'Object Repository/verifikasi/Ukuran Menengah' is: 'Menengah'

2023-10-04 19:40:46 - [TEST_STEP][PASSED] - warna1 = data.get("Warna"): null

2023-10-04 19:40:46 - [TEST_STEP][PASSED] - ukuran1 = data.get("Ukuran"): null

2023-10-04 19:40:46 - [TEST_STEP][PASSED] - assert warnaa == warna1: null

2023-10-04 19:40:46 - [TEST_STEP][PASSED] - assert ukurann == ukuran1: null

2023-10-04 19:40:46 - [TEST_STEP][PASSED] - NamaCheckout = getText(findTestObject("verifikasi/NamaCheckout")): Text of object 'Object Repository/verifikasi/NamaCheckout' is: ''

2023-10-04 19:40:46 - [MESSAGE][PASSED] - Text of object 'Object Repository/verifikasi/NamaCheckout' is: ''

2023-10-04 19:40:46 - [TEST_STEP][PASSED] - HargaCheckout = getText(findTestObject("verifikasi/HargaCheckout")): Text of object 'Object Repository/verifikasi/HargaCheckout' is: '1,299'

2023-10-04 19:40:47 - [MESSAGE][PASSED] - Text of object 'Object Repository/verifikasi/HargaCheckout' is: '1,299'

2023-10-04 19:40:47 - [TEST_STEP][PASSED] - name_product = data.get("nama_barang"): null

2023-10-04 19:40:47 - [TEST_STEP][PASSED] - price_product = data.get("price_barang"): null

2023-10-04 19:40:47 - [TEST_STEP][PASSED] - assert name_product.contains(NamaCheckout): null

2023-10-04 19:40:47 - [TEST_STEP][PASSED] - assert price_product.contains(HargaCheckout): null

2023-10-04 19:40:47 - [TEST_STEP][PASSED] - selectOptionByLabel(findTestObject("checkout/select - Kirim via Kurir Lokal"), Kurir, false): All options with label 'Roda 2' are selected in object 'Object Repository/checkout/select - Kirim via Kurir Lokal' 

2023-10-04 19:40:48 - [MESSAGE][PASSED] - All options with label 'Roda 2' are selected in object 'Object Repository/checkout/select - Kirim via Kurir Lokal' 

2023-10-04 19:40:48 - [TEST_STEP][PASSED] - click(findTestObject("checkout/Kendaraan Kurir")): Object: 'Object Repository/checkout/Kendaraan Kurir' is clicked on

2023-10-04 19:40:48 - [MESSAGE][PASSED] - Object: 'Object Repository/checkout/Kendaraan Kurir' is clicked on

2023-10-04 19:40:48 - [TEST_STEP][PASSED] - OngkosKirim = getText(findTestObject("Object Repository/verifikasi/Ongkos Kirim checkout")): Text of object 'Object Repository/verifikasi/Ongkos Kirim checkout' is: 'Rp. 5,000'

2023-10-04 19:40:49 - [MESSAGE][PASSED] - Text of object 'Object Repository/verifikasi/Ongkos Kirim checkout' is: 'Rp. 5,000'

2023-10-04 19:40:49 - [TEST_STEP][PASSED] - Ongkos = OngkosKirim.substring(3, OngkosKirim.size()): null

2023-10-04 19:40:49 - [TEST_STEP][PASSED] - rep = Ongkos.replace(",", "."): null

2023-10-04 19:40:49 - [TEST_STEP][PASSED] - Ongkos_kirim = Double.parseDouble(rep): null

2023-10-04 19:40:49 - [TEST_STEP][PASSED] - println(Ongkos_kirim): null

2023-10-04 19:40:49 - [TEST_STEP][PASSED] - FeeAdmin = getText(findTestObject("verifikasi/Fee Admin checkout")): Text of object 'Object Repository/verifikasi/Fee Admin checkout' is: 'Fee Admin
Rp 1,500'

2023-10-04 19:40:49 - [MESSAGE][PASSED] - Text of object 'Object Repository/verifikasi/Fee Admin checkout' is: 'Fee Admin
Rp 1,500'

2023-10-04 19:40:49 - [TEST_STEP][PASSED] - Fee_Admin = FeeAdmin.substring(12, FeeAdmin.size()): null

2023-10-04 19:40:49 - [TEST_STEP][PASSED] - fee = Fee_Admin.replace(",", "."): null

2023-10-04 19:40:49 - [TEST_STEP][PASSED] - fee_admin = Double.parseDouble(fee): null

2023-10-04 19:40:49 - [TEST_STEP][PASSED] - println(fee_admin): null

2023-10-04 19:40:49 - [TEST_STEP][PASSED] - Subtotal = getText(findTestObject("verifikasi/subtotal checkout")): Text of object 'Object Repository/verifikasi/subtotal checkout' is: 'Subtotal
Rp 1,299'

2023-10-04 19:40:49 - [MESSAGE][PASSED] - Text of object 'Object Repository/verifikasi/subtotal checkout' is: 'Subtotal
Rp 1,299'

2023-10-04 19:40:49 - [TEST_STEP][PASSED] - sub_total = Subtotal.substring(12, Subtotal.size()): null

2023-10-04 19:40:49 - [TEST_STEP][PASSED] - sub = sub_total.replace(",", "."): null

2023-10-04 19:40:49 - [TEST_STEP][PASSED] - sub_total = Double.parseDouble(sub): null

2023-10-04 19:40:49 - [TEST_STEP][PASSED] - println(sub_total): null

2023-10-04 19:40:49 - [TEST_STEP][PASSED] - Total = getText(findTestObject("verifikasi/Total checkout")): Text of object 'Object Repository/verifikasi/Total checkout' is: 'Rp 7,799'

2023-10-04 19:40:49 - [MESSAGE][PASSED] - Text of object 'Object Repository/verifikasi/Total checkout' is: 'Rp 7,799'

2023-10-04 19:40:49 - [TEST_STEP][PASSED] - totall = Total.substring(3, Total.size()): null

2023-10-04 19:40:49 - [TEST_STEP][PASSED] - total = totall.replace(",", "."): null

2023-10-04 19:40:49 - [TEST_STEP][PASSED] - totall = Double.parseDouble(total): null

2023-10-04 19:40:49 - [TEST_STEP][PASSED] - println(totall): null

2023-10-04 19:40:49 - [TEST_STEP][PASSED] - Total_Harga = Ongkos_kirim + fee_admin + sub_total: null

2023-10-04 19:40:49 - [TEST_STEP][PASSED] - println(Total_Harga): null

2023-10-04 19:40:49 - [TEST_STEP][PASSED] - TotalHarga = Math.round(Total_Harga * 1000) / 1000: null

2023-10-04 19:40:49 - [TEST_STEP][PASSED] - println(TotalHarga): null

2023-10-04 19:40:49 - [TEST_STEP][PASSED] - assert totall == TotalHarga: null

2023-10-04 19:40:49 - [TEST_STEP][PASSED] - click(findTestObject("verifikasi/Metode Transfer")): Object: 'Object Repository/verifikasi/Metode Transfer' is clicked on

2023-10-04 19:40:50 - [MESSAGE][PASSED] - Object: 'Object Repository/verifikasi/Metode Transfer' is clicked on

2023-10-04 19:40:50 - [TEST_STEP][PASSED] - click(findTestObject("checkout/button_Proses Pembayaran")): Object: 'Object Repository/checkout/button_Proses Pembayaran' is clicked on

2023-10-04 19:40:56 - [MESSAGE][PASSED] - Object: 'Object Repository/checkout/button_Proses Pembayaran' is clicked on

2023-10-04 19:40:56 - [TEST_STEP][PASSED] - verifyElementPresent(findTestObject("pembayaran/Tittle nomor invoice"), 0): Object 'Object Repository/pembayaran/Tittle nomor invoice' is present

2023-10-04 19:40:56 - [MESSAGE][WARNING] - Timeout '0' is invalid. Using default page load timeout: '30'

2023-10-04 19:40:59 - [MESSAGE][PASSED] - Object 'Object Repository/pembayaran/Tittle nomor invoice' is present

2023-10-04 19:40:59 - [TEST_STEP][PASSED] - return data: null

2023-10-04 19:40:59 - [MESSAGE][PASSED] - Call Test Case 'Test Cases/T13 Pembelian, Shipment dan Pembayaran/PBL-004' successfully

2023-10-04 19:40:59 - [TEST_STEP][PASSED] - Invoice = getText(findTestObject("pembayaran/nomor invoice")): Text of object 'Object Repository/pembayaran/nomor invoice' is: 'TRX60.20231004194052'

2023-10-04 19:40:59 - [MESSAGE][PASSED] - Text of object 'Object Repository/pembayaran/nomor invoice' is: 'TRX60.20231004194052'

2023-10-04 19:40:59 - [TEST_STEP][PASSED] - data.put("invoice", Invoice): null

2023-10-04 19:40:59 - [TEST_STEP][PASSED] - NamaPemesan = getText(findTestObject("Konfirmasi pesanan shop/Nama pemesan")): Text of object 'Object Repository/Konfirmasi pesanan shop/Nama pemesan' is: 'irfan.afandi'

2023-10-04 19:41:00 - [MESSAGE][PASSED] - Text of object 'Object Repository/Konfirmasi pesanan shop/Nama pemesan' is: 'irfan.afandi'

2023-10-04 19:41:00 - [TEST_STEP][PASSED] - Nama = getText(findTestObject("pembayaran/Nama barang")): Text of object 'Object Repository/pembayaran/Nama barang' is: 'Segitiga Instan Madeira - MDB5.3 Sunset'

2023-10-04 19:41:01 - [MESSAGE][PASSED] - Text of object 'Object Repository/pembayaran/Nama barang' is: 'Segitiga Instan Madeira - MDB5.3 Sunset'

2023-10-04 19:41:01 - [TEST_STEP][PASSED] - Harga = getText(findTestObject("pembayaran/Harga barang")): Text of object 'Object Repository/pembayaran/Harga barang' is: '1,299'

2023-10-04 19:41:01 - [MESSAGE][PASSED] - Text of object 'Object Repository/pembayaran/Harga barang' is: '1,299'

2023-10-04 19:41:01 - [TEST_STEP][PASSED] - name_product = data.get("nama_barang"): null

2023-10-04 19:41:01 - [TEST_STEP][PASSED] - price_product = data.get("price_barang"): null

2023-10-04 19:41:01 - [TEST_STEP][PASSED] - assert name_product.contains(Nama): null

2023-10-04 19:41:01 - [TEST_STEP][PASSED] - assert price_product.contains(Harga): null

2023-10-04 19:41:01 - [TEST_STEP][PASSED] - warnaa = getText(findTestObject("pembayaran/warna")): Text of object 'Object Repository/pembayaran/warna' is: 'Merah'

2023-10-04 19:41:02 - [MESSAGE][PASSED] - Text of object 'Object Repository/pembayaran/warna' is: 'Merah'

2023-10-04 19:41:02 - [TEST_STEP][PASSED] - ukurann = getText(findTestObject("pembayaran/ukuran")): Text of object 'Object Repository/pembayaran/ukuran' is: 'Menengah'

2023-10-04 19:41:02 - [MESSAGE][PASSED] - Text of object 'Object Repository/pembayaran/ukuran' is: 'Menengah'

2023-10-04 19:41:02 - [TEST_STEP][PASSED] - warna1 = data.get("Warna"): null

2023-10-04 19:41:02 - [TEST_STEP][PASSED] - ukuran1 = data.get("Ukuran"): null

2023-10-04 19:41:02 - [TEST_STEP][PASSED] - assert warnaa == warna1: null

2023-10-04 19:41:02 - [TEST_STEP][PASSED] - assert ukurann == ukuran1: null

2023-10-04 19:41:02 - [TEST_STEP][PASSED] - statusPembelian = getText(findTestObject("verifikasi/Status pending di pembelian")): Text of object 'Object Repository/verifikasi/Status pending di pembelian' is: 'Pending'

2023-10-04 19:41:03 - [MESSAGE][PASSED] - Text of object 'Object Repository/verifikasi/Status pending di pembelian' is: 'Pending'

2023-10-04 19:41:03 - [TEST_STEP][PASSED] - data.put("statusPem", statusPembelian): null

2023-10-04 19:41:03 - [TEST_STEP][PASSED] - OngkosKirim = getText(findTestObject("pembayaran/ongkos kirim")): Text of object 'Object Repository/pembayaran/ongkos kirim' is: 'Rp 5,000'

2023-10-04 19:41:03 - [MESSAGE][PASSED] - Text of object 'Object Repository/pembayaran/ongkos kirim' is: 'Rp 5,000'

2023-10-04 19:41:03 - [TEST_STEP][PASSED] - Ongkos = OngkosKirim.substring(3, OngkosKirim.size()): null

2023-10-04 19:41:03 - [TEST_STEP][PASSED] - rep = Ongkos.replace(",", ""): null

2023-10-04 19:41:03 - [TEST_STEP][PASSED] - Ongkos_kirimm = Integer.parseInt(rep): null

2023-10-04 19:41:03 - [TEST_STEP][PASSED] - println(Ongkos_kirimm): null

2023-10-04 19:41:03 - [TEST_STEP][PASSED] - FeeAdmin = getText(findTestObject("pembayaran/fee admin")): Text of object 'Object Repository/pembayaran/fee admin' is: 'Rp 1,500'

2023-10-04 19:41:04 - [MESSAGE][PASSED] - Text of object 'Object Repository/pembayaran/fee admin' is: 'Rp 1,500'

2023-10-04 19:41:04 - [TEST_STEP][PASSED] - Fee_Admin = FeeAdmin.substring(3, FeeAdmin.size()): null

2023-10-04 19:41:04 - [TEST_STEP][PASSED] - fee = Fee_Admin.replace(",", ""): null

2023-10-04 19:41:04 - [TEST_STEP][PASSED] - fee_adminn = Integer.parseInt(fee): null

2023-10-04 19:41:04 - [TEST_STEP][PASSED] - println(fee_adminn): null

2023-10-04 19:41:04 - [TEST_STEP][PASSED] - Subtotal = getText(findTestObject("pembayaran/subtotal")): Text of object 'Object Repository/pembayaran/subtotal' is: 'Rp 1,299'

2023-10-04 19:41:04 - [MESSAGE][PASSED] - Text of object 'Object Repository/pembayaran/subtotal' is: 'Rp 1,299'

2023-10-04 19:41:04 - [TEST_STEP][PASSED] - sub_total = Subtotal.substring(3, Subtotal.size()): null

2023-10-04 19:41:04 - [TEST_STEP][PASSED] - sub = sub_total.replace(",", ""): null

2023-10-04 19:41:04 - [TEST_STEP][PASSED] - sub_totall = Integer.parseInt(sub): null

2023-10-04 19:41:04 - [TEST_STEP][PASSED] - println(sub_totall): null

2023-10-04 19:41:04 - [TEST_STEP][PASSED] - unik = getText(findTestObject("pembayaran/kode unik")): Text of object 'Object Repository/pembayaran/kode unik' is: '+052'

2023-10-04 19:41:05 - [MESSAGE][PASSED] - Text of object 'Object Repository/pembayaran/kode unik' is: '+052'

2023-10-04 19:41:05 - [TEST_STEP][PASSED] - unikk = unik.replace("+", ""): null

2023-10-04 19:41:05 - [TEST_STEP][PASSED] - kode_unik = Integer.parseInt(unikk): null

2023-10-04 19:41:05 - [TEST_STEP][PASSED] - println(kode_unik): null

2023-10-04 19:41:05 - [TEST_STEP][PASSED] - Total = getText(findTestObject("pembayaran/total")): Text of object 'Object Repository/pembayaran/total' is: '7,851'

2023-10-04 19:41:05 - [MESSAGE][PASSED] - Text of object 'Object Repository/pembayaran/total' is: '7,851'

2023-10-04 19:41:05 - [TEST_STEP][PASSED] - total = Total.replace(",", ""): null

2023-10-04 19:41:05 - [TEST_STEP][PASSED] - totalll = Integer.parseInt(total): null

2023-10-04 19:41:05 - [TEST_STEP][PASSED] - println(totalll): null

2023-10-04 19:41:05 - [TEST_STEP][PASSED] - Total_Hargaa = Ongkos_kirimm + fee_adminn + sub_totall + kode_unik: null

2023-10-04 19:41:05 - [TEST_STEP][PASSED] - println(Total_Hargaa): null

2023-10-04 19:41:05 - [TEST_STEP][PASSED] - assert totalll == Total_Hargaa: null

2023-10-04 19:41:05 - [TEST_STEP][PASSED] - data.put("total", Total): null

2023-10-04 19:41:05 - [TEST_STEP][PASSED] - data.put("nama", NamaPemesan): null

2023-10-04 19:41:05 - [TEST_STEP][PASSED] - return data: null

2023-10-04 19:41:05 - [MESSAGE][PASSED] - Call Test Case 'Test Cases/T13 Pembelian, Shipment dan Pembayaran/PBY-001' successfully

2023-10-04 19:41:05 - [TEST_STEP][PASSED] - inv = data.get("invoice"): null

2023-10-04 19:41:05 - [TEST_STEP][PASSED] - Total = data.get("total"): null

2023-10-04 19:41:05 - [TEST_STEP][PASSED] - NamaPemesan = data.get("nama"): null

2023-10-04 19:41:05 - [TEST_STEP][PASSED] - click(findTestObject("Konfirmasi pesanan shop/Menu Shop")): Object: 'Object Repository/Konfirmasi pesanan shop/Menu Shop' is clicked on

2023-10-04 19:41:06 - [MESSAGE][PASSED] - Object: 'Object Repository/Konfirmasi pesanan shop/Menu Shop' is clicked on

2023-10-04 19:41:06 - [TEST_STEP][PASSED] - click(findTestObject("Konfirmasi pesanan shop/Menu Shop")): Object: 'Object Repository/Konfirmasi pesanan shop/Menu Shop' is clicked on

2023-10-04 19:41:07 - [MESSAGE][PASSED] - Object: 'Object Repository/Konfirmasi pesanan shop/Menu Shop' is clicked on

2023-10-04 19:41:07 - [TEST_STEP][PASSED] - click(findTestObject("Konfirmasi pesanan shop/Konfirmasi Orders")): Object: 'Object Repository/Konfirmasi pesanan shop/Konfirmasi Orders' is clicked on

2023-10-04 19:41:08 - [MESSAGE][PASSED] - Object: 'Object Repository/Konfirmasi pesanan shop/Konfirmasi Orders' is clicked on

2023-10-04 19:41:08 - [TEST_STEP][PASSED] - verifyElementPresent(findTestObject("Konfirmasi pesanan shop/Tittle Konfirmasi Pesanan"), 0): Object 'Object Repository/Konfirmasi pesanan shop/Tittle Konfirmasi Pesanan' is present

2023-10-04 19:41:08 - [MESSAGE][WARNING] - Timeout '0' is invalid. Using default page load timeout: '30'

2023-10-04 19:41:09 - [MESSAGE][PASSED] - Object 'Object Repository/Konfirmasi pesanan shop/Tittle Konfirmasi Pesanan' is present

2023-10-04 19:41:09 - [TEST_STEP][PASSED] - setText(findTestObject("Konfirmasi pesanan shop/input_No Pesanan"), inv): Text 'TRX60.20231004194052' is set on object 'Object Repository/Konfirmasi pesanan shop/input_No Pesanan'

2023-10-04 19:41:10 - [MESSAGE][PASSED] - Text 'TRX60.20231004194052' is set on object 'Object Repository/Konfirmasi pesanan shop/input_No Pesanan'

2023-10-04 19:41:10 - [TEST_STEP][PASSED] - setText(findTestObject("Konfirmasi pesanan shop/input_Alamat E-mai"), "irfan@gmail.com"): Text 'irfan@gmail.com' is set on object 'Object Repository/Konfirmasi pesanan shop/input_Alamat E-mai'

2023-10-04 19:41:10 - [MESSAGE][PASSED] - Text 'irfan@gmail.com' is set on object 'Object Repository/Konfirmasi pesanan shop/input_Alamat E-mai'

2023-10-04 19:41:10 - [TEST_STEP][PASSED] - click(findTestObject("Konfirmasi pesanan shop/button_Submit")): Object: 'Object Repository/Konfirmasi pesanan shop/button_Submit' is clicked on

2023-10-04 19:41:11 - [MESSAGE][PASSED] - Object: 'Object Repository/Konfirmasi pesanan shop/button_Submit' is clicked on

2023-10-04 19:41:11 - [TEST_STEP][PASSED] - verifyElementPresent(findTestObject("Konfirmasi pesanan shop/Tittle nomor invoice"), 0): Object 'Object Repository/Konfirmasi pesanan shop/Tittle nomor invoice' is present

2023-10-04 19:41:11 - [MESSAGE][WARNING] - Timeout '0' is invalid. Using default page load timeout: '30'

2023-10-04 19:41:12 - [MESSAGE][PASSED] - Object 'Object Repository/Konfirmasi pesanan shop/Tittle nomor invoice' is present

2023-10-04 19:41:12 - [TEST_STEP][PASSED] - setText(findTestObject("Konfirmasi pesanan shop/input_Total TagihanTransfer_b"), Total): Text '7,851' is set on object 'Object Repository/Konfirmasi pesanan shop/input_Total TagihanTransfer_b'

2023-10-04 19:41:13 - [MESSAGE][PASSED] - Text '7,851' is set on object 'Object Repository/Konfirmasi pesanan shop/input_Total TagihanTransfer_b'

2023-10-04 19:41:13 - [TEST_STEP][PASSED] - selectOptionByValue(findTestObject("Konfirmasi pesanan shop/select_Bank"), "4", false): All options with value '4' are selected in object 'Object Repository/Konfirmasi pesanan shop/select_Bank' 

2023-10-04 19:41:14 - [MESSAGE][PASSED] - All options with value '4' are selected in object 'Object Repository/Konfirmasi pesanan shop/select_Bank' 

2023-10-04 19:41:14 - [TEST_STEP][PASSED] - setText(findTestObject("Konfirmasi pesanan shop/input_Nama Pengirim_d"), NamaPemesan): Text 'irfan.afandi' is set on object 'Object Repository/Konfirmasi pesanan shop/input_Nama Pengirim_d'

2023-10-04 19:41:15 - [MESSAGE][PASSED] - Text 'irfan.afandi' is set on object 'Object Repository/Konfirmasi pesanan shop/input_Nama Pengirim_d'

2023-10-04 19:41:15 - [TEST_STEP][PASSED] - uploadFile(findTestObject("keranjang/konfirmasi/input_Upload Bukti Transfer_f"), "C:\Users\IRFAN\Downloads\Berkas2.pdf"): File 'C:\Users\IRFAN\Downloads\Berkas2.pdf' sent to object: 'Object Repository/keranjang/konfirmasi/input_Upload Bukti Transfer_f'

2023-10-04 19:41:15 - [MESSAGE][PASSED] - File 'C:\Users\IRFAN\Downloads\Berkas2.pdf' sent to object: 'Object Repository/keranjang/konfirmasi/input_Upload Bukti Transfer_f'

2023-10-04 19:41:15 - [TEST_STEP][PASSED] - click(findTestObject("Konfirmasi pesanan shop/button_Konfirmasi Pembayaran")): Object: 'Object Repository/Konfirmasi pesanan shop/button_Konfirmasi Pembayaran' is clicked on

2023-10-04 19:41:16 - [MESSAGE][PASSED] - Object: 'Object Repository/Konfirmasi pesanan shop/button_Konfirmasi Pembayaran' is clicked on

2023-10-04 19:41:16 - [TEST_STEP][PASSED] - verifyElementPresent(findTestObject("Konfirmasi pesanan shop/Tittle Konfirmasi Pesanan"), 0): Object 'Object Repository/Konfirmasi pesanan shop/Tittle Konfirmasi Pesanan' is present

2023-10-04 19:41:16 - [MESSAGE][WARNING] - Timeout '0' is invalid. Using default page load timeout: '30'

2023-10-04 19:41:17 - [MESSAGE][PASSED] - Object 'Object Repository/Konfirmasi pesanan shop/Tittle Konfirmasi Pesanan' is present

2023-10-04 19:41:17 - [TEST_STEP][PASSED] - verifyElementPresent(findTestObject("Konfirmasi pesanan shop/Tittle massage succes Konfirmasi Pembayaran Pesanan"), 0): Object 'Object Repository/Konfirmasi pesanan shop/Tittle massage succes Konfirmasi Pembayaran Pesanan' is present

2023-10-04 19:41:17 - [MESSAGE][WARNING] - Timeout '0' is invalid. Using default page load timeout: '30'

2023-10-04 19:41:17 - [MESSAGE][PASSED] - Object 'Object Repository/Konfirmasi pesanan shop/Tittle massage succes Konfirmasi Pembayaran Pesanan' is present

2023-10-04 19:41:17 - [TEST_STEP][PASSED] - return data: null

2023-10-04 19:41:17 - [MESSAGE][PASSED] - Call Test Case 'Test Cases/T13 Pembelian, Shipment dan Pembayaran/PBY-004' successfully

2023-10-04 19:41:17 - [TEST_STEP][PASSED] - navigateToUrl("https://10.9.2.63/ecommerce/administrator/"): Navigate to 'https://10.9.2.63/ecommerce/administrator/' successfully

2023-10-04 19:41:18 - [MESSAGE][PASSED] - Navigate to 'https://10.9.2.63/ecommerce/administrator/' successfully

2023-10-04 19:41:18 - [TEST_STEP][PASSED] - verifyElementPresent(findTestObject("admin/Tittle ADMIN Login"), 0): Object 'Object Repository/admin/Tittle ADMIN Login' is present

2023-10-04 19:41:18 - [MESSAGE][WARNING] - Timeout '0' is invalid. Using default page load timeout: '30'

2023-10-04 19:41:18 - [MESSAGE][PASSED] - Object 'Object Repository/admin/Tittle ADMIN Login' is present

2023-10-04 19:41:18 - [TEST_STEP][PASSED] - setText(findTestObject("admin/Username"), "admin"): Text 'admin' is set on object 'Object Repository/admin/Username'

2023-10-04 19:41:19 - [MESSAGE][PASSED] - Text 'admin' is set on object 'Object Repository/admin/Username'

2023-10-04 19:41:19 - [TEST_STEP][PASSED] - setText(findTestObject("admin/Password"), "123admin123"): Text '123admin123' is set on object 'Object Repository/admin/Password'

2023-10-04 19:41:20 - [MESSAGE][PASSED] - Text '123admin123' is set on object 'Object Repository/admin/Password'

2023-10-04 19:41:20 - [TEST_STEP][PASSED] - click(findTestObject("admin/Remember Me")): Object: 'Object Repository/admin/Remember Me' is clicked on

2023-10-04 19:41:20 - [MESSAGE][PASSED] - Object: 'Object Repository/admin/Remember Me' is clicked on

2023-10-04 19:41:20 - [TEST_STEP][PASSED] - delay(10): Delayed 10 second(s)

2023-10-04 19:41:30 - [MESSAGE][PASSED] - Delayed 10 second(s)

2023-10-04 19:41:30 - [TEST_STEP][PASSED] - click(findTestObject("admin/buttom submit")): Object: 'Object Repository/admin/buttom submit' is clicked on

2023-10-04 19:41:32 - [MESSAGE][PASSED] - Object: 'Object Repository/admin/buttom submit' is clicked on

2023-10-04 19:41:32 - [TEST_STEP][PASSED] - verifyElementPresent(findTestObject("admin/Konf order konsumen/Tittle Dashboard"), 0): Object 'Object Repository/admin/Konf order konsumen/Tittle Dashboard' is present

2023-10-04 19:41:32 - [MESSAGE][WARNING] - Timeout '0' is invalid. Using default page load timeout: '30'

2023-10-04 19:41:39 - [MESSAGE][PASSED] - Object 'Object Repository/admin/Konf order konsumen/Tittle Dashboard' is present

2023-10-04 19:41:39 - [TEST_STEP][PASSED] - click(findTestObject("admin/Konf order konsumen/Menu Transaksi Market")): Object: 'Object Repository/admin/Konf order konsumen/Menu Transaksi Market' is clicked on

2023-10-04 19:41:40 - [MESSAGE][PASSED] - Object: 'Object Repository/admin/Konf order konsumen/Menu Transaksi Market' is clicked on

2023-10-04 19:41:40 - [TEST_STEP][PASSED] - click(findTestObject("admin/Konf order konsumen/Menu Konf. Order Konsumen")): Object: 'Object Repository/admin/Konf order konsumen/Menu Konf. Order Konsumen' is clicked on

2023-10-04 19:41:41 - [MESSAGE][PASSED] - Object: 'Object Repository/admin/Konf order konsumen/Menu Konf. Order Konsumen' is clicked on

2023-10-04 19:41:41 - [TEST_STEP][PASSED] - verifyElementPresent(findTestObject("admin/Konf order konsumen/Tittle Data Konfirmasi Pembayaran Konsumen"), 0): Object 'Object Repository/admin/Konf order konsumen/Tittle Data Konfirmasi Pembayaran Konsumen' is present

2023-10-04 19:41:42 - [MESSAGE][WARNING] - Timeout '0' is invalid. Using default page load timeout: '30'

2023-10-04 19:41:48 - [MESSAGE][PASSED] - Object 'Object Repository/admin/Konf order konsumen/Tittle Data Konfirmasi Pembayaran Konsumen' is present

2023-10-04 19:41:48 - [TEST_STEP][PASSED] - inv = data.get("invoice"): null

2023-10-04 19:41:48 - [TEST_STEP][PASSED] - setText(findTestObject("admin/Konf order konsumen/Search"), inv): Text 'TRX60.20231004194052' is set on object 'Object Repository/admin/Konf order konsumen/Search'

2023-10-04 19:41:50 - [MESSAGE][PASSED] - Text 'TRX60.20231004194052' is set on object 'Object Repository/admin/Konf order konsumen/Search'

2023-10-04 19:41:50 - [TEST_STEP][PASSED] - verifyElementText(findTestObject("admin/Konf order konsumen/Keterangan Lunas"), "Lunas"): Actual text and expected text of test object 'Object Repository/admin/Konf order konsumen/Keterangan Lunas' are matched.

2023-10-04 19:41:50 - [MESSAGE][PASSED] - Actual text and expected text of test object 'Object Repository/admin/Konf order konsumen/Keterangan Lunas' are matched.

2023-10-04 19:41:50 - [TEST_STEP][PASSED] - return data: null

2023-10-04 19:41:50 - [MESSAGE][PASSED] - Call Test Case 'Test Cases/T13 Pembelian, Shipment dan Pembayaran/PBYA-001' successfully

2023-10-04 19:41:50 - [TEST_STEP][PASSED] - click(findTestObject("admin/Penjualan ke konsumen/buttom Dashboard")): Object: 'Object Repository/admin/Penjualan ke konsumen/buttom Dashboard' is clicked on

2023-10-04 19:41:51 - [MESSAGE][PASSED] - Object: 'Object Repository/admin/Penjualan ke konsumen/buttom Dashboard' is clicked on

2023-10-04 19:41:51 - [TEST_STEP][PASSED] - click(findTestObject("admin/Konf order konsumen/Menu Transaksi Market")): Object: 'Object Repository/admin/Konf order konsumen/Menu Transaksi Market' is clicked on

2023-10-04 19:41:57 - [MESSAGE][PASSED] - Object: 'Object Repository/admin/Konf order konsumen/Menu Transaksi Market' is clicked on

2023-10-04 19:41:57 - [TEST_STEP][PASSED] - click(findTestObject("admin/Penjualan ke konsumen/a_Penjualan ke Konsumen")): Object: 'Object Repository/admin/Penjualan ke konsumen/a_Penjualan ke Konsumen' is clicked on

2023-10-04 19:41:59 - [MESSAGE][PASSED] - Object: 'Object Repository/admin/Penjualan ke konsumen/a_Penjualan ke Konsumen' is clicked on

2023-10-04 19:41:59 - [TEST_STEP][PASSED] - verifyElementPresent(findTestObject("admin/Tittle Data Transaksi Penjualan  Orderan Konsumen"), 0): Object 'Object Repository/admin/Tittle Data Transaksi Penjualan  Orderan Konsumen' is present

2023-10-04 19:41:59 - [MESSAGE][WARNING] - Timeout '0' is invalid. Using default page load timeout: '30'

2023-10-04 19:42:05 - [MESSAGE][PASSED] - Object 'Object Repository/admin/Tittle Data Transaksi Penjualan  Orderan Konsumen' is present

2023-10-04 19:42:05 - [TEST_STEP][PASSED] - return data: null

2023-10-04 19:42:05 - [MESSAGE][PASSED] - Call Test Case 'Test Cases/T13 Pembelian, Shipment dan Pembayaran/SA-001' successfully

2023-10-04 19:42:05 - [TEST_STEP][PASSED] - inv = data.get("invoice"): null

2023-10-04 19:42:05 - [TEST_STEP][PASSED] - setText(findTestObject("admin/Penjualan ke konsumen/Search"), inv): Text 'TRX60.20231004194052' is set on object 'Object Repository/admin/Penjualan ke konsumen/Search'

2023-10-04 19:42:06 - [MESSAGE][PASSED] - Text 'TRX60.20231004194052' is set on object 'Object Repository/admin/Penjualan ke konsumen/Search'

2023-10-04 19:42:06 - [TEST_STEP][PASSED] - click(findTestObject("admin/Penjualan ke konsumen/buttom konfirmasi pending payment")): Object: 'Object Repository/admin/Penjualan ke konsumen/buttom konfirmasi pending payment' is clicked on

2023-10-04 19:42:07 - [MESSAGE][PASSED] - Object: 'Object Repository/admin/Penjualan ke konsumen/buttom konfirmasi pending payment' is clicked on

2023-10-04 19:42:07 - [TEST_STEP][PASSED] - acceptAlert(STOP_ON_FAILURE): Alert accepted

2023-10-04 19:42:07 - [MESSAGE][PASSED] - Alert accepted

2023-10-04 19:42:07 - [TEST_STEP][PASSED] - setText(findTestObject("admin/Penjualan ke konsumen/Search"), inv): Text 'TRX60.20231004194052' is set on object 'Object Repository/admin/Penjualan ke konsumen/Search'

2023-10-04 19:42:08 - [MESSAGE][PASSED] - Text 'TRX60.20231004194052' is set on object 'Object Repository/admin/Penjualan ke konsumen/Search'

2023-10-04 19:42:08 - [TEST_STEP][PASSED] - verifyTextNotPresent("pending payment", false): Text 'pending payment' is not present on page

2023-10-04 19:42:09 - [MESSAGE][PASSED] - Text 'pending payment' is not present on page

2023-10-04 19:42:09 - [TEST_STEP][PASSED] - return data: null

2023-10-04 19:42:09 - [MESSAGE][PASSED] - Call Test Case 'Test Cases/T13 Pembelian, Shipment dan Pembayaran/SA-002' successfully

2023-10-04 19:42:09 - [TEST_STEP][PASSED] - click(findTestObject("admin/Penjualan ke konsumen/buttom scroldown")): Object: 'Object Repository/admin/Penjualan ke konsumen/buttom scroldown' is clicked on

2023-10-04 19:42:09 - [MESSAGE][PASSED] - Object: 'Object Repository/admin/Penjualan ke konsumen/buttom scroldown' is clicked on

2023-10-04 19:42:09 - [TEST_STEP][PASSED] - click(findTestObject("admin/Penjualan ke konsumen/Proses")): Object: 'Object Repository/admin/Penjualan ke konsumen/Proses' is clicked on

2023-10-04 19:42:10 - [MESSAGE][PASSED] - Object: 'Object Repository/admin/Penjualan ke konsumen/Proses' is clicked on

2023-10-04 19:42:10 - [TEST_STEP][PASSED] - acceptAlert(): Alert accepted

2023-10-04 19:42:10 - [MESSAGE][PASSED] - Alert accepted

2023-10-04 19:42:10 - [TEST_STEP][PASSED] - inv = data.get("invoice"): null

2023-10-04 19:42:10 - [TEST_STEP][PASSED] - setText(findTestObject("admin/Penjualan ke konsumen/Search"), inv): Text 'TRX60.20231004194052' is set on object 'Object Repository/admin/Penjualan ke konsumen/Search'

2023-10-04 19:42:11 - [MESSAGE][PASSED] - Text 'TRX60.20231004194052' is set on object 'Object Repository/admin/Penjualan ke konsumen/Search'

2023-10-04 19:42:11 - [TEST_STEP][FAILED] - verifyTextPresent("Proses", false): Unable to verify text 'Proses' is present  (Root cause: com.kms.katalon.core.exception.StepFailedException: Unable to verify text 'Proses' is present 
	at com.kms.katalon.core.webui.keyword.internal.WebUIKeywordMain.stepFailed(WebUIKeywordMain.groovy:64)
	at com.kms.katalon.core.webui.keyword.internal.WebUIKeywordMain.runKeyword(WebUIKeywordMain.groovy:26)
	at com.kms.katalon.core.webui.keyword.builtin.VerifyTextPresentKeyword.verifyTextPresent(VerifyTextPresentKeyword.groovy:83)
	at com.kms.katalon.core.webui.keyword.builtin.VerifyTextPresentKeyword.execute(VerifyTextPresentKeyword.groovy:68)
	at com.kms.katalon.core.keyword.internal.KeywordExecutor.executeKeywordForPlatform(KeywordExecutor.groovy:74)
	at com.kms.katalon.core.webui.keyword.WebUiBuiltInKeywords.verifyTextPresent(WebUiBuiltInKeywords.groovy:1723)
	at com.kms.katalon.core.webui.keyword.WebUiBuiltInKeywords$verifyTextPresent$9.call(Unknown Source)
	at SA-003.run(SA-003:32)
	at com.kms.katalon.core.main.ScriptEngine.run(ScriptEngine.java:194)
	at com.kms.katalon.core.main.ScriptEngine.runScriptAsRawText(ScriptEngine.java:119)
	at com.kms.katalon.core.main.TestCaseExecutor.runScript(TestCaseExecutor.java:448)
	at com.kms.katalon.core.main.TestCaseExecutor.doExecute(TestCaseExecutor.java:439)
	at com.kms.katalon.core.main.TestCaseExecutor.processExecutionPhase(TestCaseExecutor.java:418)
	at com.kms.katalon.core.main.TestCaseExecutor.accessMainPhase(TestCaseExecutor.java:410)
	at com.kms.katalon.core.main.TestCaseExecutor.execute(TestCaseExecutor.java:285)
	at com.kms.katalon.core.main.TestCaseMain.runTestCase(TestCaseMain.java:144)
	at com.kms.katalon.core.keyword.builtin.CallTestCaseKeyword$_callTestCase_closure1.doCall(CallTestCaseKeyword.groovy:59)
	at com.kms.katalon.core.keyword.builtin.CallTestCaseKeyword$_callTestCase_closure1.call(CallTestCaseKeyword.groovy)
	at com.kms.katalon.core.keyword.internal.KeywordMain.runKeyword(KeywordMain.groovy:75)
	at com.kms.katalon.core.keyword.builtin.CallTestCaseKeyword.callTestCase(CallTestCaseKeyword.groovy:81)
	at com.kms.katalon.core.keyword.builtin.CallTestCaseKeyword.execute(CallTestCaseKeyword.groovy:44)
	at com.kms.katalon.core.keyword.internal.KeywordExecutor.executeKeywordForPlatform(KeywordExecutor.groovy:74)
	at com.kms.katalon.core.keyword.BuiltinKeywords.callTestCase(BuiltinKeywords.groovy:310)
	at SU-002.run(SU-002:20)
	at com.kms.katalon.core.main.ScriptEngine.run(ScriptEngine.java:194)
	at com.kms.katalon.core.main.ScriptEngine.runScriptAsRawText(ScriptEngine.java:119)
	at com.kms.katalon.core.main.TestCaseExecutor.runScript(TestCaseExecutor.java:448)
	at com.kms.katalon.core.main.TestCaseExecutor.doExecute(TestCaseExecutor.java:439)
	at com.kms.katalon.core.main.TestCaseExecutor.processExecutionPhase(TestCaseExecutor.java:418)
	at com.kms.katalon.core.main.TestCaseExecutor.accessMainPhase(TestCaseExecutor.java:410)
	at com.kms.katalon.core.main.TestCaseExecutor.execute(TestCaseExecutor.java:285)
	at com.kms.katalon.core.common.CommonExecutor.accessTestCaseMainPhase(CommonExecutor.java:65)
	at com.kms.katalon.core.main.TestSuiteExecutor.accessTestSuiteMainPhase(TestSuiteExecutor.java:148)
	at com.kms.katalon.core.main.TestSuiteExecutor.execute(TestSuiteExecutor.java:106)
	at com.kms.katalon.core.main.TestCaseMain.startTestSuite(TestCaseMain.java:187)
	at com.kms.katalon.core.main.TestCaseMain$startTestSuite$0.call(Unknown Source)
	at TempTestSuite1696420804604.run(TempTestSuite1696420804604.groovy:36)
Caused by: com.kms.katalon.core.exception.StepFailedException: Text 'Proses' is not present on page 
	at com.kms.katalon.core.webui.keyword.internal.WebUIKeywordMain.stepFailed(WebUIKeywordMain.groovy:64)
	at com.kms.katalon.core.webui.keyword.builtin.VerifyTextPresentKeyword$_verifyTextPresent_closure1.doCall(VerifyTextPresentKeyword.groovy:79)
	at com.kms.katalon.core.webui.keyword.builtin.VerifyTextPresentKeyword$_verifyTextPresent_closure1.call(VerifyTextPresentKeyword.groovy)
	at com.kms.katalon.core.webui.keyword.internal.WebUIKeywordMain.runKeyword(WebUIKeywordMain.groovy:20)
	... 35 more
)

2023-10-04 19:42:11 - [MESSAGE][FAILED] - Text 'Proses' is not present on page  (Root cause: com.kms.katalon.core.exception.StepFailedException: Text 'Proses' is not present on page 
	at com.kms.katalon.core.webui.keyword.internal.WebUIKeywordMain.stepFailed(WebUIKeywordMain.groovy:64)
	at com.kms.katalon.core.webui.keyword.builtin.VerifyTextPresentKeyword$_verifyTextPresent_closure1.doCall(VerifyTextPresentKeyword.groovy:79)
	at com.kms.katalon.core.webui.keyword.builtin.VerifyTextPresentKeyword$_verifyTextPresent_closure1.call(VerifyTextPresentKeyword.groovy)
	at com.kms.katalon.core.webui.keyword.internal.WebUIKeywordMain.runKeyword(WebUIKeywordMain.groovy:20)
	at com.kms.katalon.core.webui.keyword.builtin.VerifyTextPresentKeyword.verifyTextPresent(VerifyTextPresentKeyword.groovy:83)
	at com.kms.katalon.core.webui.keyword.builtin.VerifyTextPresentKeyword.execute(VerifyTextPresentKeyword.groovy:68)
	at com.kms.katalon.core.keyword.internal.KeywordExecutor.executeKeywordForPlatform(KeywordExecutor.groovy:74)
	at com.kms.katalon.core.webui.keyword.WebUiBuiltInKeywords.verifyTextPresent(WebUiBuiltInKeywords.groovy:1723)
	at com.kms.katalon.core.webui.keyword.WebUiBuiltInKeywords$verifyTextPresent$9.call(Unknown Source)
	at SA-003.run(SA-003:32)
	at com.kms.katalon.core.main.ScriptEngine.run(ScriptEngine.java:194)
	at com.kms.katalon.core.main.ScriptEngine.runScriptAsRawText(ScriptEngine.java:119)
	at com.kms.katalon.core.main.TestCaseExecutor.runScript(TestCaseExecutor.java:448)
	at com.kms.katalon.core.main.TestCaseExecutor.doExecute(TestCaseExecutor.java:439)
	at com.kms.katalon.core.main.TestCaseExecutor.processExecutionPhase(TestCaseExecutor.java:418)
	at com.kms.katalon.core.main.TestCaseExecutor.accessMainPhase(TestCaseExecutor.java:410)
	at com.kms.katalon.core.main.TestCaseExecutor.execute(TestCaseExecutor.java:285)
	at com.kms.katalon.core.main.TestCaseMain.runTestCase(TestCaseMain.java:144)
	at com.kms.katalon.core.keyword.builtin.CallTestCaseKeyword$_callTestCase_closure1.doCall(CallTestCaseKeyword.groovy:59)
	at com.kms.katalon.core.keyword.builtin.CallTestCaseKeyword$_callTestCase_closure1.call(CallTestCaseKeyword.groovy)
	at com.kms.katalon.core.keyword.internal.KeywordMain.runKeyword(KeywordMain.groovy:75)
	at com.kms.katalon.core.keyword.builtin.CallTestCaseKeyword.callTestCase(CallTestCaseKeyword.groovy:81)
	at com.kms.katalon.core.keyword.builtin.CallTestCaseKeyword.execute(CallTestCaseKeyword.groovy:44)
	at com.kms.katalon.core.keyword.internal.KeywordExecutor.executeKeywordForPlatform(KeywordExecutor.groovy:74)
	at com.kms.katalon.core.keyword.BuiltinKeywords.callTestCase(BuiltinKeywords.groovy:310)
	at SU-002.run(SU-002:20)
	at com.kms.katalon.core.main.ScriptEngine.run(ScriptEngine.java:194)
	at com.kms.katalon.core.main.ScriptEngine.runScriptAsRawText(ScriptEngine.java:119)
	at com.kms.katalon.core.main.TestCaseExecutor.runScript(TestCaseExecutor.java:448)
	at com.kms.katalon.core.main.TestCaseExecutor.doExecute(TestCaseExecutor.java:439)
	at com.kms.katalon.core.main.TestCaseExecutor.processExecutionPhase(TestCaseExecutor.java:418)
	at com.kms.katalon.core.main.TestCaseExecutor.accessMainPhase(TestCaseExecutor.java:410)
	at com.kms.katalon.core.main.TestCaseExecutor.execute(TestCaseExecutor.java:285)
	at com.kms.katalon.core.common.CommonExecutor.accessTestCaseMainPhase(CommonExecutor.java:65)
	at com.kms.katalon.core.main.TestSuiteExecutor.accessTestSuiteMainPhase(TestSuiteExecutor.java:148)
	at com.kms.katalon.core.main.TestSuiteExecutor.execute(TestSuiteExecutor.java:106)
	at com.kms.katalon.core.main.TestCaseMain.startTestSuite(TestCaseMain.java:187)
	at com.kms.katalon.core.main.TestCaseMain$startTestSuite$0.call(Unknown Source)
	at TempTestSuite1696420804604.run(TempTestSuite1696420804604.groovy:36)
)

2023-10-04 19:42:11 - [MESSAGE][FAILED] - Unable to verify text 'Proses' is present  (Root cause: com.kms.katalon.core.exception.StepFailedException: Unable to verify text 'Proses' is present 
	at com.kms.katalon.core.webui.keyword.internal.WebUIKeywordMain.stepFailed(WebUIKeywordMain.groovy:64)
	at com.kms.katalon.core.webui.keyword.internal.WebUIKeywordMain.runKeyword(WebUIKeywordMain.groovy:26)
	at com.kms.katalon.core.webui.keyword.builtin.VerifyTextPresentKeyword.verifyTextPresent(VerifyTextPresentKeyword.groovy:83)
	at com.kms.katalon.core.webui.keyword.builtin.VerifyTextPresentKeyword.execute(VerifyTextPresentKeyword.groovy:68)
	at com.kms.katalon.core.keyword.internal.KeywordExecutor.executeKeywordForPlatform(KeywordExecutor.groovy:74)
	at com.kms.katalon.core.webui.keyword.WebUiBuiltInKeywords.verifyTextPresent(WebUiBuiltInKeywords.groovy:1723)
	at com.kms.katalon.core.webui.keyword.WebUiBuiltInKeywords$verifyTextPresent$9.call(Unknown Source)
	at SA-003.run(SA-003:32)
	at com.kms.katalon.core.main.ScriptEngine.run(ScriptEngine.java:194)
	at com.kms.katalon.core.main.ScriptEngine.runScriptAsRawText(ScriptEngine.java:119)
	at com.kms.katalon.core.main.TestCaseExecutor.runScript(TestCaseExecutor.java:448)
	at com.kms.katalon.core.main.TestCaseExecutor.doExecute(TestCaseExecutor.java:439)
	at com.kms.katalon.core.main.TestCaseExecutor.processExecutionPhase(TestCaseExecutor.java:418)
	at com.kms.katalon.core.main.TestCaseExecutor.accessMainPhase(TestCaseExecutor.java:410)
	at com.kms.katalon.core.main.TestCaseExecutor.execute(TestCaseExecutor.java:285)
	at com.kms.katalon.core.main.TestCaseMain.runTestCase(TestCaseMain.java:144)
	at com.kms.katalon.core.keyword.builtin.CallTestCaseKeyword$_callTestCase_closure1.doCall(CallTestCaseKeyword.groovy:59)
	at com.kms.katalon.core.keyword.builtin.CallTestCaseKeyword$_callTestCase_closure1.call(CallTestCaseKeyword.groovy)
	at com.kms.katalon.core.keyword.internal.KeywordMain.runKeyword(KeywordMain.groovy:75)
	at com.kms.katalon.core.keyword.builtin.CallTestCaseKeyword.callTestCase(CallTestCaseKeyword.groovy:81)
	at com.kms.katalon.core.keyword.builtin.CallTestCaseKeyword.execute(CallTestCaseKeyword.groovy:44)
	at com.kms.katalon.core.keyword.internal.KeywordExecutor.executeKeywordForPlatform(KeywordExecutor.groovy:74)
	at com.kms.katalon.core.keyword.BuiltinKeywords.callTestCase(BuiltinKeywords.groovy:310)
	at SU-002.run(SU-002:20)
	at com.kms.katalon.core.main.ScriptEngine.run(ScriptEngine.java:194)
	at com.kms.katalon.core.main.ScriptEngine.runScriptAsRawText(ScriptEngine.java:119)
	at com.kms.katalon.core.main.TestCaseExecutor.runScript(TestCaseExecutor.java:448)
	at com.kms.katalon.core.main.TestCaseExecutor.doExecute(TestCaseExecutor.java:439)
	at com.kms.katalon.core.main.TestCaseExecutor.processExecutionPhase(TestCaseExecutor.java:418)
	at com.kms.katalon.core.main.TestCaseExecutor.accessMainPhase(TestCaseExecutor.java:410)
	at com.kms.katalon.core.main.TestCaseExecutor.execute(TestCaseExecutor.java:285)
	at com.kms.katalon.core.common.CommonExecutor.accessTestCaseMainPhase(CommonExecutor.java:65)
	at com.kms.katalon.core.main.TestSuiteExecutor.accessTestSuiteMainPhase(TestSuiteExecutor.java:148)
	at com.kms.katalon.core.main.TestSuiteExecutor.execute(TestSuiteExecutor.java:106)
	at com.kms.katalon.core.main.TestCaseMain.startTestSuite(TestCaseMain.java:187)
	at com.kms.katalon.core.main.TestCaseMain$startTestSuite$0.call(Unknown Source)
	at TempTestSuite1696420804604.run(TempTestSuite1696420804604.groovy:36)
Caused by: com.kms.katalon.core.exception.StepFailedException: Text 'Proses' is not present on page 
	at com.kms.katalon.core.webui.keyword.internal.WebUIKeywordMain.stepFailed(WebUIKeywordMain.groovy:64)
	at com.kms.katalon.core.webui.keyword.builtin.VerifyTextPresentKeyword$_verifyTextPresent_closure1.doCall(VerifyTextPresentKeyword.groovy:79)
	at com.kms.katalon.core.webui.keyword.builtin.VerifyTextPresentKeyword$_verifyTextPresent_closure1.call(VerifyTextPresentKeyword.groovy)
	at com.kms.katalon.core.webui.keyword.internal.WebUIKeywordMain.runKeyword(WebUIKeywordMain.groovy:20)
	... 35 more
)
[[ATTACHMENT|D:\\BOOTCAMP XSIS\\Projek 2 MINI PROJEK\\Reports\\20231004_190004\\T13 Pembelian, Shipment dan Pembayaran\\T13 Pembelian, Shipment dan Pembayaran\\20231004_190004\\1696423331794.png]]

2023-10-04 19:42:11 - [MESSAGE][FAILED] - Unable to call Test Case 'Test Cases/T13 Pembelian, Shipment dan Pembayaran/SA-003' (Root cause: com.kms.katalon.core.exception.StepFailedException: Call Test Case 'Test Cases/T13 Pembelian, Shipment dan Pembayaran/SA-003' failed
	at com.kms.katalon.core.keyword.builtin.CallTestCaseKeyword$_callTestCase_closure1.doCall(CallTestCaseKeyword.groovy:63)
	at com.kms.katalon.core.keyword.builtin.CallTestCaseKeyword$_callTestCase_closure1.call(CallTestCaseKeyword.groovy)
	at com.kms.katalon.core.keyword.internal.KeywordMain.runKeyword(KeywordMain.groovy:75)
	at com.kms.katalon.core.keyword.builtin.CallTestCaseKeyword.callTestCase(CallTestCaseKeyword.groovy:81)
	at com.kms.katalon.core.keyword.builtin.CallTestCaseKeyword.execute(CallTestCaseKeyword.groovy:44)
	at com.kms.katalon.core.keyword.internal.KeywordExecutor.executeKeywordForPlatform(KeywordExecutor.groovy:74)
	at com.kms.katalon.core.keyword.BuiltinKeywords.callTestCase(BuiltinKeywords.groovy:310)
	at SU-002.run(SU-002:20)
	at com.kms.katalon.core.main.ScriptEngine.run(ScriptEngine.java:194)
	at com.kms.katalon.core.main.ScriptEngine.runScriptAsRawText(ScriptEngine.java:119)
	at com.kms.katalon.core.main.TestCaseExecutor.runScript(TestCaseExecutor.java:448)
	at com.kms.katalon.core.main.TestCaseExecutor.doExecute(TestCaseExecutor.java:439)
	at com.kms.katalon.core.main.TestCaseExecutor.processExecutionPhase(TestCaseExecutor.java:418)
	at com.kms.katalon.core.main.TestCaseExecutor.accessMainPhase(TestCaseExecutor.java:410)
	at com.kms.katalon.core.main.TestCaseExecutor.execute(TestCaseExecutor.java:285)
	at com.kms.katalon.core.common.CommonExecutor.accessTestCaseMainPhase(CommonExecutor.java:65)
	at com.kms.katalon.core.main.TestSuiteExecutor.accessTestSuiteMainPhase(TestSuiteExecutor.java:148)
	at com.kms.katalon.core.main.TestSuiteExecutor.execute(TestSuiteExecutor.java:106)
	at com.kms.katalon.core.main.TestCaseMain.startTestSuite(TestCaseMain.java:187)
	at com.kms.katalon.core.main.TestCaseMain$startTestSuite$0.call(Unknown Source)
	at TempTestSuite1696420804604.run(TempTestSuite1696420804604.groovy:36)
Caused by: com.kms.katalon.core.exception.StepFailedException: Unable to verify text 'Proses' is present 
	at com.kms.katalon.core.webui.keyword.internal.WebUIKeywordMain.stepFailed(WebUIKeywordMain.groovy:64)
	at com.kms.katalon.core.webui.keyword.internal.WebUIKeywordMain.runKeyword(WebUIKeywordMain.groovy:26)
	at com.kms.katalon.core.webui.keyword.builtin.VerifyTextPresentKeyword.verifyTextPresent(VerifyTextPresentKeyword.groovy:83)
	at com.kms.katalon.core.webui.keyword.builtin.VerifyTextPresentKeyword.execute(VerifyTextPresentKeyword.groovy:68)
	at com.kms.katalon.core.keyword.internal.KeywordExecutor.executeKeywordForPlatform(KeywordExecutor.groovy:74)
	at com.kms.katalon.core.webui.keyword.WebUiBuiltInKeywords.verifyTextPresent(WebUiBuiltInKeywords.groovy:1723)
	at com.kms.katalon.core.webui.keyword.WebUiBuiltInKeywords$verifyTextPresent$9.call(Unknown Source)
	at SA-003.run(SA-003:32)
	at com.kms.katalon.core.main.ScriptEngine.run(ScriptEngine.java:194)
	at com.kms.katalon.core.main.ScriptEngine.runScriptAsRawText(ScriptEngine.java:119)
	at com.kms.katalon.core.main.TestCaseExecutor.runScript(TestCaseExecutor.java:448)
	at com.kms.katalon.core.main.TestCaseExecutor.doExecute(TestCaseExecutor.java:439)
	at com.kms.katalon.core.main.TestCaseExecutor.processExecutionPhase(TestCaseExecutor.java:418)
	at com.kms.katalon.core.main.TestCaseExecutor.accessMainPhase(TestCaseExecutor.java:410)
	at com.kms.katalon.core.main.TestCaseExecutor.execute(TestCaseExecutor.java:285)
	at com.kms.katalon.core.main.TestCaseMain.runTestCase(TestCaseMain.java:144)
	at com.kms.katalon.core.keyword.builtin.CallTestCaseKeyword$_callTestCase_closure1.doCall(CallTestCaseKeyword.groovy:59)
	... 20 more
Caused by: com.kms.katalon.core.exception.StepFailedException: Text 'Proses' is not present on page 
	at com.kms.katalon.core.webui.keyword.internal.WebUIKeywordMain.stepFailed(WebUIKeywordMain.groovy:64)
	at com.kms.katalon.core.webui.keyword.builtin.VerifyTextPresentKeyword$_verifyTextPresent_closure1.doCall(VerifyTextPresentKeyword.groovy:79)
	at com.kms.katalon.core.webui.keyword.builtin.VerifyTextPresentKeyword$_verifyTextPresent_closure1.call(VerifyTextPresentKeyword.groovy)
	at com.kms.katalon.core.webui.keyword.internal.WebUIKeywordMain.runKeyword(WebUIKeywordMain.groovy:20)
	... 35 more
)]]></system-out>
         <system-err><![CDATA[2023-10-04 19:40:20 - [TEST_CASE][FAILED] - Test Cases/T13 Pembelian, Shipment dan Pembayaran/SU-002: Test Cases/T13 Pembelian, Shipment dan Pembayaran/SU-002 FAILED.
Reason:
com.kms.katalon.core.exception.StepFailedException: Call Test Case 'Test Cases/T13 Pembelian, Shipment dan Pembayaran/SA-003' failed
	at com.kms.katalon.core.keyword.builtin.CallTestCaseKeyword$_callTestCase_closure1.doCall(CallTestCaseKeyword.groovy:63)
	at com.kms.katalon.core.keyword.builtin.CallTestCaseKeyword$_callTestCase_closure1.call(CallTestCaseKeyword.groovy)
	at com.kms.katalon.core.keyword.internal.KeywordMain.runKeyword(KeywordMain.groovy:75)
	at com.kms.katalon.core.keyword.builtin.CallTestCaseKeyword.callTestCase(CallTestCaseKeyword.groovy:81)
	at com.kms.katalon.core.keyword.builtin.CallTestCaseKeyword.execute(CallTestCaseKeyword.groovy:44)
	at com.kms.katalon.core.keyword.internal.KeywordExecutor.executeKeywordForPlatform(KeywordExecutor.groovy:74)
	at com.kms.katalon.core.keyword.BuiltinKeywords.callTestCase(BuiltinKeywords.groovy:310)
	at SU-002.run(SU-002:20)
	at com.kms.katalon.core.main.ScriptEngine.run(ScriptEngine.java:194)
	at com.kms.katalon.core.main.ScriptEngine.runScriptAsRawText(ScriptEngine.java:119)
	at com.kms.katalon.core.main.TestCaseExecutor.runScript(TestCaseExecutor.java:448)
	at com.kms.katalon.core.main.TestCaseExecutor.doExecute(TestCaseExecutor.java:439)
	at com.kms.katalon.core.main.TestCaseExecutor.processExecutionPhase(TestCaseExecutor.java:418)
	at com.kms.katalon.core.main.TestCaseExecutor.accessMainPhase(TestCaseExecutor.java:410)
	at com.kms.katalon.core.main.TestCaseExecutor.execute(TestCaseExecutor.java:285)
	at com.kms.katalon.core.common.CommonExecutor.accessTestCaseMainPhase(CommonExecutor.java:65)
	at com.kms.katalon.core.main.TestSuiteExecutor.accessTestSuiteMainPhase(TestSuiteExecutor.java:148)
	at com.kms.katalon.core.main.TestSuiteExecutor.execute(TestSuiteExecutor.java:106)
	at com.kms.katalon.core.main.TestCaseMain.startTestSuite(TestCaseMain.java:187)
	at com.kms.katalon.core.main.TestCaseMain$startTestSuite$0.call(Unknown Source)
	at TempTestSuite1696420804604.run(TempTestSuite1696420804604.groovy:36)
Caused by: com.kms.katalon.core.exception.StepFailedException: Unable to verify text 'Proses' is present 
	at com.kms.katalon.core.webui.keyword.internal.WebUIKeywordMain.stepFailed(WebUIKeywordMain.groovy:64)
	at com.kms.katalon.core.webui.keyword.internal.WebUIKeywordMain.runKeyword(WebUIKeywordMain.groovy:26)
	at com.kms.katalon.core.webui.keyword.builtin.VerifyTextPresentKeyword.verifyTextPresent(VerifyTextPresentKeyword.groovy:83)
	at com.kms.katalon.core.webui.keyword.builtin.VerifyTextPresentKeyword.execute(VerifyTextPresentKeyword.groovy:68)
	at com.kms.katalon.core.keyword.internal.KeywordExecutor.executeKeywordForPlatform(KeywordExecutor.groovy:74)
	at com.kms.katalon.core.webui.keyword.WebUiBuiltInKeywords.verifyTextPresent(WebUiBuiltInKeywords.groovy:1723)
	at com.kms.katalon.core.webui.keyword.WebUiBuiltInKeywords$verifyTextPresent$9.call(Unknown Source)
	at SA-003.run(SA-003:32)
	at com.kms.katalon.core.main.ScriptEngine.run(ScriptEngine.java:194)
	at com.kms.katalon.core.main.ScriptEngine.runScriptAsRawText(ScriptEngine.java:119)
	at com.kms.katalon.core.main.TestCaseExecutor.runScript(TestCaseExecutor.java:448)
	at com.kms.katalon.core.main.TestCaseExecutor.doExecute(TestCaseExecutor.java:439)
	at com.kms.katalon.core.main.TestCaseExecutor.processExecutionPhase(TestCaseExecutor.java:418)
	at com.kms.katalon.core.main.TestCaseExecutor.accessMainPhase(TestCaseExecutor.java:410)
	at com.kms.katalon.core.main.TestCaseExecutor.execute(TestCaseExecutor.java:285)
	at com.kms.katalon.core.main.TestCaseMain.runTestCase(TestCaseMain.java:144)
	at com.kms.katalon.core.keyword.builtin.CallTestCaseKeyword$_callTestCase_closure1.doCall(CallTestCaseKeyword.groovy:59)
	... 20 more
Caused by: com.kms.katalon.core.exception.StepFailedException: Text 'Proses' is not present on page 
	at com.kms.katalon.core.webui.keyword.internal.WebUIKeywordMain.stepFailed(WebUIKeywordMain.groovy:64)
	at com.kms.katalon.core.webui.keyword.builtin.VerifyTextPresentKeyword$_verifyTextPresent_closure1.doCall(VerifyTextPresentKeyword.groovy:79)
	at com.kms.katalon.core.webui.keyword.builtin.VerifyTextPresentKeyword$_verifyTextPresent_closure1.call(VerifyTextPresentKeyword.groovy)
	at com.kms.katalon.core.webui.keyword.internal.WebUIKeywordMain.runKeyword(WebUIKeywordMain.groovy:20)
	... 35 more]]></system-err>
      </testcase>
      <testcase name="Test Cases/T13 Pembelian, Shipment dan Pembayaran/SU-003" time="146.76" classname="Test Cases/T13 Pembelian, Shipment dan Pembayaran/SU-003" status="FAILED">
         <failure type="FAILED" message="Test Cases/T13 Pembelian, Shipment dan Pembayaran/SU-003 FAILED.
Reason:
Assertion failed: 

assert dikirim == statusDikirim
       |       |  |
       Dikirim |  Proses
               false

	at SU-003.run(SU-003:89)
	at com.kms.katalon.core.main.ScriptEngine.run(ScriptEngine.java:194)
	at com.kms.katalon.core.main.ScriptEngine.runScriptAsRawText(ScriptEngine.java:119)
	at com.kms.katalon.core.main.TestCaseExecutor.runScript(TestCaseExecutor.java:448)
	at com.kms.katalon.core.main.TestCaseExecutor.doExecute(TestCaseExecutor.java:439)
	at com.kms.katalon.core.main.TestCaseExecutor.processExecutionPhase(TestCaseExecutor.java:418)
	at com.kms.katalon.core.main.TestCaseExecutor.accessMainPhase(TestCaseExecutor.java:410)
	at com.kms.katalon.core.main.TestCaseExecutor.execute(TestCaseExecutor.java:285)
	at com.kms.katalon.core.common.CommonExecutor.accessTestCaseMainPhase(CommonExecutor.java:65)
	at com.kms.katalon.core.main.TestSuiteExecutor.accessTestSuiteMainPhase(TestSuiteExecutor.java:148)
	at com.kms.katalon.core.main.TestSuiteExecutor.execute(TestSuiteExecutor.java:106)
	at com.kms.katalon.core.main.TestCaseMain.startTestSuite(TestCaseMain.java:187)
	at com.kms.katalon.core.main.TestCaseMain$startTestSuite$0.call(Unknown Source)
	at TempTestSuite1696420804604.run(TempTestSuite1696420804604.groovy:36)
"/>
         <system-out><![CDATA[2023-10-04 19:42:11 - [TEST_CASE][FAILED] - Test Cases/T13 Pembelian, Shipment dan Pembayaran/SU-003: Test Cases/T13 Pembelian, Shipment dan Pembayaran/SU-003 FAILED.
Reason:
Assertion failed: 

assert dikirim == statusDikirim
       |       |  |
       Dikirim |  Proses
               false

	at SU-003.run(SU-003:89)
	at com.kms.katalon.core.main.ScriptEngine.run(ScriptEngine.java:194)
	at com.kms.katalon.core.main.ScriptEngine.runScriptAsRawText(ScriptEngine.java:119)
	at com.kms.katalon.core.main.TestCaseExecutor.runScript(TestCaseExecutor.java:448)
	at com.kms.katalon.core.main.TestCaseExecutor.doExecute(TestCaseExecutor.java:439)
	at com.kms.katalon.core.main.TestCaseExecutor.processExecutionPhase(TestCaseExecutor.java:418)
	at com.kms.katalon.core.main.TestCaseExecutor.accessMainPhase(TestCaseExecutor.java:410)
	at com.kms.katalon.core.main.TestCaseExecutor.execute(TestCaseExecutor.java:285)
	at com.kms.katalon.core.common.CommonExecutor.accessTestCaseMainPhase(CommonExecutor.java:65)
	at com.kms.katalon.core.main.TestSuiteExecutor.accessTestSuiteMainPhase(TestSuiteExecutor.java:148)
	at com.kms.katalon.core.main.TestSuiteExecutor.execute(TestSuiteExecutor.java:106)
	at com.kms.katalon.core.main.TestCaseMain.startTestSuite(TestCaseMain.java:187)
	at com.kms.katalon.core.main.TestCaseMain$startTestSuite$0.call(Unknown Source)
	at TempTestSuite1696420804604.run(TempTestSuite1696420804604.groovy:36)


2023-10-04 19:42:12 - [TEST_STEP][PASSED] - data = callTestCase(findTestCase("T13 Pembelian, Shipment dan Pembayaran/SA-004"), [:], STOP_ON_FAILURE): Call Test Case 'Test Cases/T13 Pembelian, Shipment dan Pembayaran/SA-004' successfully

2023-10-04 19:42:12 - [TEST_CASE][PASSED] - Test Cases/T13 Pembelian, Shipment dan Pembayaran/SA-004: Test Cases/T13 Pembelian, Shipment dan Pembayaran/SA-004

2023-10-04 19:42:12 - [TEST_STEP][PASSED] - data = callTestCase(findTestCase("T13 Pembelian, Shipment dan Pembayaran/SA-002"), [:], STOP_ON_FAILURE): Call Test Case 'Test Cases/T13 Pembelian, Shipment dan Pembayaran/SA-002' successfully

2023-10-04 19:42:12 - [TEST_CASE][PASSED] - Test Cases/T13 Pembelian, Shipment dan Pembayaran/SA-002: Test Cases/T13 Pembelian, Shipment dan Pembayaran/SA-002

2023-10-04 19:42:12 - [TEST_STEP][PASSED] - data = callTestCase(findTestCase("T13 Pembelian, Shipment dan Pembayaran/SA-001"), [:], STOP_ON_FAILURE): Call Test Case 'Test Cases/T13 Pembelian, Shipment dan Pembayaran/SA-001' successfully

2023-10-04 19:42:12 - [TEST_CASE][PASSED] - Test Cases/T13 Pembelian, Shipment dan Pembayaran/SA-001: Test Cases/T13 Pembelian, Shipment dan Pembayaran/SA-001

2023-10-04 19:42:12 - [TEST_STEP][PASSED] - data = callTestCase(findTestCase("T13 Pembelian, Shipment dan Pembayaran/PBYA-001"), [:], STOP_ON_FAILURE): Call Test Case 'Test Cases/T13 Pembelian, Shipment dan Pembayaran/PBYA-001' successfully

2023-10-04 19:42:12 - [TEST_CASE][PASSED] - Test Cases/T13 Pembelian, Shipment dan Pembayaran/PBYA-001: Test Cases/T13 Pembelian, Shipment dan Pembayaran/PBYA-001

2023-10-04 19:42:12 - [TEST_STEP][PASSED] - data = callTestCase(findTestCase("T13 Pembelian, Shipment dan Pembayaran/PBY-004"), [:], STOP_ON_FAILURE): Call Test Case 'Test Cases/T13 Pembelian, Shipment dan Pembayaran/PBY-004' successfully

2023-10-04 19:42:12 - [TEST_CASE][PASSED] - Test Cases/T13 Pembelian, Shipment dan Pembayaran/PBY-004: Test Cases/T13 Pembelian, Shipment dan Pembayaran/PBY-004

2023-10-04 19:42:12 - [TEST_STEP][PASSED] - data = callTestCase(findTestCase("T13 Pembelian, Shipment dan Pembayaran/PBY-001"), [:], STOP_ON_FAILURE): Call Test Case 'Test Cases/T13 Pembelian, Shipment dan Pembayaran/PBY-001' successfully

2023-10-04 19:42:12 - [TEST_CASE][PASSED] - Test Cases/T13 Pembelian, Shipment dan Pembayaran/PBY-001: Test Cases/T13 Pembelian, Shipment dan Pembayaran/PBY-001

2023-10-04 19:42:12 - [TEST_STEP][PASSED] - data = callTestCase(findTestCase("T13 Pembelian, Shipment dan Pembayaran/PBL-004"), ["Kurir":"Roda 2"], STOP_ON_FAILURE): Call Test Case 'Test Cases/T13 Pembelian, Shipment dan Pembayaran/PBL-004' successfully

2023-10-04 19:42:12 - [TEST_CASE][PASSED] - Test Cases/T13 Pembelian, Shipment dan Pembayaran/PBL-004: Test Cases/T13 Pembelian, Shipment dan Pembayaran/PBL-004

2023-10-04 19:42:12 - [TEST_STEP][PASSED] - data = callTestCase(findTestCase("T13 Pembelian, Shipment dan Pembayaran/PBL-002"), [:], STOP_ON_FAILURE): Call Test Case 'Test Cases/T13 Pembelian, Shipment dan Pembayaran/PBL-002' successfully

2023-10-04 19:42:12 - [TEST_CASE][PASSED] - Test Cases/T13 Pembelian, Shipment dan Pembayaran/PBL-002: Test Cases/T13 Pembelian, Shipment dan Pembayaran/PBL-002

2023-10-04 19:42:12 - [TEST_STEP][PASSED] - data = callTestCase(findTestCase("T13 Pembelian, Shipment dan Pembayaran/PBL-001"), [:], STOP_ON_FAILURE): Call Test Case 'Test Cases/T13 Pembelian, Shipment dan Pembayaran/PBL-001' successfully

2023-10-04 19:42:12 - [TEST_CASE][PASSED] - Test Cases/T13 Pembelian, Shipment dan Pembayaran/PBL-001: Test Cases/T13 Pembelian, Shipment dan Pembayaran/PBL-001

2023-10-04 19:42:12 - [TEST_STEP][PASSED] - callTestCase(findTestCase("T13 Pembelian, Shipment dan Pembayaran/LU-001"), ["username":"irfanafandi", "password":"12345irfan"], STOP_ON_FAILURE): Call Test Case 'Test Cases/T13 Pembelian, Shipment dan Pembayaran/LU-001' successfully

2023-10-04 19:42:12 - [TEST_CASE][PASSED] - Test Cases/T13 Pembelian, Shipment dan Pembayaran/LU-001: Test Cases/T13 Pembelian, Shipment dan Pembayaran/LU-001

2023-10-04 19:42:12 - [TEST_STEP][PASSED] - openBrowser("https://10.9.2.63/ecommerce/"): Browser is opened with url: 'https://10.9.2.63/ecommerce/'

2023-10-04 19:42:12 - [MESSAGE][WARNING] - A browser is already opened. Closing browser and opening a new one

2023-10-04 19:42:15 - [MESSAGE][INFO] - Starting 'Firefox' driver

2023-10-04 19:42:15 - [MESSAGE][INFO] - User set preference: ['args', '[--disable-notifications]']

2023-10-04 19:42:15 - [MESSAGE][INFO] - Action delay is set to 0 milliseconds

2023-10-04 19:42:19 - [MESSAGE][PASSED] - Browser is opened with url: 'https://10.9.2.63/ecommerce/'

2023-10-04 19:42:19 - [TEST_STEP][PASSED] - maximizeWindow(): Current window maximized

2023-10-04 19:42:19 - [MESSAGE][PASSED] - Current window maximized

2023-10-04 19:42:19 - [TEST_STEP][PASSED] - verifyElementPresent(findTestObject("Login/Home"), 0): Object 'Object Repository/Login/Home' is present

2023-10-04 19:42:19 - [MESSAGE][WARNING] - Timeout '0' is invalid. Using default page load timeout: '30'

2023-10-04 19:42:20 - [MESSAGE][PASSED] - Object 'Object Repository/Login/Home' is present

2023-10-04 19:42:20 - [TEST_STEP][PASSED] - click(findTestObject("Login/a_Login")): Object: 'Object Repository/Login/a_Login' is clicked on

2023-10-04 19:42:21 - [MESSAGE][PASSED] - Object: 'Object Repository/Login/a_Login' is clicked on

2023-10-04 19:42:21 - [TEST_STEP][PASSED] - verifyElementPresent(findTestObject("Login/Tittle Login"), 0): Object 'Object Repository/Login/Tittle Login' is present

2023-10-04 19:42:21 - [MESSAGE][WARNING] - Timeout '0' is invalid. Using default page load timeout: '30'

2023-10-04 19:42:21 - [MESSAGE][PASSED] - Object 'Object Repository/Login/Tittle Login' is present

2023-10-04 19:42:21 - [TEST_STEP][PASSED] - setText(findTestObject("Login/input_Username, Email atau No. Handphone_a"), username): Text 'irfanafandi' is set on object 'Object Repository/Login/input_Username, Email atau No. Handphone_a'

2023-10-04 19:42:22 - [MESSAGE][PASSED] - Text 'irfanafandi' is set on object 'Object Repository/Login/input_Username, Email atau No. Handphone_a'

2023-10-04 19:42:22 - [TEST_STEP][PASSED] - setText(findTestObject("Login/input_Password_b"), password): Text '12345irfan' is set on object 'Object Repository/Login/input_Password_b'

2023-10-04 19:42:22 - [MESSAGE][PASSED] - Text '12345irfan' is set on object 'Object Repository/Login/input_Password_b'

2023-10-04 19:42:22 - [TEST_STEP][PASSED] - click(findTestObject("Login/label_Ingat saya")): Object: 'Object Repository/Login/label_Ingat saya' is clicked on

2023-10-04 19:42:23 - [MESSAGE][PASSED] - Object: 'Object Repository/Login/label_Ingat saya' is clicked on

2023-10-04 19:42:23 - [TEST_STEP][PASSED] - click(findTestObject("Login/button_Masuk")): Object: 'Object Repository/Login/button_Masuk' is clicked on

2023-10-04 19:42:24 - [MESSAGE][PASSED] - Object: 'Object Repository/Login/button_Masuk' is clicked on

2023-10-04 19:42:24 - [TEST_STEP][PASSED] - verifyElementPresent(findTestObject("Login/li_Profile"), 0): Object 'Object Repository/Login/li_Profile' is present

2023-10-04 19:42:24 - [MESSAGE][WARNING] - Timeout '0' is invalid. Using default page load timeout: '30'

2023-10-04 19:42:24 - [MESSAGE][PASSED] - Object 'Object Repository/Login/li_Profile' is present

2023-10-04 19:42:24 - [MESSAGE][PASSED] - Call Test Case 'Test Cases/T13 Pembelian, Shipment dan Pembayaran/LU-001' successfully

2023-10-04 19:42:24 - [TEST_STEP][PASSED] - mouseOver(findTestObject("beli barang/i_Mulai Belanja_icon-menu")): Object: 'Object Repository/beli barang/i_Mulai Belanja_icon-menu' is hovered

2023-10-04 19:42:25 - [MESSAGE][PASSED] - Object: 'Object Repository/beli barang/i_Mulai Belanja_icon-menu' is hovered

2023-10-04 19:42:25 - [TEST_STEP][PASSED] - click(findTestObject("beli barang/a_Fashion  Busana Wanita")): Object: 'Object Repository/beli barang/a_Fashion  Busana Wanita' is clicked on

2023-10-04 19:42:26 - [MESSAGE][PASSED] - Object: 'Object Repository/beli barang/a_Fashion  Busana Wanita' is clicked on

2023-10-04 19:42:26 - [TEST_STEP][PASSED] - NamaSebelum = getText(findTestObject("verifikasi/Nama sebelum")): Text of object 'Object Repository/verifikasi/Nama sebelum' is: ''

2023-10-04 19:42:27 - [MESSAGE][PASSED] - Text of object 'Object Repository/verifikasi/Nama sebelum' is: ''

2023-10-04 19:42:27 - [TEST_STEP][PASSED] - HargaSebelum = getText(findTestObject("verifikasi/Harga sebelum")): Text of object 'Object Repository/verifikasi/Harga sebelum' is: 'Rp 1,299'

2023-10-04 19:42:27 - [MESSAGE][PASSED] - Text of object 'Object Repository/verifikasi/Harga sebelum' is: 'Rp 1,299'

2023-10-04 19:42:27 - [TEST_STEP][PASSED] - mouseOver(findTestObject("beli barang/barang mouse over")): Object: 'Object Repository/beli barang/barang mouse over' is hovered

2023-10-04 19:42:28 - [MESSAGE][PASSED] - Object: 'Object Repository/beli barang/barang mouse over' is hovered

2023-10-04 19:42:28 - [TEST_STEP][PASSED] - click(findTestObject("beli barang/buttom add to cart")): Object: 'Object Repository/beli barang/buttom add to cart' is clicked on

2023-10-04 19:42:29 - [MESSAGE][PASSED] - Object: 'Object Repository/beli barang/buttom add to cart' is clicked on

2023-10-04 19:42:29 - [TEST_STEP][PASSED] - NamaSesudah = getText(findTestObject("verifikasi/Nama sesudah")): Text of object 'Object Repository/verifikasi/Nama sesudah' is: 'Segitiga Instan Madeira - MDB5.3 Sunset'

2023-10-04 19:42:30 - [MESSAGE][PASSED] - Text of object 'Object Repository/verifikasi/Nama sesudah' is: 'Segitiga Instan Madeira - MDB5.3 Sunset'

2023-10-04 19:42:30 - [TEST_STEP][PASSED] - HargaSesudah = getText(findTestObject("verifikasi/Harga sesudah")): Text of object 'Object Repository/verifikasi/Harga sesudah' is: 'Rp 1,299'

2023-10-04 19:42:30 - [MESSAGE][PASSED] - Text of object 'Object Repository/verifikasi/Harga sesudah' is: 'Rp 1,299'

2023-10-04 19:42:30 - [TEST_STEP][PASSED] - assert NamaSesudah.contains(NamaSebelum): null

2023-10-04 19:42:30 - [TEST_STEP][PASSED] - assert HargaSesudah.contains(HargaSebelum): null

2023-10-04 19:42:30 - [TEST_STEP][PASSED] - click(findTestObject("beli barang/Tambah Keranjang busana wanita")): Object: 'Object Repository/beli barang/Tambah Keranjang busana wanita' is clicked on

2023-10-04 19:42:30 - [MESSAGE][PASSED] - Object: 'Object Repository/beli barang/Tambah Keranjang busana wanita' is clicked on

2023-10-04 19:42:30 - [TEST_STEP][PASSED] - verifyElementPresent(findTestObject("checkout/Notifikasi keranjang"), 1): Object 'Object Repository/checkout/Notifikasi keranjang' is present

2023-10-04 19:42:31 - [MESSAGE][PASSED] - Object 'Object Repository/checkout/Notifikasi keranjang' is present

2023-10-04 19:42:31 - [TEST_STEP][PASSED] - data = new java.util.HashMap(): null

2023-10-04 19:42:31 - [TEST_STEP][PASSED] - data.put("nama_barang", NamaSesudah): null

2023-10-04 19:42:31 - [TEST_STEP][PASSED] - data.put("price_barang", HargaSesudah): null

2023-10-04 19:42:31 - [TEST_STEP][PASSED] - return data: null

2023-10-04 19:42:31 - [MESSAGE][PASSED] - Call Test Case 'Test Cases/T13 Pembelian, Shipment dan Pembayaran/PBL-001' successfully

2023-10-04 19:42:31 - [TEST_STEP][PASSED] - mouseOver(findTestObject("beli barang/keranjang")): Object: 'Object Repository/beli barang/keranjang' is hovered

2023-10-04 19:42:32 - [MESSAGE][PASSED] - Object: 'Object Repository/beli barang/keranjang' is hovered

2023-10-04 19:42:32 - [TEST_STEP][PASSED] - click(findTestObject("beli barang/Lihat Sekarang")): Object: 'Object Repository/beli barang/Lihat Sekarang' is clicked on

2023-10-04 19:42:32 - [MESSAGE][PASSED] - Object: 'Object Repository/beli barang/Lihat Sekarang' is clicked on

2023-10-04 19:42:32 - [TEST_STEP][PASSED] - verifyElementPresent(findTestObject("keranjang/li_Keranjang Belanja"), 0): Object 'Object Repository/keranjang/li_Keranjang Belanja' is present

2023-10-04 19:42:33 - [MESSAGE][WARNING] - Timeout '0' is invalid. Using default page load timeout: '30'

2023-10-04 19:42:34 - [MESSAGE][PASSED] - Object 'Object Repository/keranjang/li_Keranjang Belanja' is present

2023-10-04 19:42:34 - [TEST_STEP][PASSED] - NamaKeranjang = getText(findTestObject("verifikasi/Nama keranjang")): Text of object 'Object Repository/verifikasi/Nama keranjang' is: 'Segitiga Instan Madeira - MDB5.3 Sunset'

2023-10-04 19:42:34 - [MESSAGE][PASSED] - Text of object 'Object Repository/verifikasi/Nama keranjang' is: 'Segitiga Instan Madeira - MDB5.3 Sunset'

2023-10-04 19:42:34 - [TEST_STEP][PASSED] - HargaKeranjang = getText(findTestObject("verifikasi/Harga Keranjang")): Text of object 'Object Repository/verifikasi/Harga Keranjang' is: 'Rp 1,299'

2023-10-04 19:42:34 - [MESSAGE][PASSED] - Text of object 'Object Repository/verifikasi/Harga Keranjang' is: 'Rp 1,299'

2023-10-04 19:42:34 - [TEST_STEP][PASSED] - if (toString().equalsIgnoreCase("Merah")): Object 'Object Repository/keranjang/input_Warna_variasi101' is checked

2023-10-04 19:42:34 - [TEST_STEP][PASSED] - check(findTestObject("Object Repository/keranjang/input_Warna_variasi101")): Object 'Object Repository/keranjang/input_Warna_variasi101' is checked

2023-10-04 19:42:35 - [MESSAGE][PASSED] - Object 'Object Repository/keranjang/input_Warna_variasi101' is checked

2023-10-04 19:42:35 - [TEST_STEP][PASSED] - if (toString().equalsIgnoreCase("Menengah")): Object 'Object Repository/keranjang/input_Ukuran_variasi201' is checked

2023-10-04 19:42:35 - [TEST_STEP][PASSED] - check(findTestObject("Object Repository/keranjang/input_Ukuran_variasi201")): Object 'Object Repository/keranjang/input_Ukuran_variasi201' is checked

2023-10-04 19:42:36 - [MESSAGE][PASSED] - Object 'Object Repository/keranjang/input_Ukuran_variasi201' is checked

2023-10-04 19:42:36 - [TEST_STEP][PASSED] - data.put("Warna", warna): null

2023-10-04 19:42:36 - [TEST_STEP][PASSED] - data.put("Ukuran", ukuran): null

2023-10-04 19:42:36 - [TEST_STEP][PASSED] - click(findTestObject("keranjang/button_Lanjut ke Pembayaran")): Object: 'Object Repository/keranjang/button_Lanjut ke Pembayaran' is clicked on

2023-10-04 19:42:37 - [MESSAGE][PASSED] - Object: 'Object Repository/keranjang/button_Lanjut ke Pembayaran' is clicked on

2023-10-04 19:42:37 - [TEST_STEP][PASSED] - verifyElementPresent(findTestObject("checkout/Tittle Checkout Order"), 0): Object 'Object Repository/checkout/Tittle Checkout Order' is present

2023-10-04 19:42:37 - [MESSAGE][WARNING] - Timeout '0' is invalid. Using default page load timeout: '30'

2023-10-04 19:42:38 - [MESSAGE][PASSED] - Object 'Object Repository/checkout/Tittle Checkout Order' is present

2023-10-04 19:42:38 - [TEST_STEP][PASSED] - name_product = data.get("nama_barang"): null

2023-10-04 19:42:38 - [TEST_STEP][PASSED] - price_product = data.get("price_barang"): null

2023-10-04 19:42:38 - [TEST_STEP][PASSED] - assert name_product == NamaKeranjang: null

2023-10-04 19:42:38 - [TEST_STEP][PASSED] - assert price_product == HargaKeranjang: null

2023-10-04 19:42:38 - [TEST_STEP][PASSED] - return data: null

2023-10-04 19:42:38 - [MESSAGE][PASSED] - Call Test Case 'Test Cases/T13 Pembelian, Shipment dan Pembayaran/PBL-002' successfully

2023-10-04 19:42:38 - [TEST_STEP][PASSED] - warnaa = getText(findTestObject("verifikasi/warna Merah")): Text of object 'Object Repository/verifikasi/warna Merah' is: 'Merah'

2023-10-04 19:42:38 - [MESSAGE][PASSED] - Text of object 'Object Repository/verifikasi/warna Merah' is: 'Merah'

2023-10-04 19:42:38 - [TEST_STEP][PASSED] - ukurann = getText(findTestObject("verifikasi/Ukuran Menengah")): Text of object 'Object Repository/verifikasi/Ukuran Menengah' is: 'Menengah'

2023-10-04 19:42:38 - [MESSAGE][PASSED] - Text of object 'Object Repository/verifikasi/Ukuran Menengah' is: 'Menengah'

2023-10-04 19:42:38 - [TEST_STEP][PASSED] - warna1 = data.get("Warna"): null

2023-10-04 19:42:38 - [TEST_STEP][PASSED] - ukuran1 = data.get("Ukuran"): null

2023-10-04 19:42:38 - [TEST_STEP][PASSED] - assert warnaa == warna1: null

2023-10-04 19:42:38 - [TEST_STEP][PASSED] - assert ukurann == ukuran1: null

2023-10-04 19:42:38 - [TEST_STEP][PASSED] - NamaCheckout = getText(findTestObject("verifikasi/NamaCheckout")): Text of object 'Object Repository/verifikasi/NamaCheckout' is: ''

2023-10-04 19:42:38 - [MESSAGE][PASSED] - Text of object 'Object Repository/verifikasi/NamaCheckout' is: ''

2023-10-04 19:42:38 - [TEST_STEP][PASSED] - HargaCheckout = getText(findTestObject("verifikasi/HargaCheckout")): Text of object 'Object Repository/verifikasi/HargaCheckout' is: '1,299'

2023-10-04 19:42:39 - [MESSAGE][PASSED] - Text of object 'Object Repository/verifikasi/HargaCheckout' is: '1,299'

2023-10-04 19:42:39 - [TEST_STEP][PASSED] - name_product = data.get("nama_barang"): null

2023-10-04 19:42:39 - [TEST_STEP][PASSED] - price_product = data.get("price_barang"): null

2023-10-04 19:42:39 - [TEST_STEP][PASSED] - assert name_product.contains(NamaCheckout): null

2023-10-04 19:42:39 - [TEST_STEP][PASSED] - assert price_product.contains(HargaCheckout): null

2023-10-04 19:42:39 - [TEST_STEP][PASSED] - selectOptionByLabel(findTestObject("checkout/select - Kirim via Kurir Lokal"), Kurir, false): All options with label 'Roda 2' are selected in object 'Object Repository/checkout/select - Kirim via Kurir Lokal' 

2023-10-04 19:42:40 - [MESSAGE][PASSED] - All options with label 'Roda 2' are selected in object 'Object Repository/checkout/select - Kirim via Kurir Lokal' 

2023-10-04 19:42:40 - [TEST_STEP][PASSED] - click(findTestObject("checkout/Kendaraan Kurir")): Object: 'Object Repository/checkout/Kendaraan Kurir' is clicked on

2023-10-04 19:42:40 - [MESSAGE][PASSED] - Object: 'Object Repository/checkout/Kendaraan Kurir' is clicked on

2023-10-04 19:42:40 - [TEST_STEP][PASSED] - OngkosKirim = getText(findTestObject("Object Repository/verifikasi/Ongkos Kirim checkout")): Text of object 'Object Repository/verifikasi/Ongkos Kirim checkout' is: 'Rp. 5,000'

2023-10-04 19:42:41 - [MESSAGE][PASSED] - Text of object 'Object Repository/verifikasi/Ongkos Kirim checkout' is: 'Rp. 5,000'

2023-10-04 19:42:41 - [TEST_STEP][PASSED] - Ongkos = OngkosKirim.substring(3, OngkosKirim.size()): null

2023-10-04 19:42:41 - [TEST_STEP][PASSED] - rep = Ongkos.replace(",", "."): null

2023-10-04 19:42:41 - [TEST_STEP][PASSED] - Ongkos_kirim = Double.parseDouble(rep): null

2023-10-04 19:42:41 - [TEST_STEP][PASSED] - println(Ongkos_kirim): null

2023-10-04 19:42:41 - [TEST_STEP][PASSED] - FeeAdmin = getText(findTestObject("verifikasi/Fee Admin checkout")): Text of object 'Object Repository/verifikasi/Fee Admin checkout' is: 'Fee Admin
Rp 1,500'

2023-10-04 19:42:41 - [MESSAGE][PASSED] - Text of object 'Object Repository/verifikasi/Fee Admin checkout' is: 'Fee Admin
Rp 1,500'

2023-10-04 19:42:41 - [TEST_STEP][PASSED] - Fee_Admin = FeeAdmin.substring(12, FeeAdmin.size()): null

2023-10-04 19:42:41 - [TEST_STEP][PASSED] - fee = Fee_Admin.replace(",", "."): null

2023-10-04 19:42:41 - [TEST_STEP][PASSED] - fee_admin = Double.parseDouble(fee): null

2023-10-04 19:42:41 - [TEST_STEP][PASSED] - println(fee_admin): null

2023-10-04 19:42:41 - [TEST_STEP][PASSED] - Subtotal = getText(findTestObject("verifikasi/subtotal checkout")): Text of object 'Object Repository/verifikasi/subtotal checkout' is: 'Subtotal
Rp 1,299'

2023-10-04 19:42:41 - [MESSAGE][PASSED] - Text of object 'Object Repository/verifikasi/subtotal checkout' is: 'Subtotal
Rp 1,299'

2023-10-04 19:42:41 - [TEST_STEP][PASSED] - sub_total = Subtotal.substring(12, Subtotal.size()): null

2023-10-04 19:42:41 - [TEST_STEP][PASSED] - sub = sub_total.replace(",", "."): null

2023-10-04 19:42:41 - [TEST_STEP][PASSED] - sub_total = Double.parseDouble(sub): null

2023-10-04 19:42:41 - [TEST_STEP][PASSED] - println(sub_total): null

2023-10-04 19:42:41 - [TEST_STEP][PASSED] - Total = getText(findTestObject("verifikasi/Total checkout")): Text of object 'Object Repository/verifikasi/Total checkout' is: 'Rp 7,799'

2023-10-04 19:42:42 - [MESSAGE][PASSED] - Text of object 'Object Repository/verifikasi/Total checkout' is: 'Rp 7,799'

2023-10-04 19:42:42 - [TEST_STEP][PASSED] - totall = Total.substring(3, Total.size()): null

2023-10-04 19:42:42 - [TEST_STEP][PASSED] - total = totall.replace(",", "."): null

2023-10-04 19:42:42 - [TEST_STEP][PASSED] - totall = Double.parseDouble(total): null

2023-10-04 19:42:42 - [TEST_STEP][PASSED] - println(totall): null

2023-10-04 19:42:42 - [TEST_STEP][PASSED] - Total_Harga = Ongkos_kirim + fee_admin + sub_total: null

2023-10-04 19:42:42 - [TEST_STEP][PASSED] - println(Total_Harga): null

2023-10-04 19:42:42 - [TEST_STEP][PASSED] - TotalHarga = Math.round(Total_Harga * 1000) / 1000: null

2023-10-04 19:42:42 - [TEST_STEP][PASSED] - println(TotalHarga): null

2023-10-04 19:42:42 - [TEST_STEP][PASSED] - assert totall == TotalHarga: null

2023-10-04 19:42:42 - [TEST_STEP][PASSED] - click(findTestObject("verifikasi/Metode Transfer")): Object: 'Object Repository/verifikasi/Metode Transfer' is clicked on

2023-10-04 19:42:42 - [MESSAGE][PASSED] - Object: 'Object Repository/verifikasi/Metode Transfer' is clicked on

2023-10-04 19:42:42 - [TEST_STEP][PASSED] - click(findTestObject("checkout/button_Proses Pembayaran")): Object: 'Object Repository/checkout/button_Proses Pembayaran' is clicked on

2023-10-04 19:42:48 - [MESSAGE][PASSED] - Object: 'Object Repository/checkout/button_Proses Pembayaran' is clicked on

2023-10-04 19:42:48 - [TEST_STEP][PASSED] - verifyElementPresent(findTestObject("pembayaran/Tittle nomor invoice"), 0): Object 'Object Repository/pembayaran/Tittle nomor invoice' is present

2023-10-04 19:42:48 - [MESSAGE][WARNING] - Timeout '0' is invalid. Using default page load timeout: '30'

2023-10-04 19:42:54 - [MESSAGE][PASSED] - Object 'Object Repository/pembayaran/Tittle nomor invoice' is present

2023-10-04 19:42:54 - [TEST_STEP][PASSED] - return data: null

2023-10-04 19:42:54 - [MESSAGE][PASSED] - Call Test Case 'Test Cases/T13 Pembelian, Shipment dan Pembayaran/PBL-004' successfully

2023-10-04 19:42:54 - [TEST_STEP][PASSED] - Invoice = getText(findTestObject("pembayaran/nomor invoice")): Text of object 'Object Repository/pembayaran/nomor invoice' is: 'TRX60.20231004194244'

2023-10-04 19:42:54 - [MESSAGE][PASSED] - Text of object 'Object Repository/pembayaran/nomor invoice' is: 'TRX60.20231004194244'

2023-10-04 19:42:54 - [TEST_STEP][PASSED] - data.put("invoice", Invoice): null

2023-10-04 19:42:54 - [TEST_STEP][PASSED] - NamaPemesan = getText(findTestObject("Konfirmasi pesanan shop/Nama pemesan")): Text of object 'Object Repository/Konfirmasi pesanan shop/Nama pemesan' is: 'irfan.afandi'

2023-10-04 19:42:54 - [MESSAGE][PASSED] - Text of object 'Object Repository/Konfirmasi pesanan shop/Nama pemesan' is: 'irfan.afandi'

2023-10-04 19:42:54 - [TEST_STEP][PASSED] - Nama = getText(findTestObject("pembayaran/Nama barang")): Text of object 'Object Repository/pembayaran/Nama barang' is: 'Segitiga Instan Madeira - MDB5.3 Sunset'

2023-10-04 19:42:55 - [MESSAGE][PASSED] - Text of object 'Object Repository/pembayaran/Nama barang' is: 'Segitiga Instan Madeira - MDB5.3 Sunset'

2023-10-04 19:42:55 - [TEST_STEP][PASSED] - Harga = getText(findTestObject("pembayaran/Harga barang")): Text of object 'Object Repository/pembayaran/Harga barang' is: '1,299'

2023-10-04 19:42:55 - [MESSAGE][PASSED] - Text of object 'Object Repository/pembayaran/Harga barang' is: '1,299'

2023-10-04 19:42:55 - [TEST_STEP][PASSED] - name_product = data.get("nama_barang"): null

2023-10-04 19:42:55 - [TEST_STEP][PASSED] - price_product = data.get("price_barang"): null

2023-10-04 19:42:55 - [TEST_STEP][PASSED] - assert name_product.contains(Nama): null

2023-10-04 19:42:55 - [TEST_STEP][PASSED] - assert price_product.contains(Harga): null

2023-10-04 19:42:55 - [TEST_STEP][PASSED] - warnaa = getText(findTestObject("pembayaran/warna")): Text of object 'Object Repository/pembayaran/warna' is: 'Merah'

2023-10-04 19:42:56 - [MESSAGE][PASSED] - Text of object 'Object Repository/pembayaran/warna' is: 'Merah'

2023-10-04 19:42:56 - [TEST_STEP][PASSED] - ukurann = getText(findTestObject("pembayaran/ukuran")): Text of object 'Object Repository/pembayaran/ukuran' is: 'Menengah'

2023-10-04 19:42:56 - [MESSAGE][PASSED] - Text of object 'Object Repository/pembayaran/ukuran' is: 'Menengah'

2023-10-04 19:42:56 - [TEST_STEP][PASSED] - warna1 = data.get("Warna"): null

2023-10-04 19:42:56 - [TEST_STEP][PASSED] - ukuran1 = data.get("Ukuran"): null

2023-10-04 19:42:56 - [TEST_STEP][PASSED] - assert warnaa == warna1: null

2023-10-04 19:42:56 - [TEST_STEP][PASSED] - assert ukurann == ukuran1: null

2023-10-04 19:42:56 - [TEST_STEP][PASSED] - statusPembelian = getText(findTestObject("verifikasi/Status pending di pembelian")): Text of object 'Object Repository/verifikasi/Status pending di pembelian' is: 'Pending'

2023-10-04 19:42:57 - [MESSAGE][PASSED] - Text of object 'Object Repository/verifikasi/Status pending di pembelian' is: 'Pending'

2023-10-04 19:42:57 - [TEST_STEP][PASSED] - data.put("statusPem", statusPembelian): null

2023-10-04 19:42:57 - [TEST_STEP][PASSED] - OngkosKirim = getText(findTestObject("pembayaran/ongkos kirim")): Text of object 'Object Repository/pembayaran/ongkos kirim' is: 'Rp 5,000'

2023-10-04 19:42:58 - [MESSAGE][PASSED] - Text of object 'Object Repository/pembayaran/ongkos kirim' is: 'Rp 5,000'

2023-10-04 19:42:58 - [TEST_STEP][PASSED] - Ongkos = OngkosKirim.substring(3, OngkosKirim.size()): null

2023-10-04 19:42:58 - [TEST_STEP][PASSED] - rep = Ongkos.replace(",", ""): null

2023-10-04 19:42:58 - [TEST_STEP][PASSED] - Ongkos_kirimm = Integer.parseInt(rep): null

2023-10-04 19:42:58 - [TEST_STEP][PASSED] - println(Ongkos_kirimm): null

2023-10-04 19:42:58 - [TEST_STEP][PASSED] - FeeAdmin = getText(findTestObject("pembayaran/fee admin")): Text of object 'Object Repository/pembayaran/fee admin' is: 'Rp 1,500'

2023-10-04 19:42:58 - [MESSAGE][PASSED] - Text of object 'Object Repository/pembayaran/fee admin' is: 'Rp 1,500'

2023-10-04 19:42:58 - [TEST_STEP][PASSED] - Fee_Admin = FeeAdmin.substring(3, FeeAdmin.size()): null

2023-10-04 19:42:58 - [TEST_STEP][PASSED] - fee = Fee_Admin.replace(",", ""): null

2023-10-04 19:42:58 - [TEST_STEP][PASSED] - fee_adminn = Integer.parseInt(fee): null

2023-10-04 19:42:58 - [TEST_STEP][PASSED] - println(fee_adminn): null

2023-10-04 19:42:58 - [TEST_STEP][PASSED] - Subtotal = getText(findTestObject("pembayaran/subtotal")): Text of object 'Object Repository/pembayaran/subtotal' is: 'Rp 1,299'

2023-10-04 19:42:59 - [MESSAGE][PASSED] - Text of object 'Object Repository/pembayaran/subtotal' is: 'Rp 1,299'

2023-10-04 19:42:59 - [TEST_STEP][PASSED] - sub_total = Subtotal.substring(3, Subtotal.size()): null

2023-10-04 19:42:59 - [TEST_STEP][PASSED] - sub = sub_total.replace(",", ""): null

2023-10-04 19:42:59 - [TEST_STEP][PASSED] - sub_totall = Integer.parseInt(sub): null

2023-10-04 19:42:59 - [TEST_STEP][PASSED] - println(sub_totall): null

2023-10-04 19:42:59 - [TEST_STEP][PASSED] - unik = getText(findTestObject("pembayaran/kode unik")): Text of object 'Object Repository/pembayaran/kode unik' is: '+244'

2023-10-04 19:42:59 - [MESSAGE][PASSED] - Text of object 'Object Repository/pembayaran/kode unik' is: '+244'

2023-10-04 19:42:59 - [TEST_STEP][PASSED] - unikk = unik.replace("+", ""): null

2023-10-04 19:42:59 - [TEST_STEP][PASSED] - kode_unik = Integer.parseInt(unikk): null

2023-10-04 19:42:59 - [TEST_STEP][PASSED] - println(kode_unik): null

2023-10-04 19:42:59 - [TEST_STEP][PASSED] - Total = getText(findTestObject("pembayaran/total")): Text of object 'Object Repository/pembayaran/total' is: '8,043'

2023-10-04 19:43:00 - [MESSAGE][PASSED] - Text of object 'Object Repository/pembayaran/total' is: '8,043'

2023-10-04 19:43:00 - [TEST_STEP][PASSED] - total = Total.replace(",", ""): null

2023-10-04 19:43:00 - [TEST_STEP][PASSED] - totalll = Integer.parseInt(total): null

2023-10-04 19:43:00 - [TEST_STEP][PASSED] - println(totalll): null

2023-10-04 19:43:00 - [TEST_STEP][PASSED] - Total_Hargaa = Ongkos_kirimm + fee_adminn + sub_totall + kode_unik: null

2023-10-04 19:43:00 - [TEST_STEP][PASSED] - println(Total_Hargaa): null

2023-10-04 19:43:00 - [TEST_STEP][PASSED] - assert totalll == Total_Hargaa: null

2023-10-04 19:43:00 - [TEST_STEP][PASSED] - data.put("total", Total): null

2023-10-04 19:43:00 - [TEST_STEP][PASSED] - data.put("nama", NamaPemesan): null

2023-10-04 19:43:00 - [TEST_STEP][PASSED] - return data: null

2023-10-04 19:43:00 - [MESSAGE][PASSED] - Call Test Case 'Test Cases/T13 Pembelian, Shipment dan Pembayaran/PBY-001' successfully

2023-10-04 19:43:00 - [TEST_STEP][PASSED] - inv = data.get("invoice"): null

2023-10-04 19:43:00 - [TEST_STEP][PASSED] - Total = data.get("total"): null

2023-10-04 19:43:00 - [TEST_STEP][PASSED] - NamaPemesan = data.get("nama"): null

2023-10-04 19:43:00 - [TEST_STEP][PASSED] - click(findTestObject("Konfirmasi pesanan shop/Menu Shop")): Object: 'Object Repository/Konfirmasi pesanan shop/Menu Shop' is clicked on

2023-10-04 19:43:01 - [MESSAGE][PASSED] - Object: 'Object Repository/Konfirmasi pesanan shop/Menu Shop' is clicked on

2023-10-04 19:43:01 - [TEST_STEP][PASSED] - click(findTestObject("Konfirmasi pesanan shop/Menu Shop")): Object: 'Object Repository/Konfirmasi pesanan shop/Menu Shop' is clicked on

2023-10-04 19:43:02 - [MESSAGE][PASSED] - Object: 'Object Repository/Konfirmasi pesanan shop/Menu Shop' is clicked on

2023-10-04 19:43:02 - [TEST_STEP][PASSED] - click(findTestObject("Konfirmasi pesanan shop/Konfirmasi Orders")): Object: 'Object Repository/Konfirmasi pesanan shop/Konfirmasi Orders' is clicked on

2023-10-04 19:43:03 - [MESSAGE][PASSED] - Object: 'Object Repository/Konfirmasi pesanan shop/Konfirmasi Orders' is clicked on

2023-10-04 19:43:03 - [TEST_STEP][PASSED] - verifyElementPresent(findTestObject("Konfirmasi pesanan shop/Tittle Konfirmasi Pesanan"), 0): Object 'Object Repository/Konfirmasi pesanan shop/Tittle Konfirmasi Pesanan' is present

2023-10-04 19:43:03 - [MESSAGE][WARNING] - Timeout '0' is invalid. Using default page load timeout: '30'

2023-10-04 19:43:03 - [MESSAGE][PASSED] - Object 'Object Repository/Konfirmasi pesanan shop/Tittle Konfirmasi Pesanan' is present

2023-10-04 19:43:03 - [TEST_STEP][PASSED] - setText(findTestObject("Konfirmasi pesanan shop/input_No Pesanan"), inv): Text 'TRX60.20231004194244' is set on object 'Object Repository/Konfirmasi pesanan shop/input_No Pesanan'

2023-10-04 19:43:04 - [MESSAGE][PASSED] - Text 'TRX60.20231004194244' is set on object 'Object Repository/Konfirmasi pesanan shop/input_No Pesanan'

2023-10-04 19:43:04 - [TEST_STEP][PASSED] - setText(findTestObject("Konfirmasi pesanan shop/input_Alamat E-mai"), "irfan@gmail.com"): Text 'irfan@gmail.com' is set on object 'Object Repository/Konfirmasi pesanan shop/input_Alamat E-mai'

2023-10-04 19:43:05 - [MESSAGE][PASSED] - Text 'irfan@gmail.com' is set on object 'Object Repository/Konfirmasi pesanan shop/input_Alamat E-mai'

2023-10-04 19:43:05 - [TEST_STEP][PASSED] - click(findTestObject("Konfirmasi pesanan shop/button_Submit")): Object: 'Object Repository/Konfirmasi pesanan shop/button_Submit' is clicked on

2023-10-04 19:43:06 - [MESSAGE][PASSED] - Object: 'Object Repository/Konfirmasi pesanan shop/button_Submit' is clicked on

2023-10-04 19:43:06 - [TEST_STEP][PASSED] - verifyElementPresent(findTestObject("Konfirmasi pesanan shop/Tittle nomor invoice"), 0): Object 'Object Repository/Konfirmasi pesanan shop/Tittle nomor invoice' is present

2023-10-04 19:43:06 - [MESSAGE][WARNING] - Timeout '0' is invalid. Using default page load timeout: '30'

2023-10-04 19:43:06 - [MESSAGE][PASSED] - Object 'Object Repository/Konfirmasi pesanan shop/Tittle nomor invoice' is present

2023-10-04 19:43:06 - [TEST_STEP][PASSED] - setText(findTestObject("Konfirmasi pesanan shop/input_Total TagihanTransfer_b"), Total): Text '8,043' is set on object 'Object Repository/Konfirmasi pesanan shop/input_Total TagihanTransfer_b'

2023-10-04 19:43:07 - [MESSAGE][PASSED] - Text '8,043' is set on object 'Object Repository/Konfirmasi pesanan shop/input_Total TagihanTransfer_b'

2023-10-04 19:43:07 - [TEST_STEP][PASSED] - selectOptionByValue(findTestObject("Konfirmasi pesanan shop/select_Bank"), "4", false): All options with value '4' are selected in object 'Object Repository/Konfirmasi pesanan shop/select_Bank' 

2023-10-04 19:43:08 - [MESSAGE][PASSED] - All options with value '4' are selected in object 'Object Repository/Konfirmasi pesanan shop/select_Bank' 

2023-10-04 19:43:08 - [TEST_STEP][PASSED] - setText(findTestObject("Konfirmasi pesanan shop/input_Nama Pengirim_d"), NamaPemesan): Text 'irfan.afandi' is set on object 'Object Repository/Konfirmasi pesanan shop/input_Nama Pengirim_d'

2023-10-04 19:43:08 - [MESSAGE][PASSED] - Text 'irfan.afandi' is set on object 'Object Repository/Konfirmasi pesanan shop/input_Nama Pengirim_d'

2023-10-04 19:43:08 - [TEST_STEP][PASSED] - uploadFile(findTestObject("keranjang/konfirmasi/input_Upload Bukti Transfer_f"), "C:\Users\IRFAN\Downloads\Berkas2.pdf"): File 'C:\Users\IRFAN\Downloads\Berkas2.pdf' sent to object: 'Object Repository/keranjang/konfirmasi/input_Upload Bukti Transfer_f'

2023-10-04 19:43:09 - [MESSAGE][PASSED] - File 'C:\Users\IRFAN\Downloads\Berkas2.pdf' sent to object: 'Object Repository/keranjang/konfirmasi/input_Upload Bukti Transfer_f'

2023-10-04 19:43:09 - [TEST_STEP][PASSED] - click(findTestObject("Konfirmasi pesanan shop/button_Konfirmasi Pembayaran")): Object: 'Object Repository/Konfirmasi pesanan shop/button_Konfirmasi Pembayaran' is clicked on

2023-10-04 19:43:10 - [MESSAGE][PASSED] - Object: 'Object Repository/Konfirmasi pesanan shop/button_Konfirmasi Pembayaran' is clicked on

2023-10-04 19:43:10 - [TEST_STEP][PASSED] - verifyElementPresent(findTestObject("Konfirmasi pesanan shop/Tittle Konfirmasi Pesanan"), 0): Object 'Object Repository/Konfirmasi pesanan shop/Tittle Konfirmasi Pesanan' is present

2023-10-04 19:43:10 - [MESSAGE][WARNING] - Timeout '0' is invalid. Using default page load timeout: '30'

2023-10-04 19:43:11 - [MESSAGE][PASSED] - Object 'Object Repository/Konfirmasi pesanan shop/Tittle Konfirmasi Pesanan' is present

2023-10-04 19:43:11 - [TEST_STEP][PASSED] - verifyElementPresent(findTestObject("Konfirmasi pesanan shop/Tittle massage succes Konfirmasi Pembayaran Pesanan"), 0): Object 'Object Repository/Konfirmasi pesanan shop/Tittle massage succes Konfirmasi Pembayaran Pesanan' is present

2023-10-04 19:43:11 - [MESSAGE][WARNING] - Timeout '0' is invalid. Using default page load timeout: '30'

2023-10-04 19:43:11 - [MESSAGE][PASSED] - Object 'Object Repository/Konfirmasi pesanan shop/Tittle massage succes Konfirmasi Pembayaran Pesanan' is present

2023-10-04 19:43:11 - [TEST_STEP][PASSED] - return data: null

2023-10-04 19:43:11 - [MESSAGE][PASSED] - Call Test Case 'Test Cases/T13 Pembelian, Shipment dan Pembayaran/PBY-004' successfully

2023-10-04 19:43:11 - [TEST_STEP][PASSED] - navigateToUrl("https://10.9.2.63/ecommerce/administrator/"): Navigate to 'https://10.9.2.63/ecommerce/administrator/' successfully

2023-10-04 19:43:12 - [MESSAGE][PASSED] - Navigate to 'https://10.9.2.63/ecommerce/administrator/' successfully

2023-10-04 19:43:12 - [TEST_STEP][PASSED] - verifyElementPresent(findTestObject("admin/Tittle ADMIN Login"), 0): Object 'Object Repository/admin/Tittle ADMIN Login' is present

2023-10-04 19:43:12 - [MESSAGE][WARNING] - Timeout '0' is invalid. Using default page load timeout: '30'

2023-10-04 19:43:12 - [MESSAGE][PASSED] - Object 'Object Repository/admin/Tittle ADMIN Login' is present

2023-10-04 19:43:12 - [TEST_STEP][PASSED] - setText(findTestObject("admin/Username"), "admin"): Text 'admin' is set on object 'Object Repository/admin/Username'

2023-10-04 19:43:13 - [MESSAGE][PASSED] - Text 'admin' is set on object 'Object Repository/admin/Username'

2023-10-04 19:43:13 - [TEST_STEP][PASSED] - setText(findTestObject("admin/Password"), "123admin123"): Text '123admin123' is set on object 'Object Repository/admin/Password'

2023-10-04 19:43:14 - [MESSAGE][PASSED] - Text '123admin123' is set on object 'Object Repository/admin/Password'

2023-10-04 19:43:14 - [TEST_STEP][PASSED] - click(findTestObject("admin/Remember Me")): Object: 'Object Repository/admin/Remember Me' is clicked on

2023-10-04 19:43:14 - [MESSAGE][PASSED] - Object: 'Object Repository/admin/Remember Me' is clicked on

2023-10-04 19:43:14 - [TEST_STEP][PASSED] - delay(10): Delayed 10 second(s)

2023-10-04 19:43:24 - [MESSAGE][PASSED] - Delayed 10 second(s)

2023-10-04 19:43:24 - [TEST_STEP][PASSED] - click(findTestObject("admin/buttom submit")): Object: 'Object Repository/admin/buttom submit' is clicked on

2023-10-04 19:43:25 - [MESSAGE][PASSED] - Object: 'Object Repository/admin/buttom submit' is clicked on

2023-10-04 19:43:25 - [TEST_STEP][PASSED] - verifyElementPresent(findTestObject("admin/Konf order konsumen/Tittle Dashboard"), 0): Object 'Object Repository/admin/Konf order konsumen/Tittle Dashboard' is present

2023-10-04 19:43:25 - [MESSAGE][WARNING] - Timeout '0' is invalid. Using default page load timeout: '30'

2023-10-04 19:43:29 - [MESSAGE][PASSED] - Object 'Object Repository/admin/Konf order konsumen/Tittle Dashboard' is present

2023-10-04 19:43:29 - [TEST_STEP][PASSED] - click(findTestObject("admin/Konf order konsumen/Menu Transaksi Market")): Object: 'Object Repository/admin/Konf order konsumen/Menu Transaksi Market' is clicked on

2023-10-04 19:43:30 - [MESSAGE][PASSED] - Object: 'Object Repository/admin/Konf order konsumen/Menu Transaksi Market' is clicked on

2023-10-04 19:43:30 - [TEST_STEP][PASSED] - click(findTestObject("admin/Konf order konsumen/Menu Konf. Order Konsumen")): Object: 'Object Repository/admin/Konf order konsumen/Menu Konf. Order Konsumen' is clicked on

2023-10-04 19:43:31 - [MESSAGE][PASSED] - Object: 'Object Repository/admin/Konf order konsumen/Menu Konf. Order Konsumen' is clicked on

2023-10-04 19:43:31 - [TEST_STEP][PASSED] - verifyElementPresent(findTestObject("admin/Konf order konsumen/Tittle Data Konfirmasi Pembayaran Konsumen"), 0): Object 'Object Repository/admin/Konf order konsumen/Tittle Data Konfirmasi Pembayaran Konsumen' is present

2023-10-04 19:43:31 - [MESSAGE][WARNING] - Timeout '0' is invalid. Using default page load timeout: '30'

2023-10-04 19:43:37 - [MESSAGE][PASSED] - Object 'Object Repository/admin/Konf order konsumen/Tittle Data Konfirmasi Pembayaran Konsumen' is present

2023-10-04 19:43:37 - [TEST_STEP][PASSED] - inv = data.get("invoice"): null

2023-10-04 19:43:37 - [TEST_STEP][PASSED] - setText(findTestObject("admin/Konf order konsumen/Search"), inv): Text 'TRX60.20231004194244' is set on object 'Object Repository/admin/Konf order konsumen/Search'

2023-10-04 19:43:39 - [MESSAGE][PASSED] - Text 'TRX60.20231004194244' is set on object 'Object Repository/admin/Konf order konsumen/Search'

2023-10-04 19:43:39 - [TEST_STEP][PASSED] - verifyElementText(findTestObject("admin/Konf order konsumen/Keterangan Lunas"), "Lunas"): Actual text and expected text of test object 'Object Repository/admin/Konf order konsumen/Keterangan Lunas' are matched.

2023-10-04 19:43:39 - [MESSAGE][PASSED] - Actual text and expected text of test object 'Object Repository/admin/Konf order konsumen/Keterangan Lunas' are matched.

2023-10-04 19:43:39 - [TEST_STEP][PASSED] - return data: null

2023-10-04 19:43:39 - [MESSAGE][PASSED] - Call Test Case 'Test Cases/T13 Pembelian, Shipment dan Pembayaran/PBYA-001' successfully

2023-10-04 19:43:39 - [TEST_STEP][PASSED] - click(findTestObject("admin/Penjualan ke konsumen/buttom Dashboard")): Object: 'Object Repository/admin/Penjualan ke konsumen/buttom Dashboard' is clicked on

2023-10-04 19:43:40 - [MESSAGE][PASSED] - Object: 'Object Repository/admin/Penjualan ke konsumen/buttom Dashboard' is clicked on

2023-10-04 19:43:40 - [TEST_STEP][PASSED] - click(findTestObject("admin/Konf order konsumen/Menu Transaksi Market")): Object: 'Object Repository/admin/Konf order konsumen/Menu Transaksi Market' is clicked on

2023-10-04 19:43:46 - [MESSAGE][PASSED] - Object: 'Object Repository/admin/Konf order konsumen/Menu Transaksi Market' is clicked on

2023-10-04 19:43:46 - [TEST_STEP][PASSED] - click(findTestObject("admin/Penjualan ke konsumen/a_Penjualan ke Konsumen")): Object: 'Object Repository/admin/Penjualan ke konsumen/a_Penjualan ke Konsumen' is clicked on

2023-10-04 19:43:48 - [MESSAGE][PASSED] - Object: 'Object Repository/admin/Penjualan ke konsumen/a_Penjualan ke Konsumen' is clicked on

2023-10-04 19:43:48 - [TEST_STEP][PASSED] - verifyElementPresent(findTestObject("admin/Tittle Data Transaksi Penjualan  Orderan Konsumen"), 0): Object 'Object Repository/admin/Tittle Data Transaksi Penjualan  Orderan Konsumen' is present

2023-10-04 19:43:48 - [MESSAGE][WARNING] - Timeout '0' is invalid. Using default page load timeout: '30'

2023-10-04 19:43:53 - [MESSAGE][PASSED] - Object 'Object Repository/admin/Tittle Data Transaksi Penjualan  Orderan Konsumen' is present

2023-10-04 19:43:53 - [TEST_STEP][PASSED] - return data: null

2023-10-04 19:43:53 - [MESSAGE][PASSED] - Call Test Case 'Test Cases/T13 Pembelian, Shipment dan Pembayaran/SA-001' successfully

2023-10-04 19:43:53 - [TEST_STEP][PASSED] - inv = data.get("invoice"): null

2023-10-04 19:43:53 - [TEST_STEP][PASSED] - setText(findTestObject("admin/Penjualan ke konsumen/Search"), inv): Text 'TRX60.20231004194244' is set on object 'Object Repository/admin/Penjualan ke konsumen/Search'

2023-10-04 19:43:55 - [MESSAGE][PASSED] - Text 'TRX60.20231004194244' is set on object 'Object Repository/admin/Penjualan ke konsumen/Search'

2023-10-04 19:43:55 - [TEST_STEP][PASSED] - click(findTestObject("admin/Penjualan ke konsumen/buttom konfirmasi pending payment")): Object: 'Object Repository/admin/Penjualan ke konsumen/buttom konfirmasi pending payment' is clicked on

2023-10-04 19:43:55 - [MESSAGE][PASSED] - Object: 'Object Repository/admin/Penjualan ke konsumen/buttom konfirmasi pending payment' is clicked on

2023-10-04 19:43:55 - [TEST_STEP][PASSED] - acceptAlert(STOP_ON_FAILURE): Alert accepted

2023-10-04 19:43:55 - [MESSAGE][PASSED] - Alert accepted

2023-10-04 19:43:55 - [TEST_STEP][PASSED] - setText(findTestObject("admin/Penjualan ke konsumen/Search"), inv): Text 'TRX60.20231004194244' is set on object 'Object Repository/admin/Penjualan ke konsumen/Search'

2023-10-04 19:43:56 - [MESSAGE][PASSED] - Text 'TRX60.20231004194244' is set on object 'Object Repository/admin/Penjualan ke konsumen/Search'

2023-10-04 19:43:56 - [TEST_STEP][PASSED] - verifyTextNotPresent("pending payment", false): Text 'pending payment' is not present on page

2023-10-04 19:43:57 - [MESSAGE][PASSED] - Text 'pending payment' is not present on page

2023-10-04 19:43:57 - [TEST_STEP][PASSED] - return data: null

2023-10-04 19:43:57 - [MESSAGE][PASSED] - Call Test Case 'Test Cases/T13 Pembelian, Shipment dan Pembayaran/SA-002' successfully

2023-10-04 19:43:57 - [TEST_STEP][PASSED] - click(findTestObject("admin/Penjualan ke konsumen/buttom scroldown")): Object: 'Object Repository/admin/Penjualan ke konsumen/buttom scroldown' is clicked on

2023-10-04 19:43:58 - [MESSAGE][PASSED] - Object: 'Object Repository/admin/Penjualan ke konsumen/buttom scroldown' is clicked on

2023-10-04 19:43:58 - [TEST_STEP][PASSED] - click(findTestObject("admin/Penjualan ke konsumen/Dikirim")): Object: 'Object Repository/admin/Penjualan ke konsumen/Dikirim' is clicked on

2023-10-04 19:43:58 - [MESSAGE][PASSED] - Object: 'Object Repository/admin/Penjualan ke konsumen/Dikirim' is clicked on

2023-10-04 19:43:58 - [TEST_STEP][PASSED] - acceptAlert(): Alert accepted

2023-10-04 19:43:58 - [MESSAGE][PASSED] - Alert accepted

2023-10-04 19:43:58 - [TEST_STEP][PASSED] - inv = data.get("invoice"): null

2023-10-04 19:43:58 - [TEST_STEP][PASSED] - setText(findTestObject("admin/Penjualan ke konsumen/Search"), inv): Text 'TRX60.20231004194244' is set on object 'Object Repository/admin/Penjualan ke konsumen/Search'

2023-10-04 19:43:59 - [MESSAGE][PASSED] - Text 'TRX60.20231004194244' is set on object 'Object Repository/admin/Penjualan ke konsumen/Search'

2023-10-04 19:43:59 - [TEST_STEP][PASSED] - delay(10): Delayed 10 second(s)

2023-10-04 19:44:09 - [MESSAGE][PASSED] - Delayed 10 second(s)

2023-10-04 19:44:09 - [TEST_STEP][PASSED] - verifyTextPresent("Dikirim", false): Text 'Dikirim' is present on page 

2023-10-04 19:44:14 - [MESSAGE][PASSED] - Text 'Dikirim' is present on page 

2023-10-04 19:44:14 - [TEST_STEP][PASSED] - dikirim = getText(findTestObject("admin/Dikirim")): Text of object 'Object Repository/admin/Dikirim' is: 'Proses'

2023-10-04 19:44:15 - [MESSAGE][PASSED] - Text of object 'Object Repository/admin/Dikirim' is: 'Proses'

2023-10-04 19:44:15 - [TEST_STEP][PASSED] - data.put("statuskirim", dikirim): null

2023-10-04 19:44:15 - [TEST_STEP][PASSED] - return data: null

2023-10-04 19:44:15 - [MESSAGE][PASSED] - Call Test Case 'Test Cases/T13 Pembelian, Shipment dan Pembayaran/SA-004' successfully

2023-10-04 19:44:15 - [TEST_STEP][PASSED] - openBrowser("https://10.9.2.63/ecommerce/"): Browser is opened with url: 'https://10.9.2.63/ecommerce/'

2023-10-04 19:44:15 - [MESSAGE][WARNING] - A browser is already opened. Closing browser and opening a new one

2023-10-04 19:44:17 - [MESSAGE][INFO] - Starting 'Firefox' driver

2023-10-04 19:44:17 - [MESSAGE][INFO] - User set preference: ['args', '[--disable-notifications]']

2023-10-04 19:44:17 - [MESSAGE][INFO] - Action delay is set to 0 milliseconds

2023-10-04 19:44:22 - [MESSAGE][PASSED] - Browser is opened with url: 'https://10.9.2.63/ecommerce/'

2023-10-04 19:44:22 - [TEST_STEP][PASSED] - maximizeWindow(): Current window maximized

2023-10-04 19:44:22 - [MESSAGE][PASSED] - Current window maximized

2023-10-04 19:44:22 - [TEST_STEP][PASSED] - verifyElementPresent(findTestObject("Login/Home"), 0): Object 'Object Repository/Login/Home' is present

2023-10-04 19:44:22 - [MESSAGE][WARNING] - Timeout '0' is invalid. Using default page load timeout: '30'

2023-10-04 19:44:22 - [MESSAGE][PASSED] - Object 'Object Repository/Login/Home' is present

2023-10-04 19:44:22 - [TEST_STEP][PASSED] - click(findTestObject("Login/a_Login")): Object: 'Object Repository/Login/a_Login' is clicked on

2023-10-04 19:44:23 - [MESSAGE][PASSED] - Object: 'Object Repository/Login/a_Login' is clicked on

2023-10-04 19:44:23 - [TEST_STEP][PASSED] - verifyElementPresent(findTestObject("Login/Tittle Login"), 0): Object 'Object Repository/Login/Tittle Login' is present

2023-10-04 19:44:23 - [MESSAGE][WARNING] - Timeout '0' is invalid. Using default page load timeout: '30'

2023-10-04 19:44:23 - [MESSAGE][PASSED] - Object 'Object Repository/Login/Tittle Login' is present

2023-10-04 19:44:23 - [TEST_STEP][PASSED] - setText(findTestObject("Login/input_Username, Email atau No. Handphone_a"), "irfanafandi"): Text 'irfanafandi' is set on object 'Object Repository/Login/input_Username, Email atau No. Handphone_a'

2023-10-04 19:44:24 - [MESSAGE][PASSED] - Text 'irfanafandi' is set on object 'Object Repository/Login/input_Username, Email atau No. Handphone_a'

2023-10-04 19:44:24 - [TEST_STEP][PASSED] - setText(findTestObject("Login/input_Password_b"), "12345irfan"): Text '12345irfan' is set on object 'Object Repository/Login/input_Password_b'

2023-10-04 19:44:24 - [MESSAGE][PASSED] - Text '12345irfan' is set on object 'Object Repository/Login/input_Password_b'

2023-10-04 19:44:24 - [TEST_STEP][PASSED] - click(findTestObject("Login/button_Masuk")): Object: 'Object Repository/Login/button_Masuk' is clicked on

2023-10-04 19:44:26 - [MESSAGE][PASSED] - Object: 'Object Repository/Login/button_Masuk' is clicked on

2023-10-04 19:44:26 - [TEST_STEP][PASSED] - verifyElementPresent(findTestObject("Login/li_Profile"), 0): Object 'Object Repository/Login/li_Profile' is present

2023-10-04 19:44:26 - [MESSAGE][WARNING] - Timeout '0' is invalid. Using default page load timeout: '30'

2023-10-04 19:44:26 - [MESSAGE][PASSED] - Object 'Object Repository/Login/li_Profile' is present

2023-10-04 19:44:26 - [TEST_STEP][PASSED] - click(findTestObject("Konfirmasi pesanan shop/Menu Shop")): Object: 'Object Repository/Konfirmasi pesanan shop/Menu Shop' is clicked on

2023-10-04 19:44:27 - [MESSAGE][PASSED] - Object: 'Object Repository/Konfirmasi pesanan shop/Menu Shop' is clicked on

2023-10-04 19:44:27 - [TEST_STEP][PASSED] - click(findTestObject("Konfirmasi pesanan shop/Menu Shop")): Object: 'Object Repository/Konfirmasi pesanan shop/Menu Shop' is clicked on

2023-10-04 19:44:28 - [MESSAGE][PASSED] - Object: 'Object Repository/Konfirmasi pesanan shop/Menu Shop' is clicked on

2023-10-04 19:44:28 - [TEST_STEP][PASSED] - click(findTestObject("Traking Order/a_Tracking Orders")): Object: 'Object Repository/Traking Order/a_Tracking Orders' is clicked on

2023-10-04 19:44:29 - [MESSAGE][PASSED] - Object: 'Object Repository/Traking Order/a_Tracking Orders' is clicked on

2023-10-04 19:44:29 - [TEST_STEP][PASSED] - verifyElementPresent(findTestObject("Traking Order/Tittle Tracking Order"), 0): Object 'Object Repository/Traking Order/Tittle Tracking Order' is present

2023-10-04 19:44:29 - [MESSAGE][WARNING] - Timeout '0' is invalid. Using default page load timeout: '30'

2023-10-04 19:44:30 - [MESSAGE][PASSED] - Object 'Object Repository/Traking Order/Tittle Tracking Order' is present

2023-10-04 19:44:30 - [TEST_STEP][PASSED] - inv = data.get("invoice"): null

2023-10-04 19:44:30 - [TEST_STEP][PASSED] - setText(findTestObject("Traking Order/input_No Pesanan_a"), inv): Text 'TRX60.20231004194244' is set on object 'Object Repository/Traking Order/input_No Pesanan_a'

2023-10-04 19:44:31 - [MESSAGE][PASSED] - Text 'TRX60.20231004194244' is set on object 'Object Repository/Traking Order/input_No Pesanan_a'

2023-10-04 19:44:31 - [TEST_STEP][PASSED] - setText(findTestObject("Traking Order/input_Alamat E-mail_form-control"), "irfan@gmail.com"): Text 'irfan@gmail.com' is set on object 'Object Repository/Traking Order/input_Alamat E-mail_form-control'

2023-10-04 19:44:31 - [MESSAGE][PASSED] - Text 'irfan@gmail.com' is set on object 'Object Repository/Traking Order/input_Alamat E-mail_form-control'

2023-10-04 19:44:31 - [TEST_STEP][PASSED] - click(findTestObject("Traking Order/button_Lacak Pesanan")): Object: 'Object Repository/Traking Order/button_Lacak Pesanan' is clicked on

2023-10-04 19:44:36 - [MESSAGE][PASSED] - Object: 'Object Repository/Traking Order/button_Lacak Pesanan' is clicked on

2023-10-04 19:44:36 - [TEST_STEP][PASSED] - verifyElementPresent(findTestObject("Traking Order/Tittle nomor transaksi"), 0): Object 'Object Repository/Traking Order/Tittle nomor transaksi' is present

2023-10-04 19:44:36 - [MESSAGE][WARNING] - Timeout '0' is invalid. Using default page load timeout: '30'

2023-10-04 19:44:36 - [MESSAGE][PASSED] - Object 'Object Repository/Traking Order/Tittle nomor transaksi' is present

2023-10-04 19:44:36 - [TEST_STEP][PASSED] - Nama = getText(findTestObject("Object Repository/Traking Order/status traking/Nama Barang tracking order")): Text of object 'Object Repository/Traking Order/status traking/Nama Barang tracking order' is: 'Segitiga Instan Madeira - MDB5.3 Sunset'

2023-10-04 19:44:37 - [MESSAGE][PASSED] - Text of object 'Object Repository/Traking Order/status traking/Nama Barang tracking order' is: 'Segitiga Instan Madeira - MDB5.3 Sunset'

2023-10-04 19:44:37 - [TEST_STEP][PASSED] - Harga = getText(findTestObject("Object Repository/Traking Order/status traking/Harga Barang")): Text of object 'Object Repository/Traking Order/status traking/Harga Barang' is: '1,299'

2023-10-04 19:44:37 - [MESSAGE][PASSED] - Text of object 'Object Repository/Traking Order/status traking/Harga Barang' is: '1,299'

2023-10-04 19:44:37 - [TEST_STEP][PASSED] - name_product = data.get("nama_barang"): null

2023-10-04 19:44:37 - [TEST_STEP][PASSED] - price_product = data.get("price_barang"): null

2023-10-04 19:44:37 - [TEST_STEP][PASSED] - assert name_product.contains(Nama): null

2023-10-04 19:44:37 - [TEST_STEP][PASSED] - assert price_product.contains(Harga): null

2023-10-04 19:44:37 - [TEST_STEP][PASSED] - warnaa = getText(findTestObject("Object Repository/Traking Order/status traking/warna")): Text of object 'Object Repository/Traking Order/status traking/warna' is: 'Merah'

2023-10-04 19:44:37 - [MESSAGE][PASSED] - Text of object 'Object Repository/Traking Order/status traking/warna' is: 'Merah'

2023-10-04 19:44:37 - [TEST_STEP][PASSED] - ukurann = getText(findTestObject("Object Repository/Traking Order/status traking/Ukuruan")): Text of object 'Object Repository/Traking Order/status traking/Ukuruan' is: 'Menengah'

2023-10-04 19:44:38 - [MESSAGE][PASSED] - Text of object 'Object Repository/Traking Order/status traking/Ukuruan' is: 'Menengah'

2023-10-04 19:44:38 - [TEST_STEP][PASSED] - warna1 = data.get("Warna"): null

2023-10-04 19:44:38 - [TEST_STEP][PASSED] - ukuran1 = data.get("Ukuran"): null

2023-10-04 19:44:38 - [TEST_STEP][PASSED] - assert warnaa == warna1: null

2023-10-04 19:44:38 - [TEST_STEP][PASSED] - assert ukurann == ukuran1: null

2023-10-04 19:44:38 - [TEST_STEP][PASSED] - dikirim = getText(findTestObject("Object Repository/Traking Order/status traking/Status traking Dikirim")): Text of object 'Object Repository/Traking Order/status traking/Status traking Dikirim' is: 'Dikirim'

2023-10-04 19:44:38 - [MESSAGE][PASSED] - Text of object 'Object Repository/Traking Order/status traking/Status traking Dikirim' is: 'Dikirim'

2023-10-04 19:44:38 - [TEST_STEP][PASSED] - statusDikirim = data.get("statuskirim"): null

2023-10-04 19:44:38 - [TEST_STEP][FAILED] - assert dikirim == statusDikirim: Test Cases/T13 Pembelian, Shipment dan Pembayaran/SU-003 FAILED.
Reason:
Assertion failed: 

assert dikirim == statusDikirim
       |       |  |
       Dikirim |  Proses
               false

	at SU-003.run(SU-003:89)
	at com.kms.katalon.core.main.ScriptEngine.run(ScriptEngine.java:194)
	at com.kms.katalon.core.main.ScriptEngine.runScriptAsRawText(ScriptEngine.java:119)
	at com.kms.katalon.core.main.TestCaseExecutor.runScript(TestCaseExecutor.java:448)
	at com.kms.katalon.core.main.TestCaseExecutor.doExecute(TestCaseExecutor.java:439)
	at com.kms.katalon.core.main.TestCaseExecutor.processExecutionPhase(TestCaseExecutor.java:418)
	at com.kms.katalon.core.main.TestCaseExecutor.accessMainPhase(TestCaseExecutor.java:410)
	at com.kms.katalon.core.main.TestCaseExecutor.execute(TestCaseExecutor.java:285)
	at com.kms.katalon.core.common.CommonExecutor.accessTestCaseMainPhase(CommonExecutor.java:65)
	at com.kms.katalon.core.main.TestSuiteExecutor.accessTestSuiteMainPhase(TestSuiteExecutor.java:148)
	at com.kms.katalon.core.main.TestSuiteExecutor.execute(TestSuiteExecutor.java:106)
	at com.kms.katalon.core.main.TestCaseMain.startTestSuite(TestCaseMain.java:187)
	at com.kms.katalon.core.main.TestCaseMain$startTestSuite$0.call(Unknown Source)
	at TempTestSuite1696420804604.run(TempTestSuite1696420804604.groovy:36)


2023-10-04 19:44:38 - [MESSAGE][FAILED] - Test Cases/T13 Pembelian, Shipment dan Pembayaran/SU-003 FAILED.
Reason:
Assertion failed: 

assert dikirim == statusDikirim
       |       |  |
       Dikirim |  Proses
               false

	at SU-003.run(SU-003:89)
	at com.kms.katalon.core.main.ScriptEngine.run(ScriptEngine.java:194)
	at com.kms.katalon.core.main.ScriptEngine.runScriptAsRawText(ScriptEngine.java:119)
	at com.kms.katalon.core.main.TestCaseExecutor.runScript(TestCaseExecutor.java:448)
	at com.kms.katalon.core.main.TestCaseExecutor.doExecute(TestCaseExecutor.java:439)
	at com.kms.katalon.core.main.TestCaseExecutor.processExecutionPhase(TestCaseExecutor.java:418)
	at com.kms.katalon.core.main.TestCaseExecutor.accessMainPhase(TestCaseExecutor.java:410)
	at com.kms.katalon.core.main.TestCaseExecutor.execute(TestCaseExecutor.java:285)
	at com.kms.katalon.core.common.CommonExecutor.accessTestCaseMainPhase(CommonExecutor.java:65)
	at com.kms.katalon.core.main.TestSuiteExecutor.accessTestSuiteMainPhase(TestSuiteExecutor.java:148)
	at com.kms.katalon.core.main.TestSuiteExecutor.execute(TestSuiteExecutor.java:106)
	at com.kms.katalon.core.main.TestCaseMain.startTestSuite(TestCaseMain.java:187)
	at com.kms.katalon.core.main.TestCaseMain$startTestSuite$0.call(Unknown Source)
	at TempTestSuite1696420804604.run(TempTestSuite1696420804604.groovy:36)]]></system-out>
         <system-err><![CDATA[2023-10-04 19:42:11 - [TEST_CASE][FAILED] - Test Cases/T13 Pembelian, Shipment dan Pembayaran/SU-003: Test Cases/T13 Pembelian, Shipment dan Pembayaran/SU-003 FAILED.
Reason:
Assertion failed: 

assert dikirim == statusDikirim
       |       |  |
       Dikirim |  Proses
               false

	at SU-003.run(SU-003:89)
	at com.kms.katalon.core.main.ScriptEngine.run(ScriptEngine.java:194)
	at com.kms.katalon.core.main.ScriptEngine.runScriptAsRawText(ScriptEngine.java:119)
	at com.kms.katalon.core.main.TestCaseExecutor.runScript(TestCaseExecutor.java:448)
	at com.kms.katalon.core.main.TestCaseExecutor.doExecute(TestCaseExecutor.java:439)
	at com.kms.katalon.core.main.TestCaseExecutor.processExecutionPhase(TestCaseExecutor.java:418)
	at com.kms.katalon.core.main.TestCaseExecutor.accessMainPhase(TestCaseExecutor.java:410)
	at com.kms.katalon.core.main.TestCaseExecutor.execute(TestCaseExecutor.java:285)
	at com.kms.katalon.core.common.CommonExecutor.accessTestCaseMainPhase(CommonExecutor.java:65)
	at com.kms.katalon.core.main.TestSuiteExecutor.accessTestSuiteMainPhase(TestSuiteExecutor.java:148)
	at com.kms.katalon.core.main.TestSuiteExecutor.execute(TestSuiteExecutor.java:106)
	at com.kms.katalon.core.main.TestCaseMain.startTestSuite(TestCaseMain.java:187)
	at com.kms.katalon.core.main.TestCaseMain$startTestSuite$0.call(Unknown Source)
	at TempTestSuite1696420804604.run(TempTestSuite1696420804604.groovy:36)]]></system-err>
      </testcase>
      <testcase name="Test Cases/T13 Pembelian, Shipment dan Pembayaran/SU-004" time="162.033" classname="Test Cases/T13 Pembelian, Shipment dan Pembayaran/SU-004" status="PASSED">
         <system-out><![CDATA[2023-10-04 19:44:38 - [TEST_CASE][PASSED] - Test Cases/T13 Pembelian, Shipment dan Pembayaran/SU-004: Test Cases/T13 Pembelian, Shipment dan Pembayaran/SU-004

2023-10-04 19:44:38 - [TEST_STEP][PASSED] - data = callTestCase(findTestCase("T13 Pembelian, Shipment dan Pembayaran/SA-005"), [:], STOP_ON_FAILURE): Call Test Case 'Test Cases/T13 Pembelian, Shipment dan Pembayaran/SA-005' successfully

2023-10-04 19:44:39 - [TEST_CASE][PASSED] - Test Cases/T13 Pembelian, Shipment dan Pembayaran/SA-005: Test Cases/T13 Pembelian, Shipment dan Pembayaran/SA-005

2023-10-04 19:44:39 - [TEST_STEP][PASSED] - data = callTestCase(findTestCase("T13 Pembelian, Shipment dan Pembayaran/SA-002"), [:], STOP_ON_FAILURE): Call Test Case 'Test Cases/T13 Pembelian, Shipment dan Pembayaran/SA-002' successfully

2023-10-04 19:44:39 - [TEST_CASE][PASSED] - Test Cases/T13 Pembelian, Shipment dan Pembayaran/SA-002: Test Cases/T13 Pembelian, Shipment dan Pembayaran/SA-002

2023-10-04 19:44:39 - [TEST_STEP][PASSED] - data = callTestCase(findTestCase("T13 Pembelian, Shipment dan Pembayaran/SA-001"), [:], STOP_ON_FAILURE): Call Test Case 'Test Cases/T13 Pembelian, Shipment dan Pembayaran/SA-001' successfully

2023-10-04 19:44:39 - [TEST_CASE][PASSED] - Test Cases/T13 Pembelian, Shipment dan Pembayaran/SA-001: Test Cases/T13 Pembelian, Shipment dan Pembayaran/SA-001

2023-10-04 19:44:39 - [TEST_STEP][PASSED] - data = callTestCase(findTestCase("T13 Pembelian, Shipment dan Pembayaran/PBYA-001"), [:], STOP_ON_FAILURE): Call Test Case 'Test Cases/T13 Pembelian, Shipment dan Pembayaran/PBYA-001' successfully

2023-10-04 19:44:39 - [TEST_CASE][PASSED] - Test Cases/T13 Pembelian, Shipment dan Pembayaran/PBYA-001: Test Cases/T13 Pembelian, Shipment dan Pembayaran/PBYA-001

2023-10-04 19:44:39 - [TEST_STEP][PASSED] - data = callTestCase(findTestCase("T13 Pembelian, Shipment dan Pembayaran/PBY-004"), [:], STOP_ON_FAILURE): Call Test Case 'Test Cases/T13 Pembelian, Shipment dan Pembayaran/PBY-004' successfully

2023-10-04 19:44:39 - [TEST_CASE][PASSED] - Test Cases/T13 Pembelian, Shipment dan Pembayaran/PBY-004: Test Cases/T13 Pembelian, Shipment dan Pembayaran/PBY-004

2023-10-04 19:44:39 - [TEST_STEP][PASSED] - data = callTestCase(findTestCase("T13 Pembelian, Shipment dan Pembayaran/PBY-001"), [:], STOP_ON_FAILURE): Call Test Case 'Test Cases/T13 Pembelian, Shipment dan Pembayaran/PBY-001' successfully

2023-10-04 19:44:39 - [TEST_CASE][PASSED] - Test Cases/T13 Pembelian, Shipment dan Pembayaran/PBY-001: Test Cases/T13 Pembelian, Shipment dan Pembayaran/PBY-001

2023-10-04 19:44:39 - [TEST_STEP][PASSED] - data = callTestCase(findTestCase("T13 Pembelian, Shipment dan Pembayaran/PBL-004"), ["Kurir":"Roda 2"], STOP_ON_FAILURE): Call Test Case 'Test Cases/T13 Pembelian, Shipment dan Pembayaran/PBL-004' successfully

2023-10-04 19:44:39 - [TEST_CASE][PASSED] - Test Cases/T13 Pembelian, Shipment dan Pembayaran/PBL-004: Test Cases/T13 Pembelian, Shipment dan Pembayaran/PBL-004

2023-10-04 19:44:39 - [TEST_STEP][PASSED] - data = callTestCase(findTestCase("T13 Pembelian, Shipment dan Pembayaran/PBL-002"), [:], STOP_ON_FAILURE): Call Test Case 'Test Cases/T13 Pembelian, Shipment dan Pembayaran/PBL-002' successfully

2023-10-04 19:44:39 - [TEST_CASE][PASSED] - Test Cases/T13 Pembelian, Shipment dan Pembayaran/PBL-002: Test Cases/T13 Pembelian, Shipment dan Pembayaran/PBL-002

2023-10-04 19:44:39 - [TEST_STEP][PASSED] - data = callTestCase(findTestCase("T13 Pembelian, Shipment dan Pembayaran/PBL-001"), [:], STOP_ON_FAILURE): Call Test Case 'Test Cases/T13 Pembelian, Shipment dan Pembayaran/PBL-001' successfully

2023-10-04 19:44:39 - [TEST_CASE][PASSED] - Test Cases/T13 Pembelian, Shipment dan Pembayaran/PBL-001: Test Cases/T13 Pembelian, Shipment dan Pembayaran/PBL-001

2023-10-04 19:44:39 - [TEST_STEP][PASSED] - callTestCase(findTestCase("T13 Pembelian, Shipment dan Pembayaran/LU-001"), ["username":"irfanafandi", "password":"12345irfan"], STOP_ON_FAILURE): Call Test Case 'Test Cases/T13 Pembelian, Shipment dan Pembayaran/LU-001' successfully

2023-10-04 19:44:39 - [TEST_CASE][PASSED] - Test Cases/T13 Pembelian, Shipment dan Pembayaran/LU-001: Test Cases/T13 Pembelian, Shipment dan Pembayaran/LU-001

2023-10-04 19:44:39 - [TEST_STEP][PASSED] - openBrowser("https://10.9.2.63/ecommerce/"): Browser is opened with url: 'https://10.9.2.63/ecommerce/'

2023-10-04 19:44:39 - [MESSAGE][WARNING] - A browser is already opened. Closing browser and opening a new one

2023-10-04 19:44:40 - [MESSAGE][INFO] - Starting 'Firefox' driver

2023-10-04 19:44:40 - [MESSAGE][INFO] - User set preference: ['args', '[--disable-notifications]']

2023-10-04 19:44:40 - [MESSAGE][INFO] - Action delay is set to 0 milliseconds

2023-10-04 19:44:59 - [MESSAGE][PASSED] - Browser is opened with url: 'https://10.9.2.63/ecommerce/'

2023-10-04 19:44:59 - [TEST_STEP][PASSED] - maximizeWindow(): Current window maximized

2023-10-04 19:44:59 - [MESSAGE][PASSED] - Current window maximized

2023-10-04 19:44:59 - [TEST_STEP][PASSED] - verifyElementPresent(findTestObject("Login/Home"), 0): Object 'Object Repository/Login/Home' is present

2023-10-04 19:44:59 - [MESSAGE][WARNING] - Timeout '0' is invalid. Using default page load timeout: '30'

2023-10-04 19:45:00 - [MESSAGE][PASSED] - Object 'Object Repository/Login/Home' is present

2023-10-04 19:45:00 - [TEST_STEP][PASSED] - click(findTestObject("Login/a_Login")): Object: 'Object Repository/Login/a_Login' is clicked on

2023-10-04 19:45:01 - [MESSAGE][PASSED] - Object: 'Object Repository/Login/a_Login' is clicked on

2023-10-04 19:45:01 - [TEST_STEP][PASSED] - verifyElementPresent(findTestObject("Login/Tittle Login"), 0): Object 'Object Repository/Login/Tittle Login' is present

2023-10-04 19:45:01 - [MESSAGE][WARNING] - Timeout '0' is invalid. Using default page load timeout: '30'

2023-10-04 19:45:01 - [MESSAGE][PASSED] - Object 'Object Repository/Login/Tittle Login' is present

2023-10-04 19:45:01 - [TEST_STEP][PASSED] - setText(findTestObject("Login/input_Username, Email atau No. Handphone_a"), username): Text 'irfanafandi' is set on object 'Object Repository/Login/input_Username, Email atau No. Handphone_a'

2023-10-04 19:45:02 - [MESSAGE][PASSED] - Text 'irfanafandi' is set on object 'Object Repository/Login/input_Username, Email atau No. Handphone_a'

2023-10-04 19:45:02 - [TEST_STEP][PASSED] - setText(findTestObject("Login/input_Password_b"), password): Text '12345irfan' is set on object 'Object Repository/Login/input_Password_b'

2023-10-04 19:45:02 - [MESSAGE][PASSED] - Text '12345irfan' is set on object 'Object Repository/Login/input_Password_b'

2023-10-04 19:45:02 - [TEST_STEP][PASSED] - click(findTestObject("Login/label_Ingat saya")): Object: 'Object Repository/Login/label_Ingat saya' is clicked on

2023-10-04 19:45:03 - [MESSAGE][PASSED] - Object: 'Object Repository/Login/label_Ingat saya' is clicked on

2023-10-04 19:45:03 - [TEST_STEP][PASSED] - click(findTestObject("Login/button_Masuk")): Object: 'Object Repository/Login/button_Masuk' is clicked on

2023-10-04 19:45:04 - [MESSAGE][PASSED] - Object: 'Object Repository/Login/button_Masuk' is clicked on

2023-10-04 19:45:04 - [TEST_STEP][PASSED] - verifyElementPresent(findTestObject("Login/li_Profile"), 0): Object 'Object Repository/Login/li_Profile' is present

2023-10-04 19:45:04 - [MESSAGE][WARNING] - Timeout '0' is invalid. Using default page load timeout: '30'

2023-10-04 19:45:05 - [MESSAGE][PASSED] - Object 'Object Repository/Login/li_Profile' is present

2023-10-04 19:45:05 - [MESSAGE][PASSED] - Call Test Case 'Test Cases/T13 Pembelian, Shipment dan Pembayaran/LU-001' successfully

2023-10-04 19:45:05 - [TEST_STEP][PASSED] - mouseOver(findTestObject("beli barang/i_Mulai Belanja_icon-menu")): Object: 'Object Repository/beli barang/i_Mulai Belanja_icon-menu' is hovered

2023-10-04 19:45:05 - [MESSAGE][PASSED] - Object: 'Object Repository/beli barang/i_Mulai Belanja_icon-menu' is hovered

2023-10-04 19:45:05 - [TEST_STEP][PASSED] - click(findTestObject("beli barang/a_Fashion  Busana Wanita")): Object: 'Object Repository/beli barang/a_Fashion  Busana Wanita' is clicked on

2023-10-04 19:45:06 - [MESSAGE][PASSED] - Object: 'Object Repository/beli barang/a_Fashion  Busana Wanita' is clicked on

2023-10-04 19:45:06 - [TEST_STEP][PASSED] - NamaSebelum = getText(findTestObject("verifikasi/Nama sebelum")): Text of object 'Object Repository/verifikasi/Nama sebelum' is: ''

2023-10-04 19:45:07 - [MESSAGE][PASSED] - Text of object 'Object Repository/verifikasi/Nama sebelum' is: ''

2023-10-04 19:45:07 - [TEST_STEP][PASSED] - HargaSebelum = getText(findTestObject("verifikasi/Harga sebelum")): Text of object 'Object Repository/verifikasi/Harga sebelum' is: 'Rp 1,299'

2023-10-04 19:45:07 - [MESSAGE][PASSED] - Text of object 'Object Repository/verifikasi/Harga sebelum' is: 'Rp 1,299'

2023-10-04 19:45:07 - [TEST_STEP][PASSED] - mouseOver(findTestObject("beli barang/barang mouse over")): Object: 'Object Repository/beli barang/barang mouse over' is hovered

2023-10-04 19:45:08 - [MESSAGE][PASSED] - Object: 'Object Repository/beli barang/barang mouse over' is hovered

2023-10-04 19:45:08 - [TEST_STEP][PASSED] - click(findTestObject("beli barang/buttom add to cart")): Object: 'Object Repository/beli barang/buttom add to cart' is clicked on

2023-10-04 19:45:09 - [MESSAGE][PASSED] - Object: 'Object Repository/beli barang/buttom add to cart' is clicked on

2023-10-04 19:45:09 - [TEST_STEP][PASSED] - NamaSesudah = getText(findTestObject("verifikasi/Nama sesudah")): Text of object 'Object Repository/verifikasi/Nama sesudah' is: 'Segitiga Instan Madeira - MDB5.3 Sunset'

2023-10-04 19:45:10 - [MESSAGE][PASSED] - Text of object 'Object Repository/verifikasi/Nama sesudah' is: 'Segitiga Instan Madeira - MDB5.3 Sunset'

2023-10-04 19:45:10 - [TEST_STEP][PASSED] - HargaSesudah = getText(findTestObject("verifikasi/Harga sesudah")): Text of object 'Object Repository/verifikasi/Harga sesudah' is: 'Rp 1,299'

2023-10-04 19:45:10 - [MESSAGE][PASSED] - Text of object 'Object Repository/verifikasi/Harga sesudah' is: 'Rp 1,299'

2023-10-04 19:45:10 - [TEST_STEP][PASSED] - assert NamaSesudah.contains(NamaSebelum): null

2023-10-04 19:45:10 - [TEST_STEP][PASSED] - assert HargaSesudah.contains(HargaSebelum): null

2023-10-04 19:45:10 - [TEST_STEP][PASSED] - click(findTestObject("beli barang/Tambah Keranjang busana wanita")): Object: 'Object Repository/beli barang/Tambah Keranjang busana wanita' is clicked on

2023-10-04 19:45:11 - [MESSAGE][PASSED] - Object: 'Object Repository/beli barang/Tambah Keranjang busana wanita' is clicked on

2023-10-04 19:45:11 - [TEST_STEP][PASSED] - verifyElementPresent(findTestObject("checkout/Notifikasi keranjang"), 1): Object 'Object Repository/checkout/Notifikasi keranjang' is present

2023-10-04 19:45:11 - [MESSAGE][PASSED] - Object 'Object Repository/checkout/Notifikasi keranjang' is present

2023-10-04 19:45:11 - [TEST_STEP][PASSED] - data = new java.util.HashMap(): null

2023-10-04 19:45:11 - [TEST_STEP][PASSED] - data.put("nama_barang", NamaSesudah): null

2023-10-04 19:45:11 - [TEST_STEP][PASSED] - data.put("price_barang", HargaSesudah): null

2023-10-04 19:45:11 - [TEST_STEP][PASSED] - return data: null

2023-10-04 19:45:11 - [MESSAGE][PASSED] - Call Test Case 'Test Cases/T13 Pembelian, Shipment dan Pembayaran/PBL-001' successfully

2023-10-04 19:45:11 - [TEST_STEP][PASSED] - mouseOver(findTestObject("beli barang/keranjang")): Object: 'Object Repository/beli barang/keranjang' is hovered

2023-10-04 19:45:12 - [MESSAGE][PASSED] - Object: 'Object Repository/beli barang/keranjang' is hovered

2023-10-04 19:45:12 - [TEST_STEP][PASSED] - click(findTestObject("beli barang/Lihat Sekarang")): Object: 'Object Repository/beli barang/Lihat Sekarang' is clicked on

2023-10-04 19:45:13 - [MESSAGE][PASSED] - Object: 'Object Repository/beli barang/Lihat Sekarang' is clicked on

2023-10-04 19:45:13 - [TEST_STEP][PASSED] - verifyElementPresent(findTestObject("keranjang/li_Keranjang Belanja"), 0): Object 'Object Repository/keranjang/li_Keranjang Belanja' is present

2023-10-04 19:45:13 - [MESSAGE][WARNING] - Timeout '0' is invalid. Using default page load timeout: '30'

2023-10-04 19:45:14 - [MESSAGE][PASSED] - Object 'Object Repository/keranjang/li_Keranjang Belanja' is present

2023-10-04 19:45:14 - [TEST_STEP][PASSED] - NamaKeranjang = getText(findTestObject("verifikasi/Nama keranjang")): Text of object 'Object Repository/verifikasi/Nama keranjang' is: 'Segitiga Instan Madeira - MDB5.3 Sunset'

2023-10-04 19:45:14 - [MESSAGE][PASSED] - Text of object 'Object Repository/verifikasi/Nama keranjang' is: 'Segitiga Instan Madeira - MDB5.3 Sunset'

2023-10-04 19:45:14 - [TEST_STEP][PASSED] - HargaKeranjang = getText(findTestObject("verifikasi/Harga Keranjang")): Text of object 'Object Repository/verifikasi/Harga Keranjang' is: 'Rp 1,299'

2023-10-04 19:45:15 - [MESSAGE][PASSED] - Text of object 'Object Repository/verifikasi/Harga Keranjang' is: 'Rp 1,299'

2023-10-04 19:45:15 - [TEST_STEP][PASSED] - if (toString().equalsIgnoreCase("Merah")): Object 'Object Repository/keranjang/input_Warna_variasi101' is checked

2023-10-04 19:45:15 - [TEST_STEP][PASSED] - check(findTestObject("Object Repository/keranjang/input_Warna_variasi101")): Object 'Object Repository/keranjang/input_Warna_variasi101' is checked

2023-10-04 19:45:15 - [MESSAGE][PASSED] - Object 'Object Repository/keranjang/input_Warna_variasi101' is checked

2023-10-04 19:45:15 - [TEST_STEP][PASSED] - if (toString().equalsIgnoreCase("Menengah")): Object 'Object Repository/keranjang/input_Ukuran_variasi201' is checked

2023-10-04 19:45:15 - [TEST_STEP][PASSED] - check(findTestObject("Object Repository/keranjang/input_Ukuran_variasi201")): Object 'Object Repository/keranjang/input_Ukuran_variasi201' is checked

2023-10-04 19:45:16 - [MESSAGE][PASSED] - Object 'Object Repository/keranjang/input_Ukuran_variasi201' is checked

2023-10-04 19:45:16 - [TEST_STEP][PASSED] - data.put("Warna", warna): null

2023-10-04 19:45:16 - [TEST_STEP][PASSED] - data.put("Ukuran", ukuran): null

2023-10-04 19:45:16 - [TEST_STEP][PASSED] - click(findTestObject("keranjang/button_Lanjut ke Pembayaran")): Object: 'Object Repository/keranjang/button_Lanjut ke Pembayaran' is clicked on

2023-10-04 19:45:17 - [MESSAGE][PASSED] - Object: 'Object Repository/keranjang/button_Lanjut ke Pembayaran' is clicked on

2023-10-04 19:45:17 - [TEST_STEP][PASSED] - verifyElementPresent(findTestObject("checkout/Tittle Checkout Order"), 0): Object 'Object Repository/checkout/Tittle Checkout Order' is present

2023-10-04 19:45:17 - [MESSAGE][WARNING] - Timeout '0' is invalid. Using default page load timeout: '30'

2023-10-04 19:45:18 - [MESSAGE][PASSED] - Object 'Object Repository/checkout/Tittle Checkout Order' is present

2023-10-04 19:45:18 - [TEST_STEP][PASSED] - name_product = data.get("nama_barang"): null

2023-10-04 19:45:18 - [TEST_STEP][PASSED] - price_product = data.get("price_barang"): null

2023-10-04 19:45:18 - [TEST_STEP][PASSED] - assert name_product == NamaKeranjang: null

2023-10-04 19:45:18 - [TEST_STEP][PASSED] - assert price_product == HargaKeranjang: null

2023-10-04 19:45:18 - [TEST_STEP][PASSED] - return data: null

2023-10-04 19:45:18 - [MESSAGE][PASSED] - Call Test Case 'Test Cases/T13 Pembelian, Shipment dan Pembayaran/PBL-002' successfully

2023-10-04 19:45:18 - [TEST_STEP][PASSED] - warnaa = getText(findTestObject("verifikasi/warna Merah")): Text of object 'Object Repository/verifikasi/warna Merah' is: 'Merah'

2023-10-04 19:45:18 - [MESSAGE][PASSED] - Text of object 'Object Repository/verifikasi/warna Merah' is: 'Merah'

2023-10-04 19:45:18 - [TEST_STEP][PASSED] - ukurann = getText(findTestObject("verifikasi/Ukuran Menengah")): Text of object 'Object Repository/verifikasi/Ukuran Menengah' is: 'Menengah'

2023-10-04 19:45:18 - [MESSAGE][PASSED] - Text of object 'Object Repository/verifikasi/Ukuran Menengah' is: 'Menengah'

2023-10-04 19:45:18 - [TEST_STEP][PASSED] - warna1 = data.get("Warna"): null

2023-10-04 19:45:18 - [TEST_STEP][PASSED] - ukuran1 = data.get("Ukuran"): null

2023-10-04 19:45:18 - [TEST_STEP][PASSED] - assert warnaa == warna1: null

2023-10-04 19:45:18 - [TEST_STEP][PASSED] - assert ukurann == ukuran1: null

2023-10-04 19:45:18 - [TEST_STEP][PASSED] - NamaCheckout = getText(findTestObject("verifikasi/NamaCheckout")): Text of object 'Object Repository/verifikasi/NamaCheckout' is: ''

2023-10-04 19:45:19 - [MESSAGE][PASSED] - Text of object 'Object Repository/verifikasi/NamaCheckout' is: ''

2023-10-04 19:45:19 - [TEST_STEP][PASSED] - HargaCheckout = getText(findTestObject("verifikasi/HargaCheckout")): Text of object 'Object Repository/verifikasi/HargaCheckout' is: '1,299'

2023-10-04 19:45:19 - [MESSAGE][PASSED] - Text of object 'Object Repository/verifikasi/HargaCheckout' is: '1,299'

2023-10-04 19:45:19 - [TEST_STEP][PASSED] - name_product = data.get("nama_barang"): null

2023-10-04 19:45:19 - [TEST_STEP][PASSED] - price_product = data.get("price_barang"): null

2023-10-04 19:45:19 - [TEST_STEP][PASSED] - assert name_product.contains(NamaCheckout): null

2023-10-04 19:45:19 - [TEST_STEP][PASSED] - assert price_product.contains(HargaCheckout): null

2023-10-04 19:45:19 - [TEST_STEP][PASSED] - selectOptionByLabel(findTestObject("checkout/select - Kirim via Kurir Lokal"), Kurir, false): All options with label 'Roda 2' are selected in object 'Object Repository/checkout/select - Kirim via Kurir Lokal' 

2023-10-04 19:45:20 - [MESSAGE][PASSED] - All options with label 'Roda 2' are selected in object 'Object Repository/checkout/select - Kirim via Kurir Lokal' 

2023-10-04 19:45:20 - [TEST_STEP][PASSED] - click(findTestObject("checkout/Kendaraan Kurir")): Object: 'Object Repository/checkout/Kendaraan Kurir' is clicked on

2023-10-04 19:45:21 - [MESSAGE][PASSED] - Object: 'Object Repository/checkout/Kendaraan Kurir' is clicked on

2023-10-04 19:45:21 - [TEST_STEP][PASSED] - OngkosKirim = getText(findTestObject("Object Repository/verifikasi/Ongkos Kirim checkout")): Text of object 'Object Repository/verifikasi/Ongkos Kirim checkout' is: 'Rp. 5,000'

2023-10-04 19:45:21 - [MESSAGE][PASSED] - Text of object 'Object Repository/verifikasi/Ongkos Kirim checkout' is: 'Rp. 5,000'

2023-10-04 19:45:21 - [TEST_STEP][PASSED] - Ongkos = OngkosKirim.substring(3, OngkosKirim.size()): null

2023-10-04 19:45:21 - [TEST_STEP][PASSED] - rep = Ongkos.replace(",", "."): null

2023-10-04 19:45:21 - [TEST_STEP][PASSED] - Ongkos_kirim = Double.parseDouble(rep): null

2023-10-04 19:45:21 - [TEST_STEP][PASSED] - println(Ongkos_kirim): null

2023-10-04 19:45:21 - [TEST_STEP][PASSED] - FeeAdmin = getText(findTestObject("verifikasi/Fee Admin checkout")): Text of object 'Object Repository/verifikasi/Fee Admin checkout' is: 'Fee Admin
Rp 1,500'

2023-10-04 19:45:21 - [MESSAGE][PASSED] - Text of object 'Object Repository/verifikasi/Fee Admin checkout' is: 'Fee Admin
Rp 1,500'

2023-10-04 19:45:21 - [TEST_STEP][PASSED] - Fee_Admin = FeeAdmin.substring(12, FeeAdmin.size()): null

2023-10-04 19:45:21 - [TEST_STEP][PASSED] - fee = Fee_Admin.replace(",", "."): null

2023-10-04 19:45:21 - [TEST_STEP][PASSED] - fee_admin = Double.parseDouble(fee): null

2023-10-04 19:45:21 - [TEST_STEP][PASSED] - println(fee_admin): null

2023-10-04 19:45:21 - [TEST_STEP][PASSED] - Subtotal = getText(findTestObject("verifikasi/subtotal checkout")): Text of object 'Object Repository/verifikasi/subtotal checkout' is: 'Subtotal
Rp 1,299'

2023-10-04 19:45:22 - [MESSAGE][PASSED] - Text of object 'Object Repository/verifikasi/subtotal checkout' is: 'Subtotal
Rp 1,299'

2023-10-04 19:45:22 - [TEST_STEP][PASSED] - sub_total = Subtotal.substring(12, Subtotal.size()): null

2023-10-04 19:45:22 - [TEST_STEP][PASSED] - sub = sub_total.replace(",", "."): null

2023-10-04 19:45:22 - [TEST_STEP][PASSED] - sub_total = Double.parseDouble(sub): null

2023-10-04 19:45:22 - [TEST_STEP][PASSED] - println(sub_total): null

2023-10-04 19:45:22 - [TEST_STEP][PASSED] - Total = getText(findTestObject("verifikasi/Total checkout")): Text of object 'Object Repository/verifikasi/Total checkout' is: 'Rp 7,799'

2023-10-04 19:45:22 - [MESSAGE][PASSED] - Text of object 'Object Repository/verifikasi/Total checkout' is: 'Rp 7,799'

2023-10-04 19:45:22 - [TEST_STEP][PASSED] - totall = Total.substring(3, Total.size()): null

2023-10-04 19:45:22 - [TEST_STEP][PASSED] - total = totall.replace(",", "."): null

2023-10-04 19:45:22 - [TEST_STEP][PASSED] - totall = Double.parseDouble(total): null

2023-10-04 19:45:22 - [TEST_STEP][PASSED] - println(totall): null

2023-10-04 19:45:22 - [TEST_STEP][PASSED] - Total_Harga = Ongkos_kirim + fee_admin + sub_total: null

2023-10-04 19:45:22 - [TEST_STEP][PASSED] - println(Total_Harga): null

2023-10-04 19:45:22 - [TEST_STEP][PASSED] - TotalHarga = Math.round(Total_Harga * 1000) / 1000: null

2023-10-04 19:45:22 - [TEST_STEP][PASSED] - println(TotalHarga): null

2023-10-04 19:45:22 - [TEST_STEP][PASSED] - assert totall == TotalHarga: null

2023-10-04 19:45:22 - [TEST_STEP][PASSED] - click(findTestObject("verifikasi/Metode Transfer")): Object: 'Object Repository/verifikasi/Metode Transfer' is clicked on

2023-10-04 19:45:23 - [MESSAGE][PASSED] - Object: 'Object Repository/verifikasi/Metode Transfer' is clicked on

2023-10-04 19:45:23 - [TEST_STEP][PASSED] - click(findTestObject("checkout/button_Proses Pembayaran")): Object: 'Object Repository/checkout/button_Proses Pembayaran' is clicked on

2023-10-04 19:45:28 - [MESSAGE][PASSED] - Object: 'Object Repository/checkout/button_Proses Pembayaran' is clicked on

2023-10-04 19:45:28 - [TEST_STEP][PASSED] - verifyElementPresent(findTestObject("pembayaran/Tittle nomor invoice"), 0): Object 'Object Repository/pembayaran/Tittle nomor invoice' is present

2023-10-04 19:45:28 - [MESSAGE][WARNING] - Timeout '0' is invalid. Using default page load timeout: '30'

2023-10-04 19:45:33 - [MESSAGE][PASSED] - Object 'Object Repository/pembayaran/Tittle nomor invoice' is present

2023-10-04 19:45:33 - [TEST_STEP][PASSED] - return data: null

2023-10-04 19:45:33 - [MESSAGE][PASSED] - Call Test Case 'Test Cases/T13 Pembelian, Shipment dan Pembayaran/PBL-004' successfully

2023-10-04 19:45:33 - [TEST_STEP][PASSED] - Invoice = getText(findTestObject("pembayaran/nomor invoice")): Text of object 'Object Repository/pembayaran/nomor invoice' is: 'TRX60.20231004194524'

2023-10-04 19:45:34 - [MESSAGE][PASSED] - Text of object 'Object Repository/pembayaran/nomor invoice' is: 'TRX60.20231004194524'

2023-10-04 19:45:34 - [TEST_STEP][PASSED] - data.put("invoice", Invoice): null

2023-10-04 19:45:34 - [TEST_STEP][PASSED] - NamaPemesan = getText(findTestObject("Konfirmasi pesanan shop/Nama pemesan")): Text of object 'Object Repository/Konfirmasi pesanan shop/Nama pemesan' is: 'irfan.afandi'

2023-10-04 19:45:35 - [MESSAGE][PASSED] - Text of object 'Object Repository/Konfirmasi pesanan shop/Nama pemesan' is: 'irfan.afandi'

2023-10-04 19:45:35 - [TEST_STEP][PASSED] - Nama = getText(findTestObject("pembayaran/Nama barang")): Text of object 'Object Repository/pembayaran/Nama barang' is: 'Segitiga Instan Madeira - MDB5.3 Sunset'

2023-10-04 19:45:35 - [MESSAGE][PASSED] - Text of object 'Object Repository/pembayaran/Nama barang' is: 'Segitiga Instan Madeira - MDB5.3 Sunset'

2023-10-04 19:45:35 - [TEST_STEP][PASSED] - Harga = getText(findTestObject("pembayaran/Harga barang")): Text of object 'Object Repository/pembayaran/Harga barang' is: '1,299'

2023-10-04 19:45:36 - [MESSAGE][PASSED] - Text of object 'Object Repository/pembayaran/Harga barang' is: '1,299'

2023-10-04 19:45:36 - [TEST_STEP][PASSED] - name_product = data.get("nama_barang"): null

2023-10-04 19:45:36 - [TEST_STEP][PASSED] - price_product = data.get("price_barang"): null

2023-10-04 19:45:36 - [TEST_STEP][PASSED] - assert name_product.contains(Nama): null

2023-10-04 19:45:36 - [TEST_STEP][PASSED] - assert price_product.contains(Harga): null

2023-10-04 19:45:36 - [TEST_STEP][PASSED] - warnaa = getText(findTestObject("pembayaran/warna")): Text of object 'Object Repository/pembayaran/warna' is: 'Merah'

2023-10-04 19:45:36 - [MESSAGE][PASSED] - Text of object 'Object Repository/pembayaran/warna' is: 'Merah'

2023-10-04 19:45:36 - [TEST_STEP][PASSED] - ukurann = getText(findTestObject("pembayaran/ukuran")): Text of object 'Object Repository/pembayaran/ukuran' is: 'Menengah'

2023-10-04 19:45:37 - [MESSAGE][PASSED] - Text of object 'Object Repository/pembayaran/ukuran' is: 'Menengah'

2023-10-04 19:45:37 - [TEST_STEP][PASSED] - warna1 = data.get("Warna"): null

2023-10-04 19:45:37 - [TEST_STEP][PASSED] - ukuran1 = data.get("Ukuran"): null

2023-10-04 19:45:37 - [TEST_STEP][PASSED] - assert warnaa == warna1: null

2023-10-04 19:45:37 - [TEST_STEP][PASSED] - assert ukurann == ukuran1: null

2023-10-04 19:45:37 - [TEST_STEP][PASSED] - statusPembelian = getText(findTestObject("verifikasi/Status pending di pembelian")): Text of object 'Object Repository/verifikasi/Status pending di pembelian' is: 'Pending'

2023-10-04 19:45:37 - [MESSAGE][PASSED] - Text of object 'Object Repository/verifikasi/Status pending di pembelian' is: 'Pending'

2023-10-04 19:45:37 - [TEST_STEP][PASSED] - data.put("statusPem", statusPembelian): null

2023-10-04 19:45:37 - [TEST_STEP][PASSED] - OngkosKirim = getText(findTestObject("pembayaran/ongkos kirim")): Text of object 'Object Repository/pembayaran/ongkos kirim' is: 'Rp 5,000'

2023-10-04 19:45:38 - [MESSAGE][PASSED] - Text of object 'Object Repository/pembayaran/ongkos kirim' is: 'Rp 5,000'

2023-10-04 19:45:38 - [TEST_STEP][PASSED] - Ongkos = OngkosKirim.substring(3, OngkosKirim.size()): null

2023-10-04 19:45:38 - [TEST_STEP][PASSED] - rep = Ongkos.replace(",", ""): null

2023-10-04 19:45:38 - [TEST_STEP][PASSED] - Ongkos_kirimm = Integer.parseInt(rep): null

2023-10-04 19:45:38 - [TEST_STEP][PASSED] - println(Ongkos_kirimm): null

2023-10-04 19:45:38 - [TEST_STEP][PASSED] - FeeAdmin = getText(findTestObject("pembayaran/fee admin")): Text of object 'Object Repository/pembayaran/fee admin' is: 'Rp 1,500'

2023-10-04 19:45:38 - [MESSAGE][PASSED] - Text of object 'Object Repository/pembayaran/fee admin' is: 'Rp 1,500'

2023-10-04 19:45:38 - [TEST_STEP][PASSED] - Fee_Admin = FeeAdmin.substring(3, FeeAdmin.size()): null

2023-10-04 19:45:38 - [TEST_STEP][PASSED] - fee = Fee_Admin.replace(",", ""): null

2023-10-04 19:45:38 - [TEST_STEP][PASSED] - fee_adminn = Integer.parseInt(fee): null

2023-10-04 19:45:38 - [TEST_STEP][PASSED] - println(fee_adminn): null

2023-10-04 19:45:38 - [TEST_STEP][PASSED] - Subtotal = getText(findTestObject("pembayaran/subtotal")): Text of object 'Object Repository/pembayaran/subtotal' is: 'Rp 1,299'

2023-10-04 19:45:39 - [MESSAGE][PASSED] - Text of object 'Object Repository/pembayaran/subtotal' is: 'Rp 1,299'

2023-10-04 19:45:39 - [TEST_STEP][PASSED] - sub_total = Subtotal.substring(3, Subtotal.size()): null

2023-10-04 19:45:39 - [TEST_STEP][PASSED] - sub = sub_total.replace(",", ""): null

2023-10-04 19:45:39 - [TEST_STEP][PASSED] - sub_totall = Integer.parseInt(sub): null

2023-10-04 19:45:39 - [TEST_STEP][PASSED] - println(sub_totall): null

2023-10-04 19:45:39 - [TEST_STEP][PASSED] - unik = getText(findTestObject("pembayaran/kode unik")): Text of object 'Object Repository/pembayaran/kode unik' is: '+524'

2023-10-04 19:45:39 - [MESSAGE][PASSED] - Text of object 'Object Repository/pembayaran/kode unik' is: '+524'

2023-10-04 19:45:39 - [TEST_STEP][PASSED] - unikk = unik.replace("+", ""): null

2023-10-04 19:45:39 - [TEST_STEP][PASSED] - kode_unik = Integer.parseInt(unikk): null

2023-10-04 19:45:39 - [TEST_STEP][PASSED] - println(kode_unik): null

2023-10-04 19:45:39 - [TEST_STEP][PASSED] - Total = getText(findTestObject("pembayaran/total")): Text of object 'Object Repository/pembayaran/total' is: '8,323'

2023-10-04 19:45:40 - [MESSAGE][PASSED] - Text of object 'Object Repository/pembayaran/total' is: '8,323'

2023-10-04 19:45:40 - [TEST_STEP][PASSED] - total = Total.replace(",", ""): null

2023-10-04 19:45:40 - [TEST_STEP][PASSED] - totalll = Integer.parseInt(total): null

2023-10-04 19:45:40 - [TEST_STEP][PASSED] - println(totalll): null

2023-10-04 19:45:40 - [TEST_STEP][PASSED] - Total_Hargaa = Ongkos_kirimm + fee_adminn + sub_totall + kode_unik: null

2023-10-04 19:45:40 - [TEST_STEP][PASSED] - println(Total_Hargaa): null

2023-10-04 19:45:40 - [TEST_STEP][PASSED] - assert totalll == Total_Hargaa: null

2023-10-04 19:45:40 - [TEST_STEP][PASSED] - data.put("total", Total): null

2023-10-04 19:45:40 - [TEST_STEP][PASSED] - data.put("nama", NamaPemesan): null

2023-10-04 19:45:40 - [TEST_STEP][PASSED] - return data: null

2023-10-04 19:45:40 - [MESSAGE][PASSED] - Call Test Case 'Test Cases/T13 Pembelian, Shipment dan Pembayaran/PBY-001' successfully

2023-10-04 19:45:40 - [TEST_STEP][PASSED] - inv = data.get("invoice"): null

2023-10-04 19:45:40 - [TEST_STEP][PASSED] - Total = data.get("total"): null

2023-10-04 19:45:40 - [TEST_STEP][PASSED] - NamaPemesan = data.get("nama"): null

2023-10-04 19:45:40 - [TEST_STEP][PASSED] - click(findTestObject("Konfirmasi pesanan shop/Menu Shop")): Object: 'Object Repository/Konfirmasi pesanan shop/Menu Shop' is clicked on

2023-10-04 19:45:41 - [MESSAGE][PASSED] - Object: 'Object Repository/Konfirmasi pesanan shop/Menu Shop' is clicked on

2023-10-04 19:45:41 - [TEST_STEP][PASSED] - click(findTestObject("Konfirmasi pesanan shop/Menu Shop")): Object: 'Object Repository/Konfirmasi pesanan shop/Menu Shop' is clicked on

2023-10-04 19:45:42 - [MESSAGE][PASSED] - Object: 'Object Repository/Konfirmasi pesanan shop/Menu Shop' is clicked on

2023-10-04 19:45:42 - [TEST_STEP][PASSED] - click(findTestObject("Konfirmasi pesanan shop/Konfirmasi Orders")): Object: 'Object Repository/Konfirmasi pesanan shop/Konfirmasi Orders' is clicked on

2023-10-04 19:45:43 - [MESSAGE][PASSED] - Object: 'Object Repository/Konfirmasi pesanan shop/Konfirmasi Orders' is clicked on

2023-10-04 19:45:43 - [TEST_STEP][PASSED] - verifyElementPresent(findTestObject("Konfirmasi pesanan shop/Tittle Konfirmasi Pesanan"), 0): Object 'Object Repository/Konfirmasi pesanan shop/Tittle Konfirmasi Pesanan' is present

2023-10-04 19:45:43 - [MESSAGE][WARNING] - Timeout '0' is invalid. Using default page load timeout: '30'

2023-10-04 19:45:44 - [MESSAGE][PASSED] - Object 'Object Repository/Konfirmasi pesanan shop/Tittle Konfirmasi Pesanan' is present

2023-10-04 19:45:44 - [TEST_STEP][PASSED] - setText(findTestObject("Konfirmasi pesanan shop/input_No Pesanan"), inv): Text 'TRX60.20231004194524' is set on object 'Object Repository/Konfirmasi pesanan shop/input_No Pesanan'

2023-10-04 19:45:44 - [MESSAGE][PASSED] - Text 'TRX60.20231004194524' is set on object 'Object Repository/Konfirmasi pesanan shop/input_No Pesanan'

2023-10-04 19:45:44 - [TEST_STEP][PASSED] - setText(findTestObject("Konfirmasi pesanan shop/input_Alamat E-mai"), "irfan@gmail.com"): Text 'irfan@gmail.com' is set on object 'Object Repository/Konfirmasi pesanan shop/input_Alamat E-mai'

2023-10-04 19:45:45 - [MESSAGE][PASSED] - Text 'irfan@gmail.com' is set on object 'Object Repository/Konfirmasi pesanan shop/input_Alamat E-mai'

2023-10-04 19:45:45 - [TEST_STEP][PASSED] - click(findTestObject("Konfirmasi pesanan shop/button_Submit")): Object: 'Object Repository/Konfirmasi pesanan shop/button_Submit' is clicked on

2023-10-04 19:45:46 - [MESSAGE][PASSED] - Object: 'Object Repository/Konfirmasi pesanan shop/button_Submit' is clicked on

2023-10-04 19:45:46 - [TEST_STEP][PASSED] - verifyElementPresent(findTestObject("Konfirmasi pesanan shop/Tittle nomor invoice"), 0): Object 'Object Repository/Konfirmasi pesanan shop/Tittle nomor invoice' is present

2023-10-04 19:45:46 - [MESSAGE][WARNING] - Timeout '0' is invalid. Using default page load timeout: '30'

2023-10-04 19:45:47 - [MESSAGE][PASSED] - Object 'Object Repository/Konfirmasi pesanan shop/Tittle nomor invoice' is present

2023-10-04 19:45:47 - [TEST_STEP][PASSED] - setText(findTestObject("Konfirmasi pesanan shop/input_Total TagihanTransfer_b"), Total): Text '8,323' is set on object 'Object Repository/Konfirmasi pesanan shop/input_Total TagihanTransfer_b'

2023-10-04 19:45:47 - [MESSAGE][PASSED] - Text '8,323' is set on object 'Object Repository/Konfirmasi pesanan shop/input_Total TagihanTransfer_b'

2023-10-04 19:45:47 - [TEST_STEP][PASSED] - selectOptionByValue(findTestObject("Konfirmasi pesanan shop/select_Bank"), "4", false): All options with value '4' are selected in object 'Object Repository/Konfirmasi pesanan shop/select_Bank' 

2023-10-04 19:45:48 - [MESSAGE][PASSED] - All options with value '4' are selected in object 'Object Repository/Konfirmasi pesanan shop/select_Bank' 

2023-10-04 19:45:48 - [TEST_STEP][PASSED] - setText(findTestObject("Konfirmasi pesanan shop/input_Nama Pengirim_d"), NamaPemesan): Text 'irfan.afandi' is set on object 'Object Repository/Konfirmasi pesanan shop/input_Nama Pengirim_d'

2023-10-04 19:45:49 - [MESSAGE][PASSED] - Text 'irfan.afandi' is set on object 'Object Repository/Konfirmasi pesanan shop/input_Nama Pengirim_d'

2023-10-04 19:45:49 - [TEST_STEP][PASSED] - uploadFile(findTestObject("keranjang/konfirmasi/input_Upload Bukti Transfer_f"), "C:\Users\IRFAN\Downloads\Berkas2.pdf"): File 'C:\Users\IRFAN\Downloads\Berkas2.pdf' sent to object: 'Object Repository/keranjang/konfirmasi/input_Upload Bukti Transfer_f'

2023-10-04 19:45:49 - [MESSAGE][PASSED] - File 'C:\Users\IRFAN\Downloads\Berkas2.pdf' sent to object: 'Object Repository/keranjang/konfirmasi/input_Upload Bukti Transfer_f'

2023-10-04 19:45:49 - [TEST_STEP][PASSED] - click(findTestObject("Konfirmasi pesanan shop/button_Konfirmasi Pembayaran")): Object: 'Object Repository/Konfirmasi pesanan shop/button_Konfirmasi Pembayaran' is clicked on

2023-10-04 19:45:50 - [MESSAGE][PASSED] - Object: 'Object Repository/Konfirmasi pesanan shop/button_Konfirmasi Pembayaran' is clicked on

2023-10-04 19:45:50 - [TEST_STEP][PASSED] - verifyElementPresent(findTestObject("Konfirmasi pesanan shop/Tittle Konfirmasi Pesanan"), 0): Object 'Object Repository/Konfirmasi pesanan shop/Tittle Konfirmasi Pesanan' is present

2023-10-04 19:45:50 - [MESSAGE][WARNING] - Timeout '0' is invalid. Using default page load timeout: '30'

2023-10-04 19:45:51 - [MESSAGE][PASSED] - Object 'Object Repository/Konfirmasi pesanan shop/Tittle Konfirmasi Pesanan' is present

2023-10-04 19:45:51 - [TEST_STEP][PASSED] - verifyElementPresent(findTestObject("Konfirmasi pesanan shop/Tittle massage succes Konfirmasi Pembayaran Pesanan"), 0): Object 'Object Repository/Konfirmasi pesanan shop/Tittle massage succes Konfirmasi Pembayaran Pesanan' is present

2023-10-04 19:45:51 - [MESSAGE][WARNING] - Timeout '0' is invalid. Using default page load timeout: '30'

2023-10-04 19:45:51 - [MESSAGE][PASSED] - Object 'Object Repository/Konfirmasi pesanan shop/Tittle massage succes Konfirmasi Pembayaran Pesanan' is present

2023-10-04 19:45:51 - [TEST_STEP][PASSED] - return data: null

2023-10-04 19:45:51 - [MESSAGE][PASSED] - Call Test Case 'Test Cases/T13 Pembelian, Shipment dan Pembayaran/PBY-004' successfully

2023-10-04 19:45:51 - [TEST_STEP][PASSED] - navigateToUrl("https://10.9.2.63/ecommerce/administrator/"): Navigate to 'https://10.9.2.63/ecommerce/administrator/' successfully

2023-10-04 19:45:52 - [MESSAGE][PASSED] - Navigate to 'https://10.9.2.63/ecommerce/administrator/' successfully

2023-10-04 19:45:52 - [TEST_STEP][PASSED] - verifyElementPresent(findTestObject("admin/Tittle ADMIN Login"), 0): Object 'Object Repository/admin/Tittle ADMIN Login' is present

2023-10-04 19:45:52 - [MESSAGE][WARNING] - Timeout '0' is invalid. Using default page load timeout: '30'

2023-10-04 19:45:52 - [MESSAGE][PASSED] - Object 'Object Repository/admin/Tittle ADMIN Login' is present

2023-10-04 19:45:52 - [TEST_STEP][PASSED] - setText(findTestObject("admin/Username"), "admin"): Text 'admin' is set on object 'Object Repository/admin/Username'

2023-10-04 19:45:53 - [MESSAGE][PASSED] - Text 'admin' is set on object 'Object Repository/admin/Username'

2023-10-04 19:45:53 - [TEST_STEP][PASSED] - setText(findTestObject("admin/Password"), "123admin123"): Text '123admin123' is set on object 'Object Repository/admin/Password'

2023-10-04 19:45:54 - [MESSAGE][PASSED] - Text '123admin123' is set on object 'Object Repository/admin/Password'

2023-10-04 19:45:54 - [TEST_STEP][PASSED] - click(findTestObject("admin/Remember Me")): Object: 'Object Repository/admin/Remember Me' is clicked on

2023-10-04 19:45:54 - [MESSAGE][PASSED] - Object: 'Object Repository/admin/Remember Me' is clicked on

2023-10-04 19:45:54 - [TEST_STEP][PASSED] - delay(10): Delayed 10 second(s)

2023-10-04 19:46:04 - [MESSAGE][PASSED] - Delayed 10 second(s)

2023-10-04 19:46:04 - [TEST_STEP][PASSED] - click(findTestObject("admin/buttom submit")): Object: 'Object Repository/admin/buttom submit' is clicked on

2023-10-04 19:46:05 - [MESSAGE][PASSED] - Object: 'Object Repository/admin/buttom submit' is clicked on

2023-10-04 19:46:05 - [TEST_STEP][PASSED] - verifyElementPresent(findTestObject("admin/Konf order konsumen/Tittle Dashboard"), 0): Object 'Object Repository/admin/Konf order konsumen/Tittle Dashboard' is present

2023-10-04 19:46:05 - [MESSAGE][WARNING] - Timeout '0' is invalid. Using default page load timeout: '30'

2023-10-04 19:46:10 - [MESSAGE][PASSED] - Object 'Object Repository/admin/Konf order konsumen/Tittle Dashboard' is present

2023-10-04 19:46:10 - [TEST_STEP][PASSED] - click(findTestObject("admin/Konf order konsumen/Menu Transaksi Market")): Object: 'Object Repository/admin/Konf order konsumen/Menu Transaksi Market' is clicked on

2023-10-04 19:46:11 - [MESSAGE][PASSED] - Object: 'Object Repository/admin/Konf order konsumen/Menu Transaksi Market' is clicked on

2023-10-04 19:46:11 - [TEST_STEP][PASSED] - click(findTestObject("admin/Konf order konsumen/Menu Konf. Order Konsumen")): Object: 'Object Repository/admin/Konf order konsumen/Menu Konf. Order Konsumen' is clicked on

2023-10-04 19:46:13 - [MESSAGE][PASSED] - Object: 'Object Repository/admin/Konf order konsumen/Menu Konf. Order Konsumen' is clicked on

2023-10-04 19:46:13 - [TEST_STEP][PASSED] - verifyElementPresent(findTestObject("admin/Konf order konsumen/Tittle Data Konfirmasi Pembayaran Konsumen"), 0): Object 'Object Repository/admin/Konf order konsumen/Tittle Data Konfirmasi Pembayaran Konsumen' is present

2023-10-04 19:46:13 - [MESSAGE][WARNING] - Timeout '0' is invalid. Using default page load timeout: '30'

2023-10-04 19:46:20 - [MESSAGE][PASSED] - Object 'Object Repository/admin/Konf order konsumen/Tittle Data Konfirmasi Pembayaran Konsumen' is present

2023-10-04 19:46:20 - [TEST_STEP][PASSED] - inv = data.get("invoice"): null

2023-10-04 19:46:20 - [TEST_STEP][PASSED] - setText(findTestObject("admin/Konf order konsumen/Search"), inv): Text 'TRX60.20231004194524' is set on object 'Object Repository/admin/Konf order konsumen/Search'

2023-10-04 19:46:22 - [MESSAGE][PASSED] - Text 'TRX60.20231004194524' is set on object 'Object Repository/admin/Konf order konsumen/Search'

2023-10-04 19:46:22 - [TEST_STEP][PASSED] - verifyElementText(findTestObject("admin/Konf order konsumen/Keterangan Lunas"), "Lunas"): Actual text and expected text of test object 'Object Repository/admin/Konf order konsumen/Keterangan Lunas' are matched.

2023-10-04 19:46:22 - [MESSAGE][PASSED] - Actual text and expected text of test object 'Object Repository/admin/Konf order konsumen/Keterangan Lunas' are matched.

2023-10-04 19:46:22 - [TEST_STEP][PASSED] - return data: null

2023-10-04 19:46:22 - [MESSAGE][PASSED] - Call Test Case 'Test Cases/T13 Pembelian, Shipment dan Pembayaran/PBYA-001' successfully

2023-10-04 19:46:22 - [TEST_STEP][PASSED] - click(findTestObject("admin/Penjualan ke konsumen/buttom Dashboard")): Object: 'Object Repository/admin/Penjualan ke konsumen/buttom Dashboard' is clicked on

2023-10-04 19:46:23 - [MESSAGE][PASSED] - Object: 'Object Repository/admin/Penjualan ke konsumen/buttom Dashboard' is clicked on

2023-10-04 19:46:23 - [TEST_STEP][PASSED] - click(findTestObject("admin/Konf order konsumen/Menu Transaksi Market")): Object: 'Object Repository/admin/Konf order konsumen/Menu Transaksi Market' is clicked on

2023-10-04 19:46:28 - [MESSAGE][PASSED] - Object: 'Object Repository/admin/Konf order konsumen/Menu Transaksi Market' is clicked on

2023-10-04 19:46:28 - [TEST_STEP][PASSED] - click(findTestObject("admin/Penjualan ke konsumen/a_Penjualan ke Konsumen")): Object: 'Object Repository/admin/Penjualan ke konsumen/a_Penjualan ke Konsumen' is clicked on

2023-10-04 19:46:29 - [MESSAGE][PASSED] - Object: 'Object Repository/admin/Penjualan ke konsumen/a_Penjualan ke Konsumen' is clicked on

2023-10-04 19:46:29 - [TEST_STEP][PASSED] - verifyElementPresent(findTestObject("admin/Tittle Data Transaksi Penjualan  Orderan Konsumen"), 0): Object 'Object Repository/admin/Tittle Data Transaksi Penjualan  Orderan Konsumen' is present

2023-10-04 19:46:30 - [MESSAGE][WARNING] - Timeout '0' is invalid. Using default page load timeout: '30'

2023-10-04 19:46:36 - [MESSAGE][PASSED] - Object 'Object Repository/admin/Tittle Data Transaksi Penjualan  Orderan Konsumen' is present

2023-10-04 19:46:36 - [TEST_STEP][PASSED] - return data: null

2023-10-04 19:46:36 - [MESSAGE][PASSED] - Call Test Case 'Test Cases/T13 Pembelian, Shipment dan Pembayaran/SA-001' successfully

2023-10-04 19:46:36 - [TEST_STEP][PASSED] - inv = data.get("invoice"): null

2023-10-04 19:46:36 - [TEST_STEP][PASSED] - setText(findTestObject("admin/Penjualan ke konsumen/Search"), inv): Text 'TRX60.20231004194524' is set on object 'Object Repository/admin/Penjualan ke konsumen/Search'

2023-10-04 19:46:37 - [MESSAGE][PASSED] - Text 'TRX60.20231004194524' is set on object 'Object Repository/admin/Penjualan ke konsumen/Search'

2023-10-04 19:46:37 - [TEST_STEP][PASSED] - click(findTestObject("admin/Penjualan ke konsumen/buttom konfirmasi pending payment")): Object: 'Object Repository/admin/Penjualan ke konsumen/buttom konfirmasi pending payment' is clicked on

2023-10-04 19:46:38 - [MESSAGE][PASSED] - Object: 'Object Repository/admin/Penjualan ke konsumen/buttom konfirmasi pending payment' is clicked on

2023-10-04 19:46:38 - [TEST_STEP][PASSED] - acceptAlert(STOP_ON_FAILURE): Alert accepted

2023-10-04 19:46:38 - [MESSAGE][PASSED] - Alert accepted

2023-10-04 19:46:38 - [TEST_STEP][PASSED] - setText(findTestObject("admin/Penjualan ke konsumen/Search"), inv): Text 'TRX60.20231004194524' is set on object 'Object Repository/admin/Penjualan ke konsumen/Search'

2023-10-04 19:46:39 - [MESSAGE][PASSED] - Text 'TRX60.20231004194524' is set on object 'Object Repository/admin/Penjualan ke konsumen/Search'

2023-10-04 19:46:39 - [TEST_STEP][PASSED] - verifyTextNotPresent("pending payment", false): Text 'pending payment' is not present on page

2023-10-04 19:46:40 - [MESSAGE][PASSED] - Text 'pending payment' is not present on page

2023-10-04 19:46:40 - [TEST_STEP][PASSED] - return data: null

2023-10-04 19:46:40 - [MESSAGE][PASSED] - Call Test Case 'Test Cases/T13 Pembelian, Shipment dan Pembayaran/SA-002' successfully

2023-10-04 19:46:40 - [TEST_STEP][PASSED] - click(findTestObject("admin/Penjualan ke konsumen/buttom scroldown")): Object: 'Object Repository/admin/Penjualan ke konsumen/buttom scroldown' is clicked on

2023-10-04 19:46:40 - [MESSAGE][PASSED] - Object: 'Object Repository/admin/Penjualan ke konsumen/buttom scroldown' is clicked on

2023-10-04 19:46:40 - [TEST_STEP][PASSED] - click(findTestObject("admin/Penjualan ke konsumen/Selesai")): Object: 'Object Repository/admin/Penjualan ke konsumen/Selesai' is clicked on

2023-10-04 19:46:41 - [MESSAGE][PASSED] - Object: 'Object Repository/admin/Penjualan ke konsumen/Selesai' is clicked on

2023-10-04 19:46:41 - [TEST_STEP][PASSED] - acceptAlert(): Alert accepted

2023-10-04 19:46:41 - [MESSAGE][PASSED] - Alert accepted

2023-10-04 19:46:41 - [TEST_STEP][PASSED] - inv = data.get("invoice"): null

2023-10-04 19:46:41 - [TEST_STEP][PASSED] - setText(findTestObject("admin/Penjualan ke konsumen/Search"), inv): Text 'TRX60.20231004194524' is set on object 'Object Repository/admin/Penjualan ke konsumen/Search'

2023-10-04 19:46:41 - [MESSAGE][PASSED] - Text 'TRX60.20231004194524' is set on object 'Object Repository/admin/Penjualan ke konsumen/Search'

2023-10-04 19:46:41 - [TEST_STEP][PASSED] - delay(10): Delayed 10 second(s)

2023-10-04 19:46:51 - [MESSAGE][PASSED] - Delayed 10 second(s)

2023-10-04 19:46:51 - [TEST_STEP][PASSED] - verifyTextPresent("Selesai", false): Text 'Selesai' is present on page 

2023-10-04 19:46:53 - [MESSAGE][PASSED] - Text 'Selesai' is present on page 

2023-10-04 19:46:53 - [TEST_STEP][PASSED] - selesaiAdmin = getText(findTestObject("admin/Selesai")): Text of object 'Object Repository/admin/Selesai' is: 'Selesai'

2023-10-04 19:46:54 - [MESSAGE][PASSED] - Text of object 'Object Repository/admin/Selesai' is: 'Selesai'

2023-10-04 19:46:54 - [TEST_STEP][PASSED] - data.put("statusSelesai", selesaiAdmin): null

2023-10-04 19:46:54 - [TEST_STEP][PASSED] - return data: null

2023-10-04 19:46:54 - [MESSAGE][PASSED] - Call Test Case 'Test Cases/T13 Pembelian, Shipment dan Pembayaran/SA-005' successfully

2023-10-04 19:46:54 - [TEST_STEP][PASSED] - openBrowser("https://10.9.2.63/ecommerce/"): Browser is opened with url: 'https://10.9.2.63/ecommerce/'

2023-10-04 19:46:54 - [MESSAGE][WARNING] - A browser is already opened. Closing browser and opening a new one

2023-10-04 19:46:56 - [MESSAGE][INFO] - Starting 'Firefox' driver

2023-10-04 19:46:56 - [MESSAGE][INFO] - User set preference: ['args', '[--disable-notifications]']

2023-10-04 19:46:56 - [MESSAGE][INFO] - Action delay is set to 0 milliseconds

2023-10-04 19:47:01 - [MESSAGE][PASSED] - Browser is opened with url: 'https://10.9.2.63/ecommerce/'

2023-10-04 19:47:01 - [TEST_STEP][PASSED] - maximizeWindow(): Current window maximized

2023-10-04 19:47:01 - [MESSAGE][PASSED] - Current window maximized

2023-10-04 19:47:01 - [TEST_STEP][PASSED] - verifyElementPresent(findTestObject("Login/Home"), 0): Object 'Object Repository/Login/Home' is present

2023-10-04 19:47:01 - [MESSAGE][WARNING] - Timeout '0' is invalid. Using default page load timeout: '30'

2023-10-04 19:47:02 - [MESSAGE][PASSED] - Object 'Object Repository/Login/Home' is present

2023-10-04 19:47:02 - [TEST_STEP][PASSED] - click(findTestObject("Login/a_Login")): Object: 'Object Repository/Login/a_Login' is clicked on

2023-10-04 19:47:02 - [MESSAGE][PASSED] - Object: 'Object Repository/Login/a_Login' is clicked on

2023-10-04 19:47:02 - [TEST_STEP][PASSED] - verifyElementPresent(findTestObject("Login/Tittle Login"), 0): Object 'Object Repository/Login/Tittle Login' is present

2023-10-04 19:47:02 - [MESSAGE][WARNING] - Timeout '0' is invalid. Using default page load timeout: '30'

2023-10-04 19:47:03 - [MESSAGE][PASSED] - Object 'Object Repository/Login/Tittle Login' is present

2023-10-04 19:47:03 - [TEST_STEP][PASSED] - setText(findTestObject("Login/input_Username, Email atau No. Handphone_a"), "irfanafandi"): Text 'irfanafandi' is set on object 'Object Repository/Login/input_Username, Email atau No. Handphone_a'

2023-10-04 19:47:03 - [MESSAGE][PASSED] - Text 'irfanafandi' is set on object 'Object Repository/Login/input_Username, Email atau No. Handphone_a'

2023-10-04 19:47:03 - [TEST_STEP][PASSED] - setText(findTestObject("Login/input_Password_b"), "12345irfan"): Text '12345irfan' is set on object 'Object Repository/Login/input_Password_b'

2023-10-04 19:47:04 - [MESSAGE][PASSED] - Text '12345irfan' is set on object 'Object Repository/Login/input_Password_b'

2023-10-04 19:47:04 - [TEST_STEP][PASSED] - click(findTestObject("Login/button_Masuk")): Object: 'Object Repository/Login/button_Masuk' is clicked on

2023-10-04 19:47:05 - [MESSAGE][PASSED] - Object: 'Object Repository/Login/button_Masuk' is clicked on

2023-10-04 19:47:05 - [TEST_STEP][PASSED] - verifyElementPresent(findTestObject("Login/li_Profile"), 0): Object 'Object Repository/Login/li_Profile' is present

2023-10-04 19:47:05 - [MESSAGE][WARNING] - Timeout '0' is invalid. Using default page load timeout: '30'

2023-10-04 19:47:05 - [MESSAGE][PASSED] - Object 'Object Repository/Login/li_Profile' is present

2023-10-04 19:47:05 - [TEST_STEP][PASSED] - click(findTestObject("Konfirmasi pesanan shop/Menu Shop")): Object: 'Object Repository/Konfirmasi pesanan shop/Menu Shop' is clicked on

2023-10-04 19:47:07 - [MESSAGE][PASSED] - Object: 'Object Repository/Konfirmasi pesanan shop/Menu Shop' is clicked on

2023-10-04 19:47:07 - [TEST_STEP][PASSED] - click(findTestObject("Konfirmasi pesanan shop/Menu Shop")): Object: 'Object Repository/Konfirmasi pesanan shop/Menu Shop' is clicked on

2023-10-04 19:47:08 - [MESSAGE][PASSED] - Object: 'Object Repository/Konfirmasi pesanan shop/Menu Shop' is clicked on

2023-10-04 19:47:08 - [TEST_STEP][PASSED] - click(findTestObject("Traking Order/a_Tracking Orders")): Object: 'Object Repository/Traking Order/a_Tracking Orders' is clicked on

2023-10-04 19:47:09 - [MESSAGE][PASSED] - Object: 'Object Repository/Traking Order/a_Tracking Orders' is clicked on

2023-10-04 19:47:09 - [TEST_STEP][PASSED] - verifyElementPresent(findTestObject("Traking Order/Tittle Tracking Order"), 0): Object 'Object Repository/Traking Order/Tittle Tracking Order' is present

2023-10-04 19:47:09 - [MESSAGE][WARNING] - Timeout '0' is invalid. Using default page load timeout: '30'

2023-10-04 19:47:09 - [MESSAGE][PASSED] - Object 'Object Repository/Traking Order/Tittle Tracking Order' is present

2023-10-04 19:47:09 - [TEST_STEP][PASSED] - inv = data.get("invoice"): null

2023-10-04 19:47:09 - [TEST_STEP][PASSED] - setText(findTestObject("Traking Order/input_No Pesanan_a"), inv): Text 'TRX60.20231004194524' is set on object 'Object Repository/Traking Order/input_No Pesanan_a'

2023-10-04 19:47:10 - [MESSAGE][PASSED] - Text 'TRX60.20231004194524' is set on object 'Object Repository/Traking Order/input_No Pesanan_a'

2023-10-04 19:47:10 - [TEST_STEP][PASSED] - setText(findTestObject("Traking Order/input_Alamat E-mail_form-control"), "irfan@gmail.com"): Text 'irfan@gmail.com' is set on object 'Object Repository/Traking Order/input_Alamat E-mail_form-control'

2023-10-04 19:47:11 - [MESSAGE][PASSED] - Text 'irfan@gmail.com' is set on object 'Object Repository/Traking Order/input_Alamat E-mail_form-control'

2023-10-04 19:47:11 - [TEST_STEP][PASSED] - click(findTestObject("Traking Order/button_Lacak Pesanan")): Object: 'Object Repository/Traking Order/button_Lacak Pesanan' is clicked on

2023-10-04 19:47:16 - [MESSAGE][PASSED] - Object: 'Object Repository/Traking Order/button_Lacak Pesanan' is clicked on

2023-10-04 19:47:16 - [TEST_STEP][PASSED] - verifyElementPresent(findTestObject("Traking Order/Tittle nomor transaksi"), 0): Object 'Object Repository/Traking Order/Tittle nomor transaksi' is present

2023-10-04 19:47:16 - [MESSAGE][WARNING] - Timeout '0' is invalid. Using default page load timeout: '30'

2023-10-04 19:47:19 - [MESSAGE][PASSED] - Object 'Object Repository/Traking Order/Tittle nomor transaksi' is present

2023-10-04 19:47:19 - [TEST_STEP][PASSED] - Nama = getText(findTestObject("Object Repository/Traking Order/status traking/Nama Barang tracking order")): Text of object 'Object Repository/Traking Order/status traking/Nama Barang tracking order' is: 'Segitiga Instan Madeira - MDB5.3 Sunset'

2023-10-04 19:47:19 - [MESSAGE][PASSED] - Text of object 'Object Repository/Traking Order/status traking/Nama Barang tracking order' is: 'Segitiga Instan Madeira - MDB5.3 Sunset'

2023-10-04 19:47:19 - [TEST_STEP][PASSED] - Harga = getText(findTestObject("Object Repository/Traking Order/status traking/Harga Barang")): Text of object 'Object Repository/Traking Order/status traking/Harga Barang' is: '1,299'

2023-10-04 19:47:19 - [MESSAGE][PASSED] - Text of object 'Object Repository/Traking Order/status traking/Harga Barang' is: '1,299'

2023-10-04 19:47:19 - [TEST_STEP][PASSED] - name_product = data.get("nama_barang"): null

2023-10-04 19:47:19 - [TEST_STEP][PASSED] - price_product = data.get("price_barang"): null

2023-10-04 19:47:19 - [TEST_STEP][PASSED] - assert name_product.contains(Nama): null

2023-10-04 19:47:19 - [TEST_STEP][PASSED] - assert price_product.contains(Harga): null

2023-10-04 19:47:19 - [TEST_STEP][PASSED] - warnaa = getText(findTestObject("Object Repository/Traking Order/status traking/warna")): Text of object 'Object Repository/Traking Order/status traking/warna' is: 'Merah'

2023-10-04 19:47:20 - [MESSAGE][PASSED] - Text of object 'Object Repository/Traking Order/status traking/warna' is: 'Merah'

2023-10-04 19:47:20 - [TEST_STEP][PASSED] - ukurann = getText(findTestObject("Object Repository/Traking Order/status traking/Ukuruan")): Text of object 'Object Repository/Traking Order/status traking/Ukuruan' is: 'Menengah'

2023-10-04 19:47:20 - [MESSAGE][PASSED] - Text of object 'Object Repository/Traking Order/status traking/Ukuruan' is: 'Menengah'

2023-10-04 19:47:20 - [TEST_STEP][PASSED] - warna1 = data.get("Warna"): null

2023-10-04 19:47:20 - [TEST_STEP][PASSED] - ukuran1 = data.get("Ukuran"): null

2023-10-04 19:47:20 - [TEST_STEP][PASSED] - assert warnaa == warna1: null

2023-10-04 19:47:20 - [TEST_STEP][PASSED] - assert ukurann == ukuran1: null

2023-10-04 19:47:20 - [TEST_STEP][PASSED] - selesai = getText(findTestObject("Object Repository/Traking Order/status traking/status traking selesai")): Text of object 'Object Repository/Traking Order/status traking/status traking selesai' is: 'Selesai'

2023-10-04 19:47:20 - [MESSAGE][PASSED] - Text of object 'Object Repository/Traking Order/status traking/status traking selesai' is: 'Selesai'

2023-10-04 19:47:20 - [TEST_STEP][PASSED] - statusPembayaran = data.get("statusSelesai"): null

2023-10-04 19:47:20 - [TEST_STEP][PASSED] - assert selesai == statusPembayaran: null]]></system-out>
         <system-err><![CDATA[]]></system-err>
      </testcase>
      <testcase name="Test Cases/T13 Pembelian, Shipment dan Pembayaran/SU-005" time="146.768" classname="Test Cases/T13 Pembelian, Shipment dan Pembayaran/SU-005" status="PASSED">
         <system-out><![CDATA[2023-10-04 19:47:20 - [TEST_CASE][PASSED] - Test Cases/T13 Pembelian, Shipment dan Pembayaran/SU-005: Test Cases/T13 Pembelian, Shipment dan Pembayaran/SU-005

2023-10-04 19:47:21 - [TEST_STEP][PASSED] - data = callTestCase(findTestCase("T13 Pembelian, Shipment dan Pembayaran/SA-006"), [:], STOP_ON_FAILURE): Call Test Case 'Test Cases/T13 Pembelian, Shipment dan Pembayaran/SA-006' successfully

2023-10-04 19:47:21 - [TEST_CASE][PASSED] - Test Cases/T13 Pembelian, Shipment dan Pembayaran/SA-006: Test Cases/T13 Pembelian, Shipment dan Pembayaran/SA-006

2023-10-04 19:47:21 - [TEST_STEP][PASSED] - data = callTestCase(findTestCase("T13 Pembelian, Shipment dan Pembayaran/SA-002"), [:], STOP_ON_FAILURE): Call Test Case 'Test Cases/T13 Pembelian, Shipment dan Pembayaran/SA-002' successfully

2023-10-04 19:47:21 - [TEST_CASE][PASSED] - Test Cases/T13 Pembelian, Shipment dan Pembayaran/SA-002: Test Cases/T13 Pembelian, Shipment dan Pembayaran/SA-002

2023-10-04 19:47:21 - [TEST_STEP][PASSED] - data = callTestCase(findTestCase("T13 Pembelian, Shipment dan Pembayaran/SA-001"), [:], STOP_ON_FAILURE): Call Test Case 'Test Cases/T13 Pembelian, Shipment dan Pembayaran/SA-001' successfully

2023-10-04 19:47:21 - [TEST_CASE][PASSED] - Test Cases/T13 Pembelian, Shipment dan Pembayaran/SA-001: Test Cases/T13 Pembelian, Shipment dan Pembayaran/SA-001

2023-10-04 19:47:21 - [TEST_STEP][PASSED] - data = callTestCase(findTestCase("T13 Pembelian, Shipment dan Pembayaran/PBYA-001"), [:], STOP_ON_FAILURE): Call Test Case 'Test Cases/T13 Pembelian, Shipment dan Pembayaran/PBYA-001' successfully

2023-10-04 19:47:21 - [TEST_CASE][PASSED] - Test Cases/T13 Pembelian, Shipment dan Pembayaran/PBYA-001: Test Cases/T13 Pembelian, Shipment dan Pembayaran/PBYA-001

2023-10-04 19:47:21 - [TEST_STEP][PASSED] - data = callTestCase(findTestCase("T13 Pembelian, Shipment dan Pembayaran/PBY-004"), [:], STOP_ON_FAILURE): Call Test Case 'Test Cases/T13 Pembelian, Shipment dan Pembayaran/PBY-004' successfully

2023-10-04 19:47:21 - [TEST_CASE][PASSED] - Test Cases/T13 Pembelian, Shipment dan Pembayaran/PBY-004: Test Cases/T13 Pembelian, Shipment dan Pembayaran/PBY-004

2023-10-04 19:47:21 - [TEST_STEP][PASSED] - data = callTestCase(findTestCase("T13 Pembelian, Shipment dan Pembayaran/PBY-001"), [:], STOP_ON_FAILURE): Call Test Case 'Test Cases/T13 Pembelian, Shipment dan Pembayaran/PBY-001' successfully

2023-10-04 19:47:21 - [TEST_CASE][PASSED] - Test Cases/T13 Pembelian, Shipment dan Pembayaran/PBY-001: Test Cases/T13 Pembelian, Shipment dan Pembayaran/PBY-001

2023-10-04 19:47:21 - [TEST_STEP][PASSED] - data = callTestCase(findTestCase("T13 Pembelian, Shipment dan Pembayaran/PBL-004"), ["Kurir":"Roda 2"], STOP_ON_FAILURE): Call Test Case 'Test Cases/T13 Pembelian, Shipment dan Pembayaran/PBL-004' successfully

2023-10-04 19:47:21 - [TEST_CASE][PASSED] - Test Cases/T13 Pembelian, Shipment dan Pembayaran/PBL-004: Test Cases/T13 Pembelian, Shipment dan Pembayaran/PBL-004

2023-10-04 19:47:21 - [TEST_STEP][PASSED] - data = callTestCase(findTestCase("T13 Pembelian, Shipment dan Pembayaran/PBL-002"), [:], STOP_ON_FAILURE): Call Test Case 'Test Cases/T13 Pembelian, Shipment dan Pembayaran/PBL-002' successfully

2023-10-04 19:47:21 - [TEST_CASE][PASSED] - Test Cases/T13 Pembelian, Shipment dan Pembayaran/PBL-002: Test Cases/T13 Pembelian, Shipment dan Pembayaran/PBL-002

2023-10-04 19:47:21 - [TEST_STEP][PASSED] - data = callTestCase(findTestCase("T13 Pembelian, Shipment dan Pembayaran/PBL-001"), [:], STOP_ON_FAILURE): Call Test Case 'Test Cases/T13 Pembelian, Shipment dan Pembayaran/PBL-001' successfully

2023-10-04 19:47:21 - [TEST_CASE][PASSED] - Test Cases/T13 Pembelian, Shipment dan Pembayaran/PBL-001: Test Cases/T13 Pembelian, Shipment dan Pembayaran/PBL-001

2023-10-04 19:47:21 - [TEST_STEP][PASSED] - callTestCase(findTestCase("T13 Pembelian, Shipment dan Pembayaran/LU-001"), ["username":"irfanafandi", "password":"12345irfan"], STOP_ON_FAILURE): Call Test Case 'Test Cases/T13 Pembelian, Shipment dan Pembayaran/LU-001' successfully

2023-10-04 19:47:21 - [TEST_CASE][PASSED] - Test Cases/T13 Pembelian, Shipment dan Pembayaran/LU-001: Test Cases/T13 Pembelian, Shipment dan Pembayaran/LU-001

2023-10-04 19:47:21 - [TEST_STEP][PASSED] - openBrowser("https://10.9.2.63/ecommerce/"): Browser is opened with url: 'https://10.9.2.63/ecommerce/'

2023-10-04 19:47:21 - [MESSAGE][WARNING] - A browser is already opened. Closing browser and opening a new one

2023-10-04 19:47:22 - [MESSAGE][INFO] - Starting 'Firefox' driver

2023-10-04 19:47:22 - [MESSAGE][INFO] - User set preference: ['args', '[--disable-notifications]']

2023-10-04 19:47:22 - [MESSAGE][INFO] - Action delay is set to 0 milliseconds

2023-10-04 19:47:27 - [MESSAGE][PASSED] - Browser is opened with url: 'https://10.9.2.63/ecommerce/'

2023-10-04 19:47:27 - [TEST_STEP][PASSED] - maximizeWindow(): Current window maximized

2023-10-04 19:47:27 - [MESSAGE][PASSED] - Current window maximized

2023-10-04 19:47:27 - [TEST_STEP][PASSED] - verifyElementPresent(findTestObject("Login/Home"), 0): Object 'Object Repository/Login/Home' is present

2023-10-04 19:47:27 - [MESSAGE][WARNING] - Timeout '0' is invalid. Using default page load timeout: '30'

2023-10-04 19:47:27 - [MESSAGE][PASSED] - Object 'Object Repository/Login/Home' is present

2023-10-04 19:47:27 - [TEST_STEP][PASSED] - click(findTestObject("Login/a_Login")): Object: 'Object Repository/Login/a_Login' is clicked on

2023-10-04 19:47:28 - [MESSAGE][PASSED] - Object: 'Object Repository/Login/a_Login' is clicked on

2023-10-04 19:47:28 - [TEST_STEP][PASSED] - verifyElementPresent(findTestObject("Login/Tittle Login"), 0): Object 'Object Repository/Login/Tittle Login' is present

2023-10-04 19:47:28 - [MESSAGE][WARNING] - Timeout '0' is invalid. Using default page load timeout: '30'

2023-10-04 19:47:28 - [MESSAGE][PASSED] - Object 'Object Repository/Login/Tittle Login' is present

2023-10-04 19:47:28 - [TEST_STEP][PASSED] - setText(findTestObject("Login/input_Username, Email atau No. Handphone_a"), username): Text 'irfanafandi' is set on object 'Object Repository/Login/input_Username, Email atau No. Handphone_a'

2023-10-04 19:47:29 - [MESSAGE][PASSED] - Text 'irfanafandi' is set on object 'Object Repository/Login/input_Username, Email atau No. Handphone_a'

2023-10-04 19:47:29 - [TEST_STEP][PASSED] - setText(findTestObject("Login/input_Password_b"), password): Text '12345irfan' is set on object 'Object Repository/Login/input_Password_b'

2023-10-04 19:47:30 - [MESSAGE][PASSED] - Text '12345irfan' is set on object 'Object Repository/Login/input_Password_b'

2023-10-04 19:47:30 - [TEST_STEP][PASSED] - click(findTestObject("Login/label_Ingat saya")): Object: 'Object Repository/Login/label_Ingat saya' is clicked on

2023-10-04 19:47:30 - [MESSAGE][PASSED] - Object: 'Object Repository/Login/label_Ingat saya' is clicked on

2023-10-04 19:47:30 - [TEST_STEP][PASSED] - click(findTestObject("Login/button_Masuk")): Object: 'Object Repository/Login/button_Masuk' is clicked on

2023-10-04 19:47:31 - [MESSAGE][PASSED] - Object: 'Object Repository/Login/button_Masuk' is clicked on

2023-10-04 19:47:31 - [TEST_STEP][PASSED] - verifyElementPresent(findTestObject("Login/li_Profile"), 0): Object 'Object Repository/Login/li_Profile' is present

2023-10-04 19:47:31 - [MESSAGE][WARNING] - Timeout '0' is invalid. Using default page load timeout: '30'

2023-10-04 19:47:32 - [MESSAGE][PASSED] - Object 'Object Repository/Login/li_Profile' is present

2023-10-04 19:47:32 - [MESSAGE][PASSED] - Call Test Case 'Test Cases/T13 Pembelian, Shipment dan Pembayaran/LU-001' successfully

2023-10-04 19:47:32 - [TEST_STEP][PASSED] - mouseOver(findTestObject("beli barang/i_Mulai Belanja_icon-menu")): Object: 'Object Repository/beli barang/i_Mulai Belanja_icon-menu' is hovered

2023-10-04 19:47:32 - [MESSAGE][PASSED] - Object: 'Object Repository/beli barang/i_Mulai Belanja_icon-menu' is hovered

2023-10-04 19:47:32 - [TEST_STEP][PASSED] - click(findTestObject("beli barang/a_Fashion  Busana Wanita")): Object: 'Object Repository/beli barang/a_Fashion  Busana Wanita' is clicked on

2023-10-04 19:47:33 - [MESSAGE][PASSED] - Object: 'Object Repository/beli barang/a_Fashion  Busana Wanita' is clicked on

2023-10-04 19:47:33 - [TEST_STEP][PASSED] - NamaSebelum = getText(findTestObject("verifikasi/Nama sebelum")): Text of object 'Object Repository/verifikasi/Nama sebelum' is: ''

2023-10-04 19:47:34 - [MESSAGE][PASSED] - Text of object 'Object Repository/verifikasi/Nama sebelum' is: ''

2023-10-04 19:47:34 - [TEST_STEP][PASSED] - HargaSebelum = getText(findTestObject("verifikasi/Harga sebelum")): Text of object 'Object Repository/verifikasi/Harga sebelum' is: 'Rp 1,299'

2023-10-04 19:47:34 - [MESSAGE][PASSED] - Text of object 'Object Repository/verifikasi/Harga sebelum' is: 'Rp 1,299'

2023-10-04 19:47:34 - [TEST_STEP][PASSED] - mouseOver(findTestObject("beli barang/barang mouse over")): Object: 'Object Repository/beli barang/barang mouse over' is hovered

2023-10-04 19:47:35 - [MESSAGE][PASSED] - Object: 'Object Repository/beli barang/barang mouse over' is hovered

2023-10-04 19:47:35 - [TEST_STEP][PASSED] - click(findTestObject("beli barang/buttom add to cart")): Object: 'Object Repository/beli barang/buttom add to cart' is clicked on

2023-10-04 19:47:36 - [MESSAGE][PASSED] - Object: 'Object Repository/beli barang/buttom add to cart' is clicked on

2023-10-04 19:47:36 - [TEST_STEP][PASSED] - NamaSesudah = getText(findTestObject("verifikasi/Nama sesudah")): Text of object 'Object Repository/verifikasi/Nama sesudah' is: 'Segitiga Instan Madeira - MDB5.3 Sunset'

2023-10-04 19:47:37 - [MESSAGE][PASSED] - Text of object 'Object Repository/verifikasi/Nama sesudah' is: 'Segitiga Instan Madeira - MDB5.3 Sunset'

2023-10-04 19:47:37 - [TEST_STEP][PASSED] - HargaSesudah = getText(findTestObject("verifikasi/Harga sesudah")): Text of object 'Object Repository/verifikasi/Harga sesudah' is: 'Rp 1,299'

2023-10-04 19:47:37 - [MESSAGE][PASSED] - Text of object 'Object Repository/verifikasi/Harga sesudah' is: 'Rp 1,299'

2023-10-04 19:47:37 - [TEST_STEP][PASSED] - assert NamaSesudah.contains(NamaSebelum): null

2023-10-04 19:47:37 - [TEST_STEP][PASSED] - assert HargaSesudah.contains(HargaSebelum): null

2023-10-04 19:47:37 - [TEST_STEP][PASSED] - click(findTestObject("beli barang/Tambah Keranjang busana wanita")): Object: 'Object Repository/beli barang/Tambah Keranjang busana wanita' is clicked on

2023-10-04 19:47:38 - [MESSAGE][PASSED] - Object: 'Object Repository/beli barang/Tambah Keranjang busana wanita' is clicked on

2023-10-04 19:47:38 - [TEST_STEP][PASSED] - verifyElementPresent(findTestObject("checkout/Notifikasi keranjang"), 1): Object 'Object Repository/checkout/Notifikasi keranjang' is present

2023-10-04 19:47:38 - [MESSAGE][PASSED] - Object 'Object Repository/checkout/Notifikasi keranjang' is present

2023-10-04 19:47:38 - [TEST_STEP][PASSED] - data = new java.util.HashMap(): null

2023-10-04 19:47:38 - [TEST_STEP][PASSED] - data.put("nama_barang", NamaSesudah): null

2023-10-04 19:47:38 - [TEST_STEP][PASSED] - data.put("price_barang", HargaSesudah): null

2023-10-04 19:47:38 - [TEST_STEP][PASSED] - return data: null

2023-10-04 19:47:38 - [MESSAGE][PASSED] - Call Test Case 'Test Cases/T13 Pembelian, Shipment dan Pembayaran/PBL-001' successfully

2023-10-04 19:47:38 - [TEST_STEP][PASSED] - mouseOver(findTestObject("beli barang/keranjang")): Object: 'Object Repository/beli barang/keranjang' is hovered

2023-10-04 19:47:39 - [MESSAGE][PASSED] - Object: 'Object Repository/beli barang/keranjang' is hovered

2023-10-04 19:47:39 - [TEST_STEP][PASSED] - click(findTestObject("beli barang/Lihat Sekarang")): Object: 'Object Repository/beli barang/Lihat Sekarang' is clicked on

2023-10-04 19:47:40 - [MESSAGE][PASSED] - Object: 'Object Repository/beli barang/Lihat Sekarang' is clicked on

2023-10-04 19:47:40 - [TEST_STEP][PASSED] - verifyElementPresent(findTestObject("keranjang/li_Keranjang Belanja"), 0): Object 'Object Repository/keranjang/li_Keranjang Belanja' is present

2023-10-04 19:47:40 - [MESSAGE][WARNING] - Timeout '0' is invalid. Using default page load timeout: '30'

2023-10-04 19:47:41 - [MESSAGE][PASSED] - Object 'Object Repository/keranjang/li_Keranjang Belanja' is present

2023-10-04 19:47:41 - [TEST_STEP][PASSED] - NamaKeranjang = getText(findTestObject("verifikasi/Nama keranjang")): Text of object 'Object Repository/verifikasi/Nama keranjang' is: 'Segitiga Instan Madeira - MDB5.3 Sunset'

2023-10-04 19:47:41 - [MESSAGE][PASSED] - Text of object 'Object Repository/verifikasi/Nama keranjang' is: 'Segitiga Instan Madeira - MDB5.3 Sunset'

2023-10-04 19:47:41 - [TEST_STEP][PASSED] - HargaKeranjang = getText(findTestObject("verifikasi/Harga Keranjang")): Text of object 'Object Repository/verifikasi/Harga Keranjang' is: 'Rp 1,299'

2023-10-04 19:47:41 - [MESSAGE][PASSED] - Text of object 'Object Repository/verifikasi/Harga Keranjang' is: 'Rp 1,299'

2023-10-04 19:47:41 - [TEST_STEP][PASSED] - if (toString().equalsIgnoreCase("Merah")): Object 'Object Repository/keranjang/input_Warna_variasi101' is checked

2023-10-04 19:47:41 - [TEST_STEP][PASSED] - check(findTestObject("Object Repository/keranjang/input_Warna_variasi101")): Object 'Object Repository/keranjang/input_Warna_variasi101' is checked

2023-10-04 19:47:42 - [MESSAGE][PASSED] - Object 'Object Repository/keranjang/input_Warna_variasi101' is checked

2023-10-04 19:47:42 - [TEST_STEP][PASSED] - if (toString().equalsIgnoreCase("Menengah")): Object 'Object Repository/keranjang/input_Ukuran_variasi201' is checked

2023-10-04 19:47:42 - [TEST_STEP][PASSED] - check(findTestObject("Object Repository/keranjang/input_Ukuran_variasi201")): Object 'Object Repository/keranjang/input_Ukuran_variasi201' is checked

2023-10-04 19:47:43 - [MESSAGE][PASSED] - Object 'Object Repository/keranjang/input_Ukuran_variasi201' is checked

2023-10-04 19:47:43 - [TEST_STEP][PASSED] - data.put("Warna", warna): null

2023-10-04 19:47:43 - [TEST_STEP][PASSED] - data.put("Ukuran", ukuran): null

2023-10-04 19:47:43 - [TEST_STEP][PASSED] - click(findTestObject("keranjang/button_Lanjut ke Pembayaran")): Object: 'Object Repository/keranjang/button_Lanjut ke Pembayaran' is clicked on

2023-10-04 19:47:44 - [MESSAGE][PASSED] - Object: 'Object Repository/keranjang/button_Lanjut ke Pembayaran' is clicked on

2023-10-04 19:47:44 - [TEST_STEP][PASSED] - verifyElementPresent(findTestObject("checkout/Tittle Checkout Order"), 0): Object 'Object Repository/checkout/Tittle Checkout Order' is present

2023-10-04 19:47:44 - [MESSAGE][WARNING] - Timeout '0' is invalid. Using default page load timeout: '30'

2023-10-04 19:47:45 - [MESSAGE][PASSED] - Object 'Object Repository/checkout/Tittle Checkout Order' is present

2023-10-04 19:47:45 - [TEST_STEP][PASSED] - name_product = data.get("nama_barang"): null

2023-10-04 19:47:45 - [TEST_STEP][PASSED] - price_product = data.get("price_barang"): null

2023-10-04 19:47:45 - [TEST_STEP][PASSED] - assert name_product == NamaKeranjang: null

2023-10-04 19:47:45 - [TEST_STEP][PASSED] - assert price_product == HargaKeranjang: null

2023-10-04 19:47:45 - [TEST_STEP][PASSED] - return data: null

2023-10-04 19:47:45 - [MESSAGE][PASSED] - Call Test Case 'Test Cases/T13 Pembelian, Shipment dan Pembayaran/PBL-002' successfully

2023-10-04 19:47:45 - [TEST_STEP][PASSED] - warnaa = getText(findTestObject("verifikasi/warna Merah")): Text of object 'Object Repository/verifikasi/warna Merah' is: 'Merah'

2023-10-04 19:47:45 - [MESSAGE][PASSED] - Text of object 'Object Repository/verifikasi/warna Merah' is: 'Merah'

2023-10-04 19:47:45 - [TEST_STEP][PASSED] - ukurann = getText(findTestObject("verifikasi/Ukuran Menengah")): Text of object 'Object Repository/verifikasi/Ukuran Menengah' is: 'Menengah'

2023-10-04 19:47:45 - [MESSAGE][PASSED] - Text of object 'Object Repository/verifikasi/Ukuran Menengah' is: 'Menengah'

2023-10-04 19:47:45 - [TEST_STEP][PASSED] - warna1 = data.get("Warna"): null

2023-10-04 19:47:45 - [TEST_STEP][PASSED] - ukuran1 = data.get("Ukuran"): null

2023-10-04 19:47:45 - [TEST_STEP][PASSED] - assert warnaa == warna1: null

2023-10-04 19:47:45 - [TEST_STEP][PASSED] - assert ukurann == ukuran1: null

2023-10-04 19:47:45 - [TEST_STEP][PASSED] - NamaCheckout = getText(findTestObject("verifikasi/NamaCheckout")): Text of object 'Object Repository/verifikasi/NamaCheckout' is: ''

2023-10-04 19:47:46 - [MESSAGE][PASSED] - Text of object 'Object Repository/verifikasi/NamaCheckout' is: ''

2023-10-04 19:47:46 - [TEST_STEP][PASSED] - HargaCheckout = getText(findTestObject("verifikasi/HargaCheckout")): Text of object 'Object Repository/verifikasi/HargaCheckout' is: '1,299'

2023-10-04 19:47:46 - [MESSAGE][PASSED] - Text of object 'Object Repository/verifikasi/HargaCheckout' is: '1,299'

2023-10-04 19:47:46 - [TEST_STEP][PASSED] - name_product = data.get("nama_barang"): null

2023-10-04 19:47:46 - [TEST_STEP][PASSED] - price_product = data.get("price_barang"): null

2023-10-04 19:47:46 - [TEST_STEP][PASSED] - assert name_product.contains(NamaCheckout): null

2023-10-04 19:47:46 - [TEST_STEP][PASSED] - assert price_product.contains(HargaCheckout): null

2023-10-04 19:47:46 - [TEST_STEP][PASSED] - selectOptionByLabel(findTestObject("checkout/select - Kirim via Kurir Lokal"), Kurir, false): All options with label 'Roda 2' are selected in object 'Object Repository/checkout/select - Kirim via Kurir Lokal' 

2023-10-04 19:47:47 - [MESSAGE][PASSED] - All options with label 'Roda 2' are selected in object 'Object Repository/checkout/select - Kirim via Kurir Lokal' 

2023-10-04 19:47:47 - [TEST_STEP][PASSED] - click(findTestObject("checkout/Kendaraan Kurir")): Object: 'Object Repository/checkout/Kendaraan Kurir' is clicked on

2023-10-04 19:47:47 - [MESSAGE][PASSED] - Object: 'Object Repository/checkout/Kendaraan Kurir' is clicked on

2023-10-04 19:47:47 - [TEST_STEP][PASSED] - OngkosKirim = getText(findTestObject("Object Repository/verifikasi/Ongkos Kirim checkout")): Text of object 'Object Repository/verifikasi/Ongkos Kirim checkout' is: 'Rp. 5,000'

2023-10-04 19:47:48 - [MESSAGE][PASSED] - Text of object 'Object Repository/verifikasi/Ongkos Kirim checkout' is: 'Rp. 5,000'

2023-10-04 19:47:48 - [TEST_STEP][PASSED] - Ongkos = OngkosKirim.substring(3, OngkosKirim.size()): null

2023-10-04 19:47:48 - [TEST_STEP][PASSED] - rep = Ongkos.replace(",", "."): null

2023-10-04 19:47:48 - [TEST_STEP][PASSED] - Ongkos_kirim = Double.parseDouble(rep): null

2023-10-04 19:47:48 - [TEST_STEP][PASSED] - println(Ongkos_kirim): null

2023-10-04 19:47:48 - [TEST_STEP][PASSED] - FeeAdmin = getText(findTestObject("verifikasi/Fee Admin checkout")): Text of object 'Object Repository/verifikasi/Fee Admin checkout' is: 'Fee Admin
Rp 1,500'

2023-10-04 19:47:48 - [MESSAGE][PASSED] - Text of object 'Object Repository/verifikasi/Fee Admin checkout' is: 'Fee Admin
Rp 1,500'

2023-10-04 19:47:48 - [TEST_STEP][PASSED] - Fee_Admin = FeeAdmin.substring(12, FeeAdmin.size()): null

2023-10-04 19:47:48 - [TEST_STEP][PASSED] - fee = Fee_Admin.replace(",", "."): null

2023-10-04 19:47:48 - [TEST_STEP][PASSED] - fee_admin = Double.parseDouble(fee): null

2023-10-04 19:47:48 - [TEST_STEP][PASSED] - println(fee_admin): null

2023-10-04 19:47:48 - [TEST_STEP][PASSED] - Subtotal = getText(findTestObject("verifikasi/subtotal checkout")): Text of object 'Object Repository/verifikasi/subtotal checkout' is: 'Subtotal
Rp 1,299'

2023-10-04 19:47:48 - [MESSAGE][PASSED] - Text of object 'Object Repository/verifikasi/subtotal checkout' is: 'Subtotal
Rp 1,299'

2023-10-04 19:47:48 - [TEST_STEP][PASSED] - sub_total = Subtotal.substring(12, Subtotal.size()): null

2023-10-04 19:47:48 - [TEST_STEP][PASSED] - sub = sub_total.replace(",", "."): null

2023-10-04 19:47:48 - [TEST_STEP][PASSED] - sub_total = Double.parseDouble(sub): null

2023-10-04 19:47:48 - [TEST_STEP][PASSED] - println(sub_total): null

2023-10-04 19:47:48 - [TEST_STEP][PASSED] - Total = getText(findTestObject("verifikasi/Total checkout")): Text of object 'Object Repository/verifikasi/Total checkout' is: 'Rp 7,799'

2023-10-04 19:47:49 - [MESSAGE][PASSED] - Text of object 'Object Repository/verifikasi/Total checkout' is: 'Rp 7,799'

2023-10-04 19:47:49 - [TEST_STEP][PASSED] - totall = Total.substring(3, Total.size()): null

2023-10-04 19:47:49 - [TEST_STEP][PASSED] - total = totall.replace(",", "."): null

2023-10-04 19:47:49 - [TEST_STEP][PASSED] - totall = Double.parseDouble(total): null

2023-10-04 19:47:49 - [TEST_STEP][PASSED] - println(totall): null

2023-10-04 19:47:49 - [TEST_STEP][PASSED] - Total_Harga = Ongkos_kirim + fee_admin + sub_total: null

2023-10-04 19:47:49 - [TEST_STEP][PASSED] - println(Total_Harga): null

2023-10-04 19:47:49 - [TEST_STEP][PASSED] - TotalHarga = Math.round(Total_Harga * 1000) / 1000: null

2023-10-04 19:47:49 - [TEST_STEP][PASSED] - println(TotalHarga): null

2023-10-04 19:47:49 - [TEST_STEP][PASSED] - assert totall == TotalHarga: null

2023-10-04 19:47:49 - [TEST_STEP][PASSED] - click(findTestObject("verifikasi/Metode Transfer")): Object: 'Object Repository/verifikasi/Metode Transfer' is clicked on

2023-10-04 19:47:50 - [MESSAGE][PASSED] - Object: 'Object Repository/verifikasi/Metode Transfer' is clicked on

2023-10-04 19:47:50 - [TEST_STEP][PASSED] - click(findTestObject("checkout/button_Proses Pembayaran")): Object: 'Object Repository/checkout/button_Proses Pembayaran' is clicked on

2023-10-04 19:47:55 - [MESSAGE][PASSED] - Object: 'Object Repository/checkout/button_Proses Pembayaran' is clicked on

2023-10-04 19:47:55 - [TEST_STEP][PASSED] - verifyElementPresent(findTestObject("pembayaran/Tittle nomor invoice"), 0): Object 'Object Repository/pembayaran/Tittle nomor invoice' is present

2023-10-04 19:47:55 - [MESSAGE][WARNING] - Timeout '0' is invalid. Using default page load timeout: '30'

2023-10-04 19:48:01 - [MESSAGE][PASSED] - Object 'Object Repository/pembayaran/Tittle nomor invoice' is present

2023-10-04 19:48:01 - [TEST_STEP][PASSED] - return data: null

2023-10-04 19:48:01 - [MESSAGE][PASSED] - Call Test Case 'Test Cases/T13 Pembelian, Shipment dan Pembayaran/PBL-004' successfully

2023-10-04 19:48:01 - [TEST_STEP][PASSED] - Invoice = getText(findTestObject("pembayaran/nomor invoice")): Text of object 'Object Repository/pembayaran/nomor invoice' is: 'TRX60.20231004194751'

2023-10-04 19:48:02 - [MESSAGE][PASSED] - Text of object 'Object Repository/pembayaran/nomor invoice' is: 'TRX60.20231004194751'

2023-10-04 19:48:02 - [TEST_STEP][PASSED] - data.put("invoice", Invoice): null

2023-10-04 19:48:02 - [TEST_STEP][PASSED] - NamaPemesan = getText(findTestObject("Konfirmasi pesanan shop/Nama pemesan")): Text of object 'Object Repository/Konfirmasi pesanan shop/Nama pemesan' is: 'irfan.afandi'

2023-10-04 19:48:02 - [MESSAGE][PASSED] - Text of object 'Object Repository/Konfirmasi pesanan shop/Nama pemesan' is: 'irfan.afandi'

2023-10-04 19:48:02 - [TEST_STEP][PASSED] - Nama = getText(findTestObject("pembayaran/Nama barang")): Text of object 'Object Repository/pembayaran/Nama barang' is: 'Segitiga Instan Madeira - MDB5.3 Sunset'

2023-10-04 19:48:03 - [MESSAGE][PASSED] - Text of object 'Object Repository/pembayaran/Nama barang' is: 'Segitiga Instan Madeira - MDB5.3 Sunset'

2023-10-04 19:48:03 - [TEST_STEP][PASSED] - Harga = getText(findTestObject("pembayaran/Harga barang")): Text of object 'Object Repository/pembayaran/Harga barang' is: '1,299'

2023-10-04 19:48:03 - [MESSAGE][PASSED] - Text of object 'Object Repository/pembayaran/Harga barang' is: '1,299'

2023-10-04 19:48:03 - [TEST_STEP][PASSED] - name_product = data.get("nama_barang"): null

2023-10-04 19:48:03 - [TEST_STEP][PASSED] - price_product = data.get("price_barang"): null

2023-10-04 19:48:03 - [TEST_STEP][PASSED] - assert name_product.contains(Nama): null

2023-10-04 19:48:03 - [TEST_STEP][PASSED] - assert price_product.contains(Harga): null

2023-10-04 19:48:03 - [TEST_STEP][PASSED] - warnaa = getText(findTestObject("pembayaran/warna")): Text of object 'Object Repository/pembayaran/warna' is: 'Merah'

2023-10-04 19:48:04 - [MESSAGE][PASSED] - Text of object 'Object Repository/pembayaran/warna' is: 'Merah'

2023-10-04 19:48:04 - [TEST_STEP][PASSED] - ukurann = getText(findTestObject("pembayaran/ukuran")): Text of object 'Object Repository/pembayaran/ukuran' is: 'Menengah'

2023-10-04 19:48:04 - [MESSAGE][PASSED] - Text of object 'Object Repository/pembayaran/ukuran' is: 'Menengah'

2023-10-04 19:48:04 - [TEST_STEP][PASSED] - warna1 = data.get("Warna"): null

2023-10-04 19:48:04 - [TEST_STEP][PASSED] - ukuran1 = data.get("Ukuran"): null

2023-10-04 19:48:04 - [TEST_STEP][PASSED] - assert warnaa == warna1: null

2023-10-04 19:48:04 - [TEST_STEP][PASSED] - assert ukurann == ukuran1: null

2023-10-04 19:48:04 - [TEST_STEP][PASSED] - statusPembelian = getText(findTestObject("verifikasi/Status pending di pembelian")): Text of object 'Object Repository/verifikasi/Status pending di pembelian' is: 'Pending'

2023-10-04 19:48:05 - [MESSAGE][PASSED] - Text of object 'Object Repository/verifikasi/Status pending di pembelian' is: 'Pending'

2023-10-04 19:48:05 - [TEST_STEP][PASSED] - data.put("statusPem", statusPembelian): null

2023-10-04 19:48:05 - [TEST_STEP][PASSED] - OngkosKirim = getText(findTestObject("pembayaran/ongkos kirim")): Text of object 'Object Repository/pembayaran/ongkos kirim' is: 'Rp 5,000'

2023-10-04 19:48:05 - [MESSAGE][PASSED] - Text of object 'Object Repository/pembayaran/ongkos kirim' is: 'Rp 5,000'

2023-10-04 19:48:05 - [TEST_STEP][PASSED] - Ongkos = OngkosKirim.substring(3, OngkosKirim.size()): null

2023-10-04 19:48:05 - [TEST_STEP][PASSED] - rep = Ongkos.replace(",", ""): null

2023-10-04 19:48:05 - [TEST_STEP][PASSED] - Ongkos_kirimm = Integer.parseInt(rep): null

2023-10-04 19:48:05 - [TEST_STEP][PASSED] - println(Ongkos_kirimm): null

2023-10-04 19:48:05 - [TEST_STEP][PASSED] - FeeAdmin = getText(findTestObject("pembayaran/fee admin")): Text of object 'Object Repository/pembayaran/fee admin' is: 'Rp 1,500'

2023-10-04 19:48:06 - [MESSAGE][PASSED] - Text of object 'Object Repository/pembayaran/fee admin' is: 'Rp 1,500'

2023-10-04 19:48:06 - [TEST_STEP][PASSED] - Fee_Admin = FeeAdmin.substring(3, FeeAdmin.size()): null

2023-10-04 19:48:06 - [TEST_STEP][PASSED] - fee = Fee_Admin.replace(",", ""): null

2023-10-04 19:48:06 - [TEST_STEP][PASSED] - fee_adminn = Integer.parseInt(fee): null

2023-10-04 19:48:06 - [TEST_STEP][PASSED] - println(fee_adminn): null

2023-10-04 19:48:06 - [TEST_STEP][PASSED] - Subtotal = getText(findTestObject("pembayaran/subtotal")): Text of object 'Object Repository/pembayaran/subtotal' is: 'Rp 1,299'

2023-10-04 19:48:06 - [MESSAGE][PASSED] - Text of object 'Object Repository/pembayaran/subtotal' is: 'Rp 1,299'

2023-10-04 19:48:06 - [TEST_STEP][PASSED] - sub_total = Subtotal.substring(3, Subtotal.size()): null

2023-10-04 19:48:06 - [TEST_STEP][PASSED] - sub = sub_total.replace(",", ""): null

2023-10-04 19:48:06 - [TEST_STEP][PASSED] - sub_totall = Integer.parseInt(sub): null

2023-10-04 19:48:06 - [TEST_STEP][PASSED] - println(sub_totall): null

2023-10-04 19:48:06 - [TEST_STEP][PASSED] - unik = getText(findTestObject("pembayaran/kode unik")): Text of object 'Object Repository/pembayaran/kode unik' is: '+751'

2023-10-04 19:48:07 - [MESSAGE][PASSED] - Text of object 'Object Repository/pembayaran/kode unik' is: '+751'

2023-10-04 19:48:07 - [TEST_STEP][PASSED] - unikk = unik.replace("+", ""): null

2023-10-04 19:48:07 - [TEST_STEP][PASSED] - kode_unik = Integer.parseInt(unikk): null

2023-10-04 19:48:07 - [TEST_STEP][PASSED] - println(kode_unik): null

2023-10-04 19:48:07 - [TEST_STEP][PASSED] - Total = getText(findTestObject("pembayaran/total")): Text of object 'Object Repository/pembayaran/total' is: '8,550'

2023-10-04 19:48:07 - [MESSAGE][PASSED] - Text of object 'Object Repository/pembayaran/total' is: '8,550'

2023-10-04 19:48:07 - [TEST_STEP][PASSED] - total = Total.replace(",", ""): null

2023-10-04 19:48:07 - [TEST_STEP][PASSED] - totalll = Integer.parseInt(total): null

2023-10-04 19:48:07 - [TEST_STEP][PASSED] - println(totalll): null

2023-10-04 19:48:07 - [TEST_STEP][PASSED] - Total_Hargaa = Ongkos_kirimm + fee_adminn + sub_totall + kode_unik: null

2023-10-04 19:48:07 - [TEST_STEP][PASSED] - println(Total_Hargaa): null

2023-10-04 19:48:07 - [TEST_STEP][PASSED] - assert totalll == Total_Hargaa: null

2023-10-04 19:48:07 - [TEST_STEP][PASSED] - data.put("total", Total): null

2023-10-04 19:48:07 - [TEST_STEP][PASSED] - data.put("nama", NamaPemesan): null

2023-10-04 19:48:07 - [TEST_STEP][PASSED] - return data: null

2023-10-04 19:48:07 - [MESSAGE][PASSED] - Call Test Case 'Test Cases/T13 Pembelian, Shipment dan Pembayaran/PBY-001' successfully

2023-10-04 19:48:07 - [TEST_STEP][PASSED] - inv = data.get("invoice"): null

2023-10-04 19:48:07 - [TEST_STEP][PASSED] - Total = data.get("total"): null

2023-10-04 19:48:07 - [TEST_STEP][PASSED] - NamaPemesan = data.get("nama"): null

2023-10-04 19:48:07 - [TEST_STEP][PASSED] - click(findTestObject("Konfirmasi pesanan shop/Menu Shop")): Object: 'Object Repository/Konfirmasi pesanan shop/Menu Shop' is clicked on

2023-10-04 19:48:08 - [MESSAGE][PASSED] - Object: 'Object Repository/Konfirmasi pesanan shop/Menu Shop' is clicked on

2023-10-04 19:48:08 - [TEST_STEP][PASSED] - click(findTestObject("Konfirmasi pesanan shop/Menu Shop")): Object: 'Object Repository/Konfirmasi pesanan shop/Menu Shop' is clicked on

2023-10-04 19:48:09 - [MESSAGE][PASSED] - Object: 'Object Repository/Konfirmasi pesanan shop/Menu Shop' is clicked on

2023-10-04 19:48:09 - [TEST_STEP][PASSED] - click(findTestObject("Konfirmasi pesanan shop/Konfirmasi Orders")): Object: 'Object Repository/Konfirmasi pesanan shop/Konfirmasi Orders' is clicked on

2023-10-04 19:48:10 - [MESSAGE][PASSED] - Object: 'Object Repository/Konfirmasi pesanan shop/Konfirmasi Orders' is clicked on

2023-10-04 19:48:10 - [TEST_STEP][PASSED] - verifyElementPresent(findTestObject("Konfirmasi pesanan shop/Tittle Konfirmasi Pesanan"), 0): Object 'Object Repository/Konfirmasi pesanan shop/Tittle Konfirmasi Pesanan' is present

2023-10-04 19:48:10 - [MESSAGE][WARNING] - Timeout '0' is invalid. Using default page load timeout: '30'

2023-10-04 19:48:11 - [MESSAGE][PASSED] - Object 'Object Repository/Konfirmasi pesanan shop/Tittle Konfirmasi Pesanan' is present

2023-10-04 19:48:11 - [TEST_STEP][PASSED] - setText(findTestObject("Konfirmasi pesanan shop/input_No Pesanan"), inv): Text 'TRX60.20231004194751' is set on object 'Object Repository/Konfirmasi pesanan shop/input_No Pesanan'

2023-10-04 19:48:12 - [MESSAGE][PASSED] - Text 'TRX60.20231004194751' is set on object 'Object Repository/Konfirmasi pesanan shop/input_No Pesanan'

2023-10-04 19:48:12 - [TEST_STEP][PASSED] - setText(findTestObject("Konfirmasi pesanan shop/input_Alamat E-mai"), "irfan@gmail.com"): Text 'irfan@gmail.com' is set on object 'Object Repository/Konfirmasi pesanan shop/input_Alamat E-mai'

2023-10-04 19:48:12 - [MESSAGE][PASSED] - Text 'irfan@gmail.com' is set on object 'Object Repository/Konfirmasi pesanan shop/input_Alamat E-mai'

2023-10-04 19:48:12 - [TEST_STEP][PASSED] - click(findTestObject("Konfirmasi pesanan shop/button_Submit")): Object: 'Object Repository/Konfirmasi pesanan shop/button_Submit' is clicked on

2023-10-04 19:48:13 - [MESSAGE][PASSED] - Object: 'Object Repository/Konfirmasi pesanan shop/button_Submit' is clicked on

2023-10-04 19:48:13 - [TEST_STEP][PASSED] - verifyElementPresent(findTestObject("Konfirmasi pesanan shop/Tittle nomor invoice"), 0): Object 'Object Repository/Konfirmasi pesanan shop/Tittle nomor invoice' is present

2023-10-04 19:48:13 - [MESSAGE][WARNING] - Timeout '0' is invalid. Using default page load timeout: '30'

2023-10-04 19:48:14 - [MESSAGE][PASSED] - Object 'Object Repository/Konfirmasi pesanan shop/Tittle nomor invoice' is present

2023-10-04 19:48:14 - [TEST_STEP][PASSED] - setText(findTestObject("Konfirmasi pesanan shop/input_Total TagihanTransfer_b"), Total): Text '8,550' is set on object 'Object Repository/Konfirmasi pesanan shop/input_Total TagihanTransfer_b'

2023-10-04 19:48:15 - [MESSAGE][PASSED] - Text '8,550' is set on object 'Object Repository/Konfirmasi pesanan shop/input_Total TagihanTransfer_b'

2023-10-04 19:48:15 - [TEST_STEP][PASSED] - selectOptionByValue(findTestObject("Konfirmasi pesanan shop/select_Bank"), "4", false): All options with value '4' are selected in object 'Object Repository/Konfirmasi pesanan shop/select_Bank' 

2023-10-04 19:48:16 - [MESSAGE][PASSED] - All options with value '4' are selected in object 'Object Repository/Konfirmasi pesanan shop/select_Bank' 

2023-10-04 19:48:16 - [TEST_STEP][PASSED] - setText(findTestObject("Konfirmasi pesanan shop/input_Nama Pengirim_d"), NamaPemesan): Text 'irfan.afandi' is set on object 'Object Repository/Konfirmasi pesanan shop/input_Nama Pengirim_d'

2023-10-04 19:48:16 - [MESSAGE][PASSED] - Text 'irfan.afandi' is set on object 'Object Repository/Konfirmasi pesanan shop/input_Nama Pengirim_d'

2023-10-04 19:48:16 - [TEST_STEP][PASSED] - uploadFile(findTestObject("keranjang/konfirmasi/input_Upload Bukti Transfer_f"), "C:\Users\IRFAN\Downloads\Berkas2.pdf"): File 'C:\Users\IRFAN\Downloads\Berkas2.pdf' sent to object: 'Object Repository/keranjang/konfirmasi/input_Upload Bukti Transfer_f'

2023-10-04 19:48:16 - [MESSAGE][PASSED] - File 'C:\Users\IRFAN\Downloads\Berkas2.pdf' sent to object: 'Object Repository/keranjang/konfirmasi/input_Upload Bukti Transfer_f'

2023-10-04 19:48:16 - [TEST_STEP][PASSED] - click(findTestObject("Konfirmasi pesanan shop/button_Konfirmasi Pembayaran")): Object: 'Object Repository/Konfirmasi pesanan shop/button_Konfirmasi Pembayaran' is clicked on

2023-10-04 19:48:18 - [MESSAGE][PASSED] - Object: 'Object Repository/Konfirmasi pesanan shop/button_Konfirmasi Pembayaran' is clicked on

2023-10-04 19:48:18 - [TEST_STEP][PASSED] - verifyElementPresent(findTestObject("Konfirmasi pesanan shop/Tittle Konfirmasi Pesanan"), 0): Object 'Object Repository/Konfirmasi pesanan shop/Tittle Konfirmasi Pesanan' is present

2023-10-04 19:48:18 - [MESSAGE][WARNING] - Timeout '0' is invalid. Using default page load timeout: '30'

2023-10-04 19:48:18 - [MESSAGE][PASSED] - Object 'Object Repository/Konfirmasi pesanan shop/Tittle Konfirmasi Pesanan' is present

2023-10-04 19:48:18 - [TEST_STEP][PASSED] - verifyElementPresent(findTestObject("Konfirmasi pesanan shop/Tittle massage succes Konfirmasi Pembayaran Pesanan"), 0): Object 'Object Repository/Konfirmasi pesanan shop/Tittle massage succes Konfirmasi Pembayaran Pesanan' is present

2023-10-04 19:48:18 - [MESSAGE][WARNING] - Timeout '0' is invalid. Using default page load timeout: '30'

2023-10-04 19:48:18 - [MESSAGE][PASSED] - Object 'Object Repository/Konfirmasi pesanan shop/Tittle massage succes Konfirmasi Pembayaran Pesanan' is present

2023-10-04 19:48:18 - [TEST_STEP][PASSED] - return data: null

2023-10-04 19:48:19 - [MESSAGE][PASSED] - Call Test Case 'Test Cases/T13 Pembelian, Shipment dan Pembayaran/PBY-004' successfully

2023-10-04 19:48:19 - [TEST_STEP][PASSED] - navigateToUrl("https://10.9.2.63/ecommerce/administrator/"): Navigate to 'https://10.9.2.63/ecommerce/administrator/' successfully

2023-10-04 19:48:19 - [MESSAGE][PASSED] - Navigate to 'https://10.9.2.63/ecommerce/administrator/' successfully

2023-10-04 19:48:19 - [TEST_STEP][PASSED] - verifyElementPresent(findTestObject("admin/Tittle ADMIN Login"), 0): Object 'Object Repository/admin/Tittle ADMIN Login' is present

2023-10-04 19:48:19 - [MESSAGE][WARNING] - Timeout '0' is invalid. Using default page load timeout: '30'

2023-10-04 19:48:20 - [MESSAGE][PASSED] - Object 'Object Repository/admin/Tittle ADMIN Login' is present

2023-10-04 19:48:20 - [TEST_STEP][PASSED] - setText(findTestObject("admin/Username"), "admin"): Text 'admin' is set on object 'Object Repository/admin/Username'

2023-10-04 19:48:20 - [MESSAGE][PASSED] - Text 'admin' is set on object 'Object Repository/admin/Username'

2023-10-04 19:48:20 - [TEST_STEP][PASSED] - setText(findTestObject("admin/Password"), "123admin123"): Text '123admin123' is set on object 'Object Repository/admin/Password'

2023-10-04 19:48:21 - [MESSAGE][PASSED] - Text '123admin123' is set on object 'Object Repository/admin/Password'

2023-10-04 19:48:21 - [TEST_STEP][PASSED] - click(findTestObject("admin/Remember Me")): Object: 'Object Repository/admin/Remember Me' is clicked on

2023-10-04 19:48:21 - [MESSAGE][PASSED] - Object: 'Object Repository/admin/Remember Me' is clicked on

2023-10-04 19:48:21 - [TEST_STEP][PASSED] - delay(10): Delayed 10 second(s)

2023-10-04 19:48:31 - [MESSAGE][PASSED] - Delayed 10 second(s)

2023-10-04 19:48:31 - [TEST_STEP][PASSED] - click(findTestObject("admin/buttom submit")): Object: 'Object Repository/admin/buttom submit' is clicked on

2023-10-04 19:48:32 - [MESSAGE][PASSED] - Object: 'Object Repository/admin/buttom submit' is clicked on

2023-10-04 19:48:32 - [TEST_STEP][PASSED] - verifyElementPresent(findTestObject("admin/Konf order konsumen/Tittle Dashboard"), 0): Object 'Object Repository/admin/Konf order konsumen/Tittle Dashboard' is present

2023-10-04 19:48:33 - [MESSAGE][WARNING] - Timeout '0' is invalid. Using default page load timeout: '30'

2023-10-04 19:48:37 - [MESSAGE][PASSED] - Object 'Object Repository/admin/Konf order konsumen/Tittle Dashboard' is present

2023-10-04 19:48:37 - [TEST_STEP][PASSED] - click(findTestObject("admin/Konf order konsumen/Menu Transaksi Market")): Object: 'Object Repository/admin/Konf order konsumen/Menu Transaksi Market' is clicked on

2023-10-04 19:48:37 - [MESSAGE][PASSED] - Object: 'Object Repository/admin/Konf order konsumen/Menu Transaksi Market' is clicked on

2023-10-04 19:48:37 - [TEST_STEP][PASSED] - click(findTestObject("admin/Konf order konsumen/Menu Konf. Order Konsumen")): Object: 'Object Repository/admin/Konf order konsumen/Menu Konf. Order Konsumen' is clicked on

2023-10-04 19:48:38 - [MESSAGE][PASSED] - Object: 'Object Repository/admin/Konf order konsumen/Menu Konf. Order Konsumen' is clicked on

2023-10-04 19:48:38 - [TEST_STEP][PASSED] - verifyElementPresent(findTestObject("admin/Konf order konsumen/Tittle Data Konfirmasi Pembayaran Konsumen"), 0): Object 'Object Repository/admin/Konf order konsumen/Tittle Data Konfirmasi Pembayaran Konsumen' is present

2023-10-04 19:48:38 - [MESSAGE][WARNING] - Timeout '0' is invalid. Using default page load timeout: '30'

2023-10-04 19:48:45 - [MESSAGE][PASSED] - Object 'Object Repository/admin/Konf order konsumen/Tittle Data Konfirmasi Pembayaran Konsumen' is present

2023-10-04 19:48:45 - [TEST_STEP][PASSED] - inv = data.get("invoice"): null

2023-10-04 19:48:45 - [TEST_STEP][PASSED] - setText(findTestObject("admin/Konf order konsumen/Search"), inv): Text 'TRX60.20231004194751' is set on object 'Object Repository/admin/Konf order konsumen/Search'

2023-10-04 19:48:46 - [MESSAGE][PASSED] - Text 'TRX60.20231004194751' is set on object 'Object Repository/admin/Konf order konsumen/Search'

2023-10-04 19:48:46 - [TEST_STEP][PASSED] - verifyElementText(findTestObject("admin/Konf order konsumen/Keterangan Lunas"), "Lunas"): Actual text and expected text of test object 'Object Repository/admin/Konf order konsumen/Keterangan Lunas' are matched.

2023-10-04 19:48:47 - [MESSAGE][PASSED] - Actual text and expected text of test object 'Object Repository/admin/Konf order konsumen/Keterangan Lunas' are matched.

2023-10-04 19:48:47 - [TEST_STEP][PASSED] - return data: null

2023-10-04 19:48:47 - [MESSAGE][PASSED] - Call Test Case 'Test Cases/T13 Pembelian, Shipment dan Pembayaran/PBYA-001' successfully

2023-10-04 19:48:47 - [TEST_STEP][PASSED] - click(findTestObject("admin/Penjualan ke konsumen/buttom Dashboard")): Object: 'Object Repository/admin/Penjualan ke konsumen/buttom Dashboard' is clicked on

2023-10-04 19:48:48 - [MESSAGE][PASSED] - Object: 'Object Repository/admin/Penjualan ke konsumen/buttom Dashboard' is clicked on

2023-10-04 19:48:48 - [TEST_STEP][PASSED] - click(findTestObject("admin/Konf order konsumen/Menu Transaksi Market")): Object: 'Object Repository/admin/Konf order konsumen/Menu Transaksi Market' is clicked on

2023-10-04 19:48:54 - [MESSAGE][PASSED] - Object: 'Object Repository/admin/Konf order konsumen/Menu Transaksi Market' is clicked on

2023-10-04 19:48:54 - [TEST_STEP][PASSED] - click(findTestObject("admin/Penjualan ke konsumen/a_Penjualan ke Konsumen")): Object: 'Object Repository/admin/Penjualan ke konsumen/a_Penjualan ke Konsumen' is clicked on

2023-10-04 19:48:55 - [MESSAGE][PASSED] - Object: 'Object Repository/admin/Penjualan ke konsumen/a_Penjualan ke Konsumen' is clicked on

2023-10-04 19:48:55 - [TEST_STEP][PASSED] - verifyElementPresent(findTestObject("admin/Tittle Data Transaksi Penjualan  Orderan Konsumen"), 0): Object 'Object Repository/admin/Tittle Data Transaksi Penjualan  Orderan Konsumen' is present

2023-10-04 19:48:55 - [MESSAGE][WARNING] - Timeout '0' is invalid. Using default page load timeout: '30'

2023-10-04 19:49:01 - [MESSAGE][PASSED] - Object 'Object Repository/admin/Tittle Data Transaksi Penjualan  Orderan Konsumen' is present

2023-10-04 19:49:01 - [TEST_STEP][PASSED] - return data: null

2023-10-04 19:49:01 - [MESSAGE][PASSED] - Call Test Case 'Test Cases/T13 Pembelian, Shipment dan Pembayaran/SA-001' successfully

2023-10-04 19:49:01 - [TEST_STEP][PASSED] - inv = data.get("invoice"): null

2023-10-04 19:49:01 - [TEST_STEP][PASSED] - setText(findTestObject("admin/Penjualan ke konsumen/Search"), inv): Text 'TRX60.20231004194751' is set on object 'Object Repository/admin/Penjualan ke konsumen/Search'

2023-10-04 19:49:02 - [MESSAGE][PASSED] - Text 'TRX60.20231004194751' is set on object 'Object Repository/admin/Penjualan ke konsumen/Search'

2023-10-04 19:49:02 - [TEST_STEP][PASSED] - click(findTestObject("admin/Penjualan ke konsumen/buttom konfirmasi pending payment")): Object: 'Object Repository/admin/Penjualan ke konsumen/buttom konfirmasi pending payment' is clicked on

2023-10-04 19:49:03 - [MESSAGE][PASSED] - Object: 'Object Repository/admin/Penjualan ke konsumen/buttom konfirmasi pending payment' is clicked on

2023-10-04 19:49:03 - [TEST_STEP][PASSED] - acceptAlert(STOP_ON_FAILURE): Alert accepted

2023-10-04 19:49:03 - [MESSAGE][PASSED] - Alert accepted

2023-10-04 19:49:03 - [TEST_STEP][PASSED] - setText(findTestObject("admin/Penjualan ke konsumen/Search"), inv): Text 'TRX60.20231004194751' is set on object 'Object Repository/admin/Penjualan ke konsumen/Search'

2023-10-04 19:49:04 - [MESSAGE][PASSED] - Text 'TRX60.20231004194751' is set on object 'Object Repository/admin/Penjualan ke konsumen/Search'

2023-10-04 19:49:04 - [TEST_STEP][PASSED] - verifyTextNotPresent("pending payment", false): Text 'pending payment' is not present on page

2023-10-04 19:49:05 - [MESSAGE][PASSED] - Text 'pending payment' is not present on page

2023-10-04 19:49:05 - [TEST_STEP][PASSED] - return data: null

2023-10-04 19:49:05 - [MESSAGE][PASSED] - Call Test Case 'Test Cases/T13 Pembelian, Shipment dan Pembayaran/SA-002' successfully

2023-10-04 19:49:05 - [TEST_STEP][PASSED] - click(findTestObject("admin/Penjualan ke konsumen/buttom scroldown")): Object: 'Object Repository/admin/Penjualan ke konsumen/buttom scroldown' is clicked on

2023-10-04 19:49:05 - [MESSAGE][PASSED] - Object: 'Object Repository/admin/Penjualan ke konsumen/buttom scroldown' is clicked on

2023-10-04 19:49:05 - [TEST_STEP][PASSED] - click(findTestObject("shipment/a_Pending")): Object: 'Object Repository/shipment/a_Pending' is clicked on

2023-10-04 19:49:06 - [MESSAGE][PASSED] - Object: 'Object Repository/shipment/a_Pending' is clicked on

2023-10-04 19:49:06 - [TEST_STEP][PASSED] - acceptAlert(): Alert accepted

2023-10-04 19:49:06 - [MESSAGE][PASSED] - Alert accepted

2023-10-04 19:49:06 - [TEST_STEP][PASSED] - inv = data.get("invoice"): null

2023-10-04 19:49:06 - [TEST_STEP][PASSED] - setText(findTestObject("admin/Penjualan ke konsumen/Search"), inv): Text 'TRX60.20231004194751' is set on object 'Object Repository/admin/Penjualan ke konsumen/Search'

2023-10-04 19:49:07 - [MESSAGE][PASSED] - Text 'TRX60.20231004194751' is set on object 'Object Repository/admin/Penjualan ke konsumen/Search'

2023-10-04 19:49:07 - [TEST_STEP][PASSED] - delay(10): Delayed 10 second(s)

2023-10-04 19:49:17 - [MESSAGE][PASSED] - Delayed 10 second(s)

2023-10-04 19:49:17 - [TEST_STEP][PASSED] - verifyTextPresent("Pending", false): Text 'Pending' is present on page 

2023-10-04 19:49:23 - [MESSAGE][PASSED] - Text 'Pending' is present on page 

2023-10-04 19:49:23 - [TEST_STEP][PASSED] - pending = getText(findTestObject("shipment/Pending")): Text of object 'Object Repository/shipment/Pending' is: 'Pending'

2023-10-04 19:49:23 - [MESSAGE][PASSED] - Text of object 'Object Repository/shipment/Pending' is: 'Pending'

2023-10-04 19:49:23 - [TEST_STEP][PASSED] - data.put("statusPending", pending): null

2023-10-04 19:49:23 - [TEST_STEP][PASSED] - return data: null

2023-10-04 19:49:23 - [MESSAGE][PASSED] - Call Test Case 'Test Cases/T13 Pembelian, Shipment dan Pembayaran/SA-006' successfully

2023-10-04 19:49:23 - [TEST_STEP][PASSED] - openBrowser("https://10.9.2.63/ecommerce/"): Browser is opened with url: 'https://10.9.2.63/ecommerce/'

2023-10-04 19:49:23 - [MESSAGE][WARNING] - A browser is already opened. Closing browser and opening a new one

2023-10-04 19:49:25 - [MESSAGE][INFO] - Starting 'Firefox' driver

2023-10-04 19:49:25 - [MESSAGE][INFO] - User set preference: ['args', '[--disable-notifications]']

2023-10-04 19:49:25 - [MESSAGE][INFO] - Action delay is set to 0 milliseconds

2023-10-04 19:49:30 - [MESSAGE][PASSED] - Browser is opened with url: 'https://10.9.2.63/ecommerce/'

2023-10-04 19:49:30 - [TEST_STEP][PASSED] - maximizeWindow(): Current window maximized

2023-10-04 19:49:30 - [MESSAGE][PASSED] - Current window maximized

2023-10-04 19:49:30 - [TEST_STEP][PASSED] - verifyElementPresent(findTestObject("Login/Home"), 0): Object 'Object Repository/Login/Home' is present

2023-10-04 19:49:30 - [MESSAGE][WARNING] - Timeout '0' is invalid. Using default page load timeout: '30'

2023-10-04 19:49:31 - [MESSAGE][PASSED] - Object 'Object Repository/Login/Home' is present

2023-10-04 19:49:31 - [TEST_STEP][PASSED] - click(findTestObject("Login/a_Login")): Object: 'Object Repository/Login/a_Login' is clicked on

2023-10-04 19:49:31 - [MESSAGE][PASSED] - Object: 'Object Repository/Login/a_Login' is clicked on

2023-10-04 19:49:31 - [TEST_STEP][PASSED] - verifyElementPresent(findTestObject("Login/Tittle Login"), 0): Object 'Object Repository/Login/Tittle Login' is present

2023-10-04 19:49:31 - [MESSAGE][WARNING] - Timeout '0' is invalid. Using default page load timeout: '30'

2023-10-04 19:49:32 - [MESSAGE][PASSED] - Object 'Object Repository/Login/Tittle Login' is present

2023-10-04 19:49:32 - [TEST_STEP][PASSED] - setText(findTestObject("Login/input_Username, Email atau No. Handphone_a"), "irfanafandi"): Text 'irfanafandi' is set on object 'Object Repository/Login/input_Username, Email atau No. Handphone_a'

2023-10-04 19:49:32 - [MESSAGE][PASSED] - Text 'irfanafandi' is set on object 'Object Repository/Login/input_Username, Email atau No. Handphone_a'

2023-10-04 19:49:32 - [TEST_STEP][PASSED] - setText(findTestObject("Login/input_Password_b"), "12345irfan"): Text '12345irfan' is set on object 'Object Repository/Login/input_Password_b'

2023-10-04 19:49:33 - [MESSAGE][PASSED] - Text '12345irfan' is set on object 'Object Repository/Login/input_Password_b'

2023-10-04 19:49:33 - [TEST_STEP][PASSED] - click(findTestObject("Login/button_Masuk")): Object: 'Object Repository/Login/button_Masuk' is clicked on

2023-10-04 19:49:34 - [MESSAGE][PASSED] - Object: 'Object Repository/Login/button_Masuk' is clicked on

2023-10-04 19:49:34 - [TEST_STEP][PASSED] - verifyElementPresent(findTestObject("Login/li_Profile"), 0): Object 'Object Repository/Login/li_Profile' is present

2023-10-04 19:49:34 - [MESSAGE][WARNING] - Timeout '0' is invalid. Using default page load timeout: '30'

2023-10-04 19:49:35 - [MESSAGE][PASSED] - Object 'Object Repository/Login/li_Profile' is present

2023-10-04 19:49:35 - [TEST_STEP][PASSED] - click(findTestObject("Konfirmasi pesanan shop/Menu Shop")): Object: 'Object Repository/Konfirmasi pesanan shop/Menu Shop' is clicked on

2023-10-04 19:49:36 - [MESSAGE][PASSED] - Object: 'Object Repository/Konfirmasi pesanan shop/Menu Shop' is clicked on

2023-10-04 19:49:36 - [TEST_STEP][PASSED] - click(findTestObject("Konfirmasi pesanan shop/Menu Shop")): Object: 'Object Repository/Konfirmasi pesanan shop/Menu Shop' is clicked on

2023-10-04 19:49:37 - [MESSAGE][PASSED] - Object: 'Object Repository/Konfirmasi pesanan shop/Menu Shop' is clicked on

2023-10-04 19:49:37 - [TEST_STEP][PASSED] - click(findTestObject("Traking Order/a_Tracking Orders")): Object: 'Object Repository/Traking Order/a_Tracking Orders' is clicked on

2023-10-04 19:49:38 - [MESSAGE][PASSED] - Object: 'Object Repository/Traking Order/a_Tracking Orders' is clicked on

2023-10-04 19:49:38 - [TEST_STEP][PASSED] - verifyElementPresent(findTestObject("Traking Order/Tittle Tracking Order"), 0): Object 'Object Repository/Traking Order/Tittle Tracking Order' is present

2023-10-04 19:49:38 - [MESSAGE][WARNING] - Timeout '0' is invalid. Using default page load timeout: '30'

2023-10-04 19:49:39 - [MESSAGE][PASSED] - Object 'Object Repository/Traking Order/Tittle Tracking Order' is present

2023-10-04 19:49:39 - [TEST_STEP][PASSED] - inv = data.get("invoice"): null

2023-10-04 19:49:39 - [TEST_STEP][PASSED] - setText(findTestObject("Traking Order/input_No Pesanan_a"), inv): Text 'TRX60.20231004194751' is set on object 'Object Repository/Traking Order/input_No Pesanan_a'

2023-10-04 19:49:40 - [MESSAGE][PASSED] - Text 'TRX60.20231004194751' is set on object 'Object Repository/Traking Order/input_No Pesanan_a'

2023-10-04 19:49:40 - [TEST_STEP][PASSED] - setText(findTestObject("Traking Order/input_Alamat E-mail_form-control"), "irfan@gmail.com"): Text 'irfan@gmail.com' is set on object 'Object Repository/Traking Order/input_Alamat E-mail_form-control'

2023-10-04 19:49:40 - [MESSAGE][PASSED] - Text 'irfan@gmail.com' is set on object 'Object Repository/Traking Order/input_Alamat E-mail_form-control'

2023-10-04 19:49:40 - [TEST_STEP][PASSED] - click(findTestObject("Traking Order/button_Lacak Pesanan")): Object: 'Object Repository/Traking Order/button_Lacak Pesanan' is clicked on

2023-10-04 19:49:45 - [MESSAGE][PASSED] - Object: 'Object Repository/Traking Order/button_Lacak Pesanan' is clicked on

2023-10-04 19:49:45 - [TEST_STEP][PASSED] - verifyElementPresent(findTestObject("Traking Order/Tittle nomor transaksi"), 0): Object 'Object Repository/Traking Order/Tittle nomor transaksi' is present

2023-10-04 19:49:45 - [MESSAGE][WARNING] - Timeout '0' is invalid. Using default page load timeout: '30'

2023-10-04 19:49:45 - [MESSAGE][PASSED] - Object 'Object Repository/Traking Order/Tittle nomor transaksi' is present

2023-10-04 19:49:45 - [TEST_STEP][PASSED] - Nama = getText(findTestObject("Object Repository/Traking Order/status traking/Nama Barang tracking order")): Text of object 'Object Repository/Traking Order/status traking/Nama Barang tracking order' is: 'Segitiga Instan Madeira - MDB5.3 Sunset'

2023-10-04 19:49:46 - [MESSAGE][PASSED] - Text of object 'Object Repository/Traking Order/status traking/Nama Barang tracking order' is: 'Segitiga Instan Madeira - MDB5.3 Sunset'

2023-10-04 19:49:46 - [TEST_STEP][PASSED] - Harga = getText(findTestObject("Object Repository/Traking Order/status traking/Harga Barang")): Text of object 'Object Repository/Traking Order/status traking/Harga Barang' is: '1,299'

2023-10-04 19:49:46 - [MESSAGE][PASSED] - Text of object 'Object Repository/Traking Order/status traking/Harga Barang' is: '1,299'

2023-10-04 19:49:46 - [TEST_STEP][PASSED] - name_product = data.get("nama_barang"): null

2023-10-04 19:49:46 - [TEST_STEP][PASSED] - price_product = data.get("price_barang"): null

2023-10-04 19:49:46 - [TEST_STEP][PASSED] - assert name_product.contains(Nama): null

2023-10-04 19:49:46 - [TEST_STEP][PASSED] - assert price_product.contains(Harga): null

2023-10-04 19:49:46 - [TEST_STEP][PASSED] - warnaa = getText(findTestObject("Object Repository/Traking Order/status traking/warna")): Text of object 'Object Repository/Traking Order/status traking/warna' is: 'Merah'

2023-10-04 19:49:46 - [MESSAGE][PASSED] - Text of object 'Object Repository/Traking Order/status traking/warna' is: 'Merah'

2023-10-04 19:49:46 - [TEST_STEP][PASSED] - ukurann = getText(findTestObject("Object Repository/Traking Order/status traking/Ukuruan")): Text of object 'Object Repository/Traking Order/status traking/Ukuruan' is: 'Menengah'

2023-10-04 19:49:47 - [MESSAGE][PASSED] - Text of object 'Object Repository/Traking Order/status traking/Ukuruan' is: 'Menengah'

2023-10-04 19:49:47 - [TEST_STEP][PASSED] - warna1 = data.get("Warna"): null

2023-10-04 19:49:47 - [TEST_STEP][PASSED] - ukuran1 = data.get("Ukuran"): null

2023-10-04 19:49:47 - [TEST_STEP][PASSED] - assert warnaa == warna1: null

2023-10-04 19:49:47 - [TEST_STEP][PASSED] - assert ukurann == ukuran1: null

2023-10-04 19:49:47 - [TEST_STEP][PASSED] - Pending = getText(findTestObject("Beli tanpa akun/Pending")): Text of object 'Object Repository/Beli tanpa akun/Pending' is: 'Pending'

2023-10-04 19:49:47 - [MESSAGE][PASSED] - Text of object 'Object Repository/Beli tanpa akun/Pending' is: 'Pending'

2023-10-04 19:49:47 - [TEST_STEP][PASSED] - statusPembayaran = data.get("statusPending"): null

2023-10-04 19:49:47 - [TEST_STEP][PASSED] - assert Pending == statusPembayaran: null]]></system-out>
         <system-err><![CDATA[]]></system-err>
      </testcase>
      <testcase name="Test Cases/T13 Pembelian, Shipment dan Pembayaran/SU-006" time="136.384" classname="Test Cases/T13 Pembelian, Shipment dan Pembayaran/SU-006" status="PASSED">
         <system-out><![CDATA[2023-10-04 19:49:47 - [TEST_CASE][PASSED] - Test Cases/T13 Pembelian, Shipment dan Pembayaran/SU-006: Test Cases/T13 Pembelian, Shipment dan Pembayaran/SU-006

2023-10-04 19:49:47 - [TEST_STEP][PASSED] - data = callTestCase(findTestCase("T13 Pembelian, Shipment dan Pembayaran/SA-005"), [:], STOP_ON_FAILURE): Call Test Case 'Test Cases/T13 Pembelian, Shipment dan Pembayaran/SA-005' successfully

2023-10-04 19:49:47 - [TEST_CASE][PASSED] - Test Cases/T13 Pembelian, Shipment dan Pembayaran/SA-005: Test Cases/T13 Pembelian, Shipment dan Pembayaran/SA-005

2023-10-04 19:49:47 - [TEST_STEP][PASSED] - data = callTestCase(findTestCase("T13 Pembelian, Shipment dan Pembayaran/SA-002"), [:], STOP_ON_FAILURE): Call Test Case 'Test Cases/T13 Pembelian, Shipment dan Pembayaran/SA-002' successfully

2023-10-04 19:49:47 - [TEST_CASE][PASSED] - Test Cases/T13 Pembelian, Shipment dan Pembayaran/SA-002: Test Cases/T13 Pembelian, Shipment dan Pembayaran/SA-002

2023-10-04 19:49:47 - [TEST_STEP][PASSED] - data = callTestCase(findTestCase("T13 Pembelian, Shipment dan Pembayaran/SA-001"), [:], STOP_ON_FAILURE): Call Test Case 'Test Cases/T13 Pembelian, Shipment dan Pembayaran/SA-001' successfully

2023-10-04 19:49:47 - [TEST_CASE][PASSED] - Test Cases/T13 Pembelian, Shipment dan Pembayaran/SA-001: Test Cases/T13 Pembelian, Shipment dan Pembayaran/SA-001

2023-10-04 19:49:47 - [TEST_STEP][PASSED] - data = callTestCase(findTestCase("T13 Pembelian, Shipment dan Pembayaran/PBYA-001"), [:], STOP_ON_FAILURE): Call Test Case 'Test Cases/T13 Pembelian, Shipment dan Pembayaran/PBYA-001' successfully

2023-10-04 19:49:48 - [TEST_CASE][PASSED] - Test Cases/T13 Pembelian, Shipment dan Pembayaran/PBYA-001: Test Cases/T13 Pembelian, Shipment dan Pembayaran/PBYA-001

2023-10-04 19:49:48 - [TEST_STEP][PASSED] - data = callTestCase(findTestCase("T13 Pembelian, Shipment dan Pembayaran/PBY-004"), [:], STOP_ON_FAILURE): Call Test Case 'Test Cases/T13 Pembelian, Shipment dan Pembayaran/PBY-004' successfully

2023-10-04 19:49:48 - [TEST_CASE][PASSED] - Test Cases/T13 Pembelian, Shipment dan Pembayaran/PBY-004: Test Cases/T13 Pembelian, Shipment dan Pembayaran/PBY-004

2023-10-04 19:49:48 - [TEST_STEP][PASSED] - data = callTestCase(findTestCase("T13 Pembelian, Shipment dan Pembayaran/PBY-001"), [:], STOP_ON_FAILURE): Call Test Case 'Test Cases/T13 Pembelian, Shipment dan Pembayaran/PBY-001' successfully

2023-10-04 19:49:48 - [TEST_CASE][PASSED] - Test Cases/T13 Pembelian, Shipment dan Pembayaran/PBY-001: Test Cases/T13 Pembelian, Shipment dan Pembayaran/PBY-001

2023-10-04 19:49:48 - [TEST_STEP][PASSED] - data = callTestCase(findTestCase("T13 Pembelian, Shipment dan Pembayaran/PBL-004"), ["Kurir":"Roda 2"], STOP_ON_FAILURE): Call Test Case 'Test Cases/T13 Pembelian, Shipment dan Pembayaran/PBL-004' successfully

2023-10-04 19:49:48 - [TEST_CASE][PASSED] - Test Cases/T13 Pembelian, Shipment dan Pembayaran/PBL-004: Test Cases/T13 Pembelian, Shipment dan Pembayaran/PBL-004

2023-10-04 19:49:48 - [TEST_STEP][PASSED] - data = callTestCase(findTestCase("T13 Pembelian, Shipment dan Pembayaran/PBL-002"), [:], STOP_ON_FAILURE): Call Test Case 'Test Cases/T13 Pembelian, Shipment dan Pembayaran/PBL-002' successfully

2023-10-04 19:49:48 - [TEST_CASE][PASSED] - Test Cases/T13 Pembelian, Shipment dan Pembayaran/PBL-002: Test Cases/T13 Pembelian, Shipment dan Pembayaran/PBL-002

2023-10-04 19:49:48 - [TEST_STEP][PASSED] - data = callTestCase(findTestCase("T13 Pembelian, Shipment dan Pembayaran/PBL-001"), [:], STOP_ON_FAILURE): Call Test Case 'Test Cases/T13 Pembelian, Shipment dan Pembayaran/PBL-001' successfully

2023-10-04 19:49:48 - [TEST_CASE][PASSED] - Test Cases/T13 Pembelian, Shipment dan Pembayaran/PBL-001: Test Cases/T13 Pembelian, Shipment dan Pembayaran/PBL-001

2023-10-04 19:49:48 - [TEST_STEP][PASSED] - callTestCase(findTestCase("T13 Pembelian, Shipment dan Pembayaran/LU-001"), ["username":"irfanafandi", "password":"12345irfan"], STOP_ON_FAILURE): Call Test Case 'Test Cases/T13 Pembelian, Shipment dan Pembayaran/LU-001' successfully

2023-10-04 19:49:48 - [TEST_CASE][PASSED] - Test Cases/T13 Pembelian, Shipment dan Pembayaran/LU-001: Test Cases/T13 Pembelian, Shipment dan Pembayaran/LU-001

2023-10-04 19:49:48 - [TEST_STEP][PASSED] - openBrowser("https://10.9.2.63/ecommerce/"): Browser is opened with url: 'https://10.9.2.63/ecommerce/'

2023-10-04 19:49:48 - [MESSAGE][WARNING] - A browser is already opened. Closing browser and opening a new one

2023-10-04 19:49:49 - [MESSAGE][INFO] - Starting 'Firefox' driver

2023-10-04 19:49:49 - [MESSAGE][INFO] - User set preference: ['args', '[--disable-notifications]']

2023-10-04 19:49:49 - [MESSAGE][INFO] - Action delay is set to 0 milliseconds

2023-10-04 19:49:54 - [MESSAGE][PASSED] - Browser is opened with url: 'https://10.9.2.63/ecommerce/'

2023-10-04 19:49:54 - [TEST_STEP][PASSED] - maximizeWindow(): Current window maximized

2023-10-04 19:49:54 - [MESSAGE][PASSED] - Current window maximized

2023-10-04 19:49:54 - [TEST_STEP][PASSED] - verifyElementPresent(findTestObject("Login/Home"), 0): Object 'Object Repository/Login/Home' is present

2023-10-04 19:49:54 - [MESSAGE][WARNING] - Timeout '0' is invalid. Using default page load timeout: '30'

2023-10-04 19:49:54 - [MESSAGE][PASSED] - Object 'Object Repository/Login/Home' is present

2023-10-04 19:49:54 - [TEST_STEP][PASSED] - click(findTestObject("Login/a_Login")): Object: 'Object Repository/Login/a_Login' is clicked on

2023-10-04 19:49:55 - [MESSAGE][PASSED] - Object: 'Object Repository/Login/a_Login' is clicked on

2023-10-04 19:49:55 - [TEST_STEP][PASSED] - verifyElementPresent(findTestObject("Login/Tittle Login"), 0): Object 'Object Repository/Login/Tittle Login' is present

2023-10-04 19:49:55 - [MESSAGE][WARNING] - Timeout '0' is invalid. Using default page load timeout: '30'

2023-10-04 19:49:55 - [MESSAGE][PASSED] - Object 'Object Repository/Login/Tittle Login' is present

2023-10-04 19:49:55 - [TEST_STEP][PASSED] - setText(findTestObject("Login/input_Username, Email atau No. Handphone_a"), username): Text 'irfanafandi' is set on object 'Object Repository/Login/input_Username, Email atau No. Handphone_a'

2023-10-04 19:49:56 - [MESSAGE][PASSED] - Text 'irfanafandi' is set on object 'Object Repository/Login/input_Username, Email atau No. Handphone_a'

2023-10-04 19:49:56 - [TEST_STEP][PASSED] - setText(findTestObject("Login/input_Password_b"), password): Text '12345irfan' is set on object 'Object Repository/Login/input_Password_b'

2023-10-04 19:49:57 - [MESSAGE][PASSED] - Text '12345irfan' is set on object 'Object Repository/Login/input_Password_b'

2023-10-04 19:49:57 - [TEST_STEP][PASSED] - click(findTestObject("Login/label_Ingat saya")): Object: 'Object Repository/Login/label_Ingat saya' is clicked on

2023-10-04 19:49:57 - [MESSAGE][PASSED] - Object: 'Object Repository/Login/label_Ingat saya' is clicked on

2023-10-04 19:49:57 - [TEST_STEP][PASSED] - click(findTestObject("Login/button_Masuk")): Object: 'Object Repository/Login/button_Masuk' is clicked on

2023-10-04 19:49:58 - [MESSAGE][PASSED] - Object: 'Object Repository/Login/button_Masuk' is clicked on

2023-10-04 19:49:58 - [TEST_STEP][PASSED] - verifyElementPresent(findTestObject("Login/li_Profile"), 0): Object 'Object Repository/Login/li_Profile' is present

2023-10-04 19:49:58 - [MESSAGE][WARNING] - Timeout '0' is invalid. Using default page load timeout: '30'

2023-10-04 19:49:59 - [MESSAGE][PASSED] - Object 'Object Repository/Login/li_Profile' is present

2023-10-04 19:49:59 - [MESSAGE][PASSED] - Call Test Case 'Test Cases/T13 Pembelian, Shipment dan Pembayaran/LU-001' successfully

2023-10-04 19:49:59 - [TEST_STEP][PASSED] - mouseOver(findTestObject("beli barang/i_Mulai Belanja_icon-menu")): Object: 'Object Repository/beli barang/i_Mulai Belanja_icon-menu' is hovered

2023-10-04 19:50:00 - [MESSAGE][PASSED] - Object: 'Object Repository/beli barang/i_Mulai Belanja_icon-menu' is hovered

2023-10-04 19:50:00 - [TEST_STEP][PASSED] - click(findTestObject("beli barang/a_Fashion  Busana Wanita")): Object: 'Object Repository/beli barang/a_Fashion  Busana Wanita' is clicked on

2023-10-04 19:50:01 - [MESSAGE][PASSED] - Object: 'Object Repository/beli barang/a_Fashion  Busana Wanita' is clicked on

2023-10-04 19:50:01 - [TEST_STEP][PASSED] - NamaSebelum = getText(findTestObject("verifikasi/Nama sebelum")): Text of object 'Object Repository/verifikasi/Nama sebelum' is: ''

2023-10-04 19:50:01 - [MESSAGE][PASSED] - Text of object 'Object Repository/verifikasi/Nama sebelum' is: ''

2023-10-04 19:50:01 - [TEST_STEP][PASSED] - HargaSebelum = getText(findTestObject("verifikasi/Harga sebelum")): Text of object 'Object Repository/verifikasi/Harga sebelum' is: 'Rp 1,299'

2023-10-04 19:50:02 - [MESSAGE][PASSED] - Text of object 'Object Repository/verifikasi/Harga sebelum' is: 'Rp 1,299'

2023-10-04 19:50:02 - [TEST_STEP][PASSED] - mouseOver(findTestObject("beli barang/barang mouse over")): Object: 'Object Repository/beli barang/barang mouse over' is hovered

2023-10-04 19:50:02 - [MESSAGE][PASSED] - Object: 'Object Repository/beli barang/barang mouse over' is hovered

2023-10-04 19:50:02 - [TEST_STEP][PASSED] - click(findTestObject("beli barang/buttom add to cart")): Object: 'Object Repository/beli barang/buttom add to cart' is clicked on

2023-10-04 19:50:03 - [MESSAGE][PASSED] - Object: 'Object Repository/beli barang/buttom add to cart' is clicked on

2023-10-04 19:50:03 - [TEST_STEP][PASSED] - NamaSesudah = getText(findTestObject("verifikasi/Nama sesudah")): Text of object 'Object Repository/verifikasi/Nama sesudah' is: 'Segitiga Instan Madeira - MDB5.3 Sunset'

2023-10-04 19:50:04 - [MESSAGE][PASSED] - Text of object 'Object Repository/verifikasi/Nama sesudah' is: 'Segitiga Instan Madeira - MDB5.3 Sunset'

2023-10-04 19:50:04 - [TEST_STEP][PASSED] - HargaSesudah = getText(findTestObject("verifikasi/Harga sesudah")): Text of object 'Object Repository/verifikasi/Harga sesudah' is: 'Rp 1,299'

2023-10-04 19:50:05 - [MESSAGE][PASSED] - Text of object 'Object Repository/verifikasi/Harga sesudah' is: 'Rp 1,299'

2023-10-04 19:50:05 - [TEST_STEP][PASSED] - assert NamaSesudah.contains(NamaSebelum): null

2023-10-04 19:50:05 - [TEST_STEP][PASSED] - assert HargaSesudah.contains(HargaSebelum): null

2023-10-04 19:50:05 - [TEST_STEP][PASSED] - click(findTestObject("beli barang/Tambah Keranjang busana wanita")): Object: 'Object Repository/beli barang/Tambah Keranjang busana wanita' is clicked on

2023-10-04 19:50:05 - [MESSAGE][PASSED] - Object: 'Object Repository/beli barang/Tambah Keranjang busana wanita' is clicked on

2023-10-04 19:50:05 - [TEST_STEP][PASSED] - verifyElementPresent(findTestObject("checkout/Notifikasi keranjang"), 1): Object 'Object Repository/checkout/Notifikasi keranjang' is present

2023-10-04 19:50:06 - [MESSAGE][PASSED] - Object 'Object Repository/checkout/Notifikasi keranjang' is present

2023-10-04 19:50:06 - [TEST_STEP][PASSED] - data = new java.util.HashMap(): null

2023-10-04 19:50:06 - [TEST_STEP][PASSED] - data.put("nama_barang", NamaSesudah): null

2023-10-04 19:50:06 - [TEST_STEP][PASSED] - data.put("price_barang", HargaSesudah): null

2023-10-04 19:50:06 - [TEST_STEP][PASSED] - return data: null

2023-10-04 19:50:06 - [MESSAGE][PASSED] - Call Test Case 'Test Cases/T13 Pembelian, Shipment dan Pembayaran/PBL-001' successfully

2023-10-04 19:50:06 - [TEST_STEP][PASSED] - mouseOver(findTestObject("beli barang/keranjang")): Object: 'Object Repository/beli barang/keranjang' is hovered

2023-10-04 19:50:07 - [MESSAGE][PASSED] - Object: 'Object Repository/beli barang/keranjang' is hovered

2023-10-04 19:50:07 - [TEST_STEP][PASSED] - click(findTestObject("beli barang/Lihat Sekarang")): Object: 'Object Repository/beli barang/Lihat Sekarang' is clicked on

2023-10-04 19:50:08 - [MESSAGE][PASSED] - Object: 'Object Repository/beli barang/Lihat Sekarang' is clicked on

2023-10-04 19:50:08 - [TEST_STEP][PASSED] - verifyElementPresent(findTestObject("keranjang/li_Keranjang Belanja"), 0): Object 'Object Repository/keranjang/li_Keranjang Belanja' is present

2023-10-04 19:50:08 - [MESSAGE][WARNING] - Timeout '0' is invalid. Using default page load timeout: '30'

2023-10-04 19:50:09 - [MESSAGE][PASSED] - Object 'Object Repository/keranjang/li_Keranjang Belanja' is present

2023-10-04 19:50:09 - [TEST_STEP][PASSED] - NamaKeranjang = getText(findTestObject("verifikasi/Nama keranjang")): Text of object 'Object Repository/verifikasi/Nama keranjang' is: 'Segitiga Instan Madeira - MDB5.3 Sunset'

2023-10-04 19:50:09 - [MESSAGE][PASSED] - Text of object 'Object Repository/verifikasi/Nama keranjang' is: 'Segitiga Instan Madeira - MDB5.3 Sunset'

2023-10-04 19:50:09 - [TEST_STEP][PASSED] - HargaKeranjang = getText(findTestObject("verifikasi/Harga Keranjang")): Text of object 'Object Repository/verifikasi/Harga Keranjang' is: 'Rp 1,299'

2023-10-04 19:50:10 - [MESSAGE][PASSED] - Text of object 'Object Repository/verifikasi/Harga Keranjang' is: 'Rp 1,299'

2023-10-04 19:50:10 - [TEST_STEP][PASSED] - if (toString().equalsIgnoreCase("Merah")): Object 'Object Repository/keranjang/input_Warna_variasi101' is checked

2023-10-04 19:50:10 - [TEST_STEP][PASSED] - check(findTestObject("Object Repository/keranjang/input_Warna_variasi101")): Object 'Object Repository/keranjang/input_Warna_variasi101' is checked

2023-10-04 19:50:10 - [MESSAGE][PASSED] - Object 'Object Repository/keranjang/input_Warna_variasi101' is checked

2023-10-04 19:50:10 - [TEST_STEP][PASSED] - if (toString().equalsIgnoreCase("Menengah")): Object 'Object Repository/keranjang/input_Ukuran_variasi201' is checked

2023-10-04 19:50:10 - [TEST_STEP][PASSED] - check(findTestObject("Object Repository/keranjang/input_Ukuran_variasi201")): Object 'Object Repository/keranjang/input_Ukuran_variasi201' is checked

2023-10-04 19:50:11 - [MESSAGE][PASSED] - Object 'Object Repository/keranjang/input_Ukuran_variasi201' is checked

2023-10-04 19:50:11 - [TEST_STEP][PASSED] - data.put("Warna", warna): null

2023-10-04 19:50:11 - [TEST_STEP][PASSED] - data.put("Ukuran", ukuran): null

2023-10-04 19:50:11 - [TEST_STEP][PASSED] - click(findTestObject("keranjang/button_Lanjut ke Pembayaran")): Object: 'Object Repository/keranjang/button_Lanjut ke Pembayaran' is clicked on

2023-10-04 19:50:12 - [MESSAGE][PASSED] - Object: 'Object Repository/keranjang/button_Lanjut ke Pembayaran' is clicked on

2023-10-04 19:50:12 - [TEST_STEP][PASSED] - verifyElementPresent(findTestObject("checkout/Tittle Checkout Order"), 0): Object 'Object Repository/checkout/Tittle Checkout Order' is present

2023-10-04 19:50:12 - [MESSAGE][WARNING] - Timeout '0' is invalid. Using default page load timeout: '30'

2023-10-04 19:50:13 - [MESSAGE][PASSED] - Object 'Object Repository/checkout/Tittle Checkout Order' is present

2023-10-04 19:50:13 - [TEST_STEP][PASSED] - name_product = data.get("nama_barang"): null

2023-10-04 19:50:13 - [TEST_STEP][PASSED] - price_product = data.get("price_barang"): null

2023-10-04 19:50:13 - [TEST_STEP][PASSED] - assert name_product == NamaKeranjang: null

2023-10-04 19:50:13 - [TEST_STEP][PASSED] - assert price_product == HargaKeranjang: null

2023-10-04 19:50:13 - [TEST_STEP][PASSED] - return data: null

2023-10-04 19:50:13 - [MESSAGE][PASSED] - Call Test Case 'Test Cases/T13 Pembelian, Shipment dan Pembayaran/PBL-002' successfully

2023-10-04 19:50:13 - [TEST_STEP][PASSED] - warnaa = getText(findTestObject("verifikasi/warna Merah")): Text of object 'Object Repository/verifikasi/warna Merah' is: 'Merah'

2023-10-04 19:50:13 - [MESSAGE][PASSED] - Text of object 'Object Repository/verifikasi/warna Merah' is: 'Merah'

2023-10-04 19:50:13 - [TEST_STEP][PASSED] - ukurann = getText(findTestObject("verifikasi/Ukuran Menengah")): Text of object 'Object Repository/verifikasi/Ukuran Menengah' is: 'Menengah'

2023-10-04 19:50:13 - [MESSAGE][PASSED] - Text of object 'Object Repository/verifikasi/Ukuran Menengah' is: 'Menengah'

2023-10-04 19:50:13 - [TEST_STEP][PASSED] - warna1 = data.get("Warna"): null

2023-10-04 19:50:13 - [TEST_STEP][PASSED] - ukuran1 = data.get("Ukuran"): null

2023-10-04 19:50:13 - [TEST_STEP][PASSED] - assert warnaa == warna1: null

2023-10-04 19:50:13 - [TEST_STEP][PASSED] - assert ukurann == ukuran1: null

2023-10-04 19:50:13 - [TEST_STEP][PASSED] - NamaCheckout = getText(findTestObject("verifikasi/NamaCheckout")): Text of object 'Object Repository/verifikasi/NamaCheckout' is: ''

2023-10-04 19:50:14 - [MESSAGE][PASSED] - Text of object 'Object Repository/verifikasi/NamaCheckout' is: ''

2023-10-04 19:50:14 - [TEST_STEP][PASSED] - HargaCheckout = getText(findTestObject("verifikasi/HargaCheckout")): Text of object 'Object Repository/verifikasi/HargaCheckout' is: '1,299'

2023-10-04 19:50:14 - [MESSAGE][PASSED] - Text of object 'Object Repository/verifikasi/HargaCheckout' is: '1,299'

2023-10-04 19:50:14 - [TEST_STEP][PASSED] - name_product = data.get("nama_barang"): null

2023-10-04 19:50:14 - [TEST_STEP][PASSED] - price_product = data.get("price_barang"): null

2023-10-04 19:50:14 - [TEST_STEP][PASSED] - assert name_product.contains(NamaCheckout): null

2023-10-04 19:50:14 - [TEST_STEP][PASSED] - assert price_product.contains(HargaCheckout): null

2023-10-04 19:50:14 - [TEST_STEP][PASSED] - selectOptionByLabel(findTestObject("checkout/select - Kirim via Kurir Lokal"), Kurir, false): All options with label 'Roda 2' are selected in object 'Object Repository/checkout/select - Kirim via Kurir Lokal' 

2023-10-04 19:50:15 - [MESSAGE][PASSED] - All options with label 'Roda 2' are selected in object 'Object Repository/checkout/select - Kirim via Kurir Lokal' 

2023-10-04 19:50:15 - [TEST_STEP][PASSED] - click(findTestObject("checkout/Kendaraan Kurir")): Object: 'Object Repository/checkout/Kendaraan Kurir' is clicked on

2023-10-04 19:50:16 - [MESSAGE][PASSED] - Object: 'Object Repository/checkout/Kendaraan Kurir' is clicked on

2023-10-04 19:50:16 - [TEST_STEP][PASSED] - OngkosKirim = getText(findTestObject("Object Repository/verifikasi/Ongkos Kirim checkout")): Text of object 'Object Repository/verifikasi/Ongkos Kirim checkout' is: 'Rp. 5,000'

2023-10-04 19:50:16 - [MESSAGE][PASSED] - Text of object 'Object Repository/verifikasi/Ongkos Kirim checkout' is: 'Rp. 5,000'

2023-10-04 19:50:16 - [TEST_STEP][PASSED] - Ongkos = OngkosKirim.substring(3, OngkosKirim.size()): null

2023-10-04 19:50:16 - [TEST_STEP][PASSED] - rep = Ongkos.replace(",", "."): null

2023-10-04 19:50:16 - [TEST_STEP][PASSED] - Ongkos_kirim = Double.parseDouble(rep): null

2023-10-04 19:50:16 - [TEST_STEP][PASSED] - println(Ongkos_kirim): null

2023-10-04 19:50:16 - [TEST_STEP][PASSED] - FeeAdmin = getText(findTestObject("verifikasi/Fee Admin checkout")): Text of object 'Object Repository/verifikasi/Fee Admin checkout' is: 'Fee Admin
Rp 1,500'

2023-10-04 19:50:16 - [MESSAGE][PASSED] - Text of object 'Object Repository/verifikasi/Fee Admin checkout' is: 'Fee Admin
Rp 1,500'

2023-10-04 19:50:16 - [TEST_STEP][PASSED] - Fee_Admin = FeeAdmin.substring(12, FeeAdmin.size()): null

2023-10-04 19:50:16 - [TEST_STEP][PASSED] - fee = Fee_Admin.replace(",", "."): null

2023-10-04 19:50:16 - [TEST_STEP][PASSED] - fee_admin = Double.parseDouble(fee): null

2023-10-04 19:50:16 - [TEST_STEP][PASSED] - println(fee_admin): null

2023-10-04 19:50:16 - [TEST_STEP][PASSED] - Subtotal = getText(findTestObject("verifikasi/subtotal checkout")): Text of object 'Object Repository/verifikasi/subtotal checkout' is: 'Subtotal
Rp 1,299'

2023-10-04 19:50:17 - [MESSAGE][PASSED] - Text of object 'Object Repository/verifikasi/subtotal checkout' is: 'Subtotal
Rp 1,299'

2023-10-04 19:50:17 - [TEST_STEP][PASSED] - sub_total = Subtotal.substring(12, Subtotal.size()): null

2023-10-04 19:50:17 - [TEST_STEP][PASSED] - sub = sub_total.replace(",", "."): null

2023-10-04 19:50:17 - [TEST_STEP][PASSED] - sub_total = Double.parseDouble(sub): null

2023-10-04 19:50:17 - [TEST_STEP][PASSED] - println(sub_total): null

2023-10-04 19:50:17 - [TEST_STEP][PASSED] - Total = getText(findTestObject("verifikasi/Total checkout")): Text of object 'Object Repository/verifikasi/Total checkout' is: 'Rp 7,799'

2023-10-04 19:50:17 - [MESSAGE][PASSED] - Text of object 'Object Repository/verifikasi/Total checkout' is: 'Rp 7,799'

2023-10-04 19:50:17 - [TEST_STEP][PASSED] - totall = Total.substring(3, Total.size()): null

2023-10-04 19:50:17 - [TEST_STEP][PASSED] - total = totall.replace(",", "."): null

2023-10-04 19:50:17 - [TEST_STEP][PASSED] - totall = Double.parseDouble(total): null

2023-10-04 19:50:17 - [TEST_STEP][PASSED] - println(totall): null

2023-10-04 19:50:17 - [TEST_STEP][PASSED] - Total_Harga = Ongkos_kirim + fee_admin + sub_total: null

2023-10-04 19:50:17 - [TEST_STEP][PASSED] - println(Total_Harga): null

2023-10-04 19:50:17 - [TEST_STEP][PASSED] - TotalHarga = Math.round(Total_Harga * 1000) / 1000: null

2023-10-04 19:50:17 - [TEST_STEP][PASSED] - println(TotalHarga): null

2023-10-04 19:50:17 - [TEST_STEP][PASSED] - assert totall == TotalHarga: null

2023-10-04 19:50:17 - [TEST_STEP][PASSED] - click(findTestObject("verifikasi/Metode Transfer")): Object: 'Object Repository/verifikasi/Metode Transfer' is clicked on

2023-10-04 19:50:18 - [MESSAGE][PASSED] - Object: 'Object Repository/verifikasi/Metode Transfer' is clicked on

2023-10-04 19:50:18 - [TEST_STEP][PASSED] - click(findTestObject("checkout/button_Proses Pembayaran")): Object: 'Object Repository/checkout/button_Proses Pembayaran' is clicked on

2023-10-04 19:50:23 - [MESSAGE][PASSED] - Object: 'Object Repository/checkout/button_Proses Pembayaran' is clicked on

2023-10-04 19:50:23 - [TEST_STEP][PASSED] - verifyElementPresent(findTestObject("pembayaran/Tittle nomor invoice"), 0): Object 'Object Repository/pembayaran/Tittle nomor invoice' is present

2023-10-04 19:50:23 - [MESSAGE][WARNING] - Timeout '0' is invalid. Using default page load timeout: '30'

2023-10-04 19:50:30 - [MESSAGE][PASSED] - Object 'Object Repository/pembayaran/Tittle nomor invoice' is present

2023-10-04 19:50:30 - [TEST_STEP][PASSED] - return data: null

2023-10-04 19:50:30 - [MESSAGE][PASSED] - Call Test Case 'Test Cases/T13 Pembelian, Shipment dan Pembayaran/PBL-004' successfully

2023-10-04 19:50:30 - [TEST_STEP][PASSED] - Invoice = getText(findTestObject("pembayaran/nomor invoice")): Text of object 'Object Repository/pembayaran/nomor invoice' is: 'TRX60.20231004195019'

2023-10-04 19:50:30 - [MESSAGE][PASSED] - Text of object 'Object Repository/pembayaran/nomor invoice' is: 'TRX60.20231004195019'

2023-10-04 19:50:30 - [TEST_STEP][PASSED] - data.put("invoice", Invoice): null

2023-10-04 19:50:30 - [TEST_STEP][PASSED] - NamaPemesan = getText(findTestObject("Konfirmasi pesanan shop/Nama pemesan")): Text of object 'Object Repository/Konfirmasi pesanan shop/Nama pemesan' is: 'irfan.afandi'

2023-10-04 19:50:31 - [MESSAGE][PASSED] - Text of object 'Object Repository/Konfirmasi pesanan shop/Nama pemesan' is: 'irfan.afandi'

2023-10-04 19:50:31 - [TEST_STEP][PASSED] - Nama = getText(findTestObject("pembayaran/Nama barang")): Text of object 'Object Repository/pembayaran/Nama barang' is: 'Segitiga Instan Madeira - MDB5.3 Sunset'

2023-10-04 19:50:31 - [MESSAGE][PASSED] - Text of object 'Object Repository/pembayaran/Nama barang' is: 'Segitiga Instan Madeira - MDB5.3 Sunset'

2023-10-04 19:50:31 - [TEST_STEP][PASSED] - Harga = getText(findTestObject("pembayaran/Harga barang")): Text of object 'Object Repository/pembayaran/Harga barang' is: '1,299'

2023-10-04 19:50:32 - [MESSAGE][PASSED] - Text of object 'Object Repository/pembayaran/Harga barang' is: '1,299'

2023-10-04 19:50:32 - [TEST_STEP][PASSED] - name_product = data.get("nama_barang"): null

2023-10-04 19:50:32 - [TEST_STEP][PASSED] - price_product = data.get("price_barang"): null

2023-10-04 19:50:32 - [TEST_STEP][PASSED] - assert name_product.contains(Nama): null

2023-10-04 19:50:32 - [TEST_STEP][PASSED] - assert price_product.contains(Harga): null

2023-10-04 19:50:32 - [TEST_STEP][PASSED] - warnaa = getText(findTestObject("pembayaran/warna")): Text of object 'Object Repository/pembayaran/warna' is: 'Merah'

2023-10-04 19:50:32 - [MESSAGE][PASSED] - Text of object 'Object Repository/pembayaran/warna' is: 'Merah'

2023-10-04 19:50:32 - [TEST_STEP][PASSED] - ukurann = getText(findTestObject("pembayaran/ukuran")): Text of object 'Object Repository/pembayaran/ukuran' is: 'Menengah'

2023-10-04 19:50:33 - [MESSAGE][PASSED] - Text of object 'Object Repository/pembayaran/ukuran' is: 'Menengah'

2023-10-04 19:50:33 - [TEST_STEP][PASSED] - warna1 = data.get("Warna"): null

2023-10-04 19:50:33 - [TEST_STEP][PASSED] - ukuran1 = data.get("Ukuran"): null

2023-10-04 19:50:33 - [TEST_STEP][PASSED] - assert warnaa == warna1: null

2023-10-04 19:50:33 - [TEST_STEP][PASSED] - assert ukurann == ukuran1: null

2023-10-04 19:50:33 - [TEST_STEP][PASSED] - statusPembelian = getText(findTestObject("verifikasi/Status pending di pembelian")): Text of object 'Object Repository/verifikasi/Status pending di pembelian' is: 'Pending'

2023-10-04 19:50:33 - [MESSAGE][PASSED] - Text of object 'Object Repository/verifikasi/Status pending di pembelian' is: 'Pending'

2023-10-04 19:50:33 - [TEST_STEP][PASSED] - data.put("statusPem", statusPembelian): null

2023-10-04 19:50:33 - [TEST_STEP][PASSED] - OngkosKirim = getText(findTestObject("pembayaran/ongkos kirim")): Text of object 'Object Repository/pembayaran/ongkos kirim' is: 'Rp 5,000'

2023-10-04 19:50:34 - [MESSAGE][PASSED] - Text of object 'Object Repository/pembayaran/ongkos kirim' is: 'Rp 5,000'

2023-10-04 19:50:34 - [TEST_STEP][PASSED] - Ongkos = OngkosKirim.substring(3, OngkosKirim.size()): null

2023-10-04 19:50:34 - [TEST_STEP][PASSED] - rep = Ongkos.replace(",", ""): null

2023-10-04 19:50:34 - [TEST_STEP][PASSED] - Ongkos_kirimm = Integer.parseInt(rep): null

2023-10-04 19:50:34 - [TEST_STEP][PASSED] - println(Ongkos_kirimm): null

2023-10-04 19:50:34 - [TEST_STEP][PASSED] - FeeAdmin = getText(findTestObject("pembayaran/fee admin")): Text of object 'Object Repository/pembayaran/fee admin' is: 'Rp 1,500'

2023-10-04 19:50:34 - [MESSAGE][PASSED] - Text of object 'Object Repository/pembayaran/fee admin' is: 'Rp 1,500'

2023-10-04 19:50:34 - [TEST_STEP][PASSED] - Fee_Admin = FeeAdmin.substring(3, FeeAdmin.size()): null

2023-10-04 19:50:34 - [TEST_STEP][PASSED] - fee = Fee_Admin.replace(",", ""): null

2023-10-04 19:50:34 - [TEST_STEP][PASSED] - fee_adminn = Integer.parseInt(fee): null

2023-10-04 19:50:34 - [TEST_STEP][PASSED] - println(fee_adminn): null

2023-10-04 19:50:34 - [TEST_STEP][PASSED] - Subtotal = getText(findTestObject("pembayaran/subtotal")): Text of object 'Object Repository/pembayaran/subtotal' is: 'Rp 1,299'

2023-10-04 19:50:35 - [MESSAGE][PASSED] - Text of object 'Object Repository/pembayaran/subtotal' is: 'Rp 1,299'

2023-10-04 19:50:35 - [TEST_STEP][PASSED] - sub_total = Subtotal.substring(3, Subtotal.size()): null

2023-10-04 19:50:35 - [TEST_STEP][PASSED] - sub = sub_total.replace(",", ""): null

2023-10-04 19:50:35 - [TEST_STEP][PASSED] - sub_totall = Integer.parseInt(sub): null

2023-10-04 19:50:35 - [TEST_STEP][PASSED] - println(sub_totall): null

2023-10-04 19:50:35 - [TEST_STEP][PASSED] - unik = getText(findTestObject("pembayaran/kode unik")): Text of object 'Object Repository/pembayaran/kode unik' is: '+019'

2023-10-04 19:50:35 - [MESSAGE][PASSED] - Text of object 'Object Repository/pembayaran/kode unik' is: '+019'

2023-10-04 19:50:35 - [TEST_STEP][PASSED] - unikk = unik.replace("+", ""): null

2023-10-04 19:50:35 - [TEST_STEP][PASSED] - kode_unik = Integer.parseInt(unikk): null

2023-10-04 19:50:35 - [TEST_STEP][PASSED] - println(kode_unik): null

2023-10-04 19:50:35 - [TEST_STEP][PASSED] - Total = getText(findTestObject("pembayaran/total")): Text of object 'Object Repository/pembayaran/total' is: '7,818'

2023-10-04 19:50:36 - [MESSAGE][PASSED] - Text of object 'Object Repository/pembayaran/total' is: '7,818'

2023-10-04 19:50:36 - [TEST_STEP][PASSED] - total = Total.replace(",", ""): null

2023-10-04 19:50:36 - [TEST_STEP][PASSED] - totalll = Integer.parseInt(total): null

2023-10-04 19:50:36 - [TEST_STEP][PASSED] - println(totalll): null

2023-10-04 19:50:36 - [TEST_STEP][PASSED] - Total_Hargaa = Ongkos_kirimm + fee_adminn + sub_totall + kode_unik: null

2023-10-04 19:50:36 - [TEST_STEP][PASSED] - println(Total_Hargaa): null

2023-10-04 19:50:36 - [TEST_STEP][PASSED] - assert totalll == Total_Hargaa: null

2023-10-04 19:50:36 - [TEST_STEP][PASSED] - data.put("total", Total): null

2023-10-04 19:50:36 - [TEST_STEP][PASSED] - data.put("nama", NamaPemesan): null

2023-10-04 19:50:36 - [TEST_STEP][PASSED] - return data: null

2023-10-04 19:50:36 - [MESSAGE][PASSED] - Call Test Case 'Test Cases/T13 Pembelian, Shipment dan Pembayaran/PBY-001' successfully

2023-10-04 19:50:36 - [TEST_STEP][PASSED] - inv = data.get("invoice"): null

2023-10-04 19:50:36 - [TEST_STEP][PASSED] - Total = data.get("total"): null

2023-10-04 19:50:36 - [TEST_STEP][PASSED] - NamaPemesan = data.get("nama"): null

2023-10-04 19:50:36 - [TEST_STEP][PASSED] - click(findTestObject("Konfirmasi pesanan shop/Menu Shop")): Object: 'Object Repository/Konfirmasi pesanan shop/Menu Shop' is clicked on

2023-10-04 19:50:37 - [MESSAGE][PASSED] - Object: 'Object Repository/Konfirmasi pesanan shop/Menu Shop' is clicked on

2023-10-04 19:50:37 - [TEST_STEP][PASSED] - click(findTestObject("Konfirmasi pesanan shop/Menu Shop")): Object: 'Object Repository/Konfirmasi pesanan shop/Menu Shop' is clicked on

2023-10-04 19:50:38 - [MESSAGE][PASSED] - Object: 'Object Repository/Konfirmasi pesanan shop/Menu Shop' is clicked on

2023-10-04 19:50:38 - [TEST_STEP][PASSED] - click(findTestObject("Konfirmasi pesanan shop/Konfirmasi Orders")): Object: 'Object Repository/Konfirmasi pesanan shop/Konfirmasi Orders' is clicked on

2023-10-04 19:50:39 - [MESSAGE][PASSED] - Object: 'Object Repository/Konfirmasi pesanan shop/Konfirmasi Orders' is clicked on

2023-10-04 19:50:39 - [TEST_STEP][PASSED] - verifyElementPresent(findTestObject("Konfirmasi pesanan shop/Tittle Konfirmasi Pesanan"), 0): Object 'Object Repository/Konfirmasi pesanan shop/Tittle Konfirmasi Pesanan' is present

2023-10-04 19:50:39 - [MESSAGE][WARNING] - Timeout '0' is invalid. Using default page load timeout: '30'

2023-10-04 19:50:40 - [MESSAGE][PASSED] - Object 'Object Repository/Konfirmasi pesanan shop/Tittle Konfirmasi Pesanan' is present

2023-10-04 19:50:40 - [TEST_STEP][PASSED] - setText(findTestObject("Konfirmasi pesanan shop/input_No Pesanan"), inv): Text 'TRX60.20231004195019' is set on object 'Object Repository/Konfirmasi pesanan shop/input_No Pesanan'

2023-10-04 19:50:40 - [MESSAGE][PASSED] - Text 'TRX60.20231004195019' is set on object 'Object Repository/Konfirmasi pesanan shop/input_No Pesanan'

2023-10-04 19:50:40 - [TEST_STEP][PASSED] - setText(findTestObject("Konfirmasi pesanan shop/input_Alamat E-mai"), "irfan@gmail.com"): Text 'irfan@gmail.com' is set on object 'Object Repository/Konfirmasi pesanan shop/input_Alamat E-mai'

2023-10-04 19:50:41 - [MESSAGE][PASSED] - Text 'irfan@gmail.com' is set on object 'Object Repository/Konfirmasi pesanan shop/input_Alamat E-mai'

2023-10-04 19:50:41 - [TEST_STEP][PASSED] - click(findTestObject("Konfirmasi pesanan shop/button_Submit")): Object: 'Object Repository/Konfirmasi pesanan shop/button_Submit' is clicked on

2023-10-04 19:50:42 - [MESSAGE][PASSED] - Object: 'Object Repository/Konfirmasi pesanan shop/button_Submit' is clicked on

2023-10-04 19:50:42 - [TEST_STEP][PASSED] - verifyElementPresent(findTestObject("Konfirmasi pesanan shop/Tittle nomor invoice"), 0): Object 'Object Repository/Konfirmasi pesanan shop/Tittle nomor invoice' is present

2023-10-04 19:50:42 - [MESSAGE][WARNING] - Timeout '0' is invalid. Using default page load timeout: '30'

2023-10-04 19:50:43 - [MESSAGE][PASSED] - Object 'Object Repository/Konfirmasi pesanan shop/Tittle nomor invoice' is present

2023-10-04 19:50:43 - [TEST_STEP][PASSED] - setText(findTestObject("Konfirmasi pesanan shop/input_Total TagihanTransfer_b"), Total): Text '7,818' is set on object 'Object Repository/Konfirmasi pesanan shop/input_Total TagihanTransfer_b'

2023-10-04 19:50:44 - [MESSAGE][PASSED] - Text '7,818' is set on object 'Object Repository/Konfirmasi pesanan shop/input_Total TagihanTransfer_b'

2023-10-04 19:50:44 - [TEST_STEP][PASSED] - selectOptionByValue(findTestObject("Konfirmasi pesanan shop/select_Bank"), "4", false): All options with value '4' are selected in object 'Object Repository/Konfirmasi pesanan shop/select_Bank' 

2023-10-04 19:50:44 - [MESSAGE][PASSED] - All options with value '4' are selected in object 'Object Repository/Konfirmasi pesanan shop/select_Bank' 

2023-10-04 19:50:44 - [TEST_STEP][PASSED] - setText(findTestObject("Konfirmasi pesanan shop/input_Nama Pengirim_d"), NamaPemesan): Text 'irfan.afandi' is set on object 'Object Repository/Konfirmasi pesanan shop/input_Nama Pengirim_d'

2023-10-04 19:50:45 - [MESSAGE][PASSED] - Text 'irfan.afandi' is set on object 'Object Repository/Konfirmasi pesanan shop/input_Nama Pengirim_d'

2023-10-04 19:50:45 - [TEST_STEP][PASSED] - uploadFile(findTestObject("keranjang/konfirmasi/input_Upload Bukti Transfer_f"), "C:\Users\IRFAN\Downloads\Berkas2.pdf"): File 'C:\Users\IRFAN\Downloads\Berkas2.pdf' sent to object: 'Object Repository/keranjang/konfirmasi/input_Upload Bukti Transfer_f'

2023-10-04 19:50:45 - [MESSAGE][PASSED] - File 'C:\Users\IRFAN\Downloads\Berkas2.pdf' sent to object: 'Object Repository/keranjang/konfirmasi/input_Upload Bukti Transfer_f'

2023-10-04 19:50:45 - [TEST_STEP][PASSED] - click(findTestObject("Konfirmasi pesanan shop/button_Konfirmasi Pembayaran")): Object: 'Object Repository/Konfirmasi pesanan shop/button_Konfirmasi Pembayaran' is clicked on

2023-10-04 19:50:47 - [MESSAGE][PASSED] - Object: 'Object Repository/Konfirmasi pesanan shop/button_Konfirmasi Pembayaran' is clicked on

2023-10-04 19:50:47 - [TEST_STEP][PASSED] - verifyElementPresent(findTestObject("Konfirmasi pesanan shop/Tittle Konfirmasi Pesanan"), 0): Object 'Object Repository/Konfirmasi pesanan shop/Tittle Konfirmasi Pesanan' is present

2023-10-04 19:50:47 - [MESSAGE][WARNING] - Timeout '0' is invalid. Using default page load timeout: '30'

2023-10-04 19:50:48 - [MESSAGE][PASSED] - Object 'Object Repository/Konfirmasi pesanan shop/Tittle Konfirmasi Pesanan' is present

2023-10-04 19:50:48 - [TEST_STEP][PASSED] - verifyElementPresent(findTestObject("Konfirmasi pesanan shop/Tittle massage succes Konfirmasi Pembayaran Pesanan"), 0): Object 'Object Repository/Konfirmasi pesanan shop/Tittle massage succes Konfirmasi Pembayaran Pesanan' is present

2023-10-04 19:50:48 - [MESSAGE][WARNING] - Timeout '0' is invalid. Using default page load timeout: '30'

2023-10-04 19:50:48 - [MESSAGE][PASSED] - Object 'Object Repository/Konfirmasi pesanan shop/Tittle massage succes Konfirmasi Pembayaran Pesanan' is present

2023-10-04 19:50:48 - [TEST_STEP][PASSED] - return data: null

2023-10-04 19:50:48 - [MESSAGE][PASSED] - Call Test Case 'Test Cases/T13 Pembelian, Shipment dan Pembayaran/PBY-004' successfully

2023-10-04 19:50:48 - [TEST_STEP][PASSED] - navigateToUrl("https://10.9.2.63/ecommerce/administrator/"): Navigate to 'https://10.9.2.63/ecommerce/administrator/' successfully

2023-10-04 19:50:49 - [MESSAGE][PASSED] - Navigate to 'https://10.9.2.63/ecommerce/administrator/' successfully

2023-10-04 19:50:49 - [TEST_STEP][PASSED] - verifyElementPresent(findTestObject("admin/Tittle ADMIN Login"), 0): Object 'Object Repository/admin/Tittle ADMIN Login' is present

2023-10-04 19:50:49 - [MESSAGE][WARNING] - Timeout '0' is invalid. Using default page load timeout: '30'

2023-10-04 19:50:49 - [MESSAGE][PASSED] - Object 'Object Repository/admin/Tittle ADMIN Login' is present

2023-10-04 19:50:49 - [TEST_STEP][PASSED] - setText(findTestObject("admin/Username"), "admin"): Text 'admin' is set on object 'Object Repository/admin/Username'

2023-10-04 19:50:50 - [MESSAGE][PASSED] - Text 'admin' is set on object 'Object Repository/admin/Username'

2023-10-04 19:50:50 - [TEST_STEP][PASSED] - setText(findTestObject("admin/Password"), "123admin123"): Text '123admin123' is set on object 'Object Repository/admin/Password'

2023-10-04 19:50:50 - [MESSAGE][PASSED] - Text '123admin123' is set on object 'Object Repository/admin/Password'

2023-10-04 19:50:50 - [TEST_STEP][PASSED] - click(findTestObject("admin/Remember Me")): Object: 'Object Repository/admin/Remember Me' is clicked on

2023-10-04 19:50:51 - [MESSAGE][PASSED] - Object: 'Object Repository/admin/Remember Me' is clicked on

2023-10-04 19:50:51 - [TEST_STEP][PASSED] - delay(10): Delayed 10 second(s)

2023-10-04 19:51:01 - [MESSAGE][PASSED] - Delayed 10 second(s)

2023-10-04 19:51:01 - [TEST_STEP][PASSED] - click(findTestObject("admin/buttom submit")): Object: 'Object Repository/admin/buttom submit' is clicked on

2023-10-04 19:51:02 - [MESSAGE][PASSED] - Object: 'Object Repository/admin/buttom submit' is clicked on

2023-10-04 19:51:02 - [TEST_STEP][PASSED] - verifyElementPresent(findTestObject("admin/Konf order konsumen/Tittle Dashboard"), 0): Object 'Object Repository/admin/Konf order konsumen/Tittle Dashboard' is present

2023-10-04 19:51:02 - [MESSAGE][WARNING] - Timeout '0' is invalid. Using default page load timeout: '30'

2023-10-04 19:51:08 - [MESSAGE][PASSED] - Object 'Object Repository/admin/Konf order konsumen/Tittle Dashboard' is present

2023-10-04 19:51:08 - [TEST_STEP][PASSED] - click(findTestObject("admin/Konf order konsumen/Menu Transaksi Market")): Object: 'Object Repository/admin/Konf order konsumen/Menu Transaksi Market' is clicked on

2023-10-04 19:51:08 - [MESSAGE][PASSED] - Object: 'Object Repository/admin/Konf order konsumen/Menu Transaksi Market' is clicked on

2023-10-04 19:51:08 - [TEST_STEP][PASSED] - click(findTestObject("admin/Konf order konsumen/Menu Konf. Order Konsumen")): Object: 'Object Repository/admin/Konf order konsumen/Menu Konf. Order Konsumen' is clicked on

2023-10-04 19:51:09 - [MESSAGE][PASSED] - Object: 'Object Repository/admin/Konf order konsumen/Menu Konf. Order Konsumen' is clicked on

2023-10-04 19:51:09 - [TEST_STEP][PASSED] - verifyElementPresent(findTestObject("admin/Konf order konsumen/Tittle Data Konfirmasi Pembayaran Konsumen"), 0): Object 'Object Repository/admin/Konf order konsumen/Tittle Data Konfirmasi Pembayaran Konsumen' is present

2023-10-04 19:51:09 - [MESSAGE][WARNING] - Timeout '0' is invalid. Using default page load timeout: '30'

2023-10-04 19:51:16 - [MESSAGE][PASSED] - Object 'Object Repository/admin/Konf order konsumen/Tittle Data Konfirmasi Pembayaran Konsumen' is present

2023-10-04 19:51:16 - [TEST_STEP][PASSED] - inv = data.get("invoice"): null

2023-10-04 19:51:16 - [TEST_STEP][PASSED] - setText(findTestObject("admin/Konf order konsumen/Search"), inv): Text 'TRX60.20231004195019' is set on object 'Object Repository/admin/Konf order konsumen/Search'

2023-10-04 19:51:17 - [MESSAGE][PASSED] - Text 'TRX60.20231004195019' is set on object 'Object Repository/admin/Konf order konsumen/Search'

2023-10-04 19:51:17 - [TEST_STEP][PASSED] - verifyElementText(findTestObject("admin/Konf order konsumen/Keterangan Lunas"), "Lunas"): Actual text and expected text of test object 'Object Repository/admin/Konf order konsumen/Keterangan Lunas' are matched.

2023-10-04 19:51:18 - [MESSAGE][PASSED] - Actual text and expected text of test object 'Object Repository/admin/Konf order konsumen/Keterangan Lunas' are matched.

2023-10-04 19:51:18 - [TEST_STEP][PASSED] - return data: null

2023-10-04 19:51:18 - [MESSAGE][PASSED] - Call Test Case 'Test Cases/T13 Pembelian, Shipment dan Pembayaran/PBYA-001' successfully

2023-10-04 19:51:18 - [TEST_STEP][PASSED] - click(findTestObject("admin/Penjualan ke konsumen/buttom Dashboard")): Object: 'Object Repository/admin/Penjualan ke konsumen/buttom Dashboard' is clicked on

2023-10-04 19:51:19 - [MESSAGE][PASSED] - Object: 'Object Repository/admin/Penjualan ke konsumen/buttom Dashboard' is clicked on

2023-10-04 19:51:19 - [TEST_STEP][PASSED] - click(findTestObject("admin/Konf order konsumen/Menu Transaksi Market")): Object: 'Object Repository/admin/Konf order konsumen/Menu Transaksi Market' is clicked on

2023-10-04 19:51:23 - [MESSAGE][PASSED] - Object: 'Object Repository/admin/Konf order konsumen/Menu Transaksi Market' is clicked on

2023-10-04 19:51:23 - [TEST_STEP][PASSED] - click(findTestObject("admin/Penjualan ke konsumen/a_Penjualan ke Konsumen")): Object: 'Object Repository/admin/Penjualan ke konsumen/a_Penjualan ke Konsumen' is clicked on

2023-10-04 19:51:25 - [MESSAGE][PASSED] - Object: 'Object Repository/admin/Penjualan ke konsumen/a_Penjualan ke Konsumen' is clicked on

2023-10-04 19:51:25 - [TEST_STEP][PASSED] - verifyElementPresent(findTestObject("admin/Tittle Data Transaksi Penjualan  Orderan Konsumen"), 0): Object 'Object Repository/admin/Tittle Data Transaksi Penjualan  Orderan Konsumen' is present

2023-10-04 19:51:25 - [MESSAGE][WARNING] - Timeout '0' is invalid. Using default page load timeout: '30'

2023-10-04 19:51:30 - [MESSAGE][PASSED] - Object 'Object Repository/admin/Tittle Data Transaksi Penjualan  Orderan Konsumen' is present

2023-10-04 19:51:30 - [TEST_STEP][PASSED] - return data: null

2023-10-04 19:51:30 - [MESSAGE][PASSED] - Call Test Case 'Test Cases/T13 Pembelian, Shipment dan Pembayaran/SA-001' successfully

2023-10-04 19:51:30 - [TEST_STEP][PASSED] - inv = data.get("invoice"): null

2023-10-04 19:51:30 - [TEST_STEP][PASSED] - setText(findTestObject("admin/Penjualan ke konsumen/Search"), inv): Text 'TRX60.20231004195019' is set on object 'Object Repository/admin/Penjualan ke konsumen/Search'

2023-10-04 19:51:31 - [MESSAGE][PASSED] - Text 'TRX60.20231004195019' is set on object 'Object Repository/admin/Penjualan ke konsumen/Search'

2023-10-04 19:51:31 - [TEST_STEP][PASSED] - click(findTestObject("admin/Penjualan ke konsumen/buttom konfirmasi pending payment")): Object: 'Object Repository/admin/Penjualan ke konsumen/buttom konfirmasi pending payment' is clicked on

2023-10-04 19:51:32 - [MESSAGE][PASSED] - Object: 'Object Repository/admin/Penjualan ke konsumen/buttom konfirmasi pending payment' is clicked on

2023-10-04 19:51:32 - [TEST_STEP][PASSED] - acceptAlert(STOP_ON_FAILURE): Alert accepted

2023-10-04 19:51:32 - [MESSAGE][PASSED] - Alert accepted

2023-10-04 19:51:32 - [TEST_STEP][PASSED] - setText(findTestObject("admin/Penjualan ke konsumen/Search"), inv): Text 'TRX60.20231004195019' is set on object 'Object Repository/admin/Penjualan ke konsumen/Search'

2023-10-04 19:51:33 - [MESSAGE][PASSED] - Text 'TRX60.20231004195019' is set on object 'Object Repository/admin/Penjualan ke konsumen/Search'

2023-10-04 19:51:33 - [TEST_STEP][PASSED] - verifyTextNotPresent("pending payment", false): Text 'pending payment' is not present on page

2023-10-04 19:51:34 - [MESSAGE][PASSED] - Text 'pending payment' is not present on page

2023-10-04 19:51:34 - [TEST_STEP][PASSED] - return data: null

2023-10-04 19:51:34 - [MESSAGE][PASSED] - Call Test Case 'Test Cases/T13 Pembelian, Shipment dan Pembayaran/SA-002' successfully

2023-10-04 19:51:34 - [TEST_STEP][PASSED] - click(findTestObject("admin/Penjualan ke konsumen/buttom scroldown")): Object: 'Object Repository/admin/Penjualan ke konsumen/buttom scroldown' is clicked on

2023-10-04 19:51:34 - [MESSAGE][PASSED] - Object: 'Object Repository/admin/Penjualan ke konsumen/buttom scroldown' is clicked on

2023-10-04 19:51:34 - [TEST_STEP][PASSED] - click(findTestObject("admin/Penjualan ke konsumen/Selesai")): Object: 'Object Repository/admin/Penjualan ke konsumen/Selesai' is clicked on

2023-10-04 19:51:35 - [MESSAGE][PASSED] - Object: 'Object Repository/admin/Penjualan ke konsumen/Selesai' is clicked on

2023-10-04 19:51:35 - [TEST_STEP][PASSED] - acceptAlert(): Alert accepted

2023-10-04 19:51:35 - [MESSAGE][PASSED] - Alert accepted

2023-10-04 19:51:35 - [TEST_STEP][PASSED] - inv = data.get("invoice"): null

2023-10-04 19:51:35 - [TEST_STEP][PASSED] - setText(findTestObject("admin/Penjualan ke konsumen/Search"), inv): Text 'TRX60.20231004195019' is set on object 'Object Repository/admin/Penjualan ke konsumen/Search'

2023-10-04 19:51:36 - [MESSAGE][PASSED] - Text 'TRX60.20231004195019' is set on object 'Object Repository/admin/Penjualan ke konsumen/Search'

2023-10-04 19:51:36 - [TEST_STEP][PASSED] - delay(10): Delayed 10 second(s)

2023-10-04 19:51:46 - [MESSAGE][PASSED] - Delayed 10 second(s)

2023-10-04 19:51:46 - [TEST_STEP][PASSED] - verifyTextPresent("Selesai", false): Text 'Selesai' is present on page 

2023-10-04 19:51:47 - [MESSAGE][PASSED] - Text 'Selesai' is present on page 

2023-10-04 19:51:47 - [TEST_STEP][PASSED] - selesaiAdmin = getText(findTestObject("admin/Selesai")): Text of object 'Object Repository/admin/Selesai' is: 'Selesai'

2023-10-04 19:51:47 - [MESSAGE][PASSED] - Text of object 'Object Repository/admin/Selesai' is: 'Selesai'

2023-10-04 19:51:47 - [TEST_STEP][PASSED] - data.put("statusSelesai", selesaiAdmin): null

2023-10-04 19:51:47 - [TEST_STEP][PASSED] - return data: null

2023-10-04 19:51:47 - [MESSAGE][PASSED] - Call Test Case 'Test Cases/T13 Pembelian, Shipment dan Pembayaran/SA-005' successfully

2023-10-04 19:51:47 - [TEST_STEP][PASSED] - openBrowser("https://10.9.2.63/ecommerce/"): Browser is opened with url: 'https://10.9.2.63/ecommerce/'

2023-10-04 19:51:47 - [MESSAGE][WARNING] - A browser is already opened. Closing browser and opening a new one

2023-10-04 19:51:48 - [MESSAGE][INFO] - Starting 'Firefox' driver

2023-10-04 19:51:48 - [MESSAGE][INFO] - User set preference: ['args', '[--disable-notifications]']

2023-10-04 19:51:48 - [MESSAGE][INFO] - Action delay is set to 0 milliseconds

2023-10-04 19:51:53 - [MESSAGE][PASSED] - Browser is opened with url: 'https://10.9.2.63/ecommerce/'

2023-10-04 19:51:53 - [TEST_STEP][PASSED] - maximizeWindow(): Current window maximized

2023-10-04 19:51:53 - [MESSAGE][PASSED] - Current window maximized

2023-10-04 19:51:53 - [TEST_STEP][PASSED] - verifyElementPresent(findTestObject("Login/Home"), 0): Object 'Object Repository/Login/Home' is present

2023-10-04 19:51:53 - [MESSAGE][WARNING] - Timeout '0' is invalid. Using default page load timeout: '30'

2023-10-04 19:51:54 - [MESSAGE][PASSED] - Object 'Object Repository/Login/Home' is present

2023-10-04 19:51:54 - [TEST_STEP][PASSED] - click(findTestObject("Login/a_Login")): Object: 'Object Repository/Login/a_Login' is clicked on

2023-10-04 19:51:54 - [MESSAGE][PASSED] - Object: 'Object Repository/Login/a_Login' is clicked on

2023-10-04 19:51:54 - [TEST_STEP][PASSED] - verifyElementPresent(findTestObject("Login/Tittle Login"), 0): Object 'Object Repository/Login/Tittle Login' is present

2023-10-04 19:51:54 - [MESSAGE][WARNING] - Timeout '0' is invalid. Using default page load timeout: '30'

2023-10-04 19:51:55 - [MESSAGE][PASSED] - Object 'Object Repository/Login/Tittle Login' is present

2023-10-04 19:51:55 - [TEST_STEP][PASSED] - setText(findTestObject("Login/input_Username, Email atau No. Handphone_a"), "irfanafandi"): Text 'irfanafandi' is set on object 'Object Repository/Login/input_Username, Email atau No. Handphone_a'

2023-10-04 19:51:55 - [MESSAGE][PASSED] - Text 'irfanafandi' is set on object 'Object Repository/Login/input_Username, Email atau No. Handphone_a'

2023-10-04 19:51:55 - [TEST_STEP][PASSED] - setText(findTestObject("Login/input_Password_b"), "12345irfan"): Text '12345irfan' is set on object 'Object Repository/Login/input_Password_b'

2023-10-04 19:51:56 - [MESSAGE][PASSED] - Text '12345irfan' is set on object 'Object Repository/Login/input_Password_b'

2023-10-04 19:51:56 - [TEST_STEP][PASSED] - click(findTestObject("Login/button_Masuk")): Object: 'Object Repository/Login/button_Masuk' is clicked on

2023-10-04 19:51:57 - [MESSAGE][PASSED] - Object: 'Object Repository/Login/button_Masuk' is clicked on

2023-10-04 19:51:57 - [TEST_STEP][PASSED] - verifyElementPresent(findTestObject("Login/li_Profile"), 0): Object 'Object Repository/Login/li_Profile' is present

2023-10-04 19:51:57 - [MESSAGE][WARNING] - Timeout '0' is invalid. Using default page load timeout: '30'

2023-10-04 19:51:58 - [MESSAGE][PASSED] - Object 'Object Repository/Login/li_Profile' is present

2023-10-04 19:51:58 - [TEST_STEP][PASSED] - click(findTestObject("Konfirmasi pesanan shop/Menu Shop")): Object: 'Object Repository/Konfirmasi pesanan shop/Menu Shop' is clicked on

2023-10-04 19:51:59 - [MESSAGE][PASSED] - Object: 'Object Repository/Konfirmasi pesanan shop/Menu Shop' is clicked on

2023-10-04 19:51:59 - [TEST_STEP][PASSED] - click(findTestObject("Konfirmasi pesanan shop/Menu Shop")): Object: 'Object Repository/Konfirmasi pesanan shop/Menu Shop' is clicked on

2023-10-04 19:52:00 - [MESSAGE][PASSED] - Object: 'Object Repository/Konfirmasi pesanan shop/Menu Shop' is clicked on

2023-10-04 19:52:00 - [TEST_STEP][PASSED] - click(findTestObject("Traking Order/a_Tracking Orders")): Object: 'Object Repository/Traking Order/a_Tracking Orders' is clicked on

2023-10-04 19:52:01 - [MESSAGE][PASSED] - Object: 'Object Repository/Traking Order/a_Tracking Orders' is clicked on

2023-10-04 19:52:01 - [TEST_STEP][PASSED] - verifyElementPresent(findTestObject("Traking Order/Tittle Tracking Order"), 0): Object 'Object Repository/Traking Order/Tittle Tracking Order' is present

2023-10-04 19:52:01 - [MESSAGE][WARNING] - Timeout '0' is invalid. Using default page load timeout: '30'

2023-10-04 19:52:02 - [MESSAGE][PASSED] - Object 'Object Repository/Traking Order/Tittle Tracking Order' is present

2023-10-04 19:52:02 - [TEST_STEP][PASSED] - inv = data.get("invoice"): null

2023-10-04 19:52:02 - [TEST_STEP][PASSED] - clearText(findTestObject("Traking Order/input_No Pesanan_a"), STOP_ON_FAILURE): Text of object 'Object Repository/Traking Order/input_No Pesanan_a' is cleared

2023-10-04 19:52:02 - [MESSAGE][PASSED] - Text of object 'Object Repository/Traking Order/input_No Pesanan_a' is cleared

2023-10-04 19:52:02 - [TEST_STEP][PASSED] - clearText(findTestObject("Traking Order/input_Alamat E-mail_form-control"), STOP_ON_FAILURE): Text of object 'Object Repository/Traking Order/input_Alamat E-mail_form-control' is cleared

2023-10-04 19:52:03 - [MESSAGE][PASSED] - Text of object 'Object Repository/Traking Order/input_Alamat E-mail_form-control' is cleared

2023-10-04 19:52:03 - [TEST_STEP][PASSED] - click(findTestObject("Traking Order/button_Lacak Pesanan")): Object: 'Object Repository/Traking Order/button_Lacak Pesanan' is clicked on

2023-10-04 19:52:03 - [MESSAGE][PASSED] - Object: 'Object Repository/Traking Order/button_Lacak Pesanan' is clicked on

2023-10-04 19:52:03 - [TEST_STEP][PASSED] - webDriver = getWebDriver(): null

2023-10-04 19:52:03 - [TEST_STEP][PASSED] - field_tracking = webDriver.findElement(By.xpath("(//input[@name="a"])[3]")): null

2023-10-04 19:52:03 - [TEST_STEP][PASSED] - error_message = webDriver.executeScript("return arguments[0].validationMessage", field_tracking): null

2023-10-04 19:52:03 - [TEST_STEP][PASSED] - println(error_message): null

2023-10-04 19:52:03 - [TEST_STEP][PASSED] - assert error_message == "Please fill out this field.": null]]></system-out>
         <system-err><![CDATA[]]></system-err>
      </testcase>
      <testcase name="Test Cases/T13 Pembelian, Shipment dan Pembayaran/SU-007" time="102.341" classname="Test Cases/T13 Pembelian, Shipment dan Pembayaran/SU-007" status="FAILED">
         <failure type="FAILED" message="Test Cases/T13 Pembelian, Shipment dan Pembayaran/SU-007 FAILED.
Reason:
com.kms.katalon.core.exception.StepFailedException: Call Test Case 'Test Cases/T13 Pembelian, Shipment dan Pembayaran/SA-005' failed
	at com.kms.katalon.core.keyword.builtin.CallTestCaseKeyword$_callTestCase_closure1.doCall(CallTestCaseKeyword.groovy:63)
	at com.kms.katalon.core.keyword.builtin.CallTestCaseKeyword$_callTestCase_closure1.call(CallTestCaseKeyword.groovy)
	at com.kms.katalon.core.keyword.internal.KeywordMain.runKeyword(KeywordMain.groovy:75)
	at com.kms.katalon.core.keyword.builtin.CallTestCaseKeyword.callTestCase(CallTestCaseKeyword.groovy:81)
	at com.kms.katalon.core.keyword.builtin.CallTestCaseKeyword.execute(CallTestCaseKeyword.groovy:44)
	at com.kms.katalon.core.keyword.internal.KeywordExecutor.executeKeywordForPlatform(KeywordExecutor.groovy:74)
	at com.kms.katalon.core.keyword.BuiltinKeywords.callTestCase(BuiltinKeywords.groovy:310)
	at SU-007.run(SU-007:24)
	at com.kms.katalon.core.main.ScriptEngine.run(ScriptEngine.java:194)
	at com.kms.katalon.core.main.ScriptEngine.runScriptAsRawText(ScriptEngine.java:119)
	at com.kms.katalon.core.main.TestCaseExecutor.runScript(TestCaseExecutor.java:448)
	at com.kms.katalon.core.main.TestCaseExecutor.doExecute(TestCaseExecutor.java:439)
	at com.kms.katalon.core.main.TestCaseExecutor.processExecutionPhase(TestCaseExecutor.java:418)
	at com.kms.katalon.core.main.TestCaseExecutor.accessMainPhase(TestCaseExecutor.java:410)
	at com.kms.katalon.core.main.TestCaseExecutor.execute(TestCaseExecutor.java:285)
	at com.kms.katalon.core.common.CommonExecutor.accessTestCaseMainPhase(CommonExecutor.java:65)
	at com.kms.katalon.core.main.TestSuiteExecutor.accessTestSuiteMainPhase(TestSuiteExecutor.java:148)
	at com.kms.katalon.core.main.TestSuiteExecutor.execute(TestSuiteExecutor.java:106)
	at com.kms.katalon.core.main.TestCaseMain.startTestSuite(TestCaseMain.java:187)
	at com.kms.katalon.core.main.TestCaseMain$startTestSuite$0.call(Unknown Source)
	at TempTestSuite1696420804604.run(TempTestSuite1696420804604.groovy:36)
Caused by: com.kms.katalon.core.exception.StepFailedException: Call Test Case 'Test Cases/T13 Pembelian, Shipment dan Pembayaran/SA-002' failed
	at com.kms.katalon.core.keyword.builtin.CallTestCaseKeyword$_callTestCase_closure1.doCall(CallTestCaseKeyword.groovy:63)
	at com.kms.katalon.core.keyword.builtin.CallTestCaseKeyword$_callTestCase_closure1.call(CallTestCaseKeyword.groovy)
	at com.kms.katalon.core.keyword.internal.KeywordMain.runKeyword(KeywordMain.groovy:75)
	at com.kms.katalon.core.keyword.builtin.CallTestCaseKeyword.callTestCase(CallTestCaseKeyword.groovy:81)
	at com.kms.katalon.core.keyword.builtin.CallTestCaseKeyword.execute(CallTestCaseKeyword.groovy:44)
	at com.kms.katalon.core.keyword.internal.KeywordExecutor.executeKeywordForPlatform(KeywordExecutor.groovy:74)
	at com.kms.katalon.core.keyword.BuiltinKeywords.callTestCase(BuiltinKeywords.groovy:310)
	at SA-005.run(SA-005:20)
	at com.kms.katalon.core.main.ScriptEngine.run(ScriptEngine.java:194)
	at com.kms.katalon.core.main.ScriptEngine.runScriptAsRawText(ScriptEngine.java:119)
	at com.kms.katalon.core.main.TestCaseExecutor.runScript(TestCaseExecutor.java:448)
	at com.kms.katalon.core.main.TestCaseExecutor.doExecute(TestCaseExecutor.java:439)
	at com.kms.katalon.core.main.TestCaseExecutor.processExecutionPhase(TestCaseExecutor.java:418)
	at com.kms.katalon.core.main.TestCaseExecutor.accessMainPhase(TestCaseExecutor.java:410)
	at com.kms.katalon.core.main.TestCaseExecutor.execute(TestCaseExecutor.java:285)
	at com.kms.katalon.core.main.TestCaseMain.runTestCase(TestCaseMain.java:144)
	at com.kms.katalon.core.keyword.builtin.CallTestCaseKeyword$_callTestCase_closure1.doCall(CallTestCaseKeyword.groovy:59)
	... 20 more
Caused by: com.kms.katalon.core.exception.StepFailedException: Call Test Case 'Test Cases/T13 Pembelian, Shipment dan Pembayaran/SA-001' failed
	at com.kms.katalon.core.keyword.builtin.CallTestCaseKeyword$_callTestCase_closure1.doCall(CallTestCaseKeyword.groovy:63)
	at com.kms.katalon.core.keyword.builtin.CallTestCaseKeyword$_callTestCase_closure1.call(CallTestCaseKeyword.groovy)
	at com.kms.katalon.core.keyword.internal.KeywordMain.runKeyword(KeywordMain.groovy:75)
	at com.kms.katalon.core.keyword.builtin.CallTestCaseKeyword.callTestCase(CallTestCaseKeyword.groovy:81)
	at com.kms.katalon.core.keyword.builtin.CallTestCaseKeyword.execute(CallTestCaseKeyword.groovy:44)
	at com.kms.katalon.core.keyword.internal.KeywordExecutor.executeKeywordForPlatform(KeywordExecutor.groovy:74)
	at com.kms.katalon.core.keyword.BuiltinKeywords.callTestCase(BuiltinKeywords.groovy:310)
	at SA-002.run(SA-002:20)
	at com.kms.katalon.core.main.ScriptEngine.run(ScriptEngine.java:194)
	at com.kms.katalon.core.main.ScriptEngine.runScriptAsRawText(ScriptEngine.java:119)
	at com.kms.katalon.core.main.TestCaseExecutor.runScript(TestCaseExecutor.java:448)
	at com.kms.katalon.core.main.TestCaseExecutor.doExecute(TestCaseExecutor.java:439)
	at com.kms.katalon.core.main.TestCaseExecutor.processExecutionPhase(TestCaseExecutor.java:418)
	at com.kms.katalon.core.main.TestCaseExecutor.accessMainPhase(TestCaseExecutor.java:410)
	at com.kms.katalon.core.main.TestCaseExecutor.execute(TestCaseExecutor.java:285)
	at com.kms.katalon.core.main.TestCaseMain.runTestCase(TestCaseMain.java:144)
	at com.kms.katalon.core.keyword.builtin.CallTestCaseKeyword$_callTestCase_closure1.doCall(CallTestCaseKeyword.groovy:59)
	... 36 more
Caused by: com.kms.katalon.core.exception.StepFailedException: Call Test Case 'Test Cases/T13 Pembelian, Shipment dan Pembayaran/PBYA-001' failed
	at com.kms.katalon.core.keyword.builtin.CallTestCaseKeyword$_callTestCase_closure1.doCall(CallTestCaseKeyword.groovy:63)
	at com.kms.katalon.core.keyword.builtin.CallTestCaseKeyword$_callTestCase_closure1.call(CallTestCaseKeyword.groovy)
	at com.kms.katalon.core.keyword.internal.KeywordMain.runKeyword(KeywordMain.groovy:75)
	at com.kms.katalon.core.keyword.builtin.CallTestCaseKeyword.callTestCase(CallTestCaseKeyword.groovy:81)
	at com.kms.katalon.core.keyword.builtin.CallTestCaseKeyword.execute(CallTestCaseKeyword.groovy:44)
	at com.kms.katalon.core.keyword.internal.KeywordExecutor.executeKeywordForPlatform(KeywordExecutor.groovy:74)
	at com.kms.katalon.core.keyword.BuiltinKeywords.callTestCase(BuiltinKeywords.groovy:310)
	at SA-001.run(SA-001:20)
	at com.kms.katalon.core.main.ScriptEngine.run(ScriptEngine.java:194)
	at com.kms.katalon.core.main.ScriptEngine.runScriptAsRawText(ScriptEngine.java:119)
	at com.kms.katalon.core.main.TestCaseExecutor.runScript(TestCaseExecutor.java:448)
	at com.kms.katalon.core.main.TestCaseExecutor.doExecute(TestCaseExecutor.java:439)
	at com.kms.katalon.core.main.TestCaseExecutor.processExecutionPhase(TestCaseExecutor.java:418)
	at com.kms.katalon.core.main.TestCaseExecutor.accessMainPhase(TestCaseExecutor.java:410)
	at com.kms.katalon.core.main.TestCaseExecutor.execute(TestCaseExecutor.java:285)
	at com.kms.katalon.core.main.TestCaseMain.runTestCase(TestCaseMain.java:144)
	at com.kms.katalon.core.keyword.builtin.CallTestCaseKeyword$_callTestCase_closure1.doCall(CallTestCaseKeyword.groovy:59)
	... 52 more
Caused by: com.kms.katalon.core.exception.StepFailedException: Unable to verify object 'Object Repository/admin/Konf order konsumen/Tittle Dashboard' is present
	at com.kms.katalon.core.webui.keyword.internal.WebUIKeywordMain.stepFailed(WebUIKeywordMain.groovy:64)
	at com.kms.katalon.core.webui.keyword.internal.WebUIKeywordMain.runKeyword(WebUIKeywordMain.groovy:26)
	at com.kms.katalon.core.webui.keyword.builtin.VerifyElementPresentKeyword.verifyElementPresent(VerifyElementPresentKeyword.groovy:92)
	at com.kms.katalon.core.webui.keyword.builtin.VerifyElementPresentKeyword.execute(VerifyElementPresentKeyword.groovy:68)
	at com.kms.katalon.core.keyword.internal.KeywordExecutor.executeKeywordForPlatform(KeywordExecutor.groovy:74)
	at com.kms.katalon.core.webui.keyword.WebUiBuiltInKeywords.verifyElementPresent(WebUiBuiltInKeywords.groovy:1464)
	at com.kms.katalon.core.webui.keyword.WebUiBuiltInKeywords$verifyElementPresent$1.call(Unknown Source)
	at PBYA-001.run(PBYA-001:37)
	at com.kms.katalon.core.main.ScriptEngine.run(ScriptEngine.java:194)
	at com.kms.katalon.core.main.ScriptEngine.runScriptAsRawText(ScriptEngine.java:119)
	at com.kms.katalon.core.main.TestCaseExecutor.runScript(TestCaseExecutor.java:448)
	at com.kms.katalon.core.main.TestCaseExecutor.doExecute(TestCaseExecutor.java:439)
	at com.kms.katalon.core.main.TestCaseExecutor.processExecutionPhase(TestCaseExecutor.java:418)
	at com.kms.katalon.core.main.TestCaseExecutor.accessMainPhase(TestCaseExecutor.java:410)
	at com.kms.katalon.core.main.TestCaseExecutor.execute(TestCaseExecutor.java:285)
	at com.kms.katalon.core.main.TestCaseMain.runTestCase(TestCaseMain.java:144)
	at com.kms.katalon.core.keyword.builtin.CallTestCaseKeyword$_callTestCase_closure1.doCall(CallTestCaseKeyword.groovy:59)
	... 68 more
Caused by: com.kms.katalon.core.exception.StepFailedException: com.kms.katalon.core.webui.exception.WebElementNotFoundException: Web element with id: 'Object Repository/admin/Konf order konsumen/Tittle Dashboard' located by '(.//*[normalize-space(text()) and normalize-space(.)='Logout'])[1]/following::h1[1]' not found
	at com.kms.katalon.core.webui.keyword.internal.WebUIKeywordMain.stepFailed(WebUIKeywordMain.groovy:64)
	at com.kms.katalon.core.webui.keyword.builtin.VerifyElementPresentKeyword$_verifyElementPresent_closure1.doCall(VerifyElementPresentKeyword.groovy:85)
	at com.kms.katalon.core.webui.keyword.builtin.VerifyElementPresentKeyword$_verifyElementPresent_closure1.call(VerifyElementPresentKeyword.groovy)
	at com.kms.katalon.core.webui.keyword.internal.WebUIKeywordMain.runKeyword(WebUIKeywordMain.groovy:20)
	... 83 more
"/>
         <system-out><![CDATA[2023-10-04 19:52:03 - [TEST_CASE][FAILED] - Test Cases/T13 Pembelian, Shipment dan Pembayaran/SU-007: Test Cases/T13 Pembelian, Shipment dan Pembayaran/SU-007 FAILED.
Reason:
com.kms.katalon.core.exception.StepFailedException: Call Test Case 'Test Cases/T13 Pembelian, Shipment dan Pembayaran/SA-005' failed
	at com.kms.katalon.core.keyword.builtin.CallTestCaseKeyword$_callTestCase_closure1.doCall(CallTestCaseKeyword.groovy:63)
	at com.kms.katalon.core.keyword.builtin.CallTestCaseKeyword$_callTestCase_closure1.call(CallTestCaseKeyword.groovy)
	at com.kms.katalon.core.keyword.internal.KeywordMain.runKeyword(KeywordMain.groovy:75)
	at com.kms.katalon.core.keyword.builtin.CallTestCaseKeyword.callTestCase(CallTestCaseKeyword.groovy:81)
	at com.kms.katalon.core.keyword.builtin.CallTestCaseKeyword.execute(CallTestCaseKeyword.groovy:44)
	at com.kms.katalon.core.keyword.internal.KeywordExecutor.executeKeywordForPlatform(KeywordExecutor.groovy:74)
	at com.kms.katalon.core.keyword.BuiltinKeywords.callTestCase(BuiltinKeywords.groovy:310)
	at SU-007.run(SU-007:24)
	at com.kms.katalon.core.main.ScriptEngine.run(ScriptEngine.java:194)
	at com.kms.katalon.core.main.ScriptEngine.runScriptAsRawText(ScriptEngine.java:119)
	at com.kms.katalon.core.main.TestCaseExecutor.runScript(TestCaseExecutor.java:448)
	at com.kms.katalon.core.main.TestCaseExecutor.doExecute(TestCaseExecutor.java:439)
	at com.kms.katalon.core.main.TestCaseExecutor.processExecutionPhase(TestCaseExecutor.java:418)
	at com.kms.katalon.core.main.TestCaseExecutor.accessMainPhase(TestCaseExecutor.java:410)
	at com.kms.katalon.core.main.TestCaseExecutor.execute(TestCaseExecutor.java:285)
	at com.kms.katalon.core.common.CommonExecutor.accessTestCaseMainPhase(CommonExecutor.java:65)
	at com.kms.katalon.core.main.TestSuiteExecutor.accessTestSuiteMainPhase(TestSuiteExecutor.java:148)
	at com.kms.katalon.core.main.TestSuiteExecutor.execute(TestSuiteExecutor.java:106)
	at com.kms.katalon.core.main.TestCaseMain.startTestSuite(TestCaseMain.java:187)
	at com.kms.katalon.core.main.TestCaseMain$startTestSuite$0.call(Unknown Source)
	at TempTestSuite1696420804604.run(TempTestSuite1696420804604.groovy:36)
Caused by: com.kms.katalon.core.exception.StepFailedException: Call Test Case 'Test Cases/T13 Pembelian, Shipment dan Pembayaran/SA-002' failed
	at com.kms.katalon.core.keyword.builtin.CallTestCaseKeyword$_callTestCase_closure1.doCall(CallTestCaseKeyword.groovy:63)
	at com.kms.katalon.core.keyword.builtin.CallTestCaseKeyword$_callTestCase_closure1.call(CallTestCaseKeyword.groovy)
	at com.kms.katalon.core.keyword.internal.KeywordMain.runKeyword(KeywordMain.groovy:75)
	at com.kms.katalon.core.keyword.builtin.CallTestCaseKeyword.callTestCase(CallTestCaseKeyword.groovy:81)
	at com.kms.katalon.core.keyword.builtin.CallTestCaseKeyword.execute(CallTestCaseKeyword.groovy:44)
	at com.kms.katalon.core.keyword.internal.KeywordExecutor.executeKeywordForPlatform(KeywordExecutor.groovy:74)
	at com.kms.katalon.core.keyword.BuiltinKeywords.callTestCase(BuiltinKeywords.groovy:310)
	at SA-005.run(SA-005:20)
	at com.kms.katalon.core.main.ScriptEngine.run(ScriptEngine.java:194)
	at com.kms.katalon.core.main.ScriptEngine.runScriptAsRawText(ScriptEngine.java:119)
	at com.kms.katalon.core.main.TestCaseExecutor.runScript(TestCaseExecutor.java:448)
	at com.kms.katalon.core.main.TestCaseExecutor.doExecute(TestCaseExecutor.java:439)
	at com.kms.katalon.core.main.TestCaseExecutor.processExecutionPhase(TestCaseExecutor.java:418)
	at com.kms.katalon.core.main.TestCaseExecutor.accessMainPhase(TestCaseExecutor.java:410)
	at com.kms.katalon.core.main.TestCaseExecutor.execute(TestCaseExecutor.java:285)
	at com.kms.katalon.core.main.TestCaseMain.runTestCase(TestCaseMain.java:144)
	at com.kms.katalon.core.keyword.builtin.CallTestCaseKeyword$_callTestCase_closure1.doCall(CallTestCaseKeyword.groovy:59)
	... 20 more
Caused by: com.kms.katalon.core.exception.StepFailedException: Call Test Case 'Test Cases/T13 Pembelian, Shipment dan Pembayaran/SA-001' failed
	at com.kms.katalon.core.keyword.builtin.CallTestCaseKeyword$_callTestCase_closure1.doCall(CallTestCaseKeyword.groovy:63)
	at com.kms.katalon.core.keyword.builtin.CallTestCaseKeyword$_callTestCase_closure1.call(CallTestCaseKeyword.groovy)
	at com.kms.katalon.core.keyword.internal.KeywordMain.runKeyword(KeywordMain.groovy:75)
	at com.kms.katalon.core.keyword.builtin.CallTestCaseKeyword.callTestCase(CallTestCaseKeyword.groovy:81)
	at com.kms.katalon.core.keyword.builtin.CallTestCaseKeyword.execute(CallTestCaseKeyword.groovy:44)
	at com.kms.katalon.core.keyword.internal.KeywordExecutor.executeKeywordForPlatform(KeywordExecutor.groovy:74)
	at com.kms.katalon.core.keyword.BuiltinKeywords.callTestCase(BuiltinKeywords.groovy:310)
	at SA-002.run(SA-002:20)
	at com.kms.katalon.core.main.ScriptEngine.run(ScriptEngine.java:194)
	at com.kms.katalon.core.main.ScriptEngine.runScriptAsRawText(ScriptEngine.java:119)
	at com.kms.katalon.core.main.TestCaseExecutor.runScript(TestCaseExecutor.java:448)
	at com.kms.katalon.core.main.TestCaseExecutor.doExecute(TestCaseExecutor.java:439)
	at com.kms.katalon.core.main.TestCaseExecutor.processExecutionPhase(TestCaseExecutor.java:418)
	at com.kms.katalon.core.main.TestCaseExecutor.accessMainPhase(TestCaseExecutor.java:410)
	at com.kms.katalon.core.main.TestCaseExecutor.execute(TestCaseExecutor.java:285)
	at com.kms.katalon.core.main.TestCaseMain.runTestCase(TestCaseMain.java:144)
	at com.kms.katalon.core.keyword.builtin.CallTestCaseKeyword$_callTestCase_closure1.doCall(CallTestCaseKeyword.groovy:59)
	... 36 more
Caused by: com.kms.katalon.core.exception.StepFailedException: Call Test Case 'Test Cases/T13 Pembelian, Shipment dan Pembayaran/PBYA-001' failed
	at com.kms.katalon.core.keyword.builtin.CallTestCaseKeyword$_callTestCase_closure1.doCall(CallTestCaseKeyword.groovy:63)
	at com.kms.katalon.core.keyword.builtin.CallTestCaseKeyword$_callTestCase_closure1.call(CallTestCaseKeyword.groovy)
	at com.kms.katalon.core.keyword.internal.KeywordMain.runKeyword(KeywordMain.groovy:75)
	at com.kms.katalon.core.keyword.builtin.CallTestCaseKeyword.callTestCase(CallTestCaseKeyword.groovy:81)
	at com.kms.katalon.core.keyword.builtin.CallTestCaseKeyword.execute(CallTestCaseKeyword.groovy:44)
	at com.kms.katalon.core.keyword.internal.KeywordExecutor.executeKeywordForPlatform(KeywordExecutor.groovy:74)
	at com.kms.katalon.core.keyword.BuiltinKeywords.callTestCase(BuiltinKeywords.groovy:310)
	at SA-001.run(SA-001:20)
	at com.kms.katalon.core.main.ScriptEngine.run(ScriptEngine.java:194)
	at com.kms.katalon.core.main.ScriptEngine.runScriptAsRawText(ScriptEngine.java:119)
	at com.kms.katalon.core.main.TestCaseExecutor.runScript(TestCaseExecutor.java:448)
	at com.kms.katalon.core.main.TestCaseExecutor.doExecute(TestCaseExecutor.java:439)
	at com.kms.katalon.core.main.TestCaseExecutor.processExecutionPhase(TestCaseExecutor.java:418)
	at com.kms.katalon.core.main.TestCaseExecutor.accessMainPhase(TestCaseExecutor.java:410)
	at com.kms.katalon.core.main.TestCaseExecutor.execute(TestCaseExecutor.java:285)
	at com.kms.katalon.core.main.TestCaseMain.runTestCase(TestCaseMain.java:144)
	at com.kms.katalon.core.keyword.builtin.CallTestCaseKeyword$_callTestCase_closure1.doCall(CallTestCaseKeyword.groovy:59)
	... 52 more
Caused by: com.kms.katalon.core.exception.StepFailedException: Unable to verify object 'Object Repository/admin/Konf order konsumen/Tittle Dashboard' is present
	at com.kms.katalon.core.webui.keyword.internal.WebUIKeywordMain.stepFailed(WebUIKeywordMain.groovy:64)
	at com.kms.katalon.core.webui.keyword.internal.WebUIKeywordMain.runKeyword(WebUIKeywordMain.groovy:26)
	at com.kms.katalon.core.webui.keyword.builtin.VerifyElementPresentKeyword.verifyElementPresent(VerifyElementPresentKeyword.groovy:92)
	at com.kms.katalon.core.webui.keyword.builtin.VerifyElementPresentKeyword.execute(VerifyElementPresentKeyword.groovy:68)
	at com.kms.katalon.core.keyword.internal.KeywordExecutor.executeKeywordForPlatform(KeywordExecutor.groovy:74)
	at com.kms.katalon.core.webui.keyword.WebUiBuiltInKeywords.verifyElementPresent(WebUiBuiltInKeywords.groovy:1464)
	at com.kms.katalon.core.webui.keyword.WebUiBuiltInKeywords$verifyElementPresent$1.call(Unknown Source)
	at PBYA-001.run(PBYA-001:37)
	at com.kms.katalon.core.main.ScriptEngine.run(ScriptEngine.java:194)
	at com.kms.katalon.core.main.ScriptEngine.runScriptAsRawText(ScriptEngine.java:119)
	at com.kms.katalon.core.main.TestCaseExecutor.runScript(TestCaseExecutor.java:448)
	at com.kms.katalon.core.main.TestCaseExecutor.doExecute(TestCaseExecutor.java:439)
	at com.kms.katalon.core.main.TestCaseExecutor.processExecutionPhase(TestCaseExecutor.java:418)
	at com.kms.katalon.core.main.TestCaseExecutor.accessMainPhase(TestCaseExecutor.java:410)
	at com.kms.katalon.core.main.TestCaseExecutor.execute(TestCaseExecutor.java:285)
	at com.kms.katalon.core.main.TestCaseMain.runTestCase(TestCaseMain.java:144)
	at com.kms.katalon.core.keyword.builtin.CallTestCaseKeyword$_callTestCase_closure1.doCall(CallTestCaseKeyword.groovy:59)
	... 68 more
Caused by: com.kms.katalon.core.exception.StepFailedException: com.kms.katalon.core.webui.exception.WebElementNotFoundException: Web element with id: 'Object Repository/admin/Konf order konsumen/Tittle Dashboard' located by '(.//*[normalize-space(text()) and normalize-space(.)='Logout'])[1]/following::h1[1]' not found
	at com.kms.katalon.core.webui.keyword.internal.WebUIKeywordMain.stepFailed(WebUIKeywordMain.groovy:64)
	at com.kms.katalon.core.webui.keyword.builtin.VerifyElementPresentKeyword$_verifyElementPresent_closure1.doCall(VerifyElementPresentKeyword.groovy:85)
	at com.kms.katalon.core.webui.keyword.builtin.VerifyElementPresentKeyword$_verifyElementPresent_closure1.call(VerifyElementPresentKeyword.groovy)
	at com.kms.katalon.core.webui.keyword.internal.WebUIKeywordMain.runKeyword(WebUIKeywordMain.groovy:20)
	... 83 more


2023-10-04 19:52:04 - [TEST_STEP][FAILED] - data = callTestCase(findTestCase("T13 Pembelian, Shipment dan Pembayaran/SA-005"), [:], STOP_ON_FAILURE): Unable to call Test Case 'Test Cases/T13 Pembelian, Shipment dan Pembayaran/SA-005' (Root cause: com.kms.katalon.core.exception.StepFailedException: Call Test Case 'Test Cases/T13 Pembelian, Shipment dan Pembayaran/SA-005' failed
	at com.kms.katalon.core.keyword.builtin.CallTestCaseKeyword$_callTestCase_closure1.doCall(CallTestCaseKeyword.groovy:63)
	at com.kms.katalon.core.keyword.builtin.CallTestCaseKeyword$_callTestCase_closure1.call(CallTestCaseKeyword.groovy)
	at com.kms.katalon.core.keyword.internal.KeywordMain.runKeyword(KeywordMain.groovy:75)
	at com.kms.katalon.core.keyword.builtin.CallTestCaseKeyword.callTestCase(CallTestCaseKeyword.groovy:81)
	at com.kms.katalon.core.keyword.builtin.CallTestCaseKeyword.execute(CallTestCaseKeyword.groovy:44)
	at com.kms.katalon.core.keyword.internal.KeywordExecutor.executeKeywordForPlatform(KeywordExecutor.groovy:74)
	at com.kms.katalon.core.keyword.BuiltinKeywords.callTestCase(BuiltinKeywords.groovy:310)
	at SU-007.run(SU-007:24)
	at com.kms.katalon.core.main.ScriptEngine.run(ScriptEngine.java:194)
	at com.kms.katalon.core.main.ScriptEngine.runScriptAsRawText(ScriptEngine.java:119)
	at com.kms.katalon.core.main.TestCaseExecutor.runScript(TestCaseExecutor.java:448)
	at com.kms.katalon.core.main.TestCaseExecutor.doExecute(TestCaseExecutor.java:439)
	at com.kms.katalon.core.main.TestCaseExecutor.processExecutionPhase(TestCaseExecutor.java:418)
	at com.kms.katalon.core.main.TestCaseExecutor.accessMainPhase(TestCaseExecutor.java:410)
	at com.kms.katalon.core.main.TestCaseExecutor.execute(TestCaseExecutor.java:285)
	at com.kms.katalon.core.common.CommonExecutor.accessTestCaseMainPhase(CommonExecutor.java:65)
	at com.kms.katalon.core.main.TestSuiteExecutor.accessTestSuiteMainPhase(TestSuiteExecutor.java:148)
	at com.kms.katalon.core.main.TestSuiteExecutor.execute(TestSuiteExecutor.java:106)
	at com.kms.katalon.core.main.TestCaseMain.startTestSuite(TestCaseMain.java:187)
	at com.kms.katalon.core.main.TestCaseMain$startTestSuite$0.call(Unknown Source)
	at TempTestSuite1696420804604.run(TempTestSuite1696420804604.groovy:36)
Caused by: com.kms.katalon.core.exception.StepFailedException: Call Test Case 'Test Cases/T13 Pembelian, Shipment dan Pembayaran/SA-002' failed
	at com.kms.katalon.core.keyword.builtin.CallTestCaseKeyword$_callTestCase_closure1.doCall(CallTestCaseKeyword.groovy:63)
	at com.kms.katalon.core.keyword.builtin.CallTestCaseKeyword$_callTestCase_closure1.call(CallTestCaseKeyword.groovy)
	at com.kms.katalon.core.keyword.internal.KeywordMain.runKeyword(KeywordMain.groovy:75)
	at com.kms.katalon.core.keyword.builtin.CallTestCaseKeyword.callTestCase(CallTestCaseKeyword.groovy:81)
	at com.kms.katalon.core.keyword.builtin.CallTestCaseKeyword.execute(CallTestCaseKeyword.groovy:44)
	at com.kms.katalon.core.keyword.internal.KeywordExecutor.executeKeywordForPlatform(KeywordExecutor.groovy:74)
	at com.kms.katalon.core.keyword.BuiltinKeywords.callTestCase(BuiltinKeywords.groovy:310)
	at SA-005.run(SA-005:20)
	at com.kms.katalon.core.main.ScriptEngine.run(ScriptEngine.java:194)
	at com.kms.katalon.core.main.ScriptEngine.runScriptAsRawText(ScriptEngine.java:119)
	at com.kms.katalon.core.main.TestCaseExecutor.runScript(TestCaseExecutor.java:448)
	at com.kms.katalon.core.main.TestCaseExecutor.doExecute(TestCaseExecutor.java:439)
	at com.kms.katalon.core.main.TestCaseExecutor.processExecutionPhase(TestCaseExecutor.java:418)
	at com.kms.katalon.core.main.TestCaseExecutor.accessMainPhase(TestCaseExecutor.java:410)
	at com.kms.katalon.core.main.TestCaseExecutor.execute(TestCaseExecutor.java:285)
	at com.kms.katalon.core.main.TestCaseMain.runTestCase(TestCaseMain.java:144)
	at com.kms.katalon.core.keyword.builtin.CallTestCaseKeyword$_callTestCase_closure1.doCall(CallTestCaseKeyword.groovy:59)
	... 20 more
Caused by: com.kms.katalon.core.exception.StepFailedException: Call Test Case 'Test Cases/T13 Pembelian, Shipment dan Pembayaran/SA-001' failed
	at com.kms.katalon.core.keyword.builtin.CallTestCaseKeyword$_callTestCase_closure1.doCall(CallTestCaseKeyword.groovy:63)
	at com.kms.katalon.core.keyword.builtin.CallTestCaseKeyword$_callTestCase_closure1.call(CallTestCaseKeyword.groovy)
	at com.kms.katalon.core.keyword.internal.KeywordMain.runKeyword(KeywordMain.groovy:75)
	at com.kms.katalon.core.keyword.builtin.CallTestCaseKeyword.callTestCase(CallTestCaseKeyword.groovy:81)
	at com.kms.katalon.core.keyword.builtin.CallTestCaseKeyword.execute(CallTestCaseKeyword.groovy:44)
	at com.kms.katalon.core.keyword.internal.KeywordExecutor.executeKeywordForPlatform(KeywordExecutor.groovy:74)
	at com.kms.katalon.core.keyword.BuiltinKeywords.callTestCase(BuiltinKeywords.groovy:310)
	at SA-002.run(SA-002:20)
	at com.kms.katalon.core.main.ScriptEngine.run(ScriptEngine.java:194)
	at com.kms.katalon.core.main.ScriptEngine.runScriptAsRawText(ScriptEngine.java:119)
	at com.kms.katalon.core.main.TestCaseExecutor.runScript(TestCaseExecutor.java:448)
	at com.kms.katalon.core.main.TestCaseExecutor.doExecute(TestCaseExecutor.java:439)
	at com.kms.katalon.core.main.TestCaseExecutor.processExecutionPhase(TestCaseExecutor.java:418)
	at com.kms.katalon.core.main.TestCaseExecutor.accessMainPhase(TestCaseExecutor.java:410)
	at com.kms.katalon.core.main.TestCaseExecutor.execute(TestCaseExecutor.java:285)
	at com.kms.katalon.core.main.TestCaseMain.runTestCase(TestCaseMain.java:144)
	at com.kms.katalon.core.keyword.builtin.CallTestCaseKeyword$_callTestCase_closure1.doCall(CallTestCaseKeyword.groovy:59)
	... 36 more
Caused by: com.kms.katalon.core.exception.StepFailedException: Call Test Case 'Test Cases/T13 Pembelian, Shipment dan Pembayaran/PBYA-001' failed
	at com.kms.katalon.core.keyword.builtin.CallTestCaseKeyword$_callTestCase_closure1.doCall(CallTestCaseKeyword.groovy:63)
	at com.kms.katalon.core.keyword.builtin.CallTestCaseKeyword$_callTestCase_closure1.call(CallTestCaseKeyword.groovy)
	at com.kms.katalon.core.keyword.internal.KeywordMain.runKeyword(KeywordMain.groovy:75)
	at com.kms.katalon.core.keyword.builtin.CallTestCaseKeyword.callTestCase(CallTestCaseKeyword.groovy:81)
	at com.kms.katalon.core.keyword.builtin.CallTestCaseKeyword.execute(CallTestCaseKeyword.groovy:44)
	at com.kms.katalon.core.keyword.internal.KeywordExecutor.executeKeywordForPlatform(KeywordExecutor.groovy:74)
	at com.kms.katalon.core.keyword.BuiltinKeywords.callTestCase(BuiltinKeywords.groovy:310)
	at SA-001.run(SA-001:20)
	at com.kms.katalon.core.main.ScriptEngine.run(ScriptEngine.java:194)
	at com.kms.katalon.core.main.ScriptEngine.runScriptAsRawText(ScriptEngine.java:119)
	at com.kms.katalon.core.main.TestCaseExecutor.runScript(TestCaseExecutor.java:448)
	at com.kms.katalon.core.main.TestCaseExecutor.doExecute(TestCaseExecutor.java:439)
	at com.kms.katalon.core.main.TestCaseExecutor.processExecutionPhase(TestCaseExecutor.java:418)
	at com.kms.katalon.core.main.TestCaseExecutor.accessMainPhase(TestCaseExecutor.java:410)
	at com.kms.katalon.core.main.TestCaseExecutor.execute(TestCaseExecutor.java:285)
	at com.kms.katalon.core.main.TestCaseMain.runTestCase(TestCaseMain.java:144)
	at com.kms.katalon.core.keyword.builtin.CallTestCaseKeyword$_callTestCase_closure1.doCall(CallTestCaseKeyword.groovy:59)
	... 52 more
Caused by: com.kms.katalon.core.exception.StepFailedException: Unable to verify object 'Object Repository/admin/Konf order konsumen/Tittle Dashboard' is present
	at com.kms.katalon.core.webui.keyword.internal.WebUIKeywordMain.stepFailed(WebUIKeywordMain.groovy:64)
	at com.kms.katalon.core.webui.keyword.internal.WebUIKeywordMain.runKeyword(WebUIKeywordMain.groovy:26)
	at com.kms.katalon.core.webui.keyword.builtin.VerifyElementPresentKeyword.verifyElementPresent(VerifyElementPresentKeyword.groovy:92)
	at com.kms.katalon.core.webui.keyword.builtin.VerifyElementPresentKeyword.execute(VerifyElementPresentKeyword.groovy:68)
	at com.kms.katalon.core.keyword.internal.KeywordExecutor.executeKeywordForPlatform(KeywordExecutor.groovy:74)
	at com.kms.katalon.core.webui.keyword.WebUiBuiltInKeywords.verifyElementPresent(WebUiBuiltInKeywords.groovy:1464)
	at com.kms.katalon.core.webui.keyword.WebUiBuiltInKeywords$verifyElementPresent$1.call(Unknown Source)
	at PBYA-001.run(PBYA-001:37)
	at com.kms.katalon.core.main.ScriptEngine.run(ScriptEngine.java:194)
	at com.kms.katalon.core.main.ScriptEngine.runScriptAsRawText(ScriptEngine.java:119)
	at com.kms.katalon.core.main.TestCaseExecutor.runScript(TestCaseExecutor.java:448)
	at com.kms.katalon.core.main.TestCaseExecutor.doExecute(TestCaseExecutor.java:439)
	at com.kms.katalon.core.main.TestCaseExecutor.processExecutionPhase(TestCaseExecutor.java:418)
	at com.kms.katalon.core.main.TestCaseExecutor.accessMainPhase(TestCaseExecutor.java:410)
	at com.kms.katalon.core.main.TestCaseExecutor.execute(TestCaseExecutor.java:285)
	at com.kms.katalon.core.main.TestCaseMain.runTestCase(TestCaseMain.java:144)
	at com.kms.katalon.core.keyword.builtin.CallTestCaseKeyword$_callTestCase_closure1.doCall(CallTestCaseKeyword.groovy:59)
	... 68 more
Caused by: com.kms.katalon.core.exception.StepFailedException: com.kms.katalon.core.webui.exception.WebElementNotFoundException: Web element with id: 'Object Repository/admin/Konf order konsumen/Tittle Dashboard' located by '(.//*[normalize-space(text()) and normalize-space(.)='Logout'])[1]/following::h1[1]' not found
	at com.kms.katalon.core.webui.keyword.internal.WebUIKeywordMain.stepFailed(WebUIKeywordMain.groovy:64)
	at com.kms.katalon.core.webui.keyword.builtin.VerifyElementPresentKeyword$_verifyElementPresent_closure1.doCall(VerifyElementPresentKeyword.groovy:85)
	at com.kms.katalon.core.webui.keyword.builtin.VerifyElementPresentKeyword$_verifyElementPresent_closure1.call(VerifyElementPresentKeyword.groovy)
	at com.kms.katalon.core.webui.keyword.internal.WebUIKeywordMain.runKeyword(WebUIKeywordMain.groovy:20)
	... 83 more
)

2023-10-04 19:52:04 - [TEST_CASE][FAILED] - Test Cases/T13 Pembelian, Shipment dan Pembayaran/SA-005: Test Cases/T13 Pembelian, Shipment dan Pembayaran/SA-005 FAILED.
Reason:
com.kms.katalon.core.exception.StepFailedException: Call Test Case 'Test Cases/T13 Pembelian, Shipment dan Pembayaran/SA-002' failed
	at com.kms.katalon.core.keyword.builtin.CallTestCaseKeyword$_callTestCase_closure1.doCall(CallTestCaseKeyword.groovy:63)
	at com.kms.katalon.core.keyword.builtin.CallTestCaseKeyword$_callTestCase_closure1.call(CallTestCaseKeyword.groovy)
	at com.kms.katalon.core.keyword.internal.KeywordMain.runKeyword(KeywordMain.groovy:75)
	at com.kms.katalon.core.keyword.builtin.CallTestCaseKeyword.callTestCase(CallTestCaseKeyword.groovy:81)
	at com.kms.katalon.core.keyword.builtin.CallTestCaseKeyword.execute(CallTestCaseKeyword.groovy:44)
	at com.kms.katalon.core.keyword.internal.KeywordExecutor.executeKeywordForPlatform(KeywordExecutor.groovy:74)
	at com.kms.katalon.core.keyword.BuiltinKeywords.callTestCase(BuiltinKeywords.groovy:310)
	at SA-005.run(SA-005:20)
	at com.kms.katalon.core.main.ScriptEngine.run(ScriptEngine.java:194)
	at com.kms.katalon.core.main.ScriptEngine.runScriptAsRawText(ScriptEngine.java:119)
	at com.kms.katalon.core.main.TestCaseExecutor.runScript(TestCaseExecutor.java:448)
	at com.kms.katalon.core.main.TestCaseExecutor.doExecute(TestCaseExecutor.java:439)
	at com.kms.katalon.core.main.TestCaseExecutor.processExecutionPhase(TestCaseExecutor.java:418)
	at com.kms.katalon.core.main.TestCaseExecutor.accessMainPhase(TestCaseExecutor.java:410)
	at com.kms.katalon.core.main.TestCaseExecutor.execute(TestCaseExecutor.java:285)
	at com.kms.katalon.core.main.TestCaseMain.runTestCase(TestCaseMain.java:144)
	at com.kms.katalon.core.keyword.builtin.CallTestCaseKeyword$_callTestCase_closure1.doCall(CallTestCaseKeyword.groovy:59)
	at com.kms.katalon.core.keyword.builtin.CallTestCaseKeyword$_callTestCase_closure1.call(CallTestCaseKeyword.groovy)
	at com.kms.katalon.core.keyword.internal.KeywordMain.runKeyword(KeywordMain.groovy:75)
	at com.kms.katalon.core.keyword.builtin.CallTestCaseKeyword.callTestCase(CallTestCaseKeyword.groovy:81)
	at com.kms.katalon.core.keyword.builtin.CallTestCaseKeyword.execute(CallTestCaseKeyword.groovy:44)
	at com.kms.katalon.core.keyword.internal.KeywordExecutor.executeKeywordForPlatform(KeywordExecutor.groovy:74)
	at com.kms.katalon.core.keyword.BuiltinKeywords.callTestCase(BuiltinKeywords.groovy:310)
	at SU-007.run(SU-007:24)
	at com.kms.katalon.core.main.ScriptEngine.run(ScriptEngine.java:194)
	at com.kms.katalon.core.main.ScriptEngine.runScriptAsRawText(ScriptEngine.java:119)
	at com.kms.katalon.core.main.TestCaseExecutor.runScript(TestCaseExecutor.java:448)
	at com.kms.katalon.core.main.TestCaseExecutor.doExecute(TestCaseExecutor.java:439)
	at com.kms.katalon.core.main.TestCaseExecutor.processExecutionPhase(TestCaseExecutor.java:418)
	at com.kms.katalon.core.main.TestCaseExecutor.accessMainPhase(TestCaseExecutor.java:410)
	at com.kms.katalon.core.main.TestCaseExecutor.execute(TestCaseExecutor.java:285)
	at com.kms.katalon.core.common.CommonExecutor.accessTestCaseMainPhase(CommonExecutor.java:65)
	at com.kms.katalon.core.main.TestSuiteExecutor.accessTestSuiteMainPhase(TestSuiteExecutor.java:148)
	at com.kms.katalon.core.main.TestSuiteExecutor.execute(TestSuiteExecutor.java:106)
	at com.kms.katalon.core.main.TestCaseMain.startTestSuite(TestCaseMain.java:187)
	at com.kms.katalon.core.main.TestCaseMain$startTestSuite$0.call(Unknown Source)
	at TempTestSuite1696420804604.run(TempTestSuite1696420804604.groovy:36)
Caused by: com.kms.katalon.core.exception.StepFailedException: Call Test Case 'Test Cases/T13 Pembelian, Shipment dan Pembayaran/SA-001' failed
	at com.kms.katalon.core.keyword.builtin.CallTestCaseKeyword$_callTestCase_closure1.doCall(CallTestCaseKeyword.groovy:63)
	at com.kms.katalon.core.keyword.builtin.CallTestCaseKeyword$_callTestCase_closure1.call(CallTestCaseKeyword.groovy)
	at com.kms.katalon.core.keyword.internal.KeywordMain.runKeyword(KeywordMain.groovy:75)
	at com.kms.katalon.core.keyword.builtin.CallTestCaseKeyword.callTestCase(CallTestCaseKeyword.groovy:81)
	at com.kms.katalon.core.keyword.builtin.CallTestCaseKeyword.execute(CallTestCaseKeyword.groovy:44)
	at com.kms.katalon.core.keyword.internal.KeywordExecutor.executeKeywordForPlatform(KeywordExecutor.groovy:74)
	at com.kms.katalon.core.keyword.BuiltinKeywords.callTestCase(BuiltinKeywords.groovy:310)
	at SA-002.run(SA-002:20)
	at com.kms.katalon.core.main.ScriptEngine.run(ScriptEngine.java:194)
	at com.kms.katalon.core.main.ScriptEngine.runScriptAsRawText(ScriptEngine.java:119)
	at com.kms.katalon.core.main.TestCaseExecutor.runScript(TestCaseExecutor.java:448)
	at com.kms.katalon.core.main.TestCaseExecutor.doExecute(TestCaseExecutor.java:439)
	at com.kms.katalon.core.main.TestCaseExecutor.processExecutionPhase(TestCaseExecutor.java:418)
	at com.kms.katalon.core.main.TestCaseExecutor.accessMainPhase(TestCaseExecutor.java:410)
	at com.kms.katalon.core.main.TestCaseExecutor.execute(TestCaseExecutor.java:285)
	at com.kms.katalon.core.main.TestCaseMain.runTestCase(TestCaseMain.java:144)
	at com.kms.katalon.core.keyword.builtin.CallTestCaseKeyword$_callTestCase_closure1.doCall(CallTestCaseKeyword.groovy:59)
	... 36 more
Caused by: com.kms.katalon.core.exception.StepFailedException: Call Test Case 'Test Cases/T13 Pembelian, Shipment dan Pembayaran/PBYA-001' failed
	at com.kms.katalon.core.keyword.builtin.CallTestCaseKeyword$_callTestCase_closure1.doCall(CallTestCaseKeyword.groovy:63)
	at com.kms.katalon.core.keyword.builtin.CallTestCaseKeyword$_callTestCase_closure1.call(CallTestCaseKeyword.groovy)
	at com.kms.katalon.core.keyword.internal.KeywordMain.runKeyword(KeywordMain.groovy:75)
	at com.kms.katalon.core.keyword.builtin.CallTestCaseKeyword.callTestCase(CallTestCaseKeyword.groovy:81)
	at com.kms.katalon.core.keyword.builtin.CallTestCaseKeyword.execute(CallTestCaseKeyword.groovy:44)
	at com.kms.katalon.core.keyword.internal.KeywordExecutor.executeKeywordForPlatform(KeywordExecutor.groovy:74)
	at com.kms.katalon.core.keyword.BuiltinKeywords.callTestCase(BuiltinKeywords.groovy:310)
	at SA-001.run(SA-001:20)
	at com.kms.katalon.core.main.ScriptEngine.run(ScriptEngine.java:194)
	at com.kms.katalon.core.main.ScriptEngine.runScriptAsRawText(ScriptEngine.java:119)
	at com.kms.katalon.core.main.TestCaseExecutor.runScript(TestCaseExecutor.java:448)
	at com.kms.katalon.core.main.TestCaseExecutor.doExecute(TestCaseExecutor.java:439)
	at com.kms.katalon.core.main.TestCaseExecutor.processExecutionPhase(TestCaseExecutor.java:418)
	at com.kms.katalon.core.main.TestCaseExecutor.accessMainPhase(TestCaseExecutor.java:410)
	at com.kms.katalon.core.main.TestCaseExecutor.execute(TestCaseExecutor.java:285)
	at com.kms.katalon.core.main.TestCaseMain.runTestCase(TestCaseMain.java:144)
	at com.kms.katalon.core.keyword.builtin.CallTestCaseKeyword$_callTestCase_closure1.doCall(CallTestCaseKeyword.groovy:59)
	... 52 more
Caused by: com.kms.katalon.core.exception.StepFailedException: Unable to verify object 'Object Repository/admin/Konf order konsumen/Tittle Dashboard' is present
	at com.kms.katalon.core.webui.keyword.internal.WebUIKeywordMain.stepFailed(WebUIKeywordMain.groovy:64)
	at com.kms.katalon.core.webui.keyword.internal.WebUIKeywordMain.runKeyword(WebUIKeywordMain.groovy:26)
	at com.kms.katalon.core.webui.keyword.builtin.VerifyElementPresentKeyword.verifyElementPresent(VerifyElementPresentKeyword.groovy:92)
	at com.kms.katalon.core.webui.keyword.builtin.VerifyElementPresentKeyword.execute(VerifyElementPresentKeyword.groovy:68)
	at com.kms.katalon.core.keyword.internal.KeywordExecutor.executeKeywordForPlatform(KeywordExecutor.groovy:74)
	at com.kms.katalon.core.webui.keyword.WebUiBuiltInKeywords.verifyElementPresent(WebUiBuiltInKeywords.groovy:1464)
	at com.kms.katalon.core.webui.keyword.WebUiBuiltInKeywords$verifyElementPresent$1.call(Unknown Source)
	at PBYA-001.run(PBYA-001:37)
	at com.kms.katalon.core.main.ScriptEngine.run(ScriptEngine.java:194)
	at com.kms.katalon.core.main.ScriptEngine.runScriptAsRawText(ScriptEngine.java:119)
	at com.kms.katalon.core.main.TestCaseExecutor.runScript(TestCaseExecutor.java:448)
	at com.kms.katalon.core.main.TestCaseExecutor.doExecute(TestCaseExecutor.java:439)
	at com.kms.katalon.core.main.TestCaseExecutor.processExecutionPhase(TestCaseExecutor.java:418)
	at com.kms.katalon.core.main.TestCaseExecutor.accessMainPhase(TestCaseExecutor.java:410)
	at com.kms.katalon.core.main.TestCaseExecutor.execute(TestCaseExecutor.java:285)
	at com.kms.katalon.core.main.TestCaseMain.runTestCase(TestCaseMain.java:144)
	at com.kms.katalon.core.keyword.builtin.CallTestCaseKeyword$_callTestCase_closure1.doCall(CallTestCaseKeyword.groovy:59)
	... 68 more
Caused by: com.kms.katalon.core.exception.StepFailedException: com.kms.katalon.core.webui.exception.WebElementNotFoundException: Web element with id: 'Object Repository/admin/Konf order konsumen/Tittle Dashboard' located by '(.//*[normalize-space(text()) and normalize-space(.)='Logout'])[1]/following::h1[1]' not found
	at com.kms.katalon.core.webui.keyword.internal.WebUIKeywordMain.stepFailed(WebUIKeywordMain.groovy:64)
	at com.kms.katalon.core.webui.keyword.builtin.VerifyElementPresentKeyword$_verifyElementPresent_closure1.doCall(VerifyElementPresentKeyword.groovy:85)
	at com.kms.katalon.core.webui.keyword.builtin.VerifyElementPresentKeyword$_verifyElementPresent_closure1.call(VerifyElementPresentKeyword.groovy)
	at com.kms.katalon.core.webui.keyword.internal.WebUIKeywordMain.runKeyword(WebUIKeywordMain.groovy:20)
	... 83 more


2023-10-04 19:52:04 - [TEST_STEP][FAILED] - data = callTestCase(findTestCase("T13 Pembelian, Shipment dan Pembayaran/SA-002"), [:], STOP_ON_FAILURE): Unable to call Test Case 'Test Cases/T13 Pembelian, Shipment dan Pembayaran/SA-002' (Root cause: com.kms.katalon.core.exception.StepFailedException: Call Test Case 'Test Cases/T13 Pembelian, Shipment dan Pembayaran/SA-002' failed
	at com.kms.katalon.core.keyword.builtin.CallTestCaseKeyword$_callTestCase_closure1.doCall(CallTestCaseKeyword.groovy:63)
	at com.kms.katalon.core.keyword.builtin.CallTestCaseKeyword$_callTestCase_closure1.call(CallTestCaseKeyword.groovy)
	at com.kms.katalon.core.keyword.internal.KeywordMain.runKeyword(KeywordMain.groovy:75)
	at com.kms.katalon.core.keyword.builtin.CallTestCaseKeyword.callTestCase(CallTestCaseKeyword.groovy:81)
	at com.kms.katalon.core.keyword.builtin.CallTestCaseKeyword.execute(CallTestCaseKeyword.groovy:44)
	at com.kms.katalon.core.keyword.internal.KeywordExecutor.executeKeywordForPlatform(KeywordExecutor.groovy:74)
	at com.kms.katalon.core.keyword.BuiltinKeywords.callTestCase(BuiltinKeywords.groovy:310)
	at SA-005.run(SA-005:20)
	at com.kms.katalon.core.main.ScriptEngine.run(ScriptEngine.java:194)
	at com.kms.katalon.core.main.ScriptEngine.runScriptAsRawText(ScriptEngine.java:119)
	at com.kms.katalon.core.main.TestCaseExecutor.runScript(TestCaseExecutor.java:448)
	at com.kms.katalon.core.main.TestCaseExecutor.doExecute(TestCaseExecutor.java:439)
	at com.kms.katalon.core.main.TestCaseExecutor.processExecutionPhase(TestCaseExecutor.java:418)
	at com.kms.katalon.core.main.TestCaseExecutor.accessMainPhase(TestCaseExecutor.java:410)
	at com.kms.katalon.core.main.TestCaseExecutor.execute(TestCaseExecutor.java:285)
	at com.kms.katalon.core.main.TestCaseMain.runTestCase(TestCaseMain.java:144)
	at com.kms.katalon.core.keyword.builtin.CallTestCaseKeyword$_callTestCase_closure1.doCall(CallTestCaseKeyword.groovy:59)
	at com.kms.katalon.core.keyword.builtin.CallTestCaseKeyword$_callTestCase_closure1.call(CallTestCaseKeyword.groovy)
	at com.kms.katalon.core.keyword.internal.KeywordMain.runKeyword(KeywordMain.groovy:75)
	at com.kms.katalon.core.keyword.builtin.CallTestCaseKeyword.callTestCase(CallTestCaseKeyword.groovy:81)
	at com.kms.katalon.core.keyword.builtin.CallTestCaseKeyword.execute(CallTestCaseKeyword.groovy:44)
	at com.kms.katalon.core.keyword.internal.KeywordExecutor.executeKeywordForPlatform(KeywordExecutor.groovy:74)
	at com.kms.katalon.core.keyword.BuiltinKeywords.callTestCase(BuiltinKeywords.groovy:310)
	at SU-007.run(SU-007:24)
	at com.kms.katalon.core.main.ScriptEngine.run(ScriptEngine.java:194)
	at com.kms.katalon.core.main.ScriptEngine.runScriptAsRawText(ScriptEngine.java:119)
	at com.kms.katalon.core.main.TestCaseExecutor.runScript(TestCaseExecutor.java:448)
	at com.kms.katalon.core.main.TestCaseExecutor.doExecute(TestCaseExecutor.java:439)
	at com.kms.katalon.core.main.TestCaseExecutor.processExecutionPhase(TestCaseExecutor.java:418)
	at com.kms.katalon.core.main.TestCaseExecutor.accessMainPhase(TestCaseExecutor.java:410)
	at com.kms.katalon.core.main.TestCaseExecutor.execute(TestCaseExecutor.java:285)
	at com.kms.katalon.core.common.CommonExecutor.accessTestCaseMainPhase(CommonExecutor.java:65)
	at com.kms.katalon.core.main.TestSuiteExecutor.accessTestSuiteMainPhase(TestSuiteExecutor.java:148)
	at com.kms.katalon.core.main.TestSuiteExecutor.execute(TestSuiteExecutor.java:106)
	at com.kms.katalon.core.main.TestCaseMain.startTestSuite(TestCaseMain.java:187)
	at com.kms.katalon.core.main.TestCaseMain$startTestSuite$0.call(Unknown Source)
	at TempTestSuite1696420804604.run(TempTestSuite1696420804604.groovy:36)
Caused by: com.kms.katalon.core.exception.StepFailedException: Call Test Case 'Test Cases/T13 Pembelian, Shipment dan Pembayaran/SA-001' failed
	at com.kms.katalon.core.keyword.builtin.CallTestCaseKeyword$_callTestCase_closure1.doCall(CallTestCaseKeyword.groovy:63)
	at com.kms.katalon.core.keyword.builtin.CallTestCaseKeyword$_callTestCase_closure1.call(CallTestCaseKeyword.groovy)
	at com.kms.katalon.core.keyword.internal.KeywordMain.runKeyword(KeywordMain.groovy:75)
	at com.kms.katalon.core.keyword.builtin.CallTestCaseKeyword.callTestCase(CallTestCaseKeyword.groovy:81)
	at com.kms.katalon.core.keyword.builtin.CallTestCaseKeyword.execute(CallTestCaseKeyword.groovy:44)
	at com.kms.katalon.core.keyword.internal.KeywordExecutor.executeKeywordForPlatform(KeywordExecutor.groovy:74)
	at com.kms.katalon.core.keyword.BuiltinKeywords.callTestCase(BuiltinKeywords.groovy:310)
	at SA-002.run(SA-002:20)
	at com.kms.katalon.core.main.ScriptEngine.run(ScriptEngine.java:194)
	at com.kms.katalon.core.main.ScriptEngine.runScriptAsRawText(ScriptEngine.java:119)
	at com.kms.katalon.core.main.TestCaseExecutor.runScript(TestCaseExecutor.java:448)
	at com.kms.katalon.core.main.TestCaseExecutor.doExecute(TestCaseExecutor.java:439)
	at com.kms.katalon.core.main.TestCaseExecutor.processExecutionPhase(TestCaseExecutor.java:418)
	at com.kms.katalon.core.main.TestCaseExecutor.accessMainPhase(TestCaseExecutor.java:410)
	at com.kms.katalon.core.main.TestCaseExecutor.execute(TestCaseExecutor.java:285)
	at com.kms.katalon.core.main.TestCaseMain.runTestCase(TestCaseMain.java:144)
	at com.kms.katalon.core.keyword.builtin.CallTestCaseKeyword$_callTestCase_closure1.doCall(CallTestCaseKeyword.groovy:59)
	... 36 more
Caused by: com.kms.katalon.core.exception.StepFailedException: Call Test Case 'Test Cases/T13 Pembelian, Shipment dan Pembayaran/PBYA-001' failed
	at com.kms.katalon.core.keyword.builtin.CallTestCaseKeyword$_callTestCase_closure1.doCall(CallTestCaseKeyword.groovy:63)
	at com.kms.katalon.core.keyword.builtin.CallTestCaseKeyword$_callTestCase_closure1.call(CallTestCaseKeyword.groovy)
	at com.kms.katalon.core.keyword.internal.KeywordMain.runKeyword(KeywordMain.groovy:75)
	at com.kms.katalon.core.keyword.builtin.CallTestCaseKeyword.callTestCase(CallTestCaseKeyword.groovy:81)
	at com.kms.katalon.core.keyword.builtin.CallTestCaseKeyword.execute(CallTestCaseKeyword.groovy:44)
	at com.kms.katalon.core.keyword.internal.KeywordExecutor.executeKeywordForPlatform(KeywordExecutor.groovy:74)
	at com.kms.katalon.core.keyword.BuiltinKeywords.callTestCase(BuiltinKeywords.groovy:310)
	at SA-001.run(SA-001:20)
	at com.kms.katalon.core.main.ScriptEngine.run(ScriptEngine.java:194)
	at com.kms.katalon.core.main.ScriptEngine.runScriptAsRawText(ScriptEngine.java:119)
	at com.kms.katalon.core.main.TestCaseExecutor.runScript(TestCaseExecutor.java:448)
	at com.kms.katalon.core.main.TestCaseExecutor.doExecute(TestCaseExecutor.java:439)
	at com.kms.katalon.core.main.TestCaseExecutor.processExecutionPhase(TestCaseExecutor.java:418)
	at com.kms.katalon.core.main.TestCaseExecutor.accessMainPhase(TestCaseExecutor.java:410)
	at com.kms.katalon.core.main.TestCaseExecutor.execute(TestCaseExecutor.java:285)
	at com.kms.katalon.core.main.TestCaseMain.runTestCase(TestCaseMain.java:144)
	at com.kms.katalon.core.keyword.builtin.CallTestCaseKeyword$_callTestCase_closure1.doCall(CallTestCaseKeyword.groovy:59)
	... 52 more
Caused by: com.kms.katalon.core.exception.StepFailedException: Unable to verify object 'Object Repository/admin/Konf order konsumen/Tittle Dashboard' is present
	at com.kms.katalon.core.webui.keyword.internal.WebUIKeywordMain.stepFailed(WebUIKeywordMain.groovy:64)
	at com.kms.katalon.core.webui.keyword.internal.WebUIKeywordMain.runKeyword(WebUIKeywordMain.groovy:26)
	at com.kms.katalon.core.webui.keyword.builtin.VerifyElementPresentKeyword.verifyElementPresent(VerifyElementPresentKeyword.groovy:92)
	at com.kms.katalon.core.webui.keyword.builtin.VerifyElementPresentKeyword.execute(VerifyElementPresentKeyword.groovy:68)
	at com.kms.katalon.core.keyword.internal.KeywordExecutor.executeKeywordForPlatform(KeywordExecutor.groovy:74)
	at com.kms.katalon.core.webui.keyword.WebUiBuiltInKeywords.verifyElementPresent(WebUiBuiltInKeywords.groovy:1464)
	at com.kms.katalon.core.webui.keyword.WebUiBuiltInKeywords$verifyElementPresent$1.call(Unknown Source)
	at PBYA-001.run(PBYA-001:37)
	at com.kms.katalon.core.main.ScriptEngine.run(ScriptEngine.java:194)
	at com.kms.katalon.core.main.ScriptEngine.runScriptAsRawText(ScriptEngine.java:119)
	at com.kms.katalon.core.main.TestCaseExecutor.runScript(TestCaseExecutor.java:448)
	at com.kms.katalon.core.main.TestCaseExecutor.doExecute(TestCaseExecutor.java:439)
	at com.kms.katalon.core.main.TestCaseExecutor.processExecutionPhase(TestCaseExecutor.java:418)
	at com.kms.katalon.core.main.TestCaseExecutor.accessMainPhase(TestCaseExecutor.java:410)
	at com.kms.katalon.core.main.TestCaseExecutor.execute(TestCaseExecutor.java:285)
	at com.kms.katalon.core.main.TestCaseMain.runTestCase(TestCaseMain.java:144)
	at com.kms.katalon.core.keyword.builtin.CallTestCaseKeyword$_callTestCase_closure1.doCall(CallTestCaseKeyword.groovy:59)
	... 68 more
Caused by: com.kms.katalon.core.exception.StepFailedException: com.kms.katalon.core.webui.exception.WebElementNotFoundException: Web element with id: 'Object Repository/admin/Konf order konsumen/Tittle Dashboard' located by '(.//*[normalize-space(text()) and normalize-space(.)='Logout'])[1]/following::h1[1]' not found
	at com.kms.katalon.core.webui.keyword.internal.WebUIKeywordMain.stepFailed(WebUIKeywordMain.groovy:64)
	at com.kms.katalon.core.webui.keyword.builtin.VerifyElementPresentKeyword$_verifyElementPresent_closure1.doCall(VerifyElementPresentKeyword.groovy:85)
	at com.kms.katalon.core.webui.keyword.builtin.VerifyElementPresentKeyword$_verifyElementPresent_closure1.call(VerifyElementPresentKeyword.groovy)
	at com.kms.katalon.core.webui.keyword.internal.WebUIKeywordMain.runKeyword(WebUIKeywordMain.groovy:20)
	... 83 more
)

2023-10-04 19:52:04 - [TEST_CASE][FAILED] - Test Cases/T13 Pembelian, Shipment dan Pembayaran/SA-002: Test Cases/T13 Pembelian, Shipment dan Pembayaran/SA-002 FAILED.
Reason:
com.kms.katalon.core.exception.StepFailedException: Call Test Case 'Test Cases/T13 Pembelian, Shipment dan Pembayaran/SA-001' failed
	at com.kms.katalon.core.keyword.builtin.CallTestCaseKeyword$_callTestCase_closure1.doCall(CallTestCaseKeyword.groovy:63)
	at com.kms.katalon.core.keyword.builtin.CallTestCaseKeyword$_callTestCase_closure1.call(CallTestCaseKeyword.groovy)
	at com.kms.katalon.core.keyword.internal.KeywordMain.runKeyword(KeywordMain.groovy:75)
	at com.kms.katalon.core.keyword.builtin.CallTestCaseKeyword.callTestCase(CallTestCaseKeyword.groovy:81)
	at com.kms.katalon.core.keyword.builtin.CallTestCaseKeyword.execute(CallTestCaseKeyword.groovy:44)
	at com.kms.katalon.core.keyword.internal.KeywordExecutor.executeKeywordForPlatform(KeywordExecutor.groovy:74)
	at com.kms.katalon.core.keyword.BuiltinKeywords.callTestCase(BuiltinKeywords.groovy:310)
	at SA-002.run(SA-002:20)
	at com.kms.katalon.core.main.ScriptEngine.run(ScriptEngine.java:194)
	at com.kms.katalon.core.main.ScriptEngine.runScriptAsRawText(ScriptEngine.java:119)
	at com.kms.katalon.core.main.TestCaseExecutor.runScript(TestCaseExecutor.java:448)
	at com.kms.katalon.core.main.TestCaseExecutor.doExecute(TestCaseExecutor.java:439)
	at com.kms.katalon.core.main.TestCaseExecutor.processExecutionPhase(TestCaseExecutor.java:418)
	at com.kms.katalon.core.main.TestCaseExecutor.accessMainPhase(TestCaseExecutor.java:410)
	at com.kms.katalon.core.main.TestCaseExecutor.execute(TestCaseExecutor.java:285)
	at com.kms.katalon.core.main.TestCaseMain.runTestCase(TestCaseMain.java:144)
	at com.kms.katalon.core.keyword.builtin.CallTestCaseKeyword$_callTestCase_closure1.doCall(CallTestCaseKeyword.groovy:59)
	at com.kms.katalon.core.keyword.builtin.CallTestCaseKeyword$_callTestCase_closure1.call(CallTestCaseKeyword.groovy)
	at com.kms.katalon.core.keyword.internal.KeywordMain.runKeyword(KeywordMain.groovy:75)
	at com.kms.katalon.core.keyword.builtin.CallTestCaseKeyword.callTestCase(CallTestCaseKeyword.groovy:81)
	at com.kms.katalon.core.keyword.builtin.CallTestCaseKeyword.execute(CallTestCaseKeyword.groovy:44)
	at com.kms.katalon.core.keyword.internal.KeywordExecutor.executeKeywordForPlatform(KeywordExecutor.groovy:74)
	at com.kms.katalon.core.keyword.BuiltinKeywords.callTestCase(BuiltinKeywords.groovy:310)
	at SA-005.run(SA-005:20)
	at com.kms.katalon.core.main.ScriptEngine.run(ScriptEngine.java:194)
	at com.kms.katalon.core.main.ScriptEngine.runScriptAsRawText(ScriptEngine.java:119)
	at com.kms.katalon.core.main.TestCaseExecutor.runScript(TestCaseExecutor.java:448)
	at com.kms.katalon.core.main.TestCaseExecutor.doExecute(TestCaseExecutor.java:439)
	at com.kms.katalon.core.main.TestCaseExecutor.processExecutionPhase(TestCaseExecutor.java:418)
	at com.kms.katalon.core.main.TestCaseExecutor.accessMainPhase(TestCaseExecutor.java:410)
	at com.kms.katalon.core.main.TestCaseExecutor.execute(TestCaseExecutor.java:285)
	at com.kms.katalon.core.main.TestCaseMain.runTestCase(TestCaseMain.java:144)
	at com.kms.katalon.core.keyword.builtin.CallTestCaseKeyword$_callTestCase_closure1.doCall(CallTestCaseKeyword.groovy:59)
	at com.kms.katalon.core.keyword.builtin.CallTestCaseKeyword$_callTestCase_closure1.call(CallTestCaseKeyword.groovy)
	at com.kms.katalon.core.keyword.internal.KeywordMain.runKeyword(KeywordMain.groovy:75)
	at com.kms.katalon.core.keyword.builtin.CallTestCaseKeyword.callTestCase(CallTestCaseKeyword.groovy:81)
	at com.kms.katalon.core.keyword.builtin.CallTestCaseKeyword.execute(CallTestCaseKeyword.groovy:44)
	at com.kms.katalon.core.keyword.internal.KeywordExecutor.executeKeywordForPlatform(KeywordExecutor.groovy:74)
	at com.kms.katalon.core.keyword.BuiltinKeywords.callTestCase(BuiltinKeywords.groovy:310)
	at SU-007.run(SU-007:24)
	at com.kms.katalon.core.main.ScriptEngine.run(ScriptEngine.java:194)
	at com.kms.katalon.core.main.ScriptEngine.runScriptAsRawText(ScriptEngine.java:119)
	at com.kms.katalon.core.main.TestCaseExecutor.runScript(TestCaseExecutor.java:448)
	at com.kms.katalon.core.main.TestCaseExecutor.doExecute(TestCaseExecutor.java:439)
	at com.kms.katalon.core.main.TestCaseExecutor.processExecutionPhase(TestCaseExecutor.java:418)
	at com.kms.katalon.core.main.TestCaseExecutor.accessMainPhase(TestCaseExecutor.java:410)
	at com.kms.katalon.core.main.TestCaseExecutor.execute(TestCaseExecutor.java:285)
	at com.kms.katalon.core.common.CommonExecutor.accessTestCaseMainPhase(CommonExecutor.java:65)
	at com.kms.katalon.core.main.TestSuiteExecutor.accessTestSuiteMainPhase(TestSuiteExecutor.java:148)
	at com.kms.katalon.core.main.TestSuiteExecutor.execute(TestSuiteExecutor.java:106)
	at com.kms.katalon.core.main.TestCaseMain.startTestSuite(TestCaseMain.java:187)
	at com.kms.katalon.core.main.TestCaseMain$startTestSuite$0.call(Unknown Source)
	at TempTestSuite1696420804604.run(TempTestSuite1696420804604.groovy:36)
Caused by: com.kms.katalon.core.exception.StepFailedException: Call Test Case 'Test Cases/T13 Pembelian, Shipment dan Pembayaran/PBYA-001' failed
	at com.kms.katalon.core.keyword.builtin.CallTestCaseKeyword$_callTestCase_closure1.doCall(CallTestCaseKeyword.groovy:63)
	at com.kms.katalon.core.keyword.builtin.CallTestCaseKeyword$_callTestCase_closure1.call(CallTestCaseKeyword.groovy)
	at com.kms.katalon.core.keyword.internal.KeywordMain.runKeyword(KeywordMain.groovy:75)
	at com.kms.katalon.core.keyword.builtin.CallTestCaseKeyword.callTestCase(CallTestCaseKeyword.groovy:81)
	at com.kms.katalon.core.keyword.builtin.CallTestCaseKeyword.execute(CallTestCaseKeyword.groovy:44)
	at com.kms.katalon.core.keyword.internal.KeywordExecutor.executeKeywordForPlatform(KeywordExecutor.groovy:74)
	at com.kms.katalon.core.keyword.BuiltinKeywords.callTestCase(BuiltinKeywords.groovy:310)
	at SA-001.run(SA-001:20)
	at com.kms.katalon.core.main.ScriptEngine.run(ScriptEngine.java:194)
	at com.kms.katalon.core.main.ScriptEngine.runScriptAsRawText(ScriptEngine.java:119)
	at com.kms.katalon.core.main.TestCaseExecutor.runScript(TestCaseExecutor.java:448)
	at com.kms.katalon.core.main.TestCaseExecutor.doExecute(TestCaseExecutor.java:439)
	at com.kms.katalon.core.main.TestCaseExecutor.processExecutionPhase(TestCaseExecutor.java:418)
	at com.kms.katalon.core.main.TestCaseExecutor.accessMainPhase(TestCaseExecutor.java:410)
	at com.kms.katalon.core.main.TestCaseExecutor.execute(TestCaseExecutor.java:285)
	at com.kms.katalon.core.main.TestCaseMain.runTestCase(TestCaseMain.java:144)
	at com.kms.katalon.core.keyword.builtin.CallTestCaseKeyword$_callTestCase_closure1.doCall(CallTestCaseKeyword.groovy:59)
	... 52 more
Caused by: com.kms.katalon.core.exception.StepFailedException: Unable to verify object 'Object Repository/admin/Konf order konsumen/Tittle Dashboard' is present
	at com.kms.katalon.core.webui.keyword.internal.WebUIKeywordMain.stepFailed(WebUIKeywordMain.groovy:64)
	at com.kms.katalon.core.webui.keyword.internal.WebUIKeywordMain.runKeyword(WebUIKeywordMain.groovy:26)
	at com.kms.katalon.core.webui.keyword.builtin.VerifyElementPresentKeyword.verifyElementPresent(VerifyElementPresentKeyword.groovy:92)
	at com.kms.katalon.core.webui.keyword.builtin.VerifyElementPresentKeyword.execute(VerifyElementPresentKeyword.groovy:68)
	at com.kms.katalon.core.keyword.internal.KeywordExecutor.executeKeywordForPlatform(KeywordExecutor.groovy:74)
	at com.kms.katalon.core.webui.keyword.WebUiBuiltInKeywords.verifyElementPresent(WebUiBuiltInKeywords.groovy:1464)
	at com.kms.katalon.core.webui.keyword.WebUiBuiltInKeywords$verifyElementPresent$1.call(Unknown Source)
	at PBYA-001.run(PBYA-001:37)
	at com.kms.katalon.core.main.ScriptEngine.run(ScriptEngine.java:194)
	at com.kms.katalon.core.main.ScriptEngine.runScriptAsRawText(ScriptEngine.java:119)
	at com.kms.katalon.core.main.TestCaseExecutor.runScript(TestCaseExecutor.java:448)
	at com.kms.katalon.core.main.TestCaseExecutor.doExecute(TestCaseExecutor.java:439)
	at com.kms.katalon.core.main.TestCaseExecutor.processExecutionPhase(TestCaseExecutor.java:418)
	at com.kms.katalon.core.main.TestCaseExecutor.accessMainPhase(TestCaseExecutor.java:410)
	at com.kms.katalon.core.main.TestCaseExecutor.execute(TestCaseExecutor.java:285)
	at com.kms.katalon.core.main.TestCaseMain.runTestCase(TestCaseMain.java:144)
	at com.kms.katalon.core.keyword.builtin.CallTestCaseKeyword$_callTestCase_closure1.doCall(CallTestCaseKeyword.groovy:59)
	... 68 more
Caused by: com.kms.katalon.core.exception.StepFailedException: com.kms.katalon.core.webui.exception.WebElementNotFoundException: Web element with id: 'Object Repository/admin/Konf order konsumen/Tittle Dashboard' located by '(.//*[normalize-space(text()) and normalize-space(.)='Logout'])[1]/following::h1[1]' not found
	at com.kms.katalon.core.webui.keyword.internal.WebUIKeywordMain.stepFailed(WebUIKeywordMain.groovy:64)
	at com.kms.katalon.core.webui.keyword.builtin.VerifyElementPresentKeyword$_verifyElementPresent_closure1.doCall(VerifyElementPresentKeyword.groovy:85)
	at com.kms.katalon.core.webui.keyword.builtin.VerifyElementPresentKeyword$_verifyElementPresent_closure1.call(VerifyElementPresentKeyword.groovy)
	at com.kms.katalon.core.webui.keyword.internal.WebUIKeywordMain.runKeyword(WebUIKeywordMain.groovy:20)
	... 83 more


2023-10-04 19:52:04 - [TEST_STEP][FAILED] - data = callTestCase(findTestCase("T13 Pembelian, Shipment dan Pembayaran/SA-001"), [:], STOP_ON_FAILURE): Unable to call Test Case 'Test Cases/T13 Pembelian, Shipment dan Pembayaran/SA-001' (Root cause: com.kms.katalon.core.exception.StepFailedException: Call Test Case 'Test Cases/T13 Pembelian, Shipment dan Pembayaran/SA-001' failed
	at com.kms.katalon.core.keyword.builtin.CallTestCaseKeyword$_callTestCase_closure1.doCall(CallTestCaseKeyword.groovy:63)
	at com.kms.katalon.core.keyword.builtin.CallTestCaseKeyword$_callTestCase_closure1.call(CallTestCaseKeyword.groovy)
	at com.kms.katalon.core.keyword.internal.KeywordMain.runKeyword(KeywordMain.groovy:75)
	at com.kms.katalon.core.keyword.builtin.CallTestCaseKeyword.callTestCase(CallTestCaseKeyword.groovy:81)
	at com.kms.katalon.core.keyword.builtin.CallTestCaseKeyword.execute(CallTestCaseKeyword.groovy:44)
	at com.kms.katalon.core.keyword.internal.KeywordExecutor.executeKeywordForPlatform(KeywordExecutor.groovy:74)
	at com.kms.katalon.core.keyword.BuiltinKeywords.callTestCase(BuiltinKeywords.groovy:310)
	at SA-002.run(SA-002:20)
	at com.kms.katalon.core.main.ScriptEngine.run(ScriptEngine.java:194)
	at com.kms.katalon.core.main.ScriptEngine.runScriptAsRawText(ScriptEngine.java:119)
	at com.kms.katalon.core.main.TestCaseExecutor.runScript(TestCaseExecutor.java:448)
	at com.kms.katalon.core.main.TestCaseExecutor.doExecute(TestCaseExecutor.java:439)
	at com.kms.katalon.core.main.TestCaseExecutor.processExecutionPhase(TestCaseExecutor.java:418)
	at com.kms.katalon.core.main.TestCaseExecutor.accessMainPhase(TestCaseExecutor.java:410)
	at com.kms.katalon.core.main.TestCaseExecutor.execute(TestCaseExecutor.java:285)
	at com.kms.katalon.core.main.TestCaseMain.runTestCase(TestCaseMain.java:144)
	at com.kms.katalon.core.keyword.builtin.CallTestCaseKeyword$_callTestCase_closure1.doCall(CallTestCaseKeyword.groovy:59)
	at com.kms.katalon.core.keyword.builtin.CallTestCaseKeyword$_callTestCase_closure1.call(CallTestCaseKeyword.groovy)
	at com.kms.katalon.core.keyword.internal.KeywordMain.runKeyword(KeywordMain.groovy:75)
	at com.kms.katalon.core.keyword.builtin.CallTestCaseKeyword.callTestCase(CallTestCaseKeyword.groovy:81)
	at com.kms.katalon.core.keyword.builtin.CallTestCaseKeyword.execute(CallTestCaseKeyword.groovy:44)
	at com.kms.katalon.core.keyword.internal.KeywordExecutor.executeKeywordForPlatform(KeywordExecutor.groovy:74)
	at com.kms.katalon.core.keyword.BuiltinKeywords.callTestCase(BuiltinKeywords.groovy:310)
	at SA-005.run(SA-005:20)
	at com.kms.katalon.core.main.ScriptEngine.run(ScriptEngine.java:194)
	at com.kms.katalon.core.main.ScriptEngine.runScriptAsRawText(ScriptEngine.java:119)
	at com.kms.katalon.core.main.TestCaseExecutor.runScript(TestCaseExecutor.java:448)
	at com.kms.katalon.core.main.TestCaseExecutor.doExecute(TestCaseExecutor.java:439)
	at com.kms.katalon.core.main.TestCaseExecutor.processExecutionPhase(TestCaseExecutor.java:418)
	at com.kms.katalon.core.main.TestCaseExecutor.accessMainPhase(TestCaseExecutor.java:410)
	at com.kms.katalon.core.main.TestCaseExecutor.execute(TestCaseExecutor.java:285)
	at com.kms.katalon.core.main.TestCaseMain.runTestCase(TestCaseMain.java:144)
	at com.kms.katalon.core.keyword.builtin.CallTestCaseKeyword$_callTestCase_closure1.doCall(CallTestCaseKeyword.groovy:59)
	at com.kms.katalon.core.keyword.builtin.CallTestCaseKeyword$_callTestCase_closure1.call(CallTestCaseKeyword.groovy)
	at com.kms.katalon.core.keyword.internal.KeywordMain.runKeyword(KeywordMain.groovy:75)
	at com.kms.katalon.core.keyword.builtin.CallTestCaseKeyword.callTestCase(CallTestCaseKeyword.groovy:81)
	at com.kms.katalon.core.keyword.builtin.CallTestCaseKeyword.execute(CallTestCaseKeyword.groovy:44)
	at com.kms.katalon.core.keyword.internal.KeywordExecutor.executeKeywordForPlatform(KeywordExecutor.groovy:74)
	at com.kms.katalon.core.keyword.BuiltinKeywords.callTestCase(BuiltinKeywords.groovy:310)
	at SU-007.run(SU-007:24)
	at com.kms.katalon.core.main.ScriptEngine.run(ScriptEngine.java:194)
	at com.kms.katalon.core.main.ScriptEngine.runScriptAsRawText(ScriptEngine.java:119)
	at com.kms.katalon.core.main.TestCaseExecutor.runScript(TestCaseExecutor.java:448)
	at com.kms.katalon.core.main.TestCaseExecutor.doExecute(TestCaseExecutor.java:439)
	at com.kms.katalon.core.main.TestCaseExecutor.processExecutionPhase(TestCaseExecutor.java:418)
	at com.kms.katalon.core.main.TestCaseExecutor.accessMainPhase(TestCaseExecutor.java:410)
	at com.kms.katalon.core.main.TestCaseExecutor.execute(TestCaseExecutor.java:285)
	at com.kms.katalon.core.common.CommonExecutor.accessTestCaseMainPhase(CommonExecutor.java:65)
	at com.kms.katalon.core.main.TestSuiteExecutor.accessTestSuiteMainPhase(TestSuiteExecutor.java:148)
	at com.kms.katalon.core.main.TestSuiteExecutor.execute(TestSuiteExecutor.java:106)
	at com.kms.katalon.core.main.TestCaseMain.startTestSuite(TestCaseMain.java:187)
	at com.kms.katalon.core.main.TestCaseMain$startTestSuite$0.call(Unknown Source)
	at TempTestSuite1696420804604.run(TempTestSuite1696420804604.groovy:36)
Caused by: com.kms.katalon.core.exception.StepFailedException: Call Test Case 'Test Cases/T13 Pembelian, Shipment dan Pembayaran/PBYA-001' failed
	at com.kms.katalon.core.keyword.builtin.CallTestCaseKeyword$_callTestCase_closure1.doCall(CallTestCaseKeyword.groovy:63)
	at com.kms.katalon.core.keyword.builtin.CallTestCaseKeyword$_callTestCase_closure1.call(CallTestCaseKeyword.groovy)
	at com.kms.katalon.core.keyword.internal.KeywordMain.runKeyword(KeywordMain.groovy:75)
	at com.kms.katalon.core.keyword.builtin.CallTestCaseKeyword.callTestCase(CallTestCaseKeyword.groovy:81)
	at com.kms.katalon.core.keyword.builtin.CallTestCaseKeyword.execute(CallTestCaseKeyword.groovy:44)
	at com.kms.katalon.core.keyword.internal.KeywordExecutor.executeKeywordForPlatform(KeywordExecutor.groovy:74)
	at com.kms.katalon.core.keyword.BuiltinKeywords.callTestCase(BuiltinKeywords.groovy:310)
	at SA-001.run(SA-001:20)
	at com.kms.katalon.core.main.ScriptEngine.run(ScriptEngine.java:194)
	at com.kms.katalon.core.main.ScriptEngine.runScriptAsRawText(ScriptEngine.java:119)
	at com.kms.katalon.core.main.TestCaseExecutor.runScript(TestCaseExecutor.java:448)
	at com.kms.katalon.core.main.TestCaseExecutor.doExecute(TestCaseExecutor.java:439)
	at com.kms.katalon.core.main.TestCaseExecutor.processExecutionPhase(TestCaseExecutor.java:418)
	at com.kms.katalon.core.main.TestCaseExecutor.accessMainPhase(TestCaseExecutor.java:410)
	at com.kms.katalon.core.main.TestCaseExecutor.execute(TestCaseExecutor.java:285)
	at com.kms.katalon.core.main.TestCaseMain.runTestCase(TestCaseMain.java:144)
	at com.kms.katalon.core.keyword.builtin.CallTestCaseKeyword$_callTestCase_closure1.doCall(CallTestCaseKeyword.groovy:59)
	... 52 more
Caused by: com.kms.katalon.core.exception.StepFailedException: Unable to verify object 'Object Repository/admin/Konf order konsumen/Tittle Dashboard' is present
	at com.kms.katalon.core.webui.keyword.internal.WebUIKeywordMain.stepFailed(WebUIKeywordMain.groovy:64)
	at com.kms.katalon.core.webui.keyword.internal.WebUIKeywordMain.runKeyword(WebUIKeywordMain.groovy:26)
	at com.kms.katalon.core.webui.keyword.builtin.VerifyElementPresentKeyword.verifyElementPresent(VerifyElementPresentKeyword.groovy:92)
	at com.kms.katalon.core.webui.keyword.builtin.VerifyElementPresentKeyword.execute(VerifyElementPresentKeyword.groovy:68)
	at com.kms.katalon.core.keyword.internal.KeywordExecutor.executeKeywordForPlatform(KeywordExecutor.groovy:74)
	at com.kms.katalon.core.webui.keyword.WebUiBuiltInKeywords.verifyElementPresent(WebUiBuiltInKeywords.groovy:1464)
	at com.kms.katalon.core.webui.keyword.WebUiBuiltInKeywords$verifyElementPresent$1.call(Unknown Source)
	at PBYA-001.run(PBYA-001:37)
	at com.kms.katalon.core.main.ScriptEngine.run(ScriptEngine.java:194)
	at com.kms.katalon.core.main.ScriptEngine.runScriptAsRawText(ScriptEngine.java:119)
	at com.kms.katalon.core.main.TestCaseExecutor.runScript(TestCaseExecutor.java:448)
	at com.kms.katalon.core.main.TestCaseExecutor.doExecute(TestCaseExecutor.java:439)
	at com.kms.katalon.core.main.TestCaseExecutor.processExecutionPhase(TestCaseExecutor.java:418)
	at com.kms.katalon.core.main.TestCaseExecutor.accessMainPhase(TestCaseExecutor.java:410)
	at com.kms.katalon.core.main.TestCaseExecutor.execute(TestCaseExecutor.java:285)
	at com.kms.katalon.core.main.TestCaseMain.runTestCase(TestCaseMain.java:144)
	at com.kms.katalon.core.keyword.builtin.CallTestCaseKeyword$_callTestCase_closure1.doCall(CallTestCaseKeyword.groovy:59)
	... 68 more
Caused by: com.kms.katalon.core.exception.StepFailedException: com.kms.katalon.core.webui.exception.WebElementNotFoundException: Web element with id: 'Object Repository/admin/Konf order konsumen/Tittle Dashboard' located by '(.//*[normalize-space(text()) and normalize-space(.)='Logout'])[1]/following::h1[1]' not found
	at com.kms.katalon.core.webui.keyword.internal.WebUIKeywordMain.stepFailed(WebUIKeywordMain.groovy:64)
	at com.kms.katalon.core.webui.keyword.builtin.VerifyElementPresentKeyword$_verifyElementPresent_closure1.doCall(VerifyElementPresentKeyword.groovy:85)
	at com.kms.katalon.core.webui.keyword.builtin.VerifyElementPresentKeyword$_verifyElementPresent_closure1.call(VerifyElementPresentKeyword.groovy)
	at com.kms.katalon.core.webui.keyword.internal.WebUIKeywordMain.runKeyword(WebUIKeywordMain.groovy:20)
	... 83 more
)

2023-10-04 19:52:04 - [TEST_CASE][FAILED] - Test Cases/T13 Pembelian, Shipment dan Pembayaran/SA-001: Test Cases/T13 Pembelian, Shipment dan Pembayaran/SA-001 FAILED.
Reason:
com.kms.katalon.core.exception.StepFailedException: Call Test Case 'Test Cases/T13 Pembelian, Shipment dan Pembayaran/PBYA-001' failed
	at com.kms.katalon.core.keyword.builtin.CallTestCaseKeyword$_callTestCase_closure1.doCall(CallTestCaseKeyword.groovy:63)
	at com.kms.katalon.core.keyword.builtin.CallTestCaseKeyword$_callTestCase_closure1.call(CallTestCaseKeyword.groovy)
	at com.kms.katalon.core.keyword.internal.KeywordMain.runKeyword(KeywordMain.groovy:75)
	at com.kms.katalon.core.keyword.builtin.CallTestCaseKeyword.callTestCase(CallTestCaseKeyword.groovy:81)
	at com.kms.katalon.core.keyword.builtin.CallTestCaseKeyword.execute(CallTestCaseKeyword.groovy:44)
	at com.kms.katalon.core.keyword.internal.KeywordExecutor.executeKeywordForPlatform(KeywordExecutor.groovy:74)
	at com.kms.katalon.core.keyword.BuiltinKeywords.callTestCase(BuiltinKeywords.groovy:310)
	at SA-001.run(SA-001:20)
	at com.kms.katalon.core.main.ScriptEngine.run(ScriptEngine.java:194)
	at com.kms.katalon.core.main.ScriptEngine.runScriptAsRawText(ScriptEngine.java:119)
	at com.kms.katalon.core.main.TestCaseExecutor.runScript(TestCaseExecutor.java:448)
	at com.kms.katalon.core.main.TestCaseExecutor.doExecute(TestCaseExecutor.java:439)
	at com.kms.katalon.core.main.TestCaseExecutor.processExecutionPhase(TestCaseExecutor.java:418)
	at com.kms.katalon.core.main.TestCaseExecutor.accessMainPhase(TestCaseExecutor.java:410)
	at com.kms.katalon.core.main.TestCaseExecutor.execute(TestCaseExecutor.java:285)
	at com.kms.katalon.core.main.TestCaseMain.runTestCase(TestCaseMain.java:144)
	at com.kms.katalon.core.keyword.builtin.CallTestCaseKeyword$_callTestCase_closure1.doCall(CallTestCaseKeyword.groovy:59)
	at com.kms.katalon.core.keyword.builtin.CallTestCaseKeyword$_callTestCase_closure1.call(CallTestCaseKeyword.groovy)
	at com.kms.katalon.core.keyword.internal.KeywordMain.runKeyword(KeywordMain.groovy:75)
	at com.kms.katalon.core.keyword.builtin.CallTestCaseKeyword.callTestCase(CallTestCaseKeyword.groovy:81)
	at com.kms.katalon.core.keyword.builtin.CallTestCaseKeyword.execute(CallTestCaseKeyword.groovy:44)
	at com.kms.katalon.core.keyword.internal.KeywordExecutor.executeKeywordForPlatform(KeywordExecutor.groovy:74)
	at com.kms.katalon.core.keyword.BuiltinKeywords.callTestCase(BuiltinKeywords.groovy:310)
	at SA-002.run(SA-002:20)
	at com.kms.katalon.core.main.ScriptEngine.run(ScriptEngine.java:194)
	at com.kms.katalon.core.main.ScriptEngine.runScriptAsRawText(ScriptEngine.java:119)
	at com.kms.katalon.core.main.TestCaseExecutor.runScript(TestCaseExecutor.java:448)
	at com.kms.katalon.core.main.TestCaseExecutor.doExecute(TestCaseExecutor.java:439)
	at com.kms.katalon.core.main.TestCaseExecutor.processExecutionPhase(TestCaseExecutor.java:418)
	at com.kms.katalon.core.main.TestCaseExecutor.accessMainPhase(TestCaseExecutor.java:410)
	at com.kms.katalon.core.main.TestCaseExecutor.execute(TestCaseExecutor.java:285)
	at com.kms.katalon.core.main.TestCaseMain.runTestCase(TestCaseMain.java:144)
	at com.kms.katalon.core.keyword.builtin.CallTestCaseKeyword$_callTestCase_closure1.doCall(CallTestCaseKeyword.groovy:59)
	at com.kms.katalon.core.keyword.builtin.CallTestCaseKeyword$_callTestCase_closure1.call(CallTestCaseKeyword.groovy)
	at com.kms.katalon.core.keyword.internal.KeywordMain.runKeyword(KeywordMain.groovy:75)
	at com.kms.katalon.core.keyword.builtin.CallTestCaseKeyword.callTestCase(CallTestCaseKeyword.groovy:81)
	at com.kms.katalon.core.keyword.builtin.CallTestCaseKeyword.execute(CallTestCaseKeyword.groovy:44)
	at com.kms.katalon.core.keyword.internal.KeywordExecutor.executeKeywordForPlatform(KeywordExecutor.groovy:74)
	at com.kms.katalon.core.keyword.BuiltinKeywords.callTestCase(BuiltinKeywords.groovy:310)
	at SA-005.run(SA-005:20)
	at com.kms.katalon.core.main.ScriptEngine.run(ScriptEngine.java:194)
	at com.kms.katalon.core.main.ScriptEngine.runScriptAsRawText(ScriptEngine.java:119)
	at com.kms.katalon.core.main.TestCaseExecutor.runScript(TestCaseExecutor.java:448)
	at com.kms.katalon.core.main.TestCaseExecutor.doExecute(TestCaseExecutor.java:439)
	at com.kms.katalon.core.main.TestCaseExecutor.processExecutionPhase(TestCaseExecutor.java:418)
	at com.kms.katalon.core.main.TestCaseExecutor.accessMainPhase(TestCaseExecutor.java:410)
	at com.kms.katalon.core.main.TestCaseExecutor.execute(TestCaseExecutor.java:285)
	at com.kms.katalon.core.main.TestCaseMain.runTestCase(TestCaseMain.java:144)
	at com.kms.katalon.core.keyword.builtin.CallTestCaseKeyword$_callTestCase_closure1.doCall(CallTestCaseKeyword.groovy:59)
	at com.kms.katalon.core.keyword.builtin.CallTestCaseKeyword$_callTestCase_closure1.call(CallTestCaseKeyword.groovy)
	at com.kms.katalon.core.keyword.internal.KeywordMain.runKeyword(KeywordMain.groovy:75)
	at com.kms.katalon.core.keyword.builtin.CallTestCaseKeyword.callTestCase(CallTestCaseKeyword.groovy:81)
	at com.kms.katalon.core.keyword.builtin.CallTestCaseKeyword.execute(CallTestCaseKeyword.groovy:44)
	at com.kms.katalon.core.keyword.internal.KeywordExecutor.executeKeywordForPlatform(KeywordExecutor.groovy:74)
	at com.kms.katalon.core.keyword.BuiltinKeywords.callTestCase(BuiltinKeywords.groovy:310)
	at SU-007.run(SU-007:24)
	at com.kms.katalon.core.main.ScriptEngine.run(ScriptEngine.java:194)
	at com.kms.katalon.core.main.ScriptEngine.runScriptAsRawText(ScriptEngine.java:119)
	at com.kms.katalon.core.main.TestCaseExecutor.runScript(TestCaseExecutor.java:448)
	at com.kms.katalon.core.main.TestCaseExecutor.doExecute(TestCaseExecutor.java:439)
	at com.kms.katalon.core.main.TestCaseExecutor.processExecutionPhase(TestCaseExecutor.java:418)
	at com.kms.katalon.core.main.TestCaseExecutor.accessMainPhase(TestCaseExecutor.java:410)
	at com.kms.katalon.core.main.TestCaseExecutor.execute(TestCaseExecutor.java:285)
	at com.kms.katalon.core.common.CommonExecutor.accessTestCaseMainPhase(CommonExecutor.java:65)
	at com.kms.katalon.core.main.TestSuiteExecutor.accessTestSuiteMainPhase(TestSuiteExecutor.java:148)
	at com.kms.katalon.core.main.TestSuiteExecutor.execute(TestSuiteExecutor.java:106)
	at com.kms.katalon.core.main.TestCaseMain.startTestSuite(TestCaseMain.java:187)
	at com.kms.katalon.core.main.TestCaseMain$startTestSuite$0.call(Unknown Source)
	at TempTestSuite1696420804604.run(TempTestSuite1696420804604.groovy:36)
Caused by: com.kms.katalon.core.exception.StepFailedException: Unable to verify object 'Object Repository/admin/Konf order konsumen/Tittle Dashboard' is present
	at com.kms.katalon.core.webui.keyword.internal.WebUIKeywordMain.stepFailed(WebUIKeywordMain.groovy:64)
	at com.kms.katalon.core.webui.keyword.internal.WebUIKeywordMain.runKeyword(WebUIKeywordMain.groovy:26)
	at com.kms.katalon.core.webui.keyword.builtin.VerifyElementPresentKeyword.verifyElementPresent(VerifyElementPresentKeyword.groovy:92)
	at com.kms.katalon.core.webui.keyword.builtin.VerifyElementPresentKeyword.execute(VerifyElementPresentKeyword.groovy:68)
	at com.kms.katalon.core.keyword.internal.KeywordExecutor.executeKeywordForPlatform(KeywordExecutor.groovy:74)
	at com.kms.katalon.core.webui.keyword.WebUiBuiltInKeywords.verifyElementPresent(WebUiBuiltInKeywords.groovy:1464)
	at com.kms.katalon.core.webui.keyword.WebUiBuiltInKeywords$verifyElementPresent$1.call(Unknown Source)
	at PBYA-001.run(PBYA-001:37)
	at com.kms.katalon.core.main.ScriptEngine.run(ScriptEngine.java:194)
	at com.kms.katalon.core.main.ScriptEngine.runScriptAsRawText(ScriptEngine.java:119)
	at com.kms.katalon.core.main.TestCaseExecutor.runScript(TestCaseExecutor.java:448)
	at com.kms.katalon.core.main.TestCaseExecutor.doExecute(TestCaseExecutor.java:439)
	at com.kms.katalon.core.main.TestCaseExecutor.processExecutionPhase(TestCaseExecutor.java:418)
	at com.kms.katalon.core.main.TestCaseExecutor.accessMainPhase(TestCaseExecutor.java:410)
	at com.kms.katalon.core.main.TestCaseExecutor.execute(TestCaseExecutor.java:285)
	at com.kms.katalon.core.main.TestCaseMain.runTestCase(TestCaseMain.java:144)
	at com.kms.katalon.core.keyword.builtin.CallTestCaseKeyword$_callTestCase_closure1.doCall(CallTestCaseKeyword.groovy:59)
	... 68 more
Caused by: com.kms.katalon.core.exception.StepFailedException: com.kms.katalon.core.webui.exception.WebElementNotFoundException: Web element with id: 'Object Repository/admin/Konf order konsumen/Tittle Dashboard' located by '(.//*[normalize-space(text()) and normalize-space(.)='Logout'])[1]/following::h1[1]' not found
	at com.kms.katalon.core.webui.keyword.internal.WebUIKeywordMain.stepFailed(WebUIKeywordMain.groovy:64)
	at com.kms.katalon.core.webui.keyword.builtin.VerifyElementPresentKeyword$_verifyElementPresent_closure1.doCall(VerifyElementPresentKeyword.groovy:85)
	at com.kms.katalon.core.webui.keyword.builtin.VerifyElementPresentKeyword$_verifyElementPresent_closure1.call(VerifyElementPresentKeyword.groovy)
	at com.kms.katalon.core.webui.keyword.internal.WebUIKeywordMain.runKeyword(WebUIKeywordMain.groovy:20)
	... 83 more


2023-10-04 19:52:04 - [TEST_STEP][FAILED] - data = callTestCase(findTestCase("T13 Pembelian, Shipment dan Pembayaran/PBYA-001"), [:], STOP_ON_FAILURE): Unable to call Test Case 'Test Cases/T13 Pembelian, Shipment dan Pembayaran/PBYA-001' (Root cause: com.kms.katalon.core.exception.StepFailedException: Call Test Case 'Test Cases/T13 Pembelian, Shipment dan Pembayaran/PBYA-001' failed
	at com.kms.katalon.core.keyword.builtin.CallTestCaseKeyword$_callTestCase_closure1.doCall(CallTestCaseKeyword.groovy:63)
	at com.kms.katalon.core.keyword.builtin.CallTestCaseKeyword$_callTestCase_closure1.call(CallTestCaseKeyword.groovy)
	at com.kms.katalon.core.keyword.internal.KeywordMain.runKeyword(KeywordMain.groovy:75)
	at com.kms.katalon.core.keyword.builtin.CallTestCaseKeyword.callTestCase(CallTestCaseKeyword.groovy:81)
	at com.kms.katalon.core.keyword.builtin.CallTestCaseKeyword.execute(CallTestCaseKeyword.groovy:44)
	at com.kms.katalon.core.keyword.internal.KeywordExecutor.executeKeywordForPlatform(KeywordExecutor.groovy:74)
	at com.kms.katalon.core.keyword.BuiltinKeywords.callTestCase(BuiltinKeywords.groovy:310)
	at SA-001.run(SA-001:20)
	at com.kms.katalon.core.main.ScriptEngine.run(ScriptEngine.java:194)
	at com.kms.katalon.core.main.ScriptEngine.runScriptAsRawText(ScriptEngine.java:119)
	at com.kms.katalon.core.main.TestCaseExecutor.runScript(TestCaseExecutor.java:448)
	at com.kms.katalon.core.main.TestCaseExecutor.doExecute(TestCaseExecutor.java:439)
	at com.kms.katalon.core.main.TestCaseExecutor.processExecutionPhase(TestCaseExecutor.java:418)
	at com.kms.katalon.core.main.TestCaseExecutor.accessMainPhase(TestCaseExecutor.java:410)
	at com.kms.katalon.core.main.TestCaseExecutor.execute(TestCaseExecutor.java:285)
	at com.kms.katalon.core.main.TestCaseMain.runTestCase(TestCaseMain.java:144)
	at com.kms.katalon.core.keyword.builtin.CallTestCaseKeyword$_callTestCase_closure1.doCall(CallTestCaseKeyword.groovy:59)
	at com.kms.katalon.core.keyword.builtin.CallTestCaseKeyword$_callTestCase_closure1.call(CallTestCaseKeyword.groovy)
	at com.kms.katalon.core.keyword.internal.KeywordMain.runKeyword(KeywordMain.groovy:75)
	at com.kms.katalon.core.keyword.builtin.CallTestCaseKeyword.callTestCase(CallTestCaseKeyword.groovy:81)
	at com.kms.katalon.core.keyword.builtin.CallTestCaseKeyword.execute(CallTestCaseKeyword.groovy:44)
	at com.kms.katalon.core.keyword.internal.KeywordExecutor.executeKeywordForPlatform(KeywordExecutor.groovy:74)
	at com.kms.katalon.core.keyword.BuiltinKeywords.callTestCase(BuiltinKeywords.groovy:310)
	at SA-002.run(SA-002:20)
	at com.kms.katalon.core.main.ScriptEngine.run(ScriptEngine.java:194)
	at com.kms.katalon.core.main.ScriptEngine.runScriptAsRawText(ScriptEngine.java:119)
	at com.kms.katalon.core.main.TestCaseExecutor.runScript(TestCaseExecutor.java:448)
	at com.kms.katalon.core.main.TestCaseExecutor.doExecute(TestCaseExecutor.java:439)
	at com.kms.katalon.core.main.TestCaseExecutor.processExecutionPhase(TestCaseExecutor.java:418)
	at com.kms.katalon.core.main.TestCaseExecutor.accessMainPhase(TestCaseExecutor.java:410)
	at com.kms.katalon.core.main.TestCaseExecutor.execute(TestCaseExecutor.java:285)
	at com.kms.katalon.core.main.TestCaseMain.runTestCase(TestCaseMain.java:144)
	at com.kms.katalon.core.keyword.builtin.CallTestCaseKeyword$_callTestCase_closure1.doCall(CallTestCaseKeyword.groovy:59)
	at com.kms.katalon.core.keyword.builtin.CallTestCaseKeyword$_callTestCase_closure1.call(CallTestCaseKeyword.groovy)
	at com.kms.katalon.core.keyword.internal.KeywordMain.runKeyword(KeywordMain.groovy:75)
	at com.kms.katalon.core.keyword.builtin.CallTestCaseKeyword.callTestCase(CallTestCaseKeyword.groovy:81)
	at com.kms.katalon.core.keyword.builtin.CallTestCaseKeyword.execute(CallTestCaseKeyword.groovy:44)
	at com.kms.katalon.core.keyword.internal.KeywordExecutor.executeKeywordForPlatform(KeywordExecutor.groovy:74)
	at com.kms.katalon.core.keyword.BuiltinKeywords.callTestCase(BuiltinKeywords.groovy:310)
	at SA-005.run(SA-005:20)
	at com.kms.katalon.core.main.ScriptEngine.run(ScriptEngine.java:194)
	at com.kms.katalon.core.main.ScriptEngine.runScriptAsRawText(ScriptEngine.java:119)
	at com.kms.katalon.core.main.TestCaseExecutor.runScript(TestCaseExecutor.java:448)
	at com.kms.katalon.core.main.TestCaseExecutor.doExecute(TestCaseExecutor.java:439)
	at com.kms.katalon.core.main.TestCaseExecutor.processExecutionPhase(TestCaseExecutor.java:418)
	at com.kms.katalon.core.main.TestCaseExecutor.accessMainPhase(TestCaseExecutor.java:410)
	at com.kms.katalon.core.main.TestCaseExecutor.execute(TestCaseExecutor.java:285)
	at com.kms.katalon.core.main.TestCaseMain.runTestCase(TestCaseMain.java:144)
	at com.kms.katalon.core.keyword.builtin.CallTestCaseKeyword$_callTestCase_closure1.doCall(CallTestCaseKeyword.groovy:59)
	at com.kms.katalon.core.keyword.builtin.CallTestCaseKeyword$_callTestCase_closure1.call(CallTestCaseKeyword.groovy)
	at com.kms.katalon.core.keyword.internal.KeywordMain.runKeyword(KeywordMain.groovy:75)
	at com.kms.katalon.core.keyword.builtin.CallTestCaseKeyword.callTestCase(CallTestCaseKeyword.groovy:81)
	at com.kms.katalon.core.keyword.builtin.CallTestCaseKeyword.execute(CallTestCaseKeyword.groovy:44)
	at com.kms.katalon.core.keyword.internal.KeywordExecutor.executeKeywordForPlatform(KeywordExecutor.groovy:74)
	at com.kms.katalon.core.keyword.BuiltinKeywords.callTestCase(BuiltinKeywords.groovy:310)
	at SU-007.run(SU-007:24)
	at com.kms.katalon.core.main.ScriptEngine.run(ScriptEngine.java:194)
	at com.kms.katalon.core.main.ScriptEngine.runScriptAsRawText(ScriptEngine.java:119)
	at com.kms.katalon.core.main.TestCaseExecutor.runScript(TestCaseExecutor.java:448)
	at com.kms.katalon.core.main.TestCaseExecutor.doExecute(TestCaseExecutor.java:439)
	at com.kms.katalon.core.main.TestCaseExecutor.processExecutionPhase(TestCaseExecutor.java:418)
	at com.kms.katalon.core.main.TestCaseExecutor.accessMainPhase(TestCaseExecutor.java:410)
	at com.kms.katalon.core.main.TestCaseExecutor.execute(TestCaseExecutor.java:285)
	at com.kms.katalon.core.common.CommonExecutor.accessTestCaseMainPhase(CommonExecutor.java:65)
	at com.kms.katalon.core.main.TestSuiteExecutor.accessTestSuiteMainPhase(TestSuiteExecutor.java:148)
	at com.kms.katalon.core.main.TestSuiteExecutor.execute(TestSuiteExecutor.java:106)
	at com.kms.katalon.core.main.TestCaseMain.startTestSuite(TestCaseMain.java:187)
	at com.kms.katalon.core.main.TestCaseMain$startTestSuite$0.call(Unknown Source)
	at TempTestSuite1696420804604.run(TempTestSuite1696420804604.groovy:36)
Caused by: com.kms.katalon.core.exception.StepFailedException: Unable to verify object 'Object Repository/admin/Konf order konsumen/Tittle Dashboard' is present
	at com.kms.katalon.core.webui.keyword.internal.WebUIKeywordMain.stepFailed(WebUIKeywordMain.groovy:64)
	at com.kms.katalon.core.webui.keyword.internal.WebUIKeywordMain.runKeyword(WebUIKeywordMain.groovy:26)
	at com.kms.katalon.core.webui.keyword.builtin.VerifyElementPresentKeyword.verifyElementPresent(VerifyElementPresentKeyword.groovy:92)
	at com.kms.katalon.core.webui.keyword.builtin.VerifyElementPresentKeyword.execute(VerifyElementPresentKeyword.groovy:68)
	at com.kms.katalon.core.keyword.internal.KeywordExecutor.executeKeywordForPlatform(KeywordExecutor.groovy:74)
	at com.kms.katalon.core.webui.keyword.WebUiBuiltInKeywords.verifyElementPresent(WebUiBuiltInKeywords.groovy:1464)
	at com.kms.katalon.core.webui.keyword.WebUiBuiltInKeywords$verifyElementPresent$1.call(Unknown Source)
	at PBYA-001.run(PBYA-001:37)
	at com.kms.katalon.core.main.ScriptEngine.run(ScriptEngine.java:194)
	at com.kms.katalon.core.main.ScriptEngine.runScriptAsRawText(ScriptEngine.java:119)
	at com.kms.katalon.core.main.TestCaseExecutor.runScript(TestCaseExecutor.java:448)
	at com.kms.katalon.core.main.TestCaseExecutor.doExecute(TestCaseExecutor.java:439)
	at com.kms.katalon.core.main.TestCaseExecutor.processExecutionPhase(TestCaseExecutor.java:418)
	at com.kms.katalon.core.main.TestCaseExecutor.accessMainPhase(TestCaseExecutor.java:410)
	at com.kms.katalon.core.main.TestCaseExecutor.execute(TestCaseExecutor.java:285)
	at com.kms.katalon.core.main.TestCaseMain.runTestCase(TestCaseMain.java:144)
	at com.kms.katalon.core.keyword.builtin.CallTestCaseKeyword$_callTestCase_closure1.doCall(CallTestCaseKeyword.groovy:59)
	... 68 more
Caused by: com.kms.katalon.core.exception.StepFailedException: com.kms.katalon.core.webui.exception.WebElementNotFoundException: Web element with id: 'Object Repository/admin/Konf order konsumen/Tittle Dashboard' located by '(.//*[normalize-space(text()) and normalize-space(.)='Logout'])[1]/following::h1[1]' not found
	at com.kms.katalon.core.webui.keyword.internal.WebUIKeywordMain.stepFailed(WebUIKeywordMain.groovy:64)
	at com.kms.katalon.core.webui.keyword.builtin.VerifyElementPresentKeyword$_verifyElementPresent_closure1.doCall(VerifyElementPresentKeyword.groovy:85)
	at com.kms.katalon.core.webui.keyword.builtin.VerifyElementPresentKeyword$_verifyElementPresent_closure1.call(VerifyElementPresentKeyword.groovy)
	at com.kms.katalon.core.webui.keyword.internal.WebUIKeywordMain.runKeyword(WebUIKeywordMain.groovy:20)
	... 83 more
)

2023-10-04 19:52:04 - [TEST_CASE][FAILED] - Test Cases/T13 Pembelian, Shipment dan Pembayaran/PBYA-001: Test Cases/T13 Pembelian, Shipment dan Pembayaran/PBYA-001 FAILED.
Reason:
com.kms.katalon.core.exception.StepFailedException: Unable to verify object 'Object Repository/admin/Konf order konsumen/Tittle Dashboard' is present
	at com.kms.katalon.core.webui.keyword.internal.WebUIKeywordMain.stepFailed(WebUIKeywordMain.groovy:64)
	at com.kms.katalon.core.webui.keyword.internal.WebUIKeywordMain.runKeyword(WebUIKeywordMain.groovy:26)
	at com.kms.katalon.core.webui.keyword.builtin.VerifyElementPresentKeyword.verifyElementPresent(VerifyElementPresentKeyword.groovy:92)
	at com.kms.katalon.core.webui.keyword.builtin.VerifyElementPresentKeyword.execute(VerifyElementPresentKeyword.groovy:68)
	at com.kms.katalon.core.keyword.internal.KeywordExecutor.executeKeywordForPlatform(KeywordExecutor.groovy:74)
	at com.kms.katalon.core.webui.keyword.WebUiBuiltInKeywords.verifyElementPresent(WebUiBuiltInKeywords.groovy:1464)
	at com.kms.katalon.core.webui.keyword.WebUiBuiltInKeywords$verifyElementPresent$1.call(Unknown Source)
	at PBYA-001.run(PBYA-001:37)
	at com.kms.katalon.core.main.ScriptEngine.run(ScriptEngine.java:194)
	at com.kms.katalon.core.main.ScriptEngine.runScriptAsRawText(ScriptEngine.java:119)
	at com.kms.katalon.core.main.TestCaseExecutor.runScript(TestCaseExecutor.java:448)
	at com.kms.katalon.core.main.TestCaseExecutor.doExecute(TestCaseExecutor.java:439)
	at com.kms.katalon.core.main.TestCaseExecutor.processExecutionPhase(TestCaseExecutor.java:418)
	at com.kms.katalon.core.main.TestCaseExecutor.accessMainPhase(TestCaseExecutor.java:410)
	at com.kms.katalon.core.main.TestCaseExecutor.execute(TestCaseExecutor.java:285)
	at com.kms.katalon.core.main.TestCaseMain.runTestCase(TestCaseMain.java:144)
	at com.kms.katalon.core.keyword.builtin.CallTestCaseKeyword$_callTestCase_closure1.doCall(CallTestCaseKeyword.groovy:59)
	at com.kms.katalon.core.keyword.builtin.CallTestCaseKeyword$_callTestCase_closure1.call(CallTestCaseKeyword.groovy)
	at com.kms.katalon.core.keyword.internal.KeywordMain.runKeyword(KeywordMain.groovy:75)
	at com.kms.katalon.core.keyword.builtin.CallTestCaseKeyword.callTestCase(CallTestCaseKeyword.groovy:81)
	at com.kms.katalon.core.keyword.builtin.CallTestCaseKeyword.execute(CallTestCaseKeyword.groovy:44)
	at com.kms.katalon.core.keyword.internal.KeywordExecutor.executeKeywordForPlatform(KeywordExecutor.groovy:74)
	at com.kms.katalon.core.keyword.BuiltinKeywords.callTestCase(BuiltinKeywords.groovy:310)
	at SA-001.run(SA-001:20)
	at com.kms.katalon.core.main.ScriptEngine.run(ScriptEngine.java:194)
	at com.kms.katalon.core.main.ScriptEngine.runScriptAsRawText(ScriptEngine.java:119)
	at com.kms.katalon.core.main.TestCaseExecutor.runScript(TestCaseExecutor.java:448)
	at com.kms.katalon.core.main.TestCaseExecutor.doExecute(TestCaseExecutor.java:439)
	at com.kms.katalon.core.main.TestCaseExecutor.processExecutionPhase(TestCaseExecutor.java:418)
	at com.kms.katalon.core.main.TestCaseExecutor.accessMainPhase(TestCaseExecutor.java:410)
	at com.kms.katalon.core.main.TestCaseExecutor.execute(TestCaseExecutor.java:285)
	at com.kms.katalon.core.main.TestCaseMain.runTestCase(TestCaseMain.java:144)
	at com.kms.katalon.core.keyword.builtin.CallTestCaseKeyword$_callTestCase_closure1.doCall(CallTestCaseKeyword.groovy:59)
	at com.kms.katalon.core.keyword.builtin.CallTestCaseKeyword$_callTestCase_closure1.call(CallTestCaseKeyword.groovy)
	at com.kms.katalon.core.keyword.internal.KeywordMain.runKeyword(KeywordMain.groovy:75)
	at com.kms.katalon.core.keyword.builtin.CallTestCaseKeyword.callTestCase(CallTestCaseKeyword.groovy:81)
	at com.kms.katalon.core.keyword.builtin.CallTestCaseKeyword.execute(CallTestCaseKeyword.groovy:44)
	at com.kms.katalon.core.keyword.internal.KeywordExecutor.executeKeywordForPlatform(KeywordExecutor.groovy:74)
	at com.kms.katalon.core.keyword.BuiltinKeywords.callTestCase(BuiltinKeywords.groovy:310)
	at SA-002.run(SA-002:20)
	at com.kms.katalon.core.main.ScriptEngine.run(ScriptEngine.java:194)
	at com.kms.katalon.core.main.ScriptEngine.runScriptAsRawText(ScriptEngine.java:119)
	at com.kms.katalon.core.main.TestCaseExecutor.runScript(TestCaseExecutor.java:448)
	at com.kms.katalon.core.main.TestCaseExecutor.doExecute(TestCaseExecutor.java:439)
	at com.kms.katalon.core.main.TestCaseExecutor.processExecutionPhase(TestCaseExecutor.java:418)
	at com.kms.katalon.core.main.TestCaseExecutor.accessMainPhase(TestCaseExecutor.java:410)
	at com.kms.katalon.core.main.TestCaseExecutor.execute(TestCaseExecutor.java:285)
	at com.kms.katalon.core.main.TestCaseMain.runTestCase(TestCaseMain.java:144)
	at com.kms.katalon.core.keyword.builtin.CallTestCaseKeyword$_callTestCase_closure1.doCall(CallTestCaseKeyword.groovy:59)
	at com.kms.katalon.core.keyword.builtin.CallTestCaseKeyword$_callTestCase_closure1.call(CallTestCaseKeyword.groovy)
	at com.kms.katalon.core.keyword.internal.KeywordMain.runKeyword(KeywordMain.groovy:75)
	at com.kms.katalon.core.keyword.builtin.CallTestCaseKeyword.callTestCase(CallTestCaseKeyword.groovy:81)
	at com.kms.katalon.core.keyword.builtin.CallTestCaseKeyword.execute(CallTestCaseKeyword.groovy:44)
	at com.kms.katalon.core.keyword.internal.KeywordExecutor.executeKeywordForPlatform(KeywordExecutor.groovy:74)
	at com.kms.katalon.core.keyword.BuiltinKeywords.callTestCase(BuiltinKeywords.groovy:310)
	at SA-005.run(SA-005:20)
	at com.kms.katalon.core.main.ScriptEngine.run(ScriptEngine.java:194)
	at com.kms.katalon.core.main.ScriptEngine.runScriptAsRawText(ScriptEngine.java:119)
	at com.kms.katalon.core.main.TestCaseExecutor.runScript(TestCaseExecutor.java:448)
	at com.kms.katalon.core.main.TestCaseExecutor.doExecute(TestCaseExecutor.java:439)
	at com.kms.katalon.core.main.TestCaseExecutor.processExecutionPhase(TestCaseExecutor.java:418)
	at com.kms.katalon.core.main.TestCaseExecutor.accessMainPhase(TestCaseExecutor.java:410)
	at com.kms.katalon.core.main.TestCaseExecutor.execute(TestCaseExecutor.java:285)
	at com.kms.katalon.core.main.TestCaseMain.runTestCase(TestCaseMain.java:144)
	at com.kms.katalon.core.keyword.builtin.CallTestCaseKeyword$_callTestCase_closure1.doCall(CallTestCaseKeyword.groovy:59)
	at com.kms.katalon.core.keyword.builtin.CallTestCaseKeyword$_callTestCase_closure1.call(CallTestCaseKeyword.groovy)
	at com.kms.katalon.core.keyword.internal.KeywordMain.runKeyword(KeywordMain.groovy:75)
	at com.kms.katalon.core.keyword.builtin.CallTestCaseKeyword.callTestCase(CallTestCaseKeyword.groovy:81)
	at com.kms.katalon.core.keyword.builtin.CallTestCaseKeyword.execute(CallTestCaseKeyword.groovy:44)
	at com.kms.katalon.core.keyword.internal.KeywordExecutor.executeKeywordForPlatform(KeywordExecutor.groovy:74)
	at com.kms.katalon.core.keyword.BuiltinKeywords.callTestCase(BuiltinKeywords.groovy:310)
	at SU-007.run(SU-007:24)
	at com.kms.katalon.core.main.ScriptEngine.run(ScriptEngine.java:194)
	at com.kms.katalon.core.main.ScriptEngine.runScriptAsRawText(ScriptEngine.java:119)
	at com.kms.katalon.core.main.TestCaseExecutor.runScript(TestCaseExecutor.java:448)
	at com.kms.katalon.core.main.TestCaseExecutor.doExecute(TestCaseExecutor.java:439)
	at com.kms.katalon.core.main.TestCaseExecutor.processExecutionPhase(TestCaseExecutor.java:418)
	at com.kms.katalon.core.main.TestCaseExecutor.accessMainPhase(TestCaseExecutor.java:410)
	at com.kms.katalon.core.main.TestCaseExecutor.execute(TestCaseExecutor.java:285)
	at com.kms.katalon.core.common.CommonExecutor.accessTestCaseMainPhase(CommonExecutor.java:65)
	at com.kms.katalon.core.main.TestSuiteExecutor.accessTestSuiteMainPhase(TestSuiteExecutor.java:148)
	at com.kms.katalon.core.main.TestSuiteExecutor.execute(TestSuiteExecutor.java:106)
	at com.kms.katalon.core.main.TestCaseMain.startTestSuite(TestCaseMain.java:187)
	at com.kms.katalon.core.main.TestCaseMain$startTestSuite$0.call(Unknown Source)
	at TempTestSuite1696420804604.run(TempTestSuite1696420804604.groovy:36)
Caused by: com.kms.katalon.core.exception.StepFailedException: com.kms.katalon.core.webui.exception.WebElementNotFoundException: Web element with id: 'Object Repository/admin/Konf order konsumen/Tittle Dashboard' located by '(.//*[normalize-space(text()) and normalize-space(.)='Logout'])[1]/following::h1[1]' not found
	at com.kms.katalon.core.webui.keyword.internal.WebUIKeywordMain.stepFailed(WebUIKeywordMain.groovy:64)
	at com.kms.katalon.core.webui.keyword.builtin.VerifyElementPresentKeyword$_verifyElementPresent_closure1.doCall(VerifyElementPresentKeyword.groovy:85)
	at com.kms.katalon.core.webui.keyword.builtin.VerifyElementPresentKeyword$_verifyElementPresent_closure1.call(VerifyElementPresentKeyword.groovy)
	at com.kms.katalon.core.webui.keyword.internal.WebUIKeywordMain.runKeyword(WebUIKeywordMain.groovy:20)
	... 83 more


2023-10-04 19:52:04 - [TEST_STEP][PASSED] - data = callTestCase(findTestCase("T13 Pembelian, Shipment dan Pembayaran/PBY-004"), [:], STOP_ON_FAILURE): Call Test Case 'Test Cases/T13 Pembelian, Shipment dan Pembayaran/PBY-004' successfully

2023-10-04 19:52:04 - [TEST_CASE][PASSED] - Test Cases/T13 Pembelian, Shipment dan Pembayaran/PBY-004: Test Cases/T13 Pembelian, Shipment dan Pembayaran/PBY-004

2023-10-04 19:52:04 - [TEST_STEP][PASSED] - data = callTestCase(findTestCase("T13 Pembelian, Shipment dan Pembayaran/PBY-001"), [:], STOP_ON_FAILURE): Call Test Case 'Test Cases/T13 Pembelian, Shipment dan Pembayaran/PBY-001' successfully

2023-10-04 19:52:04 - [TEST_CASE][PASSED] - Test Cases/T13 Pembelian, Shipment dan Pembayaran/PBY-001: Test Cases/T13 Pembelian, Shipment dan Pembayaran/PBY-001

2023-10-04 19:52:04 - [TEST_STEP][PASSED] - data = callTestCase(findTestCase("T13 Pembelian, Shipment dan Pembayaran/PBL-004"), ["Kurir":"Roda 2"], STOP_ON_FAILURE): Call Test Case 'Test Cases/T13 Pembelian, Shipment dan Pembayaran/PBL-004' successfully

2023-10-04 19:52:04 - [TEST_CASE][PASSED] - Test Cases/T13 Pembelian, Shipment dan Pembayaran/PBL-004: Test Cases/T13 Pembelian, Shipment dan Pembayaran/PBL-004

2023-10-04 19:52:04 - [TEST_STEP][PASSED] - data = callTestCase(findTestCase("T13 Pembelian, Shipment dan Pembayaran/PBL-002"), [:], STOP_ON_FAILURE): Call Test Case 'Test Cases/T13 Pembelian, Shipment dan Pembayaran/PBL-002' successfully

2023-10-04 19:52:04 - [TEST_CASE][PASSED] - Test Cases/T13 Pembelian, Shipment dan Pembayaran/PBL-002: Test Cases/T13 Pembelian, Shipment dan Pembayaran/PBL-002

2023-10-04 19:52:04 - [TEST_STEP][PASSED] - data = callTestCase(findTestCase("T13 Pembelian, Shipment dan Pembayaran/PBL-001"), [:], STOP_ON_FAILURE): Call Test Case 'Test Cases/T13 Pembelian, Shipment dan Pembayaran/PBL-001' successfully

2023-10-04 19:52:04 - [TEST_CASE][PASSED] - Test Cases/T13 Pembelian, Shipment dan Pembayaran/PBL-001: Test Cases/T13 Pembelian, Shipment dan Pembayaran/PBL-001

2023-10-04 19:52:04 - [TEST_STEP][PASSED] - callTestCase(findTestCase("T13 Pembelian, Shipment dan Pembayaran/LU-001"), ["username":"irfanafandi", "password":"12345irfan"], STOP_ON_FAILURE): Call Test Case 'Test Cases/T13 Pembelian, Shipment dan Pembayaran/LU-001' successfully

2023-10-04 19:52:04 - [TEST_CASE][PASSED] - Test Cases/T13 Pembelian, Shipment dan Pembayaran/LU-001: Test Cases/T13 Pembelian, Shipment dan Pembayaran/LU-001

2023-10-04 19:52:04 - [TEST_STEP][PASSED] - openBrowser("https://10.9.2.63/ecommerce/"): Browser is opened with url: 'https://10.9.2.63/ecommerce/'

2023-10-04 19:52:04 - [MESSAGE][WARNING] - A browser is already opened. Closing browser and opening a new one

2023-10-04 19:52:05 - [MESSAGE][INFO] - Starting 'Firefox' driver

2023-10-04 19:52:05 - [MESSAGE][INFO] - User set preference: ['args', '[--disable-notifications]']

2023-10-04 19:52:05 - [MESSAGE][INFO] - Action delay is set to 0 milliseconds

2023-10-04 19:52:10 - [MESSAGE][PASSED] - Browser is opened with url: 'https://10.9.2.63/ecommerce/'

2023-10-04 19:52:10 - [TEST_STEP][PASSED] - maximizeWindow(): Current window maximized

2023-10-04 19:52:10 - [MESSAGE][PASSED] - Current window maximized

2023-10-04 19:52:10 - [TEST_STEP][PASSED] - verifyElementPresent(findTestObject("Login/Home"), 0): Object 'Object Repository/Login/Home' is present

2023-10-04 19:52:10 - [MESSAGE][WARNING] - Timeout '0' is invalid. Using default page load timeout: '30'

2023-10-04 19:52:10 - [MESSAGE][PASSED] - Object 'Object Repository/Login/Home' is present

2023-10-04 19:52:10 - [TEST_STEP][PASSED] - click(findTestObject("Login/a_Login")): Object: 'Object Repository/Login/a_Login' is clicked on

2023-10-04 19:52:11 - [MESSAGE][PASSED] - Object: 'Object Repository/Login/a_Login' is clicked on

2023-10-04 19:52:11 - [TEST_STEP][PASSED] - verifyElementPresent(findTestObject("Login/Tittle Login"), 0): Object 'Object Repository/Login/Tittle Login' is present

2023-10-04 19:52:11 - [MESSAGE][WARNING] - Timeout '0' is invalid. Using default page load timeout: '30'

2023-10-04 19:52:11 - [MESSAGE][PASSED] - Object 'Object Repository/Login/Tittle Login' is present

2023-10-04 19:52:11 - [TEST_STEP][PASSED] - setText(findTestObject("Login/input_Username, Email atau No. Handphone_a"), username): Text 'irfanafandi' is set on object 'Object Repository/Login/input_Username, Email atau No. Handphone_a'

2023-10-04 19:52:12 - [MESSAGE][PASSED] - Text 'irfanafandi' is set on object 'Object Repository/Login/input_Username, Email atau No. Handphone_a'

2023-10-04 19:52:12 - [TEST_STEP][PASSED] - setText(findTestObject("Login/input_Password_b"), password): Text '12345irfan' is set on object 'Object Repository/Login/input_Password_b'

2023-10-04 19:52:13 - [MESSAGE][PASSED] - Text '12345irfan' is set on object 'Object Repository/Login/input_Password_b'

2023-10-04 19:52:13 - [TEST_STEP][PASSED] - click(findTestObject("Login/label_Ingat saya")): Object: 'Object Repository/Login/label_Ingat saya' is clicked on

2023-10-04 19:52:13 - [MESSAGE][PASSED] - Object: 'Object Repository/Login/label_Ingat saya' is clicked on

2023-10-04 19:52:13 - [TEST_STEP][PASSED] - click(findTestObject("Login/button_Masuk")): Object: 'Object Repository/Login/button_Masuk' is clicked on

2023-10-04 19:52:14 - [MESSAGE][PASSED] - Object: 'Object Repository/Login/button_Masuk' is clicked on

2023-10-04 19:52:14 - [TEST_STEP][PASSED] - verifyElementPresent(findTestObject("Login/li_Profile"), 0): Object 'Object Repository/Login/li_Profile' is present

2023-10-04 19:52:14 - [MESSAGE][WARNING] - Timeout '0' is invalid. Using default page load timeout: '30'

2023-10-04 19:52:15 - [MESSAGE][PASSED] - Object 'Object Repository/Login/li_Profile' is present

2023-10-04 19:52:15 - [MESSAGE][PASSED] - Call Test Case 'Test Cases/T13 Pembelian, Shipment dan Pembayaran/LU-001' successfully

2023-10-04 19:52:15 - [TEST_STEP][PASSED] - mouseOver(findTestObject("beli barang/i_Mulai Belanja_icon-menu")): Object: 'Object Repository/beli barang/i_Mulai Belanja_icon-menu' is hovered

2023-10-04 19:52:15 - [MESSAGE][PASSED] - Object: 'Object Repository/beli barang/i_Mulai Belanja_icon-menu' is hovered

2023-10-04 19:52:15 - [TEST_STEP][PASSED] - click(findTestObject("beli barang/a_Fashion  Busana Wanita")): Object: 'Object Repository/beli barang/a_Fashion  Busana Wanita' is clicked on

2023-10-04 19:52:16 - [MESSAGE][PASSED] - Object: 'Object Repository/beli barang/a_Fashion  Busana Wanita' is clicked on

2023-10-04 19:52:16 - [TEST_STEP][PASSED] - NamaSebelum = getText(findTestObject("verifikasi/Nama sebelum")): Text of object 'Object Repository/verifikasi/Nama sebelum' is: ''

2023-10-04 19:52:17 - [MESSAGE][PASSED] - Text of object 'Object Repository/verifikasi/Nama sebelum' is: ''

2023-10-04 19:52:17 - [TEST_STEP][PASSED] - HargaSebelum = getText(findTestObject("verifikasi/Harga sebelum")): Text of object 'Object Repository/verifikasi/Harga sebelum' is: 'Rp 1,299'

2023-10-04 19:52:17 - [MESSAGE][PASSED] - Text of object 'Object Repository/verifikasi/Harga sebelum' is: 'Rp 1,299'

2023-10-04 19:52:17 - [TEST_STEP][PASSED] - mouseOver(findTestObject("beli barang/barang mouse over")): Object: 'Object Repository/beli barang/barang mouse over' is hovered

2023-10-04 19:52:18 - [MESSAGE][PASSED] - Object: 'Object Repository/beli barang/barang mouse over' is hovered

2023-10-04 19:52:18 - [TEST_STEP][PASSED] - click(findTestObject("beli barang/buttom add to cart")): Object: 'Object Repository/beli barang/buttom add to cart' is clicked on

2023-10-04 19:52:19 - [MESSAGE][PASSED] - Object: 'Object Repository/beli barang/buttom add to cart' is clicked on

2023-10-04 19:52:19 - [TEST_STEP][PASSED] - NamaSesudah = getText(findTestObject("verifikasi/Nama sesudah")): Text of object 'Object Repository/verifikasi/Nama sesudah' is: 'Segitiga Instan Madeira - MDB5.3 Sunset'

2023-10-04 19:52:20 - [MESSAGE][PASSED] - Text of object 'Object Repository/verifikasi/Nama sesudah' is: 'Segitiga Instan Madeira - MDB5.3 Sunset'

2023-10-04 19:52:20 - [TEST_STEP][PASSED] - HargaSesudah = getText(findTestObject("verifikasi/Harga sesudah")): Text of object 'Object Repository/verifikasi/Harga sesudah' is: 'Rp 1,299'

2023-10-04 19:52:20 - [MESSAGE][PASSED] - Text of object 'Object Repository/verifikasi/Harga sesudah' is: 'Rp 1,299'

2023-10-04 19:52:20 - [TEST_STEP][PASSED] - assert NamaSesudah.contains(NamaSebelum): null

2023-10-04 19:52:20 - [TEST_STEP][PASSED] - assert HargaSesudah.contains(HargaSebelum): null

2023-10-04 19:52:20 - [TEST_STEP][PASSED] - click(findTestObject("beli barang/Tambah Keranjang busana wanita")): Object: 'Object Repository/beli barang/Tambah Keranjang busana wanita' is clicked on

2023-10-04 19:52:20 - [MESSAGE][PASSED] - Object: 'Object Repository/beli barang/Tambah Keranjang busana wanita' is clicked on

2023-10-04 19:52:20 - [TEST_STEP][PASSED] - verifyElementPresent(findTestObject("checkout/Notifikasi keranjang"), 1): Object 'Object Repository/checkout/Notifikasi keranjang' is present

2023-10-04 19:52:21 - [MESSAGE][PASSED] - Object 'Object Repository/checkout/Notifikasi keranjang' is present

2023-10-04 19:52:21 - [TEST_STEP][PASSED] - data = new java.util.HashMap(): null

2023-10-04 19:52:21 - [TEST_STEP][PASSED] - data.put("nama_barang", NamaSesudah): null

2023-10-04 19:52:21 - [TEST_STEP][PASSED] - data.put("price_barang", HargaSesudah): null

2023-10-04 19:52:21 - [TEST_STEP][PASSED] - return data: null

2023-10-04 19:52:21 - [MESSAGE][PASSED] - Call Test Case 'Test Cases/T13 Pembelian, Shipment dan Pembayaran/PBL-001' successfully

2023-10-04 19:52:21 - [TEST_STEP][PASSED] - mouseOver(findTestObject("beli barang/keranjang")): Object: 'Object Repository/beli barang/keranjang' is hovered

2023-10-04 19:52:22 - [MESSAGE][PASSED] - Object: 'Object Repository/beli barang/keranjang' is hovered

2023-10-04 19:52:22 - [TEST_STEP][PASSED] - click(findTestObject("beli barang/Lihat Sekarang")): Object: 'Object Repository/beli barang/Lihat Sekarang' is clicked on

2023-10-04 19:52:22 - [MESSAGE][PASSED] - Object: 'Object Repository/beli barang/Lihat Sekarang' is clicked on

2023-10-04 19:52:22 - [TEST_STEP][PASSED] - verifyElementPresent(findTestObject("keranjang/li_Keranjang Belanja"), 0): Object 'Object Repository/keranjang/li_Keranjang Belanja' is present

2023-10-04 19:52:23 - [MESSAGE][WARNING] - Timeout '0' is invalid. Using default page load timeout: '30'

2023-10-04 19:52:24 - [MESSAGE][PASSED] - Object 'Object Repository/keranjang/li_Keranjang Belanja' is present

2023-10-04 19:52:24 - [TEST_STEP][PASSED] - NamaKeranjang = getText(findTestObject("verifikasi/Nama keranjang")): Text of object 'Object Repository/verifikasi/Nama keranjang' is: 'Segitiga Instan Madeira - MDB5.3 Sunset'

2023-10-04 19:52:24 - [MESSAGE][PASSED] - Text of object 'Object Repository/verifikasi/Nama keranjang' is: 'Segitiga Instan Madeira - MDB5.3 Sunset'

2023-10-04 19:52:24 - [TEST_STEP][PASSED] - HargaKeranjang = getText(findTestObject("verifikasi/Harga Keranjang")): Text of object 'Object Repository/verifikasi/Harga Keranjang' is: 'Rp 1,299'

2023-10-04 19:52:24 - [MESSAGE][PASSED] - Text of object 'Object Repository/verifikasi/Harga Keranjang' is: 'Rp 1,299'

2023-10-04 19:52:24 - [TEST_STEP][PASSED] - if (toString().equalsIgnoreCase("Merah")): Object 'Object Repository/keranjang/input_Warna_variasi101' is checked

2023-10-04 19:52:24 - [TEST_STEP][PASSED] - check(findTestObject("Object Repository/keranjang/input_Warna_variasi101")): Object 'Object Repository/keranjang/input_Warna_variasi101' is checked

2023-10-04 19:52:25 - [MESSAGE][PASSED] - Object 'Object Repository/keranjang/input_Warna_variasi101' is checked

2023-10-04 19:52:25 - [TEST_STEP][PASSED] - if (toString().equalsIgnoreCase("Menengah")): Object 'Object Repository/keranjang/input_Ukuran_variasi201' is checked

2023-10-04 19:52:25 - [TEST_STEP][PASSED] - check(findTestObject("Object Repository/keranjang/input_Ukuran_variasi201")): Object 'Object Repository/keranjang/input_Ukuran_variasi201' is checked

2023-10-04 19:52:25 - [MESSAGE][PASSED] - Object 'Object Repository/keranjang/input_Ukuran_variasi201' is checked

2023-10-04 19:52:25 - [TEST_STEP][PASSED] - data.put("Warna", warna): null

2023-10-04 19:52:25 - [TEST_STEP][PASSED] - data.put("Ukuran", ukuran): null

2023-10-04 19:52:25 - [TEST_STEP][PASSED] - click(findTestObject("keranjang/button_Lanjut ke Pembayaran")): Object: 'Object Repository/keranjang/button_Lanjut ke Pembayaran' is clicked on

2023-10-04 19:52:27 - [MESSAGE][PASSED] - Object: 'Object Repository/keranjang/button_Lanjut ke Pembayaran' is clicked on

2023-10-04 19:52:27 - [TEST_STEP][PASSED] - verifyElementPresent(findTestObject("checkout/Tittle Checkout Order"), 0): Object 'Object Repository/checkout/Tittle Checkout Order' is present

2023-10-04 19:52:27 - [MESSAGE][WARNING] - Timeout '0' is invalid. Using default page load timeout: '30'

2023-10-04 19:52:27 - [MESSAGE][PASSED] - Object 'Object Repository/checkout/Tittle Checkout Order' is present

2023-10-04 19:52:27 - [TEST_STEP][PASSED] - name_product = data.get("nama_barang"): null

2023-10-04 19:52:27 - [TEST_STEP][PASSED] - price_product = data.get("price_barang"): null

2023-10-04 19:52:27 - [TEST_STEP][PASSED] - assert name_product == NamaKeranjang: null

2023-10-04 19:52:27 - [TEST_STEP][PASSED] - assert price_product == HargaKeranjang: null

2023-10-04 19:52:27 - [TEST_STEP][PASSED] - return data: null

2023-10-04 19:52:27 - [MESSAGE][PASSED] - Call Test Case 'Test Cases/T13 Pembelian, Shipment dan Pembayaran/PBL-002' successfully

2023-10-04 19:52:27 - [TEST_STEP][PASSED] - warnaa = getText(findTestObject("verifikasi/warna Merah")): Text of object 'Object Repository/verifikasi/warna Merah' is: 'Merah'

2023-10-04 19:52:28 - [MESSAGE][PASSED] - Text of object 'Object Repository/verifikasi/warna Merah' is: 'Merah'

2023-10-04 19:52:28 - [TEST_STEP][PASSED] - ukurann = getText(findTestObject("verifikasi/Ukuran Menengah")): Text of object 'Object Repository/verifikasi/Ukuran Menengah' is: 'Menengah'

2023-10-04 19:52:28 - [MESSAGE][PASSED] - Text of object 'Object Repository/verifikasi/Ukuran Menengah' is: 'Menengah'

2023-10-04 19:52:28 - [TEST_STEP][PASSED] - warna1 = data.get("Warna"): null

2023-10-04 19:52:28 - [TEST_STEP][PASSED] - ukuran1 = data.get("Ukuran"): null

2023-10-04 19:52:28 - [TEST_STEP][PASSED] - assert warnaa == warna1: null

2023-10-04 19:52:28 - [TEST_STEP][PASSED] - assert ukurann == ukuran1: null

2023-10-04 19:52:28 - [TEST_STEP][PASSED] - NamaCheckout = getText(findTestObject("verifikasi/NamaCheckout")): Text of object 'Object Repository/verifikasi/NamaCheckout' is: ''

2023-10-04 19:52:28 - [MESSAGE][PASSED] - Text of object 'Object Repository/verifikasi/NamaCheckout' is: ''

2023-10-04 19:52:28 - [TEST_STEP][PASSED] - HargaCheckout = getText(findTestObject("verifikasi/HargaCheckout")): Text of object 'Object Repository/verifikasi/HargaCheckout' is: '1,299'

2023-10-04 19:52:29 - [MESSAGE][PASSED] - Text of object 'Object Repository/verifikasi/HargaCheckout' is: '1,299'

2023-10-04 19:52:29 - [TEST_STEP][PASSED] - name_product = data.get("nama_barang"): null

2023-10-04 19:52:29 - [TEST_STEP][PASSED] - price_product = data.get("price_barang"): null

2023-10-04 19:52:29 - [TEST_STEP][PASSED] - assert name_product.contains(NamaCheckout): null

2023-10-04 19:52:29 - [TEST_STEP][PASSED] - assert price_product.contains(HargaCheckout): null

2023-10-04 19:52:29 - [TEST_STEP][PASSED] - selectOptionByLabel(findTestObject("checkout/select - Kirim via Kurir Lokal"), Kurir, false): All options with label 'Roda 2' are selected in object 'Object Repository/checkout/select - Kirim via Kurir Lokal' 

2023-10-04 19:52:29 - [MESSAGE][PASSED] - All options with label 'Roda 2' are selected in object 'Object Repository/checkout/select - Kirim via Kurir Lokal' 

2023-10-04 19:52:29 - [TEST_STEP][PASSED] - click(findTestObject("checkout/Kendaraan Kurir")): Object: 'Object Repository/checkout/Kendaraan Kurir' is clicked on

2023-10-04 19:52:30 - [MESSAGE][PASSED] - Object: 'Object Repository/checkout/Kendaraan Kurir' is clicked on

2023-10-04 19:52:30 - [TEST_STEP][PASSED] - OngkosKirim = getText(findTestObject("Object Repository/verifikasi/Ongkos Kirim checkout")): Text of object 'Object Repository/verifikasi/Ongkos Kirim checkout' is: 'Rp. 5,000'

2023-10-04 19:52:30 - [MESSAGE][PASSED] - Text of object 'Object Repository/verifikasi/Ongkos Kirim checkout' is: 'Rp. 5,000'

2023-10-04 19:52:30 - [TEST_STEP][PASSED] - Ongkos = OngkosKirim.substring(3, OngkosKirim.size()): null

2023-10-04 19:52:30 - [TEST_STEP][PASSED] - rep = Ongkos.replace(",", "."): null

2023-10-04 19:52:30 - [TEST_STEP][PASSED] - Ongkos_kirim = Double.parseDouble(rep): null

2023-10-04 19:52:30 - [TEST_STEP][PASSED] - println(Ongkos_kirim): null

2023-10-04 19:52:30 - [TEST_STEP][PASSED] - FeeAdmin = getText(findTestObject("verifikasi/Fee Admin checkout")): Text of object 'Object Repository/verifikasi/Fee Admin checkout' is: 'Fee Admin
Rp 1,500'

2023-10-04 19:52:31 - [MESSAGE][PASSED] - Text of object 'Object Repository/verifikasi/Fee Admin checkout' is: 'Fee Admin
Rp 1,500'

2023-10-04 19:52:31 - [TEST_STEP][PASSED] - Fee_Admin = FeeAdmin.substring(12, FeeAdmin.size()): null

2023-10-04 19:52:31 - [TEST_STEP][PASSED] - fee = Fee_Admin.replace(",", "."): null

2023-10-04 19:52:31 - [TEST_STEP][PASSED] - fee_admin = Double.parseDouble(fee): null

2023-10-04 19:52:31 - [TEST_STEP][PASSED] - println(fee_admin): null

2023-10-04 19:52:31 - [TEST_STEP][PASSED] - Subtotal = getText(findTestObject("verifikasi/subtotal checkout")): Text of object 'Object Repository/verifikasi/subtotal checkout' is: 'Subtotal
Rp 1,299'

2023-10-04 19:52:31 - [MESSAGE][PASSED] - Text of object 'Object Repository/verifikasi/subtotal checkout' is: 'Subtotal
Rp 1,299'

2023-10-04 19:52:31 - [TEST_STEP][PASSED] - sub_total = Subtotal.substring(12, Subtotal.size()): null

2023-10-04 19:52:31 - [TEST_STEP][PASSED] - sub = sub_total.replace(",", "."): null

2023-10-04 19:52:31 - [TEST_STEP][PASSED] - sub_total = Double.parseDouble(sub): null

2023-10-04 19:52:31 - [TEST_STEP][PASSED] - println(sub_total): null

2023-10-04 19:52:31 - [TEST_STEP][PASSED] - Total = getText(findTestObject("verifikasi/Total checkout")): Text of object 'Object Repository/verifikasi/Total checkout' is: 'Rp 7,799'

2023-10-04 19:52:31 - [MESSAGE][PASSED] - Text of object 'Object Repository/verifikasi/Total checkout' is: 'Rp 7,799'

2023-10-04 19:52:31 - [TEST_STEP][PASSED] - totall = Total.substring(3, Total.size()): null

2023-10-04 19:52:31 - [TEST_STEP][PASSED] - total = totall.replace(",", "."): null

2023-10-04 19:52:31 - [TEST_STEP][PASSED] - totall = Double.parseDouble(total): null

2023-10-04 19:52:31 - [TEST_STEP][PASSED] - println(totall): null

2023-10-04 19:52:31 - [TEST_STEP][PASSED] - Total_Harga = Ongkos_kirim + fee_admin + sub_total: null

2023-10-04 19:52:31 - [TEST_STEP][PASSED] - println(Total_Harga): null

2023-10-04 19:52:31 - [TEST_STEP][PASSED] - TotalHarga = Math.round(Total_Harga * 1000) / 1000: null

2023-10-04 19:52:31 - [TEST_STEP][PASSED] - println(TotalHarga): null

2023-10-04 19:52:31 - [TEST_STEP][PASSED] - assert totall == TotalHarga: null

2023-10-04 19:52:31 - [TEST_STEP][PASSED] - click(findTestObject("verifikasi/Metode Transfer")): Object: 'Object Repository/verifikasi/Metode Transfer' is clicked on

2023-10-04 19:52:32 - [MESSAGE][PASSED] - Object: 'Object Repository/verifikasi/Metode Transfer' is clicked on

2023-10-04 19:52:32 - [TEST_STEP][PASSED] - click(findTestObject("checkout/button_Proses Pembayaran")): Object: 'Object Repository/checkout/button_Proses Pembayaran' is clicked on

2023-10-04 19:52:38 - [MESSAGE][PASSED] - Object: 'Object Repository/checkout/button_Proses Pembayaran' is clicked on

2023-10-04 19:52:38 - [TEST_STEP][PASSED] - verifyElementPresent(findTestObject("pembayaran/Tittle nomor invoice"), 0): Object 'Object Repository/pembayaran/Tittle nomor invoice' is present

2023-10-04 19:52:38 - [MESSAGE][WARNING] - Timeout '0' is invalid. Using default page load timeout: '30'

2023-10-04 19:52:44 - [MESSAGE][PASSED] - Object 'Object Repository/pembayaran/Tittle nomor invoice' is present

2023-10-04 19:52:44 - [TEST_STEP][PASSED] - return data: null

2023-10-04 19:52:44 - [MESSAGE][PASSED] - Call Test Case 'Test Cases/T13 Pembelian, Shipment dan Pembayaran/PBL-004' successfully

2023-10-04 19:52:44 - [TEST_STEP][PASSED] - Invoice = getText(findTestObject("pembayaran/nomor invoice")): Text of object 'Object Repository/pembayaran/nomor invoice' is: 'TRX60.20231004195234'

2023-10-04 19:52:44 - [MESSAGE][PASSED] - Text of object 'Object Repository/pembayaran/nomor invoice' is: 'TRX60.20231004195234'

2023-10-04 19:52:44 - [TEST_STEP][PASSED] - data.put("invoice", Invoice): null

2023-10-04 19:52:44 - [TEST_STEP][PASSED] - NamaPemesan = getText(findTestObject("Konfirmasi pesanan shop/Nama pemesan")): Text of object 'Object Repository/Konfirmasi pesanan shop/Nama pemesan' is: 'irfan.afandi'

2023-10-04 19:52:45 - [MESSAGE][PASSED] - Text of object 'Object Repository/Konfirmasi pesanan shop/Nama pemesan' is: 'irfan.afandi'

2023-10-04 19:52:45 - [TEST_STEP][PASSED] - Nama = getText(findTestObject("pembayaran/Nama barang")): Text of object 'Object Repository/pembayaran/Nama barang' is: 'Segitiga Instan Madeira - MDB5.3 Sunset'

2023-10-04 19:52:45 - [MESSAGE][PASSED] - Text of object 'Object Repository/pembayaran/Nama barang' is: 'Segitiga Instan Madeira - MDB5.3 Sunset'

2023-10-04 19:52:45 - [TEST_STEP][PASSED] - Harga = getText(findTestObject("pembayaran/Harga barang")): Text of object 'Object Repository/pembayaran/Harga barang' is: '1,299'

2023-10-04 19:52:45 - [MESSAGE][PASSED] - Text of object 'Object Repository/pembayaran/Harga barang' is: '1,299'

2023-10-04 19:52:45 - [TEST_STEP][PASSED] - name_product = data.get("nama_barang"): null

2023-10-04 19:52:45 - [TEST_STEP][PASSED] - price_product = data.get("price_barang"): null

2023-10-04 19:52:45 - [TEST_STEP][PASSED] - assert name_product.contains(Nama): null

2023-10-04 19:52:45 - [TEST_STEP][PASSED] - assert price_product.contains(Harga): null

2023-10-04 19:52:45 - [TEST_STEP][PASSED] - warnaa = getText(findTestObject("pembayaran/warna")): Text of object 'Object Repository/pembayaran/warna' is: 'Merah'

2023-10-04 19:52:46 - [MESSAGE][PASSED] - Text of object 'Object Repository/pembayaran/warna' is: 'Merah'

2023-10-04 19:52:46 - [TEST_STEP][PASSED] - ukurann = getText(findTestObject("pembayaran/ukuran")): Text of object 'Object Repository/pembayaran/ukuran' is: 'Menengah'

2023-10-04 19:52:47 - [MESSAGE][PASSED] - Text of object 'Object Repository/pembayaran/ukuran' is: 'Menengah'

2023-10-04 19:52:47 - [TEST_STEP][PASSED] - warna1 = data.get("Warna"): null

2023-10-04 19:52:47 - [TEST_STEP][PASSED] - ukuran1 = data.get("Ukuran"): null

2023-10-04 19:52:47 - [TEST_STEP][PASSED] - assert warnaa == warna1: null

2023-10-04 19:52:47 - [TEST_STEP][PASSED] - assert ukurann == ukuran1: null

2023-10-04 19:52:47 - [TEST_STEP][PASSED] - statusPembelian = getText(findTestObject("verifikasi/Status pending di pembelian")): Text of object 'Object Repository/verifikasi/Status pending di pembelian' is: 'Pending'

2023-10-04 19:52:47 - [MESSAGE][PASSED] - Text of object 'Object Repository/verifikasi/Status pending di pembelian' is: 'Pending'

2023-10-04 19:52:47 - [TEST_STEP][PASSED] - data.put("statusPem", statusPembelian): null

2023-10-04 19:52:47 - [TEST_STEP][PASSED] - OngkosKirim = getText(findTestObject("pembayaran/ongkos kirim")): Text of object 'Object Repository/pembayaran/ongkos kirim' is: 'Rp 5,000'

2023-10-04 19:52:48 - [MESSAGE][PASSED] - Text of object 'Object Repository/pembayaran/ongkos kirim' is: 'Rp 5,000'

2023-10-04 19:52:48 - [TEST_STEP][PASSED] - Ongkos = OngkosKirim.substring(3, OngkosKirim.size()): null

2023-10-04 19:52:48 - [TEST_STEP][PASSED] - rep = Ongkos.replace(",", ""): null

2023-10-04 19:52:48 - [TEST_STEP][PASSED] - Ongkos_kirimm = Integer.parseInt(rep): null

2023-10-04 19:52:48 - [TEST_STEP][PASSED] - println(Ongkos_kirimm): null

2023-10-04 19:52:48 - [TEST_STEP][PASSED] - FeeAdmin = getText(findTestObject("pembayaran/fee admin")): Text of object 'Object Repository/pembayaran/fee admin' is: 'Rp 1,500'

2023-10-04 19:52:48 - [MESSAGE][PASSED] - Text of object 'Object Repository/pembayaran/fee admin' is: 'Rp 1,500'

2023-10-04 19:52:48 - [TEST_STEP][PASSED] - Fee_Admin = FeeAdmin.substring(3, FeeAdmin.size()): null

2023-10-04 19:52:48 - [TEST_STEP][PASSED] - fee = Fee_Admin.replace(",", ""): null

2023-10-04 19:52:48 - [TEST_STEP][PASSED] - fee_adminn = Integer.parseInt(fee): null

2023-10-04 19:52:48 - [TEST_STEP][PASSED] - println(fee_adminn): null

2023-10-04 19:52:48 - [TEST_STEP][PASSED] - Subtotal = getText(findTestObject("pembayaran/subtotal")): Text of object 'Object Repository/pembayaran/subtotal' is: 'Rp 1,299'

2023-10-04 19:52:49 - [MESSAGE][PASSED] - Text of object 'Object Repository/pembayaran/subtotal' is: 'Rp 1,299'

2023-10-04 19:52:49 - [TEST_STEP][PASSED] - sub_total = Subtotal.substring(3, Subtotal.size()): null

2023-10-04 19:52:49 - [TEST_STEP][PASSED] - sub = sub_total.replace(",", ""): null

2023-10-04 19:52:49 - [TEST_STEP][PASSED] - sub_totall = Integer.parseInt(sub): null

2023-10-04 19:52:49 - [TEST_STEP][PASSED] - println(sub_totall): null

2023-10-04 19:52:49 - [TEST_STEP][PASSED] - unik = getText(findTestObject("pembayaran/kode unik")): Text of object 'Object Repository/pembayaran/kode unik' is: '+234'

2023-10-04 19:52:49 - [MESSAGE][PASSED] - Text of object 'Object Repository/pembayaran/kode unik' is: '+234'

2023-10-04 19:52:49 - [TEST_STEP][PASSED] - unikk = unik.replace("+", ""): null

2023-10-04 19:52:49 - [TEST_STEP][PASSED] - kode_unik = Integer.parseInt(unikk): null

2023-10-04 19:52:49 - [TEST_STEP][PASSED] - println(kode_unik): null

2023-10-04 19:52:49 - [TEST_STEP][PASSED] - Total = getText(findTestObject("pembayaran/total")): Text of object 'Object Repository/pembayaran/total' is: '8,033'

2023-10-04 19:52:50 - [MESSAGE][PASSED] - Text of object 'Object Repository/pembayaran/total' is: '8,033'

2023-10-04 19:52:50 - [TEST_STEP][PASSED] - total = Total.replace(",", ""): null

2023-10-04 19:52:50 - [TEST_STEP][PASSED] - totalll = Integer.parseInt(total): null

2023-10-04 19:52:50 - [TEST_STEP][PASSED] - println(totalll): null

2023-10-04 19:52:50 - [TEST_STEP][PASSED] - Total_Hargaa = Ongkos_kirimm + fee_adminn + sub_totall + kode_unik: null

2023-10-04 19:52:50 - [TEST_STEP][PASSED] - println(Total_Hargaa): null

2023-10-04 19:52:50 - [TEST_STEP][PASSED] - assert totalll == Total_Hargaa: null

2023-10-04 19:52:50 - [TEST_STEP][PASSED] - data.put("total", Total): null

2023-10-04 19:52:50 - [TEST_STEP][PASSED] - data.put("nama", NamaPemesan): null

2023-10-04 19:52:50 - [TEST_STEP][PASSED] - return data: null

2023-10-04 19:52:50 - [MESSAGE][PASSED] - Call Test Case 'Test Cases/T13 Pembelian, Shipment dan Pembayaran/PBY-001' successfully

2023-10-04 19:52:50 - [TEST_STEP][PASSED] - inv = data.get("invoice"): null

2023-10-04 19:52:50 - [TEST_STEP][PASSED] - Total = data.get("total"): null

2023-10-04 19:52:50 - [TEST_STEP][PASSED] - NamaPemesan = data.get("nama"): null

2023-10-04 19:52:50 - [TEST_STEP][PASSED] - click(findTestObject("Konfirmasi pesanan shop/Menu Shop")): Object: 'Object Repository/Konfirmasi pesanan shop/Menu Shop' is clicked on

2023-10-04 19:52:51 - [MESSAGE][PASSED] - Object: 'Object Repository/Konfirmasi pesanan shop/Menu Shop' is clicked on

2023-10-04 19:52:51 - [TEST_STEP][PASSED] - click(findTestObject("Konfirmasi pesanan shop/Menu Shop")): Object: 'Object Repository/Konfirmasi pesanan shop/Menu Shop' is clicked on

2023-10-04 19:52:52 - [MESSAGE][PASSED] - Object: 'Object Repository/Konfirmasi pesanan shop/Menu Shop' is clicked on

2023-10-04 19:52:52 - [TEST_STEP][PASSED] - click(findTestObject("Konfirmasi pesanan shop/Konfirmasi Orders")): Object: 'Object Repository/Konfirmasi pesanan shop/Konfirmasi Orders' is clicked on

2023-10-04 19:52:53 - [MESSAGE][PASSED] - Object: 'Object Repository/Konfirmasi pesanan shop/Konfirmasi Orders' is clicked on

2023-10-04 19:52:53 - [TEST_STEP][PASSED] - verifyElementPresent(findTestObject("Konfirmasi pesanan shop/Tittle Konfirmasi Pesanan"), 0): Object 'Object Repository/Konfirmasi pesanan shop/Tittle Konfirmasi Pesanan' is present

2023-10-04 19:52:53 - [MESSAGE][WARNING] - Timeout '0' is invalid. Using default page load timeout: '30'

2023-10-04 19:52:53 - [MESSAGE][PASSED] - Object 'Object Repository/Konfirmasi pesanan shop/Tittle Konfirmasi Pesanan' is present

2023-10-04 19:52:53 - [TEST_STEP][PASSED] - setText(findTestObject("Konfirmasi pesanan shop/input_No Pesanan"), inv): Text 'TRX60.20231004195234' is set on object 'Object Repository/Konfirmasi pesanan shop/input_No Pesanan'

2023-10-04 19:52:54 - [MESSAGE][PASSED] - Text 'TRX60.20231004195234' is set on object 'Object Repository/Konfirmasi pesanan shop/input_No Pesanan'

2023-10-04 19:52:54 - [TEST_STEP][PASSED] - setText(findTestObject("Konfirmasi pesanan shop/input_Alamat E-mai"), "irfan@gmail.com"): Text 'irfan@gmail.com' is set on object 'Object Repository/Konfirmasi pesanan shop/input_Alamat E-mai'

2023-10-04 19:52:55 - [MESSAGE][PASSED] - Text 'irfan@gmail.com' is set on object 'Object Repository/Konfirmasi pesanan shop/input_Alamat E-mai'

2023-10-04 19:52:55 - [TEST_STEP][PASSED] - click(findTestObject("Konfirmasi pesanan shop/button_Submit")): Object: 'Object Repository/Konfirmasi pesanan shop/button_Submit' is clicked on

2023-10-04 19:52:56 - [MESSAGE][PASSED] - Object: 'Object Repository/Konfirmasi pesanan shop/button_Submit' is clicked on

2023-10-04 19:52:56 - [TEST_STEP][PASSED] - verifyElementPresent(findTestObject("Konfirmasi pesanan shop/Tittle nomor invoice"), 0): Object 'Object Repository/Konfirmasi pesanan shop/Tittle nomor invoice' is present

2023-10-04 19:52:56 - [MESSAGE][WARNING] - Timeout '0' is invalid. Using default page load timeout: '30'

2023-10-04 19:52:56 - [MESSAGE][PASSED] - Object 'Object Repository/Konfirmasi pesanan shop/Tittle nomor invoice' is present

2023-10-04 19:52:56 - [TEST_STEP][PASSED] - setText(findTestObject("Konfirmasi pesanan shop/input_Total TagihanTransfer_b"), Total): Text '8,033' is set on object 'Object Repository/Konfirmasi pesanan shop/input_Total TagihanTransfer_b'

2023-10-04 19:52:57 - [MESSAGE][PASSED] - Text '8,033' is set on object 'Object Repository/Konfirmasi pesanan shop/input_Total TagihanTransfer_b'

2023-10-04 19:52:57 - [TEST_STEP][PASSED] - selectOptionByValue(findTestObject("Konfirmasi pesanan shop/select_Bank"), "4", false): All options with value '4' are selected in object 'Object Repository/Konfirmasi pesanan shop/select_Bank' 

2023-10-04 19:52:58 - [MESSAGE][PASSED] - All options with value '4' are selected in object 'Object Repository/Konfirmasi pesanan shop/select_Bank' 

2023-10-04 19:52:58 - [TEST_STEP][PASSED] - setText(findTestObject("Konfirmasi pesanan shop/input_Nama Pengirim_d"), NamaPemesan): Text 'irfan.afandi' is set on object 'Object Repository/Konfirmasi pesanan shop/input_Nama Pengirim_d'

2023-10-04 19:52:59 - [MESSAGE][PASSED] - Text 'irfan.afandi' is set on object 'Object Repository/Konfirmasi pesanan shop/input_Nama Pengirim_d'

2023-10-04 19:52:59 - [TEST_STEP][PASSED] - uploadFile(findTestObject("keranjang/konfirmasi/input_Upload Bukti Transfer_f"), "C:\Users\IRFAN\Downloads\Berkas2.pdf"): File 'C:\Users\IRFAN\Downloads\Berkas2.pdf' sent to object: 'Object Repository/keranjang/konfirmasi/input_Upload Bukti Transfer_f'

2023-10-04 19:52:59 - [MESSAGE][PASSED] - File 'C:\Users\IRFAN\Downloads\Berkas2.pdf' sent to object: 'Object Repository/keranjang/konfirmasi/input_Upload Bukti Transfer_f'

2023-10-04 19:52:59 - [TEST_STEP][PASSED] - click(findTestObject("Konfirmasi pesanan shop/button_Konfirmasi Pembayaran")): Object: 'Object Repository/Konfirmasi pesanan shop/button_Konfirmasi Pembayaran' is clicked on

2023-10-04 19:53:00 - [MESSAGE][PASSED] - Object: 'Object Repository/Konfirmasi pesanan shop/button_Konfirmasi Pembayaran' is clicked on

2023-10-04 19:53:00 - [TEST_STEP][PASSED] - verifyElementPresent(findTestObject("Konfirmasi pesanan shop/Tittle Konfirmasi Pesanan"), 0): Object 'Object Repository/Konfirmasi pesanan shop/Tittle Konfirmasi Pesanan' is present

2023-10-04 19:53:00 - [MESSAGE][WARNING] - Timeout '0' is invalid. Using default page load timeout: '30'

2023-10-04 19:53:01 - [MESSAGE][PASSED] - Object 'Object Repository/Konfirmasi pesanan shop/Tittle Konfirmasi Pesanan' is present

2023-10-04 19:53:01 - [TEST_STEP][PASSED] - verifyElementPresent(findTestObject("Konfirmasi pesanan shop/Tittle massage succes Konfirmasi Pembayaran Pesanan"), 0): Object 'Object Repository/Konfirmasi pesanan shop/Tittle massage succes Konfirmasi Pembayaran Pesanan' is present

2023-10-04 19:53:01 - [MESSAGE][WARNING] - Timeout '0' is invalid. Using default page load timeout: '30'

2023-10-04 19:53:01 - [MESSAGE][PASSED] - Object 'Object Repository/Konfirmasi pesanan shop/Tittle massage succes Konfirmasi Pembayaran Pesanan' is present

2023-10-04 19:53:01 - [TEST_STEP][PASSED] - return data: null

2023-10-04 19:53:01 - [MESSAGE][PASSED] - Call Test Case 'Test Cases/T13 Pembelian, Shipment dan Pembayaran/PBY-004' successfully

2023-10-04 19:53:01 - [TEST_STEP][PASSED] - navigateToUrl("https://10.9.2.63/ecommerce/administrator/"): Navigate to 'https://10.9.2.63/ecommerce/administrator/' successfully

2023-10-04 19:53:02 - [MESSAGE][PASSED] - Navigate to 'https://10.9.2.63/ecommerce/administrator/' successfully

2023-10-04 19:53:02 - [TEST_STEP][PASSED] - verifyElementPresent(findTestObject("admin/Tittle ADMIN Login"), 0): Object 'Object Repository/admin/Tittle ADMIN Login' is present

2023-10-04 19:53:02 - [MESSAGE][WARNING] - Timeout '0' is invalid. Using default page load timeout: '30'

2023-10-04 19:53:02 - [MESSAGE][PASSED] - Object 'Object Repository/admin/Tittle ADMIN Login' is present

2023-10-04 19:53:02 - [TEST_STEP][PASSED] - setText(findTestObject("admin/Username"), "admin"): Text 'admin' is set on object 'Object Repository/admin/Username'

2023-10-04 19:53:03 - [MESSAGE][PASSED] - Text 'admin' is set on object 'Object Repository/admin/Username'

2023-10-04 19:53:03 - [TEST_STEP][PASSED] - setText(findTestObject("admin/Password"), "123admin123"): Text '123admin123' is set on object 'Object Repository/admin/Password'

2023-10-04 19:53:03 - [MESSAGE][PASSED] - Text '123admin123' is set on object 'Object Repository/admin/Password'

2023-10-04 19:53:03 - [TEST_STEP][PASSED] - click(findTestObject("admin/Remember Me")): Object: 'Object Repository/admin/Remember Me' is clicked on

2023-10-04 19:53:04 - [MESSAGE][PASSED] - Object: 'Object Repository/admin/Remember Me' is clicked on

2023-10-04 19:53:04 - [TEST_STEP][PASSED] - delay(10): Delayed 10 second(s)

2023-10-04 19:53:14 - [MESSAGE][PASSED] - Delayed 10 second(s)

2023-10-04 19:53:14 - [TEST_STEP][PASSED] - click(findTestObject("admin/buttom submit")): Object: 'Object Repository/admin/buttom submit' is clicked on

2023-10-04 19:53:15 - [MESSAGE][PASSED] - Object: 'Object Repository/admin/buttom submit' is clicked on

2023-10-04 19:53:15 - [TEST_STEP][FAILED] - verifyElementPresent(findTestObject("admin/Konf order konsumen/Tittle Dashboard"), 0): Unable to verify object 'Object Repository/admin/Konf order konsumen/Tittle Dashboard' is present (Root cause: com.kms.katalon.core.exception.StepFailedException: Unable to verify object 'Object Repository/admin/Konf order konsumen/Tittle Dashboard' is present
	at com.kms.katalon.core.webui.keyword.internal.WebUIKeywordMain.stepFailed(WebUIKeywordMain.groovy:64)
	at com.kms.katalon.core.webui.keyword.internal.WebUIKeywordMain.runKeyword(WebUIKeywordMain.groovy:26)
	at com.kms.katalon.core.webui.keyword.builtin.VerifyElementPresentKeyword.verifyElementPresent(VerifyElementPresentKeyword.groovy:92)
	at com.kms.katalon.core.webui.keyword.builtin.VerifyElementPresentKeyword.execute(VerifyElementPresentKeyword.groovy:68)
	at com.kms.katalon.core.keyword.internal.KeywordExecutor.executeKeywordForPlatform(KeywordExecutor.groovy:74)
	at com.kms.katalon.core.webui.keyword.WebUiBuiltInKeywords.verifyElementPresent(WebUiBuiltInKeywords.groovy:1464)
	at com.kms.katalon.core.webui.keyword.WebUiBuiltInKeywords$verifyElementPresent$1.call(Unknown Source)
	at PBYA-001.run(PBYA-001:37)
	at com.kms.katalon.core.main.ScriptEngine.run(ScriptEngine.java:194)
	at com.kms.katalon.core.main.ScriptEngine.runScriptAsRawText(ScriptEngine.java:119)
	at com.kms.katalon.core.main.TestCaseExecutor.runScript(TestCaseExecutor.java:448)
	at com.kms.katalon.core.main.TestCaseExecutor.doExecute(TestCaseExecutor.java:439)
	at com.kms.katalon.core.main.TestCaseExecutor.processExecutionPhase(TestCaseExecutor.java:418)
	at com.kms.katalon.core.main.TestCaseExecutor.accessMainPhase(TestCaseExecutor.java:410)
	at com.kms.katalon.core.main.TestCaseExecutor.execute(TestCaseExecutor.java:285)
	at com.kms.katalon.core.main.TestCaseMain.runTestCase(TestCaseMain.java:144)
	at com.kms.katalon.core.keyword.builtin.CallTestCaseKeyword$_callTestCase_closure1.doCall(CallTestCaseKeyword.groovy:59)
	at com.kms.katalon.core.keyword.builtin.CallTestCaseKeyword$_callTestCase_closure1.call(CallTestCaseKeyword.groovy)
	at com.kms.katalon.core.keyword.internal.KeywordMain.runKeyword(KeywordMain.groovy:75)
	at com.kms.katalon.core.keyword.builtin.CallTestCaseKeyword.callTestCase(CallTestCaseKeyword.groovy:81)
	at com.kms.katalon.core.keyword.builtin.CallTestCaseKeyword.execute(CallTestCaseKeyword.groovy:44)
	at com.kms.katalon.core.keyword.internal.KeywordExecutor.executeKeywordForPlatform(KeywordExecutor.groovy:74)
	at com.kms.katalon.core.keyword.BuiltinKeywords.callTestCase(BuiltinKeywords.groovy:310)
	at SA-001.run(SA-001:20)
	at com.kms.katalon.core.main.ScriptEngine.run(ScriptEngine.java:194)
	at com.kms.katalon.core.main.ScriptEngine.runScriptAsRawText(ScriptEngine.java:119)
	at com.kms.katalon.core.main.TestCaseExecutor.runScript(TestCaseExecutor.java:448)
	at com.kms.katalon.core.main.TestCaseExecutor.doExecute(TestCaseExecutor.java:439)
	at com.kms.katalon.core.main.TestCaseExecutor.processExecutionPhase(TestCaseExecutor.java:418)
	at com.kms.katalon.core.main.TestCaseExecutor.accessMainPhase(TestCaseExecutor.java:410)
	at com.kms.katalon.core.main.TestCaseExecutor.execute(TestCaseExecutor.java:285)
	at com.kms.katalon.core.main.TestCaseMain.runTestCase(TestCaseMain.java:144)
	at com.kms.katalon.core.keyword.builtin.CallTestCaseKeyword$_callTestCase_closure1.doCall(CallTestCaseKeyword.groovy:59)
	at com.kms.katalon.core.keyword.builtin.CallTestCaseKeyword$_callTestCase_closure1.call(CallTestCaseKeyword.groovy)
	at com.kms.katalon.core.keyword.internal.KeywordMain.runKeyword(KeywordMain.groovy:75)
	at com.kms.katalon.core.keyword.builtin.CallTestCaseKeyword.callTestCase(CallTestCaseKeyword.groovy:81)
	at com.kms.katalon.core.keyword.builtin.CallTestCaseKeyword.execute(CallTestCaseKeyword.groovy:44)
	at com.kms.katalon.core.keyword.internal.KeywordExecutor.executeKeywordForPlatform(KeywordExecutor.groovy:74)
	at com.kms.katalon.core.keyword.BuiltinKeywords.callTestCase(BuiltinKeywords.groovy:310)
	at SA-002.run(SA-002:20)
	at com.kms.katalon.core.main.ScriptEngine.run(ScriptEngine.java:194)
	at com.kms.katalon.core.main.ScriptEngine.runScriptAsRawText(ScriptEngine.java:119)
	at com.kms.katalon.core.main.TestCaseExecutor.runScript(TestCaseExecutor.java:448)
	at com.kms.katalon.core.main.TestCaseExecutor.doExecute(TestCaseExecutor.java:439)
	at com.kms.katalon.core.main.TestCaseExecutor.processExecutionPhase(TestCaseExecutor.java:418)
	at com.kms.katalon.core.main.TestCaseExecutor.accessMainPhase(TestCaseExecutor.java:410)
	at com.kms.katalon.core.main.TestCaseExecutor.execute(TestCaseExecutor.java:285)
	at com.kms.katalon.core.main.TestCaseMain.runTestCase(TestCaseMain.java:144)
	at com.kms.katalon.core.keyword.builtin.CallTestCaseKeyword$_callTestCase_closure1.doCall(CallTestCaseKeyword.groovy:59)
	at com.kms.katalon.core.keyword.builtin.CallTestCaseKeyword$_callTestCase_closure1.call(CallTestCaseKeyword.groovy)
	at com.kms.katalon.core.keyword.internal.KeywordMain.runKeyword(KeywordMain.groovy:75)
	at com.kms.katalon.core.keyword.builtin.CallTestCaseKeyword.callTestCase(CallTestCaseKeyword.groovy:81)
	at com.kms.katalon.core.keyword.builtin.CallTestCaseKeyword.execute(CallTestCaseKeyword.groovy:44)
	at com.kms.katalon.core.keyword.internal.KeywordExecutor.executeKeywordForPlatform(KeywordExecutor.groovy:74)
	at com.kms.katalon.core.keyword.BuiltinKeywords.callTestCase(BuiltinKeywords.groovy:310)
	at SA-005.run(SA-005:20)
	at com.kms.katalon.core.main.ScriptEngine.run(ScriptEngine.java:194)
	at com.kms.katalon.core.main.ScriptEngine.runScriptAsRawText(ScriptEngine.java:119)
	at com.kms.katalon.core.main.TestCaseExecutor.runScript(TestCaseExecutor.java:448)
	at com.kms.katalon.core.main.TestCaseExecutor.doExecute(TestCaseExecutor.java:439)
	at com.kms.katalon.core.main.TestCaseExecutor.processExecutionPhase(TestCaseExecutor.java:418)
	at com.kms.katalon.core.main.TestCaseExecutor.accessMainPhase(TestCaseExecutor.java:410)
	at com.kms.katalon.core.main.TestCaseExecutor.execute(TestCaseExecutor.java:285)
	at com.kms.katalon.core.main.TestCaseMain.runTestCase(TestCaseMain.java:144)
	at com.kms.katalon.core.keyword.builtin.CallTestCaseKeyword$_callTestCase_closure1.doCall(CallTestCaseKeyword.groovy:59)
	at com.kms.katalon.core.keyword.builtin.CallTestCaseKeyword$_callTestCase_closure1.call(CallTestCaseKeyword.groovy)
	at com.kms.katalon.core.keyword.internal.KeywordMain.runKeyword(KeywordMain.groovy:75)
	at com.kms.katalon.core.keyword.builtin.CallTestCaseKeyword.callTestCase(CallTestCaseKeyword.groovy:81)
	at com.kms.katalon.core.keyword.builtin.CallTestCaseKeyword.execute(CallTestCaseKeyword.groovy:44)
	at com.kms.katalon.core.keyword.internal.KeywordExecutor.executeKeywordForPlatform(KeywordExecutor.groovy:74)
	at com.kms.katalon.core.keyword.BuiltinKeywords.callTestCase(BuiltinKeywords.groovy:310)
	at SU-007.run(SU-007:24)
	at com.kms.katalon.core.main.ScriptEngine.run(ScriptEngine.java:194)
	at com.kms.katalon.core.main.ScriptEngine.runScriptAsRawText(ScriptEngine.java:119)
	at com.kms.katalon.core.main.TestCaseExecutor.runScript(TestCaseExecutor.java:448)
	at com.kms.katalon.core.main.TestCaseExecutor.doExecute(TestCaseExecutor.java:439)
	at com.kms.katalon.core.main.TestCaseExecutor.processExecutionPhase(TestCaseExecutor.java:418)
	at com.kms.katalon.core.main.TestCaseExecutor.accessMainPhase(TestCaseExecutor.java:410)
	at com.kms.katalon.core.main.TestCaseExecutor.execute(TestCaseExecutor.java:285)
	at com.kms.katalon.core.common.CommonExecutor.accessTestCaseMainPhase(CommonExecutor.java:65)
	at com.kms.katalon.core.main.TestSuiteExecutor.accessTestSuiteMainPhase(TestSuiteExecutor.java:148)
	at com.kms.katalon.core.main.TestSuiteExecutor.execute(TestSuiteExecutor.java:106)
	at com.kms.katalon.core.main.TestCaseMain.startTestSuite(TestCaseMain.java:187)
	at com.kms.katalon.core.main.TestCaseMain$startTestSuite$0.call(Unknown Source)
	at TempTestSuite1696420804604.run(TempTestSuite1696420804604.groovy:36)
Caused by: com.kms.katalon.core.exception.StepFailedException: com.kms.katalon.core.webui.exception.WebElementNotFoundException: Web element with id: 'Object Repository/admin/Konf order konsumen/Tittle Dashboard' located by '(.//*[normalize-space(text()) and normalize-space(.)='Logout'])[1]/following::h1[1]' not found
	at com.kms.katalon.core.webui.keyword.internal.WebUIKeywordMain.stepFailed(WebUIKeywordMain.groovy:64)
	at com.kms.katalon.core.webui.keyword.builtin.VerifyElementPresentKeyword$_verifyElementPresent_closure1.doCall(VerifyElementPresentKeyword.groovy:85)
	at com.kms.katalon.core.webui.keyword.builtin.VerifyElementPresentKeyword$_verifyElementPresent_closure1.call(VerifyElementPresentKeyword.groovy)
	at com.kms.katalon.core.webui.keyword.internal.WebUIKeywordMain.runKeyword(WebUIKeywordMain.groovy:20)
	... 83 more
)

2023-10-04 19:53:15 - [MESSAGE][WARNING] - Timeout '0' is invalid. Using default page load timeout: '30'

2023-10-04 19:53:46 - [MESSAGE][INFO] - Unable to find the element located by 'By.xpath: (.//*[normalize-space(text()) and normalize-space(.)='Logout'])[1]/following::h1[1]'. Please recheck the objects properties to make sure the desired element is located. 

2023-10-04 19:53:46 - [MESSAGE][FAILED] - com.kms.katalon.core.webui.exception.WebElementNotFoundException: Web element with id: 'Object Repository/admin/Konf order konsumen/Tittle Dashboard' located by '(.//*[normalize-space(text()) and normalize-space(.)='Logout'])[1]/following::h1[1]' not found (Root cause: com.kms.katalon.core.exception.StepFailedException: com.kms.katalon.core.webui.exception.WebElementNotFoundException: Web element with id: 'Object Repository/admin/Konf order konsumen/Tittle Dashboard' located by '(.//*[normalize-space(text()) and normalize-space(.)='Logout'])[1]/following::h1[1]' not found
	at com.kms.katalon.core.webui.keyword.internal.WebUIKeywordMain.stepFailed(WebUIKeywordMain.groovy:64)
	at com.kms.katalon.core.webui.keyword.builtin.VerifyElementPresentKeyword$_verifyElementPresent_closure1.doCall(VerifyElementPresentKeyword.groovy:85)
	at com.kms.katalon.core.webui.keyword.builtin.VerifyElementPresentKeyword$_verifyElementPresent_closure1.call(VerifyElementPresentKeyword.groovy)
	at com.kms.katalon.core.webui.keyword.internal.WebUIKeywordMain.runKeyword(WebUIKeywordMain.groovy:20)
	at com.kms.katalon.core.webui.keyword.builtin.VerifyElementPresentKeyword.verifyElementPresent(VerifyElementPresentKeyword.groovy:92)
	at com.kms.katalon.core.webui.keyword.builtin.VerifyElementPresentKeyword.execute(VerifyElementPresentKeyword.groovy:68)
	at com.kms.katalon.core.keyword.internal.KeywordExecutor.executeKeywordForPlatform(KeywordExecutor.groovy:74)
	at com.kms.katalon.core.webui.keyword.WebUiBuiltInKeywords.verifyElementPresent(WebUiBuiltInKeywords.groovy:1464)
	at com.kms.katalon.core.webui.keyword.WebUiBuiltInKeywords$verifyElementPresent$1.call(Unknown Source)
	at PBYA-001.run(PBYA-001:37)
	at com.kms.katalon.core.main.ScriptEngine.run(ScriptEngine.java:194)
	at com.kms.katalon.core.main.ScriptEngine.runScriptAsRawText(ScriptEngine.java:119)
	at com.kms.katalon.core.main.TestCaseExecutor.runScript(TestCaseExecutor.java:448)
	at com.kms.katalon.core.main.TestCaseExecutor.doExecute(TestCaseExecutor.java:439)
	at com.kms.katalon.core.main.TestCaseExecutor.processExecutionPhase(TestCaseExecutor.java:418)
	at com.kms.katalon.core.main.TestCaseExecutor.accessMainPhase(TestCaseExecutor.java:410)
	at com.kms.katalon.core.main.TestCaseExecutor.execute(TestCaseExecutor.java:285)
	at com.kms.katalon.core.main.TestCaseMain.runTestCase(TestCaseMain.java:144)
	at com.kms.katalon.core.keyword.builtin.CallTestCaseKeyword$_callTestCase_closure1.doCall(CallTestCaseKeyword.groovy:59)
	at com.kms.katalon.core.keyword.builtin.CallTestCaseKeyword$_callTestCase_closure1.call(CallTestCaseKeyword.groovy)
	at com.kms.katalon.core.keyword.internal.KeywordMain.runKeyword(KeywordMain.groovy:75)
	at com.kms.katalon.core.keyword.builtin.CallTestCaseKeyword.callTestCase(CallTestCaseKeyword.groovy:81)
	at com.kms.katalon.core.keyword.builtin.CallTestCaseKeyword.execute(CallTestCaseKeyword.groovy:44)
	at com.kms.katalon.core.keyword.internal.KeywordExecutor.executeKeywordForPlatform(KeywordExecutor.groovy:74)
	at com.kms.katalon.core.keyword.BuiltinKeywords.callTestCase(BuiltinKeywords.groovy:310)
	at SA-001.run(SA-001:20)
	at com.kms.katalon.core.main.ScriptEngine.run(ScriptEngine.java:194)
	at com.kms.katalon.core.main.ScriptEngine.runScriptAsRawText(ScriptEngine.java:119)
	at com.kms.katalon.core.main.TestCaseExecutor.runScript(TestCaseExecutor.java:448)
	at com.kms.katalon.core.main.TestCaseExecutor.doExecute(TestCaseExecutor.java:439)
	at com.kms.katalon.core.main.TestCaseExecutor.processExecutionPhase(TestCaseExecutor.java:418)
	at com.kms.katalon.core.main.TestCaseExecutor.accessMainPhase(TestCaseExecutor.java:410)
	at com.kms.katalon.core.main.TestCaseExecutor.execute(TestCaseExecutor.java:285)
	at com.kms.katalon.core.main.TestCaseMain.runTestCase(TestCaseMain.java:144)
	at com.kms.katalon.core.keyword.builtin.CallTestCaseKeyword$_callTestCase_closure1.doCall(CallTestCaseKeyword.groovy:59)
	at com.kms.katalon.core.keyword.builtin.CallTestCaseKeyword$_callTestCase_closure1.call(CallTestCaseKeyword.groovy)
	at com.kms.katalon.core.keyword.internal.KeywordMain.runKeyword(KeywordMain.groovy:75)
	at com.kms.katalon.core.keyword.builtin.CallTestCaseKeyword.callTestCase(CallTestCaseKeyword.groovy:81)
	at com.kms.katalon.core.keyword.builtin.CallTestCaseKeyword.execute(CallTestCaseKeyword.groovy:44)
	at com.kms.katalon.core.keyword.internal.KeywordExecutor.executeKeywordForPlatform(KeywordExecutor.groovy:74)
	at com.kms.katalon.core.keyword.BuiltinKeywords.callTestCase(BuiltinKeywords.groovy:310)
	at SA-002.run(SA-002:20)
	at com.kms.katalon.core.main.ScriptEngine.run(ScriptEngine.java:194)
	at com.kms.katalon.core.main.ScriptEngine.runScriptAsRawText(ScriptEngine.java:119)
	at com.kms.katalon.core.main.TestCaseExecutor.runScript(TestCaseExecutor.java:448)
	at com.kms.katalon.core.main.TestCaseExecutor.doExecute(TestCaseExecutor.java:439)
	at com.kms.katalon.core.main.TestCaseExecutor.processExecutionPhase(TestCaseExecutor.java:418)
	at com.kms.katalon.core.main.TestCaseExecutor.accessMainPhase(TestCaseExecutor.java:410)
	at com.kms.katalon.core.main.TestCaseExecutor.execute(TestCaseExecutor.java:285)
	at com.kms.katalon.core.main.TestCaseMain.runTestCase(TestCaseMain.java:144)
	at com.kms.katalon.core.keyword.builtin.CallTestCaseKeyword$_callTestCase_closure1.doCall(CallTestCaseKeyword.groovy:59)
	at com.kms.katalon.core.keyword.builtin.CallTestCaseKeyword$_callTestCase_closure1.call(CallTestCaseKeyword.groovy)
	at com.kms.katalon.core.keyword.internal.KeywordMain.runKeyword(KeywordMain.groovy:75)
	at com.kms.katalon.core.keyword.builtin.CallTestCaseKeyword.callTestCase(CallTestCaseKeyword.groovy:81)
	at com.kms.katalon.core.keyword.builtin.CallTestCaseKeyword.execute(CallTestCaseKeyword.groovy:44)
	at com.kms.katalon.core.keyword.internal.KeywordExecutor.executeKeywordForPlatform(KeywordExecutor.groovy:74)
	at com.kms.katalon.core.keyword.BuiltinKeywords.callTestCase(BuiltinKeywords.groovy:310)
	at SA-005.run(SA-005:20)
	at com.kms.katalon.core.main.ScriptEngine.run(ScriptEngine.java:194)
	at com.kms.katalon.core.main.ScriptEngine.runScriptAsRawText(ScriptEngine.java:119)
	at com.kms.katalon.core.main.TestCaseExecutor.runScript(TestCaseExecutor.java:448)
	at com.kms.katalon.core.main.TestCaseExecutor.doExecute(TestCaseExecutor.java:439)
	at com.kms.katalon.core.main.TestCaseExecutor.processExecutionPhase(TestCaseExecutor.java:418)
	at com.kms.katalon.core.main.TestCaseExecutor.accessMainPhase(TestCaseExecutor.java:410)
	at com.kms.katalon.core.main.TestCaseExecutor.execute(TestCaseExecutor.java:285)
	at com.kms.katalon.core.main.TestCaseMain.runTestCase(TestCaseMain.java:144)
	at com.kms.katalon.core.keyword.builtin.CallTestCaseKeyword$_callTestCase_closure1.doCall(CallTestCaseKeyword.groovy:59)
	at com.kms.katalon.core.keyword.builtin.CallTestCaseKeyword$_callTestCase_closure1.call(CallTestCaseKeyword.groovy)
	at com.kms.katalon.core.keyword.internal.KeywordMain.runKeyword(KeywordMain.groovy:75)
	at com.kms.katalon.core.keyword.builtin.CallTestCaseKeyword.callTestCase(CallTestCaseKeyword.groovy:81)
	at com.kms.katalon.core.keyword.builtin.CallTestCaseKeyword.execute(CallTestCaseKeyword.groovy:44)
	at com.kms.katalon.core.keyword.internal.KeywordExecutor.executeKeywordForPlatform(KeywordExecutor.groovy:74)
	at com.kms.katalon.core.keyword.BuiltinKeywords.callTestCase(BuiltinKeywords.groovy:310)
	at SU-007.run(SU-007:24)
	at com.kms.katalon.core.main.ScriptEngine.run(ScriptEngine.java:194)
	at com.kms.katalon.core.main.ScriptEngine.runScriptAsRawText(ScriptEngine.java:119)
	at com.kms.katalon.core.main.TestCaseExecutor.runScript(TestCaseExecutor.java:448)
	at com.kms.katalon.core.main.TestCaseExecutor.doExecute(TestCaseExecutor.java:439)
	at com.kms.katalon.core.main.TestCaseExecutor.processExecutionPhase(TestCaseExecutor.java:418)
	at com.kms.katalon.core.main.TestCaseExecutor.accessMainPhase(TestCaseExecutor.java:410)
	at com.kms.katalon.core.main.TestCaseExecutor.execute(TestCaseExecutor.java:285)
	at com.kms.katalon.core.common.CommonExecutor.accessTestCaseMainPhase(CommonExecutor.java:65)
	at com.kms.katalon.core.main.TestSuiteExecutor.accessTestSuiteMainPhase(TestSuiteExecutor.java:148)
	at com.kms.katalon.core.main.TestSuiteExecutor.execute(TestSuiteExecutor.java:106)
	at com.kms.katalon.core.main.TestCaseMain.startTestSuite(TestCaseMain.java:187)
	at com.kms.katalon.core.main.TestCaseMain$startTestSuite$0.call(Unknown Source)
	at TempTestSuite1696420804604.run(TempTestSuite1696420804604.groovy:36)
)
[[ATTACHMENT|D:\\BOOTCAMP XSIS\\Projek 2 MINI PROJEK\\Reports\\20231004_190004\\T13 Pembelian, Shipment dan Pembayaran\\T13 Pembelian, Shipment dan Pembayaran\\20231004_190004\\1696424026110.png]]

2023-10-04 19:53:46 - [MESSAGE][FAILED] - Unable to verify object 'Object Repository/admin/Konf order konsumen/Tittle Dashboard' is present (Root cause: com.kms.katalon.core.exception.StepFailedException: Unable to verify object 'Object Repository/admin/Konf order konsumen/Tittle Dashboard' is present
	at com.kms.katalon.core.webui.keyword.internal.WebUIKeywordMain.stepFailed(WebUIKeywordMain.groovy:64)
	at com.kms.katalon.core.webui.keyword.internal.WebUIKeywordMain.runKeyword(WebUIKeywordMain.groovy:26)
	at com.kms.katalon.core.webui.keyword.builtin.VerifyElementPresentKeyword.verifyElementPresent(VerifyElementPresentKeyword.groovy:92)
	at com.kms.katalon.core.webui.keyword.builtin.VerifyElementPresentKeyword.execute(VerifyElementPresentKeyword.groovy:68)
	at com.kms.katalon.core.keyword.internal.KeywordExecutor.executeKeywordForPlatform(KeywordExecutor.groovy:74)
	at com.kms.katalon.core.webui.keyword.WebUiBuiltInKeywords.verifyElementPresent(WebUiBuiltInKeywords.groovy:1464)
	at com.kms.katalon.core.webui.keyword.WebUiBuiltInKeywords$verifyElementPresent$1.call(Unknown Source)
	at PBYA-001.run(PBYA-001:37)
	at com.kms.katalon.core.main.ScriptEngine.run(ScriptEngine.java:194)
	at com.kms.katalon.core.main.ScriptEngine.runScriptAsRawText(ScriptEngine.java:119)
	at com.kms.katalon.core.main.TestCaseExecutor.runScript(TestCaseExecutor.java:448)
	at com.kms.katalon.core.main.TestCaseExecutor.doExecute(TestCaseExecutor.java:439)
	at com.kms.katalon.core.main.TestCaseExecutor.processExecutionPhase(TestCaseExecutor.java:418)
	at com.kms.katalon.core.main.TestCaseExecutor.accessMainPhase(TestCaseExecutor.java:410)
	at com.kms.katalon.core.main.TestCaseExecutor.execute(TestCaseExecutor.java:285)
	at com.kms.katalon.core.main.TestCaseMain.runTestCase(TestCaseMain.java:144)
	at com.kms.katalon.core.keyword.builtin.CallTestCaseKeyword$_callTestCase_closure1.doCall(CallTestCaseKeyword.groovy:59)
	at com.kms.katalon.core.keyword.builtin.CallTestCaseKeyword$_callTestCase_closure1.call(CallTestCaseKeyword.groovy)
	at com.kms.katalon.core.keyword.internal.KeywordMain.runKeyword(KeywordMain.groovy:75)
	at com.kms.katalon.core.keyword.builtin.CallTestCaseKeyword.callTestCase(CallTestCaseKeyword.groovy:81)
	at com.kms.katalon.core.keyword.builtin.CallTestCaseKeyword.execute(CallTestCaseKeyword.groovy:44)
	at com.kms.katalon.core.keyword.internal.KeywordExecutor.executeKeywordForPlatform(KeywordExecutor.groovy:74)
	at com.kms.katalon.core.keyword.BuiltinKeywords.callTestCase(BuiltinKeywords.groovy:310)
	at SA-001.run(SA-001:20)
	at com.kms.katalon.core.main.ScriptEngine.run(ScriptEngine.java:194)
	at com.kms.katalon.core.main.ScriptEngine.runScriptAsRawText(ScriptEngine.java:119)
	at com.kms.katalon.core.main.TestCaseExecutor.runScript(TestCaseExecutor.java:448)
	at com.kms.katalon.core.main.TestCaseExecutor.doExecute(TestCaseExecutor.java:439)
	at com.kms.katalon.core.main.TestCaseExecutor.processExecutionPhase(TestCaseExecutor.java:418)
	at com.kms.katalon.core.main.TestCaseExecutor.accessMainPhase(TestCaseExecutor.java:410)
	at com.kms.katalon.core.main.TestCaseExecutor.execute(TestCaseExecutor.java:285)
	at com.kms.katalon.core.main.TestCaseMain.runTestCase(TestCaseMain.java:144)
	at com.kms.katalon.core.keyword.builtin.CallTestCaseKeyword$_callTestCase_closure1.doCall(CallTestCaseKeyword.groovy:59)
	at com.kms.katalon.core.keyword.builtin.CallTestCaseKeyword$_callTestCase_closure1.call(CallTestCaseKeyword.groovy)
	at com.kms.katalon.core.keyword.internal.KeywordMain.runKeyword(KeywordMain.groovy:75)
	at com.kms.katalon.core.keyword.builtin.CallTestCaseKeyword.callTestCase(CallTestCaseKeyword.groovy:81)
	at com.kms.katalon.core.keyword.builtin.CallTestCaseKeyword.execute(CallTestCaseKeyword.groovy:44)
	at com.kms.katalon.core.keyword.internal.KeywordExecutor.executeKeywordForPlatform(KeywordExecutor.groovy:74)
	at com.kms.katalon.core.keyword.BuiltinKeywords.callTestCase(BuiltinKeywords.groovy:310)
	at SA-002.run(SA-002:20)
	at com.kms.katalon.core.main.ScriptEngine.run(ScriptEngine.java:194)
	at com.kms.katalon.core.main.ScriptEngine.runScriptAsRawText(ScriptEngine.java:119)
	at com.kms.katalon.core.main.TestCaseExecutor.runScript(TestCaseExecutor.java:448)
	at com.kms.katalon.core.main.TestCaseExecutor.doExecute(TestCaseExecutor.java:439)
	at com.kms.katalon.core.main.TestCaseExecutor.processExecutionPhase(TestCaseExecutor.java:418)
	at com.kms.katalon.core.main.TestCaseExecutor.accessMainPhase(TestCaseExecutor.java:410)
	at com.kms.katalon.core.main.TestCaseExecutor.execute(TestCaseExecutor.java:285)
	at com.kms.katalon.core.main.TestCaseMain.runTestCase(TestCaseMain.java:144)
	at com.kms.katalon.core.keyword.builtin.CallTestCaseKeyword$_callTestCase_closure1.doCall(CallTestCaseKeyword.groovy:59)
	at com.kms.katalon.core.keyword.builtin.CallTestCaseKeyword$_callTestCase_closure1.call(CallTestCaseKeyword.groovy)
	at com.kms.katalon.core.keyword.internal.KeywordMain.runKeyword(KeywordMain.groovy:75)
	at com.kms.katalon.core.keyword.builtin.CallTestCaseKeyword.callTestCase(CallTestCaseKeyword.groovy:81)
	at com.kms.katalon.core.keyword.builtin.CallTestCaseKeyword.execute(CallTestCaseKeyword.groovy:44)
	at com.kms.katalon.core.keyword.internal.KeywordExecutor.executeKeywordForPlatform(KeywordExecutor.groovy:74)
	at com.kms.katalon.core.keyword.BuiltinKeywords.callTestCase(BuiltinKeywords.groovy:310)
	at SA-005.run(SA-005:20)
	at com.kms.katalon.core.main.ScriptEngine.run(ScriptEngine.java:194)
	at com.kms.katalon.core.main.ScriptEngine.runScriptAsRawText(ScriptEngine.java:119)
	at com.kms.katalon.core.main.TestCaseExecutor.runScript(TestCaseExecutor.java:448)
	at com.kms.katalon.core.main.TestCaseExecutor.doExecute(TestCaseExecutor.java:439)
	at com.kms.katalon.core.main.TestCaseExecutor.processExecutionPhase(TestCaseExecutor.java:418)
	at com.kms.katalon.core.main.TestCaseExecutor.accessMainPhase(TestCaseExecutor.java:410)
	at com.kms.katalon.core.main.TestCaseExecutor.execute(TestCaseExecutor.java:285)
	at com.kms.katalon.core.main.TestCaseMain.runTestCase(TestCaseMain.java:144)
	at com.kms.katalon.core.keyword.builtin.CallTestCaseKeyword$_callTestCase_closure1.doCall(CallTestCaseKeyword.groovy:59)
	at com.kms.katalon.core.keyword.builtin.CallTestCaseKeyword$_callTestCase_closure1.call(CallTestCaseKeyword.groovy)
	at com.kms.katalon.core.keyword.internal.KeywordMain.runKeyword(KeywordMain.groovy:75)
	at com.kms.katalon.core.keyword.builtin.CallTestCaseKeyword.callTestCase(CallTestCaseKeyword.groovy:81)
	at com.kms.katalon.core.keyword.builtin.CallTestCaseKeyword.execute(CallTestCaseKeyword.groovy:44)
	at com.kms.katalon.core.keyword.internal.KeywordExecutor.executeKeywordForPlatform(KeywordExecutor.groovy:74)
	at com.kms.katalon.core.keyword.BuiltinKeywords.callTestCase(BuiltinKeywords.groovy:310)
	at SU-007.run(SU-007:24)
	at com.kms.katalon.core.main.ScriptEngine.run(ScriptEngine.java:194)
	at com.kms.katalon.core.main.ScriptEngine.runScriptAsRawText(ScriptEngine.java:119)
	at com.kms.katalon.core.main.TestCaseExecutor.runScript(TestCaseExecutor.java:448)
	at com.kms.katalon.core.main.TestCaseExecutor.doExecute(TestCaseExecutor.java:439)
	at com.kms.katalon.core.main.TestCaseExecutor.processExecutionPhase(TestCaseExecutor.java:418)
	at com.kms.katalon.core.main.TestCaseExecutor.accessMainPhase(TestCaseExecutor.java:410)
	at com.kms.katalon.core.main.TestCaseExecutor.execute(TestCaseExecutor.java:285)
	at com.kms.katalon.core.common.CommonExecutor.accessTestCaseMainPhase(CommonExecutor.java:65)
	at com.kms.katalon.core.main.TestSuiteExecutor.accessTestSuiteMainPhase(TestSuiteExecutor.java:148)
	at com.kms.katalon.core.main.TestSuiteExecutor.execute(TestSuiteExecutor.java:106)
	at com.kms.katalon.core.main.TestCaseMain.startTestSuite(TestCaseMain.java:187)
	at com.kms.katalon.core.main.TestCaseMain$startTestSuite$0.call(Unknown Source)
	at TempTestSuite1696420804604.run(TempTestSuite1696420804604.groovy:36)
Caused by: com.kms.katalon.core.exception.StepFailedException: com.kms.katalon.core.webui.exception.WebElementNotFoundException: Web element with id: 'Object Repository/admin/Konf order konsumen/Tittle Dashboard' located by '(.//*[normalize-space(text()) and normalize-space(.)='Logout'])[1]/following::h1[1]' not found
	at com.kms.katalon.core.webui.keyword.internal.WebUIKeywordMain.stepFailed(WebUIKeywordMain.groovy:64)
	at com.kms.katalon.core.webui.keyword.builtin.VerifyElementPresentKeyword$_verifyElementPresent_closure1.doCall(VerifyElementPresentKeyword.groovy:85)
	at com.kms.katalon.core.webui.keyword.builtin.VerifyElementPresentKeyword$_verifyElementPresent_closure1.call(VerifyElementPresentKeyword.groovy)
	at com.kms.katalon.core.webui.keyword.internal.WebUIKeywordMain.runKeyword(WebUIKeywordMain.groovy:20)
	... 83 more
)
[[ATTACHMENT|D:\\BOOTCAMP XSIS\\Projek 2 MINI PROJEK\\Reports\\20231004_190004\\T13 Pembelian, Shipment dan Pembayaran\\T13 Pembelian, Shipment dan Pembayaran\\20231004_190004\\1696424026146.png]]

2023-10-04 19:53:46 - [MESSAGE][FAILED] - Unable to call Test Case 'Test Cases/T13 Pembelian, Shipment dan Pembayaran/PBYA-001' (Root cause: com.kms.katalon.core.exception.StepFailedException: Call Test Case 'Test Cases/T13 Pembelian, Shipment dan Pembayaran/PBYA-001' failed
	at com.kms.katalon.core.keyword.builtin.CallTestCaseKeyword$_callTestCase_closure1.doCall(CallTestCaseKeyword.groovy:63)
	at com.kms.katalon.core.keyword.builtin.CallTestCaseKeyword$_callTestCase_closure1.call(CallTestCaseKeyword.groovy)
	at com.kms.katalon.core.keyword.internal.KeywordMain.runKeyword(KeywordMain.groovy:75)
	at com.kms.katalon.core.keyword.builtin.CallTestCaseKeyword.callTestCase(CallTestCaseKeyword.groovy:81)
	at com.kms.katalon.core.keyword.builtin.CallTestCaseKeyword.execute(CallTestCaseKeyword.groovy:44)
	at com.kms.katalon.core.keyword.internal.KeywordExecutor.executeKeywordForPlatform(KeywordExecutor.groovy:74)
	at com.kms.katalon.core.keyword.BuiltinKeywords.callTestCase(BuiltinKeywords.groovy:310)
	at SA-001.run(SA-001:20)
	at com.kms.katalon.core.main.ScriptEngine.run(ScriptEngine.java:194)
	at com.kms.katalon.core.main.ScriptEngine.runScriptAsRawText(ScriptEngine.java:119)
	at com.kms.katalon.core.main.TestCaseExecutor.runScript(TestCaseExecutor.java:448)
	at com.kms.katalon.core.main.TestCaseExecutor.doExecute(TestCaseExecutor.java:439)
	at com.kms.katalon.core.main.TestCaseExecutor.processExecutionPhase(TestCaseExecutor.java:418)
	at com.kms.katalon.core.main.TestCaseExecutor.accessMainPhase(TestCaseExecutor.java:410)
	at com.kms.katalon.core.main.TestCaseExecutor.execute(TestCaseExecutor.java:285)
	at com.kms.katalon.core.main.TestCaseMain.runTestCase(TestCaseMain.java:144)
	at com.kms.katalon.core.keyword.builtin.CallTestCaseKeyword$_callTestCase_closure1.doCall(CallTestCaseKeyword.groovy:59)
	at com.kms.katalon.core.keyword.builtin.CallTestCaseKeyword$_callTestCase_closure1.call(CallTestCaseKeyword.groovy)
	at com.kms.katalon.core.keyword.internal.KeywordMain.runKeyword(KeywordMain.groovy:75)
	at com.kms.katalon.core.keyword.builtin.CallTestCaseKeyword.callTestCase(CallTestCaseKeyword.groovy:81)
	at com.kms.katalon.core.keyword.builtin.CallTestCaseKeyword.execute(CallTestCaseKeyword.groovy:44)
	at com.kms.katalon.core.keyword.internal.KeywordExecutor.executeKeywordForPlatform(KeywordExecutor.groovy:74)
	at com.kms.katalon.core.keyword.BuiltinKeywords.callTestCase(BuiltinKeywords.groovy:310)
	at SA-002.run(SA-002:20)
	at com.kms.katalon.core.main.ScriptEngine.run(ScriptEngine.java:194)
	at com.kms.katalon.core.main.ScriptEngine.runScriptAsRawText(ScriptEngine.java:119)
	at com.kms.katalon.core.main.TestCaseExecutor.runScript(TestCaseExecutor.java:448)
	at com.kms.katalon.core.main.TestCaseExecutor.doExecute(TestCaseExecutor.java:439)
	at com.kms.katalon.core.main.TestCaseExecutor.processExecutionPhase(TestCaseExecutor.java:418)
	at com.kms.katalon.core.main.TestCaseExecutor.accessMainPhase(TestCaseExecutor.java:410)
	at com.kms.katalon.core.main.TestCaseExecutor.execute(TestCaseExecutor.java:285)
	at com.kms.katalon.core.main.TestCaseMain.runTestCase(TestCaseMain.java:144)
	at com.kms.katalon.core.keyword.builtin.CallTestCaseKeyword$_callTestCase_closure1.doCall(CallTestCaseKeyword.groovy:59)
	at com.kms.katalon.core.keyword.builtin.CallTestCaseKeyword$_callTestCase_closure1.call(CallTestCaseKeyword.groovy)
	at com.kms.katalon.core.keyword.internal.KeywordMain.runKeyword(KeywordMain.groovy:75)
	at com.kms.katalon.core.keyword.builtin.CallTestCaseKeyword.callTestCase(CallTestCaseKeyword.groovy:81)
	at com.kms.katalon.core.keyword.builtin.CallTestCaseKeyword.execute(CallTestCaseKeyword.groovy:44)
	at com.kms.katalon.core.keyword.internal.KeywordExecutor.executeKeywordForPlatform(KeywordExecutor.groovy:74)
	at com.kms.katalon.core.keyword.BuiltinKeywords.callTestCase(BuiltinKeywords.groovy:310)
	at SA-005.run(SA-005:20)
	at com.kms.katalon.core.main.ScriptEngine.run(ScriptEngine.java:194)
	at com.kms.katalon.core.main.ScriptEngine.runScriptAsRawText(ScriptEngine.java:119)
	at com.kms.katalon.core.main.TestCaseExecutor.runScript(TestCaseExecutor.java:448)
	at com.kms.katalon.core.main.TestCaseExecutor.doExecute(TestCaseExecutor.java:439)
	at com.kms.katalon.core.main.TestCaseExecutor.processExecutionPhase(TestCaseExecutor.java:418)
	at com.kms.katalon.core.main.TestCaseExecutor.accessMainPhase(TestCaseExecutor.java:410)
	at com.kms.katalon.core.main.TestCaseExecutor.execute(TestCaseExecutor.java:285)
	at com.kms.katalon.core.main.TestCaseMain.runTestCase(TestCaseMain.java:144)
	at com.kms.katalon.core.keyword.builtin.CallTestCaseKeyword$_callTestCase_closure1.doCall(CallTestCaseKeyword.groovy:59)
	at com.kms.katalon.core.keyword.builtin.CallTestCaseKeyword$_callTestCase_closure1.call(CallTestCaseKeyword.groovy)
	at com.kms.katalon.core.keyword.internal.KeywordMain.runKeyword(KeywordMain.groovy:75)
	at com.kms.katalon.core.keyword.builtin.CallTestCaseKeyword.callTestCase(CallTestCaseKeyword.groovy:81)
	at com.kms.katalon.core.keyword.builtin.CallTestCaseKeyword.execute(CallTestCaseKeyword.groovy:44)
	at com.kms.katalon.core.keyword.internal.KeywordExecutor.executeKeywordForPlatform(KeywordExecutor.groovy:74)
	at com.kms.katalon.core.keyword.BuiltinKeywords.callTestCase(BuiltinKeywords.groovy:310)
	at SU-007.run(SU-007:24)
	at com.kms.katalon.core.main.ScriptEngine.run(ScriptEngine.java:194)
	at com.kms.katalon.core.main.ScriptEngine.runScriptAsRawText(ScriptEngine.java:119)
	at com.kms.katalon.core.main.TestCaseExecutor.runScript(TestCaseExecutor.java:448)
	at com.kms.katalon.core.main.TestCaseExecutor.doExecute(TestCaseExecutor.java:439)
	at com.kms.katalon.core.main.TestCaseExecutor.processExecutionPhase(TestCaseExecutor.java:418)
	at com.kms.katalon.core.main.TestCaseExecutor.accessMainPhase(TestCaseExecutor.java:410)
	at com.kms.katalon.core.main.TestCaseExecutor.execute(TestCaseExecutor.java:285)
	at com.kms.katalon.core.common.CommonExecutor.accessTestCaseMainPhase(CommonExecutor.java:65)
	at com.kms.katalon.core.main.TestSuiteExecutor.accessTestSuiteMainPhase(TestSuiteExecutor.java:148)
	at com.kms.katalon.core.main.TestSuiteExecutor.execute(TestSuiteExecutor.java:106)
	at com.kms.katalon.core.main.TestCaseMain.startTestSuite(TestCaseMain.java:187)
	at com.kms.katalon.core.main.TestCaseMain$startTestSuite$0.call(Unknown Source)
	at TempTestSuite1696420804604.run(TempTestSuite1696420804604.groovy:36)
Caused by: com.kms.katalon.core.exception.StepFailedException: Unable to verify object 'Object Repository/admin/Konf order konsumen/Tittle Dashboard' is present
	at com.kms.katalon.core.webui.keyword.internal.WebUIKeywordMain.stepFailed(WebUIKeywordMain.groovy:64)
	at com.kms.katalon.core.webui.keyword.internal.WebUIKeywordMain.runKeyword(WebUIKeywordMain.groovy:26)
	at com.kms.katalon.core.webui.keyword.builtin.VerifyElementPresentKeyword.verifyElementPresent(VerifyElementPresentKeyword.groovy:92)
	at com.kms.katalon.core.webui.keyword.builtin.VerifyElementPresentKeyword.execute(VerifyElementPresentKeyword.groovy:68)
	at com.kms.katalon.core.keyword.internal.KeywordExecutor.executeKeywordForPlatform(KeywordExecutor.groovy:74)
	at com.kms.katalon.core.webui.keyword.WebUiBuiltInKeywords.verifyElementPresent(WebUiBuiltInKeywords.groovy:1464)
	at com.kms.katalon.core.webui.keyword.WebUiBuiltInKeywords$verifyElementPresent$1.call(Unknown Source)
	at PBYA-001.run(PBYA-001:37)
	at com.kms.katalon.core.main.ScriptEngine.run(ScriptEngine.java:194)
	at com.kms.katalon.core.main.ScriptEngine.runScriptAsRawText(ScriptEngine.java:119)
	at com.kms.katalon.core.main.TestCaseExecutor.runScript(TestCaseExecutor.java:448)
	at com.kms.katalon.core.main.TestCaseExecutor.doExecute(TestCaseExecutor.java:439)
	at com.kms.katalon.core.main.TestCaseExecutor.processExecutionPhase(TestCaseExecutor.java:418)
	at com.kms.katalon.core.main.TestCaseExecutor.accessMainPhase(TestCaseExecutor.java:410)
	at com.kms.katalon.core.main.TestCaseExecutor.execute(TestCaseExecutor.java:285)
	at com.kms.katalon.core.main.TestCaseMain.runTestCase(TestCaseMain.java:144)
	at com.kms.katalon.core.keyword.builtin.CallTestCaseKeyword$_callTestCase_closure1.doCall(CallTestCaseKeyword.groovy:59)
	... 68 more
Caused by: com.kms.katalon.core.exception.StepFailedException: com.kms.katalon.core.webui.exception.WebElementNotFoundException: Web element with id: 'Object Repository/admin/Konf order konsumen/Tittle Dashboard' located by '(.//*[normalize-space(text()) and normalize-space(.)='Logout'])[1]/following::h1[1]' not found
	at com.kms.katalon.core.webui.keyword.internal.WebUIKeywordMain.stepFailed(WebUIKeywordMain.groovy:64)
	at com.kms.katalon.core.webui.keyword.builtin.VerifyElementPresentKeyword$_verifyElementPresent_closure1.doCall(VerifyElementPresentKeyword.groovy:85)
	at com.kms.katalon.core.webui.keyword.builtin.VerifyElementPresentKeyword$_verifyElementPresent_closure1.call(VerifyElementPresentKeyword.groovy)
	at com.kms.katalon.core.webui.keyword.internal.WebUIKeywordMain.runKeyword(WebUIKeywordMain.groovy:20)
	... 83 more
)

2023-10-04 19:53:46 - [MESSAGE][FAILED] - Unable to call Test Case 'Test Cases/T13 Pembelian, Shipment dan Pembayaran/SA-001' (Root cause: com.kms.katalon.core.exception.StepFailedException: Call Test Case 'Test Cases/T13 Pembelian, Shipment dan Pembayaran/SA-001' failed
	at com.kms.katalon.core.keyword.builtin.CallTestCaseKeyword$_callTestCase_closure1.doCall(CallTestCaseKeyword.groovy:63)
	at com.kms.katalon.core.keyword.builtin.CallTestCaseKeyword$_callTestCase_closure1.call(CallTestCaseKeyword.groovy)
	at com.kms.katalon.core.keyword.internal.KeywordMain.runKeyword(KeywordMain.groovy:75)
	at com.kms.katalon.core.keyword.builtin.CallTestCaseKeyword.callTestCase(CallTestCaseKeyword.groovy:81)
	at com.kms.katalon.core.keyword.builtin.CallTestCaseKeyword.execute(CallTestCaseKeyword.groovy:44)
	at com.kms.katalon.core.keyword.internal.KeywordExecutor.executeKeywordForPlatform(KeywordExecutor.groovy:74)
	at com.kms.katalon.core.keyword.BuiltinKeywords.callTestCase(BuiltinKeywords.groovy:310)
	at SA-002.run(SA-002:20)
	at com.kms.katalon.core.main.ScriptEngine.run(ScriptEngine.java:194)
	at com.kms.katalon.core.main.ScriptEngine.runScriptAsRawText(ScriptEngine.java:119)
	at com.kms.katalon.core.main.TestCaseExecutor.runScript(TestCaseExecutor.java:448)
	at com.kms.katalon.core.main.TestCaseExecutor.doExecute(TestCaseExecutor.java:439)
	at com.kms.katalon.core.main.TestCaseExecutor.processExecutionPhase(TestCaseExecutor.java:418)
	at com.kms.katalon.core.main.TestCaseExecutor.accessMainPhase(TestCaseExecutor.java:410)
	at com.kms.katalon.core.main.TestCaseExecutor.execute(TestCaseExecutor.java:285)
	at com.kms.katalon.core.main.TestCaseMain.runTestCase(TestCaseMain.java:144)
	at com.kms.katalon.core.keyword.builtin.CallTestCaseKeyword$_callTestCase_closure1.doCall(CallTestCaseKeyword.groovy:59)
	at com.kms.katalon.core.keyword.builtin.CallTestCaseKeyword$_callTestCase_closure1.call(CallTestCaseKeyword.groovy)
	at com.kms.katalon.core.keyword.internal.KeywordMain.runKeyword(KeywordMain.groovy:75)
	at com.kms.katalon.core.keyword.builtin.CallTestCaseKeyword.callTestCase(CallTestCaseKeyword.groovy:81)
	at com.kms.katalon.core.keyword.builtin.CallTestCaseKeyword.execute(CallTestCaseKeyword.groovy:44)
	at com.kms.katalon.core.keyword.internal.KeywordExecutor.executeKeywordForPlatform(KeywordExecutor.groovy:74)
	at com.kms.katalon.core.keyword.BuiltinKeywords.callTestCase(BuiltinKeywords.groovy:310)
	at SA-005.run(SA-005:20)
	at com.kms.katalon.core.main.ScriptEngine.run(ScriptEngine.java:194)
	at com.kms.katalon.core.main.ScriptEngine.runScriptAsRawText(ScriptEngine.java:119)
	at com.kms.katalon.core.main.TestCaseExecutor.runScript(TestCaseExecutor.java:448)
	at com.kms.katalon.core.main.TestCaseExecutor.doExecute(TestCaseExecutor.java:439)
	at com.kms.katalon.core.main.TestCaseExecutor.processExecutionPhase(TestCaseExecutor.java:418)
	at com.kms.katalon.core.main.TestCaseExecutor.accessMainPhase(TestCaseExecutor.java:410)
	at com.kms.katalon.core.main.TestCaseExecutor.execute(TestCaseExecutor.java:285)
	at com.kms.katalon.core.main.TestCaseMain.runTestCase(TestCaseMain.java:144)
	at com.kms.katalon.core.keyword.builtin.CallTestCaseKeyword$_callTestCase_closure1.doCall(CallTestCaseKeyword.groovy:59)
	at com.kms.katalon.core.keyword.builtin.CallTestCaseKeyword$_callTestCase_closure1.call(CallTestCaseKeyword.groovy)
	at com.kms.katalon.core.keyword.internal.KeywordMain.runKeyword(KeywordMain.groovy:75)
	at com.kms.katalon.core.keyword.builtin.CallTestCaseKeyword.callTestCase(CallTestCaseKeyword.groovy:81)
	at com.kms.katalon.core.keyword.builtin.CallTestCaseKeyword.execute(CallTestCaseKeyword.groovy:44)
	at com.kms.katalon.core.keyword.internal.KeywordExecutor.executeKeywordForPlatform(KeywordExecutor.groovy:74)
	at com.kms.katalon.core.keyword.BuiltinKeywords.callTestCase(BuiltinKeywords.groovy:310)
	at SU-007.run(SU-007:24)
	at com.kms.katalon.core.main.ScriptEngine.run(ScriptEngine.java:194)
	at com.kms.katalon.core.main.ScriptEngine.runScriptAsRawText(ScriptEngine.java:119)
	at com.kms.katalon.core.main.TestCaseExecutor.runScript(TestCaseExecutor.java:448)
	at com.kms.katalon.core.main.TestCaseExecutor.doExecute(TestCaseExecutor.java:439)
	at com.kms.katalon.core.main.TestCaseExecutor.processExecutionPhase(TestCaseExecutor.java:418)
	at com.kms.katalon.core.main.TestCaseExecutor.accessMainPhase(TestCaseExecutor.java:410)
	at com.kms.katalon.core.main.TestCaseExecutor.execute(TestCaseExecutor.java:285)
	at com.kms.katalon.core.common.CommonExecutor.accessTestCaseMainPhase(CommonExecutor.java:65)
	at com.kms.katalon.core.main.TestSuiteExecutor.accessTestSuiteMainPhase(TestSuiteExecutor.java:148)
	at com.kms.katalon.core.main.TestSuiteExecutor.execute(TestSuiteExecutor.java:106)
	at com.kms.katalon.core.main.TestCaseMain.startTestSuite(TestCaseMain.java:187)
	at com.kms.katalon.core.main.TestCaseMain$startTestSuite$0.call(Unknown Source)
	at TempTestSuite1696420804604.run(TempTestSuite1696420804604.groovy:36)
Caused by: com.kms.katalon.core.exception.StepFailedException: Call Test Case 'Test Cases/T13 Pembelian, Shipment dan Pembayaran/PBYA-001' failed
	at com.kms.katalon.core.keyword.builtin.CallTestCaseKeyword$_callTestCase_closure1.doCall(CallTestCaseKeyword.groovy:63)
	at com.kms.katalon.core.keyword.builtin.CallTestCaseKeyword$_callTestCase_closure1.call(CallTestCaseKeyword.groovy)
	at com.kms.katalon.core.keyword.internal.KeywordMain.runKeyword(KeywordMain.groovy:75)
	at com.kms.katalon.core.keyword.builtin.CallTestCaseKeyword.callTestCase(CallTestCaseKeyword.groovy:81)
	at com.kms.katalon.core.keyword.builtin.CallTestCaseKeyword.execute(CallTestCaseKeyword.groovy:44)
	at com.kms.katalon.core.keyword.internal.KeywordExecutor.executeKeywordForPlatform(KeywordExecutor.groovy:74)
	at com.kms.katalon.core.keyword.BuiltinKeywords.callTestCase(BuiltinKeywords.groovy:310)
	at SA-001.run(SA-001:20)
	at com.kms.katalon.core.main.ScriptEngine.run(ScriptEngine.java:194)
	at com.kms.katalon.core.main.ScriptEngine.runScriptAsRawText(ScriptEngine.java:119)
	at com.kms.katalon.core.main.TestCaseExecutor.runScript(TestCaseExecutor.java:448)
	at com.kms.katalon.core.main.TestCaseExecutor.doExecute(TestCaseExecutor.java:439)
	at com.kms.katalon.core.main.TestCaseExecutor.processExecutionPhase(TestCaseExecutor.java:418)
	at com.kms.katalon.core.main.TestCaseExecutor.accessMainPhase(TestCaseExecutor.java:410)
	at com.kms.katalon.core.main.TestCaseExecutor.execute(TestCaseExecutor.java:285)
	at com.kms.katalon.core.main.TestCaseMain.runTestCase(TestCaseMain.java:144)
	at com.kms.katalon.core.keyword.builtin.CallTestCaseKeyword$_callTestCase_closure1.doCall(CallTestCaseKeyword.groovy:59)
	... 52 more
Caused by: com.kms.katalon.core.exception.StepFailedException: Unable to verify object 'Object Repository/admin/Konf order konsumen/Tittle Dashboard' is present
	at com.kms.katalon.core.webui.keyword.internal.WebUIKeywordMain.stepFailed(WebUIKeywordMain.groovy:64)
	at com.kms.katalon.core.webui.keyword.internal.WebUIKeywordMain.runKeyword(WebUIKeywordMain.groovy:26)
	at com.kms.katalon.core.webui.keyword.builtin.VerifyElementPresentKeyword.verifyElementPresent(VerifyElementPresentKeyword.groovy:92)
	at com.kms.katalon.core.webui.keyword.builtin.VerifyElementPresentKeyword.execute(VerifyElementPresentKeyword.groovy:68)
	at com.kms.katalon.core.keyword.internal.KeywordExecutor.executeKeywordForPlatform(KeywordExecutor.groovy:74)
	at com.kms.katalon.core.webui.keyword.WebUiBuiltInKeywords.verifyElementPresent(WebUiBuiltInKeywords.groovy:1464)
	at com.kms.katalon.core.webui.keyword.WebUiBuiltInKeywords$verifyElementPresent$1.call(Unknown Source)
	at PBYA-001.run(PBYA-001:37)
	at com.kms.katalon.core.main.ScriptEngine.run(ScriptEngine.java:194)
	at com.kms.katalon.core.main.ScriptEngine.runScriptAsRawText(ScriptEngine.java:119)
	at com.kms.katalon.core.main.TestCaseExecutor.runScript(TestCaseExecutor.java:448)
	at com.kms.katalon.core.main.TestCaseExecutor.doExecute(TestCaseExecutor.java:439)
	at com.kms.katalon.core.main.TestCaseExecutor.processExecutionPhase(TestCaseExecutor.java:418)
	at com.kms.katalon.core.main.TestCaseExecutor.accessMainPhase(TestCaseExecutor.java:410)
	at com.kms.katalon.core.main.TestCaseExecutor.execute(TestCaseExecutor.java:285)
	at com.kms.katalon.core.main.TestCaseMain.runTestCase(TestCaseMain.java:144)
	at com.kms.katalon.core.keyword.builtin.CallTestCaseKeyword$_callTestCase_closure1.doCall(CallTestCaseKeyword.groovy:59)
	... 68 more
Caused by: com.kms.katalon.core.exception.StepFailedException: com.kms.katalon.core.webui.exception.WebElementNotFoundException: Web element with id: 'Object Repository/admin/Konf order konsumen/Tittle Dashboard' located by '(.//*[normalize-space(text()) and normalize-space(.)='Logout'])[1]/following::h1[1]' not found
	at com.kms.katalon.core.webui.keyword.internal.WebUIKeywordMain.stepFailed(WebUIKeywordMain.groovy:64)
	at com.kms.katalon.core.webui.keyword.builtin.VerifyElementPresentKeyword$_verifyElementPresent_closure1.doCall(VerifyElementPresentKeyword.groovy:85)
	at com.kms.katalon.core.webui.keyword.builtin.VerifyElementPresentKeyword$_verifyElementPresent_closure1.call(VerifyElementPresentKeyword.groovy)
	at com.kms.katalon.core.webui.keyword.internal.WebUIKeywordMain.runKeyword(WebUIKeywordMain.groovy:20)
	... 83 more
)

2023-10-04 19:53:46 - [MESSAGE][FAILED] - Unable to call Test Case 'Test Cases/T13 Pembelian, Shipment dan Pembayaran/SA-002' (Root cause: com.kms.katalon.core.exception.StepFailedException: Call Test Case 'Test Cases/T13 Pembelian, Shipment dan Pembayaran/SA-002' failed
	at com.kms.katalon.core.keyword.builtin.CallTestCaseKeyword$_callTestCase_closure1.doCall(CallTestCaseKeyword.groovy:63)
	at com.kms.katalon.core.keyword.builtin.CallTestCaseKeyword$_callTestCase_closure1.call(CallTestCaseKeyword.groovy)
	at com.kms.katalon.core.keyword.internal.KeywordMain.runKeyword(KeywordMain.groovy:75)
	at com.kms.katalon.core.keyword.builtin.CallTestCaseKeyword.callTestCase(CallTestCaseKeyword.groovy:81)
	at com.kms.katalon.core.keyword.builtin.CallTestCaseKeyword.execute(CallTestCaseKeyword.groovy:44)
	at com.kms.katalon.core.keyword.internal.KeywordExecutor.executeKeywordForPlatform(KeywordExecutor.groovy:74)
	at com.kms.katalon.core.keyword.BuiltinKeywords.callTestCase(BuiltinKeywords.groovy:310)
	at SA-005.run(SA-005:20)
	at com.kms.katalon.core.main.ScriptEngine.run(ScriptEngine.java:194)
	at com.kms.katalon.core.main.ScriptEngine.runScriptAsRawText(ScriptEngine.java:119)
	at com.kms.katalon.core.main.TestCaseExecutor.runScript(TestCaseExecutor.java:448)
	at com.kms.katalon.core.main.TestCaseExecutor.doExecute(TestCaseExecutor.java:439)
	at com.kms.katalon.core.main.TestCaseExecutor.processExecutionPhase(TestCaseExecutor.java:418)
	at com.kms.katalon.core.main.TestCaseExecutor.accessMainPhase(TestCaseExecutor.java:410)
	at com.kms.katalon.core.main.TestCaseExecutor.execute(TestCaseExecutor.java:285)
	at com.kms.katalon.core.main.TestCaseMain.runTestCase(TestCaseMain.java:144)
	at com.kms.katalon.core.keyword.builtin.CallTestCaseKeyword$_callTestCase_closure1.doCall(CallTestCaseKeyword.groovy:59)
	at com.kms.katalon.core.keyword.builtin.CallTestCaseKeyword$_callTestCase_closure1.call(CallTestCaseKeyword.groovy)
	at com.kms.katalon.core.keyword.internal.KeywordMain.runKeyword(KeywordMain.groovy:75)
	at com.kms.katalon.core.keyword.builtin.CallTestCaseKeyword.callTestCase(CallTestCaseKeyword.groovy:81)
	at com.kms.katalon.core.keyword.builtin.CallTestCaseKeyword.execute(CallTestCaseKeyword.groovy:44)
	at com.kms.katalon.core.keyword.internal.KeywordExecutor.executeKeywordForPlatform(KeywordExecutor.groovy:74)
	at com.kms.katalon.core.keyword.BuiltinKeywords.callTestCase(BuiltinKeywords.groovy:310)
	at SU-007.run(SU-007:24)
	at com.kms.katalon.core.main.ScriptEngine.run(ScriptEngine.java:194)
	at com.kms.katalon.core.main.ScriptEngine.runScriptAsRawText(ScriptEngine.java:119)
	at com.kms.katalon.core.main.TestCaseExecutor.runScript(TestCaseExecutor.java:448)
	at com.kms.katalon.core.main.TestCaseExecutor.doExecute(TestCaseExecutor.java:439)
	at com.kms.katalon.core.main.TestCaseExecutor.processExecutionPhase(TestCaseExecutor.java:418)
	at com.kms.katalon.core.main.TestCaseExecutor.accessMainPhase(TestCaseExecutor.java:410)
	at com.kms.katalon.core.main.TestCaseExecutor.execute(TestCaseExecutor.java:285)
	at com.kms.katalon.core.common.CommonExecutor.accessTestCaseMainPhase(CommonExecutor.java:65)
	at com.kms.katalon.core.main.TestSuiteExecutor.accessTestSuiteMainPhase(TestSuiteExecutor.java:148)
	at com.kms.katalon.core.main.TestSuiteExecutor.execute(TestSuiteExecutor.java:106)
	at com.kms.katalon.core.main.TestCaseMain.startTestSuite(TestCaseMain.java:187)
	at com.kms.katalon.core.main.TestCaseMain$startTestSuite$0.call(Unknown Source)
	at TempTestSuite1696420804604.run(TempTestSuite1696420804604.groovy:36)
Caused by: com.kms.katalon.core.exception.StepFailedException: Call Test Case 'Test Cases/T13 Pembelian, Shipment dan Pembayaran/SA-001' failed
	at com.kms.katalon.core.keyword.builtin.CallTestCaseKeyword$_callTestCase_closure1.doCall(CallTestCaseKeyword.groovy:63)
	at com.kms.katalon.core.keyword.builtin.CallTestCaseKeyword$_callTestCase_closure1.call(CallTestCaseKeyword.groovy)
	at com.kms.katalon.core.keyword.internal.KeywordMain.runKeyword(KeywordMain.groovy:75)
	at com.kms.katalon.core.keyword.builtin.CallTestCaseKeyword.callTestCase(CallTestCaseKeyword.groovy:81)
	at com.kms.katalon.core.keyword.builtin.CallTestCaseKeyword.execute(CallTestCaseKeyword.groovy:44)
	at com.kms.katalon.core.keyword.internal.KeywordExecutor.executeKeywordForPlatform(KeywordExecutor.groovy:74)
	at com.kms.katalon.core.keyword.BuiltinKeywords.callTestCase(BuiltinKeywords.groovy:310)
	at SA-002.run(SA-002:20)
	at com.kms.katalon.core.main.ScriptEngine.run(ScriptEngine.java:194)
	at com.kms.katalon.core.main.ScriptEngine.runScriptAsRawText(ScriptEngine.java:119)
	at com.kms.katalon.core.main.TestCaseExecutor.runScript(TestCaseExecutor.java:448)
	at com.kms.katalon.core.main.TestCaseExecutor.doExecute(TestCaseExecutor.java:439)
	at com.kms.katalon.core.main.TestCaseExecutor.processExecutionPhase(TestCaseExecutor.java:418)
	at com.kms.katalon.core.main.TestCaseExecutor.accessMainPhase(TestCaseExecutor.java:410)
	at com.kms.katalon.core.main.TestCaseExecutor.execute(TestCaseExecutor.java:285)
	at com.kms.katalon.core.main.TestCaseMain.runTestCase(TestCaseMain.java:144)
	at com.kms.katalon.core.keyword.builtin.CallTestCaseKeyword$_callTestCase_closure1.doCall(CallTestCaseKeyword.groovy:59)
	... 36 more
Caused by: com.kms.katalon.core.exception.StepFailedException: Call Test Case 'Test Cases/T13 Pembelian, Shipment dan Pembayaran/PBYA-001' failed
	at com.kms.katalon.core.keyword.builtin.CallTestCaseKeyword$_callTestCase_closure1.doCall(CallTestCaseKeyword.groovy:63)
	at com.kms.katalon.core.keyword.builtin.CallTestCaseKeyword$_callTestCase_closure1.call(CallTestCaseKeyword.groovy)
	at com.kms.katalon.core.keyword.internal.KeywordMain.runKeyword(KeywordMain.groovy:75)
	at com.kms.katalon.core.keyword.builtin.CallTestCaseKeyword.callTestCase(CallTestCaseKeyword.groovy:81)
	at com.kms.katalon.core.keyword.builtin.CallTestCaseKeyword.execute(CallTestCaseKeyword.groovy:44)
	at com.kms.katalon.core.keyword.internal.KeywordExecutor.executeKeywordForPlatform(KeywordExecutor.groovy:74)
	at com.kms.katalon.core.keyword.BuiltinKeywords.callTestCase(BuiltinKeywords.groovy:310)
	at SA-001.run(SA-001:20)
	at com.kms.katalon.core.main.ScriptEngine.run(ScriptEngine.java:194)
	at com.kms.katalon.core.main.ScriptEngine.runScriptAsRawText(ScriptEngine.java:119)
	at com.kms.katalon.core.main.TestCaseExecutor.runScript(TestCaseExecutor.java:448)
	at com.kms.katalon.core.main.TestCaseExecutor.doExecute(TestCaseExecutor.java:439)
	at com.kms.katalon.core.main.TestCaseExecutor.processExecutionPhase(TestCaseExecutor.java:418)
	at com.kms.katalon.core.main.TestCaseExecutor.accessMainPhase(TestCaseExecutor.java:410)
	at com.kms.katalon.core.main.TestCaseExecutor.execute(TestCaseExecutor.java:285)
	at com.kms.katalon.core.main.TestCaseMain.runTestCase(TestCaseMain.java:144)
	at com.kms.katalon.core.keyword.builtin.CallTestCaseKeyword$_callTestCase_closure1.doCall(CallTestCaseKeyword.groovy:59)
	... 52 more
Caused by: com.kms.katalon.core.exception.StepFailedException: Unable to verify object 'Object Repository/admin/Konf order konsumen/Tittle Dashboard' is present
	at com.kms.katalon.core.webui.keyword.internal.WebUIKeywordMain.stepFailed(WebUIKeywordMain.groovy:64)
	at com.kms.katalon.core.webui.keyword.internal.WebUIKeywordMain.runKeyword(WebUIKeywordMain.groovy:26)
	at com.kms.katalon.core.webui.keyword.builtin.VerifyElementPresentKeyword.verifyElementPresent(VerifyElementPresentKeyword.groovy:92)
	at com.kms.katalon.core.webui.keyword.builtin.VerifyElementPresentKeyword.execute(VerifyElementPresentKeyword.groovy:68)
	at com.kms.katalon.core.keyword.internal.KeywordExecutor.executeKeywordForPlatform(KeywordExecutor.groovy:74)
	at com.kms.katalon.core.webui.keyword.WebUiBuiltInKeywords.verifyElementPresent(WebUiBuiltInKeywords.groovy:1464)
	at com.kms.katalon.core.webui.keyword.WebUiBuiltInKeywords$verifyElementPresent$1.call(Unknown Source)
	at PBYA-001.run(PBYA-001:37)
	at com.kms.katalon.core.main.ScriptEngine.run(ScriptEngine.java:194)
	at com.kms.katalon.core.main.ScriptEngine.runScriptAsRawText(ScriptEngine.java:119)
	at com.kms.katalon.core.main.TestCaseExecutor.runScript(TestCaseExecutor.java:448)
	at com.kms.katalon.core.main.TestCaseExecutor.doExecute(TestCaseExecutor.java:439)
	at com.kms.katalon.core.main.TestCaseExecutor.processExecutionPhase(TestCaseExecutor.java:418)
	at com.kms.katalon.core.main.TestCaseExecutor.accessMainPhase(TestCaseExecutor.java:410)
	at com.kms.katalon.core.main.TestCaseExecutor.execute(TestCaseExecutor.java:285)
	at com.kms.katalon.core.main.TestCaseMain.runTestCase(TestCaseMain.java:144)
	at com.kms.katalon.core.keyword.builtin.CallTestCaseKeyword$_callTestCase_closure1.doCall(CallTestCaseKeyword.groovy:59)
	... 68 more
Caused by: com.kms.katalon.core.exception.StepFailedException: com.kms.katalon.core.webui.exception.WebElementNotFoundException: Web element with id: 'Object Repository/admin/Konf order konsumen/Tittle Dashboard' located by '(.//*[normalize-space(text()) and normalize-space(.)='Logout'])[1]/following::h1[1]' not found
	at com.kms.katalon.core.webui.keyword.internal.WebUIKeywordMain.stepFailed(WebUIKeywordMain.groovy:64)
	at com.kms.katalon.core.webui.keyword.builtin.VerifyElementPresentKeyword$_verifyElementPresent_closure1.doCall(VerifyElementPresentKeyword.groovy:85)
	at com.kms.katalon.core.webui.keyword.builtin.VerifyElementPresentKeyword$_verifyElementPresent_closure1.call(VerifyElementPresentKeyword.groovy)
	at com.kms.katalon.core.webui.keyword.internal.WebUIKeywordMain.runKeyword(WebUIKeywordMain.groovy:20)
	... 83 more
)

2023-10-04 19:53:46 - [MESSAGE][FAILED] - Unable to call Test Case 'Test Cases/T13 Pembelian, Shipment dan Pembayaran/SA-005' (Root cause: com.kms.katalon.core.exception.StepFailedException: Call Test Case 'Test Cases/T13 Pembelian, Shipment dan Pembayaran/SA-005' failed
	at com.kms.katalon.core.keyword.builtin.CallTestCaseKeyword$_callTestCase_closure1.doCall(CallTestCaseKeyword.groovy:63)
	at com.kms.katalon.core.keyword.builtin.CallTestCaseKeyword$_callTestCase_closure1.call(CallTestCaseKeyword.groovy)
	at com.kms.katalon.core.keyword.internal.KeywordMain.runKeyword(KeywordMain.groovy:75)
	at com.kms.katalon.core.keyword.builtin.CallTestCaseKeyword.callTestCase(CallTestCaseKeyword.groovy:81)
	at com.kms.katalon.core.keyword.builtin.CallTestCaseKeyword.execute(CallTestCaseKeyword.groovy:44)
	at com.kms.katalon.core.keyword.internal.KeywordExecutor.executeKeywordForPlatform(KeywordExecutor.groovy:74)
	at com.kms.katalon.core.keyword.BuiltinKeywords.callTestCase(BuiltinKeywords.groovy:310)
	at SU-007.run(SU-007:24)
	at com.kms.katalon.core.main.ScriptEngine.run(ScriptEngine.java:194)
	at com.kms.katalon.core.main.ScriptEngine.runScriptAsRawText(ScriptEngine.java:119)
	at com.kms.katalon.core.main.TestCaseExecutor.runScript(TestCaseExecutor.java:448)
	at com.kms.katalon.core.main.TestCaseExecutor.doExecute(TestCaseExecutor.java:439)
	at com.kms.katalon.core.main.TestCaseExecutor.processExecutionPhase(TestCaseExecutor.java:418)
	at com.kms.katalon.core.main.TestCaseExecutor.accessMainPhase(TestCaseExecutor.java:410)
	at com.kms.katalon.core.main.TestCaseExecutor.execute(TestCaseExecutor.java:285)
	at com.kms.katalon.core.common.CommonExecutor.accessTestCaseMainPhase(CommonExecutor.java:65)
	at com.kms.katalon.core.main.TestSuiteExecutor.accessTestSuiteMainPhase(TestSuiteExecutor.java:148)
	at com.kms.katalon.core.main.TestSuiteExecutor.execute(TestSuiteExecutor.java:106)
	at com.kms.katalon.core.main.TestCaseMain.startTestSuite(TestCaseMain.java:187)
	at com.kms.katalon.core.main.TestCaseMain$startTestSuite$0.call(Unknown Source)
	at TempTestSuite1696420804604.run(TempTestSuite1696420804604.groovy:36)
Caused by: com.kms.katalon.core.exception.StepFailedException: Call Test Case 'Test Cases/T13 Pembelian, Shipment dan Pembayaran/SA-002' failed
	at com.kms.katalon.core.keyword.builtin.CallTestCaseKeyword$_callTestCase_closure1.doCall(CallTestCaseKeyword.groovy:63)
	at com.kms.katalon.core.keyword.builtin.CallTestCaseKeyword$_callTestCase_closure1.call(CallTestCaseKeyword.groovy)
	at com.kms.katalon.core.keyword.internal.KeywordMain.runKeyword(KeywordMain.groovy:75)
	at com.kms.katalon.core.keyword.builtin.CallTestCaseKeyword.callTestCase(CallTestCaseKeyword.groovy:81)
	at com.kms.katalon.core.keyword.builtin.CallTestCaseKeyword.execute(CallTestCaseKeyword.groovy:44)
	at com.kms.katalon.core.keyword.internal.KeywordExecutor.executeKeywordForPlatform(KeywordExecutor.groovy:74)
	at com.kms.katalon.core.keyword.BuiltinKeywords.callTestCase(BuiltinKeywords.groovy:310)
	at SA-005.run(SA-005:20)
	at com.kms.katalon.core.main.ScriptEngine.run(ScriptEngine.java:194)
	at com.kms.katalon.core.main.ScriptEngine.runScriptAsRawText(ScriptEngine.java:119)
	at com.kms.katalon.core.main.TestCaseExecutor.runScript(TestCaseExecutor.java:448)
	at com.kms.katalon.core.main.TestCaseExecutor.doExecute(TestCaseExecutor.java:439)
	at com.kms.katalon.core.main.TestCaseExecutor.processExecutionPhase(TestCaseExecutor.java:418)
	at com.kms.katalon.core.main.TestCaseExecutor.accessMainPhase(TestCaseExecutor.java:410)
	at com.kms.katalon.core.main.TestCaseExecutor.execute(TestCaseExecutor.java:285)
	at com.kms.katalon.core.main.TestCaseMain.runTestCase(TestCaseMain.java:144)
	at com.kms.katalon.core.keyword.builtin.CallTestCaseKeyword$_callTestCase_closure1.doCall(CallTestCaseKeyword.groovy:59)
	... 20 more
Caused by: com.kms.katalon.core.exception.StepFailedException: Call Test Case 'Test Cases/T13 Pembelian, Shipment dan Pembayaran/SA-001' failed
	at com.kms.katalon.core.keyword.builtin.CallTestCaseKeyword$_callTestCase_closure1.doCall(CallTestCaseKeyword.groovy:63)
	at com.kms.katalon.core.keyword.builtin.CallTestCaseKeyword$_callTestCase_closure1.call(CallTestCaseKeyword.groovy)
	at com.kms.katalon.core.keyword.internal.KeywordMain.runKeyword(KeywordMain.groovy:75)
	at com.kms.katalon.core.keyword.builtin.CallTestCaseKeyword.callTestCase(CallTestCaseKeyword.groovy:81)
	at com.kms.katalon.core.keyword.builtin.CallTestCaseKeyword.execute(CallTestCaseKeyword.groovy:44)
	at com.kms.katalon.core.keyword.internal.KeywordExecutor.executeKeywordForPlatform(KeywordExecutor.groovy:74)
	at com.kms.katalon.core.keyword.BuiltinKeywords.callTestCase(BuiltinKeywords.groovy:310)
	at SA-002.run(SA-002:20)
	at com.kms.katalon.core.main.ScriptEngine.run(ScriptEngine.java:194)
	at com.kms.katalon.core.main.ScriptEngine.runScriptAsRawText(ScriptEngine.java:119)
	at com.kms.katalon.core.main.TestCaseExecutor.runScript(TestCaseExecutor.java:448)
	at com.kms.katalon.core.main.TestCaseExecutor.doExecute(TestCaseExecutor.java:439)
	at com.kms.katalon.core.main.TestCaseExecutor.processExecutionPhase(TestCaseExecutor.java:418)
	at com.kms.katalon.core.main.TestCaseExecutor.accessMainPhase(TestCaseExecutor.java:410)
	at com.kms.katalon.core.main.TestCaseExecutor.execute(TestCaseExecutor.java:285)
	at com.kms.katalon.core.main.TestCaseMain.runTestCase(TestCaseMain.java:144)
	at com.kms.katalon.core.keyword.builtin.CallTestCaseKeyword$_callTestCase_closure1.doCall(CallTestCaseKeyword.groovy:59)
	... 36 more
Caused by: com.kms.katalon.core.exception.StepFailedException: Call Test Case 'Test Cases/T13 Pembelian, Shipment dan Pembayaran/PBYA-001' failed
	at com.kms.katalon.core.keyword.builtin.CallTestCaseKeyword$_callTestCase_closure1.doCall(CallTestCaseKeyword.groovy:63)
	at com.kms.katalon.core.keyword.builtin.CallTestCaseKeyword$_callTestCase_closure1.call(CallTestCaseKeyword.groovy)
	at com.kms.katalon.core.keyword.internal.KeywordMain.runKeyword(KeywordMain.groovy:75)
	at com.kms.katalon.core.keyword.builtin.CallTestCaseKeyword.callTestCase(CallTestCaseKeyword.groovy:81)
	at com.kms.katalon.core.keyword.builtin.CallTestCaseKeyword.execute(CallTestCaseKeyword.groovy:44)
	at com.kms.katalon.core.keyword.internal.KeywordExecutor.executeKeywordForPlatform(KeywordExecutor.groovy:74)
	at com.kms.katalon.core.keyword.BuiltinKeywords.callTestCase(BuiltinKeywords.groovy:310)
	at SA-001.run(SA-001:20)
	at com.kms.katalon.core.main.ScriptEngine.run(ScriptEngine.java:194)
	at com.kms.katalon.core.main.ScriptEngine.runScriptAsRawText(ScriptEngine.java:119)
	at com.kms.katalon.core.main.TestCaseExecutor.runScript(TestCaseExecutor.java:448)
	at com.kms.katalon.core.main.TestCaseExecutor.doExecute(TestCaseExecutor.java:439)
	at com.kms.katalon.core.main.TestCaseExecutor.processExecutionPhase(TestCaseExecutor.java:418)
	at com.kms.katalon.core.main.TestCaseExecutor.accessMainPhase(TestCaseExecutor.java:410)
	at com.kms.katalon.core.main.TestCaseExecutor.execute(TestCaseExecutor.java:285)
	at com.kms.katalon.core.main.TestCaseMain.runTestCase(TestCaseMain.java:144)
	at com.kms.katalon.core.keyword.builtin.CallTestCaseKeyword$_callTestCase_closure1.doCall(CallTestCaseKeyword.groovy:59)
	... 52 more
Caused by: com.kms.katalon.core.exception.StepFailedException: Unable to verify object 'Object Repository/admin/Konf order konsumen/Tittle Dashboard' is present
	at com.kms.katalon.core.webui.keyword.internal.WebUIKeywordMain.stepFailed(WebUIKeywordMain.groovy:64)
	at com.kms.katalon.core.webui.keyword.internal.WebUIKeywordMain.runKeyword(WebUIKeywordMain.groovy:26)
	at com.kms.katalon.core.webui.keyword.builtin.VerifyElementPresentKeyword.verifyElementPresent(VerifyElementPresentKeyword.groovy:92)
	at com.kms.katalon.core.webui.keyword.builtin.VerifyElementPresentKeyword.execute(VerifyElementPresentKeyword.groovy:68)
	at com.kms.katalon.core.keyword.internal.KeywordExecutor.executeKeywordForPlatform(KeywordExecutor.groovy:74)
	at com.kms.katalon.core.webui.keyword.WebUiBuiltInKeywords.verifyElementPresent(WebUiBuiltInKeywords.groovy:1464)
	at com.kms.katalon.core.webui.keyword.WebUiBuiltInKeywords$verifyElementPresent$1.call(Unknown Source)
	at PBYA-001.run(PBYA-001:37)
	at com.kms.katalon.core.main.ScriptEngine.run(ScriptEngine.java:194)
	at com.kms.katalon.core.main.ScriptEngine.runScriptAsRawText(ScriptEngine.java:119)
	at com.kms.katalon.core.main.TestCaseExecutor.runScript(TestCaseExecutor.java:448)
	at com.kms.katalon.core.main.TestCaseExecutor.doExecute(TestCaseExecutor.java:439)
	at com.kms.katalon.core.main.TestCaseExecutor.processExecutionPhase(TestCaseExecutor.java:418)
	at com.kms.katalon.core.main.TestCaseExecutor.accessMainPhase(TestCaseExecutor.java:410)
	at com.kms.katalon.core.main.TestCaseExecutor.execute(TestCaseExecutor.java:285)
	at com.kms.katalon.core.main.TestCaseMain.runTestCase(TestCaseMain.java:144)
	at com.kms.katalon.core.keyword.builtin.CallTestCaseKeyword$_callTestCase_closure1.doCall(CallTestCaseKeyword.groovy:59)
	... 68 more
Caused by: com.kms.katalon.core.exception.StepFailedException: com.kms.katalon.core.webui.exception.WebElementNotFoundException: Web element with id: 'Object Repository/admin/Konf order konsumen/Tittle Dashboard' located by '(.//*[normalize-space(text()) and normalize-space(.)='Logout'])[1]/following::h1[1]' not found
	at com.kms.katalon.core.webui.keyword.internal.WebUIKeywordMain.stepFailed(WebUIKeywordMain.groovy:64)
	at com.kms.katalon.core.webui.keyword.builtin.VerifyElementPresentKeyword$_verifyElementPresent_closure1.doCall(VerifyElementPresentKeyword.groovy:85)
	at com.kms.katalon.core.webui.keyword.builtin.VerifyElementPresentKeyword$_verifyElementPresent_closure1.call(VerifyElementPresentKeyword.groovy)
	at com.kms.katalon.core.webui.keyword.internal.WebUIKeywordMain.runKeyword(WebUIKeywordMain.groovy:20)
	... 83 more
)]]></system-out>
         <system-err><![CDATA[2023-10-04 19:52:03 - [TEST_CASE][FAILED] - Test Cases/T13 Pembelian, Shipment dan Pembayaran/SU-007: Test Cases/T13 Pembelian, Shipment dan Pembayaran/SU-007 FAILED.
Reason:
com.kms.katalon.core.exception.StepFailedException: Call Test Case 'Test Cases/T13 Pembelian, Shipment dan Pembayaran/SA-005' failed
	at com.kms.katalon.core.keyword.builtin.CallTestCaseKeyword$_callTestCase_closure1.doCall(CallTestCaseKeyword.groovy:63)
	at com.kms.katalon.core.keyword.builtin.CallTestCaseKeyword$_callTestCase_closure1.call(CallTestCaseKeyword.groovy)
	at com.kms.katalon.core.keyword.internal.KeywordMain.runKeyword(KeywordMain.groovy:75)
	at com.kms.katalon.core.keyword.builtin.CallTestCaseKeyword.callTestCase(CallTestCaseKeyword.groovy:81)
	at com.kms.katalon.core.keyword.builtin.CallTestCaseKeyword.execute(CallTestCaseKeyword.groovy:44)
	at com.kms.katalon.core.keyword.internal.KeywordExecutor.executeKeywordForPlatform(KeywordExecutor.groovy:74)
	at com.kms.katalon.core.keyword.BuiltinKeywords.callTestCase(BuiltinKeywords.groovy:310)
	at SU-007.run(SU-007:24)
	at com.kms.katalon.core.main.ScriptEngine.run(ScriptEngine.java:194)
	at com.kms.katalon.core.main.ScriptEngine.runScriptAsRawText(ScriptEngine.java:119)
	at com.kms.katalon.core.main.TestCaseExecutor.runScript(TestCaseExecutor.java:448)
	at com.kms.katalon.core.main.TestCaseExecutor.doExecute(TestCaseExecutor.java:439)
	at com.kms.katalon.core.main.TestCaseExecutor.processExecutionPhase(TestCaseExecutor.java:418)
	at com.kms.katalon.core.main.TestCaseExecutor.accessMainPhase(TestCaseExecutor.java:410)
	at com.kms.katalon.core.main.TestCaseExecutor.execute(TestCaseExecutor.java:285)
	at com.kms.katalon.core.common.CommonExecutor.accessTestCaseMainPhase(CommonExecutor.java:65)
	at com.kms.katalon.core.main.TestSuiteExecutor.accessTestSuiteMainPhase(TestSuiteExecutor.java:148)
	at com.kms.katalon.core.main.TestSuiteExecutor.execute(TestSuiteExecutor.java:106)
	at com.kms.katalon.core.main.TestCaseMain.startTestSuite(TestCaseMain.java:187)
	at com.kms.katalon.core.main.TestCaseMain$startTestSuite$0.call(Unknown Source)
	at TempTestSuite1696420804604.run(TempTestSuite1696420804604.groovy:36)
Caused by: com.kms.katalon.core.exception.StepFailedException: Call Test Case 'Test Cases/T13 Pembelian, Shipment dan Pembayaran/SA-002' failed
	at com.kms.katalon.core.keyword.builtin.CallTestCaseKeyword$_callTestCase_closure1.doCall(CallTestCaseKeyword.groovy:63)
	at com.kms.katalon.core.keyword.builtin.CallTestCaseKeyword$_callTestCase_closure1.call(CallTestCaseKeyword.groovy)
	at com.kms.katalon.core.keyword.internal.KeywordMain.runKeyword(KeywordMain.groovy:75)
	at com.kms.katalon.core.keyword.builtin.CallTestCaseKeyword.callTestCase(CallTestCaseKeyword.groovy:81)
	at com.kms.katalon.core.keyword.builtin.CallTestCaseKeyword.execute(CallTestCaseKeyword.groovy:44)
	at com.kms.katalon.core.keyword.internal.KeywordExecutor.executeKeywordForPlatform(KeywordExecutor.groovy:74)
	at com.kms.katalon.core.keyword.BuiltinKeywords.callTestCase(BuiltinKeywords.groovy:310)
	at SA-005.run(SA-005:20)
	at com.kms.katalon.core.main.ScriptEngine.run(ScriptEngine.java:194)
	at com.kms.katalon.core.main.ScriptEngine.runScriptAsRawText(ScriptEngine.java:119)
	at com.kms.katalon.core.main.TestCaseExecutor.runScript(TestCaseExecutor.java:448)
	at com.kms.katalon.core.main.TestCaseExecutor.doExecute(TestCaseExecutor.java:439)
	at com.kms.katalon.core.main.TestCaseExecutor.processExecutionPhase(TestCaseExecutor.java:418)
	at com.kms.katalon.core.main.TestCaseExecutor.accessMainPhase(TestCaseExecutor.java:410)
	at com.kms.katalon.core.main.TestCaseExecutor.execute(TestCaseExecutor.java:285)
	at com.kms.katalon.core.main.TestCaseMain.runTestCase(TestCaseMain.java:144)
	at com.kms.katalon.core.keyword.builtin.CallTestCaseKeyword$_callTestCase_closure1.doCall(CallTestCaseKeyword.groovy:59)
	... 20 more
Caused by: com.kms.katalon.core.exception.StepFailedException: Call Test Case 'Test Cases/T13 Pembelian, Shipment dan Pembayaran/SA-001' failed
	at com.kms.katalon.core.keyword.builtin.CallTestCaseKeyword$_callTestCase_closure1.doCall(CallTestCaseKeyword.groovy:63)
	at com.kms.katalon.core.keyword.builtin.CallTestCaseKeyword$_callTestCase_closure1.call(CallTestCaseKeyword.groovy)
	at com.kms.katalon.core.keyword.internal.KeywordMain.runKeyword(KeywordMain.groovy:75)
	at com.kms.katalon.core.keyword.builtin.CallTestCaseKeyword.callTestCase(CallTestCaseKeyword.groovy:81)
	at com.kms.katalon.core.keyword.builtin.CallTestCaseKeyword.execute(CallTestCaseKeyword.groovy:44)
	at com.kms.katalon.core.keyword.internal.KeywordExecutor.executeKeywordForPlatform(KeywordExecutor.groovy:74)
	at com.kms.katalon.core.keyword.BuiltinKeywords.callTestCase(BuiltinKeywords.groovy:310)
	at SA-002.run(SA-002:20)
	at com.kms.katalon.core.main.ScriptEngine.run(ScriptEngine.java:194)
	at com.kms.katalon.core.main.ScriptEngine.runScriptAsRawText(ScriptEngine.java:119)
	at com.kms.katalon.core.main.TestCaseExecutor.runScript(TestCaseExecutor.java:448)
	at com.kms.katalon.core.main.TestCaseExecutor.doExecute(TestCaseExecutor.java:439)
	at com.kms.katalon.core.main.TestCaseExecutor.processExecutionPhase(TestCaseExecutor.java:418)
	at com.kms.katalon.core.main.TestCaseExecutor.accessMainPhase(TestCaseExecutor.java:410)
	at com.kms.katalon.core.main.TestCaseExecutor.execute(TestCaseExecutor.java:285)
	at com.kms.katalon.core.main.TestCaseMain.runTestCase(TestCaseMain.java:144)
	at com.kms.katalon.core.keyword.builtin.CallTestCaseKeyword$_callTestCase_closure1.doCall(CallTestCaseKeyword.groovy:59)
	... 36 more
Caused by: com.kms.katalon.core.exception.StepFailedException: Call Test Case 'Test Cases/T13 Pembelian, Shipment dan Pembayaran/PBYA-001' failed
	at com.kms.katalon.core.keyword.builtin.CallTestCaseKeyword$_callTestCase_closure1.doCall(CallTestCaseKeyword.groovy:63)
	at com.kms.katalon.core.keyword.builtin.CallTestCaseKeyword$_callTestCase_closure1.call(CallTestCaseKeyword.groovy)
	at com.kms.katalon.core.keyword.internal.KeywordMain.runKeyword(KeywordMain.groovy:75)
	at com.kms.katalon.core.keyword.builtin.CallTestCaseKeyword.callTestCase(CallTestCaseKeyword.groovy:81)
	at com.kms.katalon.core.keyword.builtin.CallTestCaseKeyword.execute(CallTestCaseKeyword.groovy:44)
	at com.kms.katalon.core.keyword.internal.KeywordExecutor.executeKeywordForPlatform(KeywordExecutor.groovy:74)
	at com.kms.katalon.core.keyword.BuiltinKeywords.callTestCase(BuiltinKeywords.groovy:310)
	at SA-001.run(SA-001:20)
	at com.kms.katalon.core.main.ScriptEngine.run(ScriptEngine.java:194)
	at com.kms.katalon.core.main.ScriptEngine.runScriptAsRawText(ScriptEngine.java:119)
	at com.kms.katalon.core.main.TestCaseExecutor.runScript(TestCaseExecutor.java:448)
	at com.kms.katalon.core.main.TestCaseExecutor.doExecute(TestCaseExecutor.java:439)
	at com.kms.katalon.core.main.TestCaseExecutor.processExecutionPhase(TestCaseExecutor.java:418)
	at com.kms.katalon.core.main.TestCaseExecutor.accessMainPhase(TestCaseExecutor.java:410)
	at com.kms.katalon.core.main.TestCaseExecutor.execute(TestCaseExecutor.java:285)
	at com.kms.katalon.core.main.TestCaseMain.runTestCase(TestCaseMain.java:144)
	at com.kms.katalon.core.keyword.builtin.CallTestCaseKeyword$_callTestCase_closure1.doCall(CallTestCaseKeyword.groovy:59)
	... 52 more
Caused by: com.kms.katalon.core.exception.StepFailedException: Unable to verify object 'Object Repository/admin/Konf order konsumen/Tittle Dashboard' is present
	at com.kms.katalon.core.webui.keyword.internal.WebUIKeywordMain.stepFailed(WebUIKeywordMain.groovy:64)
	at com.kms.katalon.core.webui.keyword.internal.WebUIKeywordMain.runKeyword(WebUIKeywordMain.groovy:26)
	at com.kms.katalon.core.webui.keyword.builtin.VerifyElementPresentKeyword.verifyElementPresent(VerifyElementPresentKeyword.groovy:92)
	at com.kms.katalon.core.webui.keyword.builtin.VerifyElementPresentKeyword.execute(VerifyElementPresentKeyword.groovy:68)
	at com.kms.katalon.core.keyword.internal.KeywordExecutor.executeKeywordForPlatform(KeywordExecutor.groovy:74)
	at com.kms.katalon.core.webui.keyword.WebUiBuiltInKeywords.verifyElementPresent(WebUiBuiltInKeywords.groovy:1464)
	at com.kms.katalon.core.webui.keyword.WebUiBuiltInKeywords$verifyElementPresent$1.call(Unknown Source)
	at PBYA-001.run(PBYA-001:37)
	at com.kms.katalon.core.main.ScriptEngine.run(ScriptEngine.java:194)
	at com.kms.katalon.core.main.ScriptEngine.runScriptAsRawText(ScriptEngine.java:119)
	at com.kms.katalon.core.main.TestCaseExecutor.runScript(TestCaseExecutor.java:448)
	at com.kms.katalon.core.main.TestCaseExecutor.doExecute(TestCaseExecutor.java:439)
	at com.kms.katalon.core.main.TestCaseExecutor.processExecutionPhase(TestCaseExecutor.java:418)
	at com.kms.katalon.core.main.TestCaseExecutor.accessMainPhase(TestCaseExecutor.java:410)
	at com.kms.katalon.core.main.TestCaseExecutor.execute(TestCaseExecutor.java:285)
	at com.kms.katalon.core.main.TestCaseMain.runTestCase(TestCaseMain.java:144)
	at com.kms.katalon.core.keyword.builtin.CallTestCaseKeyword$_callTestCase_closure1.doCall(CallTestCaseKeyword.groovy:59)
	... 68 more
Caused by: com.kms.katalon.core.exception.StepFailedException: com.kms.katalon.core.webui.exception.WebElementNotFoundException: Web element with id: 'Object Repository/admin/Konf order konsumen/Tittle Dashboard' located by '(.//*[normalize-space(text()) and normalize-space(.)='Logout'])[1]/following::h1[1]' not found
	at com.kms.katalon.core.webui.keyword.internal.WebUIKeywordMain.stepFailed(WebUIKeywordMain.groovy:64)
	at com.kms.katalon.core.webui.keyword.builtin.VerifyElementPresentKeyword$_verifyElementPresent_closure1.doCall(VerifyElementPresentKeyword.groovy:85)
	at com.kms.katalon.core.webui.keyword.builtin.VerifyElementPresentKeyword$_verifyElementPresent_closure1.call(VerifyElementPresentKeyword.groovy)
	at com.kms.katalon.core.webui.keyword.internal.WebUIKeywordMain.runKeyword(WebUIKeywordMain.groovy:20)
	... 83 more]]></system-err>
      </testcase>
      <testcase name="Test Cases/T13 Pembelian, Shipment dan Pembayaran/SU-008" time="146.995" classname="Test Cases/T13 Pembelian, Shipment dan Pembayaran/SU-008" status="FAILED">
         <failure type="FAILED" message="Test Cases/T13 Pembelian, Shipment dan Pembayaran/SU-008 FAILED.
Reason:
com.kms.katalon.core.exception.StepFailedException: Unable to verify text 'number invoice not valid' is present 
	at com.kms.katalon.core.webui.keyword.internal.WebUIKeywordMain.stepFailed(WebUIKeywordMain.groovy:64)
	at com.kms.katalon.core.webui.keyword.internal.WebUIKeywordMain.runKeyword(WebUIKeywordMain.groovy:26)
	at com.kms.katalon.core.webui.keyword.builtin.VerifyTextPresentKeyword.verifyTextPresent(VerifyTextPresentKeyword.groovy:83)
	at com.kms.katalon.core.webui.keyword.builtin.VerifyTextPresentKeyword.execute(VerifyTextPresentKeyword.groovy:68)
	at com.kms.katalon.core.keyword.internal.KeywordExecutor.executeKeywordForPlatform(KeywordExecutor.groovy:74)
	at com.kms.katalon.core.webui.keyword.WebUiBuiltInKeywords.verifyTextPresent(WebUiBuiltInKeywords.groovy:1723)
	at com.kms.katalon.core.webui.keyword.WebUiBuiltInKeywords$verifyTextPresent$9.call(Unknown Source)
	at SU-008.run(SU-008:60)
	at com.kms.katalon.core.main.ScriptEngine.run(ScriptEngine.java:194)
	at com.kms.katalon.core.main.ScriptEngine.runScriptAsRawText(ScriptEngine.java:119)
	at com.kms.katalon.core.main.TestCaseExecutor.runScript(TestCaseExecutor.java:448)
	at com.kms.katalon.core.main.TestCaseExecutor.doExecute(TestCaseExecutor.java:439)
	at com.kms.katalon.core.main.TestCaseExecutor.processExecutionPhase(TestCaseExecutor.java:418)
	at com.kms.katalon.core.main.TestCaseExecutor.accessMainPhase(TestCaseExecutor.java:410)
	at com.kms.katalon.core.main.TestCaseExecutor.execute(TestCaseExecutor.java:285)
	at com.kms.katalon.core.common.CommonExecutor.accessTestCaseMainPhase(CommonExecutor.java:65)
	at com.kms.katalon.core.main.TestSuiteExecutor.accessTestSuiteMainPhase(TestSuiteExecutor.java:148)
	at com.kms.katalon.core.main.TestSuiteExecutor.execute(TestSuiteExecutor.java:106)
	at com.kms.katalon.core.main.TestCaseMain.startTestSuite(TestCaseMain.java:187)
	at com.kms.katalon.core.main.TestCaseMain$startTestSuite$0.call(Unknown Source)
	at TempTestSuite1696420804604.run(TempTestSuite1696420804604.groovy:36)
Caused by: com.kms.katalon.core.exception.StepFailedException: Text 'number invoice not valid' is not present on page 
	at com.kms.katalon.core.webui.keyword.internal.WebUIKeywordMain.stepFailed(WebUIKeywordMain.groovy:64)
	at com.kms.katalon.core.webui.keyword.builtin.VerifyTextPresentKeyword$_verifyTextPresent_closure1.doCall(VerifyTextPresentKeyword.groovy:79)
	at com.kms.katalon.core.webui.keyword.builtin.VerifyTextPresentKeyword$_verifyTextPresent_closure1.call(VerifyTextPresentKeyword.groovy)
	at com.kms.katalon.core.webui.keyword.internal.WebUIKeywordMain.runKeyword(WebUIKeywordMain.groovy:20)
	... 19 more
"/>
         <system-out><![CDATA[2023-10-04 19:53:46 - [TEST_CASE][FAILED] - Test Cases/T13 Pembelian, Shipment dan Pembayaran/SU-008: Test Cases/T13 Pembelian, Shipment dan Pembayaran/SU-008 FAILED.
Reason:
com.kms.katalon.core.exception.StepFailedException: Unable to verify text 'number invoice not valid' is present 
	at com.kms.katalon.core.webui.keyword.internal.WebUIKeywordMain.stepFailed(WebUIKeywordMain.groovy:64)
	at com.kms.katalon.core.webui.keyword.internal.WebUIKeywordMain.runKeyword(WebUIKeywordMain.groovy:26)
	at com.kms.katalon.core.webui.keyword.builtin.VerifyTextPresentKeyword.verifyTextPresent(VerifyTextPresentKeyword.groovy:83)
	at com.kms.katalon.core.webui.keyword.builtin.VerifyTextPresentKeyword.execute(VerifyTextPresentKeyword.groovy:68)
	at com.kms.katalon.core.keyword.internal.KeywordExecutor.executeKeywordForPlatform(KeywordExecutor.groovy:74)
	at com.kms.katalon.core.webui.keyword.WebUiBuiltInKeywords.verifyTextPresent(WebUiBuiltInKeywords.groovy:1723)
	at com.kms.katalon.core.webui.keyword.WebUiBuiltInKeywords$verifyTextPresent$9.call(Unknown Source)
	at SU-008.run(SU-008:60)
	at com.kms.katalon.core.main.ScriptEngine.run(ScriptEngine.java:194)
	at com.kms.katalon.core.main.ScriptEngine.runScriptAsRawText(ScriptEngine.java:119)
	at com.kms.katalon.core.main.TestCaseExecutor.runScript(TestCaseExecutor.java:448)
	at com.kms.katalon.core.main.TestCaseExecutor.doExecute(TestCaseExecutor.java:439)
	at com.kms.katalon.core.main.TestCaseExecutor.processExecutionPhase(TestCaseExecutor.java:418)
	at com.kms.katalon.core.main.TestCaseExecutor.accessMainPhase(TestCaseExecutor.java:410)
	at com.kms.katalon.core.main.TestCaseExecutor.execute(TestCaseExecutor.java:285)
	at com.kms.katalon.core.common.CommonExecutor.accessTestCaseMainPhase(CommonExecutor.java:65)
	at com.kms.katalon.core.main.TestSuiteExecutor.accessTestSuiteMainPhase(TestSuiteExecutor.java:148)
	at com.kms.katalon.core.main.TestSuiteExecutor.execute(TestSuiteExecutor.java:106)
	at com.kms.katalon.core.main.TestCaseMain.startTestSuite(TestCaseMain.java:187)
	at com.kms.katalon.core.main.TestCaseMain$startTestSuite$0.call(Unknown Source)
	at TempTestSuite1696420804604.run(TempTestSuite1696420804604.groovy:36)
Caused by: com.kms.katalon.core.exception.StepFailedException: Text 'number invoice not valid' is not present on page 
	at com.kms.katalon.core.webui.keyword.internal.WebUIKeywordMain.stepFailed(WebUIKeywordMain.groovy:64)
	at com.kms.katalon.core.webui.keyword.builtin.VerifyTextPresentKeyword$_verifyTextPresent_closure1.doCall(VerifyTextPresentKeyword.groovy:79)
	at com.kms.katalon.core.webui.keyword.builtin.VerifyTextPresentKeyword$_verifyTextPresent_closure1.call(VerifyTextPresentKeyword.groovy)
	at com.kms.katalon.core.webui.keyword.internal.WebUIKeywordMain.runKeyword(WebUIKeywordMain.groovy:20)
	... 19 more


2023-10-04 19:53:46 - [TEST_STEP][PASSED] - data = callTestCase(findTestCase("T13 Pembelian, Shipment dan Pembayaran/SA-005"), [:], STOP_ON_FAILURE): Call Test Case 'Test Cases/T13 Pembelian, Shipment dan Pembayaran/SA-005' successfully

2023-10-04 19:53:46 - [TEST_CASE][PASSED] - Test Cases/T13 Pembelian, Shipment dan Pembayaran/SA-005: Test Cases/T13 Pembelian, Shipment dan Pembayaran/SA-005

2023-10-04 19:53:46 - [TEST_STEP][PASSED] - data = callTestCase(findTestCase("T13 Pembelian, Shipment dan Pembayaran/SA-002"), [:], STOP_ON_FAILURE): Call Test Case 'Test Cases/T13 Pembelian, Shipment dan Pembayaran/SA-002' successfully

2023-10-04 19:53:46 - [TEST_CASE][PASSED] - Test Cases/T13 Pembelian, Shipment dan Pembayaran/SA-002: Test Cases/T13 Pembelian, Shipment dan Pembayaran/SA-002

2023-10-04 19:53:46 - [TEST_STEP][PASSED] - data = callTestCase(findTestCase("T13 Pembelian, Shipment dan Pembayaran/SA-001"), [:], STOP_ON_FAILURE): Call Test Case 'Test Cases/T13 Pembelian, Shipment dan Pembayaran/SA-001' successfully

2023-10-04 19:53:46 - [TEST_CASE][PASSED] - Test Cases/T13 Pembelian, Shipment dan Pembayaran/SA-001: Test Cases/T13 Pembelian, Shipment dan Pembayaran/SA-001

2023-10-04 19:53:46 - [TEST_STEP][PASSED] - data = callTestCase(findTestCase("T13 Pembelian, Shipment dan Pembayaran/PBYA-001"), [:], STOP_ON_FAILURE): Call Test Case 'Test Cases/T13 Pembelian, Shipment dan Pembayaran/PBYA-001' successfully

2023-10-04 19:53:46 - [TEST_CASE][PASSED] - Test Cases/T13 Pembelian, Shipment dan Pembayaran/PBYA-001: Test Cases/T13 Pembelian, Shipment dan Pembayaran/PBYA-001

2023-10-04 19:53:46 - [TEST_STEP][PASSED] - data = callTestCase(findTestCase("T13 Pembelian, Shipment dan Pembayaran/PBY-004"), [:], STOP_ON_FAILURE): Call Test Case 'Test Cases/T13 Pembelian, Shipment dan Pembayaran/PBY-004' successfully

2023-10-04 19:53:46 - [TEST_CASE][PASSED] - Test Cases/T13 Pembelian, Shipment dan Pembayaran/PBY-004: Test Cases/T13 Pembelian, Shipment dan Pembayaran/PBY-004

2023-10-04 19:53:46 - [TEST_STEP][PASSED] - data = callTestCase(findTestCase("T13 Pembelian, Shipment dan Pembayaran/PBY-001"), [:], STOP_ON_FAILURE): Call Test Case 'Test Cases/T13 Pembelian, Shipment dan Pembayaran/PBY-001' successfully

2023-10-04 19:53:46 - [TEST_CASE][PASSED] - Test Cases/T13 Pembelian, Shipment dan Pembayaran/PBY-001: Test Cases/T13 Pembelian, Shipment dan Pembayaran/PBY-001

2023-10-04 19:53:46 - [TEST_STEP][PASSED] - data = callTestCase(findTestCase("T13 Pembelian, Shipment dan Pembayaran/PBL-004"), ["Kurir":"Roda 2"], STOP_ON_FAILURE): Call Test Case 'Test Cases/T13 Pembelian, Shipment dan Pembayaran/PBL-004' successfully

2023-10-04 19:53:46 - [TEST_CASE][PASSED] - Test Cases/T13 Pembelian, Shipment dan Pembayaran/PBL-004: Test Cases/T13 Pembelian, Shipment dan Pembayaran/PBL-004

2023-10-04 19:53:46 - [TEST_STEP][PASSED] - data = callTestCase(findTestCase("T13 Pembelian, Shipment dan Pembayaran/PBL-002"), [:], STOP_ON_FAILURE): Call Test Case 'Test Cases/T13 Pembelian, Shipment dan Pembayaran/PBL-002' successfully

2023-10-04 19:53:47 - [TEST_CASE][PASSED] - Test Cases/T13 Pembelian, Shipment dan Pembayaran/PBL-002: Test Cases/T13 Pembelian, Shipment dan Pembayaran/PBL-002

2023-10-04 19:53:47 - [TEST_STEP][PASSED] - data = callTestCase(findTestCase("T13 Pembelian, Shipment dan Pembayaran/PBL-001"), [:], STOP_ON_FAILURE): Call Test Case 'Test Cases/T13 Pembelian, Shipment dan Pembayaran/PBL-001' successfully

2023-10-04 19:53:47 - [TEST_CASE][PASSED] - Test Cases/T13 Pembelian, Shipment dan Pembayaran/PBL-001: Test Cases/T13 Pembelian, Shipment dan Pembayaran/PBL-001

2023-10-04 19:53:47 - [TEST_STEP][PASSED] - callTestCase(findTestCase("T13 Pembelian, Shipment dan Pembayaran/LU-001"), ["username":"irfanafandi", "password":"12345irfan"], STOP_ON_FAILURE): Call Test Case 'Test Cases/T13 Pembelian, Shipment dan Pembayaran/LU-001' successfully

2023-10-04 19:53:47 - [TEST_CASE][PASSED] - Test Cases/T13 Pembelian, Shipment dan Pembayaran/LU-001: Test Cases/T13 Pembelian, Shipment dan Pembayaran/LU-001

2023-10-04 19:53:47 - [TEST_STEP][PASSED] - openBrowser("https://10.9.2.63/ecommerce/"): Browser is opened with url: 'https://10.9.2.63/ecommerce/'

2023-10-04 19:53:47 - [MESSAGE][WARNING] - A browser is already opened. Closing browser and opening a new one

2023-10-04 19:53:49 - [MESSAGE][INFO] - Starting 'Firefox' driver

2023-10-04 19:53:49 - [MESSAGE][INFO] - User set preference: ['args', '[--disable-notifications]']

2023-10-04 19:53:49 - [MESSAGE][INFO] - Action delay is set to 0 milliseconds

2023-10-04 19:53:55 - [MESSAGE][PASSED] - Browser is opened with url: 'https://10.9.2.63/ecommerce/'

2023-10-04 19:53:55 - [TEST_STEP][PASSED] - maximizeWindow(): Current window maximized

2023-10-04 19:53:55 - [MESSAGE][PASSED] - Current window maximized

2023-10-04 19:53:55 - [TEST_STEP][PASSED] - verifyElementPresent(findTestObject("Login/Home"), 0): Object 'Object Repository/Login/Home' is present

2023-10-04 19:53:55 - [MESSAGE][WARNING] - Timeout '0' is invalid. Using default page load timeout: '30'

2023-10-04 19:53:56 - [MESSAGE][PASSED] - Object 'Object Repository/Login/Home' is present

2023-10-04 19:53:56 - [TEST_STEP][PASSED] - click(findTestObject("Login/a_Login")): Object: 'Object Repository/Login/a_Login' is clicked on

2023-10-04 19:53:56 - [MESSAGE][PASSED] - Object: 'Object Repository/Login/a_Login' is clicked on

2023-10-04 19:53:56 - [TEST_STEP][PASSED] - verifyElementPresent(findTestObject("Login/Tittle Login"), 0): Object 'Object Repository/Login/Tittle Login' is present

2023-10-04 19:53:56 - [MESSAGE][WARNING] - Timeout '0' is invalid. Using default page load timeout: '30'

2023-10-04 19:53:57 - [MESSAGE][PASSED] - Object 'Object Repository/Login/Tittle Login' is present

2023-10-04 19:53:57 - [TEST_STEP][PASSED] - setText(findTestObject("Login/input_Username, Email atau No. Handphone_a"), username): Text 'irfanafandi' is set on object 'Object Repository/Login/input_Username, Email atau No. Handphone_a'

2023-10-04 19:53:57 - [MESSAGE][PASSED] - Text 'irfanafandi' is set on object 'Object Repository/Login/input_Username, Email atau No. Handphone_a'

2023-10-04 19:53:57 - [TEST_STEP][PASSED] - setText(findTestObject("Login/input_Password_b"), password): Text '12345irfan' is set on object 'Object Repository/Login/input_Password_b'

2023-10-04 19:53:58 - [MESSAGE][PASSED] - Text '12345irfan' is set on object 'Object Repository/Login/input_Password_b'

2023-10-04 19:53:58 - [TEST_STEP][PASSED] - click(findTestObject("Login/label_Ingat saya")): Object: 'Object Repository/Login/label_Ingat saya' is clicked on

2023-10-04 19:53:59 - [MESSAGE][PASSED] - Object: 'Object Repository/Login/label_Ingat saya' is clicked on

2023-10-04 19:53:59 - [TEST_STEP][PASSED] - click(findTestObject("Login/button_Masuk")): Object: 'Object Repository/Login/button_Masuk' is clicked on

2023-10-04 19:53:59 - [MESSAGE][PASSED] - Object: 'Object Repository/Login/button_Masuk' is clicked on

2023-10-04 19:53:59 - [TEST_STEP][PASSED] - verifyElementPresent(findTestObject("Login/li_Profile"), 0): Object 'Object Repository/Login/li_Profile' is present

2023-10-04 19:53:59 - [MESSAGE][WARNING] - Timeout '0' is invalid. Using default page load timeout: '30'

2023-10-04 19:54:00 - [MESSAGE][PASSED] - Object 'Object Repository/Login/li_Profile' is present

2023-10-04 19:54:00 - [MESSAGE][PASSED] - Call Test Case 'Test Cases/T13 Pembelian, Shipment dan Pembayaran/LU-001' successfully

2023-10-04 19:54:00 - [TEST_STEP][PASSED] - mouseOver(findTestObject("beli barang/i_Mulai Belanja_icon-menu")): Object: 'Object Repository/beli barang/i_Mulai Belanja_icon-menu' is hovered

2023-10-04 19:54:01 - [MESSAGE][PASSED] - Object: 'Object Repository/beli barang/i_Mulai Belanja_icon-menu' is hovered

2023-10-04 19:54:01 - [TEST_STEP][PASSED] - click(findTestObject("beli barang/a_Fashion  Busana Wanita")): Object: 'Object Repository/beli barang/a_Fashion  Busana Wanita' is clicked on

2023-10-04 19:54:02 - [MESSAGE][PASSED] - Object: 'Object Repository/beli barang/a_Fashion  Busana Wanita' is clicked on

2023-10-04 19:54:02 - [TEST_STEP][PASSED] - NamaSebelum = getText(findTestObject("verifikasi/Nama sebelum")): Text of object 'Object Repository/verifikasi/Nama sebelum' is: ''

2023-10-04 19:54:02 - [MESSAGE][PASSED] - Text of object 'Object Repository/verifikasi/Nama sebelum' is: ''

2023-10-04 19:54:02 - [TEST_STEP][PASSED] - HargaSebelum = getText(findTestObject("verifikasi/Harga sebelum")): Text of object 'Object Repository/verifikasi/Harga sebelum' is: 'Rp 1,299'

2023-10-04 19:54:03 - [MESSAGE][PASSED] - Text of object 'Object Repository/verifikasi/Harga sebelum' is: 'Rp 1,299'

2023-10-04 19:54:03 - [TEST_STEP][PASSED] - mouseOver(findTestObject("beli barang/barang mouse over")): Object: 'Object Repository/beli barang/barang mouse over' is hovered

2023-10-04 19:54:03 - [MESSAGE][PASSED] - Object: 'Object Repository/beli barang/barang mouse over' is hovered

2023-10-04 19:54:03 - [TEST_STEP][PASSED] - click(findTestObject("beli barang/buttom add to cart")): Object: 'Object Repository/beli barang/buttom add to cart' is clicked on

2023-10-04 19:54:05 - [MESSAGE][PASSED] - Object: 'Object Repository/beli barang/buttom add to cart' is clicked on

2023-10-04 19:54:05 - [TEST_STEP][PASSED] - NamaSesudah = getText(findTestObject("verifikasi/Nama sesudah")): Text of object 'Object Repository/verifikasi/Nama sesudah' is: 'Segitiga Instan Madeira - MDB5.3 Sunset'

2023-10-04 19:54:05 - [MESSAGE][PASSED] - Text of object 'Object Repository/verifikasi/Nama sesudah' is: 'Segitiga Instan Madeira - MDB5.3 Sunset'

2023-10-04 19:54:05 - [TEST_STEP][PASSED] - HargaSesudah = getText(findTestObject("verifikasi/Harga sesudah")): Text of object 'Object Repository/verifikasi/Harga sesudah' is: 'Rp 1,299'

2023-10-04 19:54:06 - [MESSAGE][PASSED] - Text of object 'Object Repository/verifikasi/Harga sesudah' is: 'Rp 1,299'

2023-10-04 19:54:06 - [TEST_STEP][PASSED] - assert NamaSesudah.contains(NamaSebelum): null

2023-10-04 19:54:06 - [TEST_STEP][PASSED] - assert HargaSesudah.contains(HargaSebelum): null

2023-10-04 19:54:06 - [TEST_STEP][PASSED] - click(findTestObject("beli barang/Tambah Keranjang busana wanita")): Object: 'Object Repository/beli barang/Tambah Keranjang busana wanita' is clicked on

2023-10-04 19:54:06 - [MESSAGE][PASSED] - Object: 'Object Repository/beli barang/Tambah Keranjang busana wanita' is clicked on

2023-10-04 19:54:06 - [TEST_STEP][PASSED] - verifyElementPresent(findTestObject("checkout/Notifikasi keranjang"), 1): Object 'Object Repository/checkout/Notifikasi keranjang' is present

2023-10-04 19:54:07 - [MESSAGE][PASSED] - Object 'Object Repository/checkout/Notifikasi keranjang' is present

2023-10-04 19:54:07 - [TEST_STEP][PASSED] - data = new java.util.HashMap(): null

2023-10-04 19:54:07 - [TEST_STEP][PASSED] - data.put("nama_barang", NamaSesudah): null

2023-10-04 19:54:07 - [TEST_STEP][PASSED] - data.put("price_barang", HargaSesudah): null

2023-10-04 19:54:07 - [TEST_STEP][PASSED] - return data: null

2023-10-04 19:54:07 - [MESSAGE][PASSED] - Call Test Case 'Test Cases/T13 Pembelian, Shipment dan Pembayaran/PBL-001' successfully

2023-10-04 19:54:07 - [TEST_STEP][PASSED] - mouseOver(findTestObject("beli barang/keranjang")): Object: 'Object Repository/beli barang/keranjang' is hovered

2023-10-04 19:54:08 - [MESSAGE][PASSED] - Object: 'Object Repository/beli barang/keranjang' is hovered

2023-10-04 19:54:08 - [TEST_STEP][PASSED] - click(findTestObject("beli barang/Lihat Sekarang")): Object: 'Object Repository/beli barang/Lihat Sekarang' is clicked on

2023-10-04 19:54:09 - [MESSAGE][PASSED] - Object: 'Object Repository/beli barang/Lihat Sekarang' is clicked on

2023-10-04 19:54:09 - [TEST_STEP][PASSED] - verifyElementPresent(findTestObject("keranjang/li_Keranjang Belanja"), 0): Object 'Object Repository/keranjang/li_Keranjang Belanja' is present

2023-10-04 19:54:09 - [MESSAGE][WARNING] - Timeout '0' is invalid. Using default page load timeout: '30'

2023-10-04 19:54:10 - [MESSAGE][PASSED] - Object 'Object Repository/keranjang/li_Keranjang Belanja' is present

2023-10-04 19:54:10 - [TEST_STEP][PASSED] - NamaKeranjang = getText(findTestObject("verifikasi/Nama keranjang")): Text of object 'Object Repository/verifikasi/Nama keranjang' is: 'Segitiga Instan Madeira - MDB5.3 Sunset'

2023-10-04 19:54:10 - [MESSAGE][PASSED] - Text of object 'Object Repository/verifikasi/Nama keranjang' is: 'Segitiga Instan Madeira - MDB5.3 Sunset'

2023-10-04 19:54:10 - [TEST_STEP][PASSED] - HargaKeranjang = getText(findTestObject("verifikasi/Harga Keranjang")): Text of object 'Object Repository/verifikasi/Harga Keranjang' is: 'Rp 1,299'

2023-10-04 19:54:10 - [MESSAGE][PASSED] - Text of object 'Object Repository/verifikasi/Harga Keranjang' is: 'Rp 1,299'

2023-10-04 19:54:10 - [TEST_STEP][PASSED] - if (toString().equalsIgnoreCase("Merah")): Object 'Object Repository/keranjang/input_Warna_variasi101' is checked

2023-10-04 19:54:10 - [TEST_STEP][PASSED] - check(findTestObject("Object Repository/keranjang/input_Warna_variasi101")): Object 'Object Repository/keranjang/input_Warna_variasi101' is checked

2023-10-04 19:54:11 - [MESSAGE][PASSED] - Object 'Object Repository/keranjang/input_Warna_variasi101' is checked

2023-10-04 19:54:11 - [TEST_STEP][PASSED] - if (toString().equalsIgnoreCase("Menengah")): Object 'Object Repository/keranjang/input_Ukuran_variasi201' is checked

2023-10-04 19:54:11 - [TEST_STEP][PASSED] - check(findTestObject("Object Repository/keranjang/input_Ukuran_variasi201")): Object 'Object Repository/keranjang/input_Ukuran_variasi201' is checked

2023-10-04 19:54:11 - [MESSAGE][PASSED] - Object 'Object Repository/keranjang/input_Ukuran_variasi201' is checked

2023-10-04 19:54:11 - [TEST_STEP][PASSED] - data.put("Warna", warna): null

2023-10-04 19:54:11 - [TEST_STEP][PASSED] - data.put("Ukuran", ukuran): null

2023-10-04 19:54:11 - [TEST_STEP][PASSED] - click(findTestObject("keranjang/button_Lanjut ke Pembayaran")): Object: 'Object Repository/keranjang/button_Lanjut ke Pembayaran' is clicked on

2023-10-04 19:54:13 - [MESSAGE][PASSED] - Object: 'Object Repository/keranjang/button_Lanjut ke Pembayaran' is clicked on

2023-10-04 19:54:13 - [TEST_STEP][PASSED] - verifyElementPresent(findTestObject("checkout/Tittle Checkout Order"), 0): Object 'Object Repository/checkout/Tittle Checkout Order' is present

2023-10-04 19:54:13 - [MESSAGE][WARNING] - Timeout '0' is invalid. Using default page load timeout: '30'

2023-10-04 19:54:14 - [MESSAGE][PASSED] - Object 'Object Repository/checkout/Tittle Checkout Order' is present

2023-10-04 19:54:14 - [TEST_STEP][PASSED] - name_product = data.get("nama_barang"): null

2023-10-04 19:54:14 - [TEST_STEP][PASSED] - price_product = data.get("price_barang"): null

2023-10-04 19:54:14 - [TEST_STEP][PASSED] - assert name_product == NamaKeranjang: null

2023-10-04 19:54:14 - [TEST_STEP][PASSED] - assert price_product == HargaKeranjang: null

2023-10-04 19:54:14 - [TEST_STEP][PASSED] - return data: null

2023-10-04 19:54:14 - [MESSAGE][PASSED] - Call Test Case 'Test Cases/T13 Pembelian, Shipment dan Pembayaran/PBL-002' successfully

2023-10-04 19:54:14 - [TEST_STEP][PASSED] - warnaa = getText(findTestObject("verifikasi/warna Merah")): Text of object 'Object Repository/verifikasi/warna Merah' is: 'Merah'

2023-10-04 19:54:14 - [MESSAGE][PASSED] - Text of object 'Object Repository/verifikasi/warna Merah' is: 'Merah'

2023-10-04 19:54:14 - [TEST_STEP][PASSED] - ukurann = getText(findTestObject("verifikasi/Ukuran Menengah")): Text of object 'Object Repository/verifikasi/Ukuran Menengah' is: 'Menengah'

2023-10-04 19:54:14 - [MESSAGE][PASSED] - Text of object 'Object Repository/verifikasi/Ukuran Menengah' is: 'Menengah'

2023-10-04 19:54:14 - [TEST_STEP][PASSED] - warna1 = data.get("Warna"): null

2023-10-04 19:54:14 - [TEST_STEP][PASSED] - ukuran1 = data.get("Ukuran"): null

2023-10-04 19:54:14 - [TEST_STEP][PASSED] - assert warnaa == warna1: null

2023-10-04 19:54:14 - [TEST_STEP][PASSED] - assert ukurann == ukuran1: null

2023-10-04 19:54:14 - [TEST_STEP][PASSED] - NamaCheckout = getText(findTestObject("verifikasi/NamaCheckout")): Text of object 'Object Repository/verifikasi/NamaCheckout' is: ''

2023-10-04 19:54:15 - [MESSAGE][PASSED] - Text of object 'Object Repository/verifikasi/NamaCheckout' is: ''

2023-10-04 19:54:15 - [TEST_STEP][PASSED] - HargaCheckout = getText(findTestObject("verifikasi/HargaCheckout")): Text of object 'Object Repository/verifikasi/HargaCheckout' is: '1,299'

2023-10-04 19:54:15 - [MESSAGE][PASSED] - Text of object 'Object Repository/verifikasi/HargaCheckout' is: '1,299'

2023-10-04 19:54:15 - [TEST_STEP][PASSED] - name_product = data.get("nama_barang"): null

2023-10-04 19:54:15 - [TEST_STEP][PASSED] - price_product = data.get("price_barang"): null

2023-10-04 19:54:15 - [TEST_STEP][PASSED] - assert name_product.contains(NamaCheckout): null

2023-10-04 19:54:15 - [TEST_STEP][PASSED] - assert price_product.contains(HargaCheckout): null

2023-10-04 19:54:15 - [TEST_STEP][PASSED] - selectOptionByLabel(findTestObject("checkout/select - Kirim via Kurir Lokal"), Kurir, false): All options with label 'Roda 2' are selected in object 'Object Repository/checkout/select - Kirim via Kurir Lokal' 

2023-10-04 19:54:16 - [MESSAGE][PASSED] - All options with label 'Roda 2' are selected in object 'Object Repository/checkout/select - Kirim via Kurir Lokal' 

2023-10-04 19:54:16 - [TEST_STEP][PASSED] - click(findTestObject("checkout/Kendaraan Kurir")): Object: 'Object Repository/checkout/Kendaraan Kurir' is clicked on

2023-10-04 19:54:17 - [MESSAGE][PASSED] - Object: 'Object Repository/checkout/Kendaraan Kurir' is clicked on

2023-10-04 19:54:17 - [TEST_STEP][PASSED] - OngkosKirim = getText(findTestObject("Object Repository/verifikasi/Ongkos Kirim checkout")): Text of object 'Object Repository/verifikasi/Ongkos Kirim checkout' is: 'Rp. 5,000'

2023-10-04 19:54:17 - [MESSAGE][PASSED] - Text of object 'Object Repository/verifikasi/Ongkos Kirim checkout' is: 'Rp. 5,000'

2023-10-04 19:54:17 - [TEST_STEP][PASSED] - Ongkos = OngkosKirim.substring(3, OngkosKirim.size()): null

2023-10-04 19:54:17 - [TEST_STEP][PASSED] - rep = Ongkos.replace(",", "."): null

2023-10-04 19:54:17 - [TEST_STEP][PASSED] - Ongkos_kirim = Double.parseDouble(rep): null

2023-10-04 19:54:17 - [TEST_STEP][PASSED] - println(Ongkos_kirim): null

2023-10-04 19:54:17 - [TEST_STEP][PASSED] - FeeAdmin = getText(findTestObject("verifikasi/Fee Admin checkout")): Text of object 'Object Repository/verifikasi/Fee Admin checkout' is: 'Fee Admin
Rp 1,500'

2023-10-04 19:54:17 - [MESSAGE][PASSED] - Text of object 'Object Repository/verifikasi/Fee Admin checkout' is: 'Fee Admin
Rp 1,500'

2023-10-04 19:54:17 - [TEST_STEP][PASSED] - Fee_Admin = FeeAdmin.substring(12, FeeAdmin.size()): null

2023-10-04 19:54:17 - [TEST_STEP][PASSED] - fee = Fee_Admin.replace(",", "."): null

2023-10-04 19:54:17 - [TEST_STEP][PASSED] - fee_admin = Double.parseDouble(fee): null

2023-10-04 19:54:17 - [TEST_STEP][PASSED] - println(fee_admin): null

2023-10-04 19:54:17 - [TEST_STEP][PASSED] - Subtotal = getText(findTestObject("verifikasi/subtotal checkout")): Text of object 'Object Repository/verifikasi/subtotal checkout' is: 'Subtotal
Rp 1,299'

2023-10-04 19:54:18 - [MESSAGE][PASSED] - Text of object 'Object Repository/verifikasi/subtotal checkout' is: 'Subtotal
Rp 1,299'

2023-10-04 19:54:18 - [TEST_STEP][PASSED] - sub_total = Subtotal.substring(12, Subtotal.size()): null

2023-10-04 19:54:18 - [TEST_STEP][PASSED] - sub = sub_total.replace(",", "."): null

2023-10-04 19:54:18 - [TEST_STEP][PASSED] - sub_total = Double.parseDouble(sub): null

2023-10-04 19:54:18 - [TEST_STEP][PASSED] - println(sub_total): null

2023-10-04 19:54:18 - [TEST_STEP][PASSED] - Total = getText(findTestObject("verifikasi/Total checkout")): Text of object 'Object Repository/verifikasi/Total checkout' is: 'Rp 7,799'

2023-10-04 19:54:18 - [MESSAGE][PASSED] - Text of object 'Object Repository/verifikasi/Total checkout' is: 'Rp 7,799'

2023-10-04 19:54:18 - [TEST_STEP][PASSED] - totall = Total.substring(3, Total.size()): null

2023-10-04 19:54:18 - [TEST_STEP][PASSED] - total = totall.replace(",", "."): null

2023-10-04 19:54:18 - [TEST_STEP][PASSED] - totall = Double.parseDouble(total): null

2023-10-04 19:54:18 - [TEST_STEP][PASSED] - println(totall): null

2023-10-04 19:54:18 - [TEST_STEP][PASSED] - Total_Harga = Ongkos_kirim + fee_admin + sub_total: null

2023-10-04 19:54:18 - [TEST_STEP][PASSED] - println(Total_Harga): null

2023-10-04 19:54:18 - [TEST_STEP][PASSED] - TotalHarga = Math.round(Total_Harga * 1000) / 1000: null

2023-10-04 19:54:18 - [TEST_STEP][PASSED] - println(TotalHarga): null

2023-10-04 19:54:18 - [TEST_STEP][PASSED] - assert totall == TotalHarga: null

2023-10-04 19:54:18 - [TEST_STEP][PASSED] - click(findTestObject("verifikasi/Metode Transfer")): Object: 'Object Repository/verifikasi/Metode Transfer' is clicked on

2023-10-04 19:54:19 - [MESSAGE][PASSED] - Object: 'Object Repository/verifikasi/Metode Transfer' is clicked on

2023-10-04 19:54:19 - [TEST_STEP][PASSED] - click(findTestObject("checkout/button_Proses Pembayaran")): Object: 'Object Repository/checkout/button_Proses Pembayaran' is clicked on

2023-10-04 19:54:24 - [MESSAGE][PASSED] - Object: 'Object Repository/checkout/button_Proses Pembayaran' is clicked on

2023-10-04 19:54:24 - [TEST_STEP][PASSED] - verifyElementPresent(findTestObject("pembayaran/Tittle nomor invoice"), 0): Object 'Object Repository/pembayaran/Tittle nomor invoice' is present

2023-10-04 19:54:24 - [MESSAGE][WARNING] - Timeout '0' is invalid. Using default page load timeout: '30'

2023-10-04 19:54:30 - [MESSAGE][PASSED] - Object 'Object Repository/pembayaran/Tittle nomor invoice' is present

2023-10-04 19:54:30 - [TEST_STEP][PASSED] - return data: null

2023-10-04 19:54:30 - [MESSAGE][PASSED] - Call Test Case 'Test Cases/T13 Pembelian, Shipment dan Pembayaran/PBL-004' successfully

2023-10-04 19:54:30 - [TEST_STEP][PASSED] - Invoice = getText(findTestObject("pembayaran/nomor invoice")): Text of object 'Object Repository/pembayaran/nomor invoice' is: 'TRX60.20231004195420'

2023-10-04 19:54:30 - [MESSAGE][PASSED] - Text of object 'Object Repository/pembayaran/nomor invoice' is: 'TRX60.20231004195420'

2023-10-04 19:54:30 - [TEST_STEP][PASSED] - data.put("invoice", Invoice): null

2023-10-04 19:54:30 - [TEST_STEP][PASSED] - NamaPemesan = getText(findTestObject("Konfirmasi pesanan shop/Nama pemesan")): Text of object 'Object Repository/Konfirmasi pesanan shop/Nama pemesan' is: 'irfan.afandi'

2023-10-04 19:54:31 - [MESSAGE][PASSED] - Text of object 'Object Repository/Konfirmasi pesanan shop/Nama pemesan' is: 'irfan.afandi'

2023-10-04 19:54:31 - [TEST_STEP][PASSED] - Nama = getText(findTestObject("pembayaran/Nama barang")): Text of object 'Object Repository/pembayaran/Nama barang' is: 'Segitiga Instan Madeira - MDB5.3 Sunset'

2023-10-04 19:54:31 - [MESSAGE][PASSED] - Text of object 'Object Repository/pembayaran/Nama barang' is: 'Segitiga Instan Madeira - MDB5.3 Sunset'

2023-10-04 19:54:31 - [TEST_STEP][PASSED] - Harga = getText(findTestObject("pembayaran/Harga barang")): Text of object 'Object Repository/pembayaran/Harga barang' is: '1,299'

2023-10-04 19:54:32 - [MESSAGE][PASSED] - Text of object 'Object Repository/pembayaran/Harga barang' is: '1,299'

2023-10-04 19:54:32 - [TEST_STEP][PASSED] - name_product = data.get("nama_barang"): null

2023-10-04 19:54:32 - [TEST_STEP][PASSED] - price_product = data.get("price_barang"): null

2023-10-04 19:54:32 - [TEST_STEP][PASSED] - assert name_product.contains(Nama): null

2023-10-04 19:54:32 - [TEST_STEP][PASSED] - assert price_product.contains(Harga): null

2023-10-04 19:54:32 - [TEST_STEP][PASSED] - warnaa = getText(findTestObject("pembayaran/warna")): Text of object 'Object Repository/pembayaran/warna' is: 'Merah'

2023-10-04 19:54:32 - [MESSAGE][PASSED] - Text of object 'Object Repository/pembayaran/warna' is: 'Merah'

2023-10-04 19:54:32 - [TEST_STEP][PASSED] - ukurann = getText(findTestObject("pembayaran/ukuran")): Text of object 'Object Repository/pembayaran/ukuran' is: 'Menengah'

2023-10-04 19:54:33 - [MESSAGE][PASSED] - Text of object 'Object Repository/pembayaran/ukuran' is: 'Menengah'

2023-10-04 19:54:33 - [TEST_STEP][PASSED] - warna1 = data.get("Warna"): null

2023-10-04 19:54:33 - [TEST_STEP][PASSED] - ukuran1 = data.get("Ukuran"): null

2023-10-04 19:54:33 - [TEST_STEP][PASSED] - assert warnaa == warna1: null

2023-10-04 19:54:33 - [TEST_STEP][PASSED] - assert ukurann == ukuran1: null

2023-10-04 19:54:33 - [TEST_STEP][PASSED] - statusPembelian = getText(findTestObject("verifikasi/Status pending di pembelian")): Text of object 'Object Repository/verifikasi/Status pending di pembelian' is: 'Pending'

2023-10-04 19:54:33 - [MESSAGE][PASSED] - Text of object 'Object Repository/verifikasi/Status pending di pembelian' is: 'Pending'

2023-10-04 19:54:33 - [TEST_STEP][PASSED] - data.put("statusPem", statusPembelian): null

2023-10-04 19:54:33 - [TEST_STEP][PASSED] - OngkosKirim = getText(findTestObject("pembayaran/ongkos kirim")): Text of object 'Object Repository/pembayaran/ongkos kirim' is: 'Rp 5,000'

2023-10-04 19:54:34 - [MESSAGE][PASSED] - Text of object 'Object Repository/pembayaran/ongkos kirim' is: 'Rp 5,000'

2023-10-04 19:54:34 - [TEST_STEP][PASSED] - Ongkos = OngkosKirim.substring(3, OngkosKirim.size()): null

2023-10-04 19:54:34 - [TEST_STEP][PASSED] - rep = Ongkos.replace(",", ""): null

2023-10-04 19:54:34 - [TEST_STEP][PASSED] - Ongkos_kirimm = Integer.parseInt(rep): null

2023-10-04 19:54:34 - [TEST_STEP][PASSED] - println(Ongkos_kirimm): null

2023-10-04 19:54:34 - [TEST_STEP][PASSED] - FeeAdmin = getText(findTestObject("pembayaran/fee admin")): Text of object 'Object Repository/pembayaran/fee admin' is: 'Rp 1,500'

2023-10-04 19:54:34 - [MESSAGE][PASSED] - Text of object 'Object Repository/pembayaran/fee admin' is: 'Rp 1,500'

2023-10-04 19:54:34 - [TEST_STEP][PASSED] - Fee_Admin = FeeAdmin.substring(3, FeeAdmin.size()): null

2023-10-04 19:54:34 - [TEST_STEP][PASSED] - fee = Fee_Admin.replace(",", ""): null

2023-10-04 19:54:34 - [TEST_STEP][PASSED] - fee_adminn = Integer.parseInt(fee): null

2023-10-04 19:54:34 - [TEST_STEP][PASSED] - println(fee_adminn): null

2023-10-04 19:54:34 - [TEST_STEP][PASSED] - Subtotal = getText(findTestObject("pembayaran/subtotal")): Text of object 'Object Repository/pembayaran/subtotal' is: 'Rp 1,299'

2023-10-04 19:54:35 - [MESSAGE][PASSED] - Text of object 'Object Repository/pembayaran/subtotal' is: 'Rp 1,299'

2023-10-04 19:54:35 - [TEST_STEP][PASSED] - sub_total = Subtotal.substring(3, Subtotal.size()): null

2023-10-04 19:54:35 - [TEST_STEP][PASSED] - sub = sub_total.replace(",", ""): null

2023-10-04 19:54:35 - [TEST_STEP][PASSED] - sub_totall = Integer.parseInt(sub): null

2023-10-04 19:54:35 - [TEST_STEP][PASSED] - println(sub_totall): null

2023-10-04 19:54:35 - [TEST_STEP][PASSED] - unik = getText(findTestObject("pembayaran/kode unik")): Text of object 'Object Repository/pembayaran/kode unik' is: '+420'

2023-10-04 19:54:35 - [MESSAGE][PASSED] - Text of object 'Object Repository/pembayaran/kode unik' is: '+420'

2023-10-04 19:54:35 - [TEST_STEP][PASSED] - unikk = unik.replace("+", ""): null

2023-10-04 19:54:35 - [TEST_STEP][PASSED] - kode_unik = Integer.parseInt(unikk): null

2023-10-04 19:54:35 - [TEST_STEP][PASSED] - println(kode_unik): null

2023-10-04 19:54:35 - [TEST_STEP][PASSED] - Total = getText(findTestObject("pembayaran/total")): Text of object 'Object Repository/pembayaran/total' is: '8,219'

2023-10-04 19:54:36 - [MESSAGE][PASSED] - Text of object 'Object Repository/pembayaran/total' is: '8,219'

2023-10-04 19:54:36 - [TEST_STEP][PASSED] - total = Total.replace(",", ""): null

2023-10-04 19:54:36 - [TEST_STEP][PASSED] - totalll = Integer.parseInt(total): null

2023-10-04 19:54:36 - [TEST_STEP][PASSED] - println(totalll): null

2023-10-04 19:54:36 - [TEST_STEP][PASSED] - Total_Hargaa = Ongkos_kirimm + fee_adminn + sub_totall + kode_unik: null

2023-10-04 19:54:36 - [TEST_STEP][PASSED] - println(Total_Hargaa): null

2023-10-04 19:54:36 - [TEST_STEP][PASSED] - assert totalll == Total_Hargaa: null

2023-10-04 19:54:36 - [TEST_STEP][PASSED] - data.put("total", Total): null

2023-10-04 19:54:36 - [TEST_STEP][PASSED] - data.put("nama", NamaPemesan): null

2023-10-04 19:54:36 - [TEST_STEP][PASSED] - return data: null

2023-10-04 19:54:36 - [MESSAGE][PASSED] - Call Test Case 'Test Cases/T13 Pembelian, Shipment dan Pembayaran/PBY-001' successfully

2023-10-04 19:54:36 - [TEST_STEP][PASSED] - inv = data.get("invoice"): null

2023-10-04 19:54:36 - [TEST_STEP][PASSED] - Total = data.get("total"): null

2023-10-04 19:54:36 - [TEST_STEP][PASSED] - NamaPemesan = data.get("nama"): null

2023-10-04 19:54:36 - [TEST_STEP][PASSED] - click(findTestObject("Konfirmasi pesanan shop/Menu Shop")): Object: 'Object Repository/Konfirmasi pesanan shop/Menu Shop' is clicked on

2023-10-04 19:54:37 - [MESSAGE][PASSED] - Object: 'Object Repository/Konfirmasi pesanan shop/Menu Shop' is clicked on

2023-10-04 19:54:37 - [TEST_STEP][PASSED] - click(findTestObject("Konfirmasi pesanan shop/Menu Shop")): Object: 'Object Repository/Konfirmasi pesanan shop/Menu Shop' is clicked on

2023-10-04 19:54:39 - [MESSAGE][PASSED] - Object: 'Object Repository/Konfirmasi pesanan shop/Menu Shop' is clicked on

2023-10-04 19:54:39 - [TEST_STEP][PASSED] - click(findTestObject("Konfirmasi pesanan shop/Konfirmasi Orders")): Object: 'Object Repository/Konfirmasi pesanan shop/Konfirmasi Orders' is clicked on

2023-10-04 19:54:39 - [MESSAGE][PASSED] - Object: 'Object Repository/Konfirmasi pesanan shop/Konfirmasi Orders' is clicked on

2023-10-04 19:54:39 - [TEST_STEP][PASSED] - verifyElementPresent(findTestObject("Konfirmasi pesanan shop/Tittle Konfirmasi Pesanan"), 0): Object 'Object Repository/Konfirmasi pesanan shop/Tittle Konfirmasi Pesanan' is present

2023-10-04 19:54:39 - [MESSAGE][WARNING] - Timeout '0' is invalid. Using default page load timeout: '30'

2023-10-04 19:54:40 - [MESSAGE][PASSED] - Object 'Object Repository/Konfirmasi pesanan shop/Tittle Konfirmasi Pesanan' is present

2023-10-04 19:54:40 - [TEST_STEP][PASSED] - setText(findTestObject("Konfirmasi pesanan shop/input_No Pesanan"), inv): Text 'TRX60.20231004195420' is set on object 'Object Repository/Konfirmasi pesanan shop/input_No Pesanan'

2023-10-04 19:54:41 - [MESSAGE][PASSED] - Text 'TRX60.20231004195420' is set on object 'Object Repository/Konfirmasi pesanan shop/input_No Pesanan'

2023-10-04 19:54:41 - [TEST_STEP][PASSED] - setText(findTestObject("Konfirmasi pesanan shop/input_Alamat E-mai"), "irfan@gmail.com"): Text 'irfan@gmail.com' is set on object 'Object Repository/Konfirmasi pesanan shop/input_Alamat E-mai'

2023-10-04 19:54:41 - [MESSAGE][PASSED] - Text 'irfan@gmail.com' is set on object 'Object Repository/Konfirmasi pesanan shop/input_Alamat E-mai'

2023-10-04 19:54:41 - [TEST_STEP][PASSED] - click(findTestObject("Konfirmasi pesanan shop/button_Submit")): Object: 'Object Repository/Konfirmasi pesanan shop/button_Submit' is clicked on

2023-10-04 19:54:43 - [MESSAGE][PASSED] - Object: 'Object Repository/Konfirmasi pesanan shop/button_Submit' is clicked on

2023-10-04 19:54:43 - [TEST_STEP][PASSED] - verifyElementPresent(findTestObject("Konfirmasi pesanan shop/Tittle nomor invoice"), 0): Object 'Object Repository/Konfirmasi pesanan shop/Tittle nomor invoice' is present

2023-10-04 19:54:43 - [MESSAGE][WARNING] - Timeout '0' is invalid. Using default page load timeout: '30'

2023-10-04 19:54:43 - [MESSAGE][PASSED] - Object 'Object Repository/Konfirmasi pesanan shop/Tittle nomor invoice' is present

2023-10-04 19:54:43 - [TEST_STEP][PASSED] - setText(findTestObject("Konfirmasi pesanan shop/input_Total TagihanTransfer_b"), Total): Text '8,219' is set on object 'Object Repository/Konfirmasi pesanan shop/input_Total TagihanTransfer_b'

2023-10-04 19:54:44 - [MESSAGE][PASSED] - Text '8,219' is set on object 'Object Repository/Konfirmasi pesanan shop/input_Total TagihanTransfer_b'

2023-10-04 19:54:44 - [TEST_STEP][PASSED] - selectOptionByValue(findTestObject("Konfirmasi pesanan shop/select_Bank"), "4", false): All options with value '4' are selected in object 'Object Repository/Konfirmasi pesanan shop/select_Bank' 

2023-10-04 19:54:45 - [MESSAGE][PASSED] - All options with value '4' are selected in object 'Object Repository/Konfirmasi pesanan shop/select_Bank' 

2023-10-04 19:54:45 - [TEST_STEP][PASSED] - setText(findTestObject("Konfirmasi pesanan shop/input_Nama Pengirim_d"), NamaPemesan): Text 'irfan.afandi' is set on object 'Object Repository/Konfirmasi pesanan shop/input_Nama Pengirim_d'

2023-10-04 19:54:45 - [MESSAGE][PASSED] - Text 'irfan.afandi' is set on object 'Object Repository/Konfirmasi pesanan shop/input_Nama Pengirim_d'

2023-10-04 19:54:45 - [TEST_STEP][PASSED] - uploadFile(findTestObject("keranjang/konfirmasi/input_Upload Bukti Transfer_f"), "C:\Users\IRFAN\Downloads\Berkas2.pdf"): File 'C:\Users\IRFAN\Downloads\Berkas2.pdf' sent to object: 'Object Repository/keranjang/konfirmasi/input_Upload Bukti Transfer_f'

2023-10-04 19:54:46 - [MESSAGE][PASSED] - File 'C:\Users\IRFAN\Downloads\Berkas2.pdf' sent to object: 'Object Repository/keranjang/konfirmasi/input_Upload Bukti Transfer_f'

2023-10-04 19:54:46 - [TEST_STEP][PASSED] - click(findTestObject("Konfirmasi pesanan shop/button_Konfirmasi Pembayaran")): Object: 'Object Repository/Konfirmasi pesanan shop/button_Konfirmasi Pembayaran' is clicked on

2023-10-04 19:54:47 - [MESSAGE][PASSED] - Object: 'Object Repository/Konfirmasi pesanan shop/button_Konfirmasi Pembayaran' is clicked on

2023-10-04 19:54:47 - [TEST_STEP][PASSED] - verifyElementPresent(findTestObject("Konfirmasi pesanan shop/Tittle Konfirmasi Pesanan"), 0): Object 'Object Repository/Konfirmasi pesanan shop/Tittle Konfirmasi Pesanan' is present

2023-10-04 19:54:47 - [MESSAGE][WARNING] - Timeout '0' is invalid. Using default page load timeout: '30'

2023-10-04 19:54:48 - [MESSAGE][PASSED] - Object 'Object Repository/Konfirmasi pesanan shop/Tittle Konfirmasi Pesanan' is present

2023-10-04 19:54:48 - [TEST_STEP][PASSED] - verifyElementPresent(findTestObject("Konfirmasi pesanan shop/Tittle massage succes Konfirmasi Pembayaran Pesanan"), 0): Object 'Object Repository/Konfirmasi pesanan shop/Tittle massage succes Konfirmasi Pembayaran Pesanan' is present

2023-10-04 19:54:48 - [MESSAGE][WARNING] - Timeout '0' is invalid. Using default page load timeout: '30'

2023-10-04 19:54:48 - [MESSAGE][PASSED] - Object 'Object Repository/Konfirmasi pesanan shop/Tittle massage succes Konfirmasi Pembayaran Pesanan' is present

2023-10-04 19:54:48 - [TEST_STEP][PASSED] - return data: null

2023-10-04 19:54:48 - [MESSAGE][PASSED] - Call Test Case 'Test Cases/T13 Pembelian, Shipment dan Pembayaran/PBY-004' successfully

2023-10-04 19:54:48 - [TEST_STEP][PASSED] - navigateToUrl("https://10.9.2.63/ecommerce/administrator/"): Navigate to 'https://10.9.2.63/ecommerce/administrator/' successfully

2023-10-04 19:54:49 - [MESSAGE][PASSED] - Navigate to 'https://10.9.2.63/ecommerce/administrator/' successfully

2023-10-04 19:54:49 - [TEST_STEP][PASSED] - verifyElementPresent(findTestObject("admin/Tittle ADMIN Login"), 0): Object 'Object Repository/admin/Tittle ADMIN Login' is present

2023-10-04 19:54:49 - [MESSAGE][WARNING] - Timeout '0' is invalid. Using default page load timeout: '30'

2023-10-04 19:54:49 - [MESSAGE][PASSED] - Object 'Object Repository/admin/Tittle ADMIN Login' is present

2023-10-04 19:54:49 - [TEST_STEP][PASSED] - setText(findTestObject("admin/Username"), "admin"): Text 'admin' is set on object 'Object Repository/admin/Username'

2023-10-04 19:54:50 - [MESSAGE][PASSED] - Text 'admin' is set on object 'Object Repository/admin/Username'

2023-10-04 19:54:50 - [TEST_STEP][PASSED] - setText(findTestObject("admin/Password"), "123admin123"): Text '123admin123' is set on object 'Object Repository/admin/Password'

2023-10-04 19:54:50 - [MESSAGE][PASSED] - Text '123admin123' is set on object 'Object Repository/admin/Password'

2023-10-04 19:54:50 - [TEST_STEP][PASSED] - click(findTestObject("admin/Remember Me")): Object: 'Object Repository/admin/Remember Me' is clicked on

2023-10-04 19:54:51 - [MESSAGE][PASSED] - Object: 'Object Repository/admin/Remember Me' is clicked on

2023-10-04 19:54:51 - [TEST_STEP][PASSED] - delay(10): Delayed 10 second(s)

2023-10-04 19:55:01 - [MESSAGE][PASSED] - Delayed 10 second(s)

2023-10-04 19:55:01 - [TEST_STEP][PASSED] - click(findTestObject("admin/buttom submit")): Object: 'Object Repository/admin/buttom submit' is clicked on

2023-10-04 19:55:05 - [MESSAGE][PASSED] - Object: 'Object Repository/admin/buttom submit' is clicked on

2023-10-04 19:55:05 - [TEST_STEP][PASSED] - verifyElementPresent(findTestObject("admin/Konf order konsumen/Tittle Dashboard"), 0): Object 'Object Repository/admin/Konf order konsumen/Tittle Dashboard' is present

2023-10-04 19:55:05 - [MESSAGE][WARNING] - Timeout '0' is invalid. Using default page load timeout: '30'

2023-10-04 19:55:10 - [MESSAGE][PASSED] - Object 'Object Repository/admin/Konf order konsumen/Tittle Dashboard' is present

2023-10-04 19:55:10 - [TEST_STEP][PASSED] - click(findTestObject("admin/Konf order konsumen/Menu Transaksi Market")): Object: 'Object Repository/admin/Konf order konsumen/Menu Transaksi Market' is clicked on

2023-10-04 19:55:10 - [MESSAGE][PASSED] - Object: 'Object Repository/admin/Konf order konsumen/Menu Transaksi Market' is clicked on

2023-10-04 19:55:10 - [TEST_STEP][PASSED] - click(findTestObject("admin/Konf order konsumen/Menu Konf. Order Konsumen")): Object: 'Object Repository/admin/Konf order konsumen/Menu Konf. Order Konsumen' is clicked on

2023-10-04 19:55:12 - [MESSAGE][PASSED] - Object: 'Object Repository/admin/Konf order konsumen/Menu Konf. Order Konsumen' is clicked on

2023-10-04 19:55:12 - [TEST_STEP][PASSED] - verifyElementPresent(findTestObject("admin/Konf order konsumen/Tittle Data Konfirmasi Pembayaran Konsumen"), 0): Object 'Object Repository/admin/Konf order konsumen/Tittle Data Konfirmasi Pembayaran Konsumen' is present

2023-10-04 19:55:12 - [MESSAGE][WARNING] - Timeout '0' is invalid. Using default page load timeout: '30'

2023-10-04 19:55:20 - [MESSAGE][PASSED] - Object 'Object Repository/admin/Konf order konsumen/Tittle Data Konfirmasi Pembayaran Konsumen' is present

2023-10-04 19:55:20 - [TEST_STEP][PASSED] - inv = data.get("invoice"): null

2023-10-04 19:55:20 - [TEST_STEP][PASSED] - setText(findTestObject("admin/Konf order konsumen/Search"), inv): Text 'TRX60.20231004195420' is set on object 'Object Repository/admin/Konf order konsumen/Search'

2023-10-04 19:55:21 - [MESSAGE][PASSED] - Text 'TRX60.20231004195420' is set on object 'Object Repository/admin/Konf order konsumen/Search'

2023-10-04 19:55:21 - [TEST_STEP][PASSED] - verifyElementText(findTestObject("admin/Konf order konsumen/Keterangan Lunas"), "Lunas"): Actual text and expected text of test object 'Object Repository/admin/Konf order konsumen/Keterangan Lunas' are matched.

2023-10-04 19:55:22 - [MESSAGE][PASSED] - Actual text and expected text of test object 'Object Repository/admin/Konf order konsumen/Keterangan Lunas' are matched.

2023-10-04 19:55:22 - [TEST_STEP][PASSED] - return data: null

2023-10-04 19:55:22 - [MESSAGE][PASSED] - Call Test Case 'Test Cases/T13 Pembelian, Shipment dan Pembayaran/PBYA-001' successfully

2023-10-04 19:55:22 - [TEST_STEP][PASSED] - click(findTestObject("admin/Penjualan ke konsumen/buttom Dashboard")): Object: 'Object Repository/admin/Penjualan ke konsumen/buttom Dashboard' is clicked on

2023-10-04 19:55:22 - [MESSAGE][PASSED] - Object: 'Object Repository/admin/Penjualan ke konsumen/buttom Dashboard' is clicked on

2023-10-04 19:55:22 - [TEST_STEP][PASSED] - click(findTestObject("admin/Konf order konsumen/Menu Transaksi Market")): Object: 'Object Repository/admin/Konf order konsumen/Menu Transaksi Market' is clicked on

2023-10-04 19:55:30 - [MESSAGE][PASSED] - Object: 'Object Repository/admin/Konf order konsumen/Menu Transaksi Market' is clicked on

2023-10-04 19:55:30 - [TEST_STEP][PASSED] - click(findTestObject("admin/Penjualan ke konsumen/a_Penjualan ke Konsumen")): Object: 'Object Repository/admin/Penjualan ke konsumen/a_Penjualan ke Konsumen' is clicked on

2023-10-04 19:55:31 - [MESSAGE][PASSED] - Object: 'Object Repository/admin/Penjualan ke konsumen/a_Penjualan ke Konsumen' is clicked on

2023-10-04 19:55:31 - [TEST_STEP][PASSED] - verifyElementPresent(findTestObject("admin/Tittle Data Transaksi Penjualan  Orderan Konsumen"), 0): Object 'Object Repository/admin/Tittle Data Transaksi Penjualan  Orderan Konsumen' is present

2023-10-04 19:55:32 - [MESSAGE][WARNING] - Timeout '0' is invalid. Using default page load timeout: '30'

2023-10-04 19:55:38 - [MESSAGE][PASSED] - Object 'Object Repository/admin/Tittle Data Transaksi Penjualan  Orderan Konsumen' is present

2023-10-04 19:55:38 - [TEST_STEP][PASSED] - return data: null

2023-10-04 19:55:38 - [MESSAGE][PASSED] - Call Test Case 'Test Cases/T13 Pembelian, Shipment dan Pembayaran/SA-001' successfully

2023-10-04 19:55:38 - [TEST_STEP][PASSED] - inv = data.get("invoice"): null

2023-10-04 19:55:38 - [TEST_STEP][PASSED] - setText(findTestObject("admin/Penjualan ke konsumen/Search"), inv): Text 'TRX60.20231004195420' is set on object 'Object Repository/admin/Penjualan ke konsumen/Search'

2023-10-04 19:55:39 - [MESSAGE][PASSED] - Text 'TRX60.20231004195420' is set on object 'Object Repository/admin/Penjualan ke konsumen/Search'

2023-10-04 19:55:39 - [TEST_STEP][PASSED] - click(findTestObject("admin/Penjualan ke konsumen/buttom konfirmasi pending payment")): Object: 'Object Repository/admin/Penjualan ke konsumen/buttom konfirmasi pending payment' is clicked on

2023-10-04 19:55:39 - [MESSAGE][PASSED] - Object: 'Object Repository/admin/Penjualan ke konsumen/buttom konfirmasi pending payment' is clicked on

2023-10-04 19:55:39 - [TEST_STEP][PASSED] - acceptAlert(STOP_ON_FAILURE): Alert accepted

2023-10-04 19:55:39 - [MESSAGE][PASSED] - Alert accepted

2023-10-04 19:55:39 - [TEST_STEP][PASSED] - setText(findTestObject("admin/Penjualan ke konsumen/Search"), inv): Text 'TRX60.20231004195420' is set on object 'Object Repository/admin/Penjualan ke konsumen/Search'

2023-10-04 19:55:41 - [MESSAGE][PASSED] - Text 'TRX60.20231004195420' is set on object 'Object Repository/admin/Penjualan ke konsumen/Search'

2023-10-04 19:55:41 - [TEST_STEP][PASSED] - verifyTextNotPresent("pending payment", false): Text 'pending payment' is not present on page

2023-10-04 19:55:41 - [MESSAGE][PASSED] - Text 'pending payment' is not present on page

2023-10-04 19:55:41 - [TEST_STEP][PASSED] - return data: null

2023-10-04 19:55:41 - [MESSAGE][PASSED] - Call Test Case 'Test Cases/T13 Pembelian, Shipment dan Pembayaran/SA-002' successfully

2023-10-04 19:55:41 - [TEST_STEP][PASSED] - click(findTestObject("admin/Penjualan ke konsumen/buttom scroldown")): Object: 'Object Repository/admin/Penjualan ke konsumen/buttom scroldown' is clicked on

2023-10-04 19:55:42 - [MESSAGE][PASSED] - Object: 'Object Repository/admin/Penjualan ke konsumen/buttom scroldown' is clicked on

2023-10-04 19:55:42 - [TEST_STEP][PASSED] - click(findTestObject("admin/Penjualan ke konsumen/Selesai")): Object: 'Object Repository/admin/Penjualan ke konsumen/Selesai' is clicked on

2023-10-04 19:55:42 - [MESSAGE][PASSED] - Object: 'Object Repository/admin/Penjualan ke konsumen/Selesai' is clicked on

2023-10-04 19:55:42 - [TEST_STEP][PASSED] - acceptAlert(): Alert accepted

2023-10-04 19:55:42 - [MESSAGE][PASSED] - Alert accepted

2023-10-04 19:55:42 - [TEST_STEP][PASSED] - inv = data.get("invoice"): null

2023-10-04 19:55:42 - [TEST_STEP][PASSED] - setText(findTestObject("admin/Penjualan ke konsumen/Search"), inv): Text 'TRX60.20231004195420' is set on object 'Object Repository/admin/Penjualan ke konsumen/Search'

2023-10-04 19:55:43 - [MESSAGE][PASSED] - Text 'TRX60.20231004195420' is set on object 'Object Repository/admin/Penjualan ke konsumen/Search'

2023-10-04 19:55:43 - [TEST_STEP][PASSED] - delay(10): Delayed 10 second(s)

2023-10-04 19:55:53 - [MESSAGE][PASSED] - Delayed 10 second(s)

2023-10-04 19:55:53 - [TEST_STEP][PASSED] - verifyTextPresent("Selesai", false): Text 'Selesai' is present on page 

2023-10-04 19:55:54 - [MESSAGE][PASSED] - Text 'Selesai' is present on page 

2023-10-04 19:55:54 - [TEST_STEP][PASSED] - selesaiAdmin = getText(findTestObject("admin/Selesai")): Text of object 'Object Repository/admin/Selesai' is: 'Selesai'

2023-10-04 19:55:54 - [MESSAGE][PASSED] - Text of object 'Object Repository/admin/Selesai' is: 'Selesai'

2023-10-04 19:55:54 - [TEST_STEP][PASSED] - data.put("statusSelesai", selesaiAdmin): null

2023-10-04 19:55:54 - [TEST_STEP][PASSED] - return data: null

2023-10-04 19:55:54 - [MESSAGE][PASSED] - Call Test Case 'Test Cases/T13 Pembelian, Shipment dan Pembayaran/SA-005' successfully

2023-10-04 19:55:54 - [TEST_STEP][PASSED] - openBrowser("https://10.9.2.63/ecommerce/"): Browser is opened with url: 'https://10.9.2.63/ecommerce/'

2023-10-04 19:55:54 - [MESSAGE][WARNING] - A browser is already opened. Closing browser and opening a new one

2023-10-04 19:55:57 - [MESSAGE][INFO] - Starting 'Firefox' driver

2023-10-04 19:55:57 - [MESSAGE][INFO] - User set preference: ['args', '[--disable-notifications]']

2023-10-04 19:55:57 - [MESSAGE][INFO] - Action delay is set to 0 milliseconds

2023-10-04 19:56:01 - [MESSAGE][PASSED] - Browser is opened with url: 'https://10.9.2.63/ecommerce/'

2023-10-04 19:56:01 - [TEST_STEP][PASSED] - maximizeWindow(): Current window maximized

2023-10-04 19:56:01 - [MESSAGE][PASSED] - Current window maximized

2023-10-04 19:56:01 - [TEST_STEP][PASSED] - verifyElementPresent(findTestObject("Login/Home"), 0): Object 'Object Repository/Login/Home' is present

2023-10-04 19:56:01 - [MESSAGE][WARNING] - Timeout '0' is invalid. Using default page load timeout: '30'

2023-10-04 19:56:02 - [MESSAGE][PASSED] - Object 'Object Repository/Login/Home' is present

2023-10-04 19:56:02 - [TEST_STEP][PASSED] - click(findTestObject("Login/a_Login")): Object: 'Object Repository/Login/a_Login' is clicked on

2023-10-04 19:56:02 - [MESSAGE][PASSED] - Object: 'Object Repository/Login/a_Login' is clicked on

2023-10-04 19:56:02 - [TEST_STEP][PASSED] - verifyElementPresent(findTestObject("Login/Tittle Login"), 0): Object 'Object Repository/Login/Tittle Login' is present

2023-10-04 19:56:03 - [MESSAGE][WARNING] - Timeout '0' is invalid. Using default page load timeout: '30'

2023-10-04 19:56:03 - [MESSAGE][PASSED] - Object 'Object Repository/Login/Tittle Login' is present

2023-10-04 19:56:03 - [TEST_STEP][PASSED] - setText(findTestObject("Login/input_Username, Email atau No. Handphone_a"), "irfanafandi"): Text 'irfanafandi' is set on object 'Object Repository/Login/input_Username, Email atau No. Handphone_a'

2023-10-04 19:56:04 - [MESSAGE][PASSED] - Text 'irfanafandi' is set on object 'Object Repository/Login/input_Username, Email atau No. Handphone_a'

2023-10-04 19:56:04 - [TEST_STEP][PASSED] - setText(findTestObject("Login/input_Password_b"), "12345irfan"): Text '12345irfan' is set on object 'Object Repository/Login/input_Password_b'

2023-10-04 19:56:04 - [MESSAGE][PASSED] - Text '12345irfan' is set on object 'Object Repository/Login/input_Password_b'

2023-10-04 19:56:04 - [TEST_STEP][PASSED] - click(findTestObject("Login/button_Masuk")): Object: 'Object Repository/Login/button_Masuk' is clicked on

2023-10-04 19:56:05 - [MESSAGE][PASSED] - Object: 'Object Repository/Login/button_Masuk' is clicked on

2023-10-04 19:56:05 - [TEST_STEP][PASSED] - verifyElementPresent(findTestObject("Login/li_Profile"), 0): Object 'Object Repository/Login/li_Profile' is present

2023-10-04 19:56:05 - [MESSAGE][WARNING] - Timeout '0' is invalid. Using default page load timeout: '30'

2023-10-04 19:56:06 - [MESSAGE][PASSED] - Object 'Object Repository/Login/li_Profile' is present

2023-10-04 19:56:06 - [TEST_STEP][PASSED] - click(findTestObject("Konfirmasi pesanan shop/Menu Shop")): Object: 'Object Repository/Konfirmasi pesanan shop/Menu Shop' is clicked on

2023-10-04 19:56:07 - [MESSAGE][PASSED] - Object: 'Object Repository/Konfirmasi pesanan shop/Menu Shop' is clicked on

2023-10-04 19:56:07 - [TEST_STEP][PASSED] - click(findTestObject("Konfirmasi pesanan shop/Menu Shop")): Object: 'Object Repository/Konfirmasi pesanan shop/Menu Shop' is clicked on

2023-10-04 19:56:08 - [MESSAGE][PASSED] - Object: 'Object Repository/Konfirmasi pesanan shop/Menu Shop' is clicked on

2023-10-04 19:56:08 - [TEST_STEP][PASSED] - click(findTestObject("Traking Order/a_Tracking Orders")): Object: 'Object Repository/Traking Order/a_Tracking Orders' is clicked on

2023-10-04 19:56:09 - [MESSAGE][PASSED] - Object: 'Object Repository/Traking Order/a_Tracking Orders' is clicked on

2023-10-04 19:56:09 - [TEST_STEP][PASSED] - verifyElementPresent(findTestObject("Traking Order/Tittle Tracking Order"), 0): Object 'Object Repository/Traking Order/Tittle Tracking Order' is present

2023-10-04 19:56:09 - [MESSAGE][WARNING] - Timeout '0' is invalid. Using default page load timeout: '30'

2023-10-04 19:56:09 - [MESSAGE][PASSED] - Object 'Object Repository/Traking Order/Tittle Tracking Order' is present

2023-10-04 19:56:09 - [TEST_STEP][PASSED] - inv = data.get("invoice"): null

2023-10-04 19:56:09 - [TEST_STEP][PASSED] - setText(findTestObject("Traking Order/input_No Pesanan_a"), "TRX-001"): Text 'TRX-001' is set on object 'Object Repository/Traking Order/input_No Pesanan_a'

2023-10-04 19:56:10 - [MESSAGE][PASSED] - Text 'TRX-001' is set on object 'Object Repository/Traking Order/input_No Pesanan_a'

2023-10-04 19:56:10 - [TEST_STEP][PASSED] - setText(findTestObject("Traking Order/input_Alamat E-mail_form-control"), "irfan"): Text 'irfan' is set on object 'Object Repository/Traking Order/input_Alamat E-mail_form-control'

2023-10-04 19:56:11 - [MESSAGE][PASSED] - Text 'irfan' is set on object 'Object Repository/Traking Order/input_Alamat E-mail_form-control'

2023-10-04 19:56:11 - [TEST_STEP][PASSED] - click(findTestObject("Traking Order/button_Lacak Pesanan")): Object: 'Object Repository/Traking Order/button_Lacak Pesanan' is clicked on

2023-10-04 19:56:12 - [MESSAGE][PASSED] - Object: 'Object Repository/Traking Order/button_Lacak Pesanan' is clicked on

2023-10-04 19:56:12 - [TEST_STEP][FAILED] - verifyTextPresent("number invoice not valid", false): Unable to verify text 'number invoice not valid' is present  (Root cause: com.kms.katalon.core.exception.StepFailedException: Unable to verify text 'number invoice not valid' is present 
	at com.kms.katalon.core.webui.keyword.internal.WebUIKeywordMain.stepFailed(WebUIKeywordMain.groovy:64)
	at com.kms.katalon.core.webui.keyword.internal.WebUIKeywordMain.runKeyword(WebUIKeywordMain.groovy:26)
	at com.kms.katalon.core.webui.keyword.builtin.VerifyTextPresentKeyword.verifyTextPresent(VerifyTextPresentKeyword.groovy:83)
	at com.kms.katalon.core.webui.keyword.builtin.VerifyTextPresentKeyword.execute(VerifyTextPresentKeyword.groovy:68)
	at com.kms.katalon.core.keyword.internal.KeywordExecutor.executeKeywordForPlatform(KeywordExecutor.groovy:74)
	at com.kms.katalon.core.webui.keyword.WebUiBuiltInKeywords.verifyTextPresent(WebUiBuiltInKeywords.groovy:1723)
	at com.kms.katalon.core.webui.keyword.WebUiBuiltInKeywords$verifyTextPresent$9.call(Unknown Source)
	at SU-008.run(SU-008:60)
	at com.kms.katalon.core.main.ScriptEngine.run(ScriptEngine.java:194)
	at com.kms.katalon.core.main.ScriptEngine.runScriptAsRawText(ScriptEngine.java:119)
	at com.kms.katalon.core.main.TestCaseExecutor.runScript(TestCaseExecutor.java:448)
	at com.kms.katalon.core.main.TestCaseExecutor.doExecute(TestCaseExecutor.java:439)
	at com.kms.katalon.core.main.TestCaseExecutor.processExecutionPhase(TestCaseExecutor.java:418)
	at com.kms.katalon.core.main.TestCaseExecutor.accessMainPhase(TestCaseExecutor.java:410)
	at com.kms.katalon.core.main.TestCaseExecutor.execute(TestCaseExecutor.java:285)
	at com.kms.katalon.core.common.CommonExecutor.accessTestCaseMainPhase(CommonExecutor.java:65)
	at com.kms.katalon.core.main.TestSuiteExecutor.accessTestSuiteMainPhase(TestSuiteExecutor.java:148)
	at com.kms.katalon.core.main.TestSuiteExecutor.execute(TestSuiteExecutor.java:106)
	at com.kms.katalon.core.main.TestCaseMain.startTestSuite(TestCaseMain.java:187)
	at com.kms.katalon.core.main.TestCaseMain$startTestSuite$0.call(Unknown Source)
	at TempTestSuite1696420804604.run(TempTestSuite1696420804604.groovy:36)
Caused by: com.kms.katalon.core.exception.StepFailedException: Text 'number invoice not valid' is not present on page 
	at com.kms.katalon.core.webui.keyword.internal.WebUIKeywordMain.stepFailed(WebUIKeywordMain.groovy:64)
	at com.kms.katalon.core.webui.keyword.builtin.VerifyTextPresentKeyword$_verifyTextPresent_closure1.doCall(VerifyTextPresentKeyword.groovy:79)
	at com.kms.katalon.core.webui.keyword.builtin.VerifyTextPresentKeyword$_verifyTextPresent_closure1.call(VerifyTextPresentKeyword.groovy)
	at com.kms.katalon.core.webui.keyword.internal.WebUIKeywordMain.runKeyword(WebUIKeywordMain.groovy:20)
	... 19 more
)

2023-10-04 19:56:13 - [MESSAGE][FAILED] - Text 'number invoice not valid' is not present on page  (Root cause: com.kms.katalon.core.exception.StepFailedException: Text 'number invoice not valid' is not present on page 
	at com.kms.katalon.core.webui.keyword.internal.WebUIKeywordMain.stepFailed(WebUIKeywordMain.groovy:64)
	at com.kms.katalon.core.webui.keyword.builtin.VerifyTextPresentKeyword$_verifyTextPresent_closure1.doCall(VerifyTextPresentKeyword.groovy:79)
	at com.kms.katalon.core.webui.keyword.builtin.VerifyTextPresentKeyword$_verifyTextPresent_closure1.call(VerifyTextPresentKeyword.groovy)
	at com.kms.katalon.core.webui.keyword.internal.WebUIKeywordMain.runKeyword(WebUIKeywordMain.groovy:20)
	at com.kms.katalon.core.webui.keyword.builtin.VerifyTextPresentKeyword.verifyTextPresent(VerifyTextPresentKeyword.groovy:83)
	at com.kms.katalon.core.webui.keyword.builtin.VerifyTextPresentKeyword.execute(VerifyTextPresentKeyword.groovy:68)
	at com.kms.katalon.core.keyword.internal.KeywordExecutor.executeKeywordForPlatform(KeywordExecutor.groovy:74)
	at com.kms.katalon.core.webui.keyword.WebUiBuiltInKeywords.verifyTextPresent(WebUiBuiltInKeywords.groovy:1723)
	at com.kms.katalon.core.webui.keyword.WebUiBuiltInKeywords$verifyTextPresent$9.call(Unknown Source)
	at SU-008.run(SU-008:60)
	at com.kms.katalon.core.main.ScriptEngine.run(ScriptEngine.java:194)
	at com.kms.katalon.core.main.ScriptEngine.runScriptAsRawText(ScriptEngine.java:119)
	at com.kms.katalon.core.main.TestCaseExecutor.runScript(TestCaseExecutor.java:448)
	at com.kms.katalon.core.main.TestCaseExecutor.doExecute(TestCaseExecutor.java:439)
	at com.kms.katalon.core.main.TestCaseExecutor.processExecutionPhase(TestCaseExecutor.java:418)
	at com.kms.katalon.core.main.TestCaseExecutor.accessMainPhase(TestCaseExecutor.java:410)
	at com.kms.katalon.core.main.TestCaseExecutor.execute(TestCaseExecutor.java:285)
	at com.kms.katalon.core.common.CommonExecutor.accessTestCaseMainPhase(CommonExecutor.java:65)
	at com.kms.katalon.core.main.TestSuiteExecutor.accessTestSuiteMainPhase(TestSuiteExecutor.java:148)
	at com.kms.katalon.core.main.TestSuiteExecutor.execute(TestSuiteExecutor.java:106)
	at com.kms.katalon.core.main.TestCaseMain.startTestSuite(TestCaseMain.java:187)
	at com.kms.katalon.core.main.TestCaseMain$startTestSuite$0.call(Unknown Source)
	at TempTestSuite1696420804604.run(TempTestSuite1696420804604.groovy:36)
)

2023-10-04 19:56:13 - [MESSAGE][FAILED] - Unable to verify text 'number invoice not valid' is present  (Root cause: com.kms.katalon.core.exception.StepFailedException: Unable to verify text 'number invoice not valid' is present 
	at com.kms.katalon.core.webui.keyword.internal.WebUIKeywordMain.stepFailed(WebUIKeywordMain.groovy:64)
	at com.kms.katalon.core.webui.keyword.internal.WebUIKeywordMain.runKeyword(WebUIKeywordMain.groovy:26)
	at com.kms.katalon.core.webui.keyword.builtin.VerifyTextPresentKeyword.verifyTextPresent(VerifyTextPresentKeyword.groovy:83)
	at com.kms.katalon.core.webui.keyword.builtin.VerifyTextPresentKeyword.execute(VerifyTextPresentKeyword.groovy:68)
	at com.kms.katalon.core.keyword.internal.KeywordExecutor.executeKeywordForPlatform(KeywordExecutor.groovy:74)
	at com.kms.katalon.core.webui.keyword.WebUiBuiltInKeywords.verifyTextPresent(WebUiBuiltInKeywords.groovy:1723)
	at com.kms.katalon.core.webui.keyword.WebUiBuiltInKeywords$verifyTextPresent$9.call(Unknown Source)
	at SU-008.run(SU-008:60)
	at com.kms.katalon.core.main.ScriptEngine.run(ScriptEngine.java:194)
	at com.kms.katalon.core.main.ScriptEngine.runScriptAsRawText(ScriptEngine.java:119)
	at com.kms.katalon.core.main.TestCaseExecutor.runScript(TestCaseExecutor.java:448)
	at com.kms.katalon.core.main.TestCaseExecutor.doExecute(TestCaseExecutor.java:439)
	at com.kms.katalon.core.main.TestCaseExecutor.processExecutionPhase(TestCaseExecutor.java:418)
	at com.kms.katalon.core.main.TestCaseExecutor.accessMainPhase(TestCaseExecutor.java:410)
	at com.kms.katalon.core.main.TestCaseExecutor.execute(TestCaseExecutor.java:285)
	at com.kms.katalon.core.common.CommonExecutor.accessTestCaseMainPhase(CommonExecutor.java:65)
	at com.kms.katalon.core.main.TestSuiteExecutor.accessTestSuiteMainPhase(TestSuiteExecutor.java:148)
	at com.kms.katalon.core.main.TestSuiteExecutor.execute(TestSuiteExecutor.java:106)
	at com.kms.katalon.core.main.TestCaseMain.startTestSuite(TestCaseMain.java:187)
	at com.kms.katalon.core.main.TestCaseMain$startTestSuite$0.call(Unknown Source)
	at TempTestSuite1696420804604.run(TempTestSuite1696420804604.groovy:36)
Caused by: com.kms.katalon.core.exception.StepFailedException: Text 'number invoice not valid' is not present on page 
	at com.kms.katalon.core.webui.keyword.internal.WebUIKeywordMain.stepFailed(WebUIKeywordMain.groovy:64)
	at com.kms.katalon.core.webui.keyword.builtin.VerifyTextPresentKeyword$_verifyTextPresent_closure1.doCall(VerifyTextPresentKeyword.groovy:79)
	at com.kms.katalon.core.webui.keyword.builtin.VerifyTextPresentKeyword$_verifyTextPresent_closure1.call(VerifyTextPresentKeyword.groovy)
	at com.kms.katalon.core.webui.keyword.internal.WebUIKeywordMain.runKeyword(WebUIKeywordMain.groovy:20)
	... 19 more
)
[[ATTACHMENT|D:\\BOOTCAMP XSIS\\Projek 2 MINI PROJEK\\Reports\\20231004_190004\\T13 Pembelian, Shipment dan Pembayaran\\T13 Pembelian, Shipment dan Pembayaran\\20231004_190004\\1696424173064.png]]]]></system-out>
         <system-err><![CDATA[2023-10-04 19:53:46 - [TEST_CASE][FAILED] - Test Cases/T13 Pembelian, Shipment dan Pembayaran/SU-008: Test Cases/T13 Pembelian, Shipment dan Pembayaran/SU-008 FAILED.
Reason:
com.kms.katalon.core.exception.StepFailedException: Unable to verify text 'number invoice not valid' is present 
	at com.kms.katalon.core.webui.keyword.internal.WebUIKeywordMain.stepFailed(WebUIKeywordMain.groovy:64)
	at com.kms.katalon.core.webui.keyword.internal.WebUIKeywordMain.runKeyword(WebUIKeywordMain.groovy:26)
	at com.kms.katalon.core.webui.keyword.builtin.VerifyTextPresentKeyword.verifyTextPresent(VerifyTextPresentKeyword.groovy:83)
	at com.kms.katalon.core.webui.keyword.builtin.VerifyTextPresentKeyword.execute(VerifyTextPresentKeyword.groovy:68)
	at com.kms.katalon.core.keyword.internal.KeywordExecutor.executeKeywordForPlatform(KeywordExecutor.groovy:74)
	at com.kms.katalon.core.webui.keyword.WebUiBuiltInKeywords.verifyTextPresent(WebUiBuiltInKeywords.groovy:1723)
	at com.kms.katalon.core.webui.keyword.WebUiBuiltInKeywords$verifyTextPresent$9.call(Unknown Source)
	at SU-008.run(SU-008:60)
	at com.kms.katalon.core.main.ScriptEngine.run(ScriptEngine.java:194)
	at com.kms.katalon.core.main.ScriptEngine.runScriptAsRawText(ScriptEngine.java:119)
	at com.kms.katalon.core.main.TestCaseExecutor.runScript(TestCaseExecutor.java:448)
	at com.kms.katalon.core.main.TestCaseExecutor.doExecute(TestCaseExecutor.java:439)
	at com.kms.katalon.core.main.TestCaseExecutor.processExecutionPhase(TestCaseExecutor.java:418)
	at com.kms.katalon.core.main.TestCaseExecutor.accessMainPhase(TestCaseExecutor.java:410)
	at com.kms.katalon.core.main.TestCaseExecutor.execute(TestCaseExecutor.java:285)
	at com.kms.katalon.core.common.CommonExecutor.accessTestCaseMainPhase(CommonExecutor.java:65)
	at com.kms.katalon.core.main.TestSuiteExecutor.accessTestSuiteMainPhase(TestSuiteExecutor.java:148)
	at com.kms.katalon.core.main.TestSuiteExecutor.execute(TestSuiteExecutor.java:106)
	at com.kms.katalon.core.main.TestCaseMain.startTestSuite(TestCaseMain.java:187)
	at com.kms.katalon.core.main.TestCaseMain$startTestSuite$0.call(Unknown Source)
	at TempTestSuite1696420804604.run(TempTestSuite1696420804604.groovy:36)
Caused by: com.kms.katalon.core.exception.StepFailedException: Text 'number invoice not valid' is not present on page 
	at com.kms.katalon.core.webui.keyword.internal.WebUIKeywordMain.stepFailed(WebUIKeywordMain.groovy:64)
	at com.kms.katalon.core.webui.keyword.builtin.VerifyTextPresentKeyword$_verifyTextPresent_closure1.doCall(VerifyTextPresentKeyword.groovy:79)
	at com.kms.katalon.core.webui.keyword.builtin.VerifyTextPresentKeyword$_verifyTextPresent_closure1.call(VerifyTextPresentKeyword.groovy)
	at com.kms.katalon.core.webui.keyword.internal.WebUIKeywordMain.runKeyword(WebUIKeywordMain.groovy:20)
	... 19 more]]></system-err>
      </testcase>
      <testcase name="Test Cases/T13 Pembelian, Shipment dan Pembayaran/SU-009" time="64.517" classname="Test Cases/T13 Pembelian, Shipment dan Pembayaran/SU-009" status="PASSED">
         <system-out><![CDATA[2023-10-04 19:56:13 - [TEST_CASE][PASSED] - Test Cases/T13 Pembelian, Shipment dan Pembayaran/SU-009: Test Cases/T13 Pembelian, Shipment dan Pembayaran/SU-009

2023-10-04 19:56:13 - [TEST_STEP][PASSED] - data = callTestCase(findTestCase("T13 Pembelian, Shipment dan Pembayaran/PBY-001"), [:], STOP_ON_FAILURE): Call Test Case 'Test Cases/T13 Pembelian, Shipment dan Pembayaran/PBY-001' successfully

2023-10-04 19:56:13 - [TEST_CASE][PASSED] - Test Cases/T13 Pembelian, Shipment dan Pembayaran/PBY-001: Test Cases/T13 Pembelian, Shipment dan Pembayaran/PBY-001

2023-10-04 19:56:13 - [TEST_STEP][PASSED] - data = callTestCase(findTestCase("T13 Pembelian, Shipment dan Pembayaran/PBL-004"), ["Kurir":"Roda 2"], STOP_ON_FAILURE): Call Test Case 'Test Cases/T13 Pembelian, Shipment dan Pembayaran/PBL-004' successfully

2023-10-04 19:56:13 - [TEST_CASE][PASSED] - Test Cases/T13 Pembelian, Shipment dan Pembayaran/PBL-004: Test Cases/T13 Pembelian, Shipment dan Pembayaran/PBL-004

2023-10-04 19:56:13 - [TEST_STEP][PASSED] - data = callTestCase(findTestCase("T13 Pembelian, Shipment dan Pembayaran/PBL-002"), [:], STOP_ON_FAILURE): Call Test Case 'Test Cases/T13 Pembelian, Shipment dan Pembayaran/PBL-002' successfully

2023-10-04 19:56:13 - [TEST_CASE][PASSED] - Test Cases/T13 Pembelian, Shipment dan Pembayaran/PBL-002: Test Cases/T13 Pembelian, Shipment dan Pembayaran/PBL-002

2023-10-04 19:56:13 - [TEST_STEP][PASSED] - data = callTestCase(findTestCase("T13 Pembelian, Shipment dan Pembayaran/PBL-001"), [:], STOP_ON_FAILURE): Call Test Case 'Test Cases/T13 Pembelian, Shipment dan Pembayaran/PBL-001' successfully

2023-10-04 19:56:13 - [TEST_CASE][PASSED] - Test Cases/T13 Pembelian, Shipment dan Pembayaran/PBL-001: Test Cases/T13 Pembelian, Shipment dan Pembayaran/PBL-001

2023-10-04 19:56:13 - [TEST_STEP][PASSED] - callTestCase(findTestCase("T13 Pembelian, Shipment dan Pembayaran/LU-001"), ["username":"irfanafandi", "password":"12345irfan"], STOP_ON_FAILURE): Call Test Case 'Test Cases/T13 Pembelian, Shipment dan Pembayaran/LU-001' successfully

2023-10-04 19:56:13 - [TEST_CASE][PASSED] - Test Cases/T13 Pembelian, Shipment dan Pembayaran/LU-001: Test Cases/T13 Pembelian, Shipment dan Pembayaran/LU-001

2023-10-04 19:56:13 - [TEST_STEP][PASSED] - openBrowser("https://10.9.2.63/ecommerce/"): Browser is opened with url: 'https://10.9.2.63/ecommerce/'

2023-10-04 19:56:13 - [MESSAGE][WARNING] - A browser is already opened. Closing browser and opening a new one

2023-10-04 19:56:16 - [MESSAGE][INFO] - Starting 'Firefox' driver

2023-10-04 19:56:16 - [MESSAGE][INFO] - User set preference: ['args', '[--disable-notifications]']

2023-10-04 19:56:16 - [MESSAGE][INFO] - Action delay is set to 0 milliseconds

2023-10-04 19:56:28 - [MESSAGE][PASSED] - Browser is opened with url: 'https://10.9.2.63/ecommerce/'

2023-10-04 19:56:28 - [TEST_STEP][PASSED] - maximizeWindow(): Current window maximized

2023-10-04 19:56:28 - [MESSAGE][PASSED] - Current window maximized

2023-10-04 19:56:28 - [TEST_STEP][PASSED] - verifyElementPresent(findTestObject("Login/Home"), 0): Object 'Object Repository/Login/Home' is present

2023-10-04 19:56:28 - [MESSAGE][WARNING] - Timeout '0' is invalid. Using default page load timeout: '30'

2023-10-04 19:56:28 - [MESSAGE][PASSED] - Object 'Object Repository/Login/Home' is present

2023-10-04 19:56:28 - [TEST_STEP][PASSED] - click(findTestObject("Login/a_Login")): Object: 'Object Repository/Login/a_Login' is clicked on

2023-10-04 19:56:29 - [MESSAGE][PASSED] - Object: 'Object Repository/Login/a_Login' is clicked on

2023-10-04 19:56:29 - [TEST_STEP][PASSED] - verifyElementPresent(findTestObject("Login/Tittle Login"), 0): Object 'Object Repository/Login/Tittle Login' is present

2023-10-04 19:56:29 - [MESSAGE][WARNING] - Timeout '0' is invalid. Using default page load timeout: '30'

2023-10-04 19:56:29 - [MESSAGE][PASSED] - Object 'Object Repository/Login/Tittle Login' is present

2023-10-04 19:56:29 - [TEST_STEP][PASSED] - setText(findTestObject("Login/input_Username, Email atau No. Handphone_a"), username): Text 'irfanafandi' is set on object 'Object Repository/Login/input_Username, Email atau No. Handphone_a'

2023-10-04 19:56:30 - [MESSAGE][PASSED] - Text 'irfanafandi' is set on object 'Object Repository/Login/input_Username, Email atau No. Handphone_a'

2023-10-04 19:56:30 - [TEST_STEP][PASSED] - setText(findTestObject("Login/input_Password_b"), password): Text '12345irfan' is set on object 'Object Repository/Login/input_Password_b'

2023-10-04 19:56:30 - [MESSAGE][PASSED] - Text '12345irfan' is set on object 'Object Repository/Login/input_Password_b'

2023-10-04 19:56:30 - [TEST_STEP][PASSED] - click(findTestObject("Login/label_Ingat saya")): Object: 'Object Repository/Login/label_Ingat saya' is clicked on

2023-10-04 19:56:31 - [MESSAGE][PASSED] - Object: 'Object Repository/Login/label_Ingat saya' is clicked on

2023-10-04 19:56:31 - [TEST_STEP][PASSED] - click(findTestObject("Login/button_Masuk")): Object: 'Object Repository/Login/button_Masuk' is clicked on

2023-10-04 19:56:32 - [MESSAGE][PASSED] - Object: 'Object Repository/Login/button_Masuk' is clicked on

2023-10-04 19:56:32 - [TEST_STEP][PASSED] - verifyElementPresent(findTestObject("Login/li_Profile"), 0): Object 'Object Repository/Login/li_Profile' is present

2023-10-04 19:56:32 - [MESSAGE][WARNING] - Timeout '0' is invalid. Using default page load timeout: '30'

2023-10-04 19:56:33 - [MESSAGE][PASSED] - Object 'Object Repository/Login/li_Profile' is present

2023-10-04 19:56:33 - [MESSAGE][PASSED] - Call Test Case 'Test Cases/T13 Pembelian, Shipment dan Pembayaran/LU-001' successfully

2023-10-04 19:56:33 - [TEST_STEP][PASSED] - mouseOver(findTestObject("beli barang/i_Mulai Belanja_icon-menu")): Object: 'Object Repository/beli barang/i_Mulai Belanja_icon-menu' is hovered

2023-10-04 19:56:33 - [MESSAGE][PASSED] - Object: 'Object Repository/beli barang/i_Mulai Belanja_icon-menu' is hovered

2023-10-04 19:56:33 - [TEST_STEP][PASSED] - click(findTestObject("beli barang/a_Fashion  Busana Wanita")): Object: 'Object Repository/beli barang/a_Fashion  Busana Wanita' is clicked on

2023-10-04 19:56:35 - [MESSAGE][PASSED] - Object: 'Object Repository/beli barang/a_Fashion  Busana Wanita' is clicked on

2023-10-04 19:56:35 - [TEST_STEP][PASSED] - NamaSebelum = getText(findTestObject("verifikasi/Nama sebelum")): Text of object 'Object Repository/verifikasi/Nama sebelum' is: ''

2023-10-04 19:56:35 - [MESSAGE][PASSED] - Text of object 'Object Repository/verifikasi/Nama sebelum' is: ''

2023-10-04 19:56:35 - [TEST_STEP][PASSED] - HargaSebelum = getText(findTestObject("verifikasi/Harga sebelum")): Text of object 'Object Repository/verifikasi/Harga sebelum' is: 'Rp 1,299'

2023-10-04 19:56:35 - [MESSAGE][PASSED] - Text of object 'Object Repository/verifikasi/Harga sebelum' is: 'Rp 1,299'

2023-10-04 19:56:35 - [TEST_STEP][PASSED] - mouseOver(findTestObject("beli barang/barang mouse over")): Object: 'Object Repository/beli barang/barang mouse over' is hovered

2023-10-04 19:56:36 - [MESSAGE][PASSED] - Object: 'Object Repository/beli barang/barang mouse over' is hovered

2023-10-04 19:56:36 - [TEST_STEP][PASSED] - click(findTestObject("beli barang/buttom add to cart")): Object: 'Object Repository/beli barang/buttom add to cart' is clicked on

2023-10-04 19:56:38 - [MESSAGE][PASSED] - Object: 'Object Repository/beli barang/buttom add to cart' is clicked on

2023-10-04 19:56:38 - [TEST_STEP][PASSED] - NamaSesudah = getText(findTestObject("verifikasi/Nama sesudah")): Text of object 'Object Repository/verifikasi/Nama sesudah' is: 'Segitiga Instan Madeira - MDB5.3 Sunset'

2023-10-04 19:56:38 - [MESSAGE][PASSED] - Text of object 'Object Repository/verifikasi/Nama sesudah' is: 'Segitiga Instan Madeira - MDB5.3 Sunset'

2023-10-04 19:56:38 - [TEST_STEP][PASSED] - HargaSesudah = getText(findTestObject("verifikasi/Harga sesudah")): Text of object 'Object Repository/verifikasi/Harga sesudah' is: 'Rp 1,299'

2023-10-04 19:56:39 - [MESSAGE][PASSED] - Text of object 'Object Repository/verifikasi/Harga sesudah' is: 'Rp 1,299'

2023-10-04 19:56:39 - [TEST_STEP][PASSED] - assert NamaSesudah.contains(NamaSebelum): null

2023-10-04 19:56:39 - [TEST_STEP][PASSED] - assert HargaSesudah.contains(HargaSebelum): null

2023-10-04 19:56:39 - [TEST_STEP][PASSED] - click(findTestObject("beli barang/Tambah Keranjang busana wanita")): Object: 'Object Repository/beli barang/Tambah Keranjang busana wanita' is clicked on

2023-10-04 19:56:39 - [MESSAGE][PASSED] - Object: 'Object Repository/beli barang/Tambah Keranjang busana wanita' is clicked on

2023-10-04 19:56:39 - [TEST_STEP][PASSED] - verifyElementPresent(findTestObject("checkout/Notifikasi keranjang"), 1): Object 'Object Repository/checkout/Notifikasi keranjang' is present

2023-10-04 19:56:40 - [MESSAGE][PASSED] - Object 'Object Repository/checkout/Notifikasi keranjang' is present

2023-10-04 19:56:40 - [TEST_STEP][PASSED] - data = new java.util.HashMap(): null

2023-10-04 19:56:40 - [TEST_STEP][PASSED] - data.put("nama_barang", NamaSesudah): null

2023-10-04 19:56:40 - [TEST_STEP][PASSED] - data.put("price_barang", HargaSesudah): null

2023-10-04 19:56:40 - [TEST_STEP][PASSED] - return data: null

2023-10-04 19:56:40 - [MESSAGE][PASSED] - Call Test Case 'Test Cases/T13 Pembelian, Shipment dan Pembayaran/PBL-001' successfully

2023-10-04 19:56:40 - [TEST_STEP][PASSED] - mouseOver(findTestObject("beli barang/keranjang")): Object: 'Object Repository/beli barang/keranjang' is hovered

2023-10-04 19:56:40 - [MESSAGE][PASSED] - Object: 'Object Repository/beli barang/keranjang' is hovered

2023-10-04 19:56:40 - [TEST_STEP][PASSED] - click(findTestObject("beli barang/Lihat Sekarang")): Object: 'Object Repository/beli barang/Lihat Sekarang' is clicked on

2023-10-04 19:56:42 - [MESSAGE][PASSED] - Object: 'Object Repository/beli barang/Lihat Sekarang' is clicked on

2023-10-04 19:56:42 - [TEST_STEP][PASSED] - verifyElementPresent(findTestObject("keranjang/li_Keranjang Belanja"), 0): Object 'Object Repository/keranjang/li_Keranjang Belanja' is present

2023-10-04 19:56:42 - [MESSAGE][WARNING] - Timeout '0' is invalid. Using default page load timeout: '30'

2023-10-04 19:56:43 - [MESSAGE][PASSED] - Object 'Object Repository/keranjang/li_Keranjang Belanja' is present

2023-10-04 19:56:43 - [TEST_STEP][PASSED] - NamaKeranjang = getText(findTestObject("verifikasi/Nama keranjang")): Text of object 'Object Repository/verifikasi/Nama keranjang' is: 'Segitiga Instan Madeira - MDB5.3 Sunset'

2023-10-04 19:56:43 - [MESSAGE][PASSED] - Text of object 'Object Repository/verifikasi/Nama keranjang' is: 'Segitiga Instan Madeira - MDB5.3 Sunset'

2023-10-04 19:56:43 - [TEST_STEP][PASSED] - HargaKeranjang = getText(findTestObject("verifikasi/Harga Keranjang")): Text of object 'Object Repository/verifikasi/Harga Keranjang' is: 'Rp 1,299'

2023-10-04 19:56:43 - [MESSAGE][PASSED] - Text of object 'Object Repository/verifikasi/Harga Keranjang' is: 'Rp 1,299'

2023-10-04 19:56:43 - [TEST_STEP][PASSED] - if (toString().equalsIgnoreCase("Merah")): Object 'Object Repository/keranjang/input_Warna_variasi101' is checked

2023-10-04 19:56:43 - [TEST_STEP][PASSED] - check(findTestObject("Object Repository/keranjang/input_Warna_variasi101")): Object 'Object Repository/keranjang/input_Warna_variasi101' is checked

2023-10-04 19:56:44 - [MESSAGE][PASSED] - Object 'Object Repository/keranjang/input_Warna_variasi101' is checked

2023-10-04 19:56:44 - [TEST_STEP][PASSED] - if (toString().equalsIgnoreCase("Menengah")): Object 'Object Repository/keranjang/input_Ukuran_variasi201' is checked

2023-10-04 19:56:44 - [TEST_STEP][PASSED] - check(findTestObject("Object Repository/keranjang/input_Ukuran_variasi201")): Object 'Object Repository/keranjang/input_Ukuran_variasi201' is checked

2023-10-04 19:56:44 - [MESSAGE][PASSED] - Object 'Object Repository/keranjang/input_Ukuran_variasi201' is checked

2023-10-04 19:56:44 - [TEST_STEP][PASSED] - data.put("Warna", warna): null

2023-10-04 19:56:44 - [TEST_STEP][PASSED] - data.put("Ukuran", ukuran): null

2023-10-04 19:56:44 - [TEST_STEP][PASSED] - click(findTestObject("keranjang/button_Lanjut ke Pembayaran")): Object: 'Object Repository/keranjang/button_Lanjut ke Pembayaran' is clicked on

2023-10-04 19:56:46 - [MESSAGE][PASSED] - Object: 'Object Repository/keranjang/button_Lanjut ke Pembayaran' is clicked on

2023-10-04 19:56:46 - [TEST_STEP][PASSED] - verifyElementPresent(findTestObject("checkout/Tittle Checkout Order"), 0): Object 'Object Repository/checkout/Tittle Checkout Order' is present

2023-10-04 19:56:46 - [MESSAGE][WARNING] - Timeout '0' is invalid. Using default page load timeout: '30'

2023-10-04 19:56:46 - [MESSAGE][PASSED] - Object 'Object Repository/checkout/Tittle Checkout Order' is present

2023-10-04 19:56:46 - [TEST_STEP][PASSED] - name_product = data.get("nama_barang"): null

2023-10-04 19:56:46 - [TEST_STEP][PASSED] - price_product = data.get("price_barang"): null

2023-10-04 19:56:46 - [TEST_STEP][PASSED] - assert name_product == NamaKeranjang: null

2023-10-04 19:56:46 - [TEST_STEP][PASSED] - assert price_product == HargaKeranjang: null

2023-10-04 19:56:46 - [TEST_STEP][PASSED] - return data: null

2023-10-04 19:56:46 - [MESSAGE][PASSED] - Call Test Case 'Test Cases/T13 Pembelian, Shipment dan Pembayaran/PBL-002' successfully

2023-10-04 19:56:46 - [TEST_STEP][PASSED] - warnaa = getText(findTestObject("verifikasi/warna Merah")): Text of object 'Object Repository/verifikasi/warna Merah' is: 'Merah'

2023-10-04 19:56:47 - [MESSAGE][PASSED] - Text of object 'Object Repository/verifikasi/warna Merah' is: 'Merah'

2023-10-04 19:56:47 - [TEST_STEP][PASSED] - ukurann = getText(findTestObject("verifikasi/Ukuran Menengah")): Text of object 'Object Repository/verifikasi/Ukuran Menengah' is: 'Menengah'

2023-10-04 19:56:47 - [MESSAGE][PASSED] - Text of object 'Object Repository/verifikasi/Ukuran Menengah' is: 'Menengah'

2023-10-04 19:56:47 - [TEST_STEP][PASSED] - warna1 = data.get("Warna"): null

2023-10-04 19:56:47 - [TEST_STEP][PASSED] - ukuran1 = data.get("Ukuran"): null

2023-10-04 19:56:47 - [TEST_STEP][PASSED] - assert warnaa == warna1: null

2023-10-04 19:56:47 - [TEST_STEP][PASSED] - assert ukurann == ukuran1: null

2023-10-04 19:56:47 - [TEST_STEP][PASSED] - NamaCheckout = getText(findTestObject("verifikasi/NamaCheckout")): Text of object 'Object Repository/verifikasi/NamaCheckout' is: ''

2023-10-04 19:56:47 - [MESSAGE][PASSED] - Text of object 'Object Repository/verifikasi/NamaCheckout' is: ''

2023-10-04 19:56:47 - [TEST_STEP][PASSED] - HargaCheckout = getText(findTestObject("verifikasi/HargaCheckout")): Text of object 'Object Repository/verifikasi/HargaCheckout' is: '1,299'

2023-10-04 19:56:48 - [MESSAGE][PASSED] - Text of object 'Object Repository/verifikasi/HargaCheckout' is: '1,299'

2023-10-04 19:56:48 - [TEST_STEP][PASSED] - name_product = data.get("nama_barang"): null

2023-10-04 19:56:48 - [TEST_STEP][PASSED] - price_product = data.get("price_barang"): null

2023-10-04 19:56:48 - [TEST_STEP][PASSED] - assert name_product.contains(NamaCheckout): null

2023-10-04 19:56:48 - [TEST_STEP][PASSED] - assert price_product.contains(HargaCheckout): null

2023-10-04 19:56:48 - [TEST_STEP][PASSED] - selectOptionByLabel(findTestObject("checkout/select - Kirim via Kurir Lokal"), Kurir, false): All options with label 'Roda 2' are selected in object 'Object Repository/checkout/select - Kirim via Kurir Lokal' 

2023-10-04 19:56:49 - [MESSAGE][PASSED] - All options with label 'Roda 2' are selected in object 'Object Repository/checkout/select - Kirim via Kurir Lokal' 

2023-10-04 19:56:49 - [TEST_STEP][PASSED] - click(findTestObject("checkout/Kendaraan Kurir")): Object: 'Object Repository/checkout/Kendaraan Kurir' is clicked on

2023-10-04 19:56:49 - [MESSAGE][PASSED] - Object: 'Object Repository/checkout/Kendaraan Kurir' is clicked on

2023-10-04 19:56:49 - [TEST_STEP][PASSED] - OngkosKirim = getText(findTestObject("Object Repository/verifikasi/Ongkos Kirim checkout")): Text of object 'Object Repository/verifikasi/Ongkos Kirim checkout' is: 'Rp. 5,000'

2023-10-04 19:56:50 - [MESSAGE][PASSED] - Text of object 'Object Repository/verifikasi/Ongkos Kirim checkout' is: 'Rp. 5,000'

2023-10-04 19:56:50 - [TEST_STEP][PASSED] - Ongkos = OngkosKirim.substring(3, OngkosKirim.size()): null

2023-10-04 19:56:50 - [TEST_STEP][PASSED] - rep = Ongkos.replace(",", "."): null

2023-10-04 19:56:50 - [TEST_STEP][PASSED] - Ongkos_kirim = Double.parseDouble(rep): null

2023-10-04 19:56:50 - [TEST_STEP][PASSED] - println(Ongkos_kirim): null

2023-10-04 19:56:50 - [TEST_STEP][PASSED] - FeeAdmin = getText(findTestObject("verifikasi/Fee Admin checkout")): Text of object 'Object Repository/verifikasi/Fee Admin checkout' is: 'Fee Admin
Rp 1,500'

2023-10-04 19:56:50 - [MESSAGE][PASSED] - Text of object 'Object Repository/verifikasi/Fee Admin checkout' is: 'Fee Admin
Rp 1,500'

2023-10-04 19:56:50 - [TEST_STEP][PASSED] - Fee_Admin = FeeAdmin.substring(12, FeeAdmin.size()): null

2023-10-04 19:56:50 - [TEST_STEP][PASSED] - fee = Fee_Admin.replace(",", "."): null

2023-10-04 19:56:50 - [TEST_STEP][PASSED] - fee_admin = Double.parseDouble(fee): null

2023-10-04 19:56:50 - [TEST_STEP][PASSED] - println(fee_admin): null

2023-10-04 19:56:50 - [TEST_STEP][PASSED] - Subtotal = getText(findTestObject("verifikasi/subtotal checkout")): Text of object 'Object Repository/verifikasi/subtotal checkout' is: 'Subtotal
Rp 1,299'

2023-10-04 19:56:50 - [MESSAGE][PASSED] - Text of object 'Object Repository/verifikasi/subtotal checkout' is: 'Subtotal
Rp 1,299'

2023-10-04 19:56:50 - [TEST_STEP][PASSED] - sub_total = Subtotal.substring(12, Subtotal.size()): null

2023-10-04 19:56:50 - [TEST_STEP][PASSED] - sub = sub_total.replace(",", "."): null

2023-10-04 19:56:50 - [TEST_STEP][PASSED] - sub_total = Double.parseDouble(sub): null

2023-10-04 19:56:50 - [TEST_STEP][PASSED] - println(sub_total): null

2023-10-04 19:56:50 - [TEST_STEP][PASSED] - Total = getText(findTestObject("verifikasi/Total checkout")): Text of object 'Object Repository/verifikasi/Total checkout' is: 'Rp 7,799'

2023-10-04 19:56:51 - [MESSAGE][PASSED] - Text of object 'Object Repository/verifikasi/Total checkout' is: 'Rp 7,799'

2023-10-04 19:56:51 - [TEST_STEP][PASSED] - totall = Total.substring(3, Total.size()): null

2023-10-04 19:56:51 - [TEST_STEP][PASSED] - total = totall.replace(",", "."): null

2023-10-04 19:56:51 - [TEST_STEP][PASSED] - totall = Double.parseDouble(total): null

2023-10-04 19:56:51 - [TEST_STEP][PASSED] - println(totall): null

2023-10-04 19:56:51 - [TEST_STEP][PASSED] - Total_Harga = Ongkos_kirim + fee_admin + sub_total: null

2023-10-04 19:56:51 - [TEST_STEP][PASSED] - println(Total_Harga): null

2023-10-04 19:56:51 - [TEST_STEP][PASSED] - TotalHarga = Math.round(Total_Harga * 1000) / 1000: null

2023-10-04 19:56:51 - [TEST_STEP][PASSED] - println(TotalHarga): null

2023-10-04 19:56:51 - [TEST_STEP][PASSED] - assert totall == TotalHarga: null

2023-10-04 19:56:51 - [TEST_STEP][PASSED] - click(findTestObject("verifikasi/Metode Transfer")): Object: 'Object Repository/verifikasi/Metode Transfer' is clicked on

2023-10-04 19:56:51 - [MESSAGE][PASSED] - Object: 'Object Repository/verifikasi/Metode Transfer' is clicked on

2023-10-04 19:56:51 - [TEST_STEP][PASSED] - click(findTestObject("checkout/button_Proses Pembayaran")): Object: 'Object Repository/checkout/button_Proses Pembayaran' is clicked on

2023-10-04 19:56:57 - [MESSAGE][PASSED] - Object: 'Object Repository/checkout/button_Proses Pembayaran' is clicked on

2023-10-04 19:56:57 - [TEST_STEP][PASSED] - verifyElementPresent(findTestObject("pembayaran/Tittle nomor invoice"), 0): Object 'Object Repository/pembayaran/Tittle nomor invoice' is present

2023-10-04 19:56:57 - [MESSAGE][WARNING] - Timeout '0' is invalid. Using default page load timeout: '30'

2023-10-04 19:57:04 - [MESSAGE][PASSED] - Object 'Object Repository/pembayaran/Tittle nomor invoice' is present

2023-10-04 19:57:04 - [TEST_STEP][PASSED] - return data: null

2023-10-04 19:57:04 - [MESSAGE][PASSED] - Call Test Case 'Test Cases/T13 Pembelian, Shipment dan Pembayaran/PBL-004' successfully

2023-10-04 19:57:04 - [TEST_STEP][PASSED] - Invoice = getText(findTestObject("pembayaran/nomor invoice")): Text of object 'Object Repository/pembayaran/nomor invoice' is: 'TRX60.20231004195653'

2023-10-04 19:57:05 - [MESSAGE][PASSED] - Text of object 'Object Repository/pembayaran/nomor invoice' is: 'TRX60.20231004195653'

2023-10-04 19:57:05 - [TEST_STEP][PASSED] - data.put("invoice", Invoice): null

2023-10-04 19:57:05 - [TEST_STEP][PASSED] - NamaPemesan = getText(findTestObject("Konfirmasi pesanan shop/Nama pemesan")): Text of object 'Object Repository/Konfirmasi pesanan shop/Nama pemesan' is: 'irfan.afandi'

2023-10-04 19:57:05 - [MESSAGE][PASSED] - Text of object 'Object Repository/Konfirmasi pesanan shop/Nama pemesan' is: 'irfan.afandi'

2023-10-04 19:57:05 - [TEST_STEP][PASSED] - Nama = getText(findTestObject("pembayaran/Nama barang")): Text of object 'Object Repository/pembayaran/Nama barang' is: 'Segitiga Instan Madeira - MDB5.3 Sunset'

2023-10-04 19:57:06 - [MESSAGE][PASSED] - Text of object 'Object Repository/pembayaran/Nama barang' is: 'Segitiga Instan Madeira - MDB5.3 Sunset'

2023-10-04 19:57:06 - [TEST_STEP][PASSED] - Harga = getText(findTestObject("pembayaran/Harga barang")): Text of object 'Object Repository/pembayaran/Harga barang' is: '1,299'

2023-10-04 19:57:06 - [MESSAGE][PASSED] - Text of object 'Object Repository/pembayaran/Harga barang' is: '1,299'

2023-10-04 19:57:06 - [TEST_STEP][PASSED] - name_product = data.get("nama_barang"): null

2023-10-04 19:57:06 - [TEST_STEP][PASSED] - price_product = data.get("price_barang"): null

2023-10-04 19:57:06 - [TEST_STEP][PASSED] - assert name_product.contains(Nama): null

2023-10-04 19:57:06 - [TEST_STEP][PASSED] - assert price_product.contains(Harga): null

2023-10-04 19:57:06 - [TEST_STEP][PASSED] - warnaa = getText(findTestObject("pembayaran/warna")): Text of object 'Object Repository/pembayaran/warna' is: 'Merah'

2023-10-04 19:57:07 - [MESSAGE][PASSED] - Text of object 'Object Repository/pembayaran/warna' is: 'Merah'

2023-10-04 19:57:07 - [TEST_STEP][PASSED] - ukurann = getText(findTestObject("pembayaran/ukuran")): Text of object 'Object Repository/pembayaran/ukuran' is: 'Menengah'

2023-10-04 19:57:07 - [MESSAGE][PASSED] - Text of object 'Object Repository/pembayaran/ukuran' is: 'Menengah'

2023-10-04 19:57:07 - [TEST_STEP][PASSED] - warna1 = data.get("Warna"): null

2023-10-04 19:57:07 - [TEST_STEP][PASSED] - ukuran1 = data.get("Ukuran"): null

2023-10-04 19:57:07 - [TEST_STEP][PASSED] - assert warnaa == warna1: null

2023-10-04 19:57:07 - [TEST_STEP][PASSED] - assert ukurann == ukuran1: null

2023-10-04 19:57:07 - [TEST_STEP][PASSED] - statusPembelian = getText(findTestObject("verifikasi/Status pending di pembelian")): Text of object 'Object Repository/verifikasi/Status pending di pembelian' is: 'Pending'

2023-10-04 19:57:08 - [MESSAGE][PASSED] - Text of object 'Object Repository/verifikasi/Status pending di pembelian' is: 'Pending'

2023-10-04 19:57:08 - [TEST_STEP][PASSED] - data.put("statusPem", statusPembelian): null

2023-10-04 19:57:08 - [TEST_STEP][PASSED] - OngkosKirim = getText(findTestObject("pembayaran/ongkos kirim")): Text of object 'Object Repository/pembayaran/ongkos kirim' is: 'Rp 5,000'

2023-10-04 19:57:08 - [MESSAGE][PASSED] - Text of object 'Object Repository/pembayaran/ongkos kirim' is: 'Rp 5,000'

2023-10-04 19:57:08 - [TEST_STEP][PASSED] - Ongkos = OngkosKirim.substring(3, OngkosKirim.size()): null

2023-10-04 19:57:08 - [TEST_STEP][PASSED] - rep = Ongkos.replace(",", ""): null

2023-10-04 19:57:08 - [TEST_STEP][PASSED] - Ongkos_kirimm = Integer.parseInt(rep): null

2023-10-04 19:57:08 - [TEST_STEP][PASSED] - println(Ongkos_kirimm): null

2023-10-04 19:57:08 - [TEST_STEP][PASSED] - FeeAdmin = getText(findTestObject("pembayaran/fee admin")): Text of object 'Object Repository/pembayaran/fee admin' is: 'Rp 1,500'

2023-10-04 19:57:09 - [MESSAGE][PASSED] - Text of object 'Object Repository/pembayaran/fee admin' is: 'Rp 1,500'

2023-10-04 19:57:09 - [TEST_STEP][PASSED] - Fee_Admin = FeeAdmin.substring(3, FeeAdmin.size()): null

2023-10-04 19:57:09 - [TEST_STEP][PASSED] - fee = Fee_Admin.replace(",", ""): null

2023-10-04 19:57:09 - [TEST_STEP][PASSED] - fee_adminn = Integer.parseInt(fee): null

2023-10-04 19:57:09 - [TEST_STEP][PASSED] - println(fee_adminn): null

2023-10-04 19:57:09 - [TEST_STEP][PASSED] - Subtotal = getText(findTestObject("pembayaran/subtotal")): Text of object 'Object Repository/pembayaran/subtotal' is: 'Rp 1,299'

2023-10-04 19:57:09 - [MESSAGE][PASSED] - Text of object 'Object Repository/pembayaran/subtotal' is: 'Rp 1,299'

2023-10-04 19:57:09 - [TEST_STEP][PASSED] - sub_total = Subtotal.substring(3, Subtotal.size()): null

2023-10-04 19:57:09 - [TEST_STEP][PASSED] - sub = sub_total.replace(",", ""): null

2023-10-04 19:57:09 - [TEST_STEP][PASSED] - sub_totall = Integer.parseInt(sub): null

2023-10-04 19:57:09 - [TEST_STEP][PASSED] - println(sub_totall): null

2023-10-04 19:57:09 - [TEST_STEP][PASSED] - unik = getText(findTestObject("pembayaran/kode unik")): Text of object 'Object Repository/pembayaran/kode unik' is: '+653'

2023-10-04 19:57:10 - [MESSAGE][PASSED] - Text of object 'Object Repository/pembayaran/kode unik' is: '+653'

2023-10-04 19:57:10 - [TEST_STEP][PASSED] - unikk = unik.replace("+", ""): null

2023-10-04 19:57:10 - [TEST_STEP][PASSED] - kode_unik = Integer.parseInt(unikk): null

2023-10-04 19:57:10 - [TEST_STEP][PASSED] - println(kode_unik): null

2023-10-04 19:57:10 - [TEST_STEP][PASSED] - Total = getText(findTestObject("pembayaran/total")): Text of object 'Object Repository/pembayaran/total' is: '8,452'

2023-10-04 19:57:10 - [MESSAGE][PASSED] - Text of object 'Object Repository/pembayaran/total' is: '8,452'

2023-10-04 19:57:10 - [TEST_STEP][PASSED] - total = Total.replace(",", ""): null

2023-10-04 19:57:10 - [TEST_STEP][PASSED] - totalll = Integer.parseInt(total): null

2023-10-04 19:57:10 - [TEST_STEP][PASSED] - println(totalll): null

2023-10-04 19:57:10 - [TEST_STEP][PASSED] - Total_Hargaa = Ongkos_kirimm + fee_adminn + sub_totall + kode_unik: null

2023-10-04 19:57:10 - [TEST_STEP][PASSED] - println(Total_Hargaa): null

2023-10-04 19:57:10 - [TEST_STEP][PASSED] - assert totalll == Total_Hargaa: null

2023-10-04 19:57:10 - [TEST_STEP][PASSED] - data.put("total", Total): null

2023-10-04 19:57:10 - [TEST_STEP][PASSED] - data.put("nama", NamaPemesan): null

2023-10-04 19:57:10 - [TEST_STEP][PASSED] - return data: null

2023-10-04 19:57:10 - [MESSAGE][PASSED] - Call Test Case 'Test Cases/T13 Pembelian, Shipment dan Pembayaran/PBY-001' successfully

2023-10-04 19:57:10 - [TEST_STEP][PASSED] - click(findTestObject("Konfirmasi pesanan shop/Menu Shop")): Object: 'Object Repository/Konfirmasi pesanan shop/Menu Shop' is clicked on

2023-10-04 19:57:12 - [MESSAGE][PASSED] - Object: 'Object Repository/Konfirmasi pesanan shop/Menu Shop' is clicked on

2023-10-04 19:57:12 - [TEST_STEP][PASSED] - click(findTestObject("Konfirmasi pesanan shop/Menu Shop")): Object: 'Object Repository/Konfirmasi pesanan shop/Menu Shop' is clicked on

2023-10-04 19:57:13 - [MESSAGE][PASSED] - Object: 'Object Repository/Konfirmasi pesanan shop/Menu Shop' is clicked on

2023-10-04 19:57:13 - [TEST_STEP][PASSED] - click(findTestObject("verifikasi/Orders Report")): Object: 'Object Repository/verifikasi/Orders Report' is clicked on

2023-10-04 19:57:14 - [MESSAGE][PASSED] - Object: 'Object Repository/verifikasi/Orders Report' is clicked on

2023-10-04 19:57:14 - [TEST_STEP][PASSED] - verifyElementPresent(findTestObject("Login/li_Profile"), 0): Object 'Object Repository/Login/li_Profile' is present

2023-10-04 19:57:14 - [MESSAGE][WARNING] - Timeout '0' is invalid. Using default page load timeout: '30'

2023-10-04 19:57:15 - [MESSAGE][PASSED] - Object 'Object Repository/Login/li_Profile' is present

2023-10-04 19:57:15 - [TEST_STEP][PASSED] - click(findTestObject("verifikasi/Menunggu Pembayaran")): Object: 'Object Repository/verifikasi/Menunggu Pembayaran' is clicked on

2023-10-04 19:57:16 - [MESSAGE][PASSED] - Object: 'Object Repository/verifikasi/Menunggu Pembayaran' is clicked on

2023-10-04 19:57:16 - [TEST_STEP][PASSED] - verifyElementPresent(findTestObject("verifikasi/Notifikasi angka"), 1): Object 'Object Repository/verifikasi/Notifikasi angka' is present

2023-10-04 19:57:17 - [MESSAGE][PASSED] - Object 'Object Repository/verifikasi/Notifikasi angka' is present

2023-10-04 19:57:17 - [TEST_STEP][PASSED] - statusMenunggu = getText(findTestObject("verifikasi/Status Pending di menunggu pembayaran")): Text of object 'Object Repository/verifikasi/Status Pending di menunggu pembayaran' is: 'Pending'

2023-10-04 19:57:17 - [MESSAGE][PASSED] - Text of object 'Object Repository/verifikasi/Status Pending di menunggu pembayaran' is: 'Pending'

2023-10-04 19:57:17 - [TEST_STEP][PASSED] - statusPembayaran = data.get("statusPem"): null

2023-10-04 19:57:17 - [TEST_STEP][PASSED] - assert statusMenunggu == statusPembayaran: null

2023-10-04 19:57:17 - [TEST_STEP][PASSED] - return data: null]]></system-out>
         <system-err><![CDATA[]]></system-err>
      </testcase>
      <testcase name="Test Cases/T13 Pembelian, Shipment dan Pembayaran/SU-010" time="24.57" classname="Test Cases/T13 Pembelian, Shipment dan Pembayaran/SU-010" status="FAILED">
         <failure type="FAILED" message="Test Cases/T13 Pembelian, Shipment dan Pembayaran/SU-010 FAILED.
Reason:
com.kms.katalon.core.exception.StepFailedException: Call Test Case 'Test Cases/T13 Pembelian, Shipment dan Pembayaran/SA-003' failed
	at com.kms.katalon.core.keyword.builtin.CallTestCaseKeyword$_callTestCase_closure1.doCall(CallTestCaseKeyword.groovy:63)
	at com.kms.katalon.core.keyword.builtin.CallTestCaseKeyword$_callTestCase_closure1.call(CallTestCaseKeyword.groovy)
	at com.kms.katalon.core.keyword.internal.KeywordMain.runKeyword(KeywordMain.groovy:75)
	at com.kms.katalon.core.keyword.builtin.CallTestCaseKeyword.callTestCase(CallTestCaseKeyword.groovy:81)
	at com.kms.katalon.core.keyword.builtin.CallTestCaseKeyword.execute(CallTestCaseKeyword.groovy:44)
	at com.kms.katalon.core.keyword.internal.KeywordExecutor.executeKeywordForPlatform(KeywordExecutor.groovy:74)
	at com.kms.katalon.core.keyword.BuiltinKeywords.callTestCase(BuiltinKeywords.groovy:310)
	at SU-010.run(SU-010:20)
	at com.kms.katalon.core.main.ScriptEngine.run(ScriptEngine.java:194)
	at com.kms.katalon.core.main.ScriptEngine.runScriptAsRawText(ScriptEngine.java:119)
	at com.kms.katalon.core.main.TestCaseExecutor.runScript(TestCaseExecutor.java:448)
	at com.kms.katalon.core.main.TestCaseExecutor.doExecute(TestCaseExecutor.java:439)
	at com.kms.katalon.core.main.TestCaseExecutor.processExecutionPhase(TestCaseExecutor.java:418)
	at com.kms.katalon.core.main.TestCaseExecutor.accessMainPhase(TestCaseExecutor.java:410)
	at com.kms.katalon.core.main.TestCaseExecutor.execute(TestCaseExecutor.java:285)
	at com.kms.katalon.core.common.CommonExecutor.accessTestCaseMainPhase(CommonExecutor.java:65)
	at com.kms.katalon.core.main.TestSuiteExecutor.accessTestSuiteMainPhase(TestSuiteExecutor.java:148)
	at com.kms.katalon.core.main.TestSuiteExecutor.execute(TestSuiteExecutor.java:106)
	at com.kms.katalon.core.main.TestCaseMain.startTestSuite(TestCaseMain.java:187)
	at com.kms.katalon.core.main.TestCaseMain$startTestSuite$0.call(Unknown Source)
	at TempTestSuite1696420804604.run(TempTestSuite1696420804604.groovy:36)
Caused by: com.kms.katalon.core.exception.StepFailedException: Call Test Case 'Test Cases/T13 Pembelian, Shipment dan Pembayaran/SA-002' failed
	at com.kms.katalon.core.keyword.builtin.CallTestCaseKeyword$_callTestCase_closure1.doCall(CallTestCaseKeyword.groovy:63)
	at com.kms.katalon.core.keyword.builtin.CallTestCaseKeyword$_callTestCase_closure1.call(CallTestCaseKeyword.groovy)
	at com.kms.katalon.core.keyword.internal.KeywordMain.runKeyword(KeywordMain.groovy:75)
	at com.kms.katalon.core.keyword.builtin.CallTestCaseKeyword.callTestCase(CallTestCaseKeyword.groovy:81)
	at com.kms.katalon.core.keyword.builtin.CallTestCaseKeyword.execute(CallTestCaseKeyword.groovy:44)
	at com.kms.katalon.core.keyword.internal.KeywordExecutor.executeKeywordForPlatform(KeywordExecutor.groovy:74)
	at com.kms.katalon.core.keyword.BuiltinKeywords.callTestCase(BuiltinKeywords.groovy:310)
	at SA-003.run(SA-003:20)
	at com.kms.katalon.core.main.ScriptEngine.run(ScriptEngine.java:194)
	at com.kms.katalon.core.main.ScriptEngine.runScriptAsRawText(ScriptEngine.java:119)
	at com.kms.katalon.core.main.TestCaseExecutor.runScript(TestCaseExecutor.java:448)
	at com.kms.katalon.core.main.TestCaseExecutor.doExecute(TestCaseExecutor.java:439)
	at com.kms.katalon.core.main.TestCaseExecutor.processExecutionPhase(TestCaseExecutor.java:418)
	at com.kms.katalon.core.main.TestCaseExecutor.accessMainPhase(TestCaseExecutor.java:410)
	at com.kms.katalon.core.main.TestCaseExecutor.execute(TestCaseExecutor.java:285)
	at com.kms.katalon.core.main.TestCaseMain.runTestCase(TestCaseMain.java:144)
	at com.kms.katalon.core.keyword.builtin.CallTestCaseKeyword$_callTestCase_closure1.doCall(CallTestCaseKeyword.groovy:59)
	... 20 more
Caused by: com.kms.katalon.core.exception.StepFailedException: Call Test Case 'Test Cases/T13 Pembelian, Shipment dan Pembayaran/SA-001' failed
	at com.kms.katalon.core.keyword.builtin.CallTestCaseKeyword$_callTestCase_closure1.doCall(CallTestCaseKeyword.groovy:63)
	at com.kms.katalon.core.keyword.builtin.CallTestCaseKeyword$_callTestCase_closure1.call(CallTestCaseKeyword.groovy)
	at com.kms.katalon.core.keyword.internal.KeywordMain.runKeyword(KeywordMain.groovy:75)
	at com.kms.katalon.core.keyword.builtin.CallTestCaseKeyword.callTestCase(CallTestCaseKeyword.groovy:81)
	at com.kms.katalon.core.keyword.builtin.CallTestCaseKeyword.execute(CallTestCaseKeyword.groovy:44)
	at com.kms.katalon.core.keyword.internal.KeywordExecutor.executeKeywordForPlatform(KeywordExecutor.groovy:74)
	at com.kms.katalon.core.keyword.BuiltinKeywords.callTestCase(BuiltinKeywords.groovy:310)
	at SA-002.run(SA-002:20)
	at com.kms.katalon.core.main.ScriptEngine.run(ScriptEngine.java:194)
	at com.kms.katalon.core.main.ScriptEngine.runScriptAsRawText(ScriptEngine.java:119)
	at com.kms.katalon.core.main.TestCaseExecutor.runScript(TestCaseExecutor.java:448)
	at com.kms.katalon.core.main.TestCaseExecutor.doExecute(TestCaseExecutor.java:439)
	at com.kms.katalon.core.main.TestCaseExecutor.processExecutionPhase(TestCaseExecutor.java:418)
	at com.kms.katalon.core.main.TestCaseExecutor.accessMainPhase(TestCaseExecutor.java:410)
	at com.kms.katalon.core.main.TestCaseExecutor.execute(TestCaseExecutor.java:285)
	at com.kms.katalon.core.main.TestCaseMain.runTestCase(TestCaseMain.java:144)
	at com.kms.katalon.core.keyword.builtin.CallTestCaseKeyword$_callTestCase_closure1.doCall(CallTestCaseKeyword.groovy:59)
	... 36 more
Caused by: com.kms.katalon.core.exception.StepFailedException: Call Test Case 'Test Cases/T13 Pembelian, Shipment dan Pembayaran/PBYA-001' failed
	at com.kms.katalon.core.keyword.builtin.CallTestCaseKeyword$_callTestCase_closure1.doCall(CallTestCaseKeyword.groovy:63)
	at com.kms.katalon.core.keyword.builtin.CallTestCaseKeyword$_callTestCase_closure1.call(CallTestCaseKeyword.groovy)
	at com.kms.katalon.core.keyword.internal.KeywordMain.runKeyword(KeywordMain.groovy:75)
	at com.kms.katalon.core.keyword.builtin.CallTestCaseKeyword.callTestCase(CallTestCaseKeyword.groovy:81)
	at com.kms.katalon.core.keyword.builtin.CallTestCaseKeyword.execute(CallTestCaseKeyword.groovy:44)
	at com.kms.katalon.core.keyword.internal.KeywordExecutor.executeKeywordForPlatform(KeywordExecutor.groovy:74)
	at com.kms.katalon.core.keyword.BuiltinKeywords.callTestCase(BuiltinKeywords.groovy:310)
	at SA-001.run(SA-001:20)
	at com.kms.katalon.core.main.ScriptEngine.run(ScriptEngine.java:194)
	at com.kms.katalon.core.main.ScriptEngine.runScriptAsRawText(ScriptEngine.java:119)
	at com.kms.katalon.core.main.TestCaseExecutor.runScript(TestCaseExecutor.java:448)
	at com.kms.katalon.core.main.TestCaseExecutor.doExecute(TestCaseExecutor.java:439)
	at com.kms.katalon.core.main.TestCaseExecutor.processExecutionPhase(TestCaseExecutor.java:418)
	at com.kms.katalon.core.main.TestCaseExecutor.accessMainPhase(TestCaseExecutor.java:410)
	at com.kms.katalon.core.main.TestCaseExecutor.execute(TestCaseExecutor.java:285)
	at com.kms.katalon.core.main.TestCaseMain.runTestCase(TestCaseMain.java:144)
	at com.kms.katalon.core.keyword.builtin.CallTestCaseKeyword$_callTestCase_closure1.doCall(CallTestCaseKeyword.groovy:59)
	... 52 more
Caused by: com.kms.katalon.core.exception.StepFailedException: Call Test Case 'Test Cases/T13 Pembelian, Shipment dan Pembayaran/PBY-004' failed
	at com.kms.katalon.core.keyword.builtin.CallTestCaseKeyword$_callTestCase_closure1.doCall(CallTestCaseKeyword.groovy:63)
	at com.kms.katalon.core.keyword.builtin.CallTestCaseKeyword$_callTestCase_closure1.call(CallTestCaseKeyword.groovy)
	at com.kms.katalon.core.keyword.internal.KeywordMain.runKeyword(KeywordMain.groovy:75)
	at com.kms.katalon.core.keyword.builtin.CallTestCaseKeyword.callTestCase(CallTestCaseKeyword.groovy:81)
	at com.kms.katalon.core.keyword.builtin.CallTestCaseKeyword.execute(CallTestCaseKeyword.groovy:44)
	at com.kms.katalon.core.keyword.internal.KeywordExecutor.executeKeywordForPlatform(KeywordExecutor.groovy:74)
	at com.kms.katalon.core.keyword.BuiltinKeywords.callTestCase(BuiltinKeywords.groovy:310)
	at PBYA-001.run(PBYA-001:20)
	at com.kms.katalon.core.main.ScriptEngine.run(ScriptEngine.java:194)
	at com.kms.katalon.core.main.ScriptEngine.runScriptAsRawText(ScriptEngine.java:119)
	at com.kms.katalon.core.main.TestCaseExecutor.runScript(TestCaseExecutor.java:448)
	at com.kms.katalon.core.main.TestCaseExecutor.doExecute(TestCaseExecutor.java:439)
	at com.kms.katalon.core.main.TestCaseExecutor.processExecutionPhase(TestCaseExecutor.java:418)
	at com.kms.katalon.core.main.TestCaseExecutor.accessMainPhase(TestCaseExecutor.java:410)
	at com.kms.katalon.core.main.TestCaseExecutor.execute(TestCaseExecutor.java:285)
	at com.kms.katalon.core.main.TestCaseMain.runTestCase(TestCaseMain.java:144)
	at com.kms.katalon.core.keyword.builtin.CallTestCaseKeyword$_callTestCase_closure1.doCall(CallTestCaseKeyword.groovy:59)
	... 68 more
Caused by: com.kms.katalon.core.exception.StepFailedException: Call Test Case 'Test Cases/T13 Pembelian, Shipment dan Pembayaran/PBY-001' failed
	at com.kms.katalon.core.keyword.builtin.CallTestCaseKeyword$_callTestCase_closure1.doCall(CallTestCaseKeyword.groovy:63)
	at com.kms.katalon.core.keyword.builtin.CallTestCaseKeyword$_callTestCase_closure1.call(CallTestCaseKeyword.groovy)
	at com.kms.katalon.core.keyword.internal.KeywordMain.runKeyword(KeywordMain.groovy:75)
	at com.kms.katalon.core.keyword.builtin.CallTestCaseKeyword.callTestCase(CallTestCaseKeyword.groovy:81)
	at com.kms.katalon.core.keyword.builtin.CallTestCaseKeyword.execute(CallTestCaseKeyword.groovy:44)
	at com.kms.katalon.core.keyword.internal.KeywordExecutor.executeKeywordForPlatform(KeywordExecutor.groovy:74)
	at com.kms.katalon.core.keyword.BuiltinKeywords.callTestCase(BuiltinKeywords.groovy:310)
	at PBY-004.run(PBY-004:20)
	at com.kms.katalon.core.main.ScriptEngine.run(ScriptEngine.java:194)
	at com.kms.katalon.core.main.ScriptEngine.runScriptAsRawText(ScriptEngine.java:119)
	at com.kms.katalon.core.main.TestCaseExecutor.runScript(TestCaseExecutor.java:448)
	at com.kms.katalon.core.main.TestCaseExecutor.doExecute(TestCaseExecutor.java:439)
	at com.kms.katalon.core.main.TestCaseExecutor.processExecutionPhase(TestCaseExecutor.java:418)
	at com.kms.katalon.core.main.TestCaseExecutor.accessMainPhase(TestCaseExecutor.java:410)
	at com.kms.katalon.core.main.TestCaseExecutor.execute(TestCaseExecutor.java:285)
	at com.kms.katalon.core.main.TestCaseMain.runTestCase(TestCaseMain.java:144)
	at com.kms.katalon.core.keyword.builtin.CallTestCaseKeyword$_callTestCase_closure1.doCall(CallTestCaseKeyword.groovy:59)
	... 84 more
Caused by: com.kms.katalon.core.exception.StepFailedException: Call Test Case 'Test Cases/T13 Pembelian, Shipment dan Pembayaran/PBL-004' failed
	at com.kms.katalon.core.keyword.builtin.CallTestCaseKeyword$_callTestCase_closure1.doCall(CallTestCaseKeyword.groovy:63)
	at com.kms.katalon.core.keyword.builtin.CallTestCaseKeyword$_callTestCase_closure1.call(CallTestCaseKeyword.groovy)
	at com.kms.katalon.core.keyword.internal.KeywordMain.runKeyword(KeywordMain.groovy:75)
	at com.kms.katalon.core.keyword.builtin.CallTestCaseKeyword.callTestCase(CallTestCaseKeyword.groovy:81)
	at com.kms.katalon.core.keyword.builtin.CallTestCaseKeyword.execute(CallTestCaseKeyword.groovy:44)
	at com.kms.katalon.core.keyword.internal.KeywordExecutor.executeKeywordForPlatform(KeywordExecutor.groovy:74)
	at com.kms.katalon.core.keyword.BuiltinKeywords.callTestCase(BuiltinKeywords.groovy:310)
	at PBY-001.run(PBY-001:20)
	at com.kms.katalon.core.main.ScriptEngine.run(ScriptEngine.java:194)
	at com.kms.katalon.core.main.ScriptEngine.runScriptAsRawText(ScriptEngine.java:119)
	at com.kms.katalon.core.main.TestCaseExecutor.runScript(TestCaseExecutor.java:448)
	at com.kms.katalon.core.main.TestCaseExecutor.doExecute(TestCaseExecutor.java:439)
	at com.kms.katalon.core.main.TestCaseExecutor.processExecutionPhase(TestCaseExecutor.java:418)
	at com.kms.katalon.core.main.TestCaseExecutor.accessMainPhase(TestCaseExecutor.java:410)
	at com.kms.katalon.core.main.TestCaseExecutor.execute(TestCaseExecutor.java:285)
	at com.kms.katalon.core.main.TestCaseMain.runTestCase(TestCaseMain.java:144)
	at com.kms.katalon.core.keyword.builtin.CallTestCaseKeyword$_callTestCase_closure1.doCall(CallTestCaseKeyword.groovy:59)
	... 100 more
Caused by: com.kms.katalon.core.exception.StepFailedException: Call Test Case 'Test Cases/T13 Pembelian, Shipment dan Pembayaran/PBL-002' failed
	at com.kms.katalon.core.keyword.builtin.CallTestCaseKeyword$_callTestCase_closure1.doCall(CallTestCaseKeyword.groovy:63)
	at com.kms.katalon.core.keyword.builtin.CallTestCaseKeyword$_callTestCase_closure1.call(CallTestCaseKeyword.groovy)
	at com.kms.katalon.core.keyword.internal.KeywordMain.runKeyword(KeywordMain.groovy:75)
	at com.kms.katalon.core.keyword.builtin.CallTestCaseKeyword.callTestCase(CallTestCaseKeyword.groovy:81)
	at com.kms.katalon.core.keyword.builtin.CallTestCaseKeyword.execute(CallTestCaseKeyword.groovy:44)
	at com.kms.katalon.core.keyword.internal.KeywordExecutor.executeKeywordForPlatform(KeywordExecutor.groovy:74)
	at com.kms.katalon.core.keyword.BuiltinKeywords.callTestCase(BuiltinKeywords.groovy:310)
	at PBL-004.run(PBL-004:20)
	at com.kms.katalon.core.main.ScriptEngine.run(ScriptEngine.java:194)
	at com.kms.katalon.core.main.ScriptEngine.runScriptAsRawText(ScriptEngine.java:119)
	at com.kms.katalon.core.main.TestCaseExecutor.runScript(TestCaseExecutor.java:448)
	at com.kms.katalon.core.main.TestCaseExecutor.doExecute(TestCaseExecutor.java:439)
	at com.kms.katalon.core.main.TestCaseExecutor.processExecutionPhase(TestCaseExecutor.java:418)
	at com.kms.katalon.core.main.TestCaseExecutor.accessMainPhase(TestCaseExecutor.java:410)
	at com.kms.katalon.core.main.TestCaseExecutor.execute(TestCaseExecutor.java:285)
	at com.kms.katalon.core.main.TestCaseMain.runTestCase(TestCaseMain.java:144)
	at com.kms.katalon.core.keyword.builtin.CallTestCaseKeyword$_callTestCase_closure1.doCall(CallTestCaseKeyword.groovy:59)
	... 116 more
Caused by: com.kms.katalon.core.exception.StepFailedException: Unable to click on object 'Object Repository/beli barang/Lihat Sekarang'
	at com.kms.katalon.core.webui.keyword.internal.WebUIKeywordMain.stepFailed(WebUIKeywordMain.groovy:64)
	at com.kms.katalon.core.webui.keyword.internal.WebUIKeywordMain.runKeyword(WebUIKeywordMain.groovy:26)
	at com.kms.katalon.core.webui.keyword.builtin.ClickKeyword.click(ClickKeyword.groovy:74)
	at com.kms.katalon.core.webui.keyword.builtin.ClickKeyword.execute(ClickKeyword.groovy:40)
	at com.kms.katalon.core.keyword.internal.KeywordExecutor.executeKeywordForPlatform(KeywordExecutor.groovy:74)
	at com.kms.katalon.core.webui.keyword.WebUiBuiltInKeywords.click(WebUiBuiltInKeywords.groovy:620)
	at com.kms.katalon.core.webui.keyword.WebUiBuiltInKeywords$click$2.call(Unknown Source)
	at PBL-002.run(PBL-002:25)
	at com.kms.katalon.core.main.ScriptEngine.run(ScriptEngine.java:194)
	at com.kms.katalon.core.main.ScriptEngine.runScriptAsRawText(ScriptEngine.java:119)
	at com.kms.katalon.core.main.TestCaseExecutor.runScript(TestCaseExecutor.java:448)
	at com.kms.katalon.core.main.TestCaseExecutor.doExecute(TestCaseExecutor.java:439)
	at com.kms.katalon.core.main.TestCaseExecutor.processExecutionPhase(TestCaseExecutor.java:418)
	at com.kms.katalon.core.main.TestCaseExecutor.accessMainPhase(TestCaseExecutor.java:410)
	at com.kms.katalon.core.main.TestCaseExecutor.execute(TestCaseExecutor.java:285)
	at com.kms.katalon.core.main.TestCaseMain.runTestCase(TestCaseMain.java:144)
	at com.kms.katalon.core.keyword.builtin.CallTestCaseKeyword$_callTestCase_closure1.doCall(CallTestCaseKeyword.groovy:59)
	... 132 more
Caused by: org.openqa.selenium.ElementNotInteractableException: Element &lt;a class=&quot;ps-btn ps-btn--fullwidth&quot; href=&quot;https://10.9.2.63/ecommerce/produk/keranjang&quot;> could not be scrolled into view
Build info: version: '3.141.59', revision: 'e82be7d358', time: '2018-11-14T08:25:53'
System info: host: 'DESKTOP-H62FVJ8', ip: '10.9.2.72', os.name: 'Windows 10', os.arch: 'amd64', os.version: '10.0', java.version: '1.8.0_362'
Driver info: com.kms.katalon.core.webui.driver.firefox.CGeckoDriver
Capabilities {acceptInsecureCerts: true, browserName: firefox, browserVersion: 117.0.1, javascriptEnabled: true, moz:accessibilityChecks: false, moz:buildID: 20230912013654, moz:geckodriverVersion: 0.33.0, moz:headless: false, moz:platformVersion: 10.0, moz:processID: 17188, moz:profile: C:\Users\IRFAN\AppData\Loca..., moz:shutdownTimeout: 60000, moz:webdriverClick: true, moz:windowless: false, pageLoadStrategy: normal, platform: WINDOWS, platformName: WINDOWS, proxy: Proxy(direct), setWindowRect: true, strictFileInteractability: false, timeouts: {implicit: 0, pageLoad: 300000, script: 30000}, unhandledPromptBehavior: dismiss and notify}
Session ID: 04cf3b6c-2b0e-450a-a181-9467d554da97
	at org.openqa.selenium.remote.http.W3CHttpResponseCodec.createException(W3CHttpResponseCodec.java:187)
	at org.openqa.selenium.remote.http.W3CHttpResponseCodec.decode(W3CHttpResponseCodec.java:122)
	at org.openqa.selenium.remote.http.W3CHttpResponseCodec.decode(W3CHttpResponseCodec.java:49)
	at org.openqa.selenium.remote.HttpCommandExecutor.execute(HttpCommandExecutor.java:158)
	at org.openqa.selenium.remote.service.DriverCommandExecutor.execute(DriverCommandExecutor.java:83)
	at org.openqa.selenium.remote.RemoteWebDriver.execute(RemoteWebDriver.java:552)
	at com.kms.katalon.selenium.driver.CFirefoxDriver.execute(CFirefoxDriver.java:27)
	at org.openqa.selenium.remote.RemoteWebElement.execute(RemoteWebElement.java:285)
	at org.openqa.selenium.remote.RemoteWebElement.click(RemoteWebElement.java:84)
	at org.openqa.selenium.support.events.EventFiringWebDriver$EventFiringWebElement.lambda$new$0(EventFiringWebDriver.java:404)
	at com.sun.proxy.$Proxy11.click(Unknown Source)
	at org.openqa.selenium.support.events.EventFiringWebDriver$EventFiringWebElement.click(EventFiringWebDriver.java:417)
	at org.openqa.selenium.WebElement$click.call(Unknown Source)
	at com.kms.katalon.core.webui.keyword.builtin.ClickKeyword.clickUntilSuccessWithTimeout(ClickKeyword.groovy:81)
	at com.kms.katalon.core.webui.keyword.builtin.ClickKeyword.clickUntilSuccessWithTimeout(ClickKeyword.groovy)
	at com.kms.katalon.core.webui.keyword.builtin.ClickKeyword$_click_closure1.doCall(ClickKeyword.groovy:67)
	at com.kms.katalon.core.webui.keyword.builtin.ClickKeyword$_click_closure1.call(ClickKeyword.groovy)
	at com.kms.katalon.core.webui.keyword.internal.WebUIKeywordMain.runKeyword(WebUIKeywordMain.groovy:20)
	... 147 more
"/>
         <system-out><![CDATA[2023-10-04 19:57:17 - [TEST_CASE][FAILED] - Test Cases/T13 Pembelian, Shipment dan Pembayaran/SU-010: Test Cases/T13 Pembelian, Shipment dan Pembayaran/SU-010 FAILED.
Reason:
com.kms.katalon.core.exception.StepFailedException: Call Test Case 'Test Cases/T13 Pembelian, Shipment dan Pembayaran/SA-003' failed
	at com.kms.katalon.core.keyword.builtin.CallTestCaseKeyword$_callTestCase_closure1.doCall(CallTestCaseKeyword.groovy:63)
	at com.kms.katalon.core.keyword.builtin.CallTestCaseKeyword$_callTestCase_closure1.call(CallTestCaseKeyword.groovy)
	at com.kms.katalon.core.keyword.internal.KeywordMain.runKeyword(KeywordMain.groovy:75)
	at com.kms.katalon.core.keyword.builtin.CallTestCaseKeyword.callTestCase(CallTestCaseKeyword.groovy:81)
	at com.kms.katalon.core.keyword.builtin.CallTestCaseKeyword.execute(CallTestCaseKeyword.groovy:44)
	at com.kms.katalon.core.keyword.internal.KeywordExecutor.executeKeywordForPlatform(KeywordExecutor.groovy:74)
	at com.kms.katalon.core.keyword.BuiltinKeywords.callTestCase(BuiltinKeywords.groovy:310)
	at SU-010.run(SU-010:20)
	at com.kms.katalon.core.main.ScriptEngine.run(ScriptEngine.java:194)
	at com.kms.katalon.core.main.ScriptEngine.runScriptAsRawText(ScriptEngine.java:119)
	at com.kms.katalon.core.main.TestCaseExecutor.runScript(TestCaseExecutor.java:448)
	at com.kms.katalon.core.main.TestCaseExecutor.doExecute(TestCaseExecutor.java:439)
	at com.kms.katalon.core.main.TestCaseExecutor.processExecutionPhase(TestCaseExecutor.java:418)
	at com.kms.katalon.core.main.TestCaseExecutor.accessMainPhase(TestCaseExecutor.java:410)
	at com.kms.katalon.core.main.TestCaseExecutor.execute(TestCaseExecutor.java:285)
	at com.kms.katalon.core.common.CommonExecutor.accessTestCaseMainPhase(CommonExecutor.java:65)
	at com.kms.katalon.core.main.TestSuiteExecutor.accessTestSuiteMainPhase(TestSuiteExecutor.java:148)
	at com.kms.katalon.core.main.TestSuiteExecutor.execute(TestSuiteExecutor.java:106)
	at com.kms.katalon.core.main.TestCaseMain.startTestSuite(TestCaseMain.java:187)
	at com.kms.katalon.core.main.TestCaseMain$startTestSuite$0.call(Unknown Source)
	at TempTestSuite1696420804604.run(TempTestSuite1696420804604.groovy:36)
Caused by: com.kms.katalon.core.exception.StepFailedException: Call Test Case 'Test Cases/T13 Pembelian, Shipment dan Pembayaran/SA-002' failed
	at com.kms.katalon.core.keyword.builtin.CallTestCaseKeyword$_callTestCase_closure1.doCall(CallTestCaseKeyword.groovy:63)
	at com.kms.katalon.core.keyword.builtin.CallTestCaseKeyword$_callTestCase_closure1.call(CallTestCaseKeyword.groovy)
	at com.kms.katalon.core.keyword.internal.KeywordMain.runKeyword(KeywordMain.groovy:75)
	at com.kms.katalon.core.keyword.builtin.CallTestCaseKeyword.callTestCase(CallTestCaseKeyword.groovy:81)
	at com.kms.katalon.core.keyword.builtin.CallTestCaseKeyword.execute(CallTestCaseKeyword.groovy:44)
	at com.kms.katalon.core.keyword.internal.KeywordExecutor.executeKeywordForPlatform(KeywordExecutor.groovy:74)
	at com.kms.katalon.core.keyword.BuiltinKeywords.callTestCase(BuiltinKeywords.groovy:310)
	at SA-003.run(SA-003:20)
	at com.kms.katalon.core.main.ScriptEngine.run(ScriptEngine.java:194)
	at com.kms.katalon.core.main.ScriptEngine.runScriptAsRawText(ScriptEngine.java:119)
	at com.kms.katalon.core.main.TestCaseExecutor.runScript(TestCaseExecutor.java:448)
	at com.kms.katalon.core.main.TestCaseExecutor.doExecute(TestCaseExecutor.java:439)
	at com.kms.katalon.core.main.TestCaseExecutor.processExecutionPhase(TestCaseExecutor.java:418)
	at com.kms.katalon.core.main.TestCaseExecutor.accessMainPhase(TestCaseExecutor.java:410)
	at com.kms.katalon.core.main.TestCaseExecutor.execute(TestCaseExecutor.java:285)
	at com.kms.katalon.core.main.TestCaseMain.runTestCase(TestCaseMain.java:144)
	at com.kms.katalon.core.keyword.builtin.CallTestCaseKeyword$_callTestCase_closure1.doCall(CallTestCaseKeyword.groovy:59)
	... 20 more
Caused by: com.kms.katalon.core.exception.StepFailedException: Call Test Case 'Test Cases/T13 Pembelian, Shipment dan Pembayaran/SA-001' failed
	at com.kms.katalon.core.keyword.builtin.CallTestCaseKeyword$_callTestCase_closure1.doCall(CallTestCaseKeyword.groovy:63)
	at com.kms.katalon.core.keyword.builtin.CallTestCaseKeyword$_callTestCase_closure1.call(CallTestCaseKeyword.groovy)
	at com.kms.katalon.core.keyword.internal.KeywordMain.runKeyword(KeywordMain.groovy:75)
	at com.kms.katalon.core.keyword.builtin.CallTestCaseKeyword.callTestCase(CallTestCaseKeyword.groovy:81)
	at com.kms.katalon.core.keyword.builtin.CallTestCaseKeyword.execute(CallTestCaseKeyword.groovy:44)
	at com.kms.katalon.core.keyword.internal.KeywordExecutor.executeKeywordForPlatform(KeywordExecutor.groovy:74)
	at com.kms.katalon.core.keyword.BuiltinKeywords.callTestCase(BuiltinKeywords.groovy:310)
	at SA-002.run(SA-002:20)
	at com.kms.katalon.core.main.ScriptEngine.run(ScriptEngine.java:194)
	at com.kms.katalon.core.main.ScriptEngine.runScriptAsRawText(ScriptEngine.java:119)
	at com.kms.katalon.core.main.TestCaseExecutor.runScript(TestCaseExecutor.java:448)
	at com.kms.katalon.core.main.TestCaseExecutor.doExecute(TestCaseExecutor.java:439)
	at com.kms.katalon.core.main.TestCaseExecutor.processExecutionPhase(TestCaseExecutor.java:418)
	at com.kms.katalon.core.main.TestCaseExecutor.accessMainPhase(TestCaseExecutor.java:410)
	at com.kms.katalon.core.main.TestCaseExecutor.execute(TestCaseExecutor.java:285)
	at com.kms.katalon.core.main.TestCaseMain.runTestCase(TestCaseMain.java:144)
	at com.kms.katalon.core.keyword.builtin.CallTestCaseKeyword$_callTestCase_closure1.doCall(CallTestCaseKeyword.groovy:59)
	... 36 more
Caused by: com.kms.katalon.core.exception.StepFailedException: Call Test Case 'Test Cases/T13 Pembelian, Shipment dan Pembayaran/PBYA-001' failed
	at com.kms.katalon.core.keyword.builtin.CallTestCaseKeyword$_callTestCase_closure1.doCall(CallTestCaseKeyword.groovy:63)
	at com.kms.katalon.core.keyword.builtin.CallTestCaseKeyword$_callTestCase_closure1.call(CallTestCaseKeyword.groovy)
	at com.kms.katalon.core.keyword.internal.KeywordMain.runKeyword(KeywordMain.groovy:75)
	at com.kms.katalon.core.keyword.builtin.CallTestCaseKeyword.callTestCase(CallTestCaseKeyword.groovy:81)
	at com.kms.katalon.core.keyword.builtin.CallTestCaseKeyword.execute(CallTestCaseKeyword.groovy:44)
	at com.kms.katalon.core.keyword.internal.KeywordExecutor.executeKeywordForPlatform(KeywordExecutor.groovy:74)
	at com.kms.katalon.core.keyword.BuiltinKeywords.callTestCase(BuiltinKeywords.groovy:310)
	at SA-001.run(SA-001:20)
	at com.kms.katalon.core.main.ScriptEngine.run(ScriptEngine.java:194)
	at com.kms.katalon.core.main.ScriptEngine.runScriptAsRawText(ScriptEngine.java:119)
	at com.kms.katalon.core.main.TestCaseExecutor.runScript(TestCaseExecutor.java:448)
	at com.kms.katalon.core.main.TestCaseExecutor.doExecute(TestCaseExecutor.java:439)
	at com.kms.katalon.core.main.TestCaseExecutor.processExecutionPhase(TestCaseExecutor.java:418)
	at com.kms.katalon.core.main.TestCaseExecutor.accessMainPhase(TestCaseExecutor.java:410)
	at com.kms.katalon.core.main.TestCaseExecutor.execute(TestCaseExecutor.java:285)
	at com.kms.katalon.core.main.TestCaseMain.runTestCase(TestCaseMain.java:144)
	at com.kms.katalon.core.keyword.builtin.CallTestCaseKeyword$_callTestCase_closure1.doCall(CallTestCaseKeyword.groovy:59)
	... 52 more
Caused by: com.kms.katalon.core.exception.StepFailedException: Call Test Case 'Test Cases/T13 Pembelian, Shipment dan Pembayaran/PBY-004' failed
	at com.kms.katalon.core.keyword.builtin.CallTestCaseKeyword$_callTestCase_closure1.doCall(CallTestCaseKeyword.groovy:63)
	at com.kms.katalon.core.keyword.builtin.CallTestCaseKeyword$_callTestCase_closure1.call(CallTestCaseKeyword.groovy)
	at com.kms.katalon.core.keyword.internal.KeywordMain.runKeyword(KeywordMain.groovy:75)
	at com.kms.katalon.core.keyword.builtin.CallTestCaseKeyword.callTestCase(CallTestCaseKeyword.groovy:81)
	at com.kms.katalon.core.keyword.builtin.CallTestCaseKeyword.execute(CallTestCaseKeyword.groovy:44)
	at com.kms.katalon.core.keyword.internal.KeywordExecutor.executeKeywordForPlatform(KeywordExecutor.groovy:74)
	at com.kms.katalon.core.keyword.BuiltinKeywords.callTestCase(BuiltinKeywords.groovy:310)
	at PBYA-001.run(PBYA-001:20)
	at com.kms.katalon.core.main.ScriptEngine.run(ScriptEngine.java:194)
	at com.kms.katalon.core.main.ScriptEngine.runScriptAsRawText(ScriptEngine.java:119)
	at com.kms.katalon.core.main.TestCaseExecutor.runScript(TestCaseExecutor.java:448)
	at com.kms.katalon.core.main.TestCaseExecutor.doExecute(TestCaseExecutor.java:439)
	at com.kms.katalon.core.main.TestCaseExecutor.processExecutionPhase(TestCaseExecutor.java:418)
	at com.kms.katalon.core.main.TestCaseExecutor.accessMainPhase(TestCaseExecutor.java:410)
	at com.kms.katalon.core.main.TestCaseExecutor.execute(TestCaseExecutor.java:285)
	at com.kms.katalon.core.main.TestCaseMain.runTestCase(TestCaseMain.java:144)
	at com.kms.katalon.core.keyword.builtin.CallTestCaseKeyword$_callTestCase_closure1.doCall(CallTestCaseKeyword.groovy:59)
	... 68 more
Caused by: com.kms.katalon.core.exception.StepFailedException: Call Test Case 'Test Cases/T13 Pembelian, Shipment dan Pembayaran/PBY-001' failed
	at com.kms.katalon.core.keyword.builtin.CallTestCaseKeyword$_callTestCase_closure1.doCall(CallTestCaseKeyword.groovy:63)
	at com.kms.katalon.core.keyword.builtin.CallTestCaseKeyword$_callTestCase_closure1.call(CallTestCaseKeyword.groovy)
	at com.kms.katalon.core.keyword.internal.KeywordMain.runKeyword(KeywordMain.groovy:75)
	at com.kms.katalon.core.keyword.builtin.CallTestCaseKeyword.callTestCase(CallTestCaseKeyword.groovy:81)
	at com.kms.katalon.core.keyword.builtin.CallTestCaseKeyword.execute(CallTestCaseKeyword.groovy:44)
	at com.kms.katalon.core.keyword.internal.KeywordExecutor.executeKeywordForPlatform(KeywordExecutor.groovy:74)
	at com.kms.katalon.core.keyword.BuiltinKeywords.callTestCase(BuiltinKeywords.groovy:310)
	at PBY-004.run(PBY-004:20)
	at com.kms.katalon.core.main.ScriptEngine.run(ScriptEngine.java:194)
	at com.kms.katalon.core.main.ScriptEngine.runScriptAsRawText(ScriptEngine.java:119)
	at com.kms.katalon.core.main.TestCaseExecutor.runScript(TestCaseExecutor.java:448)
	at com.kms.katalon.core.main.TestCaseExecutor.doExecute(TestCaseExecutor.java:439)
	at com.kms.katalon.core.main.TestCaseExecutor.processExecutionPhase(TestCaseExecutor.java:418)
	at com.kms.katalon.core.main.TestCaseExecutor.accessMainPhase(TestCaseExecutor.java:410)
	at com.kms.katalon.core.main.TestCaseExecutor.execute(TestCaseExecutor.java:285)
	at com.kms.katalon.core.main.TestCaseMain.runTestCase(TestCaseMain.java:144)
	at com.kms.katalon.core.keyword.builtin.CallTestCaseKeyword$_callTestCase_closure1.doCall(CallTestCaseKeyword.groovy:59)
	... 84 more
Caused by: com.kms.katalon.core.exception.StepFailedException: Call Test Case 'Test Cases/T13 Pembelian, Shipment dan Pembayaran/PBL-004' failed
	at com.kms.katalon.core.keyword.builtin.CallTestCaseKeyword$_callTestCase_closure1.doCall(CallTestCaseKeyword.groovy:63)
	at com.kms.katalon.core.keyword.builtin.CallTestCaseKeyword$_callTestCase_closure1.call(CallTestCaseKeyword.groovy)
	at com.kms.katalon.core.keyword.internal.KeywordMain.runKeyword(KeywordMain.groovy:75)
	at com.kms.katalon.core.keyword.builtin.CallTestCaseKeyword.callTestCase(CallTestCaseKeyword.groovy:81)
	at com.kms.katalon.core.keyword.builtin.CallTestCaseKeyword.execute(CallTestCaseKeyword.groovy:44)
	at com.kms.katalon.core.keyword.internal.KeywordExecutor.executeKeywordForPlatform(KeywordExecutor.groovy:74)
	at com.kms.katalon.core.keyword.BuiltinKeywords.callTestCase(BuiltinKeywords.groovy:310)
	at PBY-001.run(PBY-001:20)
	at com.kms.katalon.core.main.ScriptEngine.run(ScriptEngine.java:194)
	at com.kms.katalon.core.main.ScriptEngine.runScriptAsRawText(ScriptEngine.java:119)
	at com.kms.katalon.core.main.TestCaseExecutor.runScript(TestCaseExecutor.java:448)
	at com.kms.katalon.core.main.TestCaseExecutor.doExecute(TestCaseExecutor.java:439)
	at com.kms.katalon.core.main.TestCaseExecutor.processExecutionPhase(TestCaseExecutor.java:418)
	at com.kms.katalon.core.main.TestCaseExecutor.accessMainPhase(TestCaseExecutor.java:410)
	at com.kms.katalon.core.main.TestCaseExecutor.execute(TestCaseExecutor.java:285)
	at com.kms.katalon.core.main.TestCaseMain.runTestCase(TestCaseMain.java:144)
	at com.kms.katalon.core.keyword.builtin.CallTestCaseKeyword$_callTestCase_closure1.doCall(CallTestCaseKeyword.groovy:59)
	... 100 more
Caused by: com.kms.katalon.core.exception.StepFailedException: Call Test Case 'Test Cases/T13 Pembelian, Shipment dan Pembayaran/PBL-002' failed
	at com.kms.katalon.core.keyword.builtin.CallTestCaseKeyword$_callTestCase_closure1.doCall(CallTestCaseKeyword.groovy:63)
	at com.kms.katalon.core.keyword.builtin.CallTestCaseKeyword$_callTestCase_closure1.call(CallTestCaseKeyword.groovy)
	at com.kms.katalon.core.keyword.internal.KeywordMain.runKeyword(KeywordMain.groovy:75)
	at com.kms.katalon.core.keyword.builtin.CallTestCaseKeyword.callTestCase(CallTestCaseKeyword.groovy:81)
	at com.kms.katalon.core.keyword.builtin.CallTestCaseKeyword.execute(CallTestCaseKeyword.groovy:44)
	at com.kms.katalon.core.keyword.internal.KeywordExecutor.executeKeywordForPlatform(KeywordExecutor.groovy:74)
	at com.kms.katalon.core.keyword.BuiltinKeywords.callTestCase(BuiltinKeywords.groovy:310)
	at PBL-004.run(PBL-004:20)
	at com.kms.katalon.core.main.ScriptEngine.run(ScriptEngine.java:194)
	at com.kms.katalon.core.main.ScriptEngine.runScriptAsRawText(ScriptEngine.java:119)
	at com.kms.katalon.core.main.TestCaseExecutor.runScript(TestCaseExecutor.java:448)
	at com.kms.katalon.core.main.TestCaseExecutor.doExecute(TestCaseExecutor.java:439)
	at com.kms.katalon.core.main.TestCaseExecutor.processExecutionPhase(TestCaseExecutor.java:418)
	at com.kms.katalon.core.main.TestCaseExecutor.accessMainPhase(TestCaseExecutor.java:410)
	at com.kms.katalon.core.main.TestCaseExecutor.execute(TestCaseExecutor.java:285)
	at com.kms.katalon.core.main.TestCaseMain.runTestCase(TestCaseMain.java:144)
	at com.kms.katalon.core.keyword.builtin.CallTestCaseKeyword$_callTestCase_closure1.doCall(CallTestCaseKeyword.groovy:59)
	... 116 more
Caused by: com.kms.katalon.core.exception.StepFailedException: Unable to click on object 'Object Repository/beli barang/Lihat Sekarang'
	at com.kms.katalon.core.webui.keyword.internal.WebUIKeywordMain.stepFailed(WebUIKeywordMain.groovy:64)
	at com.kms.katalon.core.webui.keyword.internal.WebUIKeywordMain.runKeyword(WebUIKeywordMain.groovy:26)
	at com.kms.katalon.core.webui.keyword.builtin.ClickKeyword.click(ClickKeyword.groovy:74)
	at com.kms.katalon.core.webui.keyword.builtin.ClickKeyword.execute(ClickKeyword.groovy:40)
	at com.kms.katalon.core.keyword.internal.KeywordExecutor.executeKeywordForPlatform(KeywordExecutor.groovy:74)
	at com.kms.katalon.core.webui.keyword.WebUiBuiltInKeywords.click(WebUiBuiltInKeywords.groovy:620)
	at com.kms.katalon.core.webui.keyword.WebUiBuiltInKeywords$click$2.call(Unknown Source)
	at PBL-002.run(PBL-002:25)
	at com.kms.katalon.core.main.ScriptEngine.run(ScriptEngine.java:194)
	at com.kms.katalon.core.main.ScriptEngine.runScriptAsRawText(ScriptEngine.java:119)
	at com.kms.katalon.core.main.TestCaseExecutor.runScript(TestCaseExecutor.java:448)
	at com.kms.katalon.core.main.TestCaseExecutor.doExecute(TestCaseExecutor.java:439)
	at com.kms.katalon.core.main.TestCaseExecutor.processExecutionPhase(TestCaseExecutor.java:418)
	at com.kms.katalon.core.main.TestCaseExecutor.accessMainPhase(TestCaseExecutor.java:410)
	at com.kms.katalon.core.main.TestCaseExecutor.execute(TestCaseExecutor.java:285)
	at com.kms.katalon.core.main.TestCaseMain.runTestCase(TestCaseMain.java:144)
	at com.kms.katalon.core.keyword.builtin.CallTestCaseKeyword$_callTestCase_closure1.doCall(CallTestCaseKeyword.groovy:59)
	... 132 more
Caused by: org.openqa.selenium.ElementNotInteractableException: Element <a class="ps-btn ps-btn--fullwidth" href="https://10.9.2.63/ecommerce/produk/keranjang"> could not be scrolled into view
Build info: version: '3.141.59', revision: 'e82be7d358', time: '2018-11-14T08:25:53'
System info: host: 'DESKTOP-H62FVJ8', ip: '10.9.2.72', os.name: 'Windows 10', os.arch: 'amd64', os.version: '10.0', java.version: '1.8.0_362'
Driver info: com.kms.katalon.core.webui.driver.firefox.CGeckoDriver
Capabilities {acceptInsecureCerts: true, browserName: firefox, browserVersion: 117.0.1, javascriptEnabled: true, moz:accessibilityChecks: false, moz:buildID: 20230912013654, moz:geckodriverVersion: 0.33.0, moz:headless: false, moz:platformVersion: 10.0, moz:processID: 17188, moz:profile: C:\Users\IRFAN\AppData\Loca..., moz:shutdownTimeout: 60000, moz:webdriverClick: true, moz:windowless: false, pageLoadStrategy: normal, platform: WINDOWS, platformName: WINDOWS, proxy: Proxy(direct), setWindowRect: true, strictFileInteractability: false, timeouts: {implicit: 0, pageLoad: 300000, script: 30000}, unhandledPromptBehavior: dismiss and notify}
Session ID: 04cf3b6c-2b0e-450a-a181-9467d554da97
	at org.openqa.selenium.remote.http.W3CHttpResponseCodec.createException(W3CHttpResponseCodec.java:187)
	at org.openqa.selenium.remote.http.W3CHttpResponseCodec.decode(W3CHttpResponseCodec.java:122)
	at org.openqa.selenium.remote.http.W3CHttpResponseCodec.decode(W3CHttpResponseCodec.java:49)
	at org.openqa.selenium.remote.HttpCommandExecutor.execute(HttpCommandExecutor.java:158)
	at org.openqa.selenium.remote.service.DriverCommandExecutor.execute(DriverCommandExecutor.java:83)
	at org.openqa.selenium.remote.RemoteWebDriver.execute(RemoteWebDriver.java:552)
	at com.kms.katalon.selenium.driver.CFirefoxDriver.execute(CFirefoxDriver.java:27)
	at org.openqa.selenium.remote.RemoteWebElement.execute(RemoteWebElement.java:285)
	at org.openqa.selenium.remote.RemoteWebElement.click(RemoteWebElement.java:84)
	at org.openqa.selenium.support.events.EventFiringWebDriver$EventFiringWebElement.lambda$new$0(EventFiringWebDriver.java:404)
	at com.sun.proxy.$Proxy11.click(Unknown Source)
	at org.openqa.selenium.support.events.EventFiringWebDriver$EventFiringWebElement.click(EventFiringWebDriver.java:417)
	at org.openqa.selenium.WebElement$click.call(Unknown Source)
	at com.kms.katalon.core.webui.keyword.builtin.ClickKeyword.clickUntilSuccessWithTimeout(ClickKeyword.groovy:81)
	at com.kms.katalon.core.webui.keyword.builtin.ClickKeyword.clickUntilSuccessWithTimeout(ClickKeyword.groovy)
	at com.kms.katalon.core.webui.keyword.builtin.ClickKeyword$_click_closure1.doCall(ClickKeyword.groovy:67)
	at com.kms.katalon.core.webui.keyword.builtin.ClickKeyword$_click_closure1.call(ClickKeyword.groovy)
	at com.kms.katalon.core.webui.keyword.internal.WebUIKeywordMain.runKeyword(WebUIKeywordMain.groovy:20)
	... 147 more


2023-10-04 19:57:18 - [TEST_STEP][FAILED] - data = callTestCase(findTestCase("T13 Pembelian, Shipment dan Pembayaran/SA-003"), [:], STOP_ON_FAILURE): Unable to call Test Case 'Test Cases/T13 Pembelian, Shipment dan Pembayaran/SA-003' (Root cause: com.kms.katalon.core.exception.StepFailedException: Call Test Case 'Test Cases/T13 Pembelian, Shipment dan Pembayaran/SA-003' failed
	at com.kms.katalon.core.keyword.builtin.CallTestCaseKeyword$_callTestCase_closure1.doCall(CallTestCaseKeyword.groovy:63)
	at com.kms.katalon.core.keyword.builtin.CallTestCaseKeyword$_callTestCase_closure1.call(CallTestCaseKeyword.groovy)
	at com.kms.katalon.core.keyword.internal.KeywordMain.runKeyword(KeywordMain.groovy:75)
	at com.kms.katalon.core.keyword.builtin.CallTestCaseKeyword.callTestCase(CallTestCaseKeyword.groovy:81)
	at com.kms.katalon.core.keyword.builtin.CallTestCaseKeyword.execute(CallTestCaseKeyword.groovy:44)
	at com.kms.katalon.core.keyword.internal.KeywordExecutor.executeKeywordForPlatform(KeywordExecutor.groovy:74)
	at com.kms.katalon.core.keyword.BuiltinKeywords.callTestCase(BuiltinKeywords.groovy:310)
	at SU-010.run(SU-010:20)
	at com.kms.katalon.core.main.ScriptEngine.run(ScriptEngine.java:194)
	at com.kms.katalon.core.main.ScriptEngine.runScriptAsRawText(ScriptEngine.java:119)
	at com.kms.katalon.core.main.TestCaseExecutor.runScript(TestCaseExecutor.java:448)
	at com.kms.katalon.core.main.TestCaseExecutor.doExecute(TestCaseExecutor.java:439)
	at com.kms.katalon.core.main.TestCaseExecutor.processExecutionPhase(TestCaseExecutor.java:418)
	at com.kms.katalon.core.main.TestCaseExecutor.accessMainPhase(TestCaseExecutor.java:410)
	at com.kms.katalon.core.main.TestCaseExecutor.execute(TestCaseExecutor.java:285)
	at com.kms.katalon.core.common.CommonExecutor.accessTestCaseMainPhase(CommonExecutor.java:65)
	at com.kms.katalon.core.main.TestSuiteExecutor.accessTestSuiteMainPhase(TestSuiteExecutor.java:148)
	at com.kms.katalon.core.main.TestSuiteExecutor.execute(TestSuiteExecutor.java:106)
	at com.kms.katalon.core.main.TestCaseMain.startTestSuite(TestCaseMain.java:187)
	at com.kms.katalon.core.main.TestCaseMain$startTestSuite$0.call(Unknown Source)
	at TempTestSuite1696420804604.run(TempTestSuite1696420804604.groovy:36)
Caused by: com.kms.katalon.core.exception.StepFailedException: Call Test Case 'Test Cases/T13 Pembelian, Shipment dan Pembayaran/SA-002' failed
	at com.kms.katalon.core.keyword.builtin.CallTestCaseKeyword$_callTestCase_closure1.doCall(CallTestCaseKeyword.groovy:63)
	at com.kms.katalon.core.keyword.builtin.CallTestCaseKeyword$_callTestCase_closure1.call(CallTestCaseKeyword.groovy)
	at com.kms.katalon.core.keyword.internal.KeywordMain.runKeyword(KeywordMain.groovy:75)
	at com.kms.katalon.core.keyword.builtin.CallTestCaseKeyword.callTestCase(CallTestCaseKeyword.groovy:81)
	at com.kms.katalon.core.keyword.builtin.CallTestCaseKeyword.execute(CallTestCaseKeyword.groovy:44)
	at com.kms.katalon.core.keyword.internal.KeywordExecutor.executeKeywordForPlatform(KeywordExecutor.groovy:74)
	at com.kms.katalon.core.keyword.BuiltinKeywords.callTestCase(BuiltinKeywords.groovy:310)
	at SA-003.run(SA-003:20)
	at com.kms.katalon.core.main.ScriptEngine.run(ScriptEngine.java:194)
	at com.kms.katalon.core.main.ScriptEngine.runScriptAsRawText(ScriptEngine.java:119)
	at com.kms.katalon.core.main.TestCaseExecutor.runScript(TestCaseExecutor.java:448)
	at com.kms.katalon.core.main.TestCaseExecutor.doExecute(TestCaseExecutor.java:439)
	at com.kms.katalon.core.main.TestCaseExecutor.processExecutionPhase(TestCaseExecutor.java:418)
	at com.kms.katalon.core.main.TestCaseExecutor.accessMainPhase(TestCaseExecutor.java:410)
	at com.kms.katalon.core.main.TestCaseExecutor.execute(TestCaseExecutor.java:285)
	at com.kms.katalon.core.main.TestCaseMain.runTestCase(TestCaseMain.java:144)
	at com.kms.katalon.core.keyword.builtin.CallTestCaseKeyword$_callTestCase_closure1.doCall(CallTestCaseKeyword.groovy:59)
	... 20 more
Caused by: com.kms.katalon.core.exception.StepFailedException: Call Test Case 'Test Cases/T13 Pembelian, Shipment dan Pembayaran/SA-001' failed
	at com.kms.katalon.core.keyword.builtin.CallTestCaseKeyword$_callTestCase_closure1.doCall(CallTestCaseKeyword.groovy:63)
	at com.kms.katalon.core.keyword.builtin.CallTestCaseKeyword$_callTestCase_closure1.call(CallTestCaseKeyword.groovy)
	at com.kms.katalon.core.keyword.internal.KeywordMain.runKeyword(KeywordMain.groovy:75)
	at com.kms.katalon.core.keyword.builtin.CallTestCaseKeyword.callTestCase(CallTestCaseKeyword.groovy:81)
	at com.kms.katalon.core.keyword.builtin.CallTestCaseKeyword.execute(CallTestCaseKeyword.groovy:44)
	at com.kms.katalon.core.keyword.internal.KeywordExecutor.executeKeywordForPlatform(KeywordExecutor.groovy:74)
	at com.kms.katalon.core.keyword.BuiltinKeywords.callTestCase(BuiltinKeywords.groovy:310)
	at SA-002.run(SA-002:20)
	at com.kms.katalon.core.main.ScriptEngine.run(ScriptEngine.java:194)
	at com.kms.katalon.core.main.ScriptEngine.runScriptAsRawText(ScriptEngine.java:119)
	at com.kms.katalon.core.main.TestCaseExecutor.runScript(TestCaseExecutor.java:448)
	at com.kms.katalon.core.main.TestCaseExecutor.doExecute(TestCaseExecutor.java:439)
	at com.kms.katalon.core.main.TestCaseExecutor.processExecutionPhase(TestCaseExecutor.java:418)
	at com.kms.katalon.core.main.TestCaseExecutor.accessMainPhase(TestCaseExecutor.java:410)
	at com.kms.katalon.core.main.TestCaseExecutor.execute(TestCaseExecutor.java:285)
	at com.kms.katalon.core.main.TestCaseMain.runTestCase(TestCaseMain.java:144)
	at com.kms.katalon.core.keyword.builtin.CallTestCaseKeyword$_callTestCase_closure1.doCall(CallTestCaseKeyword.groovy:59)
	... 36 more
Caused by: com.kms.katalon.core.exception.StepFailedException: Call Test Case 'Test Cases/T13 Pembelian, Shipment dan Pembayaran/PBYA-001' failed
	at com.kms.katalon.core.keyword.builtin.CallTestCaseKeyword$_callTestCase_closure1.doCall(CallTestCaseKeyword.groovy:63)
	at com.kms.katalon.core.keyword.builtin.CallTestCaseKeyword$_callTestCase_closure1.call(CallTestCaseKeyword.groovy)
	at com.kms.katalon.core.keyword.internal.KeywordMain.runKeyword(KeywordMain.groovy:75)
	at com.kms.katalon.core.keyword.builtin.CallTestCaseKeyword.callTestCase(CallTestCaseKeyword.groovy:81)
	at com.kms.katalon.core.keyword.builtin.CallTestCaseKeyword.execute(CallTestCaseKeyword.groovy:44)
	at com.kms.katalon.core.keyword.internal.KeywordExecutor.executeKeywordForPlatform(KeywordExecutor.groovy:74)
	at com.kms.katalon.core.keyword.BuiltinKeywords.callTestCase(BuiltinKeywords.groovy:310)
	at SA-001.run(SA-001:20)
	at com.kms.katalon.core.main.ScriptEngine.run(ScriptEngine.java:194)
	at com.kms.katalon.core.main.ScriptEngine.runScriptAsRawText(ScriptEngine.java:119)
	at com.kms.katalon.core.main.TestCaseExecutor.runScript(TestCaseExecutor.java:448)
	at com.kms.katalon.core.main.TestCaseExecutor.doExecute(TestCaseExecutor.java:439)
	at com.kms.katalon.core.main.TestCaseExecutor.processExecutionPhase(TestCaseExecutor.java:418)
	at com.kms.katalon.core.main.TestCaseExecutor.accessMainPhase(TestCaseExecutor.java:410)
	at com.kms.katalon.core.main.TestCaseExecutor.execute(TestCaseExecutor.java:285)
	at com.kms.katalon.core.main.TestCaseMain.runTestCase(TestCaseMain.java:144)
	at com.kms.katalon.core.keyword.builtin.CallTestCaseKeyword$_callTestCase_closure1.doCall(CallTestCaseKeyword.groovy:59)
	... 52 more
Caused by: com.kms.katalon.core.exception.StepFailedException: Call Test Case 'Test Cases/T13 Pembelian, Shipment dan Pembayaran/PBY-004' failed
	at com.kms.katalon.core.keyword.builtin.CallTestCaseKeyword$_callTestCase_closure1.doCall(CallTestCaseKeyword.groovy:63)
	at com.kms.katalon.core.keyword.builtin.CallTestCaseKeyword$_callTestCase_closure1.call(CallTestCaseKeyword.groovy)
	at com.kms.katalon.core.keyword.internal.KeywordMain.runKeyword(KeywordMain.groovy:75)
	at com.kms.katalon.core.keyword.builtin.CallTestCaseKeyword.callTestCase(CallTestCaseKeyword.groovy:81)
	at com.kms.katalon.core.keyword.builtin.CallTestCaseKeyword.execute(CallTestCaseKeyword.groovy:44)
	at com.kms.katalon.core.keyword.internal.KeywordExecutor.executeKeywordForPlatform(KeywordExecutor.groovy:74)
	at com.kms.katalon.core.keyword.BuiltinKeywords.callTestCase(BuiltinKeywords.groovy:310)
	at PBYA-001.run(PBYA-001:20)
	at com.kms.katalon.core.main.ScriptEngine.run(ScriptEngine.java:194)
	at com.kms.katalon.core.main.ScriptEngine.runScriptAsRawText(ScriptEngine.java:119)
	at com.kms.katalon.core.main.TestCaseExecutor.runScript(TestCaseExecutor.java:448)
	at com.kms.katalon.core.main.TestCaseExecutor.doExecute(TestCaseExecutor.java:439)
	at com.kms.katalon.core.main.TestCaseExecutor.processExecutionPhase(TestCaseExecutor.java:418)
	at com.kms.katalon.core.main.TestCaseExecutor.accessMainPhase(TestCaseExecutor.java:410)
	at com.kms.katalon.core.main.TestCaseExecutor.execute(TestCaseExecutor.java:285)
	at com.kms.katalon.core.main.TestCaseMain.runTestCase(TestCaseMain.java:144)
	at com.kms.katalon.core.keyword.builtin.CallTestCaseKeyword$_callTestCase_closure1.doCall(CallTestCaseKeyword.groovy:59)
	... 68 more
Caused by: com.kms.katalon.core.exception.StepFailedException: Call Test Case 'Test Cases/T13 Pembelian, Shipment dan Pembayaran/PBY-001' failed
	at com.kms.katalon.core.keyword.builtin.CallTestCaseKeyword$_callTestCase_closure1.doCall(CallTestCaseKeyword.groovy:63)
	at com.kms.katalon.core.keyword.builtin.CallTestCaseKeyword$_callTestCase_closure1.call(CallTestCaseKeyword.groovy)
	at com.kms.katalon.core.keyword.internal.KeywordMain.runKeyword(KeywordMain.groovy:75)
	at com.kms.katalon.core.keyword.builtin.CallTestCaseKeyword.callTestCase(CallTestCaseKeyword.groovy:81)
	at com.kms.katalon.core.keyword.builtin.CallTestCaseKeyword.execute(CallTestCaseKeyword.groovy:44)
	at com.kms.katalon.core.keyword.internal.KeywordExecutor.executeKeywordForPlatform(KeywordExecutor.groovy:74)
	at com.kms.katalon.core.keyword.BuiltinKeywords.callTestCase(BuiltinKeywords.groovy:310)
	at PBY-004.run(PBY-004:20)
	at com.kms.katalon.core.main.ScriptEngine.run(ScriptEngine.java:194)
	at com.kms.katalon.core.main.ScriptEngine.runScriptAsRawText(ScriptEngine.java:119)
	at com.kms.katalon.core.main.TestCaseExecutor.runScript(TestCaseExecutor.java:448)
	at com.kms.katalon.core.main.TestCaseExecutor.doExecute(TestCaseExecutor.java:439)
	at com.kms.katalon.core.main.TestCaseExecutor.processExecutionPhase(TestCaseExecutor.java:418)
	at com.kms.katalon.core.main.TestCaseExecutor.accessMainPhase(TestCaseExecutor.java:410)
	at com.kms.katalon.core.main.TestCaseExecutor.execute(TestCaseExecutor.java:285)
	at com.kms.katalon.core.main.TestCaseMain.runTestCase(TestCaseMain.java:144)
	at com.kms.katalon.core.keyword.builtin.CallTestCaseKeyword$_callTestCase_closure1.doCall(CallTestCaseKeyword.groovy:59)
	... 84 more
Caused by: com.kms.katalon.core.exception.StepFailedException: Call Test Case 'Test Cases/T13 Pembelian, Shipment dan Pembayaran/PBL-004' failed
	at com.kms.katalon.core.keyword.builtin.CallTestCaseKeyword$_callTestCase_closure1.doCall(CallTestCaseKeyword.groovy:63)
	at com.kms.katalon.core.keyword.builtin.CallTestCaseKeyword$_callTestCase_closure1.call(CallTestCaseKeyword.groovy)
	at com.kms.katalon.core.keyword.internal.KeywordMain.runKeyword(KeywordMain.groovy:75)
	at com.kms.katalon.core.keyword.builtin.CallTestCaseKeyword.callTestCase(CallTestCaseKeyword.groovy:81)
	at com.kms.katalon.core.keyword.builtin.CallTestCaseKeyword.execute(CallTestCaseKeyword.groovy:44)
	at com.kms.katalon.core.keyword.internal.KeywordExecutor.executeKeywordForPlatform(KeywordExecutor.groovy:74)
	at com.kms.katalon.core.keyword.BuiltinKeywords.callTestCase(BuiltinKeywords.groovy:310)
	at PBY-001.run(PBY-001:20)
	at com.kms.katalon.core.main.ScriptEngine.run(ScriptEngine.java:194)
	at com.kms.katalon.core.main.ScriptEngine.runScriptAsRawText(ScriptEngine.java:119)
	at com.kms.katalon.core.main.TestCaseExecutor.runScript(TestCaseExecutor.java:448)
	at com.kms.katalon.core.main.TestCaseExecutor.doExecute(TestCaseExecutor.java:439)
	at com.kms.katalon.core.main.TestCaseExecutor.processExecutionPhase(TestCaseExecutor.java:418)
	at com.kms.katalon.core.main.TestCaseExecutor.accessMainPhase(TestCaseExecutor.java:410)
	at com.kms.katalon.core.main.TestCaseExecutor.execute(TestCaseExecutor.java:285)
	at com.kms.katalon.core.main.TestCaseMain.runTestCase(TestCaseMain.java:144)
	at com.kms.katalon.core.keyword.builtin.CallTestCaseKeyword$_callTestCase_closure1.doCall(CallTestCaseKeyword.groovy:59)
	... 100 more
Caused by: com.kms.katalon.core.exception.StepFailedException: Call Test Case 'Test Cases/T13 Pembelian, Shipment dan Pembayaran/PBL-002' failed
	at com.kms.katalon.core.keyword.builtin.CallTestCaseKeyword$_callTestCase_closure1.doCall(CallTestCaseKeyword.groovy:63)
	at com.kms.katalon.core.keyword.builtin.CallTestCaseKeyword$_callTestCase_closure1.call(CallTestCaseKeyword.groovy)
	at com.kms.katalon.core.keyword.internal.KeywordMain.runKeyword(KeywordMain.groovy:75)
	at com.kms.katalon.core.keyword.builtin.CallTestCaseKeyword.callTestCase(CallTestCaseKeyword.groovy:81)
	at com.kms.katalon.core.keyword.builtin.CallTestCaseKeyword.execute(CallTestCaseKeyword.groovy:44)
	at com.kms.katalon.core.keyword.internal.KeywordExecutor.executeKeywordForPlatform(KeywordExecutor.groovy:74)
	at com.kms.katalon.core.keyword.BuiltinKeywords.callTestCase(BuiltinKeywords.groovy:310)
	at PBL-004.run(PBL-004:20)
	at com.kms.katalon.core.main.ScriptEngine.run(ScriptEngine.java:194)
	at com.kms.katalon.core.main.ScriptEngine.runScriptAsRawText(ScriptEngine.java:119)
	at com.kms.katalon.core.main.TestCaseExecutor.runScript(TestCaseExecutor.java:448)
	at com.kms.katalon.core.main.TestCaseExecutor.doExecute(TestCaseExecutor.java:439)
	at com.kms.katalon.core.main.TestCaseExecutor.processExecutionPhase(TestCaseExecutor.java:418)
	at com.kms.katalon.core.main.TestCaseExecutor.accessMainPhase(TestCaseExecutor.java:410)
	at com.kms.katalon.core.main.TestCaseExecutor.execute(TestCaseExecutor.java:285)
	at com.kms.katalon.core.main.TestCaseMain.runTestCase(TestCaseMain.java:144)
	at com.kms.katalon.core.keyword.builtin.CallTestCaseKeyword$_callTestCase_closure1.doCall(CallTestCaseKeyword.groovy:59)
	... 116 more
Caused by: com.kms.katalon.core.exception.StepFailedException: Unable to click on object 'Object Repository/beli barang/Lihat Sekarang'
	at com.kms.katalon.core.webui.keyword.internal.WebUIKeywordMain.stepFailed(WebUIKeywordMain.groovy:64)
	at com.kms.katalon.core.webui.keyword.internal.WebUIKeywordMain.runKeyword(WebUIKeywordMain.groovy:26)
	at com.kms.katalon.core.webui.keyword.builtin.ClickKeyword.click(ClickKeyword.groovy:74)
	at com.kms.katalon.core.webui.keyword.builtin.ClickKeyword.execute(ClickKeyword.groovy:40)
	at com.kms.katalon.core.keyword.internal.KeywordExecutor.executeKeywordForPlatform(KeywordExecutor.groovy:74)
	at com.kms.katalon.core.webui.keyword.WebUiBuiltInKeywords.click(WebUiBuiltInKeywords.groovy:620)
	at com.kms.katalon.core.webui.keyword.WebUiBuiltInKeywords$click$2.call(Unknown Source)
	at PBL-002.run(PBL-002:25)
	at com.kms.katalon.core.main.ScriptEngine.run(ScriptEngine.java:194)
	at com.kms.katalon.core.main.ScriptEngine.runScriptAsRawText(ScriptEngine.java:119)
	at com.kms.katalon.core.main.TestCaseExecutor.runScript(TestCaseExecutor.java:448)
	at com.kms.katalon.core.main.TestCaseExecutor.doExecute(TestCaseExecutor.java:439)
	at com.kms.katalon.core.main.TestCaseExecutor.processExecutionPhase(TestCaseExecutor.java:418)
	at com.kms.katalon.core.main.TestCaseExecutor.accessMainPhase(TestCaseExecutor.java:410)
	at com.kms.katalon.core.main.TestCaseExecutor.execute(TestCaseExecutor.java:285)
	at com.kms.katalon.core.main.TestCaseMain.runTestCase(TestCaseMain.java:144)
	at com.kms.katalon.core.keyword.builtin.CallTestCaseKeyword$_callTestCase_closure1.doCall(CallTestCaseKeyword.groovy:59)
	... 132 more
Caused by: org.openqa.selenium.ElementNotInteractableException: Element <a class="ps-btn ps-btn--fullwidth" href="https://10.9.2.63/ecommerce/produk/keranjang"> could not be scrolled into view
Build info: version: '3.141.59', revision: 'e82be7d358', time: '2018-11-14T08:25:53'
System info: host: 'DESKTOP-H62FVJ8', ip: '10.9.2.72', os.name: 'Windows 10', os.arch: 'amd64', os.version: '10.0', java.version: '1.8.0_362'
Driver info: com.kms.katalon.core.webui.driver.firefox.CGeckoDriver
Capabilities {acceptInsecureCerts: true, browserName: firefox, browserVersion: 117.0.1, javascriptEnabled: true, moz:accessibilityChecks: false, moz:buildID: 20230912013654, moz:geckodriverVersion: 0.33.0, moz:headless: false, moz:platformVersion: 10.0, moz:processID: 17188, moz:profile: C:\Users\IRFAN\AppData\Loca..., moz:shutdownTimeout: 60000, moz:webdriverClick: true, moz:windowless: false, pageLoadStrategy: normal, platform: WINDOWS, platformName: WINDOWS, proxy: Proxy(direct), setWindowRect: true, strictFileInteractability: false, timeouts: {implicit: 0, pageLoad: 300000, script: 30000}, unhandledPromptBehavior: dismiss and notify}
Session ID: 04cf3b6c-2b0e-450a-a181-9467d554da97
	at org.openqa.selenium.remote.http.W3CHttpResponseCodec.createException(W3CHttpResponseCodec.java:187)
	at org.openqa.selenium.remote.http.W3CHttpResponseCodec.decode(W3CHttpResponseCodec.java:122)
	at org.openqa.selenium.remote.http.W3CHttpResponseCodec.decode(W3CHttpResponseCodec.java:49)
	at org.openqa.selenium.remote.HttpCommandExecutor.execute(HttpCommandExecutor.java:158)
	at org.openqa.selenium.remote.service.DriverCommandExecutor.execute(DriverCommandExecutor.java:83)
	at org.openqa.selenium.remote.RemoteWebDriver.execute(RemoteWebDriver.java:552)
	at com.kms.katalon.selenium.driver.CFirefoxDriver.execute(CFirefoxDriver.java:27)
	at org.openqa.selenium.remote.RemoteWebElement.execute(RemoteWebElement.java:285)
	at org.openqa.selenium.remote.RemoteWebElement.click(RemoteWebElement.java:84)
	at org.openqa.selenium.support.events.EventFiringWebDriver$EventFiringWebElement.lambda$new$0(EventFiringWebDriver.java:404)
	at com.sun.proxy.$Proxy11.click(Unknown Source)
	at org.openqa.selenium.support.events.EventFiringWebDriver$EventFiringWebElement.click(EventFiringWebDriver.java:417)
	at org.openqa.selenium.WebElement$click.call(Unknown Source)
	at com.kms.katalon.core.webui.keyword.builtin.ClickKeyword.clickUntilSuccessWithTimeout(ClickKeyword.groovy:81)
	at com.kms.katalon.core.webui.keyword.builtin.ClickKeyword.clickUntilSuccessWithTimeout(ClickKeyword.groovy)
	at com.kms.katalon.core.webui.keyword.builtin.ClickKeyword$_click_closure1.doCall(ClickKeyword.groovy:67)
	at com.kms.katalon.core.webui.keyword.builtin.ClickKeyword$_click_closure1.call(ClickKeyword.groovy)
	at com.kms.katalon.core.webui.keyword.internal.WebUIKeywordMain.runKeyword(WebUIKeywordMain.groovy:20)
	... 147 more
)

2023-10-04 19:57:18 - [TEST_CASE][FAILED] - Test Cases/T13 Pembelian, Shipment dan Pembayaran/SA-003: Test Cases/T13 Pembelian, Shipment dan Pembayaran/SA-003 FAILED.
Reason:
com.kms.katalon.core.exception.StepFailedException: Call Test Case 'Test Cases/T13 Pembelian, Shipment dan Pembayaran/SA-002' failed
	at com.kms.katalon.core.keyword.builtin.CallTestCaseKeyword$_callTestCase_closure1.doCall(CallTestCaseKeyword.groovy:63)
	at com.kms.katalon.core.keyword.builtin.CallTestCaseKeyword$_callTestCase_closure1.call(CallTestCaseKeyword.groovy)
	at com.kms.katalon.core.keyword.internal.KeywordMain.runKeyword(KeywordMain.groovy:75)
	at com.kms.katalon.core.keyword.builtin.CallTestCaseKeyword.callTestCase(CallTestCaseKeyword.groovy:81)
	at com.kms.katalon.core.keyword.builtin.CallTestCaseKeyword.execute(CallTestCaseKeyword.groovy:44)
	at com.kms.katalon.core.keyword.internal.KeywordExecutor.executeKeywordForPlatform(KeywordExecutor.groovy:74)
	at com.kms.katalon.core.keyword.BuiltinKeywords.callTestCase(BuiltinKeywords.groovy:310)
	at SA-003.run(SA-003:20)
	at com.kms.katalon.core.main.ScriptEngine.run(ScriptEngine.java:194)
	at com.kms.katalon.core.main.ScriptEngine.runScriptAsRawText(ScriptEngine.java:119)
	at com.kms.katalon.core.main.TestCaseExecutor.runScript(TestCaseExecutor.java:448)
	at com.kms.katalon.core.main.TestCaseExecutor.doExecute(TestCaseExecutor.java:439)
	at com.kms.katalon.core.main.TestCaseExecutor.processExecutionPhase(TestCaseExecutor.java:418)
	at com.kms.katalon.core.main.TestCaseExecutor.accessMainPhase(TestCaseExecutor.java:410)
	at com.kms.katalon.core.main.TestCaseExecutor.execute(TestCaseExecutor.java:285)
	at com.kms.katalon.core.main.TestCaseMain.runTestCase(TestCaseMain.java:144)
	at com.kms.katalon.core.keyword.builtin.CallTestCaseKeyword$_callTestCase_closure1.doCall(CallTestCaseKeyword.groovy:59)
	at com.kms.katalon.core.keyword.builtin.CallTestCaseKeyword$_callTestCase_closure1.call(CallTestCaseKeyword.groovy)
	at com.kms.katalon.core.keyword.internal.KeywordMain.runKeyword(KeywordMain.groovy:75)
	at com.kms.katalon.core.keyword.builtin.CallTestCaseKeyword.callTestCase(CallTestCaseKeyword.groovy:81)
	at com.kms.katalon.core.keyword.builtin.CallTestCaseKeyword.execute(CallTestCaseKeyword.groovy:44)
	at com.kms.katalon.core.keyword.internal.KeywordExecutor.executeKeywordForPlatform(KeywordExecutor.groovy:74)
	at com.kms.katalon.core.keyword.BuiltinKeywords.callTestCase(BuiltinKeywords.groovy:310)
	at SU-010.run(SU-010:20)
	at com.kms.katalon.core.main.ScriptEngine.run(ScriptEngine.java:194)
	at com.kms.katalon.core.main.ScriptEngine.runScriptAsRawText(ScriptEngine.java:119)
	at com.kms.katalon.core.main.TestCaseExecutor.runScript(TestCaseExecutor.java:448)
	at com.kms.katalon.core.main.TestCaseExecutor.doExecute(TestCaseExecutor.java:439)
	at com.kms.katalon.core.main.TestCaseExecutor.processExecutionPhase(TestCaseExecutor.java:418)
	at com.kms.katalon.core.main.TestCaseExecutor.accessMainPhase(TestCaseExecutor.java:410)
	at com.kms.katalon.core.main.TestCaseExecutor.execute(TestCaseExecutor.java:285)
	at com.kms.katalon.core.common.CommonExecutor.accessTestCaseMainPhase(CommonExecutor.java:65)
	at com.kms.katalon.core.main.TestSuiteExecutor.accessTestSuiteMainPhase(TestSuiteExecutor.java:148)
	at com.kms.katalon.core.main.TestSuiteExecutor.execute(TestSuiteExecutor.java:106)
	at com.kms.katalon.core.main.TestCaseMain.startTestSuite(TestCaseMain.java:187)
	at com.kms.katalon.core.main.TestCaseMain$startTestSuite$0.call(Unknown Source)
	at TempTestSuite1696420804604.run(TempTestSuite1696420804604.groovy:36)
Caused by: com.kms.katalon.core.exception.StepFailedException: Call Test Case 'Test Cases/T13 Pembelian, Shipment dan Pembayaran/SA-001' failed
	at com.kms.katalon.core.keyword.builtin.CallTestCaseKeyword$_callTestCase_closure1.doCall(CallTestCaseKeyword.groovy:63)
	at com.kms.katalon.core.keyword.builtin.CallTestCaseKeyword$_callTestCase_closure1.call(CallTestCaseKeyword.groovy)
	at com.kms.katalon.core.keyword.internal.KeywordMain.runKeyword(KeywordMain.groovy:75)
	at com.kms.katalon.core.keyword.builtin.CallTestCaseKeyword.callTestCase(CallTestCaseKeyword.groovy:81)
	at com.kms.katalon.core.keyword.builtin.CallTestCaseKeyword.execute(CallTestCaseKeyword.groovy:44)
	at com.kms.katalon.core.keyword.internal.KeywordExecutor.executeKeywordForPlatform(KeywordExecutor.groovy:74)
	at com.kms.katalon.core.keyword.BuiltinKeywords.callTestCase(BuiltinKeywords.groovy:310)
	at SA-002.run(SA-002:20)
	at com.kms.katalon.core.main.ScriptEngine.run(ScriptEngine.java:194)
	at com.kms.katalon.core.main.ScriptEngine.runScriptAsRawText(ScriptEngine.java:119)
	at com.kms.katalon.core.main.TestCaseExecutor.runScript(TestCaseExecutor.java:448)
	at com.kms.katalon.core.main.TestCaseExecutor.doExecute(TestCaseExecutor.java:439)
	at com.kms.katalon.core.main.TestCaseExecutor.processExecutionPhase(TestCaseExecutor.java:418)
	at com.kms.katalon.core.main.TestCaseExecutor.accessMainPhase(TestCaseExecutor.java:410)
	at com.kms.katalon.core.main.TestCaseExecutor.execute(TestCaseExecutor.java:285)
	at com.kms.katalon.core.main.TestCaseMain.runTestCase(TestCaseMain.java:144)
	at com.kms.katalon.core.keyword.builtin.CallTestCaseKeyword$_callTestCase_closure1.doCall(CallTestCaseKeyword.groovy:59)
	... 36 more
Caused by: com.kms.katalon.core.exception.StepFailedException: Call Test Case 'Test Cases/T13 Pembelian, Shipment dan Pembayaran/PBYA-001' failed
	at com.kms.katalon.core.keyword.builtin.CallTestCaseKeyword$_callTestCase_closure1.doCall(CallTestCaseKeyword.groovy:63)
	at com.kms.katalon.core.keyword.builtin.CallTestCaseKeyword$_callTestCase_closure1.call(CallTestCaseKeyword.groovy)
	at com.kms.katalon.core.keyword.internal.KeywordMain.runKeyword(KeywordMain.groovy:75)
	at com.kms.katalon.core.keyword.builtin.CallTestCaseKeyword.callTestCase(CallTestCaseKeyword.groovy:81)
	at com.kms.katalon.core.keyword.builtin.CallTestCaseKeyword.execute(CallTestCaseKeyword.groovy:44)
	at com.kms.katalon.core.keyword.internal.KeywordExecutor.executeKeywordForPlatform(KeywordExecutor.groovy:74)
	at com.kms.katalon.core.keyword.BuiltinKeywords.callTestCase(BuiltinKeywords.groovy:310)
	at SA-001.run(SA-001:20)
	at com.kms.katalon.core.main.ScriptEngine.run(ScriptEngine.java:194)
	at com.kms.katalon.core.main.ScriptEngine.runScriptAsRawText(ScriptEngine.java:119)
	at com.kms.katalon.core.main.TestCaseExecutor.runScript(TestCaseExecutor.java:448)
	at com.kms.katalon.core.main.TestCaseExecutor.doExecute(TestCaseExecutor.java:439)
	at com.kms.katalon.core.main.TestCaseExecutor.processExecutionPhase(TestCaseExecutor.java:418)
	at com.kms.katalon.core.main.TestCaseExecutor.accessMainPhase(TestCaseExecutor.java:410)
	at com.kms.katalon.core.main.TestCaseExecutor.execute(TestCaseExecutor.java:285)
	at com.kms.katalon.core.main.TestCaseMain.runTestCase(TestCaseMain.java:144)
	at com.kms.katalon.core.keyword.builtin.CallTestCaseKeyword$_callTestCase_closure1.doCall(CallTestCaseKeyword.groovy:59)
	... 52 more
Caused by: com.kms.katalon.core.exception.StepFailedException: Call Test Case 'Test Cases/T13 Pembelian, Shipment dan Pembayaran/PBY-004' failed
	at com.kms.katalon.core.keyword.builtin.CallTestCaseKeyword$_callTestCase_closure1.doCall(CallTestCaseKeyword.groovy:63)
	at com.kms.katalon.core.keyword.builtin.CallTestCaseKeyword$_callTestCase_closure1.call(CallTestCaseKeyword.groovy)
	at com.kms.katalon.core.keyword.internal.KeywordMain.runKeyword(KeywordMain.groovy:75)
	at com.kms.katalon.core.keyword.builtin.CallTestCaseKeyword.callTestCase(CallTestCaseKeyword.groovy:81)
	at com.kms.katalon.core.keyword.builtin.CallTestCaseKeyword.execute(CallTestCaseKeyword.groovy:44)
	at com.kms.katalon.core.keyword.internal.KeywordExecutor.executeKeywordForPlatform(KeywordExecutor.groovy:74)
	at com.kms.katalon.core.keyword.BuiltinKeywords.callTestCase(BuiltinKeywords.groovy:310)
	at PBYA-001.run(PBYA-001:20)
	at com.kms.katalon.core.main.ScriptEngine.run(ScriptEngine.java:194)
	at com.kms.katalon.core.main.ScriptEngine.runScriptAsRawText(ScriptEngine.java:119)
	at com.kms.katalon.core.main.TestCaseExecutor.runScript(TestCaseExecutor.java:448)
	at com.kms.katalon.core.main.TestCaseExecutor.doExecute(TestCaseExecutor.java:439)
	at com.kms.katalon.core.main.TestCaseExecutor.processExecutionPhase(TestCaseExecutor.java:418)
	at com.kms.katalon.core.main.TestCaseExecutor.accessMainPhase(TestCaseExecutor.java:410)
	at com.kms.katalon.core.main.TestCaseExecutor.execute(TestCaseExecutor.java:285)
	at com.kms.katalon.core.main.TestCaseMain.runTestCase(TestCaseMain.java:144)
	at com.kms.katalon.core.keyword.builtin.CallTestCaseKeyword$_callTestCase_closure1.doCall(CallTestCaseKeyword.groovy:59)
	... 68 more
Caused by: com.kms.katalon.core.exception.StepFailedException: Call Test Case 'Test Cases/T13 Pembelian, Shipment dan Pembayaran/PBY-001' failed
	at com.kms.katalon.core.keyword.builtin.CallTestCaseKeyword$_callTestCase_closure1.doCall(CallTestCaseKeyword.groovy:63)
	at com.kms.katalon.core.keyword.builtin.CallTestCaseKeyword$_callTestCase_closure1.call(CallTestCaseKeyword.groovy)
	at com.kms.katalon.core.keyword.internal.KeywordMain.runKeyword(KeywordMain.groovy:75)
	at com.kms.katalon.core.keyword.builtin.CallTestCaseKeyword.callTestCase(CallTestCaseKeyword.groovy:81)
	at com.kms.katalon.core.keyword.builtin.CallTestCaseKeyword.execute(CallTestCaseKeyword.groovy:44)
	at com.kms.katalon.core.keyword.internal.KeywordExecutor.executeKeywordForPlatform(KeywordExecutor.groovy:74)
	at com.kms.katalon.core.keyword.BuiltinKeywords.callTestCase(BuiltinKeywords.groovy:310)
	at PBY-004.run(PBY-004:20)
	at com.kms.katalon.core.main.ScriptEngine.run(ScriptEngine.java:194)
	at com.kms.katalon.core.main.ScriptEngine.runScriptAsRawText(ScriptEngine.java:119)
	at com.kms.katalon.core.main.TestCaseExecutor.runScript(TestCaseExecutor.java:448)
	at com.kms.katalon.core.main.TestCaseExecutor.doExecute(TestCaseExecutor.java:439)
	at com.kms.katalon.core.main.TestCaseExecutor.processExecutionPhase(TestCaseExecutor.java:418)
	at com.kms.katalon.core.main.TestCaseExecutor.accessMainPhase(TestCaseExecutor.java:410)
	at com.kms.katalon.core.main.TestCaseExecutor.execute(TestCaseExecutor.java:285)
	at com.kms.katalon.core.main.TestCaseMain.runTestCase(TestCaseMain.java:144)
	at com.kms.katalon.core.keyword.builtin.CallTestCaseKeyword$_callTestCase_closure1.doCall(CallTestCaseKeyword.groovy:59)
	... 84 more
Caused by: com.kms.katalon.core.exception.StepFailedException: Call Test Case 'Test Cases/T13 Pembelian, Shipment dan Pembayaran/PBL-004' failed
	at com.kms.katalon.core.keyword.builtin.CallTestCaseKeyword$_callTestCase_closure1.doCall(CallTestCaseKeyword.groovy:63)
	at com.kms.katalon.core.keyword.builtin.CallTestCaseKeyword$_callTestCase_closure1.call(CallTestCaseKeyword.groovy)
	at com.kms.katalon.core.keyword.internal.KeywordMain.runKeyword(KeywordMain.groovy:75)
	at com.kms.katalon.core.keyword.builtin.CallTestCaseKeyword.callTestCase(CallTestCaseKeyword.groovy:81)
	at com.kms.katalon.core.keyword.builtin.CallTestCaseKeyword.execute(CallTestCaseKeyword.groovy:44)
	at com.kms.katalon.core.keyword.internal.KeywordExecutor.executeKeywordForPlatform(KeywordExecutor.groovy:74)
	at com.kms.katalon.core.keyword.BuiltinKeywords.callTestCase(BuiltinKeywords.groovy:310)
	at PBY-001.run(PBY-001:20)
	at com.kms.katalon.core.main.ScriptEngine.run(ScriptEngine.java:194)
	at com.kms.katalon.core.main.ScriptEngine.runScriptAsRawText(ScriptEngine.java:119)
	at com.kms.katalon.core.main.TestCaseExecutor.runScript(TestCaseExecutor.java:448)
	at com.kms.katalon.core.main.TestCaseExecutor.doExecute(TestCaseExecutor.java:439)
	at com.kms.katalon.core.main.TestCaseExecutor.processExecutionPhase(TestCaseExecutor.java:418)
	at com.kms.katalon.core.main.TestCaseExecutor.accessMainPhase(TestCaseExecutor.java:410)
	at com.kms.katalon.core.main.TestCaseExecutor.execute(TestCaseExecutor.java:285)
	at com.kms.katalon.core.main.TestCaseMain.runTestCase(TestCaseMain.java:144)
	at com.kms.katalon.core.keyword.builtin.CallTestCaseKeyword$_callTestCase_closure1.doCall(CallTestCaseKeyword.groovy:59)
	... 100 more
Caused by: com.kms.katalon.core.exception.StepFailedException: Call Test Case 'Test Cases/T13 Pembelian, Shipment dan Pembayaran/PBL-002' failed
	at com.kms.katalon.core.keyword.builtin.CallTestCaseKeyword$_callTestCase_closure1.doCall(CallTestCaseKeyword.groovy:63)
	at com.kms.katalon.core.keyword.builtin.CallTestCaseKeyword$_callTestCase_closure1.call(CallTestCaseKeyword.groovy)
	at com.kms.katalon.core.keyword.internal.KeywordMain.runKeyword(KeywordMain.groovy:75)
	at com.kms.katalon.core.keyword.builtin.CallTestCaseKeyword.callTestCase(CallTestCaseKeyword.groovy:81)
	at com.kms.katalon.core.keyword.builtin.CallTestCaseKeyword.execute(CallTestCaseKeyword.groovy:44)
	at com.kms.katalon.core.keyword.internal.KeywordExecutor.executeKeywordForPlatform(KeywordExecutor.groovy:74)
	at com.kms.katalon.core.keyword.BuiltinKeywords.callTestCase(BuiltinKeywords.groovy:310)
	at PBL-004.run(PBL-004:20)
	at com.kms.katalon.core.main.ScriptEngine.run(ScriptEngine.java:194)
	at com.kms.katalon.core.main.ScriptEngine.runScriptAsRawText(ScriptEngine.java:119)
	at com.kms.katalon.core.main.TestCaseExecutor.runScript(TestCaseExecutor.java:448)
	at com.kms.katalon.core.main.TestCaseExecutor.doExecute(TestCaseExecutor.java:439)
	at com.kms.katalon.core.main.TestCaseExecutor.processExecutionPhase(TestCaseExecutor.java:418)
	at com.kms.katalon.core.main.TestCaseExecutor.accessMainPhase(TestCaseExecutor.java:410)
	at com.kms.katalon.core.main.TestCaseExecutor.execute(TestCaseExecutor.java:285)
	at com.kms.katalon.core.main.TestCaseMain.runTestCase(TestCaseMain.java:144)
	at com.kms.katalon.core.keyword.builtin.CallTestCaseKeyword$_callTestCase_closure1.doCall(CallTestCaseKeyword.groovy:59)
	... 116 more
Caused by: com.kms.katalon.core.exception.StepFailedException: Unable to click on object 'Object Repository/beli barang/Lihat Sekarang'
	at com.kms.katalon.core.webui.keyword.internal.WebUIKeywordMain.stepFailed(WebUIKeywordMain.groovy:64)
	at com.kms.katalon.core.webui.keyword.internal.WebUIKeywordMain.runKeyword(WebUIKeywordMain.groovy:26)
	at com.kms.katalon.core.webui.keyword.builtin.ClickKeyword.click(ClickKeyword.groovy:74)
	at com.kms.katalon.core.webui.keyword.builtin.ClickKeyword.execute(ClickKeyword.groovy:40)
	at com.kms.katalon.core.keyword.internal.KeywordExecutor.executeKeywordForPlatform(KeywordExecutor.groovy:74)
	at com.kms.katalon.core.webui.keyword.WebUiBuiltInKeywords.click(WebUiBuiltInKeywords.groovy:620)
	at com.kms.katalon.core.webui.keyword.WebUiBuiltInKeywords$click$2.call(Unknown Source)
	at PBL-002.run(PBL-002:25)
	at com.kms.katalon.core.main.ScriptEngine.run(ScriptEngine.java:194)
	at com.kms.katalon.core.main.ScriptEngine.runScriptAsRawText(ScriptEngine.java:119)
	at com.kms.katalon.core.main.TestCaseExecutor.runScript(TestCaseExecutor.java:448)
	at com.kms.katalon.core.main.TestCaseExecutor.doExecute(TestCaseExecutor.java:439)
	at com.kms.katalon.core.main.TestCaseExecutor.processExecutionPhase(TestCaseExecutor.java:418)
	at com.kms.katalon.core.main.TestCaseExecutor.accessMainPhase(TestCaseExecutor.java:410)
	at com.kms.katalon.core.main.TestCaseExecutor.execute(TestCaseExecutor.java:285)
	at com.kms.katalon.core.main.TestCaseMain.runTestCase(TestCaseMain.java:144)
	at com.kms.katalon.core.keyword.builtin.CallTestCaseKeyword$_callTestCase_closure1.doCall(CallTestCaseKeyword.groovy:59)
	... 132 more
Caused by: org.openqa.selenium.ElementNotInteractableException: Element <a class="ps-btn ps-btn--fullwidth" href="https://10.9.2.63/ecommerce/produk/keranjang"> could not be scrolled into view
Build info: version: '3.141.59', revision: 'e82be7d358', time: '2018-11-14T08:25:53'
System info: host: 'DESKTOP-H62FVJ8', ip: '10.9.2.72', os.name: 'Windows 10', os.arch: 'amd64', os.version: '10.0', java.version: '1.8.0_362'
Driver info: com.kms.katalon.core.webui.driver.firefox.CGeckoDriver
Capabilities {acceptInsecureCerts: true, browserName: firefox, browserVersion: 117.0.1, javascriptEnabled: true, moz:accessibilityChecks: false, moz:buildID: 20230912013654, moz:geckodriverVersion: 0.33.0, moz:headless: false, moz:platformVersion: 10.0, moz:processID: 17188, moz:profile: C:\Users\IRFAN\AppData\Loca..., moz:shutdownTimeout: 60000, moz:webdriverClick: true, moz:windowless: false, pageLoadStrategy: normal, platform: WINDOWS, platformName: WINDOWS, proxy: Proxy(direct), setWindowRect: true, strictFileInteractability: false, timeouts: {implicit: 0, pageLoad: 300000, script: 30000}, unhandledPromptBehavior: dismiss and notify}
Session ID: 04cf3b6c-2b0e-450a-a181-9467d554da97
	at org.openqa.selenium.remote.http.W3CHttpResponseCodec.createException(W3CHttpResponseCodec.java:187)
	at org.openqa.selenium.remote.http.W3CHttpResponseCodec.decode(W3CHttpResponseCodec.java:122)
	at org.openqa.selenium.remote.http.W3CHttpResponseCodec.decode(W3CHttpResponseCodec.java:49)
	at org.openqa.selenium.remote.HttpCommandExecutor.execute(HttpCommandExecutor.java:158)
	at org.openqa.selenium.remote.service.DriverCommandExecutor.execute(DriverCommandExecutor.java:83)
	at org.openqa.selenium.remote.RemoteWebDriver.execute(RemoteWebDriver.java:552)
	at com.kms.katalon.selenium.driver.CFirefoxDriver.execute(CFirefoxDriver.java:27)
	at org.openqa.selenium.remote.RemoteWebElement.execute(RemoteWebElement.java:285)
	at org.openqa.selenium.remote.RemoteWebElement.click(RemoteWebElement.java:84)
	at org.openqa.selenium.support.events.EventFiringWebDriver$EventFiringWebElement.lambda$new$0(EventFiringWebDriver.java:404)
	at com.sun.proxy.$Proxy11.click(Unknown Source)
	at org.openqa.selenium.support.events.EventFiringWebDriver$EventFiringWebElement.click(EventFiringWebDriver.java:417)
	at org.openqa.selenium.WebElement$click.call(Unknown Source)
	at com.kms.katalon.core.webui.keyword.builtin.ClickKeyword.clickUntilSuccessWithTimeout(ClickKeyword.groovy:81)
	at com.kms.katalon.core.webui.keyword.builtin.ClickKeyword.clickUntilSuccessWithTimeout(ClickKeyword.groovy)
	at com.kms.katalon.core.webui.keyword.builtin.ClickKeyword$_click_closure1.doCall(ClickKeyword.groovy:67)
	at com.kms.katalon.core.webui.keyword.builtin.ClickKeyword$_click_closure1.call(ClickKeyword.groovy)
	at com.kms.katalon.core.webui.keyword.internal.WebUIKeywordMain.runKeyword(WebUIKeywordMain.groovy:20)
	... 147 more


2023-10-04 19:57:18 - [TEST_STEP][FAILED] - data = callTestCase(findTestCase("T13 Pembelian, Shipment dan Pembayaran/SA-002"), [:], STOP_ON_FAILURE): Unable to call Test Case 'Test Cases/T13 Pembelian, Shipment dan Pembayaran/SA-002' (Root cause: com.kms.katalon.core.exception.StepFailedException: Call Test Case 'Test Cases/T13 Pembelian, Shipment dan Pembayaran/SA-002' failed
	at com.kms.katalon.core.keyword.builtin.CallTestCaseKeyword$_callTestCase_closure1.doCall(CallTestCaseKeyword.groovy:63)
	at com.kms.katalon.core.keyword.builtin.CallTestCaseKeyword$_callTestCase_closure1.call(CallTestCaseKeyword.groovy)
	at com.kms.katalon.core.keyword.internal.KeywordMain.runKeyword(KeywordMain.groovy:75)
	at com.kms.katalon.core.keyword.builtin.CallTestCaseKeyword.callTestCase(CallTestCaseKeyword.groovy:81)
	at com.kms.katalon.core.keyword.builtin.CallTestCaseKeyword.execute(CallTestCaseKeyword.groovy:44)
	at com.kms.katalon.core.keyword.internal.KeywordExecutor.executeKeywordForPlatform(KeywordExecutor.groovy:74)
	at com.kms.katalon.core.keyword.BuiltinKeywords.callTestCase(BuiltinKeywords.groovy:310)
	at SA-003.run(SA-003:20)
	at com.kms.katalon.core.main.ScriptEngine.run(ScriptEngine.java:194)
	at com.kms.katalon.core.main.ScriptEngine.runScriptAsRawText(ScriptEngine.java:119)
	at com.kms.katalon.core.main.TestCaseExecutor.runScript(TestCaseExecutor.java:448)
	at com.kms.katalon.core.main.TestCaseExecutor.doExecute(TestCaseExecutor.java:439)
	at com.kms.katalon.core.main.TestCaseExecutor.processExecutionPhase(TestCaseExecutor.java:418)
	at com.kms.katalon.core.main.TestCaseExecutor.accessMainPhase(TestCaseExecutor.java:410)
	at com.kms.katalon.core.main.TestCaseExecutor.execute(TestCaseExecutor.java:285)
	at com.kms.katalon.core.main.TestCaseMain.runTestCase(TestCaseMain.java:144)
	at com.kms.katalon.core.keyword.builtin.CallTestCaseKeyword$_callTestCase_closure1.doCall(CallTestCaseKeyword.groovy:59)
	at com.kms.katalon.core.keyword.builtin.CallTestCaseKeyword$_callTestCase_closure1.call(CallTestCaseKeyword.groovy)
	at com.kms.katalon.core.keyword.internal.KeywordMain.runKeyword(KeywordMain.groovy:75)
	at com.kms.katalon.core.keyword.builtin.CallTestCaseKeyword.callTestCase(CallTestCaseKeyword.groovy:81)
	at com.kms.katalon.core.keyword.builtin.CallTestCaseKeyword.execute(CallTestCaseKeyword.groovy:44)
	at com.kms.katalon.core.keyword.internal.KeywordExecutor.executeKeywordForPlatform(KeywordExecutor.groovy:74)
	at com.kms.katalon.core.keyword.BuiltinKeywords.callTestCase(BuiltinKeywords.groovy:310)
	at SU-010.run(SU-010:20)
	at com.kms.katalon.core.main.ScriptEngine.run(ScriptEngine.java:194)
	at com.kms.katalon.core.main.ScriptEngine.runScriptAsRawText(ScriptEngine.java:119)
	at com.kms.katalon.core.main.TestCaseExecutor.runScript(TestCaseExecutor.java:448)
	at com.kms.katalon.core.main.TestCaseExecutor.doExecute(TestCaseExecutor.java:439)
	at com.kms.katalon.core.main.TestCaseExecutor.processExecutionPhase(TestCaseExecutor.java:418)
	at com.kms.katalon.core.main.TestCaseExecutor.accessMainPhase(TestCaseExecutor.java:410)
	at com.kms.katalon.core.main.TestCaseExecutor.execute(TestCaseExecutor.java:285)
	at com.kms.katalon.core.common.CommonExecutor.accessTestCaseMainPhase(CommonExecutor.java:65)
	at com.kms.katalon.core.main.TestSuiteExecutor.accessTestSuiteMainPhase(TestSuiteExecutor.java:148)
	at com.kms.katalon.core.main.TestSuiteExecutor.execute(TestSuiteExecutor.java:106)
	at com.kms.katalon.core.main.TestCaseMain.startTestSuite(TestCaseMain.java:187)
	at com.kms.katalon.core.main.TestCaseMain$startTestSuite$0.call(Unknown Source)
	at TempTestSuite1696420804604.run(TempTestSuite1696420804604.groovy:36)
Caused by: com.kms.katalon.core.exception.StepFailedException: Call Test Case 'Test Cases/T13 Pembelian, Shipment dan Pembayaran/SA-001' failed
	at com.kms.katalon.core.keyword.builtin.CallTestCaseKeyword$_callTestCase_closure1.doCall(CallTestCaseKeyword.groovy:63)
	at com.kms.katalon.core.keyword.builtin.CallTestCaseKeyword$_callTestCase_closure1.call(CallTestCaseKeyword.groovy)
	at com.kms.katalon.core.keyword.internal.KeywordMain.runKeyword(KeywordMain.groovy:75)
	at com.kms.katalon.core.keyword.builtin.CallTestCaseKeyword.callTestCase(CallTestCaseKeyword.groovy:81)
	at com.kms.katalon.core.keyword.builtin.CallTestCaseKeyword.execute(CallTestCaseKeyword.groovy:44)
	at com.kms.katalon.core.keyword.internal.KeywordExecutor.executeKeywordForPlatform(KeywordExecutor.groovy:74)
	at com.kms.katalon.core.keyword.BuiltinKeywords.callTestCase(BuiltinKeywords.groovy:310)
	at SA-002.run(SA-002:20)
	at com.kms.katalon.core.main.ScriptEngine.run(ScriptEngine.java:194)
	at com.kms.katalon.core.main.ScriptEngine.runScriptAsRawText(ScriptEngine.java:119)
	at com.kms.katalon.core.main.TestCaseExecutor.runScript(TestCaseExecutor.java:448)
	at com.kms.katalon.core.main.TestCaseExecutor.doExecute(TestCaseExecutor.java:439)
	at com.kms.katalon.core.main.TestCaseExecutor.processExecutionPhase(TestCaseExecutor.java:418)
	at com.kms.katalon.core.main.TestCaseExecutor.accessMainPhase(TestCaseExecutor.java:410)
	at com.kms.katalon.core.main.TestCaseExecutor.execute(TestCaseExecutor.java:285)
	at com.kms.katalon.core.main.TestCaseMain.runTestCase(TestCaseMain.java:144)
	at com.kms.katalon.core.keyword.builtin.CallTestCaseKeyword$_callTestCase_closure1.doCall(CallTestCaseKeyword.groovy:59)
	... 36 more
Caused by: com.kms.katalon.core.exception.StepFailedException: Call Test Case 'Test Cases/T13 Pembelian, Shipment dan Pembayaran/PBYA-001' failed
	at com.kms.katalon.core.keyword.builtin.CallTestCaseKeyword$_callTestCase_closure1.doCall(CallTestCaseKeyword.groovy:63)
	at com.kms.katalon.core.keyword.builtin.CallTestCaseKeyword$_callTestCase_closure1.call(CallTestCaseKeyword.groovy)
	at com.kms.katalon.core.keyword.internal.KeywordMain.runKeyword(KeywordMain.groovy:75)
	at com.kms.katalon.core.keyword.builtin.CallTestCaseKeyword.callTestCase(CallTestCaseKeyword.groovy:81)
	at com.kms.katalon.core.keyword.builtin.CallTestCaseKeyword.execute(CallTestCaseKeyword.groovy:44)
	at com.kms.katalon.core.keyword.internal.KeywordExecutor.executeKeywordForPlatform(KeywordExecutor.groovy:74)
	at com.kms.katalon.core.keyword.BuiltinKeywords.callTestCase(BuiltinKeywords.groovy:310)
	at SA-001.run(SA-001:20)
	at com.kms.katalon.core.main.ScriptEngine.run(ScriptEngine.java:194)
	at com.kms.katalon.core.main.ScriptEngine.runScriptAsRawText(ScriptEngine.java:119)
	at com.kms.katalon.core.main.TestCaseExecutor.runScript(TestCaseExecutor.java:448)
	at com.kms.katalon.core.main.TestCaseExecutor.doExecute(TestCaseExecutor.java:439)
	at com.kms.katalon.core.main.TestCaseExecutor.processExecutionPhase(TestCaseExecutor.java:418)
	at com.kms.katalon.core.main.TestCaseExecutor.accessMainPhase(TestCaseExecutor.java:410)
	at com.kms.katalon.core.main.TestCaseExecutor.execute(TestCaseExecutor.java:285)
	at com.kms.katalon.core.main.TestCaseMain.runTestCase(TestCaseMain.java:144)
	at com.kms.katalon.core.keyword.builtin.CallTestCaseKeyword$_callTestCase_closure1.doCall(CallTestCaseKeyword.groovy:59)
	... 52 more
Caused by: com.kms.katalon.core.exception.StepFailedException: Call Test Case 'Test Cases/T13 Pembelian, Shipment dan Pembayaran/PBY-004' failed
	at com.kms.katalon.core.keyword.builtin.CallTestCaseKeyword$_callTestCase_closure1.doCall(CallTestCaseKeyword.groovy:63)
	at com.kms.katalon.core.keyword.builtin.CallTestCaseKeyword$_callTestCase_closure1.call(CallTestCaseKeyword.groovy)
	at com.kms.katalon.core.keyword.internal.KeywordMain.runKeyword(KeywordMain.groovy:75)
	at com.kms.katalon.core.keyword.builtin.CallTestCaseKeyword.callTestCase(CallTestCaseKeyword.groovy:81)
	at com.kms.katalon.core.keyword.builtin.CallTestCaseKeyword.execute(CallTestCaseKeyword.groovy:44)
	at com.kms.katalon.core.keyword.internal.KeywordExecutor.executeKeywordForPlatform(KeywordExecutor.groovy:74)
	at com.kms.katalon.core.keyword.BuiltinKeywords.callTestCase(BuiltinKeywords.groovy:310)
	at PBYA-001.run(PBYA-001:20)
	at com.kms.katalon.core.main.ScriptEngine.run(ScriptEngine.java:194)
	at com.kms.katalon.core.main.ScriptEngine.runScriptAsRawText(ScriptEngine.java:119)
	at com.kms.katalon.core.main.TestCaseExecutor.runScript(TestCaseExecutor.java:448)
	at com.kms.katalon.core.main.TestCaseExecutor.doExecute(TestCaseExecutor.java:439)
	at com.kms.katalon.core.main.TestCaseExecutor.processExecutionPhase(TestCaseExecutor.java:418)
	at com.kms.katalon.core.main.TestCaseExecutor.accessMainPhase(TestCaseExecutor.java:410)
	at com.kms.katalon.core.main.TestCaseExecutor.execute(TestCaseExecutor.java:285)
	at com.kms.katalon.core.main.TestCaseMain.runTestCase(TestCaseMain.java:144)
	at com.kms.katalon.core.keyword.builtin.CallTestCaseKeyword$_callTestCase_closure1.doCall(CallTestCaseKeyword.groovy:59)
	... 68 more
Caused by: com.kms.katalon.core.exception.StepFailedException: Call Test Case 'Test Cases/T13 Pembelian, Shipment dan Pembayaran/PBY-001' failed
	at com.kms.katalon.core.keyword.builtin.CallTestCaseKeyword$_callTestCase_closure1.doCall(CallTestCaseKeyword.groovy:63)
	at com.kms.katalon.core.keyword.builtin.CallTestCaseKeyword$_callTestCase_closure1.call(CallTestCaseKeyword.groovy)
	at com.kms.katalon.core.keyword.internal.KeywordMain.runKeyword(KeywordMain.groovy:75)
	at com.kms.katalon.core.keyword.builtin.CallTestCaseKeyword.callTestCase(CallTestCaseKeyword.groovy:81)
	at com.kms.katalon.core.keyword.builtin.CallTestCaseKeyword.execute(CallTestCaseKeyword.groovy:44)
	at com.kms.katalon.core.keyword.internal.KeywordExecutor.executeKeywordForPlatform(KeywordExecutor.groovy:74)
	at com.kms.katalon.core.keyword.BuiltinKeywords.callTestCase(BuiltinKeywords.groovy:310)
	at PBY-004.run(PBY-004:20)
	at com.kms.katalon.core.main.ScriptEngine.run(ScriptEngine.java:194)
	at com.kms.katalon.core.main.ScriptEngine.runScriptAsRawText(ScriptEngine.java:119)
	at com.kms.katalon.core.main.TestCaseExecutor.runScript(TestCaseExecutor.java:448)
	at com.kms.katalon.core.main.TestCaseExecutor.doExecute(TestCaseExecutor.java:439)
	at com.kms.katalon.core.main.TestCaseExecutor.processExecutionPhase(TestCaseExecutor.java:418)
	at com.kms.katalon.core.main.TestCaseExecutor.accessMainPhase(TestCaseExecutor.java:410)
	at com.kms.katalon.core.main.TestCaseExecutor.execute(TestCaseExecutor.java:285)
	at com.kms.katalon.core.main.TestCaseMain.runTestCase(TestCaseMain.java:144)
	at com.kms.katalon.core.keyword.builtin.CallTestCaseKeyword$_callTestCase_closure1.doCall(CallTestCaseKeyword.groovy:59)
	... 84 more
Caused by: com.kms.katalon.core.exception.StepFailedException: Call Test Case 'Test Cases/T13 Pembelian, Shipment dan Pembayaran/PBL-004' failed
	at com.kms.katalon.core.keyword.builtin.CallTestCaseKeyword$_callTestCase_closure1.doCall(CallTestCaseKeyword.groovy:63)
	at com.kms.katalon.core.keyword.builtin.CallTestCaseKeyword$_callTestCase_closure1.call(CallTestCaseKeyword.groovy)
	at com.kms.katalon.core.keyword.internal.KeywordMain.runKeyword(KeywordMain.groovy:75)
	at com.kms.katalon.core.keyword.builtin.CallTestCaseKeyword.callTestCase(CallTestCaseKeyword.groovy:81)
	at com.kms.katalon.core.keyword.builtin.CallTestCaseKeyword.execute(CallTestCaseKeyword.groovy:44)
	at com.kms.katalon.core.keyword.internal.KeywordExecutor.executeKeywordForPlatform(KeywordExecutor.groovy:74)
	at com.kms.katalon.core.keyword.BuiltinKeywords.callTestCase(BuiltinKeywords.groovy:310)
	at PBY-001.run(PBY-001:20)
	at com.kms.katalon.core.main.ScriptEngine.run(ScriptEngine.java:194)
	at com.kms.katalon.core.main.ScriptEngine.runScriptAsRawText(ScriptEngine.java:119)
	at com.kms.katalon.core.main.TestCaseExecutor.runScript(TestCaseExecutor.java:448)
	at com.kms.katalon.core.main.TestCaseExecutor.doExecute(TestCaseExecutor.java:439)
	at com.kms.katalon.core.main.TestCaseExecutor.processExecutionPhase(TestCaseExecutor.java:418)
	at com.kms.katalon.core.main.TestCaseExecutor.accessMainPhase(TestCaseExecutor.java:410)
	at com.kms.katalon.core.main.TestCaseExecutor.execute(TestCaseExecutor.java:285)
	at com.kms.katalon.core.main.TestCaseMain.runTestCase(TestCaseMain.java:144)
	at com.kms.katalon.core.keyword.builtin.CallTestCaseKeyword$_callTestCase_closure1.doCall(CallTestCaseKeyword.groovy:59)
	... 100 more
Caused by: com.kms.katalon.core.exception.StepFailedException: Call Test Case 'Test Cases/T13 Pembelian, Shipment dan Pembayaran/PBL-002' failed
	at com.kms.katalon.core.keyword.builtin.CallTestCaseKeyword$_callTestCase_closure1.doCall(CallTestCaseKeyword.groovy:63)
	at com.kms.katalon.core.keyword.builtin.CallTestCaseKeyword$_callTestCase_closure1.call(CallTestCaseKeyword.groovy)
	at com.kms.katalon.core.keyword.internal.KeywordMain.runKeyword(KeywordMain.groovy:75)
	at com.kms.katalon.core.keyword.builtin.CallTestCaseKeyword.callTestCase(CallTestCaseKeyword.groovy:81)
	at com.kms.katalon.core.keyword.builtin.CallTestCaseKeyword.execute(CallTestCaseKeyword.groovy:44)
	at com.kms.katalon.core.keyword.internal.KeywordExecutor.executeKeywordForPlatform(KeywordExecutor.groovy:74)
	at com.kms.katalon.core.keyword.BuiltinKeywords.callTestCase(BuiltinKeywords.groovy:310)
	at PBL-004.run(PBL-004:20)
	at com.kms.katalon.core.main.ScriptEngine.run(ScriptEngine.java:194)
	at com.kms.katalon.core.main.ScriptEngine.runScriptAsRawText(ScriptEngine.java:119)
	at com.kms.katalon.core.main.TestCaseExecutor.runScript(TestCaseExecutor.java:448)
	at com.kms.katalon.core.main.TestCaseExecutor.doExecute(TestCaseExecutor.java:439)
	at com.kms.katalon.core.main.TestCaseExecutor.processExecutionPhase(TestCaseExecutor.java:418)
	at com.kms.katalon.core.main.TestCaseExecutor.accessMainPhase(TestCaseExecutor.java:410)
	at com.kms.katalon.core.main.TestCaseExecutor.execute(TestCaseExecutor.java:285)
	at com.kms.katalon.core.main.TestCaseMain.runTestCase(TestCaseMain.java:144)
	at com.kms.katalon.core.keyword.builtin.CallTestCaseKeyword$_callTestCase_closure1.doCall(CallTestCaseKeyword.groovy:59)
	... 116 more
Caused by: com.kms.katalon.core.exception.StepFailedException: Unable to click on object 'Object Repository/beli barang/Lihat Sekarang'
	at com.kms.katalon.core.webui.keyword.internal.WebUIKeywordMain.stepFailed(WebUIKeywordMain.groovy:64)
	at com.kms.katalon.core.webui.keyword.internal.WebUIKeywordMain.runKeyword(WebUIKeywordMain.groovy:26)
	at com.kms.katalon.core.webui.keyword.builtin.ClickKeyword.click(ClickKeyword.groovy:74)
	at com.kms.katalon.core.webui.keyword.builtin.ClickKeyword.execute(ClickKeyword.groovy:40)
	at com.kms.katalon.core.keyword.internal.KeywordExecutor.executeKeywordForPlatform(KeywordExecutor.groovy:74)
	at com.kms.katalon.core.webui.keyword.WebUiBuiltInKeywords.click(WebUiBuiltInKeywords.groovy:620)
	at com.kms.katalon.core.webui.keyword.WebUiBuiltInKeywords$click$2.call(Unknown Source)
	at PBL-002.run(PBL-002:25)
	at com.kms.katalon.core.main.ScriptEngine.run(ScriptEngine.java:194)
	at com.kms.katalon.core.main.ScriptEngine.runScriptAsRawText(ScriptEngine.java:119)
	at com.kms.katalon.core.main.TestCaseExecutor.runScript(TestCaseExecutor.java:448)
	at com.kms.katalon.core.main.TestCaseExecutor.doExecute(TestCaseExecutor.java:439)
	at com.kms.katalon.core.main.TestCaseExecutor.processExecutionPhase(TestCaseExecutor.java:418)
	at com.kms.katalon.core.main.TestCaseExecutor.accessMainPhase(TestCaseExecutor.java:410)
	at com.kms.katalon.core.main.TestCaseExecutor.execute(TestCaseExecutor.java:285)
	at com.kms.katalon.core.main.TestCaseMain.runTestCase(TestCaseMain.java:144)
	at com.kms.katalon.core.keyword.builtin.CallTestCaseKeyword$_callTestCase_closure1.doCall(CallTestCaseKeyword.groovy:59)
	... 132 more
Caused by: org.openqa.selenium.ElementNotInteractableException: Element <a class="ps-btn ps-btn--fullwidth" href="https://10.9.2.63/ecommerce/produk/keranjang"> could not be scrolled into view
Build info: version: '3.141.59', revision: 'e82be7d358', time: '2018-11-14T08:25:53'
System info: host: 'DESKTOP-H62FVJ8', ip: '10.9.2.72', os.name: 'Windows 10', os.arch: 'amd64', os.version: '10.0', java.version: '1.8.0_362'
Driver info: com.kms.katalon.core.webui.driver.firefox.CGeckoDriver
Capabilities {acceptInsecureCerts: true, browserName: firefox, browserVersion: 117.0.1, javascriptEnabled: true, moz:accessibilityChecks: false, moz:buildID: 20230912013654, moz:geckodriverVersion: 0.33.0, moz:headless: false, moz:platformVersion: 10.0, moz:processID: 17188, moz:profile: C:\Users\IRFAN\AppData\Loca..., moz:shutdownTimeout: 60000, moz:webdriverClick: true, moz:windowless: false, pageLoadStrategy: normal, platform: WINDOWS, platformName: WINDOWS, proxy: Proxy(direct), setWindowRect: true, strictFileInteractability: false, timeouts: {implicit: 0, pageLoad: 300000, script: 30000}, unhandledPromptBehavior: dismiss and notify}
Session ID: 04cf3b6c-2b0e-450a-a181-9467d554da97
	at org.openqa.selenium.remote.http.W3CHttpResponseCodec.createException(W3CHttpResponseCodec.java:187)
	at org.openqa.selenium.remote.http.W3CHttpResponseCodec.decode(W3CHttpResponseCodec.java:122)
	at org.openqa.selenium.remote.http.W3CHttpResponseCodec.decode(W3CHttpResponseCodec.java:49)
	at org.openqa.selenium.remote.HttpCommandExecutor.execute(HttpCommandExecutor.java:158)
	at org.openqa.selenium.remote.service.DriverCommandExecutor.execute(DriverCommandExecutor.java:83)
	at org.openqa.selenium.remote.RemoteWebDriver.execute(RemoteWebDriver.java:552)
	at com.kms.katalon.selenium.driver.CFirefoxDriver.execute(CFirefoxDriver.java:27)
	at org.openqa.selenium.remote.RemoteWebElement.execute(RemoteWebElement.java:285)
	at org.openqa.selenium.remote.RemoteWebElement.click(RemoteWebElement.java:84)
	at org.openqa.selenium.support.events.EventFiringWebDriver$EventFiringWebElement.lambda$new$0(EventFiringWebDriver.java:404)
	at com.sun.proxy.$Proxy11.click(Unknown Source)
	at org.openqa.selenium.support.events.EventFiringWebDriver$EventFiringWebElement.click(EventFiringWebDriver.java:417)
	at org.openqa.selenium.WebElement$click.call(Unknown Source)
	at com.kms.katalon.core.webui.keyword.builtin.ClickKeyword.clickUntilSuccessWithTimeout(ClickKeyword.groovy:81)
	at com.kms.katalon.core.webui.keyword.builtin.ClickKeyword.clickUntilSuccessWithTimeout(ClickKeyword.groovy)
	at com.kms.katalon.core.webui.keyword.builtin.ClickKeyword$_click_closure1.doCall(ClickKeyword.groovy:67)
	at com.kms.katalon.core.webui.keyword.builtin.ClickKeyword$_click_closure1.call(ClickKeyword.groovy)
	at com.kms.katalon.core.webui.keyword.internal.WebUIKeywordMain.runKeyword(WebUIKeywordMain.groovy:20)
	... 147 more
)

2023-10-04 19:57:18 - [TEST_CASE][FAILED] - Test Cases/T13 Pembelian, Shipment dan Pembayaran/SA-002: Test Cases/T13 Pembelian, Shipment dan Pembayaran/SA-002 FAILED.
Reason:
com.kms.katalon.core.exception.StepFailedException: Call Test Case 'Test Cases/T13 Pembelian, Shipment dan Pembayaran/SA-001' failed
	at com.kms.katalon.core.keyword.builtin.CallTestCaseKeyword$_callTestCase_closure1.doCall(CallTestCaseKeyword.groovy:63)
	at com.kms.katalon.core.keyword.builtin.CallTestCaseKeyword$_callTestCase_closure1.call(CallTestCaseKeyword.groovy)
	at com.kms.katalon.core.keyword.internal.KeywordMain.runKeyword(KeywordMain.groovy:75)
	at com.kms.katalon.core.keyword.builtin.CallTestCaseKeyword.callTestCase(CallTestCaseKeyword.groovy:81)
	at com.kms.katalon.core.keyword.builtin.CallTestCaseKeyword.execute(CallTestCaseKeyword.groovy:44)
	at com.kms.katalon.core.keyword.internal.KeywordExecutor.executeKeywordForPlatform(KeywordExecutor.groovy:74)
	at com.kms.katalon.core.keyword.BuiltinKeywords.callTestCase(BuiltinKeywords.groovy:310)
	at SA-002.run(SA-002:20)
	at com.kms.katalon.core.main.ScriptEngine.run(ScriptEngine.java:194)
	at com.kms.katalon.core.main.ScriptEngine.runScriptAsRawText(ScriptEngine.java:119)
	at com.kms.katalon.core.main.TestCaseExecutor.runScript(TestCaseExecutor.java:448)
	at com.kms.katalon.core.main.TestCaseExecutor.doExecute(TestCaseExecutor.java:439)
	at com.kms.katalon.core.main.TestCaseExecutor.processExecutionPhase(TestCaseExecutor.java:418)
	at com.kms.katalon.core.main.TestCaseExecutor.accessMainPhase(TestCaseExecutor.java:410)
	at com.kms.katalon.core.main.TestCaseExecutor.execute(TestCaseExecutor.java:285)
	at com.kms.katalon.core.main.TestCaseMain.runTestCase(TestCaseMain.java:144)
	at com.kms.katalon.core.keyword.builtin.CallTestCaseKeyword$_callTestCase_closure1.doCall(CallTestCaseKeyword.groovy:59)
	at com.kms.katalon.core.keyword.builtin.CallTestCaseKeyword$_callTestCase_closure1.call(CallTestCaseKeyword.groovy)
	at com.kms.katalon.core.keyword.internal.KeywordMain.runKeyword(KeywordMain.groovy:75)
	at com.kms.katalon.core.keyword.builtin.CallTestCaseKeyword.callTestCase(CallTestCaseKeyword.groovy:81)
	at com.kms.katalon.core.keyword.builtin.CallTestCaseKeyword.execute(CallTestCaseKeyword.groovy:44)
	at com.kms.katalon.core.keyword.internal.KeywordExecutor.executeKeywordForPlatform(KeywordExecutor.groovy:74)
	at com.kms.katalon.core.keyword.BuiltinKeywords.callTestCase(BuiltinKeywords.groovy:310)
	at SA-003.run(SA-003:20)
	at com.kms.katalon.core.main.ScriptEngine.run(ScriptEngine.java:194)
	at com.kms.katalon.core.main.ScriptEngine.runScriptAsRawText(ScriptEngine.java:119)
	at com.kms.katalon.core.main.TestCaseExecutor.runScript(TestCaseExecutor.java:448)
	at com.kms.katalon.core.main.TestCaseExecutor.doExecute(TestCaseExecutor.java:439)
	at com.kms.katalon.core.main.TestCaseExecutor.processExecutionPhase(TestCaseExecutor.java:418)
	at com.kms.katalon.core.main.TestCaseExecutor.accessMainPhase(TestCaseExecutor.java:410)
	at com.kms.katalon.core.main.TestCaseExecutor.execute(TestCaseExecutor.java:285)
	at com.kms.katalon.core.main.TestCaseMain.runTestCase(TestCaseMain.java:144)
	at com.kms.katalon.core.keyword.builtin.CallTestCaseKeyword$_callTestCase_closure1.doCall(CallTestCaseKeyword.groovy:59)
	at com.kms.katalon.core.keyword.builtin.CallTestCaseKeyword$_callTestCase_closure1.call(CallTestCaseKeyword.groovy)
	at com.kms.katalon.core.keyword.internal.KeywordMain.runKeyword(KeywordMain.groovy:75)
	at com.kms.katalon.core.keyword.builtin.CallTestCaseKeyword.callTestCase(CallTestCaseKeyword.groovy:81)
	at com.kms.katalon.core.keyword.builtin.CallTestCaseKeyword.execute(CallTestCaseKeyword.groovy:44)
	at com.kms.katalon.core.keyword.internal.KeywordExecutor.executeKeywordForPlatform(KeywordExecutor.groovy:74)
	at com.kms.katalon.core.keyword.BuiltinKeywords.callTestCase(BuiltinKeywords.groovy:310)
	at SU-010.run(SU-010:20)
	at com.kms.katalon.core.main.ScriptEngine.run(ScriptEngine.java:194)
	at com.kms.katalon.core.main.ScriptEngine.runScriptAsRawText(ScriptEngine.java:119)
	at com.kms.katalon.core.main.TestCaseExecutor.runScript(TestCaseExecutor.java:448)
	at com.kms.katalon.core.main.TestCaseExecutor.doExecute(TestCaseExecutor.java:439)
	at com.kms.katalon.core.main.TestCaseExecutor.processExecutionPhase(TestCaseExecutor.java:418)
	at com.kms.katalon.core.main.TestCaseExecutor.accessMainPhase(TestCaseExecutor.java:410)
	at com.kms.katalon.core.main.TestCaseExecutor.execute(TestCaseExecutor.java:285)
	at com.kms.katalon.core.common.CommonExecutor.accessTestCaseMainPhase(CommonExecutor.java:65)
	at com.kms.katalon.core.main.TestSuiteExecutor.accessTestSuiteMainPhase(TestSuiteExecutor.java:148)
	at com.kms.katalon.core.main.TestSuiteExecutor.execute(TestSuiteExecutor.java:106)
	at com.kms.katalon.core.main.TestCaseMain.startTestSuite(TestCaseMain.java:187)
	at com.kms.katalon.core.main.TestCaseMain$startTestSuite$0.call(Unknown Source)
	at TempTestSuite1696420804604.run(TempTestSuite1696420804604.groovy:36)
Caused by: com.kms.katalon.core.exception.StepFailedException: Call Test Case 'Test Cases/T13 Pembelian, Shipment dan Pembayaran/PBYA-001' failed
	at com.kms.katalon.core.keyword.builtin.CallTestCaseKeyword$_callTestCase_closure1.doCall(CallTestCaseKeyword.groovy:63)
	at com.kms.katalon.core.keyword.builtin.CallTestCaseKeyword$_callTestCase_closure1.call(CallTestCaseKeyword.groovy)
	at com.kms.katalon.core.keyword.internal.KeywordMain.runKeyword(KeywordMain.groovy:75)
	at com.kms.katalon.core.keyword.builtin.CallTestCaseKeyword.callTestCase(CallTestCaseKeyword.groovy:81)
	at com.kms.katalon.core.keyword.builtin.CallTestCaseKeyword.execute(CallTestCaseKeyword.groovy:44)
	at com.kms.katalon.core.keyword.internal.KeywordExecutor.executeKeywordForPlatform(KeywordExecutor.groovy:74)
	at com.kms.katalon.core.keyword.BuiltinKeywords.callTestCase(BuiltinKeywords.groovy:310)
	at SA-001.run(SA-001:20)
	at com.kms.katalon.core.main.ScriptEngine.run(ScriptEngine.java:194)
	at com.kms.katalon.core.main.ScriptEngine.runScriptAsRawText(ScriptEngine.java:119)
	at com.kms.katalon.core.main.TestCaseExecutor.runScript(TestCaseExecutor.java:448)
	at com.kms.katalon.core.main.TestCaseExecutor.doExecute(TestCaseExecutor.java:439)
	at com.kms.katalon.core.main.TestCaseExecutor.processExecutionPhase(TestCaseExecutor.java:418)
	at com.kms.katalon.core.main.TestCaseExecutor.accessMainPhase(TestCaseExecutor.java:410)
	at com.kms.katalon.core.main.TestCaseExecutor.execute(TestCaseExecutor.java:285)
	at com.kms.katalon.core.main.TestCaseMain.runTestCase(TestCaseMain.java:144)
	at com.kms.katalon.core.keyword.builtin.CallTestCaseKeyword$_callTestCase_closure1.doCall(CallTestCaseKeyword.groovy:59)
	... 52 more
Caused by: com.kms.katalon.core.exception.StepFailedException: Call Test Case 'Test Cases/T13 Pembelian, Shipment dan Pembayaran/PBY-004' failed
	at com.kms.katalon.core.keyword.builtin.CallTestCaseKeyword$_callTestCase_closure1.doCall(CallTestCaseKeyword.groovy:63)
	at com.kms.katalon.core.keyword.builtin.CallTestCaseKeyword$_callTestCase_closure1.call(CallTestCaseKeyword.groovy)
	at com.kms.katalon.core.keyword.internal.KeywordMain.runKeyword(KeywordMain.groovy:75)
	at com.kms.katalon.core.keyword.builtin.CallTestCaseKeyword.callTestCase(CallTestCaseKeyword.groovy:81)
	at com.kms.katalon.core.keyword.builtin.CallTestCaseKeyword.execute(CallTestCaseKeyword.groovy:44)
	at com.kms.katalon.core.keyword.internal.KeywordExecutor.executeKeywordForPlatform(KeywordExecutor.groovy:74)
	at com.kms.katalon.core.keyword.BuiltinKeywords.callTestCase(BuiltinKeywords.groovy:310)
	at PBYA-001.run(PBYA-001:20)
	at com.kms.katalon.core.main.ScriptEngine.run(ScriptEngine.java:194)
	at com.kms.katalon.core.main.ScriptEngine.runScriptAsRawText(ScriptEngine.java:119)
	at com.kms.katalon.core.main.TestCaseExecutor.runScript(TestCaseExecutor.java:448)
	at com.kms.katalon.core.main.TestCaseExecutor.doExecute(TestCaseExecutor.java:439)
	at com.kms.katalon.core.main.TestCaseExecutor.processExecutionPhase(TestCaseExecutor.java:418)
	at com.kms.katalon.core.main.TestCaseExecutor.accessMainPhase(TestCaseExecutor.java:410)
	at com.kms.katalon.core.main.TestCaseExecutor.execute(TestCaseExecutor.java:285)
	at com.kms.katalon.core.main.TestCaseMain.runTestCase(TestCaseMain.java:144)
	at com.kms.katalon.core.keyword.builtin.CallTestCaseKeyword$_callTestCase_closure1.doCall(CallTestCaseKeyword.groovy:59)
	... 68 more
Caused by: com.kms.katalon.core.exception.StepFailedException: Call Test Case 'Test Cases/T13 Pembelian, Shipment dan Pembayaran/PBY-001' failed
	at com.kms.katalon.core.keyword.builtin.CallTestCaseKeyword$_callTestCase_closure1.doCall(CallTestCaseKeyword.groovy:63)
	at com.kms.katalon.core.keyword.builtin.CallTestCaseKeyword$_callTestCase_closure1.call(CallTestCaseKeyword.groovy)
	at com.kms.katalon.core.keyword.internal.KeywordMain.runKeyword(KeywordMain.groovy:75)
	at com.kms.katalon.core.keyword.builtin.CallTestCaseKeyword.callTestCase(CallTestCaseKeyword.groovy:81)
	at com.kms.katalon.core.keyword.builtin.CallTestCaseKeyword.execute(CallTestCaseKeyword.groovy:44)
	at com.kms.katalon.core.keyword.internal.KeywordExecutor.executeKeywordForPlatform(KeywordExecutor.groovy:74)
	at com.kms.katalon.core.keyword.BuiltinKeywords.callTestCase(BuiltinKeywords.groovy:310)
	at PBY-004.run(PBY-004:20)
	at com.kms.katalon.core.main.ScriptEngine.run(ScriptEngine.java:194)
	at com.kms.katalon.core.main.ScriptEngine.runScriptAsRawText(ScriptEngine.java:119)
	at com.kms.katalon.core.main.TestCaseExecutor.runScript(TestCaseExecutor.java:448)
	at com.kms.katalon.core.main.TestCaseExecutor.doExecute(TestCaseExecutor.java:439)
	at com.kms.katalon.core.main.TestCaseExecutor.processExecutionPhase(TestCaseExecutor.java:418)
	at com.kms.katalon.core.main.TestCaseExecutor.accessMainPhase(TestCaseExecutor.java:410)
	at com.kms.katalon.core.main.TestCaseExecutor.execute(TestCaseExecutor.java:285)
	at com.kms.katalon.core.main.TestCaseMain.runTestCase(TestCaseMain.java:144)
	at com.kms.katalon.core.keyword.builtin.CallTestCaseKeyword$_callTestCase_closure1.doCall(CallTestCaseKeyword.groovy:59)
	... 84 more
Caused by: com.kms.katalon.core.exception.StepFailedException: Call Test Case 'Test Cases/T13 Pembelian, Shipment dan Pembayaran/PBL-004' failed
	at com.kms.katalon.core.keyword.builtin.CallTestCaseKeyword$_callTestCase_closure1.doCall(CallTestCaseKeyword.groovy:63)
	at com.kms.katalon.core.keyword.builtin.CallTestCaseKeyword$_callTestCase_closure1.call(CallTestCaseKeyword.groovy)
	at com.kms.katalon.core.keyword.internal.KeywordMain.runKeyword(KeywordMain.groovy:75)
	at com.kms.katalon.core.keyword.builtin.CallTestCaseKeyword.callTestCase(CallTestCaseKeyword.groovy:81)
	at com.kms.katalon.core.keyword.builtin.CallTestCaseKeyword.execute(CallTestCaseKeyword.groovy:44)
	at com.kms.katalon.core.keyword.internal.KeywordExecutor.executeKeywordForPlatform(KeywordExecutor.groovy:74)
	at com.kms.katalon.core.keyword.BuiltinKeywords.callTestCase(BuiltinKeywords.groovy:310)
	at PBY-001.run(PBY-001:20)
	at com.kms.katalon.core.main.ScriptEngine.run(ScriptEngine.java:194)
	at com.kms.katalon.core.main.ScriptEngine.runScriptAsRawText(ScriptEngine.java:119)
	at com.kms.katalon.core.main.TestCaseExecutor.runScript(TestCaseExecutor.java:448)
	at com.kms.katalon.core.main.TestCaseExecutor.doExecute(TestCaseExecutor.java:439)
	at com.kms.katalon.core.main.TestCaseExecutor.processExecutionPhase(TestCaseExecutor.java:418)
	at com.kms.katalon.core.main.TestCaseExecutor.accessMainPhase(TestCaseExecutor.java:410)
	at com.kms.katalon.core.main.TestCaseExecutor.execute(TestCaseExecutor.java:285)
	at com.kms.katalon.core.main.TestCaseMain.runTestCase(TestCaseMain.java:144)
	at com.kms.katalon.core.keyword.builtin.CallTestCaseKeyword$_callTestCase_closure1.doCall(CallTestCaseKeyword.groovy:59)
	... 100 more
Caused by: com.kms.katalon.core.exception.StepFailedException: Call Test Case 'Test Cases/T13 Pembelian, Shipment dan Pembayaran/PBL-002' failed
	at com.kms.katalon.core.keyword.builtin.CallTestCaseKeyword$_callTestCase_closure1.doCall(CallTestCaseKeyword.groovy:63)
	at com.kms.katalon.core.keyword.builtin.CallTestCaseKeyword$_callTestCase_closure1.call(CallTestCaseKeyword.groovy)
	at com.kms.katalon.core.keyword.internal.KeywordMain.runKeyword(KeywordMain.groovy:75)
	at com.kms.katalon.core.keyword.builtin.CallTestCaseKeyword.callTestCase(CallTestCaseKeyword.groovy:81)
	at com.kms.katalon.core.keyword.builtin.CallTestCaseKeyword.execute(CallTestCaseKeyword.groovy:44)
	at com.kms.katalon.core.keyword.internal.KeywordExecutor.executeKeywordForPlatform(KeywordExecutor.groovy:74)
	at com.kms.katalon.core.keyword.BuiltinKeywords.callTestCase(BuiltinKeywords.groovy:310)
	at PBL-004.run(PBL-004:20)
	at com.kms.katalon.core.main.ScriptEngine.run(ScriptEngine.java:194)
	at com.kms.katalon.core.main.ScriptEngine.runScriptAsRawText(ScriptEngine.java:119)
	at com.kms.katalon.core.main.TestCaseExecutor.runScript(TestCaseExecutor.java:448)
	at com.kms.katalon.core.main.TestCaseExecutor.doExecute(TestCaseExecutor.java:439)
	at com.kms.katalon.core.main.TestCaseExecutor.processExecutionPhase(TestCaseExecutor.java:418)
	at com.kms.katalon.core.main.TestCaseExecutor.accessMainPhase(TestCaseExecutor.java:410)
	at com.kms.katalon.core.main.TestCaseExecutor.execute(TestCaseExecutor.java:285)
	at com.kms.katalon.core.main.TestCaseMain.runTestCase(TestCaseMain.java:144)
	at com.kms.katalon.core.keyword.builtin.CallTestCaseKeyword$_callTestCase_closure1.doCall(CallTestCaseKeyword.groovy:59)
	... 116 more
Caused by: com.kms.katalon.core.exception.StepFailedException: Unable to click on object 'Object Repository/beli barang/Lihat Sekarang'
	at com.kms.katalon.core.webui.keyword.internal.WebUIKeywordMain.stepFailed(WebUIKeywordMain.groovy:64)
	at com.kms.katalon.core.webui.keyword.internal.WebUIKeywordMain.runKeyword(WebUIKeywordMain.groovy:26)
	at com.kms.katalon.core.webui.keyword.builtin.ClickKeyword.click(ClickKeyword.groovy:74)
	at com.kms.katalon.core.webui.keyword.builtin.ClickKeyword.execute(ClickKeyword.groovy:40)
	at com.kms.katalon.core.keyword.internal.KeywordExecutor.executeKeywordForPlatform(KeywordExecutor.groovy:74)
	at com.kms.katalon.core.webui.keyword.WebUiBuiltInKeywords.click(WebUiBuiltInKeywords.groovy:620)
	at com.kms.katalon.core.webui.keyword.WebUiBuiltInKeywords$click$2.call(Unknown Source)
	at PBL-002.run(PBL-002:25)
	at com.kms.katalon.core.main.ScriptEngine.run(ScriptEngine.java:194)
	at com.kms.katalon.core.main.ScriptEngine.runScriptAsRawText(ScriptEngine.java:119)
	at com.kms.katalon.core.main.TestCaseExecutor.runScript(TestCaseExecutor.java:448)
	at com.kms.katalon.core.main.TestCaseExecutor.doExecute(TestCaseExecutor.java:439)
	at com.kms.katalon.core.main.TestCaseExecutor.processExecutionPhase(TestCaseExecutor.java:418)
	at com.kms.katalon.core.main.TestCaseExecutor.accessMainPhase(TestCaseExecutor.java:410)
	at com.kms.katalon.core.main.TestCaseExecutor.execute(TestCaseExecutor.java:285)
	at com.kms.katalon.core.main.TestCaseMain.runTestCase(TestCaseMain.java:144)
	at com.kms.katalon.core.keyword.builtin.CallTestCaseKeyword$_callTestCase_closure1.doCall(CallTestCaseKeyword.groovy:59)
	... 132 more
Caused by: org.openqa.selenium.ElementNotInteractableException: Element <a class="ps-btn ps-btn--fullwidth" href="https://10.9.2.63/ecommerce/produk/keranjang"> could not be scrolled into view
Build info: version: '3.141.59', revision: 'e82be7d358', time: '2018-11-14T08:25:53'
System info: host: 'DESKTOP-H62FVJ8', ip: '10.9.2.72', os.name: 'Windows 10', os.arch: 'amd64', os.version: '10.0', java.version: '1.8.0_362'
Driver info: com.kms.katalon.core.webui.driver.firefox.CGeckoDriver
Capabilities {acceptInsecureCerts: true, browserName: firefox, browserVersion: 117.0.1, javascriptEnabled: true, moz:accessibilityChecks: false, moz:buildID: 20230912013654, moz:geckodriverVersion: 0.33.0, moz:headless: false, moz:platformVersion: 10.0, moz:processID: 17188, moz:profile: C:\Users\IRFAN\AppData\Loca..., moz:shutdownTimeout: 60000, moz:webdriverClick: true, moz:windowless: false, pageLoadStrategy: normal, platform: WINDOWS, platformName: WINDOWS, proxy: Proxy(direct), setWindowRect: true, strictFileInteractability: false, timeouts: {implicit: 0, pageLoad: 300000, script: 30000}, unhandledPromptBehavior: dismiss and notify}
Session ID: 04cf3b6c-2b0e-450a-a181-9467d554da97
	at org.openqa.selenium.remote.http.W3CHttpResponseCodec.createException(W3CHttpResponseCodec.java:187)
	at org.openqa.selenium.remote.http.W3CHttpResponseCodec.decode(W3CHttpResponseCodec.java:122)
	at org.openqa.selenium.remote.http.W3CHttpResponseCodec.decode(W3CHttpResponseCodec.java:49)
	at org.openqa.selenium.remote.HttpCommandExecutor.execute(HttpCommandExecutor.java:158)
	at org.openqa.selenium.remote.service.DriverCommandExecutor.execute(DriverCommandExecutor.java:83)
	at org.openqa.selenium.remote.RemoteWebDriver.execute(RemoteWebDriver.java:552)
	at com.kms.katalon.selenium.driver.CFirefoxDriver.execute(CFirefoxDriver.java:27)
	at org.openqa.selenium.remote.RemoteWebElement.execute(RemoteWebElement.java:285)
	at org.openqa.selenium.remote.RemoteWebElement.click(RemoteWebElement.java:84)
	at org.openqa.selenium.support.events.EventFiringWebDriver$EventFiringWebElement.lambda$new$0(EventFiringWebDriver.java:404)
	at com.sun.proxy.$Proxy11.click(Unknown Source)
	at org.openqa.selenium.support.events.EventFiringWebDriver$EventFiringWebElement.click(EventFiringWebDriver.java:417)
	at org.openqa.selenium.WebElement$click.call(Unknown Source)
	at com.kms.katalon.core.webui.keyword.builtin.ClickKeyword.clickUntilSuccessWithTimeout(ClickKeyword.groovy:81)
	at com.kms.katalon.core.webui.keyword.builtin.ClickKeyword.clickUntilSuccessWithTimeout(ClickKeyword.groovy)
	at com.kms.katalon.core.webui.keyword.builtin.ClickKeyword$_click_closure1.doCall(ClickKeyword.groovy:67)
	at com.kms.katalon.core.webui.keyword.builtin.ClickKeyword$_click_closure1.call(ClickKeyword.groovy)
	at com.kms.katalon.core.webui.keyword.internal.WebUIKeywordMain.runKeyword(WebUIKeywordMain.groovy:20)
	... 147 more


2023-10-04 19:57:18 - [TEST_STEP][FAILED] - data = callTestCase(findTestCase("T13 Pembelian, Shipment dan Pembayaran/SA-001"), [:], STOP_ON_FAILURE): Unable to call Test Case 'Test Cases/T13 Pembelian, Shipment dan Pembayaran/SA-001' (Root cause: com.kms.katalon.core.exception.StepFailedException: Call Test Case 'Test Cases/T13 Pembelian, Shipment dan Pembayaran/SA-001' failed
	at com.kms.katalon.core.keyword.builtin.CallTestCaseKeyword$_callTestCase_closure1.doCall(CallTestCaseKeyword.groovy:63)
	at com.kms.katalon.core.keyword.builtin.CallTestCaseKeyword$_callTestCase_closure1.call(CallTestCaseKeyword.groovy)
	at com.kms.katalon.core.keyword.internal.KeywordMain.runKeyword(KeywordMain.groovy:75)
	at com.kms.katalon.core.keyword.builtin.CallTestCaseKeyword.callTestCase(CallTestCaseKeyword.groovy:81)
	at com.kms.katalon.core.keyword.builtin.CallTestCaseKeyword.execute(CallTestCaseKeyword.groovy:44)
	at com.kms.katalon.core.keyword.internal.KeywordExecutor.executeKeywordForPlatform(KeywordExecutor.groovy:74)
	at com.kms.katalon.core.keyword.BuiltinKeywords.callTestCase(BuiltinKeywords.groovy:310)
	at SA-002.run(SA-002:20)
	at com.kms.katalon.core.main.ScriptEngine.run(ScriptEngine.java:194)
	at com.kms.katalon.core.main.ScriptEngine.runScriptAsRawText(ScriptEngine.java:119)
	at com.kms.katalon.core.main.TestCaseExecutor.runScript(TestCaseExecutor.java:448)
	at com.kms.katalon.core.main.TestCaseExecutor.doExecute(TestCaseExecutor.java:439)
	at com.kms.katalon.core.main.TestCaseExecutor.processExecutionPhase(TestCaseExecutor.java:418)
	at com.kms.katalon.core.main.TestCaseExecutor.accessMainPhase(TestCaseExecutor.java:410)
	at com.kms.katalon.core.main.TestCaseExecutor.execute(TestCaseExecutor.java:285)
	at com.kms.katalon.core.main.TestCaseMain.runTestCase(TestCaseMain.java:144)
	at com.kms.katalon.core.keyword.builtin.CallTestCaseKeyword$_callTestCase_closure1.doCall(CallTestCaseKeyword.groovy:59)
	at com.kms.katalon.core.keyword.builtin.CallTestCaseKeyword$_callTestCase_closure1.call(CallTestCaseKeyword.groovy)
	at com.kms.katalon.core.keyword.internal.KeywordMain.runKeyword(KeywordMain.groovy:75)
	at com.kms.katalon.core.keyword.builtin.CallTestCaseKeyword.callTestCase(CallTestCaseKeyword.groovy:81)
	at com.kms.katalon.core.keyword.builtin.CallTestCaseKeyword.execute(CallTestCaseKeyword.groovy:44)
	at com.kms.katalon.core.keyword.internal.KeywordExecutor.executeKeywordForPlatform(KeywordExecutor.groovy:74)
	at com.kms.katalon.core.keyword.BuiltinKeywords.callTestCase(BuiltinKeywords.groovy:310)
	at SA-003.run(SA-003:20)
	at com.kms.katalon.core.main.ScriptEngine.run(ScriptEngine.java:194)
	at com.kms.katalon.core.main.ScriptEngine.runScriptAsRawText(ScriptEngine.java:119)
	at com.kms.katalon.core.main.TestCaseExecutor.runScript(TestCaseExecutor.java:448)
	at com.kms.katalon.core.main.TestCaseExecutor.doExecute(TestCaseExecutor.java:439)
	at com.kms.katalon.core.main.TestCaseExecutor.processExecutionPhase(TestCaseExecutor.java:418)
	at com.kms.katalon.core.main.TestCaseExecutor.accessMainPhase(TestCaseExecutor.java:410)
	at com.kms.katalon.core.main.TestCaseExecutor.execute(TestCaseExecutor.java:285)
	at com.kms.katalon.core.main.TestCaseMain.runTestCase(TestCaseMain.java:144)
	at com.kms.katalon.core.keyword.builtin.CallTestCaseKeyword$_callTestCase_closure1.doCall(CallTestCaseKeyword.groovy:59)
	at com.kms.katalon.core.keyword.builtin.CallTestCaseKeyword$_callTestCase_closure1.call(CallTestCaseKeyword.groovy)
	at com.kms.katalon.core.keyword.internal.KeywordMain.runKeyword(KeywordMain.groovy:75)
	at com.kms.katalon.core.keyword.builtin.CallTestCaseKeyword.callTestCase(CallTestCaseKeyword.groovy:81)
	at com.kms.katalon.core.keyword.builtin.CallTestCaseKeyword.execute(CallTestCaseKeyword.groovy:44)
	at com.kms.katalon.core.keyword.internal.KeywordExecutor.executeKeywordForPlatform(KeywordExecutor.groovy:74)
	at com.kms.katalon.core.keyword.BuiltinKeywords.callTestCase(BuiltinKeywords.groovy:310)
	at SU-010.run(SU-010:20)
	at com.kms.katalon.core.main.ScriptEngine.run(ScriptEngine.java:194)
	at com.kms.katalon.core.main.ScriptEngine.runScriptAsRawText(ScriptEngine.java:119)
	at com.kms.katalon.core.main.TestCaseExecutor.runScript(TestCaseExecutor.java:448)
	at com.kms.katalon.core.main.TestCaseExecutor.doExecute(TestCaseExecutor.java:439)
	at com.kms.katalon.core.main.TestCaseExecutor.processExecutionPhase(TestCaseExecutor.java:418)
	at com.kms.katalon.core.main.TestCaseExecutor.accessMainPhase(TestCaseExecutor.java:410)
	at com.kms.katalon.core.main.TestCaseExecutor.execute(TestCaseExecutor.java:285)
	at com.kms.katalon.core.common.CommonExecutor.accessTestCaseMainPhase(CommonExecutor.java:65)
	at com.kms.katalon.core.main.TestSuiteExecutor.accessTestSuiteMainPhase(TestSuiteExecutor.java:148)
	at com.kms.katalon.core.main.TestSuiteExecutor.execute(TestSuiteExecutor.java:106)
	at com.kms.katalon.core.main.TestCaseMain.startTestSuite(TestCaseMain.java:187)
	at com.kms.katalon.core.main.TestCaseMain$startTestSuite$0.call(Unknown Source)
	at TempTestSuite1696420804604.run(TempTestSuite1696420804604.groovy:36)
Caused by: com.kms.katalon.core.exception.StepFailedException: Call Test Case 'Test Cases/T13 Pembelian, Shipment dan Pembayaran/PBYA-001' failed
	at com.kms.katalon.core.keyword.builtin.CallTestCaseKeyword$_callTestCase_closure1.doCall(CallTestCaseKeyword.groovy:63)
	at com.kms.katalon.core.keyword.builtin.CallTestCaseKeyword$_callTestCase_closure1.call(CallTestCaseKeyword.groovy)
	at com.kms.katalon.core.keyword.internal.KeywordMain.runKeyword(KeywordMain.groovy:75)
	at com.kms.katalon.core.keyword.builtin.CallTestCaseKeyword.callTestCase(CallTestCaseKeyword.groovy:81)
	at com.kms.katalon.core.keyword.builtin.CallTestCaseKeyword.execute(CallTestCaseKeyword.groovy:44)
	at com.kms.katalon.core.keyword.internal.KeywordExecutor.executeKeywordForPlatform(KeywordExecutor.groovy:74)
	at com.kms.katalon.core.keyword.BuiltinKeywords.callTestCase(BuiltinKeywords.groovy:310)
	at SA-001.run(SA-001:20)
	at com.kms.katalon.core.main.ScriptEngine.run(ScriptEngine.java:194)
	at com.kms.katalon.core.main.ScriptEngine.runScriptAsRawText(ScriptEngine.java:119)
	at com.kms.katalon.core.main.TestCaseExecutor.runScript(TestCaseExecutor.java:448)
	at com.kms.katalon.core.main.TestCaseExecutor.doExecute(TestCaseExecutor.java:439)
	at com.kms.katalon.core.main.TestCaseExecutor.processExecutionPhase(TestCaseExecutor.java:418)
	at com.kms.katalon.core.main.TestCaseExecutor.accessMainPhase(TestCaseExecutor.java:410)
	at com.kms.katalon.core.main.TestCaseExecutor.execute(TestCaseExecutor.java:285)
	at com.kms.katalon.core.main.TestCaseMain.runTestCase(TestCaseMain.java:144)
	at com.kms.katalon.core.keyword.builtin.CallTestCaseKeyword$_callTestCase_closure1.doCall(CallTestCaseKeyword.groovy:59)
	... 52 more
Caused by: com.kms.katalon.core.exception.StepFailedException: Call Test Case 'Test Cases/T13 Pembelian, Shipment dan Pembayaran/PBY-004' failed
	at com.kms.katalon.core.keyword.builtin.CallTestCaseKeyword$_callTestCase_closure1.doCall(CallTestCaseKeyword.groovy:63)
	at com.kms.katalon.core.keyword.builtin.CallTestCaseKeyword$_callTestCase_closure1.call(CallTestCaseKeyword.groovy)
	at com.kms.katalon.core.keyword.internal.KeywordMain.runKeyword(KeywordMain.groovy:75)
	at com.kms.katalon.core.keyword.builtin.CallTestCaseKeyword.callTestCase(CallTestCaseKeyword.groovy:81)
	at com.kms.katalon.core.keyword.builtin.CallTestCaseKeyword.execute(CallTestCaseKeyword.groovy:44)
	at com.kms.katalon.core.keyword.internal.KeywordExecutor.executeKeywordForPlatform(KeywordExecutor.groovy:74)
	at com.kms.katalon.core.keyword.BuiltinKeywords.callTestCase(BuiltinKeywords.groovy:310)
	at PBYA-001.run(PBYA-001:20)
	at com.kms.katalon.core.main.ScriptEngine.run(ScriptEngine.java:194)
	at com.kms.katalon.core.main.ScriptEngine.runScriptAsRawText(ScriptEngine.java:119)
	at com.kms.katalon.core.main.TestCaseExecutor.runScript(TestCaseExecutor.java:448)
	at com.kms.katalon.core.main.TestCaseExecutor.doExecute(TestCaseExecutor.java:439)
	at com.kms.katalon.core.main.TestCaseExecutor.processExecutionPhase(TestCaseExecutor.java:418)
	at com.kms.katalon.core.main.TestCaseExecutor.accessMainPhase(TestCaseExecutor.java:410)
	at com.kms.katalon.core.main.TestCaseExecutor.execute(TestCaseExecutor.java:285)
	at com.kms.katalon.core.main.TestCaseMain.runTestCase(TestCaseMain.java:144)
	at com.kms.katalon.core.keyword.builtin.CallTestCaseKeyword$_callTestCase_closure1.doCall(CallTestCaseKeyword.groovy:59)
	... 68 more
Caused by: com.kms.katalon.core.exception.StepFailedException: Call Test Case 'Test Cases/T13 Pembelian, Shipment dan Pembayaran/PBY-001' failed
	at com.kms.katalon.core.keyword.builtin.CallTestCaseKeyword$_callTestCase_closure1.doCall(CallTestCaseKeyword.groovy:63)
	at com.kms.katalon.core.keyword.builtin.CallTestCaseKeyword$_callTestCase_closure1.call(CallTestCaseKeyword.groovy)
	at com.kms.katalon.core.keyword.internal.KeywordMain.runKeyword(KeywordMain.groovy:75)
	at com.kms.katalon.core.keyword.builtin.CallTestCaseKeyword.callTestCase(CallTestCaseKeyword.groovy:81)
	at com.kms.katalon.core.keyword.builtin.CallTestCaseKeyword.execute(CallTestCaseKeyword.groovy:44)
	at com.kms.katalon.core.keyword.internal.KeywordExecutor.executeKeywordForPlatform(KeywordExecutor.groovy:74)
	at com.kms.katalon.core.keyword.BuiltinKeywords.callTestCase(BuiltinKeywords.groovy:310)
	at PBY-004.run(PBY-004:20)
	at com.kms.katalon.core.main.ScriptEngine.run(ScriptEngine.java:194)
	at com.kms.katalon.core.main.ScriptEngine.runScriptAsRawText(ScriptEngine.java:119)
	at com.kms.katalon.core.main.TestCaseExecutor.runScript(TestCaseExecutor.java:448)
	at com.kms.katalon.core.main.TestCaseExecutor.doExecute(TestCaseExecutor.java:439)
	at com.kms.katalon.core.main.TestCaseExecutor.processExecutionPhase(TestCaseExecutor.java:418)
	at com.kms.katalon.core.main.TestCaseExecutor.accessMainPhase(TestCaseExecutor.java:410)
	at com.kms.katalon.core.main.TestCaseExecutor.execute(TestCaseExecutor.java:285)
	at com.kms.katalon.core.main.TestCaseMain.runTestCase(TestCaseMain.java:144)
	at com.kms.katalon.core.keyword.builtin.CallTestCaseKeyword$_callTestCase_closure1.doCall(CallTestCaseKeyword.groovy:59)
	... 84 more
Caused by: com.kms.katalon.core.exception.StepFailedException: Call Test Case 'Test Cases/T13 Pembelian, Shipment dan Pembayaran/PBL-004' failed
	at com.kms.katalon.core.keyword.builtin.CallTestCaseKeyword$_callTestCase_closure1.doCall(CallTestCaseKeyword.groovy:63)
	at com.kms.katalon.core.keyword.builtin.CallTestCaseKeyword$_callTestCase_closure1.call(CallTestCaseKeyword.groovy)
	at com.kms.katalon.core.keyword.internal.KeywordMain.runKeyword(KeywordMain.groovy:75)
	at com.kms.katalon.core.keyword.builtin.CallTestCaseKeyword.callTestCase(CallTestCaseKeyword.groovy:81)
	at com.kms.katalon.core.keyword.builtin.CallTestCaseKeyword.execute(CallTestCaseKeyword.groovy:44)
	at com.kms.katalon.core.keyword.internal.KeywordExecutor.executeKeywordForPlatform(KeywordExecutor.groovy:74)
	at com.kms.katalon.core.keyword.BuiltinKeywords.callTestCase(BuiltinKeywords.groovy:310)
	at PBY-001.run(PBY-001:20)
	at com.kms.katalon.core.main.ScriptEngine.run(ScriptEngine.java:194)
	at com.kms.katalon.core.main.ScriptEngine.runScriptAsRawText(ScriptEngine.java:119)
	at com.kms.katalon.core.main.TestCaseExecutor.runScript(TestCaseExecutor.java:448)
	at com.kms.katalon.core.main.TestCaseExecutor.doExecute(TestCaseExecutor.java:439)
	at com.kms.katalon.core.main.TestCaseExecutor.processExecutionPhase(TestCaseExecutor.java:418)
	at com.kms.katalon.core.main.TestCaseExecutor.accessMainPhase(TestCaseExecutor.java:410)
	at com.kms.katalon.core.main.TestCaseExecutor.execute(TestCaseExecutor.java:285)
	at com.kms.katalon.core.main.TestCaseMain.runTestCase(TestCaseMain.java:144)
	at com.kms.katalon.core.keyword.builtin.CallTestCaseKeyword$_callTestCase_closure1.doCall(CallTestCaseKeyword.groovy:59)
	... 100 more
Caused by: com.kms.katalon.core.exception.StepFailedException: Call Test Case 'Test Cases/T13 Pembelian, Shipment dan Pembayaran/PBL-002' failed
	at com.kms.katalon.core.keyword.builtin.CallTestCaseKeyword$_callTestCase_closure1.doCall(CallTestCaseKeyword.groovy:63)
	at com.kms.katalon.core.keyword.builtin.CallTestCaseKeyword$_callTestCase_closure1.call(CallTestCaseKeyword.groovy)
	at com.kms.katalon.core.keyword.internal.KeywordMain.runKeyword(KeywordMain.groovy:75)
	at com.kms.katalon.core.keyword.builtin.CallTestCaseKeyword.callTestCase(CallTestCaseKeyword.groovy:81)
	at com.kms.katalon.core.keyword.builtin.CallTestCaseKeyword.execute(CallTestCaseKeyword.groovy:44)
	at com.kms.katalon.core.keyword.internal.KeywordExecutor.executeKeywordForPlatform(KeywordExecutor.groovy:74)
	at com.kms.katalon.core.keyword.BuiltinKeywords.callTestCase(BuiltinKeywords.groovy:310)
	at PBL-004.run(PBL-004:20)
	at com.kms.katalon.core.main.ScriptEngine.run(ScriptEngine.java:194)
	at com.kms.katalon.core.main.ScriptEngine.runScriptAsRawText(ScriptEngine.java:119)
	at com.kms.katalon.core.main.TestCaseExecutor.runScript(TestCaseExecutor.java:448)
	at com.kms.katalon.core.main.TestCaseExecutor.doExecute(TestCaseExecutor.java:439)
	at com.kms.katalon.core.main.TestCaseExecutor.processExecutionPhase(TestCaseExecutor.java:418)
	at com.kms.katalon.core.main.TestCaseExecutor.accessMainPhase(TestCaseExecutor.java:410)
	at com.kms.katalon.core.main.TestCaseExecutor.execute(TestCaseExecutor.java:285)
	at com.kms.katalon.core.main.TestCaseMain.runTestCase(TestCaseMain.java:144)
	at com.kms.katalon.core.keyword.builtin.CallTestCaseKeyword$_callTestCase_closure1.doCall(CallTestCaseKeyword.groovy:59)
	... 116 more
Caused by: com.kms.katalon.core.exception.StepFailedException: Unable to click on object 'Object Repository/beli barang/Lihat Sekarang'
	at com.kms.katalon.core.webui.keyword.internal.WebUIKeywordMain.stepFailed(WebUIKeywordMain.groovy:64)
	at com.kms.katalon.core.webui.keyword.internal.WebUIKeywordMain.runKeyword(WebUIKeywordMain.groovy:26)
	at com.kms.katalon.core.webui.keyword.builtin.ClickKeyword.click(ClickKeyword.groovy:74)
	at com.kms.katalon.core.webui.keyword.builtin.ClickKeyword.execute(ClickKeyword.groovy:40)
	at com.kms.katalon.core.keyword.internal.KeywordExecutor.executeKeywordForPlatform(KeywordExecutor.groovy:74)
	at com.kms.katalon.core.webui.keyword.WebUiBuiltInKeywords.click(WebUiBuiltInKeywords.groovy:620)
	at com.kms.katalon.core.webui.keyword.WebUiBuiltInKeywords$click$2.call(Unknown Source)
	at PBL-002.run(PBL-002:25)
	at com.kms.katalon.core.main.ScriptEngine.run(ScriptEngine.java:194)
	at com.kms.katalon.core.main.ScriptEngine.runScriptAsRawText(ScriptEngine.java:119)
	at com.kms.katalon.core.main.TestCaseExecutor.runScript(TestCaseExecutor.java:448)
	at com.kms.katalon.core.main.TestCaseExecutor.doExecute(TestCaseExecutor.java:439)
	at com.kms.katalon.core.main.TestCaseExecutor.processExecutionPhase(TestCaseExecutor.java:418)
	at com.kms.katalon.core.main.TestCaseExecutor.accessMainPhase(TestCaseExecutor.java:410)
	at com.kms.katalon.core.main.TestCaseExecutor.execute(TestCaseExecutor.java:285)
	at com.kms.katalon.core.main.TestCaseMain.runTestCase(TestCaseMain.java:144)
	at com.kms.katalon.core.keyword.builtin.CallTestCaseKeyword$_callTestCase_closure1.doCall(CallTestCaseKeyword.groovy:59)
	... 132 more
Caused by: org.openqa.selenium.ElementNotInteractableException: Element <a class="ps-btn ps-btn--fullwidth" href="https://10.9.2.63/ecommerce/produk/keranjang"> could not be scrolled into view
Build info: version: '3.141.59', revision: 'e82be7d358', time: '2018-11-14T08:25:53'
System info: host: 'DESKTOP-H62FVJ8', ip: '10.9.2.72', os.name: 'Windows 10', os.arch: 'amd64', os.version: '10.0', java.version: '1.8.0_362'
Driver info: com.kms.katalon.core.webui.driver.firefox.CGeckoDriver
Capabilities {acceptInsecureCerts: true, browserName: firefox, browserVersion: 117.0.1, javascriptEnabled: true, moz:accessibilityChecks: false, moz:buildID: 20230912013654, moz:geckodriverVersion: 0.33.0, moz:headless: false, moz:platformVersion: 10.0, moz:processID: 17188, moz:profile: C:\Users\IRFAN\AppData\Loca..., moz:shutdownTimeout: 60000, moz:webdriverClick: true, moz:windowless: false, pageLoadStrategy: normal, platform: WINDOWS, platformName: WINDOWS, proxy: Proxy(direct), setWindowRect: true, strictFileInteractability: false, timeouts: {implicit: 0, pageLoad: 300000, script: 30000}, unhandledPromptBehavior: dismiss and notify}
Session ID: 04cf3b6c-2b0e-450a-a181-9467d554da97
	at org.openqa.selenium.remote.http.W3CHttpResponseCodec.createException(W3CHttpResponseCodec.java:187)
	at org.openqa.selenium.remote.http.W3CHttpResponseCodec.decode(W3CHttpResponseCodec.java:122)
	at org.openqa.selenium.remote.http.W3CHttpResponseCodec.decode(W3CHttpResponseCodec.java:49)
	at org.openqa.selenium.remote.HttpCommandExecutor.execute(HttpCommandExecutor.java:158)
	at org.openqa.selenium.remote.service.DriverCommandExecutor.execute(DriverCommandExecutor.java:83)
	at org.openqa.selenium.remote.RemoteWebDriver.execute(RemoteWebDriver.java:552)
	at com.kms.katalon.selenium.driver.CFirefoxDriver.execute(CFirefoxDriver.java:27)
	at org.openqa.selenium.remote.RemoteWebElement.execute(RemoteWebElement.java:285)
	at org.openqa.selenium.remote.RemoteWebElement.click(RemoteWebElement.java:84)
	at org.openqa.selenium.support.events.EventFiringWebDriver$EventFiringWebElement.lambda$new$0(EventFiringWebDriver.java:404)
	at com.sun.proxy.$Proxy11.click(Unknown Source)
	at org.openqa.selenium.support.events.EventFiringWebDriver$EventFiringWebElement.click(EventFiringWebDriver.java:417)
	at org.openqa.selenium.WebElement$click.call(Unknown Source)
	at com.kms.katalon.core.webui.keyword.builtin.ClickKeyword.clickUntilSuccessWithTimeout(ClickKeyword.groovy:81)
	at com.kms.katalon.core.webui.keyword.builtin.ClickKeyword.clickUntilSuccessWithTimeout(ClickKeyword.groovy)
	at com.kms.katalon.core.webui.keyword.builtin.ClickKeyword$_click_closure1.doCall(ClickKeyword.groovy:67)
	at com.kms.katalon.core.webui.keyword.builtin.ClickKeyword$_click_closure1.call(ClickKeyword.groovy)
	at com.kms.katalon.core.webui.keyword.internal.WebUIKeywordMain.runKeyword(WebUIKeywordMain.groovy:20)
	... 147 more
)

2023-10-04 19:57:18 - [TEST_CASE][FAILED] - Test Cases/T13 Pembelian, Shipment dan Pembayaran/SA-001: Test Cases/T13 Pembelian, Shipment dan Pembayaran/SA-001 FAILED.
Reason:
com.kms.katalon.core.exception.StepFailedException: Call Test Case 'Test Cases/T13 Pembelian, Shipment dan Pembayaran/PBYA-001' failed
	at com.kms.katalon.core.keyword.builtin.CallTestCaseKeyword$_callTestCase_closure1.doCall(CallTestCaseKeyword.groovy:63)
	at com.kms.katalon.core.keyword.builtin.CallTestCaseKeyword$_callTestCase_closure1.call(CallTestCaseKeyword.groovy)
	at com.kms.katalon.core.keyword.internal.KeywordMain.runKeyword(KeywordMain.groovy:75)
	at com.kms.katalon.core.keyword.builtin.CallTestCaseKeyword.callTestCase(CallTestCaseKeyword.groovy:81)
	at com.kms.katalon.core.keyword.builtin.CallTestCaseKeyword.execute(CallTestCaseKeyword.groovy:44)
	at com.kms.katalon.core.keyword.internal.KeywordExecutor.executeKeywordForPlatform(KeywordExecutor.groovy:74)
	at com.kms.katalon.core.keyword.BuiltinKeywords.callTestCase(BuiltinKeywords.groovy:310)
	at SA-001.run(SA-001:20)
	at com.kms.katalon.core.main.ScriptEngine.run(ScriptEngine.java:194)
	at com.kms.katalon.core.main.ScriptEngine.runScriptAsRawText(ScriptEngine.java:119)
	at com.kms.katalon.core.main.TestCaseExecutor.runScript(TestCaseExecutor.java:448)
	at com.kms.katalon.core.main.TestCaseExecutor.doExecute(TestCaseExecutor.java:439)
	at com.kms.katalon.core.main.TestCaseExecutor.processExecutionPhase(TestCaseExecutor.java:418)
	at com.kms.katalon.core.main.TestCaseExecutor.accessMainPhase(TestCaseExecutor.java:410)
	at com.kms.katalon.core.main.TestCaseExecutor.execute(TestCaseExecutor.java:285)
	at com.kms.katalon.core.main.TestCaseMain.runTestCase(TestCaseMain.java:144)
	at com.kms.katalon.core.keyword.builtin.CallTestCaseKeyword$_callTestCase_closure1.doCall(CallTestCaseKeyword.groovy:59)
	at com.kms.katalon.core.keyword.builtin.CallTestCaseKeyword$_callTestCase_closure1.call(CallTestCaseKeyword.groovy)
	at com.kms.katalon.core.keyword.internal.KeywordMain.runKeyword(KeywordMain.groovy:75)
	at com.kms.katalon.core.keyword.builtin.CallTestCaseKeyword.callTestCase(CallTestCaseKeyword.groovy:81)
	at com.kms.katalon.core.keyword.builtin.CallTestCaseKeyword.execute(CallTestCaseKeyword.groovy:44)
	at com.kms.katalon.core.keyword.internal.KeywordExecutor.executeKeywordForPlatform(KeywordExecutor.groovy:74)
	at com.kms.katalon.core.keyword.BuiltinKeywords.callTestCase(BuiltinKeywords.groovy:310)
	at SA-002.run(SA-002:20)
	at com.kms.katalon.core.main.ScriptEngine.run(ScriptEngine.java:194)
	at com.kms.katalon.core.main.ScriptEngine.runScriptAsRawText(ScriptEngine.java:119)
	at com.kms.katalon.core.main.TestCaseExecutor.runScript(TestCaseExecutor.java:448)
	at com.kms.katalon.core.main.TestCaseExecutor.doExecute(TestCaseExecutor.java:439)
	at com.kms.katalon.core.main.TestCaseExecutor.processExecutionPhase(TestCaseExecutor.java:418)
	at com.kms.katalon.core.main.TestCaseExecutor.accessMainPhase(TestCaseExecutor.java:410)
	at com.kms.katalon.core.main.TestCaseExecutor.execute(TestCaseExecutor.java:285)
	at com.kms.katalon.core.main.TestCaseMain.runTestCase(TestCaseMain.java:144)
	at com.kms.katalon.core.keyword.builtin.CallTestCaseKeyword$_callTestCase_closure1.doCall(CallTestCaseKeyword.groovy:59)
	at com.kms.katalon.core.keyword.builtin.CallTestCaseKeyword$_callTestCase_closure1.call(CallTestCaseKeyword.groovy)
	at com.kms.katalon.core.keyword.internal.KeywordMain.runKeyword(KeywordMain.groovy:75)
	at com.kms.katalon.core.keyword.builtin.CallTestCaseKeyword.callTestCase(CallTestCaseKeyword.groovy:81)
	at com.kms.katalon.core.keyword.builtin.CallTestCaseKeyword.execute(CallTestCaseKeyword.groovy:44)
	at com.kms.katalon.core.keyword.internal.KeywordExecutor.executeKeywordForPlatform(KeywordExecutor.groovy:74)
	at com.kms.katalon.core.keyword.BuiltinKeywords.callTestCase(BuiltinKeywords.groovy:310)
	at SA-003.run(SA-003:20)
	at com.kms.katalon.core.main.ScriptEngine.run(ScriptEngine.java:194)
	at com.kms.katalon.core.main.ScriptEngine.runScriptAsRawText(ScriptEngine.java:119)
	at com.kms.katalon.core.main.TestCaseExecutor.runScript(TestCaseExecutor.java:448)
	at com.kms.katalon.core.main.TestCaseExecutor.doExecute(TestCaseExecutor.java:439)
	at com.kms.katalon.core.main.TestCaseExecutor.processExecutionPhase(TestCaseExecutor.java:418)
	at com.kms.katalon.core.main.TestCaseExecutor.accessMainPhase(TestCaseExecutor.java:410)
	at com.kms.katalon.core.main.TestCaseExecutor.execute(TestCaseExecutor.java:285)
	at com.kms.katalon.core.main.TestCaseMain.runTestCase(TestCaseMain.java:144)
	at com.kms.katalon.core.keyword.builtin.CallTestCaseKeyword$_callTestCase_closure1.doCall(CallTestCaseKeyword.groovy:59)
	at com.kms.katalon.core.keyword.builtin.CallTestCaseKeyword$_callTestCase_closure1.call(CallTestCaseKeyword.groovy)
	at com.kms.katalon.core.keyword.internal.KeywordMain.runKeyword(KeywordMain.groovy:75)
	at com.kms.katalon.core.keyword.builtin.CallTestCaseKeyword.callTestCase(CallTestCaseKeyword.groovy:81)
	at com.kms.katalon.core.keyword.builtin.CallTestCaseKeyword.execute(CallTestCaseKeyword.groovy:44)
	at com.kms.katalon.core.keyword.internal.KeywordExecutor.executeKeywordForPlatform(KeywordExecutor.groovy:74)
	at com.kms.katalon.core.keyword.BuiltinKeywords.callTestCase(BuiltinKeywords.groovy:310)
	at SU-010.run(SU-010:20)
	at com.kms.katalon.core.main.ScriptEngine.run(ScriptEngine.java:194)
	at com.kms.katalon.core.main.ScriptEngine.runScriptAsRawText(ScriptEngine.java:119)
	at com.kms.katalon.core.main.TestCaseExecutor.runScript(TestCaseExecutor.java:448)
	at com.kms.katalon.core.main.TestCaseExecutor.doExecute(TestCaseExecutor.java:439)
	at com.kms.katalon.core.main.TestCaseExecutor.processExecutionPhase(TestCaseExecutor.java:418)
	at com.kms.katalon.core.main.TestCaseExecutor.accessMainPhase(TestCaseExecutor.java:410)
	at com.kms.katalon.core.main.TestCaseExecutor.execute(TestCaseExecutor.java:285)
	at com.kms.katalon.core.common.CommonExecutor.accessTestCaseMainPhase(CommonExecutor.java:65)
	at com.kms.katalon.core.main.TestSuiteExecutor.accessTestSuiteMainPhase(TestSuiteExecutor.java:148)
	at com.kms.katalon.core.main.TestSuiteExecutor.execute(TestSuiteExecutor.java:106)
	at com.kms.katalon.core.main.TestCaseMain.startTestSuite(TestCaseMain.java:187)
	at com.kms.katalon.core.main.TestCaseMain$startTestSuite$0.call(Unknown Source)
	at TempTestSuite1696420804604.run(TempTestSuite1696420804604.groovy:36)
Caused by: com.kms.katalon.core.exception.StepFailedException: Call Test Case 'Test Cases/T13 Pembelian, Shipment dan Pembayaran/PBY-004' failed
	at com.kms.katalon.core.keyword.builtin.CallTestCaseKeyword$_callTestCase_closure1.doCall(CallTestCaseKeyword.groovy:63)
	at com.kms.katalon.core.keyword.builtin.CallTestCaseKeyword$_callTestCase_closure1.call(CallTestCaseKeyword.groovy)
	at com.kms.katalon.core.keyword.internal.KeywordMain.runKeyword(KeywordMain.groovy:75)
	at com.kms.katalon.core.keyword.builtin.CallTestCaseKeyword.callTestCase(CallTestCaseKeyword.groovy:81)
	at com.kms.katalon.core.keyword.builtin.CallTestCaseKeyword.execute(CallTestCaseKeyword.groovy:44)
	at com.kms.katalon.core.keyword.internal.KeywordExecutor.executeKeywordForPlatform(KeywordExecutor.groovy:74)
	at com.kms.katalon.core.keyword.BuiltinKeywords.callTestCase(BuiltinKeywords.groovy:310)
	at PBYA-001.run(PBYA-001:20)
	at com.kms.katalon.core.main.ScriptEngine.run(ScriptEngine.java:194)
	at com.kms.katalon.core.main.ScriptEngine.runScriptAsRawText(ScriptEngine.java:119)
	at com.kms.katalon.core.main.TestCaseExecutor.runScript(TestCaseExecutor.java:448)
	at com.kms.katalon.core.main.TestCaseExecutor.doExecute(TestCaseExecutor.java:439)
	at com.kms.katalon.core.main.TestCaseExecutor.processExecutionPhase(TestCaseExecutor.java:418)
	at com.kms.katalon.core.main.TestCaseExecutor.accessMainPhase(TestCaseExecutor.java:410)
	at com.kms.katalon.core.main.TestCaseExecutor.execute(TestCaseExecutor.java:285)
	at com.kms.katalon.core.main.TestCaseMain.runTestCase(TestCaseMain.java:144)
	at com.kms.katalon.core.keyword.builtin.CallTestCaseKeyword$_callTestCase_closure1.doCall(CallTestCaseKeyword.groovy:59)
	... 68 more
Caused by: com.kms.katalon.core.exception.StepFailedException: Call Test Case 'Test Cases/T13 Pembelian, Shipment dan Pembayaran/PBY-001' failed
	at com.kms.katalon.core.keyword.builtin.CallTestCaseKeyword$_callTestCase_closure1.doCall(CallTestCaseKeyword.groovy:63)
	at com.kms.katalon.core.keyword.builtin.CallTestCaseKeyword$_callTestCase_closure1.call(CallTestCaseKeyword.groovy)
	at com.kms.katalon.core.keyword.internal.KeywordMain.runKeyword(KeywordMain.groovy:75)
	at com.kms.katalon.core.keyword.builtin.CallTestCaseKeyword.callTestCase(CallTestCaseKeyword.groovy:81)
	at com.kms.katalon.core.keyword.builtin.CallTestCaseKeyword.execute(CallTestCaseKeyword.groovy:44)
	at com.kms.katalon.core.keyword.internal.KeywordExecutor.executeKeywordForPlatform(KeywordExecutor.groovy:74)
	at com.kms.katalon.core.keyword.BuiltinKeywords.callTestCase(BuiltinKeywords.groovy:310)
	at PBY-004.run(PBY-004:20)
	at com.kms.katalon.core.main.ScriptEngine.run(ScriptEngine.java:194)
	at com.kms.katalon.core.main.ScriptEngine.runScriptAsRawText(ScriptEngine.java:119)
	at com.kms.katalon.core.main.TestCaseExecutor.runScript(TestCaseExecutor.java:448)
	at com.kms.katalon.core.main.TestCaseExecutor.doExecute(TestCaseExecutor.java:439)
	at com.kms.katalon.core.main.TestCaseExecutor.processExecutionPhase(TestCaseExecutor.java:418)
	at com.kms.katalon.core.main.TestCaseExecutor.accessMainPhase(TestCaseExecutor.java:410)
	at com.kms.katalon.core.main.TestCaseExecutor.execute(TestCaseExecutor.java:285)
	at com.kms.katalon.core.main.TestCaseMain.runTestCase(TestCaseMain.java:144)
	at com.kms.katalon.core.keyword.builtin.CallTestCaseKeyword$_callTestCase_closure1.doCall(CallTestCaseKeyword.groovy:59)
	... 84 more
Caused by: com.kms.katalon.core.exception.StepFailedException: Call Test Case 'Test Cases/T13 Pembelian, Shipment dan Pembayaran/PBL-004' failed
	at com.kms.katalon.core.keyword.builtin.CallTestCaseKeyword$_callTestCase_closure1.doCall(CallTestCaseKeyword.groovy:63)
	at com.kms.katalon.core.keyword.builtin.CallTestCaseKeyword$_callTestCase_closure1.call(CallTestCaseKeyword.groovy)
	at com.kms.katalon.core.keyword.internal.KeywordMain.runKeyword(KeywordMain.groovy:75)
	at com.kms.katalon.core.keyword.builtin.CallTestCaseKeyword.callTestCase(CallTestCaseKeyword.groovy:81)
	at com.kms.katalon.core.keyword.builtin.CallTestCaseKeyword.execute(CallTestCaseKeyword.groovy:44)
	at com.kms.katalon.core.keyword.internal.KeywordExecutor.executeKeywordForPlatform(KeywordExecutor.groovy:74)
	at com.kms.katalon.core.keyword.BuiltinKeywords.callTestCase(BuiltinKeywords.groovy:310)
	at PBY-001.run(PBY-001:20)
	at com.kms.katalon.core.main.ScriptEngine.run(ScriptEngine.java:194)
	at com.kms.katalon.core.main.ScriptEngine.runScriptAsRawText(ScriptEngine.java:119)
	at com.kms.katalon.core.main.TestCaseExecutor.runScript(TestCaseExecutor.java:448)
	at com.kms.katalon.core.main.TestCaseExecutor.doExecute(TestCaseExecutor.java:439)
	at com.kms.katalon.core.main.TestCaseExecutor.processExecutionPhase(TestCaseExecutor.java:418)
	at com.kms.katalon.core.main.TestCaseExecutor.accessMainPhase(TestCaseExecutor.java:410)
	at com.kms.katalon.core.main.TestCaseExecutor.execute(TestCaseExecutor.java:285)
	at com.kms.katalon.core.main.TestCaseMain.runTestCase(TestCaseMain.java:144)
	at com.kms.katalon.core.keyword.builtin.CallTestCaseKeyword$_callTestCase_closure1.doCall(CallTestCaseKeyword.groovy:59)
	... 100 more
Caused by: com.kms.katalon.core.exception.StepFailedException: Call Test Case 'Test Cases/T13 Pembelian, Shipment dan Pembayaran/PBL-002' failed
	at com.kms.katalon.core.keyword.builtin.CallTestCaseKeyword$_callTestCase_closure1.doCall(CallTestCaseKeyword.groovy:63)
	at com.kms.katalon.core.keyword.builtin.CallTestCaseKeyword$_callTestCase_closure1.call(CallTestCaseKeyword.groovy)
	at com.kms.katalon.core.keyword.internal.KeywordMain.runKeyword(KeywordMain.groovy:75)
	at com.kms.katalon.core.keyword.builtin.CallTestCaseKeyword.callTestCase(CallTestCaseKeyword.groovy:81)
	at com.kms.katalon.core.keyword.builtin.CallTestCaseKeyword.execute(CallTestCaseKeyword.groovy:44)
	at com.kms.katalon.core.keyword.internal.KeywordExecutor.executeKeywordForPlatform(KeywordExecutor.groovy:74)
	at com.kms.katalon.core.keyword.BuiltinKeywords.callTestCase(BuiltinKeywords.groovy:310)
	at PBL-004.run(PBL-004:20)
	at com.kms.katalon.core.main.ScriptEngine.run(ScriptEngine.java:194)
	at com.kms.katalon.core.main.ScriptEngine.runScriptAsRawText(ScriptEngine.java:119)
	at com.kms.katalon.core.main.TestCaseExecutor.runScript(TestCaseExecutor.java:448)
	at com.kms.katalon.core.main.TestCaseExecutor.doExecute(TestCaseExecutor.java:439)
	at com.kms.katalon.core.main.TestCaseExecutor.processExecutionPhase(TestCaseExecutor.java:418)
	at com.kms.katalon.core.main.TestCaseExecutor.accessMainPhase(TestCaseExecutor.java:410)
	at com.kms.katalon.core.main.TestCaseExecutor.execute(TestCaseExecutor.java:285)
	at com.kms.katalon.core.main.TestCaseMain.runTestCase(TestCaseMain.java:144)
	at com.kms.katalon.core.keyword.builtin.CallTestCaseKeyword$_callTestCase_closure1.doCall(CallTestCaseKeyword.groovy:59)
	... 116 more
Caused by: com.kms.katalon.core.exception.StepFailedException: Unable to click on object 'Object Repository/beli barang/Lihat Sekarang'
	at com.kms.katalon.core.webui.keyword.internal.WebUIKeywordMain.stepFailed(WebUIKeywordMain.groovy:64)
	at com.kms.katalon.core.webui.keyword.internal.WebUIKeywordMain.runKeyword(WebUIKeywordMain.groovy:26)
	at com.kms.katalon.core.webui.keyword.builtin.ClickKeyword.click(ClickKeyword.groovy:74)
	at com.kms.katalon.core.webui.keyword.builtin.ClickKeyword.execute(ClickKeyword.groovy:40)
	at com.kms.katalon.core.keyword.internal.KeywordExecutor.executeKeywordForPlatform(KeywordExecutor.groovy:74)
	at com.kms.katalon.core.webui.keyword.WebUiBuiltInKeywords.click(WebUiBuiltInKeywords.groovy:620)
	at com.kms.katalon.core.webui.keyword.WebUiBuiltInKeywords$click$2.call(Unknown Source)
	at PBL-002.run(PBL-002:25)
	at com.kms.katalon.core.main.ScriptEngine.run(ScriptEngine.java:194)
	at com.kms.katalon.core.main.ScriptEngine.runScriptAsRawText(ScriptEngine.java:119)
	at com.kms.katalon.core.main.TestCaseExecutor.runScript(TestCaseExecutor.java:448)
	at com.kms.katalon.core.main.TestCaseExecutor.doExecute(TestCaseExecutor.java:439)
	at com.kms.katalon.core.main.TestCaseExecutor.processExecutionPhase(TestCaseExecutor.java:418)
	at com.kms.katalon.core.main.TestCaseExecutor.accessMainPhase(TestCaseExecutor.java:410)
	at com.kms.katalon.core.main.TestCaseExecutor.execute(TestCaseExecutor.java:285)
	at com.kms.katalon.core.main.TestCaseMain.runTestCase(TestCaseMain.java:144)
	at com.kms.katalon.core.keyword.builtin.CallTestCaseKeyword$_callTestCase_closure1.doCall(CallTestCaseKeyword.groovy:59)
	... 132 more
Caused by: org.openqa.selenium.ElementNotInteractableException: Element <a class="ps-btn ps-btn--fullwidth" href="https://10.9.2.63/ecommerce/produk/keranjang"> could not be scrolled into view
Build info: version: '3.141.59', revision: 'e82be7d358', time: '2018-11-14T08:25:53'
System info: host: 'DESKTOP-H62FVJ8', ip: '10.9.2.72', os.name: 'Windows 10', os.arch: 'amd64', os.version: '10.0', java.version: '1.8.0_362'
Driver info: com.kms.katalon.core.webui.driver.firefox.CGeckoDriver
Capabilities {acceptInsecureCerts: true, browserName: firefox, browserVersion: 117.0.1, javascriptEnabled: true, moz:accessibilityChecks: false, moz:buildID: 20230912013654, moz:geckodriverVersion: 0.33.0, moz:headless: false, moz:platformVersion: 10.0, moz:processID: 17188, moz:profile: C:\Users\IRFAN\AppData\Loca..., moz:shutdownTimeout: 60000, moz:webdriverClick: true, moz:windowless: false, pageLoadStrategy: normal, platform: WINDOWS, platformName: WINDOWS, proxy: Proxy(direct), setWindowRect: true, strictFileInteractability: false, timeouts: {implicit: 0, pageLoad: 300000, script: 30000}, unhandledPromptBehavior: dismiss and notify}
Session ID: 04cf3b6c-2b0e-450a-a181-9467d554da97
	at org.openqa.selenium.remote.http.W3CHttpResponseCodec.createException(W3CHttpResponseCodec.java:187)
	at org.openqa.selenium.remote.http.W3CHttpResponseCodec.decode(W3CHttpResponseCodec.java:122)
	at org.openqa.selenium.remote.http.W3CHttpResponseCodec.decode(W3CHttpResponseCodec.java:49)
	at org.openqa.selenium.remote.HttpCommandExecutor.execute(HttpCommandExecutor.java:158)
	at org.openqa.selenium.remote.service.DriverCommandExecutor.execute(DriverCommandExecutor.java:83)
	at org.openqa.selenium.remote.RemoteWebDriver.execute(RemoteWebDriver.java:552)
	at com.kms.katalon.selenium.driver.CFirefoxDriver.execute(CFirefoxDriver.java:27)
	at org.openqa.selenium.remote.RemoteWebElement.execute(RemoteWebElement.java:285)
	at org.openqa.selenium.remote.RemoteWebElement.click(RemoteWebElement.java:84)
	at org.openqa.selenium.support.events.EventFiringWebDriver$EventFiringWebElement.lambda$new$0(EventFiringWebDriver.java:404)
	at com.sun.proxy.$Proxy11.click(Unknown Source)
	at org.openqa.selenium.support.events.EventFiringWebDriver$EventFiringWebElement.click(EventFiringWebDriver.java:417)
	at org.openqa.selenium.WebElement$click.call(Unknown Source)
	at com.kms.katalon.core.webui.keyword.builtin.ClickKeyword.clickUntilSuccessWithTimeout(ClickKeyword.groovy:81)
	at com.kms.katalon.core.webui.keyword.builtin.ClickKeyword.clickUntilSuccessWithTimeout(ClickKeyword.groovy)
	at com.kms.katalon.core.webui.keyword.builtin.ClickKeyword$_click_closure1.doCall(ClickKeyword.groovy:67)
	at com.kms.katalon.core.webui.keyword.builtin.ClickKeyword$_click_closure1.call(ClickKeyword.groovy)
	at com.kms.katalon.core.webui.keyword.internal.WebUIKeywordMain.runKeyword(WebUIKeywordMain.groovy:20)
	... 147 more


2023-10-04 19:57:18 - [TEST_STEP][FAILED] - data = callTestCase(findTestCase("T13 Pembelian, Shipment dan Pembayaran/PBYA-001"), [:], STOP_ON_FAILURE): Unable to call Test Case 'Test Cases/T13 Pembelian, Shipment dan Pembayaran/PBYA-001' (Root cause: com.kms.katalon.core.exception.StepFailedException: Call Test Case 'Test Cases/T13 Pembelian, Shipment dan Pembayaran/PBYA-001' failed
	at com.kms.katalon.core.keyword.builtin.CallTestCaseKeyword$_callTestCase_closure1.doCall(CallTestCaseKeyword.groovy:63)
	at com.kms.katalon.core.keyword.builtin.CallTestCaseKeyword$_callTestCase_closure1.call(CallTestCaseKeyword.groovy)
	at com.kms.katalon.core.keyword.internal.KeywordMain.runKeyword(KeywordMain.groovy:75)
	at com.kms.katalon.core.keyword.builtin.CallTestCaseKeyword.callTestCase(CallTestCaseKeyword.groovy:81)
	at com.kms.katalon.core.keyword.builtin.CallTestCaseKeyword.execute(CallTestCaseKeyword.groovy:44)
	at com.kms.katalon.core.keyword.internal.KeywordExecutor.executeKeywordForPlatform(KeywordExecutor.groovy:74)
	at com.kms.katalon.core.keyword.BuiltinKeywords.callTestCase(BuiltinKeywords.groovy:310)
	at SA-001.run(SA-001:20)
	at com.kms.katalon.core.main.ScriptEngine.run(ScriptEngine.java:194)
	at com.kms.katalon.core.main.ScriptEngine.runScriptAsRawText(ScriptEngine.java:119)
	at com.kms.katalon.core.main.TestCaseExecutor.runScript(TestCaseExecutor.java:448)
	at com.kms.katalon.core.main.TestCaseExecutor.doExecute(TestCaseExecutor.java:439)
	at com.kms.katalon.core.main.TestCaseExecutor.processExecutionPhase(TestCaseExecutor.java:418)
	at com.kms.katalon.core.main.TestCaseExecutor.accessMainPhase(TestCaseExecutor.java:410)
	at com.kms.katalon.core.main.TestCaseExecutor.execute(TestCaseExecutor.java:285)
	at com.kms.katalon.core.main.TestCaseMain.runTestCase(TestCaseMain.java:144)
	at com.kms.katalon.core.keyword.builtin.CallTestCaseKeyword$_callTestCase_closure1.doCall(CallTestCaseKeyword.groovy:59)
	at com.kms.katalon.core.keyword.builtin.CallTestCaseKeyword$_callTestCase_closure1.call(CallTestCaseKeyword.groovy)
	at com.kms.katalon.core.keyword.internal.KeywordMain.runKeyword(KeywordMain.groovy:75)
	at com.kms.katalon.core.keyword.builtin.CallTestCaseKeyword.callTestCase(CallTestCaseKeyword.groovy:81)
	at com.kms.katalon.core.keyword.builtin.CallTestCaseKeyword.execute(CallTestCaseKeyword.groovy:44)
	at com.kms.katalon.core.keyword.internal.KeywordExecutor.executeKeywordForPlatform(KeywordExecutor.groovy:74)
	at com.kms.katalon.core.keyword.BuiltinKeywords.callTestCase(BuiltinKeywords.groovy:310)
	at SA-002.run(SA-002:20)
	at com.kms.katalon.core.main.ScriptEngine.run(ScriptEngine.java:194)
	at com.kms.katalon.core.main.ScriptEngine.runScriptAsRawText(ScriptEngine.java:119)
	at com.kms.katalon.core.main.TestCaseExecutor.runScript(TestCaseExecutor.java:448)
	at com.kms.katalon.core.main.TestCaseExecutor.doExecute(TestCaseExecutor.java:439)
	at com.kms.katalon.core.main.TestCaseExecutor.processExecutionPhase(TestCaseExecutor.java:418)
	at com.kms.katalon.core.main.TestCaseExecutor.accessMainPhase(TestCaseExecutor.java:410)
	at com.kms.katalon.core.main.TestCaseExecutor.execute(TestCaseExecutor.java:285)
	at com.kms.katalon.core.main.TestCaseMain.runTestCase(TestCaseMain.java:144)
	at com.kms.katalon.core.keyword.builtin.CallTestCaseKeyword$_callTestCase_closure1.doCall(CallTestCaseKeyword.groovy:59)
	at com.kms.katalon.core.keyword.builtin.CallTestCaseKeyword$_callTestCase_closure1.call(CallTestCaseKeyword.groovy)
	at com.kms.katalon.core.keyword.internal.KeywordMain.runKeyword(KeywordMain.groovy:75)
	at com.kms.katalon.core.keyword.builtin.CallTestCaseKeyword.callTestCase(CallTestCaseKeyword.groovy:81)
	at com.kms.katalon.core.keyword.builtin.CallTestCaseKeyword.execute(CallTestCaseKeyword.groovy:44)
	at com.kms.katalon.core.keyword.internal.KeywordExecutor.executeKeywordForPlatform(KeywordExecutor.groovy:74)
	at com.kms.katalon.core.keyword.BuiltinKeywords.callTestCase(BuiltinKeywords.groovy:310)
	at SA-003.run(SA-003:20)
	at com.kms.katalon.core.main.ScriptEngine.run(ScriptEngine.java:194)
	at com.kms.katalon.core.main.ScriptEngine.runScriptAsRawText(ScriptEngine.java:119)
	at com.kms.katalon.core.main.TestCaseExecutor.runScript(TestCaseExecutor.java:448)
	at com.kms.katalon.core.main.TestCaseExecutor.doExecute(TestCaseExecutor.java:439)
	at com.kms.katalon.core.main.TestCaseExecutor.processExecutionPhase(TestCaseExecutor.java:418)
	at com.kms.katalon.core.main.TestCaseExecutor.accessMainPhase(TestCaseExecutor.java:410)
	at com.kms.katalon.core.main.TestCaseExecutor.execute(TestCaseExecutor.java:285)
	at com.kms.katalon.core.main.TestCaseMain.runTestCase(TestCaseMain.java:144)
	at com.kms.katalon.core.keyword.builtin.CallTestCaseKeyword$_callTestCase_closure1.doCall(CallTestCaseKeyword.groovy:59)
	at com.kms.katalon.core.keyword.builtin.CallTestCaseKeyword$_callTestCase_closure1.call(CallTestCaseKeyword.groovy)
	at com.kms.katalon.core.keyword.internal.KeywordMain.runKeyword(KeywordMain.groovy:75)
	at com.kms.katalon.core.keyword.builtin.CallTestCaseKeyword.callTestCase(CallTestCaseKeyword.groovy:81)
	at com.kms.katalon.core.keyword.builtin.CallTestCaseKeyword.execute(CallTestCaseKeyword.groovy:44)
	at com.kms.katalon.core.keyword.internal.KeywordExecutor.executeKeywordForPlatform(KeywordExecutor.groovy:74)
	at com.kms.katalon.core.keyword.BuiltinKeywords.callTestCase(BuiltinKeywords.groovy:310)
	at SU-010.run(SU-010:20)
	at com.kms.katalon.core.main.ScriptEngine.run(ScriptEngine.java:194)
	at com.kms.katalon.core.main.ScriptEngine.runScriptAsRawText(ScriptEngine.java:119)
	at com.kms.katalon.core.main.TestCaseExecutor.runScript(TestCaseExecutor.java:448)
	at com.kms.katalon.core.main.TestCaseExecutor.doExecute(TestCaseExecutor.java:439)
	at com.kms.katalon.core.main.TestCaseExecutor.processExecutionPhase(TestCaseExecutor.java:418)
	at com.kms.katalon.core.main.TestCaseExecutor.accessMainPhase(TestCaseExecutor.java:410)
	at com.kms.katalon.core.main.TestCaseExecutor.execute(TestCaseExecutor.java:285)
	at com.kms.katalon.core.common.CommonExecutor.accessTestCaseMainPhase(CommonExecutor.java:65)
	at com.kms.katalon.core.main.TestSuiteExecutor.accessTestSuiteMainPhase(TestSuiteExecutor.java:148)
	at com.kms.katalon.core.main.TestSuiteExecutor.execute(TestSuiteExecutor.java:106)
	at com.kms.katalon.core.main.TestCaseMain.startTestSuite(TestCaseMain.java:187)
	at com.kms.katalon.core.main.TestCaseMain$startTestSuite$0.call(Unknown Source)
	at TempTestSuite1696420804604.run(TempTestSuite1696420804604.groovy:36)
Caused by: com.kms.katalon.core.exception.StepFailedException: Call Test Case 'Test Cases/T13 Pembelian, Shipment dan Pembayaran/PBY-004' failed
	at com.kms.katalon.core.keyword.builtin.CallTestCaseKeyword$_callTestCase_closure1.doCall(CallTestCaseKeyword.groovy:63)
	at com.kms.katalon.core.keyword.builtin.CallTestCaseKeyword$_callTestCase_closure1.call(CallTestCaseKeyword.groovy)
	at com.kms.katalon.core.keyword.internal.KeywordMain.runKeyword(KeywordMain.groovy:75)
	at com.kms.katalon.core.keyword.builtin.CallTestCaseKeyword.callTestCase(CallTestCaseKeyword.groovy:81)
	at com.kms.katalon.core.keyword.builtin.CallTestCaseKeyword.execute(CallTestCaseKeyword.groovy:44)
	at com.kms.katalon.core.keyword.internal.KeywordExecutor.executeKeywordForPlatform(KeywordExecutor.groovy:74)
	at com.kms.katalon.core.keyword.BuiltinKeywords.callTestCase(BuiltinKeywords.groovy:310)
	at PBYA-001.run(PBYA-001:20)
	at com.kms.katalon.core.main.ScriptEngine.run(ScriptEngine.java:194)
	at com.kms.katalon.core.main.ScriptEngine.runScriptAsRawText(ScriptEngine.java:119)
	at com.kms.katalon.core.main.TestCaseExecutor.runScript(TestCaseExecutor.java:448)
	at com.kms.katalon.core.main.TestCaseExecutor.doExecute(TestCaseExecutor.java:439)
	at com.kms.katalon.core.main.TestCaseExecutor.processExecutionPhase(TestCaseExecutor.java:418)
	at com.kms.katalon.core.main.TestCaseExecutor.accessMainPhase(TestCaseExecutor.java:410)
	at com.kms.katalon.core.main.TestCaseExecutor.execute(TestCaseExecutor.java:285)
	at com.kms.katalon.core.main.TestCaseMain.runTestCase(TestCaseMain.java:144)
	at com.kms.katalon.core.keyword.builtin.CallTestCaseKeyword$_callTestCase_closure1.doCall(CallTestCaseKeyword.groovy:59)
	... 68 more
Caused by: com.kms.katalon.core.exception.StepFailedException: Call Test Case 'Test Cases/T13 Pembelian, Shipment dan Pembayaran/PBY-001' failed
	at com.kms.katalon.core.keyword.builtin.CallTestCaseKeyword$_callTestCase_closure1.doCall(CallTestCaseKeyword.groovy:63)
	at com.kms.katalon.core.keyword.builtin.CallTestCaseKeyword$_callTestCase_closure1.call(CallTestCaseKeyword.groovy)
	at com.kms.katalon.core.keyword.internal.KeywordMain.runKeyword(KeywordMain.groovy:75)
	at com.kms.katalon.core.keyword.builtin.CallTestCaseKeyword.callTestCase(CallTestCaseKeyword.groovy:81)
	at com.kms.katalon.core.keyword.builtin.CallTestCaseKeyword.execute(CallTestCaseKeyword.groovy:44)
	at com.kms.katalon.core.keyword.internal.KeywordExecutor.executeKeywordForPlatform(KeywordExecutor.groovy:74)
	at com.kms.katalon.core.keyword.BuiltinKeywords.callTestCase(BuiltinKeywords.groovy:310)
	at PBY-004.run(PBY-004:20)
	at com.kms.katalon.core.main.ScriptEngine.run(ScriptEngine.java:194)
	at com.kms.katalon.core.main.ScriptEngine.runScriptAsRawText(ScriptEngine.java:119)
	at com.kms.katalon.core.main.TestCaseExecutor.runScript(TestCaseExecutor.java:448)
	at com.kms.katalon.core.main.TestCaseExecutor.doExecute(TestCaseExecutor.java:439)
	at com.kms.katalon.core.main.TestCaseExecutor.processExecutionPhase(TestCaseExecutor.java:418)
	at com.kms.katalon.core.main.TestCaseExecutor.accessMainPhase(TestCaseExecutor.java:410)
	at com.kms.katalon.core.main.TestCaseExecutor.execute(TestCaseExecutor.java:285)
	at com.kms.katalon.core.main.TestCaseMain.runTestCase(TestCaseMain.java:144)
	at com.kms.katalon.core.keyword.builtin.CallTestCaseKeyword$_callTestCase_closure1.doCall(CallTestCaseKeyword.groovy:59)
	... 84 more
Caused by: com.kms.katalon.core.exception.StepFailedException: Call Test Case 'Test Cases/T13 Pembelian, Shipment dan Pembayaran/PBL-004' failed
	at com.kms.katalon.core.keyword.builtin.CallTestCaseKeyword$_callTestCase_closure1.doCall(CallTestCaseKeyword.groovy:63)
	at com.kms.katalon.core.keyword.builtin.CallTestCaseKeyword$_callTestCase_closure1.call(CallTestCaseKeyword.groovy)
	at com.kms.katalon.core.keyword.internal.KeywordMain.runKeyword(KeywordMain.groovy:75)
	at com.kms.katalon.core.keyword.builtin.CallTestCaseKeyword.callTestCase(CallTestCaseKeyword.groovy:81)
	at com.kms.katalon.core.keyword.builtin.CallTestCaseKeyword.execute(CallTestCaseKeyword.groovy:44)
	at com.kms.katalon.core.keyword.internal.KeywordExecutor.executeKeywordForPlatform(KeywordExecutor.groovy:74)
	at com.kms.katalon.core.keyword.BuiltinKeywords.callTestCase(BuiltinKeywords.groovy:310)
	at PBY-001.run(PBY-001:20)
	at com.kms.katalon.core.main.ScriptEngine.run(ScriptEngine.java:194)
	at com.kms.katalon.core.main.ScriptEngine.runScriptAsRawText(ScriptEngine.java:119)
	at com.kms.katalon.core.main.TestCaseExecutor.runScript(TestCaseExecutor.java:448)
	at com.kms.katalon.core.main.TestCaseExecutor.doExecute(TestCaseExecutor.java:439)
	at com.kms.katalon.core.main.TestCaseExecutor.processExecutionPhase(TestCaseExecutor.java:418)
	at com.kms.katalon.core.main.TestCaseExecutor.accessMainPhase(TestCaseExecutor.java:410)
	at com.kms.katalon.core.main.TestCaseExecutor.execute(TestCaseExecutor.java:285)
	at com.kms.katalon.core.main.TestCaseMain.runTestCase(TestCaseMain.java:144)
	at com.kms.katalon.core.keyword.builtin.CallTestCaseKeyword$_callTestCase_closure1.doCall(CallTestCaseKeyword.groovy:59)
	... 100 more
Caused by: com.kms.katalon.core.exception.StepFailedException: Call Test Case 'Test Cases/T13 Pembelian, Shipment dan Pembayaran/PBL-002' failed
	at com.kms.katalon.core.keyword.builtin.CallTestCaseKeyword$_callTestCase_closure1.doCall(CallTestCaseKeyword.groovy:63)
	at com.kms.katalon.core.keyword.builtin.CallTestCaseKeyword$_callTestCase_closure1.call(CallTestCaseKeyword.groovy)
	at com.kms.katalon.core.keyword.internal.KeywordMain.runKeyword(KeywordMain.groovy:75)
	at com.kms.katalon.core.keyword.builtin.CallTestCaseKeyword.callTestCase(CallTestCaseKeyword.groovy:81)
	at com.kms.katalon.core.keyword.builtin.CallTestCaseKeyword.execute(CallTestCaseKeyword.groovy:44)
	at com.kms.katalon.core.keyword.internal.KeywordExecutor.executeKeywordForPlatform(KeywordExecutor.groovy:74)
	at com.kms.katalon.core.keyword.BuiltinKeywords.callTestCase(BuiltinKeywords.groovy:310)
	at PBL-004.run(PBL-004:20)
	at com.kms.katalon.core.main.ScriptEngine.run(ScriptEngine.java:194)
	at com.kms.katalon.core.main.ScriptEngine.runScriptAsRawText(ScriptEngine.java:119)
	at com.kms.katalon.core.main.TestCaseExecutor.runScript(TestCaseExecutor.java:448)
	at com.kms.katalon.core.main.TestCaseExecutor.doExecute(TestCaseExecutor.java:439)
	at com.kms.katalon.core.main.TestCaseExecutor.processExecutionPhase(TestCaseExecutor.java:418)
	at com.kms.katalon.core.main.TestCaseExecutor.accessMainPhase(TestCaseExecutor.java:410)
	at com.kms.katalon.core.main.TestCaseExecutor.execute(TestCaseExecutor.java:285)
	at com.kms.katalon.core.main.TestCaseMain.runTestCase(TestCaseMain.java:144)
	at com.kms.katalon.core.keyword.builtin.CallTestCaseKeyword$_callTestCase_closure1.doCall(CallTestCaseKeyword.groovy:59)
	... 116 more
Caused by: com.kms.katalon.core.exception.StepFailedException: Unable to click on object 'Object Repository/beli barang/Lihat Sekarang'
	at com.kms.katalon.core.webui.keyword.internal.WebUIKeywordMain.stepFailed(WebUIKeywordMain.groovy:64)
	at com.kms.katalon.core.webui.keyword.internal.WebUIKeywordMain.runKeyword(WebUIKeywordMain.groovy:26)
	at com.kms.katalon.core.webui.keyword.builtin.ClickKeyword.click(ClickKeyword.groovy:74)
	at com.kms.katalon.core.webui.keyword.builtin.ClickKeyword.execute(ClickKeyword.groovy:40)
	at com.kms.katalon.core.keyword.internal.KeywordExecutor.executeKeywordForPlatform(KeywordExecutor.groovy:74)
	at com.kms.katalon.core.webui.keyword.WebUiBuiltInKeywords.click(WebUiBuiltInKeywords.groovy:620)
	at com.kms.katalon.core.webui.keyword.WebUiBuiltInKeywords$click$2.call(Unknown Source)
	at PBL-002.run(PBL-002:25)
	at com.kms.katalon.core.main.ScriptEngine.run(ScriptEngine.java:194)
	at com.kms.katalon.core.main.ScriptEngine.runScriptAsRawText(ScriptEngine.java:119)
	at com.kms.katalon.core.main.TestCaseExecutor.runScript(TestCaseExecutor.java:448)
	at com.kms.katalon.core.main.TestCaseExecutor.doExecute(TestCaseExecutor.java:439)
	at com.kms.katalon.core.main.TestCaseExecutor.processExecutionPhase(TestCaseExecutor.java:418)
	at com.kms.katalon.core.main.TestCaseExecutor.accessMainPhase(TestCaseExecutor.java:410)
	at com.kms.katalon.core.main.TestCaseExecutor.execute(TestCaseExecutor.java:285)
	at com.kms.katalon.core.main.TestCaseMain.runTestCase(TestCaseMain.java:144)
	at com.kms.katalon.core.keyword.builtin.CallTestCaseKeyword$_callTestCase_closure1.doCall(CallTestCaseKeyword.groovy:59)
	... 132 more
Caused by: org.openqa.selenium.ElementNotInteractableException: Element <a class="ps-btn ps-btn--fullwidth" href="https://10.9.2.63/ecommerce/produk/keranjang"> could not be scrolled into view
Build info: version: '3.141.59', revision: 'e82be7d358', time: '2018-11-14T08:25:53'
System info: host: 'DESKTOP-H62FVJ8', ip: '10.9.2.72', os.name: 'Windows 10', os.arch: 'amd64', os.version: '10.0', java.version: '1.8.0_362'
Driver info: com.kms.katalon.core.webui.driver.firefox.CGeckoDriver
Capabilities {acceptInsecureCerts: true, browserName: firefox, browserVersion: 117.0.1, javascriptEnabled: true, moz:accessibilityChecks: false, moz:buildID: 20230912013654, moz:geckodriverVersion: 0.33.0, moz:headless: false, moz:platformVersion: 10.0, moz:processID: 17188, moz:profile: C:\Users\IRFAN\AppData\Loca..., moz:shutdownTimeout: 60000, moz:webdriverClick: true, moz:windowless: false, pageLoadStrategy: normal, platform: WINDOWS, platformName: WINDOWS, proxy: Proxy(direct), setWindowRect: true, strictFileInteractability: false, timeouts: {implicit: 0, pageLoad: 300000, script: 30000}, unhandledPromptBehavior: dismiss and notify}
Session ID: 04cf3b6c-2b0e-450a-a181-9467d554da97
	at org.openqa.selenium.remote.http.W3CHttpResponseCodec.createException(W3CHttpResponseCodec.java:187)
	at org.openqa.selenium.remote.http.W3CHttpResponseCodec.decode(W3CHttpResponseCodec.java:122)
	at org.openqa.selenium.remote.http.W3CHttpResponseCodec.decode(W3CHttpResponseCodec.java:49)
	at org.openqa.selenium.remote.HttpCommandExecutor.execute(HttpCommandExecutor.java:158)
	at org.openqa.selenium.remote.service.DriverCommandExecutor.execute(DriverCommandExecutor.java:83)
	at org.openqa.selenium.remote.RemoteWebDriver.execute(RemoteWebDriver.java:552)
	at com.kms.katalon.selenium.driver.CFirefoxDriver.execute(CFirefoxDriver.java:27)
	at org.openqa.selenium.remote.RemoteWebElement.execute(RemoteWebElement.java:285)
	at org.openqa.selenium.remote.RemoteWebElement.click(RemoteWebElement.java:84)
	at org.openqa.selenium.support.events.EventFiringWebDriver$EventFiringWebElement.lambda$new$0(EventFiringWebDriver.java:404)
	at com.sun.proxy.$Proxy11.click(Unknown Source)
	at org.openqa.selenium.support.events.EventFiringWebDriver$EventFiringWebElement.click(EventFiringWebDriver.java:417)
	at org.openqa.selenium.WebElement$click.call(Unknown Source)
	at com.kms.katalon.core.webui.keyword.builtin.ClickKeyword.clickUntilSuccessWithTimeout(ClickKeyword.groovy:81)
	at com.kms.katalon.core.webui.keyword.builtin.ClickKeyword.clickUntilSuccessWithTimeout(ClickKeyword.groovy)
	at com.kms.katalon.core.webui.keyword.builtin.ClickKeyword$_click_closure1.doCall(ClickKeyword.groovy:67)
	at com.kms.katalon.core.webui.keyword.builtin.ClickKeyword$_click_closure1.call(ClickKeyword.groovy)
	at com.kms.katalon.core.webui.keyword.internal.WebUIKeywordMain.runKeyword(WebUIKeywordMain.groovy:20)
	... 147 more
)

2023-10-04 19:57:18 - [TEST_CASE][FAILED] - Test Cases/T13 Pembelian, Shipment dan Pembayaran/PBYA-001: Test Cases/T13 Pembelian, Shipment dan Pembayaran/PBYA-001 FAILED.
Reason:
com.kms.katalon.core.exception.StepFailedException: Call Test Case 'Test Cases/T13 Pembelian, Shipment dan Pembayaran/PBY-004' failed
	at com.kms.katalon.core.keyword.builtin.CallTestCaseKeyword$_callTestCase_closure1.doCall(CallTestCaseKeyword.groovy:63)
	at com.kms.katalon.core.keyword.builtin.CallTestCaseKeyword$_callTestCase_closure1.call(CallTestCaseKeyword.groovy)
	at com.kms.katalon.core.keyword.internal.KeywordMain.runKeyword(KeywordMain.groovy:75)
	at com.kms.katalon.core.keyword.builtin.CallTestCaseKeyword.callTestCase(CallTestCaseKeyword.groovy:81)
	at com.kms.katalon.core.keyword.builtin.CallTestCaseKeyword.execute(CallTestCaseKeyword.groovy:44)
	at com.kms.katalon.core.keyword.internal.KeywordExecutor.executeKeywordForPlatform(KeywordExecutor.groovy:74)
	at com.kms.katalon.core.keyword.BuiltinKeywords.callTestCase(BuiltinKeywords.groovy:310)
	at PBYA-001.run(PBYA-001:20)
	at com.kms.katalon.core.main.ScriptEngine.run(ScriptEngine.java:194)
	at com.kms.katalon.core.main.ScriptEngine.runScriptAsRawText(ScriptEngine.java:119)
	at com.kms.katalon.core.main.TestCaseExecutor.runScript(TestCaseExecutor.java:448)
	at com.kms.katalon.core.main.TestCaseExecutor.doExecute(TestCaseExecutor.java:439)
	at com.kms.katalon.core.main.TestCaseExecutor.processExecutionPhase(TestCaseExecutor.java:418)
	at com.kms.katalon.core.main.TestCaseExecutor.accessMainPhase(TestCaseExecutor.java:410)
	at com.kms.katalon.core.main.TestCaseExecutor.execute(TestCaseExecutor.java:285)
	at com.kms.katalon.core.main.TestCaseMain.runTestCase(TestCaseMain.java:144)
	at com.kms.katalon.core.keyword.builtin.CallTestCaseKeyword$_callTestCase_closure1.doCall(CallTestCaseKeyword.groovy:59)
	at com.kms.katalon.core.keyword.builtin.CallTestCaseKeyword$_callTestCase_closure1.call(CallTestCaseKeyword.groovy)
	at com.kms.katalon.core.keyword.internal.KeywordMain.runKeyword(KeywordMain.groovy:75)
	at com.kms.katalon.core.keyword.builtin.CallTestCaseKeyword.callTestCase(CallTestCaseKeyword.groovy:81)
	at com.kms.katalon.core.keyword.builtin.CallTestCaseKeyword.execute(CallTestCaseKeyword.groovy:44)
	at com.kms.katalon.core.keyword.internal.KeywordExecutor.executeKeywordForPlatform(KeywordExecutor.groovy:74)
	at com.kms.katalon.core.keyword.BuiltinKeywords.callTestCase(BuiltinKeywords.groovy:310)
	at SA-001.run(SA-001:20)
	at com.kms.katalon.core.main.ScriptEngine.run(ScriptEngine.java:194)
	at com.kms.katalon.core.main.ScriptEngine.runScriptAsRawText(ScriptEngine.java:119)
	at com.kms.katalon.core.main.TestCaseExecutor.runScript(TestCaseExecutor.java:448)
	at com.kms.katalon.core.main.TestCaseExecutor.doExecute(TestCaseExecutor.java:439)
	at com.kms.katalon.core.main.TestCaseExecutor.processExecutionPhase(TestCaseExecutor.java:418)
	at com.kms.katalon.core.main.TestCaseExecutor.accessMainPhase(TestCaseExecutor.java:410)
	at com.kms.katalon.core.main.TestCaseExecutor.execute(TestCaseExecutor.java:285)
	at com.kms.katalon.core.main.TestCaseMain.runTestCase(TestCaseMain.java:144)
	at com.kms.katalon.core.keyword.builtin.CallTestCaseKeyword$_callTestCase_closure1.doCall(CallTestCaseKeyword.groovy:59)
	at com.kms.katalon.core.keyword.builtin.CallTestCaseKeyword$_callTestCase_closure1.call(CallTestCaseKeyword.groovy)
	at com.kms.katalon.core.keyword.internal.KeywordMain.runKeyword(KeywordMain.groovy:75)
	at com.kms.katalon.core.keyword.builtin.CallTestCaseKeyword.callTestCase(CallTestCaseKeyword.groovy:81)
	at com.kms.katalon.core.keyword.builtin.CallTestCaseKeyword.execute(CallTestCaseKeyword.groovy:44)
	at com.kms.katalon.core.keyword.internal.KeywordExecutor.executeKeywordForPlatform(KeywordExecutor.groovy:74)
	at com.kms.katalon.core.keyword.BuiltinKeywords.callTestCase(BuiltinKeywords.groovy:310)
	at SA-002.run(SA-002:20)
	at com.kms.katalon.core.main.ScriptEngine.run(ScriptEngine.java:194)
	at com.kms.katalon.core.main.ScriptEngine.runScriptAsRawText(ScriptEngine.java:119)
	at com.kms.katalon.core.main.TestCaseExecutor.runScript(TestCaseExecutor.java:448)
	at com.kms.katalon.core.main.TestCaseExecutor.doExecute(TestCaseExecutor.java:439)
	at com.kms.katalon.core.main.TestCaseExecutor.processExecutionPhase(TestCaseExecutor.java:418)
	at com.kms.katalon.core.main.TestCaseExecutor.accessMainPhase(TestCaseExecutor.java:410)
	at com.kms.katalon.core.main.TestCaseExecutor.execute(TestCaseExecutor.java:285)
	at com.kms.katalon.core.main.TestCaseMain.runTestCase(TestCaseMain.java:144)
	at com.kms.katalon.core.keyword.builtin.CallTestCaseKeyword$_callTestCase_closure1.doCall(CallTestCaseKeyword.groovy:59)
	at com.kms.katalon.core.keyword.builtin.CallTestCaseKeyword$_callTestCase_closure1.call(CallTestCaseKeyword.groovy)
	at com.kms.katalon.core.keyword.internal.KeywordMain.runKeyword(KeywordMain.groovy:75)
	at com.kms.katalon.core.keyword.builtin.CallTestCaseKeyword.callTestCase(CallTestCaseKeyword.groovy:81)
	at com.kms.katalon.core.keyword.builtin.CallTestCaseKeyword.execute(CallTestCaseKeyword.groovy:44)
	at com.kms.katalon.core.keyword.internal.KeywordExecutor.executeKeywordForPlatform(KeywordExecutor.groovy:74)
	at com.kms.katalon.core.keyword.BuiltinKeywords.callTestCase(BuiltinKeywords.groovy:310)
	at SA-003.run(SA-003:20)
	at com.kms.katalon.core.main.ScriptEngine.run(ScriptEngine.java:194)
	at com.kms.katalon.core.main.ScriptEngine.runScriptAsRawText(ScriptEngine.java:119)
	at com.kms.katalon.core.main.TestCaseExecutor.runScript(TestCaseExecutor.java:448)
	at com.kms.katalon.core.main.TestCaseExecutor.doExecute(TestCaseExecutor.java:439)
	at com.kms.katalon.core.main.TestCaseExecutor.processExecutionPhase(TestCaseExecutor.java:418)
	at com.kms.katalon.core.main.TestCaseExecutor.accessMainPhase(TestCaseExecutor.java:410)
	at com.kms.katalon.core.main.TestCaseExecutor.execute(TestCaseExecutor.java:285)
	at com.kms.katalon.core.main.TestCaseMain.runTestCase(TestCaseMain.java:144)
	at com.kms.katalon.core.keyword.builtin.CallTestCaseKeyword$_callTestCase_closure1.doCall(CallTestCaseKeyword.groovy:59)
	at com.kms.katalon.core.keyword.builtin.CallTestCaseKeyword$_callTestCase_closure1.call(CallTestCaseKeyword.groovy)
	at com.kms.katalon.core.keyword.internal.KeywordMain.runKeyword(KeywordMain.groovy:75)
	at com.kms.katalon.core.keyword.builtin.CallTestCaseKeyword.callTestCase(CallTestCaseKeyword.groovy:81)
	at com.kms.katalon.core.keyword.builtin.CallTestCaseKeyword.execute(CallTestCaseKeyword.groovy:44)
	at com.kms.katalon.core.keyword.internal.KeywordExecutor.executeKeywordForPlatform(KeywordExecutor.groovy:74)
	at com.kms.katalon.core.keyword.BuiltinKeywords.callTestCase(BuiltinKeywords.groovy:310)
	at SU-010.run(SU-010:20)
	at com.kms.katalon.core.main.ScriptEngine.run(ScriptEngine.java:194)
	at com.kms.katalon.core.main.ScriptEngine.runScriptAsRawText(ScriptEngine.java:119)
	at com.kms.katalon.core.main.TestCaseExecutor.runScript(TestCaseExecutor.java:448)
	at com.kms.katalon.core.main.TestCaseExecutor.doExecute(TestCaseExecutor.java:439)
	at com.kms.katalon.core.main.TestCaseExecutor.processExecutionPhase(TestCaseExecutor.java:418)
	at com.kms.katalon.core.main.TestCaseExecutor.accessMainPhase(TestCaseExecutor.java:410)
	at com.kms.katalon.core.main.TestCaseExecutor.execute(TestCaseExecutor.java:285)
	at com.kms.katalon.core.common.CommonExecutor.accessTestCaseMainPhase(CommonExecutor.java:65)
	at com.kms.katalon.core.main.TestSuiteExecutor.accessTestSuiteMainPhase(TestSuiteExecutor.java:148)
	at com.kms.katalon.core.main.TestSuiteExecutor.execute(TestSuiteExecutor.java:106)
	at com.kms.katalon.core.main.TestCaseMain.startTestSuite(TestCaseMain.java:187)
	at com.kms.katalon.core.main.TestCaseMain$startTestSuite$0.call(Unknown Source)
	at TempTestSuite1696420804604.run(TempTestSuite1696420804604.groovy:36)
Caused by: com.kms.katalon.core.exception.StepFailedException: Call Test Case 'Test Cases/T13 Pembelian, Shipment dan Pembayaran/PBY-001' failed
	at com.kms.katalon.core.keyword.builtin.CallTestCaseKeyword$_callTestCase_closure1.doCall(CallTestCaseKeyword.groovy:63)
	at com.kms.katalon.core.keyword.builtin.CallTestCaseKeyword$_callTestCase_closure1.call(CallTestCaseKeyword.groovy)
	at com.kms.katalon.core.keyword.internal.KeywordMain.runKeyword(KeywordMain.groovy:75)
	at com.kms.katalon.core.keyword.builtin.CallTestCaseKeyword.callTestCase(CallTestCaseKeyword.groovy:81)
	at com.kms.katalon.core.keyword.builtin.CallTestCaseKeyword.execute(CallTestCaseKeyword.groovy:44)
	at com.kms.katalon.core.keyword.internal.KeywordExecutor.executeKeywordForPlatform(KeywordExecutor.groovy:74)
	at com.kms.katalon.core.keyword.BuiltinKeywords.callTestCase(BuiltinKeywords.groovy:310)
	at PBY-004.run(PBY-004:20)
	at com.kms.katalon.core.main.ScriptEngine.run(ScriptEngine.java:194)
	at com.kms.katalon.core.main.ScriptEngine.runScriptAsRawText(ScriptEngine.java:119)
	at com.kms.katalon.core.main.TestCaseExecutor.runScript(TestCaseExecutor.java:448)
	at com.kms.katalon.core.main.TestCaseExecutor.doExecute(TestCaseExecutor.java:439)
	at com.kms.katalon.core.main.TestCaseExecutor.processExecutionPhase(TestCaseExecutor.java:418)
	at com.kms.katalon.core.main.TestCaseExecutor.accessMainPhase(TestCaseExecutor.java:410)
	at com.kms.katalon.core.main.TestCaseExecutor.execute(TestCaseExecutor.java:285)
	at com.kms.katalon.core.main.TestCaseMain.runTestCase(TestCaseMain.java:144)
	at com.kms.katalon.core.keyword.builtin.CallTestCaseKeyword$_callTestCase_closure1.doCall(CallTestCaseKeyword.groovy:59)
	... 84 more
Caused by: com.kms.katalon.core.exception.StepFailedException: Call Test Case 'Test Cases/T13 Pembelian, Shipment dan Pembayaran/PBL-004' failed
	at com.kms.katalon.core.keyword.builtin.CallTestCaseKeyword$_callTestCase_closure1.doCall(CallTestCaseKeyword.groovy:63)
	at com.kms.katalon.core.keyword.builtin.CallTestCaseKeyword$_callTestCase_closure1.call(CallTestCaseKeyword.groovy)
	at com.kms.katalon.core.keyword.internal.KeywordMain.runKeyword(KeywordMain.groovy:75)
	at com.kms.katalon.core.keyword.builtin.CallTestCaseKeyword.callTestCase(CallTestCaseKeyword.groovy:81)
	at com.kms.katalon.core.keyword.builtin.CallTestCaseKeyword.execute(CallTestCaseKeyword.groovy:44)
	at com.kms.katalon.core.keyword.internal.KeywordExecutor.executeKeywordForPlatform(KeywordExecutor.groovy:74)
	at com.kms.katalon.core.keyword.BuiltinKeywords.callTestCase(BuiltinKeywords.groovy:310)
	at PBY-001.run(PBY-001:20)
	at com.kms.katalon.core.main.ScriptEngine.run(ScriptEngine.java:194)
	at com.kms.katalon.core.main.ScriptEngine.runScriptAsRawText(ScriptEngine.java:119)
	at com.kms.katalon.core.main.TestCaseExecutor.runScript(TestCaseExecutor.java:448)
	at com.kms.katalon.core.main.TestCaseExecutor.doExecute(TestCaseExecutor.java:439)
	at com.kms.katalon.core.main.TestCaseExecutor.processExecutionPhase(TestCaseExecutor.java:418)
	at com.kms.katalon.core.main.TestCaseExecutor.accessMainPhase(TestCaseExecutor.java:410)
	at com.kms.katalon.core.main.TestCaseExecutor.execute(TestCaseExecutor.java:285)
	at com.kms.katalon.core.main.TestCaseMain.runTestCase(TestCaseMain.java:144)
	at com.kms.katalon.core.keyword.builtin.CallTestCaseKeyword$_callTestCase_closure1.doCall(CallTestCaseKeyword.groovy:59)
	... 100 more
Caused by: com.kms.katalon.core.exception.StepFailedException: Call Test Case 'Test Cases/T13 Pembelian, Shipment dan Pembayaran/PBL-002' failed
	at com.kms.katalon.core.keyword.builtin.CallTestCaseKeyword$_callTestCase_closure1.doCall(CallTestCaseKeyword.groovy:63)
	at com.kms.katalon.core.keyword.builtin.CallTestCaseKeyword$_callTestCase_closure1.call(CallTestCaseKeyword.groovy)
	at com.kms.katalon.core.keyword.internal.KeywordMain.runKeyword(KeywordMain.groovy:75)
	at com.kms.katalon.core.keyword.builtin.CallTestCaseKeyword.callTestCase(CallTestCaseKeyword.groovy:81)
	at com.kms.katalon.core.keyword.builtin.CallTestCaseKeyword.execute(CallTestCaseKeyword.groovy:44)
	at com.kms.katalon.core.keyword.internal.KeywordExecutor.executeKeywordForPlatform(KeywordExecutor.groovy:74)
	at com.kms.katalon.core.keyword.BuiltinKeywords.callTestCase(BuiltinKeywords.groovy:310)
	at PBL-004.run(PBL-004:20)
	at com.kms.katalon.core.main.ScriptEngine.run(ScriptEngine.java:194)
	at com.kms.katalon.core.main.ScriptEngine.runScriptAsRawText(ScriptEngine.java:119)
	at com.kms.katalon.core.main.TestCaseExecutor.runScript(TestCaseExecutor.java:448)
	at com.kms.katalon.core.main.TestCaseExecutor.doExecute(TestCaseExecutor.java:439)
	at com.kms.katalon.core.main.TestCaseExecutor.processExecutionPhase(TestCaseExecutor.java:418)
	at com.kms.katalon.core.main.TestCaseExecutor.accessMainPhase(TestCaseExecutor.java:410)
	at com.kms.katalon.core.main.TestCaseExecutor.execute(TestCaseExecutor.java:285)
	at com.kms.katalon.core.main.TestCaseMain.runTestCase(TestCaseMain.java:144)
	at com.kms.katalon.core.keyword.builtin.CallTestCaseKeyword$_callTestCase_closure1.doCall(CallTestCaseKeyword.groovy:59)
	... 116 more
Caused by: com.kms.katalon.core.exception.StepFailedException: Unable to click on object 'Object Repository/beli barang/Lihat Sekarang'
	at com.kms.katalon.core.webui.keyword.internal.WebUIKeywordMain.stepFailed(WebUIKeywordMain.groovy:64)
	at com.kms.katalon.core.webui.keyword.internal.WebUIKeywordMain.runKeyword(WebUIKeywordMain.groovy:26)
	at com.kms.katalon.core.webui.keyword.builtin.ClickKeyword.click(ClickKeyword.groovy:74)
	at com.kms.katalon.core.webui.keyword.builtin.ClickKeyword.execute(ClickKeyword.groovy:40)
	at com.kms.katalon.core.keyword.internal.KeywordExecutor.executeKeywordForPlatform(KeywordExecutor.groovy:74)
	at com.kms.katalon.core.webui.keyword.WebUiBuiltInKeywords.click(WebUiBuiltInKeywords.groovy:620)
	at com.kms.katalon.core.webui.keyword.WebUiBuiltInKeywords$click$2.call(Unknown Source)
	at PBL-002.run(PBL-002:25)
	at com.kms.katalon.core.main.ScriptEngine.run(ScriptEngine.java:194)
	at com.kms.katalon.core.main.ScriptEngine.runScriptAsRawText(ScriptEngine.java:119)
	at com.kms.katalon.core.main.TestCaseExecutor.runScript(TestCaseExecutor.java:448)
	at com.kms.katalon.core.main.TestCaseExecutor.doExecute(TestCaseExecutor.java:439)
	at com.kms.katalon.core.main.TestCaseExecutor.processExecutionPhase(TestCaseExecutor.java:418)
	at com.kms.katalon.core.main.TestCaseExecutor.accessMainPhase(TestCaseExecutor.java:410)
	at com.kms.katalon.core.main.TestCaseExecutor.execute(TestCaseExecutor.java:285)
	at com.kms.katalon.core.main.TestCaseMain.runTestCase(TestCaseMain.java:144)
	at com.kms.katalon.core.keyword.builtin.CallTestCaseKeyword$_callTestCase_closure1.doCall(CallTestCaseKeyword.groovy:59)
	... 132 more
Caused by: org.openqa.selenium.ElementNotInteractableException: Element <a class="ps-btn ps-btn--fullwidth" href="https://10.9.2.63/ecommerce/produk/keranjang"> could not be scrolled into view
Build info: version: '3.141.59', revision: 'e82be7d358', time: '2018-11-14T08:25:53'
System info: host: 'DESKTOP-H62FVJ8', ip: '10.9.2.72', os.name: 'Windows 10', os.arch: 'amd64', os.version: '10.0', java.version: '1.8.0_362'
Driver info: com.kms.katalon.core.webui.driver.firefox.CGeckoDriver
Capabilities {acceptInsecureCerts: true, browserName: firefox, browserVersion: 117.0.1, javascriptEnabled: true, moz:accessibilityChecks: false, moz:buildID: 20230912013654, moz:geckodriverVersion: 0.33.0, moz:headless: false, moz:platformVersion: 10.0, moz:processID: 17188, moz:profile: C:\Users\IRFAN\AppData\Loca..., moz:shutdownTimeout: 60000, moz:webdriverClick: true, moz:windowless: false, pageLoadStrategy: normal, platform: WINDOWS, platformName: WINDOWS, proxy: Proxy(direct), setWindowRect: true, strictFileInteractability: false, timeouts: {implicit: 0, pageLoad: 300000, script: 30000}, unhandledPromptBehavior: dismiss and notify}
Session ID: 04cf3b6c-2b0e-450a-a181-9467d554da97
	at org.openqa.selenium.remote.http.W3CHttpResponseCodec.createException(W3CHttpResponseCodec.java:187)
	at org.openqa.selenium.remote.http.W3CHttpResponseCodec.decode(W3CHttpResponseCodec.java:122)
	at org.openqa.selenium.remote.http.W3CHttpResponseCodec.decode(W3CHttpResponseCodec.java:49)
	at org.openqa.selenium.remote.HttpCommandExecutor.execute(HttpCommandExecutor.java:158)
	at org.openqa.selenium.remote.service.DriverCommandExecutor.execute(DriverCommandExecutor.java:83)
	at org.openqa.selenium.remote.RemoteWebDriver.execute(RemoteWebDriver.java:552)
	at com.kms.katalon.selenium.driver.CFirefoxDriver.execute(CFirefoxDriver.java:27)
	at org.openqa.selenium.remote.RemoteWebElement.execute(RemoteWebElement.java:285)
	at org.openqa.selenium.remote.RemoteWebElement.click(RemoteWebElement.java:84)
	at org.openqa.selenium.support.events.EventFiringWebDriver$EventFiringWebElement.lambda$new$0(EventFiringWebDriver.java:404)
	at com.sun.proxy.$Proxy11.click(Unknown Source)
	at org.openqa.selenium.support.events.EventFiringWebDriver$EventFiringWebElement.click(EventFiringWebDriver.java:417)
	at org.openqa.selenium.WebElement$click.call(Unknown Source)
	at com.kms.katalon.core.webui.keyword.builtin.ClickKeyword.clickUntilSuccessWithTimeout(ClickKeyword.groovy:81)
	at com.kms.katalon.core.webui.keyword.builtin.ClickKeyword.clickUntilSuccessWithTimeout(ClickKeyword.groovy)
	at com.kms.katalon.core.webui.keyword.builtin.ClickKeyword$_click_closure1.doCall(ClickKeyword.groovy:67)
	at com.kms.katalon.core.webui.keyword.builtin.ClickKeyword$_click_closure1.call(ClickKeyword.groovy)
	at com.kms.katalon.core.webui.keyword.internal.WebUIKeywordMain.runKeyword(WebUIKeywordMain.groovy:20)
	... 147 more


2023-10-04 19:57:18 - [TEST_STEP][FAILED] - data = callTestCase(findTestCase("T13 Pembelian, Shipment dan Pembayaran/PBY-004"), [:], STOP_ON_FAILURE): Unable to call Test Case 'Test Cases/T13 Pembelian, Shipment dan Pembayaran/PBY-004' (Root cause: com.kms.katalon.core.exception.StepFailedException: Call Test Case 'Test Cases/T13 Pembelian, Shipment dan Pembayaran/PBY-004' failed
	at com.kms.katalon.core.keyword.builtin.CallTestCaseKeyword$_callTestCase_closure1.doCall(CallTestCaseKeyword.groovy:63)
	at com.kms.katalon.core.keyword.builtin.CallTestCaseKeyword$_callTestCase_closure1.call(CallTestCaseKeyword.groovy)
	at com.kms.katalon.core.keyword.internal.KeywordMain.runKeyword(KeywordMain.groovy:75)
	at com.kms.katalon.core.keyword.builtin.CallTestCaseKeyword.callTestCase(CallTestCaseKeyword.groovy:81)
	at com.kms.katalon.core.keyword.builtin.CallTestCaseKeyword.execute(CallTestCaseKeyword.groovy:44)
	at com.kms.katalon.core.keyword.internal.KeywordExecutor.executeKeywordForPlatform(KeywordExecutor.groovy:74)
	at com.kms.katalon.core.keyword.BuiltinKeywords.callTestCase(BuiltinKeywords.groovy:310)
	at PBYA-001.run(PBYA-001:20)
	at com.kms.katalon.core.main.ScriptEngine.run(ScriptEngine.java:194)
	at com.kms.katalon.core.main.ScriptEngine.runScriptAsRawText(ScriptEngine.java:119)
	at com.kms.katalon.core.main.TestCaseExecutor.runScript(TestCaseExecutor.java:448)
	at com.kms.katalon.core.main.TestCaseExecutor.doExecute(TestCaseExecutor.java:439)
	at com.kms.katalon.core.main.TestCaseExecutor.processExecutionPhase(TestCaseExecutor.java:418)
	at com.kms.katalon.core.main.TestCaseExecutor.accessMainPhase(TestCaseExecutor.java:410)
	at com.kms.katalon.core.main.TestCaseExecutor.execute(TestCaseExecutor.java:285)
	at com.kms.katalon.core.main.TestCaseMain.runTestCase(TestCaseMain.java:144)
	at com.kms.katalon.core.keyword.builtin.CallTestCaseKeyword$_callTestCase_closure1.doCall(CallTestCaseKeyword.groovy:59)
	at com.kms.katalon.core.keyword.builtin.CallTestCaseKeyword$_callTestCase_closure1.call(CallTestCaseKeyword.groovy)
	at com.kms.katalon.core.keyword.internal.KeywordMain.runKeyword(KeywordMain.groovy:75)
	at com.kms.katalon.core.keyword.builtin.CallTestCaseKeyword.callTestCase(CallTestCaseKeyword.groovy:81)
	at com.kms.katalon.core.keyword.builtin.CallTestCaseKeyword.execute(CallTestCaseKeyword.groovy:44)
	at com.kms.katalon.core.keyword.internal.KeywordExecutor.executeKeywordForPlatform(KeywordExecutor.groovy:74)
	at com.kms.katalon.core.keyword.BuiltinKeywords.callTestCase(BuiltinKeywords.groovy:310)
	at SA-001.run(SA-001:20)
	at com.kms.katalon.core.main.ScriptEngine.run(ScriptEngine.java:194)
	at com.kms.katalon.core.main.ScriptEngine.runScriptAsRawText(ScriptEngine.java:119)
	at com.kms.katalon.core.main.TestCaseExecutor.runScript(TestCaseExecutor.java:448)
	at com.kms.katalon.core.main.TestCaseExecutor.doExecute(TestCaseExecutor.java:439)
	at com.kms.katalon.core.main.TestCaseExecutor.processExecutionPhase(TestCaseExecutor.java:418)
	at com.kms.katalon.core.main.TestCaseExecutor.accessMainPhase(TestCaseExecutor.java:410)
	at com.kms.katalon.core.main.TestCaseExecutor.execute(TestCaseExecutor.java:285)
	at com.kms.katalon.core.main.TestCaseMain.runTestCase(TestCaseMain.java:144)
	at com.kms.katalon.core.keyword.builtin.CallTestCaseKeyword$_callTestCase_closure1.doCall(CallTestCaseKeyword.groovy:59)
	at com.kms.katalon.core.keyword.builtin.CallTestCaseKeyword$_callTestCase_closure1.call(CallTestCaseKeyword.groovy)
	at com.kms.katalon.core.keyword.internal.KeywordMain.runKeyword(KeywordMain.groovy:75)
	at com.kms.katalon.core.keyword.builtin.CallTestCaseKeyword.callTestCase(CallTestCaseKeyword.groovy:81)
	at com.kms.katalon.core.keyword.builtin.CallTestCaseKeyword.execute(CallTestCaseKeyword.groovy:44)
	at com.kms.katalon.core.keyword.internal.KeywordExecutor.executeKeywordForPlatform(KeywordExecutor.groovy:74)
	at com.kms.katalon.core.keyword.BuiltinKeywords.callTestCase(BuiltinKeywords.groovy:310)
	at SA-002.run(SA-002:20)
	at com.kms.katalon.core.main.ScriptEngine.run(ScriptEngine.java:194)
	at com.kms.katalon.core.main.ScriptEngine.runScriptAsRawText(ScriptEngine.java:119)
	at com.kms.katalon.core.main.TestCaseExecutor.runScript(TestCaseExecutor.java:448)
	at com.kms.katalon.core.main.TestCaseExecutor.doExecute(TestCaseExecutor.java:439)
	at com.kms.katalon.core.main.TestCaseExecutor.processExecutionPhase(TestCaseExecutor.java:418)
	at com.kms.katalon.core.main.TestCaseExecutor.accessMainPhase(TestCaseExecutor.java:410)
	at com.kms.katalon.core.main.TestCaseExecutor.execute(TestCaseExecutor.java:285)
	at com.kms.katalon.core.main.TestCaseMain.runTestCase(TestCaseMain.java:144)
	at com.kms.katalon.core.keyword.builtin.CallTestCaseKeyword$_callTestCase_closure1.doCall(CallTestCaseKeyword.groovy:59)
	at com.kms.katalon.core.keyword.builtin.CallTestCaseKeyword$_callTestCase_closure1.call(CallTestCaseKeyword.groovy)
	at com.kms.katalon.core.keyword.internal.KeywordMain.runKeyword(KeywordMain.groovy:75)
	at com.kms.katalon.core.keyword.builtin.CallTestCaseKeyword.callTestCase(CallTestCaseKeyword.groovy:81)
	at com.kms.katalon.core.keyword.builtin.CallTestCaseKeyword.execute(CallTestCaseKeyword.groovy:44)
	at com.kms.katalon.core.keyword.internal.KeywordExecutor.executeKeywordForPlatform(KeywordExecutor.groovy:74)
	at com.kms.katalon.core.keyword.BuiltinKeywords.callTestCase(BuiltinKeywords.groovy:310)
	at SA-003.run(SA-003:20)
	at com.kms.katalon.core.main.ScriptEngine.run(ScriptEngine.java:194)
	at com.kms.katalon.core.main.ScriptEngine.runScriptAsRawText(ScriptEngine.java:119)
	at com.kms.katalon.core.main.TestCaseExecutor.runScript(TestCaseExecutor.java:448)
	at com.kms.katalon.core.main.TestCaseExecutor.doExecute(TestCaseExecutor.java:439)
	at com.kms.katalon.core.main.TestCaseExecutor.processExecutionPhase(TestCaseExecutor.java:418)
	at com.kms.katalon.core.main.TestCaseExecutor.accessMainPhase(TestCaseExecutor.java:410)
	at com.kms.katalon.core.main.TestCaseExecutor.execute(TestCaseExecutor.java:285)
	at com.kms.katalon.core.main.TestCaseMain.runTestCase(TestCaseMain.java:144)
	at com.kms.katalon.core.keyword.builtin.CallTestCaseKeyword$_callTestCase_closure1.doCall(CallTestCaseKeyword.groovy:59)
	at com.kms.katalon.core.keyword.builtin.CallTestCaseKeyword$_callTestCase_closure1.call(CallTestCaseKeyword.groovy)
	at com.kms.katalon.core.keyword.internal.KeywordMain.runKeyword(KeywordMain.groovy:75)
	at com.kms.katalon.core.keyword.builtin.CallTestCaseKeyword.callTestCase(CallTestCaseKeyword.groovy:81)
	at com.kms.katalon.core.keyword.builtin.CallTestCaseKeyword.execute(CallTestCaseKeyword.groovy:44)
	at com.kms.katalon.core.keyword.internal.KeywordExecutor.executeKeywordForPlatform(KeywordExecutor.groovy:74)
	at com.kms.katalon.core.keyword.BuiltinKeywords.callTestCase(BuiltinKeywords.groovy:310)
	at SU-010.run(SU-010:20)
	at com.kms.katalon.core.main.ScriptEngine.run(ScriptEngine.java:194)
	at com.kms.katalon.core.main.ScriptEngine.runScriptAsRawText(ScriptEngine.java:119)
	at com.kms.katalon.core.main.TestCaseExecutor.runScript(TestCaseExecutor.java:448)
	at com.kms.katalon.core.main.TestCaseExecutor.doExecute(TestCaseExecutor.java:439)
	at com.kms.katalon.core.main.TestCaseExecutor.processExecutionPhase(TestCaseExecutor.java:418)
	at com.kms.katalon.core.main.TestCaseExecutor.accessMainPhase(TestCaseExecutor.java:410)
	at com.kms.katalon.core.main.TestCaseExecutor.execute(TestCaseExecutor.java:285)
	at com.kms.katalon.core.common.CommonExecutor.accessTestCaseMainPhase(CommonExecutor.java:65)
	at com.kms.katalon.core.main.TestSuiteExecutor.accessTestSuiteMainPhase(TestSuiteExecutor.java:148)
	at com.kms.katalon.core.main.TestSuiteExecutor.execute(TestSuiteExecutor.java:106)
	at com.kms.katalon.core.main.TestCaseMain.startTestSuite(TestCaseMain.java:187)
	at com.kms.katalon.core.main.TestCaseMain$startTestSuite$0.call(Unknown Source)
	at TempTestSuite1696420804604.run(TempTestSuite1696420804604.groovy:36)
Caused by: com.kms.katalon.core.exception.StepFailedException: Call Test Case 'Test Cases/T13 Pembelian, Shipment dan Pembayaran/PBY-001' failed
	at com.kms.katalon.core.keyword.builtin.CallTestCaseKeyword$_callTestCase_closure1.doCall(CallTestCaseKeyword.groovy:63)
	at com.kms.katalon.core.keyword.builtin.CallTestCaseKeyword$_callTestCase_closure1.call(CallTestCaseKeyword.groovy)
	at com.kms.katalon.core.keyword.internal.KeywordMain.runKeyword(KeywordMain.groovy:75)
	at com.kms.katalon.core.keyword.builtin.CallTestCaseKeyword.callTestCase(CallTestCaseKeyword.groovy:81)
	at com.kms.katalon.core.keyword.builtin.CallTestCaseKeyword.execute(CallTestCaseKeyword.groovy:44)
	at com.kms.katalon.core.keyword.internal.KeywordExecutor.executeKeywordForPlatform(KeywordExecutor.groovy:74)
	at com.kms.katalon.core.keyword.BuiltinKeywords.callTestCase(BuiltinKeywords.groovy:310)
	at PBY-004.run(PBY-004:20)
	at com.kms.katalon.core.main.ScriptEngine.run(ScriptEngine.java:194)
	at com.kms.katalon.core.main.ScriptEngine.runScriptAsRawText(ScriptEngine.java:119)
	at com.kms.katalon.core.main.TestCaseExecutor.runScript(TestCaseExecutor.java:448)
	at com.kms.katalon.core.main.TestCaseExecutor.doExecute(TestCaseExecutor.java:439)
	at com.kms.katalon.core.main.TestCaseExecutor.processExecutionPhase(TestCaseExecutor.java:418)
	at com.kms.katalon.core.main.TestCaseExecutor.accessMainPhase(TestCaseExecutor.java:410)
	at com.kms.katalon.core.main.TestCaseExecutor.execute(TestCaseExecutor.java:285)
	at com.kms.katalon.core.main.TestCaseMain.runTestCase(TestCaseMain.java:144)
	at com.kms.katalon.core.keyword.builtin.CallTestCaseKeyword$_callTestCase_closure1.doCall(CallTestCaseKeyword.groovy:59)
	... 84 more
Caused by: com.kms.katalon.core.exception.StepFailedException: Call Test Case 'Test Cases/T13 Pembelian, Shipment dan Pembayaran/PBL-004' failed
	at com.kms.katalon.core.keyword.builtin.CallTestCaseKeyword$_callTestCase_closure1.doCall(CallTestCaseKeyword.groovy:63)
	at com.kms.katalon.core.keyword.builtin.CallTestCaseKeyword$_callTestCase_closure1.call(CallTestCaseKeyword.groovy)
	at com.kms.katalon.core.keyword.internal.KeywordMain.runKeyword(KeywordMain.groovy:75)
	at com.kms.katalon.core.keyword.builtin.CallTestCaseKeyword.callTestCase(CallTestCaseKeyword.groovy:81)
	at com.kms.katalon.core.keyword.builtin.CallTestCaseKeyword.execute(CallTestCaseKeyword.groovy:44)
	at com.kms.katalon.core.keyword.internal.KeywordExecutor.executeKeywordForPlatform(KeywordExecutor.groovy:74)
	at com.kms.katalon.core.keyword.BuiltinKeywords.callTestCase(BuiltinKeywords.groovy:310)
	at PBY-001.run(PBY-001:20)
	at com.kms.katalon.core.main.ScriptEngine.run(ScriptEngine.java:194)
	at com.kms.katalon.core.main.ScriptEngine.runScriptAsRawText(ScriptEngine.java:119)
	at com.kms.katalon.core.main.TestCaseExecutor.runScript(TestCaseExecutor.java:448)
	at com.kms.katalon.core.main.TestCaseExecutor.doExecute(TestCaseExecutor.java:439)
	at com.kms.katalon.core.main.TestCaseExecutor.processExecutionPhase(TestCaseExecutor.java:418)
	at com.kms.katalon.core.main.TestCaseExecutor.accessMainPhase(TestCaseExecutor.java:410)
	at com.kms.katalon.core.main.TestCaseExecutor.execute(TestCaseExecutor.java:285)
	at com.kms.katalon.core.main.TestCaseMain.runTestCase(TestCaseMain.java:144)
	at com.kms.katalon.core.keyword.builtin.CallTestCaseKeyword$_callTestCase_closure1.doCall(CallTestCaseKeyword.groovy:59)
	... 100 more
Caused by: com.kms.katalon.core.exception.StepFailedException: Call Test Case 'Test Cases/T13 Pembelian, Shipment dan Pembayaran/PBL-002' failed
	at com.kms.katalon.core.keyword.builtin.CallTestCaseKeyword$_callTestCase_closure1.doCall(CallTestCaseKeyword.groovy:63)
	at com.kms.katalon.core.keyword.builtin.CallTestCaseKeyword$_callTestCase_closure1.call(CallTestCaseKeyword.groovy)
	at com.kms.katalon.core.keyword.internal.KeywordMain.runKeyword(KeywordMain.groovy:75)
	at com.kms.katalon.core.keyword.builtin.CallTestCaseKeyword.callTestCase(CallTestCaseKeyword.groovy:81)
	at com.kms.katalon.core.keyword.builtin.CallTestCaseKeyword.execute(CallTestCaseKeyword.groovy:44)
	at com.kms.katalon.core.keyword.internal.KeywordExecutor.executeKeywordForPlatform(KeywordExecutor.groovy:74)
	at com.kms.katalon.core.keyword.BuiltinKeywords.callTestCase(BuiltinKeywords.groovy:310)
	at PBL-004.run(PBL-004:20)
	at com.kms.katalon.core.main.ScriptEngine.run(ScriptEngine.java:194)
	at com.kms.katalon.core.main.ScriptEngine.runScriptAsRawText(ScriptEngine.java:119)
	at com.kms.katalon.core.main.TestCaseExecutor.runScript(TestCaseExecutor.java:448)
	at com.kms.katalon.core.main.TestCaseExecutor.doExecute(TestCaseExecutor.java:439)
	at com.kms.katalon.core.main.TestCaseExecutor.processExecutionPhase(TestCaseExecutor.java:418)
	at com.kms.katalon.core.main.TestCaseExecutor.accessMainPhase(TestCaseExecutor.java:410)
	at com.kms.katalon.core.main.TestCaseExecutor.execute(TestCaseExecutor.java:285)
	at com.kms.katalon.core.main.TestCaseMain.runTestCase(TestCaseMain.java:144)
	at com.kms.katalon.core.keyword.builtin.CallTestCaseKeyword$_callTestCase_closure1.doCall(CallTestCaseKeyword.groovy:59)
	... 116 more
Caused by: com.kms.katalon.core.exception.StepFailedException: Unable to click on object 'Object Repository/beli barang/Lihat Sekarang'
	at com.kms.katalon.core.webui.keyword.internal.WebUIKeywordMain.stepFailed(WebUIKeywordMain.groovy:64)
	at com.kms.katalon.core.webui.keyword.internal.WebUIKeywordMain.runKeyword(WebUIKeywordMain.groovy:26)
	at com.kms.katalon.core.webui.keyword.builtin.ClickKeyword.click(ClickKeyword.groovy:74)
	at com.kms.katalon.core.webui.keyword.builtin.ClickKeyword.execute(ClickKeyword.groovy:40)
	at com.kms.katalon.core.keyword.internal.KeywordExecutor.executeKeywordForPlatform(KeywordExecutor.groovy:74)
	at com.kms.katalon.core.webui.keyword.WebUiBuiltInKeywords.click(WebUiBuiltInKeywords.groovy:620)
	at com.kms.katalon.core.webui.keyword.WebUiBuiltInKeywords$click$2.call(Unknown Source)
	at PBL-002.run(PBL-002:25)
	at com.kms.katalon.core.main.ScriptEngine.run(ScriptEngine.java:194)
	at com.kms.katalon.core.main.ScriptEngine.runScriptAsRawText(ScriptEngine.java:119)
	at com.kms.katalon.core.main.TestCaseExecutor.runScript(TestCaseExecutor.java:448)
	at com.kms.katalon.core.main.TestCaseExecutor.doExecute(TestCaseExecutor.java:439)
	at com.kms.katalon.core.main.TestCaseExecutor.processExecutionPhase(TestCaseExecutor.java:418)
	at com.kms.katalon.core.main.TestCaseExecutor.accessMainPhase(TestCaseExecutor.java:410)
	at com.kms.katalon.core.main.TestCaseExecutor.execute(TestCaseExecutor.java:285)
	at com.kms.katalon.core.main.TestCaseMain.runTestCase(TestCaseMain.java:144)
	at com.kms.katalon.core.keyword.builtin.CallTestCaseKeyword$_callTestCase_closure1.doCall(CallTestCaseKeyword.groovy:59)
	... 132 more
Caused by: org.openqa.selenium.ElementNotInteractableException: Element <a class="ps-btn ps-btn--fullwidth" href="https://10.9.2.63/ecommerce/produk/keranjang"> could not be scrolled into view
Build info: version: '3.141.59', revision: 'e82be7d358', time: '2018-11-14T08:25:53'
System info: host: 'DESKTOP-H62FVJ8', ip: '10.9.2.72', os.name: 'Windows 10', os.arch: 'amd64', os.version: '10.0', java.version: '1.8.0_362'
Driver info: com.kms.katalon.core.webui.driver.firefox.CGeckoDriver
Capabilities {acceptInsecureCerts: true, browserName: firefox, browserVersion: 117.0.1, javascriptEnabled: true, moz:accessibilityChecks: false, moz:buildID: 20230912013654, moz:geckodriverVersion: 0.33.0, moz:headless: false, moz:platformVersion: 10.0, moz:processID: 17188, moz:profile: C:\Users\IRFAN\AppData\Loca..., moz:shutdownTimeout: 60000, moz:webdriverClick: true, moz:windowless: false, pageLoadStrategy: normal, platform: WINDOWS, platformName: WINDOWS, proxy: Proxy(direct), setWindowRect: true, strictFileInteractability: false, timeouts: {implicit: 0, pageLoad: 300000, script: 30000}, unhandledPromptBehavior: dismiss and notify}
Session ID: 04cf3b6c-2b0e-450a-a181-9467d554da97
	at org.openqa.selenium.remote.http.W3CHttpResponseCodec.createException(W3CHttpResponseCodec.java:187)
	at org.openqa.selenium.remote.http.W3CHttpResponseCodec.decode(W3CHttpResponseCodec.java:122)
	at org.openqa.selenium.remote.http.W3CHttpResponseCodec.decode(W3CHttpResponseCodec.java:49)
	at org.openqa.selenium.remote.HttpCommandExecutor.execute(HttpCommandExecutor.java:158)
	at org.openqa.selenium.remote.service.DriverCommandExecutor.execute(DriverCommandExecutor.java:83)
	at org.openqa.selenium.remote.RemoteWebDriver.execute(RemoteWebDriver.java:552)
	at com.kms.katalon.selenium.driver.CFirefoxDriver.execute(CFirefoxDriver.java:27)
	at org.openqa.selenium.remote.RemoteWebElement.execute(RemoteWebElement.java:285)
	at org.openqa.selenium.remote.RemoteWebElement.click(RemoteWebElement.java:84)
	at org.openqa.selenium.support.events.EventFiringWebDriver$EventFiringWebElement.lambda$new$0(EventFiringWebDriver.java:404)
	at com.sun.proxy.$Proxy11.click(Unknown Source)
	at org.openqa.selenium.support.events.EventFiringWebDriver$EventFiringWebElement.click(EventFiringWebDriver.java:417)
	at org.openqa.selenium.WebElement$click.call(Unknown Source)
	at com.kms.katalon.core.webui.keyword.builtin.ClickKeyword.clickUntilSuccessWithTimeout(ClickKeyword.groovy:81)
	at com.kms.katalon.core.webui.keyword.builtin.ClickKeyword.clickUntilSuccessWithTimeout(ClickKeyword.groovy)
	at com.kms.katalon.core.webui.keyword.builtin.ClickKeyword$_click_closure1.doCall(ClickKeyword.groovy:67)
	at com.kms.katalon.core.webui.keyword.builtin.ClickKeyword$_click_closure1.call(ClickKeyword.groovy)
	at com.kms.katalon.core.webui.keyword.internal.WebUIKeywordMain.runKeyword(WebUIKeywordMain.groovy:20)
	... 147 more
)

2023-10-04 19:57:18 - [TEST_CASE][FAILED] - Test Cases/T13 Pembelian, Shipment dan Pembayaran/PBY-004: Test Cases/T13 Pembelian, Shipment dan Pembayaran/PBY-004 FAILED.
Reason:
com.kms.katalon.core.exception.StepFailedException: Call Test Case 'Test Cases/T13 Pembelian, Shipment dan Pembayaran/PBY-001' failed
	at com.kms.katalon.core.keyword.builtin.CallTestCaseKeyword$_callTestCase_closure1.doCall(CallTestCaseKeyword.groovy:63)
	at com.kms.katalon.core.keyword.builtin.CallTestCaseKeyword$_callTestCase_closure1.call(CallTestCaseKeyword.groovy)
	at com.kms.katalon.core.keyword.internal.KeywordMain.runKeyword(KeywordMain.groovy:75)
	at com.kms.katalon.core.keyword.builtin.CallTestCaseKeyword.callTestCase(CallTestCaseKeyword.groovy:81)
	at com.kms.katalon.core.keyword.builtin.CallTestCaseKeyword.execute(CallTestCaseKeyword.groovy:44)
	at com.kms.katalon.core.keyword.internal.KeywordExecutor.executeKeywordForPlatform(KeywordExecutor.groovy:74)
	at com.kms.katalon.core.keyword.BuiltinKeywords.callTestCase(BuiltinKeywords.groovy:310)
	at PBY-004.run(PBY-004:20)
	at com.kms.katalon.core.main.ScriptEngine.run(ScriptEngine.java:194)
	at com.kms.katalon.core.main.ScriptEngine.runScriptAsRawText(ScriptEngine.java:119)
	at com.kms.katalon.core.main.TestCaseExecutor.runScript(TestCaseExecutor.java:448)
	at com.kms.katalon.core.main.TestCaseExecutor.doExecute(TestCaseExecutor.java:439)
	at com.kms.katalon.core.main.TestCaseExecutor.processExecutionPhase(TestCaseExecutor.java:418)
	at com.kms.katalon.core.main.TestCaseExecutor.accessMainPhase(TestCaseExecutor.java:410)
	at com.kms.katalon.core.main.TestCaseExecutor.execute(TestCaseExecutor.java:285)
	at com.kms.katalon.core.main.TestCaseMain.runTestCase(TestCaseMain.java:144)
	at com.kms.katalon.core.keyword.builtin.CallTestCaseKeyword$_callTestCase_closure1.doCall(CallTestCaseKeyword.groovy:59)
	at com.kms.katalon.core.keyword.builtin.CallTestCaseKeyword$_callTestCase_closure1.call(CallTestCaseKeyword.groovy)
	at com.kms.katalon.core.keyword.internal.KeywordMain.runKeyword(KeywordMain.groovy:75)
	at com.kms.katalon.core.keyword.builtin.CallTestCaseKeyword.callTestCase(CallTestCaseKeyword.groovy:81)
	at com.kms.katalon.core.keyword.builtin.CallTestCaseKeyword.execute(CallTestCaseKeyword.groovy:44)
	at com.kms.katalon.core.keyword.internal.KeywordExecutor.executeKeywordForPlatform(KeywordExecutor.groovy:74)
	at com.kms.katalon.core.keyword.BuiltinKeywords.callTestCase(BuiltinKeywords.groovy:310)
	at PBYA-001.run(PBYA-001:20)
	at com.kms.katalon.core.main.ScriptEngine.run(ScriptEngine.java:194)
	at com.kms.katalon.core.main.ScriptEngine.runScriptAsRawText(ScriptEngine.java:119)
	at com.kms.katalon.core.main.TestCaseExecutor.runScript(TestCaseExecutor.java:448)
	at com.kms.katalon.core.main.TestCaseExecutor.doExecute(TestCaseExecutor.java:439)
	at com.kms.katalon.core.main.TestCaseExecutor.processExecutionPhase(TestCaseExecutor.java:418)
	at com.kms.katalon.core.main.TestCaseExecutor.accessMainPhase(TestCaseExecutor.java:410)
	at com.kms.katalon.core.main.TestCaseExecutor.execute(TestCaseExecutor.java:285)
	at com.kms.katalon.core.main.TestCaseMain.runTestCase(TestCaseMain.java:144)
	at com.kms.katalon.core.keyword.builtin.CallTestCaseKeyword$_callTestCase_closure1.doCall(CallTestCaseKeyword.groovy:59)
	at com.kms.katalon.core.keyword.builtin.CallTestCaseKeyword$_callTestCase_closure1.call(CallTestCaseKeyword.groovy)
	at com.kms.katalon.core.keyword.internal.KeywordMain.runKeyword(KeywordMain.groovy:75)
	at com.kms.katalon.core.keyword.builtin.CallTestCaseKeyword.callTestCase(CallTestCaseKeyword.groovy:81)
	at com.kms.katalon.core.keyword.builtin.CallTestCaseKeyword.execute(CallTestCaseKeyword.groovy:44)
	at com.kms.katalon.core.keyword.internal.KeywordExecutor.executeKeywordForPlatform(KeywordExecutor.groovy:74)
	at com.kms.katalon.core.keyword.BuiltinKeywords.callTestCase(BuiltinKeywords.groovy:310)
	at SA-001.run(SA-001:20)
	at com.kms.katalon.core.main.ScriptEngine.run(ScriptEngine.java:194)
	at com.kms.katalon.core.main.ScriptEngine.runScriptAsRawText(ScriptEngine.java:119)
	at com.kms.katalon.core.main.TestCaseExecutor.runScript(TestCaseExecutor.java:448)
	at com.kms.katalon.core.main.TestCaseExecutor.doExecute(TestCaseExecutor.java:439)
	at com.kms.katalon.core.main.TestCaseExecutor.processExecutionPhase(TestCaseExecutor.java:418)
	at com.kms.katalon.core.main.TestCaseExecutor.accessMainPhase(TestCaseExecutor.java:410)
	at com.kms.katalon.core.main.TestCaseExecutor.execute(TestCaseExecutor.java:285)
	at com.kms.katalon.core.main.TestCaseMain.runTestCase(TestCaseMain.java:144)
	at com.kms.katalon.core.keyword.builtin.CallTestCaseKeyword$_callTestCase_closure1.doCall(CallTestCaseKeyword.groovy:59)
	at com.kms.katalon.core.keyword.builtin.CallTestCaseKeyword$_callTestCase_closure1.call(CallTestCaseKeyword.groovy)
	at com.kms.katalon.core.keyword.internal.KeywordMain.runKeyword(KeywordMain.groovy:75)
	at com.kms.katalon.core.keyword.builtin.CallTestCaseKeyword.callTestCase(CallTestCaseKeyword.groovy:81)
	at com.kms.katalon.core.keyword.builtin.CallTestCaseKeyword.execute(CallTestCaseKeyword.groovy:44)
	at com.kms.katalon.core.keyword.internal.KeywordExecutor.executeKeywordForPlatform(KeywordExecutor.groovy:74)
	at com.kms.katalon.core.keyword.BuiltinKeywords.callTestCase(BuiltinKeywords.groovy:310)
	at SA-002.run(SA-002:20)
	at com.kms.katalon.core.main.ScriptEngine.run(ScriptEngine.java:194)
	at com.kms.katalon.core.main.ScriptEngine.runScriptAsRawText(ScriptEngine.java:119)
	at com.kms.katalon.core.main.TestCaseExecutor.runScript(TestCaseExecutor.java:448)
	at com.kms.katalon.core.main.TestCaseExecutor.doExecute(TestCaseExecutor.java:439)
	at com.kms.katalon.core.main.TestCaseExecutor.processExecutionPhase(TestCaseExecutor.java:418)
	at com.kms.katalon.core.main.TestCaseExecutor.accessMainPhase(TestCaseExecutor.java:410)
	at com.kms.katalon.core.main.TestCaseExecutor.execute(TestCaseExecutor.java:285)
	at com.kms.katalon.core.main.TestCaseMain.runTestCase(TestCaseMain.java:144)
	at com.kms.katalon.core.keyword.builtin.CallTestCaseKeyword$_callTestCase_closure1.doCall(CallTestCaseKeyword.groovy:59)
	at com.kms.katalon.core.keyword.builtin.CallTestCaseKeyword$_callTestCase_closure1.call(CallTestCaseKeyword.groovy)
	at com.kms.katalon.core.keyword.internal.KeywordMain.runKeyword(KeywordMain.groovy:75)
	at com.kms.katalon.core.keyword.builtin.CallTestCaseKeyword.callTestCase(CallTestCaseKeyword.groovy:81)
	at com.kms.katalon.core.keyword.builtin.CallTestCaseKeyword.execute(CallTestCaseKeyword.groovy:44)
	at com.kms.katalon.core.keyword.internal.KeywordExecutor.executeKeywordForPlatform(KeywordExecutor.groovy:74)
	at com.kms.katalon.core.keyword.BuiltinKeywords.callTestCase(BuiltinKeywords.groovy:310)
	at SA-003.run(SA-003:20)
	at com.kms.katalon.core.main.ScriptEngine.run(ScriptEngine.java:194)
	at com.kms.katalon.core.main.ScriptEngine.runScriptAsRawText(ScriptEngine.java:119)
	at com.kms.katalon.core.main.TestCaseExecutor.runScript(TestCaseExecutor.java:448)
	at com.kms.katalon.core.main.TestCaseExecutor.doExecute(TestCaseExecutor.java:439)
	at com.kms.katalon.core.main.TestCaseExecutor.processExecutionPhase(TestCaseExecutor.java:418)
	at com.kms.katalon.core.main.TestCaseExecutor.accessMainPhase(TestCaseExecutor.java:410)
	at com.kms.katalon.core.main.TestCaseExecutor.execute(TestCaseExecutor.java:285)
	at com.kms.katalon.core.main.TestCaseMain.runTestCase(TestCaseMain.java:144)
	at com.kms.katalon.core.keyword.builtin.CallTestCaseKeyword$_callTestCase_closure1.doCall(CallTestCaseKeyword.groovy:59)
	at com.kms.katalon.core.keyword.builtin.CallTestCaseKeyword$_callTestCase_closure1.call(CallTestCaseKeyword.groovy)
	at com.kms.katalon.core.keyword.internal.KeywordMain.runKeyword(KeywordMain.groovy:75)
	at com.kms.katalon.core.keyword.builtin.CallTestCaseKeyword.callTestCase(CallTestCaseKeyword.groovy:81)
	at com.kms.katalon.core.keyword.builtin.CallTestCaseKeyword.execute(CallTestCaseKeyword.groovy:44)
	at com.kms.katalon.core.keyword.internal.KeywordExecutor.executeKeywordForPlatform(KeywordExecutor.groovy:74)
	at com.kms.katalon.core.keyword.BuiltinKeywords.callTestCase(BuiltinKeywords.groovy:310)
	at SU-010.run(SU-010:20)
	at com.kms.katalon.core.main.ScriptEngine.run(ScriptEngine.java:194)
	at com.kms.katalon.core.main.ScriptEngine.runScriptAsRawText(ScriptEngine.java:119)
	at com.kms.katalon.core.main.TestCaseExecutor.runScript(TestCaseExecutor.java:448)
	at com.kms.katalon.core.main.TestCaseExecutor.doExecute(TestCaseExecutor.java:439)
	at com.kms.katalon.core.main.TestCaseExecutor.processExecutionPhase(TestCaseExecutor.java:418)
	at com.kms.katalon.core.main.TestCaseExecutor.accessMainPhase(TestCaseExecutor.java:410)
	at com.kms.katalon.core.main.TestCaseExecutor.execute(TestCaseExecutor.java:285)
	at com.kms.katalon.core.common.CommonExecutor.accessTestCaseMainPhase(CommonExecutor.java:65)
	at com.kms.katalon.core.main.TestSuiteExecutor.accessTestSuiteMainPhase(TestSuiteExecutor.java:148)
	at com.kms.katalon.core.main.TestSuiteExecutor.execute(TestSuiteExecutor.java:106)
	at com.kms.katalon.core.main.TestCaseMain.startTestSuite(TestCaseMain.java:187)
	at com.kms.katalon.core.main.TestCaseMain$startTestSuite$0.call(Unknown Source)
	at TempTestSuite1696420804604.run(TempTestSuite1696420804604.groovy:36)
Caused by: com.kms.katalon.core.exception.StepFailedException: Call Test Case 'Test Cases/T13 Pembelian, Shipment dan Pembayaran/PBL-004' failed
	at com.kms.katalon.core.keyword.builtin.CallTestCaseKeyword$_callTestCase_closure1.doCall(CallTestCaseKeyword.groovy:63)
	at com.kms.katalon.core.keyword.builtin.CallTestCaseKeyword$_callTestCase_closure1.call(CallTestCaseKeyword.groovy)
	at com.kms.katalon.core.keyword.internal.KeywordMain.runKeyword(KeywordMain.groovy:75)
	at com.kms.katalon.core.keyword.builtin.CallTestCaseKeyword.callTestCase(CallTestCaseKeyword.groovy:81)
	at com.kms.katalon.core.keyword.builtin.CallTestCaseKeyword.execute(CallTestCaseKeyword.groovy:44)
	at com.kms.katalon.core.keyword.internal.KeywordExecutor.executeKeywordForPlatform(KeywordExecutor.groovy:74)
	at com.kms.katalon.core.keyword.BuiltinKeywords.callTestCase(BuiltinKeywords.groovy:310)
	at PBY-001.run(PBY-001:20)
	at com.kms.katalon.core.main.ScriptEngine.run(ScriptEngine.java:194)
	at com.kms.katalon.core.main.ScriptEngine.runScriptAsRawText(ScriptEngine.java:119)
	at com.kms.katalon.core.main.TestCaseExecutor.runScript(TestCaseExecutor.java:448)
	at com.kms.katalon.core.main.TestCaseExecutor.doExecute(TestCaseExecutor.java:439)
	at com.kms.katalon.core.main.TestCaseExecutor.processExecutionPhase(TestCaseExecutor.java:418)
	at com.kms.katalon.core.main.TestCaseExecutor.accessMainPhase(TestCaseExecutor.java:410)
	at com.kms.katalon.core.main.TestCaseExecutor.execute(TestCaseExecutor.java:285)
	at com.kms.katalon.core.main.TestCaseMain.runTestCase(TestCaseMain.java:144)
	at com.kms.katalon.core.keyword.builtin.CallTestCaseKeyword$_callTestCase_closure1.doCall(CallTestCaseKeyword.groovy:59)
	... 100 more
Caused by: com.kms.katalon.core.exception.StepFailedException: Call Test Case 'Test Cases/T13 Pembelian, Shipment dan Pembayaran/PBL-002' failed
	at com.kms.katalon.core.keyword.builtin.CallTestCaseKeyword$_callTestCase_closure1.doCall(CallTestCaseKeyword.groovy:63)
	at com.kms.katalon.core.keyword.builtin.CallTestCaseKeyword$_callTestCase_closure1.call(CallTestCaseKeyword.groovy)
	at com.kms.katalon.core.keyword.internal.KeywordMain.runKeyword(KeywordMain.groovy:75)
	at com.kms.katalon.core.keyword.builtin.CallTestCaseKeyword.callTestCase(CallTestCaseKeyword.groovy:81)
	at com.kms.katalon.core.keyword.builtin.CallTestCaseKeyword.execute(CallTestCaseKeyword.groovy:44)
	at com.kms.katalon.core.keyword.internal.KeywordExecutor.executeKeywordForPlatform(KeywordExecutor.groovy:74)
	at com.kms.katalon.core.keyword.BuiltinKeywords.callTestCase(BuiltinKeywords.groovy:310)
	at PBL-004.run(PBL-004:20)
	at com.kms.katalon.core.main.ScriptEngine.run(ScriptEngine.java:194)
	at com.kms.katalon.core.main.ScriptEngine.runScriptAsRawText(ScriptEngine.java:119)
	at com.kms.katalon.core.main.TestCaseExecutor.runScript(TestCaseExecutor.java:448)
	at com.kms.katalon.core.main.TestCaseExecutor.doExecute(TestCaseExecutor.java:439)
	at com.kms.katalon.core.main.TestCaseExecutor.processExecutionPhase(TestCaseExecutor.java:418)
	at com.kms.katalon.core.main.TestCaseExecutor.accessMainPhase(TestCaseExecutor.java:410)
	at com.kms.katalon.core.main.TestCaseExecutor.execute(TestCaseExecutor.java:285)
	at com.kms.katalon.core.main.TestCaseMain.runTestCase(TestCaseMain.java:144)
	at com.kms.katalon.core.keyword.builtin.CallTestCaseKeyword$_callTestCase_closure1.doCall(CallTestCaseKeyword.groovy:59)
	... 116 more
Caused by: com.kms.katalon.core.exception.StepFailedException: Unable to click on object 'Object Repository/beli barang/Lihat Sekarang'
	at com.kms.katalon.core.webui.keyword.internal.WebUIKeywordMain.stepFailed(WebUIKeywordMain.groovy:64)
	at com.kms.katalon.core.webui.keyword.internal.WebUIKeywordMain.runKeyword(WebUIKeywordMain.groovy:26)
	at com.kms.katalon.core.webui.keyword.builtin.ClickKeyword.click(ClickKeyword.groovy:74)
	at com.kms.katalon.core.webui.keyword.builtin.ClickKeyword.execute(ClickKeyword.groovy:40)
	at com.kms.katalon.core.keyword.internal.KeywordExecutor.executeKeywordForPlatform(KeywordExecutor.groovy:74)
	at com.kms.katalon.core.webui.keyword.WebUiBuiltInKeywords.click(WebUiBuiltInKeywords.groovy:620)
	at com.kms.katalon.core.webui.keyword.WebUiBuiltInKeywords$click$2.call(Unknown Source)
	at PBL-002.run(PBL-002:25)
	at com.kms.katalon.core.main.ScriptEngine.run(ScriptEngine.java:194)
	at com.kms.katalon.core.main.ScriptEngine.runScriptAsRawText(ScriptEngine.java:119)
	at com.kms.katalon.core.main.TestCaseExecutor.runScript(TestCaseExecutor.java:448)
	at com.kms.katalon.core.main.TestCaseExecutor.doExecute(TestCaseExecutor.java:439)
	at com.kms.katalon.core.main.TestCaseExecutor.processExecutionPhase(TestCaseExecutor.java:418)
	at com.kms.katalon.core.main.TestCaseExecutor.accessMainPhase(TestCaseExecutor.java:410)
	at com.kms.katalon.core.main.TestCaseExecutor.execute(TestCaseExecutor.java:285)
	at com.kms.katalon.core.main.TestCaseMain.runTestCase(TestCaseMain.java:144)
	at com.kms.katalon.core.keyword.builtin.CallTestCaseKeyword$_callTestCase_closure1.doCall(CallTestCaseKeyword.groovy:59)
	... 132 more
Caused by: org.openqa.selenium.ElementNotInteractableException: Element <a class="ps-btn ps-btn--fullwidth" href="https://10.9.2.63/ecommerce/produk/keranjang"> could not be scrolled into view
Build info: version: '3.141.59', revision: 'e82be7d358', time: '2018-11-14T08:25:53'
System info: host: 'DESKTOP-H62FVJ8', ip: '10.9.2.72', os.name: 'Windows 10', os.arch: 'amd64', os.version: '10.0', java.version: '1.8.0_362'
Driver info: com.kms.katalon.core.webui.driver.firefox.CGeckoDriver
Capabilities {acceptInsecureCerts: true, browserName: firefox, browserVersion: 117.0.1, javascriptEnabled: true, moz:accessibilityChecks: false, moz:buildID: 20230912013654, moz:geckodriverVersion: 0.33.0, moz:headless: false, moz:platformVersion: 10.0, moz:processID: 17188, moz:profile: C:\Users\IRFAN\AppData\Loca..., moz:shutdownTimeout: 60000, moz:webdriverClick: true, moz:windowless: false, pageLoadStrategy: normal, platform: WINDOWS, platformName: WINDOWS, proxy: Proxy(direct), setWindowRect: true, strictFileInteractability: false, timeouts: {implicit: 0, pageLoad: 300000, script: 30000}, unhandledPromptBehavior: dismiss and notify}
Session ID: 04cf3b6c-2b0e-450a-a181-9467d554da97
	at org.openqa.selenium.remote.http.W3CHttpResponseCodec.createException(W3CHttpResponseCodec.java:187)
	at org.openqa.selenium.remote.http.W3CHttpResponseCodec.decode(W3CHttpResponseCodec.java:122)
	at org.openqa.selenium.remote.http.W3CHttpResponseCodec.decode(W3CHttpResponseCodec.java:49)
	at org.openqa.selenium.remote.HttpCommandExecutor.execute(HttpCommandExecutor.java:158)
	at org.openqa.selenium.remote.service.DriverCommandExecutor.execute(DriverCommandExecutor.java:83)
	at org.openqa.selenium.remote.RemoteWebDriver.execute(RemoteWebDriver.java:552)
	at com.kms.katalon.selenium.driver.CFirefoxDriver.execute(CFirefoxDriver.java:27)
	at org.openqa.selenium.remote.RemoteWebElement.execute(RemoteWebElement.java:285)
	at org.openqa.selenium.remote.RemoteWebElement.click(RemoteWebElement.java:84)
	at org.openqa.selenium.support.events.EventFiringWebDriver$EventFiringWebElement.lambda$new$0(EventFiringWebDriver.java:404)
	at com.sun.proxy.$Proxy11.click(Unknown Source)
	at org.openqa.selenium.support.events.EventFiringWebDriver$EventFiringWebElement.click(EventFiringWebDriver.java:417)
	at org.openqa.selenium.WebElement$click.call(Unknown Source)
	at com.kms.katalon.core.webui.keyword.builtin.ClickKeyword.clickUntilSuccessWithTimeout(ClickKeyword.groovy:81)
	at com.kms.katalon.core.webui.keyword.builtin.ClickKeyword.clickUntilSuccessWithTimeout(ClickKeyword.groovy)
	at com.kms.katalon.core.webui.keyword.builtin.ClickKeyword$_click_closure1.doCall(ClickKeyword.groovy:67)
	at com.kms.katalon.core.webui.keyword.builtin.ClickKeyword$_click_closure1.call(ClickKeyword.groovy)
	at com.kms.katalon.core.webui.keyword.internal.WebUIKeywordMain.runKeyword(WebUIKeywordMain.groovy:20)
	... 147 more


2023-10-04 19:57:18 - [TEST_STEP][FAILED] - data = callTestCase(findTestCase("T13 Pembelian, Shipment dan Pembayaran/PBY-001"), [:], STOP_ON_FAILURE): Unable to call Test Case 'Test Cases/T13 Pembelian, Shipment dan Pembayaran/PBY-001' (Root cause: com.kms.katalon.core.exception.StepFailedException: Call Test Case 'Test Cases/T13 Pembelian, Shipment dan Pembayaran/PBY-001' failed
	at com.kms.katalon.core.keyword.builtin.CallTestCaseKeyword$_callTestCase_closure1.doCall(CallTestCaseKeyword.groovy:63)
	at com.kms.katalon.core.keyword.builtin.CallTestCaseKeyword$_callTestCase_closure1.call(CallTestCaseKeyword.groovy)
	at com.kms.katalon.core.keyword.internal.KeywordMain.runKeyword(KeywordMain.groovy:75)
	at com.kms.katalon.core.keyword.builtin.CallTestCaseKeyword.callTestCase(CallTestCaseKeyword.groovy:81)
	at com.kms.katalon.core.keyword.builtin.CallTestCaseKeyword.execute(CallTestCaseKeyword.groovy:44)
	at com.kms.katalon.core.keyword.internal.KeywordExecutor.executeKeywordForPlatform(KeywordExecutor.groovy:74)
	at com.kms.katalon.core.keyword.BuiltinKeywords.callTestCase(BuiltinKeywords.groovy:310)
	at PBY-004.run(PBY-004:20)
	at com.kms.katalon.core.main.ScriptEngine.run(ScriptEngine.java:194)
	at com.kms.katalon.core.main.ScriptEngine.runScriptAsRawText(ScriptEngine.java:119)
	at com.kms.katalon.core.main.TestCaseExecutor.runScript(TestCaseExecutor.java:448)
	at com.kms.katalon.core.main.TestCaseExecutor.doExecute(TestCaseExecutor.java:439)
	at com.kms.katalon.core.main.TestCaseExecutor.processExecutionPhase(TestCaseExecutor.java:418)
	at com.kms.katalon.core.main.TestCaseExecutor.accessMainPhase(TestCaseExecutor.java:410)
	at com.kms.katalon.core.main.TestCaseExecutor.execute(TestCaseExecutor.java:285)
	at com.kms.katalon.core.main.TestCaseMain.runTestCase(TestCaseMain.java:144)
	at com.kms.katalon.core.keyword.builtin.CallTestCaseKeyword$_callTestCase_closure1.doCall(CallTestCaseKeyword.groovy:59)
	at com.kms.katalon.core.keyword.builtin.CallTestCaseKeyword$_callTestCase_closure1.call(CallTestCaseKeyword.groovy)
	at com.kms.katalon.core.keyword.internal.KeywordMain.runKeyword(KeywordMain.groovy:75)
	at com.kms.katalon.core.keyword.builtin.CallTestCaseKeyword.callTestCase(CallTestCaseKeyword.groovy:81)
	at com.kms.katalon.core.keyword.builtin.CallTestCaseKeyword.execute(CallTestCaseKeyword.groovy:44)
	at com.kms.katalon.core.keyword.internal.KeywordExecutor.executeKeywordForPlatform(KeywordExecutor.groovy:74)
	at com.kms.katalon.core.keyword.BuiltinKeywords.callTestCase(BuiltinKeywords.groovy:310)
	at PBYA-001.run(PBYA-001:20)
	at com.kms.katalon.core.main.ScriptEngine.run(ScriptEngine.java:194)
	at com.kms.katalon.core.main.ScriptEngine.runScriptAsRawText(ScriptEngine.java:119)
	at com.kms.katalon.core.main.TestCaseExecutor.runScript(TestCaseExecutor.java:448)
	at com.kms.katalon.core.main.TestCaseExecutor.doExecute(TestCaseExecutor.java:439)
	at com.kms.katalon.core.main.TestCaseExecutor.processExecutionPhase(TestCaseExecutor.java:418)
	at com.kms.katalon.core.main.TestCaseExecutor.accessMainPhase(TestCaseExecutor.java:410)
	at com.kms.katalon.core.main.TestCaseExecutor.execute(TestCaseExecutor.java:285)
	at com.kms.katalon.core.main.TestCaseMain.runTestCase(TestCaseMain.java:144)
	at com.kms.katalon.core.keyword.builtin.CallTestCaseKeyword$_callTestCase_closure1.doCall(CallTestCaseKeyword.groovy:59)
	at com.kms.katalon.core.keyword.builtin.CallTestCaseKeyword$_callTestCase_closure1.call(CallTestCaseKeyword.groovy)
	at com.kms.katalon.core.keyword.internal.KeywordMain.runKeyword(KeywordMain.groovy:75)
	at com.kms.katalon.core.keyword.builtin.CallTestCaseKeyword.callTestCase(CallTestCaseKeyword.groovy:81)
	at com.kms.katalon.core.keyword.builtin.CallTestCaseKeyword.execute(CallTestCaseKeyword.groovy:44)
	at com.kms.katalon.core.keyword.internal.KeywordExecutor.executeKeywordForPlatform(KeywordExecutor.groovy:74)
	at com.kms.katalon.core.keyword.BuiltinKeywords.callTestCase(BuiltinKeywords.groovy:310)
	at SA-001.run(SA-001:20)
	at com.kms.katalon.core.main.ScriptEngine.run(ScriptEngine.java:194)
	at com.kms.katalon.core.main.ScriptEngine.runScriptAsRawText(ScriptEngine.java:119)
	at com.kms.katalon.core.main.TestCaseExecutor.runScript(TestCaseExecutor.java:448)
	at com.kms.katalon.core.main.TestCaseExecutor.doExecute(TestCaseExecutor.java:439)
	at com.kms.katalon.core.main.TestCaseExecutor.processExecutionPhase(TestCaseExecutor.java:418)
	at com.kms.katalon.core.main.TestCaseExecutor.accessMainPhase(TestCaseExecutor.java:410)
	at com.kms.katalon.core.main.TestCaseExecutor.execute(TestCaseExecutor.java:285)
	at com.kms.katalon.core.main.TestCaseMain.runTestCase(TestCaseMain.java:144)
	at com.kms.katalon.core.keyword.builtin.CallTestCaseKeyword$_callTestCase_closure1.doCall(CallTestCaseKeyword.groovy:59)
	at com.kms.katalon.core.keyword.builtin.CallTestCaseKeyword$_callTestCase_closure1.call(CallTestCaseKeyword.groovy)
	at com.kms.katalon.core.keyword.internal.KeywordMain.runKeyword(KeywordMain.groovy:75)
	at com.kms.katalon.core.keyword.builtin.CallTestCaseKeyword.callTestCase(CallTestCaseKeyword.groovy:81)
	at com.kms.katalon.core.keyword.builtin.CallTestCaseKeyword.execute(CallTestCaseKeyword.groovy:44)
	at com.kms.katalon.core.keyword.internal.KeywordExecutor.executeKeywordForPlatform(KeywordExecutor.groovy:74)
	at com.kms.katalon.core.keyword.BuiltinKeywords.callTestCase(BuiltinKeywords.groovy:310)
	at SA-002.run(SA-002:20)
	at com.kms.katalon.core.main.ScriptEngine.run(ScriptEngine.java:194)
	at com.kms.katalon.core.main.ScriptEngine.runScriptAsRawText(ScriptEngine.java:119)
	at com.kms.katalon.core.main.TestCaseExecutor.runScript(TestCaseExecutor.java:448)
	at com.kms.katalon.core.main.TestCaseExecutor.doExecute(TestCaseExecutor.java:439)
	at com.kms.katalon.core.main.TestCaseExecutor.processExecutionPhase(TestCaseExecutor.java:418)
	at com.kms.katalon.core.main.TestCaseExecutor.accessMainPhase(TestCaseExecutor.java:410)
	at com.kms.katalon.core.main.TestCaseExecutor.execute(TestCaseExecutor.java:285)
	at com.kms.katalon.core.main.TestCaseMain.runTestCase(TestCaseMain.java:144)
	at com.kms.katalon.core.keyword.builtin.CallTestCaseKeyword$_callTestCase_closure1.doCall(CallTestCaseKeyword.groovy:59)
	at com.kms.katalon.core.keyword.builtin.CallTestCaseKeyword$_callTestCase_closure1.call(CallTestCaseKeyword.groovy)
	at com.kms.katalon.core.keyword.internal.KeywordMain.runKeyword(KeywordMain.groovy:75)
	at com.kms.katalon.core.keyword.builtin.CallTestCaseKeyword.callTestCase(CallTestCaseKeyword.groovy:81)
	at com.kms.katalon.core.keyword.builtin.CallTestCaseKeyword.execute(CallTestCaseKeyword.groovy:44)
	at com.kms.katalon.core.keyword.internal.KeywordExecutor.executeKeywordForPlatform(KeywordExecutor.groovy:74)
	at com.kms.katalon.core.keyword.BuiltinKeywords.callTestCase(BuiltinKeywords.groovy:310)
	at SA-003.run(SA-003:20)
	at com.kms.katalon.core.main.ScriptEngine.run(ScriptEngine.java:194)
	at com.kms.katalon.core.main.ScriptEngine.runScriptAsRawText(ScriptEngine.java:119)
	at com.kms.katalon.core.main.TestCaseExecutor.runScript(TestCaseExecutor.java:448)
	at com.kms.katalon.core.main.TestCaseExecutor.doExecute(TestCaseExecutor.java:439)
	at com.kms.katalon.core.main.TestCaseExecutor.processExecutionPhase(TestCaseExecutor.java:418)
	at com.kms.katalon.core.main.TestCaseExecutor.accessMainPhase(TestCaseExecutor.java:410)
	at com.kms.katalon.core.main.TestCaseExecutor.execute(TestCaseExecutor.java:285)
	at com.kms.katalon.core.main.TestCaseMain.runTestCase(TestCaseMain.java:144)
	at com.kms.katalon.core.keyword.builtin.CallTestCaseKeyword$_callTestCase_closure1.doCall(CallTestCaseKeyword.groovy:59)
	at com.kms.katalon.core.keyword.builtin.CallTestCaseKeyword$_callTestCase_closure1.call(CallTestCaseKeyword.groovy)
	at com.kms.katalon.core.keyword.internal.KeywordMain.runKeyword(KeywordMain.groovy:75)
	at com.kms.katalon.core.keyword.builtin.CallTestCaseKeyword.callTestCase(CallTestCaseKeyword.groovy:81)
	at com.kms.katalon.core.keyword.builtin.CallTestCaseKeyword.execute(CallTestCaseKeyword.groovy:44)
	at com.kms.katalon.core.keyword.internal.KeywordExecutor.executeKeywordForPlatform(KeywordExecutor.groovy:74)
	at com.kms.katalon.core.keyword.BuiltinKeywords.callTestCase(BuiltinKeywords.groovy:310)
	at SU-010.run(SU-010:20)
	at com.kms.katalon.core.main.ScriptEngine.run(ScriptEngine.java:194)
	at com.kms.katalon.core.main.ScriptEngine.runScriptAsRawText(ScriptEngine.java:119)
	at com.kms.katalon.core.main.TestCaseExecutor.runScript(TestCaseExecutor.java:448)
	at com.kms.katalon.core.main.TestCaseExecutor.doExecute(TestCaseExecutor.java:439)
	at com.kms.katalon.core.main.TestCaseExecutor.processExecutionPhase(TestCaseExecutor.java:418)
	at com.kms.katalon.core.main.TestCaseExecutor.accessMainPhase(TestCaseExecutor.java:410)
	at com.kms.katalon.core.main.TestCaseExecutor.execute(TestCaseExecutor.java:285)
	at com.kms.katalon.core.common.CommonExecutor.accessTestCaseMainPhase(CommonExecutor.java:65)
	at com.kms.katalon.core.main.TestSuiteExecutor.accessTestSuiteMainPhase(TestSuiteExecutor.java:148)
	at com.kms.katalon.core.main.TestSuiteExecutor.execute(TestSuiteExecutor.java:106)
	at com.kms.katalon.core.main.TestCaseMain.startTestSuite(TestCaseMain.java:187)
	at com.kms.katalon.core.main.TestCaseMain$startTestSuite$0.call(Unknown Source)
	at TempTestSuite1696420804604.run(TempTestSuite1696420804604.groovy:36)
Caused by: com.kms.katalon.core.exception.StepFailedException: Call Test Case 'Test Cases/T13 Pembelian, Shipment dan Pembayaran/PBL-004' failed
	at com.kms.katalon.core.keyword.builtin.CallTestCaseKeyword$_callTestCase_closure1.doCall(CallTestCaseKeyword.groovy:63)
	at com.kms.katalon.core.keyword.builtin.CallTestCaseKeyword$_callTestCase_closure1.call(CallTestCaseKeyword.groovy)
	at com.kms.katalon.core.keyword.internal.KeywordMain.runKeyword(KeywordMain.groovy:75)
	at com.kms.katalon.core.keyword.builtin.CallTestCaseKeyword.callTestCase(CallTestCaseKeyword.groovy:81)
	at com.kms.katalon.core.keyword.builtin.CallTestCaseKeyword.execute(CallTestCaseKeyword.groovy:44)
	at com.kms.katalon.core.keyword.internal.KeywordExecutor.executeKeywordForPlatform(KeywordExecutor.groovy:74)
	at com.kms.katalon.core.keyword.BuiltinKeywords.callTestCase(BuiltinKeywords.groovy:310)
	at PBY-001.run(PBY-001:20)
	at com.kms.katalon.core.main.ScriptEngine.run(ScriptEngine.java:194)
	at com.kms.katalon.core.main.ScriptEngine.runScriptAsRawText(ScriptEngine.java:119)
	at com.kms.katalon.core.main.TestCaseExecutor.runScript(TestCaseExecutor.java:448)
	at com.kms.katalon.core.main.TestCaseExecutor.doExecute(TestCaseExecutor.java:439)
	at com.kms.katalon.core.main.TestCaseExecutor.processExecutionPhase(TestCaseExecutor.java:418)
	at com.kms.katalon.core.main.TestCaseExecutor.accessMainPhase(TestCaseExecutor.java:410)
	at com.kms.katalon.core.main.TestCaseExecutor.execute(TestCaseExecutor.java:285)
	at com.kms.katalon.core.main.TestCaseMain.runTestCase(TestCaseMain.java:144)
	at com.kms.katalon.core.keyword.builtin.CallTestCaseKeyword$_callTestCase_closure1.doCall(CallTestCaseKeyword.groovy:59)
	... 100 more
Caused by: com.kms.katalon.core.exception.StepFailedException: Call Test Case 'Test Cases/T13 Pembelian, Shipment dan Pembayaran/PBL-002' failed
	at com.kms.katalon.core.keyword.builtin.CallTestCaseKeyword$_callTestCase_closure1.doCall(CallTestCaseKeyword.groovy:63)
	at com.kms.katalon.core.keyword.builtin.CallTestCaseKeyword$_callTestCase_closure1.call(CallTestCaseKeyword.groovy)
	at com.kms.katalon.core.keyword.internal.KeywordMain.runKeyword(KeywordMain.groovy:75)
	at com.kms.katalon.core.keyword.builtin.CallTestCaseKeyword.callTestCase(CallTestCaseKeyword.groovy:81)
	at com.kms.katalon.core.keyword.builtin.CallTestCaseKeyword.execute(CallTestCaseKeyword.groovy:44)
	at com.kms.katalon.core.keyword.internal.KeywordExecutor.executeKeywordForPlatform(KeywordExecutor.groovy:74)
	at com.kms.katalon.core.keyword.BuiltinKeywords.callTestCase(BuiltinKeywords.groovy:310)
	at PBL-004.run(PBL-004:20)
	at com.kms.katalon.core.main.ScriptEngine.run(ScriptEngine.java:194)
	at com.kms.katalon.core.main.ScriptEngine.runScriptAsRawText(ScriptEngine.java:119)
	at com.kms.katalon.core.main.TestCaseExecutor.runScript(TestCaseExecutor.java:448)
	at com.kms.katalon.core.main.TestCaseExecutor.doExecute(TestCaseExecutor.java:439)
	at com.kms.katalon.core.main.TestCaseExecutor.processExecutionPhase(TestCaseExecutor.java:418)
	at com.kms.katalon.core.main.TestCaseExecutor.accessMainPhase(TestCaseExecutor.java:410)
	at com.kms.katalon.core.main.TestCaseExecutor.execute(TestCaseExecutor.java:285)
	at com.kms.katalon.core.main.TestCaseMain.runTestCase(TestCaseMain.java:144)
	at com.kms.katalon.core.keyword.builtin.CallTestCaseKeyword$_callTestCase_closure1.doCall(CallTestCaseKeyword.groovy:59)
	... 116 more
Caused by: com.kms.katalon.core.exception.StepFailedException: Unable to click on object 'Object Repository/beli barang/Lihat Sekarang'
	at com.kms.katalon.core.webui.keyword.internal.WebUIKeywordMain.stepFailed(WebUIKeywordMain.groovy:64)
	at com.kms.katalon.core.webui.keyword.internal.WebUIKeywordMain.runKeyword(WebUIKeywordMain.groovy:26)
	at com.kms.katalon.core.webui.keyword.builtin.ClickKeyword.click(ClickKeyword.groovy:74)
	at com.kms.katalon.core.webui.keyword.builtin.ClickKeyword.execute(ClickKeyword.groovy:40)
	at com.kms.katalon.core.keyword.internal.KeywordExecutor.executeKeywordForPlatform(KeywordExecutor.groovy:74)
	at com.kms.katalon.core.webui.keyword.WebUiBuiltInKeywords.click(WebUiBuiltInKeywords.groovy:620)
	at com.kms.katalon.core.webui.keyword.WebUiBuiltInKeywords$click$2.call(Unknown Source)
	at PBL-002.run(PBL-002:25)
	at com.kms.katalon.core.main.ScriptEngine.run(ScriptEngine.java:194)
	at com.kms.katalon.core.main.ScriptEngine.runScriptAsRawText(ScriptEngine.java:119)
	at com.kms.katalon.core.main.TestCaseExecutor.runScript(TestCaseExecutor.java:448)
	at com.kms.katalon.core.main.TestCaseExecutor.doExecute(TestCaseExecutor.java:439)
	at com.kms.katalon.core.main.TestCaseExecutor.processExecutionPhase(TestCaseExecutor.java:418)
	at com.kms.katalon.core.main.TestCaseExecutor.accessMainPhase(TestCaseExecutor.java:410)
	at com.kms.katalon.core.main.TestCaseExecutor.execute(TestCaseExecutor.java:285)
	at com.kms.katalon.core.main.TestCaseMain.runTestCase(TestCaseMain.java:144)
	at com.kms.katalon.core.keyword.builtin.CallTestCaseKeyword$_callTestCase_closure1.doCall(CallTestCaseKeyword.groovy:59)
	... 132 more
Caused by: org.openqa.selenium.ElementNotInteractableException: Element <a class="ps-btn ps-btn--fullwidth" href="https://10.9.2.63/ecommerce/produk/keranjang"> could not be scrolled into view
Build info: version: '3.141.59', revision: 'e82be7d358', time: '2018-11-14T08:25:53'
System info: host: 'DESKTOP-H62FVJ8', ip: '10.9.2.72', os.name: 'Windows 10', os.arch: 'amd64', os.version: '10.0', java.version: '1.8.0_362'
Driver info: com.kms.katalon.core.webui.driver.firefox.CGeckoDriver
Capabilities {acceptInsecureCerts: true, browserName: firefox, browserVersion: 117.0.1, javascriptEnabled: true, moz:accessibilityChecks: false, moz:buildID: 20230912013654, moz:geckodriverVersion: 0.33.0, moz:headless: false, moz:platformVersion: 10.0, moz:processID: 17188, moz:profile: C:\Users\IRFAN\AppData\Loca..., moz:shutdownTimeout: 60000, moz:webdriverClick: true, moz:windowless: false, pageLoadStrategy: normal, platform: WINDOWS, platformName: WINDOWS, proxy: Proxy(direct), setWindowRect: true, strictFileInteractability: false, timeouts: {implicit: 0, pageLoad: 300000, script: 30000}, unhandledPromptBehavior: dismiss and notify}
Session ID: 04cf3b6c-2b0e-450a-a181-9467d554da97
	at org.openqa.selenium.remote.http.W3CHttpResponseCodec.createException(W3CHttpResponseCodec.java:187)
	at org.openqa.selenium.remote.http.W3CHttpResponseCodec.decode(W3CHttpResponseCodec.java:122)
	at org.openqa.selenium.remote.http.W3CHttpResponseCodec.decode(W3CHttpResponseCodec.java:49)
	at org.openqa.selenium.remote.HttpCommandExecutor.execute(HttpCommandExecutor.java:158)
	at org.openqa.selenium.remote.service.DriverCommandExecutor.execute(DriverCommandExecutor.java:83)
	at org.openqa.selenium.remote.RemoteWebDriver.execute(RemoteWebDriver.java:552)
	at com.kms.katalon.selenium.driver.CFirefoxDriver.execute(CFirefoxDriver.java:27)
	at org.openqa.selenium.remote.RemoteWebElement.execute(RemoteWebElement.java:285)
	at org.openqa.selenium.remote.RemoteWebElement.click(RemoteWebElement.java:84)
	at org.openqa.selenium.support.events.EventFiringWebDriver$EventFiringWebElement.lambda$new$0(EventFiringWebDriver.java:404)
	at com.sun.proxy.$Proxy11.click(Unknown Source)
	at org.openqa.selenium.support.events.EventFiringWebDriver$EventFiringWebElement.click(EventFiringWebDriver.java:417)
	at org.openqa.selenium.WebElement$click.call(Unknown Source)
	at com.kms.katalon.core.webui.keyword.builtin.ClickKeyword.clickUntilSuccessWithTimeout(ClickKeyword.groovy:81)
	at com.kms.katalon.core.webui.keyword.builtin.ClickKeyword.clickUntilSuccessWithTimeout(ClickKeyword.groovy)
	at com.kms.katalon.core.webui.keyword.builtin.ClickKeyword$_click_closure1.doCall(ClickKeyword.groovy:67)
	at com.kms.katalon.core.webui.keyword.builtin.ClickKeyword$_click_closure1.call(ClickKeyword.groovy)
	at com.kms.katalon.core.webui.keyword.internal.WebUIKeywordMain.runKeyword(WebUIKeywordMain.groovy:20)
	... 147 more
)

2023-10-04 19:57:18 - [TEST_CASE][FAILED] - Test Cases/T13 Pembelian, Shipment dan Pembayaran/PBY-001: Test Cases/T13 Pembelian, Shipment dan Pembayaran/PBY-001 FAILED.
Reason:
com.kms.katalon.core.exception.StepFailedException: Call Test Case 'Test Cases/T13 Pembelian, Shipment dan Pembayaran/PBL-004' failed
	at com.kms.katalon.core.keyword.builtin.CallTestCaseKeyword$_callTestCase_closure1.doCall(CallTestCaseKeyword.groovy:63)
	at com.kms.katalon.core.keyword.builtin.CallTestCaseKeyword$_callTestCase_closure1.call(CallTestCaseKeyword.groovy)
	at com.kms.katalon.core.keyword.internal.KeywordMain.runKeyword(KeywordMain.groovy:75)
	at com.kms.katalon.core.keyword.builtin.CallTestCaseKeyword.callTestCase(CallTestCaseKeyword.groovy:81)
	at com.kms.katalon.core.keyword.builtin.CallTestCaseKeyword.execute(CallTestCaseKeyword.groovy:44)
	at com.kms.katalon.core.keyword.internal.KeywordExecutor.executeKeywordForPlatform(KeywordExecutor.groovy:74)
	at com.kms.katalon.core.keyword.BuiltinKeywords.callTestCase(BuiltinKeywords.groovy:310)
	at PBY-001.run(PBY-001:20)
	at com.kms.katalon.core.main.ScriptEngine.run(ScriptEngine.java:194)
	at com.kms.katalon.core.main.ScriptEngine.runScriptAsRawText(ScriptEngine.java:119)
	at com.kms.katalon.core.main.TestCaseExecutor.runScript(TestCaseExecutor.java:448)
	at com.kms.katalon.core.main.TestCaseExecutor.doExecute(TestCaseExecutor.java:439)
	at com.kms.katalon.core.main.TestCaseExecutor.processExecutionPhase(TestCaseExecutor.java:418)
	at com.kms.katalon.core.main.TestCaseExecutor.accessMainPhase(TestCaseExecutor.java:410)
	at com.kms.katalon.core.main.TestCaseExecutor.execute(TestCaseExecutor.java:285)
	at com.kms.katalon.core.main.TestCaseMain.runTestCase(TestCaseMain.java:144)
	at com.kms.katalon.core.keyword.builtin.CallTestCaseKeyword$_callTestCase_closure1.doCall(CallTestCaseKeyword.groovy:59)
	at com.kms.katalon.core.keyword.builtin.CallTestCaseKeyword$_callTestCase_closure1.call(CallTestCaseKeyword.groovy)
	at com.kms.katalon.core.keyword.internal.KeywordMain.runKeyword(KeywordMain.groovy:75)
	at com.kms.katalon.core.keyword.builtin.CallTestCaseKeyword.callTestCase(CallTestCaseKeyword.groovy:81)
	at com.kms.katalon.core.keyword.builtin.CallTestCaseKeyword.execute(CallTestCaseKeyword.groovy:44)
	at com.kms.katalon.core.keyword.internal.KeywordExecutor.executeKeywordForPlatform(KeywordExecutor.groovy:74)
	at com.kms.katalon.core.keyword.BuiltinKeywords.callTestCase(BuiltinKeywords.groovy:310)
	at PBY-004.run(PBY-004:20)
	at com.kms.katalon.core.main.ScriptEngine.run(ScriptEngine.java:194)
	at com.kms.katalon.core.main.ScriptEngine.runScriptAsRawText(ScriptEngine.java:119)
	at com.kms.katalon.core.main.TestCaseExecutor.runScript(TestCaseExecutor.java:448)
	at com.kms.katalon.core.main.TestCaseExecutor.doExecute(TestCaseExecutor.java:439)
	at com.kms.katalon.core.main.TestCaseExecutor.processExecutionPhase(TestCaseExecutor.java:418)
	at com.kms.katalon.core.main.TestCaseExecutor.accessMainPhase(TestCaseExecutor.java:410)
	at com.kms.katalon.core.main.TestCaseExecutor.execute(TestCaseExecutor.java:285)
	at com.kms.katalon.core.main.TestCaseMain.runTestCase(TestCaseMain.java:144)
	at com.kms.katalon.core.keyword.builtin.CallTestCaseKeyword$_callTestCase_closure1.doCall(CallTestCaseKeyword.groovy:59)
	at com.kms.katalon.core.keyword.builtin.CallTestCaseKeyword$_callTestCase_closure1.call(CallTestCaseKeyword.groovy)
	at com.kms.katalon.core.keyword.internal.KeywordMain.runKeyword(KeywordMain.groovy:75)
	at com.kms.katalon.core.keyword.builtin.CallTestCaseKeyword.callTestCase(CallTestCaseKeyword.groovy:81)
	at com.kms.katalon.core.keyword.builtin.CallTestCaseKeyword.execute(CallTestCaseKeyword.groovy:44)
	at com.kms.katalon.core.keyword.internal.KeywordExecutor.executeKeywordForPlatform(KeywordExecutor.groovy:74)
	at com.kms.katalon.core.keyword.BuiltinKeywords.callTestCase(BuiltinKeywords.groovy:310)
	at PBYA-001.run(PBYA-001:20)
	at com.kms.katalon.core.main.ScriptEngine.run(ScriptEngine.java:194)
	at com.kms.katalon.core.main.ScriptEngine.runScriptAsRawText(ScriptEngine.java:119)
	at com.kms.katalon.core.main.TestCaseExecutor.runScript(TestCaseExecutor.java:448)
	at com.kms.katalon.core.main.TestCaseExecutor.doExecute(TestCaseExecutor.java:439)
	at com.kms.katalon.core.main.TestCaseExecutor.processExecutionPhase(TestCaseExecutor.java:418)
	at com.kms.katalon.core.main.TestCaseExecutor.accessMainPhase(TestCaseExecutor.java:410)
	at com.kms.katalon.core.main.TestCaseExecutor.execute(TestCaseExecutor.java:285)
	at com.kms.katalon.core.main.TestCaseMain.runTestCase(TestCaseMain.java:144)
	at com.kms.katalon.core.keyword.builtin.CallTestCaseKeyword$_callTestCase_closure1.doCall(CallTestCaseKeyword.groovy:59)
	at com.kms.katalon.core.keyword.builtin.CallTestCaseKeyword$_callTestCase_closure1.call(CallTestCaseKeyword.groovy)
	at com.kms.katalon.core.keyword.internal.KeywordMain.runKeyword(KeywordMain.groovy:75)
	at com.kms.katalon.core.keyword.builtin.CallTestCaseKeyword.callTestCase(CallTestCaseKeyword.groovy:81)
	at com.kms.katalon.core.keyword.builtin.CallTestCaseKeyword.execute(CallTestCaseKeyword.groovy:44)
	at com.kms.katalon.core.keyword.internal.KeywordExecutor.executeKeywordForPlatform(KeywordExecutor.groovy:74)
	at com.kms.katalon.core.keyword.BuiltinKeywords.callTestCase(BuiltinKeywords.groovy:310)
	at SA-001.run(SA-001:20)
	at com.kms.katalon.core.main.ScriptEngine.run(ScriptEngine.java:194)
	at com.kms.katalon.core.main.ScriptEngine.runScriptAsRawText(ScriptEngine.java:119)
	at com.kms.katalon.core.main.TestCaseExecutor.runScript(TestCaseExecutor.java:448)
	at com.kms.katalon.core.main.TestCaseExecutor.doExecute(TestCaseExecutor.java:439)
	at com.kms.katalon.core.main.TestCaseExecutor.processExecutionPhase(TestCaseExecutor.java:418)
	at com.kms.katalon.core.main.TestCaseExecutor.accessMainPhase(TestCaseExecutor.java:410)
	at com.kms.katalon.core.main.TestCaseExecutor.execute(TestCaseExecutor.java:285)
	at com.kms.katalon.core.main.TestCaseMain.runTestCase(TestCaseMain.java:144)
	at com.kms.katalon.core.keyword.builtin.CallTestCaseKeyword$_callTestCase_closure1.doCall(CallTestCaseKeyword.groovy:59)
	at com.kms.katalon.core.keyword.builtin.CallTestCaseKeyword$_callTestCase_closure1.call(CallTestCaseKeyword.groovy)
	at com.kms.katalon.core.keyword.internal.KeywordMain.runKeyword(KeywordMain.groovy:75)
	at com.kms.katalon.core.keyword.builtin.CallTestCaseKeyword.callTestCase(CallTestCaseKeyword.groovy:81)
	at com.kms.katalon.core.keyword.builtin.CallTestCaseKeyword.execute(CallTestCaseKeyword.groovy:44)
	at com.kms.katalon.core.keyword.internal.KeywordExecutor.executeKeywordForPlatform(KeywordExecutor.groovy:74)
	at com.kms.katalon.core.keyword.BuiltinKeywords.callTestCase(BuiltinKeywords.groovy:310)
	at SA-002.run(SA-002:20)
	at com.kms.katalon.core.main.ScriptEngine.run(ScriptEngine.java:194)
	at com.kms.katalon.core.main.ScriptEngine.runScriptAsRawText(ScriptEngine.java:119)
	at com.kms.katalon.core.main.TestCaseExecutor.runScript(TestCaseExecutor.java:448)
	at com.kms.katalon.core.main.TestCaseExecutor.doExecute(TestCaseExecutor.java:439)
	at com.kms.katalon.core.main.TestCaseExecutor.processExecutionPhase(TestCaseExecutor.java:418)
	at com.kms.katalon.core.main.TestCaseExecutor.accessMainPhase(TestCaseExecutor.java:410)
	at com.kms.katalon.core.main.TestCaseExecutor.execute(TestCaseExecutor.java:285)
	at com.kms.katalon.core.main.TestCaseMain.runTestCase(TestCaseMain.java:144)
	at com.kms.katalon.core.keyword.builtin.CallTestCaseKeyword$_callTestCase_closure1.doCall(CallTestCaseKeyword.groovy:59)
	at com.kms.katalon.core.keyword.builtin.CallTestCaseKeyword$_callTestCase_closure1.call(CallTestCaseKeyword.groovy)
	at com.kms.katalon.core.keyword.internal.KeywordMain.runKeyword(KeywordMain.groovy:75)
	at com.kms.katalon.core.keyword.builtin.CallTestCaseKeyword.callTestCase(CallTestCaseKeyword.groovy:81)
	at com.kms.katalon.core.keyword.builtin.CallTestCaseKeyword.execute(CallTestCaseKeyword.groovy:44)
	at com.kms.katalon.core.keyword.internal.KeywordExecutor.executeKeywordForPlatform(KeywordExecutor.groovy:74)
	at com.kms.katalon.core.keyword.BuiltinKeywords.callTestCase(BuiltinKeywords.groovy:310)
	at SA-003.run(SA-003:20)
	at com.kms.katalon.core.main.ScriptEngine.run(ScriptEngine.java:194)
	at com.kms.katalon.core.main.ScriptEngine.runScriptAsRawText(ScriptEngine.java:119)
	at com.kms.katalon.core.main.TestCaseExecutor.runScript(TestCaseExecutor.java:448)
	at com.kms.katalon.core.main.TestCaseExecutor.doExecute(TestCaseExecutor.java:439)
	at com.kms.katalon.core.main.TestCaseExecutor.processExecutionPhase(TestCaseExecutor.java:418)
	at com.kms.katalon.core.main.TestCaseExecutor.accessMainPhase(TestCaseExecutor.java:410)
	at com.kms.katalon.core.main.TestCaseExecutor.execute(TestCaseExecutor.java:285)
	at com.kms.katalon.core.main.TestCaseMain.runTestCase(TestCaseMain.java:144)
	at com.kms.katalon.core.keyword.builtin.CallTestCaseKeyword$_callTestCase_closure1.doCall(CallTestCaseKeyword.groovy:59)
	at com.kms.katalon.core.keyword.builtin.CallTestCaseKeyword$_callTestCase_closure1.call(CallTestCaseKeyword.groovy)
	at com.kms.katalon.core.keyword.internal.KeywordMain.runKeyword(KeywordMain.groovy:75)
	at com.kms.katalon.core.keyword.builtin.CallTestCaseKeyword.callTestCase(CallTestCaseKeyword.groovy:81)
	at com.kms.katalon.core.keyword.builtin.CallTestCaseKeyword.execute(CallTestCaseKeyword.groovy:44)
	at com.kms.katalon.core.keyword.internal.KeywordExecutor.executeKeywordForPlatform(KeywordExecutor.groovy:74)
	at com.kms.katalon.core.keyword.BuiltinKeywords.callTestCase(BuiltinKeywords.groovy:310)
	at SU-010.run(SU-010:20)
	at com.kms.katalon.core.main.ScriptEngine.run(ScriptEngine.java:194)
	at com.kms.katalon.core.main.ScriptEngine.runScriptAsRawText(ScriptEngine.java:119)
	at com.kms.katalon.core.main.TestCaseExecutor.runScript(TestCaseExecutor.java:448)
	at com.kms.katalon.core.main.TestCaseExecutor.doExecute(TestCaseExecutor.java:439)
	at com.kms.katalon.core.main.TestCaseExecutor.processExecutionPhase(TestCaseExecutor.java:418)
	at com.kms.katalon.core.main.TestCaseExecutor.accessMainPhase(TestCaseExecutor.java:410)
	at com.kms.katalon.core.main.TestCaseExecutor.execute(TestCaseExecutor.java:285)
	at com.kms.katalon.core.common.CommonExecutor.accessTestCaseMainPhase(CommonExecutor.java:65)
	at com.kms.katalon.core.main.TestSuiteExecutor.accessTestSuiteMainPhase(TestSuiteExecutor.java:148)
	at com.kms.katalon.core.main.TestSuiteExecutor.execute(TestSuiteExecutor.java:106)
	at com.kms.katalon.core.main.TestCaseMain.startTestSuite(TestCaseMain.java:187)
	at com.kms.katalon.core.main.TestCaseMain$startTestSuite$0.call(Unknown Source)
	at TempTestSuite1696420804604.run(TempTestSuite1696420804604.groovy:36)
Caused by: com.kms.katalon.core.exception.StepFailedException: Call Test Case 'Test Cases/T13 Pembelian, Shipment dan Pembayaran/PBL-002' failed
	at com.kms.katalon.core.keyword.builtin.CallTestCaseKeyword$_callTestCase_closure1.doCall(CallTestCaseKeyword.groovy:63)
	at com.kms.katalon.core.keyword.builtin.CallTestCaseKeyword$_callTestCase_closure1.call(CallTestCaseKeyword.groovy)
	at com.kms.katalon.core.keyword.internal.KeywordMain.runKeyword(KeywordMain.groovy:75)
	at com.kms.katalon.core.keyword.builtin.CallTestCaseKeyword.callTestCase(CallTestCaseKeyword.groovy:81)
	at com.kms.katalon.core.keyword.builtin.CallTestCaseKeyword.execute(CallTestCaseKeyword.groovy:44)
	at com.kms.katalon.core.keyword.internal.KeywordExecutor.executeKeywordForPlatform(KeywordExecutor.groovy:74)
	at com.kms.katalon.core.keyword.BuiltinKeywords.callTestCase(BuiltinKeywords.groovy:310)
	at PBL-004.run(PBL-004:20)
	at com.kms.katalon.core.main.ScriptEngine.run(ScriptEngine.java:194)
	at com.kms.katalon.core.main.ScriptEngine.runScriptAsRawText(ScriptEngine.java:119)
	at com.kms.katalon.core.main.TestCaseExecutor.runScript(TestCaseExecutor.java:448)
	at com.kms.katalon.core.main.TestCaseExecutor.doExecute(TestCaseExecutor.java:439)
	at com.kms.katalon.core.main.TestCaseExecutor.processExecutionPhase(TestCaseExecutor.java:418)
	at com.kms.katalon.core.main.TestCaseExecutor.accessMainPhase(TestCaseExecutor.java:410)
	at com.kms.katalon.core.main.TestCaseExecutor.execute(TestCaseExecutor.java:285)
	at com.kms.katalon.core.main.TestCaseMain.runTestCase(TestCaseMain.java:144)
	at com.kms.katalon.core.keyword.builtin.CallTestCaseKeyword$_callTestCase_closure1.doCall(CallTestCaseKeyword.groovy:59)
	... 116 more
Caused by: com.kms.katalon.core.exception.StepFailedException: Unable to click on object 'Object Repository/beli barang/Lihat Sekarang'
	at com.kms.katalon.core.webui.keyword.internal.WebUIKeywordMain.stepFailed(WebUIKeywordMain.groovy:64)
	at com.kms.katalon.core.webui.keyword.internal.WebUIKeywordMain.runKeyword(WebUIKeywordMain.groovy:26)
	at com.kms.katalon.core.webui.keyword.builtin.ClickKeyword.click(ClickKeyword.groovy:74)
	at com.kms.katalon.core.webui.keyword.builtin.ClickKeyword.execute(ClickKeyword.groovy:40)
	at com.kms.katalon.core.keyword.internal.KeywordExecutor.executeKeywordForPlatform(KeywordExecutor.groovy:74)
	at com.kms.katalon.core.webui.keyword.WebUiBuiltInKeywords.click(WebUiBuiltInKeywords.groovy:620)
	at com.kms.katalon.core.webui.keyword.WebUiBuiltInKeywords$click$2.call(Unknown Source)
	at PBL-002.run(PBL-002:25)
	at com.kms.katalon.core.main.ScriptEngine.run(ScriptEngine.java:194)
	at com.kms.katalon.core.main.ScriptEngine.runScriptAsRawText(ScriptEngine.java:119)
	at com.kms.katalon.core.main.TestCaseExecutor.runScript(TestCaseExecutor.java:448)
	at com.kms.katalon.core.main.TestCaseExecutor.doExecute(TestCaseExecutor.java:439)
	at com.kms.katalon.core.main.TestCaseExecutor.processExecutionPhase(TestCaseExecutor.java:418)
	at com.kms.katalon.core.main.TestCaseExecutor.accessMainPhase(TestCaseExecutor.java:410)
	at com.kms.katalon.core.main.TestCaseExecutor.execute(TestCaseExecutor.java:285)
	at com.kms.katalon.core.main.TestCaseMain.runTestCase(TestCaseMain.java:144)
	at com.kms.katalon.core.keyword.builtin.CallTestCaseKeyword$_callTestCase_closure1.doCall(CallTestCaseKeyword.groovy:59)
	... 132 more
Caused by: org.openqa.selenium.ElementNotInteractableException: Element <a class="ps-btn ps-btn--fullwidth" href="https://10.9.2.63/ecommerce/produk/keranjang"> could not be scrolled into view
Build info: version: '3.141.59', revision: 'e82be7d358', time: '2018-11-14T08:25:53'
System info: host: 'DESKTOP-H62FVJ8', ip: '10.9.2.72', os.name: 'Windows 10', os.arch: 'amd64', os.version: '10.0', java.version: '1.8.0_362'
Driver info: com.kms.katalon.core.webui.driver.firefox.CGeckoDriver
Capabilities {acceptInsecureCerts: true, browserName: firefox, browserVersion: 117.0.1, javascriptEnabled: true, moz:accessibilityChecks: false, moz:buildID: 20230912013654, moz:geckodriverVersion: 0.33.0, moz:headless: false, moz:platformVersion: 10.0, moz:processID: 17188, moz:profile: C:\Users\IRFAN\AppData\Loca..., moz:shutdownTimeout: 60000, moz:webdriverClick: true, moz:windowless: false, pageLoadStrategy: normal, platform: WINDOWS, platformName: WINDOWS, proxy: Proxy(direct), setWindowRect: true, strictFileInteractability: false, timeouts: {implicit: 0, pageLoad: 300000, script: 30000}, unhandledPromptBehavior: dismiss and notify}
Session ID: 04cf3b6c-2b0e-450a-a181-9467d554da97
	at org.openqa.selenium.remote.http.W3CHttpResponseCodec.createException(W3CHttpResponseCodec.java:187)
	at org.openqa.selenium.remote.http.W3CHttpResponseCodec.decode(W3CHttpResponseCodec.java:122)
	at org.openqa.selenium.remote.http.W3CHttpResponseCodec.decode(W3CHttpResponseCodec.java:49)
	at org.openqa.selenium.remote.HttpCommandExecutor.execute(HttpCommandExecutor.java:158)
	at org.openqa.selenium.remote.service.DriverCommandExecutor.execute(DriverCommandExecutor.java:83)
	at org.openqa.selenium.remote.RemoteWebDriver.execute(RemoteWebDriver.java:552)
	at com.kms.katalon.selenium.driver.CFirefoxDriver.execute(CFirefoxDriver.java:27)
	at org.openqa.selenium.remote.RemoteWebElement.execute(RemoteWebElement.java:285)
	at org.openqa.selenium.remote.RemoteWebElement.click(RemoteWebElement.java:84)
	at org.openqa.selenium.support.events.EventFiringWebDriver$EventFiringWebElement.lambda$new$0(EventFiringWebDriver.java:404)
	at com.sun.proxy.$Proxy11.click(Unknown Source)
	at org.openqa.selenium.support.events.EventFiringWebDriver$EventFiringWebElement.click(EventFiringWebDriver.java:417)
	at org.openqa.selenium.WebElement$click.call(Unknown Source)
	at com.kms.katalon.core.webui.keyword.builtin.ClickKeyword.clickUntilSuccessWithTimeout(ClickKeyword.groovy:81)
	at com.kms.katalon.core.webui.keyword.builtin.ClickKeyword.clickUntilSuccessWithTimeout(ClickKeyword.groovy)
	at com.kms.katalon.core.webui.keyword.builtin.ClickKeyword$_click_closure1.doCall(ClickKeyword.groovy:67)
	at com.kms.katalon.core.webui.keyword.builtin.ClickKeyword$_click_closure1.call(ClickKeyword.groovy)
	at com.kms.katalon.core.webui.keyword.internal.WebUIKeywordMain.runKeyword(WebUIKeywordMain.groovy:20)
	... 147 more


2023-10-04 19:57:18 - [TEST_STEP][FAILED] - data = callTestCase(findTestCase("T13 Pembelian, Shipment dan Pembayaran/PBL-004"), ["Kurir":"Roda 2"], STOP_ON_FAILURE): Unable to call Test Case 'Test Cases/T13 Pembelian, Shipment dan Pembayaran/PBL-004' (Root cause: com.kms.katalon.core.exception.StepFailedException: Call Test Case 'Test Cases/T13 Pembelian, Shipment dan Pembayaran/PBL-004' failed
	at com.kms.katalon.core.keyword.builtin.CallTestCaseKeyword$_callTestCase_closure1.doCall(CallTestCaseKeyword.groovy:63)
	at com.kms.katalon.core.keyword.builtin.CallTestCaseKeyword$_callTestCase_closure1.call(CallTestCaseKeyword.groovy)
	at com.kms.katalon.core.keyword.internal.KeywordMain.runKeyword(KeywordMain.groovy:75)
	at com.kms.katalon.core.keyword.builtin.CallTestCaseKeyword.callTestCase(CallTestCaseKeyword.groovy:81)
	at com.kms.katalon.core.keyword.builtin.CallTestCaseKeyword.execute(CallTestCaseKeyword.groovy:44)
	at com.kms.katalon.core.keyword.internal.KeywordExecutor.executeKeywordForPlatform(KeywordExecutor.groovy:74)
	at com.kms.katalon.core.keyword.BuiltinKeywords.callTestCase(BuiltinKeywords.groovy:310)
	at PBY-001.run(PBY-001:20)
	at com.kms.katalon.core.main.ScriptEngine.run(ScriptEngine.java:194)
	at com.kms.katalon.core.main.ScriptEngine.runScriptAsRawText(ScriptEngine.java:119)
	at com.kms.katalon.core.main.TestCaseExecutor.runScript(TestCaseExecutor.java:448)
	at com.kms.katalon.core.main.TestCaseExecutor.doExecute(TestCaseExecutor.java:439)
	at com.kms.katalon.core.main.TestCaseExecutor.processExecutionPhase(TestCaseExecutor.java:418)
	at com.kms.katalon.core.main.TestCaseExecutor.accessMainPhase(TestCaseExecutor.java:410)
	at com.kms.katalon.core.main.TestCaseExecutor.execute(TestCaseExecutor.java:285)
	at com.kms.katalon.core.main.TestCaseMain.runTestCase(TestCaseMain.java:144)
	at com.kms.katalon.core.keyword.builtin.CallTestCaseKeyword$_callTestCase_closure1.doCall(CallTestCaseKeyword.groovy:59)
	at com.kms.katalon.core.keyword.builtin.CallTestCaseKeyword$_callTestCase_closure1.call(CallTestCaseKeyword.groovy)
	at com.kms.katalon.core.keyword.internal.KeywordMain.runKeyword(KeywordMain.groovy:75)
	at com.kms.katalon.core.keyword.builtin.CallTestCaseKeyword.callTestCase(CallTestCaseKeyword.groovy:81)
	at com.kms.katalon.core.keyword.builtin.CallTestCaseKeyword.execute(CallTestCaseKeyword.groovy:44)
	at com.kms.katalon.core.keyword.internal.KeywordExecutor.executeKeywordForPlatform(KeywordExecutor.groovy:74)
	at com.kms.katalon.core.keyword.BuiltinKeywords.callTestCase(BuiltinKeywords.groovy:310)
	at PBY-004.run(PBY-004:20)
	at com.kms.katalon.core.main.ScriptEngine.run(ScriptEngine.java:194)
	at com.kms.katalon.core.main.ScriptEngine.runScriptAsRawText(ScriptEngine.java:119)
	at com.kms.katalon.core.main.TestCaseExecutor.runScript(TestCaseExecutor.java:448)
	at com.kms.katalon.core.main.TestCaseExecutor.doExecute(TestCaseExecutor.java:439)
	at com.kms.katalon.core.main.TestCaseExecutor.processExecutionPhase(TestCaseExecutor.java:418)
	at com.kms.katalon.core.main.TestCaseExecutor.accessMainPhase(TestCaseExecutor.java:410)
	at com.kms.katalon.core.main.TestCaseExecutor.execute(TestCaseExecutor.java:285)
	at com.kms.katalon.core.main.TestCaseMain.runTestCase(TestCaseMain.java:144)
	at com.kms.katalon.core.keyword.builtin.CallTestCaseKeyword$_callTestCase_closure1.doCall(CallTestCaseKeyword.groovy:59)
	at com.kms.katalon.core.keyword.builtin.CallTestCaseKeyword$_callTestCase_closure1.call(CallTestCaseKeyword.groovy)
	at com.kms.katalon.core.keyword.internal.KeywordMain.runKeyword(KeywordMain.groovy:75)
	at com.kms.katalon.core.keyword.builtin.CallTestCaseKeyword.callTestCase(CallTestCaseKeyword.groovy:81)
	at com.kms.katalon.core.keyword.builtin.CallTestCaseKeyword.execute(CallTestCaseKeyword.groovy:44)
	at com.kms.katalon.core.keyword.internal.KeywordExecutor.executeKeywordForPlatform(KeywordExecutor.groovy:74)
	at com.kms.katalon.core.keyword.BuiltinKeywords.callTestCase(BuiltinKeywords.groovy:310)
	at PBYA-001.run(PBYA-001:20)
	at com.kms.katalon.core.main.ScriptEngine.run(ScriptEngine.java:194)
	at com.kms.katalon.core.main.ScriptEngine.runScriptAsRawText(ScriptEngine.java:119)
	at com.kms.katalon.core.main.TestCaseExecutor.runScript(TestCaseExecutor.java:448)
	at com.kms.katalon.core.main.TestCaseExecutor.doExecute(TestCaseExecutor.java:439)
	at com.kms.katalon.core.main.TestCaseExecutor.processExecutionPhase(TestCaseExecutor.java:418)
	at com.kms.katalon.core.main.TestCaseExecutor.accessMainPhase(TestCaseExecutor.java:410)
	at com.kms.katalon.core.main.TestCaseExecutor.execute(TestCaseExecutor.java:285)
	at com.kms.katalon.core.main.TestCaseMain.runTestCase(TestCaseMain.java:144)
	at com.kms.katalon.core.keyword.builtin.CallTestCaseKeyword$_callTestCase_closure1.doCall(CallTestCaseKeyword.groovy:59)
	at com.kms.katalon.core.keyword.builtin.CallTestCaseKeyword$_callTestCase_closure1.call(CallTestCaseKeyword.groovy)
	at com.kms.katalon.core.keyword.internal.KeywordMain.runKeyword(KeywordMain.groovy:75)
	at com.kms.katalon.core.keyword.builtin.CallTestCaseKeyword.callTestCase(CallTestCaseKeyword.groovy:81)
	at com.kms.katalon.core.keyword.builtin.CallTestCaseKeyword.execute(CallTestCaseKeyword.groovy:44)
	at com.kms.katalon.core.keyword.internal.KeywordExecutor.executeKeywordForPlatform(KeywordExecutor.groovy:74)
	at com.kms.katalon.core.keyword.BuiltinKeywords.callTestCase(BuiltinKeywords.groovy:310)
	at SA-001.run(SA-001:20)
	at com.kms.katalon.core.main.ScriptEngine.run(ScriptEngine.java:194)
	at com.kms.katalon.core.main.ScriptEngine.runScriptAsRawText(ScriptEngine.java:119)
	at com.kms.katalon.core.main.TestCaseExecutor.runScript(TestCaseExecutor.java:448)
	at com.kms.katalon.core.main.TestCaseExecutor.doExecute(TestCaseExecutor.java:439)
	at com.kms.katalon.core.main.TestCaseExecutor.processExecutionPhase(TestCaseExecutor.java:418)
	at com.kms.katalon.core.main.TestCaseExecutor.accessMainPhase(TestCaseExecutor.java:410)
	at com.kms.katalon.core.main.TestCaseExecutor.execute(TestCaseExecutor.java:285)
	at com.kms.katalon.core.main.TestCaseMain.runTestCase(TestCaseMain.java:144)
	at com.kms.katalon.core.keyword.builtin.CallTestCaseKeyword$_callTestCase_closure1.doCall(CallTestCaseKeyword.groovy:59)
	at com.kms.katalon.core.keyword.builtin.CallTestCaseKeyword$_callTestCase_closure1.call(CallTestCaseKeyword.groovy)
	at com.kms.katalon.core.keyword.internal.KeywordMain.runKeyword(KeywordMain.groovy:75)
	at com.kms.katalon.core.keyword.builtin.CallTestCaseKeyword.callTestCase(CallTestCaseKeyword.groovy:81)
	at com.kms.katalon.core.keyword.builtin.CallTestCaseKeyword.execute(CallTestCaseKeyword.groovy:44)
	at com.kms.katalon.core.keyword.internal.KeywordExecutor.executeKeywordForPlatform(KeywordExecutor.groovy:74)
	at com.kms.katalon.core.keyword.BuiltinKeywords.callTestCase(BuiltinKeywords.groovy:310)
	at SA-002.run(SA-002:20)
	at com.kms.katalon.core.main.ScriptEngine.run(ScriptEngine.java:194)
	at com.kms.katalon.core.main.ScriptEngine.runScriptAsRawText(ScriptEngine.java:119)
	at com.kms.katalon.core.main.TestCaseExecutor.runScript(TestCaseExecutor.java:448)
	at com.kms.katalon.core.main.TestCaseExecutor.doExecute(TestCaseExecutor.java:439)
	at com.kms.katalon.core.main.TestCaseExecutor.processExecutionPhase(TestCaseExecutor.java:418)
	at com.kms.katalon.core.main.TestCaseExecutor.accessMainPhase(TestCaseExecutor.java:410)
	at com.kms.katalon.core.main.TestCaseExecutor.execute(TestCaseExecutor.java:285)
	at com.kms.katalon.core.main.TestCaseMain.runTestCase(TestCaseMain.java:144)
	at com.kms.katalon.core.keyword.builtin.CallTestCaseKeyword$_callTestCase_closure1.doCall(CallTestCaseKeyword.groovy:59)
	at com.kms.katalon.core.keyword.builtin.CallTestCaseKeyword$_callTestCase_closure1.call(CallTestCaseKeyword.groovy)
	at com.kms.katalon.core.keyword.internal.KeywordMain.runKeyword(KeywordMain.groovy:75)
	at com.kms.katalon.core.keyword.builtin.CallTestCaseKeyword.callTestCase(CallTestCaseKeyword.groovy:81)
	at com.kms.katalon.core.keyword.builtin.CallTestCaseKeyword.execute(CallTestCaseKeyword.groovy:44)
	at com.kms.katalon.core.keyword.internal.KeywordExecutor.executeKeywordForPlatform(KeywordExecutor.groovy:74)
	at com.kms.katalon.core.keyword.BuiltinKeywords.callTestCase(BuiltinKeywords.groovy:310)
	at SA-003.run(SA-003:20)
	at com.kms.katalon.core.main.ScriptEngine.run(ScriptEngine.java:194)
	at com.kms.katalon.core.main.ScriptEngine.runScriptAsRawText(ScriptEngine.java:119)
	at com.kms.katalon.core.main.TestCaseExecutor.runScript(TestCaseExecutor.java:448)
	at com.kms.katalon.core.main.TestCaseExecutor.doExecute(TestCaseExecutor.java:439)
	at com.kms.katalon.core.main.TestCaseExecutor.processExecutionPhase(TestCaseExecutor.java:418)
	at com.kms.katalon.core.main.TestCaseExecutor.accessMainPhase(TestCaseExecutor.java:410)
	at com.kms.katalon.core.main.TestCaseExecutor.execute(TestCaseExecutor.java:285)
	at com.kms.katalon.core.main.TestCaseMain.runTestCase(TestCaseMain.java:144)
	at com.kms.katalon.core.keyword.builtin.CallTestCaseKeyword$_callTestCase_closure1.doCall(CallTestCaseKeyword.groovy:59)
	at com.kms.katalon.core.keyword.builtin.CallTestCaseKeyword$_callTestCase_closure1.call(CallTestCaseKeyword.groovy)
	at com.kms.katalon.core.keyword.internal.KeywordMain.runKeyword(KeywordMain.groovy:75)
	at com.kms.katalon.core.keyword.builtin.CallTestCaseKeyword.callTestCase(CallTestCaseKeyword.groovy:81)
	at com.kms.katalon.core.keyword.builtin.CallTestCaseKeyword.execute(CallTestCaseKeyword.groovy:44)
	at com.kms.katalon.core.keyword.internal.KeywordExecutor.executeKeywordForPlatform(KeywordExecutor.groovy:74)
	at com.kms.katalon.core.keyword.BuiltinKeywords.callTestCase(BuiltinKeywords.groovy:310)
	at SU-010.run(SU-010:20)
	at com.kms.katalon.core.main.ScriptEngine.run(ScriptEngine.java:194)
	at com.kms.katalon.core.main.ScriptEngine.runScriptAsRawText(ScriptEngine.java:119)
	at com.kms.katalon.core.main.TestCaseExecutor.runScript(TestCaseExecutor.java:448)
	at com.kms.katalon.core.main.TestCaseExecutor.doExecute(TestCaseExecutor.java:439)
	at com.kms.katalon.core.main.TestCaseExecutor.processExecutionPhase(TestCaseExecutor.java:418)
	at com.kms.katalon.core.main.TestCaseExecutor.accessMainPhase(TestCaseExecutor.java:410)
	at com.kms.katalon.core.main.TestCaseExecutor.execute(TestCaseExecutor.java:285)
	at com.kms.katalon.core.common.CommonExecutor.accessTestCaseMainPhase(CommonExecutor.java:65)
	at com.kms.katalon.core.main.TestSuiteExecutor.accessTestSuiteMainPhase(TestSuiteExecutor.java:148)
	at com.kms.katalon.core.main.TestSuiteExecutor.execute(TestSuiteExecutor.java:106)
	at com.kms.katalon.core.main.TestCaseMain.startTestSuite(TestCaseMain.java:187)
	at com.kms.katalon.core.main.TestCaseMain$startTestSuite$0.call(Unknown Source)
	at TempTestSuite1696420804604.run(TempTestSuite1696420804604.groovy:36)
Caused by: com.kms.katalon.core.exception.StepFailedException: Call Test Case 'Test Cases/T13 Pembelian, Shipment dan Pembayaran/PBL-002' failed
	at com.kms.katalon.core.keyword.builtin.CallTestCaseKeyword$_callTestCase_closure1.doCall(CallTestCaseKeyword.groovy:63)
	at com.kms.katalon.core.keyword.builtin.CallTestCaseKeyword$_callTestCase_closure1.call(CallTestCaseKeyword.groovy)
	at com.kms.katalon.core.keyword.internal.KeywordMain.runKeyword(KeywordMain.groovy:75)
	at com.kms.katalon.core.keyword.builtin.CallTestCaseKeyword.callTestCase(CallTestCaseKeyword.groovy:81)
	at com.kms.katalon.core.keyword.builtin.CallTestCaseKeyword.execute(CallTestCaseKeyword.groovy:44)
	at com.kms.katalon.core.keyword.internal.KeywordExecutor.executeKeywordForPlatform(KeywordExecutor.groovy:74)
	at com.kms.katalon.core.keyword.BuiltinKeywords.callTestCase(BuiltinKeywords.groovy:310)
	at PBL-004.run(PBL-004:20)
	at com.kms.katalon.core.main.ScriptEngine.run(ScriptEngine.java:194)
	at com.kms.katalon.core.main.ScriptEngine.runScriptAsRawText(ScriptEngine.java:119)
	at com.kms.katalon.core.main.TestCaseExecutor.runScript(TestCaseExecutor.java:448)
	at com.kms.katalon.core.main.TestCaseExecutor.doExecute(TestCaseExecutor.java:439)
	at com.kms.katalon.core.main.TestCaseExecutor.processExecutionPhase(TestCaseExecutor.java:418)
	at com.kms.katalon.core.main.TestCaseExecutor.accessMainPhase(TestCaseExecutor.java:410)
	at com.kms.katalon.core.main.TestCaseExecutor.execute(TestCaseExecutor.java:285)
	at com.kms.katalon.core.main.TestCaseMain.runTestCase(TestCaseMain.java:144)
	at com.kms.katalon.core.keyword.builtin.CallTestCaseKeyword$_callTestCase_closure1.doCall(CallTestCaseKeyword.groovy:59)
	... 116 more
Caused by: com.kms.katalon.core.exception.StepFailedException: Unable to click on object 'Object Repository/beli barang/Lihat Sekarang'
	at com.kms.katalon.core.webui.keyword.internal.WebUIKeywordMain.stepFailed(WebUIKeywordMain.groovy:64)
	at com.kms.katalon.core.webui.keyword.internal.WebUIKeywordMain.runKeyword(WebUIKeywordMain.groovy:26)
	at com.kms.katalon.core.webui.keyword.builtin.ClickKeyword.click(ClickKeyword.groovy:74)
	at com.kms.katalon.core.webui.keyword.builtin.ClickKeyword.execute(ClickKeyword.groovy:40)
	at com.kms.katalon.core.keyword.internal.KeywordExecutor.executeKeywordForPlatform(KeywordExecutor.groovy:74)
	at com.kms.katalon.core.webui.keyword.WebUiBuiltInKeywords.click(WebUiBuiltInKeywords.groovy:620)
	at com.kms.katalon.core.webui.keyword.WebUiBuiltInKeywords$click$2.call(Unknown Source)
	at PBL-002.run(PBL-002:25)
	at com.kms.katalon.core.main.ScriptEngine.run(ScriptEngine.java:194)
	at com.kms.katalon.core.main.ScriptEngine.runScriptAsRawText(ScriptEngine.java:119)
	at com.kms.katalon.core.main.TestCaseExecutor.runScript(TestCaseExecutor.java:448)
	at com.kms.katalon.core.main.TestCaseExecutor.doExecute(TestCaseExecutor.java:439)
	at com.kms.katalon.core.main.TestCaseExecutor.processExecutionPhase(TestCaseExecutor.java:418)
	at com.kms.katalon.core.main.TestCaseExecutor.accessMainPhase(TestCaseExecutor.java:410)
	at com.kms.katalon.core.main.TestCaseExecutor.execute(TestCaseExecutor.java:285)
	at com.kms.katalon.core.main.TestCaseMain.runTestCase(TestCaseMain.java:144)
	at com.kms.katalon.core.keyword.builtin.CallTestCaseKeyword$_callTestCase_closure1.doCall(CallTestCaseKeyword.groovy:59)
	... 132 more
Caused by: org.openqa.selenium.ElementNotInteractableException: Element <a class="ps-btn ps-btn--fullwidth" href="https://10.9.2.63/ecommerce/produk/keranjang"> could not be scrolled into view
Build info: version: '3.141.59', revision: 'e82be7d358', time: '2018-11-14T08:25:53'
System info: host: 'DESKTOP-H62FVJ8', ip: '10.9.2.72', os.name: 'Windows 10', os.arch: 'amd64', os.version: '10.0', java.version: '1.8.0_362'
Driver info: com.kms.katalon.core.webui.driver.firefox.CGeckoDriver
Capabilities {acceptInsecureCerts: true, browserName: firefox, browserVersion: 117.0.1, javascriptEnabled: true, moz:accessibilityChecks: false, moz:buildID: 20230912013654, moz:geckodriverVersion: 0.33.0, moz:headless: false, moz:platformVersion: 10.0, moz:processID: 17188, moz:profile: C:\Users\IRFAN\AppData\Loca..., moz:shutdownTimeout: 60000, moz:webdriverClick: true, moz:windowless: false, pageLoadStrategy: normal, platform: WINDOWS, platformName: WINDOWS, proxy: Proxy(direct), setWindowRect: true, strictFileInteractability: false, timeouts: {implicit: 0, pageLoad: 300000, script: 30000}, unhandledPromptBehavior: dismiss and notify}
Session ID: 04cf3b6c-2b0e-450a-a181-9467d554da97
	at org.openqa.selenium.remote.http.W3CHttpResponseCodec.createException(W3CHttpResponseCodec.java:187)
	at org.openqa.selenium.remote.http.W3CHttpResponseCodec.decode(W3CHttpResponseCodec.java:122)
	at org.openqa.selenium.remote.http.W3CHttpResponseCodec.decode(W3CHttpResponseCodec.java:49)
	at org.openqa.selenium.remote.HttpCommandExecutor.execute(HttpCommandExecutor.java:158)
	at org.openqa.selenium.remote.service.DriverCommandExecutor.execute(DriverCommandExecutor.java:83)
	at org.openqa.selenium.remote.RemoteWebDriver.execute(RemoteWebDriver.java:552)
	at com.kms.katalon.selenium.driver.CFirefoxDriver.execute(CFirefoxDriver.java:27)
	at org.openqa.selenium.remote.RemoteWebElement.execute(RemoteWebElement.java:285)
	at org.openqa.selenium.remote.RemoteWebElement.click(RemoteWebElement.java:84)
	at org.openqa.selenium.support.events.EventFiringWebDriver$EventFiringWebElement.lambda$new$0(EventFiringWebDriver.java:404)
	at com.sun.proxy.$Proxy11.click(Unknown Source)
	at org.openqa.selenium.support.events.EventFiringWebDriver$EventFiringWebElement.click(EventFiringWebDriver.java:417)
	at org.openqa.selenium.WebElement$click.call(Unknown Source)
	at com.kms.katalon.core.webui.keyword.builtin.ClickKeyword.clickUntilSuccessWithTimeout(ClickKeyword.groovy:81)
	at com.kms.katalon.core.webui.keyword.builtin.ClickKeyword.clickUntilSuccessWithTimeout(ClickKeyword.groovy)
	at com.kms.katalon.core.webui.keyword.builtin.ClickKeyword$_click_closure1.doCall(ClickKeyword.groovy:67)
	at com.kms.katalon.core.webui.keyword.builtin.ClickKeyword$_click_closure1.call(ClickKeyword.groovy)
	at com.kms.katalon.core.webui.keyword.internal.WebUIKeywordMain.runKeyword(WebUIKeywordMain.groovy:20)
	... 147 more
)

2023-10-04 19:57:18 - [TEST_CASE][FAILED] - Test Cases/T13 Pembelian, Shipment dan Pembayaran/PBL-004: Test Cases/T13 Pembelian, Shipment dan Pembayaran/PBL-004 FAILED.
Reason:
com.kms.katalon.core.exception.StepFailedException: Call Test Case 'Test Cases/T13 Pembelian, Shipment dan Pembayaran/PBL-002' failed
	at com.kms.katalon.core.keyword.builtin.CallTestCaseKeyword$_callTestCase_closure1.doCall(CallTestCaseKeyword.groovy:63)
	at com.kms.katalon.core.keyword.builtin.CallTestCaseKeyword$_callTestCase_closure1.call(CallTestCaseKeyword.groovy)
	at com.kms.katalon.core.keyword.internal.KeywordMain.runKeyword(KeywordMain.groovy:75)
	at com.kms.katalon.core.keyword.builtin.CallTestCaseKeyword.callTestCase(CallTestCaseKeyword.groovy:81)
	at com.kms.katalon.core.keyword.builtin.CallTestCaseKeyword.execute(CallTestCaseKeyword.groovy:44)
	at com.kms.katalon.core.keyword.internal.KeywordExecutor.executeKeywordForPlatform(KeywordExecutor.groovy:74)
	at com.kms.katalon.core.keyword.BuiltinKeywords.callTestCase(BuiltinKeywords.groovy:310)
	at PBL-004.run(PBL-004:20)
	at com.kms.katalon.core.main.ScriptEngine.run(ScriptEngine.java:194)
	at com.kms.katalon.core.main.ScriptEngine.runScriptAsRawText(ScriptEngine.java:119)
	at com.kms.katalon.core.main.TestCaseExecutor.runScript(TestCaseExecutor.java:448)
	at com.kms.katalon.core.main.TestCaseExecutor.doExecute(TestCaseExecutor.java:439)
	at com.kms.katalon.core.main.TestCaseExecutor.processExecutionPhase(TestCaseExecutor.java:418)
	at com.kms.katalon.core.main.TestCaseExecutor.accessMainPhase(TestCaseExecutor.java:410)
	at com.kms.katalon.core.main.TestCaseExecutor.execute(TestCaseExecutor.java:285)
	at com.kms.katalon.core.main.TestCaseMain.runTestCase(TestCaseMain.java:144)
	at com.kms.katalon.core.keyword.builtin.CallTestCaseKeyword$_callTestCase_closure1.doCall(CallTestCaseKeyword.groovy:59)
	at com.kms.katalon.core.keyword.builtin.CallTestCaseKeyword$_callTestCase_closure1.call(CallTestCaseKeyword.groovy)
	at com.kms.katalon.core.keyword.internal.KeywordMain.runKeyword(KeywordMain.groovy:75)
	at com.kms.katalon.core.keyword.builtin.CallTestCaseKeyword.callTestCase(CallTestCaseKeyword.groovy:81)
	at com.kms.katalon.core.keyword.builtin.CallTestCaseKeyword.execute(CallTestCaseKeyword.groovy:44)
	at com.kms.katalon.core.keyword.internal.KeywordExecutor.executeKeywordForPlatform(KeywordExecutor.groovy:74)
	at com.kms.katalon.core.keyword.BuiltinKeywords.callTestCase(BuiltinKeywords.groovy:310)
	at PBY-001.run(PBY-001:20)
	at com.kms.katalon.core.main.ScriptEngine.run(ScriptEngine.java:194)
	at com.kms.katalon.core.main.ScriptEngine.runScriptAsRawText(ScriptEngine.java:119)
	at com.kms.katalon.core.main.TestCaseExecutor.runScript(TestCaseExecutor.java:448)
	at com.kms.katalon.core.main.TestCaseExecutor.doExecute(TestCaseExecutor.java:439)
	at com.kms.katalon.core.main.TestCaseExecutor.processExecutionPhase(TestCaseExecutor.java:418)
	at com.kms.katalon.core.main.TestCaseExecutor.accessMainPhase(TestCaseExecutor.java:410)
	at com.kms.katalon.core.main.TestCaseExecutor.execute(TestCaseExecutor.java:285)
	at com.kms.katalon.core.main.TestCaseMain.runTestCase(TestCaseMain.java:144)
	at com.kms.katalon.core.keyword.builtin.CallTestCaseKeyword$_callTestCase_closure1.doCall(CallTestCaseKeyword.groovy:59)
	at com.kms.katalon.core.keyword.builtin.CallTestCaseKeyword$_callTestCase_closure1.call(CallTestCaseKeyword.groovy)
	at com.kms.katalon.core.keyword.internal.KeywordMain.runKeyword(KeywordMain.groovy:75)
	at com.kms.katalon.core.keyword.builtin.CallTestCaseKeyword.callTestCase(CallTestCaseKeyword.groovy:81)
	at com.kms.katalon.core.keyword.builtin.CallTestCaseKeyword.execute(CallTestCaseKeyword.groovy:44)
	at com.kms.katalon.core.keyword.internal.KeywordExecutor.executeKeywordForPlatform(KeywordExecutor.groovy:74)
	at com.kms.katalon.core.keyword.BuiltinKeywords.callTestCase(BuiltinKeywords.groovy:310)
	at PBY-004.run(PBY-004:20)
	at com.kms.katalon.core.main.ScriptEngine.run(ScriptEngine.java:194)
	at com.kms.katalon.core.main.ScriptEngine.runScriptAsRawText(ScriptEngine.java:119)
	at com.kms.katalon.core.main.TestCaseExecutor.runScript(TestCaseExecutor.java:448)
	at com.kms.katalon.core.main.TestCaseExecutor.doExecute(TestCaseExecutor.java:439)
	at com.kms.katalon.core.main.TestCaseExecutor.processExecutionPhase(TestCaseExecutor.java:418)
	at com.kms.katalon.core.main.TestCaseExecutor.accessMainPhase(TestCaseExecutor.java:410)
	at com.kms.katalon.core.main.TestCaseExecutor.execute(TestCaseExecutor.java:285)
	at com.kms.katalon.core.main.TestCaseMain.runTestCase(TestCaseMain.java:144)
	at com.kms.katalon.core.keyword.builtin.CallTestCaseKeyword$_callTestCase_closure1.doCall(CallTestCaseKeyword.groovy:59)
	at com.kms.katalon.core.keyword.builtin.CallTestCaseKeyword$_callTestCase_closure1.call(CallTestCaseKeyword.groovy)
	at com.kms.katalon.core.keyword.internal.KeywordMain.runKeyword(KeywordMain.groovy:75)
	at com.kms.katalon.core.keyword.builtin.CallTestCaseKeyword.callTestCase(CallTestCaseKeyword.groovy:81)
	at com.kms.katalon.core.keyword.builtin.CallTestCaseKeyword.execute(CallTestCaseKeyword.groovy:44)
	at com.kms.katalon.core.keyword.internal.KeywordExecutor.executeKeywordForPlatform(KeywordExecutor.groovy:74)
	at com.kms.katalon.core.keyword.BuiltinKeywords.callTestCase(BuiltinKeywords.groovy:310)
	at PBYA-001.run(PBYA-001:20)
	at com.kms.katalon.core.main.ScriptEngine.run(ScriptEngine.java:194)
	at com.kms.katalon.core.main.ScriptEngine.runScriptAsRawText(ScriptEngine.java:119)
	at com.kms.katalon.core.main.TestCaseExecutor.runScript(TestCaseExecutor.java:448)
	at com.kms.katalon.core.main.TestCaseExecutor.doExecute(TestCaseExecutor.java:439)
	at com.kms.katalon.core.main.TestCaseExecutor.processExecutionPhase(TestCaseExecutor.java:418)
	at com.kms.katalon.core.main.TestCaseExecutor.accessMainPhase(TestCaseExecutor.java:410)
	at com.kms.katalon.core.main.TestCaseExecutor.execute(TestCaseExecutor.java:285)
	at com.kms.katalon.core.main.TestCaseMain.runTestCase(TestCaseMain.java:144)
	at com.kms.katalon.core.keyword.builtin.CallTestCaseKeyword$_callTestCase_closure1.doCall(CallTestCaseKeyword.groovy:59)
	at com.kms.katalon.core.keyword.builtin.CallTestCaseKeyword$_callTestCase_closure1.call(CallTestCaseKeyword.groovy)
	at com.kms.katalon.core.keyword.internal.KeywordMain.runKeyword(KeywordMain.groovy:75)
	at com.kms.katalon.core.keyword.builtin.CallTestCaseKeyword.callTestCase(CallTestCaseKeyword.groovy:81)
	at com.kms.katalon.core.keyword.builtin.CallTestCaseKeyword.execute(CallTestCaseKeyword.groovy:44)
	at com.kms.katalon.core.keyword.internal.KeywordExecutor.executeKeywordForPlatform(KeywordExecutor.groovy:74)
	at com.kms.katalon.core.keyword.BuiltinKeywords.callTestCase(BuiltinKeywords.groovy:310)
	at SA-001.run(SA-001:20)
	at com.kms.katalon.core.main.ScriptEngine.run(ScriptEngine.java:194)
	at com.kms.katalon.core.main.ScriptEngine.runScriptAsRawText(ScriptEngine.java:119)
	at com.kms.katalon.core.main.TestCaseExecutor.runScript(TestCaseExecutor.java:448)
	at com.kms.katalon.core.main.TestCaseExecutor.doExecute(TestCaseExecutor.java:439)
	at com.kms.katalon.core.main.TestCaseExecutor.processExecutionPhase(TestCaseExecutor.java:418)
	at com.kms.katalon.core.main.TestCaseExecutor.accessMainPhase(TestCaseExecutor.java:410)
	at com.kms.katalon.core.main.TestCaseExecutor.execute(TestCaseExecutor.java:285)
	at com.kms.katalon.core.main.TestCaseMain.runTestCase(TestCaseMain.java:144)
	at com.kms.katalon.core.keyword.builtin.CallTestCaseKeyword$_callTestCase_closure1.doCall(CallTestCaseKeyword.groovy:59)
	at com.kms.katalon.core.keyword.builtin.CallTestCaseKeyword$_callTestCase_closure1.call(CallTestCaseKeyword.groovy)
	at com.kms.katalon.core.keyword.internal.KeywordMain.runKeyword(KeywordMain.groovy:75)
	at com.kms.katalon.core.keyword.builtin.CallTestCaseKeyword.callTestCase(CallTestCaseKeyword.groovy:81)
	at com.kms.katalon.core.keyword.builtin.CallTestCaseKeyword.execute(CallTestCaseKeyword.groovy:44)
	at com.kms.katalon.core.keyword.internal.KeywordExecutor.executeKeywordForPlatform(KeywordExecutor.groovy:74)
	at com.kms.katalon.core.keyword.BuiltinKeywords.callTestCase(BuiltinKeywords.groovy:310)
	at SA-002.run(SA-002:20)
	at com.kms.katalon.core.main.ScriptEngine.run(ScriptEngine.java:194)
	at com.kms.katalon.core.main.ScriptEngine.runScriptAsRawText(ScriptEngine.java:119)
	at com.kms.katalon.core.main.TestCaseExecutor.runScript(TestCaseExecutor.java:448)
	at com.kms.katalon.core.main.TestCaseExecutor.doExecute(TestCaseExecutor.java:439)
	at com.kms.katalon.core.main.TestCaseExecutor.processExecutionPhase(TestCaseExecutor.java:418)
	at com.kms.katalon.core.main.TestCaseExecutor.accessMainPhase(TestCaseExecutor.java:410)
	at com.kms.katalon.core.main.TestCaseExecutor.execute(TestCaseExecutor.java:285)
	at com.kms.katalon.core.main.TestCaseMain.runTestCase(TestCaseMain.java:144)
	at com.kms.katalon.core.keyword.builtin.CallTestCaseKeyword$_callTestCase_closure1.doCall(CallTestCaseKeyword.groovy:59)
	at com.kms.katalon.core.keyword.builtin.CallTestCaseKeyword$_callTestCase_closure1.call(CallTestCaseKeyword.groovy)
	at com.kms.katalon.core.keyword.internal.KeywordMain.runKeyword(KeywordMain.groovy:75)
	at com.kms.katalon.core.keyword.builtin.CallTestCaseKeyword.callTestCase(CallTestCaseKeyword.groovy:81)
	at com.kms.katalon.core.keyword.builtin.CallTestCaseKeyword.execute(CallTestCaseKeyword.groovy:44)
	at com.kms.katalon.core.keyword.internal.KeywordExecutor.executeKeywordForPlatform(KeywordExecutor.groovy:74)
	at com.kms.katalon.core.keyword.BuiltinKeywords.callTestCase(BuiltinKeywords.groovy:310)
	at SA-003.run(SA-003:20)
	at com.kms.katalon.core.main.ScriptEngine.run(ScriptEngine.java:194)
	at com.kms.katalon.core.main.ScriptEngine.runScriptAsRawText(ScriptEngine.java:119)
	at com.kms.katalon.core.main.TestCaseExecutor.runScript(TestCaseExecutor.java:448)
	at com.kms.katalon.core.main.TestCaseExecutor.doExecute(TestCaseExecutor.java:439)
	at com.kms.katalon.core.main.TestCaseExecutor.processExecutionPhase(TestCaseExecutor.java:418)
	at com.kms.katalon.core.main.TestCaseExecutor.accessMainPhase(TestCaseExecutor.java:410)
	at com.kms.katalon.core.main.TestCaseExecutor.execute(TestCaseExecutor.java:285)
	at com.kms.katalon.core.main.TestCaseMain.runTestCase(TestCaseMain.java:144)
	at com.kms.katalon.core.keyword.builtin.CallTestCaseKeyword$_callTestCase_closure1.doCall(CallTestCaseKeyword.groovy:59)
	at com.kms.katalon.core.keyword.builtin.CallTestCaseKeyword$_callTestCase_closure1.call(CallTestCaseKeyword.groovy)
	at com.kms.katalon.core.keyword.internal.KeywordMain.runKeyword(KeywordMain.groovy:75)
	at com.kms.katalon.core.keyword.builtin.CallTestCaseKeyword.callTestCase(CallTestCaseKeyword.groovy:81)
	at com.kms.katalon.core.keyword.builtin.CallTestCaseKeyword.execute(CallTestCaseKeyword.groovy:44)
	at com.kms.katalon.core.keyword.internal.KeywordExecutor.executeKeywordForPlatform(KeywordExecutor.groovy:74)
	at com.kms.katalon.core.keyword.BuiltinKeywords.callTestCase(BuiltinKeywords.groovy:310)
	at SU-010.run(SU-010:20)
	at com.kms.katalon.core.main.ScriptEngine.run(ScriptEngine.java:194)
	at com.kms.katalon.core.main.ScriptEngine.runScriptAsRawText(ScriptEngine.java:119)
	at com.kms.katalon.core.main.TestCaseExecutor.runScript(TestCaseExecutor.java:448)
	at com.kms.katalon.core.main.TestCaseExecutor.doExecute(TestCaseExecutor.java:439)
	at com.kms.katalon.core.main.TestCaseExecutor.processExecutionPhase(TestCaseExecutor.java:418)
	at com.kms.katalon.core.main.TestCaseExecutor.accessMainPhase(TestCaseExecutor.java:410)
	at com.kms.katalon.core.main.TestCaseExecutor.execute(TestCaseExecutor.java:285)
	at com.kms.katalon.core.common.CommonExecutor.accessTestCaseMainPhase(CommonExecutor.java:65)
	at com.kms.katalon.core.main.TestSuiteExecutor.accessTestSuiteMainPhase(TestSuiteExecutor.java:148)
	at com.kms.katalon.core.main.TestSuiteExecutor.execute(TestSuiteExecutor.java:106)
	at com.kms.katalon.core.main.TestCaseMain.startTestSuite(TestCaseMain.java:187)
	at com.kms.katalon.core.main.TestCaseMain$startTestSuite$0.call(Unknown Source)
	at TempTestSuite1696420804604.run(TempTestSuite1696420804604.groovy:36)
Caused by: com.kms.katalon.core.exception.StepFailedException: Unable to click on object 'Object Repository/beli barang/Lihat Sekarang'
	at com.kms.katalon.core.webui.keyword.internal.WebUIKeywordMain.stepFailed(WebUIKeywordMain.groovy:64)
	at com.kms.katalon.core.webui.keyword.internal.WebUIKeywordMain.runKeyword(WebUIKeywordMain.groovy:26)
	at com.kms.katalon.core.webui.keyword.builtin.ClickKeyword.click(ClickKeyword.groovy:74)
	at com.kms.katalon.core.webui.keyword.builtin.ClickKeyword.execute(ClickKeyword.groovy:40)
	at com.kms.katalon.core.keyword.internal.KeywordExecutor.executeKeywordForPlatform(KeywordExecutor.groovy:74)
	at com.kms.katalon.core.webui.keyword.WebUiBuiltInKeywords.click(WebUiBuiltInKeywords.groovy:620)
	at com.kms.katalon.core.webui.keyword.WebUiBuiltInKeywords$click$2.call(Unknown Source)
	at PBL-002.run(PBL-002:25)
	at com.kms.katalon.core.main.ScriptEngine.run(ScriptEngine.java:194)
	at com.kms.katalon.core.main.ScriptEngine.runScriptAsRawText(ScriptEngine.java:119)
	at com.kms.katalon.core.main.TestCaseExecutor.runScript(TestCaseExecutor.java:448)
	at com.kms.katalon.core.main.TestCaseExecutor.doExecute(TestCaseExecutor.java:439)
	at com.kms.katalon.core.main.TestCaseExecutor.processExecutionPhase(TestCaseExecutor.java:418)
	at com.kms.katalon.core.main.TestCaseExecutor.accessMainPhase(TestCaseExecutor.java:410)
	at com.kms.katalon.core.main.TestCaseExecutor.execute(TestCaseExecutor.java:285)
	at com.kms.katalon.core.main.TestCaseMain.runTestCase(TestCaseMain.java:144)
	at com.kms.katalon.core.keyword.builtin.CallTestCaseKeyword$_callTestCase_closure1.doCall(CallTestCaseKeyword.groovy:59)
	... 132 more
Caused by: org.openqa.selenium.ElementNotInteractableException: Element <a class="ps-btn ps-btn--fullwidth" href="https://10.9.2.63/ecommerce/produk/keranjang"> could not be scrolled into view
Build info: version: '3.141.59', revision: 'e82be7d358', time: '2018-11-14T08:25:53'
System info: host: 'DESKTOP-H62FVJ8', ip: '10.9.2.72', os.name: 'Windows 10', os.arch: 'amd64', os.version: '10.0', java.version: '1.8.0_362'
Driver info: com.kms.katalon.core.webui.driver.firefox.CGeckoDriver
Capabilities {acceptInsecureCerts: true, browserName: firefox, browserVersion: 117.0.1, javascriptEnabled: true, moz:accessibilityChecks: false, moz:buildID: 20230912013654, moz:geckodriverVersion: 0.33.0, moz:headless: false, moz:platformVersion: 10.0, moz:processID: 17188, moz:profile: C:\Users\IRFAN\AppData\Loca..., moz:shutdownTimeout: 60000, moz:webdriverClick: true, moz:windowless: false, pageLoadStrategy: normal, platform: WINDOWS, platformName: WINDOWS, proxy: Proxy(direct), setWindowRect: true, strictFileInteractability: false, timeouts: {implicit: 0, pageLoad: 300000, script: 30000}, unhandledPromptBehavior: dismiss and notify}
Session ID: 04cf3b6c-2b0e-450a-a181-9467d554da97
	at org.openqa.selenium.remote.http.W3CHttpResponseCodec.createException(W3CHttpResponseCodec.java:187)
	at org.openqa.selenium.remote.http.W3CHttpResponseCodec.decode(W3CHttpResponseCodec.java:122)
	at org.openqa.selenium.remote.http.W3CHttpResponseCodec.decode(W3CHttpResponseCodec.java:49)
	at org.openqa.selenium.remote.HttpCommandExecutor.execute(HttpCommandExecutor.java:158)
	at org.openqa.selenium.remote.service.DriverCommandExecutor.execute(DriverCommandExecutor.java:83)
	at org.openqa.selenium.remote.RemoteWebDriver.execute(RemoteWebDriver.java:552)
	at com.kms.katalon.selenium.driver.CFirefoxDriver.execute(CFirefoxDriver.java:27)
	at org.openqa.selenium.remote.RemoteWebElement.execute(RemoteWebElement.java:285)
	at org.openqa.selenium.remote.RemoteWebElement.click(RemoteWebElement.java:84)
	at org.openqa.selenium.support.events.EventFiringWebDriver$EventFiringWebElement.lambda$new$0(EventFiringWebDriver.java:404)
	at com.sun.proxy.$Proxy11.click(Unknown Source)
	at org.openqa.selenium.support.events.EventFiringWebDriver$EventFiringWebElement.click(EventFiringWebDriver.java:417)
	at org.openqa.selenium.WebElement$click.call(Unknown Source)
	at com.kms.katalon.core.webui.keyword.builtin.ClickKeyword.clickUntilSuccessWithTimeout(ClickKeyword.groovy:81)
	at com.kms.katalon.core.webui.keyword.builtin.ClickKeyword.clickUntilSuccessWithTimeout(ClickKeyword.groovy)
	at com.kms.katalon.core.webui.keyword.builtin.ClickKeyword$_click_closure1.doCall(ClickKeyword.groovy:67)
	at com.kms.katalon.core.webui.keyword.builtin.ClickKeyword$_click_closure1.call(ClickKeyword.groovy)
	at com.kms.katalon.core.webui.keyword.internal.WebUIKeywordMain.runKeyword(WebUIKeywordMain.groovy:20)
	... 147 more


2023-10-04 19:57:18 - [TEST_STEP][FAILED] - data = callTestCase(findTestCase("T13 Pembelian, Shipment dan Pembayaran/PBL-002"), [:], STOP_ON_FAILURE): Unable to call Test Case 'Test Cases/T13 Pembelian, Shipment dan Pembayaran/PBL-002' (Root cause: com.kms.katalon.core.exception.StepFailedException: Call Test Case 'Test Cases/T13 Pembelian, Shipment dan Pembayaran/PBL-002' failed
	at com.kms.katalon.core.keyword.builtin.CallTestCaseKeyword$_callTestCase_closure1.doCall(CallTestCaseKeyword.groovy:63)
	at com.kms.katalon.core.keyword.builtin.CallTestCaseKeyword$_callTestCase_closure1.call(CallTestCaseKeyword.groovy)
	at com.kms.katalon.core.keyword.internal.KeywordMain.runKeyword(KeywordMain.groovy:75)
	at com.kms.katalon.core.keyword.builtin.CallTestCaseKeyword.callTestCase(CallTestCaseKeyword.groovy:81)
	at com.kms.katalon.core.keyword.builtin.CallTestCaseKeyword.execute(CallTestCaseKeyword.groovy:44)
	at com.kms.katalon.core.keyword.internal.KeywordExecutor.executeKeywordForPlatform(KeywordExecutor.groovy:74)
	at com.kms.katalon.core.keyword.BuiltinKeywords.callTestCase(BuiltinKeywords.groovy:310)
	at PBL-004.run(PBL-004:20)
	at com.kms.katalon.core.main.ScriptEngine.run(ScriptEngine.java:194)
	at com.kms.katalon.core.main.ScriptEngine.runScriptAsRawText(ScriptEngine.java:119)
	at com.kms.katalon.core.main.TestCaseExecutor.runScript(TestCaseExecutor.java:448)
	at com.kms.katalon.core.main.TestCaseExecutor.doExecute(TestCaseExecutor.java:439)
	at com.kms.katalon.core.main.TestCaseExecutor.processExecutionPhase(TestCaseExecutor.java:418)
	at com.kms.katalon.core.main.TestCaseExecutor.accessMainPhase(TestCaseExecutor.java:410)
	at com.kms.katalon.core.main.TestCaseExecutor.execute(TestCaseExecutor.java:285)
	at com.kms.katalon.core.main.TestCaseMain.runTestCase(TestCaseMain.java:144)
	at com.kms.katalon.core.keyword.builtin.CallTestCaseKeyword$_callTestCase_closure1.doCall(CallTestCaseKeyword.groovy:59)
	at com.kms.katalon.core.keyword.builtin.CallTestCaseKeyword$_callTestCase_closure1.call(CallTestCaseKeyword.groovy)
	at com.kms.katalon.core.keyword.internal.KeywordMain.runKeyword(KeywordMain.groovy:75)
	at com.kms.katalon.core.keyword.builtin.CallTestCaseKeyword.callTestCase(CallTestCaseKeyword.groovy:81)
	at com.kms.katalon.core.keyword.builtin.CallTestCaseKeyword.execute(CallTestCaseKeyword.groovy:44)
	at com.kms.katalon.core.keyword.internal.KeywordExecutor.executeKeywordForPlatform(KeywordExecutor.groovy:74)
	at com.kms.katalon.core.keyword.BuiltinKeywords.callTestCase(BuiltinKeywords.groovy:310)
	at PBY-001.run(PBY-001:20)
	at com.kms.katalon.core.main.ScriptEngine.run(ScriptEngine.java:194)
	at com.kms.katalon.core.main.ScriptEngine.runScriptAsRawText(ScriptEngine.java:119)
	at com.kms.katalon.core.main.TestCaseExecutor.runScript(TestCaseExecutor.java:448)
	at com.kms.katalon.core.main.TestCaseExecutor.doExecute(TestCaseExecutor.java:439)
	at com.kms.katalon.core.main.TestCaseExecutor.processExecutionPhase(TestCaseExecutor.java:418)
	at com.kms.katalon.core.main.TestCaseExecutor.accessMainPhase(TestCaseExecutor.java:410)
	at com.kms.katalon.core.main.TestCaseExecutor.execute(TestCaseExecutor.java:285)
	at com.kms.katalon.core.main.TestCaseMain.runTestCase(TestCaseMain.java:144)
	at com.kms.katalon.core.keyword.builtin.CallTestCaseKeyword$_callTestCase_closure1.doCall(CallTestCaseKeyword.groovy:59)
	at com.kms.katalon.core.keyword.builtin.CallTestCaseKeyword$_callTestCase_closure1.call(CallTestCaseKeyword.groovy)
	at com.kms.katalon.core.keyword.internal.KeywordMain.runKeyword(KeywordMain.groovy:75)
	at com.kms.katalon.core.keyword.builtin.CallTestCaseKeyword.callTestCase(CallTestCaseKeyword.groovy:81)
	at com.kms.katalon.core.keyword.builtin.CallTestCaseKeyword.execute(CallTestCaseKeyword.groovy:44)
	at com.kms.katalon.core.keyword.internal.KeywordExecutor.executeKeywordForPlatform(KeywordExecutor.groovy:74)
	at com.kms.katalon.core.keyword.BuiltinKeywords.callTestCase(BuiltinKeywords.groovy:310)
	at PBY-004.run(PBY-004:20)
	at com.kms.katalon.core.main.ScriptEngine.run(ScriptEngine.java:194)
	at com.kms.katalon.core.main.ScriptEngine.runScriptAsRawText(ScriptEngine.java:119)
	at com.kms.katalon.core.main.TestCaseExecutor.runScript(TestCaseExecutor.java:448)
	at com.kms.katalon.core.main.TestCaseExecutor.doExecute(TestCaseExecutor.java:439)
	at com.kms.katalon.core.main.TestCaseExecutor.processExecutionPhase(TestCaseExecutor.java:418)
	at com.kms.katalon.core.main.TestCaseExecutor.accessMainPhase(TestCaseExecutor.java:410)
	at com.kms.katalon.core.main.TestCaseExecutor.execute(TestCaseExecutor.java:285)
	at com.kms.katalon.core.main.TestCaseMain.runTestCase(TestCaseMain.java:144)
	at com.kms.katalon.core.keyword.builtin.CallTestCaseKeyword$_callTestCase_closure1.doCall(CallTestCaseKeyword.groovy:59)
	at com.kms.katalon.core.keyword.builtin.CallTestCaseKeyword$_callTestCase_closure1.call(CallTestCaseKeyword.groovy)
	at com.kms.katalon.core.keyword.internal.KeywordMain.runKeyword(KeywordMain.groovy:75)
	at com.kms.katalon.core.keyword.builtin.CallTestCaseKeyword.callTestCase(CallTestCaseKeyword.groovy:81)
	at com.kms.katalon.core.keyword.builtin.CallTestCaseKeyword.execute(CallTestCaseKeyword.groovy:44)
	at com.kms.katalon.core.keyword.internal.KeywordExecutor.executeKeywordForPlatform(KeywordExecutor.groovy:74)
	at com.kms.katalon.core.keyword.BuiltinKeywords.callTestCase(BuiltinKeywords.groovy:310)
	at PBYA-001.run(PBYA-001:20)
	at com.kms.katalon.core.main.ScriptEngine.run(ScriptEngine.java:194)
	at com.kms.katalon.core.main.ScriptEngine.runScriptAsRawText(ScriptEngine.java:119)
	at com.kms.katalon.core.main.TestCaseExecutor.runScript(TestCaseExecutor.java:448)
	at com.kms.katalon.core.main.TestCaseExecutor.doExecute(TestCaseExecutor.java:439)
	at com.kms.katalon.core.main.TestCaseExecutor.processExecutionPhase(TestCaseExecutor.java:418)
	at com.kms.katalon.core.main.TestCaseExecutor.accessMainPhase(TestCaseExecutor.java:410)
	at com.kms.katalon.core.main.TestCaseExecutor.execute(TestCaseExecutor.java:285)
	at com.kms.katalon.core.main.TestCaseMain.runTestCase(TestCaseMain.java:144)
	at com.kms.katalon.core.keyword.builtin.CallTestCaseKeyword$_callTestCase_closure1.doCall(CallTestCaseKeyword.groovy:59)
	at com.kms.katalon.core.keyword.builtin.CallTestCaseKeyword$_callTestCase_closure1.call(CallTestCaseKeyword.groovy)
	at com.kms.katalon.core.keyword.internal.KeywordMain.runKeyword(KeywordMain.groovy:75)
	at com.kms.katalon.core.keyword.builtin.CallTestCaseKeyword.callTestCase(CallTestCaseKeyword.groovy:81)
	at com.kms.katalon.core.keyword.builtin.CallTestCaseKeyword.execute(CallTestCaseKeyword.groovy:44)
	at com.kms.katalon.core.keyword.internal.KeywordExecutor.executeKeywordForPlatform(KeywordExecutor.groovy:74)
	at com.kms.katalon.core.keyword.BuiltinKeywords.callTestCase(BuiltinKeywords.groovy:310)
	at SA-001.run(SA-001:20)
	at com.kms.katalon.core.main.ScriptEngine.run(ScriptEngine.java:194)
	at com.kms.katalon.core.main.ScriptEngine.runScriptAsRawText(ScriptEngine.java:119)
	at com.kms.katalon.core.main.TestCaseExecutor.runScript(TestCaseExecutor.java:448)
	at com.kms.katalon.core.main.TestCaseExecutor.doExecute(TestCaseExecutor.java:439)
	at com.kms.katalon.core.main.TestCaseExecutor.processExecutionPhase(TestCaseExecutor.java:418)
	at com.kms.katalon.core.main.TestCaseExecutor.accessMainPhase(TestCaseExecutor.java:410)
	at com.kms.katalon.core.main.TestCaseExecutor.execute(TestCaseExecutor.java:285)
	at com.kms.katalon.core.main.TestCaseMain.runTestCase(TestCaseMain.java:144)
	at com.kms.katalon.core.keyword.builtin.CallTestCaseKeyword$_callTestCase_closure1.doCall(CallTestCaseKeyword.groovy:59)
	at com.kms.katalon.core.keyword.builtin.CallTestCaseKeyword$_callTestCase_closure1.call(CallTestCaseKeyword.groovy)
	at com.kms.katalon.core.keyword.internal.KeywordMain.runKeyword(KeywordMain.groovy:75)
	at com.kms.katalon.core.keyword.builtin.CallTestCaseKeyword.callTestCase(CallTestCaseKeyword.groovy:81)
	at com.kms.katalon.core.keyword.builtin.CallTestCaseKeyword.execute(CallTestCaseKeyword.groovy:44)
	at com.kms.katalon.core.keyword.internal.KeywordExecutor.executeKeywordForPlatform(KeywordExecutor.groovy:74)
	at com.kms.katalon.core.keyword.BuiltinKeywords.callTestCase(BuiltinKeywords.groovy:310)
	at SA-002.run(SA-002:20)
	at com.kms.katalon.core.main.ScriptEngine.run(ScriptEngine.java:194)
	at com.kms.katalon.core.main.ScriptEngine.runScriptAsRawText(ScriptEngine.java:119)
	at com.kms.katalon.core.main.TestCaseExecutor.runScript(TestCaseExecutor.java:448)
	at com.kms.katalon.core.main.TestCaseExecutor.doExecute(TestCaseExecutor.java:439)
	at com.kms.katalon.core.main.TestCaseExecutor.processExecutionPhase(TestCaseExecutor.java:418)
	at com.kms.katalon.core.main.TestCaseExecutor.accessMainPhase(TestCaseExecutor.java:410)
	at com.kms.katalon.core.main.TestCaseExecutor.execute(TestCaseExecutor.java:285)
	at com.kms.katalon.core.main.TestCaseMain.runTestCase(TestCaseMain.java:144)
	at com.kms.katalon.core.keyword.builtin.CallTestCaseKeyword$_callTestCase_closure1.doCall(CallTestCaseKeyword.groovy:59)
	at com.kms.katalon.core.keyword.builtin.CallTestCaseKeyword$_callTestCase_closure1.call(CallTestCaseKeyword.groovy)
	at com.kms.katalon.core.keyword.internal.KeywordMain.runKeyword(KeywordMain.groovy:75)
	at com.kms.katalon.core.keyword.builtin.CallTestCaseKeyword.callTestCase(CallTestCaseKeyword.groovy:81)
	at com.kms.katalon.core.keyword.builtin.CallTestCaseKeyword.execute(CallTestCaseKeyword.groovy:44)
	at com.kms.katalon.core.keyword.internal.KeywordExecutor.executeKeywordForPlatform(KeywordExecutor.groovy:74)
	at com.kms.katalon.core.keyword.BuiltinKeywords.callTestCase(BuiltinKeywords.groovy:310)
	at SA-003.run(SA-003:20)
	at com.kms.katalon.core.main.ScriptEngine.run(ScriptEngine.java:194)
	at com.kms.katalon.core.main.ScriptEngine.runScriptAsRawText(ScriptEngine.java:119)
	at com.kms.katalon.core.main.TestCaseExecutor.runScript(TestCaseExecutor.java:448)
	at com.kms.katalon.core.main.TestCaseExecutor.doExecute(TestCaseExecutor.java:439)
	at com.kms.katalon.core.main.TestCaseExecutor.processExecutionPhase(TestCaseExecutor.java:418)
	at com.kms.katalon.core.main.TestCaseExecutor.accessMainPhase(TestCaseExecutor.java:410)
	at com.kms.katalon.core.main.TestCaseExecutor.execute(TestCaseExecutor.java:285)
	at com.kms.katalon.core.main.TestCaseMain.runTestCase(TestCaseMain.java:144)
	at com.kms.katalon.core.keyword.builtin.CallTestCaseKeyword$_callTestCase_closure1.doCall(CallTestCaseKeyword.groovy:59)
	at com.kms.katalon.core.keyword.builtin.CallTestCaseKeyword$_callTestCase_closure1.call(CallTestCaseKeyword.groovy)
	at com.kms.katalon.core.keyword.internal.KeywordMain.runKeyword(KeywordMain.groovy:75)
	at com.kms.katalon.core.keyword.builtin.CallTestCaseKeyword.callTestCase(CallTestCaseKeyword.groovy:81)
	at com.kms.katalon.core.keyword.builtin.CallTestCaseKeyword.execute(CallTestCaseKeyword.groovy:44)
	at com.kms.katalon.core.keyword.internal.KeywordExecutor.executeKeywordForPlatform(KeywordExecutor.groovy:74)
	at com.kms.katalon.core.keyword.BuiltinKeywords.callTestCase(BuiltinKeywords.groovy:310)
	at SU-010.run(SU-010:20)
	at com.kms.katalon.core.main.ScriptEngine.run(ScriptEngine.java:194)
	at com.kms.katalon.core.main.ScriptEngine.runScriptAsRawText(ScriptEngine.java:119)
	at com.kms.katalon.core.main.TestCaseExecutor.runScript(TestCaseExecutor.java:448)
	at com.kms.katalon.core.main.TestCaseExecutor.doExecute(TestCaseExecutor.java:439)
	at com.kms.katalon.core.main.TestCaseExecutor.processExecutionPhase(TestCaseExecutor.java:418)
	at com.kms.katalon.core.main.TestCaseExecutor.accessMainPhase(TestCaseExecutor.java:410)
	at com.kms.katalon.core.main.TestCaseExecutor.execute(TestCaseExecutor.java:285)
	at com.kms.katalon.core.common.CommonExecutor.accessTestCaseMainPhase(CommonExecutor.java:65)
	at com.kms.katalon.core.main.TestSuiteExecutor.accessTestSuiteMainPhase(TestSuiteExecutor.java:148)
	at com.kms.katalon.core.main.TestSuiteExecutor.execute(TestSuiteExecutor.java:106)
	at com.kms.katalon.core.main.TestCaseMain.startTestSuite(TestCaseMain.java:187)
	at com.kms.katalon.core.main.TestCaseMain$startTestSuite$0.call(Unknown Source)
	at TempTestSuite1696420804604.run(TempTestSuite1696420804604.groovy:36)
Caused by: com.kms.katalon.core.exception.StepFailedException: Unable to click on object 'Object Repository/beli barang/Lihat Sekarang'
	at com.kms.katalon.core.webui.keyword.internal.WebUIKeywordMain.stepFailed(WebUIKeywordMain.groovy:64)
	at com.kms.katalon.core.webui.keyword.internal.WebUIKeywordMain.runKeyword(WebUIKeywordMain.groovy:26)
	at com.kms.katalon.core.webui.keyword.builtin.ClickKeyword.click(ClickKeyword.groovy:74)
	at com.kms.katalon.core.webui.keyword.builtin.ClickKeyword.execute(ClickKeyword.groovy:40)
	at com.kms.katalon.core.keyword.internal.KeywordExecutor.executeKeywordForPlatform(KeywordExecutor.groovy:74)
	at com.kms.katalon.core.webui.keyword.WebUiBuiltInKeywords.click(WebUiBuiltInKeywords.groovy:620)
	at com.kms.katalon.core.webui.keyword.WebUiBuiltInKeywords$click$2.call(Unknown Source)
	at PBL-002.run(PBL-002:25)
	at com.kms.katalon.core.main.ScriptEngine.run(ScriptEngine.java:194)
	at com.kms.katalon.core.main.ScriptEngine.runScriptAsRawText(ScriptEngine.java:119)
	at com.kms.katalon.core.main.TestCaseExecutor.runScript(TestCaseExecutor.java:448)
	at com.kms.katalon.core.main.TestCaseExecutor.doExecute(TestCaseExecutor.java:439)
	at com.kms.katalon.core.main.TestCaseExecutor.processExecutionPhase(TestCaseExecutor.java:418)
	at com.kms.katalon.core.main.TestCaseExecutor.accessMainPhase(TestCaseExecutor.java:410)
	at com.kms.katalon.core.main.TestCaseExecutor.execute(TestCaseExecutor.java:285)
	at com.kms.katalon.core.main.TestCaseMain.runTestCase(TestCaseMain.java:144)
	at com.kms.katalon.core.keyword.builtin.CallTestCaseKeyword$_callTestCase_closure1.doCall(CallTestCaseKeyword.groovy:59)
	... 132 more
Caused by: org.openqa.selenium.ElementNotInteractableException: Element <a class="ps-btn ps-btn--fullwidth" href="https://10.9.2.63/ecommerce/produk/keranjang"> could not be scrolled into view
Build info: version: '3.141.59', revision: 'e82be7d358', time: '2018-11-14T08:25:53'
System info: host: 'DESKTOP-H62FVJ8', ip: '10.9.2.72', os.name: 'Windows 10', os.arch: 'amd64', os.version: '10.0', java.version: '1.8.0_362'
Driver info: com.kms.katalon.core.webui.driver.firefox.CGeckoDriver
Capabilities {acceptInsecureCerts: true, browserName: firefox, browserVersion: 117.0.1, javascriptEnabled: true, moz:accessibilityChecks: false, moz:buildID: 20230912013654, moz:geckodriverVersion: 0.33.0, moz:headless: false, moz:platformVersion: 10.0, moz:processID: 17188, moz:profile: C:\Users\IRFAN\AppData\Loca..., moz:shutdownTimeout: 60000, moz:webdriverClick: true, moz:windowless: false, pageLoadStrategy: normal, platform: WINDOWS, platformName: WINDOWS, proxy: Proxy(direct), setWindowRect: true, strictFileInteractability: false, timeouts: {implicit: 0, pageLoad: 300000, script: 30000}, unhandledPromptBehavior: dismiss and notify}
Session ID: 04cf3b6c-2b0e-450a-a181-9467d554da97
	at org.openqa.selenium.remote.http.W3CHttpResponseCodec.createException(W3CHttpResponseCodec.java:187)
	at org.openqa.selenium.remote.http.W3CHttpResponseCodec.decode(W3CHttpResponseCodec.java:122)
	at org.openqa.selenium.remote.http.W3CHttpResponseCodec.decode(W3CHttpResponseCodec.java:49)
	at org.openqa.selenium.remote.HttpCommandExecutor.execute(HttpCommandExecutor.java:158)
	at org.openqa.selenium.remote.service.DriverCommandExecutor.execute(DriverCommandExecutor.java:83)
	at org.openqa.selenium.remote.RemoteWebDriver.execute(RemoteWebDriver.java:552)
	at com.kms.katalon.selenium.driver.CFirefoxDriver.execute(CFirefoxDriver.java:27)
	at org.openqa.selenium.remote.RemoteWebElement.execute(RemoteWebElement.java:285)
	at org.openqa.selenium.remote.RemoteWebElement.click(RemoteWebElement.java:84)
	at org.openqa.selenium.support.events.EventFiringWebDriver$EventFiringWebElement.lambda$new$0(EventFiringWebDriver.java:404)
	at com.sun.proxy.$Proxy11.click(Unknown Source)
	at org.openqa.selenium.support.events.EventFiringWebDriver$EventFiringWebElement.click(EventFiringWebDriver.java:417)
	at org.openqa.selenium.WebElement$click.call(Unknown Source)
	at com.kms.katalon.core.webui.keyword.builtin.ClickKeyword.clickUntilSuccessWithTimeout(ClickKeyword.groovy:81)
	at com.kms.katalon.core.webui.keyword.builtin.ClickKeyword.clickUntilSuccessWithTimeout(ClickKeyword.groovy)
	at com.kms.katalon.core.webui.keyword.builtin.ClickKeyword$_click_closure1.doCall(ClickKeyword.groovy:67)
	at com.kms.katalon.core.webui.keyword.builtin.ClickKeyword$_click_closure1.call(ClickKeyword.groovy)
	at com.kms.katalon.core.webui.keyword.internal.WebUIKeywordMain.runKeyword(WebUIKeywordMain.groovy:20)
	... 147 more
)

2023-10-04 19:57:18 - [TEST_CASE][FAILED] - Test Cases/T13 Pembelian, Shipment dan Pembayaran/PBL-002: Test Cases/T13 Pembelian, Shipment dan Pembayaran/PBL-002 FAILED.
Reason:
com.kms.katalon.core.exception.StepFailedException: Unable to click on object 'Object Repository/beli barang/Lihat Sekarang'
	at com.kms.katalon.core.webui.keyword.internal.WebUIKeywordMain.stepFailed(WebUIKeywordMain.groovy:64)
	at com.kms.katalon.core.webui.keyword.internal.WebUIKeywordMain.runKeyword(WebUIKeywordMain.groovy:26)
	at com.kms.katalon.core.webui.keyword.builtin.ClickKeyword.click(ClickKeyword.groovy:74)
	at com.kms.katalon.core.webui.keyword.builtin.ClickKeyword.execute(ClickKeyword.groovy:40)
	at com.kms.katalon.core.keyword.internal.KeywordExecutor.executeKeywordForPlatform(KeywordExecutor.groovy:74)
	at com.kms.katalon.core.webui.keyword.WebUiBuiltInKeywords.click(WebUiBuiltInKeywords.groovy:620)
	at com.kms.katalon.core.webui.keyword.WebUiBuiltInKeywords$click$2.call(Unknown Source)
	at PBL-002.run(PBL-002:25)
	at com.kms.katalon.core.main.ScriptEngine.run(ScriptEngine.java:194)
	at com.kms.katalon.core.main.ScriptEngine.runScriptAsRawText(ScriptEngine.java:119)
	at com.kms.katalon.core.main.TestCaseExecutor.runScript(TestCaseExecutor.java:448)
	at com.kms.katalon.core.main.TestCaseExecutor.doExecute(TestCaseExecutor.java:439)
	at com.kms.katalon.core.main.TestCaseExecutor.processExecutionPhase(TestCaseExecutor.java:418)
	at com.kms.katalon.core.main.TestCaseExecutor.accessMainPhase(TestCaseExecutor.java:410)
	at com.kms.katalon.core.main.TestCaseExecutor.execute(TestCaseExecutor.java:285)
	at com.kms.katalon.core.main.TestCaseMain.runTestCase(TestCaseMain.java:144)
	at com.kms.katalon.core.keyword.builtin.CallTestCaseKeyword$_callTestCase_closure1.doCall(CallTestCaseKeyword.groovy:59)
	at com.kms.katalon.core.keyword.builtin.CallTestCaseKeyword$_callTestCase_closure1.call(CallTestCaseKeyword.groovy)
	at com.kms.katalon.core.keyword.internal.KeywordMain.runKeyword(KeywordMain.groovy:75)
	at com.kms.katalon.core.keyword.builtin.CallTestCaseKeyword.callTestCase(CallTestCaseKeyword.groovy:81)
	at com.kms.katalon.core.keyword.builtin.CallTestCaseKeyword.execute(CallTestCaseKeyword.groovy:44)
	at com.kms.katalon.core.keyword.internal.KeywordExecutor.executeKeywordForPlatform(KeywordExecutor.groovy:74)
	at com.kms.katalon.core.keyword.BuiltinKeywords.callTestCase(BuiltinKeywords.groovy:310)
	at PBL-004.run(PBL-004:20)
	at com.kms.katalon.core.main.ScriptEngine.run(ScriptEngine.java:194)
	at com.kms.katalon.core.main.ScriptEngine.runScriptAsRawText(ScriptEngine.java:119)
	at com.kms.katalon.core.main.TestCaseExecutor.runScript(TestCaseExecutor.java:448)
	at com.kms.katalon.core.main.TestCaseExecutor.doExecute(TestCaseExecutor.java:439)
	at com.kms.katalon.core.main.TestCaseExecutor.processExecutionPhase(TestCaseExecutor.java:418)
	at com.kms.katalon.core.main.TestCaseExecutor.accessMainPhase(TestCaseExecutor.java:410)
	at com.kms.katalon.core.main.TestCaseExecutor.execute(TestCaseExecutor.java:285)
	at com.kms.katalon.core.main.TestCaseMain.runTestCase(TestCaseMain.java:144)
	at com.kms.katalon.core.keyword.builtin.CallTestCaseKeyword$_callTestCase_closure1.doCall(CallTestCaseKeyword.groovy:59)
	at com.kms.katalon.core.keyword.builtin.CallTestCaseKeyword$_callTestCase_closure1.call(CallTestCaseKeyword.groovy)
	at com.kms.katalon.core.keyword.internal.KeywordMain.runKeyword(KeywordMain.groovy:75)
	at com.kms.katalon.core.keyword.builtin.CallTestCaseKeyword.callTestCase(CallTestCaseKeyword.groovy:81)
	at com.kms.katalon.core.keyword.builtin.CallTestCaseKeyword.execute(CallTestCaseKeyword.groovy:44)
	at com.kms.katalon.core.keyword.internal.KeywordExecutor.executeKeywordForPlatform(KeywordExecutor.groovy:74)
	at com.kms.katalon.core.keyword.BuiltinKeywords.callTestCase(BuiltinKeywords.groovy:310)
	at PBY-001.run(PBY-001:20)
	at com.kms.katalon.core.main.ScriptEngine.run(ScriptEngine.java:194)
	at com.kms.katalon.core.main.ScriptEngine.runScriptAsRawText(ScriptEngine.java:119)
	at com.kms.katalon.core.main.TestCaseExecutor.runScript(TestCaseExecutor.java:448)
	at com.kms.katalon.core.main.TestCaseExecutor.doExecute(TestCaseExecutor.java:439)
	at com.kms.katalon.core.main.TestCaseExecutor.processExecutionPhase(TestCaseExecutor.java:418)
	at com.kms.katalon.core.main.TestCaseExecutor.accessMainPhase(TestCaseExecutor.java:410)
	at com.kms.katalon.core.main.TestCaseExecutor.execute(TestCaseExecutor.java:285)
	at com.kms.katalon.core.main.TestCaseMain.runTestCase(TestCaseMain.java:144)
	at com.kms.katalon.core.keyword.builtin.CallTestCaseKeyword$_callTestCase_closure1.doCall(CallTestCaseKeyword.groovy:59)
	at com.kms.katalon.core.keyword.builtin.CallTestCaseKeyword$_callTestCase_closure1.call(CallTestCaseKeyword.groovy)
	at com.kms.katalon.core.keyword.internal.KeywordMain.runKeyword(KeywordMain.groovy:75)
	at com.kms.katalon.core.keyword.builtin.CallTestCaseKeyword.callTestCase(CallTestCaseKeyword.groovy:81)
	at com.kms.katalon.core.keyword.builtin.CallTestCaseKeyword.execute(CallTestCaseKeyword.groovy:44)
	at com.kms.katalon.core.keyword.internal.KeywordExecutor.executeKeywordForPlatform(KeywordExecutor.groovy:74)
	at com.kms.katalon.core.keyword.BuiltinKeywords.callTestCase(BuiltinKeywords.groovy:310)
	at PBY-004.run(PBY-004:20)
	at com.kms.katalon.core.main.ScriptEngine.run(ScriptEngine.java:194)
	at com.kms.katalon.core.main.ScriptEngine.runScriptAsRawText(ScriptEngine.java:119)
	at com.kms.katalon.core.main.TestCaseExecutor.runScript(TestCaseExecutor.java:448)
	at com.kms.katalon.core.main.TestCaseExecutor.doExecute(TestCaseExecutor.java:439)
	at com.kms.katalon.core.main.TestCaseExecutor.processExecutionPhase(TestCaseExecutor.java:418)
	at com.kms.katalon.core.main.TestCaseExecutor.accessMainPhase(TestCaseExecutor.java:410)
	at com.kms.katalon.core.main.TestCaseExecutor.execute(TestCaseExecutor.java:285)
	at com.kms.katalon.core.main.TestCaseMain.runTestCase(TestCaseMain.java:144)
	at com.kms.katalon.core.keyword.builtin.CallTestCaseKeyword$_callTestCase_closure1.doCall(CallTestCaseKeyword.groovy:59)
	at com.kms.katalon.core.keyword.builtin.CallTestCaseKeyword$_callTestCase_closure1.call(CallTestCaseKeyword.groovy)
	at com.kms.katalon.core.keyword.internal.KeywordMain.runKeyword(KeywordMain.groovy:75)
	at com.kms.katalon.core.keyword.builtin.CallTestCaseKeyword.callTestCase(CallTestCaseKeyword.groovy:81)
	at com.kms.katalon.core.keyword.builtin.CallTestCaseKeyword.execute(CallTestCaseKeyword.groovy:44)
	at com.kms.katalon.core.keyword.internal.KeywordExecutor.executeKeywordForPlatform(KeywordExecutor.groovy:74)
	at com.kms.katalon.core.keyword.BuiltinKeywords.callTestCase(BuiltinKeywords.groovy:310)
	at PBYA-001.run(PBYA-001:20)
	at com.kms.katalon.core.main.ScriptEngine.run(ScriptEngine.java:194)
	at com.kms.katalon.core.main.ScriptEngine.runScriptAsRawText(ScriptEngine.java:119)
	at com.kms.katalon.core.main.TestCaseExecutor.runScript(TestCaseExecutor.java:448)
	at com.kms.katalon.core.main.TestCaseExecutor.doExecute(TestCaseExecutor.java:439)
	at com.kms.katalon.core.main.TestCaseExecutor.processExecutionPhase(TestCaseExecutor.java:418)
	at com.kms.katalon.core.main.TestCaseExecutor.accessMainPhase(TestCaseExecutor.java:410)
	at com.kms.katalon.core.main.TestCaseExecutor.execute(TestCaseExecutor.java:285)
	at com.kms.katalon.core.main.TestCaseMain.runTestCase(TestCaseMain.java:144)
	at com.kms.katalon.core.keyword.builtin.CallTestCaseKeyword$_callTestCase_closure1.doCall(CallTestCaseKeyword.groovy:59)
	at com.kms.katalon.core.keyword.builtin.CallTestCaseKeyword$_callTestCase_closure1.call(CallTestCaseKeyword.groovy)
	at com.kms.katalon.core.keyword.internal.KeywordMain.runKeyword(KeywordMain.groovy:75)
	at com.kms.katalon.core.keyword.builtin.CallTestCaseKeyword.callTestCase(CallTestCaseKeyword.groovy:81)
	at com.kms.katalon.core.keyword.builtin.CallTestCaseKeyword.execute(CallTestCaseKeyword.groovy:44)
	at com.kms.katalon.core.keyword.internal.KeywordExecutor.executeKeywordForPlatform(KeywordExecutor.groovy:74)
	at com.kms.katalon.core.keyword.BuiltinKeywords.callTestCase(BuiltinKeywords.groovy:310)
	at SA-001.run(SA-001:20)
	at com.kms.katalon.core.main.ScriptEngine.run(ScriptEngine.java:194)
	at com.kms.katalon.core.main.ScriptEngine.runScriptAsRawText(ScriptEngine.java:119)
	at com.kms.katalon.core.main.TestCaseExecutor.runScript(TestCaseExecutor.java:448)
	at com.kms.katalon.core.main.TestCaseExecutor.doExecute(TestCaseExecutor.java:439)
	at com.kms.katalon.core.main.TestCaseExecutor.processExecutionPhase(TestCaseExecutor.java:418)
	at com.kms.katalon.core.main.TestCaseExecutor.accessMainPhase(TestCaseExecutor.java:410)
	at com.kms.katalon.core.main.TestCaseExecutor.execute(TestCaseExecutor.java:285)
	at com.kms.katalon.core.main.TestCaseMain.runTestCase(TestCaseMain.java:144)
	at com.kms.katalon.core.keyword.builtin.CallTestCaseKeyword$_callTestCase_closure1.doCall(CallTestCaseKeyword.groovy:59)
	at com.kms.katalon.core.keyword.builtin.CallTestCaseKeyword$_callTestCase_closure1.call(CallTestCaseKeyword.groovy)
	at com.kms.katalon.core.keyword.internal.KeywordMain.runKeyword(KeywordMain.groovy:75)
	at com.kms.katalon.core.keyword.builtin.CallTestCaseKeyword.callTestCase(CallTestCaseKeyword.groovy:81)
	at com.kms.katalon.core.keyword.builtin.CallTestCaseKeyword.execute(CallTestCaseKeyword.groovy:44)
	at com.kms.katalon.core.keyword.internal.KeywordExecutor.executeKeywordForPlatform(KeywordExecutor.groovy:74)
	at com.kms.katalon.core.keyword.BuiltinKeywords.callTestCase(BuiltinKeywords.groovy:310)
	at SA-002.run(SA-002:20)
	at com.kms.katalon.core.main.ScriptEngine.run(ScriptEngine.java:194)
	at com.kms.katalon.core.main.ScriptEngine.runScriptAsRawText(ScriptEngine.java:119)
	at com.kms.katalon.core.main.TestCaseExecutor.runScript(TestCaseExecutor.java:448)
	at com.kms.katalon.core.main.TestCaseExecutor.doExecute(TestCaseExecutor.java:439)
	at com.kms.katalon.core.main.TestCaseExecutor.processExecutionPhase(TestCaseExecutor.java:418)
	at com.kms.katalon.core.main.TestCaseExecutor.accessMainPhase(TestCaseExecutor.java:410)
	at com.kms.katalon.core.main.TestCaseExecutor.execute(TestCaseExecutor.java:285)
	at com.kms.katalon.core.main.TestCaseMain.runTestCase(TestCaseMain.java:144)
	at com.kms.katalon.core.keyword.builtin.CallTestCaseKeyword$_callTestCase_closure1.doCall(CallTestCaseKeyword.groovy:59)
	at com.kms.katalon.core.keyword.builtin.CallTestCaseKeyword$_callTestCase_closure1.call(CallTestCaseKeyword.groovy)
	at com.kms.katalon.core.keyword.internal.KeywordMain.runKeyword(KeywordMain.groovy:75)
	at com.kms.katalon.core.keyword.builtin.CallTestCaseKeyword.callTestCase(CallTestCaseKeyword.groovy:81)
	at com.kms.katalon.core.keyword.builtin.CallTestCaseKeyword.execute(CallTestCaseKeyword.groovy:44)
	at com.kms.katalon.core.keyword.internal.KeywordExecutor.executeKeywordForPlatform(KeywordExecutor.groovy:74)
	at com.kms.katalon.core.keyword.BuiltinKeywords.callTestCase(BuiltinKeywords.groovy:310)
	at SA-003.run(SA-003:20)
	at com.kms.katalon.core.main.ScriptEngine.run(ScriptEngine.java:194)
	at com.kms.katalon.core.main.ScriptEngine.runScriptAsRawText(ScriptEngine.java:119)
	at com.kms.katalon.core.main.TestCaseExecutor.runScript(TestCaseExecutor.java:448)
	at com.kms.katalon.core.main.TestCaseExecutor.doExecute(TestCaseExecutor.java:439)
	at com.kms.katalon.core.main.TestCaseExecutor.processExecutionPhase(TestCaseExecutor.java:418)
	at com.kms.katalon.core.main.TestCaseExecutor.accessMainPhase(TestCaseExecutor.java:410)
	at com.kms.katalon.core.main.TestCaseExecutor.execute(TestCaseExecutor.java:285)
	at com.kms.katalon.core.main.TestCaseMain.runTestCase(TestCaseMain.java:144)
	at com.kms.katalon.core.keyword.builtin.CallTestCaseKeyword$_callTestCase_closure1.doCall(CallTestCaseKeyword.groovy:59)
	at com.kms.katalon.core.keyword.builtin.CallTestCaseKeyword$_callTestCase_closure1.call(CallTestCaseKeyword.groovy)
	at com.kms.katalon.core.keyword.internal.KeywordMain.runKeyword(KeywordMain.groovy:75)
	at com.kms.katalon.core.keyword.builtin.CallTestCaseKeyword.callTestCase(CallTestCaseKeyword.groovy:81)
	at com.kms.katalon.core.keyword.builtin.CallTestCaseKeyword.execute(CallTestCaseKeyword.groovy:44)
	at com.kms.katalon.core.keyword.internal.KeywordExecutor.executeKeywordForPlatform(KeywordExecutor.groovy:74)
	at com.kms.katalon.core.keyword.BuiltinKeywords.callTestCase(BuiltinKeywords.groovy:310)
	at SU-010.run(SU-010:20)
	at com.kms.katalon.core.main.ScriptEngine.run(ScriptEngine.java:194)
	at com.kms.katalon.core.main.ScriptEngine.runScriptAsRawText(ScriptEngine.java:119)
	at com.kms.katalon.core.main.TestCaseExecutor.runScript(TestCaseExecutor.java:448)
	at com.kms.katalon.core.main.TestCaseExecutor.doExecute(TestCaseExecutor.java:439)
	at com.kms.katalon.core.main.TestCaseExecutor.processExecutionPhase(TestCaseExecutor.java:418)
	at com.kms.katalon.core.main.TestCaseExecutor.accessMainPhase(TestCaseExecutor.java:410)
	at com.kms.katalon.core.main.TestCaseExecutor.execute(TestCaseExecutor.java:285)
	at com.kms.katalon.core.common.CommonExecutor.accessTestCaseMainPhase(CommonExecutor.java:65)
	at com.kms.katalon.core.main.TestSuiteExecutor.accessTestSuiteMainPhase(TestSuiteExecutor.java:148)
	at com.kms.katalon.core.main.TestSuiteExecutor.execute(TestSuiteExecutor.java:106)
	at com.kms.katalon.core.main.TestCaseMain.startTestSuite(TestCaseMain.java:187)
	at com.kms.katalon.core.main.TestCaseMain$startTestSuite$0.call(Unknown Source)
	at TempTestSuite1696420804604.run(TempTestSuite1696420804604.groovy:36)
Caused by: org.openqa.selenium.ElementNotInteractableException: Element <a class="ps-btn ps-btn--fullwidth" href="https://10.9.2.63/ecommerce/produk/keranjang"> could not be scrolled into view
Build info: version: '3.141.59', revision: 'e82be7d358', time: '2018-11-14T08:25:53'
System info: host: 'DESKTOP-H62FVJ8', ip: '10.9.2.72', os.name: 'Windows 10', os.arch: 'amd64', os.version: '10.0', java.version: '1.8.0_362'
Driver info: com.kms.katalon.core.webui.driver.firefox.CGeckoDriver
Capabilities {acceptInsecureCerts: true, browserName: firefox, browserVersion: 117.0.1, javascriptEnabled: true, moz:accessibilityChecks: false, moz:buildID: 20230912013654, moz:geckodriverVersion: 0.33.0, moz:headless: false, moz:platformVersion: 10.0, moz:processID: 17188, moz:profile: C:\Users\IRFAN\AppData\Loca..., moz:shutdownTimeout: 60000, moz:webdriverClick: true, moz:windowless: false, pageLoadStrategy: normal, platform: WINDOWS, platformName: WINDOWS, proxy: Proxy(direct), setWindowRect: true, strictFileInteractability: false, timeouts: {implicit: 0, pageLoad: 300000, script: 30000}, unhandledPromptBehavior: dismiss and notify}
Session ID: 04cf3b6c-2b0e-450a-a181-9467d554da97
	at org.openqa.selenium.remote.http.W3CHttpResponseCodec.createException(W3CHttpResponseCodec.java:187)
	at org.openqa.selenium.remote.http.W3CHttpResponseCodec.decode(W3CHttpResponseCodec.java:122)
	at org.openqa.selenium.remote.http.W3CHttpResponseCodec.decode(W3CHttpResponseCodec.java:49)
	at org.openqa.selenium.remote.HttpCommandExecutor.execute(HttpCommandExecutor.java:158)
	at org.openqa.selenium.remote.service.DriverCommandExecutor.execute(DriverCommandExecutor.java:83)
	at org.openqa.selenium.remote.RemoteWebDriver.execute(RemoteWebDriver.java:552)
	at com.kms.katalon.selenium.driver.CFirefoxDriver.execute(CFirefoxDriver.java:27)
	at org.openqa.selenium.remote.RemoteWebElement.execute(RemoteWebElement.java:285)
	at org.openqa.selenium.remote.RemoteWebElement.click(RemoteWebElement.java:84)
	at org.openqa.selenium.support.events.EventFiringWebDriver$EventFiringWebElement.lambda$new$0(EventFiringWebDriver.java:404)
	at com.sun.proxy.$Proxy11.click(Unknown Source)
	at org.openqa.selenium.support.events.EventFiringWebDriver$EventFiringWebElement.click(EventFiringWebDriver.java:417)
	at org.openqa.selenium.WebElement$click.call(Unknown Source)
	at com.kms.katalon.core.webui.keyword.builtin.ClickKeyword.clickUntilSuccessWithTimeout(ClickKeyword.groovy:81)
	at com.kms.katalon.core.webui.keyword.builtin.ClickKeyword.clickUntilSuccessWithTimeout(ClickKeyword.groovy)
	at com.kms.katalon.core.webui.keyword.builtin.ClickKeyword$_click_closure1.doCall(ClickKeyword.groovy:67)
	at com.kms.katalon.core.webui.keyword.builtin.ClickKeyword$_click_closure1.call(ClickKeyword.groovy)
	at com.kms.katalon.core.webui.keyword.internal.WebUIKeywordMain.runKeyword(WebUIKeywordMain.groovy:20)
	... 147 more


2023-10-04 19:57:18 - [TEST_STEP][PASSED] - data = callTestCase(findTestCase("T13 Pembelian, Shipment dan Pembayaran/PBL-001"), [:], STOP_ON_FAILURE): Call Test Case 'Test Cases/T13 Pembelian, Shipment dan Pembayaran/PBL-001' successfully

2023-10-04 19:57:18 - [TEST_CASE][PASSED] - Test Cases/T13 Pembelian, Shipment dan Pembayaran/PBL-001: Test Cases/T13 Pembelian, Shipment dan Pembayaran/PBL-001

2023-10-04 19:57:18 - [TEST_STEP][PASSED] - callTestCase(findTestCase("T13 Pembelian, Shipment dan Pembayaran/LU-001"), ["username":"irfanafandi", "password":"12345irfan"], STOP_ON_FAILURE): Call Test Case 'Test Cases/T13 Pembelian, Shipment dan Pembayaran/LU-001' successfully

2023-10-04 19:57:18 - [TEST_CASE][PASSED] - Test Cases/T13 Pembelian, Shipment dan Pembayaran/LU-001: Test Cases/T13 Pembelian, Shipment dan Pembayaran/LU-001

2023-10-04 19:57:18 - [TEST_STEP][PASSED] - openBrowser("https://10.9.2.63/ecommerce/"): Browser is opened with url: 'https://10.9.2.63/ecommerce/'

2023-10-04 19:57:18 - [MESSAGE][WARNING] - A browser is already opened. Closing browser and opening a new one

2023-10-04 19:57:21 - [MESSAGE][INFO] - Starting 'Firefox' driver

2023-10-04 19:57:21 - [MESSAGE][INFO] - User set preference: ['args', '[--disable-notifications]']

2023-10-04 19:57:21 - [MESSAGE][INFO] - Action delay is set to 0 milliseconds

2023-10-04 19:57:29 - [MESSAGE][PASSED] - Browser is opened with url: 'https://10.9.2.63/ecommerce/'

2023-10-04 19:57:29 - [TEST_STEP][PASSED] - maximizeWindow(): Current window maximized

2023-10-04 19:57:29 - [MESSAGE][PASSED] - Current window maximized

2023-10-04 19:57:29 - [TEST_STEP][PASSED] - verifyElementPresent(findTestObject("Login/Home"), 0): Object 'Object Repository/Login/Home' is present

2023-10-04 19:57:29 - [MESSAGE][WARNING] - Timeout '0' is invalid. Using default page load timeout: '30'

2023-10-04 19:57:29 - [MESSAGE][PASSED] - Object 'Object Repository/Login/Home' is present

2023-10-04 19:57:29 - [TEST_STEP][PASSED] - click(findTestObject("Login/a_Login")): Object: 'Object Repository/Login/a_Login' is clicked on

2023-10-04 19:57:30 - [MESSAGE][PASSED] - Object: 'Object Repository/Login/a_Login' is clicked on

2023-10-04 19:57:30 - [TEST_STEP][PASSED] - verifyElementPresent(findTestObject("Login/Tittle Login"), 0): Object 'Object Repository/Login/Tittle Login' is present

2023-10-04 19:57:30 - [MESSAGE][WARNING] - Timeout '0' is invalid. Using default page load timeout: '30'

2023-10-04 19:57:30 - [MESSAGE][PASSED] - Object 'Object Repository/Login/Tittle Login' is present

2023-10-04 19:57:30 - [TEST_STEP][PASSED] - setText(findTestObject("Login/input_Username, Email atau No. Handphone_a"), username): Text 'irfanafandi' is set on object 'Object Repository/Login/input_Username, Email atau No. Handphone_a'

2023-10-04 19:57:31 - [MESSAGE][PASSED] - Text 'irfanafandi' is set on object 'Object Repository/Login/input_Username, Email atau No. Handphone_a'

2023-10-04 19:57:31 - [TEST_STEP][PASSED] - setText(findTestObject("Login/input_Password_b"), password): Text '12345irfan' is set on object 'Object Repository/Login/input_Password_b'

2023-10-04 19:57:32 - [MESSAGE][PASSED] - Text '12345irfan' is set on object 'Object Repository/Login/input_Password_b'

2023-10-04 19:57:32 - [TEST_STEP][PASSED] - click(findTestObject("Login/label_Ingat saya")): Object: 'Object Repository/Login/label_Ingat saya' is clicked on

2023-10-04 19:57:32 - [MESSAGE][PASSED] - Object: 'Object Repository/Login/label_Ingat saya' is clicked on

2023-10-04 19:57:32 - [TEST_STEP][PASSED] - click(findTestObject("Login/button_Masuk")): Object: 'Object Repository/Login/button_Masuk' is clicked on

2023-10-04 19:57:33 - [MESSAGE][PASSED] - Object: 'Object Repository/Login/button_Masuk' is clicked on

2023-10-04 19:57:33 - [TEST_STEP][PASSED] - verifyElementPresent(findTestObject("Login/li_Profile"), 0): Object 'Object Repository/Login/li_Profile' is present

2023-10-04 19:57:33 - [MESSAGE][WARNING] - Timeout '0' is invalid. Using default page load timeout: '30'

2023-10-04 19:57:34 - [MESSAGE][PASSED] - Object 'Object Repository/Login/li_Profile' is present

2023-10-04 19:57:34 - [MESSAGE][PASSED] - Call Test Case 'Test Cases/T13 Pembelian, Shipment dan Pembayaran/LU-001' successfully

2023-10-04 19:57:34 - [TEST_STEP][PASSED] - mouseOver(findTestObject("beli barang/i_Mulai Belanja_icon-menu")): Object: 'Object Repository/beli barang/i_Mulai Belanja_icon-menu' is hovered

2023-10-04 19:57:34 - [MESSAGE][PASSED] - Object: 'Object Repository/beli barang/i_Mulai Belanja_icon-menu' is hovered

2023-10-04 19:57:34 - [TEST_STEP][PASSED] - click(findTestObject("beli barang/a_Fashion  Busana Wanita")): Object: 'Object Repository/beli barang/a_Fashion  Busana Wanita' is clicked on

2023-10-04 19:57:36 - [MESSAGE][PASSED] - Object: 'Object Repository/beli barang/a_Fashion  Busana Wanita' is clicked on

2023-10-04 19:57:36 - [TEST_STEP][PASSED] - NamaSebelum = getText(findTestObject("verifikasi/Nama sebelum")): Text of object 'Object Repository/verifikasi/Nama sebelum' is: ''

2023-10-04 19:57:36 - [MESSAGE][PASSED] - Text of object 'Object Repository/verifikasi/Nama sebelum' is: ''

2023-10-04 19:57:36 - [TEST_STEP][PASSED] - HargaSebelum = getText(findTestObject("verifikasi/Harga sebelum")): Text of object 'Object Repository/verifikasi/Harga sebelum' is: 'Rp 1,299'

2023-10-04 19:57:37 - [MESSAGE][PASSED] - Text of object 'Object Repository/verifikasi/Harga sebelum' is: 'Rp 1,299'

2023-10-04 19:57:37 - [TEST_STEP][PASSED] - mouseOver(findTestObject("beli barang/barang mouse over")): Object: 'Object Repository/beli barang/barang mouse over' is hovered

2023-10-04 19:57:37 - [MESSAGE][PASSED] - Object: 'Object Repository/beli barang/barang mouse over' is hovered

2023-10-04 19:57:37 - [TEST_STEP][PASSED] - click(findTestObject("beli barang/buttom add to cart")): Object: 'Object Repository/beli barang/buttom add to cart' is clicked on

2023-10-04 19:57:39 - [MESSAGE][PASSED] - Object: 'Object Repository/beli barang/buttom add to cart' is clicked on

2023-10-04 19:57:39 - [TEST_STEP][PASSED] - NamaSesudah = getText(findTestObject("verifikasi/Nama sesudah")): Text of object 'Object Repository/verifikasi/Nama sesudah' is: 'Segitiga Instan Madeira - MDB5.3 Sunset'

2023-10-04 19:57:39 - [MESSAGE][PASSED] - Text of object 'Object Repository/verifikasi/Nama sesudah' is: 'Segitiga Instan Madeira - MDB5.3 Sunset'

2023-10-04 19:57:39 - [TEST_STEP][PASSED] - HargaSesudah = getText(findTestObject("verifikasi/Harga sesudah")): Text of object 'Object Repository/verifikasi/Harga sesudah' is: 'Rp 1,299'

2023-10-04 19:57:40 - [MESSAGE][PASSED] - Text of object 'Object Repository/verifikasi/Harga sesudah' is: 'Rp 1,299'

2023-10-04 19:57:40 - [TEST_STEP][PASSED] - assert NamaSesudah.contains(NamaSebelum): null

2023-10-04 19:57:40 - [TEST_STEP][PASSED] - assert HargaSesudah.contains(HargaSebelum): null

2023-10-04 19:57:40 - [TEST_STEP][PASSED] - click(findTestObject("beli barang/Tambah Keranjang busana wanita")): Object: 'Object Repository/beli barang/Tambah Keranjang busana wanita' is clicked on

2023-10-04 19:57:40 - [MESSAGE][PASSED] - Object: 'Object Repository/beli barang/Tambah Keranjang busana wanita' is clicked on

2023-10-04 19:57:40 - [TEST_STEP][PASSED] - verifyElementPresent(findTestObject("checkout/Notifikasi keranjang"), 1): Object 'Object Repository/checkout/Notifikasi keranjang' is present

2023-10-04 19:57:41 - [MESSAGE][PASSED] - Object 'Object Repository/checkout/Notifikasi keranjang' is present

2023-10-04 19:57:41 - [TEST_STEP][PASSED] - data = new java.util.HashMap(): null

2023-10-04 19:57:41 - [TEST_STEP][PASSED] - data.put("nama_barang", NamaSesudah): null

2023-10-04 19:57:41 - [TEST_STEP][PASSED] - data.put("price_barang", HargaSesudah): null

2023-10-04 19:57:41 - [TEST_STEP][PASSED] - return data: null

2023-10-04 19:57:41 - [MESSAGE][PASSED] - Call Test Case 'Test Cases/T13 Pembelian, Shipment dan Pembayaran/PBL-001' successfully

2023-10-04 19:57:41 - [TEST_STEP][PASSED] - mouseOver(findTestObject("beli barang/keranjang")): Object: 'Object Repository/beli barang/keranjang' is hovered

2023-10-04 19:57:41 - [MESSAGE][PASSED] - Object: 'Object Repository/beli barang/keranjang' is hovered

2023-10-04 19:57:41 - [TEST_STEP][FAILED] - click(findTestObject("beli barang/Lihat Sekarang")): Unable to click on object 'Object Repository/beli barang/Lihat Sekarang' (Root cause: com.kms.katalon.core.exception.StepFailedException: Unable to click on object 'Object Repository/beli barang/Lihat Sekarang'
	at com.kms.katalon.core.webui.keyword.internal.WebUIKeywordMain.stepFailed(WebUIKeywordMain.groovy:64)
	at com.kms.katalon.core.webui.keyword.internal.WebUIKeywordMain.runKeyword(WebUIKeywordMain.groovy:26)
	at com.kms.katalon.core.webui.keyword.builtin.ClickKeyword.click(ClickKeyword.groovy:74)
	at com.kms.katalon.core.webui.keyword.builtin.ClickKeyword.execute(ClickKeyword.groovy:40)
	at com.kms.katalon.core.keyword.internal.KeywordExecutor.executeKeywordForPlatform(KeywordExecutor.groovy:74)
	at com.kms.katalon.core.webui.keyword.WebUiBuiltInKeywords.click(WebUiBuiltInKeywords.groovy:620)
	at com.kms.katalon.core.webui.keyword.WebUiBuiltInKeywords$click$2.call(Unknown Source)
	at PBL-002.run(PBL-002:25)
	at com.kms.katalon.core.main.ScriptEngine.run(ScriptEngine.java:194)
	at com.kms.katalon.core.main.ScriptEngine.runScriptAsRawText(ScriptEngine.java:119)
	at com.kms.katalon.core.main.TestCaseExecutor.runScript(TestCaseExecutor.java:448)
	at com.kms.katalon.core.main.TestCaseExecutor.doExecute(TestCaseExecutor.java:439)
	at com.kms.katalon.core.main.TestCaseExecutor.processExecutionPhase(TestCaseExecutor.java:418)
	at com.kms.katalon.core.main.TestCaseExecutor.accessMainPhase(TestCaseExecutor.java:410)
	at com.kms.katalon.core.main.TestCaseExecutor.execute(TestCaseExecutor.java:285)
	at com.kms.katalon.core.main.TestCaseMain.runTestCase(TestCaseMain.java:144)
	at com.kms.katalon.core.keyword.builtin.CallTestCaseKeyword$_callTestCase_closure1.doCall(CallTestCaseKeyword.groovy:59)
	at com.kms.katalon.core.keyword.builtin.CallTestCaseKeyword$_callTestCase_closure1.call(CallTestCaseKeyword.groovy)
	at com.kms.katalon.core.keyword.internal.KeywordMain.runKeyword(KeywordMain.groovy:75)
	at com.kms.katalon.core.keyword.builtin.CallTestCaseKeyword.callTestCase(CallTestCaseKeyword.groovy:81)
	at com.kms.katalon.core.keyword.builtin.CallTestCaseKeyword.execute(CallTestCaseKeyword.groovy:44)
	at com.kms.katalon.core.keyword.internal.KeywordExecutor.executeKeywordForPlatform(KeywordExecutor.groovy:74)
	at com.kms.katalon.core.keyword.BuiltinKeywords.callTestCase(BuiltinKeywords.groovy:310)
	at PBL-004.run(PBL-004:20)
	at com.kms.katalon.core.main.ScriptEngine.run(ScriptEngine.java:194)
	at com.kms.katalon.core.main.ScriptEngine.runScriptAsRawText(ScriptEngine.java:119)
	at com.kms.katalon.core.main.TestCaseExecutor.runScript(TestCaseExecutor.java:448)
	at com.kms.katalon.core.main.TestCaseExecutor.doExecute(TestCaseExecutor.java:439)
	at com.kms.katalon.core.main.TestCaseExecutor.processExecutionPhase(TestCaseExecutor.java:418)
	at com.kms.katalon.core.main.TestCaseExecutor.accessMainPhase(TestCaseExecutor.java:410)
	at com.kms.katalon.core.main.TestCaseExecutor.execute(TestCaseExecutor.java:285)
	at com.kms.katalon.core.main.TestCaseMain.runTestCase(TestCaseMain.java:144)
	at com.kms.katalon.core.keyword.builtin.CallTestCaseKeyword$_callTestCase_closure1.doCall(CallTestCaseKeyword.groovy:59)
	at com.kms.katalon.core.keyword.builtin.CallTestCaseKeyword$_callTestCase_closure1.call(CallTestCaseKeyword.groovy)
	at com.kms.katalon.core.keyword.internal.KeywordMain.runKeyword(KeywordMain.groovy:75)
	at com.kms.katalon.core.keyword.builtin.CallTestCaseKeyword.callTestCase(CallTestCaseKeyword.groovy:81)
	at com.kms.katalon.core.keyword.builtin.CallTestCaseKeyword.execute(CallTestCaseKeyword.groovy:44)
	at com.kms.katalon.core.keyword.internal.KeywordExecutor.executeKeywordForPlatform(KeywordExecutor.groovy:74)
	at com.kms.katalon.core.keyword.BuiltinKeywords.callTestCase(BuiltinKeywords.groovy:310)
	at PBY-001.run(PBY-001:20)
	at com.kms.katalon.core.main.ScriptEngine.run(ScriptEngine.java:194)
	at com.kms.katalon.core.main.ScriptEngine.runScriptAsRawText(ScriptEngine.java:119)
	at com.kms.katalon.core.main.TestCaseExecutor.runScript(TestCaseExecutor.java:448)
	at com.kms.katalon.core.main.TestCaseExecutor.doExecute(TestCaseExecutor.java:439)
	at com.kms.katalon.core.main.TestCaseExecutor.processExecutionPhase(TestCaseExecutor.java:418)
	at com.kms.katalon.core.main.TestCaseExecutor.accessMainPhase(TestCaseExecutor.java:410)
	at com.kms.katalon.core.main.TestCaseExecutor.execute(TestCaseExecutor.java:285)
	at com.kms.katalon.core.main.TestCaseMain.runTestCase(TestCaseMain.java:144)
	at com.kms.katalon.core.keyword.builtin.CallTestCaseKeyword$_callTestCase_closure1.doCall(CallTestCaseKeyword.groovy:59)
	at com.kms.katalon.core.keyword.builtin.CallTestCaseKeyword$_callTestCase_closure1.call(CallTestCaseKeyword.groovy)
	at com.kms.katalon.core.keyword.internal.KeywordMain.runKeyword(KeywordMain.groovy:75)
	at com.kms.katalon.core.keyword.builtin.CallTestCaseKeyword.callTestCase(CallTestCaseKeyword.groovy:81)
	at com.kms.katalon.core.keyword.builtin.CallTestCaseKeyword.execute(CallTestCaseKeyword.groovy:44)
	at com.kms.katalon.core.keyword.internal.KeywordExecutor.executeKeywordForPlatform(KeywordExecutor.groovy:74)
	at com.kms.katalon.core.keyword.BuiltinKeywords.callTestCase(BuiltinKeywords.groovy:310)
	at PBY-004.run(PBY-004:20)
	at com.kms.katalon.core.main.ScriptEngine.run(ScriptEngine.java:194)
	at com.kms.katalon.core.main.ScriptEngine.runScriptAsRawText(ScriptEngine.java:119)
	at com.kms.katalon.core.main.TestCaseExecutor.runScript(TestCaseExecutor.java:448)
	at com.kms.katalon.core.main.TestCaseExecutor.doExecute(TestCaseExecutor.java:439)
	at com.kms.katalon.core.main.TestCaseExecutor.processExecutionPhase(TestCaseExecutor.java:418)
	at com.kms.katalon.core.main.TestCaseExecutor.accessMainPhase(TestCaseExecutor.java:410)
	at com.kms.katalon.core.main.TestCaseExecutor.execute(TestCaseExecutor.java:285)
	at com.kms.katalon.core.main.TestCaseMain.runTestCase(TestCaseMain.java:144)
	at com.kms.katalon.core.keyword.builtin.CallTestCaseKeyword$_callTestCase_closure1.doCall(CallTestCaseKeyword.groovy:59)
	at com.kms.katalon.core.keyword.builtin.CallTestCaseKeyword$_callTestCase_closure1.call(CallTestCaseKeyword.groovy)
	at com.kms.katalon.core.keyword.internal.KeywordMain.runKeyword(KeywordMain.groovy:75)
	at com.kms.katalon.core.keyword.builtin.CallTestCaseKeyword.callTestCase(CallTestCaseKeyword.groovy:81)
	at com.kms.katalon.core.keyword.builtin.CallTestCaseKeyword.execute(CallTestCaseKeyword.groovy:44)
	at com.kms.katalon.core.keyword.internal.KeywordExecutor.executeKeywordForPlatform(KeywordExecutor.groovy:74)
	at com.kms.katalon.core.keyword.BuiltinKeywords.callTestCase(BuiltinKeywords.groovy:310)
	at PBYA-001.run(PBYA-001:20)
	at com.kms.katalon.core.main.ScriptEngine.run(ScriptEngine.java:194)
	at com.kms.katalon.core.main.ScriptEngine.runScriptAsRawText(ScriptEngine.java:119)
	at com.kms.katalon.core.main.TestCaseExecutor.runScript(TestCaseExecutor.java:448)
	at com.kms.katalon.core.main.TestCaseExecutor.doExecute(TestCaseExecutor.java:439)
	at com.kms.katalon.core.main.TestCaseExecutor.processExecutionPhase(TestCaseExecutor.java:418)
	at com.kms.katalon.core.main.TestCaseExecutor.accessMainPhase(TestCaseExecutor.java:410)
	at com.kms.katalon.core.main.TestCaseExecutor.execute(TestCaseExecutor.java:285)
	at com.kms.katalon.core.main.TestCaseMain.runTestCase(TestCaseMain.java:144)
	at com.kms.katalon.core.keyword.builtin.CallTestCaseKeyword$_callTestCase_closure1.doCall(CallTestCaseKeyword.groovy:59)
	at com.kms.katalon.core.keyword.builtin.CallTestCaseKeyword$_callTestCase_closure1.call(CallTestCaseKeyword.groovy)
	at com.kms.katalon.core.keyword.internal.KeywordMain.runKeyword(KeywordMain.groovy:75)
	at com.kms.katalon.core.keyword.builtin.CallTestCaseKeyword.callTestCase(CallTestCaseKeyword.groovy:81)
	at com.kms.katalon.core.keyword.builtin.CallTestCaseKeyword.execute(CallTestCaseKeyword.groovy:44)
	at com.kms.katalon.core.keyword.internal.KeywordExecutor.executeKeywordForPlatform(KeywordExecutor.groovy:74)
	at com.kms.katalon.core.keyword.BuiltinKeywords.callTestCase(BuiltinKeywords.groovy:310)
	at SA-001.run(SA-001:20)
	at com.kms.katalon.core.main.ScriptEngine.run(ScriptEngine.java:194)
	at com.kms.katalon.core.main.ScriptEngine.runScriptAsRawText(ScriptEngine.java:119)
	at com.kms.katalon.core.main.TestCaseExecutor.runScript(TestCaseExecutor.java:448)
	at com.kms.katalon.core.main.TestCaseExecutor.doExecute(TestCaseExecutor.java:439)
	at com.kms.katalon.core.main.TestCaseExecutor.processExecutionPhase(TestCaseExecutor.java:418)
	at com.kms.katalon.core.main.TestCaseExecutor.accessMainPhase(TestCaseExecutor.java:410)
	at com.kms.katalon.core.main.TestCaseExecutor.execute(TestCaseExecutor.java:285)
	at com.kms.katalon.core.main.TestCaseMain.runTestCase(TestCaseMain.java:144)
	at com.kms.katalon.core.keyword.builtin.CallTestCaseKeyword$_callTestCase_closure1.doCall(CallTestCaseKeyword.groovy:59)
	at com.kms.katalon.core.keyword.builtin.CallTestCaseKeyword$_callTestCase_closure1.call(CallTestCaseKeyword.groovy)
	at com.kms.katalon.core.keyword.internal.KeywordMain.runKeyword(KeywordMain.groovy:75)
	at com.kms.katalon.core.keyword.builtin.CallTestCaseKeyword.callTestCase(CallTestCaseKeyword.groovy:81)
	at com.kms.katalon.core.keyword.builtin.CallTestCaseKeyword.execute(CallTestCaseKeyword.groovy:44)
	at com.kms.katalon.core.keyword.internal.KeywordExecutor.executeKeywordForPlatform(KeywordExecutor.groovy:74)
	at com.kms.katalon.core.keyword.BuiltinKeywords.callTestCase(BuiltinKeywords.groovy:310)
	at SA-002.run(SA-002:20)
	at com.kms.katalon.core.main.ScriptEngine.run(ScriptEngine.java:194)
	at com.kms.katalon.core.main.ScriptEngine.runScriptAsRawText(ScriptEngine.java:119)
	at com.kms.katalon.core.main.TestCaseExecutor.runScript(TestCaseExecutor.java:448)
	at com.kms.katalon.core.main.TestCaseExecutor.doExecute(TestCaseExecutor.java:439)
	at com.kms.katalon.core.main.TestCaseExecutor.processExecutionPhase(TestCaseExecutor.java:418)
	at com.kms.katalon.core.main.TestCaseExecutor.accessMainPhase(TestCaseExecutor.java:410)
	at com.kms.katalon.core.main.TestCaseExecutor.execute(TestCaseExecutor.java:285)
	at com.kms.katalon.core.main.TestCaseMain.runTestCase(TestCaseMain.java:144)
	at com.kms.katalon.core.keyword.builtin.CallTestCaseKeyword$_callTestCase_closure1.doCall(CallTestCaseKeyword.groovy:59)
	at com.kms.katalon.core.keyword.builtin.CallTestCaseKeyword$_callTestCase_closure1.call(CallTestCaseKeyword.groovy)
	at com.kms.katalon.core.keyword.internal.KeywordMain.runKeyword(KeywordMain.groovy:75)
	at com.kms.katalon.core.keyword.builtin.CallTestCaseKeyword.callTestCase(CallTestCaseKeyword.groovy:81)
	at com.kms.katalon.core.keyword.builtin.CallTestCaseKeyword.execute(CallTestCaseKeyword.groovy:44)
	at com.kms.katalon.core.keyword.internal.KeywordExecutor.executeKeywordForPlatform(KeywordExecutor.groovy:74)
	at com.kms.katalon.core.keyword.BuiltinKeywords.callTestCase(BuiltinKeywords.groovy:310)
	at SA-003.run(SA-003:20)
	at com.kms.katalon.core.main.ScriptEngine.run(ScriptEngine.java:194)
	at com.kms.katalon.core.main.ScriptEngine.runScriptAsRawText(ScriptEngine.java:119)
	at com.kms.katalon.core.main.TestCaseExecutor.runScript(TestCaseExecutor.java:448)
	at com.kms.katalon.core.main.TestCaseExecutor.doExecute(TestCaseExecutor.java:439)
	at com.kms.katalon.core.main.TestCaseExecutor.processExecutionPhase(TestCaseExecutor.java:418)
	at com.kms.katalon.core.main.TestCaseExecutor.accessMainPhase(TestCaseExecutor.java:410)
	at com.kms.katalon.core.main.TestCaseExecutor.execute(TestCaseExecutor.java:285)
	at com.kms.katalon.core.main.TestCaseMain.runTestCase(TestCaseMain.java:144)
	at com.kms.katalon.core.keyword.builtin.CallTestCaseKeyword$_callTestCase_closure1.doCall(CallTestCaseKeyword.groovy:59)
	at com.kms.katalon.core.keyword.builtin.CallTestCaseKeyword$_callTestCase_closure1.call(CallTestCaseKeyword.groovy)
	at com.kms.katalon.core.keyword.internal.KeywordMain.runKeyword(KeywordMain.groovy:75)
	at com.kms.katalon.core.keyword.builtin.CallTestCaseKeyword.callTestCase(CallTestCaseKeyword.groovy:81)
	at com.kms.katalon.core.keyword.builtin.CallTestCaseKeyword.execute(CallTestCaseKeyword.groovy:44)
	at com.kms.katalon.core.keyword.internal.KeywordExecutor.executeKeywordForPlatform(KeywordExecutor.groovy:74)
	at com.kms.katalon.core.keyword.BuiltinKeywords.callTestCase(BuiltinKeywords.groovy:310)
	at SU-010.run(SU-010:20)
	at com.kms.katalon.core.main.ScriptEngine.run(ScriptEngine.java:194)
	at com.kms.katalon.core.main.ScriptEngine.runScriptAsRawText(ScriptEngine.java:119)
	at com.kms.katalon.core.main.TestCaseExecutor.runScript(TestCaseExecutor.java:448)
	at com.kms.katalon.core.main.TestCaseExecutor.doExecute(TestCaseExecutor.java:439)
	at com.kms.katalon.core.main.TestCaseExecutor.processExecutionPhase(TestCaseExecutor.java:418)
	at com.kms.katalon.core.main.TestCaseExecutor.accessMainPhase(TestCaseExecutor.java:410)
	at com.kms.katalon.core.main.TestCaseExecutor.execute(TestCaseExecutor.java:285)
	at com.kms.katalon.core.common.CommonExecutor.accessTestCaseMainPhase(CommonExecutor.java:65)
	at com.kms.katalon.core.main.TestSuiteExecutor.accessTestSuiteMainPhase(TestSuiteExecutor.java:148)
	at com.kms.katalon.core.main.TestSuiteExecutor.execute(TestSuiteExecutor.java:106)
	at com.kms.katalon.core.main.TestCaseMain.startTestSuite(TestCaseMain.java:187)
	at com.kms.katalon.core.main.TestCaseMain$startTestSuite$0.call(Unknown Source)
	at TempTestSuite1696420804604.run(TempTestSuite1696420804604.groovy:36)
Caused by: org.openqa.selenium.ElementNotInteractableException: Element <a class="ps-btn ps-btn--fullwidth" href="https://10.9.2.63/ecommerce/produk/keranjang"> could not be scrolled into view
Build info: version: '3.141.59', revision: 'e82be7d358', time: '2018-11-14T08:25:53'
System info: host: 'DESKTOP-H62FVJ8', ip: '10.9.2.72', os.name: 'Windows 10', os.arch: 'amd64', os.version: '10.0', java.version: '1.8.0_362'
Driver info: com.kms.katalon.core.webui.driver.firefox.CGeckoDriver
Capabilities {acceptInsecureCerts: true, browserName: firefox, browserVersion: 117.0.1, javascriptEnabled: true, moz:accessibilityChecks: false, moz:buildID: 20230912013654, moz:geckodriverVersion: 0.33.0, moz:headless: false, moz:platformVersion: 10.0, moz:processID: 17188, moz:profile: C:\Users\IRFAN\AppData\Loca..., moz:shutdownTimeout: 60000, moz:webdriverClick: true, moz:windowless: false, pageLoadStrategy: normal, platform: WINDOWS, platformName: WINDOWS, proxy: Proxy(direct), setWindowRect: true, strictFileInteractability: false, timeouts: {implicit: 0, pageLoad: 300000, script: 30000}, unhandledPromptBehavior: dismiss and notify}
Session ID: 04cf3b6c-2b0e-450a-a181-9467d554da97
	at org.openqa.selenium.remote.http.W3CHttpResponseCodec.createException(W3CHttpResponseCodec.java:187)
	at org.openqa.selenium.remote.http.W3CHttpResponseCodec.decode(W3CHttpResponseCodec.java:122)
	at org.openqa.selenium.remote.http.W3CHttpResponseCodec.decode(W3CHttpResponseCodec.java:49)
	at org.openqa.selenium.remote.HttpCommandExecutor.execute(HttpCommandExecutor.java:158)
	at org.openqa.selenium.remote.service.DriverCommandExecutor.execute(DriverCommandExecutor.java:83)
	at org.openqa.selenium.remote.RemoteWebDriver.execute(RemoteWebDriver.java:552)
	at com.kms.katalon.selenium.driver.CFirefoxDriver.execute(CFirefoxDriver.java:27)
	at org.openqa.selenium.remote.RemoteWebElement.execute(RemoteWebElement.java:285)
	at org.openqa.selenium.remote.RemoteWebElement.click(RemoteWebElement.java:84)
	at org.openqa.selenium.support.events.EventFiringWebDriver$EventFiringWebElement.lambda$new$0(EventFiringWebDriver.java:404)
	at com.sun.proxy.$Proxy11.click(Unknown Source)
	at org.openqa.selenium.support.events.EventFiringWebDriver$EventFiringWebElement.click(EventFiringWebDriver.java:417)
	at org.openqa.selenium.WebElement$click.call(Unknown Source)
	at com.kms.katalon.core.webui.keyword.builtin.ClickKeyword.clickUntilSuccessWithTimeout(ClickKeyword.groovy:81)
	at com.kms.katalon.core.webui.keyword.builtin.ClickKeyword.clickUntilSuccessWithTimeout(ClickKeyword.groovy)
	at com.kms.katalon.core.webui.keyword.builtin.ClickKeyword$_click_closure1.doCall(ClickKeyword.groovy:67)
	at com.kms.katalon.core.webui.keyword.builtin.ClickKeyword$_click_closure1.call(ClickKeyword.groovy)
	at com.kms.katalon.core.webui.keyword.internal.WebUIKeywordMain.runKeyword(WebUIKeywordMain.groovy:20)
	at com.kms.katalon.core.webui.keyword.builtin.ClickKeyword.click(ClickKeyword.groovy:74)
	at com.kms.katalon.core.webui.keyword.builtin.ClickKeyword.execute(ClickKeyword.groovy:40)
	at com.kms.katalon.core.keyword.internal.KeywordExecutor.executeKeywordForPlatform(KeywordExecutor.groovy:74)
	at com.kms.katalon.core.webui.keyword.WebUiBuiltInKeywords.click(WebUiBuiltInKeywords.groovy:620)
	at com.kms.katalon.core.webui.keyword.WebUiBuiltInKeywords$click$2.call(Unknown Source)
	at Script1695957351890.run(Script1695957351890.groovy:25)
	at com.kms.katalon.core.main.ScriptEngine.run(ScriptEngine.java:194)
	at com.kms.katalon.core.main.ScriptEngine.runScriptAsRawText(ScriptEngine.java:119)
	at com.kms.katalon.core.main.TestCaseExecutor.runScript(TestCaseExecutor.java:448)
	at com.kms.katalon.core.main.TestCaseExecutor.doExecute(TestCaseExecutor.java:439)
	at com.kms.katalon.core.main.TestCaseExecutor.processExecutionPhase(TestCaseExecutor.java:418)
	at com.kms.katalon.core.main.TestCaseExecutor.accessMainPhase(TestCaseExecutor.java:410)
	at com.kms.katalon.core.main.TestCaseExecutor.execute(TestCaseExecutor.java:285)
	at com.kms.katalon.core.main.TestCaseMain.runTestCase(TestCaseMain.java:144)
	at com.kms.katalon.core.keyword.builtin.CallTestCaseKeyword$_callTestCase_closure1.doCall(CallTestCaseKeyword.groovy:59)
	at com.kms.katalon.core.keyword.builtin.CallTestCaseKeyword$_callTestCase_closure1.call(CallTestCaseKeyword.groovy)
	at com.kms.katalon.core.keyword.internal.KeywordMain.runKeyword(KeywordMain.groovy:75)
	at com.kms.katalon.core.keyword.builtin.CallTestCaseKeyword.callTestCase(CallTestCaseKeyword.groovy:81)
	at com.kms.katalon.core.keyword.builtin.CallTestCaseKeyword.execute(CallTestCaseKeyword.groovy:44)
	at com.kms.katalon.core.keyword.internal.KeywordExecutor.executeKeywordForPlatform(KeywordExecutor.groovy:74)
	at com.kms.katalon.core.keyword.BuiltinKeywords.callTestCase(BuiltinKeywords.groovy:310)
	at Script1695957634003.run(Script1695957634003.groovy:20)
	at com.kms.katalon.core.main.ScriptEngine.run(ScriptEngine.java:194)
	at com.kms.katalon.core.main.ScriptEngine.runScriptAsRawText(ScriptEngine.java:119)
	at com.kms.katalon.core.main.TestCaseExecutor.runScript(TestCaseExecutor.java:448)
	at com.kms.katalon.core.main.TestCaseExecutor.doExecute(TestCaseExecutor.java:439)
	at com.kms.katalon.core.main.TestCaseExecutor.processExecutionPhase(TestCaseExecutor.java:418)
	at com.kms.katalon.core.main.TestCaseExecutor.accessMainPhase(TestCaseExecutor.java:410)
	at com.kms.katalon.core.main.TestCaseExecutor.execute(TestCaseExecutor.java:285)
	at com.kms.katalon.core.main.TestCaseMain.runTestCase(TestCaseMain.java:144)
	at com.kms.katalon.core.keyword.builtin.CallTestCaseKeyword$_callTestCase_closure1.doCall(CallTestCaseKeyword.groovy:59)
	at com.kms.katalon.core.keyword.builtin.CallTestCaseKeyword$_callTestCase_closure1.call(CallTestCaseKeyword.groovy)
	at com.kms.katalon.core.keyword.internal.KeywordMain.runKeyword(KeywordMain.groovy:75)
	at com.kms.katalon.core.keyword.builtin.CallTestCaseKeyword.callTestCase(CallTestCaseKeyword.groovy:81)
	at com.kms.katalon.core.keyword.builtin.CallTestCaseKeyword.execute(CallTestCaseKeyword.groovy:44)
	at com.kms.katalon.core.keyword.internal.KeywordExecutor.executeKeywordForPlatform(KeywordExecutor.groovy:74)
	at com.kms.katalon.core.keyword.BuiltinKeywords.callTestCase(BuiltinKeywords.groovy:310)
	at Script1695957898449.run(Script1695957898449.groovy:20)
	at com.kms.katalon.core.main.ScriptEngine.run(ScriptEngine.java:194)
	at com.kms.katalon.core.main.ScriptEngine.runScriptAsRawText(ScriptEngine.java:119)
	at com.kms.katalon.core.main.TestCaseExecutor.runScript(TestCaseExecutor.java:448)
	at com.kms.katalon.core.main.TestCaseExecutor.doExecute(TestCaseExecutor.java:439)
	at com.kms.katalon.core.main.TestCaseExecutor.processExecutionPhase(TestCaseExecutor.java:418)
	at com.kms.katalon.core.main.TestCaseExecutor.accessMainPhase(TestCaseExecutor.java:410)
	at com.kms.katalon.core.main.TestCaseExecutor.execute(TestCaseExecutor.java:285)
	at com.kms.katalon.core.main.TestCaseMain.runTestCase(TestCaseMain.java:144)
	at com.kms.katalon.core.keyword.builtin.CallTestCaseKeyword$_callTestCase_closure1.doCall(CallTestCaseKeyword.groovy:59)
	at com.kms.katalon.core.keyword.builtin.CallTestCaseKeyword$_callTestCase_closure1.call(CallTestCaseKeyword.groovy)
	at com.kms.katalon.core.keyword.internal.KeywordMain.runKeyword(KeywordMain.groovy:75)
	at com.kms.katalon.core.keyword.builtin.CallTestCaseKeyword.callTestCase(CallTestCaseKeyword.groovy:81)
	at com.kms.katalon.core.keyword.builtin.CallTestCaseKeyword.execute(CallTestCaseKeyword.groovy:44)
	at com.kms.katalon.core.keyword.internal.KeywordExecutor.executeKeywordForPlatform(KeywordExecutor.groovy:74)
	at com.kms.katalon.core.keyword.BuiltinKeywords.callTestCase(BuiltinKeywords.groovy:310)
	at Script1695958134162.run(Script1695958134162.groovy:20)
	at com.kms.katalon.core.main.ScriptEngine.run(ScriptEngine.java:194)
	at com.kms.katalon.core.main.ScriptEngine.runScriptAsRawText(ScriptEngine.java:119)
	at com.kms.katalon.core.main.TestCaseExecutor.runScript(TestCaseExecutor.java:448)
	at com.kms.katalon.core.main.TestCaseExecutor.doExecute(TestCaseExecutor.java:439)
	at com.kms.katalon.core.main.TestCaseExecutor.processExecutionPhase(TestCaseExecutor.java:418)
	at com.kms.katalon.core.main.TestCaseExecutor.accessMainPhase(TestCaseExecutor.java:410)
	at com.kms.katalon.core.main.TestCaseExecutor.execute(TestCaseExecutor.java:285)
	at com.kms.katalon.core.main.TestCaseMain.runTestCase(TestCaseMain.java:144)
	at com.kms.katalon.core.keyword.builtin.CallTestCaseKeyword$_callTestCase_closure1.doCall(CallTestCaseKeyword.groovy:59)
	at com.kms.katalon.core.keyword.builtin.CallTestCaseKeyword$_callTestCase_closure1.call(CallTestCaseKeyword.groovy)
	at com.kms.katalon.core.keyword.internal.KeywordMain.runKeyword(KeywordMain.groovy:75)
	at com.kms.katalon.core.keyword.builtin.CallTestCaseKeyword.callTestCase(CallTestCaseKeyword.groovy:81)
	at com.kms.katalon.core.keyword.builtin.CallTestCaseKeyword.execute(CallTestCaseKeyword.groovy:44)
	at com.kms.katalon.core.keyword.internal.KeywordExecutor.executeKeywordForPlatform(KeywordExecutor.groovy:74)
	at com.kms.katalon.core.keyword.BuiltinKeywords.callTestCase(BuiltinKeywords.groovy:310)
	at Script1695958536957.run(Script1695958536957.groovy:20)
	at com.kms.katalon.core.main.ScriptEngine.run(ScriptEngine.java:194)
	at com.kms.katalon.core.main.ScriptEngine.runScriptAsRawText(ScriptEngine.java:119)
	at com.kms.katalon.core.main.TestCaseExecutor.runScript(TestCaseExecutor.java:448)
	at com.kms.katalon.core.main.TestCaseExecutor.doExecute(TestCaseExecutor.java:439)
	at com.kms.katalon.core.main.TestCaseExecutor.processExecutionPhase(TestCaseExecutor.java:418)
	at com.kms.katalon.core.main.TestCaseExecutor.accessMainPhase(TestCaseExecutor.java:410)
	at com.kms.katalon.core.main.TestCaseExecutor.execute(TestCaseExecutor.java:285)
	at com.kms.katalon.core.main.TestCaseMain.runTestCase(TestCaseMain.java:144)
	at com.kms.katalon.core.keyword.builtin.CallTestCaseKeyword$_callTestCase_closure1.doCall(CallTestCaseKeyword.groovy:59)
	at com.kms.katalon.core.keyword.builtin.CallTestCaseKeyword$_callTestCase_closure1.call(CallTestCaseKeyword.groovy)
	at com.kms.katalon.core.keyword.internal.KeywordMain.runKeyword(KeywordMain.groovy:75)
	at com.kms.katalon.core.keyword.builtin.CallTestCaseKeyword.callTestCase(CallTestCaseKeyword.groovy:81)
	at com.kms.katalon.core.keyword.builtin.CallTestCaseKeyword.execute(CallTestCaseKeyword.groovy:44)
	at com.kms.katalon.core.keyword.internal.KeywordExecutor.executeKeywordForPlatform(KeywordExecutor.groovy:74)
	at com.kms.katalon.core.keyword.BuiltinKeywords.callTestCase(BuiltinKeywords.groovy:310)
	at Script1695958721803.run(Script1695958721803.groovy:20)
	at com.kms.katalon.core.main.ScriptEngine.run(ScriptEngine.java:194)
	at com.kms.katalon.core.main.ScriptEngine.runScriptAsRawText(ScriptEngine.java:119)
	at com.kms.katalon.core.main.TestCaseExecutor.runScript(TestCaseExecutor.java:448)
	at com.kms.katalon.core.main.TestCaseExecutor.doExecute(TestCaseExecutor.java:439)
	at com.kms.katalon.core.main.TestCaseExecutor.processExecutionPhase(TestCaseExecutor.java:418)
	at com.kms.katalon.core.main.TestCaseExecutor.accessMainPhase(TestCaseExecutor.java:410)
	at com.kms.katalon.core.main.TestCaseExecutor.execute(TestCaseExecutor.java:285)
	at com.kms.katalon.core.main.TestCaseMain.runTestCase(TestCaseMain.java:144)
	at com.kms.katalon.core.keyword.builtin.CallTestCaseKeyword$_callTestCase_closure1.doCall(CallTestCaseKeyword.groovy:59)
	at com.kms.katalon.core.keyword.builtin.CallTestCaseKeyword$_callTestCase_closure1.call(CallTestCaseKeyword.groovy)
	at com.kms.katalon.core.keyword.internal.KeywordMain.runKeyword(KeywordMain.groovy:75)
	at com.kms.katalon.core.keyword.builtin.CallTestCaseKeyword.callTestCase(CallTestCaseKeyword.groovy:81)
	at com.kms.katalon.core.keyword.builtin.CallTestCaseKeyword.execute(CallTestCaseKeyword.groovy:44)
	at com.kms.katalon.core.keyword.internal.KeywordExecutor.executeKeywordForPlatform(KeywordExecutor.groovy:74)
	at com.kms.katalon.core.keyword.BuiltinKeywords.callTestCase(BuiltinKeywords.groovy:310)
	at Script1695958728937.run(Script1695958728937.groovy:20)
	at com.kms.katalon.core.main.ScriptEngine.run(ScriptEngine.java:194)
	at com.kms.katalon.core.main.ScriptEngine.runScriptAsRawText(ScriptEngine.java:119)
	at com.kms.katalon.core.main.TestCaseExecutor.runScript(TestCaseExecutor.java:448)
	at com.kms.katalon.core.main.TestCaseExecutor.doExecute(TestCaseExecutor.java:439)
	at com.kms.katalon.core.main.TestCaseExecutor.processExecutionPhase(TestCaseExecutor.java:418)
	at com.kms.katalon.core.main.TestCaseExecutor.accessMainPhase(TestCaseExecutor.java:410)
	at com.kms.katalon.core.main.TestCaseExecutor.execute(TestCaseExecutor.java:285)
	at com.kms.katalon.core.main.TestCaseMain.runTestCase(TestCaseMain.java:144)
	at com.kms.katalon.core.keyword.builtin.CallTestCaseKeyword$_callTestCase_closure1.doCall(CallTestCaseKeyword.groovy:59)
	at com.kms.katalon.core.keyword.builtin.CallTestCaseKeyword$_callTestCase_closure1.call(CallTestCaseKeyword.groovy)
	at com.kms.katalon.core.keyword.internal.KeywordMain.runKeyword(KeywordMain.groovy:75)
	at com.kms.katalon.core.keyword.builtin.CallTestCaseKeyword.callTestCase(CallTestCaseKeyword.groovy:81)
	at com.kms.katalon.core.keyword.builtin.CallTestCaseKeyword.execute(CallTestCaseKeyword.groovy:44)
	at com.kms.katalon.core.keyword.internal.KeywordExecutor.executeKeywordForPlatform(KeywordExecutor.groovy:74)
	at com.kms.katalon.core.keyword.BuiltinKeywords.callTestCase(BuiltinKeywords.groovy:310)
	at Script1695958735486.run(Script1695958735486.groovy:20)
	at com.kms.katalon.core.main.ScriptEngine.run(ScriptEngine.java:194)
	at com.kms.katalon.core.main.ScriptEngine.runScriptAsRawText(ScriptEngine.java:119)
	at com.kms.katalon.core.main.TestCaseExecutor.runScript(TestCaseExecutor.java:448)
	at com.kms.katalon.core.main.TestCaseExecutor.doExecute(TestCaseExecutor.java:439)
	at com.kms.katalon.core.main.TestCaseExecutor.processExecutionPhase(TestCaseExecutor.java:418)
	at com.kms.katalon.core.main.TestCaseExecutor.accessMainPhase(TestCaseExecutor.java:410)
	at com.kms.katalon.core.main.TestCaseExecutor.execute(TestCaseExecutor.java:285)
	at com.kms.katalon.core.main.TestCaseMain.runTestCase(TestCaseMain.java:144)
	at com.kms.katalon.core.keyword.builtin.CallTestCaseKeyword$_callTestCase_closure1.doCall(CallTestCaseKeyword.groovy:59)
	at com.kms.katalon.core.keyword.builtin.CallTestCaseKeyword$_callTestCase_closure1.call(CallTestCaseKeyword.groovy)
	at com.kms.katalon.core.keyword.internal.KeywordMain.runKeyword(KeywordMain.groovy:75)
	at com.kms.katalon.core.keyword.builtin.CallTestCaseKeyword.callTestCase(CallTestCaseKeyword.groovy:81)
	at com.kms.katalon.core.keyword.builtin.CallTestCaseKeyword.execute(CallTestCaseKeyword.groovy:44)
	at com.kms.katalon.core.keyword.internal.KeywordExecutor.executeKeywordForPlatform(KeywordExecutor.groovy:74)
	at com.kms.katalon.core.keyword.BuiltinKeywords.callTestCase(BuiltinKeywords.groovy:310)
	at Script1696215764987.run(Script1696215764987.groovy:20)
	... 13 more
)

2023-10-04 19:57:42 - [MESSAGE][FAILED] - Unable to click on object 'Object Repository/beli barang/Lihat Sekarang' (Root cause: com.kms.katalon.core.exception.StepFailedException: Unable to click on object 'Object Repository/beli barang/Lihat Sekarang'
	at com.kms.katalon.core.webui.keyword.internal.WebUIKeywordMain.stepFailed(WebUIKeywordMain.groovy:64)
	at com.kms.katalon.core.webui.keyword.internal.WebUIKeywordMain.runKeyword(WebUIKeywordMain.groovy:26)
	at com.kms.katalon.core.webui.keyword.builtin.ClickKeyword.click(ClickKeyword.groovy:74)
	at com.kms.katalon.core.webui.keyword.builtin.ClickKeyword.execute(ClickKeyword.groovy:40)
	at com.kms.katalon.core.keyword.internal.KeywordExecutor.executeKeywordForPlatform(KeywordExecutor.groovy:74)
	at com.kms.katalon.core.webui.keyword.WebUiBuiltInKeywords.click(WebUiBuiltInKeywords.groovy:620)
	at com.kms.katalon.core.webui.keyword.WebUiBuiltInKeywords$click$2.call(Unknown Source)
	at PBL-002.run(PBL-002:25)
	at com.kms.katalon.core.main.ScriptEngine.run(ScriptEngine.java:194)
	at com.kms.katalon.core.main.ScriptEngine.runScriptAsRawText(ScriptEngine.java:119)
	at com.kms.katalon.core.main.TestCaseExecutor.runScript(TestCaseExecutor.java:448)
	at com.kms.katalon.core.main.TestCaseExecutor.doExecute(TestCaseExecutor.java:439)
	at com.kms.katalon.core.main.TestCaseExecutor.processExecutionPhase(TestCaseExecutor.java:418)
	at com.kms.katalon.core.main.TestCaseExecutor.accessMainPhase(TestCaseExecutor.java:410)
	at com.kms.katalon.core.main.TestCaseExecutor.execute(TestCaseExecutor.java:285)
	at com.kms.katalon.core.main.TestCaseMain.runTestCase(TestCaseMain.java:144)
	at com.kms.katalon.core.keyword.builtin.CallTestCaseKeyword$_callTestCase_closure1.doCall(CallTestCaseKeyword.groovy:59)
	at com.kms.katalon.core.keyword.builtin.CallTestCaseKeyword$_callTestCase_closure1.call(CallTestCaseKeyword.groovy)
	at com.kms.katalon.core.keyword.internal.KeywordMain.runKeyword(KeywordMain.groovy:75)
	at com.kms.katalon.core.keyword.builtin.CallTestCaseKeyword.callTestCase(CallTestCaseKeyword.groovy:81)
	at com.kms.katalon.core.keyword.builtin.CallTestCaseKeyword.execute(CallTestCaseKeyword.groovy:44)
	at com.kms.katalon.core.keyword.internal.KeywordExecutor.executeKeywordForPlatform(KeywordExecutor.groovy:74)
	at com.kms.katalon.core.keyword.BuiltinKeywords.callTestCase(BuiltinKeywords.groovy:310)
	at PBL-004.run(PBL-004:20)
	at com.kms.katalon.core.main.ScriptEngine.run(ScriptEngine.java:194)
	at com.kms.katalon.core.main.ScriptEngine.runScriptAsRawText(ScriptEngine.java:119)
	at com.kms.katalon.core.main.TestCaseExecutor.runScript(TestCaseExecutor.java:448)
	at com.kms.katalon.core.main.TestCaseExecutor.doExecute(TestCaseExecutor.java:439)
	at com.kms.katalon.core.main.TestCaseExecutor.processExecutionPhase(TestCaseExecutor.java:418)
	at com.kms.katalon.core.main.TestCaseExecutor.accessMainPhase(TestCaseExecutor.java:410)
	at com.kms.katalon.core.main.TestCaseExecutor.execute(TestCaseExecutor.java:285)
	at com.kms.katalon.core.main.TestCaseMain.runTestCase(TestCaseMain.java:144)
	at com.kms.katalon.core.keyword.builtin.CallTestCaseKeyword$_callTestCase_closure1.doCall(CallTestCaseKeyword.groovy:59)
	at com.kms.katalon.core.keyword.builtin.CallTestCaseKeyword$_callTestCase_closure1.call(CallTestCaseKeyword.groovy)
	at com.kms.katalon.core.keyword.internal.KeywordMain.runKeyword(KeywordMain.groovy:75)
	at com.kms.katalon.core.keyword.builtin.CallTestCaseKeyword.callTestCase(CallTestCaseKeyword.groovy:81)
	at com.kms.katalon.core.keyword.builtin.CallTestCaseKeyword.execute(CallTestCaseKeyword.groovy:44)
	at com.kms.katalon.core.keyword.internal.KeywordExecutor.executeKeywordForPlatform(KeywordExecutor.groovy:74)
	at com.kms.katalon.core.keyword.BuiltinKeywords.callTestCase(BuiltinKeywords.groovy:310)
	at PBY-001.run(PBY-001:20)
	at com.kms.katalon.core.main.ScriptEngine.run(ScriptEngine.java:194)
	at com.kms.katalon.core.main.ScriptEngine.runScriptAsRawText(ScriptEngine.java:119)
	at com.kms.katalon.core.main.TestCaseExecutor.runScript(TestCaseExecutor.java:448)
	at com.kms.katalon.core.main.TestCaseExecutor.doExecute(TestCaseExecutor.java:439)
	at com.kms.katalon.core.main.TestCaseExecutor.processExecutionPhase(TestCaseExecutor.java:418)
	at com.kms.katalon.core.main.TestCaseExecutor.accessMainPhase(TestCaseExecutor.java:410)
	at com.kms.katalon.core.main.TestCaseExecutor.execute(TestCaseExecutor.java:285)
	at com.kms.katalon.core.main.TestCaseMain.runTestCase(TestCaseMain.java:144)
	at com.kms.katalon.core.keyword.builtin.CallTestCaseKeyword$_callTestCase_closure1.doCall(CallTestCaseKeyword.groovy:59)
	at com.kms.katalon.core.keyword.builtin.CallTestCaseKeyword$_callTestCase_closure1.call(CallTestCaseKeyword.groovy)
	at com.kms.katalon.core.keyword.internal.KeywordMain.runKeyword(KeywordMain.groovy:75)
	at com.kms.katalon.core.keyword.builtin.CallTestCaseKeyword.callTestCase(CallTestCaseKeyword.groovy:81)
	at com.kms.katalon.core.keyword.builtin.CallTestCaseKeyword.execute(CallTestCaseKeyword.groovy:44)
	at com.kms.katalon.core.keyword.internal.KeywordExecutor.executeKeywordForPlatform(KeywordExecutor.groovy:74)
	at com.kms.katalon.core.keyword.BuiltinKeywords.callTestCase(BuiltinKeywords.groovy:310)
	at PBY-004.run(PBY-004:20)
	at com.kms.katalon.core.main.ScriptEngine.run(ScriptEngine.java:194)
	at com.kms.katalon.core.main.ScriptEngine.runScriptAsRawText(ScriptEngine.java:119)
	at com.kms.katalon.core.main.TestCaseExecutor.runScript(TestCaseExecutor.java:448)
	at com.kms.katalon.core.main.TestCaseExecutor.doExecute(TestCaseExecutor.java:439)
	at com.kms.katalon.core.main.TestCaseExecutor.processExecutionPhase(TestCaseExecutor.java:418)
	at com.kms.katalon.core.main.TestCaseExecutor.accessMainPhase(TestCaseExecutor.java:410)
	at com.kms.katalon.core.main.TestCaseExecutor.execute(TestCaseExecutor.java:285)
	at com.kms.katalon.core.main.TestCaseMain.runTestCase(TestCaseMain.java:144)
	at com.kms.katalon.core.keyword.builtin.CallTestCaseKeyword$_callTestCase_closure1.doCall(CallTestCaseKeyword.groovy:59)
	at com.kms.katalon.core.keyword.builtin.CallTestCaseKeyword$_callTestCase_closure1.call(CallTestCaseKeyword.groovy)
	at com.kms.katalon.core.keyword.internal.KeywordMain.runKeyword(KeywordMain.groovy:75)
	at com.kms.katalon.core.keyword.builtin.CallTestCaseKeyword.callTestCase(CallTestCaseKeyword.groovy:81)
	at com.kms.katalon.core.keyword.builtin.CallTestCaseKeyword.execute(CallTestCaseKeyword.groovy:44)
	at com.kms.katalon.core.keyword.internal.KeywordExecutor.executeKeywordForPlatform(KeywordExecutor.groovy:74)
	at com.kms.katalon.core.keyword.BuiltinKeywords.callTestCase(BuiltinKeywords.groovy:310)
	at PBYA-001.run(PBYA-001:20)
	at com.kms.katalon.core.main.ScriptEngine.run(ScriptEngine.java:194)
	at com.kms.katalon.core.main.ScriptEngine.runScriptAsRawText(ScriptEngine.java:119)
	at com.kms.katalon.core.main.TestCaseExecutor.runScript(TestCaseExecutor.java:448)
	at com.kms.katalon.core.main.TestCaseExecutor.doExecute(TestCaseExecutor.java:439)
	at com.kms.katalon.core.main.TestCaseExecutor.processExecutionPhase(TestCaseExecutor.java:418)
	at com.kms.katalon.core.main.TestCaseExecutor.accessMainPhase(TestCaseExecutor.java:410)
	at com.kms.katalon.core.main.TestCaseExecutor.execute(TestCaseExecutor.java:285)
	at com.kms.katalon.core.main.TestCaseMain.runTestCase(TestCaseMain.java:144)
	at com.kms.katalon.core.keyword.builtin.CallTestCaseKeyword$_callTestCase_closure1.doCall(CallTestCaseKeyword.groovy:59)
	at com.kms.katalon.core.keyword.builtin.CallTestCaseKeyword$_callTestCase_closure1.call(CallTestCaseKeyword.groovy)
	at com.kms.katalon.core.keyword.internal.KeywordMain.runKeyword(KeywordMain.groovy:75)
	at com.kms.katalon.core.keyword.builtin.CallTestCaseKeyword.callTestCase(CallTestCaseKeyword.groovy:81)
	at com.kms.katalon.core.keyword.builtin.CallTestCaseKeyword.execute(CallTestCaseKeyword.groovy:44)
	at com.kms.katalon.core.keyword.internal.KeywordExecutor.executeKeywordForPlatform(KeywordExecutor.groovy:74)
	at com.kms.katalon.core.keyword.BuiltinKeywords.callTestCase(BuiltinKeywords.groovy:310)
	at SA-001.run(SA-001:20)
	at com.kms.katalon.core.main.ScriptEngine.run(ScriptEngine.java:194)
	at com.kms.katalon.core.main.ScriptEngine.runScriptAsRawText(ScriptEngine.java:119)
	at com.kms.katalon.core.main.TestCaseExecutor.runScript(TestCaseExecutor.java:448)
	at com.kms.katalon.core.main.TestCaseExecutor.doExecute(TestCaseExecutor.java:439)
	at com.kms.katalon.core.main.TestCaseExecutor.processExecutionPhase(TestCaseExecutor.java:418)
	at com.kms.katalon.core.main.TestCaseExecutor.accessMainPhase(TestCaseExecutor.java:410)
	at com.kms.katalon.core.main.TestCaseExecutor.execute(TestCaseExecutor.java:285)
	at com.kms.katalon.core.main.TestCaseMain.runTestCase(TestCaseMain.java:144)
	at com.kms.katalon.core.keyword.builtin.CallTestCaseKeyword$_callTestCase_closure1.doCall(CallTestCaseKeyword.groovy:59)
	at com.kms.katalon.core.keyword.builtin.CallTestCaseKeyword$_callTestCase_closure1.call(CallTestCaseKeyword.groovy)
	at com.kms.katalon.core.keyword.internal.KeywordMain.runKeyword(KeywordMain.groovy:75)
	at com.kms.katalon.core.keyword.builtin.CallTestCaseKeyword.callTestCase(CallTestCaseKeyword.groovy:81)
	at com.kms.katalon.core.keyword.builtin.CallTestCaseKeyword.execute(CallTestCaseKeyword.groovy:44)
	at com.kms.katalon.core.keyword.internal.KeywordExecutor.executeKeywordForPlatform(KeywordExecutor.groovy:74)
	at com.kms.katalon.core.keyword.BuiltinKeywords.callTestCase(BuiltinKeywords.groovy:310)
	at SA-002.run(SA-002:20)
	at com.kms.katalon.core.main.ScriptEngine.run(ScriptEngine.java:194)
	at com.kms.katalon.core.main.ScriptEngine.runScriptAsRawText(ScriptEngine.java:119)
	at com.kms.katalon.core.main.TestCaseExecutor.runScript(TestCaseExecutor.java:448)
	at com.kms.katalon.core.main.TestCaseExecutor.doExecute(TestCaseExecutor.java:439)
	at com.kms.katalon.core.main.TestCaseExecutor.processExecutionPhase(TestCaseExecutor.java:418)
	at com.kms.katalon.core.main.TestCaseExecutor.accessMainPhase(TestCaseExecutor.java:410)
	at com.kms.katalon.core.main.TestCaseExecutor.execute(TestCaseExecutor.java:285)
	at com.kms.katalon.core.main.TestCaseMain.runTestCase(TestCaseMain.java:144)
	at com.kms.katalon.core.keyword.builtin.CallTestCaseKeyword$_callTestCase_closure1.doCall(CallTestCaseKeyword.groovy:59)
	at com.kms.katalon.core.keyword.builtin.CallTestCaseKeyword$_callTestCase_closure1.call(CallTestCaseKeyword.groovy)
	at com.kms.katalon.core.keyword.internal.KeywordMain.runKeyword(KeywordMain.groovy:75)
	at com.kms.katalon.core.keyword.builtin.CallTestCaseKeyword.callTestCase(CallTestCaseKeyword.groovy:81)
	at com.kms.katalon.core.keyword.builtin.CallTestCaseKeyword.execute(CallTestCaseKeyword.groovy:44)
	at com.kms.katalon.core.keyword.internal.KeywordExecutor.executeKeywordForPlatform(KeywordExecutor.groovy:74)
	at com.kms.katalon.core.keyword.BuiltinKeywords.callTestCase(BuiltinKeywords.groovy:310)
	at SA-003.run(SA-003:20)
	at com.kms.katalon.core.main.ScriptEngine.run(ScriptEngine.java:194)
	at com.kms.katalon.core.main.ScriptEngine.runScriptAsRawText(ScriptEngine.java:119)
	at com.kms.katalon.core.main.TestCaseExecutor.runScript(TestCaseExecutor.java:448)
	at com.kms.katalon.core.main.TestCaseExecutor.doExecute(TestCaseExecutor.java:439)
	at com.kms.katalon.core.main.TestCaseExecutor.processExecutionPhase(TestCaseExecutor.java:418)
	at com.kms.katalon.core.main.TestCaseExecutor.accessMainPhase(TestCaseExecutor.java:410)
	at com.kms.katalon.core.main.TestCaseExecutor.execute(TestCaseExecutor.java:285)
	at com.kms.katalon.core.main.TestCaseMain.runTestCase(TestCaseMain.java:144)
	at com.kms.katalon.core.keyword.builtin.CallTestCaseKeyword$_callTestCase_closure1.doCall(CallTestCaseKeyword.groovy:59)
	at com.kms.katalon.core.keyword.builtin.CallTestCaseKeyword$_callTestCase_closure1.call(CallTestCaseKeyword.groovy)
	at com.kms.katalon.core.keyword.internal.KeywordMain.runKeyword(KeywordMain.groovy:75)
	at com.kms.katalon.core.keyword.builtin.CallTestCaseKeyword.callTestCase(CallTestCaseKeyword.groovy:81)
	at com.kms.katalon.core.keyword.builtin.CallTestCaseKeyword.execute(CallTestCaseKeyword.groovy:44)
	at com.kms.katalon.core.keyword.internal.KeywordExecutor.executeKeywordForPlatform(KeywordExecutor.groovy:74)
	at com.kms.katalon.core.keyword.BuiltinKeywords.callTestCase(BuiltinKeywords.groovy:310)
	at SU-010.run(SU-010:20)
	at com.kms.katalon.core.main.ScriptEngine.run(ScriptEngine.java:194)
	at com.kms.katalon.core.main.ScriptEngine.runScriptAsRawText(ScriptEngine.java:119)
	at com.kms.katalon.core.main.TestCaseExecutor.runScript(TestCaseExecutor.java:448)
	at com.kms.katalon.core.main.TestCaseExecutor.doExecute(TestCaseExecutor.java:439)
	at com.kms.katalon.core.main.TestCaseExecutor.processExecutionPhase(TestCaseExecutor.java:418)
	at com.kms.katalon.core.main.TestCaseExecutor.accessMainPhase(TestCaseExecutor.java:410)
	at com.kms.katalon.core.main.TestCaseExecutor.execute(TestCaseExecutor.java:285)
	at com.kms.katalon.core.common.CommonExecutor.accessTestCaseMainPhase(CommonExecutor.java:65)
	at com.kms.katalon.core.main.TestSuiteExecutor.accessTestSuiteMainPhase(TestSuiteExecutor.java:148)
	at com.kms.katalon.core.main.TestSuiteExecutor.execute(TestSuiteExecutor.java:106)
	at com.kms.katalon.core.main.TestCaseMain.startTestSuite(TestCaseMain.java:187)
	at com.kms.katalon.core.main.TestCaseMain$startTestSuite$0.call(Unknown Source)
	at TempTestSuite1696420804604.run(TempTestSuite1696420804604.groovy:36)
Caused by: org.openqa.selenium.ElementNotInteractableException: Element <a class="ps-btn ps-btn--fullwidth" href="https://10.9.2.63/ecommerce/produk/keranjang"> could not be scrolled into view
Build info: version: '3.141.59', revision: 'e82be7d358', time: '2018-11-14T08:25:53'
System info: host: 'DESKTOP-H62FVJ8', ip: '10.9.2.72', os.name: 'Windows 10', os.arch: 'amd64', os.version: '10.0', java.version: '1.8.0_362'
Driver info: com.kms.katalon.core.webui.driver.firefox.CGeckoDriver
Capabilities {acceptInsecureCerts: true, browserName: firefox, browserVersion: 117.0.1, javascriptEnabled: true, moz:accessibilityChecks: false, moz:buildID: 20230912013654, moz:geckodriverVersion: 0.33.0, moz:headless: false, moz:platformVersion: 10.0, moz:processID: 17188, moz:profile: C:\Users\IRFAN\AppData\Loca..., moz:shutdownTimeout: 60000, moz:webdriverClick: true, moz:windowless: false, pageLoadStrategy: normal, platform: WINDOWS, platformName: WINDOWS, proxy: Proxy(direct), setWindowRect: true, strictFileInteractability: false, timeouts: {implicit: 0, pageLoad: 300000, script: 30000}, unhandledPromptBehavior: dismiss and notify}
Session ID: 04cf3b6c-2b0e-450a-a181-9467d554da97
	at org.openqa.selenium.remote.http.W3CHttpResponseCodec.createException(W3CHttpResponseCodec.java:187)
	at org.openqa.selenium.remote.http.W3CHttpResponseCodec.decode(W3CHttpResponseCodec.java:122)
	at org.openqa.selenium.remote.http.W3CHttpResponseCodec.decode(W3CHttpResponseCodec.java:49)
	at org.openqa.selenium.remote.HttpCommandExecutor.execute(HttpCommandExecutor.java:158)
	at org.openqa.selenium.remote.service.DriverCommandExecutor.execute(DriverCommandExecutor.java:83)
	at org.openqa.selenium.remote.RemoteWebDriver.execute(RemoteWebDriver.java:552)
	at com.kms.katalon.selenium.driver.CFirefoxDriver.execute(CFirefoxDriver.java:27)
	at org.openqa.selenium.remote.RemoteWebElement.execute(RemoteWebElement.java:285)
	at org.openqa.selenium.remote.RemoteWebElement.click(RemoteWebElement.java:84)
	at org.openqa.selenium.support.events.EventFiringWebDriver$EventFiringWebElement.lambda$new$0(EventFiringWebDriver.java:404)
	at com.sun.proxy.$Proxy11.click(Unknown Source)
	at org.openqa.selenium.support.events.EventFiringWebDriver$EventFiringWebElement.click(EventFiringWebDriver.java:417)
	at org.openqa.selenium.WebElement$click.call(Unknown Source)
	at com.kms.katalon.core.webui.keyword.builtin.ClickKeyword.clickUntilSuccessWithTimeout(ClickKeyword.groovy:81)
	at com.kms.katalon.core.webui.keyword.builtin.ClickKeyword.clickUntilSuccessWithTimeout(ClickKeyword.groovy)
	at com.kms.katalon.core.webui.keyword.builtin.ClickKeyword$_click_closure1.doCall(ClickKeyword.groovy:67)
	at com.kms.katalon.core.webui.keyword.builtin.ClickKeyword$_click_closure1.call(ClickKeyword.groovy)
	at com.kms.katalon.core.webui.keyword.internal.WebUIKeywordMain.runKeyword(WebUIKeywordMain.groovy:20)
	at com.kms.katalon.core.webui.keyword.builtin.ClickKeyword.click(ClickKeyword.groovy:74)
	at com.kms.katalon.core.webui.keyword.builtin.ClickKeyword.execute(ClickKeyword.groovy:40)
	at com.kms.katalon.core.keyword.internal.KeywordExecutor.executeKeywordForPlatform(KeywordExecutor.groovy:74)
	at com.kms.katalon.core.webui.keyword.WebUiBuiltInKeywords.click(WebUiBuiltInKeywords.groovy:620)
	at com.kms.katalon.core.webui.keyword.WebUiBuiltInKeywords$click$2.call(Unknown Source)
	at Script1695957351890.run(Script1695957351890.groovy:25)
	at com.kms.katalon.core.main.ScriptEngine.run(ScriptEngine.java:194)
	at com.kms.katalon.core.main.ScriptEngine.runScriptAsRawText(ScriptEngine.java:119)
	at com.kms.katalon.core.main.TestCaseExecutor.runScript(TestCaseExecutor.java:448)
	at com.kms.katalon.core.main.TestCaseExecutor.doExecute(TestCaseExecutor.java:439)
	at com.kms.katalon.core.main.TestCaseExecutor.processExecutionPhase(TestCaseExecutor.java:418)
	at com.kms.katalon.core.main.TestCaseExecutor.accessMainPhase(TestCaseExecutor.java:410)
	at com.kms.katalon.core.main.TestCaseExecutor.execute(TestCaseExecutor.java:285)
	at com.kms.katalon.core.main.TestCaseMain.runTestCase(TestCaseMain.java:144)
	at com.kms.katalon.core.keyword.builtin.CallTestCaseKeyword$_callTestCase_closure1.doCall(CallTestCaseKeyword.groovy:59)
	at com.kms.katalon.core.keyword.builtin.CallTestCaseKeyword$_callTestCase_closure1.call(CallTestCaseKeyword.groovy)
	at com.kms.katalon.core.keyword.internal.KeywordMain.runKeyword(KeywordMain.groovy:75)
	at com.kms.katalon.core.keyword.builtin.CallTestCaseKeyword.callTestCase(CallTestCaseKeyword.groovy:81)
	at com.kms.katalon.core.keyword.builtin.CallTestCaseKeyword.execute(CallTestCaseKeyword.groovy:44)
	at com.kms.katalon.core.keyword.internal.KeywordExecutor.executeKeywordForPlatform(KeywordExecutor.groovy:74)
	at com.kms.katalon.core.keyword.BuiltinKeywords.callTestCase(BuiltinKeywords.groovy:310)
	at Script1695957634003.run(Script1695957634003.groovy:20)
	at com.kms.katalon.core.main.ScriptEngine.run(ScriptEngine.java:194)
	at com.kms.katalon.core.main.ScriptEngine.runScriptAsRawText(ScriptEngine.java:119)
	at com.kms.katalon.core.main.TestCaseExecutor.runScript(TestCaseExecutor.java:448)
	at com.kms.katalon.core.main.TestCaseExecutor.doExecute(TestCaseExecutor.java:439)
	at com.kms.katalon.core.main.TestCaseExecutor.processExecutionPhase(TestCaseExecutor.java:418)
	at com.kms.katalon.core.main.TestCaseExecutor.accessMainPhase(TestCaseExecutor.java:410)
	at com.kms.katalon.core.main.TestCaseExecutor.execute(TestCaseExecutor.java:285)
	at com.kms.katalon.core.main.TestCaseMain.runTestCase(TestCaseMain.java:144)
	at com.kms.katalon.core.keyword.builtin.CallTestCaseKeyword$_callTestCase_closure1.doCall(CallTestCaseKeyword.groovy:59)
	at com.kms.katalon.core.keyword.builtin.CallTestCaseKeyword$_callTestCase_closure1.call(CallTestCaseKeyword.groovy)
	at com.kms.katalon.core.keyword.internal.KeywordMain.runKeyword(KeywordMain.groovy:75)
	at com.kms.katalon.core.keyword.builtin.CallTestCaseKeyword.callTestCase(CallTestCaseKeyword.groovy:81)
	at com.kms.katalon.core.keyword.builtin.CallTestCaseKeyword.execute(CallTestCaseKeyword.groovy:44)
	at com.kms.katalon.core.keyword.internal.KeywordExecutor.executeKeywordForPlatform(KeywordExecutor.groovy:74)
	at com.kms.katalon.core.keyword.BuiltinKeywords.callTestCase(BuiltinKeywords.groovy:310)
	at Script1695957898449.run(Script1695957898449.groovy:20)
	at com.kms.katalon.core.main.ScriptEngine.run(ScriptEngine.java:194)
	at com.kms.katalon.core.main.ScriptEngine.runScriptAsRawText(ScriptEngine.java:119)
	at com.kms.katalon.core.main.TestCaseExecutor.runScript(TestCaseExecutor.java:448)
	at com.kms.katalon.core.main.TestCaseExecutor.doExecute(TestCaseExecutor.java:439)
	at com.kms.katalon.core.main.TestCaseExecutor.processExecutionPhase(TestCaseExecutor.java:418)
	at com.kms.katalon.core.main.TestCaseExecutor.accessMainPhase(TestCaseExecutor.java:410)
	at com.kms.katalon.core.main.TestCaseExecutor.execute(TestCaseExecutor.java:285)
	at com.kms.katalon.core.main.TestCaseMain.runTestCase(TestCaseMain.java:144)
	at com.kms.katalon.core.keyword.builtin.CallTestCaseKeyword$_callTestCase_closure1.doCall(CallTestCaseKeyword.groovy:59)
	at com.kms.katalon.core.keyword.builtin.CallTestCaseKeyword$_callTestCase_closure1.call(CallTestCaseKeyword.groovy)
	at com.kms.katalon.core.keyword.internal.KeywordMain.runKeyword(KeywordMain.groovy:75)
	at com.kms.katalon.core.keyword.builtin.CallTestCaseKeyword.callTestCase(CallTestCaseKeyword.groovy:81)
	at com.kms.katalon.core.keyword.builtin.CallTestCaseKeyword.execute(CallTestCaseKeyword.groovy:44)
	at com.kms.katalon.core.keyword.internal.KeywordExecutor.executeKeywordForPlatform(KeywordExecutor.groovy:74)
	at com.kms.katalon.core.keyword.BuiltinKeywords.callTestCase(BuiltinKeywords.groovy:310)
	at Script1695958134162.run(Script1695958134162.groovy:20)
	at com.kms.katalon.core.main.ScriptEngine.run(ScriptEngine.java:194)
	at com.kms.katalon.core.main.ScriptEngine.runScriptAsRawText(ScriptEngine.java:119)
	at com.kms.katalon.core.main.TestCaseExecutor.runScript(TestCaseExecutor.java:448)
	at com.kms.katalon.core.main.TestCaseExecutor.doExecute(TestCaseExecutor.java:439)
	at com.kms.katalon.core.main.TestCaseExecutor.processExecutionPhase(TestCaseExecutor.java:418)
	at com.kms.katalon.core.main.TestCaseExecutor.accessMainPhase(TestCaseExecutor.java:410)
	at com.kms.katalon.core.main.TestCaseExecutor.execute(TestCaseExecutor.java:285)
	at com.kms.katalon.core.main.TestCaseMain.runTestCase(TestCaseMain.java:144)
	at com.kms.katalon.core.keyword.builtin.CallTestCaseKeyword$_callTestCase_closure1.doCall(CallTestCaseKeyword.groovy:59)
	at com.kms.katalon.core.keyword.builtin.CallTestCaseKeyword$_callTestCase_closure1.call(CallTestCaseKeyword.groovy)
	at com.kms.katalon.core.keyword.internal.KeywordMain.runKeyword(KeywordMain.groovy:75)
	at com.kms.katalon.core.keyword.builtin.CallTestCaseKeyword.callTestCase(CallTestCaseKeyword.groovy:81)
	at com.kms.katalon.core.keyword.builtin.CallTestCaseKeyword.execute(CallTestCaseKeyword.groovy:44)
	at com.kms.katalon.core.keyword.internal.KeywordExecutor.executeKeywordForPlatform(KeywordExecutor.groovy:74)
	at com.kms.katalon.core.keyword.BuiltinKeywords.callTestCase(BuiltinKeywords.groovy:310)
	at Script1695958536957.run(Script1695958536957.groovy:20)
	at com.kms.katalon.core.main.ScriptEngine.run(ScriptEngine.java:194)
	at com.kms.katalon.core.main.ScriptEngine.runScriptAsRawText(ScriptEngine.java:119)
	at com.kms.katalon.core.main.TestCaseExecutor.runScript(TestCaseExecutor.java:448)
	at com.kms.katalon.core.main.TestCaseExecutor.doExecute(TestCaseExecutor.java:439)
	at com.kms.katalon.core.main.TestCaseExecutor.processExecutionPhase(TestCaseExecutor.java:418)
	at com.kms.katalon.core.main.TestCaseExecutor.accessMainPhase(TestCaseExecutor.java:410)
	at com.kms.katalon.core.main.TestCaseExecutor.execute(TestCaseExecutor.java:285)
	at com.kms.katalon.core.main.TestCaseMain.runTestCase(TestCaseMain.java:144)
	at com.kms.katalon.core.keyword.builtin.CallTestCaseKeyword$_callTestCase_closure1.doCall(CallTestCaseKeyword.groovy:59)
	at com.kms.katalon.core.keyword.builtin.CallTestCaseKeyword$_callTestCase_closure1.call(CallTestCaseKeyword.groovy)
	at com.kms.katalon.core.keyword.internal.KeywordMain.runKeyword(KeywordMain.groovy:75)
	at com.kms.katalon.core.keyword.builtin.CallTestCaseKeyword.callTestCase(CallTestCaseKeyword.groovy:81)
	at com.kms.katalon.core.keyword.builtin.CallTestCaseKeyword.execute(CallTestCaseKeyword.groovy:44)
	at com.kms.katalon.core.keyword.internal.KeywordExecutor.executeKeywordForPlatform(KeywordExecutor.groovy:74)
	at com.kms.katalon.core.keyword.BuiltinKeywords.callTestCase(BuiltinKeywords.groovy:310)
	at Script1695958721803.run(Script1695958721803.groovy:20)
	at com.kms.katalon.core.main.ScriptEngine.run(ScriptEngine.java:194)
	at com.kms.katalon.core.main.ScriptEngine.runScriptAsRawText(ScriptEngine.java:119)
	at com.kms.katalon.core.main.TestCaseExecutor.runScript(TestCaseExecutor.java:448)
	at com.kms.katalon.core.main.TestCaseExecutor.doExecute(TestCaseExecutor.java:439)
	at com.kms.katalon.core.main.TestCaseExecutor.processExecutionPhase(TestCaseExecutor.java:418)
	at com.kms.katalon.core.main.TestCaseExecutor.accessMainPhase(TestCaseExecutor.java:410)
	at com.kms.katalon.core.main.TestCaseExecutor.execute(TestCaseExecutor.java:285)
	at com.kms.katalon.core.main.TestCaseMain.runTestCase(TestCaseMain.java:144)
	at com.kms.katalon.core.keyword.builtin.CallTestCaseKeyword$_callTestCase_closure1.doCall(CallTestCaseKeyword.groovy:59)
	at com.kms.katalon.core.keyword.builtin.CallTestCaseKeyword$_callTestCase_closure1.call(CallTestCaseKeyword.groovy)
	at com.kms.katalon.core.keyword.internal.KeywordMain.runKeyword(KeywordMain.groovy:75)
	at com.kms.katalon.core.keyword.builtin.CallTestCaseKeyword.callTestCase(CallTestCaseKeyword.groovy:81)
	at com.kms.katalon.core.keyword.builtin.CallTestCaseKeyword.execute(CallTestCaseKeyword.groovy:44)
	at com.kms.katalon.core.keyword.internal.KeywordExecutor.executeKeywordForPlatform(KeywordExecutor.groovy:74)
	at com.kms.katalon.core.keyword.BuiltinKeywords.callTestCase(BuiltinKeywords.groovy:310)
	at Script1695958728937.run(Script1695958728937.groovy:20)
	at com.kms.katalon.core.main.ScriptEngine.run(ScriptEngine.java:194)
	at com.kms.katalon.core.main.ScriptEngine.runScriptAsRawText(ScriptEngine.java:119)
	at com.kms.katalon.core.main.TestCaseExecutor.runScript(TestCaseExecutor.java:448)
	at com.kms.katalon.core.main.TestCaseExecutor.doExecute(TestCaseExecutor.java:439)
	at com.kms.katalon.core.main.TestCaseExecutor.processExecutionPhase(TestCaseExecutor.java:418)
	at com.kms.katalon.core.main.TestCaseExecutor.accessMainPhase(TestCaseExecutor.java:410)
	at com.kms.katalon.core.main.TestCaseExecutor.execute(TestCaseExecutor.java:285)
	at com.kms.katalon.core.main.TestCaseMain.runTestCase(TestCaseMain.java:144)
	at com.kms.katalon.core.keyword.builtin.CallTestCaseKeyword$_callTestCase_closure1.doCall(CallTestCaseKeyword.groovy:59)
	at com.kms.katalon.core.keyword.builtin.CallTestCaseKeyword$_callTestCase_closure1.call(CallTestCaseKeyword.groovy)
	at com.kms.katalon.core.keyword.internal.KeywordMain.runKeyword(KeywordMain.groovy:75)
	at com.kms.katalon.core.keyword.builtin.CallTestCaseKeyword.callTestCase(CallTestCaseKeyword.groovy:81)
	at com.kms.katalon.core.keyword.builtin.CallTestCaseKeyword.execute(CallTestCaseKeyword.groovy:44)
	at com.kms.katalon.core.keyword.internal.KeywordExecutor.executeKeywordForPlatform(KeywordExecutor.groovy:74)
	at com.kms.katalon.core.keyword.BuiltinKeywords.callTestCase(BuiltinKeywords.groovy:310)
	at Script1695958735486.run(Script1695958735486.groovy:20)
	at com.kms.katalon.core.main.ScriptEngine.run(ScriptEngine.java:194)
	at com.kms.katalon.core.main.ScriptEngine.runScriptAsRawText(ScriptEngine.java:119)
	at com.kms.katalon.core.main.TestCaseExecutor.runScript(TestCaseExecutor.java:448)
	at com.kms.katalon.core.main.TestCaseExecutor.doExecute(TestCaseExecutor.java:439)
	at com.kms.katalon.core.main.TestCaseExecutor.processExecutionPhase(TestCaseExecutor.java:418)
	at com.kms.katalon.core.main.TestCaseExecutor.accessMainPhase(TestCaseExecutor.java:410)
	at com.kms.katalon.core.main.TestCaseExecutor.execute(TestCaseExecutor.java:285)
	at com.kms.katalon.core.main.TestCaseMain.runTestCase(TestCaseMain.java:144)
	at com.kms.katalon.core.keyword.builtin.CallTestCaseKeyword$_callTestCase_closure1.doCall(CallTestCaseKeyword.groovy:59)
	at com.kms.katalon.core.keyword.builtin.CallTestCaseKeyword$_callTestCase_closure1.call(CallTestCaseKeyword.groovy)
	at com.kms.katalon.core.keyword.internal.KeywordMain.runKeyword(KeywordMain.groovy:75)
	at com.kms.katalon.core.keyword.builtin.CallTestCaseKeyword.callTestCase(CallTestCaseKeyword.groovy:81)
	at com.kms.katalon.core.keyword.builtin.CallTestCaseKeyword.execute(CallTestCaseKeyword.groovy:44)
	at com.kms.katalon.core.keyword.internal.KeywordExecutor.executeKeywordForPlatform(KeywordExecutor.groovy:74)
	at com.kms.katalon.core.keyword.BuiltinKeywords.callTestCase(BuiltinKeywords.groovy:310)
	at Script1696215764987.run(Script1696215764987.groovy:20)
	... 13 more
)
[[ATTACHMENT|D:\\BOOTCAMP XSIS\\Projek 2 MINI PROJEK\\Reports\\20231004_190004\\T13 Pembelian, Shipment dan Pembayaran\\T13 Pembelian, Shipment dan Pembayaran\\20231004_190004\\1696424262206.png]]

2023-10-04 19:57:42 - [MESSAGE][FAILED] - Unable to call Test Case 'Test Cases/T13 Pembelian, Shipment dan Pembayaran/PBL-002' (Root cause: com.kms.katalon.core.exception.StepFailedException: Call Test Case 'Test Cases/T13 Pembelian, Shipment dan Pembayaran/PBL-002' failed
	at com.kms.katalon.core.keyword.builtin.CallTestCaseKeyword$_callTestCase_closure1.doCall(CallTestCaseKeyword.groovy:63)
	at com.kms.katalon.core.keyword.builtin.CallTestCaseKeyword$_callTestCase_closure1.call(CallTestCaseKeyword.groovy)
	at com.kms.katalon.core.keyword.internal.KeywordMain.runKeyword(KeywordMain.groovy:75)
	at com.kms.katalon.core.keyword.builtin.CallTestCaseKeyword.callTestCase(CallTestCaseKeyword.groovy:81)
	at com.kms.katalon.core.keyword.builtin.CallTestCaseKeyword.execute(CallTestCaseKeyword.groovy:44)
	at com.kms.katalon.core.keyword.internal.KeywordExecutor.executeKeywordForPlatform(KeywordExecutor.groovy:74)
	at com.kms.katalon.core.keyword.BuiltinKeywords.callTestCase(BuiltinKeywords.groovy:310)
	at PBL-004.run(PBL-004:20)
	at com.kms.katalon.core.main.ScriptEngine.run(ScriptEngine.java:194)
	at com.kms.katalon.core.main.ScriptEngine.runScriptAsRawText(ScriptEngine.java:119)
	at com.kms.katalon.core.main.TestCaseExecutor.runScript(TestCaseExecutor.java:448)
	at com.kms.katalon.core.main.TestCaseExecutor.doExecute(TestCaseExecutor.java:439)
	at com.kms.katalon.core.main.TestCaseExecutor.processExecutionPhase(TestCaseExecutor.java:418)
	at com.kms.katalon.core.main.TestCaseExecutor.accessMainPhase(TestCaseExecutor.java:410)
	at com.kms.katalon.core.main.TestCaseExecutor.execute(TestCaseExecutor.java:285)
	at com.kms.katalon.core.main.TestCaseMain.runTestCase(TestCaseMain.java:144)
	at com.kms.katalon.core.keyword.builtin.CallTestCaseKeyword$_callTestCase_closure1.doCall(CallTestCaseKeyword.groovy:59)
	at com.kms.katalon.core.keyword.builtin.CallTestCaseKeyword$_callTestCase_closure1.call(CallTestCaseKeyword.groovy)
	at com.kms.katalon.core.keyword.internal.KeywordMain.runKeyword(KeywordMain.groovy:75)
	at com.kms.katalon.core.keyword.builtin.CallTestCaseKeyword.callTestCase(CallTestCaseKeyword.groovy:81)
	at com.kms.katalon.core.keyword.builtin.CallTestCaseKeyword.execute(CallTestCaseKeyword.groovy:44)
	at com.kms.katalon.core.keyword.internal.KeywordExecutor.executeKeywordForPlatform(KeywordExecutor.groovy:74)
	at com.kms.katalon.core.keyword.BuiltinKeywords.callTestCase(BuiltinKeywords.groovy:310)
	at PBY-001.run(PBY-001:20)
	at com.kms.katalon.core.main.ScriptEngine.run(ScriptEngine.java:194)
	at com.kms.katalon.core.main.ScriptEngine.runScriptAsRawText(ScriptEngine.java:119)
	at com.kms.katalon.core.main.TestCaseExecutor.runScript(TestCaseExecutor.java:448)
	at com.kms.katalon.core.main.TestCaseExecutor.doExecute(TestCaseExecutor.java:439)
	at com.kms.katalon.core.main.TestCaseExecutor.processExecutionPhase(TestCaseExecutor.java:418)
	at com.kms.katalon.core.main.TestCaseExecutor.accessMainPhase(TestCaseExecutor.java:410)
	at com.kms.katalon.core.main.TestCaseExecutor.execute(TestCaseExecutor.java:285)
	at com.kms.katalon.core.main.TestCaseMain.runTestCase(TestCaseMain.java:144)
	at com.kms.katalon.core.keyword.builtin.CallTestCaseKeyword$_callTestCase_closure1.doCall(CallTestCaseKeyword.groovy:59)
	at com.kms.katalon.core.keyword.builtin.CallTestCaseKeyword$_callTestCase_closure1.call(CallTestCaseKeyword.groovy)
	at com.kms.katalon.core.keyword.internal.KeywordMain.runKeyword(KeywordMain.groovy:75)
	at com.kms.katalon.core.keyword.builtin.CallTestCaseKeyword.callTestCase(CallTestCaseKeyword.groovy:81)
	at com.kms.katalon.core.keyword.builtin.CallTestCaseKeyword.execute(CallTestCaseKeyword.groovy:44)
	at com.kms.katalon.core.keyword.internal.KeywordExecutor.executeKeywordForPlatform(KeywordExecutor.groovy:74)
	at com.kms.katalon.core.keyword.BuiltinKeywords.callTestCase(BuiltinKeywords.groovy:310)
	at PBY-004.run(PBY-004:20)
	at com.kms.katalon.core.main.ScriptEngine.run(ScriptEngine.java:194)
	at com.kms.katalon.core.main.ScriptEngine.runScriptAsRawText(ScriptEngine.java:119)
	at com.kms.katalon.core.main.TestCaseExecutor.runScript(TestCaseExecutor.java:448)
	at com.kms.katalon.core.main.TestCaseExecutor.doExecute(TestCaseExecutor.java:439)
	at com.kms.katalon.core.main.TestCaseExecutor.processExecutionPhase(TestCaseExecutor.java:418)
	at com.kms.katalon.core.main.TestCaseExecutor.accessMainPhase(TestCaseExecutor.java:410)
	at com.kms.katalon.core.main.TestCaseExecutor.execute(TestCaseExecutor.java:285)
	at com.kms.katalon.core.main.TestCaseMain.runTestCase(TestCaseMain.java:144)
	at com.kms.katalon.core.keyword.builtin.CallTestCaseKeyword$_callTestCase_closure1.doCall(CallTestCaseKeyword.groovy:59)
	at com.kms.katalon.core.keyword.builtin.CallTestCaseKeyword$_callTestCase_closure1.call(CallTestCaseKeyword.groovy)
	at com.kms.katalon.core.keyword.internal.KeywordMain.runKeyword(KeywordMain.groovy:75)
	at com.kms.katalon.core.keyword.builtin.CallTestCaseKeyword.callTestCase(CallTestCaseKeyword.groovy:81)
	at com.kms.katalon.core.keyword.builtin.CallTestCaseKeyword.execute(CallTestCaseKeyword.groovy:44)
	at com.kms.katalon.core.keyword.internal.KeywordExecutor.executeKeywordForPlatform(KeywordExecutor.groovy:74)
	at com.kms.katalon.core.keyword.BuiltinKeywords.callTestCase(BuiltinKeywords.groovy:310)
	at PBYA-001.run(PBYA-001:20)
	at com.kms.katalon.core.main.ScriptEngine.run(ScriptEngine.java:194)
	at com.kms.katalon.core.main.ScriptEngine.runScriptAsRawText(ScriptEngine.java:119)
	at com.kms.katalon.core.main.TestCaseExecutor.runScript(TestCaseExecutor.java:448)
	at com.kms.katalon.core.main.TestCaseExecutor.doExecute(TestCaseExecutor.java:439)
	at com.kms.katalon.core.main.TestCaseExecutor.processExecutionPhase(TestCaseExecutor.java:418)
	at com.kms.katalon.core.main.TestCaseExecutor.accessMainPhase(TestCaseExecutor.java:410)
	at com.kms.katalon.core.main.TestCaseExecutor.execute(TestCaseExecutor.java:285)
	at com.kms.katalon.core.main.TestCaseMain.runTestCase(TestCaseMain.java:144)
	at com.kms.katalon.core.keyword.builtin.CallTestCaseKeyword$_callTestCase_closure1.doCall(CallTestCaseKeyword.groovy:59)
	at com.kms.katalon.core.keyword.builtin.CallTestCaseKeyword$_callTestCase_closure1.call(CallTestCaseKeyword.groovy)
	at com.kms.katalon.core.keyword.internal.KeywordMain.runKeyword(KeywordMain.groovy:75)
	at com.kms.katalon.core.keyword.builtin.CallTestCaseKeyword.callTestCase(CallTestCaseKeyword.groovy:81)
	at com.kms.katalon.core.keyword.builtin.CallTestCaseKeyword.execute(CallTestCaseKeyword.groovy:44)
	at com.kms.katalon.core.keyword.internal.KeywordExecutor.executeKeywordForPlatform(KeywordExecutor.groovy:74)
	at com.kms.katalon.core.keyword.BuiltinKeywords.callTestCase(BuiltinKeywords.groovy:310)
	at SA-001.run(SA-001:20)
	at com.kms.katalon.core.main.ScriptEngine.run(ScriptEngine.java:194)
	at com.kms.katalon.core.main.ScriptEngine.runScriptAsRawText(ScriptEngine.java:119)
	at com.kms.katalon.core.main.TestCaseExecutor.runScript(TestCaseExecutor.java:448)
	at com.kms.katalon.core.main.TestCaseExecutor.doExecute(TestCaseExecutor.java:439)
	at com.kms.katalon.core.main.TestCaseExecutor.processExecutionPhase(TestCaseExecutor.java:418)
	at com.kms.katalon.core.main.TestCaseExecutor.accessMainPhase(TestCaseExecutor.java:410)
	at com.kms.katalon.core.main.TestCaseExecutor.execute(TestCaseExecutor.java:285)
	at com.kms.katalon.core.main.TestCaseMain.runTestCase(TestCaseMain.java:144)
	at com.kms.katalon.core.keyword.builtin.CallTestCaseKeyword$_callTestCase_closure1.doCall(CallTestCaseKeyword.groovy:59)
	at com.kms.katalon.core.keyword.builtin.CallTestCaseKeyword$_callTestCase_closure1.call(CallTestCaseKeyword.groovy)
	at com.kms.katalon.core.keyword.internal.KeywordMain.runKeyword(KeywordMain.groovy:75)
	at com.kms.katalon.core.keyword.builtin.CallTestCaseKeyword.callTestCase(CallTestCaseKeyword.groovy:81)
	at com.kms.katalon.core.keyword.builtin.CallTestCaseKeyword.execute(CallTestCaseKeyword.groovy:44)
	at com.kms.katalon.core.keyword.internal.KeywordExecutor.executeKeywordForPlatform(KeywordExecutor.groovy:74)
	at com.kms.katalon.core.keyword.BuiltinKeywords.callTestCase(BuiltinKeywords.groovy:310)
	at SA-002.run(SA-002:20)
	at com.kms.katalon.core.main.ScriptEngine.run(ScriptEngine.java:194)
	at com.kms.katalon.core.main.ScriptEngine.runScriptAsRawText(ScriptEngine.java:119)
	at com.kms.katalon.core.main.TestCaseExecutor.runScript(TestCaseExecutor.java:448)
	at com.kms.katalon.core.main.TestCaseExecutor.doExecute(TestCaseExecutor.java:439)
	at com.kms.katalon.core.main.TestCaseExecutor.processExecutionPhase(TestCaseExecutor.java:418)
	at com.kms.katalon.core.main.TestCaseExecutor.accessMainPhase(TestCaseExecutor.java:410)
	at com.kms.katalon.core.main.TestCaseExecutor.execute(TestCaseExecutor.java:285)
	at com.kms.katalon.core.main.TestCaseMain.runTestCase(TestCaseMain.java:144)
	at com.kms.katalon.core.keyword.builtin.CallTestCaseKeyword$_callTestCase_closure1.doCall(CallTestCaseKeyword.groovy:59)
	at com.kms.katalon.core.keyword.builtin.CallTestCaseKeyword$_callTestCase_closure1.call(CallTestCaseKeyword.groovy)
	at com.kms.katalon.core.keyword.internal.KeywordMain.runKeyword(KeywordMain.groovy:75)
	at com.kms.katalon.core.keyword.builtin.CallTestCaseKeyword.callTestCase(CallTestCaseKeyword.groovy:81)
	at com.kms.katalon.core.keyword.builtin.CallTestCaseKeyword.execute(CallTestCaseKeyword.groovy:44)
	at com.kms.katalon.core.keyword.internal.KeywordExecutor.executeKeywordForPlatform(KeywordExecutor.groovy:74)
	at com.kms.katalon.core.keyword.BuiltinKeywords.callTestCase(BuiltinKeywords.groovy:310)
	at SA-003.run(SA-003:20)
	at com.kms.katalon.core.main.ScriptEngine.run(ScriptEngine.java:194)
	at com.kms.katalon.core.main.ScriptEngine.runScriptAsRawText(ScriptEngine.java:119)
	at com.kms.katalon.core.main.TestCaseExecutor.runScript(TestCaseExecutor.java:448)
	at com.kms.katalon.core.main.TestCaseExecutor.doExecute(TestCaseExecutor.java:439)
	at com.kms.katalon.core.main.TestCaseExecutor.processExecutionPhase(TestCaseExecutor.java:418)
	at com.kms.katalon.core.main.TestCaseExecutor.accessMainPhase(TestCaseExecutor.java:410)
	at com.kms.katalon.core.main.TestCaseExecutor.execute(TestCaseExecutor.java:285)
	at com.kms.katalon.core.main.TestCaseMain.runTestCase(TestCaseMain.java:144)
	at com.kms.katalon.core.keyword.builtin.CallTestCaseKeyword$_callTestCase_closure1.doCall(CallTestCaseKeyword.groovy:59)
	at com.kms.katalon.core.keyword.builtin.CallTestCaseKeyword$_callTestCase_closure1.call(CallTestCaseKeyword.groovy)
	at com.kms.katalon.core.keyword.internal.KeywordMain.runKeyword(KeywordMain.groovy:75)
	at com.kms.katalon.core.keyword.builtin.CallTestCaseKeyword.callTestCase(CallTestCaseKeyword.groovy:81)
	at com.kms.katalon.core.keyword.builtin.CallTestCaseKeyword.execute(CallTestCaseKeyword.groovy:44)
	at com.kms.katalon.core.keyword.internal.KeywordExecutor.executeKeywordForPlatform(KeywordExecutor.groovy:74)
	at com.kms.katalon.core.keyword.BuiltinKeywords.callTestCase(BuiltinKeywords.groovy:310)
	at SU-010.run(SU-010:20)
	at com.kms.katalon.core.main.ScriptEngine.run(ScriptEngine.java:194)
	at com.kms.katalon.core.main.ScriptEngine.runScriptAsRawText(ScriptEngine.java:119)
	at com.kms.katalon.core.main.TestCaseExecutor.runScript(TestCaseExecutor.java:448)
	at com.kms.katalon.core.main.TestCaseExecutor.doExecute(TestCaseExecutor.java:439)
	at com.kms.katalon.core.main.TestCaseExecutor.processExecutionPhase(TestCaseExecutor.java:418)
	at com.kms.katalon.core.main.TestCaseExecutor.accessMainPhase(TestCaseExecutor.java:410)
	at com.kms.katalon.core.main.TestCaseExecutor.execute(TestCaseExecutor.java:285)
	at com.kms.katalon.core.common.CommonExecutor.accessTestCaseMainPhase(CommonExecutor.java:65)
	at com.kms.katalon.core.main.TestSuiteExecutor.accessTestSuiteMainPhase(TestSuiteExecutor.java:148)
	at com.kms.katalon.core.main.TestSuiteExecutor.execute(TestSuiteExecutor.java:106)
	at com.kms.katalon.core.main.TestCaseMain.startTestSuite(TestCaseMain.java:187)
	at com.kms.katalon.core.main.TestCaseMain$startTestSuite$0.call(Unknown Source)
	at TempTestSuite1696420804604.run(TempTestSuite1696420804604.groovy:36)
Caused by: com.kms.katalon.core.exception.StepFailedException: Unable to click on object 'Object Repository/beli barang/Lihat Sekarang'
	at com.kms.katalon.core.webui.keyword.internal.WebUIKeywordMain.stepFailed(WebUIKeywordMain.groovy:64)
	at com.kms.katalon.core.webui.keyword.internal.WebUIKeywordMain.runKeyword(WebUIKeywordMain.groovy:26)
	at com.kms.katalon.core.webui.keyword.builtin.ClickKeyword.click(ClickKeyword.groovy:74)
	at com.kms.katalon.core.webui.keyword.builtin.ClickKeyword.execute(ClickKeyword.groovy:40)
	at com.kms.katalon.core.keyword.internal.KeywordExecutor.executeKeywordForPlatform(KeywordExecutor.groovy:74)
	at com.kms.katalon.core.webui.keyword.WebUiBuiltInKeywords.click(WebUiBuiltInKeywords.groovy:620)
	at com.kms.katalon.core.webui.keyword.WebUiBuiltInKeywords$click$2.call(Unknown Source)
	at PBL-002.run(PBL-002:25)
	at com.kms.katalon.core.main.ScriptEngine.run(ScriptEngine.java:194)
	at com.kms.katalon.core.main.ScriptEngine.runScriptAsRawText(ScriptEngine.java:119)
	at com.kms.katalon.core.main.TestCaseExecutor.runScript(TestCaseExecutor.java:448)
	at com.kms.katalon.core.main.TestCaseExecutor.doExecute(TestCaseExecutor.java:439)
	at com.kms.katalon.core.main.TestCaseExecutor.processExecutionPhase(TestCaseExecutor.java:418)
	at com.kms.katalon.core.main.TestCaseExecutor.accessMainPhase(TestCaseExecutor.java:410)
	at com.kms.katalon.core.main.TestCaseExecutor.execute(TestCaseExecutor.java:285)
	at com.kms.katalon.core.main.TestCaseMain.runTestCase(TestCaseMain.java:144)
	at com.kms.katalon.core.keyword.builtin.CallTestCaseKeyword$_callTestCase_closure1.doCall(CallTestCaseKeyword.groovy:59)
	... 132 more
Caused by: org.openqa.selenium.ElementNotInteractableException: Element <a class="ps-btn ps-btn--fullwidth" href="https://10.9.2.63/ecommerce/produk/keranjang"> could not be scrolled into view
Build info: version: '3.141.59', revision: 'e82be7d358', time: '2018-11-14T08:25:53'
System info: host: 'DESKTOP-H62FVJ8', ip: '10.9.2.72', os.name: 'Windows 10', os.arch: 'amd64', os.version: '10.0', java.version: '1.8.0_362'
Driver info: com.kms.katalon.core.webui.driver.firefox.CGeckoDriver
Capabilities {acceptInsecureCerts: true, browserName: firefox, browserVersion: 117.0.1, javascriptEnabled: true, moz:accessibilityChecks: false, moz:buildID: 20230912013654, moz:geckodriverVersion: 0.33.0, moz:headless: false, moz:platformVersion: 10.0, moz:processID: 17188, moz:profile: C:\Users\IRFAN\AppData\Loca..., moz:shutdownTimeout: 60000, moz:webdriverClick: true, moz:windowless: false, pageLoadStrategy: normal, platform: WINDOWS, platformName: WINDOWS, proxy: Proxy(direct), setWindowRect: true, strictFileInteractability: false, timeouts: {implicit: 0, pageLoad: 300000, script: 30000}, unhandledPromptBehavior: dismiss and notify}
Session ID: 04cf3b6c-2b0e-450a-a181-9467d554da97
	at org.openqa.selenium.remote.http.W3CHttpResponseCodec.createException(W3CHttpResponseCodec.java:187)
	at org.openqa.selenium.remote.http.W3CHttpResponseCodec.decode(W3CHttpResponseCodec.java:122)
	at org.openqa.selenium.remote.http.W3CHttpResponseCodec.decode(W3CHttpResponseCodec.java:49)
	at org.openqa.selenium.remote.HttpCommandExecutor.execute(HttpCommandExecutor.java:158)
	at org.openqa.selenium.remote.service.DriverCommandExecutor.execute(DriverCommandExecutor.java:83)
	at org.openqa.selenium.remote.RemoteWebDriver.execute(RemoteWebDriver.java:552)
	at com.kms.katalon.selenium.driver.CFirefoxDriver.execute(CFirefoxDriver.java:27)
	at org.openqa.selenium.remote.RemoteWebElement.execute(RemoteWebElement.java:285)
	at org.openqa.selenium.remote.RemoteWebElement.click(RemoteWebElement.java:84)
	at org.openqa.selenium.support.events.EventFiringWebDriver$EventFiringWebElement.lambda$new$0(EventFiringWebDriver.java:404)
	at com.sun.proxy.$Proxy11.click(Unknown Source)
	at org.openqa.selenium.support.events.EventFiringWebDriver$EventFiringWebElement.click(EventFiringWebDriver.java:417)
	at org.openqa.selenium.WebElement$click.call(Unknown Source)
	at com.kms.katalon.core.webui.keyword.builtin.ClickKeyword.clickUntilSuccessWithTimeout(ClickKeyword.groovy:81)
	at com.kms.katalon.core.webui.keyword.builtin.ClickKeyword.clickUntilSuccessWithTimeout(ClickKeyword.groovy)
	at com.kms.katalon.core.webui.keyword.builtin.ClickKeyword$_click_closure1.doCall(ClickKeyword.groovy:67)
	at com.kms.katalon.core.webui.keyword.builtin.ClickKeyword$_click_closure1.call(ClickKeyword.groovy)
	at com.kms.katalon.core.webui.keyword.internal.WebUIKeywordMain.runKeyword(WebUIKeywordMain.groovy:20)
	... 147 more
)

2023-10-04 19:57:42 - [MESSAGE][FAILED] - Unable to call Test Case 'Test Cases/T13 Pembelian, Shipment dan Pembayaran/PBL-004' (Root cause: com.kms.katalon.core.exception.StepFailedException: Call Test Case 'Test Cases/T13 Pembelian, Shipment dan Pembayaran/PBL-004' failed
	at com.kms.katalon.core.keyword.builtin.CallTestCaseKeyword$_callTestCase_closure1.doCall(CallTestCaseKeyword.groovy:63)
	at com.kms.katalon.core.keyword.builtin.CallTestCaseKeyword$_callTestCase_closure1.call(CallTestCaseKeyword.groovy)
	at com.kms.katalon.core.keyword.internal.KeywordMain.runKeyword(KeywordMain.groovy:75)
	at com.kms.katalon.core.keyword.builtin.CallTestCaseKeyword.callTestCase(CallTestCaseKeyword.groovy:81)
	at com.kms.katalon.core.keyword.builtin.CallTestCaseKeyword.execute(CallTestCaseKeyword.groovy:44)
	at com.kms.katalon.core.keyword.internal.KeywordExecutor.executeKeywordForPlatform(KeywordExecutor.groovy:74)
	at com.kms.katalon.core.keyword.BuiltinKeywords.callTestCase(BuiltinKeywords.groovy:310)
	at PBY-001.run(PBY-001:20)
	at com.kms.katalon.core.main.ScriptEngine.run(ScriptEngine.java:194)
	at com.kms.katalon.core.main.ScriptEngine.runScriptAsRawText(ScriptEngine.java:119)
	at com.kms.katalon.core.main.TestCaseExecutor.runScript(TestCaseExecutor.java:448)
	at com.kms.katalon.core.main.TestCaseExecutor.doExecute(TestCaseExecutor.java:439)
	at com.kms.katalon.core.main.TestCaseExecutor.processExecutionPhase(TestCaseExecutor.java:418)
	at com.kms.katalon.core.main.TestCaseExecutor.accessMainPhase(TestCaseExecutor.java:410)
	at com.kms.katalon.core.main.TestCaseExecutor.execute(TestCaseExecutor.java:285)
	at com.kms.katalon.core.main.TestCaseMain.runTestCase(TestCaseMain.java:144)
	at com.kms.katalon.core.keyword.builtin.CallTestCaseKeyword$_callTestCase_closure1.doCall(CallTestCaseKeyword.groovy:59)
	at com.kms.katalon.core.keyword.builtin.CallTestCaseKeyword$_callTestCase_closure1.call(CallTestCaseKeyword.groovy)
	at com.kms.katalon.core.keyword.internal.KeywordMain.runKeyword(KeywordMain.groovy:75)
	at com.kms.katalon.core.keyword.builtin.CallTestCaseKeyword.callTestCase(CallTestCaseKeyword.groovy:81)
	at com.kms.katalon.core.keyword.builtin.CallTestCaseKeyword.execute(CallTestCaseKeyword.groovy:44)
	at com.kms.katalon.core.keyword.internal.KeywordExecutor.executeKeywordForPlatform(KeywordExecutor.groovy:74)
	at com.kms.katalon.core.keyword.BuiltinKeywords.callTestCase(BuiltinKeywords.groovy:310)
	at PBY-004.run(PBY-004:20)
	at com.kms.katalon.core.main.ScriptEngine.run(ScriptEngine.java:194)
	at com.kms.katalon.core.main.ScriptEngine.runScriptAsRawText(ScriptEngine.java:119)
	at com.kms.katalon.core.main.TestCaseExecutor.runScript(TestCaseExecutor.java:448)
	at com.kms.katalon.core.main.TestCaseExecutor.doExecute(TestCaseExecutor.java:439)
	at com.kms.katalon.core.main.TestCaseExecutor.processExecutionPhase(TestCaseExecutor.java:418)
	at com.kms.katalon.core.main.TestCaseExecutor.accessMainPhase(TestCaseExecutor.java:410)
	at com.kms.katalon.core.main.TestCaseExecutor.execute(TestCaseExecutor.java:285)
	at com.kms.katalon.core.main.TestCaseMain.runTestCase(TestCaseMain.java:144)
	at com.kms.katalon.core.keyword.builtin.CallTestCaseKeyword$_callTestCase_closure1.doCall(CallTestCaseKeyword.groovy:59)
	at com.kms.katalon.core.keyword.builtin.CallTestCaseKeyword$_callTestCase_closure1.call(CallTestCaseKeyword.groovy)
	at com.kms.katalon.core.keyword.internal.KeywordMain.runKeyword(KeywordMain.groovy:75)
	at com.kms.katalon.core.keyword.builtin.CallTestCaseKeyword.callTestCase(CallTestCaseKeyword.groovy:81)
	at com.kms.katalon.core.keyword.builtin.CallTestCaseKeyword.execute(CallTestCaseKeyword.groovy:44)
	at com.kms.katalon.core.keyword.internal.KeywordExecutor.executeKeywordForPlatform(KeywordExecutor.groovy:74)
	at com.kms.katalon.core.keyword.BuiltinKeywords.callTestCase(BuiltinKeywords.groovy:310)
	at PBYA-001.run(PBYA-001:20)
	at com.kms.katalon.core.main.ScriptEngine.run(ScriptEngine.java:194)
	at com.kms.katalon.core.main.ScriptEngine.runScriptAsRawText(ScriptEngine.java:119)
	at com.kms.katalon.core.main.TestCaseExecutor.runScript(TestCaseExecutor.java:448)
	at com.kms.katalon.core.main.TestCaseExecutor.doExecute(TestCaseExecutor.java:439)
	at com.kms.katalon.core.main.TestCaseExecutor.processExecutionPhase(TestCaseExecutor.java:418)
	at com.kms.katalon.core.main.TestCaseExecutor.accessMainPhase(TestCaseExecutor.java:410)
	at com.kms.katalon.core.main.TestCaseExecutor.execute(TestCaseExecutor.java:285)
	at com.kms.katalon.core.main.TestCaseMain.runTestCase(TestCaseMain.java:144)
	at com.kms.katalon.core.keyword.builtin.CallTestCaseKeyword$_callTestCase_closure1.doCall(CallTestCaseKeyword.groovy:59)
	at com.kms.katalon.core.keyword.builtin.CallTestCaseKeyword$_callTestCase_closure1.call(CallTestCaseKeyword.groovy)
	at com.kms.katalon.core.keyword.internal.KeywordMain.runKeyword(KeywordMain.groovy:75)
	at com.kms.katalon.core.keyword.builtin.CallTestCaseKeyword.callTestCase(CallTestCaseKeyword.groovy:81)
	at com.kms.katalon.core.keyword.builtin.CallTestCaseKeyword.execute(CallTestCaseKeyword.groovy:44)
	at com.kms.katalon.core.keyword.internal.KeywordExecutor.executeKeywordForPlatform(KeywordExecutor.groovy:74)
	at com.kms.katalon.core.keyword.BuiltinKeywords.callTestCase(BuiltinKeywords.groovy:310)
	at SA-001.run(SA-001:20)
	at com.kms.katalon.core.main.ScriptEngine.run(ScriptEngine.java:194)
	at com.kms.katalon.core.main.ScriptEngine.runScriptAsRawText(ScriptEngine.java:119)
	at com.kms.katalon.core.main.TestCaseExecutor.runScript(TestCaseExecutor.java:448)
	at com.kms.katalon.core.main.TestCaseExecutor.doExecute(TestCaseExecutor.java:439)
	at com.kms.katalon.core.main.TestCaseExecutor.processExecutionPhase(TestCaseExecutor.java:418)
	at com.kms.katalon.core.main.TestCaseExecutor.accessMainPhase(TestCaseExecutor.java:410)
	at com.kms.katalon.core.main.TestCaseExecutor.execute(TestCaseExecutor.java:285)
	at com.kms.katalon.core.main.TestCaseMain.runTestCase(TestCaseMain.java:144)
	at com.kms.katalon.core.keyword.builtin.CallTestCaseKeyword$_callTestCase_closure1.doCall(CallTestCaseKeyword.groovy:59)
	at com.kms.katalon.core.keyword.builtin.CallTestCaseKeyword$_callTestCase_closure1.call(CallTestCaseKeyword.groovy)
	at com.kms.katalon.core.keyword.internal.KeywordMain.runKeyword(KeywordMain.groovy:75)
	at com.kms.katalon.core.keyword.builtin.CallTestCaseKeyword.callTestCase(CallTestCaseKeyword.groovy:81)
	at com.kms.katalon.core.keyword.builtin.CallTestCaseKeyword.execute(CallTestCaseKeyword.groovy:44)
	at com.kms.katalon.core.keyword.internal.KeywordExecutor.executeKeywordForPlatform(KeywordExecutor.groovy:74)
	at com.kms.katalon.core.keyword.BuiltinKeywords.callTestCase(BuiltinKeywords.groovy:310)
	at SA-002.run(SA-002:20)
	at com.kms.katalon.core.main.ScriptEngine.run(ScriptEngine.java:194)
	at com.kms.katalon.core.main.ScriptEngine.runScriptAsRawText(ScriptEngine.java:119)
	at com.kms.katalon.core.main.TestCaseExecutor.runScript(TestCaseExecutor.java:448)
	at com.kms.katalon.core.main.TestCaseExecutor.doExecute(TestCaseExecutor.java:439)
	at com.kms.katalon.core.main.TestCaseExecutor.processExecutionPhase(TestCaseExecutor.java:418)
	at com.kms.katalon.core.main.TestCaseExecutor.accessMainPhase(TestCaseExecutor.java:410)
	at com.kms.katalon.core.main.TestCaseExecutor.execute(TestCaseExecutor.java:285)
	at com.kms.katalon.core.main.TestCaseMain.runTestCase(TestCaseMain.java:144)
	at com.kms.katalon.core.keyword.builtin.CallTestCaseKeyword$_callTestCase_closure1.doCall(CallTestCaseKeyword.groovy:59)
	at com.kms.katalon.core.keyword.builtin.CallTestCaseKeyword$_callTestCase_closure1.call(CallTestCaseKeyword.groovy)
	at com.kms.katalon.core.keyword.internal.KeywordMain.runKeyword(KeywordMain.groovy:75)
	at com.kms.katalon.core.keyword.builtin.CallTestCaseKeyword.callTestCase(CallTestCaseKeyword.groovy:81)
	at com.kms.katalon.core.keyword.builtin.CallTestCaseKeyword.execute(CallTestCaseKeyword.groovy:44)
	at com.kms.katalon.core.keyword.internal.KeywordExecutor.executeKeywordForPlatform(KeywordExecutor.groovy:74)
	at com.kms.katalon.core.keyword.BuiltinKeywords.callTestCase(BuiltinKeywords.groovy:310)
	at SA-003.run(SA-003:20)
	at com.kms.katalon.core.main.ScriptEngine.run(ScriptEngine.java:194)
	at com.kms.katalon.core.main.ScriptEngine.runScriptAsRawText(ScriptEngine.java:119)
	at com.kms.katalon.core.main.TestCaseExecutor.runScript(TestCaseExecutor.java:448)
	at com.kms.katalon.core.main.TestCaseExecutor.doExecute(TestCaseExecutor.java:439)
	at com.kms.katalon.core.main.TestCaseExecutor.processExecutionPhase(TestCaseExecutor.java:418)
	at com.kms.katalon.core.main.TestCaseExecutor.accessMainPhase(TestCaseExecutor.java:410)
	at com.kms.katalon.core.main.TestCaseExecutor.execute(TestCaseExecutor.java:285)
	at com.kms.katalon.core.main.TestCaseMain.runTestCase(TestCaseMain.java:144)
	at com.kms.katalon.core.keyword.builtin.CallTestCaseKeyword$_callTestCase_closure1.doCall(CallTestCaseKeyword.groovy:59)
	at com.kms.katalon.core.keyword.builtin.CallTestCaseKeyword$_callTestCase_closure1.call(CallTestCaseKeyword.groovy)
	at com.kms.katalon.core.keyword.internal.KeywordMain.runKeyword(KeywordMain.groovy:75)
	at com.kms.katalon.core.keyword.builtin.CallTestCaseKeyword.callTestCase(CallTestCaseKeyword.groovy:81)
	at com.kms.katalon.core.keyword.builtin.CallTestCaseKeyword.execute(CallTestCaseKeyword.groovy:44)
	at com.kms.katalon.core.keyword.internal.KeywordExecutor.executeKeywordForPlatform(KeywordExecutor.groovy:74)
	at com.kms.katalon.core.keyword.BuiltinKeywords.callTestCase(BuiltinKeywords.groovy:310)
	at SU-010.run(SU-010:20)
	at com.kms.katalon.core.main.ScriptEngine.run(ScriptEngine.java:194)
	at com.kms.katalon.core.main.ScriptEngine.runScriptAsRawText(ScriptEngine.java:119)
	at com.kms.katalon.core.main.TestCaseExecutor.runScript(TestCaseExecutor.java:448)
	at com.kms.katalon.core.main.TestCaseExecutor.doExecute(TestCaseExecutor.java:439)
	at com.kms.katalon.core.main.TestCaseExecutor.processExecutionPhase(TestCaseExecutor.java:418)
	at com.kms.katalon.core.main.TestCaseExecutor.accessMainPhase(TestCaseExecutor.java:410)
	at com.kms.katalon.core.main.TestCaseExecutor.execute(TestCaseExecutor.java:285)
	at com.kms.katalon.core.common.CommonExecutor.accessTestCaseMainPhase(CommonExecutor.java:65)
	at com.kms.katalon.core.main.TestSuiteExecutor.accessTestSuiteMainPhase(TestSuiteExecutor.java:148)
	at com.kms.katalon.core.main.TestSuiteExecutor.execute(TestSuiteExecutor.java:106)
	at com.kms.katalon.core.main.TestCaseMain.startTestSuite(TestCaseMain.java:187)
	at com.kms.katalon.core.main.TestCaseMain$startTestSuite$0.call(Unknown Source)
	at TempTestSuite1696420804604.run(TempTestSuite1696420804604.groovy:36)
Caused by: com.kms.katalon.core.exception.StepFailedException: Call Test Case 'Test Cases/T13 Pembelian, Shipment dan Pembayaran/PBL-002' failed
	at com.kms.katalon.core.keyword.builtin.CallTestCaseKeyword$_callTestCase_closure1.doCall(CallTestCaseKeyword.groovy:63)
	at com.kms.katalon.core.keyword.builtin.CallTestCaseKeyword$_callTestCase_closure1.call(CallTestCaseKeyword.groovy)
	at com.kms.katalon.core.keyword.internal.KeywordMain.runKeyword(KeywordMain.groovy:75)
	at com.kms.katalon.core.keyword.builtin.CallTestCaseKeyword.callTestCase(CallTestCaseKeyword.groovy:81)
	at com.kms.katalon.core.keyword.builtin.CallTestCaseKeyword.execute(CallTestCaseKeyword.groovy:44)
	at com.kms.katalon.core.keyword.internal.KeywordExecutor.executeKeywordForPlatform(KeywordExecutor.groovy:74)
	at com.kms.katalon.core.keyword.BuiltinKeywords.callTestCase(BuiltinKeywords.groovy:310)
	at PBL-004.run(PBL-004:20)
	at com.kms.katalon.core.main.ScriptEngine.run(ScriptEngine.java:194)
	at com.kms.katalon.core.main.ScriptEngine.runScriptAsRawText(ScriptEngine.java:119)
	at com.kms.katalon.core.main.TestCaseExecutor.runScript(TestCaseExecutor.java:448)
	at com.kms.katalon.core.main.TestCaseExecutor.doExecute(TestCaseExecutor.java:439)
	at com.kms.katalon.core.main.TestCaseExecutor.processExecutionPhase(TestCaseExecutor.java:418)
	at com.kms.katalon.core.main.TestCaseExecutor.accessMainPhase(TestCaseExecutor.java:410)
	at com.kms.katalon.core.main.TestCaseExecutor.execute(TestCaseExecutor.java:285)
	at com.kms.katalon.core.main.TestCaseMain.runTestCase(TestCaseMain.java:144)
	at com.kms.katalon.core.keyword.builtin.CallTestCaseKeyword$_callTestCase_closure1.doCall(CallTestCaseKeyword.groovy:59)
	... 116 more
Caused by: com.kms.katalon.core.exception.StepFailedException: Unable to click on object 'Object Repository/beli barang/Lihat Sekarang'
	at com.kms.katalon.core.webui.keyword.internal.WebUIKeywordMain.stepFailed(WebUIKeywordMain.groovy:64)
	at com.kms.katalon.core.webui.keyword.internal.WebUIKeywordMain.runKeyword(WebUIKeywordMain.groovy:26)
	at com.kms.katalon.core.webui.keyword.builtin.ClickKeyword.click(ClickKeyword.groovy:74)
	at com.kms.katalon.core.webui.keyword.builtin.ClickKeyword.execute(ClickKeyword.groovy:40)
	at com.kms.katalon.core.keyword.internal.KeywordExecutor.executeKeywordForPlatform(KeywordExecutor.groovy:74)
	at com.kms.katalon.core.webui.keyword.WebUiBuiltInKeywords.click(WebUiBuiltInKeywords.groovy:620)
	at com.kms.katalon.core.webui.keyword.WebUiBuiltInKeywords$click$2.call(Unknown Source)
	at PBL-002.run(PBL-002:25)
	at com.kms.katalon.core.main.ScriptEngine.run(ScriptEngine.java:194)
	at com.kms.katalon.core.main.ScriptEngine.runScriptAsRawText(ScriptEngine.java:119)
	at com.kms.katalon.core.main.TestCaseExecutor.runScript(TestCaseExecutor.java:448)
	at com.kms.katalon.core.main.TestCaseExecutor.doExecute(TestCaseExecutor.java:439)
	at com.kms.katalon.core.main.TestCaseExecutor.processExecutionPhase(TestCaseExecutor.java:418)
	at com.kms.katalon.core.main.TestCaseExecutor.accessMainPhase(TestCaseExecutor.java:410)
	at com.kms.katalon.core.main.TestCaseExecutor.execute(TestCaseExecutor.java:285)
	at com.kms.katalon.core.main.TestCaseMain.runTestCase(TestCaseMain.java:144)
	at com.kms.katalon.core.keyword.builtin.CallTestCaseKeyword$_callTestCase_closure1.doCall(CallTestCaseKeyword.groovy:59)
	... 132 more
Caused by: org.openqa.selenium.ElementNotInteractableException: Element <a class="ps-btn ps-btn--fullwidth" href="https://10.9.2.63/ecommerce/produk/keranjang"> could not be scrolled into view
Build info: version: '3.141.59', revision: 'e82be7d358', time: '2018-11-14T08:25:53'
System info: host: 'DESKTOP-H62FVJ8', ip: '10.9.2.72', os.name: 'Windows 10', os.arch: 'amd64', os.version: '10.0', java.version: '1.8.0_362'
Driver info: com.kms.katalon.core.webui.driver.firefox.CGeckoDriver
Capabilities {acceptInsecureCerts: true, browserName: firefox, browserVersion: 117.0.1, javascriptEnabled: true, moz:accessibilityChecks: false, moz:buildID: 20230912013654, moz:geckodriverVersion: 0.33.0, moz:headless: false, moz:platformVersion: 10.0, moz:processID: 17188, moz:profile: C:\Users\IRFAN\AppData\Loca..., moz:shutdownTimeout: 60000, moz:webdriverClick: true, moz:windowless: false, pageLoadStrategy: normal, platform: WINDOWS, platformName: WINDOWS, proxy: Proxy(direct), setWindowRect: true, strictFileInteractability: false, timeouts: {implicit: 0, pageLoad: 300000, script: 30000}, unhandledPromptBehavior: dismiss and notify}
Session ID: 04cf3b6c-2b0e-450a-a181-9467d554da97
	at org.openqa.selenium.remote.http.W3CHttpResponseCodec.createException(W3CHttpResponseCodec.java:187)
	at org.openqa.selenium.remote.http.W3CHttpResponseCodec.decode(W3CHttpResponseCodec.java:122)
	at org.openqa.selenium.remote.http.W3CHttpResponseCodec.decode(W3CHttpResponseCodec.java:49)
	at org.openqa.selenium.remote.HttpCommandExecutor.execute(HttpCommandExecutor.java:158)
	at org.openqa.selenium.remote.service.DriverCommandExecutor.execute(DriverCommandExecutor.java:83)
	at org.openqa.selenium.remote.RemoteWebDriver.execute(RemoteWebDriver.java:552)
	at com.kms.katalon.selenium.driver.CFirefoxDriver.execute(CFirefoxDriver.java:27)
	at org.openqa.selenium.remote.RemoteWebElement.execute(RemoteWebElement.java:285)
	at org.openqa.selenium.remote.RemoteWebElement.click(RemoteWebElement.java:84)
	at org.openqa.selenium.support.events.EventFiringWebDriver$EventFiringWebElement.lambda$new$0(EventFiringWebDriver.java:404)
	at com.sun.proxy.$Proxy11.click(Unknown Source)
	at org.openqa.selenium.support.events.EventFiringWebDriver$EventFiringWebElement.click(EventFiringWebDriver.java:417)
	at org.openqa.selenium.WebElement$click.call(Unknown Source)
	at com.kms.katalon.core.webui.keyword.builtin.ClickKeyword.clickUntilSuccessWithTimeout(ClickKeyword.groovy:81)
	at com.kms.katalon.core.webui.keyword.builtin.ClickKeyword.clickUntilSuccessWithTimeout(ClickKeyword.groovy)
	at com.kms.katalon.core.webui.keyword.builtin.ClickKeyword$_click_closure1.doCall(ClickKeyword.groovy:67)
	at com.kms.katalon.core.webui.keyword.builtin.ClickKeyword$_click_closure1.call(ClickKeyword.groovy)
	at com.kms.katalon.core.webui.keyword.internal.WebUIKeywordMain.runKeyword(WebUIKeywordMain.groovy:20)
	... 147 more
)

2023-10-04 19:57:42 - [MESSAGE][FAILED] - Unable to call Test Case 'Test Cases/T13 Pembelian, Shipment dan Pembayaran/PBY-001' (Root cause: com.kms.katalon.core.exception.StepFailedException: Call Test Case 'Test Cases/T13 Pembelian, Shipment dan Pembayaran/PBY-001' failed
	at com.kms.katalon.core.keyword.builtin.CallTestCaseKeyword$_callTestCase_closure1.doCall(CallTestCaseKeyword.groovy:63)
	at com.kms.katalon.core.keyword.builtin.CallTestCaseKeyword$_callTestCase_closure1.call(CallTestCaseKeyword.groovy)
	at com.kms.katalon.core.keyword.internal.KeywordMain.runKeyword(KeywordMain.groovy:75)
	at com.kms.katalon.core.keyword.builtin.CallTestCaseKeyword.callTestCase(CallTestCaseKeyword.groovy:81)
	at com.kms.katalon.core.keyword.builtin.CallTestCaseKeyword.execute(CallTestCaseKeyword.groovy:44)
	at com.kms.katalon.core.keyword.internal.KeywordExecutor.executeKeywordForPlatform(KeywordExecutor.groovy:74)
	at com.kms.katalon.core.keyword.BuiltinKeywords.callTestCase(BuiltinKeywords.groovy:310)
	at PBY-004.run(PBY-004:20)
	at com.kms.katalon.core.main.ScriptEngine.run(ScriptEngine.java:194)
	at com.kms.katalon.core.main.ScriptEngine.runScriptAsRawText(ScriptEngine.java:119)
	at com.kms.katalon.core.main.TestCaseExecutor.runScript(TestCaseExecutor.java:448)
	at com.kms.katalon.core.main.TestCaseExecutor.doExecute(TestCaseExecutor.java:439)
	at com.kms.katalon.core.main.TestCaseExecutor.processExecutionPhase(TestCaseExecutor.java:418)
	at com.kms.katalon.core.main.TestCaseExecutor.accessMainPhase(TestCaseExecutor.java:410)
	at com.kms.katalon.core.main.TestCaseExecutor.execute(TestCaseExecutor.java:285)
	at com.kms.katalon.core.main.TestCaseMain.runTestCase(TestCaseMain.java:144)
	at com.kms.katalon.core.keyword.builtin.CallTestCaseKeyword$_callTestCase_closure1.doCall(CallTestCaseKeyword.groovy:59)
	at com.kms.katalon.core.keyword.builtin.CallTestCaseKeyword$_callTestCase_closure1.call(CallTestCaseKeyword.groovy)
	at com.kms.katalon.core.keyword.internal.KeywordMain.runKeyword(KeywordMain.groovy:75)
	at com.kms.katalon.core.keyword.builtin.CallTestCaseKeyword.callTestCase(CallTestCaseKeyword.groovy:81)
	at com.kms.katalon.core.keyword.builtin.CallTestCaseKeyword.execute(CallTestCaseKeyword.groovy:44)
	at com.kms.katalon.core.keyword.internal.KeywordExecutor.executeKeywordForPlatform(KeywordExecutor.groovy:74)
	at com.kms.katalon.core.keyword.BuiltinKeywords.callTestCase(BuiltinKeywords.groovy:310)
	at PBYA-001.run(PBYA-001:20)
	at com.kms.katalon.core.main.ScriptEngine.run(ScriptEngine.java:194)
	at com.kms.katalon.core.main.ScriptEngine.runScriptAsRawText(ScriptEngine.java:119)
	at com.kms.katalon.core.main.TestCaseExecutor.runScript(TestCaseExecutor.java:448)
	at com.kms.katalon.core.main.TestCaseExecutor.doExecute(TestCaseExecutor.java:439)
	at com.kms.katalon.core.main.TestCaseExecutor.processExecutionPhase(TestCaseExecutor.java:418)
	at com.kms.katalon.core.main.TestCaseExecutor.accessMainPhase(TestCaseExecutor.java:410)
	at com.kms.katalon.core.main.TestCaseExecutor.execute(TestCaseExecutor.java:285)
	at com.kms.katalon.core.main.TestCaseMain.runTestCase(TestCaseMain.java:144)
	at com.kms.katalon.core.keyword.builtin.CallTestCaseKeyword$_callTestCase_closure1.doCall(CallTestCaseKeyword.groovy:59)
	at com.kms.katalon.core.keyword.builtin.CallTestCaseKeyword$_callTestCase_closure1.call(CallTestCaseKeyword.groovy)
	at com.kms.katalon.core.keyword.internal.KeywordMain.runKeyword(KeywordMain.groovy:75)
	at com.kms.katalon.core.keyword.builtin.CallTestCaseKeyword.callTestCase(CallTestCaseKeyword.groovy:81)
	at com.kms.katalon.core.keyword.builtin.CallTestCaseKeyword.execute(CallTestCaseKeyword.groovy:44)
	at com.kms.katalon.core.keyword.internal.KeywordExecutor.executeKeywordForPlatform(KeywordExecutor.groovy:74)
	at com.kms.katalon.core.keyword.BuiltinKeywords.callTestCase(BuiltinKeywords.groovy:310)
	at SA-001.run(SA-001:20)
	at com.kms.katalon.core.main.ScriptEngine.run(ScriptEngine.java:194)
	at com.kms.katalon.core.main.ScriptEngine.runScriptAsRawText(ScriptEngine.java:119)
	at com.kms.katalon.core.main.TestCaseExecutor.runScript(TestCaseExecutor.java:448)
	at com.kms.katalon.core.main.TestCaseExecutor.doExecute(TestCaseExecutor.java:439)
	at com.kms.katalon.core.main.TestCaseExecutor.processExecutionPhase(TestCaseExecutor.java:418)
	at com.kms.katalon.core.main.TestCaseExecutor.accessMainPhase(TestCaseExecutor.java:410)
	at com.kms.katalon.core.main.TestCaseExecutor.execute(TestCaseExecutor.java:285)
	at com.kms.katalon.core.main.TestCaseMain.runTestCase(TestCaseMain.java:144)
	at com.kms.katalon.core.keyword.builtin.CallTestCaseKeyword$_callTestCase_closure1.doCall(CallTestCaseKeyword.groovy:59)
	at com.kms.katalon.core.keyword.builtin.CallTestCaseKeyword$_callTestCase_closure1.call(CallTestCaseKeyword.groovy)
	at com.kms.katalon.core.keyword.internal.KeywordMain.runKeyword(KeywordMain.groovy:75)
	at com.kms.katalon.core.keyword.builtin.CallTestCaseKeyword.callTestCase(CallTestCaseKeyword.groovy:81)
	at com.kms.katalon.core.keyword.builtin.CallTestCaseKeyword.execute(CallTestCaseKeyword.groovy:44)
	at com.kms.katalon.core.keyword.internal.KeywordExecutor.executeKeywordForPlatform(KeywordExecutor.groovy:74)
	at com.kms.katalon.core.keyword.BuiltinKeywords.callTestCase(BuiltinKeywords.groovy:310)
	at SA-002.run(SA-002:20)
	at com.kms.katalon.core.main.ScriptEngine.run(ScriptEngine.java:194)
	at com.kms.katalon.core.main.ScriptEngine.runScriptAsRawText(ScriptEngine.java:119)
	at com.kms.katalon.core.main.TestCaseExecutor.runScript(TestCaseExecutor.java:448)
	at com.kms.katalon.core.main.TestCaseExecutor.doExecute(TestCaseExecutor.java:439)
	at com.kms.katalon.core.main.TestCaseExecutor.processExecutionPhase(TestCaseExecutor.java:418)
	at com.kms.katalon.core.main.TestCaseExecutor.accessMainPhase(TestCaseExecutor.java:410)
	at com.kms.katalon.core.main.TestCaseExecutor.execute(TestCaseExecutor.java:285)
	at com.kms.katalon.core.main.TestCaseMain.runTestCase(TestCaseMain.java:144)
	at com.kms.katalon.core.keyword.builtin.CallTestCaseKeyword$_callTestCase_closure1.doCall(CallTestCaseKeyword.groovy:59)
	at com.kms.katalon.core.keyword.builtin.CallTestCaseKeyword$_callTestCase_closure1.call(CallTestCaseKeyword.groovy)
	at com.kms.katalon.core.keyword.internal.KeywordMain.runKeyword(KeywordMain.groovy:75)
	at com.kms.katalon.core.keyword.builtin.CallTestCaseKeyword.callTestCase(CallTestCaseKeyword.groovy:81)
	at com.kms.katalon.core.keyword.builtin.CallTestCaseKeyword.execute(CallTestCaseKeyword.groovy:44)
	at com.kms.katalon.core.keyword.internal.KeywordExecutor.executeKeywordForPlatform(KeywordExecutor.groovy:74)
	at com.kms.katalon.core.keyword.BuiltinKeywords.callTestCase(BuiltinKeywords.groovy:310)
	at SA-003.run(SA-003:20)
	at com.kms.katalon.core.main.ScriptEngine.run(ScriptEngine.java:194)
	at com.kms.katalon.core.main.ScriptEngine.runScriptAsRawText(ScriptEngine.java:119)
	at com.kms.katalon.core.main.TestCaseExecutor.runScript(TestCaseExecutor.java:448)
	at com.kms.katalon.core.main.TestCaseExecutor.doExecute(TestCaseExecutor.java:439)
	at com.kms.katalon.core.main.TestCaseExecutor.processExecutionPhase(TestCaseExecutor.java:418)
	at com.kms.katalon.core.main.TestCaseExecutor.accessMainPhase(TestCaseExecutor.java:410)
	at com.kms.katalon.core.main.TestCaseExecutor.execute(TestCaseExecutor.java:285)
	at com.kms.katalon.core.main.TestCaseMain.runTestCase(TestCaseMain.java:144)
	at com.kms.katalon.core.keyword.builtin.CallTestCaseKeyword$_callTestCase_closure1.doCall(CallTestCaseKeyword.groovy:59)
	at com.kms.katalon.core.keyword.builtin.CallTestCaseKeyword$_callTestCase_closure1.call(CallTestCaseKeyword.groovy)
	at com.kms.katalon.core.keyword.internal.KeywordMain.runKeyword(KeywordMain.groovy:75)
	at com.kms.katalon.core.keyword.builtin.CallTestCaseKeyword.callTestCase(CallTestCaseKeyword.groovy:81)
	at com.kms.katalon.core.keyword.builtin.CallTestCaseKeyword.execute(CallTestCaseKeyword.groovy:44)
	at com.kms.katalon.core.keyword.internal.KeywordExecutor.executeKeywordForPlatform(KeywordExecutor.groovy:74)
	at com.kms.katalon.core.keyword.BuiltinKeywords.callTestCase(BuiltinKeywords.groovy:310)
	at SU-010.run(SU-010:20)
	at com.kms.katalon.core.main.ScriptEngine.run(ScriptEngine.java:194)
	at com.kms.katalon.core.main.ScriptEngine.runScriptAsRawText(ScriptEngine.java:119)
	at com.kms.katalon.core.main.TestCaseExecutor.runScript(TestCaseExecutor.java:448)
	at com.kms.katalon.core.main.TestCaseExecutor.doExecute(TestCaseExecutor.java:439)
	at com.kms.katalon.core.main.TestCaseExecutor.processExecutionPhase(TestCaseExecutor.java:418)
	at com.kms.katalon.core.main.TestCaseExecutor.accessMainPhase(TestCaseExecutor.java:410)
	at com.kms.katalon.core.main.TestCaseExecutor.execute(TestCaseExecutor.java:285)
	at com.kms.katalon.core.common.CommonExecutor.accessTestCaseMainPhase(CommonExecutor.java:65)
	at com.kms.katalon.core.main.TestSuiteExecutor.accessTestSuiteMainPhase(TestSuiteExecutor.java:148)
	at com.kms.katalon.core.main.TestSuiteExecutor.execute(TestSuiteExecutor.java:106)
	at com.kms.katalon.core.main.TestCaseMain.startTestSuite(TestCaseMain.java:187)
	at com.kms.katalon.core.main.TestCaseMain$startTestSuite$0.call(Unknown Source)
	at TempTestSuite1696420804604.run(TempTestSuite1696420804604.groovy:36)
Caused by: com.kms.katalon.core.exception.StepFailedException: Call Test Case 'Test Cases/T13 Pembelian, Shipment dan Pembayaran/PBL-004' failed
	at com.kms.katalon.core.keyword.builtin.CallTestCaseKeyword$_callTestCase_closure1.doCall(CallTestCaseKeyword.groovy:63)
	at com.kms.katalon.core.keyword.builtin.CallTestCaseKeyword$_callTestCase_closure1.call(CallTestCaseKeyword.groovy)
	at com.kms.katalon.core.keyword.internal.KeywordMain.runKeyword(KeywordMain.groovy:75)
	at com.kms.katalon.core.keyword.builtin.CallTestCaseKeyword.callTestCase(CallTestCaseKeyword.groovy:81)
	at com.kms.katalon.core.keyword.builtin.CallTestCaseKeyword.execute(CallTestCaseKeyword.groovy:44)
	at com.kms.katalon.core.keyword.internal.KeywordExecutor.executeKeywordForPlatform(KeywordExecutor.groovy:74)
	at com.kms.katalon.core.keyword.BuiltinKeywords.callTestCase(BuiltinKeywords.groovy:310)
	at PBY-001.run(PBY-001:20)
	at com.kms.katalon.core.main.ScriptEngine.run(ScriptEngine.java:194)
	at com.kms.katalon.core.main.ScriptEngine.runScriptAsRawText(ScriptEngine.java:119)
	at com.kms.katalon.core.main.TestCaseExecutor.runScript(TestCaseExecutor.java:448)
	at com.kms.katalon.core.main.TestCaseExecutor.doExecute(TestCaseExecutor.java:439)
	at com.kms.katalon.core.main.TestCaseExecutor.processExecutionPhase(TestCaseExecutor.java:418)
	at com.kms.katalon.core.main.TestCaseExecutor.accessMainPhase(TestCaseExecutor.java:410)
	at com.kms.katalon.core.main.TestCaseExecutor.execute(TestCaseExecutor.java:285)
	at com.kms.katalon.core.main.TestCaseMain.runTestCase(TestCaseMain.java:144)
	at com.kms.katalon.core.keyword.builtin.CallTestCaseKeyword$_callTestCase_closure1.doCall(CallTestCaseKeyword.groovy:59)
	... 100 more
Caused by: com.kms.katalon.core.exception.StepFailedException: Call Test Case 'Test Cases/T13 Pembelian, Shipment dan Pembayaran/PBL-002' failed
	at com.kms.katalon.core.keyword.builtin.CallTestCaseKeyword$_callTestCase_closure1.doCall(CallTestCaseKeyword.groovy:63)
	at com.kms.katalon.core.keyword.builtin.CallTestCaseKeyword$_callTestCase_closure1.call(CallTestCaseKeyword.groovy)
	at com.kms.katalon.core.keyword.internal.KeywordMain.runKeyword(KeywordMain.groovy:75)
	at com.kms.katalon.core.keyword.builtin.CallTestCaseKeyword.callTestCase(CallTestCaseKeyword.groovy:81)
	at com.kms.katalon.core.keyword.builtin.CallTestCaseKeyword.execute(CallTestCaseKeyword.groovy:44)
	at com.kms.katalon.core.keyword.internal.KeywordExecutor.executeKeywordForPlatform(KeywordExecutor.groovy:74)
	at com.kms.katalon.core.keyword.BuiltinKeywords.callTestCase(BuiltinKeywords.groovy:310)
	at PBL-004.run(PBL-004:20)
	at com.kms.katalon.core.main.ScriptEngine.run(ScriptEngine.java:194)
	at com.kms.katalon.core.main.ScriptEngine.runScriptAsRawText(ScriptEngine.java:119)
	at com.kms.katalon.core.main.TestCaseExecutor.runScript(TestCaseExecutor.java:448)
	at com.kms.katalon.core.main.TestCaseExecutor.doExecute(TestCaseExecutor.java:439)
	at com.kms.katalon.core.main.TestCaseExecutor.processExecutionPhase(TestCaseExecutor.java:418)
	at com.kms.katalon.core.main.TestCaseExecutor.accessMainPhase(TestCaseExecutor.java:410)
	at com.kms.katalon.core.main.TestCaseExecutor.execute(TestCaseExecutor.java:285)
	at com.kms.katalon.core.main.TestCaseMain.runTestCase(TestCaseMain.java:144)
	at com.kms.katalon.core.keyword.builtin.CallTestCaseKeyword$_callTestCase_closure1.doCall(CallTestCaseKeyword.groovy:59)
	... 116 more
Caused by: com.kms.katalon.core.exception.StepFailedException: Unable to click on object 'Object Repository/beli barang/Lihat Sekarang'
	at com.kms.katalon.core.webui.keyword.internal.WebUIKeywordMain.stepFailed(WebUIKeywordMain.groovy:64)
	at com.kms.katalon.core.webui.keyword.internal.WebUIKeywordMain.runKeyword(WebUIKeywordMain.groovy:26)
	at com.kms.katalon.core.webui.keyword.builtin.ClickKeyword.click(ClickKeyword.groovy:74)
	at com.kms.katalon.core.webui.keyword.builtin.ClickKeyword.execute(ClickKeyword.groovy:40)
	at com.kms.katalon.core.keyword.internal.KeywordExecutor.executeKeywordForPlatform(KeywordExecutor.groovy:74)
	at com.kms.katalon.core.webui.keyword.WebUiBuiltInKeywords.click(WebUiBuiltInKeywords.groovy:620)
	at com.kms.katalon.core.webui.keyword.WebUiBuiltInKeywords$click$2.call(Unknown Source)
	at PBL-002.run(PBL-002:25)
	at com.kms.katalon.core.main.ScriptEngine.run(ScriptEngine.java:194)
	at com.kms.katalon.core.main.ScriptEngine.runScriptAsRawText(ScriptEngine.java:119)
	at com.kms.katalon.core.main.TestCaseExecutor.runScript(TestCaseExecutor.java:448)
	at com.kms.katalon.core.main.TestCaseExecutor.doExecute(TestCaseExecutor.java:439)
	at com.kms.katalon.core.main.TestCaseExecutor.processExecutionPhase(TestCaseExecutor.java:418)
	at com.kms.katalon.core.main.TestCaseExecutor.accessMainPhase(TestCaseExecutor.java:410)
	at com.kms.katalon.core.main.TestCaseExecutor.execute(TestCaseExecutor.java:285)
	at com.kms.katalon.core.main.TestCaseMain.runTestCase(TestCaseMain.java:144)
	at com.kms.katalon.core.keyword.builtin.CallTestCaseKeyword$_callTestCase_closure1.doCall(CallTestCaseKeyword.groovy:59)
	... 132 more
Caused by: org.openqa.selenium.ElementNotInteractableException: Element <a class="ps-btn ps-btn--fullwidth" href="https://10.9.2.63/ecommerce/produk/keranjang"> could not be scrolled into view
Build info: version: '3.141.59', revision: 'e82be7d358', time: '2018-11-14T08:25:53'
System info: host: 'DESKTOP-H62FVJ8', ip: '10.9.2.72', os.name: 'Windows 10', os.arch: 'amd64', os.version: '10.0', java.version: '1.8.0_362'
Driver info: com.kms.katalon.core.webui.driver.firefox.CGeckoDriver
Capabilities {acceptInsecureCerts: true, browserName: firefox, browserVersion: 117.0.1, javascriptEnabled: true, moz:accessibilityChecks: false, moz:buildID: 20230912013654, moz:geckodriverVersion: 0.33.0, moz:headless: false, moz:platformVersion: 10.0, moz:processID: 17188, moz:profile: C:\Users\IRFAN\AppData\Loca..., moz:shutdownTimeout: 60000, moz:webdriverClick: true, moz:windowless: false, pageLoadStrategy: normal, platform: WINDOWS, platformName: WINDOWS, proxy: Proxy(direct), setWindowRect: true, strictFileInteractability: false, timeouts: {implicit: 0, pageLoad: 300000, script: 30000}, unhandledPromptBehavior: dismiss and notify}
Session ID: 04cf3b6c-2b0e-450a-a181-9467d554da97
	at org.openqa.selenium.remote.http.W3CHttpResponseCodec.createException(W3CHttpResponseCodec.java:187)
	at org.openqa.selenium.remote.http.W3CHttpResponseCodec.decode(W3CHttpResponseCodec.java:122)
	at org.openqa.selenium.remote.http.W3CHttpResponseCodec.decode(W3CHttpResponseCodec.java:49)
	at org.openqa.selenium.remote.HttpCommandExecutor.execute(HttpCommandExecutor.java:158)
	at org.openqa.selenium.remote.service.DriverCommandExecutor.execute(DriverCommandExecutor.java:83)
	at org.openqa.selenium.remote.RemoteWebDriver.execute(RemoteWebDriver.java:552)
	at com.kms.katalon.selenium.driver.CFirefoxDriver.execute(CFirefoxDriver.java:27)
	at org.openqa.selenium.remote.RemoteWebElement.execute(RemoteWebElement.java:285)
	at org.openqa.selenium.remote.RemoteWebElement.click(RemoteWebElement.java:84)
	at org.openqa.selenium.support.events.EventFiringWebDriver$EventFiringWebElement.lambda$new$0(EventFiringWebDriver.java:404)
	at com.sun.proxy.$Proxy11.click(Unknown Source)
	at org.openqa.selenium.support.events.EventFiringWebDriver$EventFiringWebElement.click(EventFiringWebDriver.java:417)
	at org.openqa.selenium.WebElement$click.call(Unknown Source)
	at com.kms.katalon.core.webui.keyword.builtin.ClickKeyword.clickUntilSuccessWithTimeout(ClickKeyword.groovy:81)
	at com.kms.katalon.core.webui.keyword.builtin.ClickKeyword.clickUntilSuccessWithTimeout(ClickKeyword.groovy)
	at com.kms.katalon.core.webui.keyword.builtin.ClickKeyword$_click_closure1.doCall(ClickKeyword.groovy:67)
	at com.kms.katalon.core.webui.keyword.builtin.ClickKeyword$_click_closure1.call(ClickKeyword.groovy)
	at com.kms.katalon.core.webui.keyword.internal.WebUIKeywordMain.runKeyword(WebUIKeywordMain.groovy:20)
	... 147 more
)

2023-10-04 19:57:42 - [MESSAGE][FAILED] - Unable to call Test Case 'Test Cases/T13 Pembelian, Shipment dan Pembayaran/PBY-004' (Root cause: com.kms.katalon.core.exception.StepFailedException: Call Test Case 'Test Cases/T13 Pembelian, Shipment dan Pembayaran/PBY-004' failed
	at com.kms.katalon.core.keyword.builtin.CallTestCaseKeyword$_callTestCase_closure1.doCall(CallTestCaseKeyword.groovy:63)
	at com.kms.katalon.core.keyword.builtin.CallTestCaseKeyword$_callTestCase_closure1.call(CallTestCaseKeyword.groovy)
	at com.kms.katalon.core.keyword.internal.KeywordMain.runKeyword(KeywordMain.groovy:75)
	at com.kms.katalon.core.keyword.builtin.CallTestCaseKeyword.callTestCase(CallTestCaseKeyword.groovy:81)
	at com.kms.katalon.core.keyword.builtin.CallTestCaseKeyword.execute(CallTestCaseKeyword.groovy:44)
	at com.kms.katalon.core.keyword.internal.KeywordExecutor.executeKeywordForPlatform(KeywordExecutor.groovy:74)
	at com.kms.katalon.core.keyword.BuiltinKeywords.callTestCase(BuiltinKeywords.groovy:310)
	at PBYA-001.run(PBYA-001:20)
	at com.kms.katalon.core.main.ScriptEngine.run(ScriptEngine.java:194)
	at com.kms.katalon.core.main.ScriptEngine.runScriptAsRawText(ScriptEngine.java:119)
	at com.kms.katalon.core.main.TestCaseExecutor.runScript(TestCaseExecutor.java:448)
	at com.kms.katalon.core.main.TestCaseExecutor.doExecute(TestCaseExecutor.java:439)
	at com.kms.katalon.core.main.TestCaseExecutor.processExecutionPhase(TestCaseExecutor.java:418)
	at com.kms.katalon.core.main.TestCaseExecutor.accessMainPhase(TestCaseExecutor.java:410)
	at com.kms.katalon.core.main.TestCaseExecutor.execute(TestCaseExecutor.java:285)
	at com.kms.katalon.core.main.TestCaseMain.runTestCase(TestCaseMain.java:144)
	at com.kms.katalon.core.keyword.builtin.CallTestCaseKeyword$_callTestCase_closure1.doCall(CallTestCaseKeyword.groovy:59)
	at com.kms.katalon.core.keyword.builtin.CallTestCaseKeyword$_callTestCase_closure1.call(CallTestCaseKeyword.groovy)
	at com.kms.katalon.core.keyword.internal.KeywordMain.runKeyword(KeywordMain.groovy:75)
	at com.kms.katalon.core.keyword.builtin.CallTestCaseKeyword.callTestCase(CallTestCaseKeyword.groovy:81)
	at com.kms.katalon.core.keyword.builtin.CallTestCaseKeyword.execute(CallTestCaseKeyword.groovy:44)
	at com.kms.katalon.core.keyword.internal.KeywordExecutor.executeKeywordForPlatform(KeywordExecutor.groovy:74)
	at com.kms.katalon.core.keyword.BuiltinKeywords.callTestCase(BuiltinKeywords.groovy:310)
	at SA-001.run(SA-001:20)
	at com.kms.katalon.core.main.ScriptEngine.run(ScriptEngine.java:194)
	at com.kms.katalon.core.main.ScriptEngine.runScriptAsRawText(ScriptEngine.java:119)
	at com.kms.katalon.core.main.TestCaseExecutor.runScript(TestCaseExecutor.java:448)
	at com.kms.katalon.core.main.TestCaseExecutor.doExecute(TestCaseExecutor.java:439)
	at com.kms.katalon.core.main.TestCaseExecutor.processExecutionPhase(TestCaseExecutor.java:418)
	at com.kms.katalon.core.main.TestCaseExecutor.accessMainPhase(TestCaseExecutor.java:410)
	at com.kms.katalon.core.main.TestCaseExecutor.execute(TestCaseExecutor.java:285)
	at com.kms.katalon.core.main.TestCaseMain.runTestCase(TestCaseMain.java:144)
	at com.kms.katalon.core.keyword.builtin.CallTestCaseKeyword$_callTestCase_closure1.doCall(CallTestCaseKeyword.groovy:59)
	at com.kms.katalon.core.keyword.builtin.CallTestCaseKeyword$_callTestCase_closure1.call(CallTestCaseKeyword.groovy)
	at com.kms.katalon.core.keyword.internal.KeywordMain.runKeyword(KeywordMain.groovy:75)
	at com.kms.katalon.core.keyword.builtin.CallTestCaseKeyword.callTestCase(CallTestCaseKeyword.groovy:81)
	at com.kms.katalon.core.keyword.builtin.CallTestCaseKeyword.execute(CallTestCaseKeyword.groovy:44)
	at com.kms.katalon.core.keyword.internal.KeywordExecutor.executeKeywordForPlatform(KeywordExecutor.groovy:74)
	at com.kms.katalon.core.keyword.BuiltinKeywords.callTestCase(BuiltinKeywords.groovy:310)
	at SA-002.run(SA-002:20)
	at com.kms.katalon.core.main.ScriptEngine.run(ScriptEngine.java:194)
	at com.kms.katalon.core.main.ScriptEngine.runScriptAsRawText(ScriptEngine.java:119)
	at com.kms.katalon.core.main.TestCaseExecutor.runScript(TestCaseExecutor.java:448)
	at com.kms.katalon.core.main.TestCaseExecutor.doExecute(TestCaseExecutor.java:439)
	at com.kms.katalon.core.main.TestCaseExecutor.processExecutionPhase(TestCaseExecutor.java:418)
	at com.kms.katalon.core.main.TestCaseExecutor.accessMainPhase(TestCaseExecutor.java:410)
	at com.kms.katalon.core.main.TestCaseExecutor.execute(TestCaseExecutor.java:285)
	at com.kms.katalon.core.main.TestCaseMain.runTestCase(TestCaseMain.java:144)
	at com.kms.katalon.core.keyword.builtin.CallTestCaseKeyword$_callTestCase_closure1.doCall(CallTestCaseKeyword.groovy:59)
	at com.kms.katalon.core.keyword.builtin.CallTestCaseKeyword$_callTestCase_closure1.call(CallTestCaseKeyword.groovy)
	at com.kms.katalon.core.keyword.internal.KeywordMain.runKeyword(KeywordMain.groovy:75)
	at com.kms.katalon.core.keyword.builtin.CallTestCaseKeyword.callTestCase(CallTestCaseKeyword.groovy:81)
	at com.kms.katalon.core.keyword.builtin.CallTestCaseKeyword.execute(CallTestCaseKeyword.groovy:44)
	at com.kms.katalon.core.keyword.internal.KeywordExecutor.executeKeywordForPlatform(KeywordExecutor.groovy:74)
	at com.kms.katalon.core.keyword.BuiltinKeywords.callTestCase(BuiltinKeywords.groovy:310)
	at SA-003.run(SA-003:20)
	at com.kms.katalon.core.main.ScriptEngine.run(ScriptEngine.java:194)
	at com.kms.katalon.core.main.ScriptEngine.runScriptAsRawText(ScriptEngine.java:119)
	at com.kms.katalon.core.main.TestCaseExecutor.runScript(TestCaseExecutor.java:448)
	at com.kms.katalon.core.main.TestCaseExecutor.doExecute(TestCaseExecutor.java:439)
	at com.kms.katalon.core.main.TestCaseExecutor.processExecutionPhase(TestCaseExecutor.java:418)
	at com.kms.katalon.core.main.TestCaseExecutor.accessMainPhase(TestCaseExecutor.java:410)
	at com.kms.katalon.core.main.TestCaseExecutor.execute(TestCaseExecutor.java:285)
	at com.kms.katalon.core.main.TestCaseMain.runTestCase(TestCaseMain.java:144)
	at com.kms.katalon.core.keyword.builtin.CallTestCaseKeyword$_callTestCase_closure1.doCall(CallTestCaseKeyword.groovy:59)
	at com.kms.katalon.core.keyword.builtin.CallTestCaseKeyword$_callTestCase_closure1.call(CallTestCaseKeyword.groovy)
	at com.kms.katalon.core.keyword.internal.KeywordMain.runKeyword(KeywordMain.groovy:75)
	at com.kms.katalon.core.keyword.builtin.CallTestCaseKeyword.callTestCase(CallTestCaseKeyword.groovy:81)
	at com.kms.katalon.core.keyword.builtin.CallTestCaseKeyword.execute(CallTestCaseKeyword.groovy:44)
	at com.kms.katalon.core.keyword.internal.KeywordExecutor.executeKeywordForPlatform(KeywordExecutor.groovy:74)
	at com.kms.katalon.core.keyword.BuiltinKeywords.callTestCase(BuiltinKeywords.groovy:310)
	at SU-010.run(SU-010:20)
	at com.kms.katalon.core.main.ScriptEngine.run(ScriptEngine.java:194)
	at com.kms.katalon.core.main.ScriptEngine.runScriptAsRawText(ScriptEngine.java:119)
	at com.kms.katalon.core.main.TestCaseExecutor.runScript(TestCaseExecutor.java:448)
	at com.kms.katalon.core.main.TestCaseExecutor.doExecute(TestCaseExecutor.java:439)
	at com.kms.katalon.core.main.TestCaseExecutor.processExecutionPhase(TestCaseExecutor.java:418)
	at com.kms.katalon.core.main.TestCaseExecutor.accessMainPhase(TestCaseExecutor.java:410)
	at com.kms.katalon.core.main.TestCaseExecutor.execute(TestCaseExecutor.java:285)
	at com.kms.katalon.core.common.CommonExecutor.accessTestCaseMainPhase(CommonExecutor.java:65)
	at com.kms.katalon.core.main.TestSuiteExecutor.accessTestSuiteMainPhase(TestSuiteExecutor.java:148)
	at com.kms.katalon.core.main.TestSuiteExecutor.execute(TestSuiteExecutor.java:106)
	at com.kms.katalon.core.main.TestCaseMain.startTestSuite(TestCaseMain.java:187)
	at com.kms.katalon.core.main.TestCaseMain$startTestSuite$0.call(Unknown Source)
	at TempTestSuite1696420804604.run(TempTestSuite1696420804604.groovy:36)
Caused by: com.kms.katalon.core.exception.StepFailedException: Call Test Case 'Test Cases/T13 Pembelian, Shipment dan Pembayaran/PBY-001' failed
	at com.kms.katalon.core.keyword.builtin.CallTestCaseKeyword$_callTestCase_closure1.doCall(CallTestCaseKeyword.groovy:63)
	at com.kms.katalon.core.keyword.builtin.CallTestCaseKeyword$_callTestCase_closure1.call(CallTestCaseKeyword.groovy)
	at com.kms.katalon.core.keyword.internal.KeywordMain.runKeyword(KeywordMain.groovy:75)
	at com.kms.katalon.core.keyword.builtin.CallTestCaseKeyword.callTestCase(CallTestCaseKeyword.groovy:81)
	at com.kms.katalon.core.keyword.builtin.CallTestCaseKeyword.execute(CallTestCaseKeyword.groovy:44)
	at com.kms.katalon.core.keyword.internal.KeywordExecutor.executeKeywordForPlatform(KeywordExecutor.groovy:74)
	at com.kms.katalon.core.keyword.BuiltinKeywords.callTestCase(BuiltinKeywords.groovy:310)
	at PBY-004.run(PBY-004:20)
	at com.kms.katalon.core.main.ScriptEngine.run(ScriptEngine.java:194)
	at com.kms.katalon.core.main.ScriptEngine.runScriptAsRawText(ScriptEngine.java:119)
	at com.kms.katalon.core.main.TestCaseExecutor.runScript(TestCaseExecutor.java:448)
	at com.kms.katalon.core.main.TestCaseExecutor.doExecute(TestCaseExecutor.java:439)
	at com.kms.katalon.core.main.TestCaseExecutor.processExecutionPhase(TestCaseExecutor.java:418)
	at com.kms.katalon.core.main.TestCaseExecutor.accessMainPhase(TestCaseExecutor.java:410)
	at com.kms.katalon.core.main.TestCaseExecutor.execute(TestCaseExecutor.java:285)
	at com.kms.katalon.core.main.TestCaseMain.runTestCase(TestCaseMain.java:144)
	at com.kms.katalon.core.keyword.builtin.CallTestCaseKeyword$_callTestCase_closure1.doCall(CallTestCaseKeyword.groovy:59)
	... 84 more
Caused by: com.kms.katalon.core.exception.StepFailedException: Call Test Case 'Test Cases/T13 Pembelian, Shipment dan Pembayaran/PBL-004' failed
	at com.kms.katalon.core.keyword.builtin.CallTestCaseKeyword$_callTestCase_closure1.doCall(CallTestCaseKeyword.groovy:63)
	at com.kms.katalon.core.keyword.builtin.CallTestCaseKeyword$_callTestCase_closure1.call(CallTestCaseKeyword.groovy)
	at com.kms.katalon.core.keyword.internal.KeywordMain.runKeyword(KeywordMain.groovy:75)
	at com.kms.katalon.core.keyword.builtin.CallTestCaseKeyword.callTestCase(CallTestCaseKeyword.groovy:81)
	at com.kms.katalon.core.keyword.builtin.CallTestCaseKeyword.execute(CallTestCaseKeyword.groovy:44)
	at com.kms.katalon.core.keyword.internal.KeywordExecutor.executeKeywordForPlatform(KeywordExecutor.groovy:74)
	at com.kms.katalon.core.keyword.BuiltinKeywords.callTestCase(BuiltinKeywords.groovy:310)
	at PBY-001.run(PBY-001:20)
	at com.kms.katalon.core.main.ScriptEngine.run(ScriptEngine.java:194)
	at com.kms.katalon.core.main.ScriptEngine.runScriptAsRawText(ScriptEngine.java:119)
	at com.kms.katalon.core.main.TestCaseExecutor.runScript(TestCaseExecutor.java:448)
	at com.kms.katalon.core.main.TestCaseExecutor.doExecute(TestCaseExecutor.java:439)
	at com.kms.katalon.core.main.TestCaseExecutor.processExecutionPhase(TestCaseExecutor.java:418)
	at com.kms.katalon.core.main.TestCaseExecutor.accessMainPhase(TestCaseExecutor.java:410)
	at com.kms.katalon.core.main.TestCaseExecutor.execute(TestCaseExecutor.java:285)
	at com.kms.katalon.core.main.TestCaseMain.runTestCase(TestCaseMain.java:144)
	at com.kms.katalon.core.keyword.builtin.CallTestCaseKeyword$_callTestCase_closure1.doCall(CallTestCaseKeyword.groovy:59)
	... 100 more
Caused by: com.kms.katalon.core.exception.StepFailedException: Call Test Case 'Test Cases/T13 Pembelian, Shipment dan Pembayaran/PBL-002' failed
	at com.kms.katalon.core.keyword.builtin.CallTestCaseKeyword$_callTestCase_closure1.doCall(CallTestCaseKeyword.groovy:63)
	at com.kms.katalon.core.keyword.builtin.CallTestCaseKeyword$_callTestCase_closure1.call(CallTestCaseKeyword.groovy)
	at com.kms.katalon.core.keyword.internal.KeywordMain.runKeyword(KeywordMain.groovy:75)
	at com.kms.katalon.core.keyword.builtin.CallTestCaseKeyword.callTestCase(CallTestCaseKeyword.groovy:81)
	at com.kms.katalon.core.keyword.builtin.CallTestCaseKeyword.execute(CallTestCaseKeyword.groovy:44)
	at com.kms.katalon.core.keyword.internal.KeywordExecutor.executeKeywordForPlatform(KeywordExecutor.groovy:74)
	at com.kms.katalon.core.keyword.BuiltinKeywords.callTestCase(BuiltinKeywords.groovy:310)
	at PBL-004.run(PBL-004:20)
	at com.kms.katalon.core.main.ScriptEngine.run(ScriptEngine.java:194)
	at com.kms.katalon.core.main.ScriptEngine.runScriptAsRawText(ScriptEngine.java:119)
	at com.kms.katalon.core.main.TestCaseExecutor.runScript(TestCaseExecutor.java:448)
	at com.kms.katalon.core.main.TestCaseExecutor.doExecute(TestCaseExecutor.java:439)
	at com.kms.katalon.core.main.TestCaseExecutor.processExecutionPhase(TestCaseExecutor.java:418)
	at com.kms.katalon.core.main.TestCaseExecutor.accessMainPhase(TestCaseExecutor.java:410)
	at com.kms.katalon.core.main.TestCaseExecutor.execute(TestCaseExecutor.java:285)
	at com.kms.katalon.core.main.TestCaseMain.runTestCase(TestCaseMain.java:144)
	at com.kms.katalon.core.keyword.builtin.CallTestCaseKeyword$_callTestCase_closure1.doCall(CallTestCaseKeyword.groovy:59)
	... 116 more
Caused by: com.kms.katalon.core.exception.StepFailedException: Unable to click on object 'Object Repository/beli barang/Lihat Sekarang'
	at com.kms.katalon.core.webui.keyword.internal.WebUIKeywordMain.stepFailed(WebUIKeywordMain.groovy:64)
	at com.kms.katalon.core.webui.keyword.internal.WebUIKeywordMain.runKeyword(WebUIKeywordMain.groovy:26)
	at com.kms.katalon.core.webui.keyword.builtin.ClickKeyword.click(ClickKeyword.groovy:74)
	at com.kms.katalon.core.webui.keyword.builtin.ClickKeyword.execute(ClickKeyword.groovy:40)
	at com.kms.katalon.core.keyword.internal.KeywordExecutor.executeKeywordForPlatform(KeywordExecutor.groovy:74)
	at com.kms.katalon.core.webui.keyword.WebUiBuiltInKeywords.click(WebUiBuiltInKeywords.groovy:620)
	at com.kms.katalon.core.webui.keyword.WebUiBuiltInKeywords$click$2.call(Unknown Source)
	at PBL-002.run(PBL-002:25)
	at com.kms.katalon.core.main.ScriptEngine.run(ScriptEngine.java:194)
	at com.kms.katalon.core.main.ScriptEngine.runScriptAsRawText(ScriptEngine.java:119)
	at com.kms.katalon.core.main.TestCaseExecutor.runScript(TestCaseExecutor.java:448)
	at com.kms.katalon.core.main.TestCaseExecutor.doExecute(TestCaseExecutor.java:439)
	at com.kms.katalon.core.main.TestCaseExecutor.processExecutionPhase(TestCaseExecutor.java:418)
	at com.kms.katalon.core.main.TestCaseExecutor.accessMainPhase(TestCaseExecutor.java:410)
	at com.kms.katalon.core.main.TestCaseExecutor.execute(TestCaseExecutor.java:285)
	at com.kms.katalon.core.main.TestCaseMain.runTestCase(TestCaseMain.java:144)
	at com.kms.katalon.core.keyword.builtin.CallTestCaseKeyword$_callTestCase_closure1.doCall(CallTestCaseKeyword.groovy:59)
	... 132 more
Caused by: org.openqa.selenium.ElementNotInteractableException: Element <a class="ps-btn ps-btn--fullwidth" href="https://10.9.2.63/ecommerce/produk/keranjang"> could not be scrolled into view
Build info: version: '3.141.59', revision: 'e82be7d358', time: '2018-11-14T08:25:53'
System info: host: 'DESKTOP-H62FVJ8', ip: '10.9.2.72', os.name: 'Windows 10', os.arch: 'amd64', os.version: '10.0', java.version: '1.8.0_362'
Driver info: com.kms.katalon.core.webui.driver.firefox.CGeckoDriver
Capabilities {acceptInsecureCerts: true, browserName: firefox, browserVersion: 117.0.1, javascriptEnabled: true, moz:accessibilityChecks: false, moz:buildID: 20230912013654, moz:geckodriverVersion: 0.33.0, moz:headless: false, moz:platformVersion: 10.0, moz:processID: 17188, moz:profile: C:\Users\IRFAN\AppData\Loca..., moz:shutdownTimeout: 60000, moz:webdriverClick: true, moz:windowless: false, pageLoadStrategy: normal, platform: WINDOWS, platformName: WINDOWS, proxy: Proxy(direct), setWindowRect: true, strictFileInteractability: false, timeouts: {implicit: 0, pageLoad: 300000, script: 30000}, unhandledPromptBehavior: dismiss and notify}
Session ID: 04cf3b6c-2b0e-450a-a181-9467d554da97
	at org.openqa.selenium.remote.http.W3CHttpResponseCodec.createException(W3CHttpResponseCodec.java:187)
	at org.openqa.selenium.remote.http.W3CHttpResponseCodec.decode(W3CHttpResponseCodec.java:122)
	at org.openqa.selenium.remote.http.W3CHttpResponseCodec.decode(W3CHttpResponseCodec.java:49)
	at org.openqa.selenium.remote.HttpCommandExecutor.execute(HttpCommandExecutor.java:158)
	at org.openqa.selenium.remote.service.DriverCommandExecutor.execute(DriverCommandExecutor.java:83)
	at org.openqa.selenium.remote.RemoteWebDriver.execute(RemoteWebDriver.java:552)
	at com.kms.katalon.selenium.driver.CFirefoxDriver.execute(CFirefoxDriver.java:27)
	at org.openqa.selenium.remote.RemoteWebElement.execute(RemoteWebElement.java:285)
	at org.openqa.selenium.remote.RemoteWebElement.click(RemoteWebElement.java:84)
	at org.openqa.selenium.support.events.EventFiringWebDriver$EventFiringWebElement.lambda$new$0(EventFiringWebDriver.java:404)
	at com.sun.proxy.$Proxy11.click(Unknown Source)
	at org.openqa.selenium.support.events.EventFiringWebDriver$EventFiringWebElement.click(EventFiringWebDriver.java:417)
	at org.openqa.selenium.WebElement$click.call(Unknown Source)
	at com.kms.katalon.core.webui.keyword.builtin.ClickKeyword.clickUntilSuccessWithTimeout(ClickKeyword.groovy:81)
	at com.kms.katalon.core.webui.keyword.builtin.ClickKeyword.clickUntilSuccessWithTimeout(ClickKeyword.groovy)
	at com.kms.katalon.core.webui.keyword.builtin.ClickKeyword$_click_closure1.doCall(ClickKeyword.groovy:67)
	at com.kms.katalon.core.webui.keyword.builtin.ClickKeyword$_click_closure1.call(ClickKeyword.groovy)
	at com.kms.katalon.core.webui.keyword.internal.WebUIKeywordMain.runKeyword(WebUIKeywordMain.groovy:20)
	... 147 more
)

2023-10-04 19:57:42 - [MESSAGE][FAILED] - Unable to call Test Case 'Test Cases/T13 Pembelian, Shipment dan Pembayaran/PBYA-001' (Root cause: com.kms.katalon.core.exception.StepFailedException: Call Test Case 'Test Cases/T13 Pembelian, Shipment dan Pembayaran/PBYA-001' failed
	at com.kms.katalon.core.keyword.builtin.CallTestCaseKeyword$_callTestCase_closure1.doCall(CallTestCaseKeyword.groovy:63)
	at com.kms.katalon.core.keyword.builtin.CallTestCaseKeyword$_callTestCase_closure1.call(CallTestCaseKeyword.groovy)
	at com.kms.katalon.core.keyword.internal.KeywordMain.runKeyword(KeywordMain.groovy:75)
	at com.kms.katalon.core.keyword.builtin.CallTestCaseKeyword.callTestCase(CallTestCaseKeyword.groovy:81)
	at com.kms.katalon.core.keyword.builtin.CallTestCaseKeyword.execute(CallTestCaseKeyword.groovy:44)
	at com.kms.katalon.core.keyword.internal.KeywordExecutor.executeKeywordForPlatform(KeywordExecutor.groovy:74)
	at com.kms.katalon.core.keyword.BuiltinKeywords.callTestCase(BuiltinKeywords.groovy:310)
	at SA-001.run(SA-001:20)
	at com.kms.katalon.core.main.ScriptEngine.run(ScriptEngine.java:194)
	at com.kms.katalon.core.main.ScriptEngine.runScriptAsRawText(ScriptEngine.java:119)
	at com.kms.katalon.core.main.TestCaseExecutor.runScript(TestCaseExecutor.java:448)
	at com.kms.katalon.core.main.TestCaseExecutor.doExecute(TestCaseExecutor.java:439)
	at com.kms.katalon.core.main.TestCaseExecutor.processExecutionPhase(TestCaseExecutor.java:418)
	at com.kms.katalon.core.main.TestCaseExecutor.accessMainPhase(TestCaseExecutor.java:410)
	at com.kms.katalon.core.main.TestCaseExecutor.execute(TestCaseExecutor.java:285)
	at com.kms.katalon.core.main.TestCaseMain.runTestCase(TestCaseMain.java:144)
	at com.kms.katalon.core.keyword.builtin.CallTestCaseKeyword$_callTestCase_closure1.doCall(CallTestCaseKeyword.groovy:59)
	at com.kms.katalon.core.keyword.builtin.CallTestCaseKeyword$_callTestCase_closure1.call(CallTestCaseKeyword.groovy)
	at com.kms.katalon.core.keyword.internal.KeywordMain.runKeyword(KeywordMain.groovy:75)
	at com.kms.katalon.core.keyword.builtin.CallTestCaseKeyword.callTestCase(CallTestCaseKeyword.groovy:81)
	at com.kms.katalon.core.keyword.builtin.CallTestCaseKeyword.execute(CallTestCaseKeyword.groovy:44)
	at com.kms.katalon.core.keyword.internal.KeywordExecutor.executeKeywordForPlatform(KeywordExecutor.groovy:74)
	at com.kms.katalon.core.keyword.BuiltinKeywords.callTestCase(BuiltinKeywords.groovy:310)
	at SA-002.run(SA-002:20)
	at com.kms.katalon.core.main.ScriptEngine.run(ScriptEngine.java:194)
	at com.kms.katalon.core.main.ScriptEngine.runScriptAsRawText(ScriptEngine.java:119)
	at com.kms.katalon.core.main.TestCaseExecutor.runScript(TestCaseExecutor.java:448)
	at com.kms.katalon.core.main.TestCaseExecutor.doExecute(TestCaseExecutor.java:439)
	at com.kms.katalon.core.main.TestCaseExecutor.processExecutionPhase(TestCaseExecutor.java:418)
	at com.kms.katalon.core.main.TestCaseExecutor.accessMainPhase(TestCaseExecutor.java:410)
	at com.kms.katalon.core.main.TestCaseExecutor.execute(TestCaseExecutor.java:285)
	at com.kms.katalon.core.main.TestCaseMain.runTestCase(TestCaseMain.java:144)
	at com.kms.katalon.core.keyword.builtin.CallTestCaseKeyword$_callTestCase_closure1.doCall(CallTestCaseKeyword.groovy:59)
	at com.kms.katalon.core.keyword.builtin.CallTestCaseKeyword$_callTestCase_closure1.call(CallTestCaseKeyword.groovy)
	at com.kms.katalon.core.keyword.internal.KeywordMain.runKeyword(KeywordMain.groovy:75)
	at com.kms.katalon.core.keyword.builtin.CallTestCaseKeyword.callTestCase(CallTestCaseKeyword.groovy:81)
	at com.kms.katalon.core.keyword.builtin.CallTestCaseKeyword.execute(CallTestCaseKeyword.groovy:44)
	at com.kms.katalon.core.keyword.internal.KeywordExecutor.executeKeywordForPlatform(KeywordExecutor.groovy:74)
	at com.kms.katalon.core.keyword.BuiltinKeywords.callTestCase(BuiltinKeywords.groovy:310)
	at SA-003.run(SA-003:20)
	at com.kms.katalon.core.main.ScriptEngine.run(ScriptEngine.java:194)
	at com.kms.katalon.core.main.ScriptEngine.runScriptAsRawText(ScriptEngine.java:119)
	at com.kms.katalon.core.main.TestCaseExecutor.runScript(TestCaseExecutor.java:448)
	at com.kms.katalon.core.main.TestCaseExecutor.doExecute(TestCaseExecutor.java:439)
	at com.kms.katalon.core.main.TestCaseExecutor.processExecutionPhase(TestCaseExecutor.java:418)
	at com.kms.katalon.core.main.TestCaseExecutor.accessMainPhase(TestCaseExecutor.java:410)
	at com.kms.katalon.core.main.TestCaseExecutor.execute(TestCaseExecutor.java:285)
	at com.kms.katalon.core.main.TestCaseMain.runTestCase(TestCaseMain.java:144)
	at com.kms.katalon.core.keyword.builtin.CallTestCaseKeyword$_callTestCase_closure1.doCall(CallTestCaseKeyword.groovy:59)
	at com.kms.katalon.core.keyword.builtin.CallTestCaseKeyword$_callTestCase_closure1.call(CallTestCaseKeyword.groovy)
	at com.kms.katalon.core.keyword.internal.KeywordMain.runKeyword(KeywordMain.groovy:75)
	at com.kms.katalon.core.keyword.builtin.CallTestCaseKeyword.callTestCase(CallTestCaseKeyword.groovy:81)
	at com.kms.katalon.core.keyword.builtin.CallTestCaseKeyword.execute(CallTestCaseKeyword.groovy:44)
	at com.kms.katalon.core.keyword.internal.KeywordExecutor.executeKeywordForPlatform(KeywordExecutor.groovy:74)
	at com.kms.katalon.core.keyword.BuiltinKeywords.callTestCase(BuiltinKeywords.groovy:310)
	at SU-010.run(SU-010:20)
	at com.kms.katalon.core.main.ScriptEngine.run(ScriptEngine.java:194)
	at com.kms.katalon.core.main.ScriptEngine.runScriptAsRawText(ScriptEngine.java:119)
	at com.kms.katalon.core.main.TestCaseExecutor.runScript(TestCaseExecutor.java:448)
	at com.kms.katalon.core.main.TestCaseExecutor.doExecute(TestCaseExecutor.java:439)
	at com.kms.katalon.core.main.TestCaseExecutor.processExecutionPhase(TestCaseExecutor.java:418)
	at com.kms.katalon.core.main.TestCaseExecutor.accessMainPhase(TestCaseExecutor.java:410)
	at com.kms.katalon.core.main.TestCaseExecutor.execute(TestCaseExecutor.java:285)
	at com.kms.katalon.core.common.CommonExecutor.accessTestCaseMainPhase(CommonExecutor.java:65)
	at com.kms.katalon.core.main.TestSuiteExecutor.accessTestSuiteMainPhase(TestSuiteExecutor.java:148)
	at com.kms.katalon.core.main.TestSuiteExecutor.execute(TestSuiteExecutor.java:106)
	at com.kms.katalon.core.main.TestCaseMain.startTestSuite(TestCaseMain.java:187)
	at com.kms.katalon.core.main.TestCaseMain$startTestSuite$0.call(Unknown Source)
	at TempTestSuite1696420804604.run(TempTestSuite1696420804604.groovy:36)
Caused by: com.kms.katalon.core.exception.StepFailedException: Call Test Case 'Test Cases/T13 Pembelian, Shipment dan Pembayaran/PBY-004' failed
	at com.kms.katalon.core.keyword.builtin.CallTestCaseKeyword$_callTestCase_closure1.doCall(CallTestCaseKeyword.groovy:63)
	at com.kms.katalon.core.keyword.builtin.CallTestCaseKeyword$_callTestCase_closure1.call(CallTestCaseKeyword.groovy)
	at com.kms.katalon.core.keyword.internal.KeywordMain.runKeyword(KeywordMain.groovy:75)
	at com.kms.katalon.core.keyword.builtin.CallTestCaseKeyword.callTestCase(CallTestCaseKeyword.groovy:81)
	at com.kms.katalon.core.keyword.builtin.CallTestCaseKeyword.execute(CallTestCaseKeyword.groovy:44)
	at com.kms.katalon.core.keyword.internal.KeywordExecutor.executeKeywordForPlatform(KeywordExecutor.groovy:74)
	at com.kms.katalon.core.keyword.BuiltinKeywords.callTestCase(BuiltinKeywords.groovy:310)
	at PBYA-001.run(PBYA-001:20)
	at com.kms.katalon.core.main.ScriptEngine.run(ScriptEngine.java:194)
	at com.kms.katalon.core.main.ScriptEngine.runScriptAsRawText(ScriptEngine.java:119)
	at com.kms.katalon.core.main.TestCaseExecutor.runScript(TestCaseExecutor.java:448)
	at com.kms.katalon.core.main.TestCaseExecutor.doExecute(TestCaseExecutor.java:439)
	at com.kms.katalon.core.main.TestCaseExecutor.processExecutionPhase(TestCaseExecutor.java:418)
	at com.kms.katalon.core.main.TestCaseExecutor.accessMainPhase(TestCaseExecutor.java:410)
	at com.kms.katalon.core.main.TestCaseExecutor.execute(TestCaseExecutor.java:285)
	at com.kms.katalon.core.main.TestCaseMain.runTestCase(TestCaseMain.java:144)
	at com.kms.katalon.core.keyword.builtin.CallTestCaseKeyword$_callTestCase_closure1.doCall(CallTestCaseKeyword.groovy:59)
	... 68 more
Caused by: com.kms.katalon.core.exception.StepFailedException: Call Test Case 'Test Cases/T13 Pembelian, Shipment dan Pembayaran/PBY-001' failed
	at com.kms.katalon.core.keyword.builtin.CallTestCaseKeyword$_callTestCase_closure1.doCall(CallTestCaseKeyword.groovy:63)
	at com.kms.katalon.core.keyword.builtin.CallTestCaseKeyword$_callTestCase_closure1.call(CallTestCaseKeyword.groovy)
	at com.kms.katalon.core.keyword.internal.KeywordMain.runKeyword(KeywordMain.groovy:75)
	at com.kms.katalon.core.keyword.builtin.CallTestCaseKeyword.callTestCase(CallTestCaseKeyword.groovy:81)
	at com.kms.katalon.core.keyword.builtin.CallTestCaseKeyword.execute(CallTestCaseKeyword.groovy:44)
	at com.kms.katalon.core.keyword.internal.KeywordExecutor.executeKeywordForPlatform(KeywordExecutor.groovy:74)
	at com.kms.katalon.core.keyword.BuiltinKeywords.callTestCase(BuiltinKeywords.groovy:310)
	at PBY-004.run(PBY-004:20)
	at com.kms.katalon.core.main.ScriptEngine.run(ScriptEngine.java:194)
	at com.kms.katalon.core.main.ScriptEngine.runScriptAsRawText(ScriptEngine.java:119)
	at com.kms.katalon.core.main.TestCaseExecutor.runScript(TestCaseExecutor.java:448)
	at com.kms.katalon.core.main.TestCaseExecutor.doExecute(TestCaseExecutor.java:439)
	at com.kms.katalon.core.main.TestCaseExecutor.processExecutionPhase(TestCaseExecutor.java:418)
	at com.kms.katalon.core.main.TestCaseExecutor.accessMainPhase(TestCaseExecutor.java:410)
	at com.kms.katalon.core.main.TestCaseExecutor.execute(TestCaseExecutor.java:285)
	at com.kms.katalon.core.main.TestCaseMain.runTestCase(TestCaseMain.java:144)
	at com.kms.katalon.core.keyword.builtin.CallTestCaseKeyword$_callTestCase_closure1.doCall(CallTestCaseKeyword.groovy:59)
	... 84 more
Caused by: com.kms.katalon.core.exception.StepFailedException: Call Test Case 'Test Cases/T13 Pembelian, Shipment dan Pembayaran/PBL-004' failed
	at com.kms.katalon.core.keyword.builtin.CallTestCaseKeyword$_callTestCase_closure1.doCall(CallTestCaseKeyword.groovy:63)
	at com.kms.katalon.core.keyword.builtin.CallTestCaseKeyword$_callTestCase_closure1.call(CallTestCaseKeyword.groovy)
	at com.kms.katalon.core.keyword.internal.KeywordMain.runKeyword(KeywordMain.groovy:75)
	at com.kms.katalon.core.keyword.builtin.CallTestCaseKeyword.callTestCase(CallTestCaseKeyword.groovy:81)
	at com.kms.katalon.core.keyword.builtin.CallTestCaseKeyword.execute(CallTestCaseKeyword.groovy:44)
	at com.kms.katalon.core.keyword.internal.KeywordExecutor.executeKeywordForPlatform(KeywordExecutor.groovy:74)
	at com.kms.katalon.core.keyword.BuiltinKeywords.callTestCase(BuiltinKeywords.groovy:310)
	at PBY-001.run(PBY-001:20)
	at com.kms.katalon.core.main.ScriptEngine.run(ScriptEngine.java:194)
	at com.kms.katalon.core.main.ScriptEngine.runScriptAsRawText(ScriptEngine.java:119)
	at com.kms.katalon.core.main.TestCaseExecutor.runScript(TestCaseExecutor.java:448)
	at com.kms.katalon.core.main.TestCaseExecutor.doExecute(TestCaseExecutor.java:439)
	at com.kms.katalon.core.main.TestCaseExecutor.processExecutionPhase(TestCaseExecutor.java:418)
	at com.kms.katalon.core.main.TestCaseExecutor.accessMainPhase(TestCaseExecutor.java:410)
	at com.kms.katalon.core.main.TestCaseExecutor.execute(TestCaseExecutor.java:285)
	at com.kms.katalon.core.main.TestCaseMain.runTestCase(TestCaseMain.java:144)
	at com.kms.katalon.core.keyword.builtin.CallTestCaseKeyword$_callTestCase_closure1.doCall(CallTestCaseKeyword.groovy:59)
	... 100 more
Caused by: com.kms.katalon.core.exception.StepFailedException: Call Test Case 'Test Cases/T13 Pembelian, Shipment dan Pembayaran/PBL-002' failed
	at com.kms.katalon.core.keyword.builtin.CallTestCaseKeyword$_callTestCase_closure1.doCall(CallTestCaseKeyword.groovy:63)
	at com.kms.katalon.core.keyword.builtin.CallTestCaseKeyword$_callTestCase_closure1.call(CallTestCaseKeyword.groovy)
	at com.kms.katalon.core.keyword.internal.KeywordMain.runKeyword(KeywordMain.groovy:75)
	at com.kms.katalon.core.keyword.builtin.CallTestCaseKeyword.callTestCase(CallTestCaseKeyword.groovy:81)
	at com.kms.katalon.core.keyword.builtin.CallTestCaseKeyword.execute(CallTestCaseKeyword.groovy:44)
	at com.kms.katalon.core.keyword.internal.KeywordExecutor.executeKeywordForPlatform(KeywordExecutor.groovy:74)
	at com.kms.katalon.core.keyword.BuiltinKeywords.callTestCase(BuiltinKeywords.groovy:310)
	at PBL-004.run(PBL-004:20)
	at com.kms.katalon.core.main.ScriptEngine.run(ScriptEngine.java:194)
	at com.kms.katalon.core.main.ScriptEngine.runScriptAsRawText(ScriptEngine.java:119)
	at com.kms.katalon.core.main.TestCaseExecutor.runScript(TestCaseExecutor.java:448)
	at com.kms.katalon.core.main.TestCaseExecutor.doExecute(TestCaseExecutor.java:439)
	at com.kms.katalon.core.main.TestCaseExecutor.processExecutionPhase(TestCaseExecutor.java:418)
	at com.kms.katalon.core.main.TestCaseExecutor.accessMainPhase(TestCaseExecutor.java:410)
	at com.kms.katalon.core.main.TestCaseExecutor.execute(TestCaseExecutor.java:285)
	at com.kms.katalon.core.main.TestCaseMain.runTestCase(TestCaseMain.java:144)
	at com.kms.katalon.core.keyword.builtin.CallTestCaseKeyword$_callTestCase_closure1.doCall(CallTestCaseKeyword.groovy:59)
	... 116 more
Caused by: com.kms.katalon.core.exception.StepFailedException: Unable to click on object 'Object Repository/beli barang/Lihat Sekarang'
	at com.kms.katalon.core.webui.keyword.internal.WebUIKeywordMain.stepFailed(WebUIKeywordMain.groovy:64)
	at com.kms.katalon.core.webui.keyword.internal.WebUIKeywordMain.runKeyword(WebUIKeywordMain.groovy:26)
	at com.kms.katalon.core.webui.keyword.builtin.ClickKeyword.click(ClickKeyword.groovy:74)
	at com.kms.katalon.core.webui.keyword.builtin.ClickKeyword.execute(ClickKeyword.groovy:40)
	at com.kms.katalon.core.keyword.internal.KeywordExecutor.executeKeywordForPlatform(KeywordExecutor.groovy:74)
	at com.kms.katalon.core.webui.keyword.WebUiBuiltInKeywords.click(WebUiBuiltInKeywords.groovy:620)
	at com.kms.katalon.core.webui.keyword.WebUiBuiltInKeywords$click$2.call(Unknown Source)
	at PBL-002.run(PBL-002:25)
	at com.kms.katalon.core.main.ScriptEngine.run(ScriptEngine.java:194)
	at com.kms.katalon.core.main.ScriptEngine.runScriptAsRawText(ScriptEngine.java:119)
	at com.kms.katalon.core.main.TestCaseExecutor.runScript(TestCaseExecutor.java:448)
	at com.kms.katalon.core.main.TestCaseExecutor.doExecute(TestCaseExecutor.java:439)
	at com.kms.katalon.core.main.TestCaseExecutor.processExecutionPhase(TestCaseExecutor.java:418)
	at com.kms.katalon.core.main.TestCaseExecutor.accessMainPhase(TestCaseExecutor.java:410)
	at com.kms.katalon.core.main.TestCaseExecutor.execute(TestCaseExecutor.java:285)
	at com.kms.katalon.core.main.TestCaseMain.runTestCase(TestCaseMain.java:144)
	at com.kms.katalon.core.keyword.builtin.CallTestCaseKeyword$_callTestCase_closure1.doCall(CallTestCaseKeyword.groovy:59)
	... 132 more
Caused by: org.openqa.selenium.ElementNotInteractableException: Element <a class="ps-btn ps-btn--fullwidth" href="https://10.9.2.63/ecommerce/produk/keranjang"> could not be scrolled into view
Build info: version: '3.141.59', revision: 'e82be7d358', time: '2018-11-14T08:25:53'
System info: host: 'DESKTOP-H62FVJ8', ip: '10.9.2.72', os.name: 'Windows 10', os.arch: 'amd64', os.version: '10.0', java.version: '1.8.0_362'
Driver info: com.kms.katalon.core.webui.driver.firefox.CGeckoDriver
Capabilities {acceptInsecureCerts: true, browserName: firefox, browserVersion: 117.0.1, javascriptEnabled: true, moz:accessibilityChecks: false, moz:buildID: 20230912013654, moz:geckodriverVersion: 0.33.0, moz:headless: false, moz:platformVersion: 10.0, moz:processID: 17188, moz:profile: C:\Users\IRFAN\AppData\Loca..., moz:shutdownTimeout: 60000, moz:webdriverClick: true, moz:windowless: false, pageLoadStrategy: normal, platform: WINDOWS, platformName: WINDOWS, proxy: Proxy(direct), setWindowRect: true, strictFileInteractability: false, timeouts: {implicit: 0, pageLoad: 300000, script: 30000}, unhandledPromptBehavior: dismiss and notify}
Session ID: 04cf3b6c-2b0e-450a-a181-9467d554da97
	at org.openqa.selenium.remote.http.W3CHttpResponseCodec.createException(W3CHttpResponseCodec.java:187)
	at org.openqa.selenium.remote.http.W3CHttpResponseCodec.decode(W3CHttpResponseCodec.java:122)
	at org.openqa.selenium.remote.http.W3CHttpResponseCodec.decode(W3CHttpResponseCodec.java:49)
	at org.openqa.selenium.remote.HttpCommandExecutor.execute(HttpCommandExecutor.java:158)
	at org.openqa.selenium.remote.service.DriverCommandExecutor.execute(DriverCommandExecutor.java:83)
	at org.openqa.selenium.remote.RemoteWebDriver.execute(RemoteWebDriver.java:552)
	at com.kms.katalon.selenium.driver.CFirefoxDriver.execute(CFirefoxDriver.java:27)
	at org.openqa.selenium.remote.RemoteWebElement.execute(RemoteWebElement.java:285)
	at org.openqa.selenium.remote.RemoteWebElement.click(RemoteWebElement.java:84)
	at org.openqa.selenium.support.events.EventFiringWebDriver$EventFiringWebElement.lambda$new$0(EventFiringWebDriver.java:404)
	at com.sun.proxy.$Proxy11.click(Unknown Source)
	at org.openqa.selenium.support.events.EventFiringWebDriver$EventFiringWebElement.click(EventFiringWebDriver.java:417)
	at org.openqa.selenium.WebElement$click.call(Unknown Source)
	at com.kms.katalon.core.webui.keyword.builtin.ClickKeyword.clickUntilSuccessWithTimeout(ClickKeyword.groovy:81)
	at com.kms.katalon.core.webui.keyword.builtin.ClickKeyword.clickUntilSuccessWithTimeout(ClickKeyword.groovy)
	at com.kms.katalon.core.webui.keyword.builtin.ClickKeyword$_click_closure1.doCall(ClickKeyword.groovy:67)
	at com.kms.katalon.core.webui.keyword.builtin.ClickKeyword$_click_closure1.call(ClickKeyword.groovy)
	at com.kms.katalon.core.webui.keyword.internal.WebUIKeywordMain.runKeyword(WebUIKeywordMain.groovy:20)
	... 147 more
)

2023-10-04 19:57:42 - [MESSAGE][FAILED] - Unable to call Test Case 'Test Cases/T13 Pembelian, Shipment dan Pembayaran/SA-001' (Root cause: com.kms.katalon.core.exception.StepFailedException: Call Test Case 'Test Cases/T13 Pembelian, Shipment dan Pembayaran/SA-001' failed
	at com.kms.katalon.core.keyword.builtin.CallTestCaseKeyword$_callTestCase_closure1.doCall(CallTestCaseKeyword.groovy:63)
	at com.kms.katalon.core.keyword.builtin.CallTestCaseKeyword$_callTestCase_closure1.call(CallTestCaseKeyword.groovy)
	at com.kms.katalon.core.keyword.internal.KeywordMain.runKeyword(KeywordMain.groovy:75)
	at com.kms.katalon.core.keyword.builtin.CallTestCaseKeyword.callTestCase(CallTestCaseKeyword.groovy:81)
	at com.kms.katalon.core.keyword.builtin.CallTestCaseKeyword.execute(CallTestCaseKeyword.groovy:44)
	at com.kms.katalon.core.keyword.internal.KeywordExecutor.executeKeywordForPlatform(KeywordExecutor.groovy:74)
	at com.kms.katalon.core.keyword.BuiltinKeywords.callTestCase(BuiltinKeywords.groovy:310)
	at SA-002.run(SA-002:20)
	at com.kms.katalon.core.main.ScriptEngine.run(ScriptEngine.java:194)
	at com.kms.katalon.core.main.ScriptEngine.runScriptAsRawText(ScriptEngine.java:119)
	at com.kms.katalon.core.main.TestCaseExecutor.runScript(TestCaseExecutor.java:448)
	at com.kms.katalon.core.main.TestCaseExecutor.doExecute(TestCaseExecutor.java:439)
	at com.kms.katalon.core.main.TestCaseExecutor.processExecutionPhase(TestCaseExecutor.java:418)
	at com.kms.katalon.core.main.TestCaseExecutor.accessMainPhase(TestCaseExecutor.java:410)
	at com.kms.katalon.core.main.TestCaseExecutor.execute(TestCaseExecutor.java:285)
	at com.kms.katalon.core.main.TestCaseMain.runTestCase(TestCaseMain.java:144)
	at com.kms.katalon.core.keyword.builtin.CallTestCaseKeyword$_callTestCase_closure1.doCall(CallTestCaseKeyword.groovy:59)
	at com.kms.katalon.core.keyword.builtin.CallTestCaseKeyword$_callTestCase_closure1.call(CallTestCaseKeyword.groovy)
	at com.kms.katalon.core.keyword.internal.KeywordMain.runKeyword(KeywordMain.groovy:75)
	at com.kms.katalon.core.keyword.builtin.CallTestCaseKeyword.callTestCase(CallTestCaseKeyword.groovy:81)
	at com.kms.katalon.core.keyword.builtin.CallTestCaseKeyword.execute(CallTestCaseKeyword.groovy:44)
	at com.kms.katalon.core.keyword.internal.KeywordExecutor.executeKeywordForPlatform(KeywordExecutor.groovy:74)
	at com.kms.katalon.core.keyword.BuiltinKeywords.callTestCase(BuiltinKeywords.groovy:310)
	at SA-003.run(SA-003:20)
	at com.kms.katalon.core.main.ScriptEngine.run(ScriptEngine.java:194)
	at com.kms.katalon.core.main.ScriptEngine.runScriptAsRawText(ScriptEngine.java:119)
	at com.kms.katalon.core.main.TestCaseExecutor.runScript(TestCaseExecutor.java:448)
	at com.kms.katalon.core.main.TestCaseExecutor.doExecute(TestCaseExecutor.java:439)
	at com.kms.katalon.core.main.TestCaseExecutor.processExecutionPhase(TestCaseExecutor.java:418)
	at com.kms.katalon.core.main.TestCaseExecutor.accessMainPhase(TestCaseExecutor.java:410)
	at com.kms.katalon.core.main.TestCaseExecutor.execute(TestCaseExecutor.java:285)
	at com.kms.katalon.core.main.TestCaseMain.runTestCase(TestCaseMain.java:144)
	at com.kms.katalon.core.keyword.builtin.CallTestCaseKeyword$_callTestCase_closure1.doCall(CallTestCaseKeyword.groovy:59)
	at com.kms.katalon.core.keyword.builtin.CallTestCaseKeyword$_callTestCase_closure1.call(CallTestCaseKeyword.groovy)
	at com.kms.katalon.core.keyword.internal.KeywordMain.runKeyword(KeywordMain.groovy:75)
	at com.kms.katalon.core.keyword.builtin.CallTestCaseKeyword.callTestCase(CallTestCaseKeyword.groovy:81)
	at com.kms.katalon.core.keyword.builtin.CallTestCaseKeyword.execute(CallTestCaseKeyword.groovy:44)
	at com.kms.katalon.core.keyword.internal.KeywordExecutor.executeKeywordForPlatform(KeywordExecutor.groovy:74)
	at com.kms.katalon.core.keyword.BuiltinKeywords.callTestCase(BuiltinKeywords.groovy:310)
	at SU-010.run(SU-010:20)
	at com.kms.katalon.core.main.ScriptEngine.run(ScriptEngine.java:194)
	at com.kms.katalon.core.main.ScriptEngine.runScriptAsRawText(ScriptEngine.java:119)
	at com.kms.katalon.core.main.TestCaseExecutor.runScript(TestCaseExecutor.java:448)
	at com.kms.katalon.core.main.TestCaseExecutor.doExecute(TestCaseExecutor.java:439)
	at com.kms.katalon.core.main.TestCaseExecutor.processExecutionPhase(TestCaseExecutor.java:418)
	at com.kms.katalon.core.main.TestCaseExecutor.accessMainPhase(TestCaseExecutor.java:410)
	at com.kms.katalon.core.main.TestCaseExecutor.execute(TestCaseExecutor.java:285)
	at com.kms.katalon.core.common.CommonExecutor.accessTestCaseMainPhase(CommonExecutor.java:65)
	at com.kms.katalon.core.main.TestSuiteExecutor.accessTestSuiteMainPhase(TestSuiteExecutor.java:148)
	at com.kms.katalon.core.main.TestSuiteExecutor.execute(TestSuiteExecutor.java:106)
	at com.kms.katalon.core.main.TestCaseMain.startTestSuite(TestCaseMain.java:187)
	at com.kms.katalon.core.main.TestCaseMain$startTestSuite$0.call(Unknown Source)
	at TempTestSuite1696420804604.run(TempTestSuite1696420804604.groovy:36)
Caused by: com.kms.katalon.core.exception.StepFailedException: Call Test Case 'Test Cases/T13 Pembelian, Shipment dan Pembayaran/PBYA-001' failed
	at com.kms.katalon.core.keyword.builtin.CallTestCaseKeyword$_callTestCase_closure1.doCall(CallTestCaseKeyword.groovy:63)
	at com.kms.katalon.core.keyword.builtin.CallTestCaseKeyword$_callTestCase_closure1.call(CallTestCaseKeyword.groovy)
	at com.kms.katalon.core.keyword.internal.KeywordMain.runKeyword(KeywordMain.groovy:75)
	at com.kms.katalon.core.keyword.builtin.CallTestCaseKeyword.callTestCase(CallTestCaseKeyword.groovy:81)
	at com.kms.katalon.core.keyword.builtin.CallTestCaseKeyword.execute(CallTestCaseKeyword.groovy:44)
	at com.kms.katalon.core.keyword.internal.KeywordExecutor.executeKeywordForPlatform(KeywordExecutor.groovy:74)
	at com.kms.katalon.core.keyword.BuiltinKeywords.callTestCase(BuiltinKeywords.groovy:310)
	at SA-001.run(SA-001:20)
	at com.kms.katalon.core.main.ScriptEngine.run(ScriptEngine.java:194)
	at com.kms.katalon.core.main.ScriptEngine.runScriptAsRawText(ScriptEngine.java:119)
	at com.kms.katalon.core.main.TestCaseExecutor.runScript(TestCaseExecutor.java:448)
	at com.kms.katalon.core.main.TestCaseExecutor.doExecute(TestCaseExecutor.java:439)
	at com.kms.katalon.core.main.TestCaseExecutor.processExecutionPhase(TestCaseExecutor.java:418)
	at com.kms.katalon.core.main.TestCaseExecutor.accessMainPhase(TestCaseExecutor.java:410)
	at com.kms.katalon.core.main.TestCaseExecutor.execute(TestCaseExecutor.java:285)
	at com.kms.katalon.core.main.TestCaseMain.runTestCase(TestCaseMain.java:144)
	at com.kms.katalon.core.keyword.builtin.CallTestCaseKeyword$_callTestCase_closure1.doCall(CallTestCaseKeyword.groovy:59)
	... 52 more
Caused by: com.kms.katalon.core.exception.StepFailedException: Call Test Case 'Test Cases/T13 Pembelian, Shipment dan Pembayaran/PBY-004' failed
	at com.kms.katalon.core.keyword.builtin.CallTestCaseKeyword$_callTestCase_closure1.doCall(CallTestCaseKeyword.groovy:63)
	at com.kms.katalon.core.keyword.builtin.CallTestCaseKeyword$_callTestCase_closure1.call(CallTestCaseKeyword.groovy)
	at com.kms.katalon.core.keyword.internal.KeywordMain.runKeyword(KeywordMain.groovy:75)
	at com.kms.katalon.core.keyword.builtin.CallTestCaseKeyword.callTestCase(CallTestCaseKeyword.groovy:81)
	at com.kms.katalon.core.keyword.builtin.CallTestCaseKeyword.execute(CallTestCaseKeyword.groovy:44)
	at com.kms.katalon.core.keyword.internal.KeywordExecutor.executeKeywordForPlatform(KeywordExecutor.groovy:74)
	at com.kms.katalon.core.keyword.BuiltinKeywords.callTestCase(BuiltinKeywords.groovy:310)
	at PBYA-001.run(PBYA-001:20)
	at com.kms.katalon.core.main.ScriptEngine.run(ScriptEngine.java:194)
	at com.kms.katalon.core.main.ScriptEngine.runScriptAsRawText(ScriptEngine.java:119)
	at com.kms.katalon.core.main.TestCaseExecutor.runScript(TestCaseExecutor.java:448)
	at com.kms.katalon.core.main.TestCaseExecutor.doExecute(TestCaseExecutor.java:439)
	at com.kms.katalon.core.main.TestCaseExecutor.processExecutionPhase(TestCaseExecutor.java:418)
	at com.kms.katalon.core.main.TestCaseExecutor.accessMainPhase(TestCaseExecutor.java:410)
	at com.kms.katalon.core.main.TestCaseExecutor.execute(TestCaseExecutor.java:285)
	at com.kms.katalon.core.main.TestCaseMain.runTestCase(TestCaseMain.java:144)
	at com.kms.katalon.core.keyword.builtin.CallTestCaseKeyword$_callTestCase_closure1.doCall(CallTestCaseKeyword.groovy:59)
	... 68 more
Caused by: com.kms.katalon.core.exception.StepFailedException: Call Test Case 'Test Cases/T13 Pembelian, Shipment dan Pembayaran/PBY-001' failed
	at com.kms.katalon.core.keyword.builtin.CallTestCaseKeyword$_callTestCase_closure1.doCall(CallTestCaseKeyword.groovy:63)
	at com.kms.katalon.core.keyword.builtin.CallTestCaseKeyword$_callTestCase_closure1.call(CallTestCaseKeyword.groovy)
	at com.kms.katalon.core.keyword.internal.KeywordMain.runKeyword(KeywordMain.groovy:75)
	at com.kms.katalon.core.keyword.builtin.CallTestCaseKeyword.callTestCase(CallTestCaseKeyword.groovy:81)
	at com.kms.katalon.core.keyword.builtin.CallTestCaseKeyword.execute(CallTestCaseKeyword.groovy:44)
	at com.kms.katalon.core.keyword.internal.KeywordExecutor.executeKeywordForPlatform(KeywordExecutor.groovy:74)
	at com.kms.katalon.core.keyword.BuiltinKeywords.callTestCase(BuiltinKeywords.groovy:310)
	at PBY-004.run(PBY-004:20)
	at com.kms.katalon.core.main.ScriptEngine.run(ScriptEngine.java:194)
	at com.kms.katalon.core.main.ScriptEngine.runScriptAsRawText(ScriptEngine.java:119)
	at com.kms.katalon.core.main.TestCaseExecutor.runScript(TestCaseExecutor.java:448)
	at com.kms.katalon.core.main.TestCaseExecutor.doExecute(TestCaseExecutor.java:439)
	at com.kms.katalon.core.main.TestCaseExecutor.processExecutionPhase(TestCaseExecutor.java:418)
	at com.kms.katalon.core.main.TestCaseExecutor.accessMainPhase(TestCaseExecutor.java:410)
	at com.kms.katalon.core.main.TestCaseExecutor.execute(TestCaseExecutor.java:285)
	at com.kms.katalon.core.main.TestCaseMain.runTestCase(TestCaseMain.java:144)
	at com.kms.katalon.core.keyword.builtin.CallTestCaseKeyword$_callTestCase_closure1.doCall(CallTestCaseKeyword.groovy:59)
	... 84 more
Caused by: com.kms.katalon.core.exception.StepFailedException: Call Test Case 'Test Cases/T13 Pembelian, Shipment dan Pembayaran/PBL-004' failed
	at com.kms.katalon.core.keyword.builtin.CallTestCaseKeyword$_callTestCase_closure1.doCall(CallTestCaseKeyword.groovy:63)
	at com.kms.katalon.core.keyword.builtin.CallTestCaseKeyword$_callTestCase_closure1.call(CallTestCaseKeyword.groovy)
	at com.kms.katalon.core.keyword.internal.KeywordMain.runKeyword(KeywordMain.groovy:75)
	at com.kms.katalon.core.keyword.builtin.CallTestCaseKeyword.callTestCase(CallTestCaseKeyword.groovy:81)
	at com.kms.katalon.core.keyword.builtin.CallTestCaseKeyword.execute(CallTestCaseKeyword.groovy:44)
	at com.kms.katalon.core.keyword.internal.KeywordExecutor.executeKeywordForPlatform(KeywordExecutor.groovy:74)
	at com.kms.katalon.core.keyword.BuiltinKeywords.callTestCase(BuiltinKeywords.groovy:310)
	at PBY-001.run(PBY-001:20)
	at com.kms.katalon.core.main.ScriptEngine.run(ScriptEngine.java:194)
	at com.kms.katalon.core.main.ScriptEngine.runScriptAsRawText(ScriptEngine.java:119)
	at com.kms.katalon.core.main.TestCaseExecutor.runScript(TestCaseExecutor.java:448)
	at com.kms.katalon.core.main.TestCaseExecutor.doExecute(TestCaseExecutor.java:439)
	at com.kms.katalon.core.main.TestCaseExecutor.processExecutionPhase(TestCaseExecutor.java:418)
	at com.kms.katalon.core.main.TestCaseExecutor.accessMainPhase(TestCaseExecutor.java:410)
	at com.kms.katalon.core.main.TestCaseExecutor.execute(TestCaseExecutor.java:285)
	at com.kms.katalon.core.main.TestCaseMain.runTestCase(TestCaseMain.java:144)
	at com.kms.katalon.core.keyword.builtin.CallTestCaseKeyword$_callTestCase_closure1.doCall(CallTestCaseKeyword.groovy:59)
	... 100 more
Caused by: com.kms.katalon.core.exception.StepFailedException: Call Test Case 'Test Cases/T13 Pembelian, Shipment dan Pembayaran/PBL-002' failed
	at com.kms.katalon.core.keyword.builtin.CallTestCaseKeyword$_callTestCase_closure1.doCall(CallTestCaseKeyword.groovy:63)
	at com.kms.katalon.core.keyword.builtin.CallTestCaseKeyword$_callTestCase_closure1.call(CallTestCaseKeyword.groovy)
	at com.kms.katalon.core.keyword.internal.KeywordMain.runKeyword(KeywordMain.groovy:75)
	at com.kms.katalon.core.keyword.builtin.CallTestCaseKeyword.callTestCase(CallTestCaseKeyword.groovy:81)
	at com.kms.katalon.core.keyword.builtin.CallTestCaseKeyword.execute(CallTestCaseKeyword.groovy:44)
	at com.kms.katalon.core.keyword.internal.KeywordExecutor.executeKeywordForPlatform(KeywordExecutor.groovy:74)
	at com.kms.katalon.core.keyword.BuiltinKeywords.callTestCase(BuiltinKeywords.groovy:310)
	at PBL-004.run(PBL-004:20)
	at com.kms.katalon.core.main.ScriptEngine.run(ScriptEngine.java:194)
	at com.kms.katalon.core.main.ScriptEngine.runScriptAsRawText(ScriptEngine.java:119)
	at com.kms.katalon.core.main.TestCaseExecutor.runScript(TestCaseExecutor.java:448)
	at com.kms.katalon.core.main.TestCaseExecutor.doExecute(TestCaseExecutor.java:439)
	at com.kms.katalon.core.main.TestCaseExecutor.processExecutionPhase(TestCaseExecutor.java:418)
	at com.kms.katalon.core.main.TestCaseExecutor.accessMainPhase(TestCaseExecutor.java:410)
	at com.kms.katalon.core.main.TestCaseExecutor.execute(TestCaseExecutor.java:285)
	at com.kms.katalon.core.main.TestCaseMain.runTestCase(TestCaseMain.java:144)
	at com.kms.katalon.core.keyword.builtin.CallTestCaseKeyword$_callTestCase_closure1.doCall(CallTestCaseKeyword.groovy:59)
	... 116 more
Caused by: com.kms.katalon.core.exception.StepFailedException: Unable to click on object 'Object Repository/beli barang/Lihat Sekarang'
	at com.kms.katalon.core.webui.keyword.internal.WebUIKeywordMain.stepFailed(WebUIKeywordMain.groovy:64)
	at com.kms.katalon.core.webui.keyword.internal.WebUIKeywordMain.runKeyword(WebUIKeywordMain.groovy:26)
	at com.kms.katalon.core.webui.keyword.builtin.ClickKeyword.click(ClickKeyword.groovy:74)
	at com.kms.katalon.core.webui.keyword.builtin.ClickKeyword.execute(ClickKeyword.groovy:40)
	at com.kms.katalon.core.keyword.internal.KeywordExecutor.executeKeywordForPlatform(KeywordExecutor.groovy:74)
	at com.kms.katalon.core.webui.keyword.WebUiBuiltInKeywords.click(WebUiBuiltInKeywords.groovy:620)
	at com.kms.katalon.core.webui.keyword.WebUiBuiltInKeywords$click$2.call(Unknown Source)
	at PBL-002.run(PBL-002:25)
	at com.kms.katalon.core.main.ScriptEngine.run(ScriptEngine.java:194)
	at com.kms.katalon.core.main.ScriptEngine.runScriptAsRawText(ScriptEngine.java:119)
	at com.kms.katalon.core.main.TestCaseExecutor.runScript(TestCaseExecutor.java:448)
	at com.kms.katalon.core.main.TestCaseExecutor.doExecute(TestCaseExecutor.java:439)
	at com.kms.katalon.core.main.TestCaseExecutor.processExecutionPhase(TestCaseExecutor.java:418)
	at com.kms.katalon.core.main.TestCaseExecutor.accessMainPhase(TestCaseExecutor.java:410)
	at com.kms.katalon.core.main.TestCaseExecutor.execute(TestCaseExecutor.java:285)
	at com.kms.katalon.core.main.TestCaseMain.runTestCase(TestCaseMain.java:144)
	at com.kms.katalon.core.keyword.builtin.CallTestCaseKeyword$_callTestCase_closure1.doCall(CallTestCaseKeyword.groovy:59)
	... 132 more
Caused by: org.openqa.selenium.ElementNotInteractableException: Element <a class="ps-btn ps-btn--fullwidth" href="https://10.9.2.63/ecommerce/produk/keranjang"> could not be scrolled into view
Build info: version: '3.141.59', revision: 'e82be7d358', time: '2018-11-14T08:25:53'
System info: host: 'DESKTOP-H62FVJ8', ip: '10.9.2.72', os.name: 'Windows 10', os.arch: 'amd64', os.version: '10.0', java.version: '1.8.0_362'
Driver info: com.kms.katalon.core.webui.driver.firefox.CGeckoDriver
Capabilities {acceptInsecureCerts: true, browserName: firefox, browserVersion: 117.0.1, javascriptEnabled: true, moz:accessibilityChecks: false, moz:buildID: 20230912013654, moz:geckodriverVersion: 0.33.0, moz:headless: false, moz:platformVersion: 10.0, moz:processID: 17188, moz:profile: C:\Users\IRFAN\AppData\Loca..., moz:shutdownTimeout: 60000, moz:webdriverClick: true, moz:windowless: false, pageLoadStrategy: normal, platform: WINDOWS, platformName: WINDOWS, proxy: Proxy(direct), setWindowRect: true, strictFileInteractability: false, timeouts: {implicit: 0, pageLoad: 300000, script: 30000}, unhandledPromptBehavior: dismiss and notify}
Session ID: 04cf3b6c-2b0e-450a-a181-9467d554da97
	at org.openqa.selenium.remote.http.W3CHttpResponseCodec.createException(W3CHttpResponseCodec.java:187)
	at org.openqa.selenium.remote.http.W3CHttpResponseCodec.decode(W3CHttpResponseCodec.java:122)
	at org.openqa.selenium.remote.http.W3CHttpResponseCodec.decode(W3CHttpResponseCodec.java:49)
	at org.openqa.selenium.remote.HttpCommandExecutor.execute(HttpCommandExecutor.java:158)
	at org.openqa.selenium.remote.service.DriverCommandExecutor.execute(DriverCommandExecutor.java:83)
	at org.openqa.selenium.remote.RemoteWebDriver.execute(RemoteWebDriver.java:552)
	at com.kms.katalon.selenium.driver.CFirefoxDriver.execute(CFirefoxDriver.java:27)
	at org.openqa.selenium.remote.RemoteWebElement.execute(RemoteWebElement.java:285)
	at org.openqa.selenium.remote.RemoteWebElement.click(RemoteWebElement.java:84)
	at org.openqa.selenium.support.events.EventFiringWebDriver$EventFiringWebElement.lambda$new$0(EventFiringWebDriver.java:404)
	at com.sun.proxy.$Proxy11.click(Unknown Source)
	at org.openqa.selenium.support.events.EventFiringWebDriver$EventFiringWebElement.click(EventFiringWebDriver.java:417)
	at org.openqa.selenium.WebElement$click.call(Unknown Source)
	at com.kms.katalon.core.webui.keyword.builtin.ClickKeyword.clickUntilSuccessWithTimeout(ClickKeyword.groovy:81)
	at com.kms.katalon.core.webui.keyword.builtin.ClickKeyword.clickUntilSuccessWithTimeout(ClickKeyword.groovy)
	at com.kms.katalon.core.webui.keyword.builtin.ClickKeyword$_click_closure1.doCall(ClickKeyword.groovy:67)
	at com.kms.katalon.core.webui.keyword.builtin.ClickKeyword$_click_closure1.call(ClickKeyword.groovy)
	at com.kms.katalon.core.webui.keyword.internal.WebUIKeywordMain.runKeyword(WebUIKeywordMain.groovy:20)
	... 147 more
)

2023-10-04 19:57:42 - [MESSAGE][FAILED] - Unable to call Test Case 'Test Cases/T13 Pembelian, Shipment dan Pembayaran/SA-002' (Root cause: com.kms.katalon.core.exception.StepFailedException: Call Test Case 'Test Cases/T13 Pembelian, Shipment dan Pembayaran/SA-002' failed
	at com.kms.katalon.core.keyword.builtin.CallTestCaseKeyword$_callTestCase_closure1.doCall(CallTestCaseKeyword.groovy:63)
	at com.kms.katalon.core.keyword.builtin.CallTestCaseKeyword$_callTestCase_closure1.call(CallTestCaseKeyword.groovy)
	at com.kms.katalon.core.keyword.internal.KeywordMain.runKeyword(KeywordMain.groovy:75)
	at com.kms.katalon.core.keyword.builtin.CallTestCaseKeyword.callTestCase(CallTestCaseKeyword.groovy:81)
	at com.kms.katalon.core.keyword.builtin.CallTestCaseKeyword.execute(CallTestCaseKeyword.groovy:44)
	at com.kms.katalon.core.keyword.internal.KeywordExecutor.executeKeywordForPlatform(KeywordExecutor.groovy:74)
	at com.kms.katalon.core.keyword.BuiltinKeywords.callTestCase(BuiltinKeywords.groovy:310)
	at SA-003.run(SA-003:20)
	at com.kms.katalon.core.main.ScriptEngine.run(ScriptEngine.java:194)
	at com.kms.katalon.core.main.ScriptEngine.runScriptAsRawText(ScriptEngine.java:119)
	at com.kms.katalon.core.main.TestCaseExecutor.runScript(TestCaseExecutor.java:448)
	at com.kms.katalon.core.main.TestCaseExecutor.doExecute(TestCaseExecutor.java:439)
	at com.kms.katalon.core.main.TestCaseExecutor.processExecutionPhase(TestCaseExecutor.java:418)
	at com.kms.katalon.core.main.TestCaseExecutor.accessMainPhase(TestCaseExecutor.java:410)
	at com.kms.katalon.core.main.TestCaseExecutor.execute(TestCaseExecutor.java:285)
	at com.kms.katalon.core.main.TestCaseMain.runTestCase(TestCaseMain.java:144)
	at com.kms.katalon.core.keyword.builtin.CallTestCaseKeyword$_callTestCase_closure1.doCall(CallTestCaseKeyword.groovy:59)
	at com.kms.katalon.core.keyword.builtin.CallTestCaseKeyword$_callTestCase_closure1.call(CallTestCaseKeyword.groovy)
	at com.kms.katalon.core.keyword.internal.KeywordMain.runKeyword(KeywordMain.groovy:75)
	at com.kms.katalon.core.keyword.builtin.CallTestCaseKeyword.callTestCase(CallTestCaseKeyword.groovy:81)
	at com.kms.katalon.core.keyword.builtin.CallTestCaseKeyword.execute(CallTestCaseKeyword.groovy:44)
	at com.kms.katalon.core.keyword.internal.KeywordExecutor.executeKeywordForPlatform(KeywordExecutor.groovy:74)
	at com.kms.katalon.core.keyword.BuiltinKeywords.callTestCase(BuiltinKeywords.groovy:310)
	at SU-010.run(SU-010:20)
	at com.kms.katalon.core.main.ScriptEngine.run(ScriptEngine.java:194)
	at com.kms.katalon.core.main.ScriptEngine.runScriptAsRawText(ScriptEngine.java:119)
	at com.kms.katalon.core.main.TestCaseExecutor.runScript(TestCaseExecutor.java:448)
	at com.kms.katalon.core.main.TestCaseExecutor.doExecute(TestCaseExecutor.java:439)
	at com.kms.katalon.core.main.TestCaseExecutor.processExecutionPhase(TestCaseExecutor.java:418)
	at com.kms.katalon.core.main.TestCaseExecutor.accessMainPhase(TestCaseExecutor.java:410)
	at com.kms.katalon.core.main.TestCaseExecutor.execute(TestCaseExecutor.java:285)
	at com.kms.katalon.core.common.CommonExecutor.accessTestCaseMainPhase(CommonExecutor.java:65)
	at com.kms.katalon.core.main.TestSuiteExecutor.accessTestSuiteMainPhase(TestSuiteExecutor.java:148)
	at com.kms.katalon.core.main.TestSuiteExecutor.execute(TestSuiteExecutor.java:106)
	at com.kms.katalon.core.main.TestCaseMain.startTestSuite(TestCaseMain.java:187)
	at com.kms.katalon.core.main.TestCaseMain$startTestSuite$0.call(Unknown Source)
	at TempTestSuite1696420804604.run(TempTestSuite1696420804604.groovy:36)
Caused by: com.kms.katalon.core.exception.StepFailedException: Call Test Case 'Test Cases/T13 Pembelian, Shipment dan Pembayaran/SA-001' failed
	at com.kms.katalon.core.keyword.builtin.CallTestCaseKeyword$_callTestCase_closure1.doCall(CallTestCaseKeyword.groovy:63)
	at com.kms.katalon.core.keyword.builtin.CallTestCaseKeyword$_callTestCase_closure1.call(CallTestCaseKeyword.groovy)
	at com.kms.katalon.core.keyword.internal.KeywordMain.runKeyword(KeywordMain.groovy:75)
	at com.kms.katalon.core.keyword.builtin.CallTestCaseKeyword.callTestCase(CallTestCaseKeyword.groovy:81)
	at com.kms.katalon.core.keyword.builtin.CallTestCaseKeyword.execute(CallTestCaseKeyword.groovy:44)
	at com.kms.katalon.core.keyword.internal.KeywordExecutor.executeKeywordForPlatform(KeywordExecutor.groovy:74)
	at com.kms.katalon.core.keyword.BuiltinKeywords.callTestCase(BuiltinKeywords.groovy:310)
	at SA-002.run(SA-002:20)
	at com.kms.katalon.core.main.ScriptEngine.run(ScriptEngine.java:194)
	at com.kms.katalon.core.main.ScriptEngine.runScriptAsRawText(ScriptEngine.java:119)
	at com.kms.katalon.core.main.TestCaseExecutor.runScript(TestCaseExecutor.java:448)
	at com.kms.katalon.core.main.TestCaseExecutor.doExecute(TestCaseExecutor.java:439)
	at com.kms.katalon.core.main.TestCaseExecutor.processExecutionPhase(TestCaseExecutor.java:418)
	at com.kms.katalon.core.main.TestCaseExecutor.accessMainPhase(TestCaseExecutor.java:410)
	at com.kms.katalon.core.main.TestCaseExecutor.execute(TestCaseExecutor.java:285)
	at com.kms.katalon.core.main.TestCaseMain.runTestCase(TestCaseMain.java:144)
	at com.kms.katalon.core.keyword.builtin.CallTestCaseKeyword$_callTestCase_closure1.doCall(CallTestCaseKeyword.groovy:59)
	... 36 more
Caused by: com.kms.katalon.core.exception.StepFailedException: Call Test Case 'Test Cases/T13 Pembelian, Shipment dan Pembayaran/PBYA-001' failed
	at com.kms.katalon.core.keyword.builtin.CallTestCaseKeyword$_callTestCase_closure1.doCall(CallTestCaseKeyword.groovy:63)
	at com.kms.katalon.core.keyword.builtin.CallTestCaseKeyword$_callTestCase_closure1.call(CallTestCaseKeyword.groovy)
	at com.kms.katalon.core.keyword.internal.KeywordMain.runKeyword(KeywordMain.groovy:75)
	at com.kms.katalon.core.keyword.builtin.CallTestCaseKeyword.callTestCase(CallTestCaseKeyword.groovy:81)
	at com.kms.katalon.core.keyword.builtin.CallTestCaseKeyword.execute(CallTestCaseKeyword.groovy:44)
	at com.kms.katalon.core.keyword.internal.KeywordExecutor.executeKeywordForPlatform(KeywordExecutor.groovy:74)
	at com.kms.katalon.core.keyword.BuiltinKeywords.callTestCase(BuiltinKeywords.groovy:310)
	at SA-001.run(SA-001:20)
	at com.kms.katalon.core.main.ScriptEngine.run(ScriptEngine.java:194)
	at com.kms.katalon.core.main.ScriptEngine.runScriptAsRawText(ScriptEngine.java:119)
	at com.kms.katalon.core.main.TestCaseExecutor.runScript(TestCaseExecutor.java:448)
	at com.kms.katalon.core.main.TestCaseExecutor.doExecute(TestCaseExecutor.java:439)
	at com.kms.katalon.core.main.TestCaseExecutor.processExecutionPhase(TestCaseExecutor.java:418)
	at com.kms.katalon.core.main.TestCaseExecutor.accessMainPhase(TestCaseExecutor.java:410)
	at com.kms.katalon.core.main.TestCaseExecutor.execute(TestCaseExecutor.java:285)
	at com.kms.katalon.core.main.TestCaseMain.runTestCase(TestCaseMain.java:144)
	at com.kms.katalon.core.keyword.builtin.CallTestCaseKeyword$_callTestCase_closure1.doCall(CallTestCaseKeyword.groovy:59)
	... 52 more
Caused by: com.kms.katalon.core.exception.StepFailedException: Call Test Case 'Test Cases/T13 Pembelian, Shipment dan Pembayaran/PBY-004' failed
	at com.kms.katalon.core.keyword.builtin.CallTestCaseKeyword$_callTestCase_closure1.doCall(CallTestCaseKeyword.groovy:63)
	at com.kms.katalon.core.keyword.builtin.CallTestCaseKeyword$_callTestCase_closure1.call(CallTestCaseKeyword.groovy)
	at com.kms.katalon.core.keyword.internal.KeywordMain.runKeyword(KeywordMain.groovy:75)
	at com.kms.katalon.core.keyword.builtin.CallTestCaseKeyword.callTestCase(CallTestCaseKeyword.groovy:81)
	at com.kms.katalon.core.keyword.builtin.CallTestCaseKeyword.execute(CallTestCaseKeyword.groovy:44)
	at com.kms.katalon.core.keyword.internal.KeywordExecutor.executeKeywordForPlatform(KeywordExecutor.groovy:74)
	at com.kms.katalon.core.keyword.BuiltinKeywords.callTestCase(BuiltinKeywords.groovy:310)
	at PBYA-001.run(PBYA-001:20)
	at com.kms.katalon.core.main.ScriptEngine.run(ScriptEngine.java:194)
	at com.kms.katalon.core.main.ScriptEngine.runScriptAsRawText(ScriptEngine.java:119)
	at com.kms.katalon.core.main.TestCaseExecutor.runScript(TestCaseExecutor.java:448)
	at com.kms.katalon.core.main.TestCaseExecutor.doExecute(TestCaseExecutor.java:439)
	at com.kms.katalon.core.main.TestCaseExecutor.processExecutionPhase(TestCaseExecutor.java:418)
	at com.kms.katalon.core.main.TestCaseExecutor.accessMainPhase(TestCaseExecutor.java:410)
	at com.kms.katalon.core.main.TestCaseExecutor.execute(TestCaseExecutor.java:285)
	at com.kms.katalon.core.main.TestCaseMain.runTestCase(TestCaseMain.java:144)
	at com.kms.katalon.core.keyword.builtin.CallTestCaseKeyword$_callTestCase_closure1.doCall(CallTestCaseKeyword.groovy:59)
	... 68 more
Caused by: com.kms.katalon.core.exception.StepFailedException: Call Test Case 'Test Cases/T13 Pembelian, Shipment dan Pembayaran/PBY-001' failed
	at com.kms.katalon.core.keyword.builtin.CallTestCaseKeyword$_callTestCase_closure1.doCall(CallTestCaseKeyword.groovy:63)
	at com.kms.katalon.core.keyword.builtin.CallTestCaseKeyword$_callTestCase_closure1.call(CallTestCaseKeyword.groovy)
	at com.kms.katalon.core.keyword.internal.KeywordMain.runKeyword(KeywordMain.groovy:75)
	at com.kms.katalon.core.keyword.builtin.CallTestCaseKeyword.callTestCase(CallTestCaseKeyword.groovy:81)
	at com.kms.katalon.core.keyword.builtin.CallTestCaseKeyword.execute(CallTestCaseKeyword.groovy:44)
	at com.kms.katalon.core.keyword.internal.KeywordExecutor.executeKeywordForPlatform(KeywordExecutor.groovy:74)
	at com.kms.katalon.core.keyword.BuiltinKeywords.callTestCase(BuiltinKeywords.groovy:310)
	at PBY-004.run(PBY-004:20)
	at com.kms.katalon.core.main.ScriptEngine.run(ScriptEngine.java:194)
	at com.kms.katalon.core.main.ScriptEngine.runScriptAsRawText(ScriptEngine.java:119)
	at com.kms.katalon.core.main.TestCaseExecutor.runScript(TestCaseExecutor.java:448)
	at com.kms.katalon.core.main.TestCaseExecutor.doExecute(TestCaseExecutor.java:439)
	at com.kms.katalon.core.main.TestCaseExecutor.processExecutionPhase(TestCaseExecutor.java:418)
	at com.kms.katalon.core.main.TestCaseExecutor.accessMainPhase(TestCaseExecutor.java:410)
	at com.kms.katalon.core.main.TestCaseExecutor.execute(TestCaseExecutor.java:285)
	at com.kms.katalon.core.main.TestCaseMain.runTestCase(TestCaseMain.java:144)
	at com.kms.katalon.core.keyword.builtin.CallTestCaseKeyword$_callTestCase_closure1.doCall(CallTestCaseKeyword.groovy:59)
	... 84 more
Caused by: com.kms.katalon.core.exception.StepFailedException: Call Test Case 'Test Cases/T13 Pembelian, Shipment dan Pembayaran/PBL-004' failed
	at com.kms.katalon.core.keyword.builtin.CallTestCaseKeyword$_callTestCase_closure1.doCall(CallTestCaseKeyword.groovy:63)
	at com.kms.katalon.core.keyword.builtin.CallTestCaseKeyword$_callTestCase_closure1.call(CallTestCaseKeyword.groovy)
	at com.kms.katalon.core.keyword.internal.KeywordMain.runKeyword(KeywordMain.groovy:75)
	at com.kms.katalon.core.keyword.builtin.CallTestCaseKeyword.callTestCase(CallTestCaseKeyword.groovy:81)
	at com.kms.katalon.core.keyword.builtin.CallTestCaseKeyword.execute(CallTestCaseKeyword.groovy:44)
	at com.kms.katalon.core.keyword.internal.KeywordExecutor.executeKeywordForPlatform(KeywordExecutor.groovy:74)
	at com.kms.katalon.core.keyword.BuiltinKeywords.callTestCase(BuiltinKeywords.groovy:310)
	at PBY-001.run(PBY-001:20)
	at com.kms.katalon.core.main.ScriptEngine.run(ScriptEngine.java:194)
	at com.kms.katalon.core.main.ScriptEngine.runScriptAsRawText(ScriptEngine.java:119)
	at com.kms.katalon.core.main.TestCaseExecutor.runScript(TestCaseExecutor.java:448)
	at com.kms.katalon.core.main.TestCaseExecutor.doExecute(TestCaseExecutor.java:439)
	at com.kms.katalon.core.main.TestCaseExecutor.processExecutionPhase(TestCaseExecutor.java:418)
	at com.kms.katalon.core.main.TestCaseExecutor.accessMainPhase(TestCaseExecutor.java:410)
	at com.kms.katalon.core.main.TestCaseExecutor.execute(TestCaseExecutor.java:285)
	at com.kms.katalon.core.main.TestCaseMain.runTestCase(TestCaseMain.java:144)
	at com.kms.katalon.core.keyword.builtin.CallTestCaseKeyword$_callTestCase_closure1.doCall(CallTestCaseKeyword.groovy:59)
	... 100 more
Caused by: com.kms.katalon.core.exception.StepFailedException: Call Test Case 'Test Cases/T13 Pembelian, Shipment dan Pembayaran/PBL-002' failed
	at com.kms.katalon.core.keyword.builtin.CallTestCaseKeyword$_callTestCase_closure1.doCall(CallTestCaseKeyword.groovy:63)
	at com.kms.katalon.core.keyword.builtin.CallTestCaseKeyword$_callTestCase_closure1.call(CallTestCaseKeyword.groovy)
	at com.kms.katalon.core.keyword.internal.KeywordMain.runKeyword(KeywordMain.groovy:75)
	at com.kms.katalon.core.keyword.builtin.CallTestCaseKeyword.callTestCase(CallTestCaseKeyword.groovy:81)
	at com.kms.katalon.core.keyword.builtin.CallTestCaseKeyword.execute(CallTestCaseKeyword.groovy:44)
	at com.kms.katalon.core.keyword.internal.KeywordExecutor.executeKeywordForPlatform(KeywordExecutor.groovy:74)
	at com.kms.katalon.core.keyword.BuiltinKeywords.callTestCase(BuiltinKeywords.groovy:310)
	at PBL-004.run(PBL-004:20)
	at com.kms.katalon.core.main.ScriptEngine.run(ScriptEngine.java:194)
	at com.kms.katalon.core.main.ScriptEngine.runScriptAsRawText(ScriptEngine.java:119)
	at com.kms.katalon.core.main.TestCaseExecutor.runScript(TestCaseExecutor.java:448)
	at com.kms.katalon.core.main.TestCaseExecutor.doExecute(TestCaseExecutor.java:439)
	at com.kms.katalon.core.main.TestCaseExecutor.processExecutionPhase(TestCaseExecutor.java:418)
	at com.kms.katalon.core.main.TestCaseExecutor.accessMainPhase(TestCaseExecutor.java:410)
	at com.kms.katalon.core.main.TestCaseExecutor.execute(TestCaseExecutor.java:285)
	at com.kms.katalon.core.main.TestCaseMain.runTestCase(TestCaseMain.java:144)
	at com.kms.katalon.core.keyword.builtin.CallTestCaseKeyword$_callTestCase_closure1.doCall(CallTestCaseKeyword.groovy:59)
	... 116 more
Caused by: com.kms.katalon.core.exception.StepFailedException: Unable to click on object 'Object Repository/beli barang/Lihat Sekarang'
	at com.kms.katalon.core.webui.keyword.internal.WebUIKeywordMain.stepFailed(WebUIKeywordMain.groovy:64)
	at com.kms.katalon.core.webui.keyword.internal.WebUIKeywordMain.runKeyword(WebUIKeywordMain.groovy:26)
	at com.kms.katalon.core.webui.keyword.builtin.ClickKeyword.click(ClickKeyword.groovy:74)
	at com.kms.katalon.core.webui.keyword.builtin.ClickKeyword.execute(ClickKeyword.groovy:40)
	at com.kms.katalon.core.keyword.internal.KeywordExecutor.executeKeywordForPlatform(KeywordExecutor.groovy:74)
	at com.kms.katalon.core.webui.keyword.WebUiBuiltInKeywords.click(WebUiBuiltInKeywords.groovy:620)
	at com.kms.katalon.core.webui.keyword.WebUiBuiltInKeywords$click$2.call(Unknown Source)
	at PBL-002.run(PBL-002:25)
	at com.kms.katalon.core.main.ScriptEngine.run(ScriptEngine.java:194)
	at com.kms.katalon.core.main.ScriptEngine.runScriptAsRawText(ScriptEngine.java:119)
	at com.kms.katalon.core.main.TestCaseExecutor.runScript(TestCaseExecutor.java:448)
	at com.kms.katalon.core.main.TestCaseExecutor.doExecute(TestCaseExecutor.java:439)
	at com.kms.katalon.core.main.TestCaseExecutor.processExecutionPhase(TestCaseExecutor.java:418)
	at com.kms.katalon.core.main.TestCaseExecutor.accessMainPhase(TestCaseExecutor.java:410)
	at com.kms.katalon.core.main.TestCaseExecutor.execute(TestCaseExecutor.java:285)
	at com.kms.katalon.core.main.TestCaseMain.runTestCase(TestCaseMain.java:144)
	at com.kms.katalon.core.keyword.builtin.CallTestCaseKeyword$_callTestCase_closure1.doCall(CallTestCaseKeyword.groovy:59)
	... 132 more
Caused by: org.openqa.selenium.ElementNotInteractableException: Element <a class="ps-btn ps-btn--fullwidth" href="https://10.9.2.63/ecommerce/produk/keranjang"> could not be scrolled into view
Build info: version: '3.141.59', revision: 'e82be7d358', time: '2018-11-14T08:25:53'
System info: host: 'DESKTOP-H62FVJ8', ip: '10.9.2.72', os.name: 'Windows 10', os.arch: 'amd64', os.version: '10.0', java.version: '1.8.0_362'
Driver info: com.kms.katalon.core.webui.driver.firefox.CGeckoDriver
Capabilities {acceptInsecureCerts: true, browserName: firefox, browserVersion: 117.0.1, javascriptEnabled: true, moz:accessibilityChecks: false, moz:buildID: 20230912013654, moz:geckodriverVersion: 0.33.0, moz:headless: false, moz:platformVersion: 10.0, moz:processID: 17188, moz:profile: C:\Users\IRFAN\AppData\Loca..., moz:shutdownTimeout: 60000, moz:webdriverClick: true, moz:windowless: false, pageLoadStrategy: normal, platform: WINDOWS, platformName: WINDOWS, proxy: Proxy(direct), setWindowRect: true, strictFileInteractability: false, timeouts: {implicit: 0, pageLoad: 300000, script: 30000}, unhandledPromptBehavior: dismiss and notify}
Session ID: 04cf3b6c-2b0e-450a-a181-9467d554da97
	at org.openqa.selenium.remote.http.W3CHttpResponseCodec.createException(W3CHttpResponseCodec.java:187)
	at org.openqa.selenium.remote.http.W3CHttpResponseCodec.decode(W3CHttpResponseCodec.java:122)
	at org.openqa.selenium.remote.http.W3CHttpResponseCodec.decode(W3CHttpResponseCodec.java:49)
	at org.openqa.selenium.remote.HttpCommandExecutor.execute(HttpCommandExecutor.java:158)
	at org.openqa.selenium.remote.service.DriverCommandExecutor.execute(DriverCommandExecutor.java:83)
	at org.openqa.selenium.remote.RemoteWebDriver.execute(RemoteWebDriver.java:552)
	at com.kms.katalon.selenium.driver.CFirefoxDriver.execute(CFirefoxDriver.java:27)
	at org.openqa.selenium.remote.RemoteWebElement.execute(RemoteWebElement.java:285)
	at org.openqa.selenium.remote.RemoteWebElement.click(RemoteWebElement.java:84)
	at org.openqa.selenium.support.events.EventFiringWebDriver$EventFiringWebElement.lambda$new$0(EventFiringWebDriver.java:404)
	at com.sun.proxy.$Proxy11.click(Unknown Source)
	at org.openqa.selenium.support.events.EventFiringWebDriver$EventFiringWebElement.click(EventFiringWebDriver.java:417)
	at org.openqa.selenium.WebElement$click.call(Unknown Source)
	at com.kms.katalon.core.webui.keyword.builtin.ClickKeyword.clickUntilSuccessWithTimeout(ClickKeyword.groovy:81)
	at com.kms.katalon.core.webui.keyword.builtin.ClickKeyword.clickUntilSuccessWithTimeout(ClickKeyword.groovy)
	at com.kms.katalon.core.webui.keyword.builtin.ClickKeyword$_click_closure1.doCall(ClickKeyword.groovy:67)
	at com.kms.katalon.core.webui.keyword.builtin.ClickKeyword$_click_closure1.call(ClickKeyword.groovy)
	at com.kms.katalon.core.webui.keyword.internal.WebUIKeywordMain.runKeyword(WebUIKeywordMain.groovy:20)
	... 147 more
)

2023-10-04 19:57:42 - [MESSAGE][FAILED] - Unable to call Test Case 'Test Cases/T13 Pembelian, Shipment dan Pembayaran/SA-003' (Root cause: com.kms.katalon.core.exception.StepFailedException: Call Test Case 'Test Cases/T13 Pembelian, Shipment dan Pembayaran/SA-003' failed
	at com.kms.katalon.core.keyword.builtin.CallTestCaseKeyword$_callTestCase_closure1.doCall(CallTestCaseKeyword.groovy:63)
	at com.kms.katalon.core.keyword.builtin.CallTestCaseKeyword$_callTestCase_closure1.call(CallTestCaseKeyword.groovy)
	at com.kms.katalon.core.keyword.internal.KeywordMain.runKeyword(KeywordMain.groovy:75)
	at com.kms.katalon.core.keyword.builtin.CallTestCaseKeyword.callTestCase(CallTestCaseKeyword.groovy:81)
	at com.kms.katalon.core.keyword.builtin.CallTestCaseKeyword.execute(CallTestCaseKeyword.groovy:44)
	at com.kms.katalon.core.keyword.internal.KeywordExecutor.executeKeywordForPlatform(KeywordExecutor.groovy:74)
	at com.kms.katalon.core.keyword.BuiltinKeywords.callTestCase(BuiltinKeywords.groovy:310)
	at SU-010.run(SU-010:20)
	at com.kms.katalon.core.main.ScriptEngine.run(ScriptEngine.java:194)
	at com.kms.katalon.core.main.ScriptEngine.runScriptAsRawText(ScriptEngine.java:119)
	at com.kms.katalon.core.main.TestCaseExecutor.runScript(TestCaseExecutor.java:448)
	at com.kms.katalon.core.main.TestCaseExecutor.doExecute(TestCaseExecutor.java:439)
	at com.kms.katalon.core.main.TestCaseExecutor.processExecutionPhase(TestCaseExecutor.java:418)
	at com.kms.katalon.core.main.TestCaseExecutor.accessMainPhase(TestCaseExecutor.java:410)
	at com.kms.katalon.core.main.TestCaseExecutor.execute(TestCaseExecutor.java:285)
	at com.kms.katalon.core.common.CommonExecutor.accessTestCaseMainPhase(CommonExecutor.java:65)
	at com.kms.katalon.core.main.TestSuiteExecutor.accessTestSuiteMainPhase(TestSuiteExecutor.java:148)
	at com.kms.katalon.core.main.TestSuiteExecutor.execute(TestSuiteExecutor.java:106)
	at com.kms.katalon.core.main.TestCaseMain.startTestSuite(TestCaseMain.java:187)
	at com.kms.katalon.core.main.TestCaseMain$startTestSuite$0.call(Unknown Source)
	at TempTestSuite1696420804604.run(TempTestSuite1696420804604.groovy:36)
Caused by: com.kms.katalon.core.exception.StepFailedException: Call Test Case 'Test Cases/T13 Pembelian, Shipment dan Pembayaran/SA-002' failed
	at com.kms.katalon.core.keyword.builtin.CallTestCaseKeyword$_callTestCase_closure1.doCall(CallTestCaseKeyword.groovy:63)
	at com.kms.katalon.core.keyword.builtin.CallTestCaseKeyword$_callTestCase_closure1.call(CallTestCaseKeyword.groovy)
	at com.kms.katalon.core.keyword.internal.KeywordMain.runKeyword(KeywordMain.groovy:75)
	at com.kms.katalon.core.keyword.builtin.CallTestCaseKeyword.callTestCase(CallTestCaseKeyword.groovy:81)
	at com.kms.katalon.core.keyword.builtin.CallTestCaseKeyword.execute(CallTestCaseKeyword.groovy:44)
	at com.kms.katalon.core.keyword.internal.KeywordExecutor.executeKeywordForPlatform(KeywordExecutor.groovy:74)
	at com.kms.katalon.core.keyword.BuiltinKeywords.callTestCase(BuiltinKeywords.groovy:310)
	at SA-003.run(SA-003:20)
	at com.kms.katalon.core.main.ScriptEngine.run(ScriptEngine.java:194)
	at com.kms.katalon.core.main.ScriptEngine.runScriptAsRawText(ScriptEngine.java:119)
	at com.kms.katalon.core.main.TestCaseExecutor.runScript(TestCaseExecutor.java:448)
	at com.kms.katalon.core.main.TestCaseExecutor.doExecute(TestCaseExecutor.java:439)
	at com.kms.katalon.core.main.TestCaseExecutor.processExecutionPhase(TestCaseExecutor.java:418)
	at com.kms.katalon.core.main.TestCaseExecutor.accessMainPhase(TestCaseExecutor.java:410)
	at com.kms.katalon.core.main.TestCaseExecutor.execute(TestCaseExecutor.java:285)
	at com.kms.katalon.core.main.TestCaseMain.runTestCase(TestCaseMain.java:144)
	at com.kms.katalon.core.keyword.builtin.CallTestCaseKeyword$_callTestCase_closure1.doCall(CallTestCaseKeyword.groovy:59)
	... 20 more
Caused by: com.kms.katalon.core.exception.StepFailedException: Call Test Case 'Test Cases/T13 Pembelian, Shipment dan Pembayaran/SA-001' failed
	at com.kms.katalon.core.keyword.builtin.CallTestCaseKeyword$_callTestCase_closure1.doCall(CallTestCaseKeyword.groovy:63)
	at com.kms.katalon.core.keyword.builtin.CallTestCaseKeyword$_callTestCase_closure1.call(CallTestCaseKeyword.groovy)
	at com.kms.katalon.core.keyword.internal.KeywordMain.runKeyword(KeywordMain.groovy:75)
	at com.kms.katalon.core.keyword.builtin.CallTestCaseKeyword.callTestCase(CallTestCaseKeyword.groovy:81)
	at com.kms.katalon.core.keyword.builtin.CallTestCaseKeyword.execute(CallTestCaseKeyword.groovy:44)
	at com.kms.katalon.core.keyword.internal.KeywordExecutor.executeKeywordForPlatform(KeywordExecutor.groovy:74)
	at com.kms.katalon.core.keyword.BuiltinKeywords.callTestCase(BuiltinKeywords.groovy:310)
	at SA-002.run(SA-002:20)
	at com.kms.katalon.core.main.ScriptEngine.run(ScriptEngine.java:194)
	at com.kms.katalon.core.main.ScriptEngine.runScriptAsRawText(ScriptEngine.java:119)
	at com.kms.katalon.core.main.TestCaseExecutor.runScript(TestCaseExecutor.java:448)
	at com.kms.katalon.core.main.TestCaseExecutor.doExecute(TestCaseExecutor.java:439)
	at com.kms.katalon.core.main.TestCaseExecutor.processExecutionPhase(TestCaseExecutor.java:418)
	at com.kms.katalon.core.main.TestCaseExecutor.accessMainPhase(TestCaseExecutor.java:410)
	at com.kms.katalon.core.main.TestCaseExecutor.execute(TestCaseExecutor.java:285)
	at com.kms.katalon.core.main.TestCaseMain.runTestCase(TestCaseMain.java:144)
	at com.kms.katalon.core.keyword.builtin.CallTestCaseKeyword$_callTestCase_closure1.doCall(CallTestCaseKeyword.groovy:59)
	... 36 more
Caused by: com.kms.katalon.core.exception.StepFailedException: Call Test Case 'Test Cases/T13 Pembelian, Shipment dan Pembayaran/PBYA-001' failed
	at com.kms.katalon.core.keyword.builtin.CallTestCaseKeyword$_callTestCase_closure1.doCall(CallTestCaseKeyword.groovy:63)
	at com.kms.katalon.core.keyword.builtin.CallTestCaseKeyword$_callTestCase_closure1.call(CallTestCaseKeyword.groovy)
	at com.kms.katalon.core.keyword.internal.KeywordMain.runKeyword(KeywordMain.groovy:75)
	at com.kms.katalon.core.keyword.builtin.CallTestCaseKeyword.callTestCase(CallTestCaseKeyword.groovy:81)
	at com.kms.katalon.core.keyword.builtin.CallTestCaseKeyword.execute(CallTestCaseKeyword.groovy:44)
	at com.kms.katalon.core.keyword.internal.KeywordExecutor.executeKeywordForPlatform(KeywordExecutor.groovy:74)
	at com.kms.katalon.core.keyword.BuiltinKeywords.callTestCase(BuiltinKeywords.groovy:310)
	at SA-001.run(SA-001:20)
	at com.kms.katalon.core.main.ScriptEngine.run(ScriptEngine.java:194)
	at com.kms.katalon.core.main.ScriptEngine.runScriptAsRawText(ScriptEngine.java:119)
	at com.kms.katalon.core.main.TestCaseExecutor.runScript(TestCaseExecutor.java:448)
	at com.kms.katalon.core.main.TestCaseExecutor.doExecute(TestCaseExecutor.java:439)
	at com.kms.katalon.core.main.TestCaseExecutor.processExecutionPhase(TestCaseExecutor.java:418)
	at com.kms.katalon.core.main.TestCaseExecutor.accessMainPhase(TestCaseExecutor.java:410)
	at com.kms.katalon.core.main.TestCaseExecutor.execute(TestCaseExecutor.java:285)
	at com.kms.katalon.core.main.TestCaseMain.runTestCase(TestCaseMain.java:144)
	at com.kms.katalon.core.keyword.builtin.CallTestCaseKeyword$_callTestCase_closure1.doCall(CallTestCaseKeyword.groovy:59)
	... 52 more
Caused by: com.kms.katalon.core.exception.StepFailedException: Call Test Case 'Test Cases/T13 Pembelian, Shipment dan Pembayaran/PBY-004' failed
	at com.kms.katalon.core.keyword.builtin.CallTestCaseKeyword$_callTestCase_closure1.doCall(CallTestCaseKeyword.groovy:63)
	at com.kms.katalon.core.keyword.builtin.CallTestCaseKeyword$_callTestCase_closure1.call(CallTestCaseKeyword.groovy)
	at com.kms.katalon.core.keyword.internal.KeywordMain.runKeyword(KeywordMain.groovy:75)
	at com.kms.katalon.core.keyword.builtin.CallTestCaseKeyword.callTestCase(CallTestCaseKeyword.groovy:81)
	at com.kms.katalon.core.keyword.builtin.CallTestCaseKeyword.execute(CallTestCaseKeyword.groovy:44)
	at com.kms.katalon.core.keyword.internal.KeywordExecutor.executeKeywordForPlatform(KeywordExecutor.groovy:74)
	at com.kms.katalon.core.keyword.BuiltinKeywords.callTestCase(BuiltinKeywords.groovy:310)
	at PBYA-001.run(PBYA-001:20)
	at com.kms.katalon.core.main.ScriptEngine.run(ScriptEngine.java:194)
	at com.kms.katalon.core.main.ScriptEngine.runScriptAsRawText(ScriptEngine.java:119)
	at com.kms.katalon.core.main.TestCaseExecutor.runScript(TestCaseExecutor.java:448)
	at com.kms.katalon.core.main.TestCaseExecutor.doExecute(TestCaseExecutor.java:439)
	at com.kms.katalon.core.main.TestCaseExecutor.processExecutionPhase(TestCaseExecutor.java:418)
	at com.kms.katalon.core.main.TestCaseExecutor.accessMainPhase(TestCaseExecutor.java:410)
	at com.kms.katalon.core.main.TestCaseExecutor.execute(TestCaseExecutor.java:285)
	at com.kms.katalon.core.main.TestCaseMain.runTestCase(TestCaseMain.java:144)
	at com.kms.katalon.core.keyword.builtin.CallTestCaseKeyword$_callTestCase_closure1.doCall(CallTestCaseKeyword.groovy:59)
	... 68 more
Caused by: com.kms.katalon.core.exception.StepFailedException: Call Test Case 'Test Cases/T13 Pembelian, Shipment dan Pembayaran/PBY-001' failed
	at com.kms.katalon.core.keyword.builtin.CallTestCaseKeyword$_callTestCase_closure1.doCall(CallTestCaseKeyword.groovy:63)
	at com.kms.katalon.core.keyword.builtin.CallTestCaseKeyword$_callTestCase_closure1.call(CallTestCaseKeyword.groovy)
	at com.kms.katalon.core.keyword.internal.KeywordMain.runKeyword(KeywordMain.groovy:75)
	at com.kms.katalon.core.keyword.builtin.CallTestCaseKeyword.callTestCase(CallTestCaseKeyword.groovy:81)
	at com.kms.katalon.core.keyword.builtin.CallTestCaseKeyword.execute(CallTestCaseKeyword.groovy:44)
	at com.kms.katalon.core.keyword.internal.KeywordExecutor.executeKeywordForPlatform(KeywordExecutor.groovy:74)
	at com.kms.katalon.core.keyword.BuiltinKeywords.callTestCase(BuiltinKeywords.groovy:310)
	at PBY-004.run(PBY-004:20)
	at com.kms.katalon.core.main.ScriptEngine.run(ScriptEngine.java:194)
	at com.kms.katalon.core.main.ScriptEngine.runScriptAsRawText(ScriptEngine.java:119)
	at com.kms.katalon.core.main.TestCaseExecutor.runScript(TestCaseExecutor.java:448)
	at com.kms.katalon.core.main.TestCaseExecutor.doExecute(TestCaseExecutor.java:439)
	at com.kms.katalon.core.main.TestCaseExecutor.processExecutionPhase(TestCaseExecutor.java:418)
	at com.kms.katalon.core.main.TestCaseExecutor.accessMainPhase(TestCaseExecutor.java:410)
	at com.kms.katalon.core.main.TestCaseExecutor.execute(TestCaseExecutor.java:285)
	at com.kms.katalon.core.main.TestCaseMain.runTestCase(TestCaseMain.java:144)
	at com.kms.katalon.core.keyword.builtin.CallTestCaseKeyword$_callTestCase_closure1.doCall(CallTestCaseKeyword.groovy:59)
	... 84 more
Caused by: com.kms.katalon.core.exception.StepFailedException: Call Test Case 'Test Cases/T13 Pembelian, Shipment dan Pembayaran/PBL-004' failed
	at com.kms.katalon.core.keyword.builtin.CallTestCaseKeyword$_callTestCase_closure1.doCall(CallTestCaseKeyword.groovy:63)
	at com.kms.katalon.core.keyword.builtin.CallTestCaseKeyword$_callTestCase_closure1.call(CallTestCaseKeyword.groovy)
	at com.kms.katalon.core.keyword.internal.KeywordMain.runKeyword(KeywordMain.groovy:75)
	at com.kms.katalon.core.keyword.builtin.CallTestCaseKeyword.callTestCase(CallTestCaseKeyword.groovy:81)
	at com.kms.katalon.core.keyword.builtin.CallTestCaseKeyword.execute(CallTestCaseKeyword.groovy:44)
	at com.kms.katalon.core.keyword.internal.KeywordExecutor.executeKeywordForPlatform(KeywordExecutor.groovy:74)
	at com.kms.katalon.core.keyword.BuiltinKeywords.callTestCase(BuiltinKeywords.groovy:310)
	at PBY-001.run(PBY-001:20)
	at com.kms.katalon.core.main.ScriptEngine.run(ScriptEngine.java:194)
	at com.kms.katalon.core.main.ScriptEngine.runScriptAsRawText(ScriptEngine.java:119)
	at com.kms.katalon.core.main.TestCaseExecutor.runScript(TestCaseExecutor.java:448)
	at com.kms.katalon.core.main.TestCaseExecutor.doExecute(TestCaseExecutor.java:439)
	at com.kms.katalon.core.main.TestCaseExecutor.processExecutionPhase(TestCaseExecutor.java:418)
	at com.kms.katalon.core.main.TestCaseExecutor.accessMainPhase(TestCaseExecutor.java:410)
	at com.kms.katalon.core.main.TestCaseExecutor.execute(TestCaseExecutor.java:285)
	at com.kms.katalon.core.main.TestCaseMain.runTestCase(TestCaseMain.java:144)
	at com.kms.katalon.core.keyword.builtin.CallTestCaseKeyword$_callTestCase_closure1.doCall(CallTestCaseKeyword.groovy:59)
	... 100 more
Caused by: com.kms.katalon.core.exception.StepFailedException: Call Test Case 'Test Cases/T13 Pembelian, Shipment dan Pembayaran/PBL-002' failed
	at com.kms.katalon.core.keyword.builtin.CallTestCaseKeyword$_callTestCase_closure1.doCall(CallTestCaseKeyword.groovy:63)
	at com.kms.katalon.core.keyword.builtin.CallTestCaseKeyword$_callTestCase_closure1.call(CallTestCaseKeyword.groovy)
	at com.kms.katalon.core.keyword.internal.KeywordMain.runKeyword(KeywordMain.groovy:75)
	at com.kms.katalon.core.keyword.builtin.CallTestCaseKeyword.callTestCase(CallTestCaseKeyword.groovy:81)
	at com.kms.katalon.core.keyword.builtin.CallTestCaseKeyword.execute(CallTestCaseKeyword.groovy:44)
	at com.kms.katalon.core.keyword.internal.KeywordExecutor.executeKeywordForPlatform(KeywordExecutor.groovy:74)
	at com.kms.katalon.core.keyword.BuiltinKeywords.callTestCase(BuiltinKeywords.groovy:310)
	at PBL-004.run(PBL-004:20)
	at com.kms.katalon.core.main.ScriptEngine.run(ScriptEngine.java:194)
	at com.kms.katalon.core.main.ScriptEngine.runScriptAsRawText(ScriptEngine.java:119)
	at com.kms.katalon.core.main.TestCaseExecutor.runScript(TestCaseExecutor.java:448)
	at com.kms.katalon.core.main.TestCaseExecutor.doExecute(TestCaseExecutor.java:439)
	at com.kms.katalon.core.main.TestCaseExecutor.processExecutionPhase(TestCaseExecutor.java:418)
	at com.kms.katalon.core.main.TestCaseExecutor.accessMainPhase(TestCaseExecutor.java:410)
	at com.kms.katalon.core.main.TestCaseExecutor.execute(TestCaseExecutor.java:285)
	at com.kms.katalon.core.main.TestCaseMain.runTestCase(TestCaseMain.java:144)
	at com.kms.katalon.core.keyword.builtin.CallTestCaseKeyword$_callTestCase_closure1.doCall(CallTestCaseKeyword.groovy:59)
	... 116 more
Caused by: com.kms.katalon.core.exception.StepFailedException: Unable to click on object 'Object Repository/beli barang/Lihat Sekarang'
	at com.kms.katalon.core.webui.keyword.internal.WebUIKeywordMain.stepFailed(WebUIKeywordMain.groovy:64)
	at com.kms.katalon.core.webui.keyword.internal.WebUIKeywordMain.runKeyword(WebUIKeywordMain.groovy:26)
	at com.kms.katalon.core.webui.keyword.builtin.ClickKeyword.click(ClickKeyword.groovy:74)
	at com.kms.katalon.core.webui.keyword.builtin.ClickKeyword.execute(ClickKeyword.groovy:40)
	at com.kms.katalon.core.keyword.internal.KeywordExecutor.executeKeywordForPlatform(KeywordExecutor.groovy:74)
	at com.kms.katalon.core.webui.keyword.WebUiBuiltInKeywords.click(WebUiBuiltInKeywords.groovy:620)
	at com.kms.katalon.core.webui.keyword.WebUiBuiltInKeywords$click$2.call(Unknown Source)
	at PBL-002.run(PBL-002:25)
	at com.kms.katalon.core.main.ScriptEngine.run(ScriptEngine.java:194)
	at com.kms.katalon.core.main.ScriptEngine.runScriptAsRawText(ScriptEngine.java:119)
	at com.kms.katalon.core.main.TestCaseExecutor.runScript(TestCaseExecutor.java:448)
	at com.kms.katalon.core.main.TestCaseExecutor.doExecute(TestCaseExecutor.java:439)
	at com.kms.katalon.core.main.TestCaseExecutor.processExecutionPhase(TestCaseExecutor.java:418)
	at com.kms.katalon.core.main.TestCaseExecutor.accessMainPhase(TestCaseExecutor.java:410)
	at com.kms.katalon.core.main.TestCaseExecutor.execute(TestCaseExecutor.java:285)
	at com.kms.katalon.core.main.TestCaseMain.runTestCase(TestCaseMain.java:144)
	at com.kms.katalon.core.keyword.builtin.CallTestCaseKeyword$_callTestCase_closure1.doCall(CallTestCaseKeyword.groovy:59)
	... 132 more
Caused by: org.openqa.selenium.ElementNotInteractableException: Element <a class="ps-btn ps-btn--fullwidth" href="https://10.9.2.63/ecommerce/produk/keranjang"> could not be scrolled into view
Build info: version: '3.141.59', revision: 'e82be7d358', time: '2018-11-14T08:25:53'
System info: host: 'DESKTOP-H62FVJ8', ip: '10.9.2.72', os.name: 'Windows 10', os.arch: 'amd64', os.version: '10.0', java.version: '1.8.0_362'
Driver info: com.kms.katalon.core.webui.driver.firefox.CGeckoDriver
Capabilities {acceptInsecureCerts: true, browserName: firefox, browserVersion: 117.0.1, javascriptEnabled: true, moz:accessibilityChecks: false, moz:buildID: 20230912013654, moz:geckodriverVersion: 0.33.0, moz:headless: false, moz:platformVersion: 10.0, moz:processID: 17188, moz:profile: C:\Users\IRFAN\AppData\Loca..., moz:shutdownTimeout: 60000, moz:webdriverClick: true, moz:windowless: false, pageLoadStrategy: normal, platform: WINDOWS, platformName: WINDOWS, proxy: Proxy(direct), setWindowRect: true, strictFileInteractability: false, timeouts: {implicit: 0, pageLoad: 300000, script: 30000}, unhandledPromptBehavior: dismiss and notify}
Session ID: 04cf3b6c-2b0e-450a-a181-9467d554da97
	at org.openqa.selenium.remote.http.W3CHttpResponseCodec.createException(W3CHttpResponseCodec.java:187)
	at org.openqa.selenium.remote.http.W3CHttpResponseCodec.decode(W3CHttpResponseCodec.java:122)
	at org.openqa.selenium.remote.http.W3CHttpResponseCodec.decode(W3CHttpResponseCodec.java:49)
	at org.openqa.selenium.remote.HttpCommandExecutor.execute(HttpCommandExecutor.java:158)
	at org.openqa.selenium.remote.service.DriverCommandExecutor.execute(DriverCommandExecutor.java:83)
	at org.openqa.selenium.remote.RemoteWebDriver.execute(RemoteWebDriver.java:552)
	at com.kms.katalon.selenium.driver.CFirefoxDriver.execute(CFirefoxDriver.java:27)
	at org.openqa.selenium.remote.RemoteWebElement.execute(RemoteWebElement.java:285)
	at org.openqa.selenium.remote.RemoteWebElement.click(RemoteWebElement.java:84)
	at org.openqa.selenium.support.events.EventFiringWebDriver$EventFiringWebElement.lambda$new$0(EventFiringWebDriver.java:404)
	at com.sun.proxy.$Proxy11.click(Unknown Source)
	at org.openqa.selenium.support.events.EventFiringWebDriver$EventFiringWebElement.click(EventFiringWebDriver.java:417)
	at org.openqa.selenium.WebElement$click.call(Unknown Source)
	at com.kms.katalon.core.webui.keyword.builtin.ClickKeyword.clickUntilSuccessWithTimeout(ClickKeyword.groovy:81)
	at com.kms.katalon.core.webui.keyword.builtin.ClickKeyword.clickUntilSuccessWithTimeout(ClickKeyword.groovy)
	at com.kms.katalon.core.webui.keyword.builtin.ClickKeyword$_click_closure1.doCall(ClickKeyword.groovy:67)
	at com.kms.katalon.core.webui.keyword.builtin.ClickKeyword$_click_closure1.call(ClickKeyword.groovy)
	at com.kms.katalon.core.webui.keyword.internal.WebUIKeywordMain.runKeyword(WebUIKeywordMain.groovy:20)
	... 147 more
)]]></system-out>
         <system-err><![CDATA[2023-10-04 19:57:17 - [TEST_CASE][FAILED] - Test Cases/T13 Pembelian, Shipment dan Pembayaran/SU-010: Test Cases/T13 Pembelian, Shipment dan Pembayaran/SU-010 FAILED.
Reason:
com.kms.katalon.core.exception.StepFailedException: Call Test Case 'Test Cases/T13 Pembelian, Shipment dan Pembayaran/SA-003' failed
	at com.kms.katalon.core.keyword.builtin.CallTestCaseKeyword$_callTestCase_closure1.doCall(CallTestCaseKeyword.groovy:63)
	at com.kms.katalon.core.keyword.builtin.CallTestCaseKeyword$_callTestCase_closure1.call(CallTestCaseKeyword.groovy)
	at com.kms.katalon.core.keyword.internal.KeywordMain.runKeyword(KeywordMain.groovy:75)
	at com.kms.katalon.core.keyword.builtin.CallTestCaseKeyword.callTestCase(CallTestCaseKeyword.groovy:81)
	at com.kms.katalon.core.keyword.builtin.CallTestCaseKeyword.execute(CallTestCaseKeyword.groovy:44)
	at com.kms.katalon.core.keyword.internal.KeywordExecutor.executeKeywordForPlatform(KeywordExecutor.groovy:74)
	at com.kms.katalon.core.keyword.BuiltinKeywords.callTestCase(BuiltinKeywords.groovy:310)
	at SU-010.run(SU-010:20)
	at com.kms.katalon.core.main.ScriptEngine.run(ScriptEngine.java:194)
	at com.kms.katalon.core.main.ScriptEngine.runScriptAsRawText(ScriptEngine.java:119)
	at com.kms.katalon.core.main.TestCaseExecutor.runScript(TestCaseExecutor.java:448)
	at com.kms.katalon.core.main.TestCaseExecutor.doExecute(TestCaseExecutor.java:439)
	at com.kms.katalon.core.main.TestCaseExecutor.processExecutionPhase(TestCaseExecutor.java:418)
	at com.kms.katalon.core.main.TestCaseExecutor.accessMainPhase(TestCaseExecutor.java:410)
	at com.kms.katalon.core.main.TestCaseExecutor.execute(TestCaseExecutor.java:285)
	at com.kms.katalon.core.common.CommonExecutor.accessTestCaseMainPhase(CommonExecutor.java:65)
	at com.kms.katalon.core.main.TestSuiteExecutor.accessTestSuiteMainPhase(TestSuiteExecutor.java:148)
	at com.kms.katalon.core.main.TestSuiteExecutor.execute(TestSuiteExecutor.java:106)
	at com.kms.katalon.core.main.TestCaseMain.startTestSuite(TestCaseMain.java:187)
	at com.kms.katalon.core.main.TestCaseMain$startTestSuite$0.call(Unknown Source)
	at TempTestSuite1696420804604.run(TempTestSuite1696420804604.groovy:36)
Caused by: com.kms.katalon.core.exception.StepFailedException: Call Test Case 'Test Cases/T13 Pembelian, Shipment dan Pembayaran/SA-002' failed
	at com.kms.katalon.core.keyword.builtin.CallTestCaseKeyword$_callTestCase_closure1.doCall(CallTestCaseKeyword.groovy:63)
	at com.kms.katalon.core.keyword.builtin.CallTestCaseKeyword$_callTestCase_closure1.call(CallTestCaseKeyword.groovy)
	at com.kms.katalon.core.keyword.internal.KeywordMain.runKeyword(KeywordMain.groovy:75)
	at com.kms.katalon.core.keyword.builtin.CallTestCaseKeyword.callTestCase(CallTestCaseKeyword.groovy:81)
	at com.kms.katalon.core.keyword.builtin.CallTestCaseKeyword.execute(CallTestCaseKeyword.groovy:44)
	at com.kms.katalon.core.keyword.internal.KeywordExecutor.executeKeywordForPlatform(KeywordExecutor.groovy:74)
	at com.kms.katalon.core.keyword.BuiltinKeywords.callTestCase(BuiltinKeywords.groovy:310)
	at SA-003.run(SA-003:20)
	at com.kms.katalon.core.main.ScriptEngine.run(ScriptEngine.java:194)
	at com.kms.katalon.core.main.ScriptEngine.runScriptAsRawText(ScriptEngine.java:119)
	at com.kms.katalon.core.main.TestCaseExecutor.runScript(TestCaseExecutor.java:448)
	at com.kms.katalon.core.main.TestCaseExecutor.doExecute(TestCaseExecutor.java:439)
	at com.kms.katalon.core.main.TestCaseExecutor.processExecutionPhase(TestCaseExecutor.java:418)
	at com.kms.katalon.core.main.TestCaseExecutor.accessMainPhase(TestCaseExecutor.java:410)
	at com.kms.katalon.core.main.TestCaseExecutor.execute(TestCaseExecutor.java:285)
	at com.kms.katalon.core.main.TestCaseMain.runTestCase(TestCaseMain.java:144)
	at com.kms.katalon.core.keyword.builtin.CallTestCaseKeyword$_callTestCase_closure1.doCall(CallTestCaseKeyword.groovy:59)
	... 20 more
Caused by: com.kms.katalon.core.exception.StepFailedException: Call Test Case 'Test Cases/T13 Pembelian, Shipment dan Pembayaran/SA-001' failed
	at com.kms.katalon.core.keyword.builtin.CallTestCaseKeyword$_callTestCase_closure1.doCall(CallTestCaseKeyword.groovy:63)
	at com.kms.katalon.core.keyword.builtin.CallTestCaseKeyword$_callTestCase_closure1.call(CallTestCaseKeyword.groovy)
	at com.kms.katalon.core.keyword.internal.KeywordMain.runKeyword(KeywordMain.groovy:75)
	at com.kms.katalon.core.keyword.builtin.CallTestCaseKeyword.callTestCase(CallTestCaseKeyword.groovy:81)
	at com.kms.katalon.core.keyword.builtin.CallTestCaseKeyword.execute(CallTestCaseKeyword.groovy:44)
	at com.kms.katalon.core.keyword.internal.KeywordExecutor.executeKeywordForPlatform(KeywordExecutor.groovy:74)
	at com.kms.katalon.core.keyword.BuiltinKeywords.callTestCase(BuiltinKeywords.groovy:310)
	at SA-002.run(SA-002:20)
	at com.kms.katalon.core.main.ScriptEngine.run(ScriptEngine.java:194)
	at com.kms.katalon.core.main.ScriptEngine.runScriptAsRawText(ScriptEngine.java:119)
	at com.kms.katalon.core.main.TestCaseExecutor.runScript(TestCaseExecutor.java:448)
	at com.kms.katalon.core.main.TestCaseExecutor.doExecute(TestCaseExecutor.java:439)
	at com.kms.katalon.core.main.TestCaseExecutor.processExecutionPhase(TestCaseExecutor.java:418)
	at com.kms.katalon.core.main.TestCaseExecutor.accessMainPhase(TestCaseExecutor.java:410)
	at com.kms.katalon.core.main.TestCaseExecutor.execute(TestCaseExecutor.java:285)
	at com.kms.katalon.core.main.TestCaseMain.runTestCase(TestCaseMain.java:144)
	at com.kms.katalon.core.keyword.builtin.CallTestCaseKeyword$_callTestCase_closure1.doCall(CallTestCaseKeyword.groovy:59)
	... 36 more
Caused by: com.kms.katalon.core.exception.StepFailedException: Call Test Case 'Test Cases/T13 Pembelian, Shipment dan Pembayaran/PBYA-001' failed
	at com.kms.katalon.core.keyword.builtin.CallTestCaseKeyword$_callTestCase_closure1.doCall(CallTestCaseKeyword.groovy:63)
	at com.kms.katalon.core.keyword.builtin.CallTestCaseKeyword$_callTestCase_closure1.call(CallTestCaseKeyword.groovy)
	at com.kms.katalon.core.keyword.internal.KeywordMain.runKeyword(KeywordMain.groovy:75)
	at com.kms.katalon.core.keyword.builtin.CallTestCaseKeyword.callTestCase(CallTestCaseKeyword.groovy:81)
	at com.kms.katalon.core.keyword.builtin.CallTestCaseKeyword.execute(CallTestCaseKeyword.groovy:44)
	at com.kms.katalon.core.keyword.internal.KeywordExecutor.executeKeywordForPlatform(KeywordExecutor.groovy:74)
	at com.kms.katalon.core.keyword.BuiltinKeywords.callTestCase(BuiltinKeywords.groovy:310)
	at SA-001.run(SA-001:20)
	at com.kms.katalon.core.main.ScriptEngine.run(ScriptEngine.java:194)
	at com.kms.katalon.core.main.ScriptEngine.runScriptAsRawText(ScriptEngine.java:119)
	at com.kms.katalon.core.main.TestCaseExecutor.runScript(TestCaseExecutor.java:448)
	at com.kms.katalon.core.main.TestCaseExecutor.doExecute(TestCaseExecutor.java:439)
	at com.kms.katalon.core.main.TestCaseExecutor.processExecutionPhase(TestCaseExecutor.java:418)
	at com.kms.katalon.core.main.TestCaseExecutor.accessMainPhase(TestCaseExecutor.java:410)
	at com.kms.katalon.core.main.TestCaseExecutor.execute(TestCaseExecutor.java:285)
	at com.kms.katalon.core.main.TestCaseMain.runTestCase(TestCaseMain.java:144)
	at com.kms.katalon.core.keyword.builtin.CallTestCaseKeyword$_callTestCase_closure1.doCall(CallTestCaseKeyword.groovy:59)
	... 52 more
Caused by: com.kms.katalon.core.exception.StepFailedException: Call Test Case 'Test Cases/T13 Pembelian, Shipment dan Pembayaran/PBY-004' failed
	at com.kms.katalon.core.keyword.builtin.CallTestCaseKeyword$_callTestCase_closure1.doCall(CallTestCaseKeyword.groovy:63)
	at com.kms.katalon.core.keyword.builtin.CallTestCaseKeyword$_callTestCase_closure1.call(CallTestCaseKeyword.groovy)
	at com.kms.katalon.core.keyword.internal.KeywordMain.runKeyword(KeywordMain.groovy:75)
	at com.kms.katalon.core.keyword.builtin.CallTestCaseKeyword.callTestCase(CallTestCaseKeyword.groovy:81)
	at com.kms.katalon.core.keyword.builtin.CallTestCaseKeyword.execute(CallTestCaseKeyword.groovy:44)
	at com.kms.katalon.core.keyword.internal.KeywordExecutor.executeKeywordForPlatform(KeywordExecutor.groovy:74)
	at com.kms.katalon.core.keyword.BuiltinKeywords.callTestCase(BuiltinKeywords.groovy:310)
	at PBYA-001.run(PBYA-001:20)
	at com.kms.katalon.core.main.ScriptEngine.run(ScriptEngine.java:194)
	at com.kms.katalon.core.main.ScriptEngine.runScriptAsRawText(ScriptEngine.java:119)
	at com.kms.katalon.core.main.TestCaseExecutor.runScript(TestCaseExecutor.java:448)
	at com.kms.katalon.core.main.TestCaseExecutor.doExecute(TestCaseExecutor.java:439)
	at com.kms.katalon.core.main.TestCaseExecutor.processExecutionPhase(TestCaseExecutor.java:418)
	at com.kms.katalon.core.main.TestCaseExecutor.accessMainPhase(TestCaseExecutor.java:410)
	at com.kms.katalon.core.main.TestCaseExecutor.execute(TestCaseExecutor.java:285)
	at com.kms.katalon.core.main.TestCaseMain.runTestCase(TestCaseMain.java:144)
	at com.kms.katalon.core.keyword.builtin.CallTestCaseKeyword$_callTestCase_closure1.doCall(CallTestCaseKeyword.groovy:59)
	... 68 more
Caused by: com.kms.katalon.core.exception.StepFailedException: Call Test Case 'Test Cases/T13 Pembelian, Shipment dan Pembayaran/PBY-001' failed
	at com.kms.katalon.core.keyword.builtin.CallTestCaseKeyword$_callTestCase_closure1.doCall(CallTestCaseKeyword.groovy:63)
	at com.kms.katalon.core.keyword.builtin.CallTestCaseKeyword$_callTestCase_closure1.call(CallTestCaseKeyword.groovy)
	at com.kms.katalon.core.keyword.internal.KeywordMain.runKeyword(KeywordMain.groovy:75)
	at com.kms.katalon.core.keyword.builtin.CallTestCaseKeyword.callTestCase(CallTestCaseKeyword.groovy:81)
	at com.kms.katalon.core.keyword.builtin.CallTestCaseKeyword.execute(CallTestCaseKeyword.groovy:44)
	at com.kms.katalon.core.keyword.internal.KeywordExecutor.executeKeywordForPlatform(KeywordExecutor.groovy:74)
	at com.kms.katalon.core.keyword.BuiltinKeywords.callTestCase(BuiltinKeywords.groovy:310)
	at PBY-004.run(PBY-004:20)
	at com.kms.katalon.core.main.ScriptEngine.run(ScriptEngine.java:194)
	at com.kms.katalon.core.main.ScriptEngine.runScriptAsRawText(ScriptEngine.java:119)
	at com.kms.katalon.core.main.TestCaseExecutor.runScript(TestCaseExecutor.java:448)
	at com.kms.katalon.core.main.TestCaseExecutor.doExecute(TestCaseExecutor.java:439)
	at com.kms.katalon.core.main.TestCaseExecutor.processExecutionPhase(TestCaseExecutor.java:418)
	at com.kms.katalon.core.main.TestCaseExecutor.accessMainPhase(TestCaseExecutor.java:410)
	at com.kms.katalon.core.main.TestCaseExecutor.execute(TestCaseExecutor.java:285)
	at com.kms.katalon.core.main.TestCaseMain.runTestCase(TestCaseMain.java:144)
	at com.kms.katalon.core.keyword.builtin.CallTestCaseKeyword$_callTestCase_closure1.doCall(CallTestCaseKeyword.groovy:59)
	... 84 more
Caused by: com.kms.katalon.core.exception.StepFailedException: Call Test Case 'Test Cases/T13 Pembelian, Shipment dan Pembayaran/PBL-004' failed
	at com.kms.katalon.core.keyword.builtin.CallTestCaseKeyword$_callTestCase_closure1.doCall(CallTestCaseKeyword.groovy:63)
	at com.kms.katalon.core.keyword.builtin.CallTestCaseKeyword$_callTestCase_closure1.call(CallTestCaseKeyword.groovy)
	at com.kms.katalon.core.keyword.internal.KeywordMain.runKeyword(KeywordMain.groovy:75)
	at com.kms.katalon.core.keyword.builtin.CallTestCaseKeyword.callTestCase(CallTestCaseKeyword.groovy:81)
	at com.kms.katalon.core.keyword.builtin.CallTestCaseKeyword.execute(CallTestCaseKeyword.groovy:44)
	at com.kms.katalon.core.keyword.internal.KeywordExecutor.executeKeywordForPlatform(KeywordExecutor.groovy:74)
	at com.kms.katalon.core.keyword.BuiltinKeywords.callTestCase(BuiltinKeywords.groovy:310)
	at PBY-001.run(PBY-001:20)
	at com.kms.katalon.core.main.ScriptEngine.run(ScriptEngine.java:194)
	at com.kms.katalon.core.main.ScriptEngine.runScriptAsRawText(ScriptEngine.java:119)
	at com.kms.katalon.core.main.TestCaseExecutor.runScript(TestCaseExecutor.java:448)
	at com.kms.katalon.core.main.TestCaseExecutor.doExecute(TestCaseExecutor.java:439)
	at com.kms.katalon.core.main.TestCaseExecutor.processExecutionPhase(TestCaseExecutor.java:418)
	at com.kms.katalon.core.main.TestCaseExecutor.accessMainPhase(TestCaseExecutor.java:410)
	at com.kms.katalon.core.main.TestCaseExecutor.execute(TestCaseExecutor.java:285)
	at com.kms.katalon.core.main.TestCaseMain.runTestCase(TestCaseMain.java:144)
	at com.kms.katalon.core.keyword.builtin.CallTestCaseKeyword$_callTestCase_closure1.doCall(CallTestCaseKeyword.groovy:59)
	... 100 more
Caused by: com.kms.katalon.core.exception.StepFailedException: Call Test Case 'Test Cases/T13 Pembelian, Shipment dan Pembayaran/PBL-002' failed
	at com.kms.katalon.core.keyword.builtin.CallTestCaseKeyword$_callTestCase_closure1.doCall(CallTestCaseKeyword.groovy:63)
	at com.kms.katalon.core.keyword.builtin.CallTestCaseKeyword$_callTestCase_closure1.call(CallTestCaseKeyword.groovy)
	at com.kms.katalon.core.keyword.internal.KeywordMain.runKeyword(KeywordMain.groovy:75)
	at com.kms.katalon.core.keyword.builtin.CallTestCaseKeyword.callTestCase(CallTestCaseKeyword.groovy:81)
	at com.kms.katalon.core.keyword.builtin.CallTestCaseKeyword.execute(CallTestCaseKeyword.groovy:44)
	at com.kms.katalon.core.keyword.internal.KeywordExecutor.executeKeywordForPlatform(KeywordExecutor.groovy:74)
	at com.kms.katalon.core.keyword.BuiltinKeywords.callTestCase(BuiltinKeywords.groovy:310)
	at PBL-004.run(PBL-004:20)
	at com.kms.katalon.core.main.ScriptEngine.run(ScriptEngine.java:194)
	at com.kms.katalon.core.main.ScriptEngine.runScriptAsRawText(ScriptEngine.java:119)
	at com.kms.katalon.core.main.TestCaseExecutor.runScript(TestCaseExecutor.java:448)
	at com.kms.katalon.core.main.TestCaseExecutor.doExecute(TestCaseExecutor.java:439)
	at com.kms.katalon.core.main.TestCaseExecutor.processExecutionPhase(TestCaseExecutor.java:418)
	at com.kms.katalon.core.main.TestCaseExecutor.accessMainPhase(TestCaseExecutor.java:410)
	at com.kms.katalon.core.main.TestCaseExecutor.execute(TestCaseExecutor.java:285)
	at com.kms.katalon.core.main.TestCaseMain.runTestCase(TestCaseMain.java:144)
	at com.kms.katalon.core.keyword.builtin.CallTestCaseKeyword$_callTestCase_closure1.doCall(CallTestCaseKeyword.groovy:59)
	... 116 more
Caused by: com.kms.katalon.core.exception.StepFailedException: Unable to click on object 'Object Repository/beli barang/Lihat Sekarang'
	at com.kms.katalon.core.webui.keyword.internal.WebUIKeywordMain.stepFailed(WebUIKeywordMain.groovy:64)
	at com.kms.katalon.core.webui.keyword.internal.WebUIKeywordMain.runKeyword(WebUIKeywordMain.groovy:26)
	at com.kms.katalon.core.webui.keyword.builtin.ClickKeyword.click(ClickKeyword.groovy:74)
	at com.kms.katalon.core.webui.keyword.builtin.ClickKeyword.execute(ClickKeyword.groovy:40)
	at com.kms.katalon.core.keyword.internal.KeywordExecutor.executeKeywordForPlatform(KeywordExecutor.groovy:74)
	at com.kms.katalon.core.webui.keyword.WebUiBuiltInKeywords.click(WebUiBuiltInKeywords.groovy:620)
	at com.kms.katalon.core.webui.keyword.WebUiBuiltInKeywords$click$2.call(Unknown Source)
	at PBL-002.run(PBL-002:25)
	at com.kms.katalon.core.main.ScriptEngine.run(ScriptEngine.java:194)
	at com.kms.katalon.core.main.ScriptEngine.runScriptAsRawText(ScriptEngine.java:119)
	at com.kms.katalon.core.main.TestCaseExecutor.runScript(TestCaseExecutor.java:448)
	at com.kms.katalon.core.main.TestCaseExecutor.doExecute(TestCaseExecutor.java:439)
	at com.kms.katalon.core.main.TestCaseExecutor.processExecutionPhase(TestCaseExecutor.java:418)
	at com.kms.katalon.core.main.TestCaseExecutor.accessMainPhase(TestCaseExecutor.java:410)
	at com.kms.katalon.core.main.TestCaseExecutor.execute(TestCaseExecutor.java:285)
	at com.kms.katalon.core.main.TestCaseMain.runTestCase(TestCaseMain.java:144)
	at com.kms.katalon.core.keyword.builtin.CallTestCaseKeyword$_callTestCase_closure1.doCall(CallTestCaseKeyword.groovy:59)
	... 132 more
Caused by: org.openqa.selenium.ElementNotInteractableException: Element <a class="ps-btn ps-btn--fullwidth" href="https://10.9.2.63/ecommerce/produk/keranjang"> could not be scrolled into view
Build info: version: '3.141.59', revision: 'e82be7d358', time: '2018-11-14T08:25:53'
System info: host: 'DESKTOP-H62FVJ8', ip: '10.9.2.72', os.name: 'Windows 10', os.arch: 'amd64', os.version: '10.0', java.version: '1.8.0_362'
Driver info: com.kms.katalon.core.webui.driver.firefox.CGeckoDriver
Capabilities {acceptInsecureCerts: true, browserName: firefox, browserVersion: 117.0.1, javascriptEnabled: true, moz:accessibilityChecks: false, moz:buildID: 20230912013654, moz:geckodriverVersion: 0.33.0, moz:headless: false, moz:platformVersion: 10.0, moz:processID: 17188, moz:profile: C:\Users\IRFAN\AppData\Loca..., moz:shutdownTimeout: 60000, moz:webdriverClick: true, moz:windowless: false, pageLoadStrategy: normal, platform: WINDOWS, platformName: WINDOWS, proxy: Proxy(direct), setWindowRect: true, strictFileInteractability: false, timeouts: {implicit: 0, pageLoad: 300000, script: 30000}, unhandledPromptBehavior: dismiss and notify}
Session ID: 04cf3b6c-2b0e-450a-a181-9467d554da97
	at org.openqa.selenium.remote.http.W3CHttpResponseCodec.createException(W3CHttpResponseCodec.java:187)
	at org.openqa.selenium.remote.http.W3CHttpResponseCodec.decode(W3CHttpResponseCodec.java:122)
	at org.openqa.selenium.remote.http.W3CHttpResponseCodec.decode(W3CHttpResponseCodec.java:49)
	at org.openqa.selenium.remote.HttpCommandExecutor.execute(HttpCommandExecutor.java:158)
	at org.openqa.selenium.remote.service.DriverCommandExecutor.execute(DriverCommandExecutor.java:83)
	at org.openqa.selenium.remote.RemoteWebDriver.execute(RemoteWebDriver.java:552)
	at com.kms.katalon.selenium.driver.CFirefoxDriver.execute(CFirefoxDriver.java:27)
	at org.openqa.selenium.remote.RemoteWebElement.execute(RemoteWebElement.java:285)
	at org.openqa.selenium.remote.RemoteWebElement.click(RemoteWebElement.java:84)
	at org.openqa.selenium.support.events.EventFiringWebDriver$EventFiringWebElement.lambda$new$0(EventFiringWebDriver.java:404)
	at com.sun.proxy.$Proxy11.click(Unknown Source)
	at org.openqa.selenium.support.events.EventFiringWebDriver$EventFiringWebElement.click(EventFiringWebDriver.java:417)
	at org.openqa.selenium.WebElement$click.call(Unknown Source)
	at com.kms.katalon.core.webui.keyword.builtin.ClickKeyword.clickUntilSuccessWithTimeout(ClickKeyword.groovy:81)
	at com.kms.katalon.core.webui.keyword.builtin.ClickKeyword.clickUntilSuccessWithTimeout(ClickKeyword.groovy)
	at com.kms.katalon.core.webui.keyword.builtin.ClickKeyword$_click_closure1.doCall(ClickKeyword.groovy:67)
	at com.kms.katalon.core.webui.keyword.builtin.ClickKeyword$_click_closure1.call(ClickKeyword.groovy)
	at com.kms.katalon.core.webui.keyword.internal.WebUIKeywordMain.runKeyword(WebUIKeywordMain.groovy:20)
	... 147 more]]></system-err>
      </testcase>
      <testcase name="Test Cases/T13 Pembelian, Shipment dan Pembayaran/SU-011" time="28.259" classname="Test Cases/T13 Pembelian, Shipment dan Pembayaran/SU-011" status="FAILED">
         <failure type="FAILED" message="Test Cases/T13 Pembelian, Shipment dan Pembayaran/SU-011 FAILED.
Reason:
com.kms.katalon.core.exception.StepFailedException: Call Test Case 'Test Cases/T13 Pembelian, Shipment dan Pembayaran/SA-004' failed
	at com.kms.katalon.core.keyword.builtin.CallTestCaseKeyword$_callTestCase_closure1.doCall(CallTestCaseKeyword.groovy:63)
	at com.kms.katalon.core.keyword.builtin.CallTestCaseKeyword$_callTestCase_closure1.call(CallTestCaseKeyword.groovy)
	at com.kms.katalon.core.keyword.internal.KeywordMain.runKeyword(KeywordMain.groovy:75)
	at com.kms.katalon.core.keyword.builtin.CallTestCaseKeyword.callTestCase(CallTestCaseKeyword.groovy:81)
	at com.kms.katalon.core.keyword.builtin.CallTestCaseKeyword.execute(CallTestCaseKeyword.groovy:44)
	at com.kms.katalon.core.keyword.internal.KeywordExecutor.executeKeywordForPlatform(KeywordExecutor.groovy:74)
	at com.kms.katalon.core.keyword.BuiltinKeywords.callTestCase(BuiltinKeywords.groovy:310)
	at SU-011.run(SU-011:20)
	at com.kms.katalon.core.main.ScriptEngine.run(ScriptEngine.java:194)
	at com.kms.katalon.core.main.ScriptEngine.runScriptAsRawText(ScriptEngine.java:119)
	at com.kms.katalon.core.main.TestCaseExecutor.runScript(TestCaseExecutor.java:448)
	at com.kms.katalon.core.main.TestCaseExecutor.doExecute(TestCaseExecutor.java:439)
	at com.kms.katalon.core.main.TestCaseExecutor.processExecutionPhase(TestCaseExecutor.java:418)
	at com.kms.katalon.core.main.TestCaseExecutor.accessMainPhase(TestCaseExecutor.java:410)
	at com.kms.katalon.core.main.TestCaseExecutor.execute(TestCaseExecutor.java:285)
	at com.kms.katalon.core.common.CommonExecutor.accessTestCaseMainPhase(CommonExecutor.java:65)
	at com.kms.katalon.core.main.TestSuiteExecutor.accessTestSuiteMainPhase(TestSuiteExecutor.java:148)
	at com.kms.katalon.core.main.TestSuiteExecutor.execute(TestSuiteExecutor.java:106)
	at com.kms.katalon.core.main.TestCaseMain.startTestSuite(TestCaseMain.java:187)
	at com.kms.katalon.core.main.TestCaseMain$startTestSuite$0.call(Unknown Source)
	at TempTestSuite1696420804604.run(TempTestSuite1696420804604.groovy:36)
Caused by: com.kms.katalon.core.exception.StepFailedException: Call Test Case 'Test Cases/T13 Pembelian, Shipment dan Pembayaran/SA-002' failed
	at com.kms.katalon.core.keyword.builtin.CallTestCaseKeyword$_callTestCase_closure1.doCall(CallTestCaseKeyword.groovy:63)
	at com.kms.katalon.core.keyword.builtin.CallTestCaseKeyword$_callTestCase_closure1.call(CallTestCaseKeyword.groovy)
	at com.kms.katalon.core.keyword.internal.KeywordMain.runKeyword(KeywordMain.groovy:75)
	at com.kms.katalon.core.keyword.builtin.CallTestCaseKeyword.callTestCase(CallTestCaseKeyword.groovy:81)
	at com.kms.katalon.core.keyword.builtin.CallTestCaseKeyword.execute(CallTestCaseKeyword.groovy:44)
	at com.kms.katalon.core.keyword.internal.KeywordExecutor.executeKeywordForPlatform(KeywordExecutor.groovy:74)
	at com.kms.katalon.core.keyword.BuiltinKeywords.callTestCase(BuiltinKeywords.groovy:310)
	at SA-004.run(SA-004:20)
	at com.kms.katalon.core.main.ScriptEngine.run(ScriptEngine.java:194)
	at com.kms.katalon.core.main.ScriptEngine.runScriptAsRawText(ScriptEngine.java:119)
	at com.kms.katalon.core.main.TestCaseExecutor.runScript(TestCaseExecutor.java:448)
	at com.kms.katalon.core.main.TestCaseExecutor.doExecute(TestCaseExecutor.java:439)
	at com.kms.katalon.core.main.TestCaseExecutor.processExecutionPhase(TestCaseExecutor.java:418)
	at com.kms.katalon.core.main.TestCaseExecutor.accessMainPhase(TestCaseExecutor.java:410)
	at com.kms.katalon.core.main.TestCaseExecutor.execute(TestCaseExecutor.java:285)
	at com.kms.katalon.core.main.TestCaseMain.runTestCase(TestCaseMain.java:144)
	at com.kms.katalon.core.keyword.builtin.CallTestCaseKeyword$_callTestCase_closure1.doCall(CallTestCaseKeyword.groovy:59)
	... 20 more
Caused by: com.kms.katalon.core.exception.StepFailedException: Call Test Case 'Test Cases/T13 Pembelian, Shipment dan Pembayaran/SA-001' failed
	at com.kms.katalon.core.keyword.builtin.CallTestCaseKeyword$_callTestCase_closure1.doCall(CallTestCaseKeyword.groovy:63)
	at com.kms.katalon.core.keyword.builtin.CallTestCaseKeyword$_callTestCase_closure1.call(CallTestCaseKeyword.groovy)
	at com.kms.katalon.core.keyword.internal.KeywordMain.runKeyword(KeywordMain.groovy:75)
	at com.kms.katalon.core.keyword.builtin.CallTestCaseKeyword.callTestCase(CallTestCaseKeyword.groovy:81)
	at com.kms.katalon.core.keyword.builtin.CallTestCaseKeyword.execute(CallTestCaseKeyword.groovy:44)
	at com.kms.katalon.core.keyword.internal.KeywordExecutor.executeKeywordForPlatform(KeywordExecutor.groovy:74)
	at com.kms.katalon.core.keyword.BuiltinKeywords.callTestCase(BuiltinKeywords.groovy:310)
	at SA-002.run(SA-002:20)
	at com.kms.katalon.core.main.ScriptEngine.run(ScriptEngine.java:194)
	at com.kms.katalon.core.main.ScriptEngine.runScriptAsRawText(ScriptEngine.java:119)
	at com.kms.katalon.core.main.TestCaseExecutor.runScript(TestCaseExecutor.java:448)
	at com.kms.katalon.core.main.TestCaseExecutor.doExecute(TestCaseExecutor.java:439)
	at com.kms.katalon.core.main.TestCaseExecutor.processExecutionPhase(TestCaseExecutor.java:418)
	at com.kms.katalon.core.main.TestCaseExecutor.accessMainPhase(TestCaseExecutor.java:410)
	at com.kms.katalon.core.main.TestCaseExecutor.execute(TestCaseExecutor.java:285)
	at com.kms.katalon.core.main.TestCaseMain.runTestCase(TestCaseMain.java:144)
	at com.kms.katalon.core.keyword.builtin.CallTestCaseKeyword$_callTestCase_closure1.doCall(CallTestCaseKeyword.groovy:59)
	... 36 more
Caused by: com.kms.katalon.core.exception.StepFailedException: Call Test Case 'Test Cases/T13 Pembelian, Shipment dan Pembayaran/PBYA-001' failed
	at com.kms.katalon.core.keyword.builtin.CallTestCaseKeyword$_callTestCase_closure1.doCall(CallTestCaseKeyword.groovy:63)
	at com.kms.katalon.core.keyword.builtin.CallTestCaseKeyword$_callTestCase_closure1.call(CallTestCaseKeyword.groovy)
	at com.kms.katalon.core.keyword.internal.KeywordMain.runKeyword(KeywordMain.groovy:75)
	at com.kms.katalon.core.keyword.builtin.CallTestCaseKeyword.callTestCase(CallTestCaseKeyword.groovy:81)
	at com.kms.katalon.core.keyword.builtin.CallTestCaseKeyword.execute(CallTestCaseKeyword.groovy:44)
	at com.kms.katalon.core.keyword.internal.KeywordExecutor.executeKeywordForPlatform(KeywordExecutor.groovy:74)
	at com.kms.katalon.core.keyword.BuiltinKeywords.callTestCase(BuiltinKeywords.groovy:310)
	at SA-001.run(SA-001:20)
	at com.kms.katalon.core.main.ScriptEngine.run(ScriptEngine.java:194)
	at com.kms.katalon.core.main.ScriptEngine.runScriptAsRawText(ScriptEngine.java:119)
	at com.kms.katalon.core.main.TestCaseExecutor.runScript(TestCaseExecutor.java:448)
	at com.kms.katalon.core.main.TestCaseExecutor.doExecute(TestCaseExecutor.java:439)
	at com.kms.katalon.core.main.TestCaseExecutor.processExecutionPhase(TestCaseExecutor.java:418)
	at com.kms.katalon.core.main.TestCaseExecutor.accessMainPhase(TestCaseExecutor.java:410)
	at com.kms.katalon.core.main.TestCaseExecutor.execute(TestCaseExecutor.java:285)
	at com.kms.katalon.core.main.TestCaseMain.runTestCase(TestCaseMain.java:144)
	at com.kms.katalon.core.keyword.builtin.CallTestCaseKeyword$_callTestCase_closure1.doCall(CallTestCaseKeyword.groovy:59)
	... 52 more
Caused by: com.kms.katalon.core.exception.StepFailedException: Call Test Case 'Test Cases/T13 Pembelian, Shipment dan Pembayaran/PBY-004' failed
	at com.kms.katalon.core.keyword.builtin.CallTestCaseKeyword$_callTestCase_closure1.doCall(CallTestCaseKeyword.groovy:63)
	at com.kms.katalon.core.keyword.builtin.CallTestCaseKeyword$_callTestCase_closure1.call(CallTestCaseKeyword.groovy)
	at com.kms.katalon.core.keyword.internal.KeywordMain.runKeyword(KeywordMain.groovy:75)
	at com.kms.katalon.core.keyword.builtin.CallTestCaseKeyword.callTestCase(CallTestCaseKeyword.groovy:81)
	at com.kms.katalon.core.keyword.builtin.CallTestCaseKeyword.execute(CallTestCaseKeyword.groovy:44)
	at com.kms.katalon.core.keyword.internal.KeywordExecutor.executeKeywordForPlatform(KeywordExecutor.groovy:74)
	at com.kms.katalon.core.keyword.BuiltinKeywords.callTestCase(BuiltinKeywords.groovy:310)
	at PBYA-001.run(PBYA-001:20)
	at com.kms.katalon.core.main.ScriptEngine.run(ScriptEngine.java:194)
	at com.kms.katalon.core.main.ScriptEngine.runScriptAsRawText(ScriptEngine.java:119)
	at com.kms.katalon.core.main.TestCaseExecutor.runScript(TestCaseExecutor.java:448)
	at com.kms.katalon.core.main.TestCaseExecutor.doExecute(TestCaseExecutor.java:439)
	at com.kms.katalon.core.main.TestCaseExecutor.processExecutionPhase(TestCaseExecutor.java:418)
	at com.kms.katalon.core.main.TestCaseExecutor.accessMainPhase(TestCaseExecutor.java:410)
	at com.kms.katalon.core.main.TestCaseExecutor.execute(TestCaseExecutor.java:285)
	at com.kms.katalon.core.main.TestCaseMain.runTestCase(TestCaseMain.java:144)
	at com.kms.katalon.core.keyword.builtin.CallTestCaseKeyword$_callTestCase_closure1.doCall(CallTestCaseKeyword.groovy:59)
	... 68 more
Caused by: com.kms.katalon.core.exception.StepFailedException: Call Test Case 'Test Cases/T13 Pembelian, Shipment dan Pembayaran/PBY-001' failed
	at com.kms.katalon.core.keyword.builtin.CallTestCaseKeyword$_callTestCase_closure1.doCall(CallTestCaseKeyword.groovy:63)
	at com.kms.katalon.core.keyword.builtin.CallTestCaseKeyword$_callTestCase_closure1.call(CallTestCaseKeyword.groovy)
	at com.kms.katalon.core.keyword.internal.KeywordMain.runKeyword(KeywordMain.groovy:75)
	at com.kms.katalon.core.keyword.builtin.CallTestCaseKeyword.callTestCase(CallTestCaseKeyword.groovy:81)
	at com.kms.katalon.core.keyword.builtin.CallTestCaseKeyword.execute(CallTestCaseKeyword.groovy:44)
	at com.kms.katalon.core.keyword.internal.KeywordExecutor.executeKeywordForPlatform(KeywordExecutor.groovy:74)
	at com.kms.katalon.core.keyword.BuiltinKeywords.callTestCase(BuiltinKeywords.groovy:310)
	at PBY-004.run(PBY-004:20)
	at com.kms.katalon.core.main.ScriptEngine.run(ScriptEngine.java:194)
	at com.kms.katalon.core.main.ScriptEngine.runScriptAsRawText(ScriptEngine.java:119)
	at com.kms.katalon.core.main.TestCaseExecutor.runScript(TestCaseExecutor.java:448)
	at com.kms.katalon.core.main.TestCaseExecutor.doExecute(TestCaseExecutor.java:439)
	at com.kms.katalon.core.main.TestCaseExecutor.processExecutionPhase(TestCaseExecutor.java:418)
	at com.kms.katalon.core.main.TestCaseExecutor.accessMainPhase(TestCaseExecutor.java:410)
	at com.kms.katalon.core.main.TestCaseExecutor.execute(TestCaseExecutor.java:285)
	at com.kms.katalon.core.main.TestCaseMain.runTestCase(TestCaseMain.java:144)
	at com.kms.katalon.core.keyword.builtin.CallTestCaseKeyword$_callTestCase_closure1.doCall(CallTestCaseKeyword.groovy:59)
	... 84 more
Caused by: com.kms.katalon.core.exception.StepFailedException: Call Test Case 'Test Cases/T13 Pembelian, Shipment dan Pembayaran/PBL-004' failed
	at com.kms.katalon.core.keyword.builtin.CallTestCaseKeyword$_callTestCase_closure1.doCall(CallTestCaseKeyword.groovy:63)
	at com.kms.katalon.core.keyword.builtin.CallTestCaseKeyword$_callTestCase_closure1.call(CallTestCaseKeyword.groovy)
	at com.kms.katalon.core.keyword.internal.KeywordMain.runKeyword(KeywordMain.groovy:75)
	at com.kms.katalon.core.keyword.builtin.CallTestCaseKeyword.callTestCase(CallTestCaseKeyword.groovy:81)
	at com.kms.katalon.core.keyword.builtin.CallTestCaseKeyword.execute(CallTestCaseKeyword.groovy:44)
	at com.kms.katalon.core.keyword.internal.KeywordExecutor.executeKeywordForPlatform(KeywordExecutor.groovy:74)
	at com.kms.katalon.core.keyword.BuiltinKeywords.callTestCase(BuiltinKeywords.groovy:310)
	at PBY-001.run(PBY-001:20)
	at com.kms.katalon.core.main.ScriptEngine.run(ScriptEngine.java:194)
	at com.kms.katalon.core.main.ScriptEngine.runScriptAsRawText(ScriptEngine.java:119)
	at com.kms.katalon.core.main.TestCaseExecutor.runScript(TestCaseExecutor.java:448)
	at com.kms.katalon.core.main.TestCaseExecutor.doExecute(TestCaseExecutor.java:439)
	at com.kms.katalon.core.main.TestCaseExecutor.processExecutionPhase(TestCaseExecutor.java:418)
	at com.kms.katalon.core.main.TestCaseExecutor.accessMainPhase(TestCaseExecutor.java:410)
	at com.kms.katalon.core.main.TestCaseExecutor.execute(TestCaseExecutor.java:285)
	at com.kms.katalon.core.main.TestCaseMain.runTestCase(TestCaseMain.java:144)
	at com.kms.katalon.core.keyword.builtin.CallTestCaseKeyword$_callTestCase_closure1.doCall(CallTestCaseKeyword.groovy:59)
	... 100 more
Caused by: Assertion failed: 

assert price_product.contains(HargaCheckout)
       |             |        |
       Rp 1,299      false    2,598

	at PBL-004.run(PBL-004:45)
	at com.kms.katalon.core.main.ScriptEngine.run(ScriptEngine.java:194)
	at com.kms.katalon.core.main.ScriptEngine.runScriptAsRawText(ScriptEngine.java:119)
	at com.kms.katalon.core.main.TestCaseExecutor.runScript(TestCaseExecutor.java:448)
	at com.kms.katalon.core.main.TestCaseExecutor.doExecute(TestCaseExecutor.java:439)
	at com.kms.katalon.core.main.TestCaseExecutor.processExecutionPhase(TestCaseExecutor.java:418)
	at com.kms.katalon.core.main.TestCaseExecutor.accessMainPhase(TestCaseExecutor.java:410)
	at com.kms.katalon.core.main.TestCaseExecutor.execute(TestCaseExecutor.java:285)
	at com.kms.katalon.core.main.TestCaseMain.runTestCase(TestCaseMain.java:144)
	at com.kms.katalon.core.keyword.builtin.CallTestCaseKeyword$_callTestCase_closure1.doCall(CallTestCaseKeyword.groovy:59)
	... 116 more
"/>
         <system-out><![CDATA[2023-10-04 19:57:42 - [TEST_CASE][FAILED] - Test Cases/T13 Pembelian, Shipment dan Pembayaran/SU-011: Test Cases/T13 Pembelian, Shipment dan Pembayaran/SU-011 FAILED.
Reason:
com.kms.katalon.core.exception.StepFailedException: Call Test Case 'Test Cases/T13 Pembelian, Shipment dan Pembayaran/SA-004' failed
	at com.kms.katalon.core.keyword.builtin.CallTestCaseKeyword$_callTestCase_closure1.doCall(CallTestCaseKeyword.groovy:63)
	at com.kms.katalon.core.keyword.builtin.CallTestCaseKeyword$_callTestCase_closure1.call(CallTestCaseKeyword.groovy)
	at com.kms.katalon.core.keyword.internal.KeywordMain.runKeyword(KeywordMain.groovy:75)
	at com.kms.katalon.core.keyword.builtin.CallTestCaseKeyword.callTestCase(CallTestCaseKeyword.groovy:81)
	at com.kms.katalon.core.keyword.builtin.CallTestCaseKeyword.execute(CallTestCaseKeyword.groovy:44)
	at com.kms.katalon.core.keyword.internal.KeywordExecutor.executeKeywordForPlatform(KeywordExecutor.groovy:74)
	at com.kms.katalon.core.keyword.BuiltinKeywords.callTestCase(BuiltinKeywords.groovy:310)
	at SU-011.run(SU-011:20)
	at com.kms.katalon.core.main.ScriptEngine.run(ScriptEngine.java:194)
	at com.kms.katalon.core.main.ScriptEngine.runScriptAsRawText(ScriptEngine.java:119)
	at com.kms.katalon.core.main.TestCaseExecutor.runScript(TestCaseExecutor.java:448)
	at com.kms.katalon.core.main.TestCaseExecutor.doExecute(TestCaseExecutor.java:439)
	at com.kms.katalon.core.main.TestCaseExecutor.processExecutionPhase(TestCaseExecutor.java:418)
	at com.kms.katalon.core.main.TestCaseExecutor.accessMainPhase(TestCaseExecutor.java:410)
	at com.kms.katalon.core.main.TestCaseExecutor.execute(TestCaseExecutor.java:285)
	at com.kms.katalon.core.common.CommonExecutor.accessTestCaseMainPhase(CommonExecutor.java:65)
	at com.kms.katalon.core.main.TestSuiteExecutor.accessTestSuiteMainPhase(TestSuiteExecutor.java:148)
	at com.kms.katalon.core.main.TestSuiteExecutor.execute(TestSuiteExecutor.java:106)
	at com.kms.katalon.core.main.TestCaseMain.startTestSuite(TestCaseMain.java:187)
	at com.kms.katalon.core.main.TestCaseMain$startTestSuite$0.call(Unknown Source)
	at TempTestSuite1696420804604.run(TempTestSuite1696420804604.groovy:36)
Caused by: com.kms.katalon.core.exception.StepFailedException: Call Test Case 'Test Cases/T13 Pembelian, Shipment dan Pembayaran/SA-002' failed
	at com.kms.katalon.core.keyword.builtin.CallTestCaseKeyword$_callTestCase_closure1.doCall(CallTestCaseKeyword.groovy:63)
	at com.kms.katalon.core.keyword.builtin.CallTestCaseKeyword$_callTestCase_closure1.call(CallTestCaseKeyword.groovy)
	at com.kms.katalon.core.keyword.internal.KeywordMain.runKeyword(KeywordMain.groovy:75)
	at com.kms.katalon.core.keyword.builtin.CallTestCaseKeyword.callTestCase(CallTestCaseKeyword.groovy:81)
	at com.kms.katalon.core.keyword.builtin.CallTestCaseKeyword.execute(CallTestCaseKeyword.groovy:44)
	at com.kms.katalon.core.keyword.internal.KeywordExecutor.executeKeywordForPlatform(KeywordExecutor.groovy:74)
	at com.kms.katalon.core.keyword.BuiltinKeywords.callTestCase(BuiltinKeywords.groovy:310)
	at SA-004.run(SA-004:20)
	at com.kms.katalon.core.main.ScriptEngine.run(ScriptEngine.java:194)
	at com.kms.katalon.core.main.ScriptEngine.runScriptAsRawText(ScriptEngine.java:119)
	at com.kms.katalon.core.main.TestCaseExecutor.runScript(TestCaseExecutor.java:448)
	at com.kms.katalon.core.main.TestCaseExecutor.doExecute(TestCaseExecutor.java:439)
	at com.kms.katalon.core.main.TestCaseExecutor.processExecutionPhase(TestCaseExecutor.java:418)
	at com.kms.katalon.core.main.TestCaseExecutor.accessMainPhase(TestCaseExecutor.java:410)
	at com.kms.katalon.core.main.TestCaseExecutor.execute(TestCaseExecutor.java:285)
	at com.kms.katalon.core.main.TestCaseMain.runTestCase(TestCaseMain.java:144)
	at com.kms.katalon.core.keyword.builtin.CallTestCaseKeyword$_callTestCase_closure1.doCall(CallTestCaseKeyword.groovy:59)
	... 20 more
Caused by: com.kms.katalon.core.exception.StepFailedException: Call Test Case 'Test Cases/T13 Pembelian, Shipment dan Pembayaran/SA-001' failed
	at com.kms.katalon.core.keyword.builtin.CallTestCaseKeyword$_callTestCase_closure1.doCall(CallTestCaseKeyword.groovy:63)
	at com.kms.katalon.core.keyword.builtin.CallTestCaseKeyword$_callTestCase_closure1.call(CallTestCaseKeyword.groovy)
	at com.kms.katalon.core.keyword.internal.KeywordMain.runKeyword(KeywordMain.groovy:75)
	at com.kms.katalon.core.keyword.builtin.CallTestCaseKeyword.callTestCase(CallTestCaseKeyword.groovy:81)
	at com.kms.katalon.core.keyword.builtin.CallTestCaseKeyword.execute(CallTestCaseKeyword.groovy:44)
	at com.kms.katalon.core.keyword.internal.KeywordExecutor.executeKeywordForPlatform(KeywordExecutor.groovy:74)
	at com.kms.katalon.core.keyword.BuiltinKeywords.callTestCase(BuiltinKeywords.groovy:310)
	at SA-002.run(SA-002:20)
	at com.kms.katalon.core.main.ScriptEngine.run(ScriptEngine.java:194)
	at com.kms.katalon.core.main.ScriptEngine.runScriptAsRawText(ScriptEngine.java:119)
	at com.kms.katalon.core.main.TestCaseExecutor.runScript(TestCaseExecutor.java:448)
	at com.kms.katalon.core.main.TestCaseExecutor.doExecute(TestCaseExecutor.java:439)
	at com.kms.katalon.core.main.TestCaseExecutor.processExecutionPhase(TestCaseExecutor.java:418)
	at com.kms.katalon.core.main.TestCaseExecutor.accessMainPhase(TestCaseExecutor.java:410)
	at com.kms.katalon.core.main.TestCaseExecutor.execute(TestCaseExecutor.java:285)
	at com.kms.katalon.core.main.TestCaseMain.runTestCase(TestCaseMain.java:144)
	at com.kms.katalon.core.keyword.builtin.CallTestCaseKeyword$_callTestCase_closure1.doCall(CallTestCaseKeyword.groovy:59)
	... 36 more
Caused by: com.kms.katalon.core.exception.StepFailedException: Call Test Case 'Test Cases/T13 Pembelian, Shipment dan Pembayaran/PBYA-001' failed
	at com.kms.katalon.core.keyword.builtin.CallTestCaseKeyword$_callTestCase_closure1.doCall(CallTestCaseKeyword.groovy:63)
	at com.kms.katalon.core.keyword.builtin.CallTestCaseKeyword$_callTestCase_closure1.call(CallTestCaseKeyword.groovy)
	at com.kms.katalon.core.keyword.internal.KeywordMain.runKeyword(KeywordMain.groovy:75)
	at com.kms.katalon.core.keyword.builtin.CallTestCaseKeyword.callTestCase(CallTestCaseKeyword.groovy:81)
	at com.kms.katalon.core.keyword.builtin.CallTestCaseKeyword.execute(CallTestCaseKeyword.groovy:44)
	at com.kms.katalon.core.keyword.internal.KeywordExecutor.executeKeywordForPlatform(KeywordExecutor.groovy:74)
	at com.kms.katalon.core.keyword.BuiltinKeywords.callTestCase(BuiltinKeywords.groovy:310)
	at SA-001.run(SA-001:20)
	at com.kms.katalon.core.main.ScriptEngine.run(ScriptEngine.java:194)
	at com.kms.katalon.core.main.ScriptEngine.runScriptAsRawText(ScriptEngine.java:119)
	at com.kms.katalon.core.main.TestCaseExecutor.runScript(TestCaseExecutor.java:448)
	at com.kms.katalon.core.main.TestCaseExecutor.doExecute(TestCaseExecutor.java:439)
	at com.kms.katalon.core.main.TestCaseExecutor.processExecutionPhase(TestCaseExecutor.java:418)
	at com.kms.katalon.core.main.TestCaseExecutor.accessMainPhase(TestCaseExecutor.java:410)
	at com.kms.katalon.core.main.TestCaseExecutor.execute(TestCaseExecutor.java:285)
	at com.kms.katalon.core.main.TestCaseMain.runTestCase(TestCaseMain.java:144)
	at com.kms.katalon.core.keyword.builtin.CallTestCaseKeyword$_callTestCase_closure1.doCall(CallTestCaseKeyword.groovy:59)
	... 52 more
Caused by: com.kms.katalon.core.exception.StepFailedException: Call Test Case 'Test Cases/T13 Pembelian, Shipment dan Pembayaran/PBY-004' failed
	at com.kms.katalon.core.keyword.builtin.CallTestCaseKeyword$_callTestCase_closure1.doCall(CallTestCaseKeyword.groovy:63)
	at com.kms.katalon.core.keyword.builtin.CallTestCaseKeyword$_callTestCase_closure1.call(CallTestCaseKeyword.groovy)
	at com.kms.katalon.core.keyword.internal.KeywordMain.runKeyword(KeywordMain.groovy:75)
	at com.kms.katalon.core.keyword.builtin.CallTestCaseKeyword.callTestCase(CallTestCaseKeyword.groovy:81)
	at com.kms.katalon.core.keyword.builtin.CallTestCaseKeyword.execute(CallTestCaseKeyword.groovy:44)
	at com.kms.katalon.core.keyword.internal.KeywordExecutor.executeKeywordForPlatform(KeywordExecutor.groovy:74)
	at com.kms.katalon.core.keyword.BuiltinKeywords.callTestCase(BuiltinKeywords.groovy:310)
	at PBYA-001.run(PBYA-001:20)
	at com.kms.katalon.core.main.ScriptEngine.run(ScriptEngine.java:194)
	at com.kms.katalon.core.main.ScriptEngine.runScriptAsRawText(ScriptEngine.java:119)
	at com.kms.katalon.core.main.TestCaseExecutor.runScript(TestCaseExecutor.java:448)
	at com.kms.katalon.core.main.TestCaseExecutor.doExecute(TestCaseExecutor.java:439)
	at com.kms.katalon.core.main.TestCaseExecutor.processExecutionPhase(TestCaseExecutor.java:418)
	at com.kms.katalon.core.main.TestCaseExecutor.accessMainPhase(TestCaseExecutor.java:410)
	at com.kms.katalon.core.main.TestCaseExecutor.execute(TestCaseExecutor.java:285)
	at com.kms.katalon.core.main.TestCaseMain.runTestCase(TestCaseMain.java:144)
	at com.kms.katalon.core.keyword.builtin.CallTestCaseKeyword$_callTestCase_closure1.doCall(CallTestCaseKeyword.groovy:59)
	... 68 more
Caused by: com.kms.katalon.core.exception.StepFailedException: Call Test Case 'Test Cases/T13 Pembelian, Shipment dan Pembayaran/PBY-001' failed
	at com.kms.katalon.core.keyword.builtin.CallTestCaseKeyword$_callTestCase_closure1.doCall(CallTestCaseKeyword.groovy:63)
	at com.kms.katalon.core.keyword.builtin.CallTestCaseKeyword$_callTestCase_closure1.call(CallTestCaseKeyword.groovy)
	at com.kms.katalon.core.keyword.internal.KeywordMain.runKeyword(KeywordMain.groovy:75)
	at com.kms.katalon.core.keyword.builtin.CallTestCaseKeyword.callTestCase(CallTestCaseKeyword.groovy:81)
	at com.kms.katalon.core.keyword.builtin.CallTestCaseKeyword.execute(CallTestCaseKeyword.groovy:44)
	at com.kms.katalon.core.keyword.internal.KeywordExecutor.executeKeywordForPlatform(KeywordExecutor.groovy:74)
	at com.kms.katalon.core.keyword.BuiltinKeywords.callTestCase(BuiltinKeywords.groovy:310)
	at PBY-004.run(PBY-004:20)
	at com.kms.katalon.core.main.ScriptEngine.run(ScriptEngine.java:194)
	at com.kms.katalon.core.main.ScriptEngine.runScriptAsRawText(ScriptEngine.java:119)
	at com.kms.katalon.core.main.TestCaseExecutor.runScript(TestCaseExecutor.java:448)
	at com.kms.katalon.core.main.TestCaseExecutor.doExecute(TestCaseExecutor.java:439)
	at com.kms.katalon.core.main.TestCaseExecutor.processExecutionPhase(TestCaseExecutor.java:418)
	at com.kms.katalon.core.main.TestCaseExecutor.accessMainPhase(TestCaseExecutor.java:410)
	at com.kms.katalon.core.main.TestCaseExecutor.execute(TestCaseExecutor.java:285)
	at com.kms.katalon.core.main.TestCaseMain.runTestCase(TestCaseMain.java:144)
	at com.kms.katalon.core.keyword.builtin.CallTestCaseKeyword$_callTestCase_closure1.doCall(CallTestCaseKeyword.groovy:59)
	... 84 more
Caused by: com.kms.katalon.core.exception.StepFailedException: Call Test Case 'Test Cases/T13 Pembelian, Shipment dan Pembayaran/PBL-004' failed
	at com.kms.katalon.core.keyword.builtin.CallTestCaseKeyword$_callTestCase_closure1.doCall(CallTestCaseKeyword.groovy:63)
	at com.kms.katalon.core.keyword.builtin.CallTestCaseKeyword$_callTestCase_closure1.call(CallTestCaseKeyword.groovy)
	at com.kms.katalon.core.keyword.internal.KeywordMain.runKeyword(KeywordMain.groovy:75)
	at com.kms.katalon.core.keyword.builtin.CallTestCaseKeyword.callTestCase(CallTestCaseKeyword.groovy:81)
	at com.kms.katalon.core.keyword.builtin.CallTestCaseKeyword.execute(CallTestCaseKeyword.groovy:44)
	at com.kms.katalon.core.keyword.internal.KeywordExecutor.executeKeywordForPlatform(KeywordExecutor.groovy:74)
	at com.kms.katalon.core.keyword.BuiltinKeywords.callTestCase(BuiltinKeywords.groovy:310)
	at PBY-001.run(PBY-001:20)
	at com.kms.katalon.core.main.ScriptEngine.run(ScriptEngine.java:194)
	at com.kms.katalon.core.main.ScriptEngine.runScriptAsRawText(ScriptEngine.java:119)
	at com.kms.katalon.core.main.TestCaseExecutor.runScript(TestCaseExecutor.java:448)
	at com.kms.katalon.core.main.TestCaseExecutor.doExecute(TestCaseExecutor.java:439)
	at com.kms.katalon.core.main.TestCaseExecutor.processExecutionPhase(TestCaseExecutor.java:418)
	at com.kms.katalon.core.main.TestCaseExecutor.accessMainPhase(TestCaseExecutor.java:410)
	at com.kms.katalon.core.main.TestCaseExecutor.execute(TestCaseExecutor.java:285)
	at com.kms.katalon.core.main.TestCaseMain.runTestCase(TestCaseMain.java:144)
	at com.kms.katalon.core.keyword.builtin.CallTestCaseKeyword$_callTestCase_closure1.doCall(CallTestCaseKeyword.groovy:59)
	... 100 more
Caused by: Assertion failed: 

assert price_product.contains(HargaCheckout)
       |             |        |
       Rp 1,299      false    2,598

	at PBL-004.run(PBL-004:45)
	at com.kms.katalon.core.main.ScriptEngine.run(ScriptEngine.java:194)
	at com.kms.katalon.core.main.ScriptEngine.runScriptAsRawText(ScriptEngine.java:119)
	at com.kms.katalon.core.main.TestCaseExecutor.runScript(TestCaseExecutor.java:448)
	at com.kms.katalon.core.main.TestCaseExecutor.doExecute(TestCaseExecutor.java:439)
	at com.kms.katalon.core.main.TestCaseExecutor.processExecutionPhase(TestCaseExecutor.java:418)
	at com.kms.katalon.core.main.TestCaseExecutor.accessMainPhase(TestCaseExecutor.java:410)
	at com.kms.katalon.core.main.TestCaseExecutor.execute(TestCaseExecutor.java:285)
	at com.kms.katalon.core.main.TestCaseMain.runTestCase(TestCaseMain.java:144)
	at com.kms.katalon.core.keyword.builtin.CallTestCaseKeyword$_callTestCase_closure1.doCall(CallTestCaseKeyword.groovy:59)
	... 116 more


2023-10-04 19:57:42 - [TEST_STEP][FAILED] - data = callTestCase(findTestCase("T13 Pembelian, Shipment dan Pembayaran/SA-004"), [:], STOP_ON_FAILURE): Unable to call Test Case 'Test Cases/T13 Pembelian, Shipment dan Pembayaran/SA-004' (Root cause: com.kms.katalon.core.exception.StepFailedException: Call Test Case 'Test Cases/T13 Pembelian, Shipment dan Pembayaran/SA-004' failed
	at com.kms.katalon.core.keyword.builtin.CallTestCaseKeyword$_callTestCase_closure1.doCall(CallTestCaseKeyword.groovy:63)
	at com.kms.katalon.core.keyword.builtin.CallTestCaseKeyword$_callTestCase_closure1.call(CallTestCaseKeyword.groovy)
	at com.kms.katalon.core.keyword.internal.KeywordMain.runKeyword(KeywordMain.groovy:75)
	at com.kms.katalon.core.keyword.builtin.CallTestCaseKeyword.callTestCase(CallTestCaseKeyword.groovy:81)
	at com.kms.katalon.core.keyword.builtin.CallTestCaseKeyword.execute(CallTestCaseKeyword.groovy:44)
	at com.kms.katalon.core.keyword.internal.KeywordExecutor.executeKeywordForPlatform(KeywordExecutor.groovy:74)
	at com.kms.katalon.core.keyword.BuiltinKeywords.callTestCase(BuiltinKeywords.groovy:310)
	at SU-011.run(SU-011:20)
	at com.kms.katalon.core.main.ScriptEngine.run(ScriptEngine.java:194)
	at com.kms.katalon.core.main.ScriptEngine.runScriptAsRawText(ScriptEngine.java:119)
	at com.kms.katalon.core.main.TestCaseExecutor.runScript(TestCaseExecutor.java:448)
	at com.kms.katalon.core.main.TestCaseExecutor.doExecute(TestCaseExecutor.java:439)
	at com.kms.katalon.core.main.TestCaseExecutor.processExecutionPhase(TestCaseExecutor.java:418)
	at com.kms.katalon.core.main.TestCaseExecutor.accessMainPhase(TestCaseExecutor.java:410)
	at com.kms.katalon.core.main.TestCaseExecutor.execute(TestCaseExecutor.java:285)
	at com.kms.katalon.core.common.CommonExecutor.accessTestCaseMainPhase(CommonExecutor.java:65)
	at com.kms.katalon.core.main.TestSuiteExecutor.accessTestSuiteMainPhase(TestSuiteExecutor.java:148)
	at com.kms.katalon.core.main.TestSuiteExecutor.execute(TestSuiteExecutor.java:106)
	at com.kms.katalon.core.main.TestCaseMain.startTestSuite(TestCaseMain.java:187)
	at com.kms.katalon.core.main.TestCaseMain$startTestSuite$0.call(Unknown Source)
	at TempTestSuite1696420804604.run(TempTestSuite1696420804604.groovy:36)
Caused by: com.kms.katalon.core.exception.StepFailedException: Call Test Case 'Test Cases/T13 Pembelian, Shipment dan Pembayaran/SA-002' failed
	at com.kms.katalon.core.keyword.builtin.CallTestCaseKeyword$_callTestCase_closure1.doCall(CallTestCaseKeyword.groovy:63)
	at com.kms.katalon.core.keyword.builtin.CallTestCaseKeyword$_callTestCase_closure1.call(CallTestCaseKeyword.groovy)
	at com.kms.katalon.core.keyword.internal.KeywordMain.runKeyword(KeywordMain.groovy:75)
	at com.kms.katalon.core.keyword.builtin.CallTestCaseKeyword.callTestCase(CallTestCaseKeyword.groovy:81)
	at com.kms.katalon.core.keyword.builtin.CallTestCaseKeyword.execute(CallTestCaseKeyword.groovy:44)
	at com.kms.katalon.core.keyword.internal.KeywordExecutor.executeKeywordForPlatform(KeywordExecutor.groovy:74)
	at com.kms.katalon.core.keyword.BuiltinKeywords.callTestCase(BuiltinKeywords.groovy:310)
	at SA-004.run(SA-004:20)
	at com.kms.katalon.core.main.ScriptEngine.run(ScriptEngine.java:194)
	at com.kms.katalon.core.main.ScriptEngine.runScriptAsRawText(ScriptEngine.java:119)
	at com.kms.katalon.core.main.TestCaseExecutor.runScript(TestCaseExecutor.java:448)
	at com.kms.katalon.core.main.TestCaseExecutor.doExecute(TestCaseExecutor.java:439)
	at com.kms.katalon.core.main.TestCaseExecutor.processExecutionPhase(TestCaseExecutor.java:418)
	at com.kms.katalon.core.main.TestCaseExecutor.accessMainPhase(TestCaseExecutor.java:410)
	at com.kms.katalon.core.main.TestCaseExecutor.execute(TestCaseExecutor.java:285)
	at com.kms.katalon.core.main.TestCaseMain.runTestCase(TestCaseMain.java:144)
	at com.kms.katalon.core.keyword.builtin.CallTestCaseKeyword$_callTestCase_closure1.doCall(CallTestCaseKeyword.groovy:59)
	... 20 more
Caused by: com.kms.katalon.core.exception.StepFailedException: Call Test Case 'Test Cases/T13 Pembelian, Shipment dan Pembayaran/SA-001' failed
	at com.kms.katalon.core.keyword.builtin.CallTestCaseKeyword$_callTestCase_closure1.doCall(CallTestCaseKeyword.groovy:63)
	at com.kms.katalon.core.keyword.builtin.CallTestCaseKeyword$_callTestCase_closure1.call(CallTestCaseKeyword.groovy)
	at com.kms.katalon.core.keyword.internal.KeywordMain.runKeyword(KeywordMain.groovy:75)
	at com.kms.katalon.core.keyword.builtin.CallTestCaseKeyword.callTestCase(CallTestCaseKeyword.groovy:81)
	at com.kms.katalon.core.keyword.builtin.CallTestCaseKeyword.execute(CallTestCaseKeyword.groovy:44)
	at com.kms.katalon.core.keyword.internal.KeywordExecutor.executeKeywordForPlatform(KeywordExecutor.groovy:74)
	at com.kms.katalon.core.keyword.BuiltinKeywords.callTestCase(BuiltinKeywords.groovy:310)
	at SA-002.run(SA-002:20)
	at com.kms.katalon.core.main.ScriptEngine.run(ScriptEngine.java:194)
	at com.kms.katalon.core.main.ScriptEngine.runScriptAsRawText(ScriptEngine.java:119)
	at com.kms.katalon.core.main.TestCaseExecutor.runScript(TestCaseExecutor.java:448)
	at com.kms.katalon.core.main.TestCaseExecutor.doExecute(TestCaseExecutor.java:439)
	at com.kms.katalon.core.main.TestCaseExecutor.processExecutionPhase(TestCaseExecutor.java:418)
	at com.kms.katalon.core.main.TestCaseExecutor.accessMainPhase(TestCaseExecutor.java:410)
	at com.kms.katalon.core.main.TestCaseExecutor.execute(TestCaseExecutor.java:285)
	at com.kms.katalon.core.main.TestCaseMain.runTestCase(TestCaseMain.java:144)
	at com.kms.katalon.core.keyword.builtin.CallTestCaseKeyword$_callTestCase_closure1.doCall(CallTestCaseKeyword.groovy:59)
	... 36 more
Caused by: com.kms.katalon.core.exception.StepFailedException: Call Test Case 'Test Cases/T13 Pembelian, Shipment dan Pembayaran/PBYA-001' failed
	at com.kms.katalon.core.keyword.builtin.CallTestCaseKeyword$_callTestCase_closure1.doCall(CallTestCaseKeyword.groovy:63)
	at com.kms.katalon.core.keyword.builtin.CallTestCaseKeyword$_callTestCase_closure1.call(CallTestCaseKeyword.groovy)
	at com.kms.katalon.core.keyword.internal.KeywordMain.runKeyword(KeywordMain.groovy:75)
	at com.kms.katalon.core.keyword.builtin.CallTestCaseKeyword.callTestCase(CallTestCaseKeyword.groovy:81)
	at com.kms.katalon.core.keyword.builtin.CallTestCaseKeyword.execute(CallTestCaseKeyword.groovy:44)
	at com.kms.katalon.core.keyword.internal.KeywordExecutor.executeKeywordForPlatform(KeywordExecutor.groovy:74)
	at com.kms.katalon.core.keyword.BuiltinKeywords.callTestCase(BuiltinKeywords.groovy:310)
	at SA-001.run(SA-001:20)
	at com.kms.katalon.core.main.ScriptEngine.run(ScriptEngine.java:194)
	at com.kms.katalon.core.main.ScriptEngine.runScriptAsRawText(ScriptEngine.java:119)
	at com.kms.katalon.core.main.TestCaseExecutor.runScript(TestCaseExecutor.java:448)
	at com.kms.katalon.core.main.TestCaseExecutor.doExecute(TestCaseExecutor.java:439)
	at com.kms.katalon.core.main.TestCaseExecutor.processExecutionPhase(TestCaseExecutor.java:418)
	at com.kms.katalon.core.main.TestCaseExecutor.accessMainPhase(TestCaseExecutor.java:410)
	at com.kms.katalon.core.main.TestCaseExecutor.execute(TestCaseExecutor.java:285)
	at com.kms.katalon.core.main.TestCaseMain.runTestCase(TestCaseMain.java:144)
	at com.kms.katalon.core.keyword.builtin.CallTestCaseKeyword$_callTestCase_closure1.doCall(CallTestCaseKeyword.groovy:59)
	... 52 more
Caused by: com.kms.katalon.core.exception.StepFailedException: Call Test Case 'Test Cases/T13 Pembelian, Shipment dan Pembayaran/PBY-004' failed
	at com.kms.katalon.core.keyword.builtin.CallTestCaseKeyword$_callTestCase_closure1.doCall(CallTestCaseKeyword.groovy:63)
	at com.kms.katalon.core.keyword.builtin.CallTestCaseKeyword$_callTestCase_closure1.call(CallTestCaseKeyword.groovy)
	at com.kms.katalon.core.keyword.internal.KeywordMain.runKeyword(KeywordMain.groovy:75)
	at com.kms.katalon.core.keyword.builtin.CallTestCaseKeyword.callTestCase(CallTestCaseKeyword.groovy:81)
	at com.kms.katalon.core.keyword.builtin.CallTestCaseKeyword.execute(CallTestCaseKeyword.groovy:44)
	at com.kms.katalon.core.keyword.internal.KeywordExecutor.executeKeywordForPlatform(KeywordExecutor.groovy:74)
	at com.kms.katalon.core.keyword.BuiltinKeywords.callTestCase(BuiltinKeywords.groovy:310)
	at PBYA-001.run(PBYA-001:20)
	at com.kms.katalon.core.main.ScriptEngine.run(ScriptEngine.java:194)
	at com.kms.katalon.core.main.ScriptEngine.runScriptAsRawText(ScriptEngine.java:119)
	at com.kms.katalon.core.main.TestCaseExecutor.runScript(TestCaseExecutor.java:448)
	at com.kms.katalon.core.main.TestCaseExecutor.doExecute(TestCaseExecutor.java:439)
	at com.kms.katalon.core.main.TestCaseExecutor.processExecutionPhase(TestCaseExecutor.java:418)
	at com.kms.katalon.core.main.TestCaseExecutor.accessMainPhase(TestCaseExecutor.java:410)
	at com.kms.katalon.core.main.TestCaseExecutor.execute(TestCaseExecutor.java:285)
	at com.kms.katalon.core.main.TestCaseMain.runTestCase(TestCaseMain.java:144)
	at com.kms.katalon.core.keyword.builtin.CallTestCaseKeyword$_callTestCase_closure1.doCall(CallTestCaseKeyword.groovy:59)
	... 68 more
Caused by: com.kms.katalon.core.exception.StepFailedException: Call Test Case 'Test Cases/T13 Pembelian, Shipment dan Pembayaran/PBY-001' failed
	at com.kms.katalon.core.keyword.builtin.CallTestCaseKeyword$_callTestCase_closure1.doCall(CallTestCaseKeyword.groovy:63)
	at com.kms.katalon.core.keyword.builtin.CallTestCaseKeyword$_callTestCase_closure1.call(CallTestCaseKeyword.groovy)
	at com.kms.katalon.core.keyword.internal.KeywordMain.runKeyword(KeywordMain.groovy:75)
	at com.kms.katalon.core.keyword.builtin.CallTestCaseKeyword.callTestCase(CallTestCaseKeyword.groovy:81)
	at com.kms.katalon.core.keyword.builtin.CallTestCaseKeyword.execute(CallTestCaseKeyword.groovy:44)
	at com.kms.katalon.core.keyword.internal.KeywordExecutor.executeKeywordForPlatform(KeywordExecutor.groovy:74)
	at com.kms.katalon.core.keyword.BuiltinKeywords.callTestCase(BuiltinKeywords.groovy:310)
	at PBY-004.run(PBY-004:20)
	at com.kms.katalon.core.main.ScriptEngine.run(ScriptEngine.java:194)
	at com.kms.katalon.core.main.ScriptEngine.runScriptAsRawText(ScriptEngine.java:119)
	at com.kms.katalon.core.main.TestCaseExecutor.runScript(TestCaseExecutor.java:448)
	at com.kms.katalon.core.main.TestCaseExecutor.doExecute(TestCaseExecutor.java:439)
	at com.kms.katalon.core.main.TestCaseExecutor.processExecutionPhase(TestCaseExecutor.java:418)
	at com.kms.katalon.core.main.TestCaseExecutor.accessMainPhase(TestCaseExecutor.java:410)
	at com.kms.katalon.core.main.TestCaseExecutor.execute(TestCaseExecutor.java:285)
	at com.kms.katalon.core.main.TestCaseMain.runTestCase(TestCaseMain.java:144)
	at com.kms.katalon.core.keyword.builtin.CallTestCaseKeyword$_callTestCase_closure1.doCall(CallTestCaseKeyword.groovy:59)
	... 84 more
Caused by: com.kms.katalon.core.exception.StepFailedException: Call Test Case 'Test Cases/T13 Pembelian, Shipment dan Pembayaran/PBL-004' failed
	at com.kms.katalon.core.keyword.builtin.CallTestCaseKeyword$_callTestCase_closure1.doCall(CallTestCaseKeyword.groovy:63)
	at com.kms.katalon.core.keyword.builtin.CallTestCaseKeyword$_callTestCase_closure1.call(CallTestCaseKeyword.groovy)
	at com.kms.katalon.core.keyword.internal.KeywordMain.runKeyword(KeywordMain.groovy:75)
	at com.kms.katalon.core.keyword.builtin.CallTestCaseKeyword.callTestCase(CallTestCaseKeyword.groovy:81)
	at com.kms.katalon.core.keyword.builtin.CallTestCaseKeyword.execute(CallTestCaseKeyword.groovy:44)
	at com.kms.katalon.core.keyword.internal.KeywordExecutor.executeKeywordForPlatform(KeywordExecutor.groovy:74)
	at com.kms.katalon.core.keyword.BuiltinKeywords.callTestCase(BuiltinKeywords.groovy:310)
	at PBY-001.run(PBY-001:20)
	at com.kms.katalon.core.main.ScriptEngine.run(ScriptEngine.java:194)
	at com.kms.katalon.core.main.ScriptEngine.runScriptAsRawText(ScriptEngine.java:119)
	at com.kms.katalon.core.main.TestCaseExecutor.runScript(TestCaseExecutor.java:448)
	at com.kms.katalon.core.main.TestCaseExecutor.doExecute(TestCaseExecutor.java:439)
	at com.kms.katalon.core.main.TestCaseExecutor.processExecutionPhase(TestCaseExecutor.java:418)
	at com.kms.katalon.core.main.TestCaseExecutor.accessMainPhase(TestCaseExecutor.java:410)
	at com.kms.katalon.core.main.TestCaseExecutor.execute(TestCaseExecutor.java:285)
	at com.kms.katalon.core.main.TestCaseMain.runTestCase(TestCaseMain.java:144)
	at com.kms.katalon.core.keyword.builtin.CallTestCaseKeyword$_callTestCase_closure1.doCall(CallTestCaseKeyword.groovy:59)
	... 100 more
Caused by: Assertion failed: 

assert price_product.contains(HargaCheckout)
       |             |        |
       Rp 1,299      false    2,598

	at PBL-004.run(PBL-004:45)
	at com.kms.katalon.core.main.ScriptEngine.run(ScriptEngine.java:194)
	at com.kms.katalon.core.main.ScriptEngine.runScriptAsRawText(ScriptEngine.java:119)
	at com.kms.katalon.core.main.TestCaseExecutor.runScript(TestCaseExecutor.java:448)
	at com.kms.katalon.core.main.TestCaseExecutor.doExecute(TestCaseExecutor.java:439)
	at com.kms.katalon.core.main.TestCaseExecutor.processExecutionPhase(TestCaseExecutor.java:418)
	at com.kms.katalon.core.main.TestCaseExecutor.accessMainPhase(TestCaseExecutor.java:410)
	at com.kms.katalon.core.main.TestCaseExecutor.execute(TestCaseExecutor.java:285)
	at com.kms.katalon.core.main.TestCaseMain.runTestCase(TestCaseMain.java:144)
	at com.kms.katalon.core.keyword.builtin.CallTestCaseKeyword$_callTestCase_closure1.doCall(CallTestCaseKeyword.groovy:59)
	... 116 more
)

2023-10-04 19:57:42 - [TEST_CASE][FAILED] - Test Cases/T13 Pembelian, Shipment dan Pembayaran/SA-004: Test Cases/T13 Pembelian, Shipment dan Pembayaran/SA-004 FAILED.
Reason:
com.kms.katalon.core.exception.StepFailedException: Call Test Case 'Test Cases/T13 Pembelian, Shipment dan Pembayaran/SA-002' failed
	at com.kms.katalon.core.keyword.builtin.CallTestCaseKeyword$_callTestCase_closure1.doCall(CallTestCaseKeyword.groovy:63)
	at com.kms.katalon.core.keyword.builtin.CallTestCaseKeyword$_callTestCase_closure1.call(CallTestCaseKeyword.groovy)
	at com.kms.katalon.core.keyword.internal.KeywordMain.runKeyword(KeywordMain.groovy:75)
	at com.kms.katalon.core.keyword.builtin.CallTestCaseKeyword.callTestCase(CallTestCaseKeyword.groovy:81)
	at com.kms.katalon.core.keyword.builtin.CallTestCaseKeyword.execute(CallTestCaseKeyword.groovy:44)
	at com.kms.katalon.core.keyword.internal.KeywordExecutor.executeKeywordForPlatform(KeywordExecutor.groovy:74)
	at com.kms.katalon.core.keyword.BuiltinKeywords.callTestCase(BuiltinKeywords.groovy:310)
	at SA-004.run(SA-004:20)
	at com.kms.katalon.core.main.ScriptEngine.run(ScriptEngine.java:194)
	at com.kms.katalon.core.main.ScriptEngine.runScriptAsRawText(ScriptEngine.java:119)
	at com.kms.katalon.core.main.TestCaseExecutor.runScript(TestCaseExecutor.java:448)
	at com.kms.katalon.core.main.TestCaseExecutor.doExecute(TestCaseExecutor.java:439)
	at com.kms.katalon.core.main.TestCaseExecutor.processExecutionPhase(TestCaseExecutor.java:418)
	at com.kms.katalon.core.main.TestCaseExecutor.accessMainPhase(TestCaseExecutor.java:410)
	at com.kms.katalon.core.main.TestCaseExecutor.execute(TestCaseExecutor.java:285)
	at com.kms.katalon.core.main.TestCaseMain.runTestCase(TestCaseMain.java:144)
	at com.kms.katalon.core.keyword.builtin.CallTestCaseKeyword$_callTestCase_closure1.doCall(CallTestCaseKeyword.groovy:59)
	at com.kms.katalon.core.keyword.builtin.CallTestCaseKeyword$_callTestCase_closure1.call(CallTestCaseKeyword.groovy)
	at com.kms.katalon.core.keyword.internal.KeywordMain.runKeyword(KeywordMain.groovy:75)
	at com.kms.katalon.core.keyword.builtin.CallTestCaseKeyword.callTestCase(CallTestCaseKeyword.groovy:81)
	at com.kms.katalon.core.keyword.builtin.CallTestCaseKeyword.execute(CallTestCaseKeyword.groovy:44)
	at com.kms.katalon.core.keyword.internal.KeywordExecutor.executeKeywordForPlatform(KeywordExecutor.groovy:74)
	at com.kms.katalon.core.keyword.BuiltinKeywords.callTestCase(BuiltinKeywords.groovy:310)
	at SU-011.run(SU-011:20)
	at com.kms.katalon.core.main.ScriptEngine.run(ScriptEngine.java:194)
	at com.kms.katalon.core.main.ScriptEngine.runScriptAsRawText(ScriptEngine.java:119)
	at com.kms.katalon.core.main.TestCaseExecutor.runScript(TestCaseExecutor.java:448)
	at com.kms.katalon.core.main.TestCaseExecutor.doExecute(TestCaseExecutor.java:439)
	at com.kms.katalon.core.main.TestCaseExecutor.processExecutionPhase(TestCaseExecutor.java:418)
	at com.kms.katalon.core.main.TestCaseExecutor.accessMainPhase(TestCaseExecutor.java:410)
	at com.kms.katalon.core.main.TestCaseExecutor.execute(TestCaseExecutor.java:285)
	at com.kms.katalon.core.common.CommonExecutor.accessTestCaseMainPhase(CommonExecutor.java:65)
	at com.kms.katalon.core.main.TestSuiteExecutor.accessTestSuiteMainPhase(TestSuiteExecutor.java:148)
	at com.kms.katalon.core.main.TestSuiteExecutor.execute(TestSuiteExecutor.java:106)
	at com.kms.katalon.core.main.TestCaseMain.startTestSuite(TestCaseMain.java:187)
	at com.kms.katalon.core.main.TestCaseMain$startTestSuite$0.call(Unknown Source)
	at TempTestSuite1696420804604.run(TempTestSuite1696420804604.groovy:36)
Caused by: com.kms.katalon.core.exception.StepFailedException: Call Test Case 'Test Cases/T13 Pembelian, Shipment dan Pembayaran/SA-001' failed
	at com.kms.katalon.core.keyword.builtin.CallTestCaseKeyword$_callTestCase_closure1.doCall(CallTestCaseKeyword.groovy:63)
	at com.kms.katalon.core.keyword.builtin.CallTestCaseKeyword$_callTestCase_closure1.call(CallTestCaseKeyword.groovy)
	at com.kms.katalon.core.keyword.internal.KeywordMain.runKeyword(KeywordMain.groovy:75)
	at com.kms.katalon.core.keyword.builtin.CallTestCaseKeyword.callTestCase(CallTestCaseKeyword.groovy:81)
	at com.kms.katalon.core.keyword.builtin.CallTestCaseKeyword.execute(CallTestCaseKeyword.groovy:44)
	at com.kms.katalon.core.keyword.internal.KeywordExecutor.executeKeywordForPlatform(KeywordExecutor.groovy:74)
	at com.kms.katalon.core.keyword.BuiltinKeywords.callTestCase(BuiltinKeywords.groovy:310)
	at SA-002.run(SA-002:20)
	at com.kms.katalon.core.main.ScriptEngine.run(ScriptEngine.java:194)
	at com.kms.katalon.core.main.ScriptEngine.runScriptAsRawText(ScriptEngine.java:119)
	at com.kms.katalon.core.main.TestCaseExecutor.runScript(TestCaseExecutor.java:448)
	at com.kms.katalon.core.main.TestCaseExecutor.doExecute(TestCaseExecutor.java:439)
	at com.kms.katalon.core.main.TestCaseExecutor.processExecutionPhase(TestCaseExecutor.java:418)
	at com.kms.katalon.core.main.TestCaseExecutor.accessMainPhase(TestCaseExecutor.java:410)
	at com.kms.katalon.core.main.TestCaseExecutor.execute(TestCaseExecutor.java:285)
	at com.kms.katalon.core.main.TestCaseMain.runTestCase(TestCaseMain.java:144)
	at com.kms.katalon.core.keyword.builtin.CallTestCaseKeyword$_callTestCase_closure1.doCall(CallTestCaseKeyword.groovy:59)
	... 36 more
Caused by: com.kms.katalon.core.exception.StepFailedException: Call Test Case 'Test Cases/T13 Pembelian, Shipment dan Pembayaran/PBYA-001' failed
	at com.kms.katalon.core.keyword.builtin.CallTestCaseKeyword$_callTestCase_closure1.doCall(CallTestCaseKeyword.groovy:63)
	at com.kms.katalon.core.keyword.builtin.CallTestCaseKeyword$_callTestCase_closure1.call(CallTestCaseKeyword.groovy)
	at com.kms.katalon.core.keyword.internal.KeywordMain.runKeyword(KeywordMain.groovy:75)
	at com.kms.katalon.core.keyword.builtin.CallTestCaseKeyword.callTestCase(CallTestCaseKeyword.groovy:81)
	at com.kms.katalon.core.keyword.builtin.CallTestCaseKeyword.execute(CallTestCaseKeyword.groovy:44)
	at com.kms.katalon.core.keyword.internal.KeywordExecutor.executeKeywordForPlatform(KeywordExecutor.groovy:74)
	at com.kms.katalon.core.keyword.BuiltinKeywords.callTestCase(BuiltinKeywords.groovy:310)
	at SA-001.run(SA-001:20)
	at com.kms.katalon.core.main.ScriptEngine.run(ScriptEngine.java:194)
	at com.kms.katalon.core.main.ScriptEngine.runScriptAsRawText(ScriptEngine.java:119)
	at com.kms.katalon.core.main.TestCaseExecutor.runScript(TestCaseExecutor.java:448)
	at com.kms.katalon.core.main.TestCaseExecutor.doExecute(TestCaseExecutor.java:439)
	at com.kms.katalon.core.main.TestCaseExecutor.processExecutionPhase(TestCaseExecutor.java:418)
	at com.kms.katalon.core.main.TestCaseExecutor.accessMainPhase(TestCaseExecutor.java:410)
	at com.kms.katalon.core.main.TestCaseExecutor.execute(TestCaseExecutor.java:285)
	at com.kms.katalon.core.main.TestCaseMain.runTestCase(TestCaseMain.java:144)
	at com.kms.katalon.core.keyword.builtin.CallTestCaseKeyword$_callTestCase_closure1.doCall(CallTestCaseKeyword.groovy:59)
	... 52 more
Caused by: com.kms.katalon.core.exception.StepFailedException: Call Test Case 'Test Cases/T13 Pembelian, Shipment dan Pembayaran/PBY-004' failed
	at com.kms.katalon.core.keyword.builtin.CallTestCaseKeyword$_callTestCase_closure1.doCall(CallTestCaseKeyword.groovy:63)
	at com.kms.katalon.core.keyword.builtin.CallTestCaseKeyword$_callTestCase_closure1.call(CallTestCaseKeyword.groovy)
	at com.kms.katalon.core.keyword.internal.KeywordMain.runKeyword(KeywordMain.groovy:75)
	at com.kms.katalon.core.keyword.builtin.CallTestCaseKeyword.callTestCase(CallTestCaseKeyword.groovy:81)
	at com.kms.katalon.core.keyword.builtin.CallTestCaseKeyword.execute(CallTestCaseKeyword.groovy:44)
	at com.kms.katalon.core.keyword.internal.KeywordExecutor.executeKeywordForPlatform(KeywordExecutor.groovy:74)
	at com.kms.katalon.core.keyword.BuiltinKeywords.callTestCase(BuiltinKeywords.groovy:310)
	at PBYA-001.run(PBYA-001:20)
	at com.kms.katalon.core.main.ScriptEngine.run(ScriptEngine.java:194)
	at com.kms.katalon.core.main.ScriptEngine.runScriptAsRawText(ScriptEngine.java:119)
	at com.kms.katalon.core.main.TestCaseExecutor.runScript(TestCaseExecutor.java:448)
	at com.kms.katalon.core.main.TestCaseExecutor.doExecute(TestCaseExecutor.java:439)
	at com.kms.katalon.core.main.TestCaseExecutor.processExecutionPhase(TestCaseExecutor.java:418)
	at com.kms.katalon.core.main.TestCaseExecutor.accessMainPhase(TestCaseExecutor.java:410)
	at com.kms.katalon.core.main.TestCaseExecutor.execute(TestCaseExecutor.java:285)
	at com.kms.katalon.core.main.TestCaseMain.runTestCase(TestCaseMain.java:144)
	at com.kms.katalon.core.keyword.builtin.CallTestCaseKeyword$_callTestCase_closure1.doCall(CallTestCaseKeyword.groovy:59)
	... 68 more
Caused by: com.kms.katalon.core.exception.StepFailedException: Call Test Case 'Test Cases/T13 Pembelian, Shipment dan Pembayaran/PBY-001' failed
	at com.kms.katalon.core.keyword.builtin.CallTestCaseKeyword$_callTestCase_closure1.doCall(CallTestCaseKeyword.groovy:63)
	at com.kms.katalon.core.keyword.builtin.CallTestCaseKeyword$_callTestCase_closure1.call(CallTestCaseKeyword.groovy)
	at com.kms.katalon.core.keyword.internal.KeywordMain.runKeyword(KeywordMain.groovy:75)
	at com.kms.katalon.core.keyword.builtin.CallTestCaseKeyword.callTestCase(CallTestCaseKeyword.groovy:81)
	at com.kms.katalon.core.keyword.builtin.CallTestCaseKeyword.execute(CallTestCaseKeyword.groovy:44)
	at com.kms.katalon.core.keyword.internal.KeywordExecutor.executeKeywordForPlatform(KeywordExecutor.groovy:74)
	at com.kms.katalon.core.keyword.BuiltinKeywords.callTestCase(BuiltinKeywords.groovy:310)
	at PBY-004.run(PBY-004:20)
	at com.kms.katalon.core.main.ScriptEngine.run(ScriptEngine.java:194)
	at com.kms.katalon.core.main.ScriptEngine.runScriptAsRawText(ScriptEngine.java:119)
	at com.kms.katalon.core.main.TestCaseExecutor.runScript(TestCaseExecutor.java:448)
	at com.kms.katalon.core.main.TestCaseExecutor.doExecute(TestCaseExecutor.java:439)
	at com.kms.katalon.core.main.TestCaseExecutor.processExecutionPhase(TestCaseExecutor.java:418)
	at com.kms.katalon.core.main.TestCaseExecutor.accessMainPhase(TestCaseExecutor.java:410)
	at com.kms.katalon.core.main.TestCaseExecutor.execute(TestCaseExecutor.java:285)
	at com.kms.katalon.core.main.TestCaseMain.runTestCase(TestCaseMain.java:144)
	at com.kms.katalon.core.keyword.builtin.CallTestCaseKeyword$_callTestCase_closure1.doCall(CallTestCaseKeyword.groovy:59)
	... 84 more
Caused by: com.kms.katalon.core.exception.StepFailedException: Call Test Case 'Test Cases/T13 Pembelian, Shipment dan Pembayaran/PBL-004' failed
	at com.kms.katalon.core.keyword.builtin.CallTestCaseKeyword$_callTestCase_closure1.doCall(CallTestCaseKeyword.groovy:63)
	at com.kms.katalon.core.keyword.builtin.CallTestCaseKeyword$_callTestCase_closure1.call(CallTestCaseKeyword.groovy)
	at com.kms.katalon.core.keyword.internal.KeywordMain.runKeyword(KeywordMain.groovy:75)
	at com.kms.katalon.core.keyword.builtin.CallTestCaseKeyword.callTestCase(CallTestCaseKeyword.groovy:81)
	at com.kms.katalon.core.keyword.builtin.CallTestCaseKeyword.execute(CallTestCaseKeyword.groovy:44)
	at com.kms.katalon.core.keyword.internal.KeywordExecutor.executeKeywordForPlatform(KeywordExecutor.groovy:74)
	at com.kms.katalon.core.keyword.BuiltinKeywords.callTestCase(BuiltinKeywords.groovy:310)
	at PBY-001.run(PBY-001:20)
	at com.kms.katalon.core.main.ScriptEngine.run(ScriptEngine.java:194)
	at com.kms.katalon.core.main.ScriptEngine.runScriptAsRawText(ScriptEngine.java:119)
	at com.kms.katalon.core.main.TestCaseExecutor.runScript(TestCaseExecutor.java:448)
	at com.kms.katalon.core.main.TestCaseExecutor.doExecute(TestCaseExecutor.java:439)
	at com.kms.katalon.core.main.TestCaseExecutor.processExecutionPhase(TestCaseExecutor.java:418)
	at com.kms.katalon.core.main.TestCaseExecutor.accessMainPhase(TestCaseExecutor.java:410)
	at com.kms.katalon.core.main.TestCaseExecutor.execute(TestCaseExecutor.java:285)
	at com.kms.katalon.core.main.TestCaseMain.runTestCase(TestCaseMain.java:144)
	at com.kms.katalon.core.keyword.builtin.CallTestCaseKeyword$_callTestCase_closure1.doCall(CallTestCaseKeyword.groovy:59)
	... 100 more
Caused by: Assertion failed: 

assert price_product.contains(HargaCheckout)
       |             |        |
       Rp 1,299      false    2,598

	at PBL-004.run(PBL-004:45)
	at com.kms.katalon.core.main.ScriptEngine.run(ScriptEngine.java:194)
	at com.kms.katalon.core.main.ScriptEngine.runScriptAsRawText(ScriptEngine.java:119)
	at com.kms.katalon.core.main.TestCaseExecutor.runScript(TestCaseExecutor.java:448)
	at com.kms.katalon.core.main.TestCaseExecutor.doExecute(TestCaseExecutor.java:439)
	at com.kms.katalon.core.main.TestCaseExecutor.processExecutionPhase(TestCaseExecutor.java:418)
	at com.kms.katalon.core.main.TestCaseExecutor.accessMainPhase(TestCaseExecutor.java:410)
	at com.kms.katalon.core.main.TestCaseExecutor.execute(TestCaseExecutor.java:285)
	at com.kms.katalon.core.main.TestCaseMain.runTestCase(TestCaseMain.java:144)
	at com.kms.katalon.core.keyword.builtin.CallTestCaseKeyword$_callTestCase_closure1.doCall(CallTestCaseKeyword.groovy:59)
	... 116 more


2023-10-04 19:57:42 - [TEST_STEP][FAILED] - data = callTestCase(findTestCase("T13 Pembelian, Shipment dan Pembayaran/SA-002"), [:], STOP_ON_FAILURE): Unable to call Test Case 'Test Cases/T13 Pembelian, Shipment dan Pembayaran/SA-002' (Root cause: com.kms.katalon.core.exception.StepFailedException: Call Test Case 'Test Cases/T13 Pembelian, Shipment dan Pembayaran/SA-002' failed
	at com.kms.katalon.core.keyword.builtin.CallTestCaseKeyword$_callTestCase_closure1.doCall(CallTestCaseKeyword.groovy:63)
	at com.kms.katalon.core.keyword.builtin.CallTestCaseKeyword$_callTestCase_closure1.call(CallTestCaseKeyword.groovy)
	at com.kms.katalon.core.keyword.internal.KeywordMain.runKeyword(KeywordMain.groovy:75)
	at com.kms.katalon.core.keyword.builtin.CallTestCaseKeyword.callTestCase(CallTestCaseKeyword.groovy:81)
	at com.kms.katalon.core.keyword.builtin.CallTestCaseKeyword.execute(CallTestCaseKeyword.groovy:44)
	at com.kms.katalon.core.keyword.internal.KeywordExecutor.executeKeywordForPlatform(KeywordExecutor.groovy:74)
	at com.kms.katalon.core.keyword.BuiltinKeywords.callTestCase(BuiltinKeywords.groovy:310)
	at SA-004.run(SA-004:20)
	at com.kms.katalon.core.main.ScriptEngine.run(ScriptEngine.java:194)
	at com.kms.katalon.core.main.ScriptEngine.runScriptAsRawText(ScriptEngine.java:119)
	at com.kms.katalon.core.main.TestCaseExecutor.runScript(TestCaseExecutor.java:448)
	at com.kms.katalon.core.main.TestCaseExecutor.doExecute(TestCaseExecutor.java:439)
	at com.kms.katalon.core.main.TestCaseExecutor.processExecutionPhase(TestCaseExecutor.java:418)
	at com.kms.katalon.core.main.TestCaseExecutor.accessMainPhase(TestCaseExecutor.java:410)
	at com.kms.katalon.core.main.TestCaseExecutor.execute(TestCaseExecutor.java:285)
	at com.kms.katalon.core.main.TestCaseMain.runTestCase(TestCaseMain.java:144)
	at com.kms.katalon.core.keyword.builtin.CallTestCaseKeyword$_callTestCase_closure1.doCall(CallTestCaseKeyword.groovy:59)
	at com.kms.katalon.core.keyword.builtin.CallTestCaseKeyword$_callTestCase_closure1.call(CallTestCaseKeyword.groovy)
	at com.kms.katalon.core.keyword.internal.KeywordMain.runKeyword(KeywordMain.groovy:75)
	at com.kms.katalon.core.keyword.builtin.CallTestCaseKeyword.callTestCase(CallTestCaseKeyword.groovy:81)
	at com.kms.katalon.core.keyword.builtin.CallTestCaseKeyword.execute(CallTestCaseKeyword.groovy:44)
	at com.kms.katalon.core.keyword.internal.KeywordExecutor.executeKeywordForPlatform(KeywordExecutor.groovy:74)
	at com.kms.katalon.core.keyword.BuiltinKeywords.callTestCase(BuiltinKeywords.groovy:310)
	at SU-011.run(SU-011:20)
	at com.kms.katalon.core.main.ScriptEngine.run(ScriptEngine.java:194)
	at com.kms.katalon.core.main.ScriptEngine.runScriptAsRawText(ScriptEngine.java:119)
	at com.kms.katalon.core.main.TestCaseExecutor.runScript(TestCaseExecutor.java:448)
	at com.kms.katalon.core.main.TestCaseExecutor.doExecute(TestCaseExecutor.java:439)
	at com.kms.katalon.core.main.TestCaseExecutor.processExecutionPhase(TestCaseExecutor.java:418)
	at com.kms.katalon.core.main.TestCaseExecutor.accessMainPhase(TestCaseExecutor.java:410)
	at com.kms.katalon.core.main.TestCaseExecutor.execute(TestCaseExecutor.java:285)
	at com.kms.katalon.core.common.CommonExecutor.accessTestCaseMainPhase(CommonExecutor.java:65)
	at com.kms.katalon.core.main.TestSuiteExecutor.accessTestSuiteMainPhase(TestSuiteExecutor.java:148)
	at com.kms.katalon.core.main.TestSuiteExecutor.execute(TestSuiteExecutor.java:106)
	at com.kms.katalon.core.main.TestCaseMain.startTestSuite(TestCaseMain.java:187)
	at com.kms.katalon.core.main.TestCaseMain$startTestSuite$0.call(Unknown Source)
	at TempTestSuite1696420804604.run(TempTestSuite1696420804604.groovy:36)
Caused by: com.kms.katalon.core.exception.StepFailedException: Call Test Case 'Test Cases/T13 Pembelian, Shipment dan Pembayaran/SA-001' failed
	at com.kms.katalon.core.keyword.builtin.CallTestCaseKeyword$_callTestCase_closure1.doCall(CallTestCaseKeyword.groovy:63)
	at com.kms.katalon.core.keyword.builtin.CallTestCaseKeyword$_callTestCase_closure1.call(CallTestCaseKeyword.groovy)
	at com.kms.katalon.core.keyword.internal.KeywordMain.runKeyword(KeywordMain.groovy:75)
	at com.kms.katalon.core.keyword.builtin.CallTestCaseKeyword.callTestCase(CallTestCaseKeyword.groovy:81)
	at com.kms.katalon.core.keyword.builtin.CallTestCaseKeyword.execute(CallTestCaseKeyword.groovy:44)
	at com.kms.katalon.core.keyword.internal.KeywordExecutor.executeKeywordForPlatform(KeywordExecutor.groovy:74)
	at com.kms.katalon.core.keyword.BuiltinKeywords.callTestCase(BuiltinKeywords.groovy:310)
	at SA-002.run(SA-002:20)
	at com.kms.katalon.core.main.ScriptEngine.run(ScriptEngine.java:194)
	at com.kms.katalon.core.main.ScriptEngine.runScriptAsRawText(ScriptEngine.java:119)
	at com.kms.katalon.core.main.TestCaseExecutor.runScript(TestCaseExecutor.java:448)
	at com.kms.katalon.core.main.TestCaseExecutor.doExecute(TestCaseExecutor.java:439)
	at com.kms.katalon.core.main.TestCaseExecutor.processExecutionPhase(TestCaseExecutor.java:418)
	at com.kms.katalon.core.main.TestCaseExecutor.accessMainPhase(TestCaseExecutor.java:410)
	at com.kms.katalon.core.main.TestCaseExecutor.execute(TestCaseExecutor.java:285)
	at com.kms.katalon.core.main.TestCaseMain.runTestCase(TestCaseMain.java:144)
	at com.kms.katalon.core.keyword.builtin.CallTestCaseKeyword$_callTestCase_closure1.doCall(CallTestCaseKeyword.groovy:59)
	... 36 more
Caused by: com.kms.katalon.core.exception.StepFailedException: Call Test Case 'Test Cases/T13 Pembelian, Shipment dan Pembayaran/PBYA-001' failed
	at com.kms.katalon.core.keyword.builtin.CallTestCaseKeyword$_callTestCase_closure1.doCall(CallTestCaseKeyword.groovy:63)
	at com.kms.katalon.core.keyword.builtin.CallTestCaseKeyword$_callTestCase_closure1.call(CallTestCaseKeyword.groovy)
	at com.kms.katalon.core.keyword.internal.KeywordMain.runKeyword(KeywordMain.groovy:75)
	at com.kms.katalon.core.keyword.builtin.CallTestCaseKeyword.callTestCase(CallTestCaseKeyword.groovy:81)
	at com.kms.katalon.core.keyword.builtin.CallTestCaseKeyword.execute(CallTestCaseKeyword.groovy:44)
	at com.kms.katalon.core.keyword.internal.KeywordExecutor.executeKeywordForPlatform(KeywordExecutor.groovy:74)
	at com.kms.katalon.core.keyword.BuiltinKeywords.callTestCase(BuiltinKeywords.groovy:310)
	at SA-001.run(SA-001:20)
	at com.kms.katalon.core.main.ScriptEngine.run(ScriptEngine.java:194)
	at com.kms.katalon.core.main.ScriptEngine.runScriptAsRawText(ScriptEngine.java:119)
	at com.kms.katalon.core.main.TestCaseExecutor.runScript(TestCaseExecutor.java:448)
	at com.kms.katalon.core.main.TestCaseExecutor.doExecute(TestCaseExecutor.java:439)
	at com.kms.katalon.core.main.TestCaseExecutor.processExecutionPhase(TestCaseExecutor.java:418)
	at com.kms.katalon.core.main.TestCaseExecutor.accessMainPhase(TestCaseExecutor.java:410)
	at com.kms.katalon.core.main.TestCaseExecutor.execute(TestCaseExecutor.java:285)
	at com.kms.katalon.core.main.TestCaseMain.runTestCase(TestCaseMain.java:144)
	at com.kms.katalon.core.keyword.builtin.CallTestCaseKeyword$_callTestCase_closure1.doCall(CallTestCaseKeyword.groovy:59)
	... 52 more
Caused by: com.kms.katalon.core.exception.StepFailedException: Call Test Case 'Test Cases/T13 Pembelian, Shipment dan Pembayaran/PBY-004' failed
	at com.kms.katalon.core.keyword.builtin.CallTestCaseKeyword$_callTestCase_closure1.doCall(CallTestCaseKeyword.groovy:63)
	at com.kms.katalon.core.keyword.builtin.CallTestCaseKeyword$_callTestCase_closure1.call(CallTestCaseKeyword.groovy)
	at com.kms.katalon.core.keyword.internal.KeywordMain.runKeyword(KeywordMain.groovy:75)
	at com.kms.katalon.core.keyword.builtin.CallTestCaseKeyword.callTestCase(CallTestCaseKeyword.groovy:81)
	at com.kms.katalon.core.keyword.builtin.CallTestCaseKeyword.execute(CallTestCaseKeyword.groovy:44)
	at com.kms.katalon.core.keyword.internal.KeywordExecutor.executeKeywordForPlatform(KeywordExecutor.groovy:74)
	at com.kms.katalon.core.keyword.BuiltinKeywords.callTestCase(BuiltinKeywords.groovy:310)
	at PBYA-001.run(PBYA-001:20)
	at com.kms.katalon.core.main.ScriptEngine.run(ScriptEngine.java:194)
	at com.kms.katalon.core.main.ScriptEngine.runScriptAsRawText(ScriptEngine.java:119)
	at com.kms.katalon.core.main.TestCaseExecutor.runScript(TestCaseExecutor.java:448)
	at com.kms.katalon.core.main.TestCaseExecutor.doExecute(TestCaseExecutor.java:439)
	at com.kms.katalon.core.main.TestCaseExecutor.processExecutionPhase(TestCaseExecutor.java:418)
	at com.kms.katalon.core.main.TestCaseExecutor.accessMainPhase(TestCaseExecutor.java:410)
	at com.kms.katalon.core.main.TestCaseExecutor.execute(TestCaseExecutor.java:285)
	at com.kms.katalon.core.main.TestCaseMain.runTestCase(TestCaseMain.java:144)
	at com.kms.katalon.core.keyword.builtin.CallTestCaseKeyword$_callTestCase_closure1.doCall(CallTestCaseKeyword.groovy:59)
	... 68 more
Caused by: com.kms.katalon.core.exception.StepFailedException: Call Test Case 'Test Cases/T13 Pembelian, Shipment dan Pembayaran/PBY-001' failed
	at com.kms.katalon.core.keyword.builtin.CallTestCaseKeyword$_callTestCase_closure1.doCall(CallTestCaseKeyword.groovy:63)
	at com.kms.katalon.core.keyword.builtin.CallTestCaseKeyword$_callTestCase_closure1.call(CallTestCaseKeyword.groovy)
	at com.kms.katalon.core.keyword.internal.KeywordMain.runKeyword(KeywordMain.groovy:75)
	at com.kms.katalon.core.keyword.builtin.CallTestCaseKeyword.callTestCase(CallTestCaseKeyword.groovy:81)
	at com.kms.katalon.core.keyword.builtin.CallTestCaseKeyword.execute(CallTestCaseKeyword.groovy:44)
	at com.kms.katalon.core.keyword.internal.KeywordExecutor.executeKeywordForPlatform(KeywordExecutor.groovy:74)
	at com.kms.katalon.core.keyword.BuiltinKeywords.callTestCase(BuiltinKeywords.groovy:310)
	at PBY-004.run(PBY-004:20)
	at com.kms.katalon.core.main.ScriptEngine.run(ScriptEngine.java:194)
	at com.kms.katalon.core.main.ScriptEngine.runScriptAsRawText(ScriptEngine.java:119)
	at com.kms.katalon.core.main.TestCaseExecutor.runScript(TestCaseExecutor.java:448)
	at com.kms.katalon.core.main.TestCaseExecutor.doExecute(TestCaseExecutor.java:439)
	at com.kms.katalon.core.main.TestCaseExecutor.processExecutionPhase(TestCaseExecutor.java:418)
	at com.kms.katalon.core.main.TestCaseExecutor.accessMainPhase(TestCaseExecutor.java:410)
	at com.kms.katalon.core.main.TestCaseExecutor.execute(TestCaseExecutor.java:285)
	at com.kms.katalon.core.main.TestCaseMain.runTestCase(TestCaseMain.java:144)
	at com.kms.katalon.core.keyword.builtin.CallTestCaseKeyword$_callTestCase_closure1.doCall(CallTestCaseKeyword.groovy:59)
	... 84 more
Caused by: com.kms.katalon.core.exception.StepFailedException: Call Test Case 'Test Cases/T13 Pembelian, Shipment dan Pembayaran/PBL-004' failed
	at com.kms.katalon.core.keyword.builtin.CallTestCaseKeyword$_callTestCase_closure1.doCall(CallTestCaseKeyword.groovy:63)
	at com.kms.katalon.core.keyword.builtin.CallTestCaseKeyword$_callTestCase_closure1.call(CallTestCaseKeyword.groovy)
	at com.kms.katalon.core.keyword.internal.KeywordMain.runKeyword(KeywordMain.groovy:75)
	at com.kms.katalon.core.keyword.builtin.CallTestCaseKeyword.callTestCase(CallTestCaseKeyword.groovy:81)
	at com.kms.katalon.core.keyword.builtin.CallTestCaseKeyword.execute(CallTestCaseKeyword.groovy:44)
	at com.kms.katalon.core.keyword.internal.KeywordExecutor.executeKeywordForPlatform(KeywordExecutor.groovy:74)
	at com.kms.katalon.core.keyword.BuiltinKeywords.callTestCase(BuiltinKeywords.groovy:310)
	at PBY-001.run(PBY-001:20)
	at com.kms.katalon.core.main.ScriptEngine.run(ScriptEngine.java:194)
	at com.kms.katalon.core.main.ScriptEngine.runScriptAsRawText(ScriptEngine.java:119)
	at com.kms.katalon.core.main.TestCaseExecutor.runScript(TestCaseExecutor.java:448)
	at com.kms.katalon.core.main.TestCaseExecutor.doExecute(TestCaseExecutor.java:439)
	at com.kms.katalon.core.main.TestCaseExecutor.processExecutionPhase(TestCaseExecutor.java:418)
	at com.kms.katalon.core.main.TestCaseExecutor.accessMainPhase(TestCaseExecutor.java:410)
	at com.kms.katalon.core.main.TestCaseExecutor.execute(TestCaseExecutor.java:285)
	at com.kms.katalon.core.main.TestCaseMain.runTestCase(TestCaseMain.java:144)
	at com.kms.katalon.core.keyword.builtin.CallTestCaseKeyword$_callTestCase_closure1.doCall(CallTestCaseKeyword.groovy:59)
	... 100 more
Caused by: Assertion failed: 

assert price_product.contains(HargaCheckout)
       |             |        |
       Rp 1,299      false    2,598

	at PBL-004.run(PBL-004:45)
	at com.kms.katalon.core.main.ScriptEngine.run(ScriptEngine.java:194)
	at com.kms.katalon.core.main.ScriptEngine.runScriptAsRawText(ScriptEngine.java:119)
	at com.kms.katalon.core.main.TestCaseExecutor.runScript(TestCaseExecutor.java:448)
	at com.kms.katalon.core.main.TestCaseExecutor.doExecute(TestCaseExecutor.java:439)
	at com.kms.katalon.core.main.TestCaseExecutor.processExecutionPhase(TestCaseExecutor.java:418)
	at com.kms.katalon.core.main.TestCaseExecutor.accessMainPhase(TestCaseExecutor.java:410)
	at com.kms.katalon.core.main.TestCaseExecutor.execute(TestCaseExecutor.java:285)
	at com.kms.katalon.core.main.TestCaseMain.runTestCase(TestCaseMain.java:144)
	at com.kms.katalon.core.keyword.builtin.CallTestCaseKeyword$_callTestCase_closure1.doCall(CallTestCaseKeyword.groovy:59)
	... 116 more
)

2023-10-04 19:57:42 - [TEST_CASE][FAILED] - Test Cases/T13 Pembelian, Shipment dan Pembayaran/SA-002: Test Cases/T13 Pembelian, Shipment dan Pembayaran/SA-002 FAILED.
Reason:
com.kms.katalon.core.exception.StepFailedException: Call Test Case 'Test Cases/T13 Pembelian, Shipment dan Pembayaran/SA-001' failed
	at com.kms.katalon.core.keyword.builtin.CallTestCaseKeyword$_callTestCase_closure1.doCall(CallTestCaseKeyword.groovy:63)
	at com.kms.katalon.core.keyword.builtin.CallTestCaseKeyword$_callTestCase_closure1.call(CallTestCaseKeyword.groovy)
	at com.kms.katalon.core.keyword.internal.KeywordMain.runKeyword(KeywordMain.groovy:75)
	at com.kms.katalon.core.keyword.builtin.CallTestCaseKeyword.callTestCase(CallTestCaseKeyword.groovy:81)
	at com.kms.katalon.core.keyword.builtin.CallTestCaseKeyword.execute(CallTestCaseKeyword.groovy:44)
	at com.kms.katalon.core.keyword.internal.KeywordExecutor.executeKeywordForPlatform(KeywordExecutor.groovy:74)
	at com.kms.katalon.core.keyword.BuiltinKeywords.callTestCase(BuiltinKeywords.groovy:310)
	at SA-002.run(SA-002:20)
	at com.kms.katalon.core.main.ScriptEngine.run(ScriptEngine.java:194)
	at com.kms.katalon.core.main.ScriptEngine.runScriptAsRawText(ScriptEngine.java:119)
	at com.kms.katalon.core.main.TestCaseExecutor.runScript(TestCaseExecutor.java:448)
	at com.kms.katalon.core.main.TestCaseExecutor.doExecute(TestCaseExecutor.java:439)
	at com.kms.katalon.core.main.TestCaseExecutor.processExecutionPhase(TestCaseExecutor.java:418)
	at com.kms.katalon.core.main.TestCaseExecutor.accessMainPhase(TestCaseExecutor.java:410)
	at com.kms.katalon.core.main.TestCaseExecutor.execute(TestCaseExecutor.java:285)
	at com.kms.katalon.core.main.TestCaseMain.runTestCase(TestCaseMain.java:144)
	at com.kms.katalon.core.keyword.builtin.CallTestCaseKeyword$_callTestCase_closure1.doCall(CallTestCaseKeyword.groovy:59)
	at com.kms.katalon.core.keyword.builtin.CallTestCaseKeyword$_callTestCase_closure1.call(CallTestCaseKeyword.groovy)
	at com.kms.katalon.core.keyword.internal.KeywordMain.runKeyword(KeywordMain.groovy:75)
	at com.kms.katalon.core.keyword.builtin.CallTestCaseKeyword.callTestCase(CallTestCaseKeyword.groovy:81)
	at com.kms.katalon.core.keyword.builtin.CallTestCaseKeyword.execute(CallTestCaseKeyword.groovy:44)
	at com.kms.katalon.core.keyword.internal.KeywordExecutor.executeKeywordForPlatform(KeywordExecutor.groovy:74)
	at com.kms.katalon.core.keyword.BuiltinKeywords.callTestCase(BuiltinKeywords.groovy:310)
	at SA-004.run(SA-004:20)
	at com.kms.katalon.core.main.ScriptEngine.run(ScriptEngine.java:194)
	at com.kms.katalon.core.main.ScriptEngine.runScriptAsRawText(ScriptEngine.java:119)
	at com.kms.katalon.core.main.TestCaseExecutor.runScript(TestCaseExecutor.java:448)
	at com.kms.katalon.core.main.TestCaseExecutor.doExecute(TestCaseExecutor.java:439)
	at com.kms.katalon.core.main.TestCaseExecutor.processExecutionPhase(TestCaseExecutor.java:418)
	at com.kms.katalon.core.main.TestCaseExecutor.accessMainPhase(TestCaseExecutor.java:410)
	at com.kms.katalon.core.main.TestCaseExecutor.execute(TestCaseExecutor.java:285)
	at com.kms.katalon.core.main.TestCaseMain.runTestCase(TestCaseMain.java:144)
	at com.kms.katalon.core.keyword.builtin.CallTestCaseKeyword$_callTestCase_closure1.doCall(CallTestCaseKeyword.groovy:59)
	at com.kms.katalon.core.keyword.builtin.CallTestCaseKeyword$_callTestCase_closure1.call(CallTestCaseKeyword.groovy)
	at com.kms.katalon.core.keyword.internal.KeywordMain.runKeyword(KeywordMain.groovy:75)
	at com.kms.katalon.core.keyword.builtin.CallTestCaseKeyword.callTestCase(CallTestCaseKeyword.groovy:81)
	at com.kms.katalon.core.keyword.builtin.CallTestCaseKeyword.execute(CallTestCaseKeyword.groovy:44)
	at com.kms.katalon.core.keyword.internal.KeywordExecutor.executeKeywordForPlatform(KeywordExecutor.groovy:74)
	at com.kms.katalon.core.keyword.BuiltinKeywords.callTestCase(BuiltinKeywords.groovy:310)
	at SU-011.run(SU-011:20)
	at com.kms.katalon.core.main.ScriptEngine.run(ScriptEngine.java:194)
	at com.kms.katalon.core.main.ScriptEngine.runScriptAsRawText(ScriptEngine.java:119)
	at com.kms.katalon.core.main.TestCaseExecutor.runScript(TestCaseExecutor.java:448)
	at com.kms.katalon.core.main.TestCaseExecutor.doExecute(TestCaseExecutor.java:439)
	at com.kms.katalon.core.main.TestCaseExecutor.processExecutionPhase(TestCaseExecutor.java:418)
	at com.kms.katalon.core.main.TestCaseExecutor.accessMainPhase(TestCaseExecutor.java:410)
	at com.kms.katalon.core.main.TestCaseExecutor.execute(TestCaseExecutor.java:285)
	at com.kms.katalon.core.common.CommonExecutor.accessTestCaseMainPhase(CommonExecutor.java:65)
	at com.kms.katalon.core.main.TestSuiteExecutor.accessTestSuiteMainPhase(TestSuiteExecutor.java:148)
	at com.kms.katalon.core.main.TestSuiteExecutor.execute(TestSuiteExecutor.java:106)
	at com.kms.katalon.core.main.TestCaseMain.startTestSuite(TestCaseMain.java:187)
	at com.kms.katalon.core.main.TestCaseMain$startTestSuite$0.call(Unknown Source)
	at TempTestSuite1696420804604.run(TempTestSuite1696420804604.groovy:36)
Caused by: com.kms.katalon.core.exception.StepFailedException: Call Test Case 'Test Cases/T13 Pembelian, Shipment dan Pembayaran/PBYA-001' failed
	at com.kms.katalon.core.keyword.builtin.CallTestCaseKeyword$_callTestCase_closure1.doCall(CallTestCaseKeyword.groovy:63)
	at com.kms.katalon.core.keyword.builtin.CallTestCaseKeyword$_callTestCase_closure1.call(CallTestCaseKeyword.groovy)
	at com.kms.katalon.core.keyword.internal.KeywordMain.runKeyword(KeywordMain.groovy:75)
	at com.kms.katalon.core.keyword.builtin.CallTestCaseKeyword.callTestCase(CallTestCaseKeyword.groovy:81)
	at com.kms.katalon.core.keyword.builtin.CallTestCaseKeyword.execute(CallTestCaseKeyword.groovy:44)
	at com.kms.katalon.core.keyword.internal.KeywordExecutor.executeKeywordForPlatform(KeywordExecutor.groovy:74)
	at com.kms.katalon.core.keyword.BuiltinKeywords.callTestCase(BuiltinKeywords.groovy:310)
	at SA-001.run(SA-001:20)
	at com.kms.katalon.core.main.ScriptEngine.run(ScriptEngine.java:194)
	at com.kms.katalon.core.main.ScriptEngine.runScriptAsRawText(ScriptEngine.java:119)
	at com.kms.katalon.core.main.TestCaseExecutor.runScript(TestCaseExecutor.java:448)
	at com.kms.katalon.core.main.TestCaseExecutor.doExecute(TestCaseExecutor.java:439)
	at com.kms.katalon.core.main.TestCaseExecutor.processExecutionPhase(TestCaseExecutor.java:418)
	at com.kms.katalon.core.main.TestCaseExecutor.accessMainPhase(TestCaseExecutor.java:410)
	at com.kms.katalon.core.main.TestCaseExecutor.execute(TestCaseExecutor.java:285)
	at com.kms.katalon.core.main.TestCaseMain.runTestCase(TestCaseMain.java:144)
	at com.kms.katalon.core.keyword.builtin.CallTestCaseKeyword$_callTestCase_closure1.doCall(CallTestCaseKeyword.groovy:59)
	... 52 more
Caused by: com.kms.katalon.core.exception.StepFailedException: Call Test Case 'Test Cases/T13 Pembelian, Shipment dan Pembayaran/PBY-004' failed
	at com.kms.katalon.core.keyword.builtin.CallTestCaseKeyword$_callTestCase_closure1.doCall(CallTestCaseKeyword.groovy:63)
	at com.kms.katalon.core.keyword.builtin.CallTestCaseKeyword$_callTestCase_closure1.call(CallTestCaseKeyword.groovy)
	at com.kms.katalon.core.keyword.internal.KeywordMain.runKeyword(KeywordMain.groovy:75)
	at com.kms.katalon.core.keyword.builtin.CallTestCaseKeyword.callTestCase(CallTestCaseKeyword.groovy:81)
	at com.kms.katalon.core.keyword.builtin.CallTestCaseKeyword.execute(CallTestCaseKeyword.groovy:44)
	at com.kms.katalon.core.keyword.internal.KeywordExecutor.executeKeywordForPlatform(KeywordExecutor.groovy:74)
	at com.kms.katalon.core.keyword.BuiltinKeywords.callTestCase(BuiltinKeywords.groovy:310)
	at PBYA-001.run(PBYA-001:20)
	at com.kms.katalon.core.main.ScriptEngine.run(ScriptEngine.java:194)
	at com.kms.katalon.core.main.ScriptEngine.runScriptAsRawText(ScriptEngine.java:119)
	at com.kms.katalon.core.main.TestCaseExecutor.runScript(TestCaseExecutor.java:448)
	at com.kms.katalon.core.main.TestCaseExecutor.doExecute(TestCaseExecutor.java:439)
	at com.kms.katalon.core.main.TestCaseExecutor.processExecutionPhase(TestCaseExecutor.java:418)
	at com.kms.katalon.core.main.TestCaseExecutor.accessMainPhase(TestCaseExecutor.java:410)
	at com.kms.katalon.core.main.TestCaseExecutor.execute(TestCaseExecutor.java:285)
	at com.kms.katalon.core.main.TestCaseMain.runTestCase(TestCaseMain.java:144)
	at com.kms.katalon.core.keyword.builtin.CallTestCaseKeyword$_callTestCase_closure1.doCall(CallTestCaseKeyword.groovy:59)
	... 68 more
Caused by: com.kms.katalon.core.exception.StepFailedException: Call Test Case 'Test Cases/T13 Pembelian, Shipment dan Pembayaran/PBY-001' failed
	at com.kms.katalon.core.keyword.builtin.CallTestCaseKeyword$_callTestCase_closure1.doCall(CallTestCaseKeyword.groovy:63)
	at com.kms.katalon.core.keyword.builtin.CallTestCaseKeyword$_callTestCase_closure1.call(CallTestCaseKeyword.groovy)
	at com.kms.katalon.core.keyword.internal.KeywordMain.runKeyword(KeywordMain.groovy:75)
	at com.kms.katalon.core.keyword.builtin.CallTestCaseKeyword.callTestCase(CallTestCaseKeyword.groovy:81)
	at com.kms.katalon.core.keyword.builtin.CallTestCaseKeyword.execute(CallTestCaseKeyword.groovy:44)
	at com.kms.katalon.core.keyword.internal.KeywordExecutor.executeKeywordForPlatform(KeywordExecutor.groovy:74)
	at com.kms.katalon.core.keyword.BuiltinKeywords.callTestCase(BuiltinKeywords.groovy:310)
	at PBY-004.run(PBY-004:20)
	at com.kms.katalon.core.main.ScriptEngine.run(ScriptEngine.java:194)
	at com.kms.katalon.core.main.ScriptEngine.runScriptAsRawText(ScriptEngine.java:119)
	at com.kms.katalon.core.main.TestCaseExecutor.runScript(TestCaseExecutor.java:448)
	at com.kms.katalon.core.main.TestCaseExecutor.doExecute(TestCaseExecutor.java:439)
	at com.kms.katalon.core.main.TestCaseExecutor.processExecutionPhase(TestCaseExecutor.java:418)
	at com.kms.katalon.core.main.TestCaseExecutor.accessMainPhase(TestCaseExecutor.java:410)
	at com.kms.katalon.core.main.TestCaseExecutor.execute(TestCaseExecutor.java:285)
	at com.kms.katalon.core.main.TestCaseMain.runTestCase(TestCaseMain.java:144)
	at com.kms.katalon.core.keyword.builtin.CallTestCaseKeyword$_callTestCase_closure1.doCall(CallTestCaseKeyword.groovy:59)
	... 84 more
Caused by: com.kms.katalon.core.exception.StepFailedException: Call Test Case 'Test Cases/T13 Pembelian, Shipment dan Pembayaran/PBL-004' failed
	at com.kms.katalon.core.keyword.builtin.CallTestCaseKeyword$_callTestCase_closure1.doCall(CallTestCaseKeyword.groovy:63)
	at com.kms.katalon.core.keyword.builtin.CallTestCaseKeyword$_callTestCase_closure1.call(CallTestCaseKeyword.groovy)
	at com.kms.katalon.core.keyword.internal.KeywordMain.runKeyword(KeywordMain.groovy:75)
	at com.kms.katalon.core.keyword.builtin.CallTestCaseKeyword.callTestCase(CallTestCaseKeyword.groovy:81)
	at com.kms.katalon.core.keyword.builtin.CallTestCaseKeyword.execute(CallTestCaseKeyword.groovy:44)
	at com.kms.katalon.core.keyword.internal.KeywordExecutor.executeKeywordForPlatform(KeywordExecutor.groovy:74)
	at com.kms.katalon.core.keyword.BuiltinKeywords.callTestCase(BuiltinKeywords.groovy:310)
	at PBY-001.run(PBY-001:20)
	at com.kms.katalon.core.main.ScriptEngine.run(ScriptEngine.java:194)
	at com.kms.katalon.core.main.ScriptEngine.runScriptAsRawText(ScriptEngine.java:119)
	at com.kms.katalon.core.main.TestCaseExecutor.runScript(TestCaseExecutor.java:448)
	at com.kms.katalon.core.main.TestCaseExecutor.doExecute(TestCaseExecutor.java:439)
	at com.kms.katalon.core.main.TestCaseExecutor.processExecutionPhase(TestCaseExecutor.java:418)
	at com.kms.katalon.core.main.TestCaseExecutor.accessMainPhase(TestCaseExecutor.java:410)
	at com.kms.katalon.core.main.TestCaseExecutor.execute(TestCaseExecutor.java:285)
	at com.kms.katalon.core.main.TestCaseMain.runTestCase(TestCaseMain.java:144)
	at com.kms.katalon.core.keyword.builtin.CallTestCaseKeyword$_callTestCase_closure1.doCall(CallTestCaseKeyword.groovy:59)
	... 100 more
Caused by: Assertion failed: 

assert price_product.contains(HargaCheckout)
       |             |        |
       Rp 1,299      false    2,598

	at PBL-004.run(PBL-004:45)
	at com.kms.katalon.core.main.ScriptEngine.run(ScriptEngine.java:194)
	at com.kms.katalon.core.main.ScriptEngine.runScriptAsRawText(ScriptEngine.java:119)
	at com.kms.katalon.core.main.TestCaseExecutor.runScript(TestCaseExecutor.java:448)
	at com.kms.katalon.core.main.TestCaseExecutor.doExecute(TestCaseExecutor.java:439)
	at com.kms.katalon.core.main.TestCaseExecutor.processExecutionPhase(TestCaseExecutor.java:418)
	at com.kms.katalon.core.main.TestCaseExecutor.accessMainPhase(TestCaseExecutor.java:410)
	at com.kms.katalon.core.main.TestCaseExecutor.execute(TestCaseExecutor.java:285)
	at com.kms.katalon.core.main.TestCaseMain.runTestCase(TestCaseMain.java:144)
	at com.kms.katalon.core.keyword.builtin.CallTestCaseKeyword$_callTestCase_closure1.doCall(CallTestCaseKeyword.groovy:59)
	... 116 more


2023-10-04 19:57:42 - [TEST_STEP][FAILED] - data = callTestCase(findTestCase("T13 Pembelian, Shipment dan Pembayaran/SA-001"), [:], STOP_ON_FAILURE): Unable to call Test Case 'Test Cases/T13 Pembelian, Shipment dan Pembayaran/SA-001' (Root cause: com.kms.katalon.core.exception.StepFailedException: Call Test Case 'Test Cases/T13 Pembelian, Shipment dan Pembayaran/SA-001' failed
	at com.kms.katalon.core.keyword.builtin.CallTestCaseKeyword$_callTestCase_closure1.doCall(CallTestCaseKeyword.groovy:63)
	at com.kms.katalon.core.keyword.builtin.CallTestCaseKeyword$_callTestCase_closure1.call(CallTestCaseKeyword.groovy)
	at com.kms.katalon.core.keyword.internal.KeywordMain.runKeyword(KeywordMain.groovy:75)
	at com.kms.katalon.core.keyword.builtin.CallTestCaseKeyword.callTestCase(CallTestCaseKeyword.groovy:81)
	at com.kms.katalon.core.keyword.builtin.CallTestCaseKeyword.execute(CallTestCaseKeyword.groovy:44)
	at com.kms.katalon.core.keyword.internal.KeywordExecutor.executeKeywordForPlatform(KeywordExecutor.groovy:74)
	at com.kms.katalon.core.keyword.BuiltinKeywords.callTestCase(BuiltinKeywords.groovy:310)
	at SA-002.run(SA-002:20)
	at com.kms.katalon.core.main.ScriptEngine.run(ScriptEngine.java:194)
	at com.kms.katalon.core.main.ScriptEngine.runScriptAsRawText(ScriptEngine.java:119)
	at com.kms.katalon.core.main.TestCaseExecutor.runScript(TestCaseExecutor.java:448)
	at com.kms.katalon.core.main.TestCaseExecutor.doExecute(TestCaseExecutor.java:439)
	at com.kms.katalon.core.main.TestCaseExecutor.processExecutionPhase(TestCaseExecutor.java:418)
	at com.kms.katalon.core.main.TestCaseExecutor.accessMainPhase(TestCaseExecutor.java:410)
	at com.kms.katalon.core.main.TestCaseExecutor.execute(TestCaseExecutor.java:285)
	at com.kms.katalon.core.main.TestCaseMain.runTestCase(TestCaseMain.java:144)
	at com.kms.katalon.core.keyword.builtin.CallTestCaseKeyword$_callTestCase_closure1.doCall(CallTestCaseKeyword.groovy:59)
	at com.kms.katalon.core.keyword.builtin.CallTestCaseKeyword$_callTestCase_closure1.call(CallTestCaseKeyword.groovy)
	at com.kms.katalon.core.keyword.internal.KeywordMain.runKeyword(KeywordMain.groovy:75)
	at com.kms.katalon.core.keyword.builtin.CallTestCaseKeyword.callTestCase(CallTestCaseKeyword.groovy:81)
	at com.kms.katalon.core.keyword.builtin.CallTestCaseKeyword.execute(CallTestCaseKeyword.groovy:44)
	at com.kms.katalon.core.keyword.internal.KeywordExecutor.executeKeywordForPlatform(KeywordExecutor.groovy:74)
	at com.kms.katalon.core.keyword.BuiltinKeywords.callTestCase(BuiltinKeywords.groovy:310)
	at SA-004.run(SA-004:20)
	at com.kms.katalon.core.main.ScriptEngine.run(ScriptEngine.java:194)
	at com.kms.katalon.core.main.ScriptEngine.runScriptAsRawText(ScriptEngine.java:119)
	at com.kms.katalon.core.main.TestCaseExecutor.runScript(TestCaseExecutor.java:448)
	at com.kms.katalon.core.main.TestCaseExecutor.doExecute(TestCaseExecutor.java:439)
	at com.kms.katalon.core.main.TestCaseExecutor.processExecutionPhase(TestCaseExecutor.java:418)
	at com.kms.katalon.core.main.TestCaseExecutor.accessMainPhase(TestCaseExecutor.java:410)
	at com.kms.katalon.core.main.TestCaseExecutor.execute(TestCaseExecutor.java:285)
	at com.kms.katalon.core.main.TestCaseMain.runTestCase(TestCaseMain.java:144)
	at com.kms.katalon.core.keyword.builtin.CallTestCaseKeyword$_callTestCase_closure1.doCall(CallTestCaseKeyword.groovy:59)
	at com.kms.katalon.core.keyword.builtin.CallTestCaseKeyword$_callTestCase_closure1.call(CallTestCaseKeyword.groovy)
	at com.kms.katalon.core.keyword.internal.KeywordMain.runKeyword(KeywordMain.groovy:75)
	at com.kms.katalon.core.keyword.builtin.CallTestCaseKeyword.callTestCase(CallTestCaseKeyword.groovy:81)
	at com.kms.katalon.core.keyword.builtin.CallTestCaseKeyword.execute(CallTestCaseKeyword.groovy:44)
	at com.kms.katalon.core.keyword.internal.KeywordExecutor.executeKeywordForPlatform(KeywordExecutor.groovy:74)
	at com.kms.katalon.core.keyword.BuiltinKeywords.callTestCase(BuiltinKeywords.groovy:310)
	at SU-011.run(SU-011:20)
	at com.kms.katalon.core.main.ScriptEngine.run(ScriptEngine.java:194)
	at com.kms.katalon.core.main.ScriptEngine.runScriptAsRawText(ScriptEngine.java:119)
	at com.kms.katalon.core.main.TestCaseExecutor.runScript(TestCaseExecutor.java:448)
	at com.kms.katalon.core.main.TestCaseExecutor.doExecute(TestCaseExecutor.java:439)
	at com.kms.katalon.core.main.TestCaseExecutor.processExecutionPhase(TestCaseExecutor.java:418)
	at com.kms.katalon.core.main.TestCaseExecutor.accessMainPhase(TestCaseExecutor.java:410)
	at com.kms.katalon.core.main.TestCaseExecutor.execute(TestCaseExecutor.java:285)
	at com.kms.katalon.core.common.CommonExecutor.accessTestCaseMainPhase(CommonExecutor.java:65)
	at com.kms.katalon.core.main.TestSuiteExecutor.accessTestSuiteMainPhase(TestSuiteExecutor.java:148)
	at com.kms.katalon.core.main.TestSuiteExecutor.execute(TestSuiteExecutor.java:106)
	at com.kms.katalon.core.main.TestCaseMain.startTestSuite(TestCaseMain.java:187)
	at com.kms.katalon.core.main.TestCaseMain$startTestSuite$0.call(Unknown Source)
	at TempTestSuite1696420804604.run(TempTestSuite1696420804604.groovy:36)
Caused by: com.kms.katalon.core.exception.StepFailedException: Call Test Case 'Test Cases/T13 Pembelian, Shipment dan Pembayaran/PBYA-001' failed
	at com.kms.katalon.core.keyword.builtin.CallTestCaseKeyword$_callTestCase_closure1.doCall(CallTestCaseKeyword.groovy:63)
	at com.kms.katalon.core.keyword.builtin.CallTestCaseKeyword$_callTestCase_closure1.call(CallTestCaseKeyword.groovy)
	at com.kms.katalon.core.keyword.internal.KeywordMain.runKeyword(KeywordMain.groovy:75)
	at com.kms.katalon.core.keyword.builtin.CallTestCaseKeyword.callTestCase(CallTestCaseKeyword.groovy:81)
	at com.kms.katalon.core.keyword.builtin.CallTestCaseKeyword.execute(CallTestCaseKeyword.groovy:44)
	at com.kms.katalon.core.keyword.internal.KeywordExecutor.executeKeywordForPlatform(KeywordExecutor.groovy:74)
	at com.kms.katalon.core.keyword.BuiltinKeywords.callTestCase(BuiltinKeywords.groovy:310)
	at SA-001.run(SA-001:20)
	at com.kms.katalon.core.main.ScriptEngine.run(ScriptEngine.java:194)
	at com.kms.katalon.core.main.ScriptEngine.runScriptAsRawText(ScriptEngine.java:119)
	at com.kms.katalon.core.main.TestCaseExecutor.runScript(TestCaseExecutor.java:448)
	at com.kms.katalon.core.main.TestCaseExecutor.doExecute(TestCaseExecutor.java:439)
	at com.kms.katalon.core.main.TestCaseExecutor.processExecutionPhase(TestCaseExecutor.java:418)
	at com.kms.katalon.core.main.TestCaseExecutor.accessMainPhase(TestCaseExecutor.java:410)
	at com.kms.katalon.core.main.TestCaseExecutor.execute(TestCaseExecutor.java:285)
	at com.kms.katalon.core.main.TestCaseMain.runTestCase(TestCaseMain.java:144)
	at com.kms.katalon.core.keyword.builtin.CallTestCaseKeyword$_callTestCase_closure1.doCall(CallTestCaseKeyword.groovy:59)
	... 52 more
Caused by: com.kms.katalon.core.exception.StepFailedException: Call Test Case 'Test Cases/T13 Pembelian, Shipment dan Pembayaran/PBY-004' failed
	at com.kms.katalon.core.keyword.builtin.CallTestCaseKeyword$_callTestCase_closure1.doCall(CallTestCaseKeyword.groovy:63)
	at com.kms.katalon.core.keyword.builtin.CallTestCaseKeyword$_callTestCase_closure1.call(CallTestCaseKeyword.groovy)
	at com.kms.katalon.core.keyword.internal.KeywordMain.runKeyword(KeywordMain.groovy:75)
	at com.kms.katalon.core.keyword.builtin.CallTestCaseKeyword.callTestCase(CallTestCaseKeyword.groovy:81)
	at com.kms.katalon.core.keyword.builtin.CallTestCaseKeyword.execute(CallTestCaseKeyword.groovy:44)
	at com.kms.katalon.core.keyword.internal.KeywordExecutor.executeKeywordForPlatform(KeywordExecutor.groovy:74)
	at com.kms.katalon.core.keyword.BuiltinKeywords.callTestCase(BuiltinKeywords.groovy:310)
	at PBYA-001.run(PBYA-001:20)
	at com.kms.katalon.core.main.ScriptEngine.run(ScriptEngine.java:194)
	at com.kms.katalon.core.main.ScriptEngine.runScriptAsRawText(ScriptEngine.java:119)
	at com.kms.katalon.core.main.TestCaseExecutor.runScript(TestCaseExecutor.java:448)
	at com.kms.katalon.core.main.TestCaseExecutor.doExecute(TestCaseExecutor.java:439)
	at com.kms.katalon.core.main.TestCaseExecutor.processExecutionPhase(TestCaseExecutor.java:418)
	at com.kms.katalon.core.main.TestCaseExecutor.accessMainPhase(TestCaseExecutor.java:410)
	at com.kms.katalon.core.main.TestCaseExecutor.execute(TestCaseExecutor.java:285)
	at com.kms.katalon.core.main.TestCaseMain.runTestCase(TestCaseMain.java:144)
	at com.kms.katalon.core.keyword.builtin.CallTestCaseKeyword$_callTestCase_closure1.doCall(CallTestCaseKeyword.groovy:59)
	... 68 more
Caused by: com.kms.katalon.core.exception.StepFailedException: Call Test Case 'Test Cases/T13 Pembelian, Shipment dan Pembayaran/PBY-001' failed
	at com.kms.katalon.core.keyword.builtin.CallTestCaseKeyword$_callTestCase_closure1.doCall(CallTestCaseKeyword.groovy:63)
	at com.kms.katalon.core.keyword.builtin.CallTestCaseKeyword$_callTestCase_closure1.call(CallTestCaseKeyword.groovy)
	at com.kms.katalon.core.keyword.internal.KeywordMain.runKeyword(KeywordMain.groovy:75)
	at com.kms.katalon.core.keyword.builtin.CallTestCaseKeyword.callTestCase(CallTestCaseKeyword.groovy:81)
	at com.kms.katalon.core.keyword.builtin.CallTestCaseKeyword.execute(CallTestCaseKeyword.groovy:44)
	at com.kms.katalon.core.keyword.internal.KeywordExecutor.executeKeywordForPlatform(KeywordExecutor.groovy:74)
	at com.kms.katalon.core.keyword.BuiltinKeywords.callTestCase(BuiltinKeywords.groovy:310)
	at PBY-004.run(PBY-004:20)
	at com.kms.katalon.core.main.ScriptEngine.run(ScriptEngine.java:194)
	at com.kms.katalon.core.main.ScriptEngine.runScriptAsRawText(ScriptEngine.java:119)
	at com.kms.katalon.core.main.TestCaseExecutor.runScript(TestCaseExecutor.java:448)
	at com.kms.katalon.core.main.TestCaseExecutor.doExecute(TestCaseExecutor.java:439)
	at com.kms.katalon.core.main.TestCaseExecutor.processExecutionPhase(TestCaseExecutor.java:418)
	at com.kms.katalon.core.main.TestCaseExecutor.accessMainPhase(TestCaseExecutor.java:410)
	at com.kms.katalon.core.main.TestCaseExecutor.execute(TestCaseExecutor.java:285)
	at com.kms.katalon.core.main.TestCaseMain.runTestCase(TestCaseMain.java:144)
	at com.kms.katalon.core.keyword.builtin.CallTestCaseKeyword$_callTestCase_closure1.doCall(CallTestCaseKeyword.groovy:59)
	... 84 more
Caused by: com.kms.katalon.core.exception.StepFailedException: Call Test Case 'Test Cases/T13 Pembelian, Shipment dan Pembayaran/PBL-004' failed
	at com.kms.katalon.core.keyword.builtin.CallTestCaseKeyword$_callTestCase_closure1.doCall(CallTestCaseKeyword.groovy:63)
	at com.kms.katalon.core.keyword.builtin.CallTestCaseKeyword$_callTestCase_closure1.call(CallTestCaseKeyword.groovy)
	at com.kms.katalon.core.keyword.internal.KeywordMain.runKeyword(KeywordMain.groovy:75)
	at com.kms.katalon.core.keyword.builtin.CallTestCaseKeyword.callTestCase(CallTestCaseKeyword.groovy:81)
	at com.kms.katalon.core.keyword.builtin.CallTestCaseKeyword.execute(CallTestCaseKeyword.groovy:44)
	at com.kms.katalon.core.keyword.internal.KeywordExecutor.executeKeywordForPlatform(KeywordExecutor.groovy:74)
	at com.kms.katalon.core.keyword.BuiltinKeywords.callTestCase(BuiltinKeywords.groovy:310)
	at PBY-001.run(PBY-001:20)
	at com.kms.katalon.core.main.ScriptEngine.run(ScriptEngine.java:194)
	at com.kms.katalon.core.main.ScriptEngine.runScriptAsRawText(ScriptEngine.java:119)
	at com.kms.katalon.core.main.TestCaseExecutor.runScript(TestCaseExecutor.java:448)
	at com.kms.katalon.core.main.TestCaseExecutor.doExecute(TestCaseExecutor.java:439)
	at com.kms.katalon.core.main.TestCaseExecutor.processExecutionPhase(TestCaseExecutor.java:418)
	at com.kms.katalon.core.main.TestCaseExecutor.accessMainPhase(TestCaseExecutor.java:410)
	at com.kms.katalon.core.main.TestCaseExecutor.execute(TestCaseExecutor.java:285)
	at com.kms.katalon.core.main.TestCaseMain.runTestCase(TestCaseMain.java:144)
	at com.kms.katalon.core.keyword.builtin.CallTestCaseKeyword$_callTestCase_closure1.doCall(CallTestCaseKeyword.groovy:59)
	... 100 more
Caused by: Assertion failed: 

assert price_product.contains(HargaCheckout)
       |             |        |
       Rp 1,299      false    2,598

	at PBL-004.run(PBL-004:45)
	at com.kms.katalon.core.main.ScriptEngine.run(ScriptEngine.java:194)
	at com.kms.katalon.core.main.ScriptEngine.runScriptAsRawText(ScriptEngine.java:119)
	at com.kms.katalon.core.main.TestCaseExecutor.runScript(TestCaseExecutor.java:448)
	at com.kms.katalon.core.main.TestCaseExecutor.doExecute(TestCaseExecutor.java:439)
	at com.kms.katalon.core.main.TestCaseExecutor.processExecutionPhase(TestCaseExecutor.java:418)
	at com.kms.katalon.core.main.TestCaseExecutor.accessMainPhase(TestCaseExecutor.java:410)
	at com.kms.katalon.core.main.TestCaseExecutor.execute(TestCaseExecutor.java:285)
	at com.kms.katalon.core.main.TestCaseMain.runTestCase(TestCaseMain.java:144)
	at com.kms.katalon.core.keyword.builtin.CallTestCaseKeyword$_callTestCase_closure1.doCall(CallTestCaseKeyword.groovy:59)
	... 116 more
)

2023-10-04 19:57:42 - [TEST_CASE][FAILED] - Test Cases/T13 Pembelian, Shipment dan Pembayaran/SA-001: Test Cases/T13 Pembelian, Shipment dan Pembayaran/SA-001 FAILED.
Reason:
com.kms.katalon.core.exception.StepFailedException: Call Test Case 'Test Cases/T13 Pembelian, Shipment dan Pembayaran/PBYA-001' failed
	at com.kms.katalon.core.keyword.builtin.CallTestCaseKeyword$_callTestCase_closure1.doCall(CallTestCaseKeyword.groovy:63)
	at com.kms.katalon.core.keyword.builtin.CallTestCaseKeyword$_callTestCase_closure1.call(CallTestCaseKeyword.groovy)
	at com.kms.katalon.core.keyword.internal.KeywordMain.runKeyword(KeywordMain.groovy:75)
	at com.kms.katalon.core.keyword.builtin.CallTestCaseKeyword.callTestCase(CallTestCaseKeyword.groovy:81)
	at com.kms.katalon.core.keyword.builtin.CallTestCaseKeyword.execute(CallTestCaseKeyword.groovy:44)
	at com.kms.katalon.core.keyword.internal.KeywordExecutor.executeKeywordForPlatform(KeywordExecutor.groovy:74)
	at com.kms.katalon.core.keyword.BuiltinKeywords.callTestCase(BuiltinKeywords.groovy:310)
	at SA-001.run(SA-001:20)
	at com.kms.katalon.core.main.ScriptEngine.run(ScriptEngine.java:194)
	at com.kms.katalon.core.main.ScriptEngine.runScriptAsRawText(ScriptEngine.java:119)
	at com.kms.katalon.core.main.TestCaseExecutor.runScript(TestCaseExecutor.java:448)
	at com.kms.katalon.core.main.TestCaseExecutor.doExecute(TestCaseExecutor.java:439)
	at com.kms.katalon.core.main.TestCaseExecutor.processExecutionPhase(TestCaseExecutor.java:418)
	at com.kms.katalon.core.main.TestCaseExecutor.accessMainPhase(TestCaseExecutor.java:410)
	at com.kms.katalon.core.main.TestCaseExecutor.execute(TestCaseExecutor.java:285)
	at com.kms.katalon.core.main.TestCaseMain.runTestCase(TestCaseMain.java:144)
	at com.kms.katalon.core.keyword.builtin.CallTestCaseKeyword$_callTestCase_closure1.doCall(CallTestCaseKeyword.groovy:59)
	at com.kms.katalon.core.keyword.builtin.CallTestCaseKeyword$_callTestCase_closure1.call(CallTestCaseKeyword.groovy)
	at com.kms.katalon.core.keyword.internal.KeywordMain.runKeyword(KeywordMain.groovy:75)
	at com.kms.katalon.core.keyword.builtin.CallTestCaseKeyword.callTestCase(CallTestCaseKeyword.groovy:81)
	at com.kms.katalon.core.keyword.builtin.CallTestCaseKeyword.execute(CallTestCaseKeyword.groovy:44)
	at com.kms.katalon.core.keyword.internal.KeywordExecutor.executeKeywordForPlatform(KeywordExecutor.groovy:74)
	at com.kms.katalon.core.keyword.BuiltinKeywords.callTestCase(BuiltinKeywords.groovy:310)
	at SA-002.run(SA-002:20)
	at com.kms.katalon.core.main.ScriptEngine.run(ScriptEngine.java:194)
	at com.kms.katalon.core.main.ScriptEngine.runScriptAsRawText(ScriptEngine.java:119)
	at com.kms.katalon.core.main.TestCaseExecutor.runScript(TestCaseExecutor.java:448)
	at com.kms.katalon.core.main.TestCaseExecutor.doExecute(TestCaseExecutor.java:439)
	at com.kms.katalon.core.main.TestCaseExecutor.processExecutionPhase(TestCaseExecutor.java:418)
	at com.kms.katalon.core.main.TestCaseExecutor.accessMainPhase(TestCaseExecutor.java:410)
	at com.kms.katalon.core.main.TestCaseExecutor.execute(TestCaseExecutor.java:285)
	at com.kms.katalon.core.main.TestCaseMain.runTestCase(TestCaseMain.java:144)
	at com.kms.katalon.core.keyword.builtin.CallTestCaseKeyword$_callTestCase_closure1.doCall(CallTestCaseKeyword.groovy:59)
	at com.kms.katalon.core.keyword.builtin.CallTestCaseKeyword$_callTestCase_closure1.call(CallTestCaseKeyword.groovy)
	at com.kms.katalon.core.keyword.internal.KeywordMain.runKeyword(KeywordMain.groovy:75)
	at com.kms.katalon.core.keyword.builtin.CallTestCaseKeyword.callTestCase(CallTestCaseKeyword.groovy:81)
	at com.kms.katalon.core.keyword.builtin.CallTestCaseKeyword.execute(CallTestCaseKeyword.groovy:44)
	at com.kms.katalon.core.keyword.internal.KeywordExecutor.executeKeywordForPlatform(KeywordExecutor.groovy:74)
	at com.kms.katalon.core.keyword.BuiltinKeywords.callTestCase(BuiltinKeywords.groovy:310)
	at SA-004.run(SA-004:20)
	at com.kms.katalon.core.main.ScriptEngine.run(ScriptEngine.java:194)
	at com.kms.katalon.core.main.ScriptEngine.runScriptAsRawText(ScriptEngine.java:119)
	at com.kms.katalon.core.main.TestCaseExecutor.runScript(TestCaseExecutor.java:448)
	at com.kms.katalon.core.main.TestCaseExecutor.doExecute(TestCaseExecutor.java:439)
	at com.kms.katalon.core.main.TestCaseExecutor.processExecutionPhase(TestCaseExecutor.java:418)
	at com.kms.katalon.core.main.TestCaseExecutor.accessMainPhase(TestCaseExecutor.java:410)
	at com.kms.katalon.core.main.TestCaseExecutor.execute(TestCaseExecutor.java:285)
	at com.kms.katalon.core.main.TestCaseMain.runTestCase(TestCaseMain.java:144)
	at com.kms.katalon.core.keyword.builtin.CallTestCaseKeyword$_callTestCase_closure1.doCall(CallTestCaseKeyword.groovy:59)
	at com.kms.katalon.core.keyword.builtin.CallTestCaseKeyword$_callTestCase_closure1.call(CallTestCaseKeyword.groovy)
	at com.kms.katalon.core.keyword.internal.KeywordMain.runKeyword(KeywordMain.groovy:75)
	at com.kms.katalon.core.keyword.builtin.CallTestCaseKeyword.callTestCase(CallTestCaseKeyword.groovy:81)
	at com.kms.katalon.core.keyword.builtin.CallTestCaseKeyword.execute(CallTestCaseKeyword.groovy:44)
	at com.kms.katalon.core.keyword.internal.KeywordExecutor.executeKeywordForPlatform(KeywordExecutor.groovy:74)
	at com.kms.katalon.core.keyword.BuiltinKeywords.callTestCase(BuiltinKeywords.groovy:310)
	at SU-011.run(SU-011:20)
	at com.kms.katalon.core.main.ScriptEngine.run(ScriptEngine.java:194)
	at com.kms.katalon.core.main.ScriptEngine.runScriptAsRawText(ScriptEngine.java:119)
	at com.kms.katalon.core.main.TestCaseExecutor.runScript(TestCaseExecutor.java:448)
	at com.kms.katalon.core.main.TestCaseExecutor.doExecute(TestCaseExecutor.java:439)
	at com.kms.katalon.core.main.TestCaseExecutor.processExecutionPhase(TestCaseExecutor.java:418)
	at com.kms.katalon.core.main.TestCaseExecutor.accessMainPhase(TestCaseExecutor.java:410)
	at com.kms.katalon.core.main.TestCaseExecutor.execute(TestCaseExecutor.java:285)
	at com.kms.katalon.core.common.CommonExecutor.accessTestCaseMainPhase(CommonExecutor.java:65)
	at com.kms.katalon.core.main.TestSuiteExecutor.accessTestSuiteMainPhase(TestSuiteExecutor.java:148)
	at com.kms.katalon.core.main.TestSuiteExecutor.execute(TestSuiteExecutor.java:106)
	at com.kms.katalon.core.main.TestCaseMain.startTestSuite(TestCaseMain.java:187)
	at com.kms.katalon.core.main.TestCaseMain$startTestSuite$0.call(Unknown Source)
	at TempTestSuite1696420804604.run(TempTestSuite1696420804604.groovy:36)
Caused by: com.kms.katalon.core.exception.StepFailedException: Call Test Case 'Test Cases/T13 Pembelian, Shipment dan Pembayaran/PBY-004' failed
	at com.kms.katalon.core.keyword.builtin.CallTestCaseKeyword$_callTestCase_closure1.doCall(CallTestCaseKeyword.groovy:63)
	at com.kms.katalon.core.keyword.builtin.CallTestCaseKeyword$_callTestCase_closure1.call(CallTestCaseKeyword.groovy)
	at com.kms.katalon.core.keyword.internal.KeywordMain.runKeyword(KeywordMain.groovy:75)
	at com.kms.katalon.core.keyword.builtin.CallTestCaseKeyword.callTestCase(CallTestCaseKeyword.groovy:81)
	at com.kms.katalon.core.keyword.builtin.CallTestCaseKeyword.execute(CallTestCaseKeyword.groovy:44)
	at com.kms.katalon.core.keyword.internal.KeywordExecutor.executeKeywordForPlatform(KeywordExecutor.groovy:74)
	at com.kms.katalon.core.keyword.BuiltinKeywords.callTestCase(BuiltinKeywords.groovy:310)
	at PBYA-001.run(PBYA-001:20)
	at com.kms.katalon.core.main.ScriptEngine.run(ScriptEngine.java:194)
	at com.kms.katalon.core.main.ScriptEngine.runScriptAsRawText(ScriptEngine.java:119)
	at com.kms.katalon.core.main.TestCaseExecutor.runScript(TestCaseExecutor.java:448)
	at com.kms.katalon.core.main.TestCaseExecutor.doExecute(TestCaseExecutor.java:439)
	at com.kms.katalon.core.main.TestCaseExecutor.processExecutionPhase(TestCaseExecutor.java:418)
	at com.kms.katalon.core.main.TestCaseExecutor.accessMainPhase(TestCaseExecutor.java:410)
	at com.kms.katalon.core.main.TestCaseExecutor.execute(TestCaseExecutor.java:285)
	at com.kms.katalon.core.main.TestCaseMain.runTestCase(TestCaseMain.java:144)
	at com.kms.katalon.core.keyword.builtin.CallTestCaseKeyword$_callTestCase_closure1.doCall(CallTestCaseKeyword.groovy:59)
	... 68 more
Caused by: com.kms.katalon.core.exception.StepFailedException: Call Test Case 'Test Cases/T13 Pembelian, Shipment dan Pembayaran/PBY-001' failed
	at com.kms.katalon.core.keyword.builtin.CallTestCaseKeyword$_callTestCase_closure1.doCall(CallTestCaseKeyword.groovy:63)
	at com.kms.katalon.core.keyword.builtin.CallTestCaseKeyword$_callTestCase_closure1.call(CallTestCaseKeyword.groovy)
	at com.kms.katalon.core.keyword.internal.KeywordMain.runKeyword(KeywordMain.groovy:75)
	at com.kms.katalon.core.keyword.builtin.CallTestCaseKeyword.callTestCase(CallTestCaseKeyword.groovy:81)
	at com.kms.katalon.core.keyword.builtin.CallTestCaseKeyword.execute(CallTestCaseKeyword.groovy:44)
	at com.kms.katalon.core.keyword.internal.KeywordExecutor.executeKeywordForPlatform(KeywordExecutor.groovy:74)
	at com.kms.katalon.core.keyword.BuiltinKeywords.callTestCase(BuiltinKeywords.groovy:310)
	at PBY-004.run(PBY-004:20)
	at com.kms.katalon.core.main.ScriptEngine.run(ScriptEngine.java:194)
	at com.kms.katalon.core.main.ScriptEngine.runScriptAsRawText(ScriptEngine.java:119)
	at com.kms.katalon.core.main.TestCaseExecutor.runScript(TestCaseExecutor.java:448)
	at com.kms.katalon.core.main.TestCaseExecutor.doExecute(TestCaseExecutor.java:439)
	at com.kms.katalon.core.main.TestCaseExecutor.processExecutionPhase(TestCaseExecutor.java:418)
	at com.kms.katalon.core.main.TestCaseExecutor.accessMainPhase(TestCaseExecutor.java:410)
	at com.kms.katalon.core.main.TestCaseExecutor.execute(TestCaseExecutor.java:285)
	at com.kms.katalon.core.main.TestCaseMain.runTestCase(TestCaseMain.java:144)
	at com.kms.katalon.core.keyword.builtin.CallTestCaseKeyword$_callTestCase_closure1.doCall(CallTestCaseKeyword.groovy:59)
	... 84 more
Caused by: com.kms.katalon.core.exception.StepFailedException: Call Test Case 'Test Cases/T13 Pembelian, Shipment dan Pembayaran/PBL-004' failed
	at com.kms.katalon.core.keyword.builtin.CallTestCaseKeyword$_callTestCase_closure1.doCall(CallTestCaseKeyword.groovy:63)
	at com.kms.katalon.core.keyword.builtin.CallTestCaseKeyword$_callTestCase_closure1.call(CallTestCaseKeyword.groovy)
	at com.kms.katalon.core.keyword.internal.KeywordMain.runKeyword(KeywordMain.groovy:75)
	at com.kms.katalon.core.keyword.builtin.CallTestCaseKeyword.callTestCase(CallTestCaseKeyword.groovy:81)
	at com.kms.katalon.core.keyword.builtin.CallTestCaseKeyword.execute(CallTestCaseKeyword.groovy:44)
	at com.kms.katalon.core.keyword.internal.KeywordExecutor.executeKeywordForPlatform(KeywordExecutor.groovy:74)
	at com.kms.katalon.core.keyword.BuiltinKeywords.callTestCase(BuiltinKeywords.groovy:310)
	at PBY-001.run(PBY-001:20)
	at com.kms.katalon.core.main.ScriptEngine.run(ScriptEngine.java:194)
	at com.kms.katalon.core.main.ScriptEngine.runScriptAsRawText(ScriptEngine.java:119)
	at com.kms.katalon.core.main.TestCaseExecutor.runScript(TestCaseExecutor.java:448)
	at com.kms.katalon.core.main.TestCaseExecutor.doExecute(TestCaseExecutor.java:439)
	at com.kms.katalon.core.main.TestCaseExecutor.processExecutionPhase(TestCaseExecutor.java:418)
	at com.kms.katalon.core.main.TestCaseExecutor.accessMainPhase(TestCaseExecutor.java:410)
	at com.kms.katalon.core.main.TestCaseExecutor.execute(TestCaseExecutor.java:285)
	at com.kms.katalon.core.main.TestCaseMain.runTestCase(TestCaseMain.java:144)
	at com.kms.katalon.core.keyword.builtin.CallTestCaseKeyword$_callTestCase_closure1.doCall(CallTestCaseKeyword.groovy:59)
	... 100 more
Caused by: Assertion failed: 

assert price_product.contains(HargaCheckout)
       |             |        |
       Rp 1,299      false    2,598

	at PBL-004.run(PBL-004:45)
	at com.kms.katalon.core.main.ScriptEngine.run(ScriptEngine.java:194)
	at com.kms.katalon.core.main.ScriptEngine.runScriptAsRawText(ScriptEngine.java:119)
	at com.kms.katalon.core.main.TestCaseExecutor.runScript(TestCaseExecutor.java:448)
	at com.kms.katalon.core.main.TestCaseExecutor.doExecute(TestCaseExecutor.java:439)
	at com.kms.katalon.core.main.TestCaseExecutor.processExecutionPhase(TestCaseExecutor.java:418)
	at com.kms.katalon.core.main.TestCaseExecutor.accessMainPhase(TestCaseExecutor.java:410)
	at com.kms.katalon.core.main.TestCaseExecutor.execute(TestCaseExecutor.java:285)
	at com.kms.katalon.core.main.TestCaseMain.runTestCase(TestCaseMain.java:144)
	at com.kms.katalon.core.keyword.builtin.CallTestCaseKeyword$_callTestCase_closure1.doCall(CallTestCaseKeyword.groovy:59)
	... 116 more


2023-10-04 19:57:42 - [TEST_STEP][FAILED] - data = callTestCase(findTestCase("T13 Pembelian, Shipment dan Pembayaran/PBYA-001"), [:], STOP_ON_FAILURE): Unable to call Test Case 'Test Cases/T13 Pembelian, Shipment dan Pembayaran/PBYA-001' (Root cause: com.kms.katalon.core.exception.StepFailedException: Call Test Case 'Test Cases/T13 Pembelian, Shipment dan Pembayaran/PBYA-001' failed
	at com.kms.katalon.core.keyword.builtin.CallTestCaseKeyword$_callTestCase_closure1.doCall(CallTestCaseKeyword.groovy:63)
	at com.kms.katalon.core.keyword.builtin.CallTestCaseKeyword$_callTestCase_closure1.call(CallTestCaseKeyword.groovy)
	at com.kms.katalon.core.keyword.internal.KeywordMain.runKeyword(KeywordMain.groovy:75)
	at com.kms.katalon.core.keyword.builtin.CallTestCaseKeyword.callTestCase(CallTestCaseKeyword.groovy:81)
	at com.kms.katalon.core.keyword.builtin.CallTestCaseKeyword.execute(CallTestCaseKeyword.groovy:44)
	at com.kms.katalon.core.keyword.internal.KeywordExecutor.executeKeywordForPlatform(KeywordExecutor.groovy:74)
	at com.kms.katalon.core.keyword.BuiltinKeywords.callTestCase(BuiltinKeywords.groovy:310)
	at SA-001.run(SA-001:20)
	at com.kms.katalon.core.main.ScriptEngine.run(ScriptEngine.java:194)
	at com.kms.katalon.core.main.ScriptEngine.runScriptAsRawText(ScriptEngine.java:119)
	at com.kms.katalon.core.main.TestCaseExecutor.runScript(TestCaseExecutor.java:448)
	at com.kms.katalon.core.main.TestCaseExecutor.doExecute(TestCaseExecutor.java:439)
	at com.kms.katalon.core.main.TestCaseExecutor.processExecutionPhase(TestCaseExecutor.java:418)
	at com.kms.katalon.core.main.TestCaseExecutor.accessMainPhase(TestCaseExecutor.java:410)
	at com.kms.katalon.core.main.TestCaseExecutor.execute(TestCaseExecutor.java:285)
	at com.kms.katalon.core.main.TestCaseMain.runTestCase(TestCaseMain.java:144)
	at com.kms.katalon.core.keyword.builtin.CallTestCaseKeyword$_callTestCase_closure1.doCall(CallTestCaseKeyword.groovy:59)
	at com.kms.katalon.core.keyword.builtin.CallTestCaseKeyword$_callTestCase_closure1.call(CallTestCaseKeyword.groovy)
	at com.kms.katalon.core.keyword.internal.KeywordMain.runKeyword(KeywordMain.groovy:75)
	at com.kms.katalon.core.keyword.builtin.CallTestCaseKeyword.callTestCase(CallTestCaseKeyword.groovy:81)
	at com.kms.katalon.core.keyword.builtin.CallTestCaseKeyword.execute(CallTestCaseKeyword.groovy:44)
	at com.kms.katalon.core.keyword.internal.KeywordExecutor.executeKeywordForPlatform(KeywordExecutor.groovy:74)
	at com.kms.katalon.core.keyword.BuiltinKeywords.callTestCase(BuiltinKeywords.groovy:310)
	at SA-002.run(SA-002:20)
	at com.kms.katalon.core.main.ScriptEngine.run(ScriptEngine.java:194)
	at com.kms.katalon.core.main.ScriptEngine.runScriptAsRawText(ScriptEngine.java:119)
	at com.kms.katalon.core.main.TestCaseExecutor.runScript(TestCaseExecutor.java:448)
	at com.kms.katalon.core.main.TestCaseExecutor.doExecute(TestCaseExecutor.java:439)
	at com.kms.katalon.core.main.TestCaseExecutor.processExecutionPhase(TestCaseExecutor.java:418)
	at com.kms.katalon.core.main.TestCaseExecutor.accessMainPhase(TestCaseExecutor.java:410)
	at com.kms.katalon.core.main.TestCaseExecutor.execute(TestCaseExecutor.java:285)
	at com.kms.katalon.core.main.TestCaseMain.runTestCase(TestCaseMain.java:144)
	at com.kms.katalon.core.keyword.builtin.CallTestCaseKeyword$_callTestCase_closure1.doCall(CallTestCaseKeyword.groovy:59)
	at com.kms.katalon.core.keyword.builtin.CallTestCaseKeyword$_callTestCase_closure1.call(CallTestCaseKeyword.groovy)
	at com.kms.katalon.core.keyword.internal.KeywordMain.runKeyword(KeywordMain.groovy:75)
	at com.kms.katalon.core.keyword.builtin.CallTestCaseKeyword.callTestCase(CallTestCaseKeyword.groovy:81)
	at com.kms.katalon.core.keyword.builtin.CallTestCaseKeyword.execute(CallTestCaseKeyword.groovy:44)
	at com.kms.katalon.core.keyword.internal.KeywordExecutor.executeKeywordForPlatform(KeywordExecutor.groovy:74)
	at com.kms.katalon.core.keyword.BuiltinKeywords.callTestCase(BuiltinKeywords.groovy:310)
	at SA-004.run(SA-004:20)
	at com.kms.katalon.core.main.ScriptEngine.run(ScriptEngine.java:194)
	at com.kms.katalon.core.main.ScriptEngine.runScriptAsRawText(ScriptEngine.java:119)
	at com.kms.katalon.core.main.TestCaseExecutor.runScript(TestCaseExecutor.java:448)
	at com.kms.katalon.core.main.TestCaseExecutor.doExecute(TestCaseExecutor.java:439)
	at com.kms.katalon.core.main.TestCaseExecutor.processExecutionPhase(TestCaseExecutor.java:418)
	at com.kms.katalon.core.main.TestCaseExecutor.accessMainPhase(TestCaseExecutor.java:410)
	at com.kms.katalon.core.main.TestCaseExecutor.execute(TestCaseExecutor.java:285)
	at com.kms.katalon.core.main.TestCaseMain.runTestCase(TestCaseMain.java:144)
	at com.kms.katalon.core.keyword.builtin.CallTestCaseKeyword$_callTestCase_closure1.doCall(CallTestCaseKeyword.groovy:59)
	at com.kms.katalon.core.keyword.builtin.CallTestCaseKeyword$_callTestCase_closure1.call(CallTestCaseKeyword.groovy)
	at com.kms.katalon.core.keyword.internal.KeywordMain.runKeyword(KeywordMain.groovy:75)
	at com.kms.katalon.core.keyword.builtin.CallTestCaseKeyword.callTestCase(CallTestCaseKeyword.groovy:81)
	at com.kms.katalon.core.keyword.builtin.CallTestCaseKeyword.execute(CallTestCaseKeyword.groovy:44)
	at com.kms.katalon.core.keyword.internal.KeywordExecutor.executeKeywordForPlatform(KeywordExecutor.groovy:74)
	at com.kms.katalon.core.keyword.BuiltinKeywords.callTestCase(BuiltinKeywords.groovy:310)
	at SU-011.run(SU-011:20)
	at com.kms.katalon.core.main.ScriptEngine.run(ScriptEngine.java:194)
	at com.kms.katalon.core.main.ScriptEngine.runScriptAsRawText(ScriptEngine.java:119)
	at com.kms.katalon.core.main.TestCaseExecutor.runScript(TestCaseExecutor.java:448)
	at com.kms.katalon.core.main.TestCaseExecutor.doExecute(TestCaseExecutor.java:439)
	at com.kms.katalon.core.main.TestCaseExecutor.processExecutionPhase(TestCaseExecutor.java:418)
	at com.kms.katalon.core.main.TestCaseExecutor.accessMainPhase(TestCaseExecutor.java:410)
	at com.kms.katalon.core.main.TestCaseExecutor.execute(TestCaseExecutor.java:285)
	at com.kms.katalon.core.common.CommonExecutor.accessTestCaseMainPhase(CommonExecutor.java:65)
	at com.kms.katalon.core.main.TestSuiteExecutor.accessTestSuiteMainPhase(TestSuiteExecutor.java:148)
	at com.kms.katalon.core.main.TestSuiteExecutor.execute(TestSuiteExecutor.java:106)
	at com.kms.katalon.core.main.TestCaseMain.startTestSuite(TestCaseMain.java:187)
	at com.kms.katalon.core.main.TestCaseMain$startTestSuite$0.call(Unknown Source)
	at TempTestSuite1696420804604.run(TempTestSuite1696420804604.groovy:36)
Caused by: com.kms.katalon.core.exception.StepFailedException: Call Test Case 'Test Cases/T13 Pembelian, Shipment dan Pembayaran/PBY-004' failed
	at com.kms.katalon.core.keyword.builtin.CallTestCaseKeyword$_callTestCase_closure1.doCall(CallTestCaseKeyword.groovy:63)
	at com.kms.katalon.core.keyword.builtin.CallTestCaseKeyword$_callTestCase_closure1.call(CallTestCaseKeyword.groovy)
	at com.kms.katalon.core.keyword.internal.KeywordMain.runKeyword(KeywordMain.groovy:75)
	at com.kms.katalon.core.keyword.builtin.CallTestCaseKeyword.callTestCase(CallTestCaseKeyword.groovy:81)
	at com.kms.katalon.core.keyword.builtin.CallTestCaseKeyword.execute(CallTestCaseKeyword.groovy:44)
	at com.kms.katalon.core.keyword.internal.KeywordExecutor.executeKeywordForPlatform(KeywordExecutor.groovy:74)
	at com.kms.katalon.core.keyword.BuiltinKeywords.callTestCase(BuiltinKeywords.groovy:310)
	at PBYA-001.run(PBYA-001:20)
	at com.kms.katalon.core.main.ScriptEngine.run(ScriptEngine.java:194)
	at com.kms.katalon.core.main.ScriptEngine.runScriptAsRawText(ScriptEngine.java:119)
	at com.kms.katalon.core.main.TestCaseExecutor.runScript(TestCaseExecutor.java:448)
	at com.kms.katalon.core.main.TestCaseExecutor.doExecute(TestCaseExecutor.java:439)
	at com.kms.katalon.core.main.TestCaseExecutor.processExecutionPhase(TestCaseExecutor.java:418)
	at com.kms.katalon.core.main.TestCaseExecutor.accessMainPhase(TestCaseExecutor.java:410)
	at com.kms.katalon.core.main.TestCaseExecutor.execute(TestCaseExecutor.java:285)
	at com.kms.katalon.core.main.TestCaseMain.runTestCase(TestCaseMain.java:144)
	at com.kms.katalon.core.keyword.builtin.CallTestCaseKeyword$_callTestCase_closure1.doCall(CallTestCaseKeyword.groovy:59)
	... 68 more
Caused by: com.kms.katalon.core.exception.StepFailedException: Call Test Case 'Test Cases/T13 Pembelian, Shipment dan Pembayaran/PBY-001' failed
	at com.kms.katalon.core.keyword.builtin.CallTestCaseKeyword$_callTestCase_closure1.doCall(CallTestCaseKeyword.groovy:63)
	at com.kms.katalon.core.keyword.builtin.CallTestCaseKeyword$_callTestCase_closure1.call(CallTestCaseKeyword.groovy)
	at com.kms.katalon.core.keyword.internal.KeywordMain.runKeyword(KeywordMain.groovy:75)
	at com.kms.katalon.core.keyword.builtin.CallTestCaseKeyword.callTestCase(CallTestCaseKeyword.groovy:81)
	at com.kms.katalon.core.keyword.builtin.CallTestCaseKeyword.execute(CallTestCaseKeyword.groovy:44)
	at com.kms.katalon.core.keyword.internal.KeywordExecutor.executeKeywordForPlatform(KeywordExecutor.groovy:74)
	at com.kms.katalon.core.keyword.BuiltinKeywords.callTestCase(BuiltinKeywords.groovy:310)
	at PBY-004.run(PBY-004:20)
	at com.kms.katalon.core.main.ScriptEngine.run(ScriptEngine.java:194)
	at com.kms.katalon.core.main.ScriptEngine.runScriptAsRawText(ScriptEngine.java:119)
	at com.kms.katalon.core.main.TestCaseExecutor.runScript(TestCaseExecutor.java:448)
	at com.kms.katalon.core.main.TestCaseExecutor.doExecute(TestCaseExecutor.java:439)
	at com.kms.katalon.core.main.TestCaseExecutor.processExecutionPhase(TestCaseExecutor.java:418)
	at com.kms.katalon.core.main.TestCaseExecutor.accessMainPhase(TestCaseExecutor.java:410)
	at com.kms.katalon.core.main.TestCaseExecutor.execute(TestCaseExecutor.java:285)
	at com.kms.katalon.core.main.TestCaseMain.runTestCase(TestCaseMain.java:144)
	at com.kms.katalon.core.keyword.builtin.CallTestCaseKeyword$_callTestCase_closure1.doCall(CallTestCaseKeyword.groovy:59)
	... 84 more
Caused by: com.kms.katalon.core.exception.StepFailedException: Call Test Case 'Test Cases/T13 Pembelian, Shipment dan Pembayaran/PBL-004' failed
	at com.kms.katalon.core.keyword.builtin.CallTestCaseKeyword$_callTestCase_closure1.doCall(CallTestCaseKeyword.groovy:63)
	at com.kms.katalon.core.keyword.builtin.CallTestCaseKeyword$_callTestCase_closure1.call(CallTestCaseKeyword.groovy)
	at com.kms.katalon.core.keyword.internal.KeywordMain.runKeyword(KeywordMain.groovy:75)
	at com.kms.katalon.core.keyword.builtin.CallTestCaseKeyword.callTestCase(CallTestCaseKeyword.groovy:81)
	at com.kms.katalon.core.keyword.builtin.CallTestCaseKeyword.execute(CallTestCaseKeyword.groovy:44)
	at com.kms.katalon.core.keyword.internal.KeywordExecutor.executeKeywordForPlatform(KeywordExecutor.groovy:74)
	at com.kms.katalon.core.keyword.BuiltinKeywords.callTestCase(BuiltinKeywords.groovy:310)
	at PBY-001.run(PBY-001:20)
	at com.kms.katalon.core.main.ScriptEngine.run(ScriptEngine.java:194)
	at com.kms.katalon.core.main.ScriptEngine.runScriptAsRawText(ScriptEngine.java:119)
	at com.kms.katalon.core.main.TestCaseExecutor.runScript(TestCaseExecutor.java:448)
	at com.kms.katalon.core.main.TestCaseExecutor.doExecute(TestCaseExecutor.java:439)
	at com.kms.katalon.core.main.TestCaseExecutor.processExecutionPhase(TestCaseExecutor.java:418)
	at com.kms.katalon.core.main.TestCaseExecutor.accessMainPhase(TestCaseExecutor.java:410)
	at com.kms.katalon.core.main.TestCaseExecutor.execute(TestCaseExecutor.java:285)
	at com.kms.katalon.core.main.TestCaseMain.runTestCase(TestCaseMain.java:144)
	at com.kms.katalon.core.keyword.builtin.CallTestCaseKeyword$_callTestCase_closure1.doCall(CallTestCaseKeyword.groovy:59)
	... 100 more
Caused by: Assertion failed: 

assert price_product.contains(HargaCheckout)
       |             |        |
       Rp 1,299      false    2,598

	at PBL-004.run(PBL-004:45)
	at com.kms.katalon.core.main.ScriptEngine.run(ScriptEngine.java:194)
	at com.kms.katalon.core.main.ScriptEngine.runScriptAsRawText(ScriptEngine.java:119)
	at com.kms.katalon.core.main.TestCaseExecutor.runScript(TestCaseExecutor.java:448)
	at com.kms.katalon.core.main.TestCaseExecutor.doExecute(TestCaseExecutor.java:439)
	at com.kms.katalon.core.main.TestCaseExecutor.processExecutionPhase(TestCaseExecutor.java:418)
	at com.kms.katalon.core.main.TestCaseExecutor.accessMainPhase(TestCaseExecutor.java:410)
	at com.kms.katalon.core.main.TestCaseExecutor.execute(TestCaseExecutor.java:285)
	at com.kms.katalon.core.main.TestCaseMain.runTestCase(TestCaseMain.java:144)
	at com.kms.katalon.core.keyword.builtin.CallTestCaseKeyword$_callTestCase_closure1.doCall(CallTestCaseKeyword.groovy:59)
	... 116 more
)

2023-10-04 19:57:43 - [TEST_CASE][FAILED] - Test Cases/T13 Pembelian, Shipment dan Pembayaran/PBYA-001: Test Cases/T13 Pembelian, Shipment dan Pembayaran/PBYA-001 FAILED.
Reason:
com.kms.katalon.core.exception.StepFailedException: Call Test Case 'Test Cases/T13 Pembelian, Shipment dan Pembayaran/PBY-004' failed
	at com.kms.katalon.core.keyword.builtin.CallTestCaseKeyword$_callTestCase_closure1.doCall(CallTestCaseKeyword.groovy:63)
	at com.kms.katalon.core.keyword.builtin.CallTestCaseKeyword$_callTestCase_closure1.call(CallTestCaseKeyword.groovy)
	at com.kms.katalon.core.keyword.internal.KeywordMain.runKeyword(KeywordMain.groovy:75)
	at com.kms.katalon.core.keyword.builtin.CallTestCaseKeyword.callTestCase(CallTestCaseKeyword.groovy:81)
	at com.kms.katalon.core.keyword.builtin.CallTestCaseKeyword.execute(CallTestCaseKeyword.groovy:44)
	at com.kms.katalon.core.keyword.internal.KeywordExecutor.executeKeywordForPlatform(KeywordExecutor.groovy:74)
	at com.kms.katalon.core.keyword.BuiltinKeywords.callTestCase(BuiltinKeywords.groovy:310)
	at PBYA-001.run(PBYA-001:20)
	at com.kms.katalon.core.main.ScriptEngine.run(ScriptEngine.java:194)
	at com.kms.katalon.core.main.ScriptEngine.runScriptAsRawText(ScriptEngine.java:119)
	at com.kms.katalon.core.main.TestCaseExecutor.runScript(TestCaseExecutor.java:448)
	at com.kms.katalon.core.main.TestCaseExecutor.doExecute(TestCaseExecutor.java:439)
	at com.kms.katalon.core.main.TestCaseExecutor.processExecutionPhase(TestCaseExecutor.java:418)
	at com.kms.katalon.core.main.TestCaseExecutor.accessMainPhase(TestCaseExecutor.java:410)
	at com.kms.katalon.core.main.TestCaseExecutor.execute(TestCaseExecutor.java:285)
	at com.kms.katalon.core.main.TestCaseMain.runTestCase(TestCaseMain.java:144)
	at com.kms.katalon.core.keyword.builtin.CallTestCaseKeyword$_callTestCase_closure1.doCall(CallTestCaseKeyword.groovy:59)
	at com.kms.katalon.core.keyword.builtin.CallTestCaseKeyword$_callTestCase_closure1.call(CallTestCaseKeyword.groovy)
	at com.kms.katalon.core.keyword.internal.KeywordMain.runKeyword(KeywordMain.groovy:75)
	at com.kms.katalon.core.keyword.builtin.CallTestCaseKeyword.callTestCase(CallTestCaseKeyword.groovy:81)
	at com.kms.katalon.core.keyword.builtin.CallTestCaseKeyword.execute(CallTestCaseKeyword.groovy:44)
	at com.kms.katalon.core.keyword.internal.KeywordExecutor.executeKeywordForPlatform(KeywordExecutor.groovy:74)
	at com.kms.katalon.core.keyword.BuiltinKeywords.callTestCase(BuiltinKeywords.groovy:310)
	at SA-001.run(SA-001:20)
	at com.kms.katalon.core.main.ScriptEngine.run(ScriptEngine.java:194)
	at com.kms.katalon.core.main.ScriptEngine.runScriptAsRawText(ScriptEngine.java:119)
	at com.kms.katalon.core.main.TestCaseExecutor.runScript(TestCaseExecutor.java:448)
	at com.kms.katalon.core.main.TestCaseExecutor.doExecute(TestCaseExecutor.java:439)
	at com.kms.katalon.core.main.TestCaseExecutor.processExecutionPhase(TestCaseExecutor.java:418)
	at com.kms.katalon.core.main.TestCaseExecutor.accessMainPhase(TestCaseExecutor.java:410)
	at com.kms.katalon.core.main.TestCaseExecutor.execute(TestCaseExecutor.java:285)
	at com.kms.katalon.core.main.TestCaseMain.runTestCase(TestCaseMain.java:144)
	at com.kms.katalon.core.keyword.builtin.CallTestCaseKeyword$_callTestCase_closure1.doCall(CallTestCaseKeyword.groovy:59)
	at com.kms.katalon.core.keyword.builtin.CallTestCaseKeyword$_callTestCase_closure1.call(CallTestCaseKeyword.groovy)
	at com.kms.katalon.core.keyword.internal.KeywordMain.runKeyword(KeywordMain.groovy:75)
	at com.kms.katalon.core.keyword.builtin.CallTestCaseKeyword.callTestCase(CallTestCaseKeyword.groovy:81)
	at com.kms.katalon.core.keyword.builtin.CallTestCaseKeyword.execute(CallTestCaseKeyword.groovy:44)
	at com.kms.katalon.core.keyword.internal.KeywordExecutor.executeKeywordForPlatform(KeywordExecutor.groovy:74)
	at com.kms.katalon.core.keyword.BuiltinKeywords.callTestCase(BuiltinKeywords.groovy:310)
	at SA-002.run(SA-002:20)
	at com.kms.katalon.core.main.ScriptEngine.run(ScriptEngine.java:194)
	at com.kms.katalon.core.main.ScriptEngine.runScriptAsRawText(ScriptEngine.java:119)
	at com.kms.katalon.core.main.TestCaseExecutor.runScript(TestCaseExecutor.java:448)
	at com.kms.katalon.core.main.TestCaseExecutor.doExecute(TestCaseExecutor.java:439)
	at com.kms.katalon.core.main.TestCaseExecutor.processExecutionPhase(TestCaseExecutor.java:418)
	at com.kms.katalon.core.main.TestCaseExecutor.accessMainPhase(TestCaseExecutor.java:410)
	at com.kms.katalon.core.main.TestCaseExecutor.execute(TestCaseExecutor.java:285)
	at com.kms.katalon.core.main.TestCaseMain.runTestCase(TestCaseMain.java:144)
	at com.kms.katalon.core.keyword.builtin.CallTestCaseKeyword$_callTestCase_closure1.doCall(CallTestCaseKeyword.groovy:59)
	at com.kms.katalon.core.keyword.builtin.CallTestCaseKeyword$_callTestCase_closure1.call(CallTestCaseKeyword.groovy)
	at com.kms.katalon.core.keyword.internal.KeywordMain.runKeyword(KeywordMain.groovy:75)
	at com.kms.katalon.core.keyword.builtin.CallTestCaseKeyword.callTestCase(CallTestCaseKeyword.groovy:81)
	at com.kms.katalon.core.keyword.builtin.CallTestCaseKeyword.execute(CallTestCaseKeyword.groovy:44)
	at com.kms.katalon.core.keyword.internal.KeywordExecutor.executeKeywordForPlatform(KeywordExecutor.groovy:74)
	at com.kms.katalon.core.keyword.BuiltinKeywords.callTestCase(BuiltinKeywords.groovy:310)
	at SA-004.run(SA-004:20)
	at com.kms.katalon.core.main.ScriptEngine.run(ScriptEngine.java:194)
	at com.kms.katalon.core.main.ScriptEngine.runScriptAsRawText(ScriptEngine.java:119)
	at com.kms.katalon.core.main.TestCaseExecutor.runScript(TestCaseExecutor.java:448)
	at com.kms.katalon.core.main.TestCaseExecutor.doExecute(TestCaseExecutor.java:439)
	at com.kms.katalon.core.main.TestCaseExecutor.processExecutionPhase(TestCaseExecutor.java:418)
	at com.kms.katalon.core.main.TestCaseExecutor.accessMainPhase(TestCaseExecutor.java:410)
	at com.kms.katalon.core.main.TestCaseExecutor.execute(TestCaseExecutor.java:285)
	at com.kms.katalon.core.main.TestCaseMain.runTestCase(TestCaseMain.java:144)
	at com.kms.katalon.core.keyword.builtin.CallTestCaseKeyword$_callTestCase_closure1.doCall(CallTestCaseKeyword.groovy:59)
	at com.kms.katalon.core.keyword.builtin.CallTestCaseKeyword$_callTestCase_closure1.call(CallTestCaseKeyword.groovy)
	at com.kms.katalon.core.keyword.internal.KeywordMain.runKeyword(KeywordMain.groovy:75)
	at com.kms.katalon.core.keyword.builtin.CallTestCaseKeyword.callTestCase(CallTestCaseKeyword.groovy:81)
	at com.kms.katalon.core.keyword.builtin.CallTestCaseKeyword.execute(CallTestCaseKeyword.groovy:44)
	at com.kms.katalon.core.keyword.internal.KeywordExecutor.executeKeywordForPlatform(KeywordExecutor.groovy:74)
	at com.kms.katalon.core.keyword.BuiltinKeywords.callTestCase(BuiltinKeywords.groovy:310)
	at SU-011.run(SU-011:20)
	at com.kms.katalon.core.main.ScriptEngine.run(ScriptEngine.java:194)
	at com.kms.katalon.core.main.ScriptEngine.runScriptAsRawText(ScriptEngine.java:119)
	at com.kms.katalon.core.main.TestCaseExecutor.runScript(TestCaseExecutor.java:448)
	at com.kms.katalon.core.main.TestCaseExecutor.doExecute(TestCaseExecutor.java:439)
	at com.kms.katalon.core.main.TestCaseExecutor.processExecutionPhase(TestCaseExecutor.java:418)
	at com.kms.katalon.core.main.TestCaseExecutor.accessMainPhase(TestCaseExecutor.java:410)
	at com.kms.katalon.core.main.TestCaseExecutor.execute(TestCaseExecutor.java:285)
	at com.kms.katalon.core.common.CommonExecutor.accessTestCaseMainPhase(CommonExecutor.java:65)
	at com.kms.katalon.core.main.TestSuiteExecutor.accessTestSuiteMainPhase(TestSuiteExecutor.java:148)
	at com.kms.katalon.core.main.TestSuiteExecutor.execute(TestSuiteExecutor.java:106)
	at com.kms.katalon.core.main.TestCaseMain.startTestSuite(TestCaseMain.java:187)
	at com.kms.katalon.core.main.TestCaseMain$startTestSuite$0.call(Unknown Source)
	at TempTestSuite1696420804604.run(TempTestSuite1696420804604.groovy:36)
Caused by: com.kms.katalon.core.exception.StepFailedException: Call Test Case 'Test Cases/T13 Pembelian, Shipment dan Pembayaran/PBY-001' failed
	at com.kms.katalon.core.keyword.builtin.CallTestCaseKeyword$_callTestCase_closure1.doCall(CallTestCaseKeyword.groovy:63)
	at com.kms.katalon.core.keyword.builtin.CallTestCaseKeyword$_callTestCase_closure1.call(CallTestCaseKeyword.groovy)
	at com.kms.katalon.core.keyword.internal.KeywordMain.runKeyword(KeywordMain.groovy:75)
	at com.kms.katalon.core.keyword.builtin.CallTestCaseKeyword.callTestCase(CallTestCaseKeyword.groovy:81)
	at com.kms.katalon.core.keyword.builtin.CallTestCaseKeyword.execute(CallTestCaseKeyword.groovy:44)
	at com.kms.katalon.core.keyword.internal.KeywordExecutor.executeKeywordForPlatform(KeywordExecutor.groovy:74)
	at com.kms.katalon.core.keyword.BuiltinKeywords.callTestCase(BuiltinKeywords.groovy:310)
	at PBY-004.run(PBY-004:20)
	at com.kms.katalon.core.main.ScriptEngine.run(ScriptEngine.java:194)
	at com.kms.katalon.core.main.ScriptEngine.runScriptAsRawText(ScriptEngine.java:119)
	at com.kms.katalon.core.main.TestCaseExecutor.runScript(TestCaseExecutor.java:448)
	at com.kms.katalon.core.main.TestCaseExecutor.doExecute(TestCaseExecutor.java:439)
	at com.kms.katalon.core.main.TestCaseExecutor.processExecutionPhase(TestCaseExecutor.java:418)
	at com.kms.katalon.core.main.TestCaseExecutor.accessMainPhase(TestCaseExecutor.java:410)
	at com.kms.katalon.core.main.TestCaseExecutor.execute(TestCaseExecutor.java:285)
	at com.kms.katalon.core.main.TestCaseMain.runTestCase(TestCaseMain.java:144)
	at com.kms.katalon.core.keyword.builtin.CallTestCaseKeyword$_callTestCase_closure1.doCall(CallTestCaseKeyword.groovy:59)
	... 84 more
Caused by: com.kms.katalon.core.exception.StepFailedException: Call Test Case 'Test Cases/T13 Pembelian, Shipment dan Pembayaran/PBL-004' failed
	at com.kms.katalon.core.keyword.builtin.CallTestCaseKeyword$_callTestCase_closure1.doCall(CallTestCaseKeyword.groovy:63)
	at com.kms.katalon.core.keyword.builtin.CallTestCaseKeyword$_callTestCase_closure1.call(CallTestCaseKeyword.groovy)
	at com.kms.katalon.core.keyword.internal.KeywordMain.runKeyword(KeywordMain.groovy:75)
	at com.kms.katalon.core.keyword.builtin.CallTestCaseKeyword.callTestCase(CallTestCaseKeyword.groovy:81)
	at com.kms.katalon.core.keyword.builtin.CallTestCaseKeyword.execute(CallTestCaseKeyword.groovy:44)
	at com.kms.katalon.core.keyword.internal.KeywordExecutor.executeKeywordForPlatform(KeywordExecutor.groovy:74)
	at com.kms.katalon.core.keyword.BuiltinKeywords.callTestCase(BuiltinKeywords.groovy:310)
	at PBY-001.run(PBY-001:20)
	at com.kms.katalon.core.main.ScriptEngine.run(ScriptEngine.java:194)
	at com.kms.katalon.core.main.ScriptEngine.runScriptAsRawText(ScriptEngine.java:119)
	at com.kms.katalon.core.main.TestCaseExecutor.runScript(TestCaseExecutor.java:448)
	at com.kms.katalon.core.main.TestCaseExecutor.doExecute(TestCaseExecutor.java:439)
	at com.kms.katalon.core.main.TestCaseExecutor.processExecutionPhase(TestCaseExecutor.java:418)
	at com.kms.katalon.core.main.TestCaseExecutor.accessMainPhase(TestCaseExecutor.java:410)
	at com.kms.katalon.core.main.TestCaseExecutor.execute(TestCaseExecutor.java:285)
	at com.kms.katalon.core.main.TestCaseMain.runTestCase(TestCaseMain.java:144)
	at com.kms.katalon.core.keyword.builtin.CallTestCaseKeyword$_callTestCase_closure1.doCall(CallTestCaseKeyword.groovy:59)
	... 100 more
Caused by: Assertion failed: 

assert price_product.contains(HargaCheckout)
       |             |        |
       Rp 1,299      false    2,598

	at PBL-004.run(PBL-004:45)
	at com.kms.katalon.core.main.ScriptEngine.run(ScriptEngine.java:194)
	at com.kms.katalon.core.main.ScriptEngine.runScriptAsRawText(ScriptEngine.java:119)
	at com.kms.katalon.core.main.TestCaseExecutor.runScript(TestCaseExecutor.java:448)
	at com.kms.katalon.core.main.TestCaseExecutor.doExecute(TestCaseExecutor.java:439)
	at com.kms.katalon.core.main.TestCaseExecutor.processExecutionPhase(TestCaseExecutor.java:418)
	at com.kms.katalon.core.main.TestCaseExecutor.accessMainPhase(TestCaseExecutor.java:410)
	at com.kms.katalon.core.main.TestCaseExecutor.execute(TestCaseExecutor.java:285)
	at com.kms.katalon.core.main.TestCaseMain.runTestCase(TestCaseMain.java:144)
	at com.kms.katalon.core.keyword.builtin.CallTestCaseKeyword$_callTestCase_closure1.doCall(CallTestCaseKeyword.groovy:59)
	... 116 more


2023-10-04 19:57:43 - [TEST_STEP][FAILED] - data = callTestCase(findTestCase("T13 Pembelian, Shipment dan Pembayaran/PBY-004"), [:], STOP_ON_FAILURE): Unable to call Test Case 'Test Cases/T13 Pembelian, Shipment dan Pembayaran/PBY-004' (Root cause: com.kms.katalon.core.exception.StepFailedException: Call Test Case 'Test Cases/T13 Pembelian, Shipment dan Pembayaran/PBY-004' failed
	at com.kms.katalon.core.keyword.builtin.CallTestCaseKeyword$_callTestCase_closure1.doCall(CallTestCaseKeyword.groovy:63)
	at com.kms.katalon.core.keyword.builtin.CallTestCaseKeyword$_callTestCase_closure1.call(CallTestCaseKeyword.groovy)
	at com.kms.katalon.core.keyword.internal.KeywordMain.runKeyword(KeywordMain.groovy:75)
	at com.kms.katalon.core.keyword.builtin.CallTestCaseKeyword.callTestCase(CallTestCaseKeyword.groovy:81)
	at com.kms.katalon.core.keyword.builtin.CallTestCaseKeyword.execute(CallTestCaseKeyword.groovy:44)
	at com.kms.katalon.core.keyword.internal.KeywordExecutor.executeKeywordForPlatform(KeywordExecutor.groovy:74)
	at com.kms.katalon.core.keyword.BuiltinKeywords.callTestCase(BuiltinKeywords.groovy:310)
	at PBYA-001.run(PBYA-001:20)
	at com.kms.katalon.core.main.ScriptEngine.run(ScriptEngine.java:194)
	at com.kms.katalon.core.main.ScriptEngine.runScriptAsRawText(ScriptEngine.java:119)
	at com.kms.katalon.core.main.TestCaseExecutor.runScript(TestCaseExecutor.java:448)
	at com.kms.katalon.core.main.TestCaseExecutor.doExecute(TestCaseExecutor.java:439)
	at com.kms.katalon.core.main.TestCaseExecutor.processExecutionPhase(TestCaseExecutor.java:418)
	at com.kms.katalon.core.main.TestCaseExecutor.accessMainPhase(TestCaseExecutor.java:410)
	at com.kms.katalon.core.main.TestCaseExecutor.execute(TestCaseExecutor.java:285)
	at com.kms.katalon.core.main.TestCaseMain.runTestCase(TestCaseMain.java:144)
	at com.kms.katalon.core.keyword.builtin.CallTestCaseKeyword$_callTestCase_closure1.doCall(CallTestCaseKeyword.groovy:59)
	at com.kms.katalon.core.keyword.builtin.CallTestCaseKeyword$_callTestCase_closure1.call(CallTestCaseKeyword.groovy)
	at com.kms.katalon.core.keyword.internal.KeywordMain.runKeyword(KeywordMain.groovy:75)
	at com.kms.katalon.core.keyword.builtin.CallTestCaseKeyword.callTestCase(CallTestCaseKeyword.groovy:81)
	at com.kms.katalon.core.keyword.builtin.CallTestCaseKeyword.execute(CallTestCaseKeyword.groovy:44)
	at com.kms.katalon.core.keyword.internal.KeywordExecutor.executeKeywordForPlatform(KeywordExecutor.groovy:74)
	at com.kms.katalon.core.keyword.BuiltinKeywords.callTestCase(BuiltinKeywords.groovy:310)
	at SA-001.run(SA-001:20)
	at com.kms.katalon.core.main.ScriptEngine.run(ScriptEngine.java:194)
	at com.kms.katalon.core.main.ScriptEngine.runScriptAsRawText(ScriptEngine.java:119)
	at com.kms.katalon.core.main.TestCaseExecutor.runScript(TestCaseExecutor.java:448)
	at com.kms.katalon.core.main.TestCaseExecutor.doExecute(TestCaseExecutor.java:439)
	at com.kms.katalon.core.main.TestCaseExecutor.processExecutionPhase(TestCaseExecutor.java:418)
	at com.kms.katalon.core.main.TestCaseExecutor.accessMainPhase(TestCaseExecutor.java:410)
	at com.kms.katalon.core.main.TestCaseExecutor.execute(TestCaseExecutor.java:285)
	at com.kms.katalon.core.main.TestCaseMain.runTestCase(TestCaseMain.java:144)
	at com.kms.katalon.core.keyword.builtin.CallTestCaseKeyword$_callTestCase_closure1.doCall(CallTestCaseKeyword.groovy:59)
	at com.kms.katalon.core.keyword.builtin.CallTestCaseKeyword$_callTestCase_closure1.call(CallTestCaseKeyword.groovy)
	at com.kms.katalon.core.keyword.internal.KeywordMain.runKeyword(KeywordMain.groovy:75)
	at com.kms.katalon.core.keyword.builtin.CallTestCaseKeyword.callTestCase(CallTestCaseKeyword.groovy:81)
	at com.kms.katalon.core.keyword.builtin.CallTestCaseKeyword.execute(CallTestCaseKeyword.groovy:44)
	at com.kms.katalon.core.keyword.internal.KeywordExecutor.executeKeywordForPlatform(KeywordExecutor.groovy:74)
	at com.kms.katalon.core.keyword.BuiltinKeywords.callTestCase(BuiltinKeywords.groovy:310)
	at SA-002.run(SA-002:20)
	at com.kms.katalon.core.main.ScriptEngine.run(ScriptEngine.java:194)
	at com.kms.katalon.core.main.ScriptEngine.runScriptAsRawText(ScriptEngine.java:119)
	at com.kms.katalon.core.main.TestCaseExecutor.runScript(TestCaseExecutor.java:448)
	at com.kms.katalon.core.main.TestCaseExecutor.doExecute(TestCaseExecutor.java:439)
	at com.kms.katalon.core.main.TestCaseExecutor.processExecutionPhase(TestCaseExecutor.java:418)
	at com.kms.katalon.core.main.TestCaseExecutor.accessMainPhase(TestCaseExecutor.java:410)
	at com.kms.katalon.core.main.TestCaseExecutor.execute(TestCaseExecutor.java:285)
	at com.kms.katalon.core.main.TestCaseMain.runTestCase(TestCaseMain.java:144)
	at com.kms.katalon.core.keyword.builtin.CallTestCaseKeyword$_callTestCase_closure1.doCall(CallTestCaseKeyword.groovy:59)
	at com.kms.katalon.core.keyword.builtin.CallTestCaseKeyword$_callTestCase_closure1.call(CallTestCaseKeyword.groovy)
	at com.kms.katalon.core.keyword.internal.KeywordMain.runKeyword(KeywordMain.groovy:75)
	at com.kms.katalon.core.keyword.builtin.CallTestCaseKeyword.callTestCase(CallTestCaseKeyword.groovy:81)
	at com.kms.katalon.core.keyword.builtin.CallTestCaseKeyword.execute(CallTestCaseKeyword.groovy:44)
	at com.kms.katalon.core.keyword.internal.KeywordExecutor.executeKeywordForPlatform(KeywordExecutor.groovy:74)
	at com.kms.katalon.core.keyword.BuiltinKeywords.callTestCase(BuiltinKeywords.groovy:310)
	at SA-004.run(SA-004:20)
	at com.kms.katalon.core.main.ScriptEngine.run(ScriptEngine.java:194)
	at com.kms.katalon.core.main.ScriptEngine.runScriptAsRawText(ScriptEngine.java:119)
	at com.kms.katalon.core.main.TestCaseExecutor.runScript(TestCaseExecutor.java:448)
	at com.kms.katalon.core.main.TestCaseExecutor.doExecute(TestCaseExecutor.java:439)
	at com.kms.katalon.core.main.TestCaseExecutor.processExecutionPhase(TestCaseExecutor.java:418)
	at com.kms.katalon.core.main.TestCaseExecutor.accessMainPhase(TestCaseExecutor.java:410)
	at com.kms.katalon.core.main.TestCaseExecutor.execute(TestCaseExecutor.java:285)
	at com.kms.katalon.core.main.TestCaseMain.runTestCase(TestCaseMain.java:144)
	at com.kms.katalon.core.keyword.builtin.CallTestCaseKeyword$_callTestCase_closure1.doCall(CallTestCaseKeyword.groovy:59)
	at com.kms.katalon.core.keyword.builtin.CallTestCaseKeyword$_callTestCase_closure1.call(CallTestCaseKeyword.groovy)
	at com.kms.katalon.core.keyword.internal.KeywordMain.runKeyword(KeywordMain.groovy:75)
	at com.kms.katalon.core.keyword.builtin.CallTestCaseKeyword.callTestCase(CallTestCaseKeyword.groovy:81)
	at com.kms.katalon.core.keyword.builtin.CallTestCaseKeyword.execute(CallTestCaseKeyword.groovy:44)
	at com.kms.katalon.core.keyword.internal.KeywordExecutor.executeKeywordForPlatform(KeywordExecutor.groovy:74)
	at com.kms.katalon.core.keyword.BuiltinKeywords.callTestCase(BuiltinKeywords.groovy:310)
	at SU-011.run(SU-011:20)
	at com.kms.katalon.core.main.ScriptEngine.run(ScriptEngine.java:194)
	at com.kms.katalon.core.main.ScriptEngine.runScriptAsRawText(ScriptEngine.java:119)
	at com.kms.katalon.core.main.TestCaseExecutor.runScript(TestCaseExecutor.java:448)
	at com.kms.katalon.core.main.TestCaseExecutor.doExecute(TestCaseExecutor.java:439)
	at com.kms.katalon.core.main.TestCaseExecutor.processExecutionPhase(TestCaseExecutor.java:418)
	at com.kms.katalon.core.main.TestCaseExecutor.accessMainPhase(TestCaseExecutor.java:410)
	at com.kms.katalon.core.main.TestCaseExecutor.execute(TestCaseExecutor.java:285)
	at com.kms.katalon.core.common.CommonExecutor.accessTestCaseMainPhase(CommonExecutor.java:65)
	at com.kms.katalon.core.main.TestSuiteExecutor.accessTestSuiteMainPhase(TestSuiteExecutor.java:148)
	at com.kms.katalon.core.main.TestSuiteExecutor.execute(TestSuiteExecutor.java:106)
	at com.kms.katalon.core.main.TestCaseMain.startTestSuite(TestCaseMain.java:187)
	at com.kms.katalon.core.main.TestCaseMain$startTestSuite$0.call(Unknown Source)
	at TempTestSuite1696420804604.run(TempTestSuite1696420804604.groovy:36)
Caused by: com.kms.katalon.core.exception.StepFailedException: Call Test Case 'Test Cases/T13 Pembelian, Shipment dan Pembayaran/PBY-001' failed
	at com.kms.katalon.core.keyword.builtin.CallTestCaseKeyword$_callTestCase_closure1.doCall(CallTestCaseKeyword.groovy:63)
	at com.kms.katalon.core.keyword.builtin.CallTestCaseKeyword$_callTestCase_closure1.call(CallTestCaseKeyword.groovy)
	at com.kms.katalon.core.keyword.internal.KeywordMain.runKeyword(KeywordMain.groovy:75)
	at com.kms.katalon.core.keyword.builtin.CallTestCaseKeyword.callTestCase(CallTestCaseKeyword.groovy:81)
	at com.kms.katalon.core.keyword.builtin.CallTestCaseKeyword.execute(CallTestCaseKeyword.groovy:44)
	at com.kms.katalon.core.keyword.internal.KeywordExecutor.executeKeywordForPlatform(KeywordExecutor.groovy:74)
	at com.kms.katalon.core.keyword.BuiltinKeywords.callTestCase(BuiltinKeywords.groovy:310)
	at PBY-004.run(PBY-004:20)
	at com.kms.katalon.core.main.ScriptEngine.run(ScriptEngine.java:194)
	at com.kms.katalon.core.main.ScriptEngine.runScriptAsRawText(ScriptEngine.java:119)
	at com.kms.katalon.core.main.TestCaseExecutor.runScript(TestCaseExecutor.java:448)
	at com.kms.katalon.core.main.TestCaseExecutor.doExecute(TestCaseExecutor.java:439)
	at com.kms.katalon.core.main.TestCaseExecutor.processExecutionPhase(TestCaseExecutor.java:418)
	at com.kms.katalon.core.main.TestCaseExecutor.accessMainPhase(TestCaseExecutor.java:410)
	at com.kms.katalon.core.main.TestCaseExecutor.execute(TestCaseExecutor.java:285)
	at com.kms.katalon.core.main.TestCaseMain.runTestCase(TestCaseMain.java:144)
	at com.kms.katalon.core.keyword.builtin.CallTestCaseKeyword$_callTestCase_closure1.doCall(CallTestCaseKeyword.groovy:59)
	... 84 more
Caused by: com.kms.katalon.core.exception.StepFailedException: Call Test Case 'Test Cases/T13 Pembelian, Shipment dan Pembayaran/PBL-004' failed
	at com.kms.katalon.core.keyword.builtin.CallTestCaseKeyword$_callTestCase_closure1.doCall(CallTestCaseKeyword.groovy:63)
	at com.kms.katalon.core.keyword.builtin.CallTestCaseKeyword$_callTestCase_closure1.call(CallTestCaseKeyword.groovy)
	at com.kms.katalon.core.keyword.internal.KeywordMain.runKeyword(KeywordMain.groovy:75)
	at com.kms.katalon.core.keyword.builtin.CallTestCaseKeyword.callTestCase(CallTestCaseKeyword.groovy:81)
	at com.kms.katalon.core.keyword.builtin.CallTestCaseKeyword.execute(CallTestCaseKeyword.groovy:44)
	at com.kms.katalon.core.keyword.internal.KeywordExecutor.executeKeywordForPlatform(KeywordExecutor.groovy:74)
	at com.kms.katalon.core.keyword.BuiltinKeywords.callTestCase(BuiltinKeywords.groovy:310)
	at PBY-001.run(PBY-001:20)
	at com.kms.katalon.core.main.ScriptEngine.run(ScriptEngine.java:194)
	at com.kms.katalon.core.main.ScriptEngine.runScriptAsRawText(ScriptEngine.java:119)
	at com.kms.katalon.core.main.TestCaseExecutor.runScript(TestCaseExecutor.java:448)
	at com.kms.katalon.core.main.TestCaseExecutor.doExecute(TestCaseExecutor.java:439)
	at com.kms.katalon.core.main.TestCaseExecutor.processExecutionPhase(TestCaseExecutor.java:418)
	at com.kms.katalon.core.main.TestCaseExecutor.accessMainPhase(TestCaseExecutor.java:410)
	at com.kms.katalon.core.main.TestCaseExecutor.execute(TestCaseExecutor.java:285)
	at com.kms.katalon.core.main.TestCaseMain.runTestCase(TestCaseMain.java:144)
	at com.kms.katalon.core.keyword.builtin.CallTestCaseKeyword$_callTestCase_closure1.doCall(CallTestCaseKeyword.groovy:59)
	... 100 more
Caused by: Assertion failed: 

assert price_product.contains(HargaCheckout)
       |             |        |
       Rp 1,299      false    2,598

	at PBL-004.run(PBL-004:45)
	at com.kms.katalon.core.main.ScriptEngine.run(ScriptEngine.java:194)
	at com.kms.katalon.core.main.ScriptEngine.runScriptAsRawText(ScriptEngine.java:119)
	at com.kms.katalon.core.main.TestCaseExecutor.runScript(TestCaseExecutor.java:448)
	at com.kms.katalon.core.main.TestCaseExecutor.doExecute(TestCaseExecutor.java:439)
	at com.kms.katalon.core.main.TestCaseExecutor.processExecutionPhase(TestCaseExecutor.java:418)
	at com.kms.katalon.core.main.TestCaseExecutor.accessMainPhase(TestCaseExecutor.java:410)
	at com.kms.katalon.core.main.TestCaseExecutor.execute(TestCaseExecutor.java:285)
	at com.kms.katalon.core.main.TestCaseMain.runTestCase(TestCaseMain.java:144)
	at com.kms.katalon.core.keyword.builtin.CallTestCaseKeyword$_callTestCase_closure1.doCall(CallTestCaseKeyword.groovy:59)
	... 116 more
)

2023-10-04 19:57:43 - [TEST_CASE][FAILED] - Test Cases/T13 Pembelian, Shipment dan Pembayaran/PBY-004: Test Cases/T13 Pembelian, Shipment dan Pembayaran/PBY-004 FAILED.
Reason:
com.kms.katalon.core.exception.StepFailedException: Call Test Case 'Test Cases/T13 Pembelian, Shipment dan Pembayaran/PBY-001' failed
	at com.kms.katalon.core.keyword.builtin.CallTestCaseKeyword$_callTestCase_closure1.doCall(CallTestCaseKeyword.groovy:63)
	at com.kms.katalon.core.keyword.builtin.CallTestCaseKeyword$_callTestCase_closure1.call(CallTestCaseKeyword.groovy)
	at com.kms.katalon.core.keyword.internal.KeywordMain.runKeyword(KeywordMain.groovy:75)
	at com.kms.katalon.core.keyword.builtin.CallTestCaseKeyword.callTestCase(CallTestCaseKeyword.groovy:81)
	at com.kms.katalon.core.keyword.builtin.CallTestCaseKeyword.execute(CallTestCaseKeyword.groovy:44)
	at com.kms.katalon.core.keyword.internal.KeywordExecutor.executeKeywordForPlatform(KeywordExecutor.groovy:74)
	at com.kms.katalon.core.keyword.BuiltinKeywords.callTestCase(BuiltinKeywords.groovy:310)
	at PBY-004.run(PBY-004:20)
	at com.kms.katalon.core.main.ScriptEngine.run(ScriptEngine.java:194)
	at com.kms.katalon.core.main.ScriptEngine.runScriptAsRawText(ScriptEngine.java:119)
	at com.kms.katalon.core.main.TestCaseExecutor.runScript(TestCaseExecutor.java:448)
	at com.kms.katalon.core.main.TestCaseExecutor.doExecute(TestCaseExecutor.java:439)
	at com.kms.katalon.core.main.TestCaseExecutor.processExecutionPhase(TestCaseExecutor.java:418)
	at com.kms.katalon.core.main.TestCaseExecutor.accessMainPhase(TestCaseExecutor.java:410)
	at com.kms.katalon.core.main.TestCaseExecutor.execute(TestCaseExecutor.java:285)
	at com.kms.katalon.core.main.TestCaseMain.runTestCase(TestCaseMain.java:144)
	at com.kms.katalon.core.keyword.builtin.CallTestCaseKeyword$_callTestCase_closure1.doCall(CallTestCaseKeyword.groovy:59)
	at com.kms.katalon.core.keyword.builtin.CallTestCaseKeyword$_callTestCase_closure1.call(CallTestCaseKeyword.groovy)
	at com.kms.katalon.core.keyword.internal.KeywordMain.runKeyword(KeywordMain.groovy:75)
	at com.kms.katalon.core.keyword.builtin.CallTestCaseKeyword.callTestCase(CallTestCaseKeyword.groovy:81)
	at com.kms.katalon.core.keyword.builtin.CallTestCaseKeyword.execute(CallTestCaseKeyword.groovy:44)
	at com.kms.katalon.core.keyword.internal.KeywordExecutor.executeKeywordForPlatform(KeywordExecutor.groovy:74)
	at com.kms.katalon.core.keyword.BuiltinKeywords.callTestCase(BuiltinKeywords.groovy:310)
	at PBYA-001.run(PBYA-001:20)
	at com.kms.katalon.core.main.ScriptEngine.run(ScriptEngine.java:194)
	at com.kms.katalon.core.main.ScriptEngine.runScriptAsRawText(ScriptEngine.java:119)
	at com.kms.katalon.core.main.TestCaseExecutor.runScript(TestCaseExecutor.java:448)
	at com.kms.katalon.core.main.TestCaseExecutor.doExecute(TestCaseExecutor.java:439)
	at com.kms.katalon.core.main.TestCaseExecutor.processExecutionPhase(TestCaseExecutor.java:418)
	at com.kms.katalon.core.main.TestCaseExecutor.accessMainPhase(TestCaseExecutor.java:410)
	at com.kms.katalon.core.main.TestCaseExecutor.execute(TestCaseExecutor.java:285)
	at com.kms.katalon.core.main.TestCaseMain.runTestCase(TestCaseMain.java:144)
	at com.kms.katalon.core.keyword.builtin.CallTestCaseKeyword$_callTestCase_closure1.doCall(CallTestCaseKeyword.groovy:59)
	at com.kms.katalon.core.keyword.builtin.CallTestCaseKeyword$_callTestCase_closure1.call(CallTestCaseKeyword.groovy)
	at com.kms.katalon.core.keyword.internal.KeywordMain.runKeyword(KeywordMain.groovy:75)
	at com.kms.katalon.core.keyword.builtin.CallTestCaseKeyword.callTestCase(CallTestCaseKeyword.groovy:81)
	at com.kms.katalon.core.keyword.builtin.CallTestCaseKeyword.execute(CallTestCaseKeyword.groovy:44)
	at com.kms.katalon.core.keyword.internal.KeywordExecutor.executeKeywordForPlatform(KeywordExecutor.groovy:74)
	at com.kms.katalon.core.keyword.BuiltinKeywords.callTestCase(BuiltinKeywords.groovy:310)
	at SA-001.run(SA-001:20)
	at com.kms.katalon.core.main.ScriptEngine.run(ScriptEngine.java:194)
	at com.kms.katalon.core.main.ScriptEngine.runScriptAsRawText(ScriptEngine.java:119)
	at com.kms.katalon.core.main.TestCaseExecutor.runScript(TestCaseExecutor.java:448)
	at com.kms.katalon.core.main.TestCaseExecutor.doExecute(TestCaseExecutor.java:439)
	at com.kms.katalon.core.main.TestCaseExecutor.processExecutionPhase(TestCaseExecutor.java:418)
	at com.kms.katalon.core.main.TestCaseExecutor.accessMainPhase(TestCaseExecutor.java:410)
	at com.kms.katalon.core.main.TestCaseExecutor.execute(TestCaseExecutor.java:285)
	at com.kms.katalon.core.main.TestCaseMain.runTestCase(TestCaseMain.java:144)
	at com.kms.katalon.core.keyword.builtin.CallTestCaseKeyword$_callTestCase_closure1.doCall(CallTestCaseKeyword.groovy:59)
	at com.kms.katalon.core.keyword.builtin.CallTestCaseKeyword$_callTestCase_closure1.call(CallTestCaseKeyword.groovy)
	at com.kms.katalon.core.keyword.internal.KeywordMain.runKeyword(KeywordMain.groovy:75)
	at com.kms.katalon.core.keyword.builtin.CallTestCaseKeyword.callTestCase(CallTestCaseKeyword.groovy:81)
	at com.kms.katalon.core.keyword.builtin.CallTestCaseKeyword.execute(CallTestCaseKeyword.groovy:44)
	at com.kms.katalon.core.keyword.internal.KeywordExecutor.executeKeywordForPlatform(KeywordExecutor.groovy:74)
	at com.kms.katalon.core.keyword.BuiltinKeywords.callTestCase(BuiltinKeywords.groovy:310)
	at SA-002.run(SA-002:20)
	at com.kms.katalon.core.main.ScriptEngine.run(ScriptEngine.java:194)
	at com.kms.katalon.core.main.ScriptEngine.runScriptAsRawText(ScriptEngine.java:119)
	at com.kms.katalon.core.main.TestCaseExecutor.runScript(TestCaseExecutor.java:448)
	at com.kms.katalon.core.main.TestCaseExecutor.doExecute(TestCaseExecutor.java:439)
	at com.kms.katalon.core.main.TestCaseExecutor.processExecutionPhase(TestCaseExecutor.java:418)
	at com.kms.katalon.core.main.TestCaseExecutor.accessMainPhase(TestCaseExecutor.java:410)
	at com.kms.katalon.core.main.TestCaseExecutor.execute(TestCaseExecutor.java:285)
	at com.kms.katalon.core.main.TestCaseMain.runTestCase(TestCaseMain.java:144)
	at com.kms.katalon.core.keyword.builtin.CallTestCaseKeyword$_callTestCase_closure1.doCall(CallTestCaseKeyword.groovy:59)
	at com.kms.katalon.core.keyword.builtin.CallTestCaseKeyword$_callTestCase_closure1.call(CallTestCaseKeyword.groovy)
	at com.kms.katalon.core.keyword.internal.KeywordMain.runKeyword(KeywordMain.groovy:75)
	at com.kms.katalon.core.keyword.builtin.CallTestCaseKeyword.callTestCase(CallTestCaseKeyword.groovy:81)
	at com.kms.katalon.core.keyword.builtin.CallTestCaseKeyword.execute(CallTestCaseKeyword.groovy:44)
	at com.kms.katalon.core.keyword.internal.KeywordExecutor.executeKeywordForPlatform(KeywordExecutor.groovy:74)
	at com.kms.katalon.core.keyword.BuiltinKeywords.callTestCase(BuiltinKeywords.groovy:310)
	at SA-004.run(SA-004:20)
	at com.kms.katalon.core.main.ScriptEngine.run(ScriptEngine.java:194)
	at com.kms.katalon.core.main.ScriptEngine.runScriptAsRawText(ScriptEngine.java:119)
	at com.kms.katalon.core.main.TestCaseExecutor.runScript(TestCaseExecutor.java:448)
	at com.kms.katalon.core.main.TestCaseExecutor.doExecute(TestCaseExecutor.java:439)
	at com.kms.katalon.core.main.TestCaseExecutor.processExecutionPhase(TestCaseExecutor.java:418)
	at com.kms.katalon.core.main.TestCaseExecutor.accessMainPhase(TestCaseExecutor.java:410)
	at com.kms.katalon.core.main.TestCaseExecutor.execute(TestCaseExecutor.java:285)
	at com.kms.katalon.core.main.TestCaseMain.runTestCase(TestCaseMain.java:144)
	at com.kms.katalon.core.keyword.builtin.CallTestCaseKeyword$_callTestCase_closure1.doCall(CallTestCaseKeyword.groovy:59)
	at com.kms.katalon.core.keyword.builtin.CallTestCaseKeyword$_callTestCase_closure1.call(CallTestCaseKeyword.groovy)
	at com.kms.katalon.core.keyword.internal.KeywordMain.runKeyword(KeywordMain.groovy:75)
	at com.kms.katalon.core.keyword.builtin.CallTestCaseKeyword.callTestCase(CallTestCaseKeyword.groovy:81)
	at com.kms.katalon.core.keyword.builtin.CallTestCaseKeyword.execute(CallTestCaseKeyword.groovy:44)
	at com.kms.katalon.core.keyword.internal.KeywordExecutor.executeKeywordForPlatform(KeywordExecutor.groovy:74)
	at com.kms.katalon.core.keyword.BuiltinKeywords.callTestCase(BuiltinKeywords.groovy:310)
	at SU-011.run(SU-011:20)
	at com.kms.katalon.core.main.ScriptEngine.run(ScriptEngine.java:194)
	at com.kms.katalon.core.main.ScriptEngine.runScriptAsRawText(ScriptEngine.java:119)
	at com.kms.katalon.core.main.TestCaseExecutor.runScript(TestCaseExecutor.java:448)
	at com.kms.katalon.core.main.TestCaseExecutor.doExecute(TestCaseExecutor.java:439)
	at com.kms.katalon.core.main.TestCaseExecutor.processExecutionPhase(TestCaseExecutor.java:418)
	at com.kms.katalon.core.main.TestCaseExecutor.accessMainPhase(TestCaseExecutor.java:410)
	at com.kms.katalon.core.main.TestCaseExecutor.execute(TestCaseExecutor.java:285)
	at com.kms.katalon.core.common.CommonExecutor.accessTestCaseMainPhase(CommonExecutor.java:65)
	at com.kms.katalon.core.main.TestSuiteExecutor.accessTestSuiteMainPhase(TestSuiteExecutor.java:148)
	at com.kms.katalon.core.main.TestSuiteExecutor.execute(TestSuiteExecutor.java:106)
	at com.kms.katalon.core.main.TestCaseMain.startTestSuite(TestCaseMain.java:187)
	at com.kms.katalon.core.main.TestCaseMain$startTestSuite$0.call(Unknown Source)
	at TempTestSuite1696420804604.run(TempTestSuite1696420804604.groovy:36)
Caused by: com.kms.katalon.core.exception.StepFailedException: Call Test Case 'Test Cases/T13 Pembelian, Shipment dan Pembayaran/PBL-004' failed
	at com.kms.katalon.core.keyword.builtin.CallTestCaseKeyword$_callTestCase_closure1.doCall(CallTestCaseKeyword.groovy:63)
	at com.kms.katalon.core.keyword.builtin.CallTestCaseKeyword$_callTestCase_closure1.call(CallTestCaseKeyword.groovy)
	at com.kms.katalon.core.keyword.internal.KeywordMain.runKeyword(KeywordMain.groovy:75)
	at com.kms.katalon.core.keyword.builtin.CallTestCaseKeyword.callTestCase(CallTestCaseKeyword.groovy:81)
	at com.kms.katalon.core.keyword.builtin.CallTestCaseKeyword.execute(CallTestCaseKeyword.groovy:44)
	at com.kms.katalon.core.keyword.internal.KeywordExecutor.executeKeywordForPlatform(KeywordExecutor.groovy:74)
	at com.kms.katalon.core.keyword.BuiltinKeywords.callTestCase(BuiltinKeywords.groovy:310)
	at PBY-001.run(PBY-001:20)
	at com.kms.katalon.core.main.ScriptEngine.run(ScriptEngine.java:194)
	at com.kms.katalon.core.main.ScriptEngine.runScriptAsRawText(ScriptEngine.java:119)
	at com.kms.katalon.core.main.TestCaseExecutor.runScript(TestCaseExecutor.java:448)
	at com.kms.katalon.core.main.TestCaseExecutor.doExecute(TestCaseExecutor.java:439)
	at com.kms.katalon.core.main.TestCaseExecutor.processExecutionPhase(TestCaseExecutor.java:418)
	at com.kms.katalon.core.main.TestCaseExecutor.accessMainPhase(TestCaseExecutor.java:410)
	at com.kms.katalon.core.main.TestCaseExecutor.execute(TestCaseExecutor.java:285)
	at com.kms.katalon.core.main.TestCaseMain.runTestCase(TestCaseMain.java:144)
	at com.kms.katalon.core.keyword.builtin.CallTestCaseKeyword$_callTestCase_closure1.doCall(CallTestCaseKeyword.groovy:59)
	... 100 more
Caused by: Assertion failed: 

assert price_product.contains(HargaCheckout)
       |             |        |
       Rp 1,299      false    2,598

	at PBL-004.run(PBL-004:45)
	at com.kms.katalon.core.main.ScriptEngine.run(ScriptEngine.java:194)
	at com.kms.katalon.core.main.ScriptEngine.runScriptAsRawText(ScriptEngine.java:119)
	at com.kms.katalon.core.main.TestCaseExecutor.runScript(TestCaseExecutor.java:448)
	at com.kms.katalon.core.main.TestCaseExecutor.doExecute(TestCaseExecutor.java:439)
	at com.kms.katalon.core.main.TestCaseExecutor.processExecutionPhase(TestCaseExecutor.java:418)
	at com.kms.katalon.core.main.TestCaseExecutor.accessMainPhase(TestCaseExecutor.java:410)
	at com.kms.katalon.core.main.TestCaseExecutor.execute(TestCaseExecutor.java:285)
	at com.kms.katalon.core.main.TestCaseMain.runTestCase(TestCaseMain.java:144)
	at com.kms.katalon.core.keyword.builtin.CallTestCaseKeyword$_callTestCase_closure1.doCall(CallTestCaseKeyword.groovy:59)
	... 116 more


2023-10-04 19:57:43 - [TEST_STEP][FAILED] - data = callTestCase(findTestCase("T13 Pembelian, Shipment dan Pembayaran/PBY-001"), [:], STOP_ON_FAILURE): Unable to call Test Case 'Test Cases/T13 Pembelian, Shipment dan Pembayaran/PBY-001' (Root cause: com.kms.katalon.core.exception.StepFailedException: Call Test Case 'Test Cases/T13 Pembelian, Shipment dan Pembayaran/PBY-001' failed
	at com.kms.katalon.core.keyword.builtin.CallTestCaseKeyword$_callTestCase_closure1.doCall(CallTestCaseKeyword.groovy:63)
	at com.kms.katalon.core.keyword.builtin.CallTestCaseKeyword$_callTestCase_closure1.call(CallTestCaseKeyword.groovy)
	at com.kms.katalon.core.keyword.internal.KeywordMain.runKeyword(KeywordMain.groovy:75)
	at com.kms.katalon.core.keyword.builtin.CallTestCaseKeyword.callTestCase(CallTestCaseKeyword.groovy:81)
	at com.kms.katalon.core.keyword.builtin.CallTestCaseKeyword.execute(CallTestCaseKeyword.groovy:44)
	at com.kms.katalon.core.keyword.internal.KeywordExecutor.executeKeywordForPlatform(KeywordExecutor.groovy:74)
	at com.kms.katalon.core.keyword.BuiltinKeywords.callTestCase(BuiltinKeywords.groovy:310)
	at PBY-004.run(PBY-004:20)
	at com.kms.katalon.core.main.ScriptEngine.run(ScriptEngine.java:194)
	at com.kms.katalon.core.main.ScriptEngine.runScriptAsRawText(ScriptEngine.java:119)
	at com.kms.katalon.core.main.TestCaseExecutor.runScript(TestCaseExecutor.java:448)
	at com.kms.katalon.core.main.TestCaseExecutor.doExecute(TestCaseExecutor.java:439)
	at com.kms.katalon.core.main.TestCaseExecutor.processExecutionPhase(TestCaseExecutor.java:418)
	at com.kms.katalon.core.main.TestCaseExecutor.accessMainPhase(TestCaseExecutor.java:410)
	at com.kms.katalon.core.main.TestCaseExecutor.execute(TestCaseExecutor.java:285)
	at com.kms.katalon.core.main.TestCaseMain.runTestCase(TestCaseMain.java:144)
	at com.kms.katalon.core.keyword.builtin.CallTestCaseKeyword$_callTestCase_closure1.doCall(CallTestCaseKeyword.groovy:59)
	at com.kms.katalon.core.keyword.builtin.CallTestCaseKeyword$_callTestCase_closure1.call(CallTestCaseKeyword.groovy)
	at com.kms.katalon.core.keyword.internal.KeywordMain.runKeyword(KeywordMain.groovy:75)
	at com.kms.katalon.core.keyword.builtin.CallTestCaseKeyword.callTestCase(CallTestCaseKeyword.groovy:81)
	at com.kms.katalon.core.keyword.builtin.CallTestCaseKeyword.execute(CallTestCaseKeyword.groovy:44)
	at com.kms.katalon.core.keyword.internal.KeywordExecutor.executeKeywordForPlatform(KeywordExecutor.groovy:74)
	at com.kms.katalon.core.keyword.BuiltinKeywords.callTestCase(BuiltinKeywords.groovy:310)
	at PBYA-001.run(PBYA-001:20)
	at com.kms.katalon.core.main.ScriptEngine.run(ScriptEngine.java:194)
	at com.kms.katalon.core.main.ScriptEngine.runScriptAsRawText(ScriptEngine.java:119)
	at com.kms.katalon.core.main.TestCaseExecutor.runScript(TestCaseExecutor.java:448)
	at com.kms.katalon.core.main.TestCaseExecutor.doExecute(TestCaseExecutor.java:439)
	at com.kms.katalon.core.main.TestCaseExecutor.processExecutionPhase(TestCaseExecutor.java:418)
	at com.kms.katalon.core.main.TestCaseExecutor.accessMainPhase(TestCaseExecutor.java:410)
	at com.kms.katalon.core.main.TestCaseExecutor.execute(TestCaseExecutor.java:285)
	at com.kms.katalon.core.main.TestCaseMain.runTestCase(TestCaseMain.java:144)
	at com.kms.katalon.core.keyword.builtin.CallTestCaseKeyword$_callTestCase_closure1.doCall(CallTestCaseKeyword.groovy:59)
	at com.kms.katalon.core.keyword.builtin.CallTestCaseKeyword$_callTestCase_closure1.call(CallTestCaseKeyword.groovy)
	at com.kms.katalon.core.keyword.internal.KeywordMain.runKeyword(KeywordMain.groovy:75)
	at com.kms.katalon.core.keyword.builtin.CallTestCaseKeyword.callTestCase(CallTestCaseKeyword.groovy:81)
	at com.kms.katalon.core.keyword.builtin.CallTestCaseKeyword.execute(CallTestCaseKeyword.groovy:44)
	at com.kms.katalon.core.keyword.internal.KeywordExecutor.executeKeywordForPlatform(KeywordExecutor.groovy:74)
	at com.kms.katalon.core.keyword.BuiltinKeywords.callTestCase(BuiltinKeywords.groovy:310)
	at SA-001.run(SA-001:20)
	at com.kms.katalon.core.main.ScriptEngine.run(ScriptEngine.java:194)
	at com.kms.katalon.core.main.ScriptEngine.runScriptAsRawText(ScriptEngine.java:119)
	at com.kms.katalon.core.main.TestCaseExecutor.runScript(TestCaseExecutor.java:448)
	at com.kms.katalon.core.main.TestCaseExecutor.doExecute(TestCaseExecutor.java:439)
	at com.kms.katalon.core.main.TestCaseExecutor.processExecutionPhase(TestCaseExecutor.java:418)
	at com.kms.katalon.core.main.TestCaseExecutor.accessMainPhase(TestCaseExecutor.java:410)
	at com.kms.katalon.core.main.TestCaseExecutor.execute(TestCaseExecutor.java:285)
	at com.kms.katalon.core.main.TestCaseMain.runTestCase(TestCaseMain.java:144)
	at com.kms.katalon.core.keyword.builtin.CallTestCaseKeyword$_callTestCase_closure1.doCall(CallTestCaseKeyword.groovy:59)
	at com.kms.katalon.core.keyword.builtin.CallTestCaseKeyword$_callTestCase_closure1.call(CallTestCaseKeyword.groovy)
	at com.kms.katalon.core.keyword.internal.KeywordMain.runKeyword(KeywordMain.groovy:75)
	at com.kms.katalon.core.keyword.builtin.CallTestCaseKeyword.callTestCase(CallTestCaseKeyword.groovy:81)
	at com.kms.katalon.core.keyword.builtin.CallTestCaseKeyword.execute(CallTestCaseKeyword.groovy:44)
	at com.kms.katalon.core.keyword.internal.KeywordExecutor.executeKeywordForPlatform(KeywordExecutor.groovy:74)
	at com.kms.katalon.core.keyword.BuiltinKeywords.callTestCase(BuiltinKeywords.groovy:310)
	at SA-002.run(SA-002:20)
	at com.kms.katalon.core.main.ScriptEngine.run(ScriptEngine.java:194)
	at com.kms.katalon.core.main.ScriptEngine.runScriptAsRawText(ScriptEngine.java:119)
	at com.kms.katalon.core.main.TestCaseExecutor.runScript(TestCaseExecutor.java:448)
	at com.kms.katalon.core.main.TestCaseExecutor.doExecute(TestCaseExecutor.java:439)
	at com.kms.katalon.core.main.TestCaseExecutor.processExecutionPhase(TestCaseExecutor.java:418)
	at com.kms.katalon.core.main.TestCaseExecutor.accessMainPhase(TestCaseExecutor.java:410)
	at com.kms.katalon.core.main.TestCaseExecutor.execute(TestCaseExecutor.java:285)
	at com.kms.katalon.core.main.TestCaseMain.runTestCase(TestCaseMain.java:144)
	at com.kms.katalon.core.keyword.builtin.CallTestCaseKeyword$_callTestCase_closure1.doCall(CallTestCaseKeyword.groovy:59)
	at com.kms.katalon.core.keyword.builtin.CallTestCaseKeyword$_callTestCase_closure1.call(CallTestCaseKeyword.groovy)
	at com.kms.katalon.core.keyword.internal.KeywordMain.runKeyword(KeywordMain.groovy:75)
	at com.kms.katalon.core.keyword.builtin.CallTestCaseKeyword.callTestCase(CallTestCaseKeyword.groovy:81)
	at com.kms.katalon.core.keyword.builtin.CallTestCaseKeyword.execute(CallTestCaseKeyword.groovy:44)
	at com.kms.katalon.core.keyword.internal.KeywordExecutor.executeKeywordForPlatform(KeywordExecutor.groovy:74)
	at com.kms.katalon.core.keyword.BuiltinKeywords.callTestCase(BuiltinKeywords.groovy:310)
	at SA-004.run(SA-004:20)
	at com.kms.katalon.core.main.ScriptEngine.run(ScriptEngine.java:194)
	at com.kms.katalon.core.main.ScriptEngine.runScriptAsRawText(ScriptEngine.java:119)
	at com.kms.katalon.core.main.TestCaseExecutor.runScript(TestCaseExecutor.java:448)
	at com.kms.katalon.core.main.TestCaseExecutor.doExecute(TestCaseExecutor.java:439)
	at com.kms.katalon.core.main.TestCaseExecutor.processExecutionPhase(TestCaseExecutor.java:418)
	at com.kms.katalon.core.main.TestCaseExecutor.accessMainPhase(TestCaseExecutor.java:410)
	at com.kms.katalon.core.main.TestCaseExecutor.execute(TestCaseExecutor.java:285)
	at com.kms.katalon.core.main.TestCaseMain.runTestCase(TestCaseMain.java:144)
	at com.kms.katalon.core.keyword.builtin.CallTestCaseKeyword$_callTestCase_closure1.doCall(CallTestCaseKeyword.groovy:59)
	at com.kms.katalon.core.keyword.builtin.CallTestCaseKeyword$_callTestCase_closure1.call(CallTestCaseKeyword.groovy)
	at com.kms.katalon.core.keyword.internal.KeywordMain.runKeyword(KeywordMain.groovy:75)
	at com.kms.katalon.core.keyword.builtin.CallTestCaseKeyword.callTestCase(CallTestCaseKeyword.groovy:81)
	at com.kms.katalon.core.keyword.builtin.CallTestCaseKeyword.execute(CallTestCaseKeyword.groovy:44)
	at com.kms.katalon.core.keyword.internal.KeywordExecutor.executeKeywordForPlatform(KeywordExecutor.groovy:74)
	at com.kms.katalon.core.keyword.BuiltinKeywords.callTestCase(BuiltinKeywords.groovy:310)
	at SU-011.run(SU-011:20)
	at com.kms.katalon.core.main.ScriptEngine.run(ScriptEngine.java:194)
	at com.kms.katalon.core.main.ScriptEngine.runScriptAsRawText(ScriptEngine.java:119)
	at com.kms.katalon.core.main.TestCaseExecutor.runScript(TestCaseExecutor.java:448)
	at com.kms.katalon.core.main.TestCaseExecutor.doExecute(TestCaseExecutor.java:439)
	at com.kms.katalon.core.main.TestCaseExecutor.processExecutionPhase(TestCaseExecutor.java:418)
	at com.kms.katalon.core.main.TestCaseExecutor.accessMainPhase(TestCaseExecutor.java:410)
	at com.kms.katalon.core.main.TestCaseExecutor.execute(TestCaseExecutor.java:285)
	at com.kms.katalon.core.common.CommonExecutor.accessTestCaseMainPhase(CommonExecutor.java:65)
	at com.kms.katalon.core.main.TestSuiteExecutor.accessTestSuiteMainPhase(TestSuiteExecutor.java:148)
	at com.kms.katalon.core.main.TestSuiteExecutor.execute(TestSuiteExecutor.java:106)
	at com.kms.katalon.core.main.TestCaseMain.startTestSuite(TestCaseMain.java:187)
	at com.kms.katalon.core.main.TestCaseMain$startTestSuite$0.call(Unknown Source)
	at TempTestSuite1696420804604.run(TempTestSuite1696420804604.groovy:36)
Caused by: com.kms.katalon.core.exception.StepFailedException: Call Test Case 'Test Cases/T13 Pembelian, Shipment dan Pembayaran/PBL-004' failed
	at com.kms.katalon.core.keyword.builtin.CallTestCaseKeyword$_callTestCase_closure1.doCall(CallTestCaseKeyword.groovy:63)
	at com.kms.katalon.core.keyword.builtin.CallTestCaseKeyword$_callTestCase_closure1.call(CallTestCaseKeyword.groovy)
	at com.kms.katalon.core.keyword.internal.KeywordMain.runKeyword(KeywordMain.groovy:75)
	at com.kms.katalon.core.keyword.builtin.CallTestCaseKeyword.callTestCase(CallTestCaseKeyword.groovy:81)
	at com.kms.katalon.core.keyword.builtin.CallTestCaseKeyword.execute(CallTestCaseKeyword.groovy:44)
	at com.kms.katalon.core.keyword.internal.KeywordExecutor.executeKeywordForPlatform(KeywordExecutor.groovy:74)
	at com.kms.katalon.core.keyword.BuiltinKeywords.callTestCase(BuiltinKeywords.groovy:310)
	at PBY-001.run(PBY-001:20)
	at com.kms.katalon.core.main.ScriptEngine.run(ScriptEngine.java:194)
	at com.kms.katalon.core.main.ScriptEngine.runScriptAsRawText(ScriptEngine.java:119)
	at com.kms.katalon.core.main.TestCaseExecutor.runScript(TestCaseExecutor.java:448)
	at com.kms.katalon.core.main.TestCaseExecutor.doExecute(TestCaseExecutor.java:439)
	at com.kms.katalon.core.main.TestCaseExecutor.processExecutionPhase(TestCaseExecutor.java:418)
	at com.kms.katalon.core.main.TestCaseExecutor.accessMainPhase(TestCaseExecutor.java:410)
	at com.kms.katalon.core.main.TestCaseExecutor.execute(TestCaseExecutor.java:285)
	at com.kms.katalon.core.main.TestCaseMain.runTestCase(TestCaseMain.java:144)
	at com.kms.katalon.core.keyword.builtin.CallTestCaseKeyword$_callTestCase_closure1.doCall(CallTestCaseKeyword.groovy:59)
	... 100 more
Caused by: Assertion failed: 

assert price_product.contains(HargaCheckout)
       |             |        |
       Rp 1,299      false    2,598

	at PBL-004.run(PBL-004:45)
	at com.kms.katalon.core.main.ScriptEngine.run(ScriptEngine.java:194)
	at com.kms.katalon.core.main.ScriptEngine.runScriptAsRawText(ScriptEngine.java:119)
	at com.kms.katalon.core.main.TestCaseExecutor.runScript(TestCaseExecutor.java:448)
	at com.kms.katalon.core.main.TestCaseExecutor.doExecute(TestCaseExecutor.java:439)
	at com.kms.katalon.core.main.TestCaseExecutor.processExecutionPhase(TestCaseExecutor.java:418)
	at com.kms.katalon.core.main.TestCaseExecutor.accessMainPhase(TestCaseExecutor.java:410)
	at com.kms.katalon.core.main.TestCaseExecutor.execute(TestCaseExecutor.java:285)
	at com.kms.katalon.core.main.TestCaseMain.runTestCase(TestCaseMain.java:144)
	at com.kms.katalon.core.keyword.builtin.CallTestCaseKeyword$_callTestCase_closure1.doCall(CallTestCaseKeyword.groovy:59)
	... 116 more
)

2023-10-04 19:57:43 - [TEST_CASE][FAILED] - Test Cases/T13 Pembelian, Shipment dan Pembayaran/PBY-001: Test Cases/T13 Pembelian, Shipment dan Pembayaran/PBY-001 FAILED.
Reason:
com.kms.katalon.core.exception.StepFailedException: Call Test Case 'Test Cases/T13 Pembelian, Shipment dan Pembayaran/PBL-004' failed
	at com.kms.katalon.core.keyword.builtin.CallTestCaseKeyword$_callTestCase_closure1.doCall(CallTestCaseKeyword.groovy:63)
	at com.kms.katalon.core.keyword.builtin.CallTestCaseKeyword$_callTestCase_closure1.call(CallTestCaseKeyword.groovy)
	at com.kms.katalon.core.keyword.internal.KeywordMain.runKeyword(KeywordMain.groovy:75)
	at com.kms.katalon.core.keyword.builtin.CallTestCaseKeyword.callTestCase(CallTestCaseKeyword.groovy:81)
	at com.kms.katalon.core.keyword.builtin.CallTestCaseKeyword.execute(CallTestCaseKeyword.groovy:44)
	at com.kms.katalon.core.keyword.internal.KeywordExecutor.executeKeywordForPlatform(KeywordExecutor.groovy:74)
	at com.kms.katalon.core.keyword.BuiltinKeywords.callTestCase(BuiltinKeywords.groovy:310)
	at PBY-001.run(PBY-001:20)
	at com.kms.katalon.core.main.ScriptEngine.run(ScriptEngine.java:194)
	at com.kms.katalon.core.main.ScriptEngine.runScriptAsRawText(ScriptEngine.java:119)
	at com.kms.katalon.core.main.TestCaseExecutor.runScript(TestCaseExecutor.java:448)
	at com.kms.katalon.core.main.TestCaseExecutor.doExecute(TestCaseExecutor.java:439)
	at com.kms.katalon.core.main.TestCaseExecutor.processExecutionPhase(TestCaseExecutor.java:418)
	at com.kms.katalon.core.main.TestCaseExecutor.accessMainPhase(TestCaseExecutor.java:410)
	at com.kms.katalon.core.main.TestCaseExecutor.execute(TestCaseExecutor.java:285)
	at com.kms.katalon.core.main.TestCaseMain.runTestCase(TestCaseMain.java:144)
	at com.kms.katalon.core.keyword.builtin.CallTestCaseKeyword$_callTestCase_closure1.doCall(CallTestCaseKeyword.groovy:59)
	at com.kms.katalon.core.keyword.builtin.CallTestCaseKeyword$_callTestCase_closure1.call(CallTestCaseKeyword.groovy)
	at com.kms.katalon.core.keyword.internal.KeywordMain.runKeyword(KeywordMain.groovy:75)
	at com.kms.katalon.core.keyword.builtin.CallTestCaseKeyword.callTestCase(CallTestCaseKeyword.groovy:81)
	at com.kms.katalon.core.keyword.builtin.CallTestCaseKeyword.execute(CallTestCaseKeyword.groovy:44)
	at com.kms.katalon.core.keyword.internal.KeywordExecutor.executeKeywordForPlatform(KeywordExecutor.groovy:74)
	at com.kms.katalon.core.keyword.BuiltinKeywords.callTestCase(BuiltinKeywords.groovy:310)
	at PBY-004.run(PBY-004:20)
	at com.kms.katalon.core.main.ScriptEngine.run(ScriptEngine.java:194)
	at com.kms.katalon.core.main.ScriptEngine.runScriptAsRawText(ScriptEngine.java:119)
	at com.kms.katalon.core.main.TestCaseExecutor.runScript(TestCaseExecutor.java:448)
	at com.kms.katalon.core.main.TestCaseExecutor.doExecute(TestCaseExecutor.java:439)
	at com.kms.katalon.core.main.TestCaseExecutor.processExecutionPhase(TestCaseExecutor.java:418)
	at com.kms.katalon.core.main.TestCaseExecutor.accessMainPhase(TestCaseExecutor.java:410)
	at com.kms.katalon.core.main.TestCaseExecutor.execute(TestCaseExecutor.java:285)
	at com.kms.katalon.core.main.TestCaseMain.runTestCase(TestCaseMain.java:144)
	at com.kms.katalon.core.keyword.builtin.CallTestCaseKeyword$_callTestCase_closure1.doCall(CallTestCaseKeyword.groovy:59)
	at com.kms.katalon.core.keyword.builtin.CallTestCaseKeyword$_callTestCase_closure1.call(CallTestCaseKeyword.groovy)
	at com.kms.katalon.core.keyword.internal.KeywordMain.runKeyword(KeywordMain.groovy:75)
	at com.kms.katalon.core.keyword.builtin.CallTestCaseKeyword.callTestCase(CallTestCaseKeyword.groovy:81)
	at com.kms.katalon.core.keyword.builtin.CallTestCaseKeyword.execute(CallTestCaseKeyword.groovy:44)
	at com.kms.katalon.core.keyword.internal.KeywordExecutor.executeKeywordForPlatform(KeywordExecutor.groovy:74)
	at com.kms.katalon.core.keyword.BuiltinKeywords.callTestCase(BuiltinKeywords.groovy:310)
	at PBYA-001.run(PBYA-001:20)
	at com.kms.katalon.core.main.ScriptEngine.run(ScriptEngine.java:194)
	at com.kms.katalon.core.main.ScriptEngine.runScriptAsRawText(ScriptEngine.java:119)
	at com.kms.katalon.core.main.TestCaseExecutor.runScript(TestCaseExecutor.java:448)
	at com.kms.katalon.core.main.TestCaseExecutor.doExecute(TestCaseExecutor.java:439)
	at com.kms.katalon.core.main.TestCaseExecutor.processExecutionPhase(TestCaseExecutor.java:418)
	at com.kms.katalon.core.main.TestCaseExecutor.accessMainPhase(TestCaseExecutor.java:410)
	at com.kms.katalon.core.main.TestCaseExecutor.execute(TestCaseExecutor.java:285)
	at com.kms.katalon.core.main.TestCaseMain.runTestCase(TestCaseMain.java:144)
	at com.kms.katalon.core.keyword.builtin.CallTestCaseKeyword$_callTestCase_closure1.doCall(CallTestCaseKeyword.groovy:59)
	at com.kms.katalon.core.keyword.builtin.CallTestCaseKeyword$_callTestCase_closure1.call(CallTestCaseKeyword.groovy)
	at com.kms.katalon.core.keyword.internal.KeywordMain.runKeyword(KeywordMain.groovy:75)
	at com.kms.katalon.core.keyword.builtin.CallTestCaseKeyword.callTestCase(CallTestCaseKeyword.groovy:81)
	at com.kms.katalon.core.keyword.builtin.CallTestCaseKeyword.execute(CallTestCaseKeyword.groovy:44)
	at com.kms.katalon.core.keyword.internal.KeywordExecutor.executeKeywordForPlatform(KeywordExecutor.groovy:74)
	at com.kms.katalon.core.keyword.BuiltinKeywords.callTestCase(BuiltinKeywords.groovy:310)
	at SA-001.run(SA-001:20)
	at com.kms.katalon.core.main.ScriptEngine.run(ScriptEngine.java:194)
	at com.kms.katalon.core.main.ScriptEngine.runScriptAsRawText(ScriptEngine.java:119)
	at com.kms.katalon.core.main.TestCaseExecutor.runScript(TestCaseExecutor.java:448)
	at com.kms.katalon.core.main.TestCaseExecutor.doExecute(TestCaseExecutor.java:439)
	at com.kms.katalon.core.main.TestCaseExecutor.processExecutionPhase(TestCaseExecutor.java:418)
	at com.kms.katalon.core.main.TestCaseExecutor.accessMainPhase(TestCaseExecutor.java:410)
	at com.kms.katalon.core.main.TestCaseExecutor.execute(TestCaseExecutor.java:285)
	at com.kms.katalon.core.main.TestCaseMain.runTestCase(TestCaseMain.java:144)
	at com.kms.katalon.core.keyword.builtin.CallTestCaseKeyword$_callTestCase_closure1.doCall(CallTestCaseKeyword.groovy:59)
	at com.kms.katalon.core.keyword.builtin.CallTestCaseKeyword$_callTestCase_closure1.call(CallTestCaseKeyword.groovy)
	at com.kms.katalon.core.keyword.internal.KeywordMain.runKeyword(KeywordMain.groovy:75)
	at com.kms.katalon.core.keyword.builtin.CallTestCaseKeyword.callTestCase(CallTestCaseKeyword.groovy:81)
	at com.kms.katalon.core.keyword.builtin.CallTestCaseKeyword.execute(CallTestCaseKeyword.groovy:44)
	at com.kms.katalon.core.keyword.internal.KeywordExecutor.executeKeywordForPlatform(KeywordExecutor.groovy:74)
	at com.kms.katalon.core.keyword.BuiltinKeywords.callTestCase(BuiltinKeywords.groovy:310)
	at SA-002.run(SA-002:20)
	at com.kms.katalon.core.main.ScriptEngine.run(ScriptEngine.java:194)
	at com.kms.katalon.core.main.ScriptEngine.runScriptAsRawText(ScriptEngine.java:119)
	at com.kms.katalon.core.main.TestCaseExecutor.runScript(TestCaseExecutor.java:448)
	at com.kms.katalon.core.main.TestCaseExecutor.doExecute(TestCaseExecutor.java:439)
	at com.kms.katalon.core.main.TestCaseExecutor.processExecutionPhase(TestCaseExecutor.java:418)
	at com.kms.katalon.core.main.TestCaseExecutor.accessMainPhase(TestCaseExecutor.java:410)
	at com.kms.katalon.core.main.TestCaseExecutor.execute(TestCaseExecutor.java:285)
	at com.kms.katalon.core.main.TestCaseMain.runTestCase(TestCaseMain.java:144)
	at com.kms.katalon.core.keyword.builtin.CallTestCaseKeyword$_callTestCase_closure1.doCall(CallTestCaseKeyword.groovy:59)
	at com.kms.katalon.core.keyword.builtin.CallTestCaseKeyword$_callTestCase_closure1.call(CallTestCaseKeyword.groovy)
	at com.kms.katalon.core.keyword.internal.KeywordMain.runKeyword(KeywordMain.groovy:75)
	at com.kms.katalon.core.keyword.builtin.CallTestCaseKeyword.callTestCase(CallTestCaseKeyword.groovy:81)
	at com.kms.katalon.core.keyword.builtin.CallTestCaseKeyword.execute(CallTestCaseKeyword.groovy:44)
	at com.kms.katalon.core.keyword.internal.KeywordExecutor.executeKeywordForPlatform(KeywordExecutor.groovy:74)
	at com.kms.katalon.core.keyword.BuiltinKeywords.callTestCase(BuiltinKeywords.groovy:310)
	at SA-004.run(SA-004:20)
	at com.kms.katalon.core.main.ScriptEngine.run(ScriptEngine.java:194)
	at com.kms.katalon.core.main.ScriptEngine.runScriptAsRawText(ScriptEngine.java:119)
	at com.kms.katalon.core.main.TestCaseExecutor.runScript(TestCaseExecutor.java:448)
	at com.kms.katalon.core.main.TestCaseExecutor.doExecute(TestCaseExecutor.java:439)
	at com.kms.katalon.core.main.TestCaseExecutor.processExecutionPhase(TestCaseExecutor.java:418)
	at com.kms.katalon.core.main.TestCaseExecutor.accessMainPhase(TestCaseExecutor.java:410)
	at com.kms.katalon.core.main.TestCaseExecutor.execute(TestCaseExecutor.java:285)
	at com.kms.katalon.core.main.TestCaseMain.runTestCase(TestCaseMain.java:144)
	at com.kms.katalon.core.keyword.builtin.CallTestCaseKeyword$_callTestCase_closure1.doCall(CallTestCaseKeyword.groovy:59)
	at com.kms.katalon.core.keyword.builtin.CallTestCaseKeyword$_callTestCase_closure1.call(CallTestCaseKeyword.groovy)
	at com.kms.katalon.core.keyword.internal.KeywordMain.runKeyword(KeywordMain.groovy:75)
	at com.kms.katalon.core.keyword.builtin.CallTestCaseKeyword.callTestCase(CallTestCaseKeyword.groovy:81)
	at com.kms.katalon.core.keyword.builtin.CallTestCaseKeyword.execute(CallTestCaseKeyword.groovy:44)
	at com.kms.katalon.core.keyword.internal.KeywordExecutor.executeKeywordForPlatform(KeywordExecutor.groovy:74)
	at com.kms.katalon.core.keyword.BuiltinKeywords.callTestCase(BuiltinKeywords.groovy:310)
	at SU-011.run(SU-011:20)
	at com.kms.katalon.core.main.ScriptEngine.run(ScriptEngine.java:194)
	at com.kms.katalon.core.main.ScriptEngine.runScriptAsRawText(ScriptEngine.java:119)
	at com.kms.katalon.core.main.TestCaseExecutor.runScript(TestCaseExecutor.java:448)
	at com.kms.katalon.core.main.TestCaseExecutor.doExecute(TestCaseExecutor.java:439)
	at com.kms.katalon.core.main.TestCaseExecutor.processExecutionPhase(TestCaseExecutor.java:418)
	at com.kms.katalon.core.main.TestCaseExecutor.accessMainPhase(TestCaseExecutor.java:410)
	at com.kms.katalon.core.main.TestCaseExecutor.execute(TestCaseExecutor.java:285)
	at com.kms.katalon.core.common.CommonExecutor.accessTestCaseMainPhase(CommonExecutor.java:65)
	at com.kms.katalon.core.main.TestSuiteExecutor.accessTestSuiteMainPhase(TestSuiteExecutor.java:148)
	at com.kms.katalon.core.main.TestSuiteExecutor.execute(TestSuiteExecutor.java:106)
	at com.kms.katalon.core.main.TestCaseMain.startTestSuite(TestCaseMain.java:187)
	at com.kms.katalon.core.main.TestCaseMain$startTestSuite$0.call(Unknown Source)
	at TempTestSuite1696420804604.run(TempTestSuite1696420804604.groovy:36)
Caused by: Assertion failed: 

assert price_product.contains(HargaCheckout)
       |             |        |
       Rp 1,299      false    2,598

	at PBL-004.run(PBL-004:45)
	at com.kms.katalon.core.main.ScriptEngine.run(ScriptEngine.java:194)
	at com.kms.katalon.core.main.ScriptEngine.runScriptAsRawText(ScriptEngine.java:119)
	at com.kms.katalon.core.main.TestCaseExecutor.runScript(TestCaseExecutor.java:448)
	at com.kms.katalon.core.main.TestCaseExecutor.doExecute(TestCaseExecutor.java:439)
	at com.kms.katalon.core.main.TestCaseExecutor.processExecutionPhase(TestCaseExecutor.java:418)
	at com.kms.katalon.core.main.TestCaseExecutor.accessMainPhase(TestCaseExecutor.java:410)
	at com.kms.katalon.core.main.TestCaseExecutor.execute(TestCaseExecutor.java:285)
	at com.kms.katalon.core.main.TestCaseMain.runTestCase(TestCaseMain.java:144)
	at com.kms.katalon.core.keyword.builtin.CallTestCaseKeyword$_callTestCase_closure1.doCall(CallTestCaseKeyword.groovy:59)
	... 116 more


2023-10-04 19:57:43 - [TEST_STEP][FAILED] - data = callTestCase(findTestCase("T13 Pembelian, Shipment dan Pembayaran/PBL-004"), ["Kurir":"Roda 2"], STOP_ON_FAILURE): Unable to call Test Case 'Test Cases/T13 Pembelian, Shipment dan Pembayaran/PBL-004' (Root cause: com.kms.katalon.core.exception.StepFailedException: Call Test Case 'Test Cases/T13 Pembelian, Shipment dan Pembayaran/PBL-004' failed
	at com.kms.katalon.core.keyword.builtin.CallTestCaseKeyword$_callTestCase_closure1.doCall(CallTestCaseKeyword.groovy:63)
	at com.kms.katalon.core.keyword.builtin.CallTestCaseKeyword$_callTestCase_closure1.call(CallTestCaseKeyword.groovy)
	at com.kms.katalon.core.keyword.internal.KeywordMain.runKeyword(KeywordMain.groovy:75)
	at com.kms.katalon.core.keyword.builtin.CallTestCaseKeyword.callTestCase(CallTestCaseKeyword.groovy:81)
	at com.kms.katalon.core.keyword.builtin.CallTestCaseKeyword.execute(CallTestCaseKeyword.groovy:44)
	at com.kms.katalon.core.keyword.internal.KeywordExecutor.executeKeywordForPlatform(KeywordExecutor.groovy:74)
	at com.kms.katalon.core.keyword.BuiltinKeywords.callTestCase(BuiltinKeywords.groovy:310)
	at PBY-001.run(PBY-001:20)
	at com.kms.katalon.core.main.ScriptEngine.run(ScriptEngine.java:194)
	at com.kms.katalon.core.main.ScriptEngine.runScriptAsRawText(ScriptEngine.java:119)
	at com.kms.katalon.core.main.TestCaseExecutor.runScript(TestCaseExecutor.java:448)
	at com.kms.katalon.core.main.TestCaseExecutor.doExecute(TestCaseExecutor.java:439)
	at com.kms.katalon.core.main.TestCaseExecutor.processExecutionPhase(TestCaseExecutor.java:418)
	at com.kms.katalon.core.main.TestCaseExecutor.accessMainPhase(TestCaseExecutor.java:410)
	at com.kms.katalon.core.main.TestCaseExecutor.execute(TestCaseExecutor.java:285)
	at com.kms.katalon.core.main.TestCaseMain.runTestCase(TestCaseMain.java:144)
	at com.kms.katalon.core.keyword.builtin.CallTestCaseKeyword$_callTestCase_closure1.doCall(CallTestCaseKeyword.groovy:59)
	at com.kms.katalon.core.keyword.builtin.CallTestCaseKeyword$_callTestCase_closure1.call(CallTestCaseKeyword.groovy)
	at com.kms.katalon.core.keyword.internal.KeywordMain.runKeyword(KeywordMain.groovy:75)
	at com.kms.katalon.core.keyword.builtin.CallTestCaseKeyword.callTestCase(CallTestCaseKeyword.groovy:81)
	at com.kms.katalon.core.keyword.builtin.CallTestCaseKeyword.execute(CallTestCaseKeyword.groovy:44)
	at com.kms.katalon.core.keyword.internal.KeywordExecutor.executeKeywordForPlatform(KeywordExecutor.groovy:74)
	at com.kms.katalon.core.keyword.BuiltinKeywords.callTestCase(BuiltinKeywords.groovy:310)
	at PBY-004.run(PBY-004:20)
	at com.kms.katalon.core.main.ScriptEngine.run(ScriptEngine.java:194)
	at com.kms.katalon.core.main.ScriptEngine.runScriptAsRawText(ScriptEngine.java:119)
	at com.kms.katalon.core.main.TestCaseExecutor.runScript(TestCaseExecutor.java:448)
	at com.kms.katalon.core.main.TestCaseExecutor.doExecute(TestCaseExecutor.java:439)
	at com.kms.katalon.core.main.TestCaseExecutor.processExecutionPhase(TestCaseExecutor.java:418)
	at com.kms.katalon.core.main.TestCaseExecutor.accessMainPhase(TestCaseExecutor.java:410)
	at com.kms.katalon.core.main.TestCaseExecutor.execute(TestCaseExecutor.java:285)
	at com.kms.katalon.core.main.TestCaseMain.runTestCase(TestCaseMain.java:144)
	at com.kms.katalon.core.keyword.builtin.CallTestCaseKeyword$_callTestCase_closure1.doCall(CallTestCaseKeyword.groovy:59)
	at com.kms.katalon.core.keyword.builtin.CallTestCaseKeyword$_callTestCase_closure1.call(CallTestCaseKeyword.groovy)
	at com.kms.katalon.core.keyword.internal.KeywordMain.runKeyword(KeywordMain.groovy:75)
	at com.kms.katalon.core.keyword.builtin.CallTestCaseKeyword.callTestCase(CallTestCaseKeyword.groovy:81)
	at com.kms.katalon.core.keyword.builtin.CallTestCaseKeyword.execute(CallTestCaseKeyword.groovy:44)
	at com.kms.katalon.core.keyword.internal.KeywordExecutor.executeKeywordForPlatform(KeywordExecutor.groovy:74)
	at com.kms.katalon.core.keyword.BuiltinKeywords.callTestCase(BuiltinKeywords.groovy:310)
	at PBYA-001.run(PBYA-001:20)
	at com.kms.katalon.core.main.ScriptEngine.run(ScriptEngine.java:194)
	at com.kms.katalon.core.main.ScriptEngine.runScriptAsRawText(ScriptEngine.java:119)
	at com.kms.katalon.core.main.TestCaseExecutor.runScript(TestCaseExecutor.java:448)
	at com.kms.katalon.core.main.TestCaseExecutor.doExecute(TestCaseExecutor.java:439)
	at com.kms.katalon.core.main.TestCaseExecutor.processExecutionPhase(TestCaseExecutor.java:418)
	at com.kms.katalon.core.main.TestCaseExecutor.accessMainPhase(TestCaseExecutor.java:410)
	at com.kms.katalon.core.main.TestCaseExecutor.execute(TestCaseExecutor.java:285)
	at com.kms.katalon.core.main.TestCaseMain.runTestCase(TestCaseMain.java:144)
	at com.kms.katalon.core.keyword.builtin.CallTestCaseKeyword$_callTestCase_closure1.doCall(CallTestCaseKeyword.groovy:59)
	at com.kms.katalon.core.keyword.builtin.CallTestCaseKeyword$_callTestCase_closure1.call(CallTestCaseKeyword.groovy)
	at com.kms.katalon.core.keyword.internal.KeywordMain.runKeyword(KeywordMain.groovy:75)
	at com.kms.katalon.core.keyword.builtin.CallTestCaseKeyword.callTestCase(CallTestCaseKeyword.groovy:81)
	at com.kms.katalon.core.keyword.builtin.CallTestCaseKeyword.execute(CallTestCaseKeyword.groovy:44)
	at com.kms.katalon.core.keyword.internal.KeywordExecutor.executeKeywordForPlatform(KeywordExecutor.groovy:74)
	at com.kms.katalon.core.keyword.BuiltinKeywords.callTestCase(BuiltinKeywords.groovy:310)
	at SA-001.run(SA-001:20)
	at com.kms.katalon.core.main.ScriptEngine.run(ScriptEngine.java:194)
	at com.kms.katalon.core.main.ScriptEngine.runScriptAsRawText(ScriptEngine.java:119)
	at com.kms.katalon.core.main.TestCaseExecutor.runScript(TestCaseExecutor.java:448)
	at com.kms.katalon.core.main.TestCaseExecutor.doExecute(TestCaseExecutor.java:439)
	at com.kms.katalon.core.main.TestCaseExecutor.processExecutionPhase(TestCaseExecutor.java:418)
	at com.kms.katalon.core.main.TestCaseExecutor.accessMainPhase(TestCaseExecutor.java:410)
	at com.kms.katalon.core.main.TestCaseExecutor.execute(TestCaseExecutor.java:285)
	at com.kms.katalon.core.main.TestCaseMain.runTestCase(TestCaseMain.java:144)
	at com.kms.katalon.core.keyword.builtin.CallTestCaseKeyword$_callTestCase_closure1.doCall(CallTestCaseKeyword.groovy:59)
	at com.kms.katalon.core.keyword.builtin.CallTestCaseKeyword$_callTestCase_closure1.call(CallTestCaseKeyword.groovy)
	at com.kms.katalon.core.keyword.internal.KeywordMain.runKeyword(KeywordMain.groovy:75)
	at com.kms.katalon.core.keyword.builtin.CallTestCaseKeyword.callTestCase(CallTestCaseKeyword.groovy:81)
	at com.kms.katalon.core.keyword.builtin.CallTestCaseKeyword.execute(CallTestCaseKeyword.groovy:44)
	at com.kms.katalon.core.keyword.internal.KeywordExecutor.executeKeywordForPlatform(KeywordExecutor.groovy:74)
	at com.kms.katalon.core.keyword.BuiltinKeywords.callTestCase(BuiltinKeywords.groovy:310)
	at SA-002.run(SA-002:20)
	at com.kms.katalon.core.main.ScriptEngine.run(ScriptEngine.java:194)
	at com.kms.katalon.core.main.ScriptEngine.runScriptAsRawText(ScriptEngine.java:119)
	at com.kms.katalon.core.main.TestCaseExecutor.runScript(TestCaseExecutor.java:448)
	at com.kms.katalon.core.main.TestCaseExecutor.doExecute(TestCaseExecutor.java:439)
	at com.kms.katalon.core.main.TestCaseExecutor.processExecutionPhase(TestCaseExecutor.java:418)
	at com.kms.katalon.core.main.TestCaseExecutor.accessMainPhase(TestCaseExecutor.java:410)
	at com.kms.katalon.core.main.TestCaseExecutor.execute(TestCaseExecutor.java:285)
	at com.kms.katalon.core.main.TestCaseMain.runTestCase(TestCaseMain.java:144)
	at com.kms.katalon.core.keyword.builtin.CallTestCaseKeyword$_callTestCase_closure1.doCall(CallTestCaseKeyword.groovy:59)
	at com.kms.katalon.core.keyword.builtin.CallTestCaseKeyword$_callTestCase_closure1.call(CallTestCaseKeyword.groovy)
	at com.kms.katalon.core.keyword.internal.KeywordMain.runKeyword(KeywordMain.groovy:75)
	at com.kms.katalon.core.keyword.builtin.CallTestCaseKeyword.callTestCase(CallTestCaseKeyword.groovy:81)
	at com.kms.katalon.core.keyword.builtin.CallTestCaseKeyword.execute(CallTestCaseKeyword.groovy:44)
	at com.kms.katalon.core.keyword.internal.KeywordExecutor.executeKeywordForPlatform(KeywordExecutor.groovy:74)
	at com.kms.katalon.core.keyword.BuiltinKeywords.callTestCase(BuiltinKeywords.groovy:310)
	at SA-004.run(SA-004:20)
	at com.kms.katalon.core.main.ScriptEngine.run(ScriptEngine.java:194)
	at com.kms.katalon.core.main.ScriptEngine.runScriptAsRawText(ScriptEngine.java:119)
	at com.kms.katalon.core.main.TestCaseExecutor.runScript(TestCaseExecutor.java:448)
	at com.kms.katalon.core.main.TestCaseExecutor.doExecute(TestCaseExecutor.java:439)
	at com.kms.katalon.core.main.TestCaseExecutor.processExecutionPhase(TestCaseExecutor.java:418)
	at com.kms.katalon.core.main.TestCaseExecutor.accessMainPhase(TestCaseExecutor.java:410)
	at com.kms.katalon.core.main.TestCaseExecutor.execute(TestCaseExecutor.java:285)
	at com.kms.katalon.core.main.TestCaseMain.runTestCase(TestCaseMain.java:144)
	at com.kms.katalon.core.keyword.builtin.CallTestCaseKeyword$_callTestCase_closure1.doCall(CallTestCaseKeyword.groovy:59)
	at com.kms.katalon.core.keyword.builtin.CallTestCaseKeyword$_callTestCase_closure1.call(CallTestCaseKeyword.groovy)
	at com.kms.katalon.core.keyword.internal.KeywordMain.runKeyword(KeywordMain.groovy:75)
	at com.kms.katalon.core.keyword.builtin.CallTestCaseKeyword.callTestCase(CallTestCaseKeyword.groovy:81)
	at com.kms.katalon.core.keyword.builtin.CallTestCaseKeyword.execute(CallTestCaseKeyword.groovy:44)
	at com.kms.katalon.core.keyword.internal.KeywordExecutor.executeKeywordForPlatform(KeywordExecutor.groovy:74)
	at com.kms.katalon.core.keyword.BuiltinKeywords.callTestCase(BuiltinKeywords.groovy:310)
	at SU-011.run(SU-011:20)
	at com.kms.katalon.core.main.ScriptEngine.run(ScriptEngine.java:194)
	at com.kms.katalon.core.main.ScriptEngine.runScriptAsRawText(ScriptEngine.java:119)
	at com.kms.katalon.core.main.TestCaseExecutor.runScript(TestCaseExecutor.java:448)
	at com.kms.katalon.core.main.TestCaseExecutor.doExecute(TestCaseExecutor.java:439)
	at com.kms.katalon.core.main.TestCaseExecutor.processExecutionPhase(TestCaseExecutor.java:418)
	at com.kms.katalon.core.main.TestCaseExecutor.accessMainPhase(TestCaseExecutor.java:410)
	at com.kms.katalon.core.main.TestCaseExecutor.execute(TestCaseExecutor.java:285)
	at com.kms.katalon.core.common.CommonExecutor.accessTestCaseMainPhase(CommonExecutor.java:65)
	at com.kms.katalon.core.main.TestSuiteExecutor.accessTestSuiteMainPhase(TestSuiteExecutor.java:148)
	at com.kms.katalon.core.main.TestSuiteExecutor.execute(TestSuiteExecutor.java:106)
	at com.kms.katalon.core.main.TestCaseMain.startTestSuite(TestCaseMain.java:187)
	at com.kms.katalon.core.main.TestCaseMain$startTestSuite$0.call(Unknown Source)
	at TempTestSuite1696420804604.run(TempTestSuite1696420804604.groovy:36)
Caused by: Assertion failed: 

assert price_product.contains(HargaCheckout)
       |             |        |
       Rp 1,299      false    2,598

	at PBL-004.run(PBL-004:45)
	at com.kms.katalon.core.main.ScriptEngine.run(ScriptEngine.java:194)
	at com.kms.katalon.core.main.ScriptEngine.runScriptAsRawText(ScriptEngine.java:119)
	at com.kms.katalon.core.main.TestCaseExecutor.runScript(TestCaseExecutor.java:448)
	at com.kms.katalon.core.main.TestCaseExecutor.doExecute(TestCaseExecutor.java:439)
	at com.kms.katalon.core.main.TestCaseExecutor.processExecutionPhase(TestCaseExecutor.java:418)
	at com.kms.katalon.core.main.TestCaseExecutor.accessMainPhase(TestCaseExecutor.java:410)
	at com.kms.katalon.core.main.TestCaseExecutor.execute(TestCaseExecutor.java:285)
	at com.kms.katalon.core.main.TestCaseMain.runTestCase(TestCaseMain.java:144)
	at com.kms.katalon.core.keyword.builtin.CallTestCaseKeyword$_callTestCase_closure1.doCall(CallTestCaseKeyword.groovy:59)
	... 116 more
)

2023-10-04 19:57:43 - [TEST_CASE][FAILED] - Test Cases/T13 Pembelian, Shipment dan Pembayaran/PBL-004: Test Cases/T13 Pembelian, Shipment dan Pembayaran/PBL-004 FAILED.
Reason:
Assertion failed: 

assert price_product.contains(HargaCheckout)
       |             |        |
       Rp 1,299      false    2,598

	at PBL-004.run(PBL-004:45)
	at com.kms.katalon.core.main.ScriptEngine.run(ScriptEngine.java:194)
	at com.kms.katalon.core.main.ScriptEngine.runScriptAsRawText(ScriptEngine.java:119)
	at com.kms.katalon.core.main.TestCaseExecutor.runScript(TestCaseExecutor.java:448)
	at com.kms.katalon.core.main.TestCaseExecutor.doExecute(TestCaseExecutor.java:439)
	at com.kms.katalon.core.main.TestCaseExecutor.processExecutionPhase(TestCaseExecutor.java:418)
	at com.kms.katalon.core.main.TestCaseExecutor.accessMainPhase(TestCaseExecutor.java:410)
	at com.kms.katalon.core.main.TestCaseExecutor.execute(TestCaseExecutor.java:285)
	at com.kms.katalon.core.main.TestCaseMain.runTestCase(TestCaseMain.java:144)
	at com.kms.katalon.core.keyword.builtin.CallTestCaseKeyword$_callTestCase_closure1.doCall(CallTestCaseKeyword.groovy:59)
	at com.kms.katalon.core.keyword.builtin.CallTestCaseKeyword$_callTestCase_closure1.call(CallTestCaseKeyword.groovy)
	at com.kms.katalon.core.keyword.internal.KeywordMain.runKeyword(KeywordMain.groovy:75)
	at com.kms.katalon.core.keyword.builtin.CallTestCaseKeyword.callTestCase(CallTestCaseKeyword.groovy:81)
	at com.kms.katalon.core.keyword.builtin.CallTestCaseKeyword.execute(CallTestCaseKeyword.groovy:44)
	at com.kms.katalon.core.keyword.internal.KeywordExecutor.executeKeywordForPlatform(KeywordExecutor.groovy:74)
	at com.kms.katalon.core.keyword.BuiltinKeywords.callTestCase(BuiltinKeywords.groovy:310)
	at PBY-001.run(PBY-001:20)
	at com.kms.katalon.core.main.ScriptEngine.run(ScriptEngine.java:194)
	at com.kms.katalon.core.main.ScriptEngine.runScriptAsRawText(ScriptEngine.java:119)
	at com.kms.katalon.core.main.TestCaseExecutor.runScript(TestCaseExecutor.java:448)
	at com.kms.katalon.core.main.TestCaseExecutor.doExecute(TestCaseExecutor.java:439)
	at com.kms.katalon.core.main.TestCaseExecutor.processExecutionPhase(TestCaseExecutor.java:418)
	at com.kms.katalon.core.main.TestCaseExecutor.accessMainPhase(TestCaseExecutor.java:410)
	at com.kms.katalon.core.main.TestCaseExecutor.execute(TestCaseExecutor.java:285)
	at com.kms.katalon.core.main.TestCaseMain.runTestCase(TestCaseMain.java:144)
	at com.kms.katalon.core.keyword.builtin.CallTestCaseKeyword$_callTestCase_closure1.doCall(CallTestCaseKeyword.groovy:59)
	at com.kms.katalon.core.keyword.builtin.CallTestCaseKeyword$_callTestCase_closure1.call(CallTestCaseKeyword.groovy)
	at com.kms.katalon.core.keyword.internal.KeywordMain.runKeyword(KeywordMain.groovy:75)
	at com.kms.katalon.core.keyword.builtin.CallTestCaseKeyword.callTestCase(CallTestCaseKeyword.groovy:81)
	at com.kms.katalon.core.keyword.builtin.CallTestCaseKeyword.execute(CallTestCaseKeyword.groovy:44)
	at com.kms.katalon.core.keyword.internal.KeywordExecutor.executeKeywordForPlatform(KeywordExecutor.groovy:74)
	at com.kms.katalon.core.keyword.BuiltinKeywords.callTestCase(BuiltinKeywords.groovy:310)
	at PBY-004.run(PBY-004:20)
	at com.kms.katalon.core.main.ScriptEngine.run(ScriptEngine.java:194)
	at com.kms.katalon.core.main.ScriptEngine.runScriptAsRawText(ScriptEngine.java:119)
	at com.kms.katalon.core.main.TestCaseExecutor.runScript(TestCaseExecutor.java:448)
	at com.kms.katalon.core.main.TestCaseExecutor.doExecute(TestCaseExecutor.java:439)
	at com.kms.katalon.core.main.TestCaseExecutor.processExecutionPhase(TestCaseExecutor.java:418)
	at com.kms.katalon.core.main.TestCaseExecutor.accessMainPhase(TestCaseExecutor.java:410)
	at com.kms.katalon.core.main.TestCaseExecutor.execute(TestCaseExecutor.java:285)
	at com.kms.katalon.core.main.TestCaseMain.runTestCase(TestCaseMain.java:144)
	at com.kms.katalon.core.keyword.builtin.CallTestCaseKeyword$_callTestCase_closure1.doCall(CallTestCaseKeyword.groovy:59)
	at com.kms.katalon.core.keyword.builtin.CallTestCaseKeyword$_callTestCase_closure1.call(CallTestCaseKeyword.groovy)
	at com.kms.katalon.core.keyword.internal.KeywordMain.runKeyword(KeywordMain.groovy:75)
	at com.kms.katalon.core.keyword.builtin.CallTestCaseKeyword.callTestCase(CallTestCaseKeyword.groovy:81)
	at com.kms.katalon.core.keyword.builtin.CallTestCaseKeyword.execute(CallTestCaseKeyword.groovy:44)
	at com.kms.katalon.core.keyword.internal.KeywordExecutor.executeKeywordForPlatform(KeywordExecutor.groovy:74)
	at com.kms.katalon.core.keyword.BuiltinKeywords.callTestCase(BuiltinKeywords.groovy:310)
	at PBYA-001.run(PBYA-001:20)
	at com.kms.katalon.core.main.ScriptEngine.run(ScriptEngine.java:194)
	at com.kms.katalon.core.main.ScriptEngine.runScriptAsRawText(ScriptEngine.java:119)
	at com.kms.katalon.core.main.TestCaseExecutor.runScript(TestCaseExecutor.java:448)
	at com.kms.katalon.core.main.TestCaseExecutor.doExecute(TestCaseExecutor.java:439)
	at com.kms.katalon.core.main.TestCaseExecutor.processExecutionPhase(TestCaseExecutor.java:418)
	at com.kms.katalon.core.main.TestCaseExecutor.accessMainPhase(TestCaseExecutor.java:410)
	at com.kms.katalon.core.main.TestCaseExecutor.execute(TestCaseExecutor.java:285)
	at com.kms.katalon.core.main.TestCaseMain.runTestCase(TestCaseMain.java:144)
	at com.kms.katalon.core.keyword.builtin.CallTestCaseKeyword$_callTestCase_closure1.doCall(CallTestCaseKeyword.groovy:59)
	at com.kms.katalon.core.keyword.builtin.CallTestCaseKeyword$_callTestCase_closure1.call(CallTestCaseKeyword.groovy)
	at com.kms.katalon.core.keyword.internal.KeywordMain.runKeyword(KeywordMain.groovy:75)
	at com.kms.katalon.core.keyword.builtin.CallTestCaseKeyword.callTestCase(CallTestCaseKeyword.groovy:81)
	at com.kms.katalon.core.keyword.builtin.CallTestCaseKeyword.execute(CallTestCaseKeyword.groovy:44)
	at com.kms.katalon.core.keyword.internal.KeywordExecutor.executeKeywordForPlatform(KeywordExecutor.groovy:74)
	at com.kms.katalon.core.keyword.BuiltinKeywords.callTestCase(BuiltinKeywords.groovy:310)
	at SA-001.run(SA-001:20)
	at com.kms.katalon.core.main.ScriptEngine.run(ScriptEngine.java:194)
	at com.kms.katalon.core.main.ScriptEngine.runScriptAsRawText(ScriptEngine.java:119)
	at com.kms.katalon.core.main.TestCaseExecutor.runScript(TestCaseExecutor.java:448)
	at com.kms.katalon.core.main.TestCaseExecutor.doExecute(TestCaseExecutor.java:439)
	at com.kms.katalon.core.main.TestCaseExecutor.processExecutionPhase(TestCaseExecutor.java:418)
	at com.kms.katalon.core.main.TestCaseExecutor.accessMainPhase(TestCaseExecutor.java:410)
	at com.kms.katalon.core.main.TestCaseExecutor.execute(TestCaseExecutor.java:285)
	at com.kms.katalon.core.main.TestCaseMain.runTestCase(TestCaseMain.java:144)
	at com.kms.katalon.core.keyword.builtin.CallTestCaseKeyword$_callTestCase_closure1.doCall(CallTestCaseKeyword.groovy:59)
	at com.kms.katalon.core.keyword.builtin.CallTestCaseKeyword$_callTestCase_closure1.call(CallTestCaseKeyword.groovy)
	at com.kms.katalon.core.keyword.internal.KeywordMain.runKeyword(KeywordMain.groovy:75)
	at com.kms.katalon.core.keyword.builtin.CallTestCaseKeyword.callTestCase(CallTestCaseKeyword.groovy:81)
	at com.kms.katalon.core.keyword.builtin.CallTestCaseKeyword.execute(CallTestCaseKeyword.groovy:44)
	at com.kms.katalon.core.keyword.internal.KeywordExecutor.executeKeywordForPlatform(KeywordExecutor.groovy:74)
	at com.kms.katalon.core.keyword.BuiltinKeywords.callTestCase(BuiltinKeywords.groovy:310)
	at SA-002.run(SA-002:20)
	at com.kms.katalon.core.main.ScriptEngine.run(ScriptEngine.java:194)
	at com.kms.katalon.core.main.ScriptEngine.runScriptAsRawText(ScriptEngine.java:119)
	at com.kms.katalon.core.main.TestCaseExecutor.runScript(TestCaseExecutor.java:448)
	at com.kms.katalon.core.main.TestCaseExecutor.doExecute(TestCaseExecutor.java:439)
	at com.kms.katalon.core.main.TestCaseExecutor.processExecutionPhase(TestCaseExecutor.java:418)
	at com.kms.katalon.core.main.TestCaseExecutor.accessMainPhase(TestCaseExecutor.java:410)
	at com.kms.katalon.core.main.TestCaseExecutor.execute(TestCaseExecutor.java:285)
	at com.kms.katalon.core.main.TestCaseMain.runTestCase(TestCaseMain.java:144)
	at com.kms.katalon.core.keyword.builtin.CallTestCaseKeyword$_callTestCase_closure1.doCall(CallTestCaseKeyword.groovy:59)
	at com.kms.katalon.core.keyword.builtin.CallTestCaseKeyword$_callTestCase_closure1.call(CallTestCaseKeyword.groovy)
	at com.kms.katalon.core.keyword.internal.KeywordMain.runKeyword(KeywordMain.groovy:75)
	at com.kms.katalon.core.keyword.builtin.CallTestCaseKeyword.callTestCase(CallTestCaseKeyword.groovy:81)
	at com.kms.katalon.core.keyword.builtin.CallTestCaseKeyword.execute(CallTestCaseKeyword.groovy:44)
	at com.kms.katalon.core.keyword.internal.KeywordExecutor.executeKeywordForPlatform(KeywordExecutor.groovy:74)
	at com.kms.katalon.core.keyword.BuiltinKeywords.callTestCase(BuiltinKeywords.groovy:310)
	at SA-004.run(SA-004:20)
	at com.kms.katalon.core.main.ScriptEngine.run(ScriptEngine.java:194)
	at com.kms.katalon.core.main.ScriptEngine.runScriptAsRawText(ScriptEngine.java:119)
	at com.kms.katalon.core.main.TestCaseExecutor.runScript(TestCaseExecutor.java:448)
	at com.kms.katalon.core.main.TestCaseExecutor.doExecute(TestCaseExecutor.java:439)
	at com.kms.katalon.core.main.TestCaseExecutor.processExecutionPhase(TestCaseExecutor.java:418)
	at com.kms.katalon.core.main.TestCaseExecutor.accessMainPhase(TestCaseExecutor.java:410)
	at com.kms.katalon.core.main.TestCaseExecutor.execute(TestCaseExecutor.java:285)
	at com.kms.katalon.core.main.TestCaseMain.runTestCase(TestCaseMain.java:144)
	at com.kms.katalon.core.keyword.builtin.CallTestCaseKeyword$_callTestCase_closure1.doCall(CallTestCaseKeyword.groovy:59)
	at com.kms.katalon.core.keyword.builtin.CallTestCaseKeyword$_callTestCase_closure1.call(CallTestCaseKeyword.groovy)
	at com.kms.katalon.core.keyword.internal.KeywordMain.runKeyword(KeywordMain.groovy:75)
	at com.kms.katalon.core.keyword.builtin.CallTestCaseKeyword.callTestCase(CallTestCaseKeyword.groovy:81)
	at com.kms.katalon.core.keyword.builtin.CallTestCaseKeyword.execute(CallTestCaseKeyword.groovy:44)
	at com.kms.katalon.core.keyword.internal.KeywordExecutor.executeKeywordForPlatform(KeywordExecutor.groovy:74)
	at com.kms.katalon.core.keyword.BuiltinKeywords.callTestCase(BuiltinKeywords.groovy:310)
	at SU-011.run(SU-011:20)
	at com.kms.katalon.core.main.ScriptEngine.run(ScriptEngine.java:194)
	at com.kms.katalon.core.main.ScriptEngine.runScriptAsRawText(ScriptEngine.java:119)
	at com.kms.katalon.core.main.TestCaseExecutor.runScript(TestCaseExecutor.java:448)
	at com.kms.katalon.core.main.TestCaseExecutor.doExecute(TestCaseExecutor.java:439)
	at com.kms.katalon.core.main.TestCaseExecutor.processExecutionPhase(TestCaseExecutor.java:418)
	at com.kms.katalon.core.main.TestCaseExecutor.accessMainPhase(TestCaseExecutor.java:410)
	at com.kms.katalon.core.main.TestCaseExecutor.execute(TestCaseExecutor.java:285)
	at com.kms.katalon.core.common.CommonExecutor.accessTestCaseMainPhase(CommonExecutor.java:65)
	at com.kms.katalon.core.main.TestSuiteExecutor.accessTestSuiteMainPhase(TestSuiteExecutor.java:148)
	at com.kms.katalon.core.main.TestSuiteExecutor.execute(TestSuiteExecutor.java:106)
	at com.kms.katalon.core.main.TestCaseMain.startTestSuite(TestCaseMain.java:187)
	at com.kms.katalon.core.main.TestCaseMain$startTestSuite$0.call(Unknown Source)
	at TempTestSuite1696420804604.run(TempTestSuite1696420804604.groovy:36)


2023-10-04 19:57:43 - [TEST_STEP][PASSED] - data = callTestCase(findTestCase("T13 Pembelian, Shipment dan Pembayaran/PBL-002"), [:], STOP_ON_FAILURE): Call Test Case 'Test Cases/T13 Pembelian, Shipment dan Pembayaran/PBL-002' successfully

2023-10-04 19:57:43 - [TEST_CASE][PASSED] - Test Cases/T13 Pembelian, Shipment dan Pembayaran/PBL-002: Test Cases/T13 Pembelian, Shipment dan Pembayaran/PBL-002

2023-10-04 19:57:43 - [TEST_STEP][PASSED] - data = callTestCase(findTestCase("T13 Pembelian, Shipment dan Pembayaran/PBL-001"), [:], STOP_ON_FAILURE): Call Test Case 'Test Cases/T13 Pembelian, Shipment dan Pembayaran/PBL-001' successfully

2023-10-04 19:57:43 - [TEST_CASE][PASSED] - Test Cases/T13 Pembelian, Shipment dan Pembayaran/PBL-001: Test Cases/T13 Pembelian, Shipment dan Pembayaran/PBL-001

2023-10-04 19:57:43 - [TEST_STEP][PASSED] - callTestCase(findTestCase("T13 Pembelian, Shipment dan Pembayaran/LU-001"), ["username":"irfanafandi", "password":"12345irfan"], STOP_ON_FAILURE): Call Test Case 'Test Cases/T13 Pembelian, Shipment dan Pembayaran/LU-001' successfully

2023-10-04 19:57:43 - [TEST_CASE][PASSED] - Test Cases/T13 Pembelian, Shipment dan Pembayaran/LU-001: Test Cases/T13 Pembelian, Shipment dan Pembayaran/LU-001

2023-10-04 19:57:43 - [TEST_STEP][PASSED] - openBrowser("https://10.9.2.63/ecommerce/"): Browser is opened with url: 'https://10.9.2.63/ecommerce/'

2023-10-04 19:57:43 - [MESSAGE][WARNING] - A browser is already opened. Closing browser and opening a new one

2023-10-04 19:57:44 - [MESSAGE][INFO] - Starting 'Firefox' driver

2023-10-04 19:57:44 - [MESSAGE][INFO] - User set preference: ['args', '[--disable-notifications]']

2023-10-04 19:57:44 - [MESSAGE][INFO] - Action delay is set to 0 milliseconds

2023-10-04 19:57:50 - [MESSAGE][PASSED] - Browser is opened with url: 'https://10.9.2.63/ecommerce/'

2023-10-04 19:57:50 - [TEST_STEP][PASSED] - maximizeWindow(): Current window maximized

2023-10-04 19:57:50 - [MESSAGE][PASSED] - Current window maximized

2023-10-04 19:57:50 - [TEST_STEP][PASSED] - verifyElementPresent(findTestObject("Login/Home"), 0): Object 'Object Repository/Login/Home' is present

2023-10-04 19:57:50 - [MESSAGE][WARNING] - Timeout '0' is invalid. Using default page load timeout: '30'

2023-10-04 19:57:50 - [MESSAGE][PASSED] - Object 'Object Repository/Login/Home' is present

2023-10-04 19:57:50 - [TEST_STEP][PASSED] - click(findTestObject("Login/a_Login")): Object: 'Object Repository/Login/a_Login' is clicked on

2023-10-04 19:57:51 - [MESSAGE][PASSED] - Object: 'Object Repository/Login/a_Login' is clicked on

2023-10-04 19:57:51 - [TEST_STEP][PASSED] - verifyElementPresent(findTestObject("Login/Tittle Login"), 0): Object 'Object Repository/Login/Tittle Login' is present

2023-10-04 19:57:51 - [MESSAGE][WARNING] - Timeout '0' is invalid. Using default page load timeout: '30'

2023-10-04 19:57:51 - [MESSAGE][PASSED] - Object 'Object Repository/Login/Tittle Login' is present

2023-10-04 19:57:51 - [TEST_STEP][PASSED] - setText(findTestObject("Login/input_Username, Email atau No. Handphone_a"), username): Text 'irfanafandi' is set on object 'Object Repository/Login/input_Username, Email atau No. Handphone_a'

2023-10-04 19:57:52 - [MESSAGE][PASSED] - Text 'irfanafandi' is set on object 'Object Repository/Login/input_Username, Email atau No. Handphone_a'

2023-10-04 19:57:52 - [TEST_STEP][PASSED] - setText(findTestObject("Login/input_Password_b"), password): Text '12345irfan' is set on object 'Object Repository/Login/input_Password_b'

2023-10-04 19:57:53 - [MESSAGE][PASSED] - Text '12345irfan' is set on object 'Object Repository/Login/input_Password_b'

2023-10-04 19:57:53 - [TEST_STEP][PASSED] - click(findTestObject("Login/label_Ingat saya")): Object: 'Object Repository/Login/label_Ingat saya' is clicked on

2023-10-04 19:57:53 - [MESSAGE][PASSED] - Object: 'Object Repository/Login/label_Ingat saya' is clicked on

2023-10-04 19:57:53 - [TEST_STEP][PASSED] - click(findTestObject("Login/button_Masuk")): Object: 'Object Repository/Login/button_Masuk' is clicked on

2023-10-04 19:57:55 - [MESSAGE][PASSED] - Object: 'Object Repository/Login/button_Masuk' is clicked on

2023-10-04 19:57:55 - [TEST_STEP][PASSED] - verifyElementPresent(findTestObject("Login/li_Profile"), 0): Object 'Object Repository/Login/li_Profile' is present

2023-10-04 19:57:55 - [MESSAGE][WARNING] - Timeout '0' is invalid. Using default page load timeout: '30'

2023-10-04 19:57:55 - [MESSAGE][PASSED] - Object 'Object Repository/Login/li_Profile' is present

2023-10-04 19:57:55 - [MESSAGE][PASSED] - Call Test Case 'Test Cases/T13 Pembelian, Shipment dan Pembayaran/LU-001' successfully

2023-10-04 19:57:55 - [TEST_STEP][PASSED] - mouseOver(findTestObject("beli barang/i_Mulai Belanja_icon-menu")): Object: 'Object Repository/beli barang/i_Mulai Belanja_icon-menu' is hovered

2023-10-04 19:57:56 - [MESSAGE][PASSED] - Object: 'Object Repository/beli barang/i_Mulai Belanja_icon-menu' is hovered

2023-10-04 19:57:56 - [TEST_STEP][PASSED] - click(findTestObject("beli barang/a_Fashion  Busana Wanita")): Object: 'Object Repository/beli barang/a_Fashion  Busana Wanita' is clicked on

2023-10-04 19:57:57 - [MESSAGE][PASSED] - Object: 'Object Repository/beli barang/a_Fashion  Busana Wanita' is clicked on

2023-10-04 19:57:57 - [TEST_STEP][PASSED] - NamaSebelum = getText(findTestObject("verifikasi/Nama sebelum")): Text of object 'Object Repository/verifikasi/Nama sebelum' is: ''

2023-10-04 19:57:57 - [MESSAGE][PASSED] - Text of object 'Object Repository/verifikasi/Nama sebelum' is: ''

2023-10-04 19:57:57 - [TEST_STEP][PASSED] - HargaSebelum = getText(findTestObject("verifikasi/Harga sebelum")): Text of object 'Object Repository/verifikasi/Harga sebelum' is: ''

2023-10-04 19:57:58 - [MESSAGE][PASSED] - Text of object 'Object Repository/verifikasi/Harga sebelum' is: ''

2023-10-04 19:57:58 - [TEST_STEP][PASSED] - mouseOver(findTestObject("beli barang/barang mouse over")): Object: 'Object Repository/beli barang/barang mouse over' is hovered

2023-10-04 19:57:58 - [MESSAGE][PASSED] - Object: 'Object Repository/beli barang/barang mouse over' is hovered

2023-10-04 19:57:58 - [TEST_STEP][PASSED] - click(findTestObject("beli barang/buttom add to cart")): Object: 'Object Repository/beli barang/buttom add to cart' is clicked on

2023-10-04 19:58:00 - [MESSAGE][PASSED] - Object: 'Object Repository/beli barang/buttom add to cart' is clicked on

2023-10-04 19:58:00 - [TEST_STEP][PASSED] - NamaSesudah = getText(findTestObject("verifikasi/Nama sesudah")): Text of object 'Object Repository/verifikasi/Nama sesudah' is: 'Segitiga Instan Madeira - MDB5.3 Sunset'

2023-10-04 19:58:00 - [MESSAGE][PASSED] - Text of object 'Object Repository/verifikasi/Nama sesudah' is: 'Segitiga Instan Madeira - MDB5.3 Sunset'

2023-10-04 19:58:00 - [TEST_STEP][PASSED] - HargaSesudah = getText(findTestObject("verifikasi/Harga sesudah")): Text of object 'Object Repository/verifikasi/Harga sesudah' is: 'Rp 1,299'

2023-10-04 19:58:01 - [MESSAGE][PASSED] - Text of object 'Object Repository/verifikasi/Harga sesudah' is: 'Rp 1,299'

2023-10-04 19:58:01 - [TEST_STEP][PASSED] - assert NamaSesudah.contains(NamaSebelum): null

2023-10-04 19:58:01 - [TEST_STEP][PASSED] - assert HargaSesudah.contains(HargaSebelum): null

2023-10-04 19:58:01 - [TEST_STEP][PASSED] - click(findTestObject("beli barang/Tambah Keranjang busana wanita")): Object: 'Object Repository/beli barang/Tambah Keranjang busana wanita' is clicked on

2023-10-04 19:58:01 - [MESSAGE][PASSED] - Object: 'Object Repository/beli barang/Tambah Keranjang busana wanita' is clicked on

2023-10-04 19:58:01 - [TEST_STEP][PASSED] - verifyElementPresent(findTestObject("checkout/Notifikasi keranjang"), 1): Object 'Object Repository/checkout/Notifikasi keranjang' is present

2023-10-04 19:58:02 - [MESSAGE][PASSED] - Object 'Object Repository/checkout/Notifikasi keranjang' is present

2023-10-04 19:58:02 - [TEST_STEP][PASSED] - data = new java.util.HashMap(): null

2023-10-04 19:58:02 - [TEST_STEP][PASSED] - data.put("nama_barang", NamaSesudah): null

2023-10-04 19:58:02 - [TEST_STEP][PASSED] - data.put("price_barang", HargaSesudah): null

2023-10-04 19:58:02 - [TEST_STEP][PASSED] - return data: null

2023-10-04 19:58:02 - [MESSAGE][PASSED] - Call Test Case 'Test Cases/T13 Pembelian, Shipment dan Pembayaran/PBL-001' successfully

2023-10-04 19:58:02 - [TEST_STEP][PASSED] - mouseOver(findTestObject("beli barang/keranjang")): Object: 'Object Repository/beli barang/keranjang' is hovered

2023-10-04 19:58:03 - [MESSAGE][PASSED] - Object: 'Object Repository/beli barang/keranjang' is hovered

2023-10-04 19:58:03 - [TEST_STEP][PASSED] - click(findTestObject("beli barang/Lihat Sekarang")): Object: 'Object Repository/beli barang/Lihat Sekarang' is clicked on

2023-10-04 19:58:04 - [MESSAGE][PASSED] - Object: 'Object Repository/beli barang/Lihat Sekarang' is clicked on

2023-10-04 19:58:04 - [TEST_STEP][PASSED] - verifyElementPresent(findTestObject("keranjang/li_Keranjang Belanja"), 0): Object 'Object Repository/keranjang/li_Keranjang Belanja' is present

2023-10-04 19:58:04 - [MESSAGE][WARNING] - Timeout '0' is invalid. Using default page load timeout: '30'

2023-10-04 19:58:05 - [MESSAGE][PASSED] - Object 'Object Repository/keranjang/li_Keranjang Belanja' is present

2023-10-04 19:58:05 - [TEST_STEP][PASSED] - NamaKeranjang = getText(findTestObject("verifikasi/Nama keranjang")): Text of object 'Object Repository/verifikasi/Nama keranjang' is: 'Segitiga Instan Madeira - MDB5.3 Sunset'

2023-10-04 19:58:05 - [MESSAGE][PASSED] - Text of object 'Object Repository/verifikasi/Nama keranjang' is: 'Segitiga Instan Madeira - MDB5.3 Sunset'

2023-10-04 19:58:05 - [TEST_STEP][PASSED] - HargaKeranjang = getText(findTestObject("verifikasi/Harga Keranjang")): Text of object 'Object Repository/verifikasi/Harga Keranjang' is: 'Rp 1,299'

2023-10-04 19:58:05 - [MESSAGE][PASSED] - Text of object 'Object Repository/verifikasi/Harga Keranjang' is: 'Rp 1,299'

2023-10-04 19:58:05 - [TEST_STEP][PASSED] - if (toString().equalsIgnoreCase("Merah")): Object 'Object Repository/keranjang/input_Warna_variasi101' is checked

2023-10-04 19:58:05 - [TEST_STEP][PASSED] - check(findTestObject("Object Repository/keranjang/input_Warna_variasi101")): Object 'Object Repository/keranjang/input_Warna_variasi101' is checked

2023-10-04 19:58:06 - [MESSAGE][PASSED] - Object 'Object Repository/keranjang/input_Warna_variasi101' is checked

2023-10-04 19:58:06 - [TEST_STEP][PASSED] - if (toString().equalsIgnoreCase("Menengah")): Object 'Object Repository/keranjang/input_Ukuran_variasi201' is checked

2023-10-04 19:58:06 - [TEST_STEP][PASSED] - check(findTestObject("Object Repository/keranjang/input_Ukuran_variasi201")): Object 'Object Repository/keranjang/input_Ukuran_variasi201' is checked

2023-10-04 19:58:07 - [MESSAGE][PASSED] - Object 'Object Repository/keranjang/input_Ukuran_variasi201' is checked

2023-10-04 19:58:07 - [TEST_STEP][PASSED] - data.put("Warna", warna): null

2023-10-04 19:58:07 - [TEST_STEP][PASSED] - data.put("Ukuran", ukuran): null

2023-10-04 19:58:07 - [TEST_STEP][PASSED] - click(findTestObject("keranjang/button_Lanjut ke Pembayaran")): Object: 'Object Repository/keranjang/button_Lanjut ke Pembayaran' is clicked on

2023-10-04 19:58:08 - [MESSAGE][PASSED] - Object: 'Object Repository/keranjang/button_Lanjut ke Pembayaran' is clicked on

2023-10-04 19:58:08 - [TEST_STEP][PASSED] - verifyElementPresent(findTestObject("checkout/Tittle Checkout Order"), 0): Object 'Object Repository/checkout/Tittle Checkout Order' is present

2023-10-04 19:58:08 - [MESSAGE][WARNING] - Timeout '0' is invalid. Using default page load timeout: '30'

2023-10-04 19:58:09 - [MESSAGE][PASSED] - Object 'Object Repository/checkout/Tittle Checkout Order' is present

2023-10-04 19:58:09 - [TEST_STEP][PASSED] - name_product = data.get("nama_barang"): null

2023-10-04 19:58:09 - [TEST_STEP][PASSED] - price_product = data.get("price_barang"): null

2023-10-04 19:58:09 - [TEST_STEP][PASSED] - assert name_product == NamaKeranjang: null

2023-10-04 19:58:09 - [TEST_STEP][PASSED] - assert price_product == HargaKeranjang: null

2023-10-04 19:58:09 - [TEST_STEP][PASSED] - return data: null

2023-10-04 19:58:09 - [MESSAGE][PASSED] - Call Test Case 'Test Cases/T13 Pembelian, Shipment dan Pembayaran/PBL-002' successfully

2023-10-04 19:58:09 - [TEST_STEP][PASSED] - warnaa = getText(findTestObject("verifikasi/warna Merah")): Text of object 'Object Repository/verifikasi/warna Merah' is: 'Merah'

2023-10-04 19:58:09 - [MESSAGE][PASSED] - Text of object 'Object Repository/verifikasi/warna Merah' is: 'Merah'

2023-10-04 19:58:09 - [TEST_STEP][PASSED] - ukurann = getText(findTestObject("verifikasi/Ukuran Menengah")): Text of object 'Object Repository/verifikasi/Ukuran Menengah' is: 'Menengah'

2023-10-04 19:58:09 - [MESSAGE][PASSED] - Text of object 'Object Repository/verifikasi/Ukuran Menengah' is: 'Menengah'

2023-10-04 19:58:09 - [TEST_STEP][PASSED] - warna1 = data.get("Warna"): null

2023-10-04 19:58:09 - [TEST_STEP][PASSED] - ukuran1 = data.get("Ukuran"): null

2023-10-04 19:58:09 - [TEST_STEP][PASSED] - assert warnaa == warna1: null

2023-10-04 19:58:09 - [TEST_STEP][PASSED] - assert ukurann == ukuran1: null

2023-10-04 19:58:09 - [TEST_STEP][PASSED] - NamaCheckout = getText(findTestObject("verifikasi/NamaCheckout")): Text of object 'Object Repository/verifikasi/NamaCheckout' is: ''

2023-10-04 19:58:10 - [MESSAGE][PASSED] - Text of object 'Object Repository/verifikasi/NamaCheckout' is: ''

2023-10-04 19:58:10 - [TEST_STEP][PASSED] - HargaCheckout = getText(findTestObject("verifikasi/HargaCheckout")): Text of object 'Object Repository/verifikasi/HargaCheckout' is: '2,598'

2023-10-04 19:58:10 - [MESSAGE][PASSED] - Text of object 'Object Repository/verifikasi/HargaCheckout' is: '2,598'

2023-10-04 19:58:10 - [TEST_STEP][PASSED] - name_product = data.get("nama_barang"): null

2023-10-04 19:58:10 - [TEST_STEP][PASSED] - price_product = data.get("price_barang"): null

2023-10-04 19:58:10 - [TEST_STEP][PASSED] - assert name_product.contains(NamaCheckout): null

2023-10-04 19:58:10 - [TEST_STEP][FAILED] - assert price_product.contains(HargaCheckout): Test Cases/T13 Pembelian, Shipment dan Pembayaran/PBL-004 FAILED.
Reason:
Assertion failed: 

assert price_product.contains(HargaCheckout)
       |             |        |
       Rp 1,299      false    2,598

	at PBL-004.run(PBL-004:45)
	at com.kms.katalon.core.main.ScriptEngine.run(ScriptEngine.java:194)
	at com.kms.katalon.core.main.ScriptEngine.runScriptAsRawText(ScriptEngine.java:119)
	at com.kms.katalon.core.main.TestCaseExecutor.runScript(TestCaseExecutor.java:448)
	at com.kms.katalon.core.main.TestCaseExecutor.doExecute(TestCaseExecutor.java:439)
	at com.kms.katalon.core.main.TestCaseExecutor.processExecutionPhase(TestCaseExecutor.java:418)
	at com.kms.katalon.core.main.TestCaseExecutor.accessMainPhase(TestCaseExecutor.java:410)
	at com.kms.katalon.core.main.TestCaseExecutor.execute(TestCaseExecutor.java:285)
	at com.kms.katalon.core.main.TestCaseMain.runTestCase(TestCaseMain.java:144)
	at com.kms.katalon.core.keyword.builtin.CallTestCaseKeyword$_callTestCase_closure1.doCall(CallTestCaseKeyword.groovy:59)
	at com.kms.katalon.core.keyword.builtin.CallTestCaseKeyword$_callTestCase_closure1.call(CallTestCaseKeyword.groovy)
	at com.kms.katalon.core.keyword.internal.KeywordMain.runKeyword(KeywordMain.groovy:75)
	at com.kms.katalon.core.keyword.builtin.CallTestCaseKeyword.callTestCase(CallTestCaseKeyword.groovy:81)
	at com.kms.katalon.core.keyword.builtin.CallTestCaseKeyword.execute(CallTestCaseKeyword.groovy:44)
	at com.kms.katalon.core.keyword.internal.KeywordExecutor.executeKeywordForPlatform(KeywordExecutor.groovy:74)
	at com.kms.katalon.core.keyword.BuiltinKeywords.callTestCase(BuiltinKeywords.groovy:310)
	at PBY-001.run(PBY-001:20)
	at com.kms.katalon.core.main.ScriptEngine.run(ScriptEngine.java:194)
	at com.kms.katalon.core.main.ScriptEngine.runScriptAsRawText(ScriptEngine.java:119)
	at com.kms.katalon.core.main.TestCaseExecutor.runScript(TestCaseExecutor.java:448)
	at com.kms.katalon.core.main.TestCaseExecutor.doExecute(TestCaseExecutor.java:439)
	at com.kms.katalon.core.main.TestCaseExecutor.processExecutionPhase(TestCaseExecutor.java:418)
	at com.kms.katalon.core.main.TestCaseExecutor.accessMainPhase(TestCaseExecutor.java:410)
	at com.kms.katalon.core.main.TestCaseExecutor.execute(TestCaseExecutor.java:285)
	at com.kms.katalon.core.main.TestCaseMain.runTestCase(TestCaseMain.java:144)
	at com.kms.katalon.core.keyword.builtin.CallTestCaseKeyword$_callTestCase_closure1.doCall(CallTestCaseKeyword.groovy:59)
	at com.kms.katalon.core.keyword.builtin.CallTestCaseKeyword$_callTestCase_closure1.call(CallTestCaseKeyword.groovy)
	at com.kms.katalon.core.keyword.internal.KeywordMain.runKeyword(KeywordMain.groovy:75)
	at com.kms.katalon.core.keyword.builtin.CallTestCaseKeyword.callTestCase(CallTestCaseKeyword.groovy:81)
	at com.kms.katalon.core.keyword.builtin.CallTestCaseKeyword.execute(CallTestCaseKeyword.groovy:44)
	at com.kms.katalon.core.keyword.internal.KeywordExecutor.executeKeywordForPlatform(KeywordExecutor.groovy:74)
	at com.kms.katalon.core.keyword.BuiltinKeywords.callTestCase(BuiltinKeywords.groovy:310)
	at PBY-004.run(PBY-004:20)
	at com.kms.katalon.core.main.ScriptEngine.run(ScriptEngine.java:194)
	at com.kms.katalon.core.main.ScriptEngine.runScriptAsRawText(ScriptEngine.java:119)
	at com.kms.katalon.core.main.TestCaseExecutor.runScript(TestCaseExecutor.java:448)
	at com.kms.katalon.core.main.TestCaseExecutor.doExecute(TestCaseExecutor.java:439)
	at com.kms.katalon.core.main.TestCaseExecutor.processExecutionPhase(TestCaseExecutor.java:418)
	at com.kms.katalon.core.main.TestCaseExecutor.accessMainPhase(TestCaseExecutor.java:410)
	at com.kms.katalon.core.main.TestCaseExecutor.execute(TestCaseExecutor.java:285)
	at com.kms.katalon.core.main.TestCaseMain.runTestCase(TestCaseMain.java:144)
	at com.kms.katalon.core.keyword.builtin.CallTestCaseKeyword$_callTestCase_closure1.doCall(CallTestCaseKeyword.groovy:59)
	at com.kms.katalon.core.keyword.builtin.CallTestCaseKeyword$_callTestCase_closure1.call(CallTestCaseKeyword.groovy)
	at com.kms.katalon.core.keyword.internal.KeywordMain.runKeyword(KeywordMain.groovy:75)
	at com.kms.katalon.core.keyword.builtin.CallTestCaseKeyword.callTestCase(CallTestCaseKeyword.groovy:81)
	at com.kms.katalon.core.keyword.builtin.CallTestCaseKeyword.execute(CallTestCaseKeyword.groovy:44)
	at com.kms.katalon.core.keyword.internal.KeywordExecutor.executeKeywordForPlatform(KeywordExecutor.groovy:74)
	at com.kms.katalon.core.keyword.BuiltinKeywords.callTestCase(BuiltinKeywords.groovy:310)
	at PBYA-001.run(PBYA-001:20)
	at com.kms.katalon.core.main.ScriptEngine.run(ScriptEngine.java:194)
	at com.kms.katalon.core.main.ScriptEngine.runScriptAsRawText(ScriptEngine.java:119)
	at com.kms.katalon.core.main.TestCaseExecutor.runScript(TestCaseExecutor.java:448)
	at com.kms.katalon.core.main.TestCaseExecutor.doExecute(TestCaseExecutor.java:439)
	at com.kms.katalon.core.main.TestCaseExecutor.processExecutionPhase(TestCaseExecutor.java:418)
	at com.kms.katalon.core.main.TestCaseExecutor.accessMainPhase(TestCaseExecutor.java:410)
	at com.kms.katalon.core.main.TestCaseExecutor.execute(TestCaseExecutor.java:285)
	at com.kms.katalon.core.main.TestCaseMain.runTestCase(TestCaseMain.java:144)
	at com.kms.katalon.core.keyword.builtin.CallTestCaseKeyword$_callTestCase_closure1.doCall(CallTestCaseKeyword.groovy:59)
	at com.kms.katalon.core.keyword.builtin.CallTestCaseKeyword$_callTestCase_closure1.call(CallTestCaseKeyword.groovy)
	at com.kms.katalon.core.keyword.internal.KeywordMain.runKeyword(KeywordMain.groovy:75)
	at com.kms.katalon.core.keyword.builtin.CallTestCaseKeyword.callTestCase(CallTestCaseKeyword.groovy:81)
	at com.kms.katalon.core.keyword.builtin.CallTestCaseKeyword.execute(CallTestCaseKeyword.groovy:44)
	at com.kms.katalon.core.keyword.internal.KeywordExecutor.executeKeywordForPlatform(KeywordExecutor.groovy:74)
	at com.kms.katalon.core.keyword.BuiltinKeywords.callTestCase(BuiltinKeywords.groovy:310)
	at SA-001.run(SA-001:20)
	at com.kms.katalon.core.main.ScriptEngine.run(ScriptEngine.java:194)
	at com.kms.katalon.core.main.ScriptEngine.runScriptAsRawText(ScriptEngine.java:119)
	at com.kms.katalon.core.main.TestCaseExecutor.runScript(TestCaseExecutor.java:448)
	at com.kms.katalon.core.main.TestCaseExecutor.doExecute(TestCaseExecutor.java:439)
	at com.kms.katalon.core.main.TestCaseExecutor.processExecutionPhase(TestCaseExecutor.java:418)
	at com.kms.katalon.core.main.TestCaseExecutor.accessMainPhase(TestCaseExecutor.java:410)
	at com.kms.katalon.core.main.TestCaseExecutor.execute(TestCaseExecutor.java:285)
	at com.kms.katalon.core.main.TestCaseMain.runTestCase(TestCaseMain.java:144)
	at com.kms.katalon.core.keyword.builtin.CallTestCaseKeyword$_callTestCase_closure1.doCall(CallTestCaseKeyword.groovy:59)
	at com.kms.katalon.core.keyword.builtin.CallTestCaseKeyword$_callTestCase_closure1.call(CallTestCaseKeyword.groovy)
	at com.kms.katalon.core.keyword.internal.KeywordMain.runKeyword(KeywordMain.groovy:75)
	at com.kms.katalon.core.keyword.builtin.CallTestCaseKeyword.callTestCase(CallTestCaseKeyword.groovy:81)
	at com.kms.katalon.core.keyword.builtin.CallTestCaseKeyword.execute(CallTestCaseKeyword.groovy:44)
	at com.kms.katalon.core.keyword.internal.KeywordExecutor.executeKeywordForPlatform(KeywordExecutor.groovy:74)
	at com.kms.katalon.core.keyword.BuiltinKeywords.callTestCase(BuiltinKeywords.groovy:310)
	at SA-002.run(SA-002:20)
	at com.kms.katalon.core.main.ScriptEngine.run(ScriptEngine.java:194)
	at com.kms.katalon.core.main.ScriptEngine.runScriptAsRawText(ScriptEngine.java:119)
	at com.kms.katalon.core.main.TestCaseExecutor.runScript(TestCaseExecutor.java:448)
	at com.kms.katalon.core.main.TestCaseExecutor.doExecute(TestCaseExecutor.java:439)
	at com.kms.katalon.core.main.TestCaseExecutor.processExecutionPhase(TestCaseExecutor.java:418)
	at com.kms.katalon.core.main.TestCaseExecutor.accessMainPhase(TestCaseExecutor.java:410)
	at com.kms.katalon.core.main.TestCaseExecutor.execute(TestCaseExecutor.java:285)
	at com.kms.katalon.core.main.TestCaseMain.runTestCase(TestCaseMain.java:144)
	at com.kms.katalon.core.keyword.builtin.CallTestCaseKeyword$_callTestCase_closure1.doCall(CallTestCaseKeyword.groovy:59)
	at com.kms.katalon.core.keyword.builtin.CallTestCaseKeyword$_callTestCase_closure1.call(CallTestCaseKeyword.groovy)
	at com.kms.katalon.core.keyword.internal.KeywordMain.runKeyword(KeywordMain.groovy:75)
	at com.kms.katalon.core.keyword.builtin.CallTestCaseKeyword.callTestCase(CallTestCaseKeyword.groovy:81)
	at com.kms.katalon.core.keyword.builtin.CallTestCaseKeyword.execute(CallTestCaseKeyword.groovy:44)
	at com.kms.katalon.core.keyword.internal.KeywordExecutor.executeKeywordForPlatform(KeywordExecutor.groovy:74)
	at com.kms.katalon.core.keyword.BuiltinKeywords.callTestCase(BuiltinKeywords.groovy:310)
	at SA-004.run(SA-004:20)
	at com.kms.katalon.core.main.ScriptEngine.run(ScriptEngine.java:194)
	at com.kms.katalon.core.main.ScriptEngine.runScriptAsRawText(ScriptEngine.java:119)
	at com.kms.katalon.core.main.TestCaseExecutor.runScript(TestCaseExecutor.java:448)
	at com.kms.katalon.core.main.TestCaseExecutor.doExecute(TestCaseExecutor.java:439)
	at com.kms.katalon.core.main.TestCaseExecutor.processExecutionPhase(TestCaseExecutor.java:418)
	at com.kms.katalon.core.main.TestCaseExecutor.accessMainPhase(TestCaseExecutor.java:410)
	at com.kms.katalon.core.main.TestCaseExecutor.execute(TestCaseExecutor.java:285)
	at com.kms.katalon.core.main.TestCaseMain.runTestCase(TestCaseMain.java:144)
	at com.kms.katalon.core.keyword.builtin.CallTestCaseKeyword$_callTestCase_closure1.doCall(CallTestCaseKeyword.groovy:59)
	at com.kms.katalon.core.keyword.builtin.CallTestCaseKeyword$_callTestCase_closure1.call(CallTestCaseKeyword.groovy)
	at com.kms.katalon.core.keyword.internal.KeywordMain.runKeyword(KeywordMain.groovy:75)
	at com.kms.katalon.core.keyword.builtin.CallTestCaseKeyword.callTestCase(CallTestCaseKeyword.groovy:81)
	at com.kms.katalon.core.keyword.builtin.CallTestCaseKeyword.execute(CallTestCaseKeyword.groovy:44)
	at com.kms.katalon.core.keyword.internal.KeywordExecutor.executeKeywordForPlatform(KeywordExecutor.groovy:74)
	at com.kms.katalon.core.keyword.BuiltinKeywords.callTestCase(BuiltinKeywords.groovy:310)
	at SU-011.run(SU-011:20)
	at com.kms.katalon.core.main.ScriptEngine.run(ScriptEngine.java:194)
	at com.kms.katalon.core.main.ScriptEngine.runScriptAsRawText(ScriptEngine.java:119)
	at com.kms.katalon.core.main.TestCaseExecutor.runScript(TestCaseExecutor.java:448)
	at com.kms.katalon.core.main.TestCaseExecutor.doExecute(TestCaseExecutor.java:439)
	at com.kms.katalon.core.main.TestCaseExecutor.processExecutionPhase(TestCaseExecutor.java:418)
	at com.kms.katalon.core.main.TestCaseExecutor.accessMainPhase(TestCaseExecutor.java:410)
	at com.kms.katalon.core.main.TestCaseExecutor.execute(TestCaseExecutor.java:285)
	at com.kms.katalon.core.common.CommonExecutor.accessTestCaseMainPhase(CommonExecutor.java:65)
	at com.kms.katalon.core.main.TestSuiteExecutor.accessTestSuiteMainPhase(TestSuiteExecutor.java:148)
	at com.kms.katalon.core.main.TestSuiteExecutor.execute(TestSuiteExecutor.java:106)
	at com.kms.katalon.core.main.TestCaseMain.startTestSuite(TestCaseMain.java:187)
	at com.kms.katalon.core.main.TestCaseMain$startTestSuite$0.call(Unknown Source)
	at TempTestSuite1696420804604.run(TempTestSuite1696420804604.groovy:36)


2023-10-04 19:58:10 - [MESSAGE][FAILED] - Test Cases/T13 Pembelian, Shipment dan Pembayaran/PBL-004 FAILED.
Reason:
Assertion failed: 

assert price_product.contains(HargaCheckout)
       |             |        |
       Rp 1,299      false    2,598

	at PBL-004.run(PBL-004:45)
	at com.kms.katalon.core.main.ScriptEngine.run(ScriptEngine.java:194)
	at com.kms.katalon.core.main.ScriptEngine.runScriptAsRawText(ScriptEngine.java:119)
	at com.kms.katalon.core.main.TestCaseExecutor.runScript(TestCaseExecutor.java:448)
	at com.kms.katalon.core.main.TestCaseExecutor.doExecute(TestCaseExecutor.java:439)
	at com.kms.katalon.core.main.TestCaseExecutor.processExecutionPhase(TestCaseExecutor.java:418)
	at com.kms.katalon.core.main.TestCaseExecutor.accessMainPhase(TestCaseExecutor.java:410)
	at com.kms.katalon.core.main.TestCaseExecutor.execute(TestCaseExecutor.java:285)
	at com.kms.katalon.core.main.TestCaseMain.runTestCase(TestCaseMain.java:144)
	at com.kms.katalon.core.keyword.builtin.CallTestCaseKeyword$_callTestCase_closure1.doCall(CallTestCaseKeyword.groovy:59)
	at com.kms.katalon.core.keyword.builtin.CallTestCaseKeyword$_callTestCase_closure1.call(CallTestCaseKeyword.groovy)
	at com.kms.katalon.core.keyword.internal.KeywordMain.runKeyword(KeywordMain.groovy:75)
	at com.kms.katalon.core.keyword.builtin.CallTestCaseKeyword.callTestCase(CallTestCaseKeyword.groovy:81)
	at com.kms.katalon.core.keyword.builtin.CallTestCaseKeyword.execute(CallTestCaseKeyword.groovy:44)
	at com.kms.katalon.core.keyword.internal.KeywordExecutor.executeKeywordForPlatform(KeywordExecutor.groovy:74)
	at com.kms.katalon.core.keyword.BuiltinKeywords.callTestCase(BuiltinKeywords.groovy:310)
	at PBY-001.run(PBY-001:20)
	at com.kms.katalon.core.main.ScriptEngine.run(ScriptEngine.java:194)
	at com.kms.katalon.core.main.ScriptEngine.runScriptAsRawText(ScriptEngine.java:119)
	at com.kms.katalon.core.main.TestCaseExecutor.runScript(TestCaseExecutor.java:448)
	at com.kms.katalon.core.main.TestCaseExecutor.doExecute(TestCaseExecutor.java:439)
	at com.kms.katalon.core.main.TestCaseExecutor.processExecutionPhase(TestCaseExecutor.java:418)
	at com.kms.katalon.core.main.TestCaseExecutor.accessMainPhase(TestCaseExecutor.java:410)
	at com.kms.katalon.core.main.TestCaseExecutor.execute(TestCaseExecutor.java:285)
	at com.kms.katalon.core.main.TestCaseMain.runTestCase(TestCaseMain.java:144)
	at com.kms.katalon.core.keyword.builtin.CallTestCaseKeyword$_callTestCase_closure1.doCall(CallTestCaseKeyword.groovy:59)
	at com.kms.katalon.core.keyword.builtin.CallTestCaseKeyword$_callTestCase_closure1.call(CallTestCaseKeyword.groovy)
	at com.kms.katalon.core.keyword.internal.KeywordMain.runKeyword(KeywordMain.groovy:75)
	at com.kms.katalon.core.keyword.builtin.CallTestCaseKeyword.callTestCase(CallTestCaseKeyword.groovy:81)
	at com.kms.katalon.core.keyword.builtin.CallTestCaseKeyword.execute(CallTestCaseKeyword.groovy:44)
	at com.kms.katalon.core.keyword.internal.KeywordExecutor.executeKeywordForPlatform(KeywordExecutor.groovy:74)
	at com.kms.katalon.core.keyword.BuiltinKeywords.callTestCase(BuiltinKeywords.groovy:310)
	at PBY-004.run(PBY-004:20)
	at com.kms.katalon.core.main.ScriptEngine.run(ScriptEngine.java:194)
	at com.kms.katalon.core.main.ScriptEngine.runScriptAsRawText(ScriptEngine.java:119)
	at com.kms.katalon.core.main.TestCaseExecutor.runScript(TestCaseExecutor.java:448)
	at com.kms.katalon.core.main.TestCaseExecutor.doExecute(TestCaseExecutor.java:439)
	at com.kms.katalon.core.main.TestCaseExecutor.processExecutionPhase(TestCaseExecutor.java:418)
	at com.kms.katalon.core.main.TestCaseExecutor.accessMainPhase(TestCaseExecutor.java:410)
	at com.kms.katalon.core.main.TestCaseExecutor.execute(TestCaseExecutor.java:285)
	at com.kms.katalon.core.main.TestCaseMain.runTestCase(TestCaseMain.java:144)
	at com.kms.katalon.core.keyword.builtin.CallTestCaseKeyword$_callTestCase_closure1.doCall(CallTestCaseKeyword.groovy:59)
	at com.kms.katalon.core.keyword.builtin.CallTestCaseKeyword$_callTestCase_closure1.call(CallTestCaseKeyword.groovy)
	at com.kms.katalon.core.keyword.internal.KeywordMain.runKeyword(KeywordMain.groovy:75)
	at com.kms.katalon.core.keyword.builtin.CallTestCaseKeyword.callTestCase(CallTestCaseKeyword.groovy:81)
	at com.kms.katalon.core.keyword.builtin.CallTestCaseKeyword.execute(CallTestCaseKeyword.groovy:44)
	at com.kms.katalon.core.keyword.internal.KeywordExecutor.executeKeywordForPlatform(KeywordExecutor.groovy:74)
	at com.kms.katalon.core.keyword.BuiltinKeywords.callTestCase(BuiltinKeywords.groovy:310)
	at PBYA-001.run(PBYA-001:20)
	at com.kms.katalon.core.main.ScriptEngine.run(ScriptEngine.java:194)
	at com.kms.katalon.core.main.ScriptEngine.runScriptAsRawText(ScriptEngine.java:119)
	at com.kms.katalon.core.main.TestCaseExecutor.runScript(TestCaseExecutor.java:448)
	at com.kms.katalon.core.main.TestCaseExecutor.doExecute(TestCaseExecutor.java:439)
	at com.kms.katalon.core.main.TestCaseExecutor.processExecutionPhase(TestCaseExecutor.java:418)
	at com.kms.katalon.core.main.TestCaseExecutor.accessMainPhase(TestCaseExecutor.java:410)
	at com.kms.katalon.core.main.TestCaseExecutor.execute(TestCaseExecutor.java:285)
	at com.kms.katalon.core.main.TestCaseMain.runTestCase(TestCaseMain.java:144)
	at com.kms.katalon.core.keyword.builtin.CallTestCaseKeyword$_callTestCase_closure1.doCall(CallTestCaseKeyword.groovy:59)
	at com.kms.katalon.core.keyword.builtin.CallTestCaseKeyword$_callTestCase_closure1.call(CallTestCaseKeyword.groovy)
	at com.kms.katalon.core.keyword.internal.KeywordMain.runKeyword(KeywordMain.groovy:75)
	at com.kms.katalon.core.keyword.builtin.CallTestCaseKeyword.callTestCase(CallTestCaseKeyword.groovy:81)
	at com.kms.katalon.core.keyword.builtin.CallTestCaseKeyword.execute(CallTestCaseKeyword.groovy:44)
	at com.kms.katalon.core.keyword.internal.KeywordExecutor.executeKeywordForPlatform(KeywordExecutor.groovy:74)
	at com.kms.katalon.core.keyword.BuiltinKeywords.callTestCase(BuiltinKeywords.groovy:310)
	at SA-001.run(SA-001:20)
	at com.kms.katalon.core.main.ScriptEngine.run(ScriptEngine.java:194)
	at com.kms.katalon.core.main.ScriptEngine.runScriptAsRawText(ScriptEngine.java:119)
	at com.kms.katalon.core.main.TestCaseExecutor.runScript(TestCaseExecutor.java:448)
	at com.kms.katalon.core.main.TestCaseExecutor.doExecute(TestCaseExecutor.java:439)
	at com.kms.katalon.core.main.TestCaseExecutor.processExecutionPhase(TestCaseExecutor.java:418)
	at com.kms.katalon.core.main.TestCaseExecutor.accessMainPhase(TestCaseExecutor.java:410)
	at com.kms.katalon.core.main.TestCaseExecutor.execute(TestCaseExecutor.java:285)
	at com.kms.katalon.core.main.TestCaseMain.runTestCase(TestCaseMain.java:144)
	at com.kms.katalon.core.keyword.builtin.CallTestCaseKeyword$_callTestCase_closure1.doCall(CallTestCaseKeyword.groovy:59)
	at com.kms.katalon.core.keyword.builtin.CallTestCaseKeyword$_callTestCase_closure1.call(CallTestCaseKeyword.groovy)
	at com.kms.katalon.core.keyword.internal.KeywordMain.runKeyword(KeywordMain.groovy:75)
	at com.kms.katalon.core.keyword.builtin.CallTestCaseKeyword.callTestCase(CallTestCaseKeyword.groovy:81)
	at com.kms.katalon.core.keyword.builtin.CallTestCaseKeyword.execute(CallTestCaseKeyword.groovy:44)
	at com.kms.katalon.core.keyword.internal.KeywordExecutor.executeKeywordForPlatform(KeywordExecutor.groovy:74)
	at com.kms.katalon.core.keyword.BuiltinKeywords.callTestCase(BuiltinKeywords.groovy:310)
	at SA-002.run(SA-002:20)
	at com.kms.katalon.core.main.ScriptEngine.run(ScriptEngine.java:194)
	at com.kms.katalon.core.main.ScriptEngine.runScriptAsRawText(ScriptEngine.java:119)
	at com.kms.katalon.core.main.TestCaseExecutor.runScript(TestCaseExecutor.java:448)
	at com.kms.katalon.core.main.TestCaseExecutor.doExecute(TestCaseExecutor.java:439)
	at com.kms.katalon.core.main.TestCaseExecutor.processExecutionPhase(TestCaseExecutor.java:418)
	at com.kms.katalon.core.main.TestCaseExecutor.accessMainPhase(TestCaseExecutor.java:410)
	at com.kms.katalon.core.main.TestCaseExecutor.execute(TestCaseExecutor.java:285)
	at com.kms.katalon.core.main.TestCaseMain.runTestCase(TestCaseMain.java:144)
	at com.kms.katalon.core.keyword.builtin.CallTestCaseKeyword$_callTestCase_closure1.doCall(CallTestCaseKeyword.groovy:59)
	at com.kms.katalon.core.keyword.builtin.CallTestCaseKeyword$_callTestCase_closure1.call(CallTestCaseKeyword.groovy)
	at com.kms.katalon.core.keyword.internal.KeywordMain.runKeyword(KeywordMain.groovy:75)
	at com.kms.katalon.core.keyword.builtin.CallTestCaseKeyword.callTestCase(CallTestCaseKeyword.groovy:81)
	at com.kms.katalon.core.keyword.builtin.CallTestCaseKeyword.execute(CallTestCaseKeyword.groovy:44)
	at com.kms.katalon.core.keyword.internal.KeywordExecutor.executeKeywordForPlatform(KeywordExecutor.groovy:74)
	at com.kms.katalon.core.keyword.BuiltinKeywords.callTestCase(BuiltinKeywords.groovy:310)
	at SA-004.run(SA-004:20)
	at com.kms.katalon.core.main.ScriptEngine.run(ScriptEngine.java:194)
	at com.kms.katalon.core.main.ScriptEngine.runScriptAsRawText(ScriptEngine.java:119)
	at com.kms.katalon.core.main.TestCaseExecutor.runScript(TestCaseExecutor.java:448)
	at com.kms.katalon.core.main.TestCaseExecutor.doExecute(TestCaseExecutor.java:439)
	at com.kms.katalon.core.main.TestCaseExecutor.processExecutionPhase(TestCaseExecutor.java:418)
	at com.kms.katalon.core.main.TestCaseExecutor.accessMainPhase(TestCaseExecutor.java:410)
	at com.kms.katalon.core.main.TestCaseExecutor.execute(TestCaseExecutor.java:285)
	at com.kms.katalon.core.main.TestCaseMain.runTestCase(TestCaseMain.java:144)
	at com.kms.katalon.core.keyword.builtin.CallTestCaseKeyword$_callTestCase_closure1.doCall(CallTestCaseKeyword.groovy:59)
	at com.kms.katalon.core.keyword.builtin.CallTestCaseKeyword$_callTestCase_closure1.call(CallTestCaseKeyword.groovy)
	at com.kms.katalon.core.keyword.internal.KeywordMain.runKeyword(KeywordMain.groovy:75)
	at com.kms.katalon.core.keyword.builtin.CallTestCaseKeyword.callTestCase(CallTestCaseKeyword.groovy:81)
	at com.kms.katalon.core.keyword.builtin.CallTestCaseKeyword.execute(CallTestCaseKeyword.groovy:44)
	at com.kms.katalon.core.keyword.internal.KeywordExecutor.executeKeywordForPlatform(KeywordExecutor.groovy:74)
	at com.kms.katalon.core.keyword.BuiltinKeywords.callTestCase(BuiltinKeywords.groovy:310)
	at SU-011.run(SU-011:20)
	at com.kms.katalon.core.main.ScriptEngine.run(ScriptEngine.java:194)
	at com.kms.katalon.core.main.ScriptEngine.runScriptAsRawText(ScriptEngine.java:119)
	at com.kms.katalon.core.main.TestCaseExecutor.runScript(TestCaseExecutor.java:448)
	at com.kms.katalon.core.main.TestCaseExecutor.doExecute(TestCaseExecutor.java:439)
	at com.kms.katalon.core.main.TestCaseExecutor.processExecutionPhase(TestCaseExecutor.java:418)
	at com.kms.katalon.core.main.TestCaseExecutor.accessMainPhase(TestCaseExecutor.java:410)
	at com.kms.katalon.core.main.TestCaseExecutor.execute(TestCaseExecutor.java:285)
	at com.kms.katalon.core.common.CommonExecutor.accessTestCaseMainPhase(CommonExecutor.java:65)
	at com.kms.katalon.core.main.TestSuiteExecutor.accessTestSuiteMainPhase(TestSuiteExecutor.java:148)
	at com.kms.katalon.core.main.TestSuiteExecutor.execute(TestSuiteExecutor.java:106)
	at com.kms.katalon.core.main.TestCaseMain.startTestSuite(TestCaseMain.java:187)
	at com.kms.katalon.core.main.TestCaseMain$startTestSuite$0.call(Unknown Source)
	at TempTestSuite1696420804604.run(TempTestSuite1696420804604.groovy:36)


2023-10-04 19:58:10 - [MESSAGE][FAILED] - Unable to call Test Case 'Test Cases/T13 Pembelian, Shipment dan Pembayaran/PBL-004' (Root cause: com.kms.katalon.core.exception.StepFailedException: Call Test Case 'Test Cases/T13 Pembelian, Shipment dan Pembayaran/PBL-004' failed
	at com.kms.katalon.core.keyword.builtin.CallTestCaseKeyword$_callTestCase_closure1.doCall(CallTestCaseKeyword.groovy:63)
	at com.kms.katalon.core.keyword.builtin.CallTestCaseKeyword$_callTestCase_closure1.call(CallTestCaseKeyword.groovy)
	at com.kms.katalon.core.keyword.internal.KeywordMain.runKeyword(KeywordMain.groovy:75)
	at com.kms.katalon.core.keyword.builtin.CallTestCaseKeyword.callTestCase(CallTestCaseKeyword.groovy:81)
	at com.kms.katalon.core.keyword.builtin.CallTestCaseKeyword.execute(CallTestCaseKeyword.groovy:44)
	at com.kms.katalon.core.keyword.internal.KeywordExecutor.executeKeywordForPlatform(KeywordExecutor.groovy:74)
	at com.kms.katalon.core.keyword.BuiltinKeywords.callTestCase(BuiltinKeywords.groovy:310)
	at PBY-001.run(PBY-001:20)
	at com.kms.katalon.core.main.ScriptEngine.run(ScriptEngine.java:194)
	at com.kms.katalon.core.main.ScriptEngine.runScriptAsRawText(ScriptEngine.java:119)
	at com.kms.katalon.core.main.TestCaseExecutor.runScript(TestCaseExecutor.java:448)
	at com.kms.katalon.core.main.TestCaseExecutor.doExecute(TestCaseExecutor.java:439)
	at com.kms.katalon.core.main.TestCaseExecutor.processExecutionPhase(TestCaseExecutor.java:418)
	at com.kms.katalon.core.main.TestCaseExecutor.accessMainPhase(TestCaseExecutor.java:410)
	at com.kms.katalon.core.main.TestCaseExecutor.execute(TestCaseExecutor.java:285)
	at com.kms.katalon.core.main.TestCaseMain.runTestCase(TestCaseMain.java:144)
	at com.kms.katalon.core.keyword.builtin.CallTestCaseKeyword$_callTestCase_closure1.doCall(CallTestCaseKeyword.groovy:59)
	at com.kms.katalon.core.keyword.builtin.CallTestCaseKeyword$_callTestCase_closure1.call(CallTestCaseKeyword.groovy)
	at com.kms.katalon.core.keyword.internal.KeywordMain.runKeyword(KeywordMain.groovy:75)
	at com.kms.katalon.core.keyword.builtin.CallTestCaseKeyword.callTestCase(CallTestCaseKeyword.groovy:81)
	at com.kms.katalon.core.keyword.builtin.CallTestCaseKeyword.execute(CallTestCaseKeyword.groovy:44)
	at com.kms.katalon.core.keyword.internal.KeywordExecutor.executeKeywordForPlatform(KeywordExecutor.groovy:74)
	at com.kms.katalon.core.keyword.BuiltinKeywords.callTestCase(BuiltinKeywords.groovy:310)
	at PBY-004.run(PBY-004:20)
	at com.kms.katalon.core.main.ScriptEngine.run(ScriptEngine.java:194)
	at com.kms.katalon.core.main.ScriptEngine.runScriptAsRawText(ScriptEngine.java:119)
	at com.kms.katalon.core.main.TestCaseExecutor.runScript(TestCaseExecutor.java:448)
	at com.kms.katalon.core.main.TestCaseExecutor.doExecute(TestCaseExecutor.java:439)
	at com.kms.katalon.core.main.TestCaseExecutor.processExecutionPhase(TestCaseExecutor.java:418)
	at com.kms.katalon.core.main.TestCaseExecutor.accessMainPhase(TestCaseExecutor.java:410)
	at com.kms.katalon.core.main.TestCaseExecutor.execute(TestCaseExecutor.java:285)
	at com.kms.katalon.core.main.TestCaseMain.runTestCase(TestCaseMain.java:144)
	at com.kms.katalon.core.keyword.builtin.CallTestCaseKeyword$_callTestCase_closure1.doCall(CallTestCaseKeyword.groovy:59)
	at com.kms.katalon.core.keyword.builtin.CallTestCaseKeyword$_callTestCase_closure1.call(CallTestCaseKeyword.groovy)
	at com.kms.katalon.core.keyword.internal.KeywordMain.runKeyword(KeywordMain.groovy:75)
	at com.kms.katalon.core.keyword.builtin.CallTestCaseKeyword.callTestCase(CallTestCaseKeyword.groovy:81)
	at com.kms.katalon.core.keyword.builtin.CallTestCaseKeyword.execute(CallTestCaseKeyword.groovy:44)
	at com.kms.katalon.core.keyword.internal.KeywordExecutor.executeKeywordForPlatform(KeywordExecutor.groovy:74)
	at com.kms.katalon.core.keyword.BuiltinKeywords.callTestCase(BuiltinKeywords.groovy:310)
	at PBYA-001.run(PBYA-001:20)
	at com.kms.katalon.core.main.ScriptEngine.run(ScriptEngine.java:194)
	at com.kms.katalon.core.main.ScriptEngine.runScriptAsRawText(ScriptEngine.java:119)
	at com.kms.katalon.core.main.TestCaseExecutor.runScript(TestCaseExecutor.java:448)
	at com.kms.katalon.core.main.TestCaseExecutor.doExecute(TestCaseExecutor.java:439)
	at com.kms.katalon.core.main.TestCaseExecutor.processExecutionPhase(TestCaseExecutor.java:418)
	at com.kms.katalon.core.main.TestCaseExecutor.accessMainPhase(TestCaseExecutor.java:410)
	at com.kms.katalon.core.main.TestCaseExecutor.execute(TestCaseExecutor.java:285)
	at com.kms.katalon.core.main.TestCaseMain.runTestCase(TestCaseMain.java:144)
	at com.kms.katalon.core.keyword.builtin.CallTestCaseKeyword$_callTestCase_closure1.doCall(CallTestCaseKeyword.groovy:59)
	at com.kms.katalon.core.keyword.builtin.CallTestCaseKeyword$_callTestCase_closure1.call(CallTestCaseKeyword.groovy)
	at com.kms.katalon.core.keyword.internal.KeywordMain.runKeyword(KeywordMain.groovy:75)
	at com.kms.katalon.core.keyword.builtin.CallTestCaseKeyword.callTestCase(CallTestCaseKeyword.groovy:81)
	at com.kms.katalon.core.keyword.builtin.CallTestCaseKeyword.execute(CallTestCaseKeyword.groovy:44)
	at com.kms.katalon.core.keyword.internal.KeywordExecutor.executeKeywordForPlatform(KeywordExecutor.groovy:74)
	at com.kms.katalon.core.keyword.BuiltinKeywords.callTestCase(BuiltinKeywords.groovy:310)
	at SA-001.run(SA-001:20)
	at com.kms.katalon.core.main.ScriptEngine.run(ScriptEngine.java:194)
	at com.kms.katalon.core.main.ScriptEngine.runScriptAsRawText(ScriptEngine.java:119)
	at com.kms.katalon.core.main.TestCaseExecutor.runScript(TestCaseExecutor.java:448)
	at com.kms.katalon.core.main.TestCaseExecutor.doExecute(TestCaseExecutor.java:439)
	at com.kms.katalon.core.main.TestCaseExecutor.processExecutionPhase(TestCaseExecutor.java:418)
	at com.kms.katalon.core.main.TestCaseExecutor.accessMainPhase(TestCaseExecutor.java:410)
	at com.kms.katalon.core.main.TestCaseExecutor.execute(TestCaseExecutor.java:285)
	at com.kms.katalon.core.main.TestCaseMain.runTestCase(TestCaseMain.java:144)
	at com.kms.katalon.core.keyword.builtin.CallTestCaseKeyword$_callTestCase_closure1.doCall(CallTestCaseKeyword.groovy:59)
	at com.kms.katalon.core.keyword.builtin.CallTestCaseKeyword$_callTestCase_closure1.call(CallTestCaseKeyword.groovy)
	at com.kms.katalon.core.keyword.internal.KeywordMain.runKeyword(KeywordMain.groovy:75)
	at com.kms.katalon.core.keyword.builtin.CallTestCaseKeyword.callTestCase(CallTestCaseKeyword.groovy:81)
	at com.kms.katalon.core.keyword.builtin.CallTestCaseKeyword.execute(CallTestCaseKeyword.groovy:44)
	at com.kms.katalon.core.keyword.internal.KeywordExecutor.executeKeywordForPlatform(KeywordExecutor.groovy:74)
	at com.kms.katalon.core.keyword.BuiltinKeywords.callTestCase(BuiltinKeywords.groovy:310)
	at SA-002.run(SA-002:20)
	at com.kms.katalon.core.main.ScriptEngine.run(ScriptEngine.java:194)
	at com.kms.katalon.core.main.ScriptEngine.runScriptAsRawText(ScriptEngine.java:119)
	at com.kms.katalon.core.main.TestCaseExecutor.runScript(TestCaseExecutor.java:448)
	at com.kms.katalon.core.main.TestCaseExecutor.doExecute(TestCaseExecutor.java:439)
	at com.kms.katalon.core.main.TestCaseExecutor.processExecutionPhase(TestCaseExecutor.java:418)
	at com.kms.katalon.core.main.TestCaseExecutor.accessMainPhase(TestCaseExecutor.java:410)
	at com.kms.katalon.core.main.TestCaseExecutor.execute(TestCaseExecutor.java:285)
	at com.kms.katalon.core.main.TestCaseMain.runTestCase(TestCaseMain.java:144)
	at com.kms.katalon.core.keyword.builtin.CallTestCaseKeyword$_callTestCase_closure1.doCall(CallTestCaseKeyword.groovy:59)
	at com.kms.katalon.core.keyword.builtin.CallTestCaseKeyword$_callTestCase_closure1.call(CallTestCaseKeyword.groovy)
	at com.kms.katalon.core.keyword.internal.KeywordMain.runKeyword(KeywordMain.groovy:75)
	at com.kms.katalon.core.keyword.builtin.CallTestCaseKeyword.callTestCase(CallTestCaseKeyword.groovy:81)
	at com.kms.katalon.core.keyword.builtin.CallTestCaseKeyword.execute(CallTestCaseKeyword.groovy:44)
	at com.kms.katalon.core.keyword.internal.KeywordExecutor.executeKeywordForPlatform(KeywordExecutor.groovy:74)
	at com.kms.katalon.core.keyword.BuiltinKeywords.callTestCase(BuiltinKeywords.groovy:310)
	at SA-004.run(SA-004:20)
	at com.kms.katalon.core.main.ScriptEngine.run(ScriptEngine.java:194)
	at com.kms.katalon.core.main.ScriptEngine.runScriptAsRawText(ScriptEngine.java:119)
	at com.kms.katalon.core.main.TestCaseExecutor.runScript(TestCaseExecutor.java:448)
	at com.kms.katalon.core.main.TestCaseExecutor.doExecute(TestCaseExecutor.java:439)
	at com.kms.katalon.core.main.TestCaseExecutor.processExecutionPhase(TestCaseExecutor.java:418)
	at com.kms.katalon.core.main.TestCaseExecutor.accessMainPhase(TestCaseExecutor.java:410)
	at com.kms.katalon.core.main.TestCaseExecutor.execute(TestCaseExecutor.java:285)
	at com.kms.katalon.core.main.TestCaseMain.runTestCase(TestCaseMain.java:144)
	at com.kms.katalon.core.keyword.builtin.CallTestCaseKeyword$_callTestCase_closure1.doCall(CallTestCaseKeyword.groovy:59)
	at com.kms.katalon.core.keyword.builtin.CallTestCaseKeyword$_callTestCase_closure1.call(CallTestCaseKeyword.groovy)
	at com.kms.katalon.core.keyword.internal.KeywordMain.runKeyword(KeywordMain.groovy:75)
	at com.kms.katalon.core.keyword.builtin.CallTestCaseKeyword.callTestCase(CallTestCaseKeyword.groovy:81)
	at com.kms.katalon.core.keyword.builtin.CallTestCaseKeyword.execute(CallTestCaseKeyword.groovy:44)
	at com.kms.katalon.core.keyword.internal.KeywordExecutor.executeKeywordForPlatform(KeywordExecutor.groovy:74)
	at com.kms.katalon.core.keyword.BuiltinKeywords.callTestCase(BuiltinKeywords.groovy:310)
	at SU-011.run(SU-011:20)
	at com.kms.katalon.core.main.ScriptEngine.run(ScriptEngine.java:194)
	at com.kms.katalon.core.main.ScriptEngine.runScriptAsRawText(ScriptEngine.java:119)
	at com.kms.katalon.core.main.TestCaseExecutor.runScript(TestCaseExecutor.java:448)
	at com.kms.katalon.core.main.TestCaseExecutor.doExecute(TestCaseExecutor.java:439)
	at com.kms.katalon.core.main.TestCaseExecutor.processExecutionPhase(TestCaseExecutor.java:418)
	at com.kms.katalon.core.main.TestCaseExecutor.accessMainPhase(TestCaseExecutor.java:410)
	at com.kms.katalon.core.main.TestCaseExecutor.execute(TestCaseExecutor.java:285)
	at com.kms.katalon.core.common.CommonExecutor.accessTestCaseMainPhase(CommonExecutor.java:65)
	at com.kms.katalon.core.main.TestSuiteExecutor.accessTestSuiteMainPhase(TestSuiteExecutor.java:148)
	at com.kms.katalon.core.main.TestSuiteExecutor.execute(TestSuiteExecutor.java:106)
	at com.kms.katalon.core.main.TestCaseMain.startTestSuite(TestCaseMain.java:187)
	at com.kms.katalon.core.main.TestCaseMain$startTestSuite$0.call(Unknown Source)
	at TempTestSuite1696420804604.run(TempTestSuite1696420804604.groovy:36)
Caused by: Assertion failed: 

assert price_product.contains(HargaCheckout)
       |             |        |
       Rp 1,299      false    2,598

	at PBL-004.run(PBL-004:45)
	at com.kms.katalon.core.main.ScriptEngine.run(ScriptEngine.java:194)
	at com.kms.katalon.core.main.ScriptEngine.runScriptAsRawText(ScriptEngine.java:119)
	at com.kms.katalon.core.main.TestCaseExecutor.runScript(TestCaseExecutor.java:448)
	at com.kms.katalon.core.main.TestCaseExecutor.doExecute(TestCaseExecutor.java:439)
	at com.kms.katalon.core.main.TestCaseExecutor.processExecutionPhase(TestCaseExecutor.java:418)
	at com.kms.katalon.core.main.TestCaseExecutor.accessMainPhase(TestCaseExecutor.java:410)
	at com.kms.katalon.core.main.TestCaseExecutor.execute(TestCaseExecutor.java:285)
	at com.kms.katalon.core.main.TestCaseMain.runTestCase(TestCaseMain.java:144)
	at com.kms.katalon.core.keyword.builtin.CallTestCaseKeyword$_callTestCase_closure1.doCall(CallTestCaseKeyword.groovy:59)
	... 116 more
)

2023-10-04 19:58:10 - [MESSAGE][FAILED] - Unable to call Test Case 'Test Cases/T13 Pembelian, Shipment dan Pembayaran/PBY-001' (Root cause: com.kms.katalon.core.exception.StepFailedException: Call Test Case 'Test Cases/T13 Pembelian, Shipment dan Pembayaran/PBY-001' failed
	at com.kms.katalon.core.keyword.builtin.CallTestCaseKeyword$_callTestCase_closure1.doCall(CallTestCaseKeyword.groovy:63)
	at com.kms.katalon.core.keyword.builtin.CallTestCaseKeyword$_callTestCase_closure1.call(CallTestCaseKeyword.groovy)
	at com.kms.katalon.core.keyword.internal.KeywordMain.runKeyword(KeywordMain.groovy:75)
	at com.kms.katalon.core.keyword.builtin.CallTestCaseKeyword.callTestCase(CallTestCaseKeyword.groovy:81)
	at com.kms.katalon.core.keyword.builtin.CallTestCaseKeyword.execute(CallTestCaseKeyword.groovy:44)
	at com.kms.katalon.core.keyword.internal.KeywordExecutor.executeKeywordForPlatform(KeywordExecutor.groovy:74)
	at com.kms.katalon.core.keyword.BuiltinKeywords.callTestCase(BuiltinKeywords.groovy:310)
	at PBY-004.run(PBY-004:20)
	at com.kms.katalon.core.main.ScriptEngine.run(ScriptEngine.java:194)
	at com.kms.katalon.core.main.ScriptEngine.runScriptAsRawText(ScriptEngine.java:119)
	at com.kms.katalon.core.main.TestCaseExecutor.runScript(TestCaseExecutor.java:448)
	at com.kms.katalon.core.main.TestCaseExecutor.doExecute(TestCaseExecutor.java:439)
	at com.kms.katalon.core.main.TestCaseExecutor.processExecutionPhase(TestCaseExecutor.java:418)
	at com.kms.katalon.core.main.TestCaseExecutor.accessMainPhase(TestCaseExecutor.java:410)
	at com.kms.katalon.core.main.TestCaseExecutor.execute(TestCaseExecutor.java:285)
	at com.kms.katalon.core.main.TestCaseMain.runTestCase(TestCaseMain.java:144)
	at com.kms.katalon.core.keyword.builtin.CallTestCaseKeyword$_callTestCase_closure1.doCall(CallTestCaseKeyword.groovy:59)
	at com.kms.katalon.core.keyword.builtin.CallTestCaseKeyword$_callTestCase_closure1.call(CallTestCaseKeyword.groovy)
	at com.kms.katalon.core.keyword.internal.KeywordMain.runKeyword(KeywordMain.groovy:75)
	at com.kms.katalon.core.keyword.builtin.CallTestCaseKeyword.callTestCase(CallTestCaseKeyword.groovy:81)
	at com.kms.katalon.core.keyword.builtin.CallTestCaseKeyword.execute(CallTestCaseKeyword.groovy:44)
	at com.kms.katalon.core.keyword.internal.KeywordExecutor.executeKeywordForPlatform(KeywordExecutor.groovy:74)
	at com.kms.katalon.core.keyword.BuiltinKeywords.callTestCase(BuiltinKeywords.groovy:310)
	at PBYA-001.run(PBYA-001:20)
	at com.kms.katalon.core.main.ScriptEngine.run(ScriptEngine.java:194)
	at com.kms.katalon.core.main.ScriptEngine.runScriptAsRawText(ScriptEngine.java:119)
	at com.kms.katalon.core.main.TestCaseExecutor.runScript(TestCaseExecutor.java:448)
	at com.kms.katalon.core.main.TestCaseExecutor.doExecute(TestCaseExecutor.java:439)
	at com.kms.katalon.core.main.TestCaseExecutor.processExecutionPhase(TestCaseExecutor.java:418)
	at com.kms.katalon.core.main.TestCaseExecutor.accessMainPhase(TestCaseExecutor.java:410)
	at com.kms.katalon.core.main.TestCaseExecutor.execute(TestCaseExecutor.java:285)
	at com.kms.katalon.core.main.TestCaseMain.runTestCase(TestCaseMain.java:144)
	at com.kms.katalon.core.keyword.builtin.CallTestCaseKeyword$_callTestCase_closure1.doCall(CallTestCaseKeyword.groovy:59)
	at com.kms.katalon.core.keyword.builtin.CallTestCaseKeyword$_callTestCase_closure1.call(CallTestCaseKeyword.groovy)
	at com.kms.katalon.core.keyword.internal.KeywordMain.runKeyword(KeywordMain.groovy:75)
	at com.kms.katalon.core.keyword.builtin.CallTestCaseKeyword.callTestCase(CallTestCaseKeyword.groovy:81)
	at com.kms.katalon.core.keyword.builtin.CallTestCaseKeyword.execute(CallTestCaseKeyword.groovy:44)
	at com.kms.katalon.core.keyword.internal.KeywordExecutor.executeKeywordForPlatform(KeywordExecutor.groovy:74)
	at com.kms.katalon.core.keyword.BuiltinKeywords.callTestCase(BuiltinKeywords.groovy:310)
	at SA-001.run(SA-001:20)
	at com.kms.katalon.core.main.ScriptEngine.run(ScriptEngine.java:194)
	at com.kms.katalon.core.main.ScriptEngine.runScriptAsRawText(ScriptEngine.java:119)
	at com.kms.katalon.core.main.TestCaseExecutor.runScript(TestCaseExecutor.java:448)
	at com.kms.katalon.core.main.TestCaseExecutor.doExecute(TestCaseExecutor.java:439)
	at com.kms.katalon.core.main.TestCaseExecutor.processExecutionPhase(TestCaseExecutor.java:418)
	at com.kms.katalon.core.main.TestCaseExecutor.accessMainPhase(TestCaseExecutor.java:410)
	at com.kms.katalon.core.main.TestCaseExecutor.execute(TestCaseExecutor.java:285)
	at com.kms.katalon.core.main.TestCaseMain.runTestCase(TestCaseMain.java:144)
	at com.kms.katalon.core.keyword.builtin.CallTestCaseKeyword$_callTestCase_closure1.doCall(CallTestCaseKeyword.groovy:59)
	at com.kms.katalon.core.keyword.builtin.CallTestCaseKeyword$_callTestCase_closure1.call(CallTestCaseKeyword.groovy)
	at com.kms.katalon.core.keyword.internal.KeywordMain.runKeyword(KeywordMain.groovy:75)
	at com.kms.katalon.core.keyword.builtin.CallTestCaseKeyword.callTestCase(CallTestCaseKeyword.groovy:81)
	at com.kms.katalon.core.keyword.builtin.CallTestCaseKeyword.execute(CallTestCaseKeyword.groovy:44)
	at com.kms.katalon.core.keyword.internal.KeywordExecutor.executeKeywordForPlatform(KeywordExecutor.groovy:74)
	at com.kms.katalon.core.keyword.BuiltinKeywords.callTestCase(BuiltinKeywords.groovy:310)
	at SA-002.run(SA-002:20)
	at com.kms.katalon.core.main.ScriptEngine.run(ScriptEngine.java:194)
	at com.kms.katalon.core.main.ScriptEngine.runScriptAsRawText(ScriptEngine.java:119)
	at com.kms.katalon.core.main.TestCaseExecutor.runScript(TestCaseExecutor.java:448)
	at com.kms.katalon.core.main.TestCaseExecutor.doExecute(TestCaseExecutor.java:439)
	at com.kms.katalon.core.main.TestCaseExecutor.processExecutionPhase(TestCaseExecutor.java:418)
	at com.kms.katalon.core.main.TestCaseExecutor.accessMainPhase(TestCaseExecutor.java:410)
	at com.kms.katalon.core.main.TestCaseExecutor.execute(TestCaseExecutor.java:285)
	at com.kms.katalon.core.main.TestCaseMain.runTestCase(TestCaseMain.java:144)
	at com.kms.katalon.core.keyword.builtin.CallTestCaseKeyword$_callTestCase_closure1.doCall(CallTestCaseKeyword.groovy:59)
	at com.kms.katalon.core.keyword.builtin.CallTestCaseKeyword$_callTestCase_closure1.call(CallTestCaseKeyword.groovy)
	at com.kms.katalon.core.keyword.internal.KeywordMain.runKeyword(KeywordMain.groovy:75)
	at com.kms.katalon.core.keyword.builtin.CallTestCaseKeyword.callTestCase(CallTestCaseKeyword.groovy:81)
	at com.kms.katalon.core.keyword.builtin.CallTestCaseKeyword.execute(CallTestCaseKeyword.groovy:44)
	at com.kms.katalon.core.keyword.internal.KeywordExecutor.executeKeywordForPlatform(KeywordExecutor.groovy:74)
	at com.kms.katalon.core.keyword.BuiltinKeywords.callTestCase(BuiltinKeywords.groovy:310)
	at SA-004.run(SA-004:20)
	at com.kms.katalon.core.main.ScriptEngine.run(ScriptEngine.java:194)
	at com.kms.katalon.core.main.ScriptEngine.runScriptAsRawText(ScriptEngine.java:119)
	at com.kms.katalon.core.main.TestCaseExecutor.runScript(TestCaseExecutor.java:448)
	at com.kms.katalon.core.main.TestCaseExecutor.doExecute(TestCaseExecutor.java:439)
	at com.kms.katalon.core.main.TestCaseExecutor.processExecutionPhase(TestCaseExecutor.java:418)
	at com.kms.katalon.core.main.TestCaseExecutor.accessMainPhase(TestCaseExecutor.java:410)
	at com.kms.katalon.core.main.TestCaseExecutor.execute(TestCaseExecutor.java:285)
	at com.kms.katalon.core.main.TestCaseMain.runTestCase(TestCaseMain.java:144)
	at com.kms.katalon.core.keyword.builtin.CallTestCaseKeyword$_callTestCase_closure1.doCall(CallTestCaseKeyword.groovy:59)
	at com.kms.katalon.core.keyword.builtin.CallTestCaseKeyword$_callTestCase_closure1.call(CallTestCaseKeyword.groovy)
	at com.kms.katalon.core.keyword.internal.KeywordMain.runKeyword(KeywordMain.groovy:75)
	at com.kms.katalon.core.keyword.builtin.CallTestCaseKeyword.callTestCase(CallTestCaseKeyword.groovy:81)
	at com.kms.katalon.core.keyword.builtin.CallTestCaseKeyword.execute(CallTestCaseKeyword.groovy:44)
	at com.kms.katalon.core.keyword.internal.KeywordExecutor.executeKeywordForPlatform(KeywordExecutor.groovy:74)
	at com.kms.katalon.core.keyword.BuiltinKeywords.callTestCase(BuiltinKeywords.groovy:310)
	at SU-011.run(SU-011:20)
	at com.kms.katalon.core.main.ScriptEngine.run(ScriptEngine.java:194)
	at com.kms.katalon.core.main.ScriptEngine.runScriptAsRawText(ScriptEngine.java:119)
	at com.kms.katalon.core.main.TestCaseExecutor.runScript(TestCaseExecutor.java:448)
	at com.kms.katalon.core.main.TestCaseExecutor.doExecute(TestCaseExecutor.java:439)
	at com.kms.katalon.core.main.TestCaseExecutor.processExecutionPhase(TestCaseExecutor.java:418)
	at com.kms.katalon.core.main.TestCaseExecutor.accessMainPhase(TestCaseExecutor.java:410)
	at com.kms.katalon.core.main.TestCaseExecutor.execute(TestCaseExecutor.java:285)
	at com.kms.katalon.core.common.CommonExecutor.accessTestCaseMainPhase(CommonExecutor.java:65)
	at com.kms.katalon.core.main.TestSuiteExecutor.accessTestSuiteMainPhase(TestSuiteExecutor.java:148)
	at com.kms.katalon.core.main.TestSuiteExecutor.execute(TestSuiteExecutor.java:106)
	at com.kms.katalon.core.main.TestCaseMain.startTestSuite(TestCaseMain.java:187)
	at com.kms.katalon.core.main.TestCaseMain$startTestSuite$0.call(Unknown Source)
	at TempTestSuite1696420804604.run(TempTestSuite1696420804604.groovy:36)
Caused by: com.kms.katalon.core.exception.StepFailedException: Call Test Case 'Test Cases/T13 Pembelian, Shipment dan Pembayaran/PBL-004' failed
	at com.kms.katalon.core.keyword.builtin.CallTestCaseKeyword$_callTestCase_closure1.doCall(CallTestCaseKeyword.groovy:63)
	at com.kms.katalon.core.keyword.builtin.CallTestCaseKeyword$_callTestCase_closure1.call(CallTestCaseKeyword.groovy)
	at com.kms.katalon.core.keyword.internal.KeywordMain.runKeyword(KeywordMain.groovy:75)
	at com.kms.katalon.core.keyword.builtin.CallTestCaseKeyword.callTestCase(CallTestCaseKeyword.groovy:81)
	at com.kms.katalon.core.keyword.builtin.CallTestCaseKeyword.execute(CallTestCaseKeyword.groovy:44)
	at com.kms.katalon.core.keyword.internal.KeywordExecutor.executeKeywordForPlatform(KeywordExecutor.groovy:74)
	at com.kms.katalon.core.keyword.BuiltinKeywords.callTestCase(BuiltinKeywords.groovy:310)
	at PBY-001.run(PBY-001:20)
	at com.kms.katalon.core.main.ScriptEngine.run(ScriptEngine.java:194)
	at com.kms.katalon.core.main.ScriptEngine.runScriptAsRawText(ScriptEngine.java:119)
	at com.kms.katalon.core.main.TestCaseExecutor.runScript(TestCaseExecutor.java:448)
	at com.kms.katalon.core.main.TestCaseExecutor.doExecute(TestCaseExecutor.java:439)
	at com.kms.katalon.core.main.TestCaseExecutor.processExecutionPhase(TestCaseExecutor.java:418)
	at com.kms.katalon.core.main.TestCaseExecutor.accessMainPhase(TestCaseExecutor.java:410)
	at com.kms.katalon.core.main.TestCaseExecutor.execute(TestCaseExecutor.java:285)
	at com.kms.katalon.core.main.TestCaseMain.runTestCase(TestCaseMain.java:144)
	at com.kms.katalon.core.keyword.builtin.CallTestCaseKeyword$_callTestCase_closure1.doCall(CallTestCaseKeyword.groovy:59)
	... 100 more
Caused by: Assertion failed: 

assert price_product.contains(HargaCheckout)
       |             |        |
       Rp 1,299      false    2,598

	at PBL-004.run(PBL-004:45)
	at com.kms.katalon.core.main.ScriptEngine.run(ScriptEngine.java:194)
	at com.kms.katalon.core.main.ScriptEngine.runScriptAsRawText(ScriptEngine.java:119)
	at com.kms.katalon.core.main.TestCaseExecutor.runScript(TestCaseExecutor.java:448)
	at com.kms.katalon.core.main.TestCaseExecutor.doExecute(TestCaseExecutor.java:439)
	at com.kms.katalon.core.main.TestCaseExecutor.processExecutionPhase(TestCaseExecutor.java:418)
	at com.kms.katalon.core.main.TestCaseExecutor.accessMainPhase(TestCaseExecutor.java:410)
	at com.kms.katalon.core.main.TestCaseExecutor.execute(TestCaseExecutor.java:285)
	at com.kms.katalon.core.main.TestCaseMain.runTestCase(TestCaseMain.java:144)
	at com.kms.katalon.core.keyword.builtin.CallTestCaseKeyword$_callTestCase_closure1.doCall(CallTestCaseKeyword.groovy:59)
	... 116 more
)

2023-10-04 19:58:10 - [MESSAGE][FAILED] - Unable to call Test Case 'Test Cases/T13 Pembelian, Shipment dan Pembayaran/PBY-004' (Root cause: com.kms.katalon.core.exception.StepFailedException: Call Test Case 'Test Cases/T13 Pembelian, Shipment dan Pembayaran/PBY-004' failed
	at com.kms.katalon.core.keyword.builtin.CallTestCaseKeyword$_callTestCase_closure1.doCall(CallTestCaseKeyword.groovy:63)
	at com.kms.katalon.core.keyword.builtin.CallTestCaseKeyword$_callTestCase_closure1.call(CallTestCaseKeyword.groovy)
	at com.kms.katalon.core.keyword.internal.KeywordMain.runKeyword(KeywordMain.groovy:75)
	at com.kms.katalon.core.keyword.builtin.CallTestCaseKeyword.callTestCase(CallTestCaseKeyword.groovy:81)
	at com.kms.katalon.core.keyword.builtin.CallTestCaseKeyword.execute(CallTestCaseKeyword.groovy:44)
	at com.kms.katalon.core.keyword.internal.KeywordExecutor.executeKeywordForPlatform(KeywordExecutor.groovy:74)
	at com.kms.katalon.core.keyword.BuiltinKeywords.callTestCase(BuiltinKeywords.groovy:310)
	at PBYA-001.run(PBYA-001:20)
	at com.kms.katalon.core.main.ScriptEngine.run(ScriptEngine.java:194)
	at com.kms.katalon.core.main.ScriptEngine.runScriptAsRawText(ScriptEngine.java:119)
	at com.kms.katalon.core.main.TestCaseExecutor.runScript(TestCaseExecutor.java:448)
	at com.kms.katalon.core.main.TestCaseExecutor.doExecute(TestCaseExecutor.java:439)
	at com.kms.katalon.core.main.TestCaseExecutor.processExecutionPhase(TestCaseExecutor.java:418)
	at com.kms.katalon.core.main.TestCaseExecutor.accessMainPhase(TestCaseExecutor.java:410)
	at com.kms.katalon.core.main.TestCaseExecutor.execute(TestCaseExecutor.java:285)
	at com.kms.katalon.core.main.TestCaseMain.runTestCase(TestCaseMain.java:144)
	at com.kms.katalon.core.keyword.builtin.CallTestCaseKeyword$_callTestCase_closure1.doCall(CallTestCaseKeyword.groovy:59)
	at com.kms.katalon.core.keyword.builtin.CallTestCaseKeyword$_callTestCase_closure1.call(CallTestCaseKeyword.groovy)
	at com.kms.katalon.core.keyword.internal.KeywordMain.runKeyword(KeywordMain.groovy:75)
	at com.kms.katalon.core.keyword.builtin.CallTestCaseKeyword.callTestCase(CallTestCaseKeyword.groovy:81)
	at com.kms.katalon.core.keyword.builtin.CallTestCaseKeyword.execute(CallTestCaseKeyword.groovy:44)
	at com.kms.katalon.core.keyword.internal.KeywordExecutor.executeKeywordForPlatform(KeywordExecutor.groovy:74)
	at com.kms.katalon.core.keyword.BuiltinKeywords.callTestCase(BuiltinKeywords.groovy:310)
	at SA-001.run(SA-001:20)
	at com.kms.katalon.core.main.ScriptEngine.run(ScriptEngine.java:194)
	at com.kms.katalon.core.main.ScriptEngine.runScriptAsRawText(ScriptEngine.java:119)
	at com.kms.katalon.core.main.TestCaseExecutor.runScript(TestCaseExecutor.java:448)
	at com.kms.katalon.core.main.TestCaseExecutor.doExecute(TestCaseExecutor.java:439)
	at com.kms.katalon.core.main.TestCaseExecutor.processExecutionPhase(TestCaseExecutor.java:418)
	at com.kms.katalon.core.main.TestCaseExecutor.accessMainPhase(TestCaseExecutor.java:410)
	at com.kms.katalon.core.main.TestCaseExecutor.execute(TestCaseExecutor.java:285)
	at com.kms.katalon.core.main.TestCaseMain.runTestCase(TestCaseMain.java:144)
	at com.kms.katalon.core.keyword.builtin.CallTestCaseKeyword$_callTestCase_closure1.doCall(CallTestCaseKeyword.groovy:59)
	at com.kms.katalon.core.keyword.builtin.CallTestCaseKeyword$_callTestCase_closure1.call(CallTestCaseKeyword.groovy)
	at com.kms.katalon.core.keyword.internal.KeywordMain.runKeyword(KeywordMain.groovy:75)
	at com.kms.katalon.core.keyword.builtin.CallTestCaseKeyword.callTestCase(CallTestCaseKeyword.groovy:81)
	at com.kms.katalon.core.keyword.builtin.CallTestCaseKeyword.execute(CallTestCaseKeyword.groovy:44)
	at com.kms.katalon.core.keyword.internal.KeywordExecutor.executeKeywordForPlatform(KeywordExecutor.groovy:74)
	at com.kms.katalon.core.keyword.BuiltinKeywords.callTestCase(BuiltinKeywords.groovy:310)
	at SA-002.run(SA-002:20)
	at com.kms.katalon.core.main.ScriptEngine.run(ScriptEngine.java:194)
	at com.kms.katalon.core.main.ScriptEngine.runScriptAsRawText(ScriptEngine.java:119)
	at com.kms.katalon.core.main.TestCaseExecutor.runScript(TestCaseExecutor.java:448)
	at com.kms.katalon.core.main.TestCaseExecutor.doExecute(TestCaseExecutor.java:439)
	at com.kms.katalon.core.main.TestCaseExecutor.processExecutionPhase(TestCaseExecutor.java:418)
	at com.kms.katalon.core.main.TestCaseExecutor.accessMainPhase(TestCaseExecutor.java:410)
	at com.kms.katalon.core.main.TestCaseExecutor.execute(TestCaseExecutor.java:285)
	at com.kms.katalon.core.main.TestCaseMain.runTestCase(TestCaseMain.java:144)
	at com.kms.katalon.core.keyword.builtin.CallTestCaseKeyword$_callTestCase_closure1.doCall(CallTestCaseKeyword.groovy:59)
	at com.kms.katalon.core.keyword.builtin.CallTestCaseKeyword$_callTestCase_closure1.call(CallTestCaseKeyword.groovy)
	at com.kms.katalon.core.keyword.internal.KeywordMain.runKeyword(KeywordMain.groovy:75)
	at com.kms.katalon.core.keyword.builtin.CallTestCaseKeyword.callTestCase(CallTestCaseKeyword.groovy:81)
	at com.kms.katalon.core.keyword.builtin.CallTestCaseKeyword.execute(CallTestCaseKeyword.groovy:44)
	at com.kms.katalon.core.keyword.internal.KeywordExecutor.executeKeywordForPlatform(KeywordExecutor.groovy:74)
	at com.kms.katalon.core.keyword.BuiltinKeywords.callTestCase(BuiltinKeywords.groovy:310)
	at SA-004.run(SA-004:20)
	at com.kms.katalon.core.main.ScriptEngine.run(ScriptEngine.java:194)
	at com.kms.katalon.core.main.ScriptEngine.runScriptAsRawText(ScriptEngine.java:119)
	at com.kms.katalon.core.main.TestCaseExecutor.runScript(TestCaseExecutor.java:448)
	at com.kms.katalon.core.main.TestCaseExecutor.doExecute(TestCaseExecutor.java:439)
	at com.kms.katalon.core.main.TestCaseExecutor.processExecutionPhase(TestCaseExecutor.java:418)
	at com.kms.katalon.core.main.TestCaseExecutor.accessMainPhase(TestCaseExecutor.java:410)
	at com.kms.katalon.core.main.TestCaseExecutor.execute(TestCaseExecutor.java:285)
	at com.kms.katalon.core.main.TestCaseMain.runTestCase(TestCaseMain.java:144)
	at com.kms.katalon.core.keyword.builtin.CallTestCaseKeyword$_callTestCase_closure1.doCall(CallTestCaseKeyword.groovy:59)
	at com.kms.katalon.core.keyword.builtin.CallTestCaseKeyword$_callTestCase_closure1.call(CallTestCaseKeyword.groovy)
	at com.kms.katalon.core.keyword.internal.KeywordMain.runKeyword(KeywordMain.groovy:75)
	at com.kms.katalon.core.keyword.builtin.CallTestCaseKeyword.callTestCase(CallTestCaseKeyword.groovy:81)
	at com.kms.katalon.core.keyword.builtin.CallTestCaseKeyword.execute(CallTestCaseKeyword.groovy:44)
	at com.kms.katalon.core.keyword.internal.KeywordExecutor.executeKeywordForPlatform(KeywordExecutor.groovy:74)
	at com.kms.katalon.core.keyword.BuiltinKeywords.callTestCase(BuiltinKeywords.groovy:310)
	at SU-011.run(SU-011:20)
	at com.kms.katalon.core.main.ScriptEngine.run(ScriptEngine.java:194)
	at com.kms.katalon.core.main.ScriptEngine.runScriptAsRawText(ScriptEngine.java:119)
	at com.kms.katalon.core.main.TestCaseExecutor.runScript(TestCaseExecutor.java:448)
	at com.kms.katalon.core.main.TestCaseExecutor.doExecute(TestCaseExecutor.java:439)
	at com.kms.katalon.core.main.TestCaseExecutor.processExecutionPhase(TestCaseExecutor.java:418)
	at com.kms.katalon.core.main.TestCaseExecutor.accessMainPhase(TestCaseExecutor.java:410)
	at com.kms.katalon.core.main.TestCaseExecutor.execute(TestCaseExecutor.java:285)
	at com.kms.katalon.core.common.CommonExecutor.accessTestCaseMainPhase(CommonExecutor.java:65)
	at com.kms.katalon.core.main.TestSuiteExecutor.accessTestSuiteMainPhase(TestSuiteExecutor.java:148)
	at com.kms.katalon.core.main.TestSuiteExecutor.execute(TestSuiteExecutor.java:106)
	at com.kms.katalon.core.main.TestCaseMain.startTestSuite(TestCaseMain.java:187)
	at com.kms.katalon.core.main.TestCaseMain$startTestSuite$0.call(Unknown Source)
	at TempTestSuite1696420804604.run(TempTestSuite1696420804604.groovy:36)
Caused by: com.kms.katalon.core.exception.StepFailedException: Call Test Case 'Test Cases/T13 Pembelian, Shipment dan Pembayaran/PBY-001' failed
	at com.kms.katalon.core.keyword.builtin.CallTestCaseKeyword$_callTestCase_closure1.doCall(CallTestCaseKeyword.groovy:63)
	at com.kms.katalon.core.keyword.builtin.CallTestCaseKeyword$_callTestCase_closure1.call(CallTestCaseKeyword.groovy)
	at com.kms.katalon.core.keyword.internal.KeywordMain.runKeyword(KeywordMain.groovy:75)
	at com.kms.katalon.core.keyword.builtin.CallTestCaseKeyword.callTestCase(CallTestCaseKeyword.groovy:81)
	at com.kms.katalon.core.keyword.builtin.CallTestCaseKeyword.execute(CallTestCaseKeyword.groovy:44)
	at com.kms.katalon.core.keyword.internal.KeywordExecutor.executeKeywordForPlatform(KeywordExecutor.groovy:74)
	at com.kms.katalon.core.keyword.BuiltinKeywords.callTestCase(BuiltinKeywords.groovy:310)
	at PBY-004.run(PBY-004:20)
	at com.kms.katalon.core.main.ScriptEngine.run(ScriptEngine.java:194)
	at com.kms.katalon.core.main.ScriptEngine.runScriptAsRawText(ScriptEngine.java:119)
	at com.kms.katalon.core.main.TestCaseExecutor.runScript(TestCaseExecutor.java:448)
	at com.kms.katalon.core.main.TestCaseExecutor.doExecute(TestCaseExecutor.java:439)
	at com.kms.katalon.core.main.TestCaseExecutor.processExecutionPhase(TestCaseExecutor.java:418)
	at com.kms.katalon.core.main.TestCaseExecutor.accessMainPhase(TestCaseExecutor.java:410)
	at com.kms.katalon.core.main.TestCaseExecutor.execute(TestCaseExecutor.java:285)
	at com.kms.katalon.core.main.TestCaseMain.runTestCase(TestCaseMain.java:144)
	at com.kms.katalon.core.keyword.builtin.CallTestCaseKeyword$_callTestCase_closure1.doCall(CallTestCaseKeyword.groovy:59)
	... 84 more
Caused by: com.kms.katalon.core.exception.StepFailedException: Call Test Case 'Test Cases/T13 Pembelian, Shipment dan Pembayaran/PBL-004' failed
	at com.kms.katalon.core.keyword.builtin.CallTestCaseKeyword$_callTestCase_closure1.doCall(CallTestCaseKeyword.groovy:63)
	at com.kms.katalon.core.keyword.builtin.CallTestCaseKeyword$_callTestCase_closure1.call(CallTestCaseKeyword.groovy)
	at com.kms.katalon.core.keyword.internal.KeywordMain.runKeyword(KeywordMain.groovy:75)
	at com.kms.katalon.core.keyword.builtin.CallTestCaseKeyword.callTestCase(CallTestCaseKeyword.groovy:81)
	at com.kms.katalon.core.keyword.builtin.CallTestCaseKeyword.execute(CallTestCaseKeyword.groovy:44)
	at com.kms.katalon.core.keyword.internal.KeywordExecutor.executeKeywordForPlatform(KeywordExecutor.groovy:74)
	at com.kms.katalon.core.keyword.BuiltinKeywords.callTestCase(BuiltinKeywords.groovy:310)
	at PBY-001.run(PBY-001:20)
	at com.kms.katalon.core.main.ScriptEngine.run(ScriptEngine.java:194)
	at com.kms.katalon.core.main.ScriptEngine.runScriptAsRawText(ScriptEngine.java:119)
	at com.kms.katalon.core.main.TestCaseExecutor.runScript(TestCaseExecutor.java:448)
	at com.kms.katalon.core.main.TestCaseExecutor.doExecute(TestCaseExecutor.java:439)
	at com.kms.katalon.core.main.TestCaseExecutor.processExecutionPhase(TestCaseExecutor.java:418)
	at com.kms.katalon.core.main.TestCaseExecutor.accessMainPhase(TestCaseExecutor.java:410)
	at com.kms.katalon.core.main.TestCaseExecutor.execute(TestCaseExecutor.java:285)
	at com.kms.katalon.core.main.TestCaseMain.runTestCase(TestCaseMain.java:144)
	at com.kms.katalon.core.keyword.builtin.CallTestCaseKeyword$_callTestCase_closure1.doCall(CallTestCaseKeyword.groovy:59)
	... 100 more
Caused by: Assertion failed: 

assert price_product.contains(HargaCheckout)
       |             |        |
       Rp 1,299      false    2,598

	at PBL-004.run(PBL-004:45)
	at com.kms.katalon.core.main.ScriptEngine.run(ScriptEngine.java:194)
	at com.kms.katalon.core.main.ScriptEngine.runScriptAsRawText(ScriptEngine.java:119)
	at com.kms.katalon.core.main.TestCaseExecutor.runScript(TestCaseExecutor.java:448)
	at com.kms.katalon.core.main.TestCaseExecutor.doExecute(TestCaseExecutor.java:439)
	at com.kms.katalon.core.main.TestCaseExecutor.processExecutionPhase(TestCaseExecutor.java:418)
	at com.kms.katalon.core.main.TestCaseExecutor.accessMainPhase(TestCaseExecutor.java:410)
	at com.kms.katalon.core.main.TestCaseExecutor.execute(TestCaseExecutor.java:285)
	at com.kms.katalon.core.main.TestCaseMain.runTestCase(TestCaseMain.java:144)
	at com.kms.katalon.core.keyword.builtin.CallTestCaseKeyword$_callTestCase_closure1.doCall(CallTestCaseKeyword.groovy:59)
	... 116 more
)

2023-10-04 19:58:10 - [MESSAGE][FAILED] - Unable to call Test Case 'Test Cases/T13 Pembelian, Shipment dan Pembayaran/PBYA-001' (Root cause: com.kms.katalon.core.exception.StepFailedException: Call Test Case 'Test Cases/T13 Pembelian, Shipment dan Pembayaran/PBYA-001' failed
	at com.kms.katalon.core.keyword.builtin.CallTestCaseKeyword$_callTestCase_closure1.doCall(CallTestCaseKeyword.groovy:63)
	at com.kms.katalon.core.keyword.builtin.CallTestCaseKeyword$_callTestCase_closure1.call(CallTestCaseKeyword.groovy)
	at com.kms.katalon.core.keyword.internal.KeywordMain.runKeyword(KeywordMain.groovy:75)
	at com.kms.katalon.core.keyword.builtin.CallTestCaseKeyword.callTestCase(CallTestCaseKeyword.groovy:81)
	at com.kms.katalon.core.keyword.builtin.CallTestCaseKeyword.execute(CallTestCaseKeyword.groovy:44)
	at com.kms.katalon.core.keyword.internal.KeywordExecutor.executeKeywordForPlatform(KeywordExecutor.groovy:74)
	at com.kms.katalon.core.keyword.BuiltinKeywords.callTestCase(BuiltinKeywords.groovy:310)
	at SA-001.run(SA-001:20)
	at com.kms.katalon.core.main.ScriptEngine.run(ScriptEngine.java:194)
	at com.kms.katalon.core.main.ScriptEngine.runScriptAsRawText(ScriptEngine.java:119)
	at com.kms.katalon.core.main.TestCaseExecutor.runScript(TestCaseExecutor.java:448)
	at com.kms.katalon.core.main.TestCaseExecutor.doExecute(TestCaseExecutor.java:439)
	at com.kms.katalon.core.main.TestCaseExecutor.processExecutionPhase(TestCaseExecutor.java:418)
	at com.kms.katalon.core.main.TestCaseExecutor.accessMainPhase(TestCaseExecutor.java:410)
	at com.kms.katalon.core.main.TestCaseExecutor.execute(TestCaseExecutor.java:285)
	at com.kms.katalon.core.main.TestCaseMain.runTestCase(TestCaseMain.java:144)
	at com.kms.katalon.core.keyword.builtin.CallTestCaseKeyword$_callTestCase_closure1.doCall(CallTestCaseKeyword.groovy:59)
	at com.kms.katalon.core.keyword.builtin.CallTestCaseKeyword$_callTestCase_closure1.call(CallTestCaseKeyword.groovy)
	at com.kms.katalon.core.keyword.internal.KeywordMain.runKeyword(KeywordMain.groovy:75)
	at com.kms.katalon.core.keyword.builtin.CallTestCaseKeyword.callTestCase(CallTestCaseKeyword.groovy:81)
	at com.kms.katalon.core.keyword.builtin.CallTestCaseKeyword.execute(CallTestCaseKeyword.groovy:44)
	at com.kms.katalon.core.keyword.internal.KeywordExecutor.executeKeywordForPlatform(KeywordExecutor.groovy:74)
	at com.kms.katalon.core.keyword.BuiltinKeywords.callTestCase(BuiltinKeywords.groovy:310)
	at SA-002.run(SA-002:20)
	at com.kms.katalon.core.main.ScriptEngine.run(ScriptEngine.java:194)
	at com.kms.katalon.core.main.ScriptEngine.runScriptAsRawText(ScriptEngine.java:119)
	at com.kms.katalon.core.main.TestCaseExecutor.runScript(TestCaseExecutor.java:448)
	at com.kms.katalon.core.main.TestCaseExecutor.doExecute(TestCaseExecutor.java:439)
	at com.kms.katalon.core.main.TestCaseExecutor.processExecutionPhase(TestCaseExecutor.java:418)
	at com.kms.katalon.core.main.TestCaseExecutor.accessMainPhase(TestCaseExecutor.java:410)
	at com.kms.katalon.core.main.TestCaseExecutor.execute(TestCaseExecutor.java:285)
	at com.kms.katalon.core.main.TestCaseMain.runTestCase(TestCaseMain.java:144)
	at com.kms.katalon.core.keyword.builtin.CallTestCaseKeyword$_callTestCase_closure1.doCall(CallTestCaseKeyword.groovy:59)
	at com.kms.katalon.core.keyword.builtin.CallTestCaseKeyword$_callTestCase_closure1.call(CallTestCaseKeyword.groovy)
	at com.kms.katalon.core.keyword.internal.KeywordMain.runKeyword(KeywordMain.groovy:75)
	at com.kms.katalon.core.keyword.builtin.CallTestCaseKeyword.callTestCase(CallTestCaseKeyword.groovy:81)
	at com.kms.katalon.core.keyword.builtin.CallTestCaseKeyword.execute(CallTestCaseKeyword.groovy:44)
	at com.kms.katalon.core.keyword.internal.KeywordExecutor.executeKeywordForPlatform(KeywordExecutor.groovy:74)
	at com.kms.katalon.core.keyword.BuiltinKeywords.callTestCase(BuiltinKeywords.groovy:310)
	at SA-004.run(SA-004:20)
	at com.kms.katalon.core.main.ScriptEngine.run(ScriptEngine.java:194)
	at com.kms.katalon.core.main.ScriptEngine.runScriptAsRawText(ScriptEngine.java:119)
	at com.kms.katalon.core.main.TestCaseExecutor.runScript(TestCaseExecutor.java:448)
	at com.kms.katalon.core.main.TestCaseExecutor.doExecute(TestCaseExecutor.java:439)
	at com.kms.katalon.core.main.TestCaseExecutor.processExecutionPhase(TestCaseExecutor.java:418)
	at com.kms.katalon.core.main.TestCaseExecutor.accessMainPhase(TestCaseExecutor.java:410)
	at com.kms.katalon.core.main.TestCaseExecutor.execute(TestCaseExecutor.java:285)
	at com.kms.katalon.core.main.TestCaseMain.runTestCase(TestCaseMain.java:144)
	at com.kms.katalon.core.keyword.builtin.CallTestCaseKeyword$_callTestCase_closure1.doCall(CallTestCaseKeyword.groovy:59)
	at com.kms.katalon.core.keyword.builtin.CallTestCaseKeyword$_callTestCase_closure1.call(CallTestCaseKeyword.groovy)
	at com.kms.katalon.core.keyword.internal.KeywordMain.runKeyword(KeywordMain.groovy:75)
	at com.kms.katalon.core.keyword.builtin.CallTestCaseKeyword.callTestCase(CallTestCaseKeyword.groovy:81)
	at com.kms.katalon.core.keyword.builtin.CallTestCaseKeyword.execute(CallTestCaseKeyword.groovy:44)
	at com.kms.katalon.core.keyword.internal.KeywordExecutor.executeKeywordForPlatform(KeywordExecutor.groovy:74)
	at com.kms.katalon.core.keyword.BuiltinKeywords.callTestCase(BuiltinKeywords.groovy:310)
	at SU-011.run(SU-011:20)
	at com.kms.katalon.core.main.ScriptEngine.run(ScriptEngine.java:194)
	at com.kms.katalon.core.main.ScriptEngine.runScriptAsRawText(ScriptEngine.java:119)
	at com.kms.katalon.core.main.TestCaseExecutor.runScript(TestCaseExecutor.java:448)
	at com.kms.katalon.core.main.TestCaseExecutor.doExecute(TestCaseExecutor.java:439)
	at com.kms.katalon.core.main.TestCaseExecutor.processExecutionPhase(TestCaseExecutor.java:418)
	at com.kms.katalon.core.main.TestCaseExecutor.accessMainPhase(TestCaseExecutor.java:410)
	at com.kms.katalon.core.main.TestCaseExecutor.execute(TestCaseExecutor.java:285)
	at com.kms.katalon.core.common.CommonExecutor.accessTestCaseMainPhase(CommonExecutor.java:65)
	at com.kms.katalon.core.main.TestSuiteExecutor.accessTestSuiteMainPhase(TestSuiteExecutor.java:148)
	at com.kms.katalon.core.main.TestSuiteExecutor.execute(TestSuiteExecutor.java:106)
	at com.kms.katalon.core.main.TestCaseMain.startTestSuite(TestCaseMain.java:187)
	at com.kms.katalon.core.main.TestCaseMain$startTestSuite$0.call(Unknown Source)
	at TempTestSuite1696420804604.run(TempTestSuite1696420804604.groovy:36)
Caused by: com.kms.katalon.core.exception.StepFailedException: Call Test Case 'Test Cases/T13 Pembelian, Shipment dan Pembayaran/PBY-004' failed
	at com.kms.katalon.core.keyword.builtin.CallTestCaseKeyword$_callTestCase_closure1.doCall(CallTestCaseKeyword.groovy:63)
	at com.kms.katalon.core.keyword.builtin.CallTestCaseKeyword$_callTestCase_closure1.call(CallTestCaseKeyword.groovy)
	at com.kms.katalon.core.keyword.internal.KeywordMain.runKeyword(KeywordMain.groovy:75)
	at com.kms.katalon.core.keyword.builtin.CallTestCaseKeyword.callTestCase(CallTestCaseKeyword.groovy:81)
	at com.kms.katalon.core.keyword.builtin.CallTestCaseKeyword.execute(CallTestCaseKeyword.groovy:44)
	at com.kms.katalon.core.keyword.internal.KeywordExecutor.executeKeywordForPlatform(KeywordExecutor.groovy:74)
	at com.kms.katalon.core.keyword.BuiltinKeywords.callTestCase(BuiltinKeywords.groovy:310)
	at PBYA-001.run(PBYA-001:20)
	at com.kms.katalon.core.main.ScriptEngine.run(ScriptEngine.java:194)
	at com.kms.katalon.core.main.ScriptEngine.runScriptAsRawText(ScriptEngine.java:119)
	at com.kms.katalon.core.main.TestCaseExecutor.runScript(TestCaseExecutor.java:448)
	at com.kms.katalon.core.main.TestCaseExecutor.doExecute(TestCaseExecutor.java:439)
	at com.kms.katalon.core.main.TestCaseExecutor.processExecutionPhase(TestCaseExecutor.java:418)
	at com.kms.katalon.core.main.TestCaseExecutor.accessMainPhase(TestCaseExecutor.java:410)
	at com.kms.katalon.core.main.TestCaseExecutor.execute(TestCaseExecutor.java:285)
	at com.kms.katalon.core.main.TestCaseMain.runTestCase(TestCaseMain.java:144)
	at com.kms.katalon.core.keyword.builtin.CallTestCaseKeyword$_callTestCase_closure1.doCall(CallTestCaseKeyword.groovy:59)
	... 68 more
Caused by: com.kms.katalon.core.exception.StepFailedException: Call Test Case 'Test Cases/T13 Pembelian, Shipment dan Pembayaran/PBY-001' failed
	at com.kms.katalon.core.keyword.builtin.CallTestCaseKeyword$_callTestCase_closure1.doCall(CallTestCaseKeyword.groovy:63)
	at com.kms.katalon.core.keyword.builtin.CallTestCaseKeyword$_callTestCase_closure1.call(CallTestCaseKeyword.groovy)
	at com.kms.katalon.core.keyword.internal.KeywordMain.runKeyword(KeywordMain.groovy:75)
	at com.kms.katalon.core.keyword.builtin.CallTestCaseKeyword.callTestCase(CallTestCaseKeyword.groovy:81)
	at com.kms.katalon.core.keyword.builtin.CallTestCaseKeyword.execute(CallTestCaseKeyword.groovy:44)
	at com.kms.katalon.core.keyword.internal.KeywordExecutor.executeKeywordForPlatform(KeywordExecutor.groovy:74)
	at com.kms.katalon.core.keyword.BuiltinKeywords.callTestCase(BuiltinKeywords.groovy:310)
	at PBY-004.run(PBY-004:20)
	at com.kms.katalon.core.main.ScriptEngine.run(ScriptEngine.java:194)
	at com.kms.katalon.core.main.ScriptEngine.runScriptAsRawText(ScriptEngine.java:119)
	at com.kms.katalon.core.main.TestCaseExecutor.runScript(TestCaseExecutor.java:448)
	at com.kms.katalon.core.main.TestCaseExecutor.doExecute(TestCaseExecutor.java:439)
	at com.kms.katalon.core.main.TestCaseExecutor.processExecutionPhase(TestCaseExecutor.java:418)
	at com.kms.katalon.core.main.TestCaseExecutor.accessMainPhase(TestCaseExecutor.java:410)
	at com.kms.katalon.core.main.TestCaseExecutor.execute(TestCaseExecutor.java:285)
	at com.kms.katalon.core.main.TestCaseMain.runTestCase(TestCaseMain.java:144)
	at com.kms.katalon.core.keyword.builtin.CallTestCaseKeyword$_callTestCase_closure1.doCall(CallTestCaseKeyword.groovy:59)
	... 84 more
Caused by: com.kms.katalon.core.exception.StepFailedException: Call Test Case 'Test Cases/T13 Pembelian, Shipment dan Pembayaran/PBL-004' failed
	at com.kms.katalon.core.keyword.builtin.CallTestCaseKeyword$_callTestCase_closure1.doCall(CallTestCaseKeyword.groovy:63)
	at com.kms.katalon.core.keyword.builtin.CallTestCaseKeyword$_callTestCase_closure1.call(CallTestCaseKeyword.groovy)
	at com.kms.katalon.core.keyword.internal.KeywordMain.runKeyword(KeywordMain.groovy:75)
	at com.kms.katalon.core.keyword.builtin.CallTestCaseKeyword.callTestCase(CallTestCaseKeyword.groovy:81)
	at com.kms.katalon.core.keyword.builtin.CallTestCaseKeyword.execute(CallTestCaseKeyword.groovy:44)
	at com.kms.katalon.core.keyword.internal.KeywordExecutor.executeKeywordForPlatform(KeywordExecutor.groovy:74)
	at com.kms.katalon.core.keyword.BuiltinKeywords.callTestCase(BuiltinKeywords.groovy:310)
	at PBY-001.run(PBY-001:20)
	at com.kms.katalon.core.main.ScriptEngine.run(ScriptEngine.java:194)
	at com.kms.katalon.core.main.ScriptEngine.runScriptAsRawText(ScriptEngine.java:119)
	at com.kms.katalon.core.main.TestCaseExecutor.runScript(TestCaseExecutor.java:448)
	at com.kms.katalon.core.main.TestCaseExecutor.doExecute(TestCaseExecutor.java:439)
	at com.kms.katalon.core.main.TestCaseExecutor.processExecutionPhase(TestCaseExecutor.java:418)
	at com.kms.katalon.core.main.TestCaseExecutor.accessMainPhase(TestCaseExecutor.java:410)
	at com.kms.katalon.core.main.TestCaseExecutor.execute(TestCaseExecutor.java:285)
	at com.kms.katalon.core.main.TestCaseMain.runTestCase(TestCaseMain.java:144)
	at com.kms.katalon.core.keyword.builtin.CallTestCaseKeyword$_callTestCase_closure1.doCall(CallTestCaseKeyword.groovy:59)
	... 100 more
Caused by: Assertion failed: 

assert price_product.contains(HargaCheckout)
       |             |        |
       Rp 1,299      false    2,598

	at PBL-004.run(PBL-004:45)
	at com.kms.katalon.core.main.ScriptEngine.run(ScriptEngine.java:194)
	at com.kms.katalon.core.main.ScriptEngine.runScriptAsRawText(ScriptEngine.java:119)
	at com.kms.katalon.core.main.TestCaseExecutor.runScript(TestCaseExecutor.java:448)
	at com.kms.katalon.core.main.TestCaseExecutor.doExecute(TestCaseExecutor.java:439)
	at com.kms.katalon.core.main.TestCaseExecutor.processExecutionPhase(TestCaseExecutor.java:418)
	at com.kms.katalon.core.main.TestCaseExecutor.accessMainPhase(TestCaseExecutor.java:410)
	at com.kms.katalon.core.main.TestCaseExecutor.execute(TestCaseExecutor.java:285)
	at com.kms.katalon.core.main.TestCaseMain.runTestCase(TestCaseMain.java:144)
	at com.kms.katalon.core.keyword.builtin.CallTestCaseKeyword$_callTestCase_closure1.doCall(CallTestCaseKeyword.groovy:59)
	... 116 more
)

2023-10-04 19:58:10 - [MESSAGE][FAILED] - Unable to call Test Case 'Test Cases/T13 Pembelian, Shipment dan Pembayaran/SA-001' (Root cause: com.kms.katalon.core.exception.StepFailedException: Call Test Case 'Test Cases/T13 Pembelian, Shipment dan Pembayaran/SA-001' failed
	at com.kms.katalon.core.keyword.builtin.CallTestCaseKeyword$_callTestCase_closure1.doCall(CallTestCaseKeyword.groovy:63)
	at com.kms.katalon.core.keyword.builtin.CallTestCaseKeyword$_callTestCase_closure1.call(CallTestCaseKeyword.groovy)
	at com.kms.katalon.core.keyword.internal.KeywordMain.runKeyword(KeywordMain.groovy:75)
	at com.kms.katalon.core.keyword.builtin.CallTestCaseKeyword.callTestCase(CallTestCaseKeyword.groovy:81)
	at com.kms.katalon.core.keyword.builtin.CallTestCaseKeyword.execute(CallTestCaseKeyword.groovy:44)
	at com.kms.katalon.core.keyword.internal.KeywordExecutor.executeKeywordForPlatform(KeywordExecutor.groovy:74)
	at com.kms.katalon.core.keyword.BuiltinKeywords.callTestCase(BuiltinKeywords.groovy:310)
	at SA-002.run(SA-002:20)
	at com.kms.katalon.core.main.ScriptEngine.run(ScriptEngine.java:194)
	at com.kms.katalon.core.main.ScriptEngine.runScriptAsRawText(ScriptEngine.java:119)
	at com.kms.katalon.core.main.TestCaseExecutor.runScript(TestCaseExecutor.java:448)
	at com.kms.katalon.core.main.TestCaseExecutor.doExecute(TestCaseExecutor.java:439)
	at com.kms.katalon.core.main.TestCaseExecutor.processExecutionPhase(TestCaseExecutor.java:418)
	at com.kms.katalon.core.main.TestCaseExecutor.accessMainPhase(TestCaseExecutor.java:410)
	at com.kms.katalon.core.main.TestCaseExecutor.execute(TestCaseExecutor.java:285)
	at com.kms.katalon.core.main.TestCaseMain.runTestCase(TestCaseMain.java:144)
	at com.kms.katalon.core.keyword.builtin.CallTestCaseKeyword$_callTestCase_closure1.doCall(CallTestCaseKeyword.groovy:59)
	at com.kms.katalon.core.keyword.builtin.CallTestCaseKeyword$_callTestCase_closure1.call(CallTestCaseKeyword.groovy)
	at com.kms.katalon.core.keyword.internal.KeywordMain.runKeyword(KeywordMain.groovy:75)
	at com.kms.katalon.core.keyword.builtin.CallTestCaseKeyword.callTestCase(CallTestCaseKeyword.groovy:81)
	at com.kms.katalon.core.keyword.builtin.CallTestCaseKeyword.execute(CallTestCaseKeyword.groovy:44)
	at com.kms.katalon.core.keyword.internal.KeywordExecutor.executeKeywordForPlatform(KeywordExecutor.groovy:74)
	at com.kms.katalon.core.keyword.BuiltinKeywords.callTestCase(BuiltinKeywords.groovy:310)
	at SA-004.run(SA-004:20)
	at com.kms.katalon.core.main.ScriptEngine.run(ScriptEngine.java:194)
	at com.kms.katalon.core.main.ScriptEngine.runScriptAsRawText(ScriptEngine.java:119)
	at com.kms.katalon.core.main.TestCaseExecutor.runScript(TestCaseExecutor.java:448)
	at com.kms.katalon.core.main.TestCaseExecutor.doExecute(TestCaseExecutor.java:439)
	at com.kms.katalon.core.main.TestCaseExecutor.processExecutionPhase(TestCaseExecutor.java:418)
	at com.kms.katalon.core.main.TestCaseExecutor.accessMainPhase(TestCaseExecutor.java:410)
	at com.kms.katalon.core.main.TestCaseExecutor.execute(TestCaseExecutor.java:285)
	at com.kms.katalon.core.main.TestCaseMain.runTestCase(TestCaseMain.java:144)
	at com.kms.katalon.core.keyword.builtin.CallTestCaseKeyword$_callTestCase_closure1.doCall(CallTestCaseKeyword.groovy:59)
	at com.kms.katalon.core.keyword.builtin.CallTestCaseKeyword$_callTestCase_closure1.call(CallTestCaseKeyword.groovy)
	at com.kms.katalon.core.keyword.internal.KeywordMain.runKeyword(KeywordMain.groovy:75)
	at com.kms.katalon.core.keyword.builtin.CallTestCaseKeyword.callTestCase(CallTestCaseKeyword.groovy:81)
	at com.kms.katalon.core.keyword.builtin.CallTestCaseKeyword.execute(CallTestCaseKeyword.groovy:44)
	at com.kms.katalon.core.keyword.internal.KeywordExecutor.executeKeywordForPlatform(KeywordExecutor.groovy:74)
	at com.kms.katalon.core.keyword.BuiltinKeywords.callTestCase(BuiltinKeywords.groovy:310)
	at SU-011.run(SU-011:20)
	at com.kms.katalon.core.main.ScriptEngine.run(ScriptEngine.java:194)
	at com.kms.katalon.core.main.ScriptEngine.runScriptAsRawText(ScriptEngine.java:119)
	at com.kms.katalon.core.main.TestCaseExecutor.runScript(TestCaseExecutor.java:448)
	at com.kms.katalon.core.main.TestCaseExecutor.doExecute(TestCaseExecutor.java:439)
	at com.kms.katalon.core.main.TestCaseExecutor.processExecutionPhase(TestCaseExecutor.java:418)
	at com.kms.katalon.core.main.TestCaseExecutor.accessMainPhase(TestCaseExecutor.java:410)
	at com.kms.katalon.core.main.TestCaseExecutor.execute(TestCaseExecutor.java:285)
	at com.kms.katalon.core.common.CommonExecutor.accessTestCaseMainPhase(CommonExecutor.java:65)
	at com.kms.katalon.core.main.TestSuiteExecutor.accessTestSuiteMainPhase(TestSuiteExecutor.java:148)
	at com.kms.katalon.core.main.TestSuiteExecutor.execute(TestSuiteExecutor.java:106)
	at com.kms.katalon.core.main.TestCaseMain.startTestSuite(TestCaseMain.java:187)
	at com.kms.katalon.core.main.TestCaseMain$startTestSuite$0.call(Unknown Source)
	at TempTestSuite1696420804604.run(TempTestSuite1696420804604.groovy:36)
Caused by: com.kms.katalon.core.exception.StepFailedException: Call Test Case 'Test Cases/T13 Pembelian, Shipment dan Pembayaran/PBYA-001' failed
	at com.kms.katalon.core.keyword.builtin.CallTestCaseKeyword$_callTestCase_closure1.doCall(CallTestCaseKeyword.groovy:63)
	at com.kms.katalon.core.keyword.builtin.CallTestCaseKeyword$_callTestCase_closure1.call(CallTestCaseKeyword.groovy)
	at com.kms.katalon.core.keyword.internal.KeywordMain.runKeyword(KeywordMain.groovy:75)
	at com.kms.katalon.core.keyword.builtin.CallTestCaseKeyword.callTestCase(CallTestCaseKeyword.groovy:81)
	at com.kms.katalon.core.keyword.builtin.CallTestCaseKeyword.execute(CallTestCaseKeyword.groovy:44)
	at com.kms.katalon.core.keyword.internal.KeywordExecutor.executeKeywordForPlatform(KeywordExecutor.groovy:74)
	at com.kms.katalon.core.keyword.BuiltinKeywords.callTestCase(BuiltinKeywords.groovy:310)
	at SA-001.run(SA-001:20)
	at com.kms.katalon.core.main.ScriptEngine.run(ScriptEngine.java:194)
	at com.kms.katalon.core.main.ScriptEngine.runScriptAsRawText(ScriptEngine.java:119)
	at com.kms.katalon.core.main.TestCaseExecutor.runScript(TestCaseExecutor.java:448)
	at com.kms.katalon.core.main.TestCaseExecutor.doExecute(TestCaseExecutor.java:439)
	at com.kms.katalon.core.main.TestCaseExecutor.processExecutionPhase(TestCaseExecutor.java:418)
	at com.kms.katalon.core.main.TestCaseExecutor.accessMainPhase(TestCaseExecutor.java:410)
	at com.kms.katalon.core.main.TestCaseExecutor.execute(TestCaseExecutor.java:285)
	at com.kms.katalon.core.main.TestCaseMain.runTestCase(TestCaseMain.java:144)
	at com.kms.katalon.core.keyword.builtin.CallTestCaseKeyword$_callTestCase_closure1.doCall(CallTestCaseKeyword.groovy:59)
	... 52 more
Caused by: com.kms.katalon.core.exception.StepFailedException: Call Test Case 'Test Cases/T13 Pembelian, Shipment dan Pembayaran/PBY-004' failed
	at com.kms.katalon.core.keyword.builtin.CallTestCaseKeyword$_callTestCase_closure1.doCall(CallTestCaseKeyword.groovy:63)
	at com.kms.katalon.core.keyword.builtin.CallTestCaseKeyword$_callTestCase_closure1.call(CallTestCaseKeyword.groovy)
	at com.kms.katalon.core.keyword.internal.KeywordMain.runKeyword(KeywordMain.groovy:75)
	at com.kms.katalon.core.keyword.builtin.CallTestCaseKeyword.callTestCase(CallTestCaseKeyword.groovy:81)
	at com.kms.katalon.core.keyword.builtin.CallTestCaseKeyword.execute(CallTestCaseKeyword.groovy:44)
	at com.kms.katalon.core.keyword.internal.KeywordExecutor.executeKeywordForPlatform(KeywordExecutor.groovy:74)
	at com.kms.katalon.core.keyword.BuiltinKeywords.callTestCase(BuiltinKeywords.groovy:310)
	at PBYA-001.run(PBYA-001:20)
	at com.kms.katalon.core.main.ScriptEngine.run(ScriptEngine.java:194)
	at com.kms.katalon.core.main.ScriptEngine.runScriptAsRawText(ScriptEngine.java:119)
	at com.kms.katalon.core.main.TestCaseExecutor.runScript(TestCaseExecutor.java:448)
	at com.kms.katalon.core.main.TestCaseExecutor.doExecute(TestCaseExecutor.java:439)
	at com.kms.katalon.core.main.TestCaseExecutor.processExecutionPhase(TestCaseExecutor.java:418)
	at com.kms.katalon.core.main.TestCaseExecutor.accessMainPhase(TestCaseExecutor.java:410)
	at com.kms.katalon.core.main.TestCaseExecutor.execute(TestCaseExecutor.java:285)
	at com.kms.katalon.core.main.TestCaseMain.runTestCase(TestCaseMain.java:144)
	at com.kms.katalon.core.keyword.builtin.CallTestCaseKeyword$_callTestCase_closure1.doCall(CallTestCaseKeyword.groovy:59)
	... 68 more
Caused by: com.kms.katalon.core.exception.StepFailedException: Call Test Case 'Test Cases/T13 Pembelian, Shipment dan Pembayaran/PBY-001' failed
	at com.kms.katalon.core.keyword.builtin.CallTestCaseKeyword$_callTestCase_closure1.doCall(CallTestCaseKeyword.groovy:63)
	at com.kms.katalon.core.keyword.builtin.CallTestCaseKeyword$_callTestCase_closure1.call(CallTestCaseKeyword.groovy)
	at com.kms.katalon.core.keyword.internal.KeywordMain.runKeyword(KeywordMain.groovy:75)
	at com.kms.katalon.core.keyword.builtin.CallTestCaseKeyword.callTestCase(CallTestCaseKeyword.groovy:81)
	at com.kms.katalon.core.keyword.builtin.CallTestCaseKeyword.execute(CallTestCaseKeyword.groovy:44)
	at com.kms.katalon.core.keyword.internal.KeywordExecutor.executeKeywordForPlatform(KeywordExecutor.groovy:74)
	at com.kms.katalon.core.keyword.BuiltinKeywords.callTestCase(BuiltinKeywords.groovy:310)
	at PBY-004.run(PBY-004:20)
	at com.kms.katalon.core.main.ScriptEngine.run(ScriptEngine.java:194)
	at com.kms.katalon.core.main.ScriptEngine.runScriptAsRawText(ScriptEngine.java:119)
	at com.kms.katalon.core.main.TestCaseExecutor.runScript(TestCaseExecutor.java:448)
	at com.kms.katalon.core.main.TestCaseExecutor.doExecute(TestCaseExecutor.java:439)
	at com.kms.katalon.core.main.TestCaseExecutor.processExecutionPhase(TestCaseExecutor.java:418)
	at com.kms.katalon.core.main.TestCaseExecutor.accessMainPhase(TestCaseExecutor.java:410)
	at com.kms.katalon.core.main.TestCaseExecutor.execute(TestCaseExecutor.java:285)
	at com.kms.katalon.core.main.TestCaseMain.runTestCase(TestCaseMain.java:144)
	at com.kms.katalon.core.keyword.builtin.CallTestCaseKeyword$_callTestCase_closure1.doCall(CallTestCaseKeyword.groovy:59)
	... 84 more
Caused by: com.kms.katalon.core.exception.StepFailedException: Call Test Case 'Test Cases/T13 Pembelian, Shipment dan Pembayaran/PBL-004' failed
	at com.kms.katalon.core.keyword.builtin.CallTestCaseKeyword$_callTestCase_closure1.doCall(CallTestCaseKeyword.groovy:63)
	at com.kms.katalon.core.keyword.builtin.CallTestCaseKeyword$_callTestCase_closure1.call(CallTestCaseKeyword.groovy)
	at com.kms.katalon.core.keyword.internal.KeywordMain.runKeyword(KeywordMain.groovy:75)
	at com.kms.katalon.core.keyword.builtin.CallTestCaseKeyword.callTestCase(CallTestCaseKeyword.groovy:81)
	at com.kms.katalon.core.keyword.builtin.CallTestCaseKeyword.execute(CallTestCaseKeyword.groovy:44)
	at com.kms.katalon.core.keyword.internal.KeywordExecutor.executeKeywordForPlatform(KeywordExecutor.groovy:74)
	at com.kms.katalon.core.keyword.BuiltinKeywords.callTestCase(BuiltinKeywords.groovy:310)
	at PBY-001.run(PBY-001:20)
	at com.kms.katalon.core.main.ScriptEngine.run(ScriptEngine.java:194)
	at com.kms.katalon.core.main.ScriptEngine.runScriptAsRawText(ScriptEngine.java:119)
	at com.kms.katalon.core.main.TestCaseExecutor.runScript(TestCaseExecutor.java:448)
	at com.kms.katalon.core.main.TestCaseExecutor.doExecute(TestCaseExecutor.java:439)
	at com.kms.katalon.core.main.TestCaseExecutor.processExecutionPhase(TestCaseExecutor.java:418)
	at com.kms.katalon.core.main.TestCaseExecutor.accessMainPhase(TestCaseExecutor.java:410)
	at com.kms.katalon.core.main.TestCaseExecutor.execute(TestCaseExecutor.java:285)
	at com.kms.katalon.core.main.TestCaseMain.runTestCase(TestCaseMain.java:144)
	at com.kms.katalon.core.keyword.builtin.CallTestCaseKeyword$_callTestCase_closure1.doCall(CallTestCaseKeyword.groovy:59)
	... 100 more
Caused by: Assertion failed: 

assert price_product.contains(HargaCheckout)
       |             |        |
       Rp 1,299      false    2,598

	at PBL-004.run(PBL-004:45)
	at com.kms.katalon.core.main.ScriptEngine.run(ScriptEngine.java:194)
	at com.kms.katalon.core.main.ScriptEngine.runScriptAsRawText(ScriptEngine.java:119)
	at com.kms.katalon.core.main.TestCaseExecutor.runScript(TestCaseExecutor.java:448)
	at com.kms.katalon.core.main.TestCaseExecutor.doExecute(TestCaseExecutor.java:439)
	at com.kms.katalon.core.main.TestCaseExecutor.processExecutionPhase(TestCaseExecutor.java:418)
	at com.kms.katalon.core.main.TestCaseExecutor.accessMainPhase(TestCaseExecutor.java:410)
	at com.kms.katalon.core.main.TestCaseExecutor.execute(TestCaseExecutor.java:285)
	at com.kms.katalon.core.main.TestCaseMain.runTestCase(TestCaseMain.java:144)
	at com.kms.katalon.core.keyword.builtin.CallTestCaseKeyword$_callTestCase_closure1.doCall(CallTestCaseKeyword.groovy:59)
	... 116 more
)

2023-10-04 19:58:10 - [MESSAGE][FAILED] - Unable to call Test Case 'Test Cases/T13 Pembelian, Shipment dan Pembayaran/SA-002' (Root cause: com.kms.katalon.core.exception.StepFailedException: Call Test Case 'Test Cases/T13 Pembelian, Shipment dan Pembayaran/SA-002' failed
	at com.kms.katalon.core.keyword.builtin.CallTestCaseKeyword$_callTestCase_closure1.doCall(CallTestCaseKeyword.groovy:63)
	at com.kms.katalon.core.keyword.builtin.CallTestCaseKeyword$_callTestCase_closure1.call(CallTestCaseKeyword.groovy)
	at com.kms.katalon.core.keyword.internal.KeywordMain.runKeyword(KeywordMain.groovy:75)
	at com.kms.katalon.core.keyword.builtin.CallTestCaseKeyword.callTestCase(CallTestCaseKeyword.groovy:81)
	at com.kms.katalon.core.keyword.builtin.CallTestCaseKeyword.execute(CallTestCaseKeyword.groovy:44)
	at com.kms.katalon.core.keyword.internal.KeywordExecutor.executeKeywordForPlatform(KeywordExecutor.groovy:74)
	at com.kms.katalon.core.keyword.BuiltinKeywords.callTestCase(BuiltinKeywords.groovy:310)
	at SA-004.run(SA-004:20)
	at com.kms.katalon.core.main.ScriptEngine.run(ScriptEngine.java:194)
	at com.kms.katalon.core.main.ScriptEngine.runScriptAsRawText(ScriptEngine.java:119)
	at com.kms.katalon.core.main.TestCaseExecutor.runScript(TestCaseExecutor.java:448)
	at com.kms.katalon.core.main.TestCaseExecutor.doExecute(TestCaseExecutor.java:439)
	at com.kms.katalon.core.main.TestCaseExecutor.processExecutionPhase(TestCaseExecutor.java:418)
	at com.kms.katalon.core.main.TestCaseExecutor.accessMainPhase(TestCaseExecutor.java:410)
	at com.kms.katalon.core.main.TestCaseExecutor.execute(TestCaseExecutor.java:285)
	at com.kms.katalon.core.main.TestCaseMain.runTestCase(TestCaseMain.java:144)
	at com.kms.katalon.core.keyword.builtin.CallTestCaseKeyword$_callTestCase_closure1.doCall(CallTestCaseKeyword.groovy:59)
	at com.kms.katalon.core.keyword.builtin.CallTestCaseKeyword$_callTestCase_closure1.call(CallTestCaseKeyword.groovy)
	at com.kms.katalon.core.keyword.internal.KeywordMain.runKeyword(KeywordMain.groovy:75)
	at com.kms.katalon.core.keyword.builtin.CallTestCaseKeyword.callTestCase(CallTestCaseKeyword.groovy:81)
	at com.kms.katalon.core.keyword.builtin.CallTestCaseKeyword.execute(CallTestCaseKeyword.groovy:44)
	at com.kms.katalon.core.keyword.internal.KeywordExecutor.executeKeywordForPlatform(KeywordExecutor.groovy:74)
	at com.kms.katalon.core.keyword.BuiltinKeywords.callTestCase(BuiltinKeywords.groovy:310)
	at SU-011.run(SU-011:20)
	at com.kms.katalon.core.main.ScriptEngine.run(ScriptEngine.java:194)
	at com.kms.katalon.core.main.ScriptEngine.runScriptAsRawText(ScriptEngine.java:119)
	at com.kms.katalon.core.main.TestCaseExecutor.runScript(TestCaseExecutor.java:448)
	at com.kms.katalon.core.main.TestCaseExecutor.doExecute(TestCaseExecutor.java:439)
	at com.kms.katalon.core.main.TestCaseExecutor.processExecutionPhase(TestCaseExecutor.java:418)
	at com.kms.katalon.core.main.TestCaseExecutor.accessMainPhase(TestCaseExecutor.java:410)
	at com.kms.katalon.core.main.TestCaseExecutor.execute(TestCaseExecutor.java:285)
	at com.kms.katalon.core.common.CommonExecutor.accessTestCaseMainPhase(CommonExecutor.java:65)
	at com.kms.katalon.core.main.TestSuiteExecutor.accessTestSuiteMainPhase(TestSuiteExecutor.java:148)
	at com.kms.katalon.core.main.TestSuiteExecutor.execute(TestSuiteExecutor.java:106)
	at com.kms.katalon.core.main.TestCaseMain.startTestSuite(TestCaseMain.java:187)
	at com.kms.katalon.core.main.TestCaseMain$startTestSuite$0.call(Unknown Source)
	at TempTestSuite1696420804604.run(TempTestSuite1696420804604.groovy:36)
Caused by: com.kms.katalon.core.exception.StepFailedException: Call Test Case 'Test Cases/T13 Pembelian, Shipment dan Pembayaran/SA-001' failed
	at com.kms.katalon.core.keyword.builtin.CallTestCaseKeyword$_callTestCase_closure1.doCall(CallTestCaseKeyword.groovy:63)
	at com.kms.katalon.core.keyword.builtin.CallTestCaseKeyword$_callTestCase_closure1.call(CallTestCaseKeyword.groovy)
	at com.kms.katalon.core.keyword.internal.KeywordMain.runKeyword(KeywordMain.groovy:75)
	at com.kms.katalon.core.keyword.builtin.CallTestCaseKeyword.callTestCase(CallTestCaseKeyword.groovy:81)
	at com.kms.katalon.core.keyword.builtin.CallTestCaseKeyword.execute(CallTestCaseKeyword.groovy:44)
	at com.kms.katalon.core.keyword.internal.KeywordExecutor.executeKeywordForPlatform(KeywordExecutor.groovy:74)
	at com.kms.katalon.core.keyword.BuiltinKeywords.callTestCase(BuiltinKeywords.groovy:310)
	at SA-002.run(SA-002:20)
	at com.kms.katalon.core.main.ScriptEngine.run(ScriptEngine.java:194)
	at com.kms.katalon.core.main.ScriptEngine.runScriptAsRawText(ScriptEngine.java:119)
	at com.kms.katalon.core.main.TestCaseExecutor.runScript(TestCaseExecutor.java:448)
	at com.kms.katalon.core.main.TestCaseExecutor.doExecute(TestCaseExecutor.java:439)
	at com.kms.katalon.core.main.TestCaseExecutor.processExecutionPhase(TestCaseExecutor.java:418)
	at com.kms.katalon.core.main.TestCaseExecutor.accessMainPhase(TestCaseExecutor.java:410)
	at com.kms.katalon.core.main.TestCaseExecutor.execute(TestCaseExecutor.java:285)
	at com.kms.katalon.core.main.TestCaseMain.runTestCase(TestCaseMain.java:144)
	at com.kms.katalon.core.keyword.builtin.CallTestCaseKeyword$_callTestCase_closure1.doCall(CallTestCaseKeyword.groovy:59)
	... 36 more
Caused by: com.kms.katalon.core.exception.StepFailedException: Call Test Case 'Test Cases/T13 Pembelian, Shipment dan Pembayaran/PBYA-001' failed
	at com.kms.katalon.core.keyword.builtin.CallTestCaseKeyword$_callTestCase_closure1.doCall(CallTestCaseKeyword.groovy:63)
	at com.kms.katalon.core.keyword.builtin.CallTestCaseKeyword$_callTestCase_closure1.call(CallTestCaseKeyword.groovy)
	at com.kms.katalon.core.keyword.internal.KeywordMain.runKeyword(KeywordMain.groovy:75)
	at com.kms.katalon.core.keyword.builtin.CallTestCaseKeyword.callTestCase(CallTestCaseKeyword.groovy:81)
	at com.kms.katalon.core.keyword.builtin.CallTestCaseKeyword.execute(CallTestCaseKeyword.groovy:44)
	at com.kms.katalon.core.keyword.internal.KeywordExecutor.executeKeywordForPlatform(KeywordExecutor.groovy:74)
	at com.kms.katalon.core.keyword.BuiltinKeywords.callTestCase(BuiltinKeywords.groovy:310)
	at SA-001.run(SA-001:20)
	at com.kms.katalon.core.main.ScriptEngine.run(ScriptEngine.java:194)
	at com.kms.katalon.core.main.ScriptEngine.runScriptAsRawText(ScriptEngine.java:119)
	at com.kms.katalon.core.main.TestCaseExecutor.runScript(TestCaseExecutor.java:448)
	at com.kms.katalon.core.main.TestCaseExecutor.doExecute(TestCaseExecutor.java:439)
	at com.kms.katalon.core.main.TestCaseExecutor.processExecutionPhase(TestCaseExecutor.java:418)
	at com.kms.katalon.core.main.TestCaseExecutor.accessMainPhase(TestCaseExecutor.java:410)
	at com.kms.katalon.core.main.TestCaseExecutor.execute(TestCaseExecutor.java:285)
	at com.kms.katalon.core.main.TestCaseMain.runTestCase(TestCaseMain.java:144)
	at com.kms.katalon.core.keyword.builtin.CallTestCaseKeyword$_callTestCase_closure1.doCall(CallTestCaseKeyword.groovy:59)
	... 52 more
Caused by: com.kms.katalon.core.exception.StepFailedException: Call Test Case 'Test Cases/T13 Pembelian, Shipment dan Pembayaran/PBY-004' failed
	at com.kms.katalon.core.keyword.builtin.CallTestCaseKeyword$_callTestCase_closure1.doCall(CallTestCaseKeyword.groovy:63)
	at com.kms.katalon.core.keyword.builtin.CallTestCaseKeyword$_callTestCase_closure1.call(CallTestCaseKeyword.groovy)
	at com.kms.katalon.core.keyword.internal.KeywordMain.runKeyword(KeywordMain.groovy:75)
	at com.kms.katalon.core.keyword.builtin.CallTestCaseKeyword.callTestCase(CallTestCaseKeyword.groovy:81)
	at com.kms.katalon.core.keyword.builtin.CallTestCaseKeyword.execute(CallTestCaseKeyword.groovy:44)
	at com.kms.katalon.core.keyword.internal.KeywordExecutor.executeKeywordForPlatform(KeywordExecutor.groovy:74)
	at com.kms.katalon.core.keyword.BuiltinKeywords.callTestCase(BuiltinKeywords.groovy:310)
	at PBYA-001.run(PBYA-001:20)
	at com.kms.katalon.core.main.ScriptEngine.run(ScriptEngine.java:194)
	at com.kms.katalon.core.main.ScriptEngine.runScriptAsRawText(ScriptEngine.java:119)
	at com.kms.katalon.core.main.TestCaseExecutor.runScript(TestCaseExecutor.java:448)
	at com.kms.katalon.core.main.TestCaseExecutor.doExecute(TestCaseExecutor.java:439)
	at com.kms.katalon.core.main.TestCaseExecutor.processExecutionPhase(TestCaseExecutor.java:418)
	at com.kms.katalon.core.main.TestCaseExecutor.accessMainPhase(TestCaseExecutor.java:410)
	at com.kms.katalon.core.main.TestCaseExecutor.execute(TestCaseExecutor.java:285)
	at com.kms.katalon.core.main.TestCaseMain.runTestCase(TestCaseMain.java:144)
	at com.kms.katalon.core.keyword.builtin.CallTestCaseKeyword$_callTestCase_closure1.doCall(CallTestCaseKeyword.groovy:59)
	... 68 more
Caused by: com.kms.katalon.core.exception.StepFailedException: Call Test Case 'Test Cases/T13 Pembelian, Shipment dan Pembayaran/PBY-001' failed
	at com.kms.katalon.core.keyword.builtin.CallTestCaseKeyword$_callTestCase_closure1.doCall(CallTestCaseKeyword.groovy:63)
	at com.kms.katalon.core.keyword.builtin.CallTestCaseKeyword$_callTestCase_closure1.call(CallTestCaseKeyword.groovy)
	at com.kms.katalon.core.keyword.internal.KeywordMain.runKeyword(KeywordMain.groovy:75)
	at com.kms.katalon.core.keyword.builtin.CallTestCaseKeyword.callTestCase(CallTestCaseKeyword.groovy:81)
	at com.kms.katalon.core.keyword.builtin.CallTestCaseKeyword.execute(CallTestCaseKeyword.groovy:44)
	at com.kms.katalon.core.keyword.internal.KeywordExecutor.executeKeywordForPlatform(KeywordExecutor.groovy:74)
	at com.kms.katalon.core.keyword.BuiltinKeywords.callTestCase(BuiltinKeywords.groovy:310)
	at PBY-004.run(PBY-004:20)
	at com.kms.katalon.core.main.ScriptEngine.run(ScriptEngine.java:194)
	at com.kms.katalon.core.main.ScriptEngine.runScriptAsRawText(ScriptEngine.java:119)
	at com.kms.katalon.core.main.TestCaseExecutor.runScript(TestCaseExecutor.java:448)
	at com.kms.katalon.core.main.TestCaseExecutor.doExecute(TestCaseExecutor.java:439)
	at com.kms.katalon.core.main.TestCaseExecutor.processExecutionPhase(TestCaseExecutor.java:418)
	at com.kms.katalon.core.main.TestCaseExecutor.accessMainPhase(TestCaseExecutor.java:410)
	at com.kms.katalon.core.main.TestCaseExecutor.execute(TestCaseExecutor.java:285)
	at com.kms.katalon.core.main.TestCaseMain.runTestCase(TestCaseMain.java:144)
	at com.kms.katalon.core.keyword.builtin.CallTestCaseKeyword$_callTestCase_closure1.doCall(CallTestCaseKeyword.groovy:59)
	... 84 more
Caused by: com.kms.katalon.core.exception.StepFailedException: Call Test Case 'Test Cases/T13 Pembelian, Shipment dan Pembayaran/PBL-004' failed
	at com.kms.katalon.core.keyword.builtin.CallTestCaseKeyword$_callTestCase_closure1.doCall(CallTestCaseKeyword.groovy:63)
	at com.kms.katalon.core.keyword.builtin.CallTestCaseKeyword$_callTestCase_closure1.call(CallTestCaseKeyword.groovy)
	at com.kms.katalon.core.keyword.internal.KeywordMain.runKeyword(KeywordMain.groovy:75)
	at com.kms.katalon.core.keyword.builtin.CallTestCaseKeyword.callTestCase(CallTestCaseKeyword.groovy:81)
	at com.kms.katalon.core.keyword.builtin.CallTestCaseKeyword.execute(CallTestCaseKeyword.groovy:44)
	at com.kms.katalon.core.keyword.internal.KeywordExecutor.executeKeywordForPlatform(KeywordExecutor.groovy:74)
	at com.kms.katalon.core.keyword.BuiltinKeywords.callTestCase(BuiltinKeywords.groovy:310)
	at PBY-001.run(PBY-001:20)
	at com.kms.katalon.core.main.ScriptEngine.run(ScriptEngine.java:194)
	at com.kms.katalon.core.main.ScriptEngine.runScriptAsRawText(ScriptEngine.java:119)
	at com.kms.katalon.core.main.TestCaseExecutor.runScript(TestCaseExecutor.java:448)
	at com.kms.katalon.core.main.TestCaseExecutor.doExecute(TestCaseExecutor.java:439)
	at com.kms.katalon.core.main.TestCaseExecutor.processExecutionPhase(TestCaseExecutor.java:418)
	at com.kms.katalon.core.main.TestCaseExecutor.accessMainPhase(TestCaseExecutor.java:410)
	at com.kms.katalon.core.main.TestCaseExecutor.execute(TestCaseExecutor.java:285)
	at com.kms.katalon.core.main.TestCaseMain.runTestCase(TestCaseMain.java:144)
	at com.kms.katalon.core.keyword.builtin.CallTestCaseKeyword$_callTestCase_closure1.doCall(CallTestCaseKeyword.groovy:59)
	... 100 more
Caused by: Assertion failed: 

assert price_product.contains(HargaCheckout)
       |             |        |
       Rp 1,299      false    2,598

	at PBL-004.run(PBL-004:45)
	at com.kms.katalon.core.main.ScriptEngine.run(ScriptEngine.java:194)
	at com.kms.katalon.core.main.ScriptEngine.runScriptAsRawText(ScriptEngine.java:119)
	at com.kms.katalon.core.main.TestCaseExecutor.runScript(TestCaseExecutor.java:448)
	at com.kms.katalon.core.main.TestCaseExecutor.doExecute(TestCaseExecutor.java:439)
	at com.kms.katalon.core.main.TestCaseExecutor.processExecutionPhase(TestCaseExecutor.java:418)
	at com.kms.katalon.core.main.TestCaseExecutor.accessMainPhase(TestCaseExecutor.java:410)
	at com.kms.katalon.core.main.TestCaseExecutor.execute(TestCaseExecutor.java:285)
	at com.kms.katalon.core.main.TestCaseMain.runTestCase(TestCaseMain.java:144)
	at com.kms.katalon.core.keyword.builtin.CallTestCaseKeyword$_callTestCase_closure1.doCall(CallTestCaseKeyword.groovy:59)
	... 116 more
)

2023-10-04 19:58:10 - [MESSAGE][FAILED] - Unable to call Test Case 'Test Cases/T13 Pembelian, Shipment dan Pembayaran/SA-004' (Root cause: com.kms.katalon.core.exception.StepFailedException: Call Test Case 'Test Cases/T13 Pembelian, Shipment dan Pembayaran/SA-004' failed
	at com.kms.katalon.core.keyword.builtin.CallTestCaseKeyword$_callTestCase_closure1.doCall(CallTestCaseKeyword.groovy:63)
	at com.kms.katalon.core.keyword.builtin.CallTestCaseKeyword$_callTestCase_closure1.call(CallTestCaseKeyword.groovy)
	at com.kms.katalon.core.keyword.internal.KeywordMain.runKeyword(KeywordMain.groovy:75)
	at com.kms.katalon.core.keyword.builtin.CallTestCaseKeyword.callTestCase(CallTestCaseKeyword.groovy:81)
	at com.kms.katalon.core.keyword.builtin.CallTestCaseKeyword.execute(CallTestCaseKeyword.groovy:44)
	at com.kms.katalon.core.keyword.internal.KeywordExecutor.executeKeywordForPlatform(KeywordExecutor.groovy:74)
	at com.kms.katalon.core.keyword.BuiltinKeywords.callTestCase(BuiltinKeywords.groovy:310)
	at SU-011.run(SU-011:20)
	at com.kms.katalon.core.main.ScriptEngine.run(ScriptEngine.java:194)
	at com.kms.katalon.core.main.ScriptEngine.runScriptAsRawText(ScriptEngine.java:119)
	at com.kms.katalon.core.main.TestCaseExecutor.runScript(TestCaseExecutor.java:448)
	at com.kms.katalon.core.main.TestCaseExecutor.doExecute(TestCaseExecutor.java:439)
	at com.kms.katalon.core.main.TestCaseExecutor.processExecutionPhase(TestCaseExecutor.java:418)
	at com.kms.katalon.core.main.TestCaseExecutor.accessMainPhase(TestCaseExecutor.java:410)
	at com.kms.katalon.core.main.TestCaseExecutor.execute(TestCaseExecutor.java:285)
	at com.kms.katalon.core.common.CommonExecutor.accessTestCaseMainPhase(CommonExecutor.java:65)
	at com.kms.katalon.core.main.TestSuiteExecutor.accessTestSuiteMainPhase(TestSuiteExecutor.java:148)
	at com.kms.katalon.core.main.TestSuiteExecutor.execute(TestSuiteExecutor.java:106)
	at com.kms.katalon.core.main.TestCaseMain.startTestSuite(TestCaseMain.java:187)
	at com.kms.katalon.core.main.TestCaseMain$startTestSuite$0.call(Unknown Source)
	at TempTestSuite1696420804604.run(TempTestSuite1696420804604.groovy:36)
Caused by: com.kms.katalon.core.exception.StepFailedException: Call Test Case 'Test Cases/T13 Pembelian, Shipment dan Pembayaran/SA-002' failed
	at com.kms.katalon.core.keyword.builtin.CallTestCaseKeyword$_callTestCase_closure1.doCall(CallTestCaseKeyword.groovy:63)
	at com.kms.katalon.core.keyword.builtin.CallTestCaseKeyword$_callTestCase_closure1.call(CallTestCaseKeyword.groovy)
	at com.kms.katalon.core.keyword.internal.KeywordMain.runKeyword(KeywordMain.groovy:75)
	at com.kms.katalon.core.keyword.builtin.CallTestCaseKeyword.callTestCase(CallTestCaseKeyword.groovy:81)
	at com.kms.katalon.core.keyword.builtin.CallTestCaseKeyword.execute(CallTestCaseKeyword.groovy:44)
	at com.kms.katalon.core.keyword.internal.KeywordExecutor.executeKeywordForPlatform(KeywordExecutor.groovy:74)
	at com.kms.katalon.core.keyword.BuiltinKeywords.callTestCase(BuiltinKeywords.groovy:310)
	at SA-004.run(SA-004:20)
	at com.kms.katalon.core.main.ScriptEngine.run(ScriptEngine.java:194)
	at com.kms.katalon.core.main.ScriptEngine.runScriptAsRawText(ScriptEngine.java:119)
	at com.kms.katalon.core.main.TestCaseExecutor.runScript(TestCaseExecutor.java:448)
	at com.kms.katalon.core.main.TestCaseExecutor.doExecute(TestCaseExecutor.java:439)
	at com.kms.katalon.core.main.TestCaseExecutor.processExecutionPhase(TestCaseExecutor.java:418)
	at com.kms.katalon.core.main.TestCaseExecutor.accessMainPhase(TestCaseExecutor.java:410)
	at com.kms.katalon.core.main.TestCaseExecutor.execute(TestCaseExecutor.java:285)
	at com.kms.katalon.core.main.TestCaseMain.runTestCase(TestCaseMain.java:144)
	at com.kms.katalon.core.keyword.builtin.CallTestCaseKeyword$_callTestCase_closure1.doCall(CallTestCaseKeyword.groovy:59)
	... 20 more
Caused by: com.kms.katalon.core.exception.StepFailedException: Call Test Case 'Test Cases/T13 Pembelian, Shipment dan Pembayaran/SA-001' failed
	at com.kms.katalon.core.keyword.builtin.CallTestCaseKeyword$_callTestCase_closure1.doCall(CallTestCaseKeyword.groovy:63)
	at com.kms.katalon.core.keyword.builtin.CallTestCaseKeyword$_callTestCase_closure1.call(CallTestCaseKeyword.groovy)
	at com.kms.katalon.core.keyword.internal.KeywordMain.runKeyword(KeywordMain.groovy:75)
	at com.kms.katalon.core.keyword.builtin.CallTestCaseKeyword.callTestCase(CallTestCaseKeyword.groovy:81)
	at com.kms.katalon.core.keyword.builtin.CallTestCaseKeyword.execute(CallTestCaseKeyword.groovy:44)
	at com.kms.katalon.core.keyword.internal.KeywordExecutor.executeKeywordForPlatform(KeywordExecutor.groovy:74)
	at com.kms.katalon.core.keyword.BuiltinKeywords.callTestCase(BuiltinKeywords.groovy:310)
	at SA-002.run(SA-002:20)
	at com.kms.katalon.core.main.ScriptEngine.run(ScriptEngine.java:194)
	at com.kms.katalon.core.main.ScriptEngine.runScriptAsRawText(ScriptEngine.java:119)
	at com.kms.katalon.core.main.TestCaseExecutor.runScript(TestCaseExecutor.java:448)
	at com.kms.katalon.core.main.TestCaseExecutor.doExecute(TestCaseExecutor.java:439)
	at com.kms.katalon.core.main.TestCaseExecutor.processExecutionPhase(TestCaseExecutor.java:418)
	at com.kms.katalon.core.main.TestCaseExecutor.accessMainPhase(TestCaseExecutor.java:410)
	at com.kms.katalon.core.main.TestCaseExecutor.execute(TestCaseExecutor.java:285)
	at com.kms.katalon.core.main.TestCaseMain.runTestCase(TestCaseMain.java:144)
	at com.kms.katalon.core.keyword.builtin.CallTestCaseKeyword$_callTestCase_closure1.doCall(CallTestCaseKeyword.groovy:59)
	... 36 more
Caused by: com.kms.katalon.core.exception.StepFailedException: Call Test Case 'Test Cases/T13 Pembelian, Shipment dan Pembayaran/PBYA-001' failed
	at com.kms.katalon.core.keyword.builtin.CallTestCaseKeyword$_callTestCase_closure1.doCall(CallTestCaseKeyword.groovy:63)
	at com.kms.katalon.core.keyword.builtin.CallTestCaseKeyword$_callTestCase_closure1.call(CallTestCaseKeyword.groovy)
	at com.kms.katalon.core.keyword.internal.KeywordMain.runKeyword(KeywordMain.groovy:75)
	at com.kms.katalon.core.keyword.builtin.CallTestCaseKeyword.callTestCase(CallTestCaseKeyword.groovy:81)
	at com.kms.katalon.core.keyword.builtin.CallTestCaseKeyword.execute(CallTestCaseKeyword.groovy:44)
	at com.kms.katalon.core.keyword.internal.KeywordExecutor.executeKeywordForPlatform(KeywordExecutor.groovy:74)
	at com.kms.katalon.core.keyword.BuiltinKeywords.callTestCase(BuiltinKeywords.groovy:310)
	at SA-001.run(SA-001:20)
	at com.kms.katalon.core.main.ScriptEngine.run(ScriptEngine.java:194)
	at com.kms.katalon.core.main.ScriptEngine.runScriptAsRawText(ScriptEngine.java:119)
	at com.kms.katalon.core.main.TestCaseExecutor.runScript(TestCaseExecutor.java:448)
	at com.kms.katalon.core.main.TestCaseExecutor.doExecute(TestCaseExecutor.java:439)
	at com.kms.katalon.core.main.TestCaseExecutor.processExecutionPhase(TestCaseExecutor.java:418)
	at com.kms.katalon.core.main.TestCaseExecutor.accessMainPhase(TestCaseExecutor.java:410)
	at com.kms.katalon.core.main.TestCaseExecutor.execute(TestCaseExecutor.java:285)
	at com.kms.katalon.core.main.TestCaseMain.runTestCase(TestCaseMain.java:144)
	at com.kms.katalon.core.keyword.builtin.CallTestCaseKeyword$_callTestCase_closure1.doCall(CallTestCaseKeyword.groovy:59)
	... 52 more
Caused by: com.kms.katalon.core.exception.StepFailedException: Call Test Case 'Test Cases/T13 Pembelian, Shipment dan Pembayaran/PBY-004' failed
	at com.kms.katalon.core.keyword.builtin.CallTestCaseKeyword$_callTestCase_closure1.doCall(CallTestCaseKeyword.groovy:63)
	at com.kms.katalon.core.keyword.builtin.CallTestCaseKeyword$_callTestCase_closure1.call(CallTestCaseKeyword.groovy)
	at com.kms.katalon.core.keyword.internal.KeywordMain.runKeyword(KeywordMain.groovy:75)
	at com.kms.katalon.core.keyword.builtin.CallTestCaseKeyword.callTestCase(CallTestCaseKeyword.groovy:81)
	at com.kms.katalon.core.keyword.builtin.CallTestCaseKeyword.execute(CallTestCaseKeyword.groovy:44)
	at com.kms.katalon.core.keyword.internal.KeywordExecutor.executeKeywordForPlatform(KeywordExecutor.groovy:74)
	at com.kms.katalon.core.keyword.BuiltinKeywords.callTestCase(BuiltinKeywords.groovy:310)
	at PBYA-001.run(PBYA-001:20)
	at com.kms.katalon.core.main.ScriptEngine.run(ScriptEngine.java:194)
	at com.kms.katalon.core.main.ScriptEngine.runScriptAsRawText(ScriptEngine.java:119)
	at com.kms.katalon.core.main.TestCaseExecutor.runScript(TestCaseExecutor.java:448)
	at com.kms.katalon.core.main.TestCaseExecutor.doExecute(TestCaseExecutor.java:439)
	at com.kms.katalon.core.main.TestCaseExecutor.processExecutionPhase(TestCaseExecutor.java:418)
	at com.kms.katalon.core.main.TestCaseExecutor.accessMainPhase(TestCaseExecutor.java:410)
	at com.kms.katalon.core.main.TestCaseExecutor.execute(TestCaseExecutor.java:285)
	at com.kms.katalon.core.main.TestCaseMain.runTestCase(TestCaseMain.java:144)
	at com.kms.katalon.core.keyword.builtin.CallTestCaseKeyword$_callTestCase_closure1.doCall(CallTestCaseKeyword.groovy:59)
	... 68 more
Caused by: com.kms.katalon.core.exception.StepFailedException: Call Test Case 'Test Cases/T13 Pembelian, Shipment dan Pembayaran/PBY-001' failed
	at com.kms.katalon.core.keyword.builtin.CallTestCaseKeyword$_callTestCase_closure1.doCall(CallTestCaseKeyword.groovy:63)
	at com.kms.katalon.core.keyword.builtin.CallTestCaseKeyword$_callTestCase_closure1.call(CallTestCaseKeyword.groovy)
	at com.kms.katalon.core.keyword.internal.KeywordMain.runKeyword(KeywordMain.groovy:75)
	at com.kms.katalon.core.keyword.builtin.CallTestCaseKeyword.callTestCase(CallTestCaseKeyword.groovy:81)
	at com.kms.katalon.core.keyword.builtin.CallTestCaseKeyword.execute(CallTestCaseKeyword.groovy:44)
	at com.kms.katalon.core.keyword.internal.KeywordExecutor.executeKeywordForPlatform(KeywordExecutor.groovy:74)
	at com.kms.katalon.core.keyword.BuiltinKeywords.callTestCase(BuiltinKeywords.groovy:310)
	at PBY-004.run(PBY-004:20)
	at com.kms.katalon.core.main.ScriptEngine.run(ScriptEngine.java:194)
	at com.kms.katalon.core.main.ScriptEngine.runScriptAsRawText(ScriptEngine.java:119)
	at com.kms.katalon.core.main.TestCaseExecutor.runScript(TestCaseExecutor.java:448)
	at com.kms.katalon.core.main.TestCaseExecutor.doExecute(TestCaseExecutor.java:439)
	at com.kms.katalon.core.main.TestCaseExecutor.processExecutionPhase(TestCaseExecutor.java:418)
	at com.kms.katalon.core.main.TestCaseExecutor.accessMainPhase(TestCaseExecutor.java:410)
	at com.kms.katalon.core.main.TestCaseExecutor.execute(TestCaseExecutor.java:285)
	at com.kms.katalon.core.main.TestCaseMain.runTestCase(TestCaseMain.java:144)
	at com.kms.katalon.core.keyword.builtin.CallTestCaseKeyword$_callTestCase_closure1.doCall(CallTestCaseKeyword.groovy:59)
	... 84 more
Caused by: com.kms.katalon.core.exception.StepFailedException: Call Test Case 'Test Cases/T13 Pembelian, Shipment dan Pembayaran/PBL-004' failed
	at com.kms.katalon.core.keyword.builtin.CallTestCaseKeyword$_callTestCase_closure1.doCall(CallTestCaseKeyword.groovy:63)
	at com.kms.katalon.core.keyword.builtin.CallTestCaseKeyword$_callTestCase_closure1.call(CallTestCaseKeyword.groovy)
	at com.kms.katalon.core.keyword.internal.KeywordMain.runKeyword(KeywordMain.groovy:75)
	at com.kms.katalon.core.keyword.builtin.CallTestCaseKeyword.callTestCase(CallTestCaseKeyword.groovy:81)
	at com.kms.katalon.core.keyword.builtin.CallTestCaseKeyword.execute(CallTestCaseKeyword.groovy:44)
	at com.kms.katalon.core.keyword.internal.KeywordExecutor.executeKeywordForPlatform(KeywordExecutor.groovy:74)
	at com.kms.katalon.core.keyword.BuiltinKeywords.callTestCase(BuiltinKeywords.groovy:310)
	at PBY-001.run(PBY-001:20)
	at com.kms.katalon.core.main.ScriptEngine.run(ScriptEngine.java:194)
	at com.kms.katalon.core.main.ScriptEngine.runScriptAsRawText(ScriptEngine.java:119)
	at com.kms.katalon.core.main.TestCaseExecutor.runScript(TestCaseExecutor.java:448)
	at com.kms.katalon.core.main.TestCaseExecutor.doExecute(TestCaseExecutor.java:439)
	at com.kms.katalon.core.main.TestCaseExecutor.processExecutionPhase(TestCaseExecutor.java:418)
	at com.kms.katalon.core.main.TestCaseExecutor.accessMainPhase(TestCaseExecutor.java:410)
	at com.kms.katalon.core.main.TestCaseExecutor.execute(TestCaseExecutor.java:285)
	at com.kms.katalon.core.main.TestCaseMain.runTestCase(TestCaseMain.java:144)
	at com.kms.katalon.core.keyword.builtin.CallTestCaseKeyword$_callTestCase_closure1.doCall(CallTestCaseKeyword.groovy:59)
	... 100 more
Caused by: Assertion failed: 

assert price_product.contains(HargaCheckout)
       |             |        |
       Rp 1,299      false    2,598

	at PBL-004.run(PBL-004:45)
	at com.kms.katalon.core.main.ScriptEngine.run(ScriptEngine.java:194)
	at com.kms.katalon.core.main.ScriptEngine.runScriptAsRawText(ScriptEngine.java:119)
	at com.kms.katalon.core.main.TestCaseExecutor.runScript(TestCaseExecutor.java:448)
	at com.kms.katalon.core.main.TestCaseExecutor.doExecute(TestCaseExecutor.java:439)
	at com.kms.katalon.core.main.TestCaseExecutor.processExecutionPhase(TestCaseExecutor.java:418)
	at com.kms.katalon.core.main.TestCaseExecutor.accessMainPhase(TestCaseExecutor.java:410)
	at com.kms.katalon.core.main.TestCaseExecutor.execute(TestCaseExecutor.java:285)
	at com.kms.katalon.core.main.TestCaseMain.runTestCase(TestCaseMain.java:144)
	at com.kms.katalon.core.keyword.builtin.CallTestCaseKeyword$_callTestCase_closure1.doCall(CallTestCaseKeyword.groovy:59)
	... 116 more
)]]></system-out>
         <system-err><![CDATA[2023-10-04 19:57:42 - [TEST_CASE][FAILED] - Test Cases/T13 Pembelian, Shipment dan Pembayaran/SU-011: Test Cases/T13 Pembelian, Shipment dan Pembayaran/SU-011 FAILED.
Reason:
com.kms.katalon.core.exception.StepFailedException: Call Test Case 'Test Cases/T13 Pembelian, Shipment dan Pembayaran/SA-004' failed
	at com.kms.katalon.core.keyword.builtin.CallTestCaseKeyword$_callTestCase_closure1.doCall(CallTestCaseKeyword.groovy:63)
	at com.kms.katalon.core.keyword.builtin.CallTestCaseKeyword$_callTestCase_closure1.call(CallTestCaseKeyword.groovy)
	at com.kms.katalon.core.keyword.internal.KeywordMain.runKeyword(KeywordMain.groovy:75)
	at com.kms.katalon.core.keyword.builtin.CallTestCaseKeyword.callTestCase(CallTestCaseKeyword.groovy:81)
	at com.kms.katalon.core.keyword.builtin.CallTestCaseKeyword.execute(CallTestCaseKeyword.groovy:44)
	at com.kms.katalon.core.keyword.internal.KeywordExecutor.executeKeywordForPlatform(KeywordExecutor.groovy:74)
	at com.kms.katalon.core.keyword.BuiltinKeywords.callTestCase(BuiltinKeywords.groovy:310)
	at SU-011.run(SU-011:20)
	at com.kms.katalon.core.main.ScriptEngine.run(ScriptEngine.java:194)
	at com.kms.katalon.core.main.ScriptEngine.runScriptAsRawText(ScriptEngine.java:119)
	at com.kms.katalon.core.main.TestCaseExecutor.runScript(TestCaseExecutor.java:448)
	at com.kms.katalon.core.main.TestCaseExecutor.doExecute(TestCaseExecutor.java:439)
	at com.kms.katalon.core.main.TestCaseExecutor.processExecutionPhase(TestCaseExecutor.java:418)
	at com.kms.katalon.core.main.TestCaseExecutor.accessMainPhase(TestCaseExecutor.java:410)
	at com.kms.katalon.core.main.TestCaseExecutor.execute(TestCaseExecutor.java:285)
	at com.kms.katalon.core.common.CommonExecutor.accessTestCaseMainPhase(CommonExecutor.java:65)
	at com.kms.katalon.core.main.TestSuiteExecutor.accessTestSuiteMainPhase(TestSuiteExecutor.java:148)
	at com.kms.katalon.core.main.TestSuiteExecutor.execute(TestSuiteExecutor.java:106)
	at com.kms.katalon.core.main.TestCaseMain.startTestSuite(TestCaseMain.java:187)
	at com.kms.katalon.core.main.TestCaseMain$startTestSuite$0.call(Unknown Source)
	at TempTestSuite1696420804604.run(TempTestSuite1696420804604.groovy:36)
Caused by: com.kms.katalon.core.exception.StepFailedException: Call Test Case 'Test Cases/T13 Pembelian, Shipment dan Pembayaran/SA-002' failed
	at com.kms.katalon.core.keyword.builtin.CallTestCaseKeyword$_callTestCase_closure1.doCall(CallTestCaseKeyword.groovy:63)
	at com.kms.katalon.core.keyword.builtin.CallTestCaseKeyword$_callTestCase_closure1.call(CallTestCaseKeyword.groovy)
	at com.kms.katalon.core.keyword.internal.KeywordMain.runKeyword(KeywordMain.groovy:75)
	at com.kms.katalon.core.keyword.builtin.CallTestCaseKeyword.callTestCase(CallTestCaseKeyword.groovy:81)
	at com.kms.katalon.core.keyword.builtin.CallTestCaseKeyword.execute(CallTestCaseKeyword.groovy:44)
	at com.kms.katalon.core.keyword.internal.KeywordExecutor.executeKeywordForPlatform(KeywordExecutor.groovy:74)
	at com.kms.katalon.core.keyword.BuiltinKeywords.callTestCase(BuiltinKeywords.groovy:310)
	at SA-004.run(SA-004:20)
	at com.kms.katalon.core.main.ScriptEngine.run(ScriptEngine.java:194)
	at com.kms.katalon.core.main.ScriptEngine.runScriptAsRawText(ScriptEngine.java:119)
	at com.kms.katalon.core.main.TestCaseExecutor.runScript(TestCaseExecutor.java:448)
	at com.kms.katalon.core.main.TestCaseExecutor.doExecute(TestCaseExecutor.java:439)
	at com.kms.katalon.core.main.TestCaseExecutor.processExecutionPhase(TestCaseExecutor.java:418)
	at com.kms.katalon.core.main.TestCaseExecutor.accessMainPhase(TestCaseExecutor.java:410)
	at com.kms.katalon.core.main.TestCaseExecutor.execute(TestCaseExecutor.java:285)
	at com.kms.katalon.core.main.TestCaseMain.runTestCase(TestCaseMain.java:144)
	at com.kms.katalon.core.keyword.builtin.CallTestCaseKeyword$_callTestCase_closure1.doCall(CallTestCaseKeyword.groovy:59)
	... 20 more
Caused by: com.kms.katalon.core.exception.StepFailedException: Call Test Case 'Test Cases/T13 Pembelian, Shipment dan Pembayaran/SA-001' failed
	at com.kms.katalon.core.keyword.builtin.CallTestCaseKeyword$_callTestCase_closure1.doCall(CallTestCaseKeyword.groovy:63)
	at com.kms.katalon.core.keyword.builtin.CallTestCaseKeyword$_callTestCase_closure1.call(CallTestCaseKeyword.groovy)
	at com.kms.katalon.core.keyword.internal.KeywordMain.runKeyword(KeywordMain.groovy:75)
	at com.kms.katalon.core.keyword.builtin.CallTestCaseKeyword.callTestCase(CallTestCaseKeyword.groovy:81)
	at com.kms.katalon.core.keyword.builtin.CallTestCaseKeyword.execute(CallTestCaseKeyword.groovy:44)
	at com.kms.katalon.core.keyword.internal.KeywordExecutor.executeKeywordForPlatform(KeywordExecutor.groovy:74)
	at com.kms.katalon.core.keyword.BuiltinKeywords.callTestCase(BuiltinKeywords.groovy:310)
	at SA-002.run(SA-002:20)
	at com.kms.katalon.core.main.ScriptEngine.run(ScriptEngine.java:194)
	at com.kms.katalon.core.main.ScriptEngine.runScriptAsRawText(ScriptEngine.java:119)
	at com.kms.katalon.core.main.TestCaseExecutor.runScript(TestCaseExecutor.java:448)
	at com.kms.katalon.core.main.TestCaseExecutor.doExecute(TestCaseExecutor.java:439)
	at com.kms.katalon.core.main.TestCaseExecutor.processExecutionPhase(TestCaseExecutor.java:418)
	at com.kms.katalon.core.main.TestCaseExecutor.accessMainPhase(TestCaseExecutor.java:410)
	at com.kms.katalon.core.main.TestCaseExecutor.execute(TestCaseExecutor.java:285)
	at com.kms.katalon.core.main.TestCaseMain.runTestCase(TestCaseMain.java:144)
	at com.kms.katalon.core.keyword.builtin.CallTestCaseKeyword$_callTestCase_closure1.doCall(CallTestCaseKeyword.groovy:59)
	... 36 more
Caused by: com.kms.katalon.core.exception.StepFailedException: Call Test Case 'Test Cases/T13 Pembelian, Shipment dan Pembayaran/PBYA-001' failed
	at com.kms.katalon.core.keyword.builtin.CallTestCaseKeyword$_callTestCase_closure1.doCall(CallTestCaseKeyword.groovy:63)
	at com.kms.katalon.core.keyword.builtin.CallTestCaseKeyword$_callTestCase_closure1.call(CallTestCaseKeyword.groovy)
	at com.kms.katalon.core.keyword.internal.KeywordMain.runKeyword(KeywordMain.groovy:75)
	at com.kms.katalon.core.keyword.builtin.CallTestCaseKeyword.callTestCase(CallTestCaseKeyword.groovy:81)
	at com.kms.katalon.core.keyword.builtin.CallTestCaseKeyword.execute(CallTestCaseKeyword.groovy:44)
	at com.kms.katalon.core.keyword.internal.KeywordExecutor.executeKeywordForPlatform(KeywordExecutor.groovy:74)
	at com.kms.katalon.core.keyword.BuiltinKeywords.callTestCase(BuiltinKeywords.groovy:310)
	at SA-001.run(SA-001:20)
	at com.kms.katalon.core.main.ScriptEngine.run(ScriptEngine.java:194)
	at com.kms.katalon.core.main.ScriptEngine.runScriptAsRawText(ScriptEngine.java:119)
	at com.kms.katalon.core.main.TestCaseExecutor.runScript(TestCaseExecutor.java:448)
	at com.kms.katalon.core.main.TestCaseExecutor.doExecute(TestCaseExecutor.java:439)
	at com.kms.katalon.core.main.TestCaseExecutor.processExecutionPhase(TestCaseExecutor.java:418)
	at com.kms.katalon.core.main.TestCaseExecutor.accessMainPhase(TestCaseExecutor.java:410)
	at com.kms.katalon.core.main.TestCaseExecutor.execute(TestCaseExecutor.java:285)
	at com.kms.katalon.core.main.TestCaseMain.runTestCase(TestCaseMain.java:144)
	at com.kms.katalon.core.keyword.builtin.CallTestCaseKeyword$_callTestCase_closure1.doCall(CallTestCaseKeyword.groovy:59)
	... 52 more
Caused by: com.kms.katalon.core.exception.StepFailedException: Call Test Case 'Test Cases/T13 Pembelian, Shipment dan Pembayaran/PBY-004' failed
	at com.kms.katalon.core.keyword.builtin.CallTestCaseKeyword$_callTestCase_closure1.doCall(CallTestCaseKeyword.groovy:63)
	at com.kms.katalon.core.keyword.builtin.CallTestCaseKeyword$_callTestCase_closure1.call(CallTestCaseKeyword.groovy)
	at com.kms.katalon.core.keyword.internal.KeywordMain.runKeyword(KeywordMain.groovy:75)
	at com.kms.katalon.core.keyword.builtin.CallTestCaseKeyword.callTestCase(CallTestCaseKeyword.groovy:81)
	at com.kms.katalon.core.keyword.builtin.CallTestCaseKeyword.execute(CallTestCaseKeyword.groovy:44)
	at com.kms.katalon.core.keyword.internal.KeywordExecutor.executeKeywordForPlatform(KeywordExecutor.groovy:74)
	at com.kms.katalon.core.keyword.BuiltinKeywords.callTestCase(BuiltinKeywords.groovy:310)
	at PBYA-001.run(PBYA-001:20)
	at com.kms.katalon.core.main.ScriptEngine.run(ScriptEngine.java:194)
	at com.kms.katalon.core.main.ScriptEngine.runScriptAsRawText(ScriptEngine.java:119)
	at com.kms.katalon.core.main.TestCaseExecutor.runScript(TestCaseExecutor.java:448)
	at com.kms.katalon.core.main.TestCaseExecutor.doExecute(TestCaseExecutor.java:439)
	at com.kms.katalon.core.main.TestCaseExecutor.processExecutionPhase(TestCaseExecutor.java:418)
	at com.kms.katalon.core.main.TestCaseExecutor.accessMainPhase(TestCaseExecutor.java:410)
	at com.kms.katalon.core.main.TestCaseExecutor.execute(TestCaseExecutor.java:285)
	at com.kms.katalon.core.main.TestCaseMain.runTestCase(TestCaseMain.java:144)
	at com.kms.katalon.core.keyword.builtin.CallTestCaseKeyword$_callTestCase_closure1.doCall(CallTestCaseKeyword.groovy:59)
	... 68 more
Caused by: com.kms.katalon.core.exception.StepFailedException: Call Test Case 'Test Cases/T13 Pembelian, Shipment dan Pembayaran/PBY-001' failed
	at com.kms.katalon.core.keyword.builtin.CallTestCaseKeyword$_callTestCase_closure1.doCall(CallTestCaseKeyword.groovy:63)
	at com.kms.katalon.core.keyword.builtin.CallTestCaseKeyword$_callTestCase_closure1.call(CallTestCaseKeyword.groovy)
	at com.kms.katalon.core.keyword.internal.KeywordMain.runKeyword(KeywordMain.groovy:75)
	at com.kms.katalon.core.keyword.builtin.CallTestCaseKeyword.callTestCase(CallTestCaseKeyword.groovy:81)
	at com.kms.katalon.core.keyword.builtin.CallTestCaseKeyword.execute(CallTestCaseKeyword.groovy:44)
	at com.kms.katalon.core.keyword.internal.KeywordExecutor.executeKeywordForPlatform(KeywordExecutor.groovy:74)
	at com.kms.katalon.core.keyword.BuiltinKeywords.callTestCase(BuiltinKeywords.groovy:310)
	at PBY-004.run(PBY-004:20)
	at com.kms.katalon.core.main.ScriptEngine.run(ScriptEngine.java:194)
	at com.kms.katalon.core.main.ScriptEngine.runScriptAsRawText(ScriptEngine.java:119)
	at com.kms.katalon.core.main.TestCaseExecutor.runScript(TestCaseExecutor.java:448)
	at com.kms.katalon.core.main.TestCaseExecutor.doExecute(TestCaseExecutor.java:439)
	at com.kms.katalon.core.main.TestCaseExecutor.processExecutionPhase(TestCaseExecutor.java:418)
	at com.kms.katalon.core.main.TestCaseExecutor.accessMainPhase(TestCaseExecutor.java:410)
	at com.kms.katalon.core.main.TestCaseExecutor.execute(TestCaseExecutor.java:285)
	at com.kms.katalon.core.main.TestCaseMain.runTestCase(TestCaseMain.java:144)
	at com.kms.katalon.core.keyword.builtin.CallTestCaseKeyword$_callTestCase_closure1.doCall(CallTestCaseKeyword.groovy:59)
	... 84 more
Caused by: com.kms.katalon.core.exception.StepFailedException: Call Test Case 'Test Cases/T13 Pembelian, Shipment dan Pembayaran/PBL-004' failed
	at com.kms.katalon.core.keyword.builtin.CallTestCaseKeyword$_callTestCase_closure1.doCall(CallTestCaseKeyword.groovy:63)
	at com.kms.katalon.core.keyword.builtin.CallTestCaseKeyword$_callTestCase_closure1.call(CallTestCaseKeyword.groovy)
	at com.kms.katalon.core.keyword.internal.KeywordMain.runKeyword(KeywordMain.groovy:75)
	at com.kms.katalon.core.keyword.builtin.CallTestCaseKeyword.callTestCase(CallTestCaseKeyword.groovy:81)
	at com.kms.katalon.core.keyword.builtin.CallTestCaseKeyword.execute(CallTestCaseKeyword.groovy:44)
	at com.kms.katalon.core.keyword.internal.KeywordExecutor.executeKeywordForPlatform(KeywordExecutor.groovy:74)
	at com.kms.katalon.core.keyword.BuiltinKeywords.callTestCase(BuiltinKeywords.groovy:310)
	at PBY-001.run(PBY-001:20)
	at com.kms.katalon.core.main.ScriptEngine.run(ScriptEngine.java:194)
	at com.kms.katalon.core.main.ScriptEngine.runScriptAsRawText(ScriptEngine.java:119)
	at com.kms.katalon.core.main.TestCaseExecutor.runScript(TestCaseExecutor.java:448)
	at com.kms.katalon.core.main.TestCaseExecutor.doExecute(TestCaseExecutor.java:439)
	at com.kms.katalon.core.main.TestCaseExecutor.processExecutionPhase(TestCaseExecutor.java:418)
	at com.kms.katalon.core.main.TestCaseExecutor.accessMainPhase(TestCaseExecutor.java:410)
	at com.kms.katalon.core.main.TestCaseExecutor.execute(TestCaseExecutor.java:285)
	at com.kms.katalon.core.main.TestCaseMain.runTestCase(TestCaseMain.java:144)
	at com.kms.katalon.core.keyword.builtin.CallTestCaseKeyword$_callTestCase_closure1.doCall(CallTestCaseKeyword.groovy:59)
	... 100 more
Caused by: Assertion failed: 

assert price_product.contains(HargaCheckout)
       |             |        |
       Rp 1,299      false    2,598

	at PBL-004.run(PBL-004:45)
	at com.kms.katalon.core.main.ScriptEngine.run(ScriptEngine.java:194)
	at com.kms.katalon.core.main.ScriptEngine.runScriptAsRawText(ScriptEngine.java:119)
	at com.kms.katalon.core.main.TestCaseExecutor.runScript(TestCaseExecutor.java:448)
	at com.kms.katalon.core.main.TestCaseExecutor.doExecute(TestCaseExecutor.java:439)
	at com.kms.katalon.core.main.TestCaseExecutor.processExecutionPhase(TestCaseExecutor.java:418)
	at com.kms.katalon.core.main.TestCaseExecutor.accessMainPhase(TestCaseExecutor.java:410)
	at com.kms.katalon.core.main.TestCaseExecutor.execute(TestCaseExecutor.java:285)
	at com.kms.katalon.core.main.TestCaseMain.runTestCase(TestCaseMain.java:144)
	at com.kms.katalon.core.keyword.builtin.CallTestCaseKeyword$_callTestCase_closure1.doCall(CallTestCaseKeyword.groovy:59)
	... 116 more]]></system-err>
      </testcase>
      <testcase name="Test Cases/T13 Pembelian, Shipment dan Pembayaran/SU-012" time="53.456" classname="Test Cases/T13 Pembelian, Shipment dan Pembayaran/SU-012" status="FAILED">
         <failure type="FAILED" message="Test Cases/T13 Pembelian, Shipment dan Pembayaran/SU-012 FAILED.
Reason:
com.kms.katalon.core.exception.StepFailedException: Call Test Case 'Test Cases/T13 Pembelian, Shipment dan Pembayaran/SA-005' failed
	at com.kms.katalon.core.keyword.builtin.CallTestCaseKeyword$_callTestCase_closure1.doCall(CallTestCaseKeyword.groovy:63)
	at com.kms.katalon.core.keyword.builtin.CallTestCaseKeyword$_callTestCase_closure1.call(CallTestCaseKeyword.groovy)
	at com.kms.katalon.core.keyword.internal.KeywordMain.runKeyword(KeywordMain.groovy:75)
	at com.kms.katalon.core.keyword.builtin.CallTestCaseKeyword.callTestCase(CallTestCaseKeyword.groovy:81)
	at com.kms.katalon.core.keyword.builtin.CallTestCaseKeyword.execute(CallTestCaseKeyword.groovy:44)
	at com.kms.katalon.core.keyword.internal.KeywordExecutor.executeKeywordForPlatform(KeywordExecutor.groovy:74)
	at com.kms.katalon.core.keyword.BuiltinKeywords.callTestCase(BuiltinKeywords.groovy:310)
	at SU-012.run(SU-012:20)
	at com.kms.katalon.core.main.ScriptEngine.run(ScriptEngine.java:194)
	at com.kms.katalon.core.main.ScriptEngine.runScriptAsRawText(ScriptEngine.java:119)
	at com.kms.katalon.core.main.TestCaseExecutor.runScript(TestCaseExecutor.java:448)
	at com.kms.katalon.core.main.TestCaseExecutor.doExecute(TestCaseExecutor.java:439)
	at com.kms.katalon.core.main.TestCaseExecutor.processExecutionPhase(TestCaseExecutor.java:418)
	at com.kms.katalon.core.main.TestCaseExecutor.accessMainPhase(TestCaseExecutor.java:410)
	at com.kms.katalon.core.main.TestCaseExecutor.execute(TestCaseExecutor.java:285)
	at com.kms.katalon.core.common.CommonExecutor.accessTestCaseMainPhase(CommonExecutor.java:65)
	at com.kms.katalon.core.main.TestSuiteExecutor.accessTestSuiteMainPhase(TestSuiteExecutor.java:148)
	at com.kms.katalon.core.main.TestSuiteExecutor.execute(TestSuiteExecutor.java:106)
	at com.kms.katalon.core.main.TestCaseMain.startTestSuite(TestCaseMain.java:187)
	at com.kms.katalon.core.main.TestCaseMain$startTestSuite$0.call(Unknown Source)
	at TempTestSuite1696420804604.run(TempTestSuite1696420804604.groovy:36)
Caused by: com.kms.katalon.core.exception.StepFailedException: Call Test Case 'Test Cases/T13 Pembelian, Shipment dan Pembayaran/SA-002' failed
	at com.kms.katalon.core.keyword.builtin.CallTestCaseKeyword$_callTestCase_closure1.doCall(CallTestCaseKeyword.groovy:63)
	at com.kms.katalon.core.keyword.builtin.CallTestCaseKeyword$_callTestCase_closure1.call(CallTestCaseKeyword.groovy)
	at com.kms.katalon.core.keyword.internal.KeywordMain.runKeyword(KeywordMain.groovy:75)
	at com.kms.katalon.core.keyword.builtin.CallTestCaseKeyword.callTestCase(CallTestCaseKeyword.groovy:81)
	at com.kms.katalon.core.keyword.builtin.CallTestCaseKeyword.execute(CallTestCaseKeyword.groovy:44)
	at com.kms.katalon.core.keyword.internal.KeywordExecutor.executeKeywordForPlatform(KeywordExecutor.groovy:74)
	at com.kms.katalon.core.keyword.BuiltinKeywords.callTestCase(BuiltinKeywords.groovy:310)
	at SA-005.run(SA-005:20)
	at com.kms.katalon.core.main.ScriptEngine.run(ScriptEngine.java:194)
	at com.kms.katalon.core.main.ScriptEngine.runScriptAsRawText(ScriptEngine.java:119)
	at com.kms.katalon.core.main.TestCaseExecutor.runScript(TestCaseExecutor.java:448)
	at com.kms.katalon.core.main.TestCaseExecutor.doExecute(TestCaseExecutor.java:439)
	at com.kms.katalon.core.main.TestCaseExecutor.processExecutionPhase(TestCaseExecutor.java:418)
	at com.kms.katalon.core.main.TestCaseExecutor.accessMainPhase(TestCaseExecutor.java:410)
	at com.kms.katalon.core.main.TestCaseExecutor.execute(TestCaseExecutor.java:285)
	at com.kms.katalon.core.main.TestCaseMain.runTestCase(TestCaseMain.java:144)
	at com.kms.katalon.core.keyword.builtin.CallTestCaseKeyword$_callTestCase_closure1.doCall(CallTestCaseKeyword.groovy:59)
	... 20 more
Caused by: com.kms.katalon.core.exception.StepFailedException: Call Test Case 'Test Cases/T13 Pembelian, Shipment dan Pembayaran/SA-001' failed
	at com.kms.katalon.core.keyword.builtin.CallTestCaseKeyword$_callTestCase_closure1.doCall(CallTestCaseKeyword.groovy:63)
	at com.kms.katalon.core.keyword.builtin.CallTestCaseKeyword$_callTestCase_closure1.call(CallTestCaseKeyword.groovy)
	at com.kms.katalon.core.keyword.internal.KeywordMain.runKeyword(KeywordMain.groovy:75)
	at com.kms.katalon.core.keyword.builtin.CallTestCaseKeyword.callTestCase(CallTestCaseKeyword.groovy:81)
	at com.kms.katalon.core.keyword.builtin.CallTestCaseKeyword.execute(CallTestCaseKeyword.groovy:44)
	at com.kms.katalon.core.keyword.internal.KeywordExecutor.executeKeywordForPlatform(KeywordExecutor.groovy:74)
	at com.kms.katalon.core.keyword.BuiltinKeywords.callTestCase(BuiltinKeywords.groovy:310)
	at SA-002.run(SA-002:20)
	at com.kms.katalon.core.main.ScriptEngine.run(ScriptEngine.java:194)
	at com.kms.katalon.core.main.ScriptEngine.runScriptAsRawText(ScriptEngine.java:119)
	at com.kms.katalon.core.main.TestCaseExecutor.runScript(TestCaseExecutor.java:448)
	at com.kms.katalon.core.main.TestCaseExecutor.doExecute(TestCaseExecutor.java:439)
	at com.kms.katalon.core.main.TestCaseExecutor.processExecutionPhase(TestCaseExecutor.java:418)
	at com.kms.katalon.core.main.TestCaseExecutor.accessMainPhase(TestCaseExecutor.java:410)
	at com.kms.katalon.core.main.TestCaseExecutor.execute(TestCaseExecutor.java:285)
	at com.kms.katalon.core.main.TestCaseMain.runTestCase(TestCaseMain.java:144)
	at com.kms.katalon.core.keyword.builtin.CallTestCaseKeyword$_callTestCase_closure1.doCall(CallTestCaseKeyword.groovy:59)
	... 36 more
Caused by: com.kms.katalon.core.exception.StepFailedException: Call Test Case 'Test Cases/T13 Pembelian, Shipment dan Pembayaran/PBYA-001' failed
	at com.kms.katalon.core.keyword.builtin.CallTestCaseKeyword$_callTestCase_closure1.doCall(CallTestCaseKeyword.groovy:63)
	at com.kms.katalon.core.keyword.builtin.CallTestCaseKeyword$_callTestCase_closure1.call(CallTestCaseKeyword.groovy)
	at com.kms.katalon.core.keyword.internal.KeywordMain.runKeyword(KeywordMain.groovy:75)
	at com.kms.katalon.core.keyword.builtin.CallTestCaseKeyword.callTestCase(CallTestCaseKeyword.groovy:81)
	at com.kms.katalon.core.keyword.builtin.CallTestCaseKeyword.execute(CallTestCaseKeyword.groovy:44)
	at com.kms.katalon.core.keyword.internal.KeywordExecutor.executeKeywordForPlatform(KeywordExecutor.groovy:74)
	at com.kms.katalon.core.keyword.BuiltinKeywords.callTestCase(BuiltinKeywords.groovy:310)
	at SA-001.run(SA-001:20)
	at com.kms.katalon.core.main.ScriptEngine.run(ScriptEngine.java:194)
	at com.kms.katalon.core.main.ScriptEngine.runScriptAsRawText(ScriptEngine.java:119)
	at com.kms.katalon.core.main.TestCaseExecutor.runScript(TestCaseExecutor.java:448)
	at com.kms.katalon.core.main.TestCaseExecutor.doExecute(TestCaseExecutor.java:439)
	at com.kms.katalon.core.main.TestCaseExecutor.processExecutionPhase(TestCaseExecutor.java:418)
	at com.kms.katalon.core.main.TestCaseExecutor.accessMainPhase(TestCaseExecutor.java:410)
	at com.kms.katalon.core.main.TestCaseExecutor.execute(TestCaseExecutor.java:285)
	at com.kms.katalon.core.main.TestCaseMain.runTestCase(TestCaseMain.java:144)
	at com.kms.katalon.core.keyword.builtin.CallTestCaseKeyword$_callTestCase_closure1.doCall(CallTestCaseKeyword.groovy:59)
	... 52 more
Caused by: com.kms.katalon.core.exception.StepFailedException: Call Test Case 'Test Cases/T13 Pembelian, Shipment dan Pembayaran/PBY-004' failed
	at com.kms.katalon.core.keyword.builtin.CallTestCaseKeyword$_callTestCase_closure1.doCall(CallTestCaseKeyword.groovy:63)
	at com.kms.katalon.core.keyword.builtin.CallTestCaseKeyword$_callTestCase_closure1.call(CallTestCaseKeyword.groovy)
	at com.kms.katalon.core.keyword.internal.KeywordMain.runKeyword(KeywordMain.groovy:75)
	at com.kms.katalon.core.keyword.builtin.CallTestCaseKeyword.callTestCase(CallTestCaseKeyword.groovy:81)
	at com.kms.katalon.core.keyword.builtin.CallTestCaseKeyword.execute(CallTestCaseKeyword.groovy:44)
	at com.kms.katalon.core.keyword.internal.KeywordExecutor.executeKeywordForPlatform(KeywordExecutor.groovy:74)
	at com.kms.katalon.core.keyword.BuiltinKeywords.callTestCase(BuiltinKeywords.groovy:310)
	at PBYA-001.run(PBYA-001:20)
	at com.kms.katalon.core.main.ScriptEngine.run(ScriptEngine.java:194)
	at com.kms.katalon.core.main.ScriptEngine.runScriptAsRawText(ScriptEngine.java:119)
	at com.kms.katalon.core.main.TestCaseExecutor.runScript(TestCaseExecutor.java:448)
	at com.kms.katalon.core.main.TestCaseExecutor.doExecute(TestCaseExecutor.java:439)
	at com.kms.katalon.core.main.TestCaseExecutor.processExecutionPhase(TestCaseExecutor.java:418)
	at com.kms.katalon.core.main.TestCaseExecutor.accessMainPhase(TestCaseExecutor.java:410)
	at com.kms.katalon.core.main.TestCaseExecutor.execute(TestCaseExecutor.java:285)
	at com.kms.katalon.core.main.TestCaseMain.runTestCase(TestCaseMain.java:144)
	at com.kms.katalon.core.keyword.builtin.CallTestCaseKeyword$_callTestCase_closure1.doCall(CallTestCaseKeyword.groovy:59)
	... 68 more
Caused by: com.kms.katalon.core.exception.StepFailedException: Call Test Case 'Test Cases/T13 Pembelian, Shipment dan Pembayaran/PBY-001' failed
	at com.kms.katalon.core.keyword.builtin.CallTestCaseKeyword$_callTestCase_closure1.doCall(CallTestCaseKeyword.groovy:63)
	at com.kms.katalon.core.keyword.builtin.CallTestCaseKeyword$_callTestCase_closure1.call(CallTestCaseKeyword.groovy)
	at com.kms.katalon.core.keyword.internal.KeywordMain.runKeyword(KeywordMain.groovy:75)
	at com.kms.katalon.core.keyword.builtin.CallTestCaseKeyword.callTestCase(CallTestCaseKeyword.groovy:81)
	at com.kms.katalon.core.keyword.builtin.CallTestCaseKeyword.execute(CallTestCaseKeyword.groovy:44)
	at com.kms.katalon.core.keyword.internal.KeywordExecutor.executeKeywordForPlatform(KeywordExecutor.groovy:74)
	at com.kms.katalon.core.keyword.BuiltinKeywords.callTestCase(BuiltinKeywords.groovy:310)
	at PBY-004.run(PBY-004:20)
	at com.kms.katalon.core.main.ScriptEngine.run(ScriptEngine.java:194)
	at com.kms.katalon.core.main.ScriptEngine.runScriptAsRawText(ScriptEngine.java:119)
	at com.kms.katalon.core.main.TestCaseExecutor.runScript(TestCaseExecutor.java:448)
	at com.kms.katalon.core.main.TestCaseExecutor.doExecute(TestCaseExecutor.java:439)
	at com.kms.katalon.core.main.TestCaseExecutor.processExecutionPhase(TestCaseExecutor.java:418)
	at com.kms.katalon.core.main.TestCaseExecutor.accessMainPhase(TestCaseExecutor.java:410)
	at com.kms.katalon.core.main.TestCaseExecutor.execute(TestCaseExecutor.java:285)
	at com.kms.katalon.core.main.TestCaseMain.runTestCase(TestCaseMain.java:144)
	at com.kms.katalon.core.keyword.builtin.CallTestCaseKeyword$_callTestCase_closure1.doCall(CallTestCaseKeyword.groovy:59)
	... 84 more
Caused by: com.kms.katalon.core.exception.StepFailedException: Call Test Case 'Test Cases/T13 Pembelian, Shipment dan Pembayaran/PBL-004' failed
	at com.kms.katalon.core.keyword.builtin.CallTestCaseKeyword$_callTestCase_closure1.doCall(CallTestCaseKeyword.groovy:63)
	at com.kms.katalon.core.keyword.builtin.CallTestCaseKeyword$_callTestCase_closure1.call(CallTestCaseKeyword.groovy)
	at com.kms.katalon.core.keyword.internal.KeywordMain.runKeyword(KeywordMain.groovy:75)
	at com.kms.katalon.core.keyword.builtin.CallTestCaseKeyword.callTestCase(CallTestCaseKeyword.groovy:81)
	at com.kms.katalon.core.keyword.builtin.CallTestCaseKeyword.execute(CallTestCaseKeyword.groovy:44)
	at com.kms.katalon.core.keyword.internal.KeywordExecutor.executeKeywordForPlatform(KeywordExecutor.groovy:74)
	at com.kms.katalon.core.keyword.BuiltinKeywords.callTestCase(BuiltinKeywords.groovy:310)
	at PBY-001.run(PBY-001:20)
	at com.kms.katalon.core.main.ScriptEngine.run(ScriptEngine.java:194)
	at com.kms.katalon.core.main.ScriptEngine.runScriptAsRawText(ScriptEngine.java:119)
	at com.kms.katalon.core.main.TestCaseExecutor.runScript(TestCaseExecutor.java:448)
	at com.kms.katalon.core.main.TestCaseExecutor.doExecute(TestCaseExecutor.java:439)
	at com.kms.katalon.core.main.TestCaseExecutor.processExecutionPhase(TestCaseExecutor.java:418)
	at com.kms.katalon.core.main.TestCaseExecutor.accessMainPhase(TestCaseExecutor.java:410)
	at com.kms.katalon.core.main.TestCaseExecutor.execute(TestCaseExecutor.java:285)
	at com.kms.katalon.core.main.TestCaseMain.runTestCase(TestCaseMain.java:144)
	at com.kms.katalon.core.keyword.builtin.CallTestCaseKeyword$_callTestCase_closure1.doCall(CallTestCaseKeyword.groovy:59)
	... 100 more
Caused by: com.kms.katalon.core.exception.StepFailedException: Call Test Case 'Test Cases/T13 Pembelian, Shipment dan Pembayaran/PBL-002' failed
	at com.kms.katalon.core.keyword.builtin.CallTestCaseKeyword$_callTestCase_closure1.doCall(CallTestCaseKeyword.groovy:63)
	at com.kms.katalon.core.keyword.builtin.CallTestCaseKeyword$_callTestCase_closure1.call(CallTestCaseKeyword.groovy)
	at com.kms.katalon.core.keyword.internal.KeywordMain.runKeyword(KeywordMain.groovy:75)
	at com.kms.katalon.core.keyword.builtin.CallTestCaseKeyword.callTestCase(CallTestCaseKeyword.groovy:81)
	at com.kms.katalon.core.keyword.builtin.CallTestCaseKeyword.execute(CallTestCaseKeyword.groovy:44)
	at com.kms.katalon.core.keyword.internal.KeywordExecutor.executeKeywordForPlatform(KeywordExecutor.groovy:74)
	at com.kms.katalon.core.keyword.BuiltinKeywords.callTestCase(BuiltinKeywords.groovy:310)
	at PBL-004.run(PBL-004:20)
	at com.kms.katalon.core.main.ScriptEngine.run(ScriptEngine.java:194)
	at com.kms.katalon.core.main.ScriptEngine.runScriptAsRawText(ScriptEngine.java:119)
	at com.kms.katalon.core.main.TestCaseExecutor.runScript(TestCaseExecutor.java:448)
	at com.kms.katalon.core.main.TestCaseExecutor.doExecute(TestCaseExecutor.java:439)
	at com.kms.katalon.core.main.TestCaseExecutor.processExecutionPhase(TestCaseExecutor.java:418)
	at com.kms.katalon.core.main.TestCaseExecutor.accessMainPhase(TestCaseExecutor.java:410)
	at com.kms.katalon.core.main.TestCaseExecutor.execute(TestCaseExecutor.java:285)
	at com.kms.katalon.core.main.TestCaseMain.runTestCase(TestCaseMain.java:144)
	at com.kms.katalon.core.keyword.builtin.CallTestCaseKeyword$_callTestCase_closure1.doCall(CallTestCaseKeyword.groovy:59)
	... 116 more
Caused by: com.kms.katalon.core.exception.StepFailedException: Unable to get text of object 'Object Repository/verifikasi/Harga Keranjang'
	at com.kms.katalon.core.webui.keyword.internal.WebUIKeywordMain.stepFailed(WebUIKeywordMain.groovy:64)
	at com.kms.katalon.core.webui.keyword.internal.WebUIKeywordMain.runKeyword(WebUIKeywordMain.groovy:26)
	at com.kms.katalon.core.webui.keyword.builtin.GetTextKeyword.getText(GetTextKeyword.groovy:88)
	at com.kms.katalon.core.webui.keyword.builtin.GetTextKeyword.execute(GetTextKeyword.groovy:67)
	at com.kms.katalon.core.keyword.internal.KeywordExecutor.executeKeywordForPlatform(KeywordExecutor.groovy:74)
	at com.kms.katalon.core.webui.keyword.WebUiBuiltInKeywords.getText(WebUiBuiltInKeywords.groovy:918)
	at com.kms.katalon.core.webui.keyword.WebUiBuiltInKeywords$getText$5.call(Unknown Source)
	at PBL-002.run(PBL-002:31)
	at com.kms.katalon.core.main.ScriptEngine.run(ScriptEngine.java:194)
	at com.kms.katalon.core.main.ScriptEngine.runScriptAsRawText(ScriptEngine.java:119)
	at com.kms.katalon.core.main.TestCaseExecutor.runScript(TestCaseExecutor.java:448)
	at com.kms.katalon.core.main.TestCaseExecutor.doExecute(TestCaseExecutor.java:439)
	at com.kms.katalon.core.main.TestCaseExecutor.processExecutionPhase(TestCaseExecutor.java:418)
	at com.kms.katalon.core.main.TestCaseExecutor.accessMainPhase(TestCaseExecutor.java:410)
	at com.kms.katalon.core.main.TestCaseExecutor.execute(TestCaseExecutor.java:285)
	at com.kms.katalon.core.main.TestCaseMain.runTestCase(TestCaseMain.java:144)
	at com.kms.katalon.core.keyword.builtin.CallTestCaseKeyword$_callTestCase_closure1.doCall(CallTestCaseKeyword.groovy:59)
	... 132 more
Caused by: com.kms.katalon.core.webui.exception.WebElementNotFoundException: Web element with id: 'Object Repository/verifikasi/Harga Keranjang' located by '(.//*[normalize-space(text()) and normalize-space(.)='Qty.'])[4]/following::b[1]' not found
	at com.kms.katalon.core.webui.common.WebUiCommonHelper.findWebElement(WebUiCommonHelper.java:1381)
	at com.kms.katalon.core.webui.keyword.internal.WebUIAbstractKeyword.findWebElement(WebUIAbstractKeyword.groovy:27)
	at com.kms.katalon.core.webui.keyword.internal.WebUIAbstractKeyword.findWebElement(WebUIAbstractKeyword.groovy:26)
	at com.kms.katalon.core.webui.keyword.builtin.GetTextKeyword$_getText_closure1.doCall(GetTextKeyword.groovy:78)
	at com.kms.katalon.core.webui.keyword.builtin.GetTextKeyword$_getText_closure1.call(GetTextKeyword.groovy)
	at com.kms.katalon.core.webui.keyword.internal.WebUIKeywordMain.runKeyword(WebUIKeywordMain.groovy:20)
	... 147 more
"/>
         <system-out><![CDATA[2023-10-04 19:58:10 - [TEST_CASE][FAILED] - Test Cases/T13 Pembelian, Shipment dan Pembayaran/SU-012: Test Cases/T13 Pembelian, Shipment dan Pembayaran/SU-012 FAILED.
Reason:
com.kms.katalon.core.exception.StepFailedException: Call Test Case 'Test Cases/T13 Pembelian, Shipment dan Pembayaran/SA-005' failed
	at com.kms.katalon.core.keyword.builtin.CallTestCaseKeyword$_callTestCase_closure1.doCall(CallTestCaseKeyword.groovy:63)
	at com.kms.katalon.core.keyword.builtin.CallTestCaseKeyword$_callTestCase_closure1.call(CallTestCaseKeyword.groovy)
	at com.kms.katalon.core.keyword.internal.KeywordMain.runKeyword(KeywordMain.groovy:75)
	at com.kms.katalon.core.keyword.builtin.CallTestCaseKeyword.callTestCase(CallTestCaseKeyword.groovy:81)
	at com.kms.katalon.core.keyword.builtin.CallTestCaseKeyword.execute(CallTestCaseKeyword.groovy:44)
	at com.kms.katalon.core.keyword.internal.KeywordExecutor.executeKeywordForPlatform(KeywordExecutor.groovy:74)
	at com.kms.katalon.core.keyword.BuiltinKeywords.callTestCase(BuiltinKeywords.groovy:310)
	at SU-012.run(SU-012:20)
	at com.kms.katalon.core.main.ScriptEngine.run(ScriptEngine.java:194)
	at com.kms.katalon.core.main.ScriptEngine.runScriptAsRawText(ScriptEngine.java:119)
	at com.kms.katalon.core.main.TestCaseExecutor.runScript(TestCaseExecutor.java:448)
	at com.kms.katalon.core.main.TestCaseExecutor.doExecute(TestCaseExecutor.java:439)
	at com.kms.katalon.core.main.TestCaseExecutor.processExecutionPhase(TestCaseExecutor.java:418)
	at com.kms.katalon.core.main.TestCaseExecutor.accessMainPhase(TestCaseExecutor.java:410)
	at com.kms.katalon.core.main.TestCaseExecutor.execute(TestCaseExecutor.java:285)
	at com.kms.katalon.core.common.CommonExecutor.accessTestCaseMainPhase(CommonExecutor.java:65)
	at com.kms.katalon.core.main.TestSuiteExecutor.accessTestSuiteMainPhase(TestSuiteExecutor.java:148)
	at com.kms.katalon.core.main.TestSuiteExecutor.execute(TestSuiteExecutor.java:106)
	at com.kms.katalon.core.main.TestCaseMain.startTestSuite(TestCaseMain.java:187)
	at com.kms.katalon.core.main.TestCaseMain$startTestSuite$0.call(Unknown Source)
	at TempTestSuite1696420804604.run(TempTestSuite1696420804604.groovy:36)
Caused by: com.kms.katalon.core.exception.StepFailedException: Call Test Case 'Test Cases/T13 Pembelian, Shipment dan Pembayaran/SA-002' failed
	at com.kms.katalon.core.keyword.builtin.CallTestCaseKeyword$_callTestCase_closure1.doCall(CallTestCaseKeyword.groovy:63)
	at com.kms.katalon.core.keyword.builtin.CallTestCaseKeyword$_callTestCase_closure1.call(CallTestCaseKeyword.groovy)
	at com.kms.katalon.core.keyword.internal.KeywordMain.runKeyword(KeywordMain.groovy:75)
	at com.kms.katalon.core.keyword.builtin.CallTestCaseKeyword.callTestCase(CallTestCaseKeyword.groovy:81)
	at com.kms.katalon.core.keyword.builtin.CallTestCaseKeyword.execute(CallTestCaseKeyword.groovy:44)
	at com.kms.katalon.core.keyword.internal.KeywordExecutor.executeKeywordForPlatform(KeywordExecutor.groovy:74)
	at com.kms.katalon.core.keyword.BuiltinKeywords.callTestCase(BuiltinKeywords.groovy:310)
	at SA-005.run(SA-005:20)
	at com.kms.katalon.core.main.ScriptEngine.run(ScriptEngine.java:194)
	at com.kms.katalon.core.main.ScriptEngine.runScriptAsRawText(ScriptEngine.java:119)
	at com.kms.katalon.core.main.TestCaseExecutor.runScript(TestCaseExecutor.java:448)
	at com.kms.katalon.core.main.TestCaseExecutor.doExecute(TestCaseExecutor.java:439)
	at com.kms.katalon.core.main.TestCaseExecutor.processExecutionPhase(TestCaseExecutor.java:418)
	at com.kms.katalon.core.main.TestCaseExecutor.accessMainPhase(TestCaseExecutor.java:410)
	at com.kms.katalon.core.main.TestCaseExecutor.execute(TestCaseExecutor.java:285)
	at com.kms.katalon.core.main.TestCaseMain.runTestCase(TestCaseMain.java:144)
	at com.kms.katalon.core.keyword.builtin.CallTestCaseKeyword$_callTestCase_closure1.doCall(CallTestCaseKeyword.groovy:59)
	... 20 more
Caused by: com.kms.katalon.core.exception.StepFailedException: Call Test Case 'Test Cases/T13 Pembelian, Shipment dan Pembayaran/SA-001' failed
	at com.kms.katalon.core.keyword.builtin.CallTestCaseKeyword$_callTestCase_closure1.doCall(CallTestCaseKeyword.groovy:63)
	at com.kms.katalon.core.keyword.builtin.CallTestCaseKeyword$_callTestCase_closure1.call(CallTestCaseKeyword.groovy)
	at com.kms.katalon.core.keyword.internal.KeywordMain.runKeyword(KeywordMain.groovy:75)
	at com.kms.katalon.core.keyword.builtin.CallTestCaseKeyword.callTestCase(CallTestCaseKeyword.groovy:81)
	at com.kms.katalon.core.keyword.builtin.CallTestCaseKeyword.execute(CallTestCaseKeyword.groovy:44)
	at com.kms.katalon.core.keyword.internal.KeywordExecutor.executeKeywordForPlatform(KeywordExecutor.groovy:74)
	at com.kms.katalon.core.keyword.BuiltinKeywords.callTestCase(BuiltinKeywords.groovy:310)
	at SA-002.run(SA-002:20)
	at com.kms.katalon.core.main.ScriptEngine.run(ScriptEngine.java:194)
	at com.kms.katalon.core.main.ScriptEngine.runScriptAsRawText(ScriptEngine.java:119)
	at com.kms.katalon.core.main.TestCaseExecutor.runScript(TestCaseExecutor.java:448)
	at com.kms.katalon.core.main.TestCaseExecutor.doExecute(TestCaseExecutor.java:439)
	at com.kms.katalon.core.main.TestCaseExecutor.processExecutionPhase(TestCaseExecutor.java:418)
	at com.kms.katalon.core.main.TestCaseExecutor.accessMainPhase(TestCaseExecutor.java:410)
	at com.kms.katalon.core.main.TestCaseExecutor.execute(TestCaseExecutor.java:285)
	at com.kms.katalon.core.main.TestCaseMain.runTestCase(TestCaseMain.java:144)
	at com.kms.katalon.core.keyword.builtin.CallTestCaseKeyword$_callTestCase_closure1.doCall(CallTestCaseKeyword.groovy:59)
	... 36 more
Caused by: com.kms.katalon.core.exception.StepFailedException: Call Test Case 'Test Cases/T13 Pembelian, Shipment dan Pembayaran/PBYA-001' failed
	at com.kms.katalon.core.keyword.builtin.CallTestCaseKeyword$_callTestCase_closure1.doCall(CallTestCaseKeyword.groovy:63)
	at com.kms.katalon.core.keyword.builtin.CallTestCaseKeyword$_callTestCase_closure1.call(CallTestCaseKeyword.groovy)
	at com.kms.katalon.core.keyword.internal.KeywordMain.runKeyword(KeywordMain.groovy:75)
	at com.kms.katalon.core.keyword.builtin.CallTestCaseKeyword.callTestCase(CallTestCaseKeyword.groovy:81)
	at com.kms.katalon.core.keyword.builtin.CallTestCaseKeyword.execute(CallTestCaseKeyword.groovy:44)
	at com.kms.katalon.core.keyword.internal.KeywordExecutor.executeKeywordForPlatform(KeywordExecutor.groovy:74)
	at com.kms.katalon.core.keyword.BuiltinKeywords.callTestCase(BuiltinKeywords.groovy:310)
	at SA-001.run(SA-001:20)
	at com.kms.katalon.core.main.ScriptEngine.run(ScriptEngine.java:194)
	at com.kms.katalon.core.main.ScriptEngine.runScriptAsRawText(ScriptEngine.java:119)
	at com.kms.katalon.core.main.TestCaseExecutor.runScript(TestCaseExecutor.java:448)
	at com.kms.katalon.core.main.TestCaseExecutor.doExecute(TestCaseExecutor.java:439)
	at com.kms.katalon.core.main.TestCaseExecutor.processExecutionPhase(TestCaseExecutor.java:418)
	at com.kms.katalon.core.main.TestCaseExecutor.accessMainPhase(TestCaseExecutor.java:410)
	at com.kms.katalon.core.main.TestCaseExecutor.execute(TestCaseExecutor.java:285)
	at com.kms.katalon.core.main.TestCaseMain.runTestCase(TestCaseMain.java:144)
	at com.kms.katalon.core.keyword.builtin.CallTestCaseKeyword$_callTestCase_closure1.doCall(CallTestCaseKeyword.groovy:59)
	... 52 more
Caused by: com.kms.katalon.core.exception.StepFailedException: Call Test Case 'Test Cases/T13 Pembelian, Shipment dan Pembayaran/PBY-004' failed
	at com.kms.katalon.core.keyword.builtin.CallTestCaseKeyword$_callTestCase_closure1.doCall(CallTestCaseKeyword.groovy:63)
	at com.kms.katalon.core.keyword.builtin.CallTestCaseKeyword$_callTestCase_closure1.call(CallTestCaseKeyword.groovy)
	at com.kms.katalon.core.keyword.internal.KeywordMain.runKeyword(KeywordMain.groovy:75)
	at com.kms.katalon.core.keyword.builtin.CallTestCaseKeyword.callTestCase(CallTestCaseKeyword.groovy:81)
	at com.kms.katalon.core.keyword.builtin.CallTestCaseKeyword.execute(CallTestCaseKeyword.groovy:44)
	at com.kms.katalon.core.keyword.internal.KeywordExecutor.executeKeywordForPlatform(KeywordExecutor.groovy:74)
	at com.kms.katalon.core.keyword.BuiltinKeywords.callTestCase(BuiltinKeywords.groovy:310)
	at PBYA-001.run(PBYA-001:20)
	at com.kms.katalon.core.main.ScriptEngine.run(ScriptEngine.java:194)
	at com.kms.katalon.core.main.ScriptEngine.runScriptAsRawText(ScriptEngine.java:119)
	at com.kms.katalon.core.main.TestCaseExecutor.runScript(TestCaseExecutor.java:448)
	at com.kms.katalon.core.main.TestCaseExecutor.doExecute(TestCaseExecutor.java:439)
	at com.kms.katalon.core.main.TestCaseExecutor.processExecutionPhase(TestCaseExecutor.java:418)
	at com.kms.katalon.core.main.TestCaseExecutor.accessMainPhase(TestCaseExecutor.java:410)
	at com.kms.katalon.core.main.TestCaseExecutor.execute(TestCaseExecutor.java:285)
	at com.kms.katalon.core.main.TestCaseMain.runTestCase(TestCaseMain.java:144)
	at com.kms.katalon.core.keyword.builtin.CallTestCaseKeyword$_callTestCase_closure1.doCall(CallTestCaseKeyword.groovy:59)
	... 68 more
Caused by: com.kms.katalon.core.exception.StepFailedException: Call Test Case 'Test Cases/T13 Pembelian, Shipment dan Pembayaran/PBY-001' failed
	at com.kms.katalon.core.keyword.builtin.CallTestCaseKeyword$_callTestCase_closure1.doCall(CallTestCaseKeyword.groovy:63)
	at com.kms.katalon.core.keyword.builtin.CallTestCaseKeyword$_callTestCase_closure1.call(CallTestCaseKeyword.groovy)
	at com.kms.katalon.core.keyword.internal.KeywordMain.runKeyword(KeywordMain.groovy:75)
	at com.kms.katalon.core.keyword.builtin.CallTestCaseKeyword.callTestCase(CallTestCaseKeyword.groovy:81)
	at com.kms.katalon.core.keyword.builtin.CallTestCaseKeyword.execute(CallTestCaseKeyword.groovy:44)
	at com.kms.katalon.core.keyword.internal.KeywordExecutor.executeKeywordForPlatform(KeywordExecutor.groovy:74)
	at com.kms.katalon.core.keyword.BuiltinKeywords.callTestCase(BuiltinKeywords.groovy:310)
	at PBY-004.run(PBY-004:20)
	at com.kms.katalon.core.main.ScriptEngine.run(ScriptEngine.java:194)
	at com.kms.katalon.core.main.ScriptEngine.runScriptAsRawText(ScriptEngine.java:119)
	at com.kms.katalon.core.main.TestCaseExecutor.runScript(TestCaseExecutor.java:448)
	at com.kms.katalon.core.main.TestCaseExecutor.doExecute(TestCaseExecutor.java:439)
	at com.kms.katalon.core.main.TestCaseExecutor.processExecutionPhase(TestCaseExecutor.java:418)
	at com.kms.katalon.core.main.TestCaseExecutor.accessMainPhase(TestCaseExecutor.java:410)
	at com.kms.katalon.core.main.TestCaseExecutor.execute(TestCaseExecutor.java:285)
	at com.kms.katalon.core.main.TestCaseMain.runTestCase(TestCaseMain.java:144)
	at com.kms.katalon.core.keyword.builtin.CallTestCaseKeyword$_callTestCase_closure1.doCall(CallTestCaseKeyword.groovy:59)
	... 84 more
Caused by: com.kms.katalon.core.exception.StepFailedException: Call Test Case 'Test Cases/T13 Pembelian, Shipment dan Pembayaran/PBL-004' failed
	at com.kms.katalon.core.keyword.builtin.CallTestCaseKeyword$_callTestCase_closure1.doCall(CallTestCaseKeyword.groovy:63)
	at com.kms.katalon.core.keyword.builtin.CallTestCaseKeyword$_callTestCase_closure1.call(CallTestCaseKeyword.groovy)
	at com.kms.katalon.core.keyword.internal.KeywordMain.runKeyword(KeywordMain.groovy:75)
	at com.kms.katalon.core.keyword.builtin.CallTestCaseKeyword.callTestCase(CallTestCaseKeyword.groovy:81)
	at com.kms.katalon.core.keyword.builtin.CallTestCaseKeyword.execute(CallTestCaseKeyword.groovy:44)
	at com.kms.katalon.core.keyword.internal.KeywordExecutor.executeKeywordForPlatform(KeywordExecutor.groovy:74)
	at com.kms.katalon.core.keyword.BuiltinKeywords.callTestCase(BuiltinKeywords.groovy:310)
	at PBY-001.run(PBY-001:20)
	at com.kms.katalon.core.main.ScriptEngine.run(ScriptEngine.java:194)
	at com.kms.katalon.core.main.ScriptEngine.runScriptAsRawText(ScriptEngine.java:119)
	at com.kms.katalon.core.main.TestCaseExecutor.runScript(TestCaseExecutor.java:448)
	at com.kms.katalon.core.main.TestCaseExecutor.doExecute(TestCaseExecutor.java:439)
	at com.kms.katalon.core.main.TestCaseExecutor.processExecutionPhase(TestCaseExecutor.java:418)
	at com.kms.katalon.core.main.TestCaseExecutor.accessMainPhase(TestCaseExecutor.java:410)
	at com.kms.katalon.core.main.TestCaseExecutor.execute(TestCaseExecutor.java:285)
	at com.kms.katalon.core.main.TestCaseMain.runTestCase(TestCaseMain.java:144)
	at com.kms.katalon.core.keyword.builtin.CallTestCaseKeyword$_callTestCase_closure1.doCall(CallTestCaseKeyword.groovy:59)
	... 100 more
Caused by: com.kms.katalon.core.exception.StepFailedException: Call Test Case 'Test Cases/T13 Pembelian, Shipment dan Pembayaran/PBL-002' failed
	at com.kms.katalon.core.keyword.builtin.CallTestCaseKeyword$_callTestCase_closure1.doCall(CallTestCaseKeyword.groovy:63)
	at com.kms.katalon.core.keyword.builtin.CallTestCaseKeyword$_callTestCase_closure1.call(CallTestCaseKeyword.groovy)
	at com.kms.katalon.core.keyword.internal.KeywordMain.runKeyword(KeywordMain.groovy:75)
	at com.kms.katalon.core.keyword.builtin.CallTestCaseKeyword.callTestCase(CallTestCaseKeyword.groovy:81)
	at com.kms.katalon.core.keyword.builtin.CallTestCaseKeyword.execute(CallTestCaseKeyword.groovy:44)
	at com.kms.katalon.core.keyword.internal.KeywordExecutor.executeKeywordForPlatform(KeywordExecutor.groovy:74)
	at com.kms.katalon.core.keyword.BuiltinKeywords.callTestCase(BuiltinKeywords.groovy:310)
	at PBL-004.run(PBL-004:20)
	at com.kms.katalon.core.main.ScriptEngine.run(ScriptEngine.java:194)
	at com.kms.katalon.core.main.ScriptEngine.runScriptAsRawText(ScriptEngine.java:119)
	at com.kms.katalon.core.main.TestCaseExecutor.runScript(TestCaseExecutor.java:448)
	at com.kms.katalon.core.main.TestCaseExecutor.doExecute(TestCaseExecutor.java:439)
	at com.kms.katalon.core.main.TestCaseExecutor.processExecutionPhase(TestCaseExecutor.java:418)
	at com.kms.katalon.core.main.TestCaseExecutor.accessMainPhase(TestCaseExecutor.java:410)
	at com.kms.katalon.core.main.TestCaseExecutor.execute(TestCaseExecutor.java:285)
	at com.kms.katalon.core.main.TestCaseMain.runTestCase(TestCaseMain.java:144)
	at com.kms.katalon.core.keyword.builtin.CallTestCaseKeyword$_callTestCase_closure1.doCall(CallTestCaseKeyword.groovy:59)
	... 116 more
Caused by: com.kms.katalon.core.exception.StepFailedException: Unable to get text of object 'Object Repository/verifikasi/Harga Keranjang'
	at com.kms.katalon.core.webui.keyword.internal.WebUIKeywordMain.stepFailed(WebUIKeywordMain.groovy:64)
	at com.kms.katalon.core.webui.keyword.internal.WebUIKeywordMain.runKeyword(WebUIKeywordMain.groovy:26)
	at com.kms.katalon.core.webui.keyword.builtin.GetTextKeyword.getText(GetTextKeyword.groovy:88)
	at com.kms.katalon.core.webui.keyword.builtin.GetTextKeyword.execute(GetTextKeyword.groovy:67)
	at com.kms.katalon.core.keyword.internal.KeywordExecutor.executeKeywordForPlatform(KeywordExecutor.groovy:74)
	at com.kms.katalon.core.webui.keyword.WebUiBuiltInKeywords.getText(WebUiBuiltInKeywords.groovy:918)
	at com.kms.katalon.core.webui.keyword.WebUiBuiltInKeywords$getText$5.call(Unknown Source)
	at PBL-002.run(PBL-002:31)
	at com.kms.katalon.core.main.ScriptEngine.run(ScriptEngine.java:194)
	at com.kms.katalon.core.main.ScriptEngine.runScriptAsRawText(ScriptEngine.java:119)
	at com.kms.katalon.core.main.TestCaseExecutor.runScript(TestCaseExecutor.java:448)
	at com.kms.katalon.core.main.TestCaseExecutor.doExecute(TestCaseExecutor.java:439)
	at com.kms.katalon.core.main.TestCaseExecutor.processExecutionPhase(TestCaseExecutor.java:418)
	at com.kms.katalon.core.main.TestCaseExecutor.accessMainPhase(TestCaseExecutor.java:410)
	at com.kms.katalon.core.main.TestCaseExecutor.execute(TestCaseExecutor.java:285)
	at com.kms.katalon.core.main.TestCaseMain.runTestCase(TestCaseMain.java:144)
	at com.kms.katalon.core.keyword.builtin.CallTestCaseKeyword$_callTestCase_closure1.doCall(CallTestCaseKeyword.groovy:59)
	... 132 more
Caused by: com.kms.katalon.core.webui.exception.WebElementNotFoundException: Web element with id: 'Object Repository/verifikasi/Harga Keranjang' located by '(.//*[normalize-space(text()) and normalize-space(.)='Qty.'])[4]/following::b[1]' not found
	at com.kms.katalon.core.webui.common.WebUiCommonHelper.findWebElement(WebUiCommonHelper.java:1381)
	at com.kms.katalon.core.webui.keyword.internal.WebUIAbstractKeyword.findWebElement(WebUIAbstractKeyword.groovy:27)
	at com.kms.katalon.core.webui.keyword.internal.WebUIAbstractKeyword.findWebElement(WebUIAbstractKeyword.groovy:26)
	at com.kms.katalon.core.webui.keyword.builtin.GetTextKeyword$_getText_closure1.doCall(GetTextKeyword.groovy:78)
	at com.kms.katalon.core.webui.keyword.builtin.GetTextKeyword$_getText_closure1.call(GetTextKeyword.groovy)
	at com.kms.katalon.core.webui.keyword.internal.WebUIKeywordMain.runKeyword(WebUIKeywordMain.groovy:20)
	... 147 more


2023-10-04 19:58:11 - [TEST_STEP][FAILED] - data = callTestCase(findTestCase("T13 Pembelian, Shipment dan Pembayaran/SA-005"), [:], STOP_ON_FAILURE): Unable to call Test Case 'Test Cases/T13 Pembelian, Shipment dan Pembayaran/SA-005' (Root cause: com.kms.katalon.core.exception.StepFailedException: Call Test Case 'Test Cases/T13 Pembelian, Shipment dan Pembayaran/SA-005' failed
	at com.kms.katalon.core.keyword.builtin.CallTestCaseKeyword$_callTestCase_closure1.doCall(CallTestCaseKeyword.groovy:63)
	at com.kms.katalon.core.keyword.builtin.CallTestCaseKeyword$_callTestCase_closure1.call(CallTestCaseKeyword.groovy)
	at com.kms.katalon.core.keyword.internal.KeywordMain.runKeyword(KeywordMain.groovy:75)
	at com.kms.katalon.core.keyword.builtin.CallTestCaseKeyword.callTestCase(CallTestCaseKeyword.groovy:81)
	at com.kms.katalon.core.keyword.builtin.CallTestCaseKeyword.execute(CallTestCaseKeyword.groovy:44)
	at com.kms.katalon.core.keyword.internal.KeywordExecutor.executeKeywordForPlatform(KeywordExecutor.groovy:74)
	at com.kms.katalon.core.keyword.BuiltinKeywords.callTestCase(BuiltinKeywords.groovy:310)
	at SU-012.run(SU-012:20)
	at com.kms.katalon.core.main.ScriptEngine.run(ScriptEngine.java:194)
	at com.kms.katalon.core.main.ScriptEngine.runScriptAsRawText(ScriptEngine.java:119)
	at com.kms.katalon.core.main.TestCaseExecutor.runScript(TestCaseExecutor.java:448)
	at com.kms.katalon.core.main.TestCaseExecutor.doExecute(TestCaseExecutor.java:439)
	at com.kms.katalon.core.main.TestCaseExecutor.processExecutionPhase(TestCaseExecutor.java:418)
	at com.kms.katalon.core.main.TestCaseExecutor.accessMainPhase(TestCaseExecutor.java:410)
	at com.kms.katalon.core.main.TestCaseExecutor.execute(TestCaseExecutor.java:285)
	at com.kms.katalon.core.common.CommonExecutor.accessTestCaseMainPhase(CommonExecutor.java:65)
	at com.kms.katalon.core.main.TestSuiteExecutor.accessTestSuiteMainPhase(TestSuiteExecutor.java:148)
	at com.kms.katalon.core.main.TestSuiteExecutor.execute(TestSuiteExecutor.java:106)
	at com.kms.katalon.core.main.TestCaseMain.startTestSuite(TestCaseMain.java:187)
	at com.kms.katalon.core.main.TestCaseMain$startTestSuite$0.call(Unknown Source)
	at TempTestSuite1696420804604.run(TempTestSuite1696420804604.groovy:36)
Caused by: com.kms.katalon.core.exception.StepFailedException: Call Test Case 'Test Cases/T13 Pembelian, Shipment dan Pembayaran/SA-002' failed
	at com.kms.katalon.core.keyword.builtin.CallTestCaseKeyword$_callTestCase_closure1.doCall(CallTestCaseKeyword.groovy:63)
	at com.kms.katalon.core.keyword.builtin.CallTestCaseKeyword$_callTestCase_closure1.call(CallTestCaseKeyword.groovy)
	at com.kms.katalon.core.keyword.internal.KeywordMain.runKeyword(KeywordMain.groovy:75)
	at com.kms.katalon.core.keyword.builtin.CallTestCaseKeyword.callTestCase(CallTestCaseKeyword.groovy:81)
	at com.kms.katalon.core.keyword.builtin.CallTestCaseKeyword.execute(CallTestCaseKeyword.groovy:44)
	at com.kms.katalon.core.keyword.internal.KeywordExecutor.executeKeywordForPlatform(KeywordExecutor.groovy:74)
	at com.kms.katalon.core.keyword.BuiltinKeywords.callTestCase(BuiltinKeywords.groovy:310)
	at SA-005.run(SA-005:20)
	at com.kms.katalon.core.main.ScriptEngine.run(ScriptEngine.java:194)
	at com.kms.katalon.core.main.ScriptEngine.runScriptAsRawText(ScriptEngine.java:119)
	at com.kms.katalon.core.main.TestCaseExecutor.runScript(TestCaseExecutor.java:448)
	at com.kms.katalon.core.main.TestCaseExecutor.doExecute(TestCaseExecutor.java:439)
	at com.kms.katalon.core.main.TestCaseExecutor.processExecutionPhase(TestCaseExecutor.java:418)
	at com.kms.katalon.core.main.TestCaseExecutor.accessMainPhase(TestCaseExecutor.java:410)
	at com.kms.katalon.core.main.TestCaseExecutor.execute(TestCaseExecutor.java:285)
	at com.kms.katalon.core.main.TestCaseMain.runTestCase(TestCaseMain.java:144)
	at com.kms.katalon.core.keyword.builtin.CallTestCaseKeyword$_callTestCase_closure1.doCall(CallTestCaseKeyword.groovy:59)
	... 20 more
Caused by: com.kms.katalon.core.exception.StepFailedException: Call Test Case 'Test Cases/T13 Pembelian, Shipment dan Pembayaran/SA-001' failed
	at com.kms.katalon.core.keyword.builtin.CallTestCaseKeyword$_callTestCase_closure1.doCall(CallTestCaseKeyword.groovy:63)
	at com.kms.katalon.core.keyword.builtin.CallTestCaseKeyword$_callTestCase_closure1.call(CallTestCaseKeyword.groovy)
	at com.kms.katalon.core.keyword.internal.KeywordMain.runKeyword(KeywordMain.groovy:75)
	at com.kms.katalon.core.keyword.builtin.CallTestCaseKeyword.callTestCase(CallTestCaseKeyword.groovy:81)
	at com.kms.katalon.core.keyword.builtin.CallTestCaseKeyword.execute(CallTestCaseKeyword.groovy:44)
	at com.kms.katalon.core.keyword.internal.KeywordExecutor.executeKeywordForPlatform(KeywordExecutor.groovy:74)
	at com.kms.katalon.core.keyword.BuiltinKeywords.callTestCase(BuiltinKeywords.groovy:310)
	at SA-002.run(SA-002:20)
	at com.kms.katalon.core.main.ScriptEngine.run(ScriptEngine.java:194)
	at com.kms.katalon.core.main.ScriptEngine.runScriptAsRawText(ScriptEngine.java:119)
	at com.kms.katalon.core.main.TestCaseExecutor.runScript(TestCaseExecutor.java:448)
	at com.kms.katalon.core.main.TestCaseExecutor.doExecute(TestCaseExecutor.java:439)
	at com.kms.katalon.core.main.TestCaseExecutor.processExecutionPhase(TestCaseExecutor.java:418)
	at com.kms.katalon.core.main.TestCaseExecutor.accessMainPhase(TestCaseExecutor.java:410)
	at com.kms.katalon.core.main.TestCaseExecutor.execute(TestCaseExecutor.java:285)
	at com.kms.katalon.core.main.TestCaseMain.runTestCase(TestCaseMain.java:144)
	at com.kms.katalon.core.keyword.builtin.CallTestCaseKeyword$_callTestCase_closure1.doCall(CallTestCaseKeyword.groovy:59)
	... 36 more
Caused by: com.kms.katalon.core.exception.StepFailedException: Call Test Case 'Test Cases/T13 Pembelian, Shipment dan Pembayaran/PBYA-001' failed
	at com.kms.katalon.core.keyword.builtin.CallTestCaseKeyword$_callTestCase_closure1.doCall(CallTestCaseKeyword.groovy:63)
	at com.kms.katalon.core.keyword.builtin.CallTestCaseKeyword$_callTestCase_closure1.call(CallTestCaseKeyword.groovy)
	at com.kms.katalon.core.keyword.internal.KeywordMain.runKeyword(KeywordMain.groovy:75)
	at com.kms.katalon.core.keyword.builtin.CallTestCaseKeyword.callTestCase(CallTestCaseKeyword.groovy:81)
	at com.kms.katalon.core.keyword.builtin.CallTestCaseKeyword.execute(CallTestCaseKeyword.groovy:44)
	at com.kms.katalon.core.keyword.internal.KeywordExecutor.executeKeywordForPlatform(KeywordExecutor.groovy:74)
	at com.kms.katalon.core.keyword.BuiltinKeywords.callTestCase(BuiltinKeywords.groovy:310)
	at SA-001.run(SA-001:20)
	at com.kms.katalon.core.main.ScriptEngine.run(ScriptEngine.java:194)
	at com.kms.katalon.core.main.ScriptEngine.runScriptAsRawText(ScriptEngine.java:119)
	at com.kms.katalon.core.main.TestCaseExecutor.runScript(TestCaseExecutor.java:448)
	at com.kms.katalon.core.main.TestCaseExecutor.doExecute(TestCaseExecutor.java:439)
	at com.kms.katalon.core.main.TestCaseExecutor.processExecutionPhase(TestCaseExecutor.java:418)
	at com.kms.katalon.core.main.TestCaseExecutor.accessMainPhase(TestCaseExecutor.java:410)
	at com.kms.katalon.core.main.TestCaseExecutor.execute(TestCaseExecutor.java:285)
	at com.kms.katalon.core.main.TestCaseMain.runTestCase(TestCaseMain.java:144)
	at com.kms.katalon.core.keyword.builtin.CallTestCaseKeyword$_callTestCase_closure1.doCall(CallTestCaseKeyword.groovy:59)
	... 52 more
Caused by: com.kms.katalon.core.exception.StepFailedException: Call Test Case 'Test Cases/T13 Pembelian, Shipment dan Pembayaran/PBY-004' failed
	at com.kms.katalon.core.keyword.builtin.CallTestCaseKeyword$_callTestCase_closure1.doCall(CallTestCaseKeyword.groovy:63)
	at com.kms.katalon.core.keyword.builtin.CallTestCaseKeyword$_callTestCase_closure1.call(CallTestCaseKeyword.groovy)
	at com.kms.katalon.core.keyword.internal.KeywordMain.runKeyword(KeywordMain.groovy:75)
	at com.kms.katalon.core.keyword.builtin.CallTestCaseKeyword.callTestCase(CallTestCaseKeyword.groovy:81)
	at com.kms.katalon.core.keyword.builtin.CallTestCaseKeyword.execute(CallTestCaseKeyword.groovy:44)
	at com.kms.katalon.core.keyword.internal.KeywordExecutor.executeKeywordForPlatform(KeywordExecutor.groovy:74)
	at com.kms.katalon.core.keyword.BuiltinKeywords.callTestCase(BuiltinKeywords.groovy:310)
	at PBYA-001.run(PBYA-001:20)
	at com.kms.katalon.core.main.ScriptEngine.run(ScriptEngine.java:194)
	at com.kms.katalon.core.main.ScriptEngine.runScriptAsRawText(ScriptEngine.java:119)
	at com.kms.katalon.core.main.TestCaseExecutor.runScript(TestCaseExecutor.java:448)
	at com.kms.katalon.core.main.TestCaseExecutor.doExecute(TestCaseExecutor.java:439)
	at com.kms.katalon.core.main.TestCaseExecutor.processExecutionPhase(TestCaseExecutor.java:418)
	at com.kms.katalon.core.main.TestCaseExecutor.accessMainPhase(TestCaseExecutor.java:410)
	at com.kms.katalon.core.main.TestCaseExecutor.execute(TestCaseExecutor.java:285)
	at com.kms.katalon.core.main.TestCaseMain.runTestCase(TestCaseMain.java:144)
	at com.kms.katalon.core.keyword.builtin.CallTestCaseKeyword$_callTestCase_closure1.doCall(CallTestCaseKeyword.groovy:59)
	... 68 more
Caused by: com.kms.katalon.core.exception.StepFailedException: Call Test Case 'Test Cases/T13 Pembelian, Shipment dan Pembayaran/PBY-001' failed
	at com.kms.katalon.core.keyword.builtin.CallTestCaseKeyword$_callTestCase_closure1.doCall(CallTestCaseKeyword.groovy:63)
	at com.kms.katalon.core.keyword.builtin.CallTestCaseKeyword$_callTestCase_closure1.call(CallTestCaseKeyword.groovy)
	at com.kms.katalon.core.keyword.internal.KeywordMain.runKeyword(KeywordMain.groovy:75)
	at com.kms.katalon.core.keyword.builtin.CallTestCaseKeyword.callTestCase(CallTestCaseKeyword.groovy:81)
	at com.kms.katalon.core.keyword.builtin.CallTestCaseKeyword.execute(CallTestCaseKeyword.groovy:44)
	at com.kms.katalon.core.keyword.internal.KeywordExecutor.executeKeywordForPlatform(KeywordExecutor.groovy:74)
	at com.kms.katalon.core.keyword.BuiltinKeywords.callTestCase(BuiltinKeywords.groovy:310)
	at PBY-004.run(PBY-004:20)
	at com.kms.katalon.core.main.ScriptEngine.run(ScriptEngine.java:194)
	at com.kms.katalon.core.main.ScriptEngine.runScriptAsRawText(ScriptEngine.java:119)
	at com.kms.katalon.core.main.TestCaseExecutor.runScript(TestCaseExecutor.java:448)
	at com.kms.katalon.core.main.TestCaseExecutor.doExecute(TestCaseExecutor.java:439)
	at com.kms.katalon.core.main.TestCaseExecutor.processExecutionPhase(TestCaseExecutor.java:418)
	at com.kms.katalon.core.main.TestCaseExecutor.accessMainPhase(TestCaseExecutor.java:410)
	at com.kms.katalon.core.main.TestCaseExecutor.execute(TestCaseExecutor.java:285)
	at com.kms.katalon.core.main.TestCaseMain.runTestCase(TestCaseMain.java:144)
	at com.kms.katalon.core.keyword.builtin.CallTestCaseKeyword$_callTestCase_closure1.doCall(CallTestCaseKeyword.groovy:59)
	... 84 more
Caused by: com.kms.katalon.core.exception.StepFailedException: Call Test Case 'Test Cases/T13 Pembelian, Shipment dan Pembayaran/PBL-004' failed
	at com.kms.katalon.core.keyword.builtin.CallTestCaseKeyword$_callTestCase_closure1.doCall(CallTestCaseKeyword.groovy:63)
	at com.kms.katalon.core.keyword.builtin.CallTestCaseKeyword$_callTestCase_closure1.call(CallTestCaseKeyword.groovy)
	at com.kms.katalon.core.keyword.internal.KeywordMain.runKeyword(KeywordMain.groovy:75)
	at com.kms.katalon.core.keyword.builtin.CallTestCaseKeyword.callTestCase(CallTestCaseKeyword.groovy:81)
	at com.kms.katalon.core.keyword.builtin.CallTestCaseKeyword.execute(CallTestCaseKeyword.groovy:44)
	at com.kms.katalon.core.keyword.internal.KeywordExecutor.executeKeywordForPlatform(KeywordExecutor.groovy:74)
	at com.kms.katalon.core.keyword.BuiltinKeywords.callTestCase(BuiltinKeywords.groovy:310)
	at PBY-001.run(PBY-001:20)
	at com.kms.katalon.core.main.ScriptEngine.run(ScriptEngine.java:194)
	at com.kms.katalon.core.main.ScriptEngine.runScriptAsRawText(ScriptEngine.java:119)
	at com.kms.katalon.core.main.TestCaseExecutor.runScript(TestCaseExecutor.java:448)
	at com.kms.katalon.core.main.TestCaseExecutor.doExecute(TestCaseExecutor.java:439)
	at com.kms.katalon.core.main.TestCaseExecutor.processExecutionPhase(TestCaseExecutor.java:418)
	at com.kms.katalon.core.main.TestCaseExecutor.accessMainPhase(TestCaseExecutor.java:410)
	at com.kms.katalon.core.main.TestCaseExecutor.execute(TestCaseExecutor.java:285)
	at com.kms.katalon.core.main.TestCaseMain.runTestCase(TestCaseMain.java:144)
	at com.kms.katalon.core.keyword.builtin.CallTestCaseKeyword$_callTestCase_closure1.doCall(CallTestCaseKeyword.groovy:59)
	... 100 more
Caused by: com.kms.katalon.core.exception.StepFailedException: Call Test Case 'Test Cases/T13 Pembelian, Shipment dan Pembayaran/PBL-002' failed
	at com.kms.katalon.core.keyword.builtin.CallTestCaseKeyword$_callTestCase_closure1.doCall(CallTestCaseKeyword.groovy:63)
	at com.kms.katalon.core.keyword.builtin.CallTestCaseKeyword$_callTestCase_closure1.call(CallTestCaseKeyword.groovy)
	at com.kms.katalon.core.keyword.internal.KeywordMain.runKeyword(KeywordMain.groovy:75)
	at com.kms.katalon.core.keyword.builtin.CallTestCaseKeyword.callTestCase(CallTestCaseKeyword.groovy:81)
	at com.kms.katalon.core.keyword.builtin.CallTestCaseKeyword.execute(CallTestCaseKeyword.groovy:44)
	at com.kms.katalon.core.keyword.internal.KeywordExecutor.executeKeywordForPlatform(KeywordExecutor.groovy:74)
	at com.kms.katalon.core.keyword.BuiltinKeywords.callTestCase(BuiltinKeywords.groovy:310)
	at PBL-004.run(PBL-004:20)
	at com.kms.katalon.core.main.ScriptEngine.run(ScriptEngine.java:194)
	at com.kms.katalon.core.main.ScriptEngine.runScriptAsRawText(ScriptEngine.java:119)
	at com.kms.katalon.core.main.TestCaseExecutor.runScript(TestCaseExecutor.java:448)
	at com.kms.katalon.core.main.TestCaseExecutor.doExecute(TestCaseExecutor.java:439)
	at com.kms.katalon.core.main.TestCaseExecutor.processExecutionPhase(TestCaseExecutor.java:418)
	at com.kms.katalon.core.main.TestCaseExecutor.accessMainPhase(TestCaseExecutor.java:410)
	at com.kms.katalon.core.main.TestCaseExecutor.execute(TestCaseExecutor.java:285)
	at com.kms.katalon.core.main.TestCaseMain.runTestCase(TestCaseMain.java:144)
	at com.kms.katalon.core.keyword.builtin.CallTestCaseKeyword$_callTestCase_closure1.doCall(CallTestCaseKeyword.groovy:59)
	... 116 more
Caused by: com.kms.katalon.core.exception.StepFailedException: Unable to get text of object 'Object Repository/verifikasi/Harga Keranjang'
	at com.kms.katalon.core.webui.keyword.internal.WebUIKeywordMain.stepFailed(WebUIKeywordMain.groovy:64)
	at com.kms.katalon.core.webui.keyword.internal.WebUIKeywordMain.runKeyword(WebUIKeywordMain.groovy:26)
	at com.kms.katalon.core.webui.keyword.builtin.GetTextKeyword.getText(GetTextKeyword.groovy:88)
	at com.kms.katalon.core.webui.keyword.builtin.GetTextKeyword.execute(GetTextKeyword.groovy:67)
	at com.kms.katalon.core.keyword.internal.KeywordExecutor.executeKeywordForPlatform(KeywordExecutor.groovy:74)
	at com.kms.katalon.core.webui.keyword.WebUiBuiltInKeywords.getText(WebUiBuiltInKeywords.groovy:918)
	at com.kms.katalon.core.webui.keyword.WebUiBuiltInKeywords$getText$5.call(Unknown Source)
	at PBL-002.run(PBL-002:31)
	at com.kms.katalon.core.main.ScriptEngine.run(ScriptEngine.java:194)
	at com.kms.katalon.core.main.ScriptEngine.runScriptAsRawText(ScriptEngine.java:119)
	at com.kms.katalon.core.main.TestCaseExecutor.runScript(TestCaseExecutor.java:448)
	at com.kms.katalon.core.main.TestCaseExecutor.doExecute(TestCaseExecutor.java:439)
	at com.kms.katalon.core.main.TestCaseExecutor.processExecutionPhase(TestCaseExecutor.java:418)
	at com.kms.katalon.core.main.TestCaseExecutor.accessMainPhase(TestCaseExecutor.java:410)
	at com.kms.katalon.core.main.TestCaseExecutor.execute(TestCaseExecutor.java:285)
	at com.kms.katalon.core.main.TestCaseMain.runTestCase(TestCaseMain.java:144)
	at com.kms.katalon.core.keyword.builtin.CallTestCaseKeyword$_callTestCase_closure1.doCall(CallTestCaseKeyword.groovy:59)
	... 132 more
Caused by: com.kms.katalon.core.webui.exception.WebElementNotFoundException: Web element with id: 'Object Repository/verifikasi/Harga Keranjang' located by '(.//*[normalize-space(text()) and normalize-space(.)='Qty.'])[4]/following::b[1]' not found
	at com.kms.katalon.core.webui.common.WebUiCommonHelper.findWebElement(WebUiCommonHelper.java:1381)
	at com.kms.katalon.core.webui.keyword.internal.WebUIAbstractKeyword.findWebElement(WebUIAbstractKeyword.groovy:27)
	at com.kms.katalon.core.webui.keyword.internal.WebUIAbstractKeyword.findWebElement(WebUIAbstractKeyword.groovy:26)
	at com.kms.katalon.core.webui.keyword.builtin.GetTextKeyword$_getText_closure1.doCall(GetTextKeyword.groovy:78)
	at com.kms.katalon.core.webui.keyword.builtin.GetTextKeyword$_getText_closure1.call(GetTextKeyword.groovy)
	at com.kms.katalon.core.webui.keyword.internal.WebUIKeywordMain.runKeyword(WebUIKeywordMain.groovy:20)
	... 147 more
)

2023-10-04 19:58:11 - [TEST_CASE][FAILED] - Test Cases/T13 Pembelian, Shipment dan Pembayaran/SA-005: Test Cases/T13 Pembelian, Shipment dan Pembayaran/SA-005 FAILED.
Reason:
com.kms.katalon.core.exception.StepFailedException: Call Test Case 'Test Cases/T13 Pembelian, Shipment dan Pembayaran/SA-002' failed
	at com.kms.katalon.core.keyword.builtin.CallTestCaseKeyword$_callTestCase_closure1.doCall(CallTestCaseKeyword.groovy:63)
	at com.kms.katalon.core.keyword.builtin.CallTestCaseKeyword$_callTestCase_closure1.call(CallTestCaseKeyword.groovy)
	at com.kms.katalon.core.keyword.internal.KeywordMain.runKeyword(KeywordMain.groovy:75)
	at com.kms.katalon.core.keyword.builtin.CallTestCaseKeyword.callTestCase(CallTestCaseKeyword.groovy:81)
	at com.kms.katalon.core.keyword.builtin.CallTestCaseKeyword.execute(CallTestCaseKeyword.groovy:44)
	at com.kms.katalon.core.keyword.internal.KeywordExecutor.executeKeywordForPlatform(KeywordExecutor.groovy:74)
	at com.kms.katalon.core.keyword.BuiltinKeywords.callTestCase(BuiltinKeywords.groovy:310)
	at SA-005.run(SA-005:20)
	at com.kms.katalon.core.main.ScriptEngine.run(ScriptEngine.java:194)
	at com.kms.katalon.core.main.ScriptEngine.runScriptAsRawText(ScriptEngine.java:119)
	at com.kms.katalon.core.main.TestCaseExecutor.runScript(TestCaseExecutor.java:448)
	at com.kms.katalon.core.main.TestCaseExecutor.doExecute(TestCaseExecutor.java:439)
	at com.kms.katalon.core.main.TestCaseExecutor.processExecutionPhase(TestCaseExecutor.java:418)
	at com.kms.katalon.core.main.TestCaseExecutor.accessMainPhase(TestCaseExecutor.java:410)
	at com.kms.katalon.core.main.TestCaseExecutor.execute(TestCaseExecutor.java:285)
	at com.kms.katalon.core.main.TestCaseMain.runTestCase(TestCaseMain.java:144)
	at com.kms.katalon.core.keyword.builtin.CallTestCaseKeyword$_callTestCase_closure1.doCall(CallTestCaseKeyword.groovy:59)
	at com.kms.katalon.core.keyword.builtin.CallTestCaseKeyword$_callTestCase_closure1.call(CallTestCaseKeyword.groovy)
	at com.kms.katalon.core.keyword.internal.KeywordMain.runKeyword(KeywordMain.groovy:75)
	at com.kms.katalon.core.keyword.builtin.CallTestCaseKeyword.callTestCase(CallTestCaseKeyword.groovy:81)
	at com.kms.katalon.core.keyword.builtin.CallTestCaseKeyword.execute(CallTestCaseKeyword.groovy:44)
	at com.kms.katalon.core.keyword.internal.KeywordExecutor.executeKeywordForPlatform(KeywordExecutor.groovy:74)
	at com.kms.katalon.core.keyword.BuiltinKeywords.callTestCase(BuiltinKeywords.groovy:310)
	at SU-012.run(SU-012:20)
	at com.kms.katalon.core.main.ScriptEngine.run(ScriptEngine.java:194)
	at com.kms.katalon.core.main.ScriptEngine.runScriptAsRawText(ScriptEngine.java:119)
	at com.kms.katalon.core.main.TestCaseExecutor.runScript(TestCaseExecutor.java:448)
	at com.kms.katalon.core.main.TestCaseExecutor.doExecute(TestCaseExecutor.java:439)
	at com.kms.katalon.core.main.TestCaseExecutor.processExecutionPhase(TestCaseExecutor.java:418)
	at com.kms.katalon.core.main.TestCaseExecutor.accessMainPhase(TestCaseExecutor.java:410)
	at com.kms.katalon.core.main.TestCaseExecutor.execute(TestCaseExecutor.java:285)
	at com.kms.katalon.core.common.CommonExecutor.accessTestCaseMainPhase(CommonExecutor.java:65)
	at com.kms.katalon.core.main.TestSuiteExecutor.accessTestSuiteMainPhase(TestSuiteExecutor.java:148)
	at com.kms.katalon.core.main.TestSuiteExecutor.execute(TestSuiteExecutor.java:106)
	at com.kms.katalon.core.main.TestCaseMain.startTestSuite(TestCaseMain.java:187)
	at com.kms.katalon.core.main.TestCaseMain$startTestSuite$0.call(Unknown Source)
	at TempTestSuite1696420804604.run(TempTestSuite1696420804604.groovy:36)
Caused by: com.kms.katalon.core.exception.StepFailedException: Call Test Case 'Test Cases/T13 Pembelian, Shipment dan Pembayaran/SA-001' failed
	at com.kms.katalon.core.keyword.builtin.CallTestCaseKeyword$_callTestCase_closure1.doCall(CallTestCaseKeyword.groovy:63)
	at com.kms.katalon.core.keyword.builtin.CallTestCaseKeyword$_callTestCase_closure1.call(CallTestCaseKeyword.groovy)
	at com.kms.katalon.core.keyword.internal.KeywordMain.runKeyword(KeywordMain.groovy:75)
	at com.kms.katalon.core.keyword.builtin.CallTestCaseKeyword.callTestCase(CallTestCaseKeyword.groovy:81)
	at com.kms.katalon.core.keyword.builtin.CallTestCaseKeyword.execute(CallTestCaseKeyword.groovy:44)
	at com.kms.katalon.core.keyword.internal.KeywordExecutor.executeKeywordForPlatform(KeywordExecutor.groovy:74)
	at com.kms.katalon.core.keyword.BuiltinKeywords.callTestCase(BuiltinKeywords.groovy:310)
	at SA-002.run(SA-002:20)
	at com.kms.katalon.core.main.ScriptEngine.run(ScriptEngine.java:194)
	at com.kms.katalon.core.main.ScriptEngine.runScriptAsRawText(ScriptEngine.java:119)
	at com.kms.katalon.core.main.TestCaseExecutor.runScript(TestCaseExecutor.java:448)
	at com.kms.katalon.core.main.TestCaseExecutor.doExecute(TestCaseExecutor.java:439)
	at com.kms.katalon.core.main.TestCaseExecutor.processExecutionPhase(TestCaseExecutor.java:418)
	at com.kms.katalon.core.main.TestCaseExecutor.accessMainPhase(TestCaseExecutor.java:410)
	at com.kms.katalon.core.main.TestCaseExecutor.execute(TestCaseExecutor.java:285)
	at com.kms.katalon.core.main.TestCaseMain.runTestCase(TestCaseMain.java:144)
	at com.kms.katalon.core.keyword.builtin.CallTestCaseKeyword$_callTestCase_closure1.doCall(CallTestCaseKeyword.groovy:59)
	... 36 more
Caused by: com.kms.katalon.core.exception.StepFailedException: Call Test Case 'Test Cases/T13 Pembelian, Shipment dan Pembayaran/PBYA-001' failed
	at com.kms.katalon.core.keyword.builtin.CallTestCaseKeyword$_callTestCase_closure1.doCall(CallTestCaseKeyword.groovy:63)
	at com.kms.katalon.core.keyword.builtin.CallTestCaseKeyword$_callTestCase_closure1.call(CallTestCaseKeyword.groovy)
	at com.kms.katalon.core.keyword.internal.KeywordMain.runKeyword(KeywordMain.groovy:75)
	at com.kms.katalon.core.keyword.builtin.CallTestCaseKeyword.callTestCase(CallTestCaseKeyword.groovy:81)
	at com.kms.katalon.core.keyword.builtin.CallTestCaseKeyword.execute(CallTestCaseKeyword.groovy:44)
	at com.kms.katalon.core.keyword.internal.KeywordExecutor.executeKeywordForPlatform(KeywordExecutor.groovy:74)
	at com.kms.katalon.core.keyword.BuiltinKeywords.callTestCase(BuiltinKeywords.groovy:310)
	at SA-001.run(SA-001:20)
	at com.kms.katalon.core.main.ScriptEngine.run(ScriptEngine.java:194)
	at com.kms.katalon.core.main.ScriptEngine.runScriptAsRawText(ScriptEngine.java:119)
	at com.kms.katalon.core.main.TestCaseExecutor.runScript(TestCaseExecutor.java:448)
	at com.kms.katalon.core.main.TestCaseExecutor.doExecute(TestCaseExecutor.java:439)
	at com.kms.katalon.core.main.TestCaseExecutor.processExecutionPhase(TestCaseExecutor.java:418)
	at com.kms.katalon.core.main.TestCaseExecutor.accessMainPhase(TestCaseExecutor.java:410)
	at com.kms.katalon.core.main.TestCaseExecutor.execute(TestCaseExecutor.java:285)
	at com.kms.katalon.core.main.TestCaseMain.runTestCase(TestCaseMain.java:144)
	at com.kms.katalon.core.keyword.builtin.CallTestCaseKeyword$_callTestCase_closure1.doCall(CallTestCaseKeyword.groovy:59)
	... 52 more
Caused by: com.kms.katalon.core.exception.StepFailedException: Call Test Case 'Test Cases/T13 Pembelian, Shipment dan Pembayaran/PBY-004' failed
	at com.kms.katalon.core.keyword.builtin.CallTestCaseKeyword$_callTestCase_closure1.doCall(CallTestCaseKeyword.groovy:63)
	at com.kms.katalon.core.keyword.builtin.CallTestCaseKeyword$_callTestCase_closure1.call(CallTestCaseKeyword.groovy)
	at com.kms.katalon.core.keyword.internal.KeywordMain.runKeyword(KeywordMain.groovy:75)
	at com.kms.katalon.core.keyword.builtin.CallTestCaseKeyword.callTestCase(CallTestCaseKeyword.groovy:81)
	at com.kms.katalon.core.keyword.builtin.CallTestCaseKeyword.execute(CallTestCaseKeyword.groovy:44)
	at com.kms.katalon.core.keyword.internal.KeywordExecutor.executeKeywordForPlatform(KeywordExecutor.groovy:74)
	at com.kms.katalon.core.keyword.BuiltinKeywords.callTestCase(BuiltinKeywords.groovy:310)
	at PBYA-001.run(PBYA-001:20)
	at com.kms.katalon.core.main.ScriptEngine.run(ScriptEngine.java:194)
	at com.kms.katalon.core.main.ScriptEngine.runScriptAsRawText(ScriptEngine.java:119)
	at com.kms.katalon.core.main.TestCaseExecutor.runScript(TestCaseExecutor.java:448)
	at com.kms.katalon.core.main.TestCaseExecutor.doExecute(TestCaseExecutor.java:439)
	at com.kms.katalon.core.main.TestCaseExecutor.processExecutionPhase(TestCaseExecutor.java:418)
	at com.kms.katalon.core.main.TestCaseExecutor.accessMainPhase(TestCaseExecutor.java:410)
	at com.kms.katalon.core.main.TestCaseExecutor.execute(TestCaseExecutor.java:285)
	at com.kms.katalon.core.main.TestCaseMain.runTestCase(TestCaseMain.java:144)
	at com.kms.katalon.core.keyword.builtin.CallTestCaseKeyword$_callTestCase_closure1.doCall(CallTestCaseKeyword.groovy:59)
	... 68 more
Caused by: com.kms.katalon.core.exception.StepFailedException: Call Test Case 'Test Cases/T13 Pembelian, Shipment dan Pembayaran/PBY-001' failed
	at com.kms.katalon.core.keyword.builtin.CallTestCaseKeyword$_callTestCase_closure1.doCall(CallTestCaseKeyword.groovy:63)
	at com.kms.katalon.core.keyword.builtin.CallTestCaseKeyword$_callTestCase_closure1.call(CallTestCaseKeyword.groovy)
	at com.kms.katalon.core.keyword.internal.KeywordMain.runKeyword(KeywordMain.groovy:75)
	at com.kms.katalon.core.keyword.builtin.CallTestCaseKeyword.callTestCase(CallTestCaseKeyword.groovy:81)
	at com.kms.katalon.core.keyword.builtin.CallTestCaseKeyword.execute(CallTestCaseKeyword.groovy:44)
	at com.kms.katalon.core.keyword.internal.KeywordExecutor.executeKeywordForPlatform(KeywordExecutor.groovy:74)
	at com.kms.katalon.core.keyword.BuiltinKeywords.callTestCase(BuiltinKeywords.groovy:310)
	at PBY-004.run(PBY-004:20)
	at com.kms.katalon.core.main.ScriptEngine.run(ScriptEngine.java:194)
	at com.kms.katalon.core.main.ScriptEngine.runScriptAsRawText(ScriptEngine.java:119)
	at com.kms.katalon.core.main.TestCaseExecutor.runScript(TestCaseExecutor.java:448)
	at com.kms.katalon.core.main.TestCaseExecutor.doExecute(TestCaseExecutor.java:439)
	at com.kms.katalon.core.main.TestCaseExecutor.processExecutionPhase(TestCaseExecutor.java:418)
	at com.kms.katalon.core.main.TestCaseExecutor.accessMainPhase(TestCaseExecutor.java:410)
	at com.kms.katalon.core.main.TestCaseExecutor.execute(TestCaseExecutor.java:285)
	at com.kms.katalon.core.main.TestCaseMain.runTestCase(TestCaseMain.java:144)
	at com.kms.katalon.core.keyword.builtin.CallTestCaseKeyword$_callTestCase_closure1.doCall(CallTestCaseKeyword.groovy:59)
	... 84 more
Caused by: com.kms.katalon.core.exception.StepFailedException: Call Test Case 'Test Cases/T13 Pembelian, Shipment dan Pembayaran/PBL-004' failed
	at com.kms.katalon.core.keyword.builtin.CallTestCaseKeyword$_callTestCase_closure1.doCall(CallTestCaseKeyword.groovy:63)
	at com.kms.katalon.core.keyword.builtin.CallTestCaseKeyword$_callTestCase_closure1.call(CallTestCaseKeyword.groovy)
	at com.kms.katalon.core.keyword.internal.KeywordMain.runKeyword(KeywordMain.groovy:75)
	at com.kms.katalon.core.keyword.builtin.CallTestCaseKeyword.callTestCase(CallTestCaseKeyword.groovy:81)
	at com.kms.katalon.core.keyword.builtin.CallTestCaseKeyword.execute(CallTestCaseKeyword.groovy:44)
	at com.kms.katalon.core.keyword.internal.KeywordExecutor.executeKeywordForPlatform(KeywordExecutor.groovy:74)
	at com.kms.katalon.core.keyword.BuiltinKeywords.callTestCase(BuiltinKeywords.groovy:310)
	at PBY-001.run(PBY-001:20)
	at com.kms.katalon.core.main.ScriptEngine.run(ScriptEngine.java:194)
	at com.kms.katalon.core.main.ScriptEngine.runScriptAsRawText(ScriptEngine.java:119)
	at com.kms.katalon.core.main.TestCaseExecutor.runScript(TestCaseExecutor.java:448)
	at com.kms.katalon.core.main.TestCaseExecutor.doExecute(TestCaseExecutor.java:439)
	at com.kms.katalon.core.main.TestCaseExecutor.processExecutionPhase(TestCaseExecutor.java:418)
	at com.kms.katalon.core.main.TestCaseExecutor.accessMainPhase(TestCaseExecutor.java:410)
	at com.kms.katalon.core.main.TestCaseExecutor.execute(TestCaseExecutor.java:285)
	at com.kms.katalon.core.main.TestCaseMain.runTestCase(TestCaseMain.java:144)
	at com.kms.katalon.core.keyword.builtin.CallTestCaseKeyword$_callTestCase_closure1.doCall(CallTestCaseKeyword.groovy:59)
	... 100 more
Caused by: com.kms.katalon.core.exception.StepFailedException: Call Test Case 'Test Cases/T13 Pembelian, Shipment dan Pembayaran/PBL-002' failed
	at com.kms.katalon.core.keyword.builtin.CallTestCaseKeyword$_callTestCase_closure1.doCall(CallTestCaseKeyword.groovy:63)
	at com.kms.katalon.core.keyword.builtin.CallTestCaseKeyword$_callTestCase_closure1.call(CallTestCaseKeyword.groovy)
	at com.kms.katalon.core.keyword.internal.KeywordMain.runKeyword(KeywordMain.groovy:75)
	at com.kms.katalon.core.keyword.builtin.CallTestCaseKeyword.callTestCase(CallTestCaseKeyword.groovy:81)
	at com.kms.katalon.core.keyword.builtin.CallTestCaseKeyword.execute(CallTestCaseKeyword.groovy:44)
	at com.kms.katalon.core.keyword.internal.KeywordExecutor.executeKeywordForPlatform(KeywordExecutor.groovy:74)
	at com.kms.katalon.core.keyword.BuiltinKeywords.callTestCase(BuiltinKeywords.groovy:310)
	at PBL-004.run(PBL-004:20)
	at com.kms.katalon.core.main.ScriptEngine.run(ScriptEngine.java:194)
	at com.kms.katalon.core.main.ScriptEngine.runScriptAsRawText(ScriptEngine.java:119)
	at com.kms.katalon.core.main.TestCaseExecutor.runScript(TestCaseExecutor.java:448)
	at com.kms.katalon.core.main.TestCaseExecutor.doExecute(TestCaseExecutor.java:439)
	at com.kms.katalon.core.main.TestCaseExecutor.processExecutionPhase(TestCaseExecutor.java:418)
	at com.kms.katalon.core.main.TestCaseExecutor.accessMainPhase(TestCaseExecutor.java:410)
	at com.kms.katalon.core.main.TestCaseExecutor.execute(TestCaseExecutor.java:285)
	at com.kms.katalon.core.main.TestCaseMain.runTestCase(TestCaseMain.java:144)
	at com.kms.katalon.core.keyword.builtin.CallTestCaseKeyword$_callTestCase_closure1.doCall(CallTestCaseKeyword.groovy:59)
	... 116 more
Caused by: com.kms.katalon.core.exception.StepFailedException: Unable to get text of object 'Object Repository/verifikasi/Harga Keranjang'
	at com.kms.katalon.core.webui.keyword.internal.WebUIKeywordMain.stepFailed(WebUIKeywordMain.groovy:64)
	at com.kms.katalon.core.webui.keyword.internal.WebUIKeywordMain.runKeyword(WebUIKeywordMain.groovy:26)
	at com.kms.katalon.core.webui.keyword.builtin.GetTextKeyword.getText(GetTextKeyword.groovy:88)
	at com.kms.katalon.core.webui.keyword.builtin.GetTextKeyword.execute(GetTextKeyword.groovy:67)
	at com.kms.katalon.core.keyword.internal.KeywordExecutor.executeKeywordForPlatform(KeywordExecutor.groovy:74)
	at com.kms.katalon.core.webui.keyword.WebUiBuiltInKeywords.getText(WebUiBuiltInKeywords.groovy:918)
	at com.kms.katalon.core.webui.keyword.WebUiBuiltInKeywords$getText$5.call(Unknown Source)
	at PBL-002.run(PBL-002:31)
	at com.kms.katalon.core.main.ScriptEngine.run(ScriptEngine.java:194)
	at com.kms.katalon.core.main.ScriptEngine.runScriptAsRawText(ScriptEngine.java:119)
	at com.kms.katalon.core.main.TestCaseExecutor.runScript(TestCaseExecutor.java:448)
	at com.kms.katalon.core.main.TestCaseExecutor.doExecute(TestCaseExecutor.java:439)
	at com.kms.katalon.core.main.TestCaseExecutor.processExecutionPhase(TestCaseExecutor.java:418)
	at com.kms.katalon.core.main.TestCaseExecutor.accessMainPhase(TestCaseExecutor.java:410)
	at com.kms.katalon.core.main.TestCaseExecutor.execute(TestCaseExecutor.java:285)
	at com.kms.katalon.core.main.TestCaseMain.runTestCase(TestCaseMain.java:144)
	at com.kms.katalon.core.keyword.builtin.CallTestCaseKeyword$_callTestCase_closure1.doCall(CallTestCaseKeyword.groovy:59)
	... 132 more
Caused by: com.kms.katalon.core.webui.exception.WebElementNotFoundException: Web element with id: 'Object Repository/verifikasi/Harga Keranjang' located by '(.//*[normalize-space(text()) and normalize-space(.)='Qty.'])[4]/following::b[1]' not found
	at com.kms.katalon.core.webui.common.WebUiCommonHelper.findWebElement(WebUiCommonHelper.java:1381)
	at com.kms.katalon.core.webui.keyword.internal.WebUIAbstractKeyword.findWebElement(WebUIAbstractKeyword.groovy:27)
	at com.kms.katalon.core.webui.keyword.internal.WebUIAbstractKeyword.findWebElement(WebUIAbstractKeyword.groovy:26)
	at com.kms.katalon.core.webui.keyword.builtin.GetTextKeyword$_getText_closure1.doCall(GetTextKeyword.groovy:78)
	at com.kms.katalon.core.webui.keyword.builtin.GetTextKeyword$_getText_closure1.call(GetTextKeyword.groovy)
	at com.kms.katalon.core.webui.keyword.internal.WebUIKeywordMain.runKeyword(WebUIKeywordMain.groovy:20)
	... 147 more


2023-10-04 19:58:11 - [TEST_STEP][FAILED] - data = callTestCase(findTestCase("T13 Pembelian, Shipment dan Pembayaran/SA-002"), [:], STOP_ON_FAILURE): Unable to call Test Case 'Test Cases/T13 Pembelian, Shipment dan Pembayaran/SA-002' (Root cause: com.kms.katalon.core.exception.StepFailedException: Call Test Case 'Test Cases/T13 Pembelian, Shipment dan Pembayaran/SA-002' failed
	at com.kms.katalon.core.keyword.builtin.CallTestCaseKeyword$_callTestCase_closure1.doCall(CallTestCaseKeyword.groovy:63)
	at com.kms.katalon.core.keyword.builtin.CallTestCaseKeyword$_callTestCase_closure1.call(CallTestCaseKeyword.groovy)
	at com.kms.katalon.core.keyword.internal.KeywordMain.runKeyword(KeywordMain.groovy:75)
	at com.kms.katalon.core.keyword.builtin.CallTestCaseKeyword.callTestCase(CallTestCaseKeyword.groovy:81)
	at com.kms.katalon.core.keyword.builtin.CallTestCaseKeyword.execute(CallTestCaseKeyword.groovy:44)
	at com.kms.katalon.core.keyword.internal.KeywordExecutor.executeKeywordForPlatform(KeywordExecutor.groovy:74)
	at com.kms.katalon.core.keyword.BuiltinKeywords.callTestCase(BuiltinKeywords.groovy:310)
	at SA-005.run(SA-005:20)
	at com.kms.katalon.core.main.ScriptEngine.run(ScriptEngine.java:194)
	at com.kms.katalon.core.main.ScriptEngine.runScriptAsRawText(ScriptEngine.java:119)
	at com.kms.katalon.core.main.TestCaseExecutor.runScript(TestCaseExecutor.java:448)
	at com.kms.katalon.core.main.TestCaseExecutor.doExecute(TestCaseExecutor.java:439)
	at com.kms.katalon.core.main.TestCaseExecutor.processExecutionPhase(TestCaseExecutor.java:418)
	at com.kms.katalon.core.main.TestCaseExecutor.accessMainPhase(TestCaseExecutor.java:410)
	at com.kms.katalon.core.main.TestCaseExecutor.execute(TestCaseExecutor.java:285)
	at com.kms.katalon.core.main.TestCaseMain.runTestCase(TestCaseMain.java:144)
	at com.kms.katalon.core.keyword.builtin.CallTestCaseKeyword$_callTestCase_closure1.doCall(CallTestCaseKeyword.groovy:59)
	at com.kms.katalon.core.keyword.builtin.CallTestCaseKeyword$_callTestCase_closure1.call(CallTestCaseKeyword.groovy)
	at com.kms.katalon.core.keyword.internal.KeywordMain.runKeyword(KeywordMain.groovy:75)
	at com.kms.katalon.core.keyword.builtin.CallTestCaseKeyword.callTestCase(CallTestCaseKeyword.groovy:81)
	at com.kms.katalon.core.keyword.builtin.CallTestCaseKeyword.execute(CallTestCaseKeyword.groovy:44)
	at com.kms.katalon.core.keyword.internal.KeywordExecutor.executeKeywordForPlatform(KeywordExecutor.groovy:74)
	at com.kms.katalon.core.keyword.BuiltinKeywords.callTestCase(BuiltinKeywords.groovy:310)
	at SU-012.run(SU-012:20)
	at com.kms.katalon.core.main.ScriptEngine.run(ScriptEngine.java:194)
	at com.kms.katalon.core.main.ScriptEngine.runScriptAsRawText(ScriptEngine.java:119)
	at com.kms.katalon.core.main.TestCaseExecutor.runScript(TestCaseExecutor.java:448)
	at com.kms.katalon.core.main.TestCaseExecutor.doExecute(TestCaseExecutor.java:439)
	at com.kms.katalon.core.main.TestCaseExecutor.processExecutionPhase(TestCaseExecutor.java:418)
	at com.kms.katalon.core.main.TestCaseExecutor.accessMainPhase(TestCaseExecutor.java:410)
	at com.kms.katalon.core.main.TestCaseExecutor.execute(TestCaseExecutor.java:285)
	at com.kms.katalon.core.common.CommonExecutor.accessTestCaseMainPhase(CommonExecutor.java:65)
	at com.kms.katalon.core.main.TestSuiteExecutor.accessTestSuiteMainPhase(TestSuiteExecutor.java:148)
	at com.kms.katalon.core.main.TestSuiteExecutor.execute(TestSuiteExecutor.java:106)
	at com.kms.katalon.core.main.TestCaseMain.startTestSuite(TestCaseMain.java:187)
	at com.kms.katalon.core.main.TestCaseMain$startTestSuite$0.call(Unknown Source)
	at TempTestSuite1696420804604.run(TempTestSuite1696420804604.groovy:36)
Caused by: com.kms.katalon.core.exception.StepFailedException: Call Test Case 'Test Cases/T13 Pembelian, Shipment dan Pembayaran/SA-001' failed
	at com.kms.katalon.core.keyword.builtin.CallTestCaseKeyword$_callTestCase_closure1.doCall(CallTestCaseKeyword.groovy:63)
	at com.kms.katalon.core.keyword.builtin.CallTestCaseKeyword$_callTestCase_closure1.call(CallTestCaseKeyword.groovy)
	at com.kms.katalon.core.keyword.internal.KeywordMain.runKeyword(KeywordMain.groovy:75)
	at com.kms.katalon.core.keyword.builtin.CallTestCaseKeyword.callTestCase(CallTestCaseKeyword.groovy:81)
	at com.kms.katalon.core.keyword.builtin.CallTestCaseKeyword.execute(CallTestCaseKeyword.groovy:44)
	at com.kms.katalon.core.keyword.internal.KeywordExecutor.executeKeywordForPlatform(KeywordExecutor.groovy:74)
	at com.kms.katalon.core.keyword.BuiltinKeywords.callTestCase(BuiltinKeywords.groovy:310)
	at SA-002.run(SA-002:20)
	at com.kms.katalon.core.main.ScriptEngine.run(ScriptEngine.java:194)
	at com.kms.katalon.core.main.ScriptEngine.runScriptAsRawText(ScriptEngine.java:119)
	at com.kms.katalon.core.main.TestCaseExecutor.runScript(TestCaseExecutor.java:448)
	at com.kms.katalon.core.main.TestCaseExecutor.doExecute(TestCaseExecutor.java:439)
	at com.kms.katalon.core.main.TestCaseExecutor.processExecutionPhase(TestCaseExecutor.java:418)
	at com.kms.katalon.core.main.TestCaseExecutor.accessMainPhase(TestCaseExecutor.java:410)
	at com.kms.katalon.core.main.TestCaseExecutor.execute(TestCaseExecutor.java:285)
	at com.kms.katalon.core.main.TestCaseMain.runTestCase(TestCaseMain.java:144)
	at com.kms.katalon.core.keyword.builtin.CallTestCaseKeyword$_callTestCase_closure1.doCall(CallTestCaseKeyword.groovy:59)
	... 36 more
Caused by: com.kms.katalon.core.exception.StepFailedException: Call Test Case 'Test Cases/T13 Pembelian, Shipment dan Pembayaran/PBYA-001' failed
	at com.kms.katalon.core.keyword.builtin.CallTestCaseKeyword$_callTestCase_closure1.doCall(CallTestCaseKeyword.groovy:63)
	at com.kms.katalon.core.keyword.builtin.CallTestCaseKeyword$_callTestCase_closure1.call(CallTestCaseKeyword.groovy)
	at com.kms.katalon.core.keyword.internal.KeywordMain.runKeyword(KeywordMain.groovy:75)
	at com.kms.katalon.core.keyword.builtin.CallTestCaseKeyword.callTestCase(CallTestCaseKeyword.groovy:81)
	at com.kms.katalon.core.keyword.builtin.CallTestCaseKeyword.execute(CallTestCaseKeyword.groovy:44)
	at com.kms.katalon.core.keyword.internal.KeywordExecutor.executeKeywordForPlatform(KeywordExecutor.groovy:74)
	at com.kms.katalon.core.keyword.BuiltinKeywords.callTestCase(BuiltinKeywords.groovy:310)
	at SA-001.run(SA-001:20)
	at com.kms.katalon.core.main.ScriptEngine.run(ScriptEngine.java:194)
	at com.kms.katalon.core.main.ScriptEngine.runScriptAsRawText(ScriptEngine.java:119)
	at com.kms.katalon.core.main.TestCaseExecutor.runScript(TestCaseExecutor.java:448)
	at com.kms.katalon.core.main.TestCaseExecutor.doExecute(TestCaseExecutor.java:439)
	at com.kms.katalon.core.main.TestCaseExecutor.processExecutionPhase(TestCaseExecutor.java:418)
	at com.kms.katalon.core.main.TestCaseExecutor.accessMainPhase(TestCaseExecutor.java:410)
	at com.kms.katalon.core.main.TestCaseExecutor.execute(TestCaseExecutor.java:285)
	at com.kms.katalon.core.main.TestCaseMain.runTestCase(TestCaseMain.java:144)
	at com.kms.katalon.core.keyword.builtin.CallTestCaseKeyword$_callTestCase_closure1.doCall(CallTestCaseKeyword.groovy:59)
	... 52 more
Caused by: com.kms.katalon.core.exception.StepFailedException: Call Test Case 'Test Cases/T13 Pembelian, Shipment dan Pembayaran/PBY-004' failed
	at com.kms.katalon.core.keyword.builtin.CallTestCaseKeyword$_callTestCase_closure1.doCall(CallTestCaseKeyword.groovy:63)
	at com.kms.katalon.core.keyword.builtin.CallTestCaseKeyword$_callTestCase_closure1.call(CallTestCaseKeyword.groovy)
	at com.kms.katalon.core.keyword.internal.KeywordMain.runKeyword(KeywordMain.groovy:75)
	at com.kms.katalon.core.keyword.builtin.CallTestCaseKeyword.callTestCase(CallTestCaseKeyword.groovy:81)
	at com.kms.katalon.core.keyword.builtin.CallTestCaseKeyword.execute(CallTestCaseKeyword.groovy:44)
	at com.kms.katalon.core.keyword.internal.KeywordExecutor.executeKeywordForPlatform(KeywordExecutor.groovy:74)
	at com.kms.katalon.core.keyword.BuiltinKeywords.callTestCase(BuiltinKeywords.groovy:310)
	at PBYA-001.run(PBYA-001:20)
	at com.kms.katalon.core.main.ScriptEngine.run(ScriptEngine.java:194)
	at com.kms.katalon.core.main.ScriptEngine.runScriptAsRawText(ScriptEngine.java:119)
	at com.kms.katalon.core.main.TestCaseExecutor.runScript(TestCaseExecutor.java:448)
	at com.kms.katalon.core.main.TestCaseExecutor.doExecute(TestCaseExecutor.java:439)
	at com.kms.katalon.core.main.TestCaseExecutor.processExecutionPhase(TestCaseExecutor.java:418)
	at com.kms.katalon.core.main.TestCaseExecutor.accessMainPhase(TestCaseExecutor.java:410)
	at com.kms.katalon.core.main.TestCaseExecutor.execute(TestCaseExecutor.java:285)
	at com.kms.katalon.core.main.TestCaseMain.runTestCase(TestCaseMain.java:144)
	at com.kms.katalon.core.keyword.builtin.CallTestCaseKeyword$_callTestCase_closure1.doCall(CallTestCaseKeyword.groovy:59)
	... 68 more
Caused by: com.kms.katalon.core.exception.StepFailedException: Call Test Case 'Test Cases/T13 Pembelian, Shipment dan Pembayaran/PBY-001' failed
	at com.kms.katalon.core.keyword.builtin.CallTestCaseKeyword$_callTestCase_closure1.doCall(CallTestCaseKeyword.groovy:63)
	at com.kms.katalon.core.keyword.builtin.CallTestCaseKeyword$_callTestCase_closure1.call(CallTestCaseKeyword.groovy)
	at com.kms.katalon.core.keyword.internal.KeywordMain.runKeyword(KeywordMain.groovy:75)
	at com.kms.katalon.core.keyword.builtin.CallTestCaseKeyword.callTestCase(CallTestCaseKeyword.groovy:81)
	at com.kms.katalon.core.keyword.builtin.CallTestCaseKeyword.execute(CallTestCaseKeyword.groovy:44)
	at com.kms.katalon.core.keyword.internal.KeywordExecutor.executeKeywordForPlatform(KeywordExecutor.groovy:74)
	at com.kms.katalon.core.keyword.BuiltinKeywords.callTestCase(BuiltinKeywords.groovy:310)
	at PBY-004.run(PBY-004:20)
	at com.kms.katalon.core.main.ScriptEngine.run(ScriptEngine.java:194)
	at com.kms.katalon.core.main.ScriptEngine.runScriptAsRawText(ScriptEngine.java:119)
	at com.kms.katalon.core.main.TestCaseExecutor.runScript(TestCaseExecutor.java:448)
	at com.kms.katalon.core.main.TestCaseExecutor.doExecute(TestCaseExecutor.java:439)
	at com.kms.katalon.core.main.TestCaseExecutor.processExecutionPhase(TestCaseExecutor.java:418)
	at com.kms.katalon.core.main.TestCaseExecutor.accessMainPhase(TestCaseExecutor.java:410)
	at com.kms.katalon.core.main.TestCaseExecutor.execute(TestCaseExecutor.java:285)
	at com.kms.katalon.core.main.TestCaseMain.runTestCase(TestCaseMain.java:144)
	at com.kms.katalon.core.keyword.builtin.CallTestCaseKeyword$_callTestCase_closure1.doCall(CallTestCaseKeyword.groovy:59)
	... 84 more
Caused by: com.kms.katalon.core.exception.StepFailedException: Call Test Case 'Test Cases/T13 Pembelian, Shipment dan Pembayaran/PBL-004' failed
	at com.kms.katalon.core.keyword.builtin.CallTestCaseKeyword$_callTestCase_closure1.doCall(CallTestCaseKeyword.groovy:63)
	at com.kms.katalon.core.keyword.builtin.CallTestCaseKeyword$_callTestCase_closure1.call(CallTestCaseKeyword.groovy)
	at com.kms.katalon.core.keyword.internal.KeywordMain.runKeyword(KeywordMain.groovy:75)
	at com.kms.katalon.core.keyword.builtin.CallTestCaseKeyword.callTestCase(CallTestCaseKeyword.groovy:81)
	at com.kms.katalon.core.keyword.builtin.CallTestCaseKeyword.execute(CallTestCaseKeyword.groovy:44)
	at com.kms.katalon.core.keyword.internal.KeywordExecutor.executeKeywordForPlatform(KeywordExecutor.groovy:74)
	at com.kms.katalon.core.keyword.BuiltinKeywords.callTestCase(BuiltinKeywords.groovy:310)
	at PBY-001.run(PBY-001:20)
	at com.kms.katalon.core.main.ScriptEngine.run(ScriptEngine.java:194)
	at com.kms.katalon.core.main.ScriptEngine.runScriptAsRawText(ScriptEngine.java:119)
	at com.kms.katalon.core.main.TestCaseExecutor.runScript(TestCaseExecutor.java:448)
	at com.kms.katalon.core.main.TestCaseExecutor.doExecute(TestCaseExecutor.java:439)
	at com.kms.katalon.core.main.TestCaseExecutor.processExecutionPhase(TestCaseExecutor.java:418)
	at com.kms.katalon.core.main.TestCaseExecutor.accessMainPhase(TestCaseExecutor.java:410)
	at com.kms.katalon.core.main.TestCaseExecutor.execute(TestCaseExecutor.java:285)
	at com.kms.katalon.core.main.TestCaseMain.runTestCase(TestCaseMain.java:144)
	at com.kms.katalon.core.keyword.builtin.CallTestCaseKeyword$_callTestCase_closure1.doCall(CallTestCaseKeyword.groovy:59)
	... 100 more
Caused by: com.kms.katalon.core.exception.StepFailedException: Call Test Case 'Test Cases/T13 Pembelian, Shipment dan Pembayaran/PBL-002' failed
	at com.kms.katalon.core.keyword.builtin.CallTestCaseKeyword$_callTestCase_closure1.doCall(CallTestCaseKeyword.groovy:63)
	at com.kms.katalon.core.keyword.builtin.CallTestCaseKeyword$_callTestCase_closure1.call(CallTestCaseKeyword.groovy)
	at com.kms.katalon.core.keyword.internal.KeywordMain.runKeyword(KeywordMain.groovy:75)
	at com.kms.katalon.core.keyword.builtin.CallTestCaseKeyword.callTestCase(CallTestCaseKeyword.groovy:81)
	at com.kms.katalon.core.keyword.builtin.CallTestCaseKeyword.execute(CallTestCaseKeyword.groovy:44)
	at com.kms.katalon.core.keyword.internal.KeywordExecutor.executeKeywordForPlatform(KeywordExecutor.groovy:74)
	at com.kms.katalon.core.keyword.BuiltinKeywords.callTestCase(BuiltinKeywords.groovy:310)
	at PBL-004.run(PBL-004:20)
	at com.kms.katalon.core.main.ScriptEngine.run(ScriptEngine.java:194)
	at com.kms.katalon.core.main.ScriptEngine.runScriptAsRawText(ScriptEngine.java:119)
	at com.kms.katalon.core.main.TestCaseExecutor.runScript(TestCaseExecutor.java:448)
	at com.kms.katalon.core.main.TestCaseExecutor.doExecute(TestCaseExecutor.java:439)
	at com.kms.katalon.core.main.TestCaseExecutor.processExecutionPhase(TestCaseExecutor.java:418)
	at com.kms.katalon.core.main.TestCaseExecutor.accessMainPhase(TestCaseExecutor.java:410)
	at com.kms.katalon.core.main.TestCaseExecutor.execute(TestCaseExecutor.java:285)
	at com.kms.katalon.core.main.TestCaseMain.runTestCase(TestCaseMain.java:144)
	at com.kms.katalon.core.keyword.builtin.CallTestCaseKeyword$_callTestCase_closure1.doCall(CallTestCaseKeyword.groovy:59)
	... 116 more
Caused by: com.kms.katalon.core.exception.StepFailedException: Unable to get text of object 'Object Repository/verifikasi/Harga Keranjang'
	at com.kms.katalon.core.webui.keyword.internal.WebUIKeywordMain.stepFailed(WebUIKeywordMain.groovy:64)
	at com.kms.katalon.core.webui.keyword.internal.WebUIKeywordMain.runKeyword(WebUIKeywordMain.groovy:26)
	at com.kms.katalon.core.webui.keyword.builtin.GetTextKeyword.getText(GetTextKeyword.groovy:88)
	at com.kms.katalon.core.webui.keyword.builtin.GetTextKeyword.execute(GetTextKeyword.groovy:67)
	at com.kms.katalon.core.keyword.internal.KeywordExecutor.executeKeywordForPlatform(KeywordExecutor.groovy:74)
	at com.kms.katalon.core.webui.keyword.WebUiBuiltInKeywords.getText(WebUiBuiltInKeywords.groovy:918)
	at com.kms.katalon.core.webui.keyword.WebUiBuiltInKeywords$getText$5.call(Unknown Source)
	at PBL-002.run(PBL-002:31)
	at com.kms.katalon.core.main.ScriptEngine.run(ScriptEngine.java:194)
	at com.kms.katalon.core.main.ScriptEngine.runScriptAsRawText(ScriptEngine.java:119)
	at com.kms.katalon.core.main.TestCaseExecutor.runScript(TestCaseExecutor.java:448)
	at com.kms.katalon.core.main.TestCaseExecutor.doExecute(TestCaseExecutor.java:439)
	at com.kms.katalon.core.main.TestCaseExecutor.processExecutionPhase(TestCaseExecutor.java:418)
	at com.kms.katalon.core.main.TestCaseExecutor.accessMainPhase(TestCaseExecutor.java:410)
	at com.kms.katalon.core.main.TestCaseExecutor.execute(TestCaseExecutor.java:285)
	at com.kms.katalon.core.main.TestCaseMain.runTestCase(TestCaseMain.java:144)
	at com.kms.katalon.core.keyword.builtin.CallTestCaseKeyword$_callTestCase_closure1.doCall(CallTestCaseKeyword.groovy:59)
	... 132 more
Caused by: com.kms.katalon.core.webui.exception.WebElementNotFoundException: Web element with id: 'Object Repository/verifikasi/Harga Keranjang' located by '(.//*[normalize-space(text()) and normalize-space(.)='Qty.'])[4]/following::b[1]' not found
	at com.kms.katalon.core.webui.common.WebUiCommonHelper.findWebElement(WebUiCommonHelper.java:1381)
	at com.kms.katalon.core.webui.keyword.internal.WebUIAbstractKeyword.findWebElement(WebUIAbstractKeyword.groovy:27)
	at com.kms.katalon.core.webui.keyword.internal.WebUIAbstractKeyword.findWebElement(WebUIAbstractKeyword.groovy:26)
	at com.kms.katalon.core.webui.keyword.builtin.GetTextKeyword$_getText_closure1.doCall(GetTextKeyword.groovy:78)
	at com.kms.katalon.core.webui.keyword.builtin.GetTextKeyword$_getText_closure1.call(GetTextKeyword.groovy)
	at com.kms.katalon.core.webui.keyword.internal.WebUIKeywordMain.runKeyword(WebUIKeywordMain.groovy:20)
	... 147 more
)

2023-10-04 19:58:11 - [TEST_CASE][FAILED] - Test Cases/T13 Pembelian, Shipment dan Pembayaran/SA-002: Test Cases/T13 Pembelian, Shipment dan Pembayaran/SA-002 FAILED.
Reason:
com.kms.katalon.core.exception.StepFailedException: Call Test Case 'Test Cases/T13 Pembelian, Shipment dan Pembayaran/SA-001' failed
	at com.kms.katalon.core.keyword.builtin.CallTestCaseKeyword$_callTestCase_closure1.doCall(CallTestCaseKeyword.groovy:63)
	at com.kms.katalon.core.keyword.builtin.CallTestCaseKeyword$_callTestCase_closure1.call(CallTestCaseKeyword.groovy)
	at com.kms.katalon.core.keyword.internal.KeywordMain.runKeyword(KeywordMain.groovy:75)
	at com.kms.katalon.core.keyword.builtin.CallTestCaseKeyword.callTestCase(CallTestCaseKeyword.groovy:81)
	at com.kms.katalon.core.keyword.builtin.CallTestCaseKeyword.execute(CallTestCaseKeyword.groovy:44)
	at com.kms.katalon.core.keyword.internal.KeywordExecutor.executeKeywordForPlatform(KeywordExecutor.groovy:74)
	at com.kms.katalon.core.keyword.BuiltinKeywords.callTestCase(BuiltinKeywords.groovy:310)
	at SA-002.run(SA-002:20)
	at com.kms.katalon.core.main.ScriptEngine.run(ScriptEngine.java:194)
	at com.kms.katalon.core.main.ScriptEngine.runScriptAsRawText(ScriptEngine.java:119)
	at com.kms.katalon.core.main.TestCaseExecutor.runScript(TestCaseExecutor.java:448)
	at com.kms.katalon.core.main.TestCaseExecutor.doExecute(TestCaseExecutor.java:439)
	at com.kms.katalon.core.main.TestCaseExecutor.processExecutionPhase(TestCaseExecutor.java:418)
	at com.kms.katalon.core.main.TestCaseExecutor.accessMainPhase(TestCaseExecutor.java:410)
	at com.kms.katalon.core.main.TestCaseExecutor.execute(TestCaseExecutor.java:285)
	at com.kms.katalon.core.main.TestCaseMain.runTestCase(TestCaseMain.java:144)
	at com.kms.katalon.core.keyword.builtin.CallTestCaseKeyword$_callTestCase_closure1.doCall(CallTestCaseKeyword.groovy:59)
	at com.kms.katalon.core.keyword.builtin.CallTestCaseKeyword$_callTestCase_closure1.call(CallTestCaseKeyword.groovy)
	at com.kms.katalon.core.keyword.internal.KeywordMain.runKeyword(KeywordMain.groovy:75)
	at com.kms.katalon.core.keyword.builtin.CallTestCaseKeyword.callTestCase(CallTestCaseKeyword.groovy:81)
	at com.kms.katalon.core.keyword.builtin.CallTestCaseKeyword.execute(CallTestCaseKeyword.groovy:44)
	at com.kms.katalon.core.keyword.internal.KeywordExecutor.executeKeywordForPlatform(KeywordExecutor.groovy:74)
	at com.kms.katalon.core.keyword.BuiltinKeywords.callTestCase(BuiltinKeywords.groovy:310)
	at SA-005.run(SA-005:20)
	at com.kms.katalon.core.main.ScriptEngine.run(ScriptEngine.java:194)
	at com.kms.katalon.core.main.ScriptEngine.runScriptAsRawText(ScriptEngine.java:119)
	at com.kms.katalon.core.main.TestCaseExecutor.runScript(TestCaseExecutor.java:448)
	at com.kms.katalon.core.main.TestCaseExecutor.doExecute(TestCaseExecutor.java:439)
	at com.kms.katalon.core.main.TestCaseExecutor.processExecutionPhase(TestCaseExecutor.java:418)
	at com.kms.katalon.core.main.TestCaseExecutor.accessMainPhase(TestCaseExecutor.java:410)
	at com.kms.katalon.core.main.TestCaseExecutor.execute(TestCaseExecutor.java:285)
	at com.kms.katalon.core.main.TestCaseMain.runTestCase(TestCaseMain.java:144)
	at com.kms.katalon.core.keyword.builtin.CallTestCaseKeyword$_callTestCase_closure1.doCall(CallTestCaseKeyword.groovy:59)
	at com.kms.katalon.core.keyword.builtin.CallTestCaseKeyword$_callTestCase_closure1.call(CallTestCaseKeyword.groovy)
	at com.kms.katalon.core.keyword.internal.KeywordMain.runKeyword(KeywordMain.groovy:75)
	at com.kms.katalon.core.keyword.builtin.CallTestCaseKeyword.callTestCase(CallTestCaseKeyword.groovy:81)
	at com.kms.katalon.core.keyword.builtin.CallTestCaseKeyword.execute(CallTestCaseKeyword.groovy:44)
	at com.kms.katalon.core.keyword.internal.KeywordExecutor.executeKeywordForPlatform(KeywordExecutor.groovy:74)
	at com.kms.katalon.core.keyword.BuiltinKeywords.callTestCase(BuiltinKeywords.groovy:310)
	at SU-012.run(SU-012:20)
	at com.kms.katalon.core.main.ScriptEngine.run(ScriptEngine.java:194)
	at com.kms.katalon.core.main.ScriptEngine.runScriptAsRawText(ScriptEngine.java:119)
	at com.kms.katalon.core.main.TestCaseExecutor.runScript(TestCaseExecutor.java:448)
	at com.kms.katalon.core.main.TestCaseExecutor.doExecute(TestCaseExecutor.java:439)
	at com.kms.katalon.core.main.TestCaseExecutor.processExecutionPhase(TestCaseExecutor.java:418)
	at com.kms.katalon.core.main.TestCaseExecutor.accessMainPhase(TestCaseExecutor.java:410)
	at com.kms.katalon.core.main.TestCaseExecutor.execute(TestCaseExecutor.java:285)
	at com.kms.katalon.core.common.CommonExecutor.accessTestCaseMainPhase(CommonExecutor.java:65)
	at com.kms.katalon.core.main.TestSuiteExecutor.accessTestSuiteMainPhase(TestSuiteExecutor.java:148)
	at com.kms.katalon.core.main.TestSuiteExecutor.execute(TestSuiteExecutor.java:106)
	at com.kms.katalon.core.main.TestCaseMain.startTestSuite(TestCaseMain.java:187)
	at com.kms.katalon.core.main.TestCaseMain$startTestSuite$0.call(Unknown Source)
	at TempTestSuite1696420804604.run(TempTestSuite1696420804604.groovy:36)
Caused by: com.kms.katalon.core.exception.StepFailedException: Call Test Case 'Test Cases/T13 Pembelian, Shipment dan Pembayaran/PBYA-001' failed
	at com.kms.katalon.core.keyword.builtin.CallTestCaseKeyword$_callTestCase_closure1.doCall(CallTestCaseKeyword.groovy:63)
	at com.kms.katalon.core.keyword.builtin.CallTestCaseKeyword$_callTestCase_closure1.call(CallTestCaseKeyword.groovy)
	at com.kms.katalon.core.keyword.internal.KeywordMain.runKeyword(KeywordMain.groovy:75)
	at com.kms.katalon.core.keyword.builtin.CallTestCaseKeyword.callTestCase(CallTestCaseKeyword.groovy:81)
	at com.kms.katalon.core.keyword.builtin.CallTestCaseKeyword.execute(CallTestCaseKeyword.groovy:44)
	at com.kms.katalon.core.keyword.internal.KeywordExecutor.executeKeywordForPlatform(KeywordExecutor.groovy:74)
	at com.kms.katalon.core.keyword.BuiltinKeywords.callTestCase(BuiltinKeywords.groovy:310)
	at SA-001.run(SA-001:20)
	at com.kms.katalon.core.main.ScriptEngine.run(ScriptEngine.java:194)
	at com.kms.katalon.core.main.ScriptEngine.runScriptAsRawText(ScriptEngine.java:119)
	at com.kms.katalon.core.main.TestCaseExecutor.runScript(TestCaseExecutor.java:448)
	at com.kms.katalon.core.main.TestCaseExecutor.doExecute(TestCaseExecutor.java:439)
	at com.kms.katalon.core.main.TestCaseExecutor.processExecutionPhase(TestCaseExecutor.java:418)
	at com.kms.katalon.core.main.TestCaseExecutor.accessMainPhase(TestCaseExecutor.java:410)
	at com.kms.katalon.core.main.TestCaseExecutor.execute(TestCaseExecutor.java:285)
	at com.kms.katalon.core.main.TestCaseMain.runTestCase(TestCaseMain.java:144)
	at com.kms.katalon.core.keyword.builtin.CallTestCaseKeyword$_callTestCase_closure1.doCall(CallTestCaseKeyword.groovy:59)
	... 52 more
Caused by: com.kms.katalon.core.exception.StepFailedException: Call Test Case 'Test Cases/T13 Pembelian, Shipment dan Pembayaran/PBY-004' failed
	at com.kms.katalon.core.keyword.builtin.CallTestCaseKeyword$_callTestCase_closure1.doCall(CallTestCaseKeyword.groovy:63)
	at com.kms.katalon.core.keyword.builtin.CallTestCaseKeyword$_callTestCase_closure1.call(CallTestCaseKeyword.groovy)
	at com.kms.katalon.core.keyword.internal.KeywordMain.runKeyword(KeywordMain.groovy:75)
	at com.kms.katalon.core.keyword.builtin.CallTestCaseKeyword.callTestCase(CallTestCaseKeyword.groovy:81)
	at com.kms.katalon.core.keyword.builtin.CallTestCaseKeyword.execute(CallTestCaseKeyword.groovy:44)
	at com.kms.katalon.core.keyword.internal.KeywordExecutor.executeKeywordForPlatform(KeywordExecutor.groovy:74)
	at com.kms.katalon.core.keyword.BuiltinKeywords.callTestCase(BuiltinKeywords.groovy:310)
	at PBYA-001.run(PBYA-001:20)
	at com.kms.katalon.core.main.ScriptEngine.run(ScriptEngine.java:194)
	at com.kms.katalon.core.main.ScriptEngine.runScriptAsRawText(ScriptEngine.java:119)
	at com.kms.katalon.core.main.TestCaseExecutor.runScript(TestCaseExecutor.java:448)
	at com.kms.katalon.core.main.TestCaseExecutor.doExecute(TestCaseExecutor.java:439)
	at com.kms.katalon.core.main.TestCaseExecutor.processExecutionPhase(TestCaseExecutor.java:418)
	at com.kms.katalon.core.main.TestCaseExecutor.accessMainPhase(TestCaseExecutor.java:410)
	at com.kms.katalon.core.main.TestCaseExecutor.execute(TestCaseExecutor.java:285)
	at com.kms.katalon.core.main.TestCaseMain.runTestCase(TestCaseMain.java:144)
	at com.kms.katalon.core.keyword.builtin.CallTestCaseKeyword$_callTestCase_closure1.doCall(CallTestCaseKeyword.groovy:59)
	... 68 more
Caused by: com.kms.katalon.core.exception.StepFailedException: Call Test Case 'Test Cases/T13 Pembelian, Shipment dan Pembayaran/PBY-001' failed
	at com.kms.katalon.core.keyword.builtin.CallTestCaseKeyword$_callTestCase_closure1.doCall(CallTestCaseKeyword.groovy:63)
	at com.kms.katalon.core.keyword.builtin.CallTestCaseKeyword$_callTestCase_closure1.call(CallTestCaseKeyword.groovy)
	at com.kms.katalon.core.keyword.internal.KeywordMain.runKeyword(KeywordMain.groovy:75)
	at com.kms.katalon.core.keyword.builtin.CallTestCaseKeyword.callTestCase(CallTestCaseKeyword.groovy:81)
	at com.kms.katalon.core.keyword.builtin.CallTestCaseKeyword.execute(CallTestCaseKeyword.groovy:44)
	at com.kms.katalon.core.keyword.internal.KeywordExecutor.executeKeywordForPlatform(KeywordExecutor.groovy:74)
	at com.kms.katalon.core.keyword.BuiltinKeywords.callTestCase(BuiltinKeywords.groovy:310)
	at PBY-004.run(PBY-004:20)
	at com.kms.katalon.core.main.ScriptEngine.run(ScriptEngine.java:194)
	at com.kms.katalon.core.main.ScriptEngine.runScriptAsRawText(ScriptEngine.java:119)
	at com.kms.katalon.core.main.TestCaseExecutor.runScript(TestCaseExecutor.java:448)
	at com.kms.katalon.core.main.TestCaseExecutor.doExecute(TestCaseExecutor.java:439)
	at com.kms.katalon.core.main.TestCaseExecutor.processExecutionPhase(TestCaseExecutor.java:418)
	at com.kms.katalon.core.main.TestCaseExecutor.accessMainPhase(TestCaseExecutor.java:410)
	at com.kms.katalon.core.main.TestCaseExecutor.execute(TestCaseExecutor.java:285)
	at com.kms.katalon.core.main.TestCaseMain.runTestCase(TestCaseMain.java:144)
	at com.kms.katalon.core.keyword.builtin.CallTestCaseKeyword$_callTestCase_closure1.doCall(CallTestCaseKeyword.groovy:59)
	... 84 more
Caused by: com.kms.katalon.core.exception.StepFailedException: Call Test Case 'Test Cases/T13 Pembelian, Shipment dan Pembayaran/PBL-004' failed
	at com.kms.katalon.core.keyword.builtin.CallTestCaseKeyword$_callTestCase_closure1.doCall(CallTestCaseKeyword.groovy:63)
	at com.kms.katalon.core.keyword.builtin.CallTestCaseKeyword$_callTestCase_closure1.call(CallTestCaseKeyword.groovy)
	at com.kms.katalon.core.keyword.internal.KeywordMain.runKeyword(KeywordMain.groovy:75)
	at com.kms.katalon.core.keyword.builtin.CallTestCaseKeyword.callTestCase(CallTestCaseKeyword.groovy:81)
	at com.kms.katalon.core.keyword.builtin.CallTestCaseKeyword.execute(CallTestCaseKeyword.groovy:44)
	at com.kms.katalon.core.keyword.internal.KeywordExecutor.executeKeywordForPlatform(KeywordExecutor.groovy:74)
	at com.kms.katalon.core.keyword.BuiltinKeywords.callTestCase(BuiltinKeywords.groovy:310)
	at PBY-001.run(PBY-001:20)
	at com.kms.katalon.core.main.ScriptEngine.run(ScriptEngine.java:194)
	at com.kms.katalon.core.main.ScriptEngine.runScriptAsRawText(ScriptEngine.java:119)
	at com.kms.katalon.core.main.TestCaseExecutor.runScript(TestCaseExecutor.java:448)
	at com.kms.katalon.core.main.TestCaseExecutor.doExecute(TestCaseExecutor.java:439)
	at com.kms.katalon.core.main.TestCaseExecutor.processExecutionPhase(TestCaseExecutor.java:418)
	at com.kms.katalon.core.main.TestCaseExecutor.accessMainPhase(TestCaseExecutor.java:410)
	at com.kms.katalon.core.main.TestCaseExecutor.execute(TestCaseExecutor.java:285)
	at com.kms.katalon.core.main.TestCaseMain.runTestCase(TestCaseMain.java:144)
	at com.kms.katalon.core.keyword.builtin.CallTestCaseKeyword$_callTestCase_closure1.doCall(CallTestCaseKeyword.groovy:59)
	... 100 more
Caused by: com.kms.katalon.core.exception.StepFailedException: Call Test Case 'Test Cases/T13 Pembelian, Shipment dan Pembayaran/PBL-002' failed
	at com.kms.katalon.core.keyword.builtin.CallTestCaseKeyword$_callTestCase_closure1.doCall(CallTestCaseKeyword.groovy:63)
	at com.kms.katalon.core.keyword.builtin.CallTestCaseKeyword$_callTestCase_closure1.call(CallTestCaseKeyword.groovy)
	at com.kms.katalon.core.keyword.internal.KeywordMain.runKeyword(KeywordMain.groovy:75)
	at com.kms.katalon.core.keyword.builtin.CallTestCaseKeyword.callTestCase(CallTestCaseKeyword.groovy:81)
	at com.kms.katalon.core.keyword.builtin.CallTestCaseKeyword.execute(CallTestCaseKeyword.groovy:44)
	at com.kms.katalon.core.keyword.internal.KeywordExecutor.executeKeywordForPlatform(KeywordExecutor.groovy:74)
	at com.kms.katalon.core.keyword.BuiltinKeywords.callTestCase(BuiltinKeywords.groovy:310)
	at PBL-004.run(PBL-004:20)
	at com.kms.katalon.core.main.ScriptEngine.run(ScriptEngine.java:194)
	at com.kms.katalon.core.main.ScriptEngine.runScriptAsRawText(ScriptEngine.java:119)
	at com.kms.katalon.core.main.TestCaseExecutor.runScript(TestCaseExecutor.java:448)
	at com.kms.katalon.core.main.TestCaseExecutor.doExecute(TestCaseExecutor.java:439)
	at com.kms.katalon.core.main.TestCaseExecutor.processExecutionPhase(TestCaseExecutor.java:418)
	at com.kms.katalon.core.main.TestCaseExecutor.accessMainPhase(TestCaseExecutor.java:410)
	at com.kms.katalon.core.main.TestCaseExecutor.execute(TestCaseExecutor.java:285)
	at com.kms.katalon.core.main.TestCaseMain.runTestCase(TestCaseMain.java:144)
	at com.kms.katalon.core.keyword.builtin.CallTestCaseKeyword$_callTestCase_closure1.doCall(CallTestCaseKeyword.groovy:59)
	... 116 more
Caused by: com.kms.katalon.core.exception.StepFailedException: Unable to get text of object 'Object Repository/verifikasi/Harga Keranjang'
	at com.kms.katalon.core.webui.keyword.internal.WebUIKeywordMain.stepFailed(WebUIKeywordMain.groovy:64)
	at com.kms.katalon.core.webui.keyword.internal.WebUIKeywordMain.runKeyword(WebUIKeywordMain.groovy:26)
	at com.kms.katalon.core.webui.keyword.builtin.GetTextKeyword.getText(GetTextKeyword.groovy:88)
	at com.kms.katalon.core.webui.keyword.builtin.GetTextKeyword.execute(GetTextKeyword.groovy:67)
	at com.kms.katalon.core.keyword.internal.KeywordExecutor.executeKeywordForPlatform(KeywordExecutor.groovy:74)
	at com.kms.katalon.core.webui.keyword.WebUiBuiltInKeywords.getText(WebUiBuiltInKeywords.groovy:918)
	at com.kms.katalon.core.webui.keyword.WebUiBuiltInKeywords$getText$5.call(Unknown Source)
	at PBL-002.run(PBL-002:31)
	at com.kms.katalon.core.main.ScriptEngine.run(ScriptEngine.java:194)
	at com.kms.katalon.core.main.ScriptEngine.runScriptAsRawText(ScriptEngine.java:119)
	at com.kms.katalon.core.main.TestCaseExecutor.runScript(TestCaseExecutor.java:448)
	at com.kms.katalon.core.main.TestCaseExecutor.doExecute(TestCaseExecutor.java:439)
	at com.kms.katalon.core.main.TestCaseExecutor.processExecutionPhase(TestCaseExecutor.java:418)
	at com.kms.katalon.core.main.TestCaseExecutor.accessMainPhase(TestCaseExecutor.java:410)
	at com.kms.katalon.core.main.TestCaseExecutor.execute(TestCaseExecutor.java:285)
	at com.kms.katalon.core.main.TestCaseMain.runTestCase(TestCaseMain.java:144)
	at com.kms.katalon.core.keyword.builtin.CallTestCaseKeyword$_callTestCase_closure1.doCall(CallTestCaseKeyword.groovy:59)
	... 132 more
Caused by: com.kms.katalon.core.webui.exception.WebElementNotFoundException: Web element with id: 'Object Repository/verifikasi/Harga Keranjang' located by '(.//*[normalize-space(text()) and normalize-space(.)='Qty.'])[4]/following::b[1]' not found
	at com.kms.katalon.core.webui.common.WebUiCommonHelper.findWebElement(WebUiCommonHelper.java:1381)
	at com.kms.katalon.core.webui.keyword.internal.WebUIAbstractKeyword.findWebElement(WebUIAbstractKeyword.groovy:27)
	at com.kms.katalon.core.webui.keyword.internal.WebUIAbstractKeyword.findWebElement(WebUIAbstractKeyword.groovy:26)
	at com.kms.katalon.core.webui.keyword.builtin.GetTextKeyword$_getText_closure1.doCall(GetTextKeyword.groovy:78)
	at com.kms.katalon.core.webui.keyword.builtin.GetTextKeyword$_getText_closure1.call(GetTextKeyword.groovy)
	at com.kms.katalon.core.webui.keyword.internal.WebUIKeywordMain.runKeyword(WebUIKeywordMain.groovy:20)
	... 147 more


2023-10-04 19:58:11 - [TEST_STEP][FAILED] - data = callTestCase(findTestCase("T13 Pembelian, Shipment dan Pembayaran/SA-001"), [:], STOP_ON_FAILURE): Unable to call Test Case 'Test Cases/T13 Pembelian, Shipment dan Pembayaran/SA-001' (Root cause: com.kms.katalon.core.exception.StepFailedException: Call Test Case 'Test Cases/T13 Pembelian, Shipment dan Pembayaran/SA-001' failed
	at com.kms.katalon.core.keyword.builtin.CallTestCaseKeyword$_callTestCase_closure1.doCall(CallTestCaseKeyword.groovy:63)
	at com.kms.katalon.core.keyword.builtin.CallTestCaseKeyword$_callTestCase_closure1.call(CallTestCaseKeyword.groovy)
	at com.kms.katalon.core.keyword.internal.KeywordMain.runKeyword(KeywordMain.groovy:75)
	at com.kms.katalon.core.keyword.builtin.CallTestCaseKeyword.callTestCase(CallTestCaseKeyword.groovy:81)
	at com.kms.katalon.core.keyword.builtin.CallTestCaseKeyword.execute(CallTestCaseKeyword.groovy:44)
	at com.kms.katalon.core.keyword.internal.KeywordExecutor.executeKeywordForPlatform(KeywordExecutor.groovy:74)
	at com.kms.katalon.core.keyword.BuiltinKeywords.callTestCase(BuiltinKeywords.groovy:310)
	at SA-002.run(SA-002:20)
	at com.kms.katalon.core.main.ScriptEngine.run(ScriptEngine.java:194)
	at com.kms.katalon.core.main.ScriptEngine.runScriptAsRawText(ScriptEngine.java:119)
	at com.kms.katalon.core.main.TestCaseExecutor.runScript(TestCaseExecutor.java:448)
	at com.kms.katalon.core.main.TestCaseExecutor.doExecute(TestCaseExecutor.java:439)
	at com.kms.katalon.core.main.TestCaseExecutor.processExecutionPhase(TestCaseExecutor.java:418)
	at com.kms.katalon.core.main.TestCaseExecutor.accessMainPhase(TestCaseExecutor.java:410)
	at com.kms.katalon.core.main.TestCaseExecutor.execute(TestCaseExecutor.java:285)
	at com.kms.katalon.core.main.TestCaseMain.runTestCase(TestCaseMain.java:144)
	at com.kms.katalon.core.keyword.builtin.CallTestCaseKeyword$_callTestCase_closure1.doCall(CallTestCaseKeyword.groovy:59)
	at com.kms.katalon.core.keyword.builtin.CallTestCaseKeyword$_callTestCase_closure1.call(CallTestCaseKeyword.groovy)
	at com.kms.katalon.core.keyword.internal.KeywordMain.runKeyword(KeywordMain.groovy:75)
	at com.kms.katalon.core.keyword.builtin.CallTestCaseKeyword.callTestCase(CallTestCaseKeyword.groovy:81)
	at com.kms.katalon.core.keyword.builtin.CallTestCaseKeyword.execute(CallTestCaseKeyword.groovy:44)
	at com.kms.katalon.core.keyword.internal.KeywordExecutor.executeKeywordForPlatform(KeywordExecutor.groovy:74)
	at com.kms.katalon.core.keyword.BuiltinKeywords.callTestCase(BuiltinKeywords.groovy:310)
	at SA-005.run(SA-005:20)
	at com.kms.katalon.core.main.ScriptEngine.run(ScriptEngine.java:194)
	at com.kms.katalon.core.main.ScriptEngine.runScriptAsRawText(ScriptEngine.java:119)
	at com.kms.katalon.core.main.TestCaseExecutor.runScript(TestCaseExecutor.java:448)
	at com.kms.katalon.core.main.TestCaseExecutor.doExecute(TestCaseExecutor.java:439)
	at com.kms.katalon.core.main.TestCaseExecutor.processExecutionPhase(TestCaseExecutor.java:418)
	at com.kms.katalon.core.main.TestCaseExecutor.accessMainPhase(TestCaseExecutor.java:410)
	at com.kms.katalon.core.main.TestCaseExecutor.execute(TestCaseExecutor.java:285)
	at com.kms.katalon.core.main.TestCaseMain.runTestCase(TestCaseMain.java:144)
	at com.kms.katalon.core.keyword.builtin.CallTestCaseKeyword$_callTestCase_closure1.doCall(CallTestCaseKeyword.groovy:59)
	at com.kms.katalon.core.keyword.builtin.CallTestCaseKeyword$_callTestCase_closure1.call(CallTestCaseKeyword.groovy)
	at com.kms.katalon.core.keyword.internal.KeywordMain.runKeyword(KeywordMain.groovy:75)
	at com.kms.katalon.core.keyword.builtin.CallTestCaseKeyword.callTestCase(CallTestCaseKeyword.groovy:81)
	at com.kms.katalon.core.keyword.builtin.CallTestCaseKeyword.execute(CallTestCaseKeyword.groovy:44)
	at com.kms.katalon.core.keyword.internal.KeywordExecutor.executeKeywordForPlatform(KeywordExecutor.groovy:74)
	at com.kms.katalon.core.keyword.BuiltinKeywords.callTestCase(BuiltinKeywords.groovy:310)
	at SU-012.run(SU-012:20)
	at com.kms.katalon.core.main.ScriptEngine.run(ScriptEngine.java:194)
	at com.kms.katalon.core.main.ScriptEngine.runScriptAsRawText(ScriptEngine.java:119)
	at com.kms.katalon.core.main.TestCaseExecutor.runScript(TestCaseExecutor.java:448)
	at com.kms.katalon.core.main.TestCaseExecutor.doExecute(TestCaseExecutor.java:439)
	at com.kms.katalon.core.main.TestCaseExecutor.processExecutionPhase(TestCaseExecutor.java:418)
	at com.kms.katalon.core.main.TestCaseExecutor.accessMainPhase(TestCaseExecutor.java:410)
	at com.kms.katalon.core.main.TestCaseExecutor.execute(TestCaseExecutor.java:285)
	at com.kms.katalon.core.common.CommonExecutor.accessTestCaseMainPhase(CommonExecutor.java:65)
	at com.kms.katalon.core.main.TestSuiteExecutor.accessTestSuiteMainPhase(TestSuiteExecutor.java:148)
	at com.kms.katalon.core.main.TestSuiteExecutor.execute(TestSuiteExecutor.java:106)
	at com.kms.katalon.core.main.TestCaseMain.startTestSuite(TestCaseMain.java:187)
	at com.kms.katalon.core.main.TestCaseMain$startTestSuite$0.call(Unknown Source)
	at TempTestSuite1696420804604.run(TempTestSuite1696420804604.groovy:36)
Caused by: com.kms.katalon.core.exception.StepFailedException: Call Test Case 'Test Cases/T13 Pembelian, Shipment dan Pembayaran/PBYA-001' failed
	at com.kms.katalon.core.keyword.builtin.CallTestCaseKeyword$_callTestCase_closure1.doCall(CallTestCaseKeyword.groovy:63)
	at com.kms.katalon.core.keyword.builtin.CallTestCaseKeyword$_callTestCase_closure1.call(CallTestCaseKeyword.groovy)
	at com.kms.katalon.core.keyword.internal.KeywordMain.runKeyword(KeywordMain.groovy:75)
	at com.kms.katalon.core.keyword.builtin.CallTestCaseKeyword.callTestCase(CallTestCaseKeyword.groovy:81)
	at com.kms.katalon.core.keyword.builtin.CallTestCaseKeyword.execute(CallTestCaseKeyword.groovy:44)
	at com.kms.katalon.core.keyword.internal.KeywordExecutor.executeKeywordForPlatform(KeywordExecutor.groovy:74)
	at com.kms.katalon.core.keyword.BuiltinKeywords.callTestCase(BuiltinKeywords.groovy:310)
	at SA-001.run(SA-001:20)
	at com.kms.katalon.core.main.ScriptEngine.run(ScriptEngine.java:194)
	at com.kms.katalon.core.main.ScriptEngine.runScriptAsRawText(ScriptEngine.java:119)
	at com.kms.katalon.core.main.TestCaseExecutor.runScript(TestCaseExecutor.java:448)
	at com.kms.katalon.core.main.TestCaseExecutor.doExecute(TestCaseExecutor.java:439)
	at com.kms.katalon.core.main.TestCaseExecutor.processExecutionPhase(TestCaseExecutor.java:418)
	at com.kms.katalon.core.main.TestCaseExecutor.accessMainPhase(TestCaseExecutor.java:410)
	at com.kms.katalon.core.main.TestCaseExecutor.execute(TestCaseExecutor.java:285)
	at com.kms.katalon.core.main.TestCaseMain.runTestCase(TestCaseMain.java:144)
	at com.kms.katalon.core.keyword.builtin.CallTestCaseKeyword$_callTestCase_closure1.doCall(CallTestCaseKeyword.groovy:59)
	... 52 more
Caused by: com.kms.katalon.core.exception.StepFailedException: Call Test Case 'Test Cases/T13 Pembelian, Shipment dan Pembayaran/PBY-004' failed
	at com.kms.katalon.core.keyword.builtin.CallTestCaseKeyword$_callTestCase_closure1.doCall(CallTestCaseKeyword.groovy:63)
	at com.kms.katalon.core.keyword.builtin.CallTestCaseKeyword$_callTestCase_closure1.call(CallTestCaseKeyword.groovy)
	at com.kms.katalon.core.keyword.internal.KeywordMain.runKeyword(KeywordMain.groovy:75)
	at com.kms.katalon.core.keyword.builtin.CallTestCaseKeyword.callTestCase(CallTestCaseKeyword.groovy:81)
	at com.kms.katalon.core.keyword.builtin.CallTestCaseKeyword.execute(CallTestCaseKeyword.groovy:44)
	at com.kms.katalon.core.keyword.internal.KeywordExecutor.executeKeywordForPlatform(KeywordExecutor.groovy:74)
	at com.kms.katalon.core.keyword.BuiltinKeywords.callTestCase(BuiltinKeywords.groovy:310)
	at PBYA-001.run(PBYA-001:20)
	at com.kms.katalon.core.main.ScriptEngine.run(ScriptEngine.java:194)
	at com.kms.katalon.core.main.ScriptEngine.runScriptAsRawText(ScriptEngine.java:119)
	at com.kms.katalon.core.main.TestCaseExecutor.runScript(TestCaseExecutor.java:448)
	at com.kms.katalon.core.main.TestCaseExecutor.doExecute(TestCaseExecutor.java:439)
	at com.kms.katalon.core.main.TestCaseExecutor.processExecutionPhase(TestCaseExecutor.java:418)
	at com.kms.katalon.core.main.TestCaseExecutor.accessMainPhase(TestCaseExecutor.java:410)
	at com.kms.katalon.core.main.TestCaseExecutor.execute(TestCaseExecutor.java:285)
	at com.kms.katalon.core.main.TestCaseMain.runTestCase(TestCaseMain.java:144)
	at com.kms.katalon.core.keyword.builtin.CallTestCaseKeyword$_callTestCase_closure1.doCall(CallTestCaseKeyword.groovy:59)
	... 68 more
Caused by: com.kms.katalon.core.exception.StepFailedException: Call Test Case 'Test Cases/T13 Pembelian, Shipment dan Pembayaran/PBY-001' failed
	at com.kms.katalon.core.keyword.builtin.CallTestCaseKeyword$_callTestCase_closure1.doCall(CallTestCaseKeyword.groovy:63)
	at com.kms.katalon.core.keyword.builtin.CallTestCaseKeyword$_callTestCase_closure1.call(CallTestCaseKeyword.groovy)
	at com.kms.katalon.core.keyword.internal.KeywordMain.runKeyword(KeywordMain.groovy:75)
	at com.kms.katalon.core.keyword.builtin.CallTestCaseKeyword.callTestCase(CallTestCaseKeyword.groovy:81)
	at com.kms.katalon.core.keyword.builtin.CallTestCaseKeyword.execute(CallTestCaseKeyword.groovy:44)
	at com.kms.katalon.core.keyword.internal.KeywordExecutor.executeKeywordForPlatform(KeywordExecutor.groovy:74)
	at com.kms.katalon.core.keyword.BuiltinKeywords.callTestCase(BuiltinKeywords.groovy:310)
	at PBY-004.run(PBY-004:20)
	at com.kms.katalon.core.main.ScriptEngine.run(ScriptEngine.java:194)
	at com.kms.katalon.core.main.ScriptEngine.runScriptAsRawText(ScriptEngine.java:119)
	at com.kms.katalon.core.main.TestCaseExecutor.runScript(TestCaseExecutor.java:448)
	at com.kms.katalon.core.main.TestCaseExecutor.doExecute(TestCaseExecutor.java:439)
	at com.kms.katalon.core.main.TestCaseExecutor.processExecutionPhase(TestCaseExecutor.java:418)
	at com.kms.katalon.core.main.TestCaseExecutor.accessMainPhase(TestCaseExecutor.java:410)
	at com.kms.katalon.core.main.TestCaseExecutor.execute(TestCaseExecutor.java:285)
	at com.kms.katalon.core.main.TestCaseMain.runTestCase(TestCaseMain.java:144)
	at com.kms.katalon.core.keyword.builtin.CallTestCaseKeyword$_callTestCase_closure1.doCall(CallTestCaseKeyword.groovy:59)
	... 84 more
Caused by: com.kms.katalon.core.exception.StepFailedException: Call Test Case 'Test Cases/T13 Pembelian, Shipment dan Pembayaran/PBL-004' failed
	at com.kms.katalon.core.keyword.builtin.CallTestCaseKeyword$_callTestCase_closure1.doCall(CallTestCaseKeyword.groovy:63)
	at com.kms.katalon.core.keyword.builtin.CallTestCaseKeyword$_callTestCase_closure1.call(CallTestCaseKeyword.groovy)
	at com.kms.katalon.core.keyword.internal.KeywordMain.runKeyword(KeywordMain.groovy:75)
	at com.kms.katalon.core.keyword.builtin.CallTestCaseKeyword.callTestCase(CallTestCaseKeyword.groovy:81)
	at com.kms.katalon.core.keyword.builtin.CallTestCaseKeyword.execute(CallTestCaseKeyword.groovy:44)
	at com.kms.katalon.core.keyword.internal.KeywordExecutor.executeKeywordForPlatform(KeywordExecutor.groovy:74)
	at com.kms.katalon.core.keyword.BuiltinKeywords.callTestCase(BuiltinKeywords.groovy:310)
	at PBY-001.run(PBY-001:20)
	at com.kms.katalon.core.main.ScriptEngine.run(ScriptEngine.java:194)
	at com.kms.katalon.core.main.ScriptEngine.runScriptAsRawText(ScriptEngine.java:119)
	at com.kms.katalon.core.main.TestCaseExecutor.runScript(TestCaseExecutor.java:448)
	at com.kms.katalon.core.main.TestCaseExecutor.doExecute(TestCaseExecutor.java:439)
	at com.kms.katalon.core.main.TestCaseExecutor.processExecutionPhase(TestCaseExecutor.java:418)
	at com.kms.katalon.core.main.TestCaseExecutor.accessMainPhase(TestCaseExecutor.java:410)
	at com.kms.katalon.core.main.TestCaseExecutor.execute(TestCaseExecutor.java:285)
	at com.kms.katalon.core.main.TestCaseMain.runTestCase(TestCaseMain.java:144)
	at com.kms.katalon.core.keyword.builtin.CallTestCaseKeyword$_callTestCase_closure1.doCall(CallTestCaseKeyword.groovy:59)
	... 100 more
Caused by: com.kms.katalon.core.exception.StepFailedException: Call Test Case 'Test Cases/T13 Pembelian, Shipment dan Pembayaran/PBL-002' failed
	at com.kms.katalon.core.keyword.builtin.CallTestCaseKeyword$_callTestCase_closure1.doCall(CallTestCaseKeyword.groovy:63)
	at com.kms.katalon.core.keyword.builtin.CallTestCaseKeyword$_callTestCase_closure1.call(CallTestCaseKeyword.groovy)
	at com.kms.katalon.core.keyword.internal.KeywordMain.runKeyword(KeywordMain.groovy:75)
	at com.kms.katalon.core.keyword.builtin.CallTestCaseKeyword.callTestCase(CallTestCaseKeyword.groovy:81)
	at com.kms.katalon.core.keyword.builtin.CallTestCaseKeyword.execute(CallTestCaseKeyword.groovy:44)
	at com.kms.katalon.core.keyword.internal.KeywordExecutor.executeKeywordForPlatform(KeywordExecutor.groovy:74)
	at com.kms.katalon.core.keyword.BuiltinKeywords.callTestCase(BuiltinKeywords.groovy:310)
	at PBL-004.run(PBL-004:20)
	at com.kms.katalon.core.main.ScriptEngine.run(ScriptEngine.java:194)
	at com.kms.katalon.core.main.ScriptEngine.runScriptAsRawText(ScriptEngine.java:119)
	at com.kms.katalon.core.main.TestCaseExecutor.runScript(TestCaseExecutor.java:448)
	at com.kms.katalon.core.main.TestCaseExecutor.doExecute(TestCaseExecutor.java:439)
	at com.kms.katalon.core.main.TestCaseExecutor.processExecutionPhase(TestCaseExecutor.java:418)
	at com.kms.katalon.core.main.TestCaseExecutor.accessMainPhase(TestCaseExecutor.java:410)
	at com.kms.katalon.core.main.TestCaseExecutor.execute(TestCaseExecutor.java:285)
	at com.kms.katalon.core.main.TestCaseMain.runTestCase(TestCaseMain.java:144)
	at com.kms.katalon.core.keyword.builtin.CallTestCaseKeyword$_callTestCase_closure1.doCall(CallTestCaseKeyword.groovy:59)
	... 116 more
Caused by: com.kms.katalon.core.exception.StepFailedException: Unable to get text of object 'Object Repository/verifikasi/Harga Keranjang'
	at com.kms.katalon.core.webui.keyword.internal.WebUIKeywordMain.stepFailed(WebUIKeywordMain.groovy:64)
	at com.kms.katalon.core.webui.keyword.internal.WebUIKeywordMain.runKeyword(WebUIKeywordMain.groovy:26)
	at com.kms.katalon.core.webui.keyword.builtin.GetTextKeyword.getText(GetTextKeyword.groovy:88)
	at com.kms.katalon.core.webui.keyword.builtin.GetTextKeyword.execute(GetTextKeyword.groovy:67)
	at com.kms.katalon.core.keyword.internal.KeywordExecutor.executeKeywordForPlatform(KeywordExecutor.groovy:74)
	at com.kms.katalon.core.webui.keyword.WebUiBuiltInKeywords.getText(WebUiBuiltInKeywords.groovy:918)
	at com.kms.katalon.core.webui.keyword.WebUiBuiltInKeywords$getText$5.call(Unknown Source)
	at PBL-002.run(PBL-002:31)
	at com.kms.katalon.core.main.ScriptEngine.run(ScriptEngine.java:194)
	at com.kms.katalon.core.main.ScriptEngine.runScriptAsRawText(ScriptEngine.java:119)
	at com.kms.katalon.core.main.TestCaseExecutor.runScript(TestCaseExecutor.java:448)
	at com.kms.katalon.core.main.TestCaseExecutor.doExecute(TestCaseExecutor.java:439)
	at com.kms.katalon.core.main.TestCaseExecutor.processExecutionPhase(TestCaseExecutor.java:418)
	at com.kms.katalon.core.main.TestCaseExecutor.accessMainPhase(TestCaseExecutor.java:410)
	at com.kms.katalon.core.main.TestCaseExecutor.execute(TestCaseExecutor.java:285)
	at com.kms.katalon.core.main.TestCaseMain.runTestCase(TestCaseMain.java:144)
	at com.kms.katalon.core.keyword.builtin.CallTestCaseKeyword$_callTestCase_closure1.doCall(CallTestCaseKeyword.groovy:59)
	... 132 more
Caused by: com.kms.katalon.core.webui.exception.WebElementNotFoundException: Web element with id: 'Object Repository/verifikasi/Harga Keranjang' located by '(.//*[normalize-space(text()) and normalize-space(.)='Qty.'])[4]/following::b[1]' not found
	at com.kms.katalon.core.webui.common.WebUiCommonHelper.findWebElement(WebUiCommonHelper.java:1381)
	at com.kms.katalon.core.webui.keyword.internal.WebUIAbstractKeyword.findWebElement(WebUIAbstractKeyword.groovy:27)
	at com.kms.katalon.core.webui.keyword.internal.WebUIAbstractKeyword.findWebElement(WebUIAbstractKeyword.groovy:26)
	at com.kms.katalon.core.webui.keyword.builtin.GetTextKeyword$_getText_closure1.doCall(GetTextKeyword.groovy:78)
	at com.kms.katalon.core.webui.keyword.builtin.GetTextKeyword$_getText_closure1.call(GetTextKeyword.groovy)
	at com.kms.katalon.core.webui.keyword.internal.WebUIKeywordMain.runKeyword(WebUIKeywordMain.groovy:20)
	... 147 more
)

2023-10-04 19:58:11 - [TEST_CASE][FAILED] - Test Cases/T13 Pembelian, Shipment dan Pembayaran/SA-001: Test Cases/T13 Pembelian, Shipment dan Pembayaran/SA-001 FAILED.
Reason:
com.kms.katalon.core.exception.StepFailedException: Call Test Case 'Test Cases/T13 Pembelian, Shipment dan Pembayaran/PBYA-001' failed
	at com.kms.katalon.core.keyword.builtin.CallTestCaseKeyword$_callTestCase_closure1.doCall(CallTestCaseKeyword.groovy:63)
	at com.kms.katalon.core.keyword.builtin.CallTestCaseKeyword$_callTestCase_closure1.call(CallTestCaseKeyword.groovy)
	at com.kms.katalon.core.keyword.internal.KeywordMain.runKeyword(KeywordMain.groovy:75)
	at com.kms.katalon.core.keyword.builtin.CallTestCaseKeyword.callTestCase(CallTestCaseKeyword.groovy:81)
	at com.kms.katalon.core.keyword.builtin.CallTestCaseKeyword.execute(CallTestCaseKeyword.groovy:44)
	at com.kms.katalon.core.keyword.internal.KeywordExecutor.executeKeywordForPlatform(KeywordExecutor.groovy:74)
	at com.kms.katalon.core.keyword.BuiltinKeywords.callTestCase(BuiltinKeywords.groovy:310)
	at SA-001.run(SA-001:20)
	at com.kms.katalon.core.main.ScriptEngine.run(ScriptEngine.java:194)
	at com.kms.katalon.core.main.ScriptEngine.runScriptAsRawText(ScriptEngine.java:119)
	at com.kms.katalon.core.main.TestCaseExecutor.runScript(TestCaseExecutor.java:448)
	at com.kms.katalon.core.main.TestCaseExecutor.doExecute(TestCaseExecutor.java:439)
	at com.kms.katalon.core.main.TestCaseExecutor.processExecutionPhase(TestCaseExecutor.java:418)
	at com.kms.katalon.core.main.TestCaseExecutor.accessMainPhase(TestCaseExecutor.java:410)
	at com.kms.katalon.core.main.TestCaseExecutor.execute(TestCaseExecutor.java:285)
	at com.kms.katalon.core.main.TestCaseMain.runTestCase(TestCaseMain.java:144)
	at com.kms.katalon.core.keyword.builtin.CallTestCaseKeyword$_callTestCase_closure1.doCall(CallTestCaseKeyword.groovy:59)
	at com.kms.katalon.core.keyword.builtin.CallTestCaseKeyword$_callTestCase_closure1.call(CallTestCaseKeyword.groovy)
	at com.kms.katalon.core.keyword.internal.KeywordMain.runKeyword(KeywordMain.groovy:75)
	at com.kms.katalon.core.keyword.builtin.CallTestCaseKeyword.callTestCase(CallTestCaseKeyword.groovy:81)
	at com.kms.katalon.core.keyword.builtin.CallTestCaseKeyword.execute(CallTestCaseKeyword.groovy:44)
	at com.kms.katalon.core.keyword.internal.KeywordExecutor.executeKeywordForPlatform(KeywordExecutor.groovy:74)
	at com.kms.katalon.core.keyword.BuiltinKeywords.callTestCase(BuiltinKeywords.groovy:310)
	at SA-002.run(SA-002:20)
	at com.kms.katalon.core.main.ScriptEngine.run(ScriptEngine.java:194)
	at com.kms.katalon.core.main.ScriptEngine.runScriptAsRawText(ScriptEngine.java:119)
	at com.kms.katalon.core.main.TestCaseExecutor.runScript(TestCaseExecutor.java:448)
	at com.kms.katalon.core.main.TestCaseExecutor.doExecute(TestCaseExecutor.java:439)
	at com.kms.katalon.core.main.TestCaseExecutor.processExecutionPhase(TestCaseExecutor.java:418)
	at com.kms.katalon.core.main.TestCaseExecutor.accessMainPhase(TestCaseExecutor.java:410)
	at com.kms.katalon.core.main.TestCaseExecutor.execute(TestCaseExecutor.java:285)
	at com.kms.katalon.core.main.TestCaseMain.runTestCase(TestCaseMain.java:144)
	at com.kms.katalon.core.keyword.builtin.CallTestCaseKeyword$_callTestCase_closure1.doCall(CallTestCaseKeyword.groovy:59)
	at com.kms.katalon.core.keyword.builtin.CallTestCaseKeyword$_callTestCase_closure1.call(CallTestCaseKeyword.groovy)
	at com.kms.katalon.core.keyword.internal.KeywordMain.runKeyword(KeywordMain.groovy:75)
	at com.kms.katalon.core.keyword.builtin.CallTestCaseKeyword.callTestCase(CallTestCaseKeyword.groovy:81)
	at com.kms.katalon.core.keyword.builtin.CallTestCaseKeyword.execute(CallTestCaseKeyword.groovy:44)
	at com.kms.katalon.core.keyword.internal.KeywordExecutor.executeKeywordForPlatform(KeywordExecutor.groovy:74)
	at com.kms.katalon.core.keyword.BuiltinKeywords.callTestCase(BuiltinKeywords.groovy:310)
	at SA-005.run(SA-005:20)
	at com.kms.katalon.core.main.ScriptEngine.run(ScriptEngine.java:194)
	at com.kms.katalon.core.main.ScriptEngine.runScriptAsRawText(ScriptEngine.java:119)
	at com.kms.katalon.core.main.TestCaseExecutor.runScript(TestCaseExecutor.java:448)
	at com.kms.katalon.core.main.TestCaseExecutor.doExecute(TestCaseExecutor.java:439)
	at com.kms.katalon.core.main.TestCaseExecutor.processExecutionPhase(TestCaseExecutor.java:418)
	at com.kms.katalon.core.main.TestCaseExecutor.accessMainPhase(TestCaseExecutor.java:410)
	at com.kms.katalon.core.main.TestCaseExecutor.execute(TestCaseExecutor.java:285)
	at com.kms.katalon.core.main.TestCaseMain.runTestCase(TestCaseMain.java:144)
	at com.kms.katalon.core.keyword.builtin.CallTestCaseKeyword$_callTestCase_closure1.doCall(CallTestCaseKeyword.groovy:59)
	at com.kms.katalon.core.keyword.builtin.CallTestCaseKeyword$_callTestCase_closure1.call(CallTestCaseKeyword.groovy)
	at com.kms.katalon.core.keyword.internal.KeywordMain.runKeyword(KeywordMain.groovy:75)
	at com.kms.katalon.core.keyword.builtin.CallTestCaseKeyword.callTestCase(CallTestCaseKeyword.groovy:81)
	at com.kms.katalon.core.keyword.builtin.CallTestCaseKeyword.execute(CallTestCaseKeyword.groovy:44)
	at com.kms.katalon.core.keyword.internal.KeywordExecutor.executeKeywordForPlatform(KeywordExecutor.groovy:74)
	at com.kms.katalon.core.keyword.BuiltinKeywords.callTestCase(BuiltinKeywords.groovy:310)
	at SU-012.run(SU-012:20)
	at com.kms.katalon.core.main.ScriptEngine.run(ScriptEngine.java:194)
	at com.kms.katalon.core.main.ScriptEngine.runScriptAsRawText(ScriptEngine.java:119)
	at com.kms.katalon.core.main.TestCaseExecutor.runScript(TestCaseExecutor.java:448)
	at com.kms.katalon.core.main.TestCaseExecutor.doExecute(TestCaseExecutor.java:439)
	at com.kms.katalon.core.main.TestCaseExecutor.processExecutionPhase(TestCaseExecutor.java:418)
	at com.kms.katalon.core.main.TestCaseExecutor.accessMainPhase(TestCaseExecutor.java:410)
	at com.kms.katalon.core.main.TestCaseExecutor.execute(TestCaseExecutor.java:285)
	at com.kms.katalon.core.common.CommonExecutor.accessTestCaseMainPhase(CommonExecutor.java:65)
	at com.kms.katalon.core.main.TestSuiteExecutor.accessTestSuiteMainPhase(TestSuiteExecutor.java:148)
	at com.kms.katalon.core.main.TestSuiteExecutor.execute(TestSuiteExecutor.java:106)
	at com.kms.katalon.core.main.TestCaseMain.startTestSuite(TestCaseMain.java:187)
	at com.kms.katalon.core.main.TestCaseMain$startTestSuite$0.call(Unknown Source)
	at TempTestSuite1696420804604.run(TempTestSuite1696420804604.groovy:36)
Caused by: com.kms.katalon.core.exception.StepFailedException: Call Test Case 'Test Cases/T13 Pembelian, Shipment dan Pembayaran/PBY-004' failed
	at com.kms.katalon.core.keyword.builtin.CallTestCaseKeyword$_callTestCase_closure1.doCall(CallTestCaseKeyword.groovy:63)
	at com.kms.katalon.core.keyword.builtin.CallTestCaseKeyword$_callTestCase_closure1.call(CallTestCaseKeyword.groovy)
	at com.kms.katalon.core.keyword.internal.KeywordMain.runKeyword(KeywordMain.groovy:75)
	at com.kms.katalon.core.keyword.builtin.CallTestCaseKeyword.callTestCase(CallTestCaseKeyword.groovy:81)
	at com.kms.katalon.core.keyword.builtin.CallTestCaseKeyword.execute(CallTestCaseKeyword.groovy:44)
	at com.kms.katalon.core.keyword.internal.KeywordExecutor.executeKeywordForPlatform(KeywordExecutor.groovy:74)
	at com.kms.katalon.core.keyword.BuiltinKeywords.callTestCase(BuiltinKeywords.groovy:310)
	at PBYA-001.run(PBYA-001:20)
	at com.kms.katalon.core.main.ScriptEngine.run(ScriptEngine.java:194)
	at com.kms.katalon.core.main.ScriptEngine.runScriptAsRawText(ScriptEngine.java:119)
	at com.kms.katalon.core.main.TestCaseExecutor.runScript(TestCaseExecutor.java:448)
	at com.kms.katalon.core.main.TestCaseExecutor.doExecute(TestCaseExecutor.java:439)
	at com.kms.katalon.core.main.TestCaseExecutor.processExecutionPhase(TestCaseExecutor.java:418)
	at com.kms.katalon.core.main.TestCaseExecutor.accessMainPhase(TestCaseExecutor.java:410)
	at com.kms.katalon.core.main.TestCaseExecutor.execute(TestCaseExecutor.java:285)
	at com.kms.katalon.core.main.TestCaseMain.runTestCase(TestCaseMain.java:144)
	at com.kms.katalon.core.keyword.builtin.CallTestCaseKeyword$_callTestCase_closure1.doCall(CallTestCaseKeyword.groovy:59)
	... 68 more
Caused by: com.kms.katalon.core.exception.StepFailedException: Call Test Case 'Test Cases/T13 Pembelian, Shipment dan Pembayaran/PBY-001' failed
	at com.kms.katalon.core.keyword.builtin.CallTestCaseKeyword$_callTestCase_closure1.doCall(CallTestCaseKeyword.groovy:63)
	at com.kms.katalon.core.keyword.builtin.CallTestCaseKeyword$_callTestCase_closure1.call(CallTestCaseKeyword.groovy)
	at com.kms.katalon.core.keyword.internal.KeywordMain.runKeyword(KeywordMain.groovy:75)
	at com.kms.katalon.core.keyword.builtin.CallTestCaseKeyword.callTestCase(CallTestCaseKeyword.groovy:81)
	at com.kms.katalon.core.keyword.builtin.CallTestCaseKeyword.execute(CallTestCaseKeyword.groovy:44)
	at com.kms.katalon.core.keyword.internal.KeywordExecutor.executeKeywordForPlatform(KeywordExecutor.groovy:74)
	at com.kms.katalon.core.keyword.BuiltinKeywords.callTestCase(BuiltinKeywords.groovy:310)
	at PBY-004.run(PBY-004:20)
	at com.kms.katalon.core.main.ScriptEngine.run(ScriptEngine.java:194)
	at com.kms.katalon.core.main.ScriptEngine.runScriptAsRawText(ScriptEngine.java:119)
	at com.kms.katalon.core.main.TestCaseExecutor.runScript(TestCaseExecutor.java:448)
	at com.kms.katalon.core.main.TestCaseExecutor.doExecute(TestCaseExecutor.java:439)
	at com.kms.katalon.core.main.TestCaseExecutor.processExecutionPhase(TestCaseExecutor.java:418)
	at com.kms.katalon.core.main.TestCaseExecutor.accessMainPhase(TestCaseExecutor.java:410)
	at com.kms.katalon.core.main.TestCaseExecutor.execute(TestCaseExecutor.java:285)
	at com.kms.katalon.core.main.TestCaseMain.runTestCase(TestCaseMain.java:144)
	at com.kms.katalon.core.keyword.builtin.CallTestCaseKeyword$_callTestCase_closure1.doCall(CallTestCaseKeyword.groovy:59)
	... 84 more
Caused by: com.kms.katalon.core.exception.StepFailedException: Call Test Case 'Test Cases/T13 Pembelian, Shipment dan Pembayaran/PBL-004' failed
	at com.kms.katalon.core.keyword.builtin.CallTestCaseKeyword$_callTestCase_closure1.doCall(CallTestCaseKeyword.groovy:63)
	at com.kms.katalon.core.keyword.builtin.CallTestCaseKeyword$_callTestCase_closure1.call(CallTestCaseKeyword.groovy)
	at com.kms.katalon.core.keyword.internal.KeywordMain.runKeyword(KeywordMain.groovy:75)
	at com.kms.katalon.core.keyword.builtin.CallTestCaseKeyword.callTestCase(CallTestCaseKeyword.groovy:81)
	at com.kms.katalon.core.keyword.builtin.CallTestCaseKeyword.execute(CallTestCaseKeyword.groovy:44)
	at com.kms.katalon.core.keyword.internal.KeywordExecutor.executeKeywordForPlatform(KeywordExecutor.groovy:74)
	at com.kms.katalon.core.keyword.BuiltinKeywords.callTestCase(BuiltinKeywords.groovy:310)
	at PBY-001.run(PBY-001:20)
	at com.kms.katalon.core.main.ScriptEngine.run(ScriptEngine.java:194)
	at com.kms.katalon.core.main.ScriptEngine.runScriptAsRawText(ScriptEngine.java:119)
	at com.kms.katalon.core.main.TestCaseExecutor.runScript(TestCaseExecutor.java:448)
	at com.kms.katalon.core.main.TestCaseExecutor.doExecute(TestCaseExecutor.java:439)
	at com.kms.katalon.core.main.TestCaseExecutor.processExecutionPhase(TestCaseExecutor.java:418)
	at com.kms.katalon.core.main.TestCaseExecutor.accessMainPhase(TestCaseExecutor.java:410)
	at com.kms.katalon.core.main.TestCaseExecutor.execute(TestCaseExecutor.java:285)
	at com.kms.katalon.core.main.TestCaseMain.runTestCase(TestCaseMain.java:144)
	at com.kms.katalon.core.keyword.builtin.CallTestCaseKeyword$_callTestCase_closure1.doCall(CallTestCaseKeyword.groovy:59)
	... 100 more
Caused by: com.kms.katalon.core.exception.StepFailedException: Call Test Case 'Test Cases/T13 Pembelian, Shipment dan Pembayaran/PBL-002' failed
	at com.kms.katalon.core.keyword.builtin.CallTestCaseKeyword$_callTestCase_closure1.doCall(CallTestCaseKeyword.groovy:63)
	at com.kms.katalon.core.keyword.builtin.CallTestCaseKeyword$_callTestCase_closure1.call(CallTestCaseKeyword.groovy)
	at com.kms.katalon.core.keyword.internal.KeywordMain.runKeyword(KeywordMain.groovy:75)
	at com.kms.katalon.core.keyword.builtin.CallTestCaseKeyword.callTestCase(CallTestCaseKeyword.groovy:81)
	at com.kms.katalon.core.keyword.builtin.CallTestCaseKeyword.execute(CallTestCaseKeyword.groovy:44)
	at com.kms.katalon.core.keyword.internal.KeywordExecutor.executeKeywordForPlatform(KeywordExecutor.groovy:74)
	at com.kms.katalon.core.keyword.BuiltinKeywords.callTestCase(BuiltinKeywords.groovy:310)
	at PBL-004.run(PBL-004:20)
	at com.kms.katalon.core.main.ScriptEngine.run(ScriptEngine.java:194)
	at com.kms.katalon.core.main.ScriptEngine.runScriptAsRawText(ScriptEngine.java:119)
	at com.kms.katalon.core.main.TestCaseExecutor.runScript(TestCaseExecutor.java:448)
	at com.kms.katalon.core.main.TestCaseExecutor.doExecute(TestCaseExecutor.java:439)
	at com.kms.katalon.core.main.TestCaseExecutor.processExecutionPhase(TestCaseExecutor.java:418)
	at com.kms.katalon.core.main.TestCaseExecutor.accessMainPhase(TestCaseExecutor.java:410)
	at com.kms.katalon.core.main.TestCaseExecutor.execute(TestCaseExecutor.java:285)
	at com.kms.katalon.core.main.TestCaseMain.runTestCase(TestCaseMain.java:144)
	at com.kms.katalon.core.keyword.builtin.CallTestCaseKeyword$_callTestCase_closure1.doCall(CallTestCaseKeyword.groovy:59)
	... 116 more
Caused by: com.kms.katalon.core.exception.StepFailedException: Unable to get text of object 'Object Repository/verifikasi/Harga Keranjang'
	at com.kms.katalon.core.webui.keyword.internal.WebUIKeywordMain.stepFailed(WebUIKeywordMain.groovy:64)
	at com.kms.katalon.core.webui.keyword.internal.WebUIKeywordMain.runKeyword(WebUIKeywordMain.groovy:26)
	at com.kms.katalon.core.webui.keyword.builtin.GetTextKeyword.getText(GetTextKeyword.groovy:88)
	at com.kms.katalon.core.webui.keyword.builtin.GetTextKeyword.execute(GetTextKeyword.groovy:67)
	at com.kms.katalon.core.keyword.internal.KeywordExecutor.executeKeywordForPlatform(KeywordExecutor.groovy:74)
	at com.kms.katalon.core.webui.keyword.WebUiBuiltInKeywords.getText(WebUiBuiltInKeywords.groovy:918)
	at com.kms.katalon.core.webui.keyword.WebUiBuiltInKeywords$getText$5.call(Unknown Source)
	at PBL-002.run(PBL-002:31)
	at com.kms.katalon.core.main.ScriptEngine.run(ScriptEngine.java:194)
	at com.kms.katalon.core.main.ScriptEngine.runScriptAsRawText(ScriptEngine.java:119)
	at com.kms.katalon.core.main.TestCaseExecutor.runScript(TestCaseExecutor.java:448)
	at com.kms.katalon.core.main.TestCaseExecutor.doExecute(TestCaseExecutor.java:439)
	at com.kms.katalon.core.main.TestCaseExecutor.processExecutionPhase(TestCaseExecutor.java:418)
	at com.kms.katalon.core.main.TestCaseExecutor.accessMainPhase(TestCaseExecutor.java:410)
	at com.kms.katalon.core.main.TestCaseExecutor.execute(TestCaseExecutor.java:285)
	at com.kms.katalon.core.main.TestCaseMain.runTestCase(TestCaseMain.java:144)
	at com.kms.katalon.core.keyword.builtin.CallTestCaseKeyword$_callTestCase_closure1.doCall(CallTestCaseKeyword.groovy:59)
	... 132 more
Caused by: com.kms.katalon.core.webui.exception.WebElementNotFoundException: Web element with id: 'Object Repository/verifikasi/Harga Keranjang' located by '(.//*[normalize-space(text()) and normalize-space(.)='Qty.'])[4]/following::b[1]' not found
	at com.kms.katalon.core.webui.common.WebUiCommonHelper.findWebElement(WebUiCommonHelper.java:1381)
	at com.kms.katalon.core.webui.keyword.internal.WebUIAbstractKeyword.findWebElement(WebUIAbstractKeyword.groovy:27)
	at com.kms.katalon.core.webui.keyword.internal.WebUIAbstractKeyword.findWebElement(WebUIAbstractKeyword.groovy:26)
	at com.kms.katalon.core.webui.keyword.builtin.GetTextKeyword$_getText_closure1.doCall(GetTextKeyword.groovy:78)
	at com.kms.katalon.core.webui.keyword.builtin.GetTextKeyword$_getText_closure1.call(GetTextKeyword.groovy)
	at com.kms.katalon.core.webui.keyword.internal.WebUIKeywordMain.runKeyword(WebUIKeywordMain.groovy:20)
	... 147 more


2023-10-04 19:58:11 - [TEST_STEP][FAILED] - data = callTestCase(findTestCase("T13 Pembelian, Shipment dan Pembayaran/PBYA-001"), [:], STOP_ON_FAILURE): Unable to call Test Case 'Test Cases/T13 Pembelian, Shipment dan Pembayaran/PBYA-001' (Root cause: com.kms.katalon.core.exception.StepFailedException: Call Test Case 'Test Cases/T13 Pembelian, Shipment dan Pembayaran/PBYA-001' failed
	at com.kms.katalon.core.keyword.builtin.CallTestCaseKeyword$_callTestCase_closure1.doCall(CallTestCaseKeyword.groovy:63)
	at com.kms.katalon.core.keyword.builtin.CallTestCaseKeyword$_callTestCase_closure1.call(CallTestCaseKeyword.groovy)
	at com.kms.katalon.core.keyword.internal.KeywordMain.runKeyword(KeywordMain.groovy:75)
	at com.kms.katalon.core.keyword.builtin.CallTestCaseKeyword.callTestCase(CallTestCaseKeyword.groovy:81)
	at com.kms.katalon.core.keyword.builtin.CallTestCaseKeyword.execute(CallTestCaseKeyword.groovy:44)
	at com.kms.katalon.core.keyword.internal.KeywordExecutor.executeKeywordForPlatform(KeywordExecutor.groovy:74)
	at com.kms.katalon.core.keyword.BuiltinKeywords.callTestCase(BuiltinKeywords.groovy:310)
	at SA-001.run(SA-001:20)
	at com.kms.katalon.core.main.ScriptEngine.run(ScriptEngine.java:194)
	at com.kms.katalon.core.main.ScriptEngine.runScriptAsRawText(ScriptEngine.java:119)
	at com.kms.katalon.core.main.TestCaseExecutor.runScript(TestCaseExecutor.java:448)
	at com.kms.katalon.core.main.TestCaseExecutor.doExecute(TestCaseExecutor.java:439)
	at com.kms.katalon.core.main.TestCaseExecutor.processExecutionPhase(TestCaseExecutor.java:418)
	at com.kms.katalon.core.main.TestCaseExecutor.accessMainPhase(TestCaseExecutor.java:410)
	at com.kms.katalon.core.main.TestCaseExecutor.execute(TestCaseExecutor.java:285)
	at com.kms.katalon.core.main.TestCaseMain.runTestCase(TestCaseMain.java:144)
	at com.kms.katalon.core.keyword.builtin.CallTestCaseKeyword$_callTestCase_closure1.doCall(CallTestCaseKeyword.groovy:59)
	at com.kms.katalon.core.keyword.builtin.CallTestCaseKeyword$_callTestCase_closure1.call(CallTestCaseKeyword.groovy)
	at com.kms.katalon.core.keyword.internal.KeywordMain.runKeyword(KeywordMain.groovy:75)
	at com.kms.katalon.core.keyword.builtin.CallTestCaseKeyword.callTestCase(CallTestCaseKeyword.groovy:81)
	at com.kms.katalon.core.keyword.builtin.CallTestCaseKeyword.execute(CallTestCaseKeyword.groovy:44)
	at com.kms.katalon.core.keyword.internal.KeywordExecutor.executeKeywordForPlatform(KeywordExecutor.groovy:74)
	at com.kms.katalon.core.keyword.BuiltinKeywords.callTestCase(BuiltinKeywords.groovy:310)
	at SA-002.run(SA-002:20)
	at com.kms.katalon.core.main.ScriptEngine.run(ScriptEngine.java:194)
	at com.kms.katalon.core.main.ScriptEngine.runScriptAsRawText(ScriptEngine.java:119)
	at com.kms.katalon.core.main.TestCaseExecutor.runScript(TestCaseExecutor.java:448)
	at com.kms.katalon.core.main.TestCaseExecutor.doExecute(TestCaseExecutor.java:439)
	at com.kms.katalon.core.main.TestCaseExecutor.processExecutionPhase(TestCaseExecutor.java:418)
	at com.kms.katalon.core.main.TestCaseExecutor.accessMainPhase(TestCaseExecutor.java:410)
	at com.kms.katalon.core.main.TestCaseExecutor.execute(TestCaseExecutor.java:285)
	at com.kms.katalon.core.main.TestCaseMain.runTestCase(TestCaseMain.java:144)
	at com.kms.katalon.core.keyword.builtin.CallTestCaseKeyword$_callTestCase_closure1.doCall(CallTestCaseKeyword.groovy:59)
	at com.kms.katalon.core.keyword.builtin.CallTestCaseKeyword$_callTestCase_closure1.call(CallTestCaseKeyword.groovy)
	at com.kms.katalon.core.keyword.internal.KeywordMain.runKeyword(KeywordMain.groovy:75)
	at com.kms.katalon.core.keyword.builtin.CallTestCaseKeyword.callTestCase(CallTestCaseKeyword.groovy:81)
	at com.kms.katalon.core.keyword.builtin.CallTestCaseKeyword.execute(CallTestCaseKeyword.groovy:44)
	at com.kms.katalon.core.keyword.internal.KeywordExecutor.executeKeywordForPlatform(KeywordExecutor.groovy:74)
	at com.kms.katalon.core.keyword.BuiltinKeywords.callTestCase(BuiltinKeywords.groovy:310)
	at SA-005.run(SA-005:20)
	at com.kms.katalon.core.main.ScriptEngine.run(ScriptEngine.java:194)
	at com.kms.katalon.core.main.ScriptEngine.runScriptAsRawText(ScriptEngine.java:119)
	at com.kms.katalon.core.main.TestCaseExecutor.runScript(TestCaseExecutor.java:448)
	at com.kms.katalon.core.main.TestCaseExecutor.doExecute(TestCaseExecutor.java:439)
	at com.kms.katalon.core.main.TestCaseExecutor.processExecutionPhase(TestCaseExecutor.java:418)
	at com.kms.katalon.core.main.TestCaseExecutor.accessMainPhase(TestCaseExecutor.java:410)
	at com.kms.katalon.core.main.TestCaseExecutor.execute(TestCaseExecutor.java:285)
	at com.kms.katalon.core.main.TestCaseMain.runTestCase(TestCaseMain.java:144)
	at com.kms.katalon.core.keyword.builtin.CallTestCaseKeyword$_callTestCase_closure1.doCall(CallTestCaseKeyword.groovy:59)
	at com.kms.katalon.core.keyword.builtin.CallTestCaseKeyword$_callTestCase_closure1.call(CallTestCaseKeyword.groovy)
	at com.kms.katalon.core.keyword.internal.KeywordMain.runKeyword(KeywordMain.groovy:75)
	at com.kms.katalon.core.keyword.builtin.CallTestCaseKeyword.callTestCase(CallTestCaseKeyword.groovy:81)
	at com.kms.katalon.core.keyword.builtin.CallTestCaseKeyword.execute(CallTestCaseKeyword.groovy:44)
	at com.kms.katalon.core.keyword.internal.KeywordExecutor.executeKeywordForPlatform(KeywordExecutor.groovy:74)
	at com.kms.katalon.core.keyword.BuiltinKeywords.callTestCase(BuiltinKeywords.groovy:310)
	at SU-012.run(SU-012:20)
	at com.kms.katalon.core.main.ScriptEngine.run(ScriptEngine.java:194)
	at com.kms.katalon.core.main.ScriptEngine.runScriptAsRawText(ScriptEngine.java:119)
	at com.kms.katalon.core.main.TestCaseExecutor.runScript(TestCaseExecutor.java:448)
	at com.kms.katalon.core.main.TestCaseExecutor.doExecute(TestCaseExecutor.java:439)
	at com.kms.katalon.core.main.TestCaseExecutor.processExecutionPhase(TestCaseExecutor.java:418)
	at com.kms.katalon.core.main.TestCaseExecutor.accessMainPhase(TestCaseExecutor.java:410)
	at com.kms.katalon.core.main.TestCaseExecutor.execute(TestCaseExecutor.java:285)
	at com.kms.katalon.core.common.CommonExecutor.accessTestCaseMainPhase(CommonExecutor.java:65)
	at com.kms.katalon.core.main.TestSuiteExecutor.accessTestSuiteMainPhase(TestSuiteExecutor.java:148)
	at com.kms.katalon.core.main.TestSuiteExecutor.execute(TestSuiteExecutor.java:106)
	at com.kms.katalon.core.main.TestCaseMain.startTestSuite(TestCaseMain.java:187)
	at com.kms.katalon.core.main.TestCaseMain$startTestSuite$0.call(Unknown Source)
	at TempTestSuite1696420804604.run(TempTestSuite1696420804604.groovy:36)
Caused by: com.kms.katalon.core.exception.StepFailedException: Call Test Case 'Test Cases/T13 Pembelian, Shipment dan Pembayaran/PBY-004' failed
	at com.kms.katalon.core.keyword.builtin.CallTestCaseKeyword$_callTestCase_closure1.doCall(CallTestCaseKeyword.groovy:63)
	at com.kms.katalon.core.keyword.builtin.CallTestCaseKeyword$_callTestCase_closure1.call(CallTestCaseKeyword.groovy)
	at com.kms.katalon.core.keyword.internal.KeywordMain.runKeyword(KeywordMain.groovy:75)
	at com.kms.katalon.core.keyword.builtin.CallTestCaseKeyword.callTestCase(CallTestCaseKeyword.groovy:81)
	at com.kms.katalon.core.keyword.builtin.CallTestCaseKeyword.execute(CallTestCaseKeyword.groovy:44)
	at com.kms.katalon.core.keyword.internal.KeywordExecutor.executeKeywordForPlatform(KeywordExecutor.groovy:74)
	at com.kms.katalon.core.keyword.BuiltinKeywords.callTestCase(BuiltinKeywords.groovy:310)
	at PBYA-001.run(PBYA-001:20)
	at com.kms.katalon.core.main.ScriptEngine.run(ScriptEngine.java:194)
	at com.kms.katalon.core.main.ScriptEngine.runScriptAsRawText(ScriptEngine.java:119)
	at com.kms.katalon.core.main.TestCaseExecutor.runScript(TestCaseExecutor.java:448)
	at com.kms.katalon.core.main.TestCaseExecutor.doExecute(TestCaseExecutor.java:439)
	at com.kms.katalon.core.main.TestCaseExecutor.processExecutionPhase(TestCaseExecutor.java:418)
	at com.kms.katalon.core.main.TestCaseExecutor.accessMainPhase(TestCaseExecutor.java:410)
	at com.kms.katalon.core.main.TestCaseExecutor.execute(TestCaseExecutor.java:285)
	at com.kms.katalon.core.main.TestCaseMain.runTestCase(TestCaseMain.java:144)
	at com.kms.katalon.core.keyword.builtin.CallTestCaseKeyword$_callTestCase_closure1.doCall(CallTestCaseKeyword.groovy:59)
	... 68 more
Caused by: com.kms.katalon.core.exception.StepFailedException: Call Test Case 'Test Cases/T13 Pembelian, Shipment dan Pembayaran/PBY-001' failed
	at com.kms.katalon.core.keyword.builtin.CallTestCaseKeyword$_callTestCase_closure1.doCall(CallTestCaseKeyword.groovy:63)
	at com.kms.katalon.core.keyword.builtin.CallTestCaseKeyword$_callTestCase_closure1.call(CallTestCaseKeyword.groovy)
	at com.kms.katalon.core.keyword.internal.KeywordMain.runKeyword(KeywordMain.groovy:75)
	at com.kms.katalon.core.keyword.builtin.CallTestCaseKeyword.callTestCase(CallTestCaseKeyword.groovy:81)
	at com.kms.katalon.core.keyword.builtin.CallTestCaseKeyword.execute(CallTestCaseKeyword.groovy:44)
	at com.kms.katalon.core.keyword.internal.KeywordExecutor.executeKeywordForPlatform(KeywordExecutor.groovy:74)
	at com.kms.katalon.core.keyword.BuiltinKeywords.callTestCase(BuiltinKeywords.groovy:310)
	at PBY-004.run(PBY-004:20)
	at com.kms.katalon.core.main.ScriptEngine.run(ScriptEngine.java:194)
	at com.kms.katalon.core.main.ScriptEngine.runScriptAsRawText(ScriptEngine.java:119)
	at com.kms.katalon.core.main.TestCaseExecutor.runScript(TestCaseExecutor.java:448)
	at com.kms.katalon.core.main.TestCaseExecutor.doExecute(TestCaseExecutor.java:439)
	at com.kms.katalon.core.main.TestCaseExecutor.processExecutionPhase(TestCaseExecutor.java:418)
	at com.kms.katalon.core.main.TestCaseExecutor.accessMainPhase(TestCaseExecutor.java:410)
	at com.kms.katalon.core.main.TestCaseExecutor.execute(TestCaseExecutor.java:285)
	at com.kms.katalon.core.main.TestCaseMain.runTestCase(TestCaseMain.java:144)
	at com.kms.katalon.core.keyword.builtin.CallTestCaseKeyword$_callTestCase_closure1.doCall(CallTestCaseKeyword.groovy:59)
	... 84 more
Caused by: com.kms.katalon.core.exception.StepFailedException: Call Test Case 'Test Cases/T13 Pembelian, Shipment dan Pembayaran/PBL-004' failed
	at com.kms.katalon.core.keyword.builtin.CallTestCaseKeyword$_callTestCase_closure1.doCall(CallTestCaseKeyword.groovy:63)
	at com.kms.katalon.core.keyword.builtin.CallTestCaseKeyword$_callTestCase_closure1.call(CallTestCaseKeyword.groovy)
	at com.kms.katalon.core.keyword.internal.KeywordMain.runKeyword(KeywordMain.groovy:75)
	at com.kms.katalon.core.keyword.builtin.CallTestCaseKeyword.callTestCase(CallTestCaseKeyword.groovy:81)
	at com.kms.katalon.core.keyword.builtin.CallTestCaseKeyword.execute(CallTestCaseKeyword.groovy:44)
	at com.kms.katalon.core.keyword.internal.KeywordExecutor.executeKeywordForPlatform(KeywordExecutor.groovy:74)
	at com.kms.katalon.core.keyword.BuiltinKeywords.callTestCase(BuiltinKeywords.groovy:310)
	at PBY-001.run(PBY-001:20)
	at com.kms.katalon.core.main.ScriptEngine.run(ScriptEngine.java:194)
	at com.kms.katalon.core.main.ScriptEngine.runScriptAsRawText(ScriptEngine.java:119)
	at com.kms.katalon.core.main.TestCaseExecutor.runScript(TestCaseExecutor.java:448)
	at com.kms.katalon.core.main.TestCaseExecutor.doExecute(TestCaseExecutor.java:439)
	at com.kms.katalon.core.main.TestCaseExecutor.processExecutionPhase(TestCaseExecutor.java:418)
	at com.kms.katalon.core.main.TestCaseExecutor.accessMainPhase(TestCaseExecutor.java:410)
	at com.kms.katalon.core.main.TestCaseExecutor.execute(TestCaseExecutor.java:285)
	at com.kms.katalon.core.main.TestCaseMain.runTestCase(TestCaseMain.java:144)
	at com.kms.katalon.core.keyword.builtin.CallTestCaseKeyword$_callTestCase_closure1.doCall(CallTestCaseKeyword.groovy:59)
	... 100 more
Caused by: com.kms.katalon.core.exception.StepFailedException: Call Test Case 'Test Cases/T13 Pembelian, Shipment dan Pembayaran/PBL-002' failed
	at com.kms.katalon.core.keyword.builtin.CallTestCaseKeyword$_callTestCase_closure1.doCall(CallTestCaseKeyword.groovy:63)
	at com.kms.katalon.core.keyword.builtin.CallTestCaseKeyword$_callTestCase_closure1.call(CallTestCaseKeyword.groovy)
	at com.kms.katalon.core.keyword.internal.KeywordMain.runKeyword(KeywordMain.groovy:75)
	at com.kms.katalon.core.keyword.builtin.CallTestCaseKeyword.callTestCase(CallTestCaseKeyword.groovy:81)
	at com.kms.katalon.core.keyword.builtin.CallTestCaseKeyword.execute(CallTestCaseKeyword.groovy:44)
	at com.kms.katalon.core.keyword.internal.KeywordExecutor.executeKeywordForPlatform(KeywordExecutor.groovy:74)
	at com.kms.katalon.core.keyword.BuiltinKeywords.callTestCase(BuiltinKeywords.groovy:310)
	at PBL-004.run(PBL-004:20)
	at com.kms.katalon.core.main.ScriptEngine.run(ScriptEngine.java:194)
	at com.kms.katalon.core.main.ScriptEngine.runScriptAsRawText(ScriptEngine.java:119)
	at com.kms.katalon.core.main.TestCaseExecutor.runScript(TestCaseExecutor.java:448)
	at com.kms.katalon.core.main.TestCaseExecutor.doExecute(TestCaseExecutor.java:439)
	at com.kms.katalon.core.main.TestCaseExecutor.processExecutionPhase(TestCaseExecutor.java:418)
	at com.kms.katalon.core.main.TestCaseExecutor.accessMainPhase(TestCaseExecutor.java:410)
	at com.kms.katalon.core.main.TestCaseExecutor.execute(TestCaseExecutor.java:285)
	at com.kms.katalon.core.main.TestCaseMain.runTestCase(TestCaseMain.java:144)
	at com.kms.katalon.core.keyword.builtin.CallTestCaseKeyword$_callTestCase_closure1.doCall(CallTestCaseKeyword.groovy:59)
	... 116 more
Caused by: com.kms.katalon.core.exception.StepFailedException: Unable to get text of object 'Object Repository/verifikasi/Harga Keranjang'
	at com.kms.katalon.core.webui.keyword.internal.WebUIKeywordMain.stepFailed(WebUIKeywordMain.groovy:64)
	at com.kms.katalon.core.webui.keyword.internal.WebUIKeywordMain.runKeyword(WebUIKeywordMain.groovy:26)
	at com.kms.katalon.core.webui.keyword.builtin.GetTextKeyword.getText(GetTextKeyword.groovy:88)
	at com.kms.katalon.core.webui.keyword.builtin.GetTextKeyword.execute(GetTextKeyword.groovy:67)
	at com.kms.katalon.core.keyword.internal.KeywordExecutor.executeKeywordForPlatform(KeywordExecutor.groovy:74)
	at com.kms.katalon.core.webui.keyword.WebUiBuiltInKeywords.getText(WebUiBuiltInKeywords.groovy:918)
	at com.kms.katalon.core.webui.keyword.WebUiBuiltInKeywords$getText$5.call(Unknown Source)
	at PBL-002.run(PBL-002:31)
	at com.kms.katalon.core.main.ScriptEngine.run(ScriptEngine.java:194)
	at com.kms.katalon.core.main.ScriptEngine.runScriptAsRawText(ScriptEngine.java:119)
	at com.kms.katalon.core.main.TestCaseExecutor.runScript(TestCaseExecutor.java:448)
	at com.kms.katalon.core.main.TestCaseExecutor.doExecute(TestCaseExecutor.java:439)
	at com.kms.katalon.core.main.TestCaseExecutor.processExecutionPhase(TestCaseExecutor.java:418)
	at com.kms.katalon.core.main.TestCaseExecutor.accessMainPhase(TestCaseExecutor.java:410)
	at com.kms.katalon.core.main.TestCaseExecutor.execute(TestCaseExecutor.java:285)
	at com.kms.katalon.core.main.TestCaseMain.runTestCase(TestCaseMain.java:144)
	at com.kms.katalon.core.keyword.builtin.CallTestCaseKeyword$_callTestCase_closure1.doCall(CallTestCaseKeyword.groovy:59)
	... 132 more
Caused by: com.kms.katalon.core.webui.exception.WebElementNotFoundException: Web element with id: 'Object Repository/verifikasi/Harga Keranjang' located by '(.//*[normalize-space(text()) and normalize-space(.)='Qty.'])[4]/following::b[1]' not found
	at com.kms.katalon.core.webui.common.WebUiCommonHelper.findWebElement(WebUiCommonHelper.java:1381)
	at com.kms.katalon.core.webui.keyword.internal.WebUIAbstractKeyword.findWebElement(WebUIAbstractKeyword.groovy:27)
	at com.kms.katalon.core.webui.keyword.internal.WebUIAbstractKeyword.findWebElement(WebUIAbstractKeyword.groovy:26)
	at com.kms.katalon.core.webui.keyword.builtin.GetTextKeyword$_getText_closure1.doCall(GetTextKeyword.groovy:78)
	at com.kms.katalon.core.webui.keyword.builtin.GetTextKeyword$_getText_closure1.call(GetTextKeyword.groovy)
	at com.kms.katalon.core.webui.keyword.internal.WebUIKeywordMain.runKeyword(WebUIKeywordMain.groovy:20)
	... 147 more
)

2023-10-04 19:58:11 - [TEST_CASE][FAILED] - Test Cases/T13 Pembelian, Shipment dan Pembayaran/PBYA-001: Test Cases/T13 Pembelian, Shipment dan Pembayaran/PBYA-001 FAILED.
Reason:
com.kms.katalon.core.exception.StepFailedException: Call Test Case 'Test Cases/T13 Pembelian, Shipment dan Pembayaran/PBY-004' failed
	at com.kms.katalon.core.keyword.builtin.CallTestCaseKeyword$_callTestCase_closure1.doCall(CallTestCaseKeyword.groovy:63)
	at com.kms.katalon.core.keyword.builtin.CallTestCaseKeyword$_callTestCase_closure1.call(CallTestCaseKeyword.groovy)
	at com.kms.katalon.core.keyword.internal.KeywordMain.runKeyword(KeywordMain.groovy:75)
	at com.kms.katalon.core.keyword.builtin.CallTestCaseKeyword.callTestCase(CallTestCaseKeyword.groovy:81)
	at com.kms.katalon.core.keyword.builtin.CallTestCaseKeyword.execute(CallTestCaseKeyword.groovy:44)
	at com.kms.katalon.core.keyword.internal.KeywordExecutor.executeKeywordForPlatform(KeywordExecutor.groovy:74)
	at com.kms.katalon.core.keyword.BuiltinKeywords.callTestCase(BuiltinKeywords.groovy:310)
	at PBYA-001.run(PBYA-001:20)
	at com.kms.katalon.core.main.ScriptEngine.run(ScriptEngine.java:194)
	at com.kms.katalon.core.main.ScriptEngine.runScriptAsRawText(ScriptEngine.java:119)
	at com.kms.katalon.core.main.TestCaseExecutor.runScript(TestCaseExecutor.java:448)
	at com.kms.katalon.core.main.TestCaseExecutor.doExecute(TestCaseExecutor.java:439)
	at com.kms.katalon.core.main.TestCaseExecutor.processExecutionPhase(TestCaseExecutor.java:418)
	at com.kms.katalon.core.main.TestCaseExecutor.accessMainPhase(TestCaseExecutor.java:410)
	at com.kms.katalon.core.main.TestCaseExecutor.execute(TestCaseExecutor.java:285)
	at com.kms.katalon.core.main.TestCaseMain.runTestCase(TestCaseMain.java:144)
	at com.kms.katalon.core.keyword.builtin.CallTestCaseKeyword$_callTestCase_closure1.doCall(CallTestCaseKeyword.groovy:59)
	at com.kms.katalon.core.keyword.builtin.CallTestCaseKeyword$_callTestCase_closure1.call(CallTestCaseKeyword.groovy)
	at com.kms.katalon.core.keyword.internal.KeywordMain.runKeyword(KeywordMain.groovy:75)
	at com.kms.katalon.core.keyword.builtin.CallTestCaseKeyword.callTestCase(CallTestCaseKeyword.groovy:81)
	at com.kms.katalon.core.keyword.builtin.CallTestCaseKeyword.execute(CallTestCaseKeyword.groovy:44)
	at com.kms.katalon.core.keyword.internal.KeywordExecutor.executeKeywordForPlatform(KeywordExecutor.groovy:74)
	at com.kms.katalon.core.keyword.BuiltinKeywords.callTestCase(BuiltinKeywords.groovy:310)
	at SA-001.run(SA-001:20)
	at com.kms.katalon.core.main.ScriptEngine.run(ScriptEngine.java:194)
	at com.kms.katalon.core.main.ScriptEngine.runScriptAsRawText(ScriptEngine.java:119)
	at com.kms.katalon.core.main.TestCaseExecutor.runScript(TestCaseExecutor.java:448)
	at com.kms.katalon.core.main.TestCaseExecutor.doExecute(TestCaseExecutor.java:439)
	at com.kms.katalon.core.main.TestCaseExecutor.processExecutionPhase(TestCaseExecutor.java:418)
	at com.kms.katalon.core.main.TestCaseExecutor.accessMainPhase(TestCaseExecutor.java:410)
	at com.kms.katalon.core.main.TestCaseExecutor.execute(TestCaseExecutor.java:285)
	at com.kms.katalon.core.main.TestCaseMain.runTestCase(TestCaseMain.java:144)
	at com.kms.katalon.core.keyword.builtin.CallTestCaseKeyword$_callTestCase_closure1.doCall(CallTestCaseKeyword.groovy:59)
	at com.kms.katalon.core.keyword.builtin.CallTestCaseKeyword$_callTestCase_closure1.call(CallTestCaseKeyword.groovy)
	at com.kms.katalon.core.keyword.internal.KeywordMain.runKeyword(KeywordMain.groovy:75)
	at com.kms.katalon.core.keyword.builtin.CallTestCaseKeyword.callTestCase(CallTestCaseKeyword.groovy:81)
	at com.kms.katalon.core.keyword.builtin.CallTestCaseKeyword.execute(CallTestCaseKeyword.groovy:44)
	at com.kms.katalon.core.keyword.internal.KeywordExecutor.executeKeywordForPlatform(KeywordExecutor.groovy:74)
	at com.kms.katalon.core.keyword.BuiltinKeywords.callTestCase(BuiltinKeywords.groovy:310)
	at SA-002.run(SA-002:20)
	at com.kms.katalon.core.main.ScriptEngine.run(ScriptEngine.java:194)
	at com.kms.katalon.core.main.ScriptEngine.runScriptAsRawText(ScriptEngine.java:119)
	at com.kms.katalon.core.main.TestCaseExecutor.runScript(TestCaseExecutor.java:448)
	at com.kms.katalon.core.main.TestCaseExecutor.doExecute(TestCaseExecutor.java:439)
	at com.kms.katalon.core.main.TestCaseExecutor.processExecutionPhase(TestCaseExecutor.java:418)
	at com.kms.katalon.core.main.TestCaseExecutor.accessMainPhase(TestCaseExecutor.java:410)
	at com.kms.katalon.core.main.TestCaseExecutor.execute(TestCaseExecutor.java:285)
	at com.kms.katalon.core.main.TestCaseMain.runTestCase(TestCaseMain.java:144)
	at com.kms.katalon.core.keyword.builtin.CallTestCaseKeyword$_callTestCase_closure1.doCall(CallTestCaseKeyword.groovy:59)
	at com.kms.katalon.core.keyword.builtin.CallTestCaseKeyword$_callTestCase_closure1.call(CallTestCaseKeyword.groovy)
	at com.kms.katalon.core.keyword.internal.KeywordMain.runKeyword(KeywordMain.groovy:75)
	at com.kms.katalon.core.keyword.builtin.CallTestCaseKeyword.callTestCase(CallTestCaseKeyword.groovy:81)
	at com.kms.katalon.core.keyword.builtin.CallTestCaseKeyword.execute(CallTestCaseKeyword.groovy:44)
	at com.kms.katalon.core.keyword.internal.KeywordExecutor.executeKeywordForPlatform(KeywordExecutor.groovy:74)
	at com.kms.katalon.core.keyword.BuiltinKeywords.callTestCase(BuiltinKeywords.groovy:310)
	at SA-005.run(SA-005:20)
	at com.kms.katalon.core.main.ScriptEngine.run(ScriptEngine.java:194)
	at com.kms.katalon.core.main.ScriptEngine.runScriptAsRawText(ScriptEngine.java:119)
	at com.kms.katalon.core.main.TestCaseExecutor.runScript(TestCaseExecutor.java:448)
	at com.kms.katalon.core.main.TestCaseExecutor.doExecute(TestCaseExecutor.java:439)
	at com.kms.katalon.core.main.TestCaseExecutor.processExecutionPhase(TestCaseExecutor.java:418)
	at com.kms.katalon.core.main.TestCaseExecutor.accessMainPhase(TestCaseExecutor.java:410)
	at com.kms.katalon.core.main.TestCaseExecutor.execute(TestCaseExecutor.java:285)
	at com.kms.katalon.core.main.TestCaseMain.runTestCase(TestCaseMain.java:144)
	at com.kms.katalon.core.keyword.builtin.CallTestCaseKeyword$_callTestCase_closure1.doCall(CallTestCaseKeyword.groovy:59)
	at com.kms.katalon.core.keyword.builtin.CallTestCaseKeyword$_callTestCase_closure1.call(CallTestCaseKeyword.groovy)
	at com.kms.katalon.core.keyword.internal.KeywordMain.runKeyword(KeywordMain.groovy:75)
	at com.kms.katalon.core.keyword.builtin.CallTestCaseKeyword.callTestCase(CallTestCaseKeyword.groovy:81)
	at com.kms.katalon.core.keyword.builtin.CallTestCaseKeyword.execute(CallTestCaseKeyword.groovy:44)
	at com.kms.katalon.core.keyword.internal.KeywordExecutor.executeKeywordForPlatform(KeywordExecutor.groovy:74)
	at com.kms.katalon.core.keyword.BuiltinKeywords.callTestCase(BuiltinKeywords.groovy:310)
	at SU-012.run(SU-012:20)
	at com.kms.katalon.core.main.ScriptEngine.run(ScriptEngine.java:194)
	at com.kms.katalon.core.main.ScriptEngine.runScriptAsRawText(ScriptEngine.java:119)
	at com.kms.katalon.core.main.TestCaseExecutor.runScript(TestCaseExecutor.java:448)
	at com.kms.katalon.core.main.TestCaseExecutor.doExecute(TestCaseExecutor.java:439)
	at com.kms.katalon.core.main.TestCaseExecutor.processExecutionPhase(TestCaseExecutor.java:418)
	at com.kms.katalon.core.main.TestCaseExecutor.accessMainPhase(TestCaseExecutor.java:410)
	at com.kms.katalon.core.main.TestCaseExecutor.execute(TestCaseExecutor.java:285)
	at com.kms.katalon.core.common.CommonExecutor.accessTestCaseMainPhase(CommonExecutor.java:65)
	at com.kms.katalon.core.main.TestSuiteExecutor.accessTestSuiteMainPhase(TestSuiteExecutor.java:148)
	at com.kms.katalon.core.main.TestSuiteExecutor.execute(TestSuiteExecutor.java:106)
	at com.kms.katalon.core.main.TestCaseMain.startTestSuite(TestCaseMain.java:187)
	at com.kms.katalon.core.main.TestCaseMain$startTestSuite$0.call(Unknown Source)
	at TempTestSuite1696420804604.run(TempTestSuite1696420804604.groovy:36)
Caused by: com.kms.katalon.core.exception.StepFailedException: Call Test Case 'Test Cases/T13 Pembelian, Shipment dan Pembayaran/PBY-001' failed
	at com.kms.katalon.core.keyword.builtin.CallTestCaseKeyword$_callTestCase_closure1.doCall(CallTestCaseKeyword.groovy:63)
	at com.kms.katalon.core.keyword.builtin.CallTestCaseKeyword$_callTestCase_closure1.call(CallTestCaseKeyword.groovy)
	at com.kms.katalon.core.keyword.internal.KeywordMain.runKeyword(KeywordMain.groovy:75)
	at com.kms.katalon.core.keyword.builtin.CallTestCaseKeyword.callTestCase(CallTestCaseKeyword.groovy:81)
	at com.kms.katalon.core.keyword.builtin.CallTestCaseKeyword.execute(CallTestCaseKeyword.groovy:44)
	at com.kms.katalon.core.keyword.internal.KeywordExecutor.executeKeywordForPlatform(KeywordExecutor.groovy:74)
	at com.kms.katalon.core.keyword.BuiltinKeywords.callTestCase(BuiltinKeywords.groovy:310)
	at PBY-004.run(PBY-004:20)
	at com.kms.katalon.core.main.ScriptEngine.run(ScriptEngine.java:194)
	at com.kms.katalon.core.main.ScriptEngine.runScriptAsRawText(ScriptEngine.java:119)
	at com.kms.katalon.core.main.TestCaseExecutor.runScript(TestCaseExecutor.java:448)
	at com.kms.katalon.core.main.TestCaseExecutor.doExecute(TestCaseExecutor.java:439)
	at com.kms.katalon.core.main.TestCaseExecutor.processExecutionPhase(TestCaseExecutor.java:418)
	at com.kms.katalon.core.main.TestCaseExecutor.accessMainPhase(TestCaseExecutor.java:410)
	at com.kms.katalon.core.main.TestCaseExecutor.execute(TestCaseExecutor.java:285)
	at com.kms.katalon.core.main.TestCaseMain.runTestCase(TestCaseMain.java:144)
	at com.kms.katalon.core.keyword.builtin.CallTestCaseKeyword$_callTestCase_closure1.doCall(CallTestCaseKeyword.groovy:59)
	... 84 more
Caused by: com.kms.katalon.core.exception.StepFailedException: Call Test Case 'Test Cases/T13 Pembelian, Shipment dan Pembayaran/PBL-004' failed
	at com.kms.katalon.core.keyword.builtin.CallTestCaseKeyword$_callTestCase_closure1.doCall(CallTestCaseKeyword.groovy:63)
	at com.kms.katalon.core.keyword.builtin.CallTestCaseKeyword$_callTestCase_closure1.call(CallTestCaseKeyword.groovy)
	at com.kms.katalon.core.keyword.internal.KeywordMain.runKeyword(KeywordMain.groovy:75)
	at com.kms.katalon.core.keyword.builtin.CallTestCaseKeyword.callTestCase(CallTestCaseKeyword.groovy:81)
	at com.kms.katalon.core.keyword.builtin.CallTestCaseKeyword.execute(CallTestCaseKeyword.groovy:44)
	at com.kms.katalon.core.keyword.internal.KeywordExecutor.executeKeywordForPlatform(KeywordExecutor.groovy:74)
	at com.kms.katalon.core.keyword.BuiltinKeywords.callTestCase(BuiltinKeywords.groovy:310)
	at PBY-001.run(PBY-001:20)
	at com.kms.katalon.core.main.ScriptEngine.run(ScriptEngine.java:194)
	at com.kms.katalon.core.main.ScriptEngine.runScriptAsRawText(ScriptEngine.java:119)
	at com.kms.katalon.core.main.TestCaseExecutor.runScript(TestCaseExecutor.java:448)
	at com.kms.katalon.core.main.TestCaseExecutor.doExecute(TestCaseExecutor.java:439)
	at com.kms.katalon.core.main.TestCaseExecutor.processExecutionPhase(TestCaseExecutor.java:418)
	at com.kms.katalon.core.main.TestCaseExecutor.accessMainPhase(TestCaseExecutor.java:410)
	at com.kms.katalon.core.main.TestCaseExecutor.execute(TestCaseExecutor.java:285)
	at com.kms.katalon.core.main.TestCaseMain.runTestCase(TestCaseMain.java:144)
	at com.kms.katalon.core.keyword.builtin.CallTestCaseKeyword$_callTestCase_closure1.doCall(CallTestCaseKeyword.groovy:59)
	... 100 more
Caused by: com.kms.katalon.core.exception.StepFailedException: Call Test Case 'Test Cases/T13 Pembelian, Shipment dan Pembayaran/PBL-002' failed
	at com.kms.katalon.core.keyword.builtin.CallTestCaseKeyword$_callTestCase_closure1.doCall(CallTestCaseKeyword.groovy:63)
	at com.kms.katalon.core.keyword.builtin.CallTestCaseKeyword$_callTestCase_closure1.call(CallTestCaseKeyword.groovy)
	at com.kms.katalon.core.keyword.internal.KeywordMain.runKeyword(KeywordMain.groovy:75)
	at com.kms.katalon.core.keyword.builtin.CallTestCaseKeyword.callTestCase(CallTestCaseKeyword.groovy:81)
	at com.kms.katalon.core.keyword.builtin.CallTestCaseKeyword.execute(CallTestCaseKeyword.groovy:44)
	at com.kms.katalon.core.keyword.internal.KeywordExecutor.executeKeywordForPlatform(KeywordExecutor.groovy:74)
	at com.kms.katalon.core.keyword.BuiltinKeywords.callTestCase(BuiltinKeywords.groovy:310)
	at PBL-004.run(PBL-004:20)
	at com.kms.katalon.core.main.ScriptEngine.run(ScriptEngine.java:194)
	at com.kms.katalon.core.main.ScriptEngine.runScriptAsRawText(ScriptEngine.java:119)
	at com.kms.katalon.core.main.TestCaseExecutor.runScript(TestCaseExecutor.java:448)
	at com.kms.katalon.core.main.TestCaseExecutor.doExecute(TestCaseExecutor.java:439)
	at com.kms.katalon.core.main.TestCaseExecutor.processExecutionPhase(TestCaseExecutor.java:418)
	at com.kms.katalon.core.main.TestCaseExecutor.accessMainPhase(TestCaseExecutor.java:410)
	at com.kms.katalon.core.main.TestCaseExecutor.execute(TestCaseExecutor.java:285)
	at com.kms.katalon.core.main.TestCaseMain.runTestCase(TestCaseMain.java:144)
	at com.kms.katalon.core.keyword.builtin.CallTestCaseKeyword$_callTestCase_closure1.doCall(CallTestCaseKeyword.groovy:59)
	... 116 more
Caused by: com.kms.katalon.core.exception.StepFailedException: Unable to get text of object 'Object Repository/verifikasi/Harga Keranjang'
	at com.kms.katalon.core.webui.keyword.internal.WebUIKeywordMain.stepFailed(WebUIKeywordMain.groovy:64)
	at com.kms.katalon.core.webui.keyword.internal.WebUIKeywordMain.runKeyword(WebUIKeywordMain.groovy:26)
	at com.kms.katalon.core.webui.keyword.builtin.GetTextKeyword.getText(GetTextKeyword.groovy:88)
	at com.kms.katalon.core.webui.keyword.builtin.GetTextKeyword.execute(GetTextKeyword.groovy:67)
	at com.kms.katalon.core.keyword.internal.KeywordExecutor.executeKeywordForPlatform(KeywordExecutor.groovy:74)
	at com.kms.katalon.core.webui.keyword.WebUiBuiltInKeywords.getText(WebUiBuiltInKeywords.groovy:918)
	at com.kms.katalon.core.webui.keyword.WebUiBuiltInKeywords$getText$5.call(Unknown Source)
	at PBL-002.run(PBL-002:31)
	at com.kms.katalon.core.main.ScriptEngine.run(ScriptEngine.java:194)
	at com.kms.katalon.core.main.ScriptEngine.runScriptAsRawText(ScriptEngine.java:119)
	at com.kms.katalon.core.main.TestCaseExecutor.runScript(TestCaseExecutor.java:448)
	at com.kms.katalon.core.main.TestCaseExecutor.doExecute(TestCaseExecutor.java:439)
	at com.kms.katalon.core.main.TestCaseExecutor.processExecutionPhase(TestCaseExecutor.java:418)
	at com.kms.katalon.core.main.TestCaseExecutor.accessMainPhase(TestCaseExecutor.java:410)
	at com.kms.katalon.core.main.TestCaseExecutor.execute(TestCaseExecutor.java:285)
	at com.kms.katalon.core.main.TestCaseMain.runTestCase(TestCaseMain.java:144)
	at com.kms.katalon.core.keyword.builtin.CallTestCaseKeyword$_callTestCase_closure1.doCall(CallTestCaseKeyword.groovy:59)
	... 132 more
Caused by: com.kms.katalon.core.webui.exception.WebElementNotFoundException: Web element with id: 'Object Repository/verifikasi/Harga Keranjang' located by '(.//*[normalize-space(text()) and normalize-space(.)='Qty.'])[4]/following::b[1]' not found
	at com.kms.katalon.core.webui.common.WebUiCommonHelper.findWebElement(WebUiCommonHelper.java:1381)
	at com.kms.katalon.core.webui.keyword.internal.WebUIAbstractKeyword.findWebElement(WebUIAbstractKeyword.groovy:27)
	at com.kms.katalon.core.webui.keyword.internal.WebUIAbstractKeyword.findWebElement(WebUIAbstractKeyword.groovy:26)
	at com.kms.katalon.core.webui.keyword.builtin.GetTextKeyword$_getText_closure1.doCall(GetTextKeyword.groovy:78)
	at com.kms.katalon.core.webui.keyword.builtin.GetTextKeyword$_getText_closure1.call(GetTextKeyword.groovy)
	at com.kms.katalon.core.webui.keyword.internal.WebUIKeywordMain.runKeyword(WebUIKeywordMain.groovy:20)
	... 147 more


2023-10-04 19:58:11 - [TEST_STEP][FAILED] - data = callTestCase(findTestCase("T13 Pembelian, Shipment dan Pembayaran/PBY-004"), [:], STOP_ON_FAILURE): Unable to call Test Case 'Test Cases/T13 Pembelian, Shipment dan Pembayaran/PBY-004' (Root cause: com.kms.katalon.core.exception.StepFailedException: Call Test Case 'Test Cases/T13 Pembelian, Shipment dan Pembayaran/PBY-004' failed
	at com.kms.katalon.core.keyword.builtin.CallTestCaseKeyword$_callTestCase_closure1.doCall(CallTestCaseKeyword.groovy:63)
	at com.kms.katalon.core.keyword.builtin.CallTestCaseKeyword$_callTestCase_closure1.call(CallTestCaseKeyword.groovy)
	at com.kms.katalon.core.keyword.internal.KeywordMain.runKeyword(KeywordMain.groovy:75)
	at com.kms.katalon.core.keyword.builtin.CallTestCaseKeyword.callTestCase(CallTestCaseKeyword.groovy:81)
	at com.kms.katalon.core.keyword.builtin.CallTestCaseKeyword.execute(CallTestCaseKeyword.groovy:44)
	at com.kms.katalon.core.keyword.internal.KeywordExecutor.executeKeywordForPlatform(KeywordExecutor.groovy:74)
	at com.kms.katalon.core.keyword.BuiltinKeywords.callTestCase(BuiltinKeywords.groovy:310)
	at PBYA-001.run(PBYA-001:20)
	at com.kms.katalon.core.main.ScriptEngine.run(ScriptEngine.java:194)
	at com.kms.katalon.core.main.ScriptEngine.runScriptAsRawText(ScriptEngine.java:119)
	at com.kms.katalon.core.main.TestCaseExecutor.runScript(TestCaseExecutor.java:448)
	at com.kms.katalon.core.main.TestCaseExecutor.doExecute(TestCaseExecutor.java:439)
	at com.kms.katalon.core.main.TestCaseExecutor.processExecutionPhase(TestCaseExecutor.java:418)
	at com.kms.katalon.core.main.TestCaseExecutor.accessMainPhase(TestCaseExecutor.java:410)
	at com.kms.katalon.core.main.TestCaseExecutor.execute(TestCaseExecutor.java:285)
	at com.kms.katalon.core.main.TestCaseMain.runTestCase(TestCaseMain.java:144)
	at com.kms.katalon.core.keyword.builtin.CallTestCaseKeyword$_callTestCase_closure1.doCall(CallTestCaseKeyword.groovy:59)
	at com.kms.katalon.core.keyword.builtin.CallTestCaseKeyword$_callTestCase_closure1.call(CallTestCaseKeyword.groovy)
	at com.kms.katalon.core.keyword.internal.KeywordMain.runKeyword(KeywordMain.groovy:75)
	at com.kms.katalon.core.keyword.builtin.CallTestCaseKeyword.callTestCase(CallTestCaseKeyword.groovy:81)
	at com.kms.katalon.core.keyword.builtin.CallTestCaseKeyword.execute(CallTestCaseKeyword.groovy:44)
	at com.kms.katalon.core.keyword.internal.KeywordExecutor.executeKeywordForPlatform(KeywordExecutor.groovy:74)
	at com.kms.katalon.core.keyword.BuiltinKeywords.callTestCase(BuiltinKeywords.groovy:310)
	at SA-001.run(SA-001:20)
	at com.kms.katalon.core.main.ScriptEngine.run(ScriptEngine.java:194)
	at com.kms.katalon.core.main.ScriptEngine.runScriptAsRawText(ScriptEngine.java:119)
	at com.kms.katalon.core.main.TestCaseExecutor.runScript(TestCaseExecutor.java:448)
	at com.kms.katalon.core.main.TestCaseExecutor.doExecute(TestCaseExecutor.java:439)
	at com.kms.katalon.core.main.TestCaseExecutor.processExecutionPhase(TestCaseExecutor.java:418)
	at com.kms.katalon.core.main.TestCaseExecutor.accessMainPhase(TestCaseExecutor.java:410)
	at com.kms.katalon.core.main.TestCaseExecutor.execute(TestCaseExecutor.java:285)
	at com.kms.katalon.core.main.TestCaseMain.runTestCase(TestCaseMain.java:144)
	at com.kms.katalon.core.keyword.builtin.CallTestCaseKeyword$_callTestCase_closure1.doCall(CallTestCaseKeyword.groovy:59)
	at com.kms.katalon.core.keyword.builtin.CallTestCaseKeyword$_callTestCase_closure1.call(CallTestCaseKeyword.groovy)
	at com.kms.katalon.core.keyword.internal.KeywordMain.runKeyword(KeywordMain.groovy:75)
	at com.kms.katalon.core.keyword.builtin.CallTestCaseKeyword.callTestCase(CallTestCaseKeyword.groovy:81)
	at com.kms.katalon.core.keyword.builtin.CallTestCaseKeyword.execute(CallTestCaseKeyword.groovy:44)
	at com.kms.katalon.core.keyword.internal.KeywordExecutor.executeKeywordForPlatform(KeywordExecutor.groovy:74)
	at com.kms.katalon.core.keyword.BuiltinKeywords.callTestCase(BuiltinKeywords.groovy:310)
	at SA-002.run(SA-002:20)
	at com.kms.katalon.core.main.ScriptEngine.run(ScriptEngine.java:194)
	at com.kms.katalon.core.main.ScriptEngine.runScriptAsRawText(ScriptEngine.java:119)
	at com.kms.katalon.core.main.TestCaseExecutor.runScript(TestCaseExecutor.java:448)
	at com.kms.katalon.core.main.TestCaseExecutor.doExecute(TestCaseExecutor.java:439)
	at com.kms.katalon.core.main.TestCaseExecutor.processExecutionPhase(TestCaseExecutor.java:418)
	at com.kms.katalon.core.main.TestCaseExecutor.accessMainPhase(TestCaseExecutor.java:410)
	at com.kms.katalon.core.main.TestCaseExecutor.execute(TestCaseExecutor.java:285)
	at com.kms.katalon.core.main.TestCaseMain.runTestCase(TestCaseMain.java:144)
	at com.kms.katalon.core.keyword.builtin.CallTestCaseKeyword$_callTestCase_closure1.doCall(CallTestCaseKeyword.groovy:59)
	at com.kms.katalon.core.keyword.builtin.CallTestCaseKeyword$_callTestCase_closure1.call(CallTestCaseKeyword.groovy)
	at com.kms.katalon.core.keyword.internal.KeywordMain.runKeyword(KeywordMain.groovy:75)
	at com.kms.katalon.core.keyword.builtin.CallTestCaseKeyword.callTestCase(CallTestCaseKeyword.groovy:81)
	at com.kms.katalon.core.keyword.builtin.CallTestCaseKeyword.execute(CallTestCaseKeyword.groovy:44)
	at com.kms.katalon.core.keyword.internal.KeywordExecutor.executeKeywordForPlatform(KeywordExecutor.groovy:74)
	at com.kms.katalon.core.keyword.BuiltinKeywords.callTestCase(BuiltinKeywords.groovy:310)
	at SA-005.run(SA-005:20)
	at com.kms.katalon.core.main.ScriptEngine.run(ScriptEngine.java:194)
	at com.kms.katalon.core.main.ScriptEngine.runScriptAsRawText(ScriptEngine.java:119)
	at com.kms.katalon.core.main.TestCaseExecutor.runScript(TestCaseExecutor.java:448)
	at com.kms.katalon.core.main.TestCaseExecutor.doExecute(TestCaseExecutor.java:439)
	at com.kms.katalon.core.main.TestCaseExecutor.processExecutionPhase(TestCaseExecutor.java:418)
	at com.kms.katalon.core.main.TestCaseExecutor.accessMainPhase(TestCaseExecutor.java:410)
	at com.kms.katalon.core.main.TestCaseExecutor.execute(TestCaseExecutor.java:285)
	at com.kms.katalon.core.main.TestCaseMain.runTestCase(TestCaseMain.java:144)
	at com.kms.katalon.core.keyword.builtin.CallTestCaseKeyword$_callTestCase_closure1.doCall(CallTestCaseKeyword.groovy:59)
	at com.kms.katalon.core.keyword.builtin.CallTestCaseKeyword$_callTestCase_closure1.call(CallTestCaseKeyword.groovy)
	at com.kms.katalon.core.keyword.internal.KeywordMain.runKeyword(KeywordMain.groovy:75)
	at com.kms.katalon.core.keyword.builtin.CallTestCaseKeyword.callTestCase(CallTestCaseKeyword.groovy:81)
	at com.kms.katalon.core.keyword.builtin.CallTestCaseKeyword.execute(CallTestCaseKeyword.groovy:44)
	at com.kms.katalon.core.keyword.internal.KeywordExecutor.executeKeywordForPlatform(KeywordExecutor.groovy:74)
	at com.kms.katalon.core.keyword.BuiltinKeywords.callTestCase(BuiltinKeywords.groovy:310)
	at SU-012.run(SU-012:20)
	at com.kms.katalon.core.main.ScriptEngine.run(ScriptEngine.java:194)
	at com.kms.katalon.core.main.ScriptEngine.runScriptAsRawText(ScriptEngine.java:119)
	at com.kms.katalon.core.main.TestCaseExecutor.runScript(TestCaseExecutor.java:448)
	at com.kms.katalon.core.main.TestCaseExecutor.doExecute(TestCaseExecutor.java:439)
	at com.kms.katalon.core.main.TestCaseExecutor.processExecutionPhase(TestCaseExecutor.java:418)
	at com.kms.katalon.core.main.TestCaseExecutor.accessMainPhase(TestCaseExecutor.java:410)
	at com.kms.katalon.core.main.TestCaseExecutor.execute(TestCaseExecutor.java:285)
	at com.kms.katalon.core.common.CommonExecutor.accessTestCaseMainPhase(CommonExecutor.java:65)
	at com.kms.katalon.core.main.TestSuiteExecutor.accessTestSuiteMainPhase(TestSuiteExecutor.java:148)
	at com.kms.katalon.core.main.TestSuiteExecutor.execute(TestSuiteExecutor.java:106)
	at com.kms.katalon.core.main.TestCaseMain.startTestSuite(TestCaseMain.java:187)
	at com.kms.katalon.core.main.TestCaseMain$startTestSuite$0.call(Unknown Source)
	at TempTestSuite1696420804604.run(TempTestSuite1696420804604.groovy:36)
Caused by: com.kms.katalon.core.exception.StepFailedException: Call Test Case 'Test Cases/T13 Pembelian, Shipment dan Pembayaran/PBY-001' failed
	at com.kms.katalon.core.keyword.builtin.CallTestCaseKeyword$_callTestCase_closure1.doCall(CallTestCaseKeyword.groovy:63)
	at com.kms.katalon.core.keyword.builtin.CallTestCaseKeyword$_callTestCase_closure1.call(CallTestCaseKeyword.groovy)
	at com.kms.katalon.core.keyword.internal.KeywordMain.runKeyword(KeywordMain.groovy:75)
	at com.kms.katalon.core.keyword.builtin.CallTestCaseKeyword.callTestCase(CallTestCaseKeyword.groovy:81)
	at com.kms.katalon.core.keyword.builtin.CallTestCaseKeyword.execute(CallTestCaseKeyword.groovy:44)
	at com.kms.katalon.core.keyword.internal.KeywordExecutor.executeKeywordForPlatform(KeywordExecutor.groovy:74)
	at com.kms.katalon.core.keyword.BuiltinKeywords.callTestCase(BuiltinKeywords.groovy:310)
	at PBY-004.run(PBY-004:20)
	at com.kms.katalon.core.main.ScriptEngine.run(ScriptEngine.java:194)
	at com.kms.katalon.core.main.ScriptEngine.runScriptAsRawText(ScriptEngine.java:119)
	at com.kms.katalon.core.main.TestCaseExecutor.runScript(TestCaseExecutor.java:448)
	at com.kms.katalon.core.main.TestCaseExecutor.doExecute(TestCaseExecutor.java:439)
	at com.kms.katalon.core.main.TestCaseExecutor.processExecutionPhase(TestCaseExecutor.java:418)
	at com.kms.katalon.core.main.TestCaseExecutor.accessMainPhase(TestCaseExecutor.java:410)
	at com.kms.katalon.core.main.TestCaseExecutor.execute(TestCaseExecutor.java:285)
	at com.kms.katalon.core.main.TestCaseMain.runTestCase(TestCaseMain.java:144)
	at com.kms.katalon.core.keyword.builtin.CallTestCaseKeyword$_callTestCase_closure1.doCall(CallTestCaseKeyword.groovy:59)
	... 84 more
Caused by: com.kms.katalon.core.exception.StepFailedException: Call Test Case 'Test Cases/T13 Pembelian, Shipment dan Pembayaran/PBL-004' failed
	at com.kms.katalon.core.keyword.builtin.CallTestCaseKeyword$_callTestCase_closure1.doCall(CallTestCaseKeyword.groovy:63)
	at com.kms.katalon.core.keyword.builtin.CallTestCaseKeyword$_callTestCase_closure1.call(CallTestCaseKeyword.groovy)
	at com.kms.katalon.core.keyword.internal.KeywordMain.runKeyword(KeywordMain.groovy:75)
	at com.kms.katalon.core.keyword.builtin.CallTestCaseKeyword.callTestCase(CallTestCaseKeyword.groovy:81)
	at com.kms.katalon.core.keyword.builtin.CallTestCaseKeyword.execute(CallTestCaseKeyword.groovy:44)
	at com.kms.katalon.core.keyword.internal.KeywordExecutor.executeKeywordForPlatform(KeywordExecutor.groovy:74)
	at com.kms.katalon.core.keyword.BuiltinKeywords.callTestCase(BuiltinKeywords.groovy:310)
	at PBY-001.run(PBY-001:20)
	at com.kms.katalon.core.main.ScriptEngine.run(ScriptEngine.java:194)
	at com.kms.katalon.core.main.ScriptEngine.runScriptAsRawText(ScriptEngine.java:119)
	at com.kms.katalon.core.main.TestCaseExecutor.runScript(TestCaseExecutor.java:448)
	at com.kms.katalon.core.main.TestCaseExecutor.doExecute(TestCaseExecutor.java:439)
	at com.kms.katalon.core.main.TestCaseExecutor.processExecutionPhase(TestCaseExecutor.java:418)
	at com.kms.katalon.core.main.TestCaseExecutor.accessMainPhase(TestCaseExecutor.java:410)
	at com.kms.katalon.core.main.TestCaseExecutor.execute(TestCaseExecutor.java:285)
	at com.kms.katalon.core.main.TestCaseMain.runTestCase(TestCaseMain.java:144)
	at com.kms.katalon.core.keyword.builtin.CallTestCaseKeyword$_callTestCase_closure1.doCall(CallTestCaseKeyword.groovy:59)
	... 100 more
Caused by: com.kms.katalon.core.exception.StepFailedException: Call Test Case 'Test Cases/T13 Pembelian, Shipment dan Pembayaran/PBL-002' failed
	at com.kms.katalon.core.keyword.builtin.CallTestCaseKeyword$_callTestCase_closure1.doCall(CallTestCaseKeyword.groovy:63)
	at com.kms.katalon.core.keyword.builtin.CallTestCaseKeyword$_callTestCase_closure1.call(CallTestCaseKeyword.groovy)
	at com.kms.katalon.core.keyword.internal.KeywordMain.runKeyword(KeywordMain.groovy:75)
	at com.kms.katalon.core.keyword.builtin.CallTestCaseKeyword.callTestCase(CallTestCaseKeyword.groovy:81)
	at com.kms.katalon.core.keyword.builtin.CallTestCaseKeyword.execute(CallTestCaseKeyword.groovy:44)
	at com.kms.katalon.core.keyword.internal.KeywordExecutor.executeKeywordForPlatform(KeywordExecutor.groovy:74)
	at com.kms.katalon.core.keyword.BuiltinKeywords.callTestCase(BuiltinKeywords.groovy:310)
	at PBL-004.run(PBL-004:20)
	at com.kms.katalon.core.main.ScriptEngine.run(ScriptEngine.java:194)
	at com.kms.katalon.core.main.ScriptEngine.runScriptAsRawText(ScriptEngine.java:119)
	at com.kms.katalon.core.main.TestCaseExecutor.runScript(TestCaseExecutor.java:448)
	at com.kms.katalon.core.main.TestCaseExecutor.doExecute(TestCaseExecutor.java:439)
	at com.kms.katalon.core.main.TestCaseExecutor.processExecutionPhase(TestCaseExecutor.java:418)
	at com.kms.katalon.core.main.TestCaseExecutor.accessMainPhase(TestCaseExecutor.java:410)
	at com.kms.katalon.core.main.TestCaseExecutor.execute(TestCaseExecutor.java:285)
	at com.kms.katalon.core.main.TestCaseMain.runTestCase(TestCaseMain.java:144)
	at com.kms.katalon.core.keyword.builtin.CallTestCaseKeyword$_callTestCase_closure1.doCall(CallTestCaseKeyword.groovy:59)
	... 116 more
Caused by: com.kms.katalon.core.exception.StepFailedException: Unable to get text of object 'Object Repository/verifikasi/Harga Keranjang'
	at com.kms.katalon.core.webui.keyword.internal.WebUIKeywordMain.stepFailed(WebUIKeywordMain.groovy:64)
	at com.kms.katalon.core.webui.keyword.internal.WebUIKeywordMain.runKeyword(WebUIKeywordMain.groovy:26)
	at com.kms.katalon.core.webui.keyword.builtin.GetTextKeyword.getText(GetTextKeyword.groovy:88)
	at com.kms.katalon.core.webui.keyword.builtin.GetTextKeyword.execute(GetTextKeyword.groovy:67)
	at com.kms.katalon.core.keyword.internal.KeywordExecutor.executeKeywordForPlatform(KeywordExecutor.groovy:74)
	at com.kms.katalon.core.webui.keyword.WebUiBuiltInKeywords.getText(WebUiBuiltInKeywords.groovy:918)
	at com.kms.katalon.core.webui.keyword.WebUiBuiltInKeywords$getText$5.call(Unknown Source)
	at PBL-002.run(PBL-002:31)
	at com.kms.katalon.core.main.ScriptEngine.run(ScriptEngine.java:194)
	at com.kms.katalon.core.main.ScriptEngine.runScriptAsRawText(ScriptEngine.java:119)
	at com.kms.katalon.core.main.TestCaseExecutor.runScript(TestCaseExecutor.java:448)
	at com.kms.katalon.core.main.TestCaseExecutor.doExecute(TestCaseExecutor.java:439)
	at com.kms.katalon.core.main.TestCaseExecutor.processExecutionPhase(TestCaseExecutor.java:418)
	at com.kms.katalon.core.main.TestCaseExecutor.accessMainPhase(TestCaseExecutor.java:410)
	at com.kms.katalon.core.main.TestCaseExecutor.execute(TestCaseExecutor.java:285)
	at com.kms.katalon.core.main.TestCaseMain.runTestCase(TestCaseMain.java:144)
	at com.kms.katalon.core.keyword.builtin.CallTestCaseKeyword$_callTestCase_closure1.doCall(CallTestCaseKeyword.groovy:59)
	... 132 more
Caused by: com.kms.katalon.core.webui.exception.WebElementNotFoundException: Web element with id: 'Object Repository/verifikasi/Harga Keranjang' located by '(.//*[normalize-space(text()) and normalize-space(.)='Qty.'])[4]/following::b[1]' not found
	at com.kms.katalon.core.webui.common.WebUiCommonHelper.findWebElement(WebUiCommonHelper.java:1381)
	at com.kms.katalon.core.webui.keyword.internal.WebUIAbstractKeyword.findWebElement(WebUIAbstractKeyword.groovy:27)
	at com.kms.katalon.core.webui.keyword.internal.WebUIAbstractKeyword.findWebElement(WebUIAbstractKeyword.groovy:26)
	at com.kms.katalon.core.webui.keyword.builtin.GetTextKeyword$_getText_closure1.doCall(GetTextKeyword.groovy:78)
	at com.kms.katalon.core.webui.keyword.builtin.GetTextKeyword$_getText_closure1.call(GetTextKeyword.groovy)
	at com.kms.katalon.core.webui.keyword.internal.WebUIKeywordMain.runKeyword(WebUIKeywordMain.groovy:20)
	... 147 more
)

2023-10-04 19:58:11 - [TEST_CASE][FAILED] - Test Cases/T13 Pembelian, Shipment dan Pembayaran/PBY-004: Test Cases/T13 Pembelian, Shipment dan Pembayaran/PBY-004 FAILED.
Reason:
com.kms.katalon.core.exception.StepFailedException: Call Test Case 'Test Cases/T13 Pembelian, Shipment dan Pembayaran/PBY-001' failed
	at com.kms.katalon.core.keyword.builtin.CallTestCaseKeyword$_callTestCase_closure1.doCall(CallTestCaseKeyword.groovy:63)
	at com.kms.katalon.core.keyword.builtin.CallTestCaseKeyword$_callTestCase_closure1.call(CallTestCaseKeyword.groovy)
	at com.kms.katalon.core.keyword.internal.KeywordMain.runKeyword(KeywordMain.groovy:75)
	at com.kms.katalon.core.keyword.builtin.CallTestCaseKeyword.callTestCase(CallTestCaseKeyword.groovy:81)
	at com.kms.katalon.core.keyword.builtin.CallTestCaseKeyword.execute(CallTestCaseKeyword.groovy:44)
	at com.kms.katalon.core.keyword.internal.KeywordExecutor.executeKeywordForPlatform(KeywordExecutor.groovy:74)
	at com.kms.katalon.core.keyword.BuiltinKeywords.callTestCase(BuiltinKeywords.groovy:310)
	at PBY-004.run(PBY-004:20)
	at com.kms.katalon.core.main.ScriptEngine.run(ScriptEngine.java:194)
	at com.kms.katalon.core.main.ScriptEngine.runScriptAsRawText(ScriptEngine.java:119)
	at com.kms.katalon.core.main.TestCaseExecutor.runScript(TestCaseExecutor.java:448)
	at com.kms.katalon.core.main.TestCaseExecutor.doExecute(TestCaseExecutor.java:439)
	at com.kms.katalon.core.main.TestCaseExecutor.processExecutionPhase(TestCaseExecutor.java:418)
	at com.kms.katalon.core.main.TestCaseExecutor.accessMainPhase(TestCaseExecutor.java:410)
	at com.kms.katalon.core.main.TestCaseExecutor.execute(TestCaseExecutor.java:285)
	at com.kms.katalon.core.main.TestCaseMain.runTestCase(TestCaseMain.java:144)
	at com.kms.katalon.core.keyword.builtin.CallTestCaseKeyword$_callTestCase_closure1.doCall(CallTestCaseKeyword.groovy:59)
	at com.kms.katalon.core.keyword.builtin.CallTestCaseKeyword$_callTestCase_closure1.call(CallTestCaseKeyword.groovy)
	at com.kms.katalon.core.keyword.internal.KeywordMain.runKeyword(KeywordMain.groovy:75)
	at com.kms.katalon.core.keyword.builtin.CallTestCaseKeyword.callTestCase(CallTestCaseKeyword.groovy:81)
	at com.kms.katalon.core.keyword.builtin.CallTestCaseKeyword.execute(CallTestCaseKeyword.groovy:44)
	at com.kms.katalon.core.keyword.internal.KeywordExecutor.executeKeywordForPlatform(KeywordExecutor.groovy:74)
	at com.kms.katalon.core.keyword.BuiltinKeywords.callTestCase(BuiltinKeywords.groovy:310)
	at PBYA-001.run(PBYA-001:20)
	at com.kms.katalon.core.main.ScriptEngine.run(ScriptEngine.java:194)
	at com.kms.katalon.core.main.ScriptEngine.runScriptAsRawText(ScriptEngine.java:119)
	at com.kms.katalon.core.main.TestCaseExecutor.runScript(TestCaseExecutor.java:448)
	at com.kms.katalon.core.main.TestCaseExecutor.doExecute(TestCaseExecutor.java:439)
	at com.kms.katalon.core.main.TestCaseExecutor.processExecutionPhase(TestCaseExecutor.java:418)
	at com.kms.katalon.core.main.TestCaseExecutor.accessMainPhase(TestCaseExecutor.java:410)
	at com.kms.katalon.core.main.TestCaseExecutor.execute(TestCaseExecutor.java:285)
	at com.kms.katalon.core.main.TestCaseMain.runTestCase(TestCaseMain.java:144)
	at com.kms.katalon.core.keyword.builtin.CallTestCaseKeyword$_callTestCase_closure1.doCall(CallTestCaseKeyword.groovy:59)
	at com.kms.katalon.core.keyword.builtin.CallTestCaseKeyword$_callTestCase_closure1.call(CallTestCaseKeyword.groovy)
	at com.kms.katalon.core.keyword.internal.KeywordMain.runKeyword(KeywordMain.groovy:75)
	at com.kms.katalon.core.keyword.builtin.CallTestCaseKeyword.callTestCase(CallTestCaseKeyword.groovy:81)
	at com.kms.katalon.core.keyword.builtin.CallTestCaseKeyword.execute(CallTestCaseKeyword.groovy:44)
	at com.kms.katalon.core.keyword.internal.KeywordExecutor.executeKeywordForPlatform(KeywordExecutor.groovy:74)
	at com.kms.katalon.core.keyword.BuiltinKeywords.callTestCase(BuiltinKeywords.groovy:310)
	at SA-001.run(SA-001:20)
	at com.kms.katalon.core.main.ScriptEngine.run(ScriptEngine.java:194)
	at com.kms.katalon.core.main.ScriptEngine.runScriptAsRawText(ScriptEngine.java:119)
	at com.kms.katalon.core.main.TestCaseExecutor.runScript(TestCaseExecutor.java:448)
	at com.kms.katalon.core.main.TestCaseExecutor.doExecute(TestCaseExecutor.java:439)
	at com.kms.katalon.core.main.TestCaseExecutor.processExecutionPhase(TestCaseExecutor.java:418)
	at com.kms.katalon.core.main.TestCaseExecutor.accessMainPhase(TestCaseExecutor.java:410)
	at com.kms.katalon.core.main.TestCaseExecutor.execute(TestCaseExecutor.java:285)
	at com.kms.katalon.core.main.TestCaseMain.runTestCase(TestCaseMain.java:144)
	at com.kms.katalon.core.keyword.builtin.CallTestCaseKeyword$_callTestCase_closure1.doCall(CallTestCaseKeyword.groovy:59)
	at com.kms.katalon.core.keyword.builtin.CallTestCaseKeyword$_callTestCase_closure1.call(CallTestCaseKeyword.groovy)
	at com.kms.katalon.core.keyword.internal.KeywordMain.runKeyword(KeywordMain.groovy:75)
	at com.kms.katalon.core.keyword.builtin.CallTestCaseKeyword.callTestCase(CallTestCaseKeyword.groovy:81)
	at com.kms.katalon.core.keyword.builtin.CallTestCaseKeyword.execute(CallTestCaseKeyword.groovy:44)
	at com.kms.katalon.core.keyword.internal.KeywordExecutor.executeKeywordForPlatform(KeywordExecutor.groovy:74)
	at com.kms.katalon.core.keyword.BuiltinKeywords.callTestCase(BuiltinKeywords.groovy:310)
	at SA-002.run(SA-002:20)
	at com.kms.katalon.core.main.ScriptEngine.run(ScriptEngine.java:194)
	at com.kms.katalon.core.main.ScriptEngine.runScriptAsRawText(ScriptEngine.java:119)
	at com.kms.katalon.core.main.TestCaseExecutor.runScript(TestCaseExecutor.java:448)
	at com.kms.katalon.core.main.TestCaseExecutor.doExecute(TestCaseExecutor.java:439)
	at com.kms.katalon.core.main.TestCaseExecutor.processExecutionPhase(TestCaseExecutor.java:418)
	at com.kms.katalon.core.main.TestCaseExecutor.accessMainPhase(TestCaseExecutor.java:410)
	at com.kms.katalon.core.main.TestCaseExecutor.execute(TestCaseExecutor.java:285)
	at com.kms.katalon.core.main.TestCaseMain.runTestCase(TestCaseMain.java:144)
	at com.kms.katalon.core.keyword.builtin.CallTestCaseKeyword$_callTestCase_closure1.doCall(CallTestCaseKeyword.groovy:59)
	at com.kms.katalon.core.keyword.builtin.CallTestCaseKeyword$_callTestCase_closure1.call(CallTestCaseKeyword.groovy)
	at com.kms.katalon.core.keyword.internal.KeywordMain.runKeyword(KeywordMain.groovy:75)
	at com.kms.katalon.core.keyword.builtin.CallTestCaseKeyword.callTestCase(CallTestCaseKeyword.groovy:81)
	at com.kms.katalon.core.keyword.builtin.CallTestCaseKeyword.execute(CallTestCaseKeyword.groovy:44)
	at com.kms.katalon.core.keyword.internal.KeywordExecutor.executeKeywordForPlatform(KeywordExecutor.groovy:74)
	at com.kms.katalon.core.keyword.BuiltinKeywords.callTestCase(BuiltinKeywords.groovy:310)
	at SA-005.run(SA-005:20)
	at com.kms.katalon.core.main.ScriptEngine.run(ScriptEngine.java:194)
	at com.kms.katalon.core.main.ScriptEngine.runScriptAsRawText(ScriptEngine.java:119)
	at com.kms.katalon.core.main.TestCaseExecutor.runScript(TestCaseExecutor.java:448)
	at com.kms.katalon.core.main.TestCaseExecutor.doExecute(TestCaseExecutor.java:439)
	at com.kms.katalon.core.main.TestCaseExecutor.processExecutionPhase(TestCaseExecutor.java:418)
	at com.kms.katalon.core.main.TestCaseExecutor.accessMainPhase(TestCaseExecutor.java:410)
	at com.kms.katalon.core.main.TestCaseExecutor.execute(TestCaseExecutor.java:285)
	at com.kms.katalon.core.main.TestCaseMain.runTestCase(TestCaseMain.java:144)
	at com.kms.katalon.core.keyword.builtin.CallTestCaseKeyword$_callTestCase_closure1.doCall(CallTestCaseKeyword.groovy:59)
	at com.kms.katalon.core.keyword.builtin.CallTestCaseKeyword$_callTestCase_closure1.call(CallTestCaseKeyword.groovy)
	at com.kms.katalon.core.keyword.internal.KeywordMain.runKeyword(KeywordMain.groovy:75)
	at com.kms.katalon.core.keyword.builtin.CallTestCaseKeyword.callTestCase(CallTestCaseKeyword.groovy:81)
	at com.kms.katalon.core.keyword.builtin.CallTestCaseKeyword.execute(CallTestCaseKeyword.groovy:44)
	at com.kms.katalon.core.keyword.internal.KeywordExecutor.executeKeywordForPlatform(KeywordExecutor.groovy:74)
	at com.kms.katalon.core.keyword.BuiltinKeywords.callTestCase(BuiltinKeywords.groovy:310)
	at SU-012.run(SU-012:20)
	at com.kms.katalon.core.main.ScriptEngine.run(ScriptEngine.java:194)
	at com.kms.katalon.core.main.ScriptEngine.runScriptAsRawText(ScriptEngine.java:119)
	at com.kms.katalon.core.main.TestCaseExecutor.runScript(TestCaseExecutor.java:448)
	at com.kms.katalon.core.main.TestCaseExecutor.doExecute(TestCaseExecutor.java:439)
	at com.kms.katalon.core.main.TestCaseExecutor.processExecutionPhase(TestCaseExecutor.java:418)
	at com.kms.katalon.core.main.TestCaseExecutor.accessMainPhase(TestCaseExecutor.java:410)
	at com.kms.katalon.core.main.TestCaseExecutor.execute(TestCaseExecutor.java:285)
	at com.kms.katalon.core.common.CommonExecutor.accessTestCaseMainPhase(CommonExecutor.java:65)
	at com.kms.katalon.core.main.TestSuiteExecutor.accessTestSuiteMainPhase(TestSuiteExecutor.java:148)
	at com.kms.katalon.core.main.TestSuiteExecutor.execute(TestSuiteExecutor.java:106)
	at com.kms.katalon.core.main.TestCaseMain.startTestSuite(TestCaseMain.java:187)
	at com.kms.katalon.core.main.TestCaseMain$startTestSuite$0.call(Unknown Source)
	at TempTestSuite1696420804604.run(TempTestSuite1696420804604.groovy:36)
Caused by: com.kms.katalon.core.exception.StepFailedException: Call Test Case 'Test Cases/T13 Pembelian, Shipment dan Pembayaran/PBL-004' failed
	at com.kms.katalon.core.keyword.builtin.CallTestCaseKeyword$_callTestCase_closure1.doCall(CallTestCaseKeyword.groovy:63)
	at com.kms.katalon.core.keyword.builtin.CallTestCaseKeyword$_callTestCase_closure1.call(CallTestCaseKeyword.groovy)
	at com.kms.katalon.core.keyword.internal.KeywordMain.runKeyword(KeywordMain.groovy:75)
	at com.kms.katalon.core.keyword.builtin.CallTestCaseKeyword.callTestCase(CallTestCaseKeyword.groovy:81)
	at com.kms.katalon.core.keyword.builtin.CallTestCaseKeyword.execute(CallTestCaseKeyword.groovy:44)
	at com.kms.katalon.core.keyword.internal.KeywordExecutor.executeKeywordForPlatform(KeywordExecutor.groovy:74)
	at com.kms.katalon.core.keyword.BuiltinKeywords.callTestCase(BuiltinKeywords.groovy:310)
	at PBY-001.run(PBY-001:20)
	at com.kms.katalon.core.main.ScriptEngine.run(ScriptEngine.java:194)
	at com.kms.katalon.core.main.ScriptEngine.runScriptAsRawText(ScriptEngine.java:119)
	at com.kms.katalon.core.main.TestCaseExecutor.runScript(TestCaseExecutor.java:448)
	at com.kms.katalon.core.main.TestCaseExecutor.doExecute(TestCaseExecutor.java:439)
	at com.kms.katalon.core.main.TestCaseExecutor.processExecutionPhase(TestCaseExecutor.java:418)
	at com.kms.katalon.core.main.TestCaseExecutor.accessMainPhase(TestCaseExecutor.java:410)
	at com.kms.katalon.core.main.TestCaseExecutor.execute(TestCaseExecutor.java:285)
	at com.kms.katalon.core.main.TestCaseMain.runTestCase(TestCaseMain.java:144)
	at com.kms.katalon.core.keyword.builtin.CallTestCaseKeyword$_callTestCase_closure1.doCall(CallTestCaseKeyword.groovy:59)
	... 100 more
Caused by: com.kms.katalon.core.exception.StepFailedException: Call Test Case 'Test Cases/T13 Pembelian, Shipment dan Pembayaran/PBL-002' failed
	at com.kms.katalon.core.keyword.builtin.CallTestCaseKeyword$_callTestCase_closure1.doCall(CallTestCaseKeyword.groovy:63)
	at com.kms.katalon.core.keyword.builtin.CallTestCaseKeyword$_callTestCase_closure1.call(CallTestCaseKeyword.groovy)
	at com.kms.katalon.core.keyword.internal.KeywordMain.runKeyword(KeywordMain.groovy:75)
	at com.kms.katalon.core.keyword.builtin.CallTestCaseKeyword.callTestCase(CallTestCaseKeyword.groovy:81)
	at com.kms.katalon.core.keyword.builtin.CallTestCaseKeyword.execute(CallTestCaseKeyword.groovy:44)
	at com.kms.katalon.core.keyword.internal.KeywordExecutor.executeKeywordForPlatform(KeywordExecutor.groovy:74)
	at com.kms.katalon.core.keyword.BuiltinKeywords.callTestCase(BuiltinKeywords.groovy:310)
	at PBL-004.run(PBL-004:20)
	at com.kms.katalon.core.main.ScriptEngine.run(ScriptEngine.java:194)
	at com.kms.katalon.core.main.ScriptEngine.runScriptAsRawText(ScriptEngine.java:119)
	at com.kms.katalon.core.main.TestCaseExecutor.runScript(TestCaseExecutor.java:448)
	at com.kms.katalon.core.main.TestCaseExecutor.doExecute(TestCaseExecutor.java:439)
	at com.kms.katalon.core.main.TestCaseExecutor.processExecutionPhase(TestCaseExecutor.java:418)
	at com.kms.katalon.core.main.TestCaseExecutor.accessMainPhase(TestCaseExecutor.java:410)
	at com.kms.katalon.core.main.TestCaseExecutor.execute(TestCaseExecutor.java:285)
	at com.kms.katalon.core.main.TestCaseMain.runTestCase(TestCaseMain.java:144)
	at com.kms.katalon.core.keyword.builtin.CallTestCaseKeyword$_callTestCase_closure1.doCall(CallTestCaseKeyword.groovy:59)
	... 116 more
Caused by: com.kms.katalon.core.exception.StepFailedException: Unable to get text of object 'Object Repository/verifikasi/Harga Keranjang'
	at com.kms.katalon.core.webui.keyword.internal.WebUIKeywordMain.stepFailed(WebUIKeywordMain.groovy:64)
	at com.kms.katalon.core.webui.keyword.internal.WebUIKeywordMain.runKeyword(WebUIKeywordMain.groovy:26)
	at com.kms.katalon.core.webui.keyword.builtin.GetTextKeyword.getText(GetTextKeyword.groovy:88)
	at com.kms.katalon.core.webui.keyword.builtin.GetTextKeyword.execute(GetTextKeyword.groovy:67)
	at com.kms.katalon.core.keyword.internal.KeywordExecutor.executeKeywordForPlatform(KeywordExecutor.groovy:74)
	at com.kms.katalon.core.webui.keyword.WebUiBuiltInKeywords.getText(WebUiBuiltInKeywords.groovy:918)
	at com.kms.katalon.core.webui.keyword.WebUiBuiltInKeywords$getText$5.call(Unknown Source)
	at PBL-002.run(PBL-002:31)
	at com.kms.katalon.core.main.ScriptEngine.run(ScriptEngine.java:194)
	at com.kms.katalon.core.main.ScriptEngine.runScriptAsRawText(ScriptEngine.java:119)
	at com.kms.katalon.core.main.TestCaseExecutor.runScript(TestCaseExecutor.java:448)
	at com.kms.katalon.core.main.TestCaseExecutor.doExecute(TestCaseExecutor.java:439)
	at com.kms.katalon.core.main.TestCaseExecutor.processExecutionPhase(TestCaseExecutor.java:418)
	at com.kms.katalon.core.main.TestCaseExecutor.accessMainPhase(TestCaseExecutor.java:410)
	at com.kms.katalon.core.main.TestCaseExecutor.execute(TestCaseExecutor.java:285)
	at com.kms.katalon.core.main.TestCaseMain.runTestCase(TestCaseMain.java:144)
	at com.kms.katalon.core.keyword.builtin.CallTestCaseKeyword$_callTestCase_closure1.doCall(CallTestCaseKeyword.groovy:59)
	... 132 more
Caused by: com.kms.katalon.core.webui.exception.WebElementNotFoundException: Web element with id: 'Object Repository/verifikasi/Harga Keranjang' located by '(.//*[normalize-space(text()) and normalize-space(.)='Qty.'])[4]/following::b[1]' not found
	at com.kms.katalon.core.webui.common.WebUiCommonHelper.findWebElement(WebUiCommonHelper.java:1381)
	at com.kms.katalon.core.webui.keyword.internal.WebUIAbstractKeyword.findWebElement(WebUIAbstractKeyword.groovy:27)
	at com.kms.katalon.core.webui.keyword.internal.WebUIAbstractKeyword.findWebElement(WebUIAbstractKeyword.groovy:26)
	at com.kms.katalon.core.webui.keyword.builtin.GetTextKeyword$_getText_closure1.doCall(GetTextKeyword.groovy:78)
	at com.kms.katalon.core.webui.keyword.builtin.GetTextKeyword$_getText_closure1.call(GetTextKeyword.groovy)
	at com.kms.katalon.core.webui.keyword.internal.WebUIKeywordMain.runKeyword(WebUIKeywordMain.groovy:20)
	... 147 more


2023-10-04 19:58:11 - [TEST_STEP][FAILED] - data = callTestCase(findTestCase("T13 Pembelian, Shipment dan Pembayaran/PBY-001"), [:], STOP_ON_FAILURE): Unable to call Test Case 'Test Cases/T13 Pembelian, Shipment dan Pembayaran/PBY-001' (Root cause: com.kms.katalon.core.exception.StepFailedException: Call Test Case 'Test Cases/T13 Pembelian, Shipment dan Pembayaran/PBY-001' failed
	at com.kms.katalon.core.keyword.builtin.CallTestCaseKeyword$_callTestCase_closure1.doCall(CallTestCaseKeyword.groovy:63)
	at com.kms.katalon.core.keyword.builtin.CallTestCaseKeyword$_callTestCase_closure1.call(CallTestCaseKeyword.groovy)
	at com.kms.katalon.core.keyword.internal.KeywordMain.runKeyword(KeywordMain.groovy:75)
	at com.kms.katalon.core.keyword.builtin.CallTestCaseKeyword.callTestCase(CallTestCaseKeyword.groovy:81)
	at com.kms.katalon.core.keyword.builtin.CallTestCaseKeyword.execute(CallTestCaseKeyword.groovy:44)
	at com.kms.katalon.core.keyword.internal.KeywordExecutor.executeKeywordForPlatform(KeywordExecutor.groovy:74)
	at com.kms.katalon.core.keyword.BuiltinKeywords.callTestCase(BuiltinKeywords.groovy:310)
	at PBY-004.run(PBY-004:20)
	at com.kms.katalon.core.main.ScriptEngine.run(ScriptEngine.java:194)
	at com.kms.katalon.core.main.ScriptEngine.runScriptAsRawText(ScriptEngine.java:119)
	at com.kms.katalon.core.main.TestCaseExecutor.runScript(TestCaseExecutor.java:448)
	at com.kms.katalon.core.main.TestCaseExecutor.doExecute(TestCaseExecutor.java:439)
	at com.kms.katalon.core.main.TestCaseExecutor.processExecutionPhase(TestCaseExecutor.java:418)
	at com.kms.katalon.core.main.TestCaseExecutor.accessMainPhase(TestCaseExecutor.java:410)
	at com.kms.katalon.core.main.TestCaseExecutor.execute(TestCaseExecutor.java:285)
	at com.kms.katalon.core.main.TestCaseMain.runTestCase(TestCaseMain.java:144)
	at com.kms.katalon.core.keyword.builtin.CallTestCaseKeyword$_callTestCase_closure1.doCall(CallTestCaseKeyword.groovy:59)
	at com.kms.katalon.core.keyword.builtin.CallTestCaseKeyword$_callTestCase_closure1.call(CallTestCaseKeyword.groovy)
	at com.kms.katalon.core.keyword.internal.KeywordMain.runKeyword(KeywordMain.groovy:75)
	at com.kms.katalon.core.keyword.builtin.CallTestCaseKeyword.callTestCase(CallTestCaseKeyword.groovy:81)
	at com.kms.katalon.core.keyword.builtin.CallTestCaseKeyword.execute(CallTestCaseKeyword.groovy:44)
	at com.kms.katalon.core.keyword.internal.KeywordExecutor.executeKeywordForPlatform(KeywordExecutor.groovy:74)
	at com.kms.katalon.core.keyword.BuiltinKeywords.callTestCase(BuiltinKeywords.groovy:310)
	at PBYA-001.run(PBYA-001:20)
	at com.kms.katalon.core.main.ScriptEngine.run(ScriptEngine.java:194)
	at com.kms.katalon.core.main.ScriptEngine.runScriptAsRawText(ScriptEngine.java:119)
	at com.kms.katalon.core.main.TestCaseExecutor.runScript(TestCaseExecutor.java:448)
	at com.kms.katalon.core.main.TestCaseExecutor.doExecute(TestCaseExecutor.java:439)
	at com.kms.katalon.core.main.TestCaseExecutor.processExecutionPhase(TestCaseExecutor.java:418)
	at com.kms.katalon.core.main.TestCaseExecutor.accessMainPhase(TestCaseExecutor.java:410)
	at com.kms.katalon.core.main.TestCaseExecutor.execute(TestCaseExecutor.java:285)
	at com.kms.katalon.core.main.TestCaseMain.runTestCase(TestCaseMain.java:144)
	at com.kms.katalon.core.keyword.builtin.CallTestCaseKeyword$_callTestCase_closure1.doCall(CallTestCaseKeyword.groovy:59)
	at com.kms.katalon.core.keyword.builtin.CallTestCaseKeyword$_callTestCase_closure1.call(CallTestCaseKeyword.groovy)
	at com.kms.katalon.core.keyword.internal.KeywordMain.runKeyword(KeywordMain.groovy:75)
	at com.kms.katalon.core.keyword.builtin.CallTestCaseKeyword.callTestCase(CallTestCaseKeyword.groovy:81)
	at com.kms.katalon.core.keyword.builtin.CallTestCaseKeyword.execute(CallTestCaseKeyword.groovy:44)
	at com.kms.katalon.core.keyword.internal.KeywordExecutor.executeKeywordForPlatform(KeywordExecutor.groovy:74)
	at com.kms.katalon.core.keyword.BuiltinKeywords.callTestCase(BuiltinKeywords.groovy:310)
	at SA-001.run(SA-001:20)
	at com.kms.katalon.core.main.ScriptEngine.run(ScriptEngine.java:194)
	at com.kms.katalon.core.main.ScriptEngine.runScriptAsRawText(ScriptEngine.java:119)
	at com.kms.katalon.core.main.TestCaseExecutor.runScript(TestCaseExecutor.java:448)
	at com.kms.katalon.core.main.TestCaseExecutor.doExecute(TestCaseExecutor.java:439)
	at com.kms.katalon.core.main.TestCaseExecutor.processExecutionPhase(TestCaseExecutor.java:418)
	at com.kms.katalon.core.main.TestCaseExecutor.accessMainPhase(TestCaseExecutor.java:410)
	at com.kms.katalon.core.main.TestCaseExecutor.execute(TestCaseExecutor.java:285)
	at com.kms.katalon.core.main.TestCaseMain.runTestCase(TestCaseMain.java:144)
	at com.kms.katalon.core.keyword.builtin.CallTestCaseKeyword$_callTestCase_closure1.doCall(CallTestCaseKeyword.groovy:59)
	at com.kms.katalon.core.keyword.builtin.CallTestCaseKeyword$_callTestCase_closure1.call(CallTestCaseKeyword.groovy)
	at com.kms.katalon.core.keyword.internal.KeywordMain.runKeyword(KeywordMain.groovy:75)
	at com.kms.katalon.core.keyword.builtin.CallTestCaseKeyword.callTestCase(CallTestCaseKeyword.groovy:81)
	at com.kms.katalon.core.keyword.builtin.CallTestCaseKeyword.execute(CallTestCaseKeyword.groovy:44)
	at com.kms.katalon.core.keyword.internal.KeywordExecutor.executeKeywordForPlatform(KeywordExecutor.groovy:74)
	at com.kms.katalon.core.keyword.BuiltinKeywords.callTestCase(BuiltinKeywords.groovy:310)
	at SA-002.run(SA-002:20)
	at com.kms.katalon.core.main.ScriptEngine.run(ScriptEngine.java:194)
	at com.kms.katalon.core.main.ScriptEngine.runScriptAsRawText(ScriptEngine.java:119)
	at com.kms.katalon.core.main.TestCaseExecutor.runScript(TestCaseExecutor.java:448)
	at com.kms.katalon.core.main.TestCaseExecutor.doExecute(TestCaseExecutor.java:439)
	at com.kms.katalon.core.main.TestCaseExecutor.processExecutionPhase(TestCaseExecutor.java:418)
	at com.kms.katalon.core.main.TestCaseExecutor.accessMainPhase(TestCaseExecutor.java:410)
	at com.kms.katalon.core.main.TestCaseExecutor.execute(TestCaseExecutor.java:285)
	at com.kms.katalon.core.main.TestCaseMain.runTestCase(TestCaseMain.java:144)
	at com.kms.katalon.core.keyword.builtin.CallTestCaseKeyword$_callTestCase_closure1.doCall(CallTestCaseKeyword.groovy:59)
	at com.kms.katalon.core.keyword.builtin.CallTestCaseKeyword$_callTestCase_closure1.call(CallTestCaseKeyword.groovy)
	at com.kms.katalon.core.keyword.internal.KeywordMain.runKeyword(KeywordMain.groovy:75)
	at com.kms.katalon.core.keyword.builtin.CallTestCaseKeyword.callTestCase(CallTestCaseKeyword.groovy:81)
	at com.kms.katalon.core.keyword.builtin.CallTestCaseKeyword.execute(CallTestCaseKeyword.groovy:44)
	at com.kms.katalon.core.keyword.internal.KeywordExecutor.executeKeywordForPlatform(KeywordExecutor.groovy:74)
	at com.kms.katalon.core.keyword.BuiltinKeywords.callTestCase(BuiltinKeywords.groovy:310)
	at SA-005.run(SA-005:20)
	at com.kms.katalon.core.main.ScriptEngine.run(ScriptEngine.java:194)
	at com.kms.katalon.core.main.ScriptEngine.runScriptAsRawText(ScriptEngine.java:119)
	at com.kms.katalon.core.main.TestCaseExecutor.runScript(TestCaseExecutor.java:448)
	at com.kms.katalon.core.main.TestCaseExecutor.doExecute(TestCaseExecutor.java:439)
	at com.kms.katalon.core.main.TestCaseExecutor.processExecutionPhase(TestCaseExecutor.java:418)
	at com.kms.katalon.core.main.TestCaseExecutor.accessMainPhase(TestCaseExecutor.java:410)
	at com.kms.katalon.core.main.TestCaseExecutor.execute(TestCaseExecutor.java:285)
	at com.kms.katalon.core.main.TestCaseMain.runTestCase(TestCaseMain.java:144)
	at com.kms.katalon.core.keyword.builtin.CallTestCaseKeyword$_callTestCase_closure1.doCall(CallTestCaseKeyword.groovy:59)
	at com.kms.katalon.core.keyword.builtin.CallTestCaseKeyword$_callTestCase_closure1.call(CallTestCaseKeyword.groovy)
	at com.kms.katalon.core.keyword.internal.KeywordMain.runKeyword(KeywordMain.groovy:75)
	at com.kms.katalon.core.keyword.builtin.CallTestCaseKeyword.callTestCase(CallTestCaseKeyword.groovy:81)
	at com.kms.katalon.core.keyword.builtin.CallTestCaseKeyword.execute(CallTestCaseKeyword.groovy:44)
	at com.kms.katalon.core.keyword.internal.KeywordExecutor.executeKeywordForPlatform(KeywordExecutor.groovy:74)
	at com.kms.katalon.core.keyword.BuiltinKeywords.callTestCase(BuiltinKeywords.groovy:310)
	at SU-012.run(SU-012:20)
	at com.kms.katalon.core.main.ScriptEngine.run(ScriptEngine.java:194)
	at com.kms.katalon.core.main.ScriptEngine.runScriptAsRawText(ScriptEngine.java:119)
	at com.kms.katalon.core.main.TestCaseExecutor.runScript(TestCaseExecutor.java:448)
	at com.kms.katalon.core.main.TestCaseExecutor.doExecute(TestCaseExecutor.java:439)
	at com.kms.katalon.core.main.TestCaseExecutor.processExecutionPhase(TestCaseExecutor.java:418)
	at com.kms.katalon.core.main.TestCaseExecutor.accessMainPhase(TestCaseExecutor.java:410)
	at com.kms.katalon.core.main.TestCaseExecutor.execute(TestCaseExecutor.java:285)
	at com.kms.katalon.core.common.CommonExecutor.accessTestCaseMainPhase(CommonExecutor.java:65)
	at com.kms.katalon.core.main.TestSuiteExecutor.accessTestSuiteMainPhase(TestSuiteExecutor.java:148)
	at com.kms.katalon.core.main.TestSuiteExecutor.execute(TestSuiteExecutor.java:106)
	at com.kms.katalon.core.main.TestCaseMain.startTestSuite(TestCaseMain.java:187)
	at com.kms.katalon.core.main.TestCaseMain$startTestSuite$0.call(Unknown Source)
	at TempTestSuite1696420804604.run(TempTestSuite1696420804604.groovy:36)
Caused by: com.kms.katalon.core.exception.StepFailedException: Call Test Case 'Test Cases/T13 Pembelian, Shipment dan Pembayaran/PBL-004' failed
	at com.kms.katalon.core.keyword.builtin.CallTestCaseKeyword$_callTestCase_closure1.doCall(CallTestCaseKeyword.groovy:63)
	at com.kms.katalon.core.keyword.builtin.CallTestCaseKeyword$_callTestCase_closure1.call(CallTestCaseKeyword.groovy)
	at com.kms.katalon.core.keyword.internal.KeywordMain.runKeyword(KeywordMain.groovy:75)
	at com.kms.katalon.core.keyword.builtin.CallTestCaseKeyword.callTestCase(CallTestCaseKeyword.groovy:81)
	at com.kms.katalon.core.keyword.builtin.CallTestCaseKeyword.execute(CallTestCaseKeyword.groovy:44)
	at com.kms.katalon.core.keyword.internal.KeywordExecutor.executeKeywordForPlatform(KeywordExecutor.groovy:74)
	at com.kms.katalon.core.keyword.BuiltinKeywords.callTestCase(BuiltinKeywords.groovy:310)
	at PBY-001.run(PBY-001:20)
	at com.kms.katalon.core.main.ScriptEngine.run(ScriptEngine.java:194)
	at com.kms.katalon.core.main.ScriptEngine.runScriptAsRawText(ScriptEngine.java:119)
	at com.kms.katalon.core.main.TestCaseExecutor.runScript(TestCaseExecutor.java:448)
	at com.kms.katalon.core.main.TestCaseExecutor.doExecute(TestCaseExecutor.java:439)
	at com.kms.katalon.core.main.TestCaseExecutor.processExecutionPhase(TestCaseExecutor.java:418)
	at com.kms.katalon.core.main.TestCaseExecutor.accessMainPhase(TestCaseExecutor.java:410)
	at com.kms.katalon.core.main.TestCaseExecutor.execute(TestCaseExecutor.java:285)
	at com.kms.katalon.core.main.TestCaseMain.runTestCase(TestCaseMain.java:144)
	at com.kms.katalon.core.keyword.builtin.CallTestCaseKeyword$_callTestCase_closure1.doCall(CallTestCaseKeyword.groovy:59)
	... 100 more
Caused by: com.kms.katalon.core.exception.StepFailedException: Call Test Case 'Test Cases/T13 Pembelian, Shipment dan Pembayaran/PBL-002' failed
	at com.kms.katalon.core.keyword.builtin.CallTestCaseKeyword$_callTestCase_closure1.doCall(CallTestCaseKeyword.groovy:63)
	at com.kms.katalon.core.keyword.builtin.CallTestCaseKeyword$_callTestCase_closure1.call(CallTestCaseKeyword.groovy)
	at com.kms.katalon.core.keyword.internal.KeywordMain.runKeyword(KeywordMain.groovy:75)
	at com.kms.katalon.core.keyword.builtin.CallTestCaseKeyword.callTestCase(CallTestCaseKeyword.groovy:81)
	at com.kms.katalon.core.keyword.builtin.CallTestCaseKeyword.execute(CallTestCaseKeyword.groovy:44)
	at com.kms.katalon.core.keyword.internal.KeywordExecutor.executeKeywordForPlatform(KeywordExecutor.groovy:74)
	at com.kms.katalon.core.keyword.BuiltinKeywords.callTestCase(BuiltinKeywords.groovy:310)
	at PBL-004.run(PBL-004:20)
	at com.kms.katalon.core.main.ScriptEngine.run(ScriptEngine.java:194)
	at com.kms.katalon.core.main.ScriptEngine.runScriptAsRawText(ScriptEngine.java:119)
	at com.kms.katalon.core.main.TestCaseExecutor.runScript(TestCaseExecutor.java:448)
	at com.kms.katalon.core.main.TestCaseExecutor.doExecute(TestCaseExecutor.java:439)
	at com.kms.katalon.core.main.TestCaseExecutor.processExecutionPhase(TestCaseExecutor.java:418)
	at com.kms.katalon.core.main.TestCaseExecutor.accessMainPhase(TestCaseExecutor.java:410)
	at com.kms.katalon.core.main.TestCaseExecutor.execute(TestCaseExecutor.java:285)
	at com.kms.katalon.core.main.TestCaseMain.runTestCase(TestCaseMain.java:144)
	at com.kms.katalon.core.keyword.builtin.CallTestCaseKeyword$_callTestCase_closure1.doCall(CallTestCaseKeyword.groovy:59)
	... 116 more
Caused by: com.kms.katalon.core.exception.StepFailedException: Unable to get text of object 'Object Repository/verifikasi/Harga Keranjang'
	at com.kms.katalon.core.webui.keyword.internal.WebUIKeywordMain.stepFailed(WebUIKeywordMain.groovy:64)
	at com.kms.katalon.core.webui.keyword.internal.WebUIKeywordMain.runKeyword(WebUIKeywordMain.groovy:26)
	at com.kms.katalon.core.webui.keyword.builtin.GetTextKeyword.getText(GetTextKeyword.groovy:88)
	at com.kms.katalon.core.webui.keyword.builtin.GetTextKeyword.execute(GetTextKeyword.groovy:67)
	at com.kms.katalon.core.keyword.internal.KeywordExecutor.executeKeywordForPlatform(KeywordExecutor.groovy:74)
	at com.kms.katalon.core.webui.keyword.WebUiBuiltInKeywords.getText(WebUiBuiltInKeywords.groovy:918)
	at com.kms.katalon.core.webui.keyword.WebUiBuiltInKeywords$getText$5.call(Unknown Source)
	at PBL-002.run(PBL-002:31)
	at com.kms.katalon.core.main.ScriptEngine.run(ScriptEngine.java:194)
	at com.kms.katalon.core.main.ScriptEngine.runScriptAsRawText(ScriptEngine.java:119)
	at com.kms.katalon.core.main.TestCaseExecutor.runScript(TestCaseExecutor.java:448)
	at com.kms.katalon.core.main.TestCaseExecutor.doExecute(TestCaseExecutor.java:439)
	at com.kms.katalon.core.main.TestCaseExecutor.processExecutionPhase(TestCaseExecutor.java:418)
	at com.kms.katalon.core.main.TestCaseExecutor.accessMainPhase(TestCaseExecutor.java:410)
	at com.kms.katalon.core.main.TestCaseExecutor.execute(TestCaseExecutor.java:285)
	at com.kms.katalon.core.main.TestCaseMain.runTestCase(TestCaseMain.java:144)
	at com.kms.katalon.core.keyword.builtin.CallTestCaseKeyword$_callTestCase_closure1.doCall(CallTestCaseKeyword.groovy:59)
	... 132 more
Caused by: com.kms.katalon.core.webui.exception.WebElementNotFoundException: Web element with id: 'Object Repository/verifikasi/Harga Keranjang' located by '(.//*[normalize-space(text()) and normalize-space(.)='Qty.'])[4]/following::b[1]' not found
	at com.kms.katalon.core.webui.common.WebUiCommonHelper.findWebElement(WebUiCommonHelper.java:1381)
	at com.kms.katalon.core.webui.keyword.internal.WebUIAbstractKeyword.findWebElement(WebUIAbstractKeyword.groovy:27)
	at com.kms.katalon.core.webui.keyword.internal.WebUIAbstractKeyword.findWebElement(WebUIAbstractKeyword.groovy:26)
	at com.kms.katalon.core.webui.keyword.builtin.GetTextKeyword$_getText_closure1.doCall(GetTextKeyword.groovy:78)
	at com.kms.katalon.core.webui.keyword.builtin.GetTextKeyword$_getText_closure1.call(GetTextKeyword.groovy)
	at com.kms.katalon.core.webui.keyword.internal.WebUIKeywordMain.runKeyword(WebUIKeywordMain.groovy:20)
	... 147 more
)

2023-10-04 19:58:11 - [TEST_CASE][FAILED] - Test Cases/T13 Pembelian, Shipment dan Pembayaran/PBY-001: Test Cases/T13 Pembelian, Shipment dan Pembayaran/PBY-001 FAILED.
Reason:
com.kms.katalon.core.exception.StepFailedException: Call Test Case 'Test Cases/T13 Pembelian, Shipment dan Pembayaran/PBL-004' failed
	at com.kms.katalon.core.keyword.builtin.CallTestCaseKeyword$_callTestCase_closure1.doCall(CallTestCaseKeyword.groovy:63)
	at com.kms.katalon.core.keyword.builtin.CallTestCaseKeyword$_callTestCase_closure1.call(CallTestCaseKeyword.groovy)
	at com.kms.katalon.core.keyword.internal.KeywordMain.runKeyword(KeywordMain.groovy:75)
	at com.kms.katalon.core.keyword.builtin.CallTestCaseKeyword.callTestCase(CallTestCaseKeyword.groovy:81)
	at com.kms.katalon.core.keyword.builtin.CallTestCaseKeyword.execute(CallTestCaseKeyword.groovy:44)
	at com.kms.katalon.core.keyword.internal.KeywordExecutor.executeKeywordForPlatform(KeywordExecutor.groovy:74)
	at com.kms.katalon.core.keyword.BuiltinKeywords.callTestCase(BuiltinKeywords.groovy:310)
	at PBY-001.run(PBY-001:20)
	at com.kms.katalon.core.main.ScriptEngine.run(ScriptEngine.java:194)
	at com.kms.katalon.core.main.ScriptEngine.runScriptAsRawText(ScriptEngine.java:119)
	at com.kms.katalon.core.main.TestCaseExecutor.runScript(TestCaseExecutor.java:448)
	at com.kms.katalon.core.main.TestCaseExecutor.doExecute(TestCaseExecutor.java:439)
	at com.kms.katalon.core.main.TestCaseExecutor.processExecutionPhase(TestCaseExecutor.java:418)
	at com.kms.katalon.core.main.TestCaseExecutor.accessMainPhase(TestCaseExecutor.java:410)
	at com.kms.katalon.core.main.TestCaseExecutor.execute(TestCaseExecutor.java:285)
	at com.kms.katalon.core.main.TestCaseMain.runTestCase(TestCaseMain.java:144)
	at com.kms.katalon.core.keyword.builtin.CallTestCaseKeyword$_callTestCase_closure1.doCall(CallTestCaseKeyword.groovy:59)
	at com.kms.katalon.core.keyword.builtin.CallTestCaseKeyword$_callTestCase_closure1.call(CallTestCaseKeyword.groovy)
	at com.kms.katalon.core.keyword.internal.KeywordMain.runKeyword(KeywordMain.groovy:75)
	at com.kms.katalon.core.keyword.builtin.CallTestCaseKeyword.callTestCase(CallTestCaseKeyword.groovy:81)
	at com.kms.katalon.core.keyword.builtin.CallTestCaseKeyword.execute(CallTestCaseKeyword.groovy:44)
	at com.kms.katalon.core.keyword.internal.KeywordExecutor.executeKeywordForPlatform(KeywordExecutor.groovy:74)
	at com.kms.katalon.core.keyword.BuiltinKeywords.callTestCase(BuiltinKeywords.groovy:310)
	at PBY-004.run(PBY-004:20)
	at com.kms.katalon.core.main.ScriptEngine.run(ScriptEngine.java:194)
	at com.kms.katalon.core.main.ScriptEngine.runScriptAsRawText(ScriptEngine.java:119)
	at com.kms.katalon.core.main.TestCaseExecutor.runScript(TestCaseExecutor.java:448)
	at com.kms.katalon.core.main.TestCaseExecutor.doExecute(TestCaseExecutor.java:439)
	at com.kms.katalon.core.main.TestCaseExecutor.processExecutionPhase(TestCaseExecutor.java:418)
	at com.kms.katalon.core.main.TestCaseExecutor.accessMainPhase(TestCaseExecutor.java:410)
	at com.kms.katalon.core.main.TestCaseExecutor.execute(TestCaseExecutor.java:285)
	at com.kms.katalon.core.main.TestCaseMain.runTestCase(TestCaseMain.java:144)
	at com.kms.katalon.core.keyword.builtin.CallTestCaseKeyword$_callTestCase_closure1.doCall(CallTestCaseKeyword.groovy:59)
	at com.kms.katalon.core.keyword.builtin.CallTestCaseKeyword$_callTestCase_closure1.call(CallTestCaseKeyword.groovy)
	at com.kms.katalon.core.keyword.internal.KeywordMain.runKeyword(KeywordMain.groovy:75)
	at com.kms.katalon.core.keyword.builtin.CallTestCaseKeyword.callTestCase(CallTestCaseKeyword.groovy:81)
	at com.kms.katalon.core.keyword.builtin.CallTestCaseKeyword.execute(CallTestCaseKeyword.groovy:44)
	at com.kms.katalon.core.keyword.internal.KeywordExecutor.executeKeywordForPlatform(KeywordExecutor.groovy:74)
	at com.kms.katalon.core.keyword.BuiltinKeywords.callTestCase(BuiltinKeywords.groovy:310)
	at PBYA-001.run(PBYA-001:20)
	at com.kms.katalon.core.main.ScriptEngine.run(ScriptEngine.java:194)
	at com.kms.katalon.core.main.ScriptEngine.runScriptAsRawText(ScriptEngine.java:119)
	at com.kms.katalon.core.main.TestCaseExecutor.runScript(TestCaseExecutor.java:448)
	at com.kms.katalon.core.main.TestCaseExecutor.doExecute(TestCaseExecutor.java:439)
	at com.kms.katalon.core.main.TestCaseExecutor.processExecutionPhase(TestCaseExecutor.java:418)
	at com.kms.katalon.core.main.TestCaseExecutor.accessMainPhase(TestCaseExecutor.java:410)
	at com.kms.katalon.core.main.TestCaseExecutor.execute(TestCaseExecutor.java:285)
	at com.kms.katalon.core.main.TestCaseMain.runTestCase(TestCaseMain.java:144)
	at com.kms.katalon.core.keyword.builtin.CallTestCaseKeyword$_callTestCase_closure1.doCall(CallTestCaseKeyword.groovy:59)
	at com.kms.katalon.core.keyword.builtin.CallTestCaseKeyword$_callTestCase_closure1.call(CallTestCaseKeyword.groovy)
	at com.kms.katalon.core.keyword.internal.KeywordMain.runKeyword(KeywordMain.groovy:75)
	at com.kms.katalon.core.keyword.builtin.CallTestCaseKeyword.callTestCase(CallTestCaseKeyword.groovy:81)
	at com.kms.katalon.core.keyword.builtin.CallTestCaseKeyword.execute(CallTestCaseKeyword.groovy:44)
	at com.kms.katalon.core.keyword.internal.KeywordExecutor.executeKeywordForPlatform(KeywordExecutor.groovy:74)
	at com.kms.katalon.core.keyword.BuiltinKeywords.callTestCase(BuiltinKeywords.groovy:310)
	at SA-001.run(SA-001:20)
	at com.kms.katalon.core.main.ScriptEngine.run(ScriptEngine.java:194)
	at com.kms.katalon.core.main.ScriptEngine.runScriptAsRawText(ScriptEngine.java:119)
	at com.kms.katalon.core.main.TestCaseExecutor.runScript(TestCaseExecutor.java:448)
	at com.kms.katalon.core.main.TestCaseExecutor.doExecute(TestCaseExecutor.java:439)
	at com.kms.katalon.core.main.TestCaseExecutor.processExecutionPhase(TestCaseExecutor.java:418)
	at com.kms.katalon.core.main.TestCaseExecutor.accessMainPhase(TestCaseExecutor.java:410)
	at com.kms.katalon.core.main.TestCaseExecutor.execute(TestCaseExecutor.java:285)
	at com.kms.katalon.core.main.TestCaseMain.runTestCase(TestCaseMain.java:144)
	at com.kms.katalon.core.keyword.builtin.CallTestCaseKeyword$_callTestCase_closure1.doCall(CallTestCaseKeyword.groovy:59)
	at com.kms.katalon.core.keyword.builtin.CallTestCaseKeyword$_callTestCase_closure1.call(CallTestCaseKeyword.groovy)
	at com.kms.katalon.core.keyword.internal.KeywordMain.runKeyword(KeywordMain.groovy:75)
	at com.kms.katalon.core.keyword.builtin.CallTestCaseKeyword.callTestCase(CallTestCaseKeyword.groovy:81)
	at com.kms.katalon.core.keyword.builtin.CallTestCaseKeyword.execute(CallTestCaseKeyword.groovy:44)
	at com.kms.katalon.core.keyword.internal.KeywordExecutor.executeKeywordForPlatform(KeywordExecutor.groovy:74)
	at com.kms.katalon.core.keyword.BuiltinKeywords.callTestCase(BuiltinKeywords.groovy:310)
	at SA-002.run(SA-002:20)
	at com.kms.katalon.core.main.ScriptEngine.run(ScriptEngine.java:194)
	at com.kms.katalon.core.main.ScriptEngine.runScriptAsRawText(ScriptEngine.java:119)
	at com.kms.katalon.core.main.TestCaseExecutor.runScript(TestCaseExecutor.java:448)
	at com.kms.katalon.core.main.TestCaseExecutor.doExecute(TestCaseExecutor.java:439)
	at com.kms.katalon.core.main.TestCaseExecutor.processExecutionPhase(TestCaseExecutor.java:418)
	at com.kms.katalon.core.main.TestCaseExecutor.accessMainPhase(TestCaseExecutor.java:410)
	at com.kms.katalon.core.main.TestCaseExecutor.execute(TestCaseExecutor.java:285)
	at com.kms.katalon.core.main.TestCaseMain.runTestCase(TestCaseMain.java:144)
	at com.kms.katalon.core.keyword.builtin.CallTestCaseKeyword$_callTestCase_closure1.doCall(CallTestCaseKeyword.groovy:59)
	at com.kms.katalon.core.keyword.builtin.CallTestCaseKeyword$_callTestCase_closure1.call(CallTestCaseKeyword.groovy)
	at com.kms.katalon.core.keyword.internal.KeywordMain.runKeyword(KeywordMain.groovy:75)
	at com.kms.katalon.core.keyword.builtin.CallTestCaseKeyword.callTestCase(CallTestCaseKeyword.groovy:81)
	at com.kms.katalon.core.keyword.builtin.CallTestCaseKeyword.execute(CallTestCaseKeyword.groovy:44)
	at com.kms.katalon.core.keyword.internal.KeywordExecutor.executeKeywordForPlatform(KeywordExecutor.groovy:74)
	at com.kms.katalon.core.keyword.BuiltinKeywords.callTestCase(BuiltinKeywords.groovy:310)
	at SA-005.run(SA-005:20)
	at com.kms.katalon.core.main.ScriptEngine.run(ScriptEngine.java:194)
	at com.kms.katalon.core.main.ScriptEngine.runScriptAsRawText(ScriptEngine.java:119)
	at com.kms.katalon.core.main.TestCaseExecutor.runScript(TestCaseExecutor.java:448)
	at com.kms.katalon.core.main.TestCaseExecutor.doExecute(TestCaseExecutor.java:439)
	at com.kms.katalon.core.main.TestCaseExecutor.processExecutionPhase(TestCaseExecutor.java:418)
	at com.kms.katalon.core.main.TestCaseExecutor.accessMainPhase(TestCaseExecutor.java:410)
	at com.kms.katalon.core.main.TestCaseExecutor.execute(TestCaseExecutor.java:285)
	at com.kms.katalon.core.main.TestCaseMain.runTestCase(TestCaseMain.java:144)
	at com.kms.katalon.core.keyword.builtin.CallTestCaseKeyword$_callTestCase_closure1.doCall(CallTestCaseKeyword.groovy:59)
	at com.kms.katalon.core.keyword.builtin.CallTestCaseKeyword$_callTestCase_closure1.call(CallTestCaseKeyword.groovy)
	at com.kms.katalon.core.keyword.internal.KeywordMain.runKeyword(KeywordMain.groovy:75)
	at com.kms.katalon.core.keyword.builtin.CallTestCaseKeyword.callTestCase(CallTestCaseKeyword.groovy:81)
	at com.kms.katalon.core.keyword.builtin.CallTestCaseKeyword.execute(CallTestCaseKeyword.groovy:44)
	at com.kms.katalon.core.keyword.internal.KeywordExecutor.executeKeywordForPlatform(KeywordExecutor.groovy:74)
	at com.kms.katalon.core.keyword.BuiltinKeywords.callTestCase(BuiltinKeywords.groovy:310)
	at SU-012.run(SU-012:20)
	at com.kms.katalon.core.main.ScriptEngine.run(ScriptEngine.java:194)
	at com.kms.katalon.core.main.ScriptEngine.runScriptAsRawText(ScriptEngine.java:119)
	at com.kms.katalon.core.main.TestCaseExecutor.runScript(TestCaseExecutor.java:448)
	at com.kms.katalon.core.main.TestCaseExecutor.doExecute(TestCaseExecutor.java:439)
	at com.kms.katalon.core.main.TestCaseExecutor.processExecutionPhase(TestCaseExecutor.java:418)
	at com.kms.katalon.core.main.TestCaseExecutor.accessMainPhase(TestCaseExecutor.java:410)
	at com.kms.katalon.core.main.TestCaseExecutor.execute(TestCaseExecutor.java:285)
	at com.kms.katalon.core.common.CommonExecutor.accessTestCaseMainPhase(CommonExecutor.java:65)
	at com.kms.katalon.core.main.TestSuiteExecutor.accessTestSuiteMainPhase(TestSuiteExecutor.java:148)
	at com.kms.katalon.core.main.TestSuiteExecutor.execute(TestSuiteExecutor.java:106)
	at com.kms.katalon.core.main.TestCaseMain.startTestSuite(TestCaseMain.java:187)
	at com.kms.katalon.core.main.TestCaseMain$startTestSuite$0.call(Unknown Source)
	at TempTestSuite1696420804604.run(TempTestSuite1696420804604.groovy:36)
Caused by: com.kms.katalon.core.exception.StepFailedException: Call Test Case 'Test Cases/T13 Pembelian, Shipment dan Pembayaran/PBL-002' failed
	at com.kms.katalon.core.keyword.builtin.CallTestCaseKeyword$_callTestCase_closure1.doCall(CallTestCaseKeyword.groovy:63)
	at com.kms.katalon.core.keyword.builtin.CallTestCaseKeyword$_callTestCase_closure1.call(CallTestCaseKeyword.groovy)
	at com.kms.katalon.core.keyword.internal.KeywordMain.runKeyword(KeywordMain.groovy:75)
	at com.kms.katalon.core.keyword.builtin.CallTestCaseKeyword.callTestCase(CallTestCaseKeyword.groovy:81)
	at com.kms.katalon.core.keyword.builtin.CallTestCaseKeyword.execute(CallTestCaseKeyword.groovy:44)
	at com.kms.katalon.core.keyword.internal.KeywordExecutor.executeKeywordForPlatform(KeywordExecutor.groovy:74)
	at com.kms.katalon.core.keyword.BuiltinKeywords.callTestCase(BuiltinKeywords.groovy:310)
	at PBL-004.run(PBL-004:20)
	at com.kms.katalon.core.main.ScriptEngine.run(ScriptEngine.java:194)
	at com.kms.katalon.core.main.ScriptEngine.runScriptAsRawText(ScriptEngine.java:119)
	at com.kms.katalon.core.main.TestCaseExecutor.runScript(TestCaseExecutor.java:448)
	at com.kms.katalon.core.main.TestCaseExecutor.doExecute(TestCaseExecutor.java:439)
	at com.kms.katalon.core.main.TestCaseExecutor.processExecutionPhase(TestCaseExecutor.java:418)
	at com.kms.katalon.core.main.TestCaseExecutor.accessMainPhase(TestCaseExecutor.java:410)
	at com.kms.katalon.core.main.TestCaseExecutor.execute(TestCaseExecutor.java:285)
	at com.kms.katalon.core.main.TestCaseMain.runTestCase(TestCaseMain.java:144)
	at com.kms.katalon.core.keyword.builtin.CallTestCaseKeyword$_callTestCase_closure1.doCall(CallTestCaseKeyword.groovy:59)
	... 116 more
Caused by: com.kms.katalon.core.exception.StepFailedException: Unable to get text of object 'Object Repository/verifikasi/Harga Keranjang'
	at com.kms.katalon.core.webui.keyword.internal.WebUIKeywordMain.stepFailed(WebUIKeywordMain.groovy:64)
	at com.kms.katalon.core.webui.keyword.internal.WebUIKeywordMain.runKeyword(WebUIKeywordMain.groovy:26)
	at com.kms.katalon.core.webui.keyword.builtin.GetTextKeyword.getText(GetTextKeyword.groovy:88)
	at com.kms.katalon.core.webui.keyword.builtin.GetTextKeyword.execute(GetTextKeyword.groovy:67)
	at com.kms.katalon.core.keyword.internal.KeywordExecutor.executeKeywordForPlatform(KeywordExecutor.groovy:74)
	at com.kms.katalon.core.webui.keyword.WebUiBuiltInKeywords.getText(WebUiBuiltInKeywords.groovy:918)
	at com.kms.katalon.core.webui.keyword.WebUiBuiltInKeywords$getText$5.call(Unknown Source)
	at PBL-002.run(PBL-002:31)
	at com.kms.katalon.core.main.ScriptEngine.run(ScriptEngine.java:194)
	at com.kms.katalon.core.main.ScriptEngine.runScriptAsRawText(ScriptEngine.java:119)
	at com.kms.katalon.core.main.TestCaseExecutor.runScript(TestCaseExecutor.java:448)
	at com.kms.katalon.core.main.TestCaseExecutor.doExecute(TestCaseExecutor.java:439)
	at com.kms.katalon.core.main.TestCaseExecutor.processExecutionPhase(TestCaseExecutor.java:418)
	at com.kms.katalon.core.main.TestCaseExecutor.accessMainPhase(TestCaseExecutor.java:410)
	at com.kms.katalon.core.main.TestCaseExecutor.execute(TestCaseExecutor.java:285)
	at com.kms.katalon.core.main.TestCaseMain.runTestCase(TestCaseMain.java:144)
	at com.kms.katalon.core.keyword.builtin.CallTestCaseKeyword$_callTestCase_closure1.doCall(CallTestCaseKeyword.groovy:59)
	... 132 more
Caused by: com.kms.katalon.core.webui.exception.WebElementNotFoundException: Web element with id: 'Object Repository/verifikasi/Harga Keranjang' located by '(.//*[normalize-space(text()) and normalize-space(.)='Qty.'])[4]/following::b[1]' not found
	at com.kms.katalon.core.webui.common.WebUiCommonHelper.findWebElement(WebUiCommonHelper.java:1381)
	at com.kms.katalon.core.webui.keyword.internal.WebUIAbstractKeyword.findWebElement(WebUIAbstractKeyword.groovy:27)
	at com.kms.katalon.core.webui.keyword.internal.WebUIAbstractKeyword.findWebElement(WebUIAbstractKeyword.groovy:26)
	at com.kms.katalon.core.webui.keyword.builtin.GetTextKeyword$_getText_closure1.doCall(GetTextKeyword.groovy:78)
	at com.kms.katalon.core.webui.keyword.builtin.GetTextKeyword$_getText_closure1.call(GetTextKeyword.groovy)
	at com.kms.katalon.core.webui.keyword.internal.WebUIKeywordMain.runKeyword(WebUIKeywordMain.groovy:20)
	... 147 more


2023-10-04 19:58:11 - [TEST_STEP][FAILED] - data = callTestCase(findTestCase("T13 Pembelian, Shipment dan Pembayaran/PBL-004"), ["Kurir":"Roda 2"], STOP_ON_FAILURE): Unable to call Test Case 'Test Cases/T13 Pembelian, Shipment dan Pembayaran/PBL-004' (Root cause: com.kms.katalon.core.exception.StepFailedException: Call Test Case 'Test Cases/T13 Pembelian, Shipment dan Pembayaran/PBL-004' failed
	at com.kms.katalon.core.keyword.builtin.CallTestCaseKeyword$_callTestCase_closure1.doCall(CallTestCaseKeyword.groovy:63)
	at com.kms.katalon.core.keyword.builtin.CallTestCaseKeyword$_callTestCase_closure1.call(CallTestCaseKeyword.groovy)
	at com.kms.katalon.core.keyword.internal.KeywordMain.runKeyword(KeywordMain.groovy:75)
	at com.kms.katalon.core.keyword.builtin.CallTestCaseKeyword.callTestCase(CallTestCaseKeyword.groovy:81)
	at com.kms.katalon.core.keyword.builtin.CallTestCaseKeyword.execute(CallTestCaseKeyword.groovy:44)
	at com.kms.katalon.core.keyword.internal.KeywordExecutor.executeKeywordForPlatform(KeywordExecutor.groovy:74)
	at com.kms.katalon.core.keyword.BuiltinKeywords.callTestCase(BuiltinKeywords.groovy:310)
	at PBY-001.run(PBY-001:20)
	at com.kms.katalon.core.main.ScriptEngine.run(ScriptEngine.java:194)
	at com.kms.katalon.core.main.ScriptEngine.runScriptAsRawText(ScriptEngine.java:119)
	at com.kms.katalon.core.main.TestCaseExecutor.runScript(TestCaseExecutor.java:448)
	at com.kms.katalon.core.main.TestCaseExecutor.doExecute(TestCaseExecutor.java:439)
	at com.kms.katalon.core.main.TestCaseExecutor.processExecutionPhase(TestCaseExecutor.java:418)
	at com.kms.katalon.core.main.TestCaseExecutor.accessMainPhase(TestCaseExecutor.java:410)
	at com.kms.katalon.core.main.TestCaseExecutor.execute(TestCaseExecutor.java:285)
	at com.kms.katalon.core.main.TestCaseMain.runTestCase(TestCaseMain.java:144)
	at com.kms.katalon.core.keyword.builtin.CallTestCaseKeyword$_callTestCase_closure1.doCall(CallTestCaseKeyword.groovy:59)
	at com.kms.katalon.core.keyword.builtin.CallTestCaseKeyword$_callTestCase_closure1.call(CallTestCaseKeyword.groovy)
	at com.kms.katalon.core.keyword.internal.KeywordMain.runKeyword(KeywordMain.groovy:75)
	at com.kms.katalon.core.keyword.builtin.CallTestCaseKeyword.callTestCase(CallTestCaseKeyword.groovy:81)
	at com.kms.katalon.core.keyword.builtin.CallTestCaseKeyword.execute(CallTestCaseKeyword.groovy:44)
	at com.kms.katalon.core.keyword.internal.KeywordExecutor.executeKeywordForPlatform(KeywordExecutor.groovy:74)
	at com.kms.katalon.core.keyword.BuiltinKeywords.callTestCase(BuiltinKeywords.groovy:310)
	at PBY-004.run(PBY-004:20)
	at com.kms.katalon.core.main.ScriptEngine.run(ScriptEngine.java:194)
	at com.kms.katalon.core.main.ScriptEngine.runScriptAsRawText(ScriptEngine.java:119)
	at com.kms.katalon.core.main.TestCaseExecutor.runScript(TestCaseExecutor.java:448)
	at com.kms.katalon.core.main.TestCaseExecutor.doExecute(TestCaseExecutor.java:439)
	at com.kms.katalon.core.main.TestCaseExecutor.processExecutionPhase(TestCaseExecutor.java:418)
	at com.kms.katalon.core.main.TestCaseExecutor.accessMainPhase(TestCaseExecutor.java:410)
	at com.kms.katalon.core.main.TestCaseExecutor.execute(TestCaseExecutor.java:285)
	at com.kms.katalon.core.main.TestCaseMain.runTestCase(TestCaseMain.java:144)
	at com.kms.katalon.core.keyword.builtin.CallTestCaseKeyword$_callTestCase_closure1.doCall(CallTestCaseKeyword.groovy:59)
	at com.kms.katalon.core.keyword.builtin.CallTestCaseKeyword$_callTestCase_closure1.call(CallTestCaseKeyword.groovy)
	at com.kms.katalon.core.keyword.internal.KeywordMain.runKeyword(KeywordMain.groovy:75)
	at com.kms.katalon.core.keyword.builtin.CallTestCaseKeyword.callTestCase(CallTestCaseKeyword.groovy:81)
	at com.kms.katalon.core.keyword.builtin.CallTestCaseKeyword.execute(CallTestCaseKeyword.groovy:44)
	at com.kms.katalon.core.keyword.internal.KeywordExecutor.executeKeywordForPlatform(KeywordExecutor.groovy:74)
	at com.kms.katalon.core.keyword.BuiltinKeywords.callTestCase(BuiltinKeywords.groovy:310)
	at PBYA-001.run(PBYA-001:20)
	at com.kms.katalon.core.main.ScriptEngine.run(ScriptEngine.java:194)
	at com.kms.katalon.core.main.ScriptEngine.runScriptAsRawText(ScriptEngine.java:119)
	at com.kms.katalon.core.main.TestCaseExecutor.runScript(TestCaseExecutor.java:448)
	at com.kms.katalon.core.main.TestCaseExecutor.doExecute(TestCaseExecutor.java:439)
	at com.kms.katalon.core.main.TestCaseExecutor.processExecutionPhase(TestCaseExecutor.java:418)
	at com.kms.katalon.core.main.TestCaseExecutor.accessMainPhase(TestCaseExecutor.java:410)
	at com.kms.katalon.core.main.TestCaseExecutor.execute(TestCaseExecutor.java:285)
	at com.kms.katalon.core.main.TestCaseMain.runTestCase(TestCaseMain.java:144)
	at com.kms.katalon.core.keyword.builtin.CallTestCaseKeyword$_callTestCase_closure1.doCall(CallTestCaseKeyword.groovy:59)
	at com.kms.katalon.core.keyword.builtin.CallTestCaseKeyword$_callTestCase_closure1.call(CallTestCaseKeyword.groovy)
	at com.kms.katalon.core.keyword.internal.KeywordMain.runKeyword(KeywordMain.groovy:75)
	at com.kms.katalon.core.keyword.builtin.CallTestCaseKeyword.callTestCase(CallTestCaseKeyword.groovy:81)
	at com.kms.katalon.core.keyword.builtin.CallTestCaseKeyword.execute(CallTestCaseKeyword.groovy:44)
	at com.kms.katalon.core.keyword.internal.KeywordExecutor.executeKeywordForPlatform(KeywordExecutor.groovy:74)
	at com.kms.katalon.core.keyword.BuiltinKeywords.callTestCase(BuiltinKeywords.groovy:310)
	at SA-001.run(SA-001:20)
	at com.kms.katalon.core.main.ScriptEngine.run(ScriptEngine.java:194)
	at com.kms.katalon.core.main.ScriptEngine.runScriptAsRawText(ScriptEngine.java:119)
	at com.kms.katalon.core.main.TestCaseExecutor.runScript(TestCaseExecutor.java:448)
	at com.kms.katalon.core.main.TestCaseExecutor.doExecute(TestCaseExecutor.java:439)
	at com.kms.katalon.core.main.TestCaseExecutor.processExecutionPhase(TestCaseExecutor.java:418)
	at com.kms.katalon.core.main.TestCaseExecutor.accessMainPhase(TestCaseExecutor.java:410)
	at com.kms.katalon.core.main.TestCaseExecutor.execute(TestCaseExecutor.java:285)
	at com.kms.katalon.core.main.TestCaseMain.runTestCase(TestCaseMain.java:144)
	at com.kms.katalon.core.keyword.builtin.CallTestCaseKeyword$_callTestCase_closure1.doCall(CallTestCaseKeyword.groovy:59)
	at com.kms.katalon.core.keyword.builtin.CallTestCaseKeyword$_callTestCase_closure1.call(CallTestCaseKeyword.groovy)
	at com.kms.katalon.core.keyword.internal.KeywordMain.runKeyword(KeywordMain.groovy:75)
	at com.kms.katalon.core.keyword.builtin.CallTestCaseKeyword.callTestCase(CallTestCaseKeyword.groovy:81)
	at com.kms.katalon.core.keyword.builtin.CallTestCaseKeyword.execute(CallTestCaseKeyword.groovy:44)
	at com.kms.katalon.core.keyword.internal.KeywordExecutor.executeKeywordForPlatform(KeywordExecutor.groovy:74)
	at com.kms.katalon.core.keyword.BuiltinKeywords.callTestCase(BuiltinKeywords.groovy:310)
	at SA-002.run(SA-002:20)
	at com.kms.katalon.core.main.ScriptEngine.run(ScriptEngine.java:194)
	at com.kms.katalon.core.main.ScriptEngine.runScriptAsRawText(ScriptEngine.java:119)
	at com.kms.katalon.core.main.TestCaseExecutor.runScript(TestCaseExecutor.java:448)
	at com.kms.katalon.core.main.TestCaseExecutor.doExecute(TestCaseExecutor.java:439)
	at com.kms.katalon.core.main.TestCaseExecutor.processExecutionPhase(TestCaseExecutor.java:418)
	at com.kms.katalon.core.main.TestCaseExecutor.accessMainPhase(TestCaseExecutor.java:410)
	at com.kms.katalon.core.main.TestCaseExecutor.execute(TestCaseExecutor.java:285)
	at com.kms.katalon.core.main.TestCaseMain.runTestCase(TestCaseMain.java:144)
	at com.kms.katalon.core.keyword.builtin.CallTestCaseKeyword$_callTestCase_closure1.doCall(CallTestCaseKeyword.groovy:59)
	at com.kms.katalon.core.keyword.builtin.CallTestCaseKeyword$_callTestCase_closure1.call(CallTestCaseKeyword.groovy)
	at com.kms.katalon.core.keyword.internal.KeywordMain.runKeyword(KeywordMain.groovy:75)
	at com.kms.katalon.core.keyword.builtin.CallTestCaseKeyword.callTestCase(CallTestCaseKeyword.groovy:81)
	at com.kms.katalon.core.keyword.builtin.CallTestCaseKeyword.execute(CallTestCaseKeyword.groovy:44)
	at com.kms.katalon.core.keyword.internal.KeywordExecutor.executeKeywordForPlatform(KeywordExecutor.groovy:74)
	at com.kms.katalon.core.keyword.BuiltinKeywords.callTestCase(BuiltinKeywords.groovy:310)
	at SA-005.run(SA-005:20)
	at com.kms.katalon.core.main.ScriptEngine.run(ScriptEngine.java:194)
	at com.kms.katalon.core.main.ScriptEngine.runScriptAsRawText(ScriptEngine.java:119)
	at com.kms.katalon.core.main.TestCaseExecutor.runScript(TestCaseExecutor.java:448)
	at com.kms.katalon.core.main.TestCaseExecutor.doExecute(TestCaseExecutor.java:439)
	at com.kms.katalon.core.main.TestCaseExecutor.processExecutionPhase(TestCaseExecutor.java:418)
	at com.kms.katalon.core.main.TestCaseExecutor.accessMainPhase(TestCaseExecutor.java:410)
	at com.kms.katalon.core.main.TestCaseExecutor.execute(TestCaseExecutor.java:285)
	at com.kms.katalon.core.main.TestCaseMain.runTestCase(TestCaseMain.java:144)
	at com.kms.katalon.core.keyword.builtin.CallTestCaseKeyword$_callTestCase_closure1.doCall(CallTestCaseKeyword.groovy:59)
	at com.kms.katalon.core.keyword.builtin.CallTestCaseKeyword$_callTestCase_closure1.call(CallTestCaseKeyword.groovy)
	at com.kms.katalon.core.keyword.internal.KeywordMain.runKeyword(KeywordMain.groovy:75)
	at com.kms.katalon.core.keyword.builtin.CallTestCaseKeyword.callTestCase(CallTestCaseKeyword.groovy:81)
	at com.kms.katalon.core.keyword.builtin.CallTestCaseKeyword.execute(CallTestCaseKeyword.groovy:44)
	at com.kms.katalon.core.keyword.internal.KeywordExecutor.executeKeywordForPlatform(KeywordExecutor.groovy:74)
	at com.kms.katalon.core.keyword.BuiltinKeywords.callTestCase(BuiltinKeywords.groovy:310)
	at SU-012.run(SU-012:20)
	at com.kms.katalon.core.main.ScriptEngine.run(ScriptEngine.java:194)
	at com.kms.katalon.core.main.ScriptEngine.runScriptAsRawText(ScriptEngine.java:119)
	at com.kms.katalon.core.main.TestCaseExecutor.runScript(TestCaseExecutor.java:448)
	at com.kms.katalon.core.main.TestCaseExecutor.doExecute(TestCaseExecutor.java:439)
	at com.kms.katalon.core.main.TestCaseExecutor.processExecutionPhase(TestCaseExecutor.java:418)
	at com.kms.katalon.core.main.TestCaseExecutor.accessMainPhase(TestCaseExecutor.java:410)
	at com.kms.katalon.core.main.TestCaseExecutor.execute(TestCaseExecutor.java:285)
	at com.kms.katalon.core.common.CommonExecutor.accessTestCaseMainPhase(CommonExecutor.java:65)
	at com.kms.katalon.core.main.TestSuiteExecutor.accessTestSuiteMainPhase(TestSuiteExecutor.java:148)
	at com.kms.katalon.core.main.TestSuiteExecutor.execute(TestSuiteExecutor.java:106)
	at com.kms.katalon.core.main.TestCaseMain.startTestSuite(TestCaseMain.java:187)
	at com.kms.katalon.core.main.TestCaseMain$startTestSuite$0.call(Unknown Source)
	at TempTestSuite1696420804604.run(TempTestSuite1696420804604.groovy:36)
Caused by: com.kms.katalon.core.exception.StepFailedException: Call Test Case 'Test Cases/T13 Pembelian, Shipment dan Pembayaran/PBL-002' failed
	at com.kms.katalon.core.keyword.builtin.CallTestCaseKeyword$_callTestCase_closure1.doCall(CallTestCaseKeyword.groovy:63)
	at com.kms.katalon.core.keyword.builtin.CallTestCaseKeyword$_callTestCase_closure1.call(CallTestCaseKeyword.groovy)
	at com.kms.katalon.core.keyword.internal.KeywordMain.runKeyword(KeywordMain.groovy:75)
	at com.kms.katalon.core.keyword.builtin.CallTestCaseKeyword.callTestCase(CallTestCaseKeyword.groovy:81)
	at com.kms.katalon.core.keyword.builtin.CallTestCaseKeyword.execute(CallTestCaseKeyword.groovy:44)
	at com.kms.katalon.core.keyword.internal.KeywordExecutor.executeKeywordForPlatform(KeywordExecutor.groovy:74)
	at com.kms.katalon.core.keyword.BuiltinKeywords.callTestCase(BuiltinKeywords.groovy:310)
	at PBL-004.run(PBL-004:20)
	at com.kms.katalon.core.main.ScriptEngine.run(ScriptEngine.java:194)
	at com.kms.katalon.core.main.ScriptEngine.runScriptAsRawText(ScriptEngine.java:119)
	at com.kms.katalon.core.main.TestCaseExecutor.runScript(TestCaseExecutor.java:448)
	at com.kms.katalon.core.main.TestCaseExecutor.doExecute(TestCaseExecutor.java:439)
	at com.kms.katalon.core.main.TestCaseExecutor.processExecutionPhase(TestCaseExecutor.java:418)
	at com.kms.katalon.core.main.TestCaseExecutor.accessMainPhase(TestCaseExecutor.java:410)
	at com.kms.katalon.core.main.TestCaseExecutor.execute(TestCaseExecutor.java:285)
	at com.kms.katalon.core.main.TestCaseMain.runTestCase(TestCaseMain.java:144)
	at com.kms.katalon.core.keyword.builtin.CallTestCaseKeyword$_callTestCase_closure1.doCall(CallTestCaseKeyword.groovy:59)
	... 116 more
Caused by: com.kms.katalon.core.exception.StepFailedException: Unable to get text of object 'Object Repository/verifikasi/Harga Keranjang'
	at com.kms.katalon.core.webui.keyword.internal.WebUIKeywordMain.stepFailed(WebUIKeywordMain.groovy:64)
	at com.kms.katalon.core.webui.keyword.internal.WebUIKeywordMain.runKeyword(WebUIKeywordMain.groovy:26)
	at com.kms.katalon.core.webui.keyword.builtin.GetTextKeyword.getText(GetTextKeyword.groovy:88)
	at com.kms.katalon.core.webui.keyword.builtin.GetTextKeyword.execute(GetTextKeyword.groovy:67)
	at com.kms.katalon.core.keyword.internal.KeywordExecutor.executeKeywordForPlatform(KeywordExecutor.groovy:74)
	at com.kms.katalon.core.webui.keyword.WebUiBuiltInKeywords.getText(WebUiBuiltInKeywords.groovy:918)
	at com.kms.katalon.core.webui.keyword.WebUiBuiltInKeywords$getText$5.call(Unknown Source)
	at PBL-002.run(PBL-002:31)
	at com.kms.katalon.core.main.ScriptEngine.run(ScriptEngine.java:194)
	at com.kms.katalon.core.main.ScriptEngine.runScriptAsRawText(ScriptEngine.java:119)
	at com.kms.katalon.core.main.TestCaseExecutor.runScript(TestCaseExecutor.java:448)
	at com.kms.katalon.core.main.TestCaseExecutor.doExecute(TestCaseExecutor.java:439)
	at com.kms.katalon.core.main.TestCaseExecutor.processExecutionPhase(TestCaseExecutor.java:418)
	at com.kms.katalon.core.main.TestCaseExecutor.accessMainPhase(TestCaseExecutor.java:410)
	at com.kms.katalon.core.main.TestCaseExecutor.execute(TestCaseExecutor.java:285)
	at com.kms.katalon.core.main.TestCaseMain.runTestCase(TestCaseMain.java:144)
	at com.kms.katalon.core.keyword.builtin.CallTestCaseKeyword$_callTestCase_closure1.doCall(CallTestCaseKeyword.groovy:59)
	... 132 more
Caused by: com.kms.katalon.core.webui.exception.WebElementNotFoundException: Web element with id: 'Object Repository/verifikasi/Harga Keranjang' located by '(.//*[normalize-space(text()) and normalize-space(.)='Qty.'])[4]/following::b[1]' not found
	at com.kms.katalon.core.webui.common.WebUiCommonHelper.findWebElement(WebUiCommonHelper.java:1381)
	at com.kms.katalon.core.webui.keyword.internal.WebUIAbstractKeyword.findWebElement(WebUIAbstractKeyword.groovy:27)
	at com.kms.katalon.core.webui.keyword.internal.WebUIAbstractKeyword.findWebElement(WebUIAbstractKeyword.groovy:26)
	at com.kms.katalon.core.webui.keyword.builtin.GetTextKeyword$_getText_closure1.doCall(GetTextKeyword.groovy:78)
	at com.kms.katalon.core.webui.keyword.builtin.GetTextKeyword$_getText_closure1.call(GetTextKeyword.groovy)
	at com.kms.katalon.core.webui.keyword.internal.WebUIKeywordMain.runKeyword(WebUIKeywordMain.groovy:20)
	... 147 more
)

2023-10-04 19:58:11 - [TEST_CASE][FAILED] - Test Cases/T13 Pembelian, Shipment dan Pembayaran/PBL-004: Test Cases/T13 Pembelian, Shipment dan Pembayaran/PBL-004 FAILED.
Reason:
com.kms.katalon.core.exception.StepFailedException: Call Test Case 'Test Cases/T13 Pembelian, Shipment dan Pembayaran/PBL-002' failed
	at com.kms.katalon.core.keyword.builtin.CallTestCaseKeyword$_callTestCase_closure1.doCall(CallTestCaseKeyword.groovy:63)
	at com.kms.katalon.core.keyword.builtin.CallTestCaseKeyword$_callTestCase_closure1.call(CallTestCaseKeyword.groovy)
	at com.kms.katalon.core.keyword.internal.KeywordMain.runKeyword(KeywordMain.groovy:75)
	at com.kms.katalon.core.keyword.builtin.CallTestCaseKeyword.callTestCase(CallTestCaseKeyword.groovy:81)
	at com.kms.katalon.core.keyword.builtin.CallTestCaseKeyword.execute(CallTestCaseKeyword.groovy:44)
	at com.kms.katalon.core.keyword.internal.KeywordExecutor.executeKeywordForPlatform(KeywordExecutor.groovy:74)
	at com.kms.katalon.core.keyword.BuiltinKeywords.callTestCase(BuiltinKeywords.groovy:310)
	at PBL-004.run(PBL-004:20)
	at com.kms.katalon.core.main.ScriptEngine.run(ScriptEngine.java:194)
	at com.kms.katalon.core.main.ScriptEngine.runScriptAsRawText(ScriptEngine.java:119)
	at com.kms.katalon.core.main.TestCaseExecutor.runScript(TestCaseExecutor.java:448)
	at com.kms.katalon.core.main.TestCaseExecutor.doExecute(TestCaseExecutor.java:439)
	at com.kms.katalon.core.main.TestCaseExecutor.processExecutionPhase(TestCaseExecutor.java:418)
	at com.kms.katalon.core.main.TestCaseExecutor.accessMainPhase(TestCaseExecutor.java:410)
	at com.kms.katalon.core.main.TestCaseExecutor.execute(TestCaseExecutor.java:285)
	at com.kms.katalon.core.main.TestCaseMain.runTestCase(TestCaseMain.java:144)
	at com.kms.katalon.core.keyword.builtin.CallTestCaseKeyword$_callTestCase_closure1.doCall(CallTestCaseKeyword.groovy:59)
	at com.kms.katalon.core.keyword.builtin.CallTestCaseKeyword$_callTestCase_closure1.call(CallTestCaseKeyword.groovy)
	at com.kms.katalon.core.keyword.internal.KeywordMain.runKeyword(KeywordMain.groovy:75)
	at com.kms.katalon.core.keyword.builtin.CallTestCaseKeyword.callTestCase(CallTestCaseKeyword.groovy:81)
	at com.kms.katalon.core.keyword.builtin.CallTestCaseKeyword.execute(CallTestCaseKeyword.groovy:44)
	at com.kms.katalon.core.keyword.internal.KeywordExecutor.executeKeywordForPlatform(KeywordExecutor.groovy:74)
	at com.kms.katalon.core.keyword.BuiltinKeywords.callTestCase(BuiltinKeywords.groovy:310)
	at PBY-001.run(PBY-001:20)
	at com.kms.katalon.core.main.ScriptEngine.run(ScriptEngine.java:194)
	at com.kms.katalon.core.main.ScriptEngine.runScriptAsRawText(ScriptEngine.java:119)
	at com.kms.katalon.core.main.TestCaseExecutor.runScript(TestCaseExecutor.java:448)
	at com.kms.katalon.core.main.TestCaseExecutor.doExecute(TestCaseExecutor.java:439)
	at com.kms.katalon.core.main.TestCaseExecutor.processExecutionPhase(TestCaseExecutor.java:418)
	at com.kms.katalon.core.main.TestCaseExecutor.accessMainPhase(TestCaseExecutor.java:410)
	at com.kms.katalon.core.main.TestCaseExecutor.execute(TestCaseExecutor.java:285)
	at com.kms.katalon.core.main.TestCaseMain.runTestCase(TestCaseMain.java:144)
	at com.kms.katalon.core.keyword.builtin.CallTestCaseKeyword$_callTestCase_closure1.doCall(CallTestCaseKeyword.groovy:59)
	at com.kms.katalon.core.keyword.builtin.CallTestCaseKeyword$_callTestCase_closure1.call(CallTestCaseKeyword.groovy)
	at com.kms.katalon.core.keyword.internal.KeywordMain.runKeyword(KeywordMain.groovy:75)
	at com.kms.katalon.core.keyword.builtin.CallTestCaseKeyword.callTestCase(CallTestCaseKeyword.groovy:81)
	at com.kms.katalon.core.keyword.builtin.CallTestCaseKeyword.execute(CallTestCaseKeyword.groovy:44)
	at com.kms.katalon.core.keyword.internal.KeywordExecutor.executeKeywordForPlatform(KeywordExecutor.groovy:74)
	at com.kms.katalon.core.keyword.BuiltinKeywords.callTestCase(BuiltinKeywords.groovy:310)
	at PBY-004.run(PBY-004:20)
	at com.kms.katalon.core.main.ScriptEngine.run(ScriptEngine.java:194)
	at com.kms.katalon.core.main.ScriptEngine.runScriptAsRawText(ScriptEngine.java:119)
	at com.kms.katalon.core.main.TestCaseExecutor.runScript(TestCaseExecutor.java:448)
	at com.kms.katalon.core.main.TestCaseExecutor.doExecute(TestCaseExecutor.java:439)
	at com.kms.katalon.core.main.TestCaseExecutor.processExecutionPhase(TestCaseExecutor.java:418)
	at com.kms.katalon.core.main.TestCaseExecutor.accessMainPhase(TestCaseExecutor.java:410)
	at com.kms.katalon.core.main.TestCaseExecutor.execute(TestCaseExecutor.java:285)
	at com.kms.katalon.core.main.TestCaseMain.runTestCase(TestCaseMain.java:144)
	at com.kms.katalon.core.keyword.builtin.CallTestCaseKeyword$_callTestCase_closure1.doCall(CallTestCaseKeyword.groovy:59)
	at com.kms.katalon.core.keyword.builtin.CallTestCaseKeyword$_callTestCase_closure1.call(CallTestCaseKeyword.groovy)
	at com.kms.katalon.core.keyword.internal.KeywordMain.runKeyword(KeywordMain.groovy:75)
	at com.kms.katalon.core.keyword.builtin.CallTestCaseKeyword.callTestCase(CallTestCaseKeyword.groovy:81)
	at com.kms.katalon.core.keyword.builtin.CallTestCaseKeyword.execute(CallTestCaseKeyword.groovy:44)
	at com.kms.katalon.core.keyword.internal.KeywordExecutor.executeKeywordForPlatform(KeywordExecutor.groovy:74)
	at com.kms.katalon.core.keyword.BuiltinKeywords.callTestCase(BuiltinKeywords.groovy:310)
	at PBYA-001.run(PBYA-001:20)
	at com.kms.katalon.core.main.ScriptEngine.run(ScriptEngine.java:194)
	at com.kms.katalon.core.main.ScriptEngine.runScriptAsRawText(ScriptEngine.java:119)
	at com.kms.katalon.core.main.TestCaseExecutor.runScript(TestCaseExecutor.java:448)
	at com.kms.katalon.core.main.TestCaseExecutor.doExecute(TestCaseExecutor.java:439)
	at com.kms.katalon.core.main.TestCaseExecutor.processExecutionPhase(TestCaseExecutor.java:418)
	at com.kms.katalon.core.main.TestCaseExecutor.accessMainPhase(TestCaseExecutor.java:410)
	at com.kms.katalon.core.main.TestCaseExecutor.execute(TestCaseExecutor.java:285)
	at com.kms.katalon.core.main.TestCaseMain.runTestCase(TestCaseMain.java:144)
	at com.kms.katalon.core.keyword.builtin.CallTestCaseKeyword$_callTestCase_closure1.doCall(CallTestCaseKeyword.groovy:59)
	at com.kms.katalon.core.keyword.builtin.CallTestCaseKeyword$_callTestCase_closure1.call(CallTestCaseKeyword.groovy)
	at com.kms.katalon.core.keyword.internal.KeywordMain.runKeyword(KeywordMain.groovy:75)
	at com.kms.katalon.core.keyword.builtin.CallTestCaseKeyword.callTestCase(CallTestCaseKeyword.groovy:81)
	at com.kms.katalon.core.keyword.builtin.CallTestCaseKeyword.execute(CallTestCaseKeyword.groovy:44)
	at com.kms.katalon.core.keyword.internal.KeywordExecutor.executeKeywordForPlatform(KeywordExecutor.groovy:74)
	at com.kms.katalon.core.keyword.BuiltinKeywords.callTestCase(BuiltinKeywords.groovy:310)
	at SA-001.run(SA-001:20)
	at com.kms.katalon.core.main.ScriptEngine.run(ScriptEngine.java:194)
	at com.kms.katalon.core.main.ScriptEngine.runScriptAsRawText(ScriptEngine.java:119)
	at com.kms.katalon.core.main.TestCaseExecutor.runScript(TestCaseExecutor.java:448)
	at com.kms.katalon.core.main.TestCaseExecutor.doExecute(TestCaseExecutor.java:439)
	at com.kms.katalon.core.main.TestCaseExecutor.processExecutionPhase(TestCaseExecutor.java:418)
	at com.kms.katalon.core.main.TestCaseExecutor.accessMainPhase(TestCaseExecutor.java:410)
	at com.kms.katalon.core.main.TestCaseExecutor.execute(TestCaseExecutor.java:285)
	at com.kms.katalon.core.main.TestCaseMain.runTestCase(TestCaseMain.java:144)
	at com.kms.katalon.core.keyword.builtin.CallTestCaseKeyword$_callTestCase_closure1.doCall(CallTestCaseKeyword.groovy:59)
	at com.kms.katalon.core.keyword.builtin.CallTestCaseKeyword$_callTestCase_closure1.call(CallTestCaseKeyword.groovy)
	at com.kms.katalon.core.keyword.internal.KeywordMain.runKeyword(KeywordMain.groovy:75)
	at com.kms.katalon.core.keyword.builtin.CallTestCaseKeyword.callTestCase(CallTestCaseKeyword.groovy:81)
	at com.kms.katalon.core.keyword.builtin.CallTestCaseKeyword.execute(CallTestCaseKeyword.groovy:44)
	at com.kms.katalon.core.keyword.internal.KeywordExecutor.executeKeywordForPlatform(KeywordExecutor.groovy:74)
	at com.kms.katalon.core.keyword.BuiltinKeywords.callTestCase(BuiltinKeywords.groovy:310)
	at SA-002.run(SA-002:20)
	at com.kms.katalon.core.main.ScriptEngine.run(ScriptEngine.java:194)
	at com.kms.katalon.core.main.ScriptEngine.runScriptAsRawText(ScriptEngine.java:119)
	at com.kms.katalon.core.main.TestCaseExecutor.runScript(TestCaseExecutor.java:448)
	at com.kms.katalon.core.main.TestCaseExecutor.doExecute(TestCaseExecutor.java:439)
	at com.kms.katalon.core.main.TestCaseExecutor.processExecutionPhase(TestCaseExecutor.java:418)
	at com.kms.katalon.core.main.TestCaseExecutor.accessMainPhase(TestCaseExecutor.java:410)
	at com.kms.katalon.core.main.TestCaseExecutor.execute(TestCaseExecutor.java:285)
	at com.kms.katalon.core.main.TestCaseMain.runTestCase(TestCaseMain.java:144)
	at com.kms.katalon.core.keyword.builtin.CallTestCaseKeyword$_callTestCase_closure1.doCall(CallTestCaseKeyword.groovy:59)
	at com.kms.katalon.core.keyword.builtin.CallTestCaseKeyword$_callTestCase_closure1.call(CallTestCaseKeyword.groovy)
	at com.kms.katalon.core.keyword.internal.KeywordMain.runKeyword(KeywordMain.groovy:75)
	at com.kms.katalon.core.keyword.builtin.CallTestCaseKeyword.callTestCase(CallTestCaseKeyword.groovy:81)
	at com.kms.katalon.core.keyword.builtin.CallTestCaseKeyword.execute(CallTestCaseKeyword.groovy:44)
	at com.kms.katalon.core.keyword.internal.KeywordExecutor.executeKeywordForPlatform(KeywordExecutor.groovy:74)
	at com.kms.katalon.core.keyword.BuiltinKeywords.callTestCase(BuiltinKeywords.groovy:310)
	at SA-005.run(SA-005:20)
	at com.kms.katalon.core.main.ScriptEngine.run(ScriptEngine.java:194)
	at com.kms.katalon.core.main.ScriptEngine.runScriptAsRawText(ScriptEngine.java:119)
	at com.kms.katalon.core.main.TestCaseExecutor.runScript(TestCaseExecutor.java:448)
	at com.kms.katalon.core.main.TestCaseExecutor.doExecute(TestCaseExecutor.java:439)
	at com.kms.katalon.core.main.TestCaseExecutor.processExecutionPhase(TestCaseExecutor.java:418)
	at com.kms.katalon.core.main.TestCaseExecutor.accessMainPhase(TestCaseExecutor.java:410)
	at com.kms.katalon.core.main.TestCaseExecutor.execute(TestCaseExecutor.java:285)
	at com.kms.katalon.core.main.TestCaseMain.runTestCase(TestCaseMain.java:144)
	at com.kms.katalon.core.keyword.builtin.CallTestCaseKeyword$_callTestCase_closure1.doCall(CallTestCaseKeyword.groovy:59)
	at com.kms.katalon.core.keyword.builtin.CallTestCaseKeyword$_callTestCase_closure1.call(CallTestCaseKeyword.groovy)
	at com.kms.katalon.core.keyword.internal.KeywordMain.runKeyword(KeywordMain.groovy:75)
	at com.kms.katalon.core.keyword.builtin.CallTestCaseKeyword.callTestCase(CallTestCaseKeyword.groovy:81)
	at com.kms.katalon.core.keyword.builtin.CallTestCaseKeyword.execute(CallTestCaseKeyword.groovy:44)
	at com.kms.katalon.core.keyword.internal.KeywordExecutor.executeKeywordForPlatform(KeywordExecutor.groovy:74)
	at com.kms.katalon.core.keyword.BuiltinKeywords.callTestCase(BuiltinKeywords.groovy:310)
	at SU-012.run(SU-012:20)
	at com.kms.katalon.core.main.ScriptEngine.run(ScriptEngine.java:194)
	at com.kms.katalon.core.main.ScriptEngine.runScriptAsRawText(ScriptEngine.java:119)
	at com.kms.katalon.core.main.TestCaseExecutor.runScript(TestCaseExecutor.java:448)
	at com.kms.katalon.core.main.TestCaseExecutor.doExecute(TestCaseExecutor.java:439)
	at com.kms.katalon.core.main.TestCaseExecutor.processExecutionPhase(TestCaseExecutor.java:418)
	at com.kms.katalon.core.main.TestCaseExecutor.accessMainPhase(TestCaseExecutor.java:410)
	at com.kms.katalon.core.main.TestCaseExecutor.execute(TestCaseExecutor.java:285)
	at com.kms.katalon.core.common.CommonExecutor.accessTestCaseMainPhase(CommonExecutor.java:65)
	at com.kms.katalon.core.main.TestSuiteExecutor.accessTestSuiteMainPhase(TestSuiteExecutor.java:148)
	at com.kms.katalon.core.main.TestSuiteExecutor.execute(TestSuiteExecutor.java:106)
	at com.kms.katalon.core.main.TestCaseMain.startTestSuite(TestCaseMain.java:187)
	at com.kms.katalon.core.main.TestCaseMain$startTestSuite$0.call(Unknown Source)
	at TempTestSuite1696420804604.run(TempTestSuite1696420804604.groovy:36)
Caused by: com.kms.katalon.core.exception.StepFailedException: Unable to get text of object 'Object Repository/verifikasi/Harga Keranjang'
	at com.kms.katalon.core.webui.keyword.internal.WebUIKeywordMain.stepFailed(WebUIKeywordMain.groovy:64)
	at com.kms.katalon.core.webui.keyword.internal.WebUIKeywordMain.runKeyword(WebUIKeywordMain.groovy:26)
	at com.kms.katalon.core.webui.keyword.builtin.GetTextKeyword.getText(GetTextKeyword.groovy:88)
	at com.kms.katalon.core.webui.keyword.builtin.GetTextKeyword.execute(GetTextKeyword.groovy:67)
	at com.kms.katalon.core.keyword.internal.KeywordExecutor.executeKeywordForPlatform(KeywordExecutor.groovy:74)
	at com.kms.katalon.core.webui.keyword.WebUiBuiltInKeywords.getText(WebUiBuiltInKeywords.groovy:918)
	at com.kms.katalon.core.webui.keyword.WebUiBuiltInKeywords$getText$5.call(Unknown Source)
	at PBL-002.run(PBL-002:31)
	at com.kms.katalon.core.main.ScriptEngine.run(ScriptEngine.java:194)
	at com.kms.katalon.core.main.ScriptEngine.runScriptAsRawText(ScriptEngine.java:119)
	at com.kms.katalon.core.main.TestCaseExecutor.runScript(TestCaseExecutor.java:448)
	at com.kms.katalon.core.main.TestCaseExecutor.doExecute(TestCaseExecutor.java:439)
	at com.kms.katalon.core.main.TestCaseExecutor.processExecutionPhase(TestCaseExecutor.java:418)
	at com.kms.katalon.core.main.TestCaseExecutor.accessMainPhase(TestCaseExecutor.java:410)
	at com.kms.katalon.core.main.TestCaseExecutor.execute(TestCaseExecutor.java:285)
	at com.kms.katalon.core.main.TestCaseMain.runTestCase(TestCaseMain.java:144)
	at com.kms.katalon.core.keyword.builtin.CallTestCaseKeyword$_callTestCase_closure1.doCall(CallTestCaseKeyword.groovy:59)
	... 132 more
Caused by: com.kms.katalon.core.webui.exception.WebElementNotFoundException: Web element with id: 'Object Repository/verifikasi/Harga Keranjang' located by '(.//*[normalize-space(text()) and normalize-space(.)='Qty.'])[4]/following::b[1]' not found
	at com.kms.katalon.core.webui.common.WebUiCommonHelper.findWebElement(WebUiCommonHelper.java:1381)
	at com.kms.katalon.core.webui.keyword.internal.WebUIAbstractKeyword.findWebElement(WebUIAbstractKeyword.groovy:27)
	at com.kms.katalon.core.webui.keyword.internal.WebUIAbstractKeyword.findWebElement(WebUIAbstractKeyword.groovy:26)
	at com.kms.katalon.core.webui.keyword.builtin.GetTextKeyword$_getText_closure1.doCall(GetTextKeyword.groovy:78)
	at com.kms.katalon.core.webui.keyword.builtin.GetTextKeyword$_getText_closure1.call(GetTextKeyword.groovy)
	at com.kms.katalon.core.webui.keyword.internal.WebUIKeywordMain.runKeyword(WebUIKeywordMain.groovy:20)
	... 147 more


2023-10-04 19:58:11 - [TEST_STEP][FAILED] - data = callTestCase(findTestCase("T13 Pembelian, Shipment dan Pembayaran/PBL-002"), [:], STOP_ON_FAILURE): Unable to call Test Case 'Test Cases/T13 Pembelian, Shipment dan Pembayaran/PBL-002' (Root cause: com.kms.katalon.core.exception.StepFailedException: Call Test Case 'Test Cases/T13 Pembelian, Shipment dan Pembayaran/PBL-002' failed
	at com.kms.katalon.core.keyword.builtin.CallTestCaseKeyword$_callTestCase_closure1.doCall(CallTestCaseKeyword.groovy:63)
	at com.kms.katalon.core.keyword.builtin.CallTestCaseKeyword$_callTestCase_closure1.call(CallTestCaseKeyword.groovy)
	at com.kms.katalon.core.keyword.internal.KeywordMain.runKeyword(KeywordMain.groovy:75)
	at com.kms.katalon.core.keyword.builtin.CallTestCaseKeyword.callTestCase(CallTestCaseKeyword.groovy:81)
	at com.kms.katalon.core.keyword.builtin.CallTestCaseKeyword.execute(CallTestCaseKeyword.groovy:44)
	at com.kms.katalon.core.keyword.internal.KeywordExecutor.executeKeywordForPlatform(KeywordExecutor.groovy:74)
	at com.kms.katalon.core.keyword.BuiltinKeywords.callTestCase(BuiltinKeywords.groovy:310)
	at PBL-004.run(PBL-004:20)
	at com.kms.katalon.core.main.ScriptEngine.run(ScriptEngine.java:194)
	at com.kms.katalon.core.main.ScriptEngine.runScriptAsRawText(ScriptEngine.java:119)
	at com.kms.katalon.core.main.TestCaseExecutor.runScript(TestCaseExecutor.java:448)
	at com.kms.katalon.core.main.TestCaseExecutor.doExecute(TestCaseExecutor.java:439)
	at com.kms.katalon.core.main.TestCaseExecutor.processExecutionPhase(TestCaseExecutor.java:418)
	at com.kms.katalon.core.main.TestCaseExecutor.accessMainPhase(TestCaseExecutor.java:410)
	at com.kms.katalon.core.main.TestCaseExecutor.execute(TestCaseExecutor.java:285)
	at com.kms.katalon.core.main.TestCaseMain.runTestCase(TestCaseMain.java:144)
	at com.kms.katalon.core.keyword.builtin.CallTestCaseKeyword$_callTestCase_closure1.doCall(CallTestCaseKeyword.groovy:59)
	at com.kms.katalon.core.keyword.builtin.CallTestCaseKeyword$_callTestCase_closure1.call(CallTestCaseKeyword.groovy)
	at com.kms.katalon.core.keyword.internal.KeywordMain.runKeyword(KeywordMain.groovy:75)
	at com.kms.katalon.core.keyword.builtin.CallTestCaseKeyword.callTestCase(CallTestCaseKeyword.groovy:81)
	at com.kms.katalon.core.keyword.builtin.CallTestCaseKeyword.execute(CallTestCaseKeyword.groovy:44)
	at com.kms.katalon.core.keyword.internal.KeywordExecutor.executeKeywordForPlatform(KeywordExecutor.groovy:74)
	at com.kms.katalon.core.keyword.BuiltinKeywords.callTestCase(BuiltinKeywords.groovy:310)
	at PBY-001.run(PBY-001:20)
	at com.kms.katalon.core.main.ScriptEngine.run(ScriptEngine.java:194)
	at com.kms.katalon.core.main.ScriptEngine.runScriptAsRawText(ScriptEngine.java:119)
	at com.kms.katalon.core.main.TestCaseExecutor.runScript(TestCaseExecutor.java:448)
	at com.kms.katalon.core.main.TestCaseExecutor.doExecute(TestCaseExecutor.java:439)
	at com.kms.katalon.core.main.TestCaseExecutor.processExecutionPhase(TestCaseExecutor.java:418)
	at com.kms.katalon.core.main.TestCaseExecutor.accessMainPhase(TestCaseExecutor.java:410)
	at com.kms.katalon.core.main.TestCaseExecutor.execute(TestCaseExecutor.java:285)
	at com.kms.katalon.core.main.TestCaseMain.runTestCase(TestCaseMain.java:144)
	at com.kms.katalon.core.keyword.builtin.CallTestCaseKeyword$_callTestCase_closure1.doCall(CallTestCaseKeyword.groovy:59)
	at com.kms.katalon.core.keyword.builtin.CallTestCaseKeyword$_callTestCase_closure1.call(CallTestCaseKeyword.groovy)
	at com.kms.katalon.core.keyword.internal.KeywordMain.runKeyword(KeywordMain.groovy:75)
	at com.kms.katalon.core.keyword.builtin.CallTestCaseKeyword.callTestCase(CallTestCaseKeyword.groovy:81)
	at com.kms.katalon.core.keyword.builtin.CallTestCaseKeyword.execute(CallTestCaseKeyword.groovy:44)
	at com.kms.katalon.core.keyword.internal.KeywordExecutor.executeKeywordForPlatform(KeywordExecutor.groovy:74)
	at com.kms.katalon.core.keyword.BuiltinKeywords.callTestCase(BuiltinKeywords.groovy:310)
	at PBY-004.run(PBY-004:20)
	at com.kms.katalon.core.main.ScriptEngine.run(ScriptEngine.java:194)
	at com.kms.katalon.core.main.ScriptEngine.runScriptAsRawText(ScriptEngine.java:119)
	at com.kms.katalon.core.main.TestCaseExecutor.runScript(TestCaseExecutor.java:448)
	at com.kms.katalon.core.main.TestCaseExecutor.doExecute(TestCaseExecutor.java:439)
	at com.kms.katalon.core.main.TestCaseExecutor.processExecutionPhase(TestCaseExecutor.java:418)
	at com.kms.katalon.core.main.TestCaseExecutor.accessMainPhase(TestCaseExecutor.java:410)
	at com.kms.katalon.core.main.TestCaseExecutor.execute(TestCaseExecutor.java:285)
	at com.kms.katalon.core.main.TestCaseMain.runTestCase(TestCaseMain.java:144)
	at com.kms.katalon.core.keyword.builtin.CallTestCaseKeyword$_callTestCase_closure1.doCall(CallTestCaseKeyword.groovy:59)
	at com.kms.katalon.core.keyword.builtin.CallTestCaseKeyword$_callTestCase_closure1.call(CallTestCaseKeyword.groovy)
	at com.kms.katalon.core.keyword.internal.KeywordMain.runKeyword(KeywordMain.groovy:75)
	at com.kms.katalon.core.keyword.builtin.CallTestCaseKeyword.callTestCase(CallTestCaseKeyword.groovy:81)
	at com.kms.katalon.core.keyword.builtin.CallTestCaseKeyword.execute(CallTestCaseKeyword.groovy:44)
	at com.kms.katalon.core.keyword.internal.KeywordExecutor.executeKeywordForPlatform(KeywordExecutor.groovy:74)
	at com.kms.katalon.core.keyword.BuiltinKeywords.callTestCase(BuiltinKeywords.groovy:310)
	at PBYA-001.run(PBYA-001:20)
	at com.kms.katalon.core.main.ScriptEngine.run(ScriptEngine.java:194)
	at com.kms.katalon.core.main.ScriptEngine.runScriptAsRawText(ScriptEngine.java:119)
	at com.kms.katalon.core.main.TestCaseExecutor.runScript(TestCaseExecutor.java:448)
	at com.kms.katalon.core.main.TestCaseExecutor.doExecute(TestCaseExecutor.java:439)
	at com.kms.katalon.core.main.TestCaseExecutor.processExecutionPhase(TestCaseExecutor.java:418)
	at com.kms.katalon.core.main.TestCaseExecutor.accessMainPhase(TestCaseExecutor.java:410)
	at com.kms.katalon.core.main.TestCaseExecutor.execute(TestCaseExecutor.java:285)
	at com.kms.katalon.core.main.TestCaseMain.runTestCase(TestCaseMain.java:144)
	at com.kms.katalon.core.keyword.builtin.CallTestCaseKeyword$_callTestCase_closure1.doCall(CallTestCaseKeyword.groovy:59)
	at com.kms.katalon.core.keyword.builtin.CallTestCaseKeyword$_callTestCase_closure1.call(CallTestCaseKeyword.groovy)
	at com.kms.katalon.core.keyword.internal.KeywordMain.runKeyword(KeywordMain.groovy:75)
	at com.kms.katalon.core.keyword.builtin.CallTestCaseKeyword.callTestCase(CallTestCaseKeyword.groovy:81)
	at com.kms.katalon.core.keyword.builtin.CallTestCaseKeyword.execute(CallTestCaseKeyword.groovy:44)
	at com.kms.katalon.core.keyword.internal.KeywordExecutor.executeKeywordForPlatform(KeywordExecutor.groovy:74)
	at com.kms.katalon.core.keyword.BuiltinKeywords.callTestCase(BuiltinKeywords.groovy:310)
	at SA-001.run(SA-001:20)
	at com.kms.katalon.core.main.ScriptEngine.run(ScriptEngine.java:194)
	at com.kms.katalon.core.main.ScriptEngine.runScriptAsRawText(ScriptEngine.java:119)
	at com.kms.katalon.core.main.TestCaseExecutor.runScript(TestCaseExecutor.java:448)
	at com.kms.katalon.core.main.TestCaseExecutor.doExecute(TestCaseExecutor.java:439)
	at com.kms.katalon.core.main.TestCaseExecutor.processExecutionPhase(TestCaseExecutor.java:418)
	at com.kms.katalon.core.main.TestCaseExecutor.accessMainPhase(TestCaseExecutor.java:410)
	at com.kms.katalon.core.main.TestCaseExecutor.execute(TestCaseExecutor.java:285)
	at com.kms.katalon.core.main.TestCaseMain.runTestCase(TestCaseMain.java:144)
	at com.kms.katalon.core.keyword.builtin.CallTestCaseKeyword$_callTestCase_closure1.doCall(CallTestCaseKeyword.groovy:59)
	at com.kms.katalon.core.keyword.builtin.CallTestCaseKeyword$_callTestCase_closure1.call(CallTestCaseKeyword.groovy)
	at com.kms.katalon.core.keyword.internal.KeywordMain.runKeyword(KeywordMain.groovy:75)
	at com.kms.katalon.core.keyword.builtin.CallTestCaseKeyword.callTestCase(CallTestCaseKeyword.groovy:81)
	at com.kms.katalon.core.keyword.builtin.CallTestCaseKeyword.execute(CallTestCaseKeyword.groovy:44)
	at com.kms.katalon.core.keyword.internal.KeywordExecutor.executeKeywordForPlatform(KeywordExecutor.groovy:74)
	at com.kms.katalon.core.keyword.BuiltinKeywords.callTestCase(BuiltinKeywords.groovy:310)
	at SA-002.run(SA-002:20)
	at com.kms.katalon.core.main.ScriptEngine.run(ScriptEngine.java:194)
	at com.kms.katalon.core.main.ScriptEngine.runScriptAsRawText(ScriptEngine.java:119)
	at com.kms.katalon.core.main.TestCaseExecutor.runScript(TestCaseExecutor.java:448)
	at com.kms.katalon.core.main.TestCaseExecutor.doExecute(TestCaseExecutor.java:439)
	at com.kms.katalon.core.main.TestCaseExecutor.processExecutionPhase(TestCaseExecutor.java:418)
	at com.kms.katalon.core.main.TestCaseExecutor.accessMainPhase(TestCaseExecutor.java:410)
	at com.kms.katalon.core.main.TestCaseExecutor.execute(TestCaseExecutor.java:285)
	at com.kms.katalon.core.main.TestCaseMain.runTestCase(TestCaseMain.java:144)
	at com.kms.katalon.core.keyword.builtin.CallTestCaseKeyword$_callTestCase_closure1.doCall(CallTestCaseKeyword.groovy:59)
	at com.kms.katalon.core.keyword.builtin.CallTestCaseKeyword$_callTestCase_closure1.call(CallTestCaseKeyword.groovy)
	at com.kms.katalon.core.keyword.internal.KeywordMain.runKeyword(KeywordMain.groovy:75)
	at com.kms.katalon.core.keyword.builtin.CallTestCaseKeyword.callTestCase(CallTestCaseKeyword.groovy:81)
	at com.kms.katalon.core.keyword.builtin.CallTestCaseKeyword.execute(CallTestCaseKeyword.groovy:44)
	at com.kms.katalon.core.keyword.internal.KeywordExecutor.executeKeywordForPlatform(KeywordExecutor.groovy:74)
	at com.kms.katalon.core.keyword.BuiltinKeywords.callTestCase(BuiltinKeywords.groovy:310)
	at SA-005.run(SA-005:20)
	at com.kms.katalon.core.main.ScriptEngine.run(ScriptEngine.java:194)
	at com.kms.katalon.core.main.ScriptEngine.runScriptAsRawText(ScriptEngine.java:119)
	at com.kms.katalon.core.main.TestCaseExecutor.runScript(TestCaseExecutor.java:448)
	at com.kms.katalon.core.main.TestCaseExecutor.doExecute(TestCaseExecutor.java:439)
	at com.kms.katalon.core.main.TestCaseExecutor.processExecutionPhase(TestCaseExecutor.java:418)
	at com.kms.katalon.core.main.TestCaseExecutor.accessMainPhase(TestCaseExecutor.java:410)
	at com.kms.katalon.core.main.TestCaseExecutor.execute(TestCaseExecutor.java:285)
	at com.kms.katalon.core.main.TestCaseMain.runTestCase(TestCaseMain.java:144)
	at com.kms.katalon.core.keyword.builtin.CallTestCaseKeyword$_callTestCase_closure1.doCall(CallTestCaseKeyword.groovy:59)
	at com.kms.katalon.core.keyword.builtin.CallTestCaseKeyword$_callTestCase_closure1.call(CallTestCaseKeyword.groovy)
	at com.kms.katalon.core.keyword.internal.KeywordMain.runKeyword(KeywordMain.groovy:75)
	at com.kms.katalon.core.keyword.builtin.CallTestCaseKeyword.callTestCase(CallTestCaseKeyword.groovy:81)
	at com.kms.katalon.core.keyword.builtin.CallTestCaseKeyword.execute(CallTestCaseKeyword.groovy:44)
	at com.kms.katalon.core.keyword.internal.KeywordExecutor.executeKeywordForPlatform(KeywordExecutor.groovy:74)
	at com.kms.katalon.core.keyword.BuiltinKeywords.callTestCase(BuiltinKeywords.groovy:310)
	at SU-012.run(SU-012:20)
	at com.kms.katalon.core.main.ScriptEngine.run(ScriptEngine.java:194)
	at com.kms.katalon.core.main.ScriptEngine.runScriptAsRawText(ScriptEngine.java:119)
	at com.kms.katalon.core.main.TestCaseExecutor.runScript(TestCaseExecutor.java:448)
	at com.kms.katalon.core.main.TestCaseExecutor.doExecute(TestCaseExecutor.java:439)
	at com.kms.katalon.core.main.TestCaseExecutor.processExecutionPhase(TestCaseExecutor.java:418)
	at com.kms.katalon.core.main.TestCaseExecutor.accessMainPhase(TestCaseExecutor.java:410)
	at com.kms.katalon.core.main.TestCaseExecutor.execute(TestCaseExecutor.java:285)
	at com.kms.katalon.core.common.CommonExecutor.accessTestCaseMainPhase(CommonExecutor.java:65)
	at com.kms.katalon.core.main.TestSuiteExecutor.accessTestSuiteMainPhase(TestSuiteExecutor.java:148)
	at com.kms.katalon.core.main.TestSuiteExecutor.execute(TestSuiteExecutor.java:106)
	at com.kms.katalon.core.main.TestCaseMain.startTestSuite(TestCaseMain.java:187)
	at com.kms.katalon.core.main.TestCaseMain$startTestSuite$0.call(Unknown Source)
	at TempTestSuite1696420804604.run(TempTestSuite1696420804604.groovy:36)
Caused by: com.kms.katalon.core.exception.StepFailedException: Unable to get text of object 'Object Repository/verifikasi/Harga Keranjang'
	at com.kms.katalon.core.webui.keyword.internal.WebUIKeywordMain.stepFailed(WebUIKeywordMain.groovy:64)
	at com.kms.katalon.core.webui.keyword.internal.WebUIKeywordMain.runKeyword(WebUIKeywordMain.groovy:26)
	at com.kms.katalon.core.webui.keyword.builtin.GetTextKeyword.getText(GetTextKeyword.groovy:88)
	at com.kms.katalon.core.webui.keyword.builtin.GetTextKeyword.execute(GetTextKeyword.groovy:67)
	at com.kms.katalon.core.keyword.internal.KeywordExecutor.executeKeywordForPlatform(KeywordExecutor.groovy:74)
	at com.kms.katalon.core.webui.keyword.WebUiBuiltInKeywords.getText(WebUiBuiltInKeywords.groovy:918)
	at com.kms.katalon.core.webui.keyword.WebUiBuiltInKeywords$getText$5.call(Unknown Source)
	at PBL-002.run(PBL-002:31)
	at com.kms.katalon.core.main.ScriptEngine.run(ScriptEngine.java:194)
	at com.kms.katalon.core.main.ScriptEngine.runScriptAsRawText(ScriptEngine.java:119)
	at com.kms.katalon.core.main.TestCaseExecutor.runScript(TestCaseExecutor.java:448)
	at com.kms.katalon.core.main.TestCaseExecutor.doExecute(TestCaseExecutor.java:439)
	at com.kms.katalon.core.main.TestCaseExecutor.processExecutionPhase(TestCaseExecutor.java:418)
	at com.kms.katalon.core.main.TestCaseExecutor.accessMainPhase(TestCaseExecutor.java:410)
	at com.kms.katalon.core.main.TestCaseExecutor.execute(TestCaseExecutor.java:285)
	at com.kms.katalon.core.main.TestCaseMain.runTestCase(TestCaseMain.java:144)
	at com.kms.katalon.core.keyword.builtin.CallTestCaseKeyword$_callTestCase_closure1.doCall(CallTestCaseKeyword.groovy:59)
	... 132 more
Caused by: com.kms.katalon.core.webui.exception.WebElementNotFoundException: Web element with id: 'Object Repository/verifikasi/Harga Keranjang' located by '(.//*[normalize-space(text()) and normalize-space(.)='Qty.'])[4]/following::b[1]' not found
	at com.kms.katalon.core.webui.common.WebUiCommonHelper.findWebElement(WebUiCommonHelper.java:1381)
	at com.kms.katalon.core.webui.keyword.internal.WebUIAbstractKeyword.findWebElement(WebUIAbstractKeyword.groovy:27)
	at com.kms.katalon.core.webui.keyword.internal.WebUIAbstractKeyword.findWebElement(WebUIAbstractKeyword.groovy:26)
	at com.kms.katalon.core.webui.keyword.builtin.GetTextKeyword$_getText_closure1.doCall(GetTextKeyword.groovy:78)
	at com.kms.katalon.core.webui.keyword.builtin.GetTextKeyword$_getText_closure1.call(GetTextKeyword.groovy)
	at com.kms.katalon.core.webui.keyword.internal.WebUIKeywordMain.runKeyword(WebUIKeywordMain.groovy:20)
	... 147 more
)

2023-10-04 19:58:11 - [TEST_CASE][FAILED] - Test Cases/T13 Pembelian, Shipment dan Pembayaran/PBL-002: Test Cases/T13 Pembelian, Shipment dan Pembayaran/PBL-002 FAILED.
Reason:
com.kms.katalon.core.exception.StepFailedException: Unable to get text of object 'Object Repository/verifikasi/Harga Keranjang'
	at com.kms.katalon.core.webui.keyword.internal.WebUIKeywordMain.stepFailed(WebUIKeywordMain.groovy:64)
	at com.kms.katalon.core.webui.keyword.internal.WebUIKeywordMain.runKeyword(WebUIKeywordMain.groovy:26)
	at com.kms.katalon.core.webui.keyword.builtin.GetTextKeyword.getText(GetTextKeyword.groovy:88)
	at com.kms.katalon.core.webui.keyword.builtin.GetTextKeyword.execute(GetTextKeyword.groovy:67)
	at com.kms.katalon.core.keyword.internal.KeywordExecutor.executeKeywordForPlatform(KeywordExecutor.groovy:74)
	at com.kms.katalon.core.webui.keyword.WebUiBuiltInKeywords.getText(WebUiBuiltInKeywords.groovy:918)
	at com.kms.katalon.core.webui.keyword.WebUiBuiltInKeywords$getText$5.call(Unknown Source)
	at PBL-002.run(PBL-002:31)
	at com.kms.katalon.core.main.ScriptEngine.run(ScriptEngine.java:194)
	at com.kms.katalon.core.main.ScriptEngine.runScriptAsRawText(ScriptEngine.java:119)
	at com.kms.katalon.core.main.TestCaseExecutor.runScript(TestCaseExecutor.java:448)
	at com.kms.katalon.core.main.TestCaseExecutor.doExecute(TestCaseExecutor.java:439)
	at com.kms.katalon.core.main.TestCaseExecutor.processExecutionPhase(TestCaseExecutor.java:418)
	at com.kms.katalon.core.main.TestCaseExecutor.accessMainPhase(TestCaseExecutor.java:410)
	at com.kms.katalon.core.main.TestCaseExecutor.execute(TestCaseExecutor.java:285)
	at com.kms.katalon.core.main.TestCaseMain.runTestCase(TestCaseMain.java:144)
	at com.kms.katalon.core.keyword.builtin.CallTestCaseKeyword$_callTestCase_closure1.doCall(CallTestCaseKeyword.groovy:59)
	at com.kms.katalon.core.keyword.builtin.CallTestCaseKeyword$_callTestCase_closure1.call(CallTestCaseKeyword.groovy)
	at com.kms.katalon.core.keyword.internal.KeywordMain.runKeyword(KeywordMain.groovy:75)
	at com.kms.katalon.core.keyword.builtin.CallTestCaseKeyword.callTestCase(CallTestCaseKeyword.groovy:81)
	at com.kms.katalon.core.keyword.builtin.CallTestCaseKeyword.execute(CallTestCaseKeyword.groovy:44)
	at com.kms.katalon.core.keyword.internal.KeywordExecutor.executeKeywordForPlatform(KeywordExecutor.groovy:74)
	at com.kms.katalon.core.keyword.BuiltinKeywords.callTestCase(BuiltinKeywords.groovy:310)
	at PBL-004.run(PBL-004:20)
	at com.kms.katalon.core.main.ScriptEngine.run(ScriptEngine.java:194)
	at com.kms.katalon.core.main.ScriptEngine.runScriptAsRawText(ScriptEngine.java:119)
	at com.kms.katalon.core.main.TestCaseExecutor.runScript(TestCaseExecutor.java:448)
	at com.kms.katalon.core.main.TestCaseExecutor.doExecute(TestCaseExecutor.java:439)
	at com.kms.katalon.core.main.TestCaseExecutor.processExecutionPhase(TestCaseExecutor.java:418)
	at com.kms.katalon.core.main.TestCaseExecutor.accessMainPhase(TestCaseExecutor.java:410)
	at com.kms.katalon.core.main.TestCaseExecutor.execute(TestCaseExecutor.java:285)
	at com.kms.katalon.core.main.TestCaseMain.runTestCase(TestCaseMain.java:144)
	at com.kms.katalon.core.keyword.builtin.CallTestCaseKeyword$_callTestCase_closure1.doCall(CallTestCaseKeyword.groovy:59)
	at com.kms.katalon.core.keyword.builtin.CallTestCaseKeyword$_callTestCase_closure1.call(CallTestCaseKeyword.groovy)
	at com.kms.katalon.core.keyword.internal.KeywordMain.runKeyword(KeywordMain.groovy:75)
	at com.kms.katalon.core.keyword.builtin.CallTestCaseKeyword.callTestCase(CallTestCaseKeyword.groovy:81)
	at com.kms.katalon.core.keyword.builtin.CallTestCaseKeyword.execute(CallTestCaseKeyword.groovy:44)
	at com.kms.katalon.core.keyword.internal.KeywordExecutor.executeKeywordForPlatform(KeywordExecutor.groovy:74)
	at com.kms.katalon.core.keyword.BuiltinKeywords.callTestCase(BuiltinKeywords.groovy:310)
	at PBY-001.run(PBY-001:20)
	at com.kms.katalon.core.main.ScriptEngine.run(ScriptEngine.java:194)
	at com.kms.katalon.core.main.ScriptEngine.runScriptAsRawText(ScriptEngine.java:119)
	at com.kms.katalon.core.main.TestCaseExecutor.runScript(TestCaseExecutor.java:448)
	at com.kms.katalon.core.main.TestCaseExecutor.doExecute(TestCaseExecutor.java:439)
	at com.kms.katalon.core.main.TestCaseExecutor.processExecutionPhase(TestCaseExecutor.java:418)
	at com.kms.katalon.core.main.TestCaseExecutor.accessMainPhase(TestCaseExecutor.java:410)
	at com.kms.katalon.core.main.TestCaseExecutor.execute(TestCaseExecutor.java:285)
	at com.kms.katalon.core.main.TestCaseMain.runTestCase(TestCaseMain.java:144)
	at com.kms.katalon.core.keyword.builtin.CallTestCaseKeyword$_callTestCase_closure1.doCall(CallTestCaseKeyword.groovy:59)
	at com.kms.katalon.core.keyword.builtin.CallTestCaseKeyword$_callTestCase_closure1.call(CallTestCaseKeyword.groovy)
	at com.kms.katalon.core.keyword.internal.KeywordMain.runKeyword(KeywordMain.groovy:75)
	at com.kms.katalon.core.keyword.builtin.CallTestCaseKeyword.callTestCase(CallTestCaseKeyword.groovy:81)
	at com.kms.katalon.core.keyword.builtin.CallTestCaseKeyword.execute(CallTestCaseKeyword.groovy:44)
	at com.kms.katalon.core.keyword.internal.KeywordExecutor.executeKeywordForPlatform(KeywordExecutor.groovy:74)
	at com.kms.katalon.core.keyword.BuiltinKeywords.callTestCase(BuiltinKeywords.groovy:310)
	at PBY-004.run(PBY-004:20)
	at com.kms.katalon.core.main.ScriptEngine.run(ScriptEngine.java:194)
	at com.kms.katalon.core.main.ScriptEngine.runScriptAsRawText(ScriptEngine.java:119)
	at com.kms.katalon.core.main.TestCaseExecutor.runScript(TestCaseExecutor.java:448)
	at com.kms.katalon.core.main.TestCaseExecutor.doExecute(TestCaseExecutor.java:439)
	at com.kms.katalon.core.main.TestCaseExecutor.processExecutionPhase(TestCaseExecutor.java:418)
	at com.kms.katalon.core.main.TestCaseExecutor.accessMainPhase(TestCaseExecutor.java:410)
	at com.kms.katalon.core.main.TestCaseExecutor.execute(TestCaseExecutor.java:285)
	at com.kms.katalon.core.main.TestCaseMain.runTestCase(TestCaseMain.java:144)
	at com.kms.katalon.core.keyword.builtin.CallTestCaseKeyword$_callTestCase_closure1.doCall(CallTestCaseKeyword.groovy:59)
	at com.kms.katalon.core.keyword.builtin.CallTestCaseKeyword$_callTestCase_closure1.call(CallTestCaseKeyword.groovy)
	at com.kms.katalon.core.keyword.internal.KeywordMain.runKeyword(KeywordMain.groovy:75)
	at com.kms.katalon.core.keyword.builtin.CallTestCaseKeyword.callTestCase(CallTestCaseKeyword.groovy:81)
	at com.kms.katalon.core.keyword.builtin.CallTestCaseKeyword.execute(CallTestCaseKeyword.groovy:44)
	at com.kms.katalon.core.keyword.internal.KeywordExecutor.executeKeywordForPlatform(KeywordExecutor.groovy:74)
	at com.kms.katalon.core.keyword.BuiltinKeywords.callTestCase(BuiltinKeywords.groovy:310)
	at PBYA-001.run(PBYA-001:20)
	at com.kms.katalon.core.main.ScriptEngine.run(ScriptEngine.java:194)
	at com.kms.katalon.core.main.ScriptEngine.runScriptAsRawText(ScriptEngine.java:119)
	at com.kms.katalon.core.main.TestCaseExecutor.runScript(TestCaseExecutor.java:448)
	at com.kms.katalon.core.main.TestCaseExecutor.doExecute(TestCaseExecutor.java:439)
	at com.kms.katalon.core.main.TestCaseExecutor.processExecutionPhase(TestCaseExecutor.java:418)
	at com.kms.katalon.core.main.TestCaseExecutor.accessMainPhase(TestCaseExecutor.java:410)
	at com.kms.katalon.core.main.TestCaseExecutor.execute(TestCaseExecutor.java:285)
	at com.kms.katalon.core.main.TestCaseMain.runTestCase(TestCaseMain.java:144)
	at com.kms.katalon.core.keyword.builtin.CallTestCaseKeyword$_callTestCase_closure1.doCall(CallTestCaseKeyword.groovy:59)
	at com.kms.katalon.core.keyword.builtin.CallTestCaseKeyword$_callTestCase_closure1.call(CallTestCaseKeyword.groovy)
	at com.kms.katalon.core.keyword.internal.KeywordMain.runKeyword(KeywordMain.groovy:75)
	at com.kms.katalon.core.keyword.builtin.CallTestCaseKeyword.callTestCase(CallTestCaseKeyword.groovy:81)
	at com.kms.katalon.core.keyword.builtin.CallTestCaseKeyword.execute(CallTestCaseKeyword.groovy:44)
	at com.kms.katalon.core.keyword.internal.KeywordExecutor.executeKeywordForPlatform(KeywordExecutor.groovy:74)
	at com.kms.katalon.core.keyword.BuiltinKeywords.callTestCase(BuiltinKeywords.groovy:310)
	at SA-001.run(SA-001:20)
	at com.kms.katalon.core.main.ScriptEngine.run(ScriptEngine.java:194)
	at com.kms.katalon.core.main.ScriptEngine.runScriptAsRawText(ScriptEngine.java:119)
	at com.kms.katalon.core.main.TestCaseExecutor.runScript(TestCaseExecutor.java:448)
	at com.kms.katalon.core.main.TestCaseExecutor.doExecute(TestCaseExecutor.java:439)
	at com.kms.katalon.core.main.TestCaseExecutor.processExecutionPhase(TestCaseExecutor.java:418)
	at com.kms.katalon.core.main.TestCaseExecutor.accessMainPhase(TestCaseExecutor.java:410)
	at com.kms.katalon.core.main.TestCaseExecutor.execute(TestCaseExecutor.java:285)
	at com.kms.katalon.core.main.TestCaseMain.runTestCase(TestCaseMain.java:144)
	at com.kms.katalon.core.keyword.builtin.CallTestCaseKeyword$_callTestCase_closure1.doCall(CallTestCaseKeyword.groovy:59)
	at com.kms.katalon.core.keyword.builtin.CallTestCaseKeyword$_callTestCase_closure1.call(CallTestCaseKeyword.groovy)
	at com.kms.katalon.core.keyword.internal.KeywordMain.runKeyword(KeywordMain.groovy:75)
	at com.kms.katalon.core.keyword.builtin.CallTestCaseKeyword.callTestCase(CallTestCaseKeyword.groovy:81)
	at com.kms.katalon.core.keyword.builtin.CallTestCaseKeyword.execute(CallTestCaseKeyword.groovy:44)
	at com.kms.katalon.core.keyword.internal.KeywordExecutor.executeKeywordForPlatform(KeywordExecutor.groovy:74)
	at com.kms.katalon.core.keyword.BuiltinKeywords.callTestCase(BuiltinKeywords.groovy:310)
	at SA-002.run(SA-002:20)
	at com.kms.katalon.core.main.ScriptEngine.run(ScriptEngine.java:194)
	at com.kms.katalon.core.main.ScriptEngine.runScriptAsRawText(ScriptEngine.java:119)
	at com.kms.katalon.core.main.TestCaseExecutor.runScript(TestCaseExecutor.java:448)
	at com.kms.katalon.core.main.TestCaseExecutor.doExecute(TestCaseExecutor.java:439)
	at com.kms.katalon.core.main.TestCaseExecutor.processExecutionPhase(TestCaseExecutor.java:418)
	at com.kms.katalon.core.main.TestCaseExecutor.accessMainPhase(TestCaseExecutor.java:410)
	at com.kms.katalon.core.main.TestCaseExecutor.execute(TestCaseExecutor.java:285)
	at com.kms.katalon.core.main.TestCaseMain.runTestCase(TestCaseMain.java:144)
	at com.kms.katalon.core.keyword.builtin.CallTestCaseKeyword$_callTestCase_closure1.doCall(CallTestCaseKeyword.groovy:59)
	at com.kms.katalon.core.keyword.builtin.CallTestCaseKeyword$_callTestCase_closure1.call(CallTestCaseKeyword.groovy)
	at com.kms.katalon.core.keyword.internal.KeywordMain.runKeyword(KeywordMain.groovy:75)
	at com.kms.katalon.core.keyword.builtin.CallTestCaseKeyword.callTestCase(CallTestCaseKeyword.groovy:81)
	at com.kms.katalon.core.keyword.builtin.CallTestCaseKeyword.execute(CallTestCaseKeyword.groovy:44)
	at com.kms.katalon.core.keyword.internal.KeywordExecutor.executeKeywordForPlatform(KeywordExecutor.groovy:74)
	at com.kms.katalon.core.keyword.BuiltinKeywords.callTestCase(BuiltinKeywords.groovy:310)
	at SA-005.run(SA-005:20)
	at com.kms.katalon.core.main.ScriptEngine.run(ScriptEngine.java:194)
	at com.kms.katalon.core.main.ScriptEngine.runScriptAsRawText(ScriptEngine.java:119)
	at com.kms.katalon.core.main.TestCaseExecutor.runScript(TestCaseExecutor.java:448)
	at com.kms.katalon.core.main.TestCaseExecutor.doExecute(TestCaseExecutor.java:439)
	at com.kms.katalon.core.main.TestCaseExecutor.processExecutionPhase(TestCaseExecutor.java:418)
	at com.kms.katalon.core.main.TestCaseExecutor.accessMainPhase(TestCaseExecutor.java:410)
	at com.kms.katalon.core.main.TestCaseExecutor.execute(TestCaseExecutor.java:285)
	at com.kms.katalon.core.main.TestCaseMain.runTestCase(TestCaseMain.java:144)
	at com.kms.katalon.core.keyword.builtin.CallTestCaseKeyword$_callTestCase_closure1.doCall(CallTestCaseKeyword.groovy:59)
	at com.kms.katalon.core.keyword.builtin.CallTestCaseKeyword$_callTestCase_closure1.call(CallTestCaseKeyword.groovy)
	at com.kms.katalon.core.keyword.internal.KeywordMain.runKeyword(KeywordMain.groovy:75)
	at com.kms.katalon.core.keyword.builtin.CallTestCaseKeyword.callTestCase(CallTestCaseKeyword.groovy:81)
	at com.kms.katalon.core.keyword.builtin.CallTestCaseKeyword.execute(CallTestCaseKeyword.groovy:44)
	at com.kms.katalon.core.keyword.internal.KeywordExecutor.executeKeywordForPlatform(KeywordExecutor.groovy:74)
	at com.kms.katalon.core.keyword.BuiltinKeywords.callTestCase(BuiltinKeywords.groovy:310)
	at SU-012.run(SU-012:20)
	at com.kms.katalon.core.main.ScriptEngine.run(ScriptEngine.java:194)
	at com.kms.katalon.core.main.ScriptEngine.runScriptAsRawText(ScriptEngine.java:119)
	at com.kms.katalon.core.main.TestCaseExecutor.runScript(TestCaseExecutor.java:448)
	at com.kms.katalon.core.main.TestCaseExecutor.doExecute(TestCaseExecutor.java:439)
	at com.kms.katalon.core.main.TestCaseExecutor.processExecutionPhase(TestCaseExecutor.java:418)
	at com.kms.katalon.core.main.TestCaseExecutor.accessMainPhase(TestCaseExecutor.java:410)
	at com.kms.katalon.core.main.TestCaseExecutor.execute(TestCaseExecutor.java:285)
	at com.kms.katalon.core.common.CommonExecutor.accessTestCaseMainPhase(CommonExecutor.java:65)
	at com.kms.katalon.core.main.TestSuiteExecutor.accessTestSuiteMainPhase(TestSuiteExecutor.java:148)
	at com.kms.katalon.core.main.TestSuiteExecutor.execute(TestSuiteExecutor.java:106)
	at com.kms.katalon.core.main.TestCaseMain.startTestSuite(TestCaseMain.java:187)
	at com.kms.katalon.core.main.TestCaseMain$startTestSuite$0.call(Unknown Source)
	at TempTestSuite1696420804604.run(TempTestSuite1696420804604.groovy:36)
Caused by: com.kms.katalon.core.webui.exception.WebElementNotFoundException: Web element with id: 'Object Repository/verifikasi/Harga Keranjang' located by '(.//*[normalize-space(text()) and normalize-space(.)='Qty.'])[4]/following::b[1]' not found
	at com.kms.katalon.core.webui.common.WebUiCommonHelper.findWebElement(WebUiCommonHelper.java:1381)
	at com.kms.katalon.core.webui.keyword.internal.WebUIAbstractKeyword.findWebElement(WebUIAbstractKeyword.groovy:27)
	at com.kms.katalon.core.webui.keyword.internal.WebUIAbstractKeyword.findWebElement(WebUIAbstractKeyword.groovy:26)
	at com.kms.katalon.core.webui.keyword.builtin.GetTextKeyword$_getText_closure1.doCall(GetTextKeyword.groovy:78)
	at com.kms.katalon.core.webui.keyword.builtin.GetTextKeyword$_getText_closure1.call(GetTextKeyword.groovy)
	at com.kms.katalon.core.webui.keyword.internal.WebUIKeywordMain.runKeyword(WebUIKeywordMain.groovy:20)
	... 147 more


2023-10-04 19:58:11 - [TEST_STEP][PASSED] - data = callTestCase(findTestCase("T13 Pembelian, Shipment dan Pembayaran/PBL-001"), [:], STOP_ON_FAILURE): Call Test Case 'Test Cases/T13 Pembelian, Shipment dan Pembayaran/PBL-001' successfully

2023-10-04 19:58:11 - [TEST_CASE][PASSED] - Test Cases/T13 Pembelian, Shipment dan Pembayaran/PBL-001: Test Cases/T13 Pembelian, Shipment dan Pembayaran/PBL-001

2023-10-04 19:58:11 - [TEST_STEP][PASSED] - callTestCase(findTestCase("T13 Pembelian, Shipment dan Pembayaran/LU-001"), ["username":"irfanafandi", "password":"12345irfan"], STOP_ON_FAILURE): Call Test Case 'Test Cases/T13 Pembelian, Shipment dan Pembayaran/LU-001' successfully

2023-10-04 19:58:11 - [TEST_CASE][PASSED] - Test Cases/T13 Pembelian, Shipment dan Pembayaran/LU-001: Test Cases/T13 Pembelian, Shipment dan Pembayaran/LU-001

2023-10-04 19:58:11 - [TEST_STEP][PASSED] - openBrowser("https://10.9.2.63/ecommerce/"): Browser is opened with url: 'https://10.9.2.63/ecommerce/'

2023-10-04 19:58:11 - [MESSAGE][WARNING] - A browser is already opened. Closing browser and opening a new one

2023-10-04 19:58:12 - [MESSAGE][INFO] - Starting 'Firefox' driver

2023-10-04 19:58:12 - [MESSAGE][INFO] - User set preference: ['args', '[--disable-notifications]']

2023-10-04 19:58:12 - [MESSAGE][INFO] - Action delay is set to 0 milliseconds

2023-10-04 19:58:17 - [MESSAGE][PASSED] - Browser is opened with url: 'https://10.9.2.63/ecommerce/'

2023-10-04 19:58:17 - [TEST_STEP][PASSED] - maximizeWindow(): Current window maximized

2023-10-04 19:58:17 - [MESSAGE][PASSED] - Current window maximized

2023-10-04 19:58:17 - [TEST_STEP][PASSED] - verifyElementPresent(findTestObject("Login/Home"), 0): Object 'Object Repository/Login/Home' is present

2023-10-04 19:58:17 - [MESSAGE][WARNING] - Timeout '0' is invalid. Using default page load timeout: '30'

2023-10-04 19:58:18 - [MESSAGE][PASSED] - Object 'Object Repository/Login/Home' is present

2023-10-04 19:58:18 - [TEST_STEP][PASSED] - click(findTestObject("Login/a_Login")): Object: 'Object Repository/Login/a_Login' is clicked on

2023-10-04 19:58:18 - [MESSAGE][PASSED] - Object: 'Object Repository/Login/a_Login' is clicked on

2023-10-04 19:58:18 - [TEST_STEP][PASSED] - verifyElementPresent(findTestObject("Login/Tittle Login"), 0): Object 'Object Repository/Login/Tittle Login' is present

2023-10-04 19:58:18 - [MESSAGE][WARNING] - Timeout '0' is invalid. Using default page load timeout: '30'

2023-10-04 19:58:19 - [MESSAGE][PASSED] - Object 'Object Repository/Login/Tittle Login' is present

2023-10-04 19:58:19 - [TEST_STEP][PASSED] - setText(findTestObject("Login/input_Username, Email atau No. Handphone_a"), username): Text 'irfanafandi' is set on object 'Object Repository/Login/input_Username, Email atau No. Handphone_a'

2023-10-04 19:58:19 - [MESSAGE][PASSED] - Text 'irfanafandi' is set on object 'Object Repository/Login/input_Username, Email atau No. Handphone_a'

2023-10-04 19:58:19 - [TEST_STEP][PASSED] - setText(findTestObject("Login/input_Password_b"), password): Text '12345irfan' is set on object 'Object Repository/Login/input_Password_b'

2023-10-04 19:58:20 - [MESSAGE][PASSED] - Text '12345irfan' is set on object 'Object Repository/Login/input_Password_b'

2023-10-04 19:58:20 - [TEST_STEP][PASSED] - click(findTestObject("Login/label_Ingat saya")): Object: 'Object Repository/Login/label_Ingat saya' is clicked on

2023-10-04 19:58:21 - [MESSAGE][PASSED] - Object: 'Object Repository/Login/label_Ingat saya' is clicked on

2023-10-04 19:58:21 - [TEST_STEP][PASSED] - click(findTestObject("Login/button_Masuk")): Object: 'Object Repository/Login/button_Masuk' is clicked on

2023-10-04 19:58:22 - [MESSAGE][PASSED] - Object: 'Object Repository/Login/button_Masuk' is clicked on

2023-10-04 19:58:22 - [TEST_STEP][PASSED] - verifyElementPresent(findTestObject("Login/li_Profile"), 0): Object 'Object Repository/Login/li_Profile' is present

2023-10-04 19:58:22 - [MESSAGE][WARNING] - Timeout '0' is invalid. Using default page load timeout: '30'

2023-10-04 19:58:22 - [MESSAGE][PASSED] - Object 'Object Repository/Login/li_Profile' is present

2023-10-04 19:58:22 - [MESSAGE][PASSED] - Call Test Case 'Test Cases/T13 Pembelian, Shipment dan Pembayaran/LU-001' successfully

2023-10-04 19:58:22 - [TEST_STEP][PASSED] - mouseOver(findTestObject("beli barang/i_Mulai Belanja_icon-menu")): Object: 'Object Repository/beli barang/i_Mulai Belanja_icon-menu' is hovered

2023-10-04 19:58:23 - [MESSAGE][PASSED] - Object: 'Object Repository/beli barang/i_Mulai Belanja_icon-menu' is hovered

2023-10-04 19:58:23 - [TEST_STEP][PASSED] - click(findTestObject("beli barang/a_Fashion  Busana Wanita")): Object: 'Object Repository/beli barang/a_Fashion  Busana Wanita' is clicked on

2023-10-04 19:58:24 - [MESSAGE][PASSED] - Object: 'Object Repository/beli barang/a_Fashion  Busana Wanita' is clicked on

2023-10-04 19:58:24 - [TEST_STEP][PASSED] - NamaSebelum = getText(findTestObject("verifikasi/Nama sebelum")): Text of object 'Object Repository/verifikasi/Nama sebelum' is: ''

2023-10-04 19:58:25 - [MESSAGE][PASSED] - Text of object 'Object Repository/verifikasi/Nama sebelum' is: ''

2023-10-04 19:58:25 - [TEST_STEP][PASSED] - HargaSebelum = getText(findTestObject("verifikasi/Harga sebelum")): Text of object 'Object Repository/verifikasi/Harga sebelum' is: ''

2023-10-04 19:58:25 - [MESSAGE][PASSED] - Text of object 'Object Repository/verifikasi/Harga sebelum' is: ''

2023-10-04 19:58:25 - [TEST_STEP][PASSED] - mouseOver(findTestObject("beli barang/barang mouse over")): Object: 'Object Repository/beli barang/barang mouse over' is hovered

2023-10-04 19:58:26 - [MESSAGE][PASSED] - Object: 'Object Repository/beli barang/barang mouse over' is hovered

2023-10-04 19:58:26 - [TEST_STEP][PASSED] - click(findTestObject("beli barang/buttom add to cart")): Object: 'Object Repository/beli barang/buttom add to cart' is clicked on

2023-10-04 19:58:27 - [MESSAGE][PASSED] - Object: 'Object Repository/beli barang/buttom add to cart' is clicked on

2023-10-04 19:58:27 - [TEST_STEP][PASSED] - NamaSesudah = getText(findTestObject("verifikasi/Nama sesudah")): Text of object 'Object Repository/verifikasi/Nama sesudah' is: 'Segitiga Instan Madeira - MDB5.3 Sunset'

2023-10-04 19:58:28 - [MESSAGE][PASSED] - Text of object 'Object Repository/verifikasi/Nama sesudah' is: 'Segitiga Instan Madeira - MDB5.3 Sunset'

2023-10-04 19:58:28 - [TEST_STEP][PASSED] - HargaSesudah = getText(findTestObject("verifikasi/Harga sesudah")): Text of object 'Object Repository/verifikasi/Harga sesudah' is: 'Rp 1,299'

2023-10-04 19:58:28 - [MESSAGE][PASSED] - Text of object 'Object Repository/verifikasi/Harga sesudah' is: 'Rp 1,299'

2023-10-04 19:58:28 - [TEST_STEP][PASSED] - assert NamaSesudah.contains(NamaSebelum): null

2023-10-04 19:58:28 - [TEST_STEP][PASSED] - assert HargaSesudah.contains(HargaSebelum): null

2023-10-04 19:58:28 - [TEST_STEP][PASSED] - click(findTestObject("beli barang/Tambah Keranjang busana wanita")): Object: 'Object Repository/beli barang/Tambah Keranjang busana wanita' is clicked on

2023-10-04 19:58:29 - [MESSAGE][PASSED] - Object: 'Object Repository/beli barang/Tambah Keranjang busana wanita' is clicked on

2023-10-04 19:58:29 - [TEST_STEP][PASSED] - verifyElementPresent(findTestObject("checkout/Notifikasi keranjang"), 1): Object 'Object Repository/checkout/Notifikasi keranjang' is present

2023-10-04 19:58:29 - [MESSAGE][PASSED] - Object 'Object Repository/checkout/Notifikasi keranjang' is present

2023-10-04 19:58:29 - [TEST_STEP][PASSED] - data = new java.util.HashMap(): null

2023-10-04 19:58:29 - [TEST_STEP][PASSED] - data.put("nama_barang", NamaSesudah): null

2023-10-04 19:58:29 - [TEST_STEP][PASSED] - data.put("price_barang", HargaSesudah): null

2023-10-04 19:58:29 - [TEST_STEP][PASSED] - return data: null

2023-10-04 19:58:29 - [MESSAGE][PASSED] - Call Test Case 'Test Cases/T13 Pembelian, Shipment dan Pembayaran/PBL-001' successfully

2023-10-04 19:58:29 - [TEST_STEP][PASSED] - mouseOver(findTestObject("beli barang/keranjang")): Object: 'Object Repository/beli barang/keranjang' is hovered

2023-10-04 19:58:30 - [MESSAGE][PASSED] - Object: 'Object Repository/beli barang/keranjang' is hovered

2023-10-04 19:58:30 - [TEST_STEP][PASSED] - click(findTestObject("beli barang/Lihat Sekarang")): Object: 'Object Repository/beli barang/Lihat Sekarang' is clicked on

2023-10-04 19:58:31 - [MESSAGE][PASSED] - Object: 'Object Repository/beli barang/Lihat Sekarang' is clicked on

2023-10-04 19:58:31 - [TEST_STEP][PASSED] - verifyElementPresent(findTestObject("keranjang/li_Keranjang Belanja"), 0): Object 'Object Repository/keranjang/li_Keranjang Belanja' is present

2023-10-04 19:58:31 - [MESSAGE][WARNING] - Timeout '0' is invalid. Using default page load timeout: '30'

2023-10-04 19:58:32 - [MESSAGE][PASSED] - Object 'Object Repository/keranjang/li_Keranjang Belanja' is present

2023-10-04 19:58:32 - [TEST_STEP][PASSED] - NamaKeranjang = getText(findTestObject("verifikasi/Nama keranjang")): Text of object 'Object Repository/verifikasi/Nama keranjang' is: 'Pending'

2023-10-04 19:58:32 - [MESSAGE][PASSED] - Text of object 'Object Repository/verifikasi/Nama keranjang' is: 'Pending'

2023-10-04 19:58:32 - [TEST_STEP][FAILED] - HargaKeranjang = getText(findTestObject("verifikasi/Harga Keranjang")): Unable to get text of object 'Object Repository/verifikasi/Harga Keranjang' (Root cause: com.kms.katalon.core.exception.StepFailedException: Unable to get text of object 'Object Repository/verifikasi/Harga Keranjang'
	at com.kms.katalon.core.webui.keyword.internal.WebUIKeywordMain.stepFailed(WebUIKeywordMain.groovy:64)
	at com.kms.katalon.core.webui.keyword.internal.WebUIKeywordMain.runKeyword(WebUIKeywordMain.groovy:26)
	at com.kms.katalon.core.webui.keyword.builtin.GetTextKeyword.getText(GetTextKeyword.groovy:88)
	at com.kms.katalon.core.webui.keyword.builtin.GetTextKeyword.execute(GetTextKeyword.groovy:67)
	at com.kms.katalon.core.keyword.internal.KeywordExecutor.executeKeywordForPlatform(KeywordExecutor.groovy:74)
	at com.kms.katalon.core.webui.keyword.WebUiBuiltInKeywords.getText(WebUiBuiltInKeywords.groovy:918)
	at com.kms.katalon.core.webui.keyword.WebUiBuiltInKeywords$getText$5.call(Unknown Source)
	at PBL-002.run(PBL-002:31)
	at com.kms.katalon.core.main.ScriptEngine.run(ScriptEngine.java:194)
	at com.kms.katalon.core.main.ScriptEngine.runScriptAsRawText(ScriptEngine.java:119)
	at com.kms.katalon.core.main.TestCaseExecutor.runScript(TestCaseExecutor.java:448)
	at com.kms.katalon.core.main.TestCaseExecutor.doExecute(TestCaseExecutor.java:439)
	at com.kms.katalon.core.main.TestCaseExecutor.processExecutionPhase(TestCaseExecutor.java:418)
	at com.kms.katalon.core.main.TestCaseExecutor.accessMainPhase(TestCaseExecutor.java:410)
	at com.kms.katalon.core.main.TestCaseExecutor.execute(TestCaseExecutor.java:285)
	at com.kms.katalon.core.main.TestCaseMain.runTestCase(TestCaseMain.java:144)
	at com.kms.katalon.core.keyword.builtin.CallTestCaseKeyword$_callTestCase_closure1.doCall(CallTestCaseKeyword.groovy:59)
	at com.kms.katalon.core.keyword.builtin.CallTestCaseKeyword$_callTestCase_closure1.call(CallTestCaseKeyword.groovy)
	at com.kms.katalon.core.keyword.internal.KeywordMain.runKeyword(KeywordMain.groovy:75)
	at com.kms.katalon.core.keyword.builtin.CallTestCaseKeyword.callTestCase(CallTestCaseKeyword.groovy:81)
	at com.kms.katalon.core.keyword.builtin.CallTestCaseKeyword.execute(CallTestCaseKeyword.groovy:44)
	at com.kms.katalon.core.keyword.internal.KeywordExecutor.executeKeywordForPlatform(KeywordExecutor.groovy:74)
	at com.kms.katalon.core.keyword.BuiltinKeywords.callTestCase(BuiltinKeywords.groovy:310)
	at PBL-004.run(PBL-004:20)
	at com.kms.katalon.core.main.ScriptEngine.run(ScriptEngine.java:194)
	at com.kms.katalon.core.main.ScriptEngine.runScriptAsRawText(ScriptEngine.java:119)
	at com.kms.katalon.core.main.TestCaseExecutor.runScript(TestCaseExecutor.java:448)
	at com.kms.katalon.core.main.TestCaseExecutor.doExecute(TestCaseExecutor.java:439)
	at com.kms.katalon.core.main.TestCaseExecutor.processExecutionPhase(TestCaseExecutor.java:418)
	at com.kms.katalon.core.main.TestCaseExecutor.accessMainPhase(TestCaseExecutor.java:410)
	at com.kms.katalon.core.main.TestCaseExecutor.execute(TestCaseExecutor.java:285)
	at com.kms.katalon.core.main.TestCaseMain.runTestCase(TestCaseMain.java:144)
	at com.kms.katalon.core.keyword.builtin.CallTestCaseKeyword$_callTestCase_closure1.doCall(CallTestCaseKeyword.groovy:59)
	at com.kms.katalon.core.keyword.builtin.CallTestCaseKeyword$_callTestCase_closure1.call(CallTestCaseKeyword.groovy)
	at com.kms.katalon.core.keyword.internal.KeywordMain.runKeyword(KeywordMain.groovy:75)
	at com.kms.katalon.core.keyword.builtin.CallTestCaseKeyword.callTestCase(CallTestCaseKeyword.groovy:81)
	at com.kms.katalon.core.keyword.builtin.CallTestCaseKeyword.execute(CallTestCaseKeyword.groovy:44)
	at com.kms.katalon.core.keyword.internal.KeywordExecutor.executeKeywordForPlatform(KeywordExecutor.groovy:74)
	at com.kms.katalon.core.keyword.BuiltinKeywords.callTestCase(BuiltinKeywords.groovy:310)
	at PBY-001.run(PBY-001:20)
	at com.kms.katalon.core.main.ScriptEngine.run(ScriptEngine.java:194)
	at com.kms.katalon.core.main.ScriptEngine.runScriptAsRawText(ScriptEngine.java:119)
	at com.kms.katalon.core.main.TestCaseExecutor.runScript(TestCaseExecutor.java:448)
	at com.kms.katalon.core.main.TestCaseExecutor.doExecute(TestCaseExecutor.java:439)
	at com.kms.katalon.core.main.TestCaseExecutor.processExecutionPhase(TestCaseExecutor.java:418)
	at com.kms.katalon.core.main.TestCaseExecutor.accessMainPhase(TestCaseExecutor.java:410)
	at com.kms.katalon.core.main.TestCaseExecutor.execute(TestCaseExecutor.java:285)
	at com.kms.katalon.core.main.TestCaseMain.runTestCase(TestCaseMain.java:144)
	at com.kms.katalon.core.keyword.builtin.CallTestCaseKeyword$_callTestCase_closure1.doCall(CallTestCaseKeyword.groovy:59)
	at com.kms.katalon.core.keyword.builtin.CallTestCaseKeyword$_callTestCase_closure1.call(CallTestCaseKeyword.groovy)
	at com.kms.katalon.core.keyword.internal.KeywordMain.runKeyword(KeywordMain.groovy:75)
	at com.kms.katalon.core.keyword.builtin.CallTestCaseKeyword.callTestCase(CallTestCaseKeyword.groovy:81)
	at com.kms.katalon.core.keyword.builtin.CallTestCaseKeyword.execute(CallTestCaseKeyword.groovy:44)
	at com.kms.katalon.core.keyword.internal.KeywordExecutor.executeKeywordForPlatform(KeywordExecutor.groovy:74)
	at com.kms.katalon.core.keyword.BuiltinKeywords.callTestCase(BuiltinKeywords.groovy:310)
	at PBY-004.run(PBY-004:20)
	at com.kms.katalon.core.main.ScriptEngine.run(ScriptEngine.java:194)
	at com.kms.katalon.core.main.ScriptEngine.runScriptAsRawText(ScriptEngine.java:119)
	at com.kms.katalon.core.main.TestCaseExecutor.runScript(TestCaseExecutor.java:448)
	at com.kms.katalon.core.main.TestCaseExecutor.doExecute(TestCaseExecutor.java:439)
	at com.kms.katalon.core.main.TestCaseExecutor.processExecutionPhase(TestCaseExecutor.java:418)
	at com.kms.katalon.core.main.TestCaseExecutor.accessMainPhase(TestCaseExecutor.java:410)
	at com.kms.katalon.core.main.TestCaseExecutor.execute(TestCaseExecutor.java:285)
	at com.kms.katalon.core.main.TestCaseMain.runTestCase(TestCaseMain.java:144)
	at com.kms.katalon.core.keyword.builtin.CallTestCaseKeyword$_callTestCase_closure1.doCall(CallTestCaseKeyword.groovy:59)
	at com.kms.katalon.core.keyword.builtin.CallTestCaseKeyword$_callTestCase_closure1.call(CallTestCaseKeyword.groovy)
	at com.kms.katalon.core.keyword.internal.KeywordMain.runKeyword(KeywordMain.groovy:75)
	at com.kms.katalon.core.keyword.builtin.CallTestCaseKeyword.callTestCase(CallTestCaseKeyword.groovy:81)
	at com.kms.katalon.core.keyword.builtin.CallTestCaseKeyword.execute(CallTestCaseKeyword.groovy:44)
	at com.kms.katalon.core.keyword.internal.KeywordExecutor.executeKeywordForPlatform(KeywordExecutor.groovy:74)
	at com.kms.katalon.core.keyword.BuiltinKeywords.callTestCase(BuiltinKeywords.groovy:310)
	at PBYA-001.run(PBYA-001:20)
	at com.kms.katalon.core.main.ScriptEngine.run(ScriptEngine.java:194)
	at com.kms.katalon.core.main.ScriptEngine.runScriptAsRawText(ScriptEngine.java:119)
	at com.kms.katalon.core.main.TestCaseExecutor.runScript(TestCaseExecutor.java:448)
	at com.kms.katalon.core.main.TestCaseExecutor.doExecute(TestCaseExecutor.java:439)
	at com.kms.katalon.core.main.TestCaseExecutor.processExecutionPhase(TestCaseExecutor.java:418)
	at com.kms.katalon.core.main.TestCaseExecutor.accessMainPhase(TestCaseExecutor.java:410)
	at com.kms.katalon.core.main.TestCaseExecutor.execute(TestCaseExecutor.java:285)
	at com.kms.katalon.core.main.TestCaseMain.runTestCase(TestCaseMain.java:144)
	at com.kms.katalon.core.keyword.builtin.CallTestCaseKeyword$_callTestCase_closure1.doCall(CallTestCaseKeyword.groovy:59)
	at com.kms.katalon.core.keyword.builtin.CallTestCaseKeyword$_callTestCase_closure1.call(CallTestCaseKeyword.groovy)
	at com.kms.katalon.core.keyword.internal.KeywordMain.runKeyword(KeywordMain.groovy:75)
	at com.kms.katalon.core.keyword.builtin.CallTestCaseKeyword.callTestCase(CallTestCaseKeyword.groovy:81)
	at com.kms.katalon.core.keyword.builtin.CallTestCaseKeyword.execute(CallTestCaseKeyword.groovy:44)
	at com.kms.katalon.core.keyword.internal.KeywordExecutor.executeKeywordForPlatform(KeywordExecutor.groovy:74)
	at com.kms.katalon.core.keyword.BuiltinKeywords.callTestCase(BuiltinKeywords.groovy:310)
	at SA-001.run(SA-001:20)
	at com.kms.katalon.core.main.ScriptEngine.run(ScriptEngine.java:194)
	at com.kms.katalon.core.main.ScriptEngine.runScriptAsRawText(ScriptEngine.java:119)
	at com.kms.katalon.core.main.TestCaseExecutor.runScript(TestCaseExecutor.java:448)
	at com.kms.katalon.core.main.TestCaseExecutor.doExecute(TestCaseExecutor.java:439)
	at com.kms.katalon.core.main.TestCaseExecutor.processExecutionPhase(TestCaseExecutor.java:418)
	at com.kms.katalon.core.main.TestCaseExecutor.accessMainPhase(TestCaseExecutor.java:410)
	at com.kms.katalon.core.main.TestCaseExecutor.execute(TestCaseExecutor.java:285)
	at com.kms.katalon.core.main.TestCaseMain.runTestCase(TestCaseMain.java:144)
	at com.kms.katalon.core.keyword.builtin.CallTestCaseKeyword$_callTestCase_closure1.doCall(CallTestCaseKeyword.groovy:59)
	at com.kms.katalon.core.keyword.builtin.CallTestCaseKeyword$_callTestCase_closure1.call(CallTestCaseKeyword.groovy)
	at com.kms.katalon.core.keyword.internal.KeywordMain.runKeyword(KeywordMain.groovy:75)
	at com.kms.katalon.core.keyword.builtin.CallTestCaseKeyword.callTestCase(CallTestCaseKeyword.groovy:81)
	at com.kms.katalon.core.keyword.builtin.CallTestCaseKeyword.execute(CallTestCaseKeyword.groovy:44)
	at com.kms.katalon.core.keyword.internal.KeywordExecutor.executeKeywordForPlatform(KeywordExecutor.groovy:74)
	at com.kms.katalon.core.keyword.BuiltinKeywords.callTestCase(BuiltinKeywords.groovy:310)
	at SA-002.run(SA-002:20)
	at com.kms.katalon.core.main.ScriptEngine.run(ScriptEngine.java:194)
	at com.kms.katalon.core.main.ScriptEngine.runScriptAsRawText(ScriptEngine.java:119)
	at com.kms.katalon.core.main.TestCaseExecutor.runScript(TestCaseExecutor.java:448)
	at com.kms.katalon.core.main.TestCaseExecutor.doExecute(TestCaseExecutor.java:439)
	at com.kms.katalon.core.main.TestCaseExecutor.processExecutionPhase(TestCaseExecutor.java:418)
	at com.kms.katalon.core.main.TestCaseExecutor.accessMainPhase(TestCaseExecutor.java:410)
	at com.kms.katalon.core.main.TestCaseExecutor.execute(TestCaseExecutor.java:285)
	at com.kms.katalon.core.main.TestCaseMain.runTestCase(TestCaseMain.java:144)
	at com.kms.katalon.core.keyword.builtin.CallTestCaseKeyword$_callTestCase_closure1.doCall(CallTestCaseKeyword.groovy:59)
	at com.kms.katalon.core.keyword.builtin.CallTestCaseKeyword$_callTestCase_closure1.call(CallTestCaseKeyword.groovy)
	at com.kms.katalon.core.keyword.internal.KeywordMain.runKeyword(KeywordMain.groovy:75)
	at com.kms.katalon.core.keyword.builtin.CallTestCaseKeyword.callTestCase(CallTestCaseKeyword.groovy:81)
	at com.kms.katalon.core.keyword.builtin.CallTestCaseKeyword.execute(CallTestCaseKeyword.groovy:44)
	at com.kms.katalon.core.keyword.internal.KeywordExecutor.executeKeywordForPlatform(KeywordExecutor.groovy:74)
	at com.kms.katalon.core.keyword.BuiltinKeywords.callTestCase(BuiltinKeywords.groovy:310)
	at SA-005.run(SA-005:20)
	at com.kms.katalon.core.main.ScriptEngine.run(ScriptEngine.java:194)
	at com.kms.katalon.core.main.ScriptEngine.runScriptAsRawText(ScriptEngine.java:119)
	at com.kms.katalon.core.main.TestCaseExecutor.runScript(TestCaseExecutor.java:448)
	at com.kms.katalon.core.main.TestCaseExecutor.doExecute(TestCaseExecutor.java:439)
	at com.kms.katalon.core.main.TestCaseExecutor.processExecutionPhase(TestCaseExecutor.java:418)
	at com.kms.katalon.core.main.TestCaseExecutor.accessMainPhase(TestCaseExecutor.java:410)
	at com.kms.katalon.core.main.TestCaseExecutor.execute(TestCaseExecutor.java:285)
	at com.kms.katalon.core.main.TestCaseMain.runTestCase(TestCaseMain.java:144)
	at com.kms.katalon.core.keyword.builtin.CallTestCaseKeyword$_callTestCase_closure1.doCall(CallTestCaseKeyword.groovy:59)
	at com.kms.katalon.core.keyword.builtin.CallTestCaseKeyword$_callTestCase_closure1.call(CallTestCaseKeyword.groovy)
	at com.kms.katalon.core.keyword.internal.KeywordMain.runKeyword(KeywordMain.groovy:75)
	at com.kms.katalon.core.keyword.builtin.CallTestCaseKeyword.callTestCase(CallTestCaseKeyword.groovy:81)
	at com.kms.katalon.core.keyword.builtin.CallTestCaseKeyword.execute(CallTestCaseKeyword.groovy:44)
	at com.kms.katalon.core.keyword.internal.KeywordExecutor.executeKeywordForPlatform(KeywordExecutor.groovy:74)
	at com.kms.katalon.core.keyword.BuiltinKeywords.callTestCase(BuiltinKeywords.groovy:310)
	at SU-012.run(SU-012:20)
	at com.kms.katalon.core.main.ScriptEngine.run(ScriptEngine.java:194)
	at com.kms.katalon.core.main.ScriptEngine.runScriptAsRawText(ScriptEngine.java:119)
	at com.kms.katalon.core.main.TestCaseExecutor.runScript(TestCaseExecutor.java:448)
	at com.kms.katalon.core.main.TestCaseExecutor.doExecute(TestCaseExecutor.java:439)
	at com.kms.katalon.core.main.TestCaseExecutor.processExecutionPhase(TestCaseExecutor.java:418)
	at com.kms.katalon.core.main.TestCaseExecutor.accessMainPhase(TestCaseExecutor.java:410)
	at com.kms.katalon.core.main.TestCaseExecutor.execute(TestCaseExecutor.java:285)
	at com.kms.katalon.core.common.CommonExecutor.accessTestCaseMainPhase(CommonExecutor.java:65)
	at com.kms.katalon.core.main.TestSuiteExecutor.accessTestSuiteMainPhase(TestSuiteExecutor.java:148)
	at com.kms.katalon.core.main.TestSuiteExecutor.execute(TestSuiteExecutor.java:106)
	at com.kms.katalon.core.main.TestCaseMain.startTestSuite(TestCaseMain.java:187)
	at com.kms.katalon.core.main.TestCaseMain$startTestSuite$0.call(Unknown Source)
	at TempTestSuite1696420804604.run(TempTestSuite1696420804604.groovy:36)
Caused by: com.kms.katalon.core.webui.exception.WebElementNotFoundException: Web element with id: 'Object Repository/verifikasi/Harga Keranjang' located by '(.//*[normalize-space(text()) and normalize-space(.)='Qty.'])[4]/following::b[1]' not found
	at com.kms.katalon.core.webui.common.WebUiCommonHelper.findWebElement(WebUiCommonHelper.java:1381)
	at com.kms.katalon.core.webui.keyword.internal.WebUIAbstractKeyword.findWebElement(WebUIAbstractKeyword.groovy:27)
	at com.kms.katalon.core.webui.keyword.internal.WebUIAbstractKeyword.findWebElement(WebUIAbstractKeyword.groovy:26)
	at com.kms.katalon.core.webui.keyword.builtin.GetTextKeyword$_getText_closure1.doCall(GetTextKeyword.groovy:78)
	at com.kms.katalon.core.webui.keyword.builtin.GetTextKeyword$_getText_closure1.call(GetTextKeyword.groovy)
	at com.kms.katalon.core.webui.keyword.internal.WebUIKeywordMain.runKeyword(WebUIKeywordMain.groovy:20)
	at com.kms.katalon.core.webui.keyword.builtin.GetTextKeyword.getText(GetTextKeyword.groovy:88)
	at com.kms.katalon.core.webui.keyword.builtin.GetTextKeyword.execute(GetTextKeyword.groovy:67)
	at com.kms.katalon.core.keyword.internal.KeywordExecutor.executeKeywordForPlatform(KeywordExecutor.groovy:74)
	at com.kms.katalon.core.webui.keyword.WebUiBuiltInKeywords.getText(WebUiBuiltInKeywords.groovy:918)
	at com.kms.katalon.core.webui.keyword.WebUiBuiltInKeywords$getText$5.call(Unknown Source)
	at Script1695957351890.run(Script1695957351890.groovy:31)
	at com.kms.katalon.core.main.ScriptEngine.run(ScriptEngine.java:194)
	at com.kms.katalon.core.main.ScriptEngine.runScriptAsRawText(ScriptEngine.java:119)
	at com.kms.katalon.core.main.TestCaseExecutor.runScript(TestCaseExecutor.java:448)
	at com.kms.katalon.core.main.TestCaseExecutor.doExecute(TestCaseExecutor.java:439)
	at com.kms.katalon.core.main.TestCaseExecutor.processExecutionPhase(TestCaseExecutor.java:418)
	at com.kms.katalon.core.main.TestCaseExecutor.accessMainPhase(TestCaseExecutor.java:410)
	at com.kms.katalon.core.main.TestCaseExecutor.execute(TestCaseExecutor.java:285)
	at com.kms.katalon.core.main.TestCaseMain.runTestCase(TestCaseMain.java:144)
	at com.kms.katalon.core.keyword.builtin.CallTestCaseKeyword$_callTestCase_closure1.doCall(CallTestCaseKeyword.groovy:59)
	at com.kms.katalon.core.keyword.builtin.CallTestCaseKeyword$_callTestCase_closure1.call(CallTestCaseKeyword.groovy)
	at com.kms.katalon.core.keyword.internal.KeywordMain.runKeyword(KeywordMain.groovy:75)
	at com.kms.katalon.core.keyword.builtin.CallTestCaseKeyword.callTestCase(CallTestCaseKeyword.groovy:81)
	at com.kms.katalon.core.keyword.builtin.CallTestCaseKeyword.execute(CallTestCaseKeyword.groovy:44)
	at com.kms.katalon.core.keyword.internal.KeywordExecutor.executeKeywordForPlatform(KeywordExecutor.groovy:74)
	at com.kms.katalon.core.keyword.BuiltinKeywords.callTestCase(BuiltinKeywords.groovy:310)
	at Script1695957634003.run(Script1695957634003.groovy:20)
	at com.kms.katalon.core.main.ScriptEngine.run(ScriptEngine.java:194)
	at com.kms.katalon.core.main.ScriptEngine.runScriptAsRawText(ScriptEngine.java:119)
	at com.kms.katalon.core.main.TestCaseExecutor.runScript(TestCaseExecutor.java:448)
	at com.kms.katalon.core.main.TestCaseExecutor.doExecute(TestCaseExecutor.java:439)
	at com.kms.katalon.core.main.TestCaseExecutor.processExecutionPhase(TestCaseExecutor.java:418)
	at com.kms.katalon.core.main.TestCaseExecutor.accessMainPhase(TestCaseExecutor.java:410)
	at com.kms.katalon.core.main.TestCaseExecutor.execute(TestCaseExecutor.java:285)
	at com.kms.katalon.core.main.TestCaseMain.runTestCase(TestCaseMain.java:144)
	at com.kms.katalon.core.keyword.builtin.CallTestCaseKeyword$_callTestCase_closure1.doCall(CallTestCaseKeyword.groovy:59)
	at com.kms.katalon.core.keyword.builtin.CallTestCaseKeyword$_callTestCase_closure1.call(CallTestCaseKeyword.groovy)
	at com.kms.katalon.core.keyword.internal.KeywordMain.runKeyword(KeywordMain.groovy:75)
	at com.kms.katalon.core.keyword.builtin.CallTestCaseKeyword.callTestCase(CallTestCaseKeyword.groovy:81)
	at com.kms.katalon.core.keyword.builtin.CallTestCaseKeyword.execute(CallTestCaseKeyword.groovy:44)
	at com.kms.katalon.core.keyword.internal.KeywordExecutor.executeKeywordForPlatform(KeywordExecutor.groovy:74)
	at com.kms.katalon.core.keyword.BuiltinKeywords.callTestCase(BuiltinKeywords.groovy:310)
	at Script1695957898449.run(Script1695957898449.groovy:20)
	at com.kms.katalon.core.main.ScriptEngine.run(ScriptEngine.java:194)
	at com.kms.katalon.core.main.ScriptEngine.runScriptAsRawText(ScriptEngine.java:119)
	at com.kms.katalon.core.main.TestCaseExecutor.runScript(TestCaseExecutor.java:448)
	at com.kms.katalon.core.main.TestCaseExecutor.doExecute(TestCaseExecutor.java:439)
	at com.kms.katalon.core.main.TestCaseExecutor.processExecutionPhase(TestCaseExecutor.java:418)
	at com.kms.katalon.core.main.TestCaseExecutor.accessMainPhase(TestCaseExecutor.java:410)
	at com.kms.katalon.core.main.TestCaseExecutor.execute(TestCaseExecutor.java:285)
	at com.kms.katalon.core.main.TestCaseMain.runTestCase(TestCaseMain.java:144)
	at com.kms.katalon.core.keyword.builtin.CallTestCaseKeyword$_callTestCase_closure1.doCall(CallTestCaseKeyword.groovy:59)
	at com.kms.katalon.core.keyword.builtin.CallTestCaseKeyword$_callTestCase_closure1.call(CallTestCaseKeyword.groovy)
	at com.kms.katalon.core.keyword.internal.KeywordMain.runKeyword(KeywordMain.groovy:75)
	at com.kms.katalon.core.keyword.builtin.CallTestCaseKeyword.callTestCase(CallTestCaseKeyword.groovy:81)
	at com.kms.katalon.core.keyword.builtin.CallTestCaseKeyword.execute(CallTestCaseKeyword.groovy:44)
	at com.kms.katalon.core.keyword.internal.KeywordExecutor.executeKeywordForPlatform(KeywordExecutor.groovy:74)
	at com.kms.katalon.core.keyword.BuiltinKeywords.callTestCase(BuiltinKeywords.groovy:310)
	at Script1695958134162.run(Script1695958134162.groovy:20)
	at com.kms.katalon.core.main.ScriptEngine.run(ScriptEngine.java:194)
	at com.kms.katalon.core.main.ScriptEngine.runScriptAsRawText(ScriptEngine.java:119)
	at com.kms.katalon.core.main.TestCaseExecutor.runScript(TestCaseExecutor.java:448)
	at com.kms.katalon.core.main.TestCaseExecutor.doExecute(TestCaseExecutor.java:439)
	at com.kms.katalon.core.main.TestCaseExecutor.processExecutionPhase(TestCaseExecutor.java:418)
	at com.kms.katalon.core.main.TestCaseExecutor.accessMainPhase(TestCaseExecutor.java:410)
	at com.kms.katalon.core.main.TestCaseExecutor.execute(TestCaseExecutor.java:285)
	at com.kms.katalon.core.main.TestCaseMain.runTestCase(TestCaseMain.java:144)
	at com.kms.katalon.core.keyword.builtin.CallTestCaseKeyword$_callTestCase_closure1.doCall(CallTestCaseKeyword.groovy:59)
	at com.kms.katalon.core.keyword.builtin.CallTestCaseKeyword$_callTestCase_closure1.call(CallTestCaseKeyword.groovy)
	at com.kms.katalon.core.keyword.internal.KeywordMain.runKeyword(KeywordMain.groovy:75)
	at com.kms.katalon.core.keyword.builtin.CallTestCaseKeyword.callTestCase(CallTestCaseKeyword.groovy:81)
	at com.kms.katalon.core.keyword.builtin.CallTestCaseKeyword.execute(CallTestCaseKeyword.groovy:44)
	at com.kms.katalon.core.keyword.internal.KeywordExecutor.executeKeywordForPlatform(KeywordExecutor.groovy:74)
	at com.kms.katalon.core.keyword.BuiltinKeywords.callTestCase(BuiltinKeywords.groovy:310)
	at Script1695958536957.run(Script1695958536957.groovy:20)
	at com.kms.katalon.core.main.ScriptEngine.run(ScriptEngine.java:194)
	at com.kms.katalon.core.main.ScriptEngine.runScriptAsRawText(ScriptEngine.java:119)
	at com.kms.katalon.core.main.TestCaseExecutor.runScript(TestCaseExecutor.java:448)
	at com.kms.katalon.core.main.TestCaseExecutor.doExecute(TestCaseExecutor.java:439)
	at com.kms.katalon.core.main.TestCaseExecutor.processExecutionPhase(TestCaseExecutor.java:418)
	at com.kms.katalon.core.main.TestCaseExecutor.accessMainPhase(TestCaseExecutor.java:410)
	at com.kms.katalon.core.main.TestCaseExecutor.execute(TestCaseExecutor.java:285)
	at com.kms.katalon.core.main.TestCaseMain.runTestCase(TestCaseMain.java:144)
	at com.kms.katalon.core.keyword.builtin.CallTestCaseKeyword$_callTestCase_closure1.doCall(CallTestCaseKeyword.groovy:59)
	at com.kms.katalon.core.keyword.builtin.CallTestCaseKeyword$_callTestCase_closure1.call(CallTestCaseKeyword.groovy)
	at com.kms.katalon.core.keyword.internal.KeywordMain.runKeyword(KeywordMain.groovy:75)
	at com.kms.katalon.core.keyword.builtin.CallTestCaseKeyword.callTestCase(CallTestCaseKeyword.groovy:81)
	at com.kms.katalon.core.keyword.builtin.CallTestCaseKeyword.execute(CallTestCaseKeyword.groovy:44)
	at com.kms.katalon.core.keyword.internal.KeywordExecutor.executeKeywordForPlatform(KeywordExecutor.groovy:74)
	at com.kms.katalon.core.keyword.BuiltinKeywords.callTestCase(BuiltinKeywords.groovy:310)
	at Script1695958721803.run(Script1695958721803.groovy:20)
	at com.kms.katalon.core.main.ScriptEngine.run(ScriptEngine.java:194)
	at com.kms.katalon.core.main.ScriptEngine.runScriptAsRawText(ScriptEngine.java:119)
	at com.kms.katalon.core.main.TestCaseExecutor.runScript(TestCaseExecutor.java:448)
	at com.kms.katalon.core.main.TestCaseExecutor.doExecute(TestCaseExecutor.java:439)
	at com.kms.katalon.core.main.TestCaseExecutor.processExecutionPhase(TestCaseExecutor.java:418)
	at com.kms.katalon.core.main.TestCaseExecutor.accessMainPhase(TestCaseExecutor.java:410)
	at com.kms.katalon.core.main.TestCaseExecutor.execute(TestCaseExecutor.java:285)
	at com.kms.katalon.core.main.TestCaseMain.runTestCase(TestCaseMain.java:144)
	at com.kms.katalon.core.keyword.builtin.CallTestCaseKeyword$_callTestCase_closure1.doCall(CallTestCaseKeyword.groovy:59)
	at com.kms.katalon.core.keyword.builtin.CallTestCaseKeyword$_callTestCase_closure1.call(CallTestCaseKeyword.groovy)
	at com.kms.katalon.core.keyword.internal.KeywordMain.runKeyword(KeywordMain.groovy:75)
	at com.kms.katalon.core.keyword.builtin.CallTestCaseKeyword.callTestCase(CallTestCaseKeyword.groovy:81)
	at com.kms.katalon.core.keyword.builtin.CallTestCaseKeyword.execute(CallTestCaseKeyword.groovy:44)
	at com.kms.katalon.core.keyword.internal.KeywordExecutor.executeKeywordForPlatform(KeywordExecutor.groovy:74)
	at com.kms.katalon.core.keyword.BuiltinKeywords.callTestCase(BuiltinKeywords.groovy:310)
	at Script1695958728937.run(Script1695958728937.groovy:20)
	at com.kms.katalon.core.main.ScriptEngine.run(ScriptEngine.java:194)
	at com.kms.katalon.core.main.ScriptEngine.runScriptAsRawText(ScriptEngine.java:119)
	at com.kms.katalon.core.main.TestCaseExecutor.runScript(TestCaseExecutor.java:448)
	at com.kms.katalon.core.main.TestCaseExecutor.doExecute(TestCaseExecutor.java:439)
	at com.kms.katalon.core.main.TestCaseExecutor.processExecutionPhase(TestCaseExecutor.java:418)
	at com.kms.katalon.core.main.TestCaseExecutor.accessMainPhase(TestCaseExecutor.java:410)
	at com.kms.katalon.core.main.TestCaseExecutor.execute(TestCaseExecutor.java:285)
	at com.kms.katalon.core.main.TestCaseMain.runTestCase(TestCaseMain.java:144)
	at com.kms.katalon.core.keyword.builtin.CallTestCaseKeyword$_callTestCase_closure1.doCall(CallTestCaseKeyword.groovy:59)
	at com.kms.katalon.core.keyword.builtin.CallTestCaseKeyword$_callTestCase_closure1.call(CallTestCaseKeyword.groovy)
	at com.kms.katalon.core.keyword.internal.KeywordMain.runKeyword(KeywordMain.groovy:75)
	at com.kms.katalon.core.keyword.builtin.CallTestCaseKeyword.callTestCase(CallTestCaseKeyword.groovy:81)
	at com.kms.katalon.core.keyword.builtin.CallTestCaseKeyword.execute(CallTestCaseKeyword.groovy:44)
	at com.kms.katalon.core.keyword.internal.KeywordExecutor.executeKeywordForPlatform(KeywordExecutor.groovy:74)
	at com.kms.katalon.core.keyword.BuiltinKeywords.callTestCase(BuiltinKeywords.groovy:310)
	at Script1695958752151.run(Script1695958752151.groovy:20)
	at com.kms.katalon.core.main.ScriptEngine.run(ScriptEngine.java:194)
	at com.kms.katalon.core.main.ScriptEngine.runScriptAsRawText(ScriptEngine.java:119)
	at com.kms.katalon.core.main.TestCaseExecutor.runScript(TestCaseExecutor.java:448)
	at com.kms.katalon.core.main.TestCaseExecutor.doExecute(TestCaseExecutor.java:439)
	at com.kms.katalon.core.main.TestCaseExecutor.processExecutionPhase(TestCaseExecutor.java:418)
	at com.kms.katalon.core.main.TestCaseExecutor.accessMainPhase(TestCaseExecutor.java:410)
	at com.kms.katalon.core.main.TestCaseExecutor.execute(TestCaseExecutor.java:285)
	at com.kms.katalon.core.main.TestCaseMain.runTestCase(TestCaseMain.java:144)
	at com.kms.katalon.core.keyword.builtin.CallTestCaseKeyword$_callTestCase_closure1.doCall(CallTestCaseKeyword.groovy:59)
	at com.kms.katalon.core.keyword.builtin.CallTestCaseKeyword$_callTestCase_closure1.call(CallTestCaseKeyword.groovy)
	at com.kms.katalon.core.keyword.internal.KeywordMain.runKeyword(KeywordMain.groovy:75)
	at com.kms.katalon.core.keyword.builtin.CallTestCaseKeyword.callTestCase(CallTestCaseKeyword.groovy:81)
	at com.kms.katalon.core.keyword.builtin.CallTestCaseKeyword.execute(CallTestCaseKeyword.groovy:44)
	at com.kms.katalon.core.keyword.internal.KeywordExecutor.executeKeywordForPlatform(KeywordExecutor.groovy:74)
	at com.kms.katalon.core.keyword.BuiltinKeywords.callTestCase(BuiltinKeywords.groovy:310)
	at Script1696215746763.run(Script1696215746763.groovy:20)
	... 13 more
)

2023-10-04 19:59:03 - [MESSAGE][INFO] - Unable to find the element located by 'By.xpath: (.//*[normalize-space(text()) and normalize-space(.)='Qty.'])[4]/following::b[1]'. Please recheck the objects properties to make sure the desired element is located. 

2023-10-04 19:59:03 - [MESSAGE][FAILED] - Unable to get text of object 'Object Repository/verifikasi/Harga Keranjang' (Root cause: com.kms.katalon.core.exception.StepFailedException: Unable to get text of object 'Object Repository/verifikasi/Harga Keranjang'
	at com.kms.katalon.core.webui.keyword.internal.WebUIKeywordMain.stepFailed(WebUIKeywordMain.groovy:64)
	at com.kms.katalon.core.webui.keyword.internal.WebUIKeywordMain.runKeyword(WebUIKeywordMain.groovy:26)
	at com.kms.katalon.core.webui.keyword.builtin.GetTextKeyword.getText(GetTextKeyword.groovy:88)
	at com.kms.katalon.core.webui.keyword.builtin.GetTextKeyword.execute(GetTextKeyword.groovy:67)
	at com.kms.katalon.core.keyword.internal.KeywordExecutor.executeKeywordForPlatform(KeywordExecutor.groovy:74)
	at com.kms.katalon.core.webui.keyword.WebUiBuiltInKeywords.getText(WebUiBuiltInKeywords.groovy:918)
	at com.kms.katalon.core.webui.keyword.WebUiBuiltInKeywords$getText$5.call(Unknown Source)
	at PBL-002.run(PBL-002:31)
	at com.kms.katalon.core.main.ScriptEngine.run(ScriptEngine.java:194)
	at com.kms.katalon.core.main.ScriptEngine.runScriptAsRawText(ScriptEngine.java:119)
	at com.kms.katalon.core.main.TestCaseExecutor.runScript(TestCaseExecutor.java:448)
	at com.kms.katalon.core.main.TestCaseExecutor.doExecute(TestCaseExecutor.java:439)
	at com.kms.katalon.core.main.TestCaseExecutor.processExecutionPhase(TestCaseExecutor.java:418)
	at com.kms.katalon.core.main.TestCaseExecutor.accessMainPhase(TestCaseExecutor.java:410)
	at com.kms.katalon.core.main.TestCaseExecutor.execute(TestCaseExecutor.java:285)
	at com.kms.katalon.core.main.TestCaseMain.runTestCase(TestCaseMain.java:144)
	at com.kms.katalon.core.keyword.builtin.CallTestCaseKeyword$_callTestCase_closure1.doCall(CallTestCaseKeyword.groovy:59)
	at com.kms.katalon.core.keyword.builtin.CallTestCaseKeyword$_callTestCase_closure1.call(CallTestCaseKeyword.groovy)
	at com.kms.katalon.core.keyword.internal.KeywordMain.runKeyword(KeywordMain.groovy:75)
	at com.kms.katalon.core.keyword.builtin.CallTestCaseKeyword.callTestCase(CallTestCaseKeyword.groovy:81)
	at com.kms.katalon.core.keyword.builtin.CallTestCaseKeyword.execute(CallTestCaseKeyword.groovy:44)
	at com.kms.katalon.core.keyword.internal.KeywordExecutor.executeKeywordForPlatform(KeywordExecutor.groovy:74)
	at com.kms.katalon.core.keyword.BuiltinKeywords.callTestCase(BuiltinKeywords.groovy:310)
	at PBL-004.run(PBL-004:20)
	at com.kms.katalon.core.main.ScriptEngine.run(ScriptEngine.java:194)
	at com.kms.katalon.core.main.ScriptEngine.runScriptAsRawText(ScriptEngine.java:119)
	at com.kms.katalon.core.main.TestCaseExecutor.runScript(TestCaseExecutor.java:448)
	at com.kms.katalon.core.main.TestCaseExecutor.doExecute(TestCaseExecutor.java:439)
	at com.kms.katalon.core.main.TestCaseExecutor.processExecutionPhase(TestCaseExecutor.java:418)
	at com.kms.katalon.core.main.TestCaseExecutor.accessMainPhase(TestCaseExecutor.java:410)
	at com.kms.katalon.core.main.TestCaseExecutor.execute(TestCaseExecutor.java:285)
	at com.kms.katalon.core.main.TestCaseMain.runTestCase(TestCaseMain.java:144)
	at com.kms.katalon.core.keyword.builtin.CallTestCaseKeyword$_callTestCase_closure1.doCall(CallTestCaseKeyword.groovy:59)
	at com.kms.katalon.core.keyword.builtin.CallTestCaseKeyword$_callTestCase_closure1.call(CallTestCaseKeyword.groovy)
	at com.kms.katalon.core.keyword.internal.KeywordMain.runKeyword(KeywordMain.groovy:75)
	at com.kms.katalon.core.keyword.builtin.CallTestCaseKeyword.callTestCase(CallTestCaseKeyword.groovy:81)
	at com.kms.katalon.core.keyword.builtin.CallTestCaseKeyword.execute(CallTestCaseKeyword.groovy:44)
	at com.kms.katalon.core.keyword.internal.KeywordExecutor.executeKeywordForPlatform(KeywordExecutor.groovy:74)
	at com.kms.katalon.core.keyword.BuiltinKeywords.callTestCase(BuiltinKeywords.groovy:310)
	at PBY-001.run(PBY-001:20)
	at com.kms.katalon.core.main.ScriptEngine.run(ScriptEngine.java:194)
	at com.kms.katalon.core.main.ScriptEngine.runScriptAsRawText(ScriptEngine.java:119)
	at com.kms.katalon.core.main.TestCaseExecutor.runScript(TestCaseExecutor.java:448)
	at com.kms.katalon.core.main.TestCaseExecutor.doExecute(TestCaseExecutor.java:439)
	at com.kms.katalon.core.main.TestCaseExecutor.processExecutionPhase(TestCaseExecutor.java:418)
	at com.kms.katalon.core.main.TestCaseExecutor.accessMainPhase(TestCaseExecutor.java:410)
	at com.kms.katalon.core.main.TestCaseExecutor.execute(TestCaseExecutor.java:285)
	at com.kms.katalon.core.main.TestCaseMain.runTestCase(TestCaseMain.java:144)
	at com.kms.katalon.core.keyword.builtin.CallTestCaseKeyword$_callTestCase_closure1.doCall(CallTestCaseKeyword.groovy:59)
	at com.kms.katalon.core.keyword.builtin.CallTestCaseKeyword$_callTestCase_closure1.call(CallTestCaseKeyword.groovy)
	at com.kms.katalon.core.keyword.internal.KeywordMain.runKeyword(KeywordMain.groovy:75)
	at com.kms.katalon.core.keyword.builtin.CallTestCaseKeyword.callTestCase(CallTestCaseKeyword.groovy:81)
	at com.kms.katalon.core.keyword.builtin.CallTestCaseKeyword.execute(CallTestCaseKeyword.groovy:44)
	at com.kms.katalon.core.keyword.internal.KeywordExecutor.executeKeywordForPlatform(KeywordExecutor.groovy:74)
	at com.kms.katalon.core.keyword.BuiltinKeywords.callTestCase(BuiltinKeywords.groovy:310)
	at PBY-004.run(PBY-004:20)
	at com.kms.katalon.core.main.ScriptEngine.run(ScriptEngine.java:194)
	at com.kms.katalon.core.main.ScriptEngine.runScriptAsRawText(ScriptEngine.java:119)
	at com.kms.katalon.core.main.TestCaseExecutor.runScript(TestCaseExecutor.java:448)
	at com.kms.katalon.core.main.TestCaseExecutor.doExecute(TestCaseExecutor.java:439)
	at com.kms.katalon.core.main.TestCaseExecutor.processExecutionPhase(TestCaseExecutor.java:418)
	at com.kms.katalon.core.main.TestCaseExecutor.accessMainPhase(TestCaseExecutor.java:410)
	at com.kms.katalon.core.main.TestCaseExecutor.execute(TestCaseExecutor.java:285)
	at com.kms.katalon.core.main.TestCaseMain.runTestCase(TestCaseMain.java:144)
	at com.kms.katalon.core.keyword.builtin.CallTestCaseKeyword$_callTestCase_closure1.doCall(CallTestCaseKeyword.groovy:59)
	at com.kms.katalon.core.keyword.builtin.CallTestCaseKeyword$_callTestCase_closure1.call(CallTestCaseKeyword.groovy)
	at com.kms.katalon.core.keyword.internal.KeywordMain.runKeyword(KeywordMain.groovy:75)
	at com.kms.katalon.core.keyword.builtin.CallTestCaseKeyword.callTestCase(CallTestCaseKeyword.groovy:81)
	at com.kms.katalon.core.keyword.builtin.CallTestCaseKeyword.execute(CallTestCaseKeyword.groovy:44)
	at com.kms.katalon.core.keyword.internal.KeywordExecutor.executeKeywordForPlatform(KeywordExecutor.groovy:74)
	at com.kms.katalon.core.keyword.BuiltinKeywords.callTestCase(BuiltinKeywords.groovy:310)
	at PBYA-001.run(PBYA-001:20)
	at com.kms.katalon.core.main.ScriptEngine.run(ScriptEngine.java:194)
	at com.kms.katalon.core.main.ScriptEngine.runScriptAsRawText(ScriptEngine.java:119)
	at com.kms.katalon.core.main.TestCaseExecutor.runScript(TestCaseExecutor.java:448)
	at com.kms.katalon.core.main.TestCaseExecutor.doExecute(TestCaseExecutor.java:439)
	at com.kms.katalon.core.main.TestCaseExecutor.processExecutionPhase(TestCaseExecutor.java:418)
	at com.kms.katalon.core.main.TestCaseExecutor.accessMainPhase(TestCaseExecutor.java:410)
	at com.kms.katalon.core.main.TestCaseExecutor.execute(TestCaseExecutor.java:285)
	at com.kms.katalon.core.main.TestCaseMain.runTestCase(TestCaseMain.java:144)
	at com.kms.katalon.core.keyword.builtin.CallTestCaseKeyword$_callTestCase_closure1.doCall(CallTestCaseKeyword.groovy:59)
	at com.kms.katalon.core.keyword.builtin.CallTestCaseKeyword$_callTestCase_closure1.call(CallTestCaseKeyword.groovy)
	at com.kms.katalon.core.keyword.internal.KeywordMain.runKeyword(KeywordMain.groovy:75)
	at com.kms.katalon.core.keyword.builtin.CallTestCaseKeyword.callTestCase(CallTestCaseKeyword.groovy:81)
	at com.kms.katalon.core.keyword.builtin.CallTestCaseKeyword.execute(CallTestCaseKeyword.groovy:44)
	at com.kms.katalon.core.keyword.internal.KeywordExecutor.executeKeywordForPlatform(KeywordExecutor.groovy:74)
	at com.kms.katalon.core.keyword.BuiltinKeywords.callTestCase(BuiltinKeywords.groovy:310)
	at SA-001.run(SA-001:20)
	at com.kms.katalon.core.main.ScriptEngine.run(ScriptEngine.java:194)
	at com.kms.katalon.core.main.ScriptEngine.runScriptAsRawText(ScriptEngine.java:119)
	at com.kms.katalon.core.main.TestCaseExecutor.runScript(TestCaseExecutor.java:448)
	at com.kms.katalon.core.main.TestCaseExecutor.doExecute(TestCaseExecutor.java:439)
	at com.kms.katalon.core.main.TestCaseExecutor.processExecutionPhase(TestCaseExecutor.java:418)
	at com.kms.katalon.core.main.TestCaseExecutor.accessMainPhase(TestCaseExecutor.java:410)
	at com.kms.katalon.core.main.TestCaseExecutor.execute(TestCaseExecutor.java:285)
	at com.kms.katalon.core.main.TestCaseMain.runTestCase(TestCaseMain.java:144)
	at com.kms.katalon.core.keyword.builtin.CallTestCaseKeyword$_callTestCase_closure1.doCall(CallTestCaseKeyword.groovy:59)
	at com.kms.katalon.core.keyword.builtin.CallTestCaseKeyword$_callTestCase_closure1.call(CallTestCaseKeyword.groovy)
	at com.kms.katalon.core.keyword.internal.KeywordMain.runKeyword(KeywordMain.groovy:75)
	at com.kms.katalon.core.keyword.builtin.CallTestCaseKeyword.callTestCase(CallTestCaseKeyword.groovy:81)
	at com.kms.katalon.core.keyword.builtin.CallTestCaseKeyword.execute(CallTestCaseKeyword.groovy:44)
	at com.kms.katalon.core.keyword.internal.KeywordExecutor.executeKeywordForPlatform(KeywordExecutor.groovy:74)
	at com.kms.katalon.core.keyword.BuiltinKeywords.callTestCase(BuiltinKeywords.groovy:310)
	at SA-002.run(SA-002:20)
	at com.kms.katalon.core.main.ScriptEngine.run(ScriptEngine.java:194)
	at com.kms.katalon.core.main.ScriptEngine.runScriptAsRawText(ScriptEngine.java:119)
	at com.kms.katalon.core.main.TestCaseExecutor.runScript(TestCaseExecutor.java:448)
	at com.kms.katalon.core.main.TestCaseExecutor.doExecute(TestCaseExecutor.java:439)
	at com.kms.katalon.core.main.TestCaseExecutor.processExecutionPhase(TestCaseExecutor.java:418)
	at com.kms.katalon.core.main.TestCaseExecutor.accessMainPhase(TestCaseExecutor.java:410)
	at com.kms.katalon.core.main.TestCaseExecutor.execute(TestCaseExecutor.java:285)
	at com.kms.katalon.core.main.TestCaseMain.runTestCase(TestCaseMain.java:144)
	at com.kms.katalon.core.keyword.builtin.CallTestCaseKeyword$_callTestCase_closure1.doCall(CallTestCaseKeyword.groovy:59)
	at com.kms.katalon.core.keyword.builtin.CallTestCaseKeyword$_callTestCase_closure1.call(CallTestCaseKeyword.groovy)
	at com.kms.katalon.core.keyword.internal.KeywordMain.runKeyword(KeywordMain.groovy:75)
	at com.kms.katalon.core.keyword.builtin.CallTestCaseKeyword.callTestCase(CallTestCaseKeyword.groovy:81)
	at com.kms.katalon.core.keyword.builtin.CallTestCaseKeyword.execute(CallTestCaseKeyword.groovy:44)
	at com.kms.katalon.core.keyword.internal.KeywordExecutor.executeKeywordForPlatform(KeywordExecutor.groovy:74)
	at com.kms.katalon.core.keyword.BuiltinKeywords.callTestCase(BuiltinKeywords.groovy:310)
	at SA-005.run(SA-005:20)
	at com.kms.katalon.core.main.ScriptEngine.run(ScriptEngine.java:194)
	at com.kms.katalon.core.main.ScriptEngine.runScriptAsRawText(ScriptEngine.java:119)
	at com.kms.katalon.core.main.TestCaseExecutor.runScript(TestCaseExecutor.java:448)
	at com.kms.katalon.core.main.TestCaseExecutor.doExecute(TestCaseExecutor.java:439)
	at com.kms.katalon.core.main.TestCaseExecutor.processExecutionPhase(TestCaseExecutor.java:418)
	at com.kms.katalon.core.main.TestCaseExecutor.accessMainPhase(TestCaseExecutor.java:410)
	at com.kms.katalon.core.main.TestCaseExecutor.execute(TestCaseExecutor.java:285)
	at com.kms.katalon.core.main.TestCaseMain.runTestCase(TestCaseMain.java:144)
	at com.kms.katalon.core.keyword.builtin.CallTestCaseKeyword$_callTestCase_closure1.doCall(CallTestCaseKeyword.groovy:59)
	at com.kms.katalon.core.keyword.builtin.CallTestCaseKeyword$_callTestCase_closure1.call(CallTestCaseKeyword.groovy)
	at com.kms.katalon.core.keyword.internal.KeywordMain.runKeyword(KeywordMain.groovy:75)
	at com.kms.katalon.core.keyword.builtin.CallTestCaseKeyword.callTestCase(CallTestCaseKeyword.groovy:81)
	at com.kms.katalon.core.keyword.builtin.CallTestCaseKeyword.execute(CallTestCaseKeyword.groovy:44)
	at com.kms.katalon.core.keyword.internal.KeywordExecutor.executeKeywordForPlatform(KeywordExecutor.groovy:74)
	at com.kms.katalon.core.keyword.BuiltinKeywords.callTestCase(BuiltinKeywords.groovy:310)
	at SU-012.run(SU-012:20)
	at com.kms.katalon.core.main.ScriptEngine.run(ScriptEngine.java:194)
	at com.kms.katalon.core.main.ScriptEngine.runScriptAsRawText(ScriptEngine.java:119)
	at com.kms.katalon.core.main.TestCaseExecutor.runScript(TestCaseExecutor.java:448)
	at com.kms.katalon.core.main.TestCaseExecutor.doExecute(TestCaseExecutor.java:439)
	at com.kms.katalon.core.main.TestCaseExecutor.processExecutionPhase(TestCaseExecutor.java:418)
	at com.kms.katalon.core.main.TestCaseExecutor.accessMainPhase(TestCaseExecutor.java:410)
	at com.kms.katalon.core.main.TestCaseExecutor.execute(TestCaseExecutor.java:285)
	at com.kms.katalon.core.common.CommonExecutor.accessTestCaseMainPhase(CommonExecutor.java:65)
	at com.kms.katalon.core.main.TestSuiteExecutor.accessTestSuiteMainPhase(TestSuiteExecutor.java:148)
	at com.kms.katalon.core.main.TestSuiteExecutor.execute(TestSuiteExecutor.java:106)
	at com.kms.katalon.core.main.TestCaseMain.startTestSuite(TestCaseMain.java:187)
	at com.kms.katalon.core.main.TestCaseMain$startTestSuite$0.call(Unknown Source)
	at TempTestSuite1696420804604.run(TempTestSuite1696420804604.groovy:36)
Caused by: com.kms.katalon.core.webui.exception.WebElementNotFoundException: Web element with id: 'Object Repository/verifikasi/Harga Keranjang' located by '(.//*[normalize-space(text()) and normalize-space(.)='Qty.'])[4]/following::b[1]' not found
	at com.kms.katalon.core.webui.common.WebUiCommonHelper.findWebElement(WebUiCommonHelper.java:1381)
	at com.kms.katalon.core.webui.keyword.internal.WebUIAbstractKeyword.findWebElement(WebUIAbstractKeyword.groovy:27)
	at com.kms.katalon.core.webui.keyword.internal.WebUIAbstractKeyword.findWebElement(WebUIAbstractKeyword.groovy:26)
	at com.kms.katalon.core.webui.keyword.builtin.GetTextKeyword$_getText_closure1.doCall(GetTextKeyword.groovy:78)
	at com.kms.katalon.core.webui.keyword.builtin.GetTextKeyword$_getText_closure1.call(GetTextKeyword.groovy)
	at com.kms.katalon.core.webui.keyword.internal.WebUIKeywordMain.runKeyword(WebUIKeywordMain.groovy:20)
	at com.kms.katalon.core.webui.keyword.builtin.GetTextKeyword.getText(GetTextKeyword.groovy:88)
	at com.kms.katalon.core.webui.keyword.builtin.GetTextKeyword.execute(GetTextKeyword.groovy:67)
	at com.kms.katalon.core.keyword.internal.KeywordExecutor.executeKeywordForPlatform(KeywordExecutor.groovy:74)
	at com.kms.katalon.core.webui.keyword.WebUiBuiltInKeywords.getText(WebUiBuiltInKeywords.groovy:918)
	at com.kms.katalon.core.webui.keyword.WebUiBuiltInKeywords$getText$5.call(Unknown Source)
	at Script1695957351890.run(Script1695957351890.groovy:31)
	at com.kms.katalon.core.main.ScriptEngine.run(ScriptEngine.java:194)
	at com.kms.katalon.core.main.ScriptEngine.runScriptAsRawText(ScriptEngine.java:119)
	at com.kms.katalon.core.main.TestCaseExecutor.runScript(TestCaseExecutor.java:448)
	at com.kms.katalon.core.main.TestCaseExecutor.doExecute(TestCaseExecutor.java:439)
	at com.kms.katalon.core.main.TestCaseExecutor.processExecutionPhase(TestCaseExecutor.java:418)
	at com.kms.katalon.core.main.TestCaseExecutor.accessMainPhase(TestCaseExecutor.java:410)
	at com.kms.katalon.core.main.TestCaseExecutor.execute(TestCaseExecutor.java:285)
	at com.kms.katalon.core.main.TestCaseMain.runTestCase(TestCaseMain.java:144)
	at com.kms.katalon.core.keyword.builtin.CallTestCaseKeyword$_callTestCase_closure1.doCall(CallTestCaseKeyword.groovy:59)
	at com.kms.katalon.core.keyword.builtin.CallTestCaseKeyword$_callTestCase_closure1.call(CallTestCaseKeyword.groovy)
	at com.kms.katalon.core.keyword.internal.KeywordMain.runKeyword(KeywordMain.groovy:75)
	at com.kms.katalon.core.keyword.builtin.CallTestCaseKeyword.callTestCase(CallTestCaseKeyword.groovy:81)
	at com.kms.katalon.core.keyword.builtin.CallTestCaseKeyword.execute(CallTestCaseKeyword.groovy:44)
	at com.kms.katalon.core.keyword.internal.KeywordExecutor.executeKeywordForPlatform(KeywordExecutor.groovy:74)
	at com.kms.katalon.core.keyword.BuiltinKeywords.callTestCase(BuiltinKeywords.groovy:310)
	at Script1695957634003.run(Script1695957634003.groovy:20)
	at com.kms.katalon.core.main.ScriptEngine.run(ScriptEngine.java:194)
	at com.kms.katalon.core.main.ScriptEngine.runScriptAsRawText(ScriptEngine.java:119)
	at com.kms.katalon.core.main.TestCaseExecutor.runScript(TestCaseExecutor.java:448)
	at com.kms.katalon.core.main.TestCaseExecutor.doExecute(TestCaseExecutor.java:439)
	at com.kms.katalon.core.main.TestCaseExecutor.processExecutionPhase(TestCaseExecutor.java:418)
	at com.kms.katalon.core.main.TestCaseExecutor.accessMainPhase(TestCaseExecutor.java:410)
	at com.kms.katalon.core.main.TestCaseExecutor.execute(TestCaseExecutor.java:285)
	at com.kms.katalon.core.main.TestCaseMain.runTestCase(TestCaseMain.java:144)
	at com.kms.katalon.core.keyword.builtin.CallTestCaseKeyword$_callTestCase_closure1.doCall(CallTestCaseKeyword.groovy:59)
	at com.kms.katalon.core.keyword.builtin.CallTestCaseKeyword$_callTestCase_closure1.call(CallTestCaseKeyword.groovy)
	at com.kms.katalon.core.keyword.internal.KeywordMain.runKeyword(KeywordMain.groovy:75)
	at com.kms.katalon.core.keyword.builtin.CallTestCaseKeyword.callTestCase(CallTestCaseKeyword.groovy:81)
	at com.kms.katalon.core.keyword.builtin.CallTestCaseKeyword.execute(CallTestCaseKeyword.groovy:44)
	at com.kms.katalon.core.keyword.internal.KeywordExecutor.executeKeywordForPlatform(KeywordExecutor.groovy:74)
	at com.kms.katalon.core.keyword.BuiltinKeywords.callTestCase(BuiltinKeywords.groovy:310)
	at Script1695957898449.run(Script1695957898449.groovy:20)
	at com.kms.katalon.core.main.ScriptEngine.run(ScriptEngine.java:194)
	at com.kms.katalon.core.main.ScriptEngine.runScriptAsRawText(ScriptEngine.java:119)
	at com.kms.katalon.core.main.TestCaseExecutor.runScript(TestCaseExecutor.java:448)
	at com.kms.katalon.core.main.TestCaseExecutor.doExecute(TestCaseExecutor.java:439)
	at com.kms.katalon.core.main.TestCaseExecutor.processExecutionPhase(TestCaseExecutor.java:418)
	at com.kms.katalon.core.main.TestCaseExecutor.accessMainPhase(TestCaseExecutor.java:410)
	at com.kms.katalon.core.main.TestCaseExecutor.execute(TestCaseExecutor.java:285)
	at com.kms.katalon.core.main.TestCaseMain.runTestCase(TestCaseMain.java:144)
	at com.kms.katalon.core.keyword.builtin.CallTestCaseKeyword$_callTestCase_closure1.doCall(CallTestCaseKeyword.groovy:59)
	at com.kms.katalon.core.keyword.builtin.CallTestCaseKeyword$_callTestCase_closure1.call(CallTestCaseKeyword.groovy)
	at com.kms.katalon.core.keyword.internal.KeywordMain.runKeyword(KeywordMain.groovy:75)
	at com.kms.katalon.core.keyword.builtin.CallTestCaseKeyword.callTestCase(CallTestCaseKeyword.groovy:81)
	at com.kms.katalon.core.keyword.builtin.CallTestCaseKeyword.execute(CallTestCaseKeyword.groovy:44)
	at com.kms.katalon.core.keyword.internal.KeywordExecutor.executeKeywordForPlatform(KeywordExecutor.groovy:74)
	at com.kms.katalon.core.keyword.BuiltinKeywords.callTestCase(BuiltinKeywords.groovy:310)
	at Script1695958134162.run(Script1695958134162.groovy:20)
	at com.kms.katalon.core.main.ScriptEngine.run(ScriptEngine.java:194)
	at com.kms.katalon.core.main.ScriptEngine.runScriptAsRawText(ScriptEngine.java:119)
	at com.kms.katalon.core.main.TestCaseExecutor.runScript(TestCaseExecutor.java:448)
	at com.kms.katalon.core.main.TestCaseExecutor.doExecute(TestCaseExecutor.java:439)
	at com.kms.katalon.core.main.TestCaseExecutor.processExecutionPhase(TestCaseExecutor.java:418)
	at com.kms.katalon.core.main.TestCaseExecutor.accessMainPhase(TestCaseExecutor.java:410)
	at com.kms.katalon.core.main.TestCaseExecutor.execute(TestCaseExecutor.java:285)
	at com.kms.katalon.core.main.TestCaseMain.runTestCase(TestCaseMain.java:144)
	at com.kms.katalon.core.keyword.builtin.CallTestCaseKeyword$_callTestCase_closure1.doCall(CallTestCaseKeyword.groovy:59)
	at com.kms.katalon.core.keyword.builtin.CallTestCaseKeyword$_callTestCase_closure1.call(CallTestCaseKeyword.groovy)
	at com.kms.katalon.core.keyword.internal.KeywordMain.runKeyword(KeywordMain.groovy:75)
	at com.kms.katalon.core.keyword.builtin.CallTestCaseKeyword.callTestCase(CallTestCaseKeyword.groovy:81)
	at com.kms.katalon.core.keyword.builtin.CallTestCaseKeyword.execute(CallTestCaseKeyword.groovy:44)
	at com.kms.katalon.core.keyword.internal.KeywordExecutor.executeKeywordForPlatform(KeywordExecutor.groovy:74)
	at com.kms.katalon.core.keyword.BuiltinKeywords.callTestCase(BuiltinKeywords.groovy:310)
	at Script1695958536957.run(Script1695958536957.groovy:20)
	at com.kms.katalon.core.main.ScriptEngine.run(ScriptEngine.java:194)
	at com.kms.katalon.core.main.ScriptEngine.runScriptAsRawText(ScriptEngine.java:119)
	at com.kms.katalon.core.main.TestCaseExecutor.runScript(TestCaseExecutor.java:448)
	at com.kms.katalon.core.main.TestCaseExecutor.doExecute(TestCaseExecutor.java:439)
	at com.kms.katalon.core.main.TestCaseExecutor.processExecutionPhase(TestCaseExecutor.java:418)
	at com.kms.katalon.core.main.TestCaseExecutor.accessMainPhase(TestCaseExecutor.java:410)
	at com.kms.katalon.core.main.TestCaseExecutor.execute(TestCaseExecutor.java:285)
	at com.kms.katalon.core.main.TestCaseMain.runTestCase(TestCaseMain.java:144)
	at com.kms.katalon.core.keyword.builtin.CallTestCaseKeyword$_callTestCase_closure1.doCall(CallTestCaseKeyword.groovy:59)
	at com.kms.katalon.core.keyword.builtin.CallTestCaseKeyword$_callTestCase_closure1.call(CallTestCaseKeyword.groovy)
	at com.kms.katalon.core.keyword.internal.KeywordMain.runKeyword(KeywordMain.groovy:75)
	at com.kms.katalon.core.keyword.builtin.CallTestCaseKeyword.callTestCase(CallTestCaseKeyword.groovy:81)
	at com.kms.katalon.core.keyword.builtin.CallTestCaseKeyword.execute(CallTestCaseKeyword.groovy:44)
	at com.kms.katalon.core.keyword.internal.KeywordExecutor.executeKeywordForPlatform(KeywordExecutor.groovy:74)
	at com.kms.katalon.core.keyword.BuiltinKeywords.callTestCase(BuiltinKeywords.groovy:310)
	at Script1695958721803.run(Script1695958721803.groovy:20)
	at com.kms.katalon.core.main.ScriptEngine.run(ScriptEngine.java:194)
	at com.kms.katalon.core.main.ScriptEngine.runScriptAsRawText(ScriptEngine.java:119)
	at com.kms.katalon.core.main.TestCaseExecutor.runScript(TestCaseExecutor.java:448)
	at com.kms.katalon.core.main.TestCaseExecutor.doExecute(TestCaseExecutor.java:439)
	at com.kms.katalon.core.main.TestCaseExecutor.processExecutionPhase(TestCaseExecutor.java:418)
	at com.kms.katalon.core.main.TestCaseExecutor.accessMainPhase(TestCaseExecutor.java:410)
	at com.kms.katalon.core.main.TestCaseExecutor.execute(TestCaseExecutor.java:285)
	at com.kms.katalon.core.main.TestCaseMain.runTestCase(TestCaseMain.java:144)
	at com.kms.katalon.core.keyword.builtin.CallTestCaseKeyword$_callTestCase_closure1.doCall(CallTestCaseKeyword.groovy:59)
	at com.kms.katalon.core.keyword.builtin.CallTestCaseKeyword$_callTestCase_closure1.call(CallTestCaseKeyword.groovy)
	at com.kms.katalon.core.keyword.internal.KeywordMain.runKeyword(KeywordMain.groovy:75)
	at com.kms.katalon.core.keyword.builtin.CallTestCaseKeyword.callTestCase(CallTestCaseKeyword.groovy:81)
	at com.kms.katalon.core.keyword.builtin.CallTestCaseKeyword.execute(CallTestCaseKeyword.groovy:44)
	at com.kms.katalon.core.keyword.internal.KeywordExecutor.executeKeywordForPlatform(KeywordExecutor.groovy:74)
	at com.kms.katalon.core.keyword.BuiltinKeywords.callTestCase(BuiltinKeywords.groovy:310)
	at Script1695958728937.run(Script1695958728937.groovy:20)
	at com.kms.katalon.core.main.ScriptEngine.run(ScriptEngine.java:194)
	at com.kms.katalon.core.main.ScriptEngine.runScriptAsRawText(ScriptEngine.java:119)
	at com.kms.katalon.core.main.TestCaseExecutor.runScript(TestCaseExecutor.java:448)
	at com.kms.katalon.core.main.TestCaseExecutor.doExecute(TestCaseExecutor.java:439)
	at com.kms.katalon.core.main.TestCaseExecutor.processExecutionPhase(TestCaseExecutor.java:418)
	at com.kms.katalon.core.main.TestCaseExecutor.accessMainPhase(TestCaseExecutor.java:410)
	at com.kms.katalon.core.main.TestCaseExecutor.execute(TestCaseExecutor.java:285)
	at com.kms.katalon.core.main.TestCaseMain.runTestCase(TestCaseMain.java:144)
	at com.kms.katalon.core.keyword.builtin.CallTestCaseKeyword$_callTestCase_closure1.doCall(CallTestCaseKeyword.groovy:59)
	at com.kms.katalon.core.keyword.builtin.CallTestCaseKeyword$_callTestCase_closure1.call(CallTestCaseKeyword.groovy)
	at com.kms.katalon.core.keyword.internal.KeywordMain.runKeyword(KeywordMain.groovy:75)
	at com.kms.katalon.core.keyword.builtin.CallTestCaseKeyword.callTestCase(CallTestCaseKeyword.groovy:81)
	at com.kms.katalon.core.keyword.builtin.CallTestCaseKeyword.execute(CallTestCaseKeyword.groovy:44)
	at com.kms.katalon.core.keyword.internal.KeywordExecutor.executeKeywordForPlatform(KeywordExecutor.groovy:74)
	at com.kms.katalon.core.keyword.BuiltinKeywords.callTestCase(BuiltinKeywords.groovy:310)
	at Script1695958752151.run(Script1695958752151.groovy:20)
	at com.kms.katalon.core.main.ScriptEngine.run(ScriptEngine.java:194)
	at com.kms.katalon.core.main.ScriptEngine.runScriptAsRawText(ScriptEngine.java:119)
	at com.kms.katalon.core.main.TestCaseExecutor.runScript(TestCaseExecutor.java:448)
	at com.kms.katalon.core.main.TestCaseExecutor.doExecute(TestCaseExecutor.java:439)
	at com.kms.katalon.core.main.TestCaseExecutor.processExecutionPhase(TestCaseExecutor.java:418)
	at com.kms.katalon.core.main.TestCaseExecutor.accessMainPhase(TestCaseExecutor.java:410)
	at com.kms.katalon.core.main.TestCaseExecutor.execute(TestCaseExecutor.java:285)
	at com.kms.katalon.core.main.TestCaseMain.runTestCase(TestCaseMain.java:144)
	at com.kms.katalon.core.keyword.builtin.CallTestCaseKeyword$_callTestCase_closure1.doCall(CallTestCaseKeyword.groovy:59)
	at com.kms.katalon.core.keyword.builtin.CallTestCaseKeyword$_callTestCase_closure1.call(CallTestCaseKeyword.groovy)
	at com.kms.katalon.core.keyword.internal.KeywordMain.runKeyword(KeywordMain.groovy:75)
	at com.kms.katalon.core.keyword.builtin.CallTestCaseKeyword.callTestCase(CallTestCaseKeyword.groovy:81)
	at com.kms.katalon.core.keyword.builtin.CallTestCaseKeyword.execute(CallTestCaseKeyword.groovy:44)
	at com.kms.katalon.core.keyword.internal.KeywordExecutor.executeKeywordForPlatform(KeywordExecutor.groovy:74)
	at com.kms.katalon.core.keyword.BuiltinKeywords.callTestCase(BuiltinKeywords.groovy:310)
	at Script1696215746763.run(Script1696215746763.groovy:20)
	... 13 more
)
[[ATTACHMENT|D:\\BOOTCAMP XSIS\\Projek 2 MINI PROJEK\\Reports\\20231004_190004\\T13 Pembelian, Shipment dan Pembayaran\\T13 Pembelian, Shipment dan Pembayaran\\20231004_190004\\1696424343892.png]]

2023-10-04 19:59:03 - [MESSAGE][FAILED] - Unable to call Test Case 'Test Cases/T13 Pembelian, Shipment dan Pembayaran/PBL-002' (Root cause: com.kms.katalon.core.exception.StepFailedException: Call Test Case 'Test Cases/T13 Pembelian, Shipment dan Pembayaran/PBL-002' failed
	at com.kms.katalon.core.keyword.builtin.CallTestCaseKeyword$_callTestCase_closure1.doCall(CallTestCaseKeyword.groovy:63)
	at com.kms.katalon.core.keyword.builtin.CallTestCaseKeyword$_callTestCase_closure1.call(CallTestCaseKeyword.groovy)
	at com.kms.katalon.core.keyword.internal.KeywordMain.runKeyword(KeywordMain.groovy:75)
	at com.kms.katalon.core.keyword.builtin.CallTestCaseKeyword.callTestCase(CallTestCaseKeyword.groovy:81)
	at com.kms.katalon.core.keyword.builtin.CallTestCaseKeyword.execute(CallTestCaseKeyword.groovy:44)
	at com.kms.katalon.core.keyword.internal.KeywordExecutor.executeKeywordForPlatform(KeywordExecutor.groovy:74)
	at com.kms.katalon.core.keyword.BuiltinKeywords.callTestCase(BuiltinKeywords.groovy:310)
	at PBL-004.run(PBL-004:20)
	at com.kms.katalon.core.main.ScriptEngine.run(ScriptEngine.java:194)
	at com.kms.katalon.core.main.ScriptEngine.runScriptAsRawText(ScriptEngine.java:119)
	at com.kms.katalon.core.main.TestCaseExecutor.runScript(TestCaseExecutor.java:448)
	at com.kms.katalon.core.main.TestCaseExecutor.doExecute(TestCaseExecutor.java:439)
	at com.kms.katalon.core.main.TestCaseExecutor.processExecutionPhase(TestCaseExecutor.java:418)
	at com.kms.katalon.core.main.TestCaseExecutor.accessMainPhase(TestCaseExecutor.java:410)
	at com.kms.katalon.core.main.TestCaseExecutor.execute(TestCaseExecutor.java:285)
	at com.kms.katalon.core.main.TestCaseMain.runTestCase(TestCaseMain.java:144)
	at com.kms.katalon.core.keyword.builtin.CallTestCaseKeyword$_callTestCase_closure1.doCall(CallTestCaseKeyword.groovy:59)
	at com.kms.katalon.core.keyword.builtin.CallTestCaseKeyword$_callTestCase_closure1.call(CallTestCaseKeyword.groovy)
	at com.kms.katalon.core.keyword.internal.KeywordMain.runKeyword(KeywordMain.groovy:75)
	at com.kms.katalon.core.keyword.builtin.CallTestCaseKeyword.callTestCase(CallTestCaseKeyword.groovy:81)
	at com.kms.katalon.core.keyword.builtin.CallTestCaseKeyword.execute(CallTestCaseKeyword.groovy:44)
	at com.kms.katalon.core.keyword.internal.KeywordExecutor.executeKeywordForPlatform(KeywordExecutor.groovy:74)
	at com.kms.katalon.core.keyword.BuiltinKeywords.callTestCase(BuiltinKeywords.groovy:310)
	at PBY-001.run(PBY-001:20)
	at com.kms.katalon.core.main.ScriptEngine.run(ScriptEngine.java:194)
	at com.kms.katalon.core.main.ScriptEngine.runScriptAsRawText(ScriptEngine.java:119)
	at com.kms.katalon.core.main.TestCaseExecutor.runScript(TestCaseExecutor.java:448)
	at com.kms.katalon.core.main.TestCaseExecutor.doExecute(TestCaseExecutor.java:439)
	at com.kms.katalon.core.main.TestCaseExecutor.processExecutionPhase(TestCaseExecutor.java:418)
	at com.kms.katalon.core.main.TestCaseExecutor.accessMainPhase(TestCaseExecutor.java:410)
	at com.kms.katalon.core.main.TestCaseExecutor.execute(TestCaseExecutor.java:285)
	at com.kms.katalon.core.main.TestCaseMain.runTestCase(TestCaseMain.java:144)
	at com.kms.katalon.core.keyword.builtin.CallTestCaseKeyword$_callTestCase_closure1.doCall(CallTestCaseKeyword.groovy:59)
	at com.kms.katalon.core.keyword.builtin.CallTestCaseKeyword$_callTestCase_closure1.call(CallTestCaseKeyword.groovy)
	at com.kms.katalon.core.keyword.internal.KeywordMain.runKeyword(KeywordMain.groovy:75)
	at com.kms.katalon.core.keyword.builtin.CallTestCaseKeyword.callTestCase(CallTestCaseKeyword.groovy:81)
	at com.kms.katalon.core.keyword.builtin.CallTestCaseKeyword.execute(CallTestCaseKeyword.groovy:44)
	at com.kms.katalon.core.keyword.internal.KeywordExecutor.executeKeywordForPlatform(KeywordExecutor.groovy:74)
	at com.kms.katalon.core.keyword.BuiltinKeywords.callTestCase(BuiltinKeywords.groovy:310)
	at PBY-004.run(PBY-004:20)
	at com.kms.katalon.core.main.ScriptEngine.run(ScriptEngine.java:194)
	at com.kms.katalon.core.main.ScriptEngine.runScriptAsRawText(ScriptEngine.java:119)
	at com.kms.katalon.core.main.TestCaseExecutor.runScript(TestCaseExecutor.java:448)
	at com.kms.katalon.core.main.TestCaseExecutor.doExecute(TestCaseExecutor.java:439)
	at com.kms.katalon.core.main.TestCaseExecutor.processExecutionPhase(TestCaseExecutor.java:418)
	at com.kms.katalon.core.main.TestCaseExecutor.accessMainPhase(TestCaseExecutor.java:410)
	at com.kms.katalon.core.main.TestCaseExecutor.execute(TestCaseExecutor.java:285)
	at com.kms.katalon.core.main.TestCaseMain.runTestCase(TestCaseMain.java:144)
	at com.kms.katalon.core.keyword.builtin.CallTestCaseKeyword$_callTestCase_closure1.doCall(CallTestCaseKeyword.groovy:59)
	at com.kms.katalon.core.keyword.builtin.CallTestCaseKeyword$_callTestCase_closure1.call(CallTestCaseKeyword.groovy)
	at com.kms.katalon.core.keyword.internal.KeywordMain.runKeyword(KeywordMain.groovy:75)
	at com.kms.katalon.core.keyword.builtin.CallTestCaseKeyword.callTestCase(CallTestCaseKeyword.groovy:81)
	at com.kms.katalon.core.keyword.builtin.CallTestCaseKeyword.execute(CallTestCaseKeyword.groovy:44)
	at com.kms.katalon.core.keyword.internal.KeywordExecutor.executeKeywordForPlatform(KeywordExecutor.groovy:74)
	at com.kms.katalon.core.keyword.BuiltinKeywords.callTestCase(BuiltinKeywords.groovy:310)
	at PBYA-001.run(PBYA-001:20)
	at com.kms.katalon.core.main.ScriptEngine.run(ScriptEngine.java:194)
	at com.kms.katalon.core.main.ScriptEngine.runScriptAsRawText(ScriptEngine.java:119)
	at com.kms.katalon.core.main.TestCaseExecutor.runScript(TestCaseExecutor.java:448)
	at com.kms.katalon.core.main.TestCaseExecutor.doExecute(TestCaseExecutor.java:439)
	at com.kms.katalon.core.main.TestCaseExecutor.processExecutionPhase(TestCaseExecutor.java:418)
	at com.kms.katalon.core.main.TestCaseExecutor.accessMainPhase(TestCaseExecutor.java:410)
	at com.kms.katalon.core.main.TestCaseExecutor.execute(TestCaseExecutor.java:285)
	at com.kms.katalon.core.main.TestCaseMain.runTestCase(TestCaseMain.java:144)
	at com.kms.katalon.core.keyword.builtin.CallTestCaseKeyword$_callTestCase_closure1.doCall(CallTestCaseKeyword.groovy:59)
	at com.kms.katalon.core.keyword.builtin.CallTestCaseKeyword$_callTestCase_closure1.call(CallTestCaseKeyword.groovy)
	at com.kms.katalon.core.keyword.internal.KeywordMain.runKeyword(KeywordMain.groovy:75)
	at com.kms.katalon.core.keyword.builtin.CallTestCaseKeyword.callTestCase(CallTestCaseKeyword.groovy:81)
	at com.kms.katalon.core.keyword.builtin.CallTestCaseKeyword.execute(CallTestCaseKeyword.groovy:44)
	at com.kms.katalon.core.keyword.internal.KeywordExecutor.executeKeywordForPlatform(KeywordExecutor.groovy:74)
	at com.kms.katalon.core.keyword.BuiltinKeywords.callTestCase(BuiltinKeywords.groovy:310)
	at SA-001.run(SA-001:20)
	at com.kms.katalon.core.main.ScriptEngine.run(ScriptEngine.java:194)
	at com.kms.katalon.core.main.ScriptEngine.runScriptAsRawText(ScriptEngine.java:119)
	at com.kms.katalon.core.main.TestCaseExecutor.runScript(TestCaseExecutor.java:448)
	at com.kms.katalon.core.main.TestCaseExecutor.doExecute(TestCaseExecutor.java:439)
	at com.kms.katalon.core.main.TestCaseExecutor.processExecutionPhase(TestCaseExecutor.java:418)
	at com.kms.katalon.core.main.TestCaseExecutor.accessMainPhase(TestCaseExecutor.java:410)
	at com.kms.katalon.core.main.TestCaseExecutor.execute(TestCaseExecutor.java:285)
	at com.kms.katalon.core.main.TestCaseMain.runTestCase(TestCaseMain.java:144)
	at com.kms.katalon.core.keyword.builtin.CallTestCaseKeyword$_callTestCase_closure1.doCall(CallTestCaseKeyword.groovy:59)
	at com.kms.katalon.core.keyword.builtin.CallTestCaseKeyword$_callTestCase_closure1.call(CallTestCaseKeyword.groovy)
	at com.kms.katalon.core.keyword.internal.KeywordMain.runKeyword(KeywordMain.groovy:75)
	at com.kms.katalon.core.keyword.builtin.CallTestCaseKeyword.callTestCase(CallTestCaseKeyword.groovy:81)
	at com.kms.katalon.core.keyword.builtin.CallTestCaseKeyword.execute(CallTestCaseKeyword.groovy:44)
	at com.kms.katalon.core.keyword.internal.KeywordExecutor.executeKeywordForPlatform(KeywordExecutor.groovy:74)
	at com.kms.katalon.core.keyword.BuiltinKeywords.callTestCase(BuiltinKeywords.groovy:310)
	at SA-002.run(SA-002:20)
	at com.kms.katalon.core.main.ScriptEngine.run(ScriptEngine.java:194)
	at com.kms.katalon.core.main.ScriptEngine.runScriptAsRawText(ScriptEngine.java:119)
	at com.kms.katalon.core.main.TestCaseExecutor.runScript(TestCaseExecutor.java:448)
	at com.kms.katalon.core.main.TestCaseExecutor.doExecute(TestCaseExecutor.java:439)
	at com.kms.katalon.core.main.TestCaseExecutor.processExecutionPhase(TestCaseExecutor.java:418)
	at com.kms.katalon.core.main.TestCaseExecutor.accessMainPhase(TestCaseExecutor.java:410)
	at com.kms.katalon.core.main.TestCaseExecutor.execute(TestCaseExecutor.java:285)
	at com.kms.katalon.core.main.TestCaseMain.runTestCase(TestCaseMain.java:144)
	at com.kms.katalon.core.keyword.builtin.CallTestCaseKeyword$_callTestCase_closure1.doCall(CallTestCaseKeyword.groovy:59)
	at com.kms.katalon.core.keyword.builtin.CallTestCaseKeyword$_callTestCase_closure1.call(CallTestCaseKeyword.groovy)
	at com.kms.katalon.core.keyword.internal.KeywordMain.runKeyword(KeywordMain.groovy:75)
	at com.kms.katalon.core.keyword.builtin.CallTestCaseKeyword.callTestCase(CallTestCaseKeyword.groovy:81)
	at com.kms.katalon.core.keyword.builtin.CallTestCaseKeyword.execute(CallTestCaseKeyword.groovy:44)
	at com.kms.katalon.core.keyword.internal.KeywordExecutor.executeKeywordForPlatform(KeywordExecutor.groovy:74)
	at com.kms.katalon.core.keyword.BuiltinKeywords.callTestCase(BuiltinKeywords.groovy:310)
	at SA-005.run(SA-005:20)
	at com.kms.katalon.core.main.ScriptEngine.run(ScriptEngine.java:194)
	at com.kms.katalon.core.main.ScriptEngine.runScriptAsRawText(ScriptEngine.java:119)
	at com.kms.katalon.core.main.TestCaseExecutor.runScript(TestCaseExecutor.java:448)
	at com.kms.katalon.core.main.TestCaseExecutor.doExecute(TestCaseExecutor.java:439)
	at com.kms.katalon.core.main.TestCaseExecutor.processExecutionPhase(TestCaseExecutor.java:418)
	at com.kms.katalon.core.main.TestCaseExecutor.accessMainPhase(TestCaseExecutor.java:410)
	at com.kms.katalon.core.main.TestCaseExecutor.execute(TestCaseExecutor.java:285)
	at com.kms.katalon.core.main.TestCaseMain.runTestCase(TestCaseMain.java:144)
	at com.kms.katalon.core.keyword.builtin.CallTestCaseKeyword$_callTestCase_closure1.doCall(CallTestCaseKeyword.groovy:59)
	at com.kms.katalon.core.keyword.builtin.CallTestCaseKeyword$_callTestCase_closure1.call(CallTestCaseKeyword.groovy)
	at com.kms.katalon.core.keyword.internal.KeywordMain.runKeyword(KeywordMain.groovy:75)
	at com.kms.katalon.core.keyword.builtin.CallTestCaseKeyword.callTestCase(CallTestCaseKeyword.groovy:81)
	at com.kms.katalon.core.keyword.builtin.CallTestCaseKeyword.execute(CallTestCaseKeyword.groovy:44)
	at com.kms.katalon.core.keyword.internal.KeywordExecutor.executeKeywordForPlatform(KeywordExecutor.groovy:74)
	at com.kms.katalon.core.keyword.BuiltinKeywords.callTestCase(BuiltinKeywords.groovy:310)
	at SU-012.run(SU-012:20)
	at com.kms.katalon.core.main.ScriptEngine.run(ScriptEngine.java:194)
	at com.kms.katalon.core.main.ScriptEngine.runScriptAsRawText(ScriptEngine.java:119)
	at com.kms.katalon.core.main.TestCaseExecutor.runScript(TestCaseExecutor.java:448)
	at com.kms.katalon.core.main.TestCaseExecutor.doExecute(TestCaseExecutor.java:439)
	at com.kms.katalon.core.main.TestCaseExecutor.processExecutionPhase(TestCaseExecutor.java:418)
	at com.kms.katalon.core.main.TestCaseExecutor.accessMainPhase(TestCaseExecutor.java:410)
	at com.kms.katalon.core.main.TestCaseExecutor.execute(TestCaseExecutor.java:285)
	at com.kms.katalon.core.common.CommonExecutor.accessTestCaseMainPhase(CommonExecutor.java:65)
	at com.kms.katalon.core.main.TestSuiteExecutor.accessTestSuiteMainPhase(TestSuiteExecutor.java:148)
	at com.kms.katalon.core.main.TestSuiteExecutor.execute(TestSuiteExecutor.java:106)
	at com.kms.katalon.core.main.TestCaseMain.startTestSuite(TestCaseMain.java:187)
	at com.kms.katalon.core.main.TestCaseMain$startTestSuite$0.call(Unknown Source)
	at TempTestSuite1696420804604.run(TempTestSuite1696420804604.groovy:36)
Caused by: com.kms.katalon.core.exception.StepFailedException: Unable to get text of object 'Object Repository/verifikasi/Harga Keranjang'
	at com.kms.katalon.core.webui.keyword.internal.WebUIKeywordMain.stepFailed(WebUIKeywordMain.groovy:64)
	at com.kms.katalon.core.webui.keyword.internal.WebUIKeywordMain.runKeyword(WebUIKeywordMain.groovy:26)
	at com.kms.katalon.core.webui.keyword.builtin.GetTextKeyword.getText(GetTextKeyword.groovy:88)
	at com.kms.katalon.core.webui.keyword.builtin.GetTextKeyword.execute(GetTextKeyword.groovy:67)
	at com.kms.katalon.core.keyword.internal.KeywordExecutor.executeKeywordForPlatform(KeywordExecutor.groovy:74)
	at com.kms.katalon.core.webui.keyword.WebUiBuiltInKeywords.getText(WebUiBuiltInKeywords.groovy:918)
	at com.kms.katalon.core.webui.keyword.WebUiBuiltInKeywords$getText$5.call(Unknown Source)
	at PBL-002.run(PBL-002:31)
	at com.kms.katalon.core.main.ScriptEngine.run(ScriptEngine.java:194)
	at com.kms.katalon.core.main.ScriptEngine.runScriptAsRawText(ScriptEngine.java:119)
	at com.kms.katalon.core.main.TestCaseExecutor.runScript(TestCaseExecutor.java:448)
	at com.kms.katalon.core.main.TestCaseExecutor.doExecute(TestCaseExecutor.java:439)
	at com.kms.katalon.core.main.TestCaseExecutor.processExecutionPhase(TestCaseExecutor.java:418)
	at com.kms.katalon.core.main.TestCaseExecutor.accessMainPhase(TestCaseExecutor.java:410)
	at com.kms.katalon.core.main.TestCaseExecutor.execute(TestCaseExecutor.java:285)
	at com.kms.katalon.core.main.TestCaseMain.runTestCase(TestCaseMain.java:144)
	at com.kms.katalon.core.keyword.builtin.CallTestCaseKeyword$_callTestCase_closure1.doCall(CallTestCaseKeyword.groovy:59)
	... 132 more
Caused by: com.kms.katalon.core.webui.exception.WebElementNotFoundException: Web element with id: 'Object Repository/verifikasi/Harga Keranjang' located by '(.//*[normalize-space(text()) and normalize-space(.)='Qty.'])[4]/following::b[1]' not found
	at com.kms.katalon.core.webui.common.WebUiCommonHelper.findWebElement(WebUiCommonHelper.java:1381)
	at com.kms.katalon.core.webui.keyword.internal.WebUIAbstractKeyword.findWebElement(WebUIAbstractKeyword.groovy:27)
	at com.kms.katalon.core.webui.keyword.internal.WebUIAbstractKeyword.findWebElement(WebUIAbstractKeyword.groovy:26)
	at com.kms.katalon.core.webui.keyword.builtin.GetTextKeyword$_getText_closure1.doCall(GetTextKeyword.groovy:78)
	at com.kms.katalon.core.webui.keyword.builtin.GetTextKeyword$_getText_closure1.call(GetTextKeyword.groovy)
	at com.kms.katalon.core.webui.keyword.internal.WebUIKeywordMain.runKeyword(WebUIKeywordMain.groovy:20)
	... 147 more
)

2023-10-04 19:59:03 - [MESSAGE][FAILED] - Unable to call Test Case 'Test Cases/T13 Pembelian, Shipment dan Pembayaran/PBL-004' (Root cause: com.kms.katalon.core.exception.StepFailedException: Call Test Case 'Test Cases/T13 Pembelian, Shipment dan Pembayaran/PBL-004' failed
	at com.kms.katalon.core.keyword.builtin.CallTestCaseKeyword$_callTestCase_closure1.doCall(CallTestCaseKeyword.groovy:63)
	at com.kms.katalon.core.keyword.builtin.CallTestCaseKeyword$_callTestCase_closure1.call(CallTestCaseKeyword.groovy)
	at com.kms.katalon.core.keyword.internal.KeywordMain.runKeyword(KeywordMain.groovy:75)
	at com.kms.katalon.core.keyword.builtin.CallTestCaseKeyword.callTestCase(CallTestCaseKeyword.groovy:81)
	at com.kms.katalon.core.keyword.builtin.CallTestCaseKeyword.execute(CallTestCaseKeyword.groovy:44)
	at com.kms.katalon.core.keyword.internal.KeywordExecutor.executeKeywordForPlatform(KeywordExecutor.groovy:74)
	at com.kms.katalon.core.keyword.BuiltinKeywords.callTestCase(BuiltinKeywords.groovy:310)
	at PBY-001.run(PBY-001:20)
	at com.kms.katalon.core.main.ScriptEngine.run(ScriptEngine.java:194)
	at com.kms.katalon.core.main.ScriptEngine.runScriptAsRawText(ScriptEngine.java:119)
	at com.kms.katalon.core.main.TestCaseExecutor.runScript(TestCaseExecutor.java:448)
	at com.kms.katalon.core.main.TestCaseExecutor.doExecute(TestCaseExecutor.java:439)
	at com.kms.katalon.core.main.TestCaseExecutor.processExecutionPhase(TestCaseExecutor.java:418)
	at com.kms.katalon.core.main.TestCaseExecutor.accessMainPhase(TestCaseExecutor.java:410)
	at com.kms.katalon.core.main.TestCaseExecutor.execute(TestCaseExecutor.java:285)
	at com.kms.katalon.core.main.TestCaseMain.runTestCase(TestCaseMain.java:144)
	at com.kms.katalon.core.keyword.builtin.CallTestCaseKeyword$_callTestCase_closure1.doCall(CallTestCaseKeyword.groovy:59)
	at com.kms.katalon.core.keyword.builtin.CallTestCaseKeyword$_callTestCase_closure1.call(CallTestCaseKeyword.groovy)
	at com.kms.katalon.core.keyword.internal.KeywordMain.runKeyword(KeywordMain.groovy:75)
	at com.kms.katalon.core.keyword.builtin.CallTestCaseKeyword.callTestCase(CallTestCaseKeyword.groovy:81)
	at com.kms.katalon.core.keyword.builtin.CallTestCaseKeyword.execute(CallTestCaseKeyword.groovy:44)
	at com.kms.katalon.core.keyword.internal.KeywordExecutor.executeKeywordForPlatform(KeywordExecutor.groovy:74)
	at com.kms.katalon.core.keyword.BuiltinKeywords.callTestCase(BuiltinKeywords.groovy:310)
	at PBY-004.run(PBY-004:20)
	at com.kms.katalon.core.main.ScriptEngine.run(ScriptEngine.java:194)
	at com.kms.katalon.core.main.ScriptEngine.runScriptAsRawText(ScriptEngine.java:119)
	at com.kms.katalon.core.main.TestCaseExecutor.runScript(TestCaseExecutor.java:448)
	at com.kms.katalon.core.main.TestCaseExecutor.doExecute(TestCaseExecutor.java:439)
	at com.kms.katalon.core.main.TestCaseExecutor.processExecutionPhase(TestCaseExecutor.java:418)
	at com.kms.katalon.core.main.TestCaseExecutor.accessMainPhase(TestCaseExecutor.java:410)
	at com.kms.katalon.core.main.TestCaseExecutor.execute(TestCaseExecutor.java:285)
	at com.kms.katalon.core.main.TestCaseMain.runTestCase(TestCaseMain.java:144)
	at com.kms.katalon.core.keyword.builtin.CallTestCaseKeyword$_callTestCase_closure1.doCall(CallTestCaseKeyword.groovy:59)
	at com.kms.katalon.core.keyword.builtin.CallTestCaseKeyword$_callTestCase_closure1.call(CallTestCaseKeyword.groovy)
	at com.kms.katalon.core.keyword.internal.KeywordMain.runKeyword(KeywordMain.groovy:75)
	at com.kms.katalon.core.keyword.builtin.CallTestCaseKeyword.callTestCase(CallTestCaseKeyword.groovy:81)
	at com.kms.katalon.core.keyword.builtin.CallTestCaseKeyword.execute(CallTestCaseKeyword.groovy:44)
	at com.kms.katalon.core.keyword.internal.KeywordExecutor.executeKeywordForPlatform(KeywordExecutor.groovy:74)
	at com.kms.katalon.core.keyword.BuiltinKeywords.callTestCase(BuiltinKeywords.groovy:310)
	at PBYA-001.run(PBYA-001:20)
	at com.kms.katalon.core.main.ScriptEngine.run(ScriptEngine.java:194)
	at com.kms.katalon.core.main.ScriptEngine.runScriptAsRawText(ScriptEngine.java:119)
	at com.kms.katalon.core.main.TestCaseExecutor.runScript(TestCaseExecutor.java:448)
	at com.kms.katalon.core.main.TestCaseExecutor.doExecute(TestCaseExecutor.java:439)
	at com.kms.katalon.core.main.TestCaseExecutor.processExecutionPhase(TestCaseExecutor.java:418)
	at com.kms.katalon.core.main.TestCaseExecutor.accessMainPhase(TestCaseExecutor.java:410)
	at com.kms.katalon.core.main.TestCaseExecutor.execute(TestCaseExecutor.java:285)
	at com.kms.katalon.core.main.TestCaseMain.runTestCase(TestCaseMain.java:144)
	at com.kms.katalon.core.keyword.builtin.CallTestCaseKeyword$_callTestCase_closure1.doCall(CallTestCaseKeyword.groovy:59)
	at com.kms.katalon.core.keyword.builtin.CallTestCaseKeyword$_callTestCase_closure1.call(CallTestCaseKeyword.groovy)
	at com.kms.katalon.core.keyword.internal.KeywordMain.runKeyword(KeywordMain.groovy:75)
	at com.kms.katalon.core.keyword.builtin.CallTestCaseKeyword.callTestCase(CallTestCaseKeyword.groovy:81)
	at com.kms.katalon.core.keyword.builtin.CallTestCaseKeyword.execute(CallTestCaseKeyword.groovy:44)
	at com.kms.katalon.core.keyword.internal.KeywordExecutor.executeKeywordForPlatform(KeywordExecutor.groovy:74)
	at com.kms.katalon.core.keyword.BuiltinKeywords.callTestCase(BuiltinKeywords.groovy:310)
	at SA-001.run(SA-001:20)
	at com.kms.katalon.core.main.ScriptEngine.run(ScriptEngine.java:194)
	at com.kms.katalon.core.main.ScriptEngine.runScriptAsRawText(ScriptEngine.java:119)
	at com.kms.katalon.core.main.TestCaseExecutor.runScript(TestCaseExecutor.java:448)
	at com.kms.katalon.core.main.TestCaseExecutor.doExecute(TestCaseExecutor.java:439)
	at com.kms.katalon.core.main.TestCaseExecutor.processExecutionPhase(TestCaseExecutor.java:418)
	at com.kms.katalon.core.main.TestCaseExecutor.accessMainPhase(TestCaseExecutor.java:410)
	at com.kms.katalon.core.main.TestCaseExecutor.execute(TestCaseExecutor.java:285)
	at com.kms.katalon.core.main.TestCaseMain.runTestCase(TestCaseMain.java:144)
	at com.kms.katalon.core.keyword.builtin.CallTestCaseKeyword$_callTestCase_closure1.doCall(CallTestCaseKeyword.groovy:59)
	at com.kms.katalon.core.keyword.builtin.CallTestCaseKeyword$_callTestCase_closure1.call(CallTestCaseKeyword.groovy)
	at com.kms.katalon.core.keyword.internal.KeywordMain.runKeyword(KeywordMain.groovy:75)
	at com.kms.katalon.core.keyword.builtin.CallTestCaseKeyword.callTestCase(CallTestCaseKeyword.groovy:81)
	at com.kms.katalon.core.keyword.builtin.CallTestCaseKeyword.execute(CallTestCaseKeyword.groovy:44)
	at com.kms.katalon.core.keyword.internal.KeywordExecutor.executeKeywordForPlatform(KeywordExecutor.groovy:74)
	at com.kms.katalon.core.keyword.BuiltinKeywords.callTestCase(BuiltinKeywords.groovy:310)
	at SA-002.run(SA-002:20)
	at com.kms.katalon.core.main.ScriptEngine.run(ScriptEngine.java:194)
	at com.kms.katalon.core.main.ScriptEngine.runScriptAsRawText(ScriptEngine.java:119)
	at com.kms.katalon.core.main.TestCaseExecutor.runScript(TestCaseExecutor.java:448)
	at com.kms.katalon.core.main.TestCaseExecutor.doExecute(TestCaseExecutor.java:439)
	at com.kms.katalon.core.main.TestCaseExecutor.processExecutionPhase(TestCaseExecutor.java:418)
	at com.kms.katalon.core.main.TestCaseExecutor.accessMainPhase(TestCaseExecutor.java:410)
	at com.kms.katalon.core.main.TestCaseExecutor.execute(TestCaseExecutor.java:285)
	at com.kms.katalon.core.main.TestCaseMain.runTestCase(TestCaseMain.java:144)
	at com.kms.katalon.core.keyword.builtin.CallTestCaseKeyword$_callTestCase_closure1.doCall(CallTestCaseKeyword.groovy:59)
	at com.kms.katalon.core.keyword.builtin.CallTestCaseKeyword$_callTestCase_closure1.call(CallTestCaseKeyword.groovy)
	at com.kms.katalon.core.keyword.internal.KeywordMain.runKeyword(KeywordMain.groovy:75)
	at com.kms.katalon.core.keyword.builtin.CallTestCaseKeyword.callTestCase(CallTestCaseKeyword.groovy:81)
	at com.kms.katalon.core.keyword.builtin.CallTestCaseKeyword.execute(CallTestCaseKeyword.groovy:44)
	at com.kms.katalon.core.keyword.internal.KeywordExecutor.executeKeywordForPlatform(KeywordExecutor.groovy:74)
	at com.kms.katalon.core.keyword.BuiltinKeywords.callTestCase(BuiltinKeywords.groovy:310)
	at SA-005.run(SA-005:20)
	at com.kms.katalon.core.main.ScriptEngine.run(ScriptEngine.java:194)
	at com.kms.katalon.core.main.ScriptEngine.runScriptAsRawText(ScriptEngine.java:119)
	at com.kms.katalon.core.main.TestCaseExecutor.runScript(TestCaseExecutor.java:448)
	at com.kms.katalon.core.main.TestCaseExecutor.doExecute(TestCaseExecutor.java:439)
	at com.kms.katalon.core.main.TestCaseExecutor.processExecutionPhase(TestCaseExecutor.java:418)
	at com.kms.katalon.core.main.TestCaseExecutor.accessMainPhase(TestCaseExecutor.java:410)
	at com.kms.katalon.core.main.TestCaseExecutor.execute(TestCaseExecutor.java:285)
	at com.kms.katalon.core.main.TestCaseMain.runTestCase(TestCaseMain.java:144)
	at com.kms.katalon.core.keyword.builtin.CallTestCaseKeyword$_callTestCase_closure1.doCall(CallTestCaseKeyword.groovy:59)
	at com.kms.katalon.core.keyword.builtin.CallTestCaseKeyword$_callTestCase_closure1.call(CallTestCaseKeyword.groovy)
	at com.kms.katalon.core.keyword.internal.KeywordMain.runKeyword(KeywordMain.groovy:75)
	at com.kms.katalon.core.keyword.builtin.CallTestCaseKeyword.callTestCase(CallTestCaseKeyword.groovy:81)
	at com.kms.katalon.core.keyword.builtin.CallTestCaseKeyword.execute(CallTestCaseKeyword.groovy:44)
	at com.kms.katalon.core.keyword.internal.KeywordExecutor.executeKeywordForPlatform(KeywordExecutor.groovy:74)
	at com.kms.katalon.core.keyword.BuiltinKeywords.callTestCase(BuiltinKeywords.groovy:310)
	at SU-012.run(SU-012:20)
	at com.kms.katalon.core.main.ScriptEngine.run(ScriptEngine.java:194)
	at com.kms.katalon.core.main.ScriptEngine.runScriptAsRawText(ScriptEngine.java:119)
	at com.kms.katalon.core.main.TestCaseExecutor.runScript(TestCaseExecutor.java:448)
	at com.kms.katalon.core.main.TestCaseExecutor.doExecute(TestCaseExecutor.java:439)
	at com.kms.katalon.core.main.TestCaseExecutor.processExecutionPhase(TestCaseExecutor.java:418)
	at com.kms.katalon.core.main.TestCaseExecutor.accessMainPhase(TestCaseExecutor.java:410)
	at com.kms.katalon.core.main.TestCaseExecutor.execute(TestCaseExecutor.java:285)
	at com.kms.katalon.core.common.CommonExecutor.accessTestCaseMainPhase(CommonExecutor.java:65)
	at com.kms.katalon.core.main.TestSuiteExecutor.accessTestSuiteMainPhase(TestSuiteExecutor.java:148)
	at com.kms.katalon.core.main.TestSuiteExecutor.execute(TestSuiteExecutor.java:106)
	at com.kms.katalon.core.main.TestCaseMain.startTestSuite(TestCaseMain.java:187)
	at com.kms.katalon.core.main.TestCaseMain$startTestSuite$0.call(Unknown Source)
	at TempTestSuite1696420804604.run(TempTestSuite1696420804604.groovy:36)
Caused by: com.kms.katalon.core.exception.StepFailedException: Call Test Case 'Test Cases/T13 Pembelian, Shipment dan Pembayaran/PBL-002' failed
	at com.kms.katalon.core.keyword.builtin.CallTestCaseKeyword$_callTestCase_closure1.doCall(CallTestCaseKeyword.groovy:63)
	at com.kms.katalon.core.keyword.builtin.CallTestCaseKeyword$_callTestCase_closure1.call(CallTestCaseKeyword.groovy)
	at com.kms.katalon.core.keyword.internal.KeywordMain.runKeyword(KeywordMain.groovy:75)
	at com.kms.katalon.core.keyword.builtin.CallTestCaseKeyword.callTestCase(CallTestCaseKeyword.groovy:81)
	at com.kms.katalon.core.keyword.builtin.CallTestCaseKeyword.execute(CallTestCaseKeyword.groovy:44)
	at com.kms.katalon.core.keyword.internal.KeywordExecutor.executeKeywordForPlatform(KeywordExecutor.groovy:74)
	at com.kms.katalon.core.keyword.BuiltinKeywords.callTestCase(BuiltinKeywords.groovy:310)
	at PBL-004.run(PBL-004:20)
	at com.kms.katalon.core.main.ScriptEngine.run(ScriptEngine.java:194)
	at com.kms.katalon.core.main.ScriptEngine.runScriptAsRawText(ScriptEngine.java:119)
	at com.kms.katalon.core.main.TestCaseExecutor.runScript(TestCaseExecutor.java:448)
	at com.kms.katalon.core.main.TestCaseExecutor.doExecute(TestCaseExecutor.java:439)
	at com.kms.katalon.core.main.TestCaseExecutor.processExecutionPhase(TestCaseExecutor.java:418)
	at com.kms.katalon.core.main.TestCaseExecutor.accessMainPhase(TestCaseExecutor.java:410)
	at com.kms.katalon.core.main.TestCaseExecutor.execute(TestCaseExecutor.java:285)
	at com.kms.katalon.core.main.TestCaseMain.runTestCase(TestCaseMain.java:144)
	at com.kms.katalon.core.keyword.builtin.CallTestCaseKeyword$_callTestCase_closure1.doCall(CallTestCaseKeyword.groovy:59)
	... 116 more
Caused by: com.kms.katalon.core.exception.StepFailedException: Unable to get text of object 'Object Repository/verifikasi/Harga Keranjang'
	at com.kms.katalon.core.webui.keyword.internal.WebUIKeywordMain.stepFailed(WebUIKeywordMain.groovy:64)
	at com.kms.katalon.core.webui.keyword.internal.WebUIKeywordMain.runKeyword(WebUIKeywordMain.groovy:26)
	at com.kms.katalon.core.webui.keyword.builtin.GetTextKeyword.getText(GetTextKeyword.groovy:88)
	at com.kms.katalon.core.webui.keyword.builtin.GetTextKeyword.execute(GetTextKeyword.groovy:67)
	at com.kms.katalon.core.keyword.internal.KeywordExecutor.executeKeywordForPlatform(KeywordExecutor.groovy:74)
	at com.kms.katalon.core.webui.keyword.WebUiBuiltInKeywords.getText(WebUiBuiltInKeywords.groovy:918)
	at com.kms.katalon.core.webui.keyword.WebUiBuiltInKeywords$getText$5.call(Unknown Source)
	at PBL-002.run(PBL-002:31)
	at com.kms.katalon.core.main.ScriptEngine.run(ScriptEngine.java:194)
	at com.kms.katalon.core.main.ScriptEngine.runScriptAsRawText(ScriptEngine.java:119)
	at com.kms.katalon.core.main.TestCaseExecutor.runScript(TestCaseExecutor.java:448)
	at com.kms.katalon.core.main.TestCaseExecutor.doExecute(TestCaseExecutor.java:439)
	at com.kms.katalon.core.main.TestCaseExecutor.processExecutionPhase(TestCaseExecutor.java:418)
	at com.kms.katalon.core.main.TestCaseExecutor.accessMainPhase(TestCaseExecutor.java:410)
	at com.kms.katalon.core.main.TestCaseExecutor.execute(TestCaseExecutor.java:285)
	at com.kms.katalon.core.main.TestCaseMain.runTestCase(TestCaseMain.java:144)
	at com.kms.katalon.core.keyword.builtin.CallTestCaseKeyword$_callTestCase_closure1.doCall(CallTestCaseKeyword.groovy:59)
	... 132 more
Caused by: com.kms.katalon.core.webui.exception.WebElementNotFoundException: Web element with id: 'Object Repository/verifikasi/Harga Keranjang' located by '(.//*[normalize-space(text()) and normalize-space(.)='Qty.'])[4]/following::b[1]' not found
	at com.kms.katalon.core.webui.common.WebUiCommonHelper.findWebElement(WebUiCommonHelper.java:1381)
	at com.kms.katalon.core.webui.keyword.internal.WebUIAbstractKeyword.findWebElement(WebUIAbstractKeyword.groovy:27)
	at com.kms.katalon.core.webui.keyword.internal.WebUIAbstractKeyword.findWebElement(WebUIAbstractKeyword.groovy:26)
	at com.kms.katalon.core.webui.keyword.builtin.GetTextKeyword$_getText_closure1.doCall(GetTextKeyword.groovy:78)
	at com.kms.katalon.core.webui.keyword.builtin.GetTextKeyword$_getText_closure1.call(GetTextKeyword.groovy)
	at com.kms.katalon.core.webui.keyword.internal.WebUIKeywordMain.runKeyword(WebUIKeywordMain.groovy:20)
	... 147 more
)

2023-10-04 19:59:03 - [MESSAGE][FAILED] - Unable to call Test Case 'Test Cases/T13 Pembelian, Shipment dan Pembayaran/PBY-001' (Root cause: com.kms.katalon.core.exception.StepFailedException: Call Test Case 'Test Cases/T13 Pembelian, Shipment dan Pembayaran/PBY-001' failed
	at com.kms.katalon.core.keyword.builtin.CallTestCaseKeyword$_callTestCase_closure1.doCall(CallTestCaseKeyword.groovy:63)
	at com.kms.katalon.core.keyword.builtin.CallTestCaseKeyword$_callTestCase_closure1.call(CallTestCaseKeyword.groovy)
	at com.kms.katalon.core.keyword.internal.KeywordMain.runKeyword(KeywordMain.groovy:75)
	at com.kms.katalon.core.keyword.builtin.CallTestCaseKeyword.callTestCase(CallTestCaseKeyword.groovy:81)
	at com.kms.katalon.core.keyword.builtin.CallTestCaseKeyword.execute(CallTestCaseKeyword.groovy:44)
	at com.kms.katalon.core.keyword.internal.KeywordExecutor.executeKeywordForPlatform(KeywordExecutor.groovy:74)
	at com.kms.katalon.core.keyword.BuiltinKeywords.callTestCase(BuiltinKeywords.groovy:310)
	at PBY-004.run(PBY-004:20)
	at com.kms.katalon.core.main.ScriptEngine.run(ScriptEngine.java:194)
	at com.kms.katalon.core.main.ScriptEngine.runScriptAsRawText(ScriptEngine.java:119)
	at com.kms.katalon.core.main.TestCaseExecutor.runScript(TestCaseExecutor.java:448)
	at com.kms.katalon.core.main.TestCaseExecutor.doExecute(TestCaseExecutor.java:439)
	at com.kms.katalon.core.main.TestCaseExecutor.processExecutionPhase(TestCaseExecutor.java:418)
	at com.kms.katalon.core.main.TestCaseExecutor.accessMainPhase(TestCaseExecutor.java:410)
	at com.kms.katalon.core.main.TestCaseExecutor.execute(TestCaseExecutor.java:285)
	at com.kms.katalon.core.main.TestCaseMain.runTestCase(TestCaseMain.java:144)
	at com.kms.katalon.core.keyword.builtin.CallTestCaseKeyword$_callTestCase_closure1.doCall(CallTestCaseKeyword.groovy:59)
	at com.kms.katalon.core.keyword.builtin.CallTestCaseKeyword$_callTestCase_closure1.call(CallTestCaseKeyword.groovy)
	at com.kms.katalon.core.keyword.internal.KeywordMain.runKeyword(KeywordMain.groovy:75)
	at com.kms.katalon.core.keyword.builtin.CallTestCaseKeyword.callTestCase(CallTestCaseKeyword.groovy:81)
	at com.kms.katalon.core.keyword.builtin.CallTestCaseKeyword.execute(CallTestCaseKeyword.groovy:44)
	at com.kms.katalon.core.keyword.internal.KeywordExecutor.executeKeywordForPlatform(KeywordExecutor.groovy:74)
	at com.kms.katalon.core.keyword.BuiltinKeywords.callTestCase(BuiltinKeywords.groovy:310)
	at PBYA-001.run(PBYA-001:20)
	at com.kms.katalon.core.main.ScriptEngine.run(ScriptEngine.java:194)
	at com.kms.katalon.core.main.ScriptEngine.runScriptAsRawText(ScriptEngine.java:119)
	at com.kms.katalon.core.main.TestCaseExecutor.runScript(TestCaseExecutor.java:448)
	at com.kms.katalon.core.main.TestCaseExecutor.doExecute(TestCaseExecutor.java:439)
	at com.kms.katalon.core.main.TestCaseExecutor.processExecutionPhase(TestCaseExecutor.java:418)
	at com.kms.katalon.core.main.TestCaseExecutor.accessMainPhase(TestCaseExecutor.java:410)
	at com.kms.katalon.core.main.TestCaseExecutor.execute(TestCaseExecutor.java:285)
	at com.kms.katalon.core.main.TestCaseMain.runTestCase(TestCaseMain.java:144)
	at com.kms.katalon.core.keyword.builtin.CallTestCaseKeyword$_callTestCase_closure1.doCall(CallTestCaseKeyword.groovy:59)
	at com.kms.katalon.core.keyword.builtin.CallTestCaseKeyword$_callTestCase_closure1.call(CallTestCaseKeyword.groovy)
	at com.kms.katalon.core.keyword.internal.KeywordMain.runKeyword(KeywordMain.groovy:75)
	at com.kms.katalon.core.keyword.builtin.CallTestCaseKeyword.callTestCase(CallTestCaseKeyword.groovy:81)
	at com.kms.katalon.core.keyword.builtin.CallTestCaseKeyword.execute(CallTestCaseKeyword.groovy:44)
	at com.kms.katalon.core.keyword.internal.KeywordExecutor.executeKeywordForPlatform(KeywordExecutor.groovy:74)
	at com.kms.katalon.core.keyword.BuiltinKeywords.callTestCase(BuiltinKeywords.groovy:310)
	at SA-001.run(SA-001:20)
	at com.kms.katalon.core.main.ScriptEngine.run(ScriptEngine.java:194)
	at com.kms.katalon.core.main.ScriptEngine.runScriptAsRawText(ScriptEngine.java:119)
	at com.kms.katalon.core.main.TestCaseExecutor.runScript(TestCaseExecutor.java:448)
	at com.kms.katalon.core.main.TestCaseExecutor.doExecute(TestCaseExecutor.java:439)
	at com.kms.katalon.core.main.TestCaseExecutor.processExecutionPhase(TestCaseExecutor.java:418)
	at com.kms.katalon.core.main.TestCaseExecutor.accessMainPhase(TestCaseExecutor.java:410)
	at com.kms.katalon.core.main.TestCaseExecutor.execute(TestCaseExecutor.java:285)
	at com.kms.katalon.core.main.TestCaseMain.runTestCase(TestCaseMain.java:144)
	at com.kms.katalon.core.keyword.builtin.CallTestCaseKeyword$_callTestCase_closure1.doCall(CallTestCaseKeyword.groovy:59)
	at com.kms.katalon.core.keyword.builtin.CallTestCaseKeyword$_callTestCase_closure1.call(CallTestCaseKeyword.groovy)
	at com.kms.katalon.core.keyword.internal.KeywordMain.runKeyword(KeywordMain.groovy:75)
	at com.kms.katalon.core.keyword.builtin.CallTestCaseKeyword.callTestCase(CallTestCaseKeyword.groovy:81)
	at com.kms.katalon.core.keyword.builtin.CallTestCaseKeyword.execute(CallTestCaseKeyword.groovy:44)
	at com.kms.katalon.core.keyword.internal.KeywordExecutor.executeKeywordForPlatform(KeywordExecutor.groovy:74)
	at com.kms.katalon.core.keyword.BuiltinKeywords.callTestCase(BuiltinKeywords.groovy:310)
	at SA-002.run(SA-002:20)
	at com.kms.katalon.core.main.ScriptEngine.run(ScriptEngine.java:194)
	at com.kms.katalon.core.main.ScriptEngine.runScriptAsRawText(ScriptEngine.java:119)
	at com.kms.katalon.core.main.TestCaseExecutor.runScript(TestCaseExecutor.java:448)
	at com.kms.katalon.core.main.TestCaseExecutor.doExecute(TestCaseExecutor.java:439)
	at com.kms.katalon.core.main.TestCaseExecutor.processExecutionPhase(TestCaseExecutor.java:418)
	at com.kms.katalon.core.main.TestCaseExecutor.accessMainPhase(TestCaseExecutor.java:410)
	at com.kms.katalon.core.main.TestCaseExecutor.execute(TestCaseExecutor.java:285)
	at com.kms.katalon.core.main.TestCaseMain.runTestCase(TestCaseMain.java:144)
	at com.kms.katalon.core.keyword.builtin.CallTestCaseKeyword$_callTestCase_closure1.doCall(CallTestCaseKeyword.groovy:59)
	at com.kms.katalon.core.keyword.builtin.CallTestCaseKeyword$_callTestCase_closure1.call(CallTestCaseKeyword.groovy)
	at com.kms.katalon.core.keyword.internal.KeywordMain.runKeyword(KeywordMain.groovy:75)
	at com.kms.katalon.core.keyword.builtin.CallTestCaseKeyword.callTestCase(CallTestCaseKeyword.groovy:81)
	at com.kms.katalon.core.keyword.builtin.CallTestCaseKeyword.execute(CallTestCaseKeyword.groovy:44)
	at com.kms.katalon.core.keyword.internal.KeywordExecutor.executeKeywordForPlatform(KeywordExecutor.groovy:74)
	at com.kms.katalon.core.keyword.BuiltinKeywords.callTestCase(BuiltinKeywords.groovy:310)
	at SA-005.run(SA-005:20)
	at com.kms.katalon.core.main.ScriptEngine.run(ScriptEngine.java:194)
	at com.kms.katalon.core.main.ScriptEngine.runScriptAsRawText(ScriptEngine.java:119)
	at com.kms.katalon.core.main.TestCaseExecutor.runScript(TestCaseExecutor.java:448)
	at com.kms.katalon.core.main.TestCaseExecutor.doExecute(TestCaseExecutor.java:439)
	at com.kms.katalon.core.main.TestCaseExecutor.processExecutionPhase(TestCaseExecutor.java:418)
	at com.kms.katalon.core.main.TestCaseExecutor.accessMainPhase(TestCaseExecutor.java:410)
	at com.kms.katalon.core.main.TestCaseExecutor.execute(TestCaseExecutor.java:285)
	at com.kms.katalon.core.main.TestCaseMain.runTestCase(TestCaseMain.java:144)
	at com.kms.katalon.core.keyword.builtin.CallTestCaseKeyword$_callTestCase_closure1.doCall(CallTestCaseKeyword.groovy:59)
	at com.kms.katalon.core.keyword.builtin.CallTestCaseKeyword$_callTestCase_closure1.call(CallTestCaseKeyword.groovy)
	at com.kms.katalon.core.keyword.internal.KeywordMain.runKeyword(KeywordMain.groovy:75)
	at com.kms.katalon.core.keyword.builtin.CallTestCaseKeyword.callTestCase(CallTestCaseKeyword.groovy:81)
	at com.kms.katalon.core.keyword.builtin.CallTestCaseKeyword.execute(CallTestCaseKeyword.groovy:44)
	at com.kms.katalon.core.keyword.internal.KeywordExecutor.executeKeywordForPlatform(KeywordExecutor.groovy:74)
	at com.kms.katalon.core.keyword.BuiltinKeywords.callTestCase(BuiltinKeywords.groovy:310)
	at SU-012.run(SU-012:20)
	at com.kms.katalon.core.main.ScriptEngine.run(ScriptEngine.java:194)
	at com.kms.katalon.core.main.ScriptEngine.runScriptAsRawText(ScriptEngine.java:119)
	at com.kms.katalon.core.main.TestCaseExecutor.runScript(TestCaseExecutor.java:448)
	at com.kms.katalon.core.main.TestCaseExecutor.doExecute(TestCaseExecutor.java:439)
	at com.kms.katalon.core.main.TestCaseExecutor.processExecutionPhase(TestCaseExecutor.java:418)
	at com.kms.katalon.core.main.TestCaseExecutor.accessMainPhase(TestCaseExecutor.java:410)
	at com.kms.katalon.core.main.TestCaseExecutor.execute(TestCaseExecutor.java:285)
	at com.kms.katalon.core.common.CommonExecutor.accessTestCaseMainPhase(CommonExecutor.java:65)
	at com.kms.katalon.core.main.TestSuiteExecutor.accessTestSuiteMainPhase(TestSuiteExecutor.java:148)
	at com.kms.katalon.core.main.TestSuiteExecutor.execute(TestSuiteExecutor.java:106)
	at com.kms.katalon.core.main.TestCaseMain.startTestSuite(TestCaseMain.java:187)
	at com.kms.katalon.core.main.TestCaseMain$startTestSuite$0.call(Unknown Source)
	at TempTestSuite1696420804604.run(TempTestSuite1696420804604.groovy:36)
Caused by: com.kms.katalon.core.exception.StepFailedException: Call Test Case 'Test Cases/T13 Pembelian, Shipment dan Pembayaran/PBL-004' failed
	at com.kms.katalon.core.keyword.builtin.CallTestCaseKeyword$_callTestCase_closure1.doCall(CallTestCaseKeyword.groovy:63)
	at com.kms.katalon.core.keyword.builtin.CallTestCaseKeyword$_callTestCase_closure1.call(CallTestCaseKeyword.groovy)
	at com.kms.katalon.core.keyword.internal.KeywordMain.runKeyword(KeywordMain.groovy:75)
	at com.kms.katalon.core.keyword.builtin.CallTestCaseKeyword.callTestCase(CallTestCaseKeyword.groovy:81)
	at com.kms.katalon.core.keyword.builtin.CallTestCaseKeyword.execute(CallTestCaseKeyword.groovy:44)
	at com.kms.katalon.core.keyword.internal.KeywordExecutor.executeKeywordForPlatform(KeywordExecutor.groovy:74)
	at com.kms.katalon.core.keyword.BuiltinKeywords.callTestCase(BuiltinKeywords.groovy:310)
	at PBY-001.run(PBY-001:20)
	at com.kms.katalon.core.main.ScriptEngine.run(ScriptEngine.java:194)
	at com.kms.katalon.core.main.ScriptEngine.runScriptAsRawText(ScriptEngine.java:119)
	at com.kms.katalon.core.main.TestCaseExecutor.runScript(TestCaseExecutor.java:448)
	at com.kms.katalon.core.main.TestCaseExecutor.doExecute(TestCaseExecutor.java:439)
	at com.kms.katalon.core.main.TestCaseExecutor.processExecutionPhase(TestCaseExecutor.java:418)
	at com.kms.katalon.core.main.TestCaseExecutor.accessMainPhase(TestCaseExecutor.java:410)
	at com.kms.katalon.core.main.TestCaseExecutor.execute(TestCaseExecutor.java:285)
	at com.kms.katalon.core.main.TestCaseMain.runTestCase(TestCaseMain.java:144)
	at com.kms.katalon.core.keyword.builtin.CallTestCaseKeyword$_callTestCase_closure1.doCall(CallTestCaseKeyword.groovy:59)
	... 100 more
Caused by: com.kms.katalon.core.exception.StepFailedException: Call Test Case 'Test Cases/T13 Pembelian, Shipment dan Pembayaran/PBL-002' failed
	at com.kms.katalon.core.keyword.builtin.CallTestCaseKeyword$_callTestCase_closure1.doCall(CallTestCaseKeyword.groovy:63)
	at com.kms.katalon.core.keyword.builtin.CallTestCaseKeyword$_callTestCase_closure1.call(CallTestCaseKeyword.groovy)
	at com.kms.katalon.core.keyword.internal.KeywordMain.runKeyword(KeywordMain.groovy:75)
	at com.kms.katalon.core.keyword.builtin.CallTestCaseKeyword.callTestCase(CallTestCaseKeyword.groovy:81)
	at com.kms.katalon.core.keyword.builtin.CallTestCaseKeyword.execute(CallTestCaseKeyword.groovy:44)
	at com.kms.katalon.core.keyword.internal.KeywordExecutor.executeKeywordForPlatform(KeywordExecutor.groovy:74)
	at com.kms.katalon.core.keyword.BuiltinKeywords.callTestCase(BuiltinKeywords.groovy:310)
	at PBL-004.run(PBL-004:20)
	at com.kms.katalon.core.main.ScriptEngine.run(ScriptEngine.java:194)
	at com.kms.katalon.core.main.ScriptEngine.runScriptAsRawText(ScriptEngine.java:119)
	at com.kms.katalon.core.main.TestCaseExecutor.runScript(TestCaseExecutor.java:448)
	at com.kms.katalon.core.main.TestCaseExecutor.doExecute(TestCaseExecutor.java:439)
	at com.kms.katalon.core.main.TestCaseExecutor.processExecutionPhase(TestCaseExecutor.java:418)
	at com.kms.katalon.core.main.TestCaseExecutor.accessMainPhase(TestCaseExecutor.java:410)
	at com.kms.katalon.core.main.TestCaseExecutor.execute(TestCaseExecutor.java:285)
	at com.kms.katalon.core.main.TestCaseMain.runTestCase(TestCaseMain.java:144)
	at com.kms.katalon.core.keyword.builtin.CallTestCaseKeyword$_callTestCase_closure1.doCall(CallTestCaseKeyword.groovy:59)
	... 116 more
Caused by: com.kms.katalon.core.exception.StepFailedException: Unable to get text of object 'Object Repository/verifikasi/Harga Keranjang'
	at com.kms.katalon.core.webui.keyword.internal.WebUIKeywordMain.stepFailed(WebUIKeywordMain.groovy:64)
	at com.kms.katalon.core.webui.keyword.internal.WebUIKeywordMain.runKeyword(WebUIKeywordMain.groovy:26)
	at com.kms.katalon.core.webui.keyword.builtin.GetTextKeyword.getText(GetTextKeyword.groovy:88)
	at com.kms.katalon.core.webui.keyword.builtin.GetTextKeyword.execute(GetTextKeyword.groovy:67)
	at com.kms.katalon.core.keyword.internal.KeywordExecutor.executeKeywordForPlatform(KeywordExecutor.groovy:74)
	at com.kms.katalon.core.webui.keyword.WebUiBuiltInKeywords.getText(WebUiBuiltInKeywords.groovy:918)
	at com.kms.katalon.core.webui.keyword.WebUiBuiltInKeywords$getText$5.call(Unknown Source)
	at PBL-002.run(PBL-002:31)
	at com.kms.katalon.core.main.ScriptEngine.run(ScriptEngine.java:194)
	at com.kms.katalon.core.main.ScriptEngine.runScriptAsRawText(ScriptEngine.java:119)
	at com.kms.katalon.core.main.TestCaseExecutor.runScript(TestCaseExecutor.java:448)
	at com.kms.katalon.core.main.TestCaseExecutor.doExecute(TestCaseExecutor.java:439)
	at com.kms.katalon.core.main.TestCaseExecutor.processExecutionPhase(TestCaseExecutor.java:418)
	at com.kms.katalon.core.main.TestCaseExecutor.accessMainPhase(TestCaseExecutor.java:410)
	at com.kms.katalon.core.main.TestCaseExecutor.execute(TestCaseExecutor.java:285)
	at com.kms.katalon.core.main.TestCaseMain.runTestCase(TestCaseMain.java:144)
	at com.kms.katalon.core.keyword.builtin.CallTestCaseKeyword$_callTestCase_closure1.doCall(CallTestCaseKeyword.groovy:59)
	... 132 more
Caused by: com.kms.katalon.core.webui.exception.WebElementNotFoundException: Web element with id: 'Object Repository/verifikasi/Harga Keranjang' located by '(.//*[normalize-space(text()) and normalize-space(.)='Qty.'])[4]/following::b[1]' not found
	at com.kms.katalon.core.webui.common.WebUiCommonHelper.findWebElement(WebUiCommonHelper.java:1381)
	at com.kms.katalon.core.webui.keyword.internal.WebUIAbstractKeyword.findWebElement(WebUIAbstractKeyword.groovy:27)
	at com.kms.katalon.core.webui.keyword.internal.WebUIAbstractKeyword.findWebElement(WebUIAbstractKeyword.groovy:26)
	at com.kms.katalon.core.webui.keyword.builtin.GetTextKeyword$_getText_closure1.doCall(GetTextKeyword.groovy:78)
	at com.kms.katalon.core.webui.keyword.builtin.GetTextKeyword$_getText_closure1.call(GetTextKeyword.groovy)
	at com.kms.katalon.core.webui.keyword.internal.WebUIKeywordMain.runKeyword(WebUIKeywordMain.groovy:20)
	... 147 more
)

2023-10-04 19:59:04 - [MESSAGE][FAILED] - Unable to call Test Case 'Test Cases/T13 Pembelian, Shipment dan Pembayaran/PBY-004' (Root cause: com.kms.katalon.core.exception.StepFailedException: Call Test Case 'Test Cases/T13 Pembelian, Shipment dan Pembayaran/PBY-004' failed
	at com.kms.katalon.core.keyword.builtin.CallTestCaseKeyword$_callTestCase_closure1.doCall(CallTestCaseKeyword.groovy:63)
	at com.kms.katalon.core.keyword.builtin.CallTestCaseKeyword$_callTestCase_closure1.call(CallTestCaseKeyword.groovy)
	at com.kms.katalon.core.keyword.internal.KeywordMain.runKeyword(KeywordMain.groovy:75)
	at com.kms.katalon.core.keyword.builtin.CallTestCaseKeyword.callTestCase(CallTestCaseKeyword.groovy:81)
	at com.kms.katalon.core.keyword.builtin.CallTestCaseKeyword.execute(CallTestCaseKeyword.groovy:44)
	at com.kms.katalon.core.keyword.internal.KeywordExecutor.executeKeywordForPlatform(KeywordExecutor.groovy:74)
	at com.kms.katalon.core.keyword.BuiltinKeywords.callTestCase(BuiltinKeywords.groovy:310)
	at PBYA-001.run(PBYA-001:20)
	at com.kms.katalon.core.main.ScriptEngine.run(ScriptEngine.java:194)
	at com.kms.katalon.core.main.ScriptEngine.runScriptAsRawText(ScriptEngine.java:119)
	at com.kms.katalon.core.main.TestCaseExecutor.runScript(TestCaseExecutor.java:448)
	at com.kms.katalon.core.main.TestCaseExecutor.doExecute(TestCaseExecutor.java:439)
	at com.kms.katalon.core.main.TestCaseExecutor.processExecutionPhase(TestCaseExecutor.java:418)
	at com.kms.katalon.core.main.TestCaseExecutor.accessMainPhase(TestCaseExecutor.java:410)
	at com.kms.katalon.core.main.TestCaseExecutor.execute(TestCaseExecutor.java:285)
	at com.kms.katalon.core.main.TestCaseMain.runTestCase(TestCaseMain.java:144)
	at com.kms.katalon.core.keyword.builtin.CallTestCaseKeyword$_callTestCase_closure1.doCall(CallTestCaseKeyword.groovy:59)
	at com.kms.katalon.core.keyword.builtin.CallTestCaseKeyword$_callTestCase_closure1.call(CallTestCaseKeyword.groovy)
	at com.kms.katalon.core.keyword.internal.KeywordMain.runKeyword(KeywordMain.groovy:75)
	at com.kms.katalon.core.keyword.builtin.CallTestCaseKeyword.callTestCase(CallTestCaseKeyword.groovy:81)
	at com.kms.katalon.core.keyword.builtin.CallTestCaseKeyword.execute(CallTestCaseKeyword.groovy:44)
	at com.kms.katalon.core.keyword.internal.KeywordExecutor.executeKeywordForPlatform(KeywordExecutor.groovy:74)
	at com.kms.katalon.core.keyword.BuiltinKeywords.callTestCase(BuiltinKeywords.groovy:310)
	at SA-001.run(SA-001:20)
	at com.kms.katalon.core.main.ScriptEngine.run(ScriptEngine.java:194)
	at com.kms.katalon.core.main.ScriptEngine.runScriptAsRawText(ScriptEngine.java:119)
	at com.kms.katalon.core.main.TestCaseExecutor.runScript(TestCaseExecutor.java:448)
	at com.kms.katalon.core.main.TestCaseExecutor.doExecute(TestCaseExecutor.java:439)
	at com.kms.katalon.core.main.TestCaseExecutor.processExecutionPhase(TestCaseExecutor.java:418)
	at com.kms.katalon.core.main.TestCaseExecutor.accessMainPhase(TestCaseExecutor.java:410)
	at com.kms.katalon.core.main.TestCaseExecutor.execute(TestCaseExecutor.java:285)
	at com.kms.katalon.core.main.TestCaseMain.runTestCase(TestCaseMain.java:144)
	at com.kms.katalon.core.keyword.builtin.CallTestCaseKeyword$_callTestCase_closure1.doCall(CallTestCaseKeyword.groovy:59)
	at com.kms.katalon.core.keyword.builtin.CallTestCaseKeyword$_callTestCase_closure1.call(CallTestCaseKeyword.groovy)
	at com.kms.katalon.core.keyword.internal.KeywordMain.runKeyword(KeywordMain.groovy:75)
	at com.kms.katalon.core.keyword.builtin.CallTestCaseKeyword.callTestCase(CallTestCaseKeyword.groovy:81)
	at com.kms.katalon.core.keyword.builtin.CallTestCaseKeyword.execute(CallTestCaseKeyword.groovy:44)
	at com.kms.katalon.core.keyword.internal.KeywordExecutor.executeKeywordForPlatform(KeywordExecutor.groovy:74)
	at com.kms.katalon.core.keyword.BuiltinKeywords.callTestCase(BuiltinKeywords.groovy:310)
	at SA-002.run(SA-002:20)
	at com.kms.katalon.core.main.ScriptEngine.run(ScriptEngine.java:194)
	at com.kms.katalon.core.main.ScriptEngine.runScriptAsRawText(ScriptEngine.java:119)
	at com.kms.katalon.core.main.TestCaseExecutor.runScript(TestCaseExecutor.java:448)
	at com.kms.katalon.core.main.TestCaseExecutor.doExecute(TestCaseExecutor.java:439)
	at com.kms.katalon.core.main.TestCaseExecutor.processExecutionPhase(TestCaseExecutor.java:418)
	at com.kms.katalon.core.main.TestCaseExecutor.accessMainPhase(TestCaseExecutor.java:410)
	at com.kms.katalon.core.main.TestCaseExecutor.execute(TestCaseExecutor.java:285)
	at com.kms.katalon.core.main.TestCaseMain.runTestCase(TestCaseMain.java:144)
	at com.kms.katalon.core.keyword.builtin.CallTestCaseKeyword$_callTestCase_closure1.doCall(CallTestCaseKeyword.groovy:59)
	at com.kms.katalon.core.keyword.builtin.CallTestCaseKeyword$_callTestCase_closure1.call(CallTestCaseKeyword.groovy)
	at com.kms.katalon.core.keyword.internal.KeywordMain.runKeyword(KeywordMain.groovy:75)
	at com.kms.katalon.core.keyword.builtin.CallTestCaseKeyword.callTestCase(CallTestCaseKeyword.groovy:81)
	at com.kms.katalon.core.keyword.builtin.CallTestCaseKeyword.execute(CallTestCaseKeyword.groovy:44)
	at com.kms.katalon.core.keyword.internal.KeywordExecutor.executeKeywordForPlatform(KeywordExecutor.groovy:74)
	at com.kms.katalon.core.keyword.BuiltinKeywords.callTestCase(BuiltinKeywords.groovy:310)
	at SA-005.run(SA-005:20)
	at com.kms.katalon.core.main.ScriptEngine.run(ScriptEngine.java:194)
	at com.kms.katalon.core.main.ScriptEngine.runScriptAsRawText(ScriptEngine.java:119)
	at com.kms.katalon.core.main.TestCaseExecutor.runScript(TestCaseExecutor.java:448)
	at com.kms.katalon.core.main.TestCaseExecutor.doExecute(TestCaseExecutor.java:439)
	at com.kms.katalon.core.main.TestCaseExecutor.processExecutionPhase(TestCaseExecutor.java:418)
	at com.kms.katalon.core.main.TestCaseExecutor.accessMainPhase(TestCaseExecutor.java:410)
	at com.kms.katalon.core.main.TestCaseExecutor.execute(TestCaseExecutor.java:285)
	at com.kms.katalon.core.main.TestCaseMain.runTestCase(TestCaseMain.java:144)
	at com.kms.katalon.core.keyword.builtin.CallTestCaseKeyword$_callTestCase_closure1.doCall(CallTestCaseKeyword.groovy:59)
	at com.kms.katalon.core.keyword.builtin.CallTestCaseKeyword$_callTestCase_closure1.call(CallTestCaseKeyword.groovy)
	at com.kms.katalon.core.keyword.internal.KeywordMain.runKeyword(KeywordMain.groovy:75)
	at com.kms.katalon.core.keyword.builtin.CallTestCaseKeyword.callTestCase(CallTestCaseKeyword.groovy:81)
	at com.kms.katalon.core.keyword.builtin.CallTestCaseKeyword.execute(CallTestCaseKeyword.groovy:44)
	at com.kms.katalon.core.keyword.internal.KeywordExecutor.executeKeywordForPlatform(KeywordExecutor.groovy:74)
	at com.kms.katalon.core.keyword.BuiltinKeywords.callTestCase(BuiltinKeywords.groovy:310)
	at SU-012.run(SU-012:20)
	at com.kms.katalon.core.main.ScriptEngine.run(ScriptEngine.java:194)
	at com.kms.katalon.core.main.ScriptEngine.runScriptAsRawText(ScriptEngine.java:119)
	at com.kms.katalon.core.main.TestCaseExecutor.runScript(TestCaseExecutor.java:448)
	at com.kms.katalon.core.main.TestCaseExecutor.doExecute(TestCaseExecutor.java:439)
	at com.kms.katalon.core.main.TestCaseExecutor.processExecutionPhase(TestCaseExecutor.java:418)
	at com.kms.katalon.core.main.TestCaseExecutor.accessMainPhase(TestCaseExecutor.java:410)
	at com.kms.katalon.core.main.TestCaseExecutor.execute(TestCaseExecutor.java:285)
	at com.kms.katalon.core.common.CommonExecutor.accessTestCaseMainPhase(CommonExecutor.java:65)
	at com.kms.katalon.core.main.TestSuiteExecutor.accessTestSuiteMainPhase(TestSuiteExecutor.java:148)
	at com.kms.katalon.core.main.TestSuiteExecutor.execute(TestSuiteExecutor.java:106)
	at com.kms.katalon.core.main.TestCaseMain.startTestSuite(TestCaseMain.java:187)
	at com.kms.katalon.core.main.TestCaseMain$startTestSuite$0.call(Unknown Source)
	at TempTestSuite1696420804604.run(TempTestSuite1696420804604.groovy:36)
Caused by: com.kms.katalon.core.exception.StepFailedException: Call Test Case 'Test Cases/T13 Pembelian, Shipment dan Pembayaran/PBY-001' failed
	at com.kms.katalon.core.keyword.builtin.CallTestCaseKeyword$_callTestCase_closure1.doCall(CallTestCaseKeyword.groovy:63)
	at com.kms.katalon.core.keyword.builtin.CallTestCaseKeyword$_callTestCase_closure1.call(CallTestCaseKeyword.groovy)
	at com.kms.katalon.core.keyword.internal.KeywordMain.runKeyword(KeywordMain.groovy:75)
	at com.kms.katalon.core.keyword.builtin.CallTestCaseKeyword.callTestCase(CallTestCaseKeyword.groovy:81)
	at com.kms.katalon.core.keyword.builtin.CallTestCaseKeyword.execute(CallTestCaseKeyword.groovy:44)
	at com.kms.katalon.core.keyword.internal.KeywordExecutor.executeKeywordForPlatform(KeywordExecutor.groovy:74)
	at com.kms.katalon.core.keyword.BuiltinKeywords.callTestCase(BuiltinKeywords.groovy:310)
	at PBY-004.run(PBY-004:20)
	at com.kms.katalon.core.main.ScriptEngine.run(ScriptEngine.java:194)
	at com.kms.katalon.core.main.ScriptEngine.runScriptAsRawText(ScriptEngine.java:119)
	at com.kms.katalon.core.main.TestCaseExecutor.runScript(TestCaseExecutor.java:448)
	at com.kms.katalon.core.main.TestCaseExecutor.doExecute(TestCaseExecutor.java:439)
	at com.kms.katalon.core.main.TestCaseExecutor.processExecutionPhase(TestCaseExecutor.java:418)
	at com.kms.katalon.core.main.TestCaseExecutor.accessMainPhase(TestCaseExecutor.java:410)
	at com.kms.katalon.core.main.TestCaseExecutor.execute(TestCaseExecutor.java:285)
	at com.kms.katalon.core.main.TestCaseMain.runTestCase(TestCaseMain.java:144)
	at com.kms.katalon.core.keyword.builtin.CallTestCaseKeyword$_callTestCase_closure1.doCall(CallTestCaseKeyword.groovy:59)
	... 84 more
Caused by: com.kms.katalon.core.exception.StepFailedException: Call Test Case 'Test Cases/T13 Pembelian, Shipment dan Pembayaran/PBL-004' failed
	at com.kms.katalon.core.keyword.builtin.CallTestCaseKeyword$_callTestCase_closure1.doCall(CallTestCaseKeyword.groovy:63)
	at com.kms.katalon.core.keyword.builtin.CallTestCaseKeyword$_callTestCase_closure1.call(CallTestCaseKeyword.groovy)
	at com.kms.katalon.core.keyword.internal.KeywordMain.runKeyword(KeywordMain.groovy:75)
	at com.kms.katalon.core.keyword.builtin.CallTestCaseKeyword.callTestCase(CallTestCaseKeyword.groovy:81)
	at com.kms.katalon.core.keyword.builtin.CallTestCaseKeyword.execute(CallTestCaseKeyword.groovy:44)
	at com.kms.katalon.core.keyword.internal.KeywordExecutor.executeKeywordForPlatform(KeywordExecutor.groovy:74)
	at com.kms.katalon.core.keyword.BuiltinKeywords.callTestCase(BuiltinKeywords.groovy:310)
	at PBY-001.run(PBY-001:20)
	at com.kms.katalon.core.main.ScriptEngine.run(ScriptEngine.java:194)
	at com.kms.katalon.core.main.ScriptEngine.runScriptAsRawText(ScriptEngine.java:119)
	at com.kms.katalon.core.main.TestCaseExecutor.runScript(TestCaseExecutor.java:448)
	at com.kms.katalon.core.main.TestCaseExecutor.doExecute(TestCaseExecutor.java:439)
	at com.kms.katalon.core.main.TestCaseExecutor.processExecutionPhase(TestCaseExecutor.java:418)
	at com.kms.katalon.core.main.TestCaseExecutor.accessMainPhase(TestCaseExecutor.java:410)
	at com.kms.katalon.core.main.TestCaseExecutor.execute(TestCaseExecutor.java:285)
	at com.kms.katalon.core.main.TestCaseMain.runTestCase(TestCaseMain.java:144)
	at com.kms.katalon.core.keyword.builtin.CallTestCaseKeyword$_callTestCase_closure1.doCall(CallTestCaseKeyword.groovy:59)
	... 100 more
Caused by: com.kms.katalon.core.exception.StepFailedException: Call Test Case 'Test Cases/T13 Pembelian, Shipment dan Pembayaran/PBL-002' failed
	at com.kms.katalon.core.keyword.builtin.CallTestCaseKeyword$_callTestCase_closure1.doCall(CallTestCaseKeyword.groovy:63)
	at com.kms.katalon.core.keyword.builtin.CallTestCaseKeyword$_callTestCase_closure1.call(CallTestCaseKeyword.groovy)
	at com.kms.katalon.core.keyword.internal.KeywordMain.runKeyword(KeywordMain.groovy:75)
	at com.kms.katalon.core.keyword.builtin.CallTestCaseKeyword.callTestCase(CallTestCaseKeyword.groovy:81)
	at com.kms.katalon.core.keyword.builtin.CallTestCaseKeyword.execute(CallTestCaseKeyword.groovy:44)
	at com.kms.katalon.core.keyword.internal.KeywordExecutor.executeKeywordForPlatform(KeywordExecutor.groovy:74)
	at com.kms.katalon.core.keyword.BuiltinKeywords.callTestCase(BuiltinKeywords.groovy:310)
	at PBL-004.run(PBL-004:20)
	at com.kms.katalon.core.main.ScriptEngine.run(ScriptEngine.java:194)
	at com.kms.katalon.core.main.ScriptEngine.runScriptAsRawText(ScriptEngine.java:119)
	at com.kms.katalon.core.main.TestCaseExecutor.runScript(TestCaseExecutor.java:448)
	at com.kms.katalon.core.main.TestCaseExecutor.doExecute(TestCaseExecutor.java:439)
	at com.kms.katalon.core.main.TestCaseExecutor.processExecutionPhase(TestCaseExecutor.java:418)
	at com.kms.katalon.core.main.TestCaseExecutor.accessMainPhase(TestCaseExecutor.java:410)
	at com.kms.katalon.core.main.TestCaseExecutor.execute(TestCaseExecutor.java:285)
	at com.kms.katalon.core.main.TestCaseMain.runTestCase(TestCaseMain.java:144)
	at com.kms.katalon.core.keyword.builtin.CallTestCaseKeyword$_callTestCase_closure1.doCall(CallTestCaseKeyword.groovy:59)
	... 116 more
Caused by: com.kms.katalon.core.exception.StepFailedException: Unable to get text of object 'Object Repository/verifikasi/Harga Keranjang'
	at com.kms.katalon.core.webui.keyword.internal.WebUIKeywordMain.stepFailed(WebUIKeywordMain.groovy:64)
	at com.kms.katalon.core.webui.keyword.internal.WebUIKeywordMain.runKeyword(WebUIKeywordMain.groovy:26)
	at com.kms.katalon.core.webui.keyword.builtin.GetTextKeyword.getText(GetTextKeyword.groovy:88)
	at com.kms.katalon.core.webui.keyword.builtin.GetTextKeyword.execute(GetTextKeyword.groovy:67)
	at com.kms.katalon.core.keyword.internal.KeywordExecutor.executeKeywordForPlatform(KeywordExecutor.groovy:74)
	at com.kms.katalon.core.webui.keyword.WebUiBuiltInKeywords.getText(WebUiBuiltInKeywords.groovy:918)
	at com.kms.katalon.core.webui.keyword.WebUiBuiltInKeywords$getText$5.call(Unknown Source)
	at PBL-002.run(PBL-002:31)
	at com.kms.katalon.core.main.ScriptEngine.run(ScriptEngine.java:194)
	at com.kms.katalon.core.main.ScriptEngine.runScriptAsRawText(ScriptEngine.java:119)
	at com.kms.katalon.core.main.TestCaseExecutor.runScript(TestCaseExecutor.java:448)
	at com.kms.katalon.core.main.TestCaseExecutor.doExecute(TestCaseExecutor.java:439)
	at com.kms.katalon.core.main.TestCaseExecutor.processExecutionPhase(TestCaseExecutor.java:418)
	at com.kms.katalon.core.main.TestCaseExecutor.accessMainPhase(TestCaseExecutor.java:410)
	at com.kms.katalon.core.main.TestCaseExecutor.execute(TestCaseExecutor.java:285)
	at com.kms.katalon.core.main.TestCaseMain.runTestCase(TestCaseMain.java:144)
	at com.kms.katalon.core.keyword.builtin.CallTestCaseKeyword$_callTestCase_closure1.doCall(CallTestCaseKeyword.groovy:59)
	... 132 more
Caused by: com.kms.katalon.core.webui.exception.WebElementNotFoundException: Web element with id: 'Object Repository/verifikasi/Harga Keranjang' located by '(.//*[normalize-space(text()) and normalize-space(.)='Qty.'])[4]/following::b[1]' not found
	at com.kms.katalon.core.webui.common.WebUiCommonHelper.findWebElement(WebUiCommonHelper.java:1381)
	at com.kms.katalon.core.webui.keyword.internal.WebUIAbstractKeyword.findWebElement(WebUIAbstractKeyword.groovy:27)
	at com.kms.katalon.core.webui.keyword.internal.WebUIAbstractKeyword.findWebElement(WebUIAbstractKeyword.groovy:26)
	at com.kms.katalon.core.webui.keyword.builtin.GetTextKeyword$_getText_closure1.doCall(GetTextKeyword.groovy:78)
	at com.kms.katalon.core.webui.keyword.builtin.GetTextKeyword$_getText_closure1.call(GetTextKeyword.groovy)
	at com.kms.katalon.core.webui.keyword.internal.WebUIKeywordMain.runKeyword(WebUIKeywordMain.groovy:20)
	... 147 more
)

2023-10-04 19:59:04 - [MESSAGE][FAILED] - Unable to call Test Case 'Test Cases/T13 Pembelian, Shipment dan Pembayaran/PBYA-001' (Root cause: com.kms.katalon.core.exception.StepFailedException: Call Test Case 'Test Cases/T13 Pembelian, Shipment dan Pembayaran/PBYA-001' failed
	at com.kms.katalon.core.keyword.builtin.CallTestCaseKeyword$_callTestCase_closure1.doCall(CallTestCaseKeyword.groovy:63)
	at com.kms.katalon.core.keyword.builtin.CallTestCaseKeyword$_callTestCase_closure1.call(CallTestCaseKeyword.groovy)
	at com.kms.katalon.core.keyword.internal.KeywordMain.runKeyword(KeywordMain.groovy:75)
	at com.kms.katalon.core.keyword.builtin.CallTestCaseKeyword.callTestCase(CallTestCaseKeyword.groovy:81)
	at com.kms.katalon.core.keyword.builtin.CallTestCaseKeyword.execute(CallTestCaseKeyword.groovy:44)
	at com.kms.katalon.core.keyword.internal.KeywordExecutor.executeKeywordForPlatform(KeywordExecutor.groovy:74)
	at com.kms.katalon.core.keyword.BuiltinKeywords.callTestCase(BuiltinKeywords.groovy:310)
	at SA-001.run(SA-001:20)
	at com.kms.katalon.core.main.ScriptEngine.run(ScriptEngine.java:194)
	at com.kms.katalon.core.main.ScriptEngine.runScriptAsRawText(ScriptEngine.java:119)
	at com.kms.katalon.core.main.TestCaseExecutor.runScript(TestCaseExecutor.java:448)
	at com.kms.katalon.core.main.TestCaseExecutor.doExecute(TestCaseExecutor.java:439)
	at com.kms.katalon.core.main.TestCaseExecutor.processExecutionPhase(TestCaseExecutor.java:418)
	at com.kms.katalon.core.main.TestCaseExecutor.accessMainPhase(TestCaseExecutor.java:410)
	at com.kms.katalon.core.main.TestCaseExecutor.execute(TestCaseExecutor.java:285)
	at com.kms.katalon.core.main.TestCaseMain.runTestCase(TestCaseMain.java:144)
	at com.kms.katalon.core.keyword.builtin.CallTestCaseKeyword$_callTestCase_closure1.doCall(CallTestCaseKeyword.groovy:59)
	at com.kms.katalon.core.keyword.builtin.CallTestCaseKeyword$_callTestCase_closure1.call(CallTestCaseKeyword.groovy)
	at com.kms.katalon.core.keyword.internal.KeywordMain.runKeyword(KeywordMain.groovy:75)
	at com.kms.katalon.core.keyword.builtin.CallTestCaseKeyword.callTestCase(CallTestCaseKeyword.groovy:81)
	at com.kms.katalon.core.keyword.builtin.CallTestCaseKeyword.execute(CallTestCaseKeyword.groovy:44)
	at com.kms.katalon.core.keyword.internal.KeywordExecutor.executeKeywordForPlatform(KeywordExecutor.groovy:74)
	at com.kms.katalon.core.keyword.BuiltinKeywords.callTestCase(BuiltinKeywords.groovy:310)
	at SA-002.run(SA-002:20)
	at com.kms.katalon.core.main.ScriptEngine.run(ScriptEngine.java:194)
	at com.kms.katalon.core.main.ScriptEngine.runScriptAsRawText(ScriptEngine.java:119)
	at com.kms.katalon.core.main.TestCaseExecutor.runScript(TestCaseExecutor.java:448)
	at com.kms.katalon.core.main.TestCaseExecutor.doExecute(TestCaseExecutor.java:439)
	at com.kms.katalon.core.main.TestCaseExecutor.processExecutionPhase(TestCaseExecutor.java:418)
	at com.kms.katalon.core.main.TestCaseExecutor.accessMainPhase(TestCaseExecutor.java:410)
	at com.kms.katalon.core.main.TestCaseExecutor.execute(TestCaseExecutor.java:285)
	at com.kms.katalon.core.main.TestCaseMain.runTestCase(TestCaseMain.java:144)
	at com.kms.katalon.core.keyword.builtin.CallTestCaseKeyword$_callTestCase_closure1.doCall(CallTestCaseKeyword.groovy:59)
	at com.kms.katalon.core.keyword.builtin.CallTestCaseKeyword$_callTestCase_closure1.call(CallTestCaseKeyword.groovy)
	at com.kms.katalon.core.keyword.internal.KeywordMain.runKeyword(KeywordMain.groovy:75)
	at com.kms.katalon.core.keyword.builtin.CallTestCaseKeyword.callTestCase(CallTestCaseKeyword.groovy:81)
	at com.kms.katalon.core.keyword.builtin.CallTestCaseKeyword.execute(CallTestCaseKeyword.groovy:44)
	at com.kms.katalon.core.keyword.internal.KeywordExecutor.executeKeywordForPlatform(KeywordExecutor.groovy:74)
	at com.kms.katalon.core.keyword.BuiltinKeywords.callTestCase(BuiltinKeywords.groovy:310)
	at SA-005.run(SA-005:20)
	at com.kms.katalon.core.main.ScriptEngine.run(ScriptEngine.java:194)
	at com.kms.katalon.core.main.ScriptEngine.runScriptAsRawText(ScriptEngine.java:119)
	at com.kms.katalon.core.main.TestCaseExecutor.runScript(TestCaseExecutor.java:448)
	at com.kms.katalon.core.main.TestCaseExecutor.doExecute(TestCaseExecutor.java:439)
	at com.kms.katalon.core.main.TestCaseExecutor.processExecutionPhase(TestCaseExecutor.java:418)
	at com.kms.katalon.core.main.TestCaseExecutor.accessMainPhase(TestCaseExecutor.java:410)
	at com.kms.katalon.core.main.TestCaseExecutor.execute(TestCaseExecutor.java:285)
	at com.kms.katalon.core.main.TestCaseMain.runTestCase(TestCaseMain.java:144)
	at com.kms.katalon.core.keyword.builtin.CallTestCaseKeyword$_callTestCase_closure1.doCall(CallTestCaseKeyword.groovy:59)
	at com.kms.katalon.core.keyword.builtin.CallTestCaseKeyword$_callTestCase_closure1.call(CallTestCaseKeyword.groovy)
	at com.kms.katalon.core.keyword.internal.KeywordMain.runKeyword(KeywordMain.groovy:75)
	at com.kms.katalon.core.keyword.builtin.CallTestCaseKeyword.callTestCase(CallTestCaseKeyword.groovy:81)
	at com.kms.katalon.core.keyword.builtin.CallTestCaseKeyword.execute(CallTestCaseKeyword.groovy:44)
	at com.kms.katalon.core.keyword.internal.KeywordExecutor.executeKeywordForPlatform(KeywordExecutor.groovy:74)
	at com.kms.katalon.core.keyword.BuiltinKeywords.callTestCase(BuiltinKeywords.groovy:310)
	at SU-012.run(SU-012:20)
	at com.kms.katalon.core.main.ScriptEngine.run(ScriptEngine.java:194)
	at com.kms.katalon.core.main.ScriptEngine.runScriptAsRawText(ScriptEngine.java:119)
	at com.kms.katalon.core.main.TestCaseExecutor.runScript(TestCaseExecutor.java:448)
	at com.kms.katalon.core.main.TestCaseExecutor.doExecute(TestCaseExecutor.java:439)
	at com.kms.katalon.core.main.TestCaseExecutor.processExecutionPhase(TestCaseExecutor.java:418)
	at com.kms.katalon.core.main.TestCaseExecutor.accessMainPhase(TestCaseExecutor.java:410)
	at com.kms.katalon.core.main.TestCaseExecutor.execute(TestCaseExecutor.java:285)
	at com.kms.katalon.core.common.CommonExecutor.accessTestCaseMainPhase(CommonExecutor.java:65)
	at com.kms.katalon.core.main.TestSuiteExecutor.accessTestSuiteMainPhase(TestSuiteExecutor.java:148)
	at com.kms.katalon.core.main.TestSuiteExecutor.execute(TestSuiteExecutor.java:106)
	at com.kms.katalon.core.main.TestCaseMain.startTestSuite(TestCaseMain.java:187)
	at com.kms.katalon.core.main.TestCaseMain$startTestSuite$0.call(Unknown Source)
	at TempTestSuite1696420804604.run(TempTestSuite1696420804604.groovy:36)
Caused by: com.kms.katalon.core.exception.StepFailedException: Call Test Case 'Test Cases/T13 Pembelian, Shipment dan Pembayaran/PBY-004' failed
	at com.kms.katalon.core.keyword.builtin.CallTestCaseKeyword$_callTestCase_closure1.doCall(CallTestCaseKeyword.groovy:63)
	at com.kms.katalon.core.keyword.builtin.CallTestCaseKeyword$_callTestCase_closure1.call(CallTestCaseKeyword.groovy)
	at com.kms.katalon.core.keyword.internal.KeywordMain.runKeyword(KeywordMain.groovy:75)
	at com.kms.katalon.core.keyword.builtin.CallTestCaseKeyword.callTestCase(CallTestCaseKeyword.groovy:81)
	at com.kms.katalon.core.keyword.builtin.CallTestCaseKeyword.execute(CallTestCaseKeyword.groovy:44)
	at com.kms.katalon.core.keyword.internal.KeywordExecutor.executeKeywordForPlatform(KeywordExecutor.groovy:74)
	at com.kms.katalon.core.keyword.BuiltinKeywords.callTestCase(BuiltinKeywords.groovy:310)
	at PBYA-001.run(PBYA-001:20)
	at com.kms.katalon.core.main.ScriptEngine.run(ScriptEngine.java:194)
	at com.kms.katalon.core.main.ScriptEngine.runScriptAsRawText(ScriptEngine.java:119)
	at com.kms.katalon.core.main.TestCaseExecutor.runScript(TestCaseExecutor.java:448)
	at com.kms.katalon.core.main.TestCaseExecutor.doExecute(TestCaseExecutor.java:439)
	at com.kms.katalon.core.main.TestCaseExecutor.processExecutionPhase(TestCaseExecutor.java:418)
	at com.kms.katalon.core.main.TestCaseExecutor.accessMainPhase(TestCaseExecutor.java:410)
	at com.kms.katalon.core.main.TestCaseExecutor.execute(TestCaseExecutor.java:285)
	at com.kms.katalon.core.main.TestCaseMain.runTestCase(TestCaseMain.java:144)
	at com.kms.katalon.core.keyword.builtin.CallTestCaseKeyword$_callTestCase_closure1.doCall(CallTestCaseKeyword.groovy:59)
	... 68 more
Caused by: com.kms.katalon.core.exception.StepFailedException: Call Test Case 'Test Cases/T13 Pembelian, Shipment dan Pembayaran/PBY-001' failed
	at com.kms.katalon.core.keyword.builtin.CallTestCaseKeyword$_callTestCase_closure1.doCall(CallTestCaseKeyword.groovy:63)
	at com.kms.katalon.core.keyword.builtin.CallTestCaseKeyword$_callTestCase_closure1.call(CallTestCaseKeyword.groovy)
	at com.kms.katalon.core.keyword.internal.KeywordMain.runKeyword(KeywordMain.groovy:75)
	at com.kms.katalon.core.keyword.builtin.CallTestCaseKeyword.callTestCase(CallTestCaseKeyword.groovy:81)
	at com.kms.katalon.core.keyword.builtin.CallTestCaseKeyword.execute(CallTestCaseKeyword.groovy:44)
	at com.kms.katalon.core.keyword.internal.KeywordExecutor.executeKeywordForPlatform(KeywordExecutor.groovy:74)
	at com.kms.katalon.core.keyword.BuiltinKeywords.callTestCase(BuiltinKeywords.groovy:310)
	at PBY-004.run(PBY-004:20)
	at com.kms.katalon.core.main.ScriptEngine.run(ScriptEngine.java:194)
	at com.kms.katalon.core.main.ScriptEngine.runScriptAsRawText(ScriptEngine.java:119)
	at com.kms.katalon.core.main.TestCaseExecutor.runScript(TestCaseExecutor.java:448)
	at com.kms.katalon.core.main.TestCaseExecutor.doExecute(TestCaseExecutor.java:439)
	at com.kms.katalon.core.main.TestCaseExecutor.processExecutionPhase(TestCaseExecutor.java:418)
	at com.kms.katalon.core.main.TestCaseExecutor.accessMainPhase(TestCaseExecutor.java:410)
	at com.kms.katalon.core.main.TestCaseExecutor.execute(TestCaseExecutor.java:285)
	at com.kms.katalon.core.main.TestCaseMain.runTestCase(TestCaseMain.java:144)
	at com.kms.katalon.core.keyword.builtin.CallTestCaseKeyword$_callTestCase_closure1.doCall(CallTestCaseKeyword.groovy:59)
	... 84 more
Caused by: com.kms.katalon.core.exception.StepFailedException: Call Test Case 'Test Cases/T13 Pembelian, Shipment dan Pembayaran/PBL-004' failed
	at com.kms.katalon.core.keyword.builtin.CallTestCaseKeyword$_callTestCase_closure1.doCall(CallTestCaseKeyword.groovy:63)
	at com.kms.katalon.core.keyword.builtin.CallTestCaseKeyword$_callTestCase_closure1.call(CallTestCaseKeyword.groovy)
	at com.kms.katalon.core.keyword.internal.KeywordMain.runKeyword(KeywordMain.groovy:75)
	at com.kms.katalon.core.keyword.builtin.CallTestCaseKeyword.callTestCase(CallTestCaseKeyword.groovy:81)
	at com.kms.katalon.core.keyword.builtin.CallTestCaseKeyword.execute(CallTestCaseKeyword.groovy:44)
	at com.kms.katalon.core.keyword.internal.KeywordExecutor.executeKeywordForPlatform(KeywordExecutor.groovy:74)
	at com.kms.katalon.core.keyword.BuiltinKeywords.callTestCase(BuiltinKeywords.groovy:310)
	at PBY-001.run(PBY-001:20)
	at com.kms.katalon.core.main.ScriptEngine.run(ScriptEngine.java:194)
	at com.kms.katalon.core.main.ScriptEngine.runScriptAsRawText(ScriptEngine.java:119)
	at com.kms.katalon.core.main.TestCaseExecutor.runScript(TestCaseExecutor.java:448)
	at com.kms.katalon.core.main.TestCaseExecutor.doExecute(TestCaseExecutor.java:439)
	at com.kms.katalon.core.main.TestCaseExecutor.processExecutionPhase(TestCaseExecutor.java:418)
	at com.kms.katalon.core.main.TestCaseExecutor.accessMainPhase(TestCaseExecutor.java:410)
	at com.kms.katalon.core.main.TestCaseExecutor.execute(TestCaseExecutor.java:285)
	at com.kms.katalon.core.main.TestCaseMain.runTestCase(TestCaseMain.java:144)
	at com.kms.katalon.core.keyword.builtin.CallTestCaseKeyword$_callTestCase_closure1.doCall(CallTestCaseKeyword.groovy:59)
	... 100 more
Caused by: com.kms.katalon.core.exception.StepFailedException: Call Test Case 'Test Cases/T13 Pembelian, Shipment dan Pembayaran/PBL-002' failed
	at com.kms.katalon.core.keyword.builtin.CallTestCaseKeyword$_callTestCase_closure1.doCall(CallTestCaseKeyword.groovy:63)
	at com.kms.katalon.core.keyword.builtin.CallTestCaseKeyword$_callTestCase_closure1.call(CallTestCaseKeyword.groovy)
	at com.kms.katalon.core.keyword.internal.KeywordMain.runKeyword(KeywordMain.groovy:75)
	at com.kms.katalon.core.keyword.builtin.CallTestCaseKeyword.callTestCase(CallTestCaseKeyword.groovy:81)
	at com.kms.katalon.core.keyword.builtin.CallTestCaseKeyword.execute(CallTestCaseKeyword.groovy:44)
	at com.kms.katalon.core.keyword.internal.KeywordExecutor.executeKeywordForPlatform(KeywordExecutor.groovy:74)
	at com.kms.katalon.core.keyword.BuiltinKeywords.callTestCase(BuiltinKeywords.groovy:310)
	at PBL-004.run(PBL-004:20)
	at com.kms.katalon.core.main.ScriptEngine.run(ScriptEngine.java:194)
	at com.kms.katalon.core.main.ScriptEngine.runScriptAsRawText(ScriptEngine.java:119)
	at com.kms.katalon.core.main.TestCaseExecutor.runScript(TestCaseExecutor.java:448)
	at com.kms.katalon.core.main.TestCaseExecutor.doExecute(TestCaseExecutor.java:439)
	at com.kms.katalon.core.main.TestCaseExecutor.processExecutionPhase(TestCaseExecutor.java:418)
	at com.kms.katalon.core.main.TestCaseExecutor.accessMainPhase(TestCaseExecutor.java:410)
	at com.kms.katalon.core.main.TestCaseExecutor.execute(TestCaseExecutor.java:285)
	at com.kms.katalon.core.main.TestCaseMain.runTestCase(TestCaseMain.java:144)
	at com.kms.katalon.core.keyword.builtin.CallTestCaseKeyword$_callTestCase_closure1.doCall(CallTestCaseKeyword.groovy:59)
	... 116 more
Caused by: com.kms.katalon.core.exception.StepFailedException: Unable to get text of object 'Object Repository/verifikasi/Harga Keranjang'
	at com.kms.katalon.core.webui.keyword.internal.WebUIKeywordMain.stepFailed(WebUIKeywordMain.groovy:64)
	at com.kms.katalon.core.webui.keyword.internal.WebUIKeywordMain.runKeyword(WebUIKeywordMain.groovy:26)
	at com.kms.katalon.core.webui.keyword.builtin.GetTextKeyword.getText(GetTextKeyword.groovy:88)
	at com.kms.katalon.core.webui.keyword.builtin.GetTextKeyword.execute(GetTextKeyword.groovy:67)
	at com.kms.katalon.core.keyword.internal.KeywordExecutor.executeKeywordForPlatform(KeywordExecutor.groovy:74)
	at com.kms.katalon.core.webui.keyword.WebUiBuiltInKeywords.getText(WebUiBuiltInKeywords.groovy:918)
	at com.kms.katalon.core.webui.keyword.WebUiBuiltInKeywords$getText$5.call(Unknown Source)
	at PBL-002.run(PBL-002:31)
	at com.kms.katalon.core.main.ScriptEngine.run(ScriptEngine.java:194)
	at com.kms.katalon.core.main.ScriptEngine.runScriptAsRawText(ScriptEngine.java:119)
	at com.kms.katalon.core.main.TestCaseExecutor.runScript(TestCaseExecutor.java:448)
	at com.kms.katalon.core.main.TestCaseExecutor.doExecute(TestCaseExecutor.java:439)
	at com.kms.katalon.core.main.TestCaseExecutor.processExecutionPhase(TestCaseExecutor.java:418)
	at com.kms.katalon.core.main.TestCaseExecutor.accessMainPhase(TestCaseExecutor.java:410)
	at com.kms.katalon.core.main.TestCaseExecutor.execute(TestCaseExecutor.java:285)
	at com.kms.katalon.core.main.TestCaseMain.runTestCase(TestCaseMain.java:144)
	at com.kms.katalon.core.keyword.builtin.CallTestCaseKeyword$_callTestCase_closure1.doCall(CallTestCaseKeyword.groovy:59)
	... 132 more
Caused by: com.kms.katalon.core.webui.exception.WebElementNotFoundException: Web element with id: 'Object Repository/verifikasi/Harga Keranjang' located by '(.//*[normalize-space(text()) and normalize-space(.)='Qty.'])[4]/following::b[1]' not found
	at com.kms.katalon.core.webui.common.WebUiCommonHelper.findWebElement(WebUiCommonHelper.java:1381)
	at com.kms.katalon.core.webui.keyword.internal.WebUIAbstractKeyword.findWebElement(WebUIAbstractKeyword.groovy:27)
	at com.kms.katalon.core.webui.keyword.internal.WebUIAbstractKeyword.findWebElement(WebUIAbstractKeyword.groovy:26)
	at com.kms.katalon.core.webui.keyword.builtin.GetTextKeyword$_getText_closure1.doCall(GetTextKeyword.groovy:78)
	at com.kms.katalon.core.webui.keyword.builtin.GetTextKeyword$_getText_closure1.call(GetTextKeyword.groovy)
	at com.kms.katalon.core.webui.keyword.internal.WebUIKeywordMain.runKeyword(WebUIKeywordMain.groovy:20)
	... 147 more
)

2023-10-04 19:59:04 - [MESSAGE][FAILED] - Unable to call Test Case 'Test Cases/T13 Pembelian, Shipment dan Pembayaran/SA-001' (Root cause: com.kms.katalon.core.exception.StepFailedException: Call Test Case 'Test Cases/T13 Pembelian, Shipment dan Pembayaran/SA-001' failed
	at com.kms.katalon.core.keyword.builtin.CallTestCaseKeyword$_callTestCase_closure1.doCall(CallTestCaseKeyword.groovy:63)
	at com.kms.katalon.core.keyword.builtin.CallTestCaseKeyword$_callTestCase_closure1.call(CallTestCaseKeyword.groovy)
	at com.kms.katalon.core.keyword.internal.KeywordMain.runKeyword(KeywordMain.groovy:75)
	at com.kms.katalon.core.keyword.builtin.CallTestCaseKeyword.callTestCase(CallTestCaseKeyword.groovy:81)
	at com.kms.katalon.core.keyword.builtin.CallTestCaseKeyword.execute(CallTestCaseKeyword.groovy:44)
	at com.kms.katalon.core.keyword.internal.KeywordExecutor.executeKeywordForPlatform(KeywordExecutor.groovy:74)
	at com.kms.katalon.core.keyword.BuiltinKeywords.callTestCase(BuiltinKeywords.groovy:310)
	at SA-002.run(SA-002:20)
	at com.kms.katalon.core.main.ScriptEngine.run(ScriptEngine.java:194)
	at com.kms.katalon.core.main.ScriptEngine.runScriptAsRawText(ScriptEngine.java:119)
	at com.kms.katalon.core.main.TestCaseExecutor.runScript(TestCaseExecutor.java:448)
	at com.kms.katalon.core.main.TestCaseExecutor.doExecute(TestCaseExecutor.java:439)
	at com.kms.katalon.core.main.TestCaseExecutor.processExecutionPhase(TestCaseExecutor.java:418)
	at com.kms.katalon.core.main.TestCaseExecutor.accessMainPhase(TestCaseExecutor.java:410)
	at com.kms.katalon.core.main.TestCaseExecutor.execute(TestCaseExecutor.java:285)
	at com.kms.katalon.core.main.TestCaseMain.runTestCase(TestCaseMain.java:144)
	at com.kms.katalon.core.keyword.builtin.CallTestCaseKeyword$_callTestCase_closure1.doCall(CallTestCaseKeyword.groovy:59)
	at com.kms.katalon.core.keyword.builtin.CallTestCaseKeyword$_callTestCase_closure1.call(CallTestCaseKeyword.groovy)
	at com.kms.katalon.core.keyword.internal.KeywordMain.runKeyword(KeywordMain.groovy:75)
	at com.kms.katalon.core.keyword.builtin.CallTestCaseKeyword.callTestCase(CallTestCaseKeyword.groovy:81)
	at com.kms.katalon.core.keyword.builtin.CallTestCaseKeyword.execute(CallTestCaseKeyword.groovy:44)
	at com.kms.katalon.core.keyword.internal.KeywordExecutor.executeKeywordForPlatform(KeywordExecutor.groovy:74)
	at com.kms.katalon.core.keyword.BuiltinKeywords.callTestCase(BuiltinKeywords.groovy:310)
	at SA-005.run(SA-005:20)
	at com.kms.katalon.core.main.ScriptEngine.run(ScriptEngine.java:194)
	at com.kms.katalon.core.main.ScriptEngine.runScriptAsRawText(ScriptEngine.java:119)
	at com.kms.katalon.core.main.TestCaseExecutor.runScript(TestCaseExecutor.java:448)
	at com.kms.katalon.core.main.TestCaseExecutor.doExecute(TestCaseExecutor.java:439)
	at com.kms.katalon.core.main.TestCaseExecutor.processExecutionPhase(TestCaseExecutor.java:418)
	at com.kms.katalon.core.main.TestCaseExecutor.accessMainPhase(TestCaseExecutor.java:410)
	at com.kms.katalon.core.main.TestCaseExecutor.execute(TestCaseExecutor.java:285)
	at com.kms.katalon.core.main.TestCaseMain.runTestCase(TestCaseMain.java:144)
	at com.kms.katalon.core.keyword.builtin.CallTestCaseKeyword$_callTestCase_closure1.doCall(CallTestCaseKeyword.groovy:59)
	at com.kms.katalon.core.keyword.builtin.CallTestCaseKeyword$_callTestCase_closure1.call(CallTestCaseKeyword.groovy)
	at com.kms.katalon.core.keyword.internal.KeywordMain.runKeyword(KeywordMain.groovy:75)
	at com.kms.katalon.core.keyword.builtin.CallTestCaseKeyword.callTestCase(CallTestCaseKeyword.groovy:81)
	at com.kms.katalon.core.keyword.builtin.CallTestCaseKeyword.execute(CallTestCaseKeyword.groovy:44)
	at com.kms.katalon.core.keyword.internal.KeywordExecutor.executeKeywordForPlatform(KeywordExecutor.groovy:74)
	at com.kms.katalon.core.keyword.BuiltinKeywords.callTestCase(BuiltinKeywords.groovy:310)
	at SU-012.run(SU-012:20)
	at com.kms.katalon.core.main.ScriptEngine.run(ScriptEngine.java:194)
	at com.kms.katalon.core.main.ScriptEngine.runScriptAsRawText(ScriptEngine.java:119)
	at com.kms.katalon.core.main.TestCaseExecutor.runScript(TestCaseExecutor.java:448)
	at com.kms.katalon.core.main.TestCaseExecutor.doExecute(TestCaseExecutor.java:439)
	at com.kms.katalon.core.main.TestCaseExecutor.processExecutionPhase(TestCaseExecutor.java:418)
	at com.kms.katalon.core.main.TestCaseExecutor.accessMainPhase(TestCaseExecutor.java:410)
	at com.kms.katalon.core.main.TestCaseExecutor.execute(TestCaseExecutor.java:285)
	at com.kms.katalon.core.common.CommonExecutor.accessTestCaseMainPhase(CommonExecutor.java:65)
	at com.kms.katalon.core.main.TestSuiteExecutor.accessTestSuiteMainPhase(TestSuiteExecutor.java:148)
	at com.kms.katalon.core.main.TestSuiteExecutor.execute(TestSuiteExecutor.java:106)
	at com.kms.katalon.core.main.TestCaseMain.startTestSuite(TestCaseMain.java:187)
	at com.kms.katalon.core.main.TestCaseMain$startTestSuite$0.call(Unknown Source)
	at TempTestSuite1696420804604.run(TempTestSuite1696420804604.groovy:36)
Caused by: com.kms.katalon.core.exception.StepFailedException: Call Test Case 'Test Cases/T13 Pembelian, Shipment dan Pembayaran/PBYA-001' failed
	at com.kms.katalon.core.keyword.builtin.CallTestCaseKeyword$_callTestCase_closure1.doCall(CallTestCaseKeyword.groovy:63)
	at com.kms.katalon.core.keyword.builtin.CallTestCaseKeyword$_callTestCase_closure1.call(CallTestCaseKeyword.groovy)
	at com.kms.katalon.core.keyword.internal.KeywordMain.runKeyword(KeywordMain.groovy:75)
	at com.kms.katalon.core.keyword.builtin.CallTestCaseKeyword.callTestCase(CallTestCaseKeyword.groovy:81)
	at com.kms.katalon.core.keyword.builtin.CallTestCaseKeyword.execute(CallTestCaseKeyword.groovy:44)
	at com.kms.katalon.core.keyword.internal.KeywordExecutor.executeKeywordForPlatform(KeywordExecutor.groovy:74)
	at com.kms.katalon.core.keyword.BuiltinKeywords.callTestCase(BuiltinKeywords.groovy:310)
	at SA-001.run(SA-001:20)
	at com.kms.katalon.core.main.ScriptEngine.run(ScriptEngine.java:194)
	at com.kms.katalon.core.main.ScriptEngine.runScriptAsRawText(ScriptEngine.java:119)
	at com.kms.katalon.core.main.TestCaseExecutor.runScript(TestCaseExecutor.java:448)
	at com.kms.katalon.core.main.TestCaseExecutor.doExecute(TestCaseExecutor.java:439)
	at com.kms.katalon.core.main.TestCaseExecutor.processExecutionPhase(TestCaseExecutor.java:418)
	at com.kms.katalon.core.main.TestCaseExecutor.accessMainPhase(TestCaseExecutor.java:410)
	at com.kms.katalon.core.main.TestCaseExecutor.execute(TestCaseExecutor.java:285)
	at com.kms.katalon.core.main.TestCaseMain.runTestCase(TestCaseMain.java:144)
	at com.kms.katalon.core.keyword.builtin.CallTestCaseKeyword$_callTestCase_closure1.doCall(CallTestCaseKeyword.groovy:59)
	... 52 more
Caused by: com.kms.katalon.core.exception.StepFailedException: Call Test Case 'Test Cases/T13 Pembelian, Shipment dan Pembayaran/PBY-004' failed
	at com.kms.katalon.core.keyword.builtin.CallTestCaseKeyword$_callTestCase_closure1.doCall(CallTestCaseKeyword.groovy:63)
	at com.kms.katalon.core.keyword.builtin.CallTestCaseKeyword$_callTestCase_closure1.call(CallTestCaseKeyword.groovy)
	at com.kms.katalon.core.keyword.internal.KeywordMain.runKeyword(KeywordMain.groovy:75)
	at com.kms.katalon.core.keyword.builtin.CallTestCaseKeyword.callTestCase(CallTestCaseKeyword.groovy:81)
	at com.kms.katalon.core.keyword.builtin.CallTestCaseKeyword.execute(CallTestCaseKeyword.groovy:44)
	at com.kms.katalon.core.keyword.internal.KeywordExecutor.executeKeywordForPlatform(KeywordExecutor.groovy:74)
	at com.kms.katalon.core.keyword.BuiltinKeywords.callTestCase(BuiltinKeywords.groovy:310)
	at PBYA-001.run(PBYA-001:20)
	at com.kms.katalon.core.main.ScriptEngine.run(ScriptEngine.java:194)
	at com.kms.katalon.core.main.ScriptEngine.runScriptAsRawText(ScriptEngine.java:119)
	at com.kms.katalon.core.main.TestCaseExecutor.runScript(TestCaseExecutor.java:448)
	at com.kms.katalon.core.main.TestCaseExecutor.doExecute(TestCaseExecutor.java:439)
	at com.kms.katalon.core.main.TestCaseExecutor.processExecutionPhase(TestCaseExecutor.java:418)
	at com.kms.katalon.core.main.TestCaseExecutor.accessMainPhase(TestCaseExecutor.java:410)
	at com.kms.katalon.core.main.TestCaseExecutor.execute(TestCaseExecutor.java:285)
	at com.kms.katalon.core.main.TestCaseMain.runTestCase(TestCaseMain.java:144)
	at com.kms.katalon.core.keyword.builtin.CallTestCaseKeyword$_callTestCase_closure1.doCall(CallTestCaseKeyword.groovy:59)
	... 68 more
Caused by: com.kms.katalon.core.exception.StepFailedException: Call Test Case 'Test Cases/T13 Pembelian, Shipment dan Pembayaran/PBY-001' failed
	at com.kms.katalon.core.keyword.builtin.CallTestCaseKeyword$_callTestCase_closure1.doCall(CallTestCaseKeyword.groovy:63)
	at com.kms.katalon.core.keyword.builtin.CallTestCaseKeyword$_callTestCase_closure1.call(CallTestCaseKeyword.groovy)
	at com.kms.katalon.core.keyword.internal.KeywordMain.runKeyword(KeywordMain.groovy:75)
	at com.kms.katalon.core.keyword.builtin.CallTestCaseKeyword.callTestCase(CallTestCaseKeyword.groovy:81)
	at com.kms.katalon.core.keyword.builtin.CallTestCaseKeyword.execute(CallTestCaseKeyword.groovy:44)
	at com.kms.katalon.core.keyword.internal.KeywordExecutor.executeKeywordForPlatform(KeywordExecutor.groovy:74)
	at com.kms.katalon.core.keyword.BuiltinKeywords.callTestCase(BuiltinKeywords.groovy:310)
	at PBY-004.run(PBY-004:20)
	at com.kms.katalon.core.main.ScriptEngine.run(ScriptEngine.java:194)
	at com.kms.katalon.core.main.ScriptEngine.runScriptAsRawText(ScriptEngine.java:119)
	at com.kms.katalon.core.main.TestCaseExecutor.runScript(TestCaseExecutor.java:448)
	at com.kms.katalon.core.main.TestCaseExecutor.doExecute(TestCaseExecutor.java:439)
	at com.kms.katalon.core.main.TestCaseExecutor.processExecutionPhase(TestCaseExecutor.java:418)
	at com.kms.katalon.core.main.TestCaseExecutor.accessMainPhase(TestCaseExecutor.java:410)
	at com.kms.katalon.core.main.TestCaseExecutor.execute(TestCaseExecutor.java:285)
	at com.kms.katalon.core.main.TestCaseMain.runTestCase(TestCaseMain.java:144)
	at com.kms.katalon.core.keyword.builtin.CallTestCaseKeyword$_callTestCase_closure1.doCall(CallTestCaseKeyword.groovy:59)
	... 84 more
Caused by: com.kms.katalon.core.exception.StepFailedException: Call Test Case 'Test Cases/T13 Pembelian, Shipment dan Pembayaran/PBL-004' failed
	at com.kms.katalon.core.keyword.builtin.CallTestCaseKeyword$_callTestCase_closure1.doCall(CallTestCaseKeyword.groovy:63)
	at com.kms.katalon.core.keyword.builtin.CallTestCaseKeyword$_callTestCase_closure1.call(CallTestCaseKeyword.groovy)
	at com.kms.katalon.core.keyword.internal.KeywordMain.runKeyword(KeywordMain.groovy:75)
	at com.kms.katalon.core.keyword.builtin.CallTestCaseKeyword.callTestCase(CallTestCaseKeyword.groovy:81)
	at com.kms.katalon.core.keyword.builtin.CallTestCaseKeyword.execute(CallTestCaseKeyword.groovy:44)
	at com.kms.katalon.core.keyword.internal.KeywordExecutor.executeKeywordForPlatform(KeywordExecutor.groovy:74)
	at com.kms.katalon.core.keyword.BuiltinKeywords.callTestCase(BuiltinKeywords.groovy:310)
	at PBY-001.run(PBY-001:20)
	at com.kms.katalon.core.main.ScriptEngine.run(ScriptEngine.java:194)
	at com.kms.katalon.core.main.ScriptEngine.runScriptAsRawText(ScriptEngine.java:119)
	at com.kms.katalon.core.main.TestCaseExecutor.runScript(TestCaseExecutor.java:448)
	at com.kms.katalon.core.main.TestCaseExecutor.doExecute(TestCaseExecutor.java:439)
	at com.kms.katalon.core.main.TestCaseExecutor.processExecutionPhase(TestCaseExecutor.java:418)
	at com.kms.katalon.core.main.TestCaseExecutor.accessMainPhase(TestCaseExecutor.java:410)
	at com.kms.katalon.core.main.TestCaseExecutor.execute(TestCaseExecutor.java:285)
	at com.kms.katalon.core.main.TestCaseMain.runTestCase(TestCaseMain.java:144)
	at com.kms.katalon.core.keyword.builtin.CallTestCaseKeyword$_callTestCase_closure1.doCall(CallTestCaseKeyword.groovy:59)
	... 100 more
Caused by: com.kms.katalon.core.exception.StepFailedException: Call Test Case 'Test Cases/T13 Pembelian, Shipment dan Pembayaran/PBL-002' failed
	at com.kms.katalon.core.keyword.builtin.CallTestCaseKeyword$_callTestCase_closure1.doCall(CallTestCaseKeyword.groovy:63)
	at com.kms.katalon.core.keyword.builtin.CallTestCaseKeyword$_callTestCase_closure1.call(CallTestCaseKeyword.groovy)
	at com.kms.katalon.core.keyword.internal.KeywordMain.runKeyword(KeywordMain.groovy:75)
	at com.kms.katalon.core.keyword.builtin.CallTestCaseKeyword.callTestCase(CallTestCaseKeyword.groovy:81)
	at com.kms.katalon.core.keyword.builtin.CallTestCaseKeyword.execute(CallTestCaseKeyword.groovy:44)
	at com.kms.katalon.core.keyword.internal.KeywordExecutor.executeKeywordForPlatform(KeywordExecutor.groovy:74)
	at com.kms.katalon.core.keyword.BuiltinKeywords.callTestCase(BuiltinKeywords.groovy:310)
	at PBL-004.run(PBL-004:20)
	at com.kms.katalon.core.main.ScriptEngine.run(ScriptEngine.java:194)
	at com.kms.katalon.core.main.ScriptEngine.runScriptAsRawText(ScriptEngine.java:119)
	at com.kms.katalon.core.main.TestCaseExecutor.runScript(TestCaseExecutor.java:448)
	at com.kms.katalon.core.main.TestCaseExecutor.doExecute(TestCaseExecutor.java:439)
	at com.kms.katalon.core.main.TestCaseExecutor.processExecutionPhase(TestCaseExecutor.java:418)
	at com.kms.katalon.core.main.TestCaseExecutor.accessMainPhase(TestCaseExecutor.java:410)
	at com.kms.katalon.core.main.TestCaseExecutor.execute(TestCaseExecutor.java:285)
	at com.kms.katalon.core.main.TestCaseMain.runTestCase(TestCaseMain.java:144)
	at com.kms.katalon.core.keyword.builtin.CallTestCaseKeyword$_callTestCase_closure1.doCall(CallTestCaseKeyword.groovy:59)
	... 116 more
Caused by: com.kms.katalon.core.exception.StepFailedException: Unable to get text of object 'Object Repository/verifikasi/Harga Keranjang'
	at com.kms.katalon.core.webui.keyword.internal.WebUIKeywordMain.stepFailed(WebUIKeywordMain.groovy:64)
	at com.kms.katalon.core.webui.keyword.internal.WebUIKeywordMain.runKeyword(WebUIKeywordMain.groovy:26)
	at com.kms.katalon.core.webui.keyword.builtin.GetTextKeyword.getText(GetTextKeyword.groovy:88)
	at com.kms.katalon.core.webui.keyword.builtin.GetTextKeyword.execute(GetTextKeyword.groovy:67)
	at com.kms.katalon.core.keyword.internal.KeywordExecutor.executeKeywordForPlatform(KeywordExecutor.groovy:74)
	at com.kms.katalon.core.webui.keyword.WebUiBuiltInKeywords.getText(WebUiBuiltInKeywords.groovy:918)
	at com.kms.katalon.core.webui.keyword.WebUiBuiltInKeywords$getText$5.call(Unknown Source)
	at PBL-002.run(PBL-002:31)
	at com.kms.katalon.core.main.ScriptEngine.run(ScriptEngine.java:194)
	at com.kms.katalon.core.main.ScriptEngine.runScriptAsRawText(ScriptEngine.java:119)
	at com.kms.katalon.core.main.TestCaseExecutor.runScript(TestCaseExecutor.java:448)
	at com.kms.katalon.core.main.TestCaseExecutor.doExecute(TestCaseExecutor.java:439)
	at com.kms.katalon.core.main.TestCaseExecutor.processExecutionPhase(TestCaseExecutor.java:418)
	at com.kms.katalon.core.main.TestCaseExecutor.accessMainPhase(TestCaseExecutor.java:410)
	at com.kms.katalon.core.main.TestCaseExecutor.execute(TestCaseExecutor.java:285)
	at com.kms.katalon.core.main.TestCaseMain.runTestCase(TestCaseMain.java:144)
	at com.kms.katalon.core.keyword.builtin.CallTestCaseKeyword$_callTestCase_closure1.doCall(CallTestCaseKeyword.groovy:59)
	... 132 more
Caused by: com.kms.katalon.core.webui.exception.WebElementNotFoundException: Web element with id: 'Object Repository/verifikasi/Harga Keranjang' located by '(.//*[normalize-space(text()) and normalize-space(.)='Qty.'])[4]/following::b[1]' not found
	at com.kms.katalon.core.webui.common.WebUiCommonHelper.findWebElement(WebUiCommonHelper.java:1381)
	at com.kms.katalon.core.webui.keyword.internal.WebUIAbstractKeyword.findWebElement(WebUIAbstractKeyword.groovy:27)
	at com.kms.katalon.core.webui.keyword.internal.WebUIAbstractKeyword.findWebElement(WebUIAbstractKeyword.groovy:26)
	at com.kms.katalon.core.webui.keyword.builtin.GetTextKeyword$_getText_closure1.doCall(GetTextKeyword.groovy:78)
	at com.kms.katalon.core.webui.keyword.builtin.GetTextKeyword$_getText_closure1.call(GetTextKeyword.groovy)
	at com.kms.katalon.core.webui.keyword.internal.WebUIKeywordMain.runKeyword(WebUIKeywordMain.groovy:20)
	... 147 more
)

2023-10-04 19:59:04 - [MESSAGE][FAILED] - Unable to call Test Case 'Test Cases/T13 Pembelian, Shipment dan Pembayaran/SA-002' (Root cause: com.kms.katalon.core.exception.StepFailedException: Call Test Case 'Test Cases/T13 Pembelian, Shipment dan Pembayaran/SA-002' failed
	at com.kms.katalon.core.keyword.builtin.CallTestCaseKeyword$_callTestCase_closure1.doCall(CallTestCaseKeyword.groovy:63)
	at com.kms.katalon.core.keyword.builtin.CallTestCaseKeyword$_callTestCase_closure1.call(CallTestCaseKeyword.groovy)
	at com.kms.katalon.core.keyword.internal.KeywordMain.runKeyword(KeywordMain.groovy:75)
	at com.kms.katalon.core.keyword.builtin.CallTestCaseKeyword.callTestCase(CallTestCaseKeyword.groovy:81)
	at com.kms.katalon.core.keyword.builtin.CallTestCaseKeyword.execute(CallTestCaseKeyword.groovy:44)
	at com.kms.katalon.core.keyword.internal.KeywordExecutor.executeKeywordForPlatform(KeywordExecutor.groovy:74)
	at com.kms.katalon.core.keyword.BuiltinKeywords.callTestCase(BuiltinKeywords.groovy:310)
	at SA-005.run(SA-005:20)
	at com.kms.katalon.core.main.ScriptEngine.run(ScriptEngine.java:194)
	at com.kms.katalon.core.main.ScriptEngine.runScriptAsRawText(ScriptEngine.java:119)
	at com.kms.katalon.core.main.TestCaseExecutor.runScript(TestCaseExecutor.java:448)
	at com.kms.katalon.core.main.TestCaseExecutor.doExecute(TestCaseExecutor.java:439)
	at com.kms.katalon.core.main.TestCaseExecutor.processExecutionPhase(TestCaseExecutor.java:418)
	at com.kms.katalon.core.main.TestCaseExecutor.accessMainPhase(TestCaseExecutor.java:410)
	at com.kms.katalon.core.main.TestCaseExecutor.execute(TestCaseExecutor.java:285)
	at com.kms.katalon.core.main.TestCaseMain.runTestCase(TestCaseMain.java:144)
	at com.kms.katalon.core.keyword.builtin.CallTestCaseKeyword$_callTestCase_closure1.doCall(CallTestCaseKeyword.groovy:59)
	at com.kms.katalon.core.keyword.builtin.CallTestCaseKeyword$_callTestCase_closure1.call(CallTestCaseKeyword.groovy)
	at com.kms.katalon.core.keyword.internal.KeywordMain.runKeyword(KeywordMain.groovy:75)
	at com.kms.katalon.core.keyword.builtin.CallTestCaseKeyword.callTestCase(CallTestCaseKeyword.groovy:81)
	at com.kms.katalon.core.keyword.builtin.CallTestCaseKeyword.execute(CallTestCaseKeyword.groovy:44)
	at com.kms.katalon.core.keyword.internal.KeywordExecutor.executeKeywordForPlatform(KeywordExecutor.groovy:74)
	at com.kms.katalon.core.keyword.BuiltinKeywords.callTestCase(BuiltinKeywords.groovy:310)
	at SU-012.run(SU-012:20)
	at com.kms.katalon.core.main.ScriptEngine.run(ScriptEngine.java:194)
	at com.kms.katalon.core.main.ScriptEngine.runScriptAsRawText(ScriptEngine.java:119)
	at com.kms.katalon.core.main.TestCaseExecutor.runScript(TestCaseExecutor.java:448)
	at com.kms.katalon.core.main.TestCaseExecutor.doExecute(TestCaseExecutor.java:439)
	at com.kms.katalon.core.main.TestCaseExecutor.processExecutionPhase(TestCaseExecutor.java:418)
	at com.kms.katalon.core.main.TestCaseExecutor.accessMainPhase(TestCaseExecutor.java:410)
	at com.kms.katalon.core.main.TestCaseExecutor.execute(TestCaseExecutor.java:285)
	at com.kms.katalon.core.common.CommonExecutor.accessTestCaseMainPhase(CommonExecutor.java:65)
	at com.kms.katalon.core.main.TestSuiteExecutor.accessTestSuiteMainPhase(TestSuiteExecutor.java:148)
	at com.kms.katalon.core.main.TestSuiteExecutor.execute(TestSuiteExecutor.java:106)
	at com.kms.katalon.core.main.TestCaseMain.startTestSuite(TestCaseMain.java:187)
	at com.kms.katalon.core.main.TestCaseMain$startTestSuite$0.call(Unknown Source)
	at TempTestSuite1696420804604.run(TempTestSuite1696420804604.groovy:36)
Caused by: com.kms.katalon.core.exception.StepFailedException: Call Test Case 'Test Cases/T13 Pembelian, Shipment dan Pembayaran/SA-001' failed
	at com.kms.katalon.core.keyword.builtin.CallTestCaseKeyword$_callTestCase_closure1.doCall(CallTestCaseKeyword.groovy:63)
	at com.kms.katalon.core.keyword.builtin.CallTestCaseKeyword$_callTestCase_closure1.call(CallTestCaseKeyword.groovy)
	at com.kms.katalon.core.keyword.internal.KeywordMain.runKeyword(KeywordMain.groovy:75)
	at com.kms.katalon.core.keyword.builtin.CallTestCaseKeyword.callTestCase(CallTestCaseKeyword.groovy:81)
	at com.kms.katalon.core.keyword.builtin.CallTestCaseKeyword.execute(CallTestCaseKeyword.groovy:44)
	at com.kms.katalon.core.keyword.internal.KeywordExecutor.executeKeywordForPlatform(KeywordExecutor.groovy:74)
	at com.kms.katalon.core.keyword.BuiltinKeywords.callTestCase(BuiltinKeywords.groovy:310)
	at SA-002.run(SA-002:20)
	at com.kms.katalon.core.main.ScriptEngine.run(ScriptEngine.java:194)
	at com.kms.katalon.core.main.ScriptEngine.runScriptAsRawText(ScriptEngine.java:119)
	at com.kms.katalon.core.main.TestCaseExecutor.runScript(TestCaseExecutor.java:448)
	at com.kms.katalon.core.main.TestCaseExecutor.doExecute(TestCaseExecutor.java:439)
	at com.kms.katalon.core.main.TestCaseExecutor.processExecutionPhase(TestCaseExecutor.java:418)
	at com.kms.katalon.core.main.TestCaseExecutor.accessMainPhase(TestCaseExecutor.java:410)
	at com.kms.katalon.core.main.TestCaseExecutor.execute(TestCaseExecutor.java:285)
	at com.kms.katalon.core.main.TestCaseMain.runTestCase(TestCaseMain.java:144)
	at com.kms.katalon.core.keyword.builtin.CallTestCaseKeyword$_callTestCase_closure1.doCall(CallTestCaseKeyword.groovy:59)
	... 36 more
Caused by: com.kms.katalon.core.exception.StepFailedException: Call Test Case 'Test Cases/T13 Pembelian, Shipment dan Pembayaran/PBYA-001' failed
	at com.kms.katalon.core.keyword.builtin.CallTestCaseKeyword$_callTestCase_closure1.doCall(CallTestCaseKeyword.groovy:63)
	at com.kms.katalon.core.keyword.builtin.CallTestCaseKeyword$_callTestCase_closure1.call(CallTestCaseKeyword.groovy)
	at com.kms.katalon.core.keyword.internal.KeywordMain.runKeyword(KeywordMain.groovy:75)
	at com.kms.katalon.core.keyword.builtin.CallTestCaseKeyword.callTestCase(CallTestCaseKeyword.groovy:81)
	at com.kms.katalon.core.keyword.builtin.CallTestCaseKeyword.execute(CallTestCaseKeyword.groovy:44)
	at com.kms.katalon.core.keyword.internal.KeywordExecutor.executeKeywordForPlatform(KeywordExecutor.groovy:74)
	at com.kms.katalon.core.keyword.BuiltinKeywords.callTestCase(BuiltinKeywords.groovy:310)
	at SA-001.run(SA-001:20)
	at com.kms.katalon.core.main.ScriptEngine.run(ScriptEngine.java:194)
	at com.kms.katalon.core.main.ScriptEngine.runScriptAsRawText(ScriptEngine.java:119)
	at com.kms.katalon.core.main.TestCaseExecutor.runScript(TestCaseExecutor.java:448)
	at com.kms.katalon.core.main.TestCaseExecutor.doExecute(TestCaseExecutor.java:439)
	at com.kms.katalon.core.main.TestCaseExecutor.processExecutionPhase(TestCaseExecutor.java:418)
	at com.kms.katalon.core.main.TestCaseExecutor.accessMainPhase(TestCaseExecutor.java:410)
	at com.kms.katalon.core.main.TestCaseExecutor.execute(TestCaseExecutor.java:285)
	at com.kms.katalon.core.main.TestCaseMain.runTestCase(TestCaseMain.java:144)
	at com.kms.katalon.core.keyword.builtin.CallTestCaseKeyword$_callTestCase_closure1.doCall(CallTestCaseKeyword.groovy:59)
	... 52 more
Caused by: com.kms.katalon.core.exception.StepFailedException: Call Test Case 'Test Cases/T13 Pembelian, Shipment dan Pembayaran/PBY-004' failed
	at com.kms.katalon.core.keyword.builtin.CallTestCaseKeyword$_callTestCase_closure1.doCall(CallTestCaseKeyword.groovy:63)
	at com.kms.katalon.core.keyword.builtin.CallTestCaseKeyword$_callTestCase_closure1.call(CallTestCaseKeyword.groovy)
	at com.kms.katalon.core.keyword.internal.KeywordMain.runKeyword(KeywordMain.groovy:75)
	at com.kms.katalon.core.keyword.builtin.CallTestCaseKeyword.callTestCase(CallTestCaseKeyword.groovy:81)
	at com.kms.katalon.core.keyword.builtin.CallTestCaseKeyword.execute(CallTestCaseKeyword.groovy:44)
	at com.kms.katalon.core.keyword.internal.KeywordExecutor.executeKeywordForPlatform(KeywordExecutor.groovy:74)
	at com.kms.katalon.core.keyword.BuiltinKeywords.callTestCase(BuiltinKeywords.groovy:310)
	at PBYA-001.run(PBYA-001:20)
	at com.kms.katalon.core.main.ScriptEngine.run(ScriptEngine.java:194)
	at com.kms.katalon.core.main.ScriptEngine.runScriptAsRawText(ScriptEngine.java:119)
	at com.kms.katalon.core.main.TestCaseExecutor.runScript(TestCaseExecutor.java:448)
	at com.kms.katalon.core.main.TestCaseExecutor.doExecute(TestCaseExecutor.java:439)
	at com.kms.katalon.core.main.TestCaseExecutor.processExecutionPhase(TestCaseExecutor.java:418)
	at com.kms.katalon.core.main.TestCaseExecutor.accessMainPhase(TestCaseExecutor.java:410)
	at com.kms.katalon.core.main.TestCaseExecutor.execute(TestCaseExecutor.java:285)
	at com.kms.katalon.core.main.TestCaseMain.runTestCase(TestCaseMain.java:144)
	at com.kms.katalon.core.keyword.builtin.CallTestCaseKeyword$_callTestCase_closure1.doCall(CallTestCaseKeyword.groovy:59)
	... 68 more
Caused by: com.kms.katalon.core.exception.StepFailedException: Call Test Case 'Test Cases/T13 Pembelian, Shipment dan Pembayaran/PBY-001' failed
	at com.kms.katalon.core.keyword.builtin.CallTestCaseKeyword$_callTestCase_closure1.doCall(CallTestCaseKeyword.groovy:63)
	at com.kms.katalon.core.keyword.builtin.CallTestCaseKeyword$_callTestCase_closure1.call(CallTestCaseKeyword.groovy)
	at com.kms.katalon.core.keyword.internal.KeywordMain.runKeyword(KeywordMain.groovy:75)
	at com.kms.katalon.core.keyword.builtin.CallTestCaseKeyword.callTestCase(CallTestCaseKeyword.groovy:81)
	at com.kms.katalon.core.keyword.builtin.CallTestCaseKeyword.execute(CallTestCaseKeyword.groovy:44)
	at com.kms.katalon.core.keyword.internal.KeywordExecutor.executeKeywordForPlatform(KeywordExecutor.groovy:74)
	at com.kms.katalon.core.keyword.BuiltinKeywords.callTestCase(BuiltinKeywords.groovy:310)
	at PBY-004.run(PBY-004:20)
	at com.kms.katalon.core.main.ScriptEngine.run(ScriptEngine.java:194)
	at com.kms.katalon.core.main.ScriptEngine.runScriptAsRawText(ScriptEngine.java:119)
	at com.kms.katalon.core.main.TestCaseExecutor.runScript(TestCaseExecutor.java:448)
	at com.kms.katalon.core.main.TestCaseExecutor.doExecute(TestCaseExecutor.java:439)
	at com.kms.katalon.core.main.TestCaseExecutor.processExecutionPhase(TestCaseExecutor.java:418)
	at com.kms.katalon.core.main.TestCaseExecutor.accessMainPhase(TestCaseExecutor.java:410)
	at com.kms.katalon.core.main.TestCaseExecutor.execute(TestCaseExecutor.java:285)
	at com.kms.katalon.core.main.TestCaseMain.runTestCase(TestCaseMain.java:144)
	at com.kms.katalon.core.keyword.builtin.CallTestCaseKeyword$_callTestCase_closure1.doCall(CallTestCaseKeyword.groovy:59)
	... 84 more
Caused by: com.kms.katalon.core.exception.StepFailedException: Call Test Case 'Test Cases/T13 Pembelian, Shipment dan Pembayaran/PBL-004' failed
	at com.kms.katalon.core.keyword.builtin.CallTestCaseKeyword$_callTestCase_closure1.doCall(CallTestCaseKeyword.groovy:63)
	at com.kms.katalon.core.keyword.builtin.CallTestCaseKeyword$_callTestCase_closure1.call(CallTestCaseKeyword.groovy)
	at com.kms.katalon.core.keyword.internal.KeywordMain.runKeyword(KeywordMain.groovy:75)
	at com.kms.katalon.core.keyword.builtin.CallTestCaseKeyword.callTestCase(CallTestCaseKeyword.groovy:81)
	at com.kms.katalon.core.keyword.builtin.CallTestCaseKeyword.execute(CallTestCaseKeyword.groovy:44)
	at com.kms.katalon.core.keyword.internal.KeywordExecutor.executeKeywordForPlatform(KeywordExecutor.groovy:74)
	at com.kms.katalon.core.keyword.BuiltinKeywords.callTestCase(BuiltinKeywords.groovy:310)
	at PBY-001.run(PBY-001:20)
	at com.kms.katalon.core.main.ScriptEngine.run(ScriptEngine.java:194)
	at com.kms.katalon.core.main.ScriptEngine.runScriptAsRawText(ScriptEngine.java:119)
	at com.kms.katalon.core.main.TestCaseExecutor.runScript(TestCaseExecutor.java:448)
	at com.kms.katalon.core.main.TestCaseExecutor.doExecute(TestCaseExecutor.java:439)
	at com.kms.katalon.core.main.TestCaseExecutor.processExecutionPhase(TestCaseExecutor.java:418)
	at com.kms.katalon.core.main.TestCaseExecutor.accessMainPhase(TestCaseExecutor.java:410)
	at com.kms.katalon.core.main.TestCaseExecutor.execute(TestCaseExecutor.java:285)
	at com.kms.katalon.core.main.TestCaseMain.runTestCase(TestCaseMain.java:144)
	at com.kms.katalon.core.keyword.builtin.CallTestCaseKeyword$_callTestCase_closure1.doCall(CallTestCaseKeyword.groovy:59)
	... 100 more
Caused by: com.kms.katalon.core.exception.StepFailedException: Call Test Case 'Test Cases/T13 Pembelian, Shipment dan Pembayaran/PBL-002' failed
	at com.kms.katalon.core.keyword.builtin.CallTestCaseKeyword$_callTestCase_closure1.doCall(CallTestCaseKeyword.groovy:63)
	at com.kms.katalon.core.keyword.builtin.CallTestCaseKeyword$_callTestCase_closure1.call(CallTestCaseKeyword.groovy)
	at com.kms.katalon.core.keyword.internal.KeywordMain.runKeyword(KeywordMain.groovy:75)
	at com.kms.katalon.core.keyword.builtin.CallTestCaseKeyword.callTestCase(CallTestCaseKeyword.groovy:81)
	at com.kms.katalon.core.keyword.builtin.CallTestCaseKeyword.execute(CallTestCaseKeyword.groovy:44)
	at com.kms.katalon.core.keyword.internal.KeywordExecutor.executeKeywordForPlatform(KeywordExecutor.groovy:74)
	at com.kms.katalon.core.keyword.BuiltinKeywords.callTestCase(BuiltinKeywords.groovy:310)
	at PBL-004.run(PBL-004:20)
	at com.kms.katalon.core.main.ScriptEngine.run(ScriptEngine.java:194)
	at com.kms.katalon.core.main.ScriptEngine.runScriptAsRawText(ScriptEngine.java:119)
	at com.kms.katalon.core.main.TestCaseExecutor.runScript(TestCaseExecutor.java:448)
	at com.kms.katalon.core.main.TestCaseExecutor.doExecute(TestCaseExecutor.java:439)
	at com.kms.katalon.core.main.TestCaseExecutor.processExecutionPhase(TestCaseExecutor.java:418)
	at com.kms.katalon.core.main.TestCaseExecutor.accessMainPhase(TestCaseExecutor.java:410)
	at com.kms.katalon.core.main.TestCaseExecutor.execute(TestCaseExecutor.java:285)
	at com.kms.katalon.core.main.TestCaseMain.runTestCase(TestCaseMain.java:144)
	at com.kms.katalon.core.keyword.builtin.CallTestCaseKeyword$_callTestCase_closure1.doCall(CallTestCaseKeyword.groovy:59)
	... 116 more
Caused by: com.kms.katalon.core.exception.StepFailedException: Unable to get text of object 'Object Repository/verifikasi/Harga Keranjang'
	at com.kms.katalon.core.webui.keyword.internal.WebUIKeywordMain.stepFailed(WebUIKeywordMain.groovy:64)
	at com.kms.katalon.core.webui.keyword.internal.WebUIKeywordMain.runKeyword(WebUIKeywordMain.groovy:26)
	at com.kms.katalon.core.webui.keyword.builtin.GetTextKeyword.getText(GetTextKeyword.groovy:88)
	at com.kms.katalon.core.webui.keyword.builtin.GetTextKeyword.execute(GetTextKeyword.groovy:67)
	at com.kms.katalon.core.keyword.internal.KeywordExecutor.executeKeywordForPlatform(KeywordExecutor.groovy:74)
	at com.kms.katalon.core.webui.keyword.WebUiBuiltInKeywords.getText(WebUiBuiltInKeywords.groovy:918)
	at com.kms.katalon.core.webui.keyword.WebUiBuiltInKeywords$getText$5.call(Unknown Source)
	at PBL-002.run(PBL-002:31)
	at com.kms.katalon.core.main.ScriptEngine.run(ScriptEngine.java:194)
	at com.kms.katalon.core.main.ScriptEngine.runScriptAsRawText(ScriptEngine.java:119)
	at com.kms.katalon.core.main.TestCaseExecutor.runScript(TestCaseExecutor.java:448)
	at com.kms.katalon.core.main.TestCaseExecutor.doExecute(TestCaseExecutor.java:439)
	at com.kms.katalon.core.main.TestCaseExecutor.processExecutionPhase(TestCaseExecutor.java:418)
	at com.kms.katalon.core.main.TestCaseExecutor.accessMainPhase(TestCaseExecutor.java:410)
	at com.kms.katalon.core.main.TestCaseExecutor.execute(TestCaseExecutor.java:285)
	at com.kms.katalon.core.main.TestCaseMain.runTestCase(TestCaseMain.java:144)
	at com.kms.katalon.core.keyword.builtin.CallTestCaseKeyword$_callTestCase_closure1.doCall(CallTestCaseKeyword.groovy:59)
	... 132 more
Caused by: com.kms.katalon.core.webui.exception.WebElementNotFoundException: Web element with id: 'Object Repository/verifikasi/Harga Keranjang' located by '(.//*[normalize-space(text()) and normalize-space(.)='Qty.'])[4]/following::b[1]' not found
	at com.kms.katalon.core.webui.common.WebUiCommonHelper.findWebElement(WebUiCommonHelper.java:1381)
	at com.kms.katalon.core.webui.keyword.internal.WebUIAbstractKeyword.findWebElement(WebUIAbstractKeyword.groovy:27)
	at com.kms.katalon.core.webui.keyword.internal.WebUIAbstractKeyword.findWebElement(WebUIAbstractKeyword.groovy:26)
	at com.kms.katalon.core.webui.keyword.builtin.GetTextKeyword$_getText_closure1.doCall(GetTextKeyword.groovy:78)
	at com.kms.katalon.core.webui.keyword.builtin.GetTextKeyword$_getText_closure1.call(GetTextKeyword.groovy)
	at com.kms.katalon.core.webui.keyword.internal.WebUIKeywordMain.runKeyword(WebUIKeywordMain.groovy:20)
	... 147 more
)

2023-10-04 19:59:04 - [MESSAGE][FAILED] - Unable to call Test Case 'Test Cases/T13 Pembelian, Shipment dan Pembayaran/SA-005' (Root cause: com.kms.katalon.core.exception.StepFailedException: Call Test Case 'Test Cases/T13 Pembelian, Shipment dan Pembayaran/SA-005' failed
	at com.kms.katalon.core.keyword.builtin.CallTestCaseKeyword$_callTestCase_closure1.doCall(CallTestCaseKeyword.groovy:63)
	at com.kms.katalon.core.keyword.builtin.CallTestCaseKeyword$_callTestCase_closure1.call(CallTestCaseKeyword.groovy)
	at com.kms.katalon.core.keyword.internal.KeywordMain.runKeyword(KeywordMain.groovy:75)
	at com.kms.katalon.core.keyword.builtin.CallTestCaseKeyword.callTestCase(CallTestCaseKeyword.groovy:81)
	at com.kms.katalon.core.keyword.builtin.CallTestCaseKeyword.execute(CallTestCaseKeyword.groovy:44)
	at com.kms.katalon.core.keyword.internal.KeywordExecutor.executeKeywordForPlatform(KeywordExecutor.groovy:74)
	at com.kms.katalon.core.keyword.BuiltinKeywords.callTestCase(BuiltinKeywords.groovy:310)
	at SU-012.run(SU-012:20)
	at com.kms.katalon.core.main.ScriptEngine.run(ScriptEngine.java:194)
	at com.kms.katalon.core.main.ScriptEngine.runScriptAsRawText(ScriptEngine.java:119)
	at com.kms.katalon.core.main.TestCaseExecutor.runScript(TestCaseExecutor.java:448)
	at com.kms.katalon.core.main.TestCaseExecutor.doExecute(TestCaseExecutor.java:439)
	at com.kms.katalon.core.main.TestCaseExecutor.processExecutionPhase(TestCaseExecutor.java:418)
	at com.kms.katalon.core.main.TestCaseExecutor.accessMainPhase(TestCaseExecutor.java:410)
	at com.kms.katalon.core.main.TestCaseExecutor.execute(TestCaseExecutor.java:285)
	at com.kms.katalon.core.common.CommonExecutor.accessTestCaseMainPhase(CommonExecutor.java:65)
	at com.kms.katalon.core.main.TestSuiteExecutor.accessTestSuiteMainPhase(TestSuiteExecutor.java:148)
	at com.kms.katalon.core.main.TestSuiteExecutor.execute(TestSuiteExecutor.java:106)
	at com.kms.katalon.core.main.TestCaseMain.startTestSuite(TestCaseMain.java:187)
	at com.kms.katalon.core.main.TestCaseMain$startTestSuite$0.call(Unknown Source)
	at TempTestSuite1696420804604.run(TempTestSuite1696420804604.groovy:36)
Caused by: com.kms.katalon.core.exception.StepFailedException: Call Test Case 'Test Cases/T13 Pembelian, Shipment dan Pembayaran/SA-002' failed
	at com.kms.katalon.core.keyword.builtin.CallTestCaseKeyword$_callTestCase_closure1.doCall(CallTestCaseKeyword.groovy:63)
	at com.kms.katalon.core.keyword.builtin.CallTestCaseKeyword$_callTestCase_closure1.call(CallTestCaseKeyword.groovy)
	at com.kms.katalon.core.keyword.internal.KeywordMain.runKeyword(KeywordMain.groovy:75)
	at com.kms.katalon.core.keyword.builtin.CallTestCaseKeyword.callTestCase(CallTestCaseKeyword.groovy:81)
	at com.kms.katalon.core.keyword.builtin.CallTestCaseKeyword.execute(CallTestCaseKeyword.groovy:44)
	at com.kms.katalon.core.keyword.internal.KeywordExecutor.executeKeywordForPlatform(KeywordExecutor.groovy:74)
	at com.kms.katalon.core.keyword.BuiltinKeywords.callTestCase(BuiltinKeywords.groovy:310)
	at SA-005.run(SA-005:20)
	at com.kms.katalon.core.main.ScriptEngine.run(ScriptEngine.java:194)
	at com.kms.katalon.core.main.ScriptEngine.runScriptAsRawText(ScriptEngine.java:119)
	at com.kms.katalon.core.main.TestCaseExecutor.runScript(TestCaseExecutor.java:448)
	at com.kms.katalon.core.main.TestCaseExecutor.doExecute(TestCaseExecutor.java:439)
	at com.kms.katalon.core.main.TestCaseExecutor.processExecutionPhase(TestCaseExecutor.java:418)
	at com.kms.katalon.core.main.TestCaseExecutor.accessMainPhase(TestCaseExecutor.java:410)
	at com.kms.katalon.core.main.TestCaseExecutor.execute(TestCaseExecutor.java:285)
	at com.kms.katalon.core.main.TestCaseMain.runTestCase(TestCaseMain.java:144)
	at com.kms.katalon.core.keyword.builtin.CallTestCaseKeyword$_callTestCase_closure1.doCall(CallTestCaseKeyword.groovy:59)
	... 20 more
Caused by: com.kms.katalon.core.exception.StepFailedException: Call Test Case 'Test Cases/T13 Pembelian, Shipment dan Pembayaran/SA-001' failed
	at com.kms.katalon.core.keyword.builtin.CallTestCaseKeyword$_callTestCase_closure1.doCall(CallTestCaseKeyword.groovy:63)
	at com.kms.katalon.core.keyword.builtin.CallTestCaseKeyword$_callTestCase_closure1.call(CallTestCaseKeyword.groovy)
	at com.kms.katalon.core.keyword.internal.KeywordMain.runKeyword(KeywordMain.groovy:75)
	at com.kms.katalon.core.keyword.builtin.CallTestCaseKeyword.callTestCase(CallTestCaseKeyword.groovy:81)
	at com.kms.katalon.core.keyword.builtin.CallTestCaseKeyword.execute(CallTestCaseKeyword.groovy:44)
	at com.kms.katalon.core.keyword.internal.KeywordExecutor.executeKeywordForPlatform(KeywordExecutor.groovy:74)
	at com.kms.katalon.core.keyword.BuiltinKeywords.callTestCase(BuiltinKeywords.groovy:310)
	at SA-002.run(SA-002:20)
	at com.kms.katalon.core.main.ScriptEngine.run(ScriptEngine.java:194)
	at com.kms.katalon.core.main.ScriptEngine.runScriptAsRawText(ScriptEngine.java:119)
	at com.kms.katalon.core.main.TestCaseExecutor.runScript(TestCaseExecutor.java:448)
	at com.kms.katalon.core.main.TestCaseExecutor.doExecute(TestCaseExecutor.java:439)
	at com.kms.katalon.core.main.TestCaseExecutor.processExecutionPhase(TestCaseExecutor.java:418)
	at com.kms.katalon.core.main.TestCaseExecutor.accessMainPhase(TestCaseExecutor.java:410)
	at com.kms.katalon.core.main.TestCaseExecutor.execute(TestCaseExecutor.java:285)
	at com.kms.katalon.core.main.TestCaseMain.runTestCase(TestCaseMain.java:144)
	at com.kms.katalon.core.keyword.builtin.CallTestCaseKeyword$_callTestCase_closure1.doCall(CallTestCaseKeyword.groovy:59)
	... 36 more
Caused by: com.kms.katalon.core.exception.StepFailedException: Call Test Case 'Test Cases/T13 Pembelian, Shipment dan Pembayaran/PBYA-001' failed
	at com.kms.katalon.core.keyword.builtin.CallTestCaseKeyword$_callTestCase_closure1.doCall(CallTestCaseKeyword.groovy:63)
	at com.kms.katalon.core.keyword.builtin.CallTestCaseKeyword$_callTestCase_closure1.call(CallTestCaseKeyword.groovy)
	at com.kms.katalon.core.keyword.internal.KeywordMain.runKeyword(KeywordMain.groovy:75)
	at com.kms.katalon.core.keyword.builtin.CallTestCaseKeyword.callTestCase(CallTestCaseKeyword.groovy:81)
	at com.kms.katalon.core.keyword.builtin.CallTestCaseKeyword.execute(CallTestCaseKeyword.groovy:44)
	at com.kms.katalon.core.keyword.internal.KeywordExecutor.executeKeywordForPlatform(KeywordExecutor.groovy:74)
	at com.kms.katalon.core.keyword.BuiltinKeywords.callTestCase(BuiltinKeywords.groovy:310)
	at SA-001.run(SA-001:20)
	at com.kms.katalon.core.main.ScriptEngine.run(ScriptEngine.java:194)
	at com.kms.katalon.core.main.ScriptEngine.runScriptAsRawText(ScriptEngine.java:119)
	at com.kms.katalon.core.main.TestCaseExecutor.runScript(TestCaseExecutor.java:448)
	at com.kms.katalon.core.main.TestCaseExecutor.doExecute(TestCaseExecutor.java:439)
	at com.kms.katalon.core.main.TestCaseExecutor.processExecutionPhase(TestCaseExecutor.java:418)
	at com.kms.katalon.core.main.TestCaseExecutor.accessMainPhase(TestCaseExecutor.java:410)
	at com.kms.katalon.core.main.TestCaseExecutor.execute(TestCaseExecutor.java:285)
	at com.kms.katalon.core.main.TestCaseMain.runTestCase(TestCaseMain.java:144)
	at com.kms.katalon.core.keyword.builtin.CallTestCaseKeyword$_callTestCase_closure1.doCall(CallTestCaseKeyword.groovy:59)
	... 52 more
Caused by: com.kms.katalon.core.exception.StepFailedException: Call Test Case 'Test Cases/T13 Pembelian, Shipment dan Pembayaran/PBY-004' failed
	at com.kms.katalon.core.keyword.builtin.CallTestCaseKeyword$_callTestCase_closure1.doCall(CallTestCaseKeyword.groovy:63)
	at com.kms.katalon.core.keyword.builtin.CallTestCaseKeyword$_callTestCase_closure1.call(CallTestCaseKeyword.groovy)
	at com.kms.katalon.core.keyword.internal.KeywordMain.runKeyword(KeywordMain.groovy:75)
	at com.kms.katalon.core.keyword.builtin.CallTestCaseKeyword.callTestCase(CallTestCaseKeyword.groovy:81)
	at com.kms.katalon.core.keyword.builtin.CallTestCaseKeyword.execute(CallTestCaseKeyword.groovy:44)
	at com.kms.katalon.core.keyword.internal.KeywordExecutor.executeKeywordForPlatform(KeywordExecutor.groovy:74)
	at com.kms.katalon.core.keyword.BuiltinKeywords.callTestCase(BuiltinKeywords.groovy:310)
	at PBYA-001.run(PBYA-001:20)
	at com.kms.katalon.core.main.ScriptEngine.run(ScriptEngine.java:194)
	at com.kms.katalon.core.main.ScriptEngine.runScriptAsRawText(ScriptEngine.java:119)
	at com.kms.katalon.core.main.TestCaseExecutor.runScript(TestCaseExecutor.java:448)
	at com.kms.katalon.core.main.TestCaseExecutor.doExecute(TestCaseExecutor.java:439)
	at com.kms.katalon.core.main.TestCaseExecutor.processExecutionPhase(TestCaseExecutor.java:418)
	at com.kms.katalon.core.main.TestCaseExecutor.accessMainPhase(TestCaseExecutor.java:410)
	at com.kms.katalon.core.main.TestCaseExecutor.execute(TestCaseExecutor.java:285)
	at com.kms.katalon.core.main.TestCaseMain.runTestCase(TestCaseMain.java:144)
	at com.kms.katalon.core.keyword.builtin.CallTestCaseKeyword$_callTestCase_closure1.doCall(CallTestCaseKeyword.groovy:59)
	... 68 more
Caused by: com.kms.katalon.core.exception.StepFailedException: Call Test Case 'Test Cases/T13 Pembelian, Shipment dan Pembayaran/PBY-001' failed
	at com.kms.katalon.core.keyword.builtin.CallTestCaseKeyword$_callTestCase_closure1.doCall(CallTestCaseKeyword.groovy:63)
	at com.kms.katalon.core.keyword.builtin.CallTestCaseKeyword$_callTestCase_closure1.call(CallTestCaseKeyword.groovy)
	at com.kms.katalon.core.keyword.internal.KeywordMain.runKeyword(KeywordMain.groovy:75)
	at com.kms.katalon.core.keyword.builtin.CallTestCaseKeyword.callTestCase(CallTestCaseKeyword.groovy:81)
	at com.kms.katalon.core.keyword.builtin.CallTestCaseKeyword.execute(CallTestCaseKeyword.groovy:44)
	at com.kms.katalon.core.keyword.internal.KeywordExecutor.executeKeywordForPlatform(KeywordExecutor.groovy:74)
	at com.kms.katalon.core.keyword.BuiltinKeywords.callTestCase(BuiltinKeywords.groovy:310)
	at PBY-004.run(PBY-004:20)
	at com.kms.katalon.core.main.ScriptEngine.run(ScriptEngine.java:194)
	at com.kms.katalon.core.main.ScriptEngine.runScriptAsRawText(ScriptEngine.java:119)
	at com.kms.katalon.core.main.TestCaseExecutor.runScript(TestCaseExecutor.java:448)
	at com.kms.katalon.core.main.TestCaseExecutor.doExecute(TestCaseExecutor.java:439)
	at com.kms.katalon.core.main.TestCaseExecutor.processExecutionPhase(TestCaseExecutor.java:418)
	at com.kms.katalon.core.main.TestCaseExecutor.accessMainPhase(TestCaseExecutor.java:410)
	at com.kms.katalon.core.main.TestCaseExecutor.execute(TestCaseExecutor.java:285)
	at com.kms.katalon.core.main.TestCaseMain.runTestCase(TestCaseMain.java:144)
	at com.kms.katalon.core.keyword.builtin.CallTestCaseKeyword$_callTestCase_closure1.doCall(CallTestCaseKeyword.groovy:59)
	... 84 more
Caused by: com.kms.katalon.core.exception.StepFailedException: Call Test Case 'Test Cases/T13 Pembelian, Shipment dan Pembayaran/PBL-004' failed
	at com.kms.katalon.core.keyword.builtin.CallTestCaseKeyword$_callTestCase_closure1.doCall(CallTestCaseKeyword.groovy:63)
	at com.kms.katalon.core.keyword.builtin.CallTestCaseKeyword$_callTestCase_closure1.call(CallTestCaseKeyword.groovy)
	at com.kms.katalon.core.keyword.internal.KeywordMain.runKeyword(KeywordMain.groovy:75)
	at com.kms.katalon.core.keyword.builtin.CallTestCaseKeyword.callTestCase(CallTestCaseKeyword.groovy:81)
	at com.kms.katalon.core.keyword.builtin.CallTestCaseKeyword.execute(CallTestCaseKeyword.groovy:44)
	at com.kms.katalon.core.keyword.internal.KeywordExecutor.executeKeywordForPlatform(KeywordExecutor.groovy:74)
	at com.kms.katalon.core.keyword.BuiltinKeywords.callTestCase(BuiltinKeywords.groovy:310)
	at PBY-001.run(PBY-001:20)
	at com.kms.katalon.core.main.ScriptEngine.run(ScriptEngine.java:194)
	at com.kms.katalon.core.main.ScriptEngine.runScriptAsRawText(ScriptEngine.java:119)
	at com.kms.katalon.core.main.TestCaseExecutor.runScript(TestCaseExecutor.java:448)
	at com.kms.katalon.core.main.TestCaseExecutor.doExecute(TestCaseExecutor.java:439)
	at com.kms.katalon.core.main.TestCaseExecutor.processExecutionPhase(TestCaseExecutor.java:418)
	at com.kms.katalon.core.main.TestCaseExecutor.accessMainPhase(TestCaseExecutor.java:410)
	at com.kms.katalon.core.main.TestCaseExecutor.execute(TestCaseExecutor.java:285)
	at com.kms.katalon.core.main.TestCaseMain.runTestCase(TestCaseMain.java:144)
	at com.kms.katalon.core.keyword.builtin.CallTestCaseKeyword$_callTestCase_closure1.doCall(CallTestCaseKeyword.groovy:59)
	... 100 more
Caused by: com.kms.katalon.core.exception.StepFailedException: Call Test Case 'Test Cases/T13 Pembelian, Shipment dan Pembayaran/PBL-002' failed
	at com.kms.katalon.core.keyword.builtin.CallTestCaseKeyword$_callTestCase_closure1.doCall(CallTestCaseKeyword.groovy:63)
	at com.kms.katalon.core.keyword.builtin.CallTestCaseKeyword$_callTestCase_closure1.call(CallTestCaseKeyword.groovy)
	at com.kms.katalon.core.keyword.internal.KeywordMain.runKeyword(KeywordMain.groovy:75)
	at com.kms.katalon.core.keyword.builtin.CallTestCaseKeyword.callTestCase(CallTestCaseKeyword.groovy:81)
	at com.kms.katalon.core.keyword.builtin.CallTestCaseKeyword.execute(CallTestCaseKeyword.groovy:44)
	at com.kms.katalon.core.keyword.internal.KeywordExecutor.executeKeywordForPlatform(KeywordExecutor.groovy:74)
	at com.kms.katalon.core.keyword.BuiltinKeywords.callTestCase(BuiltinKeywords.groovy:310)
	at PBL-004.run(PBL-004:20)
	at com.kms.katalon.core.main.ScriptEngine.run(ScriptEngine.java:194)
	at com.kms.katalon.core.main.ScriptEngine.runScriptAsRawText(ScriptEngine.java:119)
	at com.kms.katalon.core.main.TestCaseExecutor.runScript(TestCaseExecutor.java:448)
	at com.kms.katalon.core.main.TestCaseExecutor.doExecute(TestCaseExecutor.java:439)
	at com.kms.katalon.core.main.TestCaseExecutor.processExecutionPhase(TestCaseExecutor.java:418)
	at com.kms.katalon.core.main.TestCaseExecutor.accessMainPhase(TestCaseExecutor.java:410)
	at com.kms.katalon.core.main.TestCaseExecutor.execute(TestCaseExecutor.java:285)
	at com.kms.katalon.core.main.TestCaseMain.runTestCase(TestCaseMain.java:144)
	at com.kms.katalon.core.keyword.builtin.CallTestCaseKeyword$_callTestCase_closure1.doCall(CallTestCaseKeyword.groovy:59)
	... 116 more
Caused by: com.kms.katalon.core.exception.StepFailedException: Unable to get text of object 'Object Repository/verifikasi/Harga Keranjang'
	at com.kms.katalon.core.webui.keyword.internal.WebUIKeywordMain.stepFailed(WebUIKeywordMain.groovy:64)
	at com.kms.katalon.core.webui.keyword.internal.WebUIKeywordMain.runKeyword(WebUIKeywordMain.groovy:26)
	at com.kms.katalon.core.webui.keyword.builtin.GetTextKeyword.getText(GetTextKeyword.groovy:88)
	at com.kms.katalon.core.webui.keyword.builtin.GetTextKeyword.execute(GetTextKeyword.groovy:67)
	at com.kms.katalon.core.keyword.internal.KeywordExecutor.executeKeywordForPlatform(KeywordExecutor.groovy:74)
	at com.kms.katalon.core.webui.keyword.WebUiBuiltInKeywords.getText(WebUiBuiltInKeywords.groovy:918)
	at com.kms.katalon.core.webui.keyword.WebUiBuiltInKeywords$getText$5.call(Unknown Source)
	at PBL-002.run(PBL-002:31)
	at com.kms.katalon.core.main.ScriptEngine.run(ScriptEngine.java:194)
	at com.kms.katalon.core.main.ScriptEngine.runScriptAsRawText(ScriptEngine.java:119)
	at com.kms.katalon.core.main.TestCaseExecutor.runScript(TestCaseExecutor.java:448)
	at com.kms.katalon.core.main.TestCaseExecutor.doExecute(TestCaseExecutor.java:439)
	at com.kms.katalon.core.main.TestCaseExecutor.processExecutionPhase(TestCaseExecutor.java:418)
	at com.kms.katalon.core.main.TestCaseExecutor.accessMainPhase(TestCaseExecutor.java:410)
	at com.kms.katalon.core.main.TestCaseExecutor.execute(TestCaseExecutor.java:285)
	at com.kms.katalon.core.main.TestCaseMain.runTestCase(TestCaseMain.java:144)
	at com.kms.katalon.core.keyword.builtin.CallTestCaseKeyword$_callTestCase_closure1.doCall(CallTestCaseKeyword.groovy:59)
	... 132 more
Caused by: com.kms.katalon.core.webui.exception.WebElementNotFoundException: Web element with id: 'Object Repository/verifikasi/Harga Keranjang' located by '(.//*[normalize-space(text()) and normalize-space(.)='Qty.'])[4]/following::b[1]' not found
	at com.kms.katalon.core.webui.common.WebUiCommonHelper.findWebElement(WebUiCommonHelper.java:1381)
	at com.kms.katalon.core.webui.keyword.internal.WebUIAbstractKeyword.findWebElement(WebUIAbstractKeyword.groovy:27)
	at com.kms.katalon.core.webui.keyword.internal.WebUIAbstractKeyword.findWebElement(WebUIAbstractKeyword.groovy:26)
	at com.kms.katalon.core.webui.keyword.builtin.GetTextKeyword$_getText_closure1.doCall(GetTextKeyword.groovy:78)
	at com.kms.katalon.core.webui.keyword.builtin.GetTextKeyword$_getText_closure1.call(GetTextKeyword.groovy)
	at com.kms.katalon.core.webui.keyword.internal.WebUIKeywordMain.runKeyword(WebUIKeywordMain.groovy:20)
	... 147 more
)]]></system-out>
         <system-err><![CDATA[2023-10-04 19:58:10 - [TEST_CASE][FAILED] - Test Cases/T13 Pembelian, Shipment dan Pembayaran/SU-012: Test Cases/T13 Pembelian, Shipment dan Pembayaran/SU-012 FAILED.
Reason:
com.kms.katalon.core.exception.StepFailedException: Call Test Case 'Test Cases/T13 Pembelian, Shipment dan Pembayaran/SA-005' failed
	at com.kms.katalon.core.keyword.builtin.CallTestCaseKeyword$_callTestCase_closure1.doCall(CallTestCaseKeyword.groovy:63)
	at com.kms.katalon.core.keyword.builtin.CallTestCaseKeyword$_callTestCase_closure1.call(CallTestCaseKeyword.groovy)
	at com.kms.katalon.core.keyword.internal.KeywordMain.runKeyword(KeywordMain.groovy:75)
	at com.kms.katalon.core.keyword.builtin.CallTestCaseKeyword.callTestCase(CallTestCaseKeyword.groovy:81)
	at com.kms.katalon.core.keyword.builtin.CallTestCaseKeyword.execute(CallTestCaseKeyword.groovy:44)
	at com.kms.katalon.core.keyword.internal.KeywordExecutor.executeKeywordForPlatform(KeywordExecutor.groovy:74)
	at com.kms.katalon.core.keyword.BuiltinKeywords.callTestCase(BuiltinKeywords.groovy:310)
	at SU-012.run(SU-012:20)
	at com.kms.katalon.core.main.ScriptEngine.run(ScriptEngine.java:194)
	at com.kms.katalon.core.main.ScriptEngine.runScriptAsRawText(ScriptEngine.java:119)
	at com.kms.katalon.core.main.TestCaseExecutor.runScript(TestCaseExecutor.java:448)
	at com.kms.katalon.core.main.TestCaseExecutor.doExecute(TestCaseExecutor.java:439)
	at com.kms.katalon.core.main.TestCaseExecutor.processExecutionPhase(TestCaseExecutor.java:418)
	at com.kms.katalon.core.main.TestCaseExecutor.accessMainPhase(TestCaseExecutor.java:410)
	at com.kms.katalon.core.main.TestCaseExecutor.execute(TestCaseExecutor.java:285)
	at com.kms.katalon.core.common.CommonExecutor.accessTestCaseMainPhase(CommonExecutor.java:65)
	at com.kms.katalon.core.main.TestSuiteExecutor.accessTestSuiteMainPhase(TestSuiteExecutor.java:148)
	at com.kms.katalon.core.main.TestSuiteExecutor.execute(TestSuiteExecutor.java:106)
	at com.kms.katalon.core.main.TestCaseMain.startTestSuite(TestCaseMain.java:187)
	at com.kms.katalon.core.main.TestCaseMain$startTestSuite$0.call(Unknown Source)
	at TempTestSuite1696420804604.run(TempTestSuite1696420804604.groovy:36)
Caused by: com.kms.katalon.core.exception.StepFailedException: Call Test Case 'Test Cases/T13 Pembelian, Shipment dan Pembayaran/SA-002' failed
	at com.kms.katalon.core.keyword.builtin.CallTestCaseKeyword$_callTestCase_closure1.doCall(CallTestCaseKeyword.groovy:63)
	at com.kms.katalon.core.keyword.builtin.CallTestCaseKeyword$_callTestCase_closure1.call(CallTestCaseKeyword.groovy)
	at com.kms.katalon.core.keyword.internal.KeywordMain.runKeyword(KeywordMain.groovy:75)
	at com.kms.katalon.core.keyword.builtin.CallTestCaseKeyword.callTestCase(CallTestCaseKeyword.groovy:81)
	at com.kms.katalon.core.keyword.builtin.CallTestCaseKeyword.execute(CallTestCaseKeyword.groovy:44)
	at com.kms.katalon.core.keyword.internal.KeywordExecutor.executeKeywordForPlatform(KeywordExecutor.groovy:74)
	at com.kms.katalon.core.keyword.BuiltinKeywords.callTestCase(BuiltinKeywords.groovy:310)
	at SA-005.run(SA-005:20)
	at com.kms.katalon.core.main.ScriptEngine.run(ScriptEngine.java:194)
	at com.kms.katalon.core.main.ScriptEngine.runScriptAsRawText(ScriptEngine.java:119)
	at com.kms.katalon.core.main.TestCaseExecutor.runScript(TestCaseExecutor.java:448)
	at com.kms.katalon.core.main.TestCaseExecutor.doExecute(TestCaseExecutor.java:439)
	at com.kms.katalon.core.main.TestCaseExecutor.processExecutionPhase(TestCaseExecutor.java:418)
	at com.kms.katalon.core.main.TestCaseExecutor.accessMainPhase(TestCaseExecutor.java:410)
	at com.kms.katalon.core.main.TestCaseExecutor.execute(TestCaseExecutor.java:285)
	at com.kms.katalon.core.main.TestCaseMain.runTestCase(TestCaseMain.java:144)
	at com.kms.katalon.core.keyword.builtin.CallTestCaseKeyword$_callTestCase_closure1.doCall(CallTestCaseKeyword.groovy:59)
	... 20 more
Caused by: com.kms.katalon.core.exception.StepFailedException: Call Test Case 'Test Cases/T13 Pembelian, Shipment dan Pembayaran/SA-001' failed
	at com.kms.katalon.core.keyword.builtin.CallTestCaseKeyword$_callTestCase_closure1.doCall(CallTestCaseKeyword.groovy:63)
	at com.kms.katalon.core.keyword.builtin.CallTestCaseKeyword$_callTestCase_closure1.call(CallTestCaseKeyword.groovy)
	at com.kms.katalon.core.keyword.internal.KeywordMain.runKeyword(KeywordMain.groovy:75)
	at com.kms.katalon.core.keyword.builtin.CallTestCaseKeyword.callTestCase(CallTestCaseKeyword.groovy:81)
	at com.kms.katalon.core.keyword.builtin.CallTestCaseKeyword.execute(CallTestCaseKeyword.groovy:44)
	at com.kms.katalon.core.keyword.internal.KeywordExecutor.executeKeywordForPlatform(KeywordExecutor.groovy:74)
	at com.kms.katalon.core.keyword.BuiltinKeywords.callTestCase(BuiltinKeywords.groovy:310)
	at SA-002.run(SA-002:20)
	at com.kms.katalon.core.main.ScriptEngine.run(ScriptEngine.java:194)
	at com.kms.katalon.core.main.ScriptEngine.runScriptAsRawText(ScriptEngine.java:119)
	at com.kms.katalon.core.main.TestCaseExecutor.runScript(TestCaseExecutor.java:448)
	at com.kms.katalon.core.main.TestCaseExecutor.doExecute(TestCaseExecutor.java:439)
	at com.kms.katalon.core.main.TestCaseExecutor.processExecutionPhase(TestCaseExecutor.java:418)
	at com.kms.katalon.core.main.TestCaseExecutor.accessMainPhase(TestCaseExecutor.java:410)
	at com.kms.katalon.core.main.TestCaseExecutor.execute(TestCaseExecutor.java:285)
	at com.kms.katalon.core.main.TestCaseMain.runTestCase(TestCaseMain.java:144)
	at com.kms.katalon.core.keyword.builtin.CallTestCaseKeyword$_callTestCase_closure1.doCall(CallTestCaseKeyword.groovy:59)
	... 36 more
Caused by: com.kms.katalon.core.exception.StepFailedException: Call Test Case 'Test Cases/T13 Pembelian, Shipment dan Pembayaran/PBYA-001' failed
	at com.kms.katalon.core.keyword.builtin.CallTestCaseKeyword$_callTestCase_closure1.doCall(CallTestCaseKeyword.groovy:63)
	at com.kms.katalon.core.keyword.builtin.CallTestCaseKeyword$_callTestCase_closure1.call(CallTestCaseKeyword.groovy)
	at com.kms.katalon.core.keyword.internal.KeywordMain.runKeyword(KeywordMain.groovy:75)
	at com.kms.katalon.core.keyword.builtin.CallTestCaseKeyword.callTestCase(CallTestCaseKeyword.groovy:81)
	at com.kms.katalon.core.keyword.builtin.CallTestCaseKeyword.execute(CallTestCaseKeyword.groovy:44)
	at com.kms.katalon.core.keyword.internal.KeywordExecutor.executeKeywordForPlatform(KeywordExecutor.groovy:74)
	at com.kms.katalon.core.keyword.BuiltinKeywords.callTestCase(BuiltinKeywords.groovy:310)
	at SA-001.run(SA-001:20)
	at com.kms.katalon.core.main.ScriptEngine.run(ScriptEngine.java:194)
	at com.kms.katalon.core.main.ScriptEngine.runScriptAsRawText(ScriptEngine.java:119)
	at com.kms.katalon.core.main.TestCaseExecutor.runScript(TestCaseExecutor.java:448)
	at com.kms.katalon.core.main.TestCaseExecutor.doExecute(TestCaseExecutor.java:439)
	at com.kms.katalon.core.main.TestCaseExecutor.processExecutionPhase(TestCaseExecutor.java:418)
	at com.kms.katalon.core.main.TestCaseExecutor.accessMainPhase(TestCaseExecutor.java:410)
	at com.kms.katalon.core.main.TestCaseExecutor.execute(TestCaseExecutor.java:285)
	at com.kms.katalon.core.main.TestCaseMain.runTestCase(TestCaseMain.java:144)
	at com.kms.katalon.core.keyword.builtin.CallTestCaseKeyword$_callTestCase_closure1.doCall(CallTestCaseKeyword.groovy:59)
	... 52 more
Caused by: com.kms.katalon.core.exception.StepFailedException: Call Test Case 'Test Cases/T13 Pembelian, Shipment dan Pembayaran/PBY-004' failed
	at com.kms.katalon.core.keyword.builtin.CallTestCaseKeyword$_callTestCase_closure1.doCall(CallTestCaseKeyword.groovy:63)
	at com.kms.katalon.core.keyword.builtin.CallTestCaseKeyword$_callTestCase_closure1.call(CallTestCaseKeyword.groovy)
	at com.kms.katalon.core.keyword.internal.KeywordMain.runKeyword(KeywordMain.groovy:75)
	at com.kms.katalon.core.keyword.builtin.CallTestCaseKeyword.callTestCase(CallTestCaseKeyword.groovy:81)
	at com.kms.katalon.core.keyword.builtin.CallTestCaseKeyword.execute(CallTestCaseKeyword.groovy:44)
	at com.kms.katalon.core.keyword.internal.KeywordExecutor.executeKeywordForPlatform(KeywordExecutor.groovy:74)
	at com.kms.katalon.core.keyword.BuiltinKeywords.callTestCase(BuiltinKeywords.groovy:310)
	at PBYA-001.run(PBYA-001:20)
	at com.kms.katalon.core.main.ScriptEngine.run(ScriptEngine.java:194)
	at com.kms.katalon.core.main.ScriptEngine.runScriptAsRawText(ScriptEngine.java:119)
	at com.kms.katalon.core.main.TestCaseExecutor.runScript(TestCaseExecutor.java:448)
	at com.kms.katalon.core.main.TestCaseExecutor.doExecute(TestCaseExecutor.java:439)
	at com.kms.katalon.core.main.TestCaseExecutor.processExecutionPhase(TestCaseExecutor.java:418)
	at com.kms.katalon.core.main.TestCaseExecutor.accessMainPhase(TestCaseExecutor.java:410)
	at com.kms.katalon.core.main.TestCaseExecutor.execute(TestCaseExecutor.java:285)
	at com.kms.katalon.core.main.TestCaseMain.runTestCase(TestCaseMain.java:144)
	at com.kms.katalon.core.keyword.builtin.CallTestCaseKeyword$_callTestCase_closure1.doCall(CallTestCaseKeyword.groovy:59)
	... 68 more
Caused by: com.kms.katalon.core.exception.StepFailedException: Call Test Case 'Test Cases/T13 Pembelian, Shipment dan Pembayaran/PBY-001' failed
	at com.kms.katalon.core.keyword.builtin.CallTestCaseKeyword$_callTestCase_closure1.doCall(CallTestCaseKeyword.groovy:63)
	at com.kms.katalon.core.keyword.builtin.CallTestCaseKeyword$_callTestCase_closure1.call(CallTestCaseKeyword.groovy)
	at com.kms.katalon.core.keyword.internal.KeywordMain.runKeyword(KeywordMain.groovy:75)
	at com.kms.katalon.core.keyword.builtin.CallTestCaseKeyword.callTestCase(CallTestCaseKeyword.groovy:81)
	at com.kms.katalon.core.keyword.builtin.CallTestCaseKeyword.execute(CallTestCaseKeyword.groovy:44)
	at com.kms.katalon.core.keyword.internal.KeywordExecutor.executeKeywordForPlatform(KeywordExecutor.groovy:74)
	at com.kms.katalon.core.keyword.BuiltinKeywords.callTestCase(BuiltinKeywords.groovy:310)
	at PBY-004.run(PBY-004:20)
	at com.kms.katalon.core.main.ScriptEngine.run(ScriptEngine.java:194)
	at com.kms.katalon.core.main.ScriptEngine.runScriptAsRawText(ScriptEngine.java:119)
	at com.kms.katalon.core.main.TestCaseExecutor.runScript(TestCaseExecutor.java:448)
	at com.kms.katalon.core.main.TestCaseExecutor.doExecute(TestCaseExecutor.java:439)
	at com.kms.katalon.core.main.TestCaseExecutor.processExecutionPhase(TestCaseExecutor.java:418)
	at com.kms.katalon.core.main.TestCaseExecutor.accessMainPhase(TestCaseExecutor.java:410)
	at com.kms.katalon.core.main.TestCaseExecutor.execute(TestCaseExecutor.java:285)
	at com.kms.katalon.core.main.TestCaseMain.runTestCase(TestCaseMain.java:144)
	at com.kms.katalon.core.keyword.builtin.CallTestCaseKeyword$_callTestCase_closure1.doCall(CallTestCaseKeyword.groovy:59)
	... 84 more
Caused by: com.kms.katalon.core.exception.StepFailedException: Call Test Case 'Test Cases/T13 Pembelian, Shipment dan Pembayaran/PBL-004' failed
	at com.kms.katalon.core.keyword.builtin.CallTestCaseKeyword$_callTestCase_closure1.doCall(CallTestCaseKeyword.groovy:63)
	at com.kms.katalon.core.keyword.builtin.CallTestCaseKeyword$_callTestCase_closure1.call(CallTestCaseKeyword.groovy)
	at com.kms.katalon.core.keyword.internal.KeywordMain.runKeyword(KeywordMain.groovy:75)
	at com.kms.katalon.core.keyword.builtin.CallTestCaseKeyword.callTestCase(CallTestCaseKeyword.groovy:81)
	at com.kms.katalon.core.keyword.builtin.CallTestCaseKeyword.execute(CallTestCaseKeyword.groovy:44)
	at com.kms.katalon.core.keyword.internal.KeywordExecutor.executeKeywordForPlatform(KeywordExecutor.groovy:74)
	at com.kms.katalon.core.keyword.BuiltinKeywords.callTestCase(BuiltinKeywords.groovy:310)
	at PBY-001.run(PBY-001:20)
	at com.kms.katalon.core.main.ScriptEngine.run(ScriptEngine.java:194)
	at com.kms.katalon.core.main.ScriptEngine.runScriptAsRawText(ScriptEngine.java:119)
	at com.kms.katalon.core.main.TestCaseExecutor.runScript(TestCaseExecutor.java:448)
	at com.kms.katalon.core.main.TestCaseExecutor.doExecute(TestCaseExecutor.java:439)
	at com.kms.katalon.core.main.TestCaseExecutor.processExecutionPhase(TestCaseExecutor.java:418)
	at com.kms.katalon.core.main.TestCaseExecutor.accessMainPhase(TestCaseExecutor.java:410)
	at com.kms.katalon.core.main.TestCaseExecutor.execute(TestCaseExecutor.java:285)
	at com.kms.katalon.core.main.TestCaseMain.runTestCase(TestCaseMain.java:144)
	at com.kms.katalon.core.keyword.builtin.CallTestCaseKeyword$_callTestCase_closure1.doCall(CallTestCaseKeyword.groovy:59)
	... 100 more
Caused by: com.kms.katalon.core.exception.StepFailedException: Call Test Case 'Test Cases/T13 Pembelian, Shipment dan Pembayaran/PBL-002' failed
	at com.kms.katalon.core.keyword.builtin.CallTestCaseKeyword$_callTestCase_closure1.doCall(CallTestCaseKeyword.groovy:63)
	at com.kms.katalon.core.keyword.builtin.CallTestCaseKeyword$_callTestCase_closure1.call(CallTestCaseKeyword.groovy)
	at com.kms.katalon.core.keyword.internal.KeywordMain.runKeyword(KeywordMain.groovy:75)
	at com.kms.katalon.core.keyword.builtin.CallTestCaseKeyword.callTestCase(CallTestCaseKeyword.groovy:81)
	at com.kms.katalon.core.keyword.builtin.CallTestCaseKeyword.execute(CallTestCaseKeyword.groovy:44)
	at com.kms.katalon.core.keyword.internal.KeywordExecutor.executeKeywordForPlatform(KeywordExecutor.groovy:74)
	at com.kms.katalon.core.keyword.BuiltinKeywords.callTestCase(BuiltinKeywords.groovy:310)
	at PBL-004.run(PBL-004:20)
	at com.kms.katalon.core.main.ScriptEngine.run(ScriptEngine.java:194)
	at com.kms.katalon.core.main.ScriptEngine.runScriptAsRawText(ScriptEngine.java:119)
	at com.kms.katalon.core.main.TestCaseExecutor.runScript(TestCaseExecutor.java:448)
	at com.kms.katalon.core.main.TestCaseExecutor.doExecute(TestCaseExecutor.java:439)
	at com.kms.katalon.core.main.TestCaseExecutor.processExecutionPhase(TestCaseExecutor.java:418)
	at com.kms.katalon.core.main.TestCaseExecutor.accessMainPhase(TestCaseExecutor.java:410)
	at com.kms.katalon.core.main.TestCaseExecutor.execute(TestCaseExecutor.java:285)
	at com.kms.katalon.core.main.TestCaseMain.runTestCase(TestCaseMain.java:144)
	at com.kms.katalon.core.keyword.builtin.CallTestCaseKeyword$_callTestCase_closure1.doCall(CallTestCaseKeyword.groovy:59)
	... 116 more
Caused by: com.kms.katalon.core.exception.StepFailedException: Unable to get text of object 'Object Repository/verifikasi/Harga Keranjang'
	at com.kms.katalon.core.webui.keyword.internal.WebUIKeywordMain.stepFailed(WebUIKeywordMain.groovy:64)
	at com.kms.katalon.core.webui.keyword.internal.WebUIKeywordMain.runKeyword(WebUIKeywordMain.groovy:26)
	at com.kms.katalon.core.webui.keyword.builtin.GetTextKeyword.getText(GetTextKeyword.groovy:88)
	at com.kms.katalon.core.webui.keyword.builtin.GetTextKeyword.execute(GetTextKeyword.groovy:67)
	at com.kms.katalon.core.keyword.internal.KeywordExecutor.executeKeywordForPlatform(KeywordExecutor.groovy:74)
	at com.kms.katalon.core.webui.keyword.WebUiBuiltInKeywords.getText(WebUiBuiltInKeywords.groovy:918)
	at com.kms.katalon.core.webui.keyword.WebUiBuiltInKeywords$getText$5.call(Unknown Source)
	at PBL-002.run(PBL-002:31)
	at com.kms.katalon.core.main.ScriptEngine.run(ScriptEngine.java:194)
	at com.kms.katalon.core.main.ScriptEngine.runScriptAsRawText(ScriptEngine.java:119)
	at com.kms.katalon.core.main.TestCaseExecutor.runScript(TestCaseExecutor.java:448)
	at com.kms.katalon.core.main.TestCaseExecutor.doExecute(TestCaseExecutor.java:439)
	at com.kms.katalon.core.main.TestCaseExecutor.processExecutionPhase(TestCaseExecutor.java:418)
	at com.kms.katalon.core.main.TestCaseExecutor.accessMainPhase(TestCaseExecutor.java:410)
	at com.kms.katalon.core.main.TestCaseExecutor.execute(TestCaseExecutor.java:285)
	at com.kms.katalon.core.main.TestCaseMain.runTestCase(TestCaseMain.java:144)
	at com.kms.katalon.core.keyword.builtin.CallTestCaseKeyword$_callTestCase_closure1.doCall(CallTestCaseKeyword.groovy:59)
	... 132 more
Caused by: com.kms.katalon.core.webui.exception.WebElementNotFoundException: Web element with id: 'Object Repository/verifikasi/Harga Keranjang' located by '(.//*[normalize-space(text()) and normalize-space(.)='Qty.'])[4]/following::b[1]' not found
	at com.kms.katalon.core.webui.common.WebUiCommonHelper.findWebElement(WebUiCommonHelper.java:1381)
	at com.kms.katalon.core.webui.keyword.internal.WebUIAbstractKeyword.findWebElement(WebUIAbstractKeyword.groovy:27)
	at com.kms.katalon.core.webui.keyword.internal.WebUIAbstractKeyword.findWebElement(WebUIAbstractKeyword.groovy:26)
	at com.kms.katalon.core.webui.keyword.builtin.GetTextKeyword$_getText_closure1.doCall(GetTextKeyword.groovy:78)
	at com.kms.katalon.core.webui.keyword.builtin.GetTextKeyword$_getText_closure1.call(GetTextKeyword.groovy)
	at com.kms.katalon.core.webui.keyword.internal.WebUIKeywordMain.runKeyword(WebUIKeywordMain.groovy:20)
	... 147 more]]></system-err>
      </testcase>
      <system-out><![CDATA[2023-10-04 19:00:07 - [TEST_SUITE][FAILED] - T13 Pembelian, Shipment dan Pembayaran: Test Cases/T13 Pembelian, Shipment dan Pembayaran/PBL-007 FAILED.
Reason:
Assertion failed: 

assert price_product.contains(HargaCheckout)
       |             |        |
       Rp 1,299      false    2,598

	at PBL-007.run(PBL-007:45)
	at com.kms.katalon.core.main.ScriptEngine.run(ScriptEngine.java:194)
	at com.kms.katalon.core.main.ScriptEngine.runScriptAsRawText(ScriptEngine.java:119)
	at com.kms.katalon.core.main.TestCaseExecutor.runScript(TestCaseExecutor.java:448)
	at com.kms.katalon.core.main.TestCaseExecutor.doExecute(TestCaseExecutor.java:439)
	at com.kms.katalon.core.main.TestCaseExecutor.processExecutionPhase(TestCaseExecutor.java:418)
	at com.kms.katalon.core.main.TestCaseExecutor.accessMainPhase(TestCaseExecutor.java:410)
	at com.kms.katalon.core.main.TestCaseExecutor.execute(TestCaseExecutor.java:285)
	at com.kms.katalon.core.common.CommonExecutor.accessTestCaseMainPhase(CommonExecutor.java:65)
	at com.kms.katalon.core.main.TestSuiteExecutor.accessTestSuiteMainPhase(TestSuiteExecutor.java:148)
	at com.kms.katalon.core.main.TestSuiteExecutor.execute(TestSuiteExecutor.java:106)
	at com.kms.katalon.core.main.TestCaseMain.startTestSuite(TestCaseMain.java:187)
	at com.kms.katalon.core.main.TestCaseMain$startTestSuite$0.call(Unknown Source)
	at TempTestSuite1696420804604.run(TempTestSuite1696420804604.groovy:36)]]></system-out>
      <system-err><![CDATA[2023-10-04 19:00:07 - [TEST_SUITE][FAILED] - T13 Pembelian, Shipment dan Pembayaran: Test Cases/T13 Pembelian, Shipment dan Pembayaran/PBL-007 FAILED.
Reason:
Assertion failed: 

assert price_product.contains(HargaCheckout)
       |             |        |
       Rp 1,299      false    2,598

	at PBL-007.run(PBL-007:45)
	at com.kms.katalon.core.main.ScriptEngine.run(ScriptEngine.java:194)
	at com.kms.katalon.core.main.ScriptEngine.runScriptAsRawText(ScriptEngine.java:119)
	at com.kms.katalon.core.main.TestCaseExecutor.runScript(TestCaseExecutor.java:448)
	at com.kms.katalon.core.main.TestCaseExecutor.doExecute(TestCaseExecutor.java:439)
	at com.kms.katalon.core.main.TestCaseExecutor.processExecutionPhase(TestCaseExecutor.java:418)
	at com.kms.katalon.core.main.TestCaseExecutor.accessMainPhase(TestCaseExecutor.java:410)
	at com.kms.katalon.core.main.TestCaseExecutor.execute(TestCaseExecutor.java:285)
	at com.kms.katalon.core.common.CommonExecutor.accessTestCaseMainPhase(CommonExecutor.java:65)
	at com.kms.katalon.core.main.TestSuiteExecutor.accessTestSuiteMainPhase(TestSuiteExecutor.java:148)
	at com.kms.katalon.core.main.TestSuiteExecutor.execute(TestSuiteExecutor.java:106)
	at com.kms.katalon.core.main.TestCaseMain.startTestSuite(TestCaseMain.java:187)
	at com.kms.katalon.core.main.TestCaseMain$startTestSuite$0.call(Unknown Source)
	at TempTestSuite1696420804604.run(TempTestSuite1696420804604.groovy:36)]]></system-err>
   </testsuite>
</testsuites>
