<?xml version="1.0" encoding="UTF-8"?>
<testsuites name="T13 Pembelian, Shipment dan Pembayaran" time="3597.998" tests="48" failures="14" errors="0">
   <testsuite name="T13 Pembelian, Shipment dan Pembayaran" tests="48" failures="14" errors="0" time="3597.998" skipped="0" timestamp="2023-10-05 13:15:59" hostname="IRFAN - DESKTOP-H62FVJ8" id="Test Suites/T13 Pembelian, Shipment dan Pembayaran/T13 Pembelian, Shipment dan Pembayaran">
      <properties>
         <property name="deviceName" value=""/>
         <property name="devicePlatform" value=""/>
         <property name="logFolder" value="C:\\FT2 XSIS\\Projek 2 MINI PROJEK\\Reports\\20231005_131556\\T13 Pembelian, Shipment dan Pembayaran\\T13 Pembelian, Shipment dan Pembayaran\\20231005_131556"/>
         <property name="logFiles" value="C:\\FT2 XSIS\\Projek 2 MINI PROJEK\\Reports\\20231005_131556\\T13 Pembelian, Shipment dan Pembayaran\\T13 Pembelian, Shipment dan Pembayaran\\20231005_131556\\execution0.log, C:\\FT2 XSIS\\Projek 2 MINI PROJEK\\Reports\\20231005_131556\\T13 Pembelian, Shipment dan Pembayaran\\T13 Pembelian, Shipment dan Pembayaran\\20231005_131556\\execution1.log"/>
         <property name="attachments" value="C:\\FT2 XSIS\\Projek 2 MINI PROJEK\\Reports\\20231005_131556\\T13 Pembelian, Shipment dan Pembayaran\\T13 Pembelian, Shipment dan Pembayaran\\20231005_131556\\1696486655063.png, C:\\FT2 XSIS\\Projek 2 MINI PROJEK\\Reports\\20231005_131556\\T13 Pembelian, Shipment dan Pembayaran\\T13 Pembelian, Shipment dan Pembayaran\\20231005_131556\\1696486815227.png, C:\\FT2 XSIS\\Projek 2 MINI PROJEK\\Reports\\20231005_131556\\T13 Pembelian, Shipment dan Pembayaran\\T13 Pembelian, Shipment dan Pembayaran\\20231005_131556\\1696486850027.png, C:\\FT2 XSIS\\Projek 2 MINI PROJEK\\Reports\\20231005_131556\\T13 Pembelian, Shipment dan Pembayaran\\T13 Pembelian, Shipment dan Pembayaran\\20231005_131556\\1696486943506.png, C:\\FT2 XSIS\\Projek 2 MINI PROJEK\\Reports\\20231005_131556\\T13 Pembelian, Shipment dan Pembayaran\\T13 Pembelian, Shipment dan Pembayaran\\20231005_131556\\1696487284457.png, C:\\FT2 XSIS\\Projek 2 MINI PROJEK\\Reports\\20231005_131556\\T13 Pembelian, Shipment dan Pembayaran\\T13 Pembelian, Shipment dan Pembayaran\\20231005_131556\\1696487406668.png, C:\\FT2 XSIS\\Projek 2 MINI PROJEK\\Reports\\20231005_131556\\T13 Pembelian, Shipment dan Pembayaran\\T13 Pembelian, Shipment dan Pembayaran\\20231005_131556\\1696487529103.png, C:\\FT2 XSIS\\Projek 2 MINI PROJEK\\Reports\\20231005_131556\\T13 Pembelian, Shipment dan Pembayaran\\T13 Pembelian, Shipment dan Pembayaran\\20231005_131556\\1696487592393.png, C:\\FT2 XSIS\\Projek 2 MINI PROJEK\\Reports\\20231005_131556\\T13 Pembelian, Shipment dan Pembayaran\\T13 Pembelian, Shipment dan Pembayaran\\20231005_131556\\1696487704402.png, C:\\FT2 XSIS\\Projek 2 MINI PROJEK\\Reports\\20231005_131556\\T13 Pembelian, Shipment dan Pembayaran\\T13 Pembelian, Shipment dan Pembayaran\\20231005_131556\\1696487760589.png, C:\\FT2 XSIS\\Projek 2 MINI PROJEK\\Reports\\20231005_131556\\T13 Pembelian, Shipment dan Pembayaran\\T13 Pembelian, Shipment dan Pembayaran\\20231005_131556\\1696488577737.png, C:\\FT2 XSIS\\Projek 2 MINI PROJEK\\Reports\\20231005_131556\\T13 Pembelian, Shipment dan Pembayaran\\T13 Pembelian, Shipment dan Pembayaran\\20231005_131556\\1696488577854.png, C:\\FT2 XSIS\\Projek 2 MINI PROJEK\\Reports\\20231005_131556\\T13 Pembelian, Shipment dan Pembayaran\\T13 Pembelian, Shipment dan Pembayaran\\20231005_131556\\1696488740190.png, C:\\FT2 XSIS\\Projek 2 MINI PROJEK\\Reports\\20231005_131556\\T13 Pembelian, Shipment dan Pembayaran\\T13 Pembelian, Shipment dan Pembayaran\\20231005_131556\\1696489592163.png, C:\\FT2 XSIS\\Projek 2 MINI PROJEK\\Reports\\20231005_131556\\T13 Pembelian, Shipment dan Pembayaran\\T13 Pembelian, Shipment dan Pembayaran\\20231005_131556\\1696489715255.png"/>
         <property name="hostName" value="IRFAN - DESKTOP-H62FVJ8"/>
         <property name="os" value="Windows 10 64bit"/>
         <property name="katalonVersion" value="8.6.5.208"/>
         <property name="browser" value="Edge Chromium 117"/>
         <property name="hostAddress" value="10.9.2.18"/>
         <property name="sessionId" value="0bb3a8b8b117ecc4d841010c90787a29"/>
         <property name="seleniumVersion" value="3.141.59"/>
         <property name="proxyInformation" value="ProxyInformation { proxyOption=NO_PROXY, proxyServerType=HTTP, username=, password=********, proxyServerAddress=, proxyServerPort=0, executionList=&quot;&quot;, isApplyToDesiredCapabilities=true }"/>
         <property name="platform" value="Windows 10"/>
      </properties>
      <testcase name="Test Cases/T13 Pembelian, Shipment dan Pembayaran/LU-001" time="13.653" classname="Test Cases/T13 Pembelian, Shipment dan Pembayaran/LU-001" status="PASSED">
         <system-out><![CDATA[2023-10-05 13:16:00 - [TEST_CASE][PASSED] - Test Cases/T13 Pembelian, Shipment dan Pembayaran/LU-001: Test Cases/T13 Pembelian, Shipment dan Pembayaran/LU-001

2023-10-05 13:16:00 - [TEST_STEP][PASSED] - openBrowser("https://10.9.2.63/ecommerce/"): Browser is opened with url: 'https://10.9.2.63/ecommerce/'

2023-10-05 13:16:00 - [MESSAGE][INFO] - Starting 'Edge Chromium' driver

2023-10-05 13:16:00 - [MESSAGE][INFO] - User set preference: ['acceptInsecureCerts', 'true']

2023-10-05 13:16:03 - [MESSAGE][INFO] - Action delay is set to 0 milliseconds

2023-10-05 13:16:07 - [MESSAGE][PASSED] - Browser is opened with url: 'https://10.9.2.63/ecommerce/'

2023-10-05 13:16:07 - [TEST_STEP][PASSED] - maximizeWindow(): Current window maximized

2023-10-05 13:16:07 - [MESSAGE][PASSED] - Current window maximized

2023-10-05 13:16:07 - [TEST_STEP][PASSED] - verifyElementPresent(findTestObject("Login/Home"), 0): Object 'Object Repository/Login/Home' is present

2023-10-05 13:16:07 - [MESSAGE][WARNING] - Timeout '0' is invalid. Using default page load timeout: '30'

2023-10-05 13:16:08 - [MESSAGE][PASSED] - Object 'Object Repository/Login/Home' is present

2023-10-05 13:16:08 - [TEST_STEP][PASSED] - click(findTestObject("Login/a_Login")): Object: 'Object Repository/Login/a_Login' is clicked on

2023-10-05 13:16:08 - [MESSAGE][PASSED] - Object: 'Object Repository/Login/a_Login' is clicked on

2023-10-05 13:16:08 - [TEST_STEP][PASSED] - verifyElementPresent(findTestObject("Login/Tittle Login"), 0): Object 'Object Repository/Login/Tittle Login' is present

2023-10-05 13:16:08 - [MESSAGE][WARNING] - Timeout '0' is invalid. Using default page load timeout: '30'

2023-10-05 13:16:09 - [MESSAGE][PASSED] - Object 'Object Repository/Login/Tittle Login' is present

2023-10-05 13:16:09 - [TEST_STEP][PASSED] - setText(findTestObject("Login/input_Username, Email atau No. Handphone_a"), username): Text 'irfanafandi' is set on object 'Object Repository/Login/input_Username, Email atau No. Handphone_a'

2023-10-05 13:16:10 - [MESSAGE][PASSED] - Text 'irfanafandi' is set on object 'Object Repository/Login/input_Username, Email atau No. Handphone_a'

2023-10-05 13:16:10 - [TEST_STEP][PASSED] - setText(findTestObject("Login/input_Password_b"), password): Text '12345irfan' is set on object 'Object Repository/Login/input_Password_b'

2023-10-05 13:16:11 - [MESSAGE][PASSED] - Text '12345irfan' is set on object 'Object Repository/Login/input_Password_b'

2023-10-05 13:16:11 - [TEST_STEP][PASSED] - click(findTestObject("Login/label_Ingat saya")): Object: 'Object Repository/Login/label_Ingat saya' is clicked on

2023-10-05 13:16:11 - [MESSAGE][PASSED] - Object: 'Object Repository/Login/label_Ingat saya' is clicked on

2023-10-05 13:16:11 - [TEST_STEP][PASSED] - click(findTestObject("Login/button_Masuk")): Object: 'Object Repository/Login/button_Masuk' is clicked on

2023-10-05 13:16:13 - [MESSAGE][PASSED] - Object: 'Object Repository/Login/button_Masuk' is clicked on

2023-10-05 13:16:13 - [TEST_STEP][PASSED] - verifyElementPresent(findTestObject("Login/li_Profile"), 0): Object 'Object Repository/Login/li_Profile' is present

2023-10-05 13:16:13 - [MESSAGE][WARNING] - Timeout '0' is invalid. Using default page load timeout: '30'

2023-10-05 13:16:13 - [MESSAGE][PASSED] - Object 'Object Repository/Login/li_Profile' is present]]></system-out>
         <system-err><![CDATA[]]></system-err>
      </testcase>
      <testcase name="Test Cases/T13 Pembelian, Shipment dan Pembayaran/PBL-001" time="21.586" classname="Test Cases/T13 Pembelian, Shipment dan Pembayaran/PBL-001" status="PASSED">
         <system-out><![CDATA[2023-10-05 13:16:13 - [TEST_CASE][PASSED] - Test Cases/T13 Pembelian, Shipment dan Pembayaran/PBL-001: Test Cases/T13 Pembelian, Shipment dan Pembayaran/PBL-001

2023-10-05 13:16:14 - [TEST_STEP][PASSED] - callTestCase(findTestCase("T13 Pembelian, Shipment dan Pembayaran/LU-001"), ["username":"irfanafandi", "password":"12345irfan"], STOP_ON_FAILURE): Call Test Case 'Test Cases/T13 Pembelian, Shipment dan Pembayaran/LU-001' successfully

2023-10-05 13:16:14 - [TEST_CASE][PASSED] - Test Cases/T13 Pembelian, Shipment dan Pembayaran/LU-001: Test Cases/T13 Pembelian, Shipment dan Pembayaran/LU-001

2023-10-05 13:16:14 - [TEST_STEP][PASSED] - openBrowser("https://10.9.2.63/ecommerce/"): Browser is opened with url: 'https://10.9.2.63/ecommerce/'

2023-10-05 13:16:14 - [MESSAGE][WARNING] - A browser is already opened. Closing browser and opening a new one

2023-10-05 13:16:15 - [MESSAGE][INFO] - Starting 'Edge Chromium' driver

2023-10-05 13:16:15 - [MESSAGE][INFO] - User set preference: ['acceptInsecureCerts', 'true']

2023-10-05 13:16:17 - [MESSAGE][INFO] - Action delay is set to 0 milliseconds

2023-10-05 13:16:21 - [MESSAGE][PASSED] - Browser is opened with url: 'https://10.9.2.63/ecommerce/'

2023-10-05 13:16:21 - [TEST_STEP][PASSED] - maximizeWindow(): Current window maximized

2023-10-05 13:16:21 - [MESSAGE][PASSED] - Current window maximized

2023-10-05 13:16:21 - [TEST_STEP][PASSED] - verifyElementPresent(findTestObject("Login/Home"), 0): Object 'Object Repository/Login/Home' is present

2023-10-05 13:16:21 - [MESSAGE][WARNING] - Timeout '0' is invalid. Using default page load timeout: '30'

2023-10-05 13:16:22 - [MESSAGE][PASSED] - Object 'Object Repository/Login/Home' is present

2023-10-05 13:16:22 - [TEST_STEP][PASSED] - click(findTestObject("Login/a_Login")): Object: 'Object Repository/Login/a_Login' is clicked on

2023-10-05 13:16:22 - [MESSAGE][PASSED] - Object: 'Object Repository/Login/a_Login' is clicked on

2023-10-05 13:16:22 - [TEST_STEP][PASSED] - verifyElementPresent(findTestObject("Login/Tittle Login"), 0): Object 'Object Repository/Login/Tittle Login' is present

2023-10-05 13:16:22 - [MESSAGE][WARNING] - Timeout '0' is invalid. Using default page load timeout: '30'

2023-10-05 13:16:23 - [MESSAGE][PASSED] - Object 'Object Repository/Login/Tittle Login' is present

2023-10-05 13:16:23 - [TEST_STEP][PASSED] - setText(findTestObject("Login/input_Username, Email atau No. Handphone_a"), username): Text 'irfanafandi' is set on object 'Object Repository/Login/input_Username, Email atau No. Handphone_a'

2023-10-05 13:16:24 - [MESSAGE][PASSED] - Text 'irfanafandi' is set on object 'Object Repository/Login/input_Username, Email atau No. Handphone_a'

2023-10-05 13:16:24 - [TEST_STEP][PASSED] - setText(findTestObject("Login/input_Password_b"), password): Text '12345irfan' is set on object 'Object Repository/Login/input_Password_b'

2023-10-05 13:16:25 - [MESSAGE][PASSED] - Text '12345irfan' is set on object 'Object Repository/Login/input_Password_b'

2023-10-05 13:16:25 - [TEST_STEP][PASSED] - click(findTestObject("Login/label_Ingat saya")): Object: 'Object Repository/Login/label_Ingat saya' is clicked on

2023-10-05 13:16:25 - [MESSAGE][PASSED] - Object: 'Object Repository/Login/label_Ingat saya' is clicked on

2023-10-05 13:16:25 - [TEST_STEP][PASSED] - click(findTestObject("Login/button_Masuk")): Object: 'Object Repository/Login/button_Masuk' is clicked on

2023-10-05 13:16:27 - [MESSAGE][PASSED] - Object: 'Object Repository/Login/button_Masuk' is clicked on

2023-10-05 13:16:27 - [TEST_STEP][PASSED] - verifyElementPresent(findTestObject("Login/li_Profile"), 0): Object 'Object Repository/Login/li_Profile' is present

2023-10-05 13:16:27 - [MESSAGE][WARNING] - Timeout '0' is invalid. Using default page load timeout: '30'

2023-10-05 13:16:27 - [MESSAGE][PASSED] - Object 'Object Repository/Login/li_Profile' is present

2023-10-05 13:16:27 - [MESSAGE][PASSED] - Call Test Case 'Test Cases/T13 Pembelian, Shipment dan Pembayaran/LU-001' successfully

2023-10-05 13:16:27 - [TEST_STEP][PASSED] - mouseOver(findTestObject("beli barang/i_Mulai Belanja_icon-menu")): Object: 'Object Repository/beli barang/i_Mulai Belanja_icon-menu' is hovered

2023-10-05 13:16:28 - [MESSAGE][PASSED] - Object: 'Object Repository/beli barang/i_Mulai Belanja_icon-menu' is hovered

2023-10-05 13:16:28 - [TEST_STEP][PASSED] - click(findTestObject("beli barang/a_Fashion  Busana Wanita")): Object: 'Object Repository/beli barang/a_Fashion  Busana Wanita' is clicked on

2023-10-05 13:16:29 - [MESSAGE][PASSED] - Object: 'Object Repository/beli barang/a_Fashion  Busana Wanita' is clicked on

2023-10-05 13:16:29 - [TEST_STEP][PASSED] - NamaSebelum = getText(findTestObject("verifikasi/Nama sebelum")): Text of object 'Object Repository/verifikasi/Nama sebelum' is: ''

2023-10-05 13:16:30 - [MESSAGE][PASSED] - Text of object 'Object Repository/verifikasi/Nama sebelum' is: ''

2023-10-05 13:16:30 - [TEST_STEP][PASSED] - HargaSebelum = getText(findTestObject("verifikasi/Harga sebelum")): Text of object 'Object Repository/verifikasi/Harga sebelum' is: 'Rp 1,299'

2023-10-05 13:16:30 - [MESSAGE][PASSED] - Text of object 'Object Repository/verifikasi/Harga sebelum' is: 'Rp 1,299'

2023-10-05 13:16:30 - [TEST_STEP][PASSED] - mouseOver(findTestObject("beli barang/barang mouse over")): Object: 'Object Repository/beli barang/barang mouse over' is hovered

2023-10-05 13:16:31 - [MESSAGE][PASSED] - Object: 'Object Repository/beli barang/barang mouse over' is hovered

2023-10-05 13:16:31 - [TEST_STEP][PASSED] - click(findTestObject("beli barang/buttom add to cart")): Object: 'Object Repository/beli barang/buttom add to cart' is clicked on

2023-10-05 13:16:32 - [MESSAGE][PASSED] - Object: 'Object Repository/beli barang/buttom add to cart' is clicked on

2023-10-05 13:16:32 - [TEST_STEP][PASSED] - NamaSesudah = getText(findTestObject("verifikasi/Nama sesudah")): Text of object 'Object Repository/verifikasi/Nama sesudah' is: 'Segitiga Instan Madeira - MDB5.3 Sunset'

2023-10-05 13:16:33 - [MESSAGE][PASSED] - Text of object 'Object Repository/verifikasi/Nama sesudah' is: 'Segitiga Instan Madeira - MDB5.3 Sunset'

2023-10-05 13:16:33 - [TEST_STEP][PASSED] - HargaSesudah = getText(findTestObject("verifikasi/Harga sesudah")): Text of object 'Object Repository/verifikasi/Harga sesudah' is: 'Rp 1,299'

2023-10-05 13:16:33 - [MESSAGE][PASSED] - Text of object 'Object Repository/verifikasi/Harga sesudah' is: 'Rp 1,299'

2023-10-05 13:16:33 - [TEST_STEP][PASSED] - assert NamaSesudah.contains(NamaSebelum): null

2023-10-05 13:16:33 - [TEST_STEP][PASSED] - assert HargaSesudah.contains(HargaSebelum): null

2023-10-05 13:16:33 - [TEST_STEP][PASSED] - click(findTestObject("beli barang/Tambah Keranjang busana wanita")): Object: 'Object Repository/beli barang/Tambah Keranjang busana wanita' is clicked on

2023-10-05 13:16:34 - [MESSAGE][PASSED] - Object: 'Object Repository/beli barang/Tambah Keranjang busana wanita' is clicked on

2023-10-05 13:16:34 - [TEST_STEP][PASSED] - verifyElementPresent(findTestObject("checkout/Notifikasi keranjang"), 1): Object 'Object Repository/checkout/Notifikasi keranjang' is present

2023-10-05 13:16:35 - [MESSAGE][PASSED] - Object 'Object Repository/checkout/Notifikasi keranjang' is present

2023-10-05 13:16:35 - [TEST_STEP][PASSED] - data = new java.util.HashMap(): null

2023-10-05 13:16:35 - [TEST_STEP][PASSED] - data.put("nama_barang", NamaSesudah): null

2023-10-05 13:16:35 - [TEST_STEP][PASSED] - data.put("price_barang", HargaSesudah): null

2023-10-05 13:16:35 - [TEST_STEP][PASSED] - return data: null]]></system-out>
         <system-err><![CDATA[]]></system-err>
      </testcase>
      <testcase name="Test Cases/T13 Pembelian, Shipment dan Pembayaran/PBL-002" time="29.408" classname="Test Cases/T13 Pembelian, Shipment dan Pembayaran/PBL-002" status="PASSED">
         <system-out><![CDATA[2023-10-05 13:16:35 - [TEST_CASE][PASSED] - Test Cases/T13 Pembelian, Shipment dan Pembayaran/PBL-002: Test Cases/T13 Pembelian, Shipment dan Pembayaran/PBL-002

2023-10-05 13:16:35 - [TEST_STEP][PASSED] - data = callTestCase(findTestCase("T13 Pembelian, Shipment dan Pembayaran/PBL-001"), [:], STOP_ON_FAILURE): Call Test Case 'Test Cases/T13 Pembelian, Shipment dan Pembayaran/PBL-001' successfully

2023-10-05 13:16:35 - [TEST_CASE][PASSED] - Test Cases/T13 Pembelian, Shipment dan Pembayaran/PBL-001: Test Cases/T13 Pembelian, Shipment dan Pembayaran/PBL-001

2023-10-05 13:16:35 - [TEST_STEP][PASSED] - callTestCase(findTestCase("T13 Pembelian, Shipment dan Pembayaran/LU-001"), ["username":"irfanafandi", "password":"12345irfan"], STOP_ON_FAILURE): Call Test Case 'Test Cases/T13 Pembelian, Shipment dan Pembayaran/LU-001' successfully

2023-10-05 13:16:35 - [TEST_CASE][PASSED] - Test Cases/T13 Pembelian, Shipment dan Pembayaran/LU-001: Test Cases/T13 Pembelian, Shipment dan Pembayaran/LU-001

2023-10-05 13:16:35 - [TEST_STEP][PASSED] - openBrowser("https://10.9.2.63/ecommerce/"): Browser is opened with url: 'https://10.9.2.63/ecommerce/'

2023-10-05 13:16:35 - [MESSAGE][WARNING] - A browser is already opened. Closing browser and opening a new one

2023-10-05 13:16:36 - [MESSAGE][INFO] - Starting 'Edge Chromium' driver

2023-10-05 13:16:36 - [MESSAGE][INFO] - User set preference: ['acceptInsecureCerts', 'true']

2023-10-05 13:16:38 - [MESSAGE][INFO] - Action delay is set to 0 milliseconds

2023-10-05 13:16:43 - [MESSAGE][PASSED] - Browser is opened with url: 'https://10.9.2.63/ecommerce/'

2023-10-05 13:16:43 - [TEST_STEP][PASSED] - maximizeWindow(): Current window maximized

2023-10-05 13:16:43 - [MESSAGE][PASSED] - Current window maximized

2023-10-05 13:16:43 - [TEST_STEP][PASSED] - verifyElementPresent(findTestObject("Login/Home"), 0): Object 'Object Repository/Login/Home' is present

2023-10-05 13:16:43 - [MESSAGE][WARNING] - Timeout '0' is invalid. Using default page load timeout: '30'

2023-10-05 13:16:44 - [MESSAGE][PASSED] - Object 'Object Repository/Login/Home' is present

2023-10-05 13:16:44 - [TEST_STEP][PASSED] - click(findTestObject("Login/a_Login")): Object: 'Object Repository/Login/a_Login' is clicked on

2023-10-05 13:16:44 - [MESSAGE][PASSED] - Object: 'Object Repository/Login/a_Login' is clicked on

2023-10-05 13:16:44 - [TEST_STEP][PASSED] - verifyElementPresent(findTestObject("Login/Tittle Login"), 0): Object 'Object Repository/Login/Tittle Login' is present

2023-10-05 13:16:45 - [MESSAGE][WARNING] - Timeout '0' is invalid. Using default page load timeout: '30'

2023-10-05 13:16:45 - [MESSAGE][PASSED] - Object 'Object Repository/Login/Tittle Login' is present

2023-10-05 13:16:45 - [TEST_STEP][PASSED] - setText(findTestObject("Login/input_Username, Email atau No. Handphone_a"), username): Text 'irfanafandi' is set on object 'Object Repository/Login/input_Username, Email atau No. Handphone_a'

2023-10-05 13:16:46 - [MESSAGE][PASSED] - Text 'irfanafandi' is set on object 'Object Repository/Login/input_Username, Email atau No. Handphone_a'

2023-10-05 13:16:46 - [TEST_STEP][PASSED] - setText(findTestObject("Login/input_Password_b"), password): Text '12345irfan' is set on object 'Object Repository/Login/input_Password_b'

2023-10-05 13:16:47 - [MESSAGE][PASSED] - Text '12345irfan' is set on object 'Object Repository/Login/input_Password_b'

2023-10-05 13:16:47 - [TEST_STEP][PASSED] - click(findTestObject("Login/label_Ingat saya")): Object: 'Object Repository/Login/label_Ingat saya' is clicked on

2023-10-05 13:16:48 - [MESSAGE][PASSED] - Object: 'Object Repository/Login/label_Ingat saya' is clicked on

2023-10-05 13:16:48 - [TEST_STEP][PASSED] - click(findTestObject("Login/button_Masuk")): Object: 'Object Repository/Login/button_Masuk' is clicked on

2023-10-05 13:16:49 - [MESSAGE][PASSED] - Object: 'Object Repository/Login/button_Masuk' is clicked on

2023-10-05 13:16:49 - [TEST_STEP][PASSED] - verifyElementPresent(findTestObject("Login/li_Profile"), 0): Object 'Object Repository/Login/li_Profile' is present

2023-10-05 13:16:49 - [MESSAGE][WARNING] - Timeout '0' is invalid. Using default page load timeout: '30'

2023-10-05 13:16:50 - [MESSAGE][PASSED] - Object 'Object Repository/Login/li_Profile' is present

2023-10-05 13:16:50 - [MESSAGE][PASSED] - Call Test Case 'Test Cases/T13 Pembelian, Shipment dan Pembayaran/LU-001' successfully

2023-10-05 13:16:50 - [TEST_STEP][PASSED] - mouseOver(findTestObject("beli barang/i_Mulai Belanja_icon-menu")): Object: 'Object Repository/beli barang/i_Mulai Belanja_icon-menu' is hovered

2023-10-05 13:16:51 - [MESSAGE][PASSED] - Object: 'Object Repository/beli barang/i_Mulai Belanja_icon-menu' is hovered

2023-10-05 13:16:51 - [TEST_STEP][PASSED] - click(findTestObject("beli barang/a_Fashion  Busana Wanita")): Object: 'Object Repository/beli barang/a_Fashion  Busana Wanita' is clicked on

2023-10-05 13:16:52 - [MESSAGE][PASSED] - Object: 'Object Repository/beli barang/a_Fashion  Busana Wanita' is clicked on

2023-10-05 13:16:52 - [TEST_STEP][PASSED] - NamaSebelum = getText(findTestObject("verifikasi/Nama sebelum")): Text of object 'Object Repository/verifikasi/Nama sebelum' is: ''

2023-10-05 13:16:52 - [MESSAGE][PASSED] - Text of object 'Object Repository/verifikasi/Nama sebelum' is: ''

2023-10-05 13:16:52 - [TEST_STEP][PASSED] - HargaSebelum = getText(findTestObject("verifikasi/Harga sebelum")): Text of object 'Object Repository/verifikasi/Harga sebelum' is: ''

2023-10-05 13:16:53 - [MESSAGE][PASSED] - Text of object 'Object Repository/verifikasi/Harga sebelum' is: ''

2023-10-05 13:16:53 - [TEST_STEP][PASSED] - mouseOver(findTestObject("beli barang/barang mouse over")): Object: 'Object Repository/beli barang/barang mouse over' is hovered

2023-10-05 13:16:53 - [MESSAGE][PASSED] - Object: 'Object Repository/beli barang/barang mouse over' is hovered

2023-10-05 13:16:53 - [TEST_STEP][PASSED] - click(findTestObject("beli barang/buttom add to cart")): Object: 'Object Repository/beli barang/buttom add to cart' is clicked on

2023-10-05 13:16:55 - [MESSAGE][PASSED] - Object: 'Object Repository/beli barang/buttom add to cart' is clicked on

2023-10-05 13:16:55 - [TEST_STEP][PASSED] - NamaSesudah = getText(findTestObject("verifikasi/Nama sesudah")): Text of object 'Object Repository/verifikasi/Nama sesudah' is: 'Segitiga Instan Madeira - MDB5.3 Sunset'

2023-10-05 13:16:56 - [MESSAGE][PASSED] - Text of object 'Object Repository/verifikasi/Nama sesudah' is: 'Segitiga Instan Madeira - MDB5.3 Sunset'

2023-10-05 13:16:56 - [TEST_STEP][PASSED] - HargaSesudah = getText(findTestObject("verifikasi/Harga sesudah")): Text of object 'Object Repository/verifikasi/Harga sesudah' is: 'Rp 1,299'

2023-10-05 13:16:56 - [MESSAGE][PASSED] - Text of object 'Object Repository/verifikasi/Harga sesudah' is: 'Rp 1,299'

2023-10-05 13:16:56 - [TEST_STEP][PASSED] - assert NamaSesudah.contains(NamaSebelum): null

2023-10-05 13:16:56 - [TEST_STEP][PASSED] - assert HargaSesudah.contains(HargaSebelum): null

2023-10-05 13:16:56 - [TEST_STEP][PASSED] - click(findTestObject("beli barang/Tambah Keranjang busana wanita")): Object: 'Object Repository/beli barang/Tambah Keranjang busana wanita' is clicked on

2023-10-05 13:16:56 - [MESSAGE][PASSED] - Object: 'Object Repository/beli barang/Tambah Keranjang busana wanita' is clicked on

2023-10-05 13:16:56 - [TEST_STEP][PASSED] - verifyElementPresent(findTestObject("checkout/Notifikasi keranjang"), 1): Object 'Object Repository/checkout/Notifikasi keranjang' is present

2023-10-05 13:16:57 - [MESSAGE][PASSED] - Object 'Object Repository/checkout/Notifikasi keranjang' is present

2023-10-05 13:16:57 - [TEST_STEP][PASSED] - data = new java.util.HashMap(): null

2023-10-05 13:16:57 - [TEST_STEP][PASSED] - data.put("nama_barang", NamaSesudah): null

2023-10-05 13:16:57 - [TEST_STEP][PASSED] - data.put("price_barang", HargaSesudah): null

2023-10-05 13:16:57 - [TEST_STEP][PASSED] - return data: null

2023-10-05 13:16:57 - [MESSAGE][PASSED] - Call Test Case 'Test Cases/T13 Pembelian, Shipment dan Pembayaran/PBL-001' successfully

2023-10-05 13:16:57 - [TEST_STEP][PASSED] - mouseOver(findTestObject("beli barang/keranjang")): Object: 'Object Repository/beli barang/keranjang' is hovered

2023-10-05 13:16:58 - [MESSAGE][PASSED] - Object: 'Object Repository/beli barang/keranjang' is hovered

2023-10-05 13:16:58 - [TEST_STEP][PASSED] - click(findTestObject("beli barang/Lihat Sekarang")): Object: 'Object Repository/beli barang/Lihat Sekarang' is clicked on

2023-10-05 13:16:59 - [MESSAGE][PASSED] - Object: 'Object Repository/beli barang/Lihat Sekarang' is clicked on

2023-10-05 13:16:59 - [TEST_STEP][PASSED] - verifyElementPresent(findTestObject("keranjang/li_Keranjang Belanja"), 0): Object 'Object Repository/keranjang/li_Keranjang Belanja' is present

2023-10-05 13:16:59 - [MESSAGE][WARNING] - Timeout '0' is invalid. Using default page load timeout: '30'

2023-10-05 13:17:00 - [MESSAGE][PASSED] - Object 'Object Repository/keranjang/li_Keranjang Belanja' is present

2023-10-05 13:17:00 - [TEST_STEP][PASSED] - NamaKeranjang = getText(findTestObject("verifikasi/Nama keranjang")): Text of object 'Object Repository/verifikasi/Nama keranjang' is: 'Segitiga Instan Madeira - MDB5.3 Sunset'

2023-10-05 13:17:01 - [MESSAGE][PASSED] - Text of object 'Object Repository/verifikasi/Nama keranjang' is: 'Segitiga Instan Madeira - MDB5.3 Sunset'

2023-10-05 13:17:01 - [TEST_STEP][PASSED] - HargaKeranjang = getText(findTestObject("verifikasi/Harga Keranjang")): Text of object 'Object Repository/verifikasi/Harga Keranjang' is: 'Rp 1,299'

2023-10-05 13:17:01 - [MESSAGE][PASSED] - Text of object 'Object Repository/verifikasi/Harga Keranjang' is: 'Rp 1,299'

2023-10-05 13:17:01 - [TEST_STEP][PASSED] - if (toString().equalsIgnoreCase("Merah")): Object 'Object Repository/keranjang/input_Warna_variasi101' is checked

2023-10-05 13:17:01 - [TEST_STEP][PASSED] - check(findTestObject("Object Repository/keranjang/input_Warna_variasi101")): Object 'Object Repository/keranjang/input_Warna_variasi101' is checked

2023-10-05 13:17:01 - [MESSAGE][PASSED] - Object 'Object Repository/keranjang/input_Warna_variasi101' is checked

2023-10-05 13:17:01 - [TEST_STEP][PASSED] - if (toString().equalsIgnoreCase("Menengah")): Object 'Object Repository/keranjang/input_Ukuran_variasi201' is checked

2023-10-05 13:17:01 - [TEST_STEP][PASSED] - check(findTestObject("Object Repository/keranjang/input_Ukuran_variasi201")): Object 'Object Repository/keranjang/input_Ukuran_variasi201' is checked

2023-10-05 13:17:02 - [MESSAGE][PASSED] - Object 'Object Repository/keranjang/input_Ukuran_variasi201' is checked

2023-10-05 13:17:02 - [TEST_STEP][PASSED] - data.put("Warna", warna): null

2023-10-05 13:17:02 - [TEST_STEP][PASSED] - data.put("Ukuran", ukuran): null

2023-10-05 13:17:02 - [TEST_STEP][PASSED] - click(findTestObject("keranjang/button_Lanjut ke Pembayaran")): Object: 'Object Repository/keranjang/button_Lanjut ke Pembayaran' is clicked on

2023-10-05 13:17:03 - [MESSAGE][PASSED] - Object: 'Object Repository/keranjang/button_Lanjut ke Pembayaran' is clicked on

2023-10-05 13:17:03 - [TEST_STEP][PASSED] - verifyElementPresent(findTestObject("checkout/Tittle Checkout Order"), 0): Object 'Object Repository/checkout/Tittle Checkout Order' is present

2023-10-05 13:17:03 - [MESSAGE][WARNING] - Timeout '0' is invalid. Using default page load timeout: '30'

2023-10-05 13:17:04 - [MESSAGE][PASSED] - Object 'Object Repository/checkout/Tittle Checkout Order' is present

2023-10-05 13:17:04 - [TEST_STEP][PASSED] - name_product = data.get("nama_barang"): null

2023-10-05 13:17:04 - [TEST_STEP][PASSED] - price_product = data.get("price_barang"): null

2023-10-05 13:17:04 - [TEST_STEP][PASSED] - assert name_product == NamaKeranjang: null

2023-10-05 13:17:04 - [TEST_STEP][PASSED] - assert price_product == HargaKeranjang: null

2023-10-05 13:17:04 - [TEST_STEP][PASSED] - return data: null]]></system-out>
         <system-err><![CDATA[]]></system-err>
      </testcase>
      <testcase name="Test Cases/T13 Pembelian, Shipment dan Pembayaran/PBL-003" time="30.435" classname="Test Cases/T13 Pembelian, Shipment dan Pembayaran/PBL-003" status="FAILED">
         <failure type="FAILED" message="Test Cases/T13 Pembelian, Shipment dan Pembayaran/PBL-003 FAILED.
Reason:
com.kms.katalon.core.exception.StepFailedException: Unable to verify text 'Silakan pilih warna dan ukuran produk' is present 
	at com.kms.katalon.core.webui.keyword.internal.WebUIKeywordMain.stepFailed(WebUIKeywordMain.groovy:64)
	at com.kms.katalon.core.webui.keyword.internal.WebUIKeywordMain.runKeyword(WebUIKeywordMain.groovy:26)
	at com.kms.katalon.core.webui.keyword.builtin.VerifyTextPresentKeyword.verifyTextPresent(VerifyTextPresentKeyword.groovy:83)
	at com.kms.katalon.core.webui.keyword.builtin.VerifyTextPresentKeyword.execute(VerifyTextPresentKeyword.groovy:68)
	at com.kms.katalon.core.keyword.internal.KeywordExecutor.executeKeywordForPlatform(KeywordExecutor.groovy:74)
	at com.kms.katalon.core.webui.keyword.WebUiBuiltInKeywords.verifyTextPresent(WebUiBuiltInKeywords.groovy:1723)
	at com.kms.katalon.core.webui.keyword.WebUiBuiltInKeywords$verifyTextPresent$7.call(Unknown Source)
	at PBL-003.run(PBL-003:55)
	at com.kms.katalon.core.main.ScriptEngine.run(ScriptEngine.java:194)
	at com.kms.katalon.core.main.ScriptEngine.runScriptAsRawText(ScriptEngine.java:119)
	at com.kms.katalon.core.main.TestCaseExecutor.runScript(TestCaseExecutor.java:448)
	at com.kms.katalon.core.main.TestCaseExecutor.doExecute(TestCaseExecutor.java:439)
	at com.kms.katalon.core.main.TestCaseExecutor.processExecutionPhase(TestCaseExecutor.java:418)
	at com.kms.katalon.core.main.TestCaseExecutor.accessMainPhase(TestCaseExecutor.java:410)
	at com.kms.katalon.core.main.TestCaseExecutor.execute(TestCaseExecutor.java:285)
	at com.kms.katalon.core.common.CommonExecutor.accessTestCaseMainPhase(CommonExecutor.java:65)
	at com.kms.katalon.core.main.TestSuiteExecutor.accessTestSuiteMainPhase(TestSuiteExecutor.java:148)
	at com.kms.katalon.core.main.TestSuiteExecutor.execute(TestSuiteExecutor.java:106)
	at com.kms.katalon.core.main.TestCaseMain.startTestSuite(TestCaseMain.java:187)
	at com.kms.katalon.core.main.TestCaseMain$startTestSuite$0.call(Unknown Source)
	at TempTestSuite1696486556660.run(TempTestSuite1696486556660.groovy:36)
Caused by: com.kms.katalon.core.exception.StepFailedException: Text 'Silakan pilih warna dan ukuran produk' is not present on page 
	at com.kms.katalon.core.webui.keyword.internal.WebUIKeywordMain.stepFailed(WebUIKeywordMain.groovy:64)
	at com.kms.katalon.core.webui.keyword.builtin.VerifyTextPresentKeyword$_verifyTextPresent_closure1.doCall(VerifyTextPresentKeyword.groovy:79)
	at com.kms.katalon.core.webui.keyword.builtin.VerifyTextPresentKeyword$_verifyTextPresent_closure1.call(VerifyTextPresentKeyword.groovy)
	at com.kms.katalon.core.webui.keyword.internal.WebUIKeywordMain.runKeyword(WebUIKeywordMain.groovy:20)
	... 19 more
"/>
         <system-out><![CDATA[2023-10-05 13:17:04 - [TEST_CASE][FAILED] - Test Cases/T13 Pembelian, Shipment dan Pembayaran/PBL-003: Test Cases/T13 Pembelian, Shipment dan Pembayaran/PBL-003 FAILED.
Reason:
com.kms.katalon.core.exception.StepFailedException: Unable to verify text 'Silakan pilih warna dan ukuran produk' is present 
	at com.kms.katalon.core.webui.keyword.internal.WebUIKeywordMain.stepFailed(WebUIKeywordMain.groovy:64)
	at com.kms.katalon.core.webui.keyword.internal.WebUIKeywordMain.runKeyword(WebUIKeywordMain.groovy:26)
	at com.kms.katalon.core.webui.keyword.builtin.VerifyTextPresentKeyword.verifyTextPresent(VerifyTextPresentKeyword.groovy:83)
	at com.kms.katalon.core.webui.keyword.builtin.VerifyTextPresentKeyword.execute(VerifyTextPresentKeyword.groovy:68)
	at com.kms.katalon.core.keyword.internal.KeywordExecutor.executeKeywordForPlatform(KeywordExecutor.groovy:74)
	at com.kms.katalon.core.webui.keyword.WebUiBuiltInKeywords.verifyTextPresent(WebUiBuiltInKeywords.groovy:1723)
	at com.kms.katalon.core.webui.keyword.WebUiBuiltInKeywords$verifyTextPresent$7.call(Unknown Source)
	at PBL-003.run(PBL-003:55)
	at com.kms.katalon.core.main.ScriptEngine.run(ScriptEngine.java:194)
	at com.kms.katalon.core.main.ScriptEngine.runScriptAsRawText(ScriptEngine.java:119)
	at com.kms.katalon.core.main.TestCaseExecutor.runScript(TestCaseExecutor.java:448)
	at com.kms.katalon.core.main.TestCaseExecutor.doExecute(TestCaseExecutor.java:439)
	at com.kms.katalon.core.main.TestCaseExecutor.processExecutionPhase(TestCaseExecutor.java:418)
	at com.kms.katalon.core.main.TestCaseExecutor.accessMainPhase(TestCaseExecutor.java:410)
	at com.kms.katalon.core.main.TestCaseExecutor.execute(TestCaseExecutor.java:285)
	at com.kms.katalon.core.common.CommonExecutor.accessTestCaseMainPhase(CommonExecutor.java:65)
	at com.kms.katalon.core.main.TestSuiteExecutor.accessTestSuiteMainPhase(TestSuiteExecutor.java:148)
	at com.kms.katalon.core.main.TestSuiteExecutor.execute(TestSuiteExecutor.java:106)
	at com.kms.katalon.core.main.TestCaseMain.startTestSuite(TestCaseMain.java:187)
	at com.kms.katalon.core.main.TestCaseMain$startTestSuite$0.call(Unknown Source)
	at TempTestSuite1696486556660.run(TempTestSuite1696486556660.groovy:36)
Caused by: com.kms.katalon.core.exception.StepFailedException: Text 'Silakan pilih warna dan ukuran produk' is not present on page 
	at com.kms.katalon.core.webui.keyword.internal.WebUIKeywordMain.stepFailed(WebUIKeywordMain.groovy:64)
	at com.kms.katalon.core.webui.keyword.builtin.VerifyTextPresentKeyword$_verifyTextPresent_closure1.doCall(VerifyTextPresentKeyword.groovy:79)
	at com.kms.katalon.core.webui.keyword.builtin.VerifyTextPresentKeyword$_verifyTextPresent_closure1.call(VerifyTextPresentKeyword.groovy)
	at com.kms.katalon.core.webui.keyword.internal.WebUIKeywordMain.runKeyword(WebUIKeywordMain.groovy:20)
	... 19 more


2023-10-05 13:17:05 - [TEST_STEP][PASSED] - data = callTestCase(findTestCase("T13 Pembelian, Shipment dan Pembayaran/PBL-001"), [:], STOP_ON_FAILURE): Call Test Case 'Test Cases/T13 Pembelian, Shipment dan Pembayaran/PBL-001' successfully

2023-10-05 13:17:05 - [TEST_CASE][PASSED] - Test Cases/T13 Pembelian, Shipment dan Pembayaran/PBL-001: Test Cases/T13 Pembelian, Shipment dan Pembayaran/PBL-001

2023-10-05 13:17:05 - [TEST_STEP][PASSED] - callTestCase(findTestCase("T13 Pembelian, Shipment dan Pembayaran/LU-001"), ["username":"irfanafandi", "password":"12345irfan"], STOP_ON_FAILURE): Call Test Case 'Test Cases/T13 Pembelian, Shipment dan Pembayaran/LU-001' successfully

2023-10-05 13:17:05 - [TEST_CASE][PASSED] - Test Cases/T13 Pembelian, Shipment dan Pembayaran/LU-001: Test Cases/T13 Pembelian, Shipment dan Pembayaran/LU-001

2023-10-05 13:17:05 - [TEST_STEP][PASSED] - openBrowser("https://10.9.2.63/ecommerce/"): Browser is opened with url: 'https://10.9.2.63/ecommerce/'

2023-10-05 13:17:05 - [MESSAGE][WARNING] - A browser is already opened. Closing browser and opening a new one

2023-10-05 13:17:06 - [MESSAGE][INFO] - Starting 'Edge Chromium' driver

2023-10-05 13:17:06 - [MESSAGE][INFO] - User set preference: ['acceptInsecureCerts', 'true']

2023-10-05 13:17:08 - [MESSAGE][INFO] - Action delay is set to 0 milliseconds

2023-10-05 13:17:11 - [MESSAGE][PASSED] - Browser is opened with url: 'https://10.9.2.63/ecommerce/'

2023-10-05 13:17:11 - [TEST_STEP][PASSED] - maximizeWindow(): Current window maximized

2023-10-05 13:17:12 - [MESSAGE][PASSED] - Current window maximized

2023-10-05 13:17:12 - [TEST_STEP][PASSED] - verifyElementPresent(findTestObject("Login/Home"), 0): Object 'Object Repository/Login/Home' is present

2023-10-05 13:17:12 - [MESSAGE][WARNING] - Timeout '0' is invalid. Using default page load timeout: '30'

2023-10-05 13:17:12 - [MESSAGE][PASSED] - Object 'Object Repository/Login/Home' is present

2023-10-05 13:17:12 - [TEST_STEP][PASSED] - click(findTestObject("Login/a_Login")): Object: 'Object Repository/Login/a_Login' is clicked on

2023-10-05 13:17:13 - [MESSAGE][PASSED] - Object: 'Object Repository/Login/a_Login' is clicked on

2023-10-05 13:17:13 - [TEST_STEP][PASSED] - verifyElementPresent(findTestObject("Login/Tittle Login"), 0): Object 'Object Repository/Login/Tittle Login' is present

2023-10-05 13:17:13 - [MESSAGE][WARNING] - Timeout '0' is invalid. Using default page load timeout: '30'

2023-10-05 13:17:13 - [MESSAGE][PASSED] - Object 'Object Repository/Login/Tittle Login' is present

2023-10-05 13:17:13 - [TEST_STEP][PASSED] - setText(findTestObject("Login/input_Username, Email atau No. Handphone_a"), username): Text 'irfanafandi' is set on object 'Object Repository/Login/input_Username, Email atau No. Handphone_a'

2023-10-05 13:17:14 - [MESSAGE][PASSED] - Text 'irfanafandi' is set on object 'Object Repository/Login/input_Username, Email atau No. Handphone_a'

2023-10-05 13:17:14 - [TEST_STEP][PASSED] - setText(findTestObject("Login/input_Password_b"), password): Text '12345irfan' is set on object 'Object Repository/Login/input_Password_b'

2023-10-05 13:17:15 - [MESSAGE][PASSED] - Text '12345irfan' is set on object 'Object Repository/Login/input_Password_b'

2023-10-05 13:17:15 - [TEST_STEP][PASSED] - click(findTestObject("Login/label_Ingat saya")): Object: 'Object Repository/Login/label_Ingat saya' is clicked on

2023-10-05 13:17:16 - [MESSAGE][PASSED] - Object: 'Object Repository/Login/label_Ingat saya' is clicked on

2023-10-05 13:17:16 - [TEST_STEP][PASSED] - click(findTestObject("Login/button_Masuk")): Object: 'Object Repository/Login/button_Masuk' is clicked on

2023-10-05 13:17:17 - [MESSAGE][PASSED] - Object: 'Object Repository/Login/button_Masuk' is clicked on

2023-10-05 13:17:17 - [TEST_STEP][PASSED] - verifyElementPresent(findTestObject("Login/li_Profile"), 0): Object 'Object Repository/Login/li_Profile' is present

2023-10-05 13:17:17 - [MESSAGE][WARNING] - Timeout '0' is invalid. Using default page load timeout: '30'

2023-10-05 13:17:18 - [MESSAGE][PASSED] - Object 'Object Repository/Login/li_Profile' is present

2023-10-05 13:17:18 - [MESSAGE][PASSED] - Call Test Case 'Test Cases/T13 Pembelian, Shipment dan Pembayaran/LU-001' successfully

2023-10-05 13:17:18 - [TEST_STEP][PASSED] - mouseOver(findTestObject("beli barang/i_Mulai Belanja_icon-menu")): Object: 'Object Repository/beli barang/i_Mulai Belanja_icon-menu' is hovered

2023-10-05 13:17:18 - [MESSAGE][PASSED] - Object: 'Object Repository/beli barang/i_Mulai Belanja_icon-menu' is hovered

2023-10-05 13:17:18 - [TEST_STEP][PASSED] - click(findTestObject("beli barang/a_Fashion  Busana Wanita")): Object: 'Object Repository/beli barang/a_Fashion  Busana Wanita' is clicked on

2023-10-05 13:17:19 - [MESSAGE][PASSED] - Object: 'Object Repository/beli barang/a_Fashion  Busana Wanita' is clicked on

2023-10-05 13:17:19 - [TEST_STEP][PASSED] - NamaSebelum = getText(findTestObject("verifikasi/Nama sebelum")): Text of object 'Object Repository/verifikasi/Nama sebelum' is: ''

2023-10-05 13:17:20 - [MESSAGE][PASSED] - Text of object 'Object Repository/verifikasi/Nama sebelum' is: ''

2023-10-05 13:17:20 - [TEST_STEP][PASSED] - HargaSebelum = getText(findTestObject("verifikasi/Harga sebelum")): Text of object 'Object Repository/verifikasi/Harga sebelum' is: ''

2023-10-05 13:17:21 - [MESSAGE][PASSED] - Text of object 'Object Repository/verifikasi/Harga sebelum' is: ''

2023-10-05 13:17:21 - [TEST_STEP][PASSED] - mouseOver(findTestObject("beli barang/barang mouse over")): Object: 'Object Repository/beli barang/barang mouse over' is hovered

2023-10-05 13:17:22 - [MESSAGE][PASSED] - Object: 'Object Repository/beli barang/barang mouse over' is hovered

2023-10-05 13:17:22 - [TEST_STEP][PASSED] - click(findTestObject("beli barang/buttom add to cart")): Object: 'Object Repository/beli barang/buttom add to cart' is clicked on

2023-10-05 13:17:23 - [MESSAGE][PASSED] - Object: 'Object Repository/beli barang/buttom add to cart' is clicked on

2023-10-05 13:17:23 - [TEST_STEP][PASSED] - NamaSesudah = getText(findTestObject("verifikasi/Nama sesudah")): Text of object 'Object Repository/verifikasi/Nama sesudah' is: 'Segitiga Instan Madeira - MDB5.3 Sunset'

2023-10-05 13:17:24 - [MESSAGE][PASSED] - Text of object 'Object Repository/verifikasi/Nama sesudah' is: 'Segitiga Instan Madeira - MDB5.3 Sunset'

2023-10-05 13:17:24 - [TEST_STEP][PASSED] - HargaSesudah = getText(findTestObject("verifikasi/Harga sesudah")): Text of object 'Object Repository/verifikasi/Harga sesudah' is: 'Rp 1,299'

2023-10-05 13:17:24 - [MESSAGE][PASSED] - Text of object 'Object Repository/verifikasi/Harga sesudah' is: 'Rp 1,299'

2023-10-05 13:17:24 - [TEST_STEP][PASSED] - assert NamaSesudah.contains(NamaSebelum): null

2023-10-05 13:17:24 - [TEST_STEP][PASSED] - assert HargaSesudah.contains(HargaSebelum): null

2023-10-05 13:17:24 - [TEST_STEP][PASSED] - click(findTestObject("beli barang/Tambah Keranjang busana wanita")): Object: 'Object Repository/beli barang/Tambah Keranjang busana wanita' is clicked on

2023-10-05 13:17:25 - [MESSAGE][PASSED] - Object: 'Object Repository/beli barang/Tambah Keranjang busana wanita' is clicked on

2023-10-05 13:17:25 - [TEST_STEP][PASSED] - verifyElementPresent(findTestObject("checkout/Notifikasi keranjang"), 1): Object 'Object Repository/checkout/Notifikasi keranjang' is present

2023-10-05 13:17:25 - [MESSAGE][PASSED] - Object 'Object Repository/checkout/Notifikasi keranjang' is present

2023-10-05 13:17:25 - [TEST_STEP][PASSED] - data = new java.util.HashMap(): null

2023-10-05 13:17:25 - [TEST_STEP][PASSED] - data.put("nama_barang", NamaSesudah): null

2023-10-05 13:17:25 - [TEST_STEP][PASSED] - data.put("price_barang", HargaSesudah): null

2023-10-05 13:17:25 - [TEST_STEP][PASSED] - return data: null

2023-10-05 13:17:25 - [MESSAGE][PASSED] - Call Test Case 'Test Cases/T13 Pembelian, Shipment dan Pembayaran/PBL-001' successfully

2023-10-05 13:17:25 - [TEST_STEP][PASSED] - mouseOver(findTestObject("beli barang/keranjang")): Object: 'Object Repository/beli barang/keranjang' is hovered

2023-10-05 13:17:26 - [MESSAGE][PASSED] - Object: 'Object Repository/beli barang/keranjang' is hovered

2023-10-05 13:17:26 - [TEST_STEP][PASSED] - click(findTestObject("beli barang/Lihat Sekarang")): Object: 'Object Repository/beli barang/Lihat Sekarang' is clicked on

2023-10-05 13:17:27 - [MESSAGE][PASSED] - Object: 'Object Repository/beli barang/Lihat Sekarang' is clicked on

2023-10-05 13:17:27 - [TEST_STEP][PASSED] - verifyElementPresent(findTestObject("keranjang/li_Keranjang Belanja"), 0): Object 'Object Repository/keranjang/li_Keranjang Belanja' is present

2023-10-05 13:17:27 - [MESSAGE][WARNING] - Timeout '0' is invalid. Using default page load timeout: '30'

2023-10-05 13:17:28 - [MESSAGE][PASSED] - Object 'Object Repository/keranjang/li_Keranjang Belanja' is present

2023-10-05 13:17:28 - [TEST_STEP][PASSED] - click(findTestObject("keranjang/button_Lanjut ke Pembayaran")): Object: 'Object Repository/keranjang/button_Lanjut ke Pembayaran' is clicked on

2023-10-05 13:17:30 - [MESSAGE][PASSED] - Object: 'Object Repository/keranjang/button_Lanjut ke Pembayaran' is clicked on

2023-10-05 13:17:30 - [TEST_STEP][PASSED] - mouseOver(findTestObject("beli barang/keranjang")): Object: 'Object Repository/beli barang/keranjang' is hovered

2023-10-05 13:17:31 - [MESSAGE][PASSED] - Object: 'Object Repository/beli barang/keranjang' is hovered

2023-10-05 13:17:31 - [TEST_STEP][PASSED] - click(findTestObject("hapus barang/buttom x")): Object: 'Object Repository/hapus barang/buttom x' is clicked on

2023-10-05 13:17:31 - [MESSAGE][PASSED] - Object: 'Object Repository/hapus barang/buttom x' is clicked on

2023-10-05 13:17:31 - [TEST_STEP][PASSED] - click(findTestObject("hapus barang/button_Hapus Barang")): Object: 'Object Repository/hapus barang/button_Hapus Barang' is clicked on

2023-10-05 13:17:32 - [MESSAGE][PASSED] - Object: 'Object Repository/hapus barang/button_Hapus Barang' is clicked on

2023-10-05 13:17:32 - [TEST_STEP][FAILED] - verifyTextPresent("Silakan pilih warna dan ukuran produk", false): Unable to verify text 'Silakan pilih warna dan ukuran produk' is present  (Root cause: com.kms.katalon.core.exception.StepFailedException: Unable to verify text 'Silakan pilih warna dan ukuran produk' is present 
	at com.kms.katalon.core.webui.keyword.internal.WebUIKeywordMain.stepFailed(WebUIKeywordMain.groovy:64)
	at com.kms.katalon.core.webui.keyword.internal.WebUIKeywordMain.runKeyword(WebUIKeywordMain.groovy:26)
	at com.kms.katalon.core.webui.keyword.builtin.VerifyTextPresentKeyword.verifyTextPresent(VerifyTextPresentKeyword.groovy:83)
	at com.kms.katalon.core.webui.keyword.builtin.VerifyTextPresentKeyword.execute(VerifyTextPresentKeyword.groovy:68)
	at com.kms.katalon.core.keyword.internal.KeywordExecutor.executeKeywordForPlatform(KeywordExecutor.groovy:74)
	at com.kms.katalon.core.webui.keyword.WebUiBuiltInKeywords.verifyTextPresent(WebUiBuiltInKeywords.groovy:1723)
	at com.kms.katalon.core.webui.keyword.WebUiBuiltInKeywords$verifyTextPresent$7.call(Unknown Source)
	at PBL-003.run(PBL-003:55)
	at com.kms.katalon.core.main.ScriptEngine.run(ScriptEngine.java:194)
	at com.kms.katalon.core.main.ScriptEngine.runScriptAsRawText(ScriptEngine.java:119)
	at com.kms.katalon.core.main.TestCaseExecutor.runScript(TestCaseExecutor.java:448)
	at com.kms.katalon.core.main.TestCaseExecutor.doExecute(TestCaseExecutor.java:439)
	at com.kms.katalon.core.main.TestCaseExecutor.processExecutionPhase(TestCaseExecutor.java:418)
	at com.kms.katalon.core.main.TestCaseExecutor.accessMainPhase(TestCaseExecutor.java:410)
	at com.kms.katalon.core.main.TestCaseExecutor.execute(TestCaseExecutor.java:285)
	at com.kms.katalon.core.common.CommonExecutor.accessTestCaseMainPhase(CommonExecutor.java:65)
	at com.kms.katalon.core.main.TestSuiteExecutor.accessTestSuiteMainPhase(TestSuiteExecutor.java:148)
	at com.kms.katalon.core.main.TestSuiteExecutor.execute(TestSuiteExecutor.java:106)
	at com.kms.katalon.core.main.TestCaseMain.startTestSuite(TestCaseMain.java:187)
	at com.kms.katalon.core.main.TestCaseMain$startTestSuite$0.call(Unknown Source)
	at TempTestSuite1696486556660.run(TempTestSuite1696486556660.groovy:36)
Caused by: com.kms.katalon.core.exception.StepFailedException: Text 'Silakan pilih warna dan ukuran produk' is not present on page 
	at com.kms.katalon.core.webui.keyword.internal.WebUIKeywordMain.stepFailed(WebUIKeywordMain.groovy:64)
	at com.kms.katalon.core.webui.keyword.builtin.VerifyTextPresentKeyword$_verifyTextPresent_closure1.doCall(VerifyTextPresentKeyword.groovy:79)
	at com.kms.katalon.core.webui.keyword.builtin.VerifyTextPresentKeyword$_verifyTextPresent_closure1.call(VerifyTextPresentKeyword.groovy)
	at com.kms.katalon.core.webui.keyword.internal.WebUIKeywordMain.runKeyword(WebUIKeywordMain.groovy:20)
	... 19 more
)

2023-10-05 13:17:35 - [MESSAGE][FAILED] - Text 'Silakan pilih warna dan ukuran produk' is not present on page  (Root cause: com.kms.katalon.core.exception.StepFailedException: Text 'Silakan pilih warna dan ukuran produk' is not present on page 
	at com.kms.katalon.core.webui.keyword.internal.WebUIKeywordMain.stepFailed(WebUIKeywordMain.groovy:64)
	at com.kms.katalon.core.webui.keyword.builtin.VerifyTextPresentKeyword$_verifyTextPresent_closure1.doCall(VerifyTextPresentKeyword.groovy:79)
	at com.kms.katalon.core.webui.keyword.builtin.VerifyTextPresentKeyword$_verifyTextPresent_closure1.call(VerifyTextPresentKeyword.groovy)
	at com.kms.katalon.core.webui.keyword.internal.WebUIKeywordMain.runKeyword(WebUIKeywordMain.groovy:20)
	at com.kms.katalon.core.webui.keyword.builtin.VerifyTextPresentKeyword.verifyTextPresent(VerifyTextPresentKeyword.groovy:83)
	at com.kms.katalon.core.webui.keyword.builtin.VerifyTextPresentKeyword.execute(VerifyTextPresentKeyword.groovy:68)
	at com.kms.katalon.core.keyword.internal.KeywordExecutor.executeKeywordForPlatform(KeywordExecutor.groovy:74)
	at com.kms.katalon.core.webui.keyword.WebUiBuiltInKeywords.verifyTextPresent(WebUiBuiltInKeywords.groovy:1723)
	at com.kms.katalon.core.webui.keyword.WebUiBuiltInKeywords$verifyTextPresent$7.call(Unknown Source)
	at PBL-003.run(PBL-003:55)
	at com.kms.katalon.core.main.ScriptEngine.run(ScriptEngine.java:194)
	at com.kms.katalon.core.main.ScriptEngine.runScriptAsRawText(ScriptEngine.java:119)
	at com.kms.katalon.core.main.TestCaseExecutor.runScript(TestCaseExecutor.java:448)
	at com.kms.katalon.core.main.TestCaseExecutor.doExecute(TestCaseExecutor.java:439)
	at com.kms.katalon.core.main.TestCaseExecutor.processExecutionPhase(TestCaseExecutor.java:418)
	at com.kms.katalon.core.main.TestCaseExecutor.accessMainPhase(TestCaseExecutor.java:410)
	at com.kms.katalon.core.main.TestCaseExecutor.execute(TestCaseExecutor.java:285)
	at com.kms.katalon.core.common.CommonExecutor.accessTestCaseMainPhase(CommonExecutor.java:65)
	at com.kms.katalon.core.main.TestSuiteExecutor.accessTestSuiteMainPhase(TestSuiteExecutor.java:148)
	at com.kms.katalon.core.main.TestSuiteExecutor.execute(TestSuiteExecutor.java:106)
	at com.kms.katalon.core.main.TestCaseMain.startTestSuite(TestCaseMain.java:187)
	at com.kms.katalon.core.main.TestCaseMain$startTestSuite$0.call(Unknown Source)
	at TempTestSuite1696486556660.run(TempTestSuite1696486556660.groovy:36)
)

2023-10-05 13:17:35 - [MESSAGE][FAILED] - Unable to verify text 'Silakan pilih warna dan ukuran produk' is present  (Root cause: com.kms.katalon.core.exception.StepFailedException: Unable to verify text 'Silakan pilih warna dan ukuran produk' is present 
	at com.kms.katalon.core.webui.keyword.internal.WebUIKeywordMain.stepFailed(WebUIKeywordMain.groovy:64)
	at com.kms.katalon.core.webui.keyword.internal.WebUIKeywordMain.runKeyword(WebUIKeywordMain.groovy:26)
	at com.kms.katalon.core.webui.keyword.builtin.VerifyTextPresentKeyword.verifyTextPresent(VerifyTextPresentKeyword.groovy:83)
	at com.kms.katalon.core.webui.keyword.builtin.VerifyTextPresentKeyword.execute(VerifyTextPresentKeyword.groovy:68)
	at com.kms.katalon.core.keyword.internal.KeywordExecutor.executeKeywordForPlatform(KeywordExecutor.groovy:74)
	at com.kms.katalon.core.webui.keyword.WebUiBuiltInKeywords.verifyTextPresent(WebUiBuiltInKeywords.groovy:1723)
	at com.kms.katalon.core.webui.keyword.WebUiBuiltInKeywords$verifyTextPresent$7.call(Unknown Source)
	at PBL-003.run(PBL-003:55)
	at com.kms.katalon.core.main.ScriptEngine.run(ScriptEngine.java:194)
	at com.kms.katalon.core.main.ScriptEngine.runScriptAsRawText(ScriptEngine.java:119)
	at com.kms.katalon.core.main.TestCaseExecutor.runScript(TestCaseExecutor.java:448)
	at com.kms.katalon.core.main.TestCaseExecutor.doExecute(TestCaseExecutor.java:439)
	at com.kms.katalon.core.main.TestCaseExecutor.processExecutionPhase(TestCaseExecutor.java:418)
	at com.kms.katalon.core.main.TestCaseExecutor.accessMainPhase(TestCaseExecutor.java:410)
	at com.kms.katalon.core.main.TestCaseExecutor.execute(TestCaseExecutor.java:285)
	at com.kms.katalon.core.common.CommonExecutor.accessTestCaseMainPhase(CommonExecutor.java:65)
	at com.kms.katalon.core.main.TestSuiteExecutor.accessTestSuiteMainPhase(TestSuiteExecutor.java:148)
	at com.kms.katalon.core.main.TestSuiteExecutor.execute(TestSuiteExecutor.java:106)
	at com.kms.katalon.core.main.TestCaseMain.startTestSuite(TestCaseMain.java:187)
	at com.kms.katalon.core.main.TestCaseMain$startTestSuite$0.call(Unknown Source)
	at TempTestSuite1696486556660.run(TempTestSuite1696486556660.groovy:36)
Caused by: com.kms.katalon.core.exception.StepFailedException: Text 'Silakan pilih warna dan ukuran produk' is not present on page 
	at com.kms.katalon.core.webui.keyword.internal.WebUIKeywordMain.stepFailed(WebUIKeywordMain.groovy:64)
	at com.kms.katalon.core.webui.keyword.builtin.VerifyTextPresentKeyword$_verifyTextPresent_closure1.doCall(VerifyTextPresentKeyword.groovy:79)
	at com.kms.katalon.core.webui.keyword.builtin.VerifyTextPresentKeyword$_verifyTextPresent_closure1.call(VerifyTextPresentKeyword.groovy)
	at com.kms.katalon.core.webui.keyword.internal.WebUIKeywordMain.runKeyword(WebUIKeywordMain.groovy:20)
	... 19 more
)
[[ATTACHMENT|C:\\FT2 XSIS\\Projek 2 MINI PROJEK\\Reports\\20231005_131556\\T13 Pembelian, Shipment dan Pembayaran\\T13 Pembelian, Shipment dan Pembayaran\\20231005_131556\\1696486655063.png]]]]></system-out>
         <system-err><![CDATA[2023-10-05 13:17:04 - [TEST_CASE][FAILED] - Test Cases/T13 Pembelian, Shipment dan Pembayaran/PBL-003: Test Cases/T13 Pembelian, Shipment dan Pembayaran/PBL-003 FAILED.
Reason:
com.kms.katalon.core.exception.StepFailedException: Unable to verify text 'Silakan pilih warna dan ukuran produk' is present 
	at com.kms.katalon.core.webui.keyword.internal.WebUIKeywordMain.stepFailed(WebUIKeywordMain.groovy:64)
	at com.kms.katalon.core.webui.keyword.internal.WebUIKeywordMain.runKeyword(WebUIKeywordMain.groovy:26)
	at com.kms.katalon.core.webui.keyword.builtin.VerifyTextPresentKeyword.verifyTextPresent(VerifyTextPresentKeyword.groovy:83)
	at com.kms.katalon.core.webui.keyword.builtin.VerifyTextPresentKeyword.execute(VerifyTextPresentKeyword.groovy:68)
	at com.kms.katalon.core.keyword.internal.KeywordExecutor.executeKeywordForPlatform(KeywordExecutor.groovy:74)
	at com.kms.katalon.core.webui.keyword.WebUiBuiltInKeywords.verifyTextPresent(WebUiBuiltInKeywords.groovy:1723)
	at com.kms.katalon.core.webui.keyword.WebUiBuiltInKeywords$verifyTextPresent$7.call(Unknown Source)
	at PBL-003.run(PBL-003:55)
	at com.kms.katalon.core.main.ScriptEngine.run(ScriptEngine.java:194)
	at com.kms.katalon.core.main.ScriptEngine.runScriptAsRawText(ScriptEngine.java:119)
	at com.kms.katalon.core.main.TestCaseExecutor.runScript(TestCaseExecutor.java:448)
	at com.kms.katalon.core.main.TestCaseExecutor.doExecute(TestCaseExecutor.java:439)
	at com.kms.katalon.core.main.TestCaseExecutor.processExecutionPhase(TestCaseExecutor.java:418)
	at com.kms.katalon.core.main.TestCaseExecutor.accessMainPhase(TestCaseExecutor.java:410)
	at com.kms.katalon.core.main.TestCaseExecutor.execute(TestCaseExecutor.java:285)
	at com.kms.katalon.core.common.CommonExecutor.accessTestCaseMainPhase(CommonExecutor.java:65)
	at com.kms.katalon.core.main.TestSuiteExecutor.accessTestSuiteMainPhase(TestSuiteExecutor.java:148)
	at com.kms.katalon.core.main.TestSuiteExecutor.execute(TestSuiteExecutor.java:106)
	at com.kms.katalon.core.main.TestCaseMain.startTestSuite(TestCaseMain.java:187)
	at com.kms.katalon.core.main.TestCaseMain$startTestSuite$0.call(Unknown Source)
	at TempTestSuite1696486556660.run(TempTestSuite1696486556660.groovy:36)
Caused by: com.kms.katalon.core.exception.StepFailedException: Text 'Silakan pilih warna dan ukuran produk' is not present on page 
	at com.kms.katalon.core.webui.keyword.internal.WebUIKeywordMain.stepFailed(WebUIKeywordMain.groovy:64)
	at com.kms.katalon.core.webui.keyword.builtin.VerifyTextPresentKeyword$_verifyTextPresent_closure1.doCall(VerifyTextPresentKeyword.groovy:79)
	at com.kms.katalon.core.webui.keyword.builtin.VerifyTextPresentKeyword$_verifyTextPresent_closure1.call(VerifyTextPresentKeyword.groovy)
	at com.kms.katalon.core.webui.keyword.internal.WebUIKeywordMain.runKeyword(WebUIKeywordMain.groovy:20)
	... 19 more]]></system-err>
      </testcase>
      <testcase name="Test Cases/T13 Pembelian, Shipment dan Pembayaran/PBL-004" time="44.343" classname="Test Cases/T13 Pembelian, Shipment dan Pembayaran/PBL-004" status="PASSED">
         <system-out><![CDATA[2023-10-05 13:17:35 - [TEST_CASE][PASSED] - Test Cases/T13 Pembelian, Shipment dan Pembayaran/PBL-004: Test Cases/T13 Pembelian, Shipment dan Pembayaran/PBL-004

2023-10-05 13:17:35 - [TEST_STEP][PASSED] - data = callTestCase(findTestCase("T13 Pembelian, Shipment dan Pembayaran/PBL-002"), [:], STOP_ON_FAILURE): Call Test Case 'Test Cases/T13 Pembelian, Shipment dan Pembayaran/PBL-002' successfully

2023-10-05 13:17:35 - [TEST_CASE][PASSED] - Test Cases/T13 Pembelian, Shipment dan Pembayaran/PBL-002: Test Cases/T13 Pembelian, Shipment dan Pembayaran/PBL-002

2023-10-05 13:17:35 - [TEST_STEP][PASSED] - data = callTestCase(findTestCase("T13 Pembelian, Shipment dan Pembayaran/PBL-001"), [:], STOP_ON_FAILURE): Call Test Case 'Test Cases/T13 Pembelian, Shipment dan Pembayaran/PBL-001' successfully

2023-10-05 13:17:35 - [TEST_CASE][PASSED] - Test Cases/T13 Pembelian, Shipment dan Pembayaran/PBL-001: Test Cases/T13 Pembelian, Shipment dan Pembayaran/PBL-001

2023-10-05 13:17:35 - [TEST_STEP][PASSED] - callTestCase(findTestCase("T13 Pembelian, Shipment dan Pembayaran/LU-001"), ["username":"irfanafandi", "password":"12345irfan"], STOP_ON_FAILURE): Call Test Case 'Test Cases/T13 Pembelian, Shipment dan Pembayaran/LU-001' successfully

2023-10-05 13:17:36 - [TEST_CASE][PASSED] - Test Cases/T13 Pembelian, Shipment dan Pembayaran/LU-001: Test Cases/T13 Pembelian, Shipment dan Pembayaran/LU-001

2023-10-05 13:17:36 - [TEST_STEP][PASSED] - openBrowser("https://10.9.2.63/ecommerce/"): Browser is opened with url: 'https://10.9.2.63/ecommerce/'

2023-10-05 13:17:36 - [MESSAGE][WARNING] - A browser is already opened. Closing browser and opening a new one

2023-10-05 13:17:36 - [MESSAGE][INFO] - Starting 'Edge Chromium' driver

2023-10-05 13:17:36 - [MESSAGE][INFO] - User set preference: ['acceptInsecureCerts', 'true']

2023-10-05 13:17:38 - [MESSAGE][INFO] - Action delay is set to 0 milliseconds

2023-10-05 13:17:43 - [MESSAGE][PASSED] - Browser is opened with url: 'https://10.9.2.63/ecommerce/'

2023-10-05 13:17:43 - [TEST_STEP][PASSED] - maximizeWindow(): Current window maximized

2023-10-05 13:17:43 - [MESSAGE][PASSED] - Current window maximized

2023-10-05 13:17:43 - [TEST_STEP][PASSED] - verifyElementPresent(findTestObject("Login/Home"), 0): Object 'Object Repository/Login/Home' is present

2023-10-05 13:17:43 - [MESSAGE][WARNING] - Timeout '0' is invalid. Using default page load timeout: '30'

2023-10-05 13:17:44 - [MESSAGE][PASSED] - Object 'Object Repository/Login/Home' is present

2023-10-05 13:17:44 - [TEST_STEP][PASSED] - click(findTestObject("Login/a_Login")): Object: 'Object Repository/Login/a_Login' is clicked on

2023-10-05 13:17:44 - [MESSAGE][PASSED] - Object: 'Object Repository/Login/a_Login' is clicked on

2023-10-05 13:17:44 - [TEST_STEP][PASSED] - verifyElementPresent(findTestObject("Login/Tittle Login"), 0): Object 'Object Repository/Login/Tittle Login' is present

2023-10-05 13:17:44 - [MESSAGE][WARNING] - Timeout '0' is invalid. Using default page load timeout: '30'

2023-10-05 13:17:45 - [MESSAGE][PASSED] - Object 'Object Repository/Login/Tittle Login' is present

2023-10-05 13:17:45 - [TEST_STEP][PASSED] - setText(findTestObject("Login/input_Username, Email atau No. Handphone_a"), username): Text 'irfanafandi' is set on object 'Object Repository/Login/input_Username, Email atau No. Handphone_a'

2023-10-05 13:17:46 - [MESSAGE][PASSED] - Text 'irfanafandi' is set on object 'Object Repository/Login/input_Username, Email atau No. Handphone_a'

2023-10-05 13:17:46 - [TEST_STEP][PASSED] - setText(findTestObject("Login/input_Password_b"), password): Text '12345irfan' is set on object 'Object Repository/Login/input_Password_b'

2023-10-05 13:17:47 - [MESSAGE][PASSED] - Text '12345irfan' is set on object 'Object Repository/Login/input_Password_b'

2023-10-05 13:17:47 - [TEST_STEP][PASSED] - click(findTestObject("Login/label_Ingat saya")): Object: 'Object Repository/Login/label_Ingat saya' is clicked on

2023-10-05 13:17:47 - [MESSAGE][PASSED] - Object: 'Object Repository/Login/label_Ingat saya' is clicked on

2023-10-05 13:17:47 - [TEST_STEP][PASSED] - click(findTestObject("Login/button_Masuk")): Object: 'Object Repository/Login/button_Masuk' is clicked on

2023-10-05 13:17:49 - [MESSAGE][PASSED] - Object: 'Object Repository/Login/button_Masuk' is clicked on

2023-10-05 13:17:49 - [TEST_STEP][PASSED] - verifyElementPresent(findTestObject("Login/li_Profile"), 0): Object 'Object Repository/Login/li_Profile' is present

2023-10-05 13:17:49 - [MESSAGE][WARNING] - Timeout '0' is invalid. Using default page load timeout: '30'

2023-10-05 13:17:49 - [MESSAGE][PASSED] - Object 'Object Repository/Login/li_Profile' is present

2023-10-05 13:17:49 - [MESSAGE][PASSED] - Call Test Case 'Test Cases/T13 Pembelian, Shipment dan Pembayaran/LU-001' successfully

2023-10-05 13:17:49 - [TEST_STEP][PASSED] - mouseOver(findTestObject("beli barang/i_Mulai Belanja_icon-menu")): Object: 'Object Repository/beli barang/i_Mulai Belanja_icon-menu' is hovered

2023-10-05 13:17:50 - [MESSAGE][PASSED] - Object: 'Object Repository/beli barang/i_Mulai Belanja_icon-menu' is hovered

2023-10-05 13:17:50 - [TEST_STEP][PASSED] - click(findTestObject("beli barang/a_Fashion  Busana Wanita")): Object: 'Object Repository/beli barang/a_Fashion  Busana Wanita' is clicked on

2023-10-05 13:17:51 - [MESSAGE][PASSED] - Object: 'Object Repository/beli barang/a_Fashion  Busana Wanita' is clicked on

2023-10-05 13:17:51 - [TEST_STEP][PASSED] - NamaSebelum = getText(findTestObject("verifikasi/Nama sebelum")): Text of object 'Object Repository/verifikasi/Nama sebelum' is: ''

2023-10-05 13:17:52 - [MESSAGE][PASSED] - Text of object 'Object Repository/verifikasi/Nama sebelum' is: ''

2023-10-05 13:17:52 - [TEST_STEP][PASSED] - HargaSebelum = getText(findTestObject("verifikasi/Harga sebelum")): Text of object 'Object Repository/verifikasi/Harga sebelum' is: 'Rp 1,299'

2023-10-05 13:17:52 - [MESSAGE][PASSED] - Text of object 'Object Repository/verifikasi/Harga sebelum' is: 'Rp 1,299'

2023-10-05 13:17:52 - [TEST_STEP][PASSED] - mouseOver(findTestObject("beli barang/barang mouse over")): Object: 'Object Repository/beli barang/barang mouse over' is hovered

2023-10-05 13:17:53 - [MESSAGE][PASSED] - Object: 'Object Repository/beli barang/barang mouse over' is hovered

2023-10-05 13:17:53 - [TEST_STEP][PASSED] - click(findTestObject("beli barang/buttom add to cart")): Object: 'Object Repository/beli barang/buttom add to cart' is clicked on

2023-10-05 13:17:54 - [MESSAGE][PASSED] - Object: 'Object Repository/beli barang/buttom add to cart' is clicked on

2023-10-05 13:17:54 - [TEST_STEP][PASSED] - NamaSesudah = getText(findTestObject("verifikasi/Nama sesudah")): Text of object 'Object Repository/verifikasi/Nama sesudah' is: 'Segitiga Instan Madeira - MDB5.3 Sunset'

2023-10-05 13:17:55 - [MESSAGE][PASSED] - Text of object 'Object Repository/verifikasi/Nama sesudah' is: 'Segitiga Instan Madeira - MDB5.3 Sunset'

2023-10-05 13:17:55 - [TEST_STEP][PASSED] - HargaSesudah = getText(findTestObject("verifikasi/Harga sesudah")): Text of object 'Object Repository/verifikasi/Harga sesudah' is: 'Rp 1,299'

2023-10-05 13:17:55 - [MESSAGE][PASSED] - Text of object 'Object Repository/verifikasi/Harga sesudah' is: 'Rp 1,299'

2023-10-05 13:17:55 - [TEST_STEP][PASSED] - assert NamaSesudah.contains(NamaSebelum): null

2023-10-05 13:17:55 - [TEST_STEP][PASSED] - assert HargaSesudah.contains(HargaSebelum): null

2023-10-05 13:17:55 - [TEST_STEP][PASSED] - click(findTestObject("beli barang/Tambah Keranjang busana wanita")): Object: 'Object Repository/beli barang/Tambah Keranjang busana wanita' is clicked on

2023-10-05 13:17:56 - [MESSAGE][PASSED] - Object: 'Object Repository/beli barang/Tambah Keranjang busana wanita' is clicked on

2023-10-05 13:17:56 - [TEST_STEP][PASSED] - verifyElementPresent(findTestObject("checkout/Notifikasi keranjang"), 1): Object 'Object Repository/checkout/Notifikasi keranjang' is present

2023-10-05 13:17:57 - [MESSAGE][PASSED] - Object 'Object Repository/checkout/Notifikasi keranjang' is present

2023-10-05 13:17:57 - [TEST_STEP][PASSED] - data = new java.util.HashMap(): null

2023-10-05 13:17:57 - [TEST_STEP][PASSED] - data.put("nama_barang", NamaSesudah): null

2023-10-05 13:17:57 - [TEST_STEP][PASSED] - data.put("price_barang", HargaSesudah): null

2023-10-05 13:17:57 - [TEST_STEP][PASSED] - return data: null

2023-10-05 13:17:57 - [MESSAGE][PASSED] - Call Test Case 'Test Cases/T13 Pembelian, Shipment dan Pembayaran/PBL-001' successfully

2023-10-05 13:17:57 - [TEST_STEP][PASSED] - mouseOver(findTestObject("beli barang/keranjang")): Object: 'Object Repository/beli barang/keranjang' is hovered

2023-10-05 13:17:57 - [MESSAGE][PASSED] - Object: 'Object Repository/beli barang/keranjang' is hovered

2023-10-05 13:17:57 - [TEST_STEP][PASSED] - click(findTestObject("beli barang/Lihat Sekarang")): Object: 'Object Repository/beli barang/Lihat Sekarang' is clicked on

2023-10-05 13:17:58 - [MESSAGE][PASSED] - Object: 'Object Repository/beli barang/Lihat Sekarang' is clicked on

2023-10-05 13:17:58 - [TEST_STEP][PASSED] - verifyElementPresent(findTestObject("keranjang/li_Keranjang Belanja"), 0): Object 'Object Repository/keranjang/li_Keranjang Belanja' is present

2023-10-05 13:17:58 - [MESSAGE][WARNING] - Timeout '0' is invalid. Using default page load timeout: '30'

2023-10-05 13:17:59 - [MESSAGE][PASSED] - Object 'Object Repository/keranjang/li_Keranjang Belanja' is present

2023-10-05 13:17:59 - [TEST_STEP][PASSED] - NamaKeranjang = getText(findTestObject("verifikasi/Nama keranjang")): Text of object 'Object Repository/verifikasi/Nama keranjang' is: 'Segitiga Instan Madeira - MDB5.3 Sunset'

2023-10-05 13:18:00 - [MESSAGE][PASSED] - Text of object 'Object Repository/verifikasi/Nama keranjang' is: 'Segitiga Instan Madeira - MDB5.3 Sunset'

2023-10-05 13:18:00 - [TEST_STEP][PASSED] - HargaKeranjang = getText(findTestObject("verifikasi/Harga Keranjang")): Text of object 'Object Repository/verifikasi/Harga Keranjang' is: 'Rp 1,299'

2023-10-05 13:18:00 - [MESSAGE][PASSED] - Text of object 'Object Repository/verifikasi/Harga Keranjang' is: 'Rp 1,299'

2023-10-05 13:18:00 - [TEST_STEP][PASSED] - if (toString().equalsIgnoreCase("Merah")): Object 'Object Repository/keranjang/input_Warna_variasi101' is checked

2023-10-05 13:18:00 - [TEST_STEP][PASSED] - check(findTestObject("Object Repository/keranjang/input_Warna_variasi101")): Object 'Object Repository/keranjang/input_Warna_variasi101' is checked

2023-10-05 13:18:01 - [MESSAGE][PASSED] - Object 'Object Repository/keranjang/input_Warna_variasi101' is checked

2023-10-05 13:18:01 - [TEST_STEP][PASSED] - if (toString().equalsIgnoreCase("Menengah")): Object 'Object Repository/keranjang/input_Ukuran_variasi201' is checked

2023-10-05 13:18:01 - [TEST_STEP][PASSED] - check(findTestObject("Object Repository/keranjang/input_Ukuran_variasi201")): Object 'Object Repository/keranjang/input_Ukuran_variasi201' is checked

2023-10-05 13:18:01 - [MESSAGE][PASSED] - Object 'Object Repository/keranjang/input_Ukuran_variasi201' is checked

2023-10-05 13:18:01 - [TEST_STEP][PASSED] - data.put("Warna", warna): null

2023-10-05 13:18:01 - [TEST_STEP][PASSED] - data.put("Ukuran", ukuran): null

2023-10-05 13:18:01 - [TEST_STEP][PASSED] - click(findTestObject("keranjang/button_Lanjut ke Pembayaran")): Object: 'Object Repository/keranjang/button_Lanjut ke Pembayaran' is clicked on

2023-10-05 13:18:03 - [MESSAGE][PASSED] - Object: 'Object Repository/keranjang/button_Lanjut ke Pembayaran' is clicked on

2023-10-05 13:18:03 - [TEST_STEP][PASSED] - verifyElementPresent(findTestObject("checkout/Tittle Checkout Order"), 0): Object 'Object Repository/checkout/Tittle Checkout Order' is present

2023-10-05 13:18:03 - [MESSAGE][WARNING] - Timeout '0' is invalid. Using default page load timeout: '30'

2023-10-05 13:18:03 - [MESSAGE][PASSED] - Object 'Object Repository/checkout/Tittle Checkout Order' is present

2023-10-05 13:18:03 - [TEST_STEP][PASSED] - name_product = data.get("nama_barang"): null

2023-10-05 13:18:03 - [TEST_STEP][PASSED] - price_product = data.get("price_barang"): null

2023-10-05 13:18:03 - [TEST_STEP][PASSED] - assert name_product == NamaKeranjang: null

2023-10-05 13:18:03 - [TEST_STEP][PASSED] - assert price_product == HargaKeranjang: null

2023-10-05 13:18:03 - [TEST_STEP][PASSED] - return data: null

2023-10-05 13:18:03 - [MESSAGE][PASSED] - Call Test Case 'Test Cases/T13 Pembelian, Shipment dan Pembayaran/PBL-002' successfully

2023-10-05 13:18:03 - [TEST_STEP][PASSED] - warnaa = getText(findTestObject("verifikasi/warna Merah")): Text of object 'Object Repository/verifikasi/warna Merah' is: 'Merah'

2023-10-05 13:18:04 - [MESSAGE][PASSED] - Text of object 'Object Repository/verifikasi/warna Merah' is: 'Merah'

2023-10-05 13:18:04 - [TEST_STEP][PASSED] - ukurann = getText(findTestObject("verifikasi/Ukuran Menengah")): Text of object 'Object Repository/verifikasi/Ukuran Menengah' is: 'Menengah'

2023-10-05 13:18:04 - [MESSAGE][PASSED] - Text of object 'Object Repository/verifikasi/Ukuran Menengah' is: 'Menengah'

2023-10-05 13:18:04 - [TEST_STEP][PASSED] - warna1 = data.get("Warna"): null

2023-10-05 13:18:04 - [TEST_STEP][PASSED] - ukuran1 = data.get("Ukuran"): null

2023-10-05 13:18:04 - [TEST_STEP][PASSED] - assert warnaa == warna1: null

2023-10-05 13:18:04 - [TEST_STEP][PASSED] - assert ukurann == ukuran1: null

2023-10-05 13:18:04 - [TEST_STEP][PASSED] - NamaCheckout = getText(findTestObject("verifikasi/NamaCheckout")): Text of object 'Object Repository/verifikasi/NamaCheckout' is: ''

2023-10-05 13:18:05 - [MESSAGE][PASSED] - Text of object 'Object Repository/verifikasi/NamaCheckout' is: ''

2023-10-05 13:18:05 - [TEST_STEP][PASSED] - HargaCheckout = getText(findTestObject("verifikasi/HargaCheckout")): Text of object 'Object Repository/verifikasi/HargaCheckout' is: '1,299'

2023-10-05 13:18:05 - [MESSAGE][PASSED] - Text of object 'Object Repository/verifikasi/HargaCheckout' is: '1,299'

2023-10-05 13:18:05 - [TEST_STEP][PASSED] - name_product = data.get("nama_barang"): null

2023-10-05 13:18:05 - [TEST_STEP][PASSED] - price_product = data.get("price_barang"): null

2023-10-05 13:18:05 - [TEST_STEP][PASSED] - assert name_product.contains(NamaCheckout): null

2023-10-05 13:18:05 - [TEST_STEP][PASSED] - assert price_product.contains(HargaCheckout): null

2023-10-05 13:18:05 - [TEST_STEP][PASSED] - selectOptionByLabel(findTestObject("checkout/select - Kirim via Kurir Lokal"), Kurir, false): All options with label 'Roda 2' are selected in object 'Object Repository/checkout/select - Kirim via Kurir Lokal' 

2023-10-05 13:18:06 - [MESSAGE][PASSED] - All options with label 'Roda 2' are selected in object 'Object Repository/checkout/select - Kirim via Kurir Lokal' 

2023-10-05 13:18:06 - [TEST_STEP][PASSED] - click(findTestObject("checkout/Kendaraan Kurir")): Object: 'Object Repository/checkout/Kendaraan Kurir' is clicked on

2023-10-05 13:18:07 - [MESSAGE][PASSED] - Object: 'Object Repository/checkout/Kendaraan Kurir' is clicked on

2023-10-05 13:18:07 - [TEST_STEP][PASSED] - OngkosKirim = getText(findTestObject("Object Repository/verifikasi/Ongkos Kirim checkout")): Text of object 'Object Repository/verifikasi/Ongkos Kirim checkout' is: 'Rp. 5,000'

2023-10-05 13:18:07 - [MESSAGE][PASSED] - Text of object 'Object Repository/verifikasi/Ongkos Kirim checkout' is: 'Rp. 5,000'

2023-10-05 13:18:07 - [TEST_STEP][PASSED] - Ongkos = OngkosKirim.substring(3, OngkosKirim.size()): null

2023-10-05 13:18:07 - [TEST_STEP][PASSED] - rep = Ongkos.replace(",", "."): null

2023-10-05 13:18:07 - [TEST_STEP][PASSED] - Ongkos_kirim = Double.parseDouble(rep): null

2023-10-05 13:18:07 - [TEST_STEP][PASSED] - println(Ongkos_kirim): null

2023-10-05 13:18:07 - [TEST_STEP][PASSED] - FeeAdmin = getText(findTestObject("verifikasi/Fee Admin checkout")): Text of object 'Object Repository/verifikasi/Fee Admin checkout' is: 'Fee Admin
Rp 1,500'

2023-10-05 13:18:08 - [MESSAGE][PASSED] - Text of object 'Object Repository/verifikasi/Fee Admin checkout' is: 'Fee Admin
Rp 1,500'

2023-10-05 13:18:08 - [TEST_STEP][PASSED] - Fee_Admin = FeeAdmin.substring(12, FeeAdmin.size()): null

2023-10-05 13:18:08 - [TEST_STEP][PASSED] - fee = Fee_Admin.replace(",", "."): null

2023-10-05 13:18:08 - [TEST_STEP][PASSED] - fee_admin = Double.parseDouble(fee): null

2023-10-05 13:18:08 - [TEST_STEP][PASSED] - println(fee_admin): null

2023-10-05 13:18:08 - [TEST_STEP][PASSED] - Subtotal = getText(findTestObject("verifikasi/subtotal checkout")): Text of object 'Object Repository/verifikasi/subtotal checkout' is: 'Subtotal
Rp 1,299'

2023-10-05 13:18:08 - [MESSAGE][PASSED] - Text of object 'Object Repository/verifikasi/subtotal checkout' is: 'Subtotal
Rp 1,299'

2023-10-05 13:18:08 - [TEST_STEP][PASSED] - sub_total = Subtotal.substring(12, Subtotal.size()): null

2023-10-05 13:18:08 - [TEST_STEP][PASSED] - sub = sub_total.replace(",", "."): null

2023-10-05 13:18:08 - [TEST_STEP][PASSED] - sub_total = Double.parseDouble(sub): null

2023-10-05 13:18:08 - [TEST_STEP][PASSED] - println(sub_total): null

2023-10-05 13:18:08 - [TEST_STEP][PASSED] - Total = getText(findTestObject("verifikasi/Total checkout")): Text of object 'Object Repository/verifikasi/Total checkout' is: 'Rp 7,799'

2023-10-05 13:18:09 - [MESSAGE][PASSED] - Text of object 'Object Repository/verifikasi/Total checkout' is: 'Rp 7,799'

2023-10-05 13:18:09 - [TEST_STEP][PASSED] - totall = Total.substring(3, Total.size()): null

2023-10-05 13:18:09 - [TEST_STEP][PASSED] - total = totall.replace(",", "."): null

2023-10-05 13:18:09 - [TEST_STEP][PASSED] - totall = Double.parseDouble(total): null

2023-10-05 13:18:09 - [TEST_STEP][PASSED] - println(totall): null

2023-10-05 13:18:09 - [TEST_STEP][PASSED] - Total_Harga = Ongkos_kirim + fee_admin + sub_total: null

2023-10-05 13:18:09 - [TEST_STEP][PASSED] - println(Total_Harga): null

2023-10-05 13:18:09 - [TEST_STEP][PASSED] - TotalHarga = Math.round(Total_Harga * 1000) / 1000: null

2023-10-05 13:18:09 - [TEST_STEP][PASSED] - println(TotalHarga): null

2023-10-05 13:18:09 - [TEST_STEP][PASSED] - assert totall == TotalHarga: null

2023-10-05 13:18:09 - [TEST_STEP][PASSED] - click(findTestObject("verifikasi/Metode Transfer")): Object: 'Object Repository/verifikasi/Metode Transfer' is clicked on

2023-10-05 13:18:09 - [MESSAGE][PASSED] - Object: 'Object Repository/verifikasi/Metode Transfer' is clicked on

2023-10-05 13:18:09 - [TEST_STEP][PASSED] - click(findTestObject("checkout/button_Proses Pembayaran")): Object: 'Object Repository/checkout/button_Proses Pembayaran' is clicked on

2023-10-05 13:18:18 - [MESSAGE][PASSED] - Object: 'Object Repository/checkout/button_Proses Pembayaran' is clicked on

2023-10-05 13:18:18 - [TEST_STEP][PASSED] - verifyElementPresent(findTestObject("pembayaran/Tittle nomor invoice"), 0): Object 'Object Repository/pembayaran/Tittle nomor invoice' is present

2023-10-05 13:18:18 - [MESSAGE][WARNING] - Timeout '0' is invalid. Using default page load timeout: '30'

2023-10-05 13:18:19 - [MESSAGE][PASSED] - Object 'Object Repository/pembayaran/Tittle nomor invoice' is present

2023-10-05 13:18:19 - [TEST_STEP][PASSED] - return data: null]]></system-out>
         <system-err><![CDATA[]]></system-err>
      </testcase>
      <testcase name="Test Cases/T13 Pembelian, Shipment dan Pembayaran/PBL-005" time="44.114" classname="Test Cases/T13 Pembelian, Shipment dan Pembayaran/PBL-005" status="PASSED">
         <system-out><![CDATA[2023-10-05 13:18:19 - [TEST_CASE][PASSED] - Test Cases/T13 Pembelian, Shipment dan Pembayaran/PBL-005: Test Cases/T13 Pembelian, Shipment dan Pembayaran/PBL-005

2023-10-05 13:18:20 - [TEST_STEP][PASSED] - data = callTestCase(findTestCase("T13 Pembelian, Shipment dan Pembayaran/PBL-002"), [:], STOP_ON_FAILURE): Call Test Case 'Test Cases/T13 Pembelian, Shipment dan Pembayaran/PBL-002' successfully

2023-10-05 13:18:20 - [TEST_CASE][PASSED] - Test Cases/T13 Pembelian, Shipment dan Pembayaran/PBL-002: Test Cases/T13 Pembelian, Shipment dan Pembayaran/PBL-002

2023-10-05 13:18:20 - [TEST_STEP][PASSED] - data = callTestCase(findTestCase("T13 Pembelian, Shipment dan Pembayaran/PBL-001"), [:], STOP_ON_FAILURE): Call Test Case 'Test Cases/T13 Pembelian, Shipment dan Pembayaran/PBL-001' successfully

2023-10-05 13:18:20 - [TEST_CASE][PASSED] - Test Cases/T13 Pembelian, Shipment dan Pembayaran/PBL-001: Test Cases/T13 Pembelian, Shipment dan Pembayaran/PBL-001

2023-10-05 13:18:20 - [TEST_STEP][PASSED] - callTestCase(findTestCase("T13 Pembelian, Shipment dan Pembayaran/LU-001"), ["username":"irfanafandi", "password":"12345irfan"], STOP_ON_FAILURE): Call Test Case 'Test Cases/T13 Pembelian, Shipment dan Pembayaran/LU-001' successfully

2023-10-05 13:18:20 - [TEST_CASE][PASSED] - Test Cases/T13 Pembelian, Shipment dan Pembayaran/LU-001: Test Cases/T13 Pembelian, Shipment dan Pembayaran/LU-001

2023-10-05 13:18:20 - [TEST_STEP][PASSED] - openBrowser("https://10.9.2.63/ecommerce/"): Browser is opened with url: 'https://10.9.2.63/ecommerce/'

2023-10-05 13:18:20 - [MESSAGE][WARNING] - A browser is already opened. Closing browser and opening a new one

2023-10-05 13:18:21 - [MESSAGE][INFO] - Starting 'Edge Chromium' driver

2023-10-05 13:18:21 - [MESSAGE][INFO] - User set preference: ['acceptInsecureCerts', 'true']

2023-10-05 13:18:23 - [MESSAGE][INFO] - Action delay is set to 0 milliseconds

2023-10-05 13:18:26 - [MESSAGE][PASSED] - Browser is opened with url: 'https://10.9.2.63/ecommerce/'

2023-10-05 13:18:26 - [TEST_STEP][PASSED] - maximizeWindow(): Current window maximized

2023-10-05 13:18:26 - [MESSAGE][PASSED] - Current window maximized

2023-10-05 13:18:26 - [TEST_STEP][PASSED] - verifyElementPresent(findTestObject("Login/Home"), 0): Object 'Object Repository/Login/Home' is present

2023-10-05 13:18:26 - [MESSAGE][WARNING] - Timeout '0' is invalid. Using default page load timeout: '30'

2023-10-05 13:18:27 - [MESSAGE][PASSED] - Object 'Object Repository/Login/Home' is present

2023-10-05 13:18:27 - [TEST_STEP][PASSED] - click(findTestObject("Login/a_Login")): Object: 'Object Repository/Login/a_Login' is clicked on

2023-10-05 13:18:27 - [MESSAGE][PASSED] - Object: 'Object Repository/Login/a_Login' is clicked on

2023-10-05 13:18:27 - [TEST_STEP][PASSED] - verifyElementPresent(findTestObject("Login/Tittle Login"), 0): Object 'Object Repository/Login/Tittle Login' is present

2023-10-05 13:18:27 - [MESSAGE][WARNING] - Timeout '0' is invalid. Using default page load timeout: '30'

2023-10-05 13:18:28 - [MESSAGE][PASSED] - Object 'Object Repository/Login/Tittle Login' is present

2023-10-05 13:18:28 - [TEST_STEP][PASSED] - setText(findTestObject("Login/input_Username, Email atau No. Handphone_a"), username): Text 'irfanafandi' is set on object 'Object Repository/Login/input_Username, Email atau No. Handphone_a'

2023-10-05 13:18:29 - [MESSAGE][PASSED] - Text 'irfanafandi' is set on object 'Object Repository/Login/input_Username, Email atau No. Handphone_a'

2023-10-05 13:18:29 - [TEST_STEP][PASSED] - setText(findTestObject("Login/input_Password_b"), password): Text '12345irfan' is set on object 'Object Repository/Login/input_Password_b'

2023-10-05 13:18:30 - [MESSAGE][PASSED] - Text '12345irfan' is set on object 'Object Repository/Login/input_Password_b'

2023-10-05 13:18:30 - [TEST_STEP][PASSED] - click(findTestObject("Login/label_Ingat saya")): Object: 'Object Repository/Login/label_Ingat saya' is clicked on

2023-10-05 13:18:30 - [MESSAGE][PASSED] - Object: 'Object Repository/Login/label_Ingat saya' is clicked on

2023-10-05 13:18:30 - [TEST_STEP][PASSED] - click(findTestObject("Login/button_Masuk")): Object: 'Object Repository/Login/button_Masuk' is clicked on

2023-10-05 13:18:32 - [MESSAGE][PASSED] - Object: 'Object Repository/Login/button_Masuk' is clicked on

2023-10-05 13:18:32 - [TEST_STEP][PASSED] - verifyElementPresent(findTestObject("Login/li_Profile"), 0): Object 'Object Repository/Login/li_Profile' is present

2023-10-05 13:18:32 - [MESSAGE][WARNING] - Timeout '0' is invalid. Using default page load timeout: '30'

2023-10-05 13:18:33 - [MESSAGE][PASSED] - Object 'Object Repository/Login/li_Profile' is present

2023-10-05 13:18:33 - [MESSAGE][PASSED] - Call Test Case 'Test Cases/T13 Pembelian, Shipment dan Pembayaran/LU-001' successfully

2023-10-05 13:18:33 - [TEST_STEP][PASSED] - mouseOver(findTestObject("beli barang/i_Mulai Belanja_icon-menu")): Object: 'Object Repository/beli barang/i_Mulai Belanja_icon-menu' is hovered

2023-10-05 13:18:33 - [MESSAGE][PASSED] - Object: 'Object Repository/beli barang/i_Mulai Belanja_icon-menu' is hovered

2023-10-05 13:18:33 - [TEST_STEP][PASSED] - click(findTestObject("beli barang/a_Fashion  Busana Wanita")): Object: 'Object Repository/beli barang/a_Fashion  Busana Wanita' is clicked on

2023-10-05 13:18:35 - [MESSAGE][PASSED] - Object: 'Object Repository/beli barang/a_Fashion  Busana Wanita' is clicked on

2023-10-05 13:18:35 - [TEST_STEP][PASSED] - NamaSebelum = getText(findTestObject("verifikasi/Nama sebelum")): Text of object 'Object Repository/verifikasi/Nama sebelum' is: ''

2023-10-05 13:18:35 - [MESSAGE][PASSED] - Text of object 'Object Repository/verifikasi/Nama sebelum' is: ''

2023-10-05 13:18:35 - [TEST_STEP][PASSED] - HargaSebelum = getText(findTestObject("verifikasi/Harga sebelum")): Text of object 'Object Repository/verifikasi/Harga sebelum' is: 'Rp 1,299'

2023-10-05 13:18:36 - [MESSAGE][PASSED] - Text of object 'Object Repository/verifikasi/Harga sebelum' is: 'Rp 1,299'

2023-10-05 13:18:36 - [TEST_STEP][PASSED] - mouseOver(findTestObject("beli barang/barang mouse over")): Object: 'Object Repository/beli barang/barang mouse over' is hovered

2023-10-05 13:18:36 - [MESSAGE][PASSED] - Object: 'Object Repository/beli barang/barang mouse over' is hovered

2023-10-05 13:18:36 - [TEST_STEP][PASSED] - click(findTestObject("beli barang/buttom add to cart")): Object: 'Object Repository/beli barang/buttom add to cart' is clicked on

2023-10-05 13:18:38 - [MESSAGE][PASSED] - Object: 'Object Repository/beli barang/buttom add to cart' is clicked on

2023-10-05 13:18:38 - [TEST_STEP][PASSED] - NamaSesudah = getText(findTestObject("verifikasi/Nama sesudah")): Text of object 'Object Repository/verifikasi/Nama sesudah' is: 'Segitiga Instan Madeira - MDB5.3 Sunset'

2023-10-05 13:18:38 - [MESSAGE][PASSED] - Text of object 'Object Repository/verifikasi/Nama sesudah' is: 'Segitiga Instan Madeira - MDB5.3 Sunset'

2023-10-05 13:18:38 - [TEST_STEP][PASSED] - HargaSesudah = getText(findTestObject("verifikasi/Harga sesudah")): Text of object 'Object Repository/verifikasi/Harga sesudah' is: 'Rp 1,299'

2023-10-05 13:18:39 - [MESSAGE][PASSED] - Text of object 'Object Repository/verifikasi/Harga sesudah' is: 'Rp 1,299'

2023-10-05 13:18:39 - [TEST_STEP][PASSED] - assert NamaSesudah.contains(NamaSebelum): null

2023-10-05 13:18:39 - [TEST_STEP][PASSED] - assert HargaSesudah.contains(HargaSebelum): null

2023-10-05 13:18:39 - [TEST_STEP][PASSED] - click(findTestObject("beli barang/Tambah Keranjang busana wanita")): Object: 'Object Repository/beli barang/Tambah Keranjang busana wanita' is clicked on

2023-10-05 13:18:39 - [MESSAGE][PASSED] - Object: 'Object Repository/beli barang/Tambah Keranjang busana wanita' is clicked on

2023-10-05 13:18:39 - [TEST_STEP][PASSED] - verifyElementPresent(findTestObject("checkout/Notifikasi keranjang"), 1): Object 'Object Repository/checkout/Notifikasi keranjang' is present

2023-10-05 13:18:40 - [MESSAGE][PASSED] - Object 'Object Repository/checkout/Notifikasi keranjang' is present

2023-10-05 13:18:40 - [TEST_STEP][PASSED] - data = new java.util.HashMap(): null

2023-10-05 13:18:40 - [TEST_STEP][PASSED] - data.put("nama_barang", NamaSesudah): null

2023-10-05 13:18:40 - [TEST_STEP][PASSED] - data.put("price_barang", HargaSesudah): null

2023-10-05 13:18:40 - [TEST_STEP][PASSED] - return data: null

2023-10-05 13:18:40 - [MESSAGE][PASSED] - Call Test Case 'Test Cases/T13 Pembelian, Shipment dan Pembayaran/PBL-001' successfully

2023-10-05 13:18:40 - [TEST_STEP][PASSED] - mouseOver(findTestObject("beli barang/keranjang")): Object: 'Object Repository/beli barang/keranjang' is hovered

2023-10-05 13:18:41 - [MESSAGE][PASSED] - Object: 'Object Repository/beli barang/keranjang' is hovered

2023-10-05 13:18:41 - [TEST_STEP][PASSED] - click(findTestObject("beli barang/Lihat Sekarang")): Object: 'Object Repository/beli barang/Lihat Sekarang' is clicked on

2023-10-05 13:18:43 - [MESSAGE][PASSED] - Object: 'Object Repository/beli barang/Lihat Sekarang' is clicked on

2023-10-05 13:18:43 - [TEST_STEP][PASSED] - verifyElementPresent(findTestObject("keranjang/li_Keranjang Belanja"), 0): Object 'Object Repository/keranjang/li_Keranjang Belanja' is present

2023-10-05 13:18:43 - [MESSAGE][WARNING] - Timeout '0' is invalid. Using default page load timeout: '30'

2023-10-05 13:18:44 - [MESSAGE][PASSED] - Object 'Object Repository/keranjang/li_Keranjang Belanja' is present

2023-10-05 13:18:44 - [TEST_STEP][PASSED] - NamaKeranjang = getText(findTestObject("verifikasi/Nama keranjang")): Text of object 'Object Repository/verifikasi/Nama keranjang' is: 'Segitiga Instan Madeira - MDB5.3 Sunset'

2023-10-05 13:18:45 - [MESSAGE][PASSED] - Text of object 'Object Repository/verifikasi/Nama keranjang' is: 'Segitiga Instan Madeira - MDB5.3 Sunset'

2023-10-05 13:18:45 - [TEST_STEP][PASSED] - HargaKeranjang = getText(findTestObject("verifikasi/Harga Keranjang")): Text of object 'Object Repository/verifikasi/Harga Keranjang' is: 'Rp 1,299'

2023-10-05 13:18:45 - [MESSAGE][PASSED] - Text of object 'Object Repository/verifikasi/Harga Keranjang' is: 'Rp 1,299'

2023-10-05 13:18:45 - [TEST_STEP][PASSED] - if (toString().equalsIgnoreCase("Merah")): Object 'Object Repository/keranjang/input_Warna_variasi101' is checked

2023-10-05 13:18:45 - [TEST_STEP][PASSED] - check(findTestObject("Object Repository/keranjang/input_Warna_variasi101")): Object 'Object Repository/keranjang/input_Warna_variasi101' is checked

2023-10-05 13:18:45 - [MESSAGE][PASSED] - Object 'Object Repository/keranjang/input_Warna_variasi101' is checked

2023-10-05 13:18:45 - [TEST_STEP][PASSED] - if (toString().equalsIgnoreCase("Menengah")): Object 'Object Repository/keranjang/input_Ukuran_variasi201' is checked

2023-10-05 13:18:45 - [TEST_STEP][PASSED] - check(findTestObject("Object Repository/keranjang/input_Ukuran_variasi201")): Object 'Object Repository/keranjang/input_Ukuran_variasi201' is checked

2023-10-05 13:18:46 - [MESSAGE][PASSED] - Object 'Object Repository/keranjang/input_Ukuran_variasi201' is checked

2023-10-05 13:18:46 - [TEST_STEP][PASSED] - data.put("Warna", warna): null

2023-10-05 13:18:46 - [TEST_STEP][PASSED] - data.put("Ukuran", ukuran): null

2023-10-05 13:18:46 - [TEST_STEP][PASSED] - click(findTestObject("keranjang/button_Lanjut ke Pembayaran")): Object: 'Object Repository/keranjang/button_Lanjut ke Pembayaran' is clicked on

2023-10-05 13:18:47 - [MESSAGE][PASSED] - Object: 'Object Repository/keranjang/button_Lanjut ke Pembayaran' is clicked on

2023-10-05 13:18:47 - [TEST_STEP][PASSED] - verifyElementPresent(findTestObject("checkout/Tittle Checkout Order"), 0): Object 'Object Repository/checkout/Tittle Checkout Order' is present

2023-10-05 13:18:47 - [MESSAGE][WARNING] - Timeout '0' is invalid. Using default page load timeout: '30'

2023-10-05 13:18:48 - [MESSAGE][PASSED] - Object 'Object Repository/checkout/Tittle Checkout Order' is present

2023-10-05 13:18:48 - [TEST_STEP][PASSED] - name_product = data.get("nama_barang"): null

2023-10-05 13:18:48 - [TEST_STEP][PASSED] - price_product = data.get("price_barang"): null

2023-10-05 13:18:48 - [TEST_STEP][PASSED] - assert name_product == NamaKeranjang: null

2023-10-05 13:18:48 - [TEST_STEP][PASSED] - assert price_product == HargaKeranjang: null

2023-10-05 13:18:48 - [TEST_STEP][PASSED] - return data: null

2023-10-05 13:18:48 - [MESSAGE][PASSED] - Call Test Case 'Test Cases/T13 Pembelian, Shipment dan Pembayaran/PBL-002' successfully

2023-10-05 13:18:48 - [TEST_STEP][PASSED] - warnaa = getText(findTestObject("verifikasi/warna Merah")): Text of object 'Object Repository/verifikasi/warna Merah' is: 'Merah'

2023-10-05 13:18:48 - [MESSAGE][PASSED] - Text of object 'Object Repository/verifikasi/warna Merah' is: 'Merah'

2023-10-05 13:18:48 - [TEST_STEP][PASSED] - ukurann = getText(findTestObject("verifikasi/Ukuran Menengah")): Text of object 'Object Repository/verifikasi/Ukuran Menengah' is: 'Menengah'

2023-10-05 13:18:49 - [MESSAGE][PASSED] - Text of object 'Object Repository/verifikasi/Ukuran Menengah' is: 'Menengah'

2023-10-05 13:18:49 - [TEST_STEP][PASSED] - warna1 = data.get("Warna"): null

2023-10-05 13:18:49 - [TEST_STEP][PASSED] - ukuran1 = data.get("Ukuran"): null

2023-10-05 13:18:49 - [TEST_STEP][PASSED] - assert warnaa == warna1: null

2023-10-05 13:18:49 - [TEST_STEP][PASSED] - assert ukurann == ukuran1: null

2023-10-05 13:18:49 - [TEST_STEP][PASSED] - NamaCheckout = getText(findTestObject("verifikasi/NamaCheckout")): Text of object 'Object Repository/verifikasi/NamaCheckout' is: ''

2023-10-05 13:18:49 - [MESSAGE][PASSED] - Text of object 'Object Repository/verifikasi/NamaCheckout' is: ''

2023-10-05 13:18:49 - [TEST_STEP][PASSED] - HargaCheckout = getText(findTestObject("verifikasi/HargaCheckout")): Text of object 'Object Repository/verifikasi/HargaCheckout' is: '1,299'

2023-10-05 13:18:50 - [MESSAGE][PASSED] - Text of object 'Object Repository/verifikasi/HargaCheckout' is: '1,299'

2023-10-05 13:18:50 - [TEST_STEP][PASSED] - name_product = data.get("nama_barang"): null

2023-10-05 13:18:50 - [TEST_STEP][PASSED] - price_product = data.get("price_barang"): null

2023-10-05 13:18:50 - [TEST_STEP][PASSED] - assert name_product.contains(NamaCheckout): null

2023-10-05 13:18:50 - [TEST_STEP][PASSED] - assert price_product.contains(HargaCheckout): null

2023-10-05 13:18:50 - [TEST_STEP][PASSED] - selectOptionByLabel(findTestObject("checkout/select - Kirim via Kurir Lokal"), Kurir, false): All options with label 'Roda 2' are selected in object 'Object Repository/checkout/select - Kirim via Kurir Lokal' 

2023-10-05 13:18:50 - [MESSAGE][PASSED] - All options with label 'Roda 2' are selected in object 'Object Repository/checkout/select - Kirim via Kurir Lokal' 

2023-10-05 13:18:50 - [TEST_STEP][PASSED] - click(findTestObject("checkout/Kendaraan Kurir")): Object: 'Object Repository/checkout/Kendaraan Kurir' is clicked on

2023-10-05 13:18:51 - [MESSAGE][PASSED] - Object: 'Object Repository/checkout/Kendaraan Kurir' is clicked on

2023-10-05 13:18:51 - [TEST_STEP][PASSED] - OngkosKirim = getText(findTestObject("Object Repository/verifikasi/Ongkos Kirim checkout")): Text of object 'Object Repository/verifikasi/Ongkos Kirim checkout' is: 'Rp. 5,000'

2023-10-05 13:18:52 - [MESSAGE][PASSED] - Text of object 'Object Repository/verifikasi/Ongkos Kirim checkout' is: 'Rp. 5,000'

2023-10-05 13:18:52 - [TEST_STEP][PASSED] - Ongkos = OngkosKirim.substring(3, OngkosKirim.size()): null

2023-10-05 13:18:52 - [TEST_STEP][PASSED] - rep = Ongkos.replace(",", "."): null

2023-10-05 13:18:52 - [TEST_STEP][PASSED] - Ongkos_kirim = Double.parseDouble(rep): null

2023-10-05 13:18:52 - [TEST_STEP][PASSED] - println(Ongkos_kirim): null

2023-10-05 13:18:52 - [TEST_STEP][PASSED] - FeeAdmin = getText(findTestObject("verifikasi/Fee Admin checkout")): Text of object 'Object Repository/verifikasi/Fee Admin checkout' is: 'Fee Admin
Rp 1,500'

2023-10-05 13:18:52 - [MESSAGE][PASSED] - Text of object 'Object Repository/verifikasi/Fee Admin checkout' is: 'Fee Admin
Rp 1,500'

2023-10-05 13:18:52 - [TEST_STEP][PASSED] - Fee_Admin = FeeAdmin.substring(12, FeeAdmin.size()): null

2023-10-05 13:18:52 - [TEST_STEP][PASSED] - fee = Fee_Admin.replace(",", "."): null

2023-10-05 13:18:52 - [TEST_STEP][PASSED] - fee_admin = Double.parseDouble(fee): null

2023-10-05 13:18:52 - [TEST_STEP][PASSED] - println(fee_admin): null

2023-10-05 13:18:52 - [TEST_STEP][PASSED] - Subtotal = getText(findTestObject("verifikasi/subtotal checkout")): Text of object 'Object Repository/verifikasi/subtotal checkout' is: 'Subtotal
Rp 1,299'

2023-10-05 13:18:53 - [MESSAGE][PASSED] - Text of object 'Object Repository/verifikasi/subtotal checkout' is: 'Subtotal
Rp 1,299'

2023-10-05 13:18:53 - [TEST_STEP][PASSED] - sub_total = Subtotal.substring(12, Subtotal.size()): null

2023-10-05 13:18:53 - [TEST_STEP][PASSED] - sub = sub_total.replace(",", "."): null

2023-10-05 13:18:53 - [TEST_STEP][PASSED] - sub_total = Double.parseDouble(sub): null

2023-10-05 13:18:53 - [TEST_STEP][PASSED] - println(sub_total): null

2023-10-05 13:18:53 - [TEST_STEP][PASSED] - Total = getText(findTestObject("verifikasi/Total checkout")): Text of object 'Object Repository/verifikasi/Total checkout' is: 'Rp 7,799'

2023-10-05 13:18:53 - [MESSAGE][PASSED] - Text of object 'Object Repository/verifikasi/Total checkout' is: 'Rp 7,799'

2023-10-05 13:18:53 - [TEST_STEP][PASSED] - totall = Total.substring(3, Total.size()): null

2023-10-05 13:18:53 - [TEST_STEP][PASSED] - total = totall.replace(",", "."): null

2023-10-05 13:18:53 - [TEST_STEP][PASSED] - totall = Double.parseDouble(total): null

2023-10-05 13:18:53 - [TEST_STEP][PASSED] - println(totall): null

2023-10-05 13:18:53 - [TEST_STEP][PASSED] - Total_Harga = Ongkos_kirim + fee_admin + sub_total: null

2023-10-05 13:18:53 - [TEST_STEP][PASSED] - println(Total_Harga): null

2023-10-05 13:18:53 - [TEST_STEP][PASSED] - TotalHarga = Math.round(Total_Harga * 1000) / 1000: null

2023-10-05 13:18:53 - [TEST_STEP][PASSED] - println(TotalHarga): null

2023-10-05 13:18:53 - [TEST_STEP][PASSED] - assert totall == TotalHarga: null

2023-10-05 13:18:53 - [TEST_STEP][PASSED] - click(findTestObject("Object Repository/checkout/metode pembayaran")): Object: 'Object Repository/checkout/metode pembayaran' is clicked on

2023-10-05 13:18:54 - [MESSAGE][PASSED] - Object: 'Object Repository/checkout/metode pembayaran' is clicked on

2023-10-05 13:18:54 - [TEST_STEP][PASSED] - click(findTestObject("checkout/button_Proses Pembayaran")): Object: 'Object Repository/checkout/button_Proses Pembayaran' is clicked on

2023-10-05 13:19:02 - [MESSAGE][PASSED] - Object: 'Object Repository/checkout/button_Proses Pembayaran' is clicked on

2023-10-05 13:19:02 - [TEST_STEP][PASSED] - verifyElementPresent(findTestObject("pembayaran/Tittle nomor invoice"), 0): Object 'Object Repository/pembayaran/Tittle nomor invoice' is present

2023-10-05 13:19:02 - [MESSAGE][WARNING] - Timeout '0' is invalid. Using default page load timeout: '30'

2023-10-05 13:19:03 - [MESSAGE][PASSED] - Object 'Object Repository/pembayaran/Tittle nomor invoice' is present

2023-10-05 13:19:03 - [TEST_STEP][PASSED] - return data: null]]></system-out>
         <system-err><![CDATA[]]></system-err>
      </testcase>
      <testcase name="Test Cases/T13 Pembelian, Shipment dan Pembayaran/PBL-006" time="36.171" classname="Test Cases/T13 Pembelian, Shipment dan Pembayaran/PBL-006" status="PASSED">
         <system-out><![CDATA[2023-10-05 13:19:03 - [TEST_CASE][PASSED] - Test Cases/T13 Pembelian, Shipment dan Pembayaran/PBL-006: Test Cases/T13 Pembelian, Shipment dan Pembayaran/PBL-006

2023-10-05 13:19:04 - [TEST_STEP][PASSED] - data = callTestCase(findTestCase("T13 Pembelian, Shipment dan Pembayaran/PBL-002"), [:], STOP_ON_FAILURE): Call Test Case 'Test Cases/T13 Pembelian, Shipment dan Pembayaran/PBL-002' successfully

2023-10-05 13:19:04 - [TEST_CASE][PASSED] - Test Cases/T13 Pembelian, Shipment dan Pembayaran/PBL-002: Test Cases/T13 Pembelian, Shipment dan Pembayaran/PBL-002

2023-10-05 13:19:04 - [TEST_STEP][PASSED] - data = callTestCase(findTestCase("T13 Pembelian, Shipment dan Pembayaran/PBL-001"), [:], STOP_ON_FAILURE): Call Test Case 'Test Cases/T13 Pembelian, Shipment dan Pembayaran/PBL-001' successfully

2023-10-05 13:19:04 - [TEST_CASE][PASSED] - Test Cases/T13 Pembelian, Shipment dan Pembayaran/PBL-001: Test Cases/T13 Pembelian, Shipment dan Pembayaran/PBL-001

2023-10-05 13:19:04 - [TEST_STEP][PASSED] - callTestCase(findTestCase("T13 Pembelian, Shipment dan Pembayaran/LU-001"), ["username":"irfanafandi", "password":"12345irfan"], STOP_ON_FAILURE): Call Test Case 'Test Cases/T13 Pembelian, Shipment dan Pembayaran/LU-001' successfully

2023-10-05 13:19:04 - [TEST_CASE][PASSED] - Test Cases/T13 Pembelian, Shipment dan Pembayaran/LU-001: Test Cases/T13 Pembelian, Shipment dan Pembayaran/LU-001

2023-10-05 13:19:04 - [TEST_STEP][PASSED] - openBrowser("https://10.9.2.63/ecommerce/"): Browser is opened with url: 'https://10.9.2.63/ecommerce/'

2023-10-05 13:19:04 - [MESSAGE][WARNING] - A browser is already opened. Closing browser and opening a new one

2023-10-05 13:19:05 - [MESSAGE][INFO] - Starting 'Edge Chromium' driver

2023-10-05 13:19:05 - [MESSAGE][INFO] - User set preference: ['acceptInsecureCerts', 'true']

2023-10-05 13:19:07 - [MESSAGE][INFO] - Action delay is set to 0 milliseconds

2023-10-05 13:19:10 - [MESSAGE][PASSED] - Browser is opened with url: 'https://10.9.2.63/ecommerce/'

2023-10-05 13:19:10 - [TEST_STEP][PASSED] - maximizeWindow(): Current window maximized

2023-10-05 13:19:10 - [MESSAGE][PASSED] - Current window maximized

2023-10-05 13:19:10 - [TEST_STEP][PASSED] - verifyElementPresent(findTestObject("Login/Home"), 0): Object 'Object Repository/Login/Home' is present

2023-10-05 13:19:10 - [MESSAGE][WARNING] - Timeout '0' is invalid. Using default page load timeout: '30'

2023-10-05 13:19:11 - [MESSAGE][PASSED] - Object 'Object Repository/Login/Home' is present

2023-10-05 13:19:11 - [TEST_STEP][PASSED] - click(findTestObject("Login/a_Login")): Object: 'Object Repository/Login/a_Login' is clicked on

2023-10-05 13:19:12 - [MESSAGE][PASSED] - Object: 'Object Repository/Login/a_Login' is clicked on

2023-10-05 13:19:12 - [TEST_STEP][PASSED] - verifyElementPresent(findTestObject("Login/Tittle Login"), 0): Object 'Object Repository/Login/Tittle Login' is present

2023-10-05 13:19:12 - [MESSAGE][WARNING] - Timeout '0' is invalid. Using default page load timeout: '30'

2023-10-05 13:19:12 - [MESSAGE][PASSED] - Object 'Object Repository/Login/Tittle Login' is present

2023-10-05 13:19:12 - [TEST_STEP][PASSED] - setText(findTestObject("Login/input_Username, Email atau No. Handphone_a"), username): Text 'irfanafandi' is set on object 'Object Repository/Login/input_Username, Email atau No. Handphone_a'

2023-10-05 13:19:13 - [MESSAGE][PASSED] - Text 'irfanafandi' is set on object 'Object Repository/Login/input_Username, Email atau No. Handphone_a'

2023-10-05 13:19:13 - [TEST_STEP][PASSED] - setText(findTestObject("Login/input_Password_b"), password): Text '12345irfan' is set on object 'Object Repository/Login/input_Password_b'

2023-10-05 13:19:14 - [MESSAGE][PASSED] - Text '12345irfan' is set on object 'Object Repository/Login/input_Password_b'

2023-10-05 13:19:14 - [TEST_STEP][PASSED] - click(findTestObject("Login/label_Ingat saya")): Object: 'Object Repository/Login/label_Ingat saya' is clicked on

2023-10-05 13:19:14 - [MESSAGE][PASSED] - Object: 'Object Repository/Login/label_Ingat saya' is clicked on

2023-10-05 13:19:14 - [TEST_STEP][PASSED] - click(findTestObject("Login/button_Masuk")): Object: 'Object Repository/Login/button_Masuk' is clicked on

2023-10-05 13:19:16 - [MESSAGE][PASSED] - Object: 'Object Repository/Login/button_Masuk' is clicked on

2023-10-05 13:19:16 - [TEST_STEP][PASSED] - verifyElementPresent(findTestObject("Login/li_Profile"), 0): Object 'Object Repository/Login/li_Profile' is present

2023-10-05 13:19:16 - [MESSAGE][WARNING] - Timeout '0' is invalid. Using default page load timeout: '30'

2023-10-05 13:19:17 - [MESSAGE][PASSED] - Object 'Object Repository/Login/li_Profile' is present

2023-10-05 13:19:17 - [MESSAGE][PASSED] - Call Test Case 'Test Cases/T13 Pembelian, Shipment dan Pembayaran/LU-001' successfully

2023-10-05 13:19:17 - [TEST_STEP][PASSED] - mouseOver(findTestObject("beli barang/i_Mulai Belanja_icon-menu")): Object: 'Object Repository/beli barang/i_Mulai Belanja_icon-menu' is hovered

2023-10-05 13:19:17 - [MESSAGE][PASSED] - Object: 'Object Repository/beli barang/i_Mulai Belanja_icon-menu' is hovered

2023-10-05 13:19:17 - [TEST_STEP][PASSED] - click(findTestObject("beli barang/a_Fashion  Busana Wanita")): Object: 'Object Repository/beli barang/a_Fashion  Busana Wanita' is clicked on

2023-10-05 13:19:18 - [MESSAGE][PASSED] - Object: 'Object Repository/beli barang/a_Fashion  Busana Wanita' is clicked on

2023-10-05 13:19:18 - [TEST_STEP][PASSED] - NamaSebelum = getText(findTestObject("verifikasi/Nama sebelum")): Text of object 'Object Repository/verifikasi/Nama sebelum' is: ''

2023-10-05 13:19:19 - [MESSAGE][PASSED] - Text of object 'Object Repository/verifikasi/Nama sebelum' is: ''

2023-10-05 13:19:19 - [TEST_STEP][PASSED] - HargaSebelum = getText(findTestObject("verifikasi/Harga sebelum")): Text of object 'Object Repository/verifikasi/Harga sebelum' is: 'Rp 1,299'

2023-10-05 13:19:19 - [MESSAGE][PASSED] - Text of object 'Object Repository/verifikasi/Harga sebelum' is: 'Rp 1,299'

2023-10-05 13:19:19 - [TEST_STEP][PASSED] - mouseOver(findTestObject("beli barang/barang mouse over")): Object: 'Object Repository/beli barang/barang mouse over' is hovered

2023-10-05 13:19:20 - [MESSAGE][PASSED] - Object: 'Object Repository/beli barang/barang mouse over' is hovered

2023-10-05 13:19:20 - [TEST_STEP][PASSED] - click(findTestObject("beli barang/buttom add to cart")): Object: 'Object Repository/beli barang/buttom add to cart' is clicked on

2023-10-05 13:19:22 - [MESSAGE][PASSED] - Object: 'Object Repository/beli barang/buttom add to cart' is clicked on

2023-10-05 13:19:22 - [TEST_STEP][PASSED] - NamaSesudah = getText(findTestObject("verifikasi/Nama sesudah")): Text of object 'Object Repository/verifikasi/Nama sesudah' is: 'Segitiga Instan Madeira - MDB5.3 Sunset'

2023-10-05 13:19:22 - [MESSAGE][PASSED] - Text of object 'Object Repository/verifikasi/Nama sesudah' is: 'Segitiga Instan Madeira - MDB5.3 Sunset'

2023-10-05 13:19:22 - [TEST_STEP][PASSED] - HargaSesudah = getText(findTestObject("verifikasi/Harga sesudah")): Text of object 'Object Repository/verifikasi/Harga sesudah' is: 'Rp 1,299'

2023-10-05 13:19:23 - [MESSAGE][PASSED] - Text of object 'Object Repository/verifikasi/Harga sesudah' is: 'Rp 1,299'

2023-10-05 13:19:23 - [TEST_STEP][PASSED] - assert NamaSesudah.contains(NamaSebelum): null

2023-10-05 13:19:23 - [TEST_STEP][PASSED] - assert HargaSesudah.contains(HargaSebelum): null

2023-10-05 13:19:23 - [TEST_STEP][PASSED] - click(findTestObject("beli barang/Tambah Keranjang busana wanita")): Object: 'Object Repository/beli barang/Tambah Keranjang busana wanita' is clicked on

2023-10-05 13:19:23 - [MESSAGE][PASSED] - Object: 'Object Repository/beli barang/Tambah Keranjang busana wanita' is clicked on

2023-10-05 13:19:23 - [TEST_STEP][PASSED] - verifyElementPresent(findTestObject("checkout/Notifikasi keranjang"), 1): Object 'Object Repository/checkout/Notifikasi keranjang' is present

2023-10-05 13:19:24 - [MESSAGE][PASSED] - Object 'Object Repository/checkout/Notifikasi keranjang' is present

2023-10-05 13:19:24 - [TEST_STEP][PASSED] - data = new java.util.HashMap(): null

2023-10-05 13:19:24 - [TEST_STEP][PASSED] - data.put("nama_barang", NamaSesudah): null

2023-10-05 13:19:24 - [TEST_STEP][PASSED] - data.put("price_barang", HargaSesudah): null

2023-10-05 13:19:24 - [TEST_STEP][PASSED] - return data: null

2023-10-05 13:19:24 - [MESSAGE][PASSED] - Call Test Case 'Test Cases/T13 Pembelian, Shipment dan Pembayaran/PBL-001' successfully

2023-10-05 13:19:24 - [TEST_STEP][PASSED] - mouseOver(findTestObject("beli barang/keranjang")): Object: 'Object Repository/beli barang/keranjang' is hovered

2023-10-05 13:19:24 - [MESSAGE][PASSED] - Object: 'Object Repository/beli barang/keranjang' is hovered

2023-10-05 13:19:24 - [TEST_STEP][PASSED] - click(findTestObject("beli barang/Lihat Sekarang")): Object: 'Object Repository/beli barang/Lihat Sekarang' is clicked on

2023-10-05 13:19:26 - [MESSAGE][PASSED] - Object: 'Object Repository/beli barang/Lihat Sekarang' is clicked on

2023-10-05 13:19:26 - [TEST_STEP][PASSED] - verifyElementPresent(findTestObject("keranjang/li_Keranjang Belanja"), 0): Object 'Object Repository/keranjang/li_Keranjang Belanja' is present

2023-10-05 13:19:26 - [MESSAGE][WARNING] - Timeout '0' is invalid. Using default page load timeout: '30'

2023-10-05 13:19:27 - [MESSAGE][PASSED] - Object 'Object Repository/keranjang/li_Keranjang Belanja' is present

2023-10-05 13:19:27 - [TEST_STEP][PASSED] - NamaKeranjang = getText(findTestObject("verifikasi/Nama keranjang")): Text of object 'Object Repository/verifikasi/Nama keranjang' is: 'Segitiga Instan Madeira - MDB5.3 Sunset'

2023-10-05 13:19:27 - [MESSAGE][PASSED] - Text of object 'Object Repository/verifikasi/Nama keranjang' is: 'Segitiga Instan Madeira - MDB5.3 Sunset'

2023-10-05 13:19:27 - [TEST_STEP][PASSED] - HargaKeranjang = getText(findTestObject("verifikasi/Harga Keranjang")): Text of object 'Object Repository/verifikasi/Harga Keranjang' is: 'Rp 1,299'

2023-10-05 13:19:28 - [MESSAGE][PASSED] - Text of object 'Object Repository/verifikasi/Harga Keranjang' is: 'Rp 1,299'

2023-10-05 13:19:28 - [TEST_STEP][PASSED] - if (toString().equalsIgnoreCase("Merah")): Object 'Object Repository/keranjang/input_Warna_variasi101' is checked

2023-10-05 13:19:28 - [TEST_STEP][PASSED] - check(findTestObject("Object Repository/keranjang/input_Warna_variasi101")): Object 'Object Repository/keranjang/input_Warna_variasi101' is checked

2023-10-05 13:19:28 - [MESSAGE][PASSED] - Object 'Object Repository/keranjang/input_Warna_variasi101' is checked

2023-10-05 13:19:28 - [TEST_STEP][PASSED] - if (toString().equalsIgnoreCase("Menengah")): Object 'Object Repository/keranjang/input_Ukuran_variasi201' is checked

2023-10-05 13:19:28 - [TEST_STEP][PASSED] - check(findTestObject("Object Repository/keranjang/input_Ukuran_variasi201")): Object 'Object Repository/keranjang/input_Ukuran_variasi201' is checked

2023-10-05 13:19:29 - [MESSAGE][PASSED] - Object 'Object Repository/keranjang/input_Ukuran_variasi201' is checked

2023-10-05 13:19:29 - [TEST_STEP][PASSED] - data.put("Warna", warna): null

2023-10-05 13:19:29 - [TEST_STEP][PASSED] - data.put("Ukuran", ukuran): null

2023-10-05 13:19:29 - [TEST_STEP][PASSED] - click(findTestObject("keranjang/button_Lanjut ke Pembayaran")): Object: 'Object Repository/keranjang/button_Lanjut ke Pembayaran' is clicked on

2023-10-05 13:19:30 - [MESSAGE][PASSED] - Object: 'Object Repository/keranjang/button_Lanjut ke Pembayaran' is clicked on

2023-10-05 13:19:30 - [TEST_STEP][PASSED] - verifyElementPresent(findTestObject("checkout/Tittle Checkout Order"), 0): Object 'Object Repository/checkout/Tittle Checkout Order' is present

2023-10-05 13:19:30 - [MESSAGE][WARNING] - Timeout '0' is invalid. Using default page load timeout: '30'

2023-10-05 13:19:31 - [MESSAGE][PASSED] - Object 'Object Repository/checkout/Tittle Checkout Order' is present

2023-10-05 13:19:31 - [TEST_STEP][PASSED] - name_product = data.get("nama_barang"): null

2023-10-05 13:19:31 - [TEST_STEP][PASSED] - price_product = data.get("price_barang"): null

2023-10-05 13:19:31 - [TEST_STEP][PASSED] - assert name_product == NamaKeranjang: null

2023-10-05 13:19:31 - [TEST_STEP][PASSED] - assert price_product == HargaKeranjang: null

2023-10-05 13:19:31 - [TEST_STEP][PASSED] - return data: null

2023-10-05 13:19:31 - [MESSAGE][PASSED] - Call Test Case 'Test Cases/T13 Pembelian, Shipment dan Pembayaran/PBL-002' successfully

2023-10-05 13:19:31 - [TEST_STEP][PASSED] - clearText(findTestObject("checkout/input_Alamat Kirim")): Text of object 'Object Repository/checkout/input_Alamat Kirim' is cleared

2023-10-05 13:19:31 - [MESSAGE][PASSED] - Text of object 'Object Repository/checkout/input_Alamat Kirim' is cleared

2023-10-05 13:19:31 - [TEST_STEP][PASSED] - warnaa = getText(findTestObject("verifikasi/warna Merah")): Text of object 'Object Repository/verifikasi/warna Merah' is: 'Merah'

2023-10-05 13:19:32 - [MESSAGE][PASSED] - Text of object 'Object Repository/verifikasi/warna Merah' is: 'Merah'

2023-10-05 13:19:32 - [TEST_STEP][PASSED] - ukurann = getText(findTestObject("verifikasi/Ukuran Menengah")): Text of object 'Object Repository/verifikasi/Ukuran Menengah' is: 'Menengah'

2023-10-05 13:19:32 - [MESSAGE][PASSED] - Text of object 'Object Repository/verifikasi/Ukuran Menengah' is: 'Menengah'

2023-10-05 13:19:32 - [TEST_STEP][PASSED] - warna1 = data.get("Warna"): null

2023-10-05 13:19:32 - [TEST_STEP][PASSED] - ukuran1 = data.get("Ukuran"): null

2023-10-05 13:19:32 - [TEST_STEP][PASSED] - assert warnaa == warna1: null

2023-10-05 13:19:32 - [TEST_STEP][PASSED] - assert ukurann == ukuran1: null

2023-10-05 13:19:32 - [TEST_STEP][PASSED] - NamaCheckout = getText(findTestObject("verifikasi/NamaCheckout")): Text of object 'Object Repository/verifikasi/NamaCheckout' is: ''

2023-10-05 13:19:33 - [MESSAGE][PASSED] - Text of object 'Object Repository/verifikasi/NamaCheckout' is: ''

2023-10-05 13:19:33 - [TEST_STEP][PASSED] - HargaCheckout = getText(findTestObject("verifikasi/HargaCheckout")): Text of object 'Object Repository/verifikasi/HargaCheckout' is: '1,299'

2023-10-05 13:19:33 - [MESSAGE][PASSED] - Text of object 'Object Repository/verifikasi/HargaCheckout' is: '1,299'

2023-10-05 13:19:33 - [TEST_STEP][PASSED] - name_product = data.get("nama_barang"): null

2023-10-05 13:19:33 - [TEST_STEP][PASSED] - price_product = data.get("price_barang"): null

2023-10-05 13:19:33 - [TEST_STEP][PASSED] - assert name_product.contains(NamaCheckout): null

2023-10-05 13:19:33 - [TEST_STEP][PASSED] - assert price_product.contains(HargaCheckout): null

2023-10-05 13:19:33 - [TEST_STEP][PASSED] - selectOptionByLabel(findTestObject("checkout/select - Kirim via Kurir Lokal"), Kurir, false): All options with label 'Roda 2' are selected in object 'Object Repository/checkout/select - Kirim via Kurir Lokal' 

2023-10-05 13:19:34 - [MESSAGE][PASSED] - All options with label 'Roda 2' are selected in object 'Object Repository/checkout/select - Kirim via Kurir Lokal' 

2023-10-05 13:19:34 - [TEST_STEP][PASSED] - click(findTestObject("checkout/Kendaraan Kurir")): Object: 'Object Repository/checkout/Kendaraan Kurir' is clicked on

2023-10-05 13:19:35 - [MESSAGE][PASSED] - Object: 'Object Repository/checkout/Kendaraan Kurir' is clicked on

2023-10-05 13:19:35 - [TEST_STEP][PASSED] - OngkosKirim = getText(findTestObject("Object Repository/verifikasi/Ongkos Kirim checkout")): Text of object 'Object Repository/verifikasi/Ongkos Kirim checkout' is: 'Rp. 5,000'

2023-10-05 13:19:35 - [MESSAGE][PASSED] - Text of object 'Object Repository/verifikasi/Ongkos Kirim checkout' is: 'Rp. 5,000'

2023-10-05 13:19:35 - [TEST_STEP][PASSED] - Ongkos = OngkosKirim.substring(3, OngkosKirim.size()): null

2023-10-05 13:19:35 - [TEST_STEP][PASSED] - rep = Ongkos.replace(",", "."): null

2023-10-05 13:19:35 - [TEST_STEP][PASSED] - Ongkos_kirim = Double.parseDouble(rep): null

2023-10-05 13:19:35 - [TEST_STEP][PASSED] - println(Ongkos_kirim): null

2023-10-05 13:19:35 - [TEST_STEP][PASSED] - FeeAdmin = getText(findTestObject("verifikasi/Fee Admin checkout")): Text of object 'Object Repository/verifikasi/Fee Admin checkout' is: 'Fee Admin
Rp 1,500'

2023-10-05 13:19:36 - [MESSAGE][PASSED] - Text of object 'Object Repository/verifikasi/Fee Admin checkout' is: 'Fee Admin
Rp 1,500'

2023-10-05 13:19:36 - [TEST_STEP][PASSED] - Fee_Admin = FeeAdmin.substring(12, FeeAdmin.size()): null

2023-10-05 13:19:36 - [TEST_STEP][PASSED] - fee = Fee_Admin.replace(",", "."): null

2023-10-05 13:19:36 - [TEST_STEP][PASSED] - fee_admin = Double.parseDouble(fee): null

2023-10-05 13:19:36 - [TEST_STEP][PASSED] - println(fee_admin): null

2023-10-05 13:19:36 - [TEST_STEP][PASSED] - Subtotal = getText(findTestObject("verifikasi/subtotal checkout")): Text of object 'Object Repository/verifikasi/subtotal checkout' is: 'Subtotal
Rp 1,299'

2023-10-05 13:19:36 - [MESSAGE][PASSED] - Text of object 'Object Repository/verifikasi/subtotal checkout' is: 'Subtotal
Rp 1,299'

2023-10-05 13:19:36 - [TEST_STEP][PASSED] - sub_total = Subtotal.substring(12, Subtotal.size()): null

2023-10-05 13:19:36 - [TEST_STEP][PASSED] - sub = sub_total.replace(",", "."): null

2023-10-05 13:19:36 - [TEST_STEP][PASSED] - sub_total = Double.parseDouble(sub): null

2023-10-05 13:19:36 - [TEST_STEP][PASSED] - println(sub_total): null

2023-10-05 13:19:36 - [TEST_STEP][PASSED] - Total = getText(findTestObject("verifikasi/Total checkout")): Text of object 'Object Repository/verifikasi/Total checkout' is: 'Rp 7,799'

2023-10-05 13:19:36 - [MESSAGE][PASSED] - Text of object 'Object Repository/verifikasi/Total checkout' is: 'Rp 7,799'

2023-10-05 13:19:36 - [TEST_STEP][PASSED] - totall = Total.substring(3, Total.size()): null

2023-10-05 13:19:36 - [TEST_STEP][PASSED] - total = totall.replace(",", "."): null

2023-10-05 13:19:36 - [TEST_STEP][PASSED] - totall = Double.parseDouble(total): null

2023-10-05 13:19:36 - [TEST_STEP][PASSED] - println(totall): null

2023-10-05 13:19:36 - [TEST_STEP][PASSED] - Total_Harga = Ongkos_kirim + fee_admin + sub_total: null

2023-10-05 13:19:36 - [TEST_STEP][PASSED] - println(Total_Harga): null

2023-10-05 13:19:36 - [TEST_STEP][PASSED] - TotalHarga = Math.round(Total_Harga * 1000) / 1000: null

2023-10-05 13:19:36 - [TEST_STEP][PASSED] - println(TotalHarga): null

2023-10-05 13:19:36 - [TEST_STEP][PASSED] - assert totall == TotalHarga: null

2023-10-05 13:19:36 - [TEST_STEP][PASSED] - click(findTestObject("Object Repository/checkout/metode pembayaran")): Object: 'Object Repository/checkout/metode pembayaran' is clicked on

2023-10-05 13:19:37 - [MESSAGE][PASSED] - Object: 'Object Repository/checkout/metode pembayaran' is clicked on

2023-10-05 13:19:37 - [TEST_STEP][PASSED] - click(findTestObject("checkout/button_Proses Pembayaran")): Object: 'Object Repository/checkout/button_Proses Pembayaran' is clicked on

2023-10-05 13:19:37 - [MESSAGE][PASSED] - Object: 'Object Repository/checkout/button_Proses Pembayaran' is clicked on

2023-10-05 13:19:37 - [TEST_STEP][PASSED] - webDriver = getWebDriver(): null

2023-10-05 13:19:37 - [TEST_STEP][PASSED] - field_alamat = webDriver.findElement(By.xpath("//input[@name="alamat"]")): null

2023-10-05 13:19:38 - [TEST_STEP][PASSED] - error_message = webDriver.executeScript("return arguments[0].validationMessage", field_alamat): null

2023-10-05 13:19:38 - [TEST_STEP][PASSED] - println(error_message): null

2023-10-05 13:19:38 - [TEST_STEP][PASSED] - assert error_message == "Please fill out this field.": null

2023-10-05 13:19:38 - [TEST_STEP][PASSED] - mouseOver(findTestObject("beli barang/keranjang")): Object: 'Object Repository/beli barang/keranjang' is hovered

2023-10-05 13:19:38 - [MESSAGE][PASSED] - Object: 'Object Repository/beli barang/keranjang' is hovered

2023-10-05 13:19:38 - [TEST_STEP][PASSED] - click(findTestObject("hapus barang/buttom x")): Object: 'Object Repository/hapus barang/buttom x' is clicked on

2023-10-05 13:19:39 - [MESSAGE][PASSED] - Object: 'Object Repository/hapus barang/buttom x' is clicked on

2023-10-05 13:19:39 - [TEST_STEP][PASSED] - click(findTestObject("hapus barang/button_Hapus Barang")): Object: 'Object Repository/hapus barang/button_Hapus Barang' is clicked on

2023-10-05 13:19:39 - [MESSAGE][PASSED] - Object: 'Object Repository/hapus barang/button_Hapus Barang' is clicked on

2023-10-05 13:19:39 - [TEST_STEP][PASSED] - return data: null]]></system-out>
         <system-err><![CDATA[]]></system-err>
      </testcase>
      <testcase name="Test Cases/T13 Pembelian, Shipment dan Pembayaran/PBL-007" time="35.559" classname="Test Cases/T13 Pembelian, Shipment dan Pembayaran/PBL-007" status="FAILED">
         <failure type="FAILED" message="Test Cases/T13 Pembelian, Shipment dan Pembayaran/PBL-007 FAILED.
Reason:
com.kms.katalon.core.exception.StepFailedException: Unable to verify text 'Massage Error&quot; pilih metode pembayaran cod&quot;' is present 
	at com.kms.katalon.core.webui.keyword.internal.WebUIKeywordMain.stepFailed(WebUIKeywordMain.groovy:64)
	at com.kms.katalon.core.webui.keyword.internal.WebUIKeywordMain.runKeyword(WebUIKeywordMain.groovy:26)
	at com.kms.katalon.core.webui.keyword.builtin.VerifyTextPresentKeyword.verifyTextPresent(VerifyTextPresentKeyword.groovy:83)
	at com.kms.katalon.core.webui.keyword.builtin.VerifyTextPresentKeyword.execute(VerifyTextPresentKeyword.groovy:68)
	at com.kms.katalon.core.keyword.internal.KeywordExecutor.executeKeywordForPlatform(KeywordExecutor.groovy:74)
	at com.kms.katalon.core.webui.keyword.WebUiBuiltInKeywords.verifyTextPresent(WebUiBuiltInKeywords.groovy:1723)
	at com.kms.katalon.core.webui.keyword.WebUiBuiltInKeywords$verifyTextPresent$7.call(Unknown Source)
	at PBL-007.run(PBL-007:107)
	at com.kms.katalon.core.main.ScriptEngine.run(ScriptEngine.java:194)
	at com.kms.katalon.core.main.ScriptEngine.runScriptAsRawText(ScriptEngine.java:119)
	at com.kms.katalon.core.main.TestCaseExecutor.runScript(TestCaseExecutor.java:448)
	at com.kms.katalon.core.main.TestCaseExecutor.doExecute(TestCaseExecutor.java:439)
	at com.kms.katalon.core.main.TestCaseExecutor.processExecutionPhase(TestCaseExecutor.java:418)
	at com.kms.katalon.core.main.TestCaseExecutor.accessMainPhase(TestCaseExecutor.java:410)
	at com.kms.katalon.core.main.TestCaseExecutor.execute(TestCaseExecutor.java:285)
	at com.kms.katalon.core.common.CommonExecutor.accessTestCaseMainPhase(CommonExecutor.java:65)
	at com.kms.katalon.core.main.TestSuiteExecutor.accessTestSuiteMainPhase(TestSuiteExecutor.java:148)
	at com.kms.katalon.core.main.TestSuiteExecutor.execute(TestSuiteExecutor.java:106)
	at com.kms.katalon.core.main.TestCaseMain.startTestSuite(TestCaseMain.java:187)
	at com.kms.katalon.core.main.TestCaseMain$startTestSuite$0.call(Unknown Source)
	at TempTestSuite1696486556660.run(TempTestSuite1696486556660.groovy:36)
Caused by: com.kms.katalon.core.exception.StepFailedException: Text 'Massage Error&quot; pilih metode pembayaran cod&quot;' is not present on page 
	at com.kms.katalon.core.webui.keyword.internal.WebUIKeywordMain.stepFailed(WebUIKeywordMain.groovy:64)
	at com.kms.katalon.core.webui.keyword.builtin.VerifyTextPresentKeyword$_verifyTextPresent_closure1.doCall(VerifyTextPresentKeyword.groovy:79)
	at com.kms.katalon.core.webui.keyword.builtin.VerifyTextPresentKeyword$_verifyTextPresent_closure1.call(VerifyTextPresentKeyword.groovy)
	at com.kms.katalon.core.webui.keyword.internal.WebUIKeywordMain.runKeyword(WebUIKeywordMain.groovy:20)
	... 19 more
"/>
         <system-out><![CDATA[2023-10-05 13:19:39 - [TEST_CASE][FAILED] - Test Cases/T13 Pembelian, Shipment dan Pembayaran/PBL-007: Test Cases/T13 Pembelian, Shipment dan Pembayaran/PBL-007 FAILED.
Reason:
com.kms.katalon.core.exception.StepFailedException: Unable to verify text 'Massage Error" pilih metode pembayaran cod"' is present 
	at com.kms.katalon.core.webui.keyword.internal.WebUIKeywordMain.stepFailed(WebUIKeywordMain.groovy:64)
	at com.kms.katalon.core.webui.keyword.internal.WebUIKeywordMain.runKeyword(WebUIKeywordMain.groovy:26)
	at com.kms.katalon.core.webui.keyword.builtin.VerifyTextPresentKeyword.verifyTextPresent(VerifyTextPresentKeyword.groovy:83)
	at com.kms.katalon.core.webui.keyword.builtin.VerifyTextPresentKeyword.execute(VerifyTextPresentKeyword.groovy:68)
	at com.kms.katalon.core.keyword.internal.KeywordExecutor.executeKeywordForPlatform(KeywordExecutor.groovy:74)
	at com.kms.katalon.core.webui.keyword.WebUiBuiltInKeywords.verifyTextPresent(WebUiBuiltInKeywords.groovy:1723)
	at com.kms.katalon.core.webui.keyword.WebUiBuiltInKeywords$verifyTextPresent$7.call(Unknown Source)
	at PBL-007.run(PBL-007:107)
	at com.kms.katalon.core.main.ScriptEngine.run(ScriptEngine.java:194)
	at com.kms.katalon.core.main.ScriptEngine.runScriptAsRawText(ScriptEngine.java:119)
	at com.kms.katalon.core.main.TestCaseExecutor.runScript(TestCaseExecutor.java:448)
	at com.kms.katalon.core.main.TestCaseExecutor.doExecute(TestCaseExecutor.java:439)
	at com.kms.katalon.core.main.TestCaseExecutor.processExecutionPhase(TestCaseExecutor.java:418)
	at com.kms.katalon.core.main.TestCaseExecutor.accessMainPhase(TestCaseExecutor.java:410)
	at com.kms.katalon.core.main.TestCaseExecutor.execute(TestCaseExecutor.java:285)
	at com.kms.katalon.core.common.CommonExecutor.accessTestCaseMainPhase(CommonExecutor.java:65)
	at com.kms.katalon.core.main.TestSuiteExecutor.accessTestSuiteMainPhase(TestSuiteExecutor.java:148)
	at com.kms.katalon.core.main.TestSuiteExecutor.execute(TestSuiteExecutor.java:106)
	at com.kms.katalon.core.main.TestCaseMain.startTestSuite(TestCaseMain.java:187)
	at com.kms.katalon.core.main.TestCaseMain$startTestSuite$0.call(Unknown Source)
	at TempTestSuite1696486556660.run(TempTestSuite1696486556660.groovy:36)
Caused by: com.kms.katalon.core.exception.StepFailedException: Text 'Massage Error" pilih metode pembayaran cod"' is not present on page 
	at com.kms.katalon.core.webui.keyword.internal.WebUIKeywordMain.stepFailed(WebUIKeywordMain.groovy:64)
	at com.kms.katalon.core.webui.keyword.builtin.VerifyTextPresentKeyword$_verifyTextPresent_closure1.doCall(VerifyTextPresentKeyword.groovy:79)
	at com.kms.katalon.core.webui.keyword.builtin.VerifyTextPresentKeyword$_verifyTextPresent_closure1.call(VerifyTextPresentKeyword.groovy)
	at com.kms.katalon.core.webui.keyword.internal.WebUIKeywordMain.runKeyword(WebUIKeywordMain.groovy:20)
	... 19 more


2023-10-05 13:19:40 - [TEST_STEP][PASSED] - data = callTestCase(findTestCase("T13 Pembelian, Shipment dan Pembayaran/PBL-002"), [:], STOP_ON_FAILURE): Call Test Case 'Test Cases/T13 Pembelian, Shipment dan Pembayaran/PBL-002' successfully

2023-10-05 13:19:40 - [TEST_CASE][PASSED] - Test Cases/T13 Pembelian, Shipment dan Pembayaran/PBL-002: Test Cases/T13 Pembelian, Shipment dan Pembayaran/PBL-002

2023-10-05 13:19:40 - [TEST_STEP][PASSED] - data = callTestCase(findTestCase("T13 Pembelian, Shipment dan Pembayaran/PBL-001"), [:], STOP_ON_FAILURE): Call Test Case 'Test Cases/T13 Pembelian, Shipment dan Pembayaran/PBL-001' successfully

2023-10-05 13:19:40 - [TEST_CASE][PASSED] - Test Cases/T13 Pembelian, Shipment dan Pembayaran/PBL-001: Test Cases/T13 Pembelian, Shipment dan Pembayaran/PBL-001

2023-10-05 13:19:40 - [TEST_STEP][PASSED] - callTestCase(findTestCase("T13 Pembelian, Shipment dan Pembayaran/LU-001"), ["username":"irfanafandi", "password":"12345irfan"], STOP_ON_FAILURE): Call Test Case 'Test Cases/T13 Pembelian, Shipment dan Pembayaran/LU-001' successfully

2023-10-05 13:19:40 - [TEST_CASE][PASSED] - Test Cases/T13 Pembelian, Shipment dan Pembayaran/LU-001: Test Cases/T13 Pembelian, Shipment dan Pembayaran/LU-001

2023-10-05 13:19:40 - [TEST_STEP][PASSED] - openBrowser("https://10.9.2.63/ecommerce/"): Browser is opened with url: 'https://10.9.2.63/ecommerce/'

2023-10-05 13:19:40 - [MESSAGE][WARNING] - A browser is already opened. Closing browser and opening a new one

2023-10-05 13:19:41 - [MESSAGE][INFO] - Starting 'Edge Chromium' driver

2023-10-05 13:19:41 - [MESSAGE][INFO] - User set preference: ['acceptInsecureCerts', 'true']

2023-10-05 13:19:43 - [MESSAGE][INFO] - Action delay is set to 0 milliseconds

2023-10-05 13:19:47 - [MESSAGE][PASSED] - Browser is opened with url: 'https://10.9.2.63/ecommerce/'

2023-10-05 13:19:47 - [TEST_STEP][PASSED] - maximizeWindow(): Current window maximized

2023-10-05 13:19:47 - [MESSAGE][PASSED] - Current window maximized

2023-10-05 13:19:47 - [TEST_STEP][PASSED] - verifyElementPresent(findTestObject("Login/Home"), 0): Object 'Object Repository/Login/Home' is present

2023-10-05 13:19:47 - [MESSAGE][WARNING] - Timeout '0' is invalid. Using default page load timeout: '30'

2023-10-05 13:19:48 - [MESSAGE][PASSED] - Object 'Object Repository/Login/Home' is present

2023-10-05 13:19:48 - [TEST_STEP][PASSED] - click(findTestObject("Login/a_Login")): Object: 'Object Repository/Login/a_Login' is clicked on

2023-10-05 13:19:48 - [MESSAGE][PASSED] - Object: 'Object Repository/Login/a_Login' is clicked on

2023-10-05 13:19:48 - [TEST_STEP][PASSED] - verifyElementPresent(findTestObject("Login/Tittle Login"), 0): Object 'Object Repository/Login/Tittle Login' is present

2023-10-05 13:19:48 - [MESSAGE][WARNING] - Timeout '0' is invalid. Using default page load timeout: '30'

2023-10-05 13:19:49 - [MESSAGE][PASSED] - Object 'Object Repository/Login/Tittle Login' is present

2023-10-05 13:19:49 - [TEST_STEP][PASSED] - setText(findTestObject("Login/input_Username, Email atau No. Handphone_a"), username): Text 'irfanafandi' is set on object 'Object Repository/Login/input_Username, Email atau No. Handphone_a'

2023-10-05 13:19:50 - [MESSAGE][PASSED] - Text 'irfanafandi' is set on object 'Object Repository/Login/input_Username, Email atau No. Handphone_a'

2023-10-05 13:19:50 - [TEST_STEP][PASSED] - setText(findTestObject("Login/input_Password_b"), password): Text '12345irfan' is set on object 'Object Repository/Login/input_Password_b'

2023-10-05 13:19:51 - [MESSAGE][PASSED] - Text '12345irfan' is set on object 'Object Repository/Login/input_Password_b'

2023-10-05 13:19:51 - [TEST_STEP][PASSED] - click(findTestObject("Login/label_Ingat saya")): Object: 'Object Repository/Login/label_Ingat saya' is clicked on

2023-10-05 13:19:51 - [MESSAGE][PASSED] - Object: 'Object Repository/Login/label_Ingat saya' is clicked on

2023-10-05 13:19:51 - [TEST_STEP][PASSED] - click(findTestObject("Login/button_Masuk")): Object: 'Object Repository/Login/button_Masuk' is clicked on

2023-10-05 13:19:53 - [MESSAGE][PASSED] - Object: 'Object Repository/Login/button_Masuk' is clicked on

2023-10-05 13:19:53 - [TEST_STEP][PASSED] - verifyElementPresent(findTestObject("Login/li_Profile"), 0): Object 'Object Repository/Login/li_Profile' is present

2023-10-05 13:19:53 - [MESSAGE][WARNING] - Timeout '0' is invalid. Using default page load timeout: '30'

2023-10-05 13:19:54 - [MESSAGE][PASSED] - Object 'Object Repository/Login/li_Profile' is present

2023-10-05 13:19:54 - [MESSAGE][PASSED] - Call Test Case 'Test Cases/T13 Pembelian, Shipment dan Pembayaran/LU-001' successfully

2023-10-05 13:19:54 - [TEST_STEP][PASSED] - mouseOver(findTestObject("beli barang/i_Mulai Belanja_icon-menu")): Object: 'Object Repository/beli barang/i_Mulai Belanja_icon-menu' is hovered

2023-10-05 13:19:54 - [MESSAGE][PASSED] - Object: 'Object Repository/beli barang/i_Mulai Belanja_icon-menu' is hovered

2023-10-05 13:19:54 - [TEST_STEP][PASSED] - click(findTestObject("beli barang/a_Fashion  Busana Wanita")): Object: 'Object Repository/beli barang/a_Fashion  Busana Wanita' is clicked on

2023-10-05 13:19:55 - [MESSAGE][PASSED] - Object: 'Object Repository/beli barang/a_Fashion  Busana Wanita' is clicked on

2023-10-05 13:19:55 - [TEST_STEP][PASSED] - NamaSebelum = getText(findTestObject("verifikasi/Nama sebelum")): Text of object 'Object Repository/verifikasi/Nama sebelum' is: ''

2023-10-05 13:19:56 - [MESSAGE][PASSED] - Text of object 'Object Repository/verifikasi/Nama sebelum' is: ''

2023-10-05 13:19:56 - [TEST_STEP][PASSED] - HargaSebelum = getText(findTestObject("verifikasi/Harga sebelum")): Text of object 'Object Repository/verifikasi/Harga sebelum' is: 'Rp 1,299'

2023-10-05 13:19:56 - [MESSAGE][PASSED] - Text of object 'Object Repository/verifikasi/Harga sebelum' is: 'Rp 1,299'

2023-10-05 13:19:56 - [TEST_STEP][PASSED] - mouseOver(findTestObject("beli barang/barang mouse over")): Object: 'Object Repository/beli barang/barang mouse over' is hovered

2023-10-05 13:19:57 - [MESSAGE][PASSED] - Object: 'Object Repository/beli barang/barang mouse over' is hovered

2023-10-05 13:19:57 - [TEST_STEP][PASSED] - click(findTestObject("beli barang/buttom add to cart")): Object: 'Object Repository/beli barang/buttom add to cart' is clicked on

2023-10-05 13:19:59 - [MESSAGE][PASSED] - Object: 'Object Repository/beli barang/buttom add to cart' is clicked on

2023-10-05 13:19:59 - [TEST_STEP][PASSED] - NamaSesudah = getText(findTestObject("verifikasi/Nama sesudah")): Text of object 'Object Repository/verifikasi/Nama sesudah' is: 'Segitiga Instan Madeira - MDB5.3 Sunset'

2023-10-05 13:19:59 - [MESSAGE][PASSED] - Text of object 'Object Repository/verifikasi/Nama sesudah' is: 'Segitiga Instan Madeira - MDB5.3 Sunset'

2023-10-05 13:19:59 - [TEST_STEP][PASSED] - HargaSesudah = getText(findTestObject("verifikasi/Harga sesudah")): Text of object 'Object Repository/verifikasi/Harga sesudah' is: 'Rp 1,299'

2023-10-05 13:20:00 - [MESSAGE][PASSED] - Text of object 'Object Repository/verifikasi/Harga sesudah' is: 'Rp 1,299'

2023-10-05 13:20:00 - [TEST_STEP][PASSED] - assert NamaSesudah.contains(NamaSebelum): null

2023-10-05 13:20:00 - [TEST_STEP][PASSED] - assert HargaSesudah.contains(HargaSebelum): null

2023-10-05 13:20:00 - [TEST_STEP][PASSED] - click(findTestObject("beli barang/Tambah Keranjang busana wanita")): Object: 'Object Repository/beli barang/Tambah Keranjang busana wanita' is clicked on

2023-10-05 13:20:00 - [MESSAGE][PASSED] - Object: 'Object Repository/beli barang/Tambah Keranjang busana wanita' is clicked on

2023-10-05 13:20:00 - [TEST_STEP][PASSED] - verifyElementPresent(findTestObject("checkout/Notifikasi keranjang"), 1): Object 'Object Repository/checkout/Notifikasi keranjang' is present

2023-10-05 13:20:01 - [MESSAGE][PASSED] - Object 'Object Repository/checkout/Notifikasi keranjang' is present

2023-10-05 13:20:01 - [TEST_STEP][PASSED] - data = new java.util.HashMap(): null

2023-10-05 13:20:01 - [TEST_STEP][PASSED] - data.put("nama_barang", NamaSesudah): null

2023-10-05 13:20:01 - [TEST_STEP][PASSED] - data.put("price_barang", HargaSesudah): null

2023-10-05 13:20:01 - [TEST_STEP][PASSED] - return data: null

2023-10-05 13:20:01 - [MESSAGE][PASSED] - Call Test Case 'Test Cases/T13 Pembelian, Shipment dan Pembayaran/PBL-001' successfully

2023-10-05 13:20:01 - [TEST_STEP][PASSED] - mouseOver(findTestObject("beli barang/keranjang")): Object: 'Object Repository/beli barang/keranjang' is hovered

2023-10-05 13:20:01 - [MESSAGE][PASSED] - Object: 'Object Repository/beli barang/keranjang' is hovered

2023-10-05 13:20:01 - [TEST_STEP][PASSED] - click(findTestObject("beli barang/Lihat Sekarang")): Object: 'Object Repository/beli barang/Lihat Sekarang' is clicked on

2023-10-05 13:20:02 - [MESSAGE][PASSED] - Object: 'Object Repository/beli barang/Lihat Sekarang' is clicked on

2023-10-05 13:20:02 - [TEST_STEP][PASSED] - verifyElementPresent(findTestObject("keranjang/li_Keranjang Belanja"), 0): Object 'Object Repository/keranjang/li_Keranjang Belanja' is present

2023-10-05 13:20:02 - [MESSAGE][WARNING] - Timeout '0' is invalid. Using default page load timeout: '30'

2023-10-05 13:20:04 - [MESSAGE][PASSED] - Object 'Object Repository/keranjang/li_Keranjang Belanja' is present

2023-10-05 13:20:04 - [TEST_STEP][PASSED] - NamaKeranjang = getText(findTestObject("verifikasi/Nama keranjang")): Text of object 'Object Repository/verifikasi/Nama keranjang' is: 'Segitiga Instan Madeira - MDB5.3 Sunset'

2023-10-05 13:20:04 - [MESSAGE][PASSED] - Text of object 'Object Repository/verifikasi/Nama keranjang' is: 'Segitiga Instan Madeira - MDB5.3 Sunset'

2023-10-05 13:20:04 - [TEST_STEP][PASSED] - HargaKeranjang = getText(findTestObject("verifikasi/Harga Keranjang")): Text of object 'Object Repository/verifikasi/Harga Keranjang' is: 'Rp 1,299'

2023-10-05 13:20:04 - [MESSAGE][PASSED] - Text of object 'Object Repository/verifikasi/Harga Keranjang' is: 'Rp 1,299'

2023-10-05 13:20:04 - [TEST_STEP][PASSED] - if (toString().equalsIgnoreCase("Merah")): Object 'Object Repository/keranjang/input_Warna_variasi101' is checked

2023-10-05 13:20:04 - [TEST_STEP][PASSED] - check(findTestObject("Object Repository/keranjang/input_Warna_variasi101")): Object 'Object Repository/keranjang/input_Warna_variasi101' is checked

2023-10-05 13:20:05 - [MESSAGE][PASSED] - Object 'Object Repository/keranjang/input_Warna_variasi101' is checked

2023-10-05 13:20:05 - [TEST_STEP][PASSED] - if (toString().equalsIgnoreCase("Menengah")): Object 'Object Repository/keranjang/input_Ukuran_variasi201' is checked

2023-10-05 13:20:05 - [TEST_STEP][PASSED] - check(findTestObject("Object Repository/keranjang/input_Ukuran_variasi201")): Object 'Object Repository/keranjang/input_Ukuran_variasi201' is checked

2023-10-05 13:20:05 - [MESSAGE][PASSED] - Object 'Object Repository/keranjang/input_Ukuran_variasi201' is checked

2023-10-05 13:20:05 - [TEST_STEP][PASSED] - data.put("Warna", warna): null

2023-10-05 13:20:05 - [TEST_STEP][PASSED] - data.put("Ukuran", ukuran): null

2023-10-05 13:20:05 - [TEST_STEP][PASSED] - click(findTestObject("keranjang/button_Lanjut ke Pembayaran")): Object: 'Object Repository/keranjang/button_Lanjut ke Pembayaran' is clicked on

2023-10-05 13:20:07 - [MESSAGE][PASSED] - Object: 'Object Repository/keranjang/button_Lanjut ke Pembayaran' is clicked on

2023-10-05 13:20:07 - [TEST_STEP][PASSED] - verifyElementPresent(findTestObject("checkout/Tittle Checkout Order"), 0): Object 'Object Repository/checkout/Tittle Checkout Order' is present

2023-10-05 13:20:07 - [MESSAGE][WARNING] - Timeout '0' is invalid. Using default page load timeout: '30'

2023-10-05 13:20:07 - [MESSAGE][PASSED] - Object 'Object Repository/checkout/Tittle Checkout Order' is present

2023-10-05 13:20:07 - [TEST_STEP][PASSED] - name_product = data.get("nama_barang"): null

2023-10-05 13:20:07 - [TEST_STEP][PASSED] - price_product = data.get("price_barang"): null

2023-10-05 13:20:07 - [TEST_STEP][PASSED] - assert name_product == NamaKeranjang: null

2023-10-05 13:20:07 - [TEST_STEP][PASSED] - assert price_product == HargaKeranjang: null

2023-10-05 13:20:07 - [TEST_STEP][PASSED] - return data: null

2023-10-05 13:20:07 - [MESSAGE][PASSED] - Call Test Case 'Test Cases/T13 Pembelian, Shipment dan Pembayaran/PBL-002' successfully

2023-10-05 13:20:07 - [TEST_STEP][PASSED] - warnaa = getText(findTestObject("verifikasi/warna Merah")): Text of object 'Object Repository/verifikasi/warna Merah' is: 'Merah'

2023-10-05 13:20:08 - [MESSAGE][PASSED] - Text of object 'Object Repository/verifikasi/warna Merah' is: 'Merah'

2023-10-05 13:20:08 - [TEST_STEP][PASSED] - ukurann = getText(findTestObject("verifikasi/Ukuran Menengah")): Text of object 'Object Repository/verifikasi/Ukuran Menengah' is: 'Menengah'

2023-10-05 13:20:08 - [MESSAGE][PASSED] - Text of object 'Object Repository/verifikasi/Ukuran Menengah' is: 'Menengah'

2023-10-05 13:20:08 - [TEST_STEP][PASSED] - warna1 = data.get("Warna"): null

2023-10-05 13:20:08 - [TEST_STEP][PASSED] - ukuran1 = data.get("Ukuran"): null

2023-10-05 13:20:08 - [TEST_STEP][PASSED] - assert warnaa == warna1: null

2023-10-05 13:20:08 - [TEST_STEP][PASSED] - assert ukurann == ukuran1: null

2023-10-05 13:20:08 - [TEST_STEP][PASSED] - NamaCheckout = getText(findTestObject("verifikasi/NamaCheckout")): Text of object 'Object Repository/verifikasi/NamaCheckout' is: ''

2023-10-05 13:20:09 - [MESSAGE][PASSED] - Text of object 'Object Repository/verifikasi/NamaCheckout' is: ''

2023-10-05 13:20:09 - [TEST_STEP][PASSED] - HargaCheckout = getText(findTestObject("verifikasi/HargaCheckout")): Text of object 'Object Repository/verifikasi/HargaCheckout' is: '1,299'

2023-10-05 13:20:09 - [MESSAGE][PASSED] - Text of object 'Object Repository/verifikasi/HargaCheckout' is: '1,299'

2023-10-05 13:20:09 - [TEST_STEP][PASSED] - name_product = data.get("nama_barang"): null

2023-10-05 13:20:09 - [TEST_STEP][PASSED] - price_product = data.get("price_barang"): null

2023-10-05 13:20:09 - [TEST_STEP][PASSED] - assert name_product.contains(NamaCheckout): null

2023-10-05 13:20:09 - [TEST_STEP][PASSED] - assert price_product.contains(HargaCheckout): null

2023-10-05 13:20:09 - [TEST_STEP][PASSED] - click(findTestObject("checkout/COD")): Object: 'Object Repository/checkout/COD' is clicked on

2023-10-05 13:20:09 - [MESSAGE][PASSED] - Object: 'Object Repository/checkout/COD' is clicked on

2023-10-05 13:20:09 - [TEST_STEP][PASSED] - click(findTestObject("verifikasi/COD - Panjang BanaTarif")): Object: 'Object Repository/verifikasi/COD - Panjang BanaTarif' is clicked on

2023-10-05 13:20:10 - [MESSAGE][PASSED] - Object: 'Object Repository/verifikasi/COD - Panjang BanaTarif' is clicked on

2023-10-05 13:20:10 - [TEST_STEP][PASSED] - click(findTestObject("verifikasi/Metode Transfer")): Object: 'Object Repository/verifikasi/Metode Transfer' is clicked on

2023-10-05 13:20:10 - [MESSAGE][PASSED] - Object: 'Object Repository/verifikasi/Metode Transfer' is clicked on

2023-10-05 13:20:10 - [TEST_STEP][PASSED] - click(findTestObject("checkout/button_Proses Pembayaran")): Object: 'Object Repository/checkout/button_Proses Pembayaran' is clicked on

2023-10-05 13:20:14 - [MESSAGE][PASSED] - Object: 'Object Repository/checkout/button_Proses Pembayaran' is clicked on

2023-10-05 13:20:14 - [TEST_STEP][FAILED] - verifyTextPresent("Massage Error" pilih metode pembayaran cod"", false): Unable to verify text 'Massage Error" pilih metode pembayaran cod"' is present  (Root cause: com.kms.katalon.core.exception.StepFailedException: Unable to verify text 'Massage Error" pilih metode pembayaran cod"' is present 
	at com.kms.katalon.core.webui.keyword.internal.WebUIKeywordMain.stepFailed(WebUIKeywordMain.groovy:64)
	at com.kms.katalon.core.webui.keyword.internal.WebUIKeywordMain.runKeyword(WebUIKeywordMain.groovy:26)
	at com.kms.katalon.core.webui.keyword.builtin.VerifyTextPresentKeyword.verifyTextPresent(VerifyTextPresentKeyword.groovy:83)
	at com.kms.katalon.core.webui.keyword.builtin.VerifyTextPresentKeyword.execute(VerifyTextPresentKeyword.groovy:68)
	at com.kms.katalon.core.keyword.internal.KeywordExecutor.executeKeywordForPlatform(KeywordExecutor.groovy:74)
	at com.kms.katalon.core.webui.keyword.WebUiBuiltInKeywords.verifyTextPresent(WebUiBuiltInKeywords.groovy:1723)
	at com.kms.katalon.core.webui.keyword.WebUiBuiltInKeywords$verifyTextPresent$7.call(Unknown Source)
	at PBL-007.run(PBL-007:107)
	at com.kms.katalon.core.main.ScriptEngine.run(ScriptEngine.java:194)
	at com.kms.katalon.core.main.ScriptEngine.runScriptAsRawText(ScriptEngine.java:119)
	at com.kms.katalon.core.main.TestCaseExecutor.runScript(TestCaseExecutor.java:448)
	at com.kms.katalon.core.main.TestCaseExecutor.doExecute(TestCaseExecutor.java:439)
	at com.kms.katalon.core.main.TestCaseExecutor.processExecutionPhase(TestCaseExecutor.java:418)
	at com.kms.katalon.core.main.TestCaseExecutor.accessMainPhase(TestCaseExecutor.java:410)
	at com.kms.katalon.core.main.TestCaseExecutor.execute(TestCaseExecutor.java:285)
	at com.kms.katalon.core.common.CommonExecutor.accessTestCaseMainPhase(CommonExecutor.java:65)
	at com.kms.katalon.core.main.TestSuiteExecutor.accessTestSuiteMainPhase(TestSuiteExecutor.java:148)
	at com.kms.katalon.core.main.TestSuiteExecutor.execute(TestSuiteExecutor.java:106)
	at com.kms.katalon.core.main.TestCaseMain.startTestSuite(TestCaseMain.java:187)
	at com.kms.katalon.core.main.TestCaseMain$startTestSuite$0.call(Unknown Source)
	at TempTestSuite1696486556660.run(TempTestSuite1696486556660.groovy:36)
Caused by: com.kms.katalon.core.exception.StepFailedException: Text 'Massage Error" pilih metode pembayaran cod"' is not present on page 
	at com.kms.katalon.core.webui.keyword.internal.WebUIKeywordMain.stepFailed(WebUIKeywordMain.groovy:64)
	at com.kms.katalon.core.webui.keyword.builtin.VerifyTextPresentKeyword$_verifyTextPresent_closure1.doCall(VerifyTextPresentKeyword.groovy:79)
	at com.kms.katalon.core.webui.keyword.builtin.VerifyTextPresentKeyword$_verifyTextPresent_closure1.call(VerifyTextPresentKeyword.groovy)
	at com.kms.katalon.core.webui.keyword.internal.WebUIKeywordMain.runKeyword(WebUIKeywordMain.groovy:20)
	... 19 more
)

2023-10-05 13:20:15 - [MESSAGE][FAILED] - Text 'Massage Error" pilih metode pembayaran cod"' is not present on page  (Root cause: com.kms.katalon.core.exception.StepFailedException: Text 'Massage Error" pilih metode pembayaran cod"' is not present on page 
	at com.kms.katalon.core.webui.keyword.internal.WebUIKeywordMain.stepFailed(WebUIKeywordMain.groovy:64)
	at com.kms.katalon.core.webui.keyword.builtin.VerifyTextPresentKeyword$_verifyTextPresent_closure1.doCall(VerifyTextPresentKeyword.groovy:79)
	at com.kms.katalon.core.webui.keyword.builtin.VerifyTextPresentKeyword$_verifyTextPresent_closure1.call(VerifyTextPresentKeyword.groovy)
	at com.kms.katalon.core.webui.keyword.internal.WebUIKeywordMain.runKeyword(WebUIKeywordMain.groovy:20)
	at com.kms.katalon.core.webui.keyword.builtin.VerifyTextPresentKeyword.verifyTextPresent(VerifyTextPresentKeyword.groovy:83)
	at com.kms.katalon.core.webui.keyword.builtin.VerifyTextPresentKeyword.execute(VerifyTextPresentKeyword.groovy:68)
	at com.kms.katalon.core.keyword.internal.KeywordExecutor.executeKeywordForPlatform(KeywordExecutor.groovy:74)
	at com.kms.katalon.core.webui.keyword.WebUiBuiltInKeywords.verifyTextPresent(WebUiBuiltInKeywords.groovy:1723)
	at com.kms.katalon.core.webui.keyword.WebUiBuiltInKeywords$verifyTextPresent$7.call(Unknown Source)
	at PBL-007.run(PBL-007:107)
	at com.kms.katalon.core.main.ScriptEngine.run(ScriptEngine.java:194)
	at com.kms.katalon.core.main.ScriptEngine.runScriptAsRawText(ScriptEngine.java:119)
	at com.kms.katalon.core.main.TestCaseExecutor.runScript(TestCaseExecutor.java:448)
	at com.kms.katalon.core.main.TestCaseExecutor.doExecute(TestCaseExecutor.java:439)
	at com.kms.katalon.core.main.TestCaseExecutor.processExecutionPhase(TestCaseExecutor.java:418)
	at com.kms.katalon.core.main.TestCaseExecutor.accessMainPhase(TestCaseExecutor.java:410)
	at com.kms.katalon.core.main.TestCaseExecutor.execute(TestCaseExecutor.java:285)
	at com.kms.katalon.core.common.CommonExecutor.accessTestCaseMainPhase(CommonExecutor.java:65)
	at com.kms.katalon.core.main.TestSuiteExecutor.accessTestSuiteMainPhase(TestSuiteExecutor.java:148)
	at com.kms.katalon.core.main.TestSuiteExecutor.execute(TestSuiteExecutor.java:106)
	at com.kms.katalon.core.main.TestCaseMain.startTestSuite(TestCaseMain.java:187)
	at com.kms.katalon.core.main.TestCaseMain$startTestSuite$0.call(Unknown Source)
	at TempTestSuite1696486556660.run(TempTestSuite1696486556660.groovy:36)
)

2023-10-05 13:20:15 - [MESSAGE][FAILED] - Unable to verify text 'Massage Error" pilih metode pembayaran cod"' is present  (Root cause: com.kms.katalon.core.exception.StepFailedException: Unable to verify text 'Massage Error" pilih metode pembayaran cod"' is present 
	at com.kms.katalon.core.webui.keyword.internal.WebUIKeywordMain.stepFailed(WebUIKeywordMain.groovy:64)
	at com.kms.katalon.core.webui.keyword.internal.WebUIKeywordMain.runKeyword(WebUIKeywordMain.groovy:26)
	at com.kms.katalon.core.webui.keyword.builtin.VerifyTextPresentKeyword.verifyTextPresent(VerifyTextPresentKeyword.groovy:83)
	at com.kms.katalon.core.webui.keyword.builtin.VerifyTextPresentKeyword.execute(VerifyTextPresentKeyword.groovy:68)
	at com.kms.katalon.core.keyword.internal.KeywordExecutor.executeKeywordForPlatform(KeywordExecutor.groovy:74)
	at com.kms.katalon.core.webui.keyword.WebUiBuiltInKeywords.verifyTextPresent(WebUiBuiltInKeywords.groovy:1723)
	at com.kms.katalon.core.webui.keyword.WebUiBuiltInKeywords$verifyTextPresent$7.call(Unknown Source)
	at PBL-007.run(PBL-007:107)
	at com.kms.katalon.core.main.ScriptEngine.run(ScriptEngine.java:194)
	at com.kms.katalon.core.main.ScriptEngine.runScriptAsRawText(ScriptEngine.java:119)
	at com.kms.katalon.core.main.TestCaseExecutor.runScript(TestCaseExecutor.java:448)
	at com.kms.katalon.core.main.TestCaseExecutor.doExecute(TestCaseExecutor.java:439)
	at com.kms.katalon.core.main.TestCaseExecutor.processExecutionPhase(TestCaseExecutor.java:418)
	at com.kms.katalon.core.main.TestCaseExecutor.accessMainPhase(TestCaseExecutor.java:410)
	at com.kms.katalon.core.main.TestCaseExecutor.execute(TestCaseExecutor.java:285)
	at com.kms.katalon.core.common.CommonExecutor.accessTestCaseMainPhase(CommonExecutor.java:65)
	at com.kms.katalon.core.main.TestSuiteExecutor.accessTestSuiteMainPhase(TestSuiteExecutor.java:148)
	at com.kms.katalon.core.main.TestSuiteExecutor.execute(TestSuiteExecutor.java:106)
	at com.kms.katalon.core.main.TestCaseMain.startTestSuite(TestCaseMain.java:187)
	at com.kms.katalon.core.main.TestCaseMain$startTestSuite$0.call(Unknown Source)
	at TempTestSuite1696486556660.run(TempTestSuite1696486556660.groovy:36)
Caused by: com.kms.katalon.core.exception.StepFailedException: Text 'Massage Error" pilih metode pembayaran cod"' is not present on page 
	at com.kms.katalon.core.webui.keyword.internal.WebUIKeywordMain.stepFailed(WebUIKeywordMain.groovy:64)
	at com.kms.katalon.core.webui.keyword.builtin.VerifyTextPresentKeyword$_verifyTextPresent_closure1.doCall(VerifyTextPresentKeyword.groovy:79)
	at com.kms.katalon.core.webui.keyword.builtin.VerifyTextPresentKeyword$_verifyTextPresent_closure1.call(VerifyTextPresentKeyword.groovy)
	at com.kms.katalon.core.webui.keyword.internal.WebUIKeywordMain.runKeyword(WebUIKeywordMain.groovy:20)
	... 19 more
)
[[ATTACHMENT|C:\\FT2 XSIS\\Projek 2 MINI PROJEK\\Reports\\20231005_131556\\T13 Pembelian, Shipment dan Pembayaran\\T13 Pembelian, Shipment dan Pembayaran\\20231005_131556\\1696486815227.png]]]]></system-out>
         <system-err><![CDATA[2023-10-05 13:19:39 - [TEST_CASE][FAILED] - Test Cases/T13 Pembelian, Shipment dan Pembayaran/PBL-007: Test Cases/T13 Pembelian, Shipment dan Pembayaran/PBL-007 FAILED.
Reason:
com.kms.katalon.core.exception.StepFailedException: Unable to verify text 'Massage Error" pilih metode pembayaran cod"' is present 
	at com.kms.katalon.core.webui.keyword.internal.WebUIKeywordMain.stepFailed(WebUIKeywordMain.groovy:64)
	at com.kms.katalon.core.webui.keyword.internal.WebUIKeywordMain.runKeyword(WebUIKeywordMain.groovy:26)
	at com.kms.katalon.core.webui.keyword.builtin.VerifyTextPresentKeyword.verifyTextPresent(VerifyTextPresentKeyword.groovy:83)
	at com.kms.katalon.core.webui.keyword.builtin.VerifyTextPresentKeyword.execute(VerifyTextPresentKeyword.groovy:68)
	at com.kms.katalon.core.keyword.internal.KeywordExecutor.executeKeywordForPlatform(KeywordExecutor.groovy:74)
	at com.kms.katalon.core.webui.keyword.WebUiBuiltInKeywords.verifyTextPresent(WebUiBuiltInKeywords.groovy:1723)
	at com.kms.katalon.core.webui.keyword.WebUiBuiltInKeywords$verifyTextPresent$7.call(Unknown Source)
	at PBL-007.run(PBL-007:107)
	at com.kms.katalon.core.main.ScriptEngine.run(ScriptEngine.java:194)
	at com.kms.katalon.core.main.ScriptEngine.runScriptAsRawText(ScriptEngine.java:119)
	at com.kms.katalon.core.main.TestCaseExecutor.runScript(TestCaseExecutor.java:448)
	at com.kms.katalon.core.main.TestCaseExecutor.doExecute(TestCaseExecutor.java:439)
	at com.kms.katalon.core.main.TestCaseExecutor.processExecutionPhase(TestCaseExecutor.java:418)
	at com.kms.katalon.core.main.TestCaseExecutor.accessMainPhase(TestCaseExecutor.java:410)
	at com.kms.katalon.core.main.TestCaseExecutor.execute(TestCaseExecutor.java:285)
	at com.kms.katalon.core.common.CommonExecutor.accessTestCaseMainPhase(CommonExecutor.java:65)
	at com.kms.katalon.core.main.TestSuiteExecutor.accessTestSuiteMainPhase(TestSuiteExecutor.java:148)
	at com.kms.katalon.core.main.TestSuiteExecutor.execute(TestSuiteExecutor.java:106)
	at com.kms.katalon.core.main.TestCaseMain.startTestSuite(TestCaseMain.java:187)
	at com.kms.katalon.core.main.TestCaseMain$startTestSuite$0.call(Unknown Source)
	at TempTestSuite1696486556660.run(TempTestSuite1696486556660.groovy:36)
Caused by: com.kms.katalon.core.exception.StepFailedException: Text 'Massage Error" pilih metode pembayaran cod"' is not present on page 
	at com.kms.katalon.core.webui.keyword.internal.WebUIKeywordMain.stepFailed(WebUIKeywordMain.groovy:64)
	at com.kms.katalon.core.webui.keyword.builtin.VerifyTextPresentKeyword$_verifyTextPresent_closure1.doCall(VerifyTextPresentKeyword.groovy:79)
	at com.kms.katalon.core.webui.keyword.builtin.VerifyTextPresentKeyword$_verifyTextPresent_closure1.call(VerifyTextPresentKeyword.groovy)
	at com.kms.katalon.core.webui.keyword.internal.WebUIKeywordMain.runKeyword(WebUIKeywordMain.groovy:20)
	... 19 more]]></system-err>
      </testcase>
      <testcase name="Test Cases/T13 Pembelian, Shipment dan Pembayaran/PBL-008" time="34.786" classname="Test Cases/T13 Pembelian, Shipment dan Pembayaran/PBL-008" status="FAILED">
         <failure type="FAILED" message="Test Cases/T13 Pembelian, Shipment dan Pembayaran/PBL-008 FAILED.
Reason:
com.kms.katalon.core.exception.StepFailedException: Unable to verify text 'Massage Error&quot; pilih metode pembayaran cod&quot;' is present 
	at com.kms.katalon.core.webui.keyword.internal.WebUIKeywordMain.stepFailed(WebUIKeywordMain.groovy:64)
	at com.kms.katalon.core.webui.keyword.internal.WebUIKeywordMain.runKeyword(WebUIKeywordMain.groovy:26)
	at com.kms.katalon.core.webui.keyword.builtin.VerifyTextPresentKeyword.verifyTextPresent(VerifyTextPresentKeyword.groovy:83)
	at com.kms.katalon.core.webui.keyword.builtin.VerifyTextPresentKeyword.execute(VerifyTextPresentKeyword.groovy:68)
	at com.kms.katalon.core.keyword.internal.KeywordExecutor.executeKeywordForPlatform(KeywordExecutor.groovy:74)
	at com.kms.katalon.core.webui.keyword.WebUiBuiltInKeywords.verifyTextPresent(WebUiBuiltInKeywords.groovy:1723)
	at com.kms.katalon.core.webui.keyword.WebUiBuiltInKeywords$verifyTextPresent$7.call(Unknown Source)
	at PBL-008.run(PBL-008:105)
	at com.kms.katalon.core.main.ScriptEngine.run(ScriptEngine.java:194)
	at com.kms.katalon.core.main.ScriptEngine.runScriptAsRawText(ScriptEngine.java:119)
	at com.kms.katalon.core.main.TestCaseExecutor.runScript(TestCaseExecutor.java:448)
	at com.kms.katalon.core.main.TestCaseExecutor.doExecute(TestCaseExecutor.java:439)
	at com.kms.katalon.core.main.TestCaseExecutor.processExecutionPhase(TestCaseExecutor.java:418)
	at com.kms.katalon.core.main.TestCaseExecutor.accessMainPhase(TestCaseExecutor.java:410)
	at com.kms.katalon.core.main.TestCaseExecutor.execute(TestCaseExecutor.java:285)
	at com.kms.katalon.core.common.CommonExecutor.accessTestCaseMainPhase(CommonExecutor.java:65)
	at com.kms.katalon.core.main.TestSuiteExecutor.accessTestSuiteMainPhase(TestSuiteExecutor.java:148)
	at com.kms.katalon.core.main.TestSuiteExecutor.execute(TestSuiteExecutor.java:106)
	at com.kms.katalon.core.main.TestCaseMain.startTestSuite(TestCaseMain.java:187)
	at com.kms.katalon.core.main.TestCaseMain$startTestSuite$0.call(Unknown Source)
	at TempTestSuite1696486556660.run(TempTestSuite1696486556660.groovy:36)
Caused by: com.kms.katalon.core.exception.StepFailedException: Text 'Massage Error&quot; pilih metode pembayaran cod&quot;' is not present on page 
	at com.kms.katalon.core.webui.keyword.internal.WebUIKeywordMain.stepFailed(WebUIKeywordMain.groovy:64)
	at com.kms.katalon.core.webui.keyword.builtin.VerifyTextPresentKeyword$_verifyTextPresent_closure1.doCall(VerifyTextPresentKeyword.groovy:79)
	at com.kms.katalon.core.webui.keyword.builtin.VerifyTextPresentKeyword$_verifyTextPresent_closure1.call(VerifyTextPresentKeyword.groovy)
	at com.kms.katalon.core.webui.keyword.internal.WebUIKeywordMain.runKeyword(WebUIKeywordMain.groovy:20)
	... 19 more
"/>
         <system-out><![CDATA[2023-10-05 13:20:15 - [TEST_CASE][FAILED] - Test Cases/T13 Pembelian, Shipment dan Pembayaran/PBL-008: Test Cases/T13 Pembelian, Shipment dan Pembayaran/PBL-008 FAILED.
Reason:
com.kms.katalon.core.exception.StepFailedException: Unable to verify text 'Massage Error" pilih metode pembayaran cod"' is present 
	at com.kms.katalon.core.webui.keyword.internal.WebUIKeywordMain.stepFailed(WebUIKeywordMain.groovy:64)
	at com.kms.katalon.core.webui.keyword.internal.WebUIKeywordMain.runKeyword(WebUIKeywordMain.groovy:26)
	at com.kms.katalon.core.webui.keyword.builtin.VerifyTextPresentKeyword.verifyTextPresent(VerifyTextPresentKeyword.groovy:83)
	at com.kms.katalon.core.webui.keyword.builtin.VerifyTextPresentKeyword.execute(VerifyTextPresentKeyword.groovy:68)
	at com.kms.katalon.core.keyword.internal.KeywordExecutor.executeKeywordForPlatform(KeywordExecutor.groovy:74)
	at com.kms.katalon.core.webui.keyword.WebUiBuiltInKeywords.verifyTextPresent(WebUiBuiltInKeywords.groovy:1723)
	at com.kms.katalon.core.webui.keyword.WebUiBuiltInKeywords$verifyTextPresent$7.call(Unknown Source)
	at PBL-008.run(PBL-008:105)
	at com.kms.katalon.core.main.ScriptEngine.run(ScriptEngine.java:194)
	at com.kms.katalon.core.main.ScriptEngine.runScriptAsRawText(ScriptEngine.java:119)
	at com.kms.katalon.core.main.TestCaseExecutor.runScript(TestCaseExecutor.java:448)
	at com.kms.katalon.core.main.TestCaseExecutor.doExecute(TestCaseExecutor.java:439)
	at com.kms.katalon.core.main.TestCaseExecutor.processExecutionPhase(TestCaseExecutor.java:418)
	at com.kms.katalon.core.main.TestCaseExecutor.accessMainPhase(TestCaseExecutor.java:410)
	at com.kms.katalon.core.main.TestCaseExecutor.execute(TestCaseExecutor.java:285)
	at com.kms.katalon.core.common.CommonExecutor.accessTestCaseMainPhase(CommonExecutor.java:65)
	at com.kms.katalon.core.main.TestSuiteExecutor.accessTestSuiteMainPhase(TestSuiteExecutor.java:148)
	at com.kms.katalon.core.main.TestSuiteExecutor.execute(TestSuiteExecutor.java:106)
	at com.kms.katalon.core.main.TestCaseMain.startTestSuite(TestCaseMain.java:187)
	at com.kms.katalon.core.main.TestCaseMain$startTestSuite$0.call(Unknown Source)
	at TempTestSuite1696486556660.run(TempTestSuite1696486556660.groovy:36)
Caused by: com.kms.katalon.core.exception.StepFailedException: Text 'Massage Error" pilih metode pembayaran cod"' is not present on page 
	at com.kms.katalon.core.webui.keyword.internal.WebUIKeywordMain.stepFailed(WebUIKeywordMain.groovy:64)
	at com.kms.katalon.core.webui.keyword.builtin.VerifyTextPresentKeyword$_verifyTextPresent_closure1.doCall(VerifyTextPresentKeyword.groovy:79)
	at com.kms.katalon.core.webui.keyword.builtin.VerifyTextPresentKeyword$_verifyTextPresent_closure1.call(VerifyTextPresentKeyword.groovy)
	at com.kms.katalon.core.webui.keyword.internal.WebUIKeywordMain.runKeyword(WebUIKeywordMain.groovy:20)
	... 19 more


2023-10-05 13:20:15 - [TEST_STEP][PASSED] - data = callTestCase(findTestCase("T13 Pembelian, Shipment dan Pembayaran/PBL-002"), [:], STOP_ON_FAILURE): Call Test Case 'Test Cases/T13 Pembelian, Shipment dan Pembayaran/PBL-002' successfully

2023-10-05 13:20:15 - [TEST_CASE][PASSED] - Test Cases/T13 Pembelian, Shipment dan Pembayaran/PBL-002: Test Cases/T13 Pembelian, Shipment dan Pembayaran/PBL-002

2023-10-05 13:20:15 - [TEST_STEP][PASSED] - data = callTestCase(findTestCase("T13 Pembelian, Shipment dan Pembayaran/PBL-001"), [:], STOP_ON_FAILURE): Call Test Case 'Test Cases/T13 Pembelian, Shipment dan Pembayaran/PBL-001' successfully

2023-10-05 13:20:15 - [TEST_CASE][PASSED] - Test Cases/T13 Pembelian, Shipment dan Pembayaran/PBL-001: Test Cases/T13 Pembelian, Shipment dan Pembayaran/PBL-001

2023-10-05 13:20:15 - [TEST_STEP][PASSED] - callTestCase(findTestCase("T13 Pembelian, Shipment dan Pembayaran/LU-001"), ["username":"irfanafandi", "password":"12345irfan"], STOP_ON_FAILURE): Call Test Case 'Test Cases/T13 Pembelian, Shipment dan Pembayaran/LU-001' successfully

2023-10-05 13:20:16 - [TEST_CASE][PASSED] - Test Cases/T13 Pembelian, Shipment dan Pembayaran/LU-001: Test Cases/T13 Pembelian, Shipment dan Pembayaran/LU-001

2023-10-05 13:20:16 - [TEST_STEP][PASSED] - openBrowser("https://10.9.2.63/ecommerce/"): Browser is opened with url: 'https://10.9.2.63/ecommerce/'

2023-10-05 13:20:16 - [MESSAGE][WARNING] - A browser is already opened. Closing browser and opening a new one

2023-10-05 13:20:16 - [MESSAGE][INFO] - Starting 'Edge Chromium' driver

2023-10-05 13:20:16 - [MESSAGE][INFO] - User set preference: ['acceptInsecureCerts', 'true']

2023-10-05 13:20:18 - [MESSAGE][INFO] - Action delay is set to 0 milliseconds

2023-10-05 13:20:22 - [MESSAGE][PASSED] - Browser is opened with url: 'https://10.9.2.63/ecommerce/'

2023-10-05 13:20:22 - [TEST_STEP][PASSED] - maximizeWindow(): Current window maximized

2023-10-05 13:20:22 - [MESSAGE][PASSED] - Current window maximized

2023-10-05 13:20:22 - [TEST_STEP][PASSED] - verifyElementPresent(findTestObject("Login/Home"), 0): Object 'Object Repository/Login/Home' is present

2023-10-05 13:20:22 - [MESSAGE][WARNING] - Timeout '0' is invalid. Using default page load timeout: '30'

2023-10-05 13:20:23 - [MESSAGE][PASSED] - Object 'Object Repository/Login/Home' is present

2023-10-05 13:20:23 - [TEST_STEP][PASSED] - click(findTestObject("Login/a_Login")): Object: 'Object Repository/Login/a_Login' is clicked on

2023-10-05 13:20:23 - [MESSAGE][PASSED] - Object: 'Object Repository/Login/a_Login' is clicked on

2023-10-05 13:20:23 - [TEST_STEP][PASSED] - verifyElementPresent(findTestObject("Login/Tittle Login"), 0): Object 'Object Repository/Login/Tittle Login' is present

2023-10-05 13:20:23 - [MESSAGE][WARNING] - Timeout '0' is invalid. Using default page load timeout: '30'

2023-10-05 13:20:24 - [MESSAGE][PASSED] - Object 'Object Repository/Login/Tittle Login' is present

2023-10-05 13:20:24 - [TEST_STEP][PASSED] - setText(findTestObject("Login/input_Username, Email atau No. Handphone_a"), username): Text 'irfanafandi' is set on object 'Object Repository/Login/input_Username, Email atau No. Handphone_a'

2023-10-05 13:20:25 - [MESSAGE][PASSED] - Text 'irfanafandi' is set on object 'Object Repository/Login/input_Username, Email atau No. Handphone_a'

2023-10-05 13:20:25 - [TEST_STEP][PASSED] - setText(findTestObject("Login/input_Password_b"), password): Text '12345irfan' is set on object 'Object Repository/Login/input_Password_b'

2023-10-05 13:20:26 - [MESSAGE][PASSED] - Text '12345irfan' is set on object 'Object Repository/Login/input_Password_b'

2023-10-05 13:20:26 - [TEST_STEP][PASSED] - click(findTestObject("Login/label_Ingat saya")): Object: 'Object Repository/Login/label_Ingat saya' is clicked on

2023-10-05 13:20:26 - [MESSAGE][PASSED] - Object: 'Object Repository/Login/label_Ingat saya' is clicked on

2023-10-05 13:20:26 - [TEST_STEP][PASSED] - click(findTestObject("Login/button_Masuk")): Object: 'Object Repository/Login/button_Masuk' is clicked on

2023-10-05 13:20:27 - [MESSAGE][PASSED] - Object: 'Object Repository/Login/button_Masuk' is clicked on

2023-10-05 13:20:27 - [TEST_STEP][PASSED] - verifyElementPresent(findTestObject("Login/li_Profile"), 0): Object 'Object Repository/Login/li_Profile' is present

2023-10-05 13:20:27 - [MESSAGE][WARNING] - Timeout '0' is invalid. Using default page load timeout: '30'

2023-10-05 13:20:28 - [MESSAGE][PASSED] - Object 'Object Repository/Login/li_Profile' is present

2023-10-05 13:20:28 - [MESSAGE][PASSED] - Call Test Case 'Test Cases/T13 Pembelian, Shipment dan Pembayaran/LU-001' successfully

2023-10-05 13:20:28 - [TEST_STEP][PASSED] - mouseOver(findTestObject("beli barang/i_Mulai Belanja_icon-menu")): Object: 'Object Repository/beli barang/i_Mulai Belanja_icon-menu' is hovered

2023-10-05 13:20:29 - [MESSAGE][PASSED] - Object: 'Object Repository/beli barang/i_Mulai Belanja_icon-menu' is hovered

2023-10-05 13:20:29 - [TEST_STEP][PASSED] - click(findTestObject("beli barang/a_Fashion  Busana Wanita")): Object: 'Object Repository/beli barang/a_Fashion  Busana Wanita' is clicked on

2023-10-05 13:20:30 - [MESSAGE][PASSED] - Object: 'Object Repository/beli barang/a_Fashion  Busana Wanita' is clicked on

2023-10-05 13:20:30 - [TEST_STEP][PASSED] - NamaSebelum = getText(findTestObject("verifikasi/Nama sebelum")): Text of object 'Object Repository/verifikasi/Nama sebelum' is: ''

2023-10-05 13:20:31 - [MESSAGE][PASSED] - Text of object 'Object Repository/verifikasi/Nama sebelum' is: ''

2023-10-05 13:20:31 - [TEST_STEP][PASSED] - HargaSebelum = getText(findTestObject("verifikasi/Harga sebelum")): Text of object 'Object Repository/verifikasi/Harga sebelum' is: 'Rp 1,299'

2023-10-05 13:20:31 - [MESSAGE][PASSED] - Text of object 'Object Repository/verifikasi/Harga sebelum' is: 'Rp 1,299'

2023-10-05 13:20:31 - [TEST_STEP][PASSED] - mouseOver(findTestObject("beli barang/barang mouse over")): Object: 'Object Repository/beli barang/barang mouse over' is hovered

2023-10-05 13:20:32 - [MESSAGE][PASSED] - Object: 'Object Repository/beli barang/barang mouse over' is hovered

2023-10-05 13:20:32 - [TEST_STEP][PASSED] - click(findTestObject("beli barang/buttom add to cart")): Object: 'Object Repository/beli barang/buttom add to cart' is clicked on

2023-10-05 13:20:33 - [MESSAGE][PASSED] - Object: 'Object Repository/beli barang/buttom add to cart' is clicked on

2023-10-05 13:20:33 - [TEST_STEP][PASSED] - NamaSesudah = getText(findTestObject("verifikasi/Nama sesudah")): Text of object 'Object Repository/verifikasi/Nama sesudah' is: 'Segitiga Instan Madeira - MDB5.3 Sunset'

2023-10-05 13:20:34 - [MESSAGE][PASSED] - Text of object 'Object Repository/verifikasi/Nama sesudah' is: 'Segitiga Instan Madeira - MDB5.3 Sunset'

2023-10-05 13:20:34 - [TEST_STEP][PASSED] - HargaSesudah = getText(findTestObject("verifikasi/Harga sesudah")): Text of object 'Object Repository/verifikasi/Harga sesudah' is: 'Rp 1,299'

2023-10-05 13:20:34 - [MESSAGE][PASSED] - Text of object 'Object Repository/verifikasi/Harga sesudah' is: 'Rp 1,299'

2023-10-05 13:20:34 - [TEST_STEP][PASSED] - assert NamaSesudah.contains(NamaSebelum): null

2023-10-05 13:20:34 - [TEST_STEP][PASSED] - assert HargaSesudah.contains(HargaSebelum): null

2023-10-05 13:20:34 - [TEST_STEP][PASSED] - click(findTestObject("beli barang/Tambah Keranjang busana wanita")): Object: 'Object Repository/beli barang/Tambah Keranjang busana wanita' is clicked on

2023-10-05 13:20:35 - [MESSAGE][PASSED] - Object: 'Object Repository/beli barang/Tambah Keranjang busana wanita' is clicked on

2023-10-05 13:20:35 - [TEST_STEP][PASSED] - verifyElementPresent(findTestObject("checkout/Notifikasi keranjang"), 1): Object 'Object Repository/checkout/Notifikasi keranjang' is present

2023-10-05 13:20:36 - [MESSAGE][PASSED] - Object 'Object Repository/checkout/Notifikasi keranjang' is present

2023-10-05 13:20:36 - [TEST_STEP][PASSED] - data = new java.util.HashMap(): null

2023-10-05 13:20:36 - [TEST_STEP][PASSED] - data.put("nama_barang", NamaSesudah): null

2023-10-05 13:20:36 - [TEST_STEP][PASSED] - data.put("price_barang", HargaSesudah): null

2023-10-05 13:20:36 - [TEST_STEP][PASSED] - return data: null

2023-10-05 13:20:36 - [MESSAGE][PASSED] - Call Test Case 'Test Cases/T13 Pembelian, Shipment dan Pembayaran/PBL-001' successfully

2023-10-05 13:20:36 - [TEST_STEP][PASSED] - mouseOver(findTestObject("beli barang/keranjang")): Object: 'Object Repository/beli barang/keranjang' is hovered

2023-10-05 13:20:36 - [MESSAGE][PASSED] - Object: 'Object Repository/beli barang/keranjang' is hovered

2023-10-05 13:20:36 - [TEST_STEP][PASSED] - click(findTestObject("beli barang/Lihat Sekarang")): Object: 'Object Repository/beli barang/Lihat Sekarang' is clicked on

2023-10-05 13:20:37 - [MESSAGE][PASSED] - Object: 'Object Repository/beli barang/Lihat Sekarang' is clicked on

2023-10-05 13:20:37 - [TEST_STEP][PASSED] - verifyElementPresent(findTestObject("keranjang/li_Keranjang Belanja"), 0): Object 'Object Repository/keranjang/li_Keranjang Belanja' is present

2023-10-05 13:20:37 - [MESSAGE][WARNING] - Timeout '0' is invalid. Using default page load timeout: '30'

2023-10-05 13:20:38 - [MESSAGE][PASSED] - Object 'Object Repository/keranjang/li_Keranjang Belanja' is present

2023-10-05 13:20:38 - [TEST_STEP][PASSED] - NamaKeranjang = getText(findTestObject("verifikasi/Nama keranjang")): Text of object 'Object Repository/verifikasi/Nama keranjang' is: 'Segitiga Instan Madeira - MDB5.3 Sunset'

2023-10-05 13:20:39 - [MESSAGE][PASSED] - Text of object 'Object Repository/verifikasi/Nama keranjang' is: 'Segitiga Instan Madeira - MDB5.3 Sunset'

2023-10-05 13:20:39 - [TEST_STEP][PASSED] - HargaKeranjang = getText(findTestObject("verifikasi/Harga Keranjang")): Text of object 'Object Repository/verifikasi/Harga Keranjang' is: 'Rp 1,299'

2023-10-05 13:20:39 - [MESSAGE][PASSED] - Text of object 'Object Repository/verifikasi/Harga Keranjang' is: 'Rp 1,299'

2023-10-05 13:20:39 - [TEST_STEP][PASSED] - if (toString().equalsIgnoreCase("Merah")): Object 'Object Repository/keranjang/input_Warna_variasi101' is checked

2023-10-05 13:20:39 - [TEST_STEP][PASSED] - check(findTestObject("Object Repository/keranjang/input_Warna_variasi101")): Object 'Object Repository/keranjang/input_Warna_variasi101' is checked

2023-10-05 13:20:39 - [MESSAGE][PASSED] - Object 'Object Repository/keranjang/input_Warna_variasi101' is checked

2023-10-05 13:20:39 - [TEST_STEP][PASSED] - if (toString().equalsIgnoreCase("Menengah")): Object 'Object Repository/keranjang/input_Ukuran_variasi201' is checked

2023-10-05 13:20:39 - [TEST_STEP][PASSED] - check(findTestObject("Object Repository/keranjang/input_Ukuran_variasi201")): Object 'Object Repository/keranjang/input_Ukuran_variasi201' is checked

2023-10-05 13:20:40 - [MESSAGE][PASSED] - Object 'Object Repository/keranjang/input_Ukuran_variasi201' is checked

2023-10-05 13:20:40 - [TEST_STEP][PASSED] - data.put("Warna", warna): null

2023-10-05 13:20:40 - [TEST_STEP][PASSED] - data.put("Ukuran", ukuran): null

2023-10-05 13:20:40 - [TEST_STEP][PASSED] - click(findTestObject("keranjang/button_Lanjut ke Pembayaran")): Object: 'Object Repository/keranjang/button_Lanjut ke Pembayaran' is clicked on

2023-10-05 13:20:41 - [MESSAGE][PASSED] - Object: 'Object Repository/keranjang/button_Lanjut ke Pembayaran' is clicked on

2023-10-05 13:20:41 - [TEST_STEP][PASSED] - verifyElementPresent(findTestObject("checkout/Tittle Checkout Order"), 0): Object 'Object Repository/checkout/Tittle Checkout Order' is present

2023-10-05 13:20:41 - [MESSAGE][WARNING] - Timeout '0' is invalid. Using default page load timeout: '30'

2023-10-05 13:20:42 - [MESSAGE][PASSED] - Object 'Object Repository/checkout/Tittle Checkout Order' is present

2023-10-05 13:20:42 - [TEST_STEP][PASSED] - name_product = data.get("nama_barang"): null

2023-10-05 13:20:42 - [TEST_STEP][PASSED] - price_product = data.get("price_barang"): null

2023-10-05 13:20:42 - [TEST_STEP][PASSED] - assert name_product == NamaKeranjang: null

2023-10-05 13:20:42 - [TEST_STEP][PASSED] - assert price_product == HargaKeranjang: null

2023-10-05 13:20:42 - [TEST_STEP][PASSED] - return data: null

2023-10-05 13:20:42 - [MESSAGE][PASSED] - Call Test Case 'Test Cases/T13 Pembelian, Shipment dan Pembayaran/PBL-002' successfully

2023-10-05 13:20:42 - [TEST_STEP][PASSED] - warnaa = getText(findTestObject("verifikasi/warna Merah")): Text of object 'Object Repository/verifikasi/warna Merah' is: 'Merah'

2023-10-05 13:20:43 - [MESSAGE][PASSED] - Text of object 'Object Repository/verifikasi/warna Merah' is: 'Merah'

2023-10-05 13:20:43 - [TEST_STEP][PASSED] - ukurann = getText(findTestObject("verifikasi/Ukuran Menengah")): Text of object 'Object Repository/verifikasi/Ukuran Menengah' is: 'Menengah'

2023-10-05 13:20:43 - [MESSAGE][PASSED] - Text of object 'Object Repository/verifikasi/Ukuran Menengah' is: 'Menengah'

2023-10-05 13:20:43 - [TEST_STEP][PASSED] - warna1 = data.get("Warna"): null

2023-10-05 13:20:43 - [TEST_STEP][PASSED] - ukuran1 = data.get("Ukuran"): null

2023-10-05 13:20:43 - [TEST_STEP][PASSED] - assert warnaa == warna1: null

2023-10-05 13:20:43 - [TEST_STEP][PASSED] - assert ukurann == ukuran1: null

2023-10-05 13:20:43 - [TEST_STEP][PASSED] - NamaCheckout = getText(findTestObject("verifikasi/NamaCheckout")): Text of object 'Object Repository/verifikasi/NamaCheckout' is: ''

2023-10-05 13:20:43 - [MESSAGE][PASSED] - Text of object 'Object Repository/verifikasi/NamaCheckout' is: ''

2023-10-05 13:20:43 - [TEST_STEP][PASSED] - HargaCheckout = getText(findTestObject("verifikasi/HargaCheckout")): Text of object 'Object Repository/verifikasi/HargaCheckout' is: '1,299'

2023-10-05 13:20:44 - [MESSAGE][PASSED] - Text of object 'Object Repository/verifikasi/HargaCheckout' is: '1,299'

2023-10-05 13:20:44 - [TEST_STEP][PASSED] - name_product = data.get("nama_barang"): null

2023-10-05 13:20:44 - [TEST_STEP][PASSED] - price_product = data.get("price_barang"): null

2023-10-05 13:20:44 - [TEST_STEP][PASSED] - assert name_product.contains(NamaCheckout): null

2023-10-05 13:20:44 - [TEST_STEP][PASSED] - assert price_product.contains(HargaCheckout): null

2023-10-05 13:20:44 - [TEST_STEP][PASSED] - click(findTestObject("checkout/COD")): Object: 'Object Repository/checkout/COD' is clicked on

2023-10-05 13:20:44 - [MESSAGE][PASSED] - Object: 'Object Repository/checkout/COD' is clicked on

2023-10-05 13:20:44 - [TEST_STEP][PASSED] - click(findTestObject("verifikasi/COD - Panjang BanaTarif")): Object: 'Object Repository/verifikasi/COD - Panjang BanaTarif' is clicked on

2023-10-05 13:20:45 - [MESSAGE][PASSED] - Object: 'Object Repository/verifikasi/COD - Panjang BanaTarif' is clicked on

2023-10-05 13:20:45 - [TEST_STEP][PASSED] - click(findTestObject("Object Repository/checkout/metode pembayaran")): Object: 'Object Repository/checkout/metode pembayaran' is clicked on

2023-10-05 13:20:45 - [MESSAGE][PASSED] - Object: 'Object Repository/checkout/metode pembayaran' is clicked on

2023-10-05 13:20:45 - [TEST_STEP][PASSED] - click(findTestObject("checkout/button_Proses Pembayaran")): Object: 'Object Repository/checkout/button_Proses Pembayaran' is clicked on

2023-10-05 13:20:49 - [MESSAGE][PASSED] - Object: 'Object Repository/checkout/button_Proses Pembayaran' is clicked on

2023-10-05 13:20:49 - [TEST_STEP][FAILED] - verifyTextPresent("Massage Error" pilih metode pembayaran cod"", false): Unable to verify text 'Massage Error" pilih metode pembayaran cod"' is present  (Root cause: com.kms.katalon.core.exception.StepFailedException: Unable to verify text 'Massage Error" pilih metode pembayaran cod"' is present 
	at com.kms.katalon.core.webui.keyword.internal.WebUIKeywordMain.stepFailed(WebUIKeywordMain.groovy:64)
	at com.kms.katalon.core.webui.keyword.internal.WebUIKeywordMain.runKeyword(WebUIKeywordMain.groovy:26)
	at com.kms.katalon.core.webui.keyword.builtin.VerifyTextPresentKeyword.verifyTextPresent(VerifyTextPresentKeyword.groovy:83)
	at com.kms.katalon.core.webui.keyword.builtin.VerifyTextPresentKeyword.execute(VerifyTextPresentKeyword.groovy:68)
	at com.kms.katalon.core.keyword.internal.KeywordExecutor.executeKeywordForPlatform(KeywordExecutor.groovy:74)
	at com.kms.katalon.core.webui.keyword.WebUiBuiltInKeywords.verifyTextPresent(WebUiBuiltInKeywords.groovy:1723)
	at com.kms.katalon.core.webui.keyword.WebUiBuiltInKeywords$verifyTextPresent$7.call(Unknown Source)
	at PBL-008.run(PBL-008:105)
	at com.kms.katalon.core.main.ScriptEngine.run(ScriptEngine.java:194)
	at com.kms.katalon.core.main.ScriptEngine.runScriptAsRawText(ScriptEngine.java:119)
	at com.kms.katalon.core.main.TestCaseExecutor.runScript(TestCaseExecutor.java:448)
	at com.kms.katalon.core.main.TestCaseExecutor.doExecute(TestCaseExecutor.java:439)
	at com.kms.katalon.core.main.TestCaseExecutor.processExecutionPhase(TestCaseExecutor.java:418)
	at com.kms.katalon.core.main.TestCaseExecutor.accessMainPhase(TestCaseExecutor.java:410)
	at com.kms.katalon.core.main.TestCaseExecutor.execute(TestCaseExecutor.java:285)
	at com.kms.katalon.core.common.CommonExecutor.accessTestCaseMainPhase(CommonExecutor.java:65)
	at com.kms.katalon.core.main.TestSuiteExecutor.accessTestSuiteMainPhase(TestSuiteExecutor.java:148)
	at com.kms.katalon.core.main.TestSuiteExecutor.execute(TestSuiteExecutor.java:106)
	at com.kms.katalon.core.main.TestCaseMain.startTestSuite(TestCaseMain.java:187)
	at com.kms.katalon.core.main.TestCaseMain$startTestSuite$0.call(Unknown Source)
	at TempTestSuite1696486556660.run(TempTestSuite1696486556660.groovy:36)
Caused by: com.kms.katalon.core.exception.StepFailedException: Text 'Massage Error" pilih metode pembayaran cod"' is not present on page 
	at com.kms.katalon.core.webui.keyword.internal.WebUIKeywordMain.stepFailed(WebUIKeywordMain.groovy:64)
	at com.kms.katalon.core.webui.keyword.builtin.VerifyTextPresentKeyword$_verifyTextPresent_closure1.doCall(VerifyTextPresentKeyword.groovy:79)
	at com.kms.katalon.core.webui.keyword.builtin.VerifyTextPresentKeyword$_verifyTextPresent_closure1.call(VerifyTextPresentKeyword.groovy)
	at com.kms.katalon.core.webui.keyword.internal.WebUIKeywordMain.runKeyword(WebUIKeywordMain.groovy:20)
	... 19 more
)

2023-10-05 13:20:50 - [MESSAGE][FAILED] - Text 'Massage Error" pilih metode pembayaran cod"' is not present on page  (Root cause: com.kms.katalon.core.exception.StepFailedException: Text 'Massage Error" pilih metode pembayaran cod"' is not present on page 
	at com.kms.katalon.core.webui.keyword.internal.WebUIKeywordMain.stepFailed(WebUIKeywordMain.groovy:64)
	at com.kms.katalon.core.webui.keyword.builtin.VerifyTextPresentKeyword$_verifyTextPresent_closure1.doCall(VerifyTextPresentKeyword.groovy:79)
	at com.kms.katalon.core.webui.keyword.builtin.VerifyTextPresentKeyword$_verifyTextPresent_closure1.call(VerifyTextPresentKeyword.groovy)
	at com.kms.katalon.core.webui.keyword.internal.WebUIKeywordMain.runKeyword(WebUIKeywordMain.groovy:20)
	at com.kms.katalon.core.webui.keyword.builtin.VerifyTextPresentKeyword.verifyTextPresent(VerifyTextPresentKeyword.groovy:83)
	at com.kms.katalon.core.webui.keyword.builtin.VerifyTextPresentKeyword.execute(VerifyTextPresentKeyword.groovy:68)
	at com.kms.katalon.core.keyword.internal.KeywordExecutor.executeKeywordForPlatform(KeywordExecutor.groovy:74)
	at com.kms.katalon.core.webui.keyword.WebUiBuiltInKeywords.verifyTextPresent(WebUiBuiltInKeywords.groovy:1723)
	at com.kms.katalon.core.webui.keyword.WebUiBuiltInKeywords$verifyTextPresent$7.call(Unknown Source)
	at PBL-008.run(PBL-008:105)
	at com.kms.katalon.core.main.ScriptEngine.run(ScriptEngine.java:194)
	at com.kms.katalon.core.main.ScriptEngine.runScriptAsRawText(ScriptEngine.java:119)
	at com.kms.katalon.core.main.TestCaseExecutor.runScript(TestCaseExecutor.java:448)
	at com.kms.katalon.core.main.TestCaseExecutor.doExecute(TestCaseExecutor.java:439)
	at com.kms.katalon.core.main.TestCaseExecutor.processExecutionPhase(TestCaseExecutor.java:418)
	at com.kms.katalon.core.main.TestCaseExecutor.accessMainPhase(TestCaseExecutor.java:410)
	at com.kms.katalon.core.main.TestCaseExecutor.execute(TestCaseExecutor.java:285)
	at com.kms.katalon.core.common.CommonExecutor.accessTestCaseMainPhase(CommonExecutor.java:65)
	at com.kms.katalon.core.main.TestSuiteExecutor.accessTestSuiteMainPhase(TestSuiteExecutor.java:148)
	at com.kms.katalon.core.main.TestSuiteExecutor.execute(TestSuiteExecutor.java:106)
	at com.kms.katalon.core.main.TestCaseMain.startTestSuite(TestCaseMain.java:187)
	at com.kms.katalon.core.main.TestCaseMain$startTestSuite$0.call(Unknown Source)
	at TempTestSuite1696486556660.run(TempTestSuite1696486556660.groovy:36)
)

2023-10-05 13:20:50 - [MESSAGE][FAILED] - Unable to verify text 'Massage Error" pilih metode pembayaran cod"' is present  (Root cause: com.kms.katalon.core.exception.StepFailedException: Unable to verify text 'Massage Error" pilih metode pembayaran cod"' is present 
	at com.kms.katalon.core.webui.keyword.internal.WebUIKeywordMain.stepFailed(WebUIKeywordMain.groovy:64)
	at com.kms.katalon.core.webui.keyword.internal.WebUIKeywordMain.runKeyword(WebUIKeywordMain.groovy:26)
	at com.kms.katalon.core.webui.keyword.builtin.VerifyTextPresentKeyword.verifyTextPresent(VerifyTextPresentKeyword.groovy:83)
	at com.kms.katalon.core.webui.keyword.builtin.VerifyTextPresentKeyword.execute(VerifyTextPresentKeyword.groovy:68)
	at com.kms.katalon.core.keyword.internal.KeywordExecutor.executeKeywordForPlatform(KeywordExecutor.groovy:74)
	at com.kms.katalon.core.webui.keyword.WebUiBuiltInKeywords.verifyTextPresent(WebUiBuiltInKeywords.groovy:1723)
	at com.kms.katalon.core.webui.keyword.WebUiBuiltInKeywords$verifyTextPresent$7.call(Unknown Source)
	at PBL-008.run(PBL-008:105)
	at com.kms.katalon.core.main.ScriptEngine.run(ScriptEngine.java:194)
	at com.kms.katalon.core.main.ScriptEngine.runScriptAsRawText(ScriptEngine.java:119)
	at com.kms.katalon.core.main.TestCaseExecutor.runScript(TestCaseExecutor.java:448)
	at com.kms.katalon.core.main.TestCaseExecutor.doExecute(TestCaseExecutor.java:439)
	at com.kms.katalon.core.main.TestCaseExecutor.processExecutionPhase(TestCaseExecutor.java:418)
	at com.kms.katalon.core.main.TestCaseExecutor.accessMainPhase(TestCaseExecutor.java:410)
	at com.kms.katalon.core.main.TestCaseExecutor.execute(TestCaseExecutor.java:285)
	at com.kms.katalon.core.common.CommonExecutor.accessTestCaseMainPhase(CommonExecutor.java:65)
	at com.kms.katalon.core.main.TestSuiteExecutor.accessTestSuiteMainPhase(TestSuiteExecutor.java:148)
	at com.kms.katalon.core.main.TestSuiteExecutor.execute(TestSuiteExecutor.java:106)
	at com.kms.katalon.core.main.TestCaseMain.startTestSuite(TestCaseMain.java:187)
	at com.kms.katalon.core.main.TestCaseMain$startTestSuite$0.call(Unknown Source)
	at TempTestSuite1696486556660.run(TempTestSuite1696486556660.groovy:36)
Caused by: com.kms.katalon.core.exception.StepFailedException: Text 'Massage Error" pilih metode pembayaran cod"' is not present on page 
	at com.kms.katalon.core.webui.keyword.internal.WebUIKeywordMain.stepFailed(WebUIKeywordMain.groovy:64)
	at com.kms.katalon.core.webui.keyword.builtin.VerifyTextPresentKeyword$_verifyTextPresent_closure1.doCall(VerifyTextPresentKeyword.groovy:79)
	at com.kms.katalon.core.webui.keyword.builtin.VerifyTextPresentKeyword$_verifyTextPresent_closure1.call(VerifyTextPresentKeyword.groovy)
	at com.kms.katalon.core.webui.keyword.internal.WebUIKeywordMain.runKeyword(WebUIKeywordMain.groovy:20)
	... 19 more
)
[[ATTACHMENT|C:\\FT2 XSIS\\Projek 2 MINI PROJEK\\Reports\\20231005_131556\\T13 Pembelian, Shipment dan Pembayaran\\T13 Pembelian, Shipment dan Pembayaran\\20231005_131556\\1696486850027.png]]]]></system-out>
         <system-err><![CDATA[2023-10-05 13:20:15 - [TEST_CASE][FAILED] - Test Cases/T13 Pembelian, Shipment dan Pembayaran/PBL-008: Test Cases/T13 Pembelian, Shipment dan Pembayaran/PBL-008 FAILED.
Reason:
com.kms.katalon.core.exception.StepFailedException: Unable to verify text 'Massage Error" pilih metode pembayaran cod"' is present 
	at com.kms.katalon.core.webui.keyword.internal.WebUIKeywordMain.stepFailed(WebUIKeywordMain.groovy:64)
	at com.kms.katalon.core.webui.keyword.internal.WebUIKeywordMain.runKeyword(WebUIKeywordMain.groovy:26)
	at com.kms.katalon.core.webui.keyword.builtin.VerifyTextPresentKeyword.verifyTextPresent(VerifyTextPresentKeyword.groovy:83)
	at com.kms.katalon.core.webui.keyword.builtin.VerifyTextPresentKeyword.execute(VerifyTextPresentKeyword.groovy:68)
	at com.kms.katalon.core.keyword.internal.KeywordExecutor.executeKeywordForPlatform(KeywordExecutor.groovy:74)
	at com.kms.katalon.core.webui.keyword.WebUiBuiltInKeywords.verifyTextPresent(WebUiBuiltInKeywords.groovy:1723)
	at com.kms.katalon.core.webui.keyword.WebUiBuiltInKeywords$verifyTextPresent$7.call(Unknown Source)
	at PBL-008.run(PBL-008:105)
	at com.kms.katalon.core.main.ScriptEngine.run(ScriptEngine.java:194)
	at com.kms.katalon.core.main.ScriptEngine.runScriptAsRawText(ScriptEngine.java:119)
	at com.kms.katalon.core.main.TestCaseExecutor.runScript(TestCaseExecutor.java:448)
	at com.kms.katalon.core.main.TestCaseExecutor.doExecute(TestCaseExecutor.java:439)
	at com.kms.katalon.core.main.TestCaseExecutor.processExecutionPhase(TestCaseExecutor.java:418)
	at com.kms.katalon.core.main.TestCaseExecutor.accessMainPhase(TestCaseExecutor.java:410)
	at com.kms.katalon.core.main.TestCaseExecutor.execute(TestCaseExecutor.java:285)
	at com.kms.katalon.core.common.CommonExecutor.accessTestCaseMainPhase(CommonExecutor.java:65)
	at com.kms.katalon.core.main.TestSuiteExecutor.accessTestSuiteMainPhase(TestSuiteExecutor.java:148)
	at com.kms.katalon.core.main.TestSuiteExecutor.execute(TestSuiteExecutor.java:106)
	at com.kms.katalon.core.main.TestCaseMain.startTestSuite(TestCaseMain.java:187)
	at com.kms.katalon.core.main.TestCaseMain$startTestSuite$0.call(Unknown Source)
	at TempTestSuite1696486556660.run(TempTestSuite1696486556660.groovy:36)
Caused by: com.kms.katalon.core.exception.StepFailedException: Text 'Massage Error" pilih metode pembayaran cod"' is not present on page 
	at com.kms.katalon.core.webui.keyword.internal.WebUIKeywordMain.stepFailed(WebUIKeywordMain.groovy:64)
	at com.kms.katalon.core.webui.keyword.builtin.VerifyTextPresentKeyword$_verifyTextPresent_closure1.doCall(VerifyTextPresentKeyword.groovy:79)
	at com.kms.katalon.core.webui.keyword.builtin.VerifyTextPresentKeyword$_verifyTextPresent_closure1.call(VerifyTextPresentKeyword.groovy)
	at com.kms.katalon.core.webui.keyword.internal.WebUIKeywordMain.runKeyword(WebUIKeywordMain.groovy:20)
	... 19 more]]></system-err>
      </testcase>
      <testcase name="Test Cases/T13 Pembelian, Shipment dan Pembayaran/PBL-009" time="39.497" classname="Test Cases/T13 Pembelian, Shipment dan Pembayaran/PBL-009" status="PASSED">
         <system-out><![CDATA[2023-10-05 13:20:50 - [TEST_CASE][PASSED] - Test Cases/T13 Pembelian, Shipment dan Pembayaran/PBL-009: Test Cases/T13 Pembelian, Shipment dan Pembayaran/PBL-009

2023-10-05 13:20:50 - [TEST_STEP][PASSED] - data = callTestCase(findTestCase("T13 Pembelian, Shipment dan Pembayaran/PBL-002"), [:], STOP_ON_FAILURE): Call Test Case 'Test Cases/T13 Pembelian, Shipment dan Pembayaran/PBL-002' successfully

2023-10-05 13:20:50 - [TEST_CASE][PASSED] - Test Cases/T13 Pembelian, Shipment dan Pembayaran/PBL-002: Test Cases/T13 Pembelian, Shipment dan Pembayaran/PBL-002

2023-10-05 13:20:50 - [TEST_STEP][PASSED] - data = callTestCase(findTestCase("T13 Pembelian, Shipment dan Pembayaran/PBL-001"), [:], STOP_ON_FAILURE): Call Test Case 'Test Cases/T13 Pembelian, Shipment dan Pembayaran/PBL-001' successfully

2023-10-05 13:20:50 - [TEST_CASE][PASSED] - Test Cases/T13 Pembelian, Shipment dan Pembayaran/PBL-001: Test Cases/T13 Pembelian, Shipment dan Pembayaran/PBL-001

2023-10-05 13:20:50 - [TEST_STEP][PASSED] - callTestCase(findTestCase("T13 Pembelian, Shipment dan Pembayaran/LU-001"), ["username":"irfanafandi", "password":"12345irfan"], STOP_ON_FAILURE): Call Test Case 'Test Cases/T13 Pembelian, Shipment dan Pembayaran/LU-001' successfully

2023-10-05 13:20:50 - [TEST_CASE][PASSED] - Test Cases/T13 Pembelian, Shipment dan Pembayaran/LU-001: Test Cases/T13 Pembelian, Shipment dan Pembayaran/LU-001

2023-10-05 13:20:50 - [TEST_STEP][PASSED] - openBrowser("https://10.9.2.63/ecommerce/"): Browser is opened with url: 'https://10.9.2.63/ecommerce/'

2023-10-05 13:20:51 - [MESSAGE][WARNING] - A browser is already opened. Closing browser and opening a new one

2023-10-05 13:20:51 - [MESSAGE][INFO] - Starting 'Edge Chromium' driver

2023-10-05 13:20:51 - [MESSAGE][INFO] - User set preference: ['acceptInsecureCerts', 'true']

2023-10-05 13:20:53 - [MESSAGE][INFO] - Action delay is set to 0 milliseconds

2023-10-05 13:20:58 - [MESSAGE][PASSED] - Browser is opened with url: 'https://10.9.2.63/ecommerce/'

2023-10-05 13:20:58 - [TEST_STEP][PASSED] - maximizeWindow(): Current window maximized

2023-10-05 13:20:58 - [MESSAGE][PASSED] - Current window maximized

2023-10-05 13:20:58 - [TEST_STEP][PASSED] - verifyElementPresent(findTestObject("Login/Home"), 0): Object 'Object Repository/Login/Home' is present

2023-10-05 13:20:58 - [MESSAGE][WARNING] - Timeout '0' is invalid. Using default page load timeout: '30'

2023-10-05 13:20:59 - [MESSAGE][PASSED] - Object 'Object Repository/Login/Home' is present

2023-10-05 13:20:59 - [TEST_STEP][PASSED] - click(findTestObject("Login/a_Login")): Object: 'Object Repository/Login/a_Login' is clicked on

2023-10-05 13:20:59 - [MESSAGE][PASSED] - Object: 'Object Repository/Login/a_Login' is clicked on

2023-10-05 13:20:59 - [TEST_STEP][PASSED] - verifyElementPresent(findTestObject("Login/Tittle Login"), 0): Object 'Object Repository/Login/Tittle Login' is present

2023-10-05 13:21:00 - [MESSAGE][WARNING] - Timeout '0' is invalid. Using default page load timeout: '30'

2023-10-05 13:21:00 - [MESSAGE][PASSED] - Object 'Object Repository/Login/Tittle Login' is present

2023-10-05 13:21:00 - [TEST_STEP][PASSED] - setText(findTestObject("Login/input_Username, Email atau No. Handphone_a"), username): Text 'irfanafandi' is set on object 'Object Repository/Login/input_Username, Email atau No. Handphone_a'

2023-10-05 13:21:01 - [MESSAGE][PASSED] - Text 'irfanafandi' is set on object 'Object Repository/Login/input_Username, Email atau No. Handphone_a'

2023-10-05 13:21:01 - [TEST_STEP][PASSED] - setText(findTestObject("Login/input_Password_b"), password): Text '12345irfan' is set on object 'Object Repository/Login/input_Password_b'

2023-10-05 13:21:02 - [MESSAGE][PASSED] - Text '12345irfan' is set on object 'Object Repository/Login/input_Password_b'

2023-10-05 13:21:02 - [TEST_STEP][PASSED] - click(findTestObject("Login/label_Ingat saya")): Object: 'Object Repository/Login/label_Ingat saya' is clicked on

2023-10-05 13:21:02 - [MESSAGE][PASSED] - Object: 'Object Repository/Login/label_Ingat saya' is clicked on

2023-10-05 13:21:02 - [TEST_STEP][PASSED] - click(findTestObject("Login/button_Masuk")): Object: 'Object Repository/Login/button_Masuk' is clicked on

2023-10-05 13:21:04 - [MESSAGE][PASSED] - Object: 'Object Repository/Login/button_Masuk' is clicked on

2023-10-05 13:21:04 - [TEST_STEP][PASSED] - verifyElementPresent(findTestObject("Login/li_Profile"), 0): Object 'Object Repository/Login/li_Profile' is present

2023-10-05 13:21:04 - [MESSAGE][WARNING] - Timeout '0' is invalid. Using default page load timeout: '30'

2023-10-05 13:21:05 - [MESSAGE][PASSED] - Object 'Object Repository/Login/li_Profile' is present

2023-10-05 13:21:05 - [MESSAGE][PASSED] - Call Test Case 'Test Cases/T13 Pembelian, Shipment dan Pembayaran/LU-001' successfully

2023-10-05 13:21:05 - [TEST_STEP][PASSED] - mouseOver(findTestObject("beli barang/i_Mulai Belanja_icon-menu")): Object: 'Object Repository/beli barang/i_Mulai Belanja_icon-menu' is hovered

2023-10-05 13:21:05 - [MESSAGE][PASSED] - Object: 'Object Repository/beli barang/i_Mulai Belanja_icon-menu' is hovered

2023-10-05 13:21:05 - [TEST_STEP][PASSED] - click(findTestObject("beli barang/a_Fashion  Busana Wanita")): Object: 'Object Repository/beli barang/a_Fashion  Busana Wanita' is clicked on

2023-10-05 13:21:06 - [MESSAGE][PASSED] - Object: 'Object Repository/beli barang/a_Fashion  Busana Wanita' is clicked on

2023-10-05 13:21:06 - [TEST_STEP][PASSED] - NamaSebelum = getText(findTestObject("verifikasi/Nama sebelum")): Text of object 'Object Repository/verifikasi/Nama sebelum' is: ''

2023-10-05 13:21:07 - [MESSAGE][PASSED] - Text of object 'Object Repository/verifikasi/Nama sebelum' is: ''

2023-10-05 13:21:07 - [TEST_STEP][PASSED] - HargaSebelum = getText(findTestObject("verifikasi/Harga sebelum")): Text of object 'Object Repository/verifikasi/Harga sebelum' is: 'Rp 1,299'

2023-10-05 13:21:07 - [MESSAGE][PASSED] - Text of object 'Object Repository/verifikasi/Harga sebelum' is: 'Rp 1,299'

2023-10-05 13:21:07 - [TEST_STEP][PASSED] - mouseOver(findTestObject("beli barang/barang mouse over")): Object: 'Object Repository/beli barang/barang mouse over' is hovered

2023-10-05 13:21:08 - [MESSAGE][PASSED] - Object: 'Object Repository/beli barang/barang mouse over' is hovered

2023-10-05 13:21:08 - [TEST_STEP][PASSED] - click(findTestObject("beli barang/buttom add to cart")): Object: 'Object Repository/beli barang/buttom add to cart' is clicked on

2023-10-05 13:21:10 - [MESSAGE][PASSED] - Object: 'Object Repository/beli barang/buttom add to cart' is clicked on

2023-10-05 13:21:10 - [TEST_STEP][PASSED] - NamaSesudah = getText(findTestObject("verifikasi/Nama sesudah")): Text of object 'Object Repository/verifikasi/Nama sesudah' is: 'Segitiga Instan Madeira - MDB5.3 Sunset'

2023-10-05 13:21:10 - [MESSAGE][PASSED] - Text of object 'Object Repository/verifikasi/Nama sesudah' is: 'Segitiga Instan Madeira - MDB5.3 Sunset'

2023-10-05 13:21:10 - [TEST_STEP][PASSED] - HargaSesudah = getText(findTestObject("verifikasi/Harga sesudah")): Text of object 'Object Repository/verifikasi/Harga sesudah' is: 'Rp 1,299'

2023-10-05 13:21:11 - [MESSAGE][PASSED] - Text of object 'Object Repository/verifikasi/Harga sesudah' is: 'Rp 1,299'

2023-10-05 13:21:11 - [TEST_STEP][PASSED] - assert NamaSesudah.contains(NamaSebelum): null

2023-10-05 13:21:11 - [TEST_STEP][PASSED] - assert HargaSesudah.contains(HargaSebelum): null

2023-10-05 13:21:11 - [TEST_STEP][PASSED] - click(findTestObject("beli barang/Tambah Keranjang busana wanita")): Object: 'Object Repository/beli barang/Tambah Keranjang busana wanita' is clicked on

2023-10-05 13:21:11 - [MESSAGE][PASSED] - Object: 'Object Repository/beli barang/Tambah Keranjang busana wanita' is clicked on

2023-10-05 13:21:11 - [TEST_STEP][PASSED] - verifyElementPresent(findTestObject("checkout/Notifikasi keranjang"), 1): Object 'Object Repository/checkout/Notifikasi keranjang' is present

2023-10-05 13:21:12 - [MESSAGE][PASSED] - Object 'Object Repository/checkout/Notifikasi keranjang' is present

2023-10-05 13:21:12 - [TEST_STEP][PASSED] - data = new java.util.HashMap(): null

2023-10-05 13:21:12 - [TEST_STEP][PASSED] - data.put("nama_barang", NamaSesudah): null

2023-10-05 13:21:12 - [TEST_STEP][PASSED] - data.put("price_barang", HargaSesudah): null

2023-10-05 13:21:12 - [TEST_STEP][PASSED] - return data: null

2023-10-05 13:21:12 - [MESSAGE][PASSED] - Call Test Case 'Test Cases/T13 Pembelian, Shipment dan Pembayaran/PBL-001' successfully

2023-10-05 13:21:12 - [TEST_STEP][PASSED] - mouseOver(findTestObject("beli barang/keranjang")): Object: 'Object Repository/beli barang/keranjang' is hovered

2023-10-05 13:21:13 - [MESSAGE][PASSED] - Object: 'Object Repository/beli barang/keranjang' is hovered

2023-10-05 13:21:13 - [TEST_STEP][PASSED] - click(findTestObject("beli barang/Lihat Sekarang")): Object: 'Object Repository/beli barang/Lihat Sekarang' is clicked on

2023-10-05 13:21:14 - [MESSAGE][PASSED] - Object: 'Object Repository/beli barang/Lihat Sekarang' is clicked on

2023-10-05 13:21:14 - [TEST_STEP][PASSED] - verifyElementPresent(findTestObject("keranjang/li_Keranjang Belanja"), 0): Object 'Object Repository/keranjang/li_Keranjang Belanja' is present

2023-10-05 13:21:14 - [MESSAGE][WARNING] - Timeout '0' is invalid. Using default page load timeout: '30'

2023-10-05 13:21:15 - [MESSAGE][PASSED] - Object 'Object Repository/keranjang/li_Keranjang Belanja' is present

2023-10-05 13:21:15 - [TEST_STEP][PASSED] - NamaKeranjang = getText(findTestObject("verifikasi/Nama keranjang")): Text of object 'Object Repository/verifikasi/Nama keranjang' is: 'Segitiga Instan Madeira - MDB5.3 Sunset'

2023-10-05 13:21:15 - [MESSAGE][PASSED] - Text of object 'Object Repository/verifikasi/Nama keranjang' is: 'Segitiga Instan Madeira - MDB5.3 Sunset'

2023-10-05 13:21:15 - [TEST_STEP][PASSED] - HargaKeranjang = getText(findTestObject("verifikasi/Harga Keranjang")): Text of object 'Object Repository/verifikasi/Harga Keranjang' is: 'Rp 1,299'

2023-10-05 13:21:16 - [MESSAGE][PASSED] - Text of object 'Object Repository/verifikasi/Harga Keranjang' is: 'Rp 1,299'

2023-10-05 13:21:16 - [TEST_STEP][PASSED] - if (toString().equalsIgnoreCase("Merah")): Object 'Object Repository/keranjang/input_Warna_variasi101' is checked

2023-10-05 13:21:16 - [TEST_STEP][PASSED] - check(findTestObject("Object Repository/keranjang/input_Warna_variasi101")): Object 'Object Repository/keranjang/input_Warna_variasi101' is checked

2023-10-05 13:21:16 - [MESSAGE][PASSED] - Object 'Object Repository/keranjang/input_Warna_variasi101' is checked

2023-10-05 13:21:16 - [TEST_STEP][PASSED] - if (toString().equalsIgnoreCase("Menengah")): Object 'Object Repository/keranjang/input_Ukuran_variasi201' is checked

2023-10-05 13:21:16 - [TEST_STEP][PASSED] - check(findTestObject("Object Repository/keranjang/input_Ukuran_variasi201")): Object 'Object Repository/keranjang/input_Ukuran_variasi201' is checked

2023-10-05 13:21:17 - [MESSAGE][PASSED] - Object 'Object Repository/keranjang/input_Ukuran_variasi201' is checked

2023-10-05 13:21:17 - [TEST_STEP][PASSED] - data.put("Warna", warna): null

2023-10-05 13:21:17 - [TEST_STEP][PASSED] - data.put("Ukuran", ukuran): null

2023-10-05 13:21:17 - [TEST_STEP][PASSED] - click(findTestObject("keranjang/button_Lanjut ke Pembayaran")): Object: 'Object Repository/keranjang/button_Lanjut ke Pembayaran' is clicked on

2023-10-05 13:21:18 - [MESSAGE][PASSED] - Object: 'Object Repository/keranjang/button_Lanjut ke Pembayaran' is clicked on

2023-10-05 13:21:18 - [TEST_STEP][PASSED] - verifyElementPresent(findTestObject("checkout/Tittle Checkout Order"), 0): Object 'Object Repository/checkout/Tittle Checkout Order' is present

2023-10-05 13:21:18 - [MESSAGE][WARNING] - Timeout '0' is invalid. Using default page load timeout: '30'

2023-10-05 13:21:19 - [MESSAGE][PASSED] - Object 'Object Repository/checkout/Tittle Checkout Order' is present

2023-10-05 13:21:19 - [TEST_STEP][PASSED] - name_product = data.get("nama_barang"): null

2023-10-05 13:21:19 - [TEST_STEP][PASSED] - price_product = data.get("price_barang"): null

2023-10-05 13:21:19 - [TEST_STEP][PASSED] - assert name_product == NamaKeranjang: null

2023-10-05 13:21:19 - [TEST_STEP][PASSED] - assert price_product == HargaKeranjang: null

2023-10-05 13:21:19 - [TEST_STEP][PASSED] - return data: null

2023-10-05 13:21:19 - [MESSAGE][PASSED] - Call Test Case 'Test Cases/T13 Pembelian, Shipment dan Pembayaran/PBL-002' successfully

2023-10-05 13:21:19 - [TEST_STEP][PASSED] - warnaa = getText(findTestObject("verifikasi/warna Merah")): Text of object 'Object Repository/verifikasi/warna Merah' is: 'Merah'

2023-10-05 13:21:19 - [MESSAGE][PASSED] - Text of object 'Object Repository/verifikasi/warna Merah' is: 'Merah'

2023-10-05 13:21:19 - [TEST_STEP][PASSED] - ukurann = getText(findTestObject("verifikasi/Ukuran Menengah")): Text of object 'Object Repository/verifikasi/Ukuran Menengah' is: 'Menengah'

2023-10-05 13:21:20 - [MESSAGE][PASSED] - Text of object 'Object Repository/verifikasi/Ukuran Menengah' is: 'Menengah'

2023-10-05 13:21:20 - [TEST_STEP][PASSED] - warna1 = data.get("Warna"): null

2023-10-05 13:21:20 - [TEST_STEP][PASSED] - ukuran1 = data.get("Ukuran"): null

2023-10-05 13:21:20 - [TEST_STEP][PASSED] - assert warnaa == warna1: null

2023-10-05 13:21:20 - [TEST_STEP][PASSED] - assert ukurann == ukuran1: null

2023-10-05 13:21:20 - [TEST_STEP][PASSED] - NamaCheckout = getText(findTestObject("verifikasi/NamaCheckout")): Text of object 'Object Repository/verifikasi/NamaCheckout' is: ''

2023-10-05 13:21:20 - [MESSAGE][PASSED] - Text of object 'Object Repository/verifikasi/NamaCheckout' is: ''

2023-10-05 13:21:20 - [TEST_STEP][PASSED] - HargaCheckout = getText(findTestObject("verifikasi/HargaCheckout")): Text of object 'Object Repository/verifikasi/HargaCheckout' is: '1,299'

2023-10-05 13:21:21 - [MESSAGE][PASSED] - Text of object 'Object Repository/verifikasi/HargaCheckout' is: '1,299'

2023-10-05 13:21:21 - [TEST_STEP][PASSED] - name_product = data.get("nama_barang"): null

2023-10-05 13:21:21 - [TEST_STEP][PASSED] - price_product = data.get("price_barang"): null

2023-10-05 13:21:21 - [TEST_STEP][PASSED] - assert name_product.contains(NamaCheckout): null

2023-10-05 13:21:21 - [TEST_STEP][PASSED] - assert price_product.contains(HargaCheckout): null

2023-10-05 13:21:21 - [TEST_STEP][PASSED] - selectOptionByLabel(findTestObject("checkout/select - Kirim via Kurir Lokal"), Kurir, false): All options with label 'Roda 2' are selected in object 'Object Repository/checkout/select - Kirim via Kurir Lokal' 

2023-10-05 13:21:21 - [MESSAGE][PASSED] - All options with label 'Roda 2' are selected in object 'Object Repository/checkout/select - Kirim via Kurir Lokal' 

2023-10-05 13:21:21 - [TEST_STEP][PASSED] - click(findTestObject("checkout/Kendaraan Kurir")): Object: 'Object Repository/checkout/Kendaraan Kurir' is clicked on

2023-10-05 13:21:22 - [MESSAGE][PASSED] - Object: 'Object Repository/checkout/Kendaraan Kurir' is clicked on

2023-10-05 13:21:22 - [TEST_STEP][PASSED] - OngkosKirim = getText(findTestObject("Object Repository/verifikasi/Ongkos Kirim checkout")): Text of object 'Object Repository/verifikasi/Ongkos Kirim checkout' is: 'Rp. 5,000'

2023-10-05 13:21:23 - [MESSAGE][PASSED] - Text of object 'Object Repository/verifikasi/Ongkos Kirim checkout' is: 'Rp. 5,000'

2023-10-05 13:21:23 - [TEST_STEP][PASSED] - Ongkos = OngkosKirim.substring(3, OngkosKirim.size()): null

2023-10-05 13:21:23 - [TEST_STEP][PASSED] - rep = Ongkos.replace(",", "."): null

2023-10-05 13:21:23 - [TEST_STEP][PASSED] - Ongkos_kirim = Double.parseDouble(rep): null

2023-10-05 13:21:23 - [TEST_STEP][PASSED] - println(Ongkos_kirim): null

2023-10-05 13:21:23 - [TEST_STEP][PASSED] - FeeAdmin = getText(findTestObject("verifikasi/Fee Admin checkout")): Text of object 'Object Repository/verifikasi/Fee Admin checkout' is: 'Fee Admin
Rp 1,500'

2023-10-05 13:21:23 - [MESSAGE][PASSED] - Text of object 'Object Repository/verifikasi/Fee Admin checkout' is: 'Fee Admin
Rp 1,500'

2023-10-05 13:21:23 - [TEST_STEP][PASSED] - Fee_Admin = FeeAdmin.substring(12, FeeAdmin.size()): null

2023-10-05 13:21:23 - [TEST_STEP][PASSED] - fee = Fee_Admin.replace(",", "."): null

2023-10-05 13:21:23 - [TEST_STEP][PASSED] - fee_admin = Double.parseDouble(fee): null

2023-10-05 13:21:23 - [TEST_STEP][PASSED] - println(fee_admin): null

2023-10-05 13:21:23 - [TEST_STEP][PASSED] - Subtotal = getText(findTestObject("verifikasi/subtotal checkout")): Text of object 'Object Repository/verifikasi/subtotal checkout' is: 'Subtotal
Rp 1,299'

2023-10-05 13:21:24 - [MESSAGE][PASSED] - Text of object 'Object Repository/verifikasi/subtotal checkout' is: 'Subtotal
Rp 1,299'

2023-10-05 13:21:24 - [TEST_STEP][PASSED] - sub_total = Subtotal.substring(12, Subtotal.size()): null

2023-10-05 13:21:24 - [TEST_STEP][PASSED] - sub = sub_total.replace(",", "."): null

2023-10-05 13:21:24 - [TEST_STEP][PASSED] - sub_total = Double.parseDouble(sub): null

2023-10-05 13:21:24 - [TEST_STEP][PASSED] - println(sub_total): null

2023-10-05 13:21:24 - [TEST_STEP][PASSED] - Total = getText(findTestObject("verifikasi/Total checkout")): Text of object 'Object Repository/verifikasi/Total checkout' is: 'Rp 7,799'

2023-10-05 13:21:24 - [MESSAGE][PASSED] - Text of object 'Object Repository/verifikasi/Total checkout' is: 'Rp 7,799'

2023-10-05 13:21:24 - [TEST_STEP][PASSED] - totall = Total.substring(3, Total.size()): null

2023-10-05 13:21:24 - [TEST_STEP][PASSED] - total = totall.replace(",", "."): null

2023-10-05 13:21:24 - [TEST_STEP][PASSED] - totall = Double.parseDouble(total): null

2023-10-05 13:21:24 - [TEST_STEP][PASSED] - println(totall): null

2023-10-05 13:21:24 - [TEST_STEP][PASSED] - Total_Harga = Ongkos_kirim + fee_admin + sub_total: null

2023-10-05 13:21:24 - [TEST_STEP][PASSED] - println(Total_Harga): null

2023-10-05 13:21:24 - [TEST_STEP][PASSED] - TotalHarga = Math.round(Total_Harga * 1000) / 1000: null

2023-10-05 13:21:24 - [TEST_STEP][PASSED] - println(TotalHarga): null

2023-10-05 13:21:24 - [TEST_STEP][PASSED] - assert totall == TotalHarga: null

2023-10-05 13:21:24 - [TEST_STEP][PASSED] - setText(findTestObject("voucher/input kupon"), "kupon99"): Text 'kupon99' is set on object 'Object Repository/voucher/input kupon'

2023-10-05 13:21:25 - [MESSAGE][PASSED] - Text 'kupon99' is set on object 'Object Repository/voucher/input kupon'

2023-10-05 13:21:25 - [TEST_STEP][PASSED] - click(findTestObject("voucher/button kupon")): Object: 'Object Repository/voucher/button kupon' is clicked on

2023-10-05 13:21:25 - [MESSAGE][PASSED] - Object: 'Object Repository/voucher/button kupon' is clicked on

2023-10-05 13:21:25 - [TEST_STEP][PASSED] - verifyElementText(findTestObject("voucher/Maaf, Kode Kupon  Voucher Tidak ditemukan"), "Maaf, Kode Kupon / Voucher Tidak ditemukan."): Actual text and expected text of test object 'Object Repository/voucher/Maaf, Kode Kupon  Voucher Tidak ditemukan' are matched.

2023-10-05 13:21:26 - [MESSAGE][PASSED] - Actual text and expected text of test object 'Object Repository/voucher/Maaf, Kode Kupon  Voucher Tidak ditemukan' are matched.

2023-10-05 13:21:26 - [TEST_STEP][PASSED] - click(findTestObject("hapus barang/button_Kembali")): Object: 'Object Repository/hapus barang/button_Kembali' is clicked on

2023-10-05 13:21:27 - [MESSAGE][PASSED] - Object: 'Object Repository/hapus barang/button_Kembali' is clicked on

2023-10-05 13:21:27 - [TEST_STEP][PASSED] - mouseOver(findTestObject("beli barang/keranjang")): Object: 'Object Repository/beli barang/keranjang' is hovered

2023-10-05 13:21:28 - [MESSAGE][PASSED] - Object: 'Object Repository/beli barang/keranjang' is hovered

2023-10-05 13:21:28 - [TEST_STEP][PASSED] - click(findTestObject("hapus barang/buttom x")): Object: 'Object Repository/hapus barang/buttom x' is clicked on

2023-10-05 13:21:28 - [MESSAGE][PASSED] - Object: 'Object Repository/hapus barang/buttom x' is clicked on

2023-10-05 13:21:28 - [TEST_STEP][PASSED] - click(findTestObject("hapus barang/button_Hapus Barang")): Object: 'Object Repository/hapus barang/button_Hapus Barang' is clicked on

2023-10-05 13:21:29 - [MESSAGE][PASSED] - Object: 'Object Repository/hapus barang/button_Hapus Barang' is clicked on

2023-10-05 13:21:29 - [TEST_STEP][PASSED] - return data: null]]></system-out>
         <system-err><![CDATA[]]></system-err>
      </testcase>
      <testcase name="Test Cases/T13 Pembelian, Shipment dan Pembayaran/PBL-010" time="20.076" classname="Test Cases/T13 Pembelian, Shipment dan Pembayaran/PBL-010" status="PASSED">
         <system-out><![CDATA[2023-10-05 13:21:29 - [TEST_CASE][PASSED] - Test Cases/T13 Pembelian, Shipment dan Pembayaran/PBL-010: Test Cases/T13 Pembelian, Shipment dan Pembayaran/PBL-010

2023-10-05 13:21:30 - [TEST_STEP][PASSED] - openBrowser("https://10.9.2.63/ecommerce/"): Browser is opened with url: 'https://10.9.2.63/ecommerce/'

2023-10-05 13:21:30 - [MESSAGE][WARNING] - A browser is already opened. Closing browser and opening a new one

2023-10-05 13:21:30 - [MESSAGE][INFO] - Starting 'Edge Chromium' driver

2023-10-05 13:21:30 - [MESSAGE][INFO] - User set preference: ['acceptInsecureCerts', 'true']

2023-10-05 13:21:33 - [MESSAGE][INFO] - Action delay is set to 0 milliseconds

2023-10-05 13:21:36 - [MESSAGE][PASSED] - Browser is opened with url: 'https://10.9.2.63/ecommerce/'

2023-10-05 13:21:36 - [TEST_STEP][PASSED] - maximizeWindow(): Current window maximized

2023-10-05 13:21:36 - [MESSAGE][PASSED] - Current window maximized

2023-10-05 13:21:36 - [TEST_STEP][PASSED] - mouseOver(findTestObject("beli barang/i_Mulai Belanja_icon-menu")): Object: 'Object Repository/beli barang/i_Mulai Belanja_icon-menu' is hovered

2023-10-05 13:21:37 - [MESSAGE][PASSED] - Object: 'Object Repository/beli barang/i_Mulai Belanja_icon-menu' is hovered

2023-10-05 13:21:37 - [TEST_STEP][PASSED] - click(findTestObject("beli barang/a_Fashion  Busana Wanita")): Object: 'Object Repository/beli barang/a_Fashion  Busana Wanita' is clicked on

2023-10-05 13:21:38 - [MESSAGE][PASSED] - Object: 'Object Repository/beli barang/a_Fashion  Busana Wanita' is clicked on

2023-10-05 13:21:38 - [TEST_STEP][PASSED] - NamaSebelum = getText(findTestObject("verifikasi/Nama sebelum")): Text of object 'Object Repository/verifikasi/Nama sebelum' is: ''

2023-10-05 13:21:39 - [MESSAGE][PASSED] - Text of object 'Object Repository/verifikasi/Nama sebelum' is: ''

2023-10-05 13:21:39 - [TEST_STEP][PASSED] - HargaSebelum = getText(findTestObject("verifikasi/Harga sebelum")): Text of object 'Object Repository/verifikasi/Harga sebelum' is: 'Rp 1,299'

2023-10-05 13:21:40 - [MESSAGE][PASSED] - Text of object 'Object Repository/verifikasi/Harga sebelum' is: 'Rp 1,299'

2023-10-05 13:21:40 - [TEST_STEP][PASSED] - mouseOver(findTestObject("beli barang/barang mouse over")): Object: 'Object Repository/beli barang/barang mouse over' is hovered

2023-10-05 13:21:41 - [MESSAGE][PASSED] - Object: 'Object Repository/beli barang/barang mouse over' is hovered

2023-10-05 13:21:41 - [TEST_STEP][PASSED] - click(findTestObject("beli barang/buttom add to cart")): Object: 'Object Repository/beli barang/buttom add to cart' is clicked on

2023-10-05 13:21:42 - [MESSAGE][PASSED] - Object: 'Object Repository/beli barang/buttom add to cart' is clicked on

2023-10-05 13:21:42 - [TEST_STEP][PASSED] - NamaSesudah = getText(findTestObject("verifikasi/Nama sesudah")): Text of object 'Object Repository/verifikasi/Nama sesudah' is: 'Segitiga Instan Madeira - MDB5.3 Sunset'

2023-10-05 13:21:43 - [MESSAGE][PASSED] - Text of object 'Object Repository/verifikasi/Nama sesudah' is: 'Segitiga Instan Madeira - MDB5.3 Sunset'

2023-10-05 13:21:43 - [TEST_STEP][PASSED] - HargaSesudah = getText(findTestObject("verifikasi/Harga sesudah")): Text of object 'Object Repository/verifikasi/Harga sesudah' is: 'Rp 1,299'

2023-10-05 13:21:43 - [MESSAGE][PASSED] - Text of object 'Object Repository/verifikasi/Harga sesudah' is: 'Rp 1,299'

2023-10-05 13:21:43 - [TEST_STEP][PASSED] - assert NamaSesudah.contains(NamaSebelum): null

2023-10-05 13:21:43 - [TEST_STEP][PASSED] - assert HargaSesudah.contains(HargaSebelum): null

2023-10-05 13:21:43 - [TEST_STEP][PASSED] - click(findTestObject("Beli tanpa akun/button_Beli Sekarang")): Object: 'Object Repository/Beli tanpa akun/button_Beli Sekarang' is clicked on

2023-10-05 13:21:44 - [MESSAGE][PASSED] - Object: 'Object Repository/Beli tanpa akun/button_Beli Sekarang' is clicked on

2023-10-05 13:21:44 - [TEST_STEP][PASSED] - data = new java.util.HashMap(): null

2023-10-05 13:21:44 - [TEST_STEP][PASSED] - data.put("nama_barang", NamaSesudah): null

2023-10-05 13:21:44 - [TEST_STEP][PASSED] - data.put("price_barang", HargaSesudah): null

2023-10-05 13:21:44 - [TEST_STEP][PASSED] - verifyElementPresent(findTestObject("keranjang/li_Keranjang Belanja"), 0): Object 'Object Repository/keranjang/li_Keranjang Belanja' is present

2023-10-05 13:21:44 - [MESSAGE][WARNING] - Timeout '0' is invalid. Using default page load timeout: '30'

2023-10-05 13:21:46 - [MESSAGE][PASSED] - Object 'Object Repository/keranjang/li_Keranjang Belanja' is present

2023-10-05 13:21:46 - [TEST_STEP][PASSED] - NamaKeranjang = getText(findTestObject("verifikasi/Nama keranjang")): Text of object 'Object Repository/verifikasi/Nama keranjang' is: 'Segitiga Instan Madeira - MDB5.3 Sunset'

2023-10-05 13:21:46 - [MESSAGE][PASSED] - Text of object 'Object Repository/verifikasi/Nama keranjang' is: 'Segitiga Instan Madeira - MDB5.3 Sunset'

2023-10-05 13:21:46 - [TEST_STEP][PASSED] - HargaKeranjang = getText(findTestObject("verifikasi/Harga Keranjang")): Text of object 'Object Repository/verifikasi/Harga Keranjang' is: 'Rp 1,299'

2023-10-05 13:21:46 - [MESSAGE][PASSED] - Text of object 'Object Repository/verifikasi/Harga Keranjang' is: 'Rp 1,299'

2023-10-05 13:21:46 - [TEST_STEP][PASSED] - if (toString().equalsIgnoreCase("Merah")): Object 'Object Repository/keranjang/input_Warna_variasi101' is checked

2023-10-05 13:21:46 - [TEST_STEP][PASSED] - check(findTestObject("Object Repository/keranjang/input_Warna_variasi101")): Object 'Object Repository/keranjang/input_Warna_variasi101' is checked

2023-10-05 13:21:47 - [MESSAGE][PASSED] - Object 'Object Repository/keranjang/input_Warna_variasi101' is checked

2023-10-05 13:21:47 - [TEST_STEP][PASSED] - if (toString().equalsIgnoreCase("Menengah")): Object 'Object Repository/keranjang/input_Ukuran_variasi201' is checked

2023-10-05 13:21:47 - [TEST_STEP][PASSED] - check(findTestObject("Object Repository/keranjang/input_Ukuran_variasi201")): Object 'Object Repository/keranjang/input_Ukuran_variasi201' is checked

2023-10-05 13:21:47 - [MESSAGE][PASSED] - Object 'Object Repository/keranjang/input_Ukuran_variasi201' is checked

2023-10-05 13:21:47 - [TEST_STEP][PASSED] - data.put("Warna", warna): null

2023-10-05 13:21:47 - [TEST_STEP][PASSED] - data.put("Ukuran", ukuran): null

2023-10-05 13:21:47 - [TEST_STEP][PASSED] - click(findTestObject("keranjang/button_Lanjut ke Pembayaran")): Object: 'Object Repository/keranjang/button_Lanjut ke Pembayaran' is clicked on

2023-10-05 13:21:48 - [MESSAGE][PASSED] - Object: 'Object Repository/keranjang/button_Lanjut ke Pembayaran' is clicked on

2023-10-05 13:21:48 - [TEST_STEP][PASSED] - verifyElementPresent(findTestObject("checkout/Tittle Checkout Order"), 0): Object 'Object Repository/checkout/Tittle Checkout Order' is present

2023-10-05 13:21:48 - [MESSAGE][WARNING] - Timeout '0' is invalid. Using default page load timeout: '30'

2023-10-05 13:21:49 - [MESSAGE][PASSED] - Object 'Object Repository/checkout/Tittle Checkout Order' is present

2023-10-05 13:21:49 - [TEST_STEP][PASSED] - name_product = data.get("nama_barang"): null

2023-10-05 13:21:49 - [TEST_STEP][PASSED] - price_product = data.get("price_barang"): null

2023-10-05 13:21:49 - [TEST_STEP][PASSED] - assert name_product == NamaKeranjang: null

2023-10-05 13:21:49 - [TEST_STEP][PASSED] - assert price_product == HargaKeranjang: null

2023-10-05 13:21:49 - [TEST_STEP][PASSED] - return data: null]]></system-out>
         <system-err><![CDATA[]]></system-err>
      </testcase>
      <testcase name="Test Cases/T13 Pembelian, Shipment dan Pembayaran/PBL-011" time="33.874" classname="Test Cases/T13 Pembelian, Shipment dan Pembayaran/PBL-011" status="FAILED">
         <failure type="FAILED" message="Test Cases/T13 Pembelian, Shipment dan Pembayaran/PBL-011 FAILED.
Reason:
com.kms.katalon.core.exception.StepFailedException: Unable to verify text 'mohon login akun terlebih dahulu' is present 
	at com.kms.katalon.core.webui.keyword.internal.WebUIKeywordMain.stepFailed(WebUIKeywordMain.groovy:64)
	at com.kms.katalon.core.webui.keyword.internal.WebUIKeywordMain.runKeyword(WebUIKeywordMain.groovy:26)
	at com.kms.katalon.core.webui.keyword.builtin.VerifyTextPresentKeyword.verifyTextPresent(VerifyTextPresentKeyword.groovy:83)
	at com.kms.katalon.core.webui.keyword.builtin.VerifyTextPresentKeyword.execute(VerifyTextPresentKeyword.groovy:68)
	at com.kms.katalon.core.keyword.internal.KeywordExecutor.executeKeywordForPlatform(KeywordExecutor.groovy:74)
	at com.kms.katalon.core.webui.keyword.WebUiBuiltInKeywords.verifyTextPresent(WebUiBuiltInKeywords.groovy:1723)
	at com.kms.katalon.core.webui.keyword.WebUiBuiltInKeywords$verifyTextPresent$7.call(Unknown Source)
	at PBL-011.run(PBL-011:67)
	at com.kms.katalon.core.main.ScriptEngine.run(ScriptEngine.java:194)
	at com.kms.katalon.core.main.ScriptEngine.runScriptAsRawText(ScriptEngine.java:119)
	at com.kms.katalon.core.main.TestCaseExecutor.runScript(TestCaseExecutor.java:448)
	at com.kms.katalon.core.main.TestCaseExecutor.doExecute(TestCaseExecutor.java:439)
	at com.kms.katalon.core.main.TestCaseExecutor.processExecutionPhase(TestCaseExecutor.java:418)
	at com.kms.katalon.core.main.TestCaseExecutor.accessMainPhase(TestCaseExecutor.java:410)
	at com.kms.katalon.core.main.TestCaseExecutor.execute(TestCaseExecutor.java:285)
	at com.kms.katalon.core.common.CommonExecutor.accessTestCaseMainPhase(CommonExecutor.java:65)
	at com.kms.katalon.core.main.TestSuiteExecutor.accessTestSuiteMainPhase(TestSuiteExecutor.java:148)
	at com.kms.katalon.core.main.TestSuiteExecutor.execute(TestSuiteExecutor.java:106)
	at com.kms.katalon.core.main.TestCaseMain.startTestSuite(TestCaseMain.java:187)
	at com.kms.katalon.core.main.TestCaseMain$startTestSuite$0.call(Unknown Source)
	at TempTestSuite1696486556660.run(TempTestSuite1696486556660.groovy:36)
Caused by: com.kms.katalon.core.exception.StepFailedException: Text 'mohon login akun terlebih dahulu' is not present on page 
	at com.kms.katalon.core.webui.keyword.internal.WebUIKeywordMain.stepFailed(WebUIKeywordMain.groovy:64)
	at com.kms.katalon.core.webui.keyword.builtin.VerifyTextPresentKeyword$_verifyTextPresent_closure1.doCall(VerifyTextPresentKeyword.groovy:79)
	at com.kms.katalon.core.webui.keyword.builtin.VerifyTextPresentKeyword$_verifyTextPresent_closure1.call(VerifyTextPresentKeyword.groovy)
	at com.kms.katalon.core.webui.keyword.internal.WebUIKeywordMain.runKeyword(WebUIKeywordMain.groovy:20)
	... 19 more
"/>
         <system-out><![CDATA[2023-10-05 13:21:49 - [TEST_CASE][FAILED] - Test Cases/T13 Pembelian, Shipment dan Pembayaran/PBL-011: Test Cases/T13 Pembelian, Shipment dan Pembayaran/PBL-011 FAILED.
Reason:
com.kms.katalon.core.exception.StepFailedException: Unable to verify text 'mohon login akun terlebih dahulu' is present 
	at com.kms.katalon.core.webui.keyword.internal.WebUIKeywordMain.stepFailed(WebUIKeywordMain.groovy:64)
	at com.kms.katalon.core.webui.keyword.internal.WebUIKeywordMain.runKeyword(WebUIKeywordMain.groovy:26)
	at com.kms.katalon.core.webui.keyword.builtin.VerifyTextPresentKeyword.verifyTextPresent(VerifyTextPresentKeyword.groovy:83)
	at com.kms.katalon.core.webui.keyword.builtin.VerifyTextPresentKeyword.execute(VerifyTextPresentKeyword.groovy:68)
	at com.kms.katalon.core.keyword.internal.KeywordExecutor.executeKeywordForPlatform(KeywordExecutor.groovy:74)
	at com.kms.katalon.core.webui.keyword.WebUiBuiltInKeywords.verifyTextPresent(WebUiBuiltInKeywords.groovy:1723)
	at com.kms.katalon.core.webui.keyword.WebUiBuiltInKeywords$verifyTextPresent$7.call(Unknown Source)
	at PBL-011.run(PBL-011:67)
	at com.kms.katalon.core.main.ScriptEngine.run(ScriptEngine.java:194)
	at com.kms.katalon.core.main.ScriptEngine.runScriptAsRawText(ScriptEngine.java:119)
	at com.kms.katalon.core.main.TestCaseExecutor.runScript(TestCaseExecutor.java:448)
	at com.kms.katalon.core.main.TestCaseExecutor.doExecute(TestCaseExecutor.java:439)
	at com.kms.katalon.core.main.TestCaseExecutor.processExecutionPhase(TestCaseExecutor.java:418)
	at com.kms.katalon.core.main.TestCaseExecutor.accessMainPhase(TestCaseExecutor.java:410)
	at com.kms.katalon.core.main.TestCaseExecutor.execute(TestCaseExecutor.java:285)
	at com.kms.katalon.core.common.CommonExecutor.accessTestCaseMainPhase(CommonExecutor.java:65)
	at com.kms.katalon.core.main.TestSuiteExecutor.accessTestSuiteMainPhase(TestSuiteExecutor.java:148)
	at com.kms.katalon.core.main.TestSuiteExecutor.execute(TestSuiteExecutor.java:106)
	at com.kms.katalon.core.main.TestCaseMain.startTestSuite(TestCaseMain.java:187)
	at com.kms.katalon.core.main.TestCaseMain$startTestSuite$0.call(Unknown Source)
	at TempTestSuite1696486556660.run(TempTestSuite1696486556660.groovy:36)
Caused by: com.kms.katalon.core.exception.StepFailedException: Text 'mohon login akun terlebih dahulu' is not present on page 
	at com.kms.katalon.core.webui.keyword.internal.WebUIKeywordMain.stepFailed(WebUIKeywordMain.groovy:64)
	at com.kms.katalon.core.webui.keyword.builtin.VerifyTextPresentKeyword$_verifyTextPresent_closure1.doCall(VerifyTextPresentKeyword.groovy:79)
	at com.kms.katalon.core.webui.keyword.builtin.VerifyTextPresentKeyword$_verifyTextPresent_closure1.call(VerifyTextPresentKeyword.groovy)
	at com.kms.katalon.core.webui.keyword.internal.WebUIKeywordMain.runKeyword(WebUIKeywordMain.groovy:20)
	... 19 more


2023-10-05 13:21:50 - [TEST_STEP][PASSED] - data = callTestCase(findTestCase("T13 Pembelian, Shipment dan Pembayaran/PBL-010"), ["warna":"Merah", "ukuran":"Menengah"], STOP_ON_FAILURE): Call Test Case 'Test Cases/T13 Pembelian, Shipment dan Pembayaran/PBL-010' successfully

2023-10-05 13:21:50 - [TEST_CASE][PASSED] - Test Cases/T13 Pembelian, Shipment dan Pembayaran/PBL-010: Test Cases/T13 Pembelian, Shipment dan Pembayaran/PBL-010

2023-10-05 13:21:50 - [TEST_STEP][PASSED] - openBrowser("https://10.9.2.63/ecommerce/"): Browser is opened with url: 'https://10.9.2.63/ecommerce/'

2023-10-05 13:21:50 - [MESSAGE][WARNING] - A browser is already opened. Closing browser and opening a new one

2023-10-05 13:21:50 - [MESSAGE][INFO] - Starting 'Edge Chromium' driver

2023-10-05 13:21:50 - [MESSAGE][INFO] - User set preference: ['acceptInsecureCerts', 'true']

2023-10-05 13:21:53 - [MESSAGE][INFO] - Action delay is set to 0 milliseconds

2023-10-05 13:21:56 - [MESSAGE][PASSED] - Browser is opened with url: 'https://10.9.2.63/ecommerce/'

2023-10-05 13:21:56 - [TEST_STEP][PASSED] - maximizeWindow(): Current window maximized

2023-10-05 13:21:56 - [MESSAGE][PASSED] - Current window maximized

2023-10-05 13:21:56 - [TEST_STEP][PASSED] - mouseOver(findTestObject("beli barang/i_Mulai Belanja_icon-menu")): Object: 'Object Repository/beli barang/i_Mulai Belanja_icon-menu' is hovered

2023-10-05 13:21:57 - [MESSAGE][PASSED] - Object: 'Object Repository/beli barang/i_Mulai Belanja_icon-menu' is hovered

2023-10-05 13:21:57 - [TEST_STEP][PASSED] - click(findTestObject("beli barang/a_Fashion  Busana Wanita")): Object: 'Object Repository/beli barang/a_Fashion  Busana Wanita' is clicked on

2023-10-05 13:21:58 - [MESSAGE][PASSED] - Object: 'Object Repository/beli barang/a_Fashion  Busana Wanita' is clicked on

2023-10-05 13:21:58 - [TEST_STEP][PASSED] - NamaSebelum = getText(findTestObject("verifikasi/Nama sebelum")): Text of object 'Object Repository/verifikasi/Nama sebelum' is: ''

2023-10-05 13:21:59 - [MESSAGE][PASSED] - Text of object 'Object Repository/verifikasi/Nama sebelum' is: ''

2023-10-05 13:21:59 - [TEST_STEP][PASSED] - HargaSebelum = getText(findTestObject("verifikasi/Harga sebelum")): Text of object 'Object Repository/verifikasi/Harga sebelum' is: 'Rp 1,299'

2023-10-05 13:22:00 - [MESSAGE][PASSED] - Text of object 'Object Repository/verifikasi/Harga sebelum' is: 'Rp 1,299'

2023-10-05 13:22:00 - [TEST_STEP][PASSED] - mouseOver(findTestObject("beli barang/barang mouse over")): Object: 'Object Repository/beli barang/barang mouse over' is hovered

2023-10-05 13:22:00 - [MESSAGE][PASSED] - Object: 'Object Repository/beli barang/barang mouse over' is hovered

2023-10-05 13:22:00 - [TEST_STEP][PASSED] - click(findTestObject("beli barang/buttom add to cart")): Object: 'Object Repository/beli barang/buttom add to cart' is clicked on

2023-10-05 13:22:02 - [MESSAGE][PASSED] - Object: 'Object Repository/beli barang/buttom add to cart' is clicked on

2023-10-05 13:22:02 - [TEST_STEP][PASSED] - NamaSesudah = getText(findTestObject("verifikasi/Nama sesudah")): Text of object 'Object Repository/verifikasi/Nama sesudah' is: 'Segitiga Instan Madeira - MDB5.3 Sunset'

2023-10-05 13:22:03 - [MESSAGE][PASSED] - Text of object 'Object Repository/verifikasi/Nama sesudah' is: 'Segitiga Instan Madeira - MDB5.3 Sunset'

2023-10-05 13:22:03 - [TEST_STEP][PASSED] - HargaSesudah = getText(findTestObject("verifikasi/Harga sesudah")): Text of object 'Object Repository/verifikasi/Harga sesudah' is: 'Rp 1,299'

2023-10-05 13:22:03 - [MESSAGE][PASSED] - Text of object 'Object Repository/verifikasi/Harga sesudah' is: 'Rp 1,299'

2023-10-05 13:22:03 - [TEST_STEP][PASSED] - assert NamaSesudah.contains(NamaSebelum): null

2023-10-05 13:22:03 - [TEST_STEP][PASSED] - assert HargaSesudah.contains(HargaSebelum): null

2023-10-05 13:22:03 - [TEST_STEP][PASSED] - click(findTestObject("Beli tanpa akun/button_Beli Sekarang")): Object: 'Object Repository/Beli tanpa akun/button_Beli Sekarang' is clicked on

2023-10-05 13:22:04 - [MESSAGE][PASSED] - Object: 'Object Repository/Beli tanpa akun/button_Beli Sekarang' is clicked on

2023-10-05 13:22:04 - [TEST_STEP][PASSED] - data = new java.util.HashMap(): null

2023-10-05 13:22:04 - [TEST_STEP][PASSED] - data.put("nama_barang", NamaSesudah): null

2023-10-05 13:22:04 - [TEST_STEP][PASSED] - data.put("price_barang", HargaSesudah): null

2023-10-05 13:22:04 - [TEST_STEP][PASSED] - verifyElementPresent(findTestObject("keranjang/li_Keranjang Belanja"), 0): Object 'Object Repository/keranjang/li_Keranjang Belanja' is present

2023-10-05 13:22:04 - [MESSAGE][WARNING] - Timeout '0' is invalid. Using default page load timeout: '30'

2023-10-05 13:22:06 - [MESSAGE][PASSED] - Object 'Object Repository/keranjang/li_Keranjang Belanja' is present

2023-10-05 13:22:06 - [TEST_STEP][PASSED] - NamaKeranjang = getText(findTestObject("verifikasi/Nama keranjang")): Text of object 'Object Repository/verifikasi/Nama keranjang' is: 'Segitiga Instan Madeira - MDB5.3 Sunset'

2023-10-05 13:22:06 - [MESSAGE][PASSED] - Text of object 'Object Repository/verifikasi/Nama keranjang' is: 'Segitiga Instan Madeira - MDB5.3 Sunset'

2023-10-05 13:22:06 - [TEST_STEP][PASSED] - HargaKeranjang = getText(findTestObject("verifikasi/Harga Keranjang")): Text of object 'Object Repository/verifikasi/Harga Keranjang' is: 'Rp 1,299'

2023-10-05 13:22:06 - [MESSAGE][PASSED] - Text of object 'Object Repository/verifikasi/Harga Keranjang' is: 'Rp 1,299'

2023-10-05 13:22:06 - [TEST_STEP][PASSED] - if (toString().equalsIgnoreCase("Merah")): Object 'Object Repository/keranjang/input_Warna_variasi101' is checked

2023-10-05 13:22:06 - [TEST_STEP][PASSED] - check(findTestObject("Object Repository/keranjang/input_Warna_variasi101")): Object 'Object Repository/keranjang/input_Warna_variasi101' is checked

2023-10-05 13:22:07 - [MESSAGE][PASSED] - Object 'Object Repository/keranjang/input_Warna_variasi101' is checked

2023-10-05 13:22:07 - [TEST_STEP][PASSED] - if (toString().equalsIgnoreCase("Menengah")): Object 'Object Repository/keranjang/input_Ukuran_variasi201' is checked

2023-10-05 13:22:07 - [TEST_STEP][PASSED] - check(findTestObject("Object Repository/keranjang/input_Ukuran_variasi201")): Object 'Object Repository/keranjang/input_Ukuran_variasi201' is checked

2023-10-05 13:22:07 - [MESSAGE][PASSED] - Object 'Object Repository/keranjang/input_Ukuran_variasi201' is checked

2023-10-05 13:22:07 - [TEST_STEP][PASSED] - data.put("Warna", warna): null

2023-10-05 13:22:07 - [TEST_STEP][PASSED] - data.put("Ukuran", ukuran): null

2023-10-05 13:22:07 - [TEST_STEP][PASSED] - click(findTestObject("keranjang/button_Lanjut ke Pembayaran")): Object: 'Object Repository/keranjang/button_Lanjut ke Pembayaran' is clicked on

2023-10-05 13:22:08 - [MESSAGE][PASSED] - Object: 'Object Repository/keranjang/button_Lanjut ke Pembayaran' is clicked on

2023-10-05 13:22:08 - [TEST_STEP][PASSED] - verifyElementPresent(findTestObject("checkout/Tittle Checkout Order"), 0): Object 'Object Repository/checkout/Tittle Checkout Order' is present

2023-10-05 13:22:08 - [MESSAGE][WARNING] - Timeout '0' is invalid. Using default page load timeout: '30'

2023-10-05 13:22:09 - [MESSAGE][PASSED] - Object 'Object Repository/checkout/Tittle Checkout Order' is present

2023-10-05 13:22:09 - [TEST_STEP][PASSED] - name_product = data.get("nama_barang"): null

2023-10-05 13:22:09 - [TEST_STEP][PASSED] - price_product = data.get("price_barang"): null

2023-10-05 13:22:09 - [TEST_STEP][PASSED] - assert name_product == NamaKeranjang: null

2023-10-05 13:22:09 - [TEST_STEP][PASSED] - assert price_product == HargaKeranjang: null

2023-10-05 13:22:09 - [TEST_STEP][PASSED] - return data: null

2023-10-05 13:22:09 - [MESSAGE][PASSED] - Call Test Case 'Test Cases/T13 Pembelian, Shipment dan Pembayaran/PBL-010' successfully

2023-10-05 13:22:09 - [TEST_STEP][PASSED] - warnaa = getText(findTestObject("verifikasi/warna Merah")): Text of object 'Object Repository/verifikasi/warna Merah' is: 'Merah'

2023-10-05 13:22:09 - [MESSAGE][PASSED] - Text of object 'Object Repository/verifikasi/warna Merah' is: 'Merah'

2023-10-05 13:22:09 - [TEST_STEP][PASSED] - ukurann = getText(findTestObject("verifikasi/Ukuran Menengah")): Text of object 'Object Repository/verifikasi/Ukuran Menengah' is: 'Menengah'

2023-10-05 13:22:10 - [MESSAGE][PASSED] - Text of object 'Object Repository/verifikasi/Ukuran Menengah' is: 'Menengah'

2023-10-05 13:22:10 - [TEST_STEP][PASSED] - warna1 = data.get("Warna"): null

2023-10-05 13:22:10 - [TEST_STEP][PASSED] - ukuran1 = data.get("Ukuran"): null

2023-10-05 13:22:10 - [TEST_STEP][PASSED] - assert warnaa == warna1: null

2023-10-05 13:22:10 - [TEST_STEP][PASSED] - assert ukurann == ukuran1: null

2023-10-05 13:22:10 - [TEST_STEP][PASSED] - NamaCheckout = getText(findTestObject("verifikasi/NamaCheckout")): Text of object 'Object Repository/verifikasi/NamaCheckout' is: ''

2023-10-05 13:22:10 - [MESSAGE][PASSED] - Text of object 'Object Repository/verifikasi/NamaCheckout' is: ''

2023-10-05 13:22:10 - [TEST_STEP][PASSED] - HargaCheckout = getText(findTestObject("verifikasi/HargaCheckout")): Text of object 'Object Repository/verifikasi/HargaCheckout' is: '1,299'

2023-10-05 13:22:10 - [MESSAGE][PASSED] - Text of object 'Object Repository/verifikasi/HargaCheckout' is: '1,299'

2023-10-05 13:22:10 - [TEST_STEP][PASSED] - name_product = data.get("nama_barang"): null

2023-10-05 13:22:10 - [TEST_STEP][PASSED] - price_product = data.get("price_barang"): null

2023-10-05 13:22:10 - [TEST_STEP][PASSED] - assert name_product.contains(NamaCheckout): null

2023-10-05 13:22:10 - [TEST_STEP][PASSED] - assert price_product.contains(HargaCheckout): null

2023-10-05 13:22:10 - [TEST_STEP][PASSED] - setText(findTestObject("Beli tanpa akun/input_Nama anda_nama"), "irfan"): Text 'irfan' is set on object 'Object Repository/Beli tanpa akun/input_Nama anda_nama'

2023-10-05 13:22:11 - [MESSAGE][PASSED] - Text 'irfan' is set on object 'Object Repository/Beli tanpa akun/input_Nama anda_nama'

2023-10-05 13:22:11 - [TEST_STEP][PASSED] - setText(findTestObject("Beli tanpa akun/input_Kontak_telpon"), "0811212121"): Text '0811212121' is set on object 'Object Repository/Beli tanpa akun/input_Kontak_telpon'

2023-10-05 13:22:12 - [MESSAGE][PASSED] - Text '0811212121' is set on object 'Object Repository/Beli tanpa akun/input_Kontak_telpon'

2023-10-05 13:22:12 - [TEST_STEP][PASSED] - setText(findTestObject("Beli tanpa akun/input_Kontak_email"), "fan@gmail.com"): Text 'fan@gmail.com' is set on object 'Object Repository/Beli tanpa akun/input_Kontak_email'

2023-10-05 13:22:13 - [MESSAGE][PASSED] - Text 'fan@gmail.com' is set on object 'Object Repository/Beli tanpa akun/input_Kontak_email'

2023-10-05 13:22:13 - [TEST_STEP][PASSED] - selectOptionByLabel(findTestObject("Beli tanpa akun/select_Provinsi"), "Sumatera Barat", false): All options with label 'Sumatera Barat' are selected in object 'Object Repository/Beli tanpa akun/select_Provinsi' 

2023-10-05 13:22:14 - [MESSAGE][PASSED] - All options with label 'Sumatera Barat' are selected in object 'Object Repository/Beli tanpa akun/select_Provinsi' 

2023-10-05 13:22:14 - [TEST_STEP][PASSED] - selectOptionByLabel(findTestObject("Beli tanpa akun/select_Kota  Kabupaten"), "Kota Bukittinggi", false): All options with label 'Kota Bukittinggi' are selected in object 'Object Repository/Beli tanpa akun/select_Kota  Kabupaten' 

2023-10-05 13:22:15 - [MESSAGE][PASSED] - All options with label 'Kota Bukittinggi' are selected in object 'Object Repository/Beli tanpa akun/select_Kota  Kabupaten' 

2023-10-05 13:22:15 - [TEST_STEP][PASSED] - selectOptionByLabel(findTestObject("Beli tanpa akun/select_Kecamatan"), "Guguk Panjang (Guguak Panjang)", false): All options with label 'Guguk Panjang (Guguak Panjang)' are selected in object 'Object Repository/Beli tanpa akun/select_Kecamatan' 

2023-10-05 13:22:16 - [MESSAGE][PASSED] - All options with label 'Guguk Panjang (Guguak Panjang)' are selected in object 'Object Repository/Beli tanpa akun/select_Kecamatan' 

2023-10-05 13:22:16 - [TEST_STEP][PASSED] - setText(findTestObject("Beli tanpa akun/input_Alamat Kirim_alamat"), "guguk"): Text 'guguk' is set on object 'Object Repository/Beli tanpa akun/input_Alamat Kirim_alamat'

2023-10-05 13:22:17 - [MESSAGE][PASSED] - Text 'guguk' is set on object 'Object Repository/Beli tanpa akun/input_Alamat Kirim_alamat'

2023-10-05 13:22:17 - [TEST_STEP][PASSED] - click(findTestObject("checkout/COD")): Object: 'Object Repository/checkout/COD' is clicked on

2023-10-05 13:22:18 - [MESSAGE][PASSED] - Object: 'Object Repository/checkout/COD' is clicked on

2023-10-05 13:22:18 - [TEST_STEP][PASSED] - click(findTestObject("verifikasi/COD - Panjang BanaTarif")): Object: 'Object Repository/verifikasi/COD - Panjang BanaTarif' is clicked on

2023-10-05 13:22:18 - [MESSAGE][PASSED] - Object: 'Object Repository/verifikasi/COD - Panjang BanaTarif' is clicked on

2023-10-05 13:22:18 - [TEST_STEP][PASSED] - click(findTestObject("checkout/button_Proses Pembayaran")): Object: 'Object Repository/checkout/button_Proses Pembayaran' is clicked on

2023-10-05 13:22:22 - [MESSAGE][PASSED] - Object: 'Object Repository/checkout/button_Proses Pembayaran' is clicked on

2023-10-05 13:22:22 - [TEST_STEP][FAILED] - verifyTextPresent("mohon login akun terlebih dahulu", false): Unable to verify text 'mohon login akun terlebih dahulu' is present  (Root cause: com.kms.katalon.core.exception.StepFailedException: Unable to verify text 'mohon login akun terlebih dahulu' is present 
	at com.kms.katalon.core.webui.keyword.internal.WebUIKeywordMain.stepFailed(WebUIKeywordMain.groovy:64)
	at com.kms.katalon.core.webui.keyword.internal.WebUIKeywordMain.runKeyword(WebUIKeywordMain.groovy:26)
	at com.kms.katalon.core.webui.keyword.builtin.VerifyTextPresentKeyword.verifyTextPresent(VerifyTextPresentKeyword.groovy:83)
	at com.kms.katalon.core.webui.keyword.builtin.VerifyTextPresentKeyword.execute(VerifyTextPresentKeyword.groovy:68)
	at com.kms.katalon.core.keyword.internal.KeywordExecutor.executeKeywordForPlatform(KeywordExecutor.groovy:74)
	at com.kms.katalon.core.webui.keyword.WebUiBuiltInKeywords.verifyTextPresent(WebUiBuiltInKeywords.groovy:1723)
	at com.kms.katalon.core.webui.keyword.WebUiBuiltInKeywords$verifyTextPresent$7.call(Unknown Source)
	at PBL-011.run(PBL-011:67)
	at com.kms.katalon.core.main.ScriptEngine.run(ScriptEngine.java:194)
	at com.kms.katalon.core.main.ScriptEngine.runScriptAsRawText(ScriptEngine.java:119)
	at com.kms.katalon.core.main.TestCaseExecutor.runScript(TestCaseExecutor.java:448)
	at com.kms.katalon.core.main.TestCaseExecutor.doExecute(TestCaseExecutor.java:439)
	at com.kms.katalon.core.main.TestCaseExecutor.processExecutionPhase(TestCaseExecutor.java:418)
	at com.kms.katalon.core.main.TestCaseExecutor.accessMainPhase(TestCaseExecutor.java:410)
	at com.kms.katalon.core.main.TestCaseExecutor.execute(TestCaseExecutor.java:285)
	at com.kms.katalon.core.common.CommonExecutor.accessTestCaseMainPhase(CommonExecutor.java:65)
	at com.kms.katalon.core.main.TestSuiteExecutor.accessTestSuiteMainPhase(TestSuiteExecutor.java:148)
	at com.kms.katalon.core.main.TestSuiteExecutor.execute(TestSuiteExecutor.java:106)
	at com.kms.katalon.core.main.TestCaseMain.startTestSuite(TestCaseMain.java:187)
	at com.kms.katalon.core.main.TestCaseMain$startTestSuite$0.call(Unknown Source)
	at TempTestSuite1696486556660.run(TempTestSuite1696486556660.groovy:36)
Caused by: com.kms.katalon.core.exception.StepFailedException: Text 'mohon login akun terlebih dahulu' is not present on page 
	at com.kms.katalon.core.webui.keyword.internal.WebUIKeywordMain.stepFailed(WebUIKeywordMain.groovy:64)
	at com.kms.katalon.core.webui.keyword.builtin.VerifyTextPresentKeyword$_verifyTextPresent_closure1.doCall(VerifyTextPresentKeyword.groovy:79)
	at com.kms.katalon.core.webui.keyword.builtin.VerifyTextPresentKeyword$_verifyTextPresent_closure1.call(VerifyTextPresentKeyword.groovy)
	at com.kms.katalon.core.webui.keyword.internal.WebUIKeywordMain.runKeyword(WebUIKeywordMain.groovy:20)
	... 19 more
)

2023-10-05 13:22:23 - [MESSAGE][FAILED] - Text 'mohon login akun terlebih dahulu' is not present on page  (Root cause: com.kms.katalon.core.exception.StepFailedException: Text 'mohon login akun terlebih dahulu' is not present on page 
	at com.kms.katalon.core.webui.keyword.internal.WebUIKeywordMain.stepFailed(WebUIKeywordMain.groovy:64)
	at com.kms.katalon.core.webui.keyword.builtin.VerifyTextPresentKeyword$_verifyTextPresent_closure1.doCall(VerifyTextPresentKeyword.groovy:79)
	at com.kms.katalon.core.webui.keyword.builtin.VerifyTextPresentKeyword$_verifyTextPresent_closure1.call(VerifyTextPresentKeyword.groovy)
	at com.kms.katalon.core.webui.keyword.internal.WebUIKeywordMain.runKeyword(WebUIKeywordMain.groovy:20)
	at com.kms.katalon.core.webui.keyword.builtin.VerifyTextPresentKeyword.verifyTextPresent(VerifyTextPresentKeyword.groovy:83)
	at com.kms.katalon.core.webui.keyword.builtin.VerifyTextPresentKeyword.execute(VerifyTextPresentKeyword.groovy:68)
	at com.kms.katalon.core.keyword.internal.KeywordExecutor.executeKeywordForPlatform(KeywordExecutor.groovy:74)
	at com.kms.katalon.core.webui.keyword.WebUiBuiltInKeywords.verifyTextPresent(WebUiBuiltInKeywords.groovy:1723)
	at com.kms.katalon.core.webui.keyword.WebUiBuiltInKeywords$verifyTextPresent$7.call(Unknown Source)
	at PBL-011.run(PBL-011:67)
	at com.kms.katalon.core.main.ScriptEngine.run(ScriptEngine.java:194)
	at com.kms.katalon.core.main.ScriptEngine.runScriptAsRawText(ScriptEngine.java:119)
	at com.kms.katalon.core.main.TestCaseExecutor.runScript(TestCaseExecutor.java:448)
	at com.kms.katalon.core.main.TestCaseExecutor.doExecute(TestCaseExecutor.java:439)
	at com.kms.katalon.core.main.TestCaseExecutor.processExecutionPhase(TestCaseExecutor.java:418)
	at com.kms.katalon.core.main.TestCaseExecutor.accessMainPhase(TestCaseExecutor.java:410)
	at com.kms.katalon.core.main.TestCaseExecutor.execute(TestCaseExecutor.java:285)
	at com.kms.katalon.core.common.CommonExecutor.accessTestCaseMainPhase(CommonExecutor.java:65)
	at com.kms.katalon.core.main.TestSuiteExecutor.accessTestSuiteMainPhase(TestSuiteExecutor.java:148)
	at com.kms.katalon.core.main.TestSuiteExecutor.execute(TestSuiteExecutor.java:106)
	at com.kms.katalon.core.main.TestCaseMain.startTestSuite(TestCaseMain.java:187)
	at com.kms.katalon.core.main.TestCaseMain$startTestSuite$0.call(Unknown Source)
	at TempTestSuite1696486556660.run(TempTestSuite1696486556660.groovy:36)
)

2023-10-05 13:22:23 - [MESSAGE][FAILED] - Unable to verify text 'mohon login akun terlebih dahulu' is present  (Root cause: com.kms.katalon.core.exception.StepFailedException: Unable to verify text 'mohon login akun terlebih dahulu' is present 
	at com.kms.katalon.core.webui.keyword.internal.WebUIKeywordMain.stepFailed(WebUIKeywordMain.groovy:64)
	at com.kms.katalon.core.webui.keyword.internal.WebUIKeywordMain.runKeyword(WebUIKeywordMain.groovy:26)
	at com.kms.katalon.core.webui.keyword.builtin.VerifyTextPresentKeyword.verifyTextPresent(VerifyTextPresentKeyword.groovy:83)
	at com.kms.katalon.core.webui.keyword.builtin.VerifyTextPresentKeyword.execute(VerifyTextPresentKeyword.groovy:68)
	at com.kms.katalon.core.keyword.internal.KeywordExecutor.executeKeywordForPlatform(KeywordExecutor.groovy:74)
	at com.kms.katalon.core.webui.keyword.WebUiBuiltInKeywords.verifyTextPresent(WebUiBuiltInKeywords.groovy:1723)
	at com.kms.katalon.core.webui.keyword.WebUiBuiltInKeywords$verifyTextPresent$7.call(Unknown Source)
	at PBL-011.run(PBL-011:67)
	at com.kms.katalon.core.main.ScriptEngine.run(ScriptEngine.java:194)
	at com.kms.katalon.core.main.ScriptEngine.runScriptAsRawText(ScriptEngine.java:119)
	at com.kms.katalon.core.main.TestCaseExecutor.runScript(TestCaseExecutor.java:448)
	at com.kms.katalon.core.main.TestCaseExecutor.doExecute(TestCaseExecutor.java:439)
	at com.kms.katalon.core.main.TestCaseExecutor.processExecutionPhase(TestCaseExecutor.java:418)
	at com.kms.katalon.core.main.TestCaseExecutor.accessMainPhase(TestCaseExecutor.java:410)
	at com.kms.katalon.core.main.TestCaseExecutor.execute(TestCaseExecutor.java:285)
	at com.kms.katalon.core.common.CommonExecutor.accessTestCaseMainPhase(CommonExecutor.java:65)
	at com.kms.katalon.core.main.TestSuiteExecutor.accessTestSuiteMainPhase(TestSuiteExecutor.java:148)
	at com.kms.katalon.core.main.TestSuiteExecutor.execute(TestSuiteExecutor.java:106)
	at com.kms.katalon.core.main.TestCaseMain.startTestSuite(TestCaseMain.java:187)
	at com.kms.katalon.core.main.TestCaseMain$startTestSuite$0.call(Unknown Source)
	at TempTestSuite1696486556660.run(TempTestSuite1696486556660.groovy:36)
Caused by: com.kms.katalon.core.exception.StepFailedException: Text 'mohon login akun terlebih dahulu' is not present on page 
	at com.kms.katalon.core.webui.keyword.internal.WebUIKeywordMain.stepFailed(WebUIKeywordMain.groovy:64)
	at com.kms.katalon.core.webui.keyword.builtin.VerifyTextPresentKeyword$_verifyTextPresent_closure1.doCall(VerifyTextPresentKeyword.groovy:79)
	at com.kms.katalon.core.webui.keyword.builtin.VerifyTextPresentKeyword$_verifyTextPresent_closure1.call(VerifyTextPresentKeyword.groovy)
	at com.kms.katalon.core.webui.keyword.internal.WebUIKeywordMain.runKeyword(WebUIKeywordMain.groovy:20)
	... 19 more
)
[[ATTACHMENT|C:\\FT2 XSIS\\Projek 2 MINI PROJEK\\Reports\\20231005_131556\\T13 Pembelian, Shipment dan Pembayaran\\T13 Pembelian, Shipment dan Pembayaran\\20231005_131556\\1696486943506.png]]]]></system-out>
         <system-err><![CDATA[2023-10-05 13:21:49 - [TEST_CASE][FAILED] - Test Cases/T13 Pembelian, Shipment dan Pembayaran/PBL-011: Test Cases/T13 Pembelian, Shipment dan Pembayaran/PBL-011 FAILED.
Reason:
com.kms.katalon.core.exception.StepFailedException: Unable to verify text 'mohon login akun terlebih dahulu' is present 
	at com.kms.katalon.core.webui.keyword.internal.WebUIKeywordMain.stepFailed(WebUIKeywordMain.groovy:64)
	at com.kms.katalon.core.webui.keyword.internal.WebUIKeywordMain.runKeyword(WebUIKeywordMain.groovy:26)
	at com.kms.katalon.core.webui.keyword.builtin.VerifyTextPresentKeyword.verifyTextPresent(VerifyTextPresentKeyword.groovy:83)
	at com.kms.katalon.core.webui.keyword.builtin.VerifyTextPresentKeyword.execute(VerifyTextPresentKeyword.groovy:68)
	at com.kms.katalon.core.keyword.internal.KeywordExecutor.executeKeywordForPlatform(KeywordExecutor.groovy:74)
	at com.kms.katalon.core.webui.keyword.WebUiBuiltInKeywords.verifyTextPresent(WebUiBuiltInKeywords.groovy:1723)
	at com.kms.katalon.core.webui.keyword.WebUiBuiltInKeywords$verifyTextPresent$7.call(Unknown Source)
	at PBL-011.run(PBL-011:67)
	at com.kms.katalon.core.main.ScriptEngine.run(ScriptEngine.java:194)
	at com.kms.katalon.core.main.ScriptEngine.runScriptAsRawText(ScriptEngine.java:119)
	at com.kms.katalon.core.main.TestCaseExecutor.runScript(TestCaseExecutor.java:448)
	at com.kms.katalon.core.main.TestCaseExecutor.doExecute(TestCaseExecutor.java:439)
	at com.kms.katalon.core.main.TestCaseExecutor.processExecutionPhase(TestCaseExecutor.java:418)
	at com.kms.katalon.core.main.TestCaseExecutor.accessMainPhase(TestCaseExecutor.java:410)
	at com.kms.katalon.core.main.TestCaseExecutor.execute(TestCaseExecutor.java:285)
	at com.kms.katalon.core.common.CommonExecutor.accessTestCaseMainPhase(CommonExecutor.java:65)
	at com.kms.katalon.core.main.TestSuiteExecutor.accessTestSuiteMainPhase(TestSuiteExecutor.java:148)
	at com.kms.katalon.core.main.TestSuiteExecutor.execute(TestSuiteExecutor.java:106)
	at com.kms.katalon.core.main.TestCaseMain.startTestSuite(TestCaseMain.java:187)
	at com.kms.katalon.core.main.TestCaseMain$startTestSuite$0.call(Unknown Source)
	at TempTestSuite1696486556660.run(TempTestSuite1696486556660.groovy:36)
Caused by: com.kms.katalon.core.exception.StepFailedException: Text 'mohon login akun terlebih dahulu' is not present on page 
	at com.kms.katalon.core.webui.keyword.internal.WebUIKeywordMain.stepFailed(WebUIKeywordMain.groovy:64)
	at com.kms.katalon.core.webui.keyword.builtin.VerifyTextPresentKeyword$_verifyTextPresent_closure1.doCall(VerifyTextPresentKeyword.groovy:79)
	at com.kms.katalon.core.webui.keyword.builtin.VerifyTextPresentKeyword$_verifyTextPresent_closure1.call(VerifyTextPresentKeyword.groovy)
	at com.kms.katalon.core.webui.keyword.internal.WebUIKeywordMain.runKeyword(WebUIKeywordMain.groovy:20)
	... 19 more]]></system-err>
      </testcase>
      <testcase name="Test Cases/T13 Pembelian, Shipment dan Pembayaran/PBY-001" time="48.905" classname="Test Cases/T13 Pembelian, Shipment dan Pembayaran/PBY-001" status="PASSED">
         <system-out><![CDATA[2023-10-05 13:22:23 - [TEST_CASE][PASSED] - Test Cases/T13 Pembelian, Shipment dan Pembayaran/PBY-001: Test Cases/T13 Pembelian, Shipment dan Pembayaran/PBY-001

2023-10-05 13:22:24 - [TEST_STEP][PASSED] - data = callTestCase(findTestCase("T13 Pembelian, Shipment dan Pembayaran/PBL-004"), ["Kurir":"Roda 2"], STOP_ON_FAILURE): Call Test Case 'Test Cases/T13 Pembelian, Shipment dan Pembayaran/PBL-004' successfully

2023-10-05 13:22:24 - [TEST_CASE][PASSED] - Test Cases/T13 Pembelian, Shipment dan Pembayaran/PBL-004: Test Cases/T13 Pembelian, Shipment dan Pembayaran/PBL-004

2023-10-05 13:22:24 - [TEST_STEP][PASSED] - data = callTestCase(findTestCase("T13 Pembelian, Shipment dan Pembayaran/PBL-002"), [:], STOP_ON_FAILURE): Call Test Case 'Test Cases/T13 Pembelian, Shipment dan Pembayaran/PBL-002' successfully

2023-10-05 13:22:24 - [TEST_CASE][PASSED] - Test Cases/T13 Pembelian, Shipment dan Pembayaran/PBL-002: Test Cases/T13 Pembelian, Shipment dan Pembayaran/PBL-002

2023-10-05 13:22:24 - [TEST_STEP][PASSED] - data = callTestCase(findTestCase("T13 Pembelian, Shipment dan Pembayaran/PBL-001"), [:], STOP_ON_FAILURE): Call Test Case 'Test Cases/T13 Pembelian, Shipment dan Pembayaran/PBL-001' successfully

2023-10-05 13:22:24 - [TEST_CASE][PASSED] - Test Cases/T13 Pembelian, Shipment dan Pembayaran/PBL-001: Test Cases/T13 Pembelian, Shipment dan Pembayaran/PBL-001

2023-10-05 13:22:24 - [TEST_STEP][PASSED] - callTestCase(findTestCase("T13 Pembelian, Shipment dan Pembayaran/LU-001"), ["username":"irfanafandi", "password":"12345irfan"], STOP_ON_FAILURE): Call Test Case 'Test Cases/T13 Pembelian, Shipment dan Pembayaran/LU-001' successfully

2023-10-05 13:22:24 - [TEST_CASE][PASSED] - Test Cases/T13 Pembelian, Shipment dan Pembayaran/LU-001: Test Cases/T13 Pembelian, Shipment dan Pembayaran/LU-001

2023-10-05 13:22:24 - [TEST_STEP][PASSED] - openBrowser("https://10.9.2.63/ecommerce/"): Browser is opened with url: 'https://10.9.2.63/ecommerce/'

2023-10-05 13:22:24 - [MESSAGE][WARNING] - A browser is already opened. Closing browser and opening a new one

2023-10-05 13:22:25 - [MESSAGE][INFO] - Starting 'Edge Chromium' driver

2023-10-05 13:22:25 - [MESSAGE][INFO] - User set preference: ['acceptInsecureCerts', 'true']

2023-10-05 13:22:27 - [MESSAGE][INFO] - Action delay is set to 0 milliseconds

2023-10-05 13:22:31 - [MESSAGE][PASSED] - Browser is opened with url: 'https://10.9.2.63/ecommerce/'

2023-10-05 13:22:31 - [TEST_STEP][PASSED] - maximizeWindow(): Current window maximized

2023-10-05 13:22:31 - [MESSAGE][PASSED] - Current window maximized

2023-10-05 13:22:31 - [TEST_STEP][PASSED] - verifyElementPresent(findTestObject("Login/Home"), 0): Object 'Object Repository/Login/Home' is present

2023-10-05 13:22:31 - [MESSAGE][WARNING] - Timeout '0' is invalid. Using default page load timeout: '30'

2023-10-05 13:22:32 - [MESSAGE][PASSED] - Object 'Object Repository/Login/Home' is present

2023-10-05 13:22:32 - [TEST_STEP][PASSED] - click(findTestObject("Login/a_Login")): Object: 'Object Repository/Login/a_Login' is clicked on

2023-10-05 13:22:32 - [MESSAGE][PASSED] - Object: 'Object Repository/Login/a_Login' is clicked on

2023-10-05 13:22:32 - [TEST_STEP][PASSED] - verifyElementPresent(findTestObject("Login/Tittle Login"), 0): Object 'Object Repository/Login/Tittle Login' is present

2023-10-05 13:22:32 - [MESSAGE][WARNING] - Timeout '0' is invalid. Using default page load timeout: '30'

2023-10-05 13:22:33 - [MESSAGE][PASSED] - Object 'Object Repository/Login/Tittle Login' is present

2023-10-05 13:22:33 - [TEST_STEP][PASSED] - setText(findTestObject("Login/input_Username, Email atau No. Handphone_a"), username): Text 'irfanafandi' is set on object 'Object Repository/Login/input_Username, Email atau No. Handphone_a'

2023-10-05 13:22:34 - [MESSAGE][PASSED] - Text 'irfanafandi' is set on object 'Object Repository/Login/input_Username, Email atau No. Handphone_a'

2023-10-05 13:22:34 - [TEST_STEP][PASSED] - setText(findTestObject("Login/input_Password_b"), password): Text '12345irfan' is set on object 'Object Repository/Login/input_Password_b'

2023-10-05 13:22:35 - [MESSAGE][PASSED] - Text '12345irfan' is set on object 'Object Repository/Login/input_Password_b'

2023-10-05 13:22:35 - [TEST_STEP][PASSED] - click(findTestObject("Login/label_Ingat saya")): Object: 'Object Repository/Login/label_Ingat saya' is clicked on

2023-10-05 13:22:35 - [MESSAGE][PASSED] - Object: 'Object Repository/Login/label_Ingat saya' is clicked on

2023-10-05 13:22:35 - [TEST_STEP][PASSED] - click(findTestObject("Login/button_Masuk")): Object: 'Object Repository/Login/button_Masuk' is clicked on

2023-10-05 13:22:36 - [MESSAGE][PASSED] - Object: 'Object Repository/Login/button_Masuk' is clicked on

2023-10-05 13:22:36 - [TEST_STEP][PASSED] - verifyElementPresent(findTestObject("Login/li_Profile"), 0): Object 'Object Repository/Login/li_Profile' is present

2023-10-05 13:22:37 - [MESSAGE][WARNING] - Timeout '0' is invalid. Using default page load timeout: '30'

2023-10-05 13:22:37 - [MESSAGE][PASSED] - Object 'Object Repository/Login/li_Profile' is present

2023-10-05 13:22:37 - [MESSAGE][PASSED] - Call Test Case 'Test Cases/T13 Pembelian, Shipment dan Pembayaran/LU-001' successfully

2023-10-05 13:22:37 - [TEST_STEP][PASSED] - mouseOver(findTestObject("beli barang/i_Mulai Belanja_icon-menu")): Object: 'Object Repository/beli barang/i_Mulai Belanja_icon-menu' is hovered

2023-10-05 13:22:38 - [MESSAGE][PASSED] - Object: 'Object Repository/beli barang/i_Mulai Belanja_icon-menu' is hovered

2023-10-05 13:22:38 - [TEST_STEP][PASSED] - click(findTestObject("beli barang/a_Fashion  Busana Wanita")): Object: 'Object Repository/beli barang/a_Fashion  Busana Wanita' is clicked on

2023-10-05 13:22:39 - [MESSAGE][PASSED] - Object: 'Object Repository/beli barang/a_Fashion  Busana Wanita' is clicked on

2023-10-05 13:22:39 - [TEST_STEP][PASSED] - NamaSebelum = getText(findTestObject("verifikasi/Nama sebelum")): Text of object 'Object Repository/verifikasi/Nama sebelum' is: ''

2023-10-05 13:22:40 - [MESSAGE][PASSED] - Text of object 'Object Repository/verifikasi/Nama sebelum' is: ''

2023-10-05 13:22:40 - [TEST_STEP][PASSED] - HargaSebelum = getText(findTestObject("verifikasi/Harga sebelum")): Text of object 'Object Repository/verifikasi/Harga sebelum' is: 'Rp 1,299'

2023-10-05 13:22:40 - [MESSAGE][PASSED] - Text of object 'Object Repository/verifikasi/Harga sebelum' is: 'Rp 1,299'

2023-10-05 13:22:40 - [TEST_STEP][PASSED] - mouseOver(findTestObject("beli barang/barang mouse over")): Object: 'Object Repository/beli barang/barang mouse over' is hovered

2023-10-05 13:22:41 - [MESSAGE][PASSED] - Object: 'Object Repository/beli barang/barang mouse over' is hovered

2023-10-05 13:22:41 - [TEST_STEP][PASSED] - click(findTestObject("beli barang/buttom add to cart")): Object: 'Object Repository/beli barang/buttom add to cart' is clicked on

2023-10-05 13:22:42 - [MESSAGE][PASSED] - Object: 'Object Repository/beli barang/buttom add to cart' is clicked on

2023-10-05 13:22:42 - [TEST_STEP][PASSED] - NamaSesudah = getText(findTestObject("verifikasi/Nama sesudah")): Text of object 'Object Repository/verifikasi/Nama sesudah' is: 'Segitiga Instan Madeira - MDB5.3 Sunset'

2023-10-05 13:22:43 - [MESSAGE][PASSED] - Text of object 'Object Repository/verifikasi/Nama sesudah' is: 'Segitiga Instan Madeira - MDB5.3 Sunset'

2023-10-05 13:22:43 - [TEST_STEP][PASSED] - HargaSesudah = getText(findTestObject("verifikasi/Harga sesudah")): Text of object 'Object Repository/verifikasi/Harga sesudah' is: 'Rp 1,299'

2023-10-05 13:22:43 - [MESSAGE][PASSED] - Text of object 'Object Repository/verifikasi/Harga sesudah' is: 'Rp 1,299'

2023-10-05 13:22:43 - [TEST_STEP][PASSED] - assert NamaSesudah.contains(NamaSebelum): null

2023-10-05 13:22:43 - [TEST_STEP][PASSED] - assert HargaSesudah.contains(HargaSebelum): null

2023-10-05 13:22:43 - [TEST_STEP][PASSED] - click(findTestObject("beli barang/Tambah Keranjang busana wanita")): Object: 'Object Repository/beli barang/Tambah Keranjang busana wanita' is clicked on

2023-10-05 13:22:44 - [MESSAGE][PASSED] - Object: 'Object Repository/beli barang/Tambah Keranjang busana wanita' is clicked on

2023-10-05 13:22:44 - [TEST_STEP][PASSED] - verifyElementPresent(findTestObject("checkout/Notifikasi keranjang"), 1): Object 'Object Repository/checkout/Notifikasi keranjang' is present

2023-10-05 13:22:44 - [MESSAGE][PASSED] - Object 'Object Repository/checkout/Notifikasi keranjang' is present

2023-10-05 13:22:44 - [TEST_STEP][PASSED] - data = new java.util.HashMap(): null

2023-10-05 13:22:44 - [TEST_STEP][PASSED] - data.put("nama_barang", NamaSesudah): null

2023-10-05 13:22:44 - [TEST_STEP][PASSED] - data.put("price_barang", HargaSesudah): null

2023-10-05 13:22:44 - [TEST_STEP][PASSED] - return data: null

2023-10-05 13:22:44 - [MESSAGE][PASSED] - Call Test Case 'Test Cases/T13 Pembelian, Shipment dan Pembayaran/PBL-001' successfully

2023-10-05 13:22:44 - [TEST_STEP][PASSED] - mouseOver(findTestObject("beli barang/keranjang")): Object: 'Object Repository/beli barang/keranjang' is hovered

2023-10-05 13:22:45 - [MESSAGE][PASSED] - Object: 'Object Repository/beli barang/keranjang' is hovered

2023-10-05 13:22:45 - [TEST_STEP][PASSED] - click(findTestObject("beli barang/Lihat Sekarang")): Object: 'Object Repository/beli barang/Lihat Sekarang' is clicked on

2023-10-05 13:22:46 - [MESSAGE][PASSED] - Object: 'Object Repository/beli barang/Lihat Sekarang' is clicked on

2023-10-05 13:22:46 - [TEST_STEP][PASSED] - verifyElementPresent(findTestObject("keranjang/li_Keranjang Belanja"), 0): Object 'Object Repository/keranjang/li_Keranjang Belanja' is present

2023-10-05 13:22:46 - [MESSAGE][WARNING] - Timeout '0' is invalid. Using default page load timeout: '30'

2023-10-05 13:22:47 - [MESSAGE][PASSED] - Object 'Object Repository/keranjang/li_Keranjang Belanja' is present

2023-10-05 13:22:47 - [TEST_STEP][PASSED] - NamaKeranjang = getText(findTestObject("verifikasi/Nama keranjang")): Text of object 'Object Repository/verifikasi/Nama keranjang' is: 'Segitiga Instan Madeira - MDB5.3 Sunset'

2023-10-05 13:22:48 - [MESSAGE][PASSED] - Text of object 'Object Repository/verifikasi/Nama keranjang' is: 'Segitiga Instan Madeira - MDB5.3 Sunset'

2023-10-05 13:22:48 - [TEST_STEP][PASSED] - HargaKeranjang = getText(findTestObject("verifikasi/Harga Keranjang")): Text of object 'Object Repository/verifikasi/Harga Keranjang' is: 'Rp 1,299'

2023-10-05 13:22:48 - [MESSAGE][PASSED] - Text of object 'Object Repository/verifikasi/Harga Keranjang' is: 'Rp 1,299'

2023-10-05 13:22:48 - [TEST_STEP][PASSED] - if (toString().equalsIgnoreCase("Merah")): Object 'Object Repository/keranjang/input_Warna_variasi101' is checked

2023-10-05 13:22:48 - [TEST_STEP][PASSED] - check(findTestObject("Object Repository/keranjang/input_Warna_variasi101")): Object 'Object Repository/keranjang/input_Warna_variasi101' is checked

2023-10-05 13:22:49 - [MESSAGE][PASSED] - Object 'Object Repository/keranjang/input_Warna_variasi101' is checked

2023-10-05 13:22:49 - [TEST_STEP][PASSED] - if (toString().equalsIgnoreCase("Menengah")): Object 'Object Repository/keranjang/input_Ukuran_variasi201' is checked

2023-10-05 13:22:49 - [TEST_STEP][PASSED] - check(findTestObject("Object Repository/keranjang/input_Ukuran_variasi201")): Object 'Object Repository/keranjang/input_Ukuran_variasi201' is checked

2023-10-05 13:22:49 - [MESSAGE][PASSED] - Object 'Object Repository/keranjang/input_Ukuran_variasi201' is checked

2023-10-05 13:22:49 - [TEST_STEP][PASSED] - data.put("Warna", warna): null

2023-10-05 13:22:49 - [TEST_STEP][PASSED] - data.put("Ukuran", ukuran): null

2023-10-05 13:22:49 - [TEST_STEP][PASSED] - click(findTestObject("keranjang/button_Lanjut ke Pembayaran")): Object: 'Object Repository/keranjang/button_Lanjut ke Pembayaran' is clicked on

2023-10-05 13:22:51 - [MESSAGE][PASSED] - Object: 'Object Repository/keranjang/button_Lanjut ke Pembayaran' is clicked on

2023-10-05 13:22:51 - [TEST_STEP][PASSED] - verifyElementPresent(findTestObject("checkout/Tittle Checkout Order"), 0): Object 'Object Repository/checkout/Tittle Checkout Order' is present

2023-10-05 13:22:51 - [MESSAGE][WARNING] - Timeout '0' is invalid. Using default page load timeout: '30'

2023-10-05 13:22:51 - [MESSAGE][PASSED] - Object 'Object Repository/checkout/Tittle Checkout Order' is present

2023-10-05 13:22:51 - [TEST_STEP][PASSED] - name_product = data.get("nama_barang"): null

2023-10-05 13:22:51 - [TEST_STEP][PASSED] - price_product = data.get("price_barang"): null

2023-10-05 13:22:51 - [TEST_STEP][PASSED] - assert name_product == NamaKeranjang: null

2023-10-05 13:22:51 - [TEST_STEP][PASSED] - assert price_product == HargaKeranjang: null

2023-10-05 13:22:51 - [TEST_STEP][PASSED] - return data: null

2023-10-05 13:22:51 - [MESSAGE][PASSED] - Call Test Case 'Test Cases/T13 Pembelian, Shipment dan Pembayaran/PBL-002' successfully

2023-10-05 13:22:51 - [TEST_STEP][PASSED] - warnaa = getText(findTestObject("verifikasi/warna Merah")): Text of object 'Object Repository/verifikasi/warna Merah' is: 'Merah'

2023-10-05 13:22:52 - [MESSAGE][PASSED] - Text of object 'Object Repository/verifikasi/warna Merah' is: 'Merah'

2023-10-05 13:22:52 - [TEST_STEP][PASSED] - ukurann = getText(findTestObject("verifikasi/Ukuran Menengah")): Text of object 'Object Repository/verifikasi/Ukuran Menengah' is: 'Menengah'

2023-10-05 13:22:52 - [MESSAGE][PASSED] - Text of object 'Object Repository/verifikasi/Ukuran Menengah' is: 'Menengah'

2023-10-05 13:22:52 - [TEST_STEP][PASSED] - warna1 = data.get("Warna"): null

2023-10-05 13:22:52 - [TEST_STEP][PASSED] - ukuran1 = data.get("Ukuran"): null

2023-10-05 13:22:52 - [TEST_STEP][PASSED] - assert warnaa == warna1: null

2023-10-05 13:22:52 - [TEST_STEP][PASSED] - assert ukurann == ukuran1: null

2023-10-05 13:22:52 - [TEST_STEP][PASSED] - NamaCheckout = getText(findTestObject("verifikasi/NamaCheckout")): Text of object 'Object Repository/verifikasi/NamaCheckout' is: ''

2023-10-05 13:22:53 - [MESSAGE][PASSED] - Text of object 'Object Repository/verifikasi/NamaCheckout' is: ''

2023-10-05 13:22:53 - [TEST_STEP][PASSED] - HargaCheckout = getText(findTestObject("verifikasi/HargaCheckout")): Text of object 'Object Repository/verifikasi/HargaCheckout' is: '1,299'

2023-10-05 13:22:53 - [MESSAGE][PASSED] - Text of object 'Object Repository/verifikasi/HargaCheckout' is: '1,299'

2023-10-05 13:22:53 - [TEST_STEP][PASSED] - name_product = data.get("nama_barang"): null

2023-10-05 13:22:53 - [TEST_STEP][PASSED] - price_product = data.get("price_barang"): null

2023-10-05 13:22:53 - [TEST_STEP][PASSED] - assert name_product.contains(NamaCheckout): null

2023-10-05 13:22:53 - [TEST_STEP][PASSED] - assert price_product.contains(HargaCheckout): null

2023-10-05 13:22:53 - [TEST_STEP][PASSED] - selectOptionByLabel(findTestObject("checkout/select - Kirim via Kurir Lokal"), Kurir, false): All options with label 'Roda 2' are selected in object 'Object Repository/checkout/select - Kirim via Kurir Lokal' 

2023-10-05 13:22:54 - [MESSAGE][PASSED] - All options with label 'Roda 2' are selected in object 'Object Repository/checkout/select - Kirim via Kurir Lokal' 

2023-10-05 13:22:54 - [TEST_STEP][PASSED] - click(findTestObject("checkout/Kendaraan Kurir")): Object: 'Object Repository/checkout/Kendaraan Kurir' is clicked on

2023-10-05 13:22:54 - [MESSAGE][PASSED] - Object: 'Object Repository/checkout/Kendaraan Kurir' is clicked on

2023-10-05 13:22:54 - [TEST_STEP][PASSED] - OngkosKirim = getText(findTestObject("Object Repository/verifikasi/Ongkos Kirim checkout")): Text of object 'Object Repository/verifikasi/Ongkos Kirim checkout' is: 'Rp. 5,000'

2023-10-05 13:22:55 - [MESSAGE][PASSED] - Text of object 'Object Repository/verifikasi/Ongkos Kirim checkout' is: 'Rp. 5,000'

2023-10-05 13:22:55 - [TEST_STEP][PASSED] - Ongkos = OngkosKirim.substring(3, OngkosKirim.size()): null

2023-10-05 13:22:55 - [TEST_STEP][PASSED] - rep = Ongkos.replace(",", "."): null

2023-10-05 13:22:55 - [TEST_STEP][PASSED] - Ongkos_kirim = Double.parseDouble(rep): null

2023-10-05 13:22:55 - [TEST_STEP][PASSED] - println(Ongkos_kirim): null

2023-10-05 13:22:55 - [TEST_STEP][PASSED] - FeeAdmin = getText(findTestObject("verifikasi/Fee Admin checkout")): Text of object 'Object Repository/verifikasi/Fee Admin checkout' is: 'Fee Admin
Rp 1,500'

2023-10-05 13:22:55 - [MESSAGE][PASSED] - Text of object 'Object Repository/verifikasi/Fee Admin checkout' is: 'Fee Admin
Rp 1,500'

2023-10-05 13:22:55 - [TEST_STEP][PASSED] - Fee_Admin = FeeAdmin.substring(12, FeeAdmin.size()): null

2023-10-05 13:22:55 - [TEST_STEP][PASSED] - fee = Fee_Admin.replace(",", "."): null

2023-10-05 13:22:55 - [TEST_STEP][PASSED] - fee_admin = Double.parseDouble(fee): null

2023-10-05 13:22:55 - [TEST_STEP][PASSED] - println(fee_admin): null

2023-10-05 13:22:55 - [TEST_STEP][PASSED] - Subtotal = getText(findTestObject("verifikasi/subtotal checkout")): Text of object 'Object Repository/verifikasi/subtotal checkout' is: 'Subtotal
Rp 1,299'

2023-10-05 13:22:56 - [MESSAGE][PASSED] - Text of object 'Object Repository/verifikasi/subtotal checkout' is: 'Subtotal
Rp 1,299'

2023-10-05 13:22:56 - [TEST_STEP][PASSED] - sub_total = Subtotal.substring(12, Subtotal.size()): null

2023-10-05 13:22:56 - [TEST_STEP][PASSED] - sub = sub_total.replace(",", "."): null

2023-10-05 13:22:56 - [TEST_STEP][PASSED] - sub_total = Double.parseDouble(sub): null

2023-10-05 13:22:56 - [TEST_STEP][PASSED] - println(sub_total): null

2023-10-05 13:22:56 - [TEST_STEP][PASSED] - Total = getText(findTestObject("verifikasi/Total checkout")): Text of object 'Object Repository/verifikasi/Total checkout' is: 'Rp 7,799'

2023-10-05 13:22:56 - [MESSAGE][PASSED] - Text of object 'Object Repository/verifikasi/Total checkout' is: 'Rp 7,799'

2023-10-05 13:22:56 - [TEST_STEP][PASSED] - totall = Total.substring(3, Total.size()): null

2023-10-05 13:22:56 - [TEST_STEP][PASSED] - total = totall.replace(",", "."): null

2023-10-05 13:22:56 - [TEST_STEP][PASSED] - totall = Double.parseDouble(total): null

2023-10-05 13:22:56 - [TEST_STEP][PASSED] - println(totall): null

2023-10-05 13:22:56 - [TEST_STEP][PASSED] - Total_Harga = Ongkos_kirim + fee_admin + sub_total: null

2023-10-05 13:22:56 - [TEST_STEP][PASSED] - println(Total_Harga): null

2023-10-05 13:22:56 - [TEST_STEP][PASSED] - TotalHarga = Math.round(Total_Harga * 1000) / 1000: null

2023-10-05 13:22:56 - [TEST_STEP][PASSED] - println(TotalHarga): null

2023-10-05 13:22:56 - [TEST_STEP][PASSED] - assert totall == TotalHarga: null

2023-10-05 13:22:56 - [TEST_STEP][PASSED] - click(findTestObject("verifikasi/Metode Transfer")): Object: 'Object Repository/verifikasi/Metode Transfer' is clicked on

2023-10-05 13:22:57 - [MESSAGE][PASSED] - Object: 'Object Repository/verifikasi/Metode Transfer' is clicked on

2023-10-05 13:22:57 - [TEST_STEP][PASSED] - click(findTestObject("checkout/button_Proses Pembayaran")): Object: 'Object Repository/checkout/button_Proses Pembayaran' is clicked on

2023-10-05 13:23:05 - [MESSAGE][PASSED] - Object: 'Object Repository/checkout/button_Proses Pembayaran' is clicked on

2023-10-05 13:23:05 - [TEST_STEP][PASSED] - verifyElementPresent(findTestObject("pembayaran/Tittle nomor invoice"), 0): Object 'Object Repository/pembayaran/Tittle nomor invoice' is present

2023-10-05 13:23:05 - [MESSAGE][WARNING] - Timeout '0' is invalid. Using default page load timeout: '30'

2023-10-05 13:23:06 - [MESSAGE][PASSED] - Object 'Object Repository/pembayaran/Tittle nomor invoice' is present

2023-10-05 13:23:06 - [TEST_STEP][PASSED] - return data: null

2023-10-05 13:23:06 - [MESSAGE][PASSED] - Call Test Case 'Test Cases/T13 Pembelian, Shipment dan Pembayaran/PBL-004' successfully

2023-10-05 13:23:06 - [TEST_STEP][PASSED] - Invoice = getText(findTestObject("pembayaran/nomor invoice")): Text of object 'Object Repository/pembayaran/nomor invoice' is: 'TRX60.20231005132301'

2023-10-05 13:23:07 - [MESSAGE][PASSED] - Text of object 'Object Repository/pembayaran/nomor invoice' is: 'TRX60.20231005132301'

2023-10-05 13:23:07 - [TEST_STEP][PASSED] - data.put("invoice", Invoice): null

2023-10-05 13:23:07 - [TEST_STEP][PASSED] - NamaPemesan = getText(findTestObject("Konfirmasi pesanan shop/Nama pemesan")): Text of object 'Object Repository/Konfirmasi pesanan shop/Nama pemesan' is: 'irfan.afandi'

2023-10-05 13:23:07 - [MESSAGE][PASSED] - Text of object 'Object Repository/Konfirmasi pesanan shop/Nama pemesan' is: 'irfan.afandi'

2023-10-05 13:23:07 - [TEST_STEP][PASSED] - Nama = getText(findTestObject("pembayaran/Nama barang")): Text of object 'Object Repository/pembayaran/Nama barang' is: 'Segitiga Instan Madeira - MDB5.3 Sunset'

2023-10-05 13:23:08 - [MESSAGE][PASSED] - Text of object 'Object Repository/pembayaran/Nama barang' is: 'Segitiga Instan Madeira - MDB5.3 Sunset'

2023-10-05 13:23:08 - [TEST_STEP][PASSED] - Harga = getText(findTestObject("pembayaran/Harga barang")): Text of object 'Object Repository/pembayaran/Harga barang' is: '1,299'

2023-10-05 13:23:08 - [MESSAGE][PASSED] - Text of object 'Object Repository/pembayaran/Harga barang' is: '1,299'

2023-10-05 13:23:08 - [TEST_STEP][PASSED] - name_product = data.get("nama_barang"): null

2023-10-05 13:23:08 - [TEST_STEP][PASSED] - price_product = data.get("price_barang"): null

2023-10-05 13:23:08 - [TEST_STEP][PASSED] - assert name_product.contains(Nama): null

2023-10-05 13:23:08 - [TEST_STEP][PASSED] - assert price_product.contains(Harga): null

2023-10-05 13:23:08 - [TEST_STEP][PASSED] - warnaa = getText(findTestObject("pembayaran/warna")): Text of object 'Object Repository/pembayaran/warna' is: 'Merah'

2023-10-05 13:23:09 - [MESSAGE][PASSED] - Text of object 'Object Repository/pembayaran/warna' is: 'Merah'

2023-10-05 13:23:09 - [TEST_STEP][PASSED] - ukurann = getText(findTestObject("pembayaran/ukuran")): Text of object 'Object Repository/pembayaran/ukuran' is: 'Menengah'

2023-10-05 13:23:09 - [MESSAGE][PASSED] - Text of object 'Object Repository/pembayaran/ukuran' is: 'Menengah'

2023-10-05 13:23:09 - [TEST_STEP][PASSED] - warna1 = data.get("Warna"): null

2023-10-05 13:23:09 - [TEST_STEP][PASSED] - ukuran1 = data.get("Ukuran"): null

2023-10-05 13:23:09 - [TEST_STEP][PASSED] - assert warnaa == warna1: null

2023-10-05 13:23:09 - [TEST_STEP][PASSED] - assert ukurann == ukuran1: null

2023-10-05 13:23:09 - [TEST_STEP][PASSED] - statusPembelian = getText(findTestObject("verifikasi/Status pending di pembelian")): Text of object 'Object Repository/verifikasi/Status pending di pembelian' is: 'Pending'

2023-10-05 13:23:10 - [MESSAGE][PASSED] - Text of object 'Object Repository/verifikasi/Status pending di pembelian' is: 'Pending'

2023-10-05 13:23:10 - [TEST_STEP][PASSED] - data.put("statusPem", statusPembelian): null

2023-10-05 13:23:10 - [TEST_STEP][PASSED] - OngkosKirim = getText(findTestObject("pembayaran/ongkos kirim")): Text of object 'Object Repository/pembayaran/ongkos kirim' is: 'Rp 5,000'

2023-10-05 13:23:10 - [MESSAGE][PASSED] - Text of object 'Object Repository/pembayaran/ongkos kirim' is: 'Rp 5,000'

2023-10-05 13:23:10 - [TEST_STEP][PASSED] - Ongkos = OngkosKirim.substring(3, OngkosKirim.size()): null

2023-10-05 13:23:10 - [TEST_STEP][PASSED] - rep = Ongkos.replace(",", ""): null

2023-10-05 13:23:10 - [TEST_STEP][PASSED] - Ongkos_kirimm = Integer.parseInt(rep): null

2023-10-05 13:23:10 - [TEST_STEP][PASSED] - println(Ongkos_kirimm): null

2023-10-05 13:23:10 - [TEST_STEP][PASSED] - FeeAdmin = getText(findTestObject("pembayaran/fee admin")): Text of object 'Object Repository/pembayaran/fee admin' is: 'Rp 1,500'

2023-10-05 13:23:11 - [MESSAGE][PASSED] - Text of object 'Object Repository/pembayaran/fee admin' is: 'Rp 1,500'

2023-10-05 13:23:11 - [TEST_STEP][PASSED] - Fee_Admin = FeeAdmin.substring(3, FeeAdmin.size()): null

2023-10-05 13:23:11 - [TEST_STEP][PASSED] - fee = Fee_Admin.replace(",", ""): null

2023-10-05 13:23:11 - [TEST_STEP][PASSED] - fee_adminn = Integer.parseInt(fee): null

2023-10-05 13:23:11 - [TEST_STEP][PASSED] - println(fee_adminn): null

2023-10-05 13:23:11 - [TEST_STEP][PASSED] - Subtotal = getText(findTestObject("pembayaran/subtotal")): Text of object 'Object Repository/pembayaran/subtotal' is: 'Rp 1,299'

2023-10-05 13:23:11 - [MESSAGE][PASSED] - Text of object 'Object Repository/pembayaran/subtotal' is: 'Rp 1,299'

2023-10-05 13:23:11 - [TEST_STEP][PASSED] - sub_total = Subtotal.substring(3, Subtotal.size()): null

2023-10-05 13:23:11 - [TEST_STEP][PASSED] - sub = sub_total.replace(",", ""): null

2023-10-05 13:23:11 - [TEST_STEP][PASSED] - sub_totall = Integer.parseInt(sub): null

2023-10-05 13:23:11 - [TEST_STEP][PASSED] - println(sub_totall): null

2023-10-05 13:23:11 - [TEST_STEP][PASSED] - unik = getText(findTestObject("pembayaran/kode unik")): Text of object 'Object Repository/pembayaran/kode unik' is: '+301'

2023-10-05 13:23:12 - [MESSAGE][PASSED] - Text of object 'Object Repository/pembayaran/kode unik' is: '+301'

2023-10-05 13:23:12 - [TEST_STEP][PASSED] - unikk = unik.replace("+", ""): null

2023-10-05 13:23:12 - [TEST_STEP][PASSED] - kode_unik = Integer.parseInt(unikk): null

2023-10-05 13:23:12 - [TEST_STEP][PASSED] - println(kode_unik): null

2023-10-05 13:23:12 - [TEST_STEP][PASSED] - Total = getText(findTestObject("pembayaran/total")): Text of object 'Object Repository/pembayaran/total' is: '8,100'

2023-10-05 13:23:12 - [MESSAGE][PASSED] - Text of object 'Object Repository/pembayaran/total' is: '8,100'

2023-10-05 13:23:12 - [TEST_STEP][PASSED] - total = Total.replace(",", ""): null

2023-10-05 13:23:12 - [TEST_STEP][PASSED] - totalll = Integer.parseInt(total): null

2023-10-05 13:23:12 - [TEST_STEP][PASSED] - println(totalll): null

2023-10-05 13:23:12 - [TEST_STEP][PASSED] - Total_Hargaa = Ongkos_kirimm + fee_adminn + sub_totall + kode_unik: null

2023-10-05 13:23:12 - [TEST_STEP][PASSED] - println(Total_Hargaa): null

2023-10-05 13:23:12 - [TEST_STEP][PASSED] - assert totalll == Total_Hargaa: null

2023-10-05 13:23:12 - [TEST_STEP][PASSED] - data.put("total", Total): null

2023-10-05 13:23:12 - [TEST_STEP][PASSED] - data.put("nama", NamaPemesan): null

2023-10-05 13:23:12 - [TEST_STEP][PASSED] - return data: null]]></system-out>
         <system-err><![CDATA[]]></system-err>
      </testcase>
      <testcase name="Test Cases/T13 Pembelian, Shipment dan Pembayaran/PBY-002" time="46.076" classname="Test Cases/T13 Pembelian, Shipment dan Pembayaran/PBY-002" status="PASSED">
         <system-out><![CDATA[2023-10-05 13:23:12 - [TEST_CASE][PASSED] - Test Cases/T13 Pembelian, Shipment dan Pembayaran/PBY-002: Test Cases/T13 Pembelian, Shipment dan Pembayaran/PBY-002

2023-10-05 13:23:13 - [TEST_STEP][PASSED] - data = callTestCase(findTestCase("T13 Pembelian, Shipment dan Pembayaran/PBL-005"), ["Kurir":"Roda 2", "tf":"transfer"], STOP_ON_FAILURE): Call Test Case 'Test Cases/T13 Pembelian, Shipment dan Pembayaran/PBL-005' successfully

2023-10-05 13:23:13 - [TEST_CASE][PASSED] - Test Cases/T13 Pembelian, Shipment dan Pembayaran/PBL-005: Test Cases/T13 Pembelian, Shipment dan Pembayaran/PBL-005

2023-10-05 13:23:13 - [TEST_STEP][PASSED] - data = callTestCase(findTestCase("T13 Pembelian, Shipment dan Pembayaran/PBL-002"), [:], STOP_ON_FAILURE): Call Test Case 'Test Cases/T13 Pembelian, Shipment dan Pembayaran/PBL-002' successfully

2023-10-05 13:23:13 - [TEST_CASE][PASSED] - Test Cases/T13 Pembelian, Shipment dan Pembayaran/PBL-002: Test Cases/T13 Pembelian, Shipment dan Pembayaran/PBL-002

2023-10-05 13:23:13 - [TEST_STEP][PASSED] - data = callTestCase(findTestCase("T13 Pembelian, Shipment dan Pembayaran/PBL-001"), [:], STOP_ON_FAILURE): Call Test Case 'Test Cases/T13 Pembelian, Shipment dan Pembayaran/PBL-001' successfully

2023-10-05 13:23:13 - [TEST_CASE][PASSED] - Test Cases/T13 Pembelian, Shipment dan Pembayaran/PBL-001: Test Cases/T13 Pembelian, Shipment dan Pembayaran/PBL-001

2023-10-05 13:23:13 - [TEST_STEP][PASSED] - callTestCase(findTestCase("T13 Pembelian, Shipment dan Pembayaran/LU-001"), ["username":"irfanafandi", "password":"12345irfan"], STOP_ON_FAILURE): Call Test Case 'Test Cases/T13 Pembelian, Shipment dan Pembayaran/LU-001' successfully

2023-10-05 13:23:13 - [TEST_CASE][PASSED] - Test Cases/T13 Pembelian, Shipment dan Pembayaran/LU-001: Test Cases/T13 Pembelian, Shipment dan Pembayaran/LU-001

2023-10-05 13:23:13 - [TEST_STEP][PASSED] - openBrowser("https://10.9.2.63/ecommerce/"): Browser is opened with url: 'https://10.9.2.63/ecommerce/'

2023-10-05 13:23:13 - [MESSAGE][WARNING] - A browser is already opened. Closing browser and opening a new one

2023-10-05 13:23:14 - [MESSAGE][INFO] - Starting 'Edge Chromium' driver

2023-10-05 13:23:14 - [MESSAGE][INFO] - User set preference: ['acceptInsecureCerts', 'true']

2023-10-05 13:23:16 - [MESSAGE][INFO] - Action delay is set to 0 milliseconds

2023-10-05 13:23:19 - [MESSAGE][PASSED] - Browser is opened with url: 'https://10.9.2.63/ecommerce/'

2023-10-05 13:23:19 - [TEST_STEP][PASSED] - maximizeWindow(): Current window maximized

2023-10-05 13:23:19 - [MESSAGE][PASSED] - Current window maximized

2023-10-05 13:23:19 - [TEST_STEP][PASSED] - verifyElementPresent(findTestObject("Login/Home"), 0): Object 'Object Repository/Login/Home' is present

2023-10-05 13:23:19 - [MESSAGE][WARNING] - Timeout '0' is invalid. Using default page load timeout: '30'

2023-10-05 13:23:20 - [MESSAGE][PASSED] - Object 'Object Repository/Login/Home' is present

2023-10-05 13:23:20 - [TEST_STEP][PASSED] - click(findTestObject("Login/a_Login")): Object: 'Object Repository/Login/a_Login' is clicked on

2023-10-05 13:23:21 - [MESSAGE][PASSED] - Object: 'Object Repository/Login/a_Login' is clicked on

2023-10-05 13:23:21 - [TEST_STEP][PASSED] - verifyElementPresent(findTestObject("Login/Tittle Login"), 0): Object 'Object Repository/Login/Tittle Login' is present

2023-10-05 13:23:21 - [MESSAGE][WARNING] - Timeout '0' is invalid. Using default page load timeout: '30'

2023-10-05 13:23:21 - [MESSAGE][PASSED] - Object 'Object Repository/Login/Tittle Login' is present

2023-10-05 13:23:21 - [TEST_STEP][PASSED] - setText(findTestObject("Login/input_Username, Email atau No. Handphone_a"), username): Text 'irfanafandi' is set on object 'Object Repository/Login/input_Username, Email atau No. Handphone_a'

2023-10-05 13:23:22 - [MESSAGE][PASSED] - Text 'irfanafandi' is set on object 'Object Repository/Login/input_Username, Email atau No. Handphone_a'

2023-10-05 13:23:22 - [TEST_STEP][PASSED] - setText(findTestObject("Login/input_Password_b"), password): Text '12345irfan' is set on object 'Object Repository/Login/input_Password_b'

2023-10-05 13:23:23 - [MESSAGE][PASSED] - Text '12345irfan' is set on object 'Object Repository/Login/input_Password_b'

2023-10-05 13:23:23 - [TEST_STEP][PASSED] - click(findTestObject("Login/label_Ingat saya")): Object: 'Object Repository/Login/label_Ingat saya' is clicked on

2023-10-05 13:23:23 - [MESSAGE][PASSED] - Object: 'Object Repository/Login/label_Ingat saya' is clicked on

2023-10-05 13:23:23 - [TEST_STEP][PASSED] - click(findTestObject("Login/button_Masuk")): Object: 'Object Repository/Login/button_Masuk' is clicked on

2023-10-05 13:23:25 - [MESSAGE][PASSED] - Object: 'Object Repository/Login/button_Masuk' is clicked on

2023-10-05 13:23:25 - [TEST_STEP][PASSED] - verifyElementPresent(findTestObject("Login/li_Profile"), 0): Object 'Object Repository/Login/li_Profile' is present

2023-10-05 13:23:25 - [MESSAGE][WARNING] - Timeout '0' is invalid. Using default page load timeout: '30'

2023-10-05 13:23:26 - [MESSAGE][PASSED] - Object 'Object Repository/Login/li_Profile' is present

2023-10-05 13:23:26 - [MESSAGE][PASSED] - Call Test Case 'Test Cases/T13 Pembelian, Shipment dan Pembayaran/LU-001' successfully

2023-10-05 13:23:26 - [TEST_STEP][PASSED] - mouseOver(findTestObject("beli barang/i_Mulai Belanja_icon-menu")): Object: 'Object Repository/beli barang/i_Mulai Belanja_icon-menu' is hovered

2023-10-05 13:23:26 - [MESSAGE][PASSED] - Object: 'Object Repository/beli barang/i_Mulai Belanja_icon-menu' is hovered

2023-10-05 13:23:26 - [TEST_STEP][PASSED] - click(findTestObject("beli barang/a_Fashion  Busana Wanita")): Object: 'Object Repository/beli barang/a_Fashion  Busana Wanita' is clicked on

2023-10-05 13:23:27 - [MESSAGE][PASSED] - Object: 'Object Repository/beli barang/a_Fashion  Busana Wanita' is clicked on

2023-10-05 13:23:27 - [TEST_STEP][PASSED] - NamaSebelum = getText(findTestObject("verifikasi/Nama sebelum")): Text of object 'Object Repository/verifikasi/Nama sebelum' is: ''

2023-10-05 13:23:28 - [MESSAGE][PASSED] - Text of object 'Object Repository/verifikasi/Nama sebelum' is: ''

2023-10-05 13:23:28 - [TEST_STEP][PASSED] - HargaSebelum = getText(findTestObject("verifikasi/Harga sebelum")): Text of object 'Object Repository/verifikasi/Harga sebelum' is: 'Rp 1,299'

2023-10-05 13:23:28 - [MESSAGE][PASSED] - Text of object 'Object Repository/verifikasi/Harga sebelum' is: 'Rp 1,299'

2023-10-05 13:23:28 - [TEST_STEP][PASSED] - mouseOver(findTestObject("beli barang/barang mouse over")): Object: 'Object Repository/beli barang/barang mouse over' is hovered

2023-10-05 13:23:29 - [MESSAGE][PASSED] - Object: 'Object Repository/beli barang/barang mouse over' is hovered

2023-10-05 13:23:29 - [TEST_STEP][PASSED] - click(findTestObject("beli barang/buttom add to cart")): Object: 'Object Repository/beli barang/buttom add to cart' is clicked on

2023-10-05 13:23:31 - [MESSAGE][PASSED] - Object: 'Object Repository/beli barang/buttom add to cart' is clicked on

2023-10-05 13:23:31 - [TEST_STEP][PASSED] - NamaSesudah = getText(findTestObject("verifikasi/Nama sesudah")): Text of object 'Object Repository/verifikasi/Nama sesudah' is: 'Segitiga Instan Madeira - MDB5.3 Sunset'

2023-10-05 13:23:31 - [MESSAGE][PASSED] - Text of object 'Object Repository/verifikasi/Nama sesudah' is: 'Segitiga Instan Madeira - MDB5.3 Sunset'

2023-10-05 13:23:31 - [TEST_STEP][PASSED] - HargaSesudah = getText(findTestObject("verifikasi/Harga sesudah")): Text of object 'Object Repository/verifikasi/Harga sesudah' is: 'Rp 1,299'

2023-10-05 13:23:32 - [MESSAGE][PASSED] - Text of object 'Object Repository/verifikasi/Harga sesudah' is: 'Rp 1,299'

2023-10-05 13:23:32 - [TEST_STEP][PASSED] - assert NamaSesudah.contains(NamaSebelum): null

2023-10-05 13:23:32 - [TEST_STEP][PASSED] - assert HargaSesudah.contains(HargaSebelum): null

2023-10-05 13:23:32 - [TEST_STEP][PASSED] - click(findTestObject("beli barang/Tambah Keranjang busana wanita")): Object: 'Object Repository/beli barang/Tambah Keranjang busana wanita' is clicked on

2023-10-05 13:23:32 - [MESSAGE][PASSED] - Object: 'Object Repository/beli barang/Tambah Keranjang busana wanita' is clicked on

2023-10-05 13:23:32 - [TEST_STEP][PASSED] - verifyElementPresent(findTestObject("checkout/Notifikasi keranjang"), 1): Object 'Object Repository/checkout/Notifikasi keranjang' is present

2023-10-05 13:23:33 - [MESSAGE][PASSED] - Object 'Object Repository/checkout/Notifikasi keranjang' is present

2023-10-05 13:23:33 - [TEST_STEP][PASSED] - data = new java.util.HashMap(): null

2023-10-05 13:23:33 - [TEST_STEP][PASSED] - data.put("nama_barang", NamaSesudah): null

2023-10-05 13:23:33 - [TEST_STEP][PASSED] - data.put("price_barang", HargaSesudah): null

2023-10-05 13:23:33 - [TEST_STEP][PASSED] - return data: null

2023-10-05 13:23:33 - [MESSAGE][PASSED] - Call Test Case 'Test Cases/T13 Pembelian, Shipment dan Pembayaran/PBL-001' successfully

2023-10-05 13:23:33 - [TEST_STEP][PASSED] - mouseOver(findTestObject("beli barang/keranjang")): Object: 'Object Repository/beli barang/keranjang' is hovered

2023-10-05 13:23:34 - [MESSAGE][PASSED] - Object: 'Object Repository/beli barang/keranjang' is hovered

2023-10-05 13:23:34 - [TEST_STEP][PASSED] - click(findTestObject("beli barang/Lihat Sekarang")): Object: 'Object Repository/beli barang/Lihat Sekarang' is clicked on

2023-10-05 13:23:34 - [MESSAGE][PASSED] - Object: 'Object Repository/beli barang/Lihat Sekarang' is clicked on

2023-10-05 13:23:34 - [TEST_STEP][PASSED] - verifyElementPresent(findTestObject("keranjang/li_Keranjang Belanja"), 0): Object 'Object Repository/keranjang/li_Keranjang Belanja' is present

2023-10-05 13:23:35 - [MESSAGE][WARNING] - Timeout '0' is invalid. Using default page load timeout: '30'

2023-10-05 13:23:36 - [MESSAGE][PASSED] - Object 'Object Repository/keranjang/li_Keranjang Belanja' is present

2023-10-05 13:23:36 - [TEST_STEP][PASSED] - NamaKeranjang = getText(findTestObject("verifikasi/Nama keranjang")): Text of object 'Object Repository/verifikasi/Nama keranjang' is: 'Segitiga Instan Madeira - MDB5.3 Sunset'

2023-10-05 13:23:36 - [MESSAGE][PASSED] - Text of object 'Object Repository/verifikasi/Nama keranjang' is: 'Segitiga Instan Madeira - MDB5.3 Sunset'

2023-10-05 13:23:36 - [TEST_STEP][PASSED] - HargaKeranjang = getText(findTestObject("verifikasi/Harga Keranjang")): Text of object 'Object Repository/verifikasi/Harga Keranjang' is: 'Rp 1,299'

2023-10-05 13:23:37 - [MESSAGE][PASSED] - Text of object 'Object Repository/verifikasi/Harga Keranjang' is: 'Rp 1,299'

2023-10-05 13:23:37 - [TEST_STEP][PASSED] - if (toString().equalsIgnoreCase("Merah")): Object 'Object Repository/keranjang/input_Warna_variasi101' is checked

2023-10-05 13:23:37 - [TEST_STEP][PASSED] - check(findTestObject("Object Repository/keranjang/input_Warna_variasi101")): Object 'Object Repository/keranjang/input_Warna_variasi101' is checked

2023-10-05 13:23:37 - [MESSAGE][PASSED] - Object 'Object Repository/keranjang/input_Warna_variasi101' is checked

2023-10-05 13:23:37 - [TEST_STEP][PASSED] - if (toString().equalsIgnoreCase("Menengah")): Object 'Object Repository/keranjang/input_Ukuran_variasi201' is checked

2023-10-05 13:23:37 - [TEST_STEP][PASSED] - check(findTestObject("Object Repository/keranjang/input_Ukuran_variasi201")): Object 'Object Repository/keranjang/input_Ukuran_variasi201' is checked

2023-10-05 13:23:37 - [MESSAGE][PASSED] - Object 'Object Repository/keranjang/input_Ukuran_variasi201' is checked

2023-10-05 13:23:37 - [TEST_STEP][PASSED] - data.put("Warna", warna): null

2023-10-05 13:23:37 - [TEST_STEP][PASSED] - data.put("Ukuran", ukuran): null

2023-10-05 13:23:37 - [TEST_STEP][PASSED] - click(findTestObject("keranjang/button_Lanjut ke Pembayaran")): Object: 'Object Repository/keranjang/button_Lanjut ke Pembayaran' is clicked on

2023-10-05 13:23:39 - [MESSAGE][PASSED] - Object: 'Object Repository/keranjang/button_Lanjut ke Pembayaran' is clicked on

2023-10-05 13:23:39 - [TEST_STEP][PASSED] - verifyElementPresent(findTestObject("checkout/Tittle Checkout Order"), 0): Object 'Object Repository/checkout/Tittle Checkout Order' is present

2023-10-05 13:23:39 - [MESSAGE][WARNING] - Timeout '0' is invalid. Using default page load timeout: '30'

2023-10-05 13:23:39 - [MESSAGE][PASSED] - Object 'Object Repository/checkout/Tittle Checkout Order' is present

2023-10-05 13:23:39 - [TEST_STEP][PASSED] - name_product = data.get("nama_barang"): null

2023-10-05 13:23:39 - [TEST_STEP][PASSED] - price_product = data.get("price_barang"): null

2023-10-05 13:23:39 - [TEST_STEP][PASSED] - assert name_product == NamaKeranjang: null

2023-10-05 13:23:39 - [TEST_STEP][PASSED] - assert price_product == HargaKeranjang: null

2023-10-05 13:23:39 - [TEST_STEP][PASSED] - return data: null

2023-10-05 13:23:39 - [MESSAGE][PASSED] - Call Test Case 'Test Cases/T13 Pembelian, Shipment dan Pembayaran/PBL-002' successfully

2023-10-05 13:23:39 - [TEST_STEP][PASSED] - warnaa = getText(findTestObject("verifikasi/warna Merah")): Text of object 'Object Repository/verifikasi/warna Merah' is: 'Merah'

2023-10-05 13:23:40 - [MESSAGE][PASSED] - Text of object 'Object Repository/verifikasi/warna Merah' is: 'Merah'

2023-10-05 13:23:40 - [TEST_STEP][PASSED] - ukurann = getText(findTestObject("verifikasi/Ukuran Menengah")): Text of object 'Object Repository/verifikasi/Ukuran Menengah' is: 'Menengah'

2023-10-05 13:23:40 - [MESSAGE][PASSED] - Text of object 'Object Repository/verifikasi/Ukuran Menengah' is: 'Menengah'

2023-10-05 13:23:40 - [TEST_STEP][PASSED] - warna1 = data.get("Warna"): null

2023-10-05 13:23:40 - [TEST_STEP][PASSED] - ukuran1 = data.get("Ukuran"): null

2023-10-05 13:23:40 - [TEST_STEP][PASSED] - assert warnaa == warna1: null

2023-10-05 13:23:40 - [TEST_STEP][PASSED] - assert ukurann == ukuran1: null

2023-10-05 13:23:40 - [TEST_STEP][PASSED] - NamaCheckout = getText(findTestObject("verifikasi/NamaCheckout")): Text of object 'Object Repository/verifikasi/NamaCheckout' is: ''

2023-10-05 13:23:41 - [MESSAGE][PASSED] - Text of object 'Object Repository/verifikasi/NamaCheckout' is: ''

2023-10-05 13:23:41 - [TEST_STEP][PASSED] - HargaCheckout = getText(findTestObject("verifikasi/HargaCheckout")): Text of object 'Object Repository/verifikasi/HargaCheckout' is: '1,299'

2023-10-05 13:23:41 - [MESSAGE][PASSED] - Text of object 'Object Repository/verifikasi/HargaCheckout' is: '1,299'

2023-10-05 13:23:41 - [TEST_STEP][PASSED] - name_product = data.get("nama_barang"): null

2023-10-05 13:23:41 - [TEST_STEP][PASSED] - price_product = data.get("price_barang"): null

2023-10-05 13:23:41 - [TEST_STEP][PASSED] - assert name_product.contains(NamaCheckout): null

2023-10-05 13:23:41 - [TEST_STEP][PASSED] - assert price_product.contains(HargaCheckout): null

2023-10-05 13:23:41 - [TEST_STEP][PASSED] - selectOptionByLabel(findTestObject("checkout/select - Kirim via Kurir Lokal"), Kurir, false): All options with label 'Roda 2' are selected in object 'Object Repository/checkout/select - Kirim via Kurir Lokal' 

2023-10-05 13:23:42 - [MESSAGE][PASSED] - All options with label 'Roda 2' are selected in object 'Object Repository/checkout/select - Kirim via Kurir Lokal' 

2023-10-05 13:23:42 - [TEST_STEP][PASSED] - click(findTestObject("checkout/Kendaraan Kurir")): Object: 'Object Repository/checkout/Kendaraan Kurir' is clicked on

2023-10-05 13:23:42 - [MESSAGE][PASSED] - Object: 'Object Repository/checkout/Kendaraan Kurir' is clicked on

2023-10-05 13:23:42 - [TEST_STEP][PASSED] - OngkosKirim = getText(findTestObject("Object Repository/verifikasi/Ongkos Kirim checkout")): Text of object 'Object Repository/verifikasi/Ongkos Kirim checkout' is: 'Rp. 5,000'

2023-10-05 13:23:43 - [MESSAGE][PASSED] - Text of object 'Object Repository/verifikasi/Ongkos Kirim checkout' is: 'Rp. 5,000'

2023-10-05 13:23:43 - [TEST_STEP][PASSED] - Ongkos = OngkosKirim.substring(3, OngkosKirim.size()): null

2023-10-05 13:23:43 - [TEST_STEP][PASSED] - rep = Ongkos.replace(",", "."): null

2023-10-05 13:23:43 - [TEST_STEP][PASSED] - Ongkos_kirim = Double.parseDouble(rep): null

2023-10-05 13:23:43 - [TEST_STEP][PASSED] - println(Ongkos_kirim): null

2023-10-05 13:23:43 - [TEST_STEP][PASSED] - FeeAdmin = getText(findTestObject("verifikasi/Fee Admin checkout")): Text of object 'Object Repository/verifikasi/Fee Admin checkout' is: 'Fee Admin
Rp 1,500'

2023-10-05 13:23:43 - [MESSAGE][PASSED] - Text of object 'Object Repository/verifikasi/Fee Admin checkout' is: 'Fee Admin
Rp 1,500'

2023-10-05 13:23:43 - [TEST_STEP][PASSED] - Fee_Admin = FeeAdmin.substring(12, FeeAdmin.size()): null

2023-10-05 13:23:43 - [TEST_STEP][PASSED] - fee = Fee_Admin.replace(",", "."): null

2023-10-05 13:23:43 - [TEST_STEP][PASSED] - fee_admin = Double.parseDouble(fee): null

2023-10-05 13:23:43 - [TEST_STEP][PASSED] - println(fee_admin): null

2023-10-05 13:23:43 - [TEST_STEP][PASSED] - Subtotal = getText(findTestObject("verifikasi/subtotal checkout")): Text of object 'Object Repository/verifikasi/subtotal checkout' is: 'Subtotal
Rp 1,299'

2023-10-05 13:23:44 - [MESSAGE][PASSED] - Text of object 'Object Repository/verifikasi/subtotal checkout' is: 'Subtotal
Rp 1,299'

2023-10-05 13:23:44 - [TEST_STEP][PASSED] - sub_total = Subtotal.substring(12, Subtotal.size()): null

2023-10-05 13:23:44 - [TEST_STEP][PASSED] - sub = sub_total.replace(",", "."): null

2023-10-05 13:23:44 - [TEST_STEP][PASSED] - sub_total = Double.parseDouble(sub): null

2023-10-05 13:23:44 - [TEST_STEP][PASSED] - println(sub_total): null

2023-10-05 13:23:44 - [TEST_STEP][PASSED] - Total = getText(findTestObject("verifikasi/Total checkout")): Text of object 'Object Repository/verifikasi/Total checkout' is: 'Rp 7,799'

2023-10-05 13:23:44 - [MESSAGE][PASSED] - Text of object 'Object Repository/verifikasi/Total checkout' is: 'Rp 7,799'

2023-10-05 13:23:44 - [TEST_STEP][PASSED] - totall = Total.substring(3, Total.size()): null

2023-10-05 13:23:44 - [TEST_STEP][PASSED] - total = totall.replace(",", "."): null

2023-10-05 13:23:44 - [TEST_STEP][PASSED] - totall = Double.parseDouble(total): null

2023-10-05 13:23:44 - [TEST_STEP][PASSED] - println(totall): null

2023-10-05 13:23:44 - [TEST_STEP][PASSED] - Total_Harga = Ongkos_kirim + fee_admin + sub_total: null

2023-10-05 13:23:44 - [TEST_STEP][PASSED] - println(Total_Harga): null

2023-10-05 13:23:44 - [TEST_STEP][PASSED] - TotalHarga = Math.round(Total_Harga * 1000) / 1000: null

2023-10-05 13:23:44 - [TEST_STEP][PASSED] - println(TotalHarga): null

2023-10-05 13:23:44 - [TEST_STEP][PASSED] - assert totall == TotalHarga: null

2023-10-05 13:23:44 - [TEST_STEP][PASSED] - click(findTestObject("Object Repository/checkout/metode pembayaran")): Object: 'Object Repository/checkout/metode pembayaran' is clicked on

2023-10-05 13:23:45 - [MESSAGE][PASSED] - Object: 'Object Repository/checkout/metode pembayaran' is clicked on

2023-10-05 13:23:45 - [TEST_STEP][PASSED] - click(findTestObject("checkout/button_Proses Pembayaran")): Object: 'Object Repository/checkout/button_Proses Pembayaran' is clicked on

2023-10-05 13:23:53 - [MESSAGE][PASSED] - Object: 'Object Repository/checkout/button_Proses Pembayaran' is clicked on

2023-10-05 13:23:53 - [TEST_STEP][PASSED] - verifyElementPresent(findTestObject("pembayaran/Tittle nomor invoice"), 0): Object 'Object Repository/pembayaran/Tittle nomor invoice' is present

2023-10-05 13:23:53 - [MESSAGE][WARNING] - Timeout '0' is invalid. Using default page load timeout: '30'

2023-10-05 13:23:54 - [MESSAGE][PASSED] - Object 'Object Repository/pembayaran/Tittle nomor invoice' is present

2023-10-05 13:23:54 - [TEST_STEP][PASSED] - return data: null

2023-10-05 13:23:54 - [MESSAGE][PASSED] - Call Test Case 'Test Cases/T13 Pembelian, Shipment dan Pembayaran/PBL-005' successfully

2023-10-05 13:23:54 - [TEST_STEP][PASSED] - Invoice = getText(findTestObject("pembayaran/nomor invoice")): Text of object 'Object Repository/pembayaran/nomor invoice' is: 'TRX60.20231005132349'

2023-10-05 13:23:55 - [MESSAGE][PASSED] - Text of object 'Object Repository/pembayaran/nomor invoice' is: 'TRX60.20231005132349'

2023-10-05 13:23:55 - [TEST_STEP][PASSED] - NamaPemesan = getText(findTestObject("Konfirmasi pesanan shop/Nama pemesan")): Text of object 'Object Repository/Konfirmasi pesanan shop/Nama pemesan' is: 'irfan.afandi'

2023-10-05 13:23:55 - [MESSAGE][PASSED] - Text of object 'Object Repository/Konfirmasi pesanan shop/Nama pemesan' is: 'irfan.afandi'

2023-10-05 13:23:55 - [TEST_STEP][PASSED] - data.put("invoice", Invoice): null

2023-10-05 13:23:55 - [TEST_STEP][PASSED] - Nama = getText(findTestObject("pembayaran/Nama barang")): Text of object 'Object Repository/pembayaran/Nama barang' is: 'Segitiga Instan Madeira - MDB5.3 Sunset'

2023-10-05 13:23:55 - [MESSAGE][PASSED] - Text of object 'Object Repository/pembayaran/Nama barang' is: 'Segitiga Instan Madeira - MDB5.3 Sunset'

2023-10-05 13:23:55 - [TEST_STEP][PASSED] - Harga = getText(findTestObject("pembayaran/Harga barang")): Text of object 'Object Repository/pembayaran/Harga barang' is: '1,299'

2023-10-05 13:23:56 - [MESSAGE][PASSED] - Text of object 'Object Repository/pembayaran/Harga barang' is: '1,299'

2023-10-05 13:23:56 - [TEST_STEP][PASSED] - name_product = data.get("nama_barang"): null

2023-10-05 13:23:56 - [TEST_STEP][PASSED] - price_product = data.get("price_barang"): null

2023-10-05 13:23:56 - [TEST_STEP][PASSED] - assert name_product.contains(Nama): null

2023-10-05 13:23:56 - [TEST_STEP][PASSED] - assert price_product.contains(Harga): null

2023-10-05 13:23:56 - [TEST_STEP][PASSED] - warnaa = getText(findTestObject("pembayaran/warna")): Text of object 'Object Repository/pembayaran/warna' is: 'Merah'

2023-10-05 13:23:56 - [MESSAGE][PASSED] - Text of object 'Object Repository/pembayaran/warna' is: 'Merah'

2023-10-05 13:23:56 - [TEST_STEP][PASSED] - ukurann = getText(findTestObject("pembayaran/ukuran")): Text of object 'Object Repository/pembayaran/ukuran' is: 'Menengah'

2023-10-05 13:23:56 - [MESSAGE][PASSED] - Text of object 'Object Repository/pembayaran/ukuran' is: 'Menengah'

2023-10-05 13:23:56 - [TEST_STEP][PASSED] - warna1 = data.get("Warna"): null

2023-10-05 13:23:56 - [TEST_STEP][PASSED] - ukuran1 = data.get("Ukuran"): null

2023-10-05 13:23:56 - [TEST_STEP][PASSED] - assert warnaa == warna1: null

2023-10-05 13:23:56 - [TEST_STEP][PASSED] - assert ukurann == ukuran1: null

2023-10-05 13:23:56 - [TEST_STEP][PASSED] - OngkosKirim = getText(findTestObject("pembayaran/ongkos kirim")): Text of object 'Object Repository/pembayaran/ongkos kirim' is: 'Rp 5,000'

2023-10-05 13:23:57 - [MESSAGE][PASSED] - Text of object 'Object Repository/pembayaran/ongkos kirim' is: 'Rp 5,000'

2023-10-05 13:23:57 - [TEST_STEP][PASSED] - Ongkos = OngkosKirim.substring(3, OngkosKirim.size()): null

2023-10-05 13:23:57 - [TEST_STEP][PASSED] - rep = Ongkos.replace(",", ""): null

2023-10-05 13:23:57 - [TEST_STEP][PASSED] - Ongkos_kirimm = Integer.parseInt(rep): null

2023-10-05 13:23:57 - [TEST_STEP][PASSED] - println(Ongkos_kirimm): null

2023-10-05 13:23:57 - [TEST_STEP][PASSED] - FeeAdmin = getText(findTestObject("pembayaran/fee admin")): Text of object 'Object Repository/pembayaran/fee admin' is: 'Rp 1,500'

2023-10-05 13:23:57 - [MESSAGE][PASSED] - Text of object 'Object Repository/pembayaran/fee admin' is: 'Rp 1,500'

2023-10-05 13:23:57 - [TEST_STEP][PASSED] - Fee_Admin = FeeAdmin.substring(3, FeeAdmin.size()): null

2023-10-05 13:23:57 - [TEST_STEP][PASSED] - fee = Fee_Admin.replace(",", ""): null

2023-10-05 13:23:57 - [TEST_STEP][PASSED] - fee_adminn = Integer.parseInt(fee): null

2023-10-05 13:23:57 - [TEST_STEP][PASSED] - println(fee_adminn): null

2023-10-05 13:23:57 - [TEST_STEP][PASSED] - Subtotal = getText(findTestObject("pembayaran/subtotal")): Text of object 'Object Repository/pembayaran/subtotal' is: 'Rp 1,299'

2023-10-05 13:23:57 - [MESSAGE][PASSED] - Text of object 'Object Repository/pembayaran/subtotal' is: 'Rp 1,299'

2023-10-05 13:23:57 - [TEST_STEP][PASSED] - sub_total = Subtotal.substring(3, Subtotal.size()): null

2023-10-05 13:23:57 - [TEST_STEP][PASSED] - sub = sub_total.replace(",", ""): null

2023-10-05 13:23:57 - [TEST_STEP][PASSED] - sub_totall = Integer.parseInt(sub): null

2023-10-05 13:23:57 - [TEST_STEP][PASSED] - println(sub_totall): null

2023-10-05 13:23:57 - [TEST_STEP][PASSED] - unik = getText(findTestObject("pembayaran/kode unik")): Text of object 'Object Repository/pembayaran/kode unik' is: '+349'

2023-10-05 13:23:58 - [MESSAGE][PASSED] - Text of object 'Object Repository/pembayaran/kode unik' is: '+349'

2023-10-05 13:23:58 - [TEST_STEP][PASSED] - unikk = unik.replace("+", ""): null

2023-10-05 13:23:58 - [TEST_STEP][PASSED] - kode_unik = Integer.parseInt(unikk): null

2023-10-05 13:23:58 - [TEST_STEP][PASSED] - println(kode_unik): null

2023-10-05 13:23:58 - [TEST_STEP][PASSED] - Total = getText(findTestObject("pembayaran/total")): Text of object 'Object Repository/pembayaran/total' is: '8,148'

2023-10-05 13:23:58 - [MESSAGE][PASSED] - Text of object 'Object Repository/pembayaran/total' is: '8,148'

2023-10-05 13:23:58 - [TEST_STEP][PASSED] - total = Total.replace(",", ""): null

2023-10-05 13:23:58 - [TEST_STEP][PASSED] - totalll = Integer.parseInt(total): null

2023-10-05 13:23:58 - [TEST_STEP][PASSED] - println(totalll): null

2023-10-05 13:23:58 - [TEST_STEP][PASSED] - Total_Hargaa = Ongkos_kirimm + fee_adminn + sub_totall + kode_unik: null

2023-10-05 13:23:58 - [TEST_STEP][PASSED] - println(Total_Hargaa): null

2023-10-05 13:23:58 - [TEST_STEP][PASSED] - assert totalll == Total_Hargaa: null

2023-10-05 13:23:58 - [TEST_STEP][PASSED] - data.put("total", Total): null

2023-10-05 13:23:58 - [TEST_STEP][PASSED] - data.put("nama", NamaPemesan): null

2023-10-05 13:23:58 - [TEST_STEP][PASSED] - return data: null]]></system-out>
         <system-err><![CDATA[]]></system-err>
      </testcase>
      <testcase name="Test Cases/T13 Pembelian, Shipment dan Pembayaran/PBY-003" time="60.636" classname="Test Cases/T13 Pembelian, Shipment dan Pembayaran/PBY-003" status="PASSED">
         <system-out><![CDATA[2023-10-05 13:23:58 - [TEST_CASE][PASSED] - Test Cases/T13 Pembelian, Shipment dan Pembayaran/PBY-003: Test Cases/T13 Pembelian, Shipment dan Pembayaran/PBY-003

2023-10-05 13:23:59 - [TEST_STEP][PASSED] - data = callTestCase(findTestCase("T13 Pembelian, Shipment dan Pembayaran/PBY-001"), [:], STOP_ON_FAILURE): Call Test Case 'Test Cases/T13 Pembelian, Shipment dan Pembayaran/PBY-001' successfully

2023-10-05 13:23:59 - [TEST_CASE][PASSED] - Test Cases/T13 Pembelian, Shipment dan Pembayaran/PBY-001: Test Cases/T13 Pembelian, Shipment dan Pembayaran/PBY-001

2023-10-05 13:23:59 - [TEST_STEP][PASSED] - data = callTestCase(findTestCase("T13 Pembelian, Shipment dan Pembayaran/PBL-004"), ["Kurir":"Roda 2"], STOP_ON_FAILURE): Call Test Case 'Test Cases/T13 Pembelian, Shipment dan Pembayaran/PBL-004' successfully

2023-10-05 13:23:59 - [TEST_CASE][PASSED] - Test Cases/T13 Pembelian, Shipment dan Pembayaran/PBL-004: Test Cases/T13 Pembelian, Shipment dan Pembayaran/PBL-004

2023-10-05 13:23:59 - [TEST_STEP][PASSED] - data = callTestCase(findTestCase("T13 Pembelian, Shipment dan Pembayaran/PBL-002"), [:], STOP_ON_FAILURE): Call Test Case 'Test Cases/T13 Pembelian, Shipment dan Pembayaran/PBL-002' successfully

2023-10-05 13:23:59 - [TEST_CASE][PASSED] - Test Cases/T13 Pembelian, Shipment dan Pembayaran/PBL-002: Test Cases/T13 Pembelian, Shipment dan Pembayaran/PBL-002

2023-10-05 13:23:59 - [TEST_STEP][PASSED] - data = callTestCase(findTestCase("T13 Pembelian, Shipment dan Pembayaran/PBL-001"), [:], STOP_ON_FAILURE): Call Test Case 'Test Cases/T13 Pembelian, Shipment dan Pembayaran/PBL-001' successfully

2023-10-05 13:23:59 - [TEST_CASE][PASSED] - Test Cases/T13 Pembelian, Shipment dan Pembayaran/PBL-001: Test Cases/T13 Pembelian, Shipment dan Pembayaran/PBL-001

2023-10-05 13:23:59 - [TEST_STEP][PASSED] - callTestCase(findTestCase("T13 Pembelian, Shipment dan Pembayaran/LU-001"), ["username":"irfanafandi", "password":"12345irfan"], STOP_ON_FAILURE): Call Test Case 'Test Cases/T13 Pembelian, Shipment dan Pembayaran/LU-001' successfully

2023-10-05 13:23:59 - [TEST_CASE][PASSED] - Test Cases/T13 Pembelian, Shipment dan Pembayaran/LU-001: Test Cases/T13 Pembelian, Shipment dan Pembayaran/LU-001

2023-10-05 13:23:59 - [TEST_STEP][PASSED] - openBrowser("https://10.9.2.63/ecommerce/"): Browser is opened with url: 'https://10.9.2.63/ecommerce/'

2023-10-05 13:23:59 - [MESSAGE][WARNING] - A browser is already opened. Closing browser and opening a new one

2023-10-05 13:24:00 - [MESSAGE][INFO] - Starting 'Edge Chromium' driver

2023-10-05 13:24:00 - [MESSAGE][INFO] - User set preference: ['acceptInsecureCerts', 'true']

2023-10-05 13:24:02 - [MESSAGE][INFO] - Action delay is set to 0 milliseconds

2023-10-05 13:24:07 - [MESSAGE][PASSED] - Browser is opened with url: 'https://10.9.2.63/ecommerce/'

2023-10-05 13:24:07 - [TEST_STEP][PASSED] - maximizeWindow(): Current window maximized

2023-10-05 13:24:07 - [MESSAGE][PASSED] - Current window maximized

2023-10-05 13:24:07 - [TEST_STEP][PASSED] - verifyElementPresent(findTestObject("Login/Home"), 0): Object 'Object Repository/Login/Home' is present

2023-10-05 13:24:07 - [MESSAGE][WARNING] - Timeout '0' is invalid. Using default page load timeout: '30'

2023-10-05 13:24:08 - [MESSAGE][PASSED] - Object 'Object Repository/Login/Home' is present

2023-10-05 13:24:08 - [TEST_STEP][PASSED] - click(findTestObject("Login/a_Login")): Object: 'Object Repository/Login/a_Login' is clicked on

2023-10-05 13:24:09 - [MESSAGE][PASSED] - Object: 'Object Repository/Login/a_Login' is clicked on

2023-10-05 13:24:09 - [TEST_STEP][PASSED] - verifyElementPresent(findTestObject("Login/Tittle Login"), 0): Object 'Object Repository/Login/Tittle Login' is present

2023-10-05 13:24:09 - [MESSAGE][WARNING] - Timeout '0' is invalid. Using default page load timeout: '30'

2023-10-05 13:24:09 - [MESSAGE][PASSED] - Object 'Object Repository/Login/Tittle Login' is present

2023-10-05 13:24:09 - [TEST_STEP][PASSED] - setText(findTestObject("Login/input_Username, Email atau No. Handphone_a"), username): Text 'irfanafandi' is set on object 'Object Repository/Login/input_Username, Email atau No. Handphone_a'

2023-10-05 13:24:10 - [MESSAGE][PASSED] - Text 'irfanafandi' is set on object 'Object Repository/Login/input_Username, Email atau No. Handphone_a'

2023-10-05 13:24:10 - [TEST_STEP][PASSED] - setText(findTestObject("Login/input_Password_b"), password): Text '12345irfan' is set on object 'Object Repository/Login/input_Password_b'

2023-10-05 13:24:11 - [MESSAGE][PASSED] - Text '12345irfan' is set on object 'Object Repository/Login/input_Password_b'

2023-10-05 13:24:11 - [TEST_STEP][PASSED] - click(findTestObject("Login/label_Ingat saya")): Object: 'Object Repository/Login/label_Ingat saya' is clicked on

2023-10-05 13:24:12 - [MESSAGE][PASSED] - Object: 'Object Repository/Login/label_Ingat saya' is clicked on

2023-10-05 13:24:12 - [TEST_STEP][PASSED] - click(findTestObject("Login/button_Masuk")): Object: 'Object Repository/Login/button_Masuk' is clicked on

2023-10-05 13:24:13 - [MESSAGE][PASSED] - Object: 'Object Repository/Login/button_Masuk' is clicked on

2023-10-05 13:24:13 - [TEST_STEP][PASSED] - verifyElementPresent(findTestObject("Login/li_Profile"), 0): Object 'Object Repository/Login/li_Profile' is present

2023-10-05 13:24:13 - [MESSAGE][WARNING] - Timeout '0' is invalid. Using default page load timeout: '30'

2023-10-05 13:24:14 - [MESSAGE][PASSED] - Object 'Object Repository/Login/li_Profile' is present

2023-10-05 13:24:14 - [MESSAGE][PASSED] - Call Test Case 'Test Cases/T13 Pembelian, Shipment dan Pembayaran/LU-001' successfully

2023-10-05 13:24:14 - [TEST_STEP][PASSED] - mouseOver(findTestObject("beli barang/i_Mulai Belanja_icon-menu")): Object: 'Object Repository/beli barang/i_Mulai Belanja_icon-menu' is hovered

2023-10-05 13:24:14 - [MESSAGE][PASSED] - Object: 'Object Repository/beli barang/i_Mulai Belanja_icon-menu' is hovered

2023-10-05 13:24:14 - [TEST_STEP][PASSED] - click(findTestObject("beli barang/a_Fashion  Busana Wanita")): Object: 'Object Repository/beli barang/a_Fashion  Busana Wanita' is clicked on

2023-10-05 13:24:15 - [MESSAGE][PASSED] - Object: 'Object Repository/beli barang/a_Fashion  Busana Wanita' is clicked on

2023-10-05 13:24:15 - [TEST_STEP][PASSED] - NamaSebelum = getText(findTestObject("verifikasi/Nama sebelum")): Text of object 'Object Repository/verifikasi/Nama sebelum' is: ''

2023-10-05 13:24:16 - [MESSAGE][PASSED] - Text of object 'Object Repository/verifikasi/Nama sebelum' is: ''

2023-10-05 13:24:16 - [TEST_STEP][PASSED] - HargaSebelum = getText(findTestObject("verifikasi/Harga sebelum")): Text of object 'Object Repository/verifikasi/Harga sebelum' is: 'Rp 1,299'

2023-10-05 13:24:16 - [MESSAGE][PASSED] - Text of object 'Object Repository/verifikasi/Harga sebelum' is: 'Rp 1,299'

2023-10-05 13:24:16 - [TEST_STEP][PASSED] - mouseOver(findTestObject("beli barang/barang mouse over")): Object: 'Object Repository/beli barang/barang mouse over' is hovered

2023-10-05 13:24:17 - [MESSAGE][PASSED] - Object: 'Object Repository/beli barang/barang mouse over' is hovered

2023-10-05 13:24:17 - [TEST_STEP][PASSED] - click(findTestObject("beli barang/buttom add to cart")): Object: 'Object Repository/beli barang/buttom add to cart' is clicked on

2023-10-05 13:24:19 - [MESSAGE][PASSED] - Object: 'Object Repository/beli barang/buttom add to cart' is clicked on

2023-10-05 13:24:19 - [TEST_STEP][PASSED] - NamaSesudah = getText(findTestObject("verifikasi/Nama sesudah")): Text of object 'Object Repository/verifikasi/Nama sesudah' is: 'Segitiga Instan Madeira - MDB5.3 Sunset'

2023-10-05 13:24:19 - [MESSAGE][PASSED] - Text of object 'Object Repository/verifikasi/Nama sesudah' is: 'Segitiga Instan Madeira - MDB5.3 Sunset'

2023-10-05 13:24:19 - [TEST_STEP][PASSED] - HargaSesudah = getText(findTestObject("verifikasi/Harga sesudah")): Text of object 'Object Repository/verifikasi/Harga sesudah' is: 'Rp 1,299'

2023-10-05 13:24:20 - [MESSAGE][PASSED] - Text of object 'Object Repository/verifikasi/Harga sesudah' is: 'Rp 1,299'

2023-10-05 13:24:20 - [TEST_STEP][PASSED] - assert NamaSesudah.contains(NamaSebelum): null

2023-10-05 13:24:20 - [TEST_STEP][PASSED] - assert HargaSesudah.contains(HargaSebelum): null

2023-10-05 13:24:20 - [TEST_STEP][PASSED] - click(findTestObject("beli barang/Tambah Keranjang busana wanita")): Object: 'Object Repository/beli barang/Tambah Keranjang busana wanita' is clicked on

2023-10-05 13:24:20 - [MESSAGE][PASSED] - Object: 'Object Repository/beli barang/Tambah Keranjang busana wanita' is clicked on

2023-10-05 13:24:20 - [TEST_STEP][PASSED] - verifyElementPresent(findTestObject("checkout/Notifikasi keranjang"), 1): Object 'Object Repository/checkout/Notifikasi keranjang' is present

2023-10-05 13:24:21 - [MESSAGE][PASSED] - Object 'Object Repository/checkout/Notifikasi keranjang' is present

2023-10-05 13:24:21 - [TEST_STEP][PASSED] - data = new java.util.HashMap(): null

2023-10-05 13:24:21 - [TEST_STEP][PASSED] - data.put("nama_barang", NamaSesudah): null

2023-10-05 13:24:21 - [TEST_STEP][PASSED] - data.put("price_barang", HargaSesudah): null

2023-10-05 13:24:21 - [TEST_STEP][PASSED] - return data: null

2023-10-05 13:24:21 - [MESSAGE][PASSED] - Call Test Case 'Test Cases/T13 Pembelian, Shipment dan Pembayaran/PBL-001' successfully

2023-10-05 13:24:21 - [TEST_STEP][PASSED] - mouseOver(findTestObject("beli barang/keranjang")): Object: 'Object Repository/beli barang/keranjang' is hovered

2023-10-05 13:24:21 - [MESSAGE][PASSED] - Object: 'Object Repository/beli barang/keranjang' is hovered

2023-10-05 13:24:21 - [TEST_STEP][PASSED] - click(findTestObject("beli barang/Lihat Sekarang")): Object: 'Object Repository/beli barang/Lihat Sekarang' is clicked on

2023-10-05 13:24:22 - [MESSAGE][PASSED] - Object: 'Object Repository/beli barang/Lihat Sekarang' is clicked on

2023-10-05 13:24:22 - [TEST_STEP][PASSED] - verifyElementPresent(findTestObject("keranjang/li_Keranjang Belanja"), 0): Object 'Object Repository/keranjang/li_Keranjang Belanja' is present

2023-10-05 13:24:23 - [MESSAGE][WARNING] - Timeout '0' is invalid. Using default page load timeout: '30'

2023-10-05 13:24:24 - [MESSAGE][PASSED] - Object 'Object Repository/keranjang/li_Keranjang Belanja' is present

2023-10-05 13:24:24 - [TEST_STEP][PASSED] - NamaKeranjang = getText(findTestObject("verifikasi/Nama keranjang")): Text of object 'Object Repository/verifikasi/Nama keranjang' is: 'Segitiga Instan Madeira - MDB5.3 Sunset'

2023-10-05 13:24:24 - [MESSAGE][PASSED] - Text of object 'Object Repository/verifikasi/Nama keranjang' is: 'Segitiga Instan Madeira - MDB5.3 Sunset'

2023-10-05 13:24:24 - [TEST_STEP][PASSED] - HargaKeranjang = getText(findTestObject("verifikasi/Harga Keranjang")): Text of object 'Object Repository/verifikasi/Harga Keranjang' is: 'Rp 1,299'

2023-10-05 13:24:25 - [MESSAGE][PASSED] - Text of object 'Object Repository/verifikasi/Harga Keranjang' is: 'Rp 1,299'

2023-10-05 13:24:25 - [TEST_STEP][PASSED] - if (toString().equalsIgnoreCase("Merah")): Object 'Object Repository/keranjang/input_Warna_variasi101' is checked

2023-10-05 13:24:25 - [TEST_STEP][PASSED] - check(findTestObject("Object Repository/keranjang/input_Warna_variasi101")): Object 'Object Repository/keranjang/input_Warna_variasi101' is checked

2023-10-05 13:24:25 - [MESSAGE][PASSED] - Object 'Object Repository/keranjang/input_Warna_variasi101' is checked

2023-10-05 13:24:25 - [TEST_STEP][PASSED] - if (toString().equalsIgnoreCase("Menengah")): Object 'Object Repository/keranjang/input_Ukuran_variasi201' is checked

2023-10-05 13:24:25 - [TEST_STEP][PASSED] - check(findTestObject("Object Repository/keranjang/input_Ukuran_variasi201")): Object 'Object Repository/keranjang/input_Ukuran_variasi201' is checked

2023-10-05 13:24:26 - [MESSAGE][PASSED] - Object 'Object Repository/keranjang/input_Ukuran_variasi201' is checked

2023-10-05 13:24:26 - [TEST_STEP][PASSED] - data.put("Warna", warna): null

2023-10-05 13:24:26 - [TEST_STEP][PASSED] - data.put("Ukuran", ukuran): null

2023-10-05 13:24:26 - [TEST_STEP][PASSED] - click(findTestObject("keranjang/button_Lanjut ke Pembayaran")): Object: 'Object Repository/keranjang/button_Lanjut ke Pembayaran' is clicked on

2023-10-05 13:24:27 - [MESSAGE][PASSED] - Object: 'Object Repository/keranjang/button_Lanjut ke Pembayaran' is clicked on

2023-10-05 13:24:27 - [TEST_STEP][PASSED] - verifyElementPresent(findTestObject("checkout/Tittle Checkout Order"), 0): Object 'Object Repository/checkout/Tittle Checkout Order' is present

2023-10-05 13:24:27 - [MESSAGE][WARNING] - Timeout '0' is invalid. Using default page load timeout: '30'

2023-10-05 13:24:28 - [MESSAGE][PASSED] - Object 'Object Repository/checkout/Tittle Checkout Order' is present

2023-10-05 13:24:28 - [TEST_STEP][PASSED] - name_product = data.get("nama_barang"): null

2023-10-05 13:24:28 - [TEST_STEP][PASSED] - price_product = data.get("price_barang"): null

2023-10-05 13:24:28 - [TEST_STEP][PASSED] - assert name_product == NamaKeranjang: null

2023-10-05 13:24:28 - [TEST_STEP][PASSED] - assert price_product == HargaKeranjang: null

2023-10-05 13:24:28 - [TEST_STEP][PASSED] - return data: null

2023-10-05 13:24:28 - [MESSAGE][PASSED] - Call Test Case 'Test Cases/T13 Pembelian, Shipment dan Pembayaran/PBL-002' successfully

2023-10-05 13:24:28 - [TEST_STEP][PASSED] - warnaa = getText(findTestObject("verifikasi/warna Merah")): Text of object 'Object Repository/verifikasi/warna Merah' is: 'Merah'

2023-10-05 13:24:28 - [MESSAGE][PASSED] - Text of object 'Object Repository/verifikasi/warna Merah' is: 'Merah'

2023-10-05 13:24:28 - [TEST_STEP][PASSED] - ukurann = getText(findTestObject("verifikasi/Ukuran Menengah")): Text of object 'Object Repository/verifikasi/Ukuran Menengah' is: 'Menengah'

2023-10-05 13:24:28 - [MESSAGE][PASSED] - Text of object 'Object Repository/verifikasi/Ukuran Menengah' is: 'Menengah'

2023-10-05 13:24:28 - [TEST_STEP][PASSED] - warna1 = data.get("Warna"): null

2023-10-05 13:24:28 - [TEST_STEP][PASSED] - ukuran1 = data.get("Ukuran"): null

2023-10-05 13:24:28 - [TEST_STEP][PASSED] - assert warnaa == warna1: null

2023-10-05 13:24:28 - [TEST_STEP][PASSED] - assert ukurann == ukuran1: null

2023-10-05 13:24:28 - [TEST_STEP][PASSED] - NamaCheckout = getText(findTestObject("verifikasi/NamaCheckout")): Text of object 'Object Repository/verifikasi/NamaCheckout' is: ''

2023-10-05 13:24:29 - [MESSAGE][PASSED] - Text of object 'Object Repository/verifikasi/NamaCheckout' is: ''

2023-10-05 13:24:29 - [TEST_STEP][PASSED] - HargaCheckout = getText(findTestObject("verifikasi/HargaCheckout")): Text of object 'Object Repository/verifikasi/HargaCheckout' is: '1,299'

2023-10-05 13:24:29 - [MESSAGE][PASSED] - Text of object 'Object Repository/verifikasi/HargaCheckout' is: '1,299'

2023-10-05 13:24:29 - [TEST_STEP][PASSED] - name_product = data.get("nama_barang"): null

2023-10-05 13:24:29 - [TEST_STEP][PASSED] - price_product = data.get("price_barang"): null

2023-10-05 13:24:29 - [TEST_STEP][PASSED] - assert name_product.contains(NamaCheckout): null

2023-10-05 13:24:29 - [TEST_STEP][PASSED] - assert price_product.contains(HargaCheckout): null

2023-10-05 13:24:29 - [TEST_STEP][PASSED] - selectOptionByLabel(findTestObject("checkout/select - Kirim via Kurir Lokal"), Kurir, false): All options with label 'Roda 2' are selected in object 'Object Repository/checkout/select - Kirim via Kurir Lokal' 

2023-10-05 13:24:30 - [MESSAGE][PASSED] - All options with label 'Roda 2' are selected in object 'Object Repository/checkout/select - Kirim via Kurir Lokal' 

2023-10-05 13:24:30 - [TEST_STEP][PASSED] - click(findTestObject("checkout/Kendaraan Kurir")): Object: 'Object Repository/checkout/Kendaraan Kurir' is clicked on

2023-10-05 13:24:31 - [MESSAGE][PASSED] - Object: 'Object Repository/checkout/Kendaraan Kurir' is clicked on

2023-10-05 13:24:31 - [TEST_STEP][PASSED] - OngkosKirim = getText(findTestObject("Object Repository/verifikasi/Ongkos Kirim checkout")): Text of object 'Object Repository/verifikasi/Ongkos Kirim checkout' is: 'Rp. 5,000'

2023-10-05 13:24:31 - [MESSAGE][PASSED] - Text of object 'Object Repository/verifikasi/Ongkos Kirim checkout' is: 'Rp. 5,000'

2023-10-05 13:24:31 - [TEST_STEP][PASSED] - Ongkos = OngkosKirim.substring(3, OngkosKirim.size()): null

2023-10-05 13:24:31 - [TEST_STEP][PASSED] - rep = Ongkos.replace(",", "."): null

2023-10-05 13:24:31 - [TEST_STEP][PASSED] - Ongkos_kirim = Double.parseDouble(rep): null

2023-10-05 13:24:31 - [TEST_STEP][PASSED] - println(Ongkos_kirim): null

2023-10-05 13:24:31 - [TEST_STEP][PASSED] - FeeAdmin = getText(findTestObject("verifikasi/Fee Admin checkout")): Text of object 'Object Repository/verifikasi/Fee Admin checkout' is: 'Fee Admin
Rp 1,500'

2023-10-05 13:24:32 - [MESSAGE][PASSED] - Text of object 'Object Repository/verifikasi/Fee Admin checkout' is: 'Fee Admin
Rp 1,500'

2023-10-05 13:24:32 - [TEST_STEP][PASSED] - Fee_Admin = FeeAdmin.substring(12, FeeAdmin.size()): null

2023-10-05 13:24:32 - [TEST_STEP][PASSED] - fee = Fee_Admin.replace(",", "."): null

2023-10-05 13:24:32 - [TEST_STEP][PASSED] - fee_admin = Double.parseDouble(fee): null

2023-10-05 13:24:32 - [TEST_STEP][PASSED] - println(fee_admin): null

2023-10-05 13:24:32 - [TEST_STEP][PASSED] - Subtotal = getText(findTestObject("verifikasi/subtotal checkout")): Text of object 'Object Repository/verifikasi/subtotal checkout' is: 'Subtotal
Rp 1,299'

2023-10-05 13:24:32 - [MESSAGE][PASSED] - Text of object 'Object Repository/verifikasi/subtotal checkout' is: 'Subtotal
Rp 1,299'

2023-10-05 13:24:32 - [TEST_STEP][PASSED] - sub_total = Subtotal.substring(12, Subtotal.size()): null

2023-10-05 13:24:32 - [TEST_STEP][PASSED] - sub = sub_total.replace(",", "."): null

2023-10-05 13:24:32 - [TEST_STEP][PASSED] - sub_total = Double.parseDouble(sub): null

2023-10-05 13:24:32 - [TEST_STEP][PASSED] - println(sub_total): null

2023-10-05 13:24:32 - [TEST_STEP][PASSED] - Total = getText(findTestObject("verifikasi/Total checkout")): Text of object 'Object Repository/verifikasi/Total checkout' is: 'Rp 7,799'

2023-10-05 13:24:33 - [MESSAGE][PASSED] - Text of object 'Object Repository/verifikasi/Total checkout' is: 'Rp 7,799'

2023-10-05 13:24:33 - [TEST_STEP][PASSED] - totall = Total.substring(3, Total.size()): null

2023-10-05 13:24:33 - [TEST_STEP][PASSED] - total = totall.replace(",", "."): null

2023-10-05 13:24:33 - [TEST_STEP][PASSED] - totall = Double.parseDouble(total): null

2023-10-05 13:24:33 - [TEST_STEP][PASSED] - println(totall): null

2023-10-05 13:24:33 - [TEST_STEP][PASSED] - Total_Harga = Ongkos_kirim + fee_admin + sub_total: null

2023-10-05 13:24:33 - [TEST_STEP][PASSED] - println(Total_Harga): null

2023-10-05 13:24:33 - [TEST_STEP][PASSED] - TotalHarga = Math.round(Total_Harga * 1000) / 1000: null

2023-10-05 13:24:33 - [TEST_STEP][PASSED] - println(TotalHarga): null

2023-10-05 13:24:33 - [TEST_STEP][PASSED] - assert totall == TotalHarga: null

2023-10-05 13:24:33 - [TEST_STEP][PASSED] - click(findTestObject("verifikasi/Metode Transfer")): Object: 'Object Repository/verifikasi/Metode Transfer' is clicked on

2023-10-05 13:24:33 - [MESSAGE][PASSED] - Object: 'Object Repository/verifikasi/Metode Transfer' is clicked on

2023-10-05 13:24:33 - [TEST_STEP][PASSED] - click(findTestObject("checkout/button_Proses Pembayaran")): Object: 'Object Repository/checkout/button_Proses Pembayaran' is clicked on

2023-10-05 13:24:43 - [MESSAGE][PASSED] - Object: 'Object Repository/checkout/button_Proses Pembayaran' is clicked on

2023-10-05 13:24:43 - [TEST_STEP][PASSED] - verifyElementPresent(findTestObject("pembayaran/Tittle nomor invoice"), 0): Object 'Object Repository/pembayaran/Tittle nomor invoice' is present

2023-10-05 13:24:43 - [MESSAGE][WARNING] - Timeout '0' is invalid. Using default page load timeout: '30'

2023-10-05 13:24:43 - [MESSAGE][PASSED] - Object 'Object Repository/pembayaran/Tittle nomor invoice' is present

2023-10-05 13:24:43 - [TEST_STEP][PASSED] - return data: null

2023-10-05 13:24:43 - [MESSAGE][PASSED] - Call Test Case 'Test Cases/T13 Pembelian, Shipment dan Pembayaran/PBL-004' successfully

2023-10-05 13:24:43 - [TEST_STEP][PASSED] - Invoice = getText(findTestObject("pembayaran/nomor invoice")): Text of object 'Object Repository/pembayaran/nomor invoice' is: 'TRX60.20231005132437'

2023-10-05 13:24:44 - [MESSAGE][PASSED] - Text of object 'Object Repository/pembayaran/nomor invoice' is: 'TRX60.20231005132437'

2023-10-05 13:24:44 - [TEST_STEP][PASSED] - data.put("invoice", Invoice): null

2023-10-05 13:24:44 - [TEST_STEP][PASSED] - NamaPemesan = getText(findTestObject("Konfirmasi pesanan shop/Nama pemesan")): Text of object 'Object Repository/Konfirmasi pesanan shop/Nama pemesan' is: 'irfan.afandi'

2023-10-05 13:24:44 - [MESSAGE][PASSED] - Text of object 'Object Repository/Konfirmasi pesanan shop/Nama pemesan' is: 'irfan.afandi'

2023-10-05 13:24:44 - [TEST_STEP][PASSED] - Nama = getText(findTestObject("pembayaran/Nama barang")): Text of object 'Object Repository/pembayaran/Nama barang' is: 'Segitiga Instan Madeira - MDB5.3 Sunset'

2023-10-05 13:24:45 - [MESSAGE][PASSED] - Text of object 'Object Repository/pembayaran/Nama barang' is: 'Segitiga Instan Madeira - MDB5.3 Sunset'

2023-10-05 13:24:45 - [TEST_STEP][PASSED] - Harga = getText(findTestObject("pembayaran/Harga barang")): Text of object 'Object Repository/pembayaran/Harga barang' is: '1,299'

2023-10-05 13:24:46 - [MESSAGE][PASSED] - Text of object 'Object Repository/pembayaran/Harga barang' is: '1,299'

2023-10-05 13:24:46 - [TEST_STEP][PASSED] - name_product = data.get("nama_barang"): null

2023-10-05 13:24:46 - [TEST_STEP][PASSED] - price_product = data.get("price_barang"): null

2023-10-05 13:24:46 - [TEST_STEP][PASSED] - assert name_product.contains(Nama): null

2023-10-05 13:24:46 - [TEST_STEP][PASSED] - assert price_product.contains(Harga): null

2023-10-05 13:24:46 - [TEST_STEP][PASSED] - warnaa = getText(findTestObject("pembayaran/warna")): Text of object 'Object Repository/pembayaran/warna' is: 'Merah'

2023-10-05 13:24:46 - [MESSAGE][PASSED] - Text of object 'Object Repository/pembayaran/warna' is: 'Merah'

2023-10-05 13:24:46 - [TEST_STEP][PASSED] - ukurann = getText(findTestObject("pembayaran/ukuran")): Text of object 'Object Repository/pembayaran/ukuran' is: 'Menengah'

2023-10-05 13:24:47 - [MESSAGE][PASSED] - Text of object 'Object Repository/pembayaran/ukuran' is: 'Menengah'

2023-10-05 13:24:47 - [TEST_STEP][PASSED] - warna1 = data.get("Warna"): null

2023-10-05 13:24:47 - [TEST_STEP][PASSED] - ukuran1 = data.get("Ukuran"): null

2023-10-05 13:24:47 - [TEST_STEP][PASSED] - assert warnaa == warna1: null

2023-10-05 13:24:47 - [TEST_STEP][PASSED] - assert ukurann == ukuran1: null

2023-10-05 13:24:47 - [TEST_STEP][PASSED] - statusPembelian = getText(findTestObject("verifikasi/Status pending di pembelian")): Text of object 'Object Repository/verifikasi/Status pending di pembelian' is: 'Pending'

2023-10-05 13:24:47 - [MESSAGE][PASSED] - Text of object 'Object Repository/verifikasi/Status pending di pembelian' is: 'Pending'

2023-10-05 13:24:47 - [TEST_STEP][PASSED] - data.put("statusPem", statusPembelian): null

2023-10-05 13:24:47 - [TEST_STEP][PASSED] - OngkosKirim = getText(findTestObject("pembayaran/ongkos kirim")): Text of object 'Object Repository/pembayaran/ongkos kirim' is: 'Rp 5,000'

2023-10-05 13:24:48 - [MESSAGE][PASSED] - Text of object 'Object Repository/pembayaran/ongkos kirim' is: 'Rp 5,000'

2023-10-05 13:24:48 - [TEST_STEP][PASSED] - Ongkos = OngkosKirim.substring(3, OngkosKirim.size()): null

2023-10-05 13:24:48 - [TEST_STEP][PASSED] - rep = Ongkos.replace(",", ""): null

2023-10-05 13:24:48 - [TEST_STEP][PASSED] - Ongkos_kirimm = Integer.parseInt(rep): null

2023-10-05 13:24:48 - [TEST_STEP][PASSED] - println(Ongkos_kirimm): null

2023-10-05 13:24:48 - [TEST_STEP][PASSED] - FeeAdmin = getText(findTestObject("pembayaran/fee admin")): Text of object 'Object Repository/pembayaran/fee admin' is: 'Rp 1,500'

2023-10-05 13:24:48 - [MESSAGE][PASSED] - Text of object 'Object Repository/pembayaran/fee admin' is: 'Rp 1,500'

2023-10-05 13:24:48 - [TEST_STEP][PASSED] - Fee_Admin = FeeAdmin.substring(3, FeeAdmin.size()): null

2023-10-05 13:24:48 - [TEST_STEP][PASSED] - fee = Fee_Admin.replace(",", ""): null

2023-10-05 13:24:48 - [TEST_STEP][PASSED] - fee_adminn = Integer.parseInt(fee): null

2023-10-05 13:24:48 - [TEST_STEP][PASSED] - println(fee_adminn): null

2023-10-05 13:24:48 - [TEST_STEP][PASSED] - Subtotal = getText(findTestObject("pembayaran/subtotal")): Text of object 'Object Repository/pembayaran/subtotal' is: 'Rp 1,299'

2023-10-05 13:24:48 - [MESSAGE][PASSED] - Text of object 'Object Repository/pembayaran/subtotal' is: 'Rp 1,299'

2023-10-05 13:24:48 - [TEST_STEP][PASSED] - sub_total = Subtotal.substring(3, Subtotal.size()): null

2023-10-05 13:24:48 - [TEST_STEP][PASSED] - sub = sub_total.replace(",", ""): null

2023-10-05 13:24:48 - [TEST_STEP][PASSED] - sub_totall = Integer.parseInt(sub): null

2023-10-05 13:24:48 - [TEST_STEP][PASSED] - println(sub_totall): null

2023-10-05 13:24:48 - [TEST_STEP][PASSED] - unik = getText(findTestObject("pembayaran/kode unik")): Text of object 'Object Repository/pembayaran/kode unik' is: '+437'

2023-10-05 13:24:49 - [MESSAGE][PASSED] - Text of object 'Object Repository/pembayaran/kode unik' is: '+437'

2023-10-05 13:24:49 - [TEST_STEP][PASSED] - unikk = unik.replace("+", ""): null

2023-10-05 13:24:49 - [TEST_STEP][PASSED] - kode_unik = Integer.parseInt(unikk): null

2023-10-05 13:24:49 - [TEST_STEP][PASSED] - println(kode_unik): null

2023-10-05 13:24:49 - [TEST_STEP][PASSED] - Total = getText(findTestObject("pembayaran/total")): Text of object 'Object Repository/pembayaran/total' is: '8,236'

2023-10-05 13:24:50 - [MESSAGE][PASSED] - Text of object 'Object Repository/pembayaran/total' is: '8,236'

2023-10-05 13:24:50 - [TEST_STEP][PASSED] - total = Total.replace(",", ""): null

2023-10-05 13:24:50 - [TEST_STEP][PASSED] - totalll = Integer.parseInt(total): null

2023-10-05 13:24:50 - [TEST_STEP][PASSED] - println(totalll): null

2023-10-05 13:24:50 - [TEST_STEP][PASSED] - Total_Hargaa = Ongkos_kirimm + fee_adminn + sub_totall + kode_unik: null

2023-10-05 13:24:50 - [TEST_STEP][PASSED] - println(Total_Hargaa): null

2023-10-05 13:24:50 - [TEST_STEP][PASSED] - assert totalll == Total_Hargaa: null

2023-10-05 13:24:50 - [TEST_STEP][PASSED] - data.put("total", Total): null

2023-10-05 13:24:50 - [TEST_STEP][PASSED] - data.put("nama", NamaPemesan): null

2023-10-05 13:24:50 - [TEST_STEP][PASSED] - return data: null

2023-10-05 13:24:50 - [MESSAGE][PASSED] - Call Test Case 'Test Cases/T13 Pembelian, Shipment dan Pembayaran/PBY-001' successfully

2023-10-05 13:24:50 - [TEST_STEP][PASSED] - Invoice = getText(findTestObject("pembayaran/nomor invoice")): Text of object 'Object Repository/pembayaran/nomor invoice' is: 'TRX60.20231005132437'

2023-10-05 13:24:50 - [MESSAGE][PASSED] - Text of object 'Object Repository/pembayaran/nomor invoice' is: 'TRX60.20231005132437'

2023-10-05 13:24:50 - [TEST_STEP][PASSED] - data.put("invoice", Invoice): null

2023-10-05 13:24:50 - [TEST_STEP][PASSED] - NamaPemesan = getText(findTestObject("Konfirmasi pesanan shop/Nama pemesan")): Text of object 'Object Repository/Konfirmasi pesanan shop/Nama pemesan' is: 'irfan.afandi'

2023-10-05 13:24:51 - [MESSAGE][PASSED] - Text of object 'Object Repository/Konfirmasi pesanan shop/Nama pemesan' is: 'irfan.afandi'

2023-10-05 13:24:51 - [TEST_STEP][PASSED] - Nama = getText(findTestObject("pembayaran/Nama barang")): Text of object 'Object Repository/pembayaran/Nama barang' is: 'Segitiga Instan Madeira - MDB5.3 Sunset'

2023-10-05 13:24:51 - [MESSAGE][PASSED] - Text of object 'Object Repository/pembayaran/Nama barang' is: 'Segitiga Instan Madeira - MDB5.3 Sunset'

2023-10-05 13:24:51 - [TEST_STEP][PASSED] - Harga = getText(findTestObject("pembayaran/Harga barang")): Text of object 'Object Repository/pembayaran/Harga barang' is: '1,299'

2023-10-05 13:24:52 - [MESSAGE][PASSED] - Text of object 'Object Repository/pembayaran/Harga barang' is: '1,299'

2023-10-05 13:24:52 - [TEST_STEP][PASSED] - name_product = data.get("nama_barang"): null

2023-10-05 13:24:52 - [TEST_STEP][PASSED] - price_product = data.get("price_barang"): null

2023-10-05 13:24:52 - [TEST_STEP][PASSED] - assert name_product.contains(Nama): null

2023-10-05 13:24:52 - [TEST_STEP][PASSED] - assert price_product.contains(Harga): null

2023-10-05 13:24:52 - [TEST_STEP][PASSED] - warnaa = getText(findTestObject("pembayaran/warna")): Text of object 'Object Repository/pembayaran/warna' is: 'Merah'

2023-10-05 13:24:52 - [MESSAGE][PASSED] - Text of object 'Object Repository/pembayaran/warna' is: 'Merah'

2023-10-05 13:24:52 - [TEST_STEP][PASSED] - ukurann = getText(findTestObject("pembayaran/ukuran")): Text of object 'Object Repository/pembayaran/ukuran' is: 'Menengah'

2023-10-05 13:24:53 - [MESSAGE][PASSED] - Text of object 'Object Repository/pembayaran/ukuran' is: 'Menengah'

2023-10-05 13:24:53 - [TEST_STEP][PASSED] - warna1 = data.get("Warna"): null

2023-10-05 13:24:53 - [TEST_STEP][PASSED] - ukuran1 = data.get("Ukuran"): null

2023-10-05 13:24:53 - [TEST_STEP][PASSED] - assert warnaa == warna1: null

2023-10-05 13:24:53 - [TEST_STEP][PASSED] - assert ukurann == ukuran1: null

2023-10-05 13:24:53 - [TEST_STEP][PASSED] - statusPembelian = getText(findTestObject("verifikasi/Status pending di pembelian")): Text of object 'Object Repository/verifikasi/Status pending di pembelian' is: 'Pending'

2023-10-05 13:24:53 - [MESSAGE][PASSED] - Text of object 'Object Repository/verifikasi/Status pending di pembelian' is: 'Pending'

2023-10-05 13:24:53 - [TEST_STEP][PASSED] - data.put("statusPem", statusPembelian): null

2023-10-05 13:24:53 - [TEST_STEP][PASSED] - OngkosKirim = getText(findTestObject("pembayaran/ongkos kirim")): Text of object 'Object Repository/pembayaran/ongkos kirim' is: 'Rp 5,000'

2023-10-05 13:24:54 - [MESSAGE][PASSED] - Text of object 'Object Repository/pembayaran/ongkos kirim' is: 'Rp 5,000'

2023-10-05 13:24:54 - [TEST_STEP][PASSED] - Ongkos = OngkosKirim.substring(3, OngkosKirim.size()): null

2023-10-05 13:24:54 - [TEST_STEP][PASSED] - rep = Ongkos.replace(",", ""): null

2023-10-05 13:24:54 - [TEST_STEP][PASSED] - Ongkos_kirimm = Integer.parseInt(rep): null

2023-10-05 13:24:54 - [TEST_STEP][PASSED] - println(Ongkos_kirimm): null

2023-10-05 13:24:54 - [TEST_STEP][PASSED] - FeeAdmin = getText(findTestObject("pembayaran/fee admin")): Text of object 'Object Repository/pembayaran/fee admin' is: 'Rp 1,500'

2023-10-05 13:24:54 - [MESSAGE][PASSED] - Text of object 'Object Repository/pembayaran/fee admin' is: 'Rp 1,500'

2023-10-05 13:24:54 - [TEST_STEP][PASSED] - Fee_Admin = FeeAdmin.substring(3, FeeAdmin.size()): null

2023-10-05 13:24:54 - [TEST_STEP][PASSED] - fee = Fee_Admin.replace(",", ""): null

2023-10-05 13:24:54 - [TEST_STEP][PASSED] - fee_adminn = Integer.parseInt(fee): null

2023-10-05 13:24:54 - [TEST_STEP][PASSED] - println(fee_adminn): null

2023-10-05 13:24:54 - [TEST_STEP][PASSED] - Subtotal = getText(findTestObject("pembayaran/subtotal")): Text of object 'Object Repository/pembayaran/subtotal' is: 'Rp 1,299'

2023-10-05 13:24:55 - [MESSAGE][PASSED] - Text of object 'Object Repository/pembayaran/subtotal' is: 'Rp 1,299'

2023-10-05 13:24:55 - [TEST_STEP][PASSED] - sub_total = Subtotal.substring(3, Subtotal.size()): null

2023-10-05 13:24:55 - [TEST_STEP][PASSED] - sub = sub_total.replace(",", ""): null

2023-10-05 13:24:55 - [TEST_STEP][PASSED] - sub_totall = Integer.parseInt(sub): null

2023-10-05 13:24:55 - [TEST_STEP][PASSED] - println(sub_totall): null

2023-10-05 13:24:55 - [TEST_STEP][PASSED] - unik = getText(findTestObject("pembayaran/kode unik")): Text of object 'Object Repository/pembayaran/kode unik' is: '+437'

2023-10-05 13:24:55 - [MESSAGE][PASSED] - Text of object 'Object Repository/pembayaran/kode unik' is: '+437'

2023-10-05 13:24:55 - [TEST_STEP][PASSED] - unikk = unik.replace("+", ""): null

2023-10-05 13:24:55 - [TEST_STEP][PASSED] - kode_unik = Integer.parseInt(unikk): null

2023-10-05 13:24:55 - [TEST_STEP][PASSED] - println(kode_unik): null

2023-10-05 13:24:55 - [TEST_STEP][PASSED] - Total = getText(findTestObject("pembayaran/total")): Text of object 'Object Repository/pembayaran/total' is: '8,236'

2023-10-05 13:24:56 - [MESSAGE][PASSED] - Text of object 'Object Repository/pembayaran/total' is: '8,236'

2023-10-05 13:24:56 - [TEST_STEP][PASSED] - total = Total.replace(",", ""): null

2023-10-05 13:24:56 - [TEST_STEP][PASSED] - totalll = Integer.parseInt(total): null

2023-10-05 13:24:56 - [TEST_STEP][PASSED] - println(totalll): null

2023-10-05 13:24:56 - [TEST_STEP][PASSED] - Total_Hargaa = Ongkos_kirimm + fee_adminn + sub_totall + kode_unik: null

2023-10-05 13:24:56 - [TEST_STEP][PASSED] - println(Total_Hargaa): null

2023-10-05 13:24:56 - [TEST_STEP][PASSED] - assert totalll == Total_Hargaa: null

2023-10-05 13:24:56 - [TEST_STEP][PASSED] - data.put("total", Total): null

2023-10-05 13:24:56 - [TEST_STEP][PASSED] - data.put("nama", NamaPemesan): null

2023-10-05 13:24:56 - [TEST_STEP][PASSED] - click(findTestObject("QRIS/a_Lihat Metode Pembayaran Lainnya")): Object: 'Object Repository/QRIS/a_Lihat Metode Pembayaran Lainnya' is clicked on

2023-10-05 13:24:56 - [MESSAGE][PASSED] - Object: 'Object Repository/QRIS/a_Lihat Metode Pembayaran Lainnya' is clicked on

2023-10-05 13:24:56 - [TEST_STEP][PASSED] - switchToWindowIndex(1): Switched to window with index: '1'

2023-10-05 13:24:56 - [MESSAGE][PASSED] - Switched to window with index: '1'

2023-10-05 13:24:56 - [TEST_STEP][PASSED] - verifyElementPresent(findTestObject("QRIS/ipaymu"), 0): Object 'Object Repository/QRIS/ipaymu' is present

2023-10-05 13:24:56 - [MESSAGE][WARNING] - Timeout '0' is invalid. Using default page load timeout: '30'

2023-10-05 13:24:59 - [MESSAGE][PASSED] - Object 'Object Repository/QRIS/ipaymu' is present

2023-10-05 13:24:59 - [TEST_STEP][PASSED] - return data: null]]></system-out>
         <system-err><![CDATA[]]></system-err>
      </testcase>
      <testcase name="Test Cases/T13 Pembelian, Shipment dan Pembayaran/PBY-004" time="62.409" classname="Test Cases/T13 Pembelian, Shipment dan Pembayaran/PBY-004" status="PASSED">
         <system-out><![CDATA[2023-10-05 13:24:59 - [TEST_CASE][PASSED] - Test Cases/T13 Pembelian, Shipment dan Pembayaran/PBY-004: Test Cases/T13 Pembelian, Shipment dan Pembayaran/PBY-004

2023-10-05 13:24:59 - [TEST_STEP][PASSED] - data = callTestCase(findTestCase("T13 Pembelian, Shipment dan Pembayaran/PBY-001"), [:], STOP_ON_FAILURE): Call Test Case 'Test Cases/T13 Pembelian, Shipment dan Pembayaran/PBY-001' successfully

2023-10-05 13:24:59 - [TEST_CASE][PASSED] - Test Cases/T13 Pembelian, Shipment dan Pembayaran/PBY-001: Test Cases/T13 Pembelian, Shipment dan Pembayaran/PBY-001

2023-10-05 13:24:59 - [TEST_STEP][PASSED] - data = callTestCase(findTestCase("T13 Pembelian, Shipment dan Pembayaran/PBL-004"), ["Kurir":"Roda 2"], STOP_ON_FAILURE): Call Test Case 'Test Cases/T13 Pembelian, Shipment dan Pembayaran/PBL-004' successfully

2023-10-05 13:24:59 - [TEST_CASE][PASSED] - Test Cases/T13 Pembelian, Shipment dan Pembayaran/PBL-004: Test Cases/T13 Pembelian, Shipment dan Pembayaran/PBL-004

2023-10-05 13:24:59 - [TEST_STEP][PASSED] - data = callTestCase(findTestCase("T13 Pembelian, Shipment dan Pembayaran/PBL-002"), [:], STOP_ON_FAILURE): Call Test Case 'Test Cases/T13 Pembelian, Shipment dan Pembayaran/PBL-002' successfully

2023-10-05 13:24:59 - [TEST_CASE][PASSED] - Test Cases/T13 Pembelian, Shipment dan Pembayaran/PBL-002: Test Cases/T13 Pembelian, Shipment dan Pembayaran/PBL-002

2023-10-05 13:24:59 - [TEST_STEP][PASSED] - data = callTestCase(findTestCase("T13 Pembelian, Shipment dan Pembayaran/PBL-001"), [:], STOP_ON_FAILURE): Call Test Case 'Test Cases/T13 Pembelian, Shipment dan Pembayaran/PBL-001' successfully

2023-10-05 13:24:59 - [TEST_CASE][PASSED] - Test Cases/T13 Pembelian, Shipment dan Pembayaran/PBL-001: Test Cases/T13 Pembelian, Shipment dan Pembayaran/PBL-001

2023-10-05 13:24:59 - [TEST_STEP][PASSED] - callTestCase(findTestCase("T13 Pembelian, Shipment dan Pembayaran/LU-001"), ["username":"irfanafandi", "password":"12345irfan"], STOP_ON_FAILURE): Call Test Case 'Test Cases/T13 Pembelian, Shipment dan Pembayaran/LU-001' successfully

2023-10-05 13:25:00 - [TEST_CASE][PASSED] - Test Cases/T13 Pembelian, Shipment dan Pembayaran/LU-001: Test Cases/T13 Pembelian, Shipment dan Pembayaran/LU-001

2023-10-05 13:25:00 - [TEST_STEP][PASSED] - openBrowser("https://10.9.2.63/ecommerce/"): Browser is opened with url: 'https://10.9.2.63/ecommerce/'

2023-10-05 13:25:00 - [MESSAGE][WARNING] - A browser is already opened. Closing browser and opening a new one

2023-10-05 13:25:00 - [MESSAGE][INFO] - Starting 'Edge Chromium' driver

2023-10-05 13:25:00 - [MESSAGE][INFO] - User set preference: ['acceptInsecureCerts', 'true']

2023-10-05 13:25:03 - [MESSAGE][INFO] - Action delay is set to 0 milliseconds

2023-10-05 13:25:06 - [MESSAGE][PASSED] - Browser is opened with url: 'https://10.9.2.63/ecommerce/'

2023-10-05 13:25:06 - [TEST_STEP][PASSED] - maximizeWindow(): Current window maximized

2023-10-05 13:25:06 - [MESSAGE][PASSED] - Current window maximized

2023-10-05 13:25:06 - [TEST_STEP][PASSED] - verifyElementPresent(findTestObject("Login/Home"), 0): Object 'Object Repository/Login/Home' is present

2023-10-05 13:25:06 - [MESSAGE][WARNING] - Timeout '0' is invalid. Using default page load timeout: '30'

2023-10-05 13:25:07 - [MESSAGE][PASSED] - Object 'Object Repository/Login/Home' is present

2023-10-05 13:25:07 - [TEST_STEP][PASSED] - click(findTestObject("Login/a_Login")): Object: 'Object Repository/Login/a_Login' is clicked on

2023-10-05 13:25:08 - [MESSAGE][PASSED] - Object: 'Object Repository/Login/a_Login' is clicked on

2023-10-05 13:25:08 - [TEST_STEP][PASSED] - verifyElementPresent(findTestObject("Login/Tittle Login"), 0): Object 'Object Repository/Login/Tittle Login' is present

2023-10-05 13:25:08 - [MESSAGE][WARNING] - Timeout '0' is invalid. Using default page load timeout: '30'

2023-10-05 13:25:08 - [MESSAGE][PASSED] - Object 'Object Repository/Login/Tittle Login' is present

2023-10-05 13:25:08 - [TEST_STEP][PASSED] - setText(findTestObject("Login/input_Username, Email atau No. Handphone_a"), username): Text 'irfanafandi' is set on object 'Object Repository/Login/input_Username, Email atau No. Handphone_a'

2023-10-05 13:25:09 - [MESSAGE][PASSED] - Text 'irfanafandi' is set on object 'Object Repository/Login/input_Username, Email atau No. Handphone_a'

2023-10-05 13:25:09 - [TEST_STEP][PASSED] - setText(findTestObject("Login/input_Password_b"), password): Text '12345irfan' is set on object 'Object Repository/Login/input_Password_b'

2023-10-05 13:25:10 - [MESSAGE][PASSED] - Text '12345irfan' is set on object 'Object Repository/Login/input_Password_b'

2023-10-05 13:25:10 - [TEST_STEP][PASSED] - click(findTestObject("Login/label_Ingat saya")): Object: 'Object Repository/Login/label_Ingat saya' is clicked on

2023-10-05 13:25:10 - [MESSAGE][PASSED] - Object: 'Object Repository/Login/label_Ingat saya' is clicked on

2023-10-05 13:25:10 - [TEST_STEP][PASSED] - click(findTestObject("Login/button_Masuk")): Object: 'Object Repository/Login/button_Masuk' is clicked on

2023-10-05 13:25:12 - [MESSAGE][PASSED] - Object: 'Object Repository/Login/button_Masuk' is clicked on

2023-10-05 13:25:12 - [TEST_STEP][PASSED] - verifyElementPresent(findTestObject("Login/li_Profile"), 0): Object 'Object Repository/Login/li_Profile' is present

2023-10-05 13:25:12 - [MESSAGE][WARNING] - Timeout '0' is invalid. Using default page load timeout: '30'

2023-10-05 13:25:13 - [MESSAGE][PASSED] - Object 'Object Repository/Login/li_Profile' is present

2023-10-05 13:25:13 - [MESSAGE][PASSED] - Call Test Case 'Test Cases/T13 Pembelian, Shipment dan Pembayaran/LU-001' successfully

2023-10-05 13:25:13 - [TEST_STEP][PASSED] - mouseOver(findTestObject("beli barang/i_Mulai Belanja_icon-menu")): Object: 'Object Repository/beli barang/i_Mulai Belanja_icon-menu' is hovered

2023-10-05 13:25:14 - [MESSAGE][PASSED] - Object: 'Object Repository/beli barang/i_Mulai Belanja_icon-menu' is hovered

2023-10-05 13:25:14 - [TEST_STEP][PASSED] - click(findTestObject("beli barang/a_Fashion  Busana Wanita")): Object: 'Object Repository/beli barang/a_Fashion  Busana Wanita' is clicked on

2023-10-05 13:25:15 - [MESSAGE][PASSED] - Object: 'Object Repository/beli barang/a_Fashion  Busana Wanita' is clicked on

2023-10-05 13:25:15 - [TEST_STEP][PASSED] - NamaSebelum = getText(findTestObject("verifikasi/Nama sebelum")): Text of object 'Object Repository/verifikasi/Nama sebelum' is: ''

2023-10-05 13:25:15 - [MESSAGE][PASSED] - Text of object 'Object Repository/verifikasi/Nama sebelum' is: ''

2023-10-05 13:25:15 - [TEST_STEP][PASSED] - HargaSebelum = getText(findTestObject("verifikasi/Harga sebelum")): Text of object 'Object Repository/verifikasi/Harga sebelum' is: 'Rp 1,299'

2023-10-05 13:25:16 - [MESSAGE][PASSED] - Text of object 'Object Repository/verifikasi/Harga sebelum' is: 'Rp 1,299'

2023-10-05 13:25:16 - [TEST_STEP][PASSED] - mouseOver(findTestObject("beli barang/barang mouse over")): Object: 'Object Repository/beli barang/barang mouse over' is hovered

2023-10-05 13:25:16 - [MESSAGE][PASSED] - Object: 'Object Repository/beli barang/barang mouse over' is hovered

2023-10-05 13:25:16 - [TEST_STEP][PASSED] - click(findTestObject("beli barang/buttom add to cart")): Object: 'Object Repository/beli barang/buttom add to cart' is clicked on

2023-10-05 13:25:18 - [MESSAGE][PASSED] - Object: 'Object Repository/beli barang/buttom add to cart' is clicked on

2023-10-05 13:25:18 - [TEST_STEP][PASSED] - NamaSesudah = getText(findTestObject("verifikasi/Nama sesudah")): Text of object 'Object Repository/verifikasi/Nama sesudah' is: 'Segitiga Instan Madeira - MDB5.3 Sunset'

2023-10-05 13:25:18 - [MESSAGE][PASSED] - Text of object 'Object Repository/verifikasi/Nama sesudah' is: 'Segitiga Instan Madeira - MDB5.3 Sunset'

2023-10-05 13:25:18 - [TEST_STEP][PASSED] - HargaSesudah = getText(findTestObject("verifikasi/Harga sesudah")): Text of object 'Object Repository/verifikasi/Harga sesudah' is: 'Rp 1,299'

2023-10-05 13:25:19 - [MESSAGE][PASSED] - Text of object 'Object Repository/verifikasi/Harga sesudah' is: 'Rp 1,299'

2023-10-05 13:25:19 - [TEST_STEP][PASSED] - assert NamaSesudah.contains(NamaSebelum): null

2023-10-05 13:25:19 - [TEST_STEP][PASSED] - assert HargaSesudah.contains(HargaSebelum): null

2023-10-05 13:25:19 - [TEST_STEP][PASSED] - click(findTestObject("beli barang/Tambah Keranjang busana wanita")): Object: 'Object Repository/beli barang/Tambah Keranjang busana wanita' is clicked on

2023-10-05 13:25:19 - [MESSAGE][PASSED] - Object: 'Object Repository/beli barang/Tambah Keranjang busana wanita' is clicked on

2023-10-05 13:25:19 - [TEST_STEP][PASSED] - verifyElementPresent(findTestObject("checkout/Notifikasi keranjang"), 1): Object 'Object Repository/checkout/Notifikasi keranjang' is present

2023-10-05 13:25:20 - [MESSAGE][PASSED] - Object 'Object Repository/checkout/Notifikasi keranjang' is present

2023-10-05 13:25:20 - [TEST_STEP][PASSED] - data = new java.util.HashMap(): null

2023-10-05 13:25:20 - [TEST_STEP][PASSED] - data.put("nama_barang", NamaSesudah): null

2023-10-05 13:25:20 - [TEST_STEP][PASSED] - data.put("price_barang", HargaSesudah): null

2023-10-05 13:25:20 - [TEST_STEP][PASSED] - return data: null

2023-10-05 13:25:20 - [MESSAGE][PASSED] - Call Test Case 'Test Cases/T13 Pembelian, Shipment dan Pembayaran/PBL-001' successfully

2023-10-05 13:25:20 - [TEST_STEP][PASSED] - mouseOver(findTestObject("beli barang/keranjang")): Object: 'Object Repository/beli barang/keranjang' is hovered

2023-10-05 13:25:21 - [MESSAGE][PASSED] - Object: 'Object Repository/beli barang/keranjang' is hovered

2023-10-05 13:25:21 - [TEST_STEP][PASSED] - click(findTestObject("beli barang/Lihat Sekarang")): Object: 'Object Repository/beli barang/Lihat Sekarang' is clicked on

2023-10-05 13:25:22 - [MESSAGE][PASSED] - Object: 'Object Repository/beli barang/Lihat Sekarang' is clicked on

2023-10-05 13:25:22 - [TEST_STEP][PASSED] - verifyElementPresent(findTestObject("keranjang/li_Keranjang Belanja"), 0): Object 'Object Repository/keranjang/li_Keranjang Belanja' is present

2023-10-05 13:25:22 - [MESSAGE][WARNING] - Timeout '0' is invalid. Using default page load timeout: '30'

2023-10-05 13:25:23 - [MESSAGE][PASSED] - Object 'Object Repository/keranjang/li_Keranjang Belanja' is present

2023-10-05 13:25:23 - [TEST_STEP][PASSED] - NamaKeranjang = getText(findTestObject("verifikasi/Nama keranjang")): Text of object 'Object Repository/verifikasi/Nama keranjang' is: 'Segitiga Instan Madeira - MDB5.3 Sunset'

2023-10-05 13:25:23 - [MESSAGE][PASSED] - Text of object 'Object Repository/verifikasi/Nama keranjang' is: 'Segitiga Instan Madeira - MDB5.3 Sunset'

2023-10-05 13:25:23 - [TEST_STEP][PASSED] - HargaKeranjang = getText(findTestObject("verifikasi/Harga Keranjang")): Text of object 'Object Repository/verifikasi/Harga Keranjang' is: 'Rp 1,299'

2023-10-05 13:25:24 - [MESSAGE][PASSED] - Text of object 'Object Repository/verifikasi/Harga Keranjang' is: 'Rp 1,299'

2023-10-05 13:25:24 - [TEST_STEP][PASSED] - if (toString().equalsIgnoreCase("Merah")): Object 'Object Repository/keranjang/input_Warna_variasi101' is checked

2023-10-05 13:25:24 - [TEST_STEP][PASSED] - check(findTestObject("Object Repository/keranjang/input_Warna_variasi101")): Object 'Object Repository/keranjang/input_Warna_variasi101' is checked

2023-10-05 13:25:24 - [MESSAGE][PASSED] - Object 'Object Repository/keranjang/input_Warna_variasi101' is checked

2023-10-05 13:25:24 - [TEST_STEP][PASSED] - if (toString().equalsIgnoreCase("Menengah")): Object 'Object Repository/keranjang/input_Ukuran_variasi201' is checked

2023-10-05 13:25:24 - [TEST_STEP][PASSED] - check(findTestObject("Object Repository/keranjang/input_Ukuran_variasi201")): Object 'Object Repository/keranjang/input_Ukuran_variasi201' is checked

2023-10-05 13:25:25 - [MESSAGE][PASSED] - Object 'Object Repository/keranjang/input_Ukuran_variasi201' is checked

2023-10-05 13:25:25 - [TEST_STEP][PASSED] - data.put("Warna", warna): null

2023-10-05 13:25:25 - [TEST_STEP][PASSED] - data.put("Ukuran", ukuran): null

2023-10-05 13:25:25 - [TEST_STEP][PASSED] - click(findTestObject("keranjang/button_Lanjut ke Pembayaran")): Object: 'Object Repository/keranjang/button_Lanjut ke Pembayaran' is clicked on

2023-10-05 13:25:26 - [MESSAGE][PASSED] - Object: 'Object Repository/keranjang/button_Lanjut ke Pembayaran' is clicked on

2023-10-05 13:25:26 - [TEST_STEP][PASSED] - verifyElementPresent(findTestObject("checkout/Tittle Checkout Order"), 0): Object 'Object Repository/checkout/Tittle Checkout Order' is present

2023-10-05 13:25:26 - [MESSAGE][WARNING] - Timeout '0' is invalid. Using default page load timeout: '30'

2023-10-05 13:25:27 - [MESSAGE][PASSED] - Object 'Object Repository/checkout/Tittle Checkout Order' is present

2023-10-05 13:25:27 - [TEST_STEP][PASSED] - name_product = data.get("nama_barang"): null

2023-10-05 13:25:27 - [TEST_STEP][PASSED] - price_product = data.get("price_barang"): null

2023-10-05 13:25:27 - [TEST_STEP][PASSED] - assert name_product == NamaKeranjang: null

2023-10-05 13:25:27 - [TEST_STEP][PASSED] - assert price_product == HargaKeranjang: null

2023-10-05 13:25:27 - [TEST_STEP][PASSED] - return data: null

2023-10-05 13:25:27 - [MESSAGE][PASSED] - Call Test Case 'Test Cases/T13 Pembelian, Shipment dan Pembayaran/PBL-002' successfully

2023-10-05 13:25:27 - [TEST_STEP][PASSED] - warnaa = getText(findTestObject("verifikasi/warna Merah")): Text of object 'Object Repository/verifikasi/warna Merah' is: 'Merah'

2023-10-05 13:25:27 - [MESSAGE][PASSED] - Text of object 'Object Repository/verifikasi/warna Merah' is: 'Merah'

2023-10-05 13:25:27 - [TEST_STEP][PASSED] - ukurann = getText(findTestObject("verifikasi/Ukuran Menengah")): Text of object 'Object Repository/verifikasi/Ukuran Menengah' is: 'Menengah'

2023-10-05 13:25:28 - [MESSAGE][PASSED] - Text of object 'Object Repository/verifikasi/Ukuran Menengah' is: 'Menengah'

2023-10-05 13:25:28 - [TEST_STEP][PASSED] - warna1 = data.get("Warna"): null

2023-10-05 13:25:28 - [TEST_STEP][PASSED] - ukuran1 = data.get("Ukuran"): null

2023-10-05 13:25:28 - [TEST_STEP][PASSED] - assert warnaa == warna1: null

2023-10-05 13:25:28 - [TEST_STEP][PASSED] - assert ukurann == ukuran1: null

2023-10-05 13:25:28 - [TEST_STEP][PASSED] - NamaCheckout = getText(findTestObject("verifikasi/NamaCheckout")): Text of object 'Object Repository/verifikasi/NamaCheckout' is: ''

2023-10-05 13:25:28 - [MESSAGE][PASSED] - Text of object 'Object Repository/verifikasi/NamaCheckout' is: ''

2023-10-05 13:25:28 - [TEST_STEP][PASSED] - HargaCheckout = getText(findTestObject("verifikasi/HargaCheckout")): Text of object 'Object Repository/verifikasi/HargaCheckout' is: '1,299'

2023-10-05 13:25:28 - [MESSAGE][PASSED] - Text of object 'Object Repository/verifikasi/HargaCheckout' is: '1,299'

2023-10-05 13:25:28 - [TEST_STEP][PASSED] - name_product = data.get("nama_barang"): null

2023-10-05 13:25:28 - [TEST_STEP][PASSED] - price_product = data.get("price_barang"): null

2023-10-05 13:25:28 - [TEST_STEP][PASSED] - assert name_product.contains(NamaCheckout): null

2023-10-05 13:25:28 - [TEST_STEP][PASSED] - assert price_product.contains(HargaCheckout): null

2023-10-05 13:25:28 - [TEST_STEP][PASSED] - selectOptionByLabel(findTestObject("checkout/select - Kirim via Kurir Lokal"), Kurir, false): All options with label 'Roda 2' are selected in object 'Object Repository/checkout/select - Kirim via Kurir Lokal' 

2023-10-05 13:25:29 - [MESSAGE][PASSED] - All options with label 'Roda 2' are selected in object 'Object Repository/checkout/select - Kirim via Kurir Lokal' 

2023-10-05 13:25:29 - [TEST_STEP][PASSED] - click(findTestObject("checkout/Kendaraan Kurir")): Object: 'Object Repository/checkout/Kendaraan Kurir' is clicked on

2023-10-05 13:25:30 - [MESSAGE][PASSED] - Object: 'Object Repository/checkout/Kendaraan Kurir' is clicked on

2023-10-05 13:25:30 - [TEST_STEP][PASSED] - OngkosKirim = getText(findTestObject("Object Repository/verifikasi/Ongkos Kirim checkout")): Text of object 'Object Repository/verifikasi/Ongkos Kirim checkout' is: 'Rp. 5,000'

2023-10-05 13:25:30 - [MESSAGE][PASSED] - Text of object 'Object Repository/verifikasi/Ongkos Kirim checkout' is: 'Rp. 5,000'

2023-10-05 13:25:30 - [TEST_STEP][PASSED] - Ongkos = OngkosKirim.substring(3, OngkosKirim.size()): null

2023-10-05 13:25:30 - [TEST_STEP][PASSED] - rep = Ongkos.replace(",", "."): null

2023-10-05 13:25:30 - [TEST_STEP][PASSED] - Ongkos_kirim = Double.parseDouble(rep): null

2023-10-05 13:25:30 - [TEST_STEP][PASSED] - println(Ongkos_kirim): null

2023-10-05 13:25:30 - [TEST_STEP][PASSED] - FeeAdmin = getText(findTestObject("verifikasi/Fee Admin checkout")): Text of object 'Object Repository/verifikasi/Fee Admin checkout' is: 'Fee Admin
Rp 1,500'

2023-10-05 13:25:31 - [MESSAGE][PASSED] - Text of object 'Object Repository/verifikasi/Fee Admin checkout' is: 'Fee Admin
Rp 1,500'

2023-10-05 13:25:31 - [TEST_STEP][PASSED] - Fee_Admin = FeeAdmin.substring(12, FeeAdmin.size()): null

2023-10-05 13:25:31 - [TEST_STEP][PASSED] - fee = Fee_Admin.replace(",", "."): null

2023-10-05 13:25:31 - [TEST_STEP][PASSED] - fee_admin = Double.parseDouble(fee): null

2023-10-05 13:25:31 - [TEST_STEP][PASSED] - println(fee_admin): null

2023-10-05 13:25:31 - [TEST_STEP][PASSED] - Subtotal = getText(findTestObject("verifikasi/subtotal checkout")): Text of object 'Object Repository/verifikasi/subtotal checkout' is: 'Subtotal
Rp 1,299'

2023-10-05 13:25:31 - [MESSAGE][PASSED] - Text of object 'Object Repository/verifikasi/subtotal checkout' is: 'Subtotal
Rp 1,299'

2023-10-05 13:25:31 - [TEST_STEP][PASSED] - sub_total = Subtotal.substring(12, Subtotal.size()): null

2023-10-05 13:25:31 - [TEST_STEP][PASSED] - sub = sub_total.replace(",", "."): null

2023-10-05 13:25:31 - [TEST_STEP][PASSED] - sub_total = Double.parseDouble(sub): null

2023-10-05 13:25:31 - [TEST_STEP][PASSED] - println(sub_total): null

2023-10-05 13:25:31 - [TEST_STEP][PASSED] - Total = getText(findTestObject("verifikasi/Total checkout")): Text of object 'Object Repository/verifikasi/Total checkout' is: 'Rp 7,799'

2023-10-05 13:25:32 - [MESSAGE][PASSED] - Text of object 'Object Repository/verifikasi/Total checkout' is: 'Rp 7,799'

2023-10-05 13:25:32 - [TEST_STEP][PASSED] - totall = Total.substring(3, Total.size()): null

2023-10-05 13:25:32 - [TEST_STEP][PASSED] - total = totall.replace(",", "."): null

2023-10-05 13:25:32 - [TEST_STEP][PASSED] - totall = Double.parseDouble(total): null

2023-10-05 13:25:32 - [TEST_STEP][PASSED] - println(totall): null

2023-10-05 13:25:32 - [TEST_STEP][PASSED] - Total_Harga = Ongkos_kirim + fee_admin + sub_total: null

2023-10-05 13:25:32 - [TEST_STEP][PASSED] - println(Total_Harga): null

2023-10-05 13:25:32 - [TEST_STEP][PASSED] - TotalHarga = Math.round(Total_Harga * 1000) / 1000: null

2023-10-05 13:25:32 - [TEST_STEP][PASSED] - println(TotalHarga): null

2023-10-05 13:25:32 - [TEST_STEP][PASSED] - assert totall == TotalHarga: null

2023-10-05 13:25:32 - [TEST_STEP][PASSED] - click(findTestObject("verifikasi/Metode Transfer")): Object: 'Object Repository/verifikasi/Metode Transfer' is clicked on

2023-10-05 13:25:32 - [MESSAGE][PASSED] - Object: 'Object Repository/verifikasi/Metode Transfer' is clicked on

2023-10-05 13:25:32 - [TEST_STEP][PASSED] - click(findTestObject("checkout/button_Proses Pembayaran")): Object: 'Object Repository/checkout/button_Proses Pembayaran' is clicked on

2023-10-05 13:25:41 - [MESSAGE][PASSED] - Object: 'Object Repository/checkout/button_Proses Pembayaran' is clicked on

2023-10-05 13:25:41 - [TEST_STEP][PASSED] - verifyElementPresent(findTestObject("pembayaran/Tittle nomor invoice"), 0): Object 'Object Repository/pembayaran/Tittle nomor invoice' is present

2023-10-05 13:25:41 - [MESSAGE][WARNING] - Timeout '0' is invalid. Using default page load timeout: '30'

2023-10-05 13:25:42 - [MESSAGE][PASSED] - Object 'Object Repository/pembayaran/Tittle nomor invoice' is present

2023-10-05 13:25:42 - [TEST_STEP][PASSED] - return data: null

2023-10-05 13:25:42 - [MESSAGE][PASSED] - Call Test Case 'Test Cases/T13 Pembelian, Shipment dan Pembayaran/PBL-004' successfully

2023-10-05 13:25:42 - [TEST_STEP][PASSED] - Invoice = getText(findTestObject("pembayaran/nomor invoice")): Text of object 'Object Repository/pembayaran/nomor invoice' is: 'TRX60.20231005132536'

2023-10-05 13:25:42 - [MESSAGE][PASSED] - Text of object 'Object Repository/pembayaran/nomor invoice' is: 'TRX60.20231005132536'

2023-10-05 13:25:42 - [TEST_STEP][PASSED] - data.put("invoice", Invoice): null

2023-10-05 13:25:42 - [TEST_STEP][PASSED] - NamaPemesan = getText(findTestObject("Konfirmasi pesanan shop/Nama pemesan")): Text of object 'Object Repository/Konfirmasi pesanan shop/Nama pemesan' is: 'irfan.afandi'

2023-10-05 13:25:43 - [MESSAGE][PASSED] - Text of object 'Object Repository/Konfirmasi pesanan shop/Nama pemesan' is: 'irfan.afandi'

2023-10-05 13:25:43 - [TEST_STEP][PASSED] - Nama = getText(findTestObject("pembayaran/Nama barang")): Text of object 'Object Repository/pembayaran/Nama barang' is: 'Segitiga Instan Madeira - MDB5.3 Sunset'

2023-10-05 13:25:43 - [MESSAGE][PASSED] - Text of object 'Object Repository/pembayaran/Nama barang' is: 'Segitiga Instan Madeira - MDB5.3 Sunset'

2023-10-05 13:25:43 - [TEST_STEP][PASSED] - Harga = getText(findTestObject("pembayaran/Harga barang")): Text of object 'Object Repository/pembayaran/Harga barang' is: '1,299'

2023-10-05 13:25:44 - [MESSAGE][PASSED] - Text of object 'Object Repository/pembayaran/Harga barang' is: '1,299'

2023-10-05 13:25:44 - [TEST_STEP][PASSED] - name_product = data.get("nama_barang"): null

2023-10-05 13:25:44 - [TEST_STEP][PASSED] - price_product = data.get("price_barang"): null

2023-10-05 13:25:44 - [TEST_STEP][PASSED] - assert name_product.contains(Nama): null

2023-10-05 13:25:44 - [TEST_STEP][PASSED] - assert price_product.contains(Harga): null

2023-10-05 13:25:44 - [TEST_STEP][PASSED] - warnaa = getText(findTestObject("pembayaran/warna")): Text of object 'Object Repository/pembayaran/warna' is: 'Merah'

2023-10-05 13:25:44 - [MESSAGE][PASSED] - Text of object 'Object Repository/pembayaran/warna' is: 'Merah'

2023-10-05 13:25:44 - [TEST_STEP][PASSED] - ukurann = getText(findTestObject("pembayaran/ukuran")): Text of object 'Object Repository/pembayaran/ukuran' is: 'Menengah'

2023-10-05 13:25:45 - [MESSAGE][PASSED] - Text of object 'Object Repository/pembayaran/ukuran' is: 'Menengah'

2023-10-05 13:25:45 - [TEST_STEP][PASSED] - warna1 = data.get("Warna"): null

2023-10-05 13:25:45 - [TEST_STEP][PASSED] - ukuran1 = data.get("Ukuran"): null

2023-10-05 13:25:45 - [TEST_STEP][PASSED] - assert warnaa == warna1: null

2023-10-05 13:25:45 - [TEST_STEP][PASSED] - assert ukurann == ukuran1: null

2023-10-05 13:25:45 - [TEST_STEP][PASSED] - statusPembelian = getText(findTestObject("verifikasi/Status pending di pembelian")): Text of object 'Object Repository/verifikasi/Status pending di pembelian' is: 'Pending'

2023-10-05 13:25:45 - [MESSAGE][PASSED] - Text of object 'Object Repository/verifikasi/Status pending di pembelian' is: 'Pending'

2023-10-05 13:25:45 - [TEST_STEP][PASSED] - data.put("statusPem", statusPembelian): null

2023-10-05 13:25:45 - [TEST_STEP][PASSED] - OngkosKirim = getText(findTestObject("pembayaran/ongkos kirim")): Text of object 'Object Repository/pembayaran/ongkos kirim' is: 'Rp 5,000'

2023-10-05 13:25:46 - [MESSAGE][PASSED] - Text of object 'Object Repository/pembayaran/ongkos kirim' is: 'Rp 5,000'

2023-10-05 13:25:46 - [TEST_STEP][PASSED] - Ongkos = OngkosKirim.substring(3, OngkosKirim.size()): null

2023-10-05 13:25:46 - [TEST_STEP][PASSED] - rep = Ongkos.replace(",", ""): null

2023-10-05 13:25:46 - [TEST_STEP][PASSED] - Ongkos_kirimm = Integer.parseInt(rep): null

2023-10-05 13:25:46 - [TEST_STEP][PASSED] - println(Ongkos_kirimm): null

2023-10-05 13:25:46 - [TEST_STEP][PASSED] - FeeAdmin = getText(findTestObject("pembayaran/fee admin")): Text of object 'Object Repository/pembayaran/fee admin' is: 'Rp 1,500'

2023-10-05 13:25:47 - [MESSAGE][PASSED] - Text of object 'Object Repository/pembayaran/fee admin' is: 'Rp 1,500'

2023-10-05 13:25:47 - [TEST_STEP][PASSED] - Fee_Admin = FeeAdmin.substring(3, FeeAdmin.size()): null

2023-10-05 13:25:47 - [TEST_STEP][PASSED] - fee = Fee_Admin.replace(",", ""): null

2023-10-05 13:25:47 - [TEST_STEP][PASSED] - fee_adminn = Integer.parseInt(fee): null

2023-10-05 13:25:47 - [TEST_STEP][PASSED] - println(fee_adminn): null

2023-10-05 13:25:47 - [TEST_STEP][PASSED] - Subtotal = getText(findTestObject("pembayaran/subtotal")): Text of object 'Object Repository/pembayaran/subtotal' is: 'Rp 1,299'

2023-10-05 13:25:47 - [MESSAGE][PASSED] - Text of object 'Object Repository/pembayaran/subtotal' is: 'Rp 1,299'

2023-10-05 13:25:47 - [TEST_STEP][PASSED] - sub_total = Subtotal.substring(3, Subtotal.size()): null

2023-10-05 13:25:47 - [TEST_STEP][PASSED] - sub = sub_total.replace(",", ""): null

2023-10-05 13:25:47 - [TEST_STEP][PASSED] - sub_totall = Integer.parseInt(sub): null

2023-10-05 13:25:47 - [TEST_STEP][PASSED] - println(sub_totall): null

2023-10-05 13:25:47 - [TEST_STEP][PASSED] - unik = getText(findTestObject("pembayaran/kode unik")): Text of object 'Object Repository/pembayaran/kode unik' is: '+536'

2023-10-05 13:25:48 - [MESSAGE][PASSED] - Text of object 'Object Repository/pembayaran/kode unik' is: '+536'

2023-10-05 13:25:48 - [TEST_STEP][PASSED] - unikk = unik.replace("+", ""): null

2023-10-05 13:25:48 - [TEST_STEP][PASSED] - kode_unik = Integer.parseInt(unikk): null

2023-10-05 13:25:48 - [TEST_STEP][PASSED] - println(kode_unik): null

2023-10-05 13:25:48 - [TEST_STEP][PASSED] - Total = getText(findTestObject("pembayaran/total")): Text of object 'Object Repository/pembayaran/total' is: '8,335'

2023-10-05 13:25:48 - [MESSAGE][PASSED] - Text of object 'Object Repository/pembayaran/total' is: '8,335'

2023-10-05 13:25:48 - [TEST_STEP][PASSED] - total = Total.replace(",", ""): null

2023-10-05 13:25:48 - [TEST_STEP][PASSED] - totalll = Integer.parseInt(total): null

2023-10-05 13:25:48 - [TEST_STEP][PASSED] - println(totalll): null

2023-10-05 13:25:48 - [TEST_STEP][PASSED] - Total_Hargaa = Ongkos_kirimm + fee_adminn + sub_totall + kode_unik: null

2023-10-05 13:25:48 - [TEST_STEP][PASSED] - println(Total_Hargaa): null

2023-10-05 13:25:48 - [TEST_STEP][PASSED] - assert totalll == Total_Hargaa: null

2023-10-05 13:25:48 - [TEST_STEP][PASSED] - data.put("total", Total): null

2023-10-05 13:25:48 - [TEST_STEP][PASSED] - data.put("nama", NamaPemesan): null

2023-10-05 13:25:48 - [TEST_STEP][PASSED] - return data: null

2023-10-05 13:25:48 - [MESSAGE][PASSED] - Call Test Case 'Test Cases/T13 Pembelian, Shipment dan Pembayaran/PBY-001' successfully

2023-10-05 13:25:48 - [TEST_STEP][PASSED] - inv = data.get("invoice"): null

2023-10-05 13:25:48 - [TEST_STEP][PASSED] - Total = data.get("total"): null

2023-10-05 13:25:48 - [TEST_STEP][PASSED] - NamaPemesan = data.get("nama"): null

2023-10-05 13:25:48 - [TEST_STEP][PASSED] - click(findTestObject("Konfirmasi pesanan shop/Menu Shop")): Object: 'Object Repository/Konfirmasi pesanan shop/Menu Shop' is clicked on

2023-10-05 13:25:50 - [MESSAGE][PASSED] - Object: 'Object Repository/Konfirmasi pesanan shop/Menu Shop' is clicked on

2023-10-05 13:25:50 - [TEST_STEP][PASSED] - click(findTestObject("Konfirmasi pesanan shop/Menu Shop")): Object: 'Object Repository/Konfirmasi pesanan shop/Menu Shop' is clicked on

2023-10-05 13:25:51 - [MESSAGE][PASSED] - Object: 'Object Repository/Konfirmasi pesanan shop/Menu Shop' is clicked on

2023-10-05 13:25:51 - [TEST_STEP][PASSED] - click(findTestObject("Konfirmasi pesanan shop/Konfirmasi Orders")): Object: 'Object Repository/Konfirmasi pesanan shop/Konfirmasi Orders' is clicked on

2023-10-05 13:25:52 - [MESSAGE][PASSED] - Object: 'Object Repository/Konfirmasi pesanan shop/Konfirmasi Orders' is clicked on

2023-10-05 13:25:52 - [TEST_STEP][PASSED] - verifyElementPresent(findTestObject("Konfirmasi pesanan shop/Tittle Konfirmasi Pesanan"), 0): Object 'Object Repository/Konfirmasi pesanan shop/Tittle Konfirmasi Pesanan' is present

2023-10-05 13:25:52 - [MESSAGE][WARNING] - Timeout '0' is invalid. Using default page load timeout: '30'

2023-10-05 13:25:53 - [MESSAGE][PASSED] - Object 'Object Repository/Konfirmasi pesanan shop/Tittle Konfirmasi Pesanan' is present

2023-10-05 13:25:53 - [TEST_STEP][PASSED] - setText(findTestObject("Konfirmasi pesanan shop/input_No Pesanan"), inv): Text 'TRX60.20231005132536' is set on object 'Object Repository/Konfirmasi pesanan shop/input_No Pesanan'

2023-10-05 13:25:53 - [MESSAGE][PASSED] - Text 'TRX60.20231005132536' is set on object 'Object Repository/Konfirmasi pesanan shop/input_No Pesanan'

2023-10-05 13:25:53 - [TEST_STEP][PASSED] - setText(findTestObject("Konfirmasi pesanan shop/input_Alamat E-mai"), "irfan@gmail.com"): Text 'irfan@gmail.com' is set on object 'Object Repository/Konfirmasi pesanan shop/input_Alamat E-mai'

2023-10-05 13:25:54 - [MESSAGE][PASSED] - Text 'irfan@gmail.com' is set on object 'Object Repository/Konfirmasi pesanan shop/input_Alamat E-mai'

2023-10-05 13:25:54 - [TEST_STEP][PASSED] - click(findTestObject("Konfirmasi pesanan shop/button_Submit")): Object: 'Object Repository/Konfirmasi pesanan shop/button_Submit' is clicked on

2023-10-05 13:25:55 - [MESSAGE][PASSED] - Object: 'Object Repository/Konfirmasi pesanan shop/button_Submit' is clicked on

2023-10-05 13:25:55 - [TEST_STEP][PASSED] - verifyElementPresent(findTestObject("Konfirmasi pesanan shop/Tittle nomor invoice"), 0): Object 'Object Repository/Konfirmasi pesanan shop/Tittle nomor invoice' is present

2023-10-05 13:25:55 - [MESSAGE][WARNING] - Timeout '0' is invalid. Using default page load timeout: '30'

2023-10-05 13:25:56 - [MESSAGE][PASSED] - Object 'Object Repository/Konfirmasi pesanan shop/Tittle nomor invoice' is present

2023-10-05 13:25:56 - [TEST_STEP][PASSED] - setText(findTestObject("Konfirmasi pesanan shop/input_Total TagihanTransfer_b"), Total): Text '8,335' is set on object 'Object Repository/Konfirmasi pesanan shop/input_Total TagihanTransfer_b'

2023-10-05 13:25:57 - [MESSAGE][PASSED] - Text '8,335' is set on object 'Object Repository/Konfirmasi pesanan shop/input_Total TagihanTransfer_b'

2023-10-05 13:25:57 - [TEST_STEP][PASSED] - selectOptionByValue(findTestObject("Konfirmasi pesanan shop/select_Bank"), "4", false): All options with value '4' are selected in object 'Object Repository/Konfirmasi pesanan shop/select_Bank' 

2023-10-05 13:25:58 - [MESSAGE][PASSED] - All options with value '4' are selected in object 'Object Repository/Konfirmasi pesanan shop/select_Bank' 

2023-10-05 13:25:58 - [TEST_STEP][PASSED] - setText(findTestObject("Konfirmasi pesanan shop/input_Nama Pengirim_d"), NamaPemesan): Text 'irfan.afandi' is set on object 'Object Repository/Konfirmasi pesanan shop/input_Nama Pengirim_d'

2023-10-05 13:25:59 - [MESSAGE][PASSED] - Text 'irfan.afandi' is set on object 'Object Repository/Konfirmasi pesanan shop/input_Nama Pengirim_d'

2023-10-05 13:25:59 - [TEST_STEP][PASSED] - uploadFile(findTestObject("keranjang/konfirmasi/input_Upload Bukti Transfer_f"), "C:\Users\IRFAN\Downloads\Berkas2.pdf"): File 'C:\Users\IRFAN\Downloads\Berkas2.pdf' sent to object: 'Object Repository/keranjang/konfirmasi/input_Upload Bukti Transfer_f'

2023-10-05 13:25:59 - [MESSAGE][PASSED] - File 'C:\Users\IRFAN\Downloads\Berkas2.pdf' sent to object: 'Object Repository/keranjang/konfirmasi/input_Upload Bukti Transfer_f'

2023-10-05 13:25:59 - [TEST_STEP][PASSED] - click(findTestObject("Konfirmasi pesanan shop/button_Konfirmasi Pembayaran")): Object: 'Object Repository/Konfirmasi pesanan shop/button_Konfirmasi Pembayaran' is clicked on

2023-10-05 13:26:00 - [MESSAGE][PASSED] - Object: 'Object Repository/Konfirmasi pesanan shop/button_Konfirmasi Pembayaran' is clicked on

2023-10-05 13:26:00 - [TEST_STEP][PASSED] - verifyElementPresent(findTestObject("Konfirmasi pesanan shop/Tittle Konfirmasi Pesanan"), 0): Object 'Object Repository/Konfirmasi pesanan shop/Tittle Konfirmasi Pesanan' is present

2023-10-05 13:26:00 - [MESSAGE][WARNING] - Timeout '0' is invalid. Using default page load timeout: '30'

2023-10-05 13:26:01 - [MESSAGE][PASSED] - Object 'Object Repository/Konfirmasi pesanan shop/Tittle Konfirmasi Pesanan' is present

2023-10-05 13:26:01 - [TEST_STEP][PASSED] - verifyElementPresent(findTestObject("Konfirmasi pesanan shop/Tittle massage succes Konfirmasi Pembayaran Pesanan"), 0): Object 'Object Repository/Konfirmasi pesanan shop/Tittle massage succes Konfirmasi Pembayaran Pesanan' is present

2023-10-05 13:26:01 - [MESSAGE][WARNING] - Timeout '0' is invalid. Using default page load timeout: '30'

2023-10-05 13:26:01 - [MESSAGE][PASSED] - Object 'Object Repository/Konfirmasi pesanan shop/Tittle massage succes Konfirmasi Pembayaran Pesanan' is present

2023-10-05 13:26:01 - [TEST_STEP][PASSED] - return data: null]]></system-out>
         <system-err><![CDATA[]]></system-err>
      </testcase>
      <testcase name="Test Cases/T13 Pembelian, Shipment dan Pembayaran/PBY-005" time="60.491" classname="Test Cases/T13 Pembelian, Shipment dan Pembayaran/PBY-005" status="PASSED">
         <system-out><![CDATA[2023-10-05 13:26:01 - [TEST_CASE][PASSED] - Test Cases/T13 Pembelian, Shipment dan Pembayaran/PBY-005: Test Cases/T13 Pembelian, Shipment dan Pembayaran/PBY-005

2023-10-05 13:26:02 - [TEST_STEP][PASSED] - data = callTestCase(findTestCase("T13 Pembelian, Shipment dan Pembayaran/PBY-001"), [:], STOP_ON_FAILURE): Call Test Case 'Test Cases/T13 Pembelian, Shipment dan Pembayaran/PBY-001' successfully

2023-10-05 13:26:02 - [TEST_CASE][PASSED] - Test Cases/T13 Pembelian, Shipment dan Pembayaran/PBY-001: Test Cases/T13 Pembelian, Shipment dan Pembayaran/PBY-001

2023-10-05 13:26:02 - [TEST_STEP][PASSED] - data = callTestCase(findTestCase("T13 Pembelian, Shipment dan Pembayaran/PBL-004"), ["Kurir":"Roda 2"], STOP_ON_FAILURE): Call Test Case 'Test Cases/T13 Pembelian, Shipment dan Pembayaran/PBL-004' successfully

2023-10-05 13:26:02 - [TEST_CASE][PASSED] - Test Cases/T13 Pembelian, Shipment dan Pembayaran/PBL-004: Test Cases/T13 Pembelian, Shipment dan Pembayaran/PBL-004

2023-10-05 13:26:02 - [TEST_STEP][PASSED] - data = callTestCase(findTestCase("T13 Pembelian, Shipment dan Pembayaran/PBL-002"), [:], STOP_ON_FAILURE): Call Test Case 'Test Cases/T13 Pembelian, Shipment dan Pembayaran/PBL-002' successfully

2023-10-05 13:26:02 - [TEST_CASE][PASSED] - Test Cases/T13 Pembelian, Shipment dan Pembayaran/PBL-002: Test Cases/T13 Pembelian, Shipment dan Pembayaran/PBL-002

2023-10-05 13:26:02 - [TEST_STEP][PASSED] - data = callTestCase(findTestCase("T13 Pembelian, Shipment dan Pembayaran/PBL-001"), [:], STOP_ON_FAILURE): Call Test Case 'Test Cases/T13 Pembelian, Shipment dan Pembayaran/PBL-001' successfully

2023-10-05 13:26:02 - [TEST_CASE][PASSED] - Test Cases/T13 Pembelian, Shipment dan Pembayaran/PBL-001: Test Cases/T13 Pembelian, Shipment dan Pembayaran/PBL-001

2023-10-05 13:26:02 - [TEST_STEP][PASSED] - callTestCase(findTestCase("T13 Pembelian, Shipment dan Pembayaran/LU-001"), ["username":"irfanafandi", "password":"12345irfan"], STOP_ON_FAILURE): Call Test Case 'Test Cases/T13 Pembelian, Shipment dan Pembayaran/LU-001' successfully

2023-10-05 13:26:02 - [TEST_CASE][PASSED] - Test Cases/T13 Pembelian, Shipment dan Pembayaran/LU-001: Test Cases/T13 Pembelian, Shipment dan Pembayaran/LU-001

2023-10-05 13:26:02 - [TEST_STEP][PASSED] - openBrowser("https://10.9.2.63/ecommerce/"): Browser is opened with url: 'https://10.9.2.63/ecommerce/'

2023-10-05 13:26:02 - [MESSAGE][WARNING] - A browser is already opened. Closing browser and opening a new one

2023-10-05 13:26:03 - [MESSAGE][INFO] - Starting 'Edge Chromium' driver

2023-10-05 13:26:03 - [MESSAGE][INFO] - User set preference: ['acceptInsecureCerts', 'true']

2023-10-05 13:26:05 - [MESSAGE][INFO] - Action delay is set to 0 milliseconds

2023-10-05 13:26:09 - [MESSAGE][PASSED] - Browser is opened with url: 'https://10.9.2.63/ecommerce/'

2023-10-05 13:26:09 - [TEST_STEP][PASSED] - maximizeWindow(): Current window maximized

2023-10-05 13:26:09 - [MESSAGE][PASSED] - Current window maximized

2023-10-05 13:26:09 - [TEST_STEP][PASSED] - verifyElementPresent(findTestObject("Login/Home"), 0): Object 'Object Repository/Login/Home' is present

2023-10-05 13:26:09 - [MESSAGE][WARNING] - Timeout '0' is invalid. Using default page load timeout: '30'

2023-10-05 13:26:10 - [MESSAGE][PASSED] - Object 'Object Repository/Login/Home' is present

2023-10-05 13:26:10 - [TEST_STEP][PASSED] - click(findTestObject("Login/a_Login")): Object: 'Object Repository/Login/a_Login' is clicked on

2023-10-05 13:26:10 - [MESSAGE][PASSED] - Object: 'Object Repository/Login/a_Login' is clicked on

2023-10-05 13:26:10 - [TEST_STEP][PASSED] - verifyElementPresent(findTestObject("Login/Tittle Login"), 0): Object 'Object Repository/Login/Tittle Login' is present

2023-10-05 13:26:10 - [MESSAGE][WARNING] - Timeout '0' is invalid. Using default page load timeout: '30'

2023-10-05 13:26:11 - [MESSAGE][PASSED] - Object 'Object Repository/Login/Tittle Login' is present

2023-10-05 13:26:11 - [TEST_STEP][PASSED] - setText(findTestObject("Login/input_Username, Email atau No. Handphone_a"), username): Text 'irfanafandi' is set on object 'Object Repository/Login/input_Username, Email atau No. Handphone_a'

2023-10-05 13:26:12 - [MESSAGE][PASSED] - Text 'irfanafandi' is set on object 'Object Repository/Login/input_Username, Email atau No. Handphone_a'

2023-10-05 13:26:12 - [TEST_STEP][PASSED] - setText(findTestObject("Login/input_Password_b"), password): Text '12345irfan' is set on object 'Object Repository/Login/input_Password_b'

2023-10-05 13:26:13 - [MESSAGE][PASSED] - Text '12345irfan' is set on object 'Object Repository/Login/input_Password_b'

2023-10-05 13:26:13 - [TEST_STEP][PASSED] - click(findTestObject("Login/label_Ingat saya")): Object: 'Object Repository/Login/label_Ingat saya' is clicked on

2023-10-05 13:26:13 - [MESSAGE][PASSED] - Object: 'Object Repository/Login/label_Ingat saya' is clicked on

2023-10-05 13:26:13 - [TEST_STEP][PASSED] - click(findTestObject("Login/button_Masuk")): Object: 'Object Repository/Login/button_Masuk' is clicked on

2023-10-05 13:26:15 - [MESSAGE][PASSED] - Object: 'Object Repository/Login/button_Masuk' is clicked on

2023-10-05 13:26:15 - [TEST_STEP][PASSED] - verifyElementPresent(findTestObject("Login/li_Profile"), 0): Object 'Object Repository/Login/li_Profile' is present

2023-10-05 13:26:15 - [MESSAGE][WARNING] - Timeout '0' is invalid. Using default page load timeout: '30'

2023-10-05 13:26:16 - [MESSAGE][PASSED] - Object 'Object Repository/Login/li_Profile' is present

2023-10-05 13:26:16 - [MESSAGE][PASSED] - Call Test Case 'Test Cases/T13 Pembelian, Shipment dan Pembayaran/LU-001' successfully

2023-10-05 13:26:16 - [TEST_STEP][PASSED] - mouseOver(findTestObject("beli barang/i_Mulai Belanja_icon-menu")): Object: 'Object Repository/beli barang/i_Mulai Belanja_icon-menu' is hovered

2023-10-05 13:26:16 - [MESSAGE][PASSED] - Object: 'Object Repository/beli barang/i_Mulai Belanja_icon-menu' is hovered

2023-10-05 13:26:16 - [TEST_STEP][PASSED] - click(findTestObject("beli barang/a_Fashion  Busana Wanita")): Object: 'Object Repository/beli barang/a_Fashion  Busana Wanita' is clicked on

2023-10-05 13:26:17 - [MESSAGE][PASSED] - Object: 'Object Repository/beli barang/a_Fashion  Busana Wanita' is clicked on

2023-10-05 13:26:17 - [TEST_STEP][PASSED] - NamaSebelum = getText(findTestObject("verifikasi/Nama sebelum")): Text of object 'Object Repository/verifikasi/Nama sebelum' is: ''

2023-10-05 13:26:18 - [MESSAGE][PASSED] - Text of object 'Object Repository/verifikasi/Nama sebelum' is: ''

2023-10-05 13:26:18 - [TEST_STEP][PASSED] - HargaSebelum = getText(findTestObject("verifikasi/Harga sebelum")): Text of object 'Object Repository/verifikasi/Harga sebelum' is: 'Rp 1,299'

2023-10-05 13:26:18 - [MESSAGE][PASSED] - Text of object 'Object Repository/verifikasi/Harga sebelum' is: 'Rp 1,299'

2023-10-05 13:26:18 - [TEST_STEP][PASSED] - mouseOver(findTestObject("beli barang/barang mouse over")): Object: 'Object Repository/beli barang/barang mouse over' is hovered

2023-10-05 13:26:19 - [MESSAGE][PASSED] - Object: 'Object Repository/beli barang/barang mouse over' is hovered

2023-10-05 13:26:19 - [TEST_STEP][PASSED] - click(findTestObject("beli barang/buttom add to cart")): Object: 'Object Repository/beli barang/buttom add to cart' is clicked on

2023-10-05 13:26:21 - [MESSAGE][PASSED] - Object: 'Object Repository/beli barang/buttom add to cart' is clicked on

2023-10-05 13:26:21 - [TEST_STEP][PASSED] - NamaSesudah = getText(findTestObject("verifikasi/Nama sesudah")): Text of object 'Object Repository/verifikasi/Nama sesudah' is: 'Segitiga Instan Madeira - MDB5.3 Sunset'

2023-10-05 13:26:21 - [MESSAGE][PASSED] - Text of object 'Object Repository/verifikasi/Nama sesudah' is: 'Segitiga Instan Madeira - MDB5.3 Sunset'

2023-10-05 13:26:21 - [TEST_STEP][PASSED] - HargaSesudah = getText(findTestObject("verifikasi/Harga sesudah")): Text of object 'Object Repository/verifikasi/Harga sesudah' is: 'Rp 1,299'

2023-10-05 13:26:22 - [MESSAGE][PASSED] - Text of object 'Object Repository/verifikasi/Harga sesudah' is: 'Rp 1,299'

2023-10-05 13:26:22 - [TEST_STEP][PASSED] - assert NamaSesudah.contains(NamaSebelum): null

2023-10-05 13:26:22 - [TEST_STEP][PASSED] - assert HargaSesudah.contains(HargaSebelum): null

2023-10-05 13:26:22 - [TEST_STEP][PASSED] - click(findTestObject("beli barang/Tambah Keranjang busana wanita")): Object: 'Object Repository/beli barang/Tambah Keranjang busana wanita' is clicked on

2023-10-05 13:26:22 - [MESSAGE][PASSED] - Object: 'Object Repository/beli barang/Tambah Keranjang busana wanita' is clicked on

2023-10-05 13:26:22 - [TEST_STEP][PASSED] - verifyElementPresent(findTestObject("checkout/Notifikasi keranjang"), 1): Object 'Object Repository/checkout/Notifikasi keranjang' is present

2023-10-05 13:26:23 - [MESSAGE][PASSED] - Object 'Object Repository/checkout/Notifikasi keranjang' is present

2023-10-05 13:26:23 - [TEST_STEP][PASSED] - data = new java.util.HashMap(): null

2023-10-05 13:26:23 - [TEST_STEP][PASSED] - data.put("nama_barang", NamaSesudah): null

2023-10-05 13:26:23 - [TEST_STEP][PASSED] - data.put("price_barang", HargaSesudah): null

2023-10-05 13:26:23 - [TEST_STEP][PASSED] - return data: null

2023-10-05 13:26:23 - [MESSAGE][PASSED] - Call Test Case 'Test Cases/T13 Pembelian, Shipment dan Pembayaran/PBL-001' successfully

2023-10-05 13:26:23 - [TEST_STEP][PASSED] - mouseOver(findTestObject("beli barang/keranjang")): Object: 'Object Repository/beli barang/keranjang' is hovered

2023-10-05 13:26:23 - [MESSAGE][PASSED] - Object: 'Object Repository/beli barang/keranjang' is hovered

2023-10-05 13:26:23 - [TEST_STEP][PASSED] - click(findTestObject("beli barang/Lihat Sekarang")): Object: 'Object Repository/beli barang/Lihat Sekarang' is clicked on

2023-10-05 13:26:24 - [MESSAGE][PASSED] - Object: 'Object Repository/beli barang/Lihat Sekarang' is clicked on

2023-10-05 13:26:24 - [TEST_STEP][PASSED] - verifyElementPresent(findTestObject("keranjang/li_Keranjang Belanja"), 0): Object 'Object Repository/keranjang/li_Keranjang Belanja' is present

2023-10-05 13:26:24 - [MESSAGE][WARNING] - Timeout '0' is invalid. Using default page load timeout: '30'

2023-10-05 13:26:26 - [MESSAGE][PASSED] - Object 'Object Repository/keranjang/li_Keranjang Belanja' is present

2023-10-05 13:26:26 - [TEST_STEP][PASSED] - NamaKeranjang = getText(findTestObject("verifikasi/Nama keranjang")): Text of object 'Object Repository/verifikasi/Nama keranjang' is: 'Segitiga Instan Madeira - MDB5.3 Sunset'

2023-10-05 13:26:26 - [MESSAGE][PASSED] - Text of object 'Object Repository/verifikasi/Nama keranjang' is: 'Segitiga Instan Madeira - MDB5.3 Sunset'

2023-10-05 13:26:26 - [TEST_STEP][PASSED] - HargaKeranjang = getText(findTestObject("verifikasi/Harga Keranjang")): Text of object 'Object Repository/verifikasi/Harga Keranjang' is: 'Rp 1,299'

2023-10-05 13:26:27 - [MESSAGE][PASSED] - Text of object 'Object Repository/verifikasi/Harga Keranjang' is: 'Rp 1,299'

2023-10-05 13:26:27 - [TEST_STEP][PASSED] - if (toString().equalsIgnoreCase("Merah")): Object 'Object Repository/keranjang/input_Warna_variasi101' is checked

2023-10-05 13:26:27 - [TEST_STEP][PASSED] - check(findTestObject("Object Repository/keranjang/input_Warna_variasi101")): Object 'Object Repository/keranjang/input_Warna_variasi101' is checked

2023-10-05 13:26:27 - [MESSAGE][PASSED] - Object 'Object Repository/keranjang/input_Warna_variasi101' is checked

2023-10-05 13:26:27 - [TEST_STEP][PASSED] - if (toString().equalsIgnoreCase("Menengah")): Object 'Object Repository/keranjang/input_Ukuran_variasi201' is checked

2023-10-05 13:26:27 - [TEST_STEP][PASSED] - check(findTestObject("Object Repository/keranjang/input_Ukuran_variasi201")): Object 'Object Repository/keranjang/input_Ukuran_variasi201' is checked

2023-10-05 13:26:27 - [MESSAGE][PASSED] - Object 'Object Repository/keranjang/input_Ukuran_variasi201' is checked

2023-10-05 13:26:27 - [TEST_STEP][PASSED] - data.put("Warna", warna): null

2023-10-05 13:26:27 - [TEST_STEP][PASSED] - data.put("Ukuran", ukuran): null

2023-10-05 13:26:27 - [TEST_STEP][PASSED] - click(findTestObject("keranjang/button_Lanjut ke Pembayaran")): Object: 'Object Repository/keranjang/button_Lanjut ke Pembayaran' is clicked on

2023-10-05 13:26:29 - [MESSAGE][PASSED] - Object: 'Object Repository/keranjang/button_Lanjut ke Pembayaran' is clicked on

2023-10-05 13:26:29 - [TEST_STEP][PASSED] - verifyElementPresent(findTestObject("checkout/Tittle Checkout Order"), 0): Object 'Object Repository/checkout/Tittle Checkout Order' is present

2023-10-05 13:26:29 - [MESSAGE][WARNING] - Timeout '0' is invalid. Using default page load timeout: '30'

2023-10-05 13:26:30 - [MESSAGE][PASSED] - Object 'Object Repository/checkout/Tittle Checkout Order' is present

2023-10-05 13:26:30 - [TEST_STEP][PASSED] - name_product = data.get("nama_barang"): null

2023-10-05 13:26:30 - [TEST_STEP][PASSED] - price_product = data.get("price_barang"): null

2023-10-05 13:26:30 - [TEST_STEP][PASSED] - assert name_product == NamaKeranjang: null

2023-10-05 13:26:30 - [TEST_STEP][PASSED] - assert price_product == HargaKeranjang: null

2023-10-05 13:26:30 - [TEST_STEP][PASSED] - return data: null

2023-10-05 13:26:30 - [MESSAGE][PASSED] - Call Test Case 'Test Cases/T13 Pembelian, Shipment dan Pembayaran/PBL-002' successfully

2023-10-05 13:26:30 - [TEST_STEP][PASSED] - warnaa = getText(findTestObject("verifikasi/warna Merah")): Text of object 'Object Repository/verifikasi/warna Merah' is: 'Merah'

2023-10-05 13:26:30 - [MESSAGE][PASSED] - Text of object 'Object Repository/verifikasi/warna Merah' is: 'Merah'

2023-10-05 13:26:30 - [TEST_STEP][PASSED] - ukurann = getText(findTestObject("verifikasi/Ukuran Menengah")): Text of object 'Object Repository/verifikasi/Ukuran Menengah' is: 'Menengah'

2023-10-05 13:26:31 - [MESSAGE][PASSED] - Text of object 'Object Repository/verifikasi/Ukuran Menengah' is: 'Menengah'

2023-10-05 13:26:31 - [TEST_STEP][PASSED] - warna1 = data.get("Warna"): null

2023-10-05 13:26:31 - [TEST_STEP][PASSED] - ukuran1 = data.get("Ukuran"): null

2023-10-05 13:26:31 - [TEST_STEP][PASSED] - assert warnaa == warna1: null

2023-10-05 13:26:31 - [TEST_STEP][PASSED] - assert ukurann == ukuran1: null

2023-10-05 13:26:31 - [TEST_STEP][PASSED] - NamaCheckout = getText(findTestObject("verifikasi/NamaCheckout")): Text of object 'Object Repository/verifikasi/NamaCheckout' is: ''

2023-10-05 13:26:31 - [MESSAGE][PASSED] - Text of object 'Object Repository/verifikasi/NamaCheckout' is: ''

2023-10-05 13:26:31 - [TEST_STEP][PASSED] - HargaCheckout = getText(findTestObject("verifikasi/HargaCheckout")): Text of object 'Object Repository/verifikasi/HargaCheckout' is: '1,299'

2023-10-05 13:26:31 - [MESSAGE][PASSED] - Text of object 'Object Repository/verifikasi/HargaCheckout' is: '1,299'

2023-10-05 13:26:31 - [TEST_STEP][PASSED] - name_product = data.get("nama_barang"): null

2023-10-05 13:26:31 - [TEST_STEP][PASSED] - price_product = data.get("price_barang"): null

2023-10-05 13:26:31 - [TEST_STEP][PASSED] - assert name_product.contains(NamaCheckout): null

2023-10-05 13:26:31 - [TEST_STEP][PASSED] - assert price_product.contains(HargaCheckout): null

2023-10-05 13:26:31 - [TEST_STEP][PASSED] - selectOptionByLabel(findTestObject("checkout/select - Kirim via Kurir Lokal"), Kurir, false): All options with label 'Roda 2' are selected in object 'Object Repository/checkout/select - Kirim via Kurir Lokal' 

2023-10-05 13:26:32 - [MESSAGE][PASSED] - All options with label 'Roda 2' are selected in object 'Object Repository/checkout/select - Kirim via Kurir Lokal' 

2023-10-05 13:26:32 - [TEST_STEP][PASSED] - click(findTestObject("checkout/Kendaraan Kurir")): Object: 'Object Repository/checkout/Kendaraan Kurir' is clicked on

2023-10-05 13:26:33 - [MESSAGE][PASSED] - Object: 'Object Repository/checkout/Kendaraan Kurir' is clicked on

2023-10-05 13:26:33 - [TEST_STEP][PASSED] - OngkosKirim = getText(findTestObject("Object Repository/verifikasi/Ongkos Kirim checkout")): Text of object 'Object Repository/verifikasi/Ongkos Kirim checkout' is: 'Rp. 5,000'

2023-10-05 13:26:33 - [MESSAGE][PASSED] - Text of object 'Object Repository/verifikasi/Ongkos Kirim checkout' is: 'Rp. 5,000'

2023-10-05 13:26:33 - [TEST_STEP][PASSED] - Ongkos = OngkosKirim.substring(3, OngkosKirim.size()): null

2023-10-05 13:26:33 - [TEST_STEP][PASSED] - rep = Ongkos.replace(",", "."): null

2023-10-05 13:26:33 - [TEST_STEP][PASSED] - Ongkos_kirim = Double.parseDouble(rep): null

2023-10-05 13:26:33 - [TEST_STEP][PASSED] - println(Ongkos_kirim): null

2023-10-05 13:26:33 - [TEST_STEP][PASSED] - FeeAdmin = getText(findTestObject("verifikasi/Fee Admin checkout")): Text of object 'Object Repository/verifikasi/Fee Admin checkout' is: 'Fee Admin
Rp 1,500'

2023-10-05 13:26:34 - [MESSAGE][PASSED] - Text of object 'Object Repository/verifikasi/Fee Admin checkout' is: 'Fee Admin
Rp 1,500'

2023-10-05 13:26:34 - [TEST_STEP][PASSED] - Fee_Admin = FeeAdmin.substring(12, FeeAdmin.size()): null

2023-10-05 13:26:34 - [TEST_STEP][PASSED] - fee = Fee_Admin.replace(",", "."): null

2023-10-05 13:26:34 - [TEST_STEP][PASSED] - fee_admin = Double.parseDouble(fee): null

2023-10-05 13:26:34 - [TEST_STEP][PASSED] - println(fee_admin): null

2023-10-05 13:26:34 - [TEST_STEP][PASSED] - Subtotal = getText(findTestObject("verifikasi/subtotal checkout")): Text of object 'Object Repository/verifikasi/subtotal checkout' is: 'Subtotal
Rp 1,299'

2023-10-05 13:26:34 - [MESSAGE][PASSED] - Text of object 'Object Repository/verifikasi/subtotal checkout' is: 'Subtotal
Rp 1,299'

2023-10-05 13:26:34 - [TEST_STEP][PASSED] - sub_total = Subtotal.substring(12, Subtotal.size()): null

2023-10-05 13:26:34 - [TEST_STEP][PASSED] - sub = sub_total.replace(",", "."): null

2023-10-05 13:26:34 - [TEST_STEP][PASSED] - sub_total = Double.parseDouble(sub): null

2023-10-05 13:26:34 - [TEST_STEP][PASSED] - println(sub_total): null

2023-10-05 13:26:34 - [TEST_STEP][PASSED] - Total = getText(findTestObject("verifikasi/Total checkout")): Text of object 'Object Repository/verifikasi/Total checkout' is: 'Rp 7,799'

2023-10-05 13:26:35 - [MESSAGE][PASSED] - Text of object 'Object Repository/verifikasi/Total checkout' is: 'Rp 7,799'

2023-10-05 13:26:35 - [TEST_STEP][PASSED] - totall = Total.substring(3, Total.size()): null

2023-10-05 13:26:35 - [TEST_STEP][PASSED] - total = totall.replace(",", "."): null

2023-10-05 13:26:35 - [TEST_STEP][PASSED] - totall = Double.parseDouble(total): null

2023-10-05 13:26:35 - [TEST_STEP][PASSED] - println(totall): null

2023-10-05 13:26:35 - [TEST_STEP][PASSED] - Total_Harga = Ongkos_kirim + fee_admin + sub_total: null

2023-10-05 13:26:35 - [TEST_STEP][PASSED] - println(Total_Harga): null

2023-10-05 13:26:35 - [TEST_STEP][PASSED] - TotalHarga = Math.round(Total_Harga * 1000) / 1000: null

2023-10-05 13:26:35 - [TEST_STEP][PASSED] - println(TotalHarga): null

2023-10-05 13:26:35 - [TEST_STEP][PASSED] - assert totall == TotalHarga: null

2023-10-05 13:26:35 - [TEST_STEP][PASSED] - click(findTestObject("verifikasi/Metode Transfer")): Object: 'Object Repository/verifikasi/Metode Transfer' is clicked on

2023-10-05 13:26:35 - [MESSAGE][PASSED] - Object: 'Object Repository/verifikasi/Metode Transfer' is clicked on

2023-10-05 13:26:35 - [TEST_STEP][PASSED] - click(findTestObject("checkout/button_Proses Pembayaran")): Object: 'Object Repository/checkout/button_Proses Pembayaran' is clicked on

2023-10-05 13:26:44 - [MESSAGE][PASSED] - Object: 'Object Repository/checkout/button_Proses Pembayaran' is clicked on

2023-10-05 13:26:44 - [TEST_STEP][PASSED] - verifyElementPresent(findTestObject("pembayaran/Tittle nomor invoice"), 0): Object 'Object Repository/pembayaran/Tittle nomor invoice' is present

2023-10-05 13:26:44 - [MESSAGE][WARNING] - Timeout '0' is invalid. Using default page load timeout: '30'

2023-10-05 13:26:44 - [MESSAGE][PASSED] - Object 'Object Repository/pembayaran/Tittle nomor invoice' is present

2023-10-05 13:26:44 - [TEST_STEP][PASSED] - return data: null

2023-10-05 13:26:44 - [MESSAGE][PASSED] - Call Test Case 'Test Cases/T13 Pembelian, Shipment dan Pembayaran/PBL-004' successfully

2023-10-05 13:26:44 - [TEST_STEP][PASSED] - Invoice = getText(findTestObject("pembayaran/nomor invoice")): Text of object 'Object Repository/pembayaran/nomor invoice' is: 'TRX60.20231005132639'

2023-10-05 13:26:45 - [MESSAGE][PASSED] - Text of object 'Object Repository/pembayaran/nomor invoice' is: 'TRX60.20231005132639'

2023-10-05 13:26:45 - [TEST_STEP][PASSED] - data.put("invoice", Invoice): null

2023-10-05 13:26:45 - [TEST_STEP][PASSED] - NamaPemesan = getText(findTestObject("Konfirmasi pesanan shop/Nama pemesan")): Text of object 'Object Repository/Konfirmasi pesanan shop/Nama pemesan' is: 'irfan.afandi'

2023-10-05 13:26:46 - [MESSAGE][PASSED] - Text of object 'Object Repository/Konfirmasi pesanan shop/Nama pemesan' is: 'irfan.afandi'

2023-10-05 13:26:46 - [TEST_STEP][PASSED] - Nama = getText(findTestObject("pembayaran/Nama barang")): Text of object 'Object Repository/pembayaran/Nama barang' is: 'Segitiga Instan Madeira - MDB5.3 Sunset'

2023-10-05 13:26:46 - [MESSAGE][PASSED] - Text of object 'Object Repository/pembayaran/Nama barang' is: 'Segitiga Instan Madeira - MDB5.3 Sunset'

2023-10-05 13:26:46 - [TEST_STEP][PASSED] - Harga = getText(findTestObject("pembayaran/Harga barang")): Text of object 'Object Repository/pembayaran/Harga barang' is: '1,299'

2023-10-05 13:26:47 - [MESSAGE][PASSED] - Text of object 'Object Repository/pembayaran/Harga barang' is: '1,299'

2023-10-05 13:26:47 - [TEST_STEP][PASSED] - name_product = data.get("nama_barang"): null

2023-10-05 13:26:47 - [TEST_STEP][PASSED] - price_product = data.get("price_barang"): null

2023-10-05 13:26:47 - [TEST_STEP][PASSED] - assert name_product.contains(Nama): null

2023-10-05 13:26:47 - [TEST_STEP][PASSED] - assert price_product.contains(Harga): null

2023-10-05 13:26:47 - [TEST_STEP][PASSED] - warnaa = getText(findTestObject("pembayaran/warna")): Text of object 'Object Repository/pembayaran/warna' is: 'Merah'

2023-10-05 13:26:47 - [MESSAGE][PASSED] - Text of object 'Object Repository/pembayaran/warna' is: 'Merah'

2023-10-05 13:26:47 - [TEST_STEP][PASSED] - ukurann = getText(findTestObject("pembayaran/ukuran")): Text of object 'Object Repository/pembayaran/ukuran' is: 'Menengah'

2023-10-05 13:26:48 - [MESSAGE][PASSED] - Text of object 'Object Repository/pembayaran/ukuran' is: 'Menengah'

2023-10-05 13:26:48 - [TEST_STEP][PASSED] - warna1 = data.get("Warna"): null

2023-10-05 13:26:48 - [TEST_STEP][PASSED] - ukuran1 = data.get("Ukuran"): null

2023-10-05 13:26:48 - [TEST_STEP][PASSED] - assert warnaa == warna1: null

2023-10-05 13:26:48 - [TEST_STEP][PASSED] - assert ukurann == ukuran1: null

2023-10-05 13:26:48 - [TEST_STEP][PASSED] - statusPembelian = getText(findTestObject("verifikasi/Status pending di pembelian")): Text of object 'Object Repository/verifikasi/Status pending di pembelian' is: 'Pending'

2023-10-05 13:26:48 - [MESSAGE][PASSED] - Text of object 'Object Repository/verifikasi/Status pending di pembelian' is: 'Pending'

2023-10-05 13:26:48 - [TEST_STEP][PASSED] - data.put("statusPem", statusPembelian): null

2023-10-05 13:26:48 - [TEST_STEP][PASSED] - OngkosKirim = getText(findTestObject("pembayaran/ongkos kirim")): Text of object 'Object Repository/pembayaran/ongkos kirim' is: 'Rp 5,000'

2023-10-05 13:26:49 - [MESSAGE][PASSED] - Text of object 'Object Repository/pembayaran/ongkos kirim' is: 'Rp 5,000'

2023-10-05 13:26:49 - [TEST_STEP][PASSED] - Ongkos = OngkosKirim.substring(3, OngkosKirim.size()): null

2023-10-05 13:26:49 - [TEST_STEP][PASSED] - rep = Ongkos.replace(",", ""): null

2023-10-05 13:26:49 - [TEST_STEP][PASSED] - Ongkos_kirimm = Integer.parseInt(rep): null

2023-10-05 13:26:49 - [TEST_STEP][PASSED] - println(Ongkos_kirimm): null

2023-10-05 13:26:49 - [TEST_STEP][PASSED] - FeeAdmin = getText(findTestObject("pembayaran/fee admin")): Text of object 'Object Repository/pembayaran/fee admin' is: 'Rp 1,500'

2023-10-05 13:26:49 - [MESSAGE][PASSED] - Text of object 'Object Repository/pembayaran/fee admin' is: 'Rp 1,500'

2023-10-05 13:26:49 - [TEST_STEP][PASSED] - Fee_Admin = FeeAdmin.substring(3, FeeAdmin.size()): null

2023-10-05 13:26:49 - [TEST_STEP][PASSED] - fee = Fee_Admin.replace(",", ""): null

2023-10-05 13:26:49 - [TEST_STEP][PASSED] - fee_adminn = Integer.parseInt(fee): null

2023-10-05 13:26:49 - [TEST_STEP][PASSED] - println(fee_adminn): null

2023-10-05 13:26:49 - [TEST_STEP][PASSED] - Subtotal = getText(findTestObject("pembayaran/subtotal")): Text of object 'Object Repository/pembayaran/subtotal' is: 'Rp 1,299'

2023-10-05 13:26:50 - [MESSAGE][PASSED] - Text of object 'Object Repository/pembayaran/subtotal' is: 'Rp 1,299'

2023-10-05 13:26:50 - [TEST_STEP][PASSED] - sub_total = Subtotal.substring(3, Subtotal.size()): null

2023-10-05 13:26:50 - [TEST_STEP][PASSED] - sub = sub_total.replace(",", ""): null

2023-10-05 13:26:50 - [TEST_STEP][PASSED] - sub_totall = Integer.parseInt(sub): null

2023-10-05 13:26:50 - [TEST_STEP][PASSED] - println(sub_totall): null

2023-10-05 13:26:50 - [TEST_STEP][PASSED] - unik = getText(findTestObject("pembayaran/kode unik")): Text of object 'Object Repository/pembayaran/kode unik' is: '+639'

2023-10-05 13:26:50 - [MESSAGE][PASSED] - Text of object 'Object Repository/pembayaran/kode unik' is: '+639'

2023-10-05 13:26:50 - [TEST_STEP][PASSED] - unikk = unik.replace("+", ""): null

2023-10-05 13:26:50 - [TEST_STEP][PASSED] - kode_unik = Integer.parseInt(unikk): null

2023-10-05 13:26:50 - [TEST_STEP][PASSED] - println(kode_unik): null

2023-10-05 13:26:50 - [TEST_STEP][PASSED] - Total = getText(findTestObject("pembayaran/total")): Text of object 'Object Repository/pembayaran/total' is: '8,438'

2023-10-05 13:26:51 - [MESSAGE][PASSED] - Text of object 'Object Repository/pembayaran/total' is: '8,438'

2023-10-05 13:26:51 - [TEST_STEP][PASSED] - total = Total.replace(",", ""): null

2023-10-05 13:26:51 - [TEST_STEP][PASSED] - totalll = Integer.parseInt(total): null

2023-10-05 13:26:51 - [TEST_STEP][PASSED] - println(totalll): null

2023-10-05 13:26:51 - [TEST_STEP][PASSED] - Total_Hargaa = Ongkos_kirimm + fee_adminn + sub_totall + kode_unik: null

2023-10-05 13:26:51 - [TEST_STEP][PASSED] - println(Total_Hargaa): null

2023-10-05 13:26:51 - [TEST_STEP][PASSED] - assert totalll == Total_Hargaa: null

2023-10-05 13:26:51 - [TEST_STEP][PASSED] - data.put("total", Total): null

2023-10-05 13:26:51 - [TEST_STEP][PASSED] - data.put("nama", NamaPemesan): null

2023-10-05 13:26:51 - [TEST_STEP][PASSED] - return data: null

2023-10-05 13:26:51 - [MESSAGE][PASSED] - Call Test Case 'Test Cases/T13 Pembelian, Shipment dan Pembayaran/PBY-001' successfully

2023-10-05 13:26:51 - [TEST_STEP][PASSED] - inv = data.get("invoice"): null

2023-10-05 13:26:51 - [TEST_STEP][PASSED] - Total = data.get("total"): null

2023-10-05 13:26:51 - [TEST_STEP][PASSED] - NamaPemesan = data.get("nama"): null

2023-10-05 13:26:51 - [TEST_STEP][PASSED] - click(findTestObject("Konfirmasi pesanan shop/Menu Shop")): Object: 'Object Repository/Konfirmasi pesanan shop/Menu Shop' is clicked on

2023-10-05 13:26:52 - [MESSAGE][PASSED] - Object: 'Object Repository/Konfirmasi pesanan shop/Menu Shop' is clicked on

2023-10-05 13:26:52 - [TEST_STEP][PASSED] - click(findTestObject("Konfirmasi pesanan shop/Menu Shop")): Object: 'Object Repository/Konfirmasi pesanan shop/Menu Shop' is clicked on

2023-10-05 13:26:53 - [MESSAGE][PASSED] - Object: 'Object Repository/Konfirmasi pesanan shop/Menu Shop' is clicked on

2023-10-05 13:26:53 - [TEST_STEP][PASSED] - click(findTestObject("Konfirmasi pesanan shop/Konfirmasi Orders")): Object: 'Object Repository/Konfirmasi pesanan shop/Konfirmasi Orders' is clicked on

2023-10-05 13:26:54 - [MESSAGE][PASSED] - Object: 'Object Repository/Konfirmasi pesanan shop/Konfirmasi Orders' is clicked on

2023-10-05 13:26:54 - [TEST_STEP][PASSED] - verifyElementPresent(findTestObject("Konfirmasi pesanan shop/Tittle Konfirmasi Pesanan"), 0): Object 'Object Repository/Konfirmasi pesanan shop/Tittle Konfirmasi Pesanan' is present

2023-10-05 13:26:54 - [MESSAGE][WARNING] - Timeout '0' is invalid. Using default page load timeout: '30'

2023-10-05 13:26:55 - [MESSAGE][PASSED] - Object 'Object Repository/Konfirmasi pesanan shop/Tittle Konfirmasi Pesanan' is present

2023-10-05 13:26:55 - [TEST_STEP][PASSED] - setText(findTestObject("Konfirmasi pesanan shop/input_No Pesanan"), inv): Text 'TRX60.20231005132639' is set on object 'Object Repository/Konfirmasi pesanan shop/input_No Pesanan'

2023-10-05 13:26:56 - [MESSAGE][PASSED] - Text 'TRX60.20231005132639' is set on object 'Object Repository/Konfirmasi pesanan shop/input_No Pesanan'

2023-10-05 13:26:56 - [TEST_STEP][PASSED] - setText(findTestObject("Konfirmasi pesanan shop/input_Alamat E-mai"), "irfan@gmail.com"): Text 'irfan@gmail.com' is set on object 'Object Repository/Konfirmasi pesanan shop/input_Alamat E-mai'

2023-10-05 13:26:56 - [MESSAGE][PASSED] - Text 'irfan@gmail.com' is set on object 'Object Repository/Konfirmasi pesanan shop/input_Alamat E-mai'

2023-10-05 13:26:56 - [TEST_STEP][PASSED] - click(findTestObject("Konfirmasi pesanan shop/button_Submit")): Object: 'Object Repository/Konfirmasi pesanan shop/button_Submit' is clicked on

2023-10-05 13:26:57 - [MESSAGE][PASSED] - Object: 'Object Repository/Konfirmasi pesanan shop/button_Submit' is clicked on

2023-10-05 13:26:57 - [TEST_STEP][PASSED] - verifyElementPresent(findTestObject("Konfirmasi pesanan shop/Tittle nomor invoice"), 0): Object 'Object Repository/Konfirmasi pesanan shop/Tittle nomor invoice' is present

2023-10-05 13:26:58 - [MESSAGE][WARNING] - Timeout '0' is invalid. Using default page load timeout: '30'

2023-10-05 13:26:58 - [MESSAGE][PASSED] - Object 'Object Repository/Konfirmasi pesanan shop/Tittle nomor invoice' is present

2023-10-05 13:26:58 - [TEST_STEP][PASSED] - setText(findTestObject("Konfirmasi pesanan shop/input_Total TagihanTransfer_b"), Total): Text '8,438' is set on object 'Object Repository/Konfirmasi pesanan shop/input_Total TagihanTransfer_b'

2023-10-05 13:26:59 - [MESSAGE][PASSED] - Text '8,438' is set on object 'Object Repository/Konfirmasi pesanan shop/input_Total TagihanTransfer_b'

2023-10-05 13:26:59 - [TEST_STEP][PASSED] - selectOptionByValue(findTestObject("Konfirmasi pesanan shop/select_Bank"), "4", false): All options with value '4' are selected in object 'Object Repository/Konfirmasi pesanan shop/select_Bank' 

2023-10-05 13:27:00 - [MESSAGE][PASSED] - All options with value '4' are selected in object 'Object Repository/Konfirmasi pesanan shop/select_Bank' 

2023-10-05 13:27:00 - [TEST_STEP][PASSED] - clearText(findTestObject("Konfirmasi pesanan shop/input_Nama Pengirim_d"), STOP_ON_FAILURE): Text of object 'Object Repository/Konfirmasi pesanan shop/input_Nama Pengirim_d' is cleared

2023-10-05 13:27:01 - [MESSAGE][PASSED] - Text of object 'Object Repository/Konfirmasi pesanan shop/input_Nama Pengirim_d' is cleared

2023-10-05 13:27:01 - [TEST_STEP][PASSED] - uploadFile(findTestObject("Konfirmasi pesanan shop/input_Upload Bukti Transfer_f"), "C:\Users\IRFAN\Downloads\Berkas2.pdf"): File 'C:\Users\IRFAN\Downloads\Berkas2.pdf' sent to object: 'Object Repository/Konfirmasi pesanan shop/input_Upload Bukti Transfer_f'

2023-10-05 13:27:01 - [MESSAGE][PASSED] - File 'C:\Users\IRFAN\Downloads\Berkas2.pdf' sent to object: 'Object Repository/Konfirmasi pesanan shop/input_Upload Bukti Transfer_f'

2023-10-05 13:27:01 - [TEST_STEP][PASSED] - click(findTestObject("Konfirmasi pesanan shop/button_Konfirmasi Pembayaran")): Object: 'Object Repository/Konfirmasi pesanan shop/button_Konfirmasi Pembayaran' is clicked on

2023-10-05 13:27:01 - [MESSAGE][PASSED] - Object: 'Object Repository/Konfirmasi pesanan shop/button_Konfirmasi Pembayaran' is clicked on

2023-10-05 13:27:01 - [TEST_STEP][PASSED] - webDriver = getWebDriver(): null

2023-10-05 13:27:01 - [TEST_STEP][PASSED] - field_tagihan = webDriver.findElement(By.xpath("//input[@name="d"]")): null

2023-10-05 13:27:02 - [TEST_STEP][PASSED] - error_message = webDriver.executeScript("return arguments[0].validationMessage", field_tagihan): null

2023-10-05 13:27:02 - [TEST_STEP][PASSED] - println(error_message): null

2023-10-05 13:27:02 - [TEST_STEP][PASSED] - assert error_message == "Please fill out this field.": null]]></system-out>
         <system-err><![CDATA[]]></system-err>
      </testcase>
      <testcase name="Test Cases/T13 Pembelian, Shipment dan Pembayaran/PBY-006" time="62.41" classname="Test Cases/T13 Pembelian, Shipment dan Pembayaran/PBY-006" status="FAILED">
         <failure type="FAILED" message="Test Cases/T13 Pembelian, Shipment dan Pembayaran/PBY-006 FAILED.
Reason:
com.kms.katalon.core.exception.StepFailedException: Unable to verify text 'inputkan harus angka sesuai' is present 
	at com.kms.katalon.core.webui.keyword.internal.WebUIKeywordMain.stepFailed(WebUIKeywordMain.groovy:64)
	at com.kms.katalon.core.webui.keyword.internal.WebUIKeywordMain.runKeyword(WebUIKeywordMain.groovy:26)
	at com.kms.katalon.core.webui.keyword.builtin.VerifyTextPresentKeyword.verifyTextPresent(VerifyTextPresentKeyword.groovy:83)
	at com.kms.katalon.core.webui.keyword.builtin.VerifyTextPresentKeyword.execute(VerifyTextPresentKeyword.groovy:68)
	at com.kms.katalon.core.keyword.internal.KeywordExecutor.executeKeywordForPlatform(KeywordExecutor.groovy:74)
	at com.kms.katalon.core.webui.keyword.WebUiBuiltInKeywords.verifyTextPresent(WebUiBuiltInKeywords.groovy:1723)
	at com.kms.katalon.core.webui.keyword.WebUiBuiltInKeywords$verifyTextPresent$7.call(Unknown Source)
	at PBY-006.run(PBY-006:61)
	at com.kms.katalon.core.main.ScriptEngine.run(ScriptEngine.java:194)
	at com.kms.katalon.core.main.ScriptEngine.runScriptAsRawText(ScriptEngine.java:119)
	at com.kms.katalon.core.main.TestCaseExecutor.runScript(TestCaseExecutor.java:448)
	at com.kms.katalon.core.main.TestCaseExecutor.doExecute(TestCaseExecutor.java:439)
	at com.kms.katalon.core.main.TestCaseExecutor.processExecutionPhase(TestCaseExecutor.java:418)
	at com.kms.katalon.core.main.TestCaseExecutor.accessMainPhase(TestCaseExecutor.java:410)
	at com.kms.katalon.core.main.TestCaseExecutor.execute(TestCaseExecutor.java:285)
	at com.kms.katalon.core.common.CommonExecutor.accessTestCaseMainPhase(CommonExecutor.java:65)
	at com.kms.katalon.core.main.TestSuiteExecutor.accessTestSuiteMainPhase(TestSuiteExecutor.java:148)
	at com.kms.katalon.core.main.TestSuiteExecutor.execute(TestSuiteExecutor.java:106)
	at com.kms.katalon.core.main.TestCaseMain.startTestSuite(TestCaseMain.java:187)
	at com.kms.katalon.core.main.TestCaseMain$startTestSuite$0.call(Unknown Source)
	at TempTestSuite1696486556660.run(TempTestSuite1696486556660.groovy:36)
Caused by: com.kms.katalon.core.exception.StepFailedException: Text 'inputkan harus angka sesuai' is not present on page 
	at com.kms.katalon.core.webui.keyword.internal.WebUIKeywordMain.stepFailed(WebUIKeywordMain.groovy:64)
	at com.kms.katalon.core.webui.keyword.builtin.VerifyTextPresentKeyword$_verifyTextPresent_closure1.doCall(VerifyTextPresentKeyword.groovy:79)
	at com.kms.katalon.core.webui.keyword.builtin.VerifyTextPresentKeyword$_verifyTextPresent_closure1.call(VerifyTextPresentKeyword.groovy)
	at com.kms.katalon.core.webui.keyword.internal.WebUIKeywordMain.runKeyword(WebUIKeywordMain.groovy:20)
	... 19 more
"/>
         <system-out><![CDATA[2023-10-05 13:27:02 - [TEST_CASE][FAILED] - Test Cases/T13 Pembelian, Shipment dan Pembayaran/PBY-006: Test Cases/T13 Pembelian, Shipment dan Pembayaran/PBY-006 FAILED.
Reason:
com.kms.katalon.core.exception.StepFailedException: Unable to verify text 'inputkan harus angka sesuai' is present 
	at com.kms.katalon.core.webui.keyword.internal.WebUIKeywordMain.stepFailed(WebUIKeywordMain.groovy:64)
	at com.kms.katalon.core.webui.keyword.internal.WebUIKeywordMain.runKeyword(WebUIKeywordMain.groovy:26)
	at com.kms.katalon.core.webui.keyword.builtin.VerifyTextPresentKeyword.verifyTextPresent(VerifyTextPresentKeyword.groovy:83)
	at com.kms.katalon.core.webui.keyword.builtin.VerifyTextPresentKeyword.execute(VerifyTextPresentKeyword.groovy:68)
	at com.kms.katalon.core.keyword.internal.KeywordExecutor.executeKeywordForPlatform(KeywordExecutor.groovy:74)
	at com.kms.katalon.core.webui.keyword.WebUiBuiltInKeywords.verifyTextPresent(WebUiBuiltInKeywords.groovy:1723)
	at com.kms.katalon.core.webui.keyword.WebUiBuiltInKeywords$verifyTextPresent$7.call(Unknown Source)
	at PBY-006.run(PBY-006:61)
	at com.kms.katalon.core.main.ScriptEngine.run(ScriptEngine.java:194)
	at com.kms.katalon.core.main.ScriptEngine.runScriptAsRawText(ScriptEngine.java:119)
	at com.kms.katalon.core.main.TestCaseExecutor.runScript(TestCaseExecutor.java:448)
	at com.kms.katalon.core.main.TestCaseExecutor.doExecute(TestCaseExecutor.java:439)
	at com.kms.katalon.core.main.TestCaseExecutor.processExecutionPhase(TestCaseExecutor.java:418)
	at com.kms.katalon.core.main.TestCaseExecutor.accessMainPhase(TestCaseExecutor.java:410)
	at com.kms.katalon.core.main.TestCaseExecutor.execute(TestCaseExecutor.java:285)
	at com.kms.katalon.core.common.CommonExecutor.accessTestCaseMainPhase(CommonExecutor.java:65)
	at com.kms.katalon.core.main.TestSuiteExecutor.accessTestSuiteMainPhase(TestSuiteExecutor.java:148)
	at com.kms.katalon.core.main.TestSuiteExecutor.execute(TestSuiteExecutor.java:106)
	at com.kms.katalon.core.main.TestCaseMain.startTestSuite(TestCaseMain.java:187)
	at com.kms.katalon.core.main.TestCaseMain$startTestSuite$0.call(Unknown Source)
	at TempTestSuite1696486556660.run(TempTestSuite1696486556660.groovy:36)
Caused by: com.kms.katalon.core.exception.StepFailedException: Text 'inputkan harus angka sesuai' is not present on page 
	at com.kms.katalon.core.webui.keyword.internal.WebUIKeywordMain.stepFailed(WebUIKeywordMain.groovy:64)
	at com.kms.katalon.core.webui.keyword.builtin.VerifyTextPresentKeyword$_verifyTextPresent_closure1.doCall(VerifyTextPresentKeyword.groovy:79)
	at com.kms.katalon.core.webui.keyword.builtin.VerifyTextPresentKeyword$_verifyTextPresent_closure1.call(VerifyTextPresentKeyword.groovy)
	at com.kms.katalon.core.webui.keyword.internal.WebUIKeywordMain.runKeyword(WebUIKeywordMain.groovy:20)
	... 19 more


2023-10-05 13:27:02 - [TEST_STEP][PASSED] - data = callTestCase(findTestCase("T13 Pembelian, Shipment dan Pembayaran/PBY-001"), [:], STOP_ON_FAILURE): Call Test Case 'Test Cases/T13 Pembelian, Shipment dan Pembayaran/PBY-001' successfully

2023-10-05 13:27:02 - [TEST_CASE][PASSED] - Test Cases/T13 Pembelian, Shipment dan Pembayaran/PBY-001: Test Cases/T13 Pembelian, Shipment dan Pembayaran/PBY-001

2023-10-05 13:27:02 - [TEST_STEP][PASSED] - data = callTestCase(findTestCase("T13 Pembelian, Shipment dan Pembayaran/PBL-004"), ["Kurir":"Roda 2"], STOP_ON_FAILURE): Call Test Case 'Test Cases/T13 Pembelian, Shipment dan Pembayaran/PBL-004' successfully

2023-10-05 13:27:02 - [TEST_CASE][PASSED] - Test Cases/T13 Pembelian, Shipment dan Pembayaran/PBL-004: Test Cases/T13 Pembelian, Shipment dan Pembayaran/PBL-004

2023-10-05 13:27:02 - [TEST_STEP][PASSED] - data = callTestCase(findTestCase("T13 Pembelian, Shipment dan Pembayaran/PBL-002"), [:], STOP_ON_FAILURE): Call Test Case 'Test Cases/T13 Pembelian, Shipment dan Pembayaran/PBL-002' successfully

2023-10-05 13:27:02 - [TEST_CASE][PASSED] - Test Cases/T13 Pembelian, Shipment dan Pembayaran/PBL-002: Test Cases/T13 Pembelian, Shipment dan Pembayaran/PBL-002

2023-10-05 13:27:02 - [TEST_STEP][PASSED] - data = callTestCase(findTestCase("T13 Pembelian, Shipment dan Pembayaran/PBL-001"), [:], STOP_ON_FAILURE): Call Test Case 'Test Cases/T13 Pembelian, Shipment dan Pembayaran/PBL-001' successfully

2023-10-05 13:27:03 - [TEST_CASE][PASSED] - Test Cases/T13 Pembelian, Shipment dan Pembayaran/PBL-001: Test Cases/T13 Pembelian, Shipment dan Pembayaran/PBL-001

2023-10-05 13:27:03 - [TEST_STEP][PASSED] - callTestCase(findTestCase("T13 Pembelian, Shipment dan Pembayaran/LU-001"), ["username":"irfanafandi", "password":"12345irfan"], STOP_ON_FAILURE): Call Test Case 'Test Cases/T13 Pembelian, Shipment dan Pembayaran/LU-001' successfully

2023-10-05 13:27:03 - [TEST_CASE][PASSED] - Test Cases/T13 Pembelian, Shipment dan Pembayaran/LU-001: Test Cases/T13 Pembelian, Shipment dan Pembayaran/LU-001

2023-10-05 13:27:03 - [TEST_STEP][PASSED] - openBrowser("https://10.9.2.63/ecommerce/"): Browser is opened with url: 'https://10.9.2.63/ecommerce/'

2023-10-05 13:27:03 - [MESSAGE][WARNING] - A browser is already opened. Closing browser and opening a new one

2023-10-05 13:27:03 - [MESSAGE][INFO] - Starting 'Edge Chromium' driver

2023-10-05 13:27:03 - [MESSAGE][INFO] - User set preference: ['acceptInsecureCerts', 'true']

2023-10-05 13:27:06 - [MESSAGE][INFO] - Action delay is set to 0 milliseconds

2023-10-05 13:27:10 - [MESSAGE][PASSED] - Browser is opened with url: 'https://10.9.2.63/ecommerce/'

2023-10-05 13:27:10 - [TEST_STEP][PASSED] - maximizeWindow(): Current window maximized

2023-10-05 13:27:10 - [MESSAGE][PASSED] - Current window maximized

2023-10-05 13:27:10 - [TEST_STEP][PASSED] - verifyElementPresent(findTestObject("Login/Home"), 0): Object 'Object Repository/Login/Home' is present

2023-10-05 13:27:10 - [MESSAGE][WARNING] - Timeout '0' is invalid. Using default page load timeout: '30'

2023-10-05 13:27:10 - [MESSAGE][PASSED] - Object 'Object Repository/Login/Home' is present

2023-10-05 13:27:10 - [TEST_STEP][PASSED] - click(findTestObject("Login/a_Login")): Object: 'Object Repository/Login/a_Login' is clicked on

2023-10-05 13:27:11 - [MESSAGE][PASSED] - Object: 'Object Repository/Login/a_Login' is clicked on

2023-10-05 13:27:11 - [TEST_STEP][PASSED] - verifyElementPresent(findTestObject("Login/Tittle Login"), 0): Object 'Object Repository/Login/Tittle Login' is present

2023-10-05 13:27:11 - [MESSAGE][WARNING] - Timeout '0' is invalid. Using default page load timeout: '30'

2023-10-05 13:27:12 - [MESSAGE][PASSED] - Object 'Object Repository/Login/Tittle Login' is present

2023-10-05 13:27:12 - [TEST_STEP][PASSED] - setText(findTestObject("Login/input_Username, Email atau No. Handphone_a"), username): Text 'irfanafandi' is set on object 'Object Repository/Login/input_Username, Email atau No. Handphone_a'

2023-10-05 13:27:12 - [MESSAGE][PASSED] - Text 'irfanafandi' is set on object 'Object Repository/Login/input_Username, Email atau No. Handphone_a'

2023-10-05 13:27:12 - [TEST_STEP][PASSED] - setText(findTestObject("Login/input_Password_b"), password): Text '12345irfan' is set on object 'Object Repository/Login/input_Password_b'

2023-10-05 13:27:13 - [MESSAGE][PASSED] - Text '12345irfan' is set on object 'Object Repository/Login/input_Password_b'

2023-10-05 13:27:13 - [TEST_STEP][PASSED] - click(findTestObject("Login/label_Ingat saya")): Object: 'Object Repository/Login/label_Ingat saya' is clicked on

2023-10-05 13:27:14 - [MESSAGE][PASSED] - Object: 'Object Repository/Login/label_Ingat saya' is clicked on

2023-10-05 13:27:14 - [TEST_STEP][PASSED] - click(findTestObject("Login/button_Masuk")): Object: 'Object Repository/Login/button_Masuk' is clicked on

2023-10-05 13:27:15 - [MESSAGE][PASSED] - Object: 'Object Repository/Login/button_Masuk' is clicked on

2023-10-05 13:27:15 - [TEST_STEP][PASSED] - verifyElementPresent(findTestObject("Login/li_Profile"), 0): Object 'Object Repository/Login/li_Profile' is present

2023-10-05 13:27:15 - [MESSAGE][WARNING] - Timeout '0' is invalid. Using default page load timeout: '30'

2023-10-05 13:27:16 - [MESSAGE][PASSED] - Object 'Object Repository/Login/li_Profile' is present

2023-10-05 13:27:16 - [MESSAGE][PASSED] - Call Test Case 'Test Cases/T13 Pembelian, Shipment dan Pembayaran/LU-001' successfully

2023-10-05 13:27:16 - [TEST_STEP][PASSED] - mouseOver(findTestObject("beli barang/i_Mulai Belanja_icon-menu")): Object: 'Object Repository/beli barang/i_Mulai Belanja_icon-menu' is hovered

2023-10-05 13:27:17 - [MESSAGE][PASSED] - Object: 'Object Repository/beli barang/i_Mulai Belanja_icon-menu' is hovered

2023-10-05 13:27:17 - [TEST_STEP][PASSED] - click(findTestObject("beli barang/a_Fashion  Busana Wanita")): Object: 'Object Repository/beli barang/a_Fashion  Busana Wanita' is clicked on

2023-10-05 13:27:18 - [MESSAGE][PASSED] - Object: 'Object Repository/beli barang/a_Fashion  Busana Wanita' is clicked on

2023-10-05 13:27:18 - [TEST_STEP][PASSED] - NamaSebelum = getText(findTestObject("verifikasi/Nama sebelum")): Text of object 'Object Repository/verifikasi/Nama sebelum' is: ''

2023-10-05 13:27:19 - [MESSAGE][PASSED] - Text of object 'Object Repository/verifikasi/Nama sebelum' is: ''

2023-10-05 13:27:19 - [TEST_STEP][PASSED] - HargaSebelum = getText(findTestObject("verifikasi/Harga sebelum")): Text of object 'Object Repository/verifikasi/Harga sebelum' is: 'Rp 1,299'

2023-10-05 13:27:19 - [MESSAGE][PASSED] - Text of object 'Object Repository/verifikasi/Harga sebelum' is: 'Rp 1,299'

2023-10-05 13:27:19 - [TEST_STEP][PASSED] - mouseOver(findTestObject("beli barang/barang mouse over")): Object: 'Object Repository/beli barang/barang mouse over' is hovered

2023-10-05 13:27:20 - [MESSAGE][PASSED] - Object: 'Object Repository/beli barang/barang mouse over' is hovered

2023-10-05 13:27:20 - [TEST_STEP][PASSED] - click(findTestObject("beli barang/buttom add to cart")): Object: 'Object Repository/beli barang/buttom add to cart' is clicked on

2023-10-05 13:27:21 - [MESSAGE][PASSED] - Object: 'Object Repository/beli barang/buttom add to cart' is clicked on

2023-10-05 13:27:21 - [TEST_STEP][PASSED] - NamaSesudah = getText(findTestObject("verifikasi/Nama sesudah")): Text of object 'Object Repository/verifikasi/Nama sesudah' is: 'Segitiga Instan Madeira - MDB5.3 Sunset'

2023-10-05 13:27:22 - [MESSAGE][PASSED] - Text of object 'Object Repository/verifikasi/Nama sesudah' is: 'Segitiga Instan Madeira - MDB5.3 Sunset'

2023-10-05 13:27:22 - [TEST_STEP][PASSED] - HargaSesudah = getText(findTestObject("verifikasi/Harga sesudah")): Text of object 'Object Repository/verifikasi/Harga sesudah' is: 'Rp 1,299'

2023-10-05 13:27:22 - [MESSAGE][PASSED] - Text of object 'Object Repository/verifikasi/Harga sesudah' is: 'Rp 1,299'

2023-10-05 13:27:22 - [TEST_STEP][PASSED] - assert NamaSesudah.contains(NamaSebelum): null

2023-10-05 13:27:22 - [TEST_STEP][PASSED] - assert HargaSesudah.contains(HargaSebelum): null

2023-10-05 13:27:22 - [TEST_STEP][PASSED] - click(findTestObject("beli barang/Tambah Keranjang busana wanita")): Object: 'Object Repository/beli barang/Tambah Keranjang busana wanita' is clicked on

2023-10-05 13:27:22 - [MESSAGE][PASSED] - Object: 'Object Repository/beli barang/Tambah Keranjang busana wanita' is clicked on

2023-10-05 13:27:22 - [TEST_STEP][PASSED] - verifyElementPresent(findTestObject("checkout/Notifikasi keranjang"), 1): Object 'Object Repository/checkout/Notifikasi keranjang' is present

2023-10-05 13:27:23 - [MESSAGE][PASSED] - Object 'Object Repository/checkout/Notifikasi keranjang' is present

2023-10-05 13:27:23 - [TEST_STEP][PASSED] - data = new java.util.HashMap(): null

2023-10-05 13:27:23 - [TEST_STEP][PASSED] - data.put("nama_barang", NamaSesudah): null

2023-10-05 13:27:23 - [TEST_STEP][PASSED] - data.put("price_barang", HargaSesudah): null

2023-10-05 13:27:23 - [TEST_STEP][PASSED] - return data: null

2023-10-05 13:27:23 - [MESSAGE][PASSED] - Call Test Case 'Test Cases/T13 Pembelian, Shipment dan Pembayaran/PBL-001' successfully

2023-10-05 13:27:23 - [TEST_STEP][PASSED] - mouseOver(findTestObject("beli barang/keranjang")): Object: 'Object Repository/beli barang/keranjang' is hovered

2023-10-05 13:27:24 - [MESSAGE][PASSED] - Object: 'Object Repository/beli barang/keranjang' is hovered

2023-10-05 13:27:24 - [TEST_STEP][PASSED] - click(findTestObject("beli barang/Lihat Sekarang")): Object: 'Object Repository/beli barang/Lihat Sekarang' is clicked on

2023-10-05 13:27:25 - [MESSAGE][PASSED] - Object: 'Object Repository/beli barang/Lihat Sekarang' is clicked on

2023-10-05 13:27:25 - [TEST_STEP][PASSED] - verifyElementPresent(findTestObject("keranjang/li_Keranjang Belanja"), 0): Object 'Object Repository/keranjang/li_Keranjang Belanja' is present

2023-10-05 13:27:25 - [MESSAGE][WARNING] - Timeout '0' is invalid. Using default page load timeout: '30'

2023-10-05 13:27:26 - [MESSAGE][PASSED] - Object 'Object Repository/keranjang/li_Keranjang Belanja' is present

2023-10-05 13:27:26 - [TEST_STEP][PASSED] - NamaKeranjang = getText(findTestObject("verifikasi/Nama keranjang")): Text of object 'Object Repository/verifikasi/Nama keranjang' is: 'Segitiga Instan Madeira - MDB5.3 Sunset'

2023-10-05 13:27:27 - [MESSAGE][PASSED] - Text of object 'Object Repository/verifikasi/Nama keranjang' is: 'Segitiga Instan Madeira - MDB5.3 Sunset'

2023-10-05 13:27:27 - [TEST_STEP][PASSED] - HargaKeranjang = getText(findTestObject("verifikasi/Harga Keranjang")): Text of object 'Object Repository/verifikasi/Harga Keranjang' is: 'Rp 1,299'

2023-10-05 13:27:27 - [MESSAGE][PASSED] - Text of object 'Object Repository/verifikasi/Harga Keranjang' is: 'Rp 1,299'

2023-10-05 13:27:27 - [TEST_STEP][PASSED] - if (toString().equalsIgnoreCase("Merah")): Object 'Object Repository/keranjang/input_Warna_variasi101' is checked

2023-10-05 13:27:27 - [TEST_STEP][PASSED] - check(findTestObject("Object Repository/keranjang/input_Warna_variasi101")): Object 'Object Repository/keranjang/input_Warna_variasi101' is checked

2023-10-05 13:27:27 - [MESSAGE][PASSED] - Object 'Object Repository/keranjang/input_Warna_variasi101' is checked

2023-10-05 13:27:27 - [TEST_STEP][PASSED] - if (toString().equalsIgnoreCase("Menengah")): Object 'Object Repository/keranjang/input_Ukuran_variasi201' is checked

2023-10-05 13:27:27 - [TEST_STEP][PASSED] - check(findTestObject("Object Repository/keranjang/input_Ukuran_variasi201")): Object 'Object Repository/keranjang/input_Ukuran_variasi201' is checked

2023-10-05 13:27:28 - [MESSAGE][PASSED] - Object 'Object Repository/keranjang/input_Ukuran_variasi201' is checked

2023-10-05 13:27:28 - [TEST_STEP][PASSED] - data.put("Warna", warna): null

2023-10-05 13:27:28 - [TEST_STEP][PASSED] - data.put("Ukuran", ukuran): null

2023-10-05 13:27:28 - [TEST_STEP][PASSED] - click(findTestObject("keranjang/button_Lanjut ke Pembayaran")): Object: 'Object Repository/keranjang/button_Lanjut ke Pembayaran' is clicked on

2023-10-05 13:27:29 - [MESSAGE][PASSED] - Object: 'Object Repository/keranjang/button_Lanjut ke Pembayaran' is clicked on

2023-10-05 13:27:29 - [TEST_STEP][PASSED] - verifyElementPresent(findTestObject("checkout/Tittle Checkout Order"), 0): Object 'Object Repository/checkout/Tittle Checkout Order' is present

2023-10-05 13:27:29 - [MESSAGE][WARNING] - Timeout '0' is invalid. Using default page load timeout: '30'

2023-10-05 13:27:30 - [MESSAGE][PASSED] - Object 'Object Repository/checkout/Tittle Checkout Order' is present

2023-10-05 13:27:30 - [TEST_STEP][PASSED] - name_product = data.get("nama_barang"): null

2023-10-05 13:27:30 - [TEST_STEP][PASSED] - price_product = data.get("price_barang"): null

2023-10-05 13:27:30 - [TEST_STEP][PASSED] - assert name_product == NamaKeranjang: null

2023-10-05 13:27:30 - [TEST_STEP][PASSED] - assert price_product == HargaKeranjang: null

2023-10-05 13:27:30 - [TEST_STEP][PASSED] - return data: null

2023-10-05 13:27:30 - [MESSAGE][PASSED] - Call Test Case 'Test Cases/T13 Pembelian, Shipment dan Pembayaran/PBL-002' successfully

2023-10-05 13:27:30 - [TEST_STEP][PASSED] - warnaa = getText(findTestObject("verifikasi/warna Merah")): Text of object 'Object Repository/verifikasi/warna Merah' is: 'Merah'

2023-10-05 13:27:31 - [MESSAGE][PASSED] - Text of object 'Object Repository/verifikasi/warna Merah' is: 'Merah'

2023-10-05 13:27:31 - [TEST_STEP][PASSED] - ukurann = getText(findTestObject("verifikasi/Ukuran Menengah")): Text of object 'Object Repository/verifikasi/Ukuran Menengah' is: 'Menengah'

2023-10-05 13:27:31 - [MESSAGE][PASSED] - Text of object 'Object Repository/verifikasi/Ukuran Menengah' is: 'Menengah'

2023-10-05 13:27:31 - [TEST_STEP][PASSED] - warna1 = data.get("Warna"): null

2023-10-05 13:27:31 - [TEST_STEP][PASSED] - ukuran1 = data.get("Ukuran"): null

2023-10-05 13:27:31 - [TEST_STEP][PASSED] - assert warnaa == warna1: null

2023-10-05 13:27:31 - [TEST_STEP][PASSED] - assert ukurann == ukuran1: null

2023-10-05 13:27:31 - [TEST_STEP][PASSED] - NamaCheckout = getText(findTestObject("verifikasi/NamaCheckout")): Text of object 'Object Repository/verifikasi/NamaCheckout' is: ''

2023-10-05 13:27:31 - [MESSAGE][PASSED] - Text of object 'Object Repository/verifikasi/NamaCheckout' is: ''

2023-10-05 13:27:31 - [TEST_STEP][PASSED] - HargaCheckout = getText(findTestObject("verifikasi/HargaCheckout")): Text of object 'Object Repository/verifikasi/HargaCheckout' is: '1,299'

2023-10-05 13:27:32 - [MESSAGE][PASSED] - Text of object 'Object Repository/verifikasi/HargaCheckout' is: '1,299'

2023-10-05 13:27:32 - [TEST_STEP][PASSED] - name_product = data.get("nama_barang"): null

2023-10-05 13:27:32 - [TEST_STEP][PASSED] - price_product = data.get("price_barang"): null

2023-10-05 13:27:32 - [TEST_STEP][PASSED] - assert name_product.contains(NamaCheckout): null

2023-10-05 13:27:32 - [TEST_STEP][PASSED] - assert price_product.contains(HargaCheckout): null

2023-10-05 13:27:32 - [TEST_STEP][PASSED] - selectOptionByLabel(findTestObject("checkout/select - Kirim via Kurir Lokal"), Kurir, false): All options with label 'Roda 2' are selected in object 'Object Repository/checkout/select - Kirim via Kurir Lokal' 

2023-10-05 13:27:32 - [MESSAGE][PASSED] - All options with label 'Roda 2' are selected in object 'Object Repository/checkout/select - Kirim via Kurir Lokal' 

2023-10-05 13:27:32 - [TEST_STEP][PASSED] - click(findTestObject("checkout/Kendaraan Kurir")): Object: 'Object Repository/checkout/Kendaraan Kurir' is clicked on

2023-10-05 13:27:33 - [MESSAGE][PASSED] - Object: 'Object Repository/checkout/Kendaraan Kurir' is clicked on

2023-10-05 13:27:33 - [TEST_STEP][PASSED] - OngkosKirim = getText(findTestObject("Object Repository/verifikasi/Ongkos Kirim checkout")): Text of object 'Object Repository/verifikasi/Ongkos Kirim checkout' is: 'Rp. 5,000'

2023-10-05 13:27:34 - [MESSAGE][PASSED] - Text of object 'Object Repository/verifikasi/Ongkos Kirim checkout' is: 'Rp. 5,000'

2023-10-05 13:27:34 - [TEST_STEP][PASSED] - Ongkos = OngkosKirim.substring(3, OngkosKirim.size()): null

2023-10-05 13:27:34 - [TEST_STEP][PASSED] - rep = Ongkos.replace(",", "."): null

2023-10-05 13:27:34 - [TEST_STEP][PASSED] - Ongkos_kirim = Double.parseDouble(rep): null

2023-10-05 13:27:34 - [TEST_STEP][PASSED] - println(Ongkos_kirim): null

2023-10-05 13:27:34 - [TEST_STEP][PASSED] - FeeAdmin = getText(findTestObject("verifikasi/Fee Admin checkout")): Text of object 'Object Repository/verifikasi/Fee Admin checkout' is: 'Fee Admin
Rp 1,500'

2023-10-05 13:27:34 - [MESSAGE][PASSED] - Text of object 'Object Repository/verifikasi/Fee Admin checkout' is: 'Fee Admin
Rp 1,500'

2023-10-05 13:27:34 - [TEST_STEP][PASSED] - Fee_Admin = FeeAdmin.substring(12, FeeAdmin.size()): null

2023-10-05 13:27:34 - [TEST_STEP][PASSED] - fee = Fee_Admin.replace(",", "."): null

2023-10-05 13:27:34 - [TEST_STEP][PASSED] - fee_admin = Double.parseDouble(fee): null

2023-10-05 13:27:34 - [TEST_STEP][PASSED] - println(fee_admin): null

2023-10-05 13:27:34 - [TEST_STEP][PASSED] - Subtotal = getText(findTestObject("verifikasi/subtotal checkout")): Text of object 'Object Repository/verifikasi/subtotal checkout' is: 'Subtotal
Rp 1,299'

2023-10-05 13:27:35 - [MESSAGE][PASSED] - Text of object 'Object Repository/verifikasi/subtotal checkout' is: 'Subtotal
Rp 1,299'

2023-10-05 13:27:35 - [TEST_STEP][PASSED] - sub_total = Subtotal.substring(12, Subtotal.size()): null

2023-10-05 13:27:35 - [TEST_STEP][PASSED] - sub = sub_total.replace(",", "."): null

2023-10-05 13:27:35 - [TEST_STEP][PASSED] - sub_total = Double.parseDouble(sub): null

2023-10-05 13:27:35 - [TEST_STEP][PASSED] - println(sub_total): null

2023-10-05 13:27:35 - [TEST_STEP][PASSED] - Total = getText(findTestObject("verifikasi/Total checkout")): Text of object 'Object Repository/verifikasi/Total checkout' is: 'Rp 7,799'

2023-10-05 13:27:35 - [MESSAGE][PASSED] - Text of object 'Object Repository/verifikasi/Total checkout' is: 'Rp 7,799'

2023-10-05 13:27:35 - [TEST_STEP][PASSED] - totall = Total.substring(3, Total.size()): null

2023-10-05 13:27:35 - [TEST_STEP][PASSED] - total = totall.replace(",", "."): null

2023-10-05 13:27:35 - [TEST_STEP][PASSED] - totall = Double.parseDouble(total): null

2023-10-05 13:27:35 - [TEST_STEP][PASSED] - println(totall): null

2023-10-05 13:27:35 - [TEST_STEP][PASSED] - Total_Harga = Ongkos_kirim + fee_admin + sub_total: null

2023-10-05 13:27:35 - [TEST_STEP][PASSED] - println(Total_Harga): null

2023-10-05 13:27:35 - [TEST_STEP][PASSED] - TotalHarga = Math.round(Total_Harga * 1000) / 1000: null

2023-10-05 13:27:35 - [TEST_STEP][PASSED] - println(TotalHarga): null

2023-10-05 13:27:35 - [TEST_STEP][PASSED] - assert totall == TotalHarga: null

2023-10-05 13:27:35 - [TEST_STEP][PASSED] - click(findTestObject("verifikasi/Metode Transfer")): Object: 'Object Repository/verifikasi/Metode Transfer' is clicked on

2023-10-05 13:27:36 - [MESSAGE][PASSED] - Object: 'Object Repository/verifikasi/Metode Transfer' is clicked on

2023-10-05 13:27:36 - [TEST_STEP][PASSED] - click(findTestObject("checkout/button_Proses Pembayaran")): Object: 'Object Repository/checkout/button_Proses Pembayaran' is clicked on

2023-10-05 13:27:44 - [MESSAGE][PASSED] - Object: 'Object Repository/checkout/button_Proses Pembayaran' is clicked on

2023-10-05 13:27:44 - [TEST_STEP][PASSED] - verifyElementPresent(findTestObject("pembayaran/Tittle nomor invoice"), 0): Object 'Object Repository/pembayaran/Tittle nomor invoice' is present

2023-10-05 13:27:44 - [MESSAGE][WARNING] - Timeout '0' is invalid. Using default page load timeout: '30'

2023-10-05 13:27:45 - [MESSAGE][PASSED] - Object 'Object Repository/pembayaran/Tittle nomor invoice' is present

2023-10-05 13:27:45 - [TEST_STEP][PASSED] - return data: null

2023-10-05 13:27:45 - [MESSAGE][PASSED] - Call Test Case 'Test Cases/T13 Pembelian, Shipment dan Pembayaran/PBL-004' successfully

2023-10-05 13:27:45 - [TEST_STEP][PASSED] - Invoice = getText(findTestObject("pembayaran/nomor invoice")): Text of object 'Object Repository/pembayaran/nomor invoice' is: 'TRX60.20231005132739'

2023-10-05 13:27:46 - [MESSAGE][PASSED] - Text of object 'Object Repository/pembayaran/nomor invoice' is: 'TRX60.20231005132739'

2023-10-05 13:27:46 - [TEST_STEP][PASSED] - data.put("invoice", Invoice): null

2023-10-05 13:27:46 - [TEST_STEP][PASSED] - NamaPemesan = getText(findTestObject("Konfirmasi pesanan shop/Nama pemesan")): Text of object 'Object Repository/Konfirmasi pesanan shop/Nama pemesan' is: 'irfan.afandi'

2023-10-05 13:27:46 - [MESSAGE][PASSED] - Text of object 'Object Repository/Konfirmasi pesanan shop/Nama pemesan' is: 'irfan.afandi'

2023-10-05 13:27:46 - [TEST_STEP][PASSED] - Nama = getText(findTestObject("pembayaran/Nama barang")): Text of object 'Object Repository/pembayaran/Nama barang' is: 'Segitiga Instan Madeira - MDB5.3 Sunset'

2023-10-05 13:27:47 - [MESSAGE][PASSED] - Text of object 'Object Repository/pembayaran/Nama barang' is: 'Segitiga Instan Madeira - MDB5.3 Sunset'

2023-10-05 13:27:47 - [TEST_STEP][PASSED] - Harga = getText(findTestObject("pembayaran/Harga barang")): Text of object 'Object Repository/pembayaran/Harga barang' is: '1,299'

2023-10-05 13:27:47 - [MESSAGE][PASSED] - Text of object 'Object Repository/pembayaran/Harga barang' is: '1,299'

2023-10-05 13:27:47 - [TEST_STEP][PASSED] - name_product = data.get("nama_barang"): null

2023-10-05 13:27:47 - [TEST_STEP][PASSED] - price_product = data.get("price_barang"): null

2023-10-05 13:27:47 - [TEST_STEP][PASSED] - assert name_product.contains(Nama): null

2023-10-05 13:27:47 - [TEST_STEP][PASSED] - assert price_product.contains(Harga): null

2023-10-05 13:27:47 - [TEST_STEP][PASSED] - warnaa = getText(findTestObject("pembayaran/warna")): Text of object 'Object Repository/pembayaran/warna' is: 'Merah'

2023-10-05 13:27:48 - [MESSAGE][PASSED] - Text of object 'Object Repository/pembayaran/warna' is: 'Merah'

2023-10-05 13:27:48 - [TEST_STEP][PASSED] - ukurann = getText(findTestObject("pembayaran/ukuran")): Text of object 'Object Repository/pembayaran/ukuran' is: 'Menengah'

2023-10-05 13:27:48 - [MESSAGE][PASSED] - Text of object 'Object Repository/pembayaran/ukuran' is: 'Menengah'

2023-10-05 13:27:48 - [TEST_STEP][PASSED] - warna1 = data.get("Warna"): null

2023-10-05 13:27:48 - [TEST_STEP][PASSED] - ukuran1 = data.get("Ukuran"): null

2023-10-05 13:27:48 - [TEST_STEP][PASSED] - assert warnaa == warna1: null

2023-10-05 13:27:48 - [TEST_STEP][PASSED] - assert ukurann == ukuran1: null

2023-10-05 13:27:48 - [TEST_STEP][PASSED] - statusPembelian = getText(findTestObject("verifikasi/Status pending di pembelian")): Text of object 'Object Repository/verifikasi/Status pending di pembelian' is: 'Pending'

2023-10-05 13:27:49 - [MESSAGE][PASSED] - Text of object 'Object Repository/verifikasi/Status pending di pembelian' is: 'Pending'

2023-10-05 13:27:49 - [TEST_STEP][PASSED] - data.put("statusPem", statusPembelian): null

2023-10-05 13:27:49 - [TEST_STEP][PASSED] - OngkosKirim = getText(findTestObject("pembayaran/ongkos kirim")): Text of object 'Object Repository/pembayaran/ongkos kirim' is: 'Rp 5,000'

2023-10-05 13:27:49 - [MESSAGE][PASSED] - Text of object 'Object Repository/pembayaran/ongkos kirim' is: 'Rp 5,000'

2023-10-05 13:27:49 - [TEST_STEP][PASSED] - Ongkos = OngkosKirim.substring(3, OngkosKirim.size()): null

2023-10-05 13:27:49 - [TEST_STEP][PASSED] - rep = Ongkos.replace(",", ""): null

2023-10-05 13:27:49 - [TEST_STEP][PASSED] - Ongkos_kirimm = Integer.parseInt(rep): null

2023-10-05 13:27:49 - [TEST_STEP][PASSED] - println(Ongkos_kirimm): null

2023-10-05 13:27:49 - [TEST_STEP][PASSED] - FeeAdmin = getText(findTestObject("pembayaran/fee admin")): Text of object 'Object Repository/pembayaran/fee admin' is: 'Rp 1,500'

2023-10-05 13:27:50 - [MESSAGE][PASSED] - Text of object 'Object Repository/pembayaran/fee admin' is: 'Rp 1,500'

2023-10-05 13:27:50 - [TEST_STEP][PASSED] - Fee_Admin = FeeAdmin.substring(3, FeeAdmin.size()): null

2023-10-05 13:27:50 - [TEST_STEP][PASSED] - fee = Fee_Admin.replace(",", ""): null

2023-10-05 13:27:50 - [TEST_STEP][PASSED] - fee_adminn = Integer.parseInt(fee): null

2023-10-05 13:27:50 - [TEST_STEP][PASSED] - println(fee_adminn): null

2023-10-05 13:27:50 - [TEST_STEP][PASSED] - Subtotal = getText(findTestObject("pembayaran/subtotal")): Text of object 'Object Repository/pembayaran/subtotal' is: 'Rp 1,299'

2023-10-05 13:27:50 - [MESSAGE][PASSED] - Text of object 'Object Repository/pembayaran/subtotal' is: 'Rp 1,299'

2023-10-05 13:27:50 - [TEST_STEP][PASSED] - sub_total = Subtotal.substring(3, Subtotal.size()): null

2023-10-05 13:27:50 - [TEST_STEP][PASSED] - sub = sub_total.replace(",", ""): null

2023-10-05 13:27:50 - [TEST_STEP][PASSED] - sub_totall = Integer.parseInt(sub): null

2023-10-05 13:27:50 - [TEST_STEP][PASSED] - println(sub_totall): null

2023-10-05 13:27:50 - [TEST_STEP][PASSED] - unik = getText(findTestObject("pembayaran/kode unik")): Text of object 'Object Repository/pembayaran/kode unik' is: '+739'

2023-10-05 13:27:51 - [MESSAGE][PASSED] - Text of object 'Object Repository/pembayaran/kode unik' is: '+739'

2023-10-05 13:27:51 - [TEST_STEP][PASSED] - unikk = unik.replace("+", ""): null

2023-10-05 13:27:51 - [TEST_STEP][PASSED] - kode_unik = Integer.parseInt(unikk): null

2023-10-05 13:27:51 - [TEST_STEP][PASSED] - println(kode_unik): null

2023-10-05 13:27:51 - [TEST_STEP][PASSED] - Total = getText(findTestObject("pembayaran/total")): Text of object 'Object Repository/pembayaran/total' is: '8,538'

2023-10-05 13:27:51 - [MESSAGE][PASSED] - Text of object 'Object Repository/pembayaran/total' is: '8,538'

2023-10-05 13:27:51 - [TEST_STEP][PASSED] - total = Total.replace(",", ""): null

2023-10-05 13:27:51 - [TEST_STEP][PASSED] - totalll = Integer.parseInt(total): null

2023-10-05 13:27:51 - [TEST_STEP][PASSED] - println(totalll): null

2023-10-05 13:27:51 - [TEST_STEP][PASSED] - Total_Hargaa = Ongkos_kirimm + fee_adminn + sub_totall + kode_unik: null

2023-10-05 13:27:51 - [TEST_STEP][PASSED] - println(Total_Hargaa): null

2023-10-05 13:27:51 - [TEST_STEP][PASSED] - assert totalll == Total_Hargaa: null

2023-10-05 13:27:51 - [TEST_STEP][PASSED] - data.put("total", Total): null

2023-10-05 13:27:51 - [TEST_STEP][PASSED] - data.put("nama", NamaPemesan): null

2023-10-05 13:27:51 - [TEST_STEP][PASSED] - return data: null

2023-10-05 13:27:51 - [MESSAGE][PASSED] - Call Test Case 'Test Cases/T13 Pembelian, Shipment dan Pembayaran/PBY-001' successfully

2023-10-05 13:27:51 - [TEST_STEP][PASSED] - inv = data.get("invoice"): null

2023-10-05 13:27:51 - [TEST_STEP][PASSED] - Total = data.get("total"): null

2023-10-05 13:27:51 - [TEST_STEP][PASSED] - NamaPemesan = data.get("nama"): null

2023-10-05 13:27:51 - [TEST_STEP][PASSED] - click(findTestObject("Konfirmasi pesanan shop/Menu Shop")): Object: 'Object Repository/Konfirmasi pesanan shop/Menu Shop' is clicked on

2023-10-05 13:27:53 - [MESSAGE][PASSED] - Object: 'Object Repository/Konfirmasi pesanan shop/Menu Shop' is clicked on

2023-10-05 13:27:53 - [TEST_STEP][PASSED] - click(findTestObject("Konfirmasi pesanan shop/Menu Shop")): Object: 'Object Repository/Konfirmasi pesanan shop/Menu Shop' is clicked on

2023-10-05 13:27:54 - [MESSAGE][PASSED] - Object: 'Object Repository/Konfirmasi pesanan shop/Menu Shop' is clicked on

2023-10-05 13:27:54 - [TEST_STEP][PASSED] - click(findTestObject("Konfirmasi pesanan shop/Konfirmasi Orders")): Object: 'Object Repository/Konfirmasi pesanan shop/Konfirmasi Orders' is clicked on

2023-10-05 13:27:54 - [MESSAGE][PASSED] - Object: 'Object Repository/Konfirmasi pesanan shop/Konfirmasi Orders' is clicked on

2023-10-05 13:27:54 - [TEST_STEP][PASSED] - verifyElementPresent(findTestObject("Konfirmasi pesanan shop/Tittle Konfirmasi Pesanan"), 0): Object 'Object Repository/Konfirmasi pesanan shop/Tittle Konfirmasi Pesanan' is present

2023-10-05 13:27:55 - [MESSAGE][WARNING] - Timeout '0' is invalid. Using default page load timeout: '30'

2023-10-05 13:27:55 - [MESSAGE][PASSED] - Object 'Object Repository/Konfirmasi pesanan shop/Tittle Konfirmasi Pesanan' is present

2023-10-05 13:27:55 - [TEST_STEP][PASSED] - setText(findTestObject("Konfirmasi pesanan shop/input_No Pesanan"), inv): Text 'TRX60.20231005132739' is set on object 'Object Repository/Konfirmasi pesanan shop/input_No Pesanan'

2023-10-05 13:27:56 - [MESSAGE][PASSED] - Text 'TRX60.20231005132739' is set on object 'Object Repository/Konfirmasi pesanan shop/input_No Pesanan'

2023-10-05 13:27:56 - [TEST_STEP][PASSED] - setText(findTestObject("Konfirmasi pesanan shop/input_Alamat E-mai"), "irfan@gmail.com"): Text 'irfan@gmail.com' is set on object 'Object Repository/Konfirmasi pesanan shop/input_Alamat E-mai'

2023-10-05 13:27:57 - [MESSAGE][PASSED] - Text 'irfan@gmail.com' is set on object 'Object Repository/Konfirmasi pesanan shop/input_Alamat E-mai'

2023-10-05 13:27:57 - [TEST_STEP][PASSED] - click(findTestObject("Konfirmasi pesanan shop/button_Submit")): Object: 'Object Repository/Konfirmasi pesanan shop/button_Submit' is clicked on

2023-10-05 13:27:58 - [MESSAGE][PASSED] - Object: 'Object Repository/Konfirmasi pesanan shop/button_Submit' is clicked on

2023-10-05 13:27:58 - [TEST_STEP][PASSED] - verifyElementPresent(findTestObject("Konfirmasi pesanan shop/Tittle nomor invoice"), 0): Object 'Object Repository/Konfirmasi pesanan shop/Tittle nomor invoice' is present

2023-10-05 13:27:58 - [MESSAGE][WARNING] - Timeout '0' is invalid. Using default page load timeout: '30'

2023-10-05 13:27:59 - [MESSAGE][PASSED] - Object 'Object Repository/Konfirmasi pesanan shop/Tittle nomor invoice' is present

2023-10-05 13:27:59 - [TEST_STEP][PASSED] - clearText(findTestObject("Konfirmasi pesanan shop/input_Total TagihanTransfer_b"), STOP_ON_FAILURE): Text of object 'Object Repository/Konfirmasi pesanan shop/input_Total TagihanTransfer_b' is cleared

2023-10-05 13:27:59 - [MESSAGE][PASSED] - Text of object 'Object Repository/Konfirmasi pesanan shop/input_Total TagihanTransfer_b' is cleared

2023-10-05 13:27:59 - [TEST_STEP][PASSED] - setText(findTestObject("Konfirmasi pesanan shop/input_Total TagihanTransfer_b"), "-1"): Text '-1' is set on object 'Object Repository/Konfirmasi pesanan shop/input_Total TagihanTransfer_b'

2023-10-05 13:28:00 - [MESSAGE][PASSED] - Text '-1' is set on object 'Object Repository/Konfirmasi pesanan shop/input_Total TagihanTransfer_b'

2023-10-05 13:28:00 - [TEST_STEP][PASSED] - selectOptionByValue(findTestObject("Konfirmasi pesanan shop/select_Bank"), "4", false): All options with value '4' are selected in object 'Object Repository/Konfirmasi pesanan shop/select_Bank' 

2023-10-05 13:28:01 - [MESSAGE][PASSED] - All options with value '4' are selected in object 'Object Repository/Konfirmasi pesanan shop/select_Bank' 

2023-10-05 13:28:01 - [TEST_STEP][PASSED] - setText(findTestObject("Konfirmasi pesanan shop/input_Nama Pengirim_d"), NamaPemesan): Text 'irfan.afandi' is set on object 'Object Repository/Konfirmasi pesanan shop/input_Nama Pengirim_d'

2023-10-05 13:28:02 - [MESSAGE][PASSED] - Text 'irfan.afandi' is set on object 'Object Repository/Konfirmasi pesanan shop/input_Nama Pengirim_d'

2023-10-05 13:28:02 - [TEST_STEP][PASSED] - uploadFile(findTestObject("Konfirmasi pesanan shop/input_Upload Bukti Transfer_f"), "C:\Users\IRFAN\Downloads\Berkas2.pdf"): File 'C:\Users\IRFAN\Downloads\Berkas2.pdf' sent to object: 'Object Repository/Konfirmasi pesanan shop/input_Upload Bukti Transfer_f'

2023-10-05 13:28:02 - [MESSAGE][PASSED] - File 'C:\Users\IRFAN\Downloads\Berkas2.pdf' sent to object: 'Object Repository/Konfirmasi pesanan shop/input_Upload Bukti Transfer_f'

2023-10-05 13:28:02 - [TEST_STEP][PASSED] - click(findTestObject("Konfirmasi pesanan shop/button_Konfirmasi Pembayaran")): Object: 'Object Repository/Konfirmasi pesanan shop/button_Konfirmasi Pembayaran' is clicked on

2023-10-05 13:28:03 - [MESSAGE][PASSED] - Object: 'Object Repository/Konfirmasi pesanan shop/button_Konfirmasi Pembayaran' is clicked on

2023-10-05 13:28:03 - [TEST_STEP][FAILED] - verifyTextPresent("inputkan harus angka sesuai", false): Unable to verify text 'inputkan harus angka sesuai' is present  (Root cause: com.kms.katalon.core.exception.StepFailedException: Unable to verify text 'inputkan harus angka sesuai' is present 
	at com.kms.katalon.core.webui.keyword.internal.WebUIKeywordMain.stepFailed(WebUIKeywordMain.groovy:64)
	at com.kms.katalon.core.webui.keyword.internal.WebUIKeywordMain.runKeyword(WebUIKeywordMain.groovy:26)
	at com.kms.katalon.core.webui.keyword.builtin.VerifyTextPresentKeyword.verifyTextPresent(VerifyTextPresentKeyword.groovy:83)
	at com.kms.katalon.core.webui.keyword.builtin.VerifyTextPresentKeyword.execute(VerifyTextPresentKeyword.groovy:68)
	at com.kms.katalon.core.keyword.internal.KeywordExecutor.executeKeywordForPlatform(KeywordExecutor.groovy:74)
	at com.kms.katalon.core.webui.keyword.WebUiBuiltInKeywords.verifyTextPresent(WebUiBuiltInKeywords.groovy:1723)
	at com.kms.katalon.core.webui.keyword.WebUiBuiltInKeywords$verifyTextPresent$7.call(Unknown Source)
	at PBY-006.run(PBY-006:61)
	at com.kms.katalon.core.main.ScriptEngine.run(ScriptEngine.java:194)
	at com.kms.katalon.core.main.ScriptEngine.runScriptAsRawText(ScriptEngine.java:119)
	at com.kms.katalon.core.main.TestCaseExecutor.runScript(TestCaseExecutor.java:448)
	at com.kms.katalon.core.main.TestCaseExecutor.doExecute(TestCaseExecutor.java:439)
	at com.kms.katalon.core.main.TestCaseExecutor.processExecutionPhase(TestCaseExecutor.java:418)
	at com.kms.katalon.core.main.TestCaseExecutor.accessMainPhase(TestCaseExecutor.java:410)
	at com.kms.katalon.core.main.TestCaseExecutor.execute(TestCaseExecutor.java:285)
	at com.kms.katalon.core.common.CommonExecutor.accessTestCaseMainPhase(CommonExecutor.java:65)
	at com.kms.katalon.core.main.TestSuiteExecutor.accessTestSuiteMainPhase(TestSuiteExecutor.java:148)
	at com.kms.katalon.core.main.TestSuiteExecutor.execute(TestSuiteExecutor.java:106)
	at com.kms.katalon.core.main.TestCaseMain.startTestSuite(TestCaseMain.java:187)
	at com.kms.katalon.core.main.TestCaseMain$startTestSuite$0.call(Unknown Source)
	at TempTestSuite1696486556660.run(TempTestSuite1696486556660.groovy:36)
Caused by: com.kms.katalon.core.exception.StepFailedException: Text 'inputkan harus angka sesuai' is not present on page 
	at com.kms.katalon.core.webui.keyword.internal.WebUIKeywordMain.stepFailed(WebUIKeywordMain.groovy:64)
	at com.kms.katalon.core.webui.keyword.builtin.VerifyTextPresentKeyword$_verifyTextPresent_closure1.doCall(VerifyTextPresentKeyword.groovy:79)
	at com.kms.katalon.core.webui.keyword.builtin.VerifyTextPresentKeyword$_verifyTextPresent_closure1.call(VerifyTextPresentKeyword.groovy)
	at com.kms.katalon.core.webui.keyword.internal.WebUIKeywordMain.runKeyword(WebUIKeywordMain.groovy:20)
	... 19 more
)

2023-10-05 13:28:04 - [MESSAGE][FAILED] - Text 'inputkan harus angka sesuai' is not present on page  (Root cause: com.kms.katalon.core.exception.StepFailedException: Text 'inputkan harus angka sesuai' is not present on page 
	at com.kms.katalon.core.webui.keyword.internal.WebUIKeywordMain.stepFailed(WebUIKeywordMain.groovy:64)
	at com.kms.katalon.core.webui.keyword.builtin.VerifyTextPresentKeyword$_verifyTextPresent_closure1.doCall(VerifyTextPresentKeyword.groovy:79)
	at com.kms.katalon.core.webui.keyword.builtin.VerifyTextPresentKeyword$_verifyTextPresent_closure1.call(VerifyTextPresentKeyword.groovy)
	at com.kms.katalon.core.webui.keyword.internal.WebUIKeywordMain.runKeyword(WebUIKeywordMain.groovy:20)
	at com.kms.katalon.core.webui.keyword.builtin.VerifyTextPresentKeyword.verifyTextPresent(VerifyTextPresentKeyword.groovy:83)
	at com.kms.katalon.core.webui.keyword.builtin.VerifyTextPresentKeyword.execute(VerifyTextPresentKeyword.groovy:68)
	at com.kms.katalon.core.keyword.internal.KeywordExecutor.executeKeywordForPlatform(KeywordExecutor.groovy:74)
	at com.kms.katalon.core.webui.keyword.WebUiBuiltInKeywords.verifyTextPresent(WebUiBuiltInKeywords.groovy:1723)
	at com.kms.katalon.core.webui.keyword.WebUiBuiltInKeywords$verifyTextPresent$7.call(Unknown Source)
	at PBY-006.run(PBY-006:61)
	at com.kms.katalon.core.main.ScriptEngine.run(ScriptEngine.java:194)
	at com.kms.katalon.core.main.ScriptEngine.runScriptAsRawText(ScriptEngine.java:119)
	at com.kms.katalon.core.main.TestCaseExecutor.runScript(TestCaseExecutor.java:448)
	at com.kms.katalon.core.main.TestCaseExecutor.doExecute(TestCaseExecutor.java:439)
	at com.kms.katalon.core.main.TestCaseExecutor.processExecutionPhase(TestCaseExecutor.java:418)
	at com.kms.katalon.core.main.TestCaseExecutor.accessMainPhase(TestCaseExecutor.java:410)
	at com.kms.katalon.core.main.TestCaseExecutor.execute(TestCaseExecutor.java:285)
	at com.kms.katalon.core.common.CommonExecutor.accessTestCaseMainPhase(CommonExecutor.java:65)
	at com.kms.katalon.core.main.TestSuiteExecutor.accessTestSuiteMainPhase(TestSuiteExecutor.java:148)
	at com.kms.katalon.core.main.TestSuiteExecutor.execute(TestSuiteExecutor.java:106)
	at com.kms.katalon.core.main.TestCaseMain.startTestSuite(TestCaseMain.java:187)
	at com.kms.katalon.core.main.TestCaseMain$startTestSuite$0.call(Unknown Source)
	at TempTestSuite1696486556660.run(TempTestSuite1696486556660.groovy:36)
)

2023-10-05 13:28:04 - [MESSAGE][FAILED] - Unable to verify text 'inputkan harus angka sesuai' is present  (Root cause: com.kms.katalon.core.exception.StepFailedException: Unable to verify text 'inputkan harus angka sesuai' is present 
	at com.kms.katalon.core.webui.keyword.internal.WebUIKeywordMain.stepFailed(WebUIKeywordMain.groovy:64)
	at com.kms.katalon.core.webui.keyword.internal.WebUIKeywordMain.runKeyword(WebUIKeywordMain.groovy:26)
	at com.kms.katalon.core.webui.keyword.builtin.VerifyTextPresentKeyword.verifyTextPresent(VerifyTextPresentKeyword.groovy:83)
	at com.kms.katalon.core.webui.keyword.builtin.VerifyTextPresentKeyword.execute(VerifyTextPresentKeyword.groovy:68)
	at com.kms.katalon.core.keyword.internal.KeywordExecutor.executeKeywordForPlatform(KeywordExecutor.groovy:74)
	at com.kms.katalon.core.webui.keyword.WebUiBuiltInKeywords.verifyTextPresent(WebUiBuiltInKeywords.groovy:1723)
	at com.kms.katalon.core.webui.keyword.WebUiBuiltInKeywords$verifyTextPresent$7.call(Unknown Source)
	at PBY-006.run(PBY-006:61)
	at com.kms.katalon.core.main.ScriptEngine.run(ScriptEngine.java:194)
	at com.kms.katalon.core.main.ScriptEngine.runScriptAsRawText(ScriptEngine.java:119)
	at com.kms.katalon.core.main.TestCaseExecutor.runScript(TestCaseExecutor.java:448)
	at com.kms.katalon.core.main.TestCaseExecutor.doExecute(TestCaseExecutor.java:439)
	at com.kms.katalon.core.main.TestCaseExecutor.processExecutionPhase(TestCaseExecutor.java:418)
	at com.kms.katalon.core.main.TestCaseExecutor.accessMainPhase(TestCaseExecutor.java:410)
	at com.kms.katalon.core.main.TestCaseExecutor.execute(TestCaseExecutor.java:285)
	at com.kms.katalon.core.common.CommonExecutor.accessTestCaseMainPhase(CommonExecutor.java:65)
	at com.kms.katalon.core.main.TestSuiteExecutor.accessTestSuiteMainPhase(TestSuiteExecutor.java:148)
	at com.kms.katalon.core.main.TestSuiteExecutor.execute(TestSuiteExecutor.java:106)
	at com.kms.katalon.core.main.TestCaseMain.startTestSuite(TestCaseMain.java:187)
	at com.kms.katalon.core.main.TestCaseMain$startTestSuite$0.call(Unknown Source)
	at TempTestSuite1696486556660.run(TempTestSuite1696486556660.groovy:36)
Caused by: com.kms.katalon.core.exception.StepFailedException: Text 'inputkan harus angka sesuai' is not present on page 
	at com.kms.katalon.core.webui.keyword.internal.WebUIKeywordMain.stepFailed(WebUIKeywordMain.groovy:64)
	at com.kms.katalon.core.webui.keyword.builtin.VerifyTextPresentKeyword$_verifyTextPresent_closure1.doCall(VerifyTextPresentKeyword.groovy:79)
	at com.kms.katalon.core.webui.keyword.builtin.VerifyTextPresentKeyword$_verifyTextPresent_closure1.call(VerifyTextPresentKeyword.groovy)
	at com.kms.katalon.core.webui.keyword.internal.WebUIKeywordMain.runKeyword(WebUIKeywordMain.groovy:20)
	... 19 more
)
[[ATTACHMENT|C:\\FT2 XSIS\\Projek 2 MINI PROJEK\\Reports\\20231005_131556\\T13 Pembelian, Shipment dan Pembayaran\\T13 Pembelian, Shipment dan Pembayaran\\20231005_131556\\1696487284457.png]]]]></system-out>
         <system-err><![CDATA[2023-10-05 13:27:02 - [TEST_CASE][FAILED] - Test Cases/T13 Pembelian, Shipment dan Pembayaran/PBY-006: Test Cases/T13 Pembelian, Shipment dan Pembayaran/PBY-006 FAILED.
Reason:
com.kms.katalon.core.exception.StepFailedException: Unable to verify text 'inputkan harus angka sesuai' is present 
	at com.kms.katalon.core.webui.keyword.internal.WebUIKeywordMain.stepFailed(WebUIKeywordMain.groovy:64)
	at com.kms.katalon.core.webui.keyword.internal.WebUIKeywordMain.runKeyword(WebUIKeywordMain.groovy:26)
	at com.kms.katalon.core.webui.keyword.builtin.VerifyTextPresentKeyword.verifyTextPresent(VerifyTextPresentKeyword.groovy:83)
	at com.kms.katalon.core.webui.keyword.builtin.VerifyTextPresentKeyword.execute(VerifyTextPresentKeyword.groovy:68)
	at com.kms.katalon.core.keyword.internal.KeywordExecutor.executeKeywordForPlatform(KeywordExecutor.groovy:74)
	at com.kms.katalon.core.webui.keyword.WebUiBuiltInKeywords.verifyTextPresent(WebUiBuiltInKeywords.groovy:1723)
	at com.kms.katalon.core.webui.keyword.WebUiBuiltInKeywords$verifyTextPresent$7.call(Unknown Source)
	at PBY-006.run(PBY-006:61)
	at com.kms.katalon.core.main.ScriptEngine.run(ScriptEngine.java:194)
	at com.kms.katalon.core.main.ScriptEngine.runScriptAsRawText(ScriptEngine.java:119)
	at com.kms.katalon.core.main.TestCaseExecutor.runScript(TestCaseExecutor.java:448)
	at com.kms.katalon.core.main.TestCaseExecutor.doExecute(TestCaseExecutor.java:439)
	at com.kms.katalon.core.main.TestCaseExecutor.processExecutionPhase(TestCaseExecutor.java:418)
	at com.kms.katalon.core.main.TestCaseExecutor.accessMainPhase(TestCaseExecutor.java:410)
	at com.kms.katalon.core.main.TestCaseExecutor.execute(TestCaseExecutor.java:285)
	at com.kms.katalon.core.common.CommonExecutor.accessTestCaseMainPhase(CommonExecutor.java:65)
	at com.kms.katalon.core.main.TestSuiteExecutor.accessTestSuiteMainPhase(TestSuiteExecutor.java:148)
	at com.kms.katalon.core.main.TestSuiteExecutor.execute(TestSuiteExecutor.java:106)
	at com.kms.katalon.core.main.TestCaseMain.startTestSuite(TestCaseMain.java:187)
	at com.kms.katalon.core.main.TestCaseMain$startTestSuite$0.call(Unknown Source)
	at TempTestSuite1696486556660.run(TempTestSuite1696486556660.groovy:36)
Caused by: com.kms.katalon.core.exception.StepFailedException: Text 'inputkan harus angka sesuai' is not present on page 
	at com.kms.katalon.core.webui.keyword.internal.WebUIKeywordMain.stepFailed(WebUIKeywordMain.groovy:64)
	at com.kms.katalon.core.webui.keyword.builtin.VerifyTextPresentKeyword$_verifyTextPresent_closure1.doCall(VerifyTextPresentKeyword.groovy:79)
	at com.kms.katalon.core.webui.keyword.builtin.VerifyTextPresentKeyword$_verifyTextPresent_closure1.call(VerifyTextPresentKeyword.groovy)
	at com.kms.katalon.core.webui.keyword.internal.WebUIKeywordMain.runKeyword(WebUIKeywordMain.groovy:20)
	... 19 more]]></system-err>
      </testcase>
      <testcase name="Test Cases/T13 Pembelian, Shipment dan Pembayaran/PBY-007" time="59.413" classname="Test Cases/T13 Pembelian, Shipment dan Pembayaran/PBY-007" status="PASSED">
         <system-out><![CDATA[2023-10-05 13:28:04 - [TEST_CASE][PASSED] - Test Cases/T13 Pembelian, Shipment dan Pembayaran/PBY-007: Test Cases/T13 Pembelian, Shipment dan Pembayaran/PBY-007

2023-10-05 13:28:05 - [TEST_STEP][PASSED] - data = callTestCase(findTestCase("T13 Pembelian, Shipment dan Pembayaran/PBY-001"), [:], STOP_ON_FAILURE): Call Test Case 'Test Cases/T13 Pembelian, Shipment dan Pembayaran/PBY-001' successfully

2023-10-05 13:28:05 - [TEST_CASE][PASSED] - Test Cases/T13 Pembelian, Shipment dan Pembayaran/PBY-001: Test Cases/T13 Pembelian, Shipment dan Pembayaran/PBY-001

2023-10-05 13:28:05 - [TEST_STEP][PASSED] - data = callTestCase(findTestCase("T13 Pembelian, Shipment dan Pembayaran/PBL-004"), ["Kurir":"Roda 2"], STOP_ON_FAILURE): Call Test Case 'Test Cases/T13 Pembelian, Shipment dan Pembayaran/PBL-004' successfully

2023-10-05 13:28:05 - [TEST_CASE][PASSED] - Test Cases/T13 Pembelian, Shipment dan Pembayaran/PBL-004: Test Cases/T13 Pembelian, Shipment dan Pembayaran/PBL-004

2023-10-05 13:28:05 - [TEST_STEP][PASSED] - data = callTestCase(findTestCase("T13 Pembelian, Shipment dan Pembayaran/PBL-002"), [:], STOP_ON_FAILURE): Call Test Case 'Test Cases/T13 Pembelian, Shipment dan Pembayaran/PBL-002' successfully

2023-10-05 13:28:05 - [TEST_CASE][PASSED] - Test Cases/T13 Pembelian, Shipment dan Pembayaran/PBL-002: Test Cases/T13 Pembelian, Shipment dan Pembayaran/PBL-002

2023-10-05 13:28:05 - [TEST_STEP][PASSED] - data = callTestCase(findTestCase("T13 Pembelian, Shipment dan Pembayaran/PBL-001"), [:], STOP_ON_FAILURE): Call Test Case 'Test Cases/T13 Pembelian, Shipment dan Pembayaran/PBL-001' successfully

2023-10-05 13:28:05 - [TEST_CASE][PASSED] - Test Cases/T13 Pembelian, Shipment dan Pembayaran/PBL-001: Test Cases/T13 Pembelian, Shipment dan Pembayaran/PBL-001

2023-10-05 13:28:05 - [TEST_STEP][PASSED] - callTestCase(findTestCase("T13 Pembelian, Shipment dan Pembayaran/LU-001"), ["username":"irfanafandi", "password":"12345irfan"], STOP_ON_FAILURE): Call Test Case 'Test Cases/T13 Pembelian, Shipment dan Pembayaran/LU-001' successfully

2023-10-05 13:28:05 - [TEST_CASE][PASSED] - Test Cases/T13 Pembelian, Shipment dan Pembayaran/LU-001: Test Cases/T13 Pembelian, Shipment dan Pembayaran/LU-001

2023-10-05 13:28:05 - [TEST_STEP][PASSED] - openBrowser("https://10.9.2.63/ecommerce/"): Browser is opened with url: 'https://10.9.2.63/ecommerce/'

2023-10-05 13:28:05 - [MESSAGE][WARNING] - A browser is already opened. Closing browser and opening a new one

2023-10-05 13:28:06 - [MESSAGE][INFO] - Starting 'Edge Chromium' driver

2023-10-05 13:28:06 - [MESSAGE][INFO] - User set preference: ['acceptInsecureCerts', 'true']

2023-10-05 13:28:08 - [MESSAGE][INFO] - Action delay is set to 0 milliseconds

2023-10-05 13:28:12 - [MESSAGE][PASSED] - Browser is opened with url: 'https://10.9.2.63/ecommerce/'

2023-10-05 13:28:12 - [TEST_STEP][PASSED] - maximizeWindow(): Current window maximized

2023-10-05 13:28:12 - [MESSAGE][PASSED] - Current window maximized

2023-10-05 13:28:12 - [TEST_STEP][PASSED] - verifyElementPresent(findTestObject("Login/Home"), 0): Object 'Object Repository/Login/Home' is present

2023-10-05 13:28:12 - [MESSAGE][WARNING] - Timeout '0' is invalid. Using default page load timeout: '30'

2023-10-05 13:28:13 - [MESSAGE][PASSED] - Object 'Object Repository/Login/Home' is present

2023-10-05 13:28:13 - [TEST_STEP][PASSED] - click(findTestObject("Login/a_Login")): Object: 'Object Repository/Login/a_Login' is clicked on

2023-10-05 13:28:13 - [MESSAGE][PASSED] - Object: 'Object Repository/Login/a_Login' is clicked on

2023-10-05 13:28:13 - [TEST_STEP][PASSED] - verifyElementPresent(findTestObject("Login/Tittle Login"), 0): Object 'Object Repository/Login/Tittle Login' is present

2023-10-05 13:28:13 - [MESSAGE][WARNING] - Timeout '0' is invalid. Using default page load timeout: '30'

2023-10-05 13:28:14 - [MESSAGE][PASSED] - Object 'Object Repository/Login/Tittle Login' is present

2023-10-05 13:28:14 - [TEST_STEP][PASSED] - setText(findTestObject("Login/input_Username, Email atau No. Handphone_a"), username): Text 'irfanafandi' is set on object 'Object Repository/Login/input_Username, Email atau No. Handphone_a'

2023-10-05 13:28:15 - [MESSAGE][PASSED] - Text 'irfanafandi' is set on object 'Object Repository/Login/input_Username, Email atau No. Handphone_a'

2023-10-05 13:28:15 - [TEST_STEP][PASSED] - setText(findTestObject("Login/input_Password_b"), password): Text '12345irfan' is set on object 'Object Repository/Login/input_Password_b'

2023-10-05 13:28:16 - [MESSAGE][PASSED] - Text '12345irfan' is set on object 'Object Repository/Login/input_Password_b'

2023-10-05 13:28:16 - [TEST_STEP][PASSED] - click(findTestObject("Login/label_Ingat saya")): Object: 'Object Repository/Login/label_Ingat saya' is clicked on

2023-10-05 13:28:16 - [MESSAGE][PASSED] - Object: 'Object Repository/Login/label_Ingat saya' is clicked on

2023-10-05 13:28:16 - [TEST_STEP][PASSED] - click(findTestObject("Login/button_Masuk")): Object: 'Object Repository/Login/button_Masuk' is clicked on

2023-10-05 13:28:17 - [MESSAGE][PASSED] - Object: 'Object Repository/Login/button_Masuk' is clicked on

2023-10-05 13:28:17 - [TEST_STEP][PASSED] - verifyElementPresent(findTestObject("Login/li_Profile"), 0): Object 'Object Repository/Login/li_Profile' is present

2023-10-05 13:28:17 - [MESSAGE][WARNING] - Timeout '0' is invalid. Using default page load timeout: '30'

2023-10-05 13:28:18 - [MESSAGE][PASSED] - Object 'Object Repository/Login/li_Profile' is present

2023-10-05 13:28:18 - [MESSAGE][PASSED] - Call Test Case 'Test Cases/T13 Pembelian, Shipment dan Pembayaran/LU-001' successfully

2023-10-05 13:28:18 - [TEST_STEP][PASSED] - mouseOver(findTestObject("beli barang/i_Mulai Belanja_icon-menu")): Object: 'Object Repository/beli barang/i_Mulai Belanja_icon-menu' is hovered

2023-10-05 13:28:19 - [MESSAGE][PASSED] - Object: 'Object Repository/beli barang/i_Mulai Belanja_icon-menu' is hovered

2023-10-05 13:28:19 - [TEST_STEP][PASSED] - click(findTestObject("beli barang/a_Fashion  Busana Wanita")): Object: 'Object Repository/beli barang/a_Fashion  Busana Wanita' is clicked on

2023-10-05 13:28:20 - [MESSAGE][PASSED] - Object: 'Object Repository/beli barang/a_Fashion  Busana Wanita' is clicked on

2023-10-05 13:28:20 - [TEST_STEP][PASSED] - NamaSebelum = getText(findTestObject("verifikasi/Nama sebelum")): Text of object 'Object Repository/verifikasi/Nama sebelum' is: ''

2023-10-05 13:28:20 - [MESSAGE][PASSED] - Text of object 'Object Repository/verifikasi/Nama sebelum' is: ''

2023-10-05 13:28:20 - [TEST_STEP][PASSED] - HargaSebelum = getText(findTestObject("verifikasi/Harga sebelum")): Text of object 'Object Repository/verifikasi/Harga sebelum' is: 'Rp 1,299'

2023-10-05 13:28:21 - [MESSAGE][PASSED] - Text of object 'Object Repository/verifikasi/Harga sebelum' is: 'Rp 1,299'

2023-10-05 13:28:21 - [TEST_STEP][PASSED] - mouseOver(findTestObject("beli barang/barang mouse over")): Object: 'Object Repository/beli barang/barang mouse over' is hovered

2023-10-05 13:28:21 - [MESSAGE][PASSED] - Object: 'Object Repository/beli barang/barang mouse over' is hovered

2023-10-05 13:28:21 - [TEST_STEP][PASSED] - click(findTestObject("beli barang/buttom add to cart")): Object: 'Object Repository/beli barang/buttom add to cart' is clicked on

2023-10-05 13:28:23 - [MESSAGE][PASSED] - Object: 'Object Repository/beli barang/buttom add to cart' is clicked on

2023-10-05 13:28:23 - [TEST_STEP][PASSED] - NamaSesudah = getText(findTestObject("verifikasi/Nama sesudah")): Text of object 'Object Repository/verifikasi/Nama sesudah' is: 'Segitiga Instan Madeira - MDB5.3 Sunset'

2023-10-05 13:28:23 - [MESSAGE][PASSED] - Text of object 'Object Repository/verifikasi/Nama sesudah' is: 'Segitiga Instan Madeira - MDB5.3 Sunset'

2023-10-05 13:28:23 - [TEST_STEP][PASSED] - HargaSesudah = getText(findTestObject("verifikasi/Harga sesudah")): Text of object 'Object Repository/verifikasi/Harga sesudah' is: 'Rp 1,299'

2023-10-05 13:28:24 - [MESSAGE][PASSED] - Text of object 'Object Repository/verifikasi/Harga sesudah' is: 'Rp 1,299'

2023-10-05 13:28:24 - [TEST_STEP][PASSED] - assert NamaSesudah.contains(NamaSebelum): null

2023-10-05 13:28:24 - [TEST_STEP][PASSED] - assert HargaSesudah.contains(HargaSebelum): null

2023-10-05 13:28:24 - [TEST_STEP][PASSED] - click(findTestObject("beli barang/Tambah Keranjang busana wanita")): Object: 'Object Repository/beli barang/Tambah Keranjang busana wanita' is clicked on

2023-10-05 13:28:24 - [MESSAGE][PASSED] - Object: 'Object Repository/beli barang/Tambah Keranjang busana wanita' is clicked on

2023-10-05 13:28:24 - [TEST_STEP][PASSED] - verifyElementPresent(findTestObject("checkout/Notifikasi keranjang"), 1): Object 'Object Repository/checkout/Notifikasi keranjang' is present

2023-10-05 13:28:25 - [MESSAGE][PASSED] - Object 'Object Repository/checkout/Notifikasi keranjang' is present

2023-10-05 13:28:25 - [TEST_STEP][PASSED] - data = new java.util.HashMap(): null

2023-10-05 13:28:25 - [TEST_STEP][PASSED] - data.put("nama_barang", NamaSesudah): null

2023-10-05 13:28:25 - [TEST_STEP][PASSED] - data.put("price_barang", HargaSesudah): null

2023-10-05 13:28:25 - [TEST_STEP][PASSED] - return data: null

2023-10-05 13:28:25 - [MESSAGE][PASSED] - Call Test Case 'Test Cases/T13 Pembelian, Shipment dan Pembayaran/PBL-001' successfully

2023-10-05 13:28:25 - [TEST_STEP][PASSED] - mouseOver(findTestObject("beli barang/keranjang")): Object: 'Object Repository/beli barang/keranjang' is hovered

2023-10-05 13:28:26 - [MESSAGE][PASSED] - Object: 'Object Repository/beli barang/keranjang' is hovered

2023-10-05 13:28:26 - [TEST_STEP][PASSED] - click(findTestObject("beli barang/Lihat Sekarang")): Object: 'Object Repository/beli barang/Lihat Sekarang' is clicked on

2023-10-05 13:28:27 - [MESSAGE][PASSED] - Object: 'Object Repository/beli barang/Lihat Sekarang' is clicked on

2023-10-05 13:28:27 - [TEST_STEP][PASSED] - verifyElementPresent(findTestObject("keranjang/li_Keranjang Belanja"), 0): Object 'Object Repository/keranjang/li_Keranjang Belanja' is present

2023-10-05 13:28:27 - [MESSAGE][WARNING] - Timeout '0' is invalid. Using default page load timeout: '30'

2023-10-05 13:28:28 - [MESSAGE][PASSED] - Object 'Object Repository/keranjang/li_Keranjang Belanja' is present

2023-10-05 13:28:28 - [TEST_STEP][PASSED] - NamaKeranjang = getText(findTestObject("verifikasi/Nama keranjang")): Text of object 'Object Repository/verifikasi/Nama keranjang' is: 'Segitiga Instan Madeira - MDB5.3 Sunset'

2023-10-05 13:28:28 - [MESSAGE][PASSED] - Text of object 'Object Repository/verifikasi/Nama keranjang' is: 'Segitiga Instan Madeira - MDB5.3 Sunset'

2023-10-05 13:28:28 - [TEST_STEP][PASSED] - HargaKeranjang = getText(findTestObject("verifikasi/Harga Keranjang")): Text of object 'Object Repository/verifikasi/Harga Keranjang' is: 'Rp 1,299'

2023-10-05 13:28:29 - [MESSAGE][PASSED] - Text of object 'Object Repository/verifikasi/Harga Keranjang' is: 'Rp 1,299'

2023-10-05 13:28:29 - [TEST_STEP][PASSED] - if (toString().equalsIgnoreCase("Merah")): Object 'Object Repository/keranjang/input_Warna_variasi101' is checked

2023-10-05 13:28:29 - [TEST_STEP][PASSED] - check(findTestObject("Object Repository/keranjang/input_Warna_variasi101")): Object 'Object Repository/keranjang/input_Warna_variasi101' is checked

2023-10-05 13:28:29 - [MESSAGE][PASSED] - Object 'Object Repository/keranjang/input_Warna_variasi101' is checked

2023-10-05 13:28:29 - [TEST_STEP][PASSED] - if (toString().equalsIgnoreCase("Menengah")): Object 'Object Repository/keranjang/input_Ukuran_variasi201' is checked

2023-10-05 13:28:29 - [TEST_STEP][PASSED] - check(findTestObject("Object Repository/keranjang/input_Ukuran_variasi201")): Object 'Object Repository/keranjang/input_Ukuran_variasi201' is checked

2023-10-05 13:28:30 - [MESSAGE][PASSED] - Object 'Object Repository/keranjang/input_Ukuran_variasi201' is checked

2023-10-05 13:28:30 - [TEST_STEP][PASSED] - data.put("Warna", warna): null

2023-10-05 13:28:30 - [TEST_STEP][PASSED] - data.put("Ukuran", ukuran): null

2023-10-05 13:28:30 - [TEST_STEP][PASSED] - click(findTestObject("keranjang/button_Lanjut ke Pembayaran")): Object: 'Object Repository/keranjang/button_Lanjut ke Pembayaran' is clicked on

2023-10-05 13:28:31 - [MESSAGE][PASSED] - Object: 'Object Repository/keranjang/button_Lanjut ke Pembayaran' is clicked on

2023-10-05 13:28:31 - [TEST_STEP][PASSED] - verifyElementPresent(findTestObject("checkout/Tittle Checkout Order"), 0): Object 'Object Repository/checkout/Tittle Checkout Order' is present

2023-10-05 13:28:31 - [MESSAGE][WARNING] - Timeout '0' is invalid. Using default page load timeout: '30'

2023-10-05 13:28:32 - [MESSAGE][PASSED] - Object 'Object Repository/checkout/Tittle Checkout Order' is present

2023-10-05 13:28:32 - [TEST_STEP][PASSED] - name_product = data.get("nama_barang"): null

2023-10-05 13:28:32 - [TEST_STEP][PASSED] - price_product = data.get("price_barang"): null

2023-10-05 13:28:32 - [TEST_STEP][PASSED] - assert name_product == NamaKeranjang: null

2023-10-05 13:28:32 - [TEST_STEP][PASSED] - assert price_product == HargaKeranjang: null

2023-10-05 13:28:32 - [TEST_STEP][PASSED] - return data: null

2023-10-05 13:28:32 - [MESSAGE][PASSED] - Call Test Case 'Test Cases/T13 Pembelian, Shipment dan Pembayaran/PBL-002' successfully

2023-10-05 13:28:32 - [TEST_STEP][PASSED] - warnaa = getText(findTestObject("verifikasi/warna Merah")): Text of object 'Object Repository/verifikasi/warna Merah' is: 'Merah'

2023-10-05 13:28:32 - [MESSAGE][PASSED] - Text of object 'Object Repository/verifikasi/warna Merah' is: 'Merah'

2023-10-05 13:28:32 - [TEST_STEP][PASSED] - ukurann = getText(findTestObject("verifikasi/Ukuran Menengah")): Text of object 'Object Repository/verifikasi/Ukuran Menengah' is: 'Menengah'

2023-10-05 13:28:33 - [MESSAGE][PASSED] - Text of object 'Object Repository/verifikasi/Ukuran Menengah' is: 'Menengah'

2023-10-05 13:28:33 - [TEST_STEP][PASSED] - warna1 = data.get("Warna"): null

2023-10-05 13:28:33 - [TEST_STEP][PASSED] - ukuran1 = data.get("Ukuran"): null

2023-10-05 13:28:33 - [TEST_STEP][PASSED] - assert warnaa == warna1: null

2023-10-05 13:28:33 - [TEST_STEP][PASSED] - assert ukurann == ukuran1: null

2023-10-05 13:28:33 - [TEST_STEP][PASSED] - NamaCheckout = getText(findTestObject("verifikasi/NamaCheckout")): Text of object 'Object Repository/verifikasi/NamaCheckout' is: ''

2023-10-05 13:28:33 - [MESSAGE][PASSED] - Text of object 'Object Repository/verifikasi/NamaCheckout' is: ''

2023-10-05 13:28:33 - [TEST_STEP][PASSED] - HargaCheckout = getText(findTestObject("verifikasi/HargaCheckout")): Text of object 'Object Repository/verifikasi/HargaCheckout' is: '1,299'

2023-10-05 13:28:33 - [MESSAGE][PASSED] - Text of object 'Object Repository/verifikasi/HargaCheckout' is: '1,299'

2023-10-05 13:28:33 - [TEST_STEP][PASSED] - name_product = data.get("nama_barang"): null

2023-10-05 13:28:33 - [TEST_STEP][PASSED] - price_product = data.get("price_barang"): null

2023-10-05 13:28:33 - [TEST_STEP][PASSED] - assert name_product.contains(NamaCheckout): null

2023-10-05 13:28:33 - [TEST_STEP][PASSED] - assert price_product.contains(HargaCheckout): null

2023-10-05 13:28:33 - [TEST_STEP][PASSED] - selectOptionByLabel(findTestObject("checkout/select - Kirim via Kurir Lokal"), Kurir, false): All options with label 'Roda 2' are selected in object 'Object Repository/checkout/select - Kirim via Kurir Lokal' 

2023-10-05 13:28:34 - [MESSAGE][PASSED] - All options with label 'Roda 2' are selected in object 'Object Repository/checkout/select - Kirim via Kurir Lokal' 

2023-10-05 13:28:34 - [TEST_STEP][PASSED] - click(findTestObject("checkout/Kendaraan Kurir")): Object: 'Object Repository/checkout/Kendaraan Kurir' is clicked on

2023-10-05 13:28:35 - [MESSAGE][PASSED] - Object: 'Object Repository/checkout/Kendaraan Kurir' is clicked on

2023-10-05 13:28:35 - [TEST_STEP][PASSED] - OngkosKirim = getText(findTestObject("Object Repository/verifikasi/Ongkos Kirim checkout")): Text of object 'Object Repository/verifikasi/Ongkos Kirim checkout' is: 'Rp. 5,000'

2023-10-05 13:28:35 - [MESSAGE][PASSED] - Text of object 'Object Repository/verifikasi/Ongkos Kirim checkout' is: 'Rp. 5,000'

2023-10-05 13:28:35 - [TEST_STEP][PASSED] - Ongkos = OngkosKirim.substring(3, OngkosKirim.size()): null

2023-10-05 13:28:35 - [TEST_STEP][PASSED] - rep = Ongkos.replace(",", "."): null

2023-10-05 13:28:35 - [TEST_STEP][PASSED] - Ongkos_kirim = Double.parseDouble(rep): null

2023-10-05 13:28:35 - [TEST_STEP][PASSED] - println(Ongkos_kirim): null

2023-10-05 13:28:35 - [TEST_STEP][PASSED] - FeeAdmin = getText(findTestObject("verifikasi/Fee Admin checkout")): Text of object 'Object Repository/verifikasi/Fee Admin checkout' is: 'Fee Admin
Rp 1,500'

2023-10-05 13:28:36 - [MESSAGE][PASSED] - Text of object 'Object Repository/verifikasi/Fee Admin checkout' is: 'Fee Admin
Rp 1,500'

2023-10-05 13:28:36 - [TEST_STEP][PASSED] - Fee_Admin = FeeAdmin.substring(12, FeeAdmin.size()): null

2023-10-05 13:28:36 - [TEST_STEP][PASSED] - fee = Fee_Admin.replace(",", "."): null

2023-10-05 13:28:36 - [TEST_STEP][PASSED] - fee_admin = Double.parseDouble(fee): null

2023-10-05 13:28:36 - [TEST_STEP][PASSED] - println(fee_admin): null

2023-10-05 13:28:36 - [TEST_STEP][PASSED] - Subtotal = getText(findTestObject("verifikasi/subtotal checkout")): Text of object 'Object Repository/verifikasi/subtotal checkout' is: 'Subtotal
Rp 1,299'

2023-10-05 13:28:36 - [MESSAGE][PASSED] - Text of object 'Object Repository/verifikasi/subtotal checkout' is: 'Subtotal
Rp 1,299'

2023-10-05 13:28:36 - [TEST_STEP][PASSED] - sub_total = Subtotal.substring(12, Subtotal.size()): null

2023-10-05 13:28:36 - [TEST_STEP][PASSED] - sub = sub_total.replace(",", "."): null

2023-10-05 13:28:36 - [TEST_STEP][PASSED] - sub_total = Double.parseDouble(sub): null

2023-10-05 13:28:36 - [TEST_STEP][PASSED] - println(sub_total): null

2023-10-05 13:28:36 - [TEST_STEP][PASSED] - Total = getText(findTestObject("verifikasi/Total checkout")): Text of object 'Object Repository/verifikasi/Total checkout' is: 'Rp 7,799'

2023-10-05 13:28:37 - [MESSAGE][PASSED] - Text of object 'Object Repository/verifikasi/Total checkout' is: 'Rp 7,799'

2023-10-05 13:28:37 - [TEST_STEP][PASSED] - totall = Total.substring(3, Total.size()): null

2023-10-05 13:28:37 - [TEST_STEP][PASSED] - total = totall.replace(",", "."): null

2023-10-05 13:28:37 - [TEST_STEP][PASSED] - totall = Double.parseDouble(total): null

2023-10-05 13:28:37 - [TEST_STEP][PASSED] - println(totall): null

2023-10-05 13:28:37 - [TEST_STEP][PASSED] - Total_Harga = Ongkos_kirim + fee_admin + sub_total: null

2023-10-05 13:28:37 - [TEST_STEP][PASSED] - println(Total_Harga): null

2023-10-05 13:28:37 - [TEST_STEP][PASSED] - TotalHarga = Math.round(Total_Harga * 1000) / 1000: null

2023-10-05 13:28:37 - [TEST_STEP][PASSED] - println(TotalHarga): null

2023-10-05 13:28:37 - [TEST_STEP][PASSED] - assert totall == TotalHarga: null

2023-10-05 13:28:37 - [TEST_STEP][PASSED] - click(findTestObject("verifikasi/Metode Transfer")): Object: 'Object Repository/verifikasi/Metode Transfer' is clicked on

2023-10-05 13:28:37 - [MESSAGE][PASSED] - Object: 'Object Repository/verifikasi/Metode Transfer' is clicked on

2023-10-05 13:28:37 - [TEST_STEP][PASSED] - click(findTestObject("checkout/button_Proses Pembayaran")): Object: 'Object Repository/checkout/button_Proses Pembayaran' is clicked on

2023-10-05 13:28:45 - [MESSAGE][PASSED] - Object: 'Object Repository/checkout/button_Proses Pembayaran' is clicked on

2023-10-05 13:28:45 - [TEST_STEP][PASSED] - verifyElementPresent(findTestObject("pembayaran/Tittle nomor invoice"), 0): Object 'Object Repository/pembayaran/Tittle nomor invoice' is present

2023-10-05 13:28:46 - [MESSAGE][WARNING] - Timeout '0' is invalid. Using default page load timeout: '30'

2023-10-05 13:28:46 - [MESSAGE][PASSED] - Object 'Object Repository/pembayaran/Tittle nomor invoice' is present

2023-10-05 13:28:46 - [TEST_STEP][PASSED] - return data: null

2023-10-05 13:28:46 - [MESSAGE][PASSED] - Call Test Case 'Test Cases/T13 Pembelian, Shipment dan Pembayaran/PBL-004' successfully

2023-10-05 13:28:46 - [TEST_STEP][PASSED] - Invoice = getText(findTestObject("pembayaran/nomor invoice")): Text of object 'Object Repository/pembayaran/nomor invoice' is: 'TRX60.20231005132841'

2023-10-05 13:28:47 - [MESSAGE][PASSED] - Text of object 'Object Repository/pembayaran/nomor invoice' is: 'TRX60.20231005132841'

2023-10-05 13:28:47 - [TEST_STEP][PASSED] - data.put("invoice", Invoice): null

2023-10-05 13:28:47 - [TEST_STEP][PASSED] - NamaPemesan = getText(findTestObject("Konfirmasi pesanan shop/Nama pemesan")): Text of object 'Object Repository/Konfirmasi pesanan shop/Nama pemesan' is: 'irfan.afandi'

2023-10-05 13:28:47 - [MESSAGE][PASSED] - Text of object 'Object Repository/Konfirmasi pesanan shop/Nama pemesan' is: 'irfan.afandi'

2023-10-05 13:28:47 - [TEST_STEP][PASSED] - Nama = getText(findTestObject("pembayaran/Nama barang")): Text of object 'Object Repository/pembayaran/Nama barang' is: 'Segitiga Instan Madeira - MDB5.3 Sunset'

2023-10-05 13:28:48 - [MESSAGE][PASSED] - Text of object 'Object Repository/pembayaran/Nama barang' is: 'Segitiga Instan Madeira - MDB5.3 Sunset'

2023-10-05 13:28:48 - [TEST_STEP][PASSED] - Harga = getText(findTestObject("pembayaran/Harga barang")): Text of object 'Object Repository/pembayaran/Harga barang' is: '1,299'

2023-10-05 13:28:48 - [MESSAGE][PASSED] - Text of object 'Object Repository/pembayaran/Harga barang' is: '1,299'

2023-10-05 13:28:48 - [TEST_STEP][PASSED] - name_product = data.get("nama_barang"): null

2023-10-05 13:28:48 - [TEST_STEP][PASSED] - price_product = data.get("price_barang"): null

2023-10-05 13:28:48 - [TEST_STEP][PASSED] - assert name_product.contains(Nama): null

2023-10-05 13:28:48 - [TEST_STEP][PASSED] - assert price_product.contains(Harga): null

2023-10-05 13:28:48 - [TEST_STEP][PASSED] - warnaa = getText(findTestObject("pembayaran/warna")): Text of object 'Object Repository/pembayaran/warna' is: 'Merah'

2023-10-05 13:28:49 - [MESSAGE][PASSED] - Text of object 'Object Repository/pembayaran/warna' is: 'Merah'

2023-10-05 13:28:49 - [TEST_STEP][PASSED] - ukurann = getText(findTestObject("pembayaran/ukuran")): Text of object 'Object Repository/pembayaran/ukuran' is: 'Menengah'

2023-10-05 13:28:49 - [MESSAGE][PASSED] - Text of object 'Object Repository/pembayaran/ukuran' is: 'Menengah'

2023-10-05 13:28:49 - [TEST_STEP][PASSED] - warna1 = data.get("Warna"): null

2023-10-05 13:28:49 - [TEST_STEP][PASSED] - ukuran1 = data.get("Ukuran"): null

2023-10-05 13:28:49 - [TEST_STEP][PASSED] - assert warnaa == warna1: null

2023-10-05 13:28:49 - [TEST_STEP][PASSED] - assert ukurann == ukuran1: null

2023-10-05 13:28:49 - [TEST_STEP][PASSED] - statusPembelian = getText(findTestObject("verifikasi/Status pending di pembelian")): Text of object 'Object Repository/verifikasi/Status pending di pembelian' is: 'Pending'

2023-10-05 13:28:50 - [MESSAGE][PASSED] - Text of object 'Object Repository/verifikasi/Status pending di pembelian' is: 'Pending'

2023-10-05 13:28:50 - [TEST_STEP][PASSED] - data.put("statusPem", statusPembelian): null

2023-10-05 13:28:50 - [TEST_STEP][PASSED] - OngkosKirim = getText(findTestObject("pembayaran/ongkos kirim")): Text of object 'Object Repository/pembayaran/ongkos kirim' is: 'Rp 5,000'

2023-10-05 13:28:50 - [MESSAGE][PASSED] - Text of object 'Object Repository/pembayaran/ongkos kirim' is: 'Rp 5,000'

2023-10-05 13:28:50 - [TEST_STEP][PASSED] - Ongkos = OngkosKirim.substring(3, OngkosKirim.size()): null

2023-10-05 13:28:50 - [TEST_STEP][PASSED] - rep = Ongkos.replace(",", ""): null

2023-10-05 13:28:50 - [TEST_STEP][PASSED] - Ongkos_kirimm = Integer.parseInt(rep): null

2023-10-05 13:28:50 - [TEST_STEP][PASSED] - println(Ongkos_kirimm): null

2023-10-05 13:28:50 - [TEST_STEP][PASSED] - FeeAdmin = getText(findTestObject("pembayaran/fee admin")): Text of object 'Object Repository/pembayaran/fee admin' is: 'Rp 1,500'

2023-10-05 13:28:51 - [MESSAGE][PASSED] - Text of object 'Object Repository/pembayaran/fee admin' is: 'Rp 1,500'

2023-10-05 13:28:51 - [TEST_STEP][PASSED] - Fee_Admin = FeeAdmin.substring(3, FeeAdmin.size()): null

2023-10-05 13:28:51 - [TEST_STEP][PASSED] - fee = Fee_Admin.replace(",", ""): null

2023-10-05 13:28:51 - [TEST_STEP][PASSED] - fee_adminn = Integer.parseInt(fee): null

2023-10-05 13:28:51 - [TEST_STEP][PASSED] - println(fee_adminn): null

2023-10-05 13:28:51 - [TEST_STEP][PASSED] - Subtotal = getText(findTestObject("pembayaran/subtotal")): Text of object 'Object Repository/pembayaran/subtotal' is: 'Rp 1,299'

2023-10-05 13:28:51 - [MESSAGE][PASSED] - Text of object 'Object Repository/pembayaran/subtotal' is: 'Rp 1,299'

2023-10-05 13:28:51 - [TEST_STEP][PASSED] - sub_total = Subtotal.substring(3, Subtotal.size()): null

2023-10-05 13:28:51 - [TEST_STEP][PASSED] - sub = sub_total.replace(",", ""): null

2023-10-05 13:28:51 - [TEST_STEP][PASSED] - sub_totall = Integer.parseInt(sub): null

2023-10-05 13:28:51 - [TEST_STEP][PASSED] - println(sub_totall): null

2023-10-05 13:28:51 - [TEST_STEP][PASSED] - unik = getText(findTestObject("pembayaran/kode unik")): Text of object 'Object Repository/pembayaran/kode unik' is: '+841'

2023-10-05 13:28:52 - [MESSAGE][PASSED] - Text of object 'Object Repository/pembayaran/kode unik' is: '+841'

2023-10-05 13:28:52 - [TEST_STEP][PASSED] - unikk = unik.replace("+", ""): null

2023-10-05 13:28:52 - [TEST_STEP][PASSED] - kode_unik = Integer.parseInt(unikk): null

2023-10-05 13:28:52 - [TEST_STEP][PASSED] - println(kode_unik): null

2023-10-05 13:28:52 - [TEST_STEP][PASSED] - Total = getText(findTestObject("pembayaran/total")): Text of object 'Object Repository/pembayaran/total' is: '8,640'

2023-10-05 13:28:52 - [MESSAGE][PASSED] - Text of object 'Object Repository/pembayaran/total' is: '8,640'

2023-10-05 13:28:52 - [TEST_STEP][PASSED] - total = Total.replace(",", ""): null

2023-10-05 13:28:52 - [TEST_STEP][PASSED] - totalll = Integer.parseInt(total): null

2023-10-05 13:28:52 - [TEST_STEP][PASSED] - println(totalll): null

2023-10-05 13:28:52 - [TEST_STEP][PASSED] - Total_Hargaa = Ongkos_kirimm + fee_adminn + sub_totall + kode_unik: null

2023-10-05 13:28:52 - [TEST_STEP][PASSED] - println(Total_Hargaa): null

2023-10-05 13:28:52 - [TEST_STEP][PASSED] - assert totalll == Total_Hargaa: null

2023-10-05 13:28:52 - [TEST_STEP][PASSED] - data.put("total", Total): null

2023-10-05 13:28:52 - [TEST_STEP][PASSED] - data.put("nama", NamaPemesan): null

2023-10-05 13:28:52 - [TEST_STEP][PASSED] - return data: null

2023-10-05 13:28:52 - [MESSAGE][PASSED] - Call Test Case 'Test Cases/T13 Pembelian, Shipment dan Pembayaran/PBY-001' successfully

2023-10-05 13:28:52 - [TEST_STEP][PASSED] - inv = data.get("invoice"): null

2023-10-05 13:28:52 - [TEST_STEP][PASSED] - Total = data.get("total"): null

2023-10-05 13:28:52 - [TEST_STEP][PASSED] - NamaPemesan = data.get("nama"): null

2023-10-05 13:28:52 - [TEST_STEP][PASSED] - click(findTestObject("Konfirmasi pesanan shop/Menu Shop")): Object: 'Object Repository/Konfirmasi pesanan shop/Menu Shop' is clicked on

2023-10-05 13:28:54 - [MESSAGE][PASSED] - Object: 'Object Repository/Konfirmasi pesanan shop/Menu Shop' is clicked on

2023-10-05 13:28:54 - [TEST_STEP][PASSED] - click(findTestObject("Konfirmasi pesanan shop/Menu Shop")): Object: 'Object Repository/Konfirmasi pesanan shop/Menu Shop' is clicked on

2023-10-05 13:28:55 - [MESSAGE][PASSED] - Object: 'Object Repository/Konfirmasi pesanan shop/Menu Shop' is clicked on

2023-10-05 13:28:55 - [TEST_STEP][PASSED] - click(findTestObject("Konfirmasi pesanan shop/Konfirmasi Orders")): Object: 'Object Repository/Konfirmasi pesanan shop/Konfirmasi Orders' is clicked on

2023-10-05 13:28:56 - [MESSAGE][PASSED] - Object: 'Object Repository/Konfirmasi pesanan shop/Konfirmasi Orders' is clicked on

2023-10-05 13:28:56 - [TEST_STEP][PASSED] - verifyElementPresent(findTestObject("Konfirmasi pesanan shop/Tittle Konfirmasi Pesanan"), 0): Object 'Object Repository/Konfirmasi pesanan shop/Tittle Konfirmasi Pesanan' is present

2023-10-05 13:28:56 - [MESSAGE][WARNING] - Timeout '0' is invalid. Using default page load timeout: '30'

2023-10-05 13:28:57 - [MESSAGE][PASSED] - Object 'Object Repository/Konfirmasi pesanan shop/Tittle Konfirmasi Pesanan' is present

2023-10-05 13:28:57 - [TEST_STEP][PASSED] - setText(findTestObject("Konfirmasi pesanan shop/input_No Pesanan"), inv): Text 'TRX60.20231005132841' is set on object 'Object Repository/Konfirmasi pesanan shop/input_No Pesanan'

2023-10-05 13:28:58 - [MESSAGE][PASSED] - Text 'TRX60.20231005132841' is set on object 'Object Repository/Konfirmasi pesanan shop/input_No Pesanan'

2023-10-05 13:28:58 - [TEST_STEP][PASSED] - setText(findTestObject("Konfirmasi pesanan shop/input_Alamat E-mai"), "irfan@gmail.com"): Text 'irfan@gmail.com' is set on object 'Object Repository/Konfirmasi pesanan shop/input_Alamat E-mai'

2023-10-05 13:28:58 - [MESSAGE][PASSED] - Text 'irfan@gmail.com' is set on object 'Object Repository/Konfirmasi pesanan shop/input_Alamat E-mai'

2023-10-05 13:28:58 - [TEST_STEP][PASSED] - click(findTestObject("Konfirmasi pesanan shop/button_Submit")): Object: 'Object Repository/Konfirmasi pesanan shop/button_Submit' is clicked on

2023-10-05 13:28:59 - [MESSAGE][PASSED] - Object: 'Object Repository/Konfirmasi pesanan shop/button_Submit' is clicked on

2023-10-05 13:28:59 - [TEST_STEP][PASSED] - verifyElementPresent(findTestObject("Konfirmasi pesanan shop/Tittle nomor invoice"), 0): Object 'Object Repository/Konfirmasi pesanan shop/Tittle nomor invoice' is present

2023-10-05 13:28:59 - [MESSAGE][WARNING] - Timeout '0' is invalid. Using default page load timeout: '30'

2023-10-05 13:29:00 - [MESSAGE][PASSED] - Object 'Object Repository/Konfirmasi pesanan shop/Tittle nomor invoice' is present

2023-10-05 13:29:00 - [TEST_STEP][PASSED] - setText(findTestObject("Konfirmasi pesanan shop/input_Total TagihanTransfer_b"), Total): Text '8,640' is set on object 'Object Repository/Konfirmasi pesanan shop/input_Total TagihanTransfer_b'

2023-10-05 13:29:01 - [MESSAGE][PASSED] - Text '8,640' is set on object 'Object Repository/Konfirmasi pesanan shop/input_Total TagihanTransfer_b'

2023-10-05 13:29:01 - [TEST_STEP][PASSED] - selectOptionByValue(findTestObject("Konfirmasi pesanan shop/select_Bank"), "4", false): All options with value '4' are selected in object 'Object Repository/Konfirmasi pesanan shop/select_Bank' 

2023-10-05 13:29:02 - [MESSAGE][PASSED] - All options with value '4' are selected in object 'Object Repository/Konfirmasi pesanan shop/select_Bank' 

2023-10-05 13:29:02 - [TEST_STEP][PASSED] - clearText(findTestObject("Konfirmasi pesanan shop/input_Nama Pengirim_d"), STOP_ON_FAILURE): Text of object 'Object Repository/Konfirmasi pesanan shop/input_Nama Pengirim_d' is cleared

2023-10-05 13:29:02 - [MESSAGE][PASSED] - Text of object 'Object Repository/Konfirmasi pesanan shop/input_Nama Pengirim_d' is cleared

2023-10-05 13:29:02 - [TEST_STEP][PASSED] - uploadFile(findTestObject("Konfirmasi pesanan shop/input_Upload Bukti Transfer_f"), "C:\Users\IRFAN\Downloads\Berkas2.pdf"): File 'C:\Users\IRFAN\Downloads\Berkas2.pdf' sent to object: 'Object Repository/Konfirmasi pesanan shop/input_Upload Bukti Transfer_f'

2023-10-05 13:29:03 - [MESSAGE][PASSED] - File 'C:\Users\IRFAN\Downloads\Berkas2.pdf' sent to object: 'Object Repository/Konfirmasi pesanan shop/input_Upload Bukti Transfer_f'

2023-10-05 13:29:03 - [TEST_STEP][PASSED] - click(findTestObject("Konfirmasi pesanan shop/button_Konfirmasi Pembayaran")): Object: 'Object Repository/Konfirmasi pesanan shop/button_Konfirmasi Pembayaran' is clicked on

2023-10-05 13:29:03 - [MESSAGE][PASSED] - Object: 'Object Repository/Konfirmasi pesanan shop/button_Konfirmasi Pembayaran' is clicked on

2023-10-05 13:29:03 - [TEST_STEP][PASSED] - webDriver = getWebDriver(): null

2023-10-05 13:29:03 - [TEST_STEP][PASSED] - field_nama = webDriver.findElement(By.xpath("//input[@name="d"]")): null

2023-10-05 13:29:03 - [TEST_STEP][PASSED] - error_message = webDriver.executeScript("return arguments[0].validationMessage", field_nama): null

2023-10-05 13:29:04 - [TEST_STEP][PASSED] - println(error_message): null

2023-10-05 13:29:04 - [TEST_STEP][PASSED] - assert error_message == "Please fill out this field.": null]]></system-out>
         <system-err><![CDATA[]]></system-err>
      </testcase>
      <testcase name="Test Cases/T13 Pembelian, Shipment dan Pembayaran/PBY-008" time="62.757" classname="Test Cases/T13 Pembelian, Shipment dan Pembayaran/PBY-008" status="FAILED">
         <failure type="FAILED" message="Test Cases/T13 Pembelian, Shipment dan Pembayaran/PBY-008 FAILED.
Reason:
com.kms.katalon.core.exception.StepFailedException: Unable to verify text 'Please fill out this field.' is present 
	at com.kms.katalon.core.webui.keyword.internal.WebUIKeywordMain.stepFailed(WebUIKeywordMain.groovy:64)
	at com.kms.katalon.core.webui.keyword.internal.WebUIKeywordMain.runKeyword(WebUIKeywordMain.groovy:26)
	at com.kms.katalon.core.webui.keyword.builtin.VerifyTextPresentKeyword.verifyTextPresent(VerifyTextPresentKeyword.groovy:83)
	at com.kms.katalon.core.webui.keyword.builtin.VerifyTextPresentKeyword.execute(VerifyTextPresentKeyword.groovy:68)
	at com.kms.katalon.core.keyword.internal.KeywordExecutor.executeKeywordForPlatform(KeywordExecutor.groovy:74)
	at com.kms.katalon.core.webui.keyword.WebUiBuiltInKeywords.verifyTextPresent(WebUiBuiltInKeywords.groovy:1723)
	at com.kms.katalon.core.webui.keyword.WebUiBuiltInKeywords$verifyTextPresent$7.call(Unknown Source)
	at PBY-008.run(PBY-008:57)
	at com.kms.katalon.core.main.ScriptEngine.run(ScriptEngine.java:194)
	at com.kms.katalon.core.main.ScriptEngine.runScriptAsRawText(ScriptEngine.java:119)
	at com.kms.katalon.core.main.TestCaseExecutor.runScript(TestCaseExecutor.java:448)
	at com.kms.katalon.core.main.TestCaseExecutor.doExecute(TestCaseExecutor.java:439)
	at com.kms.katalon.core.main.TestCaseExecutor.processExecutionPhase(TestCaseExecutor.java:418)
	at com.kms.katalon.core.main.TestCaseExecutor.accessMainPhase(TestCaseExecutor.java:410)
	at com.kms.katalon.core.main.TestCaseExecutor.execute(TestCaseExecutor.java:285)
	at com.kms.katalon.core.common.CommonExecutor.accessTestCaseMainPhase(CommonExecutor.java:65)
	at com.kms.katalon.core.main.TestSuiteExecutor.accessTestSuiteMainPhase(TestSuiteExecutor.java:148)
	at com.kms.katalon.core.main.TestSuiteExecutor.execute(TestSuiteExecutor.java:106)
	at com.kms.katalon.core.main.TestCaseMain.startTestSuite(TestCaseMain.java:187)
	at com.kms.katalon.core.main.TestCaseMain$startTestSuite$0.call(Unknown Source)
	at TempTestSuite1696486556660.run(TempTestSuite1696486556660.groovy:36)
Caused by: com.kms.katalon.core.exception.StepFailedException: Text 'Please fill out this field.' is not present on page 
	at com.kms.katalon.core.webui.keyword.internal.WebUIKeywordMain.stepFailed(WebUIKeywordMain.groovy:64)
	at com.kms.katalon.core.webui.keyword.builtin.VerifyTextPresentKeyword$_verifyTextPresent_closure1.doCall(VerifyTextPresentKeyword.groovy:79)
	at com.kms.katalon.core.webui.keyword.builtin.VerifyTextPresentKeyword$_verifyTextPresent_closure1.call(VerifyTextPresentKeyword.groovy)
	at com.kms.katalon.core.webui.keyword.internal.WebUIKeywordMain.runKeyword(WebUIKeywordMain.groovy:20)
	... 19 more
"/>
         <system-out><![CDATA[2023-10-05 13:29:04 - [TEST_CASE][FAILED] - Test Cases/T13 Pembelian, Shipment dan Pembayaran/PBY-008: Test Cases/T13 Pembelian, Shipment dan Pembayaran/PBY-008 FAILED.
Reason:
com.kms.katalon.core.exception.StepFailedException: Unable to verify text 'Please fill out this field.' is present 
	at com.kms.katalon.core.webui.keyword.internal.WebUIKeywordMain.stepFailed(WebUIKeywordMain.groovy:64)
	at com.kms.katalon.core.webui.keyword.internal.WebUIKeywordMain.runKeyword(WebUIKeywordMain.groovy:26)
	at com.kms.katalon.core.webui.keyword.builtin.VerifyTextPresentKeyword.verifyTextPresent(VerifyTextPresentKeyword.groovy:83)
	at com.kms.katalon.core.webui.keyword.builtin.VerifyTextPresentKeyword.execute(VerifyTextPresentKeyword.groovy:68)
	at com.kms.katalon.core.keyword.internal.KeywordExecutor.executeKeywordForPlatform(KeywordExecutor.groovy:74)
	at com.kms.katalon.core.webui.keyword.WebUiBuiltInKeywords.verifyTextPresent(WebUiBuiltInKeywords.groovy:1723)
	at com.kms.katalon.core.webui.keyword.WebUiBuiltInKeywords$verifyTextPresent$7.call(Unknown Source)
	at PBY-008.run(PBY-008:57)
	at com.kms.katalon.core.main.ScriptEngine.run(ScriptEngine.java:194)
	at com.kms.katalon.core.main.ScriptEngine.runScriptAsRawText(ScriptEngine.java:119)
	at com.kms.katalon.core.main.TestCaseExecutor.runScript(TestCaseExecutor.java:448)
	at com.kms.katalon.core.main.TestCaseExecutor.doExecute(TestCaseExecutor.java:439)
	at com.kms.katalon.core.main.TestCaseExecutor.processExecutionPhase(TestCaseExecutor.java:418)
	at com.kms.katalon.core.main.TestCaseExecutor.accessMainPhase(TestCaseExecutor.java:410)
	at com.kms.katalon.core.main.TestCaseExecutor.execute(TestCaseExecutor.java:285)
	at com.kms.katalon.core.common.CommonExecutor.accessTestCaseMainPhase(CommonExecutor.java:65)
	at com.kms.katalon.core.main.TestSuiteExecutor.accessTestSuiteMainPhase(TestSuiteExecutor.java:148)
	at com.kms.katalon.core.main.TestSuiteExecutor.execute(TestSuiteExecutor.java:106)
	at com.kms.katalon.core.main.TestCaseMain.startTestSuite(TestCaseMain.java:187)
	at com.kms.katalon.core.main.TestCaseMain$startTestSuite$0.call(Unknown Source)
	at TempTestSuite1696486556660.run(TempTestSuite1696486556660.groovy:36)
Caused by: com.kms.katalon.core.exception.StepFailedException: Text 'Please fill out this field.' is not present on page 
	at com.kms.katalon.core.webui.keyword.internal.WebUIKeywordMain.stepFailed(WebUIKeywordMain.groovy:64)
	at com.kms.katalon.core.webui.keyword.builtin.VerifyTextPresentKeyword$_verifyTextPresent_closure1.doCall(VerifyTextPresentKeyword.groovy:79)
	at com.kms.katalon.core.webui.keyword.builtin.VerifyTextPresentKeyword$_verifyTextPresent_closure1.call(VerifyTextPresentKeyword.groovy)
	at com.kms.katalon.core.webui.keyword.internal.WebUIKeywordMain.runKeyword(WebUIKeywordMain.groovy:20)
	... 19 more


2023-10-05 13:29:04 - [TEST_STEP][PASSED] - data = callTestCase(findTestCase("T13 Pembelian, Shipment dan Pembayaran/PBY-001"), [:], STOP_ON_FAILURE): Call Test Case 'Test Cases/T13 Pembelian, Shipment dan Pembayaran/PBY-001' successfully

2023-10-05 13:29:04 - [TEST_CASE][PASSED] - Test Cases/T13 Pembelian, Shipment dan Pembayaran/PBY-001: Test Cases/T13 Pembelian, Shipment dan Pembayaran/PBY-001

2023-10-05 13:29:04 - [TEST_STEP][PASSED] - data = callTestCase(findTestCase("T13 Pembelian, Shipment dan Pembayaran/PBL-004"), ["Kurir":"Roda 2"], STOP_ON_FAILURE): Call Test Case 'Test Cases/T13 Pembelian, Shipment dan Pembayaran/PBL-004' successfully

2023-10-05 13:29:04 - [TEST_CASE][PASSED] - Test Cases/T13 Pembelian, Shipment dan Pembayaran/PBL-004: Test Cases/T13 Pembelian, Shipment dan Pembayaran/PBL-004

2023-10-05 13:29:04 - [TEST_STEP][PASSED] - data = callTestCase(findTestCase("T13 Pembelian, Shipment dan Pembayaran/PBL-002"), [:], STOP_ON_FAILURE): Call Test Case 'Test Cases/T13 Pembelian, Shipment dan Pembayaran/PBL-002' successfully

2023-10-05 13:29:04 - [TEST_CASE][PASSED] - Test Cases/T13 Pembelian, Shipment dan Pembayaran/PBL-002: Test Cases/T13 Pembelian, Shipment dan Pembayaran/PBL-002

2023-10-05 13:29:04 - [TEST_STEP][PASSED] - data = callTestCase(findTestCase("T13 Pembelian, Shipment dan Pembayaran/PBL-001"), [:], STOP_ON_FAILURE): Call Test Case 'Test Cases/T13 Pembelian, Shipment dan Pembayaran/PBL-001' successfully

2023-10-05 13:29:04 - [TEST_CASE][PASSED] - Test Cases/T13 Pembelian, Shipment dan Pembayaran/PBL-001: Test Cases/T13 Pembelian, Shipment dan Pembayaran/PBL-001

2023-10-05 13:29:04 - [TEST_STEP][PASSED] - callTestCase(findTestCase("T13 Pembelian, Shipment dan Pembayaran/LU-001"), ["username":"irfanafandi", "password":"12345irfan"], STOP_ON_FAILURE): Call Test Case 'Test Cases/T13 Pembelian, Shipment dan Pembayaran/LU-001' successfully

2023-10-05 13:29:04 - [TEST_CASE][PASSED] - Test Cases/T13 Pembelian, Shipment dan Pembayaran/LU-001: Test Cases/T13 Pembelian, Shipment dan Pembayaran/LU-001

2023-10-05 13:29:04 - [TEST_STEP][PASSED] - openBrowser("https://10.9.2.63/ecommerce/"): Browser is opened with url: 'https://10.9.2.63/ecommerce/'

2023-10-05 13:29:04 - [MESSAGE][WARNING] - A browser is already opened. Closing browser and opening a new one

2023-10-05 13:29:05 - [MESSAGE][INFO] - Starting 'Edge Chromium' driver

2023-10-05 13:29:05 - [MESSAGE][INFO] - User set preference: ['acceptInsecureCerts', 'true']

2023-10-05 13:29:07 - [MESSAGE][INFO] - Action delay is set to 0 milliseconds

2023-10-05 13:29:11 - [MESSAGE][PASSED] - Browser is opened with url: 'https://10.9.2.63/ecommerce/'

2023-10-05 13:29:11 - [TEST_STEP][PASSED] - maximizeWindow(): Current window maximized

2023-10-05 13:29:12 - [MESSAGE][PASSED] - Current window maximized

2023-10-05 13:29:12 - [TEST_STEP][PASSED] - verifyElementPresent(findTestObject("Login/Home"), 0): Object 'Object Repository/Login/Home' is present

2023-10-05 13:29:12 - [MESSAGE][WARNING] - Timeout '0' is invalid. Using default page load timeout: '30'

2023-10-05 13:29:12 - [MESSAGE][PASSED] - Object 'Object Repository/Login/Home' is present

2023-10-05 13:29:12 - [TEST_STEP][PASSED] - click(findTestObject("Login/a_Login")): Object: 'Object Repository/Login/a_Login' is clicked on

2023-10-05 13:29:13 - [MESSAGE][PASSED] - Object: 'Object Repository/Login/a_Login' is clicked on

2023-10-05 13:29:13 - [TEST_STEP][PASSED] - verifyElementPresent(findTestObject("Login/Tittle Login"), 0): Object 'Object Repository/Login/Tittle Login' is present

2023-10-05 13:29:13 - [MESSAGE][WARNING] - Timeout '0' is invalid. Using default page load timeout: '30'

2023-10-05 13:29:13 - [MESSAGE][PASSED] - Object 'Object Repository/Login/Tittle Login' is present

2023-10-05 13:29:13 - [TEST_STEP][PASSED] - setText(findTestObject("Login/input_Username, Email atau No. Handphone_a"), username): Text 'irfanafandi' is set on object 'Object Repository/Login/input_Username, Email atau No. Handphone_a'

2023-10-05 13:29:14 - [MESSAGE][PASSED] - Text 'irfanafandi' is set on object 'Object Repository/Login/input_Username, Email atau No. Handphone_a'

2023-10-05 13:29:14 - [TEST_STEP][PASSED] - setText(findTestObject("Login/input_Password_b"), password): Text '12345irfan' is set on object 'Object Repository/Login/input_Password_b'

2023-10-05 13:29:15 - [MESSAGE][PASSED] - Text '12345irfan' is set on object 'Object Repository/Login/input_Password_b'

2023-10-05 13:29:15 - [TEST_STEP][PASSED] - click(findTestObject("Login/label_Ingat saya")): Object: 'Object Repository/Login/label_Ingat saya' is clicked on

2023-10-05 13:29:16 - [MESSAGE][PASSED] - Object: 'Object Repository/Login/label_Ingat saya' is clicked on

2023-10-05 13:29:16 - [TEST_STEP][PASSED] - click(findTestObject("Login/button_Masuk")): Object: 'Object Repository/Login/button_Masuk' is clicked on

2023-10-05 13:29:17 - [MESSAGE][PASSED] - Object: 'Object Repository/Login/button_Masuk' is clicked on

2023-10-05 13:29:17 - [TEST_STEP][PASSED] - verifyElementPresent(findTestObject("Login/li_Profile"), 0): Object 'Object Repository/Login/li_Profile' is present

2023-10-05 13:29:17 - [MESSAGE][WARNING] - Timeout '0' is invalid. Using default page load timeout: '30'

2023-10-05 13:29:18 - [MESSAGE][PASSED] - Object 'Object Repository/Login/li_Profile' is present

2023-10-05 13:29:18 - [MESSAGE][PASSED] - Call Test Case 'Test Cases/T13 Pembelian, Shipment dan Pembayaran/LU-001' successfully

2023-10-05 13:29:18 - [TEST_STEP][PASSED] - mouseOver(findTestObject("beli barang/i_Mulai Belanja_icon-menu")): Object: 'Object Repository/beli barang/i_Mulai Belanja_icon-menu' is hovered

2023-10-05 13:29:18 - [MESSAGE][PASSED] - Object: 'Object Repository/beli barang/i_Mulai Belanja_icon-menu' is hovered

2023-10-05 13:29:18 - [TEST_STEP][PASSED] - click(findTestObject("beli barang/a_Fashion  Busana Wanita")): Object: 'Object Repository/beli barang/a_Fashion  Busana Wanita' is clicked on

2023-10-05 13:29:20 - [MESSAGE][PASSED] - Object: 'Object Repository/beli barang/a_Fashion  Busana Wanita' is clicked on

2023-10-05 13:29:20 - [TEST_STEP][PASSED] - NamaSebelum = getText(findTestObject("verifikasi/Nama sebelum")): Text of object 'Object Repository/verifikasi/Nama sebelum' is: ''

2023-10-05 13:29:20 - [MESSAGE][PASSED] - Text of object 'Object Repository/verifikasi/Nama sebelum' is: ''

2023-10-05 13:29:20 - [TEST_STEP][PASSED] - HargaSebelum = getText(findTestObject("verifikasi/Harga sebelum")): Text of object 'Object Repository/verifikasi/Harga sebelum' is: 'Rp 1,299'

2023-10-05 13:29:21 - [MESSAGE][PASSED] - Text of object 'Object Repository/verifikasi/Harga sebelum' is: 'Rp 1,299'

2023-10-05 13:29:21 - [TEST_STEP][PASSED] - mouseOver(findTestObject("beli barang/barang mouse over")): Object: 'Object Repository/beli barang/barang mouse over' is hovered

2023-10-05 13:29:21 - [MESSAGE][PASSED] - Object: 'Object Repository/beli barang/barang mouse over' is hovered

2023-10-05 13:29:21 - [TEST_STEP][PASSED] - click(findTestObject("beli barang/buttom add to cart")): Object: 'Object Repository/beli barang/buttom add to cart' is clicked on

2023-10-05 13:29:23 - [MESSAGE][PASSED] - Object: 'Object Repository/beli barang/buttom add to cart' is clicked on

2023-10-05 13:29:23 - [TEST_STEP][PASSED] - NamaSesudah = getText(findTestObject("verifikasi/Nama sesudah")): Text of object 'Object Repository/verifikasi/Nama sesudah' is: 'Segitiga Instan Madeira - MDB5.3 Sunset'

2023-10-05 13:29:23 - [MESSAGE][PASSED] - Text of object 'Object Repository/verifikasi/Nama sesudah' is: 'Segitiga Instan Madeira - MDB5.3 Sunset'

2023-10-05 13:29:23 - [TEST_STEP][PASSED] - HargaSesudah = getText(findTestObject("verifikasi/Harga sesudah")): Text of object 'Object Repository/verifikasi/Harga sesudah' is: 'Rp 1,299'

2023-10-05 13:29:24 - [MESSAGE][PASSED] - Text of object 'Object Repository/verifikasi/Harga sesudah' is: 'Rp 1,299'

2023-10-05 13:29:24 - [TEST_STEP][PASSED] - assert NamaSesudah.contains(NamaSebelum): null

2023-10-05 13:29:24 - [TEST_STEP][PASSED] - assert HargaSesudah.contains(HargaSebelum): null

2023-10-05 13:29:24 - [TEST_STEP][PASSED] - click(findTestObject("beli barang/Tambah Keranjang busana wanita")): Object: 'Object Repository/beli barang/Tambah Keranjang busana wanita' is clicked on

2023-10-05 13:29:24 - [MESSAGE][PASSED] - Object: 'Object Repository/beli barang/Tambah Keranjang busana wanita' is clicked on

2023-10-05 13:29:24 - [TEST_STEP][PASSED] - verifyElementPresent(findTestObject("checkout/Notifikasi keranjang"), 1): Object 'Object Repository/checkout/Notifikasi keranjang' is present

2023-10-05 13:29:25 - [MESSAGE][PASSED] - Object 'Object Repository/checkout/Notifikasi keranjang' is present

2023-10-05 13:29:25 - [TEST_STEP][PASSED] - data = new java.util.HashMap(): null

2023-10-05 13:29:25 - [TEST_STEP][PASSED] - data.put("nama_barang", NamaSesudah): null

2023-10-05 13:29:25 - [TEST_STEP][PASSED] - data.put("price_barang", HargaSesudah): null

2023-10-05 13:29:25 - [TEST_STEP][PASSED] - return data: null

2023-10-05 13:29:25 - [MESSAGE][PASSED] - Call Test Case 'Test Cases/T13 Pembelian, Shipment dan Pembayaran/PBL-001' successfully

2023-10-05 13:29:25 - [TEST_STEP][PASSED] - mouseOver(findTestObject("beli barang/keranjang")): Object: 'Object Repository/beli barang/keranjang' is hovered

2023-10-05 13:29:26 - [MESSAGE][PASSED] - Object: 'Object Repository/beli barang/keranjang' is hovered

2023-10-05 13:29:26 - [TEST_STEP][PASSED] - click(findTestObject("beli barang/Lihat Sekarang")): Object: 'Object Repository/beli barang/Lihat Sekarang' is clicked on

2023-10-05 13:29:27 - [MESSAGE][PASSED] - Object: 'Object Repository/beli barang/Lihat Sekarang' is clicked on

2023-10-05 13:29:27 - [TEST_STEP][PASSED] - verifyElementPresent(findTestObject("keranjang/li_Keranjang Belanja"), 0): Object 'Object Repository/keranjang/li_Keranjang Belanja' is present

2023-10-05 13:29:27 - [MESSAGE][WARNING] - Timeout '0' is invalid. Using default page load timeout: '30'

2023-10-05 13:29:28 - [MESSAGE][PASSED] - Object 'Object Repository/keranjang/li_Keranjang Belanja' is present

2023-10-05 13:29:28 - [TEST_STEP][PASSED] - NamaKeranjang = getText(findTestObject("verifikasi/Nama keranjang")): Text of object 'Object Repository/verifikasi/Nama keranjang' is: 'Segitiga Instan Madeira - MDB5.3 Sunset'

2023-10-05 13:29:28 - [MESSAGE][PASSED] - Text of object 'Object Repository/verifikasi/Nama keranjang' is: 'Segitiga Instan Madeira - MDB5.3 Sunset'

2023-10-05 13:29:28 - [TEST_STEP][PASSED] - HargaKeranjang = getText(findTestObject("verifikasi/Harga Keranjang")): Text of object 'Object Repository/verifikasi/Harga Keranjang' is: 'Rp 1,299'

2023-10-05 13:29:29 - [MESSAGE][PASSED] - Text of object 'Object Repository/verifikasi/Harga Keranjang' is: 'Rp 1,299'

2023-10-05 13:29:29 - [TEST_STEP][PASSED] - if (toString().equalsIgnoreCase("Merah")): Object 'Object Repository/keranjang/input_Warna_variasi101' is checked

2023-10-05 13:29:29 - [TEST_STEP][PASSED] - check(findTestObject("Object Repository/keranjang/input_Warna_variasi101")): Object 'Object Repository/keranjang/input_Warna_variasi101' is checked

2023-10-05 13:29:29 - [MESSAGE][PASSED] - Object 'Object Repository/keranjang/input_Warna_variasi101' is checked

2023-10-05 13:29:29 - [TEST_STEP][PASSED] - if (toString().equalsIgnoreCase("Menengah")): Object 'Object Repository/keranjang/input_Ukuran_variasi201' is checked

2023-10-05 13:29:29 - [TEST_STEP][PASSED] - check(findTestObject("Object Repository/keranjang/input_Ukuran_variasi201")): Object 'Object Repository/keranjang/input_Ukuran_variasi201' is checked

2023-10-05 13:29:30 - [MESSAGE][PASSED] - Object 'Object Repository/keranjang/input_Ukuran_variasi201' is checked

2023-10-05 13:29:30 - [TEST_STEP][PASSED] - data.put("Warna", warna): null

2023-10-05 13:29:30 - [TEST_STEP][PASSED] - data.put("Ukuran", ukuran): null

2023-10-05 13:29:30 - [TEST_STEP][PASSED] - click(findTestObject("keranjang/button_Lanjut ke Pembayaran")): Object: 'Object Repository/keranjang/button_Lanjut ke Pembayaran' is clicked on

2023-10-05 13:29:31 - [MESSAGE][PASSED] - Object: 'Object Repository/keranjang/button_Lanjut ke Pembayaran' is clicked on

2023-10-05 13:29:31 - [TEST_STEP][PASSED] - verifyElementPresent(findTestObject("checkout/Tittle Checkout Order"), 0): Object 'Object Repository/checkout/Tittle Checkout Order' is present

2023-10-05 13:29:31 - [MESSAGE][WARNING] - Timeout '0' is invalid. Using default page load timeout: '30'

2023-10-05 13:29:32 - [MESSAGE][PASSED] - Object 'Object Repository/checkout/Tittle Checkout Order' is present

2023-10-05 13:29:32 - [TEST_STEP][PASSED] - name_product = data.get("nama_barang"): null

2023-10-05 13:29:32 - [TEST_STEP][PASSED] - price_product = data.get("price_barang"): null

2023-10-05 13:29:32 - [TEST_STEP][PASSED] - assert name_product == NamaKeranjang: null

2023-10-05 13:29:32 - [TEST_STEP][PASSED] - assert price_product == HargaKeranjang: null

2023-10-05 13:29:32 - [TEST_STEP][PASSED] - return data: null

2023-10-05 13:29:32 - [MESSAGE][PASSED] - Call Test Case 'Test Cases/T13 Pembelian, Shipment dan Pembayaran/PBL-002' successfully

2023-10-05 13:29:32 - [TEST_STEP][PASSED] - warnaa = getText(findTestObject("verifikasi/warna Merah")): Text of object 'Object Repository/verifikasi/warna Merah' is: 'Merah'

2023-10-05 13:29:32 - [MESSAGE][PASSED] - Text of object 'Object Repository/verifikasi/warna Merah' is: 'Merah'

2023-10-05 13:29:32 - [TEST_STEP][PASSED] - ukurann = getText(findTestObject("verifikasi/Ukuran Menengah")): Text of object 'Object Repository/verifikasi/Ukuran Menengah' is: 'Menengah'

2023-10-05 13:29:33 - [MESSAGE][PASSED] - Text of object 'Object Repository/verifikasi/Ukuran Menengah' is: 'Menengah'

2023-10-05 13:29:33 - [TEST_STEP][PASSED] - warna1 = data.get("Warna"): null

2023-10-05 13:29:33 - [TEST_STEP][PASSED] - ukuran1 = data.get("Ukuran"): null

2023-10-05 13:29:33 - [TEST_STEP][PASSED] - assert warnaa == warna1: null

2023-10-05 13:29:33 - [TEST_STEP][PASSED] - assert ukurann == ukuran1: null

2023-10-05 13:29:33 - [TEST_STEP][PASSED] - NamaCheckout = getText(findTestObject("verifikasi/NamaCheckout")): Text of object 'Object Repository/verifikasi/NamaCheckout' is: ''

2023-10-05 13:29:33 - [MESSAGE][PASSED] - Text of object 'Object Repository/verifikasi/NamaCheckout' is: ''

2023-10-05 13:29:33 - [TEST_STEP][PASSED] - HargaCheckout = getText(findTestObject("verifikasi/HargaCheckout")): Text of object 'Object Repository/verifikasi/HargaCheckout' is: '1,299'

2023-10-05 13:29:33 - [MESSAGE][PASSED] - Text of object 'Object Repository/verifikasi/HargaCheckout' is: '1,299'

2023-10-05 13:29:33 - [TEST_STEP][PASSED] - name_product = data.get("nama_barang"): null

2023-10-05 13:29:33 - [TEST_STEP][PASSED] - price_product = data.get("price_barang"): null

2023-10-05 13:29:33 - [TEST_STEP][PASSED] - assert name_product.contains(NamaCheckout): null

2023-10-05 13:29:33 - [TEST_STEP][PASSED] - assert price_product.contains(HargaCheckout): null

2023-10-05 13:29:33 - [TEST_STEP][PASSED] - selectOptionByLabel(findTestObject("checkout/select - Kirim via Kurir Lokal"), Kurir, false): All options with label 'Roda 2' are selected in object 'Object Repository/checkout/select - Kirim via Kurir Lokal' 

2023-10-05 13:29:34 - [MESSAGE][PASSED] - All options with label 'Roda 2' are selected in object 'Object Repository/checkout/select - Kirim via Kurir Lokal' 

2023-10-05 13:29:34 - [TEST_STEP][PASSED] - click(findTestObject("checkout/Kendaraan Kurir")): Object: 'Object Repository/checkout/Kendaraan Kurir' is clicked on

2023-10-05 13:29:35 - [MESSAGE][PASSED] - Object: 'Object Repository/checkout/Kendaraan Kurir' is clicked on

2023-10-05 13:29:35 - [TEST_STEP][PASSED] - OngkosKirim = getText(findTestObject("Object Repository/verifikasi/Ongkos Kirim checkout")): Text of object 'Object Repository/verifikasi/Ongkos Kirim checkout' is: 'Rp. 5,000'

2023-10-05 13:29:36 - [MESSAGE][PASSED] - Text of object 'Object Repository/verifikasi/Ongkos Kirim checkout' is: 'Rp. 5,000'

2023-10-05 13:29:36 - [TEST_STEP][PASSED] - Ongkos = OngkosKirim.substring(3, OngkosKirim.size()): null

2023-10-05 13:29:36 - [TEST_STEP][PASSED] - rep = Ongkos.replace(",", "."): null

2023-10-05 13:29:36 - [TEST_STEP][PASSED] - Ongkos_kirim = Double.parseDouble(rep): null

2023-10-05 13:29:36 - [TEST_STEP][PASSED] - println(Ongkos_kirim): null

2023-10-05 13:29:36 - [TEST_STEP][PASSED] - FeeAdmin = getText(findTestObject("verifikasi/Fee Admin checkout")): Text of object 'Object Repository/verifikasi/Fee Admin checkout' is: 'Fee Admin
Rp 1,500'

2023-10-05 13:29:36 - [MESSAGE][PASSED] - Text of object 'Object Repository/verifikasi/Fee Admin checkout' is: 'Fee Admin
Rp 1,500'

2023-10-05 13:29:36 - [TEST_STEP][PASSED] - Fee_Admin = FeeAdmin.substring(12, FeeAdmin.size()): null

2023-10-05 13:29:36 - [TEST_STEP][PASSED] - fee = Fee_Admin.replace(",", "."): null

2023-10-05 13:29:36 - [TEST_STEP][PASSED] - fee_admin = Double.parseDouble(fee): null

2023-10-05 13:29:36 - [TEST_STEP][PASSED] - println(fee_admin): null

2023-10-05 13:29:36 - [TEST_STEP][PASSED] - Subtotal = getText(findTestObject("verifikasi/subtotal checkout")): Text of object 'Object Repository/verifikasi/subtotal checkout' is: 'Subtotal
Rp 1,299'

2023-10-05 13:29:37 - [MESSAGE][PASSED] - Text of object 'Object Repository/verifikasi/subtotal checkout' is: 'Subtotal
Rp 1,299'

2023-10-05 13:29:37 - [TEST_STEP][PASSED] - sub_total = Subtotal.substring(12, Subtotal.size()): null

2023-10-05 13:29:37 - [TEST_STEP][PASSED] - sub = sub_total.replace(",", "."): null

2023-10-05 13:29:37 - [TEST_STEP][PASSED] - sub_total = Double.parseDouble(sub): null

2023-10-05 13:29:37 - [TEST_STEP][PASSED] - println(sub_total): null

2023-10-05 13:29:37 - [TEST_STEP][PASSED] - Total = getText(findTestObject("verifikasi/Total checkout")): Text of object 'Object Repository/verifikasi/Total checkout' is: 'Rp 7,799'

2023-10-05 13:29:37 - [MESSAGE][PASSED] - Text of object 'Object Repository/verifikasi/Total checkout' is: 'Rp 7,799'

2023-10-05 13:29:37 - [TEST_STEP][PASSED] - totall = Total.substring(3, Total.size()): null

2023-10-05 13:29:37 - [TEST_STEP][PASSED] - total = totall.replace(",", "."): null

2023-10-05 13:29:37 - [TEST_STEP][PASSED] - totall = Double.parseDouble(total): null

2023-10-05 13:29:37 - [TEST_STEP][PASSED] - println(totall): null

2023-10-05 13:29:37 - [TEST_STEP][PASSED] - Total_Harga = Ongkos_kirim + fee_admin + sub_total: null

2023-10-05 13:29:37 - [TEST_STEP][PASSED] - println(Total_Harga): null

2023-10-05 13:29:37 - [TEST_STEP][PASSED] - TotalHarga = Math.round(Total_Harga * 1000) / 1000: null

2023-10-05 13:29:37 - [TEST_STEP][PASSED] - println(TotalHarga): null

2023-10-05 13:29:37 - [TEST_STEP][PASSED] - assert totall == TotalHarga: null

2023-10-05 13:29:37 - [TEST_STEP][PASSED] - click(findTestObject("verifikasi/Metode Transfer")): Object: 'Object Repository/verifikasi/Metode Transfer' is clicked on

2023-10-05 13:29:37 - [MESSAGE][PASSED] - Object: 'Object Repository/verifikasi/Metode Transfer' is clicked on

2023-10-05 13:29:37 - [TEST_STEP][PASSED] - click(findTestObject("checkout/button_Proses Pembayaran")): Object: 'Object Repository/checkout/button_Proses Pembayaran' is clicked on

2023-10-05 13:29:46 - [MESSAGE][PASSED] - Object: 'Object Repository/checkout/button_Proses Pembayaran' is clicked on

2023-10-05 13:29:46 - [TEST_STEP][PASSED] - verifyElementPresent(findTestObject("pembayaran/Tittle nomor invoice"), 0): Object 'Object Repository/pembayaran/Tittle nomor invoice' is present

2023-10-05 13:29:46 - [MESSAGE][WARNING] - Timeout '0' is invalid. Using default page load timeout: '30'

2023-10-05 13:29:46 - [MESSAGE][PASSED] - Object 'Object Repository/pembayaran/Tittle nomor invoice' is present

2023-10-05 13:29:46 - [TEST_STEP][PASSED] - return data: null

2023-10-05 13:29:46 - [MESSAGE][PASSED] - Call Test Case 'Test Cases/T13 Pembelian, Shipment dan Pembayaran/PBL-004' successfully

2023-10-05 13:29:46 - [TEST_STEP][PASSED] - Invoice = getText(findTestObject("pembayaran/nomor invoice")): Text of object 'Object Repository/pembayaran/nomor invoice' is: 'TRX60.20231005132941'

2023-10-05 13:29:47 - [MESSAGE][PASSED] - Text of object 'Object Repository/pembayaran/nomor invoice' is: 'TRX60.20231005132941'

2023-10-05 13:29:47 - [TEST_STEP][PASSED] - data.put("invoice", Invoice): null

2023-10-05 13:29:47 - [TEST_STEP][PASSED] - NamaPemesan = getText(findTestObject("Konfirmasi pesanan shop/Nama pemesan")): Text of object 'Object Repository/Konfirmasi pesanan shop/Nama pemesan' is: 'irfan.afandi'

2023-10-05 13:29:48 - [MESSAGE][PASSED] - Text of object 'Object Repository/Konfirmasi pesanan shop/Nama pemesan' is: 'irfan.afandi'

2023-10-05 13:29:48 - [TEST_STEP][PASSED] - Nama = getText(findTestObject("pembayaran/Nama barang")): Text of object 'Object Repository/pembayaran/Nama barang' is: 'Segitiga Instan Madeira - MDB5.3 Sunset'

2023-10-05 13:29:48 - [MESSAGE][PASSED] - Text of object 'Object Repository/pembayaran/Nama barang' is: 'Segitiga Instan Madeira - MDB5.3 Sunset'

2023-10-05 13:29:48 - [TEST_STEP][PASSED] - Harga = getText(findTestObject("pembayaran/Harga barang")): Text of object 'Object Repository/pembayaran/Harga barang' is: '1,299'

2023-10-05 13:29:49 - [MESSAGE][PASSED] - Text of object 'Object Repository/pembayaran/Harga barang' is: '1,299'

2023-10-05 13:29:49 - [TEST_STEP][PASSED] - name_product = data.get("nama_barang"): null

2023-10-05 13:29:49 - [TEST_STEP][PASSED] - price_product = data.get("price_barang"): null

2023-10-05 13:29:49 - [TEST_STEP][PASSED] - assert name_product.contains(Nama): null

2023-10-05 13:29:49 - [TEST_STEP][PASSED] - assert price_product.contains(Harga): null

2023-10-05 13:29:49 - [TEST_STEP][PASSED] - warnaa = getText(findTestObject("pembayaran/warna")): Text of object 'Object Repository/pembayaran/warna' is: 'Merah'

2023-10-05 13:29:49 - [MESSAGE][PASSED] - Text of object 'Object Repository/pembayaran/warna' is: 'Merah'

2023-10-05 13:29:49 - [TEST_STEP][PASSED] - ukurann = getText(findTestObject("pembayaran/ukuran")): Text of object 'Object Repository/pembayaran/ukuran' is: 'Menengah'

2023-10-05 13:29:50 - [MESSAGE][PASSED] - Text of object 'Object Repository/pembayaran/ukuran' is: 'Menengah'

2023-10-05 13:29:50 - [TEST_STEP][PASSED] - warna1 = data.get("Warna"): null

2023-10-05 13:29:50 - [TEST_STEP][PASSED] - ukuran1 = data.get("Ukuran"): null

2023-10-05 13:29:50 - [TEST_STEP][PASSED] - assert warnaa == warna1: null

2023-10-05 13:29:50 - [TEST_STEP][PASSED] - assert ukurann == ukuran1: null

2023-10-05 13:29:50 - [TEST_STEP][PASSED] - statusPembelian = getText(findTestObject("verifikasi/Status pending di pembelian")): Text of object 'Object Repository/verifikasi/Status pending di pembelian' is: 'Pending'

2023-10-05 13:29:50 - [MESSAGE][PASSED] - Text of object 'Object Repository/verifikasi/Status pending di pembelian' is: 'Pending'

2023-10-05 13:29:50 - [TEST_STEP][PASSED] - data.put("statusPem", statusPembelian): null

2023-10-05 13:29:50 - [TEST_STEP][PASSED] - OngkosKirim = getText(findTestObject("pembayaran/ongkos kirim")): Text of object 'Object Repository/pembayaran/ongkos kirim' is: 'Rp 5,000'

2023-10-05 13:29:51 - [MESSAGE][PASSED] - Text of object 'Object Repository/pembayaran/ongkos kirim' is: 'Rp 5,000'

2023-10-05 13:29:51 - [TEST_STEP][PASSED] - Ongkos = OngkosKirim.substring(3, OngkosKirim.size()): null

2023-10-05 13:29:51 - [TEST_STEP][PASSED] - rep = Ongkos.replace(",", ""): null

2023-10-05 13:29:51 - [TEST_STEP][PASSED] - Ongkos_kirimm = Integer.parseInt(rep): null

2023-10-05 13:29:51 - [TEST_STEP][PASSED] - println(Ongkos_kirimm): null

2023-10-05 13:29:51 - [TEST_STEP][PASSED] - FeeAdmin = getText(findTestObject("pembayaran/fee admin")): Text of object 'Object Repository/pembayaran/fee admin' is: 'Rp 1,500'

2023-10-05 13:29:51 - [MESSAGE][PASSED] - Text of object 'Object Repository/pembayaran/fee admin' is: 'Rp 1,500'

2023-10-05 13:29:51 - [TEST_STEP][PASSED] - Fee_Admin = FeeAdmin.substring(3, FeeAdmin.size()): null

2023-10-05 13:29:51 - [TEST_STEP][PASSED] - fee = Fee_Admin.replace(",", ""): null

2023-10-05 13:29:51 - [TEST_STEP][PASSED] - fee_adminn = Integer.parseInt(fee): null

2023-10-05 13:29:51 - [TEST_STEP][PASSED] - println(fee_adminn): null

2023-10-05 13:29:51 - [TEST_STEP][PASSED] - Subtotal = getText(findTestObject("pembayaran/subtotal")): Text of object 'Object Repository/pembayaran/subtotal' is: 'Rp 1,299'

2023-10-05 13:29:52 - [MESSAGE][PASSED] - Text of object 'Object Repository/pembayaran/subtotal' is: 'Rp 1,299'

2023-10-05 13:29:52 - [TEST_STEP][PASSED] - sub_total = Subtotal.substring(3, Subtotal.size()): null

2023-10-05 13:29:52 - [TEST_STEP][PASSED] - sub = sub_total.replace(",", ""): null

2023-10-05 13:29:52 - [TEST_STEP][PASSED] - sub_totall = Integer.parseInt(sub): null

2023-10-05 13:29:52 - [TEST_STEP][PASSED] - println(sub_totall): null

2023-10-05 13:29:52 - [TEST_STEP][PASSED] - unik = getText(findTestObject("pembayaran/kode unik")): Text of object 'Object Repository/pembayaran/kode unik' is: '+941'

2023-10-05 13:29:52 - [MESSAGE][PASSED] - Text of object 'Object Repository/pembayaran/kode unik' is: '+941'

2023-10-05 13:29:52 - [TEST_STEP][PASSED] - unikk = unik.replace("+", ""): null

2023-10-05 13:29:52 - [TEST_STEP][PASSED] - kode_unik = Integer.parseInt(unikk): null

2023-10-05 13:29:52 - [TEST_STEP][PASSED] - println(kode_unik): null

2023-10-05 13:29:52 - [TEST_STEP][PASSED] - Total = getText(findTestObject("pembayaran/total")): Text of object 'Object Repository/pembayaran/total' is: '8,740'

2023-10-05 13:29:53 - [MESSAGE][PASSED] - Text of object 'Object Repository/pembayaran/total' is: '8,740'

2023-10-05 13:29:53 - [TEST_STEP][PASSED] - total = Total.replace(",", ""): null

2023-10-05 13:29:53 - [TEST_STEP][PASSED] - totalll = Integer.parseInt(total): null

2023-10-05 13:29:53 - [TEST_STEP][PASSED] - println(totalll): null

2023-10-05 13:29:53 - [TEST_STEP][PASSED] - Total_Hargaa = Ongkos_kirimm + fee_adminn + sub_totall + kode_unik: null

2023-10-05 13:29:53 - [TEST_STEP][PASSED] - println(Total_Hargaa): null

2023-10-05 13:29:53 - [TEST_STEP][PASSED] - assert totalll == Total_Hargaa: null

2023-10-05 13:29:53 - [TEST_STEP][PASSED] - data.put("total", Total): null

2023-10-05 13:29:53 - [TEST_STEP][PASSED] - data.put("nama", NamaPemesan): null

2023-10-05 13:29:53 - [TEST_STEP][PASSED] - return data: null

2023-10-05 13:29:53 - [MESSAGE][PASSED] - Call Test Case 'Test Cases/T13 Pembelian, Shipment dan Pembayaran/PBY-001' successfully

2023-10-05 13:29:53 - [TEST_STEP][PASSED] - inv = data.get("invoice"): null

2023-10-05 13:29:53 - [TEST_STEP][PASSED] - Total = data.get("total"): null

2023-10-05 13:29:53 - [TEST_STEP][PASSED] - NamaPemesan = data.get("nama"): null

2023-10-05 13:29:53 - [TEST_STEP][PASSED] - click(findTestObject("Konfirmasi pesanan shop/Menu Shop")): Object: 'Object Repository/Konfirmasi pesanan shop/Menu Shop' is clicked on

2023-10-05 13:29:55 - [MESSAGE][PASSED] - Object: 'Object Repository/Konfirmasi pesanan shop/Menu Shop' is clicked on

2023-10-05 13:29:55 - [TEST_STEP][PASSED] - click(findTestObject("Konfirmasi pesanan shop/Menu Shop")): Object: 'Object Repository/Konfirmasi pesanan shop/Menu Shop' is clicked on

2023-10-05 13:29:55 - [MESSAGE][PASSED] - Object: 'Object Repository/Konfirmasi pesanan shop/Menu Shop' is clicked on

2023-10-05 13:29:55 - [TEST_STEP][PASSED] - click(findTestObject("Konfirmasi pesanan shop/Konfirmasi Orders")): Object: 'Object Repository/Konfirmasi pesanan shop/Konfirmasi Orders' is clicked on

2023-10-05 13:29:56 - [MESSAGE][PASSED] - Object: 'Object Repository/Konfirmasi pesanan shop/Konfirmasi Orders' is clicked on

2023-10-05 13:29:56 - [TEST_STEP][PASSED] - verifyElementPresent(findTestObject("Konfirmasi pesanan shop/Tittle Konfirmasi Pesanan"), 0): Object 'Object Repository/Konfirmasi pesanan shop/Tittle Konfirmasi Pesanan' is present

2023-10-05 13:29:56 - [MESSAGE][WARNING] - Timeout '0' is invalid. Using default page load timeout: '30'

2023-10-05 13:29:57 - [MESSAGE][PASSED] - Object 'Object Repository/Konfirmasi pesanan shop/Tittle Konfirmasi Pesanan' is present

2023-10-05 13:29:57 - [TEST_STEP][PASSED] - setText(findTestObject("Konfirmasi pesanan shop/input_No Pesanan"), inv): Text 'TRX60.20231005132941' is set on object 'Object Repository/Konfirmasi pesanan shop/input_No Pesanan'

2023-10-05 13:29:58 - [MESSAGE][PASSED] - Text 'TRX60.20231005132941' is set on object 'Object Repository/Konfirmasi pesanan shop/input_No Pesanan'

2023-10-05 13:29:58 - [TEST_STEP][PASSED] - setText(findTestObject("Konfirmasi pesanan shop/input_Alamat E-mai"), "irfan@gmail.com"): Text 'irfan@gmail.com' is set on object 'Object Repository/Konfirmasi pesanan shop/input_Alamat E-mai'

2023-10-05 13:29:59 - [MESSAGE][PASSED] - Text 'irfan@gmail.com' is set on object 'Object Repository/Konfirmasi pesanan shop/input_Alamat E-mai'

2023-10-05 13:29:59 - [TEST_STEP][PASSED] - click(findTestObject("Konfirmasi pesanan shop/button_Submit")): Object: 'Object Repository/Konfirmasi pesanan shop/button_Submit' is clicked on

2023-10-05 13:30:00 - [MESSAGE][PASSED] - Object: 'Object Repository/Konfirmasi pesanan shop/button_Submit' is clicked on

2023-10-05 13:30:00 - [TEST_STEP][PASSED] - verifyElementPresent(findTestObject("Konfirmasi pesanan shop/Tittle nomor invoice"), 0): Object 'Object Repository/Konfirmasi pesanan shop/Tittle nomor invoice' is present

2023-10-05 13:30:00 - [MESSAGE][WARNING] - Timeout '0' is invalid. Using default page load timeout: '30'

2023-10-05 13:30:01 - [MESSAGE][PASSED] - Object 'Object Repository/Konfirmasi pesanan shop/Tittle nomor invoice' is present

2023-10-05 13:30:01 - [TEST_STEP][PASSED] - setText(findTestObject("Konfirmasi pesanan shop/input_Total TagihanTransfer_b"), Total): Text '8,740' is set on object 'Object Repository/Konfirmasi pesanan shop/input_Total TagihanTransfer_b'

2023-10-05 13:30:02 - [MESSAGE][PASSED] - Text '8,740' is set on object 'Object Repository/Konfirmasi pesanan shop/input_Total TagihanTransfer_b'

2023-10-05 13:30:02 - [TEST_STEP][PASSED] - selectOptionByValue(findTestObject("Konfirmasi pesanan shop/select_Bank"), "4", false): All options with value '4' are selected in object 'Object Repository/Konfirmasi pesanan shop/select_Bank' 

2023-10-05 13:30:02 - [MESSAGE][PASSED] - All options with value '4' are selected in object 'Object Repository/Konfirmasi pesanan shop/select_Bank' 

2023-10-05 13:30:02 - [TEST_STEP][PASSED] - setText(findTestObject("Konfirmasi pesanan shop/input_Nama Pengirim_d"), NamaPemesan): Text 'irfan.afandi' is set on object 'Object Repository/Konfirmasi pesanan shop/input_Nama Pengirim_d'

2023-10-05 13:30:03 - [MESSAGE][PASSED] - Text 'irfan.afandi' is set on object 'Object Repository/Konfirmasi pesanan shop/input_Nama Pengirim_d'

2023-10-05 13:30:03 - [TEST_STEP][PASSED] - clearText(findTestObject("Konfirmasi pesanan shop/input_Tanggal Transfer_e")): Text of object 'Object Repository/Konfirmasi pesanan shop/input_Tanggal Transfer_e' is cleared

2023-10-05 13:30:04 - [MESSAGE][PASSED] - Text of object 'Object Repository/Konfirmasi pesanan shop/input_Tanggal Transfer_e' is cleared

2023-10-05 13:30:04 - [TEST_STEP][PASSED] - uploadFile(findTestObject("Konfirmasi pesanan shop/input_Upload Bukti Transfer_f"), "C:\Users\IRFAN\Downloads\Berkas2.pdf"): File 'C:\Users\IRFAN\Downloads\Berkas2.pdf' sent to object: 'Object Repository/Konfirmasi pesanan shop/input_Upload Bukti Transfer_f'

2023-10-05 13:30:04 - [MESSAGE][PASSED] - File 'C:\Users\IRFAN\Downloads\Berkas2.pdf' sent to object: 'Object Repository/Konfirmasi pesanan shop/input_Upload Bukti Transfer_f'

2023-10-05 13:30:04 - [TEST_STEP][PASSED] - click(findTestObject("Konfirmasi pesanan shop/button_Konfirmasi Pembayaran")): Object: 'Object Repository/Konfirmasi pesanan shop/button_Konfirmasi Pembayaran' is clicked on

2023-10-05 13:30:05 - [MESSAGE][PASSED] - Object: 'Object Repository/Konfirmasi pesanan shop/button_Konfirmasi Pembayaran' is clicked on

2023-10-05 13:30:05 - [TEST_STEP][FAILED] - verifyTextPresent("Please fill out this field.", false): Unable to verify text 'Please fill out this field.' is present  (Root cause: com.kms.katalon.core.exception.StepFailedException: Unable to verify text 'Please fill out this field.' is present 
	at com.kms.katalon.core.webui.keyword.internal.WebUIKeywordMain.stepFailed(WebUIKeywordMain.groovy:64)
	at com.kms.katalon.core.webui.keyword.internal.WebUIKeywordMain.runKeyword(WebUIKeywordMain.groovy:26)
	at com.kms.katalon.core.webui.keyword.builtin.VerifyTextPresentKeyword.verifyTextPresent(VerifyTextPresentKeyword.groovy:83)
	at com.kms.katalon.core.webui.keyword.builtin.VerifyTextPresentKeyword.execute(VerifyTextPresentKeyword.groovy:68)
	at com.kms.katalon.core.keyword.internal.KeywordExecutor.executeKeywordForPlatform(KeywordExecutor.groovy:74)
	at com.kms.katalon.core.webui.keyword.WebUiBuiltInKeywords.verifyTextPresent(WebUiBuiltInKeywords.groovy:1723)
	at com.kms.katalon.core.webui.keyword.WebUiBuiltInKeywords$verifyTextPresent$7.call(Unknown Source)
	at PBY-008.run(PBY-008:57)
	at com.kms.katalon.core.main.ScriptEngine.run(ScriptEngine.java:194)
	at com.kms.katalon.core.main.ScriptEngine.runScriptAsRawText(ScriptEngine.java:119)
	at com.kms.katalon.core.main.TestCaseExecutor.runScript(TestCaseExecutor.java:448)
	at com.kms.katalon.core.main.TestCaseExecutor.doExecute(TestCaseExecutor.java:439)
	at com.kms.katalon.core.main.TestCaseExecutor.processExecutionPhase(TestCaseExecutor.java:418)
	at com.kms.katalon.core.main.TestCaseExecutor.accessMainPhase(TestCaseExecutor.java:410)
	at com.kms.katalon.core.main.TestCaseExecutor.execute(TestCaseExecutor.java:285)
	at com.kms.katalon.core.common.CommonExecutor.accessTestCaseMainPhase(CommonExecutor.java:65)
	at com.kms.katalon.core.main.TestSuiteExecutor.accessTestSuiteMainPhase(TestSuiteExecutor.java:148)
	at com.kms.katalon.core.main.TestSuiteExecutor.execute(TestSuiteExecutor.java:106)
	at com.kms.katalon.core.main.TestCaseMain.startTestSuite(TestCaseMain.java:187)
	at com.kms.katalon.core.main.TestCaseMain$startTestSuite$0.call(Unknown Source)
	at TempTestSuite1696486556660.run(TempTestSuite1696486556660.groovy:36)
Caused by: com.kms.katalon.core.exception.StepFailedException: Text 'Please fill out this field.' is not present on page 
	at com.kms.katalon.core.webui.keyword.internal.WebUIKeywordMain.stepFailed(WebUIKeywordMain.groovy:64)
	at com.kms.katalon.core.webui.keyword.builtin.VerifyTextPresentKeyword$_verifyTextPresent_closure1.doCall(VerifyTextPresentKeyword.groovy:79)
	at com.kms.katalon.core.webui.keyword.builtin.VerifyTextPresentKeyword$_verifyTextPresent_closure1.call(VerifyTextPresentKeyword.groovy)
	at com.kms.katalon.core.webui.keyword.internal.WebUIKeywordMain.runKeyword(WebUIKeywordMain.groovy:20)
	... 19 more
)

2023-10-05 13:30:06 - [MESSAGE][FAILED] - Text 'Please fill out this field.' is not present on page  (Root cause: com.kms.katalon.core.exception.StepFailedException: Text 'Please fill out this field.' is not present on page 
	at com.kms.katalon.core.webui.keyword.internal.WebUIKeywordMain.stepFailed(WebUIKeywordMain.groovy:64)
	at com.kms.katalon.core.webui.keyword.builtin.VerifyTextPresentKeyword$_verifyTextPresent_closure1.doCall(VerifyTextPresentKeyword.groovy:79)
	at com.kms.katalon.core.webui.keyword.builtin.VerifyTextPresentKeyword$_verifyTextPresent_closure1.call(VerifyTextPresentKeyword.groovy)
	at com.kms.katalon.core.webui.keyword.internal.WebUIKeywordMain.runKeyword(WebUIKeywordMain.groovy:20)
	at com.kms.katalon.core.webui.keyword.builtin.VerifyTextPresentKeyword.verifyTextPresent(VerifyTextPresentKeyword.groovy:83)
	at com.kms.katalon.core.webui.keyword.builtin.VerifyTextPresentKeyword.execute(VerifyTextPresentKeyword.groovy:68)
	at com.kms.katalon.core.keyword.internal.KeywordExecutor.executeKeywordForPlatform(KeywordExecutor.groovy:74)
	at com.kms.katalon.core.webui.keyword.WebUiBuiltInKeywords.verifyTextPresent(WebUiBuiltInKeywords.groovy:1723)
	at com.kms.katalon.core.webui.keyword.WebUiBuiltInKeywords$verifyTextPresent$7.call(Unknown Source)
	at PBY-008.run(PBY-008:57)
	at com.kms.katalon.core.main.ScriptEngine.run(ScriptEngine.java:194)
	at com.kms.katalon.core.main.ScriptEngine.runScriptAsRawText(ScriptEngine.java:119)
	at com.kms.katalon.core.main.TestCaseExecutor.runScript(TestCaseExecutor.java:448)
	at com.kms.katalon.core.main.TestCaseExecutor.doExecute(TestCaseExecutor.java:439)
	at com.kms.katalon.core.main.TestCaseExecutor.processExecutionPhase(TestCaseExecutor.java:418)
	at com.kms.katalon.core.main.TestCaseExecutor.accessMainPhase(TestCaseExecutor.java:410)
	at com.kms.katalon.core.main.TestCaseExecutor.execute(TestCaseExecutor.java:285)
	at com.kms.katalon.core.common.CommonExecutor.accessTestCaseMainPhase(CommonExecutor.java:65)
	at com.kms.katalon.core.main.TestSuiteExecutor.accessTestSuiteMainPhase(TestSuiteExecutor.java:148)
	at com.kms.katalon.core.main.TestSuiteExecutor.execute(TestSuiteExecutor.java:106)
	at com.kms.katalon.core.main.TestCaseMain.startTestSuite(TestCaseMain.java:187)
	at com.kms.katalon.core.main.TestCaseMain$startTestSuite$0.call(Unknown Source)
	at TempTestSuite1696486556660.run(TempTestSuite1696486556660.groovy:36)
)

2023-10-05 13:30:06 - [MESSAGE][FAILED] - Unable to verify text 'Please fill out this field.' is present  (Root cause: com.kms.katalon.core.exception.StepFailedException: Unable to verify text 'Please fill out this field.' is present 
	at com.kms.katalon.core.webui.keyword.internal.WebUIKeywordMain.stepFailed(WebUIKeywordMain.groovy:64)
	at com.kms.katalon.core.webui.keyword.internal.WebUIKeywordMain.runKeyword(WebUIKeywordMain.groovy:26)
	at com.kms.katalon.core.webui.keyword.builtin.VerifyTextPresentKeyword.verifyTextPresent(VerifyTextPresentKeyword.groovy:83)
	at com.kms.katalon.core.webui.keyword.builtin.VerifyTextPresentKeyword.execute(VerifyTextPresentKeyword.groovy:68)
	at com.kms.katalon.core.keyword.internal.KeywordExecutor.executeKeywordForPlatform(KeywordExecutor.groovy:74)
	at com.kms.katalon.core.webui.keyword.WebUiBuiltInKeywords.verifyTextPresent(WebUiBuiltInKeywords.groovy:1723)
	at com.kms.katalon.core.webui.keyword.WebUiBuiltInKeywords$verifyTextPresent$7.call(Unknown Source)
	at PBY-008.run(PBY-008:57)
	at com.kms.katalon.core.main.ScriptEngine.run(ScriptEngine.java:194)
	at com.kms.katalon.core.main.ScriptEngine.runScriptAsRawText(ScriptEngine.java:119)
	at com.kms.katalon.core.main.TestCaseExecutor.runScript(TestCaseExecutor.java:448)
	at com.kms.katalon.core.main.TestCaseExecutor.doExecute(TestCaseExecutor.java:439)
	at com.kms.katalon.core.main.TestCaseExecutor.processExecutionPhase(TestCaseExecutor.java:418)
	at com.kms.katalon.core.main.TestCaseExecutor.accessMainPhase(TestCaseExecutor.java:410)
	at com.kms.katalon.core.main.TestCaseExecutor.execute(TestCaseExecutor.java:285)
	at com.kms.katalon.core.common.CommonExecutor.accessTestCaseMainPhase(CommonExecutor.java:65)
	at com.kms.katalon.core.main.TestSuiteExecutor.accessTestSuiteMainPhase(TestSuiteExecutor.java:148)
	at com.kms.katalon.core.main.TestSuiteExecutor.execute(TestSuiteExecutor.java:106)
	at com.kms.katalon.core.main.TestCaseMain.startTestSuite(TestCaseMain.java:187)
	at com.kms.katalon.core.main.TestCaseMain$startTestSuite$0.call(Unknown Source)
	at TempTestSuite1696486556660.run(TempTestSuite1696486556660.groovy:36)
Caused by: com.kms.katalon.core.exception.StepFailedException: Text 'Please fill out this field.' is not present on page 
	at com.kms.katalon.core.webui.keyword.internal.WebUIKeywordMain.stepFailed(WebUIKeywordMain.groovy:64)
	at com.kms.katalon.core.webui.keyword.builtin.VerifyTextPresentKeyword$_verifyTextPresent_closure1.doCall(VerifyTextPresentKeyword.groovy:79)
	at com.kms.katalon.core.webui.keyword.builtin.VerifyTextPresentKeyword$_verifyTextPresent_closure1.call(VerifyTextPresentKeyword.groovy)
	at com.kms.katalon.core.webui.keyword.internal.WebUIKeywordMain.runKeyword(WebUIKeywordMain.groovy:20)
	... 19 more
)
[[ATTACHMENT|C:\\FT2 XSIS\\Projek 2 MINI PROJEK\\Reports\\20231005_131556\\T13 Pembelian, Shipment dan Pembayaran\\T13 Pembelian, Shipment dan Pembayaran\\20231005_131556\\1696487406668.png]]]]></system-out>
         <system-err><![CDATA[2023-10-05 13:29:04 - [TEST_CASE][FAILED] - Test Cases/T13 Pembelian, Shipment dan Pembayaran/PBY-008: Test Cases/T13 Pembelian, Shipment dan Pembayaran/PBY-008 FAILED.
Reason:
com.kms.katalon.core.exception.StepFailedException: Unable to verify text 'Please fill out this field.' is present 
	at com.kms.katalon.core.webui.keyword.internal.WebUIKeywordMain.stepFailed(WebUIKeywordMain.groovy:64)
	at com.kms.katalon.core.webui.keyword.internal.WebUIKeywordMain.runKeyword(WebUIKeywordMain.groovy:26)
	at com.kms.katalon.core.webui.keyword.builtin.VerifyTextPresentKeyword.verifyTextPresent(VerifyTextPresentKeyword.groovy:83)
	at com.kms.katalon.core.webui.keyword.builtin.VerifyTextPresentKeyword.execute(VerifyTextPresentKeyword.groovy:68)
	at com.kms.katalon.core.keyword.internal.KeywordExecutor.executeKeywordForPlatform(KeywordExecutor.groovy:74)
	at com.kms.katalon.core.webui.keyword.WebUiBuiltInKeywords.verifyTextPresent(WebUiBuiltInKeywords.groovy:1723)
	at com.kms.katalon.core.webui.keyword.WebUiBuiltInKeywords$verifyTextPresent$7.call(Unknown Source)
	at PBY-008.run(PBY-008:57)
	at com.kms.katalon.core.main.ScriptEngine.run(ScriptEngine.java:194)
	at com.kms.katalon.core.main.ScriptEngine.runScriptAsRawText(ScriptEngine.java:119)
	at com.kms.katalon.core.main.TestCaseExecutor.runScript(TestCaseExecutor.java:448)
	at com.kms.katalon.core.main.TestCaseExecutor.doExecute(TestCaseExecutor.java:439)
	at com.kms.katalon.core.main.TestCaseExecutor.processExecutionPhase(TestCaseExecutor.java:418)
	at com.kms.katalon.core.main.TestCaseExecutor.accessMainPhase(TestCaseExecutor.java:410)
	at com.kms.katalon.core.main.TestCaseExecutor.execute(TestCaseExecutor.java:285)
	at com.kms.katalon.core.common.CommonExecutor.accessTestCaseMainPhase(CommonExecutor.java:65)
	at com.kms.katalon.core.main.TestSuiteExecutor.accessTestSuiteMainPhase(TestSuiteExecutor.java:148)
	at com.kms.katalon.core.main.TestSuiteExecutor.execute(TestSuiteExecutor.java:106)
	at com.kms.katalon.core.main.TestCaseMain.startTestSuite(TestCaseMain.java:187)
	at com.kms.katalon.core.main.TestCaseMain$startTestSuite$0.call(Unknown Source)
	at TempTestSuite1696486556660.run(TempTestSuite1696486556660.groovy:36)
Caused by: com.kms.katalon.core.exception.StepFailedException: Text 'Please fill out this field.' is not present on page 
	at com.kms.katalon.core.webui.keyword.internal.WebUIKeywordMain.stepFailed(WebUIKeywordMain.groovy:64)
	at com.kms.katalon.core.webui.keyword.builtin.VerifyTextPresentKeyword$_verifyTextPresent_closure1.doCall(VerifyTextPresentKeyword.groovy:79)
	at com.kms.katalon.core.webui.keyword.builtin.VerifyTextPresentKeyword$_verifyTextPresent_closure1.call(VerifyTextPresentKeyword.groovy)
	at com.kms.katalon.core.webui.keyword.internal.WebUIKeywordMain.runKeyword(WebUIKeywordMain.groovy:20)
	... 19 more]]></system-err>
      </testcase>
      <testcase name="Test Cases/T13 Pembelian, Shipment dan Pembayaran/PBY-009" time="59.831" classname="Test Cases/T13 Pembelian, Shipment dan Pembayaran/PBY-009" status="PASSED">
         <system-out><![CDATA[2023-10-05 13:30:06 - [TEST_CASE][PASSED] - Test Cases/T13 Pembelian, Shipment dan Pembayaran/PBY-009: Test Cases/T13 Pembelian, Shipment dan Pembayaran/PBY-009

2023-10-05 13:30:07 - [TEST_STEP][PASSED] - data = callTestCase(findTestCase("T13 Pembelian, Shipment dan Pembayaran/PBY-001"), [:], STOP_ON_FAILURE): Call Test Case 'Test Cases/T13 Pembelian, Shipment dan Pembayaran/PBY-001' successfully

2023-10-05 13:30:07 - [TEST_CASE][PASSED] - Test Cases/T13 Pembelian, Shipment dan Pembayaran/PBY-001: Test Cases/T13 Pembelian, Shipment dan Pembayaran/PBY-001

2023-10-05 13:30:07 - [TEST_STEP][PASSED] - data = callTestCase(findTestCase("T13 Pembelian, Shipment dan Pembayaran/PBL-004"), ["Kurir":"Roda 2"], STOP_ON_FAILURE): Call Test Case 'Test Cases/T13 Pembelian, Shipment dan Pembayaran/PBL-004' successfully

2023-10-05 13:30:07 - [TEST_CASE][PASSED] - Test Cases/T13 Pembelian, Shipment dan Pembayaran/PBL-004: Test Cases/T13 Pembelian, Shipment dan Pembayaran/PBL-004

2023-10-05 13:30:07 - [TEST_STEP][PASSED] - data = callTestCase(findTestCase("T13 Pembelian, Shipment dan Pembayaran/PBL-002"), [:], STOP_ON_FAILURE): Call Test Case 'Test Cases/T13 Pembelian, Shipment dan Pembayaran/PBL-002' successfully

2023-10-05 13:30:07 - [TEST_CASE][PASSED] - Test Cases/T13 Pembelian, Shipment dan Pembayaran/PBL-002: Test Cases/T13 Pembelian, Shipment dan Pembayaran/PBL-002

2023-10-05 13:30:07 - [TEST_STEP][PASSED] - data = callTestCase(findTestCase("T13 Pembelian, Shipment dan Pembayaran/PBL-001"), [:], STOP_ON_FAILURE): Call Test Case 'Test Cases/T13 Pembelian, Shipment dan Pembayaran/PBL-001' successfully

2023-10-05 13:30:07 - [TEST_CASE][PASSED] - Test Cases/T13 Pembelian, Shipment dan Pembayaran/PBL-001: Test Cases/T13 Pembelian, Shipment dan Pembayaran/PBL-001

2023-10-05 13:30:07 - [TEST_STEP][PASSED] - callTestCase(findTestCase("T13 Pembelian, Shipment dan Pembayaran/LU-001"), ["username":"irfanafandi", "password":"12345irfan"], STOP_ON_FAILURE): Call Test Case 'Test Cases/T13 Pembelian, Shipment dan Pembayaran/LU-001' successfully

2023-10-05 13:30:07 - [TEST_CASE][PASSED] - Test Cases/T13 Pembelian, Shipment dan Pembayaran/LU-001: Test Cases/T13 Pembelian, Shipment dan Pembayaran/LU-001

2023-10-05 13:30:07 - [TEST_STEP][PASSED] - openBrowser("https://10.9.2.63/ecommerce/"): Browser is opened with url: 'https://10.9.2.63/ecommerce/'

2023-10-05 13:30:07 - [MESSAGE][WARNING] - A browser is already opened. Closing browser and opening a new one

2023-10-05 13:30:08 - [MESSAGE][INFO] - Starting 'Edge Chromium' driver

2023-10-05 13:30:08 - [MESSAGE][INFO] - User set preference: ['acceptInsecureCerts', 'true']

2023-10-05 13:30:10 - [MESSAGE][INFO] - Action delay is set to 0 milliseconds

2023-10-05 13:30:13 - [MESSAGE][PASSED] - Browser is opened with url: 'https://10.9.2.63/ecommerce/'

2023-10-05 13:30:13 - [TEST_STEP][PASSED] - maximizeWindow(): Current window maximized

2023-10-05 13:30:13 - [MESSAGE][PASSED] - Current window maximized

2023-10-05 13:30:13 - [TEST_STEP][PASSED] - verifyElementPresent(findTestObject("Login/Home"), 0): Object 'Object Repository/Login/Home' is present

2023-10-05 13:30:13 - [MESSAGE][WARNING] - Timeout '0' is invalid. Using default page load timeout: '30'

2023-10-05 13:30:14 - [MESSAGE][PASSED] - Object 'Object Repository/Login/Home' is present

2023-10-05 13:30:14 - [TEST_STEP][PASSED] - click(findTestObject("Login/a_Login")): Object: 'Object Repository/Login/a_Login' is clicked on

2023-10-05 13:30:14 - [MESSAGE][PASSED] - Object: 'Object Repository/Login/a_Login' is clicked on

2023-10-05 13:30:14 - [TEST_STEP][PASSED] - verifyElementPresent(findTestObject("Login/Tittle Login"), 0): Object 'Object Repository/Login/Tittle Login' is present

2023-10-05 13:30:14 - [MESSAGE][WARNING] - Timeout '0' is invalid. Using default page load timeout: '30'

2023-10-05 13:30:15 - [MESSAGE][PASSED] - Object 'Object Repository/Login/Tittle Login' is present

2023-10-05 13:30:15 - [TEST_STEP][PASSED] - setText(findTestObject("Login/input_Username, Email atau No. Handphone_a"), username): Text 'irfanafandi' is set on object 'Object Repository/Login/input_Username, Email atau No. Handphone_a'

2023-10-05 13:30:16 - [MESSAGE][PASSED] - Text 'irfanafandi' is set on object 'Object Repository/Login/input_Username, Email atau No. Handphone_a'

2023-10-05 13:30:16 - [TEST_STEP][PASSED] - setText(findTestObject("Login/input_Password_b"), password): Text '12345irfan' is set on object 'Object Repository/Login/input_Password_b'

2023-10-05 13:30:17 - [MESSAGE][PASSED] - Text '12345irfan' is set on object 'Object Repository/Login/input_Password_b'

2023-10-05 13:30:17 - [TEST_STEP][PASSED] - click(findTestObject("Login/label_Ingat saya")): Object: 'Object Repository/Login/label_Ingat saya' is clicked on

2023-10-05 13:30:17 - [MESSAGE][PASSED] - Object: 'Object Repository/Login/label_Ingat saya' is clicked on

2023-10-05 13:30:17 - [TEST_STEP][PASSED] - click(findTestObject("Login/button_Masuk")): Object: 'Object Repository/Login/button_Masuk' is clicked on

2023-10-05 13:30:19 - [MESSAGE][PASSED] - Object: 'Object Repository/Login/button_Masuk' is clicked on

2023-10-05 13:30:19 - [TEST_STEP][PASSED] - verifyElementPresent(findTestObject("Login/li_Profile"), 0): Object 'Object Repository/Login/li_Profile' is present

2023-10-05 13:30:19 - [MESSAGE][WARNING] - Timeout '0' is invalid. Using default page load timeout: '30'

2023-10-05 13:30:19 - [MESSAGE][PASSED] - Object 'Object Repository/Login/li_Profile' is present

2023-10-05 13:30:19 - [MESSAGE][PASSED] - Call Test Case 'Test Cases/T13 Pembelian, Shipment dan Pembayaran/LU-001' successfully

2023-10-05 13:30:19 - [TEST_STEP][PASSED] - mouseOver(findTestObject("beli barang/i_Mulai Belanja_icon-menu")): Object: 'Object Repository/beli barang/i_Mulai Belanja_icon-menu' is hovered

2023-10-05 13:30:20 - [MESSAGE][PASSED] - Object: 'Object Repository/beli barang/i_Mulai Belanja_icon-menu' is hovered

2023-10-05 13:30:20 - [TEST_STEP][PASSED] - click(findTestObject("beli barang/a_Fashion  Busana Wanita")): Object: 'Object Repository/beli barang/a_Fashion  Busana Wanita' is clicked on

2023-10-05 13:30:21 - [MESSAGE][PASSED] - Object: 'Object Repository/beli barang/a_Fashion  Busana Wanita' is clicked on

2023-10-05 13:30:21 - [TEST_STEP][PASSED] - NamaSebelum = getText(findTestObject("verifikasi/Nama sebelum")): Text of object 'Object Repository/verifikasi/Nama sebelum' is: ''

2023-10-05 13:30:22 - [MESSAGE][PASSED] - Text of object 'Object Repository/verifikasi/Nama sebelum' is: ''

2023-10-05 13:30:22 - [TEST_STEP][PASSED] - HargaSebelum = getText(findTestObject("verifikasi/Harga sebelum")): Text of object 'Object Repository/verifikasi/Harga sebelum' is: 'Rp 1,299'

2023-10-05 13:30:22 - [MESSAGE][PASSED] - Text of object 'Object Repository/verifikasi/Harga sebelum' is: 'Rp 1,299'

2023-10-05 13:30:22 - [TEST_STEP][PASSED] - mouseOver(findTestObject("beli barang/barang mouse over")): Object: 'Object Repository/beli barang/barang mouse over' is hovered

2023-10-05 13:30:23 - [MESSAGE][PASSED] - Object: 'Object Repository/beli barang/barang mouse over' is hovered

2023-10-05 13:30:23 - [TEST_STEP][PASSED] - click(findTestObject("beli barang/buttom add to cart")): Object: 'Object Repository/beli barang/buttom add to cart' is clicked on

2023-10-05 13:30:25 - [MESSAGE][PASSED] - Object: 'Object Repository/beli barang/buttom add to cart' is clicked on

2023-10-05 13:30:25 - [TEST_STEP][PASSED] - NamaSesudah = getText(findTestObject("verifikasi/Nama sesudah")): Text of object 'Object Repository/verifikasi/Nama sesudah' is: 'Segitiga Instan Madeira - MDB5.3 Sunset'

2023-10-05 13:30:25 - [MESSAGE][PASSED] - Text of object 'Object Repository/verifikasi/Nama sesudah' is: 'Segitiga Instan Madeira - MDB5.3 Sunset'

2023-10-05 13:30:25 - [TEST_STEP][PASSED] - HargaSesudah = getText(findTestObject("verifikasi/Harga sesudah")): Text of object 'Object Repository/verifikasi/Harga sesudah' is: 'Rp 1,299'

2023-10-05 13:30:26 - [MESSAGE][PASSED] - Text of object 'Object Repository/verifikasi/Harga sesudah' is: 'Rp 1,299'

2023-10-05 13:30:26 - [TEST_STEP][PASSED] - assert NamaSesudah.contains(NamaSebelum): null

2023-10-05 13:30:26 - [TEST_STEP][PASSED] - assert HargaSesudah.contains(HargaSebelum): null

2023-10-05 13:30:26 - [TEST_STEP][PASSED] - click(findTestObject("beli barang/Tambah Keranjang busana wanita")): Object: 'Object Repository/beli barang/Tambah Keranjang busana wanita' is clicked on

2023-10-05 13:30:26 - [MESSAGE][PASSED] - Object: 'Object Repository/beli barang/Tambah Keranjang busana wanita' is clicked on

2023-10-05 13:30:26 - [TEST_STEP][PASSED] - verifyElementPresent(findTestObject("checkout/Notifikasi keranjang"), 1): Object 'Object Repository/checkout/Notifikasi keranjang' is present

2023-10-05 13:30:27 - [MESSAGE][PASSED] - Object 'Object Repository/checkout/Notifikasi keranjang' is present

2023-10-05 13:30:27 - [TEST_STEP][PASSED] - data = new java.util.HashMap(): null

2023-10-05 13:30:27 - [TEST_STEP][PASSED] - data.put("nama_barang", NamaSesudah): null

2023-10-05 13:30:27 - [TEST_STEP][PASSED] - data.put("price_barang", HargaSesudah): null

2023-10-05 13:30:27 - [TEST_STEP][PASSED] - return data: null

2023-10-05 13:30:27 - [MESSAGE][PASSED] - Call Test Case 'Test Cases/T13 Pembelian, Shipment dan Pembayaran/PBL-001' successfully

2023-10-05 13:30:27 - [TEST_STEP][PASSED] - mouseOver(findTestObject("beli barang/keranjang")): Object: 'Object Repository/beli barang/keranjang' is hovered

2023-10-05 13:30:28 - [MESSAGE][PASSED] - Object: 'Object Repository/beli barang/keranjang' is hovered

2023-10-05 13:30:28 - [TEST_STEP][PASSED] - click(findTestObject("beli barang/Lihat Sekarang")): Object: 'Object Repository/beli barang/Lihat Sekarang' is clicked on

2023-10-05 13:30:29 - [MESSAGE][PASSED] - Object: 'Object Repository/beli barang/Lihat Sekarang' is clicked on

2023-10-05 13:30:29 - [TEST_STEP][PASSED] - verifyElementPresent(findTestObject("keranjang/li_Keranjang Belanja"), 0): Object 'Object Repository/keranjang/li_Keranjang Belanja' is present

2023-10-05 13:30:29 - [MESSAGE][WARNING] - Timeout '0' is invalid. Using default page load timeout: '30'

2023-10-05 13:30:30 - [MESSAGE][PASSED] - Object 'Object Repository/keranjang/li_Keranjang Belanja' is present

2023-10-05 13:30:30 - [TEST_STEP][PASSED] - NamaKeranjang = getText(findTestObject("verifikasi/Nama keranjang")): Text of object 'Object Repository/verifikasi/Nama keranjang' is: 'Segitiga Instan Madeira - MDB5.3 Sunset'

2023-10-05 13:30:30 - [MESSAGE][PASSED] - Text of object 'Object Repository/verifikasi/Nama keranjang' is: 'Segitiga Instan Madeira - MDB5.3 Sunset'

2023-10-05 13:30:30 - [TEST_STEP][PASSED] - HargaKeranjang = getText(findTestObject("verifikasi/Harga Keranjang")): Text of object 'Object Repository/verifikasi/Harga Keranjang' is: 'Rp 1,299'

2023-10-05 13:30:31 - [MESSAGE][PASSED] - Text of object 'Object Repository/verifikasi/Harga Keranjang' is: 'Rp 1,299'

2023-10-05 13:30:31 - [TEST_STEP][PASSED] - if (toString().equalsIgnoreCase("Merah")): Object 'Object Repository/keranjang/input_Warna_variasi101' is checked

2023-10-05 13:30:31 - [TEST_STEP][PASSED] - check(findTestObject("Object Repository/keranjang/input_Warna_variasi101")): Object 'Object Repository/keranjang/input_Warna_variasi101' is checked

2023-10-05 13:30:31 - [MESSAGE][PASSED] - Object 'Object Repository/keranjang/input_Warna_variasi101' is checked

2023-10-05 13:30:31 - [TEST_STEP][PASSED] - if (toString().equalsIgnoreCase("Menengah")): Object 'Object Repository/keranjang/input_Ukuran_variasi201' is checked

2023-10-05 13:30:31 - [TEST_STEP][PASSED] - check(findTestObject("Object Repository/keranjang/input_Ukuran_variasi201")): Object 'Object Repository/keranjang/input_Ukuran_variasi201' is checked

2023-10-05 13:30:32 - [MESSAGE][PASSED] - Object 'Object Repository/keranjang/input_Ukuran_variasi201' is checked

2023-10-05 13:30:32 - [TEST_STEP][PASSED] - data.put("Warna", warna): null

2023-10-05 13:30:32 - [TEST_STEP][PASSED] - data.put("Ukuran", ukuran): null

2023-10-05 13:30:32 - [TEST_STEP][PASSED] - click(findTestObject("keranjang/button_Lanjut ke Pembayaran")): Object: 'Object Repository/keranjang/button_Lanjut ke Pembayaran' is clicked on

2023-10-05 13:30:33 - [MESSAGE][PASSED] - Object: 'Object Repository/keranjang/button_Lanjut ke Pembayaran' is clicked on

2023-10-05 13:30:33 - [TEST_STEP][PASSED] - verifyElementPresent(findTestObject("checkout/Tittle Checkout Order"), 0): Object 'Object Repository/checkout/Tittle Checkout Order' is present

2023-10-05 13:30:33 - [MESSAGE][WARNING] - Timeout '0' is invalid. Using default page load timeout: '30'

2023-10-05 13:30:34 - [MESSAGE][PASSED] - Object 'Object Repository/checkout/Tittle Checkout Order' is present

2023-10-05 13:30:34 - [TEST_STEP][PASSED] - name_product = data.get("nama_barang"): null

2023-10-05 13:30:34 - [TEST_STEP][PASSED] - price_product = data.get("price_barang"): null

2023-10-05 13:30:34 - [TEST_STEP][PASSED] - assert name_product == NamaKeranjang: null

2023-10-05 13:30:34 - [TEST_STEP][PASSED] - assert price_product == HargaKeranjang: null

2023-10-05 13:30:34 - [TEST_STEP][PASSED] - return data: null

2023-10-05 13:30:34 - [MESSAGE][PASSED] - Call Test Case 'Test Cases/T13 Pembelian, Shipment dan Pembayaran/PBL-002' successfully

2023-10-05 13:30:34 - [TEST_STEP][PASSED] - warnaa = getText(findTestObject("verifikasi/warna Merah")): Text of object 'Object Repository/verifikasi/warna Merah' is: 'Merah'

2023-10-05 13:30:34 - [MESSAGE][PASSED] - Text of object 'Object Repository/verifikasi/warna Merah' is: 'Merah'

2023-10-05 13:30:34 - [TEST_STEP][PASSED] - ukurann = getText(findTestObject("verifikasi/Ukuran Menengah")): Text of object 'Object Repository/verifikasi/Ukuran Menengah' is: 'Menengah'

2023-10-05 13:30:35 - [MESSAGE][PASSED] - Text of object 'Object Repository/verifikasi/Ukuran Menengah' is: 'Menengah'

2023-10-05 13:30:35 - [TEST_STEP][PASSED] - warna1 = data.get("Warna"): null

2023-10-05 13:30:35 - [TEST_STEP][PASSED] - ukuran1 = data.get("Ukuran"): null

2023-10-05 13:30:35 - [TEST_STEP][PASSED] - assert warnaa == warna1: null

2023-10-05 13:30:35 - [TEST_STEP][PASSED] - assert ukurann == ukuran1: null

2023-10-05 13:30:35 - [TEST_STEP][PASSED] - NamaCheckout = getText(findTestObject("verifikasi/NamaCheckout")): Text of object 'Object Repository/verifikasi/NamaCheckout' is: ''

2023-10-05 13:30:35 - [MESSAGE][PASSED] - Text of object 'Object Repository/verifikasi/NamaCheckout' is: ''

2023-10-05 13:30:35 - [TEST_STEP][PASSED] - HargaCheckout = getText(findTestObject("verifikasi/HargaCheckout")): Text of object 'Object Repository/verifikasi/HargaCheckout' is: '1,299'

2023-10-05 13:30:35 - [MESSAGE][PASSED] - Text of object 'Object Repository/verifikasi/HargaCheckout' is: '1,299'

2023-10-05 13:30:35 - [TEST_STEP][PASSED] - name_product = data.get("nama_barang"): null

2023-10-05 13:30:35 - [TEST_STEP][PASSED] - price_product = data.get("price_barang"): null

2023-10-05 13:30:35 - [TEST_STEP][PASSED] - assert name_product.contains(NamaCheckout): null

2023-10-05 13:30:35 - [TEST_STEP][PASSED] - assert price_product.contains(HargaCheckout): null

2023-10-05 13:30:35 - [TEST_STEP][PASSED] - selectOptionByLabel(findTestObject("checkout/select - Kirim via Kurir Lokal"), Kurir, false): All options with label 'Roda 2' are selected in object 'Object Repository/checkout/select - Kirim via Kurir Lokal' 

2023-10-05 13:30:36 - [MESSAGE][PASSED] - All options with label 'Roda 2' are selected in object 'Object Repository/checkout/select - Kirim via Kurir Lokal' 

2023-10-05 13:30:36 - [TEST_STEP][PASSED] - click(findTestObject("checkout/Kendaraan Kurir")): Object: 'Object Repository/checkout/Kendaraan Kurir' is clicked on

2023-10-05 13:30:37 - [MESSAGE][PASSED] - Object: 'Object Repository/checkout/Kendaraan Kurir' is clicked on

2023-10-05 13:30:37 - [TEST_STEP][PASSED] - OngkosKirim = getText(findTestObject("Object Repository/verifikasi/Ongkos Kirim checkout")): Text of object 'Object Repository/verifikasi/Ongkos Kirim checkout' is: 'Rp. 5,000'

2023-10-05 13:30:37 - [MESSAGE][PASSED] - Text of object 'Object Repository/verifikasi/Ongkos Kirim checkout' is: 'Rp. 5,000'

2023-10-05 13:30:37 - [TEST_STEP][PASSED] - Ongkos = OngkosKirim.substring(3, OngkosKirim.size()): null

2023-10-05 13:30:37 - [TEST_STEP][PASSED] - rep = Ongkos.replace(",", "."): null

2023-10-05 13:30:37 - [TEST_STEP][PASSED] - Ongkos_kirim = Double.parseDouble(rep): null

2023-10-05 13:30:37 - [TEST_STEP][PASSED] - println(Ongkos_kirim): null

2023-10-05 13:30:37 - [TEST_STEP][PASSED] - FeeAdmin = getText(findTestObject("verifikasi/Fee Admin checkout")): Text of object 'Object Repository/verifikasi/Fee Admin checkout' is: 'Fee Admin
Rp 1,500'

2023-10-05 13:30:38 - [MESSAGE][PASSED] - Text of object 'Object Repository/verifikasi/Fee Admin checkout' is: 'Fee Admin
Rp 1,500'

2023-10-05 13:30:38 - [TEST_STEP][PASSED] - Fee_Admin = FeeAdmin.substring(12, FeeAdmin.size()): null

2023-10-05 13:30:38 - [TEST_STEP][PASSED] - fee = Fee_Admin.replace(",", "."): null

2023-10-05 13:30:38 - [TEST_STEP][PASSED] - fee_admin = Double.parseDouble(fee): null

2023-10-05 13:30:38 - [TEST_STEP][PASSED] - println(fee_admin): null

2023-10-05 13:30:38 - [TEST_STEP][PASSED] - Subtotal = getText(findTestObject("verifikasi/subtotal checkout")): Text of object 'Object Repository/verifikasi/subtotal checkout' is: 'Subtotal
Rp 1,299'

2023-10-05 13:30:38 - [MESSAGE][PASSED] - Text of object 'Object Repository/verifikasi/subtotal checkout' is: 'Subtotal
Rp 1,299'

2023-10-05 13:30:38 - [TEST_STEP][PASSED] - sub_total = Subtotal.substring(12, Subtotal.size()): null

2023-10-05 13:30:38 - [TEST_STEP][PASSED] - sub = sub_total.replace(",", "."): null

2023-10-05 13:30:38 - [TEST_STEP][PASSED] - sub_total = Double.parseDouble(sub): null

2023-10-05 13:30:38 - [TEST_STEP][PASSED] - println(sub_total): null

2023-10-05 13:30:38 - [TEST_STEP][PASSED] - Total = getText(findTestObject("verifikasi/Total checkout")): Text of object 'Object Repository/verifikasi/Total checkout' is: 'Rp 7,799'

2023-10-05 13:30:39 - [MESSAGE][PASSED] - Text of object 'Object Repository/verifikasi/Total checkout' is: 'Rp 7,799'

2023-10-05 13:30:39 - [TEST_STEP][PASSED] - totall = Total.substring(3, Total.size()): null

2023-10-05 13:30:39 - [TEST_STEP][PASSED] - total = totall.replace(",", "."): null

2023-10-05 13:30:39 - [TEST_STEP][PASSED] - totall = Double.parseDouble(total): null

2023-10-05 13:30:39 - [TEST_STEP][PASSED] - println(totall): null

2023-10-05 13:30:39 - [TEST_STEP][PASSED] - Total_Harga = Ongkos_kirim + fee_admin + sub_total: null

2023-10-05 13:30:39 - [TEST_STEP][PASSED] - println(Total_Harga): null

2023-10-05 13:30:39 - [TEST_STEP][PASSED] - TotalHarga = Math.round(Total_Harga * 1000) / 1000: null

2023-10-05 13:30:39 - [TEST_STEP][PASSED] - println(TotalHarga): null

2023-10-05 13:30:39 - [TEST_STEP][PASSED] - assert totall == TotalHarga: null

2023-10-05 13:30:39 - [TEST_STEP][PASSED] - click(findTestObject("verifikasi/Metode Transfer")): Object: 'Object Repository/verifikasi/Metode Transfer' is clicked on

2023-10-05 13:30:39 - [MESSAGE][PASSED] - Object: 'Object Repository/verifikasi/Metode Transfer' is clicked on

2023-10-05 13:30:39 - [TEST_STEP][PASSED] - click(findTestObject("checkout/button_Proses Pembayaran")): Object: 'Object Repository/checkout/button_Proses Pembayaran' is clicked on

2023-10-05 13:30:48 - [MESSAGE][PASSED] - Object: 'Object Repository/checkout/button_Proses Pembayaran' is clicked on

2023-10-05 13:30:48 - [TEST_STEP][PASSED] - verifyElementPresent(findTestObject("pembayaran/Tittle nomor invoice"), 0): Object 'Object Repository/pembayaran/Tittle nomor invoice' is present

2023-10-05 13:30:48 - [MESSAGE][WARNING] - Timeout '0' is invalid. Using default page load timeout: '30'

2023-10-05 13:30:49 - [MESSAGE][PASSED] - Object 'Object Repository/pembayaran/Tittle nomor invoice' is present

2023-10-05 13:30:49 - [TEST_STEP][PASSED] - return data: null

2023-10-05 13:30:49 - [MESSAGE][PASSED] - Call Test Case 'Test Cases/T13 Pembelian, Shipment dan Pembayaran/PBL-004' successfully

2023-10-05 13:30:49 - [TEST_STEP][PASSED] - Invoice = getText(findTestObject("pembayaran/nomor invoice")): Text of object 'Object Repository/pembayaran/nomor invoice' is: 'TRX60.20231005133043'

2023-10-05 13:30:50 - [MESSAGE][PASSED] - Text of object 'Object Repository/pembayaran/nomor invoice' is: 'TRX60.20231005133043'

2023-10-05 13:30:50 - [TEST_STEP][PASSED] - data.put("invoice", Invoice): null

2023-10-05 13:30:50 - [TEST_STEP][PASSED] - NamaPemesan = getText(findTestObject("Konfirmasi pesanan shop/Nama pemesan")): Text of object 'Object Repository/Konfirmasi pesanan shop/Nama pemesan' is: 'irfan.afandi'

2023-10-05 13:30:50 - [MESSAGE][PASSED] - Text of object 'Object Repository/Konfirmasi pesanan shop/Nama pemesan' is: 'irfan.afandi'

2023-10-05 13:30:50 - [TEST_STEP][PASSED] - Nama = getText(findTestObject("pembayaran/Nama barang")): Text of object 'Object Repository/pembayaran/Nama barang' is: 'Segitiga Instan Madeira - MDB5.3 Sunset'

2023-10-05 13:30:51 - [MESSAGE][PASSED] - Text of object 'Object Repository/pembayaran/Nama barang' is: 'Segitiga Instan Madeira - MDB5.3 Sunset'

2023-10-05 13:30:51 - [TEST_STEP][PASSED] - Harga = getText(findTestObject("pembayaran/Harga barang")): Text of object 'Object Repository/pembayaran/Harga barang' is: '1,299'

2023-10-05 13:30:51 - [MESSAGE][PASSED] - Text of object 'Object Repository/pembayaran/Harga barang' is: '1,299'

2023-10-05 13:30:51 - [TEST_STEP][PASSED] - name_product = data.get("nama_barang"): null

2023-10-05 13:30:51 - [TEST_STEP][PASSED] - price_product = data.get("price_barang"): null

2023-10-05 13:30:51 - [TEST_STEP][PASSED] - assert name_product.contains(Nama): null

2023-10-05 13:30:51 - [TEST_STEP][PASSED] - assert price_product.contains(Harga): null

2023-10-05 13:30:51 - [TEST_STEP][PASSED] - warnaa = getText(findTestObject("pembayaran/warna")): Text of object 'Object Repository/pembayaran/warna' is: 'Merah'

2023-10-05 13:30:52 - [MESSAGE][PASSED] - Text of object 'Object Repository/pembayaran/warna' is: 'Merah'

2023-10-05 13:30:52 - [TEST_STEP][PASSED] - ukurann = getText(findTestObject("pembayaran/ukuran")): Text of object 'Object Repository/pembayaran/ukuran' is: 'Menengah'

2023-10-05 13:30:52 - [MESSAGE][PASSED] - Text of object 'Object Repository/pembayaran/ukuran' is: 'Menengah'

2023-10-05 13:30:52 - [TEST_STEP][PASSED] - warna1 = data.get("Warna"): null

2023-10-05 13:30:52 - [TEST_STEP][PASSED] - ukuran1 = data.get("Ukuran"): null

2023-10-05 13:30:52 - [TEST_STEP][PASSED] - assert warnaa == warna1: null

2023-10-05 13:30:52 - [TEST_STEP][PASSED] - assert ukurann == ukuran1: null

2023-10-05 13:30:52 - [TEST_STEP][PASSED] - statusPembelian = getText(findTestObject("verifikasi/Status pending di pembelian")): Text of object 'Object Repository/verifikasi/Status pending di pembelian' is: 'Pending'

2023-10-05 13:30:53 - [MESSAGE][PASSED] - Text of object 'Object Repository/verifikasi/Status pending di pembelian' is: 'Pending'

2023-10-05 13:30:53 - [TEST_STEP][PASSED] - data.put("statusPem", statusPembelian): null

2023-10-05 13:30:53 - [TEST_STEP][PASSED] - OngkosKirim = getText(findTestObject("pembayaran/ongkos kirim")): Text of object 'Object Repository/pembayaran/ongkos kirim' is: 'Rp 5,000'

2023-10-05 13:30:53 - [MESSAGE][PASSED] - Text of object 'Object Repository/pembayaran/ongkos kirim' is: 'Rp 5,000'

2023-10-05 13:30:53 - [TEST_STEP][PASSED] - Ongkos = OngkosKirim.substring(3, OngkosKirim.size()): null

2023-10-05 13:30:53 - [TEST_STEP][PASSED] - rep = Ongkos.replace(",", ""): null

2023-10-05 13:30:53 - [TEST_STEP][PASSED] - Ongkos_kirimm = Integer.parseInt(rep): null

2023-10-05 13:30:53 - [TEST_STEP][PASSED] - println(Ongkos_kirimm): null

2023-10-05 13:30:53 - [TEST_STEP][PASSED] - FeeAdmin = getText(findTestObject("pembayaran/fee admin")): Text of object 'Object Repository/pembayaran/fee admin' is: 'Rp 1,500'

2023-10-05 13:30:54 - [MESSAGE][PASSED] - Text of object 'Object Repository/pembayaran/fee admin' is: 'Rp 1,500'

2023-10-05 13:30:54 - [TEST_STEP][PASSED] - Fee_Admin = FeeAdmin.substring(3, FeeAdmin.size()): null

2023-10-05 13:30:54 - [TEST_STEP][PASSED] - fee = Fee_Admin.replace(",", ""): null

2023-10-05 13:30:54 - [TEST_STEP][PASSED] - fee_adminn = Integer.parseInt(fee): null

2023-10-05 13:30:54 - [TEST_STEP][PASSED] - println(fee_adminn): null

2023-10-05 13:30:54 - [TEST_STEP][PASSED] - Subtotal = getText(findTestObject("pembayaran/subtotal")): Text of object 'Object Repository/pembayaran/subtotal' is: 'Rp 1,299'

2023-10-05 13:30:54 - [MESSAGE][PASSED] - Text of object 'Object Repository/pembayaran/subtotal' is: 'Rp 1,299'

2023-10-05 13:30:54 - [TEST_STEP][PASSED] - sub_total = Subtotal.substring(3, Subtotal.size()): null

2023-10-05 13:30:54 - [TEST_STEP][PASSED] - sub = sub_total.replace(",", ""): null

2023-10-05 13:30:54 - [TEST_STEP][PASSED] - sub_totall = Integer.parseInt(sub): null

2023-10-05 13:30:54 - [TEST_STEP][PASSED] - println(sub_totall): null

2023-10-05 13:30:54 - [TEST_STEP][PASSED] - unik = getText(findTestObject("pembayaran/kode unik")): Text of object 'Object Repository/pembayaran/kode unik' is: '+043'

2023-10-05 13:30:55 - [MESSAGE][PASSED] - Text of object 'Object Repository/pembayaran/kode unik' is: '+043'

2023-10-05 13:30:55 - [TEST_STEP][PASSED] - unikk = unik.replace("+", ""): null

2023-10-05 13:30:55 - [TEST_STEP][PASSED] - kode_unik = Integer.parseInt(unikk): null

2023-10-05 13:30:55 - [TEST_STEP][PASSED] - println(kode_unik): null

2023-10-05 13:30:55 - [TEST_STEP][PASSED] - Total = getText(findTestObject("pembayaran/total")): Text of object 'Object Repository/pembayaran/total' is: '7,842'

2023-10-05 13:30:55 - [MESSAGE][PASSED] - Text of object 'Object Repository/pembayaran/total' is: '7,842'

2023-10-05 13:30:55 - [TEST_STEP][PASSED] - total = Total.replace(",", ""): null

2023-10-05 13:30:55 - [TEST_STEP][PASSED] - totalll = Integer.parseInt(total): null

2023-10-05 13:30:55 - [TEST_STEP][PASSED] - println(totalll): null

2023-10-05 13:30:55 - [TEST_STEP][PASSED] - Total_Hargaa = Ongkos_kirimm + fee_adminn + sub_totall + kode_unik: null

2023-10-05 13:30:55 - [TEST_STEP][PASSED] - println(Total_Hargaa): null

2023-10-05 13:30:55 - [TEST_STEP][PASSED] - assert totalll == Total_Hargaa: null

2023-10-05 13:30:55 - [TEST_STEP][PASSED] - data.put("total", Total): null

2023-10-05 13:30:55 - [TEST_STEP][PASSED] - data.put("nama", NamaPemesan): null

2023-10-05 13:30:55 - [TEST_STEP][PASSED] - return data: null

2023-10-05 13:30:55 - [MESSAGE][PASSED] - Call Test Case 'Test Cases/T13 Pembelian, Shipment dan Pembayaran/PBY-001' successfully

2023-10-05 13:30:55 - [TEST_STEP][PASSED] - inv = data.get("invoice"): null

2023-10-05 13:30:55 - [TEST_STEP][PASSED] - Total = data.get("total"): null

2023-10-05 13:30:55 - [TEST_STEP][PASSED] - NamaPemesan = data.get("nama"): null

2023-10-05 13:30:55 - [TEST_STEP][PASSED] - click(findTestObject("Konfirmasi pesanan shop/Menu Shop")): Object: 'Object Repository/Konfirmasi pesanan shop/Menu Shop' is clicked on

2023-10-05 13:30:57 - [MESSAGE][PASSED] - Object: 'Object Repository/Konfirmasi pesanan shop/Menu Shop' is clicked on

2023-10-05 13:30:57 - [TEST_STEP][PASSED] - click(findTestObject("Konfirmasi pesanan shop/Menu Shop")): Object: 'Object Repository/Konfirmasi pesanan shop/Menu Shop' is clicked on

2023-10-05 13:30:57 - [MESSAGE][PASSED] - Object: 'Object Repository/Konfirmasi pesanan shop/Menu Shop' is clicked on

2023-10-05 13:30:57 - [TEST_STEP][PASSED] - click(findTestObject("Konfirmasi pesanan shop/Konfirmasi Orders")): Object: 'Object Repository/Konfirmasi pesanan shop/Konfirmasi Orders' is clicked on

2023-10-05 13:30:58 - [MESSAGE][PASSED] - Object: 'Object Repository/Konfirmasi pesanan shop/Konfirmasi Orders' is clicked on

2023-10-05 13:30:58 - [TEST_STEP][PASSED] - verifyElementPresent(findTestObject("Konfirmasi pesanan shop/Tittle Konfirmasi Pesanan"), 0): Object 'Object Repository/Konfirmasi pesanan shop/Tittle Konfirmasi Pesanan' is present

2023-10-05 13:30:58 - [MESSAGE][WARNING] - Timeout '0' is invalid. Using default page load timeout: '30'

2023-10-05 13:30:59 - [MESSAGE][PASSED] - Object 'Object Repository/Konfirmasi pesanan shop/Tittle Konfirmasi Pesanan' is present

2023-10-05 13:30:59 - [TEST_STEP][PASSED] - setText(findTestObject("Konfirmasi pesanan shop/input_No Pesanan"), inv): Text 'TRX60.20231005133043' is set on object 'Object Repository/Konfirmasi pesanan shop/input_No Pesanan'

2023-10-05 13:31:00 - [MESSAGE][PASSED] - Text 'TRX60.20231005133043' is set on object 'Object Repository/Konfirmasi pesanan shop/input_No Pesanan'

2023-10-05 13:31:00 - [TEST_STEP][PASSED] - setText(findTestObject("Konfirmasi pesanan shop/input_Alamat E-mai"), "irfan@gmail.com"): Text 'irfan@gmail.com' is set on object 'Object Repository/Konfirmasi pesanan shop/input_Alamat E-mai'

2023-10-05 13:31:01 - [MESSAGE][PASSED] - Text 'irfan@gmail.com' is set on object 'Object Repository/Konfirmasi pesanan shop/input_Alamat E-mai'

2023-10-05 13:31:01 - [TEST_STEP][PASSED] - click(findTestObject("Konfirmasi pesanan shop/button_Submit")): Object: 'Object Repository/Konfirmasi pesanan shop/button_Submit' is clicked on

2023-10-05 13:31:02 - [MESSAGE][PASSED] - Object: 'Object Repository/Konfirmasi pesanan shop/button_Submit' is clicked on

2023-10-05 13:31:02 - [TEST_STEP][PASSED] - verifyElementPresent(findTestObject("Konfirmasi pesanan shop/Tittle nomor invoice"), 0): Object 'Object Repository/Konfirmasi pesanan shop/Tittle nomor invoice' is present

2023-10-05 13:31:02 - [MESSAGE][WARNING] - Timeout '0' is invalid. Using default page load timeout: '30'

2023-10-05 13:31:03 - [MESSAGE][PASSED] - Object 'Object Repository/Konfirmasi pesanan shop/Tittle nomor invoice' is present

2023-10-05 13:31:03 - [TEST_STEP][PASSED] - setText(findTestObject("Konfirmasi pesanan shop/input_Total TagihanTransfer_b"), Total): Text '7,842' is set on object 'Object Repository/Konfirmasi pesanan shop/input_Total TagihanTransfer_b'

2023-10-05 13:31:04 - [MESSAGE][PASSED] - Text '7,842' is set on object 'Object Repository/Konfirmasi pesanan shop/input_Total TagihanTransfer_b'

2023-10-05 13:31:04 - [TEST_STEP][PASSED] - selectOptionByValue(findTestObject("Konfirmasi pesanan shop/select_Bank"), "4", false): All options with value '4' are selected in object 'Object Repository/Konfirmasi pesanan shop/select_Bank' 

2023-10-05 13:31:04 - [MESSAGE][PASSED] - All options with value '4' are selected in object 'Object Repository/Konfirmasi pesanan shop/select_Bank' 

2023-10-05 13:31:04 - [TEST_STEP][PASSED] - setText(findTestObject("Konfirmasi pesanan shop/input_Nama Pengirim_d"), NamaPemesan): Text 'irfan.afandi' is set on object 'Object Repository/Konfirmasi pesanan shop/input_Nama Pengirim_d'

2023-10-05 13:31:05 - [MESSAGE][PASSED] - Text 'irfan.afandi' is set on object 'Object Repository/Konfirmasi pesanan shop/input_Nama Pengirim_d'

2023-10-05 13:31:05 - [TEST_STEP][PASSED] - click(findTestObject("Konfirmasi pesanan shop/button_Konfirmasi Pembayaran")): Object: 'Object Repository/Konfirmasi pesanan shop/button_Konfirmasi Pembayaran' is clicked on

2023-10-05 13:31:06 - [MESSAGE][PASSED] - Object: 'Object Repository/Konfirmasi pesanan shop/button_Konfirmasi Pembayaran' is clicked on

2023-10-05 13:31:06 - [TEST_STEP][PASSED] - webDriver = getWebDriver(): null

2023-10-05 13:31:06 - [TEST_STEP][PASSED] - field_upload = webDriver.findElement(By.xpath("//input[@name="f"]")): null

2023-10-05 13:31:06 - [TEST_STEP][PASSED] - error_message = webDriver.executeScript("return arguments[0].validationMessage", field_upload): null

2023-10-05 13:31:06 - [TEST_STEP][PASSED] - println(error_message): null

2023-10-05 13:31:06 - [TEST_STEP][PASSED] - assert error_message == "Please select a file.": null]]></system-out>
         <system-err><![CDATA[]]></system-err>
      </testcase>
      <testcase name="Test Cases/T13 Pembelian, Shipment dan Pembayaran/PBY-010" time="62.6" classname="Test Cases/T13 Pembelian, Shipment dan Pembayaran/PBY-010" status="FAILED">
         <failure type="FAILED" message="Test Cases/T13 Pembelian, Shipment dan Pembayaran/PBY-010 FAILED.
Reason:
com.kms.katalon.core.exception.StepFailedException: Unable to verify text 'Please upload an valid file.' is present 
	at com.kms.katalon.core.webui.keyword.internal.WebUIKeywordMain.stepFailed(WebUIKeywordMain.groovy:64)
	at com.kms.katalon.core.webui.keyword.internal.WebUIKeywordMain.runKeyword(WebUIKeywordMain.groovy:26)
	at com.kms.katalon.core.webui.keyword.builtin.VerifyTextPresentKeyword.verifyTextPresent(VerifyTextPresentKeyword.groovy:83)
	at com.kms.katalon.core.webui.keyword.builtin.VerifyTextPresentKeyword.execute(VerifyTextPresentKeyword.groovy:68)
	at com.kms.katalon.core.keyword.internal.KeywordExecutor.executeKeywordForPlatform(KeywordExecutor.groovy:74)
	at com.kms.katalon.core.webui.keyword.WebUiBuiltInKeywords.verifyTextPresent(WebUiBuiltInKeywords.groovy:1723)
	at com.kms.katalon.core.webui.keyword.WebUiBuiltInKeywords$verifyTextPresent$7.call(Unknown Source)
	at PBY-010.run(PBY-010:54)
	at com.kms.katalon.core.main.ScriptEngine.run(ScriptEngine.java:194)
	at com.kms.katalon.core.main.ScriptEngine.runScriptAsRawText(ScriptEngine.java:119)
	at com.kms.katalon.core.main.TestCaseExecutor.runScript(TestCaseExecutor.java:448)
	at com.kms.katalon.core.main.TestCaseExecutor.doExecute(TestCaseExecutor.java:439)
	at com.kms.katalon.core.main.TestCaseExecutor.processExecutionPhase(TestCaseExecutor.java:418)
	at com.kms.katalon.core.main.TestCaseExecutor.accessMainPhase(TestCaseExecutor.java:410)
	at com.kms.katalon.core.main.TestCaseExecutor.execute(TestCaseExecutor.java:285)
	at com.kms.katalon.core.common.CommonExecutor.accessTestCaseMainPhase(CommonExecutor.java:65)
	at com.kms.katalon.core.main.TestSuiteExecutor.accessTestSuiteMainPhase(TestSuiteExecutor.java:148)
	at com.kms.katalon.core.main.TestSuiteExecutor.execute(TestSuiteExecutor.java:106)
	at com.kms.katalon.core.main.TestCaseMain.startTestSuite(TestCaseMain.java:187)
	at com.kms.katalon.core.main.TestCaseMain$startTestSuite$0.call(Unknown Source)
	at TempTestSuite1696486556660.run(TempTestSuite1696486556660.groovy:36)
Caused by: com.kms.katalon.core.exception.StepFailedException: Text 'Please upload an valid file.' is not present on page 
	at com.kms.katalon.core.webui.keyword.internal.WebUIKeywordMain.stepFailed(WebUIKeywordMain.groovy:64)
	at com.kms.katalon.core.webui.keyword.builtin.VerifyTextPresentKeyword$_verifyTextPresent_closure1.doCall(VerifyTextPresentKeyword.groovy:79)
	at com.kms.katalon.core.webui.keyword.builtin.VerifyTextPresentKeyword$_verifyTextPresent_closure1.call(VerifyTextPresentKeyword.groovy)
	at com.kms.katalon.core.webui.keyword.internal.WebUIKeywordMain.runKeyword(WebUIKeywordMain.groovy:20)
	... 19 more
"/>
         <system-out><![CDATA[2023-10-05 13:31:06 - [TEST_CASE][FAILED] - Test Cases/T13 Pembelian, Shipment dan Pembayaran/PBY-010: Test Cases/T13 Pembelian, Shipment dan Pembayaran/PBY-010 FAILED.
Reason:
com.kms.katalon.core.exception.StepFailedException: Unable to verify text 'Please upload an valid file.' is present 
	at com.kms.katalon.core.webui.keyword.internal.WebUIKeywordMain.stepFailed(WebUIKeywordMain.groovy:64)
	at com.kms.katalon.core.webui.keyword.internal.WebUIKeywordMain.runKeyword(WebUIKeywordMain.groovy:26)
	at com.kms.katalon.core.webui.keyword.builtin.VerifyTextPresentKeyword.verifyTextPresent(VerifyTextPresentKeyword.groovy:83)
	at com.kms.katalon.core.webui.keyword.builtin.VerifyTextPresentKeyword.execute(VerifyTextPresentKeyword.groovy:68)
	at com.kms.katalon.core.keyword.internal.KeywordExecutor.executeKeywordForPlatform(KeywordExecutor.groovy:74)
	at com.kms.katalon.core.webui.keyword.WebUiBuiltInKeywords.verifyTextPresent(WebUiBuiltInKeywords.groovy:1723)
	at com.kms.katalon.core.webui.keyword.WebUiBuiltInKeywords$verifyTextPresent$7.call(Unknown Source)
	at PBY-010.run(PBY-010:54)
	at com.kms.katalon.core.main.ScriptEngine.run(ScriptEngine.java:194)
	at com.kms.katalon.core.main.ScriptEngine.runScriptAsRawText(ScriptEngine.java:119)
	at com.kms.katalon.core.main.TestCaseExecutor.runScript(TestCaseExecutor.java:448)
	at com.kms.katalon.core.main.TestCaseExecutor.doExecute(TestCaseExecutor.java:439)
	at com.kms.katalon.core.main.TestCaseExecutor.processExecutionPhase(TestCaseExecutor.java:418)
	at com.kms.katalon.core.main.TestCaseExecutor.accessMainPhase(TestCaseExecutor.java:410)
	at com.kms.katalon.core.main.TestCaseExecutor.execute(TestCaseExecutor.java:285)
	at com.kms.katalon.core.common.CommonExecutor.accessTestCaseMainPhase(CommonExecutor.java:65)
	at com.kms.katalon.core.main.TestSuiteExecutor.accessTestSuiteMainPhase(TestSuiteExecutor.java:148)
	at com.kms.katalon.core.main.TestSuiteExecutor.execute(TestSuiteExecutor.java:106)
	at com.kms.katalon.core.main.TestCaseMain.startTestSuite(TestCaseMain.java:187)
	at com.kms.katalon.core.main.TestCaseMain$startTestSuite$0.call(Unknown Source)
	at TempTestSuite1696486556660.run(TempTestSuite1696486556660.groovy:36)
Caused by: com.kms.katalon.core.exception.StepFailedException: Text 'Please upload an valid file.' is not present on page 
	at com.kms.katalon.core.webui.keyword.internal.WebUIKeywordMain.stepFailed(WebUIKeywordMain.groovy:64)
	at com.kms.katalon.core.webui.keyword.builtin.VerifyTextPresentKeyword$_verifyTextPresent_closure1.doCall(VerifyTextPresentKeyword.groovy:79)
	at com.kms.katalon.core.webui.keyword.builtin.VerifyTextPresentKeyword$_verifyTextPresent_closure1.call(VerifyTextPresentKeyword.groovy)
	at com.kms.katalon.core.webui.keyword.internal.WebUIKeywordMain.runKeyword(WebUIKeywordMain.groovy:20)
	... 19 more


2023-10-05 13:31:07 - [TEST_STEP][PASSED] - data = callTestCase(findTestCase("T13 Pembelian, Shipment dan Pembayaran/PBY-001"), [:], STOP_ON_FAILURE): Call Test Case 'Test Cases/T13 Pembelian, Shipment dan Pembayaran/PBY-001' successfully

2023-10-05 13:31:07 - [TEST_CASE][PASSED] - Test Cases/T13 Pembelian, Shipment dan Pembayaran/PBY-001: Test Cases/T13 Pembelian, Shipment dan Pembayaran/PBY-001

2023-10-05 13:31:07 - [TEST_STEP][PASSED] - data = callTestCase(findTestCase("T13 Pembelian, Shipment dan Pembayaran/PBL-004"), ["Kurir":"Roda 2"], STOP_ON_FAILURE): Call Test Case 'Test Cases/T13 Pembelian, Shipment dan Pembayaran/PBL-004' successfully

2023-10-05 13:31:07 - [TEST_CASE][PASSED] - Test Cases/T13 Pembelian, Shipment dan Pembayaran/PBL-004: Test Cases/T13 Pembelian, Shipment dan Pembayaran/PBL-004

2023-10-05 13:31:07 - [TEST_STEP][PASSED] - data = callTestCase(findTestCase("T13 Pembelian, Shipment dan Pembayaran/PBL-002"), [:], STOP_ON_FAILURE): Call Test Case 'Test Cases/T13 Pembelian, Shipment dan Pembayaran/PBL-002' successfully

2023-10-05 13:31:07 - [TEST_CASE][PASSED] - Test Cases/T13 Pembelian, Shipment dan Pembayaran/PBL-002: Test Cases/T13 Pembelian, Shipment dan Pembayaran/PBL-002

2023-10-05 13:31:07 - [TEST_STEP][PASSED] - data = callTestCase(findTestCase("T13 Pembelian, Shipment dan Pembayaran/PBL-001"), [:], STOP_ON_FAILURE): Call Test Case 'Test Cases/T13 Pembelian, Shipment dan Pembayaran/PBL-001' successfully

2023-10-05 13:31:07 - [TEST_CASE][PASSED] - Test Cases/T13 Pembelian, Shipment dan Pembayaran/PBL-001: Test Cases/T13 Pembelian, Shipment dan Pembayaran/PBL-001

2023-10-05 13:31:07 - [TEST_STEP][PASSED] - callTestCase(findTestCase("T13 Pembelian, Shipment dan Pembayaran/LU-001"), ["username":"irfanafandi", "password":"12345irfan"], STOP_ON_FAILURE): Call Test Case 'Test Cases/T13 Pembelian, Shipment dan Pembayaran/LU-001' successfully

2023-10-05 13:31:07 - [TEST_CASE][PASSED] - Test Cases/T13 Pembelian, Shipment dan Pembayaran/LU-001: Test Cases/T13 Pembelian, Shipment dan Pembayaran/LU-001

2023-10-05 13:31:07 - [TEST_STEP][PASSED] - openBrowser("https://10.9.2.63/ecommerce/"): Browser is opened with url: 'https://10.9.2.63/ecommerce/'

2023-10-05 13:31:07 - [MESSAGE][WARNING] - A browser is already opened. Closing browser and opening a new one

2023-10-05 13:31:08 - [MESSAGE][INFO] - Starting 'Edge Chromium' driver

2023-10-05 13:31:08 - [MESSAGE][INFO] - User set preference: ['acceptInsecureCerts', 'true']

2023-10-05 13:31:10 - [MESSAGE][INFO] - Action delay is set to 0 milliseconds

2023-10-05 13:31:13 - [MESSAGE][PASSED] - Browser is opened with url: 'https://10.9.2.63/ecommerce/'

2023-10-05 13:31:13 - [TEST_STEP][PASSED] - maximizeWindow(): Current window maximized

2023-10-05 13:31:13 - [MESSAGE][PASSED] - Current window maximized

2023-10-05 13:31:13 - [TEST_STEP][PASSED] - verifyElementPresent(findTestObject("Login/Home"), 0): Object 'Object Repository/Login/Home' is present

2023-10-05 13:31:13 - [MESSAGE][WARNING] - Timeout '0' is invalid. Using default page load timeout: '30'

2023-10-05 13:31:14 - [MESSAGE][PASSED] - Object 'Object Repository/Login/Home' is present

2023-10-05 13:31:14 - [TEST_STEP][PASSED] - click(findTestObject("Login/a_Login")): Object: 'Object Repository/Login/a_Login' is clicked on

2023-10-05 13:31:14 - [MESSAGE][PASSED] - Object: 'Object Repository/Login/a_Login' is clicked on

2023-10-05 13:31:14 - [TEST_STEP][PASSED] - verifyElementPresent(findTestObject("Login/Tittle Login"), 0): Object 'Object Repository/Login/Tittle Login' is present

2023-10-05 13:31:15 - [MESSAGE][WARNING] - Timeout '0' is invalid. Using default page load timeout: '30'

2023-10-05 13:31:15 - [MESSAGE][PASSED] - Object 'Object Repository/Login/Tittle Login' is present

2023-10-05 13:31:15 - [TEST_STEP][PASSED] - setText(findTestObject("Login/input_Username, Email atau No. Handphone_a"), username): Text 'irfanafandi' is set on object 'Object Repository/Login/input_Username, Email atau No. Handphone_a'

2023-10-05 13:31:16 - [MESSAGE][PASSED] - Text 'irfanafandi' is set on object 'Object Repository/Login/input_Username, Email atau No. Handphone_a'

2023-10-05 13:31:16 - [TEST_STEP][PASSED] - setText(findTestObject("Login/input_Password_b"), password): Text '12345irfan' is set on object 'Object Repository/Login/input_Password_b'

2023-10-05 13:31:17 - [MESSAGE][PASSED] - Text '12345irfan' is set on object 'Object Repository/Login/input_Password_b'

2023-10-05 13:31:17 - [TEST_STEP][PASSED] - click(findTestObject("Login/label_Ingat saya")): Object: 'Object Repository/Login/label_Ingat saya' is clicked on

2023-10-05 13:31:17 - [MESSAGE][PASSED] - Object: 'Object Repository/Login/label_Ingat saya' is clicked on

2023-10-05 13:31:17 - [TEST_STEP][PASSED] - click(findTestObject("Login/button_Masuk")): Object: 'Object Repository/Login/button_Masuk' is clicked on

2023-10-05 13:31:19 - [MESSAGE][PASSED] - Object: 'Object Repository/Login/button_Masuk' is clicked on

2023-10-05 13:31:19 - [TEST_STEP][PASSED] - verifyElementPresent(findTestObject("Login/li_Profile"), 0): Object 'Object Repository/Login/li_Profile' is present

2023-10-05 13:31:19 - [MESSAGE][WARNING] - Timeout '0' is invalid. Using default page load timeout: '30'

2023-10-05 13:31:19 - [MESSAGE][PASSED] - Object 'Object Repository/Login/li_Profile' is present

2023-10-05 13:31:19 - [MESSAGE][PASSED] - Call Test Case 'Test Cases/T13 Pembelian, Shipment dan Pembayaran/LU-001' successfully

2023-10-05 13:31:19 - [TEST_STEP][PASSED] - mouseOver(findTestObject("beli barang/i_Mulai Belanja_icon-menu")): Object: 'Object Repository/beli barang/i_Mulai Belanja_icon-menu' is hovered

2023-10-05 13:31:20 - [MESSAGE][PASSED] - Object: 'Object Repository/beli barang/i_Mulai Belanja_icon-menu' is hovered

2023-10-05 13:31:20 - [TEST_STEP][PASSED] - click(findTestObject("beli barang/a_Fashion  Busana Wanita")): Object: 'Object Repository/beli barang/a_Fashion  Busana Wanita' is clicked on

2023-10-05 13:31:21 - [MESSAGE][PASSED] - Object: 'Object Repository/beli barang/a_Fashion  Busana Wanita' is clicked on

2023-10-05 13:31:21 - [TEST_STEP][PASSED] - NamaSebelum = getText(findTestObject("verifikasi/Nama sebelum")): Text of object 'Object Repository/verifikasi/Nama sebelum' is: ''

2023-10-05 13:31:22 - [MESSAGE][PASSED] - Text of object 'Object Repository/verifikasi/Nama sebelum' is: ''

2023-10-05 13:31:22 - [TEST_STEP][PASSED] - HargaSebelum = getText(findTestObject("verifikasi/Harga sebelum")): Text of object 'Object Repository/verifikasi/Harga sebelum' is: 'Rp 1,299'

2023-10-05 13:31:22 - [MESSAGE][PASSED] - Text of object 'Object Repository/verifikasi/Harga sebelum' is: 'Rp 1,299'

2023-10-05 13:31:22 - [TEST_STEP][PASSED] - mouseOver(findTestObject("beli barang/barang mouse over")): Object: 'Object Repository/beli barang/barang mouse over' is hovered

2023-10-05 13:31:23 - [MESSAGE][PASSED] - Object: 'Object Repository/beli barang/barang mouse over' is hovered

2023-10-05 13:31:23 - [TEST_STEP][PASSED] - click(findTestObject("beli barang/buttom add to cart")): Object: 'Object Repository/beli barang/buttom add to cart' is clicked on

2023-10-05 13:31:24 - [MESSAGE][PASSED] - Object: 'Object Repository/beli barang/buttom add to cart' is clicked on

2023-10-05 13:31:24 - [TEST_STEP][PASSED] - NamaSesudah = getText(findTestObject("verifikasi/Nama sesudah")): Text of object 'Object Repository/verifikasi/Nama sesudah' is: 'Segitiga Instan Madeira - MDB5.3 Sunset'

2023-10-05 13:31:25 - [MESSAGE][PASSED] - Text of object 'Object Repository/verifikasi/Nama sesudah' is: 'Segitiga Instan Madeira - MDB5.3 Sunset'

2023-10-05 13:31:25 - [TEST_STEP][PASSED] - HargaSesudah = getText(findTestObject("verifikasi/Harga sesudah")): Text of object 'Object Repository/verifikasi/Harga sesudah' is: 'Rp 1,299'

2023-10-05 13:31:25 - [MESSAGE][PASSED] - Text of object 'Object Repository/verifikasi/Harga sesudah' is: 'Rp 1,299'

2023-10-05 13:31:25 - [TEST_STEP][PASSED] - assert NamaSesudah.contains(NamaSebelum): null

2023-10-05 13:31:25 - [TEST_STEP][PASSED] - assert HargaSesudah.contains(HargaSebelum): null

2023-10-05 13:31:25 - [TEST_STEP][PASSED] - click(findTestObject("beli barang/Tambah Keranjang busana wanita")): Object: 'Object Repository/beli barang/Tambah Keranjang busana wanita' is clicked on

2023-10-05 13:31:26 - [MESSAGE][PASSED] - Object: 'Object Repository/beli barang/Tambah Keranjang busana wanita' is clicked on

2023-10-05 13:31:26 - [TEST_STEP][PASSED] - verifyElementPresent(findTestObject("checkout/Notifikasi keranjang"), 1): Object 'Object Repository/checkout/Notifikasi keranjang' is present

2023-10-05 13:31:27 - [MESSAGE][PASSED] - Object 'Object Repository/checkout/Notifikasi keranjang' is present

2023-10-05 13:31:27 - [TEST_STEP][PASSED] - data = new java.util.HashMap(): null

2023-10-05 13:31:27 - [TEST_STEP][PASSED] - data.put("nama_barang", NamaSesudah): null

2023-10-05 13:31:27 - [TEST_STEP][PASSED] - data.put("price_barang", HargaSesudah): null

2023-10-05 13:31:27 - [TEST_STEP][PASSED] - return data: null

2023-10-05 13:31:27 - [MESSAGE][PASSED] - Call Test Case 'Test Cases/T13 Pembelian, Shipment dan Pembayaran/PBL-001' successfully

2023-10-05 13:31:27 - [TEST_STEP][PASSED] - mouseOver(findTestObject("beli barang/keranjang")): Object: 'Object Repository/beli barang/keranjang' is hovered

2023-10-05 13:31:27 - [MESSAGE][PASSED] - Object: 'Object Repository/beli barang/keranjang' is hovered

2023-10-05 13:31:27 - [TEST_STEP][PASSED] - click(findTestObject("beli barang/Lihat Sekarang")): Object: 'Object Repository/beli barang/Lihat Sekarang' is clicked on

2023-10-05 13:31:28 - [MESSAGE][PASSED] - Object: 'Object Repository/beli barang/Lihat Sekarang' is clicked on

2023-10-05 13:31:28 - [TEST_STEP][PASSED] - verifyElementPresent(findTestObject("keranjang/li_Keranjang Belanja"), 0): Object 'Object Repository/keranjang/li_Keranjang Belanja' is present

2023-10-05 13:31:28 - [MESSAGE][WARNING] - Timeout '0' is invalid. Using default page load timeout: '30'

2023-10-05 13:31:30 - [MESSAGE][PASSED] - Object 'Object Repository/keranjang/li_Keranjang Belanja' is present

2023-10-05 13:31:30 - [TEST_STEP][PASSED] - NamaKeranjang = getText(findTestObject("verifikasi/Nama keranjang")): Text of object 'Object Repository/verifikasi/Nama keranjang' is: 'Segitiga Instan Madeira - MDB5.3 Sunset'

2023-10-05 13:31:30 - [MESSAGE][PASSED] - Text of object 'Object Repository/verifikasi/Nama keranjang' is: 'Segitiga Instan Madeira - MDB5.3 Sunset'

2023-10-05 13:31:30 - [TEST_STEP][PASSED] - HargaKeranjang = getText(findTestObject("verifikasi/Harga Keranjang")): Text of object 'Object Repository/verifikasi/Harga Keranjang' is: 'Rp 1,299'

2023-10-05 13:31:30 - [MESSAGE][PASSED] - Text of object 'Object Repository/verifikasi/Harga Keranjang' is: 'Rp 1,299'

2023-10-05 13:31:30 - [TEST_STEP][PASSED] - if (toString().equalsIgnoreCase("Merah")): Object 'Object Repository/keranjang/input_Warna_variasi101' is checked

2023-10-05 13:31:30 - [TEST_STEP][PASSED] - check(findTestObject("Object Repository/keranjang/input_Warna_variasi101")): Object 'Object Repository/keranjang/input_Warna_variasi101' is checked

2023-10-05 13:31:31 - [MESSAGE][PASSED] - Object 'Object Repository/keranjang/input_Warna_variasi101' is checked

2023-10-05 13:31:31 - [TEST_STEP][PASSED] - if (toString().equalsIgnoreCase("Menengah")): Object 'Object Repository/keranjang/input_Ukuran_variasi201' is checked

2023-10-05 13:31:31 - [TEST_STEP][PASSED] - check(findTestObject("Object Repository/keranjang/input_Ukuran_variasi201")): Object 'Object Repository/keranjang/input_Ukuran_variasi201' is checked

2023-10-05 13:31:31 - [MESSAGE][PASSED] - Object 'Object Repository/keranjang/input_Ukuran_variasi201' is checked

2023-10-05 13:31:31 - [TEST_STEP][PASSED] - data.put("Warna", warna): null

2023-10-05 13:31:31 - [TEST_STEP][PASSED] - data.put("Ukuran", ukuran): null

2023-10-05 13:31:31 - [TEST_STEP][PASSED] - click(findTestObject("keranjang/button_Lanjut ke Pembayaran")): Object: 'Object Repository/keranjang/button_Lanjut ke Pembayaran' is clicked on

2023-10-05 13:31:33 - [MESSAGE][PASSED] - Object: 'Object Repository/keranjang/button_Lanjut ke Pembayaran' is clicked on

2023-10-05 13:31:33 - [TEST_STEP][PASSED] - verifyElementPresent(findTestObject("checkout/Tittle Checkout Order"), 0): Object 'Object Repository/checkout/Tittle Checkout Order' is present

2023-10-05 13:31:33 - [MESSAGE][WARNING] - Timeout '0' is invalid. Using default page load timeout: '30'

2023-10-05 13:31:33 - [MESSAGE][PASSED] - Object 'Object Repository/checkout/Tittle Checkout Order' is present

2023-10-05 13:31:33 - [TEST_STEP][PASSED] - name_product = data.get("nama_barang"): null

2023-10-05 13:31:33 - [TEST_STEP][PASSED] - price_product = data.get("price_barang"): null

2023-10-05 13:31:33 - [TEST_STEP][PASSED] - assert name_product == NamaKeranjang: null

2023-10-05 13:31:33 - [TEST_STEP][PASSED] - assert price_product == HargaKeranjang: null

2023-10-05 13:31:33 - [TEST_STEP][PASSED] - return data: null

2023-10-05 13:31:33 - [MESSAGE][PASSED] - Call Test Case 'Test Cases/T13 Pembelian, Shipment dan Pembayaran/PBL-002' successfully

2023-10-05 13:31:33 - [TEST_STEP][PASSED] - warnaa = getText(findTestObject("verifikasi/warna Merah")): Text of object 'Object Repository/verifikasi/warna Merah' is: 'Merah'

2023-10-05 13:31:34 - [MESSAGE][PASSED] - Text of object 'Object Repository/verifikasi/warna Merah' is: 'Merah'

2023-10-05 13:31:34 - [TEST_STEP][PASSED] - ukurann = getText(findTestObject("verifikasi/Ukuran Menengah")): Text of object 'Object Repository/verifikasi/Ukuran Menengah' is: 'Menengah'

2023-10-05 13:31:34 - [MESSAGE][PASSED] - Text of object 'Object Repository/verifikasi/Ukuran Menengah' is: 'Menengah'

2023-10-05 13:31:34 - [TEST_STEP][PASSED] - warna1 = data.get("Warna"): null

2023-10-05 13:31:34 - [TEST_STEP][PASSED] - ukuran1 = data.get("Ukuran"): null

2023-10-05 13:31:34 - [TEST_STEP][PASSED] - assert warnaa == warna1: null

2023-10-05 13:31:34 - [TEST_STEP][PASSED] - assert ukurann == ukuran1: null

2023-10-05 13:31:34 - [TEST_STEP][PASSED] - NamaCheckout = getText(findTestObject("verifikasi/NamaCheckout")): Text of object 'Object Repository/verifikasi/NamaCheckout' is: ''

2023-10-05 13:31:35 - [MESSAGE][PASSED] - Text of object 'Object Repository/verifikasi/NamaCheckout' is: ''

2023-10-05 13:31:35 - [TEST_STEP][PASSED] - HargaCheckout = getText(findTestObject("verifikasi/HargaCheckout")): Text of object 'Object Repository/verifikasi/HargaCheckout' is: '1,299'

2023-10-05 13:31:35 - [MESSAGE][PASSED] - Text of object 'Object Repository/verifikasi/HargaCheckout' is: '1,299'

2023-10-05 13:31:35 - [TEST_STEP][PASSED] - name_product = data.get("nama_barang"): null

2023-10-05 13:31:35 - [TEST_STEP][PASSED] - price_product = data.get("price_barang"): null

2023-10-05 13:31:35 - [TEST_STEP][PASSED] - assert name_product.contains(NamaCheckout): null

2023-10-05 13:31:35 - [TEST_STEP][PASSED] - assert price_product.contains(HargaCheckout): null

2023-10-05 13:31:35 - [TEST_STEP][PASSED] - selectOptionByLabel(findTestObject("checkout/select - Kirim via Kurir Lokal"), Kurir, false): All options with label 'Roda 2' are selected in object 'Object Repository/checkout/select - Kirim via Kurir Lokal' 

2023-10-05 13:31:36 - [MESSAGE][PASSED] - All options with label 'Roda 2' are selected in object 'Object Repository/checkout/select - Kirim via Kurir Lokal' 

2023-10-05 13:31:36 - [TEST_STEP][PASSED] - click(findTestObject("checkout/Kendaraan Kurir")): Object: 'Object Repository/checkout/Kendaraan Kurir' is clicked on

2023-10-05 13:31:37 - [MESSAGE][PASSED] - Object: 'Object Repository/checkout/Kendaraan Kurir' is clicked on

2023-10-05 13:31:37 - [TEST_STEP][PASSED] - OngkosKirim = getText(findTestObject("Object Repository/verifikasi/Ongkos Kirim checkout")): Text of object 'Object Repository/verifikasi/Ongkos Kirim checkout' is: 'Rp. 5,000'

2023-10-05 13:31:37 - [MESSAGE][PASSED] - Text of object 'Object Repository/verifikasi/Ongkos Kirim checkout' is: 'Rp. 5,000'

2023-10-05 13:31:37 - [TEST_STEP][PASSED] - Ongkos = OngkosKirim.substring(3, OngkosKirim.size()): null

2023-10-05 13:31:37 - [TEST_STEP][PASSED] - rep = Ongkos.replace(",", "."): null

2023-10-05 13:31:37 - [TEST_STEP][PASSED] - Ongkos_kirim = Double.parseDouble(rep): null

2023-10-05 13:31:37 - [TEST_STEP][PASSED] - println(Ongkos_kirim): null

2023-10-05 13:31:37 - [TEST_STEP][PASSED] - FeeAdmin = getText(findTestObject("verifikasi/Fee Admin checkout")): Text of object 'Object Repository/verifikasi/Fee Admin checkout' is: 'Fee Admin
Rp 1,500'

2023-10-05 13:31:37 - [MESSAGE][PASSED] - Text of object 'Object Repository/verifikasi/Fee Admin checkout' is: 'Fee Admin
Rp 1,500'

2023-10-05 13:31:37 - [TEST_STEP][PASSED] - Fee_Admin = FeeAdmin.substring(12, FeeAdmin.size()): null

2023-10-05 13:31:37 - [TEST_STEP][PASSED] - fee = Fee_Admin.replace(",", "."): null

2023-10-05 13:31:37 - [TEST_STEP][PASSED] - fee_admin = Double.parseDouble(fee): null

2023-10-05 13:31:37 - [TEST_STEP][PASSED] - println(fee_admin): null

2023-10-05 13:31:37 - [TEST_STEP][PASSED] - Subtotal = getText(findTestObject("verifikasi/subtotal checkout")): Text of object 'Object Repository/verifikasi/subtotal checkout' is: 'Subtotal
Rp 1,299'

2023-10-05 13:31:38 - [MESSAGE][PASSED] - Text of object 'Object Repository/verifikasi/subtotal checkout' is: 'Subtotal
Rp 1,299'

2023-10-05 13:31:38 - [TEST_STEP][PASSED] - sub_total = Subtotal.substring(12, Subtotal.size()): null

2023-10-05 13:31:38 - [TEST_STEP][PASSED] - sub = sub_total.replace(",", "."): null

2023-10-05 13:31:38 - [TEST_STEP][PASSED] - sub_total = Double.parseDouble(sub): null

2023-10-05 13:31:38 - [TEST_STEP][PASSED] - println(sub_total): null

2023-10-05 13:31:38 - [TEST_STEP][PASSED] - Total = getText(findTestObject("verifikasi/Total checkout")): Text of object 'Object Repository/verifikasi/Total checkout' is: 'Rp 7,799'

2023-10-05 13:31:39 - [MESSAGE][PASSED] - Text of object 'Object Repository/verifikasi/Total checkout' is: 'Rp 7,799'

2023-10-05 13:31:39 - [TEST_STEP][PASSED] - totall = Total.substring(3, Total.size()): null

2023-10-05 13:31:39 - [TEST_STEP][PASSED] - total = totall.replace(",", "."): null

2023-10-05 13:31:39 - [TEST_STEP][PASSED] - totall = Double.parseDouble(total): null

2023-10-05 13:31:39 - [TEST_STEP][PASSED] - println(totall): null

2023-10-05 13:31:39 - [TEST_STEP][PASSED] - Total_Harga = Ongkos_kirim + fee_admin + sub_total: null

2023-10-05 13:31:39 - [TEST_STEP][PASSED] - println(Total_Harga): null

2023-10-05 13:31:39 - [TEST_STEP][PASSED] - TotalHarga = Math.round(Total_Harga * 1000) / 1000: null

2023-10-05 13:31:39 - [TEST_STEP][PASSED] - println(TotalHarga): null

2023-10-05 13:31:39 - [TEST_STEP][PASSED] - assert totall == TotalHarga: null

2023-10-05 13:31:39 - [TEST_STEP][PASSED] - click(findTestObject("verifikasi/Metode Transfer")): Object: 'Object Repository/verifikasi/Metode Transfer' is clicked on

2023-10-05 13:31:39 - [MESSAGE][PASSED] - Object: 'Object Repository/verifikasi/Metode Transfer' is clicked on

2023-10-05 13:31:39 - [TEST_STEP][PASSED] - click(findTestObject("checkout/button_Proses Pembayaran")): Object: 'Object Repository/checkout/button_Proses Pembayaran' is clicked on

2023-10-05 13:31:48 - [MESSAGE][PASSED] - Object: 'Object Repository/checkout/button_Proses Pembayaran' is clicked on

2023-10-05 13:31:48 - [TEST_STEP][PASSED] - verifyElementPresent(findTestObject("pembayaran/Tittle nomor invoice"), 0): Object 'Object Repository/pembayaran/Tittle nomor invoice' is present

2023-10-05 13:31:48 - [MESSAGE][WARNING] - Timeout '0' is invalid. Using default page load timeout: '30'

2023-10-05 13:31:48 - [MESSAGE][PASSED] - Object 'Object Repository/pembayaran/Tittle nomor invoice' is present

2023-10-05 13:31:48 - [TEST_STEP][PASSED] - return data: null

2023-10-05 13:31:48 - [MESSAGE][PASSED] - Call Test Case 'Test Cases/T13 Pembelian, Shipment dan Pembayaran/PBL-004' successfully

2023-10-05 13:31:48 - [TEST_STEP][PASSED] - Invoice = getText(findTestObject("pembayaran/nomor invoice")): Text of object 'Object Repository/pembayaran/nomor invoice' is: 'TRX60.20231005133143'

2023-10-05 13:31:49 - [MESSAGE][PASSED] - Text of object 'Object Repository/pembayaran/nomor invoice' is: 'TRX60.20231005133143'

2023-10-05 13:31:49 - [TEST_STEP][PASSED] - data.put("invoice", Invoice): null

2023-10-05 13:31:49 - [TEST_STEP][PASSED] - NamaPemesan = getText(findTestObject("Konfirmasi pesanan shop/Nama pemesan")): Text of object 'Object Repository/Konfirmasi pesanan shop/Nama pemesan' is: 'irfan.afandi'

2023-10-05 13:31:49 - [MESSAGE][PASSED] - Text of object 'Object Repository/Konfirmasi pesanan shop/Nama pemesan' is: 'irfan.afandi'

2023-10-05 13:31:49 - [TEST_STEP][PASSED] - Nama = getText(findTestObject("pembayaran/Nama barang")): Text of object 'Object Repository/pembayaran/Nama barang' is: 'Segitiga Instan Madeira - MDB5.3 Sunset'

2023-10-05 13:31:50 - [MESSAGE][PASSED] - Text of object 'Object Repository/pembayaran/Nama barang' is: 'Segitiga Instan Madeira - MDB5.3 Sunset'

2023-10-05 13:31:50 - [TEST_STEP][PASSED] - Harga = getText(findTestObject("pembayaran/Harga barang")): Text of object 'Object Repository/pembayaran/Harga barang' is: '1,299'

2023-10-05 13:31:51 - [MESSAGE][PASSED] - Text of object 'Object Repository/pembayaran/Harga barang' is: '1,299'

2023-10-05 13:31:51 - [TEST_STEP][PASSED] - name_product = data.get("nama_barang"): null

2023-10-05 13:31:51 - [TEST_STEP][PASSED] - price_product = data.get("price_barang"): null

2023-10-05 13:31:51 - [TEST_STEP][PASSED] - assert name_product.contains(Nama): null

2023-10-05 13:31:51 - [TEST_STEP][PASSED] - assert price_product.contains(Harga): null

2023-10-05 13:31:51 - [TEST_STEP][PASSED] - warnaa = getText(findTestObject("pembayaran/warna")): Text of object 'Object Repository/pembayaran/warna' is: 'Merah'

2023-10-05 13:31:51 - [MESSAGE][PASSED] - Text of object 'Object Repository/pembayaran/warna' is: 'Merah'

2023-10-05 13:31:51 - [TEST_STEP][PASSED] - ukurann = getText(findTestObject("pembayaran/ukuran")): Text of object 'Object Repository/pembayaran/ukuran' is: 'Menengah'

2023-10-05 13:31:52 - [MESSAGE][PASSED] - Text of object 'Object Repository/pembayaran/ukuran' is: 'Menengah'

2023-10-05 13:31:52 - [TEST_STEP][PASSED] - warna1 = data.get("Warna"): null

2023-10-05 13:31:52 - [TEST_STEP][PASSED] - ukuran1 = data.get("Ukuran"): null

2023-10-05 13:31:52 - [TEST_STEP][PASSED] - assert warnaa == warna1: null

2023-10-05 13:31:52 - [TEST_STEP][PASSED] - assert ukurann == ukuran1: null

2023-10-05 13:31:52 - [TEST_STEP][PASSED] - statusPembelian = getText(findTestObject("verifikasi/Status pending di pembelian")): Text of object 'Object Repository/verifikasi/Status pending di pembelian' is: 'Pending'

2023-10-05 13:31:52 - [MESSAGE][PASSED] - Text of object 'Object Repository/verifikasi/Status pending di pembelian' is: 'Pending'

2023-10-05 13:31:52 - [TEST_STEP][PASSED] - data.put("statusPem", statusPembelian): null

2023-10-05 13:31:52 - [TEST_STEP][PASSED] - OngkosKirim = getText(findTestObject("pembayaran/ongkos kirim")): Text of object 'Object Repository/pembayaran/ongkos kirim' is: 'Rp 5,000'

2023-10-05 13:31:52 - [MESSAGE][PASSED] - Text of object 'Object Repository/pembayaran/ongkos kirim' is: 'Rp 5,000'

2023-10-05 13:31:53 - [TEST_STEP][PASSED] - Ongkos = OngkosKirim.substring(3, OngkosKirim.size()): null

2023-10-05 13:31:53 - [TEST_STEP][PASSED] - rep = Ongkos.replace(",", ""): null

2023-10-05 13:31:53 - [TEST_STEP][PASSED] - Ongkos_kirimm = Integer.parseInt(rep): null

2023-10-05 13:31:53 - [TEST_STEP][PASSED] - println(Ongkos_kirimm): null

2023-10-05 13:31:53 - [TEST_STEP][PASSED] - FeeAdmin = getText(findTestObject("pembayaran/fee admin")): Text of object 'Object Repository/pembayaran/fee admin' is: 'Rp 1,500'

2023-10-05 13:31:53 - [MESSAGE][PASSED] - Text of object 'Object Repository/pembayaran/fee admin' is: 'Rp 1,500'

2023-10-05 13:31:53 - [TEST_STEP][PASSED] - Fee_Admin = FeeAdmin.substring(3, FeeAdmin.size()): null

2023-10-05 13:31:53 - [TEST_STEP][PASSED] - fee = Fee_Admin.replace(",", ""): null

2023-10-05 13:31:53 - [TEST_STEP][PASSED] - fee_adminn = Integer.parseInt(fee): null

2023-10-05 13:31:53 - [TEST_STEP][PASSED] - println(fee_adminn): null

2023-10-05 13:31:53 - [TEST_STEP][PASSED] - Subtotal = getText(findTestObject("pembayaran/subtotal")): Text of object 'Object Repository/pembayaran/subtotal' is: 'Rp 1,299'

2023-10-05 13:31:53 - [MESSAGE][PASSED] - Text of object 'Object Repository/pembayaran/subtotal' is: 'Rp 1,299'

2023-10-05 13:31:53 - [TEST_STEP][PASSED] - sub_total = Subtotal.substring(3, Subtotal.size()): null

2023-10-05 13:31:53 - [TEST_STEP][PASSED] - sub = sub_total.replace(",", ""): null

2023-10-05 13:31:53 - [TEST_STEP][PASSED] - sub_totall = Integer.parseInt(sub): null

2023-10-05 13:31:53 - [TEST_STEP][PASSED] - println(sub_totall): null

2023-10-05 13:31:53 - [TEST_STEP][PASSED] - unik = getText(findTestObject("pembayaran/kode unik")): Text of object 'Object Repository/pembayaran/kode unik' is: '+143'

2023-10-05 13:31:54 - [MESSAGE][PASSED] - Text of object 'Object Repository/pembayaran/kode unik' is: '+143'

2023-10-05 13:31:54 - [TEST_STEP][PASSED] - unikk = unik.replace("+", ""): null

2023-10-05 13:31:54 - [TEST_STEP][PASSED] - kode_unik = Integer.parseInt(unikk): null

2023-10-05 13:31:54 - [TEST_STEP][PASSED] - println(kode_unik): null

2023-10-05 13:31:54 - [TEST_STEP][PASSED] - Total = getText(findTestObject("pembayaran/total")): Text of object 'Object Repository/pembayaran/total' is: '7,942'

2023-10-05 13:31:55 - [MESSAGE][PASSED] - Text of object 'Object Repository/pembayaran/total' is: '7,942'

2023-10-05 13:31:55 - [TEST_STEP][PASSED] - total = Total.replace(",", ""): null

2023-10-05 13:31:55 - [TEST_STEP][PASSED] - totalll = Integer.parseInt(total): null

2023-10-05 13:31:55 - [TEST_STEP][PASSED] - println(totalll): null

2023-10-05 13:31:55 - [TEST_STEP][PASSED] - Total_Hargaa = Ongkos_kirimm + fee_adminn + sub_totall + kode_unik: null

2023-10-05 13:31:55 - [TEST_STEP][PASSED] - println(Total_Hargaa): null

2023-10-05 13:31:55 - [TEST_STEP][PASSED] - assert totalll == Total_Hargaa: null

2023-10-05 13:31:55 - [TEST_STEP][PASSED] - data.put("total", Total): null

2023-10-05 13:31:55 - [TEST_STEP][PASSED] - data.put("nama", NamaPemesan): null

2023-10-05 13:31:55 - [TEST_STEP][PASSED] - return data: null

2023-10-05 13:31:55 - [MESSAGE][PASSED] - Call Test Case 'Test Cases/T13 Pembelian, Shipment dan Pembayaran/PBY-001' successfully

2023-10-05 13:31:55 - [TEST_STEP][PASSED] - inv = data.get("invoice"): null

2023-10-05 13:31:55 - [TEST_STEP][PASSED] - Total = data.get("total"): null

2023-10-05 13:31:55 - [TEST_STEP][PASSED] - NamaPemesan = data.get("nama"): null

2023-10-05 13:31:55 - [TEST_STEP][PASSED] - click(findTestObject("Konfirmasi pesanan shop/Menu Shop")): Object: 'Object Repository/Konfirmasi pesanan shop/Menu Shop' is clicked on

2023-10-05 13:31:56 - [MESSAGE][PASSED] - Object: 'Object Repository/Konfirmasi pesanan shop/Menu Shop' is clicked on

2023-10-05 13:31:56 - [TEST_STEP][PASSED] - click(findTestObject("Konfirmasi pesanan shop/Menu Shop")): Object: 'Object Repository/Konfirmasi pesanan shop/Menu Shop' is clicked on

2023-10-05 13:31:57 - [MESSAGE][PASSED] - Object: 'Object Repository/Konfirmasi pesanan shop/Menu Shop' is clicked on

2023-10-05 13:31:57 - [TEST_STEP][PASSED] - click(findTestObject("Konfirmasi pesanan shop/Konfirmasi Orders")): Object: 'Object Repository/Konfirmasi pesanan shop/Konfirmasi Orders' is clicked on

2023-10-05 13:31:58 - [MESSAGE][PASSED] - Object: 'Object Repository/Konfirmasi pesanan shop/Konfirmasi Orders' is clicked on

2023-10-05 13:31:58 - [TEST_STEP][PASSED] - verifyElementPresent(findTestObject("Konfirmasi pesanan shop/Tittle Konfirmasi Pesanan"), 0): Object 'Object Repository/Konfirmasi pesanan shop/Tittle Konfirmasi Pesanan' is present

2023-10-05 13:31:58 - [MESSAGE][WARNING] - Timeout '0' is invalid. Using default page load timeout: '30'

2023-10-05 13:31:58 - [MESSAGE][PASSED] - Object 'Object Repository/Konfirmasi pesanan shop/Tittle Konfirmasi Pesanan' is present

2023-10-05 13:31:58 - [TEST_STEP][PASSED] - setText(findTestObject("Konfirmasi pesanan shop/input_No Pesanan"), inv): Text 'TRX60.20231005133143' is set on object 'Object Repository/Konfirmasi pesanan shop/input_No Pesanan'

2023-10-05 13:31:59 - [MESSAGE][PASSED] - Text 'TRX60.20231005133143' is set on object 'Object Repository/Konfirmasi pesanan shop/input_No Pesanan'

2023-10-05 13:31:59 - [TEST_STEP][PASSED] - setText(findTestObject("Konfirmasi pesanan shop/input_Alamat E-mai"), "irfan@gmail.com"): Text 'irfan@gmail.com' is set on object 'Object Repository/Konfirmasi pesanan shop/input_Alamat E-mai'

2023-10-05 13:32:00 - [MESSAGE][PASSED] - Text 'irfan@gmail.com' is set on object 'Object Repository/Konfirmasi pesanan shop/input_Alamat E-mai'

2023-10-05 13:32:00 - [TEST_STEP][PASSED] - click(findTestObject("Konfirmasi pesanan shop/button_Submit")): Object: 'Object Repository/Konfirmasi pesanan shop/button_Submit' is clicked on

2023-10-05 13:32:01 - [MESSAGE][PASSED] - Object: 'Object Repository/Konfirmasi pesanan shop/button_Submit' is clicked on

2023-10-05 13:32:01 - [TEST_STEP][PASSED] - verifyElementPresent(findTestObject("Konfirmasi pesanan shop/Tittle nomor invoice"), 0): Object 'Object Repository/Konfirmasi pesanan shop/Tittle nomor invoice' is present

2023-10-05 13:32:01 - [MESSAGE][WARNING] - Timeout '0' is invalid. Using default page load timeout: '30'

2023-10-05 13:32:02 - [MESSAGE][PASSED] - Object 'Object Repository/Konfirmasi pesanan shop/Tittle nomor invoice' is present

2023-10-05 13:32:02 - [TEST_STEP][PASSED] - setText(findTestObject("Konfirmasi pesanan shop/input_Total TagihanTransfer_b"), Total): Text '7,942' is set on object 'Object Repository/Konfirmasi pesanan shop/input_Total TagihanTransfer_b'

2023-10-05 13:32:03 - [MESSAGE][PASSED] - Text '7,942' is set on object 'Object Repository/Konfirmasi pesanan shop/input_Total TagihanTransfer_b'

2023-10-05 13:32:03 - [TEST_STEP][PASSED] - selectOptionByValue(findTestObject("Konfirmasi pesanan shop/select_Bank"), "4", false): All options with value '4' are selected in object 'Object Repository/Konfirmasi pesanan shop/select_Bank' 

2023-10-05 13:32:04 - [MESSAGE][PASSED] - All options with value '4' are selected in object 'Object Repository/Konfirmasi pesanan shop/select_Bank' 

2023-10-05 13:32:04 - [TEST_STEP][PASSED] - setText(findTestObject("Konfirmasi pesanan shop/input_Nama Pengirim_d"), NamaPemesan): Text 'irfan.afandi' is set on object 'Object Repository/Konfirmasi pesanan shop/input_Nama Pengirim_d'

2023-10-05 13:32:05 - [MESSAGE][PASSED] - Text 'irfan.afandi' is set on object 'Object Repository/Konfirmasi pesanan shop/input_Nama Pengirim_d'

2023-10-05 13:32:05 - [TEST_STEP][PASSED] - uploadFile(findTestObject("keranjang/konfirmasi/input_Upload Bukti Transfer_f"), "C:\Users\IRFAN\Videos\katalon\video.mp4"): File 'C:\Users\IRFAN\Videos\katalon\video.mp4' sent to object: 'Object Repository/keranjang/konfirmasi/input_Upload Bukti Transfer_f'

2023-10-05 13:32:05 - [MESSAGE][PASSED] - File 'C:\Users\IRFAN\Videos\katalon\video.mp4' sent to object: 'Object Repository/keranjang/konfirmasi/input_Upload Bukti Transfer_f'

2023-10-05 13:32:05 - [TEST_STEP][PASSED] - click(findTestObject("Konfirmasi pesanan shop/button_Konfirmasi Pembayaran")): Object: 'Object Repository/Konfirmasi pesanan shop/button_Konfirmasi Pembayaran' is clicked on

2023-10-05 13:32:08 - [MESSAGE][PASSED] - Object: 'Object Repository/Konfirmasi pesanan shop/button_Konfirmasi Pembayaran' is clicked on

2023-10-05 13:32:08 - [TEST_STEP][FAILED] - verifyTextPresent("Please upload an valid file.", false): Unable to verify text 'Please upload an valid file.' is present  (Root cause: com.kms.katalon.core.exception.StepFailedException: Unable to verify text 'Please upload an valid file.' is present 
	at com.kms.katalon.core.webui.keyword.internal.WebUIKeywordMain.stepFailed(WebUIKeywordMain.groovy:64)
	at com.kms.katalon.core.webui.keyword.internal.WebUIKeywordMain.runKeyword(WebUIKeywordMain.groovy:26)
	at com.kms.katalon.core.webui.keyword.builtin.VerifyTextPresentKeyword.verifyTextPresent(VerifyTextPresentKeyword.groovy:83)
	at com.kms.katalon.core.webui.keyword.builtin.VerifyTextPresentKeyword.execute(VerifyTextPresentKeyword.groovy:68)
	at com.kms.katalon.core.keyword.internal.KeywordExecutor.executeKeywordForPlatform(KeywordExecutor.groovy:74)
	at com.kms.katalon.core.webui.keyword.WebUiBuiltInKeywords.verifyTextPresent(WebUiBuiltInKeywords.groovy:1723)
	at com.kms.katalon.core.webui.keyword.WebUiBuiltInKeywords$verifyTextPresent$7.call(Unknown Source)
	at PBY-010.run(PBY-010:54)
	at com.kms.katalon.core.main.ScriptEngine.run(ScriptEngine.java:194)
	at com.kms.katalon.core.main.ScriptEngine.runScriptAsRawText(ScriptEngine.java:119)
	at com.kms.katalon.core.main.TestCaseExecutor.runScript(TestCaseExecutor.java:448)
	at com.kms.katalon.core.main.TestCaseExecutor.doExecute(TestCaseExecutor.java:439)
	at com.kms.katalon.core.main.TestCaseExecutor.processExecutionPhase(TestCaseExecutor.java:418)
	at com.kms.katalon.core.main.TestCaseExecutor.accessMainPhase(TestCaseExecutor.java:410)
	at com.kms.katalon.core.main.TestCaseExecutor.execute(TestCaseExecutor.java:285)
	at com.kms.katalon.core.common.CommonExecutor.accessTestCaseMainPhase(CommonExecutor.java:65)
	at com.kms.katalon.core.main.TestSuiteExecutor.accessTestSuiteMainPhase(TestSuiteExecutor.java:148)
	at com.kms.katalon.core.main.TestSuiteExecutor.execute(TestSuiteExecutor.java:106)
	at com.kms.katalon.core.main.TestCaseMain.startTestSuite(TestCaseMain.java:187)
	at com.kms.katalon.core.main.TestCaseMain$startTestSuite$0.call(Unknown Source)
	at TempTestSuite1696486556660.run(TempTestSuite1696486556660.groovy:36)
Caused by: com.kms.katalon.core.exception.StepFailedException: Text 'Please upload an valid file.' is not present on page 
	at com.kms.katalon.core.webui.keyword.internal.WebUIKeywordMain.stepFailed(WebUIKeywordMain.groovy:64)
	at com.kms.katalon.core.webui.keyword.builtin.VerifyTextPresentKeyword$_verifyTextPresent_closure1.doCall(VerifyTextPresentKeyword.groovy:79)
	at com.kms.katalon.core.webui.keyword.builtin.VerifyTextPresentKeyword$_verifyTextPresent_closure1.call(VerifyTextPresentKeyword.groovy)
	at com.kms.katalon.core.webui.keyword.internal.WebUIKeywordMain.runKeyword(WebUIKeywordMain.groovy:20)
	... 19 more
)

2023-10-05 13:32:09 - [MESSAGE][FAILED] - Text 'Please upload an valid file.' is not present on page  (Root cause: com.kms.katalon.core.exception.StepFailedException: Text 'Please upload an valid file.' is not present on page 
	at com.kms.katalon.core.webui.keyword.internal.WebUIKeywordMain.stepFailed(WebUIKeywordMain.groovy:64)
	at com.kms.katalon.core.webui.keyword.builtin.VerifyTextPresentKeyword$_verifyTextPresent_closure1.doCall(VerifyTextPresentKeyword.groovy:79)
	at com.kms.katalon.core.webui.keyword.builtin.VerifyTextPresentKeyword$_verifyTextPresent_closure1.call(VerifyTextPresentKeyword.groovy)
	at com.kms.katalon.core.webui.keyword.internal.WebUIKeywordMain.runKeyword(WebUIKeywordMain.groovy:20)
	at com.kms.katalon.core.webui.keyword.builtin.VerifyTextPresentKeyword.verifyTextPresent(VerifyTextPresentKeyword.groovy:83)
	at com.kms.katalon.core.webui.keyword.builtin.VerifyTextPresentKeyword.execute(VerifyTextPresentKeyword.groovy:68)
	at com.kms.katalon.core.keyword.internal.KeywordExecutor.executeKeywordForPlatform(KeywordExecutor.groovy:74)
	at com.kms.katalon.core.webui.keyword.WebUiBuiltInKeywords.verifyTextPresent(WebUiBuiltInKeywords.groovy:1723)
	at com.kms.katalon.core.webui.keyword.WebUiBuiltInKeywords$verifyTextPresent$7.call(Unknown Source)
	at PBY-010.run(PBY-010:54)
	at com.kms.katalon.core.main.ScriptEngine.run(ScriptEngine.java:194)
	at com.kms.katalon.core.main.ScriptEngine.runScriptAsRawText(ScriptEngine.java:119)
	at com.kms.katalon.core.main.TestCaseExecutor.runScript(TestCaseExecutor.java:448)
	at com.kms.katalon.core.main.TestCaseExecutor.doExecute(TestCaseExecutor.java:439)
	at com.kms.katalon.core.main.TestCaseExecutor.processExecutionPhase(TestCaseExecutor.java:418)
	at com.kms.katalon.core.main.TestCaseExecutor.accessMainPhase(TestCaseExecutor.java:410)
	at com.kms.katalon.core.main.TestCaseExecutor.execute(TestCaseExecutor.java:285)
	at com.kms.katalon.core.common.CommonExecutor.accessTestCaseMainPhase(CommonExecutor.java:65)
	at com.kms.katalon.core.main.TestSuiteExecutor.accessTestSuiteMainPhase(TestSuiteExecutor.java:148)
	at com.kms.katalon.core.main.TestSuiteExecutor.execute(TestSuiteExecutor.java:106)
	at com.kms.katalon.core.main.TestCaseMain.startTestSuite(TestCaseMain.java:187)
	at com.kms.katalon.core.main.TestCaseMain$startTestSuite$0.call(Unknown Source)
	at TempTestSuite1696486556660.run(TempTestSuite1696486556660.groovy:36)
)

2023-10-05 13:32:09 - [MESSAGE][FAILED] - Unable to verify text 'Please upload an valid file.' is present  (Root cause: com.kms.katalon.core.exception.StepFailedException: Unable to verify text 'Please upload an valid file.' is present 
	at com.kms.katalon.core.webui.keyword.internal.WebUIKeywordMain.stepFailed(WebUIKeywordMain.groovy:64)
	at com.kms.katalon.core.webui.keyword.internal.WebUIKeywordMain.runKeyword(WebUIKeywordMain.groovy:26)
	at com.kms.katalon.core.webui.keyword.builtin.VerifyTextPresentKeyword.verifyTextPresent(VerifyTextPresentKeyword.groovy:83)
	at com.kms.katalon.core.webui.keyword.builtin.VerifyTextPresentKeyword.execute(VerifyTextPresentKeyword.groovy:68)
	at com.kms.katalon.core.keyword.internal.KeywordExecutor.executeKeywordForPlatform(KeywordExecutor.groovy:74)
	at com.kms.katalon.core.webui.keyword.WebUiBuiltInKeywords.verifyTextPresent(WebUiBuiltInKeywords.groovy:1723)
	at com.kms.katalon.core.webui.keyword.WebUiBuiltInKeywords$verifyTextPresent$7.call(Unknown Source)
	at PBY-010.run(PBY-010:54)
	at com.kms.katalon.core.main.ScriptEngine.run(ScriptEngine.java:194)
	at com.kms.katalon.core.main.ScriptEngine.runScriptAsRawText(ScriptEngine.java:119)
	at com.kms.katalon.core.main.TestCaseExecutor.runScript(TestCaseExecutor.java:448)
	at com.kms.katalon.core.main.TestCaseExecutor.doExecute(TestCaseExecutor.java:439)
	at com.kms.katalon.core.main.TestCaseExecutor.processExecutionPhase(TestCaseExecutor.java:418)
	at com.kms.katalon.core.main.TestCaseExecutor.accessMainPhase(TestCaseExecutor.java:410)
	at com.kms.katalon.core.main.TestCaseExecutor.execute(TestCaseExecutor.java:285)
	at com.kms.katalon.core.common.CommonExecutor.accessTestCaseMainPhase(CommonExecutor.java:65)
	at com.kms.katalon.core.main.TestSuiteExecutor.accessTestSuiteMainPhase(TestSuiteExecutor.java:148)
	at com.kms.katalon.core.main.TestSuiteExecutor.execute(TestSuiteExecutor.java:106)
	at com.kms.katalon.core.main.TestCaseMain.startTestSuite(TestCaseMain.java:187)
	at com.kms.katalon.core.main.TestCaseMain$startTestSuite$0.call(Unknown Source)
	at TempTestSuite1696486556660.run(TempTestSuite1696486556660.groovy:36)
Caused by: com.kms.katalon.core.exception.StepFailedException: Text 'Please upload an valid file.' is not present on page 
	at com.kms.katalon.core.webui.keyword.internal.WebUIKeywordMain.stepFailed(WebUIKeywordMain.groovy:64)
	at com.kms.katalon.core.webui.keyword.builtin.VerifyTextPresentKeyword$_verifyTextPresent_closure1.doCall(VerifyTextPresentKeyword.groovy:79)
	at com.kms.katalon.core.webui.keyword.builtin.VerifyTextPresentKeyword$_verifyTextPresent_closure1.call(VerifyTextPresentKeyword.groovy)
	at com.kms.katalon.core.webui.keyword.internal.WebUIKeywordMain.runKeyword(WebUIKeywordMain.groovy:20)
	... 19 more
)
[[ATTACHMENT|C:\\FT2 XSIS\\Projek 2 MINI PROJEK\\Reports\\20231005_131556\\T13 Pembelian, Shipment dan Pembayaran\\T13 Pembelian, Shipment dan Pembayaran\\20231005_131556\\1696487529103.png]]]]></system-out>
         <system-err><![CDATA[2023-10-05 13:31:06 - [TEST_CASE][FAILED] - Test Cases/T13 Pembelian, Shipment dan Pembayaran/PBY-010: Test Cases/T13 Pembelian, Shipment dan Pembayaran/PBY-010 FAILED.
Reason:
com.kms.katalon.core.exception.StepFailedException: Unable to verify text 'Please upload an valid file.' is present 
	at com.kms.katalon.core.webui.keyword.internal.WebUIKeywordMain.stepFailed(WebUIKeywordMain.groovy:64)
	at com.kms.katalon.core.webui.keyword.internal.WebUIKeywordMain.runKeyword(WebUIKeywordMain.groovy:26)
	at com.kms.katalon.core.webui.keyword.builtin.VerifyTextPresentKeyword.verifyTextPresent(VerifyTextPresentKeyword.groovy:83)
	at com.kms.katalon.core.webui.keyword.builtin.VerifyTextPresentKeyword.execute(VerifyTextPresentKeyword.groovy:68)
	at com.kms.katalon.core.keyword.internal.KeywordExecutor.executeKeywordForPlatform(KeywordExecutor.groovy:74)
	at com.kms.katalon.core.webui.keyword.WebUiBuiltInKeywords.verifyTextPresent(WebUiBuiltInKeywords.groovy:1723)
	at com.kms.katalon.core.webui.keyword.WebUiBuiltInKeywords$verifyTextPresent$7.call(Unknown Source)
	at PBY-010.run(PBY-010:54)
	at com.kms.katalon.core.main.ScriptEngine.run(ScriptEngine.java:194)
	at com.kms.katalon.core.main.ScriptEngine.runScriptAsRawText(ScriptEngine.java:119)
	at com.kms.katalon.core.main.TestCaseExecutor.runScript(TestCaseExecutor.java:448)
	at com.kms.katalon.core.main.TestCaseExecutor.doExecute(TestCaseExecutor.java:439)
	at com.kms.katalon.core.main.TestCaseExecutor.processExecutionPhase(TestCaseExecutor.java:418)
	at com.kms.katalon.core.main.TestCaseExecutor.accessMainPhase(TestCaseExecutor.java:410)
	at com.kms.katalon.core.main.TestCaseExecutor.execute(TestCaseExecutor.java:285)
	at com.kms.katalon.core.common.CommonExecutor.accessTestCaseMainPhase(CommonExecutor.java:65)
	at com.kms.katalon.core.main.TestSuiteExecutor.accessTestSuiteMainPhase(TestSuiteExecutor.java:148)
	at com.kms.katalon.core.main.TestSuiteExecutor.execute(TestSuiteExecutor.java:106)
	at com.kms.katalon.core.main.TestCaseMain.startTestSuite(TestCaseMain.java:187)
	at com.kms.katalon.core.main.TestCaseMain$startTestSuite$0.call(Unknown Source)
	at TempTestSuite1696486556660.run(TempTestSuite1696486556660.groovy:36)
Caused by: com.kms.katalon.core.exception.StepFailedException: Text 'Please upload an valid file.' is not present on page 
	at com.kms.katalon.core.webui.keyword.internal.WebUIKeywordMain.stepFailed(WebUIKeywordMain.groovy:64)
	at com.kms.katalon.core.webui.keyword.builtin.VerifyTextPresentKeyword$_verifyTextPresent_closure1.doCall(VerifyTextPresentKeyword.groovy:79)
	at com.kms.katalon.core.webui.keyword.builtin.VerifyTextPresentKeyword$_verifyTextPresent_closure1.call(VerifyTextPresentKeyword.groovy)
	at com.kms.katalon.core.webui.keyword.internal.WebUIKeywordMain.runKeyword(WebUIKeywordMain.groovy:20)
	... 19 more]]></system-err>
      </testcase>
      <testcase name="Test Cases/T13 Pembelian, Shipment dan Pembayaran/PBY-011" time="63.322" classname="Test Cases/T13 Pembelian, Shipment dan Pembayaran/PBY-011" status="FAILED">
         <failure type="FAILED" message="Test Cases/T13 Pembelian, Shipment dan Pembayaran/PBY-011 FAILED.
Reason:
com.kms.katalon.core.exception.StepFailedException: Unable to verify text 'Please input an valid date.' is present 
	at com.kms.katalon.core.webui.keyword.internal.WebUIKeywordMain.stepFailed(WebUIKeywordMain.groovy:64)
	at com.kms.katalon.core.webui.keyword.internal.WebUIKeywordMain.runKeyword(WebUIKeywordMain.groovy:26)
	at com.kms.katalon.core.webui.keyword.builtin.VerifyTextPresentKeyword.verifyTextPresent(VerifyTextPresentKeyword.groovy:83)
	at com.kms.katalon.core.webui.keyword.builtin.VerifyTextPresentKeyword.execute(VerifyTextPresentKeyword.groovy:68)
	at com.kms.katalon.core.keyword.internal.KeywordExecutor.executeKeywordForPlatform(KeywordExecutor.groovy:74)
	at com.kms.katalon.core.webui.keyword.WebUiBuiltInKeywords.verifyTextPresent(WebUiBuiltInKeywords.groovy:1723)
	at com.kms.katalon.core.webui.keyword.WebUiBuiltInKeywords$verifyTextPresent$7.call(Unknown Source)
	at PBY-011.run(PBY-011:56)
	at com.kms.katalon.core.main.ScriptEngine.run(ScriptEngine.java:194)
	at com.kms.katalon.core.main.ScriptEngine.runScriptAsRawText(ScriptEngine.java:119)
	at com.kms.katalon.core.main.TestCaseExecutor.runScript(TestCaseExecutor.java:448)
	at com.kms.katalon.core.main.TestCaseExecutor.doExecute(TestCaseExecutor.java:439)
	at com.kms.katalon.core.main.TestCaseExecutor.processExecutionPhase(TestCaseExecutor.java:418)
	at com.kms.katalon.core.main.TestCaseExecutor.accessMainPhase(TestCaseExecutor.java:410)
	at com.kms.katalon.core.main.TestCaseExecutor.execute(TestCaseExecutor.java:285)
	at com.kms.katalon.core.common.CommonExecutor.accessTestCaseMainPhase(CommonExecutor.java:65)
	at com.kms.katalon.core.main.TestSuiteExecutor.accessTestSuiteMainPhase(TestSuiteExecutor.java:148)
	at com.kms.katalon.core.main.TestSuiteExecutor.execute(TestSuiteExecutor.java:106)
	at com.kms.katalon.core.main.TestCaseMain.startTestSuite(TestCaseMain.java:187)
	at com.kms.katalon.core.main.TestCaseMain$startTestSuite$0.call(Unknown Source)
	at TempTestSuite1696486556660.run(TempTestSuite1696486556660.groovy:36)
Caused by: com.kms.katalon.core.exception.StepFailedException: Text 'Please input an valid date.' is not present on page 
	at com.kms.katalon.core.webui.keyword.internal.WebUIKeywordMain.stepFailed(WebUIKeywordMain.groovy:64)
	at com.kms.katalon.core.webui.keyword.builtin.VerifyTextPresentKeyword$_verifyTextPresent_closure1.doCall(VerifyTextPresentKeyword.groovy:79)
	at com.kms.katalon.core.webui.keyword.builtin.VerifyTextPresentKeyword$_verifyTextPresent_closure1.call(VerifyTextPresentKeyword.groovy)
	at com.kms.katalon.core.webui.keyword.internal.WebUIKeywordMain.runKeyword(WebUIKeywordMain.groovy:20)
	... 19 more
"/>
         <system-out><![CDATA[2023-10-05 13:32:09 - [TEST_CASE][FAILED] - Test Cases/T13 Pembelian, Shipment dan Pembayaran/PBY-011: Test Cases/T13 Pembelian, Shipment dan Pembayaran/PBY-011 FAILED.
Reason:
com.kms.katalon.core.exception.StepFailedException: Unable to verify text 'Please input an valid date.' is present 
	at com.kms.katalon.core.webui.keyword.internal.WebUIKeywordMain.stepFailed(WebUIKeywordMain.groovy:64)
	at com.kms.katalon.core.webui.keyword.internal.WebUIKeywordMain.runKeyword(WebUIKeywordMain.groovy:26)
	at com.kms.katalon.core.webui.keyword.builtin.VerifyTextPresentKeyword.verifyTextPresent(VerifyTextPresentKeyword.groovy:83)
	at com.kms.katalon.core.webui.keyword.builtin.VerifyTextPresentKeyword.execute(VerifyTextPresentKeyword.groovy:68)
	at com.kms.katalon.core.keyword.internal.KeywordExecutor.executeKeywordForPlatform(KeywordExecutor.groovy:74)
	at com.kms.katalon.core.webui.keyword.WebUiBuiltInKeywords.verifyTextPresent(WebUiBuiltInKeywords.groovy:1723)
	at com.kms.katalon.core.webui.keyword.WebUiBuiltInKeywords$verifyTextPresent$7.call(Unknown Source)
	at PBY-011.run(PBY-011:56)
	at com.kms.katalon.core.main.ScriptEngine.run(ScriptEngine.java:194)
	at com.kms.katalon.core.main.ScriptEngine.runScriptAsRawText(ScriptEngine.java:119)
	at com.kms.katalon.core.main.TestCaseExecutor.runScript(TestCaseExecutor.java:448)
	at com.kms.katalon.core.main.TestCaseExecutor.doExecute(TestCaseExecutor.java:439)
	at com.kms.katalon.core.main.TestCaseExecutor.processExecutionPhase(TestCaseExecutor.java:418)
	at com.kms.katalon.core.main.TestCaseExecutor.accessMainPhase(TestCaseExecutor.java:410)
	at com.kms.katalon.core.main.TestCaseExecutor.execute(TestCaseExecutor.java:285)
	at com.kms.katalon.core.common.CommonExecutor.accessTestCaseMainPhase(CommonExecutor.java:65)
	at com.kms.katalon.core.main.TestSuiteExecutor.accessTestSuiteMainPhase(TestSuiteExecutor.java:148)
	at com.kms.katalon.core.main.TestSuiteExecutor.execute(TestSuiteExecutor.java:106)
	at com.kms.katalon.core.main.TestCaseMain.startTestSuite(TestCaseMain.java:187)
	at com.kms.katalon.core.main.TestCaseMain$startTestSuite$0.call(Unknown Source)
	at TempTestSuite1696486556660.run(TempTestSuite1696486556660.groovy:36)
Caused by: com.kms.katalon.core.exception.StepFailedException: Text 'Please input an valid date.' is not present on page 
	at com.kms.katalon.core.webui.keyword.internal.WebUIKeywordMain.stepFailed(WebUIKeywordMain.groovy:64)
	at com.kms.katalon.core.webui.keyword.builtin.VerifyTextPresentKeyword$_verifyTextPresent_closure1.doCall(VerifyTextPresentKeyword.groovy:79)
	at com.kms.katalon.core.webui.keyword.builtin.VerifyTextPresentKeyword$_verifyTextPresent_closure1.call(VerifyTextPresentKeyword.groovy)
	at com.kms.katalon.core.webui.keyword.internal.WebUIKeywordMain.runKeyword(WebUIKeywordMain.groovy:20)
	... 19 more


2023-10-05 13:32:09 - [TEST_STEP][PASSED] - data = callTestCase(findTestCase("T13 Pembelian, Shipment dan Pembayaran/PBY-001"), [:], STOP_ON_FAILURE): Call Test Case 'Test Cases/T13 Pembelian, Shipment dan Pembayaran/PBY-001' successfully

2023-10-05 13:32:09 - [TEST_CASE][PASSED] - Test Cases/T13 Pembelian, Shipment dan Pembayaran/PBY-001: Test Cases/T13 Pembelian, Shipment dan Pembayaran/PBY-001

2023-10-05 13:32:09 - [TEST_STEP][PASSED] - data = callTestCase(findTestCase("T13 Pembelian, Shipment dan Pembayaran/PBL-004"), ["Kurir":"Roda 2"], STOP_ON_FAILURE): Call Test Case 'Test Cases/T13 Pembelian, Shipment dan Pembayaran/PBL-004' successfully

2023-10-05 13:32:09 - [TEST_CASE][PASSED] - Test Cases/T13 Pembelian, Shipment dan Pembayaran/PBL-004: Test Cases/T13 Pembelian, Shipment dan Pembayaran/PBL-004

2023-10-05 13:32:09 - [TEST_STEP][PASSED] - data = callTestCase(findTestCase("T13 Pembelian, Shipment dan Pembayaran/PBL-002"), [:], STOP_ON_FAILURE): Call Test Case 'Test Cases/T13 Pembelian, Shipment dan Pembayaran/PBL-002' successfully

2023-10-05 13:32:09 - [TEST_CASE][PASSED] - Test Cases/T13 Pembelian, Shipment dan Pembayaran/PBL-002: Test Cases/T13 Pembelian, Shipment dan Pembayaran/PBL-002

2023-10-05 13:32:09 - [TEST_STEP][PASSED] - data = callTestCase(findTestCase("T13 Pembelian, Shipment dan Pembayaran/PBL-001"), [:], STOP_ON_FAILURE): Call Test Case 'Test Cases/T13 Pembelian, Shipment dan Pembayaran/PBL-001' successfully

2023-10-05 13:32:09 - [TEST_CASE][PASSED] - Test Cases/T13 Pembelian, Shipment dan Pembayaran/PBL-001: Test Cases/T13 Pembelian, Shipment dan Pembayaran/PBL-001

2023-10-05 13:32:09 - [TEST_STEP][PASSED] - callTestCase(findTestCase("T13 Pembelian, Shipment dan Pembayaran/LU-001"), ["username":"irfanafandi", "password":"12345irfan"], STOP_ON_FAILURE): Call Test Case 'Test Cases/T13 Pembelian, Shipment dan Pembayaran/LU-001' successfully

2023-10-05 13:32:09 - [TEST_CASE][PASSED] - Test Cases/T13 Pembelian, Shipment dan Pembayaran/LU-001: Test Cases/T13 Pembelian, Shipment dan Pembayaran/LU-001

2023-10-05 13:32:09 - [TEST_STEP][PASSED] - openBrowser("https://10.9.2.63/ecommerce/"): Browser is opened with url: 'https://10.9.2.63/ecommerce/'

2023-10-05 13:32:09 - [MESSAGE][WARNING] - A browser is already opened. Closing browser and opening a new one

2023-10-05 13:32:10 - [MESSAGE][INFO] - Starting 'Edge Chromium' driver

2023-10-05 13:32:10 - [MESSAGE][INFO] - User set preference: ['acceptInsecureCerts', 'true']

2023-10-05 13:32:12 - [MESSAGE][INFO] - Action delay is set to 0 milliseconds

2023-10-05 13:32:16 - [MESSAGE][PASSED] - Browser is opened with url: 'https://10.9.2.63/ecommerce/'

2023-10-05 13:32:16 - [TEST_STEP][PASSED] - maximizeWindow(): Current window maximized

2023-10-05 13:32:16 - [MESSAGE][PASSED] - Current window maximized

2023-10-05 13:32:16 - [TEST_STEP][PASSED] - verifyElementPresent(findTestObject("Login/Home"), 0): Object 'Object Repository/Login/Home' is present

2023-10-05 13:32:16 - [MESSAGE][WARNING] - Timeout '0' is invalid. Using default page load timeout: '30'

2023-10-05 13:32:17 - [MESSAGE][PASSED] - Object 'Object Repository/Login/Home' is present

2023-10-05 13:32:17 - [TEST_STEP][PASSED] - click(findTestObject("Login/a_Login")): Object: 'Object Repository/Login/a_Login' is clicked on

2023-10-05 13:32:18 - [MESSAGE][PASSED] - Object: 'Object Repository/Login/a_Login' is clicked on

2023-10-05 13:32:18 - [TEST_STEP][PASSED] - verifyElementPresent(findTestObject("Login/Tittle Login"), 0): Object 'Object Repository/Login/Tittle Login' is present

2023-10-05 13:32:18 - [MESSAGE][WARNING] - Timeout '0' is invalid. Using default page load timeout: '30'

2023-10-05 13:32:18 - [MESSAGE][PASSED] - Object 'Object Repository/Login/Tittle Login' is present

2023-10-05 13:32:18 - [TEST_STEP][PASSED] - setText(findTestObject("Login/input_Username, Email atau No. Handphone_a"), username): Text 'irfanafandi' is set on object 'Object Repository/Login/input_Username, Email atau No. Handphone_a'

2023-10-05 13:32:19 - [MESSAGE][PASSED] - Text 'irfanafandi' is set on object 'Object Repository/Login/input_Username, Email atau No. Handphone_a'

2023-10-05 13:32:19 - [TEST_STEP][PASSED] - setText(findTestObject("Login/input_Password_b"), password): Text '12345irfan' is set on object 'Object Repository/Login/input_Password_b'

2023-10-05 13:32:20 - [MESSAGE][PASSED] - Text '12345irfan' is set on object 'Object Repository/Login/input_Password_b'

2023-10-05 13:32:20 - [TEST_STEP][PASSED] - click(findTestObject("Login/label_Ingat saya")): Object: 'Object Repository/Login/label_Ingat saya' is clicked on

2023-10-05 13:32:20 - [MESSAGE][PASSED] - Object: 'Object Repository/Login/label_Ingat saya' is clicked on

2023-10-05 13:32:20 - [TEST_STEP][PASSED] - click(findTestObject("Login/button_Masuk")): Object: 'Object Repository/Login/button_Masuk' is clicked on

2023-10-05 13:32:22 - [MESSAGE][PASSED] - Object: 'Object Repository/Login/button_Masuk' is clicked on

2023-10-05 13:32:22 - [TEST_STEP][PASSED] - verifyElementPresent(findTestObject("Login/li_Profile"), 0): Object 'Object Repository/Login/li_Profile' is present

2023-10-05 13:32:22 - [MESSAGE][WARNING] - Timeout '0' is invalid. Using default page load timeout: '30'

2023-10-05 13:32:22 - [MESSAGE][PASSED] - Object 'Object Repository/Login/li_Profile' is present

2023-10-05 13:32:22 - [MESSAGE][PASSED] - Call Test Case 'Test Cases/T13 Pembelian, Shipment dan Pembayaran/LU-001' successfully

2023-10-05 13:32:22 - [TEST_STEP][PASSED] - mouseOver(findTestObject("beli barang/i_Mulai Belanja_icon-menu")): Object: 'Object Repository/beli barang/i_Mulai Belanja_icon-menu' is hovered

2023-10-05 13:32:23 - [MESSAGE][PASSED] - Object: 'Object Repository/beli barang/i_Mulai Belanja_icon-menu' is hovered

2023-10-05 13:32:23 - [TEST_STEP][PASSED] - click(findTestObject("beli barang/a_Fashion  Busana Wanita")): Object: 'Object Repository/beli barang/a_Fashion  Busana Wanita' is clicked on

2023-10-05 13:32:24 - [MESSAGE][PASSED] - Object: 'Object Repository/beli barang/a_Fashion  Busana Wanita' is clicked on

2023-10-05 13:32:24 - [TEST_STEP][PASSED] - NamaSebelum = getText(findTestObject("verifikasi/Nama sebelum")): Text of object 'Object Repository/verifikasi/Nama sebelum' is: ''

2023-10-05 13:32:25 - [MESSAGE][PASSED] - Text of object 'Object Repository/verifikasi/Nama sebelum' is: ''

2023-10-05 13:32:25 - [TEST_STEP][PASSED] - HargaSebelum = getText(findTestObject("verifikasi/Harga sebelum")): Text of object 'Object Repository/verifikasi/Harga sebelum' is: 'Rp 1,299'

2023-10-05 13:32:26 - [MESSAGE][PASSED] - Text of object 'Object Repository/verifikasi/Harga sebelum' is: 'Rp 1,299'

2023-10-05 13:32:26 - [TEST_STEP][PASSED] - mouseOver(findTestObject("beli barang/barang mouse over")): Object: 'Object Repository/beli barang/barang mouse over' is hovered

2023-10-05 13:32:26 - [MESSAGE][PASSED] - Object: 'Object Repository/beli barang/barang mouse over' is hovered

2023-10-05 13:32:26 - [TEST_STEP][PASSED] - click(findTestObject("beli barang/buttom add to cart")): Object: 'Object Repository/beli barang/buttom add to cart' is clicked on

2023-10-05 13:32:28 - [MESSAGE][PASSED] - Object: 'Object Repository/beli barang/buttom add to cart' is clicked on

2023-10-05 13:32:28 - [TEST_STEP][PASSED] - NamaSesudah = getText(findTestObject("verifikasi/Nama sesudah")): Text of object 'Object Repository/verifikasi/Nama sesudah' is: 'Segitiga Instan Madeira - MDB5.3 Sunset'

2023-10-05 13:32:28 - [MESSAGE][PASSED] - Text of object 'Object Repository/verifikasi/Nama sesudah' is: 'Segitiga Instan Madeira - MDB5.3 Sunset'

2023-10-05 13:32:28 - [TEST_STEP][PASSED] - HargaSesudah = getText(findTestObject("verifikasi/Harga sesudah")): Text of object 'Object Repository/verifikasi/Harga sesudah' is: 'Rp 1,299'

2023-10-05 13:32:29 - [MESSAGE][PASSED] - Text of object 'Object Repository/verifikasi/Harga sesudah' is: 'Rp 1,299'

2023-10-05 13:32:29 - [TEST_STEP][PASSED] - assert NamaSesudah.contains(NamaSebelum): null

2023-10-05 13:32:29 - [TEST_STEP][PASSED] - assert HargaSesudah.contains(HargaSebelum): null

2023-10-05 13:32:29 - [TEST_STEP][PASSED] - click(findTestObject("beli barang/Tambah Keranjang busana wanita")): Object: 'Object Repository/beli barang/Tambah Keranjang busana wanita' is clicked on

2023-10-05 13:32:29 - [MESSAGE][PASSED] - Object: 'Object Repository/beli barang/Tambah Keranjang busana wanita' is clicked on

2023-10-05 13:32:29 - [TEST_STEP][PASSED] - verifyElementPresent(findTestObject("checkout/Notifikasi keranjang"), 1): Object 'Object Repository/checkout/Notifikasi keranjang' is present

2023-10-05 13:32:30 - [MESSAGE][PASSED] - Object 'Object Repository/checkout/Notifikasi keranjang' is present

2023-10-05 13:32:30 - [TEST_STEP][PASSED] - data = new java.util.HashMap(): null

2023-10-05 13:32:30 - [TEST_STEP][PASSED] - data.put("nama_barang", NamaSesudah): null

2023-10-05 13:32:30 - [TEST_STEP][PASSED] - data.put("price_barang", HargaSesudah): null

2023-10-05 13:32:30 - [TEST_STEP][PASSED] - return data: null

2023-10-05 13:32:30 - [MESSAGE][PASSED] - Call Test Case 'Test Cases/T13 Pembelian, Shipment dan Pembayaran/PBL-001' successfully

2023-10-05 13:32:30 - [TEST_STEP][PASSED] - mouseOver(findTestObject("beli barang/keranjang")): Object: 'Object Repository/beli barang/keranjang' is hovered

2023-10-05 13:32:31 - [MESSAGE][PASSED] - Object: 'Object Repository/beli barang/keranjang' is hovered

2023-10-05 13:32:31 - [TEST_STEP][PASSED] - click(findTestObject("beli barang/Lihat Sekarang")): Object: 'Object Repository/beli barang/Lihat Sekarang' is clicked on

2023-10-05 13:32:32 - [MESSAGE][PASSED] - Object: 'Object Repository/beli barang/Lihat Sekarang' is clicked on

2023-10-05 13:32:32 - [TEST_STEP][PASSED] - verifyElementPresent(findTestObject("keranjang/li_Keranjang Belanja"), 0): Object 'Object Repository/keranjang/li_Keranjang Belanja' is present

2023-10-05 13:32:32 - [MESSAGE][WARNING] - Timeout '0' is invalid. Using default page load timeout: '30'

2023-10-05 13:32:33 - [MESSAGE][PASSED] - Object 'Object Repository/keranjang/li_Keranjang Belanja' is present

2023-10-05 13:32:33 - [TEST_STEP][PASSED] - NamaKeranjang = getText(findTestObject("verifikasi/Nama keranjang")): Text of object 'Object Repository/verifikasi/Nama keranjang' is: 'Segitiga Instan Madeira - MDB5.3 Sunset'

2023-10-05 13:32:33 - [MESSAGE][PASSED] - Text of object 'Object Repository/verifikasi/Nama keranjang' is: 'Segitiga Instan Madeira - MDB5.3 Sunset'

2023-10-05 13:32:33 - [TEST_STEP][PASSED] - HargaKeranjang = getText(findTestObject("verifikasi/Harga Keranjang")): Text of object 'Object Repository/verifikasi/Harga Keranjang' is: 'Rp 1,299'

2023-10-05 13:32:34 - [MESSAGE][PASSED] - Text of object 'Object Repository/verifikasi/Harga Keranjang' is: 'Rp 1,299'

2023-10-05 13:32:34 - [TEST_STEP][PASSED] - if (toString().equalsIgnoreCase("Merah")): Object 'Object Repository/keranjang/input_Warna_variasi101' is checked

2023-10-05 13:32:34 - [TEST_STEP][PASSED] - check(findTestObject("Object Repository/keranjang/input_Warna_variasi101")): Object 'Object Repository/keranjang/input_Warna_variasi101' is checked

2023-10-05 13:32:34 - [MESSAGE][PASSED] - Object 'Object Repository/keranjang/input_Warna_variasi101' is checked

2023-10-05 13:32:34 - [TEST_STEP][PASSED] - if (toString().equalsIgnoreCase("Menengah")): Object 'Object Repository/keranjang/input_Ukuran_variasi201' is checked

2023-10-05 13:32:34 - [TEST_STEP][PASSED] - check(findTestObject("Object Repository/keranjang/input_Ukuran_variasi201")): Object 'Object Repository/keranjang/input_Ukuran_variasi201' is checked

2023-10-05 13:32:35 - [MESSAGE][PASSED] - Object 'Object Repository/keranjang/input_Ukuran_variasi201' is checked

2023-10-05 13:32:35 - [TEST_STEP][PASSED] - data.put("Warna", warna): null

2023-10-05 13:32:35 - [TEST_STEP][PASSED] - data.put("Ukuran", ukuran): null

2023-10-05 13:32:35 - [TEST_STEP][PASSED] - click(findTestObject("keranjang/button_Lanjut ke Pembayaran")): Object: 'Object Repository/keranjang/button_Lanjut ke Pembayaran' is clicked on

2023-10-05 13:32:36 - [MESSAGE][PASSED] - Object: 'Object Repository/keranjang/button_Lanjut ke Pembayaran' is clicked on

2023-10-05 13:32:36 - [TEST_STEP][PASSED] - verifyElementPresent(findTestObject("checkout/Tittle Checkout Order"), 0): Object 'Object Repository/checkout/Tittle Checkout Order' is present

2023-10-05 13:32:36 - [MESSAGE][WARNING] - Timeout '0' is invalid. Using default page load timeout: '30'

2023-10-05 13:32:37 - [MESSAGE][PASSED] - Object 'Object Repository/checkout/Tittle Checkout Order' is present

2023-10-05 13:32:37 - [TEST_STEP][PASSED] - name_product = data.get("nama_barang"): null

2023-10-05 13:32:37 - [TEST_STEP][PASSED] - price_product = data.get("price_barang"): null

2023-10-05 13:32:37 - [TEST_STEP][PASSED] - assert name_product == NamaKeranjang: null

2023-10-05 13:32:37 - [TEST_STEP][PASSED] - assert price_product == HargaKeranjang: null

2023-10-05 13:32:37 - [TEST_STEP][PASSED] - return data: null

2023-10-05 13:32:37 - [MESSAGE][PASSED] - Call Test Case 'Test Cases/T13 Pembelian, Shipment dan Pembayaran/PBL-002' successfully

2023-10-05 13:32:37 - [TEST_STEP][PASSED] - warnaa = getText(findTestObject("verifikasi/warna Merah")): Text of object 'Object Repository/verifikasi/warna Merah' is: 'Merah'

2023-10-05 13:32:37 - [MESSAGE][PASSED] - Text of object 'Object Repository/verifikasi/warna Merah' is: 'Merah'

2023-10-05 13:32:37 - [TEST_STEP][PASSED] - ukurann = getText(findTestObject("verifikasi/Ukuran Menengah")): Text of object 'Object Repository/verifikasi/Ukuran Menengah' is: 'Menengah'

2023-10-05 13:32:38 - [MESSAGE][PASSED] - Text of object 'Object Repository/verifikasi/Ukuran Menengah' is: 'Menengah'

2023-10-05 13:32:38 - [TEST_STEP][PASSED] - warna1 = data.get("Warna"): null

2023-10-05 13:32:38 - [TEST_STEP][PASSED] - ukuran1 = data.get("Ukuran"): null

2023-10-05 13:32:38 - [TEST_STEP][PASSED] - assert warnaa == warna1: null

2023-10-05 13:32:38 - [TEST_STEP][PASSED] - assert ukurann == ukuran1: null

2023-10-05 13:32:38 - [TEST_STEP][PASSED] - NamaCheckout = getText(findTestObject("verifikasi/NamaCheckout")): Text of object 'Object Repository/verifikasi/NamaCheckout' is: ''

2023-10-05 13:32:38 - [MESSAGE][PASSED] - Text of object 'Object Repository/verifikasi/NamaCheckout' is: ''

2023-10-05 13:32:38 - [TEST_STEP][PASSED] - HargaCheckout = getText(findTestObject("verifikasi/HargaCheckout")): Text of object 'Object Repository/verifikasi/HargaCheckout' is: '1,299'

2023-10-05 13:32:38 - [MESSAGE][PASSED] - Text of object 'Object Repository/verifikasi/HargaCheckout' is: '1,299'

2023-10-05 13:32:38 - [TEST_STEP][PASSED] - name_product = data.get("nama_barang"): null

2023-10-05 13:32:38 - [TEST_STEP][PASSED] - price_product = data.get("price_barang"): null

2023-10-05 13:32:38 - [TEST_STEP][PASSED] - assert name_product.contains(NamaCheckout): null

2023-10-05 13:32:38 - [TEST_STEP][PASSED] - assert price_product.contains(HargaCheckout): null

2023-10-05 13:32:38 - [TEST_STEP][PASSED] - selectOptionByLabel(findTestObject("checkout/select - Kirim via Kurir Lokal"), Kurir, false): All options with label 'Roda 2' are selected in object 'Object Repository/checkout/select - Kirim via Kurir Lokal' 

2023-10-05 13:32:39 - [MESSAGE][PASSED] - All options with label 'Roda 2' are selected in object 'Object Repository/checkout/select - Kirim via Kurir Lokal' 

2023-10-05 13:32:39 - [TEST_STEP][PASSED] - click(findTestObject("checkout/Kendaraan Kurir")): Object: 'Object Repository/checkout/Kendaraan Kurir' is clicked on

2023-10-05 13:32:40 - [MESSAGE][PASSED] - Object: 'Object Repository/checkout/Kendaraan Kurir' is clicked on

2023-10-05 13:32:40 - [TEST_STEP][PASSED] - OngkosKirim = getText(findTestObject("Object Repository/verifikasi/Ongkos Kirim checkout")): Text of object 'Object Repository/verifikasi/Ongkos Kirim checkout' is: 'Rp. 5,000'

2023-10-05 13:32:41 - [MESSAGE][PASSED] - Text of object 'Object Repository/verifikasi/Ongkos Kirim checkout' is: 'Rp. 5,000'

2023-10-05 13:32:41 - [TEST_STEP][PASSED] - Ongkos = OngkosKirim.substring(3, OngkosKirim.size()): null

2023-10-05 13:32:41 - [TEST_STEP][PASSED] - rep = Ongkos.replace(",", "."): null

2023-10-05 13:32:41 - [TEST_STEP][PASSED] - Ongkos_kirim = Double.parseDouble(rep): null

2023-10-05 13:32:41 - [TEST_STEP][PASSED] - println(Ongkos_kirim): null

2023-10-05 13:32:41 - [TEST_STEP][PASSED] - FeeAdmin = getText(findTestObject("verifikasi/Fee Admin checkout")): Text of object 'Object Repository/verifikasi/Fee Admin checkout' is: 'Fee Admin
Rp 1,500'

2023-10-05 13:32:41 - [MESSAGE][PASSED] - Text of object 'Object Repository/verifikasi/Fee Admin checkout' is: 'Fee Admin
Rp 1,500'

2023-10-05 13:32:41 - [TEST_STEP][PASSED] - Fee_Admin = FeeAdmin.substring(12, FeeAdmin.size()): null

2023-10-05 13:32:41 - [TEST_STEP][PASSED] - fee = Fee_Admin.replace(",", "."): null

2023-10-05 13:32:41 - [TEST_STEP][PASSED] - fee_admin = Double.parseDouble(fee): null

2023-10-05 13:32:41 - [TEST_STEP][PASSED] - println(fee_admin): null

2023-10-05 13:32:41 - [TEST_STEP][PASSED] - Subtotal = getText(findTestObject("verifikasi/subtotal checkout")): Text of object 'Object Repository/verifikasi/subtotal checkout' is: 'Subtotal
Rp 1,299'

2023-10-05 13:32:42 - [MESSAGE][PASSED] - Text of object 'Object Repository/verifikasi/subtotal checkout' is: 'Subtotal
Rp 1,299'

2023-10-05 13:32:42 - [TEST_STEP][PASSED] - sub_total = Subtotal.substring(12, Subtotal.size()): null

2023-10-05 13:32:42 - [TEST_STEP][PASSED] - sub = sub_total.replace(",", "."): null

2023-10-05 13:32:42 - [TEST_STEP][PASSED] - sub_total = Double.parseDouble(sub): null

2023-10-05 13:32:42 - [TEST_STEP][PASSED] - println(sub_total): null

2023-10-05 13:32:42 - [TEST_STEP][PASSED] - Total = getText(findTestObject("verifikasi/Total checkout")): Text of object 'Object Repository/verifikasi/Total checkout' is: 'Rp 7,799'

2023-10-05 13:32:42 - [MESSAGE][PASSED] - Text of object 'Object Repository/verifikasi/Total checkout' is: 'Rp 7,799'

2023-10-05 13:32:42 - [TEST_STEP][PASSED] - totall = Total.substring(3, Total.size()): null

2023-10-05 13:32:42 - [TEST_STEP][PASSED] - total = totall.replace(",", "."): null

2023-10-05 13:32:42 - [TEST_STEP][PASSED] - totall = Double.parseDouble(total): null

2023-10-05 13:32:42 - [TEST_STEP][PASSED] - println(totall): null

2023-10-05 13:32:42 - [TEST_STEP][PASSED] - Total_Harga = Ongkos_kirim + fee_admin + sub_total: null

2023-10-05 13:32:42 - [TEST_STEP][PASSED] - println(Total_Harga): null

2023-10-05 13:32:42 - [TEST_STEP][PASSED] - TotalHarga = Math.round(Total_Harga * 1000) / 1000: null

2023-10-05 13:32:42 - [TEST_STEP][PASSED] - println(TotalHarga): null

2023-10-05 13:32:42 - [TEST_STEP][PASSED] - assert totall == TotalHarga: null

2023-10-05 13:32:42 - [TEST_STEP][PASSED] - click(findTestObject("verifikasi/Metode Transfer")): Object: 'Object Repository/verifikasi/Metode Transfer' is clicked on

2023-10-05 13:32:42 - [MESSAGE][PASSED] - Object: 'Object Repository/verifikasi/Metode Transfer' is clicked on

2023-10-05 13:32:42 - [TEST_STEP][PASSED] - click(findTestObject("checkout/button_Proses Pembayaran")): Object: 'Object Repository/checkout/button_Proses Pembayaran' is clicked on

2023-10-05 13:32:51 - [MESSAGE][PASSED] - Object: 'Object Repository/checkout/button_Proses Pembayaran' is clicked on

2023-10-05 13:32:51 - [TEST_STEP][PASSED] - verifyElementPresent(findTestObject("pembayaran/Tittle nomor invoice"), 0): Object 'Object Repository/pembayaran/Tittle nomor invoice' is present

2023-10-05 13:32:51 - [MESSAGE][WARNING] - Timeout '0' is invalid. Using default page load timeout: '30'

2023-10-05 13:32:52 - [MESSAGE][PASSED] - Object 'Object Repository/pembayaran/Tittle nomor invoice' is present

2023-10-05 13:32:52 - [TEST_STEP][PASSED] - return data: null

2023-10-05 13:32:52 - [MESSAGE][PASSED] - Call Test Case 'Test Cases/T13 Pembelian, Shipment dan Pembayaran/PBL-004' successfully

2023-10-05 13:32:52 - [TEST_STEP][PASSED] - Invoice = getText(findTestObject("pembayaran/nomor invoice")): Text of object 'Object Repository/pembayaran/nomor invoice' is: 'TRX60.20231005133246'

2023-10-05 13:32:53 - [MESSAGE][PASSED] - Text of object 'Object Repository/pembayaran/nomor invoice' is: 'TRX60.20231005133246'

2023-10-05 13:32:53 - [TEST_STEP][PASSED] - data.put("invoice", Invoice): null

2023-10-05 13:32:53 - [TEST_STEP][PASSED] - NamaPemesan = getText(findTestObject("Konfirmasi pesanan shop/Nama pemesan")): Text of object 'Object Repository/Konfirmasi pesanan shop/Nama pemesan' is: 'irfan.afandi'

2023-10-05 13:32:53 - [MESSAGE][PASSED] - Text of object 'Object Repository/Konfirmasi pesanan shop/Nama pemesan' is: 'irfan.afandi'

2023-10-05 13:32:53 - [TEST_STEP][PASSED] - Nama = getText(findTestObject("pembayaran/Nama barang")): Text of object 'Object Repository/pembayaran/Nama barang' is: 'Segitiga Instan Madeira - MDB5.3 Sunset'

2023-10-05 13:32:54 - [MESSAGE][PASSED] - Text of object 'Object Repository/pembayaran/Nama barang' is: 'Segitiga Instan Madeira - MDB5.3 Sunset'

2023-10-05 13:32:54 - [TEST_STEP][PASSED] - Harga = getText(findTestObject("pembayaran/Harga barang")): Text of object 'Object Repository/pembayaran/Harga barang' is: '1,299'

2023-10-05 13:32:54 - [MESSAGE][PASSED] - Text of object 'Object Repository/pembayaran/Harga barang' is: '1,299'

2023-10-05 13:32:54 - [TEST_STEP][PASSED] - name_product = data.get("nama_barang"): null

2023-10-05 13:32:54 - [TEST_STEP][PASSED] - price_product = data.get("price_barang"): null

2023-10-05 13:32:54 - [TEST_STEP][PASSED] - assert name_product.contains(Nama): null

2023-10-05 13:32:54 - [TEST_STEP][PASSED] - assert price_product.contains(Harga): null

2023-10-05 13:32:54 - [TEST_STEP][PASSED] - warnaa = getText(findTestObject("pembayaran/warna")): Text of object 'Object Repository/pembayaran/warna' is: 'Merah'

2023-10-05 13:32:55 - [MESSAGE][PASSED] - Text of object 'Object Repository/pembayaran/warna' is: 'Merah'

2023-10-05 13:32:55 - [TEST_STEP][PASSED] - ukurann = getText(findTestObject("pembayaran/ukuran")): Text of object 'Object Repository/pembayaran/ukuran' is: 'Menengah'

2023-10-05 13:32:55 - [MESSAGE][PASSED] - Text of object 'Object Repository/pembayaran/ukuran' is: 'Menengah'

2023-10-05 13:32:55 - [TEST_STEP][PASSED] - warna1 = data.get("Warna"): null

2023-10-05 13:32:55 - [TEST_STEP][PASSED] - ukuran1 = data.get("Ukuran"): null

2023-10-05 13:32:55 - [TEST_STEP][PASSED] - assert warnaa == warna1: null

2023-10-05 13:32:55 - [TEST_STEP][PASSED] - assert ukurann == ukuran1: null

2023-10-05 13:32:55 - [TEST_STEP][PASSED] - statusPembelian = getText(findTestObject("verifikasi/Status pending di pembelian")): Text of object 'Object Repository/verifikasi/Status pending di pembelian' is: 'Pending'

2023-10-05 13:32:56 - [MESSAGE][PASSED] - Text of object 'Object Repository/verifikasi/Status pending di pembelian' is: 'Pending'

2023-10-05 13:32:56 - [TEST_STEP][PASSED] - data.put("statusPem", statusPembelian): null

2023-10-05 13:32:56 - [TEST_STEP][PASSED] - OngkosKirim = getText(findTestObject("pembayaran/ongkos kirim")): Text of object 'Object Repository/pembayaran/ongkos kirim' is: 'Rp 5,000'

2023-10-05 13:32:56 - [MESSAGE][PASSED] - Text of object 'Object Repository/pembayaran/ongkos kirim' is: 'Rp 5,000'

2023-10-05 13:32:56 - [TEST_STEP][PASSED] - Ongkos = OngkosKirim.substring(3, OngkosKirim.size()): null

2023-10-05 13:32:56 - [TEST_STEP][PASSED] - rep = Ongkos.replace(",", ""): null

2023-10-05 13:32:56 - [TEST_STEP][PASSED] - Ongkos_kirimm = Integer.parseInt(rep): null

2023-10-05 13:32:56 - [TEST_STEP][PASSED] - println(Ongkos_kirimm): null

2023-10-05 13:32:56 - [TEST_STEP][PASSED] - FeeAdmin = getText(findTestObject("pembayaran/fee admin")): Text of object 'Object Repository/pembayaran/fee admin' is: 'Rp 1,500'

2023-10-05 13:32:57 - [MESSAGE][PASSED] - Text of object 'Object Repository/pembayaran/fee admin' is: 'Rp 1,500'

2023-10-05 13:32:57 - [TEST_STEP][PASSED] - Fee_Admin = FeeAdmin.substring(3, FeeAdmin.size()): null

2023-10-05 13:32:57 - [TEST_STEP][PASSED] - fee = Fee_Admin.replace(",", ""): null

2023-10-05 13:32:57 - [TEST_STEP][PASSED] - fee_adminn = Integer.parseInt(fee): null

2023-10-05 13:32:57 - [TEST_STEP][PASSED] - println(fee_adminn): null

2023-10-05 13:32:57 - [TEST_STEP][PASSED] - Subtotal = getText(findTestObject("pembayaran/subtotal")): Text of object 'Object Repository/pembayaran/subtotal' is: 'Rp 1,299'

2023-10-05 13:32:57 - [MESSAGE][PASSED] - Text of object 'Object Repository/pembayaran/subtotal' is: 'Rp 1,299'

2023-10-05 13:32:57 - [TEST_STEP][PASSED] - sub_total = Subtotal.substring(3, Subtotal.size()): null

2023-10-05 13:32:57 - [TEST_STEP][PASSED] - sub = sub_total.replace(",", ""): null

2023-10-05 13:32:57 - [TEST_STEP][PASSED] - sub_totall = Integer.parseInt(sub): null

2023-10-05 13:32:57 - [TEST_STEP][PASSED] - println(sub_totall): null

2023-10-05 13:32:57 - [TEST_STEP][PASSED] - unik = getText(findTestObject("pembayaran/kode unik")): Text of object 'Object Repository/pembayaran/kode unik' is: '+246'

2023-10-05 13:32:58 - [MESSAGE][PASSED] - Text of object 'Object Repository/pembayaran/kode unik' is: '+246'

2023-10-05 13:32:58 - [TEST_STEP][PASSED] - unikk = unik.replace("+", ""): null

2023-10-05 13:32:58 - [TEST_STEP][PASSED] - kode_unik = Integer.parseInt(unikk): null

2023-10-05 13:32:58 - [TEST_STEP][PASSED] - println(kode_unik): null

2023-10-05 13:32:58 - [TEST_STEP][PASSED] - Total = getText(findTestObject("pembayaran/total")): Text of object 'Object Repository/pembayaran/total' is: '8,045'

2023-10-05 13:32:58 - [MESSAGE][PASSED] - Text of object 'Object Repository/pembayaran/total' is: '8,045'

2023-10-05 13:32:58 - [TEST_STEP][PASSED] - total = Total.replace(",", ""): null

2023-10-05 13:32:58 - [TEST_STEP][PASSED] - totalll = Integer.parseInt(total): null

2023-10-05 13:32:58 - [TEST_STEP][PASSED] - println(totalll): null

2023-10-05 13:32:58 - [TEST_STEP][PASSED] - Total_Hargaa = Ongkos_kirimm + fee_adminn + sub_totall + kode_unik: null

2023-10-05 13:32:58 - [TEST_STEP][PASSED] - println(Total_Hargaa): null

2023-10-05 13:32:58 - [TEST_STEP][PASSED] - assert totalll == Total_Hargaa: null

2023-10-05 13:32:58 - [TEST_STEP][PASSED] - data.put("total", Total): null

2023-10-05 13:32:58 - [TEST_STEP][PASSED] - data.put("nama", NamaPemesan): null

2023-10-05 13:32:58 - [TEST_STEP][PASSED] - return data: null

2023-10-05 13:32:58 - [MESSAGE][PASSED] - Call Test Case 'Test Cases/T13 Pembelian, Shipment dan Pembayaran/PBY-001' successfully

2023-10-05 13:32:58 - [TEST_STEP][PASSED] - inv = data.get("invoice"): null

2023-10-05 13:32:58 - [TEST_STEP][PASSED] - Total = data.get("total"): null

2023-10-05 13:32:58 - [TEST_STEP][PASSED] - NamaPemesan = data.get("nama"): null

2023-10-05 13:32:58 - [TEST_STEP][PASSED] - click(findTestObject("Konfirmasi pesanan shop/Menu Shop")): Object: 'Object Repository/Konfirmasi pesanan shop/Menu Shop' is clicked on

2023-10-05 13:33:00 - [MESSAGE][PASSED] - Object: 'Object Repository/Konfirmasi pesanan shop/Menu Shop' is clicked on

2023-10-05 13:33:00 - [TEST_STEP][PASSED] - click(findTestObject("Konfirmasi pesanan shop/Menu Shop")): Object: 'Object Repository/Konfirmasi pesanan shop/Menu Shop' is clicked on

2023-10-05 13:33:00 - [MESSAGE][PASSED] - Object: 'Object Repository/Konfirmasi pesanan shop/Menu Shop' is clicked on

2023-10-05 13:33:00 - [TEST_STEP][PASSED] - click(findTestObject("Konfirmasi pesanan shop/Konfirmasi Orders")): Object: 'Object Repository/Konfirmasi pesanan shop/Konfirmasi Orders' is clicked on

2023-10-05 13:33:01 - [MESSAGE][PASSED] - Object: 'Object Repository/Konfirmasi pesanan shop/Konfirmasi Orders' is clicked on

2023-10-05 13:33:01 - [TEST_STEP][PASSED] - verifyElementPresent(findTestObject("Konfirmasi pesanan shop/Tittle Konfirmasi Pesanan"), 0): Object 'Object Repository/Konfirmasi pesanan shop/Tittle Konfirmasi Pesanan' is present

2023-10-05 13:33:01 - [MESSAGE][WARNING] - Timeout '0' is invalid. Using default page load timeout: '30'

2023-10-05 13:33:02 - [MESSAGE][PASSED] - Object 'Object Repository/Konfirmasi pesanan shop/Tittle Konfirmasi Pesanan' is present

2023-10-05 13:33:02 - [TEST_STEP][PASSED] - setText(findTestObject("Konfirmasi pesanan shop/input_No Pesanan"), inv): Text 'TRX60.20231005133246' is set on object 'Object Repository/Konfirmasi pesanan shop/input_No Pesanan'

2023-10-05 13:33:03 - [MESSAGE][PASSED] - Text 'TRX60.20231005133246' is set on object 'Object Repository/Konfirmasi pesanan shop/input_No Pesanan'

2023-10-05 13:33:03 - [TEST_STEP][PASSED] - setText(findTestObject("Konfirmasi pesanan shop/input_Alamat E-mai"), "irfan@gmail.com"): Text 'irfan@gmail.com' is set on object 'Object Repository/Konfirmasi pesanan shop/input_Alamat E-mai'

2023-10-05 13:33:04 - [MESSAGE][PASSED] - Text 'irfan@gmail.com' is set on object 'Object Repository/Konfirmasi pesanan shop/input_Alamat E-mai'

2023-10-05 13:33:04 - [TEST_STEP][PASSED] - click(findTestObject("Konfirmasi pesanan shop/button_Submit")): Object: 'Object Repository/Konfirmasi pesanan shop/button_Submit' is clicked on

2023-10-05 13:33:05 - [MESSAGE][PASSED] - Object: 'Object Repository/Konfirmasi pesanan shop/button_Submit' is clicked on

2023-10-05 13:33:05 - [TEST_STEP][PASSED] - verifyElementPresent(findTestObject("Konfirmasi pesanan shop/Tittle nomor invoice"), 0): Object 'Object Repository/Konfirmasi pesanan shop/Tittle nomor invoice' is present

2023-10-05 13:33:05 - [MESSAGE][WARNING] - Timeout '0' is invalid. Using default page load timeout: '30'

2023-10-05 13:33:06 - [MESSAGE][PASSED] - Object 'Object Repository/Konfirmasi pesanan shop/Tittle nomor invoice' is present

2023-10-05 13:33:06 - [TEST_STEP][PASSED] - setText(findTestObject("Konfirmasi pesanan shop/input_Total TagihanTransfer_b"), Total): Text '8,045' is set on object 'Object Repository/Konfirmasi pesanan shop/input_Total TagihanTransfer_b'

2023-10-05 13:33:06 - [MESSAGE][PASSED] - Text '8,045' is set on object 'Object Repository/Konfirmasi pesanan shop/input_Total TagihanTransfer_b'

2023-10-05 13:33:06 - [TEST_STEP][PASSED] - selectOptionByValue(findTestObject("Konfirmasi pesanan shop/select_Bank"), "4", false): All options with value '4' are selected in object 'Object Repository/Konfirmasi pesanan shop/select_Bank' 

2023-10-05 13:33:07 - [MESSAGE][PASSED] - All options with value '4' are selected in object 'Object Repository/Konfirmasi pesanan shop/select_Bank' 

2023-10-05 13:33:07 - [TEST_STEP][PASSED] - setText(findTestObject("Konfirmasi pesanan shop/input_Nama Pengirim_d"), NamaPemesan): Text 'irfan.afandi' is set on object 'Object Repository/Konfirmasi pesanan shop/input_Nama Pengirim_d'

2023-10-05 13:33:08 - [MESSAGE][PASSED] - Text 'irfan.afandi' is set on object 'Object Repository/Konfirmasi pesanan shop/input_Nama Pengirim_d'

2023-10-05 13:33:08 - [TEST_STEP][PASSED] - setText(findTestObject("Konfirmasi pesanan shop/input_Tanggal Transfer_e"), "2023-12-12"): Text '2023-12-12' is set on object 'Object Repository/Konfirmasi pesanan shop/input_Tanggal Transfer_e'

2023-10-05 13:33:09 - [MESSAGE][PASSED] - Text '2023-12-12' is set on object 'Object Repository/Konfirmasi pesanan shop/input_Tanggal Transfer_e'

2023-10-05 13:33:09 - [TEST_STEP][PASSED] - uploadFile(findTestObject("Konfirmasi pesanan shop/input_Upload Bukti Transfer_f"), "C:\Users\IRFAN\Downloads\Berkas2.pdf"): File 'C:\Users\IRFAN\Downloads\Berkas2.pdf' sent to object: 'Object Repository/Konfirmasi pesanan shop/input_Upload Bukti Transfer_f'

2023-10-05 13:33:09 - [MESSAGE][PASSED] - File 'C:\Users\IRFAN\Downloads\Berkas2.pdf' sent to object: 'Object Repository/Konfirmasi pesanan shop/input_Upload Bukti Transfer_f'

2023-10-05 13:33:09 - [TEST_STEP][PASSED] - click(findTestObject("Konfirmasi pesanan shop/button_Konfirmasi Pembayaran")): Object: 'Object Repository/Konfirmasi pesanan shop/button_Konfirmasi Pembayaran' is clicked on

2023-10-05 13:33:11 - [MESSAGE][PASSED] - Object: 'Object Repository/Konfirmasi pesanan shop/button_Konfirmasi Pembayaran' is clicked on

2023-10-05 13:33:11 - [TEST_STEP][FAILED] - verifyTextPresent("Please input an valid date.", false): Unable to verify text 'Please input an valid date.' is present  (Root cause: com.kms.katalon.core.exception.StepFailedException: Unable to verify text 'Please input an valid date.' is present 
	at com.kms.katalon.core.webui.keyword.internal.WebUIKeywordMain.stepFailed(WebUIKeywordMain.groovy:64)
	at com.kms.katalon.core.webui.keyword.internal.WebUIKeywordMain.runKeyword(WebUIKeywordMain.groovy:26)
	at com.kms.katalon.core.webui.keyword.builtin.VerifyTextPresentKeyword.verifyTextPresent(VerifyTextPresentKeyword.groovy:83)
	at com.kms.katalon.core.webui.keyword.builtin.VerifyTextPresentKeyword.execute(VerifyTextPresentKeyword.groovy:68)
	at com.kms.katalon.core.keyword.internal.KeywordExecutor.executeKeywordForPlatform(KeywordExecutor.groovy:74)
	at com.kms.katalon.core.webui.keyword.WebUiBuiltInKeywords.verifyTextPresent(WebUiBuiltInKeywords.groovy:1723)
	at com.kms.katalon.core.webui.keyword.WebUiBuiltInKeywords$verifyTextPresent$7.call(Unknown Source)
	at PBY-011.run(PBY-011:56)
	at com.kms.katalon.core.main.ScriptEngine.run(ScriptEngine.java:194)
	at com.kms.katalon.core.main.ScriptEngine.runScriptAsRawText(ScriptEngine.java:119)
	at com.kms.katalon.core.main.TestCaseExecutor.runScript(TestCaseExecutor.java:448)
	at com.kms.katalon.core.main.TestCaseExecutor.doExecute(TestCaseExecutor.java:439)
	at com.kms.katalon.core.main.TestCaseExecutor.processExecutionPhase(TestCaseExecutor.java:418)
	at com.kms.katalon.core.main.TestCaseExecutor.accessMainPhase(TestCaseExecutor.java:410)
	at com.kms.katalon.core.main.TestCaseExecutor.execute(TestCaseExecutor.java:285)
	at com.kms.katalon.core.common.CommonExecutor.accessTestCaseMainPhase(CommonExecutor.java:65)
	at com.kms.katalon.core.main.TestSuiteExecutor.accessTestSuiteMainPhase(TestSuiteExecutor.java:148)
	at com.kms.katalon.core.main.TestSuiteExecutor.execute(TestSuiteExecutor.java:106)
	at com.kms.katalon.core.main.TestCaseMain.startTestSuite(TestCaseMain.java:187)
	at com.kms.katalon.core.main.TestCaseMain$startTestSuite$0.call(Unknown Source)
	at TempTestSuite1696486556660.run(TempTestSuite1696486556660.groovy:36)
Caused by: com.kms.katalon.core.exception.StepFailedException: Text 'Please input an valid date.' is not present on page 
	at com.kms.katalon.core.webui.keyword.internal.WebUIKeywordMain.stepFailed(WebUIKeywordMain.groovy:64)
	at com.kms.katalon.core.webui.keyword.builtin.VerifyTextPresentKeyword$_verifyTextPresent_closure1.doCall(VerifyTextPresentKeyword.groovy:79)
	at com.kms.katalon.core.webui.keyword.builtin.VerifyTextPresentKeyword$_verifyTextPresent_closure1.call(VerifyTextPresentKeyword.groovy)
	at com.kms.katalon.core.webui.keyword.internal.WebUIKeywordMain.runKeyword(WebUIKeywordMain.groovy:20)
	... 19 more
)

2023-10-05 13:33:12 - [MESSAGE][FAILED] - Text 'Please input an valid date.' is not present on page  (Root cause: com.kms.katalon.core.exception.StepFailedException: Text 'Please input an valid date.' is not present on page 
	at com.kms.katalon.core.webui.keyword.internal.WebUIKeywordMain.stepFailed(WebUIKeywordMain.groovy:64)
	at com.kms.katalon.core.webui.keyword.builtin.VerifyTextPresentKeyword$_verifyTextPresent_closure1.doCall(VerifyTextPresentKeyword.groovy:79)
	at com.kms.katalon.core.webui.keyword.builtin.VerifyTextPresentKeyword$_verifyTextPresent_closure1.call(VerifyTextPresentKeyword.groovy)
	at com.kms.katalon.core.webui.keyword.internal.WebUIKeywordMain.runKeyword(WebUIKeywordMain.groovy:20)
	at com.kms.katalon.core.webui.keyword.builtin.VerifyTextPresentKeyword.verifyTextPresent(VerifyTextPresentKeyword.groovy:83)
	at com.kms.katalon.core.webui.keyword.builtin.VerifyTextPresentKeyword.execute(VerifyTextPresentKeyword.groovy:68)
	at com.kms.katalon.core.keyword.internal.KeywordExecutor.executeKeywordForPlatform(KeywordExecutor.groovy:74)
	at com.kms.katalon.core.webui.keyword.WebUiBuiltInKeywords.verifyTextPresent(WebUiBuiltInKeywords.groovy:1723)
	at com.kms.katalon.core.webui.keyword.WebUiBuiltInKeywords$verifyTextPresent$7.call(Unknown Source)
	at PBY-011.run(PBY-011:56)
	at com.kms.katalon.core.main.ScriptEngine.run(ScriptEngine.java:194)
	at com.kms.katalon.core.main.ScriptEngine.runScriptAsRawText(ScriptEngine.java:119)
	at com.kms.katalon.core.main.TestCaseExecutor.runScript(TestCaseExecutor.java:448)
	at com.kms.katalon.core.main.TestCaseExecutor.doExecute(TestCaseExecutor.java:439)
	at com.kms.katalon.core.main.TestCaseExecutor.processExecutionPhase(TestCaseExecutor.java:418)
	at com.kms.katalon.core.main.TestCaseExecutor.accessMainPhase(TestCaseExecutor.java:410)
	at com.kms.katalon.core.main.TestCaseExecutor.execute(TestCaseExecutor.java:285)
	at com.kms.katalon.core.common.CommonExecutor.accessTestCaseMainPhase(CommonExecutor.java:65)
	at com.kms.katalon.core.main.TestSuiteExecutor.accessTestSuiteMainPhase(TestSuiteExecutor.java:148)
	at com.kms.katalon.core.main.TestSuiteExecutor.execute(TestSuiteExecutor.java:106)
	at com.kms.katalon.core.main.TestCaseMain.startTestSuite(TestCaseMain.java:187)
	at com.kms.katalon.core.main.TestCaseMain$startTestSuite$0.call(Unknown Source)
	at TempTestSuite1696486556660.run(TempTestSuite1696486556660.groovy:36)
)

2023-10-05 13:33:12 - [MESSAGE][FAILED] - Unable to verify text 'Please input an valid date.' is present  (Root cause: com.kms.katalon.core.exception.StepFailedException: Unable to verify text 'Please input an valid date.' is present 
	at com.kms.katalon.core.webui.keyword.internal.WebUIKeywordMain.stepFailed(WebUIKeywordMain.groovy:64)
	at com.kms.katalon.core.webui.keyword.internal.WebUIKeywordMain.runKeyword(WebUIKeywordMain.groovy:26)
	at com.kms.katalon.core.webui.keyword.builtin.VerifyTextPresentKeyword.verifyTextPresent(VerifyTextPresentKeyword.groovy:83)
	at com.kms.katalon.core.webui.keyword.builtin.VerifyTextPresentKeyword.execute(VerifyTextPresentKeyword.groovy:68)
	at com.kms.katalon.core.keyword.internal.KeywordExecutor.executeKeywordForPlatform(KeywordExecutor.groovy:74)
	at com.kms.katalon.core.webui.keyword.WebUiBuiltInKeywords.verifyTextPresent(WebUiBuiltInKeywords.groovy:1723)
	at com.kms.katalon.core.webui.keyword.WebUiBuiltInKeywords$verifyTextPresent$7.call(Unknown Source)
	at PBY-011.run(PBY-011:56)
	at com.kms.katalon.core.main.ScriptEngine.run(ScriptEngine.java:194)
	at com.kms.katalon.core.main.ScriptEngine.runScriptAsRawText(ScriptEngine.java:119)
	at com.kms.katalon.core.main.TestCaseExecutor.runScript(TestCaseExecutor.java:448)
	at com.kms.katalon.core.main.TestCaseExecutor.doExecute(TestCaseExecutor.java:439)
	at com.kms.katalon.core.main.TestCaseExecutor.processExecutionPhase(TestCaseExecutor.java:418)
	at com.kms.katalon.core.main.TestCaseExecutor.accessMainPhase(TestCaseExecutor.java:410)
	at com.kms.katalon.core.main.TestCaseExecutor.execute(TestCaseExecutor.java:285)
	at com.kms.katalon.core.common.CommonExecutor.accessTestCaseMainPhase(CommonExecutor.java:65)
	at com.kms.katalon.core.main.TestSuiteExecutor.accessTestSuiteMainPhase(TestSuiteExecutor.java:148)
	at com.kms.katalon.core.main.TestSuiteExecutor.execute(TestSuiteExecutor.java:106)
	at com.kms.katalon.core.main.TestCaseMain.startTestSuite(TestCaseMain.java:187)
	at com.kms.katalon.core.main.TestCaseMain$startTestSuite$0.call(Unknown Source)
	at TempTestSuite1696486556660.run(TempTestSuite1696486556660.groovy:36)
Caused by: com.kms.katalon.core.exception.StepFailedException: Text 'Please input an valid date.' is not present on page 
	at com.kms.katalon.core.webui.keyword.internal.WebUIKeywordMain.stepFailed(WebUIKeywordMain.groovy:64)
	at com.kms.katalon.core.webui.keyword.builtin.VerifyTextPresentKeyword$_verifyTextPresent_closure1.doCall(VerifyTextPresentKeyword.groovy:79)
	at com.kms.katalon.core.webui.keyword.builtin.VerifyTextPresentKeyword$_verifyTextPresent_closure1.call(VerifyTextPresentKeyword.groovy)
	at com.kms.katalon.core.webui.keyword.internal.WebUIKeywordMain.runKeyword(WebUIKeywordMain.groovy:20)
	... 19 more
)
[[ATTACHMENT|C:\\FT2 XSIS\\Projek 2 MINI PROJEK\\Reports\\20231005_131556\\T13 Pembelian, Shipment dan Pembayaran\\T13 Pembelian, Shipment dan Pembayaran\\20231005_131556\\1696487592393.png]]]]></system-out>
         <system-err><![CDATA[2023-10-05 13:32:09 - [TEST_CASE][FAILED] - Test Cases/T13 Pembelian, Shipment dan Pembayaran/PBY-011: Test Cases/T13 Pembelian, Shipment dan Pembayaran/PBY-011 FAILED.
Reason:
com.kms.katalon.core.exception.StepFailedException: Unable to verify text 'Please input an valid date.' is present 
	at com.kms.katalon.core.webui.keyword.internal.WebUIKeywordMain.stepFailed(WebUIKeywordMain.groovy:64)
	at com.kms.katalon.core.webui.keyword.internal.WebUIKeywordMain.runKeyword(WebUIKeywordMain.groovy:26)
	at com.kms.katalon.core.webui.keyword.builtin.VerifyTextPresentKeyword.verifyTextPresent(VerifyTextPresentKeyword.groovy:83)
	at com.kms.katalon.core.webui.keyword.builtin.VerifyTextPresentKeyword.execute(VerifyTextPresentKeyword.groovy:68)
	at com.kms.katalon.core.keyword.internal.KeywordExecutor.executeKeywordForPlatform(KeywordExecutor.groovy:74)
	at com.kms.katalon.core.webui.keyword.WebUiBuiltInKeywords.verifyTextPresent(WebUiBuiltInKeywords.groovy:1723)
	at com.kms.katalon.core.webui.keyword.WebUiBuiltInKeywords$verifyTextPresent$7.call(Unknown Source)
	at PBY-011.run(PBY-011:56)
	at com.kms.katalon.core.main.ScriptEngine.run(ScriptEngine.java:194)
	at com.kms.katalon.core.main.ScriptEngine.runScriptAsRawText(ScriptEngine.java:119)
	at com.kms.katalon.core.main.TestCaseExecutor.runScript(TestCaseExecutor.java:448)
	at com.kms.katalon.core.main.TestCaseExecutor.doExecute(TestCaseExecutor.java:439)
	at com.kms.katalon.core.main.TestCaseExecutor.processExecutionPhase(TestCaseExecutor.java:418)
	at com.kms.katalon.core.main.TestCaseExecutor.accessMainPhase(TestCaseExecutor.java:410)
	at com.kms.katalon.core.main.TestCaseExecutor.execute(TestCaseExecutor.java:285)
	at com.kms.katalon.core.common.CommonExecutor.accessTestCaseMainPhase(CommonExecutor.java:65)
	at com.kms.katalon.core.main.TestSuiteExecutor.accessTestSuiteMainPhase(TestSuiteExecutor.java:148)
	at com.kms.katalon.core.main.TestSuiteExecutor.execute(TestSuiteExecutor.java:106)
	at com.kms.katalon.core.main.TestCaseMain.startTestSuite(TestCaseMain.java:187)
	at com.kms.katalon.core.main.TestCaseMain$startTestSuite$0.call(Unknown Source)
	at TempTestSuite1696486556660.run(TempTestSuite1696486556660.groovy:36)
Caused by: com.kms.katalon.core.exception.StepFailedException: Text 'Please input an valid date.' is not present on page 
	at com.kms.katalon.core.webui.keyword.internal.WebUIKeywordMain.stepFailed(WebUIKeywordMain.groovy:64)
	at com.kms.katalon.core.webui.keyword.builtin.VerifyTextPresentKeyword$_verifyTextPresent_closure1.doCall(VerifyTextPresentKeyword.groovy:79)
	at com.kms.katalon.core.webui.keyword.builtin.VerifyTextPresentKeyword$_verifyTextPresent_closure1.call(VerifyTextPresentKeyword.groovy)
	at com.kms.katalon.core.webui.keyword.internal.WebUIKeywordMain.runKeyword(WebUIKeywordMain.groovy:20)
	... 19 more]]></system-err>
      </testcase>
      <testcase name="Test Cases/T13 Pembelian, Shipment dan Pembayaran/PBY-012" time="55.226" classname="Test Cases/T13 Pembelian, Shipment dan Pembayaran/PBY-012" status="PASSED">
         <system-out><![CDATA[2023-10-05 13:33:12 - [TEST_CASE][PASSED] - Test Cases/T13 Pembelian, Shipment dan Pembayaran/PBY-012: Test Cases/T13 Pembelian, Shipment dan Pembayaran/PBY-012

2023-10-05 13:33:12 - [TEST_STEP][PASSED] - data = callTestCase(findTestCase("T13 Pembelian, Shipment dan Pembayaran/PBY-001"), [:], STOP_ON_FAILURE): Call Test Case 'Test Cases/T13 Pembelian, Shipment dan Pembayaran/PBY-001' successfully

2023-10-05 13:33:13 - [TEST_CASE][PASSED] - Test Cases/T13 Pembelian, Shipment dan Pembayaran/PBY-001: Test Cases/T13 Pembelian, Shipment dan Pembayaran/PBY-001

2023-10-05 13:33:13 - [TEST_STEP][PASSED] - data = callTestCase(findTestCase("T13 Pembelian, Shipment dan Pembayaran/PBL-004"), ["Kurir":"Roda 2"], STOP_ON_FAILURE): Call Test Case 'Test Cases/T13 Pembelian, Shipment dan Pembayaran/PBL-004' successfully

2023-10-05 13:33:13 - [TEST_CASE][PASSED] - Test Cases/T13 Pembelian, Shipment dan Pembayaran/PBL-004: Test Cases/T13 Pembelian, Shipment dan Pembayaran/PBL-004

2023-10-05 13:33:13 - [TEST_STEP][PASSED] - data = callTestCase(findTestCase("T13 Pembelian, Shipment dan Pembayaran/PBL-002"), [:], STOP_ON_FAILURE): Call Test Case 'Test Cases/T13 Pembelian, Shipment dan Pembayaran/PBL-002' successfully

2023-10-05 13:33:13 - [TEST_CASE][PASSED] - Test Cases/T13 Pembelian, Shipment dan Pembayaran/PBL-002: Test Cases/T13 Pembelian, Shipment dan Pembayaran/PBL-002

2023-10-05 13:33:13 - [TEST_STEP][PASSED] - data = callTestCase(findTestCase("T13 Pembelian, Shipment dan Pembayaran/PBL-001"), [:], STOP_ON_FAILURE): Call Test Case 'Test Cases/T13 Pembelian, Shipment dan Pembayaran/PBL-001' successfully

2023-10-05 13:33:13 - [TEST_CASE][PASSED] - Test Cases/T13 Pembelian, Shipment dan Pembayaran/PBL-001: Test Cases/T13 Pembelian, Shipment dan Pembayaran/PBL-001

2023-10-05 13:33:13 - [TEST_STEP][PASSED] - callTestCase(findTestCase("T13 Pembelian, Shipment dan Pembayaran/LU-001"), ["username":"irfanafandi", "password":"12345irfan"], STOP_ON_FAILURE): Call Test Case 'Test Cases/T13 Pembelian, Shipment dan Pembayaran/LU-001' successfully

2023-10-05 13:33:13 - [TEST_CASE][PASSED] - Test Cases/T13 Pembelian, Shipment dan Pembayaran/LU-001: Test Cases/T13 Pembelian, Shipment dan Pembayaran/LU-001

2023-10-05 13:33:13 - [TEST_STEP][PASSED] - openBrowser("https://10.9.2.63/ecommerce/"): Browser is opened with url: 'https://10.9.2.63/ecommerce/'

2023-10-05 13:33:13 - [MESSAGE][WARNING] - A browser is already opened. Closing browser and opening a new one

2023-10-05 13:33:14 - [MESSAGE][INFO] - Starting 'Edge Chromium' driver

2023-10-05 13:33:14 - [MESSAGE][INFO] - User set preference: ['acceptInsecureCerts', 'true']

2023-10-05 13:33:16 - [MESSAGE][INFO] - Action delay is set to 0 milliseconds

2023-10-05 13:33:20 - [MESSAGE][PASSED] - Browser is opened with url: 'https://10.9.2.63/ecommerce/'

2023-10-05 13:33:20 - [TEST_STEP][PASSED] - maximizeWindow(): Current window maximized

2023-10-05 13:33:20 - [MESSAGE][PASSED] - Current window maximized

2023-10-05 13:33:20 - [TEST_STEP][PASSED] - verifyElementPresent(findTestObject("Login/Home"), 0): Object 'Object Repository/Login/Home' is present

2023-10-05 13:33:20 - [MESSAGE][WARNING] - Timeout '0' is invalid. Using default page load timeout: '30'

2023-10-05 13:33:21 - [MESSAGE][PASSED] - Object 'Object Repository/Login/Home' is present

2023-10-05 13:33:21 - [TEST_STEP][PASSED] - click(findTestObject("Login/a_Login")): Object: 'Object Repository/Login/a_Login' is clicked on

2023-10-05 13:33:21 - [MESSAGE][PASSED] - Object: 'Object Repository/Login/a_Login' is clicked on

2023-10-05 13:33:21 - [TEST_STEP][PASSED] - verifyElementPresent(findTestObject("Login/Tittle Login"), 0): Object 'Object Repository/Login/Tittle Login' is present

2023-10-05 13:33:21 - [MESSAGE][WARNING] - Timeout '0' is invalid. Using default page load timeout: '30'

2023-10-05 13:33:22 - [MESSAGE][PASSED] - Object 'Object Repository/Login/Tittle Login' is present

2023-10-05 13:33:22 - [TEST_STEP][PASSED] - setText(findTestObject("Login/input_Username, Email atau No. Handphone_a"), username): Text 'irfanafandi' is set on object 'Object Repository/Login/input_Username, Email atau No. Handphone_a'

2023-10-05 13:33:23 - [MESSAGE][PASSED] - Text 'irfanafandi' is set on object 'Object Repository/Login/input_Username, Email atau No. Handphone_a'

2023-10-05 13:33:23 - [TEST_STEP][PASSED] - setText(findTestObject("Login/input_Password_b"), password): Text '12345irfan' is set on object 'Object Repository/Login/input_Password_b'

2023-10-05 13:33:24 - [MESSAGE][PASSED] - Text '12345irfan' is set on object 'Object Repository/Login/input_Password_b'

2023-10-05 13:33:24 - [TEST_STEP][PASSED] - click(findTestObject("Login/label_Ingat saya")): Object: 'Object Repository/Login/label_Ingat saya' is clicked on

2023-10-05 13:33:24 - [MESSAGE][PASSED] - Object: 'Object Repository/Login/label_Ingat saya' is clicked on

2023-10-05 13:33:24 - [TEST_STEP][PASSED] - click(findTestObject("Login/button_Masuk")): Object: 'Object Repository/Login/button_Masuk' is clicked on

2023-10-05 13:33:26 - [MESSAGE][PASSED] - Object: 'Object Repository/Login/button_Masuk' is clicked on

2023-10-05 13:33:26 - [TEST_STEP][PASSED] - verifyElementPresent(findTestObject("Login/li_Profile"), 0): Object 'Object Repository/Login/li_Profile' is present

2023-10-05 13:33:26 - [MESSAGE][WARNING] - Timeout '0' is invalid. Using default page load timeout: '30'

2023-10-05 13:33:27 - [MESSAGE][PASSED] - Object 'Object Repository/Login/li_Profile' is present

2023-10-05 13:33:27 - [MESSAGE][PASSED] - Call Test Case 'Test Cases/T13 Pembelian, Shipment dan Pembayaran/LU-001' successfully

2023-10-05 13:33:27 - [TEST_STEP][PASSED] - mouseOver(findTestObject("beli barang/i_Mulai Belanja_icon-menu")): Object: 'Object Repository/beli barang/i_Mulai Belanja_icon-menu' is hovered

2023-10-05 13:33:27 - [MESSAGE][PASSED] - Object: 'Object Repository/beli barang/i_Mulai Belanja_icon-menu' is hovered

2023-10-05 13:33:27 - [TEST_STEP][PASSED] - click(findTestObject("beli barang/a_Fashion  Busana Wanita")): Object: 'Object Repository/beli barang/a_Fashion  Busana Wanita' is clicked on

2023-10-05 13:33:29 - [MESSAGE][PASSED] - Object: 'Object Repository/beli barang/a_Fashion  Busana Wanita' is clicked on

2023-10-05 13:33:29 - [TEST_STEP][PASSED] - NamaSebelum = getText(findTestObject("verifikasi/Nama sebelum")): Text of object 'Object Repository/verifikasi/Nama sebelum' is: ''

2023-10-05 13:33:29 - [MESSAGE][PASSED] - Text of object 'Object Repository/verifikasi/Nama sebelum' is: ''

2023-10-05 13:33:29 - [TEST_STEP][PASSED] - HargaSebelum = getText(findTestObject("verifikasi/Harga sebelum")): Text of object 'Object Repository/verifikasi/Harga sebelum' is: 'Rp 1,299'

2023-10-05 13:33:29 - [MESSAGE][PASSED] - Text of object 'Object Repository/verifikasi/Harga sebelum' is: 'Rp 1,299'

2023-10-05 13:33:29 - [TEST_STEP][PASSED] - mouseOver(findTestObject("beli barang/barang mouse over")): Object: 'Object Repository/beli barang/barang mouse over' is hovered

2023-10-05 13:33:30 - [MESSAGE][PASSED] - Object: 'Object Repository/beli barang/barang mouse over' is hovered

2023-10-05 13:33:30 - [TEST_STEP][PASSED] - click(findTestObject("beli barang/buttom add to cart")): Object: 'Object Repository/beli barang/buttom add to cart' is clicked on

2023-10-05 13:33:32 - [MESSAGE][PASSED] - Object: 'Object Repository/beli barang/buttom add to cart' is clicked on

2023-10-05 13:33:32 - [TEST_STEP][PASSED] - NamaSesudah = getText(findTestObject("verifikasi/Nama sesudah")): Text of object 'Object Repository/verifikasi/Nama sesudah' is: 'Segitiga Instan Madeira - MDB5.3 Sunset'

2023-10-05 13:33:32 - [MESSAGE][PASSED] - Text of object 'Object Repository/verifikasi/Nama sesudah' is: 'Segitiga Instan Madeira - MDB5.3 Sunset'

2023-10-05 13:33:32 - [TEST_STEP][PASSED] - HargaSesudah = getText(findTestObject("verifikasi/Harga sesudah")): Text of object 'Object Repository/verifikasi/Harga sesudah' is: 'Rp 1,299'

2023-10-05 13:33:33 - [MESSAGE][PASSED] - Text of object 'Object Repository/verifikasi/Harga sesudah' is: 'Rp 1,299'

2023-10-05 13:33:33 - [TEST_STEP][PASSED] - assert NamaSesudah.contains(NamaSebelum): null

2023-10-05 13:33:33 - [TEST_STEP][PASSED] - assert HargaSesudah.contains(HargaSebelum): null

2023-10-05 13:33:33 - [TEST_STEP][PASSED] - click(findTestObject("beli barang/Tambah Keranjang busana wanita")): Object: 'Object Repository/beli barang/Tambah Keranjang busana wanita' is clicked on

2023-10-05 13:33:33 - [MESSAGE][PASSED] - Object: 'Object Repository/beli barang/Tambah Keranjang busana wanita' is clicked on

2023-10-05 13:33:33 - [TEST_STEP][PASSED] - verifyElementPresent(findTestObject("checkout/Notifikasi keranjang"), 1): Object 'Object Repository/checkout/Notifikasi keranjang' is present

2023-10-05 13:33:34 - [MESSAGE][PASSED] - Object 'Object Repository/checkout/Notifikasi keranjang' is present

2023-10-05 13:33:34 - [TEST_STEP][PASSED] - data = new java.util.HashMap(): null

2023-10-05 13:33:34 - [TEST_STEP][PASSED] - data.put("nama_barang", NamaSesudah): null

2023-10-05 13:33:34 - [TEST_STEP][PASSED] - data.put("price_barang", HargaSesudah): null

2023-10-05 13:33:34 - [TEST_STEP][PASSED] - return data: null

2023-10-05 13:33:34 - [MESSAGE][PASSED] - Call Test Case 'Test Cases/T13 Pembelian, Shipment dan Pembayaran/PBL-001' successfully

2023-10-05 13:33:34 - [TEST_STEP][PASSED] - mouseOver(findTestObject("beli barang/keranjang")): Object: 'Object Repository/beli barang/keranjang' is hovered

2023-10-05 13:33:34 - [MESSAGE][PASSED] - Object: 'Object Repository/beli barang/keranjang' is hovered

2023-10-05 13:33:34 - [TEST_STEP][PASSED] - click(findTestObject("beli barang/Lihat Sekarang")): Object: 'Object Repository/beli barang/Lihat Sekarang' is clicked on

2023-10-05 13:33:35 - [MESSAGE][PASSED] - Object: 'Object Repository/beli barang/Lihat Sekarang' is clicked on

2023-10-05 13:33:35 - [TEST_STEP][PASSED] - verifyElementPresent(findTestObject("keranjang/li_Keranjang Belanja"), 0): Object 'Object Repository/keranjang/li_Keranjang Belanja' is present

2023-10-05 13:33:36 - [MESSAGE][WARNING] - Timeout '0' is invalid. Using default page load timeout: '30'

2023-10-05 13:33:37 - [MESSAGE][PASSED] - Object 'Object Repository/keranjang/li_Keranjang Belanja' is present

2023-10-05 13:33:37 - [TEST_STEP][PASSED] - NamaKeranjang = getText(findTestObject("verifikasi/Nama keranjang")): Text of object 'Object Repository/verifikasi/Nama keranjang' is: 'Segitiga Instan Madeira - MDB5.3 Sunset'

2023-10-05 13:33:37 - [MESSAGE][PASSED] - Text of object 'Object Repository/verifikasi/Nama keranjang' is: 'Segitiga Instan Madeira - MDB5.3 Sunset'

2023-10-05 13:33:37 - [TEST_STEP][PASSED] - HargaKeranjang = getText(findTestObject("verifikasi/Harga Keranjang")): Text of object 'Object Repository/verifikasi/Harga Keranjang' is: 'Rp 1,299'

2023-10-05 13:33:38 - [MESSAGE][PASSED] - Text of object 'Object Repository/verifikasi/Harga Keranjang' is: 'Rp 1,299'

2023-10-05 13:33:38 - [TEST_STEP][PASSED] - if (toString().equalsIgnoreCase("Merah")): Object 'Object Repository/keranjang/input_Warna_variasi101' is checked

2023-10-05 13:33:38 - [TEST_STEP][PASSED] - check(findTestObject("Object Repository/keranjang/input_Warna_variasi101")): Object 'Object Repository/keranjang/input_Warna_variasi101' is checked

2023-10-05 13:33:38 - [MESSAGE][PASSED] - Object 'Object Repository/keranjang/input_Warna_variasi101' is checked

2023-10-05 13:33:38 - [TEST_STEP][PASSED] - if (toString().equalsIgnoreCase("Menengah")): Object 'Object Repository/keranjang/input_Ukuran_variasi201' is checked

2023-10-05 13:33:38 - [TEST_STEP][PASSED] - check(findTestObject("Object Repository/keranjang/input_Ukuran_variasi201")): Object 'Object Repository/keranjang/input_Ukuran_variasi201' is checked

2023-10-05 13:33:38 - [MESSAGE][PASSED] - Object 'Object Repository/keranjang/input_Ukuran_variasi201' is checked

2023-10-05 13:33:38 - [TEST_STEP][PASSED] - data.put("Warna", warna): null

2023-10-05 13:33:38 - [TEST_STEP][PASSED] - data.put("Ukuran", ukuran): null

2023-10-05 13:33:38 - [TEST_STEP][PASSED] - click(findTestObject("keranjang/button_Lanjut ke Pembayaran")): Object: 'Object Repository/keranjang/button_Lanjut ke Pembayaran' is clicked on

2023-10-05 13:33:40 - [MESSAGE][PASSED] - Object: 'Object Repository/keranjang/button_Lanjut ke Pembayaran' is clicked on

2023-10-05 13:33:40 - [TEST_STEP][PASSED] - verifyElementPresent(findTestObject("checkout/Tittle Checkout Order"), 0): Object 'Object Repository/checkout/Tittle Checkout Order' is present

2023-10-05 13:33:40 - [MESSAGE][WARNING] - Timeout '0' is invalid. Using default page load timeout: '30'

2023-10-05 13:33:40 - [MESSAGE][PASSED] - Object 'Object Repository/checkout/Tittle Checkout Order' is present

2023-10-05 13:33:40 - [TEST_STEP][PASSED] - name_product = data.get("nama_barang"): null

2023-10-05 13:33:40 - [TEST_STEP][PASSED] - price_product = data.get("price_barang"): null

2023-10-05 13:33:40 - [TEST_STEP][PASSED] - assert name_product == NamaKeranjang: null

2023-10-05 13:33:40 - [TEST_STEP][PASSED] - assert price_product == HargaKeranjang: null

2023-10-05 13:33:40 - [TEST_STEP][PASSED] - return data: null

2023-10-05 13:33:40 - [MESSAGE][PASSED] - Call Test Case 'Test Cases/T13 Pembelian, Shipment dan Pembayaran/PBL-002' successfully

2023-10-05 13:33:40 - [TEST_STEP][PASSED] - warnaa = getText(findTestObject("verifikasi/warna Merah")): Text of object 'Object Repository/verifikasi/warna Merah' is: 'Merah'

2023-10-05 13:33:41 - [MESSAGE][PASSED] - Text of object 'Object Repository/verifikasi/warna Merah' is: 'Merah'

2023-10-05 13:33:41 - [TEST_STEP][PASSED] - ukurann = getText(findTestObject("verifikasi/Ukuran Menengah")): Text of object 'Object Repository/verifikasi/Ukuran Menengah' is: 'Menengah'

2023-10-05 13:33:41 - [MESSAGE][PASSED] - Text of object 'Object Repository/verifikasi/Ukuran Menengah' is: 'Menengah'

2023-10-05 13:33:41 - [TEST_STEP][PASSED] - warna1 = data.get("Warna"): null

2023-10-05 13:33:41 - [TEST_STEP][PASSED] - ukuran1 = data.get("Ukuran"): null

2023-10-05 13:33:41 - [TEST_STEP][PASSED] - assert warnaa == warna1: null

2023-10-05 13:33:41 - [TEST_STEP][PASSED] - assert ukurann == ukuran1: null

2023-10-05 13:33:41 - [TEST_STEP][PASSED] - NamaCheckout = getText(findTestObject("verifikasi/NamaCheckout")): Text of object 'Object Repository/verifikasi/NamaCheckout' is: ''

2023-10-05 13:33:42 - [MESSAGE][PASSED] - Text of object 'Object Repository/verifikasi/NamaCheckout' is: ''

2023-10-05 13:33:42 - [TEST_STEP][PASSED] - HargaCheckout = getText(findTestObject("verifikasi/HargaCheckout")): Text of object 'Object Repository/verifikasi/HargaCheckout' is: '1,299'

2023-10-05 13:33:42 - [MESSAGE][PASSED] - Text of object 'Object Repository/verifikasi/HargaCheckout' is: '1,299'

2023-10-05 13:33:42 - [TEST_STEP][PASSED] - name_product = data.get("nama_barang"): null

2023-10-05 13:33:42 - [TEST_STEP][PASSED] - price_product = data.get("price_barang"): null

2023-10-05 13:33:42 - [TEST_STEP][PASSED] - assert name_product.contains(NamaCheckout): null

2023-10-05 13:33:42 - [TEST_STEP][PASSED] - assert price_product.contains(HargaCheckout): null

2023-10-05 13:33:42 - [TEST_STEP][PASSED] - selectOptionByLabel(findTestObject("checkout/select - Kirim via Kurir Lokal"), Kurir, false): All options with label 'Roda 2' are selected in object 'Object Repository/checkout/select - Kirim via Kurir Lokal' 

2023-10-05 13:33:43 - [MESSAGE][PASSED] - All options with label 'Roda 2' are selected in object 'Object Repository/checkout/select - Kirim via Kurir Lokal' 

2023-10-05 13:33:43 - [TEST_STEP][PASSED] - click(findTestObject("checkout/Kendaraan Kurir")): Object: 'Object Repository/checkout/Kendaraan Kurir' is clicked on

2023-10-05 13:33:43 - [MESSAGE][PASSED] - Object: 'Object Repository/checkout/Kendaraan Kurir' is clicked on

2023-10-05 13:33:43 - [TEST_STEP][PASSED] - OngkosKirim = getText(findTestObject("Object Repository/verifikasi/Ongkos Kirim checkout")): Text of object 'Object Repository/verifikasi/Ongkos Kirim checkout' is: 'Rp. 5,000'

2023-10-05 13:33:44 - [MESSAGE][PASSED] - Text of object 'Object Repository/verifikasi/Ongkos Kirim checkout' is: 'Rp. 5,000'

2023-10-05 13:33:44 - [TEST_STEP][PASSED] - Ongkos = OngkosKirim.substring(3, OngkosKirim.size()): null

2023-10-05 13:33:44 - [TEST_STEP][PASSED] - rep = Ongkos.replace(",", "."): null

2023-10-05 13:33:44 - [TEST_STEP][PASSED] - Ongkos_kirim = Double.parseDouble(rep): null

2023-10-05 13:33:44 - [TEST_STEP][PASSED] - println(Ongkos_kirim): null

2023-10-05 13:33:44 - [TEST_STEP][PASSED] - FeeAdmin = getText(findTestObject("verifikasi/Fee Admin checkout")): Text of object 'Object Repository/verifikasi/Fee Admin checkout' is: 'Fee Admin
Rp 1,500'

2023-10-05 13:33:44 - [MESSAGE][PASSED] - Text of object 'Object Repository/verifikasi/Fee Admin checkout' is: 'Fee Admin
Rp 1,500'

2023-10-05 13:33:44 - [TEST_STEP][PASSED] - Fee_Admin = FeeAdmin.substring(12, FeeAdmin.size()): null

2023-10-05 13:33:44 - [TEST_STEP][PASSED] - fee = Fee_Admin.replace(",", "."): null

2023-10-05 13:33:44 - [TEST_STEP][PASSED] - fee_admin = Double.parseDouble(fee): null

2023-10-05 13:33:44 - [TEST_STEP][PASSED] - println(fee_admin): null

2023-10-05 13:33:44 - [TEST_STEP][PASSED] - Subtotal = getText(findTestObject("verifikasi/subtotal checkout")): Text of object 'Object Repository/verifikasi/subtotal checkout' is: 'Subtotal
Rp 1,299'

2023-10-05 13:33:45 - [MESSAGE][PASSED] - Text of object 'Object Repository/verifikasi/subtotal checkout' is: 'Subtotal
Rp 1,299'

2023-10-05 13:33:45 - [TEST_STEP][PASSED] - sub_total = Subtotal.substring(12, Subtotal.size()): null

2023-10-05 13:33:45 - [TEST_STEP][PASSED] - sub = sub_total.replace(",", "."): null

2023-10-05 13:33:45 - [TEST_STEP][PASSED] - sub_total = Double.parseDouble(sub): null

2023-10-05 13:33:45 - [TEST_STEP][PASSED] - println(sub_total): null

2023-10-05 13:33:45 - [TEST_STEP][PASSED] - Total = getText(findTestObject("verifikasi/Total checkout")): Text of object 'Object Repository/verifikasi/Total checkout' is: 'Rp 7,799'

2023-10-05 13:33:45 - [MESSAGE][PASSED] - Text of object 'Object Repository/verifikasi/Total checkout' is: 'Rp 7,799'

2023-10-05 13:33:45 - [TEST_STEP][PASSED] - totall = Total.substring(3, Total.size()): null

2023-10-05 13:33:45 - [TEST_STEP][PASSED] - total = totall.replace(",", "."): null

2023-10-05 13:33:45 - [TEST_STEP][PASSED] - totall = Double.parseDouble(total): null

2023-10-05 13:33:45 - [TEST_STEP][PASSED] - println(totall): null

2023-10-05 13:33:45 - [TEST_STEP][PASSED] - Total_Harga = Ongkos_kirim + fee_admin + sub_total: null

2023-10-05 13:33:45 - [TEST_STEP][PASSED] - println(Total_Harga): null

2023-10-05 13:33:45 - [TEST_STEP][PASSED] - TotalHarga = Math.round(Total_Harga * 1000) / 1000: null

2023-10-05 13:33:45 - [TEST_STEP][PASSED] - println(TotalHarga): null

2023-10-05 13:33:45 - [TEST_STEP][PASSED] - assert totall == TotalHarga: null

2023-10-05 13:33:45 - [TEST_STEP][PASSED] - click(findTestObject("verifikasi/Metode Transfer")): Object: 'Object Repository/verifikasi/Metode Transfer' is clicked on

2023-10-05 13:33:46 - [MESSAGE][PASSED] - Object: 'Object Repository/verifikasi/Metode Transfer' is clicked on

2023-10-05 13:33:46 - [TEST_STEP][PASSED] - click(findTestObject("checkout/button_Proses Pembayaran")): Object: 'Object Repository/checkout/button_Proses Pembayaran' is clicked on

2023-10-05 13:33:55 - [MESSAGE][PASSED] - Object: 'Object Repository/checkout/button_Proses Pembayaran' is clicked on

2023-10-05 13:33:55 - [TEST_STEP][PASSED] - verifyElementPresent(findTestObject("pembayaran/Tittle nomor invoice"), 0): Object 'Object Repository/pembayaran/Tittle nomor invoice' is present

2023-10-05 13:33:55 - [MESSAGE][WARNING] - Timeout '0' is invalid. Using default page load timeout: '30'

2023-10-05 13:33:55 - [MESSAGE][PASSED] - Object 'Object Repository/pembayaran/Tittle nomor invoice' is present

2023-10-05 13:33:55 - [TEST_STEP][PASSED] - return data: null

2023-10-05 13:33:55 - [MESSAGE][PASSED] - Call Test Case 'Test Cases/T13 Pembelian, Shipment dan Pembayaran/PBL-004' successfully

2023-10-05 13:33:55 - [TEST_STEP][PASSED] - Invoice = getText(findTestObject("pembayaran/nomor invoice")): Text of object 'Object Repository/pembayaran/nomor invoice' is: 'TRX60.20231005133350'

2023-10-05 13:33:56 - [MESSAGE][PASSED] - Text of object 'Object Repository/pembayaran/nomor invoice' is: 'TRX60.20231005133350'

2023-10-05 13:33:56 - [TEST_STEP][PASSED] - data.put("invoice", Invoice): null

2023-10-05 13:33:56 - [TEST_STEP][PASSED] - NamaPemesan = getText(findTestObject("Konfirmasi pesanan shop/Nama pemesan")): Text of object 'Object Repository/Konfirmasi pesanan shop/Nama pemesan' is: 'irfan.afandi'

2023-10-05 13:33:56 - [MESSAGE][PASSED] - Text of object 'Object Repository/Konfirmasi pesanan shop/Nama pemesan' is: 'irfan.afandi'

2023-10-05 13:33:56 - [TEST_STEP][PASSED] - Nama = getText(findTestObject("pembayaran/Nama barang")): Text of object 'Object Repository/pembayaran/Nama barang' is: 'Segitiga Instan Madeira - MDB5.3 Sunset'

2023-10-05 13:33:57 - [MESSAGE][PASSED] - Text of object 'Object Repository/pembayaran/Nama barang' is: 'Segitiga Instan Madeira - MDB5.3 Sunset'

2023-10-05 13:33:57 - [TEST_STEP][PASSED] - Harga = getText(findTestObject("pembayaran/Harga barang")): Text of object 'Object Repository/pembayaran/Harga barang' is: '1,299'

2023-10-05 13:33:57 - [MESSAGE][PASSED] - Text of object 'Object Repository/pembayaran/Harga barang' is: '1,299'

2023-10-05 13:33:57 - [TEST_STEP][PASSED] - name_product = data.get("nama_barang"): null

2023-10-05 13:33:57 - [TEST_STEP][PASSED] - price_product = data.get("price_barang"): null

2023-10-05 13:33:57 - [TEST_STEP][PASSED] - assert name_product.contains(Nama): null

2023-10-05 13:33:57 - [TEST_STEP][PASSED] - assert price_product.contains(Harga): null

2023-10-05 13:33:57 - [TEST_STEP][PASSED] - warnaa = getText(findTestObject("pembayaran/warna")): Text of object 'Object Repository/pembayaran/warna' is: 'Merah'

2023-10-05 13:33:58 - [MESSAGE][PASSED] - Text of object 'Object Repository/pembayaran/warna' is: 'Merah'

2023-10-05 13:33:58 - [TEST_STEP][PASSED] - ukurann = getText(findTestObject("pembayaran/ukuran")): Text of object 'Object Repository/pembayaran/ukuran' is: 'Menengah'

2023-10-05 13:33:58 - [MESSAGE][PASSED] - Text of object 'Object Repository/pembayaran/ukuran' is: 'Menengah'

2023-10-05 13:33:58 - [TEST_STEP][PASSED] - warna1 = data.get("Warna"): null

2023-10-05 13:33:58 - [TEST_STEP][PASSED] - ukuran1 = data.get("Ukuran"): null

2023-10-05 13:33:58 - [TEST_STEP][PASSED] - assert warnaa == warna1: null

2023-10-05 13:33:58 - [TEST_STEP][PASSED] - assert ukurann == ukuran1: null

2023-10-05 13:33:58 - [TEST_STEP][PASSED] - statusPembelian = getText(findTestObject("verifikasi/Status pending di pembelian")): Text of object 'Object Repository/verifikasi/Status pending di pembelian' is: 'Pending'

2023-10-05 13:33:59 - [MESSAGE][PASSED] - Text of object 'Object Repository/verifikasi/Status pending di pembelian' is: 'Pending'

2023-10-05 13:33:59 - [TEST_STEP][PASSED] - data.put("statusPem", statusPembelian): null

2023-10-05 13:33:59 - [TEST_STEP][PASSED] - OngkosKirim = getText(findTestObject("pembayaran/ongkos kirim")): Text of object 'Object Repository/pembayaran/ongkos kirim' is: 'Rp 5,000'

2023-10-05 13:33:59 - [MESSAGE][PASSED] - Text of object 'Object Repository/pembayaran/ongkos kirim' is: 'Rp 5,000'

2023-10-05 13:33:59 - [TEST_STEP][PASSED] - Ongkos = OngkosKirim.substring(3, OngkosKirim.size()): null

2023-10-05 13:33:59 - [TEST_STEP][PASSED] - rep = Ongkos.replace(",", ""): null

2023-10-05 13:33:59 - [TEST_STEP][PASSED] - Ongkos_kirimm = Integer.parseInt(rep): null

2023-10-05 13:33:59 - [TEST_STEP][PASSED] - println(Ongkos_kirimm): null

2023-10-05 13:33:59 - [TEST_STEP][PASSED] - FeeAdmin = getText(findTestObject("pembayaran/fee admin")): Text of object 'Object Repository/pembayaran/fee admin' is: 'Rp 1,500'

2023-10-05 13:34:00 - [MESSAGE][PASSED] - Text of object 'Object Repository/pembayaran/fee admin' is: 'Rp 1,500'

2023-10-05 13:34:00 - [TEST_STEP][PASSED] - Fee_Admin = FeeAdmin.substring(3, FeeAdmin.size()): null

2023-10-05 13:34:00 - [TEST_STEP][PASSED] - fee = Fee_Admin.replace(",", ""): null

2023-10-05 13:34:00 - [TEST_STEP][PASSED] - fee_adminn = Integer.parseInt(fee): null

2023-10-05 13:34:00 - [TEST_STEP][PASSED] - println(fee_adminn): null

2023-10-05 13:34:00 - [TEST_STEP][PASSED] - Subtotal = getText(findTestObject("pembayaran/subtotal")): Text of object 'Object Repository/pembayaran/subtotal' is: 'Rp 1,299'

2023-10-05 13:34:00 - [MESSAGE][PASSED] - Text of object 'Object Repository/pembayaran/subtotal' is: 'Rp 1,299'

2023-10-05 13:34:00 - [TEST_STEP][PASSED] - sub_total = Subtotal.substring(3, Subtotal.size()): null

2023-10-05 13:34:00 - [TEST_STEP][PASSED] - sub = sub_total.replace(",", ""): null

2023-10-05 13:34:00 - [TEST_STEP][PASSED] - sub_totall = Integer.parseInt(sub): null

2023-10-05 13:34:00 - [TEST_STEP][PASSED] - println(sub_totall): null

2023-10-05 13:34:00 - [TEST_STEP][PASSED] - unik = getText(findTestObject("pembayaran/kode unik")): Text of object 'Object Repository/pembayaran/kode unik' is: '+350'

2023-10-05 13:34:01 - [MESSAGE][PASSED] - Text of object 'Object Repository/pembayaran/kode unik' is: '+350'

2023-10-05 13:34:01 - [TEST_STEP][PASSED] - unikk = unik.replace("+", ""): null

2023-10-05 13:34:01 - [TEST_STEP][PASSED] - kode_unik = Integer.parseInt(unikk): null

2023-10-05 13:34:01 - [TEST_STEP][PASSED] - println(kode_unik): null

2023-10-05 13:34:01 - [TEST_STEP][PASSED] - Total = getText(findTestObject("pembayaran/total")): Text of object 'Object Repository/pembayaran/total' is: '8,149'

2023-10-05 13:34:01 - [MESSAGE][PASSED] - Text of object 'Object Repository/pembayaran/total' is: '8,149'

2023-10-05 13:34:01 - [TEST_STEP][PASSED] - total = Total.replace(",", ""): null

2023-10-05 13:34:01 - [TEST_STEP][PASSED] - totalll = Integer.parseInt(total): null

2023-10-05 13:34:01 - [TEST_STEP][PASSED] - println(totalll): null

2023-10-05 13:34:01 - [TEST_STEP][PASSED] - Total_Hargaa = Ongkos_kirimm + fee_adminn + sub_totall + kode_unik: null

2023-10-05 13:34:01 - [TEST_STEP][PASSED] - println(Total_Hargaa): null

2023-10-05 13:34:01 - [TEST_STEP][PASSED] - assert totalll == Total_Hargaa: null

2023-10-05 13:34:01 - [TEST_STEP][PASSED] - data.put("total", Total): null

2023-10-05 13:34:01 - [TEST_STEP][PASSED] - data.put("nama", NamaPemesan): null

2023-10-05 13:34:01 - [TEST_STEP][PASSED] - return data: null

2023-10-05 13:34:01 - [MESSAGE][PASSED] - Call Test Case 'Test Cases/T13 Pembelian, Shipment dan Pembayaran/PBY-001' successfully

2023-10-05 13:34:01 - [TEST_STEP][PASSED] - inv = data.get("invoice"): null

2023-10-05 13:34:01 - [TEST_STEP][PASSED] - Total = data.get("total"): null

2023-10-05 13:34:01 - [TEST_STEP][PASSED] - NamaPemesan = data.get("nama"): null

2023-10-05 13:34:01 - [TEST_STEP][PASSED] - click(findTestObject("Konfirmasi pesanan shop/Menu Shop")): Object: 'Object Repository/Konfirmasi pesanan shop/Menu Shop' is clicked on

2023-10-05 13:34:03 - [MESSAGE][PASSED] - Object: 'Object Repository/Konfirmasi pesanan shop/Menu Shop' is clicked on

2023-10-05 13:34:03 - [TEST_STEP][PASSED] - click(findTestObject("Konfirmasi pesanan shop/Menu Shop")): Object: 'Object Repository/Konfirmasi pesanan shop/Menu Shop' is clicked on

2023-10-05 13:34:04 - [MESSAGE][PASSED] - Object: 'Object Repository/Konfirmasi pesanan shop/Menu Shop' is clicked on

2023-10-05 13:34:04 - [TEST_STEP][PASSED] - click(findTestObject("Konfirmasi pesanan shop/Konfirmasi Orders")): Object: 'Object Repository/Konfirmasi pesanan shop/Konfirmasi Orders' is clicked on

2023-10-05 13:34:05 - [MESSAGE][PASSED] - Object: 'Object Repository/Konfirmasi pesanan shop/Konfirmasi Orders' is clicked on

2023-10-05 13:34:05 - [TEST_STEP][PASSED] - verifyElementPresent(findTestObject("Konfirmasi pesanan shop/Tittle Konfirmasi Pesanan"), 0): Object 'Object Repository/Konfirmasi pesanan shop/Tittle Konfirmasi Pesanan' is present

2023-10-05 13:34:05 - [MESSAGE][WARNING] - Timeout '0' is invalid. Using default page load timeout: '30'

2023-10-05 13:34:06 - [MESSAGE][PASSED] - Object 'Object Repository/Konfirmasi pesanan shop/Tittle Konfirmasi Pesanan' is present

2023-10-05 13:34:06 - [TEST_STEP][PASSED] - clearText(findTestObject("Konfirmasi pesanan shop/input_No Pesanan"), STOP_ON_FAILURE): Text of object 'Object Repository/Konfirmasi pesanan shop/input_No Pesanan' is cleared

2023-10-05 13:34:06 - [MESSAGE][PASSED] - Text of object 'Object Repository/Konfirmasi pesanan shop/input_No Pesanan' is cleared

2023-10-05 13:34:06 - [TEST_STEP][PASSED] - clearText(findTestObject("Konfirmasi pesanan shop/input_Alamat E-mai"), STOP_ON_FAILURE): Text of object 'Object Repository/Konfirmasi pesanan shop/input_Alamat E-mai' is cleared

2023-10-05 13:34:06 - [MESSAGE][PASSED] - Text of object 'Object Repository/Konfirmasi pesanan shop/input_Alamat E-mai' is cleared

2023-10-05 13:34:06 - [TEST_STEP][PASSED] - click(findTestObject("Konfirmasi pesanan shop/button_Submit")): Object: 'Object Repository/Konfirmasi pesanan shop/button_Submit' is clicked on

2023-10-05 13:34:07 - [MESSAGE][PASSED] - Object: 'Object Repository/Konfirmasi pesanan shop/button_Submit' is clicked on

2023-10-05 13:34:07 - [TEST_STEP][PASSED] - webDriver = getWebDriver(): null

2023-10-05 13:34:07 - [TEST_STEP][PASSED] - field_pesanan = webDriver.findElement(By.xpath("(//input[@name="a"])[3]")): null

2023-10-05 13:34:07 - [TEST_STEP][PASSED] - error_message = webDriver.executeScript("return arguments[0].validationMessage", field_pesanan): null

2023-10-05 13:34:07 - [TEST_STEP][PASSED] - println(error_message): null

2023-10-05 13:34:07 - [TEST_STEP][PASSED] - assert error_message == "Please fill out this field.": null

2023-10-05 13:34:07 - [TEST_STEP][PASSED] - return data: null]]></system-out>
         <system-err><![CDATA[]]></system-err>
      </testcase>
      <testcase name="Test Cases/T13 Pembelian, Shipment dan Pembayaran/PBY-013" time="56.747" classname="Test Cases/T13 Pembelian, Shipment dan Pembayaran/PBY-013" status="FAILED">
         <failure type="FAILED" message="Test Cases/T13 Pembelian, Shipment dan Pembayaran/PBY-013 FAILED.
Reason:
com.kms.katalon.core.exception.StepFailedException: Unable to verify text 'email not valid.' is present 
	at com.kms.katalon.core.webui.keyword.internal.WebUIKeywordMain.stepFailed(WebUIKeywordMain.groovy:64)
	at com.kms.katalon.core.webui.keyword.internal.WebUIKeywordMain.runKeyword(WebUIKeywordMain.groovy:26)
	at com.kms.katalon.core.webui.keyword.builtin.VerifyTextPresentKeyword.verifyTextPresent(VerifyTextPresentKeyword.groovy:83)
	at com.kms.katalon.core.webui.keyword.builtin.VerifyTextPresentKeyword.execute(VerifyTextPresentKeyword.groovy:68)
	at com.kms.katalon.core.keyword.internal.KeywordExecutor.executeKeywordForPlatform(KeywordExecutor.groovy:74)
	at com.kms.katalon.core.webui.keyword.WebUiBuiltInKeywords.verifyTextPresent(WebUiBuiltInKeywords.groovy:1723)
	at com.kms.katalon.core.webui.keyword.WebUiBuiltInKeywords$verifyTextPresent$7.call(Unknown Source)
	at PBY-013.run(PBY-013:42)
	at com.kms.katalon.core.main.ScriptEngine.run(ScriptEngine.java:194)
	at com.kms.katalon.core.main.ScriptEngine.runScriptAsRawText(ScriptEngine.java:119)
	at com.kms.katalon.core.main.TestCaseExecutor.runScript(TestCaseExecutor.java:448)
	at com.kms.katalon.core.main.TestCaseExecutor.doExecute(TestCaseExecutor.java:439)
	at com.kms.katalon.core.main.TestCaseExecutor.processExecutionPhase(TestCaseExecutor.java:418)
	at com.kms.katalon.core.main.TestCaseExecutor.accessMainPhase(TestCaseExecutor.java:410)
	at com.kms.katalon.core.main.TestCaseExecutor.execute(TestCaseExecutor.java:285)
	at com.kms.katalon.core.common.CommonExecutor.accessTestCaseMainPhase(CommonExecutor.java:65)
	at com.kms.katalon.core.main.TestSuiteExecutor.accessTestSuiteMainPhase(TestSuiteExecutor.java:148)
	at com.kms.katalon.core.main.TestSuiteExecutor.execute(TestSuiteExecutor.java:106)
	at com.kms.katalon.core.main.TestCaseMain.startTestSuite(TestCaseMain.java:187)
	at com.kms.katalon.core.main.TestCaseMain$startTestSuite$0.call(Unknown Source)
	at TempTestSuite1696486556660.run(TempTestSuite1696486556660.groovy:36)
Caused by: com.kms.katalon.core.exception.StepFailedException: Text 'email not valid.' is not present on page 
	at com.kms.katalon.core.webui.keyword.internal.WebUIKeywordMain.stepFailed(WebUIKeywordMain.groovy:64)
	at com.kms.katalon.core.webui.keyword.builtin.VerifyTextPresentKeyword$_verifyTextPresent_closure1.doCall(VerifyTextPresentKeyword.groovy:79)
	at com.kms.katalon.core.webui.keyword.builtin.VerifyTextPresentKeyword$_verifyTextPresent_closure1.call(VerifyTextPresentKeyword.groovy)
	at com.kms.katalon.core.webui.keyword.internal.WebUIKeywordMain.runKeyword(WebUIKeywordMain.groovy:20)
	... 19 more
"/>
         <system-out><![CDATA[2023-10-05 13:34:07 - [TEST_CASE][FAILED] - Test Cases/T13 Pembelian, Shipment dan Pembayaran/PBY-013: Test Cases/T13 Pembelian, Shipment dan Pembayaran/PBY-013 FAILED.
Reason:
com.kms.katalon.core.exception.StepFailedException: Unable to verify text 'email not valid.' is present 
	at com.kms.katalon.core.webui.keyword.internal.WebUIKeywordMain.stepFailed(WebUIKeywordMain.groovy:64)
	at com.kms.katalon.core.webui.keyword.internal.WebUIKeywordMain.runKeyword(WebUIKeywordMain.groovy:26)
	at com.kms.katalon.core.webui.keyword.builtin.VerifyTextPresentKeyword.verifyTextPresent(VerifyTextPresentKeyword.groovy:83)
	at com.kms.katalon.core.webui.keyword.builtin.VerifyTextPresentKeyword.execute(VerifyTextPresentKeyword.groovy:68)
	at com.kms.katalon.core.keyword.internal.KeywordExecutor.executeKeywordForPlatform(KeywordExecutor.groovy:74)
	at com.kms.katalon.core.webui.keyword.WebUiBuiltInKeywords.verifyTextPresent(WebUiBuiltInKeywords.groovy:1723)
	at com.kms.katalon.core.webui.keyword.WebUiBuiltInKeywords$verifyTextPresent$7.call(Unknown Source)
	at PBY-013.run(PBY-013:42)
	at com.kms.katalon.core.main.ScriptEngine.run(ScriptEngine.java:194)
	at com.kms.katalon.core.main.ScriptEngine.runScriptAsRawText(ScriptEngine.java:119)
	at com.kms.katalon.core.main.TestCaseExecutor.runScript(TestCaseExecutor.java:448)
	at com.kms.katalon.core.main.TestCaseExecutor.doExecute(TestCaseExecutor.java:439)
	at com.kms.katalon.core.main.TestCaseExecutor.processExecutionPhase(TestCaseExecutor.java:418)
	at com.kms.katalon.core.main.TestCaseExecutor.accessMainPhase(TestCaseExecutor.java:410)
	at com.kms.katalon.core.main.TestCaseExecutor.execute(TestCaseExecutor.java:285)
	at com.kms.katalon.core.common.CommonExecutor.accessTestCaseMainPhase(CommonExecutor.java:65)
	at com.kms.katalon.core.main.TestSuiteExecutor.accessTestSuiteMainPhase(TestSuiteExecutor.java:148)
	at com.kms.katalon.core.main.TestSuiteExecutor.execute(TestSuiteExecutor.java:106)
	at com.kms.katalon.core.main.TestCaseMain.startTestSuite(TestCaseMain.java:187)
	at com.kms.katalon.core.main.TestCaseMain$startTestSuite$0.call(Unknown Source)
	at TempTestSuite1696486556660.run(TempTestSuite1696486556660.groovy:36)
Caused by: com.kms.katalon.core.exception.StepFailedException: Text 'email not valid.' is not present on page 
	at com.kms.katalon.core.webui.keyword.internal.WebUIKeywordMain.stepFailed(WebUIKeywordMain.groovy:64)
	at com.kms.katalon.core.webui.keyword.builtin.VerifyTextPresentKeyword$_verifyTextPresent_closure1.doCall(VerifyTextPresentKeyword.groovy:79)
	at com.kms.katalon.core.webui.keyword.builtin.VerifyTextPresentKeyword$_verifyTextPresent_closure1.call(VerifyTextPresentKeyword.groovy)
	at com.kms.katalon.core.webui.keyword.internal.WebUIKeywordMain.runKeyword(WebUIKeywordMain.groovy:20)
	... 19 more


2023-10-05 13:34:08 - [TEST_STEP][PASSED] - data = callTestCase(findTestCase("T13 Pembelian, Shipment dan Pembayaran/PBY-001"), [:], STOP_ON_FAILURE): Call Test Case 'Test Cases/T13 Pembelian, Shipment dan Pembayaran/PBY-001' successfully

2023-10-05 13:34:08 - [TEST_CASE][PASSED] - Test Cases/T13 Pembelian, Shipment dan Pembayaran/PBY-001: Test Cases/T13 Pembelian, Shipment dan Pembayaran/PBY-001

2023-10-05 13:34:08 - [TEST_STEP][PASSED] - data = callTestCase(findTestCase("T13 Pembelian, Shipment dan Pembayaran/PBL-004"), ["Kurir":"Roda 2"], STOP_ON_FAILURE): Call Test Case 'Test Cases/T13 Pembelian, Shipment dan Pembayaran/PBL-004' successfully

2023-10-05 13:34:08 - [TEST_CASE][PASSED] - Test Cases/T13 Pembelian, Shipment dan Pembayaran/PBL-004: Test Cases/T13 Pembelian, Shipment dan Pembayaran/PBL-004

2023-10-05 13:34:08 - [TEST_STEP][PASSED] - data = callTestCase(findTestCase("T13 Pembelian, Shipment dan Pembayaran/PBL-002"), [:], STOP_ON_FAILURE): Call Test Case 'Test Cases/T13 Pembelian, Shipment dan Pembayaran/PBL-002' successfully

2023-10-05 13:34:08 - [TEST_CASE][PASSED] - Test Cases/T13 Pembelian, Shipment dan Pembayaran/PBL-002: Test Cases/T13 Pembelian, Shipment dan Pembayaran/PBL-002

2023-10-05 13:34:08 - [TEST_STEP][PASSED] - data = callTestCase(findTestCase("T13 Pembelian, Shipment dan Pembayaran/PBL-001"), [:], STOP_ON_FAILURE): Call Test Case 'Test Cases/T13 Pembelian, Shipment dan Pembayaran/PBL-001' successfully

2023-10-05 13:34:08 - [TEST_CASE][PASSED] - Test Cases/T13 Pembelian, Shipment dan Pembayaran/PBL-001: Test Cases/T13 Pembelian, Shipment dan Pembayaran/PBL-001

2023-10-05 13:34:08 - [TEST_STEP][PASSED] - callTestCase(findTestCase("T13 Pembelian, Shipment dan Pembayaran/LU-001"), ["username":"irfanafandi", "password":"12345irfan"], STOP_ON_FAILURE): Call Test Case 'Test Cases/T13 Pembelian, Shipment dan Pembayaran/LU-001' successfully

2023-10-05 13:34:08 - [TEST_CASE][PASSED] - Test Cases/T13 Pembelian, Shipment dan Pembayaran/LU-001: Test Cases/T13 Pembelian, Shipment dan Pembayaran/LU-001

2023-10-05 13:34:08 - [TEST_STEP][PASSED] - openBrowser("https://10.9.2.63/ecommerce/"): Browser is opened with url: 'https://10.9.2.63/ecommerce/'

2023-10-05 13:34:08 - [MESSAGE][WARNING] - A browser is already opened. Closing browser and opening a new one

2023-10-05 13:34:09 - [MESSAGE][INFO] - Starting 'Edge Chromium' driver

2023-10-05 13:34:09 - [MESSAGE][INFO] - User set preference: ['acceptInsecureCerts', 'true']

2023-10-05 13:34:11 - [MESSAGE][INFO] - Action delay is set to 0 milliseconds

2023-10-05 13:34:14 - [MESSAGE][PASSED] - Browser is opened with url: 'https://10.9.2.63/ecommerce/'

2023-10-05 13:34:14 - [TEST_STEP][PASSED] - maximizeWindow(): Current window maximized

2023-10-05 13:34:15 - [MESSAGE][PASSED] - Current window maximized

2023-10-05 13:34:15 - [TEST_STEP][PASSED] - verifyElementPresent(findTestObject("Login/Home"), 0): Object 'Object Repository/Login/Home' is present

2023-10-05 13:34:15 - [MESSAGE][WARNING] - Timeout '0' is invalid. Using default page load timeout: '30'

2023-10-05 13:34:15 - [MESSAGE][PASSED] - Object 'Object Repository/Login/Home' is present

2023-10-05 13:34:15 - [TEST_STEP][PASSED] - click(findTestObject("Login/a_Login")): Object: 'Object Repository/Login/a_Login' is clicked on

2023-10-05 13:34:16 - [MESSAGE][PASSED] - Object: 'Object Repository/Login/a_Login' is clicked on

2023-10-05 13:34:16 - [TEST_STEP][PASSED] - verifyElementPresent(findTestObject("Login/Tittle Login"), 0): Object 'Object Repository/Login/Tittle Login' is present

2023-10-05 13:34:16 - [MESSAGE][WARNING] - Timeout '0' is invalid. Using default page load timeout: '30'

2023-10-05 13:34:17 - [MESSAGE][PASSED] - Object 'Object Repository/Login/Tittle Login' is present

2023-10-05 13:34:17 - [TEST_STEP][PASSED] - setText(findTestObject("Login/input_Username, Email atau No. Handphone_a"), username): Text 'irfanafandi' is set on object 'Object Repository/Login/input_Username, Email atau No. Handphone_a'

2023-10-05 13:34:17 - [MESSAGE][PASSED] - Text 'irfanafandi' is set on object 'Object Repository/Login/input_Username, Email atau No. Handphone_a'

2023-10-05 13:34:17 - [TEST_STEP][PASSED] - setText(findTestObject("Login/input_Password_b"), password): Text '12345irfan' is set on object 'Object Repository/Login/input_Password_b'

2023-10-05 13:34:18 - [MESSAGE][PASSED] - Text '12345irfan' is set on object 'Object Repository/Login/input_Password_b'

2023-10-05 13:34:18 - [TEST_STEP][PASSED] - click(findTestObject("Login/label_Ingat saya")): Object: 'Object Repository/Login/label_Ingat saya' is clicked on

2023-10-05 13:34:19 - [MESSAGE][PASSED] - Object: 'Object Repository/Login/label_Ingat saya' is clicked on

2023-10-05 13:34:19 - [TEST_STEP][PASSED] - click(findTestObject("Login/button_Masuk")): Object: 'Object Repository/Login/button_Masuk' is clicked on

2023-10-05 13:34:21 - [MESSAGE][PASSED] - Object: 'Object Repository/Login/button_Masuk' is clicked on

2023-10-05 13:34:21 - [TEST_STEP][PASSED] - verifyElementPresent(findTestObject("Login/li_Profile"), 0): Object 'Object Repository/Login/li_Profile' is present

2023-10-05 13:34:21 - [MESSAGE][WARNING] - Timeout '0' is invalid. Using default page load timeout: '30'

2023-10-05 13:34:21 - [MESSAGE][PASSED] - Object 'Object Repository/Login/li_Profile' is present

2023-10-05 13:34:21 - [MESSAGE][PASSED] - Call Test Case 'Test Cases/T13 Pembelian, Shipment dan Pembayaran/LU-001' successfully

2023-10-05 13:34:21 - [TEST_STEP][PASSED] - mouseOver(findTestObject("beli barang/i_Mulai Belanja_icon-menu")): Object: 'Object Repository/beli barang/i_Mulai Belanja_icon-menu' is hovered

2023-10-05 13:34:22 - [MESSAGE][PASSED] - Object: 'Object Repository/beli barang/i_Mulai Belanja_icon-menu' is hovered

2023-10-05 13:34:22 - [TEST_STEP][PASSED] - click(findTestObject("beli barang/a_Fashion  Busana Wanita")): Object: 'Object Repository/beli barang/a_Fashion  Busana Wanita' is clicked on

2023-10-05 13:34:23 - [MESSAGE][PASSED] - Object: 'Object Repository/beli barang/a_Fashion  Busana Wanita' is clicked on

2023-10-05 13:34:23 - [TEST_STEP][PASSED] - NamaSebelum = getText(findTestObject("verifikasi/Nama sebelum")): Text of object 'Object Repository/verifikasi/Nama sebelum' is: ''

2023-10-05 13:34:24 - [MESSAGE][PASSED] - Text of object 'Object Repository/verifikasi/Nama sebelum' is: ''

2023-10-05 13:34:24 - [TEST_STEP][PASSED] - HargaSebelum = getText(findTestObject("verifikasi/Harga sebelum")): Text of object 'Object Repository/verifikasi/Harga sebelum' is: 'Rp 1,299'

2023-10-05 13:34:24 - [MESSAGE][PASSED] - Text of object 'Object Repository/verifikasi/Harga sebelum' is: 'Rp 1,299'

2023-10-05 13:34:24 - [TEST_STEP][PASSED] - mouseOver(findTestObject("beli barang/barang mouse over")): Object: 'Object Repository/beli barang/barang mouse over' is hovered

2023-10-05 13:34:25 - [MESSAGE][PASSED] - Object: 'Object Repository/beli barang/barang mouse over' is hovered

2023-10-05 13:34:25 - [TEST_STEP][PASSED] - click(findTestObject("beli barang/buttom add to cart")): Object: 'Object Repository/beli barang/buttom add to cart' is clicked on

2023-10-05 13:34:26 - [MESSAGE][PASSED] - Object: 'Object Repository/beli barang/buttom add to cart' is clicked on

2023-10-05 13:34:26 - [TEST_STEP][PASSED] - NamaSesudah = getText(findTestObject("verifikasi/Nama sesudah")): Text of object 'Object Repository/verifikasi/Nama sesudah' is: 'Segitiga Instan Madeira - MDB5.3 Sunset'

2023-10-05 13:34:27 - [MESSAGE][PASSED] - Text of object 'Object Repository/verifikasi/Nama sesudah' is: 'Segitiga Instan Madeira - MDB5.3 Sunset'

2023-10-05 13:34:27 - [TEST_STEP][PASSED] - HargaSesudah = getText(findTestObject("verifikasi/Harga sesudah")): Text of object 'Object Repository/verifikasi/Harga sesudah' is: 'Rp 1,299'

2023-10-05 13:34:27 - [MESSAGE][PASSED] - Text of object 'Object Repository/verifikasi/Harga sesudah' is: 'Rp 1,299'

2023-10-05 13:34:27 - [TEST_STEP][PASSED] - assert NamaSesudah.contains(NamaSebelum): null

2023-10-05 13:34:27 - [TEST_STEP][PASSED] - assert HargaSesudah.contains(HargaSebelum): null

2023-10-05 13:34:27 - [TEST_STEP][PASSED] - click(findTestObject("beli barang/Tambah Keranjang busana wanita")): Object: 'Object Repository/beli barang/Tambah Keranjang busana wanita' is clicked on

2023-10-05 13:34:28 - [MESSAGE][PASSED] - Object: 'Object Repository/beli barang/Tambah Keranjang busana wanita' is clicked on

2023-10-05 13:34:28 - [TEST_STEP][PASSED] - verifyElementPresent(findTestObject("checkout/Notifikasi keranjang"), 1): Object 'Object Repository/checkout/Notifikasi keranjang' is present

2023-10-05 13:34:29 - [MESSAGE][PASSED] - Object 'Object Repository/checkout/Notifikasi keranjang' is present

2023-10-05 13:34:29 - [TEST_STEP][PASSED] - data = new java.util.HashMap(): null

2023-10-05 13:34:29 - [TEST_STEP][PASSED] - data.put("nama_barang", NamaSesudah): null

2023-10-05 13:34:29 - [TEST_STEP][PASSED] - data.put("price_barang", HargaSesudah): null

2023-10-05 13:34:29 - [TEST_STEP][PASSED] - return data: null

2023-10-05 13:34:29 - [MESSAGE][PASSED] - Call Test Case 'Test Cases/T13 Pembelian, Shipment dan Pembayaran/PBL-001' successfully

2023-10-05 13:34:29 - [TEST_STEP][PASSED] - mouseOver(findTestObject("beli barang/keranjang")): Object: 'Object Repository/beli barang/keranjang' is hovered

2023-10-05 13:34:29 - [MESSAGE][PASSED] - Object: 'Object Repository/beli barang/keranjang' is hovered

2023-10-05 13:34:29 - [TEST_STEP][PASSED] - click(findTestObject("beli barang/Lihat Sekarang")): Object: 'Object Repository/beli barang/Lihat Sekarang' is clicked on

2023-10-05 13:34:30 - [MESSAGE][PASSED] - Object: 'Object Repository/beli barang/Lihat Sekarang' is clicked on

2023-10-05 13:34:30 - [TEST_STEP][PASSED] - verifyElementPresent(findTestObject("keranjang/li_Keranjang Belanja"), 0): Object 'Object Repository/keranjang/li_Keranjang Belanja' is present

2023-10-05 13:34:30 - [MESSAGE][WARNING] - Timeout '0' is invalid. Using default page load timeout: '30'

2023-10-05 13:34:32 - [MESSAGE][PASSED] - Object 'Object Repository/keranjang/li_Keranjang Belanja' is present

2023-10-05 13:34:32 - [TEST_STEP][PASSED] - NamaKeranjang = getText(findTestObject("verifikasi/Nama keranjang")): Text of object 'Object Repository/verifikasi/Nama keranjang' is: 'Segitiga Instan Madeira - MDB5.3 Sunset'

2023-10-05 13:34:32 - [MESSAGE][PASSED] - Text of object 'Object Repository/verifikasi/Nama keranjang' is: 'Segitiga Instan Madeira - MDB5.3 Sunset'

2023-10-05 13:34:32 - [TEST_STEP][PASSED] - HargaKeranjang = getText(findTestObject("verifikasi/Harga Keranjang")): Text of object 'Object Repository/verifikasi/Harga Keranjang' is: 'Rp 1,299'

2023-10-05 13:34:32 - [MESSAGE][PASSED] - Text of object 'Object Repository/verifikasi/Harga Keranjang' is: 'Rp 1,299'

2023-10-05 13:34:32 - [TEST_STEP][PASSED] - if (toString().equalsIgnoreCase("Merah")): Object 'Object Repository/keranjang/input_Warna_variasi101' is checked

2023-10-05 13:34:32 - [TEST_STEP][PASSED] - check(findTestObject("Object Repository/keranjang/input_Warna_variasi101")): Object 'Object Repository/keranjang/input_Warna_variasi101' is checked

2023-10-05 13:34:33 - [MESSAGE][PASSED] - Object 'Object Repository/keranjang/input_Warna_variasi101' is checked

2023-10-05 13:34:33 - [TEST_STEP][PASSED] - if (toString().equalsIgnoreCase("Menengah")): Object 'Object Repository/keranjang/input_Ukuran_variasi201' is checked

2023-10-05 13:34:33 - [TEST_STEP][PASSED] - check(findTestObject("Object Repository/keranjang/input_Ukuran_variasi201")): Object 'Object Repository/keranjang/input_Ukuran_variasi201' is checked

2023-10-05 13:34:33 - [MESSAGE][PASSED] - Object 'Object Repository/keranjang/input_Ukuran_variasi201' is checked

2023-10-05 13:34:33 - [TEST_STEP][PASSED] - data.put("Warna", warna): null

2023-10-05 13:34:33 - [TEST_STEP][PASSED] - data.put("Ukuran", ukuran): null

2023-10-05 13:34:33 - [TEST_STEP][PASSED] - click(findTestObject("keranjang/button_Lanjut ke Pembayaran")): Object: 'Object Repository/keranjang/button_Lanjut ke Pembayaran' is clicked on

2023-10-05 13:34:35 - [MESSAGE][PASSED] - Object: 'Object Repository/keranjang/button_Lanjut ke Pembayaran' is clicked on

2023-10-05 13:34:35 - [TEST_STEP][PASSED] - verifyElementPresent(findTestObject("checkout/Tittle Checkout Order"), 0): Object 'Object Repository/checkout/Tittle Checkout Order' is present

2023-10-05 13:34:35 - [MESSAGE][WARNING] - Timeout '0' is invalid. Using default page load timeout: '30'

2023-10-05 13:34:35 - [MESSAGE][PASSED] - Object 'Object Repository/checkout/Tittle Checkout Order' is present

2023-10-05 13:34:35 - [TEST_STEP][PASSED] - name_product = data.get("nama_barang"): null

2023-10-05 13:34:35 - [TEST_STEP][PASSED] - price_product = data.get("price_barang"): null

2023-10-05 13:34:35 - [TEST_STEP][PASSED] - assert name_product == NamaKeranjang: null

2023-10-05 13:34:35 - [TEST_STEP][PASSED] - assert price_product == HargaKeranjang: null

2023-10-05 13:34:35 - [TEST_STEP][PASSED] - return data: null

2023-10-05 13:34:35 - [MESSAGE][PASSED] - Call Test Case 'Test Cases/T13 Pembelian, Shipment dan Pembayaran/PBL-002' successfully

2023-10-05 13:34:35 - [TEST_STEP][PASSED] - warnaa = getText(findTestObject("verifikasi/warna Merah")): Text of object 'Object Repository/verifikasi/warna Merah' is: 'Merah'

2023-10-05 13:34:36 - [MESSAGE][PASSED] - Text of object 'Object Repository/verifikasi/warna Merah' is: 'Merah'

2023-10-05 13:34:36 - [TEST_STEP][PASSED] - ukurann = getText(findTestObject("verifikasi/Ukuran Menengah")): Text of object 'Object Repository/verifikasi/Ukuran Menengah' is: 'Menengah'

2023-10-05 13:34:36 - [MESSAGE][PASSED] - Text of object 'Object Repository/verifikasi/Ukuran Menengah' is: 'Menengah'

2023-10-05 13:34:36 - [TEST_STEP][PASSED] - warna1 = data.get("Warna"): null

2023-10-05 13:34:36 - [TEST_STEP][PASSED] - ukuran1 = data.get("Ukuran"): null

2023-10-05 13:34:36 - [TEST_STEP][PASSED] - assert warnaa == warna1: null

2023-10-05 13:34:36 - [TEST_STEP][PASSED] - assert ukurann == ukuran1: null

2023-10-05 13:34:36 - [TEST_STEP][PASSED] - NamaCheckout = getText(findTestObject("verifikasi/NamaCheckout")): Text of object 'Object Repository/verifikasi/NamaCheckout' is: ''

2023-10-05 13:34:37 - [MESSAGE][PASSED] - Text of object 'Object Repository/verifikasi/NamaCheckout' is: ''

2023-10-05 13:34:37 - [TEST_STEP][PASSED] - HargaCheckout = getText(findTestObject("verifikasi/HargaCheckout")): Text of object 'Object Repository/verifikasi/HargaCheckout' is: '1,299'

2023-10-05 13:34:37 - [MESSAGE][PASSED] - Text of object 'Object Repository/verifikasi/HargaCheckout' is: '1,299'

2023-10-05 13:34:37 - [TEST_STEP][PASSED] - name_product = data.get("nama_barang"): null

2023-10-05 13:34:37 - [TEST_STEP][PASSED] - price_product = data.get("price_barang"): null

2023-10-05 13:34:37 - [TEST_STEP][PASSED] - assert name_product.contains(NamaCheckout): null

2023-10-05 13:34:37 - [TEST_STEP][PASSED] - assert price_product.contains(HargaCheckout): null

2023-10-05 13:34:37 - [TEST_STEP][PASSED] - selectOptionByLabel(findTestObject("checkout/select - Kirim via Kurir Lokal"), Kurir, false): All options with label 'Roda 2' are selected in object 'Object Repository/checkout/select - Kirim via Kurir Lokal' 

2023-10-05 13:34:38 - [MESSAGE][PASSED] - All options with label 'Roda 2' are selected in object 'Object Repository/checkout/select - Kirim via Kurir Lokal' 

2023-10-05 13:34:38 - [TEST_STEP][PASSED] - click(findTestObject("checkout/Kendaraan Kurir")): Object: 'Object Repository/checkout/Kendaraan Kurir' is clicked on

2023-10-05 13:34:38 - [MESSAGE][PASSED] - Object: 'Object Repository/checkout/Kendaraan Kurir' is clicked on

2023-10-05 13:34:38 - [TEST_STEP][PASSED] - OngkosKirim = getText(findTestObject("Object Repository/verifikasi/Ongkos Kirim checkout")): Text of object 'Object Repository/verifikasi/Ongkos Kirim checkout' is: 'Rp. 5,000'

2023-10-05 13:34:39 - [MESSAGE][PASSED] - Text of object 'Object Repository/verifikasi/Ongkos Kirim checkout' is: 'Rp. 5,000'

2023-10-05 13:34:39 - [TEST_STEP][PASSED] - Ongkos = OngkosKirim.substring(3, OngkosKirim.size()): null

2023-10-05 13:34:39 - [TEST_STEP][PASSED] - rep = Ongkos.replace(",", "."): null

2023-10-05 13:34:39 - [TEST_STEP][PASSED] - Ongkos_kirim = Double.parseDouble(rep): null

2023-10-05 13:34:39 - [TEST_STEP][PASSED] - println(Ongkos_kirim): null

2023-10-05 13:34:39 - [TEST_STEP][PASSED] - FeeAdmin = getText(findTestObject("verifikasi/Fee Admin checkout")): Text of object 'Object Repository/verifikasi/Fee Admin checkout' is: 'Fee Admin
Rp 1,500'

2023-10-05 13:34:39 - [MESSAGE][PASSED] - Text of object 'Object Repository/verifikasi/Fee Admin checkout' is: 'Fee Admin
Rp 1,500'

2023-10-05 13:34:39 - [TEST_STEP][PASSED] - Fee_Admin = FeeAdmin.substring(12, FeeAdmin.size()): null

2023-10-05 13:34:39 - [TEST_STEP][PASSED] - fee = Fee_Admin.replace(",", "."): null

2023-10-05 13:34:39 - [TEST_STEP][PASSED] - fee_admin = Double.parseDouble(fee): null

2023-10-05 13:34:39 - [TEST_STEP][PASSED] - println(fee_admin): null

2023-10-05 13:34:39 - [TEST_STEP][PASSED] - Subtotal = getText(findTestObject("verifikasi/subtotal checkout")): Text of object 'Object Repository/verifikasi/subtotal checkout' is: 'Subtotal
Rp 1,299'

2023-10-05 13:34:40 - [MESSAGE][PASSED] - Text of object 'Object Repository/verifikasi/subtotal checkout' is: 'Subtotal
Rp 1,299'

2023-10-05 13:34:40 - [TEST_STEP][PASSED] - sub_total = Subtotal.substring(12, Subtotal.size()): null

2023-10-05 13:34:40 - [TEST_STEP][PASSED] - sub = sub_total.replace(",", "."): null

2023-10-05 13:34:40 - [TEST_STEP][PASSED] - sub_total = Double.parseDouble(sub): null

2023-10-05 13:34:40 - [TEST_STEP][PASSED] - println(sub_total): null

2023-10-05 13:34:40 - [TEST_STEP][PASSED] - Total = getText(findTestObject("verifikasi/Total checkout")): Text of object 'Object Repository/verifikasi/Total checkout' is: 'Rp 7,799'

2023-10-05 13:34:40 - [MESSAGE][PASSED] - Text of object 'Object Repository/verifikasi/Total checkout' is: 'Rp 7,799'

2023-10-05 13:34:40 - [TEST_STEP][PASSED] - totall = Total.substring(3, Total.size()): null

2023-10-05 13:34:40 - [TEST_STEP][PASSED] - total = totall.replace(",", "."): null

2023-10-05 13:34:40 - [TEST_STEP][PASSED] - totall = Double.parseDouble(total): null

2023-10-05 13:34:40 - [TEST_STEP][PASSED] - println(totall): null

2023-10-05 13:34:40 - [TEST_STEP][PASSED] - Total_Harga = Ongkos_kirim + fee_admin + sub_total: null

2023-10-05 13:34:40 - [TEST_STEP][PASSED] - println(Total_Harga): null

2023-10-05 13:34:40 - [TEST_STEP][PASSED] - TotalHarga = Math.round(Total_Harga * 1000) / 1000: null

2023-10-05 13:34:40 - [TEST_STEP][PASSED] - println(TotalHarga): null

2023-10-05 13:34:40 - [TEST_STEP][PASSED] - assert totall == TotalHarga: null

2023-10-05 13:34:40 - [TEST_STEP][PASSED] - click(findTestObject("verifikasi/Metode Transfer")): Object: 'Object Repository/verifikasi/Metode Transfer' is clicked on

2023-10-05 13:34:41 - [MESSAGE][PASSED] - Object: 'Object Repository/verifikasi/Metode Transfer' is clicked on

2023-10-05 13:34:41 - [TEST_STEP][PASSED] - click(findTestObject("checkout/button_Proses Pembayaran")): Object: 'Object Repository/checkout/button_Proses Pembayaran' is clicked on

2023-10-05 13:34:49 - [MESSAGE][PASSED] - Object: 'Object Repository/checkout/button_Proses Pembayaran' is clicked on

2023-10-05 13:34:49 - [TEST_STEP][PASSED] - verifyElementPresent(findTestObject("pembayaran/Tittle nomor invoice"), 0): Object 'Object Repository/pembayaran/Tittle nomor invoice' is present

2023-10-05 13:34:49 - [MESSAGE][WARNING] - Timeout '0' is invalid. Using default page load timeout: '30'

2023-10-05 13:34:50 - [MESSAGE][PASSED] - Object 'Object Repository/pembayaran/Tittle nomor invoice' is present

2023-10-05 13:34:50 - [TEST_STEP][PASSED] - return data: null

2023-10-05 13:34:50 - [MESSAGE][PASSED] - Call Test Case 'Test Cases/T13 Pembelian, Shipment dan Pembayaran/PBL-004' successfully

2023-10-05 13:34:50 - [TEST_STEP][PASSED] - Invoice = getText(findTestObject("pembayaran/nomor invoice")): Text of object 'Object Repository/pembayaran/nomor invoice' is: 'TRX60.20231005133445'

2023-10-05 13:34:51 - [MESSAGE][PASSED] - Text of object 'Object Repository/pembayaran/nomor invoice' is: 'TRX60.20231005133445'

2023-10-05 13:34:51 - [TEST_STEP][PASSED] - data.put("invoice", Invoice): null

2023-10-05 13:34:51 - [TEST_STEP][PASSED] - NamaPemesan = getText(findTestObject("Konfirmasi pesanan shop/Nama pemesan")): Text of object 'Object Repository/Konfirmasi pesanan shop/Nama pemesan' is: 'irfan.afandi'

2023-10-05 13:34:51 - [MESSAGE][PASSED] - Text of object 'Object Repository/Konfirmasi pesanan shop/Nama pemesan' is: 'irfan.afandi'

2023-10-05 13:34:51 - [TEST_STEP][PASSED] - Nama = getText(findTestObject("pembayaran/Nama barang")): Text of object 'Object Repository/pembayaran/Nama barang' is: 'Segitiga Instan Madeira - MDB5.3 Sunset'

2023-10-05 13:34:52 - [MESSAGE][PASSED] - Text of object 'Object Repository/pembayaran/Nama barang' is: 'Segitiga Instan Madeira - MDB5.3 Sunset'

2023-10-05 13:34:52 - [TEST_STEP][PASSED] - Harga = getText(findTestObject("pembayaran/Harga barang")): Text of object 'Object Repository/pembayaran/Harga barang' is: '1,299'

2023-10-05 13:34:52 - [MESSAGE][PASSED] - Text of object 'Object Repository/pembayaran/Harga barang' is: '1,299'

2023-10-05 13:34:52 - [TEST_STEP][PASSED] - name_product = data.get("nama_barang"): null

2023-10-05 13:34:52 - [TEST_STEP][PASSED] - price_product = data.get("price_barang"): null

2023-10-05 13:34:52 - [TEST_STEP][PASSED] - assert name_product.contains(Nama): null

2023-10-05 13:34:52 - [TEST_STEP][PASSED] - assert price_product.contains(Harga): null

2023-10-05 13:34:52 - [TEST_STEP][PASSED] - warnaa = getText(findTestObject("pembayaran/warna")): Text of object 'Object Repository/pembayaran/warna' is: 'Merah'

2023-10-05 13:34:53 - [MESSAGE][PASSED] - Text of object 'Object Repository/pembayaran/warna' is: 'Merah'

2023-10-05 13:34:53 - [TEST_STEP][PASSED] - ukurann = getText(findTestObject("pembayaran/ukuran")): Text of object 'Object Repository/pembayaran/ukuran' is: 'Menengah'

2023-10-05 13:34:53 - [MESSAGE][PASSED] - Text of object 'Object Repository/pembayaran/ukuran' is: 'Menengah'

2023-10-05 13:34:53 - [TEST_STEP][PASSED] - warna1 = data.get("Warna"): null

2023-10-05 13:34:53 - [TEST_STEP][PASSED] - ukuran1 = data.get("Ukuran"): null

2023-10-05 13:34:53 - [TEST_STEP][PASSED] - assert warnaa == warna1: null

2023-10-05 13:34:53 - [TEST_STEP][PASSED] - assert ukurann == ukuran1: null

2023-10-05 13:34:53 - [TEST_STEP][PASSED] - statusPembelian = getText(findTestObject("verifikasi/Status pending di pembelian")): Text of object 'Object Repository/verifikasi/Status pending di pembelian' is: 'Pending'

2023-10-05 13:34:54 - [MESSAGE][PASSED] - Text of object 'Object Repository/verifikasi/Status pending di pembelian' is: 'Pending'

2023-10-05 13:34:54 - [TEST_STEP][PASSED] - data.put("statusPem", statusPembelian): null

2023-10-05 13:34:54 - [TEST_STEP][PASSED] - OngkosKirim = getText(findTestObject("pembayaran/ongkos kirim")): Text of object 'Object Repository/pembayaran/ongkos kirim' is: 'Rp 5,000'

2023-10-05 13:34:54 - [MESSAGE][PASSED] - Text of object 'Object Repository/pembayaran/ongkos kirim' is: 'Rp 5,000'

2023-10-05 13:34:54 - [TEST_STEP][PASSED] - Ongkos = OngkosKirim.substring(3, OngkosKirim.size()): null

2023-10-05 13:34:54 - [TEST_STEP][PASSED] - rep = Ongkos.replace(",", ""): null

2023-10-05 13:34:54 - [TEST_STEP][PASSED] - Ongkos_kirimm = Integer.parseInt(rep): null

2023-10-05 13:34:54 - [TEST_STEP][PASSED] - println(Ongkos_kirimm): null

2023-10-05 13:34:54 - [TEST_STEP][PASSED] - FeeAdmin = getText(findTestObject("pembayaran/fee admin")): Text of object 'Object Repository/pembayaran/fee admin' is: 'Rp 1,500'

2023-10-05 13:34:55 - [MESSAGE][PASSED] - Text of object 'Object Repository/pembayaran/fee admin' is: 'Rp 1,500'

2023-10-05 13:34:55 - [TEST_STEP][PASSED] - Fee_Admin = FeeAdmin.substring(3, FeeAdmin.size()): null

2023-10-05 13:34:55 - [TEST_STEP][PASSED] - fee = Fee_Admin.replace(",", ""): null

2023-10-05 13:34:55 - [TEST_STEP][PASSED] - fee_adminn = Integer.parseInt(fee): null

2023-10-05 13:34:55 - [TEST_STEP][PASSED] - println(fee_adminn): null

2023-10-05 13:34:55 - [TEST_STEP][PASSED] - Subtotal = getText(findTestObject("pembayaran/subtotal")): Text of object 'Object Repository/pembayaran/subtotal' is: 'Rp 1,299'

2023-10-05 13:34:55 - [MESSAGE][PASSED] - Text of object 'Object Repository/pembayaran/subtotal' is: 'Rp 1,299'

2023-10-05 13:34:55 - [TEST_STEP][PASSED] - sub_total = Subtotal.substring(3, Subtotal.size()): null

2023-10-05 13:34:55 - [TEST_STEP][PASSED] - sub = sub_total.replace(",", ""): null

2023-10-05 13:34:55 - [TEST_STEP][PASSED] - sub_totall = Integer.parseInt(sub): null

2023-10-05 13:34:55 - [TEST_STEP][PASSED] - println(sub_totall): null

2023-10-05 13:34:55 - [TEST_STEP][PASSED] - unik = getText(findTestObject("pembayaran/kode unik")): Text of object 'Object Repository/pembayaran/kode unik' is: '+445'

2023-10-05 13:34:56 - [MESSAGE][PASSED] - Text of object 'Object Repository/pembayaran/kode unik' is: '+445'

2023-10-05 13:34:56 - [TEST_STEP][PASSED] - unikk = unik.replace("+", ""): null

2023-10-05 13:34:56 - [TEST_STEP][PASSED] - kode_unik = Integer.parseInt(unikk): null

2023-10-05 13:34:56 - [TEST_STEP][PASSED] - println(kode_unik): null

2023-10-05 13:34:56 - [TEST_STEP][PASSED] - Total = getText(findTestObject("pembayaran/total")): Text of object 'Object Repository/pembayaran/total' is: '8,244'

2023-10-05 13:34:56 - [MESSAGE][PASSED] - Text of object 'Object Repository/pembayaran/total' is: '8,244'

2023-10-05 13:34:56 - [TEST_STEP][PASSED] - total = Total.replace(",", ""): null

2023-10-05 13:34:56 - [TEST_STEP][PASSED] - totalll = Integer.parseInt(total): null

2023-10-05 13:34:56 - [TEST_STEP][PASSED] - println(totalll): null

2023-10-05 13:34:56 - [TEST_STEP][PASSED] - Total_Hargaa = Ongkos_kirimm + fee_adminn + sub_totall + kode_unik: null

2023-10-05 13:34:56 - [TEST_STEP][PASSED] - println(Total_Hargaa): null

2023-10-05 13:34:56 - [TEST_STEP][PASSED] - assert totalll == Total_Hargaa: null

2023-10-05 13:34:56 - [TEST_STEP][PASSED] - data.put("total", Total): null

2023-10-05 13:34:56 - [TEST_STEP][PASSED] - data.put("nama", NamaPemesan): null

2023-10-05 13:34:56 - [TEST_STEP][PASSED] - return data: null

2023-10-05 13:34:56 - [MESSAGE][PASSED] - Call Test Case 'Test Cases/T13 Pembelian, Shipment dan Pembayaran/PBY-001' successfully

2023-10-05 13:34:56 - [TEST_STEP][PASSED] - inv = data.get("invoice"): null

2023-10-05 13:34:56 - [TEST_STEP][PASSED] - Total = data.get("total"): null

2023-10-05 13:34:56 - [TEST_STEP][PASSED] - NamaPemesan = data.get("nama"): null

2023-10-05 13:34:56 - [TEST_STEP][PASSED] - click(findTestObject("Konfirmasi pesanan shop/Menu Shop")): Object: 'Object Repository/Konfirmasi pesanan shop/Menu Shop' is clicked on

2023-10-05 13:34:58 - [MESSAGE][PASSED] - Object: 'Object Repository/Konfirmasi pesanan shop/Menu Shop' is clicked on

2023-10-05 13:34:58 - [TEST_STEP][PASSED] - click(findTestObject("Konfirmasi pesanan shop/Menu Shop")): Object: 'Object Repository/Konfirmasi pesanan shop/Menu Shop' is clicked on

2023-10-05 13:34:59 - [MESSAGE][PASSED] - Object: 'Object Repository/Konfirmasi pesanan shop/Menu Shop' is clicked on

2023-10-05 13:34:59 - [TEST_STEP][PASSED] - click(findTestObject("Konfirmasi pesanan shop/Konfirmasi Orders")): Object: 'Object Repository/Konfirmasi pesanan shop/Konfirmasi Orders' is clicked on

2023-10-05 13:35:00 - [MESSAGE][PASSED] - Object: 'Object Repository/Konfirmasi pesanan shop/Konfirmasi Orders' is clicked on

2023-10-05 13:35:00 - [TEST_STEP][PASSED] - verifyElementPresent(findTestObject("Konfirmasi pesanan shop/Tittle Konfirmasi Pesanan"), 0): Object 'Object Repository/Konfirmasi pesanan shop/Tittle Konfirmasi Pesanan' is present

2023-10-05 13:35:00 - [MESSAGE][WARNING] - Timeout '0' is invalid. Using default page load timeout: '30'

2023-10-05 13:35:00 - [MESSAGE][PASSED] - Object 'Object Repository/Konfirmasi pesanan shop/Tittle Konfirmasi Pesanan' is present

2023-10-05 13:35:00 - [TEST_STEP][PASSED] - setText(findTestObject("Konfirmasi pesanan shop/input_No Pesanan"), inv): Text 'TRX60.20231005133445' is set on object 'Object Repository/Konfirmasi pesanan shop/input_No Pesanan'

2023-10-05 13:35:01 - [MESSAGE][PASSED] - Text 'TRX60.20231005133445' is set on object 'Object Repository/Konfirmasi pesanan shop/input_No Pesanan'

2023-10-05 13:35:01 - [TEST_STEP][PASSED] - setText(findTestObject("Konfirmasi pesanan shop/input_Alamat E-mai"), "irfan"): Text 'irfan' is set on object 'Object Repository/Konfirmasi pesanan shop/input_Alamat E-mai'

2023-10-05 13:35:02 - [MESSAGE][PASSED] - Text 'irfan' is set on object 'Object Repository/Konfirmasi pesanan shop/input_Alamat E-mai'

2023-10-05 13:35:02 - [TEST_STEP][PASSED] - click(findTestObject("Konfirmasi pesanan shop/button_Submit")): Object: 'Object Repository/Konfirmasi pesanan shop/button_Submit' is clicked on

2023-10-05 13:35:03 - [MESSAGE][PASSED] - Object: 'Object Repository/Konfirmasi pesanan shop/button_Submit' is clicked on

2023-10-05 13:35:03 - [TEST_STEP][FAILED] - verifyTextPresent("email not valid.", false): Unable to verify text 'email not valid.' is present  (Root cause: com.kms.katalon.core.exception.StepFailedException: Unable to verify text 'email not valid.' is present 
	at com.kms.katalon.core.webui.keyword.internal.WebUIKeywordMain.stepFailed(WebUIKeywordMain.groovy:64)
	at com.kms.katalon.core.webui.keyword.internal.WebUIKeywordMain.runKeyword(WebUIKeywordMain.groovy:26)
	at com.kms.katalon.core.webui.keyword.builtin.VerifyTextPresentKeyword.verifyTextPresent(VerifyTextPresentKeyword.groovy:83)
	at com.kms.katalon.core.webui.keyword.builtin.VerifyTextPresentKeyword.execute(VerifyTextPresentKeyword.groovy:68)
	at com.kms.katalon.core.keyword.internal.KeywordExecutor.executeKeywordForPlatform(KeywordExecutor.groovy:74)
	at com.kms.katalon.core.webui.keyword.WebUiBuiltInKeywords.verifyTextPresent(WebUiBuiltInKeywords.groovy:1723)
	at com.kms.katalon.core.webui.keyword.WebUiBuiltInKeywords$verifyTextPresent$7.call(Unknown Source)
	at PBY-013.run(PBY-013:42)
	at com.kms.katalon.core.main.ScriptEngine.run(ScriptEngine.java:194)
	at com.kms.katalon.core.main.ScriptEngine.runScriptAsRawText(ScriptEngine.java:119)
	at com.kms.katalon.core.main.TestCaseExecutor.runScript(TestCaseExecutor.java:448)
	at com.kms.katalon.core.main.TestCaseExecutor.doExecute(TestCaseExecutor.java:439)
	at com.kms.katalon.core.main.TestCaseExecutor.processExecutionPhase(TestCaseExecutor.java:418)
	at com.kms.katalon.core.main.TestCaseExecutor.accessMainPhase(TestCaseExecutor.java:410)
	at com.kms.katalon.core.main.TestCaseExecutor.execute(TestCaseExecutor.java:285)
	at com.kms.katalon.core.common.CommonExecutor.accessTestCaseMainPhase(CommonExecutor.java:65)
	at com.kms.katalon.core.main.TestSuiteExecutor.accessTestSuiteMainPhase(TestSuiteExecutor.java:148)
	at com.kms.katalon.core.main.TestSuiteExecutor.execute(TestSuiteExecutor.java:106)
	at com.kms.katalon.core.main.TestCaseMain.startTestSuite(TestCaseMain.java:187)
	at com.kms.katalon.core.main.TestCaseMain$startTestSuite$0.call(Unknown Source)
	at TempTestSuite1696486556660.run(TempTestSuite1696486556660.groovy:36)
Caused by: com.kms.katalon.core.exception.StepFailedException: Text 'email not valid.' is not present on page 
	at com.kms.katalon.core.webui.keyword.internal.WebUIKeywordMain.stepFailed(WebUIKeywordMain.groovy:64)
	at com.kms.katalon.core.webui.keyword.builtin.VerifyTextPresentKeyword$_verifyTextPresent_closure1.doCall(VerifyTextPresentKeyword.groovy:79)
	at com.kms.katalon.core.webui.keyword.builtin.VerifyTextPresentKeyword$_verifyTextPresent_closure1.call(VerifyTextPresentKeyword.groovy)
	at com.kms.katalon.core.webui.keyword.internal.WebUIKeywordMain.runKeyword(WebUIKeywordMain.groovy:20)
	... 19 more
)

2023-10-05 13:35:04 - [MESSAGE][FAILED] - Text 'email not valid.' is not present on page  (Root cause: com.kms.katalon.core.exception.StepFailedException: Text 'email not valid.' is not present on page 
	at com.kms.katalon.core.webui.keyword.internal.WebUIKeywordMain.stepFailed(WebUIKeywordMain.groovy:64)
	at com.kms.katalon.core.webui.keyword.builtin.VerifyTextPresentKeyword$_verifyTextPresent_closure1.doCall(VerifyTextPresentKeyword.groovy:79)
	at com.kms.katalon.core.webui.keyword.builtin.VerifyTextPresentKeyword$_verifyTextPresent_closure1.call(VerifyTextPresentKeyword.groovy)
	at com.kms.katalon.core.webui.keyword.internal.WebUIKeywordMain.runKeyword(WebUIKeywordMain.groovy:20)
	at com.kms.katalon.core.webui.keyword.builtin.VerifyTextPresentKeyword.verifyTextPresent(VerifyTextPresentKeyword.groovy:83)
	at com.kms.katalon.core.webui.keyword.builtin.VerifyTextPresentKeyword.execute(VerifyTextPresentKeyword.groovy:68)
	at com.kms.katalon.core.keyword.internal.KeywordExecutor.executeKeywordForPlatform(KeywordExecutor.groovy:74)
	at com.kms.katalon.core.webui.keyword.WebUiBuiltInKeywords.verifyTextPresent(WebUiBuiltInKeywords.groovy:1723)
	at com.kms.katalon.core.webui.keyword.WebUiBuiltInKeywords$verifyTextPresent$7.call(Unknown Source)
	at PBY-013.run(PBY-013:42)
	at com.kms.katalon.core.main.ScriptEngine.run(ScriptEngine.java:194)
	at com.kms.katalon.core.main.ScriptEngine.runScriptAsRawText(ScriptEngine.java:119)
	at com.kms.katalon.core.main.TestCaseExecutor.runScript(TestCaseExecutor.java:448)
	at com.kms.katalon.core.main.TestCaseExecutor.doExecute(TestCaseExecutor.java:439)
	at com.kms.katalon.core.main.TestCaseExecutor.processExecutionPhase(TestCaseExecutor.java:418)
	at com.kms.katalon.core.main.TestCaseExecutor.accessMainPhase(TestCaseExecutor.java:410)
	at com.kms.katalon.core.main.TestCaseExecutor.execute(TestCaseExecutor.java:285)
	at com.kms.katalon.core.common.CommonExecutor.accessTestCaseMainPhase(CommonExecutor.java:65)
	at com.kms.katalon.core.main.TestSuiteExecutor.accessTestSuiteMainPhase(TestSuiteExecutor.java:148)
	at com.kms.katalon.core.main.TestSuiteExecutor.execute(TestSuiteExecutor.java:106)
	at com.kms.katalon.core.main.TestCaseMain.startTestSuite(TestCaseMain.java:187)
	at com.kms.katalon.core.main.TestCaseMain$startTestSuite$0.call(Unknown Source)
	at TempTestSuite1696486556660.run(TempTestSuite1696486556660.groovy:36)
)

2023-10-05 13:35:04 - [MESSAGE][FAILED] - Unable to verify text 'email not valid.' is present  (Root cause: com.kms.katalon.core.exception.StepFailedException: Unable to verify text 'email not valid.' is present 
	at com.kms.katalon.core.webui.keyword.internal.WebUIKeywordMain.stepFailed(WebUIKeywordMain.groovy:64)
	at com.kms.katalon.core.webui.keyword.internal.WebUIKeywordMain.runKeyword(WebUIKeywordMain.groovy:26)
	at com.kms.katalon.core.webui.keyword.builtin.VerifyTextPresentKeyword.verifyTextPresent(VerifyTextPresentKeyword.groovy:83)
	at com.kms.katalon.core.webui.keyword.builtin.VerifyTextPresentKeyword.execute(VerifyTextPresentKeyword.groovy:68)
	at com.kms.katalon.core.keyword.internal.KeywordExecutor.executeKeywordForPlatform(KeywordExecutor.groovy:74)
	at com.kms.katalon.core.webui.keyword.WebUiBuiltInKeywords.verifyTextPresent(WebUiBuiltInKeywords.groovy:1723)
	at com.kms.katalon.core.webui.keyword.WebUiBuiltInKeywords$verifyTextPresent$7.call(Unknown Source)
	at PBY-013.run(PBY-013:42)
	at com.kms.katalon.core.main.ScriptEngine.run(ScriptEngine.java:194)
	at com.kms.katalon.core.main.ScriptEngine.runScriptAsRawText(ScriptEngine.java:119)
	at com.kms.katalon.core.main.TestCaseExecutor.runScript(TestCaseExecutor.java:448)
	at com.kms.katalon.core.main.TestCaseExecutor.doExecute(TestCaseExecutor.java:439)
	at com.kms.katalon.core.main.TestCaseExecutor.processExecutionPhase(TestCaseExecutor.java:418)
	at com.kms.katalon.core.main.TestCaseExecutor.accessMainPhase(TestCaseExecutor.java:410)
	at com.kms.katalon.core.main.TestCaseExecutor.execute(TestCaseExecutor.java:285)
	at com.kms.katalon.core.common.CommonExecutor.accessTestCaseMainPhase(CommonExecutor.java:65)
	at com.kms.katalon.core.main.TestSuiteExecutor.accessTestSuiteMainPhase(TestSuiteExecutor.java:148)
	at com.kms.katalon.core.main.TestSuiteExecutor.execute(TestSuiteExecutor.java:106)
	at com.kms.katalon.core.main.TestCaseMain.startTestSuite(TestCaseMain.java:187)
	at com.kms.katalon.core.main.TestCaseMain$startTestSuite$0.call(Unknown Source)
	at TempTestSuite1696486556660.run(TempTestSuite1696486556660.groovy:36)
Caused by: com.kms.katalon.core.exception.StepFailedException: Text 'email not valid.' is not present on page 
	at com.kms.katalon.core.webui.keyword.internal.WebUIKeywordMain.stepFailed(WebUIKeywordMain.groovy:64)
	at com.kms.katalon.core.webui.keyword.builtin.VerifyTextPresentKeyword$_verifyTextPresent_closure1.doCall(VerifyTextPresentKeyword.groovy:79)
	at com.kms.katalon.core.webui.keyword.builtin.VerifyTextPresentKeyword$_verifyTextPresent_closure1.call(VerifyTextPresentKeyword.groovy)
	at com.kms.katalon.core.webui.keyword.internal.WebUIKeywordMain.runKeyword(WebUIKeywordMain.groovy:20)
	... 19 more
)
[[ATTACHMENT|C:\\FT2 XSIS\\Projek 2 MINI PROJEK\\Reports\\20231005_131556\\T13 Pembelian, Shipment dan Pembayaran\\T13 Pembelian, Shipment dan Pembayaran\\20231005_131556\\1696487704402.png]]]]></system-out>
         <system-err><![CDATA[2023-10-05 13:34:07 - [TEST_CASE][FAILED] - Test Cases/T13 Pembelian, Shipment dan Pembayaran/PBY-013: Test Cases/T13 Pembelian, Shipment dan Pembayaran/PBY-013 FAILED.
Reason:
com.kms.katalon.core.exception.StepFailedException: Unable to verify text 'email not valid.' is present 
	at com.kms.katalon.core.webui.keyword.internal.WebUIKeywordMain.stepFailed(WebUIKeywordMain.groovy:64)
	at com.kms.katalon.core.webui.keyword.internal.WebUIKeywordMain.runKeyword(WebUIKeywordMain.groovy:26)
	at com.kms.katalon.core.webui.keyword.builtin.VerifyTextPresentKeyword.verifyTextPresent(VerifyTextPresentKeyword.groovy:83)
	at com.kms.katalon.core.webui.keyword.builtin.VerifyTextPresentKeyword.execute(VerifyTextPresentKeyword.groovy:68)
	at com.kms.katalon.core.keyword.internal.KeywordExecutor.executeKeywordForPlatform(KeywordExecutor.groovy:74)
	at com.kms.katalon.core.webui.keyword.WebUiBuiltInKeywords.verifyTextPresent(WebUiBuiltInKeywords.groovy:1723)
	at com.kms.katalon.core.webui.keyword.WebUiBuiltInKeywords$verifyTextPresent$7.call(Unknown Source)
	at PBY-013.run(PBY-013:42)
	at com.kms.katalon.core.main.ScriptEngine.run(ScriptEngine.java:194)
	at com.kms.katalon.core.main.ScriptEngine.runScriptAsRawText(ScriptEngine.java:119)
	at com.kms.katalon.core.main.TestCaseExecutor.runScript(TestCaseExecutor.java:448)
	at com.kms.katalon.core.main.TestCaseExecutor.doExecute(TestCaseExecutor.java:439)
	at com.kms.katalon.core.main.TestCaseExecutor.processExecutionPhase(TestCaseExecutor.java:418)
	at com.kms.katalon.core.main.TestCaseExecutor.accessMainPhase(TestCaseExecutor.java:410)
	at com.kms.katalon.core.main.TestCaseExecutor.execute(TestCaseExecutor.java:285)
	at com.kms.katalon.core.common.CommonExecutor.accessTestCaseMainPhase(CommonExecutor.java:65)
	at com.kms.katalon.core.main.TestSuiteExecutor.accessTestSuiteMainPhase(TestSuiteExecutor.java:148)
	at com.kms.katalon.core.main.TestSuiteExecutor.execute(TestSuiteExecutor.java:106)
	at com.kms.katalon.core.main.TestCaseMain.startTestSuite(TestCaseMain.java:187)
	at com.kms.katalon.core.main.TestCaseMain$startTestSuite$0.call(Unknown Source)
	at TempTestSuite1696486556660.run(TempTestSuite1696486556660.groovy:36)
Caused by: com.kms.katalon.core.exception.StepFailedException: Text 'email not valid.' is not present on page 
	at com.kms.katalon.core.webui.keyword.internal.WebUIKeywordMain.stepFailed(WebUIKeywordMain.groovy:64)
	at com.kms.katalon.core.webui.keyword.builtin.VerifyTextPresentKeyword$_verifyTextPresent_closure1.doCall(VerifyTextPresentKeyword.groovy:79)
	at com.kms.katalon.core.webui.keyword.builtin.VerifyTextPresentKeyword$_verifyTextPresent_closure1.call(VerifyTextPresentKeyword.groovy)
	at com.kms.katalon.core.webui.keyword.internal.WebUIKeywordMain.runKeyword(WebUIKeywordMain.groovy:20)
	... 19 more]]></system-err>
      </testcase>
      <testcase name="Test Cases/T13 Pembelian, Shipment dan Pembayaran/PBY-014" time="56.181" classname="Test Cases/T13 Pembelian, Shipment dan Pembayaran/PBY-014" status="FAILED">
         <failure type="FAILED" message="Test Cases/T13 Pembelian, Shipment dan Pembayaran/PBY-014 FAILED.
Reason:
com.kms.katalon.core.exception.StepFailedException: Unable to verify text 'number invoice not valid.' is present 
	at com.kms.katalon.core.webui.keyword.internal.WebUIKeywordMain.stepFailed(WebUIKeywordMain.groovy:64)
	at com.kms.katalon.core.webui.keyword.internal.WebUIKeywordMain.runKeyword(WebUIKeywordMain.groovy:26)
	at com.kms.katalon.core.webui.keyword.builtin.VerifyTextPresentKeyword.verifyTextPresent(VerifyTextPresentKeyword.groovy:83)
	at com.kms.katalon.core.webui.keyword.builtin.VerifyTextPresentKeyword.execute(VerifyTextPresentKeyword.groovy:68)
	at com.kms.katalon.core.keyword.internal.KeywordExecutor.executeKeywordForPlatform(KeywordExecutor.groovy:74)
	at com.kms.katalon.core.webui.keyword.WebUiBuiltInKeywords.verifyTextPresent(WebUiBuiltInKeywords.groovy:1723)
	at com.kms.katalon.core.webui.keyword.WebUiBuiltInKeywords$verifyTextPresent$7.call(Unknown Source)
	at PBY-014.run(PBY-014:42)
	at com.kms.katalon.core.main.ScriptEngine.run(ScriptEngine.java:194)
	at com.kms.katalon.core.main.ScriptEngine.runScriptAsRawText(ScriptEngine.java:119)
	at com.kms.katalon.core.main.TestCaseExecutor.runScript(TestCaseExecutor.java:448)
	at com.kms.katalon.core.main.TestCaseExecutor.doExecute(TestCaseExecutor.java:439)
	at com.kms.katalon.core.main.TestCaseExecutor.processExecutionPhase(TestCaseExecutor.java:418)
	at com.kms.katalon.core.main.TestCaseExecutor.accessMainPhase(TestCaseExecutor.java:410)
	at com.kms.katalon.core.main.TestCaseExecutor.execute(TestCaseExecutor.java:285)
	at com.kms.katalon.core.common.CommonExecutor.accessTestCaseMainPhase(CommonExecutor.java:65)
	at com.kms.katalon.core.main.TestSuiteExecutor.accessTestSuiteMainPhase(TestSuiteExecutor.java:148)
	at com.kms.katalon.core.main.TestSuiteExecutor.execute(TestSuiteExecutor.java:106)
	at com.kms.katalon.core.main.TestCaseMain.startTestSuite(TestCaseMain.java:187)
	at com.kms.katalon.core.main.TestCaseMain$startTestSuite$0.call(Unknown Source)
	at TempTestSuite1696486556660.run(TempTestSuite1696486556660.groovy:36)
Caused by: com.kms.katalon.core.exception.StepFailedException: Text 'number invoice not valid.' is not present on page 
	at com.kms.katalon.core.webui.keyword.internal.WebUIKeywordMain.stepFailed(WebUIKeywordMain.groovy:64)
	at com.kms.katalon.core.webui.keyword.builtin.VerifyTextPresentKeyword$_verifyTextPresent_closure1.doCall(VerifyTextPresentKeyword.groovy:79)
	at com.kms.katalon.core.webui.keyword.builtin.VerifyTextPresentKeyword$_verifyTextPresent_closure1.call(VerifyTextPresentKeyword.groovy)
	at com.kms.katalon.core.webui.keyword.internal.WebUIKeywordMain.runKeyword(WebUIKeywordMain.groovy:20)
	... 19 more
"/>
         <system-out><![CDATA[2023-10-05 13:35:04 - [TEST_CASE][FAILED] - Test Cases/T13 Pembelian, Shipment dan Pembayaran/PBY-014: Test Cases/T13 Pembelian, Shipment dan Pembayaran/PBY-014 FAILED.
Reason:
com.kms.katalon.core.exception.StepFailedException: Unable to verify text 'number invoice not valid.' is present 
	at com.kms.katalon.core.webui.keyword.internal.WebUIKeywordMain.stepFailed(WebUIKeywordMain.groovy:64)
	at com.kms.katalon.core.webui.keyword.internal.WebUIKeywordMain.runKeyword(WebUIKeywordMain.groovy:26)
	at com.kms.katalon.core.webui.keyword.builtin.VerifyTextPresentKeyword.verifyTextPresent(VerifyTextPresentKeyword.groovy:83)
	at com.kms.katalon.core.webui.keyword.builtin.VerifyTextPresentKeyword.execute(VerifyTextPresentKeyword.groovy:68)
	at com.kms.katalon.core.keyword.internal.KeywordExecutor.executeKeywordForPlatform(KeywordExecutor.groovy:74)
	at com.kms.katalon.core.webui.keyword.WebUiBuiltInKeywords.verifyTextPresent(WebUiBuiltInKeywords.groovy:1723)
	at com.kms.katalon.core.webui.keyword.WebUiBuiltInKeywords$verifyTextPresent$7.call(Unknown Source)
	at PBY-014.run(PBY-014:42)
	at com.kms.katalon.core.main.ScriptEngine.run(ScriptEngine.java:194)
	at com.kms.katalon.core.main.ScriptEngine.runScriptAsRawText(ScriptEngine.java:119)
	at com.kms.katalon.core.main.TestCaseExecutor.runScript(TestCaseExecutor.java:448)
	at com.kms.katalon.core.main.TestCaseExecutor.doExecute(TestCaseExecutor.java:439)
	at com.kms.katalon.core.main.TestCaseExecutor.processExecutionPhase(TestCaseExecutor.java:418)
	at com.kms.katalon.core.main.TestCaseExecutor.accessMainPhase(TestCaseExecutor.java:410)
	at com.kms.katalon.core.main.TestCaseExecutor.execute(TestCaseExecutor.java:285)
	at com.kms.katalon.core.common.CommonExecutor.accessTestCaseMainPhase(CommonExecutor.java:65)
	at com.kms.katalon.core.main.TestSuiteExecutor.accessTestSuiteMainPhase(TestSuiteExecutor.java:148)
	at com.kms.katalon.core.main.TestSuiteExecutor.execute(TestSuiteExecutor.java:106)
	at com.kms.katalon.core.main.TestCaseMain.startTestSuite(TestCaseMain.java:187)
	at com.kms.katalon.core.main.TestCaseMain$startTestSuite$0.call(Unknown Source)
	at TempTestSuite1696486556660.run(TempTestSuite1696486556660.groovy:36)
Caused by: com.kms.katalon.core.exception.StepFailedException: Text 'number invoice not valid.' is not present on page 
	at com.kms.katalon.core.webui.keyword.internal.WebUIKeywordMain.stepFailed(WebUIKeywordMain.groovy:64)
	at com.kms.katalon.core.webui.keyword.builtin.VerifyTextPresentKeyword$_verifyTextPresent_closure1.doCall(VerifyTextPresentKeyword.groovy:79)
	at com.kms.katalon.core.webui.keyword.builtin.VerifyTextPresentKeyword$_verifyTextPresent_closure1.call(VerifyTextPresentKeyword.groovy)
	at com.kms.katalon.core.webui.keyword.internal.WebUIKeywordMain.runKeyword(WebUIKeywordMain.groovy:20)
	... 19 more


2023-10-05 13:35:04 - [TEST_STEP][PASSED] - data = callTestCase(findTestCase("T13 Pembelian, Shipment dan Pembayaran/PBY-001"), [:], STOP_ON_FAILURE): Call Test Case 'Test Cases/T13 Pembelian, Shipment dan Pembayaran/PBY-001' successfully

2023-10-05 13:35:04 - [TEST_CASE][PASSED] - Test Cases/T13 Pembelian, Shipment dan Pembayaran/PBY-001: Test Cases/T13 Pembelian, Shipment dan Pembayaran/PBY-001

2023-10-05 13:35:04 - [TEST_STEP][PASSED] - data = callTestCase(findTestCase("T13 Pembelian, Shipment dan Pembayaran/PBL-004"), ["Kurir":"Roda 2"], STOP_ON_FAILURE): Call Test Case 'Test Cases/T13 Pembelian, Shipment dan Pembayaran/PBL-004' successfully

2023-10-05 13:35:05 - [TEST_CASE][PASSED] - Test Cases/T13 Pembelian, Shipment dan Pembayaran/PBL-004: Test Cases/T13 Pembelian, Shipment dan Pembayaran/PBL-004

2023-10-05 13:35:05 - [TEST_STEP][PASSED] - data = callTestCase(findTestCase("T13 Pembelian, Shipment dan Pembayaran/PBL-002"), [:], STOP_ON_FAILURE): Call Test Case 'Test Cases/T13 Pembelian, Shipment dan Pembayaran/PBL-002' successfully

2023-10-05 13:35:05 - [TEST_CASE][PASSED] - Test Cases/T13 Pembelian, Shipment dan Pembayaran/PBL-002: Test Cases/T13 Pembelian, Shipment dan Pembayaran/PBL-002

2023-10-05 13:35:05 - [TEST_STEP][PASSED] - data = callTestCase(findTestCase("T13 Pembelian, Shipment dan Pembayaran/PBL-001"), [:], STOP_ON_FAILURE): Call Test Case 'Test Cases/T13 Pembelian, Shipment dan Pembayaran/PBL-001' successfully

2023-10-05 13:35:05 - [TEST_CASE][PASSED] - Test Cases/T13 Pembelian, Shipment dan Pembayaran/PBL-001: Test Cases/T13 Pembelian, Shipment dan Pembayaran/PBL-001

2023-10-05 13:35:05 - [TEST_STEP][PASSED] - callTestCase(findTestCase("T13 Pembelian, Shipment dan Pembayaran/LU-001"), ["username":"irfanafandi", "password":"12345irfan"], STOP_ON_FAILURE): Call Test Case 'Test Cases/T13 Pembelian, Shipment dan Pembayaran/LU-001' successfully

2023-10-05 13:35:05 - [TEST_CASE][PASSED] - Test Cases/T13 Pembelian, Shipment dan Pembayaran/LU-001: Test Cases/T13 Pembelian, Shipment dan Pembayaran/LU-001

2023-10-05 13:35:05 - [TEST_STEP][PASSED] - openBrowser("https://10.9.2.63/ecommerce/"): Browser is opened with url: 'https://10.9.2.63/ecommerce/'

2023-10-05 13:35:05 - [MESSAGE][WARNING] - A browser is already opened. Closing browser and opening a new one

2023-10-05 13:35:05 - [MESSAGE][INFO] - Starting 'Edge Chromium' driver

2023-10-05 13:35:05 - [MESSAGE][INFO] - User set preference: ['acceptInsecureCerts', 'true']

2023-10-05 13:35:08 - [MESSAGE][INFO] - Action delay is set to 0 milliseconds

2023-10-05 13:35:11 - [MESSAGE][PASSED] - Browser is opened with url: 'https://10.9.2.63/ecommerce/'

2023-10-05 13:35:11 - [TEST_STEP][PASSED] - maximizeWindow(): Current window maximized

2023-10-05 13:35:11 - [MESSAGE][PASSED] - Current window maximized

2023-10-05 13:35:11 - [TEST_STEP][PASSED] - verifyElementPresent(findTestObject("Login/Home"), 0): Object 'Object Repository/Login/Home' is present

2023-10-05 13:35:11 - [MESSAGE][WARNING] - Timeout '0' is invalid. Using default page load timeout: '30'

2023-10-05 13:35:12 - [MESSAGE][PASSED] - Object 'Object Repository/Login/Home' is present

2023-10-05 13:35:12 - [TEST_STEP][PASSED] - click(findTestObject("Login/a_Login")): Object: 'Object Repository/Login/a_Login' is clicked on

2023-10-05 13:35:12 - [MESSAGE][PASSED] - Object: 'Object Repository/Login/a_Login' is clicked on

2023-10-05 13:35:12 - [TEST_STEP][PASSED] - verifyElementPresent(findTestObject("Login/Tittle Login"), 0): Object 'Object Repository/Login/Tittle Login' is present

2023-10-05 13:35:12 - [MESSAGE][WARNING] - Timeout '0' is invalid. Using default page load timeout: '30'

2023-10-05 13:35:13 - [MESSAGE][PASSED] - Object 'Object Repository/Login/Tittle Login' is present

2023-10-05 13:35:13 - [TEST_STEP][PASSED] - setText(findTestObject("Login/input_Username, Email atau No. Handphone_a"), username): Text 'irfanafandi' is set on object 'Object Repository/Login/input_Username, Email atau No. Handphone_a'

2023-10-05 13:35:14 - [MESSAGE][PASSED] - Text 'irfanafandi' is set on object 'Object Repository/Login/input_Username, Email atau No. Handphone_a'

2023-10-05 13:35:14 - [TEST_STEP][PASSED] - setText(findTestObject("Login/input_Password_b"), password): Text '12345irfan' is set on object 'Object Repository/Login/input_Password_b'

2023-10-05 13:35:15 - [MESSAGE][PASSED] - Text '12345irfan' is set on object 'Object Repository/Login/input_Password_b'

2023-10-05 13:35:15 - [TEST_STEP][PASSED] - click(findTestObject("Login/label_Ingat saya")): Object: 'Object Repository/Login/label_Ingat saya' is clicked on

2023-10-05 13:35:15 - [MESSAGE][PASSED] - Object: 'Object Repository/Login/label_Ingat saya' is clicked on

2023-10-05 13:35:15 - [TEST_STEP][PASSED] - click(findTestObject("Login/button_Masuk")): Object: 'Object Repository/Login/button_Masuk' is clicked on

2023-10-05 13:35:17 - [MESSAGE][PASSED] - Object: 'Object Repository/Login/button_Masuk' is clicked on

2023-10-05 13:35:17 - [TEST_STEP][PASSED] - verifyElementPresent(findTestObject("Login/li_Profile"), 0): Object 'Object Repository/Login/li_Profile' is present

2023-10-05 13:35:17 - [MESSAGE][WARNING] - Timeout '0' is invalid. Using default page load timeout: '30'

2023-10-05 13:35:18 - [MESSAGE][PASSED] - Object 'Object Repository/Login/li_Profile' is present

2023-10-05 13:35:18 - [MESSAGE][PASSED] - Call Test Case 'Test Cases/T13 Pembelian, Shipment dan Pembayaran/LU-001' successfully

2023-10-05 13:35:18 - [TEST_STEP][PASSED] - mouseOver(findTestObject("beli barang/i_Mulai Belanja_icon-menu")): Object: 'Object Repository/beli barang/i_Mulai Belanja_icon-menu' is hovered

2023-10-05 13:35:18 - [MESSAGE][PASSED] - Object: 'Object Repository/beli barang/i_Mulai Belanja_icon-menu' is hovered

2023-10-05 13:35:18 - [TEST_STEP][PASSED] - click(findTestObject("beli barang/a_Fashion  Busana Wanita")): Object: 'Object Repository/beli barang/a_Fashion  Busana Wanita' is clicked on

2023-10-05 13:35:19 - [MESSAGE][PASSED] - Object: 'Object Repository/beli barang/a_Fashion  Busana Wanita' is clicked on

2023-10-05 13:35:19 - [TEST_STEP][PASSED] - NamaSebelum = getText(findTestObject("verifikasi/Nama sebelum")): Text of object 'Object Repository/verifikasi/Nama sebelum' is: ''

2023-10-05 13:35:20 - [MESSAGE][PASSED] - Text of object 'Object Repository/verifikasi/Nama sebelum' is: ''

2023-10-05 13:35:20 - [TEST_STEP][PASSED] - HargaSebelum = getText(findTestObject("verifikasi/Harga sebelum")): Text of object 'Object Repository/verifikasi/Harga sebelum' is: 'Rp 1,299'

2023-10-05 13:35:20 - [MESSAGE][PASSED] - Text of object 'Object Repository/verifikasi/Harga sebelum' is: 'Rp 1,299'

2023-10-05 13:35:20 - [TEST_STEP][PASSED] - mouseOver(findTestObject("beli barang/barang mouse over")): Object: 'Object Repository/beli barang/barang mouse over' is hovered

2023-10-05 13:35:21 - [MESSAGE][PASSED] - Object: 'Object Repository/beli barang/barang mouse over' is hovered

2023-10-05 13:35:21 - [TEST_STEP][PASSED] - click(findTestObject("beli barang/buttom add to cart")): Object: 'Object Repository/beli barang/buttom add to cart' is clicked on

2023-10-05 13:35:23 - [MESSAGE][PASSED] - Object: 'Object Repository/beli barang/buttom add to cart' is clicked on

2023-10-05 13:35:23 - [TEST_STEP][PASSED] - NamaSesudah = getText(findTestObject("verifikasi/Nama sesudah")): Text of object 'Object Repository/verifikasi/Nama sesudah' is: 'Segitiga Instan Madeira - MDB5.3 Sunset'

2023-10-05 13:35:23 - [MESSAGE][PASSED] - Text of object 'Object Repository/verifikasi/Nama sesudah' is: 'Segitiga Instan Madeira - MDB5.3 Sunset'

2023-10-05 13:35:23 - [TEST_STEP][PASSED] - HargaSesudah = getText(findTestObject("verifikasi/Harga sesudah")): Text of object 'Object Repository/verifikasi/Harga sesudah' is: 'Rp 1,299'

2023-10-05 13:35:24 - [MESSAGE][PASSED] - Text of object 'Object Repository/verifikasi/Harga sesudah' is: 'Rp 1,299'

2023-10-05 13:35:24 - [TEST_STEP][PASSED] - assert NamaSesudah.contains(NamaSebelum): null

2023-10-05 13:35:24 - [TEST_STEP][PASSED] - assert HargaSesudah.contains(HargaSebelum): null

2023-10-05 13:35:24 - [TEST_STEP][PASSED] - click(findTestObject("beli barang/Tambah Keranjang busana wanita")): Object: 'Object Repository/beli barang/Tambah Keranjang busana wanita' is clicked on

2023-10-05 13:35:24 - [MESSAGE][PASSED] - Object: 'Object Repository/beli barang/Tambah Keranjang busana wanita' is clicked on

2023-10-05 13:35:24 - [TEST_STEP][PASSED] - verifyElementPresent(findTestObject("checkout/Notifikasi keranjang"), 1): Object 'Object Repository/checkout/Notifikasi keranjang' is present

2023-10-05 13:35:25 - [MESSAGE][PASSED] - Object 'Object Repository/checkout/Notifikasi keranjang' is present

2023-10-05 13:35:25 - [TEST_STEP][PASSED] - data = new java.util.HashMap(): null

2023-10-05 13:35:25 - [TEST_STEP][PASSED] - data.put("nama_barang", NamaSesudah): null

2023-10-05 13:35:25 - [TEST_STEP][PASSED] - data.put("price_barang", HargaSesudah): null

2023-10-05 13:35:25 - [TEST_STEP][PASSED] - return data: null

2023-10-05 13:35:25 - [MESSAGE][PASSED] - Call Test Case 'Test Cases/T13 Pembelian, Shipment dan Pembayaran/PBL-001' successfully

2023-10-05 13:35:25 - [TEST_STEP][PASSED] - mouseOver(findTestObject("beli barang/keranjang")): Object: 'Object Repository/beli barang/keranjang' is hovered

2023-10-05 13:35:25 - [MESSAGE][PASSED] - Object: 'Object Repository/beli barang/keranjang' is hovered

2023-10-05 13:35:25 - [TEST_STEP][PASSED] - click(findTestObject("beli barang/Lihat Sekarang")): Object: 'Object Repository/beli barang/Lihat Sekarang' is clicked on

2023-10-05 13:35:26 - [MESSAGE][PASSED] - Object: 'Object Repository/beli barang/Lihat Sekarang' is clicked on

2023-10-05 13:35:26 - [TEST_STEP][PASSED] - verifyElementPresent(findTestObject("keranjang/li_Keranjang Belanja"), 0): Object 'Object Repository/keranjang/li_Keranjang Belanja' is present

2023-10-05 13:35:26 - [MESSAGE][WARNING] - Timeout '0' is invalid. Using default page load timeout: '30'

2023-10-05 13:35:28 - [MESSAGE][PASSED] - Object 'Object Repository/keranjang/li_Keranjang Belanja' is present

2023-10-05 13:35:28 - [TEST_STEP][PASSED] - NamaKeranjang = getText(findTestObject("verifikasi/Nama keranjang")): Text of object 'Object Repository/verifikasi/Nama keranjang' is: 'Segitiga Instan Madeira - MDB5.3 Sunset'

2023-10-05 13:35:28 - [MESSAGE][PASSED] - Text of object 'Object Repository/verifikasi/Nama keranjang' is: 'Segitiga Instan Madeira - MDB5.3 Sunset'

2023-10-05 13:35:28 - [TEST_STEP][PASSED] - HargaKeranjang = getText(findTestObject("verifikasi/Harga Keranjang")): Text of object 'Object Repository/verifikasi/Harga Keranjang' is: 'Rp 1,299'

2023-10-05 13:35:29 - [MESSAGE][PASSED] - Text of object 'Object Repository/verifikasi/Harga Keranjang' is: 'Rp 1,299'

2023-10-05 13:35:29 - [TEST_STEP][PASSED] - if (toString().equalsIgnoreCase("Merah")): Object 'Object Repository/keranjang/input_Warna_variasi101' is checked

2023-10-05 13:35:29 - [TEST_STEP][PASSED] - check(findTestObject("Object Repository/keranjang/input_Warna_variasi101")): Object 'Object Repository/keranjang/input_Warna_variasi101' is checked

2023-10-05 13:35:29 - [MESSAGE][PASSED] - Object 'Object Repository/keranjang/input_Warna_variasi101' is checked

2023-10-05 13:35:29 - [TEST_STEP][PASSED] - if (toString().equalsIgnoreCase("Menengah")): Object 'Object Repository/keranjang/input_Ukuran_variasi201' is checked

2023-10-05 13:35:29 - [TEST_STEP][PASSED] - check(findTestObject("Object Repository/keranjang/input_Ukuran_variasi201")): Object 'Object Repository/keranjang/input_Ukuran_variasi201' is checked

2023-10-05 13:35:29 - [MESSAGE][PASSED] - Object 'Object Repository/keranjang/input_Ukuran_variasi201' is checked

2023-10-05 13:35:29 - [TEST_STEP][PASSED] - data.put("Warna", warna): null

2023-10-05 13:35:29 - [TEST_STEP][PASSED] - data.put("Ukuran", ukuran): null

2023-10-05 13:35:29 - [TEST_STEP][PASSED] - click(findTestObject("keranjang/button_Lanjut ke Pembayaran")): Object: 'Object Repository/keranjang/button_Lanjut ke Pembayaran' is clicked on

2023-10-05 13:35:31 - [MESSAGE][PASSED] - Object: 'Object Repository/keranjang/button_Lanjut ke Pembayaran' is clicked on

2023-10-05 13:35:31 - [TEST_STEP][PASSED] - verifyElementPresent(findTestObject("checkout/Tittle Checkout Order"), 0): Object 'Object Repository/checkout/Tittle Checkout Order' is present

2023-10-05 13:35:31 - [MESSAGE][WARNING] - Timeout '0' is invalid. Using default page load timeout: '30'

2023-10-05 13:35:32 - [MESSAGE][PASSED] - Object 'Object Repository/checkout/Tittle Checkout Order' is present

2023-10-05 13:35:32 - [TEST_STEP][PASSED] - name_product = data.get("nama_barang"): null

2023-10-05 13:35:32 - [TEST_STEP][PASSED] - price_product = data.get("price_barang"): null

2023-10-05 13:35:32 - [TEST_STEP][PASSED] - assert name_product == NamaKeranjang: null

2023-10-05 13:35:32 - [TEST_STEP][PASSED] - assert price_product == HargaKeranjang: null

2023-10-05 13:35:32 - [TEST_STEP][PASSED] - return data: null

2023-10-05 13:35:32 - [MESSAGE][PASSED] - Call Test Case 'Test Cases/T13 Pembelian, Shipment dan Pembayaran/PBL-002' successfully

2023-10-05 13:35:32 - [TEST_STEP][PASSED] - warnaa = getText(findTestObject("verifikasi/warna Merah")): Text of object 'Object Repository/verifikasi/warna Merah' is: 'Merah'

2023-10-05 13:35:32 - [MESSAGE][PASSED] - Text of object 'Object Repository/verifikasi/warna Merah' is: 'Merah'

2023-10-05 13:35:32 - [TEST_STEP][PASSED] - ukurann = getText(findTestObject("verifikasi/Ukuran Menengah")): Text of object 'Object Repository/verifikasi/Ukuran Menengah' is: 'Menengah'

2023-10-05 13:35:32 - [MESSAGE][PASSED] - Text of object 'Object Repository/verifikasi/Ukuran Menengah' is: 'Menengah'

2023-10-05 13:35:32 - [TEST_STEP][PASSED] - warna1 = data.get("Warna"): null

2023-10-05 13:35:32 - [TEST_STEP][PASSED] - ukuran1 = data.get("Ukuran"): null

2023-10-05 13:35:32 - [TEST_STEP][PASSED] - assert warnaa == warna1: null

2023-10-05 13:35:32 - [TEST_STEP][PASSED] - assert ukurann == ukuran1: null

2023-10-05 13:35:32 - [TEST_STEP][PASSED] - NamaCheckout = getText(findTestObject("verifikasi/NamaCheckout")): Text of object 'Object Repository/verifikasi/NamaCheckout' is: ''

2023-10-05 13:35:33 - [MESSAGE][PASSED] - Text of object 'Object Repository/verifikasi/NamaCheckout' is: ''

2023-10-05 13:35:33 - [TEST_STEP][PASSED] - HargaCheckout = getText(findTestObject("verifikasi/HargaCheckout")): Text of object 'Object Repository/verifikasi/HargaCheckout' is: '1,299'

2023-10-05 13:35:33 - [MESSAGE][PASSED] - Text of object 'Object Repository/verifikasi/HargaCheckout' is: '1,299'

2023-10-05 13:35:33 - [TEST_STEP][PASSED] - name_product = data.get("nama_barang"): null

2023-10-05 13:35:33 - [TEST_STEP][PASSED] - price_product = data.get("price_barang"): null

2023-10-05 13:35:33 - [TEST_STEP][PASSED] - assert name_product.contains(NamaCheckout): null

2023-10-05 13:35:33 - [TEST_STEP][PASSED] - assert price_product.contains(HargaCheckout): null

2023-10-05 13:35:33 - [TEST_STEP][PASSED] - selectOptionByLabel(findTestObject("checkout/select - Kirim via Kurir Lokal"), Kurir, false): All options with label 'Roda 2' are selected in object 'Object Repository/checkout/select - Kirim via Kurir Lokal' 

2023-10-05 13:35:34 - [MESSAGE][PASSED] - All options with label 'Roda 2' are selected in object 'Object Repository/checkout/select - Kirim via Kurir Lokal' 

2023-10-05 13:35:34 - [TEST_STEP][PASSED] - click(findTestObject("checkout/Kendaraan Kurir")): Object: 'Object Repository/checkout/Kendaraan Kurir' is clicked on

2023-10-05 13:35:35 - [MESSAGE][PASSED] - Object: 'Object Repository/checkout/Kendaraan Kurir' is clicked on

2023-10-05 13:35:35 - [TEST_STEP][PASSED] - OngkosKirim = getText(findTestObject("Object Repository/verifikasi/Ongkos Kirim checkout")): Text of object 'Object Repository/verifikasi/Ongkos Kirim checkout' is: 'Rp. 5,000'

2023-10-05 13:35:35 - [MESSAGE][PASSED] - Text of object 'Object Repository/verifikasi/Ongkos Kirim checkout' is: 'Rp. 5,000'

2023-10-05 13:35:35 - [TEST_STEP][PASSED] - Ongkos = OngkosKirim.substring(3, OngkosKirim.size()): null

2023-10-05 13:35:35 - [TEST_STEP][PASSED] - rep = Ongkos.replace(",", "."): null

2023-10-05 13:35:35 - [TEST_STEP][PASSED] - Ongkos_kirim = Double.parseDouble(rep): null

2023-10-05 13:35:35 - [TEST_STEP][PASSED] - println(Ongkos_kirim): null

2023-10-05 13:35:35 - [TEST_STEP][PASSED] - FeeAdmin = getText(findTestObject("verifikasi/Fee Admin checkout")): Text of object 'Object Repository/verifikasi/Fee Admin checkout' is: 'Fee Admin
Rp 1,500'

2023-10-05 13:35:36 - [MESSAGE][PASSED] - Text of object 'Object Repository/verifikasi/Fee Admin checkout' is: 'Fee Admin
Rp 1,500'

2023-10-05 13:35:36 - [TEST_STEP][PASSED] - Fee_Admin = FeeAdmin.substring(12, FeeAdmin.size()): null

2023-10-05 13:35:36 - [TEST_STEP][PASSED] - fee = Fee_Admin.replace(",", "."): null

2023-10-05 13:35:36 - [TEST_STEP][PASSED] - fee_admin = Double.parseDouble(fee): null

2023-10-05 13:35:36 - [TEST_STEP][PASSED] - println(fee_admin): null

2023-10-05 13:35:36 - [TEST_STEP][PASSED] - Subtotal = getText(findTestObject("verifikasi/subtotal checkout")): Text of object 'Object Repository/verifikasi/subtotal checkout' is: 'Subtotal
Rp 1,299'

2023-10-05 13:35:36 - [MESSAGE][PASSED] - Text of object 'Object Repository/verifikasi/subtotal checkout' is: 'Subtotal
Rp 1,299'

2023-10-05 13:35:36 - [TEST_STEP][PASSED] - sub_total = Subtotal.substring(12, Subtotal.size()): null

2023-10-05 13:35:36 - [TEST_STEP][PASSED] - sub = sub_total.replace(",", "."): null

2023-10-05 13:35:36 - [TEST_STEP][PASSED] - sub_total = Double.parseDouble(sub): null

2023-10-05 13:35:36 - [TEST_STEP][PASSED] - println(sub_total): null

2023-10-05 13:35:36 - [TEST_STEP][PASSED] - Total = getText(findTestObject("verifikasi/Total checkout")): Text of object 'Object Repository/verifikasi/Total checkout' is: 'Rp 7,799'

2023-10-05 13:35:37 - [MESSAGE][PASSED] - Text of object 'Object Repository/verifikasi/Total checkout' is: 'Rp 7,799'

2023-10-05 13:35:37 - [TEST_STEP][PASSED] - totall = Total.substring(3, Total.size()): null

2023-10-05 13:35:37 - [TEST_STEP][PASSED] - total = totall.replace(",", "."): null

2023-10-05 13:35:37 - [TEST_STEP][PASSED] - totall = Double.parseDouble(total): null

2023-10-05 13:35:37 - [TEST_STEP][PASSED] - println(totall): null

2023-10-05 13:35:37 - [TEST_STEP][PASSED] - Total_Harga = Ongkos_kirim + fee_admin + sub_total: null

2023-10-05 13:35:37 - [TEST_STEP][PASSED] - println(Total_Harga): null

2023-10-05 13:35:37 - [TEST_STEP][PASSED] - TotalHarga = Math.round(Total_Harga * 1000) / 1000: null

2023-10-05 13:35:37 - [TEST_STEP][PASSED] - println(TotalHarga): null

2023-10-05 13:35:37 - [TEST_STEP][PASSED] - assert totall == TotalHarga: null

2023-10-05 13:35:37 - [TEST_STEP][PASSED] - click(findTestObject("verifikasi/Metode Transfer")): Object: 'Object Repository/verifikasi/Metode Transfer' is clicked on

2023-10-05 13:35:37 - [MESSAGE][PASSED] - Object: 'Object Repository/verifikasi/Metode Transfer' is clicked on

2023-10-05 13:35:37 - [TEST_STEP][PASSED] - click(findTestObject("checkout/button_Proses Pembayaran")): Object: 'Object Repository/checkout/button_Proses Pembayaran' is clicked on

2023-10-05 13:35:46 - [MESSAGE][PASSED] - Object: 'Object Repository/checkout/button_Proses Pembayaran' is clicked on

2023-10-05 13:35:46 - [TEST_STEP][PASSED] - verifyElementPresent(findTestObject("pembayaran/Tittle nomor invoice"), 0): Object 'Object Repository/pembayaran/Tittle nomor invoice' is present

2023-10-05 13:35:46 - [MESSAGE][WARNING] - Timeout '0' is invalid. Using default page load timeout: '30'

2023-10-05 13:35:46 - [MESSAGE][PASSED] - Object 'Object Repository/pembayaran/Tittle nomor invoice' is present

2023-10-05 13:35:46 - [TEST_STEP][PASSED] - return data: null

2023-10-05 13:35:46 - [MESSAGE][PASSED] - Call Test Case 'Test Cases/T13 Pembelian, Shipment dan Pembayaran/PBL-004' successfully

2023-10-05 13:35:46 - [TEST_STEP][PASSED] - Invoice = getText(findTestObject("pembayaran/nomor invoice")): Text of object 'Object Repository/pembayaran/nomor invoice' is: 'TRX60.20231005133541'

2023-10-05 13:35:47 - [MESSAGE][PASSED] - Text of object 'Object Repository/pembayaran/nomor invoice' is: 'TRX60.20231005133541'

2023-10-05 13:35:47 - [TEST_STEP][PASSED] - data.put("invoice", Invoice): null

2023-10-05 13:35:47 - [TEST_STEP][PASSED] - NamaPemesan = getText(findTestObject("Konfirmasi pesanan shop/Nama pemesan")): Text of object 'Object Repository/Konfirmasi pesanan shop/Nama pemesan' is: 'irfan.afandi'

2023-10-05 13:35:48 - [MESSAGE][PASSED] - Text of object 'Object Repository/Konfirmasi pesanan shop/Nama pemesan' is: 'irfan.afandi'

2023-10-05 13:35:48 - [TEST_STEP][PASSED] - Nama = getText(findTestObject("pembayaran/Nama barang")): Text of object 'Object Repository/pembayaran/Nama barang' is: 'Segitiga Instan Madeira - MDB5.3 Sunset'

2023-10-05 13:35:48 - [MESSAGE][PASSED] - Text of object 'Object Repository/pembayaran/Nama barang' is: 'Segitiga Instan Madeira - MDB5.3 Sunset'

2023-10-05 13:35:48 - [TEST_STEP][PASSED] - Harga = getText(findTestObject("pembayaran/Harga barang")): Text of object 'Object Repository/pembayaran/Harga barang' is: '1,299'

2023-10-05 13:35:49 - [MESSAGE][PASSED] - Text of object 'Object Repository/pembayaran/Harga barang' is: '1,299'

2023-10-05 13:35:49 - [TEST_STEP][PASSED] - name_product = data.get("nama_barang"): null

2023-10-05 13:35:49 - [TEST_STEP][PASSED] - price_product = data.get("price_barang"): null

2023-10-05 13:35:49 - [TEST_STEP][PASSED] - assert name_product.contains(Nama): null

2023-10-05 13:35:49 - [TEST_STEP][PASSED] - assert price_product.contains(Harga): null

2023-10-05 13:35:49 - [TEST_STEP][PASSED] - warnaa = getText(findTestObject("pembayaran/warna")): Text of object 'Object Repository/pembayaran/warna' is: 'Merah'

2023-10-05 13:35:49 - [MESSAGE][PASSED] - Text of object 'Object Repository/pembayaran/warna' is: 'Merah'

2023-10-05 13:35:49 - [TEST_STEP][PASSED] - ukurann = getText(findTestObject("pembayaran/ukuran")): Text of object 'Object Repository/pembayaran/ukuran' is: 'Menengah'

2023-10-05 13:35:50 - [MESSAGE][PASSED] - Text of object 'Object Repository/pembayaran/ukuran' is: 'Menengah'

2023-10-05 13:35:50 - [TEST_STEP][PASSED] - warna1 = data.get("Warna"): null

2023-10-05 13:35:50 - [TEST_STEP][PASSED] - ukuran1 = data.get("Ukuran"): null

2023-10-05 13:35:50 - [TEST_STEP][PASSED] - assert warnaa == warna1: null

2023-10-05 13:35:50 - [TEST_STEP][PASSED] - assert ukurann == ukuran1: null

2023-10-05 13:35:50 - [TEST_STEP][PASSED] - statusPembelian = getText(findTestObject("verifikasi/Status pending di pembelian")): Text of object 'Object Repository/verifikasi/Status pending di pembelian' is: 'Pending'

2023-10-05 13:35:50 - [MESSAGE][PASSED] - Text of object 'Object Repository/verifikasi/Status pending di pembelian' is: 'Pending'

2023-10-05 13:35:50 - [TEST_STEP][PASSED] - data.put("statusPem", statusPembelian): null

2023-10-05 13:35:50 - [TEST_STEP][PASSED] - OngkosKirim = getText(findTestObject("pembayaran/ongkos kirim")): Text of object 'Object Repository/pembayaran/ongkos kirim' is: 'Rp 5,000'

2023-10-05 13:35:51 - [MESSAGE][PASSED] - Text of object 'Object Repository/pembayaran/ongkos kirim' is: 'Rp 5,000'

2023-10-05 13:35:51 - [TEST_STEP][PASSED] - Ongkos = OngkosKirim.substring(3, OngkosKirim.size()): null

2023-10-05 13:35:51 - [TEST_STEP][PASSED] - rep = Ongkos.replace(",", ""): null

2023-10-05 13:35:51 - [TEST_STEP][PASSED] - Ongkos_kirimm = Integer.parseInt(rep): null

2023-10-05 13:35:51 - [TEST_STEP][PASSED] - println(Ongkos_kirimm): null

2023-10-05 13:35:51 - [TEST_STEP][PASSED] - FeeAdmin = getText(findTestObject("pembayaran/fee admin")): Text of object 'Object Repository/pembayaran/fee admin' is: 'Rp 1,500'

2023-10-05 13:35:51 - [MESSAGE][PASSED] - Text of object 'Object Repository/pembayaran/fee admin' is: 'Rp 1,500'

2023-10-05 13:35:51 - [TEST_STEP][PASSED] - Fee_Admin = FeeAdmin.substring(3, FeeAdmin.size()): null

2023-10-05 13:35:51 - [TEST_STEP][PASSED] - fee = Fee_Admin.replace(",", ""): null

2023-10-05 13:35:51 - [TEST_STEP][PASSED] - fee_adminn = Integer.parseInt(fee): null

2023-10-05 13:35:51 - [TEST_STEP][PASSED] - println(fee_adminn): null

2023-10-05 13:35:51 - [TEST_STEP][PASSED] - Subtotal = getText(findTestObject("pembayaran/subtotal")): Text of object 'Object Repository/pembayaran/subtotal' is: 'Rp 1,299'

2023-10-05 13:35:52 - [MESSAGE][PASSED] - Text of object 'Object Repository/pembayaran/subtotal' is: 'Rp 1,299'

2023-10-05 13:35:52 - [TEST_STEP][PASSED] - sub_total = Subtotal.substring(3, Subtotal.size()): null

2023-10-05 13:35:52 - [TEST_STEP][PASSED] - sub = sub_total.replace(",", ""): null

2023-10-05 13:35:52 - [TEST_STEP][PASSED] - sub_totall = Integer.parseInt(sub): null

2023-10-05 13:35:52 - [TEST_STEP][PASSED] - println(sub_totall): null

2023-10-05 13:35:52 - [TEST_STEP][PASSED] - unik = getText(findTestObject("pembayaran/kode unik")): Text of object 'Object Repository/pembayaran/kode unik' is: '+541'

2023-10-05 13:35:52 - [MESSAGE][PASSED] - Text of object 'Object Repository/pembayaran/kode unik' is: '+541'

2023-10-05 13:35:52 - [TEST_STEP][PASSED] - unikk = unik.replace("+", ""): null

2023-10-05 13:35:52 - [TEST_STEP][PASSED] - kode_unik = Integer.parseInt(unikk): null

2023-10-05 13:35:52 - [TEST_STEP][PASSED] - println(kode_unik): null

2023-10-05 13:35:52 - [TEST_STEP][PASSED] - Total = getText(findTestObject("pembayaran/total")): Text of object 'Object Repository/pembayaran/total' is: '8,340'

2023-10-05 13:35:53 - [MESSAGE][PASSED] - Text of object 'Object Repository/pembayaran/total' is: '8,340'

2023-10-05 13:35:53 - [TEST_STEP][PASSED] - total = Total.replace(",", ""): null

2023-10-05 13:35:53 - [TEST_STEP][PASSED] - totalll = Integer.parseInt(total): null

2023-10-05 13:35:53 - [TEST_STEP][PASSED] - println(totalll): null

2023-10-05 13:35:53 - [TEST_STEP][PASSED] - Total_Hargaa = Ongkos_kirimm + fee_adminn + sub_totall + kode_unik: null

2023-10-05 13:35:53 - [TEST_STEP][PASSED] - println(Total_Hargaa): null

2023-10-05 13:35:53 - [TEST_STEP][PASSED] - assert totalll == Total_Hargaa: null

2023-10-05 13:35:53 - [TEST_STEP][PASSED] - data.put("total", Total): null

2023-10-05 13:35:53 - [TEST_STEP][PASSED] - data.put("nama", NamaPemesan): null

2023-10-05 13:35:53 - [TEST_STEP][PASSED] - return data: null

2023-10-05 13:35:53 - [MESSAGE][PASSED] - Call Test Case 'Test Cases/T13 Pembelian, Shipment dan Pembayaran/PBY-001' successfully

2023-10-05 13:35:53 - [TEST_STEP][PASSED] - inv = data.get("invoice"): null

2023-10-05 13:35:53 - [TEST_STEP][PASSED] - Total = data.get("total"): null

2023-10-05 13:35:53 - [TEST_STEP][PASSED] - NamaPemesan = data.get("nama"): null

2023-10-05 13:35:53 - [TEST_STEP][PASSED] - click(findTestObject("Konfirmasi pesanan shop/Menu Shop")): Object: 'Object Repository/Konfirmasi pesanan shop/Menu Shop' is clicked on

2023-10-05 13:35:54 - [MESSAGE][PASSED] - Object: 'Object Repository/Konfirmasi pesanan shop/Menu Shop' is clicked on

2023-10-05 13:35:54 - [TEST_STEP][PASSED] - click(findTestObject("Konfirmasi pesanan shop/Menu Shop")): Object: 'Object Repository/Konfirmasi pesanan shop/Menu Shop' is clicked on

2023-10-05 13:35:55 - [MESSAGE][PASSED] - Object: 'Object Repository/Konfirmasi pesanan shop/Menu Shop' is clicked on

2023-10-05 13:35:55 - [TEST_STEP][PASSED] - click(findTestObject("Konfirmasi pesanan shop/Konfirmasi Orders")): Object: 'Object Repository/Konfirmasi pesanan shop/Konfirmasi Orders' is clicked on

2023-10-05 13:35:56 - [MESSAGE][PASSED] - Object: 'Object Repository/Konfirmasi pesanan shop/Konfirmasi Orders' is clicked on

2023-10-05 13:35:56 - [TEST_STEP][PASSED] - verifyElementPresent(findTestObject("Konfirmasi pesanan shop/Tittle Konfirmasi Pesanan"), 0): Object 'Object Repository/Konfirmasi pesanan shop/Tittle Konfirmasi Pesanan' is present

2023-10-05 13:35:56 - [MESSAGE][WARNING] - Timeout '0' is invalid. Using default page load timeout: '30'

2023-10-05 13:35:57 - [MESSAGE][PASSED] - Object 'Object Repository/Konfirmasi pesanan shop/Tittle Konfirmasi Pesanan' is present

2023-10-05 13:35:57 - [TEST_STEP][PASSED] - setText(findTestObject("Konfirmasi pesanan shop/input_No Pesanan"), "TRX-001"): Text 'TRX-001' is set on object 'Object Repository/Konfirmasi pesanan shop/input_No Pesanan'

2023-10-05 13:35:58 - [MESSAGE][PASSED] - Text 'TRX-001' is set on object 'Object Repository/Konfirmasi pesanan shop/input_No Pesanan'

2023-10-05 13:35:58 - [TEST_STEP][PASSED] - setText(findTestObject("Konfirmasi pesanan shop/input_Alamat E-mai"), "irfan@gmail.com"): Text 'irfan@gmail.com' is set on object 'Object Repository/Konfirmasi pesanan shop/input_Alamat E-mai'

2023-10-05 13:35:58 - [MESSAGE][PASSED] - Text 'irfan@gmail.com' is set on object 'Object Repository/Konfirmasi pesanan shop/input_Alamat E-mai'

2023-10-05 13:35:58 - [TEST_STEP][PASSED] - click(findTestObject("Konfirmasi pesanan shop/button_Submit")): Object: 'Object Repository/Konfirmasi pesanan shop/button_Submit' is clicked on

2023-10-05 13:35:59 - [MESSAGE][PASSED] - Object: 'Object Repository/Konfirmasi pesanan shop/button_Submit' is clicked on

2023-10-05 13:35:59 - [TEST_STEP][FAILED] - verifyTextPresent("number invoice not valid.", false): Unable to verify text 'number invoice not valid.' is present  (Root cause: com.kms.katalon.core.exception.StepFailedException: Unable to verify text 'number invoice not valid.' is present 
	at com.kms.katalon.core.webui.keyword.internal.WebUIKeywordMain.stepFailed(WebUIKeywordMain.groovy:64)
	at com.kms.katalon.core.webui.keyword.internal.WebUIKeywordMain.runKeyword(WebUIKeywordMain.groovy:26)
	at com.kms.katalon.core.webui.keyword.builtin.VerifyTextPresentKeyword.verifyTextPresent(VerifyTextPresentKeyword.groovy:83)
	at com.kms.katalon.core.webui.keyword.builtin.VerifyTextPresentKeyword.execute(VerifyTextPresentKeyword.groovy:68)
	at com.kms.katalon.core.keyword.internal.KeywordExecutor.executeKeywordForPlatform(KeywordExecutor.groovy:74)
	at com.kms.katalon.core.webui.keyword.WebUiBuiltInKeywords.verifyTextPresent(WebUiBuiltInKeywords.groovy:1723)
	at com.kms.katalon.core.webui.keyword.WebUiBuiltInKeywords$verifyTextPresent$7.call(Unknown Source)
	at PBY-014.run(PBY-014:42)
	at com.kms.katalon.core.main.ScriptEngine.run(ScriptEngine.java:194)
	at com.kms.katalon.core.main.ScriptEngine.runScriptAsRawText(ScriptEngine.java:119)
	at com.kms.katalon.core.main.TestCaseExecutor.runScript(TestCaseExecutor.java:448)
	at com.kms.katalon.core.main.TestCaseExecutor.doExecute(TestCaseExecutor.java:439)
	at com.kms.katalon.core.main.TestCaseExecutor.processExecutionPhase(TestCaseExecutor.java:418)
	at com.kms.katalon.core.main.TestCaseExecutor.accessMainPhase(TestCaseExecutor.java:410)
	at com.kms.katalon.core.main.TestCaseExecutor.execute(TestCaseExecutor.java:285)
	at com.kms.katalon.core.common.CommonExecutor.accessTestCaseMainPhase(CommonExecutor.java:65)
	at com.kms.katalon.core.main.TestSuiteExecutor.accessTestSuiteMainPhase(TestSuiteExecutor.java:148)
	at com.kms.katalon.core.main.TestSuiteExecutor.execute(TestSuiteExecutor.java:106)
	at com.kms.katalon.core.main.TestCaseMain.startTestSuite(TestCaseMain.java:187)
	at com.kms.katalon.core.main.TestCaseMain$startTestSuite$0.call(Unknown Source)
	at TempTestSuite1696486556660.run(TempTestSuite1696486556660.groovy:36)
Caused by: com.kms.katalon.core.exception.StepFailedException: Text 'number invoice not valid.' is not present on page 
	at com.kms.katalon.core.webui.keyword.internal.WebUIKeywordMain.stepFailed(WebUIKeywordMain.groovy:64)
	at com.kms.katalon.core.webui.keyword.builtin.VerifyTextPresentKeyword$_verifyTextPresent_closure1.doCall(VerifyTextPresentKeyword.groovy:79)
	at com.kms.katalon.core.webui.keyword.builtin.VerifyTextPresentKeyword$_verifyTextPresent_closure1.call(VerifyTextPresentKeyword.groovy)
	at com.kms.katalon.core.webui.keyword.internal.WebUIKeywordMain.runKeyword(WebUIKeywordMain.groovy:20)
	... 19 more
)

2023-10-05 13:36:00 - [MESSAGE][FAILED] - Text 'number invoice not valid.' is not present on page  (Root cause: com.kms.katalon.core.exception.StepFailedException: Text 'number invoice not valid.' is not present on page 
	at com.kms.katalon.core.webui.keyword.internal.WebUIKeywordMain.stepFailed(WebUIKeywordMain.groovy:64)
	at com.kms.katalon.core.webui.keyword.builtin.VerifyTextPresentKeyword$_verifyTextPresent_closure1.doCall(VerifyTextPresentKeyword.groovy:79)
	at com.kms.katalon.core.webui.keyword.builtin.VerifyTextPresentKeyword$_verifyTextPresent_closure1.call(VerifyTextPresentKeyword.groovy)
	at com.kms.katalon.core.webui.keyword.internal.WebUIKeywordMain.runKeyword(WebUIKeywordMain.groovy:20)
	at com.kms.katalon.core.webui.keyword.builtin.VerifyTextPresentKeyword.verifyTextPresent(VerifyTextPresentKeyword.groovy:83)
	at com.kms.katalon.core.webui.keyword.builtin.VerifyTextPresentKeyword.execute(VerifyTextPresentKeyword.groovy:68)
	at com.kms.katalon.core.keyword.internal.KeywordExecutor.executeKeywordForPlatform(KeywordExecutor.groovy:74)
	at com.kms.katalon.core.webui.keyword.WebUiBuiltInKeywords.verifyTextPresent(WebUiBuiltInKeywords.groovy:1723)
	at com.kms.katalon.core.webui.keyword.WebUiBuiltInKeywords$verifyTextPresent$7.call(Unknown Source)
	at PBY-014.run(PBY-014:42)
	at com.kms.katalon.core.main.ScriptEngine.run(ScriptEngine.java:194)
	at com.kms.katalon.core.main.ScriptEngine.runScriptAsRawText(ScriptEngine.java:119)
	at com.kms.katalon.core.main.TestCaseExecutor.runScript(TestCaseExecutor.java:448)
	at com.kms.katalon.core.main.TestCaseExecutor.doExecute(TestCaseExecutor.java:439)
	at com.kms.katalon.core.main.TestCaseExecutor.processExecutionPhase(TestCaseExecutor.java:418)
	at com.kms.katalon.core.main.TestCaseExecutor.accessMainPhase(TestCaseExecutor.java:410)
	at com.kms.katalon.core.main.TestCaseExecutor.execute(TestCaseExecutor.java:285)
	at com.kms.katalon.core.common.CommonExecutor.accessTestCaseMainPhase(CommonExecutor.java:65)
	at com.kms.katalon.core.main.TestSuiteExecutor.accessTestSuiteMainPhase(TestSuiteExecutor.java:148)
	at com.kms.katalon.core.main.TestSuiteExecutor.execute(TestSuiteExecutor.java:106)
	at com.kms.katalon.core.main.TestCaseMain.startTestSuite(TestCaseMain.java:187)
	at com.kms.katalon.core.main.TestCaseMain$startTestSuite$0.call(Unknown Source)
	at TempTestSuite1696486556660.run(TempTestSuite1696486556660.groovy:36)
)

2023-10-05 13:36:00 - [MESSAGE][FAILED] - Unable to verify text 'number invoice not valid.' is present  (Root cause: com.kms.katalon.core.exception.StepFailedException: Unable to verify text 'number invoice not valid.' is present 
	at com.kms.katalon.core.webui.keyword.internal.WebUIKeywordMain.stepFailed(WebUIKeywordMain.groovy:64)
	at com.kms.katalon.core.webui.keyword.internal.WebUIKeywordMain.runKeyword(WebUIKeywordMain.groovy:26)
	at com.kms.katalon.core.webui.keyword.builtin.VerifyTextPresentKeyword.verifyTextPresent(VerifyTextPresentKeyword.groovy:83)
	at com.kms.katalon.core.webui.keyword.builtin.VerifyTextPresentKeyword.execute(VerifyTextPresentKeyword.groovy:68)
	at com.kms.katalon.core.keyword.internal.KeywordExecutor.executeKeywordForPlatform(KeywordExecutor.groovy:74)
	at com.kms.katalon.core.webui.keyword.WebUiBuiltInKeywords.verifyTextPresent(WebUiBuiltInKeywords.groovy:1723)
	at com.kms.katalon.core.webui.keyword.WebUiBuiltInKeywords$verifyTextPresent$7.call(Unknown Source)
	at PBY-014.run(PBY-014:42)
	at com.kms.katalon.core.main.ScriptEngine.run(ScriptEngine.java:194)
	at com.kms.katalon.core.main.ScriptEngine.runScriptAsRawText(ScriptEngine.java:119)
	at com.kms.katalon.core.main.TestCaseExecutor.runScript(TestCaseExecutor.java:448)
	at com.kms.katalon.core.main.TestCaseExecutor.doExecute(TestCaseExecutor.java:439)
	at com.kms.katalon.core.main.TestCaseExecutor.processExecutionPhase(TestCaseExecutor.java:418)
	at com.kms.katalon.core.main.TestCaseExecutor.accessMainPhase(TestCaseExecutor.java:410)
	at com.kms.katalon.core.main.TestCaseExecutor.execute(TestCaseExecutor.java:285)
	at com.kms.katalon.core.common.CommonExecutor.accessTestCaseMainPhase(CommonExecutor.java:65)
	at com.kms.katalon.core.main.TestSuiteExecutor.accessTestSuiteMainPhase(TestSuiteExecutor.java:148)
	at com.kms.katalon.core.main.TestSuiteExecutor.execute(TestSuiteExecutor.java:106)
	at com.kms.katalon.core.main.TestCaseMain.startTestSuite(TestCaseMain.java:187)
	at com.kms.katalon.core.main.TestCaseMain$startTestSuite$0.call(Unknown Source)
	at TempTestSuite1696486556660.run(TempTestSuite1696486556660.groovy:36)
Caused by: com.kms.katalon.core.exception.StepFailedException: Text 'number invoice not valid.' is not present on page 
	at com.kms.katalon.core.webui.keyword.internal.WebUIKeywordMain.stepFailed(WebUIKeywordMain.groovy:64)
	at com.kms.katalon.core.webui.keyword.builtin.VerifyTextPresentKeyword$_verifyTextPresent_closure1.doCall(VerifyTextPresentKeyword.groovy:79)
	at com.kms.katalon.core.webui.keyword.builtin.VerifyTextPresentKeyword$_verifyTextPresent_closure1.call(VerifyTextPresentKeyword.groovy)
	at com.kms.katalon.core.webui.keyword.internal.WebUIKeywordMain.runKeyword(WebUIKeywordMain.groovy:20)
	... 19 more
)
[[ATTACHMENT|C:\\FT2 XSIS\\Projek 2 MINI PROJEK\\Reports\\20231005_131556\\T13 Pembelian, Shipment dan Pembayaran\\T13 Pembelian, Shipment dan Pembayaran\\20231005_131556\\1696487760589.png]]]]></system-out>
         <system-err><![CDATA[2023-10-05 13:35:04 - [TEST_CASE][FAILED] - Test Cases/T13 Pembelian, Shipment dan Pembayaran/PBY-014: Test Cases/T13 Pembelian, Shipment dan Pembayaran/PBY-014 FAILED.
Reason:
com.kms.katalon.core.exception.StepFailedException: Unable to verify text 'number invoice not valid.' is present 
	at com.kms.katalon.core.webui.keyword.internal.WebUIKeywordMain.stepFailed(WebUIKeywordMain.groovy:64)
	at com.kms.katalon.core.webui.keyword.internal.WebUIKeywordMain.runKeyword(WebUIKeywordMain.groovy:26)
	at com.kms.katalon.core.webui.keyword.builtin.VerifyTextPresentKeyword.verifyTextPresent(VerifyTextPresentKeyword.groovy:83)
	at com.kms.katalon.core.webui.keyword.builtin.VerifyTextPresentKeyword.execute(VerifyTextPresentKeyword.groovy:68)
	at com.kms.katalon.core.keyword.internal.KeywordExecutor.executeKeywordForPlatform(KeywordExecutor.groovy:74)
	at com.kms.katalon.core.webui.keyword.WebUiBuiltInKeywords.verifyTextPresent(WebUiBuiltInKeywords.groovy:1723)
	at com.kms.katalon.core.webui.keyword.WebUiBuiltInKeywords$verifyTextPresent$7.call(Unknown Source)
	at PBY-014.run(PBY-014:42)
	at com.kms.katalon.core.main.ScriptEngine.run(ScriptEngine.java:194)
	at com.kms.katalon.core.main.ScriptEngine.runScriptAsRawText(ScriptEngine.java:119)
	at com.kms.katalon.core.main.TestCaseExecutor.runScript(TestCaseExecutor.java:448)
	at com.kms.katalon.core.main.TestCaseExecutor.doExecute(TestCaseExecutor.java:439)
	at com.kms.katalon.core.main.TestCaseExecutor.processExecutionPhase(TestCaseExecutor.java:418)
	at com.kms.katalon.core.main.TestCaseExecutor.accessMainPhase(TestCaseExecutor.java:410)
	at com.kms.katalon.core.main.TestCaseExecutor.execute(TestCaseExecutor.java:285)
	at com.kms.katalon.core.common.CommonExecutor.accessTestCaseMainPhase(CommonExecutor.java:65)
	at com.kms.katalon.core.main.TestSuiteExecutor.accessTestSuiteMainPhase(TestSuiteExecutor.java:148)
	at com.kms.katalon.core.main.TestSuiteExecutor.execute(TestSuiteExecutor.java:106)
	at com.kms.katalon.core.main.TestCaseMain.startTestSuite(TestCaseMain.java:187)
	at com.kms.katalon.core.main.TestCaseMain$startTestSuite$0.call(Unknown Source)
	at TempTestSuite1696486556660.run(TempTestSuite1696486556660.groovy:36)
Caused by: com.kms.katalon.core.exception.StepFailedException: Text 'number invoice not valid.' is not present on page 
	at com.kms.katalon.core.webui.keyword.internal.WebUIKeywordMain.stepFailed(WebUIKeywordMain.groovy:64)
	at com.kms.katalon.core.webui.keyword.builtin.VerifyTextPresentKeyword$_verifyTextPresent_closure1.doCall(VerifyTextPresentKeyword.groovy:79)
	at com.kms.katalon.core.webui.keyword.builtin.VerifyTextPresentKeyword$_verifyTextPresent_closure1.call(VerifyTextPresentKeyword.groovy)
	at com.kms.katalon.core.webui.keyword.internal.WebUIKeywordMain.runKeyword(WebUIKeywordMain.groovy:20)
	... 19 more]]></system-err>
      </testcase>
      <testcase name="Test Cases/T13 Pembelian, Shipment dan Pembayaran/PBYA-001" time="80.419" classname="Test Cases/T13 Pembelian, Shipment dan Pembayaran/PBYA-001" status="PASSED">
         <system-out><![CDATA[2023-10-05 13:36:00 - [TEST_CASE][PASSED] - Test Cases/T13 Pembelian, Shipment dan Pembayaran/PBYA-001: Test Cases/T13 Pembelian, Shipment dan Pembayaran/PBYA-001

2023-10-05 13:36:01 - [TEST_STEP][PASSED] - data = callTestCase(findTestCase("T13 Pembelian, Shipment dan Pembayaran/PBY-004"), [:], STOP_ON_FAILURE): Call Test Case 'Test Cases/T13 Pembelian, Shipment dan Pembayaran/PBY-004' successfully

2023-10-05 13:36:01 - [TEST_CASE][PASSED] - Test Cases/T13 Pembelian, Shipment dan Pembayaran/PBY-004: Test Cases/T13 Pembelian, Shipment dan Pembayaran/PBY-004

2023-10-05 13:36:01 - [TEST_STEP][PASSED] - data = callTestCase(findTestCase("T13 Pembelian, Shipment dan Pembayaran/PBY-001"), [:], STOP_ON_FAILURE): Call Test Case 'Test Cases/T13 Pembelian, Shipment dan Pembayaran/PBY-001' successfully

2023-10-05 13:36:01 - [TEST_CASE][PASSED] - Test Cases/T13 Pembelian, Shipment dan Pembayaran/PBY-001: Test Cases/T13 Pembelian, Shipment dan Pembayaran/PBY-001

2023-10-05 13:36:01 - [TEST_STEP][PASSED] - data = callTestCase(findTestCase("T13 Pembelian, Shipment dan Pembayaran/PBL-004"), ["Kurir":"Roda 2"], STOP_ON_FAILURE): Call Test Case 'Test Cases/T13 Pembelian, Shipment dan Pembayaran/PBL-004' successfully

2023-10-05 13:36:01 - [TEST_CASE][PASSED] - Test Cases/T13 Pembelian, Shipment dan Pembayaran/PBL-004: Test Cases/T13 Pembelian, Shipment dan Pembayaran/PBL-004

2023-10-05 13:36:01 - [TEST_STEP][PASSED] - data = callTestCase(findTestCase("T13 Pembelian, Shipment dan Pembayaran/PBL-002"), [:], STOP_ON_FAILURE): Call Test Case 'Test Cases/T13 Pembelian, Shipment dan Pembayaran/PBL-002' successfully

2023-10-05 13:36:01 - [TEST_CASE][PASSED] - Test Cases/T13 Pembelian, Shipment dan Pembayaran/PBL-002: Test Cases/T13 Pembelian, Shipment dan Pembayaran/PBL-002

2023-10-05 13:36:01 - [TEST_STEP][PASSED] - data = callTestCase(findTestCase("T13 Pembelian, Shipment dan Pembayaran/PBL-001"), [:], STOP_ON_FAILURE): Call Test Case 'Test Cases/T13 Pembelian, Shipment dan Pembayaran/PBL-001' successfully

2023-10-05 13:36:01 - [TEST_CASE][PASSED] - Test Cases/T13 Pembelian, Shipment dan Pembayaran/PBL-001: Test Cases/T13 Pembelian, Shipment dan Pembayaran/PBL-001

2023-10-05 13:36:01 - [TEST_STEP][PASSED] - callTestCase(findTestCase("T13 Pembelian, Shipment dan Pembayaran/LU-001"), ["username":"irfanafandi", "password":"12345irfan"], STOP_ON_FAILURE): Call Test Case 'Test Cases/T13 Pembelian, Shipment dan Pembayaran/LU-001' successfully

2023-10-05 13:36:01 - [TEST_CASE][PASSED] - Test Cases/T13 Pembelian, Shipment dan Pembayaran/LU-001: Test Cases/T13 Pembelian, Shipment dan Pembayaran/LU-001

2023-10-05 13:36:01 - [TEST_STEP][PASSED] - openBrowser("https://10.9.2.63/ecommerce/"): Browser is opened with url: 'https://10.9.2.63/ecommerce/'

2023-10-05 13:36:01 - [MESSAGE][WARNING] - A browser is already opened. Closing browser and opening a new one

2023-10-05 13:36:02 - [MESSAGE][INFO] - Starting 'Edge Chromium' driver

2023-10-05 13:36:02 - [MESSAGE][INFO] - User set preference: ['acceptInsecureCerts', 'true']

2023-10-05 13:36:04 - [MESSAGE][INFO] - Action delay is set to 0 milliseconds

2023-10-05 13:36:08 - [MESSAGE][PASSED] - Browser is opened with url: 'https://10.9.2.63/ecommerce/'

2023-10-05 13:36:08 - [TEST_STEP][PASSED] - maximizeWindow(): Current window maximized

2023-10-05 13:36:08 - [MESSAGE][PASSED] - Current window maximized

2023-10-05 13:36:08 - [TEST_STEP][PASSED] - verifyElementPresent(findTestObject("Login/Home"), 0): Object 'Object Repository/Login/Home' is present

2023-10-05 13:36:08 - [MESSAGE][WARNING] - Timeout '0' is invalid. Using default page load timeout: '30'

2023-10-05 13:36:08 - [MESSAGE][PASSED] - Object 'Object Repository/Login/Home' is present

2023-10-05 13:36:08 - [TEST_STEP][PASSED] - click(findTestObject("Login/a_Login")): Object: 'Object Repository/Login/a_Login' is clicked on

2023-10-05 13:36:09 - [MESSAGE][PASSED] - Object: 'Object Repository/Login/a_Login' is clicked on

2023-10-05 13:36:09 - [TEST_STEP][PASSED] - verifyElementPresent(findTestObject("Login/Tittle Login"), 0): Object 'Object Repository/Login/Tittle Login' is present

2023-10-05 13:36:09 - [MESSAGE][WARNING] - Timeout '0' is invalid. Using default page load timeout: '30'

2023-10-05 13:36:10 - [MESSAGE][PASSED] - Object 'Object Repository/Login/Tittle Login' is present

2023-10-05 13:36:10 - [TEST_STEP][PASSED] - setText(findTestObject("Login/input_Username, Email atau No. Handphone_a"), username): Text 'irfanafandi' is set on object 'Object Repository/Login/input_Username, Email atau No. Handphone_a'

2023-10-05 13:36:11 - [MESSAGE][PASSED] - Text 'irfanafandi' is set on object 'Object Repository/Login/input_Username, Email atau No. Handphone_a'

2023-10-05 13:36:11 - [TEST_STEP][PASSED] - setText(findTestObject("Login/input_Password_b"), password): Text '12345irfan' is set on object 'Object Repository/Login/input_Password_b'

2023-10-05 13:36:11 - [MESSAGE][PASSED] - Text '12345irfan' is set on object 'Object Repository/Login/input_Password_b'

2023-10-05 13:36:11 - [TEST_STEP][PASSED] - click(findTestObject("Login/label_Ingat saya")): Object: 'Object Repository/Login/label_Ingat saya' is clicked on

2023-10-05 13:36:12 - [MESSAGE][PASSED] - Object: 'Object Repository/Login/label_Ingat saya' is clicked on

2023-10-05 13:36:12 - [TEST_STEP][PASSED] - click(findTestObject("Login/button_Masuk")): Object: 'Object Repository/Login/button_Masuk' is clicked on

2023-10-05 13:36:13 - [MESSAGE][PASSED] - Object: 'Object Repository/Login/button_Masuk' is clicked on

2023-10-05 13:36:13 - [TEST_STEP][PASSED] - verifyElementPresent(findTestObject("Login/li_Profile"), 0): Object 'Object Repository/Login/li_Profile' is present

2023-10-05 13:36:13 - [MESSAGE][WARNING] - Timeout '0' is invalid. Using default page load timeout: '30'

2023-10-05 13:36:14 - [MESSAGE][PASSED] - Object 'Object Repository/Login/li_Profile' is present

2023-10-05 13:36:14 - [MESSAGE][PASSED] - Call Test Case 'Test Cases/T13 Pembelian, Shipment dan Pembayaran/LU-001' successfully

2023-10-05 13:36:14 - [TEST_STEP][PASSED] - mouseOver(findTestObject("beli barang/i_Mulai Belanja_icon-menu")): Object: 'Object Repository/beli barang/i_Mulai Belanja_icon-menu' is hovered

2023-10-05 13:36:15 - [MESSAGE][PASSED] - Object: 'Object Repository/beli barang/i_Mulai Belanja_icon-menu' is hovered

2023-10-05 13:36:15 - [TEST_STEP][PASSED] - click(findTestObject("beli barang/a_Fashion  Busana Wanita")): Object: 'Object Repository/beli barang/a_Fashion  Busana Wanita' is clicked on

2023-10-05 13:36:16 - [MESSAGE][PASSED] - Object: 'Object Repository/beli barang/a_Fashion  Busana Wanita' is clicked on

2023-10-05 13:36:16 - [TEST_STEP][PASSED] - NamaSebelum = getText(findTestObject("verifikasi/Nama sebelum")): Text of object 'Object Repository/verifikasi/Nama sebelum' is: ''

2023-10-05 13:36:16 - [MESSAGE][PASSED] - Text of object 'Object Repository/verifikasi/Nama sebelum' is: ''

2023-10-05 13:36:16 - [TEST_STEP][PASSED] - HargaSebelum = getText(findTestObject("verifikasi/Harga sebelum")): Text of object 'Object Repository/verifikasi/Harga sebelum' is: 'Rp 1,299'

2023-10-05 13:36:17 - [MESSAGE][PASSED] - Text of object 'Object Repository/verifikasi/Harga sebelum' is: 'Rp 1,299'

2023-10-05 13:36:17 - [TEST_STEP][PASSED] - mouseOver(findTestObject("beli barang/barang mouse over")): Object: 'Object Repository/beli barang/barang mouse over' is hovered

2023-10-05 13:36:17 - [MESSAGE][PASSED] - Object: 'Object Repository/beli barang/barang mouse over' is hovered

2023-10-05 13:36:17 - [TEST_STEP][PASSED] - click(findTestObject("beli barang/buttom add to cart")): Object: 'Object Repository/beli barang/buttom add to cart' is clicked on

2023-10-05 13:36:19 - [MESSAGE][PASSED] - Object: 'Object Repository/beli barang/buttom add to cart' is clicked on

2023-10-05 13:36:19 - [TEST_STEP][PASSED] - NamaSesudah = getText(findTestObject("verifikasi/Nama sesudah")): Text of object 'Object Repository/verifikasi/Nama sesudah' is: 'Segitiga Instan Madeira - MDB5.3 Sunset'

2023-10-05 13:36:19 - [MESSAGE][PASSED] - Text of object 'Object Repository/verifikasi/Nama sesudah' is: 'Segitiga Instan Madeira - MDB5.3 Sunset'

2023-10-05 13:36:19 - [TEST_STEP][PASSED] - HargaSesudah = getText(findTestObject("verifikasi/Harga sesudah")): Text of object 'Object Repository/verifikasi/Harga sesudah' is: 'Rp 1,299'

2023-10-05 13:36:20 - [MESSAGE][PASSED] - Text of object 'Object Repository/verifikasi/Harga sesudah' is: 'Rp 1,299'

2023-10-05 13:36:20 - [TEST_STEP][PASSED] - assert NamaSesudah.contains(NamaSebelum): null

2023-10-05 13:36:20 - [TEST_STEP][PASSED] - assert HargaSesudah.contains(HargaSebelum): null

2023-10-05 13:36:20 - [TEST_STEP][PASSED] - click(findTestObject("beli barang/Tambah Keranjang busana wanita")): Object: 'Object Repository/beli barang/Tambah Keranjang busana wanita' is clicked on

2023-10-05 13:36:20 - [MESSAGE][PASSED] - Object: 'Object Repository/beli barang/Tambah Keranjang busana wanita' is clicked on

2023-10-05 13:36:20 - [TEST_STEP][PASSED] - verifyElementPresent(findTestObject("checkout/Notifikasi keranjang"), 1): Object 'Object Repository/checkout/Notifikasi keranjang' is present

2023-10-05 13:36:21 - [MESSAGE][PASSED] - Object 'Object Repository/checkout/Notifikasi keranjang' is present

2023-10-05 13:36:21 - [TEST_STEP][PASSED] - data = new java.util.HashMap(): null

2023-10-05 13:36:21 - [TEST_STEP][PASSED] - data.put("nama_barang", NamaSesudah): null

2023-10-05 13:36:21 - [TEST_STEP][PASSED] - data.put("price_barang", HargaSesudah): null

2023-10-05 13:36:21 - [TEST_STEP][PASSED] - return data: null

2023-10-05 13:36:21 - [MESSAGE][PASSED] - Call Test Case 'Test Cases/T13 Pembelian, Shipment dan Pembayaran/PBL-001' successfully

2023-10-05 13:36:21 - [TEST_STEP][PASSED] - mouseOver(findTestObject("beli barang/keranjang")): Object: 'Object Repository/beli barang/keranjang' is hovered

2023-10-05 13:36:22 - [MESSAGE][PASSED] - Object: 'Object Repository/beli barang/keranjang' is hovered

2023-10-05 13:36:22 - [TEST_STEP][PASSED] - click(findTestObject("beli barang/Lihat Sekarang")): Object: 'Object Repository/beli barang/Lihat Sekarang' is clicked on

2023-10-05 13:36:22 - [MESSAGE][PASSED] - Object: 'Object Repository/beli barang/Lihat Sekarang' is clicked on

2023-10-05 13:36:22 - [TEST_STEP][PASSED] - verifyElementPresent(findTestObject("keranjang/li_Keranjang Belanja"), 0): Object 'Object Repository/keranjang/li_Keranjang Belanja' is present

2023-10-05 13:36:23 - [MESSAGE][WARNING] - Timeout '0' is invalid. Using default page load timeout: '30'

2023-10-05 13:36:24 - [MESSAGE][PASSED] - Object 'Object Repository/keranjang/li_Keranjang Belanja' is present

2023-10-05 13:36:24 - [TEST_STEP][PASSED] - NamaKeranjang = getText(findTestObject("verifikasi/Nama keranjang")): Text of object 'Object Repository/verifikasi/Nama keranjang' is: 'Segitiga Instan Madeira - MDB5.3 Sunset'

2023-10-05 13:36:24 - [MESSAGE][PASSED] - Text of object 'Object Repository/verifikasi/Nama keranjang' is: 'Segitiga Instan Madeira - MDB5.3 Sunset'

2023-10-05 13:36:24 - [TEST_STEP][PASSED] - HargaKeranjang = getText(findTestObject("verifikasi/Harga Keranjang")): Text of object 'Object Repository/verifikasi/Harga Keranjang' is: 'Rp 1,299'

2023-10-05 13:36:25 - [MESSAGE][PASSED] - Text of object 'Object Repository/verifikasi/Harga Keranjang' is: 'Rp 1,299'

2023-10-05 13:36:25 - [TEST_STEP][PASSED] - if (toString().equalsIgnoreCase("Merah")): Object 'Object Repository/keranjang/input_Warna_variasi101' is checked

2023-10-05 13:36:25 - [TEST_STEP][PASSED] - check(findTestObject("Object Repository/keranjang/input_Warna_variasi101")): Object 'Object Repository/keranjang/input_Warna_variasi101' is checked

2023-10-05 13:36:25 - [MESSAGE][PASSED] - Object 'Object Repository/keranjang/input_Warna_variasi101' is checked

2023-10-05 13:36:25 - [TEST_STEP][PASSED] - if (toString().equalsIgnoreCase("Menengah")): Object 'Object Repository/keranjang/input_Ukuran_variasi201' is checked

2023-10-05 13:36:25 - [TEST_STEP][PASSED] - check(findTestObject("Object Repository/keranjang/input_Ukuran_variasi201")): Object 'Object Repository/keranjang/input_Ukuran_variasi201' is checked

2023-10-05 13:36:25 - [MESSAGE][PASSED] - Object 'Object Repository/keranjang/input_Ukuran_variasi201' is checked

2023-10-05 13:36:25 - [TEST_STEP][PASSED] - data.put("Warna", warna): null

2023-10-05 13:36:25 - [TEST_STEP][PASSED] - data.put("Ukuran", ukuran): null

2023-10-05 13:36:25 - [TEST_STEP][PASSED] - click(findTestObject("keranjang/button_Lanjut ke Pembayaran")): Object: 'Object Repository/keranjang/button_Lanjut ke Pembayaran' is clicked on

2023-10-05 13:36:27 - [MESSAGE][PASSED] - Object: 'Object Repository/keranjang/button_Lanjut ke Pembayaran' is clicked on

2023-10-05 13:36:27 - [TEST_STEP][PASSED] - verifyElementPresent(findTestObject("checkout/Tittle Checkout Order"), 0): Object 'Object Repository/checkout/Tittle Checkout Order' is present

2023-10-05 13:36:27 - [MESSAGE][WARNING] - Timeout '0' is invalid. Using default page load timeout: '30'

2023-10-05 13:36:27 - [MESSAGE][PASSED] - Object 'Object Repository/checkout/Tittle Checkout Order' is present

2023-10-05 13:36:27 - [TEST_STEP][PASSED] - name_product = data.get("nama_barang"): null

2023-10-05 13:36:27 - [TEST_STEP][PASSED] - price_product = data.get("price_barang"): null

2023-10-05 13:36:27 - [TEST_STEP][PASSED] - assert name_product == NamaKeranjang: null

2023-10-05 13:36:27 - [TEST_STEP][PASSED] - assert price_product == HargaKeranjang: null

2023-10-05 13:36:27 - [TEST_STEP][PASSED] - return data: null

2023-10-05 13:36:27 - [MESSAGE][PASSED] - Call Test Case 'Test Cases/T13 Pembelian, Shipment dan Pembayaran/PBL-002' successfully

2023-10-05 13:36:27 - [TEST_STEP][PASSED] - warnaa = getText(findTestObject("verifikasi/warna Merah")): Text of object 'Object Repository/verifikasi/warna Merah' is: 'Merah'

2023-10-05 13:36:28 - [MESSAGE][PASSED] - Text of object 'Object Repository/verifikasi/warna Merah' is: 'Merah'

2023-10-05 13:36:28 - [TEST_STEP][PASSED] - ukurann = getText(findTestObject("verifikasi/Ukuran Menengah")): Text of object 'Object Repository/verifikasi/Ukuran Menengah' is: 'Menengah'

2023-10-05 13:36:28 - [MESSAGE][PASSED] - Text of object 'Object Repository/verifikasi/Ukuran Menengah' is: 'Menengah'

2023-10-05 13:36:28 - [TEST_STEP][PASSED] - warna1 = data.get("Warna"): null

2023-10-05 13:36:28 - [TEST_STEP][PASSED] - ukuran1 = data.get("Ukuran"): null

2023-10-05 13:36:28 - [TEST_STEP][PASSED] - assert warnaa == warna1: null

2023-10-05 13:36:28 - [TEST_STEP][PASSED] - assert ukurann == ukuran1: null

2023-10-05 13:36:28 - [TEST_STEP][PASSED] - NamaCheckout = getText(findTestObject("verifikasi/NamaCheckout")): Text of object 'Object Repository/verifikasi/NamaCheckout' is: ''

2023-10-05 13:36:29 - [MESSAGE][PASSED] - Text of object 'Object Repository/verifikasi/NamaCheckout' is: ''

2023-10-05 13:36:29 - [TEST_STEP][PASSED] - HargaCheckout = getText(findTestObject("verifikasi/HargaCheckout")): Text of object 'Object Repository/verifikasi/HargaCheckout' is: '1,299'

2023-10-05 13:36:29 - [MESSAGE][PASSED] - Text of object 'Object Repository/verifikasi/HargaCheckout' is: '1,299'

2023-10-05 13:36:29 - [TEST_STEP][PASSED] - name_product = data.get("nama_barang"): null

2023-10-05 13:36:29 - [TEST_STEP][PASSED] - price_product = data.get("price_barang"): null

2023-10-05 13:36:29 - [TEST_STEP][PASSED] - assert name_product.contains(NamaCheckout): null

2023-10-05 13:36:29 - [TEST_STEP][PASSED] - assert price_product.contains(HargaCheckout): null

2023-10-05 13:36:29 - [TEST_STEP][PASSED] - selectOptionByLabel(findTestObject("checkout/select - Kirim via Kurir Lokal"), Kurir, false): All options with label 'Roda 2' are selected in object 'Object Repository/checkout/select - Kirim via Kurir Lokal' 

2023-10-05 13:36:30 - [MESSAGE][PASSED] - All options with label 'Roda 2' are selected in object 'Object Repository/checkout/select - Kirim via Kurir Lokal' 

2023-10-05 13:36:30 - [TEST_STEP][PASSED] - click(findTestObject("checkout/Kendaraan Kurir")): Object: 'Object Repository/checkout/Kendaraan Kurir' is clicked on

2023-10-05 13:36:31 - [MESSAGE][PASSED] - Object: 'Object Repository/checkout/Kendaraan Kurir' is clicked on

2023-10-05 13:36:31 - [TEST_STEP][PASSED] - OngkosKirim = getText(findTestObject("Object Repository/verifikasi/Ongkos Kirim checkout")): Text of object 'Object Repository/verifikasi/Ongkos Kirim checkout' is: 'Rp. 5,000'

2023-10-05 13:36:31 - [MESSAGE][PASSED] - Text of object 'Object Repository/verifikasi/Ongkos Kirim checkout' is: 'Rp. 5,000'

2023-10-05 13:36:31 - [TEST_STEP][PASSED] - Ongkos = OngkosKirim.substring(3, OngkosKirim.size()): null

2023-10-05 13:36:31 - [TEST_STEP][PASSED] - rep = Ongkos.replace(",", "."): null

2023-10-05 13:36:31 - [TEST_STEP][PASSED] - Ongkos_kirim = Double.parseDouble(rep): null

2023-10-05 13:36:31 - [TEST_STEP][PASSED] - println(Ongkos_kirim): null

2023-10-05 13:36:31 - [TEST_STEP][PASSED] - FeeAdmin = getText(findTestObject("verifikasi/Fee Admin checkout")): Text of object 'Object Repository/verifikasi/Fee Admin checkout' is: 'Fee Admin
Rp 1,500'

2023-10-05 13:36:32 - [MESSAGE][PASSED] - Text of object 'Object Repository/verifikasi/Fee Admin checkout' is: 'Fee Admin
Rp 1,500'

2023-10-05 13:36:32 - [TEST_STEP][PASSED] - Fee_Admin = FeeAdmin.substring(12, FeeAdmin.size()): null

2023-10-05 13:36:32 - [TEST_STEP][PASSED] - fee = Fee_Admin.replace(",", "."): null

2023-10-05 13:36:32 - [TEST_STEP][PASSED] - fee_admin = Double.parseDouble(fee): null

2023-10-05 13:36:32 - [TEST_STEP][PASSED] - println(fee_admin): null

2023-10-05 13:36:32 - [TEST_STEP][PASSED] - Subtotal = getText(findTestObject("verifikasi/subtotal checkout")): Text of object 'Object Repository/verifikasi/subtotal checkout' is: 'Subtotal
Rp 1,299'

2023-10-05 13:36:32 - [MESSAGE][PASSED] - Text of object 'Object Repository/verifikasi/subtotal checkout' is: 'Subtotal
Rp 1,299'

2023-10-05 13:36:32 - [TEST_STEP][PASSED] - sub_total = Subtotal.substring(12, Subtotal.size()): null

2023-10-05 13:36:32 - [TEST_STEP][PASSED] - sub = sub_total.replace(",", "."): null

2023-10-05 13:36:32 - [TEST_STEP][PASSED] - sub_total = Double.parseDouble(sub): null

2023-10-05 13:36:32 - [TEST_STEP][PASSED] - println(sub_total): null

2023-10-05 13:36:32 - [TEST_STEP][PASSED] - Total = getText(findTestObject("verifikasi/Total checkout")): Text of object 'Object Repository/verifikasi/Total checkout' is: 'Rp 7,799'

2023-10-05 13:36:33 - [MESSAGE][PASSED] - Text of object 'Object Repository/verifikasi/Total checkout' is: 'Rp 7,799'

2023-10-05 13:36:33 - [TEST_STEP][PASSED] - totall = Total.substring(3, Total.size()): null

2023-10-05 13:36:33 - [TEST_STEP][PASSED] - total = totall.replace(",", "."): null

2023-10-05 13:36:33 - [TEST_STEP][PASSED] - totall = Double.parseDouble(total): null

2023-10-05 13:36:33 - [TEST_STEP][PASSED] - println(totall): null

2023-10-05 13:36:33 - [TEST_STEP][PASSED] - Total_Harga = Ongkos_kirim + fee_admin + sub_total: null

2023-10-05 13:36:33 - [TEST_STEP][PASSED] - println(Total_Harga): null

2023-10-05 13:36:33 - [TEST_STEP][PASSED] - TotalHarga = Math.round(Total_Harga * 1000) / 1000: null

2023-10-05 13:36:33 - [TEST_STEP][PASSED] - println(TotalHarga): null

2023-10-05 13:36:33 - [TEST_STEP][PASSED] - assert totall == TotalHarga: null

2023-10-05 13:36:33 - [TEST_STEP][PASSED] - click(findTestObject("verifikasi/Metode Transfer")): Object: 'Object Repository/verifikasi/Metode Transfer' is clicked on

2023-10-05 13:36:33 - [MESSAGE][PASSED] - Object: 'Object Repository/verifikasi/Metode Transfer' is clicked on

2023-10-05 13:36:33 - [TEST_STEP][PASSED] - click(findTestObject("checkout/button_Proses Pembayaran")): Object: 'Object Repository/checkout/button_Proses Pembayaran' is clicked on

2023-10-05 13:36:42 - [MESSAGE][PASSED] - Object: 'Object Repository/checkout/button_Proses Pembayaran' is clicked on

2023-10-05 13:36:42 - [TEST_STEP][PASSED] - verifyElementPresent(findTestObject("pembayaran/Tittle nomor invoice"), 0): Object 'Object Repository/pembayaran/Tittle nomor invoice' is present

2023-10-05 13:36:42 - [MESSAGE][WARNING] - Timeout '0' is invalid. Using default page load timeout: '30'

2023-10-05 13:36:42 - [MESSAGE][PASSED] - Object 'Object Repository/pembayaran/Tittle nomor invoice' is present

2023-10-05 13:36:42 - [TEST_STEP][PASSED] - return data: null

2023-10-05 13:36:42 - [MESSAGE][PASSED] - Call Test Case 'Test Cases/T13 Pembelian, Shipment dan Pembayaran/PBL-004' successfully

2023-10-05 13:36:42 - [TEST_STEP][PASSED] - Invoice = getText(findTestObject("pembayaran/nomor invoice")): Text of object 'Object Repository/pembayaran/nomor invoice' is: 'TRX60.20231005133637'

2023-10-05 13:36:43 - [MESSAGE][PASSED] - Text of object 'Object Repository/pembayaran/nomor invoice' is: 'TRX60.20231005133637'

2023-10-05 13:36:43 - [TEST_STEP][PASSED] - data.put("invoice", Invoice): null

2023-10-05 13:36:43 - [TEST_STEP][PASSED] - NamaPemesan = getText(findTestObject("Konfirmasi pesanan shop/Nama pemesan")): Text of object 'Object Repository/Konfirmasi pesanan shop/Nama pemesan' is: 'irfan.afandi'

2023-10-05 13:36:43 - [MESSAGE][PASSED] - Text of object 'Object Repository/Konfirmasi pesanan shop/Nama pemesan' is: 'irfan.afandi'

2023-10-05 13:36:43 - [TEST_STEP][PASSED] - Nama = getText(findTestObject("pembayaran/Nama barang")): Text of object 'Object Repository/pembayaran/Nama barang' is: 'Segitiga Instan Madeira - MDB5.3 Sunset'

2023-10-05 13:36:44 - [MESSAGE][PASSED] - Text of object 'Object Repository/pembayaran/Nama barang' is: 'Segitiga Instan Madeira - MDB5.3 Sunset'

2023-10-05 13:36:44 - [TEST_STEP][PASSED] - Harga = getText(findTestObject("pembayaran/Harga barang")): Text of object 'Object Repository/pembayaran/Harga barang' is: '1,299'

2023-10-05 13:36:45 - [MESSAGE][PASSED] - Text of object 'Object Repository/pembayaran/Harga barang' is: '1,299'

2023-10-05 13:36:45 - [TEST_STEP][PASSED] - name_product = data.get("nama_barang"): null

2023-10-05 13:36:45 - [TEST_STEP][PASSED] - price_product = data.get("price_barang"): null

2023-10-05 13:36:45 - [TEST_STEP][PASSED] - assert name_product.contains(Nama): null

2023-10-05 13:36:45 - [TEST_STEP][PASSED] - assert price_product.contains(Harga): null

2023-10-05 13:36:45 - [TEST_STEP][PASSED] - warnaa = getText(findTestObject("pembayaran/warna")): Text of object 'Object Repository/pembayaran/warna' is: 'Merah'

2023-10-05 13:36:45 - [MESSAGE][PASSED] - Text of object 'Object Repository/pembayaran/warna' is: 'Merah'

2023-10-05 13:36:45 - [TEST_STEP][PASSED] - ukurann = getText(findTestObject("pembayaran/ukuran")): Text of object 'Object Repository/pembayaran/ukuran' is: 'Menengah'

2023-10-05 13:36:45 - [MESSAGE][PASSED] - Text of object 'Object Repository/pembayaran/ukuran' is: 'Menengah'

2023-10-05 13:36:45 - [TEST_STEP][PASSED] - warna1 = data.get("Warna"): null

2023-10-05 13:36:45 - [TEST_STEP][PASSED] - ukuran1 = data.get("Ukuran"): null

2023-10-05 13:36:45 - [TEST_STEP][PASSED] - assert warnaa == warna1: null

2023-10-05 13:36:45 - [TEST_STEP][PASSED] - assert ukurann == ukuran1: null

2023-10-05 13:36:45 - [TEST_STEP][PASSED] - statusPembelian = getText(findTestObject("verifikasi/Status pending di pembelian")): Text of object 'Object Repository/verifikasi/Status pending di pembelian' is: 'Pending'

2023-10-05 13:36:46 - [MESSAGE][PASSED] - Text of object 'Object Repository/verifikasi/Status pending di pembelian' is: 'Pending'

2023-10-05 13:36:46 - [TEST_STEP][PASSED] - data.put("statusPem", statusPembelian): null

2023-10-05 13:36:46 - [TEST_STEP][PASSED] - OngkosKirim = getText(findTestObject("pembayaran/ongkos kirim")): Text of object 'Object Repository/pembayaran/ongkos kirim' is: 'Rp 5,000'

2023-10-05 13:36:47 - [MESSAGE][PASSED] - Text of object 'Object Repository/pembayaran/ongkos kirim' is: 'Rp 5,000'

2023-10-05 13:36:47 - [TEST_STEP][PASSED] - Ongkos = OngkosKirim.substring(3, OngkosKirim.size()): null

2023-10-05 13:36:47 - [TEST_STEP][PASSED] - rep = Ongkos.replace(",", ""): null

2023-10-05 13:36:47 - [TEST_STEP][PASSED] - Ongkos_kirimm = Integer.parseInt(rep): null

2023-10-05 13:36:47 - [TEST_STEP][PASSED] - println(Ongkos_kirimm): null

2023-10-05 13:36:47 - [TEST_STEP][PASSED] - FeeAdmin = getText(findTestObject("pembayaran/fee admin")): Text of object 'Object Repository/pembayaran/fee admin' is: 'Rp 1,500'

2023-10-05 13:36:47 - [MESSAGE][PASSED] - Text of object 'Object Repository/pembayaran/fee admin' is: 'Rp 1,500'

2023-10-05 13:36:47 - [TEST_STEP][PASSED] - Fee_Admin = FeeAdmin.substring(3, FeeAdmin.size()): null

2023-10-05 13:36:47 - [TEST_STEP][PASSED] - fee = Fee_Admin.replace(",", ""): null

2023-10-05 13:36:47 - [TEST_STEP][PASSED] - fee_adminn = Integer.parseInt(fee): null

2023-10-05 13:36:47 - [TEST_STEP][PASSED] - println(fee_adminn): null

2023-10-05 13:36:47 - [TEST_STEP][PASSED] - Subtotal = getText(findTestObject("pembayaran/subtotal")): Text of object 'Object Repository/pembayaran/subtotal' is: 'Rp 1,299'

2023-10-05 13:36:48 - [MESSAGE][PASSED] - Text of object 'Object Repository/pembayaran/subtotal' is: 'Rp 1,299'

2023-10-05 13:36:48 - [TEST_STEP][PASSED] - sub_total = Subtotal.substring(3, Subtotal.size()): null

2023-10-05 13:36:48 - [TEST_STEP][PASSED] - sub = sub_total.replace(",", ""): null

2023-10-05 13:36:48 - [TEST_STEP][PASSED] - sub_totall = Integer.parseInt(sub): null

2023-10-05 13:36:48 - [TEST_STEP][PASSED] - println(sub_totall): null

2023-10-05 13:36:48 - [TEST_STEP][PASSED] - unik = getText(findTestObject("pembayaran/kode unik")): Text of object 'Object Repository/pembayaran/kode unik' is: '+637'

2023-10-05 13:36:48 - [MESSAGE][PASSED] - Text of object 'Object Repository/pembayaran/kode unik' is: '+637'

2023-10-05 13:36:48 - [TEST_STEP][PASSED] - unikk = unik.replace("+", ""): null

2023-10-05 13:36:48 - [TEST_STEP][PASSED] - kode_unik = Integer.parseInt(unikk): null

2023-10-05 13:36:48 - [TEST_STEP][PASSED] - println(kode_unik): null

2023-10-05 13:36:48 - [TEST_STEP][PASSED] - Total = getText(findTestObject("pembayaran/total")): Text of object 'Object Repository/pembayaran/total' is: '8,436'

2023-10-05 13:36:49 - [MESSAGE][PASSED] - Text of object 'Object Repository/pembayaran/total' is: '8,436'

2023-10-05 13:36:49 - [TEST_STEP][PASSED] - total = Total.replace(",", ""): null

2023-10-05 13:36:49 - [TEST_STEP][PASSED] - totalll = Integer.parseInt(total): null

2023-10-05 13:36:49 - [TEST_STEP][PASSED] - println(totalll): null

2023-10-05 13:36:49 - [TEST_STEP][PASSED] - Total_Hargaa = Ongkos_kirimm + fee_adminn + sub_totall + kode_unik: null

2023-10-05 13:36:49 - [TEST_STEP][PASSED] - println(Total_Hargaa): null

2023-10-05 13:36:49 - [TEST_STEP][PASSED] - assert totalll == Total_Hargaa: null

2023-10-05 13:36:49 - [TEST_STEP][PASSED] - data.put("total", Total): null

2023-10-05 13:36:49 - [TEST_STEP][PASSED] - data.put("nama", NamaPemesan): null

2023-10-05 13:36:49 - [TEST_STEP][PASSED] - return data: null

2023-10-05 13:36:49 - [MESSAGE][PASSED] - Call Test Case 'Test Cases/T13 Pembelian, Shipment dan Pembayaran/PBY-001' successfully

2023-10-05 13:36:49 - [TEST_STEP][PASSED] - inv = data.get("invoice"): null

2023-10-05 13:36:49 - [TEST_STEP][PASSED] - Total = data.get("total"): null

2023-10-05 13:36:49 - [TEST_STEP][PASSED] - NamaPemesan = data.get("nama"): null

2023-10-05 13:36:49 - [TEST_STEP][PASSED] - click(findTestObject("Konfirmasi pesanan shop/Menu Shop")): Object: 'Object Repository/Konfirmasi pesanan shop/Menu Shop' is clicked on

2023-10-05 13:36:50 - [MESSAGE][PASSED] - Object: 'Object Repository/Konfirmasi pesanan shop/Menu Shop' is clicked on

2023-10-05 13:36:50 - [TEST_STEP][PASSED] - click(findTestObject("Konfirmasi pesanan shop/Menu Shop")): Object: 'Object Repository/Konfirmasi pesanan shop/Menu Shop' is clicked on

2023-10-05 13:36:51 - [MESSAGE][PASSED] - Object: 'Object Repository/Konfirmasi pesanan shop/Menu Shop' is clicked on

2023-10-05 13:36:51 - [TEST_STEP][PASSED] - click(findTestObject("Konfirmasi pesanan shop/Konfirmasi Orders")): Object: 'Object Repository/Konfirmasi pesanan shop/Konfirmasi Orders' is clicked on

2023-10-05 13:36:52 - [MESSAGE][PASSED] - Object: 'Object Repository/Konfirmasi pesanan shop/Konfirmasi Orders' is clicked on

2023-10-05 13:36:52 - [TEST_STEP][PASSED] - verifyElementPresent(findTestObject("Konfirmasi pesanan shop/Tittle Konfirmasi Pesanan"), 0): Object 'Object Repository/Konfirmasi pesanan shop/Tittle Konfirmasi Pesanan' is present

2023-10-05 13:36:52 - [MESSAGE][WARNING] - Timeout '0' is invalid. Using default page load timeout: '30'

2023-10-05 13:36:53 - [MESSAGE][PASSED] - Object 'Object Repository/Konfirmasi pesanan shop/Tittle Konfirmasi Pesanan' is present

2023-10-05 13:36:53 - [TEST_STEP][PASSED] - setText(findTestObject("Konfirmasi pesanan shop/input_No Pesanan"), inv): Text 'TRX60.20231005133637' is set on object 'Object Repository/Konfirmasi pesanan shop/input_No Pesanan'

2023-10-05 13:36:54 - [MESSAGE][PASSED] - Text 'TRX60.20231005133637' is set on object 'Object Repository/Konfirmasi pesanan shop/input_No Pesanan'

2023-10-05 13:36:54 - [TEST_STEP][PASSED] - setText(findTestObject("Konfirmasi pesanan shop/input_Alamat E-mai"), "irfan@gmail.com"): Text 'irfan@gmail.com' is set on object 'Object Repository/Konfirmasi pesanan shop/input_Alamat E-mai'

2023-10-05 13:36:54 - [MESSAGE][PASSED] - Text 'irfan@gmail.com' is set on object 'Object Repository/Konfirmasi pesanan shop/input_Alamat E-mai'

2023-10-05 13:36:54 - [TEST_STEP][PASSED] - click(findTestObject("Konfirmasi pesanan shop/button_Submit")): Object: 'Object Repository/Konfirmasi pesanan shop/button_Submit' is clicked on

2023-10-05 13:36:55 - [MESSAGE][PASSED] - Object: 'Object Repository/Konfirmasi pesanan shop/button_Submit' is clicked on

2023-10-05 13:36:55 - [TEST_STEP][PASSED] - verifyElementPresent(findTestObject("Konfirmasi pesanan shop/Tittle nomor invoice"), 0): Object 'Object Repository/Konfirmasi pesanan shop/Tittle nomor invoice' is present

2023-10-05 13:36:55 - [MESSAGE][WARNING] - Timeout '0' is invalid. Using default page load timeout: '30'

2023-10-05 13:36:56 - [MESSAGE][PASSED] - Object 'Object Repository/Konfirmasi pesanan shop/Tittle nomor invoice' is present

2023-10-05 13:36:56 - [TEST_STEP][PASSED] - setText(findTestObject("Konfirmasi pesanan shop/input_Total TagihanTransfer_b"), Total): Text '8,436' is set on object 'Object Repository/Konfirmasi pesanan shop/input_Total TagihanTransfer_b'

2023-10-05 13:36:57 - [MESSAGE][PASSED] - Text '8,436' is set on object 'Object Repository/Konfirmasi pesanan shop/input_Total TagihanTransfer_b'

2023-10-05 13:36:57 - [TEST_STEP][PASSED] - selectOptionByValue(findTestObject("Konfirmasi pesanan shop/select_Bank"), "4", false): All options with value '4' are selected in object 'Object Repository/Konfirmasi pesanan shop/select_Bank' 

2023-10-05 13:36:58 - [MESSAGE][PASSED] - All options with value '4' are selected in object 'Object Repository/Konfirmasi pesanan shop/select_Bank' 

2023-10-05 13:36:58 - [TEST_STEP][PASSED] - setText(findTestObject("Konfirmasi pesanan shop/input_Nama Pengirim_d"), NamaPemesan): Text 'irfan.afandi' is set on object 'Object Repository/Konfirmasi pesanan shop/input_Nama Pengirim_d'

2023-10-05 13:36:59 - [MESSAGE][PASSED] - Text 'irfan.afandi' is set on object 'Object Repository/Konfirmasi pesanan shop/input_Nama Pengirim_d'

2023-10-05 13:36:59 - [TEST_STEP][PASSED] - uploadFile(findTestObject("keranjang/konfirmasi/input_Upload Bukti Transfer_f"), "C:\Users\IRFAN\Downloads\Berkas2.pdf"): File 'C:\Users\IRFAN\Downloads\Berkas2.pdf' sent to object: 'Object Repository/keranjang/konfirmasi/input_Upload Bukti Transfer_f'

2023-10-05 13:36:59 - [MESSAGE][PASSED] - File 'C:\Users\IRFAN\Downloads\Berkas2.pdf' sent to object: 'Object Repository/keranjang/konfirmasi/input_Upload Bukti Transfer_f'

2023-10-05 13:36:59 - [TEST_STEP][PASSED] - click(findTestObject("Konfirmasi pesanan shop/button_Konfirmasi Pembayaran")): Object: 'Object Repository/Konfirmasi pesanan shop/button_Konfirmasi Pembayaran' is clicked on

2023-10-05 13:37:00 - [MESSAGE][PASSED] - Object: 'Object Repository/Konfirmasi pesanan shop/button_Konfirmasi Pembayaran' is clicked on

2023-10-05 13:37:00 - [TEST_STEP][PASSED] - verifyElementPresent(findTestObject("Konfirmasi pesanan shop/Tittle Konfirmasi Pesanan"), 0): Object 'Object Repository/Konfirmasi pesanan shop/Tittle Konfirmasi Pesanan' is present

2023-10-05 13:37:00 - [MESSAGE][WARNING] - Timeout '0' is invalid. Using default page load timeout: '30'

2023-10-05 13:37:01 - [MESSAGE][PASSED] - Object 'Object Repository/Konfirmasi pesanan shop/Tittle Konfirmasi Pesanan' is present

2023-10-05 13:37:01 - [TEST_STEP][PASSED] - verifyElementPresent(findTestObject("Konfirmasi pesanan shop/Tittle massage succes Konfirmasi Pembayaran Pesanan"), 0): Object 'Object Repository/Konfirmasi pesanan shop/Tittle massage succes Konfirmasi Pembayaran Pesanan' is present

2023-10-05 13:37:01 - [MESSAGE][WARNING] - Timeout '0' is invalid. Using default page load timeout: '30'

2023-10-05 13:37:02 - [MESSAGE][PASSED] - Object 'Object Repository/Konfirmasi pesanan shop/Tittle massage succes Konfirmasi Pembayaran Pesanan' is present

2023-10-05 13:37:02 - [TEST_STEP][PASSED] - return data: null

2023-10-05 13:37:02 - [MESSAGE][PASSED] - Call Test Case 'Test Cases/T13 Pembelian, Shipment dan Pembayaran/PBY-004' successfully

2023-10-05 13:37:02 - [TEST_STEP][PASSED] - navigateToUrl("https://10.9.2.63/ecommerce/administrator/"): Navigate to 'https://10.9.2.63/ecommerce/administrator/' successfully

2023-10-05 13:37:02 - [MESSAGE][PASSED] - Navigate to 'https://10.9.2.63/ecommerce/administrator/' successfully

2023-10-05 13:37:02 - [TEST_STEP][PASSED] - verifyElementPresent(findTestObject("admin/Tittle ADMIN Login"), 0): Object 'Object Repository/admin/Tittle ADMIN Login' is present

2023-10-05 13:37:02 - [MESSAGE][WARNING] - Timeout '0' is invalid. Using default page load timeout: '30'

2023-10-05 13:37:03 - [MESSAGE][PASSED] - Object 'Object Repository/admin/Tittle ADMIN Login' is present

2023-10-05 13:37:03 - [TEST_STEP][PASSED] - setText(findTestObject("admin/Username"), "admin"): Text 'admin' is set on object 'Object Repository/admin/Username'

2023-10-05 13:37:04 - [MESSAGE][PASSED] - Text 'admin' is set on object 'Object Repository/admin/Username'

2023-10-05 13:37:04 - [TEST_STEP][PASSED] - setText(findTestObject("admin/Password"), "123admin123"): Text '123admin123' is set on object 'Object Repository/admin/Password'

2023-10-05 13:37:04 - [MESSAGE][PASSED] - Text '123admin123' is set on object 'Object Repository/admin/Password'

2023-10-05 13:37:04 - [TEST_STEP][PASSED] - click(findTestObject("admin/Remember Me")): Object: 'Object Repository/admin/Remember Me' is clicked on

2023-10-05 13:37:05 - [MESSAGE][PASSED] - Object: 'Object Repository/admin/Remember Me' is clicked on

2023-10-05 13:37:05 - [TEST_STEP][PASSED] - delay(10): Delayed 10 second(s)

2023-10-05 13:37:15 - [MESSAGE][PASSED] - Delayed 10 second(s)

2023-10-05 13:37:15 - [TEST_STEP][PASSED] - click(findTestObject("admin/buttom submit")): Object: 'Object Repository/admin/buttom submit' is clicked on

2023-10-05 13:37:16 - [MESSAGE][PASSED] - Object: 'Object Repository/admin/buttom submit' is clicked on

2023-10-05 13:37:16 - [TEST_STEP][PASSED] - verifyElementPresent(findTestObject("admin/Konf order konsumen/Tittle Dashboard"), 0): Object 'Object Repository/admin/Konf order konsumen/Tittle Dashboard' is present

2023-10-05 13:37:17 - [MESSAGE][WARNING] - Timeout '0' is invalid. Using default page load timeout: '30'

2023-10-05 13:37:17 - [MESSAGE][PASSED] - Object 'Object Repository/admin/Konf order konsumen/Tittle Dashboard' is present

2023-10-05 13:37:17 - [TEST_STEP][PASSED] - click(findTestObject("admin/Konf order konsumen/Menu Transaksi Market")): Object: 'Object Repository/admin/Konf order konsumen/Menu Transaksi Market' is clicked on

2023-10-05 13:37:17 - [MESSAGE][PASSED] - Object: 'Object Repository/admin/Konf order konsumen/Menu Transaksi Market' is clicked on

2023-10-05 13:37:17 - [TEST_STEP][PASSED] - click(findTestObject("admin/Konf order konsumen/Menu Konf. Order Konsumen")): Object: 'Object Repository/admin/Konf order konsumen/Menu Konf. Order Konsumen' is clicked on

2023-10-05 13:37:19 - [MESSAGE][PASSED] - Object: 'Object Repository/admin/Konf order konsumen/Menu Konf. Order Konsumen' is clicked on

2023-10-05 13:37:19 - [TEST_STEP][PASSED] - verifyElementPresent(findTestObject("admin/Konf order konsumen/Tittle Data Konfirmasi Pembayaran Konsumen"), 0): Object 'Object Repository/admin/Konf order konsumen/Tittle Data Konfirmasi Pembayaran Konsumen' is present

2023-10-05 13:37:19 - [MESSAGE][WARNING] - Timeout '0' is invalid. Using default page load timeout: '30'

2023-10-05 13:37:19 - [MESSAGE][PASSED] - Object 'Object Repository/admin/Konf order konsumen/Tittle Data Konfirmasi Pembayaran Konsumen' is present

2023-10-05 13:37:19 - [TEST_STEP][PASSED] - inv = data.get("invoice"): null

2023-10-05 13:37:19 - [TEST_STEP][PASSED] - setText(findTestObject("admin/Konf order konsumen/Search"), inv): Text 'TRX60.20231005133637' is set on object 'Object Repository/admin/Konf order konsumen/Search'

2023-10-05 13:37:20 - [MESSAGE][PASSED] - Text 'TRX60.20231005133637' is set on object 'Object Repository/admin/Konf order konsumen/Search'

2023-10-05 13:37:20 - [TEST_STEP][PASSED] - verifyElementText(findTestObject("admin/Konf order konsumen/Keterangan Lunas"), "Lunas"): Actual text and expected text of test object 'Object Repository/admin/Konf order konsumen/Keterangan Lunas' are matched.

2023-10-05 13:37:21 - [MESSAGE][PASSED] - Actual text and expected text of test object 'Object Repository/admin/Konf order konsumen/Keterangan Lunas' are matched.

2023-10-05 13:37:21 - [TEST_STEP][PASSED] - return data: null]]></system-out>
         <system-err><![CDATA[]]></system-err>
      </testcase>
      <testcase name="Test Cases/T13 Pembelian, Shipment dan Pembayaran/SA-001" time="87.036" classname="Test Cases/T13 Pembelian, Shipment dan Pembayaran/SA-001" status="PASSED">
         <system-out><![CDATA[2023-10-05 13:37:21 - [TEST_CASE][PASSED] - Test Cases/T13 Pembelian, Shipment dan Pembayaran/SA-001: Test Cases/T13 Pembelian, Shipment dan Pembayaran/SA-001

2023-10-05 13:37:21 - [TEST_STEP][PASSED] - data = callTestCase(findTestCase("T13 Pembelian, Shipment dan Pembayaran/PBYA-001"), [:], STOP_ON_FAILURE): Call Test Case 'Test Cases/T13 Pembelian, Shipment dan Pembayaran/PBYA-001' successfully

2023-10-05 13:37:21 - [TEST_CASE][PASSED] - Test Cases/T13 Pembelian, Shipment dan Pembayaran/PBYA-001: Test Cases/T13 Pembelian, Shipment dan Pembayaran/PBYA-001

2023-10-05 13:37:21 - [TEST_STEP][PASSED] - data = callTestCase(findTestCase("T13 Pembelian, Shipment dan Pembayaran/PBY-004"), [:], STOP_ON_FAILURE): Call Test Case 'Test Cases/T13 Pembelian, Shipment dan Pembayaran/PBY-004' successfully

2023-10-05 13:37:21 - [TEST_CASE][PASSED] - Test Cases/T13 Pembelian, Shipment dan Pembayaran/PBY-004: Test Cases/T13 Pembelian, Shipment dan Pembayaran/PBY-004

2023-10-05 13:37:21 - [TEST_STEP][PASSED] - data = callTestCase(findTestCase("T13 Pembelian, Shipment dan Pembayaran/PBY-001"), [:], STOP_ON_FAILURE): Call Test Case 'Test Cases/T13 Pembelian, Shipment dan Pembayaran/PBY-001' successfully

2023-10-05 13:37:21 - [TEST_CASE][PASSED] - Test Cases/T13 Pembelian, Shipment dan Pembayaran/PBY-001: Test Cases/T13 Pembelian, Shipment dan Pembayaran/PBY-001

2023-10-05 13:37:21 - [TEST_STEP][PASSED] - data = callTestCase(findTestCase("T13 Pembelian, Shipment dan Pembayaran/PBL-004"), ["Kurir":"Roda 2"], STOP_ON_FAILURE): Call Test Case 'Test Cases/T13 Pembelian, Shipment dan Pembayaran/PBL-004' successfully

2023-10-05 13:37:21 - [TEST_CASE][PASSED] - Test Cases/T13 Pembelian, Shipment dan Pembayaran/PBL-004: Test Cases/T13 Pembelian, Shipment dan Pembayaran/PBL-004

2023-10-05 13:37:21 - [TEST_STEP][PASSED] - data = callTestCase(findTestCase("T13 Pembelian, Shipment dan Pembayaran/PBL-002"), [:], STOP_ON_FAILURE): Call Test Case 'Test Cases/T13 Pembelian, Shipment dan Pembayaran/PBL-002' successfully

2023-10-05 13:37:21 - [TEST_CASE][PASSED] - Test Cases/T13 Pembelian, Shipment dan Pembayaran/PBL-002: Test Cases/T13 Pembelian, Shipment dan Pembayaran/PBL-002

2023-10-05 13:37:21 - [TEST_STEP][PASSED] - data = callTestCase(findTestCase("T13 Pembelian, Shipment dan Pembayaran/PBL-001"), [:], STOP_ON_FAILURE): Call Test Case 'Test Cases/T13 Pembelian, Shipment dan Pembayaran/PBL-001' successfully

2023-10-05 13:37:21 - [TEST_CASE][PASSED] - Test Cases/T13 Pembelian, Shipment dan Pembayaran/PBL-001: Test Cases/T13 Pembelian, Shipment dan Pembayaran/PBL-001

2023-10-05 13:37:21 - [TEST_STEP][PASSED] - callTestCase(findTestCase("T13 Pembelian, Shipment dan Pembayaran/LU-001"), ["username":"irfanafandi", "password":"12345irfan"], STOP_ON_FAILURE): Call Test Case 'Test Cases/T13 Pembelian, Shipment dan Pembayaran/LU-001' successfully

2023-10-05 13:37:21 - [TEST_CASE][PASSED] - Test Cases/T13 Pembelian, Shipment dan Pembayaran/LU-001: Test Cases/T13 Pembelian, Shipment dan Pembayaran/LU-001

2023-10-05 13:37:21 - [TEST_STEP][PASSED] - openBrowser("https://10.9.2.63/ecommerce/"): Browser is opened with url: 'https://10.9.2.63/ecommerce/'

2023-10-05 13:37:21 - [MESSAGE][WARNING] - A browser is already opened. Closing browser and opening a new one

2023-10-05 13:37:22 - [MESSAGE][INFO] - Starting 'Edge Chromium' driver

2023-10-05 13:37:22 - [MESSAGE][INFO] - User set preference: ['acceptInsecureCerts', 'true']

2023-10-05 13:37:24 - [MESSAGE][INFO] - Action delay is set to 0 milliseconds

2023-10-05 13:37:29 - [MESSAGE][PASSED] - Browser is opened with url: 'https://10.9.2.63/ecommerce/'

2023-10-05 13:37:29 - [TEST_STEP][PASSED] - maximizeWindow(): Current window maximized

2023-10-05 13:37:29 - [MESSAGE][PASSED] - Current window maximized

2023-10-05 13:37:29 - [TEST_STEP][PASSED] - verifyElementPresent(findTestObject("Login/Home"), 0): Object 'Object Repository/Login/Home' is present

2023-10-05 13:37:29 - [MESSAGE][WARNING] - Timeout '0' is invalid. Using default page load timeout: '30'

2023-10-05 13:37:30 - [MESSAGE][PASSED] - Object 'Object Repository/Login/Home' is present

2023-10-05 13:37:30 - [TEST_STEP][PASSED] - click(findTestObject("Login/a_Login")): Object: 'Object Repository/Login/a_Login' is clicked on

2023-10-05 13:37:30 - [MESSAGE][PASSED] - Object: 'Object Repository/Login/a_Login' is clicked on

2023-10-05 13:37:30 - [TEST_STEP][PASSED] - verifyElementPresent(findTestObject("Login/Tittle Login"), 0): Object 'Object Repository/Login/Tittle Login' is present

2023-10-05 13:37:30 - [MESSAGE][WARNING] - Timeout '0' is invalid. Using default page load timeout: '30'

2023-10-05 13:37:31 - [MESSAGE][PASSED] - Object 'Object Repository/Login/Tittle Login' is present

2023-10-05 13:37:31 - [TEST_STEP][PASSED] - setText(findTestObject("Login/input_Username, Email atau No. Handphone_a"), username): Text 'irfanafandi' is set on object 'Object Repository/Login/input_Username, Email atau No. Handphone_a'

2023-10-05 13:37:32 - [MESSAGE][PASSED] - Text 'irfanafandi' is set on object 'Object Repository/Login/input_Username, Email atau No. Handphone_a'

2023-10-05 13:37:32 - [TEST_STEP][PASSED] - setText(findTestObject("Login/input_Password_b"), password): Text '12345irfan' is set on object 'Object Repository/Login/input_Password_b'

2023-10-05 13:37:33 - [MESSAGE][PASSED] - Text '12345irfan' is set on object 'Object Repository/Login/input_Password_b'

2023-10-05 13:37:33 - [TEST_STEP][PASSED] - click(findTestObject("Login/label_Ingat saya")): Object: 'Object Repository/Login/label_Ingat saya' is clicked on

2023-10-05 13:37:33 - [MESSAGE][PASSED] - Object: 'Object Repository/Login/label_Ingat saya' is clicked on

2023-10-05 13:37:33 - [TEST_STEP][PASSED] - click(findTestObject("Login/button_Masuk")): Object: 'Object Repository/Login/button_Masuk' is clicked on

2023-10-05 13:37:35 - [MESSAGE][PASSED] - Object: 'Object Repository/Login/button_Masuk' is clicked on

2023-10-05 13:37:35 - [TEST_STEP][PASSED] - verifyElementPresent(findTestObject("Login/li_Profile"), 0): Object 'Object Repository/Login/li_Profile' is present

2023-10-05 13:37:35 - [MESSAGE][WARNING] - Timeout '0' is invalid. Using default page load timeout: '30'

2023-10-05 13:37:36 - [MESSAGE][PASSED] - Object 'Object Repository/Login/li_Profile' is present

2023-10-05 13:37:36 - [MESSAGE][PASSED] - Call Test Case 'Test Cases/T13 Pembelian, Shipment dan Pembayaran/LU-001' successfully

2023-10-05 13:37:36 - [TEST_STEP][PASSED] - mouseOver(findTestObject("beli barang/i_Mulai Belanja_icon-menu")): Object: 'Object Repository/beli barang/i_Mulai Belanja_icon-menu' is hovered

2023-10-05 13:37:36 - [MESSAGE][PASSED] - Object: 'Object Repository/beli barang/i_Mulai Belanja_icon-menu' is hovered

2023-10-05 13:37:36 - [TEST_STEP][PASSED] - click(findTestObject("beli barang/a_Fashion  Busana Wanita")): Object: 'Object Repository/beli barang/a_Fashion  Busana Wanita' is clicked on

2023-10-05 13:37:37 - [MESSAGE][PASSED] - Object: 'Object Repository/beli barang/a_Fashion  Busana Wanita' is clicked on

2023-10-05 13:37:37 - [TEST_STEP][PASSED] - NamaSebelum = getText(findTestObject("verifikasi/Nama sebelum")): Text of object 'Object Repository/verifikasi/Nama sebelum' is: ''

2023-10-05 13:37:38 - [MESSAGE][PASSED] - Text of object 'Object Repository/verifikasi/Nama sebelum' is: ''

2023-10-05 13:37:38 - [TEST_STEP][PASSED] - HargaSebelum = getText(findTestObject("verifikasi/Harga sebelum")): Text of object 'Object Repository/verifikasi/Harga sebelum' is: 'Rp 1,299'

2023-10-05 13:37:38 - [MESSAGE][PASSED] - Text of object 'Object Repository/verifikasi/Harga sebelum' is: 'Rp 1,299'

2023-10-05 13:37:38 - [TEST_STEP][PASSED] - mouseOver(findTestObject("beli barang/barang mouse over")): Object: 'Object Repository/beli barang/barang mouse over' is hovered

2023-10-05 13:37:39 - [MESSAGE][PASSED] - Object: 'Object Repository/beli barang/barang mouse over' is hovered

2023-10-05 13:37:39 - [TEST_STEP][PASSED] - click(findTestObject("beli barang/buttom add to cart")): Object: 'Object Repository/beli barang/buttom add to cart' is clicked on

2023-10-05 13:37:41 - [MESSAGE][PASSED] - Object: 'Object Repository/beli barang/buttom add to cart' is clicked on

2023-10-05 13:37:41 - [TEST_STEP][PASSED] - NamaSesudah = getText(findTestObject("verifikasi/Nama sesudah")): Text of object 'Object Repository/verifikasi/Nama sesudah' is: 'Segitiga Instan Madeira - MDB5.3 Sunset'

2023-10-05 13:37:41 - [MESSAGE][PASSED] - Text of object 'Object Repository/verifikasi/Nama sesudah' is: 'Segitiga Instan Madeira - MDB5.3 Sunset'

2023-10-05 13:37:41 - [TEST_STEP][PASSED] - HargaSesudah = getText(findTestObject("verifikasi/Harga sesudah")): Text of object 'Object Repository/verifikasi/Harga sesudah' is: 'Rp 1,299'

2023-10-05 13:37:42 - [MESSAGE][PASSED] - Text of object 'Object Repository/verifikasi/Harga sesudah' is: 'Rp 1,299'

2023-10-05 13:37:42 - [TEST_STEP][PASSED] - assert NamaSesudah.contains(NamaSebelum): null

2023-10-05 13:37:42 - [TEST_STEP][PASSED] - assert HargaSesudah.contains(HargaSebelum): null

2023-10-05 13:37:42 - [TEST_STEP][PASSED] - click(findTestObject("beli barang/Tambah Keranjang busana wanita")): Object: 'Object Repository/beli barang/Tambah Keranjang busana wanita' is clicked on

2023-10-05 13:37:42 - [MESSAGE][PASSED] - Object: 'Object Repository/beli barang/Tambah Keranjang busana wanita' is clicked on

2023-10-05 13:37:42 - [TEST_STEP][PASSED] - verifyElementPresent(findTestObject("checkout/Notifikasi keranjang"), 1): Object 'Object Repository/checkout/Notifikasi keranjang' is present

2023-10-05 13:37:43 - [MESSAGE][PASSED] - Object 'Object Repository/checkout/Notifikasi keranjang' is present

2023-10-05 13:37:43 - [TEST_STEP][PASSED] - data = new java.util.HashMap(): null

2023-10-05 13:37:43 - [TEST_STEP][PASSED] - data.put("nama_barang", NamaSesudah): null

2023-10-05 13:37:43 - [TEST_STEP][PASSED] - data.put("price_barang", HargaSesudah): null

2023-10-05 13:37:43 - [TEST_STEP][PASSED] - return data: null

2023-10-05 13:37:43 - [MESSAGE][PASSED] - Call Test Case 'Test Cases/T13 Pembelian, Shipment dan Pembayaran/PBL-001' successfully

2023-10-05 13:37:43 - [TEST_STEP][PASSED] - mouseOver(findTestObject("beli barang/keranjang")): Object: 'Object Repository/beli barang/keranjang' is hovered

2023-10-05 13:37:43 - [MESSAGE][PASSED] - Object: 'Object Repository/beli barang/keranjang' is hovered

2023-10-05 13:37:43 - [TEST_STEP][PASSED] - click(findTestObject("beli barang/Lihat Sekarang")): Object: 'Object Repository/beli barang/Lihat Sekarang' is clicked on

2023-10-05 13:37:45 - [MESSAGE][PASSED] - Object: 'Object Repository/beli barang/Lihat Sekarang' is clicked on

2023-10-05 13:37:45 - [TEST_STEP][PASSED] - verifyElementPresent(findTestObject("keranjang/li_Keranjang Belanja"), 0): Object 'Object Repository/keranjang/li_Keranjang Belanja' is present

2023-10-05 13:37:45 - [MESSAGE][WARNING] - Timeout '0' is invalid. Using default page load timeout: '30'

2023-10-05 13:37:46 - [MESSAGE][PASSED] - Object 'Object Repository/keranjang/li_Keranjang Belanja' is present

2023-10-05 13:37:46 - [TEST_STEP][PASSED] - NamaKeranjang = getText(findTestObject("verifikasi/Nama keranjang")): Text of object 'Object Repository/verifikasi/Nama keranjang' is: 'Segitiga Instan Madeira - MDB5.3 Sunset'

2023-10-05 13:37:46 - [MESSAGE][PASSED] - Text of object 'Object Repository/verifikasi/Nama keranjang' is: 'Segitiga Instan Madeira - MDB5.3 Sunset'

2023-10-05 13:37:46 - [TEST_STEP][PASSED] - HargaKeranjang = getText(findTestObject("verifikasi/Harga Keranjang")): Text of object 'Object Repository/verifikasi/Harga Keranjang' is: 'Rp 1,299'

2023-10-05 13:37:47 - [MESSAGE][PASSED] - Text of object 'Object Repository/verifikasi/Harga Keranjang' is: 'Rp 1,299'

2023-10-05 13:37:47 - [TEST_STEP][PASSED] - if (toString().equalsIgnoreCase("Merah")): Object 'Object Repository/keranjang/input_Warna_variasi101' is checked

2023-10-05 13:37:47 - [TEST_STEP][PASSED] - check(findTestObject("Object Repository/keranjang/input_Warna_variasi101")): Object 'Object Repository/keranjang/input_Warna_variasi101' is checked

2023-10-05 13:37:47 - [MESSAGE][PASSED] - Object 'Object Repository/keranjang/input_Warna_variasi101' is checked

2023-10-05 13:37:47 - [TEST_STEP][PASSED] - if (toString().equalsIgnoreCase("Menengah")): Object 'Object Repository/keranjang/input_Ukuran_variasi201' is checked

2023-10-05 13:37:47 - [TEST_STEP][PASSED] - check(findTestObject("Object Repository/keranjang/input_Ukuran_variasi201")): Object 'Object Repository/keranjang/input_Ukuran_variasi201' is checked

2023-10-05 13:37:48 - [MESSAGE][PASSED] - Object 'Object Repository/keranjang/input_Ukuran_variasi201' is checked

2023-10-05 13:37:48 - [TEST_STEP][PASSED] - data.put("Warna", warna): null

2023-10-05 13:37:48 - [TEST_STEP][PASSED] - data.put("Ukuran", ukuran): null

2023-10-05 13:37:48 - [TEST_STEP][PASSED] - click(findTestObject("keranjang/button_Lanjut ke Pembayaran")): Object: 'Object Repository/keranjang/button_Lanjut ke Pembayaran' is clicked on

2023-10-05 13:37:49 - [MESSAGE][PASSED] - Object: 'Object Repository/keranjang/button_Lanjut ke Pembayaran' is clicked on

2023-10-05 13:37:49 - [TEST_STEP][PASSED] - verifyElementPresent(findTestObject("checkout/Tittle Checkout Order"), 0): Object 'Object Repository/checkout/Tittle Checkout Order' is present

2023-10-05 13:37:49 - [MESSAGE][WARNING] - Timeout '0' is invalid. Using default page load timeout: '30'

2023-10-05 13:37:50 - [MESSAGE][PASSED] - Object 'Object Repository/checkout/Tittle Checkout Order' is present

2023-10-05 13:37:50 - [TEST_STEP][PASSED] - name_product = data.get("nama_barang"): null

2023-10-05 13:37:50 - [TEST_STEP][PASSED] - price_product = data.get("price_barang"): null

2023-10-05 13:37:50 - [TEST_STEP][PASSED] - assert name_product == NamaKeranjang: null

2023-10-05 13:37:50 - [TEST_STEP][PASSED] - assert price_product == HargaKeranjang: null

2023-10-05 13:37:50 - [TEST_STEP][PASSED] - return data: null

2023-10-05 13:37:50 - [MESSAGE][PASSED] - Call Test Case 'Test Cases/T13 Pembelian, Shipment dan Pembayaran/PBL-002' successfully

2023-10-05 13:37:50 - [TEST_STEP][PASSED] - warnaa = getText(findTestObject("verifikasi/warna Merah")): Text of object 'Object Repository/verifikasi/warna Merah' is: 'Merah'

2023-10-05 13:37:50 - [MESSAGE][PASSED] - Text of object 'Object Repository/verifikasi/warna Merah' is: 'Merah'

2023-10-05 13:37:50 - [TEST_STEP][PASSED] - ukurann = getText(findTestObject("verifikasi/Ukuran Menengah")): Text of object 'Object Repository/verifikasi/Ukuran Menengah' is: 'Menengah'

2023-10-05 13:37:51 - [MESSAGE][PASSED] - Text of object 'Object Repository/verifikasi/Ukuran Menengah' is: 'Menengah'

2023-10-05 13:37:51 - [TEST_STEP][PASSED] - warna1 = data.get("Warna"): null

2023-10-05 13:37:51 - [TEST_STEP][PASSED] - ukuran1 = data.get("Ukuran"): null

2023-10-05 13:37:51 - [TEST_STEP][PASSED] - assert warnaa == warna1: null

2023-10-05 13:37:51 - [TEST_STEP][PASSED] - assert ukurann == ukuran1: null

2023-10-05 13:37:51 - [TEST_STEP][PASSED] - NamaCheckout = getText(findTestObject("verifikasi/NamaCheckout")): Text of object 'Object Repository/verifikasi/NamaCheckout' is: ''

2023-10-05 13:37:51 - [MESSAGE][PASSED] - Text of object 'Object Repository/verifikasi/NamaCheckout' is: ''

2023-10-05 13:37:51 - [TEST_STEP][PASSED] - HargaCheckout = getText(findTestObject("verifikasi/HargaCheckout")): Text of object 'Object Repository/verifikasi/HargaCheckout' is: '1,299'

2023-10-05 13:37:51 - [MESSAGE][PASSED] - Text of object 'Object Repository/verifikasi/HargaCheckout' is: '1,299'

2023-10-05 13:37:51 - [TEST_STEP][PASSED] - name_product = data.get("nama_barang"): null

2023-10-05 13:37:51 - [TEST_STEP][PASSED] - price_product = data.get("price_barang"): null

2023-10-05 13:37:51 - [TEST_STEP][PASSED] - assert name_product.contains(NamaCheckout): null

2023-10-05 13:37:51 - [TEST_STEP][PASSED] - assert price_product.contains(HargaCheckout): null

2023-10-05 13:37:51 - [TEST_STEP][PASSED] - selectOptionByLabel(findTestObject("checkout/select - Kirim via Kurir Lokal"), Kurir, false): All options with label 'Roda 2' are selected in object 'Object Repository/checkout/select - Kirim via Kurir Lokal' 

2023-10-05 13:37:52 - [MESSAGE][PASSED] - All options with label 'Roda 2' are selected in object 'Object Repository/checkout/select - Kirim via Kurir Lokal' 

2023-10-05 13:37:52 - [TEST_STEP][PASSED] - click(findTestObject("checkout/Kendaraan Kurir")): Object: 'Object Repository/checkout/Kendaraan Kurir' is clicked on

2023-10-05 13:37:53 - [MESSAGE][PASSED] - Object: 'Object Repository/checkout/Kendaraan Kurir' is clicked on

2023-10-05 13:37:53 - [TEST_STEP][PASSED] - OngkosKirim = getText(findTestObject("Object Repository/verifikasi/Ongkos Kirim checkout")): Text of object 'Object Repository/verifikasi/Ongkos Kirim checkout' is: 'Rp. 5,000'

2023-10-05 13:37:53 - [MESSAGE][PASSED] - Text of object 'Object Repository/verifikasi/Ongkos Kirim checkout' is: 'Rp. 5,000'

2023-10-05 13:37:53 - [TEST_STEP][PASSED] - Ongkos = OngkosKirim.substring(3, OngkosKirim.size()): null

2023-10-05 13:37:53 - [TEST_STEP][PASSED] - rep = Ongkos.replace(",", "."): null

2023-10-05 13:37:53 - [TEST_STEP][PASSED] - Ongkos_kirim = Double.parseDouble(rep): null

2023-10-05 13:37:53 - [TEST_STEP][PASSED] - println(Ongkos_kirim): null

2023-10-05 13:37:53 - [TEST_STEP][PASSED] - FeeAdmin = getText(findTestObject("verifikasi/Fee Admin checkout")): Text of object 'Object Repository/verifikasi/Fee Admin checkout' is: 'Fee Admin
Rp 1,500'

2023-10-05 13:37:54 - [MESSAGE][PASSED] - Text of object 'Object Repository/verifikasi/Fee Admin checkout' is: 'Fee Admin
Rp 1,500'

2023-10-05 13:37:54 - [TEST_STEP][PASSED] - Fee_Admin = FeeAdmin.substring(12, FeeAdmin.size()): null

2023-10-05 13:37:54 - [TEST_STEP][PASSED] - fee = Fee_Admin.replace(",", "."): null

2023-10-05 13:37:54 - [TEST_STEP][PASSED] - fee_admin = Double.parseDouble(fee): null

2023-10-05 13:37:54 - [TEST_STEP][PASSED] - println(fee_admin): null

2023-10-05 13:37:54 - [TEST_STEP][PASSED] - Subtotal = getText(findTestObject("verifikasi/subtotal checkout")): Text of object 'Object Repository/verifikasi/subtotal checkout' is: 'Subtotal
Rp 1,299'

2023-10-05 13:37:54 - [MESSAGE][PASSED] - Text of object 'Object Repository/verifikasi/subtotal checkout' is: 'Subtotal
Rp 1,299'

2023-10-05 13:37:54 - [TEST_STEP][PASSED] - sub_total = Subtotal.substring(12, Subtotal.size()): null

2023-10-05 13:37:54 - [TEST_STEP][PASSED] - sub = sub_total.replace(",", "."): null

2023-10-05 13:37:54 - [TEST_STEP][PASSED] - sub_total = Double.parseDouble(sub): null

2023-10-05 13:37:54 - [TEST_STEP][PASSED] - println(sub_total): null

2023-10-05 13:37:54 - [TEST_STEP][PASSED] - Total = getText(findTestObject("verifikasi/Total checkout")): Text of object 'Object Repository/verifikasi/Total checkout' is: 'Rp 7,799'

2023-10-05 13:37:55 - [MESSAGE][PASSED] - Text of object 'Object Repository/verifikasi/Total checkout' is: 'Rp 7,799'

2023-10-05 13:37:55 - [TEST_STEP][PASSED] - totall = Total.substring(3, Total.size()): null

2023-10-05 13:37:55 - [TEST_STEP][PASSED] - total = totall.replace(",", "."): null

2023-10-05 13:37:55 - [TEST_STEP][PASSED] - totall = Double.parseDouble(total): null

2023-10-05 13:37:55 - [TEST_STEP][PASSED] - println(totall): null

2023-10-05 13:37:55 - [TEST_STEP][PASSED] - Total_Harga = Ongkos_kirim + fee_admin + sub_total: null

2023-10-05 13:37:55 - [TEST_STEP][PASSED] - println(Total_Harga): null

2023-10-05 13:37:55 - [TEST_STEP][PASSED] - TotalHarga = Math.round(Total_Harga * 1000) / 1000: null

2023-10-05 13:37:55 - [TEST_STEP][PASSED] - println(TotalHarga): null

2023-10-05 13:37:55 - [TEST_STEP][PASSED] - assert totall == TotalHarga: null

2023-10-05 13:37:55 - [TEST_STEP][PASSED] - click(findTestObject("verifikasi/Metode Transfer")): Object: 'Object Repository/verifikasi/Metode Transfer' is clicked on

2023-10-05 13:37:55 - [MESSAGE][PASSED] - Object: 'Object Repository/verifikasi/Metode Transfer' is clicked on

2023-10-05 13:37:55 - [TEST_STEP][PASSED] - click(findTestObject("checkout/button_Proses Pembayaran")): Object: 'Object Repository/checkout/button_Proses Pembayaran' is clicked on

2023-10-05 13:38:04 - [MESSAGE][PASSED] - Object: 'Object Repository/checkout/button_Proses Pembayaran' is clicked on

2023-10-05 13:38:04 - [TEST_STEP][PASSED] - verifyElementPresent(findTestObject("pembayaran/Tittle nomor invoice"), 0): Object 'Object Repository/pembayaran/Tittle nomor invoice' is present

2023-10-05 13:38:04 - [MESSAGE][WARNING] - Timeout '0' is invalid. Using default page load timeout: '30'

2023-10-05 13:38:04 - [MESSAGE][PASSED] - Object 'Object Repository/pembayaran/Tittle nomor invoice' is present

2023-10-05 13:38:04 - [TEST_STEP][PASSED] - return data: null

2023-10-05 13:38:04 - [MESSAGE][PASSED] - Call Test Case 'Test Cases/T13 Pembelian, Shipment dan Pembayaran/PBL-004' successfully

2023-10-05 13:38:04 - [TEST_STEP][PASSED] - Invoice = getText(findTestObject("pembayaran/nomor invoice")): Text of object 'Object Repository/pembayaran/nomor invoice' is: 'TRX60.20231005133759'

2023-10-05 13:38:05 - [MESSAGE][PASSED] - Text of object 'Object Repository/pembayaran/nomor invoice' is: 'TRX60.20231005133759'

2023-10-05 13:38:05 - [TEST_STEP][PASSED] - data.put("invoice", Invoice): null

2023-10-05 13:38:05 - [TEST_STEP][PASSED] - NamaPemesan = getText(findTestObject("Konfirmasi pesanan shop/Nama pemesan")): Text of object 'Object Repository/Konfirmasi pesanan shop/Nama pemesan' is: 'irfan.afandi'

2023-10-05 13:38:05 - [MESSAGE][PASSED] - Text of object 'Object Repository/Konfirmasi pesanan shop/Nama pemesan' is: 'irfan.afandi'

2023-10-05 13:38:05 - [TEST_STEP][PASSED] - Nama = getText(findTestObject("pembayaran/Nama barang")): Text of object 'Object Repository/pembayaran/Nama barang' is: 'Segitiga Instan Madeira - MDB5.3 Sunset'

2023-10-05 13:38:06 - [MESSAGE][PASSED] - Text of object 'Object Repository/pembayaran/Nama barang' is: 'Segitiga Instan Madeira - MDB5.3 Sunset'

2023-10-05 13:38:06 - [TEST_STEP][PASSED] - Harga = getText(findTestObject("pembayaran/Harga barang")): Text of object 'Object Repository/pembayaran/Harga barang' is: '1,299'

2023-10-05 13:38:07 - [MESSAGE][PASSED] - Text of object 'Object Repository/pembayaran/Harga barang' is: '1,299'

2023-10-05 13:38:07 - [TEST_STEP][PASSED] - name_product = data.get("nama_barang"): null

2023-10-05 13:38:07 - [TEST_STEP][PASSED] - price_product = data.get("price_barang"): null

2023-10-05 13:38:07 - [TEST_STEP][PASSED] - assert name_product.contains(Nama): null

2023-10-05 13:38:07 - [TEST_STEP][PASSED] - assert price_product.contains(Harga): null

2023-10-05 13:38:07 - [TEST_STEP][PASSED] - warnaa = getText(findTestObject("pembayaran/warna")): Text of object 'Object Repository/pembayaran/warna' is: 'Merah'

2023-10-05 13:38:07 - [MESSAGE][PASSED] - Text of object 'Object Repository/pembayaran/warna' is: 'Merah'

2023-10-05 13:38:07 - [TEST_STEP][PASSED] - ukurann = getText(findTestObject("pembayaran/ukuran")): Text of object 'Object Repository/pembayaran/ukuran' is: 'Menengah'

2023-10-05 13:38:08 - [MESSAGE][PASSED] - Text of object 'Object Repository/pembayaran/ukuran' is: 'Menengah'

2023-10-05 13:38:08 - [TEST_STEP][PASSED] - warna1 = data.get("Warna"): null

2023-10-05 13:38:08 - [TEST_STEP][PASSED] - ukuran1 = data.get("Ukuran"): null

2023-10-05 13:38:08 - [TEST_STEP][PASSED] - assert warnaa == warna1: null

2023-10-05 13:38:08 - [TEST_STEP][PASSED] - assert ukurann == ukuran1: null

2023-10-05 13:38:08 - [TEST_STEP][PASSED] - statusPembelian = getText(findTestObject("verifikasi/Status pending di pembelian")): Text of object 'Object Repository/verifikasi/Status pending di pembelian' is: 'Pending'

2023-10-05 13:38:08 - [MESSAGE][PASSED] - Text of object 'Object Repository/verifikasi/Status pending di pembelian' is: 'Pending'

2023-10-05 13:38:08 - [TEST_STEP][PASSED] - data.put("statusPem", statusPembelian): null

2023-10-05 13:38:08 - [TEST_STEP][PASSED] - OngkosKirim = getText(findTestObject("pembayaran/ongkos kirim")): Text of object 'Object Repository/pembayaran/ongkos kirim' is: 'Rp 5,000'

2023-10-05 13:38:09 - [MESSAGE][PASSED] - Text of object 'Object Repository/pembayaran/ongkos kirim' is: 'Rp 5,000'

2023-10-05 13:38:09 - [TEST_STEP][PASSED] - Ongkos = OngkosKirim.substring(3, OngkosKirim.size()): null

2023-10-05 13:38:09 - [TEST_STEP][PASSED] - rep = Ongkos.replace(",", ""): null

2023-10-05 13:38:09 - [TEST_STEP][PASSED] - Ongkos_kirimm = Integer.parseInt(rep): null

2023-10-05 13:38:09 - [TEST_STEP][PASSED] - println(Ongkos_kirimm): null

2023-10-05 13:38:09 - [TEST_STEP][PASSED] - FeeAdmin = getText(findTestObject("pembayaran/fee admin")): Text of object 'Object Repository/pembayaran/fee admin' is: 'Rp 1,500'

2023-10-05 13:38:09 - [MESSAGE][PASSED] - Text of object 'Object Repository/pembayaran/fee admin' is: 'Rp 1,500'

2023-10-05 13:38:09 - [TEST_STEP][PASSED] - Fee_Admin = FeeAdmin.substring(3, FeeAdmin.size()): null

2023-10-05 13:38:09 - [TEST_STEP][PASSED] - fee = Fee_Admin.replace(",", ""): null

2023-10-05 13:38:09 - [TEST_STEP][PASSED] - fee_adminn = Integer.parseInt(fee): null

2023-10-05 13:38:09 - [TEST_STEP][PASSED] - println(fee_adminn): null

2023-10-05 13:38:09 - [TEST_STEP][PASSED] - Subtotal = getText(findTestObject("pembayaran/subtotal")): Text of object 'Object Repository/pembayaran/subtotal' is: 'Rp 1,299'

2023-10-05 13:38:10 - [MESSAGE][PASSED] - Text of object 'Object Repository/pembayaran/subtotal' is: 'Rp 1,299'

2023-10-05 13:38:10 - [TEST_STEP][PASSED] - sub_total = Subtotal.substring(3, Subtotal.size()): null

2023-10-05 13:38:10 - [TEST_STEP][PASSED] - sub = sub_total.replace(",", ""): null

2023-10-05 13:38:10 - [TEST_STEP][PASSED] - sub_totall = Integer.parseInt(sub): null

2023-10-05 13:38:10 - [TEST_STEP][PASSED] - println(sub_totall): null

2023-10-05 13:38:10 - [TEST_STEP][PASSED] - unik = getText(findTestObject("pembayaran/kode unik")): Text of object 'Object Repository/pembayaran/kode unik' is: '+759'

2023-10-05 13:38:10 - [MESSAGE][PASSED] - Text of object 'Object Repository/pembayaran/kode unik' is: '+759'

2023-10-05 13:38:10 - [TEST_STEP][PASSED] - unikk = unik.replace("+", ""): null

2023-10-05 13:38:10 - [TEST_STEP][PASSED] - kode_unik = Integer.parseInt(unikk): null

2023-10-05 13:38:10 - [TEST_STEP][PASSED] - println(kode_unik): null

2023-10-05 13:38:10 - [TEST_STEP][PASSED] - Total = getText(findTestObject("pembayaran/total")): Text of object 'Object Repository/pembayaran/total' is: '8,558'

2023-10-05 13:38:11 - [MESSAGE][PASSED] - Text of object 'Object Repository/pembayaran/total' is: '8,558'

2023-10-05 13:38:11 - [TEST_STEP][PASSED] - total = Total.replace(",", ""): null

2023-10-05 13:38:11 - [TEST_STEP][PASSED] - totalll = Integer.parseInt(total): null

2023-10-05 13:38:11 - [TEST_STEP][PASSED] - println(totalll): null

2023-10-05 13:38:11 - [TEST_STEP][PASSED] - Total_Hargaa = Ongkos_kirimm + fee_adminn + sub_totall + kode_unik: null

2023-10-05 13:38:11 - [TEST_STEP][PASSED] - println(Total_Hargaa): null

2023-10-05 13:38:11 - [TEST_STEP][PASSED] - assert totalll == Total_Hargaa: null

2023-10-05 13:38:11 - [TEST_STEP][PASSED] - data.put("total", Total): null

2023-10-05 13:38:11 - [TEST_STEP][PASSED] - data.put("nama", NamaPemesan): null

2023-10-05 13:38:11 - [TEST_STEP][PASSED] - return data: null

2023-10-05 13:38:11 - [MESSAGE][PASSED] - Call Test Case 'Test Cases/T13 Pembelian, Shipment dan Pembayaran/PBY-001' successfully

2023-10-05 13:38:11 - [TEST_STEP][PASSED] - inv = data.get("invoice"): null

2023-10-05 13:38:11 - [TEST_STEP][PASSED] - Total = data.get("total"): null

2023-10-05 13:38:11 - [TEST_STEP][PASSED] - NamaPemesan = data.get("nama"): null

2023-10-05 13:38:11 - [TEST_STEP][PASSED] - click(findTestObject("Konfirmasi pesanan shop/Menu Shop")): Object: 'Object Repository/Konfirmasi pesanan shop/Menu Shop' is clicked on

2023-10-05 13:38:13 - [MESSAGE][PASSED] - Object: 'Object Repository/Konfirmasi pesanan shop/Menu Shop' is clicked on

2023-10-05 13:38:13 - [TEST_STEP][PASSED] - click(findTestObject("Konfirmasi pesanan shop/Menu Shop")): Object: 'Object Repository/Konfirmasi pesanan shop/Menu Shop' is clicked on

2023-10-05 13:38:13 - [MESSAGE][PASSED] - Object: 'Object Repository/Konfirmasi pesanan shop/Menu Shop' is clicked on

2023-10-05 13:38:13 - [TEST_STEP][PASSED] - click(findTestObject("Konfirmasi pesanan shop/Konfirmasi Orders")): Object: 'Object Repository/Konfirmasi pesanan shop/Konfirmasi Orders' is clicked on

2023-10-05 13:38:14 - [MESSAGE][PASSED] - Object: 'Object Repository/Konfirmasi pesanan shop/Konfirmasi Orders' is clicked on

2023-10-05 13:38:14 - [TEST_STEP][PASSED] - verifyElementPresent(findTestObject("Konfirmasi pesanan shop/Tittle Konfirmasi Pesanan"), 0): Object 'Object Repository/Konfirmasi pesanan shop/Tittle Konfirmasi Pesanan' is present

2023-10-05 13:38:14 - [MESSAGE][WARNING] - Timeout '0' is invalid. Using default page load timeout: '30'

2023-10-05 13:38:15 - [MESSAGE][PASSED] - Object 'Object Repository/Konfirmasi pesanan shop/Tittle Konfirmasi Pesanan' is present

2023-10-05 13:38:15 - [TEST_STEP][PASSED] - setText(findTestObject("Konfirmasi pesanan shop/input_No Pesanan"), inv): Text 'TRX60.20231005133759' is set on object 'Object Repository/Konfirmasi pesanan shop/input_No Pesanan'

2023-10-05 13:38:16 - [MESSAGE][PASSED] - Text 'TRX60.20231005133759' is set on object 'Object Repository/Konfirmasi pesanan shop/input_No Pesanan'

2023-10-05 13:38:16 - [TEST_STEP][PASSED] - setText(findTestObject("Konfirmasi pesanan shop/input_Alamat E-mai"), "irfan@gmail.com"): Text 'irfan@gmail.com' is set on object 'Object Repository/Konfirmasi pesanan shop/input_Alamat E-mai'

2023-10-05 13:38:17 - [MESSAGE][PASSED] - Text 'irfan@gmail.com' is set on object 'Object Repository/Konfirmasi pesanan shop/input_Alamat E-mai'

2023-10-05 13:38:17 - [TEST_STEP][PASSED] - click(findTestObject("Konfirmasi pesanan shop/button_Submit")): Object: 'Object Repository/Konfirmasi pesanan shop/button_Submit' is clicked on

2023-10-05 13:38:18 - [MESSAGE][PASSED] - Object: 'Object Repository/Konfirmasi pesanan shop/button_Submit' is clicked on

2023-10-05 13:38:18 - [TEST_STEP][PASSED] - verifyElementPresent(findTestObject("Konfirmasi pesanan shop/Tittle nomor invoice"), 0): Object 'Object Repository/Konfirmasi pesanan shop/Tittle nomor invoice' is present

2023-10-05 13:38:18 - [MESSAGE][WARNING] - Timeout '0' is invalid. Using default page load timeout: '30'

2023-10-05 13:38:18 - [MESSAGE][PASSED] - Object 'Object Repository/Konfirmasi pesanan shop/Tittle nomor invoice' is present

2023-10-05 13:38:18 - [TEST_STEP][PASSED] - setText(findTestObject("Konfirmasi pesanan shop/input_Total TagihanTransfer_b"), Total): Text '8,558' is set on object 'Object Repository/Konfirmasi pesanan shop/input_Total TagihanTransfer_b'

2023-10-05 13:38:19 - [MESSAGE][PASSED] - Text '8,558' is set on object 'Object Repository/Konfirmasi pesanan shop/input_Total TagihanTransfer_b'

2023-10-05 13:38:19 - [TEST_STEP][PASSED] - selectOptionByValue(findTestObject("Konfirmasi pesanan shop/select_Bank"), "4", false): All options with value '4' are selected in object 'Object Repository/Konfirmasi pesanan shop/select_Bank' 

2023-10-05 13:38:20 - [MESSAGE][PASSED] - All options with value '4' are selected in object 'Object Repository/Konfirmasi pesanan shop/select_Bank' 

2023-10-05 13:38:20 - [TEST_STEP][PASSED] - setText(findTestObject("Konfirmasi pesanan shop/input_Nama Pengirim_d"), NamaPemesan): Text 'irfan.afandi' is set on object 'Object Repository/Konfirmasi pesanan shop/input_Nama Pengirim_d'

2023-10-05 13:38:21 - [MESSAGE][PASSED] - Text 'irfan.afandi' is set on object 'Object Repository/Konfirmasi pesanan shop/input_Nama Pengirim_d'

2023-10-05 13:38:21 - [TEST_STEP][PASSED] - uploadFile(findTestObject("keranjang/konfirmasi/input_Upload Bukti Transfer_f"), "C:\Users\IRFAN\Downloads\Berkas2.pdf"): File 'C:\Users\IRFAN\Downloads\Berkas2.pdf' sent to object: 'Object Repository/keranjang/konfirmasi/input_Upload Bukti Transfer_f'

2023-10-05 13:38:21 - [MESSAGE][PASSED] - File 'C:\Users\IRFAN\Downloads\Berkas2.pdf' sent to object: 'Object Repository/keranjang/konfirmasi/input_Upload Bukti Transfer_f'

2023-10-05 13:38:21 - [TEST_STEP][PASSED] - click(findTestObject("Konfirmasi pesanan shop/button_Konfirmasi Pembayaran")): Object: 'Object Repository/Konfirmasi pesanan shop/button_Konfirmasi Pembayaran' is clicked on

2023-10-05 13:38:23 - [MESSAGE][PASSED] - Object: 'Object Repository/Konfirmasi pesanan shop/button_Konfirmasi Pembayaran' is clicked on

2023-10-05 13:38:23 - [TEST_STEP][PASSED] - verifyElementPresent(findTestObject("Konfirmasi pesanan shop/Tittle Konfirmasi Pesanan"), 0): Object 'Object Repository/Konfirmasi pesanan shop/Tittle Konfirmasi Pesanan' is present

2023-10-05 13:38:23 - [MESSAGE][WARNING] - Timeout '0' is invalid. Using default page load timeout: '30'

2023-10-05 13:38:23 - [MESSAGE][PASSED] - Object 'Object Repository/Konfirmasi pesanan shop/Tittle Konfirmasi Pesanan' is present

2023-10-05 13:38:23 - [TEST_STEP][PASSED] - verifyElementPresent(findTestObject("Konfirmasi pesanan shop/Tittle massage succes Konfirmasi Pembayaran Pesanan"), 0): Object 'Object Repository/Konfirmasi pesanan shop/Tittle massage succes Konfirmasi Pembayaran Pesanan' is present

2023-10-05 13:38:23 - [MESSAGE][WARNING] - Timeout '0' is invalid. Using default page load timeout: '30'

2023-10-05 13:38:24 - [MESSAGE][PASSED] - Object 'Object Repository/Konfirmasi pesanan shop/Tittle massage succes Konfirmasi Pembayaran Pesanan' is present

2023-10-05 13:38:24 - [TEST_STEP][PASSED] - return data: null

2023-10-05 13:38:24 - [MESSAGE][PASSED] - Call Test Case 'Test Cases/T13 Pembelian, Shipment dan Pembayaran/PBY-004' successfully

2023-10-05 13:38:24 - [TEST_STEP][PASSED] - navigateToUrl("https://10.9.2.63/ecommerce/administrator/"): Navigate to 'https://10.9.2.63/ecommerce/administrator/' successfully

2023-10-05 13:38:24 - [MESSAGE][PASSED] - Navigate to 'https://10.9.2.63/ecommerce/administrator/' successfully

2023-10-05 13:38:24 - [TEST_STEP][PASSED] - verifyElementPresent(findTestObject("admin/Tittle ADMIN Login"), 0): Object 'Object Repository/admin/Tittle ADMIN Login' is present

2023-10-05 13:38:24 - [MESSAGE][WARNING] - Timeout '0' is invalid. Using default page load timeout: '30'

2023-10-05 13:38:25 - [MESSAGE][PASSED] - Object 'Object Repository/admin/Tittle ADMIN Login' is present

2023-10-05 13:38:25 - [TEST_STEP][PASSED] - setText(findTestObject("admin/Username"), "admin"): Text 'admin' is set on object 'Object Repository/admin/Username'

2023-10-05 13:38:26 - [MESSAGE][PASSED] - Text 'admin' is set on object 'Object Repository/admin/Username'

2023-10-05 13:38:26 - [TEST_STEP][PASSED] - setText(findTestObject("admin/Password"), "123admin123"): Text '123admin123' is set on object 'Object Repository/admin/Password'

2023-10-05 13:38:26 - [MESSAGE][PASSED] - Text '123admin123' is set on object 'Object Repository/admin/Password'

2023-10-05 13:38:26 - [TEST_STEP][PASSED] - click(findTestObject("admin/Remember Me")): Object: 'Object Repository/admin/Remember Me' is clicked on

2023-10-05 13:38:27 - [MESSAGE][PASSED] - Object: 'Object Repository/admin/Remember Me' is clicked on

2023-10-05 13:38:27 - [TEST_STEP][PASSED] - delay(10): Delayed 10 second(s)

2023-10-05 13:38:37 - [MESSAGE][PASSED] - Delayed 10 second(s)

2023-10-05 13:38:37 - [TEST_STEP][PASSED] - click(findTestObject("admin/buttom submit")): Object: 'Object Repository/admin/buttom submit' is clicked on

2023-10-05 13:38:39 - [MESSAGE][PASSED] - Object: 'Object Repository/admin/buttom submit' is clicked on

2023-10-05 13:38:39 - [TEST_STEP][PASSED] - verifyElementPresent(findTestObject("admin/Konf order konsumen/Tittle Dashboard"), 0): Object 'Object Repository/admin/Konf order konsumen/Tittle Dashboard' is present

2023-10-05 13:38:39 - [MESSAGE][WARNING] - Timeout '0' is invalid. Using default page load timeout: '30'

2023-10-05 13:38:39 - [MESSAGE][PASSED] - Object 'Object Repository/admin/Konf order konsumen/Tittle Dashboard' is present

2023-10-05 13:38:39 - [TEST_STEP][PASSED] - click(findTestObject("admin/Konf order konsumen/Menu Transaksi Market")): Object: 'Object Repository/admin/Konf order konsumen/Menu Transaksi Market' is clicked on

2023-10-05 13:38:39 - [MESSAGE][PASSED] - Object: 'Object Repository/admin/Konf order konsumen/Menu Transaksi Market' is clicked on

2023-10-05 13:38:39 - [TEST_STEP][PASSED] - click(findTestObject("admin/Konf order konsumen/Menu Konf. Order Konsumen")): Object: 'Object Repository/admin/Konf order konsumen/Menu Konf. Order Konsumen' is clicked on

2023-10-05 13:38:41 - [MESSAGE][PASSED] - Object: 'Object Repository/admin/Konf order konsumen/Menu Konf. Order Konsumen' is clicked on

2023-10-05 13:38:41 - [TEST_STEP][PASSED] - verifyElementPresent(findTestObject("admin/Konf order konsumen/Tittle Data Konfirmasi Pembayaran Konsumen"), 0): Object 'Object Repository/admin/Konf order konsumen/Tittle Data Konfirmasi Pembayaran Konsumen' is present

2023-10-05 13:38:41 - [MESSAGE][WARNING] - Timeout '0' is invalid. Using default page load timeout: '30'

2023-10-05 13:38:41 - [MESSAGE][PASSED] - Object 'Object Repository/admin/Konf order konsumen/Tittle Data Konfirmasi Pembayaran Konsumen' is present

2023-10-05 13:38:41 - [TEST_STEP][PASSED] - inv = data.get("invoice"): null

2023-10-05 13:38:41 - [TEST_STEP][PASSED] - setText(findTestObject("admin/Konf order konsumen/Search"), inv): Text 'TRX60.20231005133759' is set on object 'Object Repository/admin/Konf order konsumen/Search'

2023-10-05 13:38:42 - [MESSAGE][PASSED] - Text 'TRX60.20231005133759' is set on object 'Object Repository/admin/Konf order konsumen/Search'

2023-10-05 13:38:42 - [TEST_STEP][PASSED] - verifyElementText(findTestObject("admin/Konf order konsumen/Keterangan Lunas"), "Lunas"): Actual text and expected text of test object 'Object Repository/admin/Konf order konsumen/Keterangan Lunas' are matched.

2023-10-05 13:38:43 - [MESSAGE][PASSED] - Actual text and expected text of test object 'Object Repository/admin/Konf order konsumen/Keterangan Lunas' are matched.

2023-10-05 13:38:43 - [TEST_STEP][PASSED] - return data: null

2023-10-05 13:38:43 - [MESSAGE][PASSED] - Call Test Case 'Test Cases/T13 Pembelian, Shipment dan Pembayaran/PBYA-001' successfully

2023-10-05 13:38:43 - [TEST_STEP][PASSED] - click(findTestObject("admin/Penjualan ke konsumen/buttom Dashboard")): Object: 'Object Repository/admin/Penjualan ke konsumen/buttom Dashboard' is clicked on

2023-10-05 13:38:43 - [MESSAGE][PASSED] - Object: 'Object Repository/admin/Penjualan ke konsumen/buttom Dashboard' is clicked on

2023-10-05 13:38:43 - [TEST_STEP][PASSED] - click(findTestObject("admin/Konf order konsumen/Menu Transaksi Market")): Object: 'Object Repository/admin/Konf order konsumen/Menu Transaksi Market' is clicked on

2023-10-05 13:38:44 - [MESSAGE][PASSED] - Object: 'Object Repository/admin/Konf order konsumen/Menu Transaksi Market' is clicked on

2023-10-05 13:38:44 - [TEST_STEP][PASSED] - click(findTestObject("admin/Penjualan ke konsumen/a_Penjualan ke Konsumen")): Object: 'Object Repository/admin/Penjualan ke konsumen/a_Penjualan ke Konsumen' is clicked on

2023-10-05 13:38:47 - [MESSAGE][PASSED] - Object: 'Object Repository/admin/Penjualan ke konsumen/a_Penjualan ke Konsumen' is clicked on

2023-10-05 13:38:47 - [TEST_STEP][PASSED] - verifyElementPresent(findTestObject("admin/Tittle Data Transaksi Penjualan  Orderan Konsumen"), 0): Object 'Object Repository/admin/Tittle Data Transaksi Penjualan  Orderan Konsumen' is present

2023-10-05 13:38:47 - [MESSAGE][WARNING] - Timeout '0' is invalid. Using default page load timeout: '30'

2023-10-05 13:38:48 - [MESSAGE][PASSED] - Object 'Object Repository/admin/Tittle Data Transaksi Penjualan  Orderan Konsumen' is present

2023-10-05 13:38:48 - [TEST_STEP][PASSED] - return data: null]]></system-out>
         <system-err><![CDATA[]]></system-err>
      </testcase>
      <testcase name="Test Cases/T13 Pembelian, Shipment dan Pembayaran/SA-002" time="108.691" classname="Test Cases/T13 Pembelian, Shipment dan Pembayaran/SA-002" status="PASSED">
         <system-out><![CDATA[2023-10-05 13:38:48 - [TEST_CASE][PASSED] - Test Cases/T13 Pembelian, Shipment dan Pembayaran/SA-002: Test Cases/T13 Pembelian, Shipment dan Pembayaran/SA-002

2023-10-05 13:38:48 - [TEST_STEP][PASSED] - data = callTestCase(findTestCase("T13 Pembelian, Shipment dan Pembayaran/SA-001"), [:], STOP_ON_FAILURE): Call Test Case 'Test Cases/T13 Pembelian, Shipment dan Pembayaran/SA-001' successfully

2023-10-05 13:38:48 - [TEST_CASE][PASSED] - Test Cases/T13 Pembelian, Shipment dan Pembayaran/SA-001: Test Cases/T13 Pembelian, Shipment dan Pembayaran/SA-001

2023-10-05 13:38:48 - [TEST_STEP][PASSED] - data = callTestCase(findTestCase("T13 Pembelian, Shipment dan Pembayaran/PBYA-001"), [:], STOP_ON_FAILURE): Call Test Case 'Test Cases/T13 Pembelian, Shipment dan Pembayaran/PBYA-001' successfully

2023-10-05 13:38:48 - [TEST_CASE][PASSED] - Test Cases/T13 Pembelian, Shipment dan Pembayaran/PBYA-001: Test Cases/T13 Pembelian, Shipment dan Pembayaran/PBYA-001

2023-10-05 13:38:48 - [TEST_STEP][PASSED] - data = callTestCase(findTestCase("T13 Pembelian, Shipment dan Pembayaran/PBY-004"), [:], STOP_ON_FAILURE): Call Test Case 'Test Cases/T13 Pembelian, Shipment dan Pembayaran/PBY-004' successfully

2023-10-05 13:38:48 - [TEST_CASE][PASSED] - Test Cases/T13 Pembelian, Shipment dan Pembayaran/PBY-004: Test Cases/T13 Pembelian, Shipment dan Pembayaran/PBY-004

2023-10-05 13:38:48 - [TEST_STEP][PASSED] - data = callTestCase(findTestCase("T13 Pembelian, Shipment dan Pembayaran/PBY-001"), [:], STOP_ON_FAILURE): Call Test Case 'Test Cases/T13 Pembelian, Shipment dan Pembayaran/PBY-001' successfully

2023-10-05 13:38:48 - [TEST_CASE][PASSED] - Test Cases/T13 Pembelian, Shipment dan Pembayaran/PBY-001: Test Cases/T13 Pembelian, Shipment dan Pembayaran/PBY-001

2023-10-05 13:38:48 - [TEST_STEP][PASSED] - data = callTestCase(findTestCase("T13 Pembelian, Shipment dan Pembayaran/PBL-004"), ["Kurir":"Roda 2"], STOP_ON_FAILURE): Call Test Case 'Test Cases/T13 Pembelian, Shipment dan Pembayaran/PBL-004' successfully

2023-10-05 13:38:48 - [TEST_CASE][PASSED] - Test Cases/T13 Pembelian, Shipment dan Pembayaran/PBL-004: Test Cases/T13 Pembelian, Shipment dan Pembayaran/PBL-004

2023-10-05 13:38:48 - [TEST_STEP][PASSED] - data = callTestCase(findTestCase("T13 Pembelian, Shipment dan Pembayaran/PBL-002"), [:], STOP_ON_FAILURE): Call Test Case 'Test Cases/T13 Pembelian, Shipment dan Pembayaran/PBL-002' successfully

2023-10-05 13:38:48 - [TEST_CASE][PASSED] - Test Cases/T13 Pembelian, Shipment dan Pembayaran/PBL-002: Test Cases/T13 Pembelian, Shipment dan Pembayaran/PBL-002

2023-10-05 13:38:48 - [TEST_STEP][PASSED] - data = callTestCase(findTestCase("T13 Pembelian, Shipment dan Pembayaran/PBL-001"), [:], STOP_ON_FAILURE): Call Test Case 'Test Cases/T13 Pembelian, Shipment dan Pembayaran/PBL-001' successfully

2023-10-05 13:38:49 - [TEST_CASE][PASSED] - Test Cases/T13 Pembelian, Shipment dan Pembayaran/PBL-001: Test Cases/T13 Pembelian, Shipment dan Pembayaran/PBL-001

2023-10-05 13:38:49 - [TEST_STEP][PASSED] - callTestCase(findTestCase("T13 Pembelian, Shipment dan Pembayaran/LU-001"), ["username":"irfanafandi", "password":"12345irfan"], STOP_ON_FAILURE): Call Test Case 'Test Cases/T13 Pembelian, Shipment dan Pembayaran/LU-001' successfully

2023-10-05 13:38:49 - [TEST_CASE][PASSED] - Test Cases/T13 Pembelian, Shipment dan Pembayaran/LU-001: Test Cases/T13 Pembelian, Shipment dan Pembayaran/LU-001

2023-10-05 13:38:49 - [TEST_STEP][PASSED] - openBrowser("https://10.9.2.63/ecommerce/"): Browser is opened with url: 'https://10.9.2.63/ecommerce/'

2023-10-05 13:38:49 - [MESSAGE][WARNING] - A browser is already opened. Closing browser and opening a new one

2023-10-05 13:38:49 - [MESSAGE][INFO] - Starting 'Edge Chromium' driver

2023-10-05 13:38:49 - [MESSAGE][INFO] - User set preference: ['acceptInsecureCerts', 'true']

2023-10-05 13:38:52 - [MESSAGE][INFO] - Action delay is set to 0 milliseconds

2023-10-05 13:39:06 - [MESSAGE][PASSED] - Browser is opened with url: 'https://10.9.2.63/ecommerce/'

2023-10-05 13:39:06 - [TEST_STEP][PASSED] - maximizeWindow(): Current window maximized

2023-10-05 13:39:06 - [MESSAGE][PASSED] - Current window maximized

2023-10-05 13:39:06 - [TEST_STEP][PASSED] - verifyElementPresent(findTestObject("Login/Home"), 0): Object 'Object Repository/Login/Home' is present

2023-10-05 13:39:06 - [MESSAGE][WARNING] - Timeout '0' is invalid. Using default page load timeout: '30'

2023-10-05 13:39:07 - [MESSAGE][PASSED] - Object 'Object Repository/Login/Home' is present

2023-10-05 13:39:07 - [TEST_STEP][PASSED] - click(findTestObject("Login/a_Login")): Object: 'Object Repository/Login/a_Login' is clicked on

2023-10-05 13:39:07 - [MESSAGE][PASSED] - Object: 'Object Repository/Login/a_Login' is clicked on

2023-10-05 13:39:07 - [TEST_STEP][PASSED] - verifyElementPresent(findTestObject("Login/Tittle Login"), 0): Object 'Object Repository/Login/Tittle Login' is present

2023-10-05 13:39:07 - [MESSAGE][WARNING] - Timeout '0' is invalid. Using default page load timeout: '30'

2023-10-05 13:39:08 - [MESSAGE][PASSED] - Object 'Object Repository/Login/Tittle Login' is present

2023-10-05 13:39:08 - [TEST_STEP][PASSED] - setText(findTestObject("Login/input_Username, Email atau No. Handphone_a"), username): Text 'irfanafandi' is set on object 'Object Repository/Login/input_Username, Email atau No. Handphone_a'

2023-10-05 13:39:09 - [MESSAGE][PASSED] - Text 'irfanafandi' is set on object 'Object Repository/Login/input_Username, Email atau No. Handphone_a'

2023-10-05 13:39:09 - [TEST_STEP][PASSED] - setText(findTestObject("Login/input_Password_b"), password): Text '12345irfan' is set on object 'Object Repository/Login/input_Password_b'

2023-10-05 13:39:09 - [MESSAGE][PASSED] - Text '12345irfan' is set on object 'Object Repository/Login/input_Password_b'

2023-10-05 13:39:09 - [TEST_STEP][PASSED] - click(findTestObject("Login/label_Ingat saya")): Object: 'Object Repository/Login/label_Ingat saya' is clicked on

2023-10-05 13:39:10 - [MESSAGE][PASSED] - Object: 'Object Repository/Login/label_Ingat saya' is clicked on

2023-10-05 13:39:10 - [TEST_STEP][PASSED] - click(findTestObject("Login/button_Masuk")): Object: 'Object Repository/Login/button_Masuk' is clicked on

2023-10-05 13:39:11 - [MESSAGE][PASSED] - Object: 'Object Repository/Login/button_Masuk' is clicked on

2023-10-05 13:39:11 - [TEST_STEP][PASSED] - verifyElementPresent(findTestObject("Login/li_Profile"), 0): Object 'Object Repository/Login/li_Profile' is present

2023-10-05 13:39:11 - [MESSAGE][WARNING] - Timeout '0' is invalid. Using default page load timeout: '30'

2023-10-05 13:39:12 - [MESSAGE][PASSED] - Object 'Object Repository/Login/li_Profile' is present

2023-10-05 13:39:12 - [MESSAGE][PASSED] - Call Test Case 'Test Cases/T13 Pembelian, Shipment dan Pembayaran/LU-001' successfully

2023-10-05 13:39:12 - [TEST_STEP][PASSED] - mouseOver(findTestObject("beli barang/i_Mulai Belanja_icon-menu")): Object: 'Object Repository/beli barang/i_Mulai Belanja_icon-menu' is hovered

2023-10-05 13:39:12 - [MESSAGE][PASSED] - Object: 'Object Repository/beli barang/i_Mulai Belanja_icon-menu' is hovered

2023-10-05 13:39:12 - [TEST_STEP][PASSED] - click(findTestObject("beli barang/a_Fashion  Busana Wanita")): Object: 'Object Repository/beli barang/a_Fashion  Busana Wanita' is clicked on

2023-10-05 13:39:13 - [MESSAGE][PASSED] - Object: 'Object Repository/beli barang/a_Fashion  Busana Wanita' is clicked on

2023-10-05 13:39:13 - [TEST_STEP][PASSED] - NamaSebelum = getText(findTestObject("verifikasi/Nama sebelum")): Text of object 'Object Repository/verifikasi/Nama sebelum' is: ''

2023-10-05 13:39:14 - [MESSAGE][PASSED] - Text of object 'Object Repository/verifikasi/Nama sebelum' is: ''

2023-10-05 13:39:14 - [TEST_STEP][PASSED] - HargaSebelum = getText(findTestObject("verifikasi/Harga sebelum")): Text of object 'Object Repository/verifikasi/Harga sebelum' is: 'Rp 1,299'

2023-10-05 13:39:15 - [MESSAGE][PASSED] - Text of object 'Object Repository/verifikasi/Harga sebelum' is: 'Rp 1,299'

2023-10-05 13:39:15 - [TEST_STEP][PASSED] - mouseOver(findTestObject("beli barang/barang mouse over")): Object: 'Object Repository/beli barang/barang mouse over' is hovered

2023-10-05 13:39:16 - [MESSAGE][PASSED] - Object: 'Object Repository/beli barang/barang mouse over' is hovered

2023-10-05 13:39:16 - [TEST_STEP][PASSED] - click(findTestObject("beli barang/buttom add to cart")): Object: 'Object Repository/beli barang/buttom add to cart' is clicked on

2023-10-05 13:39:17 - [MESSAGE][PASSED] - Object: 'Object Repository/beli barang/buttom add to cart' is clicked on

2023-10-05 13:39:17 - [TEST_STEP][PASSED] - NamaSesudah = getText(findTestObject("verifikasi/Nama sesudah")): Text of object 'Object Repository/verifikasi/Nama sesudah' is: 'Segitiga Instan Madeira - MDB5.3 Sunset'

2023-10-05 13:39:18 - [MESSAGE][PASSED] - Text of object 'Object Repository/verifikasi/Nama sesudah' is: 'Segitiga Instan Madeira - MDB5.3 Sunset'

2023-10-05 13:39:18 - [TEST_STEP][PASSED] - HargaSesudah = getText(findTestObject("verifikasi/Harga sesudah")): Text of object 'Object Repository/verifikasi/Harga sesudah' is: 'Rp 1,299'

2023-10-05 13:39:18 - [MESSAGE][PASSED] - Text of object 'Object Repository/verifikasi/Harga sesudah' is: 'Rp 1,299'

2023-10-05 13:39:18 - [TEST_STEP][PASSED] - assert NamaSesudah.contains(NamaSebelum): null

2023-10-05 13:39:18 - [TEST_STEP][PASSED] - assert HargaSesudah.contains(HargaSebelum): null

2023-10-05 13:39:18 - [TEST_STEP][PASSED] - click(findTestObject("beli barang/Tambah Keranjang busana wanita")): Object: 'Object Repository/beli barang/Tambah Keranjang busana wanita' is clicked on

2023-10-05 13:39:19 - [MESSAGE][PASSED] - Object: 'Object Repository/beli barang/Tambah Keranjang busana wanita' is clicked on

2023-10-05 13:39:19 - [TEST_STEP][PASSED] - verifyElementPresent(findTestObject("checkout/Notifikasi keranjang"), 1): Object 'Object Repository/checkout/Notifikasi keranjang' is present

2023-10-05 13:39:20 - [MESSAGE][PASSED] - Object 'Object Repository/checkout/Notifikasi keranjang' is present

2023-10-05 13:39:20 - [TEST_STEP][PASSED] - data = new java.util.HashMap(): null

2023-10-05 13:39:20 - [TEST_STEP][PASSED] - data.put("nama_barang", NamaSesudah): null

2023-10-05 13:39:20 - [TEST_STEP][PASSED] - data.put("price_barang", HargaSesudah): null

2023-10-05 13:39:20 - [TEST_STEP][PASSED] - return data: null

2023-10-05 13:39:20 - [MESSAGE][PASSED] - Call Test Case 'Test Cases/T13 Pembelian, Shipment dan Pembayaran/PBL-001' successfully

2023-10-05 13:39:20 - [TEST_STEP][PASSED] - mouseOver(findTestObject("beli barang/keranjang")): Object: 'Object Repository/beli barang/keranjang' is hovered

2023-10-05 13:39:20 - [MESSAGE][PASSED] - Object: 'Object Repository/beli barang/keranjang' is hovered

2023-10-05 13:39:20 - [TEST_STEP][PASSED] - click(findTestObject("beli barang/Lihat Sekarang")): Object: 'Object Repository/beli barang/Lihat Sekarang' is clicked on

2023-10-05 13:39:21 - [MESSAGE][PASSED] - Object: 'Object Repository/beli barang/Lihat Sekarang' is clicked on

2023-10-05 13:39:21 - [TEST_STEP][PASSED] - verifyElementPresent(findTestObject("keranjang/li_Keranjang Belanja"), 0): Object 'Object Repository/keranjang/li_Keranjang Belanja' is present

2023-10-05 13:39:21 - [MESSAGE][WARNING] - Timeout '0' is invalid. Using default page load timeout: '30'

2023-10-05 13:39:22 - [MESSAGE][PASSED] - Object 'Object Repository/keranjang/li_Keranjang Belanja' is present

2023-10-05 13:39:22 - [TEST_STEP][PASSED] - NamaKeranjang = getText(findTestObject("verifikasi/Nama keranjang")): Text of object 'Object Repository/verifikasi/Nama keranjang' is: 'Segitiga Instan Madeira - MDB5.3 Sunset'

2023-10-05 13:39:23 - [MESSAGE][PASSED] - Text of object 'Object Repository/verifikasi/Nama keranjang' is: 'Segitiga Instan Madeira - MDB5.3 Sunset'

2023-10-05 13:39:23 - [TEST_STEP][PASSED] - HargaKeranjang = getText(findTestObject("verifikasi/Harga Keranjang")): Text of object 'Object Repository/verifikasi/Harga Keranjang' is: 'Rp 1,299'

2023-10-05 13:39:23 - [MESSAGE][PASSED] - Text of object 'Object Repository/verifikasi/Harga Keranjang' is: 'Rp 1,299'

2023-10-05 13:39:23 - [TEST_STEP][PASSED] - if (toString().equalsIgnoreCase("Merah")): Object 'Object Repository/keranjang/input_Warna_variasi101' is checked

2023-10-05 13:39:23 - [TEST_STEP][PASSED] - check(findTestObject("Object Repository/keranjang/input_Warna_variasi101")): Object 'Object Repository/keranjang/input_Warna_variasi101' is checked

2023-10-05 13:39:24 - [MESSAGE][PASSED] - Object 'Object Repository/keranjang/input_Warna_variasi101' is checked

2023-10-05 13:39:24 - [TEST_STEP][PASSED] - if (toString().equalsIgnoreCase("Menengah")): Object 'Object Repository/keranjang/input_Ukuran_variasi201' is checked

2023-10-05 13:39:24 - [TEST_STEP][PASSED] - check(findTestObject("Object Repository/keranjang/input_Ukuran_variasi201")): Object 'Object Repository/keranjang/input_Ukuran_variasi201' is checked

2023-10-05 13:39:24 - [MESSAGE][PASSED] - Object 'Object Repository/keranjang/input_Ukuran_variasi201' is checked

2023-10-05 13:39:24 - [TEST_STEP][PASSED] - data.put("Warna", warna): null

2023-10-05 13:39:24 - [TEST_STEP][PASSED] - data.put("Ukuran", ukuran): null

2023-10-05 13:39:24 - [TEST_STEP][PASSED] - click(findTestObject("keranjang/button_Lanjut ke Pembayaran")): Object: 'Object Repository/keranjang/button_Lanjut ke Pembayaran' is clicked on

2023-10-05 13:39:26 - [MESSAGE][PASSED] - Object: 'Object Repository/keranjang/button_Lanjut ke Pembayaran' is clicked on

2023-10-05 13:39:26 - [TEST_STEP][PASSED] - verifyElementPresent(findTestObject("checkout/Tittle Checkout Order"), 0): Object 'Object Repository/checkout/Tittle Checkout Order' is present

2023-10-05 13:39:26 - [MESSAGE][WARNING] - Timeout '0' is invalid. Using default page load timeout: '30'

2023-10-05 13:39:26 - [MESSAGE][PASSED] - Object 'Object Repository/checkout/Tittle Checkout Order' is present

2023-10-05 13:39:26 - [TEST_STEP][PASSED] - name_product = data.get("nama_barang"): null

2023-10-05 13:39:26 - [TEST_STEP][PASSED] - price_product = data.get("price_barang"): null

2023-10-05 13:39:26 - [TEST_STEP][PASSED] - assert name_product == NamaKeranjang: null

2023-10-05 13:39:26 - [TEST_STEP][PASSED] - assert price_product == HargaKeranjang: null

2023-10-05 13:39:26 - [TEST_STEP][PASSED] - return data: null

2023-10-05 13:39:26 - [MESSAGE][PASSED] - Call Test Case 'Test Cases/T13 Pembelian, Shipment dan Pembayaran/PBL-002' successfully

2023-10-05 13:39:26 - [TEST_STEP][PASSED] - warnaa = getText(findTestObject("verifikasi/warna Merah")): Text of object 'Object Repository/verifikasi/warna Merah' is: 'Merah'

2023-10-05 13:39:27 - [MESSAGE][PASSED] - Text of object 'Object Repository/verifikasi/warna Merah' is: 'Merah'

2023-10-05 13:39:27 - [TEST_STEP][PASSED] - ukurann = getText(findTestObject("verifikasi/Ukuran Menengah")): Text of object 'Object Repository/verifikasi/Ukuran Menengah' is: 'Menengah'

2023-10-05 13:39:27 - [MESSAGE][PASSED] - Text of object 'Object Repository/verifikasi/Ukuran Menengah' is: 'Menengah'

2023-10-05 13:39:27 - [TEST_STEP][PASSED] - warna1 = data.get("Warna"): null

2023-10-05 13:39:27 - [TEST_STEP][PASSED] - ukuran1 = data.get("Ukuran"): null

2023-10-05 13:39:27 - [TEST_STEP][PASSED] - assert warnaa == warna1: null

2023-10-05 13:39:27 - [TEST_STEP][PASSED] - assert ukurann == ukuran1: null

2023-10-05 13:39:27 - [TEST_STEP][PASSED] - NamaCheckout = getText(findTestObject("verifikasi/NamaCheckout")): Text of object 'Object Repository/verifikasi/NamaCheckout' is: ''

2023-10-05 13:39:28 - [MESSAGE][PASSED] - Text of object 'Object Repository/verifikasi/NamaCheckout' is: ''

2023-10-05 13:39:28 - [TEST_STEP][PASSED] - HargaCheckout = getText(findTestObject("verifikasi/HargaCheckout")): Text of object 'Object Repository/verifikasi/HargaCheckout' is: '1,299'

2023-10-05 13:39:28 - [MESSAGE][PASSED] - Text of object 'Object Repository/verifikasi/HargaCheckout' is: '1,299'

2023-10-05 13:39:28 - [TEST_STEP][PASSED] - name_product = data.get("nama_barang"): null

2023-10-05 13:39:28 - [TEST_STEP][PASSED] - price_product = data.get("price_barang"): null

2023-10-05 13:39:28 - [TEST_STEP][PASSED] - assert name_product.contains(NamaCheckout): null

2023-10-05 13:39:28 - [TEST_STEP][PASSED] - assert price_product.contains(HargaCheckout): null

2023-10-05 13:39:28 - [TEST_STEP][PASSED] - selectOptionByLabel(findTestObject("checkout/select - Kirim via Kurir Lokal"), Kurir, false): All options with label 'Roda 2' are selected in object 'Object Repository/checkout/select - Kirim via Kurir Lokal' 

2023-10-05 13:39:29 - [MESSAGE][PASSED] - All options with label 'Roda 2' are selected in object 'Object Repository/checkout/select - Kirim via Kurir Lokal' 

2023-10-05 13:39:29 - [TEST_STEP][PASSED] - click(findTestObject("checkout/Kendaraan Kurir")): Object: 'Object Repository/checkout/Kendaraan Kurir' is clicked on

2023-10-05 13:39:30 - [MESSAGE][PASSED] - Object: 'Object Repository/checkout/Kendaraan Kurir' is clicked on

2023-10-05 13:39:30 - [TEST_STEP][PASSED] - OngkosKirim = getText(findTestObject("Object Repository/verifikasi/Ongkos Kirim checkout")): Text of object 'Object Repository/verifikasi/Ongkos Kirim checkout' is: 'Rp. 5,000'

2023-10-05 13:39:30 - [MESSAGE][PASSED] - Text of object 'Object Repository/verifikasi/Ongkos Kirim checkout' is: 'Rp. 5,000'

2023-10-05 13:39:30 - [TEST_STEP][PASSED] - Ongkos = OngkosKirim.substring(3, OngkosKirim.size()): null

2023-10-05 13:39:30 - [TEST_STEP][PASSED] - rep = Ongkos.replace(",", "."): null

2023-10-05 13:39:30 - [TEST_STEP][PASSED] - Ongkos_kirim = Double.parseDouble(rep): null

2023-10-05 13:39:30 - [TEST_STEP][PASSED] - println(Ongkos_kirim): null

2023-10-05 13:39:30 - [TEST_STEP][PASSED] - FeeAdmin = getText(findTestObject("verifikasi/Fee Admin checkout")): Text of object 'Object Repository/verifikasi/Fee Admin checkout' is: 'Fee Admin
Rp 1,500'

2023-10-05 13:39:31 - [MESSAGE][PASSED] - Text of object 'Object Repository/verifikasi/Fee Admin checkout' is: 'Fee Admin
Rp 1,500'

2023-10-05 13:39:31 - [TEST_STEP][PASSED] - Fee_Admin = FeeAdmin.substring(12, FeeAdmin.size()): null

2023-10-05 13:39:31 - [TEST_STEP][PASSED] - fee = Fee_Admin.replace(",", "."): null

2023-10-05 13:39:31 - [TEST_STEP][PASSED] - fee_admin = Double.parseDouble(fee): null

2023-10-05 13:39:31 - [TEST_STEP][PASSED] - println(fee_admin): null

2023-10-05 13:39:31 - [TEST_STEP][PASSED] - Subtotal = getText(findTestObject("verifikasi/subtotal checkout")): Text of object 'Object Repository/verifikasi/subtotal checkout' is: 'Subtotal
Rp 1,299'

2023-10-05 13:39:31 - [MESSAGE][PASSED] - Text of object 'Object Repository/verifikasi/subtotal checkout' is: 'Subtotal
Rp 1,299'

2023-10-05 13:39:31 - [TEST_STEP][PASSED] - sub_total = Subtotal.substring(12, Subtotal.size()): null

2023-10-05 13:39:31 - [TEST_STEP][PASSED] - sub = sub_total.replace(",", "."): null

2023-10-05 13:39:31 - [TEST_STEP][PASSED] - sub_total = Double.parseDouble(sub): null

2023-10-05 13:39:31 - [TEST_STEP][PASSED] - println(sub_total): null

2023-10-05 13:39:31 - [TEST_STEP][PASSED] - Total = getText(findTestObject("verifikasi/Total checkout")): Text of object 'Object Repository/verifikasi/Total checkout' is: 'Rp 7,799'

2023-10-05 13:39:31 - [MESSAGE][PASSED] - Text of object 'Object Repository/verifikasi/Total checkout' is: 'Rp 7,799'

2023-10-05 13:39:31 - [TEST_STEP][PASSED] - totall = Total.substring(3, Total.size()): null

2023-10-05 13:39:31 - [TEST_STEP][PASSED] - total = totall.replace(",", "."): null

2023-10-05 13:39:31 - [TEST_STEP][PASSED] - totall = Double.parseDouble(total): null

2023-10-05 13:39:31 - [TEST_STEP][PASSED] - println(totall): null

2023-10-05 13:39:31 - [TEST_STEP][PASSED] - Total_Harga = Ongkos_kirim + fee_admin + sub_total: null

2023-10-05 13:39:31 - [TEST_STEP][PASSED] - println(Total_Harga): null

2023-10-05 13:39:31 - [TEST_STEP][PASSED] - TotalHarga = Math.round(Total_Harga * 1000) / 1000: null

2023-10-05 13:39:31 - [TEST_STEP][PASSED] - println(TotalHarga): null

2023-10-05 13:39:31 - [TEST_STEP][PASSED] - assert totall == TotalHarga: null

2023-10-05 13:39:31 - [TEST_STEP][PASSED] - click(findTestObject("verifikasi/Metode Transfer")): Object: 'Object Repository/verifikasi/Metode Transfer' is clicked on

2023-10-05 13:39:32 - [MESSAGE][PASSED] - Object: 'Object Repository/verifikasi/Metode Transfer' is clicked on

2023-10-05 13:39:32 - [TEST_STEP][PASSED] - click(findTestObject("checkout/button_Proses Pembayaran")): Object: 'Object Repository/checkout/button_Proses Pembayaran' is clicked on

2023-10-05 13:39:41 - [MESSAGE][PASSED] - Object: 'Object Repository/checkout/button_Proses Pembayaran' is clicked on

2023-10-05 13:39:41 - [TEST_STEP][PASSED] - verifyElementPresent(findTestObject("pembayaran/Tittle nomor invoice"), 0): Object 'Object Repository/pembayaran/Tittle nomor invoice' is present

2023-10-05 13:39:41 - [MESSAGE][WARNING] - Timeout '0' is invalid. Using default page load timeout: '30'

2023-10-05 13:39:42 - [MESSAGE][PASSED] - Object 'Object Repository/pembayaran/Tittle nomor invoice' is present

2023-10-05 13:39:42 - [TEST_STEP][PASSED] - return data: null

2023-10-05 13:39:42 - [MESSAGE][PASSED] - Call Test Case 'Test Cases/T13 Pembelian, Shipment dan Pembayaran/PBL-004' successfully

2023-10-05 13:39:42 - [TEST_STEP][PASSED] - Invoice = getText(findTestObject("pembayaran/nomor invoice")): Text of object 'Object Repository/pembayaran/nomor invoice' is: 'TRX60.20231005133936'

2023-10-05 13:39:43 - [MESSAGE][PASSED] - Text of object 'Object Repository/pembayaran/nomor invoice' is: 'TRX60.20231005133936'

2023-10-05 13:39:43 - [TEST_STEP][PASSED] - data.put("invoice", Invoice): null

2023-10-05 13:39:43 - [TEST_STEP][PASSED] - NamaPemesan = getText(findTestObject("Konfirmasi pesanan shop/Nama pemesan")): Text of object 'Object Repository/Konfirmasi pesanan shop/Nama pemesan' is: 'irfan.afandi'

2023-10-05 13:39:43 - [MESSAGE][PASSED] - Text of object 'Object Repository/Konfirmasi pesanan shop/Nama pemesan' is: 'irfan.afandi'

2023-10-05 13:39:43 - [TEST_STEP][PASSED] - Nama = getText(findTestObject("pembayaran/Nama barang")): Text of object 'Object Repository/pembayaran/Nama barang' is: 'Segitiga Instan Madeira - MDB5.3 Sunset'

2023-10-05 13:39:43 - [MESSAGE][PASSED] - Text of object 'Object Repository/pembayaran/Nama barang' is: 'Segitiga Instan Madeira - MDB5.3 Sunset'

2023-10-05 13:39:43 - [TEST_STEP][PASSED] - Harga = getText(findTestObject("pembayaran/Harga barang")): Text of object 'Object Repository/pembayaran/Harga barang' is: '1,299'

2023-10-05 13:39:44 - [MESSAGE][PASSED] - Text of object 'Object Repository/pembayaran/Harga barang' is: '1,299'

2023-10-05 13:39:44 - [TEST_STEP][PASSED] - name_product = data.get("nama_barang"): null

2023-10-05 13:39:44 - [TEST_STEP][PASSED] - price_product = data.get("price_barang"): null

2023-10-05 13:39:44 - [TEST_STEP][PASSED] - assert name_product.contains(Nama): null

2023-10-05 13:39:44 - [TEST_STEP][PASSED] - assert price_product.contains(Harga): null

2023-10-05 13:39:44 - [TEST_STEP][PASSED] - warnaa = getText(findTestObject("pembayaran/warna")): Text of object 'Object Repository/pembayaran/warna' is: 'Merah'

2023-10-05 13:39:45 - [MESSAGE][PASSED] - Text of object 'Object Repository/pembayaran/warna' is: 'Merah'

2023-10-05 13:39:45 - [TEST_STEP][PASSED] - ukurann = getText(findTestObject("pembayaran/ukuran")): Text of object 'Object Repository/pembayaran/ukuran' is: 'Menengah'

2023-10-05 13:39:45 - [MESSAGE][PASSED] - Text of object 'Object Repository/pembayaran/ukuran' is: 'Menengah'

2023-10-05 13:39:45 - [TEST_STEP][PASSED] - warna1 = data.get("Warna"): null

2023-10-05 13:39:45 - [TEST_STEP][PASSED] - ukuran1 = data.get("Ukuran"): null

2023-10-05 13:39:45 - [TEST_STEP][PASSED] - assert warnaa == warna1: null

2023-10-05 13:39:45 - [TEST_STEP][PASSED] - assert ukurann == ukuran1: null

2023-10-05 13:39:45 - [TEST_STEP][PASSED] - statusPembelian = getText(findTestObject("verifikasi/Status pending di pembelian")): Text of object 'Object Repository/verifikasi/Status pending di pembelian' is: 'Pending'

2023-10-05 13:39:45 - [MESSAGE][PASSED] - Text of object 'Object Repository/verifikasi/Status pending di pembelian' is: 'Pending'

2023-10-05 13:39:45 - [TEST_STEP][PASSED] - data.put("statusPem", statusPembelian): null

2023-10-05 13:39:45 - [TEST_STEP][PASSED] - OngkosKirim = getText(findTestObject("pembayaran/ongkos kirim")): Text of object 'Object Repository/pembayaran/ongkos kirim' is: 'Rp 5,000'

2023-10-05 13:39:46 - [MESSAGE][PASSED] - Text of object 'Object Repository/pembayaran/ongkos kirim' is: 'Rp 5,000'

2023-10-05 13:39:46 - [TEST_STEP][PASSED] - Ongkos = OngkosKirim.substring(3, OngkosKirim.size()): null

2023-10-05 13:39:46 - [TEST_STEP][PASSED] - rep = Ongkos.replace(",", ""): null

2023-10-05 13:39:46 - [TEST_STEP][PASSED] - Ongkos_kirimm = Integer.parseInt(rep): null

2023-10-05 13:39:46 - [TEST_STEP][PASSED] - println(Ongkos_kirimm): null

2023-10-05 13:39:46 - [TEST_STEP][PASSED] - FeeAdmin = getText(findTestObject("pembayaran/fee admin")): Text of object 'Object Repository/pembayaran/fee admin' is: 'Rp 1,500'

2023-10-05 13:39:47 - [MESSAGE][PASSED] - Text of object 'Object Repository/pembayaran/fee admin' is: 'Rp 1,500'

2023-10-05 13:39:47 - [TEST_STEP][PASSED] - Fee_Admin = FeeAdmin.substring(3, FeeAdmin.size()): null

2023-10-05 13:39:47 - [TEST_STEP][PASSED] - fee = Fee_Admin.replace(",", ""): null

2023-10-05 13:39:47 - [TEST_STEP][PASSED] - fee_adminn = Integer.parseInt(fee): null

2023-10-05 13:39:47 - [TEST_STEP][PASSED] - println(fee_adminn): null

2023-10-05 13:39:47 - [TEST_STEP][PASSED] - Subtotal = getText(findTestObject("pembayaran/subtotal")): Text of object 'Object Repository/pembayaran/subtotal' is: 'Rp 1,299'

2023-10-05 13:39:47 - [MESSAGE][PASSED] - Text of object 'Object Repository/pembayaran/subtotal' is: 'Rp 1,299'

2023-10-05 13:39:47 - [TEST_STEP][PASSED] - sub_total = Subtotal.substring(3, Subtotal.size()): null

2023-10-05 13:39:47 - [TEST_STEP][PASSED] - sub = sub_total.replace(",", ""): null

2023-10-05 13:39:47 - [TEST_STEP][PASSED] - sub_totall = Integer.parseInt(sub): null

2023-10-05 13:39:47 - [TEST_STEP][PASSED] - println(sub_totall): null

2023-10-05 13:39:47 - [TEST_STEP][PASSED] - unik = getText(findTestObject("pembayaran/kode unik")): Text of object 'Object Repository/pembayaran/kode unik' is: '+936'

2023-10-05 13:39:48 - [MESSAGE][PASSED] - Text of object 'Object Repository/pembayaran/kode unik' is: '+936'

2023-10-05 13:39:48 - [TEST_STEP][PASSED] - unikk = unik.replace("+", ""): null

2023-10-05 13:39:48 - [TEST_STEP][PASSED] - kode_unik = Integer.parseInt(unikk): null

2023-10-05 13:39:48 - [TEST_STEP][PASSED] - println(kode_unik): null

2023-10-05 13:39:48 - [TEST_STEP][PASSED] - Total = getText(findTestObject("pembayaran/total")): Text of object 'Object Repository/pembayaran/total' is: '8,735'

2023-10-05 13:39:48 - [MESSAGE][PASSED] - Text of object 'Object Repository/pembayaran/total' is: '8,735'

2023-10-05 13:39:48 - [TEST_STEP][PASSED] - total = Total.replace(",", ""): null

2023-10-05 13:39:48 - [TEST_STEP][PASSED] - totalll = Integer.parseInt(total): null

2023-10-05 13:39:48 - [TEST_STEP][PASSED] - println(totalll): null

2023-10-05 13:39:48 - [TEST_STEP][PASSED] - Total_Hargaa = Ongkos_kirimm + fee_adminn + sub_totall + kode_unik: null

2023-10-05 13:39:48 - [TEST_STEP][PASSED] - println(Total_Hargaa): null

2023-10-05 13:39:48 - [TEST_STEP][PASSED] - assert totalll == Total_Hargaa: null

2023-10-05 13:39:48 - [TEST_STEP][PASSED] - data.put("total", Total): null

2023-10-05 13:39:48 - [TEST_STEP][PASSED] - data.put("nama", NamaPemesan): null

2023-10-05 13:39:48 - [TEST_STEP][PASSED] - return data: null

2023-10-05 13:39:48 - [MESSAGE][PASSED] - Call Test Case 'Test Cases/T13 Pembelian, Shipment dan Pembayaran/PBY-001' successfully

2023-10-05 13:39:48 - [TEST_STEP][PASSED] - inv = data.get("invoice"): null

2023-10-05 13:39:48 - [TEST_STEP][PASSED] - Total = data.get("total"): null

2023-10-05 13:39:48 - [TEST_STEP][PASSED] - NamaPemesan = data.get("nama"): null

2023-10-05 13:39:48 - [TEST_STEP][PASSED] - click(findTestObject("Konfirmasi pesanan shop/Menu Shop")): Object: 'Object Repository/Konfirmasi pesanan shop/Menu Shop' is clicked on

2023-10-05 13:39:50 - [MESSAGE][PASSED] - Object: 'Object Repository/Konfirmasi pesanan shop/Menu Shop' is clicked on

2023-10-05 13:39:50 - [TEST_STEP][PASSED] - click(findTestObject("Konfirmasi pesanan shop/Menu Shop")): Object: 'Object Repository/Konfirmasi pesanan shop/Menu Shop' is clicked on

2023-10-05 13:39:50 - [MESSAGE][PASSED] - Object: 'Object Repository/Konfirmasi pesanan shop/Menu Shop' is clicked on

2023-10-05 13:39:50 - [TEST_STEP][PASSED] - click(findTestObject("Konfirmasi pesanan shop/Konfirmasi Orders")): Object: 'Object Repository/Konfirmasi pesanan shop/Konfirmasi Orders' is clicked on

2023-10-05 13:39:51 - [MESSAGE][PASSED] - Object: 'Object Repository/Konfirmasi pesanan shop/Konfirmasi Orders' is clicked on

2023-10-05 13:39:51 - [TEST_STEP][PASSED] - verifyElementPresent(findTestObject("Konfirmasi pesanan shop/Tittle Konfirmasi Pesanan"), 0): Object 'Object Repository/Konfirmasi pesanan shop/Tittle Konfirmasi Pesanan' is present

2023-10-05 13:39:51 - [MESSAGE][WARNING] - Timeout '0' is invalid. Using default page load timeout: '30'

2023-10-05 13:39:52 - [MESSAGE][PASSED] - Object 'Object Repository/Konfirmasi pesanan shop/Tittle Konfirmasi Pesanan' is present

2023-10-05 13:39:52 - [TEST_STEP][PASSED] - setText(findTestObject("Konfirmasi pesanan shop/input_No Pesanan"), inv): Text 'TRX60.20231005133936' is set on object 'Object Repository/Konfirmasi pesanan shop/input_No Pesanan'

2023-10-05 13:39:53 - [MESSAGE][PASSED] - Text 'TRX60.20231005133936' is set on object 'Object Repository/Konfirmasi pesanan shop/input_No Pesanan'

2023-10-05 13:39:53 - [TEST_STEP][PASSED] - setText(findTestObject("Konfirmasi pesanan shop/input_Alamat E-mai"), "irfan@gmail.com"): Text 'irfan@gmail.com' is set on object 'Object Repository/Konfirmasi pesanan shop/input_Alamat E-mai'

2023-10-05 13:39:54 - [MESSAGE][PASSED] - Text 'irfan@gmail.com' is set on object 'Object Repository/Konfirmasi pesanan shop/input_Alamat E-mai'

2023-10-05 13:39:54 - [TEST_STEP][PASSED] - click(findTestObject("Konfirmasi pesanan shop/button_Submit")): Object: 'Object Repository/Konfirmasi pesanan shop/button_Submit' is clicked on

2023-10-05 13:39:55 - [MESSAGE][PASSED] - Object: 'Object Repository/Konfirmasi pesanan shop/button_Submit' is clicked on

2023-10-05 13:39:55 - [TEST_STEP][PASSED] - verifyElementPresent(findTestObject("Konfirmasi pesanan shop/Tittle nomor invoice"), 0): Object 'Object Repository/Konfirmasi pesanan shop/Tittle nomor invoice' is present

2023-10-05 13:39:55 - [MESSAGE][WARNING] - Timeout '0' is invalid. Using default page load timeout: '30'

2023-10-05 13:39:56 - [MESSAGE][PASSED] - Object 'Object Repository/Konfirmasi pesanan shop/Tittle nomor invoice' is present

2023-10-05 13:39:56 - [TEST_STEP][PASSED] - setText(findTestObject("Konfirmasi pesanan shop/input_Total TagihanTransfer_b"), Total): Text '8,735' is set on object 'Object Repository/Konfirmasi pesanan shop/input_Total TagihanTransfer_b'

2023-10-05 13:39:57 - [MESSAGE][PASSED] - Text '8,735' is set on object 'Object Repository/Konfirmasi pesanan shop/input_Total TagihanTransfer_b'

2023-10-05 13:39:57 - [TEST_STEP][PASSED] - selectOptionByValue(findTestObject("Konfirmasi pesanan shop/select_Bank"), "4", false): All options with value '4' are selected in object 'Object Repository/Konfirmasi pesanan shop/select_Bank' 

2023-10-05 13:39:57 - [MESSAGE][PASSED] - All options with value '4' are selected in object 'Object Repository/Konfirmasi pesanan shop/select_Bank' 

2023-10-05 13:39:57 - [TEST_STEP][PASSED] - setText(findTestObject("Konfirmasi pesanan shop/input_Nama Pengirim_d"), NamaPemesan): Text 'irfan.afandi' is set on object 'Object Repository/Konfirmasi pesanan shop/input_Nama Pengirim_d'

2023-10-05 13:39:58 - [MESSAGE][PASSED] - Text 'irfan.afandi' is set on object 'Object Repository/Konfirmasi pesanan shop/input_Nama Pengirim_d'

2023-10-05 13:39:58 - [TEST_STEP][PASSED] - uploadFile(findTestObject("keranjang/konfirmasi/input_Upload Bukti Transfer_f"), "C:\Users\IRFAN\Downloads\Berkas2.pdf"): File 'C:\Users\IRFAN\Downloads\Berkas2.pdf' sent to object: 'Object Repository/keranjang/konfirmasi/input_Upload Bukti Transfer_f'

2023-10-05 13:39:59 - [MESSAGE][PASSED] - File 'C:\Users\IRFAN\Downloads\Berkas2.pdf' sent to object: 'Object Repository/keranjang/konfirmasi/input_Upload Bukti Transfer_f'

2023-10-05 13:39:59 - [TEST_STEP][PASSED] - click(findTestObject("Konfirmasi pesanan shop/button_Konfirmasi Pembayaran")): Object: 'Object Repository/Konfirmasi pesanan shop/button_Konfirmasi Pembayaran' is clicked on

2023-10-05 13:40:00 - [MESSAGE][PASSED] - Object: 'Object Repository/Konfirmasi pesanan shop/button_Konfirmasi Pembayaran' is clicked on

2023-10-05 13:40:00 - [TEST_STEP][PASSED] - verifyElementPresent(findTestObject("Konfirmasi pesanan shop/Tittle Konfirmasi Pesanan"), 0): Object 'Object Repository/Konfirmasi pesanan shop/Tittle Konfirmasi Pesanan' is present

2023-10-05 13:40:00 - [MESSAGE][WARNING] - Timeout '0' is invalid. Using default page load timeout: '30'

2023-10-05 13:40:01 - [MESSAGE][PASSED] - Object 'Object Repository/Konfirmasi pesanan shop/Tittle Konfirmasi Pesanan' is present

2023-10-05 13:40:01 - [TEST_STEP][PASSED] - verifyElementPresent(findTestObject("Konfirmasi pesanan shop/Tittle massage succes Konfirmasi Pembayaran Pesanan"), 0): Object 'Object Repository/Konfirmasi pesanan shop/Tittle massage succes Konfirmasi Pembayaran Pesanan' is present

2023-10-05 13:40:01 - [MESSAGE][WARNING] - Timeout '0' is invalid. Using default page load timeout: '30'

2023-10-05 13:40:01 - [MESSAGE][PASSED] - Object 'Object Repository/Konfirmasi pesanan shop/Tittle massage succes Konfirmasi Pembayaran Pesanan' is present

2023-10-05 13:40:01 - [TEST_STEP][PASSED] - return data: null

2023-10-05 13:40:01 - [MESSAGE][PASSED] - Call Test Case 'Test Cases/T13 Pembelian, Shipment dan Pembayaran/PBY-004' successfully

2023-10-05 13:40:01 - [TEST_STEP][PASSED] - navigateToUrl("https://10.9.2.63/ecommerce/administrator/"): Navigate to 'https://10.9.2.63/ecommerce/administrator/' successfully

2023-10-05 13:40:02 - [MESSAGE][PASSED] - Navigate to 'https://10.9.2.63/ecommerce/administrator/' successfully

2023-10-05 13:40:02 - [TEST_STEP][PASSED] - verifyElementPresent(findTestObject("admin/Tittle ADMIN Login"), 0): Object 'Object Repository/admin/Tittle ADMIN Login' is present

2023-10-05 13:40:02 - [MESSAGE][WARNING] - Timeout '0' is invalid. Using default page load timeout: '30'

2023-10-05 13:40:02 - [MESSAGE][PASSED] - Object 'Object Repository/admin/Tittle ADMIN Login' is present

2023-10-05 13:40:02 - [TEST_STEP][PASSED] - setText(findTestObject("admin/Username"), "admin"): Text 'admin' is set on object 'Object Repository/admin/Username'

2023-10-05 13:40:03 - [MESSAGE][PASSED] - Text 'admin' is set on object 'Object Repository/admin/Username'

2023-10-05 13:40:03 - [TEST_STEP][PASSED] - setText(findTestObject("admin/Password"), "123admin123"): Text '123admin123' is set on object 'Object Repository/admin/Password'

2023-10-05 13:40:04 - [MESSAGE][PASSED] - Text '123admin123' is set on object 'Object Repository/admin/Password'

2023-10-05 13:40:04 - [TEST_STEP][PASSED] - click(findTestObject("admin/Remember Me")): Object: 'Object Repository/admin/Remember Me' is clicked on

2023-10-05 13:40:04 - [MESSAGE][PASSED] - Object: 'Object Repository/admin/Remember Me' is clicked on

2023-10-05 13:40:04 - [TEST_STEP][PASSED] - delay(10): Delayed 10 second(s)

2023-10-05 13:40:14 - [MESSAGE][PASSED] - Delayed 10 second(s)

2023-10-05 13:40:14 - [TEST_STEP][PASSED] - click(findTestObject("admin/buttom submit")): Object: 'Object Repository/admin/buttom submit' is clicked on

2023-10-05 13:40:16 - [MESSAGE][PASSED] - Object: 'Object Repository/admin/buttom submit' is clicked on

2023-10-05 13:40:16 - [TEST_STEP][PASSED] - verifyElementPresent(findTestObject("admin/Konf order konsumen/Tittle Dashboard"), 0): Object 'Object Repository/admin/Konf order konsumen/Tittle Dashboard' is present

2023-10-05 13:40:16 - [MESSAGE][WARNING] - Timeout '0' is invalid. Using default page load timeout: '30'

2023-10-05 13:40:16 - [MESSAGE][PASSED] - Object 'Object Repository/admin/Konf order konsumen/Tittle Dashboard' is present

2023-10-05 13:40:16 - [TEST_STEP][PASSED] - click(findTestObject("admin/Konf order konsumen/Menu Transaksi Market")): Object: 'Object Repository/admin/Konf order konsumen/Menu Transaksi Market' is clicked on

2023-10-05 13:40:17 - [MESSAGE][PASSED] - Object: 'Object Repository/admin/Konf order konsumen/Menu Transaksi Market' is clicked on

2023-10-05 13:40:17 - [TEST_STEP][PASSED] - click(findTestObject("admin/Konf order konsumen/Menu Konf. Order Konsumen")): Object: 'Object Repository/admin/Konf order konsumen/Menu Konf. Order Konsumen' is clicked on

2023-10-05 13:40:18 - [MESSAGE][PASSED] - Object: 'Object Repository/admin/Konf order konsumen/Menu Konf. Order Konsumen' is clicked on

2023-10-05 13:40:18 - [TEST_STEP][PASSED] - verifyElementPresent(findTestObject("admin/Konf order konsumen/Tittle Data Konfirmasi Pembayaran Konsumen"), 0): Object 'Object Repository/admin/Konf order konsumen/Tittle Data Konfirmasi Pembayaran Konsumen' is present

2023-10-05 13:40:18 - [MESSAGE][WARNING] - Timeout '0' is invalid. Using default page load timeout: '30'

2023-10-05 13:40:18 - [MESSAGE][PASSED] - Object 'Object Repository/admin/Konf order konsumen/Tittle Data Konfirmasi Pembayaran Konsumen' is present

2023-10-05 13:40:18 - [TEST_STEP][PASSED] - inv = data.get("invoice"): null

2023-10-05 13:40:18 - [TEST_STEP][PASSED] - setText(findTestObject("admin/Konf order konsumen/Search"), inv): Text 'TRX60.20231005133936' is set on object 'Object Repository/admin/Konf order konsumen/Search'

2023-10-05 13:40:20 - [MESSAGE][PASSED] - Text 'TRX60.20231005133936' is set on object 'Object Repository/admin/Konf order konsumen/Search'

2023-10-05 13:40:20 - [TEST_STEP][PASSED] - verifyElementText(findTestObject("admin/Konf order konsumen/Keterangan Lunas"), "Lunas"): Actual text and expected text of test object 'Object Repository/admin/Konf order konsumen/Keterangan Lunas' are matched.

2023-10-05 13:40:20 - [MESSAGE][PASSED] - Actual text and expected text of test object 'Object Repository/admin/Konf order konsumen/Keterangan Lunas' are matched.

2023-10-05 13:40:20 - [TEST_STEP][PASSED] - return data: null

2023-10-05 13:40:20 - [MESSAGE][PASSED] - Call Test Case 'Test Cases/T13 Pembelian, Shipment dan Pembayaran/PBYA-001' successfully

2023-10-05 13:40:20 - [TEST_STEP][PASSED] - click(findTestObject("admin/Penjualan ke konsumen/buttom Dashboard")): Object: 'Object Repository/admin/Penjualan ke konsumen/buttom Dashboard' is clicked on

2023-10-05 13:40:21 - [MESSAGE][PASSED] - Object: 'Object Repository/admin/Penjualan ke konsumen/buttom Dashboard' is clicked on

2023-10-05 13:40:21 - [TEST_STEP][PASSED] - click(findTestObject("admin/Konf order konsumen/Menu Transaksi Market")): Object: 'Object Repository/admin/Konf order konsumen/Menu Transaksi Market' is clicked on

2023-10-05 13:40:21 - [MESSAGE][PASSED] - Object: 'Object Repository/admin/Konf order konsumen/Menu Transaksi Market' is clicked on

2023-10-05 13:40:21 - [TEST_STEP][PASSED] - click(findTestObject("admin/Penjualan ke konsumen/a_Penjualan ke Konsumen")): Object: 'Object Repository/admin/Penjualan ke konsumen/a_Penjualan ke Konsumen' is clicked on

2023-10-05 13:40:25 - [MESSAGE][PASSED] - Object: 'Object Repository/admin/Penjualan ke konsumen/a_Penjualan ke Konsumen' is clicked on

2023-10-05 13:40:25 - [TEST_STEP][PASSED] - verifyElementPresent(findTestObject("admin/Tittle Data Transaksi Penjualan  Orderan Konsumen"), 0): Object 'Object Repository/admin/Tittle Data Transaksi Penjualan  Orderan Konsumen' is present

2023-10-05 13:40:25 - [MESSAGE][WARNING] - Timeout '0' is invalid. Using default page load timeout: '30'

2023-10-05 13:40:25 - [MESSAGE][PASSED] - Object 'Object Repository/admin/Tittle Data Transaksi Penjualan  Orderan Konsumen' is present

2023-10-05 13:40:25 - [TEST_STEP][PASSED] - return data: null

2023-10-05 13:40:25 - [MESSAGE][PASSED] - Call Test Case 'Test Cases/T13 Pembelian, Shipment dan Pembayaran/SA-001' successfully

2023-10-05 13:40:25 - [TEST_STEP][PASSED] - inv = data.get("invoice"): null

2023-10-05 13:40:25 - [TEST_STEP][PASSED] - setText(findTestObject("admin/Penjualan ke konsumen/Search"), inv): Text 'TRX60.20231005133936' is set on object 'Object Repository/admin/Penjualan ke konsumen/Search'

2023-10-05 13:40:26 - [MESSAGE][PASSED] - Text 'TRX60.20231005133936' is set on object 'Object Repository/admin/Penjualan ke konsumen/Search'

2023-10-05 13:40:26 - [TEST_STEP][PASSED] - click(findTestObject("admin/Penjualan ke konsumen/buttom konfirmasi pending payment"), CONTINUE_ON_FAILURE): Object: 'Object Repository/admin/Penjualan ke konsumen/buttom konfirmasi pending payment' is clicked on

2023-10-05 13:40:27 - [MESSAGE][PASSED] - Object: 'Object Repository/admin/Penjualan ke konsumen/buttom konfirmasi pending payment' is clicked on

2023-10-05 13:40:27 - [TEST_STEP][PASSED] - waitForAlert(5, OPTIONAL): Alert is present after 5 second(s).

2023-10-05 13:40:27 - [MESSAGE][PASSED] - Alert is present after 5 second(s).

2023-10-05 13:40:27 - [TEST_STEP][PASSED] - acceptAlert(): Alert accepted

2023-10-05 13:40:27 - [MESSAGE][PASSED] - Alert accepted

2023-10-05 13:40:27 - [TEST_STEP][PASSED] - setText(findTestObject("admin/Penjualan ke konsumen/Search"), inv): Text 'TRX60.20231005133936' is set on object 'Object Repository/admin/Penjualan ke konsumen/Search'

2023-10-05 13:40:36 - [MESSAGE][PASSED] - Text 'TRX60.20231005133936' is set on object 'Object Repository/admin/Penjualan ke konsumen/Search'

2023-10-05 13:40:36 - [TEST_STEP][PASSED] - verifyTextNotPresent("pending payment", false): Text 'pending payment' is not present on page

2023-10-05 13:40:36 - [MESSAGE][PASSED] - Text 'pending payment' is not present on page

2023-10-05 13:40:36 - [TEST_STEP][PASSED] - return data: null]]></system-out>
         <system-err><![CDATA[]]></system-err>
      </testcase>
      <testcase name="Test Cases/T13 Pembelian, Shipment dan Pembayaran/SA-003" time="110.302" classname="Test Cases/T13 Pembelian, Shipment dan Pembayaran/SA-003" status="PASSED">
         <system-out><![CDATA[2023-10-05 13:40:36 - [TEST_CASE][PASSED] - Test Cases/T13 Pembelian, Shipment dan Pembayaran/SA-003: Test Cases/T13 Pembelian, Shipment dan Pembayaran/SA-003

2023-10-05 13:40:37 - [TEST_STEP][PASSED] - data = callTestCase(findTestCase("T13 Pembelian, Shipment dan Pembayaran/SA-002"), [:], STOP_ON_FAILURE): Call Test Case 'Test Cases/T13 Pembelian, Shipment dan Pembayaran/SA-002' successfully

2023-10-05 13:40:37 - [TEST_CASE][PASSED] - Test Cases/T13 Pembelian, Shipment dan Pembayaran/SA-002: Test Cases/T13 Pembelian, Shipment dan Pembayaran/SA-002

2023-10-05 13:40:37 - [TEST_STEP][PASSED] - data = callTestCase(findTestCase("T13 Pembelian, Shipment dan Pembayaran/SA-001"), [:], STOP_ON_FAILURE): Call Test Case 'Test Cases/T13 Pembelian, Shipment dan Pembayaran/SA-001' successfully

2023-10-05 13:40:37 - [TEST_CASE][PASSED] - Test Cases/T13 Pembelian, Shipment dan Pembayaran/SA-001: Test Cases/T13 Pembelian, Shipment dan Pembayaran/SA-001

2023-10-05 13:40:37 - [TEST_STEP][PASSED] - data = callTestCase(findTestCase("T13 Pembelian, Shipment dan Pembayaran/PBYA-001"), [:], STOP_ON_FAILURE): Call Test Case 'Test Cases/T13 Pembelian, Shipment dan Pembayaran/PBYA-001' successfully

2023-10-05 13:40:37 - [TEST_CASE][PASSED] - Test Cases/T13 Pembelian, Shipment dan Pembayaran/PBYA-001: Test Cases/T13 Pembelian, Shipment dan Pembayaran/PBYA-001

2023-10-05 13:40:37 - [TEST_STEP][PASSED] - data = callTestCase(findTestCase("T13 Pembelian, Shipment dan Pembayaran/PBY-004"), [:], STOP_ON_FAILURE): Call Test Case 'Test Cases/T13 Pembelian, Shipment dan Pembayaran/PBY-004' successfully

2023-10-05 13:40:37 - [TEST_CASE][PASSED] - Test Cases/T13 Pembelian, Shipment dan Pembayaran/PBY-004: Test Cases/T13 Pembelian, Shipment dan Pembayaran/PBY-004

2023-10-05 13:40:37 - [TEST_STEP][PASSED] - data = callTestCase(findTestCase("T13 Pembelian, Shipment dan Pembayaran/PBY-001"), [:], STOP_ON_FAILURE): Call Test Case 'Test Cases/T13 Pembelian, Shipment dan Pembayaran/PBY-001' successfully

2023-10-05 13:40:37 - [TEST_CASE][PASSED] - Test Cases/T13 Pembelian, Shipment dan Pembayaran/PBY-001: Test Cases/T13 Pembelian, Shipment dan Pembayaran/PBY-001

2023-10-05 13:40:37 - [TEST_STEP][PASSED] - data = callTestCase(findTestCase("T13 Pembelian, Shipment dan Pembayaran/PBL-004"), ["Kurir":"Roda 2"], STOP_ON_FAILURE): Call Test Case 'Test Cases/T13 Pembelian, Shipment dan Pembayaran/PBL-004' successfully

2023-10-05 13:40:37 - [TEST_CASE][PASSED] - Test Cases/T13 Pembelian, Shipment dan Pembayaran/PBL-004: Test Cases/T13 Pembelian, Shipment dan Pembayaran/PBL-004

2023-10-05 13:40:37 - [TEST_STEP][PASSED] - data = callTestCase(findTestCase("T13 Pembelian, Shipment dan Pembayaran/PBL-002"), [:], STOP_ON_FAILURE): Call Test Case 'Test Cases/T13 Pembelian, Shipment dan Pembayaran/PBL-002' successfully

2023-10-05 13:40:37 - [TEST_CASE][PASSED] - Test Cases/T13 Pembelian, Shipment dan Pembayaran/PBL-002: Test Cases/T13 Pembelian, Shipment dan Pembayaran/PBL-002

2023-10-05 13:40:37 - [TEST_STEP][PASSED] - data = callTestCase(findTestCase("T13 Pembelian, Shipment dan Pembayaran/PBL-001"), [:], STOP_ON_FAILURE): Call Test Case 'Test Cases/T13 Pembelian, Shipment dan Pembayaran/PBL-001' successfully

2023-10-05 13:40:37 - [TEST_CASE][PASSED] - Test Cases/T13 Pembelian, Shipment dan Pembayaran/PBL-001: Test Cases/T13 Pembelian, Shipment dan Pembayaran/PBL-001

2023-10-05 13:40:37 - [TEST_STEP][PASSED] - callTestCase(findTestCase("T13 Pembelian, Shipment dan Pembayaran/LU-001"), ["username":"irfanafandi", "password":"12345irfan"], STOP_ON_FAILURE): Call Test Case 'Test Cases/T13 Pembelian, Shipment dan Pembayaran/LU-001' successfully

2023-10-05 13:40:37 - [TEST_CASE][PASSED] - Test Cases/T13 Pembelian, Shipment dan Pembayaran/LU-001: Test Cases/T13 Pembelian, Shipment dan Pembayaran/LU-001

2023-10-05 13:40:37 - [TEST_STEP][PASSED] - openBrowser("https://10.9.2.63/ecommerce/"): Browser is opened with url: 'https://10.9.2.63/ecommerce/'

2023-10-05 13:40:37 - [MESSAGE][WARNING] - A browser is already opened. Closing browser and opening a new one

2023-10-05 13:40:38 - [MESSAGE][INFO] - Starting 'Edge Chromium' driver

2023-10-05 13:40:38 - [MESSAGE][INFO] - User set preference: ['acceptInsecureCerts', 'true']

2023-10-05 13:40:40 - [MESSAGE][INFO] - Action delay is set to 0 milliseconds

2023-10-05 13:40:45 - [MESSAGE][PASSED] - Browser is opened with url: 'https://10.9.2.63/ecommerce/'

2023-10-05 13:40:45 - [TEST_STEP][PASSED] - maximizeWindow(): Current window maximized

2023-10-05 13:40:45 - [MESSAGE][PASSED] - Current window maximized

2023-10-05 13:40:45 - [TEST_STEP][PASSED] - verifyElementPresent(findTestObject("Login/Home"), 0): Object 'Object Repository/Login/Home' is present

2023-10-05 13:40:45 - [MESSAGE][WARNING] - Timeout '0' is invalid. Using default page load timeout: '30'

2023-10-05 13:40:46 - [MESSAGE][PASSED] - Object 'Object Repository/Login/Home' is present

2023-10-05 13:40:46 - [TEST_STEP][PASSED] - click(findTestObject("Login/a_Login")): Object: 'Object Repository/Login/a_Login' is clicked on

2023-10-05 13:40:46 - [MESSAGE][PASSED] - Object: 'Object Repository/Login/a_Login' is clicked on

2023-10-05 13:40:46 - [TEST_STEP][PASSED] - verifyElementPresent(findTestObject("Login/Tittle Login"), 0): Object 'Object Repository/Login/Tittle Login' is present

2023-10-05 13:40:46 - [MESSAGE][WARNING] - Timeout '0' is invalid. Using default page load timeout: '30'

2023-10-05 13:40:47 - [MESSAGE][PASSED] - Object 'Object Repository/Login/Tittle Login' is present

2023-10-05 13:40:47 - [TEST_STEP][PASSED] - setText(findTestObject("Login/input_Username, Email atau No. Handphone_a"), username): Text 'irfanafandi' is set on object 'Object Repository/Login/input_Username, Email atau No. Handphone_a'

2023-10-05 13:40:47 - [MESSAGE][PASSED] - Text 'irfanafandi' is set on object 'Object Repository/Login/input_Username, Email atau No. Handphone_a'

2023-10-05 13:40:47 - [TEST_STEP][PASSED] - setText(findTestObject("Login/input_Password_b"), password): Text '12345irfan' is set on object 'Object Repository/Login/input_Password_b'

2023-10-05 13:40:48 - [MESSAGE][PASSED] - Text '12345irfan' is set on object 'Object Repository/Login/input_Password_b'

2023-10-05 13:40:48 - [TEST_STEP][PASSED] - click(findTestObject("Login/label_Ingat saya")): Object: 'Object Repository/Login/label_Ingat saya' is clicked on

2023-10-05 13:40:49 - [MESSAGE][PASSED] - Object: 'Object Repository/Login/label_Ingat saya' is clicked on

2023-10-05 13:40:49 - [TEST_STEP][PASSED] - click(findTestObject("Login/button_Masuk")): Object: 'Object Repository/Login/button_Masuk' is clicked on

2023-10-05 13:40:51 - [MESSAGE][PASSED] - Object: 'Object Repository/Login/button_Masuk' is clicked on

2023-10-05 13:40:51 - [TEST_STEP][PASSED] - verifyElementPresent(findTestObject("Login/li_Profile"), 0): Object 'Object Repository/Login/li_Profile' is present

2023-10-05 13:40:51 - [MESSAGE][WARNING] - Timeout '0' is invalid. Using default page load timeout: '30'

2023-10-05 13:40:51 - [MESSAGE][PASSED] - Object 'Object Repository/Login/li_Profile' is present

2023-10-05 13:40:51 - [MESSAGE][PASSED] - Call Test Case 'Test Cases/T13 Pembelian, Shipment dan Pembayaran/LU-001' successfully

2023-10-05 13:40:51 - [TEST_STEP][PASSED] - mouseOver(findTestObject("beli barang/i_Mulai Belanja_icon-menu")): Object: 'Object Repository/beli barang/i_Mulai Belanja_icon-menu' is hovered

2023-10-05 13:40:52 - [MESSAGE][PASSED] - Object: 'Object Repository/beli barang/i_Mulai Belanja_icon-menu' is hovered

2023-10-05 13:40:52 - [TEST_STEP][PASSED] - click(findTestObject("beli barang/a_Fashion  Busana Wanita")): Object: 'Object Repository/beli barang/a_Fashion  Busana Wanita' is clicked on

2023-10-05 13:40:53 - [MESSAGE][PASSED] - Object: 'Object Repository/beli barang/a_Fashion  Busana Wanita' is clicked on

2023-10-05 13:40:53 - [TEST_STEP][PASSED] - NamaSebelum = getText(findTestObject("verifikasi/Nama sebelum")): Text of object 'Object Repository/verifikasi/Nama sebelum' is: ''

2023-10-05 13:40:53 - [MESSAGE][PASSED] - Text of object 'Object Repository/verifikasi/Nama sebelum' is: ''

2023-10-05 13:40:53 - [TEST_STEP][PASSED] - HargaSebelum = getText(findTestObject("verifikasi/Harga sebelum")): Text of object 'Object Repository/verifikasi/Harga sebelum' is: 'Rp 1,299'

2023-10-05 13:40:54 - [MESSAGE][PASSED] - Text of object 'Object Repository/verifikasi/Harga sebelum' is: 'Rp 1,299'

2023-10-05 13:40:54 - [TEST_STEP][PASSED] - mouseOver(findTestObject("beli barang/barang mouse over")): Object: 'Object Repository/beli barang/barang mouse over' is hovered

2023-10-05 13:40:54 - [MESSAGE][PASSED] - Object: 'Object Repository/beli barang/barang mouse over' is hovered

2023-10-05 13:40:54 - [TEST_STEP][PASSED] - click(findTestObject("beli barang/buttom add to cart")): Object: 'Object Repository/beli barang/buttom add to cart' is clicked on

2023-10-05 13:40:56 - [MESSAGE][PASSED] - Object: 'Object Repository/beli barang/buttom add to cart' is clicked on

2023-10-05 13:40:56 - [TEST_STEP][PASSED] - NamaSesudah = getText(findTestObject("verifikasi/Nama sesudah")): Text of object 'Object Repository/verifikasi/Nama sesudah' is: 'Segitiga Instan Madeira - MDB5.3 Sunset'

2023-10-05 13:40:56 - [MESSAGE][PASSED] - Text of object 'Object Repository/verifikasi/Nama sesudah' is: 'Segitiga Instan Madeira - MDB5.3 Sunset'

2023-10-05 13:40:56 - [TEST_STEP][PASSED] - HargaSesudah = getText(findTestObject("verifikasi/Harga sesudah")): Text of object 'Object Repository/verifikasi/Harga sesudah' is: 'Rp 1,299'

2023-10-05 13:40:57 - [MESSAGE][PASSED] - Text of object 'Object Repository/verifikasi/Harga sesudah' is: 'Rp 1,299'

2023-10-05 13:40:57 - [TEST_STEP][PASSED] - assert NamaSesudah.contains(NamaSebelum): null

2023-10-05 13:40:57 - [TEST_STEP][PASSED] - assert HargaSesudah.contains(HargaSebelum): null

2023-10-05 13:40:57 - [TEST_STEP][PASSED] - click(findTestObject("beli barang/Tambah Keranjang busana wanita")): Object: 'Object Repository/beli barang/Tambah Keranjang busana wanita' is clicked on

2023-10-05 13:40:57 - [MESSAGE][PASSED] - Object: 'Object Repository/beli barang/Tambah Keranjang busana wanita' is clicked on

2023-10-05 13:40:57 - [TEST_STEP][PASSED] - verifyElementPresent(findTestObject("checkout/Notifikasi keranjang"), 1): Object 'Object Repository/checkout/Notifikasi keranjang' is present

2023-10-05 13:40:58 - [MESSAGE][PASSED] - Object 'Object Repository/checkout/Notifikasi keranjang' is present

2023-10-05 13:40:58 - [TEST_STEP][PASSED] - data = new java.util.HashMap(): null

2023-10-05 13:40:58 - [TEST_STEP][PASSED] - data.put("nama_barang", NamaSesudah): null

2023-10-05 13:40:58 - [TEST_STEP][PASSED] - data.put("price_barang", HargaSesudah): null

2023-10-05 13:40:58 - [TEST_STEP][PASSED] - return data: null

2023-10-05 13:40:58 - [MESSAGE][PASSED] - Call Test Case 'Test Cases/T13 Pembelian, Shipment dan Pembayaran/PBL-001' successfully

2023-10-05 13:40:58 - [TEST_STEP][PASSED] - mouseOver(findTestObject("beli barang/keranjang")): Object: 'Object Repository/beli barang/keranjang' is hovered

2023-10-05 13:40:59 - [MESSAGE][PASSED] - Object: 'Object Repository/beli barang/keranjang' is hovered

2023-10-05 13:40:59 - [TEST_STEP][PASSED] - click(findTestObject("beli barang/Lihat Sekarang")): Object: 'Object Repository/beli barang/Lihat Sekarang' is clicked on

2023-10-05 13:41:00 - [MESSAGE][PASSED] - Object: 'Object Repository/beli barang/Lihat Sekarang' is clicked on

2023-10-05 13:41:00 - [TEST_STEP][PASSED] - verifyElementPresent(findTestObject("keranjang/li_Keranjang Belanja"), 0): Object 'Object Repository/keranjang/li_Keranjang Belanja' is present

2023-10-05 13:41:00 - [MESSAGE][WARNING] - Timeout '0' is invalid. Using default page load timeout: '30'

2023-10-05 13:41:01 - [MESSAGE][PASSED] - Object 'Object Repository/keranjang/li_Keranjang Belanja' is present

2023-10-05 13:41:01 - [TEST_STEP][PASSED] - NamaKeranjang = getText(findTestObject("verifikasi/Nama keranjang")): Text of object 'Object Repository/verifikasi/Nama keranjang' is: 'Segitiga Instan Madeira - MDB5.3 Sunset'

2023-10-05 13:41:01 - [MESSAGE][PASSED] - Text of object 'Object Repository/verifikasi/Nama keranjang' is: 'Segitiga Instan Madeira - MDB5.3 Sunset'

2023-10-05 13:41:01 - [TEST_STEP][PASSED] - HargaKeranjang = getText(findTestObject("verifikasi/Harga Keranjang")): Text of object 'Object Repository/verifikasi/Harga Keranjang' is: 'Rp 1,299'

2023-10-05 13:41:02 - [MESSAGE][PASSED] - Text of object 'Object Repository/verifikasi/Harga Keranjang' is: 'Rp 1,299'

2023-10-05 13:41:02 - [TEST_STEP][PASSED] - if (toString().equalsIgnoreCase("Merah")): Object 'Object Repository/keranjang/input_Warna_variasi101' is checked

2023-10-05 13:41:02 - [TEST_STEP][PASSED] - check(findTestObject("Object Repository/keranjang/input_Warna_variasi101")): Object 'Object Repository/keranjang/input_Warna_variasi101' is checked

2023-10-05 13:41:02 - [MESSAGE][PASSED] - Object 'Object Repository/keranjang/input_Warna_variasi101' is checked

2023-10-05 13:41:02 - [TEST_STEP][PASSED] - if (toString().equalsIgnoreCase("Menengah")): Object 'Object Repository/keranjang/input_Ukuran_variasi201' is checked

2023-10-05 13:41:02 - [TEST_STEP][PASSED] - check(findTestObject("Object Repository/keranjang/input_Ukuran_variasi201")): Object 'Object Repository/keranjang/input_Ukuran_variasi201' is checked

2023-10-05 13:41:03 - [MESSAGE][PASSED] - Object 'Object Repository/keranjang/input_Ukuran_variasi201' is checked

2023-10-05 13:41:03 - [TEST_STEP][PASSED] - data.put("Warna", warna): null

2023-10-05 13:41:03 - [TEST_STEP][PASSED] - data.put("Ukuran", ukuran): null

2023-10-05 13:41:03 - [TEST_STEP][PASSED] - click(findTestObject("keranjang/button_Lanjut ke Pembayaran")): Object: 'Object Repository/keranjang/button_Lanjut ke Pembayaran' is clicked on

2023-10-05 13:41:04 - [MESSAGE][PASSED] - Object: 'Object Repository/keranjang/button_Lanjut ke Pembayaran' is clicked on

2023-10-05 13:41:04 - [TEST_STEP][PASSED] - verifyElementPresent(findTestObject("checkout/Tittle Checkout Order"), 0): Object 'Object Repository/checkout/Tittle Checkout Order' is present

2023-10-05 13:41:04 - [MESSAGE][WARNING] - Timeout '0' is invalid. Using default page load timeout: '30'

2023-10-05 13:41:05 - [MESSAGE][PASSED] - Object 'Object Repository/checkout/Tittle Checkout Order' is present

2023-10-05 13:41:05 - [TEST_STEP][PASSED] - name_product = data.get("nama_barang"): null

2023-10-05 13:41:05 - [TEST_STEP][PASSED] - price_product = data.get("price_barang"): null

2023-10-05 13:41:05 - [TEST_STEP][PASSED] - assert name_product == NamaKeranjang: null

2023-10-05 13:41:05 - [TEST_STEP][PASSED] - assert price_product == HargaKeranjang: null

2023-10-05 13:41:05 - [TEST_STEP][PASSED] - return data: null

2023-10-05 13:41:05 - [MESSAGE][PASSED] - Call Test Case 'Test Cases/T13 Pembelian, Shipment dan Pembayaran/PBL-002' successfully

2023-10-05 13:41:05 - [TEST_STEP][PASSED] - warnaa = getText(findTestObject("verifikasi/warna Merah")): Text of object 'Object Repository/verifikasi/warna Merah' is: 'Merah'

2023-10-05 13:41:05 - [MESSAGE][PASSED] - Text of object 'Object Repository/verifikasi/warna Merah' is: 'Merah'

2023-10-05 13:41:05 - [TEST_STEP][PASSED] - ukurann = getText(findTestObject("verifikasi/Ukuran Menengah")): Text of object 'Object Repository/verifikasi/Ukuran Menengah' is: 'Menengah'

2023-10-05 13:41:06 - [MESSAGE][PASSED] - Text of object 'Object Repository/verifikasi/Ukuran Menengah' is: 'Menengah'

2023-10-05 13:41:06 - [TEST_STEP][PASSED] - warna1 = data.get("Warna"): null

2023-10-05 13:41:06 - [TEST_STEP][PASSED] - ukuran1 = data.get("Ukuran"): null

2023-10-05 13:41:06 - [TEST_STEP][PASSED] - assert warnaa == warna1: null

2023-10-05 13:41:06 - [TEST_STEP][PASSED] - assert ukurann == ukuran1: null

2023-10-05 13:41:06 - [TEST_STEP][PASSED] - NamaCheckout = getText(findTestObject("verifikasi/NamaCheckout")): Text of object 'Object Repository/verifikasi/NamaCheckout' is: ''

2023-10-05 13:41:06 - [MESSAGE][PASSED] - Text of object 'Object Repository/verifikasi/NamaCheckout' is: ''

2023-10-05 13:41:06 - [TEST_STEP][PASSED] - HargaCheckout = getText(findTestObject("verifikasi/HargaCheckout")): Text of object 'Object Repository/verifikasi/HargaCheckout' is: '1,299'

2023-10-05 13:41:06 - [MESSAGE][PASSED] - Text of object 'Object Repository/verifikasi/HargaCheckout' is: '1,299'

2023-10-05 13:41:06 - [TEST_STEP][PASSED] - name_product = data.get("nama_barang"): null

2023-10-05 13:41:06 - [TEST_STEP][PASSED] - price_product = data.get("price_barang"): null

2023-10-05 13:41:06 - [TEST_STEP][PASSED] - assert name_product.contains(NamaCheckout): null

2023-10-05 13:41:06 - [TEST_STEP][PASSED] - assert price_product.contains(HargaCheckout): null

2023-10-05 13:41:06 - [TEST_STEP][PASSED] - selectOptionByLabel(findTestObject("checkout/select - Kirim via Kurir Lokal"), Kurir, false): All options with label 'Roda 2' are selected in object 'Object Repository/checkout/select - Kirim via Kurir Lokal' 

2023-10-05 13:41:07 - [MESSAGE][PASSED] - All options with label 'Roda 2' are selected in object 'Object Repository/checkout/select - Kirim via Kurir Lokal' 

2023-10-05 13:41:07 - [TEST_STEP][PASSED] - click(findTestObject("checkout/Kendaraan Kurir")): Object: 'Object Repository/checkout/Kendaraan Kurir' is clicked on

2023-10-05 13:41:08 - [MESSAGE][PASSED] - Object: 'Object Repository/checkout/Kendaraan Kurir' is clicked on

2023-10-05 13:41:08 - [TEST_STEP][PASSED] - OngkosKirim = getText(findTestObject("Object Repository/verifikasi/Ongkos Kirim checkout")): Text of object 'Object Repository/verifikasi/Ongkos Kirim checkout' is: 'Rp. 5,000'

2023-10-05 13:41:08 - [MESSAGE][PASSED] - Text of object 'Object Repository/verifikasi/Ongkos Kirim checkout' is: 'Rp. 5,000'

2023-10-05 13:41:08 - [TEST_STEP][PASSED] - Ongkos = OngkosKirim.substring(3, OngkosKirim.size()): null

2023-10-05 13:41:08 - [TEST_STEP][PASSED] - rep = Ongkos.replace(",", "."): null

2023-10-05 13:41:08 - [TEST_STEP][PASSED] - Ongkos_kirim = Double.parseDouble(rep): null

2023-10-05 13:41:08 - [TEST_STEP][PASSED] - println(Ongkos_kirim): null

2023-10-05 13:41:08 - [TEST_STEP][PASSED] - FeeAdmin = getText(findTestObject("verifikasi/Fee Admin checkout")): Text of object 'Object Repository/verifikasi/Fee Admin checkout' is: 'Fee Admin
Rp 1,500'

2023-10-05 13:41:09 - [MESSAGE][PASSED] - Text of object 'Object Repository/verifikasi/Fee Admin checkout' is: 'Fee Admin
Rp 1,500'

2023-10-05 13:41:09 - [TEST_STEP][PASSED] - Fee_Admin = FeeAdmin.substring(12, FeeAdmin.size()): null

2023-10-05 13:41:09 - [TEST_STEP][PASSED] - fee = Fee_Admin.replace(",", "."): null

2023-10-05 13:41:09 - [TEST_STEP][PASSED] - fee_admin = Double.parseDouble(fee): null

2023-10-05 13:41:09 - [TEST_STEP][PASSED] - println(fee_admin): null

2023-10-05 13:41:09 - [TEST_STEP][PASSED] - Subtotal = getText(findTestObject("verifikasi/subtotal checkout")): Text of object 'Object Repository/verifikasi/subtotal checkout' is: 'Subtotal
Rp 1,299'

2023-10-05 13:41:09 - [MESSAGE][PASSED] - Text of object 'Object Repository/verifikasi/subtotal checkout' is: 'Subtotal
Rp 1,299'

2023-10-05 13:41:09 - [TEST_STEP][PASSED] - sub_total = Subtotal.substring(12, Subtotal.size()): null

2023-10-05 13:41:09 - [TEST_STEP][PASSED] - sub = sub_total.replace(",", "."): null

2023-10-05 13:41:09 - [TEST_STEP][PASSED] - sub_total = Double.parseDouble(sub): null

2023-10-05 13:41:09 - [TEST_STEP][PASSED] - println(sub_total): null

2023-10-05 13:41:09 - [TEST_STEP][PASSED] - Total = getText(findTestObject("verifikasi/Total checkout")): Text of object 'Object Repository/verifikasi/Total checkout' is: 'Rp 7,799'

2023-10-05 13:41:10 - [MESSAGE][PASSED] - Text of object 'Object Repository/verifikasi/Total checkout' is: 'Rp 7,799'

2023-10-05 13:41:10 - [TEST_STEP][PASSED] - totall = Total.substring(3, Total.size()): null

2023-10-05 13:41:10 - [TEST_STEP][PASSED] - total = totall.replace(",", "."): null

2023-10-05 13:41:10 - [TEST_STEP][PASSED] - totall = Double.parseDouble(total): null

2023-10-05 13:41:10 - [TEST_STEP][PASSED] - println(totall): null

2023-10-05 13:41:10 - [TEST_STEP][PASSED] - Total_Harga = Ongkos_kirim + fee_admin + sub_total: null

2023-10-05 13:41:10 - [TEST_STEP][PASSED] - println(Total_Harga): null

2023-10-05 13:41:10 - [TEST_STEP][PASSED] - TotalHarga = Math.round(Total_Harga * 1000) / 1000: null

2023-10-05 13:41:10 - [TEST_STEP][PASSED] - println(TotalHarga): null

2023-10-05 13:41:10 - [TEST_STEP][PASSED] - assert totall == TotalHarga: null

2023-10-05 13:41:10 - [TEST_STEP][PASSED] - click(findTestObject("verifikasi/Metode Transfer")): Object: 'Object Repository/verifikasi/Metode Transfer' is clicked on

2023-10-05 13:41:10 - [MESSAGE][PASSED] - Object: 'Object Repository/verifikasi/Metode Transfer' is clicked on

2023-10-05 13:41:10 - [TEST_STEP][PASSED] - click(findTestObject("checkout/button_Proses Pembayaran")): Object: 'Object Repository/checkout/button_Proses Pembayaran' is clicked on

2023-10-05 13:41:18 - [MESSAGE][PASSED] - Object: 'Object Repository/checkout/button_Proses Pembayaran' is clicked on

2023-10-05 13:41:18 - [TEST_STEP][PASSED] - verifyElementPresent(findTestObject("pembayaran/Tittle nomor invoice"), 0): Object 'Object Repository/pembayaran/Tittle nomor invoice' is present

2023-10-05 13:41:18 - [MESSAGE][WARNING] - Timeout '0' is invalid. Using default page load timeout: '30'

2023-10-05 13:41:19 - [MESSAGE][PASSED] - Object 'Object Repository/pembayaran/Tittle nomor invoice' is present

2023-10-05 13:41:19 - [TEST_STEP][PASSED] - return data: null

2023-10-05 13:41:19 - [MESSAGE][PASSED] - Call Test Case 'Test Cases/T13 Pembelian, Shipment dan Pembayaran/PBL-004' successfully

2023-10-05 13:41:19 - [TEST_STEP][PASSED] - Invoice = getText(findTestObject("pembayaran/nomor invoice")): Text of object 'Object Repository/pembayaran/nomor invoice' is: 'TRX60.20231005134114'

2023-10-05 13:41:20 - [MESSAGE][PASSED] - Text of object 'Object Repository/pembayaran/nomor invoice' is: 'TRX60.20231005134114'

2023-10-05 13:41:20 - [TEST_STEP][PASSED] - data.put("invoice", Invoice): null

2023-10-05 13:41:20 - [TEST_STEP][PASSED] - NamaPemesan = getText(findTestObject("Konfirmasi pesanan shop/Nama pemesan")): Text of object 'Object Repository/Konfirmasi pesanan shop/Nama pemesan' is: 'irfan.afandi'

2023-10-05 13:41:20 - [MESSAGE][PASSED] - Text of object 'Object Repository/Konfirmasi pesanan shop/Nama pemesan' is: 'irfan.afandi'

2023-10-05 13:41:20 - [TEST_STEP][PASSED] - Nama = getText(findTestObject("pembayaran/Nama barang")): Text of object 'Object Repository/pembayaran/Nama barang' is: 'Segitiga Instan Madeira - MDB5.3 Sunset'

2023-10-05 13:41:21 - [MESSAGE][PASSED] - Text of object 'Object Repository/pembayaran/Nama barang' is: 'Segitiga Instan Madeira - MDB5.3 Sunset'

2023-10-05 13:41:21 - [TEST_STEP][PASSED] - Harga = getText(findTestObject("pembayaran/Harga barang")): Text of object 'Object Repository/pembayaran/Harga barang' is: '1,299'

2023-10-05 13:41:21 - [MESSAGE][PASSED] - Text of object 'Object Repository/pembayaran/Harga barang' is: '1,299'

2023-10-05 13:41:21 - [TEST_STEP][PASSED] - name_product = data.get("nama_barang"): null

2023-10-05 13:41:21 - [TEST_STEP][PASSED] - price_product = data.get("price_barang"): null

2023-10-05 13:41:21 - [TEST_STEP][PASSED] - assert name_product.contains(Nama): null

2023-10-05 13:41:21 - [TEST_STEP][PASSED] - assert price_product.contains(Harga): null

2023-10-05 13:41:21 - [TEST_STEP][PASSED] - warnaa = getText(findTestObject("pembayaran/warna")): Text of object 'Object Repository/pembayaran/warna' is: 'Merah'

2023-10-05 13:41:22 - [MESSAGE][PASSED] - Text of object 'Object Repository/pembayaran/warna' is: 'Merah'

2023-10-05 13:41:22 - [TEST_STEP][PASSED] - ukurann = getText(findTestObject("pembayaran/ukuran")): Text of object 'Object Repository/pembayaran/ukuran' is: 'Menengah'

2023-10-05 13:41:22 - [MESSAGE][PASSED] - Text of object 'Object Repository/pembayaran/ukuran' is: 'Menengah'

2023-10-05 13:41:22 - [TEST_STEP][PASSED] - warna1 = data.get("Warna"): null

2023-10-05 13:41:22 - [TEST_STEP][PASSED] - ukuran1 = data.get("Ukuran"): null

2023-10-05 13:41:22 - [TEST_STEP][PASSED] - assert warnaa == warna1: null

2023-10-05 13:41:22 - [TEST_STEP][PASSED] - assert ukurann == ukuran1: null

2023-10-05 13:41:22 - [TEST_STEP][PASSED] - statusPembelian = getText(findTestObject("verifikasi/Status pending di pembelian")): Text of object 'Object Repository/verifikasi/Status pending di pembelian' is: 'Pending'

2023-10-05 13:41:23 - [MESSAGE][PASSED] - Text of object 'Object Repository/verifikasi/Status pending di pembelian' is: 'Pending'

2023-10-05 13:41:23 - [TEST_STEP][PASSED] - data.put("statusPem", statusPembelian): null

2023-10-05 13:41:23 - [TEST_STEP][PASSED] - OngkosKirim = getText(findTestObject("pembayaran/ongkos kirim")): Text of object 'Object Repository/pembayaran/ongkos kirim' is: 'Rp 5,000'

2023-10-05 13:41:23 - [MESSAGE][PASSED] - Text of object 'Object Repository/pembayaran/ongkos kirim' is: 'Rp 5,000'

2023-10-05 13:41:23 - [TEST_STEP][PASSED] - Ongkos = OngkosKirim.substring(3, OngkosKirim.size()): null

2023-10-05 13:41:23 - [TEST_STEP][PASSED] - rep = Ongkos.replace(",", ""): null

2023-10-05 13:41:23 - [TEST_STEP][PASSED] - Ongkos_kirimm = Integer.parseInt(rep): null

2023-10-05 13:41:23 - [TEST_STEP][PASSED] - println(Ongkos_kirimm): null

2023-10-05 13:41:23 - [TEST_STEP][PASSED] - FeeAdmin = getText(findTestObject("pembayaran/fee admin")): Text of object 'Object Repository/pembayaran/fee admin' is: 'Rp 1,500'

2023-10-05 13:41:24 - [MESSAGE][PASSED] - Text of object 'Object Repository/pembayaran/fee admin' is: 'Rp 1,500'

2023-10-05 13:41:24 - [TEST_STEP][PASSED] - Fee_Admin = FeeAdmin.substring(3, FeeAdmin.size()): null

2023-10-05 13:41:24 - [TEST_STEP][PASSED] - fee = Fee_Admin.replace(",", ""): null

2023-10-05 13:41:24 - [TEST_STEP][PASSED] - fee_adminn = Integer.parseInt(fee): null

2023-10-05 13:41:24 - [TEST_STEP][PASSED] - println(fee_adminn): null

2023-10-05 13:41:24 - [TEST_STEP][PASSED] - Subtotal = getText(findTestObject("pembayaran/subtotal")): Text of object 'Object Repository/pembayaran/subtotal' is: 'Rp 1,299'

2023-10-05 13:41:24 - [MESSAGE][PASSED] - Text of object 'Object Repository/pembayaran/subtotal' is: 'Rp 1,299'

2023-10-05 13:41:24 - [TEST_STEP][PASSED] - sub_total = Subtotal.substring(3, Subtotal.size()): null

2023-10-05 13:41:24 - [TEST_STEP][PASSED] - sub = sub_total.replace(",", ""): null

2023-10-05 13:41:24 - [TEST_STEP][PASSED] - sub_totall = Integer.parseInt(sub): null

2023-10-05 13:41:24 - [TEST_STEP][PASSED] - println(sub_totall): null

2023-10-05 13:41:24 - [TEST_STEP][PASSED] - unik = getText(findTestObject("pembayaran/kode unik")): Text of object 'Object Repository/pembayaran/kode unik' is: '+114'

2023-10-05 13:41:25 - [MESSAGE][PASSED] - Text of object 'Object Repository/pembayaran/kode unik' is: '+114'

2023-10-05 13:41:25 - [TEST_STEP][PASSED] - unikk = unik.replace("+", ""): null

2023-10-05 13:41:25 - [TEST_STEP][PASSED] - kode_unik = Integer.parseInt(unikk): null

2023-10-05 13:41:25 - [TEST_STEP][PASSED] - println(kode_unik): null

2023-10-05 13:41:25 - [TEST_STEP][PASSED] - Total = getText(findTestObject("pembayaran/total")): Text of object 'Object Repository/pembayaran/total' is: '7,913'

2023-10-05 13:41:25 - [MESSAGE][PASSED] - Text of object 'Object Repository/pembayaran/total' is: '7,913'

2023-10-05 13:41:25 - [TEST_STEP][PASSED] - total = Total.replace(",", ""): null

2023-10-05 13:41:25 - [TEST_STEP][PASSED] - totalll = Integer.parseInt(total): null

2023-10-05 13:41:25 - [TEST_STEP][PASSED] - println(totalll): null

2023-10-05 13:41:25 - [TEST_STEP][PASSED] - Total_Hargaa = Ongkos_kirimm + fee_adminn + sub_totall + kode_unik: null

2023-10-05 13:41:25 - [TEST_STEP][PASSED] - println(Total_Hargaa): null

2023-10-05 13:41:25 - [TEST_STEP][PASSED] - assert totalll == Total_Hargaa: null

2023-10-05 13:41:25 - [TEST_STEP][PASSED] - data.put("total", Total): null

2023-10-05 13:41:25 - [TEST_STEP][PASSED] - data.put("nama", NamaPemesan): null

2023-10-05 13:41:25 - [TEST_STEP][PASSED] - return data: null

2023-10-05 13:41:25 - [MESSAGE][PASSED] - Call Test Case 'Test Cases/T13 Pembelian, Shipment dan Pembayaran/PBY-001' successfully

2023-10-05 13:41:25 - [TEST_STEP][PASSED] - inv = data.get("invoice"): null

2023-10-05 13:41:25 - [TEST_STEP][PASSED] - Total = data.get("total"): null

2023-10-05 13:41:25 - [TEST_STEP][PASSED] - NamaPemesan = data.get("nama"): null

2023-10-05 13:41:25 - [TEST_STEP][PASSED] - click(findTestObject("Konfirmasi pesanan shop/Menu Shop")): Object: 'Object Repository/Konfirmasi pesanan shop/Menu Shop' is clicked on

2023-10-05 13:41:27 - [MESSAGE][PASSED] - Object: 'Object Repository/Konfirmasi pesanan shop/Menu Shop' is clicked on

2023-10-05 13:41:27 - [TEST_STEP][PASSED] - click(findTestObject("Konfirmasi pesanan shop/Menu Shop")): Object: 'Object Repository/Konfirmasi pesanan shop/Menu Shop' is clicked on

2023-10-05 13:41:28 - [MESSAGE][PASSED] - Object: 'Object Repository/Konfirmasi pesanan shop/Menu Shop' is clicked on

2023-10-05 13:41:28 - [TEST_STEP][PASSED] - click(findTestObject("Konfirmasi pesanan shop/Konfirmasi Orders")): Object: 'Object Repository/Konfirmasi pesanan shop/Konfirmasi Orders' is clicked on

2023-10-05 13:41:29 - [MESSAGE][PASSED] - Object: 'Object Repository/Konfirmasi pesanan shop/Konfirmasi Orders' is clicked on

2023-10-05 13:41:29 - [TEST_STEP][PASSED] - verifyElementPresent(findTestObject("Konfirmasi pesanan shop/Tittle Konfirmasi Pesanan"), 0): Object 'Object Repository/Konfirmasi pesanan shop/Tittle Konfirmasi Pesanan' is present

2023-10-05 13:41:29 - [MESSAGE][WARNING] - Timeout '0' is invalid. Using default page load timeout: '30'

2023-10-05 13:41:30 - [MESSAGE][PASSED] - Object 'Object Repository/Konfirmasi pesanan shop/Tittle Konfirmasi Pesanan' is present

2023-10-05 13:41:30 - [TEST_STEP][PASSED] - setText(findTestObject("Konfirmasi pesanan shop/input_No Pesanan"), inv): Text 'TRX60.20231005134114' is set on object 'Object Repository/Konfirmasi pesanan shop/input_No Pesanan'

2023-10-05 13:41:30 - [MESSAGE][PASSED] - Text 'TRX60.20231005134114' is set on object 'Object Repository/Konfirmasi pesanan shop/input_No Pesanan'

2023-10-05 13:41:30 - [TEST_STEP][PASSED] - setText(findTestObject("Konfirmasi pesanan shop/input_Alamat E-mai"), "irfan@gmail.com"): Text 'irfan@gmail.com' is set on object 'Object Repository/Konfirmasi pesanan shop/input_Alamat E-mai'

2023-10-05 13:41:31 - [MESSAGE][PASSED] - Text 'irfan@gmail.com' is set on object 'Object Repository/Konfirmasi pesanan shop/input_Alamat E-mai'

2023-10-05 13:41:31 - [TEST_STEP][PASSED] - click(findTestObject("Konfirmasi pesanan shop/button_Submit")): Object: 'Object Repository/Konfirmasi pesanan shop/button_Submit' is clicked on

2023-10-05 13:41:32 - [MESSAGE][PASSED] - Object: 'Object Repository/Konfirmasi pesanan shop/button_Submit' is clicked on

2023-10-05 13:41:32 - [TEST_STEP][PASSED] - verifyElementPresent(findTestObject("Konfirmasi pesanan shop/Tittle nomor invoice"), 0): Object 'Object Repository/Konfirmasi pesanan shop/Tittle nomor invoice' is present

2023-10-05 13:41:32 - [MESSAGE][WARNING] - Timeout '0' is invalid. Using default page load timeout: '30'

2023-10-05 13:41:33 - [MESSAGE][PASSED] - Object 'Object Repository/Konfirmasi pesanan shop/Tittle nomor invoice' is present

2023-10-05 13:41:33 - [TEST_STEP][PASSED] - setText(findTestObject("Konfirmasi pesanan shop/input_Total TagihanTransfer_b"), Total): Text '7,913' is set on object 'Object Repository/Konfirmasi pesanan shop/input_Total TagihanTransfer_b'

2023-10-05 13:41:34 - [MESSAGE][PASSED] - Text '7,913' is set on object 'Object Repository/Konfirmasi pesanan shop/input_Total TagihanTransfer_b'

2023-10-05 13:41:34 - [TEST_STEP][PASSED] - selectOptionByValue(findTestObject("Konfirmasi pesanan shop/select_Bank"), "4", false): All options with value '4' are selected in object 'Object Repository/Konfirmasi pesanan shop/select_Bank' 

2023-10-05 13:41:35 - [MESSAGE][PASSED] - All options with value '4' are selected in object 'Object Repository/Konfirmasi pesanan shop/select_Bank' 

2023-10-05 13:41:35 - [TEST_STEP][PASSED] - setText(findTestObject("Konfirmasi pesanan shop/input_Nama Pengirim_d"), NamaPemesan): Text 'irfan.afandi' is set on object 'Object Repository/Konfirmasi pesanan shop/input_Nama Pengirim_d'

2023-10-05 13:41:36 - [MESSAGE][PASSED] - Text 'irfan.afandi' is set on object 'Object Repository/Konfirmasi pesanan shop/input_Nama Pengirim_d'

2023-10-05 13:41:36 - [TEST_STEP][PASSED] - uploadFile(findTestObject("keranjang/konfirmasi/input_Upload Bukti Transfer_f"), "C:\Users\IRFAN\Downloads\Berkas2.pdf"): File 'C:\Users\IRFAN\Downloads\Berkas2.pdf' sent to object: 'Object Repository/keranjang/konfirmasi/input_Upload Bukti Transfer_f'

2023-10-05 13:41:36 - [MESSAGE][PASSED] - File 'C:\Users\IRFAN\Downloads\Berkas2.pdf' sent to object: 'Object Repository/keranjang/konfirmasi/input_Upload Bukti Transfer_f'

2023-10-05 13:41:36 - [TEST_STEP][PASSED] - click(findTestObject("Konfirmasi pesanan shop/button_Konfirmasi Pembayaran")): Object: 'Object Repository/Konfirmasi pesanan shop/button_Konfirmasi Pembayaran' is clicked on

2023-10-05 13:41:37 - [MESSAGE][PASSED] - Object: 'Object Repository/Konfirmasi pesanan shop/button_Konfirmasi Pembayaran' is clicked on

2023-10-05 13:41:37 - [TEST_STEP][PASSED] - verifyElementPresent(findTestObject("Konfirmasi pesanan shop/Tittle Konfirmasi Pesanan"), 0): Object 'Object Repository/Konfirmasi pesanan shop/Tittle Konfirmasi Pesanan' is present

2023-10-05 13:41:37 - [MESSAGE][WARNING] - Timeout '0' is invalid. Using default page load timeout: '30'

2023-10-05 13:41:38 - [MESSAGE][PASSED] - Object 'Object Repository/Konfirmasi pesanan shop/Tittle Konfirmasi Pesanan' is present

2023-10-05 13:41:38 - [TEST_STEP][PASSED] - verifyElementPresent(findTestObject("Konfirmasi pesanan shop/Tittle massage succes Konfirmasi Pembayaran Pesanan"), 0): Object 'Object Repository/Konfirmasi pesanan shop/Tittle massage succes Konfirmasi Pembayaran Pesanan' is present

2023-10-05 13:41:38 - [MESSAGE][WARNING] - Timeout '0' is invalid. Using default page load timeout: '30'

2023-10-05 13:41:38 - [MESSAGE][PASSED] - Object 'Object Repository/Konfirmasi pesanan shop/Tittle massage succes Konfirmasi Pembayaran Pesanan' is present

2023-10-05 13:41:38 - [TEST_STEP][PASSED] - return data: null

2023-10-05 13:41:38 - [MESSAGE][PASSED] - Call Test Case 'Test Cases/T13 Pembelian, Shipment dan Pembayaran/PBY-004' successfully

2023-10-05 13:41:38 - [TEST_STEP][PASSED] - navigateToUrl("https://10.9.2.63/ecommerce/administrator/"): Navigate to 'https://10.9.2.63/ecommerce/administrator/' successfully

2023-10-05 13:41:39 - [MESSAGE][PASSED] - Navigate to 'https://10.9.2.63/ecommerce/administrator/' successfully

2023-10-05 13:41:39 - [TEST_STEP][PASSED] - verifyElementPresent(findTestObject("admin/Tittle ADMIN Login"), 0): Object 'Object Repository/admin/Tittle ADMIN Login' is present

2023-10-05 13:41:39 - [MESSAGE][WARNING] - Timeout '0' is invalid. Using default page load timeout: '30'

2023-10-05 13:41:39 - [MESSAGE][PASSED] - Object 'Object Repository/admin/Tittle ADMIN Login' is present

2023-10-05 13:41:39 - [TEST_STEP][PASSED] - setText(findTestObject("admin/Username"), "admin"): Text 'admin' is set on object 'Object Repository/admin/Username'

2023-10-05 13:41:40 - [MESSAGE][PASSED] - Text 'admin' is set on object 'Object Repository/admin/Username'

2023-10-05 13:41:40 - [TEST_STEP][PASSED] - setText(findTestObject("admin/Password"), "123admin123"): Text '123admin123' is set on object 'Object Repository/admin/Password'

2023-10-05 13:41:41 - [MESSAGE][PASSED] - Text '123admin123' is set on object 'Object Repository/admin/Password'

2023-10-05 13:41:41 - [TEST_STEP][PASSED] - click(findTestObject("admin/Remember Me")): Object: 'Object Repository/admin/Remember Me' is clicked on

2023-10-05 13:41:41 - [MESSAGE][PASSED] - Object: 'Object Repository/admin/Remember Me' is clicked on

2023-10-05 13:41:41 - [TEST_STEP][PASSED] - delay(10): Delayed 10 second(s)

2023-10-05 13:41:51 - [MESSAGE][PASSED] - Delayed 10 second(s)

2023-10-05 13:41:51 - [TEST_STEP][PASSED] - click(findTestObject("admin/buttom submit")): Object: 'Object Repository/admin/buttom submit' is clicked on

2023-10-05 13:41:54 - [MESSAGE][PASSED] - Object: 'Object Repository/admin/buttom submit' is clicked on

2023-10-05 13:41:54 - [TEST_STEP][PASSED] - verifyElementPresent(findTestObject("admin/Konf order konsumen/Tittle Dashboard"), 0): Object 'Object Repository/admin/Konf order konsumen/Tittle Dashboard' is present

2023-10-05 13:41:54 - [MESSAGE][WARNING] - Timeout '0' is invalid. Using default page load timeout: '30'

2023-10-05 13:41:54 - [MESSAGE][PASSED] - Object 'Object Repository/admin/Konf order konsumen/Tittle Dashboard' is present

2023-10-05 13:41:54 - [TEST_STEP][PASSED] - click(findTestObject("admin/Konf order konsumen/Menu Transaksi Market")): Object: 'Object Repository/admin/Konf order konsumen/Menu Transaksi Market' is clicked on

2023-10-05 13:41:55 - [MESSAGE][PASSED] - Object: 'Object Repository/admin/Konf order konsumen/Menu Transaksi Market' is clicked on

2023-10-05 13:41:55 - [TEST_STEP][PASSED] - click(findTestObject("admin/Konf order konsumen/Menu Konf. Order Konsumen")): Object: 'Object Repository/admin/Konf order konsumen/Menu Konf. Order Konsumen' is clicked on

2023-10-05 13:41:56 - [MESSAGE][PASSED] - Object: 'Object Repository/admin/Konf order konsumen/Menu Konf. Order Konsumen' is clicked on

2023-10-05 13:41:56 - [TEST_STEP][PASSED] - verifyElementPresent(findTestObject("admin/Konf order konsumen/Tittle Data Konfirmasi Pembayaran Konsumen"), 0): Object 'Object Repository/admin/Konf order konsumen/Tittle Data Konfirmasi Pembayaran Konsumen' is present

2023-10-05 13:41:56 - [MESSAGE][WARNING] - Timeout '0' is invalid. Using default page load timeout: '30'

2023-10-05 13:41:57 - [MESSAGE][PASSED] - Object 'Object Repository/admin/Konf order konsumen/Tittle Data Konfirmasi Pembayaran Konsumen' is present

2023-10-05 13:41:57 - [TEST_STEP][PASSED] - inv = data.get("invoice"): null

2023-10-05 13:41:57 - [TEST_STEP][PASSED] - setText(findTestObject("admin/Konf order konsumen/Search"), inv): Text 'TRX60.20231005134114' is set on object 'Object Repository/admin/Konf order konsumen/Search'

2023-10-05 13:41:57 - [MESSAGE][PASSED] - Text 'TRX60.20231005134114' is set on object 'Object Repository/admin/Konf order konsumen/Search'

2023-10-05 13:41:57 - [TEST_STEP][PASSED] - verifyElementText(findTestObject("admin/Konf order konsumen/Keterangan Lunas"), "Lunas"): Actual text and expected text of test object 'Object Repository/admin/Konf order konsumen/Keterangan Lunas' are matched.

2023-10-05 13:41:58 - [MESSAGE][PASSED] - Actual text and expected text of test object 'Object Repository/admin/Konf order konsumen/Keterangan Lunas' are matched.

2023-10-05 13:41:58 - [TEST_STEP][PASSED] - return data: null

2023-10-05 13:41:58 - [MESSAGE][PASSED] - Call Test Case 'Test Cases/T13 Pembelian, Shipment dan Pembayaran/PBYA-001' successfully

2023-10-05 13:41:58 - [TEST_STEP][PASSED] - click(findTestObject("admin/Penjualan ke konsumen/buttom Dashboard")): Object: 'Object Repository/admin/Penjualan ke konsumen/buttom Dashboard' is clicked on

2023-10-05 13:41:59 - [MESSAGE][PASSED] - Object: 'Object Repository/admin/Penjualan ke konsumen/buttom Dashboard' is clicked on

2023-10-05 13:41:59 - [TEST_STEP][PASSED] - click(findTestObject("admin/Konf order konsumen/Menu Transaksi Market")): Object: 'Object Repository/admin/Konf order konsumen/Menu Transaksi Market' is clicked on

2023-10-05 13:41:59 - [MESSAGE][PASSED] - Object: 'Object Repository/admin/Konf order konsumen/Menu Transaksi Market' is clicked on

2023-10-05 13:41:59 - [TEST_STEP][PASSED] - click(findTestObject("admin/Penjualan ke konsumen/a_Penjualan ke Konsumen")): Object: 'Object Repository/admin/Penjualan ke konsumen/a_Penjualan ke Konsumen' is clicked on

2023-10-05 13:42:02 - [MESSAGE][PASSED] - Object: 'Object Repository/admin/Penjualan ke konsumen/a_Penjualan ke Konsumen' is clicked on

2023-10-05 13:42:02 - [TEST_STEP][PASSED] - verifyElementPresent(findTestObject("admin/Tittle Data Transaksi Penjualan  Orderan Konsumen"), 0): Object 'Object Repository/admin/Tittle Data Transaksi Penjualan  Orderan Konsumen' is present

2023-10-05 13:42:02 - [MESSAGE][WARNING] - Timeout '0' is invalid. Using default page load timeout: '30'

2023-10-05 13:42:03 - [MESSAGE][PASSED] - Object 'Object Repository/admin/Tittle Data Transaksi Penjualan  Orderan Konsumen' is present

2023-10-05 13:42:03 - [TEST_STEP][PASSED] - return data: null

2023-10-05 13:42:03 - [MESSAGE][PASSED] - Call Test Case 'Test Cases/T13 Pembelian, Shipment dan Pembayaran/SA-001' successfully

2023-10-05 13:42:03 - [TEST_STEP][PASSED] - inv = data.get("invoice"): null

2023-10-05 13:42:03 - [TEST_STEP][PASSED] - setText(findTestObject("admin/Penjualan ke konsumen/Search"), inv): Text 'TRX60.20231005134114' is set on object 'Object Repository/admin/Penjualan ke konsumen/Search'

2023-10-05 13:42:04 - [MESSAGE][PASSED] - Text 'TRX60.20231005134114' is set on object 'Object Repository/admin/Penjualan ke konsumen/Search'

2023-10-05 13:42:04 - [TEST_STEP][PASSED] - click(findTestObject("admin/Penjualan ke konsumen/buttom konfirmasi pending payment"), CONTINUE_ON_FAILURE): Object: 'Object Repository/admin/Penjualan ke konsumen/buttom konfirmasi pending payment' is clicked on

2023-10-05 13:42:04 - [MESSAGE][PASSED] - Object: 'Object Repository/admin/Penjualan ke konsumen/buttom konfirmasi pending payment' is clicked on

2023-10-05 13:42:04 - [TEST_STEP][PASSED] - waitForAlert(5, OPTIONAL): Alert is present after 5 second(s).

2023-10-05 13:42:04 - [MESSAGE][PASSED] - Alert is present after 5 second(s).

2023-10-05 13:42:04 - [TEST_STEP][PASSED] - acceptAlert(): Alert accepted

2023-10-05 13:42:04 - [MESSAGE][PASSED] - Alert accepted

2023-10-05 13:42:04 - [TEST_STEP][PASSED] - setText(findTestObject("admin/Penjualan ke konsumen/Search"), inv): Text 'TRX60.20231005134114' is set on object 'Object Repository/admin/Penjualan ke konsumen/Search'

2023-10-05 13:42:13 - [MESSAGE][PASSED] - Text 'TRX60.20231005134114' is set on object 'Object Repository/admin/Penjualan ke konsumen/Search'

2023-10-05 13:42:13 - [TEST_STEP][PASSED] - verifyTextNotPresent("pending payment", false): Text 'pending payment' is not present on page

2023-10-05 13:42:14 - [MESSAGE][PASSED] - Text 'pending payment' is not present on page

2023-10-05 13:42:14 - [TEST_STEP][PASSED] - return data: null

2023-10-05 13:42:14 - [MESSAGE][PASSED] - Call Test Case 'Test Cases/T13 Pembelian, Shipment dan Pembayaran/SA-002' successfully

2023-10-05 13:42:14 - [TEST_STEP][PASSED] - click(findTestObject("admin/Penjualan ke konsumen/buttom scroldown")): Object: 'Object Repository/admin/Penjualan ke konsumen/buttom scroldown' is clicked on

2023-10-05 13:42:14 - [MESSAGE][PASSED] - Object: 'Object Repository/admin/Penjualan ke konsumen/buttom scroldown' is clicked on

2023-10-05 13:42:14 - [TEST_STEP][PASSED] - click(findTestObject("admin/Penjualan ke konsumen/Proses"), CONTINUE_ON_FAILURE): Object: 'Object Repository/admin/Penjualan ke konsumen/Proses' is clicked on

2023-10-05 13:42:15 - [MESSAGE][PASSED] - Object: 'Object Repository/admin/Penjualan ke konsumen/Proses' is clicked on

2023-10-05 13:42:15 - [TEST_STEP][PASSED] - waitForAlert(5, OPTIONAL): Alert is present after 5 second(s).

2023-10-05 13:42:15 - [MESSAGE][PASSED] - Alert is present after 5 second(s).

2023-10-05 13:42:15 - [TEST_STEP][PASSED] - acceptAlert(): Alert accepted

2023-10-05 13:42:15 - [MESSAGE][PASSED] - Alert accepted

2023-10-05 13:42:15 - [TEST_STEP][PASSED] - inv = data.get("invoice"): null

2023-10-05 13:42:15 - [TEST_STEP][PASSED] - setText(findTestObject("admin/Penjualan ke konsumen/Search"), inv): Text 'TRX60.20231005134114' is set on object 'Object Repository/admin/Penjualan ke konsumen/Search'

2023-10-05 13:42:26 - [MESSAGE][PASSED] - Text 'TRX60.20231005134114' is set on object 'Object Repository/admin/Penjualan ke konsumen/Search'

2023-10-05 13:42:26 - [TEST_STEP][PASSED] - verifyElementText(findTestObject("PROSES PENJUALAN/Proses"), "Proses"): Actual text and expected text of test object 'Object Repository/PROSES PENJUALAN/Proses' are matched.

2023-10-05 13:42:26 - [MESSAGE][PASSED] - Actual text and expected text of test object 'Object Repository/PROSES PENJUALAN/Proses' are matched.

2023-10-05 13:42:26 - [TEST_STEP][PASSED] - prosesadmin = getText(findTestObject("PROSES PENJUALAN/Proses")): Text of object 'Object Repository/PROSES PENJUALAN/Proses' is: 'Proses'

2023-10-05 13:42:27 - [MESSAGE][PASSED] - Text of object 'Object Repository/PROSES PENJUALAN/Proses' is: 'Proses'

2023-10-05 13:42:27 - [TEST_STEP][PASSED] - data.put("statusAdmin", prosesadmin): null

2023-10-05 13:42:27 - [TEST_STEP][PASSED] - return data: null]]></system-out>
         <system-err><![CDATA[]]></system-err>
      </testcase>
      <testcase name="Test Cases/T13 Pembelian, Shipment dan Pembayaran/SA-004" time="115.839" classname="Test Cases/T13 Pembelian, Shipment dan Pembayaran/SA-004" status="PASSED">
         <system-out><![CDATA[2023-10-05 13:42:27 - [TEST_CASE][PASSED] - Test Cases/T13 Pembelian, Shipment dan Pembayaran/SA-004: Test Cases/T13 Pembelian, Shipment dan Pembayaran/SA-004

2023-10-05 13:42:27 - [TEST_STEP][PASSED] - data = callTestCase(findTestCase("T13 Pembelian, Shipment dan Pembayaran/SA-002"), [:], STOP_ON_FAILURE): Call Test Case 'Test Cases/T13 Pembelian, Shipment dan Pembayaran/SA-002' successfully

2023-10-05 13:42:27 - [TEST_CASE][PASSED] - Test Cases/T13 Pembelian, Shipment dan Pembayaran/SA-002: Test Cases/T13 Pembelian, Shipment dan Pembayaran/SA-002

2023-10-05 13:42:27 - [TEST_STEP][PASSED] - data = callTestCase(findTestCase("T13 Pembelian, Shipment dan Pembayaran/SA-001"), [:], STOP_ON_FAILURE): Call Test Case 'Test Cases/T13 Pembelian, Shipment dan Pembayaran/SA-001' successfully

2023-10-05 13:42:27 - [TEST_CASE][PASSED] - Test Cases/T13 Pembelian, Shipment dan Pembayaran/SA-001: Test Cases/T13 Pembelian, Shipment dan Pembayaran/SA-001

2023-10-05 13:42:27 - [TEST_STEP][PASSED] - data = callTestCase(findTestCase("T13 Pembelian, Shipment dan Pembayaran/PBYA-001"), [:], STOP_ON_FAILURE): Call Test Case 'Test Cases/T13 Pembelian, Shipment dan Pembayaran/PBYA-001' successfully

2023-10-05 13:42:27 - [TEST_CASE][PASSED] - Test Cases/T13 Pembelian, Shipment dan Pembayaran/PBYA-001: Test Cases/T13 Pembelian, Shipment dan Pembayaran/PBYA-001

2023-10-05 13:42:27 - [TEST_STEP][PASSED] - data = callTestCase(findTestCase("T13 Pembelian, Shipment dan Pembayaran/PBY-004"), [:], STOP_ON_FAILURE): Call Test Case 'Test Cases/T13 Pembelian, Shipment dan Pembayaran/PBY-004' successfully

2023-10-05 13:42:27 - [TEST_CASE][PASSED] - Test Cases/T13 Pembelian, Shipment dan Pembayaran/PBY-004: Test Cases/T13 Pembelian, Shipment dan Pembayaran/PBY-004

2023-10-05 13:42:27 - [TEST_STEP][PASSED] - data = callTestCase(findTestCase("T13 Pembelian, Shipment dan Pembayaran/PBY-001"), [:], STOP_ON_FAILURE): Call Test Case 'Test Cases/T13 Pembelian, Shipment dan Pembayaran/PBY-001' successfully

2023-10-05 13:42:27 - [TEST_CASE][PASSED] - Test Cases/T13 Pembelian, Shipment dan Pembayaran/PBY-001: Test Cases/T13 Pembelian, Shipment dan Pembayaran/PBY-001

2023-10-05 13:42:27 - [TEST_STEP][PASSED] - data = callTestCase(findTestCase("T13 Pembelian, Shipment dan Pembayaran/PBL-004"), ["Kurir":"Roda 2"], STOP_ON_FAILURE): Call Test Case 'Test Cases/T13 Pembelian, Shipment dan Pembayaran/PBL-004' successfully

2023-10-05 13:42:27 - [TEST_CASE][PASSED] - Test Cases/T13 Pembelian, Shipment dan Pembayaran/PBL-004: Test Cases/T13 Pembelian, Shipment dan Pembayaran/PBL-004

2023-10-05 13:42:27 - [TEST_STEP][PASSED] - data = callTestCase(findTestCase("T13 Pembelian, Shipment dan Pembayaran/PBL-002"), [:], STOP_ON_FAILURE): Call Test Case 'Test Cases/T13 Pembelian, Shipment dan Pembayaran/PBL-002' successfully

2023-10-05 13:42:27 - [TEST_CASE][PASSED] - Test Cases/T13 Pembelian, Shipment dan Pembayaran/PBL-002: Test Cases/T13 Pembelian, Shipment dan Pembayaran/PBL-002

2023-10-05 13:42:27 - [TEST_STEP][PASSED] - data = callTestCase(findTestCase("T13 Pembelian, Shipment dan Pembayaran/PBL-001"), [:], STOP_ON_FAILURE): Call Test Case 'Test Cases/T13 Pembelian, Shipment dan Pembayaran/PBL-001' successfully

2023-10-05 13:42:28 - [TEST_CASE][PASSED] - Test Cases/T13 Pembelian, Shipment dan Pembayaran/PBL-001: Test Cases/T13 Pembelian, Shipment dan Pembayaran/PBL-001

2023-10-05 13:42:28 - [TEST_STEP][PASSED] - callTestCase(findTestCase("T13 Pembelian, Shipment dan Pembayaran/LU-001"), ["username":"irfanafandi", "password":"12345irfan"], STOP_ON_FAILURE): Call Test Case 'Test Cases/T13 Pembelian, Shipment dan Pembayaran/LU-001' successfully

2023-10-05 13:42:28 - [TEST_CASE][PASSED] - Test Cases/T13 Pembelian, Shipment dan Pembayaran/LU-001: Test Cases/T13 Pembelian, Shipment dan Pembayaran/LU-001

2023-10-05 13:42:28 - [TEST_STEP][PASSED] - openBrowser("https://10.9.2.63/ecommerce/"): Browser is opened with url: 'https://10.9.2.63/ecommerce/'

2023-10-05 13:42:28 - [MESSAGE][WARNING] - A browser is already opened. Closing browser and opening a new one

2023-10-05 13:42:28 - [MESSAGE][INFO] - Starting 'Edge Chromium' driver

2023-10-05 13:42:28 - [MESSAGE][INFO] - User set preference: ['acceptInsecureCerts', 'true']

2023-10-05 13:42:31 - [MESSAGE][INFO] - Action delay is set to 0 milliseconds

2023-10-05 13:42:34 - [MESSAGE][PASSED] - Browser is opened with url: 'https://10.9.2.63/ecommerce/'

2023-10-05 13:42:34 - [TEST_STEP][PASSED] - maximizeWindow(): Current window maximized

2023-10-05 13:42:34 - [MESSAGE][PASSED] - Current window maximized

2023-10-05 13:42:34 - [TEST_STEP][PASSED] - verifyElementPresent(findTestObject("Login/Home"), 0): Object 'Object Repository/Login/Home' is present

2023-10-05 13:42:34 - [MESSAGE][WARNING] - Timeout '0' is invalid. Using default page load timeout: '30'

2023-10-05 13:42:35 - [MESSAGE][PASSED] - Object 'Object Repository/Login/Home' is present

2023-10-05 13:42:35 - [TEST_STEP][PASSED] - click(findTestObject("Login/a_Login")): Object: 'Object Repository/Login/a_Login' is clicked on

2023-10-05 13:42:35 - [MESSAGE][PASSED] - Object: 'Object Repository/Login/a_Login' is clicked on

2023-10-05 13:42:35 - [TEST_STEP][PASSED] - verifyElementPresent(findTestObject("Login/Tittle Login"), 0): Object 'Object Repository/Login/Tittle Login' is present

2023-10-05 13:42:35 - [MESSAGE][WARNING] - Timeout '0' is invalid. Using default page load timeout: '30'

2023-10-05 13:42:36 - [MESSAGE][PASSED] - Object 'Object Repository/Login/Tittle Login' is present

2023-10-05 13:42:36 - [TEST_STEP][PASSED] - setText(findTestObject("Login/input_Username, Email atau No. Handphone_a"), username): Text 'irfanafandi' is set on object 'Object Repository/Login/input_Username, Email atau No. Handphone_a'

2023-10-05 13:42:37 - [MESSAGE][PASSED] - Text 'irfanafandi' is set on object 'Object Repository/Login/input_Username, Email atau No. Handphone_a'

2023-10-05 13:42:37 - [TEST_STEP][PASSED] - setText(findTestObject("Login/input_Password_b"), password): Text '12345irfan' is set on object 'Object Repository/Login/input_Password_b'

2023-10-05 13:42:38 - [MESSAGE][PASSED] - Text '12345irfan' is set on object 'Object Repository/Login/input_Password_b'

2023-10-05 13:42:38 - [TEST_STEP][PASSED] - click(findTestObject("Login/label_Ingat saya")): Object: 'Object Repository/Login/label_Ingat saya' is clicked on

2023-10-05 13:42:38 - [MESSAGE][PASSED] - Object: 'Object Repository/Login/label_Ingat saya' is clicked on

2023-10-05 13:42:38 - [TEST_STEP][PASSED] - click(findTestObject("Login/button_Masuk")): Object: 'Object Repository/Login/button_Masuk' is clicked on

2023-10-05 13:42:40 - [MESSAGE][PASSED] - Object: 'Object Repository/Login/button_Masuk' is clicked on

2023-10-05 13:42:40 - [TEST_STEP][PASSED] - verifyElementPresent(findTestObject("Login/li_Profile"), 0): Object 'Object Repository/Login/li_Profile' is present

2023-10-05 13:42:40 - [MESSAGE][WARNING] - Timeout '0' is invalid. Using default page load timeout: '30'

2023-10-05 13:42:40 - [MESSAGE][PASSED] - Object 'Object Repository/Login/li_Profile' is present

2023-10-05 13:42:40 - [MESSAGE][PASSED] - Call Test Case 'Test Cases/T13 Pembelian, Shipment dan Pembayaran/LU-001' successfully

2023-10-05 13:42:40 - [TEST_STEP][PASSED] - mouseOver(findTestObject("beli barang/i_Mulai Belanja_icon-menu")): Object: 'Object Repository/beli barang/i_Mulai Belanja_icon-menu' is hovered

2023-10-05 13:42:41 - [MESSAGE][PASSED] - Object: 'Object Repository/beli barang/i_Mulai Belanja_icon-menu' is hovered

2023-10-05 13:42:41 - [TEST_STEP][PASSED] - click(findTestObject("beli barang/a_Fashion  Busana Wanita")): Object: 'Object Repository/beli barang/a_Fashion  Busana Wanita' is clicked on

2023-10-05 13:42:42 - [MESSAGE][PASSED] - Object: 'Object Repository/beli barang/a_Fashion  Busana Wanita' is clicked on

2023-10-05 13:42:42 - [TEST_STEP][PASSED] - NamaSebelum = getText(findTestObject("verifikasi/Nama sebelum")): Text of object 'Object Repository/verifikasi/Nama sebelum' is: ''

2023-10-05 13:42:43 - [MESSAGE][PASSED] - Text of object 'Object Repository/verifikasi/Nama sebelum' is: ''

2023-10-05 13:42:43 - [TEST_STEP][PASSED] - HargaSebelum = getText(findTestObject("verifikasi/Harga sebelum")): Text of object 'Object Repository/verifikasi/Harga sebelum' is: 'Rp 1,299'

2023-10-05 13:42:43 - [MESSAGE][PASSED] - Text of object 'Object Repository/verifikasi/Harga sebelum' is: 'Rp 1,299'

2023-10-05 13:42:43 - [TEST_STEP][PASSED] - mouseOver(findTestObject("beli barang/barang mouse over")): Object: 'Object Repository/beli barang/barang mouse over' is hovered

2023-10-05 13:42:44 - [MESSAGE][PASSED] - Object: 'Object Repository/beli barang/barang mouse over' is hovered

2023-10-05 13:42:44 - [TEST_STEP][PASSED] - click(findTestObject("beli barang/buttom add to cart")): Object: 'Object Repository/beli barang/buttom add to cart' is clicked on

2023-10-05 13:42:45 - [MESSAGE][PASSED] - Object: 'Object Repository/beli barang/buttom add to cart' is clicked on

2023-10-05 13:42:45 - [TEST_STEP][PASSED] - NamaSesudah = getText(findTestObject("verifikasi/Nama sesudah")): Text of object 'Object Repository/verifikasi/Nama sesudah' is: 'Segitiga Instan Madeira - MDB5.3 Sunset'

2023-10-05 13:42:46 - [MESSAGE][PASSED] - Text of object 'Object Repository/verifikasi/Nama sesudah' is: 'Segitiga Instan Madeira - MDB5.3 Sunset'

2023-10-05 13:42:46 - [TEST_STEP][PASSED] - HargaSesudah = getText(findTestObject("verifikasi/Harga sesudah")): Text of object 'Object Repository/verifikasi/Harga sesudah' is: 'Rp 1,299'

2023-10-05 13:42:46 - [MESSAGE][PASSED] - Text of object 'Object Repository/verifikasi/Harga sesudah' is: 'Rp 1,299'

2023-10-05 13:42:46 - [TEST_STEP][PASSED] - assert NamaSesudah.contains(NamaSebelum): null

2023-10-05 13:42:46 - [TEST_STEP][PASSED] - assert HargaSesudah.contains(HargaSebelum): null

2023-10-05 13:42:46 - [TEST_STEP][PASSED] - click(findTestObject("beli barang/Tambah Keranjang busana wanita")): Object: 'Object Repository/beli barang/Tambah Keranjang busana wanita' is clicked on

2023-10-05 13:42:47 - [MESSAGE][PASSED] - Object: 'Object Repository/beli barang/Tambah Keranjang busana wanita' is clicked on

2023-10-05 13:42:47 - [TEST_STEP][PASSED] - verifyElementPresent(findTestObject("checkout/Notifikasi keranjang"), 1): Object 'Object Repository/checkout/Notifikasi keranjang' is present

2023-10-05 13:42:47 - [MESSAGE][PASSED] - Object 'Object Repository/checkout/Notifikasi keranjang' is present

2023-10-05 13:42:47 - [TEST_STEP][PASSED] - data = new java.util.HashMap(): null

2023-10-05 13:42:47 - [TEST_STEP][PASSED] - data.put("nama_barang", NamaSesudah): null

2023-10-05 13:42:47 - [TEST_STEP][PASSED] - data.put("price_barang", HargaSesudah): null

2023-10-05 13:42:47 - [TEST_STEP][PASSED] - return data: null

2023-10-05 13:42:47 - [MESSAGE][PASSED] - Call Test Case 'Test Cases/T13 Pembelian, Shipment dan Pembayaran/PBL-001' successfully

2023-10-05 13:42:47 - [TEST_STEP][PASSED] - mouseOver(findTestObject("beli barang/keranjang")): Object: 'Object Repository/beli barang/keranjang' is hovered

2023-10-05 13:42:48 - [MESSAGE][PASSED] - Object: 'Object Repository/beli barang/keranjang' is hovered

2023-10-05 13:42:48 - [TEST_STEP][PASSED] - click(findTestObject("beli barang/Lihat Sekarang")): Object: 'Object Repository/beli barang/Lihat Sekarang' is clicked on

2023-10-05 13:42:49 - [MESSAGE][PASSED] - Object: 'Object Repository/beli barang/Lihat Sekarang' is clicked on

2023-10-05 13:42:49 - [TEST_STEP][PASSED] - verifyElementPresent(findTestObject("keranjang/li_Keranjang Belanja"), 0): Object 'Object Repository/keranjang/li_Keranjang Belanja' is present

2023-10-05 13:42:49 - [MESSAGE][WARNING] - Timeout '0' is invalid. Using default page load timeout: '30'

2023-10-05 13:42:50 - [MESSAGE][PASSED] - Object 'Object Repository/keranjang/li_Keranjang Belanja' is present

2023-10-05 13:42:50 - [TEST_STEP][PASSED] - NamaKeranjang = getText(findTestObject("verifikasi/Nama keranjang")): Text of object 'Object Repository/verifikasi/Nama keranjang' is: 'Segitiga Instan Madeira - MDB5.3 Sunset'

2023-10-05 13:42:51 - [MESSAGE][PASSED] - Text of object 'Object Repository/verifikasi/Nama keranjang' is: 'Segitiga Instan Madeira - MDB5.3 Sunset'

2023-10-05 13:42:51 - [TEST_STEP][PASSED] - HargaKeranjang = getText(findTestObject("verifikasi/Harga Keranjang")): Text of object 'Object Repository/verifikasi/Harga Keranjang' is: 'Rp 1,299'

2023-10-05 13:42:51 - [MESSAGE][PASSED] - Text of object 'Object Repository/verifikasi/Harga Keranjang' is: 'Rp 1,299'

2023-10-05 13:42:51 - [TEST_STEP][PASSED] - if (toString().equalsIgnoreCase("Merah")): Object 'Object Repository/keranjang/input_Warna_variasi101' is checked

2023-10-05 13:42:51 - [TEST_STEP][PASSED] - check(findTestObject("Object Repository/keranjang/input_Warna_variasi101")): Object 'Object Repository/keranjang/input_Warna_variasi101' is checked

2023-10-05 13:42:52 - [MESSAGE][PASSED] - Object 'Object Repository/keranjang/input_Warna_variasi101' is checked

2023-10-05 13:42:52 - [TEST_STEP][PASSED] - if (toString().equalsIgnoreCase("Menengah")): Object 'Object Repository/keranjang/input_Ukuran_variasi201' is checked

2023-10-05 13:42:52 - [TEST_STEP][PASSED] - check(findTestObject("Object Repository/keranjang/input_Ukuran_variasi201")): Object 'Object Repository/keranjang/input_Ukuran_variasi201' is checked

2023-10-05 13:42:52 - [MESSAGE][PASSED] - Object 'Object Repository/keranjang/input_Ukuran_variasi201' is checked

2023-10-05 13:42:52 - [TEST_STEP][PASSED] - data.put("Warna", warna): null

2023-10-05 13:42:52 - [TEST_STEP][PASSED] - data.put("Ukuran", ukuran): null

2023-10-05 13:42:52 - [TEST_STEP][PASSED] - click(findTestObject("keranjang/button_Lanjut ke Pembayaran")): Object: 'Object Repository/keranjang/button_Lanjut ke Pembayaran' is clicked on

2023-10-05 13:42:54 - [MESSAGE][PASSED] - Object: 'Object Repository/keranjang/button_Lanjut ke Pembayaran' is clicked on

2023-10-05 13:42:54 - [TEST_STEP][PASSED] - verifyElementPresent(findTestObject("checkout/Tittle Checkout Order"), 0): Object 'Object Repository/checkout/Tittle Checkout Order' is present

2023-10-05 13:42:54 - [MESSAGE][WARNING] - Timeout '0' is invalid. Using default page load timeout: '30'

2023-10-05 13:42:54 - [MESSAGE][PASSED] - Object 'Object Repository/checkout/Tittle Checkout Order' is present

2023-10-05 13:42:54 - [TEST_STEP][PASSED] - name_product = data.get("nama_barang"): null

2023-10-05 13:42:54 - [TEST_STEP][PASSED] - price_product = data.get("price_barang"): null

2023-10-05 13:42:54 - [TEST_STEP][PASSED] - assert name_product == NamaKeranjang: null

2023-10-05 13:42:54 - [TEST_STEP][PASSED] - assert price_product == HargaKeranjang: null

2023-10-05 13:42:54 - [TEST_STEP][PASSED] - return data: null

2023-10-05 13:42:54 - [MESSAGE][PASSED] - Call Test Case 'Test Cases/T13 Pembelian, Shipment dan Pembayaran/PBL-002' successfully

2023-10-05 13:42:54 - [TEST_STEP][PASSED] - warnaa = getText(findTestObject("verifikasi/warna Merah")): Text of object 'Object Repository/verifikasi/warna Merah' is: 'Merah'

2023-10-05 13:42:55 - [MESSAGE][PASSED] - Text of object 'Object Repository/verifikasi/warna Merah' is: 'Merah'

2023-10-05 13:42:55 - [TEST_STEP][PASSED] - ukurann = getText(findTestObject("verifikasi/Ukuran Menengah")): Text of object 'Object Repository/verifikasi/Ukuran Menengah' is: 'Menengah'

2023-10-05 13:42:55 - [MESSAGE][PASSED] - Text of object 'Object Repository/verifikasi/Ukuran Menengah' is: 'Menengah'

2023-10-05 13:42:55 - [TEST_STEP][PASSED] - warna1 = data.get("Warna"): null

2023-10-05 13:42:55 - [TEST_STEP][PASSED] - ukuran1 = data.get("Ukuran"): null

2023-10-05 13:42:55 - [TEST_STEP][PASSED] - assert warnaa == warna1: null

2023-10-05 13:42:55 - [TEST_STEP][PASSED] - assert ukurann == ukuran1: null

2023-10-05 13:42:55 - [TEST_STEP][PASSED] - NamaCheckout = getText(findTestObject("verifikasi/NamaCheckout")): Text of object 'Object Repository/verifikasi/NamaCheckout' is: ''

2023-10-05 13:42:55 - [MESSAGE][PASSED] - Text of object 'Object Repository/verifikasi/NamaCheckout' is: ''

2023-10-05 13:42:55 - [TEST_STEP][PASSED] - HargaCheckout = getText(findTestObject("verifikasi/HargaCheckout")): Text of object 'Object Repository/verifikasi/HargaCheckout' is: '1,299'

2023-10-05 13:42:56 - [MESSAGE][PASSED] - Text of object 'Object Repository/verifikasi/HargaCheckout' is: '1,299'

2023-10-05 13:42:56 - [TEST_STEP][PASSED] - name_product = data.get("nama_barang"): null

2023-10-05 13:42:56 - [TEST_STEP][PASSED] - price_product = data.get("price_barang"): null

2023-10-05 13:42:56 - [TEST_STEP][PASSED] - assert name_product.contains(NamaCheckout): null

2023-10-05 13:42:56 - [TEST_STEP][PASSED] - assert price_product.contains(HargaCheckout): null

2023-10-05 13:42:56 - [TEST_STEP][PASSED] - selectOptionByLabel(findTestObject("checkout/select - Kirim via Kurir Lokal"), Kurir, false): All options with label 'Roda 2' are selected in object 'Object Repository/checkout/select - Kirim via Kurir Lokal' 

2023-10-05 13:42:57 - [MESSAGE][PASSED] - All options with label 'Roda 2' are selected in object 'Object Repository/checkout/select - Kirim via Kurir Lokal' 

2023-10-05 13:42:57 - [TEST_STEP][PASSED] - click(findTestObject("checkout/Kendaraan Kurir")): Object: 'Object Repository/checkout/Kendaraan Kurir' is clicked on

2023-10-05 13:42:57 - [MESSAGE][PASSED] - Object: 'Object Repository/checkout/Kendaraan Kurir' is clicked on

2023-10-05 13:42:57 - [TEST_STEP][PASSED] - OngkosKirim = getText(findTestObject("Object Repository/verifikasi/Ongkos Kirim checkout")): Text of object 'Object Repository/verifikasi/Ongkos Kirim checkout' is: 'Rp. 5,000'

2023-10-05 13:42:58 - [MESSAGE][PASSED] - Text of object 'Object Repository/verifikasi/Ongkos Kirim checkout' is: 'Rp. 5,000'

2023-10-05 13:42:58 - [TEST_STEP][PASSED] - Ongkos = OngkosKirim.substring(3, OngkosKirim.size()): null

2023-10-05 13:42:58 - [TEST_STEP][PASSED] - rep = Ongkos.replace(",", "."): null

2023-10-05 13:42:58 - [TEST_STEP][PASSED] - Ongkos_kirim = Double.parseDouble(rep): null

2023-10-05 13:42:58 - [TEST_STEP][PASSED] - println(Ongkos_kirim): null

2023-10-05 13:42:58 - [TEST_STEP][PASSED] - FeeAdmin = getText(findTestObject("verifikasi/Fee Admin checkout")): Text of object 'Object Repository/verifikasi/Fee Admin checkout' is: 'Fee Admin
Rp 1,500'

2023-10-05 13:42:58 - [MESSAGE][PASSED] - Text of object 'Object Repository/verifikasi/Fee Admin checkout' is: 'Fee Admin
Rp 1,500'

2023-10-05 13:42:58 - [TEST_STEP][PASSED] - Fee_Admin = FeeAdmin.substring(12, FeeAdmin.size()): null

2023-10-05 13:42:58 - [TEST_STEP][PASSED] - fee = Fee_Admin.replace(",", "."): null

2023-10-05 13:42:58 - [TEST_STEP][PASSED] - fee_admin = Double.parseDouble(fee): null

2023-10-05 13:42:58 - [TEST_STEP][PASSED] - println(fee_admin): null

2023-10-05 13:42:58 - [TEST_STEP][PASSED] - Subtotal = getText(findTestObject("verifikasi/subtotal checkout")): Text of object 'Object Repository/verifikasi/subtotal checkout' is: 'Subtotal
Rp 1,299'

2023-10-05 13:42:59 - [MESSAGE][PASSED] - Text of object 'Object Repository/verifikasi/subtotal checkout' is: 'Subtotal
Rp 1,299'

2023-10-05 13:42:59 - [TEST_STEP][PASSED] - sub_total = Subtotal.substring(12, Subtotal.size()): null

2023-10-05 13:42:59 - [TEST_STEP][PASSED] - sub = sub_total.replace(",", "."): null

2023-10-05 13:42:59 - [TEST_STEP][PASSED] - sub_total = Double.parseDouble(sub): null

2023-10-05 13:42:59 - [TEST_STEP][PASSED] - println(sub_total): null

2023-10-05 13:42:59 - [TEST_STEP][PASSED] - Total = getText(findTestObject("verifikasi/Total checkout")): Text of object 'Object Repository/verifikasi/Total checkout' is: 'Rp 7,799'

2023-10-05 13:42:59 - [MESSAGE][PASSED] - Text of object 'Object Repository/verifikasi/Total checkout' is: 'Rp 7,799'

2023-10-05 13:42:59 - [TEST_STEP][PASSED] - totall = Total.substring(3, Total.size()): null

2023-10-05 13:42:59 - [TEST_STEP][PASSED] - total = totall.replace(",", "."): null

2023-10-05 13:42:59 - [TEST_STEP][PASSED] - totall = Double.parseDouble(total): null

2023-10-05 13:42:59 - [TEST_STEP][PASSED] - println(totall): null

2023-10-05 13:42:59 - [TEST_STEP][PASSED] - Total_Harga = Ongkos_kirim + fee_admin + sub_total: null

2023-10-05 13:42:59 - [TEST_STEP][PASSED] - println(Total_Harga): null

2023-10-05 13:42:59 - [TEST_STEP][PASSED] - TotalHarga = Math.round(Total_Harga * 1000) / 1000: null

2023-10-05 13:42:59 - [TEST_STEP][PASSED] - println(TotalHarga): null

2023-10-05 13:42:59 - [TEST_STEP][PASSED] - assert totall == TotalHarga: null

2023-10-05 13:42:59 - [TEST_STEP][PASSED] - click(findTestObject("verifikasi/Metode Transfer")): Object: 'Object Repository/verifikasi/Metode Transfer' is clicked on

2023-10-05 13:43:00 - [MESSAGE][PASSED] - Object: 'Object Repository/verifikasi/Metode Transfer' is clicked on

2023-10-05 13:43:00 - [TEST_STEP][PASSED] - click(findTestObject("checkout/button_Proses Pembayaran")): Object: 'Object Repository/checkout/button_Proses Pembayaran' is clicked on

2023-10-05 13:43:07 - [MESSAGE][PASSED] - Object: 'Object Repository/checkout/button_Proses Pembayaran' is clicked on

2023-10-05 13:43:07 - [TEST_STEP][PASSED] - verifyElementPresent(findTestObject("pembayaran/Tittle nomor invoice"), 0): Object 'Object Repository/pembayaran/Tittle nomor invoice' is present

2023-10-05 13:43:07 - [MESSAGE][WARNING] - Timeout '0' is invalid. Using default page load timeout: '30'

2023-10-05 13:43:08 - [MESSAGE][PASSED] - Object 'Object Repository/pembayaran/Tittle nomor invoice' is present

2023-10-05 13:43:08 - [TEST_STEP][PASSED] - return data: null

2023-10-05 13:43:08 - [MESSAGE][PASSED] - Call Test Case 'Test Cases/T13 Pembelian, Shipment dan Pembayaran/PBL-004' successfully

2023-10-05 13:43:08 - [TEST_STEP][PASSED] - Invoice = getText(findTestObject("pembayaran/nomor invoice")): Text of object 'Object Repository/pembayaran/nomor invoice' is: 'TRX60.20231005134304'

2023-10-05 13:43:09 - [MESSAGE][PASSED] - Text of object 'Object Repository/pembayaran/nomor invoice' is: 'TRX60.20231005134304'

2023-10-05 13:43:09 - [TEST_STEP][PASSED] - data.put("invoice", Invoice): null

2023-10-05 13:43:09 - [TEST_STEP][PASSED] - NamaPemesan = getText(findTestObject("Konfirmasi pesanan shop/Nama pemesan")): Text of object 'Object Repository/Konfirmasi pesanan shop/Nama pemesan' is: 'irfan.afandi'

2023-10-05 13:43:09 - [MESSAGE][PASSED] - Text of object 'Object Repository/Konfirmasi pesanan shop/Nama pemesan' is: 'irfan.afandi'

2023-10-05 13:43:09 - [TEST_STEP][PASSED] - Nama = getText(findTestObject("pembayaran/Nama barang")): Text of object 'Object Repository/pembayaran/Nama barang' is: 'Segitiga Instan Madeira - MDB5.3 Sunset'

2023-10-05 13:43:10 - [MESSAGE][PASSED] - Text of object 'Object Repository/pembayaran/Nama barang' is: 'Segitiga Instan Madeira - MDB5.3 Sunset'

2023-10-05 13:43:10 - [TEST_STEP][PASSED] - Harga = getText(findTestObject("pembayaran/Harga barang")): Text of object 'Object Repository/pembayaran/Harga barang' is: '1,299'

2023-10-05 13:43:10 - [MESSAGE][PASSED] - Text of object 'Object Repository/pembayaran/Harga barang' is: '1,299'

2023-10-05 13:43:10 - [TEST_STEP][PASSED] - name_product = data.get("nama_barang"): null

2023-10-05 13:43:10 - [TEST_STEP][PASSED] - price_product = data.get("price_barang"): null

2023-10-05 13:43:10 - [TEST_STEP][PASSED] - assert name_product.contains(Nama): null

2023-10-05 13:43:10 - [TEST_STEP][PASSED] - assert price_product.contains(Harga): null

2023-10-05 13:43:10 - [TEST_STEP][PASSED] - warnaa = getText(findTestObject("pembayaran/warna")): Text of object 'Object Repository/pembayaran/warna' is: 'Merah'

2023-10-05 13:43:11 - [MESSAGE][PASSED] - Text of object 'Object Repository/pembayaran/warna' is: 'Merah'

2023-10-05 13:43:11 - [TEST_STEP][PASSED] - ukurann = getText(findTestObject("pembayaran/ukuran")): Text of object 'Object Repository/pembayaran/ukuran' is: 'Menengah'

2023-10-05 13:43:11 - [MESSAGE][PASSED] - Text of object 'Object Repository/pembayaran/ukuran' is: 'Menengah'

2023-10-05 13:43:11 - [TEST_STEP][PASSED] - warna1 = data.get("Warna"): null

2023-10-05 13:43:11 - [TEST_STEP][PASSED] - ukuran1 = data.get("Ukuran"): null

2023-10-05 13:43:11 - [TEST_STEP][PASSED] - assert warnaa == warna1: null

2023-10-05 13:43:11 - [TEST_STEP][PASSED] - assert ukurann == ukuran1: null

2023-10-05 13:43:11 - [TEST_STEP][PASSED] - statusPembelian = getText(findTestObject("verifikasi/Status pending di pembelian")): Text of object 'Object Repository/verifikasi/Status pending di pembelian' is: 'Pending'

2023-10-05 13:43:12 - [MESSAGE][PASSED] - Text of object 'Object Repository/verifikasi/Status pending di pembelian' is: 'Pending'

2023-10-05 13:43:12 - [TEST_STEP][PASSED] - data.put("statusPem", statusPembelian): null

2023-10-05 13:43:12 - [TEST_STEP][PASSED] - OngkosKirim = getText(findTestObject("pembayaran/ongkos kirim")): Text of object 'Object Repository/pembayaran/ongkos kirim' is: 'Rp 5,000'

2023-10-05 13:43:12 - [MESSAGE][PASSED] - Text of object 'Object Repository/pembayaran/ongkos kirim' is: 'Rp 5,000'

2023-10-05 13:43:12 - [TEST_STEP][PASSED] - Ongkos = OngkosKirim.substring(3, OngkosKirim.size()): null

2023-10-05 13:43:12 - [TEST_STEP][PASSED] - rep = Ongkos.replace(",", ""): null

2023-10-05 13:43:12 - [TEST_STEP][PASSED] - Ongkos_kirimm = Integer.parseInt(rep): null

2023-10-05 13:43:12 - [TEST_STEP][PASSED] - println(Ongkos_kirimm): null

2023-10-05 13:43:12 - [TEST_STEP][PASSED] - FeeAdmin = getText(findTestObject("pembayaran/fee admin")): Text of object 'Object Repository/pembayaran/fee admin' is: 'Rp 1,500'

2023-10-05 13:43:13 - [MESSAGE][PASSED] - Text of object 'Object Repository/pembayaran/fee admin' is: 'Rp 1,500'

2023-10-05 13:43:13 - [TEST_STEP][PASSED] - Fee_Admin = FeeAdmin.substring(3, FeeAdmin.size()): null

2023-10-05 13:43:13 - [TEST_STEP][PASSED] - fee = Fee_Admin.replace(",", ""): null

2023-10-05 13:43:13 - [TEST_STEP][PASSED] - fee_adminn = Integer.parseInt(fee): null

2023-10-05 13:43:13 - [TEST_STEP][PASSED] - println(fee_adminn): null

2023-10-05 13:43:13 - [TEST_STEP][PASSED] - Subtotal = getText(findTestObject("pembayaran/subtotal")): Text of object 'Object Repository/pembayaran/subtotal' is: 'Rp 1,299'

2023-10-05 13:43:13 - [MESSAGE][PASSED] - Text of object 'Object Repository/pembayaran/subtotal' is: 'Rp 1,299'

2023-10-05 13:43:13 - [TEST_STEP][PASSED] - sub_total = Subtotal.substring(3, Subtotal.size()): null

2023-10-05 13:43:13 - [TEST_STEP][PASSED] - sub = sub_total.replace(",", ""): null

2023-10-05 13:43:13 - [TEST_STEP][PASSED] - sub_totall = Integer.parseInt(sub): null

2023-10-05 13:43:13 - [TEST_STEP][PASSED] - println(sub_totall): null

2023-10-05 13:43:13 - [TEST_STEP][PASSED] - unik = getText(findTestObject("pembayaran/kode unik")): Text of object 'Object Repository/pembayaran/kode unik' is: '+304'

2023-10-05 13:43:14 - [MESSAGE][PASSED] - Text of object 'Object Repository/pembayaran/kode unik' is: '+304'

2023-10-05 13:43:14 - [TEST_STEP][PASSED] - unikk = unik.replace("+", ""): null

2023-10-05 13:43:14 - [TEST_STEP][PASSED] - kode_unik = Integer.parseInt(unikk): null

2023-10-05 13:43:14 - [TEST_STEP][PASSED] - println(kode_unik): null

2023-10-05 13:43:14 - [TEST_STEP][PASSED] - Total = getText(findTestObject("pembayaran/total")): Text of object 'Object Repository/pembayaran/total' is: '8,103'

2023-10-05 13:43:14 - [MESSAGE][PASSED] - Text of object 'Object Repository/pembayaran/total' is: '8,103'

2023-10-05 13:43:14 - [TEST_STEP][PASSED] - total = Total.replace(",", ""): null

2023-10-05 13:43:14 - [TEST_STEP][PASSED] - totalll = Integer.parseInt(total): null

2023-10-05 13:43:14 - [TEST_STEP][PASSED] - println(totalll): null

2023-10-05 13:43:14 - [TEST_STEP][PASSED] - Total_Hargaa = Ongkos_kirimm + fee_adminn + sub_totall + kode_unik: null

2023-10-05 13:43:14 - [TEST_STEP][PASSED] - println(Total_Hargaa): null

2023-10-05 13:43:14 - [TEST_STEP][PASSED] - assert totalll == Total_Hargaa: null

2023-10-05 13:43:14 - [TEST_STEP][PASSED] - data.put("total", Total): null

2023-10-05 13:43:14 - [TEST_STEP][PASSED] - data.put("nama", NamaPemesan): null

2023-10-05 13:43:14 - [TEST_STEP][PASSED] - return data: null

2023-10-05 13:43:14 - [MESSAGE][PASSED] - Call Test Case 'Test Cases/T13 Pembelian, Shipment dan Pembayaran/PBY-001' successfully

2023-10-05 13:43:14 - [TEST_STEP][PASSED] - inv = data.get("invoice"): null

2023-10-05 13:43:14 - [TEST_STEP][PASSED] - Total = data.get("total"): null

2023-10-05 13:43:14 - [TEST_STEP][PASSED] - NamaPemesan = data.get("nama"): null

2023-10-05 13:43:14 - [TEST_STEP][PASSED] - click(findTestObject("Konfirmasi pesanan shop/Menu Shop")): Object: 'Object Repository/Konfirmasi pesanan shop/Menu Shop' is clicked on

2023-10-05 13:43:16 - [MESSAGE][PASSED] - Object: 'Object Repository/Konfirmasi pesanan shop/Menu Shop' is clicked on

2023-10-05 13:43:16 - [TEST_STEP][PASSED] - click(findTestObject("Konfirmasi pesanan shop/Menu Shop")): Object: 'Object Repository/Konfirmasi pesanan shop/Menu Shop' is clicked on

2023-10-05 13:43:16 - [MESSAGE][PASSED] - Object: 'Object Repository/Konfirmasi pesanan shop/Menu Shop' is clicked on

2023-10-05 13:43:16 - [TEST_STEP][PASSED] - click(findTestObject("Konfirmasi pesanan shop/Konfirmasi Orders")): Object: 'Object Repository/Konfirmasi pesanan shop/Konfirmasi Orders' is clicked on

2023-10-05 13:43:17 - [MESSAGE][PASSED] - Object: 'Object Repository/Konfirmasi pesanan shop/Konfirmasi Orders' is clicked on

2023-10-05 13:43:17 - [TEST_STEP][PASSED] - verifyElementPresent(findTestObject("Konfirmasi pesanan shop/Tittle Konfirmasi Pesanan"), 0): Object 'Object Repository/Konfirmasi pesanan shop/Tittle Konfirmasi Pesanan' is present

2023-10-05 13:43:17 - [MESSAGE][WARNING] - Timeout '0' is invalid. Using default page load timeout: '30'

2023-10-05 13:43:18 - [MESSAGE][PASSED] - Object 'Object Repository/Konfirmasi pesanan shop/Tittle Konfirmasi Pesanan' is present

2023-10-05 13:43:18 - [TEST_STEP][PASSED] - setText(findTestObject("Konfirmasi pesanan shop/input_No Pesanan"), inv): Text 'TRX60.20231005134304' is set on object 'Object Repository/Konfirmasi pesanan shop/input_No Pesanan'

2023-10-05 13:43:19 - [MESSAGE][PASSED] - Text 'TRX60.20231005134304' is set on object 'Object Repository/Konfirmasi pesanan shop/input_No Pesanan'

2023-10-05 13:43:19 - [TEST_STEP][PASSED] - setText(findTestObject("Konfirmasi pesanan shop/input_Alamat E-mai"), "irfan@gmail.com"): Text 'irfan@gmail.com' is set on object 'Object Repository/Konfirmasi pesanan shop/input_Alamat E-mai'

2023-10-05 13:43:20 - [MESSAGE][PASSED] - Text 'irfan@gmail.com' is set on object 'Object Repository/Konfirmasi pesanan shop/input_Alamat E-mai'

2023-10-05 13:43:20 - [TEST_STEP][PASSED] - click(findTestObject("Konfirmasi pesanan shop/button_Submit")): Object: 'Object Repository/Konfirmasi pesanan shop/button_Submit' is clicked on

2023-10-05 13:43:21 - [MESSAGE][PASSED] - Object: 'Object Repository/Konfirmasi pesanan shop/button_Submit' is clicked on

2023-10-05 13:43:21 - [TEST_STEP][PASSED] - verifyElementPresent(findTestObject("Konfirmasi pesanan shop/Tittle nomor invoice"), 0): Object 'Object Repository/Konfirmasi pesanan shop/Tittle nomor invoice' is present

2023-10-05 13:43:21 - [MESSAGE][WARNING] - Timeout '0' is invalid. Using default page load timeout: '30'

2023-10-05 13:43:22 - [MESSAGE][PASSED] - Object 'Object Repository/Konfirmasi pesanan shop/Tittle nomor invoice' is present

2023-10-05 13:43:22 - [TEST_STEP][PASSED] - setText(findTestObject("Konfirmasi pesanan shop/input_Total TagihanTransfer_b"), Total): Text '8,103' is set on object 'Object Repository/Konfirmasi pesanan shop/input_Total TagihanTransfer_b'

2023-10-05 13:43:23 - [MESSAGE][PASSED] - Text '8,103' is set on object 'Object Repository/Konfirmasi pesanan shop/input_Total TagihanTransfer_b'

2023-10-05 13:43:23 - [TEST_STEP][PASSED] - selectOptionByValue(findTestObject("Konfirmasi pesanan shop/select_Bank"), "4", false): All options with value '4' are selected in object 'Object Repository/Konfirmasi pesanan shop/select_Bank' 

2023-10-05 13:43:23 - [MESSAGE][PASSED] - All options with value '4' are selected in object 'Object Repository/Konfirmasi pesanan shop/select_Bank' 

2023-10-05 13:43:23 - [TEST_STEP][PASSED] - setText(findTestObject("Konfirmasi pesanan shop/input_Nama Pengirim_d"), NamaPemesan): Text 'irfan.afandi' is set on object 'Object Repository/Konfirmasi pesanan shop/input_Nama Pengirim_d'

2023-10-05 13:43:24 - [MESSAGE][PASSED] - Text 'irfan.afandi' is set on object 'Object Repository/Konfirmasi pesanan shop/input_Nama Pengirim_d'

2023-10-05 13:43:24 - [TEST_STEP][PASSED] - uploadFile(findTestObject("keranjang/konfirmasi/input_Upload Bukti Transfer_f"), "C:\Users\IRFAN\Downloads\Berkas2.pdf"): File 'C:\Users\IRFAN\Downloads\Berkas2.pdf' sent to object: 'Object Repository/keranjang/konfirmasi/input_Upload Bukti Transfer_f'

2023-10-05 13:43:25 - [MESSAGE][PASSED] - File 'C:\Users\IRFAN\Downloads\Berkas2.pdf' sent to object: 'Object Repository/keranjang/konfirmasi/input_Upload Bukti Transfer_f'

2023-10-05 13:43:25 - [TEST_STEP][PASSED] - click(findTestObject("Konfirmasi pesanan shop/button_Konfirmasi Pembayaran")): Object: 'Object Repository/Konfirmasi pesanan shop/button_Konfirmasi Pembayaran' is clicked on

2023-10-05 13:43:26 - [MESSAGE][PASSED] - Object: 'Object Repository/Konfirmasi pesanan shop/button_Konfirmasi Pembayaran' is clicked on

2023-10-05 13:43:26 - [TEST_STEP][PASSED] - verifyElementPresent(findTestObject("Konfirmasi pesanan shop/Tittle Konfirmasi Pesanan"), 0): Object 'Object Repository/Konfirmasi pesanan shop/Tittle Konfirmasi Pesanan' is present

2023-10-05 13:43:26 - [MESSAGE][WARNING] - Timeout '0' is invalid. Using default page load timeout: '30'

2023-10-05 13:43:27 - [MESSAGE][PASSED] - Object 'Object Repository/Konfirmasi pesanan shop/Tittle Konfirmasi Pesanan' is present

2023-10-05 13:43:27 - [TEST_STEP][PASSED] - verifyElementPresent(findTestObject("Konfirmasi pesanan shop/Tittle massage succes Konfirmasi Pembayaran Pesanan"), 0): Object 'Object Repository/Konfirmasi pesanan shop/Tittle massage succes Konfirmasi Pembayaran Pesanan' is present

2023-10-05 13:43:27 - [MESSAGE][WARNING] - Timeout '0' is invalid. Using default page load timeout: '30'

2023-10-05 13:43:27 - [MESSAGE][PASSED] - Object 'Object Repository/Konfirmasi pesanan shop/Tittle massage succes Konfirmasi Pembayaran Pesanan' is present

2023-10-05 13:43:27 - [TEST_STEP][PASSED] - return data: null

2023-10-05 13:43:27 - [MESSAGE][PASSED] - Call Test Case 'Test Cases/T13 Pembelian, Shipment dan Pembayaran/PBY-004' successfully

2023-10-05 13:43:27 - [TEST_STEP][PASSED] - navigateToUrl("https://10.9.2.63/ecommerce/administrator/"): Navigate to 'https://10.9.2.63/ecommerce/administrator/' successfully

2023-10-05 13:43:28 - [MESSAGE][PASSED] - Navigate to 'https://10.9.2.63/ecommerce/administrator/' successfully

2023-10-05 13:43:28 - [TEST_STEP][PASSED] - verifyElementPresent(findTestObject("admin/Tittle ADMIN Login"), 0): Object 'Object Repository/admin/Tittle ADMIN Login' is present

2023-10-05 13:43:28 - [MESSAGE][WARNING] - Timeout '0' is invalid. Using default page load timeout: '30'

2023-10-05 13:43:28 - [MESSAGE][PASSED] - Object 'Object Repository/admin/Tittle ADMIN Login' is present

2023-10-05 13:43:28 - [TEST_STEP][PASSED] - setText(findTestObject("admin/Username"), "admin"): Text 'admin' is set on object 'Object Repository/admin/Username'

2023-10-05 13:43:29 - [MESSAGE][PASSED] - Text 'admin' is set on object 'Object Repository/admin/Username'

2023-10-05 13:43:29 - [TEST_STEP][PASSED] - setText(findTestObject("admin/Password"), "123admin123"): Text '123admin123' is set on object 'Object Repository/admin/Password'

2023-10-05 13:43:30 - [MESSAGE][PASSED] - Text '123admin123' is set on object 'Object Repository/admin/Password'

2023-10-05 13:43:30 - [TEST_STEP][PASSED] - click(findTestObject("admin/Remember Me")): Object: 'Object Repository/admin/Remember Me' is clicked on

2023-10-05 13:43:30 - [MESSAGE][PASSED] - Object: 'Object Repository/admin/Remember Me' is clicked on

2023-10-05 13:43:30 - [TEST_STEP][PASSED] - delay(10): Delayed 10 second(s)

2023-10-05 13:43:40 - [MESSAGE][PASSED] - Delayed 10 second(s)

2023-10-05 13:43:40 - [TEST_STEP][PASSED] - click(findTestObject("admin/buttom submit")): Object: 'Object Repository/admin/buttom submit' is clicked on

2023-10-05 13:43:42 - [MESSAGE][PASSED] - Object: 'Object Repository/admin/buttom submit' is clicked on

2023-10-05 13:43:42 - [TEST_STEP][PASSED] - verifyElementPresent(findTestObject("admin/Konf order konsumen/Tittle Dashboard"), 0): Object 'Object Repository/admin/Konf order konsumen/Tittle Dashboard' is present

2023-10-05 13:43:42 - [MESSAGE][WARNING] - Timeout '0' is invalid. Using default page load timeout: '30'

2023-10-05 13:43:42 - [MESSAGE][PASSED] - Object 'Object Repository/admin/Konf order konsumen/Tittle Dashboard' is present

2023-10-05 13:43:42 - [TEST_STEP][PASSED] - click(findTestObject("admin/Konf order konsumen/Menu Transaksi Market")): Object: 'Object Repository/admin/Konf order konsumen/Menu Transaksi Market' is clicked on

2023-10-05 13:43:43 - [MESSAGE][PASSED] - Object: 'Object Repository/admin/Konf order konsumen/Menu Transaksi Market' is clicked on

2023-10-05 13:43:43 - [TEST_STEP][PASSED] - click(findTestObject("admin/Konf order konsumen/Menu Konf. Order Konsumen")): Object: 'Object Repository/admin/Konf order konsumen/Menu Konf. Order Konsumen' is clicked on

2023-10-05 13:43:44 - [MESSAGE][PASSED] - Object: 'Object Repository/admin/Konf order konsumen/Menu Konf. Order Konsumen' is clicked on

2023-10-05 13:43:44 - [TEST_STEP][PASSED] - verifyElementPresent(findTestObject("admin/Konf order konsumen/Tittle Data Konfirmasi Pembayaran Konsumen"), 0): Object 'Object Repository/admin/Konf order konsumen/Tittle Data Konfirmasi Pembayaran Konsumen' is present

2023-10-05 13:43:44 - [MESSAGE][WARNING] - Timeout '0' is invalid. Using default page load timeout: '30'

2023-10-05 13:43:45 - [MESSAGE][PASSED] - Object 'Object Repository/admin/Konf order konsumen/Tittle Data Konfirmasi Pembayaran Konsumen' is present

2023-10-05 13:43:45 - [TEST_STEP][PASSED] - inv = data.get("invoice"): null

2023-10-05 13:43:45 - [TEST_STEP][PASSED] - setText(findTestObject("admin/Konf order konsumen/Search"), inv): Text 'TRX60.20231005134304' is set on object 'Object Repository/admin/Konf order konsumen/Search'

2023-10-05 13:43:46 - [MESSAGE][PASSED] - Text 'TRX60.20231005134304' is set on object 'Object Repository/admin/Konf order konsumen/Search'

2023-10-05 13:43:46 - [TEST_STEP][PASSED] - verifyElementText(findTestObject("admin/Konf order konsumen/Keterangan Lunas"), "Lunas"): Actual text and expected text of test object 'Object Repository/admin/Konf order konsumen/Keterangan Lunas' are matched.

2023-10-05 13:43:46 - [MESSAGE][PASSED] - Actual text and expected text of test object 'Object Repository/admin/Konf order konsumen/Keterangan Lunas' are matched.

2023-10-05 13:43:46 - [TEST_STEP][PASSED] - return data: null

2023-10-05 13:43:46 - [MESSAGE][PASSED] - Call Test Case 'Test Cases/T13 Pembelian, Shipment dan Pembayaran/PBYA-001' successfully

2023-10-05 13:43:46 - [TEST_STEP][PASSED] - click(findTestObject("admin/Penjualan ke konsumen/buttom Dashboard")): Object: 'Object Repository/admin/Penjualan ke konsumen/buttom Dashboard' is clicked on

2023-10-05 13:43:47 - [MESSAGE][PASSED] - Object: 'Object Repository/admin/Penjualan ke konsumen/buttom Dashboard' is clicked on

2023-10-05 13:43:47 - [TEST_STEP][PASSED] - click(findTestObject("admin/Konf order konsumen/Menu Transaksi Market")): Object: 'Object Repository/admin/Konf order konsumen/Menu Transaksi Market' is clicked on

2023-10-05 13:43:48 - [MESSAGE][PASSED] - Object: 'Object Repository/admin/Konf order konsumen/Menu Transaksi Market' is clicked on

2023-10-05 13:43:48 - [TEST_STEP][PASSED] - click(findTestObject("admin/Penjualan ke konsumen/a_Penjualan ke Konsumen")): Object: 'Object Repository/admin/Penjualan ke konsumen/a_Penjualan ke Konsumen' is clicked on

2023-10-05 13:43:51 - [MESSAGE][PASSED] - Object: 'Object Repository/admin/Penjualan ke konsumen/a_Penjualan ke Konsumen' is clicked on

2023-10-05 13:43:51 - [TEST_STEP][PASSED] - verifyElementPresent(findTestObject("admin/Tittle Data Transaksi Penjualan  Orderan Konsumen"), 0): Object 'Object Repository/admin/Tittle Data Transaksi Penjualan  Orderan Konsumen' is present

2023-10-05 13:43:51 - [MESSAGE][WARNING] - Timeout '0' is invalid. Using default page load timeout: '30'

2023-10-05 13:43:51 - [MESSAGE][PASSED] - Object 'Object Repository/admin/Tittle Data Transaksi Penjualan  Orderan Konsumen' is present

2023-10-05 13:43:51 - [TEST_STEP][PASSED] - return data: null

2023-10-05 13:43:51 - [MESSAGE][PASSED] - Call Test Case 'Test Cases/T13 Pembelian, Shipment dan Pembayaran/SA-001' successfully

2023-10-05 13:43:51 - [TEST_STEP][PASSED] - inv = data.get("invoice"): null

2023-10-05 13:43:51 - [TEST_STEP][PASSED] - setText(findTestObject("admin/Penjualan ke konsumen/Search"), inv): Text 'TRX60.20231005134304' is set on object 'Object Repository/admin/Penjualan ke konsumen/Search'

2023-10-05 13:43:52 - [MESSAGE][PASSED] - Text 'TRX60.20231005134304' is set on object 'Object Repository/admin/Penjualan ke konsumen/Search'

2023-10-05 13:43:52 - [TEST_STEP][PASSED] - click(findTestObject("admin/Penjualan ke konsumen/buttom konfirmasi pending payment"), CONTINUE_ON_FAILURE): Object: 'Object Repository/admin/Penjualan ke konsumen/buttom konfirmasi pending payment' is clicked on

2023-10-05 13:43:53 - [MESSAGE][PASSED] - Object: 'Object Repository/admin/Penjualan ke konsumen/buttom konfirmasi pending payment' is clicked on

2023-10-05 13:43:53 - [TEST_STEP][PASSED] - waitForAlert(5, OPTIONAL): Alert is present after 5 second(s).

2023-10-05 13:43:53 - [MESSAGE][PASSED] - Alert is present after 5 second(s).

2023-10-05 13:43:53 - [TEST_STEP][PASSED] - acceptAlert(): Alert accepted

2023-10-05 13:43:53 - [MESSAGE][PASSED] - Alert accepted

2023-10-05 13:43:53 - [TEST_STEP][PASSED] - setText(findTestObject("admin/Penjualan ke konsumen/Search"), inv): Text 'TRX60.20231005134304' is set on object 'Object Repository/admin/Penjualan ke konsumen/Search'

2023-10-05 13:44:02 - [MESSAGE][PASSED] - Text 'TRX60.20231005134304' is set on object 'Object Repository/admin/Penjualan ke konsumen/Search'

2023-10-05 13:44:02 - [TEST_STEP][PASSED] - verifyTextNotPresent("pending payment", false): Text 'pending payment' is not present on page

2023-10-05 13:44:02 - [MESSAGE][PASSED] - Text 'pending payment' is not present on page

2023-10-05 13:44:02 - [TEST_STEP][PASSED] - return data: null

2023-10-05 13:44:02 - [MESSAGE][PASSED] - Call Test Case 'Test Cases/T13 Pembelian, Shipment dan Pembayaran/SA-002' successfully

2023-10-05 13:44:02 - [TEST_STEP][PASSED] - click(findTestObject("admin/Penjualan ke konsumen/buttom scroldown")): Object: 'Object Repository/admin/Penjualan ke konsumen/buttom scroldown' is clicked on

2023-10-05 13:44:03 - [MESSAGE][PASSED] - Object: 'Object Repository/admin/Penjualan ke konsumen/buttom scroldown' is clicked on

2023-10-05 13:44:03 - [TEST_STEP][PASSED] - click(findTestObject("admin/Penjualan ke konsumen/Dikirim"), CONTINUE_ON_FAILURE): Object: 'Object Repository/admin/Penjualan ke konsumen/Dikirim' is clicked on

2023-10-05 13:44:03 - [MESSAGE][PASSED] - Object: 'Object Repository/admin/Penjualan ke konsumen/Dikirim' is clicked on

2023-10-05 13:44:03 - [TEST_STEP][PASSED] - waitForAlert(5, OPTIONAL): Alert is present after 5 second(s).

2023-10-05 13:44:03 - [MESSAGE][PASSED] - Alert is present after 5 second(s).

2023-10-05 13:44:03 - [TEST_STEP][PASSED] - acceptAlert(): Alert accepted

2023-10-05 13:44:03 - [MESSAGE][PASSED] - Alert accepted

2023-10-05 13:44:03 - [TEST_STEP][PASSED] - inv = data.get("invoice"): null

2023-10-05 13:44:03 - [TEST_STEP][PASSED] - setText(findTestObject("admin/Penjualan ke konsumen/Search"), inv): Text 'TRX60.20231005134304' is set on object 'Object Repository/admin/Penjualan ke konsumen/Search'

2023-10-05 13:44:12 - [MESSAGE][PASSED] - Text 'TRX60.20231005134304' is set on object 'Object Repository/admin/Penjualan ke konsumen/Search'

2023-10-05 13:44:12 - [TEST_STEP][PASSED] - delay(10): Delayed 10 second(s)

2023-10-05 13:44:22 - [MESSAGE][PASSED] - Delayed 10 second(s)

2023-10-05 13:44:22 - [TEST_STEP][PASSED] - verifyElementText(findTestObject("PROSES PENJUALAN/Dikirim"), "Dikirim"): Actual text and expected text of test object 'Object Repository/PROSES PENJUALAN/Dikirim' are matched.

2023-10-05 13:44:22 - [MESSAGE][PASSED] - Actual text and expected text of test object 'Object Repository/PROSES PENJUALAN/Dikirim' are matched.

2023-10-05 13:44:22 - [TEST_STEP][PASSED] - dikirim = getText(findTestObject("PROSES PENJUALAN/Dikirim")): Text of object 'Object Repository/PROSES PENJUALAN/Dikirim' is: 'Dikirim'

2023-10-05 13:44:23 - [MESSAGE][PASSED] - Text of object 'Object Repository/PROSES PENJUALAN/Dikirim' is: 'Dikirim'

2023-10-05 13:44:23 - [TEST_STEP][PASSED] - data.put("statuskirim", dikirim): null

2023-10-05 13:44:23 - [TEST_STEP][PASSED] - return data: null]]></system-out>
         <system-err><![CDATA[]]></system-err>
      </testcase>
      <testcase name="Test Cases/T13 Pembelian, Shipment dan Pembayaran/SA-005" time="102.751" classname="Test Cases/T13 Pembelian, Shipment dan Pembayaran/SA-005" status="PASSED">
         <system-out><![CDATA[2023-10-05 13:44:23 - [TEST_CASE][PASSED] - Test Cases/T13 Pembelian, Shipment dan Pembayaran/SA-005: Test Cases/T13 Pembelian, Shipment dan Pembayaran/SA-005

2023-10-05 13:44:23 - [TEST_STEP][PASSED] - data = callTestCase(findTestCase("T13 Pembelian, Shipment dan Pembayaran/SA-002"), [:], STOP_ON_FAILURE): Call Test Case 'Test Cases/T13 Pembelian, Shipment dan Pembayaran/SA-002' successfully

2023-10-05 13:44:23 - [TEST_CASE][PASSED] - Test Cases/T13 Pembelian, Shipment dan Pembayaran/SA-002: Test Cases/T13 Pembelian, Shipment dan Pembayaran/SA-002

2023-10-05 13:44:23 - [TEST_STEP][PASSED] - data = callTestCase(findTestCase("T13 Pembelian, Shipment dan Pembayaran/SA-001"), [:], STOP_ON_FAILURE): Call Test Case 'Test Cases/T13 Pembelian, Shipment dan Pembayaran/SA-001' successfully

2023-10-05 13:44:23 - [TEST_CASE][PASSED] - Test Cases/T13 Pembelian, Shipment dan Pembayaran/SA-001: Test Cases/T13 Pembelian, Shipment dan Pembayaran/SA-001

2023-10-05 13:44:23 - [TEST_STEP][PASSED] - data = callTestCase(findTestCase("T13 Pembelian, Shipment dan Pembayaran/PBYA-001"), [:], STOP_ON_FAILURE): Call Test Case 'Test Cases/T13 Pembelian, Shipment dan Pembayaran/PBYA-001' successfully

2023-10-05 13:44:23 - [TEST_CASE][PASSED] - Test Cases/T13 Pembelian, Shipment dan Pembayaran/PBYA-001: Test Cases/T13 Pembelian, Shipment dan Pembayaran/PBYA-001

2023-10-05 13:44:23 - [TEST_STEP][PASSED] - data = callTestCase(findTestCase("T13 Pembelian, Shipment dan Pembayaran/PBY-004"), [:], STOP_ON_FAILURE): Call Test Case 'Test Cases/T13 Pembelian, Shipment dan Pembayaran/PBY-004' successfully

2023-10-05 13:44:23 - [TEST_CASE][PASSED] - Test Cases/T13 Pembelian, Shipment dan Pembayaran/PBY-004: Test Cases/T13 Pembelian, Shipment dan Pembayaran/PBY-004

2023-10-05 13:44:23 - [TEST_STEP][PASSED] - data = callTestCase(findTestCase("T13 Pembelian, Shipment dan Pembayaran/PBY-001"), [:], STOP_ON_FAILURE): Call Test Case 'Test Cases/T13 Pembelian, Shipment dan Pembayaran/PBY-001' successfully

2023-10-05 13:44:23 - [TEST_CASE][PASSED] - Test Cases/T13 Pembelian, Shipment dan Pembayaran/PBY-001: Test Cases/T13 Pembelian, Shipment dan Pembayaran/PBY-001

2023-10-05 13:44:23 - [TEST_STEP][PASSED] - data = callTestCase(findTestCase("T13 Pembelian, Shipment dan Pembayaran/PBL-004"), ["Kurir":"Roda 2"], STOP_ON_FAILURE): Call Test Case 'Test Cases/T13 Pembelian, Shipment dan Pembayaran/PBL-004' successfully

2023-10-05 13:44:23 - [TEST_CASE][PASSED] - Test Cases/T13 Pembelian, Shipment dan Pembayaran/PBL-004: Test Cases/T13 Pembelian, Shipment dan Pembayaran/PBL-004

2023-10-05 13:44:23 - [TEST_STEP][PASSED] - data = callTestCase(findTestCase("T13 Pembelian, Shipment dan Pembayaran/PBL-002"), [:], STOP_ON_FAILURE): Call Test Case 'Test Cases/T13 Pembelian, Shipment dan Pembayaran/PBL-002' successfully

2023-10-05 13:44:23 - [TEST_CASE][PASSED] - Test Cases/T13 Pembelian, Shipment dan Pembayaran/PBL-002: Test Cases/T13 Pembelian, Shipment dan Pembayaran/PBL-002

2023-10-05 13:44:23 - [TEST_STEP][PASSED] - data = callTestCase(findTestCase("T13 Pembelian, Shipment dan Pembayaran/PBL-001"), [:], STOP_ON_FAILURE): Call Test Case 'Test Cases/T13 Pembelian, Shipment dan Pembayaran/PBL-001' successfully

2023-10-05 13:44:23 - [TEST_CASE][PASSED] - Test Cases/T13 Pembelian, Shipment dan Pembayaran/PBL-001: Test Cases/T13 Pembelian, Shipment dan Pembayaran/PBL-001

2023-10-05 13:44:23 - [TEST_STEP][PASSED] - callTestCase(findTestCase("T13 Pembelian, Shipment dan Pembayaran/LU-001"), ["username":"irfanafandi", "password":"12345irfan"], STOP_ON_FAILURE): Call Test Case 'Test Cases/T13 Pembelian, Shipment dan Pembayaran/LU-001' successfully

2023-10-05 13:44:23 - [TEST_CASE][PASSED] - Test Cases/T13 Pembelian, Shipment dan Pembayaran/LU-001: Test Cases/T13 Pembelian, Shipment dan Pembayaran/LU-001

2023-10-05 13:44:23 - [TEST_STEP][PASSED] - openBrowser("https://10.9.2.63/ecommerce/"): Browser is opened with url: 'https://10.9.2.63/ecommerce/'

2023-10-05 13:44:23 - [MESSAGE][WARNING] - A browser is already opened. Closing browser and opening a new one

2023-10-05 13:44:24 - [MESSAGE][INFO] - Starting 'Edge Chromium' driver

2023-10-05 13:44:24 - [MESSAGE][INFO] - User set preference: ['acceptInsecureCerts', 'true']

2023-10-05 13:44:26 - [MESSAGE][INFO] - Action delay is set to 0 milliseconds

2023-10-05 13:44:30 - [MESSAGE][PASSED] - Browser is opened with url: 'https://10.9.2.63/ecommerce/'

2023-10-05 13:44:30 - [TEST_STEP][PASSED] - maximizeWindow(): Current window maximized

2023-10-05 13:44:30 - [MESSAGE][PASSED] - Current window maximized

2023-10-05 13:44:30 - [TEST_STEP][PASSED] - verifyElementPresent(findTestObject("Login/Home"), 0): Object 'Object Repository/Login/Home' is present

2023-10-05 13:44:30 - [MESSAGE][WARNING] - Timeout '0' is invalid. Using default page load timeout: '30'

2023-10-05 13:44:31 - [MESSAGE][PASSED] - Object 'Object Repository/Login/Home' is present

2023-10-05 13:44:31 - [TEST_STEP][PASSED] - click(findTestObject("Login/a_Login")): Object: 'Object Repository/Login/a_Login' is clicked on

2023-10-05 13:44:31 - [MESSAGE][PASSED] - Object: 'Object Repository/Login/a_Login' is clicked on

2023-10-05 13:44:31 - [TEST_STEP][PASSED] - verifyElementPresent(findTestObject("Login/Tittle Login"), 0): Object 'Object Repository/Login/Tittle Login' is present

2023-10-05 13:44:31 - [MESSAGE][WARNING] - Timeout '0' is invalid. Using default page load timeout: '30'

2023-10-05 13:44:32 - [MESSAGE][PASSED] - Object 'Object Repository/Login/Tittle Login' is present

2023-10-05 13:44:32 - [TEST_STEP][PASSED] - setText(findTestObject("Login/input_Username, Email atau No. Handphone_a"), username): Text 'irfanafandi' is set on object 'Object Repository/Login/input_Username, Email atau No. Handphone_a'

2023-10-05 13:44:33 - [MESSAGE][PASSED] - Text 'irfanafandi' is set on object 'Object Repository/Login/input_Username, Email atau No. Handphone_a'

2023-10-05 13:44:33 - [TEST_STEP][PASSED] - setText(findTestObject("Login/input_Password_b"), password): Text '12345irfan' is set on object 'Object Repository/Login/input_Password_b'

2023-10-05 13:44:34 - [MESSAGE][PASSED] - Text '12345irfan' is set on object 'Object Repository/Login/input_Password_b'

2023-10-05 13:44:34 - [TEST_STEP][PASSED] - click(findTestObject("Login/label_Ingat saya")): Object: 'Object Repository/Login/label_Ingat saya' is clicked on

2023-10-05 13:44:34 - [MESSAGE][PASSED] - Object: 'Object Repository/Login/label_Ingat saya' is clicked on

2023-10-05 13:44:34 - [TEST_STEP][PASSED] - click(findTestObject("Login/button_Masuk")): Object: 'Object Repository/Login/button_Masuk' is clicked on

2023-10-05 13:44:36 - [MESSAGE][PASSED] - Object: 'Object Repository/Login/button_Masuk' is clicked on

2023-10-05 13:44:36 - [TEST_STEP][PASSED] - verifyElementPresent(findTestObject("Login/li_Profile"), 0): Object 'Object Repository/Login/li_Profile' is present

2023-10-05 13:44:36 - [MESSAGE][WARNING] - Timeout '0' is invalid. Using default page load timeout: '30'

2023-10-05 13:44:36 - [MESSAGE][PASSED] - Object 'Object Repository/Login/li_Profile' is present

2023-10-05 13:44:36 - [MESSAGE][PASSED] - Call Test Case 'Test Cases/T13 Pembelian, Shipment dan Pembayaran/LU-001' successfully

2023-10-05 13:44:36 - [TEST_STEP][PASSED] - mouseOver(findTestObject("beli barang/i_Mulai Belanja_icon-menu")): Object: 'Object Repository/beli barang/i_Mulai Belanja_icon-menu' is hovered

2023-10-05 13:44:37 - [MESSAGE][PASSED] - Object: 'Object Repository/beli barang/i_Mulai Belanja_icon-menu' is hovered

2023-10-05 13:44:37 - [TEST_STEP][PASSED] - click(findTestObject("beli barang/a_Fashion  Busana Wanita")): Object: 'Object Repository/beli barang/a_Fashion  Busana Wanita' is clicked on

2023-10-05 13:44:38 - [MESSAGE][PASSED] - Object: 'Object Repository/beli barang/a_Fashion  Busana Wanita' is clicked on

2023-10-05 13:44:38 - [TEST_STEP][PASSED] - NamaSebelum = getText(findTestObject("verifikasi/Nama sebelum")): Text of object 'Object Repository/verifikasi/Nama sebelum' is: ''

2023-10-05 13:44:39 - [MESSAGE][PASSED] - Text of object 'Object Repository/verifikasi/Nama sebelum' is: ''

2023-10-05 13:44:39 - [TEST_STEP][PASSED] - HargaSebelum = getText(findTestObject("verifikasi/Harga sebelum")): Text of object 'Object Repository/verifikasi/Harga sebelum' is: 'Rp 1,299'

2023-10-05 13:44:39 - [MESSAGE][PASSED] - Text of object 'Object Repository/verifikasi/Harga sebelum' is: 'Rp 1,299'

2023-10-05 13:44:39 - [TEST_STEP][PASSED] - mouseOver(findTestObject("beli barang/barang mouse over")): Object: 'Object Repository/beli barang/barang mouse over' is hovered

2023-10-05 13:44:40 - [MESSAGE][PASSED] - Object: 'Object Repository/beli barang/barang mouse over' is hovered

2023-10-05 13:44:40 - [TEST_STEP][PASSED] - click(findTestObject("beli barang/buttom add to cart")): Object: 'Object Repository/beli barang/buttom add to cart' is clicked on

2023-10-05 13:44:41 - [MESSAGE][PASSED] - Object: 'Object Repository/beli barang/buttom add to cart' is clicked on

2023-10-05 13:44:41 - [TEST_STEP][PASSED] - NamaSesudah = getText(findTestObject("verifikasi/Nama sesudah")): Text of object 'Object Repository/verifikasi/Nama sesudah' is: 'Segitiga Instan Madeira - MDB5.3 Sunset'

2023-10-05 13:44:42 - [MESSAGE][PASSED] - Text of object 'Object Repository/verifikasi/Nama sesudah' is: 'Segitiga Instan Madeira - MDB5.3 Sunset'

2023-10-05 13:44:42 - [TEST_STEP][PASSED] - HargaSesudah = getText(findTestObject("verifikasi/Harga sesudah")): Text of object 'Object Repository/verifikasi/Harga sesudah' is: 'Rp 1,299'

2023-10-05 13:44:42 - [MESSAGE][PASSED] - Text of object 'Object Repository/verifikasi/Harga sesudah' is: 'Rp 1,299'

2023-10-05 13:44:42 - [TEST_STEP][PASSED] - assert NamaSesudah.contains(NamaSebelum): null

2023-10-05 13:44:42 - [TEST_STEP][PASSED] - assert HargaSesudah.contains(HargaSebelum): null

2023-10-05 13:44:42 - [TEST_STEP][PASSED] - click(findTestObject("beli barang/Tambah Keranjang busana wanita")): Object: 'Object Repository/beli barang/Tambah Keranjang busana wanita' is clicked on

2023-10-05 13:44:43 - [MESSAGE][PASSED] - Object: 'Object Repository/beli barang/Tambah Keranjang busana wanita' is clicked on

2023-10-05 13:44:43 - [TEST_STEP][PASSED] - verifyElementPresent(findTestObject("checkout/Notifikasi keranjang"), 1): Object 'Object Repository/checkout/Notifikasi keranjang' is present

2023-10-05 13:44:44 - [MESSAGE][PASSED] - Object 'Object Repository/checkout/Notifikasi keranjang' is present

2023-10-05 13:44:44 - [TEST_STEP][PASSED] - data = new java.util.HashMap(): null

2023-10-05 13:44:44 - [TEST_STEP][PASSED] - data.put("nama_barang", NamaSesudah): null

2023-10-05 13:44:44 - [TEST_STEP][PASSED] - data.put("price_barang", HargaSesudah): null

2023-10-05 13:44:44 - [TEST_STEP][PASSED] - return data: null

2023-10-05 13:44:44 - [MESSAGE][PASSED] - Call Test Case 'Test Cases/T13 Pembelian, Shipment dan Pembayaran/PBL-001' successfully

2023-10-05 13:44:44 - [TEST_STEP][PASSED] - mouseOver(findTestObject("beli barang/keranjang")): Object: 'Object Repository/beli barang/keranjang' is hovered

2023-10-05 13:44:44 - [MESSAGE][PASSED] - Object: 'Object Repository/beli barang/keranjang' is hovered

2023-10-05 13:44:44 - [TEST_STEP][PASSED] - click(findTestObject("beli barang/Lihat Sekarang")): Object: 'Object Repository/beli barang/Lihat Sekarang' is clicked on

2023-10-05 13:44:45 - [MESSAGE][PASSED] - Object: 'Object Repository/beli barang/Lihat Sekarang' is clicked on

2023-10-05 13:44:45 - [TEST_STEP][PASSED] - verifyElementPresent(findTestObject("keranjang/li_Keranjang Belanja"), 0): Object 'Object Repository/keranjang/li_Keranjang Belanja' is present

2023-10-05 13:44:45 - [MESSAGE][WARNING] - Timeout '0' is invalid. Using default page load timeout: '30'

2023-10-05 13:44:46 - [MESSAGE][PASSED] - Object 'Object Repository/keranjang/li_Keranjang Belanja' is present

2023-10-05 13:44:46 - [TEST_STEP][PASSED] - NamaKeranjang = getText(findTestObject("verifikasi/Nama keranjang")): Text of object 'Object Repository/verifikasi/Nama keranjang' is: 'Segitiga Instan Madeira - MDB5.3 Sunset'

2023-10-05 13:44:47 - [MESSAGE][PASSED] - Text of object 'Object Repository/verifikasi/Nama keranjang' is: 'Segitiga Instan Madeira - MDB5.3 Sunset'

2023-10-05 13:44:47 - [TEST_STEP][PASSED] - HargaKeranjang = getText(findTestObject("verifikasi/Harga Keranjang")): Text of object 'Object Repository/verifikasi/Harga Keranjang' is: 'Rp 1,299'

2023-10-05 13:44:47 - [MESSAGE][PASSED] - Text of object 'Object Repository/verifikasi/Harga Keranjang' is: 'Rp 1,299'

2023-10-05 13:44:47 - [TEST_STEP][PASSED] - if (toString().equalsIgnoreCase("Merah")): Object 'Object Repository/keranjang/input_Warna_variasi101' is checked

2023-10-05 13:44:47 - [TEST_STEP][PASSED] - check(findTestObject("Object Repository/keranjang/input_Warna_variasi101")): Object 'Object Repository/keranjang/input_Warna_variasi101' is checked

2023-10-05 13:44:48 - [MESSAGE][PASSED] - Object 'Object Repository/keranjang/input_Warna_variasi101' is checked

2023-10-05 13:44:48 - [TEST_STEP][PASSED] - if (toString().equalsIgnoreCase("Menengah")): Object 'Object Repository/keranjang/input_Ukuran_variasi201' is checked

2023-10-05 13:44:48 - [TEST_STEP][PASSED] - check(findTestObject("Object Repository/keranjang/input_Ukuran_variasi201")): Object 'Object Repository/keranjang/input_Ukuran_variasi201' is checked

2023-10-05 13:44:48 - [MESSAGE][PASSED] - Object 'Object Repository/keranjang/input_Ukuran_variasi201' is checked

2023-10-05 13:44:48 - [TEST_STEP][PASSED] - data.put("Warna", warna): null

2023-10-05 13:44:48 - [TEST_STEP][PASSED] - data.put("Ukuran", ukuran): null

2023-10-05 13:44:48 - [TEST_STEP][PASSED] - click(findTestObject("keranjang/button_Lanjut ke Pembayaran")): Object: 'Object Repository/keranjang/button_Lanjut ke Pembayaran' is clicked on

2023-10-05 13:44:50 - [MESSAGE][PASSED] - Object: 'Object Repository/keranjang/button_Lanjut ke Pembayaran' is clicked on

2023-10-05 13:44:50 - [TEST_STEP][PASSED] - verifyElementPresent(findTestObject("checkout/Tittle Checkout Order"), 0): Object 'Object Repository/checkout/Tittle Checkout Order' is present

2023-10-05 13:44:50 - [MESSAGE][WARNING] - Timeout '0' is invalid. Using default page load timeout: '30'

2023-10-05 13:44:50 - [MESSAGE][PASSED] - Object 'Object Repository/checkout/Tittle Checkout Order' is present

2023-10-05 13:44:50 - [TEST_STEP][PASSED] - name_product = data.get("nama_barang"): null

2023-10-05 13:44:50 - [TEST_STEP][PASSED] - price_product = data.get("price_barang"): null

2023-10-05 13:44:50 - [TEST_STEP][PASSED] - assert name_product == NamaKeranjang: null

2023-10-05 13:44:50 - [TEST_STEP][PASSED] - assert price_product == HargaKeranjang: null

2023-10-05 13:44:50 - [TEST_STEP][PASSED] - return data: null

2023-10-05 13:44:50 - [MESSAGE][PASSED] - Call Test Case 'Test Cases/T13 Pembelian, Shipment dan Pembayaran/PBL-002' successfully

2023-10-05 13:44:50 - [TEST_STEP][PASSED] - warnaa = getText(findTestObject("verifikasi/warna Merah")): Text of object 'Object Repository/verifikasi/warna Merah' is: 'Merah'

2023-10-05 13:44:51 - [MESSAGE][PASSED] - Text of object 'Object Repository/verifikasi/warna Merah' is: 'Merah'

2023-10-05 13:44:51 - [TEST_STEP][PASSED] - ukurann = getText(findTestObject("verifikasi/Ukuran Menengah")): Text of object 'Object Repository/verifikasi/Ukuran Menengah' is: 'Menengah'

2023-10-05 13:44:51 - [MESSAGE][PASSED] - Text of object 'Object Repository/verifikasi/Ukuran Menengah' is: 'Menengah'

2023-10-05 13:44:51 - [TEST_STEP][PASSED] - warna1 = data.get("Warna"): null

2023-10-05 13:44:51 - [TEST_STEP][PASSED] - ukuran1 = data.get("Ukuran"): null

2023-10-05 13:44:51 - [TEST_STEP][PASSED] - assert warnaa == warna1: null

2023-10-05 13:44:51 - [TEST_STEP][PASSED] - assert ukurann == ukuran1: null

2023-10-05 13:44:51 - [TEST_STEP][PASSED] - NamaCheckout = getText(findTestObject("verifikasi/NamaCheckout")): Text of object 'Object Repository/verifikasi/NamaCheckout' is: ''

2023-10-05 13:44:52 - [MESSAGE][PASSED] - Text of object 'Object Repository/verifikasi/NamaCheckout' is: ''

2023-10-05 13:44:52 - [TEST_STEP][PASSED] - HargaCheckout = getText(findTestObject("verifikasi/HargaCheckout")): Text of object 'Object Repository/verifikasi/HargaCheckout' is: '1,299'

2023-10-05 13:44:52 - [MESSAGE][PASSED] - Text of object 'Object Repository/verifikasi/HargaCheckout' is: '1,299'

2023-10-05 13:44:52 - [TEST_STEP][PASSED] - name_product = data.get("nama_barang"): null

2023-10-05 13:44:52 - [TEST_STEP][PASSED] - price_product = data.get("price_barang"): null

2023-10-05 13:44:52 - [TEST_STEP][PASSED] - assert name_product.contains(NamaCheckout): null

2023-10-05 13:44:52 - [TEST_STEP][PASSED] - assert price_product.contains(HargaCheckout): null

2023-10-05 13:44:52 - [TEST_STEP][PASSED] - selectOptionByLabel(findTestObject("checkout/select - Kirim via Kurir Lokal"), Kurir, false): All options with label 'Roda 2' are selected in object 'Object Repository/checkout/select - Kirim via Kurir Lokal' 

2023-10-05 13:44:53 - [MESSAGE][PASSED] - All options with label 'Roda 2' are selected in object 'Object Repository/checkout/select - Kirim via Kurir Lokal' 

2023-10-05 13:44:53 - [TEST_STEP][PASSED] - click(findTestObject("checkout/Kendaraan Kurir")): Object: 'Object Repository/checkout/Kendaraan Kurir' is clicked on

2023-10-05 13:44:54 - [MESSAGE][PASSED] - Object: 'Object Repository/checkout/Kendaraan Kurir' is clicked on

2023-10-05 13:44:54 - [TEST_STEP][PASSED] - OngkosKirim = getText(findTestObject("Object Repository/verifikasi/Ongkos Kirim checkout")): Text of object 'Object Repository/verifikasi/Ongkos Kirim checkout' is: 'Rp. 5,000'

2023-10-05 13:44:54 - [MESSAGE][PASSED] - Text of object 'Object Repository/verifikasi/Ongkos Kirim checkout' is: 'Rp. 5,000'

2023-10-05 13:44:54 - [TEST_STEP][PASSED] - Ongkos = OngkosKirim.substring(3, OngkosKirim.size()): null

2023-10-05 13:44:54 - [TEST_STEP][PASSED] - rep = Ongkos.replace(",", "."): null

2023-10-05 13:44:54 - [TEST_STEP][PASSED] - Ongkos_kirim = Double.parseDouble(rep): null

2023-10-05 13:44:54 - [TEST_STEP][PASSED] - println(Ongkos_kirim): null

2023-10-05 13:44:54 - [TEST_STEP][PASSED] - FeeAdmin = getText(findTestObject("verifikasi/Fee Admin checkout")): Text of object 'Object Repository/verifikasi/Fee Admin checkout' is: 'Fee Admin
Rp 1,500'

2023-10-05 13:44:54 - [MESSAGE][PASSED] - Text of object 'Object Repository/verifikasi/Fee Admin checkout' is: 'Fee Admin
Rp 1,500'

2023-10-05 13:44:54 - [TEST_STEP][PASSED] - Fee_Admin = FeeAdmin.substring(12, FeeAdmin.size()): null

2023-10-05 13:44:54 - [TEST_STEP][PASSED] - fee = Fee_Admin.replace(",", "."): null

2023-10-05 13:44:54 - [TEST_STEP][PASSED] - fee_admin = Double.parseDouble(fee): null

2023-10-05 13:44:54 - [TEST_STEP][PASSED] - println(fee_admin): null

2023-10-05 13:44:54 - [TEST_STEP][PASSED] - Subtotal = getText(findTestObject("verifikasi/subtotal checkout")): Text of object 'Object Repository/verifikasi/subtotal checkout' is: 'Subtotal
Rp 1,299'

2023-10-05 13:44:55 - [MESSAGE][PASSED] - Text of object 'Object Repository/verifikasi/subtotal checkout' is: 'Subtotal
Rp 1,299'

2023-10-05 13:44:55 - [TEST_STEP][PASSED] - sub_total = Subtotal.substring(12, Subtotal.size()): null

2023-10-05 13:44:55 - [TEST_STEP][PASSED] - sub = sub_total.replace(",", "."): null

2023-10-05 13:44:55 - [TEST_STEP][PASSED] - sub_total = Double.parseDouble(sub): null

2023-10-05 13:44:55 - [TEST_STEP][PASSED] - println(sub_total): null

2023-10-05 13:44:55 - [TEST_STEP][PASSED] - Total = getText(findTestObject("verifikasi/Total checkout")): Text of object 'Object Repository/verifikasi/Total checkout' is: 'Rp 7,799'

2023-10-05 13:44:55 - [MESSAGE][PASSED] - Text of object 'Object Repository/verifikasi/Total checkout' is: 'Rp 7,799'

2023-10-05 13:44:55 - [TEST_STEP][PASSED] - totall = Total.substring(3, Total.size()): null

2023-10-05 13:44:55 - [TEST_STEP][PASSED] - total = totall.replace(",", "."): null

2023-10-05 13:44:55 - [TEST_STEP][PASSED] - totall = Double.parseDouble(total): null

2023-10-05 13:44:55 - [TEST_STEP][PASSED] - println(totall): null

2023-10-05 13:44:55 - [TEST_STEP][PASSED] - Total_Harga = Ongkos_kirim + fee_admin + sub_total: null

2023-10-05 13:44:55 - [TEST_STEP][PASSED] - println(Total_Harga): null

2023-10-05 13:44:55 - [TEST_STEP][PASSED] - TotalHarga = Math.round(Total_Harga * 1000) / 1000: null

2023-10-05 13:44:55 - [TEST_STEP][PASSED] - println(TotalHarga): null

2023-10-05 13:44:55 - [TEST_STEP][PASSED] - assert totall == TotalHarga: null

2023-10-05 13:44:55 - [TEST_STEP][PASSED] - click(findTestObject("verifikasi/Metode Transfer")): Object: 'Object Repository/verifikasi/Metode Transfer' is clicked on

2023-10-05 13:44:56 - [MESSAGE][PASSED] - Object: 'Object Repository/verifikasi/Metode Transfer' is clicked on

2023-10-05 13:44:56 - [TEST_STEP][PASSED] - click(findTestObject("checkout/button_Proses Pembayaran")): Object: 'Object Repository/checkout/button_Proses Pembayaran' is clicked on

2023-10-05 13:45:05 - [MESSAGE][PASSED] - Object: 'Object Repository/checkout/button_Proses Pembayaran' is clicked on

2023-10-05 13:45:05 - [TEST_STEP][PASSED] - verifyElementPresent(findTestObject("pembayaran/Tittle nomor invoice"), 0): Object 'Object Repository/pembayaran/Tittle nomor invoice' is present

2023-10-05 13:45:05 - [MESSAGE][WARNING] - Timeout '0' is invalid. Using default page load timeout: '30'

2023-10-05 13:45:06 - [MESSAGE][PASSED] - Object 'Object Repository/pembayaran/Tittle nomor invoice' is present

2023-10-05 13:45:06 - [TEST_STEP][PASSED] - return data: null

2023-10-05 13:45:06 - [MESSAGE][PASSED] - Call Test Case 'Test Cases/T13 Pembelian, Shipment dan Pembayaran/PBL-004' successfully

2023-10-05 13:45:06 - [TEST_STEP][PASSED] - Invoice = getText(findTestObject("pembayaran/nomor invoice")): Text of object 'Object Repository/pembayaran/nomor invoice' is: 'TRX60.20231005134500'

2023-10-05 13:45:06 - [MESSAGE][PASSED] - Text of object 'Object Repository/pembayaran/nomor invoice' is: 'TRX60.20231005134500'

2023-10-05 13:45:06 - [TEST_STEP][PASSED] - data.put("invoice", Invoice): null

2023-10-05 13:45:06 - [TEST_STEP][PASSED] - NamaPemesan = getText(findTestObject("Konfirmasi pesanan shop/Nama pemesan")): Text of object 'Object Repository/Konfirmasi pesanan shop/Nama pemesan' is: 'irfan.afandi'

2023-10-05 13:45:07 - [MESSAGE][PASSED] - Text of object 'Object Repository/Konfirmasi pesanan shop/Nama pemesan' is: 'irfan.afandi'

2023-10-05 13:45:07 - [TEST_STEP][PASSED] - Nama = getText(findTestObject("pembayaran/Nama barang")): Text of object 'Object Repository/pembayaran/Nama barang' is: 'Segitiga Instan Madeira - MDB5.3 Sunset'

2023-10-05 13:45:07 - [MESSAGE][PASSED] - Text of object 'Object Repository/pembayaran/Nama barang' is: 'Segitiga Instan Madeira - MDB5.3 Sunset'

2023-10-05 13:45:07 - [TEST_STEP][PASSED] - Harga = getText(findTestObject("pembayaran/Harga barang")): Text of object 'Object Repository/pembayaran/Harga barang' is: '1,299'

2023-10-05 13:45:08 - [MESSAGE][PASSED] - Text of object 'Object Repository/pembayaran/Harga barang' is: '1,299'

2023-10-05 13:45:08 - [TEST_STEP][PASSED] - name_product = data.get("nama_barang"): null

2023-10-05 13:45:08 - [TEST_STEP][PASSED] - price_product = data.get("price_barang"): null

2023-10-05 13:45:08 - [TEST_STEP][PASSED] - assert name_product.contains(Nama): null

2023-10-05 13:45:08 - [TEST_STEP][PASSED] - assert price_product.contains(Harga): null

2023-10-05 13:45:08 - [TEST_STEP][PASSED] - warnaa = getText(findTestObject("pembayaran/warna")): Text of object 'Object Repository/pembayaran/warna' is: 'Merah'

2023-10-05 13:45:08 - [MESSAGE][PASSED] - Text of object 'Object Repository/pembayaran/warna' is: 'Merah'

2023-10-05 13:45:08 - [TEST_STEP][PASSED] - ukurann = getText(findTestObject("pembayaran/ukuran")): Text of object 'Object Repository/pembayaran/ukuran' is: 'Menengah'

2023-10-05 13:45:09 - [MESSAGE][PASSED] - Text of object 'Object Repository/pembayaran/ukuran' is: 'Menengah'

2023-10-05 13:45:09 - [TEST_STEP][PASSED] - warna1 = data.get("Warna"): null

2023-10-05 13:45:09 - [TEST_STEP][PASSED] - ukuran1 = data.get("Ukuran"): null

2023-10-05 13:45:09 - [TEST_STEP][PASSED] - assert warnaa == warna1: null

2023-10-05 13:45:09 - [TEST_STEP][PASSED] - assert ukurann == ukuran1: null

2023-10-05 13:45:09 - [TEST_STEP][PASSED] - statusPembelian = getText(findTestObject("verifikasi/Status pending di pembelian")): Text of object 'Object Repository/verifikasi/Status pending di pembelian' is: 'Pending'

2023-10-05 13:45:09 - [MESSAGE][PASSED] - Text of object 'Object Repository/verifikasi/Status pending di pembelian' is: 'Pending'

2023-10-05 13:45:09 - [TEST_STEP][PASSED] - data.put("statusPem", statusPembelian): null

2023-10-05 13:45:09 - [TEST_STEP][PASSED] - OngkosKirim = getText(findTestObject("pembayaran/ongkos kirim")): Text of object 'Object Repository/pembayaran/ongkos kirim' is: 'Rp 5,000'

2023-10-05 13:45:10 - [MESSAGE][PASSED] - Text of object 'Object Repository/pembayaran/ongkos kirim' is: 'Rp 5,000'

2023-10-05 13:45:10 - [TEST_STEP][PASSED] - Ongkos = OngkosKirim.substring(3, OngkosKirim.size()): null

2023-10-05 13:45:10 - [TEST_STEP][PASSED] - rep = Ongkos.replace(",", ""): null

2023-10-05 13:45:10 - [TEST_STEP][PASSED] - Ongkos_kirimm = Integer.parseInt(rep): null

2023-10-05 13:45:10 - [TEST_STEP][PASSED] - println(Ongkos_kirimm): null

2023-10-05 13:45:10 - [TEST_STEP][PASSED] - FeeAdmin = getText(findTestObject("pembayaran/fee admin")): Text of object 'Object Repository/pembayaran/fee admin' is: 'Rp 1,500'

2023-10-05 13:45:10 - [MESSAGE][PASSED] - Text of object 'Object Repository/pembayaran/fee admin' is: 'Rp 1,500'

2023-10-05 13:45:10 - [TEST_STEP][PASSED] - Fee_Admin = FeeAdmin.substring(3, FeeAdmin.size()): null

2023-10-05 13:45:10 - [TEST_STEP][PASSED] - fee = Fee_Admin.replace(",", ""): null

2023-10-05 13:45:10 - [TEST_STEP][PASSED] - fee_adminn = Integer.parseInt(fee): null

2023-10-05 13:45:10 - [TEST_STEP][PASSED] - println(fee_adminn): null

2023-10-05 13:45:10 - [TEST_STEP][PASSED] - Subtotal = getText(findTestObject("pembayaran/subtotal")): Text of object 'Object Repository/pembayaran/subtotal' is: 'Rp 1,299'

2023-10-05 13:45:11 - [MESSAGE][PASSED] - Text of object 'Object Repository/pembayaran/subtotal' is: 'Rp 1,299'

2023-10-05 13:45:11 - [TEST_STEP][PASSED] - sub_total = Subtotal.substring(3, Subtotal.size()): null

2023-10-05 13:45:11 - [TEST_STEP][PASSED] - sub = sub_total.replace(",", ""): null

2023-10-05 13:45:11 - [TEST_STEP][PASSED] - sub_totall = Integer.parseInt(sub): null

2023-10-05 13:45:11 - [TEST_STEP][PASSED] - println(sub_totall): null

2023-10-05 13:45:11 - [TEST_STEP][PASSED] - unik = getText(findTestObject("pembayaran/kode unik")): Text of object 'Object Repository/pembayaran/kode unik' is: '+500'

2023-10-05 13:45:11 - [MESSAGE][PASSED] - Text of object 'Object Repository/pembayaran/kode unik' is: '+500'

2023-10-05 13:45:11 - [TEST_STEP][PASSED] - unikk = unik.replace("+", ""): null

2023-10-05 13:45:11 - [TEST_STEP][PASSED] - kode_unik = Integer.parseInt(unikk): null

2023-10-05 13:45:11 - [TEST_STEP][PASSED] - println(kode_unik): null

2023-10-05 13:45:11 - [TEST_STEP][PASSED] - Total = getText(findTestObject("pembayaran/total")): Text of object 'Object Repository/pembayaran/total' is: '8,299'

2023-10-05 13:45:12 - [MESSAGE][PASSED] - Text of object 'Object Repository/pembayaran/total' is: '8,299'

2023-10-05 13:45:12 - [TEST_STEP][PASSED] - total = Total.replace(",", ""): null

2023-10-05 13:45:12 - [TEST_STEP][PASSED] - totalll = Integer.parseInt(total): null

2023-10-05 13:45:12 - [TEST_STEP][PASSED] - println(totalll): null

2023-10-05 13:45:12 - [TEST_STEP][PASSED] - Total_Hargaa = Ongkos_kirimm + fee_adminn + sub_totall + kode_unik: null

2023-10-05 13:45:12 - [TEST_STEP][PASSED] - println(Total_Hargaa): null

2023-10-05 13:45:12 - [TEST_STEP][PASSED] - assert totalll == Total_Hargaa: null

2023-10-05 13:45:12 - [TEST_STEP][PASSED] - data.put("total", Total): null

2023-10-05 13:45:12 - [TEST_STEP][PASSED] - data.put("nama", NamaPemesan): null

2023-10-05 13:45:12 - [TEST_STEP][PASSED] - return data: null

2023-10-05 13:45:12 - [MESSAGE][PASSED] - Call Test Case 'Test Cases/T13 Pembelian, Shipment dan Pembayaran/PBY-001' successfully

2023-10-05 13:45:12 - [TEST_STEP][PASSED] - inv = data.get("invoice"): null

2023-10-05 13:45:12 - [TEST_STEP][PASSED] - Total = data.get("total"): null

2023-10-05 13:45:12 - [TEST_STEP][PASSED] - NamaPemesan = data.get("nama"): null

2023-10-05 13:45:12 - [TEST_STEP][PASSED] - click(findTestObject("Konfirmasi pesanan shop/Menu Shop")): Object: 'Object Repository/Konfirmasi pesanan shop/Menu Shop' is clicked on

2023-10-05 13:45:14 - [MESSAGE][PASSED] - Object: 'Object Repository/Konfirmasi pesanan shop/Menu Shop' is clicked on

2023-10-05 13:45:14 - [TEST_STEP][PASSED] - click(findTestObject("Konfirmasi pesanan shop/Menu Shop")): Object: 'Object Repository/Konfirmasi pesanan shop/Menu Shop' is clicked on

2023-10-05 13:45:14 - [MESSAGE][PASSED] - Object: 'Object Repository/Konfirmasi pesanan shop/Menu Shop' is clicked on

2023-10-05 13:45:14 - [TEST_STEP][PASSED] - click(findTestObject("Konfirmasi pesanan shop/Konfirmasi Orders")): Object: 'Object Repository/Konfirmasi pesanan shop/Konfirmasi Orders' is clicked on

2023-10-05 13:45:15 - [MESSAGE][PASSED] - Object: 'Object Repository/Konfirmasi pesanan shop/Konfirmasi Orders' is clicked on

2023-10-05 13:45:15 - [TEST_STEP][PASSED] - verifyElementPresent(findTestObject("Konfirmasi pesanan shop/Tittle Konfirmasi Pesanan"), 0): Object 'Object Repository/Konfirmasi pesanan shop/Tittle Konfirmasi Pesanan' is present

2023-10-05 13:45:15 - [MESSAGE][WARNING] - Timeout '0' is invalid. Using default page load timeout: '30'

2023-10-05 13:45:16 - [MESSAGE][PASSED] - Object 'Object Repository/Konfirmasi pesanan shop/Tittle Konfirmasi Pesanan' is present

2023-10-05 13:45:16 - [TEST_STEP][PASSED] - setText(findTestObject("Konfirmasi pesanan shop/input_No Pesanan"), inv): Text 'TRX60.20231005134500' is set on object 'Object Repository/Konfirmasi pesanan shop/input_No Pesanan'

2023-10-05 13:45:17 - [MESSAGE][PASSED] - Text 'TRX60.20231005134500' is set on object 'Object Repository/Konfirmasi pesanan shop/input_No Pesanan'

2023-10-05 13:45:17 - [TEST_STEP][PASSED] - setText(findTestObject("Konfirmasi pesanan shop/input_Alamat E-mai"), "irfan@gmail.com"): Text 'irfan@gmail.com' is set on object 'Object Repository/Konfirmasi pesanan shop/input_Alamat E-mai'

2023-10-05 13:45:18 - [MESSAGE][PASSED] - Text 'irfan@gmail.com' is set on object 'Object Repository/Konfirmasi pesanan shop/input_Alamat E-mai'

2023-10-05 13:45:18 - [TEST_STEP][PASSED] - click(findTestObject("Konfirmasi pesanan shop/button_Submit")): Object: 'Object Repository/Konfirmasi pesanan shop/button_Submit' is clicked on

2023-10-05 13:45:19 - [MESSAGE][PASSED] - Object: 'Object Repository/Konfirmasi pesanan shop/button_Submit' is clicked on

2023-10-05 13:45:19 - [TEST_STEP][PASSED] - verifyElementPresent(findTestObject("Konfirmasi pesanan shop/Tittle nomor invoice"), 0): Object 'Object Repository/Konfirmasi pesanan shop/Tittle nomor invoice' is present

2023-10-05 13:45:19 - [MESSAGE][WARNING] - Timeout '0' is invalid. Using default page load timeout: '30'

2023-10-05 13:45:20 - [MESSAGE][PASSED] - Object 'Object Repository/Konfirmasi pesanan shop/Tittle nomor invoice' is present

2023-10-05 13:45:20 - [TEST_STEP][PASSED] - setText(findTestObject("Konfirmasi pesanan shop/input_Total TagihanTransfer_b"), Total): Text '8,299' is set on object 'Object Repository/Konfirmasi pesanan shop/input_Total TagihanTransfer_b'

2023-10-05 13:45:21 - [MESSAGE][PASSED] - Text '8,299' is set on object 'Object Repository/Konfirmasi pesanan shop/input_Total TagihanTransfer_b'

2023-10-05 13:45:21 - [TEST_STEP][PASSED] - selectOptionByValue(findTestObject("Konfirmasi pesanan shop/select_Bank"), "4", false): All options with value '4' are selected in object 'Object Repository/Konfirmasi pesanan shop/select_Bank' 

2023-10-05 13:45:21 - [MESSAGE][PASSED] - All options with value '4' are selected in object 'Object Repository/Konfirmasi pesanan shop/select_Bank' 

2023-10-05 13:45:21 - [TEST_STEP][PASSED] - setText(findTestObject("Konfirmasi pesanan shop/input_Nama Pengirim_d"), NamaPemesan): Text 'irfan.afandi' is set on object 'Object Repository/Konfirmasi pesanan shop/input_Nama Pengirim_d'

2023-10-05 13:45:22 - [MESSAGE][PASSED] - Text 'irfan.afandi' is set on object 'Object Repository/Konfirmasi pesanan shop/input_Nama Pengirim_d'

2023-10-05 13:45:22 - [TEST_STEP][PASSED] - uploadFile(findTestObject("keranjang/konfirmasi/input_Upload Bukti Transfer_f"), "C:\Users\IRFAN\Downloads\Berkas2.pdf"): File 'C:\Users\IRFAN\Downloads\Berkas2.pdf' sent to object: 'Object Repository/keranjang/konfirmasi/input_Upload Bukti Transfer_f'

2023-10-05 13:45:23 - [MESSAGE][PASSED] - File 'C:\Users\IRFAN\Downloads\Berkas2.pdf' sent to object: 'Object Repository/keranjang/konfirmasi/input_Upload Bukti Transfer_f'

2023-10-05 13:45:23 - [TEST_STEP][PASSED] - click(findTestObject("Konfirmasi pesanan shop/button_Konfirmasi Pembayaran")): Object: 'Object Repository/Konfirmasi pesanan shop/button_Konfirmasi Pembayaran' is clicked on

2023-10-05 13:45:24 - [MESSAGE][PASSED] - Object: 'Object Repository/Konfirmasi pesanan shop/button_Konfirmasi Pembayaran' is clicked on

2023-10-05 13:45:24 - [TEST_STEP][PASSED] - verifyElementPresent(findTestObject("Konfirmasi pesanan shop/Tittle Konfirmasi Pesanan"), 0): Object 'Object Repository/Konfirmasi pesanan shop/Tittle Konfirmasi Pesanan' is present

2023-10-05 13:45:24 - [MESSAGE][WARNING] - Timeout '0' is invalid. Using default page load timeout: '30'

2023-10-05 13:45:25 - [MESSAGE][PASSED] - Object 'Object Repository/Konfirmasi pesanan shop/Tittle Konfirmasi Pesanan' is present

2023-10-05 13:45:25 - [TEST_STEP][PASSED] - verifyElementPresent(findTestObject("Konfirmasi pesanan shop/Tittle massage succes Konfirmasi Pembayaran Pesanan"), 0): Object 'Object Repository/Konfirmasi pesanan shop/Tittle massage succes Konfirmasi Pembayaran Pesanan' is present

2023-10-05 13:45:25 - [MESSAGE][WARNING] - Timeout '0' is invalid. Using default page load timeout: '30'

2023-10-05 13:45:25 - [MESSAGE][PASSED] - Object 'Object Repository/Konfirmasi pesanan shop/Tittle massage succes Konfirmasi Pembayaran Pesanan' is present

2023-10-05 13:45:25 - [TEST_STEP][PASSED] - return data: null

2023-10-05 13:45:25 - [MESSAGE][PASSED] - Call Test Case 'Test Cases/T13 Pembelian, Shipment dan Pembayaran/PBY-004' successfully

2023-10-05 13:45:25 - [TEST_STEP][PASSED] - navigateToUrl("https://10.9.2.63/ecommerce/administrator/"): Navigate to 'https://10.9.2.63/ecommerce/administrator/' successfully

2023-10-05 13:45:26 - [MESSAGE][PASSED] - Navigate to 'https://10.9.2.63/ecommerce/administrator/' successfully

2023-10-05 13:45:26 - [TEST_STEP][PASSED] - verifyElementPresent(findTestObject("admin/Tittle ADMIN Login"), 0): Object 'Object Repository/admin/Tittle ADMIN Login' is present

2023-10-05 13:45:26 - [MESSAGE][WARNING] - Timeout '0' is invalid. Using default page load timeout: '30'

2023-10-05 13:45:26 - [MESSAGE][PASSED] - Object 'Object Repository/admin/Tittle ADMIN Login' is present

2023-10-05 13:45:26 - [TEST_STEP][PASSED] - setText(findTestObject("admin/Username"), "admin"): Text 'admin' is set on object 'Object Repository/admin/Username'

2023-10-05 13:45:27 - [MESSAGE][PASSED] - Text 'admin' is set on object 'Object Repository/admin/Username'

2023-10-05 13:45:27 - [TEST_STEP][PASSED] - setText(findTestObject("admin/Password"), "123admin123"): Text '123admin123' is set on object 'Object Repository/admin/Password'

2023-10-05 13:45:28 - [MESSAGE][PASSED] - Text '123admin123' is set on object 'Object Repository/admin/Password'

2023-10-05 13:45:28 - [TEST_STEP][PASSED] - click(findTestObject("admin/Remember Me")): Object: 'Object Repository/admin/Remember Me' is clicked on

2023-10-05 13:45:28 - [MESSAGE][PASSED] - Object: 'Object Repository/admin/Remember Me' is clicked on

2023-10-05 13:45:28 - [TEST_STEP][PASSED] - delay(10): Delayed 10 second(s)

2023-10-05 13:45:38 - [MESSAGE][PASSED] - Delayed 10 second(s)

2023-10-05 13:45:38 - [TEST_STEP][PASSED] - click(findTestObject("admin/buttom submit")): Object: 'Object Repository/admin/buttom submit' is clicked on

2023-10-05 13:45:40 - [MESSAGE][PASSED] - Object: 'Object Repository/admin/buttom submit' is clicked on

2023-10-05 13:45:40 - [TEST_STEP][PASSED] - verifyElementPresent(findTestObject("admin/Konf order konsumen/Tittle Dashboard"), 0): Object 'Object Repository/admin/Konf order konsumen/Tittle Dashboard' is present

2023-10-05 13:45:40 - [MESSAGE][WARNING] - Timeout '0' is invalid. Using default page load timeout: '30'

2023-10-05 13:45:40 - [MESSAGE][PASSED] - Object 'Object Repository/admin/Konf order konsumen/Tittle Dashboard' is present

2023-10-05 13:45:40 - [TEST_STEP][PASSED] - click(findTestObject("admin/Konf order konsumen/Menu Transaksi Market")): Object: 'Object Repository/admin/Konf order konsumen/Menu Transaksi Market' is clicked on

2023-10-05 13:45:41 - [MESSAGE][PASSED] - Object: 'Object Repository/admin/Konf order konsumen/Menu Transaksi Market' is clicked on

2023-10-05 13:45:41 - [TEST_STEP][PASSED] - click(findTestObject("admin/Konf order konsumen/Menu Konf. Order Konsumen")): Object: 'Object Repository/admin/Konf order konsumen/Menu Konf. Order Konsumen' is clicked on

2023-10-05 13:45:42 - [MESSAGE][PASSED] - Object: 'Object Repository/admin/Konf order konsumen/Menu Konf. Order Konsumen' is clicked on

2023-10-05 13:45:42 - [TEST_STEP][PASSED] - verifyElementPresent(findTestObject("admin/Konf order konsumen/Tittle Data Konfirmasi Pembayaran Konsumen"), 0): Object 'Object Repository/admin/Konf order konsumen/Tittle Data Konfirmasi Pembayaran Konsumen' is present

2023-10-05 13:45:42 - [MESSAGE][WARNING] - Timeout '0' is invalid. Using default page load timeout: '30'

2023-10-05 13:45:42 - [MESSAGE][PASSED] - Object 'Object Repository/admin/Konf order konsumen/Tittle Data Konfirmasi Pembayaran Konsumen' is present

2023-10-05 13:45:42 - [TEST_STEP][PASSED] - inv = data.get("invoice"): null

2023-10-05 13:45:42 - [TEST_STEP][PASSED] - setText(findTestObject("admin/Konf order konsumen/Search"), inv): Text 'TRX60.20231005134500' is set on object 'Object Repository/admin/Konf order konsumen/Search'

2023-10-05 13:45:43 - [MESSAGE][PASSED] - Text 'TRX60.20231005134500' is set on object 'Object Repository/admin/Konf order konsumen/Search'

2023-10-05 13:45:43 - [TEST_STEP][PASSED] - verifyElementText(findTestObject("admin/Konf order konsumen/Keterangan Lunas"), "Lunas"): Actual text and expected text of test object 'Object Repository/admin/Konf order konsumen/Keterangan Lunas' are matched.

2023-10-05 13:45:44 - [MESSAGE][PASSED] - Actual text and expected text of test object 'Object Repository/admin/Konf order konsumen/Keterangan Lunas' are matched.

2023-10-05 13:45:44 - [TEST_STEP][PASSED] - return data: null

2023-10-05 13:45:44 - [MESSAGE][PASSED] - Call Test Case 'Test Cases/T13 Pembelian, Shipment dan Pembayaran/PBYA-001' successfully

2023-10-05 13:45:44 - [TEST_STEP][PASSED] - click(findTestObject("admin/Penjualan ke konsumen/buttom Dashboard")): Object: 'Object Repository/admin/Penjualan ke konsumen/buttom Dashboard' is clicked on

2023-10-05 13:45:45 - [MESSAGE][PASSED] - Object: 'Object Repository/admin/Penjualan ke konsumen/buttom Dashboard' is clicked on

2023-10-05 13:45:45 - [TEST_STEP][PASSED] - click(findTestObject("admin/Konf order konsumen/Menu Transaksi Market")): Object: 'Object Repository/admin/Konf order konsumen/Menu Transaksi Market' is clicked on

2023-10-05 13:45:45 - [MESSAGE][PASSED] - Object: 'Object Repository/admin/Konf order konsumen/Menu Transaksi Market' is clicked on

2023-10-05 13:45:45 - [TEST_STEP][PASSED] - click(findTestObject("admin/Penjualan ke konsumen/a_Penjualan ke Konsumen")): Object: 'Object Repository/admin/Penjualan ke konsumen/a_Penjualan ke Konsumen' is clicked on

2023-10-05 13:45:48 - [MESSAGE][PASSED] - Object: 'Object Repository/admin/Penjualan ke konsumen/a_Penjualan ke Konsumen' is clicked on

2023-10-05 13:45:48 - [TEST_STEP][PASSED] - verifyElementPresent(findTestObject("admin/Tittle Data Transaksi Penjualan  Orderan Konsumen"), 0): Object 'Object Repository/admin/Tittle Data Transaksi Penjualan  Orderan Konsumen' is present

2023-10-05 13:45:49 - [MESSAGE][WARNING] - Timeout '0' is invalid. Using default page load timeout: '30'

2023-10-05 13:45:49 - [MESSAGE][PASSED] - Object 'Object Repository/admin/Tittle Data Transaksi Penjualan  Orderan Konsumen' is present

2023-10-05 13:45:49 - [TEST_STEP][PASSED] - return data: null

2023-10-05 13:45:49 - [MESSAGE][PASSED] - Call Test Case 'Test Cases/T13 Pembelian, Shipment dan Pembayaran/SA-001' successfully

2023-10-05 13:45:49 - [TEST_STEP][PASSED] - inv = data.get("invoice"): null

2023-10-05 13:45:49 - [TEST_STEP][PASSED] - setText(findTestObject("admin/Penjualan ke konsumen/Search"), inv): Text 'TRX60.20231005134500' is set on object 'Object Repository/admin/Penjualan ke konsumen/Search'

2023-10-05 13:45:50 - [MESSAGE][PASSED] - Text 'TRX60.20231005134500' is set on object 'Object Repository/admin/Penjualan ke konsumen/Search'

2023-10-05 13:45:50 - [TEST_STEP][PASSED] - click(findTestObject("admin/Penjualan ke konsumen/buttom konfirmasi pending payment"), CONTINUE_ON_FAILURE): Object: 'Object Repository/admin/Penjualan ke konsumen/buttom konfirmasi pending payment' is clicked on

2023-10-05 13:45:50 - [MESSAGE][PASSED] - Object: 'Object Repository/admin/Penjualan ke konsumen/buttom konfirmasi pending payment' is clicked on

2023-10-05 13:45:50 - [TEST_STEP][PASSED] - waitForAlert(5, OPTIONAL): Alert is present after 5 second(s).

2023-10-05 13:45:50 - [MESSAGE][PASSED] - Alert is present after 5 second(s).

2023-10-05 13:45:50 - [TEST_STEP][PASSED] - acceptAlert(): Alert accepted

2023-10-05 13:45:50 - [MESSAGE][PASSED] - Alert accepted

2023-10-05 13:45:50 - [TEST_STEP][PASSED] - setText(findTestObject("admin/Penjualan ke konsumen/Search"), inv): Text 'TRX60.20231005134500' is set on object 'Object Repository/admin/Penjualan ke konsumen/Search'

2023-10-05 13:45:59 - [MESSAGE][PASSED] - Text 'TRX60.20231005134500' is set on object 'Object Repository/admin/Penjualan ke konsumen/Search'

2023-10-05 13:45:59 - [TEST_STEP][PASSED] - verifyTextNotPresent("pending payment", false): Text 'pending payment' is not present on page

2023-10-05 13:46:00 - [MESSAGE][PASSED] - Text 'pending payment' is not present on page

2023-10-05 13:46:00 - [TEST_STEP][PASSED] - return data: null

2023-10-05 13:46:00 - [MESSAGE][PASSED] - Call Test Case 'Test Cases/T13 Pembelian, Shipment dan Pembayaran/SA-002' successfully

2023-10-05 13:46:00 - [TEST_STEP][PASSED] - click(findTestObject("admin/Penjualan ke konsumen/buttom scroldown")): Object: 'Object Repository/admin/Penjualan ke konsumen/buttom scroldown' is clicked on

2023-10-05 13:46:00 - [MESSAGE][PASSED] - Object: 'Object Repository/admin/Penjualan ke konsumen/buttom scroldown' is clicked on

2023-10-05 13:46:00 - [TEST_STEP][PASSED] - click(findTestObject("admin/Penjualan ke konsumen/Selesai"), CONTINUE_ON_FAILURE): Object: 'Object Repository/admin/Penjualan ke konsumen/Selesai' is clicked on

2023-10-05 13:46:01 - [MESSAGE][PASSED] - Object: 'Object Repository/admin/Penjualan ke konsumen/Selesai' is clicked on

2023-10-05 13:46:01 - [TEST_STEP][PASSED] - waitForAlert(5, OPTIONAL): Alert is present after 5 second(s).

2023-10-05 13:46:01 - [MESSAGE][PASSED] - Alert is present after 5 second(s).

2023-10-05 13:46:01 - [TEST_STEP][PASSED] - acceptAlert(): Alert accepted

2023-10-05 13:46:01 - [MESSAGE][PASSED] - Alert accepted

2023-10-05 13:46:01 - [TEST_STEP][PASSED] - inv = data.get("invoice"): null

2023-10-05 13:46:01 - [TEST_STEP][PASSED] - setText(findTestObject("admin/Penjualan ke konsumen/Search"), inv): Text 'TRX60.20231005134500' is set on object 'Object Repository/admin/Penjualan ke konsumen/Search'

2023-10-05 13:46:04 - [MESSAGE][PASSED] - Text 'TRX60.20231005134500' is set on object 'Object Repository/admin/Penjualan ke konsumen/Search'

2023-10-05 13:46:04 - [TEST_STEP][PASSED] - verifyTextPresent("Selesai", false): Text 'Selesai' is present on page 

2023-10-05 13:46:05 - [MESSAGE][PASSED] - Text 'Selesai' is present on page 

2023-10-05 13:46:05 - [TEST_STEP][PASSED] - selesaiAdmin = getText(findTestObject("admin/Selesai")): Text of object 'Object Repository/admin/Selesai' is: 'Selesai'

2023-10-05 13:46:05 - [MESSAGE][PASSED] - Text of object 'Object Repository/admin/Selesai' is: 'Selesai'

2023-10-05 13:46:05 - [TEST_STEP][PASSED] - data.put("statusSelesai", selesaiAdmin): null

2023-10-05 13:46:05 - [TEST_STEP][PASSED] - return data: null]]></system-out>
         <system-err><![CDATA[]]></system-err>
      </testcase>
      <testcase name="Test Cases/T13 Pembelian, Shipment dan Pembayaran/SA-006" time="119.073" classname="Test Cases/T13 Pembelian, Shipment dan Pembayaran/SA-006" status="PASSED">
         <system-out><![CDATA[2023-10-05 13:46:05 - [TEST_CASE][PASSED] - Test Cases/T13 Pembelian, Shipment dan Pembayaran/SA-006: Test Cases/T13 Pembelian, Shipment dan Pembayaran/SA-006

2023-10-05 13:46:06 - [TEST_STEP][PASSED] - data = callTestCase(findTestCase("T13 Pembelian, Shipment dan Pembayaran/SA-002"), [:], STOP_ON_FAILURE): Call Test Case 'Test Cases/T13 Pembelian, Shipment dan Pembayaran/SA-002' successfully

2023-10-05 13:46:06 - [TEST_CASE][PASSED] - Test Cases/T13 Pembelian, Shipment dan Pembayaran/SA-002: Test Cases/T13 Pembelian, Shipment dan Pembayaran/SA-002

2023-10-05 13:46:06 - [TEST_STEP][PASSED] - data = callTestCase(findTestCase("T13 Pembelian, Shipment dan Pembayaran/SA-001"), [:], STOP_ON_FAILURE): Call Test Case 'Test Cases/T13 Pembelian, Shipment dan Pembayaran/SA-001' successfully

2023-10-05 13:46:06 - [TEST_CASE][PASSED] - Test Cases/T13 Pembelian, Shipment dan Pembayaran/SA-001: Test Cases/T13 Pembelian, Shipment dan Pembayaran/SA-001

2023-10-05 13:46:06 - [TEST_STEP][PASSED] - data = callTestCase(findTestCase("T13 Pembelian, Shipment dan Pembayaran/PBYA-001"), [:], STOP_ON_FAILURE): Call Test Case 'Test Cases/T13 Pembelian, Shipment dan Pembayaran/PBYA-001' successfully

2023-10-05 13:46:06 - [TEST_CASE][PASSED] - Test Cases/T13 Pembelian, Shipment dan Pembayaran/PBYA-001: Test Cases/T13 Pembelian, Shipment dan Pembayaran/PBYA-001

2023-10-05 13:46:06 - [TEST_STEP][PASSED] - data = callTestCase(findTestCase("T13 Pembelian, Shipment dan Pembayaran/PBY-004"), [:], STOP_ON_FAILURE): Call Test Case 'Test Cases/T13 Pembelian, Shipment dan Pembayaran/PBY-004' successfully

2023-10-05 13:46:06 - [TEST_CASE][PASSED] - Test Cases/T13 Pembelian, Shipment dan Pembayaran/PBY-004: Test Cases/T13 Pembelian, Shipment dan Pembayaran/PBY-004

2023-10-05 13:46:06 - [TEST_STEP][PASSED] - data = callTestCase(findTestCase("T13 Pembelian, Shipment dan Pembayaran/PBY-001"), [:], STOP_ON_FAILURE): Call Test Case 'Test Cases/T13 Pembelian, Shipment dan Pembayaran/PBY-001' successfully

2023-10-05 13:46:06 - [TEST_CASE][PASSED] - Test Cases/T13 Pembelian, Shipment dan Pembayaran/PBY-001: Test Cases/T13 Pembelian, Shipment dan Pembayaran/PBY-001

2023-10-05 13:46:06 - [TEST_STEP][PASSED] - data = callTestCase(findTestCase("T13 Pembelian, Shipment dan Pembayaran/PBL-004"), ["Kurir":"Roda 2"], STOP_ON_FAILURE): Call Test Case 'Test Cases/T13 Pembelian, Shipment dan Pembayaran/PBL-004' successfully

2023-10-05 13:46:06 - [TEST_CASE][PASSED] - Test Cases/T13 Pembelian, Shipment dan Pembayaran/PBL-004: Test Cases/T13 Pembelian, Shipment dan Pembayaran/PBL-004

2023-10-05 13:46:06 - [TEST_STEP][PASSED] - data = callTestCase(findTestCase("T13 Pembelian, Shipment dan Pembayaran/PBL-002"), [:], STOP_ON_FAILURE): Call Test Case 'Test Cases/T13 Pembelian, Shipment dan Pembayaran/PBL-002' successfully

2023-10-05 13:46:06 - [TEST_CASE][PASSED] - Test Cases/T13 Pembelian, Shipment dan Pembayaran/PBL-002: Test Cases/T13 Pembelian, Shipment dan Pembayaran/PBL-002

2023-10-05 13:46:06 - [TEST_STEP][PASSED] - data = callTestCase(findTestCase("T13 Pembelian, Shipment dan Pembayaran/PBL-001"), [:], STOP_ON_FAILURE): Call Test Case 'Test Cases/T13 Pembelian, Shipment dan Pembayaran/PBL-001' successfully

2023-10-05 13:46:06 - [TEST_CASE][PASSED] - Test Cases/T13 Pembelian, Shipment dan Pembayaran/PBL-001: Test Cases/T13 Pembelian, Shipment dan Pembayaran/PBL-001

2023-10-05 13:46:06 - [TEST_STEP][PASSED] - callTestCase(findTestCase("T13 Pembelian, Shipment dan Pembayaran/LU-001"), ["username":"irfanafandi", "password":"12345irfan"], STOP_ON_FAILURE): Call Test Case 'Test Cases/T13 Pembelian, Shipment dan Pembayaran/LU-001' successfully

2023-10-05 13:46:06 - [TEST_CASE][PASSED] - Test Cases/T13 Pembelian, Shipment dan Pembayaran/LU-001: Test Cases/T13 Pembelian, Shipment dan Pembayaran/LU-001

2023-10-05 13:46:06 - [TEST_STEP][PASSED] - openBrowser("https://10.9.2.63/ecommerce/"): Browser is opened with url: 'https://10.9.2.63/ecommerce/'

2023-10-05 13:46:06 - [MESSAGE][WARNING] - A browser is already opened. Closing browser and opening a new one

2023-10-05 13:46:07 - [MESSAGE][INFO] - Starting 'Edge Chromium' driver

2023-10-05 13:46:07 - [MESSAGE][INFO] - User set preference: ['acceptInsecureCerts', 'true']

2023-10-05 13:46:09 - [MESSAGE][INFO] - Action delay is set to 0 milliseconds

2023-10-05 13:46:13 - [MESSAGE][PASSED] - Browser is opened with url: 'https://10.9.2.63/ecommerce/'

2023-10-05 13:46:13 - [TEST_STEP][PASSED] - maximizeWindow(): Current window maximized

2023-10-05 13:46:13 - [MESSAGE][PASSED] - Current window maximized

2023-10-05 13:46:13 - [TEST_STEP][PASSED] - verifyElementPresent(findTestObject("Login/Home"), 0): Object 'Object Repository/Login/Home' is present

2023-10-05 13:46:13 - [MESSAGE][WARNING] - Timeout '0' is invalid. Using default page load timeout: '30'

2023-10-05 13:46:13 - [MESSAGE][PASSED] - Object 'Object Repository/Login/Home' is present

2023-10-05 13:46:13 - [TEST_STEP][PASSED] - click(findTestObject("Login/a_Login")): Object: 'Object Repository/Login/a_Login' is clicked on

2023-10-05 13:46:14 - [MESSAGE][PASSED] - Object: 'Object Repository/Login/a_Login' is clicked on

2023-10-05 13:46:14 - [TEST_STEP][PASSED] - verifyElementPresent(findTestObject("Login/Tittle Login"), 0): Object 'Object Repository/Login/Tittle Login' is present

2023-10-05 13:46:14 - [MESSAGE][WARNING] - Timeout '0' is invalid. Using default page load timeout: '30'

2023-10-05 13:46:15 - [MESSAGE][PASSED] - Object 'Object Repository/Login/Tittle Login' is present

2023-10-05 13:46:15 - [TEST_STEP][PASSED] - setText(findTestObject("Login/input_Username, Email atau No. Handphone_a"), username): Text 'irfanafandi' is set on object 'Object Repository/Login/input_Username, Email atau No. Handphone_a'

2023-10-05 13:46:16 - [MESSAGE][PASSED] - Text 'irfanafandi' is set on object 'Object Repository/Login/input_Username, Email atau No. Handphone_a'

2023-10-05 13:46:16 - [TEST_STEP][PASSED] - setText(findTestObject("Login/input_Password_b"), password): Text '12345irfan' is set on object 'Object Repository/Login/input_Password_b'

2023-10-05 13:46:16 - [MESSAGE][PASSED] - Text '12345irfan' is set on object 'Object Repository/Login/input_Password_b'

2023-10-05 13:46:16 - [TEST_STEP][PASSED] - click(findTestObject("Login/label_Ingat saya")): Object: 'Object Repository/Login/label_Ingat saya' is clicked on

2023-10-05 13:46:17 - [MESSAGE][PASSED] - Object: 'Object Repository/Login/label_Ingat saya' is clicked on

2023-10-05 13:46:17 - [TEST_STEP][PASSED] - click(findTestObject("Login/button_Masuk")): Object: 'Object Repository/Login/button_Masuk' is clicked on

2023-10-05 13:46:18 - [MESSAGE][PASSED] - Object: 'Object Repository/Login/button_Masuk' is clicked on

2023-10-05 13:46:18 - [TEST_STEP][PASSED] - verifyElementPresent(findTestObject("Login/li_Profile"), 0): Object 'Object Repository/Login/li_Profile' is present

2023-10-05 13:46:18 - [MESSAGE][WARNING] - Timeout '0' is invalid. Using default page load timeout: '30'

2023-10-05 13:46:19 - [MESSAGE][PASSED] - Object 'Object Repository/Login/li_Profile' is present

2023-10-05 13:46:19 - [MESSAGE][PASSED] - Call Test Case 'Test Cases/T13 Pembelian, Shipment dan Pembayaran/LU-001' successfully

2023-10-05 13:46:19 - [TEST_STEP][PASSED] - mouseOver(findTestObject("beli barang/i_Mulai Belanja_icon-menu")): Object: 'Object Repository/beli barang/i_Mulai Belanja_icon-menu' is hovered

2023-10-05 13:46:20 - [MESSAGE][PASSED] - Object: 'Object Repository/beli barang/i_Mulai Belanja_icon-menu' is hovered

2023-10-05 13:46:20 - [TEST_STEP][PASSED] - click(findTestObject("beli barang/a_Fashion  Busana Wanita")): Object: 'Object Repository/beli barang/a_Fashion  Busana Wanita' is clicked on

2023-10-05 13:46:21 - [MESSAGE][PASSED] - Object: 'Object Repository/beli barang/a_Fashion  Busana Wanita' is clicked on

2023-10-05 13:46:21 - [TEST_STEP][PASSED] - NamaSebelum = getText(findTestObject("verifikasi/Nama sebelum")): Text of object 'Object Repository/verifikasi/Nama sebelum' is: ''

2023-10-05 13:46:21 - [MESSAGE][PASSED] - Text of object 'Object Repository/verifikasi/Nama sebelum' is: ''

2023-10-05 13:46:21 - [TEST_STEP][PASSED] - HargaSebelum = getText(findTestObject("verifikasi/Harga sebelum")): Text of object 'Object Repository/verifikasi/Harga sebelum' is: 'Rp 1,299'

2023-10-05 13:46:22 - [MESSAGE][PASSED] - Text of object 'Object Repository/verifikasi/Harga sebelum' is: 'Rp 1,299'

2023-10-05 13:46:22 - [TEST_STEP][PASSED] - mouseOver(findTestObject("beli barang/barang mouse over")): Object: 'Object Repository/beli barang/barang mouse over' is hovered

2023-10-05 13:46:22 - [MESSAGE][PASSED] - Object: 'Object Repository/beli barang/barang mouse over' is hovered

2023-10-05 13:46:22 - [TEST_STEP][PASSED] - click(findTestObject("beli barang/buttom add to cart")): Object: 'Object Repository/beli barang/buttom add to cart' is clicked on

2023-10-05 13:46:24 - [MESSAGE][PASSED] - Object: 'Object Repository/beli barang/buttom add to cart' is clicked on

2023-10-05 13:46:24 - [TEST_STEP][PASSED] - NamaSesudah = getText(findTestObject("verifikasi/Nama sesudah")): Text of object 'Object Repository/verifikasi/Nama sesudah' is: 'Segitiga Instan Madeira - MDB5.3 Sunset'

2023-10-05 13:46:24 - [MESSAGE][PASSED] - Text of object 'Object Repository/verifikasi/Nama sesudah' is: 'Segitiga Instan Madeira - MDB5.3 Sunset'

2023-10-05 13:46:24 - [TEST_STEP][PASSED] - HargaSesudah = getText(findTestObject("verifikasi/Harga sesudah")): Text of object 'Object Repository/verifikasi/Harga sesudah' is: 'Rp 1,299'

2023-10-05 13:46:25 - [MESSAGE][PASSED] - Text of object 'Object Repository/verifikasi/Harga sesudah' is: 'Rp 1,299'

2023-10-05 13:46:25 - [TEST_STEP][PASSED] - assert NamaSesudah.contains(NamaSebelum): null

2023-10-05 13:46:25 - [TEST_STEP][PASSED] - assert HargaSesudah.contains(HargaSebelum): null

2023-10-05 13:46:25 - [TEST_STEP][PASSED] - click(findTestObject("beli barang/Tambah Keranjang busana wanita")): Object: 'Object Repository/beli barang/Tambah Keranjang busana wanita' is clicked on

2023-10-05 13:46:25 - [MESSAGE][PASSED] - Object: 'Object Repository/beli barang/Tambah Keranjang busana wanita' is clicked on

2023-10-05 13:46:25 - [TEST_STEP][PASSED] - verifyElementPresent(findTestObject("checkout/Notifikasi keranjang"), 1): Object 'Object Repository/checkout/Notifikasi keranjang' is present

2023-10-05 13:46:26 - [MESSAGE][PASSED] - Object 'Object Repository/checkout/Notifikasi keranjang' is present

2023-10-05 13:46:26 - [TEST_STEP][PASSED] - data = new java.util.HashMap(): null

2023-10-05 13:46:26 - [TEST_STEP][PASSED] - data.put("nama_barang", NamaSesudah): null

2023-10-05 13:46:26 - [TEST_STEP][PASSED] - data.put("price_barang", HargaSesudah): null

2023-10-05 13:46:26 - [TEST_STEP][PASSED] - return data: null

2023-10-05 13:46:26 - [MESSAGE][PASSED] - Call Test Case 'Test Cases/T13 Pembelian, Shipment dan Pembayaran/PBL-001' successfully

2023-10-05 13:46:26 - [TEST_STEP][PASSED] - mouseOver(findTestObject("beli barang/keranjang")): Object: 'Object Repository/beli barang/keranjang' is hovered

2023-10-05 13:46:27 - [MESSAGE][PASSED] - Object: 'Object Repository/beli barang/keranjang' is hovered

2023-10-05 13:46:27 - [TEST_STEP][PASSED] - click(findTestObject("beli barang/Lihat Sekarang")): Object: 'Object Repository/beli barang/Lihat Sekarang' is clicked on

2023-10-05 13:46:28 - [MESSAGE][PASSED] - Object: 'Object Repository/beli barang/Lihat Sekarang' is clicked on

2023-10-05 13:46:28 - [TEST_STEP][PASSED] - verifyElementPresent(findTestObject("keranjang/li_Keranjang Belanja"), 0): Object 'Object Repository/keranjang/li_Keranjang Belanja' is present

2023-10-05 13:46:28 - [MESSAGE][WARNING] - Timeout '0' is invalid. Using default page load timeout: '30'

2023-10-05 13:46:29 - [MESSAGE][PASSED] - Object 'Object Repository/keranjang/li_Keranjang Belanja' is present

2023-10-05 13:46:29 - [TEST_STEP][PASSED] - NamaKeranjang = getText(findTestObject("verifikasi/Nama keranjang")): Text of object 'Object Repository/verifikasi/Nama keranjang' is: 'Segitiga Instan Madeira - MDB5.3 Sunset'

2023-10-05 13:46:30 - [MESSAGE][PASSED] - Text of object 'Object Repository/verifikasi/Nama keranjang' is: 'Segitiga Instan Madeira - MDB5.3 Sunset'

2023-10-05 13:46:30 - [TEST_STEP][PASSED] - HargaKeranjang = getText(findTestObject("verifikasi/Harga Keranjang")): Text of object 'Object Repository/verifikasi/Harga Keranjang' is: 'Rp 1,299'

2023-10-05 13:46:30 - [MESSAGE][PASSED] - Text of object 'Object Repository/verifikasi/Harga Keranjang' is: 'Rp 1,299'

2023-10-05 13:46:30 - [TEST_STEP][PASSED] - if (toString().equalsIgnoreCase("Merah")): Object 'Object Repository/keranjang/input_Warna_variasi101' is checked

2023-10-05 13:46:30 - [TEST_STEP][PASSED] - check(findTestObject("Object Repository/keranjang/input_Warna_variasi101")): Object 'Object Repository/keranjang/input_Warna_variasi101' is checked

2023-10-05 13:46:30 - [MESSAGE][PASSED] - Object 'Object Repository/keranjang/input_Warna_variasi101' is checked

2023-10-05 13:46:30 - [TEST_STEP][PASSED] - if (toString().equalsIgnoreCase("Menengah")): Object 'Object Repository/keranjang/input_Ukuran_variasi201' is checked

2023-10-05 13:46:30 - [TEST_STEP][PASSED] - check(findTestObject("Object Repository/keranjang/input_Ukuran_variasi201")): Object 'Object Repository/keranjang/input_Ukuran_variasi201' is checked

2023-10-05 13:46:31 - [MESSAGE][PASSED] - Object 'Object Repository/keranjang/input_Ukuran_variasi201' is checked

2023-10-05 13:46:31 - [TEST_STEP][PASSED] - data.put("Warna", warna): null

2023-10-05 13:46:31 - [TEST_STEP][PASSED] - data.put("Ukuran", ukuran): null

2023-10-05 13:46:31 - [TEST_STEP][PASSED] - click(findTestObject("keranjang/button_Lanjut ke Pembayaran")): Object: 'Object Repository/keranjang/button_Lanjut ke Pembayaran' is clicked on

2023-10-05 13:46:32 - [MESSAGE][PASSED] - Object: 'Object Repository/keranjang/button_Lanjut ke Pembayaran' is clicked on

2023-10-05 13:46:32 - [TEST_STEP][PASSED] - verifyElementPresent(findTestObject("checkout/Tittle Checkout Order"), 0): Object 'Object Repository/checkout/Tittle Checkout Order' is present

2023-10-05 13:46:32 - [MESSAGE][WARNING] - Timeout '0' is invalid. Using default page load timeout: '30'

2023-10-05 13:46:33 - [MESSAGE][PASSED] - Object 'Object Repository/checkout/Tittle Checkout Order' is present

2023-10-05 13:46:33 - [TEST_STEP][PASSED] - name_product = data.get("nama_barang"): null

2023-10-05 13:46:33 - [TEST_STEP][PASSED] - price_product = data.get("price_barang"): null

2023-10-05 13:46:33 - [TEST_STEP][PASSED] - assert name_product == NamaKeranjang: null

2023-10-05 13:46:33 - [TEST_STEP][PASSED] - assert price_product == HargaKeranjang: null

2023-10-05 13:46:33 - [TEST_STEP][PASSED] - return data: null

2023-10-05 13:46:33 - [MESSAGE][PASSED] - Call Test Case 'Test Cases/T13 Pembelian, Shipment dan Pembayaran/PBL-002' successfully

2023-10-05 13:46:33 - [TEST_STEP][PASSED] - warnaa = getText(findTestObject("verifikasi/warna Merah")): Text of object 'Object Repository/verifikasi/warna Merah' is: 'Merah'

2023-10-05 13:46:33 - [MESSAGE][PASSED] - Text of object 'Object Repository/verifikasi/warna Merah' is: 'Merah'

2023-10-05 13:46:33 - [TEST_STEP][PASSED] - ukurann = getText(findTestObject("verifikasi/Ukuran Menengah")): Text of object 'Object Repository/verifikasi/Ukuran Menengah' is: 'Menengah'

2023-10-05 13:46:34 - [MESSAGE][PASSED] - Text of object 'Object Repository/verifikasi/Ukuran Menengah' is: 'Menengah'

2023-10-05 13:46:34 - [TEST_STEP][PASSED] - warna1 = data.get("Warna"): null

2023-10-05 13:46:34 - [TEST_STEP][PASSED] - ukuran1 = data.get("Ukuran"): null

2023-10-05 13:46:34 - [TEST_STEP][PASSED] - assert warnaa == warna1: null

2023-10-05 13:46:34 - [TEST_STEP][PASSED] - assert ukurann == ukuran1: null

2023-10-05 13:46:34 - [TEST_STEP][PASSED] - NamaCheckout = getText(findTestObject("verifikasi/NamaCheckout")): Text of object 'Object Repository/verifikasi/NamaCheckout' is: ''

2023-10-05 13:46:34 - [MESSAGE][PASSED] - Text of object 'Object Repository/verifikasi/NamaCheckout' is: ''

2023-10-05 13:46:34 - [TEST_STEP][PASSED] - HargaCheckout = getText(findTestObject("verifikasi/HargaCheckout")): Text of object 'Object Repository/verifikasi/HargaCheckout' is: '1,299'

2023-10-05 13:46:34 - [MESSAGE][PASSED] - Text of object 'Object Repository/verifikasi/HargaCheckout' is: '1,299'

2023-10-05 13:46:34 - [TEST_STEP][PASSED] - name_product = data.get("nama_barang"): null

2023-10-05 13:46:34 - [TEST_STEP][PASSED] - price_product = data.get("price_barang"): null

2023-10-05 13:46:34 - [TEST_STEP][PASSED] - assert name_product.contains(NamaCheckout): null

2023-10-05 13:46:34 - [TEST_STEP][PASSED] - assert price_product.contains(HargaCheckout): null

2023-10-05 13:46:34 - [TEST_STEP][PASSED] - selectOptionByLabel(findTestObject("checkout/select - Kirim via Kurir Lokal"), Kurir, false): All options with label 'Roda 2' are selected in object 'Object Repository/checkout/select - Kirim via Kurir Lokal' 

2023-10-05 13:46:35 - [MESSAGE][PASSED] - All options with label 'Roda 2' are selected in object 'Object Repository/checkout/select - Kirim via Kurir Lokal' 

2023-10-05 13:46:35 - [TEST_STEP][PASSED] - click(findTestObject("checkout/Kendaraan Kurir")): Object: 'Object Repository/checkout/Kendaraan Kurir' is clicked on

2023-10-05 13:46:36 - [MESSAGE][PASSED] - Object: 'Object Repository/checkout/Kendaraan Kurir' is clicked on

2023-10-05 13:46:36 - [TEST_STEP][PASSED] - OngkosKirim = getText(findTestObject("Object Repository/verifikasi/Ongkos Kirim checkout")): Text of object 'Object Repository/verifikasi/Ongkos Kirim checkout' is: 'Rp. 5,000'

2023-10-05 13:46:37 - [MESSAGE][PASSED] - Text of object 'Object Repository/verifikasi/Ongkos Kirim checkout' is: 'Rp. 5,000'

2023-10-05 13:46:37 - [TEST_STEP][PASSED] - Ongkos = OngkosKirim.substring(3, OngkosKirim.size()): null

2023-10-05 13:46:37 - [TEST_STEP][PASSED] - rep = Ongkos.replace(",", "."): null

2023-10-05 13:46:37 - [TEST_STEP][PASSED] - Ongkos_kirim = Double.parseDouble(rep): null

2023-10-05 13:46:37 - [TEST_STEP][PASSED] - println(Ongkos_kirim): null

2023-10-05 13:46:37 - [TEST_STEP][PASSED] - FeeAdmin = getText(findTestObject("verifikasi/Fee Admin checkout")): Text of object 'Object Repository/verifikasi/Fee Admin checkout' is: 'Fee Admin
Rp 1,500'

2023-10-05 13:46:37 - [MESSAGE][PASSED] - Text of object 'Object Repository/verifikasi/Fee Admin checkout' is: 'Fee Admin
Rp 1,500'

2023-10-05 13:46:37 - [TEST_STEP][PASSED] - Fee_Admin = FeeAdmin.substring(12, FeeAdmin.size()): null

2023-10-05 13:46:37 - [TEST_STEP][PASSED] - fee = Fee_Admin.replace(",", "."): null

2023-10-05 13:46:37 - [TEST_STEP][PASSED] - fee_admin = Double.parseDouble(fee): null

2023-10-05 13:46:37 - [TEST_STEP][PASSED] - println(fee_admin): null

2023-10-05 13:46:37 - [TEST_STEP][PASSED] - Subtotal = getText(findTestObject("verifikasi/subtotal checkout")): Text of object 'Object Repository/verifikasi/subtotal checkout' is: 'Subtotal
Rp 1,299'

2023-10-05 13:46:38 - [MESSAGE][PASSED] - Text of object 'Object Repository/verifikasi/subtotal checkout' is: 'Subtotal
Rp 1,299'

2023-10-05 13:46:38 - [TEST_STEP][PASSED] - sub_total = Subtotal.substring(12, Subtotal.size()): null

2023-10-05 13:46:38 - [TEST_STEP][PASSED] - sub = sub_total.replace(",", "."): null

2023-10-05 13:46:38 - [TEST_STEP][PASSED] - sub_total = Double.parseDouble(sub): null

2023-10-05 13:46:38 - [TEST_STEP][PASSED] - println(sub_total): null

2023-10-05 13:46:38 - [TEST_STEP][PASSED] - Total = getText(findTestObject("verifikasi/Total checkout")): Text of object 'Object Repository/verifikasi/Total checkout' is: 'Rp 7,799'

2023-10-05 13:46:38 - [MESSAGE][PASSED] - Text of object 'Object Repository/verifikasi/Total checkout' is: 'Rp 7,799'

2023-10-05 13:46:38 - [TEST_STEP][PASSED] - totall = Total.substring(3, Total.size()): null

2023-10-05 13:46:38 - [TEST_STEP][PASSED] - total = totall.replace(",", "."): null

2023-10-05 13:46:38 - [TEST_STEP][PASSED] - totall = Double.parseDouble(total): null

2023-10-05 13:46:38 - [TEST_STEP][PASSED] - println(totall): null

2023-10-05 13:46:38 - [TEST_STEP][PASSED] - Total_Harga = Ongkos_kirim + fee_admin + sub_total: null

2023-10-05 13:46:38 - [TEST_STEP][PASSED] - println(Total_Harga): null

2023-10-05 13:46:38 - [TEST_STEP][PASSED] - TotalHarga = Math.round(Total_Harga * 1000) / 1000: null

2023-10-05 13:46:38 - [TEST_STEP][PASSED] - println(TotalHarga): null

2023-10-05 13:46:38 - [TEST_STEP][PASSED] - assert totall == TotalHarga: null

2023-10-05 13:46:38 - [TEST_STEP][PASSED] - click(findTestObject("verifikasi/Metode Transfer")): Object: 'Object Repository/verifikasi/Metode Transfer' is clicked on

2023-10-05 13:46:38 - [MESSAGE][PASSED] - Object: 'Object Repository/verifikasi/Metode Transfer' is clicked on

2023-10-05 13:46:38 - [TEST_STEP][PASSED] - click(findTestObject("checkout/button_Proses Pembayaran")): Object: 'Object Repository/checkout/button_Proses Pembayaran' is clicked on

2023-10-05 13:46:47 - [MESSAGE][PASSED] - Object: 'Object Repository/checkout/button_Proses Pembayaran' is clicked on

2023-10-05 13:46:47 - [TEST_STEP][PASSED] - verifyElementPresent(findTestObject("pembayaran/Tittle nomor invoice"), 0): Object 'Object Repository/pembayaran/Tittle nomor invoice' is present

2023-10-05 13:46:47 - [MESSAGE][WARNING] - Timeout '0' is invalid. Using default page load timeout: '30'

2023-10-05 13:46:47 - [MESSAGE][PASSED] - Object 'Object Repository/pembayaran/Tittle nomor invoice' is present

2023-10-05 13:46:47 - [TEST_STEP][PASSED] - return data: null

2023-10-05 13:46:47 - [MESSAGE][PASSED] - Call Test Case 'Test Cases/T13 Pembelian, Shipment dan Pembayaran/PBL-004' successfully

2023-10-05 13:46:47 - [TEST_STEP][PASSED] - Invoice = getText(findTestObject("pembayaran/nomor invoice")): Text of object 'Object Repository/pembayaran/nomor invoice' is: 'TRX60.20231005134642'

2023-10-05 13:46:48 - [MESSAGE][PASSED] - Text of object 'Object Repository/pembayaran/nomor invoice' is: 'TRX60.20231005134642'

2023-10-05 13:46:48 - [TEST_STEP][PASSED] - data.put("invoice", Invoice): null

2023-10-05 13:46:48 - [TEST_STEP][PASSED] - NamaPemesan = getText(findTestObject("Konfirmasi pesanan shop/Nama pemesan")): Text of object 'Object Repository/Konfirmasi pesanan shop/Nama pemesan' is: 'irfan.afandi'

2023-10-05 13:46:48 - [MESSAGE][PASSED] - Text of object 'Object Repository/Konfirmasi pesanan shop/Nama pemesan' is: 'irfan.afandi'

2023-10-05 13:46:48 - [TEST_STEP][PASSED] - Nama = getText(findTestObject("pembayaran/Nama barang")): Text of object 'Object Repository/pembayaran/Nama barang' is: 'Segitiga Instan Madeira - MDB5.3 Sunset'

2023-10-05 13:46:49 - [MESSAGE][PASSED] - Text of object 'Object Repository/pembayaran/Nama barang' is: 'Segitiga Instan Madeira - MDB5.3 Sunset'

2023-10-05 13:46:49 - [TEST_STEP][PASSED] - Harga = getText(findTestObject("pembayaran/Harga barang")): Text of object 'Object Repository/pembayaran/Harga barang' is: '1,299'

2023-10-05 13:46:49 - [MESSAGE][PASSED] - Text of object 'Object Repository/pembayaran/Harga barang' is: '1,299'

2023-10-05 13:46:49 - [TEST_STEP][PASSED] - name_product = data.get("nama_barang"): null

2023-10-05 13:46:49 - [TEST_STEP][PASSED] - price_product = data.get("price_barang"): null

2023-10-05 13:46:49 - [TEST_STEP][PASSED] - assert name_product.contains(Nama): null

2023-10-05 13:46:49 - [TEST_STEP][PASSED] - assert price_product.contains(Harga): null

2023-10-05 13:46:49 - [TEST_STEP][PASSED] - warnaa = getText(findTestObject("pembayaran/warna")): Text of object 'Object Repository/pembayaran/warna' is: 'Merah'

2023-10-05 13:46:50 - [MESSAGE][PASSED] - Text of object 'Object Repository/pembayaran/warna' is: 'Merah'

2023-10-05 13:46:50 - [TEST_STEP][PASSED] - ukurann = getText(findTestObject("pembayaran/ukuran")): Text of object 'Object Repository/pembayaran/ukuran' is: 'Menengah'

2023-10-05 13:46:50 - [MESSAGE][PASSED] - Text of object 'Object Repository/pembayaran/ukuran' is: 'Menengah'

2023-10-05 13:46:50 - [TEST_STEP][PASSED] - warna1 = data.get("Warna"): null

2023-10-05 13:46:50 - [TEST_STEP][PASSED] - ukuran1 = data.get("Ukuran"): null

2023-10-05 13:46:50 - [TEST_STEP][PASSED] - assert warnaa == warna1: null

2023-10-05 13:46:50 - [TEST_STEP][PASSED] - assert ukurann == ukuran1: null

2023-10-05 13:46:50 - [TEST_STEP][PASSED] - statusPembelian = getText(findTestObject("verifikasi/Status pending di pembelian")): Text of object 'Object Repository/verifikasi/Status pending di pembelian' is: 'Pending'

2023-10-05 13:46:51 - [MESSAGE][PASSED] - Text of object 'Object Repository/verifikasi/Status pending di pembelian' is: 'Pending'

2023-10-05 13:46:51 - [TEST_STEP][PASSED] - data.put("statusPem", statusPembelian): null

2023-10-05 13:46:51 - [TEST_STEP][PASSED] - OngkosKirim = getText(findTestObject("pembayaran/ongkos kirim")): Text of object 'Object Repository/pembayaran/ongkos kirim' is: 'Rp 5,000'

2023-10-05 13:46:51 - [MESSAGE][PASSED] - Text of object 'Object Repository/pembayaran/ongkos kirim' is: 'Rp 5,000'

2023-10-05 13:46:51 - [TEST_STEP][PASSED] - Ongkos = OngkosKirim.substring(3, OngkosKirim.size()): null

2023-10-05 13:46:51 - [TEST_STEP][PASSED] - rep = Ongkos.replace(",", ""): null

2023-10-05 13:46:51 - [TEST_STEP][PASSED] - Ongkos_kirimm = Integer.parseInt(rep): null

2023-10-05 13:46:51 - [TEST_STEP][PASSED] - println(Ongkos_kirimm): null

2023-10-05 13:46:51 - [TEST_STEP][PASSED] - FeeAdmin = getText(findTestObject("pembayaran/fee admin")): Text of object 'Object Repository/pembayaran/fee admin' is: 'Rp 1,500'

2023-10-05 13:46:52 - [MESSAGE][PASSED] - Text of object 'Object Repository/pembayaran/fee admin' is: 'Rp 1,500'

2023-10-05 13:46:52 - [TEST_STEP][PASSED] - Fee_Admin = FeeAdmin.substring(3, FeeAdmin.size()): null

2023-10-05 13:46:52 - [TEST_STEP][PASSED] - fee = Fee_Admin.replace(",", ""): null

2023-10-05 13:46:52 - [TEST_STEP][PASSED] - fee_adminn = Integer.parseInt(fee): null

2023-10-05 13:46:52 - [TEST_STEP][PASSED] - println(fee_adminn): null

2023-10-05 13:46:52 - [TEST_STEP][PASSED] - Subtotal = getText(findTestObject("pembayaran/subtotal")): Text of object 'Object Repository/pembayaran/subtotal' is: 'Rp 1,299'

2023-10-05 13:46:52 - [MESSAGE][PASSED] - Text of object 'Object Repository/pembayaran/subtotal' is: 'Rp 1,299'

2023-10-05 13:46:52 - [TEST_STEP][PASSED] - sub_total = Subtotal.substring(3, Subtotal.size()): null

2023-10-05 13:46:52 - [TEST_STEP][PASSED] - sub = sub_total.replace(",", ""): null

2023-10-05 13:46:52 - [TEST_STEP][PASSED] - sub_totall = Integer.parseInt(sub): null

2023-10-05 13:46:52 - [TEST_STEP][PASSED] - println(sub_totall): null

2023-10-05 13:46:52 - [TEST_STEP][PASSED] - unik = getText(findTestObject("pembayaran/kode unik")): Text of object 'Object Repository/pembayaran/kode unik' is: '+642'

2023-10-05 13:46:53 - [MESSAGE][PASSED] - Text of object 'Object Repository/pembayaran/kode unik' is: '+642'

2023-10-05 13:46:53 - [TEST_STEP][PASSED] - unikk = unik.replace("+", ""): null

2023-10-05 13:46:53 - [TEST_STEP][PASSED] - kode_unik = Integer.parseInt(unikk): null

2023-10-05 13:46:53 - [TEST_STEP][PASSED] - println(kode_unik): null

2023-10-05 13:46:53 - [TEST_STEP][PASSED] - Total = getText(findTestObject("pembayaran/total")): Text of object 'Object Repository/pembayaran/total' is: '8,441'

2023-10-05 13:46:53 - [MESSAGE][PASSED] - Text of object 'Object Repository/pembayaran/total' is: '8,441'

2023-10-05 13:46:53 - [TEST_STEP][PASSED] - total = Total.replace(",", ""): null

2023-10-05 13:46:53 - [TEST_STEP][PASSED] - totalll = Integer.parseInt(total): null

2023-10-05 13:46:53 - [TEST_STEP][PASSED] - println(totalll): null

2023-10-05 13:46:53 - [TEST_STEP][PASSED] - Total_Hargaa = Ongkos_kirimm + fee_adminn + sub_totall + kode_unik: null

2023-10-05 13:46:53 - [TEST_STEP][PASSED] - println(Total_Hargaa): null

2023-10-05 13:46:53 - [TEST_STEP][PASSED] - assert totalll == Total_Hargaa: null

2023-10-05 13:46:53 - [TEST_STEP][PASSED] - data.put("total", Total): null

2023-10-05 13:46:53 - [TEST_STEP][PASSED] - data.put("nama", NamaPemesan): null

2023-10-05 13:46:53 - [TEST_STEP][PASSED] - return data: null

2023-10-05 13:46:53 - [MESSAGE][PASSED] - Call Test Case 'Test Cases/T13 Pembelian, Shipment dan Pembayaran/PBY-001' successfully

2023-10-05 13:46:53 - [TEST_STEP][PASSED] - inv = data.get("invoice"): null

2023-10-05 13:46:53 - [TEST_STEP][PASSED] - Total = data.get("total"): null

2023-10-05 13:46:53 - [TEST_STEP][PASSED] - NamaPemesan = data.get("nama"): null

2023-10-05 13:46:53 - [TEST_STEP][PASSED] - click(findTestObject("Konfirmasi pesanan shop/Menu Shop")): Object: 'Object Repository/Konfirmasi pesanan shop/Menu Shop' is clicked on

2023-10-05 13:46:57 - [MESSAGE][PASSED] - Object: 'Object Repository/Konfirmasi pesanan shop/Menu Shop' is clicked on

2023-10-05 13:46:57 - [TEST_STEP][PASSED] - click(findTestObject("Konfirmasi pesanan shop/Menu Shop")): Object: 'Object Repository/Konfirmasi pesanan shop/Menu Shop' is clicked on

2023-10-05 13:46:57 - [MESSAGE][PASSED] - Object: 'Object Repository/Konfirmasi pesanan shop/Menu Shop' is clicked on

2023-10-05 13:46:57 - [TEST_STEP][PASSED] - click(findTestObject("Konfirmasi pesanan shop/Konfirmasi Orders")): Object: 'Object Repository/Konfirmasi pesanan shop/Konfirmasi Orders' is clicked on

2023-10-05 13:46:58 - [MESSAGE][PASSED] - Object: 'Object Repository/Konfirmasi pesanan shop/Konfirmasi Orders' is clicked on

2023-10-05 13:46:58 - [TEST_STEP][PASSED] - verifyElementPresent(findTestObject("Konfirmasi pesanan shop/Tittle Konfirmasi Pesanan"), 0): Object 'Object Repository/Konfirmasi pesanan shop/Tittle Konfirmasi Pesanan' is present

2023-10-05 13:46:59 - [MESSAGE][WARNING] - Timeout '0' is invalid. Using default page load timeout: '30'

2023-10-05 13:46:59 - [MESSAGE][PASSED] - Object 'Object Repository/Konfirmasi pesanan shop/Tittle Konfirmasi Pesanan' is present

2023-10-05 13:46:59 - [TEST_STEP][PASSED] - setText(findTestObject("Konfirmasi pesanan shop/input_No Pesanan"), inv): Text 'TRX60.20231005134642' is set on object 'Object Repository/Konfirmasi pesanan shop/input_No Pesanan'

2023-10-05 13:47:00 - [MESSAGE][PASSED] - Text 'TRX60.20231005134642' is set on object 'Object Repository/Konfirmasi pesanan shop/input_No Pesanan'

2023-10-05 13:47:00 - [TEST_STEP][PASSED] - setText(findTestObject("Konfirmasi pesanan shop/input_Alamat E-mai"), "irfan@gmail.com"): Text 'irfan@gmail.com' is set on object 'Object Repository/Konfirmasi pesanan shop/input_Alamat E-mai'

2023-10-05 13:47:01 - [MESSAGE][PASSED] - Text 'irfan@gmail.com' is set on object 'Object Repository/Konfirmasi pesanan shop/input_Alamat E-mai'

2023-10-05 13:47:01 - [TEST_STEP][PASSED] - click(findTestObject("Konfirmasi pesanan shop/button_Submit")): Object: 'Object Repository/Konfirmasi pesanan shop/button_Submit' is clicked on

2023-10-05 13:47:02 - [MESSAGE][PASSED] - Object: 'Object Repository/Konfirmasi pesanan shop/button_Submit' is clicked on

2023-10-05 13:47:02 - [TEST_STEP][PASSED] - verifyElementPresent(findTestObject("Konfirmasi pesanan shop/Tittle nomor invoice"), 0): Object 'Object Repository/Konfirmasi pesanan shop/Tittle nomor invoice' is present

2023-10-05 13:47:02 - [MESSAGE][WARNING] - Timeout '0' is invalid. Using default page load timeout: '30'

2023-10-05 13:47:03 - [MESSAGE][PASSED] - Object 'Object Repository/Konfirmasi pesanan shop/Tittle nomor invoice' is present

2023-10-05 13:47:03 - [TEST_STEP][PASSED] - setText(findTestObject("Konfirmasi pesanan shop/input_Total TagihanTransfer_b"), Total): Text '8,441' is set on object 'Object Repository/Konfirmasi pesanan shop/input_Total TagihanTransfer_b'

2023-10-05 13:47:04 - [MESSAGE][PASSED] - Text '8,441' is set on object 'Object Repository/Konfirmasi pesanan shop/input_Total TagihanTransfer_b'

2023-10-05 13:47:04 - [TEST_STEP][PASSED] - selectOptionByValue(findTestObject("Konfirmasi pesanan shop/select_Bank"), "4", false): All options with value '4' are selected in object 'Object Repository/Konfirmasi pesanan shop/select_Bank' 

2023-10-05 13:47:04 - [MESSAGE][PASSED] - All options with value '4' are selected in object 'Object Repository/Konfirmasi pesanan shop/select_Bank' 

2023-10-05 13:47:04 - [TEST_STEP][PASSED] - setText(findTestObject("Konfirmasi pesanan shop/input_Nama Pengirim_d"), NamaPemesan): Text 'irfan.afandi' is set on object 'Object Repository/Konfirmasi pesanan shop/input_Nama Pengirim_d'

2023-10-05 13:47:05 - [MESSAGE][PASSED] - Text 'irfan.afandi' is set on object 'Object Repository/Konfirmasi pesanan shop/input_Nama Pengirim_d'

2023-10-05 13:47:05 - [TEST_STEP][PASSED] - uploadFile(findTestObject("keranjang/konfirmasi/input_Upload Bukti Transfer_f"), "C:\Users\IRFAN\Downloads\Berkas2.pdf"): File 'C:\Users\IRFAN\Downloads\Berkas2.pdf' sent to object: 'Object Repository/keranjang/konfirmasi/input_Upload Bukti Transfer_f'

2023-10-05 13:47:06 - [MESSAGE][PASSED] - File 'C:\Users\IRFAN\Downloads\Berkas2.pdf' sent to object: 'Object Repository/keranjang/konfirmasi/input_Upload Bukti Transfer_f'

2023-10-05 13:47:06 - [TEST_STEP][PASSED] - click(findTestObject("Konfirmasi pesanan shop/button_Konfirmasi Pembayaran")): Object: 'Object Repository/Konfirmasi pesanan shop/button_Konfirmasi Pembayaran' is clicked on

2023-10-05 13:47:07 - [MESSAGE][PASSED] - Object: 'Object Repository/Konfirmasi pesanan shop/button_Konfirmasi Pembayaran' is clicked on

2023-10-05 13:47:07 - [TEST_STEP][PASSED] - verifyElementPresent(findTestObject("Konfirmasi pesanan shop/Tittle Konfirmasi Pesanan"), 0): Object 'Object Repository/Konfirmasi pesanan shop/Tittle Konfirmasi Pesanan' is present

2023-10-05 13:47:07 - [MESSAGE][WARNING] - Timeout '0' is invalid. Using default page load timeout: '30'

2023-10-05 13:47:08 - [MESSAGE][PASSED] - Object 'Object Repository/Konfirmasi pesanan shop/Tittle Konfirmasi Pesanan' is present

2023-10-05 13:47:08 - [TEST_STEP][PASSED] - verifyElementPresent(findTestObject("Konfirmasi pesanan shop/Tittle massage succes Konfirmasi Pembayaran Pesanan"), 0): Object 'Object Repository/Konfirmasi pesanan shop/Tittle massage succes Konfirmasi Pembayaran Pesanan' is present

2023-10-05 13:47:08 - [MESSAGE][WARNING] - Timeout '0' is invalid. Using default page load timeout: '30'

2023-10-05 13:47:08 - [MESSAGE][PASSED] - Object 'Object Repository/Konfirmasi pesanan shop/Tittle massage succes Konfirmasi Pembayaran Pesanan' is present

2023-10-05 13:47:08 - [TEST_STEP][PASSED] - return data: null

2023-10-05 13:47:08 - [MESSAGE][PASSED] - Call Test Case 'Test Cases/T13 Pembelian, Shipment dan Pembayaran/PBY-004' successfully

2023-10-05 13:47:08 - [TEST_STEP][PASSED] - navigateToUrl("https://10.9.2.63/ecommerce/administrator/"): Navigate to 'https://10.9.2.63/ecommerce/administrator/' successfully

2023-10-05 13:47:09 - [MESSAGE][PASSED] - Navigate to 'https://10.9.2.63/ecommerce/administrator/' successfully

2023-10-05 13:47:09 - [TEST_STEP][PASSED] - verifyElementPresent(findTestObject("admin/Tittle ADMIN Login"), 0): Object 'Object Repository/admin/Tittle ADMIN Login' is present

2023-10-05 13:47:09 - [MESSAGE][WARNING] - Timeout '0' is invalid. Using default page load timeout: '30'

2023-10-05 13:47:09 - [MESSAGE][PASSED] - Object 'Object Repository/admin/Tittle ADMIN Login' is present

2023-10-05 13:47:09 - [TEST_STEP][PASSED] - setText(findTestObject("admin/Username"), "admin"): Text 'admin' is set on object 'Object Repository/admin/Username'

2023-10-05 13:47:10 - [MESSAGE][PASSED] - Text 'admin' is set on object 'Object Repository/admin/Username'

2023-10-05 13:47:10 - [TEST_STEP][PASSED] - setText(findTestObject("admin/Password"), "123admin123"): Text '123admin123' is set on object 'Object Repository/admin/Password'

2023-10-05 13:47:11 - [MESSAGE][PASSED] - Text '123admin123' is set on object 'Object Repository/admin/Password'

2023-10-05 13:47:11 - [TEST_STEP][PASSED] - click(findTestObject("admin/Remember Me")): Object: 'Object Repository/admin/Remember Me' is clicked on

2023-10-05 13:47:11 - [MESSAGE][PASSED] - Object: 'Object Repository/admin/Remember Me' is clicked on

2023-10-05 13:47:11 - [TEST_STEP][PASSED] - delay(10): Delayed 10 second(s)

2023-10-05 13:47:21 - [MESSAGE][PASSED] - Delayed 10 second(s)

2023-10-05 13:47:21 - [TEST_STEP][PASSED] - click(findTestObject("admin/buttom submit")): Object: 'Object Repository/admin/buttom submit' is clicked on

2023-10-05 13:47:23 - [MESSAGE][PASSED] - Object: 'Object Repository/admin/buttom submit' is clicked on

2023-10-05 13:47:23 - [TEST_STEP][PASSED] - verifyElementPresent(findTestObject("admin/Konf order konsumen/Tittle Dashboard"), 0): Object 'Object Repository/admin/Konf order konsumen/Tittle Dashboard' is present

2023-10-05 13:47:23 - [MESSAGE][WARNING] - Timeout '0' is invalid. Using default page load timeout: '30'

2023-10-05 13:47:23 - [MESSAGE][PASSED] - Object 'Object Repository/admin/Konf order konsumen/Tittle Dashboard' is present

2023-10-05 13:47:23 - [TEST_STEP][PASSED] - click(findTestObject("admin/Konf order konsumen/Menu Transaksi Market")): Object: 'Object Repository/admin/Konf order konsumen/Menu Transaksi Market' is clicked on

2023-10-05 13:47:24 - [MESSAGE][PASSED] - Object: 'Object Repository/admin/Konf order konsumen/Menu Transaksi Market' is clicked on

2023-10-05 13:47:24 - [TEST_STEP][PASSED] - click(findTestObject("admin/Konf order konsumen/Menu Konf. Order Konsumen")): Object: 'Object Repository/admin/Konf order konsumen/Menu Konf. Order Konsumen' is clicked on

2023-10-05 13:47:25 - [MESSAGE][PASSED] - Object: 'Object Repository/admin/Konf order konsumen/Menu Konf. Order Konsumen' is clicked on

2023-10-05 13:47:25 - [TEST_STEP][PASSED] - verifyElementPresent(findTestObject("admin/Konf order konsumen/Tittle Data Konfirmasi Pembayaran Konsumen"), 0): Object 'Object Repository/admin/Konf order konsumen/Tittle Data Konfirmasi Pembayaran Konsumen' is present

2023-10-05 13:47:25 - [MESSAGE][WARNING] - Timeout '0' is invalid. Using default page load timeout: '30'

2023-10-05 13:47:26 - [MESSAGE][PASSED] - Object 'Object Repository/admin/Konf order konsumen/Tittle Data Konfirmasi Pembayaran Konsumen' is present

2023-10-05 13:47:26 - [TEST_STEP][PASSED] - inv = data.get("invoice"): null

2023-10-05 13:47:26 - [TEST_STEP][PASSED] - setText(findTestObject("admin/Konf order konsumen/Search"), inv): Text 'TRX60.20231005134642' is set on object 'Object Repository/admin/Konf order konsumen/Search'

2023-10-05 13:47:27 - [MESSAGE][PASSED] - Text 'TRX60.20231005134642' is set on object 'Object Repository/admin/Konf order konsumen/Search'

2023-10-05 13:47:27 - [TEST_STEP][PASSED] - verifyElementText(findTestObject("admin/Konf order konsumen/Keterangan Lunas"), "Lunas"): Actual text and expected text of test object 'Object Repository/admin/Konf order konsumen/Keterangan Lunas' are matched.

2023-10-05 13:47:27 - [MESSAGE][PASSED] - Actual text and expected text of test object 'Object Repository/admin/Konf order konsumen/Keterangan Lunas' are matched.

2023-10-05 13:47:27 - [TEST_STEP][PASSED] - return data: null

2023-10-05 13:47:27 - [MESSAGE][PASSED] - Call Test Case 'Test Cases/T13 Pembelian, Shipment dan Pembayaran/PBYA-001' successfully

2023-10-05 13:47:27 - [TEST_STEP][PASSED] - click(findTestObject("admin/Penjualan ke konsumen/buttom Dashboard")): Object: 'Object Repository/admin/Penjualan ke konsumen/buttom Dashboard' is clicked on

2023-10-05 13:47:28 - [MESSAGE][PASSED] - Object: 'Object Repository/admin/Penjualan ke konsumen/buttom Dashboard' is clicked on

2023-10-05 13:47:28 - [TEST_STEP][PASSED] - click(findTestObject("admin/Konf order konsumen/Menu Transaksi Market")): Object: 'Object Repository/admin/Konf order konsumen/Menu Transaksi Market' is clicked on

2023-10-05 13:47:28 - [MESSAGE][PASSED] - Object: 'Object Repository/admin/Konf order konsumen/Menu Transaksi Market' is clicked on

2023-10-05 13:47:28 - [TEST_STEP][PASSED] - click(findTestObject("admin/Penjualan ke konsumen/a_Penjualan ke Konsumen")): Object: 'Object Repository/admin/Penjualan ke konsumen/a_Penjualan ke Konsumen' is clicked on

2023-10-05 13:47:32 - [MESSAGE][PASSED] - Object: 'Object Repository/admin/Penjualan ke konsumen/a_Penjualan ke Konsumen' is clicked on

2023-10-05 13:47:32 - [TEST_STEP][PASSED] - verifyElementPresent(findTestObject("admin/Tittle Data Transaksi Penjualan  Orderan Konsumen"), 0): Object 'Object Repository/admin/Tittle Data Transaksi Penjualan  Orderan Konsumen' is present

2023-10-05 13:47:32 - [MESSAGE][WARNING] - Timeout '0' is invalid. Using default page load timeout: '30'

2023-10-05 13:47:32 - [MESSAGE][PASSED] - Object 'Object Repository/admin/Tittle Data Transaksi Penjualan  Orderan Konsumen' is present

2023-10-05 13:47:32 - [TEST_STEP][PASSED] - return data: null

2023-10-05 13:47:32 - [MESSAGE][PASSED] - Call Test Case 'Test Cases/T13 Pembelian, Shipment dan Pembayaran/SA-001' successfully

2023-10-05 13:47:32 - [TEST_STEP][PASSED] - inv = data.get("invoice"): null

2023-10-05 13:47:32 - [TEST_STEP][PASSED] - setText(findTestObject("admin/Penjualan ke konsumen/Search"), inv): Text 'TRX60.20231005134642' is set on object 'Object Repository/admin/Penjualan ke konsumen/Search'

2023-10-05 13:47:33 - [MESSAGE][PASSED] - Text 'TRX60.20231005134642' is set on object 'Object Repository/admin/Penjualan ke konsumen/Search'

2023-10-05 13:47:33 - [TEST_STEP][PASSED] - click(findTestObject("admin/Penjualan ke konsumen/buttom konfirmasi pending payment"), CONTINUE_ON_FAILURE): Object: 'Object Repository/admin/Penjualan ke konsumen/buttom konfirmasi pending payment' is clicked on

2023-10-05 13:47:34 - [MESSAGE][PASSED] - Object: 'Object Repository/admin/Penjualan ke konsumen/buttom konfirmasi pending payment' is clicked on

2023-10-05 13:47:34 - [TEST_STEP][PASSED] - waitForAlert(5, OPTIONAL): Alert is present after 5 second(s).

2023-10-05 13:47:34 - [MESSAGE][PASSED] - Alert is present after 5 second(s).

2023-10-05 13:47:34 - [TEST_STEP][PASSED] - acceptAlert(): Alert accepted

2023-10-05 13:47:34 - [MESSAGE][PASSED] - Alert accepted

2023-10-05 13:47:34 - [TEST_STEP][PASSED] - setText(findTestObject("admin/Penjualan ke konsumen/Search"), inv): Text 'TRX60.20231005134642' is set on object 'Object Repository/admin/Penjualan ke konsumen/Search'

2023-10-05 13:47:43 - [MESSAGE][PASSED] - Text 'TRX60.20231005134642' is set on object 'Object Repository/admin/Penjualan ke konsumen/Search'

2023-10-05 13:47:43 - [TEST_STEP][PASSED] - verifyTextNotPresent("pending payment", false): Text 'pending payment' is not present on page

2023-10-05 13:47:43 - [MESSAGE][PASSED] - Text 'pending payment' is not present on page

2023-10-05 13:47:43 - [TEST_STEP][PASSED] - return data: null

2023-10-05 13:47:43 - [MESSAGE][PASSED] - Call Test Case 'Test Cases/T13 Pembelian, Shipment dan Pembayaran/SA-002' successfully

2023-10-05 13:47:43 - [TEST_STEP][PASSED] - click(findTestObject("admin/Penjualan ke konsumen/buttom scroldown")): Object: 'Object Repository/admin/Penjualan ke konsumen/buttom scroldown' is clicked on

2023-10-05 13:47:44 - [MESSAGE][PASSED] - Object: 'Object Repository/admin/Penjualan ke konsumen/buttom scroldown' is clicked on

2023-10-05 13:47:44 - [TEST_STEP][PASSED] - click(findTestObject("shipment/a_Pending"), CONTINUE_ON_FAILURE): Object: 'Object Repository/shipment/a_Pending' is clicked on

2023-10-05 13:47:44 - [MESSAGE][PASSED] - Object: 'Object Repository/shipment/a_Pending' is clicked on

2023-10-05 13:47:44 - [TEST_STEP][PASSED] - waitForAlert(5, OPTIONAL): Alert is present after 5 second(s).

2023-10-05 13:47:44 - [MESSAGE][PASSED] - Alert is present after 5 second(s).

2023-10-05 13:47:44 - [TEST_STEP][PASSED] - acceptAlert(): Alert accepted

2023-10-05 13:47:44 - [MESSAGE][PASSED] - Alert accepted

2023-10-05 13:47:44 - [TEST_STEP][PASSED] - inv = data.get("invoice"): null

2023-10-05 13:47:44 - [TEST_STEP][PASSED] - setText(findTestObject("admin/Penjualan ke konsumen/Search"), inv): Text 'TRX60.20231005134642' is set on object 'Object Repository/admin/Penjualan ke konsumen/Search'

2023-10-05 13:47:54 - [MESSAGE][PASSED] - Text 'TRX60.20231005134642' is set on object 'Object Repository/admin/Penjualan ke konsumen/Search'

2023-10-05 13:47:54 - [TEST_STEP][PASSED] - delay(10): Delayed 10 second(s)

2023-10-05 13:48:04 - [MESSAGE][PASSED] - Delayed 10 second(s)

2023-10-05 13:48:04 - [TEST_STEP][PASSED] - verifyElementText(findTestObject("PROSES PENJUALAN/Pending"), "Pending"): Actual text and expected text of test object 'Object Repository/PROSES PENJUALAN/Pending' are matched.

2023-10-05 13:48:04 - [MESSAGE][PASSED] - Actual text and expected text of test object 'Object Repository/PROSES PENJUALAN/Pending' are matched.

2023-10-05 13:48:04 - [TEST_STEP][PASSED] - pending = getText(findTestObject("PROSES PENJUALAN/Pending")): Text of object 'Object Repository/PROSES PENJUALAN/Pending' is: 'Pending'

2023-10-05 13:48:04 - [MESSAGE][PASSED] - Text of object 'Object Repository/PROSES PENJUALAN/Pending' is: 'Pending'

2023-10-05 13:48:04 - [TEST_STEP][PASSED] - data.put("statusPending", pending): null

2023-10-05 13:48:04 - [TEST_STEP][PASSED] - return data: null]]></system-out>
         <system-err><![CDATA[]]></system-err>
      </testcase>
      <testcase name="Test Cases/T13 Pembelian, Shipment dan Pembayaran/SA-007" time="93.141" classname="Test Cases/T13 Pembelian, Shipment dan Pembayaran/SA-007" status="FAILED">
         <failure type="FAILED" message="Test Cases/T13 Pembelian, Shipment dan Pembayaran/SA-007 FAILED.
Reason:
com.kms.katalon.core.exception.StepFailedException: Call Test Case 'Test Cases/T13 Pembelian, Shipment dan Pembayaran/SA-002' failed
	at com.kms.katalon.core.keyword.builtin.CallTestCaseKeyword$_callTestCase_closure1.doCall(CallTestCaseKeyword.groovy:63)
	at com.kms.katalon.core.keyword.builtin.CallTestCaseKeyword$_callTestCase_closure1.call(CallTestCaseKeyword.groovy)
	at com.kms.katalon.core.keyword.internal.KeywordMain.runKeyword(KeywordMain.groovy:75)
	at com.kms.katalon.core.keyword.builtin.CallTestCaseKeyword.callTestCase(CallTestCaseKeyword.groovy:81)
	at com.kms.katalon.core.keyword.builtin.CallTestCaseKeyword.execute(CallTestCaseKeyword.groovy:44)
	at com.kms.katalon.core.keyword.internal.KeywordExecutor.executeKeywordForPlatform(KeywordExecutor.groovy:74)
	at com.kms.katalon.core.keyword.BuiltinKeywords.callTestCase(BuiltinKeywords.groovy:310)
	at SA-007.run(SA-007:20)
	at com.kms.katalon.core.main.ScriptEngine.run(ScriptEngine.java:194)
	at com.kms.katalon.core.main.ScriptEngine.runScriptAsRawText(ScriptEngine.java:119)
	at com.kms.katalon.core.main.TestCaseExecutor.runScript(TestCaseExecutor.java:448)
	at com.kms.katalon.core.main.TestCaseExecutor.doExecute(TestCaseExecutor.java:439)
	at com.kms.katalon.core.main.TestCaseExecutor.processExecutionPhase(TestCaseExecutor.java:418)
	at com.kms.katalon.core.main.TestCaseExecutor.accessMainPhase(TestCaseExecutor.java:410)
	at com.kms.katalon.core.main.TestCaseExecutor.execute(TestCaseExecutor.java:285)
	at com.kms.katalon.core.common.CommonExecutor.accessTestCaseMainPhase(CommonExecutor.java:65)
	at com.kms.katalon.core.main.TestSuiteExecutor.accessTestSuiteMainPhase(TestSuiteExecutor.java:148)
	at com.kms.katalon.core.main.TestSuiteExecutor.execute(TestSuiteExecutor.java:106)
	at com.kms.katalon.core.main.TestCaseMain.startTestSuite(TestCaseMain.java:187)
	at com.kms.katalon.core.main.TestCaseMain$startTestSuite$0.call(Unknown Source)
	at TempTestSuite1696486556660.run(TempTestSuite1696486556660.groovy:36)
Caused by: com.kms.katalon.core.exception.StepFailedException: Unable to accept alert
	at com.kms.katalon.core.webui.keyword.internal.WebUIKeywordMain.stepFailed(WebUIKeywordMain.groovy:64)
	at com.kms.katalon.core.webui.keyword.internal.WebUIKeywordMain.runKeyword(WebUIKeywordMain.groovy:26)
	at com.kms.katalon.core.webui.keyword.builtin.AcceptAlertKeyword.acceptAlert(AcceptAlertKeyword.groovy:71)
	at com.kms.katalon.core.webui.keyword.builtin.AcceptAlertKeyword.execute(AcceptAlertKeyword.groovy:66)
	at com.kms.katalon.core.keyword.internal.KeywordExecutor.executeKeywordForPlatform(KeywordExecutor.groovy:74)
	at com.kms.katalon.core.webui.keyword.WebUiBuiltInKeywords.acceptAlert(WebUiBuiltInKeywords.groovy:1522)
	at com.kms.katalon.core.webui.keyword.WebUiBuiltInKeywords$acceptAlert$18.call(Unknown Source)
	at SA-002.run(SA-002:30)
	at com.kms.katalon.core.main.ScriptEngine.run(ScriptEngine.java:194)
	at com.kms.katalon.core.main.ScriptEngine.runScriptAsRawText(ScriptEngine.java:119)
	at com.kms.katalon.core.main.TestCaseExecutor.runScript(TestCaseExecutor.java:448)
	at com.kms.katalon.core.main.TestCaseExecutor.doExecute(TestCaseExecutor.java:439)
	at com.kms.katalon.core.main.TestCaseExecutor.processExecutionPhase(TestCaseExecutor.java:418)
	at com.kms.katalon.core.main.TestCaseExecutor.accessMainPhase(TestCaseExecutor.java:410)
	at com.kms.katalon.core.main.TestCaseExecutor.execute(TestCaseExecutor.java:285)
	at com.kms.katalon.core.main.TestCaseMain.runTestCase(TestCaseMain.java:144)
	at com.kms.katalon.core.keyword.builtin.CallTestCaseKeyword$_callTestCase_closure1.doCall(CallTestCaseKeyword.groovy:59)
	... 20 more
Caused by: com.kms.katalon.core.exception.StepFailedException: No alert found
	at com.kms.katalon.core.webui.keyword.internal.WebUIKeywordMain.stepFailed(WebUIKeywordMain.groovy:64)
	at com.kms.katalon.core.webui.keyword.builtin.AcceptAlertKeyword$_acceptAlert_closure1.doCall(AcceptAlertKeyword.groovy:78)
	at com.kms.katalon.core.webui.keyword.builtin.AcceptAlertKeyword$_acceptAlert_closure1.call(AcceptAlertKeyword.groovy)
	at com.kms.katalon.core.webui.keyword.internal.WebUIKeywordMain.runKeyword(WebUIKeywordMain.groovy:20)
	... 35 more
"/>
         <system-out><![CDATA[2023-10-05 13:48:04 - [TEST_CASE][FAILED] - Test Cases/T13 Pembelian, Shipment dan Pembayaran/SA-007: Test Cases/T13 Pembelian, Shipment dan Pembayaran/SA-007 FAILED.
Reason:
com.kms.katalon.core.exception.StepFailedException: Call Test Case 'Test Cases/T13 Pembelian, Shipment dan Pembayaran/SA-002' failed
	at com.kms.katalon.core.keyword.builtin.CallTestCaseKeyword$_callTestCase_closure1.doCall(CallTestCaseKeyword.groovy:63)
	at com.kms.katalon.core.keyword.builtin.CallTestCaseKeyword$_callTestCase_closure1.call(CallTestCaseKeyword.groovy)
	at com.kms.katalon.core.keyword.internal.KeywordMain.runKeyword(KeywordMain.groovy:75)
	at com.kms.katalon.core.keyword.builtin.CallTestCaseKeyword.callTestCase(CallTestCaseKeyword.groovy:81)
	at com.kms.katalon.core.keyword.builtin.CallTestCaseKeyword.execute(CallTestCaseKeyword.groovy:44)
	at com.kms.katalon.core.keyword.internal.KeywordExecutor.executeKeywordForPlatform(KeywordExecutor.groovy:74)
	at com.kms.katalon.core.keyword.BuiltinKeywords.callTestCase(BuiltinKeywords.groovy:310)
	at SA-007.run(SA-007:20)
	at com.kms.katalon.core.main.ScriptEngine.run(ScriptEngine.java:194)
	at com.kms.katalon.core.main.ScriptEngine.runScriptAsRawText(ScriptEngine.java:119)
	at com.kms.katalon.core.main.TestCaseExecutor.runScript(TestCaseExecutor.java:448)
	at com.kms.katalon.core.main.TestCaseExecutor.doExecute(TestCaseExecutor.java:439)
	at com.kms.katalon.core.main.TestCaseExecutor.processExecutionPhase(TestCaseExecutor.java:418)
	at com.kms.katalon.core.main.TestCaseExecutor.accessMainPhase(TestCaseExecutor.java:410)
	at com.kms.katalon.core.main.TestCaseExecutor.execute(TestCaseExecutor.java:285)
	at com.kms.katalon.core.common.CommonExecutor.accessTestCaseMainPhase(CommonExecutor.java:65)
	at com.kms.katalon.core.main.TestSuiteExecutor.accessTestSuiteMainPhase(TestSuiteExecutor.java:148)
	at com.kms.katalon.core.main.TestSuiteExecutor.execute(TestSuiteExecutor.java:106)
	at com.kms.katalon.core.main.TestCaseMain.startTestSuite(TestCaseMain.java:187)
	at com.kms.katalon.core.main.TestCaseMain$startTestSuite$0.call(Unknown Source)
	at TempTestSuite1696486556660.run(TempTestSuite1696486556660.groovy:36)
Caused by: com.kms.katalon.core.exception.StepFailedException: Unable to accept alert
	at com.kms.katalon.core.webui.keyword.internal.WebUIKeywordMain.stepFailed(WebUIKeywordMain.groovy:64)
	at com.kms.katalon.core.webui.keyword.internal.WebUIKeywordMain.runKeyword(WebUIKeywordMain.groovy:26)
	at com.kms.katalon.core.webui.keyword.builtin.AcceptAlertKeyword.acceptAlert(AcceptAlertKeyword.groovy:71)
	at com.kms.katalon.core.webui.keyword.builtin.AcceptAlertKeyword.execute(AcceptAlertKeyword.groovy:66)
	at com.kms.katalon.core.keyword.internal.KeywordExecutor.executeKeywordForPlatform(KeywordExecutor.groovy:74)
	at com.kms.katalon.core.webui.keyword.WebUiBuiltInKeywords.acceptAlert(WebUiBuiltInKeywords.groovy:1522)
	at com.kms.katalon.core.webui.keyword.WebUiBuiltInKeywords$acceptAlert$18.call(Unknown Source)
	at SA-002.run(SA-002:30)
	at com.kms.katalon.core.main.ScriptEngine.run(ScriptEngine.java:194)
	at com.kms.katalon.core.main.ScriptEngine.runScriptAsRawText(ScriptEngine.java:119)
	at com.kms.katalon.core.main.TestCaseExecutor.runScript(TestCaseExecutor.java:448)
	at com.kms.katalon.core.main.TestCaseExecutor.doExecute(TestCaseExecutor.java:439)
	at com.kms.katalon.core.main.TestCaseExecutor.processExecutionPhase(TestCaseExecutor.java:418)
	at com.kms.katalon.core.main.TestCaseExecutor.accessMainPhase(TestCaseExecutor.java:410)
	at com.kms.katalon.core.main.TestCaseExecutor.execute(TestCaseExecutor.java:285)
	at com.kms.katalon.core.main.TestCaseMain.runTestCase(TestCaseMain.java:144)
	at com.kms.katalon.core.keyword.builtin.CallTestCaseKeyword$_callTestCase_closure1.doCall(CallTestCaseKeyword.groovy:59)
	... 20 more
Caused by: com.kms.katalon.core.exception.StepFailedException: No alert found
	at com.kms.katalon.core.webui.keyword.internal.WebUIKeywordMain.stepFailed(WebUIKeywordMain.groovy:64)
	at com.kms.katalon.core.webui.keyword.builtin.AcceptAlertKeyword$_acceptAlert_closure1.doCall(AcceptAlertKeyword.groovy:78)
	at com.kms.katalon.core.webui.keyword.builtin.AcceptAlertKeyword$_acceptAlert_closure1.call(AcceptAlertKeyword.groovy)
	at com.kms.katalon.core.webui.keyword.internal.WebUIKeywordMain.runKeyword(WebUIKeywordMain.groovy:20)
	... 35 more


2023-10-05 13:48:05 - [TEST_STEP][FAILED] - data = callTestCase(findTestCase("T13 Pembelian, Shipment dan Pembayaran/SA-002"), [:], STOP_ON_FAILURE): Unable to call Test Case 'Test Cases/T13 Pembelian, Shipment dan Pembayaran/SA-002' (Root cause: com.kms.katalon.core.exception.StepFailedException: Call Test Case 'Test Cases/T13 Pembelian, Shipment dan Pembayaran/SA-002' failed
	at com.kms.katalon.core.keyword.builtin.CallTestCaseKeyword$_callTestCase_closure1.doCall(CallTestCaseKeyword.groovy:63)
	at com.kms.katalon.core.keyword.builtin.CallTestCaseKeyword$_callTestCase_closure1.call(CallTestCaseKeyword.groovy)
	at com.kms.katalon.core.keyword.internal.KeywordMain.runKeyword(KeywordMain.groovy:75)
	at com.kms.katalon.core.keyword.builtin.CallTestCaseKeyword.callTestCase(CallTestCaseKeyword.groovy:81)
	at com.kms.katalon.core.keyword.builtin.CallTestCaseKeyword.execute(CallTestCaseKeyword.groovy:44)
	at com.kms.katalon.core.keyword.internal.KeywordExecutor.executeKeywordForPlatform(KeywordExecutor.groovy:74)
	at com.kms.katalon.core.keyword.BuiltinKeywords.callTestCase(BuiltinKeywords.groovy:310)
	at SA-007.run(SA-007:20)
	at com.kms.katalon.core.main.ScriptEngine.run(ScriptEngine.java:194)
	at com.kms.katalon.core.main.ScriptEngine.runScriptAsRawText(ScriptEngine.java:119)
	at com.kms.katalon.core.main.TestCaseExecutor.runScript(TestCaseExecutor.java:448)
	at com.kms.katalon.core.main.TestCaseExecutor.doExecute(TestCaseExecutor.java:439)
	at com.kms.katalon.core.main.TestCaseExecutor.processExecutionPhase(TestCaseExecutor.java:418)
	at com.kms.katalon.core.main.TestCaseExecutor.accessMainPhase(TestCaseExecutor.java:410)
	at com.kms.katalon.core.main.TestCaseExecutor.execute(TestCaseExecutor.java:285)
	at com.kms.katalon.core.common.CommonExecutor.accessTestCaseMainPhase(CommonExecutor.java:65)
	at com.kms.katalon.core.main.TestSuiteExecutor.accessTestSuiteMainPhase(TestSuiteExecutor.java:148)
	at com.kms.katalon.core.main.TestSuiteExecutor.execute(TestSuiteExecutor.java:106)
	at com.kms.katalon.core.main.TestCaseMain.startTestSuite(TestCaseMain.java:187)
	at com.kms.katalon.core.main.TestCaseMain$startTestSuite$0.call(Unknown Source)
	at TempTestSuite1696486556660.run(TempTestSuite1696486556660.groovy:36)
Caused by: com.kms.katalon.core.exception.StepFailedException: Unable to accept alert
	at com.kms.katalon.core.webui.keyword.internal.WebUIKeywordMain.stepFailed(WebUIKeywordMain.groovy:64)
	at com.kms.katalon.core.webui.keyword.internal.WebUIKeywordMain.runKeyword(WebUIKeywordMain.groovy:26)
	at com.kms.katalon.core.webui.keyword.builtin.AcceptAlertKeyword.acceptAlert(AcceptAlertKeyword.groovy:71)
	at com.kms.katalon.core.webui.keyword.builtin.AcceptAlertKeyword.execute(AcceptAlertKeyword.groovy:66)
	at com.kms.katalon.core.keyword.internal.KeywordExecutor.executeKeywordForPlatform(KeywordExecutor.groovy:74)
	at com.kms.katalon.core.webui.keyword.WebUiBuiltInKeywords.acceptAlert(WebUiBuiltInKeywords.groovy:1522)
	at com.kms.katalon.core.webui.keyword.WebUiBuiltInKeywords$acceptAlert$18.call(Unknown Source)
	at SA-002.run(SA-002:30)
	at com.kms.katalon.core.main.ScriptEngine.run(ScriptEngine.java:194)
	at com.kms.katalon.core.main.ScriptEngine.runScriptAsRawText(ScriptEngine.java:119)
	at com.kms.katalon.core.main.TestCaseExecutor.runScript(TestCaseExecutor.java:448)
	at com.kms.katalon.core.main.TestCaseExecutor.doExecute(TestCaseExecutor.java:439)
	at com.kms.katalon.core.main.TestCaseExecutor.processExecutionPhase(TestCaseExecutor.java:418)
	at com.kms.katalon.core.main.TestCaseExecutor.accessMainPhase(TestCaseExecutor.java:410)
	at com.kms.katalon.core.main.TestCaseExecutor.execute(TestCaseExecutor.java:285)
	at com.kms.katalon.core.main.TestCaseMain.runTestCase(TestCaseMain.java:144)
	at com.kms.katalon.core.keyword.builtin.CallTestCaseKeyword$_callTestCase_closure1.doCall(CallTestCaseKeyword.groovy:59)
	... 20 more
Caused by: com.kms.katalon.core.exception.StepFailedException: No alert found
	at com.kms.katalon.core.webui.keyword.internal.WebUIKeywordMain.stepFailed(WebUIKeywordMain.groovy:64)
	at com.kms.katalon.core.webui.keyword.builtin.AcceptAlertKeyword$_acceptAlert_closure1.doCall(AcceptAlertKeyword.groovy:78)
	at com.kms.katalon.core.webui.keyword.builtin.AcceptAlertKeyword$_acceptAlert_closure1.call(AcceptAlertKeyword.groovy)
	at com.kms.katalon.core.webui.keyword.internal.WebUIKeywordMain.runKeyword(WebUIKeywordMain.groovy:20)
	... 35 more
)

2023-10-05 13:48:05 - [TEST_CASE][FAILED] - Test Cases/T13 Pembelian, Shipment dan Pembayaran/SA-002: Test Cases/T13 Pembelian, Shipment dan Pembayaran/SA-002 FAILED.
Reason:
com.kms.katalon.core.exception.StepFailedException: Unable to accept alert
	at com.kms.katalon.core.webui.keyword.internal.WebUIKeywordMain.stepFailed(WebUIKeywordMain.groovy:64)
	at com.kms.katalon.core.webui.keyword.internal.WebUIKeywordMain.runKeyword(WebUIKeywordMain.groovy:26)
	at com.kms.katalon.core.webui.keyword.builtin.AcceptAlertKeyword.acceptAlert(AcceptAlertKeyword.groovy:71)
	at com.kms.katalon.core.webui.keyword.builtin.AcceptAlertKeyword.execute(AcceptAlertKeyword.groovy:66)
	at com.kms.katalon.core.keyword.internal.KeywordExecutor.executeKeywordForPlatform(KeywordExecutor.groovy:74)
	at com.kms.katalon.core.webui.keyword.WebUiBuiltInKeywords.acceptAlert(WebUiBuiltInKeywords.groovy:1522)
	at com.kms.katalon.core.webui.keyword.WebUiBuiltInKeywords$acceptAlert$18.call(Unknown Source)
	at SA-002.run(SA-002:30)
	at com.kms.katalon.core.main.ScriptEngine.run(ScriptEngine.java:194)
	at com.kms.katalon.core.main.ScriptEngine.runScriptAsRawText(ScriptEngine.java:119)
	at com.kms.katalon.core.main.TestCaseExecutor.runScript(TestCaseExecutor.java:448)
	at com.kms.katalon.core.main.TestCaseExecutor.doExecute(TestCaseExecutor.java:439)
	at com.kms.katalon.core.main.TestCaseExecutor.processExecutionPhase(TestCaseExecutor.java:418)
	at com.kms.katalon.core.main.TestCaseExecutor.accessMainPhase(TestCaseExecutor.java:410)
	at com.kms.katalon.core.main.TestCaseExecutor.execute(TestCaseExecutor.java:285)
	at com.kms.katalon.core.main.TestCaseMain.runTestCase(TestCaseMain.java:144)
	at com.kms.katalon.core.keyword.builtin.CallTestCaseKeyword$_callTestCase_closure1.doCall(CallTestCaseKeyword.groovy:59)
	at com.kms.katalon.core.keyword.builtin.CallTestCaseKeyword$_callTestCase_closure1.call(CallTestCaseKeyword.groovy)
	at com.kms.katalon.core.keyword.internal.KeywordMain.runKeyword(KeywordMain.groovy:75)
	at com.kms.katalon.core.keyword.builtin.CallTestCaseKeyword.callTestCase(CallTestCaseKeyword.groovy:81)
	at com.kms.katalon.core.keyword.builtin.CallTestCaseKeyword.execute(CallTestCaseKeyword.groovy:44)
	at com.kms.katalon.core.keyword.internal.KeywordExecutor.executeKeywordForPlatform(KeywordExecutor.groovy:74)
	at com.kms.katalon.core.keyword.BuiltinKeywords.callTestCase(BuiltinKeywords.groovy:310)
	at SA-007.run(SA-007:20)
	at com.kms.katalon.core.main.ScriptEngine.run(ScriptEngine.java:194)
	at com.kms.katalon.core.main.ScriptEngine.runScriptAsRawText(ScriptEngine.java:119)
	at com.kms.katalon.core.main.TestCaseExecutor.runScript(TestCaseExecutor.java:448)
	at com.kms.katalon.core.main.TestCaseExecutor.doExecute(TestCaseExecutor.java:439)
	at com.kms.katalon.core.main.TestCaseExecutor.processExecutionPhase(TestCaseExecutor.java:418)
	at com.kms.katalon.core.main.TestCaseExecutor.accessMainPhase(TestCaseExecutor.java:410)
	at com.kms.katalon.core.main.TestCaseExecutor.execute(TestCaseExecutor.java:285)
	at com.kms.katalon.core.common.CommonExecutor.accessTestCaseMainPhase(CommonExecutor.java:65)
	at com.kms.katalon.core.main.TestSuiteExecutor.accessTestSuiteMainPhase(TestSuiteExecutor.java:148)
	at com.kms.katalon.core.main.TestSuiteExecutor.execute(TestSuiteExecutor.java:106)
	at com.kms.katalon.core.main.TestCaseMain.startTestSuite(TestCaseMain.java:187)
	at com.kms.katalon.core.main.TestCaseMain$startTestSuite$0.call(Unknown Source)
	at TempTestSuite1696486556660.run(TempTestSuite1696486556660.groovy:36)
Caused by: com.kms.katalon.core.exception.StepFailedException: No alert found
	at com.kms.katalon.core.webui.keyword.internal.WebUIKeywordMain.stepFailed(WebUIKeywordMain.groovy:64)
	at com.kms.katalon.core.webui.keyword.builtin.AcceptAlertKeyword$_acceptAlert_closure1.doCall(AcceptAlertKeyword.groovy:78)
	at com.kms.katalon.core.webui.keyword.builtin.AcceptAlertKeyword$_acceptAlert_closure1.call(AcceptAlertKeyword.groovy)
	at com.kms.katalon.core.webui.keyword.internal.WebUIKeywordMain.runKeyword(WebUIKeywordMain.groovy:20)
	... 35 more


2023-10-05 13:48:05 - [TEST_STEP][PASSED] - data = callTestCase(findTestCase("T13 Pembelian, Shipment dan Pembayaran/SA-001"), [:], STOP_ON_FAILURE): Call Test Case 'Test Cases/T13 Pembelian, Shipment dan Pembayaran/SA-001' successfully

2023-10-05 13:48:05 - [TEST_CASE][PASSED] - Test Cases/T13 Pembelian, Shipment dan Pembayaran/SA-001: Test Cases/T13 Pembelian, Shipment dan Pembayaran/SA-001

2023-10-05 13:48:05 - [TEST_STEP][PASSED] - data = callTestCase(findTestCase("T13 Pembelian, Shipment dan Pembayaran/PBYA-001"), [:], STOP_ON_FAILURE): Call Test Case 'Test Cases/T13 Pembelian, Shipment dan Pembayaran/PBYA-001' successfully

2023-10-05 13:48:05 - [TEST_CASE][PASSED] - Test Cases/T13 Pembelian, Shipment dan Pembayaran/PBYA-001: Test Cases/T13 Pembelian, Shipment dan Pembayaran/PBYA-001

2023-10-05 13:48:05 - [TEST_STEP][PASSED] - data = callTestCase(findTestCase("T13 Pembelian, Shipment dan Pembayaran/PBY-004"), [:], STOP_ON_FAILURE): Call Test Case 'Test Cases/T13 Pembelian, Shipment dan Pembayaran/PBY-004' successfully

2023-10-05 13:48:05 - [TEST_CASE][PASSED] - Test Cases/T13 Pembelian, Shipment dan Pembayaran/PBY-004: Test Cases/T13 Pembelian, Shipment dan Pembayaran/PBY-004

2023-10-05 13:48:05 - [TEST_STEP][PASSED] - data = callTestCase(findTestCase("T13 Pembelian, Shipment dan Pembayaran/PBY-001"), [:], STOP_ON_FAILURE): Call Test Case 'Test Cases/T13 Pembelian, Shipment dan Pembayaran/PBY-001' successfully

2023-10-05 13:48:05 - [TEST_CASE][PASSED] - Test Cases/T13 Pembelian, Shipment dan Pembayaran/PBY-001: Test Cases/T13 Pembelian, Shipment dan Pembayaran/PBY-001

2023-10-05 13:48:05 - [TEST_STEP][PASSED] - data = callTestCase(findTestCase("T13 Pembelian, Shipment dan Pembayaran/PBL-004"), ["Kurir":"Roda 2"], STOP_ON_FAILURE): Call Test Case 'Test Cases/T13 Pembelian, Shipment dan Pembayaran/PBL-004' successfully

2023-10-05 13:48:05 - [TEST_CASE][PASSED] - Test Cases/T13 Pembelian, Shipment dan Pembayaran/PBL-004: Test Cases/T13 Pembelian, Shipment dan Pembayaran/PBL-004

2023-10-05 13:48:05 - [TEST_STEP][PASSED] - data = callTestCase(findTestCase("T13 Pembelian, Shipment dan Pembayaran/PBL-002"), [:], STOP_ON_FAILURE): Call Test Case 'Test Cases/T13 Pembelian, Shipment dan Pembayaran/PBL-002' successfully

2023-10-05 13:48:05 - [TEST_CASE][PASSED] - Test Cases/T13 Pembelian, Shipment dan Pembayaran/PBL-002: Test Cases/T13 Pembelian, Shipment dan Pembayaran/PBL-002

2023-10-05 13:48:05 - [TEST_STEP][PASSED] - data = callTestCase(findTestCase("T13 Pembelian, Shipment dan Pembayaran/PBL-001"), [:], STOP_ON_FAILURE): Call Test Case 'Test Cases/T13 Pembelian, Shipment dan Pembayaran/PBL-001' successfully

2023-10-05 13:48:05 - [TEST_CASE][PASSED] - Test Cases/T13 Pembelian, Shipment dan Pembayaran/PBL-001: Test Cases/T13 Pembelian, Shipment dan Pembayaran/PBL-001

2023-10-05 13:48:05 - [TEST_STEP][PASSED] - callTestCase(findTestCase("T13 Pembelian, Shipment dan Pembayaran/LU-001"), ["username":"irfanafandi", "password":"12345irfan"], STOP_ON_FAILURE): Call Test Case 'Test Cases/T13 Pembelian, Shipment dan Pembayaran/LU-001' successfully

2023-10-05 13:48:05 - [TEST_CASE][PASSED] - Test Cases/T13 Pembelian, Shipment dan Pembayaran/LU-001: Test Cases/T13 Pembelian, Shipment dan Pembayaran/LU-001

2023-10-05 13:48:05 - [TEST_STEP][PASSED] - openBrowser("https://10.9.2.63/ecommerce/"): Browser is opened with url: 'https://10.9.2.63/ecommerce/'

2023-10-05 13:48:05 - [MESSAGE][WARNING] - A browser is already opened. Closing browser and opening a new one

2023-10-05 13:48:06 - [MESSAGE][INFO] - Starting 'Edge Chromium' driver

2023-10-05 13:48:06 - [MESSAGE][INFO] - User set preference: ['acceptInsecureCerts', 'true']

2023-10-05 13:48:08 - [MESSAGE][INFO] - Action delay is set to 0 milliseconds

2023-10-05 13:48:12 - [MESSAGE][PASSED] - Browser is opened with url: 'https://10.9.2.63/ecommerce/'

2023-10-05 13:48:12 - [TEST_STEP][PASSED] - maximizeWindow(): Current window maximized

2023-10-05 13:48:13 - [MESSAGE][PASSED] - Current window maximized

2023-10-05 13:48:13 - [TEST_STEP][PASSED] - verifyElementPresent(findTestObject("Login/Home"), 0): Object 'Object Repository/Login/Home' is present

2023-10-05 13:48:13 - [MESSAGE][WARNING] - Timeout '0' is invalid. Using default page load timeout: '30'

2023-10-05 13:48:13 - [MESSAGE][PASSED] - Object 'Object Repository/Login/Home' is present

2023-10-05 13:48:13 - [TEST_STEP][PASSED] - click(findTestObject("Login/a_Login")): Object: 'Object Repository/Login/a_Login' is clicked on

2023-10-05 13:48:14 - [MESSAGE][PASSED] - Object: 'Object Repository/Login/a_Login' is clicked on

2023-10-05 13:48:14 - [TEST_STEP][PASSED] - verifyElementPresent(findTestObject("Login/Tittle Login"), 0): Object 'Object Repository/Login/Tittle Login' is present

2023-10-05 13:48:14 - [MESSAGE][WARNING] - Timeout '0' is invalid. Using default page load timeout: '30'

2023-10-05 13:48:14 - [MESSAGE][PASSED] - Object 'Object Repository/Login/Tittle Login' is present

2023-10-05 13:48:14 - [TEST_STEP][PASSED] - setText(findTestObject("Login/input_Username, Email atau No. Handphone_a"), username): Text 'irfanafandi' is set on object 'Object Repository/Login/input_Username, Email atau No. Handphone_a'

2023-10-05 13:48:15 - [MESSAGE][PASSED] - Text 'irfanafandi' is set on object 'Object Repository/Login/input_Username, Email atau No. Handphone_a'

2023-10-05 13:48:15 - [TEST_STEP][PASSED] - setText(findTestObject("Login/input_Password_b"), password): Text '12345irfan' is set on object 'Object Repository/Login/input_Password_b'

2023-10-05 13:48:16 - [MESSAGE][PASSED] - Text '12345irfan' is set on object 'Object Repository/Login/input_Password_b'

2023-10-05 13:48:16 - [TEST_STEP][PASSED] - click(findTestObject("Login/label_Ingat saya")): Object: 'Object Repository/Login/label_Ingat saya' is clicked on

2023-10-05 13:48:17 - [MESSAGE][PASSED] - Object: 'Object Repository/Login/label_Ingat saya' is clicked on

2023-10-05 13:48:17 - [TEST_STEP][PASSED] - click(findTestObject("Login/button_Masuk")): Object: 'Object Repository/Login/button_Masuk' is clicked on

2023-10-05 13:48:18 - [MESSAGE][PASSED] - Object: 'Object Repository/Login/button_Masuk' is clicked on

2023-10-05 13:48:18 - [TEST_STEP][PASSED] - verifyElementPresent(findTestObject("Login/li_Profile"), 0): Object 'Object Repository/Login/li_Profile' is present

2023-10-05 13:48:18 - [MESSAGE][WARNING] - Timeout '0' is invalid. Using default page load timeout: '30'

2023-10-05 13:48:19 - [MESSAGE][PASSED] - Object 'Object Repository/Login/li_Profile' is present

2023-10-05 13:48:19 - [MESSAGE][PASSED] - Call Test Case 'Test Cases/T13 Pembelian, Shipment dan Pembayaran/LU-001' successfully

2023-10-05 13:48:19 - [TEST_STEP][PASSED] - mouseOver(findTestObject("beli barang/i_Mulai Belanja_icon-menu")): Object: 'Object Repository/beli barang/i_Mulai Belanja_icon-menu' is hovered

2023-10-05 13:48:19 - [MESSAGE][PASSED] - Object: 'Object Repository/beli barang/i_Mulai Belanja_icon-menu' is hovered

2023-10-05 13:48:19 - [TEST_STEP][PASSED] - click(findTestObject("beli barang/a_Fashion  Busana Wanita")): Object: 'Object Repository/beli barang/a_Fashion  Busana Wanita' is clicked on

2023-10-05 13:48:20 - [MESSAGE][PASSED] - Object: 'Object Repository/beli barang/a_Fashion  Busana Wanita' is clicked on

2023-10-05 13:48:20 - [TEST_STEP][PASSED] - NamaSebelum = getText(findTestObject("verifikasi/Nama sebelum")): Text of object 'Object Repository/verifikasi/Nama sebelum' is: ''

2023-10-05 13:48:21 - [MESSAGE][PASSED] - Text of object 'Object Repository/verifikasi/Nama sebelum' is: ''

2023-10-05 13:48:21 - [TEST_STEP][PASSED] - HargaSebelum = getText(findTestObject("verifikasi/Harga sebelum")): Text of object 'Object Repository/verifikasi/Harga sebelum' is: 'Rp 1,299'

2023-10-05 13:48:21 - [MESSAGE][PASSED] - Text of object 'Object Repository/verifikasi/Harga sebelum' is: 'Rp 1,299'

2023-10-05 13:48:21 - [TEST_STEP][PASSED] - mouseOver(findTestObject("beli barang/barang mouse over")): Object: 'Object Repository/beli barang/barang mouse over' is hovered

2023-10-05 13:48:22 - [MESSAGE][PASSED] - Object: 'Object Repository/beli barang/barang mouse over' is hovered

2023-10-05 13:48:22 - [TEST_STEP][PASSED] - click(findTestObject("beli barang/buttom add to cart")): Object: 'Object Repository/beli barang/buttom add to cart' is clicked on

2023-10-05 13:48:24 - [MESSAGE][PASSED] - Object: 'Object Repository/beli barang/buttom add to cart' is clicked on

2023-10-05 13:48:24 - [TEST_STEP][PASSED] - NamaSesudah = getText(findTestObject("verifikasi/Nama sesudah")): Text of object 'Object Repository/verifikasi/Nama sesudah' is: 'Segitiga Instan Madeira - MDB5.3 Sunset'

2023-10-05 13:48:24 - [MESSAGE][PASSED] - Text of object 'Object Repository/verifikasi/Nama sesudah' is: 'Segitiga Instan Madeira - MDB5.3 Sunset'

2023-10-05 13:48:24 - [TEST_STEP][PASSED] - HargaSesudah = getText(findTestObject("verifikasi/Harga sesudah")): Text of object 'Object Repository/verifikasi/Harga sesudah' is: 'Rp 1,299'

2023-10-05 13:48:25 - [MESSAGE][PASSED] - Text of object 'Object Repository/verifikasi/Harga sesudah' is: 'Rp 1,299'

2023-10-05 13:48:25 - [TEST_STEP][PASSED] - assert NamaSesudah.contains(NamaSebelum): null

2023-10-05 13:48:25 - [TEST_STEP][PASSED] - assert HargaSesudah.contains(HargaSebelum): null

2023-10-05 13:48:25 - [TEST_STEP][PASSED] - click(findTestObject("beli barang/Tambah Keranjang busana wanita")): Object: 'Object Repository/beli barang/Tambah Keranjang busana wanita' is clicked on

2023-10-05 13:48:25 - [MESSAGE][PASSED] - Object: 'Object Repository/beli barang/Tambah Keranjang busana wanita' is clicked on

2023-10-05 13:48:25 - [TEST_STEP][PASSED] - verifyElementPresent(findTestObject("checkout/Notifikasi keranjang"), 1): Object 'Object Repository/checkout/Notifikasi keranjang' is present

2023-10-05 13:48:26 - [MESSAGE][PASSED] - Object 'Object Repository/checkout/Notifikasi keranjang' is present

2023-10-05 13:48:26 - [TEST_STEP][PASSED] - data = new java.util.HashMap(): null

2023-10-05 13:48:26 - [TEST_STEP][PASSED] - data.put("nama_barang", NamaSesudah): null

2023-10-05 13:48:26 - [TEST_STEP][PASSED] - data.put("price_barang", HargaSesudah): null

2023-10-05 13:48:26 - [TEST_STEP][PASSED] - return data: null

2023-10-05 13:48:26 - [MESSAGE][PASSED] - Call Test Case 'Test Cases/T13 Pembelian, Shipment dan Pembayaran/PBL-001' successfully

2023-10-05 13:48:26 - [TEST_STEP][PASSED] - mouseOver(findTestObject("beli barang/keranjang")): Object: 'Object Repository/beli barang/keranjang' is hovered

2023-10-05 13:48:27 - [MESSAGE][PASSED] - Object: 'Object Repository/beli barang/keranjang' is hovered

2023-10-05 13:48:27 - [TEST_STEP][PASSED] - click(findTestObject("beli barang/Lihat Sekarang")): Object: 'Object Repository/beli barang/Lihat Sekarang' is clicked on

2023-10-05 13:48:28 - [MESSAGE][PASSED] - Object: 'Object Repository/beli barang/Lihat Sekarang' is clicked on

2023-10-05 13:48:28 - [TEST_STEP][PASSED] - verifyElementPresent(findTestObject("keranjang/li_Keranjang Belanja"), 0): Object 'Object Repository/keranjang/li_Keranjang Belanja' is present

2023-10-05 13:48:28 - [MESSAGE][WARNING] - Timeout '0' is invalid. Using default page load timeout: '30'

2023-10-05 13:48:29 - [MESSAGE][PASSED] - Object 'Object Repository/keranjang/li_Keranjang Belanja' is present

2023-10-05 13:48:29 - [TEST_STEP][PASSED] - NamaKeranjang = getText(findTestObject("verifikasi/Nama keranjang")): Text of object 'Object Repository/verifikasi/Nama keranjang' is: 'Segitiga Instan Madeira - MDB5.3 Sunset'

2023-10-05 13:48:29 - [MESSAGE][PASSED] - Text of object 'Object Repository/verifikasi/Nama keranjang' is: 'Segitiga Instan Madeira - MDB5.3 Sunset'

2023-10-05 13:48:29 - [TEST_STEP][PASSED] - HargaKeranjang = getText(findTestObject("verifikasi/Harga Keranjang")): Text of object 'Object Repository/verifikasi/Harga Keranjang' is: 'Rp 1,299'

2023-10-05 13:48:30 - [MESSAGE][PASSED] - Text of object 'Object Repository/verifikasi/Harga Keranjang' is: 'Rp 1,299'

2023-10-05 13:48:30 - [TEST_STEP][PASSED] - if (toString().equalsIgnoreCase("Merah")): Object 'Object Repository/keranjang/input_Warna_variasi101' is checked

2023-10-05 13:48:30 - [TEST_STEP][PASSED] - check(findTestObject("Object Repository/keranjang/input_Warna_variasi101")): Object 'Object Repository/keranjang/input_Warna_variasi101' is checked

2023-10-05 13:48:30 - [MESSAGE][PASSED] - Object 'Object Repository/keranjang/input_Warna_variasi101' is checked

2023-10-05 13:48:30 - [TEST_STEP][PASSED] - if (toString().equalsIgnoreCase("Menengah")): Object 'Object Repository/keranjang/input_Ukuran_variasi201' is checked

2023-10-05 13:48:30 - [TEST_STEP][PASSED] - check(findTestObject("Object Repository/keranjang/input_Ukuran_variasi201")): Object 'Object Repository/keranjang/input_Ukuran_variasi201' is checked

2023-10-05 13:48:30 - [MESSAGE][PASSED] - Object 'Object Repository/keranjang/input_Ukuran_variasi201' is checked

2023-10-05 13:48:30 - [TEST_STEP][PASSED] - data.put("Warna", warna): null

2023-10-05 13:48:30 - [TEST_STEP][PASSED] - data.put("Ukuran", ukuran): null

2023-10-05 13:48:30 - [TEST_STEP][PASSED] - click(findTestObject("keranjang/button_Lanjut ke Pembayaran")): Object: 'Object Repository/keranjang/button_Lanjut ke Pembayaran' is clicked on

2023-10-05 13:48:32 - [MESSAGE][PASSED] - Object: 'Object Repository/keranjang/button_Lanjut ke Pembayaran' is clicked on

2023-10-05 13:48:32 - [TEST_STEP][PASSED] - verifyElementPresent(findTestObject("checkout/Tittle Checkout Order"), 0): Object 'Object Repository/checkout/Tittle Checkout Order' is present

2023-10-05 13:48:32 - [MESSAGE][WARNING] - Timeout '0' is invalid. Using default page load timeout: '30'

2023-10-05 13:48:33 - [MESSAGE][PASSED] - Object 'Object Repository/checkout/Tittle Checkout Order' is present

2023-10-05 13:48:33 - [TEST_STEP][PASSED] - name_product = data.get("nama_barang"): null

2023-10-05 13:48:33 - [TEST_STEP][PASSED] - price_product = data.get("price_barang"): null

2023-10-05 13:48:33 - [TEST_STEP][PASSED] - assert name_product == NamaKeranjang: null

2023-10-05 13:48:33 - [TEST_STEP][PASSED] - assert price_product == HargaKeranjang: null

2023-10-05 13:48:33 - [TEST_STEP][PASSED] - return data: null

2023-10-05 13:48:33 - [MESSAGE][PASSED] - Call Test Case 'Test Cases/T13 Pembelian, Shipment dan Pembayaran/PBL-002' successfully

2023-10-05 13:48:33 - [TEST_STEP][PASSED] - warnaa = getText(findTestObject("verifikasi/warna Merah")): Text of object 'Object Repository/verifikasi/warna Merah' is: 'Merah'

2023-10-05 13:48:33 - [MESSAGE][PASSED] - Text of object 'Object Repository/verifikasi/warna Merah' is: 'Merah'

2023-10-05 13:48:33 - [TEST_STEP][PASSED] - ukurann = getText(findTestObject("verifikasi/Ukuran Menengah")): Text of object 'Object Repository/verifikasi/Ukuran Menengah' is: 'Menengah'

2023-10-05 13:48:34 - [MESSAGE][PASSED] - Text of object 'Object Repository/verifikasi/Ukuran Menengah' is: 'Menengah'

2023-10-05 13:48:34 - [TEST_STEP][PASSED] - warna1 = data.get("Warna"): null

2023-10-05 13:48:34 - [TEST_STEP][PASSED] - ukuran1 = data.get("Ukuran"): null

2023-10-05 13:48:34 - [TEST_STEP][PASSED] - assert warnaa == warna1: null

2023-10-05 13:48:34 - [TEST_STEP][PASSED] - assert ukurann == ukuran1: null

2023-10-05 13:48:34 - [TEST_STEP][PASSED] - NamaCheckout = getText(findTestObject("verifikasi/NamaCheckout")): Text of object 'Object Repository/verifikasi/NamaCheckout' is: ''

2023-10-05 13:48:34 - [MESSAGE][PASSED] - Text of object 'Object Repository/verifikasi/NamaCheckout' is: ''

2023-10-05 13:48:34 - [TEST_STEP][PASSED] - HargaCheckout = getText(findTestObject("verifikasi/HargaCheckout")): Text of object 'Object Repository/verifikasi/HargaCheckout' is: '1,299'

2023-10-05 13:48:34 - [MESSAGE][PASSED] - Text of object 'Object Repository/verifikasi/HargaCheckout' is: '1,299'

2023-10-05 13:48:34 - [TEST_STEP][PASSED] - name_product = data.get("nama_barang"): null

2023-10-05 13:48:34 - [TEST_STEP][PASSED] - price_product = data.get("price_barang"): null

2023-10-05 13:48:34 - [TEST_STEP][PASSED] - assert name_product.contains(NamaCheckout): null

2023-10-05 13:48:34 - [TEST_STEP][PASSED] - assert price_product.contains(HargaCheckout): null

2023-10-05 13:48:34 - [TEST_STEP][PASSED] - selectOptionByLabel(findTestObject("checkout/select - Kirim via Kurir Lokal"), Kurir, false): All options with label 'Roda 2' are selected in object 'Object Repository/checkout/select - Kirim via Kurir Lokal' 

2023-10-05 13:48:35 - [MESSAGE][PASSED] - All options with label 'Roda 2' are selected in object 'Object Repository/checkout/select - Kirim via Kurir Lokal' 

2023-10-05 13:48:35 - [TEST_STEP][PASSED] - click(findTestObject("checkout/Kendaraan Kurir")): Object: 'Object Repository/checkout/Kendaraan Kurir' is clicked on

2023-10-05 13:48:36 - [MESSAGE][PASSED] - Object: 'Object Repository/checkout/Kendaraan Kurir' is clicked on

2023-10-05 13:48:36 - [TEST_STEP][PASSED] - OngkosKirim = getText(findTestObject("Object Repository/verifikasi/Ongkos Kirim checkout")): Text of object 'Object Repository/verifikasi/Ongkos Kirim checkout' is: 'Rp. 5,000'

2023-10-05 13:48:37 - [MESSAGE][PASSED] - Text of object 'Object Repository/verifikasi/Ongkos Kirim checkout' is: 'Rp. 5,000'

2023-10-05 13:48:37 - [TEST_STEP][PASSED] - Ongkos = OngkosKirim.substring(3, OngkosKirim.size()): null

2023-10-05 13:48:37 - [TEST_STEP][PASSED] - rep = Ongkos.replace(",", "."): null

2023-10-05 13:48:37 - [TEST_STEP][PASSED] - Ongkos_kirim = Double.parseDouble(rep): null

2023-10-05 13:48:37 - [TEST_STEP][PASSED] - println(Ongkos_kirim): null

2023-10-05 13:48:37 - [TEST_STEP][PASSED] - FeeAdmin = getText(findTestObject("verifikasi/Fee Admin checkout")): Text of object 'Object Repository/verifikasi/Fee Admin checkout' is: 'Fee Admin
Rp 1,500'

2023-10-05 13:48:37 - [MESSAGE][PASSED] - Text of object 'Object Repository/verifikasi/Fee Admin checkout' is: 'Fee Admin
Rp 1,500'

2023-10-05 13:48:37 - [TEST_STEP][PASSED] - Fee_Admin = FeeAdmin.substring(12, FeeAdmin.size()): null

2023-10-05 13:48:37 - [TEST_STEP][PASSED] - fee = Fee_Admin.replace(",", "."): null

2023-10-05 13:48:37 - [TEST_STEP][PASSED] - fee_admin = Double.parseDouble(fee): null

2023-10-05 13:48:37 - [TEST_STEP][PASSED] - println(fee_admin): null

2023-10-05 13:48:37 - [TEST_STEP][PASSED] - Subtotal = getText(findTestObject("verifikasi/subtotal checkout")): Text of object 'Object Repository/verifikasi/subtotal checkout' is: 'Subtotal
Rp 1,299'

2023-10-05 13:48:38 - [MESSAGE][PASSED] - Text of object 'Object Repository/verifikasi/subtotal checkout' is: 'Subtotal
Rp 1,299'

2023-10-05 13:48:38 - [TEST_STEP][PASSED] - sub_total = Subtotal.substring(12, Subtotal.size()): null

2023-10-05 13:48:38 - [TEST_STEP][PASSED] - sub = sub_total.replace(",", "."): null

2023-10-05 13:48:38 - [TEST_STEP][PASSED] - sub_total = Double.parseDouble(sub): null

2023-10-05 13:48:38 - [TEST_STEP][PASSED] - println(sub_total): null

2023-10-05 13:48:38 - [TEST_STEP][PASSED] - Total = getText(findTestObject("verifikasi/Total checkout")): Text of object 'Object Repository/verifikasi/Total checkout' is: 'Rp 7,799'

2023-10-05 13:48:38 - [MESSAGE][PASSED] - Text of object 'Object Repository/verifikasi/Total checkout' is: 'Rp 7,799'

2023-10-05 13:48:38 - [TEST_STEP][PASSED] - totall = Total.substring(3, Total.size()): null

2023-10-05 13:48:38 - [TEST_STEP][PASSED] - total = totall.replace(",", "."): null

2023-10-05 13:48:38 - [TEST_STEP][PASSED] - totall = Double.parseDouble(total): null

2023-10-05 13:48:38 - [TEST_STEP][PASSED] - println(totall): null

2023-10-05 13:48:38 - [TEST_STEP][PASSED] - Total_Harga = Ongkos_kirim + fee_admin + sub_total: null

2023-10-05 13:48:38 - [TEST_STEP][PASSED] - println(Total_Harga): null

2023-10-05 13:48:38 - [TEST_STEP][PASSED] - TotalHarga = Math.round(Total_Harga * 1000) / 1000: null

2023-10-05 13:48:38 - [TEST_STEP][PASSED] - println(TotalHarga): null

2023-10-05 13:48:38 - [TEST_STEP][PASSED] - assert totall == TotalHarga: null

2023-10-05 13:48:38 - [TEST_STEP][PASSED] - click(findTestObject("verifikasi/Metode Transfer")): Object: 'Object Repository/verifikasi/Metode Transfer' is clicked on

2023-10-05 13:48:39 - [MESSAGE][PASSED] - Object: 'Object Repository/verifikasi/Metode Transfer' is clicked on

2023-10-05 13:48:39 - [TEST_STEP][PASSED] - click(findTestObject("checkout/button_Proses Pembayaran")): Object: 'Object Repository/checkout/button_Proses Pembayaran' is clicked on

2023-10-05 13:48:46 - [MESSAGE][PASSED] - Object: 'Object Repository/checkout/button_Proses Pembayaran' is clicked on

2023-10-05 13:48:46 - [TEST_STEP][PASSED] - verifyElementPresent(findTestObject("pembayaran/Tittle nomor invoice"), 0): Object 'Object Repository/pembayaran/Tittle nomor invoice' is present

2023-10-05 13:48:47 - [MESSAGE][WARNING] - Timeout '0' is invalid. Using default page load timeout: '30'

2023-10-05 13:48:47 - [MESSAGE][PASSED] - Object 'Object Repository/pembayaran/Tittle nomor invoice' is present

2023-10-05 13:48:47 - [TEST_STEP][PASSED] - return data: null

2023-10-05 13:48:47 - [MESSAGE][PASSED] - Call Test Case 'Test Cases/T13 Pembelian, Shipment dan Pembayaran/PBL-004' successfully

2023-10-05 13:48:47 - [TEST_STEP][PASSED] - Invoice = getText(findTestObject("pembayaran/nomor invoice")): Text of object 'Object Repository/pembayaran/nomor invoice' is: 'TRX60.20231005134843'

2023-10-05 13:48:48 - [MESSAGE][PASSED] - Text of object 'Object Repository/pembayaran/nomor invoice' is: 'TRX60.20231005134843'

2023-10-05 13:48:48 - [TEST_STEP][PASSED] - data.put("invoice", Invoice): null

2023-10-05 13:48:48 - [TEST_STEP][PASSED] - NamaPemesan = getText(findTestObject("Konfirmasi pesanan shop/Nama pemesan")): Text of object 'Object Repository/Konfirmasi pesanan shop/Nama pemesan' is: 'irfan.afandi'

2023-10-05 13:48:48 - [MESSAGE][PASSED] - Text of object 'Object Repository/Konfirmasi pesanan shop/Nama pemesan' is: 'irfan.afandi'

2023-10-05 13:48:48 - [TEST_STEP][PASSED] - Nama = getText(findTestObject("pembayaran/Nama barang")): Text of object 'Object Repository/pembayaran/Nama barang' is: 'Segitiga Instan Madeira - MDB5.3 Sunset'

2023-10-05 13:48:49 - [MESSAGE][PASSED] - Text of object 'Object Repository/pembayaran/Nama barang' is: 'Segitiga Instan Madeira - MDB5.3 Sunset'

2023-10-05 13:48:49 - [TEST_STEP][PASSED] - Harga = getText(findTestObject("pembayaran/Harga barang")): Text of object 'Object Repository/pembayaran/Harga barang' is: '1,299'

2023-10-05 13:48:49 - [MESSAGE][PASSED] - Text of object 'Object Repository/pembayaran/Harga barang' is: '1,299'

2023-10-05 13:48:49 - [TEST_STEP][PASSED] - name_product = data.get("nama_barang"): null

2023-10-05 13:48:49 - [TEST_STEP][PASSED] - price_product = data.get("price_barang"): null

2023-10-05 13:48:49 - [TEST_STEP][PASSED] - assert name_product.contains(Nama): null

2023-10-05 13:48:49 - [TEST_STEP][PASSED] - assert price_product.contains(Harga): null

2023-10-05 13:48:49 - [TEST_STEP][PASSED] - warnaa = getText(findTestObject("pembayaran/warna")): Text of object 'Object Repository/pembayaran/warna' is: 'Merah'

2023-10-05 13:48:50 - [MESSAGE][PASSED] - Text of object 'Object Repository/pembayaran/warna' is: 'Merah'

2023-10-05 13:48:50 - [TEST_STEP][PASSED] - ukurann = getText(findTestObject("pembayaran/ukuran")): Text of object 'Object Repository/pembayaran/ukuran' is: 'Menengah'

2023-10-05 13:48:50 - [MESSAGE][PASSED] - Text of object 'Object Repository/pembayaran/ukuran' is: 'Menengah'

2023-10-05 13:48:50 - [TEST_STEP][PASSED] - warna1 = data.get("Warna"): null

2023-10-05 13:48:50 - [TEST_STEP][PASSED] - ukuran1 = data.get("Ukuran"): null

2023-10-05 13:48:50 - [TEST_STEP][PASSED] - assert warnaa == warna1: null

2023-10-05 13:48:50 - [TEST_STEP][PASSED] - assert ukurann == ukuran1: null

2023-10-05 13:48:50 - [TEST_STEP][PASSED] - statusPembelian = getText(findTestObject("verifikasi/Status pending di pembelian")): Text of object 'Object Repository/verifikasi/Status pending di pembelian' is: 'Pending'

2023-10-05 13:48:51 - [MESSAGE][PASSED] - Text of object 'Object Repository/verifikasi/Status pending di pembelian' is: 'Pending'

2023-10-05 13:48:51 - [TEST_STEP][PASSED] - data.put("statusPem", statusPembelian): null

2023-10-05 13:48:51 - [TEST_STEP][PASSED] - OngkosKirim = getText(findTestObject("pembayaran/ongkos kirim")): Text of object 'Object Repository/pembayaran/ongkos kirim' is: 'Rp 5,000'

2023-10-05 13:48:51 - [MESSAGE][PASSED] - Text of object 'Object Repository/pembayaran/ongkos kirim' is: 'Rp 5,000'

2023-10-05 13:48:51 - [TEST_STEP][PASSED] - Ongkos = OngkosKirim.substring(3, OngkosKirim.size()): null

2023-10-05 13:48:51 - [TEST_STEP][PASSED] - rep = Ongkos.replace(",", ""): null

2023-10-05 13:48:51 - [TEST_STEP][PASSED] - Ongkos_kirimm = Integer.parseInt(rep): null

2023-10-05 13:48:51 - [TEST_STEP][PASSED] - println(Ongkos_kirimm): null

2023-10-05 13:48:51 - [TEST_STEP][PASSED] - FeeAdmin = getText(findTestObject("pembayaran/fee admin")): Text of object 'Object Repository/pembayaran/fee admin' is: 'Rp 1,500'

2023-10-05 13:48:52 - [MESSAGE][PASSED] - Text of object 'Object Repository/pembayaran/fee admin' is: 'Rp 1,500'

2023-10-05 13:48:52 - [TEST_STEP][PASSED] - Fee_Admin = FeeAdmin.substring(3, FeeAdmin.size()): null

2023-10-05 13:48:52 - [TEST_STEP][PASSED] - fee = Fee_Admin.replace(",", ""): null

2023-10-05 13:48:52 - [TEST_STEP][PASSED] - fee_adminn = Integer.parseInt(fee): null

2023-10-05 13:48:52 - [TEST_STEP][PASSED] - println(fee_adminn): null

2023-10-05 13:48:52 - [TEST_STEP][PASSED] - Subtotal = getText(findTestObject("pembayaran/subtotal")): Text of object 'Object Repository/pembayaran/subtotal' is: 'Rp 1,299'

2023-10-05 13:48:52 - [MESSAGE][PASSED] - Text of object 'Object Repository/pembayaran/subtotal' is: 'Rp 1,299'

2023-10-05 13:48:52 - [TEST_STEP][PASSED] - sub_total = Subtotal.substring(3, Subtotal.size()): null

2023-10-05 13:48:52 - [TEST_STEP][PASSED] - sub = sub_total.replace(",", ""): null

2023-10-05 13:48:52 - [TEST_STEP][PASSED] - sub_totall = Integer.parseInt(sub): null

2023-10-05 13:48:52 - [TEST_STEP][PASSED] - println(sub_totall): null

2023-10-05 13:48:52 - [TEST_STEP][PASSED] - unik = getText(findTestObject("pembayaran/kode unik")): Text of object 'Object Repository/pembayaran/kode unik' is: '+843'

2023-10-05 13:48:53 - [MESSAGE][PASSED] - Text of object 'Object Repository/pembayaran/kode unik' is: '+843'

2023-10-05 13:48:53 - [TEST_STEP][PASSED] - unikk = unik.replace("+", ""): null

2023-10-05 13:48:53 - [TEST_STEP][PASSED] - kode_unik = Integer.parseInt(unikk): null

2023-10-05 13:48:53 - [TEST_STEP][PASSED] - println(kode_unik): null

2023-10-05 13:48:53 - [TEST_STEP][PASSED] - Total = getText(findTestObject("pembayaran/total")): Text of object 'Object Repository/pembayaran/total' is: '8,642'

2023-10-05 13:48:53 - [MESSAGE][PASSED] - Text of object 'Object Repository/pembayaran/total' is: '8,642'

2023-10-05 13:48:53 - [TEST_STEP][PASSED] - total = Total.replace(",", ""): null

2023-10-05 13:48:53 - [TEST_STEP][PASSED] - totalll = Integer.parseInt(total): null

2023-10-05 13:48:53 - [TEST_STEP][PASSED] - println(totalll): null

2023-10-05 13:48:53 - [TEST_STEP][PASSED] - Total_Hargaa = Ongkos_kirimm + fee_adminn + sub_totall + kode_unik: null

2023-10-05 13:48:53 - [TEST_STEP][PASSED] - println(Total_Hargaa): null

2023-10-05 13:48:53 - [TEST_STEP][PASSED] - assert totalll == Total_Hargaa: null

2023-10-05 13:48:53 - [TEST_STEP][PASSED] - data.put("total", Total): null

2023-10-05 13:48:53 - [TEST_STEP][PASSED] - data.put("nama", NamaPemesan): null

2023-10-05 13:48:53 - [TEST_STEP][PASSED] - return data: null

2023-10-05 13:48:53 - [MESSAGE][PASSED] - Call Test Case 'Test Cases/T13 Pembelian, Shipment dan Pembayaran/PBY-001' successfully

2023-10-05 13:48:53 - [TEST_STEP][PASSED] - inv = data.get("invoice"): null

2023-10-05 13:48:53 - [TEST_STEP][PASSED] - Total = data.get("total"): null

2023-10-05 13:48:53 - [TEST_STEP][PASSED] - NamaPemesan = data.get("nama"): null

2023-10-05 13:48:53 - [TEST_STEP][PASSED] - click(findTestObject("Konfirmasi pesanan shop/Menu Shop")): Object: 'Object Repository/Konfirmasi pesanan shop/Menu Shop' is clicked on

2023-10-05 13:48:55 - [MESSAGE][PASSED] - Object: 'Object Repository/Konfirmasi pesanan shop/Menu Shop' is clicked on

2023-10-05 13:48:55 - [TEST_STEP][PASSED] - click(findTestObject("Konfirmasi pesanan shop/Menu Shop")): Object: 'Object Repository/Konfirmasi pesanan shop/Menu Shop' is clicked on

2023-10-05 13:48:56 - [MESSAGE][PASSED] - Object: 'Object Repository/Konfirmasi pesanan shop/Menu Shop' is clicked on

2023-10-05 13:48:56 - [TEST_STEP][PASSED] - click(findTestObject("Konfirmasi pesanan shop/Konfirmasi Orders")): Object: 'Object Repository/Konfirmasi pesanan shop/Konfirmasi Orders' is clicked on

2023-10-05 13:48:57 - [MESSAGE][PASSED] - Object: 'Object Repository/Konfirmasi pesanan shop/Konfirmasi Orders' is clicked on

2023-10-05 13:48:57 - [TEST_STEP][PASSED] - verifyElementPresent(findTestObject("Konfirmasi pesanan shop/Tittle Konfirmasi Pesanan"), 0): Object 'Object Repository/Konfirmasi pesanan shop/Tittle Konfirmasi Pesanan' is present

2023-10-05 13:48:57 - [MESSAGE][WARNING] - Timeout '0' is invalid. Using default page load timeout: '30'

2023-10-05 13:48:58 - [MESSAGE][PASSED] - Object 'Object Repository/Konfirmasi pesanan shop/Tittle Konfirmasi Pesanan' is present

2023-10-05 13:48:58 - [TEST_STEP][PASSED] - setText(findTestObject("Konfirmasi pesanan shop/input_No Pesanan"), inv): Text 'TRX60.20231005134843' is set on object 'Object Repository/Konfirmasi pesanan shop/input_No Pesanan'

2023-10-05 13:48:58 - [MESSAGE][PASSED] - Text 'TRX60.20231005134843' is set on object 'Object Repository/Konfirmasi pesanan shop/input_No Pesanan'

2023-10-05 13:48:58 - [TEST_STEP][PASSED] - setText(findTestObject("Konfirmasi pesanan shop/input_Alamat E-mai"), "irfan@gmail.com"): Text 'irfan@gmail.com' is set on object 'Object Repository/Konfirmasi pesanan shop/input_Alamat E-mai'

2023-10-05 13:48:59 - [MESSAGE][PASSED] - Text 'irfan@gmail.com' is set on object 'Object Repository/Konfirmasi pesanan shop/input_Alamat E-mai'

2023-10-05 13:48:59 - [TEST_STEP][PASSED] - click(findTestObject("Konfirmasi pesanan shop/button_Submit")): Object: 'Object Repository/Konfirmasi pesanan shop/button_Submit' is clicked on

2023-10-05 13:49:00 - [MESSAGE][PASSED] - Object: 'Object Repository/Konfirmasi pesanan shop/button_Submit' is clicked on

2023-10-05 13:49:00 - [TEST_STEP][PASSED] - verifyElementPresent(findTestObject("Konfirmasi pesanan shop/Tittle nomor invoice"), 0): Object 'Object Repository/Konfirmasi pesanan shop/Tittle nomor invoice' is present

2023-10-05 13:49:00 - [MESSAGE][WARNING] - Timeout '0' is invalid. Using default page load timeout: '30'

2023-10-05 13:49:01 - [MESSAGE][PASSED] - Object 'Object Repository/Konfirmasi pesanan shop/Tittle nomor invoice' is present

2023-10-05 13:49:01 - [TEST_STEP][PASSED] - setText(findTestObject("Konfirmasi pesanan shop/input_Total TagihanTransfer_b"), Total): Text '8,642' is set on object 'Object Repository/Konfirmasi pesanan shop/input_Total TagihanTransfer_b'

2023-10-05 13:49:02 - [MESSAGE][PASSED] - Text '8,642' is set on object 'Object Repository/Konfirmasi pesanan shop/input_Total TagihanTransfer_b'

2023-10-05 13:49:02 - [TEST_STEP][PASSED] - selectOptionByValue(findTestObject("Konfirmasi pesanan shop/select_Bank"), "4", false): All options with value '4' are selected in object 'Object Repository/Konfirmasi pesanan shop/select_Bank' 

2023-10-05 13:49:03 - [MESSAGE][PASSED] - All options with value '4' are selected in object 'Object Repository/Konfirmasi pesanan shop/select_Bank' 

2023-10-05 13:49:03 - [TEST_STEP][PASSED] - setText(findTestObject("Konfirmasi pesanan shop/input_Nama Pengirim_d"), NamaPemesan): Text 'irfan.afandi' is set on object 'Object Repository/Konfirmasi pesanan shop/input_Nama Pengirim_d'

2023-10-05 13:49:04 - [MESSAGE][PASSED] - Text 'irfan.afandi' is set on object 'Object Repository/Konfirmasi pesanan shop/input_Nama Pengirim_d'

2023-10-05 13:49:04 - [TEST_STEP][PASSED] - uploadFile(findTestObject("keranjang/konfirmasi/input_Upload Bukti Transfer_f"), "C:\Users\IRFAN\Downloads\Berkas2.pdf"): File 'C:\Users\IRFAN\Downloads\Berkas2.pdf' sent to object: 'Object Repository/keranjang/konfirmasi/input_Upload Bukti Transfer_f'

2023-10-05 13:49:04 - [MESSAGE][PASSED] - File 'C:\Users\IRFAN\Downloads\Berkas2.pdf' sent to object: 'Object Repository/keranjang/konfirmasi/input_Upload Bukti Transfer_f'

2023-10-05 13:49:04 - [TEST_STEP][PASSED] - click(findTestObject("Konfirmasi pesanan shop/button_Konfirmasi Pembayaran")): Object: 'Object Repository/Konfirmasi pesanan shop/button_Konfirmasi Pembayaran' is clicked on

2023-10-05 13:49:05 - [MESSAGE][PASSED] - Object: 'Object Repository/Konfirmasi pesanan shop/button_Konfirmasi Pembayaran' is clicked on

2023-10-05 13:49:05 - [TEST_STEP][PASSED] - verifyElementPresent(findTestObject("Konfirmasi pesanan shop/Tittle Konfirmasi Pesanan"), 0): Object 'Object Repository/Konfirmasi pesanan shop/Tittle Konfirmasi Pesanan' is present

2023-10-05 13:49:05 - [MESSAGE][WARNING] - Timeout '0' is invalid. Using default page load timeout: '30'

2023-10-05 13:49:06 - [MESSAGE][PASSED] - Object 'Object Repository/Konfirmasi pesanan shop/Tittle Konfirmasi Pesanan' is present

2023-10-05 13:49:06 - [TEST_STEP][PASSED] - verifyElementPresent(findTestObject("Konfirmasi pesanan shop/Tittle massage succes Konfirmasi Pembayaran Pesanan"), 0): Object 'Object Repository/Konfirmasi pesanan shop/Tittle massage succes Konfirmasi Pembayaran Pesanan' is present

2023-10-05 13:49:06 - [MESSAGE][WARNING] - Timeout '0' is invalid. Using default page load timeout: '30'

2023-10-05 13:49:06 - [MESSAGE][PASSED] - Object 'Object Repository/Konfirmasi pesanan shop/Tittle massage succes Konfirmasi Pembayaran Pesanan' is present

2023-10-05 13:49:06 - [TEST_STEP][PASSED] - return data: null

2023-10-05 13:49:07 - [MESSAGE][PASSED] - Call Test Case 'Test Cases/T13 Pembelian, Shipment dan Pembayaran/PBY-004' successfully

2023-10-05 13:49:07 - [TEST_STEP][PASSED] - navigateToUrl("https://10.9.2.63/ecommerce/administrator/"): Navigate to 'https://10.9.2.63/ecommerce/administrator/' successfully

2023-10-05 13:49:07 - [MESSAGE][PASSED] - Navigate to 'https://10.9.2.63/ecommerce/administrator/' successfully

2023-10-05 13:49:07 - [TEST_STEP][PASSED] - verifyElementPresent(findTestObject("admin/Tittle ADMIN Login"), 0): Object 'Object Repository/admin/Tittle ADMIN Login' is present

2023-10-05 13:49:07 - [MESSAGE][WARNING] - Timeout '0' is invalid. Using default page load timeout: '30'

2023-10-05 13:49:08 - [MESSAGE][PASSED] - Object 'Object Repository/admin/Tittle ADMIN Login' is present

2023-10-05 13:49:08 - [TEST_STEP][PASSED] - setText(findTestObject("admin/Username"), "admin"): Text 'admin' is set on object 'Object Repository/admin/Username'

2023-10-05 13:49:08 - [MESSAGE][PASSED] - Text 'admin' is set on object 'Object Repository/admin/Username'

2023-10-05 13:49:08 - [TEST_STEP][PASSED] - setText(findTestObject("admin/Password"), "123admin123"): Text '123admin123' is set on object 'Object Repository/admin/Password'

2023-10-05 13:49:09 - [MESSAGE][PASSED] - Text '123admin123' is set on object 'Object Repository/admin/Password'

2023-10-05 13:49:09 - [TEST_STEP][PASSED] - click(findTestObject("admin/Remember Me")): Object: 'Object Repository/admin/Remember Me' is clicked on

2023-10-05 13:49:09 - [MESSAGE][PASSED] - Object: 'Object Repository/admin/Remember Me' is clicked on

2023-10-05 13:49:09 - [TEST_STEP][PASSED] - delay(10): Delayed 10 second(s)

2023-10-05 13:49:20 - [MESSAGE][PASSED] - Delayed 10 second(s)

2023-10-05 13:49:20 - [TEST_STEP][PASSED] - click(findTestObject("admin/buttom submit")): Object: 'Object Repository/admin/buttom submit' is clicked on

2023-10-05 13:49:21 - [MESSAGE][PASSED] - Object: 'Object Repository/admin/buttom submit' is clicked on

2023-10-05 13:49:21 - [TEST_STEP][PASSED] - verifyElementPresent(findTestObject("admin/Konf order konsumen/Tittle Dashboard"), 0): Object 'Object Repository/admin/Konf order konsumen/Tittle Dashboard' is present

2023-10-05 13:49:21 - [MESSAGE][WARNING] - Timeout '0' is invalid. Using default page load timeout: '30'

2023-10-05 13:49:22 - [MESSAGE][PASSED] - Object 'Object Repository/admin/Konf order konsumen/Tittle Dashboard' is present

2023-10-05 13:49:22 - [TEST_STEP][PASSED] - click(findTestObject("admin/Konf order konsumen/Menu Transaksi Market")): Object: 'Object Repository/admin/Konf order konsumen/Menu Transaksi Market' is clicked on

2023-10-05 13:49:22 - [MESSAGE][PASSED] - Object: 'Object Repository/admin/Konf order konsumen/Menu Transaksi Market' is clicked on

2023-10-05 13:49:22 - [TEST_STEP][PASSED] - click(findTestObject("admin/Konf order konsumen/Menu Konf. Order Konsumen")): Object: 'Object Repository/admin/Konf order konsumen/Menu Konf. Order Konsumen' is clicked on

2023-10-05 13:49:24 - [MESSAGE][PASSED] - Object: 'Object Repository/admin/Konf order konsumen/Menu Konf. Order Konsumen' is clicked on

2023-10-05 13:49:24 - [TEST_STEP][PASSED] - verifyElementPresent(findTestObject("admin/Konf order konsumen/Tittle Data Konfirmasi Pembayaran Konsumen"), 0): Object 'Object Repository/admin/Konf order konsumen/Tittle Data Konfirmasi Pembayaran Konsumen' is present

2023-10-05 13:49:24 - [MESSAGE][WARNING] - Timeout '0' is invalid. Using default page load timeout: '30'

2023-10-05 13:49:24 - [MESSAGE][PASSED] - Object 'Object Repository/admin/Konf order konsumen/Tittle Data Konfirmasi Pembayaran Konsumen' is present

2023-10-05 13:49:24 - [TEST_STEP][PASSED] - inv = data.get("invoice"): null

2023-10-05 13:49:24 - [TEST_STEP][PASSED] - setText(findTestObject("admin/Konf order konsumen/Search"), inv): Text 'TRX60.20231005134843' is set on object 'Object Repository/admin/Konf order konsumen/Search'

2023-10-05 13:49:25 - [MESSAGE][PASSED] - Text 'TRX60.20231005134843' is set on object 'Object Repository/admin/Konf order konsumen/Search'

2023-10-05 13:49:25 - [TEST_STEP][PASSED] - verifyElementText(findTestObject("admin/Konf order konsumen/Keterangan Lunas"), "Lunas"): Actual text and expected text of test object 'Object Repository/admin/Konf order konsumen/Keterangan Lunas' are matched.

2023-10-05 13:49:25 - [MESSAGE][PASSED] - Actual text and expected text of test object 'Object Repository/admin/Konf order konsumen/Keterangan Lunas' are matched.

2023-10-05 13:49:25 - [TEST_STEP][PASSED] - return data: null

2023-10-05 13:49:25 - [MESSAGE][PASSED] - Call Test Case 'Test Cases/T13 Pembelian, Shipment dan Pembayaran/PBYA-001' successfully

2023-10-05 13:49:25 - [TEST_STEP][PASSED] - click(findTestObject("admin/Penjualan ke konsumen/buttom Dashboard")): Object: 'Object Repository/admin/Penjualan ke konsumen/buttom Dashboard' is clicked on

2023-10-05 13:49:26 - [MESSAGE][PASSED] - Object: 'Object Repository/admin/Penjualan ke konsumen/buttom Dashboard' is clicked on

2023-10-05 13:49:26 - [TEST_STEP][PASSED] - click(findTestObject("admin/Konf order konsumen/Menu Transaksi Market")): Object: 'Object Repository/admin/Konf order konsumen/Menu Transaksi Market' is clicked on

2023-10-05 13:49:27 - [MESSAGE][PASSED] - Object: 'Object Repository/admin/Konf order konsumen/Menu Transaksi Market' is clicked on

2023-10-05 13:49:27 - [TEST_STEP][PASSED] - click(findTestObject("admin/Penjualan ke konsumen/a_Penjualan ke Konsumen")): Object: 'Object Repository/admin/Penjualan ke konsumen/a_Penjualan ke Konsumen' is clicked on

2023-10-05 13:49:30 - [MESSAGE][PASSED] - Object: 'Object Repository/admin/Penjualan ke konsumen/a_Penjualan ke Konsumen' is clicked on

2023-10-05 13:49:30 - [TEST_STEP][PASSED] - verifyElementPresent(findTestObject("admin/Tittle Data Transaksi Penjualan  Orderan Konsumen"), 0): Object 'Object Repository/admin/Tittle Data Transaksi Penjualan  Orderan Konsumen' is present

2023-10-05 13:49:30 - [MESSAGE][WARNING] - Timeout '0' is invalid. Using default page load timeout: '30'

2023-10-05 13:49:30 - [MESSAGE][PASSED] - Object 'Object Repository/admin/Tittle Data Transaksi Penjualan  Orderan Konsumen' is present

2023-10-05 13:49:30 - [TEST_STEP][PASSED] - return data: null

2023-10-05 13:49:30 - [MESSAGE][PASSED] - Call Test Case 'Test Cases/T13 Pembelian, Shipment dan Pembayaran/SA-001' successfully

2023-10-05 13:49:30 - [TEST_STEP][PASSED] - inv = data.get("invoice"): null

2023-10-05 13:49:30 - [TEST_STEP][PASSED] - setText(findTestObject("admin/Penjualan ke konsumen/Search"), inv): Text 'TRX60.20231005134843' is set on object 'Object Repository/admin/Penjualan ke konsumen/Search'

2023-10-05 13:49:31 - [MESSAGE][PASSED] - Text 'TRX60.20231005134843' is set on object 'Object Repository/admin/Penjualan ke konsumen/Search'

2023-10-05 13:49:31 - [TEST_STEP][PASSED] - click(findTestObject("admin/Penjualan ke konsumen/buttom konfirmasi pending payment"), CONTINUE_ON_FAILURE): Object: 'Object Repository/admin/Penjualan ke konsumen/buttom konfirmasi pending payment' is clicked on

2023-10-05 13:49:32 - [MESSAGE][PASSED] - Object: 'Object Repository/admin/Penjualan ke konsumen/buttom konfirmasi pending payment' is clicked on

2023-10-05 13:49:32 - [TEST_STEP][PASSED] - waitForAlert(5, OPTIONAL): No alert found after 5 second(s).

2023-10-05 13:49:37 - [MESSAGE][WARNING] - No alert found after 5 second(s).

2023-10-05 13:49:37 - [TEST_STEP][FAILED] - acceptAlert(): Unable to accept alert (Root cause: com.kms.katalon.core.exception.StepFailedException: Unable to accept alert
	at com.kms.katalon.core.webui.keyword.internal.WebUIKeywordMain.stepFailed(WebUIKeywordMain.groovy:64)
	at com.kms.katalon.core.webui.keyword.internal.WebUIKeywordMain.runKeyword(WebUIKeywordMain.groovy:26)
	at com.kms.katalon.core.webui.keyword.builtin.AcceptAlertKeyword.acceptAlert(AcceptAlertKeyword.groovy:71)
	at com.kms.katalon.core.webui.keyword.builtin.AcceptAlertKeyword.execute(AcceptAlertKeyword.groovy:66)
	at com.kms.katalon.core.keyword.internal.KeywordExecutor.executeKeywordForPlatform(KeywordExecutor.groovy:74)
	at com.kms.katalon.core.webui.keyword.WebUiBuiltInKeywords.acceptAlert(WebUiBuiltInKeywords.groovy:1522)
	at com.kms.katalon.core.webui.keyword.WebUiBuiltInKeywords$acceptAlert$18.call(Unknown Source)
	at SA-002.run(SA-002:30)
	at com.kms.katalon.core.main.ScriptEngine.run(ScriptEngine.java:194)
	at com.kms.katalon.core.main.ScriptEngine.runScriptAsRawText(ScriptEngine.java:119)
	at com.kms.katalon.core.main.TestCaseExecutor.runScript(TestCaseExecutor.java:448)
	at com.kms.katalon.core.main.TestCaseExecutor.doExecute(TestCaseExecutor.java:439)
	at com.kms.katalon.core.main.TestCaseExecutor.processExecutionPhase(TestCaseExecutor.java:418)
	at com.kms.katalon.core.main.TestCaseExecutor.accessMainPhase(TestCaseExecutor.java:410)
	at com.kms.katalon.core.main.TestCaseExecutor.execute(TestCaseExecutor.java:285)
	at com.kms.katalon.core.main.TestCaseMain.runTestCase(TestCaseMain.java:144)
	at com.kms.katalon.core.keyword.builtin.CallTestCaseKeyword$_callTestCase_closure1.doCall(CallTestCaseKeyword.groovy:59)
	at com.kms.katalon.core.keyword.builtin.CallTestCaseKeyword$_callTestCase_closure1.call(CallTestCaseKeyword.groovy)
	at com.kms.katalon.core.keyword.internal.KeywordMain.runKeyword(KeywordMain.groovy:75)
	at com.kms.katalon.core.keyword.builtin.CallTestCaseKeyword.callTestCase(CallTestCaseKeyword.groovy:81)
	at com.kms.katalon.core.keyword.builtin.CallTestCaseKeyword.execute(CallTestCaseKeyword.groovy:44)
	at com.kms.katalon.core.keyword.internal.KeywordExecutor.executeKeywordForPlatform(KeywordExecutor.groovy:74)
	at com.kms.katalon.core.keyword.BuiltinKeywords.callTestCase(BuiltinKeywords.groovy:310)
	at SA-007.run(SA-007:20)
	at com.kms.katalon.core.main.ScriptEngine.run(ScriptEngine.java:194)
	at com.kms.katalon.core.main.ScriptEngine.runScriptAsRawText(ScriptEngine.java:119)
	at com.kms.katalon.core.main.TestCaseExecutor.runScript(TestCaseExecutor.java:448)
	at com.kms.katalon.core.main.TestCaseExecutor.doExecute(TestCaseExecutor.java:439)
	at com.kms.katalon.core.main.TestCaseExecutor.processExecutionPhase(TestCaseExecutor.java:418)
	at com.kms.katalon.core.main.TestCaseExecutor.accessMainPhase(TestCaseExecutor.java:410)
	at com.kms.katalon.core.main.TestCaseExecutor.execute(TestCaseExecutor.java:285)
	at com.kms.katalon.core.common.CommonExecutor.accessTestCaseMainPhase(CommonExecutor.java:65)
	at com.kms.katalon.core.main.TestSuiteExecutor.accessTestSuiteMainPhase(TestSuiteExecutor.java:148)
	at com.kms.katalon.core.main.TestSuiteExecutor.execute(TestSuiteExecutor.java:106)
	at com.kms.katalon.core.main.TestCaseMain.startTestSuite(TestCaseMain.java:187)
	at com.kms.katalon.core.main.TestCaseMain$startTestSuite$0.call(Unknown Source)
	at TempTestSuite1696486556660.run(TempTestSuite1696486556660.groovy:36)
Caused by: com.kms.katalon.core.exception.StepFailedException: No alert found
	at com.kms.katalon.core.webui.keyword.internal.WebUIKeywordMain.stepFailed(WebUIKeywordMain.groovy:64)
	at com.kms.katalon.core.webui.keyword.builtin.AcceptAlertKeyword$_acceptAlert_closure1.doCall(AcceptAlertKeyword.groovy:78)
	at com.kms.katalon.core.webui.keyword.builtin.AcceptAlertKeyword$_acceptAlert_closure1.call(AcceptAlertKeyword.groovy)
	at com.kms.katalon.core.webui.keyword.internal.WebUIKeywordMain.runKeyword(WebUIKeywordMain.groovy:20)
	... 35 more
)

2023-10-05 13:49:37 - [MESSAGE][FAILED] - No alert found (Root cause: com.kms.katalon.core.exception.StepFailedException: No alert found
	at com.kms.katalon.core.webui.keyword.internal.WebUIKeywordMain.stepFailed(WebUIKeywordMain.groovy:64)
	at com.kms.katalon.core.webui.keyword.builtin.AcceptAlertKeyword$_acceptAlert_closure1.doCall(AcceptAlertKeyword.groovy:78)
	at com.kms.katalon.core.webui.keyword.builtin.AcceptAlertKeyword$_acceptAlert_closure1.call(AcceptAlertKeyword.groovy)
	at com.kms.katalon.core.webui.keyword.internal.WebUIKeywordMain.runKeyword(WebUIKeywordMain.groovy:20)
	at com.kms.katalon.core.webui.keyword.builtin.AcceptAlertKeyword.acceptAlert(AcceptAlertKeyword.groovy:71)
	at com.kms.katalon.core.webui.keyword.builtin.AcceptAlertKeyword.execute(AcceptAlertKeyword.groovy:66)
	at com.kms.katalon.core.keyword.internal.KeywordExecutor.executeKeywordForPlatform(KeywordExecutor.groovy:74)
	at com.kms.katalon.core.webui.keyword.WebUiBuiltInKeywords.acceptAlert(WebUiBuiltInKeywords.groovy:1522)
	at com.kms.katalon.core.webui.keyword.WebUiBuiltInKeywords$acceptAlert$18.call(Unknown Source)
	at SA-002.run(SA-002:30)
	at com.kms.katalon.core.main.ScriptEngine.run(ScriptEngine.java:194)
	at com.kms.katalon.core.main.ScriptEngine.runScriptAsRawText(ScriptEngine.java:119)
	at com.kms.katalon.core.main.TestCaseExecutor.runScript(TestCaseExecutor.java:448)
	at com.kms.katalon.core.main.TestCaseExecutor.doExecute(TestCaseExecutor.java:439)
	at com.kms.katalon.core.main.TestCaseExecutor.processExecutionPhase(TestCaseExecutor.java:418)
	at com.kms.katalon.core.main.TestCaseExecutor.accessMainPhase(TestCaseExecutor.java:410)
	at com.kms.katalon.core.main.TestCaseExecutor.execute(TestCaseExecutor.java:285)
	at com.kms.katalon.core.main.TestCaseMain.runTestCase(TestCaseMain.java:144)
	at com.kms.katalon.core.keyword.builtin.CallTestCaseKeyword$_callTestCase_closure1.doCall(CallTestCaseKeyword.groovy:59)
	at com.kms.katalon.core.keyword.builtin.CallTestCaseKeyword$_callTestCase_closure1.call(CallTestCaseKeyword.groovy)
	at com.kms.katalon.core.keyword.internal.KeywordMain.runKeyword(KeywordMain.groovy:75)
	at com.kms.katalon.core.keyword.builtin.CallTestCaseKeyword.callTestCase(CallTestCaseKeyword.groovy:81)
	at com.kms.katalon.core.keyword.builtin.CallTestCaseKeyword.execute(CallTestCaseKeyword.groovy:44)
	at com.kms.katalon.core.keyword.internal.KeywordExecutor.executeKeywordForPlatform(KeywordExecutor.groovy:74)
	at com.kms.katalon.core.keyword.BuiltinKeywords.callTestCase(BuiltinKeywords.groovy:310)
	at SA-007.run(SA-007:20)
	at com.kms.katalon.core.main.ScriptEngine.run(ScriptEngine.java:194)
	at com.kms.katalon.core.main.ScriptEngine.runScriptAsRawText(ScriptEngine.java:119)
	at com.kms.katalon.core.main.TestCaseExecutor.runScript(TestCaseExecutor.java:448)
	at com.kms.katalon.core.main.TestCaseExecutor.doExecute(TestCaseExecutor.java:439)
	at com.kms.katalon.core.main.TestCaseExecutor.processExecutionPhase(TestCaseExecutor.java:418)
	at com.kms.katalon.core.main.TestCaseExecutor.accessMainPhase(TestCaseExecutor.java:410)
	at com.kms.katalon.core.main.TestCaseExecutor.execute(TestCaseExecutor.java:285)
	at com.kms.katalon.core.common.CommonExecutor.accessTestCaseMainPhase(CommonExecutor.java:65)
	at com.kms.katalon.core.main.TestSuiteExecutor.accessTestSuiteMainPhase(TestSuiteExecutor.java:148)
	at com.kms.katalon.core.main.TestSuiteExecutor.execute(TestSuiteExecutor.java:106)
	at com.kms.katalon.core.main.TestCaseMain.startTestSuite(TestCaseMain.java:187)
	at com.kms.katalon.core.main.TestCaseMain$startTestSuite$0.call(Unknown Source)
	at TempTestSuite1696486556660.run(TempTestSuite1696486556660.groovy:36)
)
[[ATTACHMENT|C:\\FT2 XSIS\\Projek 2 MINI PROJEK\\Reports\\20231005_131556\\T13 Pembelian, Shipment dan Pembayaran\\T13 Pembelian, Shipment dan Pembayaran\\20231005_131556\\1696488577737.png]]

2023-10-05 13:49:37 - [MESSAGE][FAILED] - Unable to accept alert (Root cause: com.kms.katalon.core.exception.StepFailedException: Unable to accept alert
	at com.kms.katalon.core.webui.keyword.internal.WebUIKeywordMain.stepFailed(WebUIKeywordMain.groovy:64)
	at com.kms.katalon.core.webui.keyword.internal.WebUIKeywordMain.runKeyword(WebUIKeywordMain.groovy:26)
	at com.kms.katalon.core.webui.keyword.builtin.AcceptAlertKeyword.acceptAlert(AcceptAlertKeyword.groovy:71)
	at com.kms.katalon.core.webui.keyword.builtin.AcceptAlertKeyword.execute(AcceptAlertKeyword.groovy:66)
	at com.kms.katalon.core.keyword.internal.KeywordExecutor.executeKeywordForPlatform(KeywordExecutor.groovy:74)
	at com.kms.katalon.core.webui.keyword.WebUiBuiltInKeywords.acceptAlert(WebUiBuiltInKeywords.groovy:1522)
	at com.kms.katalon.core.webui.keyword.WebUiBuiltInKeywords$acceptAlert$18.call(Unknown Source)
	at SA-002.run(SA-002:30)
	at com.kms.katalon.core.main.ScriptEngine.run(ScriptEngine.java:194)
	at com.kms.katalon.core.main.ScriptEngine.runScriptAsRawText(ScriptEngine.java:119)
	at com.kms.katalon.core.main.TestCaseExecutor.runScript(TestCaseExecutor.java:448)
	at com.kms.katalon.core.main.TestCaseExecutor.doExecute(TestCaseExecutor.java:439)
	at com.kms.katalon.core.main.TestCaseExecutor.processExecutionPhase(TestCaseExecutor.java:418)
	at com.kms.katalon.core.main.TestCaseExecutor.accessMainPhase(TestCaseExecutor.java:410)
	at com.kms.katalon.core.main.TestCaseExecutor.execute(TestCaseExecutor.java:285)
	at com.kms.katalon.core.main.TestCaseMain.runTestCase(TestCaseMain.java:144)
	at com.kms.katalon.core.keyword.builtin.CallTestCaseKeyword$_callTestCase_closure1.doCall(CallTestCaseKeyword.groovy:59)
	at com.kms.katalon.core.keyword.builtin.CallTestCaseKeyword$_callTestCase_closure1.call(CallTestCaseKeyword.groovy)
	at com.kms.katalon.core.keyword.internal.KeywordMain.runKeyword(KeywordMain.groovy:75)
	at com.kms.katalon.core.keyword.builtin.CallTestCaseKeyword.callTestCase(CallTestCaseKeyword.groovy:81)
	at com.kms.katalon.core.keyword.builtin.CallTestCaseKeyword.execute(CallTestCaseKeyword.groovy:44)
	at com.kms.katalon.core.keyword.internal.KeywordExecutor.executeKeywordForPlatform(KeywordExecutor.groovy:74)
	at com.kms.katalon.core.keyword.BuiltinKeywords.callTestCase(BuiltinKeywords.groovy:310)
	at SA-007.run(SA-007:20)
	at com.kms.katalon.core.main.ScriptEngine.run(ScriptEngine.java:194)
	at com.kms.katalon.core.main.ScriptEngine.runScriptAsRawText(ScriptEngine.java:119)
	at com.kms.katalon.core.main.TestCaseExecutor.runScript(TestCaseExecutor.java:448)
	at com.kms.katalon.core.main.TestCaseExecutor.doExecute(TestCaseExecutor.java:439)
	at com.kms.katalon.core.main.TestCaseExecutor.processExecutionPhase(TestCaseExecutor.java:418)
	at com.kms.katalon.core.main.TestCaseExecutor.accessMainPhase(TestCaseExecutor.java:410)
	at com.kms.katalon.core.main.TestCaseExecutor.execute(TestCaseExecutor.java:285)
	at com.kms.katalon.core.common.CommonExecutor.accessTestCaseMainPhase(CommonExecutor.java:65)
	at com.kms.katalon.core.main.TestSuiteExecutor.accessTestSuiteMainPhase(TestSuiteExecutor.java:148)
	at com.kms.katalon.core.main.TestSuiteExecutor.execute(TestSuiteExecutor.java:106)
	at com.kms.katalon.core.main.TestCaseMain.startTestSuite(TestCaseMain.java:187)
	at com.kms.katalon.core.main.TestCaseMain$startTestSuite$0.call(Unknown Source)
	at TempTestSuite1696486556660.run(TempTestSuite1696486556660.groovy:36)
Caused by: com.kms.katalon.core.exception.StepFailedException: No alert found
	at com.kms.katalon.core.webui.keyword.internal.WebUIKeywordMain.stepFailed(WebUIKeywordMain.groovy:64)
	at com.kms.katalon.core.webui.keyword.builtin.AcceptAlertKeyword$_acceptAlert_closure1.doCall(AcceptAlertKeyword.groovy:78)
	at com.kms.katalon.core.webui.keyword.builtin.AcceptAlertKeyword$_acceptAlert_closure1.call(AcceptAlertKeyword.groovy)
	at com.kms.katalon.core.webui.keyword.internal.WebUIKeywordMain.runKeyword(WebUIKeywordMain.groovy:20)
	... 35 more
)
[[ATTACHMENT|C:\\FT2 XSIS\\Projek 2 MINI PROJEK\\Reports\\20231005_131556\\T13 Pembelian, Shipment dan Pembayaran\\T13 Pembelian, Shipment dan Pembayaran\\20231005_131556\\1696488577854.png]]

2023-10-05 13:49:37 - [MESSAGE][FAILED] - Unable to call Test Case 'Test Cases/T13 Pembelian, Shipment dan Pembayaran/SA-002' (Root cause: com.kms.katalon.core.exception.StepFailedException: Call Test Case 'Test Cases/T13 Pembelian, Shipment dan Pembayaran/SA-002' failed
	at com.kms.katalon.core.keyword.builtin.CallTestCaseKeyword$_callTestCase_closure1.doCall(CallTestCaseKeyword.groovy:63)
	at com.kms.katalon.core.keyword.builtin.CallTestCaseKeyword$_callTestCase_closure1.call(CallTestCaseKeyword.groovy)
	at com.kms.katalon.core.keyword.internal.KeywordMain.runKeyword(KeywordMain.groovy:75)
	at com.kms.katalon.core.keyword.builtin.CallTestCaseKeyword.callTestCase(CallTestCaseKeyword.groovy:81)
	at com.kms.katalon.core.keyword.builtin.CallTestCaseKeyword.execute(CallTestCaseKeyword.groovy:44)
	at com.kms.katalon.core.keyword.internal.KeywordExecutor.executeKeywordForPlatform(KeywordExecutor.groovy:74)
	at com.kms.katalon.core.keyword.BuiltinKeywords.callTestCase(BuiltinKeywords.groovy:310)
	at SA-007.run(SA-007:20)
	at com.kms.katalon.core.main.ScriptEngine.run(ScriptEngine.java:194)
	at com.kms.katalon.core.main.ScriptEngine.runScriptAsRawText(ScriptEngine.java:119)
	at com.kms.katalon.core.main.TestCaseExecutor.runScript(TestCaseExecutor.java:448)
	at com.kms.katalon.core.main.TestCaseExecutor.doExecute(TestCaseExecutor.java:439)
	at com.kms.katalon.core.main.TestCaseExecutor.processExecutionPhase(TestCaseExecutor.java:418)
	at com.kms.katalon.core.main.TestCaseExecutor.accessMainPhase(TestCaseExecutor.java:410)
	at com.kms.katalon.core.main.TestCaseExecutor.execute(TestCaseExecutor.java:285)
	at com.kms.katalon.core.common.CommonExecutor.accessTestCaseMainPhase(CommonExecutor.java:65)
	at com.kms.katalon.core.main.TestSuiteExecutor.accessTestSuiteMainPhase(TestSuiteExecutor.java:148)
	at com.kms.katalon.core.main.TestSuiteExecutor.execute(TestSuiteExecutor.java:106)
	at com.kms.katalon.core.main.TestCaseMain.startTestSuite(TestCaseMain.java:187)
	at com.kms.katalon.core.main.TestCaseMain$startTestSuite$0.call(Unknown Source)
	at TempTestSuite1696486556660.run(TempTestSuite1696486556660.groovy:36)
Caused by: com.kms.katalon.core.exception.StepFailedException: Unable to accept alert
	at com.kms.katalon.core.webui.keyword.internal.WebUIKeywordMain.stepFailed(WebUIKeywordMain.groovy:64)
	at com.kms.katalon.core.webui.keyword.internal.WebUIKeywordMain.runKeyword(WebUIKeywordMain.groovy:26)
	at com.kms.katalon.core.webui.keyword.builtin.AcceptAlertKeyword.acceptAlert(AcceptAlertKeyword.groovy:71)
	at com.kms.katalon.core.webui.keyword.builtin.AcceptAlertKeyword.execute(AcceptAlertKeyword.groovy:66)
	at com.kms.katalon.core.keyword.internal.KeywordExecutor.executeKeywordForPlatform(KeywordExecutor.groovy:74)
	at com.kms.katalon.core.webui.keyword.WebUiBuiltInKeywords.acceptAlert(WebUiBuiltInKeywords.groovy:1522)
	at com.kms.katalon.core.webui.keyword.WebUiBuiltInKeywords$acceptAlert$18.call(Unknown Source)
	at SA-002.run(SA-002:30)
	at com.kms.katalon.core.main.ScriptEngine.run(ScriptEngine.java:194)
	at com.kms.katalon.core.main.ScriptEngine.runScriptAsRawText(ScriptEngine.java:119)
	at com.kms.katalon.core.main.TestCaseExecutor.runScript(TestCaseExecutor.java:448)
	at com.kms.katalon.core.main.TestCaseExecutor.doExecute(TestCaseExecutor.java:439)
	at com.kms.katalon.core.main.TestCaseExecutor.processExecutionPhase(TestCaseExecutor.java:418)
	at com.kms.katalon.core.main.TestCaseExecutor.accessMainPhase(TestCaseExecutor.java:410)
	at com.kms.katalon.core.main.TestCaseExecutor.execute(TestCaseExecutor.java:285)
	at com.kms.katalon.core.main.TestCaseMain.runTestCase(TestCaseMain.java:144)
	at com.kms.katalon.core.keyword.builtin.CallTestCaseKeyword$_callTestCase_closure1.doCall(CallTestCaseKeyword.groovy:59)
	... 20 more
Caused by: com.kms.katalon.core.exception.StepFailedException: No alert found
	at com.kms.katalon.core.webui.keyword.internal.WebUIKeywordMain.stepFailed(WebUIKeywordMain.groovy:64)
	at com.kms.katalon.core.webui.keyword.builtin.AcceptAlertKeyword$_acceptAlert_closure1.doCall(AcceptAlertKeyword.groovy:78)
	at com.kms.katalon.core.webui.keyword.builtin.AcceptAlertKeyword$_acceptAlert_closure1.call(AcceptAlertKeyword.groovy)
	at com.kms.katalon.core.webui.keyword.internal.WebUIKeywordMain.runKeyword(WebUIKeywordMain.groovy:20)
	... 35 more
)]]></system-out>
         <system-err><![CDATA[2023-10-05 13:48:04 - [TEST_CASE][FAILED] - Test Cases/T13 Pembelian, Shipment dan Pembayaran/SA-007: Test Cases/T13 Pembelian, Shipment dan Pembayaran/SA-007 FAILED.
Reason:
com.kms.katalon.core.exception.StepFailedException: Call Test Case 'Test Cases/T13 Pembelian, Shipment dan Pembayaran/SA-002' failed
	at com.kms.katalon.core.keyword.builtin.CallTestCaseKeyword$_callTestCase_closure1.doCall(CallTestCaseKeyword.groovy:63)
	at com.kms.katalon.core.keyword.builtin.CallTestCaseKeyword$_callTestCase_closure1.call(CallTestCaseKeyword.groovy)
	at com.kms.katalon.core.keyword.internal.KeywordMain.runKeyword(KeywordMain.groovy:75)
	at com.kms.katalon.core.keyword.builtin.CallTestCaseKeyword.callTestCase(CallTestCaseKeyword.groovy:81)
	at com.kms.katalon.core.keyword.builtin.CallTestCaseKeyword.execute(CallTestCaseKeyword.groovy:44)
	at com.kms.katalon.core.keyword.internal.KeywordExecutor.executeKeywordForPlatform(KeywordExecutor.groovy:74)
	at com.kms.katalon.core.keyword.BuiltinKeywords.callTestCase(BuiltinKeywords.groovy:310)
	at SA-007.run(SA-007:20)
	at com.kms.katalon.core.main.ScriptEngine.run(ScriptEngine.java:194)
	at com.kms.katalon.core.main.ScriptEngine.runScriptAsRawText(ScriptEngine.java:119)
	at com.kms.katalon.core.main.TestCaseExecutor.runScript(TestCaseExecutor.java:448)
	at com.kms.katalon.core.main.TestCaseExecutor.doExecute(TestCaseExecutor.java:439)
	at com.kms.katalon.core.main.TestCaseExecutor.processExecutionPhase(TestCaseExecutor.java:418)
	at com.kms.katalon.core.main.TestCaseExecutor.accessMainPhase(TestCaseExecutor.java:410)
	at com.kms.katalon.core.main.TestCaseExecutor.execute(TestCaseExecutor.java:285)
	at com.kms.katalon.core.common.CommonExecutor.accessTestCaseMainPhase(CommonExecutor.java:65)
	at com.kms.katalon.core.main.TestSuiteExecutor.accessTestSuiteMainPhase(TestSuiteExecutor.java:148)
	at com.kms.katalon.core.main.TestSuiteExecutor.execute(TestSuiteExecutor.java:106)
	at com.kms.katalon.core.main.TestCaseMain.startTestSuite(TestCaseMain.java:187)
	at com.kms.katalon.core.main.TestCaseMain$startTestSuite$0.call(Unknown Source)
	at TempTestSuite1696486556660.run(TempTestSuite1696486556660.groovy:36)
Caused by: com.kms.katalon.core.exception.StepFailedException: Unable to accept alert
	at com.kms.katalon.core.webui.keyword.internal.WebUIKeywordMain.stepFailed(WebUIKeywordMain.groovy:64)
	at com.kms.katalon.core.webui.keyword.internal.WebUIKeywordMain.runKeyword(WebUIKeywordMain.groovy:26)
	at com.kms.katalon.core.webui.keyword.builtin.AcceptAlertKeyword.acceptAlert(AcceptAlertKeyword.groovy:71)
	at com.kms.katalon.core.webui.keyword.builtin.AcceptAlertKeyword.execute(AcceptAlertKeyword.groovy:66)
	at com.kms.katalon.core.keyword.internal.KeywordExecutor.executeKeywordForPlatform(KeywordExecutor.groovy:74)
	at com.kms.katalon.core.webui.keyword.WebUiBuiltInKeywords.acceptAlert(WebUiBuiltInKeywords.groovy:1522)
	at com.kms.katalon.core.webui.keyword.WebUiBuiltInKeywords$acceptAlert$18.call(Unknown Source)
	at SA-002.run(SA-002:30)
	at com.kms.katalon.core.main.ScriptEngine.run(ScriptEngine.java:194)
	at com.kms.katalon.core.main.ScriptEngine.runScriptAsRawText(ScriptEngine.java:119)
	at com.kms.katalon.core.main.TestCaseExecutor.runScript(TestCaseExecutor.java:448)
	at com.kms.katalon.core.main.TestCaseExecutor.doExecute(TestCaseExecutor.java:439)
	at com.kms.katalon.core.main.TestCaseExecutor.processExecutionPhase(TestCaseExecutor.java:418)
	at com.kms.katalon.core.main.TestCaseExecutor.accessMainPhase(TestCaseExecutor.java:410)
	at com.kms.katalon.core.main.TestCaseExecutor.execute(TestCaseExecutor.java:285)
	at com.kms.katalon.core.main.TestCaseMain.runTestCase(TestCaseMain.java:144)
	at com.kms.katalon.core.keyword.builtin.CallTestCaseKeyword$_callTestCase_closure1.doCall(CallTestCaseKeyword.groovy:59)
	... 20 more
Caused by: com.kms.katalon.core.exception.StepFailedException: No alert found
	at com.kms.katalon.core.webui.keyword.internal.WebUIKeywordMain.stepFailed(WebUIKeywordMain.groovy:64)
	at com.kms.katalon.core.webui.keyword.builtin.AcceptAlertKeyword$_acceptAlert_closure1.doCall(AcceptAlertKeyword.groovy:78)
	at com.kms.katalon.core.webui.keyword.builtin.AcceptAlertKeyword$_acceptAlert_closure1.call(AcceptAlertKeyword.groovy)
	at com.kms.katalon.core.webui.keyword.internal.WebUIKeywordMain.runKeyword(WebUIKeywordMain.groovy:20)
	... 35 more]]></system-err>
      </testcase>
      <testcase name="Test Cases/T13 Pembelian, Shipment dan Pembayaran/SA-008" time="109.256" classname="Test Cases/T13 Pembelian, Shipment dan Pembayaran/SA-008" status="PASSED">
         <system-out><![CDATA[2023-10-05 13:49:37 - [TEST_CASE][PASSED] - Test Cases/T13 Pembelian, Shipment dan Pembayaran/SA-008: Test Cases/T13 Pembelian, Shipment dan Pembayaran/SA-008

2023-10-05 13:49:38 - [TEST_STEP][PASSED] - data = callTestCase(findTestCase("T13 Pembelian, Shipment dan Pembayaran/SA-002"), [:], STOP_ON_FAILURE): Call Test Case 'Test Cases/T13 Pembelian, Shipment dan Pembayaran/SA-002' successfully

2023-10-05 13:49:38 - [TEST_CASE][PASSED] - Test Cases/T13 Pembelian, Shipment dan Pembayaran/SA-002: Test Cases/T13 Pembelian, Shipment dan Pembayaran/SA-002

2023-10-05 13:49:38 - [TEST_STEP][PASSED] - data = callTestCase(findTestCase("T13 Pembelian, Shipment dan Pembayaran/SA-001"), [:], STOP_ON_FAILURE): Call Test Case 'Test Cases/T13 Pembelian, Shipment dan Pembayaran/SA-001' successfully

2023-10-05 13:49:38 - [TEST_CASE][PASSED] - Test Cases/T13 Pembelian, Shipment dan Pembayaran/SA-001: Test Cases/T13 Pembelian, Shipment dan Pembayaran/SA-001

2023-10-05 13:49:38 - [TEST_STEP][PASSED] - data = callTestCase(findTestCase("T13 Pembelian, Shipment dan Pembayaran/PBYA-001"), [:], STOP_ON_FAILURE): Call Test Case 'Test Cases/T13 Pembelian, Shipment dan Pembayaran/PBYA-001' successfully

2023-10-05 13:49:38 - [TEST_CASE][PASSED] - Test Cases/T13 Pembelian, Shipment dan Pembayaran/PBYA-001: Test Cases/T13 Pembelian, Shipment dan Pembayaran/PBYA-001

2023-10-05 13:49:38 - [TEST_STEP][PASSED] - data = callTestCase(findTestCase("T13 Pembelian, Shipment dan Pembayaran/PBY-004"), [:], STOP_ON_FAILURE): Call Test Case 'Test Cases/T13 Pembelian, Shipment dan Pembayaran/PBY-004' successfully

2023-10-05 13:49:38 - [TEST_CASE][PASSED] - Test Cases/T13 Pembelian, Shipment dan Pembayaran/PBY-004: Test Cases/T13 Pembelian, Shipment dan Pembayaran/PBY-004

2023-10-05 13:49:38 - [TEST_STEP][PASSED] - data = callTestCase(findTestCase("T13 Pembelian, Shipment dan Pembayaran/PBY-001"), [:], STOP_ON_FAILURE): Call Test Case 'Test Cases/T13 Pembelian, Shipment dan Pembayaran/PBY-001' successfully

2023-10-05 13:49:38 - [TEST_CASE][PASSED] - Test Cases/T13 Pembelian, Shipment dan Pembayaran/PBY-001: Test Cases/T13 Pembelian, Shipment dan Pembayaran/PBY-001

2023-10-05 13:49:38 - [TEST_STEP][PASSED] - data = callTestCase(findTestCase("T13 Pembelian, Shipment dan Pembayaran/PBL-004"), ["Kurir":"Roda 2"], STOP_ON_FAILURE): Call Test Case 'Test Cases/T13 Pembelian, Shipment dan Pembayaran/PBL-004' successfully

2023-10-05 13:49:38 - [TEST_CASE][PASSED] - Test Cases/T13 Pembelian, Shipment dan Pembayaran/PBL-004: Test Cases/T13 Pembelian, Shipment dan Pembayaran/PBL-004

2023-10-05 13:49:38 - [TEST_STEP][PASSED] - data = callTestCase(findTestCase("T13 Pembelian, Shipment dan Pembayaran/PBL-002"), [:], STOP_ON_FAILURE): Call Test Case 'Test Cases/T13 Pembelian, Shipment dan Pembayaran/PBL-002' successfully

2023-10-05 13:49:38 - [TEST_CASE][PASSED] - Test Cases/T13 Pembelian, Shipment dan Pembayaran/PBL-002: Test Cases/T13 Pembelian, Shipment dan Pembayaran/PBL-002

2023-10-05 13:49:38 - [TEST_STEP][PASSED] - data = callTestCase(findTestCase("T13 Pembelian, Shipment dan Pembayaran/PBL-001"), [:], STOP_ON_FAILURE): Call Test Case 'Test Cases/T13 Pembelian, Shipment dan Pembayaran/PBL-001' successfully

2023-10-05 13:49:38 - [TEST_CASE][PASSED] - Test Cases/T13 Pembelian, Shipment dan Pembayaran/PBL-001: Test Cases/T13 Pembelian, Shipment dan Pembayaran/PBL-001

2023-10-05 13:49:38 - [TEST_STEP][PASSED] - callTestCase(findTestCase("T13 Pembelian, Shipment dan Pembayaran/LU-001"), ["username":"irfanafandi", "password":"12345irfan"], STOP_ON_FAILURE): Call Test Case 'Test Cases/T13 Pembelian, Shipment dan Pembayaran/LU-001' successfully

2023-10-05 13:49:38 - [TEST_CASE][PASSED] - Test Cases/T13 Pembelian, Shipment dan Pembayaran/LU-001: Test Cases/T13 Pembelian, Shipment dan Pembayaran/LU-001

2023-10-05 13:49:38 - [TEST_STEP][PASSED] - openBrowser("https://10.9.2.63/ecommerce/"): Browser is opened with url: 'https://10.9.2.63/ecommerce/'

2023-10-05 13:49:38 - [MESSAGE][WARNING] - A browser is already opened. Closing browser and opening a new one

2023-10-05 13:49:39 - [MESSAGE][INFO] - Starting 'Edge Chromium' driver

2023-10-05 13:49:39 - [MESSAGE][INFO] - User set preference: ['acceptInsecureCerts', 'true']

2023-10-05 13:49:41 - [MESSAGE][INFO] - Action delay is set to 0 milliseconds

2023-10-05 13:49:46 - [MESSAGE][PASSED] - Browser is opened with url: 'https://10.9.2.63/ecommerce/'

2023-10-05 13:49:46 - [TEST_STEP][PASSED] - maximizeWindow(): Current window maximized

2023-10-05 13:49:46 - [MESSAGE][PASSED] - Current window maximized

2023-10-05 13:49:46 - [TEST_STEP][PASSED] - verifyElementPresent(findTestObject("Login/Home"), 0): Object 'Object Repository/Login/Home' is present

2023-10-05 13:49:46 - [MESSAGE][WARNING] - Timeout '0' is invalid. Using default page load timeout: '30'

2023-10-05 13:49:46 - [MESSAGE][PASSED] - Object 'Object Repository/Login/Home' is present

2023-10-05 13:49:46 - [TEST_STEP][PASSED] - click(findTestObject("Login/a_Login")): Object: 'Object Repository/Login/a_Login' is clicked on

2023-10-05 13:49:47 - [MESSAGE][PASSED] - Object: 'Object Repository/Login/a_Login' is clicked on

2023-10-05 13:49:47 - [TEST_STEP][PASSED] - verifyElementPresent(findTestObject("Login/Tittle Login"), 0): Object 'Object Repository/Login/Tittle Login' is present

2023-10-05 13:49:47 - [MESSAGE][WARNING] - Timeout '0' is invalid. Using default page load timeout: '30'

2023-10-05 13:49:48 - [MESSAGE][PASSED] - Object 'Object Repository/Login/Tittle Login' is present

2023-10-05 13:49:48 - [TEST_STEP][PASSED] - setText(findTestObject("Login/input_Username, Email atau No. Handphone_a"), username): Text 'irfanafandi' is set on object 'Object Repository/Login/input_Username, Email atau No. Handphone_a'

2023-10-05 13:49:49 - [MESSAGE][PASSED] - Text 'irfanafandi' is set on object 'Object Repository/Login/input_Username, Email atau No. Handphone_a'

2023-10-05 13:49:49 - [TEST_STEP][PASSED] - setText(findTestObject("Login/input_Password_b"), password): Text '12345irfan' is set on object 'Object Repository/Login/input_Password_b'

2023-10-05 13:49:49 - [MESSAGE][PASSED] - Text '12345irfan' is set on object 'Object Repository/Login/input_Password_b'

2023-10-05 13:49:49 - [TEST_STEP][PASSED] - click(findTestObject("Login/label_Ingat saya")): Object: 'Object Repository/Login/label_Ingat saya' is clicked on

2023-10-05 13:49:50 - [MESSAGE][PASSED] - Object: 'Object Repository/Login/label_Ingat saya' is clicked on

2023-10-05 13:49:50 - [TEST_STEP][PASSED] - click(findTestObject("Login/button_Masuk")): Object: 'Object Repository/Login/button_Masuk' is clicked on

2023-10-05 13:49:51 - [MESSAGE][PASSED] - Object: 'Object Repository/Login/button_Masuk' is clicked on

2023-10-05 13:49:51 - [TEST_STEP][PASSED] - verifyElementPresent(findTestObject("Login/li_Profile"), 0): Object 'Object Repository/Login/li_Profile' is present

2023-10-05 13:49:51 - [MESSAGE][WARNING] - Timeout '0' is invalid. Using default page load timeout: '30'

2023-10-05 13:49:52 - [MESSAGE][PASSED] - Object 'Object Repository/Login/li_Profile' is present

2023-10-05 13:49:52 - [MESSAGE][PASSED] - Call Test Case 'Test Cases/T13 Pembelian, Shipment dan Pembayaran/LU-001' successfully

2023-10-05 13:49:52 - [TEST_STEP][PASSED] - mouseOver(findTestObject("beli barang/i_Mulai Belanja_icon-menu")): Object: 'Object Repository/beli barang/i_Mulai Belanja_icon-menu' is hovered

2023-10-05 13:49:52 - [MESSAGE][PASSED] - Object: 'Object Repository/beli barang/i_Mulai Belanja_icon-menu' is hovered

2023-10-05 13:49:52 - [TEST_STEP][PASSED] - click(findTestObject("beli barang/a_Fashion  Busana Wanita")): Object: 'Object Repository/beli barang/a_Fashion  Busana Wanita' is clicked on

2023-10-05 13:49:54 - [MESSAGE][PASSED] - Object: 'Object Repository/beli barang/a_Fashion  Busana Wanita' is clicked on

2023-10-05 13:49:54 - [TEST_STEP][PASSED] - NamaSebelum = getText(findTestObject("verifikasi/Nama sebelum")): Text of object 'Object Repository/verifikasi/Nama sebelum' is: ''

2023-10-05 13:49:54 - [MESSAGE][PASSED] - Text of object 'Object Repository/verifikasi/Nama sebelum' is: ''

2023-10-05 13:49:54 - [TEST_STEP][PASSED] - HargaSebelum = getText(findTestObject("verifikasi/Harga sebelum")): Text of object 'Object Repository/verifikasi/Harga sebelum' is: 'Rp 1,299'

2023-10-05 13:49:55 - [MESSAGE][PASSED] - Text of object 'Object Repository/verifikasi/Harga sebelum' is: 'Rp 1,299'

2023-10-05 13:49:55 - [TEST_STEP][PASSED] - mouseOver(findTestObject("beli barang/barang mouse over")): Object: 'Object Repository/beli barang/barang mouse over' is hovered

2023-10-05 13:49:55 - [MESSAGE][PASSED] - Object: 'Object Repository/beli barang/barang mouse over' is hovered

2023-10-05 13:49:55 - [TEST_STEP][PASSED] - click(findTestObject("beli barang/buttom add to cart")): Object: 'Object Repository/beli barang/buttom add to cart' is clicked on

2023-10-05 13:49:57 - [MESSAGE][PASSED] - Object: 'Object Repository/beli barang/buttom add to cart' is clicked on

2023-10-05 13:49:57 - [TEST_STEP][PASSED] - NamaSesudah = getText(findTestObject("verifikasi/Nama sesudah")): Text of object 'Object Repository/verifikasi/Nama sesudah' is: 'Segitiga Instan Madeira - MDB5.3 Sunset'

2023-10-05 13:49:57 - [MESSAGE][PASSED] - Text of object 'Object Repository/verifikasi/Nama sesudah' is: 'Segitiga Instan Madeira - MDB5.3 Sunset'

2023-10-05 13:49:57 - [TEST_STEP][PASSED] - HargaSesudah = getText(findTestObject("verifikasi/Harga sesudah")): Text of object 'Object Repository/verifikasi/Harga sesudah' is: 'Rp 1,299'

2023-10-05 13:49:58 - [MESSAGE][PASSED] - Text of object 'Object Repository/verifikasi/Harga sesudah' is: 'Rp 1,299'

2023-10-05 13:49:58 - [TEST_STEP][PASSED] - assert NamaSesudah.contains(NamaSebelum): null

2023-10-05 13:49:58 - [TEST_STEP][PASSED] - assert HargaSesudah.contains(HargaSebelum): null

2023-10-05 13:49:58 - [TEST_STEP][PASSED] - click(findTestObject("beli barang/Tambah Keranjang busana wanita")): Object: 'Object Repository/beli barang/Tambah Keranjang busana wanita' is clicked on

2023-10-05 13:49:58 - [MESSAGE][PASSED] - Object: 'Object Repository/beli barang/Tambah Keranjang busana wanita' is clicked on

2023-10-05 13:49:58 - [TEST_STEP][PASSED] - verifyElementPresent(findTestObject("checkout/Notifikasi keranjang"), 1): Object 'Object Repository/checkout/Notifikasi keranjang' is present

2023-10-05 13:49:59 - [MESSAGE][PASSED] - Object 'Object Repository/checkout/Notifikasi keranjang' is present

2023-10-05 13:49:59 - [TEST_STEP][PASSED] - data = new java.util.HashMap(): null

2023-10-05 13:49:59 - [TEST_STEP][PASSED] - data.put("nama_barang", NamaSesudah): null

2023-10-05 13:49:59 - [TEST_STEP][PASSED] - data.put("price_barang", HargaSesudah): null

2023-10-05 13:49:59 - [TEST_STEP][PASSED] - return data: null

2023-10-05 13:49:59 - [MESSAGE][PASSED] - Call Test Case 'Test Cases/T13 Pembelian, Shipment dan Pembayaran/PBL-001' successfully

2023-10-05 13:49:59 - [TEST_STEP][PASSED] - mouseOver(findTestObject("beli barang/keranjang")): Object: 'Object Repository/beli barang/keranjang' is hovered

2023-10-05 13:50:00 - [MESSAGE][PASSED] - Object: 'Object Repository/beli barang/keranjang' is hovered

2023-10-05 13:50:00 - [TEST_STEP][PASSED] - click(findTestObject("beli barang/Lihat Sekarang")): Object: 'Object Repository/beli barang/Lihat Sekarang' is clicked on

2023-10-05 13:50:01 - [MESSAGE][PASSED] - Object: 'Object Repository/beli barang/Lihat Sekarang' is clicked on

2023-10-05 13:50:01 - [TEST_STEP][PASSED] - verifyElementPresent(findTestObject("keranjang/li_Keranjang Belanja"), 0): Object 'Object Repository/keranjang/li_Keranjang Belanja' is present

2023-10-05 13:50:01 - [MESSAGE][WARNING] - Timeout '0' is invalid. Using default page load timeout: '30'

2023-10-05 13:50:02 - [MESSAGE][PASSED] - Object 'Object Repository/keranjang/li_Keranjang Belanja' is present

2023-10-05 13:50:02 - [TEST_STEP][PASSED] - NamaKeranjang = getText(findTestObject("verifikasi/Nama keranjang")): Text of object 'Object Repository/verifikasi/Nama keranjang' is: 'Segitiga Instan Madeira - MDB5.3 Sunset'

2023-10-05 13:50:02 - [MESSAGE][PASSED] - Text of object 'Object Repository/verifikasi/Nama keranjang' is: 'Segitiga Instan Madeira - MDB5.3 Sunset'

2023-10-05 13:50:02 - [TEST_STEP][PASSED] - HargaKeranjang = getText(findTestObject("verifikasi/Harga Keranjang")): Text of object 'Object Repository/verifikasi/Harga Keranjang' is: 'Rp 1,299'

2023-10-05 13:50:03 - [MESSAGE][PASSED] - Text of object 'Object Repository/verifikasi/Harga Keranjang' is: 'Rp 1,299'

2023-10-05 13:50:03 - [TEST_STEP][PASSED] - if (toString().equalsIgnoreCase("Merah")): Object 'Object Repository/keranjang/input_Warna_variasi101' is checked

2023-10-05 13:50:03 - [TEST_STEP][PASSED] - check(findTestObject("Object Repository/keranjang/input_Warna_variasi101")): Object 'Object Repository/keranjang/input_Warna_variasi101' is checked

2023-10-05 13:50:03 - [MESSAGE][PASSED] - Object 'Object Repository/keranjang/input_Warna_variasi101' is checked

2023-10-05 13:50:03 - [TEST_STEP][PASSED] - if (toString().equalsIgnoreCase("Menengah")): Object 'Object Repository/keranjang/input_Ukuran_variasi201' is checked

2023-10-05 13:50:03 - [TEST_STEP][PASSED] - check(findTestObject("Object Repository/keranjang/input_Ukuran_variasi201")): Object 'Object Repository/keranjang/input_Ukuran_variasi201' is checked

2023-10-05 13:50:04 - [MESSAGE][PASSED] - Object 'Object Repository/keranjang/input_Ukuran_variasi201' is checked

2023-10-05 13:50:04 - [TEST_STEP][PASSED] - data.put("Warna", warna): null

2023-10-05 13:50:04 - [TEST_STEP][PASSED] - data.put("Ukuran", ukuran): null

2023-10-05 13:50:04 - [TEST_STEP][PASSED] - click(findTestObject("keranjang/button_Lanjut ke Pembayaran")): Object: 'Object Repository/keranjang/button_Lanjut ke Pembayaran' is clicked on

2023-10-05 13:50:05 - [MESSAGE][PASSED] - Object: 'Object Repository/keranjang/button_Lanjut ke Pembayaran' is clicked on

2023-10-05 13:50:05 - [TEST_STEP][PASSED] - verifyElementPresent(findTestObject("checkout/Tittle Checkout Order"), 0): Object 'Object Repository/checkout/Tittle Checkout Order' is present

2023-10-05 13:50:05 - [MESSAGE][WARNING] - Timeout '0' is invalid. Using default page load timeout: '30'

2023-10-05 13:50:06 - [MESSAGE][PASSED] - Object 'Object Repository/checkout/Tittle Checkout Order' is present

2023-10-05 13:50:06 - [TEST_STEP][PASSED] - name_product = data.get("nama_barang"): null

2023-10-05 13:50:06 - [TEST_STEP][PASSED] - price_product = data.get("price_barang"): null

2023-10-05 13:50:06 - [TEST_STEP][PASSED] - assert name_product == NamaKeranjang: null

2023-10-05 13:50:06 - [TEST_STEP][PASSED] - assert price_product == HargaKeranjang: null

2023-10-05 13:50:06 - [TEST_STEP][PASSED] - return data: null

2023-10-05 13:50:06 - [MESSAGE][PASSED] - Call Test Case 'Test Cases/T13 Pembelian, Shipment dan Pembayaran/PBL-002' successfully

2023-10-05 13:50:06 - [TEST_STEP][PASSED] - warnaa = getText(findTestObject("verifikasi/warna Merah")): Text of object 'Object Repository/verifikasi/warna Merah' is: 'Merah'

2023-10-05 13:50:06 - [MESSAGE][PASSED] - Text of object 'Object Repository/verifikasi/warna Merah' is: 'Merah'

2023-10-05 13:50:06 - [TEST_STEP][PASSED] - ukurann = getText(findTestObject("verifikasi/Ukuran Menengah")): Text of object 'Object Repository/verifikasi/Ukuran Menengah' is: 'Menengah'

2023-10-05 13:50:07 - [MESSAGE][PASSED] - Text of object 'Object Repository/verifikasi/Ukuran Menengah' is: 'Menengah'

2023-10-05 13:50:07 - [TEST_STEP][PASSED] - warna1 = data.get("Warna"): null

2023-10-05 13:50:07 - [TEST_STEP][PASSED] - ukuran1 = data.get("Ukuran"): null

2023-10-05 13:50:07 - [TEST_STEP][PASSED] - assert warnaa == warna1: null

2023-10-05 13:50:07 - [TEST_STEP][PASSED] - assert ukurann == ukuran1: null

2023-10-05 13:50:07 - [TEST_STEP][PASSED] - NamaCheckout = getText(findTestObject("verifikasi/NamaCheckout")): Text of object 'Object Repository/verifikasi/NamaCheckout' is: ''

2023-10-05 13:50:07 - [MESSAGE][PASSED] - Text of object 'Object Repository/verifikasi/NamaCheckout' is: ''

2023-10-05 13:50:07 - [TEST_STEP][PASSED] - HargaCheckout = getText(findTestObject("verifikasi/HargaCheckout")): Text of object 'Object Repository/verifikasi/HargaCheckout' is: '1,299'

2023-10-05 13:50:08 - [MESSAGE][PASSED] - Text of object 'Object Repository/verifikasi/HargaCheckout' is: '1,299'

2023-10-05 13:50:08 - [TEST_STEP][PASSED] - name_product = data.get("nama_barang"): null

2023-10-05 13:50:08 - [TEST_STEP][PASSED] - price_product = data.get("price_barang"): null

2023-10-05 13:50:08 - [TEST_STEP][PASSED] - assert name_product.contains(NamaCheckout): null

2023-10-05 13:50:08 - [TEST_STEP][PASSED] - assert price_product.contains(HargaCheckout): null

2023-10-05 13:50:08 - [TEST_STEP][PASSED] - selectOptionByLabel(findTestObject("checkout/select - Kirim via Kurir Lokal"), Kurir, false): All options with label 'Roda 2' are selected in object 'Object Repository/checkout/select - Kirim via Kurir Lokal' 

2023-10-05 13:50:08 - [MESSAGE][PASSED] - All options with label 'Roda 2' are selected in object 'Object Repository/checkout/select - Kirim via Kurir Lokal' 

2023-10-05 13:50:08 - [TEST_STEP][PASSED] - click(findTestObject("checkout/Kendaraan Kurir")): Object: 'Object Repository/checkout/Kendaraan Kurir' is clicked on

2023-10-05 13:50:09 - [MESSAGE][PASSED] - Object: 'Object Repository/checkout/Kendaraan Kurir' is clicked on

2023-10-05 13:50:09 - [TEST_STEP][PASSED] - OngkosKirim = getText(findTestObject("Object Repository/verifikasi/Ongkos Kirim checkout")): Text of object 'Object Repository/verifikasi/Ongkos Kirim checkout' is: 'Rp. 5,000'

2023-10-05 13:50:10 - [MESSAGE][PASSED] - Text of object 'Object Repository/verifikasi/Ongkos Kirim checkout' is: 'Rp. 5,000'

2023-10-05 13:50:10 - [TEST_STEP][PASSED] - Ongkos = OngkosKirim.substring(3, OngkosKirim.size()): null

2023-10-05 13:50:10 - [TEST_STEP][PASSED] - rep = Ongkos.replace(",", "."): null

2023-10-05 13:50:10 - [TEST_STEP][PASSED] - Ongkos_kirim = Double.parseDouble(rep): null

2023-10-05 13:50:10 - [TEST_STEP][PASSED] - println(Ongkos_kirim): null

2023-10-05 13:50:10 - [TEST_STEP][PASSED] - FeeAdmin = getText(findTestObject("verifikasi/Fee Admin checkout")): Text of object 'Object Repository/verifikasi/Fee Admin checkout' is: 'Fee Admin
Rp 1,500'

2023-10-05 13:50:10 - [MESSAGE][PASSED] - Text of object 'Object Repository/verifikasi/Fee Admin checkout' is: 'Fee Admin
Rp 1,500'

2023-10-05 13:50:10 - [TEST_STEP][PASSED] - Fee_Admin = FeeAdmin.substring(12, FeeAdmin.size()): null

2023-10-05 13:50:10 - [TEST_STEP][PASSED] - fee = Fee_Admin.replace(",", "."): null

2023-10-05 13:50:10 - [TEST_STEP][PASSED] - fee_admin = Double.parseDouble(fee): null

2023-10-05 13:50:10 - [TEST_STEP][PASSED] - println(fee_admin): null

2023-10-05 13:50:10 - [TEST_STEP][PASSED] - Subtotal = getText(findTestObject("verifikasi/subtotal checkout")): Text of object 'Object Repository/verifikasi/subtotal checkout' is: 'Subtotal
Rp 1,299'

2023-10-05 13:50:11 - [MESSAGE][PASSED] - Text of object 'Object Repository/verifikasi/subtotal checkout' is: 'Subtotal
Rp 1,299'

2023-10-05 13:50:11 - [TEST_STEP][PASSED] - sub_total = Subtotal.substring(12, Subtotal.size()): null

2023-10-05 13:50:11 - [TEST_STEP][PASSED] - sub = sub_total.replace(",", "."): null

2023-10-05 13:50:11 - [TEST_STEP][PASSED] - sub_total = Double.parseDouble(sub): null

2023-10-05 13:50:11 - [TEST_STEP][PASSED] - println(sub_total): null

2023-10-05 13:50:11 - [TEST_STEP][PASSED] - Total = getText(findTestObject("verifikasi/Total checkout")): Text of object 'Object Repository/verifikasi/Total checkout' is: 'Rp 7,799'

2023-10-05 13:50:11 - [MESSAGE][PASSED] - Text of object 'Object Repository/verifikasi/Total checkout' is: 'Rp 7,799'

2023-10-05 13:50:11 - [TEST_STEP][PASSED] - totall = Total.substring(3, Total.size()): null

2023-10-05 13:50:11 - [TEST_STEP][PASSED] - total = totall.replace(",", "."): null

2023-10-05 13:50:11 - [TEST_STEP][PASSED] - totall = Double.parseDouble(total): null

2023-10-05 13:50:11 - [TEST_STEP][PASSED] - println(totall): null

2023-10-05 13:50:11 - [TEST_STEP][PASSED] - Total_Harga = Ongkos_kirim + fee_admin + sub_total: null

2023-10-05 13:50:11 - [TEST_STEP][PASSED] - println(Total_Harga): null

2023-10-05 13:50:11 - [TEST_STEP][PASSED] - TotalHarga = Math.round(Total_Harga * 1000) / 1000: null

2023-10-05 13:50:11 - [TEST_STEP][PASSED] - println(TotalHarga): null

2023-10-05 13:50:11 - [TEST_STEP][PASSED] - assert totall == TotalHarga: null

2023-10-05 13:50:11 - [TEST_STEP][PASSED] - click(findTestObject("verifikasi/Metode Transfer")): Object: 'Object Repository/verifikasi/Metode Transfer' is clicked on

2023-10-05 13:50:11 - [MESSAGE][PASSED] - Object: 'Object Repository/verifikasi/Metode Transfer' is clicked on

2023-10-05 13:50:11 - [TEST_STEP][PASSED] - click(findTestObject("checkout/button_Proses Pembayaran")): Object: 'Object Repository/checkout/button_Proses Pembayaran' is clicked on

2023-10-05 13:50:21 - [MESSAGE][PASSED] - Object: 'Object Repository/checkout/button_Proses Pembayaran' is clicked on

2023-10-05 13:50:21 - [TEST_STEP][PASSED] - verifyElementPresent(findTestObject("pembayaran/Tittle nomor invoice"), 0): Object 'Object Repository/pembayaran/Tittle nomor invoice' is present

2023-10-05 13:50:21 - [MESSAGE][WARNING] - Timeout '0' is invalid. Using default page load timeout: '30'

2023-10-05 13:50:21 - [MESSAGE][PASSED] - Object 'Object Repository/pembayaran/Tittle nomor invoice' is present

2023-10-05 13:50:21 - [TEST_STEP][PASSED] - return data: null

2023-10-05 13:50:21 - [MESSAGE][PASSED] - Call Test Case 'Test Cases/T13 Pembelian, Shipment dan Pembayaran/PBL-004' successfully

2023-10-05 13:50:21 - [TEST_STEP][PASSED] - Invoice = getText(findTestObject("pembayaran/nomor invoice")): Text of object 'Object Repository/pembayaran/nomor invoice' is: 'TRX60.20231005135015'

2023-10-05 13:50:22 - [MESSAGE][PASSED] - Text of object 'Object Repository/pembayaran/nomor invoice' is: 'TRX60.20231005135015'

2023-10-05 13:50:22 - [TEST_STEP][PASSED] - data.put("invoice", Invoice): null

2023-10-05 13:50:22 - [TEST_STEP][PASSED] - NamaPemesan = getText(findTestObject("Konfirmasi pesanan shop/Nama pemesan")): Text of object 'Object Repository/Konfirmasi pesanan shop/Nama pemesan' is: 'irfan.afandi'

2023-10-05 13:50:23 - [MESSAGE][PASSED] - Text of object 'Object Repository/Konfirmasi pesanan shop/Nama pemesan' is: 'irfan.afandi'

2023-10-05 13:50:23 - [TEST_STEP][PASSED] - Nama = getText(findTestObject("pembayaran/Nama barang")): Text of object 'Object Repository/pembayaran/Nama barang' is: 'Segitiga Instan Madeira - MDB5.3 Sunset'

2023-10-05 13:50:23 - [MESSAGE][PASSED] - Text of object 'Object Repository/pembayaran/Nama barang' is: 'Segitiga Instan Madeira - MDB5.3 Sunset'

2023-10-05 13:50:23 - [TEST_STEP][PASSED] - Harga = getText(findTestObject("pembayaran/Harga barang")): Text of object 'Object Repository/pembayaran/Harga barang' is: '1,299'

2023-10-05 13:50:24 - [MESSAGE][PASSED] - Text of object 'Object Repository/pembayaran/Harga barang' is: '1,299'

2023-10-05 13:50:24 - [TEST_STEP][PASSED] - name_product = data.get("nama_barang"): null

2023-10-05 13:50:24 - [TEST_STEP][PASSED] - price_product = data.get("price_barang"): null

2023-10-05 13:50:24 - [TEST_STEP][PASSED] - assert name_product.contains(Nama): null

2023-10-05 13:50:24 - [TEST_STEP][PASSED] - assert price_product.contains(Harga): null

2023-10-05 13:50:24 - [TEST_STEP][PASSED] - warnaa = getText(findTestObject("pembayaran/warna")): Text of object 'Object Repository/pembayaran/warna' is: 'Merah'

2023-10-05 13:50:24 - [MESSAGE][PASSED] - Text of object 'Object Repository/pembayaran/warna' is: 'Merah'

2023-10-05 13:50:24 - [TEST_STEP][PASSED] - ukurann = getText(findTestObject("pembayaran/ukuran")): Text of object 'Object Repository/pembayaran/ukuran' is: 'Menengah'

2023-10-05 13:50:25 - [MESSAGE][PASSED] - Text of object 'Object Repository/pembayaran/ukuran' is: 'Menengah'

2023-10-05 13:50:25 - [TEST_STEP][PASSED] - warna1 = data.get("Warna"): null

2023-10-05 13:50:25 - [TEST_STEP][PASSED] - ukuran1 = data.get("Ukuran"): null

2023-10-05 13:50:25 - [TEST_STEP][PASSED] - assert warnaa == warna1: null

2023-10-05 13:50:25 - [TEST_STEP][PASSED] - assert ukurann == ukuran1: null

2023-10-05 13:50:25 - [TEST_STEP][PASSED] - statusPembelian = getText(findTestObject("verifikasi/Status pending di pembelian")): Text of object 'Object Repository/verifikasi/Status pending di pembelian' is: 'Pending'

2023-10-05 13:50:25 - [MESSAGE][PASSED] - Text of object 'Object Repository/verifikasi/Status pending di pembelian' is: 'Pending'

2023-10-05 13:50:25 - [TEST_STEP][PASSED] - data.put("statusPem", statusPembelian): null

2023-10-05 13:50:25 - [TEST_STEP][PASSED] - OngkosKirim = getText(findTestObject("pembayaran/ongkos kirim")): Text of object 'Object Repository/pembayaran/ongkos kirim' is: 'Rp 5,000'

2023-10-05 13:50:25 - [MESSAGE][PASSED] - Text of object 'Object Repository/pembayaran/ongkos kirim' is: 'Rp 5,000'

2023-10-05 13:50:25 - [TEST_STEP][PASSED] - Ongkos = OngkosKirim.substring(3, OngkosKirim.size()): null

2023-10-05 13:50:25 - [TEST_STEP][PASSED] - rep = Ongkos.replace(",", ""): null

2023-10-05 13:50:25 - [TEST_STEP][PASSED] - Ongkos_kirimm = Integer.parseInt(rep): null

2023-10-05 13:50:25 - [TEST_STEP][PASSED] - println(Ongkos_kirimm): null

2023-10-05 13:50:25 - [TEST_STEP][PASSED] - FeeAdmin = getText(findTestObject("pembayaran/fee admin")): Text of object 'Object Repository/pembayaran/fee admin' is: 'Rp 1,500'

2023-10-05 13:50:26 - [MESSAGE][PASSED] - Text of object 'Object Repository/pembayaran/fee admin' is: 'Rp 1,500'

2023-10-05 13:50:26 - [TEST_STEP][PASSED] - Fee_Admin = FeeAdmin.substring(3, FeeAdmin.size()): null

2023-10-05 13:50:26 - [TEST_STEP][PASSED] - fee = Fee_Admin.replace(",", ""): null

2023-10-05 13:50:26 - [TEST_STEP][PASSED] - fee_adminn = Integer.parseInt(fee): null

2023-10-05 13:50:26 - [TEST_STEP][PASSED] - println(fee_adminn): null

2023-10-05 13:50:26 - [TEST_STEP][PASSED] - Subtotal = getText(findTestObject("pembayaran/subtotal")): Text of object 'Object Repository/pembayaran/subtotal' is: 'Rp 1,299'

2023-10-05 13:50:26 - [MESSAGE][PASSED] - Text of object 'Object Repository/pembayaran/subtotal' is: 'Rp 1,299'

2023-10-05 13:50:26 - [TEST_STEP][PASSED] - sub_total = Subtotal.substring(3, Subtotal.size()): null

2023-10-05 13:50:26 - [TEST_STEP][PASSED] - sub = sub_total.replace(",", ""): null

2023-10-05 13:50:26 - [TEST_STEP][PASSED] - sub_totall = Integer.parseInt(sub): null

2023-10-05 13:50:26 - [TEST_STEP][PASSED] - println(sub_totall): null

2023-10-05 13:50:26 - [TEST_STEP][PASSED] - unik = getText(findTestObject("pembayaran/kode unik")): Text of object 'Object Repository/pembayaran/kode unik' is: '+015'

2023-10-05 13:50:27 - [MESSAGE][PASSED] - Text of object 'Object Repository/pembayaran/kode unik' is: '+015'

2023-10-05 13:50:27 - [TEST_STEP][PASSED] - unikk = unik.replace("+", ""): null

2023-10-05 13:50:27 - [TEST_STEP][PASSED] - kode_unik = Integer.parseInt(unikk): null

2023-10-05 13:50:27 - [TEST_STEP][PASSED] - println(kode_unik): null

2023-10-05 13:50:27 - [TEST_STEP][PASSED] - Total = getText(findTestObject("pembayaran/total")): Text of object 'Object Repository/pembayaran/total' is: '7,814'

2023-10-05 13:50:28 - [MESSAGE][PASSED] - Text of object 'Object Repository/pembayaran/total' is: '7,814'

2023-10-05 13:50:28 - [TEST_STEP][PASSED] - total = Total.replace(",", ""): null

2023-10-05 13:50:28 - [TEST_STEP][PASSED] - totalll = Integer.parseInt(total): null

2023-10-05 13:50:28 - [TEST_STEP][PASSED] - println(totalll): null

2023-10-05 13:50:28 - [TEST_STEP][PASSED] - Total_Hargaa = Ongkos_kirimm + fee_adminn + sub_totall + kode_unik: null

2023-10-05 13:50:28 - [TEST_STEP][PASSED] - println(Total_Hargaa): null

2023-10-05 13:50:28 - [TEST_STEP][PASSED] - assert totalll == Total_Hargaa: null

2023-10-05 13:50:28 - [TEST_STEP][PASSED] - data.put("total", Total): null

2023-10-05 13:50:28 - [TEST_STEP][PASSED] - data.put("nama", NamaPemesan): null

2023-10-05 13:50:28 - [TEST_STEP][PASSED] - return data: null

2023-10-05 13:50:28 - [MESSAGE][PASSED] - Call Test Case 'Test Cases/T13 Pembelian, Shipment dan Pembayaran/PBY-001' successfully

2023-10-05 13:50:28 - [TEST_STEP][PASSED] - inv = data.get("invoice"): null

2023-10-05 13:50:28 - [TEST_STEP][PASSED] - Total = data.get("total"): null

2023-10-05 13:50:28 - [TEST_STEP][PASSED] - NamaPemesan = data.get("nama"): null

2023-10-05 13:50:28 - [TEST_STEP][PASSED] - click(findTestObject("Konfirmasi pesanan shop/Menu Shop")): Object: 'Object Repository/Konfirmasi pesanan shop/Menu Shop' is clicked on

2023-10-05 13:50:29 - [MESSAGE][PASSED] - Object: 'Object Repository/Konfirmasi pesanan shop/Menu Shop' is clicked on

2023-10-05 13:50:29 - [TEST_STEP][PASSED] - click(findTestObject("Konfirmasi pesanan shop/Menu Shop")): Object: 'Object Repository/Konfirmasi pesanan shop/Menu Shop' is clicked on

2023-10-05 13:50:30 - [MESSAGE][PASSED] - Object: 'Object Repository/Konfirmasi pesanan shop/Menu Shop' is clicked on

2023-10-05 13:50:30 - [TEST_STEP][PASSED] - click(findTestObject("Konfirmasi pesanan shop/Konfirmasi Orders")): Object: 'Object Repository/Konfirmasi pesanan shop/Konfirmasi Orders' is clicked on

2023-10-05 13:50:31 - [MESSAGE][PASSED] - Object: 'Object Repository/Konfirmasi pesanan shop/Konfirmasi Orders' is clicked on

2023-10-05 13:50:31 - [TEST_STEP][PASSED] - verifyElementPresent(findTestObject("Konfirmasi pesanan shop/Tittle Konfirmasi Pesanan"), 0): Object 'Object Repository/Konfirmasi pesanan shop/Tittle Konfirmasi Pesanan' is present

2023-10-05 13:50:31 - [MESSAGE][WARNING] - Timeout '0' is invalid. Using default page load timeout: '30'

2023-10-05 13:50:32 - [MESSAGE][PASSED] - Object 'Object Repository/Konfirmasi pesanan shop/Tittle Konfirmasi Pesanan' is present

2023-10-05 13:50:32 - [TEST_STEP][PASSED] - setText(findTestObject("Konfirmasi pesanan shop/input_No Pesanan"), inv): Text 'TRX60.20231005135015' is set on object 'Object Repository/Konfirmasi pesanan shop/input_No Pesanan'

2023-10-05 13:50:32 - [MESSAGE][PASSED] - Text 'TRX60.20231005135015' is set on object 'Object Repository/Konfirmasi pesanan shop/input_No Pesanan'

2023-10-05 13:50:32 - [TEST_STEP][PASSED] - setText(findTestObject("Konfirmasi pesanan shop/input_Alamat E-mai"), "irfan@gmail.com"): Text 'irfan@gmail.com' is set on object 'Object Repository/Konfirmasi pesanan shop/input_Alamat E-mai'

2023-10-05 13:50:33 - [MESSAGE][PASSED] - Text 'irfan@gmail.com' is set on object 'Object Repository/Konfirmasi pesanan shop/input_Alamat E-mai'

2023-10-05 13:50:33 - [TEST_STEP][PASSED] - click(findTestObject("Konfirmasi pesanan shop/button_Submit")): Object: 'Object Repository/Konfirmasi pesanan shop/button_Submit' is clicked on

2023-10-05 13:50:34 - [MESSAGE][PASSED] - Object: 'Object Repository/Konfirmasi pesanan shop/button_Submit' is clicked on

2023-10-05 13:50:34 - [TEST_STEP][PASSED] - verifyElementPresent(findTestObject("Konfirmasi pesanan shop/Tittle nomor invoice"), 0): Object 'Object Repository/Konfirmasi pesanan shop/Tittle nomor invoice' is present

2023-10-05 13:50:34 - [MESSAGE][WARNING] - Timeout '0' is invalid. Using default page load timeout: '30'

2023-10-05 13:50:35 - [MESSAGE][PASSED] - Object 'Object Repository/Konfirmasi pesanan shop/Tittle nomor invoice' is present

2023-10-05 13:50:35 - [TEST_STEP][PASSED] - setText(findTestObject("Konfirmasi pesanan shop/input_Total TagihanTransfer_b"), Total): Text '7,814' is set on object 'Object Repository/Konfirmasi pesanan shop/input_Total TagihanTransfer_b'

2023-10-05 13:50:36 - [MESSAGE][PASSED] - Text '7,814' is set on object 'Object Repository/Konfirmasi pesanan shop/input_Total TagihanTransfer_b'

2023-10-05 13:50:36 - [TEST_STEP][PASSED] - selectOptionByValue(findTestObject("Konfirmasi pesanan shop/select_Bank"), "4", false): All options with value '4' are selected in object 'Object Repository/Konfirmasi pesanan shop/select_Bank' 

2023-10-05 13:50:37 - [MESSAGE][PASSED] - All options with value '4' are selected in object 'Object Repository/Konfirmasi pesanan shop/select_Bank' 

2023-10-05 13:50:37 - [TEST_STEP][PASSED] - setText(findTestObject("Konfirmasi pesanan shop/input_Nama Pengirim_d"), NamaPemesan): Text 'irfan.afandi' is set on object 'Object Repository/Konfirmasi pesanan shop/input_Nama Pengirim_d'

2023-10-05 13:50:38 - [MESSAGE][PASSED] - Text 'irfan.afandi' is set on object 'Object Repository/Konfirmasi pesanan shop/input_Nama Pengirim_d'

2023-10-05 13:50:38 - [TEST_STEP][PASSED] - uploadFile(findTestObject("keranjang/konfirmasi/input_Upload Bukti Transfer_f"), "C:\Users\IRFAN\Downloads\Berkas2.pdf"): File 'C:\Users\IRFAN\Downloads\Berkas2.pdf' sent to object: 'Object Repository/keranjang/konfirmasi/input_Upload Bukti Transfer_f'

2023-10-05 13:50:38 - [MESSAGE][PASSED] - File 'C:\Users\IRFAN\Downloads\Berkas2.pdf' sent to object: 'Object Repository/keranjang/konfirmasi/input_Upload Bukti Transfer_f'

2023-10-05 13:50:38 - [TEST_STEP][PASSED] - click(findTestObject("Konfirmasi pesanan shop/button_Konfirmasi Pembayaran")): Object: 'Object Repository/Konfirmasi pesanan shop/button_Konfirmasi Pembayaran' is clicked on

2023-10-05 13:50:40 - [MESSAGE][PASSED] - Object: 'Object Repository/Konfirmasi pesanan shop/button_Konfirmasi Pembayaran' is clicked on

2023-10-05 13:50:40 - [TEST_STEP][PASSED] - verifyElementPresent(findTestObject("Konfirmasi pesanan shop/Tittle Konfirmasi Pesanan"), 0): Object 'Object Repository/Konfirmasi pesanan shop/Tittle Konfirmasi Pesanan' is present

2023-10-05 13:50:40 - [MESSAGE][WARNING] - Timeout '0' is invalid. Using default page load timeout: '30'

2023-10-05 13:50:41 - [MESSAGE][PASSED] - Object 'Object Repository/Konfirmasi pesanan shop/Tittle Konfirmasi Pesanan' is present

2023-10-05 13:50:41 - [TEST_STEP][PASSED] - verifyElementPresent(findTestObject("Konfirmasi pesanan shop/Tittle massage succes Konfirmasi Pembayaran Pesanan"), 0): Object 'Object Repository/Konfirmasi pesanan shop/Tittle massage succes Konfirmasi Pembayaran Pesanan' is present

2023-10-05 13:50:41 - [MESSAGE][WARNING] - Timeout '0' is invalid. Using default page load timeout: '30'

2023-10-05 13:50:41 - [MESSAGE][PASSED] - Object 'Object Repository/Konfirmasi pesanan shop/Tittle massage succes Konfirmasi Pembayaran Pesanan' is present

2023-10-05 13:50:41 - [TEST_STEP][PASSED] - return data: null

2023-10-05 13:50:41 - [MESSAGE][PASSED] - Call Test Case 'Test Cases/T13 Pembelian, Shipment dan Pembayaran/PBY-004' successfully

2023-10-05 13:50:41 - [TEST_STEP][PASSED] - navigateToUrl("https://10.9.2.63/ecommerce/administrator/"): Navigate to 'https://10.9.2.63/ecommerce/administrator/' successfully

2023-10-05 13:50:42 - [MESSAGE][PASSED] - Navigate to 'https://10.9.2.63/ecommerce/administrator/' successfully

2023-10-05 13:50:42 - [TEST_STEP][PASSED] - verifyElementPresent(findTestObject("admin/Tittle ADMIN Login"), 0): Object 'Object Repository/admin/Tittle ADMIN Login' is present

2023-10-05 13:50:42 - [MESSAGE][WARNING] - Timeout '0' is invalid. Using default page load timeout: '30'

2023-10-05 13:50:42 - [MESSAGE][PASSED] - Object 'Object Repository/admin/Tittle ADMIN Login' is present

2023-10-05 13:50:42 - [TEST_STEP][PASSED] - setText(findTestObject("admin/Username"), "admin"): Text 'admin' is set on object 'Object Repository/admin/Username'

2023-10-05 13:50:43 - [MESSAGE][PASSED] - Text 'admin' is set on object 'Object Repository/admin/Username'

2023-10-05 13:50:43 - [TEST_STEP][PASSED] - setText(findTestObject("admin/Password"), "123admin123"): Text '123admin123' is set on object 'Object Repository/admin/Password'

2023-10-05 13:50:44 - [MESSAGE][PASSED] - Text '123admin123' is set on object 'Object Repository/admin/Password'

2023-10-05 13:50:44 - [TEST_STEP][PASSED] - click(findTestObject("admin/Remember Me")): Object: 'Object Repository/admin/Remember Me' is clicked on

2023-10-05 13:50:44 - [MESSAGE][PASSED] - Object: 'Object Repository/admin/Remember Me' is clicked on

2023-10-05 13:50:44 - [TEST_STEP][PASSED] - delay(10): Delayed 10 second(s)

2023-10-05 13:50:54 - [MESSAGE][PASSED] - Delayed 10 second(s)

2023-10-05 13:50:54 - [TEST_STEP][PASSED] - click(findTestObject("admin/buttom submit")): Object: 'Object Repository/admin/buttom submit' is clicked on

2023-10-05 13:50:56 - [MESSAGE][PASSED] - Object: 'Object Repository/admin/buttom submit' is clicked on

2023-10-05 13:50:56 - [TEST_STEP][PASSED] - verifyElementPresent(findTestObject("admin/Konf order konsumen/Tittle Dashboard"), 0): Object 'Object Repository/admin/Konf order konsumen/Tittle Dashboard' is present

2023-10-05 13:50:56 - [MESSAGE][WARNING] - Timeout '0' is invalid. Using default page load timeout: '30'

2023-10-05 13:50:56 - [MESSAGE][PASSED] - Object 'Object Repository/admin/Konf order konsumen/Tittle Dashboard' is present

2023-10-05 13:50:56 - [TEST_STEP][PASSED] - click(findTestObject("admin/Konf order konsumen/Menu Transaksi Market")): Object: 'Object Repository/admin/Konf order konsumen/Menu Transaksi Market' is clicked on

2023-10-05 13:50:57 - [MESSAGE][PASSED] - Object: 'Object Repository/admin/Konf order konsumen/Menu Transaksi Market' is clicked on

2023-10-05 13:50:57 - [TEST_STEP][PASSED] - click(findTestObject("admin/Konf order konsumen/Menu Konf. Order Konsumen")): Object: 'Object Repository/admin/Konf order konsumen/Menu Konf. Order Konsumen' is clicked on

2023-10-05 13:50:59 - [MESSAGE][PASSED] - Object: 'Object Repository/admin/Konf order konsumen/Menu Konf. Order Konsumen' is clicked on

2023-10-05 13:50:59 - [TEST_STEP][PASSED] - verifyElementPresent(findTestObject("admin/Konf order konsumen/Tittle Data Konfirmasi Pembayaran Konsumen"), 0): Object 'Object Repository/admin/Konf order konsumen/Tittle Data Konfirmasi Pembayaran Konsumen' is present

2023-10-05 13:50:59 - [MESSAGE][WARNING] - Timeout '0' is invalid. Using default page load timeout: '30'

2023-10-05 13:50:59 - [MESSAGE][PASSED] - Object 'Object Repository/admin/Konf order konsumen/Tittle Data Konfirmasi Pembayaran Konsumen' is present

2023-10-05 13:50:59 - [TEST_STEP][PASSED] - inv = data.get("invoice"): null

2023-10-05 13:50:59 - [TEST_STEP][PASSED] - setText(findTestObject("admin/Konf order konsumen/Search"), inv): Text 'TRX60.20231005135015' is set on object 'Object Repository/admin/Konf order konsumen/Search'

2023-10-05 13:51:00 - [MESSAGE][PASSED] - Text 'TRX60.20231005135015' is set on object 'Object Repository/admin/Konf order konsumen/Search'

2023-10-05 13:51:00 - [TEST_STEP][PASSED] - verifyElementText(findTestObject("admin/Konf order konsumen/Keterangan Lunas"), "Lunas"): Actual text and expected text of test object 'Object Repository/admin/Konf order konsumen/Keterangan Lunas' are matched.

2023-10-05 13:51:01 - [MESSAGE][PASSED] - Actual text and expected text of test object 'Object Repository/admin/Konf order konsumen/Keterangan Lunas' are matched.

2023-10-05 13:51:01 - [TEST_STEP][PASSED] - return data: null

2023-10-05 13:51:01 - [MESSAGE][PASSED] - Call Test Case 'Test Cases/T13 Pembelian, Shipment dan Pembayaran/PBYA-001' successfully

2023-10-05 13:51:01 - [TEST_STEP][PASSED] - click(findTestObject("admin/Penjualan ke konsumen/buttom Dashboard")): Object: 'Object Repository/admin/Penjualan ke konsumen/buttom Dashboard' is clicked on

2023-10-05 13:51:01 - [MESSAGE][PASSED] - Object: 'Object Repository/admin/Penjualan ke konsumen/buttom Dashboard' is clicked on

2023-10-05 13:51:01 - [TEST_STEP][PASSED] - click(findTestObject("admin/Konf order konsumen/Menu Transaksi Market")): Object: 'Object Repository/admin/Konf order konsumen/Menu Transaksi Market' is clicked on

2023-10-05 13:51:02 - [MESSAGE][PASSED] - Object: 'Object Repository/admin/Konf order konsumen/Menu Transaksi Market' is clicked on

2023-10-05 13:51:02 - [TEST_STEP][PASSED] - click(findTestObject("admin/Penjualan ke konsumen/a_Penjualan ke Konsumen")): Object: 'Object Repository/admin/Penjualan ke konsumen/a_Penjualan ke Konsumen' is clicked on

2023-10-05 13:51:05 - [MESSAGE][PASSED] - Object: 'Object Repository/admin/Penjualan ke konsumen/a_Penjualan ke Konsumen' is clicked on

2023-10-05 13:51:05 - [TEST_STEP][PASSED] - verifyElementPresent(findTestObject("admin/Tittle Data Transaksi Penjualan  Orderan Konsumen"), 0): Object 'Object Repository/admin/Tittle Data Transaksi Penjualan  Orderan Konsumen' is present

2023-10-05 13:51:05 - [MESSAGE][WARNING] - Timeout '0' is invalid. Using default page load timeout: '30'

2023-10-05 13:51:06 - [MESSAGE][PASSED] - Object 'Object Repository/admin/Tittle Data Transaksi Penjualan  Orderan Konsumen' is present

2023-10-05 13:51:06 - [TEST_STEP][PASSED] - return data: null

2023-10-05 13:51:06 - [MESSAGE][PASSED] - Call Test Case 'Test Cases/T13 Pembelian, Shipment dan Pembayaran/SA-001' successfully

2023-10-05 13:51:06 - [TEST_STEP][PASSED] - inv = data.get("invoice"): null

2023-10-05 13:51:06 - [TEST_STEP][PASSED] - setText(findTestObject("admin/Penjualan ke konsumen/Search"), inv): Text 'TRX60.20231005135015' is set on object 'Object Repository/admin/Penjualan ke konsumen/Search'

2023-10-05 13:51:07 - [MESSAGE][PASSED] - Text 'TRX60.20231005135015' is set on object 'Object Repository/admin/Penjualan ke konsumen/Search'

2023-10-05 13:51:07 - [TEST_STEP][PASSED] - click(findTestObject("admin/Penjualan ke konsumen/buttom konfirmasi pending payment"), CONTINUE_ON_FAILURE): Object: 'Object Repository/admin/Penjualan ke konsumen/buttom konfirmasi pending payment' is clicked on

2023-10-05 13:51:07 - [MESSAGE][PASSED] - Object: 'Object Repository/admin/Penjualan ke konsumen/buttom konfirmasi pending payment' is clicked on

2023-10-05 13:51:07 - [TEST_STEP][PASSED] - waitForAlert(5, OPTIONAL): Alert is present after 5 second(s).

2023-10-05 13:51:07 - [MESSAGE][PASSED] - Alert is present after 5 second(s).

2023-10-05 13:51:07 - [TEST_STEP][PASSED] - acceptAlert(): Alert accepted

2023-10-05 13:51:07 - [MESSAGE][PASSED] - Alert accepted

2023-10-05 13:51:07 - [TEST_STEP][PASSED] - setText(findTestObject("admin/Penjualan ke konsumen/Search"), inv): Text 'TRX60.20231005135015' is set on object 'Object Repository/admin/Penjualan ke konsumen/Search'

2023-10-05 13:51:16 - [MESSAGE][PASSED] - Text 'TRX60.20231005135015' is set on object 'Object Repository/admin/Penjualan ke konsumen/Search'

2023-10-05 13:51:16 - [TEST_STEP][PASSED] - verifyTextNotPresent("pending payment", false): Text 'pending payment' is not present on page

2023-10-05 13:51:17 - [MESSAGE][PASSED] - Text 'pending payment' is not present on page

2023-10-05 13:51:17 - [TEST_STEP][PASSED] - return data: null

2023-10-05 13:51:17 - [MESSAGE][PASSED] - Call Test Case 'Test Cases/T13 Pembelian, Shipment dan Pembayaran/SA-002' successfully

2023-10-05 13:51:17 - [TEST_STEP][PASSED] - click(findTestObject("admin/Penjualan ke konsumen/buttom scroldown")): Object: 'Object Repository/admin/Penjualan ke konsumen/buttom scroldown' is clicked on

2023-10-05 13:51:17 - [MESSAGE][PASSED] - Object: 'Object Repository/admin/Penjualan ke konsumen/buttom scroldown' is clicked on

2023-10-05 13:51:17 - [TEST_STEP][PASSED] - click(findTestObject("Edit Detail Data Transaksi/buttom edit")): Object: 'Object Repository/Edit Detail Data Transaksi/buttom edit' is clicked on

2023-10-05 13:51:18 - [MESSAGE][PASSED] - Object: 'Object Repository/Edit Detail Data Transaksi/buttom edit' is clicked on

2023-10-05 13:51:18 - [TEST_STEP][PASSED] - verifyElementPresent(findTestObject("Edit Detail Data Transaksi/Edit Detail Transaksi Penjualan"), 0): Object 'Object Repository/Edit Detail Data Transaksi/Edit Detail Transaksi Penjualan' is present

2023-10-05 13:51:18 - [MESSAGE][WARNING] - Timeout '0' is invalid. Using default page load timeout: '30'

2023-10-05 13:51:18 - [MESSAGE][PASSED] - Object 'Object Repository/Edit Detail Data Transaksi/Edit Detail Transaksi Penjualan' is present

2023-10-05 13:51:18 - [TEST_STEP][PASSED] - click(findTestObject("Edit Detail Data Transaksi/buttom edit detail")): Object: 'Object Repository/Edit Detail Data Transaksi/buttom edit detail' is clicked on

2023-10-05 13:51:19 - [MESSAGE][PASSED] - Object: 'Object Repository/Edit Detail Data Transaksi/buttom edit detail' is clicked on

2023-10-05 13:51:19 - [TEST_STEP][PASSED] - setText(findTestObject("Edit Detail Data Transaksi/input_Action_dd"), jumlah): Text '2' is set on object 'Object Repository/Edit Detail Data Transaksi/input_Action_dd'

2023-10-05 13:51:20 - [MESSAGE][PASSED] - Text '2' is set on object 'Object Repository/Edit Detail Data Transaksi/input_Action_dd'

2023-10-05 13:51:20 - [TEST_STEP][PASSED] - click(findTestObject("Edit Detail Data Transaksi/button_Action_centang")): Object: 'Object Repository/Edit Detail Data Transaksi/button_Action_centang' is clicked on

2023-10-05 13:51:21 - [MESSAGE][PASSED] - Object: 'Object Repository/Edit Detail Data Transaksi/button_Action_centang' is clicked on

2023-10-05 13:51:21 - [TEST_STEP][PASSED] - edit2 = getText(findTestObject("Edit Detail Data Transaksi/edit detail 2")): Text of object 'Object Repository/Edit Detail Data Transaksi/edit detail 2' is: '2'

2023-10-05 13:51:22 - [MESSAGE][PASSED] - Text of object 'Object Repository/Edit Detail Data Transaksi/edit detail 2' is: '2'

2023-10-05 13:51:22 - [TEST_STEP][PASSED] - click(findTestObject("Edit Detail Data Transaksi/buttom simpan data")): Object: 'Object Repository/Edit Detail Data Transaksi/buttom simpan data' is clicked on

2023-10-05 13:51:23 - [MESSAGE][PASSED] - Object: 'Object Repository/Edit Detail Data Transaksi/buttom simpan data' is clicked on

2023-10-05 13:51:23 - [TEST_STEP][PASSED] - click(findTestObject("Edit Detail Data Transaksi/buttom Selesai")): Object: 'Object Repository/Edit Detail Data Transaksi/buttom Selesai' is clicked on

2023-10-05 13:51:26 - [MESSAGE][PASSED] - Object: 'Object Repository/Edit Detail Data Transaksi/buttom Selesai' is clicked on

2023-10-05 13:51:26 - [TEST_STEP][PASSED] - inv = data.get("invoice"): null

2023-10-05 13:51:26 - [TEST_STEP][PASSED] - setText(findTestObject("admin/Penjualan ke konsumen/Search"), inv): Text 'TRX60.20231005135015' is set on object 'Object Repository/admin/Penjualan ke konsumen/Search'

2023-10-05 13:51:27 - [MESSAGE][PASSED] - Text 'TRX60.20231005135015' is set on object 'Object Repository/admin/Penjualan ke konsumen/Search'

2023-10-05 13:51:27 - [TEST_STEP][PASSED] - assert jumlah == edit2: null

2023-10-05 13:51:27 - [TEST_STEP][PASSED] - return data: null]]></system-out>
         <system-err><![CDATA[]]></system-err>
      </testcase>
      <testcase name="Test Cases/T13 Pembelian, Shipment dan Pembayaran/SA-009" time="53.234" classname="Test Cases/T13 Pembelian, Shipment dan Pembayaran/SA-009" status="FAILED">
         <failure type="FAILED" message="Test Cases/T13 Pembelian, Shipment dan Pembayaran/SA-009 FAILED.
Reason:
com.kms.katalon.core.exception.StepFailedException: Call Test Case 'Test Cases/T13 Pembelian, Shipment dan Pembayaran/SA-002' failed
	at com.kms.katalon.core.keyword.builtin.CallTestCaseKeyword$_callTestCase_closure1.doCall(CallTestCaseKeyword.groovy:63)
	at com.kms.katalon.core.keyword.builtin.CallTestCaseKeyword$_callTestCase_closure1.call(CallTestCaseKeyword.groovy)
	at com.kms.katalon.core.keyword.internal.KeywordMain.runKeyword(KeywordMain.groovy:75)
	at com.kms.katalon.core.keyword.builtin.CallTestCaseKeyword.callTestCase(CallTestCaseKeyword.groovy:81)
	at com.kms.katalon.core.keyword.builtin.CallTestCaseKeyword.execute(CallTestCaseKeyword.groovy:44)
	at com.kms.katalon.core.keyword.internal.KeywordExecutor.executeKeywordForPlatform(KeywordExecutor.groovy:74)
	at com.kms.katalon.core.keyword.BuiltinKeywords.callTestCase(BuiltinKeywords.groovy:310)
	at SA-009.run(SA-009:25)
	at com.kms.katalon.core.main.ScriptEngine.run(ScriptEngine.java:194)
	at com.kms.katalon.core.main.ScriptEngine.runScriptAsRawText(ScriptEngine.java:119)
	at com.kms.katalon.core.main.TestCaseExecutor.runScript(TestCaseExecutor.java:448)
	at com.kms.katalon.core.main.TestCaseExecutor.doExecute(TestCaseExecutor.java:439)
	at com.kms.katalon.core.main.TestCaseExecutor.processExecutionPhase(TestCaseExecutor.java:418)
	at com.kms.katalon.core.main.TestCaseExecutor.accessMainPhase(TestCaseExecutor.java:410)
	at com.kms.katalon.core.main.TestCaseExecutor.execute(TestCaseExecutor.java:285)
	at com.kms.katalon.core.common.CommonExecutor.accessTestCaseMainPhase(CommonExecutor.java:65)
	at com.kms.katalon.core.main.TestSuiteExecutor.accessTestSuiteMainPhase(TestSuiteExecutor.java:148)
	at com.kms.katalon.core.main.TestSuiteExecutor.execute(TestSuiteExecutor.java:106)
	at com.kms.katalon.core.main.TestCaseMain.startTestSuite(TestCaseMain.java:187)
	at com.kms.katalon.core.main.TestCaseMain$startTestSuite$0.call(Unknown Source)
	at TempTestSuite1696486556660.run(TempTestSuite1696486556660.groovy:36)
Caused by: com.kms.katalon.core.exception.StepFailedException: Call Test Case 'Test Cases/T13 Pembelian, Shipment dan Pembayaran/SA-001' failed
	at com.kms.katalon.core.keyword.builtin.CallTestCaseKeyword$_callTestCase_closure1.doCall(CallTestCaseKeyword.groovy:63)
	at com.kms.katalon.core.keyword.builtin.CallTestCaseKeyword$_callTestCase_closure1.call(CallTestCaseKeyword.groovy)
	at com.kms.katalon.core.keyword.internal.KeywordMain.runKeyword(KeywordMain.groovy:75)
	at com.kms.katalon.core.keyword.builtin.CallTestCaseKeyword.callTestCase(CallTestCaseKeyword.groovy:81)
	at com.kms.katalon.core.keyword.builtin.CallTestCaseKeyword.execute(CallTestCaseKeyword.groovy:44)
	at com.kms.katalon.core.keyword.internal.KeywordExecutor.executeKeywordForPlatform(KeywordExecutor.groovy:74)
	at com.kms.katalon.core.keyword.BuiltinKeywords.callTestCase(BuiltinKeywords.groovy:310)
	at SA-002.run(SA-002:20)
	at com.kms.katalon.core.main.ScriptEngine.run(ScriptEngine.java:194)
	at com.kms.katalon.core.main.ScriptEngine.runScriptAsRawText(ScriptEngine.java:119)
	at com.kms.katalon.core.main.TestCaseExecutor.runScript(TestCaseExecutor.java:448)
	at com.kms.katalon.core.main.TestCaseExecutor.doExecute(TestCaseExecutor.java:439)
	at com.kms.katalon.core.main.TestCaseExecutor.processExecutionPhase(TestCaseExecutor.java:418)
	at com.kms.katalon.core.main.TestCaseExecutor.accessMainPhase(TestCaseExecutor.java:410)
	at com.kms.katalon.core.main.TestCaseExecutor.execute(TestCaseExecutor.java:285)
	at com.kms.katalon.core.main.TestCaseMain.runTestCase(TestCaseMain.java:144)
	at com.kms.katalon.core.keyword.builtin.CallTestCaseKeyword$_callTestCase_closure1.doCall(CallTestCaseKeyword.groovy:59)
	... 20 more
Caused by: com.kms.katalon.core.exception.StepFailedException: Call Test Case 'Test Cases/T13 Pembelian, Shipment dan Pembayaran/PBYA-001' failed
	at com.kms.katalon.core.keyword.builtin.CallTestCaseKeyword$_callTestCase_closure1.doCall(CallTestCaseKeyword.groovy:63)
	at com.kms.katalon.core.keyword.builtin.CallTestCaseKeyword$_callTestCase_closure1.call(CallTestCaseKeyword.groovy)
	at com.kms.katalon.core.keyword.internal.KeywordMain.runKeyword(KeywordMain.groovy:75)
	at com.kms.katalon.core.keyword.builtin.CallTestCaseKeyword.callTestCase(CallTestCaseKeyword.groovy:81)
	at com.kms.katalon.core.keyword.builtin.CallTestCaseKeyword.execute(CallTestCaseKeyword.groovy:44)
	at com.kms.katalon.core.keyword.internal.KeywordExecutor.executeKeywordForPlatform(KeywordExecutor.groovy:74)
	at com.kms.katalon.core.keyword.BuiltinKeywords.callTestCase(BuiltinKeywords.groovy:310)
	at SA-001.run(SA-001:20)
	at com.kms.katalon.core.main.ScriptEngine.run(ScriptEngine.java:194)
	at com.kms.katalon.core.main.ScriptEngine.runScriptAsRawText(ScriptEngine.java:119)
	at com.kms.katalon.core.main.TestCaseExecutor.runScript(TestCaseExecutor.java:448)
	at com.kms.katalon.core.main.TestCaseExecutor.doExecute(TestCaseExecutor.java:439)
	at com.kms.katalon.core.main.TestCaseExecutor.processExecutionPhase(TestCaseExecutor.java:418)
	at com.kms.katalon.core.main.TestCaseExecutor.accessMainPhase(TestCaseExecutor.java:410)
	at com.kms.katalon.core.main.TestCaseExecutor.execute(TestCaseExecutor.java:285)
	at com.kms.katalon.core.main.TestCaseMain.runTestCase(TestCaseMain.java:144)
	at com.kms.katalon.core.keyword.builtin.CallTestCaseKeyword$_callTestCase_closure1.doCall(CallTestCaseKeyword.groovy:59)
	... 36 more
Caused by: com.kms.katalon.core.exception.StepFailedException: Call Test Case 'Test Cases/T13 Pembelian, Shipment dan Pembayaran/PBY-004' failed
	at com.kms.katalon.core.keyword.builtin.CallTestCaseKeyword$_callTestCase_closure1.doCall(CallTestCaseKeyword.groovy:63)
	at com.kms.katalon.core.keyword.builtin.CallTestCaseKeyword$_callTestCase_closure1.call(CallTestCaseKeyword.groovy)
	at com.kms.katalon.core.keyword.internal.KeywordMain.runKeyword(KeywordMain.groovy:75)
	at com.kms.katalon.core.keyword.builtin.CallTestCaseKeyword.callTestCase(CallTestCaseKeyword.groovy:81)
	at com.kms.katalon.core.keyword.builtin.CallTestCaseKeyword.execute(CallTestCaseKeyword.groovy:44)
	at com.kms.katalon.core.keyword.internal.KeywordExecutor.executeKeywordForPlatform(KeywordExecutor.groovy:74)
	at com.kms.katalon.core.keyword.BuiltinKeywords.callTestCase(BuiltinKeywords.groovy:310)
	at PBYA-001.run(PBYA-001:20)
	at com.kms.katalon.core.main.ScriptEngine.run(ScriptEngine.java:194)
	at com.kms.katalon.core.main.ScriptEngine.runScriptAsRawText(ScriptEngine.java:119)
	at com.kms.katalon.core.main.TestCaseExecutor.runScript(TestCaseExecutor.java:448)
	at com.kms.katalon.core.main.TestCaseExecutor.doExecute(TestCaseExecutor.java:439)
	at com.kms.katalon.core.main.TestCaseExecutor.processExecutionPhase(TestCaseExecutor.java:418)
	at com.kms.katalon.core.main.TestCaseExecutor.accessMainPhase(TestCaseExecutor.java:410)
	at com.kms.katalon.core.main.TestCaseExecutor.execute(TestCaseExecutor.java:285)
	at com.kms.katalon.core.main.TestCaseMain.runTestCase(TestCaseMain.java:144)
	at com.kms.katalon.core.keyword.builtin.CallTestCaseKeyword$_callTestCase_closure1.doCall(CallTestCaseKeyword.groovy:59)
	... 52 more
Caused by: com.kms.katalon.core.exception.StepFailedException: Unable to click on object 'Object Repository/Konfirmasi pesanan shop/Konfirmasi Orders'
	at com.kms.katalon.core.webui.keyword.internal.WebUIKeywordMain.stepFailed(WebUIKeywordMain.groovy:64)
	at com.kms.katalon.core.webui.keyword.internal.WebUIKeywordMain.runKeyword(WebUIKeywordMain.groovy:26)
	at com.kms.katalon.core.webui.keyword.builtin.ClickKeyword.click(ClickKeyword.groovy:74)
	at com.kms.katalon.core.webui.keyword.builtin.ClickKeyword.execute(ClickKeyword.groovy:40)
	at com.kms.katalon.core.keyword.internal.KeywordExecutor.executeKeywordForPlatform(KeywordExecutor.groovy:74)
	at com.kms.katalon.core.webui.keyword.WebUiBuiltInKeywords.click(WebUiBuiltInKeywords.groovy:620)
	at com.kms.katalon.core.webui.keyword.WebUiBuiltInKeywords$click$2.call(Unknown Source)
	at PBY-004.run(PBY-004:33)
	at com.kms.katalon.core.main.ScriptEngine.run(ScriptEngine.java:194)
	at com.kms.katalon.core.main.ScriptEngine.runScriptAsRawText(ScriptEngine.java:119)
	at com.kms.katalon.core.main.TestCaseExecutor.runScript(TestCaseExecutor.java:448)
	at com.kms.katalon.core.main.TestCaseExecutor.doExecute(TestCaseExecutor.java:439)
	at com.kms.katalon.core.main.TestCaseExecutor.processExecutionPhase(TestCaseExecutor.java:418)
	at com.kms.katalon.core.main.TestCaseExecutor.accessMainPhase(TestCaseExecutor.java:410)
	at com.kms.katalon.core.main.TestCaseExecutor.execute(TestCaseExecutor.java:285)
	at com.kms.katalon.core.main.TestCaseMain.runTestCase(TestCaseMain.java:144)
	at com.kms.katalon.core.keyword.builtin.CallTestCaseKeyword$_callTestCase_closure1.doCall(CallTestCaseKeyword.groovy:59)
	... 68 more
Caused by: org.openqa.selenium.ElementNotInteractableException: element not interactable
  (Session info: MicrosoftEdge=117.0.2045.43)
Build info: version: '3.141.59', revision: 'e82be7d358', time: '2018-11-14T08:25:53'
System info: host: 'DESKTOP-H62FVJ8', ip: '10.9.2.18', os.name: 'Windows 10', os.arch: 'amd64', os.version: '10.0', java.version: '1.8.0_362'
Driver info: com.kms.katalon.selenium.driver.CEdgeDriver
Capabilities {acceptInsecureCerts: true, browserName: msedge, browserVersion: 117.0.2045.43, fedcm:accounts: true, javascriptEnabled: true, ms:edgeOptions: {debuggerAddress: localhost:63134}, msedge: {msedgedriverVersion: 117.0.2045.47 (b75fe6866687..., userDataDir: C:\Users\IRFAN\AppData\Loca...}, networkConnectionEnabled: false, pageLoadStrategy: normal, platform: WINDOWS, platformName: WINDOWS, proxy: Proxy(), setWindowRect: true, strictFileInteractability: false, timeouts: {implicit: 0, pageLoad: 300000, script: 30000}, unhandledPromptBehavior: dismiss and notify, webauthn:extension:credBlob: true, webauthn:extension:largeBlob: true, webauthn:extension:minPinLength: true, webauthn:extension:prf: true, webauthn:virtualAuthenticators: true}
Session ID: e683f878c54822fa814ef0f7d89d1a79
	at org.openqa.selenium.remote.http.W3CHttpResponseCodec.createException(W3CHttpResponseCodec.java:187)
	at org.openqa.selenium.remote.http.W3CHttpResponseCodec.decode(W3CHttpResponseCodec.java:122)
	at org.openqa.selenium.remote.http.W3CHttpResponseCodec.decode(W3CHttpResponseCodec.java:49)
	at org.openqa.selenium.remote.HttpCommandExecutor.execute(HttpCommandExecutor.java:158)
	at org.openqa.selenium.remote.service.DriverCommandExecutor.execute(DriverCommandExecutor.java:83)
	at org.openqa.selenium.remote.RemoteWebDriver.execute(RemoteWebDriver.java:552)
	at com.kms.katalon.selenium.driver.CEdgeDriver.execute(CEdgeDriver.java:20)
	at org.openqa.selenium.remote.RemoteWebElement.execute(RemoteWebElement.java:285)
	at org.openqa.selenium.remote.RemoteWebElement.click(RemoteWebElement.java:84)
	at org.openqa.selenium.support.events.EventFiringWebDriver$EventFiringWebElement.lambda$new$0(EventFiringWebDriver.java:404)
	at com.sun.proxy.$Proxy11.click(Unknown Source)
	at org.openqa.selenium.support.events.EventFiringWebDriver$EventFiringWebElement.click(EventFiringWebDriver.java:417)
	at org.openqa.selenium.WebElement$click.call(Unknown Source)
	at com.kms.katalon.core.webui.keyword.builtin.ClickKeyword.clickUntilSuccessWithTimeout(ClickKeyword.groovy:81)
	at com.kms.katalon.core.webui.keyword.builtin.ClickKeyword.clickUntilSuccessWithTimeout(ClickKeyword.groovy)
	at com.kms.katalon.core.webui.keyword.builtin.ClickKeyword$_click_closure1.doCall(ClickKeyword.groovy:67)
	at com.kms.katalon.core.webui.keyword.builtin.ClickKeyword$_click_closure1.call(ClickKeyword.groovy)
	at com.kms.katalon.core.webui.keyword.internal.WebUIKeywordMain.runKeyword(WebUIKeywordMain.groovy:20)
	... 83 more
"/>
         <system-out><![CDATA[2023-10-05 13:51:27 - [TEST_CASE][FAILED] - Test Cases/T13 Pembelian, Shipment dan Pembayaran/SA-009: Test Cases/T13 Pembelian, Shipment dan Pembayaran/SA-009 FAILED.
Reason:
com.kms.katalon.core.exception.StepFailedException: Call Test Case 'Test Cases/T13 Pembelian, Shipment dan Pembayaran/SA-002' failed
	at com.kms.katalon.core.keyword.builtin.CallTestCaseKeyword$_callTestCase_closure1.doCall(CallTestCaseKeyword.groovy:63)
	at com.kms.katalon.core.keyword.builtin.CallTestCaseKeyword$_callTestCase_closure1.call(CallTestCaseKeyword.groovy)
	at com.kms.katalon.core.keyword.internal.KeywordMain.runKeyword(KeywordMain.groovy:75)
	at com.kms.katalon.core.keyword.builtin.CallTestCaseKeyword.callTestCase(CallTestCaseKeyword.groovy:81)
	at com.kms.katalon.core.keyword.builtin.CallTestCaseKeyword.execute(CallTestCaseKeyword.groovy:44)
	at com.kms.katalon.core.keyword.internal.KeywordExecutor.executeKeywordForPlatform(KeywordExecutor.groovy:74)
	at com.kms.katalon.core.keyword.BuiltinKeywords.callTestCase(BuiltinKeywords.groovy:310)
	at SA-009.run(SA-009:25)
	at com.kms.katalon.core.main.ScriptEngine.run(ScriptEngine.java:194)
	at com.kms.katalon.core.main.ScriptEngine.runScriptAsRawText(ScriptEngine.java:119)
	at com.kms.katalon.core.main.TestCaseExecutor.runScript(TestCaseExecutor.java:448)
	at com.kms.katalon.core.main.TestCaseExecutor.doExecute(TestCaseExecutor.java:439)
	at com.kms.katalon.core.main.TestCaseExecutor.processExecutionPhase(TestCaseExecutor.java:418)
	at com.kms.katalon.core.main.TestCaseExecutor.accessMainPhase(TestCaseExecutor.java:410)
	at com.kms.katalon.core.main.TestCaseExecutor.execute(TestCaseExecutor.java:285)
	at com.kms.katalon.core.common.CommonExecutor.accessTestCaseMainPhase(CommonExecutor.java:65)
	at com.kms.katalon.core.main.TestSuiteExecutor.accessTestSuiteMainPhase(TestSuiteExecutor.java:148)
	at com.kms.katalon.core.main.TestSuiteExecutor.execute(TestSuiteExecutor.java:106)
	at com.kms.katalon.core.main.TestCaseMain.startTestSuite(TestCaseMain.java:187)
	at com.kms.katalon.core.main.TestCaseMain$startTestSuite$0.call(Unknown Source)
	at TempTestSuite1696486556660.run(TempTestSuite1696486556660.groovy:36)
Caused by: com.kms.katalon.core.exception.StepFailedException: Call Test Case 'Test Cases/T13 Pembelian, Shipment dan Pembayaran/SA-001' failed
	at com.kms.katalon.core.keyword.builtin.CallTestCaseKeyword$_callTestCase_closure1.doCall(CallTestCaseKeyword.groovy:63)
	at com.kms.katalon.core.keyword.builtin.CallTestCaseKeyword$_callTestCase_closure1.call(CallTestCaseKeyword.groovy)
	at com.kms.katalon.core.keyword.internal.KeywordMain.runKeyword(KeywordMain.groovy:75)
	at com.kms.katalon.core.keyword.builtin.CallTestCaseKeyword.callTestCase(CallTestCaseKeyword.groovy:81)
	at com.kms.katalon.core.keyword.builtin.CallTestCaseKeyword.execute(CallTestCaseKeyword.groovy:44)
	at com.kms.katalon.core.keyword.internal.KeywordExecutor.executeKeywordForPlatform(KeywordExecutor.groovy:74)
	at com.kms.katalon.core.keyword.BuiltinKeywords.callTestCase(BuiltinKeywords.groovy:310)
	at SA-002.run(SA-002:20)
	at com.kms.katalon.core.main.ScriptEngine.run(ScriptEngine.java:194)
	at com.kms.katalon.core.main.ScriptEngine.runScriptAsRawText(ScriptEngine.java:119)
	at com.kms.katalon.core.main.TestCaseExecutor.runScript(TestCaseExecutor.java:448)
	at com.kms.katalon.core.main.TestCaseExecutor.doExecute(TestCaseExecutor.java:439)
	at com.kms.katalon.core.main.TestCaseExecutor.processExecutionPhase(TestCaseExecutor.java:418)
	at com.kms.katalon.core.main.TestCaseExecutor.accessMainPhase(TestCaseExecutor.java:410)
	at com.kms.katalon.core.main.TestCaseExecutor.execute(TestCaseExecutor.java:285)
	at com.kms.katalon.core.main.TestCaseMain.runTestCase(TestCaseMain.java:144)
	at com.kms.katalon.core.keyword.builtin.CallTestCaseKeyword$_callTestCase_closure1.doCall(CallTestCaseKeyword.groovy:59)
	... 20 more
Caused by: com.kms.katalon.core.exception.StepFailedException: Call Test Case 'Test Cases/T13 Pembelian, Shipment dan Pembayaran/PBYA-001' failed
	at com.kms.katalon.core.keyword.builtin.CallTestCaseKeyword$_callTestCase_closure1.doCall(CallTestCaseKeyword.groovy:63)
	at com.kms.katalon.core.keyword.builtin.CallTestCaseKeyword$_callTestCase_closure1.call(CallTestCaseKeyword.groovy)
	at com.kms.katalon.core.keyword.internal.KeywordMain.runKeyword(KeywordMain.groovy:75)
	at com.kms.katalon.core.keyword.builtin.CallTestCaseKeyword.callTestCase(CallTestCaseKeyword.groovy:81)
	at com.kms.katalon.core.keyword.builtin.CallTestCaseKeyword.execute(CallTestCaseKeyword.groovy:44)
	at com.kms.katalon.core.keyword.internal.KeywordExecutor.executeKeywordForPlatform(KeywordExecutor.groovy:74)
	at com.kms.katalon.core.keyword.BuiltinKeywords.callTestCase(BuiltinKeywords.groovy:310)
	at SA-001.run(SA-001:20)
	at com.kms.katalon.core.main.ScriptEngine.run(ScriptEngine.java:194)
	at com.kms.katalon.core.main.ScriptEngine.runScriptAsRawText(ScriptEngine.java:119)
	at com.kms.katalon.core.main.TestCaseExecutor.runScript(TestCaseExecutor.java:448)
	at com.kms.katalon.core.main.TestCaseExecutor.doExecute(TestCaseExecutor.java:439)
	at com.kms.katalon.core.main.TestCaseExecutor.processExecutionPhase(TestCaseExecutor.java:418)
	at com.kms.katalon.core.main.TestCaseExecutor.accessMainPhase(TestCaseExecutor.java:410)
	at com.kms.katalon.core.main.TestCaseExecutor.execute(TestCaseExecutor.java:285)
	at com.kms.katalon.core.main.TestCaseMain.runTestCase(TestCaseMain.java:144)
	at com.kms.katalon.core.keyword.builtin.CallTestCaseKeyword$_callTestCase_closure1.doCall(CallTestCaseKeyword.groovy:59)
	... 36 more
Caused by: com.kms.katalon.core.exception.StepFailedException: Call Test Case 'Test Cases/T13 Pembelian, Shipment dan Pembayaran/PBY-004' failed
	at com.kms.katalon.core.keyword.builtin.CallTestCaseKeyword$_callTestCase_closure1.doCall(CallTestCaseKeyword.groovy:63)
	at com.kms.katalon.core.keyword.builtin.CallTestCaseKeyword$_callTestCase_closure1.call(CallTestCaseKeyword.groovy)
	at com.kms.katalon.core.keyword.internal.KeywordMain.runKeyword(KeywordMain.groovy:75)
	at com.kms.katalon.core.keyword.builtin.CallTestCaseKeyword.callTestCase(CallTestCaseKeyword.groovy:81)
	at com.kms.katalon.core.keyword.builtin.CallTestCaseKeyword.execute(CallTestCaseKeyword.groovy:44)
	at com.kms.katalon.core.keyword.internal.KeywordExecutor.executeKeywordForPlatform(KeywordExecutor.groovy:74)
	at com.kms.katalon.core.keyword.BuiltinKeywords.callTestCase(BuiltinKeywords.groovy:310)
	at PBYA-001.run(PBYA-001:20)
	at com.kms.katalon.core.main.ScriptEngine.run(ScriptEngine.java:194)
	at com.kms.katalon.core.main.ScriptEngine.runScriptAsRawText(ScriptEngine.java:119)
	at com.kms.katalon.core.main.TestCaseExecutor.runScript(TestCaseExecutor.java:448)
	at com.kms.katalon.core.main.TestCaseExecutor.doExecute(TestCaseExecutor.java:439)
	at com.kms.katalon.core.main.TestCaseExecutor.processExecutionPhase(TestCaseExecutor.java:418)
	at com.kms.katalon.core.main.TestCaseExecutor.accessMainPhase(TestCaseExecutor.java:410)
	at com.kms.katalon.core.main.TestCaseExecutor.execute(TestCaseExecutor.java:285)
	at com.kms.katalon.core.main.TestCaseMain.runTestCase(TestCaseMain.java:144)
	at com.kms.katalon.core.keyword.builtin.CallTestCaseKeyword$_callTestCase_closure1.doCall(CallTestCaseKeyword.groovy:59)
	... 52 more
Caused by: com.kms.katalon.core.exception.StepFailedException: Unable to click on object 'Object Repository/Konfirmasi pesanan shop/Konfirmasi Orders'
	at com.kms.katalon.core.webui.keyword.internal.WebUIKeywordMain.stepFailed(WebUIKeywordMain.groovy:64)
	at com.kms.katalon.core.webui.keyword.internal.WebUIKeywordMain.runKeyword(WebUIKeywordMain.groovy:26)
	at com.kms.katalon.core.webui.keyword.builtin.ClickKeyword.click(ClickKeyword.groovy:74)
	at com.kms.katalon.core.webui.keyword.builtin.ClickKeyword.execute(ClickKeyword.groovy:40)
	at com.kms.katalon.core.keyword.internal.KeywordExecutor.executeKeywordForPlatform(KeywordExecutor.groovy:74)
	at com.kms.katalon.core.webui.keyword.WebUiBuiltInKeywords.click(WebUiBuiltInKeywords.groovy:620)
	at com.kms.katalon.core.webui.keyword.WebUiBuiltInKeywords$click$2.call(Unknown Source)
	at PBY-004.run(PBY-004:33)
	at com.kms.katalon.core.main.ScriptEngine.run(ScriptEngine.java:194)
	at com.kms.katalon.core.main.ScriptEngine.runScriptAsRawText(ScriptEngine.java:119)
	at com.kms.katalon.core.main.TestCaseExecutor.runScript(TestCaseExecutor.java:448)
	at com.kms.katalon.core.main.TestCaseExecutor.doExecute(TestCaseExecutor.java:439)
	at com.kms.katalon.core.main.TestCaseExecutor.processExecutionPhase(TestCaseExecutor.java:418)
	at com.kms.katalon.core.main.TestCaseExecutor.accessMainPhase(TestCaseExecutor.java:410)
	at com.kms.katalon.core.main.TestCaseExecutor.execute(TestCaseExecutor.java:285)
	at com.kms.katalon.core.main.TestCaseMain.runTestCase(TestCaseMain.java:144)
	at com.kms.katalon.core.keyword.builtin.CallTestCaseKeyword$_callTestCase_closure1.doCall(CallTestCaseKeyword.groovy:59)
	... 68 more
Caused by: org.openqa.selenium.ElementNotInteractableException: element not interactable
  (Session info: MicrosoftEdge=117.0.2045.43)
Build info: version: '3.141.59', revision: 'e82be7d358', time: '2018-11-14T08:25:53'
System info: host: 'DESKTOP-H62FVJ8', ip: '10.9.2.18', os.name: 'Windows 10', os.arch: 'amd64', os.version: '10.0', java.version: '1.8.0_362'
Driver info: com.kms.katalon.selenium.driver.CEdgeDriver
Capabilities {acceptInsecureCerts: true, browserName: msedge, browserVersion: 117.0.2045.43, fedcm:accounts: true, javascriptEnabled: true, ms:edgeOptions: {debuggerAddress: localhost:63134}, msedge: {msedgedriverVersion: 117.0.2045.47 (b75fe6866687..., userDataDir: C:\Users\IRFAN\AppData\Loca...}, networkConnectionEnabled: false, pageLoadStrategy: normal, platform: WINDOWS, platformName: WINDOWS, proxy: Proxy(), setWindowRect: true, strictFileInteractability: false, timeouts: {implicit: 0, pageLoad: 300000, script: 30000}, unhandledPromptBehavior: dismiss and notify, webauthn:extension:credBlob: true, webauthn:extension:largeBlob: true, webauthn:extension:minPinLength: true, webauthn:extension:prf: true, webauthn:virtualAuthenticators: true}
Session ID: e683f878c54822fa814ef0f7d89d1a79
	at org.openqa.selenium.remote.http.W3CHttpResponseCodec.createException(W3CHttpResponseCodec.java:187)
	at org.openqa.selenium.remote.http.W3CHttpResponseCodec.decode(W3CHttpResponseCodec.java:122)
	at org.openqa.selenium.remote.http.W3CHttpResponseCodec.decode(W3CHttpResponseCodec.java:49)
	at org.openqa.selenium.remote.HttpCommandExecutor.execute(HttpCommandExecutor.java:158)
	at org.openqa.selenium.remote.service.DriverCommandExecutor.execute(DriverCommandExecutor.java:83)
	at org.openqa.selenium.remote.RemoteWebDriver.execute(RemoteWebDriver.java:552)
	at com.kms.katalon.selenium.driver.CEdgeDriver.execute(CEdgeDriver.java:20)
	at org.openqa.selenium.remote.RemoteWebElement.execute(RemoteWebElement.java:285)
	at org.openqa.selenium.remote.RemoteWebElement.click(RemoteWebElement.java:84)
	at org.openqa.selenium.support.events.EventFiringWebDriver$EventFiringWebElement.lambda$new$0(EventFiringWebDriver.java:404)
	at com.sun.proxy.$Proxy11.click(Unknown Source)
	at org.openqa.selenium.support.events.EventFiringWebDriver$EventFiringWebElement.click(EventFiringWebDriver.java:417)
	at org.openqa.selenium.WebElement$click.call(Unknown Source)
	at com.kms.katalon.core.webui.keyword.builtin.ClickKeyword.clickUntilSuccessWithTimeout(ClickKeyword.groovy:81)
	at com.kms.katalon.core.webui.keyword.builtin.ClickKeyword.clickUntilSuccessWithTimeout(ClickKeyword.groovy)
	at com.kms.katalon.core.webui.keyword.builtin.ClickKeyword$_click_closure1.doCall(ClickKeyword.groovy:67)
	at com.kms.katalon.core.webui.keyword.builtin.ClickKeyword$_click_closure1.call(ClickKeyword.groovy)
	at com.kms.katalon.core.webui.keyword.internal.WebUIKeywordMain.runKeyword(WebUIKeywordMain.groovy:20)
	... 83 more


2023-10-05 13:51:27 - [TEST_STEP][FAILED] - data = callTestCase(findTestCase("T13 Pembelian, Shipment dan Pembayaran/SA-002"), [:], STOP_ON_FAILURE): Unable to call Test Case 'Test Cases/T13 Pembelian, Shipment dan Pembayaran/SA-002' (Root cause: com.kms.katalon.core.exception.StepFailedException: Call Test Case 'Test Cases/T13 Pembelian, Shipment dan Pembayaran/SA-002' failed
	at com.kms.katalon.core.keyword.builtin.CallTestCaseKeyword$_callTestCase_closure1.doCall(CallTestCaseKeyword.groovy:63)
	at com.kms.katalon.core.keyword.builtin.CallTestCaseKeyword$_callTestCase_closure1.call(CallTestCaseKeyword.groovy)
	at com.kms.katalon.core.keyword.internal.KeywordMain.runKeyword(KeywordMain.groovy:75)
	at com.kms.katalon.core.keyword.builtin.CallTestCaseKeyword.callTestCase(CallTestCaseKeyword.groovy:81)
	at com.kms.katalon.core.keyword.builtin.CallTestCaseKeyword.execute(CallTestCaseKeyword.groovy:44)
	at com.kms.katalon.core.keyword.internal.KeywordExecutor.executeKeywordForPlatform(KeywordExecutor.groovy:74)
	at com.kms.katalon.core.keyword.BuiltinKeywords.callTestCase(BuiltinKeywords.groovy:310)
	at SA-009.run(SA-009:25)
	at com.kms.katalon.core.main.ScriptEngine.run(ScriptEngine.java:194)
	at com.kms.katalon.core.main.ScriptEngine.runScriptAsRawText(ScriptEngine.java:119)
	at com.kms.katalon.core.main.TestCaseExecutor.runScript(TestCaseExecutor.java:448)
	at com.kms.katalon.core.main.TestCaseExecutor.doExecute(TestCaseExecutor.java:439)
	at com.kms.katalon.core.main.TestCaseExecutor.processExecutionPhase(TestCaseExecutor.java:418)
	at com.kms.katalon.core.main.TestCaseExecutor.accessMainPhase(TestCaseExecutor.java:410)
	at com.kms.katalon.core.main.TestCaseExecutor.execute(TestCaseExecutor.java:285)
	at com.kms.katalon.core.common.CommonExecutor.accessTestCaseMainPhase(CommonExecutor.java:65)
	at com.kms.katalon.core.main.TestSuiteExecutor.accessTestSuiteMainPhase(TestSuiteExecutor.java:148)
	at com.kms.katalon.core.main.TestSuiteExecutor.execute(TestSuiteExecutor.java:106)
	at com.kms.katalon.core.main.TestCaseMain.startTestSuite(TestCaseMain.java:187)
	at com.kms.katalon.core.main.TestCaseMain$startTestSuite$0.call(Unknown Source)
	at TempTestSuite1696486556660.run(TempTestSuite1696486556660.groovy:36)
Caused by: com.kms.katalon.core.exception.StepFailedException: Call Test Case 'Test Cases/T13 Pembelian, Shipment dan Pembayaran/SA-001' failed
	at com.kms.katalon.core.keyword.builtin.CallTestCaseKeyword$_callTestCase_closure1.doCall(CallTestCaseKeyword.groovy:63)
	at com.kms.katalon.core.keyword.builtin.CallTestCaseKeyword$_callTestCase_closure1.call(CallTestCaseKeyword.groovy)
	at com.kms.katalon.core.keyword.internal.KeywordMain.runKeyword(KeywordMain.groovy:75)
	at com.kms.katalon.core.keyword.builtin.CallTestCaseKeyword.callTestCase(CallTestCaseKeyword.groovy:81)
	at com.kms.katalon.core.keyword.builtin.CallTestCaseKeyword.execute(CallTestCaseKeyword.groovy:44)
	at com.kms.katalon.core.keyword.internal.KeywordExecutor.executeKeywordForPlatform(KeywordExecutor.groovy:74)
	at com.kms.katalon.core.keyword.BuiltinKeywords.callTestCase(BuiltinKeywords.groovy:310)
	at SA-002.run(SA-002:20)
	at com.kms.katalon.core.main.ScriptEngine.run(ScriptEngine.java:194)
	at com.kms.katalon.core.main.ScriptEngine.runScriptAsRawText(ScriptEngine.java:119)
	at com.kms.katalon.core.main.TestCaseExecutor.runScript(TestCaseExecutor.java:448)
	at com.kms.katalon.core.main.TestCaseExecutor.doExecute(TestCaseExecutor.java:439)
	at com.kms.katalon.core.main.TestCaseExecutor.processExecutionPhase(TestCaseExecutor.java:418)
	at com.kms.katalon.core.main.TestCaseExecutor.accessMainPhase(TestCaseExecutor.java:410)
	at com.kms.katalon.core.main.TestCaseExecutor.execute(TestCaseExecutor.java:285)
	at com.kms.katalon.core.main.TestCaseMain.runTestCase(TestCaseMain.java:144)
	at com.kms.katalon.core.keyword.builtin.CallTestCaseKeyword$_callTestCase_closure1.doCall(CallTestCaseKeyword.groovy:59)
	... 20 more
Caused by: com.kms.katalon.core.exception.StepFailedException: Call Test Case 'Test Cases/T13 Pembelian, Shipment dan Pembayaran/PBYA-001' failed
	at com.kms.katalon.core.keyword.builtin.CallTestCaseKeyword$_callTestCase_closure1.doCall(CallTestCaseKeyword.groovy:63)
	at com.kms.katalon.core.keyword.builtin.CallTestCaseKeyword$_callTestCase_closure1.call(CallTestCaseKeyword.groovy)
	at com.kms.katalon.core.keyword.internal.KeywordMain.runKeyword(KeywordMain.groovy:75)
	at com.kms.katalon.core.keyword.builtin.CallTestCaseKeyword.callTestCase(CallTestCaseKeyword.groovy:81)
	at com.kms.katalon.core.keyword.builtin.CallTestCaseKeyword.execute(CallTestCaseKeyword.groovy:44)
	at com.kms.katalon.core.keyword.internal.KeywordExecutor.executeKeywordForPlatform(KeywordExecutor.groovy:74)
	at com.kms.katalon.core.keyword.BuiltinKeywords.callTestCase(BuiltinKeywords.groovy:310)
	at SA-001.run(SA-001:20)
	at com.kms.katalon.core.main.ScriptEngine.run(ScriptEngine.java:194)
	at com.kms.katalon.core.main.ScriptEngine.runScriptAsRawText(ScriptEngine.java:119)
	at com.kms.katalon.core.main.TestCaseExecutor.runScript(TestCaseExecutor.java:448)
	at com.kms.katalon.core.main.TestCaseExecutor.doExecute(TestCaseExecutor.java:439)
	at com.kms.katalon.core.main.TestCaseExecutor.processExecutionPhase(TestCaseExecutor.java:418)
	at com.kms.katalon.core.main.TestCaseExecutor.accessMainPhase(TestCaseExecutor.java:410)
	at com.kms.katalon.core.main.TestCaseExecutor.execute(TestCaseExecutor.java:285)
	at com.kms.katalon.core.main.TestCaseMain.runTestCase(TestCaseMain.java:144)
	at com.kms.katalon.core.keyword.builtin.CallTestCaseKeyword$_callTestCase_closure1.doCall(CallTestCaseKeyword.groovy:59)
	... 36 more
Caused by: com.kms.katalon.core.exception.StepFailedException: Call Test Case 'Test Cases/T13 Pembelian, Shipment dan Pembayaran/PBY-004' failed
	at com.kms.katalon.core.keyword.builtin.CallTestCaseKeyword$_callTestCase_closure1.doCall(CallTestCaseKeyword.groovy:63)
	at com.kms.katalon.core.keyword.builtin.CallTestCaseKeyword$_callTestCase_closure1.call(CallTestCaseKeyword.groovy)
	at com.kms.katalon.core.keyword.internal.KeywordMain.runKeyword(KeywordMain.groovy:75)
	at com.kms.katalon.core.keyword.builtin.CallTestCaseKeyword.callTestCase(CallTestCaseKeyword.groovy:81)
	at com.kms.katalon.core.keyword.builtin.CallTestCaseKeyword.execute(CallTestCaseKeyword.groovy:44)
	at com.kms.katalon.core.keyword.internal.KeywordExecutor.executeKeywordForPlatform(KeywordExecutor.groovy:74)
	at com.kms.katalon.core.keyword.BuiltinKeywords.callTestCase(BuiltinKeywords.groovy:310)
	at PBYA-001.run(PBYA-001:20)
	at com.kms.katalon.core.main.ScriptEngine.run(ScriptEngine.java:194)
	at com.kms.katalon.core.main.ScriptEngine.runScriptAsRawText(ScriptEngine.java:119)
	at com.kms.katalon.core.main.TestCaseExecutor.runScript(TestCaseExecutor.java:448)
	at com.kms.katalon.core.main.TestCaseExecutor.doExecute(TestCaseExecutor.java:439)
	at com.kms.katalon.core.main.TestCaseExecutor.processExecutionPhase(TestCaseExecutor.java:418)
	at com.kms.katalon.core.main.TestCaseExecutor.accessMainPhase(TestCaseExecutor.java:410)
	at com.kms.katalon.core.main.TestCaseExecutor.execute(TestCaseExecutor.java:285)
	at com.kms.katalon.core.main.TestCaseMain.runTestCase(TestCaseMain.java:144)
	at com.kms.katalon.core.keyword.builtin.CallTestCaseKeyword$_callTestCase_closure1.doCall(CallTestCaseKeyword.groovy:59)
	... 52 more
Caused by: com.kms.katalon.core.exception.StepFailedException: Unable to click on object 'Object Repository/Konfirmasi pesanan shop/Konfirmasi Orders'
	at com.kms.katalon.core.webui.keyword.internal.WebUIKeywordMain.stepFailed(WebUIKeywordMain.groovy:64)
	at com.kms.katalon.core.webui.keyword.internal.WebUIKeywordMain.runKeyword(WebUIKeywordMain.groovy:26)
	at com.kms.katalon.core.webui.keyword.builtin.ClickKeyword.click(ClickKeyword.groovy:74)
	at com.kms.katalon.core.webui.keyword.builtin.ClickKeyword.execute(ClickKeyword.groovy:40)
	at com.kms.katalon.core.keyword.internal.KeywordExecutor.executeKeywordForPlatform(KeywordExecutor.groovy:74)
	at com.kms.katalon.core.webui.keyword.WebUiBuiltInKeywords.click(WebUiBuiltInKeywords.groovy:620)
	at com.kms.katalon.core.webui.keyword.WebUiBuiltInKeywords$click$2.call(Unknown Source)
	at PBY-004.run(PBY-004:33)
	at com.kms.katalon.core.main.ScriptEngine.run(ScriptEngine.java:194)
	at com.kms.katalon.core.main.ScriptEngine.runScriptAsRawText(ScriptEngine.java:119)
	at com.kms.katalon.core.main.TestCaseExecutor.runScript(TestCaseExecutor.java:448)
	at com.kms.katalon.core.main.TestCaseExecutor.doExecute(TestCaseExecutor.java:439)
	at com.kms.katalon.core.main.TestCaseExecutor.processExecutionPhase(TestCaseExecutor.java:418)
	at com.kms.katalon.core.main.TestCaseExecutor.accessMainPhase(TestCaseExecutor.java:410)
	at com.kms.katalon.core.main.TestCaseExecutor.execute(TestCaseExecutor.java:285)
	at com.kms.katalon.core.main.TestCaseMain.runTestCase(TestCaseMain.java:144)
	at com.kms.katalon.core.keyword.builtin.CallTestCaseKeyword$_callTestCase_closure1.doCall(CallTestCaseKeyword.groovy:59)
	... 68 more
Caused by: org.openqa.selenium.ElementNotInteractableException: element not interactable
  (Session info: MicrosoftEdge=117.0.2045.43)
Build info: version: '3.141.59', revision: 'e82be7d358', time: '2018-11-14T08:25:53'
System info: host: 'DESKTOP-H62FVJ8', ip: '10.9.2.18', os.name: 'Windows 10', os.arch: 'amd64', os.version: '10.0', java.version: '1.8.0_362'
Driver info: com.kms.katalon.selenium.driver.CEdgeDriver
Capabilities {acceptInsecureCerts: true, browserName: msedge, browserVersion: 117.0.2045.43, fedcm:accounts: true, javascriptEnabled: true, ms:edgeOptions: {debuggerAddress: localhost:63134}, msedge: {msedgedriverVersion: 117.0.2045.47 (b75fe6866687..., userDataDir: C:\Users\IRFAN\AppData\Loca...}, networkConnectionEnabled: false, pageLoadStrategy: normal, platform: WINDOWS, platformName: WINDOWS, proxy: Proxy(), setWindowRect: true, strictFileInteractability: false, timeouts: {implicit: 0, pageLoad: 300000, script: 30000}, unhandledPromptBehavior: dismiss and notify, webauthn:extension:credBlob: true, webauthn:extension:largeBlob: true, webauthn:extension:minPinLength: true, webauthn:extension:prf: true, webauthn:virtualAuthenticators: true}
Session ID: e683f878c54822fa814ef0f7d89d1a79
	at org.openqa.selenium.remote.http.W3CHttpResponseCodec.createException(W3CHttpResponseCodec.java:187)
	at org.openqa.selenium.remote.http.W3CHttpResponseCodec.decode(W3CHttpResponseCodec.java:122)
	at org.openqa.selenium.remote.http.W3CHttpResponseCodec.decode(W3CHttpResponseCodec.java:49)
	at org.openqa.selenium.remote.HttpCommandExecutor.execute(HttpCommandExecutor.java:158)
	at org.openqa.selenium.remote.service.DriverCommandExecutor.execute(DriverCommandExecutor.java:83)
	at org.openqa.selenium.remote.RemoteWebDriver.execute(RemoteWebDriver.java:552)
	at com.kms.katalon.selenium.driver.CEdgeDriver.execute(CEdgeDriver.java:20)
	at org.openqa.selenium.remote.RemoteWebElement.execute(RemoteWebElement.java:285)
	at org.openqa.selenium.remote.RemoteWebElement.click(RemoteWebElement.java:84)
	at org.openqa.selenium.support.events.EventFiringWebDriver$EventFiringWebElement.lambda$new$0(EventFiringWebDriver.java:404)
	at com.sun.proxy.$Proxy11.click(Unknown Source)
	at org.openqa.selenium.support.events.EventFiringWebDriver$EventFiringWebElement.click(EventFiringWebDriver.java:417)
	at org.openqa.selenium.WebElement$click.call(Unknown Source)
	at com.kms.katalon.core.webui.keyword.builtin.ClickKeyword.clickUntilSuccessWithTimeout(ClickKeyword.groovy:81)
	at com.kms.katalon.core.webui.keyword.builtin.ClickKeyword.clickUntilSuccessWithTimeout(ClickKeyword.groovy)
	at com.kms.katalon.core.webui.keyword.builtin.ClickKeyword$_click_closure1.doCall(ClickKeyword.groovy:67)
	at com.kms.katalon.core.webui.keyword.builtin.ClickKeyword$_click_closure1.call(ClickKeyword.groovy)
	at com.kms.katalon.core.webui.keyword.internal.WebUIKeywordMain.runKeyword(WebUIKeywordMain.groovy:20)
	... 83 more
)

2023-10-05 13:51:27 - [TEST_CASE][FAILED] - Test Cases/T13 Pembelian, Shipment dan Pembayaran/SA-002: Test Cases/T13 Pembelian, Shipment dan Pembayaran/SA-002 FAILED.
Reason:
com.kms.katalon.core.exception.StepFailedException: Call Test Case 'Test Cases/T13 Pembelian, Shipment dan Pembayaran/SA-001' failed
	at com.kms.katalon.core.keyword.builtin.CallTestCaseKeyword$_callTestCase_closure1.doCall(CallTestCaseKeyword.groovy:63)
	at com.kms.katalon.core.keyword.builtin.CallTestCaseKeyword$_callTestCase_closure1.call(CallTestCaseKeyword.groovy)
	at com.kms.katalon.core.keyword.internal.KeywordMain.runKeyword(KeywordMain.groovy:75)
	at com.kms.katalon.core.keyword.builtin.CallTestCaseKeyword.callTestCase(CallTestCaseKeyword.groovy:81)
	at com.kms.katalon.core.keyword.builtin.CallTestCaseKeyword.execute(CallTestCaseKeyword.groovy:44)
	at com.kms.katalon.core.keyword.internal.KeywordExecutor.executeKeywordForPlatform(KeywordExecutor.groovy:74)
	at com.kms.katalon.core.keyword.BuiltinKeywords.callTestCase(BuiltinKeywords.groovy:310)
	at SA-002.run(SA-002:20)
	at com.kms.katalon.core.main.ScriptEngine.run(ScriptEngine.java:194)
	at com.kms.katalon.core.main.ScriptEngine.runScriptAsRawText(ScriptEngine.java:119)
	at com.kms.katalon.core.main.TestCaseExecutor.runScript(TestCaseExecutor.java:448)
	at com.kms.katalon.core.main.TestCaseExecutor.doExecute(TestCaseExecutor.java:439)
	at com.kms.katalon.core.main.TestCaseExecutor.processExecutionPhase(TestCaseExecutor.java:418)
	at com.kms.katalon.core.main.TestCaseExecutor.accessMainPhase(TestCaseExecutor.java:410)
	at com.kms.katalon.core.main.TestCaseExecutor.execute(TestCaseExecutor.java:285)
	at com.kms.katalon.core.main.TestCaseMain.runTestCase(TestCaseMain.java:144)
	at com.kms.katalon.core.keyword.builtin.CallTestCaseKeyword$_callTestCase_closure1.doCall(CallTestCaseKeyword.groovy:59)
	at com.kms.katalon.core.keyword.builtin.CallTestCaseKeyword$_callTestCase_closure1.call(CallTestCaseKeyword.groovy)
	at com.kms.katalon.core.keyword.internal.KeywordMain.runKeyword(KeywordMain.groovy:75)
	at com.kms.katalon.core.keyword.builtin.CallTestCaseKeyword.callTestCase(CallTestCaseKeyword.groovy:81)
	at com.kms.katalon.core.keyword.builtin.CallTestCaseKeyword.execute(CallTestCaseKeyword.groovy:44)
	at com.kms.katalon.core.keyword.internal.KeywordExecutor.executeKeywordForPlatform(KeywordExecutor.groovy:74)
	at com.kms.katalon.core.keyword.BuiltinKeywords.callTestCase(BuiltinKeywords.groovy:310)
	at SA-009.run(SA-009:25)
	at com.kms.katalon.core.main.ScriptEngine.run(ScriptEngine.java:194)
	at com.kms.katalon.core.main.ScriptEngine.runScriptAsRawText(ScriptEngine.java:119)
	at com.kms.katalon.core.main.TestCaseExecutor.runScript(TestCaseExecutor.java:448)
	at com.kms.katalon.core.main.TestCaseExecutor.doExecute(TestCaseExecutor.java:439)
	at com.kms.katalon.core.main.TestCaseExecutor.processExecutionPhase(TestCaseExecutor.java:418)
	at com.kms.katalon.core.main.TestCaseExecutor.accessMainPhase(TestCaseExecutor.java:410)
	at com.kms.katalon.core.main.TestCaseExecutor.execute(TestCaseExecutor.java:285)
	at com.kms.katalon.core.common.CommonExecutor.accessTestCaseMainPhase(CommonExecutor.java:65)
	at com.kms.katalon.core.main.TestSuiteExecutor.accessTestSuiteMainPhase(TestSuiteExecutor.java:148)
	at com.kms.katalon.core.main.TestSuiteExecutor.execute(TestSuiteExecutor.java:106)
	at com.kms.katalon.core.main.TestCaseMain.startTestSuite(TestCaseMain.java:187)
	at com.kms.katalon.core.main.TestCaseMain$startTestSuite$0.call(Unknown Source)
	at TempTestSuite1696486556660.run(TempTestSuite1696486556660.groovy:36)
Caused by: com.kms.katalon.core.exception.StepFailedException: Call Test Case 'Test Cases/T13 Pembelian, Shipment dan Pembayaran/PBYA-001' failed
	at com.kms.katalon.core.keyword.builtin.CallTestCaseKeyword$_callTestCase_closure1.doCall(CallTestCaseKeyword.groovy:63)
	at com.kms.katalon.core.keyword.builtin.CallTestCaseKeyword$_callTestCase_closure1.call(CallTestCaseKeyword.groovy)
	at com.kms.katalon.core.keyword.internal.KeywordMain.runKeyword(KeywordMain.groovy:75)
	at com.kms.katalon.core.keyword.builtin.CallTestCaseKeyword.callTestCase(CallTestCaseKeyword.groovy:81)
	at com.kms.katalon.core.keyword.builtin.CallTestCaseKeyword.execute(CallTestCaseKeyword.groovy:44)
	at com.kms.katalon.core.keyword.internal.KeywordExecutor.executeKeywordForPlatform(KeywordExecutor.groovy:74)
	at com.kms.katalon.core.keyword.BuiltinKeywords.callTestCase(BuiltinKeywords.groovy:310)
	at SA-001.run(SA-001:20)
	at com.kms.katalon.core.main.ScriptEngine.run(ScriptEngine.java:194)
	at com.kms.katalon.core.main.ScriptEngine.runScriptAsRawText(ScriptEngine.java:119)
	at com.kms.katalon.core.main.TestCaseExecutor.runScript(TestCaseExecutor.java:448)
	at com.kms.katalon.core.main.TestCaseExecutor.doExecute(TestCaseExecutor.java:439)
	at com.kms.katalon.core.main.TestCaseExecutor.processExecutionPhase(TestCaseExecutor.java:418)
	at com.kms.katalon.core.main.TestCaseExecutor.accessMainPhase(TestCaseExecutor.java:410)
	at com.kms.katalon.core.main.TestCaseExecutor.execute(TestCaseExecutor.java:285)
	at com.kms.katalon.core.main.TestCaseMain.runTestCase(TestCaseMain.java:144)
	at com.kms.katalon.core.keyword.builtin.CallTestCaseKeyword$_callTestCase_closure1.doCall(CallTestCaseKeyword.groovy:59)
	... 36 more
Caused by: com.kms.katalon.core.exception.StepFailedException: Call Test Case 'Test Cases/T13 Pembelian, Shipment dan Pembayaran/PBY-004' failed
	at com.kms.katalon.core.keyword.builtin.CallTestCaseKeyword$_callTestCase_closure1.doCall(CallTestCaseKeyword.groovy:63)
	at com.kms.katalon.core.keyword.builtin.CallTestCaseKeyword$_callTestCase_closure1.call(CallTestCaseKeyword.groovy)
	at com.kms.katalon.core.keyword.internal.KeywordMain.runKeyword(KeywordMain.groovy:75)
	at com.kms.katalon.core.keyword.builtin.CallTestCaseKeyword.callTestCase(CallTestCaseKeyword.groovy:81)
	at com.kms.katalon.core.keyword.builtin.CallTestCaseKeyword.execute(CallTestCaseKeyword.groovy:44)
	at com.kms.katalon.core.keyword.internal.KeywordExecutor.executeKeywordForPlatform(KeywordExecutor.groovy:74)
	at com.kms.katalon.core.keyword.BuiltinKeywords.callTestCase(BuiltinKeywords.groovy:310)
	at PBYA-001.run(PBYA-001:20)
	at com.kms.katalon.core.main.ScriptEngine.run(ScriptEngine.java:194)
	at com.kms.katalon.core.main.ScriptEngine.runScriptAsRawText(ScriptEngine.java:119)
	at com.kms.katalon.core.main.TestCaseExecutor.runScript(TestCaseExecutor.java:448)
	at com.kms.katalon.core.main.TestCaseExecutor.doExecute(TestCaseExecutor.java:439)
	at com.kms.katalon.core.main.TestCaseExecutor.processExecutionPhase(TestCaseExecutor.java:418)
	at com.kms.katalon.core.main.TestCaseExecutor.accessMainPhase(TestCaseExecutor.java:410)
	at com.kms.katalon.core.main.TestCaseExecutor.execute(TestCaseExecutor.java:285)
	at com.kms.katalon.core.main.TestCaseMain.runTestCase(TestCaseMain.java:144)
	at com.kms.katalon.core.keyword.builtin.CallTestCaseKeyword$_callTestCase_closure1.doCall(CallTestCaseKeyword.groovy:59)
	... 52 more
Caused by: com.kms.katalon.core.exception.StepFailedException: Unable to click on object 'Object Repository/Konfirmasi pesanan shop/Konfirmasi Orders'
	at com.kms.katalon.core.webui.keyword.internal.WebUIKeywordMain.stepFailed(WebUIKeywordMain.groovy:64)
	at com.kms.katalon.core.webui.keyword.internal.WebUIKeywordMain.runKeyword(WebUIKeywordMain.groovy:26)
	at com.kms.katalon.core.webui.keyword.builtin.ClickKeyword.click(ClickKeyword.groovy:74)
	at com.kms.katalon.core.webui.keyword.builtin.ClickKeyword.execute(ClickKeyword.groovy:40)
	at com.kms.katalon.core.keyword.internal.KeywordExecutor.executeKeywordForPlatform(KeywordExecutor.groovy:74)
	at com.kms.katalon.core.webui.keyword.WebUiBuiltInKeywords.click(WebUiBuiltInKeywords.groovy:620)
	at com.kms.katalon.core.webui.keyword.WebUiBuiltInKeywords$click$2.call(Unknown Source)
	at PBY-004.run(PBY-004:33)
	at com.kms.katalon.core.main.ScriptEngine.run(ScriptEngine.java:194)
	at com.kms.katalon.core.main.ScriptEngine.runScriptAsRawText(ScriptEngine.java:119)
	at com.kms.katalon.core.main.TestCaseExecutor.runScript(TestCaseExecutor.java:448)
	at com.kms.katalon.core.main.TestCaseExecutor.doExecute(TestCaseExecutor.java:439)
	at com.kms.katalon.core.main.TestCaseExecutor.processExecutionPhase(TestCaseExecutor.java:418)
	at com.kms.katalon.core.main.TestCaseExecutor.accessMainPhase(TestCaseExecutor.java:410)
	at com.kms.katalon.core.main.TestCaseExecutor.execute(TestCaseExecutor.java:285)
	at com.kms.katalon.core.main.TestCaseMain.runTestCase(TestCaseMain.java:144)
	at com.kms.katalon.core.keyword.builtin.CallTestCaseKeyword$_callTestCase_closure1.doCall(CallTestCaseKeyword.groovy:59)
	... 68 more
Caused by: org.openqa.selenium.ElementNotInteractableException: element not interactable
  (Session info: MicrosoftEdge=117.0.2045.43)
Build info: version: '3.141.59', revision: 'e82be7d358', time: '2018-11-14T08:25:53'
System info: host: 'DESKTOP-H62FVJ8', ip: '10.9.2.18', os.name: 'Windows 10', os.arch: 'amd64', os.version: '10.0', java.version: '1.8.0_362'
Driver info: com.kms.katalon.selenium.driver.CEdgeDriver
Capabilities {acceptInsecureCerts: true, browserName: msedge, browserVersion: 117.0.2045.43, fedcm:accounts: true, javascriptEnabled: true, ms:edgeOptions: {debuggerAddress: localhost:63134}, msedge: {msedgedriverVersion: 117.0.2045.47 (b75fe6866687..., userDataDir: C:\Users\IRFAN\AppData\Loca...}, networkConnectionEnabled: false, pageLoadStrategy: normal, platform: WINDOWS, platformName: WINDOWS, proxy: Proxy(), setWindowRect: true, strictFileInteractability: false, timeouts: {implicit: 0, pageLoad: 300000, script: 30000}, unhandledPromptBehavior: dismiss and notify, webauthn:extension:credBlob: true, webauthn:extension:largeBlob: true, webauthn:extension:minPinLength: true, webauthn:extension:prf: true, webauthn:virtualAuthenticators: true}
Session ID: e683f878c54822fa814ef0f7d89d1a79
	at org.openqa.selenium.remote.http.W3CHttpResponseCodec.createException(W3CHttpResponseCodec.java:187)
	at org.openqa.selenium.remote.http.W3CHttpResponseCodec.decode(W3CHttpResponseCodec.java:122)
	at org.openqa.selenium.remote.http.W3CHttpResponseCodec.decode(W3CHttpResponseCodec.java:49)
	at org.openqa.selenium.remote.HttpCommandExecutor.execute(HttpCommandExecutor.java:158)
	at org.openqa.selenium.remote.service.DriverCommandExecutor.execute(DriverCommandExecutor.java:83)
	at org.openqa.selenium.remote.RemoteWebDriver.execute(RemoteWebDriver.java:552)
	at com.kms.katalon.selenium.driver.CEdgeDriver.execute(CEdgeDriver.java:20)
	at org.openqa.selenium.remote.RemoteWebElement.execute(RemoteWebElement.java:285)
	at org.openqa.selenium.remote.RemoteWebElement.click(RemoteWebElement.java:84)
	at org.openqa.selenium.support.events.EventFiringWebDriver$EventFiringWebElement.lambda$new$0(EventFiringWebDriver.java:404)
	at com.sun.proxy.$Proxy11.click(Unknown Source)
	at org.openqa.selenium.support.events.EventFiringWebDriver$EventFiringWebElement.click(EventFiringWebDriver.java:417)
	at org.openqa.selenium.WebElement$click.call(Unknown Source)
	at com.kms.katalon.core.webui.keyword.builtin.ClickKeyword.clickUntilSuccessWithTimeout(ClickKeyword.groovy:81)
	at com.kms.katalon.core.webui.keyword.builtin.ClickKeyword.clickUntilSuccessWithTimeout(ClickKeyword.groovy)
	at com.kms.katalon.core.webui.keyword.builtin.ClickKeyword$_click_closure1.doCall(ClickKeyword.groovy:67)
	at com.kms.katalon.core.webui.keyword.builtin.ClickKeyword$_click_closure1.call(ClickKeyword.groovy)
	at com.kms.katalon.core.webui.keyword.internal.WebUIKeywordMain.runKeyword(WebUIKeywordMain.groovy:20)
	... 83 more


2023-10-05 13:51:27 - [TEST_STEP][FAILED] - data = callTestCase(findTestCase("T13 Pembelian, Shipment dan Pembayaran/SA-001"), [:], STOP_ON_FAILURE): Unable to call Test Case 'Test Cases/T13 Pembelian, Shipment dan Pembayaran/SA-001' (Root cause: com.kms.katalon.core.exception.StepFailedException: Call Test Case 'Test Cases/T13 Pembelian, Shipment dan Pembayaran/SA-001' failed
	at com.kms.katalon.core.keyword.builtin.CallTestCaseKeyword$_callTestCase_closure1.doCall(CallTestCaseKeyword.groovy:63)
	at com.kms.katalon.core.keyword.builtin.CallTestCaseKeyword$_callTestCase_closure1.call(CallTestCaseKeyword.groovy)
	at com.kms.katalon.core.keyword.internal.KeywordMain.runKeyword(KeywordMain.groovy:75)
	at com.kms.katalon.core.keyword.builtin.CallTestCaseKeyword.callTestCase(CallTestCaseKeyword.groovy:81)
	at com.kms.katalon.core.keyword.builtin.CallTestCaseKeyword.execute(CallTestCaseKeyword.groovy:44)
	at com.kms.katalon.core.keyword.internal.KeywordExecutor.executeKeywordForPlatform(KeywordExecutor.groovy:74)
	at com.kms.katalon.core.keyword.BuiltinKeywords.callTestCase(BuiltinKeywords.groovy:310)
	at SA-002.run(SA-002:20)
	at com.kms.katalon.core.main.ScriptEngine.run(ScriptEngine.java:194)
	at com.kms.katalon.core.main.ScriptEngine.runScriptAsRawText(ScriptEngine.java:119)
	at com.kms.katalon.core.main.TestCaseExecutor.runScript(TestCaseExecutor.java:448)
	at com.kms.katalon.core.main.TestCaseExecutor.doExecute(TestCaseExecutor.java:439)
	at com.kms.katalon.core.main.TestCaseExecutor.processExecutionPhase(TestCaseExecutor.java:418)
	at com.kms.katalon.core.main.TestCaseExecutor.accessMainPhase(TestCaseExecutor.java:410)
	at com.kms.katalon.core.main.TestCaseExecutor.execute(TestCaseExecutor.java:285)
	at com.kms.katalon.core.main.TestCaseMain.runTestCase(TestCaseMain.java:144)
	at com.kms.katalon.core.keyword.builtin.CallTestCaseKeyword$_callTestCase_closure1.doCall(CallTestCaseKeyword.groovy:59)
	at com.kms.katalon.core.keyword.builtin.CallTestCaseKeyword$_callTestCase_closure1.call(CallTestCaseKeyword.groovy)
	at com.kms.katalon.core.keyword.internal.KeywordMain.runKeyword(KeywordMain.groovy:75)
	at com.kms.katalon.core.keyword.builtin.CallTestCaseKeyword.callTestCase(CallTestCaseKeyword.groovy:81)
	at com.kms.katalon.core.keyword.builtin.CallTestCaseKeyword.execute(CallTestCaseKeyword.groovy:44)
	at com.kms.katalon.core.keyword.internal.KeywordExecutor.executeKeywordForPlatform(KeywordExecutor.groovy:74)
	at com.kms.katalon.core.keyword.BuiltinKeywords.callTestCase(BuiltinKeywords.groovy:310)
	at SA-009.run(SA-009:25)
	at com.kms.katalon.core.main.ScriptEngine.run(ScriptEngine.java:194)
	at com.kms.katalon.core.main.ScriptEngine.runScriptAsRawText(ScriptEngine.java:119)
	at com.kms.katalon.core.main.TestCaseExecutor.runScript(TestCaseExecutor.java:448)
	at com.kms.katalon.core.main.TestCaseExecutor.doExecute(TestCaseExecutor.java:439)
	at com.kms.katalon.core.main.TestCaseExecutor.processExecutionPhase(TestCaseExecutor.java:418)
	at com.kms.katalon.core.main.TestCaseExecutor.accessMainPhase(TestCaseExecutor.java:410)
	at com.kms.katalon.core.main.TestCaseExecutor.execute(TestCaseExecutor.java:285)
	at com.kms.katalon.core.common.CommonExecutor.accessTestCaseMainPhase(CommonExecutor.java:65)
	at com.kms.katalon.core.main.TestSuiteExecutor.accessTestSuiteMainPhase(TestSuiteExecutor.java:148)
	at com.kms.katalon.core.main.TestSuiteExecutor.execute(TestSuiteExecutor.java:106)
	at com.kms.katalon.core.main.TestCaseMain.startTestSuite(TestCaseMain.java:187)
	at com.kms.katalon.core.main.TestCaseMain$startTestSuite$0.call(Unknown Source)
	at TempTestSuite1696486556660.run(TempTestSuite1696486556660.groovy:36)
Caused by: com.kms.katalon.core.exception.StepFailedException: Call Test Case 'Test Cases/T13 Pembelian, Shipment dan Pembayaran/PBYA-001' failed
	at com.kms.katalon.core.keyword.builtin.CallTestCaseKeyword$_callTestCase_closure1.doCall(CallTestCaseKeyword.groovy:63)
	at com.kms.katalon.core.keyword.builtin.CallTestCaseKeyword$_callTestCase_closure1.call(CallTestCaseKeyword.groovy)
	at com.kms.katalon.core.keyword.internal.KeywordMain.runKeyword(KeywordMain.groovy:75)
	at com.kms.katalon.core.keyword.builtin.CallTestCaseKeyword.callTestCase(CallTestCaseKeyword.groovy:81)
	at com.kms.katalon.core.keyword.builtin.CallTestCaseKeyword.execute(CallTestCaseKeyword.groovy:44)
	at com.kms.katalon.core.keyword.internal.KeywordExecutor.executeKeywordForPlatform(KeywordExecutor.groovy:74)
	at com.kms.katalon.core.keyword.BuiltinKeywords.callTestCase(BuiltinKeywords.groovy:310)
	at SA-001.run(SA-001:20)
	at com.kms.katalon.core.main.ScriptEngine.run(ScriptEngine.java:194)
	at com.kms.katalon.core.main.ScriptEngine.runScriptAsRawText(ScriptEngine.java:119)
	at com.kms.katalon.core.main.TestCaseExecutor.runScript(TestCaseExecutor.java:448)
	at com.kms.katalon.core.main.TestCaseExecutor.doExecute(TestCaseExecutor.java:439)
	at com.kms.katalon.core.main.TestCaseExecutor.processExecutionPhase(TestCaseExecutor.java:418)
	at com.kms.katalon.core.main.TestCaseExecutor.accessMainPhase(TestCaseExecutor.java:410)
	at com.kms.katalon.core.main.TestCaseExecutor.execute(TestCaseExecutor.java:285)
	at com.kms.katalon.core.main.TestCaseMain.runTestCase(TestCaseMain.java:144)
	at com.kms.katalon.core.keyword.builtin.CallTestCaseKeyword$_callTestCase_closure1.doCall(CallTestCaseKeyword.groovy:59)
	... 36 more
Caused by: com.kms.katalon.core.exception.StepFailedException: Call Test Case 'Test Cases/T13 Pembelian, Shipment dan Pembayaran/PBY-004' failed
	at com.kms.katalon.core.keyword.builtin.CallTestCaseKeyword$_callTestCase_closure1.doCall(CallTestCaseKeyword.groovy:63)
	at com.kms.katalon.core.keyword.builtin.CallTestCaseKeyword$_callTestCase_closure1.call(CallTestCaseKeyword.groovy)
	at com.kms.katalon.core.keyword.internal.KeywordMain.runKeyword(KeywordMain.groovy:75)
	at com.kms.katalon.core.keyword.builtin.CallTestCaseKeyword.callTestCase(CallTestCaseKeyword.groovy:81)
	at com.kms.katalon.core.keyword.builtin.CallTestCaseKeyword.execute(CallTestCaseKeyword.groovy:44)
	at com.kms.katalon.core.keyword.internal.KeywordExecutor.executeKeywordForPlatform(KeywordExecutor.groovy:74)
	at com.kms.katalon.core.keyword.BuiltinKeywords.callTestCase(BuiltinKeywords.groovy:310)
	at PBYA-001.run(PBYA-001:20)
	at com.kms.katalon.core.main.ScriptEngine.run(ScriptEngine.java:194)
	at com.kms.katalon.core.main.ScriptEngine.runScriptAsRawText(ScriptEngine.java:119)
	at com.kms.katalon.core.main.TestCaseExecutor.runScript(TestCaseExecutor.java:448)
	at com.kms.katalon.core.main.TestCaseExecutor.doExecute(TestCaseExecutor.java:439)
	at com.kms.katalon.core.main.TestCaseExecutor.processExecutionPhase(TestCaseExecutor.java:418)
	at com.kms.katalon.core.main.TestCaseExecutor.accessMainPhase(TestCaseExecutor.java:410)
	at com.kms.katalon.core.main.TestCaseExecutor.execute(TestCaseExecutor.java:285)
	at com.kms.katalon.core.main.TestCaseMain.runTestCase(TestCaseMain.java:144)
	at com.kms.katalon.core.keyword.builtin.CallTestCaseKeyword$_callTestCase_closure1.doCall(CallTestCaseKeyword.groovy:59)
	... 52 more
Caused by: com.kms.katalon.core.exception.StepFailedException: Unable to click on object 'Object Repository/Konfirmasi pesanan shop/Konfirmasi Orders'
	at com.kms.katalon.core.webui.keyword.internal.WebUIKeywordMain.stepFailed(WebUIKeywordMain.groovy:64)
	at com.kms.katalon.core.webui.keyword.internal.WebUIKeywordMain.runKeyword(WebUIKeywordMain.groovy:26)
	at com.kms.katalon.core.webui.keyword.builtin.ClickKeyword.click(ClickKeyword.groovy:74)
	at com.kms.katalon.core.webui.keyword.builtin.ClickKeyword.execute(ClickKeyword.groovy:40)
	at com.kms.katalon.core.keyword.internal.KeywordExecutor.executeKeywordForPlatform(KeywordExecutor.groovy:74)
	at com.kms.katalon.core.webui.keyword.WebUiBuiltInKeywords.click(WebUiBuiltInKeywords.groovy:620)
	at com.kms.katalon.core.webui.keyword.WebUiBuiltInKeywords$click$2.call(Unknown Source)
	at PBY-004.run(PBY-004:33)
	at com.kms.katalon.core.main.ScriptEngine.run(ScriptEngine.java:194)
	at com.kms.katalon.core.main.ScriptEngine.runScriptAsRawText(ScriptEngine.java:119)
	at com.kms.katalon.core.main.TestCaseExecutor.runScript(TestCaseExecutor.java:448)
	at com.kms.katalon.core.main.TestCaseExecutor.doExecute(TestCaseExecutor.java:439)
	at com.kms.katalon.core.main.TestCaseExecutor.processExecutionPhase(TestCaseExecutor.java:418)
	at com.kms.katalon.core.main.TestCaseExecutor.accessMainPhase(TestCaseExecutor.java:410)
	at com.kms.katalon.core.main.TestCaseExecutor.execute(TestCaseExecutor.java:285)
	at com.kms.katalon.core.main.TestCaseMain.runTestCase(TestCaseMain.java:144)
	at com.kms.katalon.core.keyword.builtin.CallTestCaseKeyword$_callTestCase_closure1.doCall(CallTestCaseKeyword.groovy:59)
	... 68 more
Caused by: org.openqa.selenium.ElementNotInteractableException: element not interactable
  (Session info: MicrosoftEdge=117.0.2045.43)
Build info: version: '3.141.59', revision: 'e82be7d358', time: '2018-11-14T08:25:53'
System info: host: 'DESKTOP-H62FVJ8', ip: '10.9.2.18', os.name: 'Windows 10', os.arch: 'amd64', os.version: '10.0', java.version: '1.8.0_362'
Driver info: com.kms.katalon.selenium.driver.CEdgeDriver
Capabilities {acceptInsecureCerts: true, browserName: msedge, browserVersion: 117.0.2045.43, fedcm:accounts: true, javascriptEnabled: true, ms:edgeOptions: {debuggerAddress: localhost:63134}, msedge: {msedgedriverVersion: 117.0.2045.47 (b75fe6866687..., userDataDir: C:\Users\IRFAN\AppData\Loca...}, networkConnectionEnabled: false, pageLoadStrategy: normal, platform: WINDOWS, platformName: WINDOWS, proxy: Proxy(), setWindowRect: true, strictFileInteractability: false, timeouts: {implicit: 0, pageLoad: 300000, script: 30000}, unhandledPromptBehavior: dismiss and notify, webauthn:extension:credBlob: true, webauthn:extension:largeBlob: true, webauthn:extension:minPinLength: true, webauthn:extension:prf: true, webauthn:virtualAuthenticators: true}
Session ID: e683f878c54822fa814ef0f7d89d1a79
	at org.openqa.selenium.remote.http.W3CHttpResponseCodec.createException(W3CHttpResponseCodec.java:187)
	at org.openqa.selenium.remote.http.W3CHttpResponseCodec.decode(W3CHttpResponseCodec.java:122)
	at org.openqa.selenium.remote.http.W3CHttpResponseCodec.decode(W3CHttpResponseCodec.java:49)
	at org.openqa.selenium.remote.HttpCommandExecutor.execute(HttpCommandExecutor.java:158)
	at org.openqa.selenium.remote.service.DriverCommandExecutor.execute(DriverCommandExecutor.java:83)
	at org.openqa.selenium.remote.RemoteWebDriver.execute(RemoteWebDriver.java:552)
	at com.kms.katalon.selenium.driver.CEdgeDriver.execute(CEdgeDriver.java:20)
	at org.openqa.selenium.remote.RemoteWebElement.execute(RemoteWebElement.java:285)
	at org.openqa.selenium.remote.RemoteWebElement.click(RemoteWebElement.java:84)
	at org.openqa.selenium.support.events.EventFiringWebDriver$EventFiringWebElement.lambda$new$0(EventFiringWebDriver.java:404)
	at com.sun.proxy.$Proxy11.click(Unknown Source)
	at org.openqa.selenium.support.events.EventFiringWebDriver$EventFiringWebElement.click(EventFiringWebDriver.java:417)
	at org.openqa.selenium.WebElement$click.call(Unknown Source)
	at com.kms.katalon.core.webui.keyword.builtin.ClickKeyword.clickUntilSuccessWithTimeout(ClickKeyword.groovy:81)
	at com.kms.katalon.core.webui.keyword.builtin.ClickKeyword.clickUntilSuccessWithTimeout(ClickKeyword.groovy)
	at com.kms.katalon.core.webui.keyword.builtin.ClickKeyword$_click_closure1.doCall(ClickKeyword.groovy:67)
	at com.kms.katalon.core.webui.keyword.builtin.ClickKeyword$_click_closure1.call(ClickKeyword.groovy)
	at com.kms.katalon.core.webui.keyword.internal.WebUIKeywordMain.runKeyword(WebUIKeywordMain.groovy:20)
	... 83 more
)

2023-10-05 13:51:27 - [TEST_CASE][FAILED] - Test Cases/T13 Pembelian, Shipment dan Pembayaran/SA-001: Test Cases/T13 Pembelian, Shipment dan Pembayaran/SA-001 FAILED.
Reason:
com.kms.katalon.core.exception.StepFailedException: Call Test Case 'Test Cases/T13 Pembelian, Shipment dan Pembayaran/PBYA-001' failed
	at com.kms.katalon.core.keyword.builtin.CallTestCaseKeyword$_callTestCase_closure1.doCall(CallTestCaseKeyword.groovy:63)
	at com.kms.katalon.core.keyword.builtin.CallTestCaseKeyword$_callTestCase_closure1.call(CallTestCaseKeyword.groovy)
	at com.kms.katalon.core.keyword.internal.KeywordMain.runKeyword(KeywordMain.groovy:75)
	at com.kms.katalon.core.keyword.builtin.CallTestCaseKeyword.callTestCase(CallTestCaseKeyword.groovy:81)
	at com.kms.katalon.core.keyword.builtin.CallTestCaseKeyword.execute(CallTestCaseKeyword.groovy:44)
	at com.kms.katalon.core.keyword.internal.KeywordExecutor.executeKeywordForPlatform(KeywordExecutor.groovy:74)
	at com.kms.katalon.core.keyword.BuiltinKeywords.callTestCase(BuiltinKeywords.groovy:310)
	at SA-001.run(SA-001:20)
	at com.kms.katalon.core.main.ScriptEngine.run(ScriptEngine.java:194)
	at com.kms.katalon.core.main.ScriptEngine.runScriptAsRawText(ScriptEngine.java:119)
	at com.kms.katalon.core.main.TestCaseExecutor.runScript(TestCaseExecutor.java:448)
	at com.kms.katalon.core.main.TestCaseExecutor.doExecute(TestCaseExecutor.java:439)
	at com.kms.katalon.core.main.TestCaseExecutor.processExecutionPhase(TestCaseExecutor.java:418)
	at com.kms.katalon.core.main.TestCaseExecutor.accessMainPhase(TestCaseExecutor.java:410)
	at com.kms.katalon.core.main.TestCaseExecutor.execute(TestCaseExecutor.java:285)
	at com.kms.katalon.core.main.TestCaseMain.runTestCase(TestCaseMain.java:144)
	at com.kms.katalon.core.keyword.builtin.CallTestCaseKeyword$_callTestCase_closure1.doCall(CallTestCaseKeyword.groovy:59)
	at com.kms.katalon.core.keyword.builtin.CallTestCaseKeyword$_callTestCase_closure1.call(CallTestCaseKeyword.groovy)
	at com.kms.katalon.core.keyword.internal.KeywordMain.runKeyword(KeywordMain.groovy:75)
	at com.kms.katalon.core.keyword.builtin.CallTestCaseKeyword.callTestCase(CallTestCaseKeyword.groovy:81)
	at com.kms.katalon.core.keyword.builtin.CallTestCaseKeyword.execute(CallTestCaseKeyword.groovy:44)
	at com.kms.katalon.core.keyword.internal.KeywordExecutor.executeKeywordForPlatform(KeywordExecutor.groovy:74)
	at com.kms.katalon.core.keyword.BuiltinKeywords.callTestCase(BuiltinKeywords.groovy:310)
	at SA-002.run(SA-002:20)
	at com.kms.katalon.core.main.ScriptEngine.run(ScriptEngine.java:194)
	at com.kms.katalon.core.main.ScriptEngine.runScriptAsRawText(ScriptEngine.java:119)
	at com.kms.katalon.core.main.TestCaseExecutor.runScript(TestCaseExecutor.java:448)
	at com.kms.katalon.core.main.TestCaseExecutor.doExecute(TestCaseExecutor.java:439)
	at com.kms.katalon.core.main.TestCaseExecutor.processExecutionPhase(TestCaseExecutor.java:418)
	at com.kms.katalon.core.main.TestCaseExecutor.accessMainPhase(TestCaseExecutor.java:410)
	at com.kms.katalon.core.main.TestCaseExecutor.execute(TestCaseExecutor.java:285)
	at com.kms.katalon.core.main.TestCaseMain.runTestCase(TestCaseMain.java:144)
	at com.kms.katalon.core.keyword.builtin.CallTestCaseKeyword$_callTestCase_closure1.doCall(CallTestCaseKeyword.groovy:59)
	at com.kms.katalon.core.keyword.builtin.CallTestCaseKeyword$_callTestCase_closure1.call(CallTestCaseKeyword.groovy)
	at com.kms.katalon.core.keyword.internal.KeywordMain.runKeyword(KeywordMain.groovy:75)
	at com.kms.katalon.core.keyword.builtin.CallTestCaseKeyword.callTestCase(CallTestCaseKeyword.groovy:81)
	at com.kms.katalon.core.keyword.builtin.CallTestCaseKeyword.execute(CallTestCaseKeyword.groovy:44)
	at com.kms.katalon.core.keyword.internal.KeywordExecutor.executeKeywordForPlatform(KeywordExecutor.groovy:74)
	at com.kms.katalon.core.keyword.BuiltinKeywords.callTestCase(BuiltinKeywords.groovy:310)
	at SA-009.run(SA-009:25)
	at com.kms.katalon.core.main.ScriptEngine.run(ScriptEngine.java:194)
	at com.kms.katalon.core.main.ScriptEngine.runScriptAsRawText(ScriptEngine.java:119)
	at com.kms.katalon.core.main.TestCaseExecutor.runScript(TestCaseExecutor.java:448)
	at com.kms.katalon.core.main.TestCaseExecutor.doExecute(TestCaseExecutor.java:439)
	at com.kms.katalon.core.main.TestCaseExecutor.processExecutionPhase(TestCaseExecutor.java:418)
	at com.kms.katalon.core.main.TestCaseExecutor.accessMainPhase(TestCaseExecutor.java:410)
	at com.kms.katalon.core.main.TestCaseExecutor.execute(TestCaseExecutor.java:285)
	at com.kms.katalon.core.common.CommonExecutor.accessTestCaseMainPhase(CommonExecutor.java:65)
	at com.kms.katalon.core.main.TestSuiteExecutor.accessTestSuiteMainPhase(TestSuiteExecutor.java:148)
	at com.kms.katalon.core.main.TestSuiteExecutor.execute(TestSuiteExecutor.java:106)
	at com.kms.katalon.core.main.TestCaseMain.startTestSuite(TestCaseMain.java:187)
	at com.kms.katalon.core.main.TestCaseMain$startTestSuite$0.call(Unknown Source)
	at TempTestSuite1696486556660.run(TempTestSuite1696486556660.groovy:36)
Caused by: com.kms.katalon.core.exception.StepFailedException: Call Test Case 'Test Cases/T13 Pembelian, Shipment dan Pembayaran/PBY-004' failed
	at com.kms.katalon.core.keyword.builtin.CallTestCaseKeyword$_callTestCase_closure1.doCall(CallTestCaseKeyword.groovy:63)
	at com.kms.katalon.core.keyword.builtin.CallTestCaseKeyword$_callTestCase_closure1.call(CallTestCaseKeyword.groovy)
	at com.kms.katalon.core.keyword.internal.KeywordMain.runKeyword(KeywordMain.groovy:75)
	at com.kms.katalon.core.keyword.builtin.CallTestCaseKeyword.callTestCase(CallTestCaseKeyword.groovy:81)
	at com.kms.katalon.core.keyword.builtin.CallTestCaseKeyword.execute(CallTestCaseKeyword.groovy:44)
	at com.kms.katalon.core.keyword.internal.KeywordExecutor.executeKeywordForPlatform(KeywordExecutor.groovy:74)
	at com.kms.katalon.core.keyword.BuiltinKeywords.callTestCase(BuiltinKeywords.groovy:310)
	at PBYA-001.run(PBYA-001:20)
	at com.kms.katalon.core.main.ScriptEngine.run(ScriptEngine.java:194)
	at com.kms.katalon.core.main.ScriptEngine.runScriptAsRawText(ScriptEngine.java:119)
	at com.kms.katalon.core.main.TestCaseExecutor.runScript(TestCaseExecutor.java:448)
	at com.kms.katalon.core.main.TestCaseExecutor.doExecute(TestCaseExecutor.java:439)
	at com.kms.katalon.core.main.TestCaseExecutor.processExecutionPhase(TestCaseExecutor.java:418)
	at com.kms.katalon.core.main.TestCaseExecutor.accessMainPhase(TestCaseExecutor.java:410)
	at com.kms.katalon.core.main.TestCaseExecutor.execute(TestCaseExecutor.java:285)
	at com.kms.katalon.core.main.TestCaseMain.runTestCase(TestCaseMain.java:144)
	at com.kms.katalon.core.keyword.builtin.CallTestCaseKeyword$_callTestCase_closure1.doCall(CallTestCaseKeyword.groovy:59)
	... 52 more
Caused by: com.kms.katalon.core.exception.StepFailedException: Unable to click on object 'Object Repository/Konfirmasi pesanan shop/Konfirmasi Orders'
	at com.kms.katalon.core.webui.keyword.internal.WebUIKeywordMain.stepFailed(WebUIKeywordMain.groovy:64)
	at com.kms.katalon.core.webui.keyword.internal.WebUIKeywordMain.runKeyword(WebUIKeywordMain.groovy:26)
	at com.kms.katalon.core.webui.keyword.builtin.ClickKeyword.click(ClickKeyword.groovy:74)
	at com.kms.katalon.core.webui.keyword.builtin.ClickKeyword.execute(ClickKeyword.groovy:40)
	at com.kms.katalon.core.keyword.internal.KeywordExecutor.executeKeywordForPlatform(KeywordExecutor.groovy:74)
	at com.kms.katalon.core.webui.keyword.WebUiBuiltInKeywords.click(WebUiBuiltInKeywords.groovy:620)
	at com.kms.katalon.core.webui.keyword.WebUiBuiltInKeywords$click$2.call(Unknown Source)
	at PBY-004.run(PBY-004:33)
	at com.kms.katalon.core.main.ScriptEngine.run(ScriptEngine.java:194)
	at com.kms.katalon.core.main.ScriptEngine.runScriptAsRawText(ScriptEngine.java:119)
	at com.kms.katalon.core.main.TestCaseExecutor.runScript(TestCaseExecutor.java:448)
	at com.kms.katalon.core.main.TestCaseExecutor.doExecute(TestCaseExecutor.java:439)
	at com.kms.katalon.core.main.TestCaseExecutor.processExecutionPhase(TestCaseExecutor.java:418)
	at com.kms.katalon.core.main.TestCaseExecutor.accessMainPhase(TestCaseExecutor.java:410)
	at com.kms.katalon.core.main.TestCaseExecutor.execute(TestCaseExecutor.java:285)
	at com.kms.katalon.core.main.TestCaseMain.runTestCase(TestCaseMain.java:144)
	at com.kms.katalon.core.keyword.builtin.CallTestCaseKeyword$_callTestCase_closure1.doCall(CallTestCaseKeyword.groovy:59)
	... 68 more
Caused by: org.openqa.selenium.ElementNotInteractableException: element not interactable
  (Session info: MicrosoftEdge=117.0.2045.43)
Build info: version: '3.141.59', revision: 'e82be7d358', time: '2018-11-14T08:25:53'
System info: host: 'DESKTOP-H62FVJ8', ip: '10.9.2.18', os.name: 'Windows 10', os.arch: 'amd64', os.version: '10.0', java.version: '1.8.0_362'
Driver info: com.kms.katalon.selenium.driver.CEdgeDriver
Capabilities {acceptInsecureCerts: true, browserName: msedge, browserVersion: 117.0.2045.43, fedcm:accounts: true, javascriptEnabled: true, ms:edgeOptions: {debuggerAddress: localhost:63134}, msedge: {msedgedriverVersion: 117.0.2045.47 (b75fe6866687..., userDataDir: C:\Users\IRFAN\AppData\Loca...}, networkConnectionEnabled: false, pageLoadStrategy: normal, platform: WINDOWS, platformName: WINDOWS, proxy: Proxy(), setWindowRect: true, strictFileInteractability: false, timeouts: {implicit: 0, pageLoad: 300000, script: 30000}, unhandledPromptBehavior: dismiss and notify, webauthn:extension:credBlob: true, webauthn:extension:largeBlob: true, webauthn:extension:minPinLength: true, webauthn:extension:prf: true, webauthn:virtualAuthenticators: true}
Session ID: e683f878c54822fa814ef0f7d89d1a79
	at org.openqa.selenium.remote.http.W3CHttpResponseCodec.createException(W3CHttpResponseCodec.java:187)
	at org.openqa.selenium.remote.http.W3CHttpResponseCodec.decode(W3CHttpResponseCodec.java:122)
	at org.openqa.selenium.remote.http.W3CHttpResponseCodec.decode(W3CHttpResponseCodec.java:49)
	at org.openqa.selenium.remote.HttpCommandExecutor.execute(HttpCommandExecutor.java:158)
	at org.openqa.selenium.remote.service.DriverCommandExecutor.execute(DriverCommandExecutor.java:83)
	at org.openqa.selenium.remote.RemoteWebDriver.execute(RemoteWebDriver.java:552)
	at com.kms.katalon.selenium.driver.CEdgeDriver.execute(CEdgeDriver.java:20)
	at org.openqa.selenium.remote.RemoteWebElement.execute(RemoteWebElement.java:285)
	at org.openqa.selenium.remote.RemoteWebElement.click(RemoteWebElement.java:84)
	at org.openqa.selenium.support.events.EventFiringWebDriver$EventFiringWebElement.lambda$new$0(EventFiringWebDriver.java:404)
	at com.sun.proxy.$Proxy11.click(Unknown Source)
	at org.openqa.selenium.support.events.EventFiringWebDriver$EventFiringWebElement.click(EventFiringWebDriver.java:417)
	at org.openqa.selenium.WebElement$click.call(Unknown Source)
	at com.kms.katalon.core.webui.keyword.builtin.ClickKeyword.clickUntilSuccessWithTimeout(ClickKeyword.groovy:81)
	at com.kms.katalon.core.webui.keyword.builtin.ClickKeyword.clickUntilSuccessWithTimeout(ClickKeyword.groovy)
	at com.kms.katalon.core.webui.keyword.builtin.ClickKeyword$_click_closure1.doCall(ClickKeyword.groovy:67)
	at com.kms.katalon.core.webui.keyword.builtin.ClickKeyword$_click_closure1.call(ClickKeyword.groovy)
	at com.kms.katalon.core.webui.keyword.internal.WebUIKeywordMain.runKeyword(WebUIKeywordMain.groovy:20)
	... 83 more


2023-10-05 13:51:27 - [TEST_STEP][FAILED] - data = callTestCase(findTestCase("T13 Pembelian, Shipment dan Pembayaran/PBYA-001"), [:], STOP_ON_FAILURE): Unable to call Test Case 'Test Cases/T13 Pembelian, Shipment dan Pembayaran/PBYA-001' (Root cause: com.kms.katalon.core.exception.StepFailedException: Call Test Case 'Test Cases/T13 Pembelian, Shipment dan Pembayaran/PBYA-001' failed
	at com.kms.katalon.core.keyword.builtin.CallTestCaseKeyword$_callTestCase_closure1.doCall(CallTestCaseKeyword.groovy:63)
	at com.kms.katalon.core.keyword.builtin.CallTestCaseKeyword$_callTestCase_closure1.call(CallTestCaseKeyword.groovy)
	at com.kms.katalon.core.keyword.internal.KeywordMain.runKeyword(KeywordMain.groovy:75)
	at com.kms.katalon.core.keyword.builtin.CallTestCaseKeyword.callTestCase(CallTestCaseKeyword.groovy:81)
	at com.kms.katalon.core.keyword.builtin.CallTestCaseKeyword.execute(CallTestCaseKeyword.groovy:44)
	at com.kms.katalon.core.keyword.internal.KeywordExecutor.executeKeywordForPlatform(KeywordExecutor.groovy:74)
	at com.kms.katalon.core.keyword.BuiltinKeywords.callTestCase(BuiltinKeywords.groovy:310)
	at SA-001.run(SA-001:20)
	at com.kms.katalon.core.main.ScriptEngine.run(ScriptEngine.java:194)
	at com.kms.katalon.core.main.ScriptEngine.runScriptAsRawText(ScriptEngine.java:119)
	at com.kms.katalon.core.main.TestCaseExecutor.runScript(TestCaseExecutor.java:448)
	at com.kms.katalon.core.main.TestCaseExecutor.doExecute(TestCaseExecutor.java:439)
	at com.kms.katalon.core.main.TestCaseExecutor.processExecutionPhase(TestCaseExecutor.java:418)
	at com.kms.katalon.core.main.TestCaseExecutor.accessMainPhase(TestCaseExecutor.java:410)
	at com.kms.katalon.core.main.TestCaseExecutor.execute(TestCaseExecutor.java:285)
	at com.kms.katalon.core.main.TestCaseMain.runTestCase(TestCaseMain.java:144)
	at com.kms.katalon.core.keyword.builtin.CallTestCaseKeyword$_callTestCase_closure1.doCall(CallTestCaseKeyword.groovy:59)
	at com.kms.katalon.core.keyword.builtin.CallTestCaseKeyword$_callTestCase_closure1.call(CallTestCaseKeyword.groovy)
	at com.kms.katalon.core.keyword.internal.KeywordMain.runKeyword(KeywordMain.groovy:75)
	at com.kms.katalon.core.keyword.builtin.CallTestCaseKeyword.callTestCase(CallTestCaseKeyword.groovy:81)
	at com.kms.katalon.core.keyword.builtin.CallTestCaseKeyword.execute(CallTestCaseKeyword.groovy:44)
	at com.kms.katalon.core.keyword.internal.KeywordExecutor.executeKeywordForPlatform(KeywordExecutor.groovy:74)
	at com.kms.katalon.core.keyword.BuiltinKeywords.callTestCase(BuiltinKeywords.groovy:310)
	at SA-002.run(SA-002:20)
	at com.kms.katalon.core.main.ScriptEngine.run(ScriptEngine.java:194)
	at com.kms.katalon.core.main.ScriptEngine.runScriptAsRawText(ScriptEngine.java:119)
	at com.kms.katalon.core.main.TestCaseExecutor.runScript(TestCaseExecutor.java:448)
	at com.kms.katalon.core.main.TestCaseExecutor.doExecute(TestCaseExecutor.java:439)
	at com.kms.katalon.core.main.TestCaseExecutor.processExecutionPhase(TestCaseExecutor.java:418)
	at com.kms.katalon.core.main.TestCaseExecutor.accessMainPhase(TestCaseExecutor.java:410)
	at com.kms.katalon.core.main.TestCaseExecutor.execute(TestCaseExecutor.java:285)
	at com.kms.katalon.core.main.TestCaseMain.runTestCase(TestCaseMain.java:144)
	at com.kms.katalon.core.keyword.builtin.CallTestCaseKeyword$_callTestCase_closure1.doCall(CallTestCaseKeyword.groovy:59)
	at com.kms.katalon.core.keyword.builtin.CallTestCaseKeyword$_callTestCase_closure1.call(CallTestCaseKeyword.groovy)
	at com.kms.katalon.core.keyword.internal.KeywordMain.runKeyword(KeywordMain.groovy:75)
	at com.kms.katalon.core.keyword.builtin.CallTestCaseKeyword.callTestCase(CallTestCaseKeyword.groovy:81)
	at com.kms.katalon.core.keyword.builtin.CallTestCaseKeyword.execute(CallTestCaseKeyword.groovy:44)
	at com.kms.katalon.core.keyword.internal.KeywordExecutor.executeKeywordForPlatform(KeywordExecutor.groovy:74)
	at com.kms.katalon.core.keyword.BuiltinKeywords.callTestCase(BuiltinKeywords.groovy:310)
	at SA-009.run(SA-009:25)
	at com.kms.katalon.core.main.ScriptEngine.run(ScriptEngine.java:194)
	at com.kms.katalon.core.main.ScriptEngine.runScriptAsRawText(ScriptEngine.java:119)
	at com.kms.katalon.core.main.TestCaseExecutor.runScript(TestCaseExecutor.java:448)
	at com.kms.katalon.core.main.TestCaseExecutor.doExecute(TestCaseExecutor.java:439)
	at com.kms.katalon.core.main.TestCaseExecutor.processExecutionPhase(TestCaseExecutor.java:418)
	at com.kms.katalon.core.main.TestCaseExecutor.accessMainPhase(TestCaseExecutor.java:410)
	at com.kms.katalon.core.main.TestCaseExecutor.execute(TestCaseExecutor.java:285)
	at com.kms.katalon.core.common.CommonExecutor.accessTestCaseMainPhase(CommonExecutor.java:65)
	at com.kms.katalon.core.main.TestSuiteExecutor.accessTestSuiteMainPhase(TestSuiteExecutor.java:148)
	at com.kms.katalon.core.main.TestSuiteExecutor.execute(TestSuiteExecutor.java:106)
	at com.kms.katalon.core.main.TestCaseMain.startTestSuite(TestCaseMain.java:187)
	at com.kms.katalon.core.main.TestCaseMain$startTestSuite$0.call(Unknown Source)
	at TempTestSuite1696486556660.run(TempTestSuite1696486556660.groovy:36)
Caused by: com.kms.katalon.core.exception.StepFailedException: Call Test Case 'Test Cases/T13 Pembelian, Shipment dan Pembayaran/PBY-004' failed
	at com.kms.katalon.core.keyword.builtin.CallTestCaseKeyword$_callTestCase_closure1.doCall(CallTestCaseKeyword.groovy:63)
	at com.kms.katalon.core.keyword.builtin.CallTestCaseKeyword$_callTestCase_closure1.call(CallTestCaseKeyword.groovy)
	at com.kms.katalon.core.keyword.internal.KeywordMain.runKeyword(KeywordMain.groovy:75)
	at com.kms.katalon.core.keyword.builtin.CallTestCaseKeyword.callTestCase(CallTestCaseKeyword.groovy:81)
	at com.kms.katalon.core.keyword.builtin.CallTestCaseKeyword.execute(CallTestCaseKeyword.groovy:44)
	at com.kms.katalon.core.keyword.internal.KeywordExecutor.executeKeywordForPlatform(KeywordExecutor.groovy:74)
	at com.kms.katalon.core.keyword.BuiltinKeywords.callTestCase(BuiltinKeywords.groovy:310)
	at PBYA-001.run(PBYA-001:20)
	at com.kms.katalon.core.main.ScriptEngine.run(ScriptEngine.java:194)
	at com.kms.katalon.core.main.ScriptEngine.runScriptAsRawText(ScriptEngine.java:119)
	at com.kms.katalon.core.main.TestCaseExecutor.runScript(TestCaseExecutor.java:448)
	at com.kms.katalon.core.main.TestCaseExecutor.doExecute(TestCaseExecutor.java:439)
	at com.kms.katalon.core.main.TestCaseExecutor.processExecutionPhase(TestCaseExecutor.java:418)
	at com.kms.katalon.core.main.TestCaseExecutor.accessMainPhase(TestCaseExecutor.java:410)
	at com.kms.katalon.core.main.TestCaseExecutor.execute(TestCaseExecutor.java:285)
	at com.kms.katalon.core.main.TestCaseMain.runTestCase(TestCaseMain.java:144)
	at com.kms.katalon.core.keyword.builtin.CallTestCaseKeyword$_callTestCase_closure1.doCall(CallTestCaseKeyword.groovy:59)
	... 52 more
Caused by: com.kms.katalon.core.exception.StepFailedException: Unable to click on object 'Object Repository/Konfirmasi pesanan shop/Konfirmasi Orders'
	at com.kms.katalon.core.webui.keyword.internal.WebUIKeywordMain.stepFailed(WebUIKeywordMain.groovy:64)
	at com.kms.katalon.core.webui.keyword.internal.WebUIKeywordMain.runKeyword(WebUIKeywordMain.groovy:26)
	at com.kms.katalon.core.webui.keyword.builtin.ClickKeyword.click(ClickKeyword.groovy:74)
	at com.kms.katalon.core.webui.keyword.builtin.ClickKeyword.execute(ClickKeyword.groovy:40)
	at com.kms.katalon.core.keyword.internal.KeywordExecutor.executeKeywordForPlatform(KeywordExecutor.groovy:74)
	at com.kms.katalon.core.webui.keyword.WebUiBuiltInKeywords.click(WebUiBuiltInKeywords.groovy:620)
	at com.kms.katalon.core.webui.keyword.WebUiBuiltInKeywords$click$2.call(Unknown Source)
	at PBY-004.run(PBY-004:33)
	at com.kms.katalon.core.main.ScriptEngine.run(ScriptEngine.java:194)
	at com.kms.katalon.core.main.ScriptEngine.runScriptAsRawText(ScriptEngine.java:119)
	at com.kms.katalon.core.main.TestCaseExecutor.runScript(TestCaseExecutor.java:448)
	at com.kms.katalon.core.main.TestCaseExecutor.doExecute(TestCaseExecutor.java:439)
	at com.kms.katalon.core.main.TestCaseExecutor.processExecutionPhase(TestCaseExecutor.java:418)
	at com.kms.katalon.core.main.TestCaseExecutor.accessMainPhase(TestCaseExecutor.java:410)
	at com.kms.katalon.core.main.TestCaseExecutor.execute(TestCaseExecutor.java:285)
	at com.kms.katalon.core.main.TestCaseMain.runTestCase(TestCaseMain.java:144)
	at com.kms.katalon.core.keyword.builtin.CallTestCaseKeyword$_callTestCase_closure1.doCall(CallTestCaseKeyword.groovy:59)
	... 68 more
Caused by: org.openqa.selenium.ElementNotInteractableException: element not interactable
  (Session info: MicrosoftEdge=117.0.2045.43)
Build info: version: '3.141.59', revision: 'e82be7d358', time: '2018-11-14T08:25:53'
System info: host: 'DESKTOP-H62FVJ8', ip: '10.9.2.18', os.name: 'Windows 10', os.arch: 'amd64', os.version: '10.0', java.version: '1.8.0_362'
Driver info: com.kms.katalon.selenium.driver.CEdgeDriver
Capabilities {acceptInsecureCerts: true, browserName: msedge, browserVersion: 117.0.2045.43, fedcm:accounts: true, javascriptEnabled: true, ms:edgeOptions: {debuggerAddress: localhost:63134}, msedge: {msedgedriverVersion: 117.0.2045.47 (b75fe6866687..., userDataDir: C:\Users\IRFAN\AppData\Loca...}, networkConnectionEnabled: false, pageLoadStrategy: normal, platform: WINDOWS, platformName: WINDOWS, proxy: Proxy(), setWindowRect: true, strictFileInteractability: false, timeouts: {implicit: 0, pageLoad: 300000, script: 30000}, unhandledPromptBehavior: dismiss and notify, webauthn:extension:credBlob: true, webauthn:extension:largeBlob: true, webauthn:extension:minPinLength: true, webauthn:extension:prf: true, webauthn:virtualAuthenticators: true}
Session ID: e683f878c54822fa814ef0f7d89d1a79
	at org.openqa.selenium.remote.http.W3CHttpResponseCodec.createException(W3CHttpResponseCodec.java:187)
	at org.openqa.selenium.remote.http.W3CHttpResponseCodec.decode(W3CHttpResponseCodec.java:122)
	at org.openqa.selenium.remote.http.W3CHttpResponseCodec.decode(W3CHttpResponseCodec.java:49)
	at org.openqa.selenium.remote.HttpCommandExecutor.execute(HttpCommandExecutor.java:158)
	at org.openqa.selenium.remote.service.DriverCommandExecutor.execute(DriverCommandExecutor.java:83)
	at org.openqa.selenium.remote.RemoteWebDriver.execute(RemoteWebDriver.java:552)
	at com.kms.katalon.selenium.driver.CEdgeDriver.execute(CEdgeDriver.java:20)
	at org.openqa.selenium.remote.RemoteWebElement.execute(RemoteWebElement.java:285)
	at org.openqa.selenium.remote.RemoteWebElement.click(RemoteWebElement.java:84)
	at org.openqa.selenium.support.events.EventFiringWebDriver$EventFiringWebElement.lambda$new$0(EventFiringWebDriver.java:404)
	at com.sun.proxy.$Proxy11.click(Unknown Source)
	at org.openqa.selenium.support.events.EventFiringWebDriver$EventFiringWebElement.click(EventFiringWebDriver.java:417)
	at org.openqa.selenium.WebElement$click.call(Unknown Source)
	at com.kms.katalon.core.webui.keyword.builtin.ClickKeyword.clickUntilSuccessWithTimeout(ClickKeyword.groovy:81)
	at com.kms.katalon.core.webui.keyword.builtin.ClickKeyword.clickUntilSuccessWithTimeout(ClickKeyword.groovy)
	at com.kms.katalon.core.webui.keyword.builtin.ClickKeyword$_click_closure1.doCall(ClickKeyword.groovy:67)
	at com.kms.katalon.core.webui.keyword.builtin.ClickKeyword$_click_closure1.call(ClickKeyword.groovy)
	at com.kms.katalon.core.webui.keyword.internal.WebUIKeywordMain.runKeyword(WebUIKeywordMain.groovy:20)
	... 83 more
)

2023-10-05 13:51:27 - [TEST_CASE][FAILED] - Test Cases/T13 Pembelian, Shipment dan Pembayaran/PBYA-001: Test Cases/T13 Pembelian, Shipment dan Pembayaran/PBYA-001 FAILED.
Reason:
com.kms.katalon.core.exception.StepFailedException: Call Test Case 'Test Cases/T13 Pembelian, Shipment dan Pembayaran/PBY-004' failed
	at com.kms.katalon.core.keyword.builtin.CallTestCaseKeyword$_callTestCase_closure1.doCall(CallTestCaseKeyword.groovy:63)
	at com.kms.katalon.core.keyword.builtin.CallTestCaseKeyword$_callTestCase_closure1.call(CallTestCaseKeyword.groovy)
	at com.kms.katalon.core.keyword.internal.KeywordMain.runKeyword(KeywordMain.groovy:75)
	at com.kms.katalon.core.keyword.builtin.CallTestCaseKeyword.callTestCase(CallTestCaseKeyword.groovy:81)
	at com.kms.katalon.core.keyword.builtin.CallTestCaseKeyword.execute(CallTestCaseKeyword.groovy:44)
	at com.kms.katalon.core.keyword.internal.KeywordExecutor.executeKeywordForPlatform(KeywordExecutor.groovy:74)
	at com.kms.katalon.core.keyword.BuiltinKeywords.callTestCase(BuiltinKeywords.groovy:310)
	at PBYA-001.run(PBYA-001:20)
	at com.kms.katalon.core.main.ScriptEngine.run(ScriptEngine.java:194)
	at com.kms.katalon.core.main.ScriptEngine.runScriptAsRawText(ScriptEngine.java:119)
	at com.kms.katalon.core.main.TestCaseExecutor.runScript(TestCaseExecutor.java:448)
	at com.kms.katalon.core.main.TestCaseExecutor.doExecute(TestCaseExecutor.java:439)
	at com.kms.katalon.core.main.TestCaseExecutor.processExecutionPhase(TestCaseExecutor.java:418)
	at com.kms.katalon.core.main.TestCaseExecutor.accessMainPhase(TestCaseExecutor.java:410)
	at com.kms.katalon.core.main.TestCaseExecutor.execute(TestCaseExecutor.java:285)
	at com.kms.katalon.core.main.TestCaseMain.runTestCase(TestCaseMain.java:144)
	at com.kms.katalon.core.keyword.builtin.CallTestCaseKeyword$_callTestCase_closure1.doCall(CallTestCaseKeyword.groovy:59)
	at com.kms.katalon.core.keyword.builtin.CallTestCaseKeyword$_callTestCase_closure1.call(CallTestCaseKeyword.groovy)
	at com.kms.katalon.core.keyword.internal.KeywordMain.runKeyword(KeywordMain.groovy:75)
	at com.kms.katalon.core.keyword.builtin.CallTestCaseKeyword.callTestCase(CallTestCaseKeyword.groovy:81)
	at com.kms.katalon.core.keyword.builtin.CallTestCaseKeyword.execute(CallTestCaseKeyword.groovy:44)
	at com.kms.katalon.core.keyword.internal.KeywordExecutor.executeKeywordForPlatform(KeywordExecutor.groovy:74)
	at com.kms.katalon.core.keyword.BuiltinKeywords.callTestCase(BuiltinKeywords.groovy:310)
	at SA-001.run(SA-001:20)
	at com.kms.katalon.core.main.ScriptEngine.run(ScriptEngine.java:194)
	at com.kms.katalon.core.main.ScriptEngine.runScriptAsRawText(ScriptEngine.java:119)
	at com.kms.katalon.core.main.TestCaseExecutor.runScript(TestCaseExecutor.java:448)
	at com.kms.katalon.core.main.TestCaseExecutor.doExecute(TestCaseExecutor.java:439)
	at com.kms.katalon.core.main.TestCaseExecutor.processExecutionPhase(TestCaseExecutor.java:418)
	at com.kms.katalon.core.main.TestCaseExecutor.accessMainPhase(TestCaseExecutor.java:410)
	at com.kms.katalon.core.main.TestCaseExecutor.execute(TestCaseExecutor.java:285)
	at com.kms.katalon.core.main.TestCaseMain.runTestCase(TestCaseMain.java:144)
	at com.kms.katalon.core.keyword.builtin.CallTestCaseKeyword$_callTestCase_closure1.doCall(CallTestCaseKeyword.groovy:59)
	at com.kms.katalon.core.keyword.builtin.CallTestCaseKeyword$_callTestCase_closure1.call(CallTestCaseKeyword.groovy)
	at com.kms.katalon.core.keyword.internal.KeywordMain.runKeyword(KeywordMain.groovy:75)
	at com.kms.katalon.core.keyword.builtin.CallTestCaseKeyword.callTestCase(CallTestCaseKeyword.groovy:81)
	at com.kms.katalon.core.keyword.builtin.CallTestCaseKeyword.execute(CallTestCaseKeyword.groovy:44)
	at com.kms.katalon.core.keyword.internal.KeywordExecutor.executeKeywordForPlatform(KeywordExecutor.groovy:74)
	at com.kms.katalon.core.keyword.BuiltinKeywords.callTestCase(BuiltinKeywords.groovy:310)
	at SA-002.run(SA-002:20)
	at com.kms.katalon.core.main.ScriptEngine.run(ScriptEngine.java:194)
	at com.kms.katalon.core.main.ScriptEngine.runScriptAsRawText(ScriptEngine.java:119)
	at com.kms.katalon.core.main.TestCaseExecutor.runScript(TestCaseExecutor.java:448)
	at com.kms.katalon.core.main.TestCaseExecutor.doExecute(TestCaseExecutor.java:439)
	at com.kms.katalon.core.main.TestCaseExecutor.processExecutionPhase(TestCaseExecutor.java:418)
	at com.kms.katalon.core.main.TestCaseExecutor.accessMainPhase(TestCaseExecutor.java:410)
	at com.kms.katalon.core.main.TestCaseExecutor.execute(TestCaseExecutor.java:285)
	at com.kms.katalon.core.main.TestCaseMain.runTestCase(TestCaseMain.java:144)
	at com.kms.katalon.core.keyword.builtin.CallTestCaseKeyword$_callTestCase_closure1.doCall(CallTestCaseKeyword.groovy:59)
	at com.kms.katalon.core.keyword.builtin.CallTestCaseKeyword$_callTestCase_closure1.call(CallTestCaseKeyword.groovy)
	at com.kms.katalon.core.keyword.internal.KeywordMain.runKeyword(KeywordMain.groovy:75)
	at com.kms.katalon.core.keyword.builtin.CallTestCaseKeyword.callTestCase(CallTestCaseKeyword.groovy:81)
	at com.kms.katalon.core.keyword.builtin.CallTestCaseKeyword.execute(CallTestCaseKeyword.groovy:44)
	at com.kms.katalon.core.keyword.internal.KeywordExecutor.executeKeywordForPlatform(KeywordExecutor.groovy:74)
	at com.kms.katalon.core.keyword.BuiltinKeywords.callTestCase(BuiltinKeywords.groovy:310)
	at SA-009.run(SA-009:25)
	at com.kms.katalon.core.main.ScriptEngine.run(ScriptEngine.java:194)
	at com.kms.katalon.core.main.ScriptEngine.runScriptAsRawText(ScriptEngine.java:119)
	at com.kms.katalon.core.main.TestCaseExecutor.runScript(TestCaseExecutor.java:448)
	at com.kms.katalon.core.main.TestCaseExecutor.doExecute(TestCaseExecutor.java:439)
	at com.kms.katalon.core.main.TestCaseExecutor.processExecutionPhase(TestCaseExecutor.java:418)
	at com.kms.katalon.core.main.TestCaseExecutor.accessMainPhase(TestCaseExecutor.java:410)
	at com.kms.katalon.core.main.TestCaseExecutor.execute(TestCaseExecutor.java:285)
	at com.kms.katalon.core.common.CommonExecutor.accessTestCaseMainPhase(CommonExecutor.java:65)
	at com.kms.katalon.core.main.TestSuiteExecutor.accessTestSuiteMainPhase(TestSuiteExecutor.java:148)
	at com.kms.katalon.core.main.TestSuiteExecutor.execute(TestSuiteExecutor.java:106)
	at com.kms.katalon.core.main.TestCaseMain.startTestSuite(TestCaseMain.java:187)
	at com.kms.katalon.core.main.TestCaseMain$startTestSuite$0.call(Unknown Source)
	at TempTestSuite1696486556660.run(TempTestSuite1696486556660.groovy:36)
Caused by: com.kms.katalon.core.exception.StepFailedException: Unable to click on object 'Object Repository/Konfirmasi pesanan shop/Konfirmasi Orders'
	at com.kms.katalon.core.webui.keyword.internal.WebUIKeywordMain.stepFailed(WebUIKeywordMain.groovy:64)
	at com.kms.katalon.core.webui.keyword.internal.WebUIKeywordMain.runKeyword(WebUIKeywordMain.groovy:26)
	at com.kms.katalon.core.webui.keyword.builtin.ClickKeyword.click(ClickKeyword.groovy:74)
	at com.kms.katalon.core.webui.keyword.builtin.ClickKeyword.execute(ClickKeyword.groovy:40)
	at com.kms.katalon.core.keyword.internal.KeywordExecutor.executeKeywordForPlatform(KeywordExecutor.groovy:74)
	at com.kms.katalon.core.webui.keyword.WebUiBuiltInKeywords.click(WebUiBuiltInKeywords.groovy:620)
	at com.kms.katalon.core.webui.keyword.WebUiBuiltInKeywords$click$2.call(Unknown Source)
	at PBY-004.run(PBY-004:33)
	at com.kms.katalon.core.main.ScriptEngine.run(ScriptEngine.java:194)
	at com.kms.katalon.core.main.ScriptEngine.runScriptAsRawText(ScriptEngine.java:119)
	at com.kms.katalon.core.main.TestCaseExecutor.runScript(TestCaseExecutor.java:448)
	at com.kms.katalon.core.main.TestCaseExecutor.doExecute(TestCaseExecutor.java:439)
	at com.kms.katalon.core.main.TestCaseExecutor.processExecutionPhase(TestCaseExecutor.java:418)
	at com.kms.katalon.core.main.TestCaseExecutor.accessMainPhase(TestCaseExecutor.java:410)
	at com.kms.katalon.core.main.TestCaseExecutor.execute(TestCaseExecutor.java:285)
	at com.kms.katalon.core.main.TestCaseMain.runTestCase(TestCaseMain.java:144)
	at com.kms.katalon.core.keyword.builtin.CallTestCaseKeyword$_callTestCase_closure1.doCall(CallTestCaseKeyword.groovy:59)
	... 68 more
Caused by: org.openqa.selenium.ElementNotInteractableException: element not interactable
  (Session info: MicrosoftEdge=117.0.2045.43)
Build info: version: '3.141.59', revision: 'e82be7d358', time: '2018-11-14T08:25:53'
System info: host: 'DESKTOP-H62FVJ8', ip: '10.9.2.18', os.name: 'Windows 10', os.arch: 'amd64', os.version: '10.0', java.version: '1.8.0_362'
Driver info: com.kms.katalon.selenium.driver.CEdgeDriver
Capabilities {acceptInsecureCerts: true, browserName: msedge, browserVersion: 117.0.2045.43, fedcm:accounts: true, javascriptEnabled: true, ms:edgeOptions: {debuggerAddress: localhost:63134}, msedge: {msedgedriverVersion: 117.0.2045.47 (b75fe6866687..., userDataDir: C:\Users\IRFAN\AppData\Loca...}, networkConnectionEnabled: false, pageLoadStrategy: normal, platform: WINDOWS, platformName: WINDOWS, proxy: Proxy(), setWindowRect: true, strictFileInteractability: false, timeouts: {implicit: 0, pageLoad: 300000, script: 30000}, unhandledPromptBehavior: dismiss and notify, webauthn:extension:credBlob: true, webauthn:extension:largeBlob: true, webauthn:extension:minPinLength: true, webauthn:extension:prf: true, webauthn:virtualAuthenticators: true}
Session ID: e683f878c54822fa814ef0f7d89d1a79
	at org.openqa.selenium.remote.http.W3CHttpResponseCodec.createException(W3CHttpResponseCodec.java:187)
	at org.openqa.selenium.remote.http.W3CHttpResponseCodec.decode(W3CHttpResponseCodec.java:122)
	at org.openqa.selenium.remote.http.W3CHttpResponseCodec.decode(W3CHttpResponseCodec.java:49)
	at org.openqa.selenium.remote.HttpCommandExecutor.execute(HttpCommandExecutor.java:158)
	at org.openqa.selenium.remote.service.DriverCommandExecutor.execute(DriverCommandExecutor.java:83)
	at org.openqa.selenium.remote.RemoteWebDriver.execute(RemoteWebDriver.java:552)
	at com.kms.katalon.selenium.driver.CEdgeDriver.execute(CEdgeDriver.java:20)
	at org.openqa.selenium.remote.RemoteWebElement.execute(RemoteWebElement.java:285)
	at org.openqa.selenium.remote.RemoteWebElement.click(RemoteWebElement.java:84)
	at org.openqa.selenium.support.events.EventFiringWebDriver$EventFiringWebElement.lambda$new$0(EventFiringWebDriver.java:404)
	at com.sun.proxy.$Proxy11.click(Unknown Source)
	at org.openqa.selenium.support.events.EventFiringWebDriver$EventFiringWebElement.click(EventFiringWebDriver.java:417)
	at org.openqa.selenium.WebElement$click.call(Unknown Source)
	at com.kms.katalon.core.webui.keyword.builtin.ClickKeyword.clickUntilSuccessWithTimeout(ClickKeyword.groovy:81)
	at com.kms.katalon.core.webui.keyword.builtin.ClickKeyword.clickUntilSuccessWithTimeout(ClickKeyword.groovy)
	at com.kms.katalon.core.webui.keyword.builtin.ClickKeyword$_click_closure1.doCall(ClickKeyword.groovy:67)
	at com.kms.katalon.core.webui.keyword.builtin.ClickKeyword$_click_closure1.call(ClickKeyword.groovy)
	at com.kms.katalon.core.webui.keyword.internal.WebUIKeywordMain.runKeyword(WebUIKeywordMain.groovy:20)
	... 83 more


2023-10-05 13:51:27 - [TEST_STEP][FAILED] - data = callTestCase(findTestCase("T13 Pembelian, Shipment dan Pembayaran/PBY-004"), [:], STOP_ON_FAILURE): Unable to call Test Case 'Test Cases/T13 Pembelian, Shipment dan Pembayaran/PBY-004' (Root cause: com.kms.katalon.core.exception.StepFailedException: Call Test Case 'Test Cases/T13 Pembelian, Shipment dan Pembayaran/PBY-004' failed
	at com.kms.katalon.core.keyword.builtin.CallTestCaseKeyword$_callTestCase_closure1.doCall(CallTestCaseKeyword.groovy:63)
	at com.kms.katalon.core.keyword.builtin.CallTestCaseKeyword$_callTestCase_closure1.call(CallTestCaseKeyword.groovy)
	at com.kms.katalon.core.keyword.internal.KeywordMain.runKeyword(KeywordMain.groovy:75)
	at com.kms.katalon.core.keyword.builtin.CallTestCaseKeyword.callTestCase(CallTestCaseKeyword.groovy:81)
	at com.kms.katalon.core.keyword.builtin.CallTestCaseKeyword.execute(CallTestCaseKeyword.groovy:44)
	at com.kms.katalon.core.keyword.internal.KeywordExecutor.executeKeywordForPlatform(KeywordExecutor.groovy:74)
	at com.kms.katalon.core.keyword.BuiltinKeywords.callTestCase(BuiltinKeywords.groovy:310)
	at PBYA-001.run(PBYA-001:20)
	at com.kms.katalon.core.main.ScriptEngine.run(ScriptEngine.java:194)
	at com.kms.katalon.core.main.ScriptEngine.runScriptAsRawText(ScriptEngine.java:119)
	at com.kms.katalon.core.main.TestCaseExecutor.runScript(TestCaseExecutor.java:448)
	at com.kms.katalon.core.main.TestCaseExecutor.doExecute(TestCaseExecutor.java:439)
	at com.kms.katalon.core.main.TestCaseExecutor.processExecutionPhase(TestCaseExecutor.java:418)
	at com.kms.katalon.core.main.TestCaseExecutor.accessMainPhase(TestCaseExecutor.java:410)
	at com.kms.katalon.core.main.TestCaseExecutor.execute(TestCaseExecutor.java:285)
	at com.kms.katalon.core.main.TestCaseMain.runTestCase(TestCaseMain.java:144)
	at com.kms.katalon.core.keyword.builtin.CallTestCaseKeyword$_callTestCase_closure1.doCall(CallTestCaseKeyword.groovy:59)
	at com.kms.katalon.core.keyword.builtin.CallTestCaseKeyword$_callTestCase_closure1.call(CallTestCaseKeyword.groovy)
	at com.kms.katalon.core.keyword.internal.KeywordMain.runKeyword(KeywordMain.groovy:75)
	at com.kms.katalon.core.keyword.builtin.CallTestCaseKeyword.callTestCase(CallTestCaseKeyword.groovy:81)
	at com.kms.katalon.core.keyword.builtin.CallTestCaseKeyword.execute(CallTestCaseKeyword.groovy:44)
	at com.kms.katalon.core.keyword.internal.KeywordExecutor.executeKeywordForPlatform(KeywordExecutor.groovy:74)
	at com.kms.katalon.core.keyword.BuiltinKeywords.callTestCase(BuiltinKeywords.groovy:310)
	at SA-001.run(SA-001:20)
	at com.kms.katalon.core.main.ScriptEngine.run(ScriptEngine.java:194)
	at com.kms.katalon.core.main.ScriptEngine.runScriptAsRawText(ScriptEngine.java:119)
	at com.kms.katalon.core.main.TestCaseExecutor.runScript(TestCaseExecutor.java:448)
	at com.kms.katalon.core.main.TestCaseExecutor.doExecute(TestCaseExecutor.java:439)
	at com.kms.katalon.core.main.TestCaseExecutor.processExecutionPhase(TestCaseExecutor.java:418)
	at com.kms.katalon.core.main.TestCaseExecutor.accessMainPhase(TestCaseExecutor.java:410)
	at com.kms.katalon.core.main.TestCaseExecutor.execute(TestCaseExecutor.java:285)
	at com.kms.katalon.core.main.TestCaseMain.runTestCase(TestCaseMain.java:144)
	at com.kms.katalon.core.keyword.builtin.CallTestCaseKeyword$_callTestCase_closure1.doCall(CallTestCaseKeyword.groovy:59)
	at com.kms.katalon.core.keyword.builtin.CallTestCaseKeyword$_callTestCase_closure1.call(CallTestCaseKeyword.groovy)
	at com.kms.katalon.core.keyword.internal.KeywordMain.runKeyword(KeywordMain.groovy:75)
	at com.kms.katalon.core.keyword.builtin.CallTestCaseKeyword.callTestCase(CallTestCaseKeyword.groovy:81)
	at com.kms.katalon.core.keyword.builtin.CallTestCaseKeyword.execute(CallTestCaseKeyword.groovy:44)
	at com.kms.katalon.core.keyword.internal.KeywordExecutor.executeKeywordForPlatform(KeywordExecutor.groovy:74)
	at com.kms.katalon.core.keyword.BuiltinKeywords.callTestCase(BuiltinKeywords.groovy:310)
	at SA-002.run(SA-002:20)
	at com.kms.katalon.core.main.ScriptEngine.run(ScriptEngine.java:194)
	at com.kms.katalon.core.main.ScriptEngine.runScriptAsRawText(ScriptEngine.java:119)
	at com.kms.katalon.core.main.TestCaseExecutor.runScript(TestCaseExecutor.java:448)
	at com.kms.katalon.core.main.TestCaseExecutor.doExecute(TestCaseExecutor.java:439)
	at com.kms.katalon.core.main.TestCaseExecutor.processExecutionPhase(TestCaseExecutor.java:418)
	at com.kms.katalon.core.main.TestCaseExecutor.accessMainPhase(TestCaseExecutor.java:410)
	at com.kms.katalon.core.main.TestCaseExecutor.execute(TestCaseExecutor.java:285)
	at com.kms.katalon.core.main.TestCaseMain.runTestCase(TestCaseMain.java:144)
	at com.kms.katalon.core.keyword.builtin.CallTestCaseKeyword$_callTestCase_closure1.doCall(CallTestCaseKeyword.groovy:59)
	at com.kms.katalon.core.keyword.builtin.CallTestCaseKeyword$_callTestCase_closure1.call(CallTestCaseKeyword.groovy)
	at com.kms.katalon.core.keyword.internal.KeywordMain.runKeyword(KeywordMain.groovy:75)
	at com.kms.katalon.core.keyword.builtin.CallTestCaseKeyword.callTestCase(CallTestCaseKeyword.groovy:81)
	at com.kms.katalon.core.keyword.builtin.CallTestCaseKeyword.execute(CallTestCaseKeyword.groovy:44)
	at com.kms.katalon.core.keyword.internal.KeywordExecutor.executeKeywordForPlatform(KeywordExecutor.groovy:74)
	at com.kms.katalon.core.keyword.BuiltinKeywords.callTestCase(BuiltinKeywords.groovy:310)
	at SA-009.run(SA-009:25)
	at com.kms.katalon.core.main.ScriptEngine.run(ScriptEngine.java:194)
	at com.kms.katalon.core.main.ScriptEngine.runScriptAsRawText(ScriptEngine.java:119)
	at com.kms.katalon.core.main.TestCaseExecutor.runScript(TestCaseExecutor.java:448)
	at com.kms.katalon.core.main.TestCaseExecutor.doExecute(TestCaseExecutor.java:439)
	at com.kms.katalon.core.main.TestCaseExecutor.processExecutionPhase(TestCaseExecutor.java:418)
	at com.kms.katalon.core.main.TestCaseExecutor.accessMainPhase(TestCaseExecutor.java:410)
	at com.kms.katalon.core.main.TestCaseExecutor.execute(TestCaseExecutor.java:285)
	at com.kms.katalon.core.common.CommonExecutor.accessTestCaseMainPhase(CommonExecutor.java:65)
	at com.kms.katalon.core.main.TestSuiteExecutor.accessTestSuiteMainPhase(TestSuiteExecutor.java:148)
	at com.kms.katalon.core.main.TestSuiteExecutor.execute(TestSuiteExecutor.java:106)
	at com.kms.katalon.core.main.TestCaseMain.startTestSuite(TestCaseMain.java:187)
	at com.kms.katalon.core.main.TestCaseMain$startTestSuite$0.call(Unknown Source)
	at TempTestSuite1696486556660.run(TempTestSuite1696486556660.groovy:36)
Caused by: com.kms.katalon.core.exception.StepFailedException: Unable to click on object 'Object Repository/Konfirmasi pesanan shop/Konfirmasi Orders'
	at com.kms.katalon.core.webui.keyword.internal.WebUIKeywordMain.stepFailed(WebUIKeywordMain.groovy:64)
	at com.kms.katalon.core.webui.keyword.internal.WebUIKeywordMain.runKeyword(WebUIKeywordMain.groovy:26)
	at com.kms.katalon.core.webui.keyword.builtin.ClickKeyword.click(ClickKeyword.groovy:74)
	at com.kms.katalon.core.webui.keyword.builtin.ClickKeyword.execute(ClickKeyword.groovy:40)
	at com.kms.katalon.core.keyword.internal.KeywordExecutor.executeKeywordForPlatform(KeywordExecutor.groovy:74)
	at com.kms.katalon.core.webui.keyword.WebUiBuiltInKeywords.click(WebUiBuiltInKeywords.groovy:620)
	at com.kms.katalon.core.webui.keyword.WebUiBuiltInKeywords$click$2.call(Unknown Source)
	at PBY-004.run(PBY-004:33)
	at com.kms.katalon.core.main.ScriptEngine.run(ScriptEngine.java:194)
	at com.kms.katalon.core.main.ScriptEngine.runScriptAsRawText(ScriptEngine.java:119)
	at com.kms.katalon.core.main.TestCaseExecutor.runScript(TestCaseExecutor.java:448)
	at com.kms.katalon.core.main.TestCaseExecutor.doExecute(TestCaseExecutor.java:439)
	at com.kms.katalon.core.main.TestCaseExecutor.processExecutionPhase(TestCaseExecutor.java:418)
	at com.kms.katalon.core.main.TestCaseExecutor.accessMainPhase(TestCaseExecutor.java:410)
	at com.kms.katalon.core.main.TestCaseExecutor.execute(TestCaseExecutor.java:285)
	at com.kms.katalon.core.main.TestCaseMain.runTestCase(TestCaseMain.java:144)
	at com.kms.katalon.core.keyword.builtin.CallTestCaseKeyword$_callTestCase_closure1.doCall(CallTestCaseKeyword.groovy:59)
	... 68 more
Caused by: org.openqa.selenium.ElementNotInteractableException: element not interactable
  (Session info: MicrosoftEdge=117.0.2045.43)
Build info: version: '3.141.59', revision: 'e82be7d358', time: '2018-11-14T08:25:53'
System info: host: 'DESKTOP-H62FVJ8', ip: '10.9.2.18', os.name: 'Windows 10', os.arch: 'amd64', os.version: '10.0', java.version: '1.8.0_362'
Driver info: com.kms.katalon.selenium.driver.CEdgeDriver
Capabilities {acceptInsecureCerts: true, browserName: msedge, browserVersion: 117.0.2045.43, fedcm:accounts: true, javascriptEnabled: true, ms:edgeOptions: {debuggerAddress: localhost:63134}, msedge: {msedgedriverVersion: 117.0.2045.47 (b75fe6866687..., userDataDir: C:\Users\IRFAN\AppData\Loca...}, networkConnectionEnabled: false, pageLoadStrategy: normal, platform: WINDOWS, platformName: WINDOWS, proxy: Proxy(), setWindowRect: true, strictFileInteractability: false, timeouts: {implicit: 0, pageLoad: 300000, script: 30000}, unhandledPromptBehavior: dismiss and notify, webauthn:extension:credBlob: true, webauthn:extension:largeBlob: true, webauthn:extension:minPinLength: true, webauthn:extension:prf: true, webauthn:virtualAuthenticators: true}
Session ID: e683f878c54822fa814ef0f7d89d1a79
	at org.openqa.selenium.remote.http.W3CHttpResponseCodec.createException(W3CHttpResponseCodec.java:187)
	at org.openqa.selenium.remote.http.W3CHttpResponseCodec.decode(W3CHttpResponseCodec.java:122)
	at org.openqa.selenium.remote.http.W3CHttpResponseCodec.decode(W3CHttpResponseCodec.java:49)
	at org.openqa.selenium.remote.HttpCommandExecutor.execute(HttpCommandExecutor.java:158)
	at org.openqa.selenium.remote.service.DriverCommandExecutor.execute(DriverCommandExecutor.java:83)
	at org.openqa.selenium.remote.RemoteWebDriver.execute(RemoteWebDriver.java:552)
	at com.kms.katalon.selenium.driver.CEdgeDriver.execute(CEdgeDriver.java:20)
	at org.openqa.selenium.remote.RemoteWebElement.execute(RemoteWebElement.java:285)
	at org.openqa.selenium.remote.RemoteWebElement.click(RemoteWebElement.java:84)
	at org.openqa.selenium.support.events.EventFiringWebDriver$EventFiringWebElement.lambda$new$0(EventFiringWebDriver.java:404)
	at com.sun.proxy.$Proxy11.click(Unknown Source)
	at org.openqa.selenium.support.events.EventFiringWebDriver$EventFiringWebElement.click(EventFiringWebDriver.java:417)
	at org.openqa.selenium.WebElement$click.call(Unknown Source)
	at com.kms.katalon.core.webui.keyword.builtin.ClickKeyword.clickUntilSuccessWithTimeout(ClickKeyword.groovy:81)
	at com.kms.katalon.core.webui.keyword.builtin.ClickKeyword.clickUntilSuccessWithTimeout(ClickKeyword.groovy)
	at com.kms.katalon.core.webui.keyword.builtin.ClickKeyword$_click_closure1.doCall(ClickKeyword.groovy:67)
	at com.kms.katalon.core.webui.keyword.builtin.ClickKeyword$_click_closure1.call(ClickKeyword.groovy)
	at com.kms.katalon.core.webui.keyword.internal.WebUIKeywordMain.runKeyword(WebUIKeywordMain.groovy:20)
	... 83 more
)

2023-10-05 13:51:27 - [TEST_CASE][FAILED] - Test Cases/T13 Pembelian, Shipment dan Pembayaran/PBY-004: Test Cases/T13 Pembelian, Shipment dan Pembayaran/PBY-004 FAILED.
Reason:
com.kms.katalon.core.exception.StepFailedException: Unable to click on object 'Object Repository/Konfirmasi pesanan shop/Konfirmasi Orders'
	at com.kms.katalon.core.webui.keyword.internal.WebUIKeywordMain.stepFailed(WebUIKeywordMain.groovy:64)
	at com.kms.katalon.core.webui.keyword.internal.WebUIKeywordMain.runKeyword(WebUIKeywordMain.groovy:26)
	at com.kms.katalon.core.webui.keyword.builtin.ClickKeyword.click(ClickKeyword.groovy:74)
	at com.kms.katalon.core.webui.keyword.builtin.ClickKeyword.execute(ClickKeyword.groovy:40)
	at com.kms.katalon.core.keyword.internal.KeywordExecutor.executeKeywordForPlatform(KeywordExecutor.groovy:74)
	at com.kms.katalon.core.webui.keyword.WebUiBuiltInKeywords.click(WebUiBuiltInKeywords.groovy:620)
	at com.kms.katalon.core.webui.keyword.WebUiBuiltInKeywords$click$2.call(Unknown Source)
	at PBY-004.run(PBY-004:33)
	at com.kms.katalon.core.main.ScriptEngine.run(ScriptEngine.java:194)
	at com.kms.katalon.core.main.ScriptEngine.runScriptAsRawText(ScriptEngine.java:119)
	at com.kms.katalon.core.main.TestCaseExecutor.runScript(TestCaseExecutor.java:448)
	at com.kms.katalon.core.main.TestCaseExecutor.doExecute(TestCaseExecutor.java:439)
	at com.kms.katalon.core.main.TestCaseExecutor.processExecutionPhase(TestCaseExecutor.java:418)
	at com.kms.katalon.core.main.TestCaseExecutor.accessMainPhase(TestCaseExecutor.java:410)
	at com.kms.katalon.core.main.TestCaseExecutor.execute(TestCaseExecutor.java:285)
	at com.kms.katalon.core.main.TestCaseMain.runTestCase(TestCaseMain.java:144)
	at com.kms.katalon.core.keyword.builtin.CallTestCaseKeyword$_callTestCase_closure1.doCall(CallTestCaseKeyword.groovy:59)
	at com.kms.katalon.core.keyword.builtin.CallTestCaseKeyword$_callTestCase_closure1.call(CallTestCaseKeyword.groovy)
	at com.kms.katalon.core.keyword.internal.KeywordMain.runKeyword(KeywordMain.groovy:75)
	at com.kms.katalon.core.keyword.builtin.CallTestCaseKeyword.callTestCase(CallTestCaseKeyword.groovy:81)
	at com.kms.katalon.core.keyword.builtin.CallTestCaseKeyword.execute(CallTestCaseKeyword.groovy:44)
	at com.kms.katalon.core.keyword.internal.KeywordExecutor.executeKeywordForPlatform(KeywordExecutor.groovy:74)
	at com.kms.katalon.core.keyword.BuiltinKeywords.callTestCase(BuiltinKeywords.groovy:310)
	at PBYA-001.run(PBYA-001:20)
	at com.kms.katalon.core.main.ScriptEngine.run(ScriptEngine.java:194)
	at com.kms.katalon.core.main.ScriptEngine.runScriptAsRawText(ScriptEngine.java:119)
	at com.kms.katalon.core.main.TestCaseExecutor.runScript(TestCaseExecutor.java:448)
	at com.kms.katalon.core.main.TestCaseExecutor.doExecute(TestCaseExecutor.java:439)
	at com.kms.katalon.core.main.TestCaseExecutor.processExecutionPhase(TestCaseExecutor.java:418)
	at com.kms.katalon.core.main.TestCaseExecutor.accessMainPhase(TestCaseExecutor.java:410)
	at com.kms.katalon.core.main.TestCaseExecutor.execute(TestCaseExecutor.java:285)
	at com.kms.katalon.core.main.TestCaseMain.runTestCase(TestCaseMain.java:144)
	at com.kms.katalon.core.keyword.builtin.CallTestCaseKeyword$_callTestCase_closure1.doCall(CallTestCaseKeyword.groovy:59)
	at com.kms.katalon.core.keyword.builtin.CallTestCaseKeyword$_callTestCase_closure1.call(CallTestCaseKeyword.groovy)
	at com.kms.katalon.core.keyword.internal.KeywordMain.runKeyword(KeywordMain.groovy:75)
	at com.kms.katalon.core.keyword.builtin.CallTestCaseKeyword.callTestCase(CallTestCaseKeyword.groovy:81)
	at com.kms.katalon.core.keyword.builtin.CallTestCaseKeyword.execute(CallTestCaseKeyword.groovy:44)
	at com.kms.katalon.core.keyword.internal.KeywordExecutor.executeKeywordForPlatform(KeywordExecutor.groovy:74)
	at com.kms.katalon.core.keyword.BuiltinKeywords.callTestCase(BuiltinKeywords.groovy:310)
	at SA-001.run(SA-001:20)
	at com.kms.katalon.core.main.ScriptEngine.run(ScriptEngine.java:194)
	at com.kms.katalon.core.main.ScriptEngine.runScriptAsRawText(ScriptEngine.java:119)
	at com.kms.katalon.core.main.TestCaseExecutor.runScript(TestCaseExecutor.java:448)
	at com.kms.katalon.core.main.TestCaseExecutor.doExecute(TestCaseExecutor.java:439)
	at com.kms.katalon.core.main.TestCaseExecutor.processExecutionPhase(TestCaseExecutor.java:418)
	at com.kms.katalon.core.main.TestCaseExecutor.accessMainPhase(TestCaseExecutor.java:410)
	at com.kms.katalon.core.main.TestCaseExecutor.execute(TestCaseExecutor.java:285)
	at com.kms.katalon.core.main.TestCaseMain.runTestCase(TestCaseMain.java:144)
	at com.kms.katalon.core.keyword.builtin.CallTestCaseKeyword$_callTestCase_closure1.doCall(CallTestCaseKeyword.groovy:59)
	at com.kms.katalon.core.keyword.builtin.CallTestCaseKeyword$_callTestCase_closure1.call(CallTestCaseKeyword.groovy)
	at com.kms.katalon.core.keyword.internal.KeywordMain.runKeyword(KeywordMain.groovy:75)
	at com.kms.katalon.core.keyword.builtin.CallTestCaseKeyword.callTestCase(CallTestCaseKeyword.groovy:81)
	at com.kms.katalon.core.keyword.builtin.CallTestCaseKeyword.execute(CallTestCaseKeyword.groovy:44)
	at com.kms.katalon.core.keyword.internal.KeywordExecutor.executeKeywordForPlatform(KeywordExecutor.groovy:74)
	at com.kms.katalon.core.keyword.BuiltinKeywords.callTestCase(BuiltinKeywords.groovy:310)
	at SA-002.run(SA-002:20)
	at com.kms.katalon.core.main.ScriptEngine.run(ScriptEngine.java:194)
	at com.kms.katalon.core.main.ScriptEngine.runScriptAsRawText(ScriptEngine.java:119)
	at com.kms.katalon.core.main.TestCaseExecutor.runScript(TestCaseExecutor.java:448)
	at com.kms.katalon.core.main.TestCaseExecutor.doExecute(TestCaseExecutor.java:439)
	at com.kms.katalon.core.main.TestCaseExecutor.processExecutionPhase(TestCaseExecutor.java:418)
	at com.kms.katalon.core.main.TestCaseExecutor.accessMainPhase(TestCaseExecutor.java:410)
	at com.kms.katalon.core.main.TestCaseExecutor.execute(TestCaseExecutor.java:285)
	at com.kms.katalon.core.main.TestCaseMain.runTestCase(TestCaseMain.java:144)
	at com.kms.katalon.core.keyword.builtin.CallTestCaseKeyword$_callTestCase_closure1.doCall(CallTestCaseKeyword.groovy:59)
	at com.kms.katalon.core.keyword.builtin.CallTestCaseKeyword$_callTestCase_closure1.call(CallTestCaseKeyword.groovy)
	at com.kms.katalon.core.keyword.internal.KeywordMain.runKeyword(KeywordMain.groovy:75)
	at com.kms.katalon.core.keyword.builtin.CallTestCaseKeyword.callTestCase(CallTestCaseKeyword.groovy:81)
	at com.kms.katalon.core.keyword.builtin.CallTestCaseKeyword.execute(CallTestCaseKeyword.groovy:44)
	at com.kms.katalon.core.keyword.internal.KeywordExecutor.executeKeywordForPlatform(KeywordExecutor.groovy:74)
	at com.kms.katalon.core.keyword.BuiltinKeywords.callTestCase(BuiltinKeywords.groovy:310)
	at SA-009.run(SA-009:25)
	at com.kms.katalon.core.main.ScriptEngine.run(ScriptEngine.java:194)
	at com.kms.katalon.core.main.ScriptEngine.runScriptAsRawText(ScriptEngine.java:119)
	at com.kms.katalon.core.main.TestCaseExecutor.runScript(TestCaseExecutor.java:448)
	at com.kms.katalon.core.main.TestCaseExecutor.doExecute(TestCaseExecutor.java:439)
	at com.kms.katalon.core.main.TestCaseExecutor.processExecutionPhase(TestCaseExecutor.java:418)
	at com.kms.katalon.core.main.TestCaseExecutor.accessMainPhase(TestCaseExecutor.java:410)
	at com.kms.katalon.core.main.TestCaseExecutor.execute(TestCaseExecutor.java:285)
	at com.kms.katalon.core.common.CommonExecutor.accessTestCaseMainPhase(CommonExecutor.java:65)
	at com.kms.katalon.core.main.TestSuiteExecutor.accessTestSuiteMainPhase(TestSuiteExecutor.java:148)
	at com.kms.katalon.core.main.TestSuiteExecutor.execute(TestSuiteExecutor.java:106)
	at com.kms.katalon.core.main.TestCaseMain.startTestSuite(TestCaseMain.java:187)
	at com.kms.katalon.core.main.TestCaseMain$startTestSuite$0.call(Unknown Source)
	at TempTestSuite1696486556660.run(TempTestSuite1696486556660.groovy:36)
Caused by: org.openqa.selenium.ElementNotInteractableException: element not interactable
  (Session info: MicrosoftEdge=117.0.2045.43)
Build info: version: '3.141.59', revision: 'e82be7d358', time: '2018-11-14T08:25:53'
System info: host: 'DESKTOP-H62FVJ8', ip: '10.9.2.18', os.name: 'Windows 10', os.arch: 'amd64', os.version: '10.0', java.version: '1.8.0_362'
Driver info: com.kms.katalon.selenium.driver.CEdgeDriver
Capabilities {acceptInsecureCerts: true, browserName: msedge, browserVersion: 117.0.2045.43, fedcm:accounts: true, javascriptEnabled: true, ms:edgeOptions: {debuggerAddress: localhost:63134}, msedge: {msedgedriverVersion: 117.0.2045.47 (b75fe6866687..., userDataDir: C:\Users\IRFAN\AppData\Loca...}, networkConnectionEnabled: false, pageLoadStrategy: normal, platform: WINDOWS, platformName: WINDOWS, proxy: Proxy(), setWindowRect: true, strictFileInteractability: false, timeouts: {implicit: 0, pageLoad: 300000, script: 30000}, unhandledPromptBehavior: dismiss and notify, webauthn:extension:credBlob: true, webauthn:extension:largeBlob: true, webauthn:extension:minPinLength: true, webauthn:extension:prf: true, webauthn:virtualAuthenticators: true}
Session ID: e683f878c54822fa814ef0f7d89d1a79
	at org.openqa.selenium.remote.http.W3CHttpResponseCodec.createException(W3CHttpResponseCodec.java:187)
	at org.openqa.selenium.remote.http.W3CHttpResponseCodec.decode(W3CHttpResponseCodec.java:122)
	at org.openqa.selenium.remote.http.W3CHttpResponseCodec.decode(W3CHttpResponseCodec.java:49)
	at org.openqa.selenium.remote.HttpCommandExecutor.execute(HttpCommandExecutor.java:158)
	at org.openqa.selenium.remote.service.DriverCommandExecutor.execute(DriverCommandExecutor.java:83)
	at org.openqa.selenium.remote.RemoteWebDriver.execute(RemoteWebDriver.java:552)
	at com.kms.katalon.selenium.driver.CEdgeDriver.execute(CEdgeDriver.java:20)
	at org.openqa.selenium.remote.RemoteWebElement.execute(RemoteWebElement.java:285)
	at org.openqa.selenium.remote.RemoteWebElement.click(RemoteWebElement.java:84)
	at org.openqa.selenium.support.events.EventFiringWebDriver$EventFiringWebElement.lambda$new$0(EventFiringWebDriver.java:404)
	at com.sun.proxy.$Proxy11.click(Unknown Source)
	at org.openqa.selenium.support.events.EventFiringWebDriver$EventFiringWebElement.click(EventFiringWebDriver.java:417)
	at org.openqa.selenium.WebElement$click.call(Unknown Source)
	at com.kms.katalon.core.webui.keyword.builtin.ClickKeyword.clickUntilSuccessWithTimeout(ClickKeyword.groovy:81)
	at com.kms.katalon.core.webui.keyword.builtin.ClickKeyword.clickUntilSuccessWithTimeout(ClickKeyword.groovy)
	at com.kms.katalon.core.webui.keyword.builtin.ClickKeyword$_click_closure1.doCall(ClickKeyword.groovy:67)
	at com.kms.katalon.core.webui.keyword.builtin.ClickKeyword$_click_closure1.call(ClickKeyword.groovy)
	at com.kms.katalon.core.webui.keyword.internal.WebUIKeywordMain.runKeyword(WebUIKeywordMain.groovy:20)
	... 83 more


2023-10-05 13:51:27 - [TEST_STEP][PASSED] - data = callTestCase(findTestCase("T13 Pembelian, Shipment dan Pembayaran/PBY-001"), [:], STOP_ON_FAILURE): Call Test Case 'Test Cases/T13 Pembelian, Shipment dan Pembayaran/PBY-001' successfully

2023-10-05 13:51:27 - [TEST_CASE][PASSED] - Test Cases/T13 Pembelian, Shipment dan Pembayaran/PBY-001: Test Cases/T13 Pembelian, Shipment dan Pembayaran/PBY-001

2023-10-05 13:51:27 - [TEST_STEP][PASSED] - data = callTestCase(findTestCase("T13 Pembelian, Shipment dan Pembayaran/PBL-004"), ["Kurir":"Roda 2"], STOP_ON_FAILURE): Call Test Case 'Test Cases/T13 Pembelian, Shipment dan Pembayaran/PBL-004' successfully

2023-10-05 13:51:28 - [TEST_CASE][PASSED] - Test Cases/T13 Pembelian, Shipment dan Pembayaran/PBL-004: Test Cases/T13 Pembelian, Shipment dan Pembayaran/PBL-004

2023-10-05 13:51:28 - [TEST_STEP][PASSED] - data = callTestCase(findTestCase("T13 Pembelian, Shipment dan Pembayaran/PBL-002"), [:], STOP_ON_FAILURE): Call Test Case 'Test Cases/T13 Pembelian, Shipment dan Pembayaran/PBL-002' successfully

2023-10-05 13:51:28 - [TEST_CASE][PASSED] - Test Cases/T13 Pembelian, Shipment dan Pembayaran/PBL-002: Test Cases/T13 Pembelian, Shipment dan Pembayaran/PBL-002

2023-10-05 13:51:28 - [TEST_STEP][PASSED] - data = callTestCase(findTestCase("T13 Pembelian, Shipment dan Pembayaran/PBL-001"), [:], STOP_ON_FAILURE): Call Test Case 'Test Cases/T13 Pembelian, Shipment dan Pembayaran/PBL-001' successfully

2023-10-05 13:51:28 - [TEST_CASE][PASSED] - Test Cases/T13 Pembelian, Shipment dan Pembayaran/PBL-001: Test Cases/T13 Pembelian, Shipment dan Pembayaran/PBL-001

2023-10-05 13:51:28 - [TEST_STEP][PASSED] - callTestCase(findTestCase("T13 Pembelian, Shipment dan Pembayaran/LU-001"), ["username":"irfanafandi", "password":"12345irfan"], STOP_ON_FAILURE): Call Test Case 'Test Cases/T13 Pembelian, Shipment dan Pembayaran/LU-001' successfully

2023-10-05 13:51:28 - [TEST_CASE][PASSED] - Test Cases/T13 Pembelian, Shipment dan Pembayaran/LU-001: Test Cases/T13 Pembelian, Shipment dan Pembayaran/LU-001

2023-10-05 13:51:28 - [TEST_STEP][PASSED] - openBrowser("https://10.9.2.63/ecommerce/"): Browser is opened with url: 'https://10.9.2.63/ecommerce/'

2023-10-05 13:51:28 - [MESSAGE][WARNING] - A browser is already opened. Closing browser and opening a new one

2023-10-05 13:51:29 - [MESSAGE][INFO] - Starting 'Edge Chromium' driver

2023-10-05 13:51:29 - [MESSAGE][INFO] - User set preference: ['acceptInsecureCerts', 'true']

2023-10-05 13:51:31 - [MESSAGE][INFO] - Action delay is set to 0 milliseconds

2023-10-05 13:51:35 - [MESSAGE][PASSED] - Browser is opened with url: 'https://10.9.2.63/ecommerce/'

2023-10-05 13:51:35 - [TEST_STEP][PASSED] - maximizeWindow(): Current window maximized

2023-10-05 13:51:35 - [MESSAGE][PASSED] - Current window maximized

2023-10-05 13:51:35 - [TEST_STEP][PASSED] - verifyElementPresent(findTestObject("Login/Home"), 0): Object 'Object Repository/Login/Home' is present

2023-10-05 13:51:35 - [MESSAGE][WARNING] - Timeout '0' is invalid. Using default page load timeout: '30'

2023-10-05 13:51:36 - [MESSAGE][PASSED] - Object 'Object Repository/Login/Home' is present

2023-10-05 13:51:36 - [TEST_STEP][PASSED] - click(findTestObject("Login/a_Login")): Object: 'Object Repository/Login/a_Login' is clicked on

2023-10-05 13:51:36 - [MESSAGE][PASSED] - Object: 'Object Repository/Login/a_Login' is clicked on

2023-10-05 13:51:36 - [TEST_STEP][PASSED] - verifyElementPresent(findTestObject("Login/Tittle Login"), 0): Object 'Object Repository/Login/Tittle Login' is present

2023-10-05 13:51:36 - [MESSAGE][WARNING] - Timeout '0' is invalid. Using default page load timeout: '30'

2023-10-05 13:51:37 - [MESSAGE][PASSED] - Object 'Object Repository/Login/Tittle Login' is present

2023-10-05 13:51:37 - [TEST_STEP][PASSED] - setText(findTestObject("Login/input_Username, Email atau No. Handphone_a"), username): Text 'irfanafandi' is set on object 'Object Repository/Login/input_Username, Email atau No. Handphone_a'

2023-10-05 13:51:38 - [MESSAGE][PASSED] - Text 'irfanafandi' is set on object 'Object Repository/Login/input_Username, Email atau No. Handphone_a'

2023-10-05 13:51:38 - [TEST_STEP][PASSED] - setText(findTestObject("Login/input_Password_b"), password): Text '12345irfan' is set on object 'Object Repository/Login/input_Password_b'

2023-10-05 13:51:39 - [MESSAGE][PASSED] - Text '12345irfan' is set on object 'Object Repository/Login/input_Password_b'

2023-10-05 13:51:39 - [TEST_STEP][PASSED] - click(findTestObject("Login/label_Ingat saya")): Object: 'Object Repository/Login/label_Ingat saya' is clicked on

2023-10-05 13:51:39 - [MESSAGE][PASSED] - Object: 'Object Repository/Login/label_Ingat saya' is clicked on

2023-10-05 13:51:39 - [TEST_STEP][PASSED] - click(findTestObject("Login/button_Masuk")): Object: 'Object Repository/Login/button_Masuk' is clicked on

2023-10-05 13:51:41 - [MESSAGE][PASSED] - Object: 'Object Repository/Login/button_Masuk' is clicked on

2023-10-05 13:51:41 - [TEST_STEP][PASSED] - verifyElementPresent(findTestObject("Login/li_Profile"), 0): Object 'Object Repository/Login/li_Profile' is present

2023-10-05 13:51:41 - [MESSAGE][WARNING] - Timeout '0' is invalid. Using default page load timeout: '30'

2023-10-05 13:51:42 - [MESSAGE][PASSED] - Object 'Object Repository/Login/li_Profile' is present

2023-10-05 13:51:42 - [MESSAGE][PASSED] - Call Test Case 'Test Cases/T13 Pembelian, Shipment dan Pembayaran/LU-001' successfully

2023-10-05 13:51:42 - [TEST_STEP][PASSED] - mouseOver(findTestObject("beli barang/i_Mulai Belanja_icon-menu")): Object: 'Object Repository/beli barang/i_Mulai Belanja_icon-menu' is hovered

2023-10-05 13:51:42 - [MESSAGE][PASSED] - Object: 'Object Repository/beli barang/i_Mulai Belanja_icon-menu' is hovered

2023-10-05 13:51:42 - [TEST_STEP][PASSED] - click(findTestObject("beli barang/a_Fashion  Busana Wanita")): Object: 'Object Repository/beli barang/a_Fashion  Busana Wanita' is clicked on

2023-10-05 13:51:44 - [MESSAGE][PASSED] - Object: 'Object Repository/beli barang/a_Fashion  Busana Wanita' is clicked on

2023-10-05 13:51:44 - [TEST_STEP][PASSED] - NamaSebelum = getText(findTestObject("verifikasi/Nama sebelum")): Text of object 'Object Repository/verifikasi/Nama sebelum' is: ''

2023-10-05 13:51:44 - [MESSAGE][PASSED] - Text of object 'Object Repository/verifikasi/Nama sebelum' is: ''

2023-10-05 13:51:44 - [TEST_STEP][PASSED] - HargaSebelum = getText(findTestObject("verifikasi/Harga sebelum")): Text of object 'Object Repository/verifikasi/Harga sebelum' is: 'Rp 1,299'

2023-10-05 13:51:45 - [MESSAGE][PASSED] - Text of object 'Object Repository/verifikasi/Harga sebelum' is: 'Rp 1,299'

2023-10-05 13:51:45 - [TEST_STEP][PASSED] - mouseOver(findTestObject("beli barang/barang mouse over")): Object: 'Object Repository/beli barang/barang mouse over' is hovered

2023-10-05 13:51:45 - [MESSAGE][PASSED] - Object: 'Object Repository/beli barang/barang mouse over' is hovered

2023-10-05 13:51:45 - [TEST_STEP][PASSED] - click(findTestObject("beli barang/buttom add to cart")): Object: 'Object Repository/beli barang/buttom add to cart' is clicked on

2023-10-05 13:51:47 - [MESSAGE][PASSED] - Object: 'Object Repository/beli barang/buttom add to cart' is clicked on

2023-10-05 13:51:47 - [TEST_STEP][PASSED] - NamaSesudah = getText(findTestObject("verifikasi/Nama sesudah")): Text of object 'Object Repository/verifikasi/Nama sesudah' is: 'Segitiga Instan Madeira - MDB5.3 Sunset'

2023-10-05 13:51:47 - [MESSAGE][PASSED] - Text of object 'Object Repository/verifikasi/Nama sesudah' is: 'Segitiga Instan Madeira - MDB5.3 Sunset'

2023-10-05 13:51:47 - [TEST_STEP][PASSED] - HargaSesudah = getText(findTestObject("verifikasi/Harga sesudah")): Text of object 'Object Repository/verifikasi/Harga sesudah' is: 'Rp 1,299'

2023-10-05 13:51:48 - [MESSAGE][PASSED] - Text of object 'Object Repository/verifikasi/Harga sesudah' is: 'Rp 1,299'

2023-10-05 13:51:48 - [TEST_STEP][PASSED] - assert NamaSesudah.contains(NamaSebelum): null

2023-10-05 13:51:48 - [TEST_STEP][PASSED] - assert HargaSesudah.contains(HargaSebelum): null

2023-10-05 13:51:48 - [TEST_STEP][PASSED] - click(findTestObject("beli barang/Tambah Keranjang busana wanita")): Object: 'Object Repository/beli barang/Tambah Keranjang busana wanita' is clicked on

2023-10-05 13:51:48 - [MESSAGE][PASSED] - Object: 'Object Repository/beli barang/Tambah Keranjang busana wanita' is clicked on

2023-10-05 13:51:48 - [TEST_STEP][PASSED] - verifyElementPresent(findTestObject("checkout/Notifikasi keranjang"), 1): Object 'Object Repository/checkout/Notifikasi keranjang' is present

2023-10-05 13:51:49 - [MESSAGE][PASSED] - Object 'Object Repository/checkout/Notifikasi keranjang' is present

2023-10-05 13:51:49 - [TEST_STEP][PASSED] - data = new java.util.HashMap(): null

2023-10-05 13:51:49 - [TEST_STEP][PASSED] - data.put("nama_barang", NamaSesudah): null

2023-10-05 13:51:49 - [TEST_STEP][PASSED] - data.put("price_barang", HargaSesudah): null

2023-10-05 13:51:49 - [TEST_STEP][PASSED] - return data: null

2023-10-05 13:51:49 - [MESSAGE][PASSED] - Call Test Case 'Test Cases/T13 Pembelian, Shipment dan Pembayaran/PBL-001' successfully

2023-10-05 13:51:49 - [TEST_STEP][PASSED] - mouseOver(findTestObject("beli barang/keranjang")): Object: 'Object Repository/beli barang/keranjang' is hovered

2023-10-05 13:51:50 - [MESSAGE][PASSED] - Object: 'Object Repository/beli barang/keranjang' is hovered

2023-10-05 13:51:50 - [TEST_STEP][PASSED] - click(findTestObject("beli barang/Lihat Sekarang")): Object: 'Object Repository/beli barang/Lihat Sekarang' is clicked on

2023-10-05 13:51:51 - [MESSAGE][PASSED] - Object: 'Object Repository/beli barang/Lihat Sekarang' is clicked on

2023-10-05 13:51:51 - [TEST_STEP][PASSED] - verifyElementPresent(findTestObject("keranjang/li_Keranjang Belanja"), 0): Object 'Object Repository/keranjang/li_Keranjang Belanja' is present

2023-10-05 13:51:51 - [MESSAGE][WARNING] - Timeout '0' is invalid. Using default page load timeout: '30'

2023-10-05 13:51:52 - [MESSAGE][PASSED] - Object 'Object Repository/keranjang/li_Keranjang Belanja' is present

2023-10-05 13:51:52 - [TEST_STEP][PASSED] - NamaKeranjang = getText(findTestObject("verifikasi/Nama keranjang")): Text of object 'Object Repository/verifikasi/Nama keranjang' is: 'Segitiga Instan Madeira - MDB5.3 Sunset'

2023-10-05 13:51:52 - [MESSAGE][PASSED] - Text of object 'Object Repository/verifikasi/Nama keranjang' is: 'Segitiga Instan Madeira - MDB5.3 Sunset'

2023-10-05 13:51:52 - [TEST_STEP][PASSED] - HargaKeranjang = getText(findTestObject("verifikasi/Harga Keranjang")): Text of object 'Object Repository/verifikasi/Harga Keranjang' is: 'Rp 1,299'

2023-10-05 13:51:53 - [MESSAGE][PASSED] - Text of object 'Object Repository/verifikasi/Harga Keranjang' is: 'Rp 1,299'

2023-10-05 13:51:53 - [TEST_STEP][PASSED] - if (toString().equalsIgnoreCase("Merah")): Object 'Object Repository/keranjang/input_Warna_variasi101' is checked

2023-10-05 13:51:53 - [TEST_STEP][PASSED] - check(findTestObject("Object Repository/keranjang/input_Warna_variasi101")): Object 'Object Repository/keranjang/input_Warna_variasi101' is checked

2023-10-05 13:51:53 - [MESSAGE][PASSED] - Object 'Object Repository/keranjang/input_Warna_variasi101' is checked

2023-10-05 13:51:53 - [TEST_STEP][PASSED] - if (toString().equalsIgnoreCase("Menengah")): Object 'Object Repository/keranjang/input_Ukuran_variasi201' is checked

2023-10-05 13:51:53 - [TEST_STEP][PASSED] - check(findTestObject("Object Repository/keranjang/input_Ukuran_variasi201")): Object 'Object Repository/keranjang/input_Ukuran_variasi201' is checked

2023-10-05 13:51:54 - [MESSAGE][PASSED] - Object 'Object Repository/keranjang/input_Ukuran_variasi201' is checked

2023-10-05 13:51:54 - [TEST_STEP][PASSED] - data.put("Warna", warna): null

2023-10-05 13:51:54 - [TEST_STEP][PASSED] - data.put("Ukuran", ukuran): null

2023-10-05 13:51:54 - [TEST_STEP][PASSED] - click(findTestObject("keranjang/button_Lanjut ke Pembayaran")): Object: 'Object Repository/keranjang/button_Lanjut ke Pembayaran' is clicked on

2023-10-05 13:51:55 - [MESSAGE][PASSED] - Object: 'Object Repository/keranjang/button_Lanjut ke Pembayaran' is clicked on

2023-10-05 13:51:55 - [TEST_STEP][PASSED] - verifyElementPresent(findTestObject("checkout/Tittle Checkout Order"), 0): Object 'Object Repository/checkout/Tittle Checkout Order' is present

2023-10-05 13:51:55 - [MESSAGE][WARNING] - Timeout '0' is invalid. Using default page load timeout: '30'

2023-10-05 13:51:56 - [MESSAGE][PASSED] - Object 'Object Repository/checkout/Tittle Checkout Order' is present

2023-10-05 13:51:56 - [TEST_STEP][PASSED] - name_product = data.get("nama_barang"): null

2023-10-05 13:51:56 - [TEST_STEP][PASSED] - price_product = data.get("price_barang"): null

2023-10-05 13:51:56 - [TEST_STEP][PASSED] - assert name_product == NamaKeranjang: null

2023-10-05 13:51:56 - [TEST_STEP][PASSED] - assert price_product == HargaKeranjang: null

2023-10-05 13:51:56 - [TEST_STEP][PASSED] - return data: null

2023-10-05 13:51:56 - [MESSAGE][PASSED] - Call Test Case 'Test Cases/T13 Pembelian, Shipment dan Pembayaran/PBL-002' successfully

2023-10-05 13:51:56 - [TEST_STEP][PASSED] - warnaa = getText(findTestObject("verifikasi/warna Merah")): Text of object 'Object Repository/verifikasi/warna Merah' is: 'Merah'

2023-10-05 13:51:56 - [MESSAGE][PASSED] - Text of object 'Object Repository/verifikasi/warna Merah' is: 'Merah'

2023-10-05 13:51:56 - [TEST_STEP][PASSED] - ukurann = getText(findTestObject("verifikasi/Ukuran Menengah")): Text of object 'Object Repository/verifikasi/Ukuran Menengah' is: 'Menengah'

2023-10-05 13:51:57 - [MESSAGE][PASSED] - Text of object 'Object Repository/verifikasi/Ukuran Menengah' is: 'Menengah'

2023-10-05 13:51:57 - [TEST_STEP][PASSED] - warna1 = data.get("Warna"): null

2023-10-05 13:51:57 - [TEST_STEP][PASSED] - ukuran1 = data.get("Ukuran"): null

2023-10-05 13:51:57 - [TEST_STEP][PASSED] - assert warnaa == warna1: null

2023-10-05 13:51:57 - [TEST_STEP][PASSED] - assert ukurann == ukuran1: null

2023-10-05 13:51:57 - [TEST_STEP][PASSED] - NamaCheckout = getText(findTestObject("verifikasi/NamaCheckout")): Text of object 'Object Repository/verifikasi/NamaCheckout' is: ''

2023-10-05 13:51:57 - [MESSAGE][PASSED] - Text of object 'Object Repository/verifikasi/NamaCheckout' is: ''

2023-10-05 13:51:57 - [TEST_STEP][PASSED] - HargaCheckout = getText(findTestObject("verifikasi/HargaCheckout")): Text of object 'Object Repository/verifikasi/HargaCheckout' is: '1,299'

2023-10-05 13:51:57 - [MESSAGE][PASSED] - Text of object 'Object Repository/verifikasi/HargaCheckout' is: '1,299'

2023-10-05 13:51:57 - [TEST_STEP][PASSED] - name_product = data.get("nama_barang"): null

2023-10-05 13:51:57 - [TEST_STEP][PASSED] - price_product = data.get("price_barang"): null

2023-10-05 13:51:57 - [TEST_STEP][PASSED] - assert name_product.contains(NamaCheckout): null

2023-10-05 13:51:57 - [TEST_STEP][PASSED] - assert price_product.contains(HargaCheckout): null

2023-10-05 13:51:57 - [TEST_STEP][PASSED] - selectOptionByLabel(findTestObject("checkout/select - Kirim via Kurir Lokal"), Kurir, false): All options with label 'Roda 2' are selected in object 'Object Repository/checkout/select - Kirim via Kurir Lokal' 

2023-10-05 13:51:58 - [MESSAGE][PASSED] - All options with label 'Roda 2' are selected in object 'Object Repository/checkout/select - Kirim via Kurir Lokal' 

2023-10-05 13:51:58 - [TEST_STEP][PASSED] - click(findTestObject("checkout/Kendaraan Kurir")): Object: 'Object Repository/checkout/Kendaraan Kurir' is clicked on

2023-10-05 13:51:59 - [MESSAGE][PASSED] - Object: 'Object Repository/checkout/Kendaraan Kurir' is clicked on

2023-10-05 13:51:59 - [TEST_STEP][PASSED] - OngkosKirim = getText(findTestObject("Object Repository/verifikasi/Ongkos Kirim checkout")): Text of object 'Object Repository/verifikasi/Ongkos Kirim checkout' is: 'Rp. 5,000'

2023-10-05 13:51:59 - [MESSAGE][PASSED] - Text of object 'Object Repository/verifikasi/Ongkos Kirim checkout' is: 'Rp. 5,000'

2023-10-05 13:51:59 - [TEST_STEP][PASSED] - Ongkos = OngkosKirim.substring(3, OngkosKirim.size()): null

2023-10-05 13:51:59 - [TEST_STEP][PASSED] - rep = Ongkos.replace(",", "."): null

2023-10-05 13:51:59 - [TEST_STEP][PASSED] - Ongkos_kirim = Double.parseDouble(rep): null

2023-10-05 13:51:59 - [TEST_STEP][PASSED] - println(Ongkos_kirim): null

2023-10-05 13:51:59 - [TEST_STEP][PASSED] - FeeAdmin = getText(findTestObject("verifikasi/Fee Admin checkout")): Text of object 'Object Repository/verifikasi/Fee Admin checkout' is: 'Fee Admin
Rp 1,500'

2023-10-05 13:52:00 - [MESSAGE][PASSED] - Text of object 'Object Repository/verifikasi/Fee Admin checkout' is: 'Fee Admin
Rp 1,500'

2023-10-05 13:52:00 - [TEST_STEP][PASSED] - Fee_Admin = FeeAdmin.substring(12, FeeAdmin.size()): null

2023-10-05 13:52:00 - [TEST_STEP][PASSED] - fee = Fee_Admin.replace(",", "."): null

2023-10-05 13:52:00 - [TEST_STEP][PASSED] - fee_admin = Double.parseDouble(fee): null

2023-10-05 13:52:00 - [TEST_STEP][PASSED] - println(fee_admin): null

2023-10-05 13:52:00 - [TEST_STEP][PASSED] - Subtotal = getText(findTestObject("verifikasi/subtotal checkout")): Text of object 'Object Repository/verifikasi/subtotal checkout' is: 'Subtotal
Rp 1,299'

2023-10-05 13:52:01 - [MESSAGE][PASSED] - Text of object 'Object Repository/verifikasi/subtotal checkout' is: 'Subtotal
Rp 1,299'

2023-10-05 13:52:01 - [TEST_STEP][PASSED] - sub_total = Subtotal.substring(12, Subtotal.size()): null

2023-10-05 13:52:01 - [TEST_STEP][PASSED] - sub = sub_total.replace(",", "."): null

2023-10-05 13:52:01 - [TEST_STEP][PASSED] - sub_total = Double.parseDouble(sub): null

2023-10-05 13:52:01 - [TEST_STEP][PASSED] - println(sub_total): null

2023-10-05 13:52:01 - [TEST_STEP][PASSED] - Total = getText(findTestObject("verifikasi/Total checkout")): Text of object 'Object Repository/verifikasi/Total checkout' is: 'Rp 7,799'

2023-10-05 13:52:01 - [MESSAGE][PASSED] - Text of object 'Object Repository/verifikasi/Total checkout' is: 'Rp 7,799'

2023-10-05 13:52:01 - [TEST_STEP][PASSED] - totall = Total.substring(3, Total.size()): null

2023-10-05 13:52:01 - [TEST_STEP][PASSED] - total = totall.replace(",", "."): null

2023-10-05 13:52:01 - [TEST_STEP][PASSED] - totall = Double.parseDouble(total): null

2023-10-05 13:52:01 - [TEST_STEP][PASSED] - println(totall): null

2023-10-05 13:52:01 - [TEST_STEP][PASSED] - Total_Harga = Ongkos_kirim + fee_admin + sub_total: null

2023-10-05 13:52:01 - [TEST_STEP][PASSED] - println(Total_Harga): null

2023-10-05 13:52:01 - [TEST_STEP][PASSED] - TotalHarga = Math.round(Total_Harga * 1000) / 1000: null

2023-10-05 13:52:01 - [TEST_STEP][PASSED] - println(TotalHarga): null

2023-10-05 13:52:01 - [TEST_STEP][PASSED] - assert totall == TotalHarga: null

2023-10-05 13:52:01 - [TEST_STEP][PASSED] - click(findTestObject("verifikasi/Metode Transfer")): Object: 'Object Repository/verifikasi/Metode Transfer' is clicked on

2023-10-05 13:52:01 - [MESSAGE][PASSED] - Object: 'Object Repository/verifikasi/Metode Transfer' is clicked on

2023-10-05 13:52:01 - [TEST_STEP][PASSED] - click(findTestObject("checkout/button_Proses Pembayaran")): Object: 'Object Repository/checkout/button_Proses Pembayaran' is clicked on

2023-10-05 13:52:10 - [MESSAGE][PASSED] - Object: 'Object Repository/checkout/button_Proses Pembayaran' is clicked on

2023-10-05 13:52:10 - [TEST_STEP][PASSED] - verifyElementPresent(findTestObject("pembayaran/Tittle nomor invoice"), 0): Object 'Object Repository/pembayaran/Tittle nomor invoice' is present

2023-10-05 13:52:10 - [MESSAGE][WARNING] - Timeout '0' is invalid. Using default page load timeout: '30'

2023-10-05 13:52:11 - [MESSAGE][PASSED] - Object 'Object Repository/pembayaran/Tittle nomor invoice' is present

2023-10-05 13:52:11 - [TEST_STEP][PASSED] - return data: null

2023-10-05 13:52:11 - [MESSAGE][PASSED] - Call Test Case 'Test Cases/T13 Pembelian, Shipment dan Pembayaran/PBL-004' successfully

2023-10-05 13:52:11 - [TEST_STEP][PASSED] - Invoice = getText(findTestObject("pembayaran/nomor invoice")): Text of object 'Object Repository/pembayaran/nomor invoice' is: 'TRX60.20231005135205'

2023-10-05 13:52:11 - [MESSAGE][PASSED] - Text of object 'Object Repository/pembayaran/nomor invoice' is: 'TRX60.20231005135205'

2023-10-05 13:52:11 - [TEST_STEP][PASSED] - data.put("invoice", Invoice): null

2023-10-05 13:52:11 - [TEST_STEP][PASSED] - NamaPemesan = getText(findTestObject("Konfirmasi pesanan shop/Nama pemesan")): Text of object 'Object Repository/Konfirmasi pesanan shop/Nama pemesan' is: 'irfan.afandi'

2023-10-05 13:52:12 - [MESSAGE][PASSED] - Text of object 'Object Repository/Konfirmasi pesanan shop/Nama pemesan' is: 'irfan.afandi'

2023-10-05 13:52:12 - [TEST_STEP][PASSED] - Nama = getText(findTestObject("pembayaran/Nama barang")): Text of object 'Object Repository/pembayaran/Nama barang' is: 'Segitiga Instan Madeira - MDB5.3 Sunset'

2023-10-05 13:52:12 - [MESSAGE][PASSED] - Text of object 'Object Repository/pembayaran/Nama barang' is: 'Segitiga Instan Madeira - MDB5.3 Sunset'

2023-10-05 13:52:12 - [TEST_STEP][PASSED] - Harga = getText(findTestObject("pembayaran/Harga barang")): Text of object 'Object Repository/pembayaran/Harga barang' is: '1,299'

2023-10-05 13:52:13 - [MESSAGE][PASSED] - Text of object 'Object Repository/pembayaran/Harga barang' is: '1,299'

2023-10-05 13:52:13 - [TEST_STEP][PASSED] - name_product = data.get("nama_barang"): null

2023-10-05 13:52:13 - [TEST_STEP][PASSED] - price_product = data.get("price_barang"): null

2023-10-05 13:52:13 - [TEST_STEP][PASSED] - assert name_product.contains(Nama): null

2023-10-05 13:52:13 - [TEST_STEP][PASSED] - assert price_product.contains(Harga): null

2023-10-05 13:52:13 - [TEST_STEP][PASSED] - warnaa = getText(findTestObject("pembayaran/warna")): Text of object 'Object Repository/pembayaran/warna' is: 'Merah'

2023-10-05 13:52:13 - [MESSAGE][PASSED] - Text of object 'Object Repository/pembayaran/warna' is: 'Merah'

2023-10-05 13:52:13 - [TEST_STEP][PASSED] - ukurann = getText(findTestObject("pembayaran/ukuran")): Text of object 'Object Repository/pembayaran/ukuran' is: 'Menengah'

2023-10-05 13:52:14 - [MESSAGE][PASSED] - Text of object 'Object Repository/pembayaran/ukuran' is: 'Menengah'

2023-10-05 13:52:14 - [TEST_STEP][PASSED] - warna1 = data.get("Warna"): null

2023-10-05 13:52:14 - [TEST_STEP][PASSED] - ukuran1 = data.get("Ukuran"): null

2023-10-05 13:52:14 - [TEST_STEP][PASSED] - assert warnaa == warna1: null

2023-10-05 13:52:14 - [TEST_STEP][PASSED] - assert ukurann == ukuran1: null

2023-10-05 13:52:14 - [TEST_STEP][PASSED] - statusPembelian = getText(findTestObject("verifikasi/Status pending di pembelian")): Text of object 'Object Repository/verifikasi/Status pending di pembelian' is: 'Pending'

2023-10-05 13:52:14 - [MESSAGE][PASSED] - Text of object 'Object Repository/verifikasi/Status pending di pembelian' is: 'Pending'

2023-10-05 13:52:14 - [TEST_STEP][PASSED] - data.put("statusPem", statusPembelian): null

2023-10-05 13:52:14 - [TEST_STEP][PASSED] - OngkosKirim = getText(findTestObject("pembayaran/ongkos kirim")): Text of object 'Object Repository/pembayaran/ongkos kirim' is: 'Rp 5,000'

2023-10-05 13:52:15 - [MESSAGE][PASSED] - Text of object 'Object Repository/pembayaran/ongkos kirim' is: 'Rp 5,000'

2023-10-05 13:52:15 - [TEST_STEP][PASSED] - Ongkos = OngkosKirim.substring(3, OngkosKirim.size()): null

2023-10-05 13:52:15 - [TEST_STEP][PASSED] - rep = Ongkos.replace(",", ""): null

2023-10-05 13:52:15 - [TEST_STEP][PASSED] - Ongkos_kirimm = Integer.parseInt(rep): null

2023-10-05 13:52:15 - [TEST_STEP][PASSED] - println(Ongkos_kirimm): null

2023-10-05 13:52:15 - [TEST_STEP][PASSED] - FeeAdmin = getText(findTestObject("pembayaran/fee admin")): Text of object 'Object Repository/pembayaran/fee admin' is: 'Rp 1,500'

2023-10-05 13:52:15 - [MESSAGE][PASSED] - Text of object 'Object Repository/pembayaran/fee admin' is: 'Rp 1,500'

2023-10-05 13:52:15 - [TEST_STEP][PASSED] - Fee_Admin = FeeAdmin.substring(3, FeeAdmin.size()): null

2023-10-05 13:52:15 - [TEST_STEP][PASSED] - fee = Fee_Admin.replace(",", ""): null

2023-10-05 13:52:15 - [TEST_STEP][PASSED] - fee_adminn = Integer.parseInt(fee): null

2023-10-05 13:52:15 - [TEST_STEP][PASSED] - println(fee_adminn): null

2023-10-05 13:52:15 - [TEST_STEP][PASSED] - Subtotal = getText(findTestObject("pembayaran/subtotal")): Text of object 'Object Repository/pembayaran/subtotal' is: 'Rp 1,299'

2023-10-05 13:52:16 - [MESSAGE][PASSED] - Text of object 'Object Repository/pembayaran/subtotal' is: 'Rp 1,299'

2023-10-05 13:52:16 - [TEST_STEP][PASSED] - sub_total = Subtotal.substring(3, Subtotal.size()): null

2023-10-05 13:52:16 - [TEST_STEP][PASSED] - sub = sub_total.replace(",", ""): null

2023-10-05 13:52:16 - [TEST_STEP][PASSED] - sub_totall = Integer.parseInt(sub): null

2023-10-05 13:52:16 - [TEST_STEP][PASSED] - println(sub_totall): null

2023-10-05 13:52:16 - [TEST_STEP][PASSED] - unik = getText(findTestObject("pembayaran/kode unik")): Text of object 'Object Repository/pembayaran/kode unik' is: '+205'

2023-10-05 13:52:16 - [MESSAGE][PASSED] - Text of object 'Object Repository/pembayaran/kode unik' is: '+205'

2023-10-05 13:52:16 - [TEST_STEP][PASSED] - unikk = unik.replace("+", ""): null

2023-10-05 13:52:16 - [TEST_STEP][PASSED] - kode_unik = Integer.parseInt(unikk): null

2023-10-05 13:52:16 - [TEST_STEP][PASSED] - println(kode_unik): null

2023-10-05 13:52:16 - [TEST_STEP][PASSED] - Total = getText(findTestObject("pembayaran/total")): Text of object 'Object Repository/pembayaran/total' is: '8,004'

2023-10-05 13:52:17 - [MESSAGE][PASSED] - Text of object 'Object Repository/pembayaran/total' is: '8,004'

2023-10-05 13:52:17 - [TEST_STEP][PASSED] - total = Total.replace(",", ""): null

2023-10-05 13:52:17 - [TEST_STEP][PASSED] - totalll = Integer.parseInt(total): null

2023-10-05 13:52:17 - [TEST_STEP][PASSED] - println(totalll): null

2023-10-05 13:52:17 - [TEST_STEP][PASSED] - Total_Hargaa = Ongkos_kirimm + fee_adminn + sub_totall + kode_unik: null

2023-10-05 13:52:17 - [TEST_STEP][PASSED] - println(Total_Hargaa): null

2023-10-05 13:52:17 - [TEST_STEP][PASSED] - assert totalll == Total_Hargaa: null

2023-10-05 13:52:17 - [TEST_STEP][PASSED] - data.put("total", Total): null

2023-10-05 13:52:17 - [TEST_STEP][PASSED] - data.put("nama", NamaPemesan): null

2023-10-05 13:52:17 - [TEST_STEP][PASSED] - return data: null

2023-10-05 13:52:17 - [MESSAGE][PASSED] - Call Test Case 'Test Cases/T13 Pembelian, Shipment dan Pembayaran/PBY-001' successfully

2023-10-05 13:52:17 - [TEST_STEP][PASSED] - inv = data.get("invoice"): null

2023-10-05 13:52:17 - [TEST_STEP][PASSED] - Total = data.get("total"): null

2023-10-05 13:52:17 - [TEST_STEP][PASSED] - NamaPemesan = data.get("nama"): null

2023-10-05 13:52:17 - [TEST_STEP][PASSED] - click(findTestObject("Konfirmasi pesanan shop/Menu Shop")): Object: 'Object Repository/Konfirmasi pesanan shop/Menu Shop' is clicked on

2023-10-05 13:52:19 - [MESSAGE][PASSED] - Object: 'Object Repository/Konfirmasi pesanan shop/Menu Shop' is clicked on

2023-10-05 13:52:19 - [TEST_STEP][PASSED] - click(findTestObject("Konfirmasi pesanan shop/Menu Shop")): Object: 'Object Repository/Konfirmasi pesanan shop/Menu Shop' is clicked on

2023-10-05 13:52:19 - [MESSAGE][PASSED] - Object: 'Object Repository/Konfirmasi pesanan shop/Menu Shop' is clicked on

2023-10-05 13:52:19 - [TEST_STEP][FAILED] - click(findTestObject("Konfirmasi pesanan shop/Konfirmasi Orders")): Unable to click on object 'Object Repository/Konfirmasi pesanan shop/Konfirmasi Orders' (Root cause: com.kms.katalon.core.exception.StepFailedException: Unable to click on object 'Object Repository/Konfirmasi pesanan shop/Konfirmasi Orders'
	at com.kms.katalon.core.webui.keyword.internal.WebUIKeywordMain.stepFailed(WebUIKeywordMain.groovy:64)
	at com.kms.katalon.core.webui.keyword.internal.WebUIKeywordMain.runKeyword(WebUIKeywordMain.groovy:26)
	at com.kms.katalon.core.webui.keyword.builtin.ClickKeyword.click(ClickKeyword.groovy:74)
	at com.kms.katalon.core.webui.keyword.builtin.ClickKeyword.execute(ClickKeyword.groovy:40)
	at com.kms.katalon.core.keyword.internal.KeywordExecutor.executeKeywordForPlatform(KeywordExecutor.groovy:74)
	at com.kms.katalon.core.webui.keyword.WebUiBuiltInKeywords.click(WebUiBuiltInKeywords.groovy:620)
	at com.kms.katalon.core.webui.keyword.WebUiBuiltInKeywords$click$2.call(Unknown Source)
	at PBY-004.run(PBY-004:33)
	at com.kms.katalon.core.main.ScriptEngine.run(ScriptEngine.java:194)
	at com.kms.katalon.core.main.ScriptEngine.runScriptAsRawText(ScriptEngine.java:119)
	at com.kms.katalon.core.main.TestCaseExecutor.runScript(TestCaseExecutor.java:448)
	at com.kms.katalon.core.main.TestCaseExecutor.doExecute(TestCaseExecutor.java:439)
	at com.kms.katalon.core.main.TestCaseExecutor.processExecutionPhase(TestCaseExecutor.java:418)
	at com.kms.katalon.core.main.TestCaseExecutor.accessMainPhase(TestCaseExecutor.java:410)
	at com.kms.katalon.core.main.TestCaseExecutor.execute(TestCaseExecutor.java:285)
	at com.kms.katalon.core.main.TestCaseMain.runTestCase(TestCaseMain.java:144)
	at com.kms.katalon.core.keyword.builtin.CallTestCaseKeyword$_callTestCase_closure1.doCall(CallTestCaseKeyword.groovy:59)
	at com.kms.katalon.core.keyword.builtin.CallTestCaseKeyword$_callTestCase_closure1.call(CallTestCaseKeyword.groovy)
	at com.kms.katalon.core.keyword.internal.KeywordMain.runKeyword(KeywordMain.groovy:75)
	at com.kms.katalon.core.keyword.builtin.CallTestCaseKeyword.callTestCase(CallTestCaseKeyword.groovy:81)
	at com.kms.katalon.core.keyword.builtin.CallTestCaseKeyword.execute(CallTestCaseKeyword.groovy:44)
	at com.kms.katalon.core.keyword.internal.KeywordExecutor.executeKeywordForPlatform(KeywordExecutor.groovy:74)
	at com.kms.katalon.core.keyword.BuiltinKeywords.callTestCase(BuiltinKeywords.groovy:310)
	at PBYA-001.run(PBYA-001:20)
	at com.kms.katalon.core.main.ScriptEngine.run(ScriptEngine.java:194)
	at com.kms.katalon.core.main.ScriptEngine.runScriptAsRawText(ScriptEngine.java:119)
	at com.kms.katalon.core.main.TestCaseExecutor.runScript(TestCaseExecutor.java:448)
	at com.kms.katalon.core.main.TestCaseExecutor.doExecute(TestCaseExecutor.java:439)
	at com.kms.katalon.core.main.TestCaseExecutor.processExecutionPhase(TestCaseExecutor.java:418)
	at com.kms.katalon.core.main.TestCaseExecutor.accessMainPhase(TestCaseExecutor.java:410)
	at com.kms.katalon.core.main.TestCaseExecutor.execute(TestCaseExecutor.java:285)
	at com.kms.katalon.core.main.TestCaseMain.runTestCase(TestCaseMain.java:144)
	at com.kms.katalon.core.keyword.builtin.CallTestCaseKeyword$_callTestCase_closure1.doCall(CallTestCaseKeyword.groovy:59)
	at com.kms.katalon.core.keyword.builtin.CallTestCaseKeyword$_callTestCase_closure1.call(CallTestCaseKeyword.groovy)
	at com.kms.katalon.core.keyword.internal.KeywordMain.runKeyword(KeywordMain.groovy:75)
	at com.kms.katalon.core.keyword.builtin.CallTestCaseKeyword.callTestCase(CallTestCaseKeyword.groovy:81)
	at com.kms.katalon.core.keyword.builtin.CallTestCaseKeyword.execute(CallTestCaseKeyword.groovy:44)
	at com.kms.katalon.core.keyword.internal.KeywordExecutor.executeKeywordForPlatform(KeywordExecutor.groovy:74)
	at com.kms.katalon.core.keyword.BuiltinKeywords.callTestCase(BuiltinKeywords.groovy:310)
	at SA-001.run(SA-001:20)
	at com.kms.katalon.core.main.ScriptEngine.run(ScriptEngine.java:194)
	at com.kms.katalon.core.main.ScriptEngine.runScriptAsRawText(ScriptEngine.java:119)
	at com.kms.katalon.core.main.TestCaseExecutor.runScript(TestCaseExecutor.java:448)
	at com.kms.katalon.core.main.TestCaseExecutor.doExecute(TestCaseExecutor.java:439)
	at com.kms.katalon.core.main.TestCaseExecutor.processExecutionPhase(TestCaseExecutor.java:418)
	at com.kms.katalon.core.main.TestCaseExecutor.accessMainPhase(TestCaseExecutor.java:410)
	at com.kms.katalon.core.main.TestCaseExecutor.execute(TestCaseExecutor.java:285)
	at com.kms.katalon.core.main.TestCaseMain.runTestCase(TestCaseMain.java:144)
	at com.kms.katalon.core.keyword.builtin.CallTestCaseKeyword$_callTestCase_closure1.doCall(CallTestCaseKeyword.groovy:59)
	at com.kms.katalon.core.keyword.builtin.CallTestCaseKeyword$_callTestCase_closure1.call(CallTestCaseKeyword.groovy)
	at com.kms.katalon.core.keyword.internal.KeywordMain.runKeyword(KeywordMain.groovy:75)
	at com.kms.katalon.core.keyword.builtin.CallTestCaseKeyword.callTestCase(CallTestCaseKeyword.groovy:81)
	at com.kms.katalon.core.keyword.builtin.CallTestCaseKeyword.execute(CallTestCaseKeyword.groovy:44)
	at com.kms.katalon.core.keyword.internal.KeywordExecutor.executeKeywordForPlatform(KeywordExecutor.groovy:74)
	at com.kms.katalon.core.keyword.BuiltinKeywords.callTestCase(BuiltinKeywords.groovy:310)
	at SA-002.run(SA-002:20)
	at com.kms.katalon.core.main.ScriptEngine.run(ScriptEngine.java:194)
	at com.kms.katalon.core.main.ScriptEngine.runScriptAsRawText(ScriptEngine.java:119)
	at com.kms.katalon.core.main.TestCaseExecutor.runScript(TestCaseExecutor.java:448)
	at com.kms.katalon.core.main.TestCaseExecutor.doExecute(TestCaseExecutor.java:439)
	at com.kms.katalon.core.main.TestCaseExecutor.processExecutionPhase(TestCaseExecutor.java:418)
	at com.kms.katalon.core.main.TestCaseExecutor.accessMainPhase(TestCaseExecutor.java:410)
	at com.kms.katalon.core.main.TestCaseExecutor.execute(TestCaseExecutor.java:285)
	at com.kms.katalon.core.main.TestCaseMain.runTestCase(TestCaseMain.java:144)
	at com.kms.katalon.core.keyword.builtin.CallTestCaseKeyword$_callTestCase_closure1.doCall(CallTestCaseKeyword.groovy:59)
	at com.kms.katalon.core.keyword.builtin.CallTestCaseKeyword$_callTestCase_closure1.call(CallTestCaseKeyword.groovy)
	at com.kms.katalon.core.keyword.internal.KeywordMain.runKeyword(KeywordMain.groovy:75)
	at com.kms.katalon.core.keyword.builtin.CallTestCaseKeyword.callTestCase(CallTestCaseKeyword.groovy:81)
	at com.kms.katalon.core.keyword.builtin.CallTestCaseKeyword.execute(CallTestCaseKeyword.groovy:44)
	at com.kms.katalon.core.keyword.internal.KeywordExecutor.executeKeywordForPlatform(KeywordExecutor.groovy:74)
	at com.kms.katalon.core.keyword.BuiltinKeywords.callTestCase(BuiltinKeywords.groovy:310)
	at SA-009.run(SA-009:25)
	at com.kms.katalon.core.main.ScriptEngine.run(ScriptEngine.java:194)
	at com.kms.katalon.core.main.ScriptEngine.runScriptAsRawText(ScriptEngine.java:119)
	at com.kms.katalon.core.main.TestCaseExecutor.runScript(TestCaseExecutor.java:448)
	at com.kms.katalon.core.main.TestCaseExecutor.doExecute(TestCaseExecutor.java:439)
	at com.kms.katalon.core.main.TestCaseExecutor.processExecutionPhase(TestCaseExecutor.java:418)
	at com.kms.katalon.core.main.TestCaseExecutor.accessMainPhase(TestCaseExecutor.java:410)
	at com.kms.katalon.core.main.TestCaseExecutor.execute(TestCaseExecutor.java:285)
	at com.kms.katalon.core.common.CommonExecutor.accessTestCaseMainPhase(CommonExecutor.java:65)
	at com.kms.katalon.core.main.TestSuiteExecutor.accessTestSuiteMainPhase(TestSuiteExecutor.java:148)
	at com.kms.katalon.core.main.TestSuiteExecutor.execute(TestSuiteExecutor.java:106)
	at com.kms.katalon.core.main.TestCaseMain.startTestSuite(TestCaseMain.java:187)
	at com.kms.katalon.core.main.TestCaseMain$startTestSuite$0.call(Unknown Source)
	at TempTestSuite1696486556660.run(TempTestSuite1696486556660.groovy:36)
Caused by: org.openqa.selenium.ElementNotInteractableException: element not interactable
  (Session info: MicrosoftEdge=117.0.2045.43)
Build info: version: '3.141.59', revision: 'e82be7d358', time: '2018-11-14T08:25:53'
System info: host: 'DESKTOP-H62FVJ8', ip: '10.9.2.18', os.name: 'Windows 10', os.arch: 'amd64', os.version: '10.0', java.version: '1.8.0_362'
Driver info: com.kms.katalon.selenium.driver.CEdgeDriver
Capabilities {acceptInsecureCerts: true, browserName: msedge, browserVersion: 117.0.2045.43, fedcm:accounts: true, javascriptEnabled: true, ms:edgeOptions: {debuggerAddress: localhost:63134}, msedge: {msedgedriverVersion: 117.0.2045.47 (b75fe6866687..., userDataDir: C:\Users\IRFAN\AppData\Loca...}, networkConnectionEnabled: false, pageLoadStrategy: normal, platform: WINDOWS, platformName: WINDOWS, proxy: Proxy(), setWindowRect: true, strictFileInteractability: false, timeouts: {implicit: 0, pageLoad: 300000, script: 30000}, unhandledPromptBehavior: dismiss and notify, webauthn:extension:credBlob: true, webauthn:extension:largeBlob: true, webauthn:extension:minPinLength: true, webauthn:extension:prf: true, webauthn:virtualAuthenticators: true}
Session ID: e683f878c54822fa814ef0f7d89d1a79
	at org.openqa.selenium.remote.http.W3CHttpResponseCodec.createException(W3CHttpResponseCodec.java:187)
	at org.openqa.selenium.remote.http.W3CHttpResponseCodec.decode(W3CHttpResponseCodec.java:122)
	at org.openqa.selenium.remote.http.W3CHttpResponseCodec.decode(W3CHttpResponseCodec.java:49)
	at org.openqa.selenium.remote.HttpCommandExecutor.execute(HttpCommandExecutor.java:158)
	at org.openqa.selenium.remote.service.DriverCommandExecutor.execute(DriverCommandExecutor.java:83)
	at org.openqa.selenium.remote.RemoteWebDriver.execute(RemoteWebDriver.java:552)
	at com.kms.katalon.selenium.driver.CEdgeDriver.execute(CEdgeDriver.java:20)
	at org.openqa.selenium.remote.RemoteWebElement.execute(RemoteWebElement.java:285)
	at org.openqa.selenium.remote.RemoteWebElement.click(RemoteWebElement.java:84)
	at org.openqa.selenium.support.events.EventFiringWebDriver$EventFiringWebElement.lambda$new$0(EventFiringWebDriver.java:404)
	at com.sun.proxy.$Proxy11.click(Unknown Source)
	at org.openqa.selenium.support.events.EventFiringWebDriver$EventFiringWebElement.click(EventFiringWebDriver.java:417)
	at org.openqa.selenium.WebElement$click.call(Unknown Source)
	at com.kms.katalon.core.webui.keyword.builtin.ClickKeyword.clickUntilSuccessWithTimeout(ClickKeyword.groovy:81)
	at com.kms.katalon.core.webui.keyword.builtin.ClickKeyword.clickUntilSuccessWithTimeout(ClickKeyword.groovy)
	at com.kms.katalon.core.webui.keyword.builtin.ClickKeyword$_click_closure1.doCall(ClickKeyword.groovy:67)
	at com.kms.katalon.core.webui.keyword.builtin.ClickKeyword$_click_closure1.call(ClickKeyword.groovy)
	at com.kms.katalon.core.webui.keyword.internal.WebUIKeywordMain.runKeyword(WebUIKeywordMain.groovy:20)
	at com.kms.katalon.core.webui.keyword.builtin.ClickKeyword.click(ClickKeyword.groovy:74)
	at com.kms.katalon.core.webui.keyword.builtin.ClickKeyword.execute(ClickKeyword.groovy:40)
	at com.kms.katalon.core.keyword.internal.KeywordExecutor.executeKeywordForPlatform(KeywordExecutor.groovy:74)
	at com.kms.katalon.core.webui.keyword.WebUiBuiltInKeywords.click(WebUiBuiltInKeywords.groovy:620)
	at com.kms.katalon.core.webui.keyword.WebUiBuiltInKeywords$click$2.call(Unknown Source)
	at Script1695958134162.run(Script1695958134162.groovy:33)
	at com.kms.katalon.core.main.ScriptEngine.run(ScriptEngine.java:194)
	at com.kms.katalon.core.main.ScriptEngine.runScriptAsRawText(ScriptEngine.java:119)
	at com.kms.katalon.core.main.TestCaseExecutor.runScript(TestCaseExecutor.java:448)
	at com.kms.katalon.core.main.TestCaseExecutor.doExecute(TestCaseExecutor.java:439)
	at com.kms.katalon.core.main.TestCaseExecutor.processExecutionPhase(TestCaseExecutor.java:418)
	at com.kms.katalon.core.main.TestCaseExecutor.accessMainPhase(TestCaseExecutor.java:410)
	at com.kms.katalon.core.main.TestCaseExecutor.execute(TestCaseExecutor.java:285)
	at com.kms.katalon.core.main.TestCaseMain.runTestCase(TestCaseMain.java:144)
	at com.kms.katalon.core.keyword.builtin.CallTestCaseKeyword$_callTestCase_closure1.doCall(CallTestCaseKeyword.groovy:59)
	at com.kms.katalon.core.keyword.builtin.CallTestCaseKeyword$_callTestCase_closure1.call(CallTestCaseKeyword.groovy)
	at com.kms.katalon.core.keyword.internal.KeywordMain.runKeyword(KeywordMain.groovy:75)
	at com.kms.katalon.core.keyword.builtin.CallTestCaseKeyword.callTestCase(CallTestCaseKeyword.groovy:81)
	at com.kms.katalon.core.keyword.builtin.CallTestCaseKeyword.execute(CallTestCaseKeyword.groovy:44)
	at com.kms.katalon.core.keyword.internal.KeywordExecutor.executeKeywordForPlatform(KeywordExecutor.groovy:74)
	at com.kms.katalon.core.keyword.BuiltinKeywords.callTestCase(BuiltinKeywords.groovy:310)
	at Script1695958536957.run(Script1695958536957.groovy:20)
	at com.kms.katalon.core.main.ScriptEngine.run(ScriptEngine.java:194)
	at com.kms.katalon.core.main.ScriptEngine.runScriptAsRawText(ScriptEngine.java:119)
	at com.kms.katalon.core.main.TestCaseExecutor.runScript(TestCaseExecutor.java:448)
	at com.kms.katalon.core.main.TestCaseExecutor.doExecute(TestCaseExecutor.java:439)
	at com.kms.katalon.core.main.TestCaseExecutor.processExecutionPhase(TestCaseExecutor.java:418)
	at com.kms.katalon.core.main.TestCaseExecutor.accessMainPhase(TestCaseExecutor.java:410)
	at com.kms.katalon.core.main.TestCaseExecutor.execute(TestCaseExecutor.java:285)
	at com.kms.katalon.core.main.TestCaseMain.runTestCase(TestCaseMain.java:144)
	at com.kms.katalon.core.keyword.builtin.CallTestCaseKeyword$_callTestCase_closure1.doCall(CallTestCaseKeyword.groovy:59)
	at com.kms.katalon.core.keyword.builtin.CallTestCaseKeyword$_callTestCase_closure1.call(CallTestCaseKeyword.groovy)
	at com.kms.katalon.core.keyword.internal.KeywordMain.runKeyword(KeywordMain.groovy:75)
	at com.kms.katalon.core.keyword.builtin.CallTestCaseKeyword.callTestCase(CallTestCaseKeyword.groovy:81)
	at com.kms.katalon.core.keyword.builtin.CallTestCaseKeyword.execute(CallTestCaseKeyword.groovy:44)
	at com.kms.katalon.core.keyword.internal.KeywordExecutor.executeKeywordForPlatform(KeywordExecutor.groovy:74)
	at com.kms.katalon.core.keyword.BuiltinKeywords.callTestCase(BuiltinKeywords.groovy:310)
	at Script1695958721803.run(Script1695958721803.groovy:20)
	at com.kms.katalon.core.main.ScriptEngine.run(ScriptEngine.java:194)
	at com.kms.katalon.core.main.ScriptEngine.runScriptAsRawText(ScriptEngine.java:119)
	at com.kms.katalon.core.main.TestCaseExecutor.runScript(TestCaseExecutor.java:448)
	at com.kms.katalon.core.main.TestCaseExecutor.doExecute(TestCaseExecutor.java:439)
	at com.kms.katalon.core.main.TestCaseExecutor.processExecutionPhase(TestCaseExecutor.java:418)
	at com.kms.katalon.core.main.TestCaseExecutor.accessMainPhase(TestCaseExecutor.java:410)
	at com.kms.katalon.core.main.TestCaseExecutor.execute(TestCaseExecutor.java:285)
	at com.kms.katalon.core.main.TestCaseMain.runTestCase(TestCaseMain.java:144)
	at com.kms.katalon.core.keyword.builtin.CallTestCaseKeyword$_callTestCase_closure1.doCall(CallTestCaseKeyword.groovy:59)
	at com.kms.katalon.core.keyword.builtin.CallTestCaseKeyword$_callTestCase_closure1.call(CallTestCaseKeyword.groovy)
	at com.kms.katalon.core.keyword.internal.KeywordMain.runKeyword(KeywordMain.groovy:75)
	at com.kms.katalon.core.keyword.builtin.CallTestCaseKeyword.callTestCase(CallTestCaseKeyword.groovy:81)
	at com.kms.katalon.core.keyword.builtin.CallTestCaseKeyword.execute(CallTestCaseKeyword.groovy:44)
	at com.kms.katalon.core.keyword.internal.KeywordExecutor.executeKeywordForPlatform(KeywordExecutor.groovy:74)
	at com.kms.katalon.core.keyword.BuiltinKeywords.callTestCase(BuiltinKeywords.groovy:310)
	at Script1695958728937.run(Script1695958728937.groovy:20)
	at com.kms.katalon.core.main.ScriptEngine.run(ScriptEngine.java:194)
	at com.kms.katalon.core.main.ScriptEngine.runScriptAsRawText(ScriptEngine.java:119)
	at com.kms.katalon.core.main.TestCaseExecutor.runScript(TestCaseExecutor.java:448)
	at com.kms.katalon.core.main.TestCaseExecutor.doExecute(TestCaseExecutor.java:439)
	at com.kms.katalon.core.main.TestCaseExecutor.processExecutionPhase(TestCaseExecutor.java:418)
	at com.kms.katalon.core.main.TestCaseExecutor.accessMainPhase(TestCaseExecutor.java:410)
	at com.kms.katalon.core.main.TestCaseExecutor.execute(TestCaseExecutor.java:285)
	at com.kms.katalon.core.main.TestCaseMain.runTestCase(TestCaseMain.java:144)
	at com.kms.katalon.core.keyword.builtin.CallTestCaseKeyword$_callTestCase_closure1.doCall(CallTestCaseKeyword.groovy:59)
	at com.kms.katalon.core.keyword.builtin.CallTestCaseKeyword$_callTestCase_closure1.call(CallTestCaseKeyword.groovy)
	at com.kms.katalon.core.keyword.internal.KeywordMain.runKeyword(KeywordMain.groovy:75)
	at com.kms.katalon.core.keyword.builtin.CallTestCaseKeyword.callTestCase(CallTestCaseKeyword.groovy:81)
	at com.kms.katalon.core.keyword.builtin.CallTestCaseKeyword.execute(CallTestCaseKeyword.groovy:44)
	at com.kms.katalon.core.keyword.internal.KeywordExecutor.executeKeywordForPlatform(KeywordExecutor.groovy:74)
	at com.kms.katalon.core.keyword.BuiltinKeywords.callTestCase(BuiltinKeywords.groovy:310)
	at Script1696231311862.run(Script1696231311862.groovy:25)
	... 13 more
)

2023-10-05 13:52:20 - [MESSAGE][FAILED] - Unable to click on object 'Object Repository/Konfirmasi pesanan shop/Konfirmasi Orders' (Root cause: com.kms.katalon.core.exception.StepFailedException: Unable to click on object 'Object Repository/Konfirmasi pesanan shop/Konfirmasi Orders'
	at com.kms.katalon.core.webui.keyword.internal.WebUIKeywordMain.stepFailed(WebUIKeywordMain.groovy:64)
	at com.kms.katalon.core.webui.keyword.internal.WebUIKeywordMain.runKeyword(WebUIKeywordMain.groovy:26)
	at com.kms.katalon.core.webui.keyword.builtin.ClickKeyword.click(ClickKeyword.groovy:74)
	at com.kms.katalon.core.webui.keyword.builtin.ClickKeyword.execute(ClickKeyword.groovy:40)
	at com.kms.katalon.core.keyword.internal.KeywordExecutor.executeKeywordForPlatform(KeywordExecutor.groovy:74)
	at com.kms.katalon.core.webui.keyword.WebUiBuiltInKeywords.click(WebUiBuiltInKeywords.groovy:620)
	at com.kms.katalon.core.webui.keyword.WebUiBuiltInKeywords$click$2.call(Unknown Source)
	at PBY-004.run(PBY-004:33)
	at com.kms.katalon.core.main.ScriptEngine.run(ScriptEngine.java:194)
	at com.kms.katalon.core.main.ScriptEngine.runScriptAsRawText(ScriptEngine.java:119)
	at com.kms.katalon.core.main.TestCaseExecutor.runScript(TestCaseExecutor.java:448)
	at com.kms.katalon.core.main.TestCaseExecutor.doExecute(TestCaseExecutor.java:439)
	at com.kms.katalon.core.main.TestCaseExecutor.processExecutionPhase(TestCaseExecutor.java:418)
	at com.kms.katalon.core.main.TestCaseExecutor.accessMainPhase(TestCaseExecutor.java:410)
	at com.kms.katalon.core.main.TestCaseExecutor.execute(TestCaseExecutor.java:285)
	at com.kms.katalon.core.main.TestCaseMain.runTestCase(TestCaseMain.java:144)
	at com.kms.katalon.core.keyword.builtin.CallTestCaseKeyword$_callTestCase_closure1.doCall(CallTestCaseKeyword.groovy:59)
	at com.kms.katalon.core.keyword.builtin.CallTestCaseKeyword$_callTestCase_closure1.call(CallTestCaseKeyword.groovy)
	at com.kms.katalon.core.keyword.internal.KeywordMain.runKeyword(KeywordMain.groovy:75)
	at com.kms.katalon.core.keyword.builtin.CallTestCaseKeyword.callTestCase(CallTestCaseKeyword.groovy:81)
	at com.kms.katalon.core.keyword.builtin.CallTestCaseKeyword.execute(CallTestCaseKeyword.groovy:44)
	at com.kms.katalon.core.keyword.internal.KeywordExecutor.executeKeywordForPlatform(KeywordExecutor.groovy:74)
	at com.kms.katalon.core.keyword.BuiltinKeywords.callTestCase(BuiltinKeywords.groovy:310)
	at PBYA-001.run(PBYA-001:20)
	at com.kms.katalon.core.main.ScriptEngine.run(ScriptEngine.java:194)
	at com.kms.katalon.core.main.ScriptEngine.runScriptAsRawText(ScriptEngine.java:119)
	at com.kms.katalon.core.main.TestCaseExecutor.runScript(TestCaseExecutor.java:448)
	at com.kms.katalon.core.main.TestCaseExecutor.doExecute(TestCaseExecutor.java:439)
	at com.kms.katalon.core.main.TestCaseExecutor.processExecutionPhase(TestCaseExecutor.java:418)
	at com.kms.katalon.core.main.TestCaseExecutor.accessMainPhase(TestCaseExecutor.java:410)
	at com.kms.katalon.core.main.TestCaseExecutor.execute(TestCaseExecutor.java:285)
	at com.kms.katalon.core.main.TestCaseMain.runTestCase(TestCaseMain.java:144)
	at com.kms.katalon.core.keyword.builtin.CallTestCaseKeyword$_callTestCase_closure1.doCall(CallTestCaseKeyword.groovy:59)
	at com.kms.katalon.core.keyword.builtin.CallTestCaseKeyword$_callTestCase_closure1.call(CallTestCaseKeyword.groovy)
	at com.kms.katalon.core.keyword.internal.KeywordMain.runKeyword(KeywordMain.groovy:75)
	at com.kms.katalon.core.keyword.builtin.CallTestCaseKeyword.callTestCase(CallTestCaseKeyword.groovy:81)
	at com.kms.katalon.core.keyword.builtin.CallTestCaseKeyword.execute(CallTestCaseKeyword.groovy:44)
	at com.kms.katalon.core.keyword.internal.KeywordExecutor.executeKeywordForPlatform(KeywordExecutor.groovy:74)
	at com.kms.katalon.core.keyword.BuiltinKeywords.callTestCase(BuiltinKeywords.groovy:310)
	at SA-001.run(SA-001:20)
	at com.kms.katalon.core.main.ScriptEngine.run(ScriptEngine.java:194)
	at com.kms.katalon.core.main.ScriptEngine.runScriptAsRawText(ScriptEngine.java:119)
	at com.kms.katalon.core.main.TestCaseExecutor.runScript(TestCaseExecutor.java:448)
	at com.kms.katalon.core.main.TestCaseExecutor.doExecute(TestCaseExecutor.java:439)
	at com.kms.katalon.core.main.TestCaseExecutor.processExecutionPhase(TestCaseExecutor.java:418)
	at com.kms.katalon.core.main.TestCaseExecutor.accessMainPhase(TestCaseExecutor.java:410)
	at com.kms.katalon.core.main.TestCaseExecutor.execute(TestCaseExecutor.java:285)
	at com.kms.katalon.core.main.TestCaseMain.runTestCase(TestCaseMain.java:144)
	at com.kms.katalon.core.keyword.builtin.CallTestCaseKeyword$_callTestCase_closure1.doCall(CallTestCaseKeyword.groovy:59)
	at com.kms.katalon.core.keyword.builtin.CallTestCaseKeyword$_callTestCase_closure1.call(CallTestCaseKeyword.groovy)
	at com.kms.katalon.core.keyword.internal.KeywordMain.runKeyword(KeywordMain.groovy:75)
	at com.kms.katalon.core.keyword.builtin.CallTestCaseKeyword.callTestCase(CallTestCaseKeyword.groovy:81)
	at com.kms.katalon.core.keyword.builtin.CallTestCaseKeyword.execute(CallTestCaseKeyword.groovy:44)
	at com.kms.katalon.core.keyword.internal.KeywordExecutor.executeKeywordForPlatform(KeywordExecutor.groovy:74)
	at com.kms.katalon.core.keyword.BuiltinKeywords.callTestCase(BuiltinKeywords.groovy:310)
	at SA-002.run(SA-002:20)
	at com.kms.katalon.core.main.ScriptEngine.run(ScriptEngine.java:194)
	at com.kms.katalon.core.main.ScriptEngine.runScriptAsRawText(ScriptEngine.java:119)
	at com.kms.katalon.core.main.TestCaseExecutor.runScript(TestCaseExecutor.java:448)
	at com.kms.katalon.core.main.TestCaseExecutor.doExecute(TestCaseExecutor.java:439)
	at com.kms.katalon.core.main.TestCaseExecutor.processExecutionPhase(TestCaseExecutor.java:418)
	at com.kms.katalon.core.main.TestCaseExecutor.accessMainPhase(TestCaseExecutor.java:410)
	at com.kms.katalon.core.main.TestCaseExecutor.execute(TestCaseExecutor.java:285)
	at com.kms.katalon.core.main.TestCaseMain.runTestCase(TestCaseMain.java:144)
	at com.kms.katalon.core.keyword.builtin.CallTestCaseKeyword$_callTestCase_closure1.doCall(CallTestCaseKeyword.groovy:59)
	at com.kms.katalon.core.keyword.builtin.CallTestCaseKeyword$_callTestCase_closure1.call(CallTestCaseKeyword.groovy)
	at com.kms.katalon.core.keyword.internal.KeywordMain.runKeyword(KeywordMain.groovy:75)
	at com.kms.katalon.core.keyword.builtin.CallTestCaseKeyword.callTestCase(CallTestCaseKeyword.groovy:81)
	at com.kms.katalon.core.keyword.builtin.CallTestCaseKeyword.execute(CallTestCaseKeyword.groovy:44)
	at com.kms.katalon.core.keyword.internal.KeywordExecutor.executeKeywordForPlatform(KeywordExecutor.groovy:74)
	at com.kms.katalon.core.keyword.BuiltinKeywords.callTestCase(BuiltinKeywords.groovy:310)
	at SA-009.run(SA-009:25)
	at com.kms.katalon.core.main.ScriptEngine.run(ScriptEngine.java:194)
	at com.kms.katalon.core.main.ScriptEngine.runScriptAsRawText(ScriptEngine.java:119)
	at com.kms.katalon.core.main.TestCaseExecutor.runScript(TestCaseExecutor.java:448)
	at com.kms.katalon.core.main.TestCaseExecutor.doExecute(TestCaseExecutor.java:439)
	at com.kms.katalon.core.main.TestCaseExecutor.processExecutionPhase(TestCaseExecutor.java:418)
	at com.kms.katalon.core.main.TestCaseExecutor.accessMainPhase(TestCaseExecutor.java:410)
	at com.kms.katalon.core.main.TestCaseExecutor.execute(TestCaseExecutor.java:285)
	at com.kms.katalon.core.common.CommonExecutor.accessTestCaseMainPhase(CommonExecutor.java:65)
	at com.kms.katalon.core.main.TestSuiteExecutor.accessTestSuiteMainPhase(TestSuiteExecutor.java:148)
	at com.kms.katalon.core.main.TestSuiteExecutor.execute(TestSuiteExecutor.java:106)
	at com.kms.katalon.core.main.TestCaseMain.startTestSuite(TestCaseMain.java:187)
	at com.kms.katalon.core.main.TestCaseMain$startTestSuite$0.call(Unknown Source)
	at TempTestSuite1696486556660.run(TempTestSuite1696486556660.groovy:36)
Caused by: org.openqa.selenium.ElementNotInteractableException: element not interactable
  (Session info: MicrosoftEdge=117.0.2045.43)
Build info: version: '3.141.59', revision: 'e82be7d358', time: '2018-11-14T08:25:53'
System info: host: 'DESKTOP-H62FVJ8', ip: '10.9.2.18', os.name: 'Windows 10', os.arch: 'amd64', os.version: '10.0', java.version: '1.8.0_362'
Driver info: com.kms.katalon.selenium.driver.CEdgeDriver
Capabilities {acceptInsecureCerts: true, browserName: msedge, browserVersion: 117.0.2045.43, fedcm:accounts: true, javascriptEnabled: true, ms:edgeOptions: {debuggerAddress: localhost:63134}, msedge: {msedgedriverVersion: 117.0.2045.47 (b75fe6866687..., userDataDir: C:\Users\IRFAN\AppData\Loca...}, networkConnectionEnabled: false, pageLoadStrategy: normal, platform: WINDOWS, platformName: WINDOWS, proxy: Proxy(), setWindowRect: true, strictFileInteractability: false, timeouts: {implicit: 0, pageLoad: 300000, script: 30000}, unhandledPromptBehavior: dismiss and notify, webauthn:extension:credBlob: true, webauthn:extension:largeBlob: true, webauthn:extension:minPinLength: true, webauthn:extension:prf: true, webauthn:virtualAuthenticators: true}
Session ID: e683f878c54822fa814ef0f7d89d1a79
	at org.openqa.selenium.remote.http.W3CHttpResponseCodec.createException(W3CHttpResponseCodec.java:187)
	at org.openqa.selenium.remote.http.W3CHttpResponseCodec.decode(W3CHttpResponseCodec.java:122)
	at org.openqa.selenium.remote.http.W3CHttpResponseCodec.decode(W3CHttpResponseCodec.java:49)
	at org.openqa.selenium.remote.HttpCommandExecutor.execute(HttpCommandExecutor.java:158)
	at org.openqa.selenium.remote.service.DriverCommandExecutor.execute(DriverCommandExecutor.java:83)
	at org.openqa.selenium.remote.RemoteWebDriver.execute(RemoteWebDriver.java:552)
	at com.kms.katalon.selenium.driver.CEdgeDriver.execute(CEdgeDriver.java:20)
	at org.openqa.selenium.remote.RemoteWebElement.execute(RemoteWebElement.java:285)
	at org.openqa.selenium.remote.RemoteWebElement.click(RemoteWebElement.java:84)
	at org.openqa.selenium.support.events.EventFiringWebDriver$EventFiringWebElement.lambda$new$0(EventFiringWebDriver.java:404)
	at com.sun.proxy.$Proxy11.click(Unknown Source)
	at org.openqa.selenium.support.events.EventFiringWebDriver$EventFiringWebElement.click(EventFiringWebDriver.java:417)
	at org.openqa.selenium.WebElement$click.call(Unknown Source)
	at com.kms.katalon.core.webui.keyword.builtin.ClickKeyword.clickUntilSuccessWithTimeout(ClickKeyword.groovy:81)
	at com.kms.katalon.core.webui.keyword.builtin.ClickKeyword.clickUntilSuccessWithTimeout(ClickKeyword.groovy)
	at com.kms.katalon.core.webui.keyword.builtin.ClickKeyword$_click_closure1.doCall(ClickKeyword.groovy:67)
	at com.kms.katalon.core.webui.keyword.builtin.ClickKeyword$_click_closure1.call(ClickKeyword.groovy)
	at com.kms.katalon.core.webui.keyword.internal.WebUIKeywordMain.runKeyword(WebUIKeywordMain.groovy:20)
	at com.kms.katalon.core.webui.keyword.builtin.ClickKeyword.click(ClickKeyword.groovy:74)
	at com.kms.katalon.core.webui.keyword.builtin.ClickKeyword.execute(ClickKeyword.groovy:40)
	at com.kms.katalon.core.keyword.internal.KeywordExecutor.executeKeywordForPlatform(KeywordExecutor.groovy:74)
	at com.kms.katalon.core.webui.keyword.WebUiBuiltInKeywords.click(WebUiBuiltInKeywords.groovy:620)
	at com.kms.katalon.core.webui.keyword.WebUiBuiltInKeywords$click$2.call(Unknown Source)
	at Script1695958134162.run(Script1695958134162.groovy:33)
	at com.kms.katalon.core.main.ScriptEngine.run(ScriptEngine.java:194)
	at com.kms.katalon.core.main.ScriptEngine.runScriptAsRawText(ScriptEngine.java:119)
	at com.kms.katalon.core.main.TestCaseExecutor.runScript(TestCaseExecutor.java:448)
	at com.kms.katalon.core.main.TestCaseExecutor.doExecute(TestCaseExecutor.java:439)
	at com.kms.katalon.core.main.TestCaseExecutor.processExecutionPhase(TestCaseExecutor.java:418)
	at com.kms.katalon.core.main.TestCaseExecutor.accessMainPhase(TestCaseExecutor.java:410)
	at com.kms.katalon.core.main.TestCaseExecutor.execute(TestCaseExecutor.java:285)
	at com.kms.katalon.core.main.TestCaseMain.runTestCase(TestCaseMain.java:144)
	at com.kms.katalon.core.keyword.builtin.CallTestCaseKeyword$_callTestCase_closure1.doCall(CallTestCaseKeyword.groovy:59)
	at com.kms.katalon.core.keyword.builtin.CallTestCaseKeyword$_callTestCase_closure1.call(CallTestCaseKeyword.groovy)
	at com.kms.katalon.core.keyword.internal.KeywordMain.runKeyword(KeywordMain.groovy:75)
	at com.kms.katalon.core.keyword.builtin.CallTestCaseKeyword.callTestCase(CallTestCaseKeyword.groovy:81)
	at com.kms.katalon.core.keyword.builtin.CallTestCaseKeyword.execute(CallTestCaseKeyword.groovy:44)
	at com.kms.katalon.core.keyword.internal.KeywordExecutor.executeKeywordForPlatform(KeywordExecutor.groovy:74)
	at com.kms.katalon.core.keyword.BuiltinKeywords.callTestCase(BuiltinKeywords.groovy:310)
	at Script1695958536957.run(Script1695958536957.groovy:20)
	at com.kms.katalon.core.main.ScriptEngine.run(ScriptEngine.java:194)
	at com.kms.katalon.core.main.ScriptEngine.runScriptAsRawText(ScriptEngine.java:119)
	at com.kms.katalon.core.main.TestCaseExecutor.runScript(TestCaseExecutor.java:448)
	at com.kms.katalon.core.main.TestCaseExecutor.doExecute(TestCaseExecutor.java:439)
	at com.kms.katalon.core.main.TestCaseExecutor.processExecutionPhase(TestCaseExecutor.java:418)
	at com.kms.katalon.core.main.TestCaseExecutor.accessMainPhase(TestCaseExecutor.java:410)
	at com.kms.katalon.core.main.TestCaseExecutor.execute(TestCaseExecutor.java:285)
	at com.kms.katalon.core.main.TestCaseMain.runTestCase(TestCaseMain.java:144)
	at com.kms.katalon.core.keyword.builtin.CallTestCaseKeyword$_callTestCase_closure1.doCall(CallTestCaseKeyword.groovy:59)
	at com.kms.katalon.core.keyword.builtin.CallTestCaseKeyword$_callTestCase_closure1.call(CallTestCaseKeyword.groovy)
	at com.kms.katalon.core.keyword.internal.KeywordMain.runKeyword(KeywordMain.groovy:75)
	at com.kms.katalon.core.keyword.builtin.CallTestCaseKeyword.callTestCase(CallTestCaseKeyword.groovy:81)
	at com.kms.katalon.core.keyword.builtin.CallTestCaseKeyword.execute(CallTestCaseKeyword.groovy:44)
	at com.kms.katalon.core.keyword.internal.KeywordExecutor.executeKeywordForPlatform(KeywordExecutor.groovy:74)
	at com.kms.katalon.core.keyword.BuiltinKeywords.callTestCase(BuiltinKeywords.groovy:310)
	at Script1695958721803.run(Script1695958721803.groovy:20)
	at com.kms.katalon.core.main.ScriptEngine.run(ScriptEngine.java:194)
	at com.kms.katalon.core.main.ScriptEngine.runScriptAsRawText(ScriptEngine.java:119)
	at com.kms.katalon.core.main.TestCaseExecutor.runScript(TestCaseExecutor.java:448)
	at com.kms.katalon.core.main.TestCaseExecutor.doExecute(TestCaseExecutor.java:439)
	at com.kms.katalon.core.main.TestCaseExecutor.processExecutionPhase(TestCaseExecutor.java:418)
	at com.kms.katalon.core.main.TestCaseExecutor.accessMainPhase(TestCaseExecutor.java:410)
	at com.kms.katalon.core.main.TestCaseExecutor.execute(TestCaseExecutor.java:285)
	at com.kms.katalon.core.main.TestCaseMain.runTestCase(TestCaseMain.java:144)
	at com.kms.katalon.core.keyword.builtin.CallTestCaseKeyword$_callTestCase_closure1.doCall(CallTestCaseKeyword.groovy:59)
	at com.kms.katalon.core.keyword.builtin.CallTestCaseKeyword$_callTestCase_closure1.call(CallTestCaseKeyword.groovy)
	at com.kms.katalon.core.keyword.internal.KeywordMain.runKeyword(KeywordMain.groovy:75)
	at com.kms.katalon.core.keyword.builtin.CallTestCaseKeyword.callTestCase(CallTestCaseKeyword.groovy:81)
	at com.kms.katalon.core.keyword.builtin.CallTestCaseKeyword.execute(CallTestCaseKeyword.groovy:44)
	at com.kms.katalon.core.keyword.internal.KeywordExecutor.executeKeywordForPlatform(KeywordExecutor.groovy:74)
	at com.kms.katalon.core.keyword.BuiltinKeywords.callTestCase(BuiltinKeywords.groovy:310)
	at Script1695958728937.run(Script1695958728937.groovy:20)
	at com.kms.katalon.core.main.ScriptEngine.run(ScriptEngine.java:194)
	at com.kms.katalon.core.main.ScriptEngine.runScriptAsRawText(ScriptEngine.java:119)
	at com.kms.katalon.core.main.TestCaseExecutor.runScript(TestCaseExecutor.java:448)
	at com.kms.katalon.core.main.TestCaseExecutor.doExecute(TestCaseExecutor.java:439)
	at com.kms.katalon.core.main.TestCaseExecutor.processExecutionPhase(TestCaseExecutor.java:418)
	at com.kms.katalon.core.main.TestCaseExecutor.accessMainPhase(TestCaseExecutor.java:410)
	at com.kms.katalon.core.main.TestCaseExecutor.execute(TestCaseExecutor.java:285)
	at com.kms.katalon.core.main.TestCaseMain.runTestCase(TestCaseMain.java:144)
	at com.kms.katalon.core.keyword.builtin.CallTestCaseKeyword$_callTestCase_closure1.doCall(CallTestCaseKeyword.groovy:59)
	at com.kms.katalon.core.keyword.builtin.CallTestCaseKeyword$_callTestCase_closure1.call(CallTestCaseKeyword.groovy)
	at com.kms.katalon.core.keyword.internal.KeywordMain.runKeyword(KeywordMain.groovy:75)
	at com.kms.katalon.core.keyword.builtin.CallTestCaseKeyword.callTestCase(CallTestCaseKeyword.groovy:81)
	at com.kms.katalon.core.keyword.builtin.CallTestCaseKeyword.execute(CallTestCaseKeyword.groovy:44)
	at com.kms.katalon.core.keyword.internal.KeywordExecutor.executeKeywordForPlatform(KeywordExecutor.groovy:74)
	at com.kms.katalon.core.keyword.BuiltinKeywords.callTestCase(BuiltinKeywords.groovy:310)
	at Script1696231311862.run(Script1696231311862.groovy:25)
	... 13 more
)
[[ATTACHMENT|C:\\FT2 XSIS\\Projek 2 MINI PROJEK\\Reports\\20231005_131556\\T13 Pembelian, Shipment dan Pembayaran\\T13 Pembelian, Shipment dan Pembayaran\\20231005_131556\\1696488740190.png]]

2023-10-05 13:52:20 - [MESSAGE][FAILED] - Unable to call Test Case 'Test Cases/T13 Pembelian, Shipment dan Pembayaran/PBY-004' (Root cause: com.kms.katalon.core.exception.StepFailedException: Call Test Case 'Test Cases/T13 Pembelian, Shipment dan Pembayaran/PBY-004' failed
	at com.kms.katalon.core.keyword.builtin.CallTestCaseKeyword$_callTestCase_closure1.doCall(CallTestCaseKeyword.groovy:63)
	at com.kms.katalon.core.keyword.builtin.CallTestCaseKeyword$_callTestCase_closure1.call(CallTestCaseKeyword.groovy)
	at com.kms.katalon.core.keyword.internal.KeywordMain.runKeyword(KeywordMain.groovy:75)
	at com.kms.katalon.core.keyword.builtin.CallTestCaseKeyword.callTestCase(CallTestCaseKeyword.groovy:81)
	at com.kms.katalon.core.keyword.builtin.CallTestCaseKeyword.execute(CallTestCaseKeyword.groovy:44)
	at com.kms.katalon.core.keyword.internal.KeywordExecutor.executeKeywordForPlatform(KeywordExecutor.groovy:74)
	at com.kms.katalon.core.keyword.BuiltinKeywords.callTestCase(BuiltinKeywords.groovy:310)
	at PBYA-001.run(PBYA-001:20)
	at com.kms.katalon.core.main.ScriptEngine.run(ScriptEngine.java:194)
	at com.kms.katalon.core.main.ScriptEngine.runScriptAsRawText(ScriptEngine.java:119)
	at com.kms.katalon.core.main.TestCaseExecutor.runScript(TestCaseExecutor.java:448)
	at com.kms.katalon.core.main.TestCaseExecutor.doExecute(TestCaseExecutor.java:439)
	at com.kms.katalon.core.main.TestCaseExecutor.processExecutionPhase(TestCaseExecutor.java:418)
	at com.kms.katalon.core.main.TestCaseExecutor.accessMainPhase(TestCaseExecutor.java:410)
	at com.kms.katalon.core.main.TestCaseExecutor.execute(TestCaseExecutor.java:285)
	at com.kms.katalon.core.main.TestCaseMain.runTestCase(TestCaseMain.java:144)
	at com.kms.katalon.core.keyword.builtin.CallTestCaseKeyword$_callTestCase_closure1.doCall(CallTestCaseKeyword.groovy:59)
	at com.kms.katalon.core.keyword.builtin.CallTestCaseKeyword$_callTestCase_closure1.call(CallTestCaseKeyword.groovy)
	at com.kms.katalon.core.keyword.internal.KeywordMain.runKeyword(KeywordMain.groovy:75)
	at com.kms.katalon.core.keyword.builtin.CallTestCaseKeyword.callTestCase(CallTestCaseKeyword.groovy:81)
	at com.kms.katalon.core.keyword.builtin.CallTestCaseKeyword.execute(CallTestCaseKeyword.groovy:44)
	at com.kms.katalon.core.keyword.internal.KeywordExecutor.executeKeywordForPlatform(KeywordExecutor.groovy:74)
	at com.kms.katalon.core.keyword.BuiltinKeywords.callTestCase(BuiltinKeywords.groovy:310)
	at SA-001.run(SA-001:20)
	at com.kms.katalon.core.main.ScriptEngine.run(ScriptEngine.java:194)
	at com.kms.katalon.core.main.ScriptEngine.runScriptAsRawText(ScriptEngine.java:119)
	at com.kms.katalon.core.main.TestCaseExecutor.runScript(TestCaseExecutor.java:448)
	at com.kms.katalon.core.main.TestCaseExecutor.doExecute(TestCaseExecutor.java:439)
	at com.kms.katalon.core.main.TestCaseExecutor.processExecutionPhase(TestCaseExecutor.java:418)
	at com.kms.katalon.core.main.TestCaseExecutor.accessMainPhase(TestCaseExecutor.java:410)
	at com.kms.katalon.core.main.TestCaseExecutor.execute(TestCaseExecutor.java:285)
	at com.kms.katalon.core.main.TestCaseMain.runTestCase(TestCaseMain.java:144)
	at com.kms.katalon.core.keyword.builtin.CallTestCaseKeyword$_callTestCase_closure1.doCall(CallTestCaseKeyword.groovy:59)
	at com.kms.katalon.core.keyword.builtin.CallTestCaseKeyword$_callTestCase_closure1.call(CallTestCaseKeyword.groovy)
	at com.kms.katalon.core.keyword.internal.KeywordMain.runKeyword(KeywordMain.groovy:75)
	at com.kms.katalon.core.keyword.builtin.CallTestCaseKeyword.callTestCase(CallTestCaseKeyword.groovy:81)
	at com.kms.katalon.core.keyword.builtin.CallTestCaseKeyword.execute(CallTestCaseKeyword.groovy:44)
	at com.kms.katalon.core.keyword.internal.KeywordExecutor.executeKeywordForPlatform(KeywordExecutor.groovy:74)
	at com.kms.katalon.core.keyword.BuiltinKeywords.callTestCase(BuiltinKeywords.groovy:310)
	at SA-002.run(SA-002:20)
	at com.kms.katalon.core.main.ScriptEngine.run(ScriptEngine.java:194)
	at com.kms.katalon.core.main.ScriptEngine.runScriptAsRawText(ScriptEngine.java:119)
	at com.kms.katalon.core.main.TestCaseExecutor.runScript(TestCaseExecutor.java:448)
	at com.kms.katalon.core.main.TestCaseExecutor.doExecute(TestCaseExecutor.java:439)
	at com.kms.katalon.core.main.TestCaseExecutor.processExecutionPhase(TestCaseExecutor.java:418)
	at com.kms.katalon.core.main.TestCaseExecutor.accessMainPhase(TestCaseExecutor.java:410)
	at com.kms.katalon.core.main.TestCaseExecutor.execute(TestCaseExecutor.java:285)
	at com.kms.katalon.core.main.TestCaseMain.runTestCase(TestCaseMain.java:144)
	at com.kms.katalon.core.keyword.builtin.CallTestCaseKeyword$_callTestCase_closure1.doCall(CallTestCaseKeyword.groovy:59)
	at com.kms.katalon.core.keyword.builtin.CallTestCaseKeyword$_callTestCase_closure1.call(CallTestCaseKeyword.groovy)
	at com.kms.katalon.core.keyword.internal.KeywordMain.runKeyword(KeywordMain.groovy:75)
	at com.kms.katalon.core.keyword.builtin.CallTestCaseKeyword.callTestCase(CallTestCaseKeyword.groovy:81)
	at com.kms.katalon.core.keyword.builtin.CallTestCaseKeyword.execute(CallTestCaseKeyword.groovy:44)
	at com.kms.katalon.core.keyword.internal.KeywordExecutor.executeKeywordForPlatform(KeywordExecutor.groovy:74)
	at com.kms.katalon.core.keyword.BuiltinKeywords.callTestCase(BuiltinKeywords.groovy:310)
	at SA-009.run(SA-009:25)
	at com.kms.katalon.core.main.ScriptEngine.run(ScriptEngine.java:194)
	at com.kms.katalon.core.main.ScriptEngine.runScriptAsRawText(ScriptEngine.java:119)
	at com.kms.katalon.core.main.TestCaseExecutor.runScript(TestCaseExecutor.java:448)
	at com.kms.katalon.core.main.TestCaseExecutor.doExecute(TestCaseExecutor.java:439)
	at com.kms.katalon.core.main.TestCaseExecutor.processExecutionPhase(TestCaseExecutor.java:418)
	at com.kms.katalon.core.main.TestCaseExecutor.accessMainPhase(TestCaseExecutor.java:410)
	at com.kms.katalon.core.main.TestCaseExecutor.execute(TestCaseExecutor.java:285)
	at com.kms.katalon.core.common.CommonExecutor.accessTestCaseMainPhase(CommonExecutor.java:65)
	at com.kms.katalon.core.main.TestSuiteExecutor.accessTestSuiteMainPhase(TestSuiteExecutor.java:148)
	at com.kms.katalon.core.main.TestSuiteExecutor.execute(TestSuiteExecutor.java:106)
	at com.kms.katalon.core.main.TestCaseMain.startTestSuite(TestCaseMain.java:187)
	at com.kms.katalon.core.main.TestCaseMain$startTestSuite$0.call(Unknown Source)
	at TempTestSuite1696486556660.run(TempTestSuite1696486556660.groovy:36)
Caused by: com.kms.katalon.core.exception.StepFailedException: Unable to click on object 'Object Repository/Konfirmasi pesanan shop/Konfirmasi Orders'
	at com.kms.katalon.core.webui.keyword.internal.WebUIKeywordMain.stepFailed(WebUIKeywordMain.groovy:64)
	at com.kms.katalon.core.webui.keyword.internal.WebUIKeywordMain.runKeyword(WebUIKeywordMain.groovy:26)
	at com.kms.katalon.core.webui.keyword.builtin.ClickKeyword.click(ClickKeyword.groovy:74)
	at com.kms.katalon.core.webui.keyword.builtin.ClickKeyword.execute(ClickKeyword.groovy:40)
	at com.kms.katalon.core.keyword.internal.KeywordExecutor.executeKeywordForPlatform(KeywordExecutor.groovy:74)
	at com.kms.katalon.core.webui.keyword.WebUiBuiltInKeywords.click(WebUiBuiltInKeywords.groovy:620)
	at com.kms.katalon.core.webui.keyword.WebUiBuiltInKeywords$click$2.call(Unknown Source)
	at PBY-004.run(PBY-004:33)
	at com.kms.katalon.core.main.ScriptEngine.run(ScriptEngine.java:194)
	at com.kms.katalon.core.main.ScriptEngine.runScriptAsRawText(ScriptEngine.java:119)
	at com.kms.katalon.core.main.TestCaseExecutor.runScript(TestCaseExecutor.java:448)
	at com.kms.katalon.core.main.TestCaseExecutor.doExecute(TestCaseExecutor.java:439)
	at com.kms.katalon.core.main.TestCaseExecutor.processExecutionPhase(TestCaseExecutor.java:418)
	at com.kms.katalon.core.main.TestCaseExecutor.accessMainPhase(TestCaseExecutor.java:410)
	at com.kms.katalon.core.main.TestCaseExecutor.execute(TestCaseExecutor.java:285)
	at com.kms.katalon.core.main.TestCaseMain.runTestCase(TestCaseMain.java:144)
	at com.kms.katalon.core.keyword.builtin.CallTestCaseKeyword$_callTestCase_closure1.doCall(CallTestCaseKeyword.groovy:59)
	... 68 more
Caused by: org.openqa.selenium.ElementNotInteractableException: element not interactable
  (Session info: MicrosoftEdge=117.0.2045.43)
Build info: version: '3.141.59', revision: 'e82be7d358', time: '2018-11-14T08:25:53'
System info: host: 'DESKTOP-H62FVJ8', ip: '10.9.2.18', os.name: 'Windows 10', os.arch: 'amd64', os.version: '10.0', java.version: '1.8.0_362'
Driver info: com.kms.katalon.selenium.driver.CEdgeDriver
Capabilities {acceptInsecureCerts: true, browserName: msedge, browserVersion: 117.0.2045.43, fedcm:accounts: true, javascriptEnabled: true, ms:edgeOptions: {debuggerAddress: localhost:63134}, msedge: {msedgedriverVersion: 117.0.2045.47 (b75fe6866687..., userDataDir: C:\Users\IRFAN\AppData\Loca...}, networkConnectionEnabled: false, pageLoadStrategy: normal, platform: WINDOWS, platformName: WINDOWS, proxy: Proxy(), setWindowRect: true, strictFileInteractability: false, timeouts: {implicit: 0, pageLoad: 300000, script: 30000}, unhandledPromptBehavior: dismiss and notify, webauthn:extension:credBlob: true, webauthn:extension:largeBlob: true, webauthn:extension:minPinLength: true, webauthn:extension:prf: true, webauthn:virtualAuthenticators: true}
Session ID: e683f878c54822fa814ef0f7d89d1a79
	at org.openqa.selenium.remote.http.W3CHttpResponseCodec.createException(W3CHttpResponseCodec.java:187)
	at org.openqa.selenium.remote.http.W3CHttpResponseCodec.decode(W3CHttpResponseCodec.java:122)
	at org.openqa.selenium.remote.http.W3CHttpResponseCodec.decode(W3CHttpResponseCodec.java:49)
	at org.openqa.selenium.remote.HttpCommandExecutor.execute(HttpCommandExecutor.java:158)
	at org.openqa.selenium.remote.service.DriverCommandExecutor.execute(DriverCommandExecutor.java:83)
	at org.openqa.selenium.remote.RemoteWebDriver.execute(RemoteWebDriver.java:552)
	at com.kms.katalon.selenium.driver.CEdgeDriver.execute(CEdgeDriver.java:20)
	at org.openqa.selenium.remote.RemoteWebElement.execute(RemoteWebElement.java:285)
	at org.openqa.selenium.remote.RemoteWebElement.click(RemoteWebElement.java:84)
	at org.openqa.selenium.support.events.EventFiringWebDriver$EventFiringWebElement.lambda$new$0(EventFiringWebDriver.java:404)
	at com.sun.proxy.$Proxy11.click(Unknown Source)
	at org.openqa.selenium.support.events.EventFiringWebDriver$EventFiringWebElement.click(EventFiringWebDriver.java:417)
	at org.openqa.selenium.WebElement$click.call(Unknown Source)
	at com.kms.katalon.core.webui.keyword.builtin.ClickKeyword.clickUntilSuccessWithTimeout(ClickKeyword.groovy:81)
	at com.kms.katalon.core.webui.keyword.builtin.ClickKeyword.clickUntilSuccessWithTimeout(ClickKeyword.groovy)
	at com.kms.katalon.core.webui.keyword.builtin.ClickKeyword$_click_closure1.doCall(ClickKeyword.groovy:67)
	at com.kms.katalon.core.webui.keyword.builtin.ClickKeyword$_click_closure1.call(ClickKeyword.groovy)
	at com.kms.katalon.core.webui.keyword.internal.WebUIKeywordMain.runKeyword(WebUIKeywordMain.groovy:20)
	... 83 more
)

2023-10-05 13:52:20 - [MESSAGE][FAILED] - Unable to call Test Case 'Test Cases/T13 Pembelian, Shipment dan Pembayaran/PBYA-001' (Root cause: com.kms.katalon.core.exception.StepFailedException: Call Test Case 'Test Cases/T13 Pembelian, Shipment dan Pembayaran/PBYA-001' failed
	at com.kms.katalon.core.keyword.builtin.CallTestCaseKeyword$_callTestCase_closure1.doCall(CallTestCaseKeyword.groovy:63)
	at com.kms.katalon.core.keyword.builtin.CallTestCaseKeyword$_callTestCase_closure1.call(CallTestCaseKeyword.groovy)
	at com.kms.katalon.core.keyword.internal.KeywordMain.runKeyword(KeywordMain.groovy:75)
	at com.kms.katalon.core.keyword.builtin.CallTestCaseKeyword.callTestCase(CallTestCaseKeyword.groovy:81)
	at com.kms.katalon.core.keyword.builtin.CallTestCaseKeyword.execute(CallTestCaseKeyword.groovy:44)
	at com.kms.katalon.core.keyword.internal.KeywordExecutor.executeKeywordForPlatform(KeywordExecutor.groovy:74)
	at com.kms.katalon.core.keyword.BuiltinKeywords.callTestCase(BuiltinKeywords.groovy:310)
	at SA-001.run(SA-001:20)
	at com.kms.katalon.core.main.ScriptEngine.run(ScriptEngine.java:194)
	at com.kms.katalon.core.main.ScriptEngine.runScriptAsRawText(ScriptEngine.java:119)
	at com.kms.katalon.core.main.TestCaseExecutor.runScript(TestCaseExecutor.java:448)
	at com.kms.katalon.core.main.TestCaseExecutor.doExecute(TestCaseExecutor.java:439)
	at com.kms.katalon.core.main.TestCaseExecutor.processExecutionPhase(TestCaseExecutor.java:418)
	at com.kms.katalon.core.main.TestCaseExecutor.accessMainPhase(TestCaseExecutor.java:410)
	at com.kms.katalon.core.main.TestCaseExecutor.execute(TestCaseExecutor.java:285)
	at com.kms.katalon.core.main.TestCaseMain.runTestCase(TestCaseMain.java:144)
	at com.kms.katalon.core.keyword.builtin.CallTestCaseKeyword$_callTestCase_closure1.doCall(CallTestCaseKeyword.groovy:59)
	at com.kms.katalon.core.keyword.builtin.CallTestCaseKeyword$_callTestCase_closure1.call(CallTestCaseKeyword.groovy)
	at com.kms.katalon.core.keyword.internal.KeywordMain.runKeyword(KeywordMain.groovy:75)
	at com.kms.katalon.core.keyword.builtin.CallTestCaseKeyword.callTestCase(CallTestCaseKeyword.groovy:81)
	at com.kms.katalon.core.keyword.builtin.CallTestCaseKeyword.execute(CallTestCaseKeyword.groovy:44)
	at com.kms.katalon.core.keyword.internal.KeywordExecutor.executeKeywordForPlatform(KeywordExecutor.groovy:74)
	at com.kms.katalon.core.keyword.BuiltinKeywords.callTestCase(BuiltinKeywords.groovy:310)
	at SA-002.run(SA-002:20)
	at com.kms.katalon.core.main.ScriptEngine.run(ScriptEngine.java:194)
	at com.kms.katalon.core.main.ScriptEngine.runScriptAsRawText(ScriptEngine.java:119)
	at com.kms.katalon.core.main.TestCaseExecutor.runScript(TestCaseExecutor.java:448)
	at com.kms.katalon.core.main.TestCaseExecutor.doExecute(TestCaseExecutor.java:439)
	at com.kms.katalon.core.main.TestCaseExecutor.processExecutionPhase(TestCaseExecutor.java:418)
	at com.kms.katalon.core.main.TestCaseExecutor.accessMainPhase(TestCaseExecutor.java:410)
	at com.kms.katalon.core.main.TestCaseExecutor.execute(TestCaseExecutor.java:285)
	at com.kms.katalon.core.main.TestCaseMain.runTestCase(TestCaseMain.java:144)
	at com.kms.katalon.core.keyword.builtin.CallTestCaseKeyword$_callTestCase_closure1.doCall(CallTestCaseKeyword.groovy:59)
	at com.kms.katalon.core.keyword.builtin.CallTestCaseKeyword$_callTestCase_closure1.call(CallTestCaseKeyword.groovy)
	at com.kms.katalon.core.keyword.internal.KeywordMain.runKeyword(KeywordMain.groovy:75)
	at com.kms.katalon.core.keyword.builtin.CallTestCaseKeyword.callTestCase(CallTestCaseKeyword.groovy:81)
	at com.kms.katalon.core.keyword.builtin.CallTestCaseKeyword.execute(CallTestCaseKeyword.groovy:44)
	at com.kms.katalon.core.keyword.internal.KeywordExecutor.executeKeywordForPlatform(KeywordExecutor.groovy:74)
	at com.kms.katalon.core.keyword.BuiltinKeywords.callTestCase(BuiltinKeywords.groovy:310)
	at SA-009.run(SA-009:25)
	at com.kms.katalon.core.main.ScriptEngine.run(ScriptEngine.java:194)
	at com.kms.katalon.core.main.ScriptEngine.runScriptAsRawText(ScriptEngine.java:119)
	at com.kms.katalon.core.main.TestCaseExecutor.runScript(TestCaseExecutor.java:448)
	at com.kms.katalon.core.main.TestCaseExecutor.doExecute(TestCaseExecutor.java:439)
	at com.kms.katalon.core.main.TestCaseExecutor.processExecutionPhase(TestCaseExecutor.java:418)
	at com.kms.katalon.core.main.TestCaseExecutor.accessMainPhase(TestCaseExecutor.java:410)
	at com.kms.katalon.core.main.TestCaseExecutor.execute(TestCaseExecutor.java:285)
	at com.kms.katalon.core.common.CommonExecutor.accessTestCaseMainPhase(CommonExecutor.java:65)
	at com.kms.katalon.core.main.TestSuiteExecutor.accessTestSuiteMainPhase(TestSuiteExecutor.java:148)
	at com.kms.katalon.core.main.TestSuiteExecutor.execute(TestSuiteExecutor.java:106)
	at com.kms.katalon.core.main.TestCaseMain.startTestSuite(TestCaseMain.java:187)
	at com.kms.katalon.core.main.TestCaseMain$startTestSuite$0.call(Unknown Source)
	at TempTestSuite1696486556660.run(TempTestSuite1696486556660.groovy:36)
Caused by: com.kms.katalon.core.exception.StepFailedException: Call Test Case 'Test Cases/T13 Pembelian, Shipment dan Pembayaran/PBY-004' failed
	at com.kms.katalon.core.keyword.builtin.CallTestCaseKeyword$_callTestCase_closure1.doCall(CallTestCaseKeyword.groovy:63)
	at com.kms.katalon.core.keyword.builtin.CallTestCaseKeyword$_callTestCase_closure1.call(CallTestCaseKeyword.groovy)
	at com.kms.katalon.core.keyword.internal.KeywordMain.runKeyword(KeywordMain.groovy:75)
	at com.kms.katalon.core.keyword.builtin.CallTestCaseKeyword.callTestCase(CallTestCaseKeyword.groovy:81)
	at com.kms.katalon.core.keyword.builtin.CallTestCaseKeyword.execute(CallTestCaseKeyword.groovy:44)
	at com.kms.katalon.core.keyword.internal.KeywordExecutor.executeKeywordForPlatform(KeywordExecutor.groovy:74)
	at com.kms.katalon.core.keyword.BuiltinKeywords.callTestCase(BuiltinKeywords.groovy:310)
	at PBYA-001.run(PBYA-001:20)
	at com.kms.katalon.core.main.ScriptEngine.run(ScriptEngine.java:194)
	at com.kms.katalon.core.main.ScriptEngine.runScriptAsRawText(ScriptEngine.java:119)
	at com.kms.katalon.core.main.TestCaseExecutor.runScript(TestCaseExecutor.java:448)
	at com.kms.katalon.core.main.TestCaseExecutor.doExecute(TestCaseExecutor.java:439)
	at com.kms.katalon.core.main.TestCaseExecutor.processExecutionPhase(TestCaseExecutor.java:418)
	at com.kms.katalon.core.main.TestCaseExecutor.accessMainPhase(TestCaseExecutor.java:410)
	at com.kms.katalon.core.main.TestCaseExecutor.execute(TestCaseExecutor.java:285)
	at com.kms.katalon.core.main.TestCaseMain.runTestCase(TestCaseMain.java:144)
	at com.kms.katalon.core.keyword.builtin.CallTestCaseKeyword$_callTestCase_closure1.doCall(CallTestCaseKeyword.groovy:59)
	... 52 more
Caused by: com.kms.katalon.core.exception.StepFailedException: Unable to click on object 'Object Repository/Konfirmasi pesanan shop/Konfirmasi Orders'
	at com.kms.katalon.core.webui.keyword.internal.WebUIKeywordMain.stepFailed(WebUIKeywordMain.groovy:64)
	at com.kms.katalon.core.webui.keyword.internal.WebUIKeywordMain.runKeyword(WebUIKeywordMain.groovy:26)
	at com.kms.katalon.core.webui.keyword.builtin.ClickKeyword.click(ClickKeyword.groovy:74)
	at com.kms.katalon.core.webui.keyword.builtin.ClickKeyword.execute(ClickKeyword.groovy:40)
	at com.kms.katalon.core.keyword.internal.KeywordExecutor.executeKeywordForPlatform(KeywordExecutor.groovy:74)
	at com.kms.katalon.core.webui.keyword.WebUiBuiltInKeywords.click(WebUiBuiltInKeywords.groovy:620)
	at com.kms.katalon.core.webui.keyword.WebUiBuiltInKeywords$click$2.call(Unknown Source)
	at PBY-004.run(PBY-004:33)
	at com.kms.katalon.core.main.ScriptEngine.run(ScriptEngine.java:194)
	at com.kms.katalon.core.main.ScriptEngine.runScriptAsRawText(ScriptEngine.java:119)
	at com.kms.katalon.core.main.TestCaseExecutor.runScript(TestCaseExecutor.java:448)
	at com.kms.katalon.core.main.TestCaseExecutor.doExecute(TestCaseExecutor.java:439)
	at com.kms.katalon.core.main.TestCaseExecutor.processExecutionPhase(TestCaseExecutor.java:418)
	at com.kms.katalon.core.main.TestCaseExecutor.accessMainPhase(TestCaseExecutor.java:410)
	at com.kms.katalon.core.main.TestCaseExecutor.execute(TestCaseExecutor.java:285)
	at com.kms.katalon.core.main.TestCaseMain.runTestCase(TestCaseMain.java:144)
	at com.kms.katalon.core.keyword.builtin.CallTestCaseKeyword$_callTestCase_closure1.doCall(CallTestCaseKeyword.groovy:59)
	... 68 more
Caused by: org.openqa.selenium.ElementNotInteractableException: element not interactable
  (Session info: MicrosoftEdge=117.0.2045.43)
Build info: version: '3.141.59', revision: 'e82be7d358', time: '2018-11-14T08:25:53'
System info: host: 'DESKTOP-H62FVJ8', ip: '10.9.2.18', os.name: 'Windows 10', os.arch: 'amd64', os.version: '10.0', java.version: '1.8.0_362'
Driver info: com.kms.katalon.selenium.driver.CEdgeDriver
Capabilities {acceptInsecureCerts: true, browserName: msedge, browserVersion: 117.0.2045.43, fedcm:accounts: true, javascriptEnabled: true, ms:edgeOptions: {debuggerAddress: localhost:63134}, msedge: {msedgedriverVersion: 117.0.2045.47 (b75fe6866687..., userDataDir: C:\Users\IRFAN\AppData\Loca...}, networkConnectionEnabled: false, pageLoadStrategy: normal, platform: WINDOWS, platformName: WINDOWS, proxy: Proxy(), setWindowRect: true, strictFileInteractability: false, timeouts: {implicit: 0, pageLoad: 300000, script: 30000}, unhandledPromptBehavior: dismiss and notify, webauthn:extension:credBlob: true, webauthn:extension:largeBlob: true, webauthn:extension:minPinLength: true, webauthn:extension:prf: true, webauthn:virtualAuthenticators: true}
Session ID: e683f878c54822fa814ef0f7d89d1a79
	at org.openqa.selenium.remote.http.W3CHttpResponseCodec.createException(W3CHttpResponseCodec.java:187)
	at org.openqa.selenium.remote.http.W3CHttpResponseCodec.decode(W3CHttpResponseCodec.java:122)
	at org.openqa.selenium.remote.http.W3CHttpResponseCodec.decode(W3CHttpResponseCodec.java:49)
	at org.openqa.selenium.remote.HttpCommandExecutor.execute(HttpCommandExecutor.java:158)
	at org.openqa.selenium.remote.service.DriverCommandExecutor.execute(DriverCommandExecutor.java:83)
	at org.openqa.selenium.remote.RemoteWebDriver.execute(RemoteWebDriver.java:552)
	at com.kms.katalon.selenium.driver.CEdgeDriver.execute(CEdgeDriver.java:20)
	at org.openqa.selenium.remote.RemoteWebElement.execute(RemoteWebElement.java:285)
	at org.openqa.selenium.remote.RemoteWebElement.click(RemoteWebElement.java:84)
	at org.openqa.selenium.support.events.EventFiringWebDriver$EventFiringWebElement.lambda$new$0(EventFiringWebDriver.java:404)
	at com.sun.proxy.$Proxy11.click(Unknown Source)
	at org.openqa.selenium.support.events.EventFiringWebDriver$EventFiringWebElement.click(EventFiringWebDriver.java:417)
	at org.openqa.selenium.WebElement$click.call(Unknown Source)
	at com.kms.katalon.core.webui.keyword.builtin.ClickKeyword.clickUntilSuccessWithTimeout(ClickKeyword.groovy:81)
	at com.kms.katalon.core.webui.keyword.builtin.ClickKeyword.clickUntilSuccessWithTimeout(ClickKeyword.groovy)
	at com.kms.katalon.core.webui.keyword.builtin.ClickKeyword$_click_closure1.doCall(ClickKeyword.groovy:67)
	at com.kms.katalon.core.webui.keyword.builtin.ClickKeyword$_click_closure1.call(ClickKeyword.groovy)
	at com.kms.katalon.core.webui.keyword.internal.WebUIKeywordMain.runKeyword(WebUIKeywordMain.groovy:20)
	... 83 more
)

2023-10-05 13:52:20 - [MESSAGE][FAILED] - Unable to call Test Case 'Test Cases/T13 Pembelian, Shipment dan Pembayaran/SA-001' (Root cause: com.kms.katalon.core.exception.StepFailedException: Call Test Case 'Test Cases/T13 Pembelian, Shipment dan Pembayaran/SA-001' failed
	at com.kms.katalon.core.keyword.builtin.CallTestCaseKeyword$_callTestCase_closure1.doCall(CallTestCaseKeyword.groovy:63)
	at com.kms.katalon.core.keyword.builtin.CallTestCaseKeyword$_callTestCase_closure1.call(CallTestCaseKeyword.groovy)
	at com.kms.katalon.core.keyword.internal.KeywordMain.runKeyword(KeywordMain.groovy:75)
	at com.kms.katalon.core.keyword.builtin.CallTestCaseKeyword.callTestCase(CallTestCaseKeyword.groovy:81)
	at com.kms.katalon.core.keyword.builtin.CallTestCaseKeyword.execute(CallTestCaseKeyword.groovy:44)
	at com.kms.katalon.core.keyword.internal.KeywordExecutor.executeKeywordForPlatform(KeywordExecutor.groovy:74)
	at com.kms.katalon.core.keyword.BuiltinKeywords.callTestCase(BuiltinKeywords.groovy:310)
	at SA-002.run(SA-002:20)
	at com.kms.katalon.core.main.ScriptEngine.run(ScriptEngine.java:194)
	at com.kms.katalon.core.main.ScriptEngine.runScriptAsRawText(ScriptEngine.java:119)
	at com.kms.katalon.core.main.TestCaseExecutor.runScript(TestCaseExecutor.java:448)
	at com.kms.katalon.core.main.TestCaseExecutor.doExecute(TestCaseExecutor.java:439)
	at com.kms.katalon.core.main.TestCaseExecutor.processExecutionPhase(TestCaseExecutor.java:418)
	at com.kms.katalon.core.main.TestCaseExecutor.accessMainPhase(TestCaseExecutor.java:410)
	at com.kms.katalon.core.main.TestCaseExecutor.execute(TestCaseExecutor.java:285)
	at com.kms.katalon.core.main.TestCaseMain.runTestCase(TestCaseMain.java:144)
	at com.kms.katalon.core.keyword.builtin.CallTestCaseKeyword$_callTestCase_closure1.doCall(CallTestCaseKeyword.groovy:59)
	at com.kms.katalon.core.keyword.builtin.CallTestCaseKeyword$_callTestCase_closure1.call(CallTestCaseKeyword.groovy)
	at com.kms.katalon.core.keyword.internal.KeywordMain.runKeyword(KeywordMain.groovy:75)
	at com.kms.katalon.core.keyword.builtin.CallTestCaseKeyword.callTestCase(CallTestCaseKeyword.groovy:81)
	at com.kms.katalon.core.keyword.builtin.CallTestCaseKeyword.execute(CallTestCaseKeyword.groovy:44)
	at com.kms.katalon.core.keyword.internal.KeywordExecutor.executeKeywordForPlatform(KeywordExecutor.groovy:74)
	at com.kms.katalon.core.keyword.BuiltinKeywords.callTestCase(BuiltinKeywords.groovy:310)
	at SA-009.run(SA-009:25)
	at com.kms.katalon.core.main.ScriptEngine.run(ScriptEngine.java:194)
	at com.kms.katalon.core.main.ScriptEngine.runScriptAsRawText(ScriptEngine.java:119)
	at com.kms.katalon.core.main.TestCaseExecutor.runScript(TestCaseExecutor.java:448)
	at com.kms.katalon.core.main.TestCaseExecutor.doExecute(TestCaseExecutor.java:439)
	at com.kms.katalon.core.main.TestCaseExecutor.processExecutionPhase(TestCaseExecutor.java:418)
	at com.kms.katalon.core.main.TestCaseExecutor.accessMainPhase(TestCaseExecutor.java:410)
	at com.kms.katalon.core.main.TestCaseExecutor.execute(TestCaseExecutor.java:285)
	at com.kms.katalon.core.common.CommonExecutor.accessTestCaseMainPhase(CommonExecutor.java:65)
	at com.kms.katalon.core.main.TestSuiteExecutor.accessTestSuiteMainPhase(TestSuiteExecutor.java:148)
	at com.kms.katalon.core.main.TestSuiteExecutor.execute(TestSuiteExecutor.java:106)
	at com.kms.katalon.core.main.TestCaseMain.startTestSuite(TestCaseMain.java:187)
	at com.kms.katalon.core.main.TestCaseMain$startTestSuite$0.call(Unknown Source)
	at TempTestSuite1696486556660.run(TempTestSuite1696486556660.groovy:36)
Caused by: com.kms.katalon.core.exception.StepFailedException: Call Test Case 'Test Cases/T13 Pembelian, Shipment dan Pembayaran/PBYA-001' failed
	at com.kms.katalon.core.keyword.builtin.CallTestCaseKeyword$_callTestCase_closure1.doCall(CallTestCaseKeyword.groovy:63)
	at com.kms.katalon.core.keyword.builtin.CallTestCaseKeyword$_callTestCase_closure1.call(CallTestCaseKeyword.groovy)
	at com.kms.katalon.core.keyword.internal.KeywordMain.runKeyword(KeywordMain.groovy:75)
	at com.kms.katalon.core.keyword.builtin.CallTestCaseKeyword.callTestCase(CallTestCaseKeyword.groovy:81)
	at com.kms.katalon.core.keyword.builtin.CallTestCaseKeyword.execute(CallTestCaseKeyword.groovy:44)
	at com.kms.katalon.core.keyword.internal.KeywordExecutor.executeKeywordForPlatform(KeywordExecutor.groovy:74)
	at com.kms.katalon.core.keyword.BuiltinKeywords.callTestCase(BuiltinKeywords.groovy:310)
	at SA-001.run(SA-001:20)
	at com.kms.katalon.core.main.ScriptEngine.run(ScriptEngine.java:194)
	at com.kms.katalon.core.main.ScriptEngine.runScriptAsRawText(ScriptEngine.java:119)
	at com.kms.katalon.core.main.TestCaseExecutor.runScript(TestCaseExecutor.java:448)
	at com.kms.katalon.core.main.TestCaseExecutor.doExecute(TestCaseExecutor.java:439)
	at com.kms.katalon.core.main.TestCaseExecutor.processExecutionPhase(TestCaseExecutor.java:418)
	at com.kms.katalon.core.main.TestCaseExecutor.accessMainPhase(TestCaseExecutor.java:410)
	at com.kms.katalon.core.main.TestCaseExecutor.execute(TestCaseExecutor.java:285)
	at com.kms.katalon.core.main.TestCaseMain.runTestCase(TestCaseMain.java:144)
	at com.kms.katalon.core.keyword.builtin.CallTestCaseKeyword$_callTestCase_closure1.doCall(CallTestCaseKeyword.groovy:59)
	... 36 more
Caused by: com.kms.katalon.core.exception.StepFailedException: Call Test Case 'Test Cases/T13 Pembelian, Shipment dan Pembayaran/PBY-004' failed
	at com.kms.katalon.core.keyword.builtin.CallTestCaseKeyword$_callTestCase_closure1.doCall(CallTestCaseKeyword.groovy:63)
	at com.kms.katalon.core.keyword.builtin.CallTestCaseKeyword$_callTestCase_closure1.call(CallTestCaseKeyword.groovy)
	at com.kms.katalon.core.keyword.internal.KeywordMain.runKeyword(KeywordMain.groovy:75)
	at com.kms.katalon.core.keyword.builtin.CallTestCaseKeyword.callTestCase(CallTestCaseKeyword.groovy:81)
	at com.kms.katalon.core.keyword.builtin.CallTestCaseKeyword.execute(CallTestCaseKeyword.groovy:44)
	at com.kms.katalon.core.keyword.internal.KeywordExecutor.executeKeywordForPlatform(KeywordExecutor.groovy:74)
	at com.kms.katalon.core.keyword.BuiltinKeywords.callTestCase(BuiltinKeywords.groovy:310)
	at PBYA-001.run(PBYA-001:20)
	at com.kms.katalon.core.main.ScriptEngine.run(ScriptEngine.java:194)
	at com.kms.katalon.core.main.ScriptEngine.runScriptAsRawText(ScriptEngine.java:119)
	at com.kms.katalon.core.main.TestCaseExecutor.runScript(TestCaseExecutor.java:448)
	at com.kms.katalon.core.main.TestCaseExecutor.doExecute(TestCaseExecutor.java:439)
	at com.kms.katalon.core.main.TestCaseExecutor.processExecutionPhase(TestCaseExecutor.java:418)
	at com.kms.katalon.core.main.TestCaseExecutor.accessMainPhase(TestCaseExecutor.java:410)
	at com.kms.katalon.core.main.TestCaseExecutor.execute(TestCaseExecutor.java:285)
	at com.kms.katalon.core.main.TestCaseMain.runTestCase(TestCaseMain.java:144)
	at com.kms.katalon.core.keyword.builtin.CallTestCaseKeyword$_callTestCase_closure1.doCall(CallTestCaseKeyword.groovy:59)
	... 52 more
Caused by: com.kms.katalon.core.exception.StepFailedException: Unable to click on object 'Object Repository/Konfirmasi pesanan shop/Konfirmasi Orders'
	at com.kms.katalon.core.webui.keyword.internal.WebUIKeywordMain.stepFailed(WebUIKeywordMain.groovy:64)
	at com.kms.katalon.core.webui.keyword.internal.WebUIKeywordMain.runKeyword(WebUIKeywordMain.groovy:26)
	at com.kms.katalon.core.webui.keyword.builtin.ClickKeyword.click(ClickKeyword.groovy:74)
	at com.kms.katalon.core.webui.keyword.builtin.ClickKeyword.execute(ClickKeyword.groovy:40)
	at com.kms.katalon.core.keyword.internal.KeywordExecutor.executeKeywordForPlatform(KeywordExecutor.groovy:74)
	at com.kms.katalon.core.webui.keyword.WebUiBuiltInKeywords.click(WebUiBuiltInKeywords.groovy:620)
	at com.kms.katalon.core.webui.keyword.WebUiBuiltInKeywords$click$2.call(Unknown Source)
	at PBY-004.run(PBY-004:33)
	at com.kms.katalon.core.main.ScriptEngine.run(ScriptEngine.java:194)
	at com.kms.katalon.core.main.ScriptEngine.runScriptAsRawText(ScriptEngine.java:119)
	at com.kms.katalon.core.main.TestCaseExecutor.runScript(TestCaseExecutor.java:448)
	at com.kms.katalon.core.main.TestCaseExecutor.doExecute(TestCaseExecutor.java:439)
	at com.kms.katalon.core.main.TestCaseExecutor.processExecutionPhase(TestCaseExecutor.java:418)
	at com.kms.katalon.core.main.TestCaseExecutor.accessMainPhase(TestCaseExecutor.java:410)
	at com.kms.katalon.core.main.TestCaseExecutor.execute(TestCaseExecutor.java:285)
	at com.kms.katalon.core.main.TestCaseMain.runTestCase(TestCaseMain.java:144)
	at com.kms.katalon.core.keyword.builtin.CallTestCaseKeyword$_callTestCase_closure1.doCall(CallTestCaseKeyword.groovy:59)
	... 68 more
Caused by: org.openqa.selenium.ElementNotInteractableException: element not interactable
  (Session info: MicrosoftEdge=117.0.2045.43)
Build info: version: '3.141.59', revision: 'e82be7d358', time: '2018-11-14T08:25:53'
System info: host: 'DESKTOP-H62FVJ8', ip: '10.9.2.18', os.name: 'Windows 10', os.arch: 'amd64', os.version: '10.0', java.version: '1.8.0_362'
Driver info: com.kms.katalon.selenium.driver.CEdgeDriver
Capabilities {acceptInsecureCerts: true, browserName: msedge, browserVersion: 117.0.2045.43, fedcm:accounts: true, javascriptEnabled: true, ms:edgeOptions: {debuggerAddress: localhost:63134}, msedge: {msedgedriverVersion: 117.0.2045.47 (b75fe6866687..., userDataDir: C:\Users\IRFAN\AppData\Loca...}, networkConnectionEnabled: false, pageLoadStrategy: normal, platform: WINDOWS, platformName: WINDOWS, proxy: Proxy(), setWindowRect: true, strictFileInteractability: false, timeouts: {implicit: 0, pageLoad: 300000, script: 30000}, unhandledPromptBehavior: dismiss and notify, webauthn:extension:credBlob: true, webauthn:extension:largeBlob: true, webauthn:extension:minPinLength: true, webauthn:extension:prf: true, webauthn:virtualAuthenticators: true}
Session ID: e683f878c54822fa814ef0f7d89d1a79
	at org.openqa.selenium.remote.http.W3CHttpResponseCodec.createException(W3CHttpResponseCodec.java:187)
	at org.openqa.selenium.remote.http.W3CHttpResponseCodec.decode(W3CHttpResponseCodec.java:122)
	at org.openqa.selenium.remote.http.W3CHttpResponseCodec.decode(W3CHttpResponseCodec.java:49)
	at org.openqa.selenium.remote.HttpCommandExecutor.execute(HttpCommandExecutor.java:158)
	at org.openqa.selenium.remote.service.DriverCommandExecutor.execute(DriverCommandExecutor.java:83)
	at org.openqa.selenium.remote.RemoteWebDriver.execute(RemoteWebDriver.java:552)
	at com.kms.katalon.selenium.driver.CEdgeDriver.execute(CEdgeDriver.java:20)
	at org.openqa.selenium.remote.RemoteWebElement.execute(RemoteWebElement.java:285)
	at org.openqa.selenium.remote.RemoteWebElement.click(RemoteWebElement.java:84)
	at org.openqa.selenium.support.events.EventFiringWebDriver$EventFiringWebElement.lambda$new$0(EventFiringWebDriver.java:404)
	at com.sun.proxy.$Proxy11.click(Unknown Source)
	at org.openqa.selenium.support.events.EventFiringWebDriver$EventFiringWebElement.click(EventFiringWebDriver.java:417)
	at org.openqa.selenium.WebElement$click.call(Unknown Source)
	at com.kms.katalon.core.webui.keyword.builtin.ClickKeyword.clickUntilSuccessWithTimeout(ClickKeyword.groovy:81)
	at com.kms.katalon.core.webui.keyword.builtin.ClickKeyword.clickUntilSuccessWithTimeout(ClickKeyword.groovy)
	at com.kms.katalon.core.webui.keyword.builtin.ClickKeyword$_click_closure1.doCall(ClickKeyword.groovy:67)
	at com.kms.katalon.core.webui.keyword.builtin.ClickKeyword$_click_closure1.call(ClickKeyword.groovy)
	at com.kms.katalon.core.webui.keyword.internal.WebUIKeywordMain.runKeyword(WebUIKeywordMain.groovy:20)
	... 83 more
)

2023-10-05 13:52:20 - [MESSAGE][FAILED] - Unable to call Test Case 'Test Cases/T13 Pembelian, Shipment dan Pembayaran/SA-002' (Root cause: com.kms.katalon.core.exception.StepFailedException: Call Test Case 'Test Cases/T13 Pembelian, Shipment dan Pembayaran/SA-002' failed
	at com.kms.katalon.core.keyword.builtin.CallTestCaseKeyword$_callTestCase_closure1.doCall(CallTestCaseKeyword.groovy:63)
	at com.kms.katalon.core.keyword.builtin.CallTestCaseKeyword$_callTestCase_closure1.call(CallTestCaseKeyword.groovy)
	at com.kms.katalon.core.keyword.internal.KeywordMain.runKeyword(KeywordMain.groovy:75)
	at com.kms.katalon.core.keyword.builtin.CallTestCaseKeyword.callTestCase(CallTestCaseKeyword.groovy:81)
	at com.kms.katalon.core.keyword.builtin.CallTestCaseKeyword.execute(CallTestCaseKeyword.groovy:44)
	at com.kms.katalon.core.keyword.internal.KeywordExecutor.executeKeywordForPlatform(KeywordExecutor.groovy:74)
	at com.kms.katalon.core.keyword.BuiltinKeywords.callTestCase(BuiltinKeywords.groovy:310)
	at SA-009.run(SA-009:25)
	at com.kms.katalon.core.main.ScriptEngine.run(ScriptEngine.java:194)
	at com.kms.katalon.core.main.ScriptEngine.runScriptAsRawText(ScriptEngine.java:119)
	at com.kms.katalon.core.main.TestCaseExecutor.runScript(TestCaseExecutor.java:448)
	at com.kms.katalon.core.main.TestCaseExecutor.doExecute(TestCaseExecutor.java:439)
	at com.kms.katalon.core.main.TestCaseExecutor.processExecutionPhase(TestCaseExecutor.java:418)
	at com.kms.katalon.core.main.TestCaseExecutor.accessMainPhase(TestCaseExecutor.java:410)
	at com.kms.katalon.core.main.TestCaseExecutor.execute(TestCaseExecutor.java:285)
	at com.kms.katalon.core.common.CommonExecutor.accessTestCaseMainPhase(CommonExecutor.java:65)
	at com.kms.katalon.core.main.TestSuiteExecutor.accessTestSuiteMainPhase(TestSuiteExecutor.java:148)
	at com.kms.katalon.core.main.TestSuiteExecutor.execute(TestSuiteExecutor.java:106)
	at com.kms.katalon.core.main.TestCaseMain.startTestSuite(TestCaseMain.java:187)
	at com.kms.katalon.core.main.TestCaseMain$startTestSuite$0.call(Unknown Source)
	at TempTestSuite1696486556660.run(TempTestSuite1696486556660.groovy:36)
Caused by: com.kms.katalon.core.exception.StepFailedException: Call Test Case 'Test Cases/T13 Pembelian, Shipment dan Pembayaran/SA-001' failed
	at com.kms.katalon.core.keyword.builtin.CallTestCaseKeyword$_callTestCase_closure1.doCall(CallTestCaseKeyword.groovy:63)
	at com.kms.katalon.core.keyword.builtin.CallTestCaseKeyword$_callTestCase_closure1.call(CallTestCaseKeyword.groovy)
	at com.kms.katalon.core.keyword.internal.KeywordMain.runKeyword(KeywordMain.groovy:75)
	at com.kms.katalon.core.keyword.builtin.CallTestCaseKeyword.callTestCase(CallTestCaseKeyword.groovy:81)
	at com.kms.katalon.core.keyword.builtin.CallTestCaseKeyword.execute(CallTestCaseKeyword.groovy:44)
	at com.kms.katalon.core.keyword.internal.KeywordExecutor.executeKeywordForPlatform(KeywordExecutor.groovy:74)
	at com.kms.katalon.core.keyword.BuiltinKeywords.callTestCase(BuiltinKeywords.groovy:310)
	at SA-002.run(SA-002:20)
	at com.kms.katalon.core.main.ScriptEngine.run(ScriptEngine.java:194)
	at com.kms.katalon.core.main.ScriptEngine.runScriptAsRawText(ScriptEngine.java:119)
	at com.kms.katalon.core.main.TestCaseExecutor.runScript(TestCaseExecutor.java:448)
	at com.kms.katalon.core.main.TestCaseExecutor.doExecute(TestCaseExecutor.java:439)
	at com.kms.katalon.core.main.TestCaseExecutor.processExecutionPhase(TestCaseExecutor.java:418)
	at com.kms.katalon.core.main.TestCaseExecutor.accessMainPhase(TestCaseExecutor.java:410)
	at com.kms.katalon.core.main.TestCaseExecutor.execute(TestCaseExecutor.java:285)
	at com.kms.katalon.core.main.TestCaseMain.runTestCase(TestCaseMain.java:144)
	at com.kms.katalon.core.keyword.builtin.CallTestCaseKeyword$_callTestCase_closure1.doCall(CallTestCaseKeyword.groovy:59)
	... 20 more
Caused by: com.kms.katalon.core.exception.StepFailedException: Call Test Case 'Test Cases/T13 Pembelian, Shipment dan Pembayaran/PBYA-001' failed
	at com.kms.katalon.core.keyword.builtin.CallTestCaseKeyword$_callTestCase_closure1.doCall(CallTestCaseKeyword.groovy:63)
	at com.kms.katalon.core.keyword.builtin.CallTestCaseKeyword$_callTestCase_closure1.call(CallTestCaseKeyword.groovy)
	at com.kms.katalon.core.keyword.internal.KeywordMain.runKeyword(KeywordMain.groovy:75)
	at com.kms.katalon.core.keyword.builtin.CallTestCaseKeyword.callTestCase(CallTestCaseKeyword.groovy:81)
	at com.kms.katalon.core.keyword.builtin.CallTestCaseKeyword.execute(CallTestCaseKeyword.groovy:44)
	at com.kms.katalon.core.keyword.internal.KeywordExecutor.executeKeywordForPlatform(KeywordExecutor.groovy:74)
	at com.kms.katalon.core.keyword.BuiltinKeywords.callTestCase(BuiltinKeywords.groovy:310)
	at SA-001.run(SA-001:20)
	at com.kms.katalon.core.main.ScriptEngine.run(ScriptEngine.java:194)
	at com.kms.katalon.core.main.ScriptEngine.runScriptAsRawText(ScriptEngine.java:119)
	at com.kms.katalon.core.main.TestCaseExecutor.runScript(TestCaseExecutor.java:448)
	at com.kms.katalon.core.main.TestCaseExecutor.doExecute(TestCaseExecutor.java:439)
	at com.kms.katalon.core.main.TestCaseExecutor.processExecutionPhase(TestCaseExecutor.java:418)
	at com.kms.katalon.core.main.TestCaseExecutor.accessMainPhase(TestCaseExecutor.java:410)
	at com.kms.katalon.core.main.TestCaseExecutor.execute(TestCaseExecutor.java:285)
	at com.kms.katalon.core.main.TestCaseMain.runTestCase(TestCaseMain.java:144)
	at com.kms.katalon.core.keyword.builtin.CallTestCaseKeyword$_callTestCase_closure1.doCall(CallTestCaseKeyword.groovy:59)
	... 36 more
Caused by: com.kms.katalon.core.exception.StepFailedException: Call Test Case 'Test Cases/T13 Pembelian, Shipment dan Pembayaran/PBY-004' failed
	at com.kms.katalon.core.keyword.builtin.CallTestCaseKeyword$_callTestCase_closure1.doCall(CallTestCaseKeyword.groovy:63)
	at com.kms.katalon.core.keyword.builtin.CallTestCaseKeyword$_callTestCase_closure1.call(CallTestCaseKeyword.groovy)
	at com.kms.katalon.core.keyword.internal.KeywordMain.runKeyword(KeywordMain.groovy:75)
	at com.kms.katalon.core.keyword.builtin.CallTestCaseKeyword.callTestCase(CallTestCaseKeyword.groovy:81)
	at com.kms.katalon.core.keyword.builtin.CallTestCaseKeyword.execute(CallTestCaseKeyword.groovy:44)
	at com.kms.katalon.core.keyword.internal.KeywordExecutor.executeKeywordForPlatform(KeywordExecutor.groovy:74)
	at com.kms.katalon.core.keyword.BuiltinKeywords.callTestCase(BuiltinKeywords.groovy:310)
	at PBYA-001.run(PBYA-001:20)
	at com.kms.katalon.core.main.ScriptEngine.run(ScriptEngine.java:194)
	at com.kms.katalon.core.main.ScriptEngine.runScriptAsRawText(ScriptEngine.java:119)
	at com.kms.katalon.core.main.TestCaseExecutor.runScript(TestCaseExecutor.java:448)
	at com.kms.katalon.core.main.TestCaseExecutor.doExecute(TestCaseExecutor.java:439)
	at com.kms.katalon.core.main.TestCaseExecutor.processExecutionPhase(TestCaseExecutor.java:418)
	at com.kms.katalon.core.main.TestCaseExecutor.accessMainPhase(TestCaseExecutor.java:410)
	at com.kms.katalon.core.main.TestCaseExecutor.execute(TestCaseExecutor.java:285)
	at com.kms.katalon.core.main.TestCaseMain.runTestCase(TestCaseMain.java:144)
	at com.kms.katalon.core.keyword.builtin.CallTestCaseKeyword$_callTestCase_closure1.doCall(CallTestCaseKeyword.groovy:59)
	... 52 more
Caused by: com.kms.katalon.core.exception.StepFailedException: Unable to click on object 'Object Repository/Konfirmasi pesanan shop/Konfirmasi Orders'
	at com.kms.katalon.core.webui.keyword.internal.WebUIKeywordMain.stepFailed(WebUIKeywordMain.groovy:64)
	at com.kms.katalon.core.webui.keyword.internal.WebUIKeywordMain.runKeyword(WebUIKeywordMain.groovy:26)
	at com.kms.katalon.core.webui.keyword.builtin.ClickKeyword.click(ClickKeyword.groovy:74)
	at com.kms.katalon.core.webui.keyword.builtin.ClickKeyword.execute(ClickKeyword.groovy:40)
	at com.kms.katalon.core.keyword.internal.KeywordExecutor.executeKeywordForPlatform(KeywordExecutor.groovy:74)
	at com.kms.katalon.core.webui.keyword.WebUiBuiltInKeywords.click(WebUiBuiltInKeywords.groovy:620)
	at com.kms.katalon.core.webui.keyword.WebUiBuiltInKeywords$click$2.call(Unknown Source)
	at PBY-004.run(PBY-004:33)
	at com.kms.katalon.core.main.ScriptEngine.run(ScriptEngine.java:194)
	at com.kms.katalon.core.main.ScriptEngine.runScriptAsRawText(ScriptEngine.java:119)
	at com.kms.katalon.core.main.TestCaseExecutor.runScript(TestCaseExecutor.java:448)
	at com.kms.katalon.core.main.TestCaseExecutor.doExecute(TestCaseExecutor.java:439)
	at com.kms.katalon.core.main.TestCaseExecutor.processExecutionPhase(TestCaseExecutor.java:418)
	at com.kms.katalon.core.main.TestCaseExecutor.accessMainPhase(TestCaseExecutor.java:410)
	at com.kms.katalon.core.main.TestCaseExecutor.execute(TestCaseExecutor.java:285)
	at com.kms.katalon.core.main.TestCaseMain.runTestCase(TestCaseMain.java:144)
	at com.kms.katalon.core.keyword.builtin.CallTestCaseKeyword$_callTestCase_closure1.doCall(CallTestCaseKeyword.groovy:59)
	... 68 more
Caused by: org.openqa.selenium.ElementNotInteractableException: element not interactable
  (Session info: MicrosoftEdge=117.0.2045.43)
Build info: version: '3.141.59', revision: 'e82be7d358', time: '2018-11-14T08:25:53'
System info: host: 'DESKTOP-H62FVJ8', ip: '10.9.2.18', os.name: 'Windows 10', os.arch: 'amd64', os.version: '10.0', java.version: '1.8.0_362'
Driver info: com.kms.katalon.selenium.driver.CEdgeDriver
Capabilities {acceptInsecureCerts: true, browserName: msedge, browserVersion: 117.0.2045.43, fedcm:accounts: true, javascriptEnabled: true, ms:edgeOptions: {debuggerAddress: localhost:63134}, msedge: {msedgedriverVersion: 117.0.2045.47 (b75fe6866687..., userDataDir: C:\Users\IRFAN\AppData\Loca...}, networkConnectionEnabled: false, pageLoadStrategy: normal, platform: WINDOWS, platformName: WINDOWS, proxy: Proxy(), setWindowRect: true, strictFileInteractability: false, timeouts: {implicit: 0, pageLoad: 300000, script: 30000}, unhandledPromptBehavior: dismiss and notify, webauthn:extension:credBlob: true, webauthn:extension:largeBlob: true, webauthn:extension:minPinLength: true, webauthn:extension:prf: true, webauthn:virtualAuthenticators: true}
Session ID: e683f878c54822fa814ef0f7d89d1a79
	at org.openqa.selenium.remote.http.W3CHttpResponseCodec.createException(W3CHttpResponseCodec.java:187)
	at org.openqa.selenium.remote.http.W3CHttpResponseCodec.decode(W3CHttpResponseCodec.java:122)
	at org.openqa.selenium.remote.http.W3CHttpResponseCodec.decode(W3CHttpResponseCodec.java:49)
	at org.openqa.selenium.remote.HttpCommandExecutor.execute(HttpCommandExecutor.java:158)
	at org.openqa.selenium.remote.service.DriverCommandExecutor.execute(DriverCommandExecutor.java:83)
	at org.openqa.selenium.remote.RemoteWebDriver.execute(RemoteWebDriver.java:552)
	at com.kms.katalon.selenium.driver.CEdgeDriver.execute(CEdgeDriver.java:20)
	at org.openqa.selenium.remote.RemoteWebElement.execute(RemoteWebElement.java:285)
	at org.openqa.selenium.remote.RemoteWebElement.click(RemoteWebElement.java:84)
	at org.openqa.selenium.support.events.EventFiringWebDriver$EventFiringWebElement.lambda$new$0(EventFiringWebDriver.java:404)
	at com.sun.proxy.$Proxy11.click(Unknown Source)
	at org.openqa.selenium.support.events.EventFiringWebDriver$EventFiringWebElement.click(EventFiringWebDriver.java:417)
	at org.openqa.selenium.WebElement$click.call(Unknown Source)
	at com.kms.katalon.core.webui.keyword.builtin.ClickKeyword.clickUntilSuccessWithTimeout(ClickKeyword.groovy:81)
	at com.kms.katalon.core.webui.keyword.builtin.ClickKeyword.clickUntilSuccessWithTimeout(ClickKeyword.groovy)
	at com.kms.katalon.core.webui.keyword.builtin.ClickKeyword$_click_closure1.doCall(ClickKeyword.groovy:67)
	at com.kms.katalon.core.webui.keyword.builtin.ClickKeyword$_click_closure1.call(ClickKeyword.groovy)
	at com.kms.katalon.core.webui.keyword.internal.WebUIKeywordMain.runKeyword(WebUIKeywordMain.groovy:20)
	... 83 more
)]]></system-out>
         <system-err><![CDATA[2023-10-05 13:51:27 - [TEST_CASE][FAILED] - Test Cases/T13 Pembelian, Shipment dan Pembayaran/SA-009: Test Cases/T13 Pembelian, Shipment dan Pembayaran/SA-009 FAILED.
Reason:
com.kms.katalon.core.exception.StepFailedException: Call Test Case 'Test Cases/T13 Pembelian, Shipment dan Pembayaran/SA-002' failed
	at com.kms.katalon.core.keyword.builtin.CallTestCaseKeyword$_callTestCase_closure1.doCall(CallTestCaseKeyword.groovy:63)
	at com.kms.katalon.core.keyword.builtin.CallTestCaseKeyword$_callTestCase_closure1.call(CallTestCaseKeyword.groovy)
	at com.kms.katalon.core.keyword.internal.KeywordMain.runKeyword(KeywordMain.groovy:75)
	at com.kms.katalon.core.keyword.builtin.CallTestCaseKeyword.callTestCase(CallTestCaseKeyword.groovy:81)
	at com.kms.katalon.core.keyword.builtin.CallTestCaseKeyword.execute(CallTestCaseKeyword.groovy:44)
	at com.kms.katalon.core.keyword.internal.KeywordExecutor.executeKeywordForPlatform(KeywordExecutor.groovy:74)
	at com.kms.katalon.core.keyword.BuiltinKeywords.callTestCase(BuiltinKeywords.groovy:310)
	at SA-009.run(SA-009:25)
	at com.kms.katalon.core.main.ScriptEngine.run(ScriptEngine.java:194)
	at com.kms.katalon.core.main.ScriptEngine.runScriptAsRawText(ScriptEngine.java:119)
	at com.kms.katalon.core.main.TestCaseExecutor.runScript(TestCaseExecutor.java:448)
	at com.kms.katalon.core.main.TestCaseExecutor.doExecute(TestCaseExecutor.java:439)
	at com.kms.katalon.core.main.TestCaseExecutor.processExecutionPhase(TestCaseExecutor.java:418)
	at com.kms.katalon.core.main.TestCaseExecutor.accessMainPhase(TestCaseExecutor.java:410)
	at com.kms.katalon.core.main.TestCaseExecutor.execute(TestCaseExecutor.java:285)
	at com.kms.katalon.core.common.CommonExecutor.accessTestCaseMainPhase(CommonExecutor.java:65)
	at com.kms.katalon.core.main.TestSuiteExecutor.accessTestSuiteMainPhase(TestSuiteExecutor.java:148)
	at com.kms.katalon.core.main.TestSuiteExecutor.execute(TestSuiteExecutor.java:106)
	at com.kms.katalon.core.main.TestCaseMain.startTestSuite(TestCaseMain.java:187)
	at com.kms.katalon.core.main.TestCaseMain$startTestSuite$0.call(Unknown Source)
	at TempTestSuite1696486556660.run(TempTestSuite1696486556660.groovy:36)
Caused by: com.kms.katalon.core.exception.StepFailedException: Call Test Case 'Test Cases/T13 Pembelian, Shipment dan Pembayaran/SA-001' failed
	at com.kms.katalon.core.keyword.builtin.CallTestCaseKeyword$_callTestCase_closure1.doCall(CallTestCaseKeyword.groovy:63)
	at com.kms.katalon.core.keyword.builtin.CallTestCaseKeyword$_callTestCase_closure1.call(CallTestCaseKeyword.groovy)
	at com.kms.katalon.core.keyword.internal.KeywordMain.runKeyword(KeywordMain.groovy:75)
	at com.kms.katalon.core.keyword.builtin.CallTestCaseKeyword.callTestCase(CallTestCaseKeyword.groovy:81)
	at com.kms.katalon.core.keyword.builtin.CallTestCaseKeyword.execute(CallTestCaseKeyword.groovy:44)
	at com.kms.katalon.core.keyword.internal.KeywordExecutor.executeKeywordForPlatform(KeywordExecutor.groovy:74)
	at com.kms.katalon.core.keyword.BuiltinKeywords.callTestCase(BuiltinKeywords.groovy:310)
	at SA-002.run(SA-002:20)
	at com.kms.katalon.core.main.ScriptEngine.run(ScriptEngine.java:194)
	at com.kms.katalon.core.main.ScriptEngine.runScriptAsRawText(ScriptEngine.java:119)
	at com.kms.katalon.core.main.TestCaseExecutor.runScript(TestCaseExecutor.java:448)
	at com.kms.katalon.core.main.TestCaseExecutor.doExecute(TestCaseExecutor.java:439)
	at com.kms.katalon.core.main.TestCaseExecutor.processExecutionPhase(TestCaseExecutor.java:418)
	at com.kms.katalon.core.main.TestCaseExecutor.accessMainPhase(TestCaseExecutor.java:410)
	at com.kms.katalon.core.main.TestCaseExecutor.execute(TestCaseExecutor.java:285)
	at com.kms.katalon.core.main.TestCaseMain.runTestCase(TestCaseMain.java:144)
	at com.kms.katalon.core.keyword.builtin.CallTestCaseKeyword$_callTestCase_closure1.doCall(CallTestCaseKeyword.groovy:59)
	... 20 more
Caused by: com.kms.katalon.core.exception.StepFailedException: Call Test Case 'Test Cases/T13 Pembelian, Shipment dan Pembayaran/PBYA-001' failed
	at com.kms.katalon.core.keyword.builtin.CallTestCaseKeyword$_callTestCase_closure1.doCall(CallTestCaseKeyword.groovy:63)
	at com.kms.katalon.core.keyword.builtin.CallTestCaseKeyword$_callTestCase_closure1.call(CallTestCaseKeyword.groovy)
	at com.kms.katalon.core.keyword.internal.KeywordMain.runKeyword(KeywordMain.groovy:75)
	at com.kms.katalon.core.keyword.builtin.CallTestCaseKeyword.callTestCase(CallTestCaseKeyword.groovy:81)
	at com.kms.katalon.core.keyword.builtin.CallTestCaseKeyword.execute(CallTestCaseKeyword.groovy:44)
	at com.kms.katalon.core.keyword.internal.KeywordExecutor.executeKeywordForPlatform(KeywordExecutor.groovy:74)
	at com.kms.katalon.core.keyword.BuiltinKeywords.callTestCase(BuiltinKeywords.groovy:310)
	at SA-001.run(SA-001:20)
	at com.kms.katalon.core.main.ScriptEngine.run(ScriptEngine.java:194)
	at com.kms.katalon.core.main.ScriptEngine.runScriptAsRawText(ScriptEngine.java:119)
	at com.kms.katalon.core.main.TestCaseExecutor.runScript(TestCaseExecutor.java:448)
	at com.kms.katalon.core.main.TestCaseExecutor.doExecute(TestCaseExecutor.java:439)
	at com.kms.katalon.core.main.TestCaseExecutor.processExecutionPhase(TestCaseExecutor.java:418)
	at com.kms.katalon.core.main.TestCaseExecutor.accessMainPhase(TestCaseExecutor.java:410)
	at com.kms.katalon.core.main.TestCaseExecutor.execute(TestCaseExecutor.java:285)
	at com.kms.katalon.core.main.TestCaseMain.runTestCase(TestCaseMain.java:144)
	at com.kms.katalon.core.keyword.builtin.CallTestCaseKeyword$_callTestCase_closure1.doCall(CallTestCaseKeyword.groovy:59)
	... 36 more
Caused by: com.kms.katalon.core.exception.StepFailedException: Call Test Case 'Test Cases/T13 Pembelian, Shipment dan Pembayaran/PBY-004' failed
	at com.kms.katalon.core.keyword.builtin.CallTestCaseKeyword$_callTestCase_closure1.doCall(CallTestCaseKeyword.groovy:63)
	at com.kms.katalon.core.keyword.builtin.CallTestCaseKeyword$_callTestCase_closure1.call(CallTestCaseKeyword.groovy)
	at com.kms.katalon.core.keyword.internal.KeywordMain.runKeyword(KeywordMain.groovy:75)
	at com.kms.katalon.core.keyword.builtin.CallTestCaseKeyword.callTestCase(CallTestCaseKeyword.groovy:81)
	at com.kms.katalon.core.keyword.builtin.CallTestCaseKeyword.execute(CallTestCaseKeyword.groovy:44)
	at com.kms.katalon.core.keyword.internal.KeywordExecutor.executeKeywordForPlatform(KeywordExecutor.groovy:74)
	at com.kms.katalon.core.keyword.BuiltinKeywords.callTestCase(BuiltinKeywords.groovy:310)
	at PBYA-001.run(PBYA-001:20)
	at com.kms.katalon.core.main.ScriptEngine.run(ScriptEngine.java:194)
	at com.kms.katalon.core.main.ScriptEngine.runScriptAsRawText(ScriptEngine.java:119)
	at com.kms.katalon.core.main.TestCaseExecutor.runScript(TestCaseExecutor.java:448)
	at com.kms.katalon.core.main.TestCaseExecutor.doExecute(TestCaseExecutor.java:439)
	at com.kms.katalon.core.main.TestCaseExecutor.processExecutionPhase(TestCaseExecutor.java:418)
	at com.kms.katalon.core.main.TestCaseExecutor.accessMainPhase(TestCaseExecutor.java:410)
	at com.kms.katalon.core.main.TestCaseExecutor.execute(TestCaseExecutor.java:285)
	at com.kms.katalon.core.main.TestCaseMain.runTestCase(TestCaseMain.java:144)
	at com.kms.katalon.core.keyword.builtin.CallTestCaseKeyword$_callTestCase_closure1.doCall(CallTestCaseKeyword.groovy:59)
	... 52 more
Caused by: com.kms.katalon.core.exception.StepFailedException: Unable to click on object 'Object Repository/Konfirmasi pesanan shop/Konfirmasi Orders'
	at com.kms.katalon.core.webui.keyword.internal.WebUIKeywordMain.stepFailed(WebUIKeywordMain.groovy:64)
	at com.kms.katalon.core.webui.keyword.internal.WebUIKeywordMain.runKeyword(WebUIKeywordMain.groovy:26)
	at com.kms.katalon.core.webui.keyword.builtin.ClickKeyword.click(ClickKeyword.groovy:74)
	at com.kms.katalon.core.webui.keyword.builtin.ClickKeyword.execute(ClickKeyword.groovy:40)
	at com.kms.katalon.core.keyword.internal.KeywordExecutor.executeKeywordForPlatform(KeywordExecutor.groovy:74)
	at com.kms.katalon.core.webui.keyword.WebUiBuiltInKeywords.click(WebUiBuiltInKeywords.groovy:620)
	at com.kms.katalon.core.webui.keyword.WebUiBuiltInKeywords$click$2.call(Unknown Source)
	at PBY-004.run(PBY-004:33)
	at com.kms.katalon.core.main.ScriptEngine.run(ScriptEngine.java:194)
	at com.kms.katalon.core.main.ScriptEngine.runScriptAsRawText(ScriptEngine.java:119)
	at com.kms.katalon.core.main.TestCaseExecutor.runScript(TestCaseExecutor.java:448)
	at com.kms.katalon.core.main.TestCaseExecutor.doExecute(TestCaseExecutor.java:439)
	at com.kms.katalon.core.main.TestCaseExecutor.processExecutionPhase(TestCaseExecutor.java:418)
	at com.kms.katalon.core.main.TestCaseExecutor.accessMainPhase(TestCaseExecutor.java:410)
	at com.kms.katalon.core.main.TestCaseExecutor.execute(TestCaseExecutor.java:285)
	at com.kms.katalon.core.main.TestCaseMain.runTestCase(TestCaseMain.java:144)
	at com.kms.katalon.core.keyword.builtin.CallTestCaseKeyword$_callTestCase_closure1.doCall(CallTestCaseKeyword.groovy:59)
	... 68 more
Caused by: org.openqa.selenium.ElementNotInteractableException: element not interactable
  (Session info: MicrosoftEdge=117.0.2045.43)
Build info: version: '3.141.59', revision: 'e82be7d358', time: '2018-11-14T08:25:53'
System info: host: 'DESKTOP-H62FVJ8', ip: '10.9.2.18', os.name: 'Windows 10', os.arch: 'amd64', os.version: '10.0', java.version: '1.8.0_362'
Driver info: com.kms.katalon.selenium.driver.CEdgeDriver
Capabilities {acceptInsecureCerts: true, browserName: msedge, browserVersion: 117.0.2045.43, fedcm:accounts: true, javascriptEnabled: true, ms:edgeOptions: {debuggerAddress: localhost:63134}, msedge: {msedgedriverVersion: 117.0.2045.47 (b75fe6866687..., userDataDir: C:\Users\IRFAN\AppData\Loca...}, networkConnectionEnabled: false, pageLoadStrategy: normal, platform: WINDOWS, platformName: WINDOWS, proxy: Proxy(), setWindowRect: true, strictFileInteractability: false, timeouts: {implicit: 0, pageLoad: 300000, script: 30000}, unhandledPromptBehavior: dismiss and notify, webauthn:extension:credBlob: true, webauthn:extension:largeBlob: true, webauthn:extension:minPinLength: true, webauthn:extension:prf: true, webauthn:virtualAuthenticators: true}
Session ID: e683f878c54822fa814ef0f7d89d1a79
	at org.openqa.selenium.remote.http.W3CHttpResponseCodec.createException(W3CHttpResponseCodec.java:187)
	at org.openqa.selenium.remote.http.W3CHttpResponseCodec.decode(W3CHttpResponseCodec.java:122)
	at org.openqa.selenium.remote.http.W3CHttpResponseCodec.decode(W3CHttpResponseCodec.java:49)
	at org.openqa.selenium.remote.HttpCommandExecutor.execute(HttpCommandExecutor.java:158)
	at org.openqa.selenium.remote.service.DriverCommandExecutor.execute(DriverCommandExecutor.java:83)
	at org.openqa.selenium.remote.RemoteWebDriver.execute(RemoteWebDriver.java:552)
	at com.kms.katalon.selenium.driver.CEdgeDriver.execute(CEdgeDriver.java:20)
	at org.openqa.selenium.remote.RemoteWebElement.execute(RemoteWebElement.java:285)
	at org.openqa.selenium.remote.RemoteWebElement.click(RemoteWebElement.java:84)
	at org.openqa.selenium.support.events.EventFiringWebDriver$EventFiringWebElement.lambda$new$0(EventFiringWebDriver.java:404)
	at com.sun.proxy.$Proxy11.click(Unknown Source)
	at org.openqa.selenium.support.events.EventFiringWebDriver$EventFiringWebElement.click(EventFiringWebDriver.java:417)
	at org.openqa.selenium.WebElement$click.call(Unknown Source)
	at com.kms.katalon.core.webui.keyword.builtin.ClickKeyword.clickUntilSuccessWithTimeout(ClickKeyword.groovy:81)
	at com.kms.katalon.core.webui.keyword.builtin.ClickKeyword.clickUntilSuccessWithTimeout(ClickKeyword.groovy)
	at com.kms.katalon.core.webui.keyword.builtin.ClickKeyword$_click_closure1.doCall(ClickKeyword.groovy:67)
	at com.kms.katalon.core.webui.keyword.builtin.ClickKeyword$_click_closure1.call(ClickKeyword.groovy)
	at com.kms.katalon.core.webui.keyword.internal.WebUIKeywordMain.runKeyword(WebUIKeywordMain.groovy:20)
	... 83 more]]></system-err>
      </testcase>
      <testcase name="Test Cases/T13 Pembelian, Shipment dan Pembayaran/SU-001" time="58.139" classname="Test Cases/T13 Pembelian, Shipment dan Pembayaran/SU-001" status="PASSED">
         <system-out><![CDATA[2023-10-05 13:52:20 - [TEST_CASE][PASSED] - Test Cases/T13 Pembelian, Shipment dan Pembayaran/SU-001: Test Cases/T13 Pembelian, Shipment dan Pembayaran/SU-001

2023-10-05 13:52:20 - [TEST_STEP][PASSED] - data = callTestCase(findTestCase("T13 Pembelian, Shipment dan Pembayaran/PBY-002"), [:], STOP_ON_FAILURE): Call Test Case 'Test Cases/T13 Pembelian, Shipment dan Pembayaran/PBY-002' successfully

2023-10-05 13:52:20 - [TEST_CASE][PASSED] - Test Cases/T13 Pembelian, Shipment dan Pembayaran/PBY-002: Test Cases/T13 Pembelian, Shipment dan Pembayaran/PBY-002

2023-10-05 13:52:20 - [TEST_STEP][PASSED] - data = callTestCase(findTestCase("T13 Pembelian, Shipment dan Pembayaran/PBL-005"), ["Kurir":"Roda 2", "tf":"transfer"], STOP_ON_FAILURE): Call Test Case 'Test Cases/T13 Pembelian, Shipment dan Pembayaran/PBL-005' successfully

2023-10-05 13:52:20 - [TEST_CASE][PASSED] - Test Cases/T13 Pembelian, Shipment dan Pembayaran/PBL-005: Test Cases/T13 Pembelian, Shipment dan Pembayaran/PBL-005

2023-10-05 13:52:20 - [TEST_STEP][PASSED] - data = callTestCase(findTestCase("T13 Pembelian, Shipment dan Pembayaran/PBL-002"), [:], STOP_ON_FAILURE): Call Test Case 'Test Cases/T13 Pembelian, Shipment dan Pembayaran/PBL-002' successfully

2023-10-05 13:52:21 - [TEST_CASE][PASSED] - Test Cases/T13 Pembelian, Shipment dan Pembayaran/PBL-002: Test Cases/T13 Pembelian, Shipment dan Pembayaran/PBL-002

2023-10-05 13:52:21 - [TEST_STEP][PASSED] - data = callTestCase(findTestCase("T13 Pembelian, Shipment dan Pembayaran/PBL-001"), [:], STOP_ON_FAILURE): Call Test Case 'Test Cases/T13 Pembelian, Shipment dan Pembayaran/PBL-001' successfully

2023-10-05 13:52:21 - [TEST_CASE][PASSED] - Test Cases/T13 Pembelian, Shipment dan Pembayaran/PBL-001: Test Cases/T13 Pembelian, Shipment dan Pembayaran/PBL-001

2023-10-05 13:52:21 - [TEST_STEP][PASSED] - callTestCase(findTestCase("T13 Pembelian, Shipment dan Pembayaran/LU-001"), ["username":"irfanafandi", "password":"12345irfan"], STOP_ON_FAILURE): Call Test Case 'Test Cases/T13 Pembelian, Shipment dan Pembayaran/LU-001' successfully

2023-10-05 13:52:21 - [TEST_CASE][PASSED] - Test Cases/T13 Pembelian, Shipment dan Pembayaran/LU-001: Test Cases/T13 Pembelian, Shipment dan Pembayaran/LU-001

2023-10-05 13:52:21 - [TEST_STEP][PASSED] - openBrowser("https://10.9.2.63/ecommerce/"): Browser is opened with url: 'https://10.9.2.63/ecommerce/'

2023-10-05 13:52:21 - [MESSAGE][WARNING] - A browser is already opened. Closing browser and opening a new one

2023-10-05 13:52:21 - [MESSAGE][INFO] - Starting 'Edge Chromium' driver

2023-10-05 13:52:21 - [MESSAGE][INFO] - User set preference: ['acceptInsecureCerts', 'true']

2023-10-05 13:52:24 - [MESSAGE][INFO] - Action delay is set to 0 milliseconds

2023-10-05 13:52:27 - [MESSAGE][PASSED] - Browser is opened with url: 'https://10.9.2.63/ecommerce/'

2023-10-05 13:52:27 - [TEST_STEP][PASSED] - maximizeWindow(): Current window maximized

2023-10-05 13:52:27 - [MESSAGE][PASSED] - Current window maximized

2023-10-05 13:52:27 - [TEST_STEP][PASSED] - verifyElementPresent(findTestObject("Login/Home"), 0): Object 'Object Repository/Login/Home' is present

2023-10-05 13:52:27 - [MESSAGE][WARNING] - Timeout '0' is invalid. Using default page load timeout: '30'

2023-10-05 13:52:28 - [MESSAGE][PASSED] - Object 'Object Repository/Login/Home' is present

2023-10-05 13:52:28 - [TEST_STEP][PASSED] - click(findTestObject("Login/a_Login")): Object: 'Object Repository/Login/a_Login' is clicked on

2023-10-05 13:52:28 - [MESSAGE][PASSED] - Object: 'Object Repository/Login/a_Login' is clicked on

2023-10-05 13:52:28 - [TEST_STEP][PASSED] - verifyElementPresent(findTestObject("Login/Tittle Login"), 0): Object 'Object Repository/Login/Tittle Login' is present

2023-10-05 13:52:29 - [MESSAGE][WARNING] - Timeout '0' is invalid. Using default page load timeout: '30'

2023-10-05 13:52:29 - [MESSAGE][PASSED] - Object 'Object Repository/Login/Tittle Login' is present

2023-10-05 13:52:29 - [TEST_STEP][PASSED] - setText(findTestObject("Login/input_Username, Email atau No. Handphone_a"), username): Text 'irfanafandi' is set on object 'Object Repository/Login/input_Username, Email atau No. Handphone_a'

2023-10-05 13:52:30 - [MESSAGE][PASSED] - Text 'irfanafandi' is set on object 'Object Repository/Login/input_Username, Email atau No. Handphone_a'

2023-10-05 13:52:30 - [TEST_STEP][PASSED] - setText(findTestObject("Login/input_Password_b"), password): Text '12345irfan' is set on object 'Object Repository/Login/input_Password_b'

2023-10-05 13:52:31 - [MESSAGE][PASSED] - Text '12345irfan' is set on object 'Object Repository/Login/input_Password_b'

2023-10-05 13:52:31 - [TEST_STEP][PASSED] - click(findTestObject("Login/label_Ingat saya")): Object: 'Object Repository/Login/label_Ingat saya' is clicked on

2023-10-05 13:52:31 - [MESSAGE][PASSED] - Object: 'Object Repository/Login/label_Ingat saya' is clicked on

2023-10-05 13:52:31 - [TEST_STEP][PASSED] - click(findTestObject("Login/button_Masuk")): Object: 'Object Repository/Login/button_Masuk' is clicked on

2023-10-05 13:52:33 - [MESSAGE][PASSED] - Object: 'Object Repository/Login/button_Masuk' is clicked on

2023-10-05 13:52:33 - [TEST_STEP][PASSED] - verifyElementPresent(findTestObject("Login/li_Profile"), 0): Object 'Object Repository/Login/li_Profile' is present

2023-10-05 13:52:33 - [MESSAGE][WARNING] - Timeout '0' is invalid. Using default page load timeout: '30'

2023-10-05 13:52:34 - [MESSAGE][PASSED] - Object 'Object Repository/Login/li_Profile' is present

2023-10-05 13:52:34 - [MESSAGE][PASSED] - Call Test Case 'Test Cases/T13 Pembelian, Shipment dan Pembayaran/LU-001' successfully

2023-10-05 13:52:34 - [TEST_STEP][PASSED] - mouseOver(findTestObject("beli barang/i_Mulai Belanja_icon-menu")): Object: 'Object Repository/beli barang/i_Mulai Belanja_icon-menu' is hovered

2023-10-05 13:52:34 - [MESSAGE][PASSED] - Object: 'Object Repository/beli barang/i_Mulai Belanja_icon-menu' is hovered

2023-10-05 13:52:34 - [TEST_STEP][PASSED] - click(findTestObject("beli barang/a_Fashion  Busana Wanita")): Object: 'Object Repository/beli barang/a_Fashion  Busana Wanita' is clicked on

2023-10-05 13:52:36 - [MESSAGE][PASSED] - Object: 'Object Repository/beli barang/a_Fashion  Busana Wanita' is clicked on

2023-10-05 13:52:36 - [TEST_STEP][PASSED] - NamaSebelum = getText(findTestObject("verifikasi/Nama sebelum")): Text of object 'Object Repository/verifikasi/Nama sebelum' is: ''

2023-10-05 13:52:36 - [MESSAGE][PASSED] - Text of object 'Object Repository/verifikasi/Nama sebelum' is: ''

2023-10-05 13:52:36 - [TEST_STEP][PASSED] - HargaSebelum = getText(findTestObject("verifikasi/Harga sebelum")): Text of object 'Object Repository/verifikasi/Harga sebelum' is: 'Rp 1,299'

2023-10-05 13:52:37 - [MESSAGE][PASSED] - Text of object 'Object Repository/verifikasi/Harga sebelum' is: 'Rp 1,299'

2023-10-05 13:52:37 - [TEST_STEP][PASSED] - mouseOver(findTestObject("beli barang/barang mouse over")): Object: 'Object Repository/beli barang/barang mouse over' is hovered

2023-10-05 13:52:37 - [MESSAGE][PASSED] - Object: 'Object Repository/beli barang/barang mouse over' is hovered

2023-10-05 13:52:37 - [TEST_STEP][PASSED] - click(findTestObject("beli barang/buttom add to cart")): Object: 'Object Repository/beli barang/buttom add to cart' is clicked on

2023-10-05 13:52:39 - [MESSAGE][PASSED] - Object: 'Object Repository/beli barang/buttom add to cart' is clicked on

2023-10-05 13:52:39 - [TEST_STEP][PASSED] - NamaSesudah = getText(findTestObject("verifikasi/Nama sesudah")): Text of object 'Object Repository/verifikasi/Nama sesudah' is: 'Segitiga Instan Madeira - MDB5.3 Sunset'

2023-10-05 13:52:39 - [MESSAGE][PASSED] - Text of object 'Object Repository/verifikasi/Nama sesudah' is: 'Segitiga Instan Madeira - MDB5.3 Sunset'

2023-10-05 13:52:39 - [TEST_STEP][PASSED] - HargaSesudah = getText(findTestObject("verifikasi/Harga sesudah")): Text of object 'Object Repository/verifikasi/Harga sesudah' is: 'Rp 1,299'

2023-10-05 13:52:40 - [MESSAGE][PASSED] - Text of object 'Object Repository/verifikasi/Harga sesudah' is: 'Rp 1,299'

2023-10-05 13:52:40 - [TEST_STEP][PASSED] - assert NamaSesudah.contains(NamaSebelum): null

2023-10-05 13:52:40 - [TEST_STEP][PASSED] - assert HargaSesudah.contains(HargaSebelum): null

2023-10-05 13:52:40 - [TEST_STEP][PASSED] - click(findTestObject("beli barang/Tambah Keranjang busana wanita")): Object: 'Object Repository/beli barang/Tambah Keranjang busana wanita' is clicked on

2023-10-05 13:52:40 - [MESSAGE][PASSED] - Object: 'Object Repository/beli barang/Tambah Keranjang busana wanita' is clicked on

2023-10-05 13:52:40 - [TEST_STEP][PASSED] - verifyElementPresent(findTestObject("checkout/Notifikasi keranjang"), 1): Object 'Object Repository/checkout/Notifikasi keranjang' is present

2023-10-05 13:52:41 - [MESSAGE][PASSED] - Object 'Object Repository/checkout/Notifikasi keranjang' is present

2023-10-05 13:52:41 - [TEST_STEP][PASSED] - data = new java.util.HashMap(): null

2023-10-05 13:52:41 - [TEST_STEP][PASSED] - data.put("nama_barang", NamaSesudah): null

2023-10-05 13:52:41 - [TEST_STEP][PASSED] - data.put("price_barang", HargaSesudah): null

2023-10-05 13:52:41 - [TEST_STEP][PASSED] - return data: null

2023-10-05 13:52:41 - [MESSAGE][PASSED] - Call Test Case 'Test Cases/T13 Pembelian, Shipment dan Pembayaran/PBL-001' successfully

2023-10-05 13:52:41 - [TEST_STEP][PASSED] - mouseOver(findTestObject("beli barang/keranjang")): Object: 'Object Repository/beli barang/keranjang' is hovered

2023-10-05 13:52:42 - [MESSAGE][PASSED] - Object: 'Object Repository/beli barang/keranjang' is hovered

2023-10-05 13:52:42 - [TEST_STEP][PASSED] - click(findTestObject("beli barang/Lihat Sekarang")): Object: 'Object Repository/beli barang/Lihat Sekarang' is clicked on

2023-10-05 13:52:43 - [MESSAGE][PASSED] - Object: 'Object Repository/beli barang/Lihat Sekarang' is clicked on

2023-10-05 13:52:43 - [TEST_STEP][PASSED] - verifyElementPresent(findTestObject("keranjang/li_Keranjang Belanja"), 0): Object 'Object Repository/keranjang/li_Keranjang Belanja' is present

2023-10-05 13:52:43 - [MESSAGE][WARNING] - Timeout '0' is invalid. Using default page load timeout: '30'

2023-10-05 13:52:44 - [MESSAGE][PASSED] - Object 'Object Repository/keranjang/li_Keranjang Belanja' is present

2023-10-05 13:52:44 - [TEST_STEP][PASSED] - NamaKeranjang = getText(findTestObject("verifikasi/Nama keranjang")): Text of object 'Object Repository/verifikasi/Nama keranjang' is: 'Segitiga Instan Madeira - MDB5.3 Sunset'

2023-10-05 13:52:44 - [MESSAGE][PASSED] - Text of object 'Object Repository/verifikasi/Nama keranjang' is: 'Segitiga Instan Madeira - MDB5.3 Sunset'

2023-10-05 13:52:44 - [TEST_STEP][PASSED] - HargaKeranjang = getText(findTestObject("verifikasi/Harga Keranjang")): Text of object 'Object Repository/verifikasi/Harga Keranjang' is: 'Rp 1,299'

2023-10-05 13:52:44 - [MESSAGE][PASSED] - Text of object 'Object Repository/verifikasi/Harga Keranjang' is: 'Rp 1,299'

2023-10-05 13:52:44 - [TEST_STEP][PASSED] - if (toString().equalsIgnoreCase("Merah")): Object 'Object Repository/keranjang/input_Warna_variasi101' is checked

2023-10-05 13:52:44 - [TEST_STEP][PASSED] - check(findTestObject("Object Repository/keranjang/input_Warna_variasi101")): Object 'Object Repository/keranjang/input_Warna_variasi101' is checked

2023-10-05 13:52:45 - [MESSAGE][PASSED] - Object 'Object Repository/keranjang/input_Warna_variasi101' is checked

2023-10-05 13:52:45 - [TEST_STEP][PASSED] - if (toString().equalsIgnoreCase("Menengah")): Object 'Object Repository/keranjang/input_Ukuran_variasi201' is checked

2023-10-05 13:52:45 - [TEST_STEP][PASSED] - check(findTestObject("Object Repository/keranjang/input_Ukuran_variasi201")): Object 'Object Repository/keranjang/input_Ukuran_variasi201' is checked

2023-10-05 13:52:45 - [MESSAGE][PASSED] - Object 'Object Repository/keranjang/input_Ukuran_variasi201' is checked

2023-10-05 13:52:45 - [TEST_STEP][PASSED] - data.put("Warna", warna): null

2023-10-05 13:52:45 - [TEST_STEP][PASSED] - data.put("Ukuran", ukuran): null

2023-10-05 13:52:45 - [TEST_STEP][PASSED] - click(findTestObject("keranjang/button_Lanjut ke Pembayaran")): Object: 'Object Repository/keranjang/button_Lanjut ke Pembayaran' is clicked on

2023-10-05 13:52:47 - [MESSAGE][PASSED] - Object: 'Object Repository/keranjang/button_Lanjut ke Pembayaran' is clicked on

2023-10-05 13:52:47 - [TEST_STEP][PASSED] - verifyElementPresent(findTestObject("checkout/Tittle Checkout Order"), 0): Object 'Object Repository/checkout/Tittle Checkout Order' is present

2023-10-05 13:52:47 - [MESSAGE][WARNING] - Timeout '0' is invalid. Using default page load timeout: '30'

2023-10-05 13:52:48 - [MESSAGE][PASSED] - Object 'Object Repository/checkout/Tittle Checkout Order' is present

2023-10-05 13:52:48 - [TEST_STEP][PASSED] - name_product = data.get("nama_barang"): null

2023-10-05 13:52:48 - [TEST_STEP][PASSED] - price_product = data.get("price_barang"): null

2023-10-05 13:52:48 - [TEST_STEP][PASSED] - assert name_product == NamaKeranjang: null

2023-10-05 13:52:48 - [TEST_STEP][PASSED] - assert price_product == HargaKeranjang: null

2023-10-05 13:52:48 - [TEST_STEP][PASSED] - return data: null

2023-10-05 13:52:48 - [MESSAGE][PASSED] - Call Test Case 'Test Cases/T13 Pembelian, Shipment dan Pembayaran/PBL-002' successfully

2023-10-05 13:52:48 - [TEST_STEP][PASSED] - warnaa = getText(findTestObject("verifikasi/warna Merah")): Text of object 'Object Repository/verifikasi/warna Merah' is: 'Merah'

2023-10-05 13:52:48 - [MESSAGE][PASSED] - Text of object 'Object Repository/verifikasi/warna Merah' is: 'Merah'

2023-10-05 13:52:48 - [TEST_STEP][PASSED] - ukurann = getText(findTestObject("verifikasi/Ukuran Menengah")): Text of object 'Object Repository/verifikasi/Ukuran Menengah' is: 'Menengah'

2023-10-05 13:52:48 - [MESSAGE][PASSED] - Text of object 'Object Repository/verifikasi/Ukuran Menengah' is: 'Menengah'

2023-10-05 13:52:48 - [TEST_STEP][PASSED] - warna1 = data.get("Warna"): null

2023-10-05 13:52:48 - [TEST_STEP][PASSED] - ukuran1 = data.get("Ukuran"): null

2023-10-05 13:52:48 - [TEST_STEP][PASSED] - assert warnaa == warna1: null

2023-10-05 13:52:48 - [TEST_STEP][PASSED] - assert ukurann == ukuran1: null

2023-10-05 13:52:48 - [TEST_STEP][PASSED] - NamaCheckout = getText(findTestObject("verifikasi/NamaCheckout")): Text of object 'Object Repository/verifikasi/NamaCheckout' is: ''

2023-10-05 13:52:49 - [MESSAGE][PASSED] - Text of object 'Object Repository/verifikasi/NamaCheckout' is: ''

2023-10-05 13:52:49 - [TEST_STEP][PASSED] - HargaCheckout = getText(findTestObject("verifikasi/HargaCheckout")): Text of object 'Object Repository/verifikasi/HargaCheckout' is: '1,299'

2023-10-05 13:52:49 - [MESSAGE][PASSED] - Text of object 'Object Repository/verifikasi/HargaCheckout' is: '1,299'

2023-10-05 13:52:49 - [TEST_STEP][PASSED] - name_product = data.get("nama_barang"): null

2023-10-05 13:52:49 - [TEST_STEP][PASSED] - price_product = data.get("price_barang"): null

2023-10-05 13:52:49 - [TEST_STEP][PASSED] - assert name_product.contains(NamaCheckout): null

2023-10-05 13:52:49 - [TEST_STEP][PASSED] - assert price_product.contains(HargaCheckout): null

2023-10-05 13:52:49 - [TEST_STEP][PASSED] - selectOptionByLabel(findTestObject("checkout/select - Kirim via Kurir Lokal"), Kurir, false): All options with label 'Roda 2' are selected in object 'Object Repository/checkout/select - Kirim via Kurir Lokal' 

2023-10-05 13:52:50 - [MESSAGE][PASSED] - All options with label 'Roda 2' are selected in object 'Object Repository/checkout/select - Kirim via Kurir Lokal' 

2023-10-05 13:52:50 - [TEST_STEP][PASSED] - click(findTestObject("checkout/Kendaraan Kurir")): Object: 'Object Repository/checkout/Kendaraan Kurir' is clicked on

2023-10-05 13:52:51 - [MESSAGE][PASSED] - Object: 'Object Repository/checkout/Kendaraan Kurir' is clicked on

2023-10-05 13:52:51 - [TEST_STEP][PASSED] - OngkosKirim = getText(findTestObject("Object Repository/verifikasi/Ongkos Kirim checkout")): Text of object 'Object Repository/verifikasi/Ongkos Kirim checkout' is: 'Rp. 5,000'

2023-10-05 13:52:51 - [MESSAGE][PASSED] - Text of object 'Object Repository/verifikasi/Ongkos Kirim checkout' is: 'Rp. 5,000'

2023-10-05 13:52:51 - [TEST_STEP][PASSED] - Ongkos = OngkosKirim.substring(3, OngkosKirim.size()): null

2023-10-05 13:52:51 - [TEST_STEP][PASSED] - rep = Ongkos.replace(",", "."): null

2023-10-05 13:52:51 - [TEST_STEP][PASSED] - Ongkos_kirim = Double.parseDouble(rep): null

2023-10-05 13:52:51 - [TEST_STEP][PASSED] - println(Ongkos_kirim): null

2023-10-05 13:52:51 - [TEST_STEP][PASSED] - FeeAdmin = getText(findTestObject("verifikasi/Fee Admin checkout")): Text of object 'Object Repository/verifikasi/Fee Admin checkout' is: 'Fee Admin
Rp 1,500'

2023-10-05 13:52:51 - [MESSAGE][PASSED] - Text of object 'Object Repository/verifikasi/Fee Admin checkout' is: 'Fee Admin
Rp 1,500'

2023-10-05 13:52:51 - [TEST_STEP][PASSED] - Fee_Admin = FeeAdmin.substring(12, FeeAdmin.size()): null

2023-10-05 13:52:51 - [TEST_STEP][PASSED] - fee = Fee_Admin.replace(",", "."): null

2023-10-05 13:52:51 - [TEST_STEP][PASSED] - fee_admin = Double.parseDouble(fee): null

2023-10-05 13:52:51 - [TEST_STEP][PASSED] - println(fee_admin): null

2023-10-05 13:52:51 - [TEST_STEP][PASSED] - Subtotal = getText(findTestObject("verifikasi/subtotal checkout")): Text of object 'Object Repository/verifikasi/subtotal checkout' is: 'Subtotal
Rp 1,299'

2023-10-05 13:52:52 - [MESSAGE][PASSED] - Text of object 'Object Repository/verifikasi/subtotal checkout' is: 'Subtotal
Rp 1,299'

2023-10-05 13:52:52 - [TEST_STEP][PASSED] - sub_total = Subtotal.substring(12, Subtotal.size()): null

2023-10-05 13:52:52 - [TEST_STEP][PASSED] - sub = sub_total.replace(",", "."): null

2023-10-05 13:52:52 - [TEST_STEP][PASSED] - sub_total = Double.parseDouble(sub): null

2023-10-05 13:52:52 - [TEST_STEP][PASSED] - println(sub_total): null

2023-10-05 13:52:52 - [TEST_STEP][PASSED] - Total = getText(findTestObject("verifikasi/Total checkout")): Text of object 'Object Repository/verifikasi/Total checkout' is: 'Rp 7,799'

2023-10-05 13:52:52 - [MESSAGE][PASSED] - Text of object 'Object Repository/verifikasi/Total checkout' is: 'Rp 7,799'

2023-10-05 13:52:52 - [TEST_STEP][PASSED] - totall = Total.substring(3, Total.size()): null

2023-10-05 13:52:52 - [TEST_STEP][PASSED] - total = totall.replace(",", "."): null

2023-10-05 13:52:52 - [TEST_STEP][PASSED] - totall = Double.parseDouble(total): null

2023-10-05 13:52:52 - [TEST_STEP][PASSED] - println(totall): null

2023-10-05 13:52:52 - [TEST_STEP][PASSED] - Total_Harga = Ongkos_kirim + fee_admin + sub_total: null

2023-10-05 13:52:52 - [TEST_STEP][PASSED] - println(Total_Harga): null

2023-10-05 13:52:52 - [TEST_STEP][PASSED] - TotalHarga = Math.round(Total_Harga * 1000) / 1000: null

2023-10-05 13:52:52 - [TEST_STEP][PASSED] - println(TotalHarga): null

2023-10-05 13:52:52 - [TEST_STEP][PASSED] - assert totall == TotalHarga: null

2023-10-05 13:52:52 - [TEST_STEP][PASSED] - click(findTestObject("Object Repository/checkout/metode pembayaran")): Object: 'Object Repository/checkout/metode pembayaran' is clicked on

2023-10-05 13:52:53 - [MESSAGE][PASSED] - Object: 'Object Repository/checkout/metode pembayaran' is clicked on

2023-10-05 13:52:53 - [TEST_STEP][PASSED] - click(findTestObject("checkout/button_Proses Pembayaran")): Object: 'Object Repository/checkout/button_Proses Pembayaran' is clicked on

2023-10-05 13:53:02 - [MESSAGE][PASSED] - Object: 'Object Repository/checkout/button_Proses Pembayaran' is clicked on

2023-10-05 13:53:02 - [TEST_STEP][PASSED] - verifyElementPresent(findTestObject("pembayaran/Tittle nomor invoice"), 0): Object 'Object Repository/pembayaran/Tittle nomor invoice' is present

2023-10-05 13:53:02 - [MESSAGE][WARNING] - Timeout '0' is invalid. Using default page load timeout: '30'

2023-10-05 13:53:02 - [MESSAGE][PASSED] - Object 'Object Repository/pembayaran/Tittle nomor invoice' is present

2023-10-05 13:53:02 - [TEST_STEP][PASSED] - return data: null

2023-10-05 13:53:02 - [MESSAGE][PASSED] - Call Test Case 'Test Cases/T13 Pembelian, Shipment dan Pembayaran/PBL-005' successfully

2023-10-05 13:53:02 - [TEST_STEP][PASSED] - Invoice = getText(findTestObject("pembayaran/nomor invoice")): Text of object 'Object Repository/pembayaran/nomor invoice' is: 'TRX60.20231005135257'

2023-10-05 13:53:03 - [MESSAGE][PASSED] - Text of object 'Object Repository/pembayaran/nomor invoice' is: 'TRX60.20231005135257'

2023-10-05 13:53:03 - [TEST_STEP][PASSED] - NamaPemesan = getText(findTestObject("Konfirmasi pesanan shop/Nama pemesan")): Text of object 'Object Repository/Konfirmasi pesanan shop/Nama pemesan' is: 'irfan.afandi'

2023-10-05 13:53:03 - [MESSAGE][PASSED] - Text of object 'Object Repository/Konfirmasi pesanan shop/Nama pemesan' is: 'irfan.afandi'

2023-10-05 13:53:03 - [TEST_STEP][PASSED] - data.put("invoice", Invoice): null

2023-10-05 13:53:03 - [TEST_STEP][PASSED] - Nama = getText(findTestObject("pembayaran/Nama barang")): Text of object 'Object Repository/pembayaran/Nama barang' is: 'Segitiga Instan Madeira - MDB5.3 Sunset'

2023-10-05 13:53:03 - [MESSAGE][PASSED] - Text of object 'Object Repository/pembayaran/Nama barang' is: 'Segitiga Instan Madeira - MDB5.3 Sunset'

2023-10-05 13:53:03 - [TEST_STEP][PASSED] - Harga = getText(findTestObject("pembayaran/Harga barang")): Text of object 'Object Repository/pembayaran/Harga barang' is: '1,299'

2023-10-05 13:53:04 - [MESSAGE][PASSED] - Text of object 'Object Repository/pembayaran/Harga barang' is: '1,299'

2023-10-05 13:53:04 - [TEST_STEP][PASSED] - name_product = data.get("nama_barang"): null

2023-10-05 13:53:04 - [TEST_STEP][PASSED] - price_product = data.get("price_barang"): null

2023-10-05 13:53:04 - [TEST_STEP][PASSED] - assert name_product.contains(Nama): null

2023-10-05 13:53:04 - [TEST_STEP][PASSED] - assert price_product.contains(Harga): null

2023-10-05 13:53:04 - [TEST_STEP][PASSED] - warnaa = getText(findTestObject("pembayaran/warna")): Text of object 'Object Repository/pembayaran/warna' is: 'Merah'

2023-10-05 13:53:04 - [MESSAGE][PASSED] - Text of object 'Object Repository/pembayaran/warna' is: 'Merah'

2023-10-05 13:53:04 - [TEST_STEP][PASSED] - ukurann = getText(findTestObject("pembayaran/ukuran")): Text of object 'Object Repository/pembayaran/ukuran' is: 'Menengah'

2023-10-05 13:53:05 - [MESSAGE][PASSED] - Text of object 'Object Repository/pembayaran/ukuran' is: 'Menengah'

2023-10-05 13:53:05 - [TEST_STEP][PASSED] - warna1 = data.get("Warna"): null

2023-10-05 13:53:05 - [TEST_STEP][PASSED] - ukuran1 = data.get("Ukuran"): null

2023-10-05 13:53:05 - [TEST_STEP][PASSED] - assert warnaa == warna1: null

2023-10-05 13:53:05 - [TEST_STEP][PASSED] - assert ukurann == ukuran1: null

2023-10-05 13:53:05 - [TEST_STEP][PASSED] - OngkosKirim = getText(findTestObject("pembayaran/ongkos kirim")): Text of object 'Object Repository/pembayaran/ongkos kirim' is: 'Rp 5,000'

2023-10-05 13:53:05 - [MESSAGE][PASSED] - Text of object 'Object Repository/pembayaran/ongkos kirim' is: 'Rp 5,000'

2023-10-05 13:53:05 - [TEST_STEP][PASSED] - Ongkos = OngkosKirim.substring(3, OngkosKirim.size()): null

2023-10-05 13:53:05 - [TEST_STEP][PASSED] - rep = Ongkos.replace(",", ""): null

2023-10-05 13:53:05 - [TEST_STEP][PASSED] - Ongkos_kirimm = Integer.parseInt(rep): null

2023-10-05 13:53:05 - [TEST_STEP][PASSED] - println(Ongkos_kirimm): null

2023-10-05 13:53:05 - [TEST_STEP][PASSED] - FeeAdmin = getText(findTestObject("pembayaran/fee admin")): Text of object 'Object Repository/pembayaran/fee admin' is: 'Rp 1,500'

2023-10-05 13:53:05 - [MESSAGE][PASSED] - Text of object 'Object Repository/pembayaran/fee admin' is: 'Rp 1,500'

2023-10-05 13:53:05 - [TEST_STEP][PASSED] - Fee_Admin = FeeAdmin.substring(3, FeeAdmin.size()): null

2023-10-05 13:53:05 - [TEST_STEP][PASSED] - fee = Fee_Admin.replace(",", ""): null

2023-10-05 13:53:05 - [TEST_STEP][PASSED] - fee_adminn = Integer.parseInt(fee): null

2023-10-05 13:53:05 - [TEST_STEP][PASSED] - println(fee_adminn): null

2023-10-05 13:53:05 - [TEST_STEP][PASSED] - Subtotal = getText(findTestObject("pembayaran/subtotal")): Text of object 'Object Repository/pembayaran/subtotal' is: 'Rp 1,299'

2023-10-05 13:53:06 - [MESSAGE][PASSED] - Text of object 'Object Repository/pembayaran/subtotal' is: 'Rp 1,299'

2023-10-05 13:53:06 - [TEST_STEP][PASSED] - sub_total = Subtotal.substring(3, Subtotal.size()): null

2023-10-05 13:53:06 - [TEST_STEP][PASSED] - sub = sub_total.replace(",", ""): null

2023-10-05 13:53:06 - [TEST_STEP][PASSED] - sub_totall = Integer.parseInt(sub): null

2023-10-05 13:53:06 - [TEST_STEP][PASSED] - println(sub_totall): null

2023-10-05 13:53:06 - [TEST_STEP][PASSED] - unik = getText(findTestObject("pembayaran/kode unik")): Text of object 'Object Repository/pembayaran/kode unik' is: '+257'

2023-10-05 13:53:06 - [MESSAGE][PASSED] - Text of object 'Object Repository/pembayaran/kode unik' is: '+257'

2023-10-05 13:53:06 - [TEST_STEP][PASSED] - unikk = unik.replace("+", ""): null

2023-10-05 13:53:06 - [TEST_STEP][PASSED] - kode_unik = Integer.parseInt(unikk): null

2023-10-05 13:53:06 - [TEST_STEP][PASSED] - println(kode_unik): null

2023-10-05 13:53:06 - [TEST_STEP][PASSED] - Total = getText(findTestObject("pembayaran/total")): Text of object 'Object Repository/pembayaran/total' is: '8,056'

2023-10-05 13:53:06 - [MESSAGE][PASSED] - Text of object 'Object Repository/pembayaran/total' is: '8,056'

2023-10-05 13:53:06 - [TEST_STEP][PASSED] - total = Total.replace(",", ""): null

2023-10-05 13:53:06 - [TEST_STEP][PASSED] - totalll = Integer.parseInt(total): null

2023-10-05 13:53:06 - [TEST_STEP][PASSED] - println(totalll): null

2023-10-05 13:53:06 - [TEST_STEP][PASSED] - Total_Hargaa = Ongkos_kirimm + fee_adminn + sub_totall + kode_unik: null

2023-10-05 13:53:06 - [TEST_STEP][PASSED] - println(Total_Hargaa): null

2023-10-05 13:53:06 - [TEST_STEP][PASSED] - assert totalll == Total_Hargaa: null

2023-10-05 13:53:06 - [TEST_STEP][PASSED] - data.put("total", Total): null

2023-10-05 13:53:06 - [TEST_STEP][PASSED] - data.put("nama", NamaPemesan): null

2023-10-05 13:53:06 - [TEST_STEP][PASSED] - return data: null

2023-10-05 13:53:06 - [MESSAGE][PASSED] - Call Test Case 'Test Cases/T13 Pembelian, Shipment dan Pembayaran/PBY-002' successfully

2023-10-05 13:53:06 - [TEST_STEP][PASSED] - click(findTestObject("Konfirmasi pesanan shop/Menu Shop")): Object: 'Object Repository/Konfirmasi pesanan shop/Menu Shop' is clicked on

2023-10-05 13:53:08 - [MESSAGE][PASSED] - Object: 'Object Repository/Konfirmasi pesanan shop/Menu Shop' is clicked on

2023-10-05 13:53:08 - [TEST_STEP][PASSED] - click(findTestObject("Konfirmasi pesanan shop/Menu Shop")): Object: 'Object Repository/Konfirmasi pesanan shop/Menu Shop' is clicked on

2023-10-05 13:53:09 - [MESSAGE][PASSED] - Object: 'Object Repository/Konfirmasi pesanan shop/Menu Shop' is clicked on

2023-10-05 13:53:09 - [TEST_STEP][PASSED] - click(findTestObject("Traking Order/a_Tracking Orders")): Object: 'Object Repository/Traking Order/a_Tracking Orders' is clicked on

2023-10-05 13:53:10 - [MESSAGE][PASSED] - Object: 'Object Repository/Traking Order/a_Tracking Orders' is clicked on

2023-10-05 13:53:10 - [TEST_STEP][PASSED] - verifyElementPresent(findTestObject("Traking Order/Tittle Tracking Order"), 0): Object 'Object Repository/Traking Order/Tittle Tracking Order' is present

2023-10-05 13:53:10 - [MESSAGE][WARNING] - Timeout '0' is invalid. Using default page load timeout: '30'

2023-10-05 13:53:10 - [MESSAGE][PASSED] - Object 'Object Repository/Traking Order/Tittle Tracking Order' is present

2023-10-05 13:53:10 - [TEST_STEP][PASSED] - inv = data.get("invoice"): null

2023-10-05 13:53:10 - [TEST_STEP][PASSED] - setText(findTestObject("Traking Order/input_No Pesanan_a"), inv): Text 'TRX60.20231005135257' is set on object 'Object Repository/Traking Order/input_No Pesanan_a'

2023-10-05 13:53:11 - [MESSAGE][PASSED] - Text 'TRX60.20231005135257' is set on object 'Object Repository/Traking Order/input_No Pesanan_a'

2023-10-05 13:53:11 - [TEST_STEP][PASSED] - setText(findTestObject("Traking Order/input_Alamat E-mail_form-control"), "irfan@gmail.com"): Text 'irfan@gmail.com' is set on object 'Object Repository/Traking Order/input_Alamat E-mail_form-control'

2023-10-05 13:53:12 - [MESSAGE][PASSED] - Text 'irfan@gmail.com' is set on object 'Object Repository/Traking Order/input_Alamat E-mail_form-control'

2023-10-05 13:53:12 - [TEST_STEP][PASSED] - click(findTestObject("Traking Order/button_Lacak Pesanan")): Object: 'Object Repository/Traking Order/button_Lacak Pesanan' is clicked on

2023-10-05 13:53:16 - [MESSAGE][PASSED] - Object: 'Object Repository/Traking Order/button_Lacak Pesanan' is clicked on

2023-10-05 13:53:16 - [TEST_STEP][PASSED] - verifyElementPresent(findTestObject("Traking Order/Tittle nomor transaksi"), 0): Object 'Object Repository/Traking Order/Tittle nomor transaksi' is present

2023-10-05 13:53:16 - [MESSAGE][WARNING] - Timeout '0' is invalid. Using default page load timeout: '30'

2023-10-05 13:53:16 - [MESSAGE][PASSED] - Object 'Object Repository/Traking Order/Tittle nomor transaksi' is present

2023-10-05 13:53:16 - [TEST_STEP][PASSED] - verifyElementPresent(findTestObject("Traking Order/status traking/Status Konfirmasi"), 0): Object 'Object Repository/Traking Order/status traking/Status Konfirmasi' is present

2023-10-05 13:53:16 - [MESSAGE][WARNING] - Timeout '0' is invalid. Using default page load timeout: '30'

2023-10-05 13:53:17 - [MESSAGE][PASSED] - Object 'Object Repository/Traking Order/status traking/Status Konfirmasi' is present

2023-10-05 13:53:17 - [TEST_STEP][PASSED] - Nama = getText(findTestObject("Object Repository/Traking Order/status traking/Nama Barang tracking order")): Text of object 'Object Repository/Traking Order/status traking/Nama Barang tracking order' is: 'Segitiga Instan Madeira - MDB5.3 Sunset'

2023-10-05 13:53:17 - [MESSAGE][PASSED] - Text of object 'Object Repository/Traking Order/status traking/Nama Barang tracking order' is: 'Segitiga Instan Madeira - MDB5.3 Sunset'

2023-10-05 13:53:17 - [TEST_STEP][PASSED] - Harga = getText(findTestObject("Object Repository/Traking Order/status traking/Harga Barang")): Text of object 'Object Repository/Traking Order/status traking/Harga Barang' is: '1,299'

2023-10-05 13:53:17 - [MESSAGE][PASSED] - Text of object 'Object Repository/Traking Order/status traking/Harga Barang' is: '1,299'

2023-10-05 13:53:17 - [TEST_STEP][PASSED] - name_product = data.get("nama_barang"): null

2023-10-05 13:53:17 - [TEST_STEP][PASSED] - price_product = data.get("price_barang"): null

2023-10-05 13:53:17 - [TEST_STEP][PASSED] - assert name_product.contains(Nama): null

2023-10-05 13:53:17 - [TEST_STEP][PASSED] - assert price_product.contains(Harga): null

2023-10-05 13:53:17 - [TEST_STEP][PASSED] - warnaa = getText(findTestObject("Object Repository/Traking Order/status traking/warna")): Text of object 'Object Repository/Traking Order/status traking/warna' is: 'Merah'

2023-10-05 13:53:18 - [MESSAGE][PASSED] - Text of object 'Object Repository/Traking Order/status traking/warna' is: 'Merah'

2023-10-05 13:53:18 - [TEST_STEP][PASSED] - ukurann = getText(findTestObject("Object Repository/Traking Order/status traking/Ukuruan")): Text of object 'Object Repository/Traking Order/status traking/Ukuruan' is: 'Menengah'

2023-10-05 13:53:18 - [MESSAGE][PASSED] - Text of object 'Object Repository/Traking Order/status traking/Ukuruan' is: 'Menengah'

2023-10-05 13:53:18 - [TEST_STEP][PASSED] - warna1 = data.get("Warna"): null

2023-10-05 13:53:18 - [TEST_STEP][PASSED] - ukuran1 = data.get("Ukuran"): null

2023-10-05 13:53:18 - [TEST_STEP][PASSED] - assert warnaa == warna1: null

2023-10-05 13:53:18 - [TEST_STEP][PASSED] - assert ukurann == ukuran1: null

2023-10-05 13:53:18 - [TEST_STEP][PASSED] - return data: null]]></system-out>
         <system-err><![CDATA[]]></system-err>
      </testcase>
      <testcase name="Test Cases/T13 Pembelian, Shipment dan Pembayaran/SU-002" time="134.308" classname="Test Cases/T13 Pembelian, Shipment dan Pembayaran/SU-002" status="PASSED">
         <system-out><![CDATA[2023-10-05 13:53:18 - [TEST_CASE][PASSED] - Test Cases/T13 Pembelian, Shipment dan Pembayaran/SU-002: Test Cases/T13 Pembelian, Shipment dan Pembayaran/SU-002

2023-10-05 13:53:18 - [TEST_STEP][PASSED] - data = callTestCase(findTestCase("T13 Pembelian, Shipment dan Pembayaran/SA-003"), [:], STOP_ON_FAILURE): Call Test Case 'Test Cases/T13 Pembelian, Shipment dan Pembayaran/SA-003' successfully

2023-10-05 13:53:19 - [TEST_CASE][PASSED] - Test Cases/T13 Pembelian, Shipment dan Pembayaran/SA-003: Test Cases/T13 Pembelian, Shipment dan Pembayaran/SA-003

2023-10-05 13:53:19 - [TEST_STEP][PASSED] - data = callTestCase(findTestCase("T13 Pembelian, Shipment dan Pembayaran/SA-002"), [:], STOP_ON_FAILURE): Call Test Case 'Test Cases/T13 Pembelian, Shipment dan Pembayaran/SA-002' successfully

2023-10-05 13:53:19 - [TEST_CASE][PASSED] - Test Cases/T13 Pembelian, Shipment dan Pembayaran/SA-002: Test Cases/T13 Pembelian, Shipment dan Pembayaran/SA-002

2023-10-05 13:53:19 - [TEST_STEP][PASSED] - data = callTestCase(findTestCase("T13 Pembelian, Shipment dan Pembayaran/SA-001"), [:], STOP_ON_FAILURE): Call Test Case 'Test Cases/T13 Pembelian, Shipment dan Pembayaran/SA-001' successfully

2023-10-05 13:53:19 - [TEST_CASE][PASSED] - Test Cases/T13 Pembelian, Shipment dan Pembayaran/SA-001: Test Cases/T13 Pembelian, Shipment dan Pembayaran/SA-001

2023-10-05 13:53:19 - [TEST_STEP][PASSED] - data = callTestCase(findTestCase("T13 Pembelian, Shipment dan Pembayaran/PBYA-001"), [:], STOP_ON_FAILURE): Call Test Case 'Test Cases/T13 Pembelian, Shipment dan Pembayaran/PBYA-001' successfully

2023-10-05 13:53:19 - [TEST_CASE][PASSED] - Test Cases/T13 Pembelian, Shipment dan Pembayaran/PBYA-001: Test Cases/T13 Pembelian, Shipment dan Pembayaran/PBYA-001

2023-10-05 13:53:19 - [TEST_STEP][PASSED] - data = callTestCase(findTestCase("T13 Pembelian, Shipment dan Pembayaran/PBY-004"), [:], STOP_ON_FAILURE): Call Test Case 'Test Cases/T13 Pembelian, Shipment dan Pembayaran/PBY-004' successfully

2023-10-05 13:53:19 - [TEST_CASE][PASSED] - Test Cases/T13 Pembelian, Shipment dan Pembayaran/PBY-004: Test Cases/T13 Pembelian, Shipment dan Pembayaran/PBY-004

2023-10-05 13:53:19 - [TEST_STEP][PASSED] - data = callTestCase(findTestCase("T13 Pembelian, Shipment dan Pembayaran/PBY-001"), [:], STOP_ON_FAILURE): Call Test Case 'Test Cases/T13 Pembelian, Shipment dan Pembayaran/PBY-001' successfully

2023-10-05 13:53:19 - [TEST_CASE][PASSED] - Test Cases/T13 Pembelian, Shipment dan Pembayaran/PBY-001: Test Cases/T13 Pembelian, Shipment dan Pembayaran/PBY-001

2023-10-05 13:53:19 - [TEST_STEP][PASSED] - data = callTestCase(findTestCase("T13 Pembelian, Shipment dan Pembayaran/PBL-004"), ["Kurir":"Roda 2"], STOP_ON_FAILURE): Call Test Case 'Test Cases/T13 Pembelian, Shipment dan Pembayaran/PBL-004' successfully

2023-10-05 13:53:19 - [TEST_CASE][PASSED] - Test Cases/T13 Pembelian, Shipment dan Pembayaran/PBL-004: Test Cases/T13 Pembelian, Shipment dan Pembayaran/PBL-004

2023-10-05 13:53:19 - [TEST_STEP][PASSED] - data = callTestCase(findTestCase("T13 Pembelian, Shipment dan Pembayaran/PBL-002"), [:], STOP_ON_FAILURE): Call Test Case 'Test Cases/T13 Pembelian, Shipment dan Pembayaran/PBL-002' successfully

2023-10-05 13:53:19 - [TEST_CASE][PASSED] - Test Cases/T13 Pembelian, Shipment dan Pembayaran/PBL-002: Test Cases/T13 Pembelian, Shipment dan Pembayaran/PBL-002

2023-10-05 13:53:19 - [TEST_STEP][PASSED] - data = callTestCase(findTestCase("T13 Pembelian, Shipment dan Pembayaran/PBL-001"), [:], STOP_ON_FAILURE): Call Test Case 'Test Cases/T13 Pembelian, Shipment dan Pembayaran/PBL-001' successfully

2023-10-05 13:53:19 - [TEST_CASE][PASSED] - Test Cases/T13 Pembelian, Shipment dan Pembayaran/PBL-001: Test Cases/T13 Pembelian, Shipment dan Pembayaran/PBL-001

2023-10-05 13:53:19 - [TEST_STEP][PASSED] - callTestCase(findTestCase("T13 Pembelian, Shipment dan Pembayaran/LU-001"), ["username":"irfanafandi", "password":"12345irfan"], STOP_ON_FAILURE): Call Test Case 'Test Cases/T13 Pembelian, Shipment dan Pembayaran/LU-001' successfully

2023-10-05 13:53:19 - [TEST_CASE][PASSED] - Test Cases/T13 Pembelian, Shipment dan Pembayaran/LU-001: Test Cases/T13 Pembelian, Shipment dan Pembayaran/LU-001

2023-10-05 13:53:19 - [TEST_STEP][PASSED] - openBrowser("https://10.9.2.63/ecommerce/"): Browser is opened with url: 'https://10.9.2.63/ecommerce/'

2023-10-05 13:53:19 - [MESSAGE][WARNING] - A browser is already opened. Closing browser and opening a new one

2023-10-05 13:53:20 - [MESSAGE][INFO] - Starting 'Edge Chromium' driver

2023-10-05 13:53:20 - [MESSAGE][INFO] - User set preference: ['acceptInsecureCerts', 'true']

2023-10-05 13:53:22 - [MESSAGE][INFO] - Action delay is set to 0 milliseconds

2023-10-05 13:53:25 - [MESSAGE][PASSED] - Browser is opened with url: 'https://10.9.2.63/ecommerce/'

2023-10-05 13:53:25 - [TEST_STEP][PASSED] - maximizeWindow(): Current window maximized

2023-10-05 13:53:25 - [MESSAGE][PASSED] - Current window maximized

2023-10-05 13:53:25 - [TEST_STEP][PASSED] - verifyElementPresent(findTestObject("Login/Home"), 0): Object 'Object Repository/Login/Home' is present

2023-10-05 13:53:25 - [MESSAGE][WARNING] - Timeout '0' is invalid. Using default page load timeout: '30'

2023-10-05 13:53:26 - [MESSAGE][PASSED] - Object 'Object Repository/Login/Home' is present

2023-10-05 13:53:26 - [TEST_STEP][PASSED] - click(findTestObject("Login/a_Login")): Object: 'Object Repository/Login/a_Login' is clicked on

2023-10-05 13:53:27 - [MESSAGE][PASSED] - Object: 'Object Repository/Login/a_Login' is clicked on

2023-10-05 13:53:27 - [TEST_STEP][PASSED] - verifyElementPresent(findTestObject("Login/Tittle Login"), 0): Object 'Object Repository/Login/Tittle Login' is present

2023-10-05 13:53:27 - [MESSAGE][WARNING] - Timeout '0' is invalid. Using default page load timeout: '30'

2023-10-05 13:53:27 - [MESSAGE][PASSED] - Object 'Object Repository/Login/Tittle Login' is present

2023-10-05 13:53:27 - [TEST_STEP][PASSED] - setText(findTestObject("Login/input_Username, Email atau No. Handphone_a"), username): Text 'irfanafandi' is set on object 'Object Repository/Login/input_Username, Email atau No. Handphone_a'

2023-10-05 13:53:28 - [MESSAGE][PASSED] - Text 'irfanafandi' is set on object 'Object Repository/Login/input_Username, Email atau No. Handphone_a'

2023-10-05 13:53:28 - [TEST_STEP][PASSED] - setText(findTestObject("Login/input_Password_b"), password): Text '12345irfan' is set on object 'Object Repository/Login/input_Password_b'

2023-10-05 13:53:29 - [MESSAGE][PASSED] - Text '12345irfan' is set on object 'Object Repository/Login/input_Password_b'

2023-10-05 13:53:29 - [TEST_STEP][PASSED] - click(findTestObject("Login/label_Ingat saya")): Object: 'Object Repository/Login/label_Ingat saya' is clicked on

2023-10-05 13:53:29 - [MESSAGE][PASSED] - Object: 'Object Repository/Login/label_Ingat saya' is clicked on

2023-10-05 13:53:29 - [TEST_STEP][PASSED] - click(findTestObject("Login/button_Masuk")): Object: 'Object Repository/Login/button_Masuk' is clicked on

2023-10-05 13:53:31 - [MESSAGE][PASSED] - Object: 'Object Repository/Login/button_Masuk' is clicked on

2023-10-05 13:53:31 - [TEST_STEP][PASSED] - verifyElementPresent(findTestObject("Login/li_Profile"), 0): Object 'Object Repository/Login/li_Profile' is present

2023-10-05 13:53:31 - [MESSAGE][WARNING] - Timeout '0' is invalid. Using default page load timeout: '30'

2023-10-05 13:53:31 - [MESSAGE][PASSED] - Object 'Object Repository/Login/li_Profile' is present

2023-10-05 13:53:31 - [MESSAGE][PASSED] - Call Test Case 'Test Cases/T13 Pembelian, Shipment dan Pembayaran/LU-001' successfully

2023-10-05 13:53:31 - [TEST_STEP][PASSED] - mouseOver(findTestObject("beli barang/i_Mulai Belanja_icon-menu")): Object: 'Object Repository/beli barang/i_Mulai Belanja_icon-menu' is hovered

2023-10-05 13:53:32 - [MESSAGE][PASSED] - Object: 'Object Repository/beli barang/i_Mulai Belanja_icon-menu' is hovered

2023-10-05 13:53:32 - [TEST_STEP][PASSED] - click(findTestObject("beli barang/a_Fashion  Busana Wanita")): Object: 'Object Repository/beli barang/a_Fashion  Busana Wanita' is clicked on

2023-10-05 13:53:33 - [MESSAGE][PASSED] - Object: 'Object Repository/beli barang/a_Fashion  Busana Wanita' is clicked on

2023-10-05 13:53:33 - [TEST_STEP][PASSED] - NamaSebelum = getText(findTestObject("verifikasi/Nama sebelum")): Text of object 'Object Repository/verifikasi/Nama sebelum' is: ''

2023-10-05 13:53:34 - [MESSAGE][PASSED] - Text of object 'Object Repository/verifikasi/Nama sebelum' is: ''

2023-10-05 13:53:34 - [TEST_STEP][PASSED] - HargaSebelum = getText(findTestObject("verifikasi/Harga sebelum")): Text of object 'Object Repository/verifikasi/Harga sebelum' is: 'Rp 1,299'

2023-10-05 13:53:34 - [MESSAGE][PASSED] - Text of object 'Object Repository/verifikasi/Harga sebelum' is: 'Rp 1,299'

2023-10-05 13:53:34 - [TEST_STEP][PASSED] - mouseOver(findTestObject("beli barang/barang mouse over")): Object: 'Object Repository/beli barang/barang mouse over' is hovered

2023-10-05 13:53:35 - [MESSAGE][PASSED] - Object: 'Object Repository/beli barang/barang mouse over' is hovered

2023-10-05 13:53:35 - [TEST_STEP][PASSED] - click(findTestObject("beli barang/buttom add to cart")): Object: 'Object Repository/beli barang/buttom add to cart' is clicked on

2023-10-05 13:53:36 - [MESSAGE][PASSED] - Object: 'Object Repository/beli barang/buttom add to cart' is clicked on

2023-10-05 13:53:36 - [TEST_STEP][PASSED] - NamaSesudah = getText(findTestObject("verifikasi/Nama sesudah")): Text of object 'Object Repository/verifikasi/Nama sesudah' is: 'Segitiga Instan Madeira - MDB5.3 Sunset'

2023-10-05 13:53:37 - [MESSAGE][PASSED] - Text of object 'Object Repository/verifikasi/Nama sesudah' is: 'Segitiga Instan Madeira - MDB5.3 Sunset'

2023-10-05 13:53:37 - [TEST_STEP][PASSED] - HargaSesudah = getText(findTestObject("verifikasi/Harga sesudah")): Text of object 'Object Repository/verifikasi/Harga sesudah' is: 'Rp 1,299'

2023-10-05 13:53:37 - [MESSAGE][PASSED] - Text of object 'Object Repository/verifikasi/Harga sesudah' is: 'Rp 1,299'

2023-10-05 13:53:37 - [TEST_STEP][PASSED] - assert NamaSesudah.contains(NamaSebelum): null

2023-10-05 13:53:37 - [TEST_STEP][PASSED] - assert HargaSesudah.contains(HargaSebelum): null

2023-10-05 13:53:37 - [TEST_STEP][PASSED] - click(findTestObject("beli barang/Tambah Keranjang busana wanita")): Object: 'Object Repository/beli barang/Tambah Keranjang busana wanita' is clicked on

2023-10-05 13:53:38 - [MESSAGE][PASSED] - Object: 'Object Repository/beli barang/Tambah Keranjang busana wanita' is clicked on

2023-10-05 13:53:38 - [TEST_STEP][PASSED] - verifyElementPresent(findTestObject("checkout/Notifikasi keranjang"), 1): Object 'Object Repository/checkout/Notifikasi keranjang' is present

2023-10-05 13:53:39 - [MESSAGE][PASSED] - Object 'Object Repository/checkout/Notifikasi keranjang' is present

2023-10-05 13:53:39 - [TEST_STEP][PASSED] - data = new java.util.HashMap(): null

2023-10-05 13:53:39 - [TEST_STEP][PASSED] - data.put("nama_barang", NamaSesudah): null

2023-10-05 13:53:39 - [TEST_STEP][PASSED] - data.put("price_barang", HargaSesudah): null

2023-10-05 13:53:39 - [TEST_STEP][PASSED] - return data: null

2023-10-05 13:53:39 - [MESSAGE][PASSED] - Call Test Case 'Test Cases/T13 Pembelian, Shipment dan Pembayaran/PBL-001' successfully

2023-10-05 13:53:39 - [TEST_STEP][PASSED] - mouseOver(findTestObject("beli barang/keranjang")): Object: 'Object Repository/beli barang/keranjang' is hovered

2023-10-05 13:53:39 - [MESSAGE][PASSED] - Object: 'Object Repository/beli barang/keranjang' is hovered

2023-10-05 13:53:39 - [TEST_STEP][PASSED] - click(findTestObject("beli barang/Lihat Sekarang")): Object: 'Object Repository/beli barang/Lihat Sekarang' is clicked on

2023-10-05 13:53:40 - [MESSAGE][PASSED] - Object: 'Object Repository/beli barang/Lihat Sekarang' is clicked on

2023-10-05 13:53:40 - [TEST_STEP][PASSED] - verifyElementPresent(findTestObject("keranjang/li_Keranjang Belanja"), 0): Object 'Object Repository/keranjang/li_Keranjang Belanja' is present

2023-10-05 13:53:40 - [MESSAGE][WARNING] - Timeout '0' is invalid. Using default page load timeout: '30'

2023-10-05 13:53:42 - [MESSAGE][PASSED] - Object 'Object Repository/keranjang/li_Keranjang Belanja' is present

2023-10-05 13:53:42 - [TEST_STEP][PASSED] - NamaKeranjang = getText(findTestObject("verifikasi/Nama keranjang")): Text of object 'Object Repository/verifikasi/Nama keranjang' is: 'Segitiga Instan Madeira - MDB5.3 Sunset'

2023-10-05 13:53:42 - [MESSAGE][PASSED] - Text of object 'Object Repository/verifikasi/Nama keranjang' is: 'Segitiga Instan Madeira - MDB5.3 Sunset'

2023-10-05 13:53:42 - [TEST_STEP][PASSED] - HargaKeranjang = getText(findTestObject("verifikasi/Harga Keranjang")): Text of object 'Object Repository/verifikasi/Harga Keranjang' is: 'Rp 1,299'

2023-10-05 13:53:42 - [MESSAGE][PASSED] - Text of object 'Object Repository/verifikasi/Harga Keranjang' is: 'Rp 1,299'

2023-10-05 13:53:42 - [TEST_STEP][PASSED] - if (toString().equalsIgnoreCase("Merah")): Object 'Object Repository/keranjang/input_Warna_variasi101' is checked

2023-10-05 13:53:42 - [TEST_STEP][PASSED] - check(findTestObject("Object Repository/keranjang/input_Warna_variasi101")): Object 'Object Repository/keranjang/input_Warna_variasi101' is checked

2023-10-05 13:53:43 - [MESSAGE][PASSED] - Object 'Object Repository/keranjang/input_Warna_variasi101' is checked

2023-10-05 13:53:43 - [TEST_STEP][PASSED] - if (toString().equalsIgnoreCase("Menengah")): Object 'Object Repository/keranjang/input_Ukuran_variasi201' is checked

2023-10-05 13:53:43 - [TEST_STEP][PASSED] - check(findTestObject("Object Repository/keranjang/input_Ukuran_variasi201")): Object 'Object Repository/keranjang/input_Ukuran_variasi201' is checked

2023-10-05 13:53:43 - [MESSAGE][PASSED] - Object 'Object Repository/keranjang/input_Ukuran_variasi201' is checked

2023-10-05 13:53:43 - [TEST_STEP][PASSED] - data.put("Warna", warna): null

2023-10-05 13:53:43 - [TEST_STEP][PASSED] - data.put("Ukuran", ukuran): null

2023-10-05 13:53:43 - [TEST_STEP][PASSED] - click(findTestObject("keranjang/button_Lanjut ke Pembayaran")): Object: 'Object Repository/keranjang/button_Lanjut ke Pembayaran' is clicked on

2023-10-05 13:53:45 - [MESSAGE][PASSED] - Object: 'Object Repository/keranjang/button_Lanjut ke Pembayaran' is clicked on

2023-10-05 13:53:45 - [TEST_STEP][PASSED] - verifyElementPresent(findTestObject("checkout/Tittle Checkout Order"), 0): Object 'Object Repository/checkout/Tittle Checkout Order' is present

2023-10-05 13:53:45 - [MESSAGE][WARNING] - Timeout '0' is invalid. Using default page load timeout: '30'

2023-10-05 13:53:45 - [MESSAGE][PASSED] - Object 'Object Repository/checkout/Tittle Checkout Order' is present

2023-10-05 13:53:45 - [TEST_STEP][PASSED] - name_product = data.get("nama_barang"): null

2023-10-05 13:53:45 - [TEST_STEP][PASSED] - price_product = data.get("price_barang"): null

2023-10-05 13:53:45 - [TEST_STEP][PASSED] - assert name_product == NamaKeranjang: null

2023-10-05 13:53:45 - [TEST_STEP][PASSED] - assert price_product == HargaKeranjang: null

2023-10-05 13:53:45 - [TEST_STEP][PASSED] - return data: null

2023-10-05 13:53:45 - [MESSAGE][PASSED] - Call Test Case 'Test Cases/T13 Pembelian, Shipment dan Pembayaran/PBL-002' successfully

2023-10-05 13:53:45 - [TEST_STEP][PASSED] - warnaa = getText(findTestObject("verifikasi/warna Merah")): Text of object 'Object Repository/verifikasi/warna Merah' is: 'Merah'

2023-10-05 13:53:46 - [MESSAGE][PASSED] - Text of object 'Object Repository/verifikasi/warna Merah' is: 'Merah'

2023-10-05 13:53:46 - [TEST_STEP][PASSED] - ukurann = getText(findTestObject("verifikasi/Ukuran Menengah")): Text of object 'Object Repository/verifikasi/Ukuran Menengah' is: 'Menengah'

2023-10-05 13:53:46 - [MESSAGE][PASSED] - Text of object 'Object Repository/verifikasi/Ukuran Menengah' is: 'Menengah'

2023-10-05 13:53:46 - [TEST_STEP][PASSED] - warna1 = data.get("Warna"): null

2023-10-05 13:53:46 - [TEST_STEP][PASSED] - ukuran1 = data.get("Ukuran"): null

2023-10-05 13:53:46 - [TEST_STEP][PASSED] - assert warnaa == warna1: null

2023-10-05 13:53:46 - [TEST_STEP][PASSED] - assert ukurann == ukuran1: null

2023-10-05 13:53:46 - [TEST_STEP][PASSED] - NamaCheckout = getText(findTestObject("verifikasi/NamaCheckout")): Text of object 'Object Repository/verifikasi/NamaCheckout' is: ''

2023-10-05 13:53:47 - [MESSAGE][PASSED] - Text of object 'Object Repository/verifikasi/NamaCheckout' is: ''

2023-10-05 13:53:47 - [TEST_STEP][PASSED] - HargaCheckout = getText(findTestObject("verifikasi/HargaCheckout")): Text of object 'Object Repository/verifikasi/HargaCheckout' is: '1,299'

2023-10-05 13:53:47 - [MESSAGE][PASSED] - Text of object 'Object Repository/verifikasi/HargaCheckout' is: '1,299'

2023-10-05 13:53:47 - [TEST_STEP][PASSED] - name_product = data.get("nama_barang"): null

2023-10-05 13:53:47 - [TEST_STEP][PASSED] - price_product = data.get("price_barang"): null

2023-10-05 13:53:47 - [TEST_STEP][PASSED] - assert name_product.contains(NamaCheckout): null

2023-10-05 13:53:47 - [TEST_STEP][PASSED] - assert price_product.contains(HargaCheckout): null

2023-10-05 13:53:47 - [TEST_STEP][PASSED] - selectOptionByLabel(findTestObject("checkout/select - Kirim via Kurir Lokal"), Kurir, false): All options with label 'Roda 2' are selected in object 'Object Repository/checkout/select - Kirim via Kurir Lokal' 

2023-10-05 13:53:48 - [MESSAGE][PASSED] - All options with label 'Roda 2' are selected in object 'Object Repository/checkout/select - Kirim via Kurir Lokal' 

2023-10-05 13:53:48 - [TEST_STEP][PASSED] - click(findTestObject("checkout/Kendaraan Kurir")): Object: 'Object Repository/checkout/Kendaraan Kurir' is clicked on

2023-10-05 13:53:49 - [MESSAGE][PASSED] - Object: 'Object Repository/checkout/Kendaraan Kurir' is clicked on

2023-10-05 13:53:49 - [TEST_STEP][PASSED] - OngkosKirim = getText(findTestObject("Object Repository/verifikasi/Ongkos Kirim checkout")): Text of object 'Object Repository/verifikasi/Ongkos Kirim checkout' is: 'Rp. 5,000'

2023-10-05 13:53:49 - [MESSAGE][PASSED] - Text of object 'Object Repository/verifikasi/Ongkos Kirim checkout' is: 'Rp. 5,000'

2023-10-05 13:53:49 - [TEST_STEP][PASSED] - Ongkos = OngkosKirim.substring(3, OngkosKirim.size()): null

2023-10-05 13:53:49 - [TEST_STEP][PASSED] - rep = Ongkos.replace(",", "."): null

2023-10-05 13:53:49 - [TEST_STEP][PASSED] - Ongkos_kirim = Double.parseDouble(rep): null

2023-10-05 13:53:49 - [TEST_STEP][PASSED] - println(Ongkos_kirim): null

2023-10-05 13:53:49 - [TEST_STEP][PASSED] - FeeAdmin = getText(findTestObject("verifikasi/Fee Admin checkout")): Text of object 'Object Repository/verifikasi/Fee Admin checkout' is: 'Fee Admin
Rp 1,500'

2023-10-05 13:53:50 - [MESSAGE][PASSED] - Text of object 'Object Repository/verifikasi/Fee Admin checkout' is: 'Fee Admin
Rp 1,500'

2023-10-05 13:53:50 - [TEST_STEP][PASSED] - Fee_Admin = FeeAdmin.substring(12, FeeAdmin.size()): null

2023-10-05 13:53:50 - [TEST_STEP][PASSED] - fee = Fee_Admin.replace(",", "."): null

2023-10-05 13:53:50 - [TEST_STEP][PASSED] - fee_admin = Double.parseDouble(fee): null

2023-10-05 13:53:50 - [TEST_STEP][PASSED] - println(fee_admin): null

2023-10-05 13:53:50 - [TEST_STEP][PASSED] - Subtotal = getText(findTestObject("verifikasi/subtotal checkout")): Text of object 'Object Repository/verifikasi/subtotal checkout' is: 'Subtotal
Rp 1,299'

2023-10-05 13:53:50 - [MESSAGE][PASSED] - Text of object 'Object Repository/verifikasi/subtotal checkout' is: 'Subtotal
Rp 1,299'

2023-10-05 13:53:50 - [TEST_STEP][PASSED] - sub_total = Subtotal.substring(12, Subtotal.size()): null

2023-10-05 13:53:50 - [TEST_STEP][PASSED] - sub = sub_total.replace(",", "."): null

2023-10-05 13:53:50 - [TEST_STEP][PASSED] - sub_total = Double.parseDouble(sub): null

2023-10-05 13:53:50 - [TEST_STEP][PASSED] - println(sub_total): null

2023-10-05 13:53:50 - [TEST_STEP][PASSED] - Total = getText(findTestObject("verifikasi/Total checkout")): Text of object 'Object Repository/verifikasi/Total checkout' is: 'Rp 7,799'

2023-10-05 13:53:50 - [MESSAGE][PASSED] - Text of object 'Object Repository/verifikasi/Total checkout' is: 'Rp 7,799'

2023-10-05 13:53:50 - [TEST_STEP][PASSED] - totall = Total.substring(3, Total.size()): null

2023-10-05 13:53:50 - [TEST_STEP][PASSED] - total = totall.replace(",", "."): null

2023-10-05 13:53:50 - [TEST_STEP][PASSED] - totall = Double.parseDouble(total): null

2023-10-05 13:53:50 - [TEST_STEP][PASSED] - println(totall): null

2023-10-05 13:53:50 - [TEST_STEP][PASSED] - Total_Harga = Ongkos_kirim + fee_admin + sub_total: null

2023-10-05 13:53:50 - [TEST_STEP][PASSED] - println(Total_Harga): null

2023-10-05 13:53:50 - [TEST_STEP][PASSED] - TotalHarga = Math.round(Total_Harga * 1000) / 1000: null

2023-10-05 13:53:50 - [TEST_STEP][PASSED] - println(TotalHarga): null

2023-10-05 13:53:50 - [TEST_STEP][PASSED] - assert totall == TotalHarga: null

2023-10-05 13:53:50 - [TEST_STEP][PASSED] - click(findTestObject("verifikasi/Metode Transfer")): Object: 'Object Repository/verifikasi/Metode Transfer' is clicked on

2023-10-05 13:53:51 - [MESSAGE][PASSED] - Object: 'Object Repository/verifikasi/Metode Transfer' is clicked on

2023-10-05 13:53:51 - [TEST_STEP][PASSED] - click(findTestObject("checkout/button_Proses Pembayaran")): Object: 'Object Repository/checkout/button_Proses Pembayaran' is clicked on

2023-10-05 13:54:00 - [MESSAGE][PASSED] - Object: 'Object Repository/checkout/button_Proses Pembayaran' is clicked on

2023-10-05 13:54:00 - [TEST_STEP][PASSED] - verifyElementPresent(findTestObject("pembayaran/Tittle nomor invoice"), 0): Object 'Object Repository/pembayaran/Tittle nomor invoice' is present

2023-10-05 13:54:00 - [MESSAGE][WARNING] - Timeout '0' is invalid. Using default page load timeout: '30'

2023-10-05 13:54:00 - [MESSAGE][PASSED] - Object 'Object Repository/pembayaran/Tittle nomor invoice' is present

2023-10-05 13:54:00 - [TEST_STEP][PASSED] - return data: null

2023-10-05 13:54:00 - [MESSAGE][PASSED] - Call Test Case 'Test Cases/T13 Pembelian, Shipment dan Pembayaran/PBL-004' successfully

2023-10-05 13:54:00 - [TEST_STEP][PASSED] - Invoice = getText(findTestObject("pembayaran/nomor invoice")): Text of object 'Object Repository/pembayaran/nomor invoice' is: 'TRX60.20231005135355'

2023-10-05 13:54:01 - [MESSAGE][PASSED] - Text of object 'Object Repository/pembayaran/nomor invoice' is: 'TRX60.20231005135355'

2023-10-05 13:54:01 - [TEST_STEP][PASSED] - data.put("invoice", Invoice): null

2023-10-05 13:54:01 - [TEST_STEP][PASSED] - NamaPemesan = getText(findTestObject("Konfirmasi pesanan shop/Nama pemesan")): Text of object 'Object Repository/Konfirmasi pesanan shop/Nama pemesan' is: 'irfan.afandi'

2023-10-05 13:54:02 - [MESSAGE][PASSED] - Text of object 'Object Repository/Konfirmasi pesanan shop/Nama pemesan' is: 'irfan.afandi'

2023-10-05 13:54:02 - [TEST_STEP][PASSED] - Nama = getText(findTestObject("pembayaran/Nama barang")): Text of object 'Object Repository/pembayaran/Nama barang' is: 'Segitiga Instan Madeira - MDB5.3 Sunset'

2023-10-05 13:54:02 - [MESSAGE][PASSED] - Text of object 'Object Repository/pembayaran/Nama barang' is: 'Segitiga Instan Madeira - MDB5.3 Sunset'

2023-10-05 13:54:02 - [TEST_STEP][PASSED] - Harga = getText(findTestObject("pembayaran/Harga barang")): Text of object 'Object Repository/pembayaran/Harga barang' is: '1,299'

2023-10-05 13:54:03 - [MESSAGE][PASSED] - Text of object 'Object Repository/pembayaran/Harga barang' is: '1,299'

2023-10-05 13:54:03 - [TEST_STEP][PASSED] - name_product = data.get("nama_barang"): null

2023-10-05 13:54:03 - [TEST_STEP][PASSED] - price_product = data.get("price_barang"): null

2023-10-05 13:54:03 - [TEST_STEP][PASSED] - assert name_product.contains(Nama): null

2023-10-05 13:54:03 - [TEST_STEP][PASSED] - assert price_product.contains(Harga): null

2023-10-05 13:54:03 - [TEST_STEP][PASSED] - warnaa = getText(findTestObject("pembayaran/warna")): Text of object 'Object Repository/pembayaran/warna' is: 'Merah'

2023-10-05 13:54:03 - [MESSAGE][PASSED] - Text of object 'Object Repository/pembayaran/warna' is: 'Merah'

2023-10-05 13:54:03 - [TEST_STEP][PASSED] - ukurann = getText(findTestObject("pembayaran/ukuran")): Text of object 'Object Repository/pembayaran/ukuran' is: 'Menengah'

2023-10-05 13:54:04 - [MESSAGE][PASSED] - Text of object 'Object Repository/pembayaran/ukuran' is: 'Menengah'

2023-10-05 13:54:04 - [TEST_STEP][PASSED] - warna1 = data.get("Warna"): null

2023-10-05 13:54:04 - [TEST_STEP][PASSED] - ukuran1 = data.get("Ukuran"): null

2023-10-05 13:54:04 - [TEST_STEP][PASSED] - assert warnaa == warna1: null

2023-10-05 13:54:04 - [TEST_STEP][PASSED] - assert ukurann == ukuran1: null

2023-10-05 13:54:04 - [TEST_STEP][PASSED] - statusPembelian = getText(findTestObject("verifikasi/Status pending di pembelian")): Text of object 'Object Repository/verifikasi/Status pending di pembelian' is: 'Pending'

2023-10-05 13:54:04 - [MESSAGE][PASSED] - Text of object 'Object Repository/verifikasi/Status pending di pembelian' is: 'Pending'

2023-10-05 13:54:04 - [TEST_STEP][PASSED] - data.put("statusPem", statusPembelian): null

2023-10-05 13:54:04 - [TEST_STEP][PASSED] - OngkosKirim = getText(findTestObject("pembayaran/ongkos kirim")): Text of object 'Object Repository/pembayaran/ongkos kirim' is: 'Rp 5,000'

2023-10-05 13:54:04 - [MESSAGE][PASSED] - Text of object 'Object Repository/pembayaran/ongkos kirim' is: 'Rp 5,000'

2023-10-05 13:54:04 - [TEST_STEP][PASSED] - Ongkos = OngkosKirim.substring(3, OngkosKirim.size()): null

2023-10-05 13:54:04 - [TEST_STEP][PASSED] - rep = Ongkos.replace(",", ""): null

2023-10-05 13:54:04 - [TEST_STEP][PASSED] - Ongkos_kirimm = Integer.parseInt(rep): null

2023-10-05 13:54:04 - [TEST_STEP][PASSED] - println(Ongkos_kirimm): null

2023-10-05 13:54:04 - [TEST_STEP][PASSED] - FeeAdmin = getText(findTestObject("pembayaran/fee admin")): Text of object 'Object Repository/pembayaran/fee admin' is: 'Rp 1,500'

2023-10-05 13:54:05 - [MESSAGE][PASSED] - Text of object 'Object Repository/pembayaran/fee admin' is: 'Rp 1,500'

2023-10-05 13:54:05 - [TEST_STEP][PASSED] - Fee_Admin = FeeAdmin.substring(3, FeeAdmin.size()): null

2023-10-05 13:54:05 - [TEST_STEP][PASSED] - fee = Fee_Admin.replace(",", ""): null

2023-10-05 13:54:05 - [TEST_STEP][PASSED] - fee_adminn = Integer.parseInt(fee): null

2023-10-05 13:54:05 - [TEST_STEP][PASSED] - println(fee_adminn): null

2023-10-05 13:54:05 - [TEST_STEP][PASSED] - Subtotal = getText(findTestObject("pembayaran/subtotal")): Text of object 'Object Repository/pembayaran/subtotal' is: 'Rp 1,299'

2023-10-05 13:54:05 - [MESSAGE][PASSED] - Text of object 'Object Repository/pembayaran/subtotal' is: 'Rp 1,299'

2023-10-05 13:54:05 - [TEST_STEP][PASSED] - sub_total = Subtotal.substring(3, Subtotal.size()): null

2023-10-05 13:54:05 - [TEST_STEP][PASSED] - sub = sub_total.replace(",", ""): null

2023-10-05 13:54:05 - [TEST_STEP][PASSED] - sub_totall = Integer.parseInt(sub): null

2023-10-05 13:54:05 - [TEST_STEP][PASSED] - println(sub_totall): null

2023-10-05 13:54:05 - [TEST_STEP][PASSED] - unik = getText(findTestObject("pembayaran/kode unik")): Text of object 'Object Repository/pembayaran/kode unik' is: '+355'

2023-10-05 13:54:06 - [MESSAGE][PASSED] - Text of object 'Object Repository/pembayaran/kode unik' is: '+355'

2023-10-05 13:54:06 - [TEST_STEP][PASSED] - unikk = unik.replace("+", ""): null

2023-10-05 13:54:06 - [TEST_STEP][PASSED] - kode_unik = Integer.parseInt(unikk): null

2023-10-05 13:54:06 - [TEST_STEP][PASSED] - println(kode_unik): null

2023-10-05 13:54:06 - [TEST_STEP][PASSED] - Total = getText(findTestObject("pembayaran/total")): Text of object 'Object Repository/pembayaran/total' is: '8,154'

2023-10-05 13:54:06 - [MESSAGE][PASSED] - Text of object 'Object Repository/pembayaran/total' is: '8,154'

2023-10-05 13:54:06 - [TEST_STEP][PASSED] - total = Total.replace(",", ""): null

2023-10-05 13:54:06 - [TEST_STEP][PASSED] - totalll = Integer.parseInt(total): null

2023-10-05 13:54:06 - [TEST_STEP][PASSED] - println(totalll): null

2023-10-05 13:54:06 - [TEST_STEP][PASSED] - Total_Hargaa = Ongkos_kirimm + fee_adminn + sub_totall + kode_unik: null

2023-10-05 13:54:06 - [TEST_STEP][PASSED] - println(Total_Hargaa): null

2023-10-05 13:54:06 - [TEST_STEP][PASSED] - assert totalll == Total_Hargaa: null

2023-10-05 13:54:06 - [TEST_STEP][PASSED] - data.put("total", Total): null

2023-10-05 13:54:06 - [TEST_STEP][PASSED] - data.put("nama", NamaPemesan): null

2023-10-05 13:54:06 - [TEST_STEP][PASSED] - return data: null

2023-10-05 13:54:07 - [MESSAGE][PASSED] - Call Test Case 'Test Cases/T13 Pembelian, Shipment dan Pembayaran/PBY-001' successfully

2023-10-05 13:54:07 - [TEST_STEP][PASSED] - inv = data.get("invoice"): null

2023-10-05 13:54:07 - [TEST_STEP][PASSED] - Total = data.get("total"): null

2023-10-05 13:54:07 - [TEST_STEP][PASSED] - NamaPemesan = data.get("nama"): null

2023-10-05 13:54:07 - [TEST_STEP][PASSED] - click(findTestObject("Konfirmasi pesanan shop/Menu Shop")): Object: 'Object Repository/Konfirmasi pesanan shop/Menu Shop' is clicked on

2023-10-05 13:54:08 - [MESSAGE][PASSED] - Object: 'Object Repository/Konfirmasi pesanan shop/Menu Shop' is clicked on

2023-10-05 13:54:08 - [TEST_STEP][PASSED] - click(findTestObject("Konfirmasi pesanan shop/Menu Shop")): Object: 'Object Repository/Konfirmasi pesanan shop/Menu Shop' is clicked on

2023-10-05 13:54:09 - [MESSAGE][PASSED] - Object: 'Object Repository/Konfirmasi pesanan shop/Menu Shop' is clicked on

2023-10-05 13:54:09 - [TEST_STEP][PASSED] - click(findTestObject("Konfirmasi pesanan shop/Konfirmasi Orders")): Object: 'Object Repository/Konfirmasi pesanan shop/Konfirmasi Orders' is clicked on

2023-10-05 13:54:10 - [MESSAGE][PASSED] - Object: 'Object Repository/Konfirmasi pesanan shop/Konfirmasi Orders' is clicked on

2023-10-05 13:54:10 - [TEST_STEP][PASSED] - verifyElementPresent(findTestObject("Konfirmasi pesanan shop/Tittle Konfirmasi Pesanan"), 0): Object 'Object Repository/Konfirmasi pesanan shop/Tittle Konfirmasi Pesanan' is present

2023-10-05 13:54:10 - [MESSAGE][WARNING] - Timeout '0' is invalid. Using default page load timeout: '30'

2023-10-05 13:54:11 - [MESSAGE][PASSED] - Object 'Object Repository/Konfirmasi pesanan shop/Tittle Konfirmasi Pesanan' is present

2023-10-05 13:54:11 - [TEST_STEP][PASSED] - setText(findTestObject("Konfirmasi pesanan shop/input_No Pesanan"), inv): Text 'TRX60.20231005135355' is set on object 'Object Repository/Konfirmasi pesanan shop/input_No Pesanan'

2023-10-05 13:54:12 - [MESSAGE][PASSED] - Text 'TRX60.20231005135355' is set on object 'Object Repository/Konfirmasi pesanan shop/input_No Pesanan'

2023-10-05 13:54:12 - [TEST_STEP][PASSED] - setText(findTestObject("Konfirmasi pesanan shop/input_Alamat E-mai"), "irfan@gmail.com"): Text 'irfan@gmail.com' is set on object 'Object Repository/Konfirmasi pesanan shop/input_Alamat E-mai'

2023-10-05 13:54:12 - [MESSAGE][PASSED] - Text 'irfan@gmail.com' is set on object 'Object Repository/Konfirmasi pesanan shop/input_Alamat E-mai'

2023-10-05 13:54:12 - [TEST_STEP][PASSED] - click(findTestObject("Konfirmasi pesanan shop/button_Submit")): Object: 'Object Repository/Konfirmasi pesanan shop/button_Submit' is clicked on

2023-10-05 13:54:14 - [MESSAGE][PASSED] - Object: 'Object Repository/Konfirmasi pesanan shop/button_Submit' is clicked on

2023-10-05 13:54:14 - [TEST_STEP][PASSED] - verifyElementPresent(findTestObject("Konfirmasi pesanan shop/Tittle nomor invoice"), 0): Object 'Object Repository/Konfirmasi pesanan shop/Tittle nomor invoice' is present

2023-10-05 13:54:14 - [MESSAGE][WARNING] - Timeout '0' is invalid. Using default page load timeout: '30'

2023-10-05 13:54:14 - [MESSAGE][PASSED] - Object 'Object Repository/Konfirmasi pesanan shop/Tittle nomor invoice' is present

2023-10-05 13:54:14 - [TEST_STEP][PASSED] - setText(findTestObject("Konfirmasi pesanan shop/input_Total TagihanTransfer_b"), Total): Text '8,154' is set on object 'Object Repository/Konfirmasi pesanan shop/input_Total TagihanTransfer_b'

2023-10-05 13:54:15 - [MESSAGE][PASSED] - Text '8,154' is set on object 'Object Repository/Konfirmasi pesanan shop/input_Total TagihanTransfer_b'

2023-10-05 13:54:15 - [TEST_STEP][PASSED] - selectOptionByValue(findTestObject("Konfirmasi pesanan shop/select_Bank"), "4", false): All options with value '4' are selected in object 'Object Repository/Konfirmasi pesanan shop/select_Bank' 

2023-10-05 13:54:16 - [MESSAGE][PASSED] - All options with value '4' are selected in object 'Object Repository/Konfirmasi pesanan shop/select_Bank' 

2023-10-05 13:54:16 - [TEST_STEP][PASSED] - setText(findTestObject("Konfirmasi pesanan shop/input_Nama Pengirim_d"), NamaPemesan): Text 'irfan.afandi' is set on object 'Object Repository/Konfirmasi pesanan shop/input_Nama Pengirim_d'

2023-10-05 13:54:17 - [MESSAGE][PASSED] - Text 'irfan.afandi' is set on object 'Object Repository/Konfirmasi pesanan shop/input_Nama Pengirim_d'

2023-10-05 13:54:17 - [TEST_STEP][PASSED] - uploadFile(findTestObject("keranjang/konfirmasi/input_Upload Bukti Transfer_f"), "C:\Users\IRFAN\Downloads\Berkas2.pdf"): File 'C:\Users\IRFAN\Downloads\Berkas2.pdf' sent to object: 'Object Repository/keranjang/konfirmasi/input_Upload Bukti Transfer_f'

2023-10-05 13:54:18 - [MESSAGE][PASSED] - File 'C:\Users\IRFAN\Downloads\Berkas2.pdf' sent to object: 'Object Repository/keranjang/konfirmasi/input_Upload Bukti Transfer_f'

2023-10-05 13:54:18 - [TEST_STEP][PASSED] - click(findTestObject("Konfirmasi pesanan shop/button_Konfirmasi Pembayaran")): Object: 'Object Repository/Konfirmasi pesanan shop/button_Konfirmasi Pembayaran' is clicked on

2023-10-05 13:54:19 - [MESSAGE][PASSED] - Object: 'Object Repository/Konfirmasi pesanan shop/button_Konfirmasi Pembayaran' is clicked on

2023-10-05 13:54:19 - [TEST_STEP][PASSED] - verifyElementPresent(findTestObject("Konfirmasi pesanan shop/Tittle Konfirmasi Pesanan"), 0): Object 'Object Repository/Konfirmasi pesanan shop/Tittle Konfirmasi Pesanan' is present

2023-10-05 13:54:19 - [MESSAGE][WARNING] - Timeout '0' is invalid. Using default page load timeout: '30'

2023-10-05 13:54:19 - [MESSAGE][PASSED] - Object 'Object Repository/Konfirmasi pesanan shop/Tittle Konfirmasi Pesanan' is present

2023-10-05 13:54:19 - [TEST_STEP][PASSED] - verifyElementPresent(findTestObject("Konfirmasi pesanan shop/Tittle massage succes Konfirmasi Pembayaran Pesanan"), 0): Object 'Object Repository/Konfirmasi pesanan shop/Tittle massage succes Konfirmasi Pembayaran Pesanan' is present

2023-10-05 13:54:19 - [MESSAGE][WARNING] - Timeout '0' is invalid. Using default page load timeout: '30'

2023-10-05 13:54:20 - [MESSAGE][PASSED] - Object 'Object Repository/Konfirmasi pesanan shop/Tittle massage succes Konfirmasi Pembayaran Pesanan' is present

2023-10-05 13:54:20 - [TEST_STEP][PASSED] - return data: null

2023-10-05 13:54:20 - [MESSAGE][PASSED] - Call Test Case 'Test Cases/T13 Pembelian, Shipment dan Pembayaran/PBY-004' successfully

2023-10-05 13:54:20 - [TEST_STEP][PASSED] - navigateToUrl("https://10.9.2.63/ecommerce/administrator/"): Navigate to 'https://10.9.2.63/ecommerce/administrator/' successfully

2023-10-05 13:54:20 - [MESSAGE][PASSED] - Navigate to 'https://10.9.2.63/ecommerce/administrator/' successfully

2023-10-05 13:54:20 - [TEST_STEP][PASSED] - verifyElementPresent(findTestObject("admin/Tittle ADMIN Login"), 0): Object 'Object Repository/admin/Tittle ADMIN Login' is present

2023-10-05 13:54:21 - [MESSAGE][WARNING] - Timeout '0' is invalid. Using default page load timeout: '30'

2023-10-05 13:54:21 - [MESSAGE][PASSED] - Object 'Object Repository/admin/Tittle ADMIN Login' is present

2023-10-05 13:54:21 - [TEST_STEP][PASSED] - setText(findTestObject("admin/Username"), "admin"): Text 'admin' is set on object 'Object Repository/admin/Username'

2023-10-05 13:54:22 - [MESSAGE][PASSED] - Text 'admin' is set on object 'Object Repository/admin/Username'

2023-10-05 13:54:22 - [TEST_STEP][PASSED] - setText(findTestObject("admin/Password"), "123admin123"): Text '123admin123' is set on object 'Object Repository/admin/Password'

2023-10-05 13:54:23 - [MESSAGE][PASSED] - Text '123admin123' is set on object 'Object Repository/admin/Password'

2023-10-05 13:54:23 - [TEST_STEP][PASSED] - click(findTestObject("admin/Remember Me")): Object: 'Object Repository/admin/Remember Me' is clicked on

2023-10-05 13:54:23 - [MESSAGE][PASSED] - Object: 'Object Repository/admin/Remember Me' is clicked on

2023-10-05 13:54:23 - [TEST_STEP][PASSED] - delay(10): Delayed 10 second(s)

2023-10-05 13:54:33 - [MESSAGE][PASSED] - Delayed 10 second(s)

2023-10-05 13:54:33 - [TEST_STEP][PASSED] - click(findTestObject("admin/buttom submit")): Object: 'Object Repository/admin/buttom submit' is clicked on

2023-10-05 13:54:35 - [MESSAGE][PASSED] - Object: 'Object Repository/admin/buttom submit' is clicked on

2023-10-05 13:54:35 - [TEST_STEP][PASSED] - verifyElementPresent(findTestObject("admin/Konf order konsumen/Tittle Dashboard"), 0): Object 'Object Repository/admin/Konf order konsumen/Tittle Dashboard' is present

2023-10-05 13:54:35 - [MESSAGE][WARNING] - Timeout '0' is invalid. Using default page load timeout: '30'

2023-10-05 13:54:35 - [MESSAGE][PASSED] - Object 'Object Repository/admin/Konf order konsumen/Tittle Dashboard' is present

2023-10-05 13:54:35 - [TEST_STEP][PASSED] - click(findTestObject("admin/Konf order konsumen/Menu Transaksi Market")): Object: 'Object Repository/admin/Konf order konsumen/Menu Transaksi Market' is clicked on

2023-10-05 13:54:36 - [MESSAGE][PASSED] - Object: 'Object Repository/admin/Konf order konsumen/Menu Transaksi Market' is clicked on

2023-10-05 13:54:36 - [TEST_STEP][PASSED] - click(findTestObject("admin/Konf order konsumen/Menu Konf. Order Konsumen")): Object: 'Object Repository/admin/Konf order konsumen/Menu Konf. Order Konsumen' is clicked on

2023-10-05 13:54:37 - [MESSAGE][PASSED] - Object: 'Object Repository/admin/Konf order konsumen/Menu Konf. Order Konsumen' is clicked on

2023-10-05 13:54:37 - [TEST_STEP][PASSED] - verifyElementPresent(findTestObject("admin/Konf order konsumen/Tittle Data Konfirmasi Pembayaran Konsumen"), 0): Object 'Object Repository/admin/Konf order konsumen/Tittle Data Konfirmasi Pembayaran Konsumen' is present

2023-10-05 13:54:37 - [MESSAGE][WARNING] - Timeout '0' is invalid. Using default page load timeout: '30'

2023-10-05 13:54:37 - [MESSAGE][PASSED] - Object 'Object Repository/admin/Konf order konsumen/Tittle Data Konfirmasi Pembayaran Konsumen' is present

2023-10-05 13:54:37 - [TEST_STEP][PASSED] - inv = data.get("invoice"): null

2023-10-05 13:54:37 - [TEST_STEP][PASSED] - setText(findTestObject("admin/Konf order konsumen/Search"), inv): Text 'TRX60.20231005135355' is set on object 'Object Repository/admin/Konf order konsumen/Search'

2023-10-05 13:54:38 - [MESSAGE][PASSED] - Text 'TRX60.20231005135355' is set on object 'Object Repository/admin/Konf order konsumen/Search'

2023-10-05 13:54:38 - [TEST_STEP][PASSED] - verifyElementText(findTestObject("admin/Konf order konsumen/Keterangan Lunas"), "Lunas"): Actual text and expected text of test object 'Object Repository/admin/Konf order konsumen/Keterangan Lunas' are matched.

2023-10-05 13:54:39 - [MESSAGE][PASSED] - Actual text and expected text of test object 'Object Repository/admin/Konf order konsumen/Keterangan Lunas' are matched.

2023-10-05 13:54:39 - [TEST_STEP][PASSED] - return data: null

2023-10-05 13:54:39 - [MESSAGE][PASSED] - Call Test Case 'Test Cases/T13 Pembelian, Shipment dan Pembayaran/PBYA-001' successfully

2023-10-05 13:54:39 - [TEST_STEP][PASSED] - click(findTestObject("admin/Penjualan ke konsumen/buttom Dashboard")): Object: 'Object Repository/admin/Penjualan ke konsumen/buttom Dashboard' is clicked on

2023-10-05 13:54:40 - [MESSAGE][PASSED] - Object: 'Object Repository/admin/Penjualan ke konsumen/buttom Dashboard' is clicked on

2023-10-05 13:54:40 - [TEST_STEP][PASSED] - click(findTestObject("admin/Konf order konsumen/Menu Transaksi Market")): Object: 'Object Repository/admin/Konf order konsumen/Menu Transaksi Market' is clicked on

2023-10-05 13:54:40 - [MESSAGE][PASSED] - Object: 'Object Repository/admin/Konf order konsumen/Menu Transaksi Market' is clicked on

2023-10-05 13:54:40 - [TEST_STEP][PASSED] - click(findTestObject("admin/Penjualan ke konsumen/a_Penjualan ke Konsumen")): Object: 'Object Repository/admin/Penjualan ke konsumen/a_Penjualan ke Konsumen' is clicked on

2023-10-05 13:54:43 - [MESSAGE][PASSED] - Object: 'Object Repository/admin/Penjualan ke konsumen/a_Penjualan ke Konsumen' is clicked on

2023-10-05 13:54:43 - [TEST_STEP][PASSED] - verifyElementPresent(findTestObject("admin/Tittle Data Transaksi Penjualan  Orderan Konsumen"), 0): Object 'Object Repository/admin/Tittle Data Transaksi Penjualan  Orderan Konsumen' is present

2023-10-05 13:54:43 - [MESSAGE][WARNING] - Timeout '0' is invalid. Using default page load timeout: '30'

2023-10-05 13:54:44 - [MESSAGE][PASSED] - Object 'Object Repository/admin/Tittle Data Transaksi Penjualan  Orderan Konsumen' is present

2023-10-05 13:54:44 - [TEST_STEP][PASSED] - return data: null

2023-10-05 13:54:44 - [MESSAGE][PASSED] - Call Test Case 'Test Cases/T13 Pembelian, Shipment dan Pembayaran/SA-001' successfully

2023-10-05 13:54:44 - [TEST_STEP][PASSED] - inv = data.get("invoice"): null

2023-10-05 13:54:44 - [TEST_STEP][PASSED] - setText(findTestObject("admin/Penjualan ke konsumen/Search"), inv): Text 'TRX60.20231005135355' is set on object 'Object Repository/admin/Penjualan ke konsumen/Search'

2023-10-05 13:54:45 - [MESSAGE][PASSED] - Text 'TRX60.20231005135355' is set on object 'Object Repository/admin/Penjualan ke konsumen/Search'

2023-10-05 13:54:45 - [TEST_STEP][PASSED] - click(findTestObject("admin/Penjualan ke konsumen/buttom konfirmasi pending payment"), CONTINUE_ON_FAILURE): Object: 'Object Repository/admin/Penjualan ke konsumen/buttom konfirmasi pending payment' is clicked on

2023-10-05 13:54:45 - [MESSAGE][PASSED] - Object: 'Object Repository/admin/Penjualan ke konsumen/buttom konfirmasi pending payment' is clicked on

2023-10-05 13:54:45 - [TEST_STEP][PASSED] - waitForAlert(5, OPTIONAL): Alert is present after 5 second(s).

2023-10-05 13:54:45 - [MESSAGE][PASSED] - Alert is present after 5 second(s).

2023-10-05 13:54:45 - [TEST_STEP][PASSED] - acceptAlert(): Alert accepted

2023-10-05 13:54:45 - [MESSAGE][PASSED] - Alert accepted

2023-10-05 13:54:45 - [TEST_STEP][PASSED] - setText(findTestObject("admin/Penjualan ke konsumen/Search"), inv): Text 'TRX60.20231005135355' is set on object 'Object Repository/admin/Penjualan ke konsumen/Search'

2023-10-05 13:54:55 - [MESSAGE][PASSED] - Text 'TRX60.20231005135355' is set on object 'Object Repository/admin/Penjualan ke konsumen/Search'

2023-10-05 13:54:55 - [TEST_STEP][PASSED] - verifyTextNotPresent("pending payment", false): Text 'pending payment' is not present on page

2023-10-05 13:54:55 - [MESSAGE][PASSED] - Text 'pending payment' is not present on page

2023-10-05 13:54:55 - [TEST_STEP][PASSED] - return data: null

2023-10-05 13:54:55 - [MESSAGE][PASSED] - Call Test Case 'Test Cases/T13 Pembelian, Shipment dan Pembayaran/SA-002' successfully

2023-10-05 13:54:55 - [TEST_STEP][PASSED] - click(findTestObject("admin/Penjualan ke konsumen/buttom scroldown")): Object: 'Object Repository/admin/Penjualan ke konsumen/buttom scroldown' is clicked on

2023-10-05 13:54:56 - [MESSAGE][PASSED] - Object: 'Object Repository/admin/Penjualan ke konsumen/buttom scroldown' is clicked on

2023-10-05 13:54:56 - [TEST_STEP][PASSED] - click(findTestObject("admin/Penjualan ke konsumen/Proses"), CONTINUE_ON_FAILURE): Object: 'Object Repository/admin/Penjualan ke konsumen/Proses' is clicked on

2023-10-05 13:54:56 - [MESSAGE][PASSED] - Object: 'Object Repository/admin/Penjualan ke konsumen/Proses' is clicked on

2023-10-05 13:54:56 - [TEST_STEP][PASSED] - waitForAlert(5, OPTIONAL): Alert is present after 5 second(s).

2023-10-05 13:54:56 - [MESSAGE][PASSED] - Alert is present after 5 second(s).

2023-10-05 13:54:56 - [TEST_STEP][PASSED] - acceptAlert(): Alert accepted

2023-10-05 13:54:56 - [MESSAGE][PASSED] - Alert accepted

2023-10-05 13:54:56 - [TEST_STEP][PASSED] - inv = data.get("invoice"): null

2023-10-05 13:54:56 - [TEST_STEP][PASSED] - setText(findTestObject("admin/Penjualan ke konsumen/Search"), inv): Text 'TRX60.20231005135355' is set on object 'Object Repository/admin/Penjualan ke konsumen/Search'

2023-10-05 13:55:08 - [MESSAGE][PASSED] - Text 'TRX60.20231005135355' is set on object 'Object Repository/admin/Penjualan ke konsumen/Search'

2023-10-05 13:55:08 - [TEST_STEP][PASSED] - verifyElementText(findTestObject("PROSES PENJUALAN/Proses"), "Proses"): Actual text and expected text of test object 'Object Repository/PROSES PENJUALAN/Proses' are matched.

2023-10-05 13:55:08 - [MESSAGE][PASSED] - Actual text and expected text of test object 'Object Repository/PROSES PENJUALAN/Proses' are matched.

2023-10-05 13:55:08 - [TEST_STEP][PASSED] - prosesadmin = getText(findTestObject("PROSES PENJUALAN/Proses")): Text of object 'Object Repository/PROSES PENJUALAN/Proses' is: 'Proses'

2023-10-05 13:55:09 - [MESSAGE][PASSED] - Text of object 'Object Repository/PROSES PENJUALAN/Proses' is: 'Proses'

2023-10-05 13:55:09 - [TEST_STEP][PASSED] - data.put("statusAdmin", prosesadmin): null

2023-10-05 13:55:09 - [TEST_STEP][PASSED] - return data: null

2023-10-05 13:55:09 - [MESSAGE][PASSED] - Call Test Case 'Test Cases/T13 Pembelian, Shipment dan Pembayaran/SA-003' successfully

2023-10-05 13:55:09 - [TEST_STEP][PASSED] - openBrowser("https://10.9.2.63/ecommerce/"): Browser is opened with url: 'https://10.9.2.63/ecommerce/'

2023-10-05 13:55:09 - [MESSAGE][WARNING] - A browser is already opened. Closing browser and opening a new one

2023-10-05 13:55:09 - [MESSAGE][INFO] - Starting 'Edge Chromium' driver

2023-10-05 13:55:09 - [MESSAGE][INFO] - User set preference: ['acceptInsecureCerts', 'true']

2023-10-05 13:55:11 - [MESSAGE][INFO] - Action delay is set to 0 milliseconds

2023-10-05 13:55:15 - [MESSAGE][PASSED] - Browser is opened with url: 'https://10.9.2.63/ecommerce/'

2023-10-05 13:55:15 - [TEST_STEP][PASSED] - maximizeWindow(): Current window maximized

2023-10-05 13:55:15 - [MESSAGE][PASSED] - Current window maximized

2023-10-05 13:55:15 - [TEST_STEP][PASSED] - verifyElementPresent(findTestObject("Login/Home"), 0): Object 'Object Repository/Login/Home' is present

2023-10-05 13:55:15 - [MESSAGE][WARNING] - Timeout '0' is invalid. Using default page load timeout: '30'

2023-10-05 13:55:15 - [MESSAGE][PASSED] - Object 'Object Repository/Login/Home' is present

2023-10-05 13:55:15 - [TEST_STEP][PASSED] - click(findTestObject("Login/a_Login")): Object: 'Object Repository/Login/a_Login' is clicked on

2023-10-05 13:55:16 - [MESSAGE][PASSED] - Object: 'Object Repository/Login/a_Login' is clicked on

2023-10-05 13:55:16 - [TEST_STEP][PASSED] - verifyElementPresent(findTestObject("Login/Tittle Login"), 0): Object 'Object Repository/Login/Tittle Login' is present

2023-10-05 13:55:16 - [MESSAGE][WARNING] - Timeout '0' is invalid. Using default page load timeout: '30'

2023-10-05 13:55:17 - [MESSAGE][PASSED] - Object 'Object Repository/Login/Tittle Login' is present

2023-10-05 13:55:17 - [TEST_STEP][PASSED] - setText(findTestObject("Login/input_Username, Email atau No. Handphone_a"), "irfanafandi"): Text 'irfanafandi' is set on object 'Object Repository/Login/input_Username, Email atau No. Handphone_a'

2023-10-05 13:55:17 - [MESSAGE][PASSED] - Text 'irfanafandi' is set on object 'Object Repository/Login/input_Username, Email atau No. Handphone_a'

2023-10-05 13:55:17 - [TEST_STEP][PASSED] - setText(findTestObject("Login/input_Password_b"), "12345irfan"): Text '12345irfan' is set on object 'Object Repository/Login/input_Password_b'

2023-10-05 13:55:18 - [MESSAGE][PASSED] - Text '12345irfan' is set on object 'Object Repository/Login/input_Password_b'

2023-10-05 13:55:18 - [TEST_STEP][PASSED] - click(findTestObject("Login/button_Masuk")): Object: 'Object Repository/Login/button_Masuk' is clicked on

2023-10-05 13:55:20 - [MESSAGE][PASSED] - Object: 'Object Repository/Login/button_Masuk' is clicked on

2023-10-05 13:55:20 - [TEST_STEP][PASSED] - verifyElementPresent(findTestObject("Login/li_Profile"), 0): Object 'Object Repository/Login/li_Profile' is present

2023-10-05 13:55:20 - [MESSAGE][WARNING] - Timeout '0' is invalid. Using default page load timeout: '30'

2023-10-05 13:55:21 - [MESSAGE][PASSED] - Object 'Object Repository/Login/li_Profile' is present

2023-10-05 13:55:21 - [TEST_STEP][PASSED] - click(findTestObject("Konfirmasi pesanan shop/Menu Shop")): Object: 'Object Repository/Konfirmasi pesanan shop/Menu Shop' is clicked on

2023-10-05 13:55:22 - [MESSAGE][PASSED] - Object: 'Object Repository/Konfirmasi pesanan shop/Menu Shop' is clicked on

2023-10-05 13:55:22 - [TEST_STEP][PASSED] - click(findTestObject("Konfirmasi pesanan shop/Menu Shop")): Object: 'Object Repository/Konfirmasi pesanan shop/Menu Shop' is clicked on

2023-10-05 13:55:23 - [MESSAGE][PASSED] - Object: 'Object Repository/Konfirmasi pesanan shop/Menu Shop' is clicked on

2023-10-05 13:55:23 - [TEST_STEP][PASSED] - click(findTestObject("Traking Order/a_Tracking Orders")): Object: 'Object Repository/Traking Order/a_Tracking Orders' is clicked on

2023-10-05 13:55:24 - [MESSAGE][PASSED] - Object: 'Object Repository/Traking Order/a_Tracking Orders' is clicked on

2023-10-05 13:55:24 - [TEST_STEP][PASSED] - verifyElementPresent(findTestObject("Traking Order/Tittle Tracking Order"), 0): Object 'Object Repository/Traking Order/Tittle Tracking Order' is present

2023-10-05 13:55:24 - [MESSAGE][WARNING] - Timeout '0' is invalid. Using default page load timeout: '30'

2023-10-05 13:55:25 - [MESSAGE][PASSED] - Object 'Object Repository/Traking Order/Tittle Tracking Order' is present

2023-10-05 13:55:25 - [TEST_STEP][PASSED] - inv = data.get("invoice"): null

2023-10-05 13:55:25 - [TEST_STEP][PASSED] - setText(findTestObject("Traking Order/input_No Pesanan_a"), inv): Text 'TRX60.20231005135355' is set on object 'Object Repository/Traking Order/input_No Pesanan_a'

2023-10-05 13:55:25 - [MESSAGE][PASSED] - Text 'TRX60.20231005135355' is set on object 'Object Repository/Traking Order/input_No Pesanan_a'

2023-10-05 13:55:25 - [TEST_STEP][PASSED] - setText(findTestObject("Traking Order/input_Alamat E-mail_form-control"), "irfan@gmail.com"): Text 'irfan@gmail.com' is set on object 'Object Repository/Traking Order/input_Alamat E-mail_form-control'

2023-10-05 13:55:26 - [MESSAGE][PASSED] - Text 'irfan@gmail.com' is set on object 'Object Repository/Traking Order/input_Alamat E-mail_form-control'

2023-10-05 13:55:26 - [TEST_STEP][PASSED] - click(findTestObject("Traking Order/button_Lacak Pesanan")): Object: 'Object Repository/Traking Order/button_Lacak Pesanan' is clicked on

2023-10-05 13:55:30 - [MESSAGE][PASSED] - Object: 'Object Repository/Traking Order/button_Lacak Pesanan' is clicked on

2023-10-05 13:55:30 - [TEST_STEP][PASSED] - verifyElementPresent(findTestObject("Traking Order/Tittle nomor transaksi"), 0): Object 'Object Repository/Traking Order/Tittle nomor transaksi' is present

2023-10-05 13:55:30 - [MESSAGE][WARNING] - Timeout '0' is invalid. Using default page load timeout: '30'

2023-10-05 13:55:31 - [MESSAGE][PASSED] - Object 'Object Repository/Traking Order/Tittle nomor transaksi' is present

2023-10-05 13:55:31 - [TEST_STEP][PASSED] - Nama = getText(findTestObject("Object Repository/Traking Order/status traking/Nama Barang tracking order")): Text of object 'Object Repository/Traking Order/status traking/Nama Barang tracking order' is: 'Segitiga Instan Madeira - MDB5.3 Sunset'

2023-10-05 13:55:31 - [MESSAGE][PASSED] - Text of object 'Object Repository/Traking Order/status traking/Nama Barang tracking order' is: 'Segitiga Instan Madeira - MDB5.3 Sunset'

2023-10-05 13:55:31 - [TEST_STEP][PASSED] - Harga = getText(findTestObject("Object Repository/Traking Order/status traking/Harga Barang")): Text of object 'Object Repository/Traking Order/status traking/Harga Barang' is: '1,299'

2023-10-05 13:55:31 - [MESSAGE][PASSED] - Text of object 'Object Repository/Traking Order/status traking/Harga Barang' is: '1,299'

2023-10-05 13:55:31 - [TEST_STEP][PASSED] - name_product = data.get("nama_barang"): null

2023-10-05 13:55:31 - [TEST_STEP][PASSED] - price_product = data.get("price_barang"): null

2023-10-05 13:55:31 - [TEST_STEP][PASSED] - assert name_product.contains(Nama): null

2023-10-05 13:55:31 - [TEST_STEP][PASSED] - assert price_product.contains(Harga): null

2023-10-05 13:55:31 - [TEST_STEP][PASSED] - warnaa = getText(findTestObject("Object Repository/Traking Order/status traking/warna")): Text of object 'Object Repository/Traking Order/status traking/warna' is: 'Merah'

2023-10-05 13:55:32 - [MESSAGE][PASSED] - Text of object 'Object Repository/Traking Order/status traking/warna' is: 'Merah'

2023-10-05 13:55:32 - [TEST_STEP][PASSED] - ukurann = getText(findTestObject("Object Repository/Traking Order/status traking/Ukuruan")): Text of object 'Object Repository/Traking Order/status traking/Ukuruan' is: 'Menengah'

2023-10-05 13:55:32 - [MESSAGE][PASSED] - Text of object 'Object Repository/Traking Order/status traking/Ukuruan' is: 'Menengah'

2023-10-05 13:55:32 - [TEST_STEP][PASSED] - warna1 = data.get("Warna"): null

2023-10-05 13:55:32 - [TEST_STEP][PASSED] - ukuran1 = data.get("Ukuran"): null

2023-10-05 13:55:32 - [TEST_STEP][PASSED] - assert warnaa == warna1: null

2023-10-05 13:55:32 - [TEST_STEP][PASSED] - assert ukurann == ukuran1: null

2023-10-05 13:55:32 - [TEST_STEP][PASSED] - proses = getText(findTestObject("Object Repository/Traking Order/status traking/status Traking Proses")): Text of object 'Object Repository/Traking Order/status traking/status Traking Proses' is: 'Proses'

2023-10-05 13:55:32 - [MESSAGE][PASSED] - Text of object 'Object Repository/Traking Order/status traking/status Traking Proses' is: 'Proses'

2023-10-05 13:55:32 - [TEST_STEP][PASSED] - statusProses = data.get("statusAdmin"): null

2023-10-05 13:55:32 - [TEST_STEP][PASSED] - assert proses == statusProses: null

2023-10-05 13:55:32 - [TEST_STEP][PASSED] - return data: null]]></system-out>
         <system-err><![CDATA[]]></system-err>
      </testcase>
      <testcase name="Test Cases/T13 Pembelian, Shipment dan Pembayaran/SU-003" time="142.859" classname="Test Cases/T13 Pembelian, Shipment dan Pembayaran/SU-003" status="PASSED">
         <system-out><![CDATA[2023-10-05 13:55:32 - [TEST_CASE][PASSED] - Test Cases/T13 Pembelian, Shipment dan Pembayaran/SU-003: Test Cases/T13 Pembelian, Shipment dan Pembayaran/SU-003

2023-10-05 13:55:33 - [TEST_STEP][PASSED] - data = callTestCase(findTestCase("T13 Pembelian, Shipment dan Pembayaran/SA-004"), [:], STOP_ON_FAILURE): Call Test Case 'Test Cases/T13 Pembelian, Shipment dan Pembayaran/SA-004' successfully

2023-10-05 13:55:33 - [TEST_CASE][PASSED] - Test Cases/T13 Pembelian, Shipment dan Pembayaran/SA-004: Test Cases/T13 Pembelian, Shipment dan Pembayaran/SA-004

2023-10-05 13:55:33 - [TEST_STEP][PASSED] - data = callTestCase(findTestCase("T13 Pembelian, Shipment dan Pembayaran/SA-002"), [:], STOP_ON_FAILURE): Call Test Case 'Test Cases/T13 Pembelian, Shipment dan Pembayaran/SA-002' successfully

2023-10-05 13:55:33 - [TEST_CASE][PASSED] - Test Cases/T13 Pembelian, Shipment dan Pembayaran/SA-002: Test Cases/T13 Pembelian, Shipment dan Pembayaran/SA-002

2023-10-05 13:55:33 - [TEST_STEP][PASSED] - data = callTestCase(findTestCase("T13 Pembelian, Shipment dan Pembayaran/SA-001"), [:], STOP_ON_FAILURE): Call Test Case 'Test Cases/T13 Pembelian, Shipment dan Pembayaran/SA-001' successfully

2023-10-05 13:55:33 - [TEST_CASE][PASSED] - Test Cases/T13 Pembelian, Shipment dan Pembayaran/SA-001: Test Cases/T13 Pembelian, Shipment dan Pembayaran/SA-001

2023-10-05 13:55:33 - [TEST_STEP][PASSED] - data = callTestCase(findTestCase("T13 Pembelian, Shipment dan Pembayaran/PBYA-001"), [:], STOP_ON_FAILURE): Call Test Case 'Test Cases/T13 Pembelian, Shipment dan Pembayaran/PBYA-001' successfully

2023-10-05 13:55:33 - [TEST_CASE][PASSED] - Test Cases/T13 Pembelian, Shipment dan Pembayaran/PBYA-001: Test Cases/T13 Pembelian, Shipment dan Pembayaran/PBYA-001

2023-10-05 13:55:33 - [TEST_STEP][PASSED] - data = callTestCase(findTestCase("T13 Pembelian, Shipment dan Pembayaran/PBY-004"), [:], STOP_ON_FAILURE): Call Test Case 'Test Cases/T13 Pembelian, Shipment dan Pembayaran/PBY-004' successfully

2023-10-05 13:55:33 - [TEST_CASE][PASSED] - Test Cases/T13 Pembelian, Shipment dan Pembayaran/PBY-004: Test Cases/T13 Pembelian, Shipment dan Pembayaran/PBY-004

2023-10-05 13:55:33 - [TEST_STEP][PASSED] - data = callTestCase(findTestCase("T13 Pembelian, Shipment dan Pembayaran/PBY-001"), [:], STOP_ON_FAILURE): Call Test Case 'Test Cases/T13 Pembelian, Shipment dan Pembayaran/PBY-001' successfully

2023-10-05 13:55:33 - [TEST_CASE][PASSED] - Test Cases/T13 Pembelian, Shipment dan Pembayaran/PBY-001: Test Cases/T13 Pembelian, Shipment dan Pembayaran/PBY-001

2023-10-05 13:55:33 - [TEST_STEP][PASSED] - data = callTestCase(findTestCase("T13 Pembelian, Shipment dan Pembayaran/PBL-004"), ["Kurir":"Roda 2"], STOP_ON_FAILURE): Call Test Case 'Test Cases/T13 Pembelian, Shipment dan Pembayaran/PBL-004' successfully

2023-10-05 13:55:33 - [TEST_CASE][PASSED] - Test Cases/T13 Pembelian, Shipment dan Pembayaran/PBL-004: Test Cases/T13 Pembelian, Shipment dan Pembayaran/PBL-004

2023-10-05 13:55:33 - [TEST_STEP][PASSED] - data = callTestCase(findTestCase("T13 Pembelian, Shipment dan Pembayaran/PBL-002"), [:], STOP_ON_FAILURE): Call Test Case 'Test Cases/T13 Pembelian, Shipment dan Pembayaran/PBL-002' successfully

2023-10-05 13:55:33 - [TEST_CASE][PASSED] - Test Cases/T13 Pembelian, Shipment dan Pembayaran/PBL-002: Test Cases/T13 Pembelian, Shipment dan Pembayaran/PBL-002

2023-10-05 13:55:33 - [TEST_STEP][PASSED] - data = callTestCase(findTestCase("T13 Pembelian, Shipment dan Pembayaran/PBL-001"), [:], STOP_ON_FAILURE): Call Test Case 'Test Cases/T13 Pembelian, Shipment dan Pembayaran/PBL-001' successfully

2023-10-05 13:55:33 - [TEST_CASE][PASSED] - Test Cases/T13 Pembelian, Shipment dan Pembayaran/PBL-001: Test Cases/T13 Pembelian, Shipment dan Pembayaran/PBL-001

2023-10-05 13:55:33 - [TEST_STEP][PASSED] - callTestCase(findTestCase("T13 Pembelian, Shipment dan Pembayaran/LU-001"), ["username":"irfanafandi", "password":"12345irfan"], STOP_ON_FAILURE): Call Test Case 'Test Cases/T13 Pembelian, Shipment dan Pembayaran/LU-001' successfully

2023-10-05 13:55:34 - [TEST_CASE][PASSED] - Test Cases/T13 Pembelian, Shipment dan Pembayaran/LU-001: Test Cases/T13 Pembelian, Shipment dan Pembayaran/LU-001

2023-10-05 13:55:34 - [TEST_STEP][PASSED] - openBrowser("https://10.9.2.63/ecommerce/"): Browser is opened with url: 'https://10.9.2.63/ecommerce/'

2023-10-05 13:55:34 - [MESSAGE][WARNING] - A browser is already opened. Closing browser and opening a new one

2023-10-05 13:55:34 - [MESSAGE][INFO] - Starting 'Edge Chromium' driver

2023-10-05 13:55:34 - [MESSAGE][INFO] - User set preference: ['acceptInsecureCerts', 'true']

2023-10-05 13:55:36 - [MESSAGE][INFO] - Action delay is set to 0 milliseconds

2023-10-05 13:55:40 - [MESSAGE][PASSED] - Browser is opened with url: 'https://10.9.2.63/ecommerce/'

2023-10-05 13:55:40 - [TEST_STEP][PASSED] - maximizeWindow(): Current window maximized

2023-10-05 13:55:40 - [MESSAGE][PASSED] - Current window maximized

2023-10-05 13:55:40 - [TEST_STEP][PASSED] - verifyElementPresent(findTestObject("Login/Home"), 0): Object 'Object Repository/Login/Home' is present

2023-10-05 13:55:40 - [MESSAGE][WARNING] - Timeout '0' is invalid. Using default page load timeout: '30'

2023-10-05 13:55:41 - [MESSAGE][PASSED] - Object 'Object Repository/Login/Home' is present

2023-10-05 13:55:41 - [TEST_STEP][PASSED] - click(findTestObject("Login/a_Login")): Object: 'Object Repository/Login/a_Login' is clicked on

2023-10-05 13:55:41 - [MESSAGE][PASSED] - Object: 'Object Repository/Login/a_Login' is clicked on

2023-10-05 13:55:41 - [TEST_STEP][PASSED] - verifyElementPresent(findTestObject("Login/Tittle Login"), 0): Object 'Object Repository/Login/Tittle Login' is present

2023-10-05 13:55:41 - [MESSAGE][WARNING] - Timeout '0' is invalid. Using default page load timeout: '30'

2023-10-05 13:55:42 - [MESSAGE][PASSED] - Object 'Object Repository/Login/Tittle Login' is present

2023-10-05 13:55:42 - [TEST_STEP][PASSED] - setText(findTestObject("Login/input_Username, Email atau No. Handphone_a"), username): Text 'irfanafandi' is set on object 'Object Repository/Login/input_Username, Email atau No. Handphone_a'

2023-10-05 13:55:43 - [MESSAGE][PASSED] - Text 'irfanafandi' is set on object 'Object Repository/Login/input_Username, Email atau No. Handphone_a'

2023-10-05 13:55:43 - [TEST_STEP][PASSED] - setText(findTestObject("Login/input_Password_b"), password): Text '12345irfan' is set on object 'Object Repository/Login/input_Password_b'

2023-10-05 13:55:44 - [MESSAGE][PASSED] - Text '12345irfan' is set on object 'Object Repository/Login/input_Password_b'

2023-10-05 13:55:44 - [TEST_STEP][PASSED] - click(findTestObject("Login/label_Ingat saya")): Object: 'Object Repository/Login/label_Ingat saya' is clicked on

2023-10-05 13:55:44 - [MESSAGE][PASSED] - Object: 'Object Repository/Login/label_Ingat saya' is clicked on

2023-10-05 13:55:44 - [TEST_STEP][PASSED] - click(findTestObject("Login/button_Masuk")): Object: 'Object Repository/Login/button_Masuk' is clicked on

2023-10-05 13:55:46 - [MESSAGE][PASSED] - Object: 'Object Repository/Login/button_Masuk' is clicked on

2023-10-05 13:55:46 - [TEST_STEP][PASSED] - verifyElementPresent(findTestObject("Login/li_Profile"), 0): Object 'Object Repository/Login/li_Profile' is present

2023-10-05 13:55:46 - [MESSAGE][WARNING] - Timeout '0' is invalid. Using default page load timeout: '30'

2023-10-05 13:55:46 - [MESSAGE][PASSED] - Object 'Object Repository/Login/li_Profile' is present

2023-10-05 13:55:46 - [MESSAGE][PASSED] - Call Test Case 'Test Cases/T13 Pembelian, Shipment dan Pembayaran/LU-001' successfully

2023-10-05 13:55:46 - [TEST_STEP][PASSED] - mouseOver(findTestObject("beli barang/i_Mulai Belanja_icon-menu")): Object: 'Object Repository/beli barang/i_Mulai Belanja_icon-menu' is hovered

2023-10-05 13:55:47 - [MESSAGE][PASSED] - Object: 'Object Repository/beli barang/i_Mulai Belanja_icon-menu' is hovered

2023-10-05 13:55:47 - [TEST_STEP][PASSED] - click(findTestObject("beli barang/a_Fashion  Busana Wanita")): Object: 'Object Repository/beli barang/a_Fashion  Busana Wanita' is clicked on

2023-10-05 13:55:48 - [MESSAGE][PASSED] - Object: 'Object Repository/beli barang/a_Fashion  Busana Wanita' is clicked on

2023-10-05 13:55:48 - [TEST_STEP][PASSED] - NamaSebelum = getText(findTestObject("verifikasi/Nama sebelum")): Text of object 'Object Repository/verifikasi/Nama sebelum' is: ''

2023-10-05 13:55:49 - [MESSAGE][PASSED] - Text of object 'Object Repository/verifikasi/Nama sebelum' is: ''

2023-10-05 13:55:49 - [TEST_STEP][PASSED] - HargaSebelum = getText(findTestObject("verifikasi/Harga sebelum")): Text of object 'Object Repository/verifikasi/Harga sebelum' is: 'Rp 1,299'

2023-10-05 13:55:49 - [MESSAGE][PASSED] - Text of object 'Object Repository/verifikasi/Harga sebelum' is: 'Rp 1,299'

2023-10-05 13:55:49 - [TEST_STEP][PASSED] - mouseOver(findTestObject("beli barang/barang mouse over")): Object: 'Object Repository/beli barang/barang mouse over' is hovered

2023-10-05 13:55:50 - [MESSAGE][PASSED] - Object: 'Object Repository/beli barang/barang mouse over' is hovered

2023-10-05 13:55:50 - [TEST_STEP][PASSED] - click(findTestObject("beli barang/buttom add to cart")): Object: 'Object Repository/beli barang/buttom add to cart' is clicked on

2023-10-05 13:55:51 - [MESSAGE][PASSED] - Object: 'Object Repository/beli barang/buttom add to cart' is clicked on

2023-10-05 13:55:51 - [TEST_STEP][PASSED] - NamaSesudah = getText(findTestObject("verifikasi/Nama sesudah")): Text of object 'Object Repository/verifikasi/Nama sesudah' is: 'Segitiga Instan Madeira - MDB5.3 Sunset'

2023-10-05 13:55:52 - [MESSAGE][PASSED] - Text of object 'Object Repository/verifikasi/Nama sesudah' is: 'Segitiga Instan Madeira - MDB5.3 Sunset'

2023-10-05 13:55:52 - [TEST_STEP][PASSED] - HargaSesudah = getText(findTestObject("verifikasi/Harga sesudah")): Text of object 'Object Repository/verifikasi/Harga sesudah' is: 'Rp 1,299'

2023-10-05 13:55:52 - [MESSAGE][PASSED] - Text of object 'Object Repository/verifikasi/Harga sesudah' is: 'Rp 1,299'

2023-10-05 13:55:52 - [TEST_STEP][PASSED] - assert NamaSesudah.contains(NamaSebelum): null

2023-10-05 13:55:52 - [TEST_STEP][PASSED] - assert HargaSesudah.contains(HargaSebelum): null

2023-10-05 13:55:52 - [TEST_STEP][PASSED] - click(findTestObject("beli barang/Tambah Keranjang busana wanita")): Object: 'Object Repository/beli barang/Tambah Keranjang busana wanita' is clicked on

2023-10-05 13:55:53 - [MESSAGE][PASSED] - Object: 'Object Repository/beli barang/Tambah Keranjang busana wanita' is clicked on

2023-10-05 13:55:53 - [TEST_STEP][PASSED] - verifyElementPresent(findTestObject("checkout/Notifikasi keranjang"), 1): Object 'Object Repository/checkout/Notifikasi keranjang' is present

2023-10-05 13:55:54 - [MESSAGE][PASSED] - Object 'Object Repository/checkout/Notifikasi keranjang' is present

2023-10-05 13:55:54 - [TEST_STEP][PASSED] - data = new java.util.HashMap(): null

2023-10-05 13:55:54 - [TEST_STEP][PASSED] - data.put("nama_barang", NamaSesudah): null

2023-10-05 13:55:54 - [TEST_STEP][PASSED] - data.put("price_barang", HargaSesudah): null

2023-10-05 13:55:54 - [TEST_STEP][PASSED] - return data: null

2023-10-05 13:55:54 - [MESSAGE][PASSED] - Call Test Case 'Test Cases/T13 Pembelian, Shipment dan Pembayaran/PBL-001' successfully

2023-10-05 13:55:54 - [TEST_STEP][PASSED] - mouseOver(findTestObject("beli barang/keranjang")): Object: 'Object Repository/beli barang/keranjang' is hovered

2023-10-05 13:55:54 - [MESSAGE][PASSED] - Object: 'Object Repository/beli barang/keranjang' is hovered

2023-10-05 13:55:54 - [TEST_STEP][PASSED] - click(findTestObject("beli barang/Lihat Sekarang")): Object: 'Object Repository/beli barang/Lihat Sekarang' is clicked on

2023-10-05 13:55:55 - [MESSAGE][PASSED] - Object: 'Object Repository/beli barang/Lihat Sekarang' is clicked on

2023-10-05 13:55:55 - [TEST_STEP][PASSED] - verifyElementPresent(findTestObject("keranjang/li_Keranjang Belanja"), 0): Object 'Object Repository/keranjang/li_Keranjang Belanja' is present

2023-10-05 13:55:55 - [MESSAGE][WARNING] - Timeout '0' is invalid. Using default page load timeout: '30'

2023-10-05 13:55:57 - [MESSAGE][PASSED] - Object 'Object Repository/keranjang/li_Keranjang Belanja' is present

2023-10-05 13:55:57 - [TEST_STEP][PASSED] - NamaKeranjang = getText(findTestObject("verifikasi/Nama keranjang")): Text of object 'Object Repository/verifikasi/Nama keranjang' is: 'Segitiga Instan Madeira - MDB5.3 Sunset'

2023-10-05 13:55:57 - [MESSAGE][PASSED] - Text of object 'Object Repository/verifikasi/Nama keranjang' is: 'Segitiga Instan Madeira - MDB5.3 Sunset'

2023-10-05 13:55:57 - [TEST_STEP][PASSED] - HargaKeranjang = getText(findTestObject("verifikasi/Harga Keranjang")): Text of object 'Object Repository/verifikasi/Harga Keranjang' is: 'Rp 1,299'

2023-10-05 13:55:57 - [MESSAGE][PASSED] - Text of object 'Object Repository/verifikasi/Harga Keranjang' is: 'Rp 1,299'

2023-10-05 13:55:57 - [TEST_STEP][PASSED] - if (toString().equalsIgnoreCase("Merah")): Object 'Object Repository/keranjang/input_Warna_variasi101' is checked

2023-10-05 13:55:57 - [TEST_STEP][PASSED] - check(findTestObject("Object Repository/keranjang/input_Warna_variasi101")): Object 'Object Repository/keranjang/input_Warna_variasi101' is checked

2023-10-05 13:55:58 - [MESSAGE][PASSED] - Object 'Object Repository/keranjang/input_Warna_variasi101' is checked

2023-10-05 13:55:58 - [TEST_STEP][PASSED] - if (toString().equalsIgnoreCase("Menengah")): Object 'Object Repository/keranjang/input_Ukuran_variasi201' is checked

2023-10-05 13:55:58 - [TEST_STEP][PASSED] - check(findTestObject("Object Repository/keranjang/input_Ukuran_variasi201")): Object 'Object Repository/keranjang/input_Ukuran_variasi201' is checked

2023-10-05 13:55:58 - [MESSAGE][PASSED] - Object 'Object Repository/keranjang/input_Ukuran_variasi201' is checked

2023-10-05 13:55:58 - [TEST_STEP][PASSED] - data.put("Warna", warna): null

2023-10-05 13:55:58 - [TEST_STEP][PASSED] - data.put("Ukuran", ukuran): null

2023-10-05 13:55:58 - [TEST_STEP][PASSED] - click(findTestObject("keranjang/button_Lanjut ke Pembayaran")): Object: 'Object Repository/keranjang/button_Lanjut ke Pembayaran' is clicked on

2023-10-05 13:56:00 - [MESSAGE][PASSED] - Object: 'Object Repository/keranjang/button_Lanjut ke Pembayaran' is clicked on

2023-10-05 13:56:00 - [TEST_STEP][PASSED] - verifyElementPresent(findTestObject("checkout/Tittle Checkout Order"), 0): Object 'Object Repository/checkout/Tittle Checkout Order' is present

2023-10-05 13:56:00 - [MESSAGE][WARNING] - Timeout '0' is invalid. Using default page load timeout: '30'

2023-10-05 13:56:01 - [MESSAGE][PASSED] - Object 'Object Repository/checkout/Tittle Checkout Order' is present

2023-10-05 13:56:01 - [TEST_STEP][PASSED] - name_product = data.get("nama_barang"): null

2023-10-05 13:56:01 - [TEST_STEP][PASSED] - price_product = data.get("price_barang"): null

2023-10-05 13:56:01 - [TEST_STEP][PASSED] - assert name_product == NamaKeranjang: null

2023-10-05 13:56:01 - [TEST_STEP][PASSED] - assert price_product == HargaKeranjang: null

2023-10-05 13:56:01 - [TEST_STEP][PASSED] - return data: null

2023-10-05 13:56:01 - [MESSAGE][PASSED] - Call Test Case 'Test Cases/T13 Pembelian, Shipment dan Pembayaran/PBL-002' successfully

2023-10-05 13:56:01 - [TEST_STEP][PASSED] - warnaa = getText(findTestObject("verifikasi/warna Merah")): Text of object 'Object Repository/verifikasi/warna Merah' is: 'Merah'

2023-10-05 13:56:01 - [MESSAGE][PASSED] - Text of object 'Object Repository/verifikasi/warna Merah' is: 'Merah'

2023-10-05 13:56:01 - [TEST_STEP][PASSED] - ukurann = getText(findTestObject("verifikasi/Ukuran Menengah")): Text of object 'Object Repository/verifikasi/Ukuran Menengah' is: 'Menengah'

2023-10-05 13:56:01 - [MESSAGE][PASSED] - Text of object 'Object Repository/verifikasi/Ukuran Menengah' is: 'Menengah'

2023-10-05 13:56:01 - [TEST_STEP][PASSED] - warna1 = data.get("Warna"): null

2023-10-05 13:56:01 - [TEST_STEP][PASSED] - ukuran1 = data.get("Ukuran"): null

2023-10-05 13:56:01 - [TEST_STEP][PASSED] - assert warnaa == warna1: null

2023-10-05 13:56:01 - [TEST_STEP][PASSED] - assert ukurann == ukuran1: null

2023-10-05 13:56:01 - [TEST_STEP][PASSED] - NamaCheckout = getText(findTestObject("verifikasi/NamaCheckout")): Text of object 'Object Repository/verifikasi/NamaCheckout' is: ''

2023-10-05 13:56:02 - [MESSAGE][PASSED] - Text of object 'Object Repository/verifikasi/NamaCheckout' is: ''

2023-10-05 13:56:02 - [TEST_STEP][PASSED] - HargaCheckout = getText(findTestObject("verifikasi/HargaCheckout")): Text of object 'Object Repository/verifikasi/HargaCheckout' is: '1,299'

2023-10-05 13:56:02 - [MESSAGE][PASSED] - Text of object 'Object Repository/verifikasi/HargaCheckout' is: '1,299'

2023-10-05 13:56:02 - [TEST_STEP][PASSED] - name_product = data.get("nama_barang"): null

2023-10-05 13:56:02 - [TEST_STEP][PASSED] - price_product = data.get("price_barang"): null

2023-10-05 13:56:02 - [TEST_STEP][PASSED] - assert name_product.contains(NamaCheckout): null

2023-10-05 13:56:02 - [TEST_STEP][PASSED] - assert price_product.contains(HargaCheckout): null

2023-10-05 13:56:02 - [TEST_STEP][PASSED] - selectOptionByLabel(findTestObject("checkout/select - Kirim via Kurir Lokal"), Kurir, false): All options with label 'Roda 2' are selected in object 'Object Repository/checkout/select - Kirim via Kurir Lokal' 

2023-10-05 13:56:03 - [MESSAGE][PASSED] - All options with label 'Roda 2' are selected in object 'Object Repository/checkout/select - Kirim via Kurir Lokal' 

2023-10-05 13:56:03 - [TEST_STEP][PASSED] - click(findTestObject("checkout/Kendaraan Kurir")): Object: 'Object Repository/checkout/Kendaraan Kurir' is clicked on

2023-10-05 13:56:04 - [MESSAGE][PASSED] - Object: 'Object Repository/checkout/Kendaraan Kurir' is clicked on

2023-10-05 13:56:04 - [TEST_STEP][PASSED] - OngkosKirim = getText(findTestObject("Object Repository/verifikasi/Ongkos Kirim checkout")): Text of object 'Object Repository/verifikasi/Ongkos Kirim checkout' is: 'Rp. 5,000'

2023-10-05 13:56:04 - [MESSAGE][PASSED] - Text of object 'Object Repository/verifikasi/Ongkos Kirim checkout' is: 'Rp. 5,000'

2023-10-05 13:56:04 - [TEST_STEP][PASSED] - Ongkos = OngkosKirim.substring(3, OngkosKirim.size()): null

2023-10-05 13:56:04 - [TEST_STEP][PASSED] - rep = Ongkos.replace(",", "."): null

2023-10-05 13:56:04 - [TEST_STEP][PASSED] - Ongkos_kirim = Double.parseDouble(rep): null

2023-10-05 13:56:04 - [TEST_STEP][PASSED] - println(Ongkos_kirim): null

2023-10-05 13:56:04 - [TEST_STEP][PASSED] - FeeAdmin = getText(findTestObject("verifikasi/Fee Admin checkout")): Text of object 'Object Repository/verifikasi/Fee Admin checkout' is: 'Fee Admin
Rp 1,500'

2023-10-05 13:56:05 - [MESSAGE][PASSED] - Text of object 'Object Repository/verifikasi/Fee Admin checkout' is: 'Fee Admin
Rp 1,500'

2023-10-05 13:56:05 - [TEST_STEP][PASSED] - Fee_Admin = FeeAdmin.substring(12, FeeAdmin.size()): null

2023-10-05 13:56:05 - [TEST_STEP][PASSED] - fee = Fee_Admin.replace(",", "."): null

2023-10-05 13:56:05 - [TEST_STEP][PASSED] - fee_admin = Double.parseDouble(fee): null

2023-10-05 13:56:05 - [TEST_STEP][PASSED] - println(fee_admin): null

2023-10-05 13:56:05 - [TEST_STEP][PASSED] - Subtotal = getText(findTestObject("verifikasi/subtotal checkout")): Text of object 'Object Repository/verifikasi/subtotal checkout' is: 'Subtotal
Rp 1,299'

2023-10-05 13:56:05 - [MESSAGE][PASSED] - Text of object 'Object Repository/verifikasi/subtotal checkout' is: 'Subtotal
Rp 1,299'

2023-10-05 13:56:05 - [TEST_STEP][PASSED] - sub_total = Subtotal.substring(12, Subtotal.size()): null

2023-10-05 13:56:05 - [TEST_STEP][PASSED] - sub = sub_total.replace(",", "."): null

2023-10-05 13:56:05 - [TEST_STEP][PASSED] - sub_total = Double.parseDouble(sub): null

2023-10-05 13:56:05 - [TEST_STEP][PASSED] - println(sub_total): null

2023-10-05 13:56:05 - [TEST_STEP][PASSED] - Total = getText(findTestObject("verifikasi/Total checkout")): Text of object 'Object Repository/verifikasi/Total checkout' is: 'Rp 7,799'

2023-10-05 13:56:06 - [MESSAGE][PASSED] - Text of object 'Object Repository/verifikasi/Total checkout' is: 'Rp 7,799'

2023-10-05 13:56:06 - [TEST_STEP][PASSED] - totall = Total.substring(3, Total.size()): null

2023-10-05 13:56:06 - [TEST_STEP][PASSED] - total = totall.replace(",", "."): null

2023-10-05 13:56:06 - [TEST_STEP][PASSED] - totall = Double.parseDouble(total): null

2023-10-05 13:56:06 - [TEST_STEP][PASSED] - println(totall): null

2023-10-05 13:56:06 - [TEST_STEP][PASSED] - Total_Harga = Ongkos_kirim + fee_admin + sub_total: null

2023-10-05 13:56:06 - [TEST_STEP][PASSED] - println(Total_Harga): null

2023-10-05 13:56:06 - [TEST_STEP][PASSED] - TotalHarga = Math.round(Total_Harga * 1000) / 1000: null

2023-10-05 13:56:06 - [TEST_STEP][PASSED] - println(TotalHarga): null

2023-10-05 13:56:06 - [TEST_STEP][PASSED] - assert totall == TotalHarga: null

2023-10-05 13:56:06 - [TEST_STEP][PASSED] - click(findTestObject("verifikasi/Metode Transfer")): Object: 'Object Repository/verifikasi/Metode Transfer' is clicked on

2023-10-05 13:56:06 - [MESSAGE][PASSED] - Object: 'Object Repository/verifikasi/Metode Transfer' is clicked on

2023-10-05 13:56:06 - [TEST_STEP][PASSED] - click(findTestObject("checkout/button_Proses Pembayaran")): Object: 'Object Repository/checkout/button_Proses Pembayaran' is clicked on

2023-10-05 13:56:14 - [MESSAGE][PASSED] - Object: 'Object Repository/checkout/button_Proses Pembayaran' is clicked on

2023-10-05 13:56:14 - [TEST_STEP][PASSED] - verifyElementPresent(findTestObject("pembayaran/Tittle nomor invoice"), 0): Object 'Object Repository/pembayaran/Tittle nomor invoice' is present

2023-10-05 13:56:14 - [MESSAGE][WARNING] - Timeout '0' is invalid. Using default page load timeout: '30'

2023-10-05 13:56:15 - [MESSAGE][PASSED] - Object 'Object Repository/pembayaran/Tittle nomor invoice' is present

2023-10-05 13:56:15 - [TEST_STEP][PASSED] - return data: null

2023-10-05 13:56:15 - [MESSAGE][PASSED] - Call Test Case 'Test Cases/T13 Pembelian, Shipment dan Pembayaran/PBL-004' successfully

2023-10-05 13:56:15 - [TEST_STEP][PASSED] - Invoice = getText(findTestObject("pembayaran/nomor invoice")): Text of object 'Object Repository/pembayaran/nomor invoice' is: 'TRX60.20231005135610'

2023-10-05 13:56:15 - [MESSAGE][PASSED] - Text of object 'Object Repository/pembayaran/nomor invoice' is: 'TRX60.20231005135610'

2023-10-05 13:56:15 - [TEST_STEP][PASSED] - data.put("invoice", Invoice): null

2023-10-05 13:56:15 - [TEST_STEP][PASSED] - NamaPemesan = getText(findTestObject("Konfirmasi pesanan shop/Nama pemesan")): Text of object 'Object Repository/Konfirmasi pesanan shop/Nama pemesan' is: 'irfan.afandi'

2023-10-05 13:56:16 - [MESSAGE][PASSED] - Text of object 'Object Repository/Konfirmasi pesanan shop/Nama pemesan' is: 'irfan.afandi'

2023-10-05 13:56:16 - [TEST_STEP][PASSED] - Nama = getText(findTestObject("pembayaran/Nama barang")): Text of object 'Object Repository/pembayaran/Nama barang' is: 'Segitiga Instan Madeira - MDB5.3 Sunset'

2023-10-05 13:56:16 - [MESSAGE][PASSED] - Text of object 'Object Repository/pembayaran/Nama barang' is: 'Segitiga Instan Madeira - MDB5.3 Sunset'

2023-10-05 13:56:16 - [TEST_STEP][PASSED] - Harga = getText(findTestObject("pembayaran/Harga barang")): Text of object 'Object Repository/pembayaran/Harga barang' is: '1,299'

2023-10-05 13:56:17 - [MESSAGE][PASSED] - Text of object 'Object Repository/pembayaran/Harga barang' is: '1,299'

2023-10-05 13:56:17 - [TEST_STEP][PASSED] - name_product = data.get("nama_barang"): null

2023-10-05 13:56:17 - [TEST_STEP][PASSED] - price_product = data.get("price_barang"): null

2023-10-05 13:56:17 - [TEST_STEP][PASSED] - assert name_product.contains(Nama): null

2023-10-05 13:56:17 - [TEST_STEP][PASSED] - assert price_product.contains(Harga): null

2023-10-05 13:56:17 - [TEST_STEP][PASSED] - warnaa = getText(findTestObject("pembayaran/warna")): Text of object 'Object Repository/pembayaran/warna' is: 'Merah'

2023-10-05 13:56:17 - [MESSAGE][PASSED] - Text of object 'Object Repository/pembayaran/warna' is: 'Merah'

2023-10-05 13:56:17 - [TEST_STEP][PASSED] - ukurann = getText(findTestObject("pembayaran/ukuran")): Text of object 'Object Repository/pembayaran/ukuran' is: 'Menengah'

2023-10-05 13:56:18 - [MESSAGE][PASSED] - Text of object 'Object Repository/pembayaran/ukuran' is: 'Menengah'

2023-10-05 13:56:18 - [TEST_STEP][PASSED] - warna1 = data.get("Warna"): null

2023-10-05 13:56:18 - [TEST_STEP][PASSED] - ukuran1 = data.get("Ukuran"): null

2023-10-05 13:56:18 - [TEST_STEP][PASSED] - assert warnaa == warna1: null

2023-10-05 13:56:18 - [TEST_STEP][PASSED] - assert ukurann == ukuran1: null

2023-10-05 13:56:18 - [TEST_STEP][PASSED] - statusPembelian = getText(findTestObject("verifikasi/Status pending di pembelian")): Text of object 'Object Repository/verifikasi/Status pending di pembelian' is: 'Pending'

2023-10-05 13:56:18 - [MESSAGE][PASSED] - Text of object 'Object Repository/verifikasi/Status pending di pembelian' is: 'Pending'

2023-10-05 13:56:18 - [TEST_STEP][PASSED] - data.put("statusPem", statusPembelian): null

2023-10-05 13:56:18 - [TEST_STEP][PASSED] - OngkosKirim = getText(findTestObject("pembayaran/ongkos kirim")): Text of object 'Object Repository/pembayaran/ongkos kirim' is: 'Rp 5,000'

2023-10-05 13:56:19 - [MESSAGE][PASSED] - Text of object 'Object Repository/pembayaran/ongkos kirim' is: 'Rp 5,000'

2023-10-05 13:56:19 - [TEST_STEP][PASSED] - Ongkos = OngkosKirim.substring(3, OngkosKirim.size()): null

2023-10-05 13:56:19 - [TEST_STEP][PASSED] - rep = Ongkos.replace(",", ""): null

2023-10-05 13:56:19 - [TEST_STEP][PASSED] - Ongkos_kirimm = Integer.parseInt(rep): null

2023-10-05 13:56:19 - [TEST_STEP][PASSED] - println(Ongkos_kirimm): null

2023-10-05 13:56:19 - [TEST_STEP][PASSED] - FeeAdmin = getText(findTestObject("pembayaran/fee admin")): Text of object 'Object Repository/pembayaran/fee admin' is: 'Rp 1,500'

2023-10-05 13:56:19 - [MESSAGE][PASSED] - Text of object 'Object Repository/pembayaran/fee admin' is: 'Rp 1,500'

2023-10-05 13:56:19 - [TEST_STEP][PASSED] - Fee_Admin = FeeAdmin.substring(3, FeeAdmin.size()): null

2023-10-05 13:56:19 - [TEST_STEP][PASSED] - fee = Fee_Admin.replace(",", ""): null

2023-10-05 13:56:19 - [TEST_STEP][PASSED] - fee_adminn = Integer.parseInt(fee): null

2023-10-05 13:56:19 - [TEST_STEP][PASSED] - println(fee_adminn): null

2023-10-05 13:56:19 - [TEST_STEP][PASSED] - Subtotal = getText(findTestObject("pembayaran/subtotal")): Text of object 'Object Repository/pembayaran/subtotal' is: 'Rp 1,299'

2023-10-05 13:56:20 - [MESSAGE][PASSED] - Text of object 'Object Repository/pembayaran/subtotal' is: 'Rp 1,299'

2023-10-05 13:56:20 - [TEST_STEP][PASSED] - sub_total = Subtotal.substring(3, Subtotal.size()): null

2023-10-05 13:56:20 - [TEST_STEP][PASSED] - sub = sub_total.replace(",", ""): null

2023-10-05 13:56:20 - [TEST_STEP][PASSED] - sub_totall = Integer.parseInt(sub): null

2023-10-05 13:56:20 - [TEST_STEP][PASSED] - println(sub_totall): null

2023-10-05 13:56:20 - [TEST_STEP][PASSED] - unik = getText(findTestObject("pembayaran/kode unik")): Text of object 'Object Repository/pembayaran/kode unik' is: '+610'

2023-10-05 13:56:20 - [MESSAGE][PASSED] - Text of object 'Object Repository/pembayaran/kode unik' is: '+610'

2023-10-05 13:56:20 - [TEST_STEP][PASSED] - unikk = unik.replace("+", ""): null

2023-10-05 13:56:20 - [TEST_STEP][PASSED] - kode_unik = Integer.parseInt(unikk): null

2023-10-05 13:56:20 - [TEST_STEP][PASSED] - println(kode_unik): null

2023-10-05 13:56:20 - [TEST_STEP][PASSED] - Total = getText(findTestObject("pembayaran/total")): Text of object 'Object Repository/pembayaran/total' is: '8,409'

2023-10-05 13:56:21 - [MESSAGE][PASSED] - Text of object 'Object Repository/pembayaran/total' is: '8,409'

2023-10-05 13:56:21 - [TEST_STEP][PASSED] - total = Total.replace(",", ""): null

2023-10-05 13:56:21 - [TEST_STEP][PASSED] - totalll = Integer.parseInt(total): null

2023-10-05 13:56:21 - [TEST_STEP][PASSED] - println(totalll): null

2023-10-05 13:56:21 - [TEST_STEP][PASSED] - Total_Hargaa = Ongkos_kirimm + fee_adminn + sub_totall + kode_unik: null

2023-10-05 13:56:21 - [TEST_STEP][PASSED] - println(Total_Hargaa): null

2023-10-05 13:56:21 - [TEST_STEP][PASSED] - assert totalll == Total_Hargaa: null

2023-10-05 13:56:21 - [TEST_STEP][PASSED] - data.put("total", Total): null

2023-10-05 13:56:21 - [TEST_STEP][PASSED] - data.put("nama", NamaPemesan): null

2023-10-05 13:56:21 - [TEST_STEP][PASSED] - return data: null

2023-10-05 13:56:21 - [MESSAGE][PASSED] - Call Test Case 'Test Cases/T13 Pembelian, Shipment dan Pembayaran/PBY-001' successfully

2023-10-05 13:56:21 - [TEST_STEP][PASSED] - inv = data.get("invoice"): null

2023-10-05 13:56:21 - [TEST_STEP][PASSED] - Total = data.get("total"): null

2023-10-05 13:56:21 - [TEST_STEP][PASSED] - NamaPemesan = data.get("nama"): null

2023-10-05 13:56:21 - [TEST_STEP][PASSED] - click(findTestObject("Konfirmasi pesanan shop/Menu Shop")): Object: 'Object Repository/Konfirmasi pesanan shop/Menu Shop' is clicked on

2023-10-05 13:56:23 - [MESSAGE][PASSED] - Object: 'Object Repository/Konfirmasi pesanan shop/Menu Shop' is clicked on

2023-10-05 13:56:23 - [TEST_STEP][PASSED] - click(findTestObject("Konfirmasi pesanan shop/Menu Shop")): Object: 'Object Repository/Konfirmasi pesanan shop/Menu Shop' is clicked on

2023-10-05 13:56:23 - [MESSAGE][PASSED] - Object: 'Object Repository/Konfirmasi pesanan shop/Menu Shop' is clicked on

2023-10-05 13:56:23 - [TEST_STEP][PASSED] - click(findTestObject("Konfirmasi pesanan shop/Konfirmasi Orders")): Object: 'Object Repository/Konfirmasi pesanan shop/Konfirmasi Orders' is clicked on

2023-10-05 13:56:24 - [MESSAGE][PASSED] - Object: 'Object Repository/Konfirmasi pesanan shop/Konfirmasi Orders' is clicked on

2023-10-05 13:56:24 - [TEST_STEP][PASSED] - verifyElementPresent(findTestObject("Konfirmasi pesanan shop/Tittle Konfirmasi Pesanan"), 0): Object 'Object Repository/Konfirmasi pesanan shop/Tittle Konfirmasi Pesanan' is present

2023-10-05 13:56:24 - [MESSAGE][WARNING] - Timeout '0' is invalid. Using default page load timeout: '30'

2023-10-05 13:56:25 - [MESSAGE][PASSED] - Object 'Object Repository/Konfirmasi pesanan shop/Tittle Konfirmasi Pesanan' is present

2023-10-05 13:56:25 - [TEST_STEP][PASSED] - setText(findTestObject("Konfirmasi pesanan shop/input_No Pesanan"), inv): Text 'TRX60.20231005135610' is set on object 'Object Repository/Konfirmasi pesanan shop/input_No Pesanan'

2023-10-05 13:56:26 - [MESSAGE][PASSED] - Text 'TRX60.20231005135610' is set on object 'Object Repository/Konfirmasi pesanan shop/input_No Pesanan'

2023-10-05 13:56:26 - [TEST_STEP][PASSED] - setText(findTestObject("Konfirmasi pesanan shop/input_Alamat E-mai"), "irfan@gmail.com"): Text 'irfan@gmail.com' is set on object 'Object Repository/Konfirmasi pesanan shop/input_Alamat E-mai'

2023-10-05 13:56:27 - [MESSAGE][PASSED] - Text 'irfan@gmail.com' is set on object 'Object Repository/Konfirmasi pesanan shop/input_Alamat E-mai'

2023-10-05 13:56:27 - [TEST_STEP][PASSED] - click(findTestObject("Konfirmasi pesanan shop/button_Submit")): Object: 'Object Repository/Konfirmasi pesanan shop/button_Submit' is clicked on

2023-10-05 13:56:28 - [MESSAGE][PASSED] - Object: 'Object Repository/Konfirmasi pesanan shop/button_Submit' is clicked on

2023-10-05 13:56:28 - [TEST_STEP][PASSED] - verifyElementPresent(findTestObject("Konfirmasi pesanan shop/Tittle nomor invoice"), 0): Object 'Object Repository/Konfirmasi pesanan shop/Tittle nomor invoice' is present

2023-10-05 13:56:28 - [MESSAGE][WARNING] - Timeout '0' is invalid. Using default page load timeout: '30'

2023-10-05 13:56:28 - [MESSAGE][PASSED] - Object 'Object Repository/Konfirmasi pesanan shop/Tittle nomor invoice' is present

2023-10-05 13:56:28 - [TEST_STEP][PASSED] - setText(findTestObject("Konfirmasi pesanan shop/input_Total TagihanTransfer_b"), Total): Text '8,409' is set on object 'Object Repository/Konfirmasi pesanan shop/input_Total TagihanTransfer_b'

2023-10-05 13:56:29 - [MESSAGE][PASSED] - Text '8,409' is set on object 'Object Repository/Konfirmasi pesanan shop/input_Total TagihanTransfer_b'

2023-10-05 13:56:29 - [TEST_STEP][PASSED] - selectOptionByValue(findTestObject("Konfirmasi pesanan shop/select_Bank"), "4", false): All options with value '4' are selected in object 'Object Repository/Konfirmasi pesanan shop/select_Bank' 

2023-10-05 13:56:30 - [MESSAGE][PASSED] - All options with value '4' are selected in object 'Object Repository/Konfirmasi pesanan shop/select_Bank' 

2023-10-05 13:56:30 - [TEST_STEP][PASSED] - setText(findTestObject("Konfirmasi pesanan shop/input_Nama Pengirim_d"), NamaPemesan): Text 'irfan.afandi' is set on object 'Object Repository/Konfirmasi pesanan shop/input_Nama Pengirim_d'

2023-10-05 13:56:31 - [MESSAGE][PASSED] - Text 'irfan.afandi' is set on object 'Object Repository/Konfirmasi pesanan shop/input_Nama Pengirim_d'

2023-10-05 13:56:31 - [TEST_STEP][PASSED] - uploadFile(findTestObject("keranjang/konfirmasi/input_Upload Bukti Transfer_f"), "C:\Users\IRFAN\Downloads\Berkas2.pdf"): File 'C:\Users\IRFAN\Downloads\Berkas2.pdf' sent to object: 'Object Repository/keranjang/konfirmasi/input_Upload Bukti Transfer_f'

2023-10-05 13:56:31 - [MESSAGE][PASSED] - File 'C:\Users\IRFAN\Downloads\Berkas2.pdf' sent to object: 'Object Repository/keranjang/konfirmasi/input_Upload Bukti Transfer_f'

2023-10-05 13:56:31 - [TEST_STEP][PASSED] - click(findTestObject("Konfirmasi pesanan shop/button_Konfirmasi Pembayaran")): Object: 'Object Repository/Konfirmasi pesanan shop/button_Konfirmasi Pembayaran' is clicked on

2023-10-05 13:56:33 - [MESSAGE][PASSED] - Object: 'Object Repository/Konfirmasi pesanan shop/button_Konfirmasi Pembayaran' is clicked on

2023-10-05 13:56:33 - [TEST_STEP][PASSED] - verifyElementPresent(findTestObject("Konfirmasi pesanan shop/Tittle Konfirmasi Pesanan"), 0): Object 'Object Repository/Konfirmasi pesanan shop/Tittle Konfirmasi Pesanan' is present

2023-10-05 13:56:33 - [MESSAGE][WARNING] - Timeout '0' is invalid. Using default page load timeout: '30'

2023-10-05 13:56:33 - [MESSAGE][PASSED] - Object 'Object Repository/Konfirmasi pesanan shop/Tittle Konfirmasi Pesanan' is present

2023-10-05 13:56:33 - [TEST_STEP][PASSED] - verifyElementPresent(findTestObject("Konfirmasi pesanan shop/Tittle massage succes Konfirmasi Pembayaran Pesanan"), 0): Object 'Object Repository/Konfirmasi pesanan shop/Tittle massage succes Konfirmasi Pembayaran Pesanan' is present

2023-10-05 13:56:33 - [MESSAGE][WARNING] - Timeout '0' is invalid. Using default page load timeout: '30'

2023-10-05 13:56:34 - [MESSAGE][PASSED] - Object 'Object Repository/Konfirmasi pesanan shop/Tittle massage succes Konfirmasi Pembayaran Pesanan' is present

2023-10-05 13:56:34 - [TEST_STEP][PASSED] - return data: null

2023-10-05 13:56:34 - [MESSAGE][PASSED] - Call Test Case 'Test Cases/T13 Pembelian, Shipment dan Pembayaran/PBY-004' successfully

2023-10-05 13:56:34 - [TEST_STEP][PASSED] - navigateToUrl("https://10.9.2.63/ecommerce/administrator/"): Navigate to 'https://10.9.2.63/ecommerce/administrator/' successfully

2023-10-05 13:56:34 - [MESSAGE][PASSED] - Navigate to 'https://10.9.2.63/ecommerce/administrator/' successfully

2023-10-05 13:56:34 - [TEST_STEP][PASSED] - verifyElementPresent(findTestObject("admin/Tittle ADMIN Login"), 0): Object 'Object Repository/admin/Tittle ADMIN Login' is present

2023-10-05 13:56:34 - [MESSAGE][WARNING] - Timeout '0' is invalid. Using default page load timeout: '30'

2023-10-05 13:56:35 - [MESSAGE][PASSED] - Object 'Object Repository/admin/Tittle ADMIN Login' is present

2023-10-05 13:56:35 - [TEST_STEP][PASSED] - setText(findTestObject("admin/Username"), "admin"): Text 'admin' is set on object 'Object Repository/admin/Username'

2023-10-05 13:56:36 - [MESSAGE][PASSED] - Text 'admin' is set on object 'Object Repository/admin/Username'

2023-10-05 13:56:36 - [TEST_STEP][PASSED] - setText(findTestObject("admin/Password"), "123admin123"): Text '123admin123' is set on object 'Object Repository/admin/Password'

2023-10-05 13:56:36 - [MESSAGE][PASSED] - Text '123admin123' is set on object 'Object Repository/admin/Password'

2023-10-05 13:56:36 - [TEST_STEP][PASSED] - click(findTestObject("admin/Remember Me")): Object: 'Object Repository/admin/Remember Me' is clicked on

2023-10-05 13:56:37 - [MESSAGE][PASSED] - Object: 'Object Repository/admin/Remember Me' is clicked on

2023-10-05 13:56:37 - [TEST_STEP][PASSED] - delay(10): Delayed 10 second(s)

2023-10-05 13:56:47 - [MESSAGE][PASSED] - Delayed 10 second(s)

2023-10-05 13:56:47 - [TEST_STEP][PASSED] - click(findTestObject("admin/buttom submit")): Object: 'Object Repository/admin/buttom submit' is clicked on

2023-10-05 13:56:49 - [MESSAGE][PASSED] - Object: 'Object Repository/admin/buttom submit' is clicked on

2023-10-05 13:56:49 - [TEST_STEP][PASSED] - verifyElementPresent(findTestObject("admin/Konf order konsumen/Tittle Dashboard"), 0): Object 'Object Repository/admin/Konf order konsumen/Tittle Dashboard' is present

2023-10-05 13:56:49 - [MESSAGE][WARNING] - Timeout '0' is invalid. Using default page load timeout: '30'

2023-10-05 13:56:49 - [MESSAGE][PASSED] - Object 'Object Repository/admin/Konf order konsumen/Tittle Dashboard' is present

2023-10-05 13:56:49 - [TEST_STEP][PASSED] - click(findTestObject("admin/Konf order konsumen/Menu Transaksi Market")): Object: 'Object Repository/admin/Konf order konsumen/Menu Transaksi Market' is clicked on

2023-10-05 13:56:49 - [MESSAGE][PASSED] - Object: 'Object Repository/admin/Konf order konsumen/Menu Transaksi Market' is clicked on

2023-10-05 13:56:49 - [TEST_STEP][PASSED] - click(findTestObject("admin/Konf order konsumen/Menu Konf. Order Konsumen")): Object: 'Object Repository/admin/Konf order konsumen/Menu Konf. Order Konsumen' is clicked on

2023-10-05 13:56:51 - [MESSAGE][PASSED] - Object: 'Object Repository/admin/Konf order konsumen/Menu Konf. Order Konsumen' is clicked on

2023-10-05 13:56:51 - [TEST_STEP][PASSED] - verifyElementPresent(findTestObject("admin/Konf order konsumen/Tittle Data Konfirmasi Pembayaran Konsumen"), 0): Object 'Object Repository/admin/Konf order konsumen/Tittle Data Konfirmasi Pembayaran Konsumen' is present

2023-10-05 13:56:51 - [MESSAGE][WARNING] - Timeout '0' is invalid. Using default page load timeout: '30'

2023-10-05 13:56:51 - [MESSAGE][PASSED] - Object 'Object Repository/admin/Konf order konsumen/Tittle Data Konfirmasi Pembayaran Konsumen' is present

2023-10-05 13:56:51 - [TEST_STEP][PASSED] - inv = data.get("invoice"): null

2023-10-05 13:56:51 - [TEST_STEP][PASSED] - setText(findTestObject("admin/Konf order konsumen/Search"), inv): Text 'TRX60.20231005135610' is set on object 'Object Repository/admin/Konf order konsumen/Search'

2023-10-05 13:56:52 - [MESSAGE][PASSED] - Text 'TRX60.20231005135610' is set on object 'Object Repository/admin/Konf order konsumen/Search'

2023-10-05 13:56:52 - [TEST_STEP][PASSED] - verifyElementText(findTestObject("admin/Konf order konsumen/Keterangan Lunas"), "Lunas"): Actual text and expected text of test object 'Object Repository/admin/Konf order konsumen/Keterangan Lunas' are matched.

2023-10-05 13:56:53 - [MESSAGE][PASSED] - Actual text and expected text of test object 'Object Repository/admin/Konf order konsumen/Keterangan Lunas' are matched.

2023-10-05 13:56:53 - [TEST_STEP][PASSED] - return data: null

2023-10-05 13:56:53 - [MESSAGE][PASSED] - Call Test Case 'Test Cases/T13 Pembelian, Shipment dan Pembayaran/PBYA-001' successfully

2023-10-05 13:56:53 - [TEST_STEP][PASSED] - click(findTestObject("admin/Penjualan ke konsumen/buttom Dashboard")): Object: 'Object Repository/admin/Penjualan ke konsumen/buttom Dashboard' is clicked on

2023-10-05 13:56:54 - [MESSAGE][PASSED] - Object: 'Object Repository/admin/Penjualan ke konsumen/buttom Dashboard' is clicked on

2023-10-05 13:56:54 - [TEST_STEP][PASSED] - click(findTestObject("admin/Konf order konsumen/Menu Transaksi Market")): Object: 'Object Repository/admin/Konf order konsumen/Menu Transaksi Market' is clicked on

2023-10-05 13:56:54 - [MESSAGE][PASSED] - Object: 'Object Repository/admin/Konf order konsumen/Menu Transaksi Market' is clicked on

2023-10-05 13:56:54 - [TEST_STEP][PASSED] - click(findTestObject("admin/Penjualan ke konsumen/a_Penjualan ke Konsumen")): Object: 'Object Repository/admin/Penjualan ke konsumen/a_Penjualan ke Konsumen' is clicked on

2023-10-05 13:56:57 - [MESSAGE][PASSED] - Object: 'Object Repository/admin/Penjualan ke konsumen/a_Penjualan ke Konsumen' is clicked on

2023-10-05 13:56:57 - [TEST_STEP][PASSED] - verifyElementPresent(findTestObject("admin/Tittle Data Transaksi Penjualan  Orderan Konsumen"), 0): Object 'Object Repository/admin/Tittle Data Transaksi Penjualan  Orderan Konsumen' is present

2023-10-05 13:56:57 - [MESSAGE][WARNING] - Timeout '0' is invalid. Using default page load timeout: '30'

2023-10-05 13:56:58 - [MESSAGE][PASSED] - Object 'Object Repository/admin/Tittle Data Transaksi Penjualan  Orderan Konsumen' is present

2023-10-05 13:56:58 - [TEST_STEP][PASSED] - return data: null

2023-10-05 13:56:58 - [MESSAGE][PASSED] - Call Test Case 'Test Cases/T13 Pembelian, Shipment dan Pembayaran/SA-001' successfully

2023-10-05 13:56:58 - [TEST_STEP][PASSED] - inv = data.get("invoice"): null

2023-10-05 13:56:58 - [TEST_STEP][PASSED] - setText(findTestObject("admin/Penjualan ke konsumen/Search"), inv): Text 'TRX60.20231005135610' is set on object 'Object Repository/admin/Penjualan ke konsumen/Search'

2023-10-05 13:56:59 - [MESSAGE][PASSED] - Text 'TRX60.20231005135610' is set on object 'Object Repository/admin/Penjualan ke konsumen/Search'

2023-10-05 13:56:59 - [TEST_STEP][PASSED] - click(findTestObject("admin/Penjualan ke konsumen/buttom konfirmasi pending payment"), CONTINUE_ON_FAILURE): Object: 'Object Repository/admin/Penjualan ke konsumen/buttom konfirmasi pending payment' is clicked on

2023-10-05 13:56:59 - [MESSAGE][PASSED] - Object: 'Object Repository/admin/Penjualan ke konsumen/buttom konfirmasi pending payment' is clicked on

2023-10-05 13:56:59 - [TEST_STEP][PASSED] - waitForAlert(5, OPTIONAL): Alert is present after 5 second(s).

2023-10-05 13:56:59 - [MESSAGE][PASSED] - Alert is present after 5 second(s).

2023-10-05 13:56:59 - [TEST_STEP][PASSED] - acceptAlert(): Alert accepted

2023-10-05 13:56:59 - [MESSAGE][PASSED] - Alert accepted

2023-10-05 13:56:59 - [TEST_STEP][PASSED] - setText(findTestObject("admin/Penjualan ke konsumen/Search"), inv): Text 'TRX60.20231005135610' is set on object 'Object Repository/admin/Penjualan ke konsumen/Search'

2023-10-05 13:57:08 - [MESSAGE][PASSED] - Text 'TRX60.20231005135610' is set on object 'Object Repository/admin/Penjualan ke konsumen/Search'

2023-10-05 13:57:08 - [TEST_STEP][PASSED] - verifyTextNotPresent("pending payment", false): Text 'pending payment' is not present on page

2023-10-05 13:57:09 - [MESSAGE][PASSED] - Text 'pending payment' is not present on page

2023-10-05 13:57:09 - [TEST_STEP][PASSED] - return data: null

2023-10-05 13:57:09 - [MESSAGE][PASSED] - Call Test Case 'Test Cases/T13 Pembelian, Shipment dan Pembayaran/SA-002' successfully

2023-10-05 13:57:09 - [TEST_STEP][PASSED] - click(findTestObject("admin/Penjualan ke konsumen/buttom scroldown")): Object: 'Object Repository/admin/Penjualan ke konsumen/buttom scroldown' is clicked on

2023-10-05 13:57:09 - [MESSAGE][PASSED] - Object: 'Object Repository/admin/Penjualan ke konsumen/buttom scroldown' is clicked on

2023-10-05 13:57:09 - [TEST_STEP][PASSED] - click(findTestObject("admin/Penjualan ke konsumen/Dikirim"), CONTINUE_ON_FAILURE): Object: 'Object Repository/admin/Penjualan ke konsumen/Dikirim' is clicked on

2023-10-05 13:57:10 - [MESSAGE][PASSED] - Object: 'Object Repository/admin/Penjualan ke konsumen/Dikirim' is clicked on

2023-10-05 13:57:10 - [TEST_STEP][PASSED] - waitForAlert(5, OPTIONAL): Alert is present after 5 second(s).

2023-10-05 13:57:10 - [MESSAGE][PASSED] - Alert is present after 5 second(s).

2023-10-05 13:57:10 - [TEST_STEP][PASSED] - acceptAlert(): Alert accepted

2023-10-05 13:57:10 - [MESSAGE][PASSED] - Alert accepted

2023-10-05 13:57:10 - [TEST_STEP][PASSED] - inv = data.get("invoice"): null

2023-10-05 13:57:10 - [TEST_STEP][PASSED] - setText(findTestObject("admin/Penjualan ke konsumen/Search"), inv): Text 'TRX60.20231005135610' is set on object 'Object Repository/admin/Penjualan ke konsumen/Search'

2023-10-05 13:57:19 - [MESSAGE][PASSED] - Text 'TRX60.20231005135610' is set on object 'Object Repository/admin/Penjualan ke konsumen/Search'

2023-10-05 13:57:19 - [TEST_STEP][PASSED] - delay(10): Delayed 10 second(s)

2023-10-05 13:57:29 - [MESSAGE][PASSED] - Delayed 10 second(s)

2023-10-05 13:57:29 - [TEST_STEP][PASSED] - verifyElementText(findTestObject("PROSES PENJUALAN/Dikirim"), "Dikirim"): Actual text and expected text of test object 'Object Repository/PROSES PENJUALAN/Dikirim' are matched.

2023-10-05 13:57:29 - [MESSAGE][PASSED] - Actual text and expected text of test object 'Object Repository/PROSES PENJUALAN/Dikirim' are matched.

2023-10-05 13:57:29 - [TEST_STEP][PASSED] - dikirim = getText(findTestObject("PROSES PENJUALAN/Dikirim")): Text of object 'Object Repository/PROSES PENJUALAN/Dikirim' is: 'Dikirim'

2023-10-05 13:57:29 - [MESSAGE][PASSED] - Text of object 'Object Repository/PROSES PENJUALAN/Dikirim' is: 'Dikirim'

2023-10-05 13:57:29 - [TEST_STEP][PASSED] - data.put("statuskirim", dikirim): null

2023-10-05 13:57:29 - [TEST_STEP][PASSED] - return data: null

2023-10-05 13:57:29 - [MESSAGE][PASSED] - Call Test Case 'Test Cases/T13 Pembelian, Shipment dan Pembayaran/SA-004' successfully

2023-10-05 13:57:29 - [TEST_STEP][PASSED] - openBrowser("https://10.9.2.63/ecommerce/"): Browser is opened with url: 'https://10.9.2.63/ecommerce/'

2023-10-05 13:57:29 - [MESSAGE][WARNING] - A browser is already opened. Closing browser and opening a new one

2023-10-05 13:57:30 - [MESSAGE][INFO] - Starting 'Edge Chromium' driver

2023-10-05 13:57:30 - [MESSAGE][INFO] - User set preference: ['acceptInsecureCerts', 'true']

2023-10-05 13:57:32 - [MESSAGE][INFO] - Action delay is set to 0 milliseconds

2023-10-05 13:57:37 - [MESSAGE][PASSED] - Browser is opened with url: 'https://10.9.2.63/ecommerce/'

2023-10-05 13:57:37 - [TEST_STEP][PASSED] - maximizeWindow(): Current window maximized

2023-10-05 13:57:37 - [MESSAGE][PASSED] - Current window maximized

2023-10-05 13:57:37 - [TEST_STEP][PASSED] - verifyElementPresent(findTestObject("Login/Home"), 0): Object 'Object Repository/Login/Home' is present

2023-10-05 13:57:38 - [MESSAGE][WARNING] - Timeout '0' is invalid. Using default page load timeout: '30'

2023-10-05 13:57:38 - [MESSAGE][PASSED] - Object 'Object Repository/Login/Home' is present

2023-10-05 13:57:38 - [TEST_STEP][PASSED] - click(findTestObject("Login/a_Login")): Object: 'Object Repository/Login/a_Login' is clicked on

2023-10-05 13:57:39 - [MESSAGE][PASSED] - Object: 'Object Repository/Login/a_Login' is clicked on

2023-10-05 13:57:39 - [TEST_STEP][PASSED] - verifyElementPresent(findTestObject("Login/Tittle Login"), 0): Object 'Object Repository/Login/Tittle Login' is present

2023-10-05 13:57:39 - [MESSAGE][WARNING] - Timeout '0' is invalid. Using default page load timeout: '30'

2023-10-05 13:57:39 - [MESSAGE][PASSED] - Object 'Object Repository/Login/Tittle Login' is present

2023-10-05 13:57:39 - [TEST_STEP][PASSED] - setText(findTestObject("Login/input_Username, Email atau No. Handphone_a"), "irfanafandi"): Text 'irfanafandi' is set on object 'Object Repository/Login/input_Username, Email atau No. Handphone_a'

2023-10-05 13:57:40 - [MESSAGE][PASSED] - Text 'irfanafandi' is set on object 'Object Repository/Login/input_Username, Email atau No. Handphone_a'

2023-10-05 13:57:40 - [TEST_STEP][PASSED] - setText(findTestObject("Login/input_Password_b"), "12345irfan"): Text '12345irfan' is set on object 'Object Repository/Login/input_Password_b'

2023-10-05 13:57:41 - [MESSAGE][PASSED] - Text '12345irfan' is set on object 'Object Repository/Login/input_Password_b'

2023-10-05 13:57:41 - [TEST_STEP][PASSED] - click(findTestObject("Login/button_Masuk")): Object: 'Object Repository/Login/button_Masuk' is clicked on

2023-10-05 13:57:43 - [MESSAGE][PASSED] - Object: 'Object Repository/Login/button_Masuk' is clicked on

2023-10-05 13:57:43 - [TEST_STEP][PASSED] - verifyElementPresent(findTestObject("Login/li_Profile"), 0): Object 'Object Repository/Login/li_Profile' is present

2023-10-05 13:57:43 - [MESSAGE][WARNING] - Timeout '0' is invalid. Using default page load timeout: '30'

2023-10-05 13:57:44 - [MESSAGE][PASSED] - Object 'Object Repository/Login/li_Profile' is present

2023-10-05 13:57:44 - [TEST_STEP][PASSED] - click(findTestObject("Konfirmasi pesanan shop/Menu Shop")): Object: 'Object Repository/Konfirmasi pesanan shop/Menu Shop' is clicked on

2023-10-05 13:57:45 - [MESSAGE][PASSED] - Object: 'Object Repository/Konfirmasi pesanan shop/Menu Shop' is clicked on

2023-10-05 13:57:45 - [TEST_STEP][PASSED] - click(findTestObject("Konfirmasi pesanan shop/Menu Shop")): Object: 'Object Repository/Konfirmasi pesanan shop/Menu Shop' is clicked on

2023-10-05 13:57:46 - [MESSAGE][PASSED] - Object: 'Object Repository/Konfirmasi pesanan shop/Menu Shop' is clicked on

2023-10-05 13:57:46 - [TEST_STEP][PASSED] - click(findTestObject("Traking Order/a_Tracking Orders")): Object: 'Object Repository/Traking Order/a_Tracking Orders' is clicked on

2023-10-05 13:57:47 - [MESSAGE][PASSED] - Object: 'Object Repository/Traking Order/a_Tracking Orders' is clicked on

2023-10-05 13:57:47 - [TEST_STEP][PASSED] - verifyElementPresent(findTestObject("Traking Order/Tittle Tracking Order"), 0): Object 'Object Repository/Traking Order/Tittle Tracking Order' is present

2023-10-05 13:57:47 - [MESSAGE][WARNING] - Timeout '0' is invalid. Using default page load timeout: '30'

2023-10-05 13:57:48 - [MESSAGE][PASSED] - Object 'Object Repository/Traking Order/Tittle Tracking Order' is present

2023-10-05 13:57:48 - [TEST_STEP][PASSED] - inv = data.get("invoice"): null

2023-10-05 13:57:48 - [TEST_STEP][PASSED] - setText(findTestObject("Traking Order/input_No Pesanan_a"), inv): Text 'TRX60.20231005135610' is set on object 'Object Repository/Traking Order/input_No Pesanan_a'

2023-10-05 13:57:48 - [MESSAGE][PASSED] - Text 'TRX60.20231005135610' is set on object 'Object Repository/Traking Order/input_No Pesanan_a'

2023-10-05 13:57:48 - [TEST_STEP][PASSED] - setText(findTestObject("Traking Order/input_Alamat E-mail_form-control"), "irfan@gmail.com"): Text 'irfan@gmail.com' is set on object 'Object Repository/Traking Order/input_Alamat E-mail_form-control'

2023-10-05 13:57:49 - [MESSAGE][PASSED] - Text 'irfan@gmail.com' is set on object 'Object Repository/Traking Order/input_Alamat E-mail_form-control'

2023-10-05 13:57:49 - [TEST_STEP][PASSED] - click(findTestObject("Traking Order/button_Lacak Pesanan")): Object: 'Object Repository/Traking Order/button_Lacak Pesanan' is clicked on

2023-10-05 13:57:53 - [MESSAGE][PASSED] - Object: 'Object Repository/Traking Order/button_Lacak Pesanan' is clicked on

2023-10-05 13:57:53 - [TEST_STEP][PASSED] - verifyElementPresent(findTestObject("Traking Order/Tittle nomor transaksi"), 0): Object 'Object Repository/Traking Order/Tittle nomor transaksi' is present

2023-10-05 13:57:53 - [MESSAGE][WARNING] - Timeout '0' is invalid. Using default page load timeout: '30'

2023-10-05 13:57:54 - [MESSAGE][PASSED] - Object 'Object Repository/Traking Order/Tittle nomor transaksi' is present

2023-10-05 13:57:54 - [TEST_STEP][PASSED] - Nama = getText(findTestObject("Object Repository/Traking Order/status traking/Nama Barang tracking order")): Text of object 'Object Repository/Traking Order/status traking/Nama Barang tracking order' is: 'Segitiga Instan Madeira - MDB5.3 Sunset'

2023-10-05 13:57:54 - [MESSAGE][PASSED] - Text of object 'Object Repository/Traking Order/status traking/Nama Barang tracking order' is: 'Segitiga Instan Madeira - MDB5.3 Sunset'

2023-10-05 13:57:54 - [TEST_STEP][PASSED] - Harga = getText(findTestObject("Object Repository/Traking Order/status traking/Harga Barang")): Text of object 'Object Repository/Traking Order/status traking/Harga Barang' is: '1,299'

2023-10-05 13:57:54 - [MESSAGE][PASSED] - Text of object 'Object Repository/Traking Order/status traking/Harga Barang' is: '1,299'

2023-10-05 13:57:54 - [TEST_STEP][PASSED] - name_product = data.get("nama_barang"): null

2023-10-05 13:57:54 - [TEST_STEP][PASSED] - price_product = data.get("price_barang"): null

2023-10-05 13:57:54 - [TEST_STEP][PASSED] - assert name_product.contains(Nama): null

2023-10-05 13:57:54 - [TEST_STEP][PASSED] - assert price_product.contains(Harga): null

2023-10-05 13:57:54 - [TEST_STEP][PASSED] - warnaa = getText(findTestObject("Object Repository/Traking Order/status traking/warna")): Text of object 'Object Repository/Traking Order/status traking/warna' is: 'Merah'

2023-10-05 13:57:55 - [MESSAGE][PASSED] - Text of object 'Object Repository/Traking Order/status traking/warna' is: 'Merah'

2023-10-05 13:57:55 - [TEST_STEP][PASSED] - ukurann = getText(findTestObject("Object Repository/Traking Order/status traking/Ukuruan")): Text of object 'Object Repository/Traking Order/status traking/Ukuruan' is: 'Menengah'

2023-10-05 13:57:55 - [MESSAGE][PASSED] - Text of object 'Object Repository/Traking Order/status traking/Ukuruan' is: 'Menengah'

2023-10-05 13:57:55 - [TEST_STEP][PASSED] - warna1 = data.get("Warna"): null

2023-10-05 13:57:55 - [TEST_STEP][PASSED] - ukuran1 = data.get("Ukuran"): null

2023-10-05 13:57:55 - [TEST_STEP][PASSED] - assert warnaa == warna1: null

2023-10-05 13:57:55 - [TEST_STEP][PASSED] - assert ukurann == ukuran1: null

2023-10-05 13:57:55 - [TEST_STEP][PASSED] - dikirim = getText(findTestObject("Object Repository/Traking Order/status traking/Status traking Dikirim")): Text of object 'Object Repository/Traking Order/status traking/Status traking Dikirim' is: 'Dikirim'

2023-10-05 13:57:55 - [MESSAGE][PASSED] - Text of object 'Object Repository/Traking Order/status traking/Status traking Dikirim' is: 'Dikirim'

2023-10-05 13:57:55 - [TEST_STEP][PASSED] - statusDikirim = data.get("statuskirim"): null

2023-10-05 13:57:55 - [TEST_STEP][PASSED] - assert dikirim == statusDikirim: null]]></system-out>
         <system-err><![CDATA[]]></system-err>
      </testcase>
      <testcase name="Test Cases/T13 Pembelian, Shipment dan Pembayaran/SU-004" time="127.556" classname="Test Cases/T13 Pembelian, Shipment dan Pembayaran/SU-004" status="PASSED">
         <system-out><![CDATA[2023-10-05 13:57:55 - [TEST_CASE][PASSED] - Test Cases/T13 Pembelian, Shipment dan Pembayaran/SU-004: Test Cases/T13 Pembelian, Shipment dan Pembayaran/SU-004

2023-10-05 13:57:56 - [TEST_STEP][PASSED] - data = callTestCase(findTestCase("T13 Pembelian, Shipment dan Pembayaran/SA-005"), [:], STOP_ON_FAILURE): Call Test Case 'Test Cases/T13 Pembelian, Shipment dan Pembayaran/SA-005' successfully

2023-10-05 13:57:56 - [TEST_CASE][PASSED] - Test Cases/T13 Pembelian, Shipment dan Pembayaran/SA-005: Test Cases/T13 Pembelian, Shipment dan Pembayaran/SA-005

2023-10-05 13:57:56 - [TEST_STEP][PASSED] - data = callTestCase(findTestCase("T13 Pembelian, Shipment dan Pembayaran/SA-002"), [:], STOP_ON_FAILURE): Call Test Case 'Test Cases/T13 Pembelian, Shipment dan Pembayaran/SA-002' successfully

2023-10-05 13:57:56 - [TEST_CASE][PASSED] - Test Cases/T13 Pembelian, Shipment dan Pembayaran/SA-002: Test Cases/T13 Pembelian, Shipment dan Pembayaran/SA-002

2023-10-05 13:57:56 - [TEST_STEP][PASSED] - data = callTestCase(findTestCase("T13 Pembelian, Shipment dan Pembayaran/SA-001"), [:], STOP_ON_FAILURE): Call Test Case 'Test Cases/T13 Pembelian, Shipment dan Pembayaran/SA-001' successfully

2023-10-05 13:57:56 - [TEST_CASE][PASSED] - Test Cases/T13 Pembelian, Shipment dan Pembayaran/SA-001: Test Cases/T13 Pembelian, Shipment dan Pembayaran/SA-001

2023-10-05 13:57:56 - [TEST_STEP][PASSED] - data = callTestCase(findTestCase("T13 Pembelian, Shipment dan Pembayaran/PBYA-001"), [:], STOP_ON_FAILURE): Call Test Case 'Test Cases/T13 Pembelian, Shipment dan Pembayaran/PBYA-001' successfully

2023-10-05 13:57:56 - [TEST_CASE][PASSED] - Test Cases/T13 Pembelian, Shipment dan Pembayaran/PBYA-001: Test Cases/T13 Pembelian, Shipment dan Pembayaran/PBYA-001

2023-10-05 13:57:56 - [TEST_STEP][PASSED] - data = callTestCase(findTestCase("T13 Pembelian, Shipment dan Pembayaran/PBY-004"), [:], STOP_ON_FAILURE): Call Test Case 'Test Cases/T13 Pembelian, Shipment dan Pembayaran/PBY-004' successfully

2023-10-05 13:57:56 - [TEST_CASE][PASSED] - Test Cases/T13 Pembelian, Shipment dan Pembayaran/PBY-004: Test Cases/T13 Pembelian, Shipment dan Pembayaran/PBY-004

2023-10-05 13:57:56 - [TEST_STEP][PASSED] - data = callTestCase(findTestCase("T13 Pembelian, Shipment dan Pembayaran/PBY-001"), [:], STOP_ON_FAILURE): Call Test Case 'Test Cases/T13 Pembelian, Shipment dan Pembayaran/PBY-001' successfully

2023-10-05 13:57:56 - [TEST_CASE][PASSED] - Test Cases/T13 Pembelian, Shipment dan Pembayaran/PBY-001: Test Cases/T13 Pembelian, Shipment dan Pembayaran/PBY-001

2023-10-05 13:57:56 - [TEST_STEP][PASSED] - data = callTestCase(findTestCase("T13 Pembelian, Shipment dan Pembayaran/PBL-004"), ["Kurir":"Roda 2"], STOP_ON_FAILURE): Call Test Case 'Test Cases/T13 Pembelian, Shipment dan Pembayaran/PBL-004' successfully

2023-10-05 13:57:56 - [TEST_CASE][PASSED] - Test Cases/T13 Pembelian, Shipment dan Pembayaran/PBL-004: Test Cases/T13 Pembelian, Shipment dan Pembayaran/PBL-004

2023-10-05 13:57:56 - [TEST_STEP][PASSED] - data = callTestCase(findTestCase("T13 Pembelian, Shipment dan Pembayaran/PBL-002"), [:], STOP_ON_FAILURE): Call Test Case 'Test Cases/T13 Pembelian, Shipment dan Pembayaran/PBL-002' successfully

2023-10-05 13:57:56 - [TEST_CASE][PASSED] - Test Cases/T13 Pembelian, Shipment dan Pembayaran/PBL-002: Test Cases/T13 Pembelian, Shipment dan Pembayaran/PBL-002

2023-10-05 13:57:56 - [TEST_STEP][PASSED] - data = callTestCase(findTestCase("T13 Pembelian, Shipment dan Pembayaran/PBL-001"), [:], STOP_ON_FAILURE): Call Test Case 'Test Cases/T13 Pembelian, Shipment dan Pembayaran/PBL-001' successfully

2023-10-05 13:57:56 - [TEST_CASE][PASSED] - Test Cases/T13 Pembelian, Shipment dan Pembayaran/PBL-001: Test Cases/T13 Pembelian, Shipment dan Pembayaran/PBL-001

2023-10-05 13:57:56 - [TEST_STEP][PASSED] - callTestCase(findTestCase("T13 Pembelian, Shipment dan Pembayaran/LU-001"), ["username":"irfanafandi", "password":"12345irfan"], STOP_ON_FAILURE): Call Test Case 'Test Cases/T13 Pembelian, Shipment dan Pembayaran/LU-001' successfully

2023-10-05 13:57:56 - [TEST_CASE][PASSED] - Test Cases/T13 Pembelian, Shipment dan Pembayaran/LU-001: Test Cases/T13 Pembelian, Shipment dan Pembayaran/LU-001

2023-10-05 13:57:56 - [TEST_STEP][PASSED] - openBrowser("https://10.9.2.63/ecommerce/"): Browser is opened with url: 'https://10.9.2.63/ecommerce/'

2023-10-05 13:57:56 - [MESSAGE][WARNING] - A browser is already opened. Closing browser and opening a new one

2023-10-05 13:57:57 - [MESSAGE][INFO] - Starting 'Edge Chromium' driver

2023-10-05 13:57:57 - [MESSAGE][INFO] - User set preference: ['acceptInsecureCerts', 'true']

2023-10-05 13:57:59 - [MESSAGE][INFO] - Action delay is set to 0 milliseconds

2023-10-05 13:58:03 - [MESSAGE][PASSED] - Browser is opened with url: 'https://10.9.2.63/ecommerce/'

2023-10-05 13:58:03 - [TEST_STEP][PASSED] - maximizeWindow(): Current window maximized

2023-10-05 13:58:03 - [MESSAGE][PASSED] - Current window maximized

2023-10-05 13:58:03 - [TEST_STEP][PASSED] - verifyElementPresent(findTestObject("Login/Home"), 0): Object 'Object Repository/Login/Home' is present

2023-10-05 13:58:03 - [MESSAGE][WARNING] - Timeout '0' is invalid. Using default page load timeout: '30'

2023-10-05 13:58:04 - [MESSAGE][PASSED] - Object 'Object Repository/Login/Home' is present

2023-10-05 13:58:04 - [TEST_STEP][PASSED] - click(findTestObject("Login/a_Login")): Object: 'Object Repository/Login/a_Login' is clicked on

2023-10-05 13:58:04 - [MESSAGE][PASSED] - Object: 'Object Repository/Login/a_Login' is clicked on

2023-10-05 13:58:04 - [TEST_STEP][PASSED] - verifyElementPresent(findTestObject("Login/Tittle Login"), 0): Object 'Object Repository/Login/Tittle Login' is present

2023-10-05 13:58:04 - [MESSAGE][WARNING] - Timeout '0' is invalid. Using default page load timeout: '30'

2023-10-05 13:58:05 - [MESSAGE][PASSED] - Object 'Object Repository/Login/Tittle Login' is present

2023-10-05 13:58:05 - [TEST_STEP][PASSED] - setText(findTestObject("Login/input_Username, Email atau No. Handphone_a"), username): Text 'irfanafandi' is set on object 'Object Repository/Login/input_Username, Email atau No. Handphone_a'

2023-10-05 13:58:06 - [MESSAGE][PASSED] - Text 'irfanafandi' is set on object 'Object Repository/Login/input_Username, Email atau No. Handphone_a'

2023-10-05 13:58:06 - [TEST_STEP][PASSED] - setText(findTestObject("Login/input_Password_b"), password): Text '12345irfan' is set on object 'Object Repository/Login/input_Password_b'

2023-10-05 13:58:06 - [MESSAGE][PASSED] - Text '12345irfan' is set on object 'Object Repository/Login/input_Password_b'

2023-10-05 13:58:06 - [TEST_STEP][PASSED] - click(findTestObject("Login/label_Ingat saya")): Object: 'Object Repository/Login/label_Ingat saya' is clicked on

2023-10-05 13:58:07 - [MESSAGE][PASSED] - Object: 'Object Repository/Login/label_Ingat saya' is clicked on

2023-10-05 13:58:07 - [TEST_STEP][PASSED] - click(findTestObject("Login/button_Masuk")): Object: 'Object Repository/Login/button_Masuk' is clicked on

2023-10-05 13:58:09 - [MESSAGE][PASSED] - Object: 'Object Repository/Login/button_Masuk' is clicked on

2023-10-05 13:58:09 - [TEST_STEP][PASSED] - verifyElementPresent(findTestObject("Login/li_Profile"), 0): Object 'Object Repository/Login/li_Profile' is present

2023-10-05 13:58:09 - [MESSAGE][WARNING] - Timeout '0' is invalid. Using default page load timeout: '30'

2023-10-05 13:58:09 - [MESSAGE][PASSED] - Object 'Object Repository/Login/li_Profile' is present

2023-10-05 13:58:09 - [MESSAGE][PASSED] - Call Test Case 'Test Cases/T13 Pembelian, Shipment dan Pembayaran/LU-001' successfully

2023-10-05 13:58:09 - [TEST_STEP][PASSED] - mouseOver(findTestObject("beli barang/i_Mulai Belanja_icon-menu")): Object: 'Object Repository/beli barang/i_Mulai Belanja_icon-menu' is hovered

2023-10-05 13:58:10 - [MESSAGE][PASSED] - Object: 'Object Repository/beli barang/i_Mulai Belanja_icon-menu' is hovered

2023-10-05 13:58:10 - [TEST_STEP][PASSED] - click(findTestObject("beli barang/a_Fashion  Busana Wanita")): Object: 'Object Repository/beli barang/a_Fashion  Busana Wanita' is clicked on

2023-10-05 13:58:11 - [MESSAGE][PASSED] - Object: 'Object Repository/beli barang/a_Fashion  Busana Wanita' is clicked on

2023-10-05 13:58:11 - [TEST_STEP][PASSED] - NamaSebelum = getText(findTestObject("verifikasi/Nama sebelum")): Text of object 'Object Repository/verifikasi/Nama sebelum' is: ''

2023-10-05 13:58:11 - [MESSAGE][PASSED] - Text of object 'Object Repository/verifikasi/Nama sebelum' is: ''

2023-10-05 13:58:11 - [TEST_STEP][PASSED] - HargaSebelum = getText(findTestObject("verifikasi/Harga sebelum")): Text of object 'Object Repository/verifikasi/Harga sebelum' is: 'Rp 1,299'

2023-10-05 13:58:12 - [MESSAGE][PASSED] - Text of object 'Object Repository/verifikasi/Harga sebelum' is: 'Rp 1,299'

2023-10-05 13:58:12 - [TEST_STEP][PASSED] - mouseOver(findTestObject("beli barang/barang mouse over")): Object: 'Object Repository/beli barang/barang mouse over' is hovered

2023-10-05 13:58:13 - [MESSAGE][PASSED] - Object: 'Object Repository/beli barang/barang mouse over' is hovered

2023-10-05 13:58:13 - [TEST_STEP][PASSED] - click(findTestObject("beli barang/buttom add to cart")): Object: 'Object Repository/beli barang/buttom add to cart' is clicked on

2023-10-05 13:58:14 - [MESSAGE][PASSED] - Object: 'Object Repository/beli barang/buttom add to cart' is clicked on

2023-10-05 13:58:14 - [TEST_STEP][PASSED] - NamaSesudah = getText(findTestObject("verifikasi/Nama sesudah")): Text of object 'Object Repository/verifikasi/Nama sesudah' is: 'Segitiga Instan Madeira - MDB5.3 Sunset'

2023-10-05 13:58:15 - [MESSAGE][PASSED] - Text of object 'Object Repository/verifikasi/Nama sesudah' is: 'Segitiga Instan Madeira - MDB5.3 Sunset'

2023-10-05 13:58:15 - [TEST_STEP][PASSED] - HargaSesudah = getText(findTestObject("verifikasi/Harga sesudah")): Text of object 'Object Repository/verifikasi/Harga sesudah' is: 'Rp 1,299'

2023-10-05 13:58:15 - [MESSAGE][PASSED] - Text of object 'Object Repository/verifikasi/Harga sesudah' is: 'Rp 1,299'

2023-10-05 13:58:15 - [TEST_STEP][PASSED] - assert NamaSesudah.contains(NamaSebelum): null

2023-10-05 13:58:15 - [TEST_STEP][PASSED] - assert HargaSesudah.contains(HargaSebelum): null

2023-10-05 13:58:15 - [TEST_STEP][PASSED] - click(findTestObject("beli barang/Tambah Keranjang busana wanita")): Object: 'Object Repository/beli barang/Tambah Keranjang busana wanita' is clicked on

2023-10-05 13:58:15 - [MESSAGE][PASSED] - Object: 'Object Repository/beli barang/Tambah Keranjang busana wanita' is clicked on

2023-10-05 13:58:15 - [TEST_STEP][PASSED] - verifyElementPresent(findTestObject("checkout/Notifikasi keranjang"), 1): Object 'Object Repository/checkout/Notifikasi keranjang' is present

2023-10-05 13:58:16 - [MESSAGE][PASSED] - Object 'Object Repository/checkout/Notifikasi keranjang' is present

2023-10-05 13:58:16 - [TEST_STEP][PASSED] - data = new java.util.HashMap(): null

2023-10-05 13:58:16 - [TEST_STEP][PASSED] - data.put("nama_barang", NamaSesudah): null

2023-10-05 13:58:16 - [TEST_STEP][PASSED] - data.put("price_barang", HargaSesudah): null

2023-10-05 13:58:16 - [TEST_STEP][PASSED] - return data: null

2023-10-05 13:58:16 - [MESSAGE][PASSED] - Call Test Case 'Test Cases/T13 Pembelian, Shipment dan Pembayaran/PBL-001' successfully

2023-10-05 13:58:16 - [TEST_STEP][PASSED] - mouseOver(findTestObject("beli barang/keranjang")): Object: 'Object Repository/beli barang/keranjang' is hovered

2023-10-05 13:58:17 - [MESSAGE][PASSED] - Object: 'Object Repository/beli barang/keranjang' is hovered

2023-10-05 13:58:17 - [TEST_STEP][PASSED] - click(findTestObject("beli barang/Lihat Sekarang")): Object: 'Object Repository/beli barang/Lihat Sekarang' is clicked on

2023-10-05 13:58:18 - [MESSAGE][PASSED] - Object: 'Object Repository/beli barang/Lihat Sekarang' is clicked on

2023-10-05 13:58:18 - [TEST_STEP][PASSED] - verifyElementPresent(findTestObject("keranjang/li_Keranjang Belanja"), 0): Object 'Object Repository/keranjang/li_Keranjang Belanja' is present

2023-10-05 13:58:18 - [MESSAGE][WARNING] - Timeout '0' is invalid. Using default page load timeout: '30'

2023-10-05 13:58:19 - [MESSAGE][PASSED] - Object 'Object Repository/keranjang/li_Keranjang Belanja' is present

2023-10-05 13:58:19 - [TEST_STEP][PASSED] - NamaKeranjang = getText(findTestObject("verifikasi/Nama keranjang")): Text of object 'Object Repository/verifikasi/Nama keranjang' is: 'Segitiga Instan Madeira - MDB5.3 Sunset'

2023-10-05 13:58:20 - [MESSAGE][PASSED] - Text of object 'Object Repository/verifikasi/Nama keranjang' is: 'Segitiga Instan Madeira - MDB5.3 Sunset'

2023-10-05 13:58:20 - [TEST_STEP][PASSED] - HargaKeranjang = getText(findTestObject("verifikasi/Harga Keranjang")): Text of object 'Object Repository/verifikasi/Harga Keranjang' is: 'Rp 1,299'

2023-10-05 13:58:20 - [MESSAGE][PASSED] - Text of object 'Object Repository/verifikasi/Harga Keranjang' is: 'Rp 1,299'

2023-10-05 13:58:20 - [TEST_STEP][PASSED] - if (toString().equalsIgnoreCase("Merah")): Object 'Object Repository/keranjang/input_Warna_variasi101' is checked

2023-10-05 13:58:20 - [TEST_STEP][PASSED] - check(findTestObject("Object Repository/keranjang/input_Warna_variasi101")): Object 'Object Repository/keranjang/input_Warna_variasi101' is checked

2023-10-05 13:58:20 - [MESSAGE][PASSED] - Object 'Object Repository/keranjang/input_Warna_variasi101' is checked

2023-10-05 13:58:20 - [TEST_STEP][PASSED] - if (toString().equalsIgnoreCase("Menengah")): Object 'Object Repository/keranjang/input_Ukuran_variasi201' is checked

2023-10-05 13:58:20 - [TEST_STEP][PASSED] - check(findTestObject("Object Repository/keranjang/input_Ukuran_variasi201")): Object 'Object Repository/keranjang/input_Ukuran_variasi201' is checked

2023-10-05 13:58:21 - [MESSAGE][PASSED] - Object 'Object Repository/keranjang/input_Ukuran_variasi201' is checked

2023-10-05 13:58:21 - [TEST_STEP][PASSED] - data.put("Warna", warna): null

2023-10-05 13:58:21 - [TEST_STEP][PASSED] - data.put("Ukuran", ukuran): null

2023-10-05 13:58:21 - [TEST_STEP][PASSED] - click(findTestObject("keranjang/button_Lanjut ke Pembayaran")): Object: 'Object Repository/keranjang/button_Lanjut ke Pembayaran' is clicked on

2023-10-05 13:58:22 - [MESSAGE][PASSED] - Object: 'Object Repository/keranjang/button_Lanjut ke Pembayaran' is clicked on

2023-10-05 13:58:22 - [TEST_STEP][PASSED] - verifyElementPresent(findTestObject("checkout/Tittle Checkout Order"), 0): Object 'Object Repository/checkout/Tittle Checkout Order' is present

2023-10-05 13:58:22 - [MESSAGE][WARNING] - Timeout '0' is invalid. Using default page load timeout: '30'

2023-10-05 13:58:23 - [MESSAGE][PASSED] - Object 'Object Repository/checkout/Tittle Checkout Order' is present

2023-10-05 13:58:23 - [TEST_STEP][PASSED] - name_product = data.get("nama_barang"): null

2023-10-05 13:58:23 - [TEST_STEP][PASSED] - price_product = data.get("price_barang"): null

2023-10-05 13:58:23 - [TEST_STEP][PASSED] - assert name_product == NamaKeranjang: null

2023-10-05 13:58:23 - [TEST_STEP][PASSED] - assert price_product == HargaKeranjang: null

2023-10-05 13:58:23 - [TEST_STEP][PASSED] - return data: null

2023-10-05 13:58:23 - [MESSAGE][PASSED] - Call Test Case 'Test Cases/T13 Pembelian, Shipment dan Pembayaran/PBL-002' successfully

2023-10-05 13:58:23 - [TEST_STEP][PASSED] - warnaa = getText(findTestObject("verifikasi/warna Merah")): Text of object 'Object Repository/verifikasi/warna Merah' is: 'Merah'

2023-10-05 13:58:23 - [MESSAGE][PASSED] - Text of object 'Object Repository/verifikasi/warna Merah' is: 'Merah'

2023-10-05 13:58:23 - [TEST_STEP][PASSED] - ukurann = getText(findTestObject("verifikasi/Ukuran Menengah")): Text of object 'Object Repository/verifikasi/Ukuran Menengah' is: 'Menengah'

2023-10-05 13:58:24 - [MESSAGE][PASSED] - Text of object 'Object Repository/verifikasi/Ukuran Menengah' is: 'Menengah'

2023-10-05 13:58:24 - [TEST_STEP][PASSED] - warna1 = data.get("Warna"): null

2023-10-05 13:58:24 - [TEST_STEP][PASSED] - ukuran1 = data.get("Ukuran"): null

2023-10-05 13:58:24 - [TEST_STEP][PASSED] - assert warnaa == warna1: null

2023-10-05 13:58:24 - [TEST_STEP][PASSED] - assert ukurann == ukuran1: null

2023-10-05 13:58:24 - [TEST_STEP][PASSED] - NamaCheckout = getText(findTestObject("verifikasi/NamaCheckout")): Text of object 'Object Repository/verifikasi/NamaCheckout' is: ''

2023-10-05 13:58:24 - [MESSAGE][PASSED] - Text of object 'Object Repository/verifikasi/NamaCheckout' is: ''

2023-10-05 13:58:24 - [TEST_STEP][PASSED] - HargaCheckout = getText(findTestObject("verifikasi/HargaCheckout")): Text of object 'Object Repository/verifikasi/HargaCheckout' is: '1,299'

2023-10-05 13:58:25 - [MESSAGE][PASSED] - Text of object 'Object Repository/verifikasi/HargaCheckout' is: '1,299'

2023-10-05 13:58:25 - [TEST_STEP][PASSED] - name_product = data.get("nama_barang"): null

2023-10-05 13:58:25 - [TEST_STEP][PASSED] - price_product = data.get("price_barang"): null

2023-10-05 13:58:25 - [TEST_STEP][PASSED] - assert name_product.contains(NamaCheckout): null

2023-10-05 13:58:25 - [TEST_STEP][PASSED] - assert price_product.contains(HargaCheckout): null

2023-10-05 13:58:25 - [TEST_STEP][PASSED] - selectOptionByLabel(findTestObject("checkout/select - Kirim via Kurir Lokal"), Kurir, false): All options with label 'Roda 2' are selected in object 'Object Repository/checkout/select - Kirim via Kurir Lokal' 

2023-10-05 13:58:25 - [MESSAGE][PASSED] - All options with label 'Roda 2' are selected in object 'Object Repository/checkout/select - Kirim via Kurir Lokal' 

2023-10-05 13:58:25 - [TEST_STEP][PASSED] - click(findTestObject("checkout/Kendaraan Kurir")): Object: 'Object Repository/checkout/Kendaraan Kurir' is clicked on

2023-10-05 13:58:26 - [MESSAGE][PASSED] - Object: 'Object Repository/checkout/Kendaraan Kurir' is clicked on

2023-10-05 13:58:26 - [TEST_STEP][PASSED] - OngkosKirim = getText(findTestObject("Object Repository/verifikasi/Ongkos Kirim checkout")): Text of object 'Object Repository/verifikasi/Ongkos Kirim checkout' is: 'Rp. 5,000'

2023-10-05 13:58:27 - [MESSAGE][PASSED] - Text of object 'Object Repository/verifikasi/Ongkos Kirim checkout' is: 'Rp. 5,000'

2023-10-05 13:58:27 - [TEST_STEP][PASSED] - Ongkos = OngkosKirim.substring(3, OngkosKirim.size()): null

2023-10-05 13:58:27 - [TEST_STEP][PASSED] - rep = Ongkos.replace(",", "."): null

2023-10-05 13:58:27 - [TEST_STEP][PASSED] - Ongkos_kirim = Double.parseDouble(rep): null

2023-10-05 13:58:27 - [TEST_STEP][PASSED] - println(Ongkos_kirim): null

2023-10-05 13:58:27 - [TEST_STEP][PASSED] - FeeAdmin = getText(findTestObject("verifikasi/Fee Admin checkout")): Text of object 'Object Repository/verifikasi/Fee Admin checkout' is: 'Fee Admin
Rp 1,500'

2023-10-05 13:58:27 - [MESSAGE][PASSED] - Text of object 'Object Repository/verifikasi/Fee Admin checkout' is: 'Fee Admin
Rp 1,500'

2023-10-05 13:58:27 - [TEST_STEP][PASSED] - Fee_Admin = FeeAdmin.substring(12, FeeAdmin.size()): null

2023-10-05 13:58:27 - [TEST_STEP][PASSED] - fee = Fee_Admin.replace(",", "."): null

2023-10-05 13:58:27 - [TEST_STEP][PASSED] - fee_admin = Double.parseDouble(fee): null

2023-10-05 13:58:27 - [TEST_STEP][PASSED] - println(fee_admin): null

2023-10-05 13:58:27 - [TEST_STEP][PASSED] - Subtotal = getText(findTestObject("verifikasi/subtotal checkout")): Text of object 'Object Repository/verifikasi/subtotal checkout' is: 'Subtotal
Rp 1,299'

2023-10-05 13:58:28 - [MESSAGE][PASSED] - Text of object 'Object Repository/verifikasi/subtotal checkout' is: 'Subtotal
Rp 1,299'

2023-10-05 13:58:28 - [TEST_STEP][PASSED] - sub_total = Subtotal.substring(12, Subtotal.size()): null

2023-10-05 13:58:28 - [TEST_STEP][PASSED] - sub = sub_total.replace(",", "."): null

2023-10-05 13:58:28 - [TEST_STEP][PASSED] - sub_total = Double.parseDouble(sub): null

2023-10-05 13:58:28 - [TEST_STEP][PASSED] - println(sub_total): null

2023-10-05 13:58:28 - [TEST_STEP][PASSED] - Total = getText(findTestObject("verifikasi/Total checkout")): Text of object 'Object Repository/verifikasi/Total checkout' is: 'Rp 7,799'

2023-10-05 13:58:28 - [MESSAGE][PASSED] - Text of object 'Object Repository/verifikasi/Total checkout' is: 'Rp 7,799'

2023-10-05 13:58:28 - [TEST_STEP][PASSED] - totall = Total.substring(3, Total.size()): null

2023-10-05 13:58:28 - [TEST_STEP][PASSED] - total = totall.replace(",", "."): null

2023-10-05 13:58:28 - [TEST_STEP][PASSED] - totall = Double.parseDouble(total): null

2023-10-05 13:58:28 - [TEST_STEP][PASSED] - println(totall): null

2023-10-05 13:58:28 - [TEST_STEP][PASSED] - Total_Harga = Ongkos_kirim + fee_admin + sub_total: null

2023-10-05 13:58:28 - [TEST_STEP][PASSED] - println(Total_Harga): null

2023-10-05 13:58:28 - [TEST_STEP][PASSED] - TotalHarga = Math.round(Total_Harga * 1000) / 1000: null

2023-10-05 13:58:28 - [TEST_STEP][PASSED] - println(TotalHarga): null

2023-10-05 13:58:28 - [TEST_STEP][PASSED] - assert totall == TotalHarga: null

2023-10-05 13:58:28 - [TEST_STEP][PASSED] - click(findTestObject("verifikasi/Metode Transfer")): Object: 'Object Repository/verifikasi/Metode Transfer' is clicked on

2023-10-05 13:58:28 - [MESSAGE][PASSED] - Object: 'Object Repository/verifikasi/Metode Transfer' is clicked on

2023-10-05 13:58:28 - [TEST_STEP][PASSED] - click(findTestObject("checkout/button_Proses Pembayaran")): Object: 'Object Repository/checkout/button_Proses Pembayaran' is clicked on

2023-10-05 13:58:37 - [MESSAGE][PASSED] - Object: 'Object Repository/checkout/button_Proses Pembayaran' is clicked on

2023-10-05 13:58:37 - [TEST_STEP][PASSED] - verifyElementPresent(findTestObject("pembayaran/Tittle nomor invoice"), 0): Object 'Object Repository/pembayaran/Tittle nomor invoice' is present

2023-10-05 13:58:37 - [MESSAGE][WARNING] - Timeout '0' is invalid. Using default page load timeout: '30'

2023-10-05 13:58:38 - [MESSAGE][PASSED] - Object 'Object Repository/pembayaran/Tittle nomor invoice' is present

2023-10-05 13:58:38 - [TEST_STEP][PASSED] - return data: null

2023-10-05 13:58:38 - [MESSAGE][PASSED] - Call Test Case 'Test Cases/T13 Pembelian, Shipment dan Pembayaran/PBL-004' successfully

2023-10-05 13:58:38 - [TEST_STEP][PASSED] - Invoice = getText(findTestObject("pembayaran/nomor invoice")): Text of object 'Object Repository/pembayaran/nomor invoice' is: 'TRX60.20231005135832'

2023-10-05 13:58:38 - [MESSAGE][PASSED] - Text of object 'Object Repository/pembayaran/nomor invoice' is: 'TRX60.20231005135832'

2023-10-05 13:58:38 - [TEST_STEP][PASSED] - data.put("invoice", Invoice): null

2023-10-05 13:58:38 - [TEST_STEP][PASSED] - NamaPemesan = getText(findTestObject("Konfirmasi pesanan shop/Nama pemesan")): Text of object 'Object Repository/Konfirmasi pesanan shop/Nama pemesan' is: 'irfan.afandi'

2023-10-05 13:58:39 - [MESSAGE][PASSED] - Text of object 'Object Repository/Konfirmasi pesanan shop/Nama pemesan' is: 'irfan.afandi'

2023-10-05 13:58:39 - [TEST_STEP][PASSED] - Nama = getText(findTestObject("pembayaran/Nama barang")): Text of object 'Object Repository/pembayaran/Nama barang' is: 'Segitiga Instan Madeira - MDB5.3 Sunset'

2023-10-05 13:58:39 - [MESSAGE][PASSED] - Text of object 'Object Repository/pembayaran/Nama barang' is: 'Segitiga Instan Madeira - MDB5.3 Sunset'

2023-10-05 13:58:39 - [TEST_STEP][PASSED] - Harga = getText(findTestObject("pembayaran/Harga barang")): Text of object 'Object Repository/pembayaran/Harga barang' is: '1,299'

2023-10-05 13:58:40 - [MESSAGE][PASSED] - Text of object 'Object Repository/pembayaran/Harga barang' is: '1,299'

2023-10-05 13:58:40 - [TEST_STEP][PASSED] - name_product = data.get("nama_barang"): null

2023-10-05 13:58:40 - [TEST_STEP][PASSED] - price_product = data.get("price_barang"): null

2023-10-05 13:58:40 - [TEST_STEP][PASSED] - assert name_product.contains(Nama): null

2023-10-05 13:58:40 - [TEST_STEP][PASSED] - assert price_product.contains(Harga): null

2023-10-05 13:58:40 - [TEST_STEP][PASSED] - warnaa = getText(findTestObject("pembayaran/warna")): Text of object 'Object Repository/pembayaran/warna' is: 'Merah'

2023-10-05 13:58:40 - [MESSAGE][PASSED] - Text of object 'Object Repository/pembayaran/warna' is: 'Merah'

2023-10-05 13:58:40 - [TEST_STEP][PASSED] - ukurann = getText(findTestObject("pembayaran/ukuran")): Text of object 'Object Repository/pembayaran/ukuran' is: 'Menengah'

2023-10-05 13:58:41 - [MESSAGE][PASSED] - Text of object 'Object Repository/pembayaran/ukuran' is: 'Menengah'

2023-10-05 13:58:41 - [TEST_STEP][PASSED] - warna1 = data.get("Warna"): null

2023-10-05 13:58:41 - [TEST_STEP][PASSED] - ukuran1 = data.get("Ukuran"): null

2023-10-05 13:58:41 - [TEST_STEP][PASSED] - assert warnaa == warna1: null

2023-10-05 13:58:41 - [TEST_STEP][PASSED] - assert ukurann == ukuran1: null

2023-10-05 13:58:41 - [TEST_STEP][PASSED] - statusPembelian = getText(findTestObject("verifikasi/Status pending di pembelian")): Text of object 'Object Repository/verifikasi/Status pending di pembelian' is: 'Pending'

2023-10-05 13:58:41 - [MESSAGE][PASSED] - Text of object 'Object Repository/verifikasi/Status pending di pembelian' is: 'Pending'

2023-10-05 13:58:41 - [TEST_STEP][PASSED] - data.put("statusPem", statusPembelian): null

2023-10-05 13:58:41 - [TEST_STEP][PASSED] - OngkosKirim = getText(findTestObject("pembayaran/ongkos kirim")): Text of object 'Object Repository/pembayaran/ongkos kirim' is: 'Rp 5,000'

2023-10-05 13:58:42 - [MESSAGE][PASSED] - Text of object 'Object Repository/pembayaran/ongkos kirim' is: 'Rp 5,000'

2023-10-05 13:58:42 - [TEST_STEP][PASSED] - Ongkos = OngkosKirim.substring(3, OngkosKirim.size()): null

2023-10-05 13:58:42 - [TEST_STEP][PASSED] - rep = Ongkos.replace(",", ""): null

2023-10-05 13:58:42 - [TEST_STEP][PASSED] - Ongkos_kirimm = Integer.parseInt(rep): null

2023-10-05 13:58:42 - [TEST_STEP][PASSED] - println(Ongkos_kirimm): null

2023-10-05 13:58:42 - [TEST_STEP][PASSED] - FeeAdmin = getText(findTestObject("pembayaran/fee admin")): Text of object 'Object Repository/pembayaran/fee admin' is: 'Rp 1,500'

2023-10-05 13:58:42 - [MESSAGE][PASSED] - Text of object 'Object Repository/pembayaran/fee admin' is: 'Rp 1,500'

2023-10-05 13:58:42 - [TEST_STEP][PASSED] - Fee_Admin = FeeAdmin.substring(3, FeeAdmin.size()): null

2023-10-05 13:58:42 - [TEST_STEP][PASSED] - fee = Fee_Admin.replace(",", ""): null

2023-10-05 13:58:42 - [TEST_STEP][PASSED] - fee_adminn = Integer.parseInt(fee): null

2023-10-05 13:58:42 - [TEST_STEP][PASSED] - println(fee_adminn): null

2023-10-05 13:58:42 - [TEST_STEP][PASSED] - Subtotal = getText(findTestObject("pembayaran/subtotal")): Text of object 'Object Repository/pembayaran/subtotal' is: 'Rp 1,299'

2023-10-05 13:58:43 - [MESSAGE][PASSED] - Text of object 'Object Repository/pembayaran/subtotal' is: 'Rp 1,299'

2023-10-05 13:58:43 - [TEST_STEP][PASSED] - sub_total = Subtotal.substring(3, Subtotal.size()): null

2023-10-05 13:58:43 - [TEST_STEP][PASSED] - sub = sub_total.replace(",", ""): null

2023-10-05 13:58:43 - [TEST_STEP][PASSED] - sub_totall = Integer.parseInt(sub): null

2023-10-05 13:58:43 - [TEST_STEP][PASSED] - println(sub_totall): null

2023-10-05 13:58:43 - [TEST_STEP][PASSED] - unik = getText(findTestObject("pembayaran/kode unik")): Text of object 'Object Repository/pembayaran/kode unik' is: '+832'

2023-10-05 13:58:43 - [MESSAGE][PASSED] - Text of object 'Object Repository/pembayaran/kode unik' is: '+832'

2023-10-05 13:58:43 - [TEST_STEP][PASSED] - unikk = unik.replace("+", ""): null

2023-10-05 13:58:43 - [TEST_STEP][PASSED] - kode_unik = Integer.parseInt(unikk): null

2023-10-05 13:58:43 - [TEST_STEP][PASSED] - println(kode_unik): null

2023-10-05 13:58:43 - [TEST_STEP][PASSED] - Total = getText(findTestObject("pembayaran/total")): Text of object 'Object Repository/pembayaran/total' is: '8,631'

2023-10-05 13:58:44 - [MESSAGE][PASSED] - Text of object 'Object Repository/pembayaran/total' is: '8,631'

2023-10-05 13:58:44 - [TEST_STEP][PASSED] - total = Total.replace(",", ""): null

2023-10-05 13:58:44 - [TEST_STEP][PASSED] - totalll = Integer.parseInt(total): null

2023-10-05 13:58:44 - [TEST_STEP][PASSED] - println(totalll): null

2023-10-05 13:58:44 - [TEST_STEP][PASSED] - Total_Hargaa = Ongkos_kirimm + fee_adminn + sub_totall + kode_unik: null

2023-10-05 13:58:44 - [TEST_STEP][PASSED] - println(Total_Hargaa): null

2023-10-05 13:58:44 - [TEST_STEP][PASSED] - assert totalll == Total_Hargaa: null

2023-10-05 13:58:44 - [TEST_STEP][PASSED] - data.put("total", Total): null

2023-10-05 13:58:44 - [TEST_STEP][PASSED] - data.put("nama", NamaPemesan): null

2023-10-05 13:58:44 - [TEST_STEP][PASSED] - return data: null

2023-10-05 13:58:44 - [MESSAGE][PASSED] - Call Test Case 'Test Cases/T13 Pembelian, Shipment dan Pembayaran/PBY-001' successfully

2023-10-05 13:58:44 - [TEST_STEP][PASSED] - inv = data.get("invoice"): null

2023-10-05 13:58:44 - [TEST_STEP][PASSED] - Total = data.get("total"): null

2023-10-05 13:58:44 - [TEST_STEP][PASSED] - NamaPemesan = data.get("nama"): null

2023-10-05 13:58:44 - [TEST_STEP][PASSED] - click(findTestObject("Konfirmasi pesanan shop/Menu Shop")): Object: 'Object Repository/Konfirmasi pesanan shop/Menu Shop' is clicked on

2023-10-05 13:58:46 - [MESSAGE][PASSED] - Object: 'Object Repository/Konfirmasi pesanan shop/Menu Shop' is clicked on

2023-10-05 13:58:46 - [TEST_STEP][PASSED] - click(findTestObject("Konfirmasi pesanan shop/Menu Shop")): Object: 'Object Repository/Konfirmasi pesanan shop/Menu Shop' is clicked on

2023-10-05 13:58:46 - [MESSAGE][PASSED] - Object: 'Object Repository/Konfirmasi pesanan shop/Menu Shop' is clicked on

2023-10-05 13:58:46 - [TEST_STEP][PASSED] - click(findTestObject("Konfirmasi pesanan shop/Konfirmasi Orders")): Object: 'Object Repository/Konfirmasi pesanan shop/Konfirmasi Orders' is clicked on

2023-10-05 13:58:47 - [MESSAGE][PASSED] - Object: 'Object Repository/Konfirmasi pesanan shop/Konfirmasi Orders' is clicked on

2023-10-05 13:58:47 - [TEST_STEP][PASSED] - verifyElementPresent(findTestObject("Konfirmasi pesanan shop/Tittle Konfirmasi Pesanan"), 0): Object 'Object Repository/Konfirmasi pesanan shop/Tittle Konfirmasi Pesanan' is present

2023-10-05 13:58:47 - [MESSAGE][WARNING] - Timeout '0' is invalid. Using default page load timeout: '30'

2023-10-05 13:58:48 - [MESSAGE][PASSED] - Object 'Object Repository/Konfirmasi pesanan shop/Tittle Konfirmasi Pesanan' is present

2023-10-05 13:58:48 - [TEST_STEP][PASSED] - setText(findTestObject("Konfirmasi pesanan shop/input_No Pesanan"), inv): Text 'TRX60.20231005135832' is set on object 'Object Repository/Konfirmasi pesanan shop/input_No Pesanan'

2023-10-05 13:58:49 - [MESSAGE][PASSED] - Text 'TRX60.20231005135832' is set on object 'Object Repository/Konfirmasi pesanan shop/input_No Pesanan'

2023-10-05 13:58:49 - [TEST_STEP][PASSED] - setText(findTestObject("Konfirmasi pesanan shop/input_Alamat E-mai"), "irfan@gmail.com"): Text 'irfan@gmail.com' is set on object 'Object Repository/Konfirmasi pesanan shop/input_Alamat E-mai'

2023-10-05 13:58:50 - [MESSAGE][PASSED] - Text 'irfan@gmail.com' is set on object 'Object Repository/Konfirmasi pesanan shop/input_Alamat E-mai'

2023-10-05 13:58:50 - [TEST_STEP][PASSED] - click(findTestObject("Konfirmasi pesanan shop/button_Submit")): Object: 'Object Repository/Konfirmasi pesanan shop/button_Submit' is clicked on

2023-10-05 13:58:51 - [MESSAGE][PASSED] - Object: 'Object Repository/Konfirmasi pesanan shop/button_Submit' is clicked on

2023-10-05 13:58:51 - [TEST_STEP][PASSED] - verifyElementPresent(findTestObject("Konfirmasi pesanan shop/Tittle nomor invoice"), 0): Object 'Object Repository/Konfirmasi pesanan shop/Tittle nomor invoice' is present

2023-10-05 13:58:51 - [MESSAGE][WARNING] - Timeout '0' is invalid. Using default page load timeout: '30'

2023-10-05 13:58:51 - [MESSAGE][PASSED] - Object 'Object Repository/Konfirmasi pesanan shop/Tittle nomor invoice' is present

2023-10-05 13:58:51 - [TEST_STEP][PASSED] - setText(findTestObject("Konfirmasi pesanan shop/input_Total TagihanTransfer_b"), Total): Text '8,631' is set on object 'Object Repository/Konfirmasi pesanan shop/input_Total TagihanTransfer_b'

2023-10-05 13:58:52 - [MESSAGE][PASSED] - Text '8,631' is set on object 'Object Repository/Konfirmasi pesanan shop/input_Total TagihanTransfer_b'

2023-10-05 13:58:52 - [TEST_STEP][PASSED] - selectOptionByValue(findTestObject("Konfirmasi pesanan shop/select_Bank"), "4", false): All options with value '4' are selected in object 'Object Repository/Konfirmasi pesanan shop/select_Bank' 

2023-10-05 13:58:53 - [MESSAGE][PASSED] - All options with value '4' are selected in object 'Object Repository/Konfirmasi pesanan shop/select_Bank' 

2023-10-05 13:58:53 - [TEST_STEP][PASSED] - setText(findTestObject("Konfirmasi pesanan shop/input_Nama Pengirim_d"), NamaPemesan): Text 'irfan.afandi' is set on object 'Object Repository/Konfirmasi pesanan shop/input_Nama Pengirim_d'

2023-10-05 13:58:54 - [MESSAGE][PASSED] - Text 'irfan.afandi' is set on object 'Object Repository/Konfirmasi pesanan shop/input_Nama Pengirim_d'

2023-10-05 13:58:54 - [TEST_STEP][PASSED] - uploadFile(findTestObject("keranjang/konfirmasi/input_Upload Bukti Transfer_f"), "C:\Users\IRFAN\Downloads\Berkas2.pdf"): File 'C:\Users\IRFAN\Downloads\Berkas2.pdf' sent to object: 'Object Repository/keranjang/konfirmasi/input_Upload Bukti Transfer_f'

2023-10-05 13:58:55 - [MESSAGE][PASSED] - File 'C:\Users\IRFAN\Downloads\Berkas2.pdf' sent to object: 'Object Repository/keranjang/konfirmasi/input_Upload Bukti Transfer_f'

2023-10-05 13:58:55 - [TEST_STEP][PASSED] - click(findTestObject("Konfirmasi pesanan shop/button_Konfirmasi Pembayaran")): Object: 'Object Repository/Konfirmasi pesanan shop/button_Konfirmasi Pembayaran' is clicked on

2023-10-05 13:58:56 - [MESSAGE][PASSED] - Object: 'Object Repository/Konfirmasi pesanan shop/button_Konfirmasi Pembayaran' is clicked on

2023-10-05 13:58:56 - [TEST_STEP][PASSED] - verifyElementPresent(findTestObject("Konfirmasi pesanan shop/Tittle Konfirmasi Pesanan"), 0): Object 'Object Repository/Konfirmasi pesanan shop/Tittle Konfirmasi Pesanan' is present

2023-10-05 13:58:56 - [MESSAGE][WARNING] - Timeout '0' is invalid. Using default page load timeout: '30'

2023-10-05 13:58:57 - [MESSAGE][PASSED] - Object 'Object Repository/Konfirmasi pesanan shop/Tittle Konfirmasi Pesanan' is present

2023-10-05 13:58:57 - [TEST_STEP][PASSED] - verifyElementPresent(findTestObject("Konfirmasi pesanan shop/Tittle massage succes Konfirmasi Pembayaran Pesanan"), 0): Object 'Object Repository/Konfirmasi pesanan shop/Tittle massage succes Konfirmasi Pembayaran Pesanan' is present

2023-10-05 13:58:57 - [MESSAGE][WARNING] - Timeout '0' is invalid. Using default page load timeout: '30'

2023-10-05 13:58:57 - [MESSAGE][PASSED] - Object 'Object Repository/Konfirmasi pesanan shop/Tittle massage succes Konfirmasi Pembayaran Pesanan' is present

2023-10-05 13:58:57 - [TEST_STEP][PASSED] - return data: null

2023-10-05 13:58:57 - [MESSAGE][PASSED] - Call Test Case 'Test Cases/T13 Pembelian, Shipment dan Pembayaran/PBY-004' successfully

2023-10-05 13:58:57 - [TEST_STEP][PASSED] - navigateToUrl("https://10.9.2.63/ecommerce/administrator/"): Navigate to 'https://10.9.2.63/ecommerce/administrator/' successfully

2023-10-05 13:58:58 - [MESSAGE][PASSED] - Navigate to 'https://10.9.2.63/ecommerce/administrator/' successfully

2023-10-05 13:58:58 - [TEST_STEP][PASSED] - verifyElementPresent(findTestObject("admin/Tittle ADMIN Login"), 0): Object 'Object Repository/admin/Tittle ADMIN Login' is present

2023-10-05 13:58:58 - [MESSAGE][WARNING] - Timeout '0' is invalid. Using default page load timeout: '30'

2023-10-05 13:58:58 - [MESSAGE][PASSED] - Object 'Object Repository/admin/Tittle ADMIN Login' is present

2023-10-05 13:58:58 - [TEST_STEP][PASSED] - setText(findTestObject("admin/Username"), "admin"): Text 'admin' is set on object 'Object Repository/admin/Username'

2023-10-05 13:58:59 - [MESSAGE][PASSED] - Text 'admin' is set on object 'Object Repository/admin/Username'

2023-10-05 13:58:59 - [TEST_STEP][PASSED] - setText(findTestObject("admin/Password"), "123admin123"): Text '123admin123' is set on object 'Object Repository/admin/Password'

2023-10-05 13:59:00 - [MESSAGE][PASSED] - Text '123admin123' is set on object 'Object Repository/admin/Password'

2023-10-05 13:59:00 - [TEST_STEP][PASSED] - click(findTestObject("admin/Remember Me")): Object: 'Object Repository/admin/Remember Me' is clicked on

2023-10-05 13:59:00 - [MESSAGE][PASSED] - Object: 'Object Repository/admin/Remember Me' is clicked on

2023-10-05 13:59:00 - [TEST_STEP][PASSED] - delay(10): Delayed 10 second(s)

2023-10-05 13:59:10 - [MESSAGE][PASSED] - Delayed 10 second(s)

2023-10-05 13:59:10 - [TEST_STEP][PASSED] - click(findTestObject("admin/buttom submit")): Object: 'Object Repository/admin/buttom submit' is clicked on

2023-10-05 13:59:12 - [MESSAGE][PASSED] - Object: 'Object Repository/admin/buttom submit' is clicked on

2023-10-05 13:59:12 - [TEST_STEP][PASSED] - verifyElementPresent(findTestObject("admin/Konf order konsumen/Tittle Dashboard"), 0): Object 'Object Repository/admin/Konf order konsumen/Tittle Dashboard' is present

2023-10-05 13:59:12 - [MESSAGE][WARNING] - Timeout '0' is invalid. Using default page load timeout: '30'

2023-10-05 13:59:12 - [MESSAGE][PASSED] - Object 'Object Repository/admin/Konf order konsumen/Tittle Dashboard' is present

2023-10-05 13:59:12 - [TEST_STEP][PASSED] - click(findTestObject("admin/Konf order konsumen/Menu Transaksi Market")): Object: 'Object Repository/admin/Konf order konsumen/Menu Transaksi Market' is clicked on

2023-10-05 13:59:13 - [MESSAGE][PASSED] - Object: 'Object Repository/admin/Konf order konsumen/Menu Transaksi Market' is clicked on

2023-10-05 13:59:13 - [TEST_STEP][PASSED] - click(findTestObject("admin/Konf order konsumen/Menu Konf. Order Konsumen")): Object: 'Object Repository/admin/Konf order konsumen/Menu Konf. Order Konsumen' is clicked on

2023-10-05 13:59:14 - [MESSAGE][PASSED] - Object: 'Object Repository/admin/Konf order konsumen/Menu Konf. Order Konsumen' is clicked on

2023-10-05 13:59:14 - [TEST_STEP][PASSED] - verifyElementPresent(findTestObject("admin/Konf order konsumen/Tittle Data Konfirmasi Pembayaran Konsumen"), 0): Object 'Object Repository/admin/Konf order konsumen/Tittle Data Konfirmasi Pembayaran Konsumen' is present

2023-10-05 13:59:14 - [MESSAGE][WARNING] - Timeout '0' is invalid. Using default page load timeout: '30'

2023-10-05 13:59:14 - [MESSAGE][PASSED] - Object 'Object Repository/admin/Konf order konsumen/Tittle Data Konfirmasi Pembayaran Konsumen' is present

2023-10-05 13:59:14 - [TEST_STEP][PASSED] - inv = data.get("invoice"): null

2023-10-05 13:59:14 - [TEST_STEP][PASSED] - setText(findTestObject("admin/Konf order konsumen/Search"), inv): Text 'TRX60.20231005135832' is set on object 'Object Repository/admin/Konf order konsumen/Search'

2023-10-05 13:59:15 - [MESSAGE][PASSED] - Text 'TRX60.20231005135832' is set on object 'Object Repository/admin/Konf order konsumen/Search'

2023-10-05 13:59:15 - [TEST_STEP][PASSED] - verifyElementText(findTestObject("admin/Konf order konsumen/Keterangan Lunas"), "Lunas"): Actual text and expected text of test object 'Object Repository/admin/Konf order konsumen/Keterangan Lunas' are matched.

2023-10-05 13:59:16 - [MESSAGE][PASSED] - Actual text and expected text of test object 'Object Repository/admin/Konf order konsumen/Keterangan Lunas' are matched.

2023-10-05 13:59:16 - [TEST_STEP][PASSED] - return data: null

2023-10-05 13:59:16 - [MESSAGE][PASSED] - Call Test Case 'Test Cases/T13 Pembelian, Shipment dan Pembayaran/PBYA-001' successfully

2023-10-05 13:59:16 - [TEST_STEP][PASSED] - click(findTestObject("admin/Penjualan ke konsumen/buttom Dashboard")): Object: 'Object Repository/admin/Penjualan ke konsumen/buttom Dashboard' is clicked on

2023-10-05 13:59:17 - [MESSAGE][PASSED] - Object: 'Object Repository/admin/Penjualan ke konsumen/buttom Dashboard' is clicked on

2023-10-05 13:59:17 - [TEST_STEP][PASSED] - click(findTestObject("admin/Konf order konsumen/Menu Transaksi Market")): Object: 'Object Repository/admin/Konf order konsumen/Menu Transaksi Market' is clicked on

2023-10-05 13:59:17 - [MESSAGE][PASSED] - Object: 'Object Repository/admin/Konf order konsumen/Menu Transaksi Market' is clicked on

2023-10-05 13:59:17 - [TEST_STEP][PASSED] - click(findTestObject("admin/Penjualan ke konsumen/a_Penjualan ke Konsumen")): Object: 'Object Repository/admin/Penjualan ke konsumen/a_Penjualan ke Konsumen' is clicked on

2023-10-05 13:59:20 - [MESSAGE][PASSED] - Object: 'Object Repository/admin/Penjualan ke konsumen/a_Penjualan ke Konsumen' is clicked on

2023-10-05 13:59:20 - [TEST_STEP][PASSED] - verifyElementPresent(findTestObject("admin/Tittle Data Transaksi Penjualan  Orderan Konsumen"), 0): Object 'Object Repository/admin/Tittle Data Transaksi Penjualan  Orderan Konsumen' is present

2023-10-05 13:59:20 - [MESSAGE][WARNING] - Timeout '0' is invalid. Using default page load timeout: '30'

2023-10-05 13:59:21 - [MESSAGE][PASSED] - Object 'Object Repository/admin/Tittle Data Transaksi Penjualan  Orderan Konsumen' is present

2023-10-05 13:59:21 - [TEST_STEP][PASSED] - return data: null

2023-10-05 13:59:21 - [MESSAGE][PASSED] - Call Test Case 'Test Cases/T13 Pembelian, Shipment dan Pembayaran/SA-001' successfully

2023-10-05 13:59:21 - [TEST_STEP][PASSED] - inv = data.get("invoice"): null

2023-10-05 13:59:21 - [TEST_STEP][PASSED] - setText(findTestObject("admin/Penjualan ke konsumen/Search"), inv): Text 'TRX60.20231005135832' is set on object 'Object Repository/admin/Penjualan ke konsumen/Search'

2023-10-05 13:59:22 - [MESSAGE][PASSED] - Text 'TRX60.20231005135832' is set on object 'Object Repository/admin/Penjualan ke konsumen/Search'

2023-10-05 13:59:22 - [TEST_STEP][PASSED] - click(findTestObject("admin/Penjualan ke konsumen/buttom konfirmasi pending payment"), CONTINUE_ON_FAILURE): Object: 'Object Repository/admin/Penjualan ke konsumen/buttom konfirmasi pending payment' is clicked on

2023-10-05 13:59:22 - [MESSAGE][PASSED] - Object: 'Object Repository/admin/Penjualan ke konsumen/buttom konfirmasi pending payment' is clicked on

2023-10-05 13:59:22 - [TEST_STEP][PASSED] - waitForAlert(5, OPTIONAL): Alert is present after 5 second(s).

2023-10-05 13:59:22 - [MESSAGE][PASSED] - Alert is present after 5 second(s).

2023-10-05 13:59:22 - [TEST_STEP][PASSED] - acceptAlert(): Alert accepted

2023-10-05 13:59:22 - [MESSAGE][PASSED] - Alert accepted

2023-10-05 13:59:22 - [TEST_STEP][PASSED] - setText(findTestObject("admin/Penjualan ke konsumen/Search"), inv): Text 'TRX60.20231005135832' is set on object 'Object Repository/admin/Penjualan ke konsumen/Search'

2023-10-05 13:59:31 - [MESSAGE][PASSED] - Text 'TRX60.20231005135832' is set on object 'Object Repository/admin/Penjualan ke konsumen/Search'

2023-10-05 13:59:31 - [TEST_STEP][PASSED] - verifyTextNotPresent("pending payment", false): Text 'pending payment' is not present on page

2023-10-05 13:59:32 - [MESSAGE][PASSED] - Text 'pending payment' is not present on page

2023-10-05 13:59:32 - [TEST_STEP][PASSED] - return data: null

2023-10-05 13:59:32 - [MESSAGE][PASSED] - Call Test Case 'Test Cases/T13 Pembelian, Shipment dan Pembayaran/SA-002' successfully

2023-10-05 13:59:32 - [TEST_STEP][PASSED] - click(findTestObject("admin/Penjualan ke konsumen/buttom scroldown")): Object: 'Object Repository/admin/Penjualan ke konsumen/buttom scroldown' is clicked on

2023-10-05 13:59:32 - [MESSAGE][PASSED] - Object: 'Object Repository/admin/Penjualan ke konsumen/buttom scroldown' is clicked on

2023-10-05 13:59:32 - [TEST_STEP][PASSED] - click(findTestObject("admin/Penjualan ke konsumen/Selesai"), CONTINUE_ON_FAILURE): Object: 'Object Repository/admin/Penjualan ke konsumen/Selesai' is clicked on

2023-10-05 13:59:33 - [MESSAGE][PASSED] - Object: 'Object Repository/admin/Penjualan ke konsumen/Selesai' is clicked on

2023-10-05 13:59:33 - [TEST_STEP][PASSED] - waitForAlert(5, OPTIONAL): Alert is present after 5 second(s).

2023-10-05 13:59:33 - [MESSAGE][PASSED] - Alert is present after 5 second(s).

2023-10-05 13:59:33 - [TEST_STEP][PASSED] - acceptAlert(): Alert accepted

2023-10-05 13:59:33 - [MESSAGE][PASSED] - Alert accepted

2023-10-05 13:59:33 - [TEST_STEP][PASSED] - inv = data.get("invoice"): null

2023-10-05 13:59:33 - [TEST_STEP][PASSED] - setText(findTestObject("admin/Penjualan ke konsumen/Search"), inv): Text 'TRX60.20231005135832' is set on object 'Object Repository/admin/Penjualan ke konsumen/Search'

2023-10-05 13:59:37 - [MESSAGE][PASSED] - Text 'TRX60.20231005135832' is set on object 'Object Repository/admin/Penjualan ke konsumen/Search'

2023-10-05 13:59:37 - [TEST_STEP][PASSED] - verifyTextPresent("Selesai", false): Text 'Selesai' is present on page 

2023-10-05 13:59:37 - [MESSAGE][PASSED] - Text 'Selesai' is present on page 

2023-10-05 13:59:37 - [TEST_STEP][PASSED] - selesaiAdmin = getText(findTestObject("admin/Selesai")): Text of object 'Object Repository/admin/Selesai' is: 'Selesai'

2023-10-05 13:59:38 - [MESSAGE][PASSED] - Text of object 'Object Repository/admin/Selesai' is: 'Selesai'

2023-10-05 13:59:38 - [TEST_STEP][PASSED] - data.put("statusSelesai", selesaiAdmin): null

2023-10-05 13:59:38 - [TEST_STEP][PASSED] - return data: null

2023-10-05 13:59:38 - [MESSAGE][PASSED] - Call Test Case 'Test Cases/T13 Pembelian, Shipment dan Pembayaran/SA-005' successfully

2023-10-05 13:59:38 - [TEST_STEP][PASSED] - openBrowser("https://10.9.2.63/ecommerce/"): Browser is opened with url: 'https://10.9.2.63/ecommerce/'

2023-10-05 13:59:38 - [MESSAGE][WARNING] - A browser is already opened. Closing browser and opening a new one

2023-10-05 13:59:38 - [MESSAGE][INFO] - Starting 'Edge Chromium' driver

2023-10-05 13:59:38 - [MESSAGE][INFO] - User set preference: ['acceptInsecureCerts', 'true']

2023-10-05 13:59:41 - [MESSAGE][INFO] - Action delay is set to 0 milliseconds

2023-10-05 13:59:45 - [MESSAGE][PASSED] - Browser is opened with url: 'https://10.9.2.63/ecommerce/'

2023-10-05 13:59:45 - [TEST_STEP][PASSED] - maximizeWindow(): Current window maximized

2023-10-05 13:59:45 - [MESSAGE][PASSED] - Current window maximized

2023-10-05 13:59:45 - [TEST_STEP][PASSED] - verifyElementPresent(findTestObject("Login/Home"), 0): Object 'Object Repository/Login/Home' is present

2023-10-05 13:59:45 - [MESSAGE][WARNING] - Timeout '0' is invalid. Using default page load timeout: '30'

2023-10-05 13:59:46 - [MESSAGE][PASSED] - Object 'Object Repository/Login/Home' is present

2023-10-05 13:59:46 - [TEST_STEP][PASSED] - click(findTestObject("Login/a_Login")): Object: 'Object Repository/Login/a_Login' is clicked on

2023-10-05 13:59:46 - [MESSAGE][PASSED] - Object: 'Object Repository/Login/a_Login' is clicked on

2023-10-05 13:59:46 - [TEST_STEP][PASSED] - verifyElementPresent(findTestObject("Login/Tittle Login"), 0): Object 'Object Repository/Login/Tittle Login' is present

2023-10-05 13:59:46 - [MESSAGE][WARNING] - Timeout '0' is invalid. Using default page load timeout: '30'

2023-10-05 13:59:47 - [MESSAGE][PASSED] - Object 'Object Repository/Login/Tittle Login' is present

2023-10-05 13:59:47 - [TEST_STEP][PASSED] - setText(findTestObject("Login/input_Username, Email atau No. Handphone_a"), "irfanafandi"): Text 'irfanafandi' is set on object 'Object Repository/Login/input_Username, Email atau No. Handphone_a'

2023-10-05 13:59:48 - [MESSAGE][PASSED] - Text 'irfanafandi' is set on object 'Object Repository/Login/input_Username, Email atau No. Handphone_a'

2023-10-05 13:59:48 - [TEST_STEP][PASSED] - setText(findTestObject("Login/input_Password_b"), "12345irfan"): Text '12345irfan' is set on object 'Object Repository/Login/input_Password_b'

2023-10-05 13:59:49 - [MESSAGE][PASSED] - Text '12345irfan' is set on object 'Object Repository/Login/input_Password_b'

2023-10-05 13:59:49 - [TEST_STEP][PASSED] - click(findTestObject("Login/button_Masuk")): Object: 'Object Repository/Login/button_Masuk' is clicked on

2023-10-05 13:59:50 - [MESSAGE][PASSED] - Object: 'Object Repository/Login/button_Masuk' is clicked on

2023-10-05 13:59:50 - [TEST_STEP][PASSED] - verifyElementPresent(findTestObject("Login/li_Profile"), 0): Object 'Object Repository/Login/li_Profile' is present

2023-10-05 13:59:50 - [MESSAGE][WARNING] - Timeout '0' is invalid. Using default page load timeout: '30'

2023-10-05 13:59:51 - [MESSAGE][PASSED] - Object 'Object Repository/Login/li_Profile' is present

2023-10-05 13:59:51 - [TEST_STEP][PASSED] - click(findTestObject("Konfirmasi pesanan shop/Menu Shop")): Object: 'Object Repository/Konfirmasi pesanan shop/Menu Shop' is clicked on

2023-10-05 13:59:52 - [MESSAGE][PASSED] - Object: 'Object Repository/Konfirmasi pesanan shop/Menu Shop' is clicked on

2023-10-05 13:59:52 - [TEST_STEP][PASSED] - click(findTestObject("Konfirmasi pesanan shop/Menu Shop")): Object: 'Object Repository/Konfirmasi pesanan shop/Menu Shop' is clicked on

2023-10-05 13:59:53 - [MESSAGE][PASSED] - Object: 'Object Repository/Konfirmasi pesanan shop/Menu Shop' is clicked on

2023-10-05 13:59:53 - [TEST_STEP][PASSED] - click(findTestObject("Traking Order/a_Tracking Orders")): Object: 'Object Repository/Traking Order/a_Tracking Orders' is clicked on

2023-10-05 13:59:54 - [MESSAGE][PASSED] - Object: 'Object Repository/Traking Order/a_Tracking Orders' is clicked on

2023-10-05 13:59:54 - [TEST_STEP][PASSED] - verifyElementPresent(findTestObject("Traking Order/Tittle Tracking Order"), 0): Object 'Object Repository/Traking Order/Tittle Tracking Order' is present

2023-10-05 13:59:54 - [MESSAGE][WARNING] - Timeout '0' is invalid. Using default page load timeout: '30'

2023-10-05 13:59:55 - [MESSAGE][PASSED] - Object 'Object Repository/Traking Order/Tittle Tracking Order' is present

2023-10-05 13:59:55 - [TEST_STEP][PASSED] - inv = data.get("invoice"): null

2023-10-05 13:59:55 - [TEST_STEP][PASSED] - setText(findTestObject("Traking Order/input_No Pesanan_a"), inv): Text 'TRX60.20231005135832' is set on object 'Object Repository/Traking Order/input_No Pesanan_a'

2023-10-05 13:59:56 - [MESSAGE][PASSED] - Text 'TRX60.20231005135832' is set on object 'Object Repository/Traking Order/input_No Pesanan_a'

2023-10-05 13:59:56 - [TEST_STEP][PASSED] - setText(findTestObject("Traking Order/input_Alamat E-mail_form-control"), "irfan@gmail.com"): Text 'irfan@gmail.com' is set on object 'Object Repository/Traking Order/input_Alamat E-mail_form-control'

2023-10-05 13:59:57 - [MESSAGE][PASSED] - Text 'irfan@gmail.com' is set on object 'Object Repository/Traking Order/input_Alamat E-mail_form-control'

2023-10-05 13:59:57 - [TEST_STEP][PASSED] - click(findTestObject("Traking Order/button_Lacak Pesanan")): Object: 'Object Repository/Traking Order/button_Lacak Pesanan' is clicked on

2023-10-05 14:00:00 - [MESSAGE][PASSED] - Object: 'Object Repository/Traking Order/button_Lacak Pesanan' is clicked on

2023-10-05 14:00:00 - [TEST_STEP][PASSED] - verifyElementPresent(findTestObject("Traking Order/Tittle nomor transaksi"), 0): Object 'Object Repository/Traking Order/Tittle nomor transaksi' is present

2023-10-05 14:00:00 - [MESSAGE][WARNING] - Timeout '0' is invalid. Using default page load timeout: '30'

2023-10-05 14:00:01 - [MESSAGE][PASSED] - Object 'Object Repository/Traking Order/Tittle nomor transaksi' is present

2023-10-05 14:00:01 - [TEST_STEP][PASSED] - Nama = getText(findTestObject("Object Repository/Traking Order/status traking/Nama Barang tracking order")): Text of object 'Object Repository/Traking Order/status traking/Nama Barang tracking order' is: 'Segitiga Instan Madeira - MDB5.3 Sunset'

2023-10-05 14:00:01 - [MESSAGE][PASSED] - Text of object 'Object Repository/Traking Order/status traking/Nama Barang tracking order' is: 'Segitiga Instan Madeira - MDB5.3 Sunset'

2023-10-05 14:00:01 - [TEST_STEP][PASSED] - Harga = getText(findTestObject("Object Repository/Traking Order/status traking/Harga Barang")): Text of object 'Object Repository/Traking Order/status traking/Harga Barang' is: '1,299'

2023-10-05 14:00:02 - [MESSAGE][PASSED] - Text of object 'Object Repository/Traking Order/status traking/Harga Barang' is: '1,299'

2023-10-05 14:00:02 - [TEST_STEP][PASSED] - name_product = data.get("nama_barang"): null

2023-10-05 14:00:02 - [TEST_STEP][PASSED] - price_product = data.get("price_barang"): null

2023-10-05 14:00:02 - [TEST_STEP][PASSED] - assert name_product.contains(Nama): null

2023-10-05 14:00:02 - [TEST_STEP][PASSED] - assert price_product.contains(Harga): null

2023-10-05 14:00:02 - [TEST_STEP][PASSED] - warnaa = getText(findTestObject("Object Repository/Traking Order/status traking/warna")): Text of object 'Object Repository/Traking Order/status traking/warna' is: 'Merah'

2023-10-05 14:00:02 - [MESSAGE][PASSED] - Text of object 'Object Repository/Traking Order/status traking/warna' is: 'Merah'

2023-10-05 14:00:02 - [TEST_STEP][PASSED] - ukurann = getText(findTestObject("Object Repository/Traking Order/status traking/Ukuruan")): Text of object 'Object Repository/Traking Order/status traking/Ukuruan' is: 'Menengah'

2023-10-05 14:00:03 - [MESSAGE][PASSED] - Text of object 'Object Repository/Traking Order/status traking/Ukuruan' is: 'Menengah'

2023-10-05 14:00:03 - [TEST_STEP][PASSED] - warna1 = data.get("Warna"): null

2023-10-05 14:00:03 - [TEST_STEP][PASSED] - ukuran1 = data.get("Ukuran"): null

2023-10-05 14:00:03 - [TEST_STEP][PASSED] - assert warnaa == warna1: null

2023-10-05 14:00:03 - [TEST_STEP][PASSED] - assert ukurann == ukuran1: null

2023-10-05 14:00:03 - [TEST_STEP][PASSED] - selesai = getText(findTestObject("Object Repository/Traking Order/status traking/status traking selesai")): Text of object 'Object Repository/Traking Order/status traking/status traking selesai' is: 'Selesai'

2023-10-05 14:00:03 - [MESSAGE][PASSED] - Text of object 'Object Repository/Traking Order/status traking/status traking selesai' is: 'Selesai'

2023-10-05 14:00:03 - [TEST_STEP][PASSED] - statusPembayaran = data.get("statusSelesai"): null

2023-10-05 14:00:03 - [TEST_STEP][PASSED] - assert selesai == statusPembayaran: null]]></system-out>
         <system-err><![CDATA[]]></system-err>
      </testcase>
      <testcase name="Test Cases/T13 Pembelian, Shipment dan Pembayaran/SU-005" time="141.229" classname="Test Cases/T13 Pembelian, Shipment dan Pembayaran/SU-005" status="PASSED">
         <system-out><![CDATA[2023-10-05 14:00:03 - [TEST_CASE][PASSED] - Test Cases/T13 Pembelian, Shipment dan Pembayaran/SU-005: Test Cases/T13 Pembelian, Shipment dan Pembayaran/SU-005

2023-10-05 14:00:03 - [TEST_STEP][PASSED] - data = callTestCase(findTestCase("T13 Pembelian, Shipment dan Pembayaran/SA-006"), [:], STOP_ON_FAILURE): Call Test Case 'Test Cases/T13 Pembelian, Shipment dan Pembayaran/SA-006' successfully

2023-10-05 14:00:03 - [TEST_CASE][PASSED] - Test Cases/T13 Pembelian, Shipment dan Pembayaran/SA-006: Test Cases/T13 Pembelian, Shipment dan Pembayaran/SA-006

2023-10-05 14:00:03 - [TEST_STEP][PASSED] - data = callTestCase(findTestCase("T13 Pembelian, Shipment dan Pembayaran/SA-002"), [:], STOP_ON_FAILURE): Call Test Case 'Test Cases/T13 Pembelian, Shipment dan Pembayaran/SA-002' successfully

2023-10-05 14:00:03 - [TEST_CASE][PASSED] - Test Cases/T13 Pembelian, Shipment dan Pembayaran/SA-002: Test Cases/T13 Pembelian, Shipment dan Pembayaran/SA-002

2023-10-05 14:00:03 - [TEST_STEP][PASSED] - data = callTestCase(findTestCase("T13 Pembelian, Shipment dan Pembayaran/SA-001"), [:], STOP_ON_FAILURE): Call Test Case 'Test Cases/T13 Pembelian, Shipment dan Pembayaran/SA-001' successfully

2023-10-05 14:00:03 - [TEST_CASE][PASSED] - Test Cases/T13 Pembelian, Shipment dan Pembayaran/SA-001: Test Cases/T13 Pembelian, Shipment dan Pembayaran/SA-001

2023-10-05 14:00:03 - [TEST_STEP][PASSED] - data = callTestCase(findTestCase("T13 Pembelian, Shipment dan Pembayaran/PBYA-001"), [:], STOP_ON_FAILURE): Call Test Case 'Test Cases/T13 Pembelian, Shipment dan Pembayaran/PBYA-001' successfully

2023-10-05 14:00:04 - [TEST_CASE][PASSED] - Test Cases/T13 Pembelian, Shipment dan Pembayaran/PBYA-001: Test Cases/T13 Pembelian, Shipment dan Pembayaran/PBYA-001

2023-10-05 14:00:04 - [TEST_STEP][PASSED] - data = callTestCase(findTestCase("T13 Pembelian, Shipment dan Pembayaran/PBY-004"), [:], STOP_ON_FAILURE): Call Test Case 'Test Cases/T13 Pembelian, Shipment dan Pembayaran/PBY-004' successfully

2023-10-05 14:00:04 - [TEST_CASE][PASSED] - Test Cases/T13 Pembelian, Shipment dan Pembayaran/PBY-004: Test Cases/T13 Pembelian, Shipment dan Pembayaran/PBY-004

2023-10-05 14:00:04 - [TEST_STEP][PASSED] - data = callTestCase(findTestCase("T13 Pembelian, Shipment dan Pembayaran/PBY-001"), [:], STOP_ON_FAILURE): Call Test Case 'Test Cases/T13 Pembelian, Shipment dan Pembayaran/PBY-001' successfully

2023-10-05 14:00:04 - [TEST_CASE][PASSED] - Test Cases/T13 Pembelian, Shipment dan Pembayaran/PBY-001: Test Cases/T13 Pembelian, Shipment dan Pembayaran/PBY-001

2023-10-05 14:00:04 - [TEST_STEP][PASSED] - data = callTestCase(findTestCase("T13 Pembelian, Shipment dan Pembayaran/PBL-004"), ["Kurir":"Roda 2"], STOP_ON_FAILURE): Call Test Case 'Test Cases/T13 Pembelian, Shipment dan Pembayaran/PBL-004' successfully

2023-10-05 14:00:04 - [TEST_CASE][PASSED] - Test Cases/T13 Pembelian, Shipment dan Pembayaran/PBL-004: Test Cases/T13 Pembelian, Shipment dan Pembayaran/PBL-004

2023-10-05 14:00:04 - [TEST_STEP][PASSED] - data = callTestCase(findTestCase("T13 Pembelian, Shipment dan Pembayaran/PBL-002"), [:], STOP_ON_FAILURE): Call Test Case 'Test Cases/T13 Pembelian, Shipment dan Pembayaran/PBL-002' successfully

2023-10-05 14:00:04 - [TEST_CASE][PASSED] - Test Cases/T13 Pembelian, Shipment dan Pembayaran/PBL-002: Test Cases/T13 Pembelian, Shipment dan Pembayaran/PBL-002

2023-10-05 14:00:04 - [TEST_STEP][PASSED] - data = callTestCase(findTestCase("T13 Pembelian, Shipment dan Pembayaran/PBL-001"), [:], STOP_ON_FAILURE): Call Test Case 'Test Cases/T13 Pembelian, Shipment dan Pembayaran/PBL-001' successfully

2023-10-05 14:00:04 - [TEST_CASE][PASSED] - Test Cases/T13 Pembelian, Shipment dan Pembayaran/PBL-001: Test Cases/T13 Pembelian, Shipment dan Pembayaran/PBL-001

2023-10-05 14:00:04 - [TEST_STEP][PASSED] - callTestCase(findTestCase("T13 Pembelian, Shipment dan Pembayaran/LU-001"), ["username":"irfanafandi", "password":"12345irfan"], STOP_ON_FAILURE): Call Test Case 'Test Cases/T13 Pembelian, Shipment dan Pembayaran/LU-001' successfully

2023-10-05 14:00:04 - [TEST_CASE][PASSED] - Test Cases/T13 Pembelian, Shipment dan Pembayaran/LU-001: Test Cases/T13 Pembelian, Shipment dan Pembayaran/LU-001

2023-10-05 14:00:04 - [TEST_STEP][PASSED] - openBrowser("https://10.9.2.63/ecommerce/"): Browser is opened with url: 'https://10.9.2.63/ecommerce/'

2023-10-05 14:00:04 - [MESSAGE][WARNING] - A browser is already opened. Closing browser and opening a new one

2023-10-05 14:00:05 - [MESSAGE][INFO] - Starting 'Edge Chromium' driver

2023-10-05 14:00:05 - [MESSAGE][INFO] - User set preference: ['acceptInsecureCerts', 'true']

2023-10-05 14:00:07 - [MESSAGE][INFO] - Action delay is set to 0 milliseconds

2023-10-05 14:00:11 - [MESSAGE][PASSED] - Browser is opened with url: 'https://10.9.2.63/ecommerce/'

2023-10-05 14:00:11 - [TEST_STEP][PASSED] - maximizeWindow(): Current window maximized

2023-10-05 14:00:11 - [MESSAGE][PASSED] - Current window maximized

2023-10-05 14:00:11 - [TEST_STEP][PASSED] - verifyElementPresent(findTestObject("Login/Home"), 0): Object 'Object Repository/Login/Home' is present

2023-10-05 14:00:11 - [MESSAGE][WARNING] - Timeout '0' is invalid. Using default page load timeout: '30'

2023-10-05 14:00:12 - [MESSAGE][PASSED] - Object 'Object Repository/Login/Home' is present

2023-10-05 14:00:12 - [TEST_STEP][PASSED] - click(findTestObject("Login/a_Login")): Object: 'Object Repository/Login/a_Login' is clicked on

2023-10-05 14:00:12 - [MESSAGE][PASSED] - Object: 'Object Repository/Login/a_Login' is clicked on

2023-10-05 14:00:12 - [TEST_STEP][PASSED] - verifyElementPresent(findTestObject("Login/Tittle Login"), 0): Object 'Object Repository/Login/Tittle Login' is present

2023-10-05 14:00:12 - [MESSAGE][WARNING] - Timeout '0' is invalid. Using default page load timeout: '30'

2023-10-05 14:00:13 - [MESSAGE][PASSED] - Object 'Object Repository/Login/Tittle Login' is present

2023-10-05 14:00:13 - [TEST_STEP][PASSED] - setText(findTestObject("Login/input_Username, Email atau No. Handphone_a"), username): Text 'irfanafandi' is set on object 'Object Repository/Login/input_Username, Email atau No. Handphone_a'

2023-10-05 14:00:14 - [MESSAGE][PASSED] - Text 'irfanafandi' is set on object 'Object Repository/Login/input_Username, Email atau No. Handphone_a'

2023-10-05 14:00:14 - [TEST_STEP][PASSED] - setText(findTestObject("Login/input_Password_b"), password): Text '12345irfan' is set on object 'Object Repository/Login/input_Password_b'

2023-10-05 14:00:15 - [MESSAGE][PASSED] - Text '12345irfan' is set on object 'Object Repository/Login/input_Password_b'

2023-10-05 14:00:15 - [TEST_STEP][PASSED] - click(findTestObject("Login/label_Ingat saya")): Object: 'Object Repository/Login/label_Ingat saya' is clicked on

2023-10-05 14:00:15 - [MESSAGE][PASSED] - Object: 'Object Repository/Login/label_Ingat saya' is clicked on

2023-10-05 14:00:15 - [TEST_STEP][PASSED] - click(findTestObject("Login/button_Masuk")): Object: 'Object Repository/Login/button_Masuk' is clicked on

2023-10-05 14:00:16 - [MESSAGE][PASSED] - Object: 'Object Repository/Login/button_Masuk' is clicked on

2023-10-05 14:00:16 - [TEST_STEP][PASSED] - verifyElementPresent(findTestObject("Login/li_Profile"), 0): Object 'Object Repository/Login/li_Profile' is present

2023-10-05 14:00:16 - [MESSAGE][WARNING] - Timeout '0' is invalid. Using default page load timeout: '30'

2023-10-05 14:00:17 - [MESSAGE][PASSED] - Object 'Object Repository/Login/li_Profile' is present

2023-10-05 14:00:17 - [MESSAGE][PASSED] - Call Test Case 'Test Cases/T13 Pembelian, Shipment dan Pembayaran/LU-001' successfully

2023-10-05 14:00:17 - [TEST_STEP][PASSED] - mouseOver(findTestObject("beli barang/i_Mulai Belanja_icon-menu")): Object: 'Object Repository/beli barang/i_Mulai Belanja_icon-menu' is hovered

2023-10-05 14:00:18 - [MESSAGE][PASSED] - Object: 'Object Repository/beli barang/i_Mulai Belanja_icon-menu' is hovered

2023-10-05 14:00:18 - [TEST_STEP][PASSED] - click(findTestObject("beli barang/a_Fashion  Busana Wanita")): Object: 'Object Repository/beli barang/a_Fashion  Busana Wanita' is clicked on

2023-10-05 14:00:19 - [MESSAGE][PASSED] - Object: 'Object Repository/beli barang/a_Fashion  Busana Wanita' is clicked on

2023-10-05 14:00:19 - [TEST_STEP][PASSED] - NamaSebelum = getText(findTestObject("verifikasi/Nama sebelum")): Text of object 'Object Repository/verifikasi/Nama sebelum' is: ''

2023-10-05 14:00:20 - [MESSAGE][PASSED] - Text of object 'Object Repository/verifikasi/Nama sebelum' is: ''

2023-10-05 14:00:20 - [TEST_STEP][PASSED] - HargaSebelum = getText(findTestObject("verifikasi/Harga sebelum")): Text of object 'Object Repository/verifikasi/Harga sebelum' is: 'Rp 1,299'

2023-10-05 14:00:20 - [MESSAGE][PASSED] - Text of object 'Object Repository/verifikasi/Harga sebelum' is: 'Rp 1,299'

2023-10-05 14:00:20 - [TEST_STEP][PASSED] - mouseOver(findTestObject("beli barang/barang mouse over")): Object: 'Object Repository/beli barang/barang mouse over' is hovered

2023-10-05 14:00:21 - [MESSAGE][PASSED] - Object: 'Object Repository/beli barang/barang mouse over' is hovered

2023-10-05 14:00:21 - [TEST_STEP][PASSED] - click(findTestObject("beli barang/buttom add to cart")): Object: 'Object Repository/beli barang/buttom add to cart' is clicked on

2023-10-05 14:00:22 - [MESSAGE][PASSED] - Object: 'Object Repository/beli barang/buttom add to cart' is clicked on

2023-10-05 14:00:22 - [TEST_STEP][PASSED] - NamaSesudah = getText(findTestObject("verifikasi/Nama sesudah")): Text of object 'Object Repository/verifikasi/Nama sesudah' is: 'Segitiga Instan Madeira - MDB5.3 Sunset'

2023-10-05 14:00:23 - [MESSAGE][PASSED] - Text of object 'Object Repository/verifikasi/Nama sesudah' is: 'Segitiga Instan Madeira - MDB5.3 Sunset'

2023-10-05 14:00:23 - [TEST_STEP][PASSED] - HargaSesudah = getText(findTestObject("verifikasi/Harga sesudah")): Text of object 'Object Repository/verifikasi/Harga sesudah' is: 'Rp 1,299'

2023-10-05 14:00:23 - [MESSAGE][PASSED] - Text of object 'Object Repository/verifikasi/Harga sesudah' is: 'Rp 1,299'

2023-10-05 14:00:23 - [TEST_STEP][PASSED] - assert NamaSesudah.contains(NamaSebelum): null

2023-10-05 14:00:23 - [TEST_STEP][PASSED] - assert HargaSesudah.contains(HargaSebelum): null

2023-10-05 14:00:23 - [TEST_STEP][PASSED] - click(findTestObject("beli barang/Tambah Keranjang busana wanita")): Object: 'Object Repository/beli barang/Tambah Keranjang busana wanita' is clicked on

2023-10-05 14:00:23 - [MESSAGE][PASSED] - Object: 'Object Repository/beli barang/Tambah Keranjang busana wanita' is clicked on

2023-10-05 14:00:23 - [TEST_STEP][PASSED] - verifyElementPresent(findTestObject("checkout/Notifikasi keranjang"), 1): Object 'Object Repository/checkout/Notifikasi keranjang' is present

2023-10-05 14:00:24 - [MESSAGE][PASSED] - Object 'Object Repository/checkout/Notifikasi keranjang' is present

2023-10-05 14:00:24 - [TEST_STEP][PASSED] - data = new java.util.HashMap(): null

2023-10-05 14:00:24 - [TEST_STEP][PASSED] - data.put("nama_barang", NamaSesudah): null

2023-10-05 14:00:24 - [TEST_STEP][PASSED] - data.put("price_barang", HargaSesudah): null

2023-10-05 14:00:24 - [TEST_STEP][PASSED] - return data: null

2023-10-05 14:00:24 - [MESSAGE][PASSED] - Call Test Case 'Test Cases/T13 Pembelian, Shipment dan Pembayaran/PBL-001' successfully

2023-10-05 14:00:24 - [TEST_STEP][PASSED] - mouseOver(findTestObject("beli barang/keranjang")): Object: 'Object Repository/beli barang/keranjang' is hovered

2023-10-05 14:00:25 - [MESSAGE][PASSED] - Object: 'Object Repository/beli barang/keranjang' is hovered

2023-10-05 14:00:25 - [TEST_STEP][PASSED] - click(findTestObject("beli barang/Lihat Sekarang")): Object: 'Object Repository/beli barang/Lihat Sekarang' is clicked on

2023-10-05 14:00:26 - [MESSAGE][PASSED] - Object: 'Object Repository/beli barang/Lihat Sekarang' is clicked on

2023-10-05 14:00:26 - [TEST_STEP][PASSED] - verifyElementPresent(findTestObject("keranjang/li_Keranjang Belanja"), 0): Object 'Object Repository/keranjang/li_Keranjang Belanja' is present

2023-10-05 14:00:26 - [MESSAGE][WARNING] - Timeout '0' is invalid. Using default page load timeout: '30'

2023-10-05 14:00:27 - [MESSAGE][PASSED] - Object 'Object Repository/keranjang/li_Keranjang Belanja' is present

2023-10-05 14:00:27 - [TEST_STEP][PASSED] - NamaKeranjang = getText(findTestObject("verifikasi/Nama keranjang")): Text of object 'Object Repository/verifikasi/Nama keranjang' is: 'Segitiga Instan Madeira - MDB5.3 Sunset'

2023-10-05 14:00:28 - [MESSAGE][PASSED] - Text of object 'Object Repository/verifikasi/Nama keranjang' is: 'Segitiga Instan Madeira - MDB5.3 Sunset'

2023-10-05 14:00:28 - [TEST_STEP][PASSED] - HargaKeranjang = getText(findTestObject("verifikasi/Harga Keranjang")): Text of object 'Object Repository/verifikasi/Harga Keranjang' is: 'Rp 1,299'

2023-10-05 14:00:28 - [MESSAGE][PASSED] - Text of object 'Object Repository/verifikasi/Harga Keranjang' is: 'Rp 1,299'

2023-10-05 14:00:28 - [TEST_STEP][PASSED] - if (toString().equalsIgnoreCase("Merah")): Object 'Object Repository/keranjang/input_Warna_variasi101' is checked

2023-10-05 14:00:28 - [TEST_STEP][PASSED] - check(findTestObject("Object Repository/keranjang/input_Warna_variasi101")): Object 'Object Repository/keranjang/input_Warna_variasi101' is checked

2023-10-05 14:00:28 - [MESSAGE][PASSED] - Object 'Object Repository/keranjang/input_Warna_variasi101' is checked

2023-10-05 14:00:28 - [TEST_STEP][PASSED] - if (toString().equalsIgnoreCase("Menengah")): Object 'Object Repository/keranjang/input_Ukuran_variasi201' is checked

2023-10-05 14:00:28 - [TEST_STEP][PASSED] - check(findTestObject("Object Repository/keranjang/input_Ukuran_variasi201")): Object 'Object Repository/keranjang/input_Ukuran_variasi201' is checked

2023-10-05 14:00:29 - [MESSAGE][PASSED] - Object 'Object Repository/keranjang/input_Ukuran_variasi201' is checked

2023-10-05 14:00:29 - [TEST_STEP][PASSED] - data.put("Warna", warna): null

2023-10-05 14:00:29 - [TEST_STEP][PASSED] - data.put("Ukuran", ukuran): null

2023-10-05 14:00:29 - [TEST_STEP][PASSED] - click(findTestObject("keranjang/button_Lanjut ke Pembayaran")): Object: 'Object Repository/keranjang/button_Lanjut ke Pembayaran' is clicked on

2023-10-05 14:00:30 - [MESSAGE][PASSED] - Object: 'Object Repository/keranjang/button_Lanjut ke Pembayaran' is clicked on

2023-10-05 14:00:30 - [TEST_STEP][PASSED] - verifyElementPresent(findTestObject("checkout/Tittle Checkout Order"), 0): Object 'Object Repository/checkout/Tittle Checkout Order' is present

2023-10-05 14:00:30 - [MESSAGE][WARNING] - Timeout '0' is invalid. Using default page load timeout: '30'

2023-10-05 14:00:31 - [MESSAGE][PASSED] - Object 'Object Repository/checkout/Tittle Checkout Order' is present

2023-10-05 14:00:31 - [TEST_STEP][PASSED] - name_product = data.get("nama_barang"): null

2023-10-05 14:00:31 - [TEST_STEP][PASSED] - price_product = data.get("price_barang"): null

2023-10-05 14:00:31 - [TEST_STEP][PASSED] - assert name_product == NamaKeranjang: null

2023-10-05 14:00:31 - [TEST_STEP][PASSED] - assert price_product == HargaKeranjang: null

2023-10-05 14:00:31 - [TEST_STEP][PASSED] - return data: null

2023-10-05 14:00:31 - [MESSAGE][PASSED] - Call Test Case 'Test Cases/T13 Pembelian, Shipment dan Pembayaran/PBL-002' successfully

2023-10-05 14:00:31 - [TEST_STEP][PASSED] - warnaa = getText(findTestObject("verifikasi/warna Merah")): Text of object 'Object Repository/verifikasi/warna Merah' is: 'Merah'

2023-10-05 14:00:31 - [MESSAGE][PASSED] - Text of object 'Object Repository/verifikasi/warna Merah' is: 'Merah'

2023-10-05 14:00:31 - [TEST_STEP][PASSED] - ukurann = getText(findTestObject("verifikasi/Ukuran Menengah")): Text of object 'Object Repository/verifikasi/Ukuran Menengah' is: 'Menengah'

2023-10-05 14:00:32 - [MESSAGE][PASSED] - Text of object 'Object Repository/verifikasi/Ukuran Menengah' is: 'Menengah'

2023-10-05 14:00:32 - [TEST_STEP][PASSED] - warna1 = data.get("Warna"): null

2023-10-05 14:00:32 - [TEST_STEP][PASSED] - ukuran1 = data.get("Ukuran"): null

2023-10-05 14:00:32 - [TEST_STEP][PASSED] - assert warnaa == warna1: null

2023-10-05 14:00:32 - [TEST_STEP][PASSED] - assert ukurann == ukuran1: null

2023-10-05 14:00:32 - [TEST_STEP][PASSED] - NamaCheckout = getText(findTestObject("verifikasi/NamaCheckout")): Text of object 'Object Repository/verifikasi/NamaCheckout' is: ''

2023-10-05 14:00:32 - [MESSAGE][PASSED] - Text of object 'Object Repository/verifikasi/NamaCheckout' is: ''

2023-10-05 14:00:32 - [TEST_STEP][PASSED] - HargaCheckout = getText(findTestObject("verifikasi/HargaCheckout")): Text of object 'Object Repository/verifikasi/HargaCheckout' is: '1,299'

2023-10-05 14:00:32 - [MESSAGE][PASSED] - Text of object 'Object Repository/verifikasi/HargaCheckout' is: '1,299'

2023-10-05 14:00:32 - [TEST_STEP][PASSED] - name_product = data.get("nama_barang"): null

2023-10-05 14:00:32 - [TEST_STEP][PASSED] - price_product = data.get("price_barang"): null

2023-10-05 14:00:32 - [TEST_STEP][PASSED] - assert name_product.contains(NamaCheckout): null

2023-10-05 14:00:32 - [TEST_STEP][PASSED] - assert price_product.contains(HargaCheckout): null

2023-10-05 14:00:32 - [TEST_STEP][PASSED] - selectOptionByLabel(findTestObject("checkout/select - Kirim via Kurir Lokal"), Kurir, false): All options with label 'Roda 2' are selected in object 'Object Repository/checkout/select - Kirim via Kurir Lokal' 

2023-10-05 14:00:33 - [MESSAGE][PASSED] - All options with label 'Roda 2' are selected in object 'Object Repository/checkout/select - Kirim via Kurir Lokal' 

2023-10-05 14:00:33 - [TEST_STEP][PASSED] - click(findTestObject("checkout/Kendaraan Kurir")): Object: 'Object Repository/checkout/Kendaraan Kurir' is clicked on

2023-10-05 14:00:34 - [MESSAGE][PASSED] - Object: 'Object Repository/checkout/Kendaraan Kurir' is clicked on

2023-10-05 14:00:34 - [TEST_STEP][PASSED] - OngkosKirim = getText(findTestObject("Object Repository/verifikasi/Ongkos Kirim checkout")): Text of object 'Object Repository/verifikasi/Ongkos Kirim checkout' is: 'Rp. 5,000'

2023-10-05 14:00:35 - [MESSAGE][PASSED] - Text of object 'Object Repository/verifikasi/Ongkos Kirim checkout' is: 'Rp. 5,000'

2023-10-05 14:00:35 - [TEST_STEP][PASSED] - Ongkos = OngkosKirim.substring(3, OngkosKirim.size()): null

2023-10-05 14:00:35 - [TEST_STEP][PASSED] - rep = Ongkos.replace(",", "."): null

2023-10-05 14:00:35 - [TEST_STEP][PASSED] - Ongkos_kirim = Double.parseDouble(rep): null

2023-10-05 14:00:35 - [TEST_STEP][PASSED] - println(Ongkos_kirim): null

2023-10-05 14:00:35 - [TEST_STEP][PASSED] - FeeAdmin = getText(findTestObject("verifikasi/Fee Admin checkout")): Text of object 'Object Repository/verifikasi/Fee Admin checkout' is: 'Fee Admin
Rp 1,500'

2023-10-05 14:00:35 - [MESSAGE][PASSED] - Text of object 'Object Repository/verifikasi/Fee Admin checkout' is: 'Fee Admin
Rp 1,500'

2023-10-05 14:00:35 - [TEST_STEP][PASSED] - Fee_Admin = FeeAdmin.substring(12, FeeAdmin.size()): null

2023-10-05 14:00:35 - [TEST_STEP][PASSED] - fee = Fee_Admin.replace(",", "."): null

2023-10-05 14:00:35 - [TEST_STEP][PASSED] - fee_admin = Double.parseDouble(fee): null

2023-10-05 14:00:35 - [TEST_STEP][PASSED] - println(fee_admin): null

2023-10-05 14:00:35 - [TEST_STEP][PASSED] - Subtotal = getText(findTestObject("verifikasi/subtotal checkout")): Text of object 'Object Repository/verifikasi/subtotal checkout' is: 'Subtotal
Rp 1,299'

2023-10-05 14:00:35 - [MESSAGE][PASSED] - Text of object 'Object Repository/verifikasi/subtotal checkout' is: 'Subtotal
Rp 1,299'

2023-10-05 14:00:35 - [TEST_STEP][PASSED] - sub_total = Subtotal.substring(12, Subtotal.size()): null

2023-10-05 14:00:35 - [TEST_STEP][PASSED] - sub = sub_total.replace(",", "."): null

2023-10-05 14:00:35 - [TEST_STEP][PASSED] - sub_total = Double.parseDouble(sub): null

2023-10-05 14:00:35 - [TEST_STEP][PASSED] - println(sub_total): null

2023-10-05 14:00:35 - [TEST_STEP][PASSED] - Total = getText(findTestObject("verifikasi/Total checkout")): Text of object 'Object Repository/verifikasi/Total checkout' is: 'Rp 7,799'

2023-10-05 14:00:36 - [MESSAGE][PASSED] - Text of object 'Object Repository/verifikasi/Total checkout' is: 'Rp 7,799'

2023-10-05 14:00:36 - [TEST_STEP][PASSED] - totall = Total.substring(3, Total.size()): null

2023-10-05 14:00:36 - [TEST_STEP][PASSED] - total = totall.replace(",", "."): null

2023-10-05 14:00:36 - [TEST_STEP][PASSED] - totall = Double.parseDouble(total): null

2023-10-05 14:00:36 - [TEST_STEP][PASSED] - println(totall): null

2023-10-05 14:00:36 - [TEST_STEP][PASSED] - Total_Harga = Ongkos_kirim + fee_admin + sub_total: null

2023-10-05 14:00:36 - [TEST_STEP][PASSED] - println(Total_Harga): null

2023-10-05 14:00:36 - [TEST_STEP][PASSED] - TotalHarga = Math.round(Total_Harga * 1000) / 1000: null

2023-10-05 14:00:36 - [TEST_STEP][PASSED] - println(TotalHarga): null

2023-10-05 14:00:36 - [TEST_STEP][PASSED] - assert totall == TotalHarga: null

2023-10-05 14:00:36 - [TEST_STEP][PASSED] - click(findTestObject("verifikasi/Metode Transfer")): Object: 'Object Repository/verifikasi/Metode Transfer' is clicked on

2023-10-05 14:00:36 - [MESSAGE][PASSED] - Object: 'Object Repository/verifikasi/Metode Transfer' is clicked on

2023-10-05 14:00:36 - [TEST_STEP][PASSED] - click(findTestObject("checkout/button_Proses Pembayaran")): Object: 'Object Repository/checkout/button_Proses Pembayaran' is clicked on

2023-10-05 14:00:44 - [MESSAGE][PASSED] - Object: 'Object Repository/checkout/button_Proses Pembayaran' is clicked on

2023-10-05 14:00:44 - [TEST_STEP][PASSED] - verifyElementPresent(findTestObject("pembayaran/Tittle nomor invoice"), 0): Object 'Object Repository/pembayaran/Tittle nomor invoice' is present

2023-10-05 14:00:45 - [MESSAGE][WARNING] - Timeout '0' is invalid. Using default page load timeout: '30'

2023-10-05 14:00:45 - [MESSAGE][PASSED] - Object 'Object Repository/pembayaran/Tittle nomor invoice' is present

2023-10-05 14:00:45 - [TEST_STEP][PASSED] - return data: null

2023-10-05 14:00:45 - [MESSAGE][PASSED] - Call Test Case 'Test Cases/T13 Pembelian, Shipment dan Pembayaran/PBL-004' successfully

2023-10-05 14:00:45 - [TEST_STEP][PASSED] - Invoice = getText(findTestObject("pembayaran/nomor invoice")): Text of object 'Object Repository/pembayaran/nomor invoice' is: 'TRX60.20231005140040'

2023-10-05 14:00:45 - [MESSAGE][PASSED] - Text of object 'Object Repository/pembayaran/nomor invoice' is: 'TRX60.20231005140040'

2023-10-05 14:00:45 - [TEST_STEP][PASSED] - data.put("invoice", Invoice): null

2023-10-05 14:00:45 - [TEST_STEP][PASSED] - NamaPemesan = getText(findTestObject("Konfirmasi pesanan shop/Nama pemesan")): Text of object 'Object Repository/Konfirmasi pesanan shop/Nama pemesan' is: 'irfan.afandi'

2023-10-05 14:00:46 - [MESSAGE][PASSED] - Text of object 'Object Repository/Konfirmasi pesanan shop/Nama pemesan' is: 'irfan.afandi'

2023-10-05 14:00:46 - [TEST_STEP][PASSED] - Nama = getText(findTestObject("pembayaran/Nama barang")): Text of object 'Object Repository/pembayaran/Nama barang' is: 'Segitiga Instan Madeira - MDB5.3 Sunset'

2023-10-05 14:00:46 - [MESSAGE][PASSED] - Text of object 'Object Repository/pembayaran/Nama barang' is: 'Segitiga Instan Madeira - MDB5.3 Sunset'

2023-10-05 14:00:46 - [TEST_STEP][PASSED] - Harga = getText(findTestObject("pembayaran/Harga barang")): Text of object 'Object Repository/pembayaran/Harga barang' is: '1,299'

2023-10-05 14:00:47 - [MESSAGE][PASSED] - Text of object 'Object Repository/pembayaran/Harga barang' is: '1,299'

2023-10-05 14:00:47 - [TEST_STEP][PASSED] - name_product = data.get("nama_barang"): null

2023-10-05 14:00:47 - [TEST_STEP][PASSED] - price_product = data.get("price_barang"): null

2023-10-05 14:00:47 - [TEST_STEP][PASSED] - assert name_product.contains(Nama): null

2023-10-05 14:00:47 - [TEST_STEP][PASSED] - assert price_product.contains(Harga): null

2023-10-05 14:00:47 - [TEST_STEP][PASSED] - warnaa = getText(findTestObject("pembayaran/warna")): Text of object 'Object Repository/pembayaran/warna' is: 'Merah'

2023-10-05 14:00:47 - [MESSAGE][PASSED] - Text of object 'Object Repository/pembayaran/warna' is: 'Merah'

2023-10-05 14:00:47 - [TEST_STEP][PASSED] - ukurann = getText(findTestObject("pembayaran/ukuran")): Text of object 'Object Repository/pembayaran/ukuran' is: 'Menengah'

2023-10-05 14:00:48 - [MESSAGE][PASSED] - Text of object 'Object Repository/pembayaran/ukuran' is: 'Menengah'

2023-10-05 14:00:48 - [TEST_STEP][PASSED] - warna1 = data.get("Warna"): null

2023-10-05 14:00:48 - [TEST_STEP][PASSED] - ukuran1 = data.get("Ukuran"): null

2023-10-05 14:00:48 - [TEST_STEP][PASSED] - assert warnaa == warna1: null

2023-10-05 14:00:48 - [TEST_STEP][PASSED] - assert ukurann == ukuran1: null

2023-10-05 14:00:48 - [TEST_STEP][PASSED] - statusPembelian = getText(findTestObject("verifikasi/Status pending di pembelian")): Text of object 'Object Repository/verifikasi/Status pending di pembelian' is: 'Pending'

2023-10-05 14:00:48 - [MESSAGE][PASSED] - Text of object 'Object Repository/verifikasi/Status pending di pembelian' is: 'Pending'

2023-10-05 14:00:48 - [TEST_STEP][PASSED] - data.put("statusPem", statusPembelian): null

2023-10-05 14:00:48 - [TEST_STEP][PASSED] - OngkosKirim = getText(findTestObject("pembayaran/ongkos kirim")): Text of object 'Object Repository/pembayaran/ongkos kirim' is: 'Rp 5,000'

2023-10-05 14:00:49 - [MESSAGE][PASSED] - Text of object 'Object Repository/pembayaran/ongkos kirim' is: 'Rp 5,000'

2023-10-05 14:00:49 - [TEST_STEP][PASSED] - Ongkos = OngkosKirim.substring(3, OngkosKirim.size()): null

2023-10-05 14:00:49 - [TEST_STEP][PASSED] - rep = Ongkos.replace(",", ""): null

2023-10-05 14:00:49 - [TEST_STEP][PASSED] - Ongkos_kirimm = Integer.parseInt(rep): null

2023-10-05 14:00:49 - [TEST_STEP][PASSED] - println(Ongkos_kirimm): null

2023-10-05 14:00:49 - [TEST_STEP][PASSED] - FeeAdmin = getText(findTestObject("pembayaran/fee admin")): Text of object 'Object Repository/pembayaran/fee admin' is: 'Rp 1,500'

2023-10-05 14:00:49 - [MESSAGE][PASSED] - Text of object 'Object Repository/pembayaran/fee admin' is: 'Rp 1,500'

2023-10-05 14:00:49 - [TEST_STEP][PASSED] - Fee_Admin = FeeAdmin.substring(3, FeeAdmin.size()): null

2023-10-05 14:00:49 - [TEST_STEP][PASSED] - fee = Fee_Admin.replace(",", ""): null

2023-10-05 14:00:49 - [TEST_STEP][PASSED] - fee_adminn = Integer.parseInt(fee): null

2023-10-05 14:00:49 - [TEST_STEP][PASSED] - println(fee_adminn): null

2023-10-05 14:00:49 - [TEST_STEP][PASSED] - Subtotal = getText(findTestObject("pembayaran/subtotal")): Text of object 'Object Repository/pembayaran/subtotal' is: 'Rp 1,299'

2023-10-05 14:00:50 - [MESSAGE][PASSED] - Text of object 'Object Repository/pembayaran/subtotal' is: 'Rp 1,299'

2023-10-05 14:00:50 - [TEST_STEP][PASSED] - sub_total = Subtotal.substring(3, Subtotal.size()): null

2023-10-05 14:00:50 - [TEST_STEP][PASSED] - sub = sub_total.replace(",", ""): null

2023-10-05 14:00:50 - [TEST_STEP][PASSED] - sub_totall = Integer.parseInt(sub): null

2023-10-05 14:00:50 - [TEST_STEP][PASSED] - println(sub_totall): null

2023-10-05 14:00:50 - [TEST_STEP][PASSED] - unik = getText(findTestObject("pembayaran/kode unik")): Text of object 'Object Repository/pembayaran/kode unik' is: '+040'

2023-10-05 14:00:50 - [MESSAGE][PASSED] - Text of object 'Object Repository/pembayaran/kode unik' is: '+040'

2023-10-05 14:00:50 - [TEST_STEP][PASSED] - unikk = unik.replace("+", ""): null

2023-10-05 14:00:50 - [TEST_STEP][PASSED] - kode_unik = Integer.parseInt(unikk): null

2023-10-05 14:00:50 - [TEST_STEP][PASSED] - println(kode_unik): null

2023-10-05 14:00:50 - [TEST_STEP][PASSED] - Total = getText(findTestObject("pembayaran/total")): Text of object 'Object Repository/pembayaran/total' is: '7,839'

2023-10-05 14:00:51 - [MESSAGE][PASSED] - Text of object 'Object Repository/pembayaran/total' is: '7,839'

2023-10-05 14:00:51 - [TEST_STEP][PASSED] - total = Total.replace(",", ""): null

2023-10-05 14:00:51 - [TEST_STEP][PASSED] - totalll = Integer.parseInt(total): null

2023-10-05 14:00:51 - [TEST_STEP][PASSED] - println(totalll): null

2023-10-05 14:00:51 - [TEST_STEP][PASSED] - Total_Hargaa = Ongkos_kirimm + fee_adminn + sub_totall + kode_unik: null

2023-10-05 14:00:51 - [TEST_STEP][PASSED] - println(Total_Hargaa): null

2023-10-05 14:00:51 - [TEST_STEP][PASSED] - assert totalll == Total_Hargaa: null

2023-10-05 14:00:51 - [TEST_STEP][PASSED] - data.put("total", Total): null

2023-10-05 14:00:51 - [TEST_STEP][PASSED] - data.put("nama", NamaPemesan): null

2023-10-05 14:00:51 - [TEST_STEP][PASSED] - return data: null

2023-10-05 14:00:51 - [MESSAGE][PASSED] - Call Test Case 'Test Cases/T13 Pembelian, Shipment dan Pembayaran/PBY-001' successfully

2023-10-05 14:00:51 - [TEST_STEP][PASSED] - inv = data.get("invoice"): null

2023-10-05 14:00:51 - [TEST_STEP][PASSED] - Total = data.get("total"): null

2023-10-05 14:00:51 - [TEST_STEP][PASSED] - NamaPemesan = data.get("nama"): null

2023-10-05 14:00:51 - [TEST_STEP][PASSED] - click(findTestObject("Konfirmasi pesanan shop/Menu Shop")): Object: 'Object Repository/Konfirmasi pesanan shop/Menu Shop' is clicked on

2023-10-05 14:00:52 - [MESSAGE][PASSED] - Object: 'Object Repository/Konfirmasi pesanan shop/Menu Shop' is clicked on

2023-10-05 14:00:52 - [TEST_STEP][PASSED] - click(findTestObject("Konfirmasi pesanan shop/Menu Shop")): Object: 'Object Repository/Konfirmasi pesanan shop/Menu Shop' is clicked on

2023-10-05 14:00:53 - [MESSAGE][PASSED] - Object: 'Object Repository/Konfirmasi pesanan shop/Menu Shop' is clicked on

2023-10-05 14:00:53 - [TEST_STEP][PASSED] - click(findTestObject("Konfirmasi pesanan shop/Konfirmasi Orders")): Object: 'Object Repository/Konfirmasi pesanan shop/Konfirmasi Orders' is clicked on

2023-10-05 14:00:54 - [MESSAGE][PASSED] - Object: 'Object Repository/Konfirmasi pesanan shop/Konfirmasi Orders' is clicked on

2023-10-05 14:00:54 - [TEST_STEP][PASSED] - verifyElementPresent(findTestObject("Konfirmasi pesanan shop/Tittle Konfirmasi Pesanan"), 0): Object 'Object Repository/Konfirmasi pesanan shop/Tittle Konfirmasi Pesanan' is present

2023-10-05 14:00:54 - [MESSAGE][WARNING] - Timeout '0' is invalid. Using default page load timeout: '30'

2023-10-05 14:00:55 - [MESSAGE][PASSED] - Object 'Object Repository/Konfirmasi pesanan shop/Tittle Konfirmasi Pesanan' is present

2023-10-05 14:00:55 - [TEST_STEP][PASSED] - setText(findTestObject("Konfirmasi pesanan shop/input_No Pesanan"), inv): Text 'TRX60.20231005140040' is set on object 'Object Repository/Konfirmasi pesanan shop/input_No Pesanan'

2023-10-05 14:00:56 - [MESSAGE][PASSED] - Text 'TRX60.20231005140040' is set on object 'Object Repository/Konfirmasi pesanan shop/input_No Pesanan'

2023-10-05 14:00:56 - [TEST_STEP][PASSED] - setText(findTestObject("Konfirmasi pesanan shop/input_Alamat E-mai"), "irfan@gmail.com"): Text 'irfan@gmail.com' is set on object 'Object Repository/Konfirmasi pesanan shop/input_Alamat E-mai'

2023-10-05 14:00:57 - [MESSAGE][PASSED] - Text 'irfan@gmail.com' is set on object 'Object Repository/Konfirmasi pesanan shop/input_Alamat E-mai'

2023-10-05 14:00:57 - [TEST_STEP][PASSED] - click(findTestObject("Konfirmasi pesanan shop/button_Submit")): Object: 'Object Repository/Konfirmasi pesanan shop/button_Submit' is clicked on

2023-10-05 14:00:58 - [MESSAGE][PASSED] - Object: 'Object Repository/Konfirmasi pesanan shop/button_Submit' is clicked on

2023-10-05 14:00:58 - [TEST_STEP][PASSED] - verifyElementPresent(findTestObject("Konfirmasi pesanan shop/Tittle nomor invoice"), 0): Object 'Object Repository/Konfirmasi pesanan shop/Tittle nomor invoice' is present

2023-10-05 14:00:58 - [MESSAGE][WARNING] - Timeout '0' is invalid. Using default page load timeout: '30'

2023-10-05 14:00:58 - [MESSAGE][PASSED] - Object 'Object Repository/Konfirmasi pesanan shop/Tittle nomor invoice' is present

2023-10-05 14:00:58 - [TEST_STEP][PASSED] - setText(findTestObject("Konfirmasi pesanan shop/input_Total TagihanTransfer_b"), Total): Text '7,839' is set on object 'Object Repository/Konfirmasi pesanan shop/input_Total TagihanTransfer_b'

2023-10-05 14:00:59 - [MESSAGE][PASSED] - Text '7,839' is set on object 'Object Repository/Konfirmasi pesanan shop/input_Total TagihanTransfer_b'

2023-10-05 14:00:59 - [TEST_STEP][PASSED] - selectOptionByValue(findTestObject("Konfirmasi pesanan shop/select_Bank"), "4", false): All options with value '4' are selected in object 'Object Repository/Konfirmasi pesanan shop/select_Bank' 

2023-10-05 14:01:00 - [MESSAGE][PASSED] - All options with value '4' are selected in object 'Object Repository/Konfirmasi pesanan shop/select_Bank' 

2023-10-05 14:01:00 - [TEST_STEP][PASSED] - setText(findTestObject("Konfirmasi pesanan shop/input_Nama Pengirim_d"), NamaPemesan): Text 'irfan.afandi' is set on object 'Object Repository/Konfirmasi pesanan shop/input_Nama Pengirim_d'

2023-10-05 14:01:01 - [MESSAGE][PASSED] - Text 'irfan.afandi' is set on object 'Object Repository/Konfirmasi pesanan shop/input_Nama Pengirim_d'

2023-10-05 14:01:01 - [TEST_STEP][PASSED] - uploadFile(findTestObject("keranjang/konfirmasi/input_Upload Bukti Transfer_f"), "C:\Users\IRFAN\Downloads\Berkas2.pdf"): File 'C:\Users\IRFAN\Downloads\Berkas2.pdf' sent to object: 'Object Repository/keranjang/konfirmasi/input_Upload Bukti Transfer_f'

2023-10-05 14:01:02 - [MESSAGE][PASSED] - File 'C:\Users\IRFAN\Downloads\Berkas2.pdf' sent to object: 'Object Repository/keranjang/konfirmasi/input_Upload Bukti Transfer_f'

2023-10-05 14:01:02 - [TEST_STEP][PASSED] - click(findTestObject("Konfirmasi pesanan shop/button_Konfirmasi Pembayaran")): Object: 'Object Repository/Konfirmasi pesanan shop/button_Konfirmasi Pembayaran' is clicked on

2023-10-05 14:01:03 - [MESSAGE][PASSED] - Object: 'Object Repository/Konfirmasi pesanan shop/button_Konfirmasi Pembayaran' is clicked on

2023-10-05 14:01:03 - [TEST_STEP][PASSED] - verifyElementPresent(findTestObject("Konfirmasi pesanan shop/Tittle Konfirmasi Pesanan"), 0): Object 'Object Repository/Konfirmasi pesanan shop/Tittle Konfirmasi Pesanan' is present

2023-10-05 14:01:03 - [MESSAGE][WARNING] - Timeout '0' is invalid. Using default page load timeout: '30'

2023-10-05 14:01:03 - [MESSAGE][PASSED] - Object 'Object Repository/Konfirmasi pesanan shop/Tittle Konfirmasi Pesanan' is present

2023-10-05 14:01:03 - [TEST_STEP][PASSED] - verifyElementPresent(findTestObject("Konfirmasi pesanan shop/Tittle massage succes Konfirmasi Pembayaran Pesanan"), 0): Object 'Object Repository/Konfirmasi pesanan shop/Tittle massage succes Konfirmasi Pembayaran Pesanan' is present

2023-10-05 14:01:03 - [MESSAGE][WARNING] - Timeout '0' is invalid. Using default page load timeout: '30'

2023-10-05 14:01:04 - [MESSAGE][PASSED] - Object 'Object Repository/Konfirmasi pesanan shop/Tittle massage succes Konfirmasi Pembayaran Pesanan' is present

2023-10-05 14:01:04 - [TEST_STEP][PASSED] - return data: null

2023-10-05 14:01:04 - [MESSAGE][PASSED] - Call Test Case 'Test Cases/T13 Pembelian, Shipment dan Pembayaran/PBY-004' successfully

2023-10-05 14:01:04 - [TEST_STEP][PASSED] - navigateToUrl("https://10.9.2.63/ecommerce/administrator/"): Navigate to 'https://10.9.2.63/ecommerce/administrator/' successfully

2023-10-05 14:01:05 - [MESSAGE][PASSED] - Navigate to 'https://10.9.2.63/ecommerce/administrator/' successfully

2023-10-05 14:01:05 - [TEST_STEP][PASSED] - verifyElementPresent(findTestObject("admin/Tittle ADMIN Login"), 0): Object 'Object Repository/admin/Tittle ADMIN Login' is present

2023-10-05 14:01:05 - [MESSAGE][WARNING] - Timeout '0' is invalid. Using default page load timeout: '30'

2023-10-05 14:01:05 - [MESSAGE][PASSED] - Object 'Object Repository/admin/Tittle ADMIN Login' is present

2023-10-05 14:01:05 - [TEST_STEP][PASSED] - setText(findTestObject("admin/Username"), "admin"): Text 'admin' is set on object 'Object Repository/admin/Username'

2023-10-05 14:01:06 - [MESSAGE][PASSED] - Text 'admin' is set on object 'Object Repository/admin/Username'

2023-10-05 14:01:06 - [TEST_STEP][PASSED] - setText(findTestObject("admin/Password"), "123admin123"): Text '123admin123' is set on object 'Object Repository/admin/Password'

2023-10-05 14:01:06 - [MESSAGE][PASSED] - Text '123admin123' is set on object 'Object Repository/admin/Password'

2023-10-05 14:01:06 - [TEST_STEP][PASSED] - click(findTestObject("admin/Remember Me")): Object: 'Object Repository/admin/Remember Me' is clicked on

2023-10-05 14:01:07 - [MESSAGE][PASSED] - Object: 'Object Repository/admin/Remember Me' is clicked on

2023-10-05 14:01:07 - [TEST_STEP][PASSED] - delay(10): Delayed 10 second(s)

2023-10-05 14:01:17 - [MESSAGE][PASSED] - Delayed 10 second(s)

2023-10-05 14:01:17 - [TEST_STEP][PASSED] - click(findTestObject("admin/buttom submit")): Object: 'Object Repository/admin/buttom submit' is clicked on

2023-10-05 14:01:18 - [MESSAGE][PASSED] - Object: 'Object Repository/admin/buttom submit' is clicked on

2023-10-05 14:01:18 - [TEST_STEP][PASSED] - verifyElementPresent(findTestObject("admin/Konf order konsumen/Tittle Dashboard"), 0): Object 'Object Repository/admin/Konf order konsumen/Tittle Dashboard' is present

2023-10-05 14:01:18 - [MESSAGE][WARNING] - Timeout '0' is invalid. Using default page load timeout: '30'

2023-10-05 14:01:19 - [MESSAGE][PASSED] - Object 'Object Repository/admin/Konf order konsumen/Tittle Dashboard' is present

2023-10-05 14:01:19 - [TEST_STEP][PASSED] - click(findTestObject("admin/Konf order konsumen/Menu Transaksi Market")): Object: 'Object Repository/admin/Konf order konsumen/Menu Transaksi Market' is clicked on

2023-10-05 14:01:19 - [MESSAGE][PASSED] - Object: 'Object Repository/admin/Konf order konsumen/Menu Transaksi Market' is clicked on

2023-10-05 14:01:19 - [TEST_STEP][PASSED] - click(findTestObject("admin/Konf order konsumen/Menu Konf. Order Konsumen")): Object: 'Object Repository/admin/Konf order konsumen/Menu Konf. Order Konsumen' is clicked on

2023-10-05 14:01:21 - [MESSAGE][PASSED] - Object: 'Object Repository/admin/Konf order konsumen/Menu Konf. Order Konsumen' is clicked on

2023-10-05 14:01:21 - [TEST_STEP][PASSED] - verifyElementPresent(findTestObject("admin/Konf order konsumen/Tittle Data Konfirmasi Pembayaran Konsumen"), 0): Object 'Object Repository/admin/Konf order konsumen/Tittle Data Konfirmasi Pembayaran Konsumen' is present

2023-10-05 14:01:21 - [MESSAGE][WARNING] - Timeout '0' is invalid. Using default page load timeout: '30'

2023-10-05 14:01:21 - [MESSAGE][PASSED] - Object 'Object Repository/admin/Konf order konsumen/Tittle Data Konfirmasi Pembayaran Konsumen' is present

2023-10-05 14:01:21 - [TEST_STEP][PASSED] - inv = data.get("invoice"): null

2023-10-05 14:01:21 - [TEST_STEP][PASSED] - setText(findTestObject("admin/Konf order konsumen/Search"), inv): Text 'TRX60.20231005140040' is set on object 'Object Repository/admin/Konf order konsumen/Search'

2023-10-05 14:01:22 - [MESSAGE][PASSED] - Text 'TRX60.20231005140040' is set on object 'Object Repository/admin/Konf order konsumen/Search'

2023-10-05 14:01:22 - [TEST_STEP][PASSED] - verifyElementText(findTestObject("admin/Konf order konsumen/Keterangan Lunas"), "Lunas"): Actual text and expected text of test object 'Object Repository/admin/Konf order konsumen/Keterangan Lunas' are matched.

2023-10-05 14:01:23 - [MESSAGE][PASSED] - Actual text and expected text of test object 'Object Repository/admin/Konf order konsumen/Keterangan Lunas' are matched.

2023-10-05 14:01:23 - [TEST_STEP][PASSED] - return data: null

2023-10-05 14:01:23 - [MESSAGE][PASSED] - Call Test Case 'Test Cases/T13 Pembelian, Shipment dan Pembayaran/PBYA-001' successfully

2023-10-05 14:01:23 - [TEST_STEP][PASSED] - click(findTestObject("admin/Penjualan ke konsumen/buttom Dashboard")): Object: 'Object Repository/admin/Penjualan ke konsumen/buttom Dashboard' is clicked on

2023-10-05 14:01:24 - [MESSAGE][PASSED] - Object: 'Object Repository/admin/Penjualan ke konsumen/buttom Dashboard' is clicked on

2023-10-05 14:01:24 - [TEST_STEP][PASSED] - click(findTestObject("admin/Konf order konsumen/Menu Transaksi Market")): Object: 'Object Repository/admin/Konf order konsumen/Menu Transaksi Market' is clicked on

2023-10-05 14:01:24 - [MESSAGE][PASSED] - Object: 'Object Repository/admin/Konf order konsumen/Menu Transaksi Market' is clicked on

2023-10-05 14:01:24 - [TEST_STEP][PASSED] - click(findTestObject("admin/Penjualan ke konsumen/a_Penjualan ke Konsumen")): Object: 'Object Repository/admin/Penjualan ke konsumen/a_Penjualan ke Konsumen' is clicked on

2023-10-05 14:01:27 - [MESSAGE][PASSED] - Object: 'Object Repository/admin/Penjualan ke konsumen/a_Penjualan ke Konsumen' is clicked on

2023-10-05 14:01:27 - [TEST_STEP][PASSED] - verifyElementPresent(findTestObject("admin/Tittle Data Transaksi Penjualan  Orderan Konsumen"), 0): Object 'Object Repository/admin/Tittle Data Transaksi Penjualan  Orderan Konsumen' is present

2023-10-05 14:01:27 - [MESSAGE][WARNING] - Timeout '0' is invalid. Using default page load timeout: '30'

2023-10-05 14:01:27 - [MESSAGE][PASSED] - Object 'Object Repository/admin/Tittle Data Transaksi Penjualan  Orderan Konsumen' is present

2023-10-05 14:01:27 - [TEST_STEP][PASSED] - return data: null

2023-10-05 14:01:27 - [MESSAGE][PASSED] - Call Test Case 'Test Cases/T13 Pembelian, Shipment dan Pembayaran/SA-001' successfully

2023-10-05 14:01:27 - [TEST_STEP][PASSED] - inv = data.get("invoice"): null

2023-10-05 14:01:27 - [TEST_STEP][PASSED] - setText(findTestObject("admin/Penjualan ke konsumen/Search"), inv): Text 'TRX60.20231005140040' is set on object 'Object Repository/admin/Penjualan ke konsumen/Search'

2023-10-05 14:01:28 - [MESSAGE][PASSED] - Text 'TRX60.20231005140040' is set on object 'Object Repository/admin/Penjualan ke konsumen/Search'

2023-10-05 14:01:28 - [TEST_STEP][PASSED] - click(findTestObject("admin/Penjualan ke konsumen/buttom konfirmasi pending payment"), CONTINUE_ON_FAILURE): Object: 'Object Repository/admin/Penjualan ke konsumen/buttom konfirmasi pending payment' is clicked on

2023-10-05 14:01:29 - [MESSAGE][PASSED] - Object: 'Object Repository/admin/Penjualan ke konsumen/buttom konfirmasi pending payment' is clicked on

2023-10-05 14:01:29 - [TEST_STEP][PASSED] - waitForAlert(5, OPTIONAL): Alert is present after 5 second(s).

2023-10-05 14:01:29 - [MESSAGE][PASSED] - Alert is present after 5 second(s).

2023-10-05 14:01:29 - [TEST_STEP][PASSED] - acceptAlert(): Alert accepted

2023-10-05 14:01:29 - [MESSAGE][PASSED] - Alert accepted

2023-10-05 14:01:29 - [TEST_STEP][PASSED] - setText(findTestObject("admin/Penjualan ke konsumen/Search"), inv): Text 'TRX60.20231005140040' is set on object 'Object Repository/admin/Penjualan ke konsumen/Search'

2023-10-05 14:01:38 - [MESSAGE][PASSED] - Text 'TRX60.20231005140040' is set on object 'Object Repository/admin/Penjualan ke konsumen/Search'

2023-10-05 14:01:38 - [TEST_STEP][PASSED] - verifyTextNotPresent("pending payment", false): Text 'pending payment' is not present on page

2023-10-05 14:01:39 - [MESSAGE][PASSED] - Text 'pending payment' is not present on page

2023-10-05 14:01:39 - [TEST_STEP][PASSED] - return data: null

2023-10-05 14:01:39 - [MESSAGE][PASSED] - Call Test Case 'Test Cases/T13 Pembelian, Shipment dan Pembayaran/SA-002' successfully

2023-10-05 14:01:39 - [TEST_STEP][PASSED] - click(findTestObject("admin/Penjualan ke konsumen/buttom scroldown")): Object: 'Object Repository/admin/Penjualan ke konsumen/buttom scroldown' is clicked on

2023-10-05 14:01:39 - [MESSAGE][PASSED] - Object: 'Object Repository/admin/Penjualan ke konsumen/buttom scroldown' is clicked on

2023-10-05 14:01:39 - [TEST_STEP][PASSED] - click(findTestObject("shipment/a_Pending"), CONTINUE_ON_FAILURE): Object: 'Object Repository/shipment/a_Pending' is clicked on

2023-10-05 14:01:40 - [MESSAGE][PASSED] - Object: 'Object Repository/shipment/a_Pending' is clicked on

2023-10-05 14:01:40 - [TEST_STEP][PASSED] - waitForAlert(5, OPTIONAL): Alert is present after 5 second(s).

2023-10-05 14:01:40 - [MESSAGE][PASSED] - Alert is present after 5 second(s).

2023-10-05 14:01:40 - [TEST_STEP][PASSED] - acceptAlert(): Alert accepted

2023-10-05 14:01:40 - [MESSAGE][PASSED] - Alert accepted

2023-10-05 14:01:40 - [TEST_STEP][PASSED] - inv = data.get("invoice"): null

2023-10-05 14:01:40 - [TEST_STEP][PASSED] - setText(findTestObject("admin/Penjualan ke konsumen/Search"), inv): Text 'TRX60.20231005140040' is set on object 'Object Repository/admin/Penjualan ke konsumen/Search'

2023-10-05 14:01:48 - [MESSAGE][PASSED] - Text 'TRX60.20231005140040' is set on object 'Object Repository/admin/Penjualan ke konsumen/Search'

2023-10-05 14:01:48 - [TEST_STEP][PASSED] - delay(10): Delayed 10 second(s)

2023-10-05 14:01:58 - [MESSAGE][PASSED] - Delayed 10 second(s)

2023-10-05 14:01:58 - [TEST_STEP][PASSED] - verifyElementText(findTestObject("PROSES PENJUALAN/Pending"), "Pending"): Actual text and expected text of test object 'Object Repository/PROSES PENJUALAN/Pending' are matched.

2023-10-05 14:01:59 - [MESSAGE][PASSED] - Actual text and expected text of test object 'Object Repository/PROSES PENJUALAN/Pending' are matched.

2023-10-05 14:01:59 - [TEST_STEP][PASSED] - pending = getText(findTestObject("PROSES PENJUALAN/Pending")): Text of object 'Object Repository/PROSES PENJUALAN/Pending' is: 'Pending'

2023-10-05 14:01:59 - [MESSAGE][PASSED] - Text of object 'Object Repository/PROSES PENJUALAN/Pending' is: 'Pending'

2023-10-05 14:01:59 - [TEST_STEP][PASSED] - data.put("statusPending", pending): null

2023-10-05 14:01:59 - [TEST_STEP][PASSED] - return data: null

2023-10-05 14:01:59 - [MESSAGE][PASSED] - Call Test Case 'Test Cases/T13 Pembelian, Shipment dan Pembayaran/SA-006' successfully

2023-10-05 14:01:59 - [TEST_STEP][PASSED] - openBrowser("https://10.9.2.63/ecommerce/"): Browser is opened with url: 'https://10.9.2.63/ecommerce/'

2023-10-05 14:01:59 - [MESSAGE][WARNING] - A browser is already opened. Closing browser and opening a new one

2023-10-05 14:02:00 - [MESSAGE][INFO] - Starting 'Edge Chromium' driver

2023-10-05 14:02:00 - [MESSAGE][INFO] - User set preference: ['acceptInsecureCerts', 'true']

2023-10-05 14:02:02 - [MESSAGE][INFO] - Action delay is set to 0 milliseconds

2023-10-05 14:02:07 - [MESSAGE][PASSED] - Browser is opened with url: 'https://10.9.2.63/ecommerce/'

2023-10-05 14:02:07 - [TEST_STEP][PASSED] - maximizeWindow(): Current window maximized

2023-10-05 14:02:07 - [MESSAGE][PASSED] - Current window maximized

2023-10-05 14:02:07 - [TEST_STEP][PASSED] - verifyElementPresent(findTestObject("Login/Home"), 0): Object 'Object Repository/Login/Home' is present

2023-10-05 14:02:07 - [MESSAGE][WARNING] - Timeout '0' is invalid. Using default page load timeout: '30'

2023-10-05 14:02:08 - [MESSAGE][PASSED] - Object 'Object Repository/Login/Home' is present

2023-10-05 14:02:08 - [TEST_STEP][PASSED] - click(findTestObject("Login/a_Login")): Object: 'Object Repository/Login/a_Login' is clicked on

2023-10-05 14:02:08 - [MESSAGE][PASSED] - Object: 'Object Repository/Login/a_Login' is clicked on

2023-10-05 14:02:08 - [TEST_STEP][PASSED] - verifyElementPresent(findTestObject("Login/Tittle Login"), 0): Object 'Object Repository/Login/Tittle Login' is present

2023-10-05 14:02:08 - [MESSAGE][WARNING] - Timeout '0' is invalid. Using default page load timeout: '30'

2023-10-05 14:02:09 - [MESSAGE][PASSED] - Object 'Object Repository/Login/Tittle Login' is present

2023-10-05 14:02:09 - [TEST_STEP][PASSED] - setText(findTestObject("Login/input_Username, Email atau No. Handphone_a"), "irfanafandi"): Text 'irfanafandi' is set on object 'Object Repository/Login/input_Username, Email atau No. Handphone_a'

2023-10-05 14:02:10 - [MESSAGE][PASSED] - Text 'irfanafandi' is set on object 'Object Repository/Login/input_Username, Email atau No. Handphone_a'

2023-10-05 14:02:10 - [TEST_STEP][PASSED] - setText(findTestObject("Login/input_Password_b"), "12345irfan"): Text '12345irfan' is set on object 'Object Repository/Login/input_Password_b'

2023-10-05 14:02:10 - [MESSAGE][PASSED] - Text '12345irfan' is set on object 'Object Repository/Login/input_Password_b'

2023-10-05 14:02:10 - [TEST_STEP][PASSED] - click(findTestObject("Login/button_Masuk")): Object: 'Object Repository/Login/button_Masuk' is clicked on

2023-10-05 14:02:12 - [MESSAGE][PASSED] - Object: 'Object Repository/Login/button_Masuk' is clicked on

2023-10-05 14:02:12 - [TEST_STEP][PASSED] - verifyElementPresent(findTestObject("Login/li_Profile"), 0): Object 'Object Repository/Login/li_Profile' is present

2023-10-05 14:02:12 - [MESSAGE][WARNING] - Timeout '0' is invalid. Using default page load timeout: '30'

2023-10-05 14:02:13 - [MESSAGE][PASSED] - Object 'Object Repository/Login/li_Profile' is present

2023-10-05 14:02:13 - [TEST_STEP][PASSED] - click(findTestObject("Konfirmasi pesanan shop/Menu Shop")): Object: 'Object Repository/Konfirmasi pesanan shop/Menu Shop' is clicked on

2023-10-05 14:02:14 - [MESSAGE][PASSED] - Object: 'Object Repository/Konfirmasi pesanan shop/Menu Shop' is clicked on

2023-10-05 14:02:14 - [TEST_STEP][PASSED] - click(findTestObject("Konfirmasi pesanan shop/Menu Shop")): Object: 'Object Repository/Konfirmasi pesanan shop/Menu Shop' is clicked on

2023-10-05 14:02:15 - [MESSAGE][PASSED] - Object: 'Object Repository/Konfirmasi pesanan shop/Menu Shop' is clicked on

2023-10-05 14:02:15 - [TEST_STEP][PASSED] - click(findTestObject("Traking Order/a_Tracking Orders")): Object: 'Object Repository/Traking Order/a_Tracking Orders' is clicked on

2023-10-05 14:02:16 - [MESSAGE][PASSED] - Object: 'Object Repository/Traking Order/a_Tracking Orders' is clicked on

2023-10-05 14:02:16 - [TEST_STEP][PASSED] - verifyElementPresent(findTestObject("Traking Order/Tittle Tracking Order"), 0): Object 'Object Repository/Traking Order/Tittle Tracking Order' is present

2023-10-05 14:02:16 - [MESSAGE][WARNING] - Timeout '0' is invalid. Using default page load timeout: '30'

2023-10-05 14:02:17 - [MESSAGE][PASSED] - Object 'Object Repository/Traking Order/Tittle Tracking Order' is present

2023-10-05 14:02:17 - [TEST_STEP][PASSED] - inv = data.get("invoice"): null

2023-10-05 14:02:17 - [TEST_STEP][PASSED] - setText(findTestObject("Traking Order/input_No Pesanan_a"), inv): Text 'TRX60.20231005140040' is set on object 'Object Repository/Traking Order/input_No Pesanan_a'

2023-10-05 14:02:17 - [MESSAGE][PASSED] - Text 'TRX60.20231005140040' is set on object 'Object Repository/Traking Order/input_No Pesanan_a'

2023-10-05 14:02:17 - [TEST_STEP][PASSED] - setText(findTestObject("Traking Order/input_Alamat E-mail_form-control"), "irfan@gmail.com"): Text 'irfan@gmail.com' is set on object 'Object Repository/Traking Order/input_Alamat E-mail_form-control'

2023-10-05 14:02:18 - [MESSAGE][PASSED] - Text 'irfan@gmail.com' is set on object 'Object Repository/Traking Order/input_Alamat E-mail_form-control'

2023-10-05 14:02:18 - [TEST_STEP][PASSED] - click(findTestObject("Traking Order/button_Lacak Pesanan")): Object: 'Object Repository/Traking Order/button_Lacak Pesanan' is clicked on

2023-10-05 14:02:21 - [MESSAGE][PASSED] - Object: 'Object Repository/Traking Order/button_Lacak Pesanan' is clicked on

2023-10-05 14:02:21 - [TEST_STEP][PASSED] - verifyElementPresent(findTestObject("Traking Order/Tittle nomor transaksi"), 0): Object 'Object Repository/Traking Order/Tittle nomor transaksi' is present

2023-10-05 14:02:22 - [MESSAGE][WARNING] - Timeout '0' is invalid. Using default page load timeout: '30'

2023-10-05 14:02:22 - [MESSAGE][PASSED] - Object 'Object Repository/Traking Order/Tittle nomor transaksi' is present

2023-10-05 14:02:22 - [TEST_STEP][PASSED] - Nama = getText(findTestObject("Object Repository/Traking Order/status traking/Nama Barang tracking order")): Text of object 'Object Repository/Traking Order/status traking/Nama Barang tracking order' is: 'Segitiga Instan Madeira - MDB5.3 Sunset'

2023-10-05 14:02:23 - [MESSAGE][PASSED] - Text of object 'Object Repository/Traking Order/status traking/Nama Barang tracking order' is: 'Segitiga Instan Madeira - MDB5.3 Sunset'

2023-10-05 14:02:23 - [TEST_STEP][PASSED] - Harga = getText(findTestObject("Object Repository/Traking Order/status traking/Harga Barang")): Text of object 'Object Repository/Traking Order/status traking/Harga Barang' is: '1,299'

2023-10-05 14:02:23 - [MESSAGE][PASSED] - Text of object 'Object Repository/Traking Order/status traking/Harga Barang' is: '1,299'

2023-10-05 14:02:23 - [TEST_STEP][PASSED] - name_product = data.get("nama_barang"): null

2023-10-05 14:02:23 - [TEST_STEP][PASSED] - price_product = data.get("price_barang"): null

2023-10-05 14:02:23 - [TEST_STEP][PASSED] - assert name_product.contains(Nama): null

2023-10-05 14:02:23 - [TEST_STEP][PASSED] - assert price_product.contains(Harga): null

2023-10-05 14:02:23 - [TEST_STEP][PASSED] - warnaa = getText(findTestObject("Object Repository/Traking Order/status traking/warna")): Text of object 'Object Repository/Traking Order/status traking/warna' is: 'Merah'

2023-10-05 14:02:23 - [MESSAGE][PASSED] - Text of object 'Object Repository/Traking Order/status traking/warna' is: 'Merah'

2023-10-05 14:02:23 - [TEST_STEP][PASSED] - ukurann = getText(findTestObject("Object Repository/Traking Order/status traking/Ukuruan")): Text of object 'Object Repository/Traking Order/status traking/Ukuruan' is: 'Menengah'

2023-10-05 14:02:24 - [MESSAGE][PASSED] - Text of object 'Object Repository/Traking Order/status traking/Ukuruan' is: 'Menengah'

2023-10-05 14:02:24 - [TEST_STEP][PASSED] - warna1 = data.get("Warna"): null

2023-10-05 14:02:24 - [TEST_STEP][PASSED] - ukuran1 = data.get("Ukuran"): null

2023-10-05 14:02:24 - [TEST_STEP][PASSED] - assert warnaa == warna1: null

2023-10-05 14:02:24 - [TEST_STEP][PASSED] - assert ukurann == ukuran1: null

2023-10-05 14:02:24 - [TEST_STEP][PASSED] - Pending = getText(findTestObject("Beli tanpa akun/Pending")): Text of object 'Object Repository/Beli tanpa akun/Pending' is: 'Pending'

2023-10-05 14:02:24 - [MESSAGE][PASSED] - Text of object 'Object Repository/Beli tanpa akun/Pending' is: 'Pending'

2023-10-05 14:02:24 - [TEST_STEP][PASSED] - statusPembayaran = data.get("statusPending"): null

2023-10-05 14:02:24 - [TEST_STEP][PASSED] - assert Pending == statusPembayaran: null]]></system-out>
         <system-err><![CDATA[]]></system-err>
      </testcase>
      <testcase name="Test Cases/T13 Pembelian, Shipment dan Pembayaran/SU-006" time="121.258" classname="Test Cases/T13 Pembelian, Shipment dan Pembayaran/SU-006" status="PASSED">
         <system-out><![CDATA[2023-10-05 14:02:24 - [TEST_CASE][PASSED] - Test Cases/T13 Pembelian, Shipment dan Pembayaran/SU-006: Test Cases/T13 Pembelian, Shipment dan Pembayaran/SU-006

2023-10-05 14:02:24 - [TEST_STEP][PASSED] - data = callTestCase(findTestCase("T13 Pembelian, Shipment dan Pembayaran/SA-005"), [:], STOP_ON_FAILURE): Call Test Case 'Test Cases/T13 Pembelian, Shipment dan Pembayaran/SA-005' successfully

2023-10-05 14:02:25 - [TEST_CASE][PASSED] - Test Cases/T13 Pembelian, Shipment dan Pembayaran/SA-005: Test Cases/T13 Pembelian, Shipment dan Pembayaran/SA-005

2023-10-05 14:02:25 - [TEST_STEP][PASSED] - data = callTestCase(findTestCase("T13 Pembelian, Shipment dan Pembayaran/SA-002"), [:], STOP_ON_FAILURE): Call Test Case 'Test Cases/T13 Pembelian, Shipment dan Pembayaran/SA-002' successfully

2023-10-05 14:02:25 - [TEST_CASE][PASSED] - Test Cases/T13 Pembelian, Shipment dan Pembayaran/SA-002: Test Cases/T13 Pembelian, Shipment dan Pembayaran/SA-002

2023-10-05 14:02:25 - [TEST_STEP][PASSED] - data = callTestCase(findTestCase("T13 Pembelian, Shipment dan Pembayaran/SA-001"), [:], STOP_ON_FAILURE): Call Test Case 'Test Cases/T13 Pembelian, Shipment dan Pembayaran/SA-001' successfully

2023-10-05 14:02:25 - [TEST_CASE][PASSED] - Test Cases/T13 Pembelian, Shipment dan Pembayaran/SA-001: Test Cases/T13 Pembelian, Shipment dan Pembayaran/SA-001

2023-10-05 14:02:25 - [TEST_STEP][PASSED] - data = callTestCase(findTestCase("T13 Pembelian, Shipment dan Pembayaran/PBYA-001"), [:], STOP_ON_FAILURE): Call Test Case 'Test Cases/T13 Pembelian, Shipment dan Pembayaran/PBYA-001' successfully

2023-10-05 14:02:25 - [TEST_CASE][PASSED] - Test Cases/T13 Pembelian, Shipment dan Pembayaran/PBYA-001: Test Cases/T13 Pembelian, Shipment dan Pembayaran/PBYA-001

2023-10-05 14:02:25 - [TEST_STEP][PASSED] - data = callTestCase(findTestCase("T13 Pembelian, Shipment dan Pembayaran/PBY-004"), [:], STOP_ON_FAILURE): Call Test Case 'Test Cases/T13 Pembelian, Shipment dan Pembayaran/PBY-004' successfully

2023-10-05 14:02:25 - [TEST_CASE][PASSED] - Test Cases/T13 Pembelian, Shipment dan Pembayaran/PBY-004: Test Cases/T13 Pembelian, Shipment dan Pembayaran/PBY-004

2023-10-05 14:02:25 - [TEST_STEP][PASSED] - data = callTestCase(findTestCase("T13 Pembelian, Shipment dan Pembayaran/PBY-001"), [:], STOP_ON_FAILURE): Call Test Case 'Test Cases/T13 Pembelian, Shipment dan Pembayaran/PBY-001' successfully

2023-10-05 14:02:25 - [TEST_CASE][PASSED] - Test Cases/T13 Pembelian, Shipment dan Pembayaran/PBY-001: Test Cases/T13 Pembelian, Shipment dan Pembayaran/PBY-001

2023-10-05 14:02:25 - [TEST_STEP][PASSED] - data = callTestCase(findTestCase("T13 Pembelian, Shipment dan Pembayaran/PBL-004"), ["Kurir":"Roda 2"], STOP_ON_FAILURE): Call Test Case 'Test Cases/T13 Pembelian, Shipment dan Pembayaran/PBL-004' successfully

2023-10-05 14:02:25 - [TEST_CASE][PASSED] - Test Cases/T13 Pembelian, Shipment dan Pembayaran/PBL-004: Test Cases/T13 Pembelian, Shipment dan Pembayaran/PBL-004

2023-10-05 14:02:25 - [TEST_STEP][PASSED] - data = callTestCase(findTestCase("T13 Pembelian, Shipment dan Pembayaran/PBL-002"), [:], STOP_ON_FAILURE): Call Test Case 'Test Cases/T13 Pembelian, Shipment dan Pembayaran/PBL-002' successfully

2023-10-05 14:02:25 - [TEST_CASE][PASSED] - Test Cases/T13 Pembelian, Shipment dan Pembayaran/PBL-002: Test Cases/T13 Pembelian, Shipment dan Pembayaran/PBL-002

2023-10-05 14:02:25 - [TEST_STEP][PASSED] - data = callTestCase(findTestCase("T13 Pembelian, Shipment dan Pembayaran/PBL-001"), [:], STOP_ON_FAILURE): Call Test Case 'Test Cases/T13 Pembelian, Shipment dan Pembayaran/PBL-001' successfully

2023-10-05 14:02:25 - [TEST_CASE][PASSED] - Test Cases/T13 Pembelian, Shipment dan Pembayaran/PBL-001: Test Cases/T13 Pembelian, Shipment dan Pembayaran/PBL-001

2023-10-05 14:02:25 - [TEST_STEP][PASSED] - callTestCase(findTestCase("T13 Pembelian, Shipment dan Pembayaran/LU-001"), ["username":"irfanafandi", "password":"12345irfan"], STOP_ON_FAILURE): Call Test Case 'Test Cases/T13 Pembelian, Shipment dan Pembayaran/LU-001' successfully

2023-10-05 14:02:25 - [TEST_CASE][PASSED] - Test Cases/T13 Pembelian, Shipment dan Pembayaran/LU-001: Test Cases/T13 Pembelian, Shipment dan Pembayaran/LU-001

2023-10-05 14:02:25 - [TEST_STEP][PASSED] - openBrowser("https://10.9.2.63/ecommerce/"): Browser is opened with url: 'https://10.9.2.63/ecommerce/'

2023-10-05 14:02:25 - [MESSAGE][WARNING] - A browser is already opened. Closing browser and opening a new one

2023-10-05 14:02:26 - [MESSAGE][INFO] - Starting 'Edge Chromium' driver

2023-10-05 14:02:26 - [MESSAGE][INFO] - User set preference: ['acceptInsecureCerts', 'true']

2023-10-05 14:02:28 - [MESSAGE][INFO] - Action delay is set to 0 milliseconds

2023-10-05 14:02:31 - [MESSAGE][PASSED] - Browser is opened with url: 'https://10.9.2.63/ecommerce/'

2023-10-05 14:02:31 - [TEST_STEP][PASSED] - maximizeWindow(): Current window maximized

2023-10-05 14:02:31 - [MESSAGE][PASSED] - Current window maximized

2023-10-05 14:02:31 - [TEST_STEP][PASSED] - verifyElementPresent(findTestObject("Login/Home"), 0): Object 'Object Repository/Login/Home' is present

2023-10-05 14:02:31 - [MESSAGE][WARNING] - Timeout '0' is invalid. Using default page load timeout: '30'

2023-10-05 14:02:32 - [MESSAGE][PASSED] - Object 'Object Repository/Login/Home' is present

2023-10-05 14:02:32 - [TEST_STEP][PASSED] - click(findTestObject("Login/a_Login")): Object: 'Object Repository/Login/a_Login' is clicked on

2023-10-05 14:02:32 - [MESSAGE][PASSED] - Object: 'Object Repository/Login/a_Login' is clicked on

2023-10-05 14:02:32 - [TEST_STEP][PASSED] - verifyElementPresent(findTestObject("Login/Tittle Login"), 0): Object 'Object Repository/Login/Tittle Login' is present

2023-10-05 14:02:33 - [MESSAGE][WARNING] - Timeout '0' is invalid. Using default page load timeout: '30'

2023-10-05 14:02:33 - [MESSAGE][PASSED] - Object 'Object Repository/Login/Tittle Login' is present

2023-10-05 14:02:33 - [TEST_STEP][PASSED] - setText(findTestObject("Login/input_Username, Email atau No. Handphone_a"), username): Text 'irfanafandi' is set on object 'Object Repository/Login/input_Username, Email atau No. Handphone_a'

2023-10-05 14:02:34 - [MESSAGE][PASSED] - Text 'irfanafandi' is set on object 'Object Repository/Login/input_Username, Email atau No. Handphone_a'

2023-10-05 14:02:34 - [TEST_STEP][PASSED] - setText(findTestObject("Login/input_Password_b"), password): Text '12345irfan' is set on object 'Object Repository/Login/input_Password_b'

2023-10-05 14:02:35 - [MESSAGE][PASSED] - Text '12345irfan' is set on object 'Object Repository/Login/input_Password_b'

2023-10-05 14:02:35 - [TEST_STEP][PASSED] - click(findTestObject("Login/label_Ingat saya")): Object: 'Object Repository/Login/label_Ingat saya' is clicked on

2023-10-05 14:02:35 - [MESSAGE][PASSED] - Object: 'Object Repository/Login/label_Ingat saya' is clicked on

2023-10-05 14:02:35 - [TEST_STEP][PASSED] - click(findTestObject("Login/button_Masuk")): Object: 'Object Repository/Login/button_Masuk' is clicked on

2023-10-05 14:02:37 - [MESSAGE][PASSED] - Object: 'Object Repository/Login/button_Masuk' is clicked on

2023-10-05 14:02:37 - [TEST_STEP][PASSED] - verifyElementPresent(findTestObject("Login/li_Profile"), 0): Object 'Object Repository/Login/li_Profile' is present

2023-10-05 14:02:37 - [MESSAGE][WARNING] - Timeout '0' is invalid. Using default page load timeout: '30'

2023-10-05 14:02:37 - [MESSAGE][PASSED] - Object 'Object Repository/Login/li_Profile' is present

2023-10-05 14:02:37 - [MESSAGE][PASSED] - Call Test Case 'Test Cases/T13 Pembelian, Shipment dan Pembayaran/LU-001' successfully

2023-10-05 14:02:37 - [TEST_STEP][PASSED] - mouseOver(findTestObject("beli barang/i_Mulai Belanja_icon-menu")): Object: 'Object Repository/beli barang/i_Mulai Belanja_icon-menu' is hovered

2023-10-05 14:02:38 - [MESSAGE][PASSED] - Object: 'Object Repository/beli barang/i_Mulai Belanja_icon-menu' is hovered

2023-10-05 14:02:38 - [TEST_STEP][PASSED] - click(findTestObject("beli barang/a_Fashion  Busana Wanita")): Object: 'Object Repository/beli barang/a_Fashion  Busana Wanita' is clicked on

2023-10-05 14:02:39 - [MESSAGE][PASSED] - Object: 'Object Repository/beli barang/a_Fashion  Busana Wanita' is clicked on

2023-10-05 14:02:39 - [TEST_STEP][PASSED] - NamaSebelum = getText(findTestObject("verifikasi/Nama sebelum")): Text of object 'Object Repository/verifikasi/Nama sebelum' is: ''

2023-10-05 14:02:40 - [MESSAGE][PASSED] - Text of object 'Object Repository/verifikasi/Nama sebelum' is: ''

2023-10-05 14:02:40 - [TEST_STEP][PASSED] - HargaSebelum = getText(findTestObject("verifikasi/Harga sebelum")): Text of object 'Object Repository/verifikasi/Harga sebelum' is: 'Rp 1,299'

2023-10-05 14:02:40 - [MESSAGE][PASSED] - Text of object 'Object Repository/verifikasi/Harga sebelum' is: 'Rp 1,299'

2023-10-05 14:02:40 - [TEST_STEP][PASSED] - mouseOver(findTestObject("beli barang/barang mouse over")): Object: 'Object Repository/beli barang/barang mouse over' is hovered

2023-10-05 14:02:41 - [MESSAGE][PASSED] - Object: 'Object Repository/beli barang/barang mouse over' is hovered

2023-10-05 14:02:41 - [TEST_STEP][PASSED] - click(findTestObject("beli barang/buttom add to cart")): Object: 'Object Repository/beli barang/buttom add to cart' is clicked on

2023-10-05 14:02:42 - [MESSAGE][PASSED] - Object: 'Object Repository/beli barang/buttom add to cart' is clicked on

2023-10-05 14:02:42 - [TEST_STEP][PASSED] - NamaSesudah = getText(findTestObject("verifikasi/Nama sesudah")): Text of object 'Object Repository/verifikasi/Nama sesudah' is: 'Segitiga Instan Madeira - MDB5.3 Sunset'

2023-10-05 14:02:43 - [MESSAGE][PASSED] - Text of object 'Object Repository/verifikasi/Nama sesudah' is: 'Segitiga Instan Madeira - MDB5.3 Sunset'

2023-10-05 14:02:43 - [TEST_STEP][PASSED] - HargaSesudah = getText(findTestObject("verifikasi/Harga sesudah")): Text of object 'Object Repository/verifikasi/Harga sesudah' is: 'Rp 1,299'

2023-10-05 14:02:43 - [MESSAGE][PASSED] - Text of object 'Object Repository/verifikasi/Harga sesudah' is: 'Rp 1,299'

2023-10-05 14:02:43 - [TEST_STEP][PASSED] - assert NamaSesudah.contains(NamaSebelum): null

2023-10-05 14:02:43 - [TEST_STEP][PASSED] - assert HargaSesudah.contains(HargaSebelum): null

2023-10-05 14:02:43 - [TEST_STEP][PASSED] - click(findTestObject("beli barang/Tambah Keranjang busana wanita")): Object: 'Object Repository/beli barang/Tambah Keranjang busana wanita' is clicked on

2023-10-05 14:02:44 - [MESSAGE][PASSED] - Object: 'Object Repository/beli barang/Tambah Keranjang busana wanita' is clicked on

2023-10-05 14:02:44 - [TEST_STEP][PASSED] - verifyElementPresent(findTestObject("checkout/Notifikasi keranjang"), 1): Object 'Object Repository/checkout/Notifikasi keranjang' is present

2023-10-05 14:02:44 - [MESSAGE][PASSED] - Object 'Object Repository/checkout/Notifikasi keranjang' is present

2023-10-05 14:02:44 - [TEST_STEP][PASSED] - data = new java.util.HashMap(): null

2023-10-05 14:02:44 - [TEST_STEP][PASSED] - data.put("nama_barang", NamaSesudah): null

2023-10-05 14:02:44 - [TEST_STEP][PASSED] - data.put("price_barang", HargaSesudah): null

2023-10-05 14:02:44 - [TEST_STEP][PASSED] - return data: null

2023-10-05 14:02:44 - [MESSAGE][PASSED] - Call Test Case 'Test Cases/T13 Pembelian, Shipment dan Pembayaran/PBL-001' successfully

2023-10-05 14:02:44 - [TEST_STEP][PASSED] - mouseOver(findTestObject("beli barang/keranjang")): Object: 'Object Repository/beli barang/keranjang' is hovered

2023-10-05 14:02:45 - [MESSAGE][PASSED] - Object: 'Object Repository/beli barang/keranjang' is hovered

2023-10-05 14:02:45 - [TEST_STEP][PASSED] - click(findTestObject("beli barang/Lihat Sekarang")): Object: 'Object Repository/beli barang/Lihat Sekarang' is clicked on

2023-10-05 14:02:46 - [MESSAGE][PASSED] - Object: 'Object Repository/beli barang/Lihat Sekarang' is clicked on

2023-10-05 14:02:46 - [TEST_STEP][PASSED] - verifyElementPresent(findTestObject("keranjang/li_Keranjang Belanja"), 0): Object 'Object Repository/keranjang/li_Keranjang Belanja' is present

2023-10-05 14:02:46 - [MESSAGE][WARNING] - Timeout '0' is invalid. Using default page load timeout: '30'

2023-10-05 14:02:47 - [MESSAGE][PASSED] - Object 'Object Repository/keranjang/li_Keranjang Belanja' is present

2023-10-05 14:02:47 - [TEST_STEP][PASSED] - NamaKeranjang = getText(findTestObject("verifikasi/Nama keranjang")): Text of object 'Object Repository/verifikasi/Nama keranjang' is: 'Segitiga Instan Madeira - MDB5.3 Sunset'

2023-10-05 14:02:47 - [MESSAGE][PASSED] - Text of object 'Object Repository/verifikasi/Nama keranjang' is: 'Segitiga Instan Madeira - MDB5.3 Sunset'

2023-10-05 14:02:47 - [TEST_STEP][PASSED] - HargaKeranjang = getText(findTestObject("verifikasi/Harga Keranjang")): Text of object 'Object Repository/verifikasi/Harga Keranjang' is: 'Rp 1,299'

2023-10-05 14:02:48 - [MESSAGE][PASSED] - Text of object 'Object Repository/verifikasi/Harga Keranjang' is: 'Rp 1,299'

2023-10-05 14:02:48 - [TEST_STEP][PASSED] - if (toString().equalsIgnoreCase("Merah")): Object 'Object Repository/keranjang/input_Warna_variasi101' is checked

2023-10-05 14:02:48 - [TEST_STEP][PASSED] - check(findTestObject("Object Repository/keranjang/input_Warna_variasi101")): Object 'Object Repository/keranjang/input_Warna_variasi101' is checked

2023-10-05 14:02:48 - [MESSAGE][PASSED] - Object 'Object Repository/keranjang/input_Warna_variasi101' is checked

2023-10-05 14:02:48 - [TEST_STEP][PASSED] - if (toString().equalsIgnoreCase("Menengah")): Object 'Object Repository/keranjang/input_Ukuran_variasi201' is checked

2023-10-05 14:02:48 - [TEST_STEP][PASSED] - check(findTestObject("Object Repository/keranjang/input_Ukuran_variasi201")): Object 'Object Repository/keranjang/input_Ukuran_variasi201' is checked

2023-10-05 14:02:49 - [MESSAGE][PASSED] - Object 'Object Repository/keranjang/input_Ukuran_variasi201' is checked

2023-10-05 14:02:49 - [TEST_STEP][PASSED] - data.put("Warna", warna): null

2023-10-05 14:02:49 - [TEST_STEP][PASSED] - data.put("Ukuran", ukuran): null

2023-10-05 14:02:49 - [TEST_STEP][PASSED] - click(findTestObject("keranjang/button_Lanjut ke Pembayaran")): Object: 'Object Repository/keranjang/button_Lanjut ke Pembayaran' is clicked on

2023-10-05 14:02:50 - [MESSAGE][PASSED] - Object: 'Object Repository/keranjang/button_Lanjut ke Pembayaran' is clicked on

2023-10-05 14:02:50 - [TEST_STEP][PASSED] - verifyElementPresent(findTestObject("checkout/Tittle Checkout Order"), 0): Object 'Object Repository/checkout/Tittle Checkout Order' is present

2023-10-05 14:02:50 - [MESSAGE][WARNING] - Timeout '0' is invalid. Using default page load timeout: '30'

2023-10-05 14:02:51 - [MESSAGE][PASSED] - Object 'Object Repository/checkout/Tittle Checkout Order' is present

2023-10-05 14:02:51 - [TEST_STEP][PASSED] - name_product = data.get("nama_barang"): null

2023-10-05 14:02:51 - [TEST_STEP][PASSED] - price_product = data.get("price_barang"): null

2023-10-05 14:02:51 - [TEST_STEP][PASSED] - assert name_product == NamaKeranjang: null

2023-10-05 14:02:51 - [TEST_STEP][PASSED] - assert price_product == HargaKeranjang: null

2023-10-05 14:02:51 - [TEST_STEP][PASSED] - return data: null

2023-10-05 14:02:51 - [MESSAGE][PASSED] - Call Test Case 'Test Cases/T13 Pembelian, Shipment dan Pembayaran/PBL-002' successfully

2023-10-05 14:02:51 - [TEST_STEP][PASSED] - warnaa = getText(findTestObject("verifikasi/warna Merah")): Text of object 'Object Repository/verifikasi/warna Merah' is: 'Merah'

2023-10-05 14:02:52 - [MESSAGE][PASSED] - Text of object 'Object Repository/verifikasi/warna Merah' is: 'Merah'

2023-10-05 14:02:52 - [TEST_STEP][PASSED] - ukurann = getText(findTestObject("verifikasi/Ukuran Menengah")): Text of object 'Object Repository/verifikasi/Ukuran Menengah' is: 'Menengah'

2023-10-05 14:02:52 - [MESSAGE][PASSED] - Text of object 'Object Repository/verifikasi/Ukuran Menengah' is: 'Menengah'

2023-10-05 14:02:52 - [TEST_STEP][PASSED] - warna1 = data.get("Warna"): null

2023-10-05 14:02:52 - [TEST_STEP][PASSED] - ukuran1 = data.get("Ukuran"): null

2023-10-05 14:02:52 - [TEST_STEP][PASSED] - assert warnaa == warna1: null

2023-10-05 14:02:52 - [TEST_STEP][PASSED] - assert ukurann == ukuran1: null

2023-10-05 14:02:52 - [TEST_STEP][PASSED] - NamaCheckout = getText(findTestObject("verifikasi/NamaCheckout")): Text of object 'Object Repository/verifikasi/NamaCheckout' is: ''

2023-10-05 14:02:52 - [MESSAGE][PASSED] - Text of object 'Object Repository/verifikasi/NamaCheckout' is: ''

2023-10-05 14:02:52 - [TEST_STEP][PASSED] - HargaCheckout = getText(findTestObject("verifikasi/HargaCheckout")): Text of object 'Object Repository/verifikasi/HargaCheckout' is: '1,299'

2023-10-05 14:02:53 - [MESSAGE][PASSED] - Text of object 'Object Repository/verifikasi/HargaCheckout' is: '1,299'

2023-10-05 14:02:53 - [TEST_STEP][PASSED] - name_product = data.get("nama_barang"): null

2023-10-05 14:02:53 - [TEST_STEP][PASSED] - price_product = data.get("price_barang"): null

2023-10-05 14:02:53 - [TEST_STEP][PASSED] - assert name_product.contains(NamaCheckout): null

2023-10-05 14:02:53 - [TEST_STEP][PASSED] - assert price_product.contains(HargaCheckout): null

2023-10-05 14:02:53 - [TEST_STEP][PASSED] - selectOptionByLabel(findTestObject("checkout/select - Kirim via Kurir Lokal"), Kurir, false): All options with label 'Roda 2' are selected in object 'Object Repository/checkout/select - Kirim via Kurir Lokal' 

2023-10-05 14:02:53 - [MESSAGE][PASSED] - All options with label 'Roda 2' are selected in object 'Object Repository/checkout/select - Kirim via Kurir Lokal' 

2023-10-05 14:02:53 - [TEST_STEP][PASSED] - click(findTestObject("checkout/Kendaraan Kurir")): Object: 'Object Repository/checkout/Kendaraan Kurir' is clicked on

2023-10-05 14:02:54 - [MESSAGE][PASSED] - Object: 'Object Repository/checkout/Kendaraan Kurir' is clicked on

2023-10-05 14:02:54 - [TEST_STEP][PASSED] - OngkosKirim = getText(findTestObject("Object Repository/verifikasi/Ongkos Kirim checkout")): Text of object 'Object Repository/verifikasi/Ongkos Kirim checkout' is: 'Rp. 5,000'

2023-10-05 14:02:55 - [MESSAGE][PASSED] - Text of object 'Object Repository/verifikasi/Ongkos Kirim checkout' is: 'Rp. 5,000'

2023-10-05 14:02:55 - [TEST_STEP][PASSED] - Ongkos = OngkosKirim.substring(3, OngkosKirim.size()): null

2023-10-05 14:02:55 - [TEST_STEP][PASSED] - rep = Ongkos.replace(",", "."): null

2023-10-05 14:02:55 - [TEST_STEP][PASSED] - Ongkos_kirim = Double.parseDouble(rep): null

2023-10-05 14:02:55 - [TEST_STEP][PASSED] - println(Ongkos_kirim): null

2023-10-05 14:02:55 - [TEST_STEP][PASSED] - FeeAdmin = getText(findTestObject("verifikasi/Fee Admin checkout")): Text of object 'Object Repository/verifikasi/Fee Admin checkout' is: 'Fee Admin
Rp 1,500'

2023-10-05 14:02:55 - [MESSAGE][PASSED] - Text of object 'Object Repository/verifikasi/Fee Admin checkout' is: 'Fee Admin
Rp 1,500'

2023-10-05 14:02:55 - [TEST_STEP][PASSED] - Fee_Admin = FeeAdmin.substring(12, FeeAdmin.size()): null

2023-10-05 14:02:55 - [TEST_STEP][PASSED] - fee = Fee_Admin.replace(",", "."): null

2023-10-05 14:02:55 - [TEST_STEP][PASSED] - fee_admin = Double.parseDouble(fee): null

2023-10-05 14:02:55 - [TEST_STEP][PASSED] - println(fee_admin): null

2023-10-05 14:02:55 - [TEST_STEP][PASSED] - Subtotal = getText(findTestObject("verifikasi/subtotal checkout")): Text of object 'Object Repository/verifikasi/subtotal checkout' is: 'Subtotal
Rp 1,299'

2023-10-05 14:02:56 - [MESSAGE][PASSED] - Text of object 'Object Repository/verifikasi/subtotal checkout' is: 'Subtotal
Rp 1,299'

2023-10-05 14:02:56 - [TEST_STEP][PASSED] - sub_total = Subtotal.substring(12, Subtotal.size()): null

2023-10-05 14:02:56 - [TEST_STEP][PASSED] - sub = sub_total.replace(",", "."): null

2023-10-05 14:02:56 - [TEST_STEP][PASSED] - sub_total = Double.parseDouble(sub): null

2023-10-05 14:02:56 - [TEST_STEP][PASSED] - println(sub_total): null

2023-10-05 14:02:56 - [TEST_STEP][PASSED] - Total = getText(findTestObject("verifikasi/Total checkout")): Text of object 'Object Repository/verifikasi/Total checkout' is: 'Rp 7,799'

2023-10-05 14:02:56 - [MESSAGE][PASSED] - Text of object 'Object Repository/verifikasi/Total checkout' is: 'Rp 7,799'

2023-10-05 14:02:56 - [TEST_STEP][PASSED] - totall = Total.substring(3, Total.size()): null

2023-10-05 14:02:56 - [TEST_STEP][PASSED] - total = totall.replace(",", "."): null

2023-10-05 14:02:56 - [TEST_STEP][PASSED] - totall = Double.parseDouble(total): null

2023-10-05 14:02:56 - [TEST_STEP][PASSED] - println(totall): null

2023-10-05 14:02:56 - [TEST_STEP][PASSED] - Total_Harga = Ongkos_kirim + fee_admin + sub_total: null

2023-10-05 14:02:56 - [TEST_STEP][PASSED] - println(Total_Harga): null

2023-10-05 14:02:56 - [TEST_STEP][PASSED] - TotalHarga = Math.round(Total_Harga * 1000) / 1000: null

2023-10-05 14:02:56 - [TEST_STEP][PASSED] - println(TotalHarga): null

2023-10-05 14:02:56 - [TEST_STEP][PASSED] - assert totall == TotalHarga: null

2023-10-05 14:02:56 - [TEST_STEP][PASSED] - click(findTestObject("verifikasi/Metode Transfer")): Object: 'Object Repository/verifikasi/Metode Transfer' is clicked on

2023-10-05 14:02:56 - [MESSAGE][PASSED] - Object: 'Object Repository/verifikasi/Metode Transfer' is clicked on

2023-10-05 14:02:56 - [TEST_STEP][PASSED] - click(findTestObject("checkout/button_Proses Pembayaran")): Object: 'Object Repository/checkout/button_Proses Pembayaran' is clicked on

2023-10-05 14:03:05 - [MESSAGE][PASSED] - Object: 'Object Repository/checkout/button_Proses Pembayaran' is clicked on

2023-10-05 14:03:05 - [TEST_STEP][PASSED] - verifyElementPresent(findTestObject("pembayaran/Tittle nomor invoice"), 0): Object 'Object Repository/pembayaran/Tittle nomor invoice' is present

2023-10-05 14:03:05 - [MESSAGE][WARNING] - Timeout '0' is invalid. Using default page load timeout: '30'

2023-10-05 14:03:06 - [MESSAGE][PASSED] - Object 'Object Repository/pembayaran/Tittle nomor invoice' is present

2023-10-05 14:03:06 - [TEST_STEP][PASSED] - return data: null

2023-10-05 14:03:06 - [MESSAGE][PASSED] - Call Test Case 'Test Cases/T13 Pembelian, Shipment dan Pembayaran/PBL-004' successfully

2023-10-05 14:03:06 - [TEST_STEP][PASSED] - Invoice = getText(findTestObject("pembayaran/nomor invoice")): Text of object 'Object Repository/pembayaran/nomor invoice' is: 'TRX60.20231005140300'

2023-10-05 14:03:07 - [MESSAGE][PASSED] - Text of object 'Object Repository/pembayaran/nomor invoice' is: 'TRX60.20231005140300'

2023-10-05 14:03:07 - [TEST_STEP][PASSED] - data.put("invoice", Invoice): null

2023-10-05 14:03:07 - [TEST_STEP][PASSED] - NamaPemesan = getText(findTestObject("Konfirmasi pesanan shop/Nama pemesan")): Text of object 'Object Repository/Konfirmasi pesanan shop/Nama pemesan' is: 'irfan.afandi'

2023-10-05 14:03:07 - [MESSAGE][PASSED] - Text of object 'Object Repository/Konfirmasi pesanan shop/Nama pemesan' is: 'irfan.afandi'

2023-10-05 14:03:07 - [TEST_STEP][PASSED] - Nama = getText(findTestObject("pembayaran/Nama barang")): Text of object 'Object Repository/pembayaran/Nama barang' is: 'Segitiga Instan Madeira - MDB5.3 Sunset'

2023-10-05 14:03:08 - [MESSAGE][PASSED] - Text of object 'Object Repository/pembayaran/Nama barang' is: 'Segitiga Instan Madeira - MDB5.3 Sunset'

2023-10-05 14:03:08 - [TEST_STEP][PASSED] - Harga = getText(findTestObject("pembayaran/Harga barang")): Text of object 'Object Repository/pembayaran/Harga barang' is: '1,299'

2023-10-05 14:03:08 - [MESSAGE][PASSED] - Text of object 'Object Repository/pembayaran/Harga barang' is: '1,299'

2023-10-05 14:03:08 - [TEST_STEP][PASSED] - name_product = data.get("nama_barang"): null

2023-10-05 14:03:08 - [TEST_STEP][PASSED] - price_product = data.get("price_barang"): null

2023-10-05 14:03:08 - [TEST_STEP][PASSED] - assert name_product.contains(Nama): null

2023-10-05 14:03:08 - [TEST_STEP][PASSED] - assert price_product.contains(Harga): null

2023-10-05 14:03:08 - [TEST_STEP][PASSED] - warnaa = getText(findTestObject("pembayaran/warna")): Text of object 'Object Repository/pembayaran/warna' is: 'Merah'

2023-10-05 14:03:09 - [MESSAGE][PASSED] - Text of object 'Object Repository/pembayaran/warna' is: 'Merah'

2023-10-05 14:03:09 - [TEST_STEP][PASSED] - ukurann = getText(findTestObject("pembayaran/ukuran")): Text of object 'Object Repository/pembayaran/ukuran' is: 'Menengah'

2023-10-05 14:03:09 - [MESSAGE][PASSED] - Text of object 'Object Repository/pembayaran/ukuran' is: 'Menengah'

2023-10-05 14:03:09 - [TEST_STEP][PASSED] - warna1 = data.get("Warna"): null

2023-10-05 14:03:09 - [TEST_STEP][PASSED] - ukuran1 = data.get("Ukuran"): null

2023-10-05 14:03:09 - [TEST_STEP][PASSED] - assert warnaa == warna1: null

2023-10-05 14:03:09 - [TEST_STEP][PASSED] - assert ukurann == ukuran1: null

2023-10-05 14:03:09 - [TEST_STEP][PASSED] - statusPembelian = getText(findTestObject("verifikasi/Status pending di pembelian")): Text of object 'Object Repository/verifikasi/Status pending di pembelian' is: 'Pending'

2023-10-05 14:03:10 - [MESSAGE][PASSED] - Text of object 'Object Repository/verifikasi/Status pending di pembelian' is: 'Pending'

2023-10-05 14:03:10 - [TEST_STEP][PASSED] - data.put("statusPem", statusPembelian): null

2023-10-05 14:03:10 - [TEST_STEP][PASSED] - OngkosKirim = getText(findTestObject("pembayaran/ongkos kirim")): Text of object 'Object Repository/pembayaran/ongkos kirim' is: 'Rp 5,000'

2023-10-05 14:03:10 - [MESSAGE][PASSED] - Text of object 'Object Repository/pembayaran/ongkos kirim' is: 'Rp 5,000'

2023-10-05 14:03:10 - [TEST_STEP][PASSED] - Ongkos = OngkosKirim.substring(3, OngkosKirim.size()): null

2023-10-05 14:03:10 - [TEST_STEP][PASSED] - rep = Ongkos.replace(",", ""): null

2023-10-05 14:03:10 - [TEST_STEP][PASSED] - Ongkos_kirimm = Integer.parseInt(rep): null

2023-10-05 14:03:10 - [TEST_STEP][PASSED] - println(Ongkos_kirimm): null

2023-10-05 14:03:10 - [TEST_STEP][PASSED] - FeeAdmin = getText(findTestObject("pembayaran/fee admin")): Text of object 'Object Repository/pembayaran/fee admin' is: 'Rp 1,500'

2023-10-05 14:03:11 - [MESSAGE][PASSED] - Text of object 'Object Repository/pembayaran/fee admin' is: 'Rp 1,500'

2023-10-05 14:03:11 - [TEST_STEP][PASSED] - Fee_Admin = FeeAdmin.substring(3, FeeAdmin.size()): null

2023-10-05 14:03:11 - [TEST_STEP][PASSED] - fee = Fee_Admin.replace(",", ""): null

2023-10-05 14:03:11 - [TEST_STEP][PASSED] - fee_adminn = Integer.parseInt(fee): null

2023-10-05 14:03:11 - [TEST_STEP][PASSED] - println(fee_adminn): null

2023-10-05 14:03:11 - [TEST_STEP][PASSED] - Subtotal = getText(findTestObject("pembayaran/subtotal")): Text of object 'Object Repository/pembayaran/subtotal' is: 'Rp 1,299'

2023-10-05 14:03:11 - [MESSAGE][PASSED] - Text of object 'Object Repository/pembayaran/subtotal' is: 'Rp 1,299'

2023-10-05 14:03:11 - [TEST_STEP][PASSED] - sub_total = Subtotal.substring(3, Subtotal.size()): null

2023-10-05 14:03:11 - [TEST_STEP][PASSED] - sub = sub_total.replace(",", ""): null

2023-10-05 14:03:11 - [TEST_STEP][PASSED] - sub_totall = Integer.parseInt(sub): null

2023-10-05 14:03:11 - [TEST_STEP][PASSED] - println(sub_totall): null

2023-10-05 14:03:11 - [TEST_STEP][PASSED] - unik = getText(findTestObject("pembayaran/kode unik")): Text of object 'Object Repository/pembayaran/kode unik' is: '+300'

2023-10-05 14:03:12 - [MESSAGE][PASSED] - Text of object 'Object Repository/pembayaran/kode unik' is: '+300'

2023-10-05 14:03:12 - [TEST_STEP][PASSED] - unikk = unik.replace("+", ""): null

2023-10-05 14:03:12 - [TEST_STEP][PASSED] - kode_unik = Integer.parseInt(unikk): null

2023-10-05 14:03:12 - [TEST_STEP][PASSED] - println(kode_unik): null

2023-10-05 14:03:12 - [TEST_STEP][PASSED] - Total = getText(findTestObject("pembayaran/total")): Text of object 'Object Repository/pembayaran/total' is: '8,099'

2023-10-05 14:03:12 - [MESSAGE][PASSED] - Text of object 'Object Repository/pembayaran/total' is: '8,099'

2023-10-05 14:03:12 - [TEST_STEP][PASSED] - total = Total.replace(",", ""): null

2023-10-05 14:03:12 - [TEST_STEP][PASSED] - totalll = Integer.parseInt(total): null

2023-10-05 14:03:12 - [TEST_STEP][PASSED] - println(totalll): null

2023-10-05 14:03:12 - [TEST_STEP][PASSED] - Total_Hargaa = Ongkos_kirimm + fee_adminn + sub_totall + kode_unik: null

2023-10-05 14:03:12 - [TEST_STEP][PASSED] - println(Total_Hargaa): null

2023-10-05 14:03:12 - [TEST_STEP][PASSED] - assert totalll == Total_Hargaa: null

2023-10-05 14:03:12 - [TEST_STEP][PASSED] - data.put("total", Total): null

2023-10-05 14:03:12 - [TEST_STEP][PASSED] - data.put("nama", NamaPemesan): null

2023-10-05 14:03:12 - [TEST_STEP][PASSED] - return data: null

2023-10-05 14:03:12 - [MESSAGE][PASSED] - Call Test Case 'Test Cases/T13 Pembelian, Shipment dan Pembayaran/PBY-001' successfully

2023-10-05 14:03:12 - [TEST_STEP][PASSED] - inv = data.get("invoice"): null

2023-10-05 14:03:12 - [TEST_STEP][PASSED] - Total = data.get("total"): null

2023-10-05 14:03:12 - [TEST_STEP][PASSED] - NamaPemesan = data.get("nama"): null

2023-10-05 14:03:12 - [TEST_STEP][PASSED] - click(findTestObject("Konfirmasi pesanan shop/Menu Shop")): Object: 'Object Repository/Konfirmasi pesanan shop/Menu Shop' is clicked on

2023-10-05 14:03:14 - [MESSAGE][PASSED] - Object: 'Object Repository/Konfirmasi pesanan shop/Menu Shop' is clicked on

2023-10-05 14:03:14 - [TEST_STEP][PASSED] - click(findTestObject("Konfirmasi pesanan shop/Menu Shop")): Object: 'Object Repository/Konfirmasi pesanan shop/Menu Shop' is clicked on

2023-10-05 14:03:14 - [MESSAGE][PASSED] - Object: 'Object Repository/Konfirmasi pesanan shop/Menu Shop' is clicked on

2023-10-05 14:03:14 - [TEST_STEP][PASSED] - click(findTestObject("Konfirmasi pesanan shop/Konfirmasi Orders")): Object: 'Object Repository/Konfirmasi pesanan shop/Konfirmasi Orders' is clicked on

2023-10-05 14:03:15 - [MESSAGE][PASSED] - Object: 'Object Repository/Konfirmasi pesanan shop/Konfirmasi Orders' is clicked on

2023-10-05 14:03:15 - [TEST_STEP][PASSED] - verifyElementPresent(findTestObject("Konfirmasi pesanan shop/Tittle Konfirmasi Pesanan"), 0): Object 'Object Repository/Konfirmasi pesanan shop/Tittle Konfirmasi Pesanan' is present

2023-10-05 14:03:16 - [MESSAGE][WARNING] - Timeout '0' is invalid. Using default page load timeout: '30'

2023-10-05 14:03:16 - [MESSAGE][PASSED] - Object 'Object Repository/Konfirmasi pesanan shop/Tittle Konfirmasi Pesanan' is present

2023-10-05 14:03:16 - [TEST_STEP][PASSED] - setText(findTestObject("Konfirmasi pesanan shop/input_No Pesanan"), inv): Text 'TRX60.20231005140300' is set on object 'Object Repository/Konfirmasi pesanan shop/input_No Pesanan'

2023-10-05 14:03:17 - [MESSAGE][PASSED] - Text 'TRX60.20231005140300' is set on object 'Object Repository/Konfirmasi pesanan shop/input_No Pesanan'

2023-10-05 14:03:17 - [TEST_STEP][PASSED] - setText(findTestObject("Konfirmasi pesanan shop/input_Alamat E-mai"), "irfan@gmail.com"): Text 'irfan@gmail.com' is set on object 'Object Repository/Konfirmasi pesanan shop/input_Alamat E-mai'

2023-10-05 14:03:18 - [MESSAGE][PASSED] - Text 'irfan@gmail.com' is set on object 'Object Repository/Konfirmasi pesanan shop/input_Alamat E-mai'

2023-10-05 14:03:18 - [TEST_STEP][PASSED] - click(findTestObject("Konfirmasi pesanan shop/button_Submit")): Object: 'Object Repository/Konfirmasi pesanan shop/button_Submit' is clicked on

2023-10-05 14:03:19 - [MESSAGE][PASSED] - Object: 'Object Repository/Konfirmasi pesanan shop/button_Submit' is clicked on

2023-10-05 14:03:19 - [TEST_STEP][PASSED] - verifyElementPresent(findTestObject("Konfirmasi pesanan shop/Tittle nomor invoice"), 0): Object 'Object Repository/Konfirmasi pesanan shop/Tittle nomor invoice' is present

2023-10-05 14:03:19 - [MESSAGE][WARNING] - Timeout '0' is invalid. Using default page load timeout: '30'

2023-10-05 14:03:20 - [MESSAGE][PASSED] - Object 'Object Repository/Konfirmasi pesanan shop/Tittle nomor invoice' is present

2023-10-05 14:03:20 - [TEST_STEP][PASSED] - setText(findTestObject("Konfirmasi pesanan shop/input_Total TagihanTransfer_b"), Total): Text '8,099' is set on object 'Object Repository/Konfirmasi pesanan shop/input_Total TagihanTransfer_b'

2023-10-05 14:03:21 - [MESSAGE][PASSED] - Text '8,099' is set on object 'Object Repository/Konfirmasi pesanan shop/input_Total TagihanTransfer_b'

2023-10-05 14:03:21 - [TEST_STEP][PASSED] - selectOptionByValue(findTestObject("Konfirmasi pesanan shop/select_Bank"), "4", false): All options with value '4' are selected in object 'Object Repository/Konfirmasi pesanan shop/select_Bank' 

2023-10-05 14:03:21 - [MESSAGE][PASSED] - All options with value '4' are selected in object 'Object Repository/Konfirmasi pesanan shop/select_Bank' 

2023-10-05 14:03:21 - [TEST_STEP][PASSED] - setText(findTestObject("Konfirmasi pesanan shop/input_Nama Pengirim_d"), NamaPemesan): Text 'irfan.afandi' is set on object 'Object Repository/Konfirmasi pesanan shop/input_Nama Pengirim_d'

2023-10-05 14:03:22 - [MESSAGE][PASSED] - Text 'irfan.afandi' is set on object 'Object Repository/Konfirmasi pesanan shop/input_Nama Pengirim_d'

2023-10-05 14:03:22 - [TEST_STEP][PASSED] - uploadFile(findTestObject("keranjang/konfirmasi/input_Upload Bukti Transfer_f"), "C:\Users\IRFAN\Downloads\Berkas2.pdf"): File 'C:\Users\IRFAN\Downloads\Berkas2.pdf' sent to object: 'Object Repository/keranjang/konfirmasi/input_Upload Bukti Transfer_f'

2023-10-05 14:03:23 - [MESSAGE][PASSED] - File 'C:\Users\IRFAN\Downloads\Berkas2.pdf' sent to object: 'Object Repository/keranjang/konfirmasi/input_Upload Bukti Transfer_f'

2023-10-05 14:03:23 - [TEST_STEP][PASSED] - click(findTestObject("Konfirmasi pesanan shop/button_Konfirmasi Pembayaran")): Object: 'Object Repository/Konfirmasi pesanan shop/button_Konfirmasi Pembayaran' is clicked on

2023-10-05 14:03:24 - [MESSAGE][PASSED] - Object: 'Object Repository/Konfirmasi pesanan shop/button_Konfirmasi Pembayaran' is clicked on

2023-10-05 14:03:24 - [TEST_STEP][PASSED] - verifyElementPresent(findTestObject("Konfirmasi pesanan shop/Tittle Konfirmasi Pesanan"), 0): Object 'Object Repository/Konfirmasi pesanan shop/Tittle Konfirmasi Pesanan' is present

2023-10-05 14:03:24 - [MESSAGE][WARNING] - Timeout '0' is invalid. Using default page load timeout: '30'

2023-10-05 14:03:25 - [MESSAGE][PASSED] - Object 'Object Repository/Konfirmasi pesanan shop/Tittle Konfirmasi Pesanan' is present

2023-10-05 14:03:25 - [TEST_STEP][PASSED] - verifyElementPresent(findTestObject("Konfirmasi pesanan shop/Tittle massage succes Konfirmasi Pembayaran Pesanan"), 0): Object 'Object Repository/Konfirmasi pesanan shop/Tittle massage succes Konfirmasi Pembayaran Pesanan' is present

2023-10-05 14:03:25 - [MESSAGE][WARNING] - Timeout '0' is invalid. Using default page load timeout: '30'

2023-10-05 14:03:25 - [MESSAGE][PASSED] - Object 'Object Repository/Konfirmasi pesanan shop/Tittle massage succes Konfirmasi Pembayaran Pesanan' is present

2023-10-05 14:03:25 - [TEST_STEP][PASSED] - return data: null

2023-10-05 14:03:25 - [MESSAGE][PASSED] - Call Test Case 'Test Cases/T13 Pembelian, Shipment dan Pembayaran/PBY-004' successfully

2023-10-05 14:03:25 - [TEST_STEP][PASSED] - navigateToUrl("https://10.9.2.63/ecommerce/administrator/"): Navigate to 'https://10.9.2.63/ecommerce/administrator/' successfully

2023-10-05 14:03:26 - [MESSAGE][PASSED] - Navigate to 'https://10.9.2.63/ecommerce/administrator/' successfully

2023-10-05 14:03:26 - [TEST_STEP][PASSED] - verifyElementPresent(findTestObject("admin/Tittle ADMIN Login"), 0): Object 'Object Repository/admin/Tittle ADMIN Login' is present

2023-10-05 14:03:26 - [MESSAGE][WARNING] - Timeout '0' is invalid. Using default page load timeout: '30'

2023-10-05 14:03:26 - [MESSAGE][PASSED] - Object 'Object Repository/admin/Tittle ADMIN Login' is present

2023-10-05 14:03:26 - [TEST_STEP][PASSED] - setText(findTestObject("admin/Username"), "admin"): Text 'admin' is set on object 'Object Repository/admin/Username'

2023-10-05 14:03:27 - [MESSAGE][PASSED] - Text 'admin' is set on object 'Object Repository/admin/Username'

2023-10-05 14:03:27 - [TEST_STEP][PASSED] - setText(findTestObject("admin/Password"), "123admin123"): Text '123admin123' is set on object 'Object Repository/admin/Password'

2023-10-05 14:03:28 - [MESSAGE][PASSED] - Text '123admin123' is set on object 'Object Repository/admin/Password'

2023-10-05 14:03:28 - [TEST_STEP][PASSED] - click(findTestObject("admin/Remember Me")): Object: 'Object Repository/admin/Remember Me' is clicked on

2023-10-05 14:03:28 - [MESSAGE][PASSED] - Object: 'Object Repository/admin/Remember Me' is clicked on

2023-10-05 14:03:28 - [TEST_STEP][PASSED] - delay(10): Delayed 10 second(s)

2023-10-05 14:03:38 - [MESSAGE][PASSED] - Delayed 10 second(s)

2023-10-05 14:03:38 - [TEST_STEP][PASSED] - click(findTestObject("admin/buttom submit")): Object: 'Object Repository/admin/buttom submit' is clicked on

2023-10-05 14:03:40 - [MESSAGE][PASSED] - Object: 'Object Repository/admin/buttom submit' is clicked on

2023-10-05 14:03:40 - [TEST_STEP][PASSED] - verifyElementPresent(findTestObject("admin/Konf order konsumen/Tittle Dashboard"), 0): Object 'Object Repository/admin/Konf order konsumen/Tittle Dashboard' is present

2023-10-05 14:03:40 - [MESSAGE][WARNING] - Timeout '0' is invalid. Using default page load timeout: '30'

2023-10-05 14:03:40 - [MESSAGE][PASSED] - Object 'Object Repository/admin/Konf order konsumen/Tittle Dashboard' is present

2023-10-05 14:03:40 - [TEST_STEP][PASSED] - click(findTestObject("admin/Konf order konsumen/Menu Transaksi Market")): Object: 'Object Repository/admin/Konf order konsumen/Menu Transaksi Market' is clicked on

2023-10-05 14:03:41 - [MESSAGE][PASSED] - Object: 'Object Repository/admin/Konf order konsumen/Menu Transaksi Market' is clicked on

2023-10-05 14:03:41 - [TEST_STEP][PASSED] - click(findTestObject("admin/Konf order konsumen/Menu Konf. Order Konsumen")): Object: 'Object Repository/admin/Konf order konsumen/Menu Konf. Order Konsumen' is clicked on

2023-10-05 14:03:42 - [MESSAGE][PASSED] - Object: 'Object Repository/admin/Konf order konsumen/Menu Konf. Order Konsumen' is clicked on

2023-10-05 14:03:42 - [TEST_STEP][PASSED] - verifyElementPresent(findTestObject("admin/Konf order konsumen/Tittle Data Konfirmasi Pembayaran Konsumen"), 0): Object 'Object Repository/admin/Konf order konsumen/Tittle Data Konfirmasi Pembayaran Konsumen' is present

2023-10-05 14:03:42 - [MESSAGE][WARNING] - Timeout '0' is invalid. Using default page load timeout: '30'

2023-10-05 14:03:42 - [MESSAGE][PASSED] - Object 'Object Repository/admin/Konf order konsumen/Tittle Data Konfirmasi Pembayaran Konsumen' is present

2023-10-05 14:03:42 - [TEST_STEP][PASSED] - inv = data.get("invoice"): null

2023-10-05 14:03:42 - [TEST_STEP][PASSED] - setText(findTestObject("admin/Konf order konsumen/Search"), inv): Text 'TRX60.20231005140300' is set on object 'Object Repository/admin/Konf order konsumen/Search'

2023-10-05 14:03:43 - [MESSAGE][PASSED] - Text 'TRX60.20231005140300' is set on object 'Object Repository/admin/Konf order konsumen/Search'

2023-10-05 14:03:43 - [TEST_STEP][PASSED] - verifyElementText(findTestObject("admin/Konf order konsumen/Keterangan Lunas"), "Lunas"): Actual text and expected text of test object 'Object Repository/admin/Konf order konsumen/Keterangan Lunas' are matched.

2023-10-05 14:03:44 - [MESSAGE][PASSED] - Actual text and expected text of test object 'Object Repository/admin/Konf order konsumen/Keterangan Lunas' are matched.

2023-10-05 14:03:44 - [TEST_STEP][PASSED] - return data: null

2023-10-05 14:03:44 - [MESSAGE][PASSED] - Call Test Case 'Test Cases/T13 Pembelian, Shipment dan Pembayaran/PBYA-001' successfully

2023-10-05 14:03:44 - [TEST_STEP][PASSED] - click(findTestObject("admin/Penjualan ke konsumen/buttom Dashboard")): Object: 'Object Repository/admin/Penjualan ke konsumen/buttom Dashboard' is clicked on

2023-10-05 14:03:45 - [MESSAGE][PASSED] - Object: 'Object Repository/admin/Penjualan ke konsumen/buttom Dashboard' is clicked on

2023-10-05 14:03:45 - [TEST_STEP][PASSED] - click(findTestObject("admin/Konf order konsumen/Menu Transaksi Market")): Object: 'Object Repository/admin/Konf order konsumen/Menu Transaksi Market' is clicked on

2023-10-05 14:03:45 - [MESSAGE][PASSED] - Object: 'Object Repository/admin/Konf order konsumen/Menu Transaksi Market' is clicked on

2023-10-05 14:03:45 - [TEST_STEP][PASSED] - click(findTestObject("admin/Penjualan ke konsumen/a_Penjualan ke Konsumen")): Object: 'Object Repository/admin/Penjualan ke konsumen/a_Penjualan ke Konsumen' is clicked on

2023-10-05 14:03:48 - [MESSAGE][PASSED] - Object: 'Object Repository/admin/Penjualan ke konsumen/a_Penjualan ke Konsumen' is clicked on

2023-10-05 14:03:48 - [TEST_STEP][PASSED] - verifyElementPresent(findTestObject("admin/Tittle Data Transaksi Penjualan  Orderan Konsumen"), 0): Object 'Object Repository/admin/Tittle Data Transaksi Penjualan  Orderan Konsumen' is present

2023-10-05 14:03:48 - [MESSAGE][WARNING] - Timeout '0' is invalid. Using default page load timeout: '30'

2023-10-05 14:03:49 - [MESSAGE][PASSED] - Object 'Object Repository/admin/Tittle Data Transaksi Penjualan  Orderan Konsumen' is present

2023-10-05 14:03:49 - [TEST_STEP][PASSED] - return data: null

2023-10-05 14:03:49 - [MESSAGE][PASSED] - Call Test Case 'Test Cases/T13 Pembelian, Shipment dan Pembayaran/SA-001' successfully

2023-10-05 14:03:49 - [TEST_STEP][PASSED] - inv = data.get("invoice"): null

2023-10-05 14:03:49 - [TEST_STEP][PASSED] - setText(findTestObject("admin/Penjualan ke konsumen/Search"), inv): Text 'TRX60.20231005140300' is set on object 'Object Repository/admin/Penjualan ke konsumen/Search'

2023-10-05 14:03:50 - [MESSAGE][PASSED] - Text 'TRX60.20231005140300' is set on object 'Object Repository/admin/Penjualan ke konsumen/Search'

2023-10-05 14:03:50 - [TEST_STEP][PASSED] - click(findTestObject("admin/Penjualan ke konsumen/buttom konfirmasi pending payment"), CONTINUE_ON_FAILURE): Object: 'Object Repository/admin/Penjualan ke konsumen/buttom konfirmasi pending payment' is clicked on

2023-10-05 14:03:50 - [MESSAGE][PASSED] - Object: 'Object Repository/admin/Penjualan ke konsumen/buttom konfirmasi pending payment' is clicked on

2023-10-05 14:03:50 - [TEST_STEP][PASSED] - waitForAlert(5, OPTIONAL): Alert is present after 5 second(s).

2023-10-05 14:03:50 - [MESSAGE][PASSED] - Alert is present after 5 second(s).

2023-10-05 14:03:50 - [TEST_STEP][PASSED] - acceptAlert(): Alert accepted

2023-10-05 14:03:50 - [MESSAGE][PASSED] - Alert accepted

2023-10-05 14:03:50 - [TEST_STEP][PASSED] - setText(findTestObject("admin/Penjualan ke konsumen/Search"), inv): Text 'TRX60.20231005140300' is set on object 'Object Repository/admin/Penjualan ke konsumen/Search'

2023-10-05 14:04:00 - [MESSAGE][PASSED] - Text 'TRX60.20231005140300' is set on object 'Object Repository/admin/Penjualan ke konsumen/Search'

2023-10-05 14:04:00 - [TEST_STEP][PASSED] - verifyTextNotPresent("pending payment", false): Text 'pending payment' is not present on page

2023-10-05 14:04:01 - [MESSAGE][PASSED] - Text 'pending payment' is not present on page

2023-10-05 14:04:01 - [TEST_STEP][PASSED] - return data: null

2023-10-05 14:04:01 - [MESSAGE][PASSED] - Call Test Case 'Test Cases/T13 Pembelian, Shipment dan Pembayaran/SA-002' successfully

2023-10-05 14:04:01 - [TEST_STEP][PASSED] - click(findTestObject("admin/Penjualan ke konsumen/buttom scroldown")): Object: 'Object Repository/admin/Penjualan ke konsumen/buttom scroldown' is clicked on

2023-10-05 14:04:01 - [MESSAGE][PASSED] - Object: 'Object Repository/admin/Penjualan ke konsumen/buttom scroldown' is clicked on

2023-10-05 14:04:01 - [TEST_STEP][PASSED] - click(findTestObject("admin/Penjualan ke konsumen/Selesai"), CONTINUE_ON_FAILURE): Object: 'Object Repository/admin/Penjualan ke konsumen/Selesai' is clicked on

2023-10-05 14:04:02 - [MESSAGE][PASSED] - Object: 'Object Repository/admin/Penjualan ke konsumen/Selesai' is clicked on

2023-10-05 14:04:02 - [TEST_STEP][PASSED] - waitForAlert(5, OPTIONAL): Alert is present after 5 second(s).

2023-10-05 14:04:02 - [MESSAGE][PASSED] - Alert is present after 5 second(s).

2023-10-05 14:04:02 - [TEST_STEP][PASSED] - acceptAlert(): Alert accepted

2023-10-05 14:04:02 - [MESSAGE][PASSED] - Alert accepted

2023-10-05 14:04:02 - [TEST_STEP][PASSED] - inv = data.get("invoice"): null

2023-10-05 14:04:02 - [TEST_STEP][PASSED] - setText(findTestObject("admin/Penjualan ke konsumen/Search"), inv): Text 'TRX60.20231005140300' is set on object 'Object Repository/admin/Penjualan ke konsumen/Search'

2023-10-05 14:04:06 - [MESSAGE][PASSED] - Text 'TRX60.20231005140300' is set on object 'Object Repository/admin/Penjualan ke konsumen/Search'

2023-10-05 14:04:06 - [TEST_STEP][PASSED] - verifyTextPresent("Selesai", false): Text 'Selesai' is present on page 

2023-10-05 14:04:06 - [MESSAGE][PASSED] - Text 'Selesai' is present on page 

2023-10-05 14:04:06 - [TEST_STEP][PASSED] - selesaiAdmin = getText(findTestObject("admin/Selesai")): Text of object 'Object Repository/admin/Selesai' is: 'Selesai'

2023-10-05 14:04:07 - [MESSAGE][PASSED] - Text of object 'Object Repository/admin/Selesai' is: 'Selesai'

2023-10-05 14:04:07 - [TEST_STEP][PASSED] - data.put("statusSelesai", selesaiAdmin): null

2023-10-05 14:04:07 - [TEST_STEP][PASSED] - return data: null

2023-10-05 14:04:07 - [MESSAGE][PASSED] - Call Test Case 'Test Cases/T13 Pembelian, Shipment dan Pembayaran/SA-005' successfully

2023-10-05 14:04:07 - [TEST_STEP][PASSED] - openBrowser("https://10.9.2.63/ecommerce/"): Browser is opened with url: 'https://10.9.2.63/ecommerce/'

2023-10-05 14:04:07 - [MESSAGE][WARNING] - A browser is already opened. Closing browser and opening a new one

2023-10-05 14:04:07 - [MESSAGE][INFO] - Starting 'Edge Chromium' driver

2023-10-05 14:04:07 - [MESSAGE][INFO] - User set preference: ['acceptInsecureCerts', 'true']

2023-10-05 14:04:10 - [MESSAGE][INFO] - Action delay is set to 0 milliseconds

2023-10-05 14:04:14 - [MESSAGE][PASSED] - Browser is opened with url: 'https://10.9.2.63/ecommerce/'

2023-10-05 14:04:14 - [TEST_STEP][PASSED] - maximizeWindow(): Current window maximized

2023-10-05 14:04:14 - [MESSAGE][PASSED] - Current window maximized

2023-10-05 14:04:14 - [TEST_STEP][PASSED] - verifyElementPresent(findTestObject("Login/Home"), 0): Object 'Object Repository/Login/Home' is present

2023-10-05 14:04:14 - [MESSAGE][WARNING] - Timeout '0' is invalid. Using default page load timeout: '30'

2023-10-05 14:04:15 - [MESSAGE][PASSED] - Object 'Object Repository/Login/Home' is present

2023-10-05 14:04:15 - [TEST_STEP][PASSED] - click(findTestObject("Login/a_Login")): Object: 'Object Repository/Login/a_Login' is clicked on

2023-10-05 14:04:15 - [MESSAGE][PASSED] - Object: 'Object Repository/Login/a_Login' is clicked on

2023-10-05 14:04:15 - [TEST_STEP][PASSED] - verifyElementPresent(findTestObject("Login/Tittle Login"), 0): Object 'Object Repository/Login/Tittle Login' is present

2023-10-05 14:04:15 - [MESSAGE][WARNING] - Timeout '0' is invalid. Using default page load timeout: '30'

2023-10-05 14:04:16 - [MESSAGE][PASSED] - Object 'Object Repository/Login/Tittle Login' is present

2023-10-05 14:04:16 - [TEST_STEP][PASSED] - setText(findTestObject("Login/input_Username, Email atau No. Handphone_a"), "irfanafandi"): Text 'irfanafandi' is set on object 'Object Repository/Login/input_Username, Email atau No. Handphone_a'

2023-10-05 14:04:17 - [MESSAGE][PASSED] - Text 'irfanafandi' is set on object 'Object Repository/Login/input_Username, Email atau No. Handphone_a'

2023-10-05 14:04:17 - [TEST_STEP][PASSED] - setText(findTestObject("Login/input_Password_b"), "12345irfan"): Text '12345irfan' is set on object 'Object Repository/Login/input_Password_b'

2023-10-05 14:04:18 - [MESSAGE][PASSED] - Text '12345irfan' is set on object 'Object Repository/Login/input_Password_b'

2023-10-05 14:04:18 - [TEST_STEP][PASSED] - click(findTestObject("Login/button_Masuk")): Object: 'Object Repository/Login/button_Masuk' is clicked on

2023-10-05 14:04:19 - [MESSAGE][PASSED] - Object: 'Object Repository/Login/button_Masuk' is clicked on

2023-10-05 14:04:19 - [TEST_STEP][PASSED] - verifyElementPresent(findTestObject("Login/li_Profile"), 0): Object 'Object Repository/Login/li_Profile' is present

2023-10-05 14:04:19 - [MESSAGE][WARNING] - Timeout '0' is invalid. Using default page load timeout: '30'

2023-10-05 14:04:20 - [MESSAGE][PASSED] - Object 'Object Repository/Login/li_Profile' is present

2023-10-05 14:04:20 - [TEST_STEP][PASSED] - click(findTestObject("Konfirmasi pesanan shop/Menu Shop")): Object: 'Object Repository/Konfirmasi pesanan shop/Menu Shop' is clicked on

2023-10-05 14:04:21 - [MESSAGE][PASSED] - Object: 'Object Repository/Konfirmasi pesanan shop/Menu Shop' is clicked on

2023-10-05 14:04:21 - [TEST_STEP][PASSED] - click(findTestObject("Konfirmasi pesanan shop/Menu Shop")): Object: 'Object Repository/Konfirmasi pesanan shop/Menu Shop' is clicked on

2023-10-05 14:04:22 - [MESSAGE][PASSED] - Object: 'Object Repository/Konfirmasi pesanan shop/Menu Shop' is clicked on

2023-10-05 14:04:22 - [TEST_STEP][PASSED] - click(findTestObject("Traking Order/a_Tracking Orders")): Object: 'Object Repository/Traking Order/a_Tracking Orders' is clicked on

2023-10-05 14:04:23 - [MESSAGE][PASSED] - Object: 'Object Repository/Traking Order/a_Tracking Orders' is clicked on

2023-10-05 14:04:23 - [TEST_STEP][PASSED] - verifyElementPresent(findTestObject("Traking Order/Tittle Tracking Order"), 0): Object 'Object Repository/Traking Order/Tittle Tracking Order' is present

2023-10-05 14:04:23 - [MESSAGE][WARNING] - Timeout '0' is invalid. Using default page load timeout: '30'

2023-10-05 14:04:24 - [MESSAGE][PASSED] - Object 'Object Repository/Traking Order/Tittle Tracking Order' is present

2023-10-05 14:04:24 - [TEST_STEP][PASSED] - inv = data.get("invoice"): null

2023-10-05 14:04:24 - [TEST_STEP][PASSED] - clearText(findTestObject("Traking Order/input_No Pesanan_a"), STOP_ON_FAILURE): Text of object 'Object Repository/Traking Order/input_No Pesanan_a' is cleared

2023-10-05 14:04:24 - [MESSAGE][PASSED] - Text of object 'Object Repository/Traking Order/input_No Pesanan_a' is cleared

2023-10-05 14:04:24 - [TEST_STEP][PASSED] - clearText(findTestObject("Traking Order/input_Alamat E-mail_form-control"), STOP_ON_FAILURE): Text of object 'Object Repository/Traking Order/input_Alamat E-mail_form-control' is cleared

2023-10-05 14:04:24 - [MESSAGE][PASSED] - Text of object 'Object Repository/Traking Order/input_Alamat E-mail_form-control' is cleared

2023-10-05 14:04:24 - [TEST_STEP][PASSED] - click(findTestObject("Traking Order/button_Lacak Pesanan")): Object: 'Object Repository/Traking Order/button_Lacak Pesanan' is clicked on

2023-10-05 14:04:25 - [MESSAGE][PASSED] - Object: 'Object Repository/Traking Order/button_Lacak Pesanan' is clicked on

2023-10-05 14:04:25 - [TEST_STEP][PASSED] - webDriver = getWebDriver(): null

2023-10-05 14:04:25 - [TEST_STEP][PASSED] - field_tracking = webDriver.findElement(By.xpath("(//input[@name="a"])[3]")): null

2023-10-05 14:04:25 - [TEST_STEP][PASSED] - error_message = webDriver.executeScript("return arguments[0].validationMessage", field_tracking): null

2023-10-05 14:04:25 - [TEST_STEP][PASSED] - println(error_message): null

2023-10-05 14:04:25 - [TEST_STEP][PASSED] - assert error_message == "Please fill out this field.": null]]></system-out>
         <system-err><![CDATA[]]></system-err>
      </testcase>
      <testcase name="Test Cases/T13 Pembelian, Shipment dan Pembayaran/SU-007" time="126.467" classname="Test Cases/T13 Pembelian, Shipment dan Pembayaran/SU-007" status="FAILED">
         <failure type="FAILED" message="Test Cases/T13 Pembelian, Shipment dan Pembayaran/SU-007 FAILED.
Reason:
com.kms.katalon.core.exception.StepFailedException: Unable to verify text 'Email not valid' is present 
	at com.kms.katalon.core.webui.keyword.internal.WebUIKeywordMain.stepFailed(WebUIKeywordMain.groovy:64)
	at com.kms.katalon.core.webui.keyword.internal.WebUIKeywordMain.runKeyword(WebUIKeywordMain.groovy:26)
	at com.kms.katalon.core.webui.keyword.builtin.VerifyTextPresentKeyword.verifyTextPresent(VerifyTextPresentKeyword.groovy:83)
	at com.kms.katalon.core.webui.keyword.builtin.VerifyTextPresentKeyword.execute(VerifyTextPresentKeyword.groovy:68)
	at com.kms.katalon.core.keyword.internal.KeywordExecutor.executeKeywordForPlatform(KeywordExecutor.groovy:74)
	at com.kms.katalon.core.webui.keyword.WebUiBuiltInKeywords.verifyTextPresent(WebUiBuiltInKeywords.groovy:1723)
	at com.kms.katalon.core.webui.keyword.WebUiBuiltInKeywords$verifyTextPresent$7.call(Unknown Source)
	at SU-007.run(SU-007:60)
	at com.kms.katalon.core.main.ScriptEngine.run(ScriptEngine.java:194)
	at com.kms.katalon.core.main.ScriptEngine.runScriptAsRawText(ScriptEngine.java:119)
	at com.kms.katalon.core.main.TestCaseExecutor.runScript(TestCaseExecutor.java:448)
	at com.kms.katalon.core.main.TestCaseExecutor.doExecute(TestCaseExecutor.java:439)
	at com.kms.katalon.core.main.TestCaseExecutor.processExecutionPhase(TestCaseExecutor.java:418)
	at com.kms.katalon.core.main.TestCaseExecutor.accessMainPhase(TestCaseExecutor.java:410)
	at com.kms.katalon.core.main.TestCaseExecutor.execute(TestCaseExecutor.java:285)
	at com.kms.katalon.core.common.CommonExecutor.accessTestCaseMainPhase(CommonExecutor.java:65)
	at com.kms.katalon.core.main.TestSuiteExecutor.accessTestSuiteMainPhase(TestSuiteExecutor.java:148)
	at com.kms.katalon.core.main.TestSuiteExecutor.execute(TestSuiteExecutor.java:106)
	at com.kms.katalon.core.main.TestCaseMain.startTestSuite(TestCaseMain.java:187)
	at com.kms.katalon.core.main.TestCaseMain$startTestSuite$0.call(Unknown Source)
	at TempTestSuite1696486556660.run(TempTestSuite1696486556660.groovy:36)
Caused by: com.kms.katalon.core.exception.StepFailedException: Text 'Email not valid' is not present on page 
	at com.kms.katalon.core.webui.keyword.internal.WebUIKeywordMain.stepFailed(WebUIKeywordMain.groovy:64)
	at com.kms.katalon.core.webui.keyword.builtin.VerifyTextPresentKeyword$_verifyTextPresent_closure1.doCall(VerifyTextPresentKeyword.groovy:79)
	at com.kms.katalon.core.webui.keyword.builtin.VerifyTextPresentKeyword$_verifyTextPresent_closure1.call(VerifyTextPresentKeyword.groovy)
	at com.kms.katalon.core.webui.keyword.internal.WebUIKeywordMain.runKeyword(WebUIKeywordMain.groovy:20)
	... 19 more
"/>
         <system-out><![CDATA[2023-10-05 14:04:25 - [TEST_CASE][FAILED] - Test Cases/T13 Pembelian, Shipment dan Pembayaran/SU-007: Test Cases/T13 Pembelian, Shipment dan Pembayaran/SU-007 FAILED.
Reason:
com.kms.katalon.core.exception.StepFailedException: Unable to verify text 'Email not valid' is present 
	at com.kms.katalon.core.webui.keyword.internal.WebUIKeywordMain.stepFailed(WebUIKeywordMain.groovy:64)
	at com.kms.katalon.core.webui.keyword.internal.WebUIKeywordMain.runKeyword(WebUIKeywordMain.groovy:26)
	at com.kms.katalon.core.webui.keyword.builtin.VerifyTextPresentKeyword.verifyTextPresent(VerifyTextPresentKeyword.groovy:83)
	at com.kms.katalon.core.webui.keyword.builtin.VerifyTextPresentKeyword.execute(VerifyTextPresentKeyword.groovy:68)
	at com.kms.katalon.core.keyword.internal.KeywordExecutor.executeKeywordForPlatform(KeywordExecutor.groovy:74)
	at com.kms.katalon.core.webui.keyword.WebUiBuiltInKeywords.verifyTextPresent(WebUiBuiltInKeywords.groovy:1723)
	at com.kms.katalon.core.webui.keyword.WebUiBuiltInKeywords$verifyTextPresent$7.call(Unknown Source)
	at SU-007.run(SU-007:60)
	at com.kms.katalon.core.main.ScriptEngine.run(ScriptEngine.java:194)
	at com.kms.katalon.core.main.ScriptEngine.runScriptAsRawText(ScriptEngine.java:119)
	at com.kms.katalon.core.main.TestCaseExecutor.runScript(TestCaseExecutor.java:448)
	at com.kms.katalon.core.main.TestCaseExecutor.doExecute(TestCaseExecutor.java:439)
	at com.kms.katalon.core.main.TestCaseExecutor.processExecutionPhase(TestCaseExecutor.java:418)
	at com.kms.katalon.core.main.TestCaseExecutor.accessMainPhase(TestCaseExecutor.java:410)
	at com.kms.katalon.core.main.TestCaseExecutor.execute(TestCaseExecutor.java:285)
	at com.kms.katalon.core.common.CommonExecutor.accessTestCaseMainPhase(CommonExecutor.java:65)
	at com.kms.katalon.core.main.TestSuiteExecutor.accessTestSuiteMainPhase(TestSuiteExecutor.java:148)
	at com.kms.katalon.core.main.TestSuiteExecutor.execute(TestSuiteExecutor.java:106)
	at com.kms.katalon.core.main.TestCaseMain.startTestSuite(TestCaseMain.java:187)
	at com.kms.katalon.core.main.TestCaseMain$startTestSuite$0.call(Unknown Source)
	at TempTestSuite1696486556660.run(TempTestSuite1696486556660.groovy:36)
Caused by: com.kms.katalon.core.exception.StepFailedException: Text 'Email not valid' is not present on page 
	at com.kms.katalon.core.webui.keyword.internal.WebUIKeywordMain.stepFailed(WebUIKeywordMain.groovy:64)
	at com.kms.katalon.core.webui.keyword.builtin.VerifyTextPresentKeyword$_verifyTextPresent_closure1.doCall(VerifyTextPresentKeyword.groovy:79)
	at com.kms.katalon.core.webui.keyword.builtin.VerifyTextPresentKeyword$_verifyTextPresent_closure1.call(VerifyTextPresentKeyword.groovy)
	at com.kms.katalon.core.webui.keyword.internal.WebUIKeywordMain.runKeyword(WebUIKeywordMain.groovy:20)
	... 19 more


2023-10-05 14:04:26 - [TEST_STEP][PASSED] - data = callTestCase(findTestCase("T13 Pembelian, Shipment dan Pembayaran/SA-005"), [:], STOP_ON_FAILURE): Call Test Case 'Test Cases/T13 Pembelian, Shipment dan Pembayaran/SA-005' successfully

2023-10-05 14:04:26 - [TEST_CASE][PASSED] - Test Cases/T13 Pembelian, Shipment dan Pembayaran/SA-005: Test Cases/T13 Pembelian, Shipment dan Pembayaran/SA-005

2023-10-05 14:04:26 - [TEST_STEP][PASSED] - data = callTestCase(findTestCase("T13 Pembelian, Shipment dan Pembayaran/SA-002"), [:], STOP_ON_FAILURE): Call Test Case 'Test Cases/T13 Pembelian, Shipment dan Pembayaran/SA-002' successfully

2023-10-05 14:04:26 - [TEST_CASE][PASSED] - Test Cases/T13 Pembelian, Shipment dan Pembayaran/SA-002: Test Cases/T13 Pembelian, Shipment dan Pembayaran/SA-002

2023-10-05 14:04:26 - [TEST_STEP][PASSED] - data = callTestCase(findTestCase("T13 Pembelian, Shipment dan Pembayaran/SA-001"), [:], STOP_ON_FAILURE): Call Test Case 'Test Cases/T13 Pembelian, Shipment dan Pembayaran/SA-001' successfully

2023-10-05 14:04:26 - [TEST_CASE][PASSED] - Test Cases/T13 Pembelian, Shipment dan Pembayaran/SA-001: Test Cases/T13 Pembelian, Shipment dan Pembayaran/SA-001

2023-10-05 14:04:26 - [TEST_STEP][PASSED] - data = callTestCase(findTestCase("T13 Pembelian, Shipment dan Pembayaran/PBYA-001"), [:], STOP_ON_FAILURE): Call Test Case 'Test Cases/T13 Pembelian, Shipment dan Pembayaran/PBYA-001' successfully

2023-10-05 14:04:26 - [TEST_CASE][PASSED] - Test Cases/T13 Pembelian, Shipment dan Pembayaran/PBYA-001: Test Cases/T13 Pembelian, Shipment dan Pembayaran/PBYA-001

2023-10-05 14:04:26 - [TEST_STEP][PASSED] - data = callTestCase(findTestCase("T13 Pembelian, Shipment dan Pembayaran/PBY-004"), [:], STOP_ON_FAILURE): Call Test Case 'Test Cases/T13 Pembelian, Shipment dan Pembayaran/PBY-004' successfully

2023-10-05 14:04:26 - [TEST_CASE][PASSED] - Test Cases/T13 Pembelian, Shipment dan Pembayaran/PBY-004: Test Cases/T13 Pembelian, Shipment dan Pembayaran/PBY-004

2023-10-05 14:04:26 - [TEST_STEP][PASSED] - data = callTestCase(findTestCase("T13 Pembelian, Shipment dan Pembayaran/PBY-001"), [:], STOP_ON_FAILURE): Call Test Case 'Test Cases/T13 Pembelian, Shipment dan Pembayaran/PBY-001' successfully

2023-10-05 14:04:26 - [TEST_CASE][PASSED] - Test Cases/T13 Pembelian, Shipment dan Pembayaran/PBY-001: Test Cases/T13 Pembelian, Shipment dan Pembayaran/PBY-001

2023-10-05 14:04:26 - [TEST_STEP][PASSED] - data = callTestCase(findTestCase("T13 Pembelian, Shipment dan Pembayaran/PBL-004"), ["Kurir":"Roda 2"], STOP_ON_FAILURE): Call Test Case 'Test Cases/T13 Pembelian, Shipment dan Pembayaran/PBL-004' successfully

2023-10-05 14:04:26 - [TEST_CASE][PASSED] - Test Cases/T13 Pembelian, Shipment dan Pembayaran/PBL-004: Test Cases/T13 Pembelian, Shipment dan Pembayaran/PBL-004

2023-10-05 14:04:26 - [TEST_STEP][PASSED] - data = callTestCase(findTestCase("T13 Pembelian, Shipment dan Pembayaran/PBL-002"), [:], STOP_ON_FAILURE): Call Test Case 'Test Cases/T13 Pembelian, Shipment dan Pembayaran/PBL-002' successfully

2023-10-05 14:04:26 - [TEST_CASE][PASSED] - Test Cases/T13 Pembelian, Shipment dan Pembayaran/PBL-002: Test Cases/T13 Pembelian, Shipment dan Pembayaran/PBL-002

2023-10-05 14:04:26 - [TEST_STEP][PASSED] - data = callTestCase(findTestCase("T13 Pembelian, Shipment dan Pembayaran/PBL-001"), [:], STOP_ON_FAILURE): Call Test Case 'Test Cases/T13 Pembelian, Shipment dan Pembayaran/PBL-001' successfully

2023-10-05 14:04:26 - [TEST_CASE][PASSED] - Test Cases/T13 Pembelian, Shipment dan Pembayaran/PBL-001: Test Cases/T13 Pembelian, Shipment dan Pembayaran/PBL-001

2023-10-05 14:04:26 - [TEST_STEP][PASSED] - callTestCase(findTestCase("T13 Pembelian, Shipment dan Pembayaran/LU-001"), ["username":"irfanafandi", "password":"12345irfan"], STOP_ON_FAILURE): Call Test Case 'Test Cases/T13 Pembelian, Shipment dan Pembayaran/LU-001' successfully

2023-10-05 14:04:26 - [TEST_CASE][PASSED] - Test Cases/T13 Pembelian, Shipment dan Pembayaran/LU-001: Test Cases/T13 Pembelian, Shipment dan Pembayaran/LU-001

2023-10-05 14:04:27 - [TEST_STEP][PASSED] - openBrowser("https://10.9.2.63/ecommerce/"): Browser is opened with url: 'https://10.9.2.63/ecommerce/'

2023-10-05 14:04:27 - [MESSAGE][WARNING] - A browser is already opened. Closing browser and opening a new one

2023-10-05 14:04:27 - [MESSAGE][INFO] - Starting 'Edge Chromium' driver

2023-10-05 14:04:27 - [MESSAGE][INFO] - User set preference: ['acceptInsecureCerts', 'true']

2023-10-05 14:04:29 - [MESSAGE][INFO] - Action delay is set to 0 milliseconds

2023-10-05 14:04:32 - [MESSAGE][PASSED] - Browser is opened with url: 'https://10.9.2.63/ecommerce/'

2023-10-05 14:04:32 - [TEST_STEP][PASSED] - maximizeWindow(): Current window maximized

2023-10-05 14:04:33 - [MESSAGE][PASSED] - Current window maximized

2023-10-05 14:04:33 - [TEST_STEP][PASSED] - verifyElementPresent(findTestObject("Login/Home"), 0): Object 'Object Repository/Login/Home' is present

2023-10-05 14:04:33 - [MESSAGE][WARNING] - Timeout '0' is invalid. Using default page load timeout: '30'

2023-10-05 14:04:33 - [MESSAGE][PASSED] - Object 'Object Repository/Login/Home' is present

2023-10-05 14:04:33 - [TEST_STEP][PASSED] - click(findTestObject("Login/a_Login")): Object: 'Object Repository/Login/a_Login' is clicked on

2023-10-05 14:04:34 - [MESSAGE][PASSED] - Object: 'Object Repository/Login/a_Login' is clicked on

2023-10-05 14:04:34 - [TEST_STEP][PASSED] - verifyElementPresent(findTestObject("Login/Tittle Login"), 0): Object 'Object Repository/Login/Tittle Login' is present

2023-10-05 14:04:34 - [MESSAGE][WARNING] - Timeout '0' is invalid. Using default page load timeout: '30'

2023-10-05 14:04:35 - [MESSAGE][PASSED] - Object 'Object Repository/Login/Tittle Login' is present

2023-10-05 14:04:35 - [TEST_STEP][PASSED] - setText(findTestObject("Login/input_Username, Email atau No. Handphone_a"), username): Text 'irfanafandi' is set on object 'Object Repository/Login/input_Username, Email atau No. Handphone_a'

2023-10-05 14:04:35 - [MESSAGE][PASSED] - Text 'irfanafandi' is set on object 'Object Repository/Login/input_Username, Email atau No. Handphone_a'

2023-10-05 14:04:35 - [TEST_STEP][PASSED] - setText(findTestObject("Login/input_Password_b"), password): Text '12345irfan' is set on object 'Object Repository/Login/input_Password_b'

2023-10-05 14:04:36 - [MESSAGE][PASSED] - Text '12345irfan' is set on object 'Object Repository/Login/input_Password_b'

2023-10-05 14:04:36 - [TEST_STEP][PASSED] - click(findTestObject("Login/label_Ingat saya")): Object: 'Object Repository/Login/label_Ingat saya' is clicked on

2023-10-05 14:04:37 - [MESSAGE][PASSED] - Object: 'Object Repository/Login/label_Ingat saya' is clicked on

2023-10-05 14:04:37 - [TEST_STEP][PASSED] - click(findTestObject("Login/button_Masuk")): Object: 'Object Repository/Login/button_Masuk' is clicked on

2023-10-05 14:04:38 - [MESSAGE][PASSED] - Object: 'Object Repository/Login/button_Masuk' is clicked on

2023-10-05 14:04:38 - [TEST_STEP][PASSED] - verifyElementPresent(findTestObject("Login/li_Profile"), 0): Object 'Object Repository/Login/li_Profile' is present

2023-10-05 14:04:38 - [MESSAGE][WARNING] - Timeout '0' is invalid. Using default page load timeout: '30'

2023-10-05 14:04:39 - [MESSAGE][PASSED] - Object 'Object Repository/Login/li_Profile' is present

2023-10-05 14:04:39 - [MESSAGE][PASSED] - Call Test Case 'Test Cases/T13 Pembelian, Shipment dan Pembayaran/LU-001' successfully

2023-10-05 14:04:39 - [TEST_STEP][PASSED] - mouseOver(findTestObject("beli barang/i_Mulai Belanja_icon-menu")): Object: 'Object Repository/beli barang/i_Mulai Belanja_icon-menu' is hovered

2023-10-05 14:04:39 - [MESSAGE][PASSED] - Object: 'Object Repository/beli barang/i_Mulai Belanja_icon-menu' is hovered

2023-10-05 14:04:39 - [TEST_STEP][PASSED] - click(findTestObject("beli barang/a_Fashion  Busana Wanita")): Object: 'Object Repository/beli barang/a_Fashion  Busana Wanita' is clicked on

2023-10-05 14:04:41 - [MESSAGE][PASSED] - Object: 'Object Repository/beli barang/a_Fashion  Busana Wanita' is clicked on

2023-10-05 14:04:41 - [TEST_STEP][PASSED] - NamaSebelum = getText(findTestObject("verifikasi/Nama sebelum")): Text of object 'Object Repository/verifikasi/Nama sebelum' is: ''

2023-10-05 14:04:41 - [MESSAGE][PASSED] - Text of object 'Object Repository/verifikasi/Nama sebelum' is: ''

2023-10-05 14:04:41 - [TEST_STEP][PASSED] - HargaSebelum = getText(findTestObject("verifikasi/Harga sebelum")): Text of object 'Object Repository/verifikasi/Harga sebelum' is: 'Rp 1,299'

2023-10-05 14:04:42 - [MESSAGE][PASSED] - Text of object 'Object Repository/verifikasi/Harga sebelum' is: 'Rp 1,299'

2023-10-05 14:04:42 - [TEST_STEP][PASSED] - mouseOver(findTestObject("beli barang/barang mouse over")): Object: 'Object Repository/beli barang/barang mouse over' is hovered

2023-10-05 14:04:42 - [MESSAGE][PASSED] - Object: 'Object Repository/beli barang/barang mouse over' is hovered

2023-10-05 14:04:42 - [TEST_STEP][PASSED] - click(findTestObject("beli barang/buttom add to cart")): Object: 'Object Repository/beli barang/buttom add to cart' is clicked on

2023-10-05 14:04:44 - [MESSAGE][PASSED] - Object: 'Object Repository/beli barang/buttom add to cart' is clicked on

2023-10-05 14:04:44 - [TEST_STEP][PASSED] - NamaSesudah = getText(findTestObject("verifikasi/Nama sesudah")): Text of object 'Object Repository/verifikasi/Nama sesudah' is: 'Segitiga Instan Madeira - MDB5.3 Sunset'

2023-10-05 14:04:45 - [MESSAGE][PASSED] - Text of object 'Object Repository/verifikasi/Nama sesudah' is: 'Segitiga Instan Madeira - MDB5.3 Sunset'

2023-10-05 14:04:45 - [TEST_STEP][PASSED] - HargaSesudah = getText(findTestObject("verifikasi/Harga sesudah")): Text of object 'Object Repository/verifikasi/Harga sesudah' is: 'Rp 1,299'

2023-10-05 14:04:45 - [MESSAGE][PASSED] - Text of object 'Object Repository/verifikasi/Harga sesudah' is: 'Rp 1,299'

2023-10-05 14:04:45 - [TEST_STEP][PASSED] - assert NamaSesudah.contains(NamaSebelum): null

2023-10-05 14:04:45 - [TEST_STEP][PASSED] - assert HargaSesudah.contains(HargaSebelum): null

2023-10-05 14:04:45 - [TEST_STEP][PASSED] - click(findTestObject("beli barang/Tambah Keranjang busana wanita")): Object: 'Object Repository/beli barang/Tambah Keranjang busana wanita' is clicked on

2023-10-05 14:04:45 - [MESSAGE][PASSED] - Object: 'Object Repository/beli barang/Tambah Keranjang busana wanita' is clicked on

2023-10-05 14:04:45 - [TEST_STEP][PASSED] - verifyElementPresent(findTestObject("checkout/Notifikasi keranjang"), 1): Object 'Object Repository/checkout/Notifikasi keranjang' is present

2023-10-05 14:04:46 - [MESSAGE][PASSED] - Object 'Object Repository/checkout/Notifikasi keranjang' is present

2023-10-05 14:04:46 - [TEST_STEP][PASSED] - data = new java.util.HashMap(): null

2023-10-05 14:04:46 - [TEST_STEP][PASSED] - data.put("nama_barang", NamaSesudah): null

2023-10-05 14:04:46 - [TEST_STEP][PASSED] - data.put("price_barang", HargaSesudah): null

2023-10-05 14:04:46 - [TEST_STEP][PASSED] - return data: null

2023-10-05 14:04:46 - [MESSAGE][PASSED] - Call Test Case 'Test Cases/T13 Pembelian, Shipment dan Pembayaran/PBL-001' successfully

2023-10-05 14:04:46 - [TEST_STEP][PASSED] - mouseOver(findTestObject("beli barang/keranjang")): Object: 'Object Repository/beli barang/keranjang' is hovered

2023-10-05 14:04:47 - [MESSAGE][PASSED] - Object: 'Object Repository/beli barang/keranjang' is hovered

2023-10-05 14:04:47 - [TEST_STEP][PASSED] - click(findTestObject("beli barang/Lihat Sekarang")): Object: 'Object Repository/beli barang/Lihat Sekarang' is clicked on

2023-10-05 14:04:48 - [MESSAGE][PASSED] - Object: 'Object Repository/beli barang/Lihat Sekarang' is clicked on

2023-10-05 14:04:48 - [TEST_STEP][PASSED] - verifyElementPresent(findTestObject("keranjang/li_Keranjang Belanja"), 0): Object 'Object Repository/keranjang/li_Keranjang Belanja' is present

2023-10-05 14:04:48 - [MESSAGE][WARNING] - Timeout '0' is invalid. Using default page load timeout: '30'

2023-10-05 14:04:49 - [MESSAGE][PASSED] - Object 'Object Repository/keranjang/li_Keranjang Belanja' is present

2023-10-05 14:04:49 - [TEST_STEP][PASSED] - NamaKeranjang = getText(findTestObject("verifikasi/Nama keranjang")): Text of object 'Object Repository/verifikasi/Nama keranjang' is: 'Segitiga Instan Madeira - MDB5.3 Sunset'

2023-10-05 14:04:50 - [MESSAGE][PASSED] - Text of object 'Object Repository/verifikasi/Nama keranjang' is: 'Segitiga Instan Madeira - MDB5.3 Sunset'

2023-10-05 14:04:50 - [TEST_STEP][PASSED] - HargaKeranjang = getText(findTestObject("verifikasi/Harga Keranjang")): Text of object 'Object Repository/verifikasi/Harga Keranjang' is: 'Rp 1,299'

2023-10-05 14:04:50 - [MESSAGE][PASSED] - Text of object 'Object Repository/verifikasi/Harga Keranjang' is: 'Rp 1,299'

2023-10-05 14:04:50 - [TEST_STEP][PASSED] - if (toString().equalsIgnoreCase("Merah")): Object 'Object Repository/keranjang/input_Warna_variasi101' is checked

2023-10-05 14:04:50 - [TEST_STEP][PASSED] - check(findTestObject("Object Repository/keranjang/input_Warna_variasi101")): Object 'Object Repository/keranjang/input_Warna_variasi101' is checked

2023-10-05 14:04:50 - [MESSAGE][PASSED] - Object 'Object Repository/keranjang/input_Warna_variasi101' is checked

2023-10-05 14:04:50 - [TEST_STEP][PASSED] - if (toString().equalsIgnoreCase("Menengah")): Object 'Object Repository/keranjang/input_Ukuran_variasi201' is checked

2023-10-05 14:04:50 - [TEST_STEP][PASSED] - check(findTestObject("Object Repository/keranjang/input_Ukuran_variasi201")): Object 'Object Repository/keranjang/input_Ukuran_variasi201' is checked

2023-10-05 14:04:51 - [MESSAGE][PASSED] - Object 'Object Repository/keranjang/input_Ukuran_variasi201' is checked

2023-10-05 14:04:51 - [TEST_STEP][PASSED] - data.put("Warna", warna): null

2023-10-05 14:04:51 - [TEST_STEP][PASSED] - data.put("Ukuran", ukuran): null

2023-10-05 14:04:51 - [TEST_STEP][PASSED] - click(findTestObject("keranjang/button_Lanjut ke Pembayaran")): Object: 'Object Repository/keranjang/button_Lanjut ke Pembayaran' is clicked on

2023-10-05 14:04:52 - [MESSAGE][PASSED] - Object: 'Object Repository/keranjang/button_Lanjut ke Pembayaran' is clicked on

2023-10-05 14:04:52 - [TEST_STEP][PASSED] - verifyElementPresent(findTestObject("checkout/Tittle Checkout Order"), 0): Object 'Object Repository/checkout/Tittle Checkout Order' is present

2023-10-05 14:04:52 - [MESSAGE][WARNING] - Timeout '0' is invalid. Using default page load timeout: '30'

2023-10-05 14:04:53 - [MESSAGE][PASSED] - Object 'Object Repository/checkout/Tittle Checkout Order' is present

2023-10-05 14:04:53 - [TEST_STEP][PASSED] - name_product = data.get("nama_barang"): null

2023-10-05 14:04:53 - [TEST_STEP][PASSED] - price_product = data.get("price_barang"): null

2023-10-05 14:04:53 - [TEST_STEP][PASSED] - assert name_product == NamaKeranjang: null

2023-10-05 14:04:53 - [TEST_STEP][PASSED] - assert price_product == HargaKeranjang: null

2023-10-05 14:04:53 - [TEST_STEP][PASSED] - return data: null

2023-10-05 14:04:53 - [MESSAGE][PASSED] - Call Test Case 'Test Cases/T13 Pembelian, Shipment dan Pembayaran/PBL-002' successfully

2023-10-05 14:04:53 - [TEST_STEP][PASSED] - warnaa = getText(findTestObject("verifikasi/warna Merah")): Text of object 'Object Repository/verifikasi/warna Merah' is: 'Merah'

2023-10-05 14:04:53 - [MESSAGE][PASSED] - Text of object 'Object Repository/verifikasi/warna Merah' is: 'Merah'

2023-10-05 14:04:53 - [TEST_STEP][PASSED] - ukurann = getText(findTestObject("verifikasi/Ukuran Menengah")): Text of object 'Object Repository/verifikasi/Ukuran Menengah' is: 'Menengah'

2023-10-05 14:04:54 - [MESSAGE][PASSED] - Text of object 'Object Repository/verifikasi/Ukuran Menengah' is: 'Menengah'

2023-10-05 14:04:54 - [TEST_STEP][PASSED] - warna1 = data.get("Warna"): null

2023-10-05 14:04:54 - [TEST_STEP][PASSED] - ukuran1 = data.get("Ukuran"): null

2023-10-05 14:04:54 - [TEST_STEP][PASSED] - assert warnaa == warna1: null

2023-10-05 14:04:54 - [TEST_STEP][PASSED] - assert ukurann == ukuran1: null

2023-10-05 14:04:54 - [TEST_STEP][PASSED] - NamaCheckout = getText(findTestObject("verifikasi/NamaCheckout")): Text of object 'Object Repository/verifikasi/NamaCheckout' is: ''

2023-10-05 14:04:54 - [MESSAGE][PASSED] - Text of object 'Object Repository/verifikasi/NamaCheckout' is: ''

2023-10-05 14:04:54 - [TEST_STEP][PASSED] - HargaCheckout = getText(findTestObject("verifikasi/HargaCheckout")): Text of object 'Object Repository/verifikasi/HargaCheckout' is: '1,299'

2023-10-05 14:04:55 - [MESSAGE][PASSED] - Text of object 'Object Repository/verifikasi/HargaCheckout' is: '1,299'

2023-10-05 14:04:55 - [TEST_STEP][PASSED] - name_product = data.get("nama_barang"): null

2023-10-05 14:04:55 - [TEST_STEP][PASSED] - price_product = data.get("price_barang"): null

2023-10-05 14:04:55 - [TEST_STEP][PASSED] - assert name_product.contains(NamaCheckout): null

2023-10-05 14:04:55 - [TEST_STEP][PASSED] - assert price_product.contains(HargaCheckout): null

2023-10-05 14:04:55 - [TEST_STEP][PASSED] - selectOptionByLabel(findTestObject("checkout/select - Kirim via Kurir Lokal"), Kurir, false): All options with label 'Roda 2' are selected in object 'Object Repository/checkout/select - Kirim via Kurir Lokal' 

2023-10-05 14:04:55 - [MESSAGE][PASSED] - All options with label 'Roda 2' are selected in object 'Object Repository/checkout/select - Kirim via Kurir Lokal' 

2023-10-05 14:04:55 - [TEST_STEP][PASSED] - click(findTestObject("checkout/Kendaraan Kurir")): Object: 'Object Repository/checkout/Kendaraan Kurir' is clicked on

2023-10-05 14:04:56 - [MESSAGE][PASSED] - Object: 'Object Repository/checkout/Kendaraan Kurir' is clicked on

2023-10-05 14:04:56 - [TEST_STEP][PASSED] - OngkosKirim = getText(findTestObject("Object Repository/verifikasi/Ongkos Kirim checkout")): Text of object 'Object Repository/verifikasi/Ongkos Kirim checkout' is: 'Rp. 5,000'

2023-10-05 14:04:57 - [MESSAGE][PASSED] - Text of object 'Object Repository/verifikasi/Ongkos Kirim checkout' is: 'Rp. 5,000'

2023-10-05 14:04:57 - [TEST_STEP][PASSED] - Ongkos = OngkosKirim.substring(3, OngkosKirim.size()): null

2023-10-05 14:04:57 - [TEST_STEP][PASSED] - rep = Ongkos.replace(",", "."): null

2023-10-05 14:04:57 - [TEST_STEP][PASSED] - Ongkos_kirim = Double.parseDouble(rep): null

2023-10-05 14:04:57 - [TEST_STEP][PASSED] - println(Ongkos_kirim): null

2023-10-05 14:04:57 - [TEST_STEP][PASSED] - FeeAdmin = getText(findTestObject("verifikasi/Fee Admin checkout")): Text of object 'Object Repository/verifikasi/Fee Admin checkout' is: 'Fee Admin
Rp 1,500'

2023-10-05 14:04:57 - [MESSAGE][PASSED] - Text of object 'Object Repository/verifikasi/Fee Admin checkout' is: 'Fee Admin
Rp 1,500'

2023-10-05 14:04:57 - [TEST_STEP][PASSED] - Fee_Admin = FeeAdmin.substring(12, FeeAdmin.size()): null

2023-10-05 14:04:57 - [TEST_STEP][PASSED] - fee = Fee_Admin.replace(",", "."): null

2023-10-05 14:04:57 - [TEST_STEP][PASSED] - fee_admin = Double.parseDouble(fee): null

2023-10-05 14:04:57 - [TEST_STEP][PASSED] - println(fee_admin): null

2023-10-05 14:04:57 - [TEST_STEP][PASSED] - Subtotal = getText(findTestObject("verifikasi/subtotal checkout")): Text of object 'Object Repository/verifikasi/subtotal checkout' is: 'Subtotal
Rp 1,299'

2023-10-05 14:04:58 - [MESSAGE][PASSED] - Text of object 'Object Repository/verifikasi/subtotal checkout' is: 'Subtotal
Rp 1,299'

2023-10-05 14:04:58 - [TEST_STEP][PASSED] - sub_total = Subtotal.substring(12, Subtotal.size()): null

2023-10-05 14:04:58 - [TEST_STEP][PASSED] - sub = sub_total.replace(",", "."): null

2023-10-05 14:04:58 - [TEST_STEP][PASSED] - sub_total = Double.parseDouble(sub): null

2023-10-05 14:04:58 - [TEST_STEP][PASSED] - println(sub_total): null

2023-10-05 14:04:58 - [TEST_STEP][PASSED] - Total = getText(findTestObject("verifikasi/Total checkout")): Text of object 'Object Repository/verifikasi/Total checkout' is: 'Rp 7,799'

2023-10-05 14:04:58 - [MESSAGE][PASSED] - Text of object 'Object Repository/verifikasi/Total checkout' is: 'Rp 7,799'

2023-10-05 14:04:58 - [TEST_STEP][PASSED] - totall = Total.substring(3, Total.size()): null

2023-10-05 14:04:58 - [TEST_STEP][PASSED] - total = totall.replace(",", "."): null

2023-10-05 14:04:58 - [TEST_STEP][PASSED] - totall = Double.parseDouble(total): null

2023-10-05 14:04:58 - [TEST_STEP][PASSED] - println(totall): null

2023-10-05 14:04:58 - [TEST_STEP][PASSED] - Total_Harga = Ongkos_kirim + fee_admin + sub_total: null

2023-10-05 14:04:58 - [TEST_STEP][PASSED] - println(Total_Harga): null

2023-10-05 14:04:58 - [TEST_STEP][PASSED] - TotalHarga = Math.round(Total_Harga * 1000) / 1000: null

2023-10-05 14:04:58 - [TEST_STEP][PASSED] - println(TotalHarga): null

2023-10-05 14:04:58 - [TEST_STEP][PASSED] - assert totall == TotalHarga: null

2023-10-05 14:04:58 - [TEST_STEP][PASSED] - click(findTestObject("verifikasi/Metode Transfer")): Object: 'Object Repository/verifikasi/Metode Transfer' is clicked on

2023-10-05 14:04:59 - [MESSAGE][PASSED] - Object: 'Object Repository/verifikasi/Metode Transfer' is clicked on

2023-10-05 14:04:59 - [TEST_STEP][PASSED] - click(findTestObject("checkout/button_Proses Pembayaran")): Object: 'Object Repository/checkout/button_Proses Pembayaran' is clicked on

2023-10-05 14:05:08 - [MESSAGE][PASSED] - Object: 'Object Repository/checkout/button_Proses Pembayaran' is clicked on

2023-10-05 14:05:08 - [TEST_STEP][PASSED] - verifyElementPresent(findTestObject("pembayaran/Tittle nomor invoice"), 0): Object 'Object Repository/pembayaran/Tittle nomor invoice' is present

2023-10-05 14:05:08 - [MESSAGE][WARNING] - Timeout '0' is invalid. Using default page load timeout: '30'

2023-10-05 14:05:09 - [MESSAGE][PASSED] - Object 'Object Repository/pembayaran/Tittle nomor invoice' is present

2023-10-05 14:05:09 - [TEST_STEP][PASSED] - return data: null

2023-10-05 14:05:09 - [MESSAGE][PASSED] - Call Test Case 'Test Cases/T13 Pembelian, Shipment dan Pembayaran/PBL-004' successfully

2023-10-05 14:05:09 - [TEST_STEP][PASSED] - Invoice = getText(findTestObject("pembayaran/nomor invoice")): Text of object 'Object Repository/pembayaran/nomor invoice' is: 'TRX60.20231005140503'

2023-10-05 14:05:09 - [MESSAGE][PASSED] - Text of object 'Object Repository/pembayaran/nomor invoice' is: 'TRX60.20231005140503'

2023-10-05 14:05:09 - [TEST_STEP][PASSED] - data.put("invoice", Invoice): null

2023-10-05 14:05:09 - [TEST_STEP][PASSED] - NamaPemesan = getText(findTestObject("Konfirmasi pesanan shop/Nama pemesan")): Text of object 'Object Repository/Konfirmasi pesanan shop/Nama pemesan' is: 'irfan.afandi'

2023-10-05 14:05:10 - [MESSAGE][PASSED] - Text of object 'Object Repository/Konfirmasi pesanan shop/Nama pemesan' is: 'irfan.afandi'

2023-10-05 14:05:10 - [TEST_STEP][PASSED] - Nama = getText(findTestObject("pembayaran/Nama barang")): Text of object 'Object Repository/pembayaran/Nama barang' is: 'Segitiga Instan Madeira - MDB5.3 Sunset'

2023-10-05 14:05:10 - [MESSAGE][PASSED] - Text of object 'Object Repository/pembayaran/Nama barang' is: 'Segitiga Instan Madeira - MDB5.3 Sunset'

2023-10-05 14:05:10 - [TEST_STEP][PASSED] - Harga = getText(findTestObject("pembayaran/Harga barang")): Text of object 'Object Repository/pembayaran/Harga barang' is: '1,299'

2023-10-05 14:05:11 - [MESSAGE][PASSED] - Text of object 'Object Repository/pembayaran/Harga barang' is: '1,299'

2023-10-05 14:05:11 - [TEST_STEP][PASSED] - name_product = data.get("nama_barang"): null

2023-10-05 14:05:11 - [TEST_STEP][PASSED] - price_product = data.get("price_barang"): null

2023-10-05 14:05:11 - [TEST_STEP][PASSED] - assert name_product.contains(Nama): null

2023-10-05 14:05:11 - [TEST_STEP][PASSED] - assert price_product.contains(Harga): null

2023-10-05 14:05:11 - [TEST_STEP][PASSED] - warnaa = getText(findTestObject("pembayaran/warna")): Text of object 'Object Repository/pembayaran/warna' is: 'Merah'

2023-10-05 14:05:11 - [MESSAGE][PASSED] - Text of object 'Object Repository/pembayaran/warna' is: 'Merah'

2023-10-05 14:05:11 - [TEST_STEP][PASSED] - ukurann = getText(findTestObject("pembayaran/ukuran")): Text of object 'Object Repository/pembayaran/ukuran' is: 'Menengah'

2023-10-05 14:05:12 - [MESSAGE][PASSED] - Text of object 'Object Repository/pembayaran/ukuran' is: 'Menengah'

2023-10-05 14:05:12 - [TEST_STEP][PASSED] - warna1 = data.get("Warna"): null

2023-10-05 14:05:12 - [TEST_STEP][PASSED] - ukuran1 = data.get("Ukuran"): null

2023-10-05 14:05:12 - [TEST_STEP][PASSED] - assert warnaa == warna1: null

2023-10-05 14:05:12 - [TEST_STEP][PASSED] - assert ukurann == ukuran1: null

2023-10-05 14:05:12 - [TEST_STEP][PASSED] - statusPembelian = getText(findTestObject("verifikasi/Status pending di pembelian")): Text of object 'Object Repository/verifikasi/Status pending di pembelian' is: 'Pending'

2023-10-05 14:05:12 - [MESSAGE][PASSED] - Text of object 'Object Repository/verifikasi/Status pending di pembelian' is: 'Pending'

2023-10-05 14:05:12 - [TEST_STEP][PASSED] - data.put("statusPem", statusPembelian): null

2023-10-05 14:05:12 - [TEST_STEP][PASSED] - OngkosKirim = getText(findTestObject("pembayaran/ongkos kirim")): Text of object 'Object Repository/pembayaran/ongkos kirim' is: 'Rp 5,000'

2023-10-05 14:05:13 - [MESSAGE][PASSED] - Text of object 'Object Repository/pembayaran/ongkos kirim' is: 'Rp 5,000'

2023-10-05 14:05:13 - [TEST_STEP][PASSED] - Ongkos = OngkosKirim.substring(3, OngkosKirim.size()): null

2023-10-05 14:05:13 - [TEST_STEP][PASSED] - rep = Ongkos.replace(",", ""): null

2023-10-05 14:05:13 - [TEST_STEP][PASSED] - Ongkos_kirimm = Integer.parseInt(rep): null

2023-10-05 14:05:13 - [TEST_STEP][PASSED] - println(Ongkos_kirimm): null

2023-10-05 14:05:13 - [TEST_STEP][PASSED] - FeeAdmin = getText(findTestObject("pembayaran/fee admin")): Text of object 'Object Repository/pembayaran/fee admin' is: 'Rp 1,500'

2023-10-05 14:05:13 - [MESSAGE][PASSED] - Text of object 'Object Repository/pembayaran/fee admin' is: 'Rp 1,500'

2023-10-05 14:05:13 - [TEST_STEP][PASSED] - Fee_Admin = FeeAdmin.substring(3, FeeAdmin.size()): null

2023-10-05 14:05:13 - [TEST_STEP][PASSED] - fee = Fee_Admin.replace(",", ""): null

2023-10-05 14:05:13 - [TEST_STEP][PASSED] - fee_adminn = Integer.parseInt(fee): null

2023-10-05 14:05:13 - [TEST_STEP][PASSED] - println(fee_adminn): null

2023-10-05 14:05:13 - [TEST_STEP][PASSED] - Subtotal = getText(findTestObject("pembayaran/subtotal")): Text of object 'Object Repository/pembayaran/subtotal' is: 'Rp 1,299'

2023-10-05 14:05:14 - [MESSAGE][PASSED] - Text of object 'Object Repository/pembayaran/subtotal' is: 'Rp 1,299'

2023-10-05 14:05:14 - [TEST_STEP][PASSED] - sub_total = Subtotal.substring(3, Subtotal.size()): null

2023-10-05 14:05:14 - [TEST_STEP][PASSED] - sub = sub_total.replace(",", ""): null

2023-10-05 14:05:14 - [TEST_STEP][PASSED] - sub_totall = Integer.parseInt(sub): null

2023-10-05 14:05:14 - [TEST_STEP][PASSED] - println(sub_totall): null

2023-10-05 14:05:14 - [TEST_STEP][PASSED] - unik = getText(findTestObject("pembayaran/kode unik")): Text of object 'Object Repository/pembayaran/kode unik' is: '+503'

2023-10-05 14:05:14 - [MESSAGE][PASSED] - Text of object 'Object Repository/pembayaran/kode unik' is: '+503'

2023-10-05 14:05:14 - [TEST_STEP][PASSED] - unikk = unik.replace("+", ""): null

2023-10-05 14:05:14 - [TEST_STEP][PASSED] - kode_unik = Integer.parseInt(unikk): null

2023-10-05 14:05:14 - [TEST_STEP][PASSED] - println(kode_unik): null

2023-10-05 14:05:14 - [TEST_STEP][PASSED] - Total = getText(findTestObject("pembayaran/total")): Text of object 'Object Repository/pembayaran/total' is: '8,302'

2023-10-05 14:05:15 - [MESSAGE][PASSED] - Text of object 'Object Repository/pembayaran/total' is: '8,302'

2023-10-05 14:05:15 - [TEST_STEP][PASSED] - total = Total.replace(",", ""): null

2023-10-05 14:05:15 - [TEST_STEP][PASSED] - totalll = Integer.parseInt(total): null

2023-10-05 14:05:15 - [TEST_STEP][PASSED] - println(totalll): null

2023-10-05 14:05:15 - [TEST_STEP][PASSED] - Total_Hargaa = Ongkos_kirimm + fee_adminn + sub_totall + kode_unik: null

2023-10-05 14:05:15 - [TEST_STEP][PASSED] - println(Total_Hargaa): null

2023-10-05 14:05:15 - [TEST_STEP][PASSED] - assert totalll == Total_Hargaa: null

2023-10-05 14:05:15 - [TEST_STEP][PASSED] - data.put("total", Total): null

2023-10-05 14:05:15 - [TEST_STEP][PASSED] - data.put("nama", NamaPemesan): null

2023-10-05 14:05:15 - [TEST_STEP][PASSED] - return data: null

2023-10-05 14:05:15 - [MESSAGE][PASSED] - Call Test Case 'Test Cases/T13 Pembelian, Shipment dan Pembayaran/PBY-001' successfully

2023-10-05 14:05:15 - [TEST_STEP][PASSED] - inv = data.get("invoice"): null

2023-10-05 14:05:15 - [TEST_STEP][PASSED] - Total = data.get("total"): null

2023-10-05 14:05:15 - [TEST_STEP][PASSED] - NamaPemesan = data.get("nama"): null

2023-10-05 14:05:15 - [TEST_STEP][PASSED] - click(findTestObject("Konfirmasi pesanan shop/Menu Shop")): Object: 'Object Repository/Konfirmasi pesanan shop/Menu Shop' is clicked on

2023-10-05 14:05:17 - [MESSAGE][PASSED] - Object: 'Object Repository/Konfirmasi pesanan shop/Menu Shop' is clicked on

2023-10-05 14:05:17 - [TEST_STEP][PASSED] - click(findTestObject("Konfirmasi pesanan shop/Menu Shop")): Object: 'Object Repository/Konfirmasi pesanan shop/Menu Shop' is clicked on

2023-10-05 14:05:17 - [MESSAGE][PASSED] - Object: 'Object Repository/Konfirmasi pesanan shop/Menu Shop' is clicked on

2023-10-05 14:05:17 - [TEST_STEP][PASSED] - click(findTestObject("Konfirmasi pesanan shop/Konfirmasi Orders")): Object: 'Object Repository/Konfirmasi pesanan shop/Konfirmasi Orders' is clicked on

2023-10-05 14:05:18 - [MESSAGE][PASSED] - Object: 'Object Repository/Konfirmasi pesanan shop/Konfirmasi Orders' is clicked on

2023-10-05 14:05:18 - [TEST_STEP][PASSED] - verifyElementPresent(findTestObject("Konfirmasi pesanan shop/Tittle Konfirmasi Pesanan"), 0): Object 'Object Repository/Konfirmasi pesanan shop/Tittle Konfirmasi Pesanan' is present

2023-10-05 14:05:18 - [MESSAGE][WARNING] - Timeout '0' is invalid. Using default page load timeout: '30'

2023-10-05 14:05:19 - [MESSAGE][PASSED] - Object 'Object Repository/Konfirmasi pesanan shop/Tittle Konfirmasi Pesanan' is present

2023-10-05 14:05:19 - [TEST_STEP][PASSED] - setText(findTestObject("Konfirmasi pesanan shop/input_No Pesanan"), inv): Text 'TRX60.20231005140503' is set on object 'Object Repository/Konfirmasi pesanan shop/input_No Pesanan'

2023-10-05 14:05:20 - [MESSAGE][PASSED] - Text 'TRX60.20231005140503' is set on object 'Object Repository/Konfirmasi pesanan shop/input_No Pesanan'

2023-10-05 14:05:20 - [TEST_STEP][PASSED] - setText(findTestObject("Konfirmasi pesanan shop/input_Alamat E-mai"), "irfan@gmail.com"): Text 'irfan@gmail.com' is set on object 'Object Repository/Konfirmasi pesanan shop/input_Alamat E-mai'

2023-10-05 14:05:21 - [MESSAGE][PASSED] - Text 'irfan@gmail.com' is set on object 'Object Repository/Konfirmasi pesanan shop/input_Alamat E-mai'

2023-10-05 14:05:21 - [TEST_STEP][PASSED] - click(findTestObject("Konfirmasi pesanan shop/button_Submit")): Object: 'Object Repository/Konfirmasi pesanan shop/button_Submit' is clicked on

2023-10-05 14:05:22 - [MESSAGE][PASSED] - Object: 'Object Repository/Konfirmasi pesanan shop/button_Submit' is clicked on

2023-10-05 14:05:22 - [TEST_STEP][PASSED] - verifyElementPresent(findTestObject("Konfirmasi pesanan shop/Tittle nomor invoice"), 0): Object 'Object Repository/Konfirmasi pesanan shop/Tittle nomor invoice' is present

2023-10-05 14:05:22 - [MESSAGE][WARNING] - Timeout '0' is invalid. Using default page load timeout: '30'

2023-10-05 14:05:23 - [MESSAGE][PASSED] - Object 'Object Repository/Konfirmasi pesanan shop/Tittle nomor invoice' is present

2023-10-05 14:05:23 - [TEST_STEP][PASSED] - setText(findTestObject("Konfirmasi pesanan shop/input_Total TagihanTransfer_b"), Total): Text '8,302' is set on object 'Object Repository/Konfirmasi pesanan shop/input_Total TagihanTransfer_b'

2023-10-05 14:05:24 - [MESSAGE][PASSED] - Text '8,302' is set on object 'Object Repository/Konfirmasi pesanan shop/input_Total TagihanTransfer_b'

2023-10-05 14:05:24 - [TEST_STEP][PASSED] - selectOptionByValue(findTestObject("Konfirmasi pesanan shop/select_Bank"), "4", false): All options with value '4' are selected in object 'Object Repository/Konfirmasi pesanan shop/select_Bank' 

2023-10-05 14:05:24 - [MESSAGE][PASSED] - All options with value '4' are selected in object 'Object Repository/Konfirmasi pesanan shop/select_Bank' 

2023-10-05 14:05:24 - [TEST_STEP][PASSED] - setText(findTestObject("Konfirmasi pesanan shop/input_Nama Pengirim_d"), NamaPemesan): Text 'irfan.afandi' is set on object 'Object Repository/Konfirmasi pesanan shop/input_Nama Pengirim_d'

2023-10-05 14:05:25 - [MESSAGE][PASSED] - Text 'irfan.afandi' is set on object 'Object Repository/Konfirmasi pesanan shop/input_Nama Pengirim_d'

2023-10-05 14:05:25 - [TEST_STEP][PASSED] - uploadFile(findTestObject("keranjang/konfirmasi/input_Upload Bukti Transfer_f"), "C:\Users\IRFAN\Downloads\Berkas2.pdf"): File 'C:\Users\IRFAN\Downloads\Berkas2.pdf' sent to object: 'Object Repository/keranjang/konfirmasi/input_Upload Bukti Transfer_f'

2023-10-05 14:05:26 - [MESSAGE][PASSED] - File 'C:\Users\IRFAN\Downloads\Berkas2.pdf' sent to object: 'Object Repository/keranjang/konfirmasi/input_Upload Bukti Transfer_f'

2023-10-05 14:05:26 - [TEST_STEP][PASSED] - click(findTestObject("Konfirmasi pesanan shop/button_Konfirmasi Pembayaran")): Object: 'Object Repository/Konfirmasi pesanan shop/button_Konfirmasi Pembayaran' is clicked on

2023-10-05 14:05:27 - [MESSAGE][PASSED] - Object: 'Object Repository/Konfirmasi pesanan shop/button_Konfirmasi Pembayaran' is clicked on

2023-10-05 14:05:27 - [TEST_STEP][PASSED] - verifyElementPresent(findTestObject("Konfirmasi pesanan shop/Tittle Konfirmasi Pesanan"), 0): Object 'Object Repository/Konfirmasi pesanan shop/Tittle Konfirmasi Pesanan' is present

2023-10-05 14:05:27 - [MESSAGE][WARNING] - Timeout '0' is invalid. Using default page load timeout: '30'

2023-10-05 14:05:28 - [MESSAGE][PASSED] - Object 'Object Repository/Konfirmasi pesanan shop/Tittle Konfirmasi Pesanan' is present

2023-10-05 14:05:28 - [TEST_STEP][PASSED] - verifyElementPresent(findTestObject("Konfirmasi pesanan shop/Tittle massage succes Konfirmasi Pembayaran Pesanan"), 0): Object 'Object Repository/Konfirmasi pesanan shop/Tittle massage succes Konfirmasi Pembayaran Pesanan' is present

2023-10-05 14:05:28 - [MESSAGE][WARNING] - Timeout '0' is invalid. Using default page load timeout: '30'

2023-10-05 14:05:28 - [MESSAGE][PASSED] - Object 'Object Repository/Konfirmasi pesanan shop/Tittle massage succes Konfirmasi Pembayaran Pesanan' is present

2023-10-05 14:05:28 - [TEST_STEP][PASSED] - return data: null

2023-10-05 14:05:28 - [MESSAGE][PASSED] - Call Test Case 'Test Cases/T13 Pembelian, Shipment dan Pembayaran/PBY-004' successfully

2023-10-05 14:05:28 - [TEST_STEP][PASSED] - navigateToUrl("https://10.9.2.63/ecommerce/administrator/"): Navigate to 'https://10.9.2.63/ecommerce/administrator/' successfully

2023-10-05 14:05:28 - [MESSAGE][PASSED] - Navigate to 'https://10.9.2.63/ecommerce/administrator/' successfully

2023-10-05 14:05:28 - [TEST_STEP][PASSED] - verifyElementPresent(findTestObject("admin/Tittle ADMIN Login"), 0): Object 'Object Repository/admin/Tittle ADMIN Login' is present

2023-10-05 14:05:29 - [MESSAGE][WARNING] - Timeout '0' is invalid. Using default page load timeout: '30'

2023-10-05 14:05:29 - [MESSAGE][PASSED] - Object 'Object Repository/admin/Tittle ADMIN Login' is present

2023-10-05 14:05:29 - [TEST_STEP][PASSED] - setText(findTestObject("admin/Username"), "admin"): Text 'admin' is set on object 'Object Repository/admin/Username'

2023-10-05 14:05:30 - [MESSAGE][PASSED] - Text 'admin' is set on object 'Object Repository/admin/Username'

2023-10-05 14:05:30 - [TEST_STEP][PASSED] - setText(findTestObject("admin/Password"), "123admin123"): Text '123admin123' is set on object 'Object Repository/admin/Password'

2023-10-05 14:05:30 - [MESSAGE][PASSED] - Text '123admin123' is set on object 'Object Repository/admin/Password'

2023-10-05 14:05:30 - [TEST_STEP][PASSED] - click(findTestObject("admin/Remember Me")): Object: 'Object Repository/admin/Remember Me' is clicked on

2023-10-05 14:05:31 - [MESSAGE][PASSED] - Object: 'Object Repository/admin/Remember Me' is clicked on

2023-10-05 14:05:31 - [TEST_STEP][PASSED] - delay(10): Delayed 10 second(s)

2023-10-05 14:05:41 - [MESSAGE][PASSED] - Delayed 10 second(s)

2023-10-05 14:05:41 - [TEST_STEP][PASSED] - click(findTestObject("admin/buttom submit")): Object: 'Object Repository/admin/buttom submit' is clicked on

2023-10-05 14:05:42 - [MESSAGE][PASSED] - Object: 'Object Repository/admin/buttom submit' is clicked on

2023-10-05 14:05:42 - [TEST_STEP][PASSED] - verifyElementPresent(findTestObject("admin/Konf order konsumen/Tittle Dashboard"), 0): Object 'Object Repository/admin/Konf order konsumen/Tittle Dashboard' is present

2023-10-05 14:05:43 - [MESSAGE][WARNING] - Timeout '0' is invalid. Using default page load timeout: '30'

2023-10-05 14:05:43 - [MESSAGE][PASSED] - Object 'Object Repository/admin/Konf order konsumen/Tittle Dashboard' is present

2023-10-05 14:05:43 - [TEST_STEP][PASSED] - click(findTestObject("admin/Konf order konsumen/Menu Transaksi Market")): Object: 'Object Repository/admin/Konf order konsumen/Menu Transaksi Market' is clicked on

2023-10-05 14:05:43 - [MESSAGE][PASSED] - Object: 'Object Repository/admin/Konf order konsumen/Menu Transaksi Market' is clicked on

2023-10-05 14:05:43 - [TEST_STEP][PASSED] - click(findTestObject("admin/Konf order konsumen/Menu Konf. Order Konsumen")): Object: 'Object Repository/admin/Konf order konsumen/Menu Konf. Order Konsumen' is clicked on

2023-10-05 14:05:45 - [MESSAGE][PASSED] - Object: 'Object Repository/admin/Konf order konsumen/Menu Konf. Order Konsumen' is clicked on

2023-10-05 14:05:45 - [TEST_STEP][PASSED] - verifyElementPresent(findTestObject("admin/Konf order konsumen/Tittle Data Konfirmasi Pembayaran Konsumen"), 0): Object 'Object Repository/admin/Konf order konsumen/Tittle Data Konfirmasi Pembayaran Konsumen' is present

2023-10-05 14:05:45 - [MESSAGE][WARNING] - Timeout '0' is invalid. Using default page load timeout: '30'

2023-10-05 14:05:45 - [MESSAGE][PASSED] - Object 'Object Repository/admin/Konf order konsumen/Tittle Data Konfirmasi Pembayaran Konsumen' is present

2023-10-05 14:05:45 - [TEST_STEP][PASSED] - inv = data.get("invoice"): null

2023-10-05 14:05:45 - [TEST_STEP][PASSED] - setText(findTestObject("admin/Konf order konsumen/Search"), inv): Text 'TRX60.20231005140503' is set on object 'Object Repository/admin/Konf order konsumen/Search'

2023-10-05 14:05:46 - [MESSAGE][PASSED] - Text 'TRX60.20231005140503' is set on object 'Object Repository/admin/Konf order konsumen/Search'

2023-10-05 14:05:46 - [TEST_STEP][PASSED] - verifyElementText(findTestObject("admin/Konf order konsumen/Keterangan Lunas"), "Lunas"): Actual text and expected text of test object 'Object Repository/admin/Konf order konsumen/Keterangan Lunas' are matched.

2023-10-05 14:05:47 - [MESSAGE][PASSED] - Actual text and expected text of test object 'Object Repository/admin/Konf order konsumen/Keterangan Lunas' are matched.

2023-10-05 14:05:47 - [TEST_STEP][PASSED] - return data: null

2023-10-05 14:05:47 - [MESSAGE][PASSED] - Call Test Case 'Test Cases/T13 Pembelian, Shipment dan Pembayaran/PBYA-001' successfully

2023-10-05 14:05:47 - [TEST_STEP][PASSED] - click(findTestObject("admin/Penjualan ke konsumen/buttom Dashboard")): Object: 'Object Repository/admin/Penjualan ke konsumen/buttom Dashboard' is clicked on

2023-10-05 14:05:47 - [MESSAGE][PASSED] - Object: 'Object Repository/admin/Penjualan ke konsumen/buttom Dashboard' is clicked on

2023-10-05 14:05:47 - [TEST_STEP][PASSED] - click(findTestObject("admin/Konf order konsumen/Menu Transaksi Market")): Object: 'Object Repository/admin/Konf order konsumen/Menu Transaksi Market' is clicked on

2023-10-05 14:05:48 - [MESSAGE][PASSED] - Object: 'Object Repository/admin/Konf order konsumen/Menu Transaksi Market' is clicked on

2023-10-05 14:05:48 - [TEST_STEP][PASSED] - click(findTestObject("admin/Penjualan ke konsumen/a_Penjualan ke Konsumen")): Object: 'Object Repository/admin/Penjualan ke konsumen/a_Penjualan ke Konsumen' is clicked on

2023-10-05 14:05:51 - [MESSAGE][PASSED] - Object: 'Object Repository/admin/Penjualan ke konsumen/a_Penjualan ke Konsumen' is clicked on

2023-10-05 14:05:51 - [TEST_STEP][PASSED] - verifyElementPresent(findTestObject("admin/Tittle Data Transaksi Penjualan  Orderan Konsumen"), 0): Object 'Object Repository/admin/Tittle Data Transaksi Penjualan  Orderan Konsumen' is present

2023-10-05 14:05:51 - [MESSAGE][WARNING] - Timeout '0' is invalid. Using default page load timeout: '30'

2023-10-05 14:05:52 - [MESSAGE][PASSED] - Object 'Object Repository/admin/Tittle Data Transaksi Penjualan  Orderan Konsumen' is present

2023-10-05 14:05:52 - [TEST_STEP][PASSED] - return data: null

2023-10-05 14:05:52 - [MESSAGE][PASSED] - Call Test Case 'Test Cases/T13 Pembelian, Shipment dan Pembayaran/SA-001' successfully

2023-10-05 14:05:52 - [TEST_STEP][PASSED] - inv = data.get("invoice"): null

2023-10-05 14:05:52 - [TEST_STEP][PASSED] - setText(findTestObject("admin/Penjualan ke konsumen/Search"), inv): Text 'TRX60.20231005140503' is set on object 'Object Repository/admin/Penjualan ke konsumen/Search'

2023-10-05 14:05:53 - [MESSAGE][PASSED] - Text 'TRX60.20231005140503' is set on object 'Object Repository/admin/Penjualan ke konsumen/Search'

2023-10-05 14:05:53 - [TEST_STEP][PASSED] - click(findTestObject("admin/Penjualan ke konsumen/buttom konfirmasi pending payment"), CONTINUE_ON_FAILURE): Object: 'Object Repository/admin/Penjualan ke konsumen/buttom konfirmasi pending payment' is clicked on

2023-10-05 14:05:53 - [MESSAGE][PASSED] - Object: 'Object Repository/admin/Penjualan ke konsumen/buttom konfirmasi pending payment' is clicked on

2023-10-05 14:05:53 - [TEST_STEP][PASSED] - waitForAlert(5, OPTIONAL): Alert is present after 5 second(s).

2023-10-05 14:05:53 - [MESSAGE][PASSED] - Alert is present after 5 second(s).

2023-10-05 14:05:53 - [TEST_STEP][PASSED] - acceptAlert(): Alert accepted

2023-10-05 14:05:53 - [MESSAGE][PASSED] - Alert accepted

2023-10-05 14:05:53 - [TEST_STEP][PASSED] - setText(findTestObject("admin/Penjualan ke konsumen/Search"), inv): Text 'TRX60.20231005140503' is set on object 'Object Repository/admin/Penjualan ke konsumen/Search'

2023-10-05 14:06:02 - [MESSAGE][PASSED] - Text 'TRX60.20231005140503' is set on object 'Object Repository/admin/Penjualan ke konsumen/Search'

2023-10-05 14:06:02 - [TEST_STEP][PASSED] - verifyTextNotPresent("pending payment", false): Text 'pending payment' is not present on page

2023-10-05 14:06:03 - [MESSAGE][PASSED] - Text 'pending payment' is not present on page

2023-10-05 14:06:03 - [TEST_STEP][PASSED] - return data: null

2023-10-05 14:06:03 - [MESSAGE][PASSED] - Call Test Case 'Test Cases/T13 Pembelian, Shipment dan Pembayaran/SA-002' successfully

2023-10-05 14:06:03 - [TEST_STEP][PASSED] - click(findTestObject("admin/Penjualan ke konsumen/buttom scroldown")): Object: 'Object Repository/admin/Penjualan ke konsumen/buttom scroldown' is clicked on

2023-10-05 14:06:03 - [MESSAGE][PASSED] - Object: 'Object Repository/admin/Penjualan ke konsumen/buttom scroldown' is clicked on

2023-10-05 14:06:03 - [TEST_STEP][PASSED] - click(findTestObject("admin/Penjualan ke konsumen/Selesai"), CONTINUE_ON_FAILURE): Object: 'Object Repository/admin/Penjualan ke konsumen/Selesai' is clicked on

2023-10-05 14:06:04 - [MESSAGE][PASSED] - Object: 'Object Repository/admin/Penjualan ke konsumen/Selesai' is clicked on

2023-10-05 14:06:04 - [TEST_STEP][PASSED] - waitForAlert(5, OPTIONAL): Alert is present after 5 second(s).

2023-10-05 14:06:04 - [MESSAGE][PASSED] - Alert is present after 5 second(s).

2023-10-05 14:06:04 - [TEST_STEP][PASSED] - acceptAlert(): Alert accepted

2023-10-05 14:06:04 - [MESSAGE][PASSED] - Alert accepted

2023-10-05 14:06:04 - [TEST_STEP][PASSED] - inv = data.get("invoice"): null

2023-10-05 14:06:04 - [TEST_STEP][PASSED] - setText(findTestObject("admin/Penjualan ke konsumen/Search"), inv): Text 'TRX60.20231005140503' is set on object 'Object Repository/admin/Penjualan ke konsumen/Search'

2023-10-05 14:06:08 - [MESSAGE][PASSED] - Text 'TRX60.20231005140503' is set on object 'Object Repository/admin/Penjualan ke konsumen/Search'

2023-10-05 14:06:08 - [TEST_STEP][PASSED] - verifyTextPresent("Selesai", false): Text 'Selesai' is present on page 

2023-10-05 14:06:08 - [MESSAGE][PASSED] - Text 'Selesai' is present on page 

2023-10-05 14:06:08 - [TEST_STEP][PASSED] - selesaiAdmin = getText(findTestObject("admin/Selesai")): Text of object 'Object Repository/admin/Selesai' is: 'Selesai'

2023-10-05 14:06:09 - [MESSAGE][PASSED] - Text of object 'Object Repository/admin/Selesai' is: 'Selesai'

2023-10-05 14:06:09 - [TEST_STEP][PASSED] - data.put("statusSelesai", selesaiAdmin): null

2023-10-05 14:06:09 - [TEST_STEP][PASSED] - return data: null

2023-10-05 14:06:09 - [MESSAGE][PASSED] - Call Test Case 'Test Cases/T13 Pembelian, Shipment dan Pembayaran/SA-005' successfully

2023-10-05 14:06:09 - [TEST_STEP][PASSED] - openBrowser("https://10.9.2.63/ecommerce/"): Browser is opened with url: 'https://10.9.2.63/ecommerce/'

2023-10-05 14:06:09 - [MESSAGE][WARNING] - A browser is already opened. Closing browser and opening a new one

2023-10-05 14:06:09 - [MESSAGE][INFO] - Starting 'Edge Chromium' driver

2023-10-05 14:06:09 - [MESSAGE][INFO] - User set preference: ['acceptInsecureCerts', 'true']

2023-10-05 14:06:12 - [MESSAGE][INFO] - Action delay is set to 0 milliseconds

2023-10-05 14:06:16 - [MESSAGE][PASSED] - Browser is opened with url: 'https://10.9.2.63/ecommerce/'

2023-10-05 14:06:16 - [TEST_STEP][PASSED] - maximizeWindow(): Current window maximized

2023-10-05 14:06:16 - [MESSAGE][PASSED] - Current window maximized

2023-10-05 14:06:16 - [TEST_STEP][PASSED] - verifyElementPresent(findTestObject("Login/Home"), 0): Object 'Object Repository/Login/Home' is present

2023-10-05 14:06:16 - [MESSAGE][WARNING] - Timeout '0' is invalid. Using default page load timeout: '30'

2023-10-05 14:06:16 - [MESSAGE][PASSED] - Object 'Object Repository/Login/Home' is present

2023-10-05 14:06:16 - [TEST_STEP][PASSED] - click(findTestObject("Login/a_Login")): Object: 'Object Repository/Login/a_Login' is clicked on

2023-10-05 14:06:17 - [MESSAGE][PASSED] - Object: 'Object Repository/Login/a_Login' is clicked on

2023-10-05 14:06:17 - [TEST_STEP][PASSED] - verifyElementPresent(findTestObject("Login/Tittle Login"), 0): Object 'Object Repository/Login/Tittle Login' is present

2023-10-05 14:06:17 - [MESSAGE][WARNING] - Timeout '0' is invalid. Using default page load timeout: '30'

2023-10-05 14:06:18 - [MESSAGE][PASSED] - Object 'Object Repository/Login/Tittle Login' is present

2023-10-05 14:06:18 - [TEST_STEP][PASSED] - setText(findTestObject("Login/input_Username, Email atau No. Handphone_a"), "irfanafandi"): Text 'irfanafandi' is set on object 'Object Repository/Login/input_Username, Email atau No. Handphone_a'

2023-10-05 14:06:18 - [MESSAGE][PASSED] - Text 'irfanafandi' is set on object 'Object Repository/Login/input_Username, Email atau No. Handphone_a'

2023-10-05 14:06:18 - [TEST_STEP][PASSED] - setText(findTestObject("Login/input_Password_b"), "12345irfan"): Text '12345irfan' is set on object 'Object Repository/Login/input_Password_b'

2023-10-05 14:06:19 - [MESSAGE][PASSED] - Text '12345irfan' is set on object 'Object Repository/Login/input_Password_b'

2023-10-05 14:06:19 - [TEST_STEP][PASSED] - click(findTestObject("Login/button_Masuk")): Object: 'Object Repository/Login/button_Masuk' is clicked on

2023-10-05 14:06:21 - [MESSAGE][PASSED] - Object: 'Object Repository/Login/button_Masuk' is clicked on

2023-10-05 14:06:21 - [TEST_STEP][PASSED] - verifyElementPresent(findTestObject("Login/li_Profile"), 0): Object 'Object Repository/Login/li_Profile' is present

2023-10-05 14:06:21 - [MESSAGE][WARNING] - Timeout '0' is invalid. Using default page load timeout: '30'

2023-10-05 14:06:21 - [MESSAGE][PASSED] - Object 'Object Repository/Login/li_Profile' is present

2023-10-05 14:06:21 - [TEST_STEP][PASSED] - click(findTestObject("Konfirmasi pesanan shop/Menu Shop")): Object: 'Object Repository/Konfirmasi pesanan shop/Menu Shop' is clicked on

2023-10-05 14:06:23 - [MESSAGE][PASSED] - Object: 'Object Repository/Konfirmasi pesanan shop/Menu Shop' is clicked on

2023-10-05 14:06:23 - [TEST_STEP][PASSED] - click(findTestObject("Konfirmasi pesanan shop/Menu Shop")): Object: 'Object Repository/Konfirmasi pesanan shop/Menu Shop' is clicked on

2023-10-05 14:06:24 - [MESSAGE][PASSED] - Object: 'Object Repository/Konfirmasi pesanan shop/Menu Shop' is clicked on

2023-10-05 14:06:24 - [TEST_STEP][PASSED] - click(findTestObject("Traking Order/a_Tracking Orders")): Object: 'Object Repository/Traking Order/a_Tracking Orders' is clicked on

2023-10-05 14:06:25 - [MESSAGE][PASSED] - Object: 'Object Repository/Traking Order/a_Tracking Orders' is clicked on

2023-10-05 14:06:25 - [TEST_STEP][PASSED] - verifyElementPresent(findTestObject("Traking Order/Tittle Tracking Order"), 0): Object 'Object Repository/Traking Order/Tittle Tracking Order' is present

2023-10-05 14:06:25 - [MESSAGE][WARNING] - Timeout '0' is invalid. Using default page load timeout: '30'

2023-10-05 14:06:25 - [MESSAGE][PASSED] - Object 'Object Repository/Traking Order/Tittle Tracking Order' is present

2023-10-05 14:06:25 - [TEST_STEP][PASSED] - inv = data.get("invoice"): null

2023-10-05 14:06:25 - [TEST_STEP][PASSED] - setText(findTestObject("Traking Order/input_No Pesanan_a"), inv): Text 'TRX60.20231005140503' is set on object 'Object Repository/Traking Order/input_No Pesanan_a'

2023-10-05 14:06:26 - [MESSAGE][PASSED] - Text 'TRX60.20231005140503' is set on object 'Object Repository/Traking Order/input_No Pesanan_a'

2023-10-05 14:06:26 - [TEST_STEP][PASSED] - setText(findTestObject("Traking Order/input_Alamat E-mail_form-control"), "irfan"): Text 'irfan' is set on object 'Object Repository/Traking Order/input_Alamat E-mail_form-control'

2023-10-05 14:06:27 - [MESSAGE][PASSED] - Text 'irfan' is set on object 'Object Repository/Traking Order/input_Alamat E-mail_form-control'

2023-10-05 14:06:27 - [TEST_STEP][PASSED] - click(findTestObject("Traking Order/button_Lacak Pesanan")): Object: 'Object Repository/Traking Order/button_Lacak Pesanan' is clicked on

2023-10-05 14:06:31 - [MESSAGE][PASSED] - Object: 'Object Repository/Traking Order/button_Lacak Pesanan' is clicked on

2023-10-05 14:06:31 - [TEST_STEP][FAILED] - verifyTextPresent("Email not valid", false): Unable to verify text 'Email not valid' is present  (Root cause: com.kms.katalon.core.exception.StepFailedException: Unable to verify text 'Email not valid' is present 
	at com.kms.katalon.core.webui.keyword.internal.WebUIKeywordMain.stepFailed(WebUIKeywordMain.groovy:64)
	at com.kms.katalon.core.webui.keyword.internal.WebUIKeywordMain.runKeyword(WebUIKeywordMain.groovy:26)
	at com.kms.katalon.core.webui.keyword.builtin.VerifyTextPresentKeyword.verifyTextPresent(VerifyTextPresentKeyword.groovy:83)
	at com.kms.katalon.core.webui.keyword.builtin.VerifyTextPresentKeyword.execute(VerifyTextPresentKeyword.groovy:68)
	at com.kms.katalon.core.keyword.internal.KeywordExecutor.executeKeywordForPlatform(KeywordExecutor.groovy:74)
	at com.kms.katalon.core.webui.keyword.WebUiBuiltInKeywords.verifyTextPresent(WebUiBuiltInKeywords.groovy:1723)
	at com.kms.katalon.core.webui.keyword.WebUiBuiltInKeywords$verifyTextPresent$7.call(Unknown Source)
	at SU-007.run(SU-007:60)
	at com.kms.katalon.core.main.ScriptEngine.run(ScriptEngine.java:194)
	at com.kms.katalon.core.main.ScriptEngine.runScriptAsRawText(ScriptEngine.java:119)
	at com.kms.katalon.core.main.TestCaseExecutor.runScript(TestCaseExecutor.java:448)
	at com.kms.katalon.core.main.TestCaseExecutor.doExecute(TestCaseExecutor.java:439)
	at com.kms.katalon.core.main.TestCaseExecutor.processExecutionPhase(TestCaseExecutor.java:418)
	at com.kms.katalon.core.main.TestCaseExecutor.accessMainPhase(TestCaseExecutor.java:410)
	at com.kms.katalon.core.main.TestCaseExecutor.execute(TestCaseExecutor.java:285)
	at com.kms.katalon.core.common.CommonExecutor.accessTestCaseMainPhase(CommonExecutor.java:65)
	at com.kms.katalon.core.main.TestSuiteExecutor.accessTestSuiteMainPhase(TestSuiteExecutor.java:148)
	at com.kms.katalon.core.main.TestSuiteExecutor.execute(TestSuiteExecutor.java:106)
	at com.kms.katalon.core.main.TestCaseMain.startTestSuite(TestCaseMain.java:187)
	at com.kms.katalon.core.main.TestCaseMain$startTestSuite$0.call(Unknown Source)
	at TempTestSuite1696486556660.run(TempTestSuite1696486556660.groovy:36)
Caused by: com.kms.katalon.core.exception.StepFailedException: Text 'Email not valid' is not present on page 
	at com.kms.katalon.core.webui.keyword.internal.WebUIKeywordMain.stepFailed(WebUIKeywordMain.groovy:64)
	at com.kms.katalon.core.webui.keyword.builtin.VerifyTextPresentKeyword$_verifyTextPresent_closure1.doCall(VerifyTextPresentKeyword.groovy:79)
	at com.kms.katalon.core.webui.keyword.builtin.VerifyTextPresentKeyword$_verifyTextPresent_closure1.call(VerifyTextPresentKeyword.groovy)
	at com.kms.katalon.core.webui.keyword.internal.WebUIKeywordMain.runKeyword(WebUIKeywordMain.groovy:20)
	... 19 more
)

2023-10-05 14:06:32 - [MESSAGE][FAILED] - Text 'Email not valid' is not present on page  (Root cause: com.kms.katalon.core.exception.StepFailedException: Text 'Email not valid' is not present on page 
	at com.kms.katalon.core.webui.keyword.internal.WebUIKeywordMain.stepFailed(WebUIKeywordMain.groovy:64)
	at com.kms.katalon.core.webui.keyword.builtin.VerifyTextPresentKeyword$_verifyTextPresent_closure1.doCall(VerifyTextPresentKeyword.groovy:79)
	at com.kms.katalon.core.webui.keyword.builtin.VerifyTextPresentKeyword$_verifyTextPresent_closure1.call(VerifyTextPresentKeyword.groovy)
	at com.kms.katalon.core.webui.keyword.internal.WebUIKeywordMain.runKeyword(WebUIKeywordMain.groovy:20)
	at com.kms.katalon.core.webui.keyword.builtin.VerifyTextPresentKeyword.verifyTextPresent(VerifyTextPresentKeyword.groovy:83)
	at com.kms.katalon.core.webui.keyword.builtin.VerifyTextPresentKeyword.execute(VerifyTextPresentKeyword.groovy:68)
	at com.kms.katalon.core.keyword.internal.KeywordExecutor.executeKeywordForPlatform(KeywordExecutor.groovy:74)
	at com.kms.katalon.core.webui.keyword.WebUiBuiltInKeywords.verifyTextPresent(WebUiBuiltInKeywords.groovy:1723)
	at com.kms.katalon.core.webui.keyword.WebUiBuiltInKeywords$verifyTextPresent$7.call(Unknown Source)
	at SU-007.run(SU-007:60)
	at com.kms.katalon.core.main.ScriptEngine.run(ScriptEngine.java:194)
	at com.kms.katalon.core.main.ScriptEngine.runScriptAsRawText(ScriptEngine.java:119)
	at com.kms.katalon.core.main.TestCaseExecutor.runScript(TestCaseExecutor.java:448)
	at com.kms.katalon.core.main.TestCaseExecutor.doExecute(TestCaseExecutor.java:439)
	at com.kms.katalon.core.main.TestCaseExecutor.processExecutionPhase(TestCaseExecutor.java:418)
	at com.kms.katalon.core.main.TestCaseExecutor.accessMainPhase(TestCaseExecutor.java:410)
	at com.kms.katalon.core.main.TestCaseExecutor.execute(TestCaseExecutor.java:285)
	at com.kms.katalon.core.common.CommonExecutor.accessTestCaseMainPhase(CommonExecutor.java:65)
	at com.kms.katalon.core.main.TestSuiteExecutor.accessTestSuiteMainPhase(TestSuiteExecutor.java:148)
	at com.kms.katalon.core.main.TestSuiteExecutor.execute(TestSuiteExecutor.java:106)
	at com.kms.katalon.core.main.TestCaseMain.startTestSuite(TestCaseMain.java:187)
	at com.kms.katalon.core.main.TestCaseMain$startTestSuite$0.call(Unknown Source)
	at TempTestSuite1696486556660.run(TempTestSuite1696486556660.groovy:36)
)

2023-10-05 14:06:32 - [MESSAGE][FAILED] - Unable to verify text 'Email not valid' is present  (Root cause: com.kms.katalon.core.exception.StepFailedException: Unable to verify text 'Email not valid' is present 
	at com.kms.katalon.core.webui.keyword.internal.WebUIKeywordMain.stepFailed(WebUIKeywordMain.groovy:64)
	at com.kms.katalon.core.webui.keyword.internal.WebUIKeywordMain.runKeyword(WebUIKeywordMain.groovy:26)
	at com.kms.katalon.core.webui.keyword.builtin.VerifyTextPresentKeyword.verifyTextPresent(VerifyTextPresentKeyword.groovy:83)
	at com.kms.katalon.core.webui.keyword.builtin.VerifyTextPresentKeyword.execute(VerifyTextPresentKeyword.groovy:68)
	at com.kms.katalon.core.keyword.internal.KeywordExecutor.executeKeywordForPlatform(KeywordExecutor.groovy:74)
	at com.kms.katalon.core.webui.keyword.WebUiBuiltInKeywords.verifyTextPresent(WebUiBuiltInKeywords.groovy:1723)
	at com.kms.katalon.core.webui.keyword.WebUiBuiltInKeywords$verifyTextPresent$7.call(Unknown Source)
	at SU-007.run(SU-007:60)
	at com.kms.katalon.core.main.ScriptEngine.run(ScriptEngine.java:194)
	at com.kms.katalon.core.main.ScriptEngine.runScriptAsRawText(ScriptEngine.java:119)
	at com.kms.katalon.core.main.TestCaseExecutor.runScript(TestCaseExecutor.java:448)
	at com.kms.katalon.core.main.TestCaseExecutor.doExecute(TestCaseExecutor.java:439)
	at com.kms.katalon.core.main.TestCaseExecutor.processExecutionPhase(TestCaseExecutor.java:418)
	at com.kms.katalon.core.main.TestCaseExecutor.accessMainPhase(TestCaseExecutor.java:410)
	at com.kms.katalon.core.main.TestCaseExecutor.execute(TestCaseExecutor.java:285)
	at com.kms.katalon.core.common.CommonExecutor.accessTestCaseMainPhase(CommonExecutor.java:65)
	at com.kms.katalon.core.main.TestSuiteExecutor.accessTestSuiteMainPhase(TestSuiteExecutor.java:148)
	at com.kms.katalon.core.main.TestSuiteExecutor.execute(TestSuiteExecutor.java:106)
	at com.kms.katalon.core.main.TestCaseMain.startTestSuite(TestCaseMain.java:187)
	at com.kms.katalon.core.main.TestCaseMain$startTestSuite$0.call(Unknown Source)
	at TempTestSuite1696486556660.run(TempTestSuite1696486556660.groovy:36)
Caused by: com.kms.katalon.core.exception.StepFailedException: Text 'Email not valid' is not present on page 
	at com.kms.katalon.core.webui.keyword.internal.WebUIKeywordMain.stepFailed(WebUIKeywordMain.groovy:64)
	at com.kms.katalon.core.webui.keyword.builtin.VerifyTextPresentKeyword$_verifyTextPresent_closure1.doCall(VerifyTextPresentKeyword.groovy:79)
	at com.kms.katalon.core.webui.keyword.builtin.VerifyTextPresentKeyword$_verifyTextPresent_closure1.call(VerifyTextPresentKeyword.groovy)
	at com.kms.katalon.core.webui.keyword.internal.WebUIKeywordMain.runKeyword(WebUIKeywordMain.groovy:20)
	... 19 more
)
[[ATTACHMENT|C:\\FT2 XSIS\\Projek 2 MINI PROJEK\\Reports\\20231005_131556\\T13 Pembelian, Shipment dan Pembayaran\\T13 Pembelian, Shipment dan Pembayaran\\20231005_131556\\1696489592163.png]]]]></system-out>
         <system-err><![CDATA[2023-10-05 14:04:25 - [TEST_CASE][FAILED] - Test Cases/T13 Pembelian, Shipment dan Pembayaran/SU-007: Test Cases/T13 Pembelian, Shipment dan Pembayaran/SU-007 FAILED.
Reason:
com.kms.katalon.core.exception.StepFailedException: Unable to verify text 'Email not valid' is present 
	at com.kms.katalon.core.webui.keyword.internal.WebUIKeywordMain.stepFailed(WebUIKeywordMain.groovy:64)
	at com.kms.katalon.core.webui.keyword.internal.WebUIKeywordMain.runKeyword(WebUIKeywordMain.groovy:26)
	at com.kms.katalon.core.webui.keyword.builtin.VerifyTextPresentKeyword.verifyTextPresent(VerifyTextPresentKeyword.groovy:83)
	at com.kms.katalon.core.webui.keyword.builtin.VerifyTextPresentKeyword.execute(VerifyTextPresentKeyword.groovy:68)
	at com.kms.katalon.core.keyword.internal.KeywordExecutor.executeKeywordForPlatform(KeywordExecutor.groovy:74)
	at com.kms.katalon.core.webui.keyword.WebUiBuiltInKeywords.verifyTextPresent(WebUiBuiltInKeywords.groovy:1723)
	at com.kms.katalon.core.webui.keyword.WebUiBuiltInKeywords$verifyTextPresent$7.call(Unknown Source)
	at SU-007.run(SU-007:60)
	at com.kms.katalon.core.main.ScriptEngine.run(ScriptEngine.java:194)
	at com.kms.katalon.core.main.ScriptEngine.runScriptAsRawText(ScriptEngine.java:119)
	at com.kms.katalon.core.main.TestCaseExecutor.runScript(TestCaseExecutor.java:448)
	at com.kms.katalon.core.main.TestCaseExecutor.doExecute(TestCaseExecutor.java:439)
	at com.kms.katalon.core.main.TestCaseExecutor.processExecutionPhase(TestCaseExecutor.java:418)
	at com.kms.katalon.core.main.TestCaseExecutor.accessMainPhase(TestCaseExecutor.java:410)
	at com.kms.katalon.core.main.TestCaseExecutor.execute(TestCaseExecutor.java:285)
	at com.kms.katalon.core.common.CommonExecutor.accessTestCaseMainPhase(CommonExecutor.java:65)
	at com.kms.katalon.core.main.TestSuiteExecutor.accessTestSuiteMainPhase(TestSuiteExecutor.java:148)
	at com.kms.katalon.core.main.TestSuiteExecutor.execute(TestSuiteExecutor.java:106)
	at com.kms.katalon.core.main.TestCaseMain.startTestSuite(TestCaseMain.java:187)
	at com.kms.katalon.core.main.TestCaseMain$startTestSuite$0.call(Unknown Source)
	at TempTestSuite1696486556660.run(TempTestSuite1696486556660.groovy:36)
Caused by: com.kms.katalon.core.exception.StepFailedException: Text 'Email not valid' is not present on page 
	at com.kms.katalon.core.webui.keyword.internal.WebUIKeywordMain.stepFailed(WebUIKeywordMain.groovy:64)
	at com.kms.katalon.core.webui.keyword.builtin.VerifyTextPresentKeyword$_verifyTextPresent_closure1.doCall(VerifyTextPresentKeyword.groovy:79)
	at com.kms.katalon.core.webui.keyword.builtin.VerifyTextPresentKeyword$_verifyTextPresent_closure1.call(VerifyTextPresentKeyword.groovy)
	at com.kms.katalon.core.webui.keyword.internal.WebUIKeywordMain.runKeyword(WebUIKeywordMain.groovy:20)
	... 19 more]]></system-err>
      </testcase>
      <testcase name="Test Cases/T13 Pembelian, Shipment dan Pembayaran/SU-008" time="123.044" classname="Test Cases/T13 Pembelian, Shipment dan Pembayaran/SU-008" status="FAILED">
         <failure type="FAILED" message="Test Cases/T13 Pembelian, Shipment dan Pembayaran/SU-008 FAILED.
Reason:
com.kms.katalon.core.exception.StepFailedException: Unable to verify text 'number invoice not valid' is present 
	at com.kms.katalon.core.webui.keyword.internal.WebUIKeywordMain.stepFailed(WebUIKeywordMain.groovy:64)
	at com.kms.katalon.core.webui.keyword.internal.WebUIKeywordMain.runKeyword(WebUIKeywordMain.groovy:26)
	at com.kms.katalon.core.webui.keyword.builtin.VerifyTextPresentKeyword.verifyTextPresent(VerifyTextPresentKeyword.groovy:83)
	at com.kms.katalon.core.webui.keyword.builtin.VerifyTextPresentKeyword.execute(VerifyTextPresentKeyword.groovy:68)
	at com.kms.katalon.core.keyword.internal.KeywordExecutor.executeKeywordForPlatform(KeywordExecutor.groovy:74)
	at com.kms.katalon.core.webui.keyword.WebUiBuiltInKeywords.verifyTextPresent(WebUiBuiltInKeywords.groovy:1723)
	at com.kms.katalon.core.webui.keyword.WebUiBuiltInKeywords$verifyTextPresent$7.call(Unknown Source)
	at SU-008.run(SU-008:60)
	at com.kms.katalon.core.main.ScriptEngine.run(ScriptEngine.java:194)
	at com.kms.katalon.core.main.ScriptEngine.runScriptAsRawText(ScriptEngine.java:119)
	at com.kms.katalon.core.main.TestCaseExecutor.runScript(TestCaseExecutor.java:448)
	at com.kms.katalon.core.main.TestCaseExecutor.doExecute(TestCaseExecutor.java:439)
	at com.kms.katalon.core.main.TestCaseExecutor.processExecutionPhase(TestCaseExecutor.java:418)
	at com.kms.katalon.core.main.TestCaseExecutor.accessMainPhase(TestCaseExecutor.java:410)
	at com.kms.katalon.core.main.TestCaseExecutor.execute(TestCaseExecutor.java:285)
	at com.kms.katalon.core.common.CommonExecutor.accessTestCaseMainPhase(CommonExecutor.java:65)
	at com.kms.katalon.core.main.TestSuiteExecutor.accessTestSuiteMainPhase(TestSuiteExecutor.java:148)
	at com.kms.katalon.core.main.TestSuiteExecutor.execute(TestSuiteExecutor.java:106)
	at com.kms.katalon.core.main.TestCaseMain.startTestSuite(TestCaseMain.java:187)
	at com.kms.katalon.core.main.TestCaseMain$startTestSuite$0.call(Unknown Source)
	at TempTestSuite1696486556660.run(TempTestSuite1696486556660.groovy:36)
Caused by: com.kms.katalon.core.exception.StepFailedException: Text 'number invoice not valid' is not present on page 
	at com.kms.katalon.core.webui.keyword.internal.WebUIKeywordMain.stepFailed(WebUIKeywordMain.groovy:64)
	at com.kms.katalon.core.webui.keyword.builtin.VerifyTextPresentKeyword$_verifyTextPresent_closure1.doCall(VerifyTextPresentKeyword.groovy:79)
	at com.kms.katalon.core.webui.keyword.builtin.VerifyTextPresentKeyword$_verifyTextPresent_closure1.call(VerifyTextPresentKeyword.groovy)
	at com.kms.katalon.core.webui.keyword.internal.WebUIKeywordMain.runKeyword(WebUIKeywordMain.groovy:20)
	... 19 more
"/>
         <system-out><![CDATA[2023-10-05 14:06:32 - [TEST_CASE][FAILED] - Test Cases/T13 Pembelian, Shipment dan Pembayaran/SU-008: Test Cases/T13 Pembelian, Shipment dan Pembayaran/SU-008 FAILED.
Reason:
com.kms.katalon.core.exception.StepFailedException: Unable to verify text 'number invoice not valid' is present 
	at com.kms.katalon.core.webui.keyword.internal.WebUIKeywordMain.stepFailed(WebUIKeywordMain.groovy:64)
	at com.kms.katalon.core.webui.keyword.internal.WebUIKeywordMain.runKeyword(WebUIKeywordMain.groovy:26)
	at com.kms.katalon.core.webui.keyword.builtin.VerifyTextPresentKeyword.verifyTextPresent(VerifyTextPresentKeyword.groovy:83)
	at com.kms.katalon.core.webui.keyword.builtin.VerifyTextPresentKeyword.execute(VerifyTextPresentKeyword.groovy:68)
	at com.kms.katalon.core.keyword.internal.KeywordExecutor.executeKeywordForPlatform(KeywordExecutor.groovy:74)
	at com.kms.katalon.core.webui.keyword.WebUiBuiltInKeywords.verifyTextPresent(WebUiBuiltInKeywords.groovy:1723)
	at com.kms.katalon.core.webui.keyword.WebUiBuiltInKeywords$verifyTextPresent$7.call(Unknown Source)
	at SU-008.run(SU-008:60)
	at com.kms.katalon.core.main.ScriptEngine.run(ScriptEngine.java:194)
	at com.kms.katalon.core.main.ScriptEngine.runScriptAsRawText(ScriptEngine.java:119)
	at com.kms.katalon.core.main.TestCaseExecutor.runScript(TestCaseExecutor.java:448)
	at com.kms.katalon.core.main.TestCaseExecutor.doExecute(TestCaseExecutor.java:439)
	at com.kms.katalon.core.main.TestCaseExecutor.processExecutionPhase(TestCaseExecutor.java:418)
	at com.kms.katalon.core.main.TestCaseExecutor.accessMainPhase(TestCaseExecutor.java:410)
	at com.kms.katalon.core.main.TestCaseExecutor.execute(TestCaseExecutor.java:285)
	at com.kms.katalon.core.common.CommonExecutor.accessTestCaseMainPhase(CommonExecutor.java:65)
	at com.kms.katalon.core.main.TestSuiteExecutor.accessTestSuiteMainPhase(TestSuiteExecutor.java:148)
	at com.kms.katalon.core.main.TestSuiteExecutor.execute(TestSuiteExecutor.java:106)
	at com.kms.katalon.core.main.TestCaseMain.startTestSuite(TestCaseMain.java:187)
	at com.kms.katalon.core.main.TestCaseMain$startTestSuite$0.call(Unknown Source)
	at TempTestSuite1696486556660.run(TempTestSuite1696486556660.groovy:36)
Caused by: com.kms.katalon.core.exception.StepFailedException: Text 'number invoice not valid' is not present on page 
	at com.kms.katalon.core.webui.keyword.internal.WebUIKeywordMain.stepFailed(WebUIKeywordMain.groovy:64)
	at com.kms.katalon.core.webui.keyword.builtin.VerifyTextPresentKeyword$_verifyTextPresent_closure1.doCall(VerifyTextPresentKeyword.groovy:79)
	at com.kms.katalon.core.webui.keyword.builtin.VerifyTextPresentKeyword$_verifyTextPresent_closure1.call(VerifyTextPresentKeyword.groovy)
	at com.kms.katalon.core.webui.keyword.internal.WebUIKeywordMain.runKeyword(WebUIKeywordMain.groovy:20)
	... 19 more


2023-10-05 14:06:32 - [TEST_STEP][PASSED] - data = callTestCase(findTestCase("T13 Pembelian, Shipment dan Pembayaran/SA-005"), [:], STOP_ON_FAILURE): Call Test Case 'Test Cases/T13 Pembelian, Shipment dan Pembayaran/SA-005' successfully

2023-10-05 14:06:32 - [TEST_CASE][PASSED] - Test Cases/T13 Pembelian, Shipment dan Pembayaran/SA-005: Test Cases/T13 Pembelian, Shipment dan Pembayaran/SA-005

2023-10-05 14:06:32 - [TEST_STEP][PASSED] - data = callTestCase(findTestCase("T13 Pembelian, Shipment dan Pembayaran/SA-002"), [:], STOP_ON_FAILURE): Call Test Case 'Test Cases/T13 Pembelian, Shipment dan Pembayaran/SA-002' successfully

2023-10-05 14:06:32 - [TEST_CASE][PASSED] - Test Cases/T13 Pembelian, Shipment dan Pembayaran/SA-002: Test Cases/T13 Pembelian, Shipment dan Pembayaran/SA-002

2023-10-05 14:06:32 - [TEST_STEP][PASSED] - data = callTestCase(findTestCase("T13 Pembelian, Shipment dan Pembayaran/SA-001"), [:], STOP_ON_FAILURE): Call Test Case 'Test Cases/T13 Pembelian, Shipment dan Pembayaran/SA-001' successfully

2023-10-05 14:06:32 - [TEST_CASE][PASSED] - Test Cases/T13 Pembelian, Shipment dan Pembayaran/SA-001: Test Cases/T13 Pembelian, Shipment dan Pembayaran/SA-001

2023-10-05 14:06:32 - [TEST_STEP][PASSED] - data = callTestCase(findTestCase("T13 Pembelian, Shipment dan Pembayaran/PBYA-001"), [:], STOP_ON_FAILURE): Call Test Case 'Test Cases/T13 Pembelian, Shipment dan Pembayaran/PBYA-001' successfully

2023-10-05 14:06:32 - [TEST_CASE][PASSED] - Test Cases/T13 Pembelian, Shipment dan Pembayaran/PBYA-001: Test Cases/T13 Pembelian, Shipment dan Pembayaran/PBYA-001

2023-10-05 14:06:32 - [TEST_STEP][PASSED] - data = callTestCase(findTestCase("T13 Pembelian, Shipment dan Pembayaran/PBY-004"), [:], STOP_ON_FAILURE): Call Test Case 'Test Cases/T13 Pembelian, Shipment dan Pembayaran/PBY-004' successfully

2023-10-05 14:06:33 - [TEST_CASE][PASSED] - Test Cases/T13 Pembelian, Shipment dan Pembayaran/PBY-004: Test Cases/T13 Pembelian, Shipment dan Pembayaran/PBY-004

2023-10-05 14:06:33 - [TEST_STEP][PASSED] - data = callTestCase(findTestCase("T13 Pembelian, Shipment dan Pembayaran/PBY-001"), [:], STOP_ON_FAILURE): Call Test Case 'Test Cases/T13 Pembelian, Shipment dan Pembayaran/PBY-001' successfully

2023-10-05 14:06:33 - [TEST_CASE][PASSED] - Test Cases/T13 Pembelian, Shipment dan Pembayaran/PBY-001: Test Cases/T13 Pembelian, Shipment dan Pembayaran/PBY-001

2023-10-05 14:06:33 - [TEST_STEP][PASSED] - data = callTestCase(findTestCase("T13 Pembelian, Shipment dan Pembayaran/PBL-004"), ["Kurir":"Roda 2"], STOP_ON_FAILURE): Call Test Case 'Test Cases/T13 Pembelian, Shipment dan Pembayaran/PBL-004' successfully

2023-10-05 14:06:33 - [TEST_CASE][PASSED] - Test Cases/T13 Pembelian, Shipment dan Pembayaran/PBL-004: Test Cases/T13 Pembelian, Shipment dan Pembayaran/PBL-004

2023-10-05 14:06:33 - [TEST_STEP][PASSED] - data = callTestCase(findTestCase("T13 Pembelian, Shipment dan Pembayaran/PBL-002"), [:], STOP_ON_FAILURE): Call Test Case 'Test Cases/T13 Pembelian, Shipment dan Pembayaran/PBL-002' successfully

2023-10-05 14:06:33 - [TEST_CASE][PASSED] - Test Cases/T13 Pembelian, Shipment dan Pembayaran/PBL-002: Test Cases/T13 Pembelian, Shipment dan Pembayaran/PBL-002

2023-10-05 14:06:33 - [TEST_STEP][PASSED] - data = callTestCase(findTestCase("T13 Pembelian, Shipment dan Pembayaran/PBL-001"), [:], STOP_ON_FAILURE): Call Test Case 'Test Cases/T13 Pembelian, Shipment dan Pembayaran/PBL-001' successfully

2023-10-05 14:06:33 - [TEST_CASE][PASSED] - Test Cases/T13 Pembelian, Shipment dan Pembayaran/PBL-001: Test Cases/T13 Pembelian, Shipment dan Pembayaran/PBL-001

2023-10-05 14:06:33 - [TEST_STEP][PASSED] - callTestCase(findTestCase("T13 Pembelian, Shipment dan Pembayaran/LU-001"), ["username":"irfanafandi", "password":"12345irfan"], STOP_ON_FAILURE): Call Test Case 'Test Cases/T13 Pembelian, Shipment dan Pembayaran/LU-001' successfully

2023-10-05 14:06:33 - [TEST_CASE][PASSED] - Test Cases/T13 Pembelian, Shipment dan Pembayaran/LU-001: Test Cases/T13 Pembelian, Shipment dan Pembayaran/LU-001

2023-10-05 14:06:33 - [TEST_STEP][PASSED] - openBrowser("https://10.9.2.63/ecommerce/"): Browser is opened with url: 'https://10.9.2.63/ecommerce/'

2023-10-05 14:06:33 - [MESSAGE][WARNING] - A browser is already opened. Closing browser and opening a new one

2023-10-05 14:06:34 - [MESSAGE][INFO] - Starting 'Edge Chromium' driver

2023-10-05 14:06:34 - [MESSAGE][INFO] - User set preference: ['acceptInsecureCerts', 'true']

2023-10-05 14:06:36 - [MESSAGE][INFO] - Action delay is set to 0 milliseconds

2023-10-05 14:06:40 - [MESSAGE][PASSED] - Browser is opened with url: 'https://10.9.2.63/ecommerce/'

2023-10-05 14:06:40 - [TEST_STEP][PASSED] - maximizeWindow(): Current window maximized

2023-10-05 14:06:40 - [MESSAGE][PASSED] - Current window maximized

2023-10-05 14:06:40 - [TEST_STEP][PASSED] - verifyElementPresent(findTestObject("Login/Home"), 0): Object 'Object Repository/Login/Home' is present

2023-10-05 14:06:40 - [MESSAGE][WARNING] - Timeout '0' is invalid. Using default page load timeout: '30'

2023-10-05 14:06:41 - [MESSAGE][PASSED] - Object 'Object Repository/Login/Home' is present

2023-10-05 14:06:41 - [TEST_STEP][PASSED] - click(findTestObject("Login/a_Login")): Object: 'Object Repository/Login/a_Login' is clicked on

2023-10-05 14:06:41 - [MESSAGE][PASSED] - Object: 'Object Repository/Login/a_Login' is clicked on

2023-10-05 14:06:41 - [TEST_STEP][PASSED] - verifyElementPresent(findTestObject("Login/Tittle Login"), 0): Object 'Object Repository/Login/Tittle Login' is present

2023-10-05 14:06:41 - [MESSAGE][WARNING] - Timeout '0' is invalid. Using default page load timeout: '30'

2023-10-05 14:06:42 - [MESSAGE][PASSED] - Object 'Object Repository/Login/Tittle Login' is present

2023-10-05 14:06:42 - [TEST_STEP][PASSED] - setText(findTestObject("Login/input_Username, Email atau No. Handphone_a"), username): Text 'irfanafandi' is set on object 'Object Repository/Login/input_Username, Email atau No. Handphone_a'

2023-10-05 14:06:43 - [MESSAGE][PASSED] - Text 'irfanafandi' is set on object 'Object Repository/Login/input_Username, Email atau No. Handphone_a'

2023-10-05 14:06:43 - [TEST_STEP][PASSED] - setText(findTestObject("Login/input_Password_b"), password): Text '12345irfan' is set on object 'Object Repository/Login/input_Password_b'

2023-10-05 14:06:44 - [MESSAGE][PASSED] - Text '12345irfan' is set on object 'Object Repository/Login/input_Password_b'

2023-10-05 14:06:44 - [TEST_STEP][PASSED] - click(findTestObject("Login/label_Ingat saya")): Object: 'Object Repository/Login/label_Ingat saya' is clicked on

2023-10-05 14:06:44 - [MESSAGE][PASSED] - Object: 'Object Repository/Login/label_Ingat saya' is clicked on

2023-10-05 14:06:44 - [TEST_STEP][PASSED] - click(findTestObject("Login/button_Masuk")): Object: 'Object Repository/Login/button_Masuk' is clicked on

2023-10-05 14:06:46 - [MESSAGE][PASSED] - Object: 'Object Repository/Login/button_Masuk' is clicked on

2023-10-05 14:06:46 - [TEST_STEP][PASSED] - verifyElementPresent(findTestObject("Login/li_Profile"), 0): Object 'Object Repository/Login/li_Profile' is present

2023-10-05 14:06:46 - [MESSAGE][WARNING] - Timeout '0' is invalid. Using default page load timeout: '30'

2023-10-05 14:06:47 - [MESSAGE][PASSED] - Object 'Object Repository/Login/li_Profile' is present

2023-10-05 14:06:47 - [MESSAGE][PASSED] - Call Test Case 'Test Cases/T13 Pembelian, Shipment dan Pembayaran/LU-001' successfully

2023-10-05 14:06:47 - [TEST_STEP][PASSED] - mouseOver(findTestObject("beli barang/i_Mulai Belanja_icon-menu")): Object: 'Object Repository/beli barang/i_Mulai Belanja_icon-menu' is hovered

2023-10-05 14:06:47 - [MESSAGE][PASSED] - Object: 'Object Repository/beli barang/i_Mulai Belanja_icon-menu' is hovered

2023-10-05 14:06:47 - [TEST_STEP][PASSED] - click(findTestObject("beli barang/a_Fashion  Busana Wanita")): Object: 'Object Repository/beli barang/a_Fashion  Busana Wanita' is clicked on

2023-10-05 14:06:49 - [MESSAGE][PASSED] - Object: 'Object Repository/beli barang/a_Fashion  Busana Wanita' is clicked on

2023-10-05 14:06:49 - [TEST_STEP][PASSED] - NamaSebelum = getText(findTestObject("verifikasi/Nama sebelum")): Text of object 'Object Repository/verifikasi/Nama sebelum' is: ''

2023-10-05 14:06:49 - [MESSAGE][PASSED] - Text of object 'Object Repository/verifikasi/Nama sebelum' is: ''

2023-10-05 14:06:49 - [TEST_STEP][PASSED] - HargaSebelum = getText(findTestObject("verifikasi/Harga sebelum")): Text of object 'Object Repository/verifikasi/Harga sebelum' is: 'Rp 1,299'

2023-10-05 14:06:50 - [MESSAGE][PASSED] - Text of object 'Object Repository/verifikasi/Harga sebelum' is: 'Rp 1,299'

2023-10-05 14:06:50 - [TEST_STEP][PASSED] - mouseOver(findTestObject("beli barang/barang mouse over")): Object: 'Object Repository/beli barang/barang mouse over' is hovered

2023-10-05 14:06:50 - [MESSAGE][PASSED] - Object: 'Object Repository/beli barang/barang mouse over' is hovered

2023-10-05 14:06:50 - [TEST_STEP][PASSED] - click(findTestObject("beli barang/buttom add to cart")): Object: 'Object Repository/beli barang/buttom add to cart' is clicked on

2023-10-05 14:06:52 - [MESSAGE][PASSED] - Object: 'Object Repository/beli barang/buttom add to cart' is clicked on

2023-10-05 14:06:52 - [TEST_STEP][PASSED] - NamaSesudah = getText(findTestObject("verifikasi/Nama sesudah")): Text of object 'Object Repository/verifikasi/Nama sesudah' is: 'Segitiga Instan Madeira - MDB5.3 Sunset'

2023-10-05 14:06:52 - [MESSAGE][PASSED] - Text of object 'Object Repository/verifikasi/Nama sesudah' is: 'Segitiga Instan Madeira - MDB5.3 Sunset'

2023-10-05 14:06:52 - [TEST_STEP][PASSED] - HargaSesudah = getText(findTestObject("verifikasi/Harga sesudah")): Text of object 'Object Repository/verifikasi/Harga sesudah' is: 'Rp 1,299'

2023-10-05 14:06:53 - [MESSAGE][PASSED] - Text of object 'Object Repository/verifikasi/Harga sesudah' is: 'Rp 1,299'

2023-10-05 14:06:53 - [TEST_STEP][PASSED] - assert NamaSesudah.contains(NamaSebelum): null

2023-10-05 14:06:53 - [TEST_STEP][PASSED] - assert HargaSesudah.contains(HargaSebelum): null

2023-10-05 14:06:53 - [TEST_STEP][PASSED] - click(findTestObject("beli barang/Tambah Keranjang busana wanita")): Object: 'Object Repository/beli barang/Tambah Keranjang busana wanita' is clicked on

2023-10-05 14:06:53 - [MESSAGE][PASSED] - Object: 'Object Repository/beli barang/Tambah Keranjang busana wanita' is clicked on

2023-10-05 14:06:53 - [TEST_STEP][PASSED] - verifyElementPresent(findTestObject("checkout/Notifikasi keranjang"), 1): Object 'Object Repository/checkout/Notifikasi keranjang' is present

2023-10-05 14:06:54 - [MESSAGE][PASSED] - Object 'Object Repository/checkout/Notifikasi keranjang' is present

2023-10-05 14:06:54 - [TEST_STEP][PASSED] - data = new java.util.HashMap(): null

2023-10-05 14:06:54 - [TEST_STEP][PASSED] - data.put("nama_barang", NamaSesudah): null

2023-10-05 14:06:54 - [TEST_STEP][PASSED] - data.put("price_barang", HargaSesudah): null

2023-10-05 14:06:54 - [TEST_STEP][PASSED] - return data: null

2023-10-05 14:06:54 - [MESSAGE][PASSED] - Call Test Case 'Test Cases/T13 Pembelian, Shipment dan Pembayaran/PBL-001' successfully

2023-10-05 14:06:54 - [TEST_STEP][PASSED] - mouseOver(findTestObject("beli barang/keranjang")): Object: 'Object Repository/beli barang/keranjang' is hovered

2023-10-05 14:06:55 - [MESSAGE][PASSED] - Object: 'Object Repository/beli barang/keranjang' is hovered

2023-10-05 14:06:55 - [TEST_STEP][PASSED] - click(findTestObject("beli barang/Lihat Sekarang")): Object: 'Object Repository/beli barang/Lihat Sekarang' is clicked on

2023-10-05 14:06:55 - [MESSAGE][PASSED] - Object: 'Object Repository/beli barang/Lihat Sekarang' is clicked on

2023-10-05 14:06:55 - [TEST_STEP][PASSED] - verifyElementPresent(findTestObject("keranjang/li_Keranjang Belanja"), 0): Object 'Object Repository/keranjang/li_Keranjang Belanja' is present

2023-10-05 14:06:55 - [MESSAGE][WARNING] - Timeout '0' is invalid. Using default page load timeout: '30'

2023-10-05 14:06:57 - [MESSAGE][PASSED] - Object 'Object Repository/keranjang/li_Keranjang Belanja' is present

2023-10-05 14:06:57 - [TEST_STEP][PASSED] - NamaKeranjang = getText(findTestObject("verifikasi/Nama keranjang")): Text of object 'Object Repository/verifikasi/Nama keranjang' is: 'Segitiga Instan Madeira - MDB5.3 Sunset'

2023-10-05 14:06:57 - [MESSAGE][PASSED] - Text of object 'Object Repository/verifikasi/Nama keranjang' is: 'Segitiga Instan Madeira - MDB5.3 Sunset'

2023-10-05 14:06:57 - [TEST_STEP][PASSED] - HargaKeranjang = getText(findTestObject("verifikasi/Harga Keranjang")): Text of object 'Object Repository/verifikasi/Harga Keranjang' is: 'Rp 1,299'

2023-10-05 14:06:58 - [MESSAGE][PASSED] - Text of object 'Object Repository/verifikasi/Harga Keranjang' is: 'Rp 1,299'

2023-10-05 14:06:58 - [TEST_STEP][PASSED] - if (toString().equalsIgnoreCase("Merah")): Object 'Object Repository/keranjang/input_Warna_variasi101' is checked

2023-10-05 14:06:58 - [TEST_STEP][PASSED] - check(findTestObject("Object Repository/keranjang/input_Warna_variasi101")): Object 'Object Repository/keranjang/input_Warna_variasi101' is checked

2023-10-05 14:06:58 - [MESSAGE][PASSED] - Object 'Object Repository/keranjang/input_Warna_variasi101' is checked

2023-10-05 14:06:58 - [TEST_STEP][PASSED] - if (toString().equalsIgnoreCase("Menengah")): Object 'Object Repository/keranjang/input_Ukuran_variasi201' is checked

2023-10-05 14:06:58 - [TEST_STEP][PASSED] - check(findTestObject("Object Repository/keranjang/input_Ukuran_variasi201")): Object 'Object Repository/keranjang/input_Ukuran_variasi201' is checked

2023-10-05 14:06:58 - [MESSAGE][PASSED] - Object 'Object Repository/keranjang/input_Ukuran_variasi201' is checked

2023-10-05 14:06:58 - [TEST_STEP][PASSED] - data.put("Warna", warna): null

2023-10-05 14:06:58 - [TEST_STEP][PASSED] - data.put("Ukuran", ukuran): null

2023-10-05 14:06:58 - [TEST_STEP][PASSED] - click(findTestObject("keranjang/button_Lanjut ke Pembayaran")): Object: 'Object Repository/keranjang/button_Lanjut ke Pembayaran' is clicked on

2023-10-05 14:07:00 - [MESSAGE][PASSED] - Object: 'Object Repository/keranjang/button_Lanjut ke Pembayaran' is clicked on

2023-10-05 14:07:00 - [TEST_STEP][PASSED] - verifyElementPresent(findTestObject("checkout/Tittle Checkout Order"), 0): Object 'Object Repository/checkout/Tittle Checkout Order' is present

2023-10-05 14:07:00 - [MESSAGE][WARNING] - Timeout '0' is invalid. Using default page load timeout: '30'

2023-10-05 14:07:00 - [MESSAGE][PASSED] - Object 'Object Repository/checkout/Tittle Checkout Order' is present

2023-10-05 14:07:00 - [TEST_STEP][PASSED] - name_product = data.get("nama_barang"): null

2023-10-05 14:07:00 - [TEST_STEP][PASSED] - price_product = data.get("price_barang"): null

2023-10-05 14:07:00 - [TEST_STEP][PASSED] - assert name_product == NamaKeranjang: null

2023-10-05 14:07:00 - [TEST_STEP][PASSED] - assert price_product == HargaKeranjang: null

2023-10-05 14:07:00 - [TEST_STEP][PASSED] - return data: null

2023-10-05 14:07:00 - [MESSAGE][PASSED] - Call Test Case 'Test Cases/T13 Pembelian, Shipment dan Pembayaran/PBL-002' successfully

2023-10-05 14:07:00 - [TEST_STEP][PASSED] - warnaa = getText(findTestObject("verifikasi/warna Merah")): Text of object 'Object Repository/verifikasi/warna Merah' is: 'Merah'

2023-10-05 14:07:01 - [MESSAGE][PASSED] - Text of object 'Object Repository/verifikasi/warna Merah' is: 'Merah'

2023-10-05 14:07:01 - [TEST_STEP][PASSED] - ukurann = getText(findTestObject("verifikasi/Ukuran Menengah")): Text of object 'Object Repository/verifikasi/Ukuran Menengah' is: 'Menengah'

2023-10-05 14:07:01 - [MESSAGE][PASSED] - Text of object 'Object Repository/verifikasi/Ukuran Menengah' is: 'Menengah'

2023-10-05 14:07:01 - [TEST_STEP][PASSED] - warna1 = data.get("Warna"): null

2023-10-05 14:07:01 - [TEST_STEP][PASSED] - ukuran1 = data.get("Ukuran"): null

2023-10-05 14:07:01 - [TEST_STEP][PASSED] - assert warnaa == warna1: null

2023-10-05 14:07:01 - [TEST_STEP][PASSED] - assert ukurann == ukuran1: null

2023-10-05 14:07:01 - [TEST_STEP][PASSED] - NamaCheckout = getText(findTestObject("verifikasi/NamaCheckout")): Text of object 'Object Repository/verifikasi/NamaCheckout' is: ''

2023-10-05 14:07:02 - [MESSAGE][PASSED] - Text of object 'Object Repository/verifikasi/NamaCheckout' is: ''

2023-10-05 14:07:02 - [TEST_STEP][PASSED] - HargaCheckout = getText(findTestObject("verifikasi/HargaCheckout")): Text of object 'Object Repository/verifikasi/HargaCheckout' is: '1,299'

2023-10-05 14:07:02 - [MESSAGE][PASSED] - Text of object 'Object Repository/verifikasi/HargaCheckout' is: '1,299'

2023-10-05 14:07:02 - [TEST_STEP][PASSED] - name_product = data.get("nama_barang"): null

2023-10-05 14:07:02 - [TEST_STEP][PASSED] - price_product = data.get("price_barang"): null

2023-10-05 14:07:02 - [TEST_STEP][PASSED] - assert name_product.contains(NamaCheckout): null

2023-10-05 14:07:02 - [TEST_STEP][PASSED] - assert price_product.contains(HargaCheckout): null

2023-10-05 14:07:02 - [TEST_STEP][PASSED] - selectOptionByLabel(findTestObject("checkout/select - Kirim via Kurir Lokal"), Kurir, false): All options with label 'Roda 2' are selected in object 'Object Repository/checkout/select - Kirim via Kurir Lokal' 

2023-10-05 14:07:03 - [MESSAGE][PASSED] - All options with label 'Roda 2' are selected in object 'Object Repository/checkout/select - Kirim via Kurir Lokal' 

2023-10-05 14:07:03 - [TEST_STEP][PASSED] - click(findTestObject("checkout/Kendaraan Kurir")): Object: 'Object Repository/checkout/Kendaraan Kurir' is clicked on

2023-10-05 14:07:04 - [MESSAGE][PASSED] - Object: 'Object Repository/checkout/Kendaraan Kurir' is clicked on

2023-10-05 14:07:04 - [TEST_STEP][PASSED] - OngkosKirim = getText(findTestObject("Object Repository/verifikasi/Ongkos Kirim checkout")): Text of object 'Object Repository/verifikasi/Ongkos Kirim checkout' is: 'Rp. 5,000'

2023-10-05 14:07:04 - [MESSAGE][PASSED] - Text of object 'Object Repository/verifikasi/Ongkos Kirim checkout' is: 'Rp. 5,000'

2023-10-05 14:07:04 - [TEST_STEP][PASSED] - Ongkos = OngkosKirim.substring(3, OngkosKirim.size()): null

2023-10-05 14:07:04 - [TEST_STEP][PASSED] - rep = Ongkos.replace(",", "."): null

2023-10-05 14:07:04 - [TEST_STEP][PASSED] - Ongkos_kirim = Double.parseDouble(rep): null

2023-10-05 14:07:04 - [TEST_STEP][PASSED] - println(Ongkos_kirim): null

2023-10-05 14:07:04 - [TEST_STEP][PASSED] - FeeAdmin = getText(findTestObject("verifikasi/Fee Admin checkout")): Text of object 'Object Repository/verifikasi/Fee Admin checkout' is: 'Fee Admin
Rp 1,500'

2023-10-05 14:07:05 - [MESSAGE][PASSED] - Text of object 'Object Repository/verifikasi/Fee Admin checkout' is: 'Fee Admin
Rp 1,500'

2023-10-05 14:07:05 - [TEST_STEP][PASSED] - Fee_Admin = FeeAdmin.substring(12, FeeAdmin.size()): null

2023-10-05 14:07:05 - [TEST_STEP][PASSED] - fee = Fee_Admin.replace(",", "."): null

2023-10-05 14:07:05 - [TEST_STEP][PASSED] - fee_admin = Double.parseDouble(fee): null

2023-10-05 14:07:05 - [TEST_STEP][PASSED] - println(fee_admin): null

2023-10-05 14:07:05 - [TEST_STEP][PASSED] - Subtotal = getText(findTestObject("verifikasi/subtotal checkout")): Text of object 'Object Repository/verifikasi/subtotal checkout' is: 'Subtotal
Rp 1,299'

2023-10-05 14:07:05 - [MESSAGE][PASSED] - Text of object 'Object Repository/verifikasi/subtotal checkout' is: 'Subtotal
Rp 1,299'

2023-10-05 14:07:05 - [TEST_STEP][PASSED] - sub_total = Subtotal.substring(12, Subtotal.size()): null

2023-10-05 14:07:05 - [TEST_STEP][PASSED] - sub = sub_total.replace(",", "."): null

2023-10-05 14:07:05 - [TEST_STEP][PASSED] - sub_total = Double.parseDouble(sub): null

2023-10-05 14:07:05 - [TEST_STEP][PASSED] - println(sub_total): null

2023-10-05 14:07:05 - [TEST_STEP][PASSED] - Total = getText(findTestObject("verifikasi/Total checkout")): Text of object 'Object Repository/verifikasi/Total checkout' is: 'Rp 7,799'

2023-10-05 14:07:06 - [MESSAGE][PASSED] - Text of object 'Object Repository/verifikasi/Total checkout' is: 'Rp 7,799'

2023-10-05 14:07:06 - [TEST_STEP][PASSED] - totall = Total.substring(3, Total.size()): null

2023-10-05 14:07:06 - [TEST_STEP][PASSED] - total = totall.replace(",", "."): null

2023-10-05 14:07:06 - [TEST_STEP][PASSED] - totall = Double.parseDouble(total): null

2023-10-05 14:07:06 - [TEST_STEP][PASSED] - println(totall): null

2023-10-05 14:07:06 - [TEST_STEP][PASSED] - Total_Harga = Ongkos_kirim + fee_admin + sub_total: null

2023-10-05 14:07:06 - [TEST_STEP][PASSED] - println(Total_Harga): null

2023-10-05 14:07:06 - [TEST_STEP][PASSED] - TotalHarga = Math.round(Total_Harga * 1000) / 1000: null

2023-10-05 14:07:06 - [TEST_STEP][PASSED] - println(TotalHarga): null

2023-10-05 14:07:06 - [TEST_STEP][PASSED] - assert totall == TotalHarga: null

2023-10-05 14:07:06 - [TEST_STEP][PASSED] - click(findTestObject("verifikasi/Metode Transfer")): Object: 'Object Repository/verifikasi/Metode Transfer' is clicked on

2023-10-05 14:07:06 - [MESSAGE][PASSED] - Object: 'Object Repository/verifikasi/Metode Transfer' is clicked on

2023-10-05 14:07:06 - [TEST_STEP][PASSED] - click(findTestObject("checkout/button_Proses Pembayaran")): Object: 'Object Repository/checkout/button_Proses Pembayaran' is clicked on

2023-10-05 14:07:15 - [MESSAGE][PASSED] - Object: 'Object Repository/checkout/button_Proses Pembayaran' is clicked on

2023-10-05 14:07:15 - [TEST_STEP][PASSED] - verifyElementPresent(findTestObject("pembayaran/Tittle nomor invoice"), 0): Object 'Object Repository/pembayaran/Tittle nomor invoice' is present

2023-10-05 14:07:15 - [MESSAGE][WARNING] - Timeout '0' is invalid. Using default page load timeout: '30'

2023-10-05 14:07:15 - [MESSAGE][PASSED] - Object 'Object Repository/pembayaran/Tittle nomor invoice' is present

2023-10-05 14:07:15 - [TEST_STEP][PASSED] - return data: null

2023-10-05 14:07:15 - [MESSAGE][PASSED] - Call Test Case 'Test Cases/T13 Pembelian, Shipment dan Pembayaran/PBL-004' successfully

2023-10-05 14:07:15 - [TEST_STEP][PASSED] - Invoice = getText(findTestObject("pembayaran/nomor invoice")): Text of object 'Object Repository/pembayaran/nomor invoice' is: 'TRX60.20231005140710'

2023-10-05 14:07:16 - [MESSAGE][PASSED] - Text of object 'Object Repository/pembayaran/nomor invoice' is: 'TRX60.20231005140710'

2023-10-05 14:07:16 - [TEST_STEP][PASSED] - data.put("invoice", Invoice): null

2023-10-05 14:07:16 - [TEST_STEP][PASSED] - NamaPemesan = getText(findTestObject("Konfirmasi pesanan shop/Nama pemesan")): Text of object 'Object Repository/Konfirmasi pesanan shop/Nama pemesan' is: 'irfan.afandi'

2023-10-05 14:07:16 - [MESSAGE][PASSED] - Text of object 'Object Repository/Konfirmasi pesanan shop/Nama pemesan' is: 'irfan.afandi'

2023-10-05 14:07:16 - [TEST_STEP][PASSED] - Nama = getText(findTestObject("pembayaran/Nama barang")): Text of object 'Object Repository/pembayaran/Nama barang' is: 'Segitiga Instan Madeira - MDB5.3 Sunset'

2023-10-05 14:07:17 - [MESSAGE][PASSED] - Text of object 'Object Repository/pembayaran/Nama barang' is: 'Segitiga Instan Madeira - MDB5.3 Sunset'

2023-10-05 14:07:17 - [TEST_STEP][PASSED] - Harga = getText(findTestObject("pembayaran/Harga barang")): Text of object 'Object Repository/pembayaran/Harga barang' is: '1,299'

2023-10-05 14:07:17 - [MESSAGE][PASSED] - Text of object 'Object Repository/pembayaran/Harga barang' is: '1,299'

2023-10-05 14:07:17 - [TEST_STEP][PASSED] - name_product = data.get("nama_barang"): null

2023-10-05 14:07:17 - [TEST_STEP][PASSED] - price_product = data.get("price_barang"): null

2023-10-05 14:07:17 - [TEST_STEP][PASSED] - assert name_product.contains(Nama): null

2023-10-05 14:07:17 - [TEST_STEP][PASSED] - assert price_product.contains(Harga): null

2023-10-05 14:07:17 - [TEST_STEP][PASSED] - warnaa = getText(findTestObject("pembayaran/warna")): Text of object 'Object Repository/pembayaran/warna' is: 'Merah'

2023-10-05 14:07:18 - [MESSAGE][PASSED] - Text of object 'Object Repository/pembayaran/warna' is: 'Merah'

2023-10-05 14:07:18 - [TEST_STEP][PASSED] - ukurann = getText(findTestObject("pembayaran/ukuran")): Text of object 'Object Repository/pembayaran/ukuran' is: 'Menengah'

2023-10-05 14:07:18 - [MESSAGE][PASSED] - Text of object 'Object Repository/pembayaran/ukuran' is: 'Menengah'

2023-10-05 14:07:18 - [TEST_STEP][PASSED] - warna1 = data.get("Warna"): null

2023-10-05 14:07:18 - [TEST_STEP][PASSED] - ukuran1 = data.get("Ukuran"): null

2023-10-05 14:07:18 - [TEST_STEP][PASSED] - assert warnaa == warna1: null

2023-10-05 14:07:18 - [TEST_STEP][PASSED] - assert ukurann == ukuran1: null

2023-10-05 14:07:18 - [TEST_STEP][PASSED] - statusPembelian = getText(findTestObject("verifikasi/Status pending di pembelian")): Text of object 'Object Repository/verifikasi/Status pending di pembelian' is: 'Pending'

2023-10-05 14:07:19 - [MESSAGE][PASSED] - Text of object 'Object Repository/verifikasi/Status pending di pembelian' is: 'Pending'

2023-10-05 14:07:19 - [TEST_STEP][PASSED] - data.put("statusPem", statusPembelian): null

2023-10-05 14:07:19 - [TEST_STEP][PASSED] - OngkosKirim = getText(findTestObject("pembayaran/ongkos kirim")): Text of object 'Object Repository/pembayaran/ongkos kirim' is: 'Rp 5,000'

2023-10-05 14:07:19 - [MESSAGE][PASSED] - Text of object 'Object Repository/pembayaran/ongkos kirim' is: 'Rp 5,000'

2023-10-05 14:07:19 - [TEST_STEP][PASSED] - Ongkos = OngkosKirim.substring(3, OngkosKirim.size()): null

2023-10-05 14:07:19 - [TEST_STEP][PASSED] - rep = Ongkos.replace(",", ""): null

2023-10-05 14:07:19 - [TEST_STEP][PASSED] - Ongkos_kirimm = Integer.parseInt(rep): null

2023-10-05 14:07:19 - [TEST_STEP][PASSED] - println(Ongkos_kirimm): null

2023-10-05 14:07:19 - [TEST_STEP][PASSED] - FeeAdmin = getText(findTestObject("pembayaran/fee admin")): Text of object 'Object Repository/pembayaran/fee admin' is: 'Rp 1,500'

2023-10-05 14:07:20 - [MESSAGE][PASSED] - Text of object 'Object Repository/pembayaran/fee admin' is: 'Rp 1,500'

2023-10-05 14:07:20 - [TEST_STEP][PASSED] - Fee_Admin = FeeAdmin.substring(3, FeeAdmin.size()): null

2023-10-05 14:07:20 - [TEST_STEP][PASSED] - fee = Fee_Admin.replace(",", ""): null

2023-10-05 14:07:20 - [TEST_STEP][PASSED] - fee_adminn = Integer.parseInt(fee): null

2023-10-05 14:07:20 - [TEST_STEP][PASSED] - println(fee_adminn): null

2023-10-05 14:07:20 - [TEST_STEP][PASSED] - Subtotal = getText(findTestObject("pembayaran/subtotal")): Text of object 'Object Repository/pembayaran/subtotal' is: 'Rp 1,299'

2023-10-05 14:07:20 - [MESSAGE][PASSED] - Text of object 'Object Repository/pembayaran/subtotal' is: 'Rp 1,299'

2023-10-05 14:07:20 - [TEST_STEP][PASSED] - sub_total = Subtotal.substring(3, Subtotal.size()): null

2023-10-05 14:07:20 - [TEST_STEP][PASSED] - sub = sub_total.replace(",", ""): null

2023-10-05 14:07:20 - [TEST_STEP][PASSED] - sub_totall = Integer.parseInt(sub): null

2023-10-05 14:07:20 - [TEST_STEP][PASSED] - println(sub_totall): null

2023-10-05 14:07:20 - [TEST_STEP][PASSED] - unik = getText(findTestObject("pembayaran/kode unik")): Text of object 'Object Repository/pembayaran/kode unik' is: '+710'

2023-10-05 14:07:21 - [MESSAGE][PASSED] - Text of object 'Object Repository/pembayaran/kode unik' is: '+710'

2023-10-05 14:07:21 - [TEST_STEP][PASSED] - unikk = unik.replace("+", ""): null

2023-10-05 14:07:21 - [TEST_STEP][PASSED] - kode_unik = Integer.parseInt(unikk): null

2023-10-05 14:07:21 - [TEST_STEP][PASSED] - println(kode_unik): null

2023-10-05 14:07:21 - [TEST_STEP][PASSED] - Total = getText(findTestObject("pembayaran/total")): Text of object 'Object Repository/pembayaran/total' is: '8,509'

2023-10-05 14:07:21 - [MESSAGE][PASSED] - Text of object 'Object Repository/pembayaran/total' is: '8,509'

2023-10-05 14:07:21 - [TEST_STEP][PASSED] - total = Total.replace(",", ""): null

2023-10-05 14:07:21 - [TEST_STEP][PASSED] - totalll = Integer.parseInt(total): null

2023-10-05 14:07:21 - [TEST_STEP][PASSED] - println(totalll): null

2023-10-05 14:07:21 - [TEST_STEP][PASSED] - Total_Hargaa = Ongkos_kirimm + fee_adminn + sub_totall + kode_unik: null

2023-10-05 14:07:21 - [TEST_STEP][PASSED] - println(Total_Hargaa): null

2023-10-05 14:07:21 - [TEST_STEP][PASSED] - assert totalll == Total_Hargaa: null

2023-10-05 14:07:21 - [TEST_STEP][PASSED] - data.put("total", Total): null

2023-10-05 14:07:21 - [TEST_STEP][PASSED] - data.put("nama", NamaPemesan): null

2023-10-05 14:07:21 - [TEST_STEP][PASSED] - return data: null

2023-10-05 14:07:21 - [MESSAGE][PASSED] - Call Test Case 'Test Cases/T13 Pembelian, Shipment dan Pembayaran/PBY-001' successfully

2023-10-05 14:07:21 - [TEST_STEP][PASSED] - inv = data.get("invoice"): null

2023-10-05 14:07:21 - [TEST_STEP][PASSED] - Total = data.get("total"): null

2023-10-05 14:07:21 - [TEST_STEP][PASSED] - NamaPemesan = data.get("nama"): null

2023-10-05 14:07:21 - [TEST_STEP][PASSED] - click(findTestObject("Konfirmasi pesanan shop/Menu Shop")): Object: 'Object Repository/Konfirmasi pesanan shop/Menu Shop' is clicked on

2023-10-05 14:07:23 - [MESSAGE][PASSED] - Object: 'Object Repository/Konfirmasi pesanan shop/Menu Shop' is clicked on

2023-10-05 14:07:23 - [TEST_STEP][PASSED] - click(findTestObject("Konfirmasi pesanan shop/Menu Shop")): Object: 'Object Repository/Konfirmasi pesanan shop/Menu Shop' is clicked on

2023-10-05 14:07:24 - [MESSAGE][PASSED] - Object: 'Object Repository/Konfirmasi pesanan shop/Menu Shop' is clicked on

2023-10-05 14:07:24 - [TEST_STEP][PASSED] - click(findTestObject("Konfirmasi pesanan shop/Konfirmasi Orders")): Object: 'Object Repository/Konfirmasi pesanan shop/Konfirmasi Orders' is clicked on

2023-10-05 14:07:25 - [MESSAGE][PASSED] - Object: 'Object Repository/Konfirmasi pesanan shop/Konfirmasi Orders' is clicked on

2023-10-05 14:07:25 - [TEST_STEP][PASSED] - verifyElementPresent(findTestObject("Konfirmasi pesanan shop/Tittle Konfirmasi Pesanan"), 0): Object 'Object Repository/Konfirmasi pesanan shop/Tittle Konfirmasi Pesanan' is present

2023-10-05 14:07:25 - [MESSAGE][WARNING] - Timeout '0' is invalid. Using default page load timeout: '30'

2023-10-05 14:07:26 - [MESSAGE][PASSED] - Object 'Object Repository/Konfirmasi pesanan shop/Tittle Konfirmasi Pesanan' is present

2023-10-05 14:07:26 - [TEST_STEP][PASSED] - setText(findTestObject("Konfirmasi pesanan shop/input_No Pesanan"), inv): Text 'TRX60.20231005140710' is set on object 'Object Repository/Konfirmasi pesanan shop/input_No Pesanan'

2023-10-05 14:07:26 - [MESSAGE][PASSED] - Text 'TRX60.20231005140710' is set on object 'Object Repository/Konfirmasi pesanan shop/input_No Pesanan'

2023-10-05 14:07:26 - [TEST_STEP][PASSED] - setText(findTestObject("Konfirmasi pesanan shop/input_Alamat E-mai"), "irfan@gmail.com"): Text 'irfan@gmail.com' is set on object 'Object Repository/Konfirmasi pesanan shop/input_Alamat E-mai'

2023-10-05 14:07:27 - [MESSAGE][PASSED] - Text 'irfan@gmail.com' is set on object 'Object Repository/Konfirmasi pesanan shop/input_Alamat E-mai'

2023-10-05 14:07:27 - [TEST_STEP][PASSED] - click(findTestObject("Konfirmasi pesanan shop/button_Submit")): Object: 'Object Repository/Konfirmasi pesanan shop/button_Submit' is clicked on

2023-10-05 14:07:28 - [MESSAGE][PASSED] - Object: 'Object Repository/Konfirmasi pesanan shop/button_Submit' is clicked on

2023-10-05 14:07:28 - [TEST_STEP][PASSED] - verifyElementPresent(findTestObject("Konfirmasi pesanan shop/Tittle nomor invoice"), 0): Object 'Object Repository/Konfirmasi pesanan shop/Tittle nomor invoice' is present

2023-10-05 14:07:28 - [MESSAGE][WARNING] - Timeout '0' is invalid. Using default page load timeout: '30'

2023-10-05 14:07:29 - [MESSAGE][PASSED] - Object 'Object Repository/Konfirmasi pesanan shop/Tittle nomor invoice' is present

2023-10-05 14:07:29 - [TEST_STEP][PASSED] - setText(findTestObject("Konfirmasi pesanan shop/input_Total TagihanTransfer_b"), Total): Text '8,509' is set on object 'Object Repository/Konfirmasi pesanan shop/input_Total TagihanTransfer_b'

2023-10-05 14:07:30 - [MESSAGE][PASSED] - Text '8,509' is set on object 'Object Repository/Konfirmasi pesanan shop/input_Total TagihanTransfer_b'

2023-10-05 14:07:30 - [TEST_STEP][PASSED] - selectOptionByValue(findTestObject("Konfirmasi pesanan shop/select_Bank"), "4", false): All options with value '4' are selected in object 'Object Repository/Konfirmasi pesanan shop/select_Bank' 

2023-10-05 14:07:31 - [MESSAGE][PASSED] - All options with value '4' are selected in object 'Object Repository/Konfirmasi pesanan shop/select_Bank' 

2023-10-05 14:07:31 - [TEST_STEP][PASSED] - setText(findTestObject("Konfirmasi pesanan shop/input_Nama Pengirim_d"), NamaPemesan): Text 'irfan.afandi' is set on object 'Object Repository/Konfirmasi pesanan shop/input_Nama Pengirim_d'

2023-10-05 14:07:32 - [MESSAGE][PASSED] - Text 'irfan.afandi' is set on object 'Object Repository/Konfirmasi pesanan shop/input_Nama Pengirim_d'

2023-10-05 14:07:32 - [TEST_STEP][PASSED] - uploadFile(findTestObject("keranjang/konfirmasi/input_Upload Bukti Transfer_f"), "C:\Users\IRFAN\Downloads\Berkas2.pdf"): File 'C:\Users\IRFAN\Downloads\Berkas2.pdf' sent to object: 'Object Repository/keranjang/konfirmasi/input_Upload Bukti Transfer_f'

2023-10-05 14:07:32 - [MESSAGE][PASSED] - File 'C:\Users\IRFAN\Downloads\Berkas2.pdf' sent to object: 'Object Repository/keranjang/konfirmasi/input_Upload Bukti Transfer_f'

2023-10-05 14:07:32 - [TEST_STEP][PASSED] - click(findTestObject("Konfirmasi pesanan shop/button_Konfirmasi Pembayaran")): Object: 'Object Repository/Konfirmasi pesanan shop/button_Konfirmasi Pembayaran' is clicked on

2023-10-05 14:07:33 - [MESSAGE][PASSED] - Object: 'Object Repository/Konfirmasi pesanan shop/button_Konfirmasi Pembayaran' is clicked on

2023-10-05 14:07:33 - [TEST_STEP][PASSED] - verifyElementPresent(findTestObject("Konfirmasi pesanan shop/Tittle Konfirmasi Pesanan"), 0): Object 'Object Repository/Konfirmasi pesanan shop/Tittle Konfirmasi Pesanan' is present

2023-10-05 14:07:33 - [MESSAGE][WARNING] - Timeout '0' is invalid. Using default page load timeout: '30'

2023-10-05 14:07:34 - [MESSAGE][PASSED] - Object 'Object Repository/Konfirmasi pesanan shop/Tittle Konfirmasi Pesanan' is present

2023-10-05 14:07:34 - [TEST_STEP][PASSED] - verifyElementPresent(findTestObject("Konfirmasi pesanan shop/Tittle massage succes Konfirmasi Pembayaran Pesanan"), 0): Object 'Object Repository/Konfirmasi pesanan shop/Tittle massage succes Konfirmasi Pembayaran Pesanan' is present

2023-10-05 14:07:34 - [MESSAGE][WARNING] - Timeout '0' is invalid. Using default page load timeout: '30'

2023-10-05 14:07:34 - [MESSAGE][PASSED] - Object 'Object Repository/Konfirmasi pesanan shop/Tittle massage succes Konfirmasi Pembayaran Pesanan' is present

2023-10-05 14:07:34 - [TEST_STEP][PASSED] - return data: null

2023-10-05 14:07:34 - [MESSAGE][PASSED] - Call Test Case 'Test Cases/T13 Pembelian, Shipment dan Pembayaran/PBY-004' successfully

2023-10-05 14:07:34 - [TEST_STEP][PASSED] - navigateToUrl("https://10.9.2.63/ecommerce/administrator/"): Navigate to 'https://10.9.2.63/ecommerce/administrator/' successfully

2023-10-05 14:07:35 - [MESSAGE][PASSED] - Navigate to 'https://10.9.2.63/ecommerce/administrator/' successfully

2023-10-05 14:07:35 - [TEST_STEP][PASSED] - verifyElementPresent(findTestObject("admin/Tittle ADMIN Login"), 0): Object 'Object Repository/admin/Tittle ADMIN Login' is present

2023-10-05 14:07:35 - [MESSAGE][WARNING] - Timeout '0' is invalid. Using default page load timeout: '30'

2023-10-05 14:07:35 - [MESSAGE][PASSED] - Object 'Object Repository/admin/Tittle ADMIN Login' is present

2023-10-05 14:07:35 - [TEST_STEP][PASSED] - setText(findTestObject("admin/Username"), "admin"): Text 'admin' is set on object 'Object Repository/admin/Username'

2023-10-05 14:07:36 - [MESSAGE][PASSED] - Text 'admin' is set on object 'Object Repository/admin/Username'

2023-10-05 14:07:36 - [TEST_STEP][PASSED] - setText(findTestObject("admin/Password"), "123admin123"): Text '123admin123' is set on object 'Object Repository/admin/Password'

2023-10-05 14:07:37 - [MESSAGE][PASSED] - Text '123admin123' is set on object 'Object Repository/admin/Password'

2023-10-05 14:07:37 - [TEST_STEP][PASSED] - click(findTestObject("admin/Remember Me")): Object: 'Object Repository/admin/Remember Me' is clicked on

2023-10-05 14:07:37 - [MESSAGE][PASSED] - Object: 'Object Repository/admin/Remember Me' is clicked on

2023-10-05 14:07:37 - [TEST_STEP][PASSED] - delay(10): Delayed 10 second(s)

2023-10-05 14:07:47 - [MESSAGE][PASSED] - Delayed 10 second(s)

2023-10-05 14:07:47 - [TEST_STEP][PASSED] - click(findTestObject("admin/buttom submit")): Object: 'Object Repository/admin/buttom submit' is clicked on

2023-10-05 14:07:49 - [MESSAGE][PASSED] - Object: 'Object Repository/admin/buttom submit' is clicked on

2023-10-05 14:07:49 - [TEST_STEP][PASSED] - verifyElementPresent(findTestObject("admin/Konf order konsumen/Tittle Dashboard"), 0): Object 'Object Repository/admin/Konf order konsumen/Tittle Dashboard' is present

2023-10-05 14:07:49 - [MESSAGE][WARNING] - Timeout '0' is invalid. Using default page load timeout: '30'

2023-10-05 14:07:50 - [MESSAGE][PASSED] - Object 'Object Repository/admin/Konf order konsumen/Tittle Dashboard' is present

2023-10-05 14:07:50 - [TEST_STEP][PASSED] - click(findTestObject("admin/Konf order konsumen/Menu Transaksi Market")): Object: 'Object Repository/admin/Konf order konsumen/Menu Transaksi Market' is clicked on

2023-10-05 14:07:50 - [MESSAGE][PASSED] - Object: 'Object Repository/admin/Konf order konsumen/Menu Transaksi Market' is clicked on

2023-10-05 14:07:50 - [TEST_STEP][PASSED] - click(findTestObject("admin/Konf order konsumen/Menu Konf. Order Konsumen")): Object: 'Object Repository/admin/Konf order konsumen/Menu Konf. Order Konsumen' is clicked on

2023-10-05 14:07:51 - [MESSAGE][PASSED] - Object: 'Object Repository/admin/Konf order konsumen/Menu Konf. Order Konsumen' is clicked on

2023-10-05 14:07:51 - [TEST_STEP][PASSED] - verifyElementPresent(findTestObject("admin/Konf order konsumen/Tittle Data Konfirmasi Pembayaran Konsumen"), 0): Object 'Object Repository/admin/Konf order konsumen/Tittle Data Konfirmasi Pembayaran Konsumen' is present

2023-10-05 14:07:51 - [MESSAGE][WARNING] - Timeout '0' is invalid. Using default page load timeout: '30'

2023-10-05 14:07:52 - [MESSAGE][PASSED] - Object 'Object Repository/admin/Konf order konsumen/Tittle Data Konfirmasi Pembayaran Konsumen' is present

2023-10-05 14:07:52 - [TEST_STEP][PASSED] - inv = data.get("invoice"): null

2023-10-05 14:07:52 - [TEST_STEP][PASSED] - setText(findTestObject("admin/Konf order konsumen/Search"), inv): Text 'TRX60.20231005140710' is set on object 'Object Repository/admin/Konf order konsumen/Search'

2023-10-05 14:07:53 - [MESSAGE][PASSED] - Text 'TRX60.20231005140710' is set on object 'Object Repository/admin/Konf order konsumen/Search'

2023-10-05 14:07:53 - [TEST_STEP][PASSED] - verifyElementText(findTestObject("admin/Konf order konsumen/Keterangan Lunas"), "Lunas"): Actual text and expected text of test object 'Object Repository/admin/Konf order konsumen/Keterangan Lunas' are matched.

2023-10-05 14:07:53 - [MESSAGE][PASSED] - Actual text and expected text of test object 'Object Repository/admin/Konf order konsumen/Keterangan Lunas' are matched.

2023-10-05 14:07:53 - [TEST_STEP][PASSED] - return data: null

2023-10-05 14:07:53 - [MESSAGE][PASSED] - Call Test Case 'Test Cases/T13 Pembelian, Shipment dan Pembayaran/PBYA-001' successfully

2023-10-05 14:07:53 - [TEST_STEP][PASSED] - click(findTestObject("admin/Penjualan ke konsumen/buttom Dashboard")): Object: 'Object Repository/admin/Penjualan ke konsumen/buttom Dashboard' is clicked on

2023-10-05 14:07:54 - [MESSAGE][PASSED] - Object: 'Object Repository/admin/Penjualan ke konsumen/buttom Dashboard' is clicked on

2023-10-05 14:07:54 - [TEST_STEP][PASSED] - click(findTestObject("admin/Konf order konsumen/Menu Transaksi Market")): Object: 'Object Repository/admin/Konf order konsumen/Menu Transaksi Market' is clicked on

2023-10-05 14:07:54 - [MESSAGE][PASSED] - Object: 'Object Repository/admin/Konf order konsumen/Menu Transaksi Market' is clicked on

2023-10-05 14:07:54 - [TEST_STEP][PASSED] - click(findTestObject("admin/Penjualan ke konsumen/a_Penjualan ke Konsumen")): Object: 'Object Repository/admin/Penjualan ke konsumen/a_Penjualan ke Konsumen' is clicked on

2023-10-05 14:07:57 - [MESSAGE][PASSED] - Object: 'Object Repository/admin/Penjualan ke konsumen/a_Penjualan ke Konsumen' is clicked on

2023-10-05 14:07:57 - [TEST_STEP][PASSED] - verifyElementPresent(findTestObject("admin/Tittle Data Transaksi Penjualan  Orderan Konsumen"), 0): Object 'Object Repository/admin/Tittle Data Transaksi Penjualan  Orderan Konsumen' is present

2023-10-05 14:07:58 - [MESSAGE][WARNING] - Timeout '0' is invalid. Using default page load timeout: '30'

2023-10-05 14:07:58 - [MESSAGE][PASSED] - Object 'Object Repository/admin/Tittle Data Transaksi Penjualan  Orderan Konsumen' is present

2023-10-05 14:07:58 - [TEST_STEP][PASSED] - return data: null

2023-10-05 14:07:58 - [MESSAGE][PASSED] - Call Test Case 'Test Cases/T13 Pembelian, Shipment dan Pembayaran/SA-001' successfully

2023-10-05 14:07:58 - [TEST_STEP][PASSED] - inv = data.get("invoice"): null

2023-10-05 14:07:58 - [TEST_STEP][PASSED] - setText(findTestObject("admin/Penjualan ke konsumen/Search"), inv): Text 'TRX60.20231005140710' is set on object 'Object Repository/admin/Penjualan ke konsumen/Search'

2023-10-05 14:07:59 - [MESSAGE][PASSED] - Text 'TRX60.20231005140710' is set on object 'Object Repository/admin/Penjualan ke konsumen/Search'

2023-10-05 14:07:59 - [TEST_STEP][PASSED] - click(findTestObject("admin/Penjualan ke konsumen/buttom konfirmasi pending payment"), CONTINUE_ON_FAILURE): Object: 'Object Repository/admin/Penjualan ke konsumen/buttom konfirmasi pending payment' is clicked on

2023-10-05 14:07:59 - [MESSAGE][PASSED] - Object: 'Object Repository/admin/Penjualan ke konsumen/buttom konfirmasi pending payment' is clicked on

2023-10-05 14:07:59 - [TEST_STEP][PASSED] - waitForAlert(5, OPTIONAL): Alert is present after 5 second(s).

2023-10-05 14:07:59 - [MESSAGE][PASSED] - Alert is present after 5 second(s).

2023-10-05 14:07:59 - [TEST_STEP][PASSED] - acceptAlert(): Alert accepted

2023-10-05 14:07:59 - [MESSAGE][PASSED] - Alert accepted

2023-10-05 14:07:59 - [TEST_STEP][PASSED] - setText(findTestObject("admin/Penjualan ke konsumen/Search"), inv): Text 'TRX60.20231005140710' is set on object 'Object Repository/admin/Penjualan ke konsumen/Search'

2023-10-05 14:08:08 - [MESSAGE][PASSED] - Text 'TRX60.20231005140710' is set on object 'Object Repository/admin/Penjualan ke konsumen/Search'

2023-10-05 14:08:08 - [TEST_STEP][PASSED] - verifyTextNotPresent("pending payment", false): Text 'pending payment' is not present on page

2023-10-05 14:08:09 - [MESSAGE][PASSED] - Text 'pending payment' is not present on page

2023-10-05 14:08:09 - [TEST_STEP][PASSED] - return data: null

2023-10-05 14:08:09 - [MESSAGE][PASSED] - Call Test Case 'Test Cases/T13 Pembelian, Shipment dan Pembayaran/SA-002' successfully

2023-10-05 14:08:09 - [TEST_STEP][PASSED] - click(findTestObject("admin/Penjualan ke konsumen/buttom scroldown")): Object: 'Object Repository/admin/Penjualan ke konsumen/buttom scroldown' is clicked on

2023-10-05 14:08:09 - [MESSAGE][PASSED] - Object: 'Object Repository/admin/Penjualan ke konsumen/buttom scroldown' is clicked on

2023-10-05 14:08:09 - [TEST_STEP][PASSED] - click(findTestObject("admin/Penjualan ke konsumen/Selesai"), CONTINUE_ON_FAILURE): Object: 'Object Repository/admin/Penjualan ke konsumen/Selesai' is clicked on

2023-10-05 14:08:10 - [MESSAGE][PASSED] - Object: 'Object Repository/admin/Penjualan ke konsumen/Selesai' is clicked on

2023-10-05 14:08:10 - [TEST_STEP][PASSED] - waitForAlert(5, OPTIONAL): Alert is present after 5 second(s).

2023-10-05 14:08:10 - [MESSAGE][PASSED] - Alert is present after 5 second(s).

2023-10-05 14:08:10 - [TEST_STEP][PASSED] - acceptAlert(): Alert accepted

2023-10-05 14:08:10 - [MESSAGE][PASSED] - Alert accepted

2023-10-05 14:08:10 - [TEST_STEP][PASSED] - inv = data.get("invoice"): null

2023-10-05 14:08:10 - [TEST_STEP][PASSED] - setText(findTestObject("admin/Penjualan ke konsumen/Search"), inv): Text 'TRX60.20231005140710' is set on object 'Object Repository/admin/Penjualan ke konsumen/Search'

2023-10-05 14:08:14 - [MESSAGE][PASSED] - Text 'TRX60.20231005140710' is set on object 'Object Repository/admin/Penjualan ke konsumen/Search'

2023-10-05 14:08:14 - [TEST_STEP][PASSED] - verifyTextPresent("Selesai", false): Text 'Selesai' is present on page 

2023-10-05 14:08:14 - [MESSAGE][PASSED] - Text 'Selesai' is present on page 

2023-10-05 14:08:14 - [TEST_STEP][PASSED] - selesaiAdmin = getText(findTestObject("admin/Selesai")): Text of object 'Object Repository/admin/Selesai' is: 'Selesai'

2023-10-05 14:08:15 - [MESSAGE][PASSED] - Text of object 'Object Repository/admin/Selesai' is: 'Selesai'

2023-10-05 14:08:15 - [TEST_STEP][PASSED] - data.put("statusSelesai", selesaiAdmin): null

2023-10-05 14:08:15 - [TEST_STEP][PASSED] - return data: null

2023-10-05 14:08:15 - [MESSAGE][PASSED] - Call Test Case 'Test Cases/T13 Pembelian, Shipment dan Pembayaran/SA-005' successfully

2023-10-05 14:08:15 - [TEST_STEP][PASSED] - openBrowser("https://10.9.2.63/ecommerce/"): Browser is opened with url: 'https://10.9.2.63/ecommerce/'

2023-10-05 14:08:15 - [MESSAGE][WARNING] - A browser is already opened. Closing browser and opening a new one

2023-10-05 14:08:16 - [MESSAGE][INFO] - Starting 'Edge Chromium' driver

2023-10-05 14:08:16 - [MESSAGE][INFO] - User set preference: ['acceptInsecureCerts', 'true']

2023-10-05 14:08:18 - [MESSAGE][INFO] - Action delay is set to 0 milliseconds

2023-10-05 14:08:21 - [MESSAGE][PASSED] - Browser is opened with url: 'https://10.9.2.63/ecommerce/'

2023-10-05 14:08:21 - [TEST_STEP][PASSED] - maximizeWindow(): Current window maximized

2023-10-05 14:08:21 - [MESSAGE][PASSED] - Current window maximized

2023-10-05 14:08:21 - [TEST_STEP][PASSED] - verifyElementPresent(findTestObject("Login/Home"), 0): Object 'Object Repository/Login/Home' is present

2023-10-05 14:08:22 - [MESSAGE][WARNING] - Timeout '0' is invalid. Using default page load timeout: '30'

2023-10-05 14:08:22 - [MESSAGE][PASSED] - Object 'Object Repository/Login/Home' is present

2023-10-05 14:08:22 - [TEST_STEP][PASSED] - click(findTestObject("Login/a_Login")): Object: 'Object Repository/Login/a_Login' is clicked on

2023-10-05 14:08:23 - [MESSAGE][PASSED] - Object: 'Object Repository/Login/a_Login' is clicked on

2023-10-05 14:08:23 - [TEST_STEP][PASSED] - verifyElementPresent(findTestObject("Login/Tittle Login"), 0): Object 'Object Repository/Login/Tittle Login' is present

2023-10-05 14:08:23 - [MESSAGE][WARNING] - Timeout '0' is invalid. Using default page load timeout: '30'

2023-10-05 14:08:23 - [MESSAGE][PASSED] - Object 'Object Repository/Login/Tittle Login' is present

2023-10-05 14:08:23 - [TEST_STEP][PASSED] - setText(findTestObject("Login/input_Username, Email atau No. Handphone_a"), "irfanafandi"): Text 'irfanafandi' is set on object 'Object Repository/Login/input_Username, Email atau No. Handphone_a'

2023-10-05 14:08:24 - [MESSAGE][PASSED] - Text 'irfanafandi' is set on object 'Object Repository/Login/input_Username, Email atau No. Handphone_a'

2023-10-05 14:08:24 - [TEST_STEP][PASSED] - setText(findTestObject("Login/input_Password_b"), "12345irfan"): Text '12345irfan' is set on object 'Object Repository/Login/input_Password_b'

2023-10-05 14:08:25 - [MESSAGE][PASSED] - Text '12345irfan' is set on object 'Object Repository/Login/input_Password_b'

2023-10-05 14:08:25 - [TEST_STEP][PASSED] - click(findTestObject("Login/button_Masuk")): Object: 'Object Repository/Login/button_Masuk' is clicked on

2023-10-05 14:08:27 - [MESSAGE][PASSED] - Object: 'Object Repository/Login/button_Masuk' is clicked on

2023-10-05 14:08:27 - [TEST_STEP][PASSED] - verifyElementPresent(findTestObject("Login/li_Profile"), 0): Object 'Object Repository/Login/li_Profile' is present

2023-10-05 14:08:27 - [MESSAGE][WARNING] - Timeout '0' is invalid. Using default page load timeout: '30'

2023-10-05 14:08:27 - [MESSAGE][PASSED] - Object 'Object Repository/Login/li_Profile' is present

2023-10-05 14:08:27 - [TEST_STEP][PASSED] - click(findTestObject("Konfirmasi pesanan shop/Menu Shop")): Object: 'Object Repository/Konfirmasi pesanan shop/Menu Shop' is clicked on

2023-10-05 14:08:29 - [MESSAGE][PASSED] - Object: 'Object Repository/Konfirmasi pesanan shop/Menu Shop' is clicked on

2023-10-05 14:08:29 - [TEST_STEP][PASSED] - click(findTestObject("Konfirmasi pesanan shop/Menu Shop")): Object: 'Object Repository/Konfirmasi pesanan shop/Menu Shop' is clicked on

2023-10-05 14:08:30 - [MESSAGE][PASSED] - Object: 'Object Repository/Konfirmasi pesanan shop/Menu Shop' is clicked on

2023-10-05 14:08:30 - [TEST_STEP][PASSED] - click(findTestObject("Traking Order/a_Tracking Orders")): Object: 'Object Repository/Traking Order/a_Tracking Orders' is clicked on

2023-10-05 14:08:30 - [MESSAGE][PASSED] - Object: 'Object Repository/Traking Order/a_Tracking Orders' is clicked on

2023-10-05 14:08:30 - [TEST_STEP][PASSED] - verifyElementPresent(findTestObject("Traking Order/Tittle Tracking Order"), 0): Object 'Object Repository/Traking Order/Tittle Tracking Order' is present

2023-10-05 14:08:30 - [MESSAGE][WARNING] - Timeout '0' is invalid. Using default page load timeout: '30'

2023-10-05 14:08:31 - [MESSAGE][PASSED] - Object 'Object Repository/Traking Order/Tittle Tracking Order' is present

2023-10-05 14:08:31 - [TEST_STEP][PASSED] - inv = data.get("invoice"): null

2023-10-05 14:08:31 - [TEST_STEP][PASSED] - setText(findTestObject("Traking Order/input_No Pesanan_a"), "TRX-001"): Text 'TRX-001' is set on object 'Object Repository/Traking Order/input_No Pesanan_a'

2023-10-05 14:08:32 - [MESSAGE][PASSED] - Text 'TRX-001' is set on object 'Object Repository/Traking Order/input_No Pesanan_a'

2023-10-05 14:08:32 - [TEST_STEP][PASSED] - setText(findTestObject("Traking Order/input_Alamat E-mail_form-control"), "irfan"): Text 'irfan' is set on object 'Object Repository/Traking Order/input_Alamat E-mail_form-control'

2023-10-05 14:08:33 - [MESSAGE][PASSED] - Text 'irfan' is set on object 'Object Repository/Traking Order/input_Alamat E-mail_form-control'

2023-10-05 14:08:33 - [TEST_STEP][PASSED] - click(findTestObject("Traking Order/button_Lacak Pesanan")): Object: 'Object Repository/Traking Order/button_Lacak Pesanan' is clicked on

2023-10-05 14:08:34 - [MESSAGE][PASSED] - Object: 'Object Repository/Traking Order/button_Lacak Pesanan' is clicked on

2023-10-05 14:08:34 - [TEST_STEP][FAILED] - verifyTextPresent("number invoice not valid", false): Unable to verify text 'number invoice not valid' is present  (Root cause: com.kms.katalon.core.exception.StepFailedException: Unable to verify text 'number invoice not valid' is present 
	at com.kms.katalon.core.webui.keyword.internal.WebUIKeywordMain.stepFailed(WebUIKeywordMain.groovy:64)
	at com.kms.katalon.core.webui.keyword.internal.WebUIKeywordMain.runKeyword(WebUIKeywordMain.groovy:26)
	at com.kms.katalon.core.webui.keyword.builtin.VerifyTextPresentKeyword.verifyTextPresent(VerifyTextPresentKeyword.groovy:83)
	at com.kms.katalon.core.webui.keyword.builtin.VerifyTextPresentKeyword.execute(VerifyTextPresentKeyword.groovy:68)
	at com.kms.katalon.core.keyword.internal.KeywordExecutor.executeKeywordForPlatform(KeywordExecutor.groovy:74)
	at com.kms.katalon.core.webui.keyword.WebUiBuiltInKeywords.verifyTextPresent(WebUiBuiltInKeywords.groovy:1723)
	at com.kms.katalon.core.webui.keyword.WebUiBuiltInKeywords$verifyTextPresent$7.call(Unknown Source)
	at SU-008.run(SU-008:60)
	at com.kms.katalon.core.main.ScriptEngine.run(ScriptEngine.java:194)
	at com.kms.katalon.core.main.ScriptEngine.runScriptAsRawText(ScriptEngine.java:119)
	at com.kms.katalon.core.main.TestCaseExecutor.runScript(TestCaseExecutor.java:448)
	at com.kms.katalon.core.main.TestCaseExecutor.doExecute(TestCaseExecutor.java:439)
	at com.kms.katalon.core.main.TestCaseExecutor.processExecutionPhase(TestCaseExecutor.java:418)
	at com.kms.katalon.core.main.TestCaseExecutor.accessMainPhase(TestCaseExecutor.java:410)
	at com.kms.katalon.core.main.TestCaseExecutor.execute(TestCaseExecutor.java:285)
	at com.kms.katalon.core.common.CommonExecutor.accessTestCaseMainPhase(CommonExecutor.java:65)
	at com.kms.katalon.core.main.TestSuiteExecutor.accessTestSuiteMainPhase(TestSuiteExecutor.java:148)
	at com.kms.katalon.core.main.TestSuiteExecutor.execute(TestSuiteExecutor.java:106)
	at com.kms.katalon.core.main.TestCaseMain.startTestSuite(TestCaseMain.java:187)
	at com.kms.katalon.core.main.TestCaseMain$startTestSuite$0.call(Unknown Source)
	at TempTestSuite1696486556660.run(TempTestSuite1696486556660.groovy:36)
Caused by: com.kms.katalon.core.exception.StepFailedException: Text 'number invoice not valid' is not present on page 
	at com.kms.katalon.core.webui.keyword.internal.WebUIKeywordMain.stepFailed(WebUIKeywordMain.groovy:64)
	at com.kms.katalon.core.webui.keyword.builtin.VerifyTextPresentKeyword$_verifyTextPresent_closure1.doCall(VerifyTextPresentKeyword.groovy:79)
	at com.kms.katalon.core.webui.keyword.builtin.VerifyTextPresentKeyword$_verifyTextPresent_closure1.call(VerifyTextPresentKeyword.groovy)
	at com.kms.katalon.core.webui.keyword.internal.WebUIKeywordMain.runKeyword(WebUIKeywordMain.groovy:20)
	... 19 more
)

2023-10-05 14:08:35 - [MESSAGE][FAILED] - Text 'number invoice not valid' is not present on page  (Root cause: com.kms.katalon.core.exception.StepFailedException: Text 'number invoice not valid' is not present on page 
	at com.kms.katalon.core.webui.keyword.internal.WebUIKeywordMain.stepFailed(WebUIKeywordMain.groovy:64)
	at com.kms.katalon.core.webui.keyword.builtin.VerifyTextPresentKeyword$_verifyTextPresent_closure1.doCall(VerifyTextPresentKeyword.groovy:79)
	at com.kms.katalon.core.webui.keyword.builtin.VerifyTextPresentKeyword$_verifyTextPresent_closure1.call(VerifyTextPresentKeyword.groovy)
	at com.kms.katalon.core.webui.keyword.internal.WebUIKeywordMain.runKeyword(WebUIKeywordMain.groovy:20)
	at com.kms.katalon.core.webui.keyword.builtin.VerifyTextPresentKeyword.verifyTextPresent(VerifyTextPresentKeyword.groovy:83)
	at com.kms.katalon.core.webui.keyword.builtin.VerifyTextPresentKeyword.execute(VerifyTextPresentKeyword.groovy:68)
	at com.kms.katalon.core.keyword.internal.KeywordExecutor.executeKeywordForPlatform(KeywordExecutor.groovy:74)
	at com.kms.katalon.core.webui.keyword.WebUiBuiltInKeywords.verifyTextPresent(WebUiBuiltInKeywords.groovy:1723)
	at com.kms.katalon.core.webui.keyword.WebUiBuiltInKeywords$verifyTextPresent$7.call(Unknown Source)
	at SU-008.run(SU-008:60)
	at com.kms.katalon.core.main.ScriptEngine.run(ScriptEngine.java:194)
	at com.kms.katalon.core.main.ScriptEngine.runScriptAsRawText(ScriptEngine.java:119)
	at com.kms.katalon.core.main.TestCaseExecutor.runScript(TestCaseExecutor.java:448)
	at com.kms.katalon.core.main.TestCaseExecutor.doExecute(TestCaseExecutor.java:439)
	at com.kms.katalon.core.main.TestCaseExecutor.processExecutionPhase(TestCaseExecutor.java:418)
	at com.kms.katalon.core.main.TestCaseExecutor.accessMainPhase(TestCaseExecutor.java:410)
	at com.kms.katalon.core.main.TestCaseExecutor.execute(TestCaseExecutor.java:285)
	at com.kms.katalon.core.common.CommonExecutor.accessTestCaseMainPhase(CommonExecutor.java:65)
	at com.kms.katalon.core.main.TestSuiteExecutor.accessTestSuiteMainPhase(TestSuiteExecutor.java:148)
	at com.kms.katalon.core.main.TestSuiteExecutor.execute(TestSuiteExecutor.java:106)
	at com.kms.katalon.core.main.TestCaseMain.startTestSuite(TestCaseMain.java:187)
	at com.kms.katalon.core.main.TestCaseMain$startTestSuite$0.call(Unknown Source)
	at TempTestSuite1696486556660.run(TempTestSuite1696486556660.groovy:36)
)

2023-10-05 14:08:35 - [MESSAGE][FAILED] - Unable to verify text 'number invoice not valid' is present  (Root cause: com.kms.katalon.core.exception.StepFailedException: Unable to verify text 'number invoice not valid' is present 
	at com.kms.katalon.core.webui.keyword.internal.WebUIKeywordMain.stepFailed(WebUIKeywordMain.groovy:64)
	at com.kms.katalon.core.webui.keyword.internal.WebUIKeywordMain.runKeyword(WebUIKeywordMain.groovy:26)
	at com.kms.katalon.core.webui.keyword.builtin.VerifyTextPresentKeyword.verifyTextPresent(VerifyTextPresentKeyword.groovy:83)
	at com.kms.katalon.core.webui.keyword.builtin.VerifyTextPresentKeyword.execute(VerifyTextPresentKeyword.groovy:68)
	at com.kms.katalon.core.keyword.internal.KeywordExecutor.executeKeywordForPlatform(KeywordExecutor.groovy:74)
	at com.kms.katalon.core.webui.keyword.WebUiBuiltInKeywords.verifyTextPresent(WebUiBuiltInKeywords.groovy:1723)
	at com.kms.katalon.core.webui.keyword.WebUiBuiltInKeywords$verifyTextPresent$7.call(Unknown Source)
	at SU-008.run(SU-008:60)
	at com.kms.katalon.core.main.ScriptEngine.run(ScriptEngine.java:194)
	at com.kms.katalon.core.main.ScriptEngine.runScriptAsRawText(ScriptEngine.java:119)
	at com.kms.katalon.core.main.TestCaseExecutor.runScript(TestCaseExecutor.java:448)
	at com.kms.katalon.core.main.TestCaseExecutor.doExecute(TestCaseExecutor.java:439)
	at com.kms.katalon.core.main.TestCaseExecutor.processExecutionPhase(TestCaseExecutor.java:418)
	at com.kms.katalon.core.main.TestCaseExecutor.accessMainPhase(TestCaseExecutor.java:410)
	at com.kms.katalon.core.main.TestCaseExecutor.execute(TestCaseExecutor.java:285)
	at com.kms.katalon.core.common.CommonExecutor.accessTestCaseMainPhase(CommonExecutor.java:65)
	at com.kms.katalon.core.main.TestSuiteExecutor.accessTestSuiteMainPhase(TestSuiteExecutor.java:148)
	at com.kms.katalon.core.main.TestSuiteExecutor.execute(TestSuiteExecutor.java:106)
	at com.kms.katalon.core.main.TestCaseMain.startTestSuite(TestCaseMain.java:187)
	at com.kms.katalon.core.main.TestCaseMain$startTestSuite$0.call(Unknown Source)
	at TempTestSuite1696486556660.run(TempTestSuite1696486556660.groovy:36)
Caused by: com.kms.katalon.core.exception.StepFailedException: Text 'number invoice not valid' is not present on page 
	at com.kms.katalon.core.webui.keyword.internal.WebUIKeywordMain.stepFailed(WebUIKeywordMain.groovy:64)
	at com.kms.katalon.core.webui.keyword.builtin.VerifyTextPresentKeyword$_verifyTextPresent_closure1.doCall(VerifyTextPresentKeyword.groovy:79)
	at com.kms.katalon.core.webui.keyword.builtin.VerifyTextPresentKeyword$_verifyTextPresent_closure1.call(VerifyTextPresentKeyword.groovy)
	at com.kms.katalon.core.webui.keyword.internal.WebUIKeywordMain.runKeyword(WebUIKeywordMain.groovy:20)
	... 19 more
)
[[ATTACHMENT|C:\\FT2 XSIS\\Projek 2 MINI PROJEK\\Reports\\20231005_131556\\T13 Pembelian, Shipment dan Pembayaran\\T13 Pembelian, Shipment dan Pembayaran\\20231005_131556\\1696489715255.png]]]]></system-out>
         <system-err><![CDATA[2023-10-05 14:06:32 - [TEST_CASE][FAILED] - Test Cases/T13 Pembelian, Shipment dan Pembayaran/SU-008: Test Cases/T13 Pembelian, Shipment dan Pembayaran/SU-008 FAILED.
Reason:
com.kms.katalon.core.exception.StepFailedException: Unable to verify text 'number invoice not valid' is present 
	at com.kms.katalon.core.webui.keyword.internal.WebUIKeywordMain.stepFailed(WebUIKeywordMain.groovy:64)
	at com.kms.katalon.core.webui.keyword.internal.WebUIKeywordMain.runKeyword(WebUIKeywordMain.groovy:26)
	at com.kms.katalon.core.webui.keyword.builtin.VerifyTextPresentKeyword.verifyTextPresent(VerifyTextPresentKeyword.groovy:83)
	at com.kms.katalon.core.webui.keyword.builtin.VerifyTextPresentKeyword.execute(VerifyTextPresentKeyword.groovy:68)
	at com.kms.katalon.core.keyword.internal.KeywordExecutor.executeKeywordForPlatform(KeywordExecutor.groovy:74)
	at com.kms.katalon.core.webui.keyword.WebUiBuiltInKeywords.verifyTextPresent(WebUiBuiltInKeywords.groovy:1723)
	at com.kms.katalon.core.webui.keyword.WebUiBuiltInKeywords$verifyTextPresent$7.call(Unknown Source)
	at SU-008.run(SU-008:60)
	at com.kms.katalon.core.main.ScriptEngine.run(ScriptEngine.java:194)
	at com.kms.katalon.core.main.ScriptEngine.runScriptAsRawText(ScriptEngine.java:119)
	at com.kms.katalon.core.main.TestCaseExecutor.runScript(TestCaseExecutor.java:448)
	at com.kms.katalon.core.main.TestCaseExecutor.doExecute(TestCaseExecutor.java:439)
	at com.kms.katalon.core.main.TestCaseExecutor.processExecutionPhase(TestCaseExecutor.java:418)
	at com.kms.katalon.core.main.TestCaseExecutor.accessMainPhase(TestCaseExecutor.java:410)
	at com.kms.katalon.core.main.TestCaseExecutor.execute(TestCaseExecutor.java:285)
	at com.kms.katalon.core.common.CommonExecutor.accessTestCaseMainPhase(CommonExecutor.java:65)
	at com.kms.katalon.core.main.TestSuiteExecutor.accessTestSuiteMainPhase(TestSuiteExecutor.java:148)
	at com.kms.katalon.core.main.TestSuiteExecutor.execute(TestSuiteExecutor.java:106)
	at com.kms.katalon.core.main.TestCaseMain.startTestSuite(TestCaseMain.java:187)
	at com.kms.katalon.core.main.TestCaseMain$startTestSuite$0.call(Unknown Source)
	at TempTestSuite1696486556660.run(TempTestSuite1696486556660.groovy:36)
Caused by: com.kms.katalon.core.exception.StepFailedException: Text 'number invoice not valid' is not present on page 
	at com.kms.katalon.core.webui.keyword.internal.WebUIKeywordMain.stepFailed(WebUIKeywordMain.groovy:64)
	at com.kms.katalon.core.webui.keyword.builtin.VerifyTextPresentKeyword$_verifyTextPresent_closure1.doCall(VerifyTextPresentKeyword.groovy:79)
	at com.kms.katalon.core.webui.keyword.builtin.VerifyTextPresentKeyword$_verifyTextPresent_closure1.call(VerifyTextPresentKeyword.groovy)
	at com.kms.katalon.core.webui.keyword.internal.WebUIKeywordMain.runKeyword(WebUIKeywordMain.groovy:20)
	... 19 more]]></system-err>
      </testcase>
      <testcase name="Test Cases/T13 Pembelian, Shipment dan Pembayaran/SU-009" time="54.171" classname="Test Cases/T13 Pembelian, Shipment dan Pembayaran/SU-009" status="PASSED">
         <system-out><![CDATA[2023-10-05 14:08:35 - [TEST_CASE][PASSED] - Test Cases/T13 Pembelian, Shipment dan Pembayaran/SU-009: Test Cases/T13 Pembelian, Shipment dan Pembayaran/SU-009

2023-10-05 14:08:35 - [TEST_STEP][PASSED] - data = callTestCase(findTestCase("T13 Pembelian, Shipment dan Pembayaran/PBY-001"), [:], STOP_ON_FAILURE): Call Test Case 'Test Cases/T13 Pembelian, Shipment dan Pembayaran/PBY-001' successfully

2023-10-05 14:08:35 - [TEST_CASE][PASSED] - Test Cases/T13 Pembelian, Shipment dan Pembayaran/PBY-001: Test Cases/T13 Pembelian, Shipment dan Pembayaran/PBY-001

2023-10-05 14:08:35 - [TEST_STEP][PASSED] - data = callTestCase(findTestCase("T13 Pembelian, Shipment dan Pembayaran/PBL-004"), ["Kurir":"Roda 2"], STOP_ON_FAILURE): Call Test Case 'Test Cases/T13 Pembelian, Shipment dan Pembayaran/PBL-004' successfully

2023-10-05 14:08:35 - [TEST_CASE][PASSED] - Test Cases/T13 Pembelian, Shipment dan Pembayaran/PBL-004: Test Cases/T13 Pembelian, Shipment dan Pembayaran/PBL-004

2023-10-05 14:08:35 - [TEST_STEP][PASSED] - data = callTestCase(findTestCase("T13 Pembelian, Shipment dan Pembayaran/PBL-002"), [:], STOP_ON_FAILURE): Call Test Case 'Test Cases/T13 Pembelian, Shipment dan Pembayaran/PBL-002' successfully

2023-10-05 14:08:35 - [TEST_CASE][PASSED] - Test Cases/T13 Pembelian, Shipment dan Pembayaran/PBL-002: Test Cases/T13 Pembelian, Shipment dan Pembayaran/PBL-002

2023-10-05 14:08:35 - [TEST_STEP][PASSED] - data = callTestCase(findTestCase("T13 Pembelian, Shipment dan Pembayaran/PBL-001"), [:], STOP_ON_FAILURE): Call Test Case 'Test Cases/T13 Pembelian, Shipment dan Pembayaran/PBL-001' successfully

2023-10-05 14:08:35 - [TEST_CASE][PASSED] - Test Cases/T13 Pembelian, Shipment dan Pembayaran/PBL-001: Test Cases/T13 Pembelian, Shipment dan Pembayaran/PBL-001

2023-10-05 14:08:35 - [TEST_STEP][PASSED] - callTestCase(findTestCase("T13 Pembelian, Shipment dan Pembayaran/LU-001"), ["username":"irfanafandi", "password":"12345irfan"], STOP_ON_FAILURE): Call Test Case 'Test Cases/T13 Pembelian, Shipment dan Pembayaran/LU-001' successfully

2023-10-05 14:08:36 - [TEST_CASE][PASSED] - Test Cases/T13 Pembelian, Shipment dan Pembayaran/LU-001: Test Cases/T13 Pembelian, Shipment dan Pembayaran/LU-001

2023-10-05 14:08:36 - [TEST_STEP][PASSED] - openBrowser("https://10.9.2.63/ecommerce/"): Browser is opened with url: 'https://10.9.2.63/ecommerce/'

2023-10-05 14:08:36 - [MESSAGE][WARNING] - A browser is already opened. Closing browser and opening a new one

2023-10-05 14:08:36 - [MESSAGE][INFO] - Starting 'Edge Chromium' driver

2023-10-05 14:08:36 - [MESSAGE][INFO] - User set preference: ['acceptInsecureCerts', 'true']

2023-10-05 14:08:38 - [MESSAGE][INFO] - Action delay is set to 0 milliseconds

2023-10-05 14:08:42 - [MESSAGE][PASSED] - Browser is opened with url: 'https://10.9.2.63/ecommerce/'

2023-10-05 14:08:42 - [TEST_STEP][PASSED] - maximizeWindow(): Current window maximized

2023-10-05 14:08:42 - [MESSAGE][PASSED] - Current window maximized

2023-10-05 14:08:42 - [TEST_STEP][PASSED] - verifyElementPresent(findTestObject("Login/Home"), 0): Object 'Object Repository/Login/Home' is present

2023-10-05 14:08:42 - [MESSAGE][WARNING] - Timeout '0' is invalid. Using default page load timeout: '30'

2023-10-05 14:08:43 - [MESSAGE][PASSED] - Object 'Object Repository/Login/Home' is present

2023-10-05 14:08:43 - [TEST_STEP][PASSED] - click(findTestObject("Login/a_Login")): Object: 'Object Repository/Login/a_Login' is clicked on

2023-10-05 14:08:43 - [MESSAGE][PASSED] - Object: 'Object Repository/Login/a_Login' is clicked on

2023-10-05 14:08:43 - [TEST_STEP][PASSED] - verifyElementPresent(findTestObject("Login/Tittle Login"), 0): Object 'Object Repository/Login/Tittle Login' is present

2023-10-05 14:08:43 - [MESSAGE][WARNING] - Timeout '0' is invalid. Using default page load timeout: '30'

2023-10-05 14:08:44 - [MESSAGE][PASSED] - Object 'Object Repository/Login/Tittle Login' is present

2023-10-05 14:08:44 - [TEST_STEP][PASSED] - setText(findTestObject("Login/input_Username, Email atau No. Handphone_a"), username): Text 'irfanafandi' is set on object 'Object Repository/Login/input_Username, Email atau No. Handphone_a'

2023-10-05 14:08:45 - [MESSAGE][PASSED] - Text 'irfanafandi' is set on object 'Object Repository/Login/input_Username, Email atau No. Handphone_a'

2023-10-05 14:08:45 - [TEST_STEP][PASSED] - setText(findTestObject("Login/input_Password_b"), password): Text '12345irfan' is set on object 'Object Repository/Login/input_Password_b'

2023-10-05 14:08:46 - [MESSAGE][PASSED] - Text '12345irfan' is set on object 'Object Repository/Login/input_Password_b'

2023-10-05 14:08:46 - [TEST_STEP][PASSED] - click(findTestObject("Login/label_Ingat saya")): Object: 'Object Repository/Login/label_Ingat saya' is clicked on

2023-10-05 14:08:46 - [MESSAGE][PASSED] - Object: 'Object Repository/Login/label_Ingat saya' is clicked on

2023-10-05 14:08:46 - [TEST_STEP][PASSED] - click(findTestObject("Login/button_Masuk")): Object: 'Object Repository/Login/button_Masuk' is clicked on

2023-10-05 14:08:48 - [MESSAGE][PASSED] - Object: 'Object Repository/Login/button_Masuk' is clicked on

2023-10-05 14:08:48 - [TEST_STEP][PASSED] - verifyElementPresent(findTestObject("Login/li_Profile"), 0): Object 'Object Repository/Login/li_Profile' is present

2023-10-05 14:08:48 - [MESSAGE][WARNING] - Timeout '0' is invalid. Using default page load timeout: '30'

2023-10-05 14:08:49 - [MESSAGE][PASSED] - Object 'Object Repository/Login/li_Profile' is present

2023-10-05 14:08:49 - [MESSAGE][PASSED] - Call Test Case 'Test Cases/T13 Pembelian, Shipment dan Pembayaran/LU-001' successfully

2023-10-05 14:08:49 - [TEST_STEP][PASSED] - mouseOver(findTestObject("beli barang/i_Mulai Belanja_icon-menu")): Object: 'Object Repository/beli barang/i_Mulai Belanja_icon-menu' is hovered

2023-10-05 14:08:49 - [MESSAGE][PASSED] - Object: 'Object Repository/beli barang/i_Mulai Belanja_icon-menu' is hovered

2023-10-05 14:08:49 - [TEST_STEP][PASSED] - click(findTestObject("beli barang/a_Fashion  Busana Wanita")): Object: 'Object Repository/beli barang/a_Fashion  Busana Wanita' is clicked on

2023-10-05 14:08:50 - [MESSAGE][PASSED] - Object: 'Object Repository/beli barang/a_Fashion  Busana Wanita' is clicked on

2023-10-05 14:08:50 - [TEST_STEP][PASSED] - NamaSebelum = getText(findTestObject("verifikasi/Nama sebelum")): Text of object 'Object Repository/verifikasi/Nama sebelum' is: ''

2023-10-05 14:08:51 - [MESSAGE][PASSED] - Text of object 'Object Repository/verifikasi/Nama sebelum' is: ''

2023-10-05 14:08:51 - [TEST_STEP][PASSED] - HargaSebelum = getText(findTestObject("verifikasi/Harga sebelum")): Text of object 'Object Repository/verifikasi/Harga sebelum' is: 'Rp 1,299'

2023-10-05 14:08:52 - [MESSAGE][PASSED] - Text of object 'Object Repository/verifikasi/Harga sebelum' is: 'Rp 1,299'

2023-10-05 14:08:52 - [TEST_STEP][PASSED] - mouseOver(findTestObject("beli barang/barang mouse over")): Object: 'Object Repository/beli barang/barang mouse over' is hovered

2023-10-05 14:08:52 - [MESSAGE][PASSED] - Object: 'Object Repository/beli barang/barang mouse over' is hovered

2023-10-05 14:08:52 - [TEST_STEP][PASSED] - click(findTestObject("beli barang/buttom add to cart")): Object: 'Object Repository/beli barang/buttom add to cart' is clicked on

2023-10-05 14:08:54 - [MESSAGE][PASSED] - Object: 'Object Repository/beli barang/buttom add to cart' is clicked on

2023-10-05 14:08:54 - [TEST_STEP][PASSED] - NamaSesudah = getText(findTestObject("verifikasi/Nama sesudah")): Text of object 'Object Repository/verifikasi/Nama sesudah' is: 'Segitiga Instan Madeira - MDB5.3 Sunset'

2023-10-05 14:08:54 - [MESSAGE][PASSED] - Text of object 'Object Repository/verifikasi/Nama sesudah' is: 'Segitiga Instan Madeira - MDB5.3 Sunset'

2023-10-05 14:08:54 - [TEST_STEP][PASSED] - HargaSesudah = getText(findTestObject("verifikasi/Harga sesudah")): Text of object 'Object Repository/verifikasi/Harga sesudah' is: 'Rp 1,299'

2023-10-05 14:08:55 - [MESSAGE][PASSED] - Text of object 'Object Repository/verifikasi/Harga sesudah' is: 'Rp 1,299'

2023-10-05 14:08:55 - [TEST_STEP][PASSED] - assert NamaSesudah.contains(NamaSebelum): null

2023-10-05 14:08:55 - [TEST_STEP][PASSED] - assert HargaSesudah.contains(HargaSebelum): null

2023-10-05 14:08:55 - [TEST_STEP][PASSED] - click(findTestObject("beli barang/Tambah Keranjang busana wanita")): Object: 'Object Repository/beli barang/Tambah Keranjang busana wanita' is clicked on

2023-10-05 14:08:55 - [MESSAGE][PASSED] - Object: 'Object Repository/beli barang/Tambah Keranjang busana wanita' is clicked on

2023-10-05 14:08:55 - [TEST_STEP][PASSED] - verifyElementPresent(findTestObject("checkout/Notifikasi keranjang"), 1): Object 'Object Repository/checkout/Notifikasi keranjang' is present

2023-10-05 14:08:56 - [MESSAGE][PASSED] - Object 'Object Repository/checkout/Notifikasi keranjang' is present

2023-10-05 14:08:56 - [TEST_STEP][PASSED] - data = new java.util.HashMap(): null

2023-10-05 14:08:56 - [TEST_STEP][PASSED] - data.put("nama_barang", NamaSesudah): null

2023-10-05 14:08:56 - [TEST_STEP][PASSED] - data.put("price_barang", HargaSesudah): null

2023-10-05 14:08:56 - [TEST_STEP][PASSED] - return data: null

2023-10-05 14:08:56 - [MESSAGE][PASSED] - Call Test Case 'Test Cases/T13 Pembelian, Shipment dan Pembayaran/PBL-001' successfully

2023-10-05 14:08:56 - [TEST_STEP][PASSED] - mouseOver(findTestObject("beli barang/keranjang")): Object: 'Object Repository/beli barang/keranjang' is hovered

2023-10-05 14:08:57 - [MESSAGE][PASSED] - Object: 'Object Repository/beli barang/keranjang' is hovered

2023-10-05 14:08:57 - [TEST_STEP][PASSED] - click(findTestObject("beli barang/Lihat Sekarang")): Object: 'Object Repository/beli barang/Lihat Sekarang' is clicked on

2023-10-05 14:08:58 - [MESSAGE][PASSED] - Object: 'Object Repository/beli barang/Lihat Sekarang' is clicked on

2023-10-05 14:08:58 - [TEST_STEP][PASSED] - verifyElementPresent(findTestObject("keranjang/li_Keranjang Belanja"), 0): Object 'Object Repository/keranjang/li_Keranjang Belanja' is present

2023-10-05 14:08:58 - [MESSAGE][WARNING] - Timeout '0' is invalid. Using default page load timeout: '30'

2023-10-05 14:08:59 - [MESSAGE][PASSED] - Object 'Object Repository/keranjang/li_Keranjang Belanja' is present

2023-10-05 14:08:59 - [TEST_STEP][PASSED] - NamaKeranjang = getText(findTestObject("verifikasi/Nama keranjang")): Text of object 'Object Repository/verifikasi/Nama keranjang' is: 'Segitiga Instan Madeira - MDB5.3 Sunset'

2023-10-05 14:08:59 - [MESSAGE][PASSED] - Text of object 'Object Repository/verifikasi/Nama keranjang' is: 'Segitiga Instan Madeira - MDB5.3 Sunset'

2023-10-05 14:08:59 - [TEST_STEP][PASSED] - HargaKeranjang = getText(findTestObject("verifikasi/Harga Keranjang")): Text of object 'Object Repository/verifikasi/Harga Keranjang' is: 'Rp 1,299'

2023-10-05 14:09:00 - [MESSAGE][PASSED] - Text of object 'Object Repository/verifikasi/Harga Keranjang' is: 'Rp 1,299'

2023-10-05 14:09:00 - [TEST_STEP][PASSED] - if (toString().equalsIgnoreCase("Merah")): Object 'Object Repository/keranjang/input_Warna_variasi101' is checked

2023-10-05 14:09:00 - [TEST_STEP][PASSED] - check(findTestObject("Object Repository/keranjang/input_Warna_variasi101")): Object 'Object Repository/keranjang/input_Warna_variasi101' is checked

2023-10-05 14:09:00 - [MESSAGE][PASSED] - Object 'Object Repository/keranjang/input_Warna_variasi101' is checked

2023-10-05 14:09:00 - [TEST_STEP][PASSED] - if (toString().equalsIgnoreCase("Menengah")): Object 'Object Repository/keranjang/input_Ukuran_variasi201' is checked

2023-10-05 14:09:00 - [TEST_STEP][PASSED] - check(findTestObject("Object Repository/keranjang/input_Ukuran_variasi201")): Object 'Object Repository/keranjang/input_Ukuran_variasi201' is checked

2023-10-05 14:09:01 - [MESSAGE][PASSED] - Object 'Object Repository/keranjang/input_Ukuran_variasi201' is checked

2023-10-05 14:09:01 - [TEST_STEP][PASSED] - data.put("Warna", warna): null

2023-10-05 14:09:01 - [TEST_STEP][PASSED] - data.put("Ukuran", ukuran): null

2023-10-05 14:09:01 - [TEST_STEP][PASSED] - click(findTestObject("keranjang/button_Lanjut ke Pembayaran")): Object: 'Object Repository/keranjang/button_Lanjut ke Pembayaran' is clicked on

2023-10-05 14:09:02 - [MESSAGE][PASSED] - Object: 'Object Repository/keranjang/button_Lanjut ke Pembayaran' is clicked on

2023-10-05 14:09:02 - [TEST_STEP][PASSED] - verifyElementPresent(findTestObject("checkout/Tittle Checkout Order"), 0): Object 'Object Repository/checkout/Tittle Checkout Order' is present

2023-10-05 14:09:02 - [MESSAGE][WARNING] - Timeout '0' is invalid. Using default page load timeout: '30'

2023-10-05 14:09:03 - [MESSAGE][PASSED] - Object 'Object Repository/checkout/Tittle Checkout Order' is present

2023-10-05 14:09:03 - [TEST_STEP][PASSED] - name_product = data.get("nama_barang"): null

2023-10-05 14:09:03 - [TEST_STEP][PASSED] - price_product = data.get("price_barang"): null

2023-10-05 14:09:03 - [TEST_STEP][PASSED] - assert name_product == NamaKeranjang: null

2023-10-05 14:09:03 - [TEST_STEP][PASSED] - assert price_product == HargaKeranjang: null

2023-10-05 14:09:03 - [TEST_STEP][PASSED] - return data: null

2023-10-05 14:09:03 - [MESSAGE][PASSED] - Call Test Case 'Test Cases/T13 Pembelian, Shipment dan Pembayaran/PBL-002' successfully

2023-10-05 14:09:03 - [TEST_STEP][PASSED] - warnaa = getText(findTestObject("verifikasi/warna Merah")): Text of object 'Object Repository/verifikasi/warna Merah' is: 'Merah'

2023-10-05 14:09:03 - [MESSAGE][PASSED] - Text of object 'Object Repository/verifikasi/warna Merah' is: 'Merah'

2023-10-05 14:09:03 - [TEST_STEP][PASSED] - ukurann = getText(findTestObject("verifikasi/Ukuran Menengah")): Text of object 'Object Repository/verifikasi/Ukuran Menengah' is: 'Menengah'

2023-10-05 14:09:03 - [MESSAGE][PASSED] - Text of object 'Object Repository/verifikasi/Ukuran Menengah' is: 'Menengah'

2023-10-05 14:09:03 - [TEST_STEP][PASSED] - warna1 = data.get("Warna"): null

2023-10-05 14:09:03 - [TEST_STEP][PASSED] - ukuran1 = data.get("Ukuran"): null

2023-10-05 14:09:03 - [TEST_STEP][PASSED] - assert warnaa == warna1: null

2023-10-05 14:09:03 - [TEST_STEP][PASSED] - assert ukurann == ukuran1: null

2023-10-05 14:09:03 - [TEST_STEP][PASSED] - NamaCheckout = getText(findTestObject("verifikasi/NamaCheckout")): Text of object 'Object Repository/verifikasi/NamaCheckout' is: ''

2023-10-05 14:09:04 - [MESSAGE][PASSED] - Text of object 'Object Repository/verifikasi/NamaCheckout' is: ''

2023-10-05 14:09:04 - [TEST_STEP][PASSED] - HargaCheckout = getText(findTestObject("verifikasi/HargaCheckout")): Text of object 'Object Repository/verifikasi/HargaCheckout' is: '1,299'

2023-10-05 14:09:04 - [MESSAGE][PASSED] - Text of object 'Object Repository/verifikasi/HargaCheckout' is: '1,299'

2023-10-05 14:09:04 - [TEST_STEP][PASSED] - name_product = data.get("nama_barang"): null

2023-10-05 14:09:04 - [TEST_STEP][PASSED] - price_product = data.get("price_barang"): null

2023-10-05 14:09:04 - [TEST_STEP][PASSED] - assert name_product.contains(NamaCheckout): null

2023-10-05 14:09:04 - [TEST_STEP][PASSED] - assert price_product.contains(HargaCheckout): null

2023-10-05 14:09:04 - [TEST_STEP][PASSED] - selectOptionByLabel(findTestObject("checkout/select - Kirim via Kurir Lokal"), Kurir, false): All options with label 'Roda 2' are selected in object 'Object Repository/checkout/select - Kirim via Kurir Lokal' 

2023-10-05 14:09:05 - [MESSAGE][PASSED] - All options with label 'Roda 2' are selected in object 'Object Repository/checkout/select - Kirim via Kurir Lokal' 

2023-10-05 14:09:05 - [TEST_STEP][PASSED] - click(findTestObject("checkout/Kendaraan Kurir")): Object: 'Object Repository/checkout/Kendaraan Kurir' is clicked on

2023-10-05 14:09:06 - [MESSAGE][PASSED] - Object: 'Object Repository/checkout/Kendaraan Kurir' is clicked on

2023-10-05 14:09:06 - [TEST_STEP][PASSED] - OngkosKirim = getText(findTestObject("Object Repository/verifikasi/Ongkos Kirim checkout")): Text of object 'Object Repository/verifikasi/Ongkos Kirim checkout' is: 'Rp. 5,000'

2023-10-05 14:09:06 - [MESSAGE][PASSED] - Text of object 'Object Repository/verifikasi/Ongkos Kirim checkout' is: 'Rp. 5,000'

2023-10-05 14:09:06 - [TEST_STEP][PASSED] - Ongkos = OngkosKirim.substring(3, OngkosKirim.size()): null

2023-10-05 14:09:06 - [TEST_STEP][PASSED] - rep = Ongkos.replace(",", "."): null

2023-10-05 14:09:06 - [TEST_STEP][PASSED] - Ongkos_kirim = Double.parseDouble(rep): null

2023-10-05 14:09:06 - [TEST_STEP][PASSED] - println(Ongkos_kirim): null

2023-10-05 14:09:06 - [TEST_STEP][PASSED] - FeeAdmin = getText(findTestObject("verifikasi/Fee Admin checkout")): Text of object 'Object Repository/verifikasi/Fee Admin checkout' is: 'Fee Admin
Rp 1,500'

2023-10-05 14:09:07 - [MESSAGE][PASSED] - Text of object 'Object Repository/verifikasi/Fee Admin checkout' is: 'Fee Admin
Rp 1,500'

2023-10-05 14:09:07 - [TEST_STEP][PASSED] - Fee_Admin = FeeAdmin.substring(12, FeeAdmin.size()): null

2023-10-05 14:09:07 - [TEST_STEP][PASSED] - fee = Fee_Admin.replace(",", "."): null

2023-10-05 14:09:07 - [TEST_STEP][PASSED] - fee_admin = Double.parseDouble(fee): null

2023-10-05 14:09:07 - [TEST_STEP][PASSED] - println(fee_admin): null

2023-10-05 14:09:07 - [TEST_STEP][PASSED] - Subtotal = getText(findTestObject("verifikasi/subtotal checkout")): Text of object 'Object Repository/verifikasi/subtotal checkout' is: 'Subtotal
Rp 1,299'

2023-10-05 14:09:07 - [MESSAGE][PASSED] - Text of object 'Object Repository/verifikasi/subtotal checkout' is: 'Subtotal
Rp 1,299'

2023-10-05 14:09:07 - [TEST_STEP][PASSED] - sub_total = Subtotal.substring(12, Subtotal.size()): null

2023-10-05 14:09:07 - [TEST_STEP][PASSED] - sub = sub_total.replace(",", "."): null

2023-10-05 14:09:07 - [TEST_STEP][PASSED] - sub_total = Double.parseDouble(sub): null

2023-10-05 14:09:07 - [TEST_STEP][PASSED] - println(sub_total): null

2023-10-05 14:09:07 - [TEST_STEP][PASSED] - Total = getText(findTestObject("verifikasi/Total checkout")): Text of object 'Object Repository/verifikasi/Total checkout' is: 'Rp 7,799'

2023-10-05 14:09:07 - [MESSAGE][PASSED] - Text of object 'Object Repository/verifikasi/Total checkout' is: 'Rp 7,799'

2023-10-05 14:09:07 - [TEST_STEP][PASSED] - totall = Total.substring(3, Total.size()): null

2023-10-05 14:09:07 - [TEST_STEP][PASSED] - total = totall.replace(",", "."): null

2023-10-05 14:09:07 - [TEST_STEP][PASSED] - totall = Double.parseDouble(total): null

2023-10-05 14:09:07 - [TEST_STEP][PASSED] - println(totall): null

2023-10-05 14:09:07 - [TEST_STEP][PASSED] - Total_Harga = Ongkos_kirim + fee_admin + sub_total: null

2023-10-05 14:09:07 - [TEST_STEP][PASSED] - println(Total_Harga): null

2023-10-05 14:09:07 - [TEST_STEP][PASSED] - TotalHarga = Math.round(Total_Harga * 1000) / 1000: null

2023-10-05 14:09:07 - [TEST_STEP][PASSED] - println(TotalHarga): null

2023-10-05 14:09:07 - [TEST_STEP][PASSED] - assert totall == TotalHarga: null

2023-10-05 14:09:07 - [TEST_STEP][PASSED] - click(findTestObject("verifikasi/Metode Transfer")): Object: 'Object Repository/verifikasi/Metode Transfer' is clicked on

2023-10-05 14:09:08 - [MESSAGE][PASSED] - Object: 'Object Repository/verifikasi/Metode Transfer' is clicked on

2023-10-05 14:09:08 - [TEST_STEP][PASSED] - click(findTestObject("checkout/button_Proses Pembayaran")): Object: 'Object Repository/checkout/button_Proses Pembayaran' is clicked on

2023-10-05 14:09:17 - [MESSAGE][PASSED] - Object: 'Object Repository/checkout/button_Proses Pembayaran' is clicked on

2023-10-05 14:09:17 - [TEST_STEP][PASSED] - verifyElementPresent(findTestObject("pembayaran/Tittle nomor invoice"), 0): Object 'Object Repository/pembayaran/Tittle nomor invoice' is present

2023-10-05 14:09:17 - [MESSAGE][WARNING] - Timeout '0' is invalid. Using default page load timeout: '30'

2023-10-05 14:09:17 - [MESSAGE][PASSED] - Object 'Object Repository/pembayaran/Tittle nomor invoice' is present

2023-10-05 14:09:17 - [TEST_STEP][PASSED] - return data: null

2023-10-05 14:09:17 - [MESSAGE][PASSED] - Call Test Case 'Test Cases/T13 Pembelian, Shipment dan Pembayaran/PBL-004' successfully

2023-10-05 14:09:17 - [TEST_STEP][PASSED] - Invoice = getText(findTestObject("pembayaran/nomor invoice")): Text of object 'Object Repository/pembayaran/nomor invoice' is: 'TRX60.20231005140912'

2023-10-05 14:09:18 - [MESSAGE][PASSED] - Text of object 'Object Repository/pembayaran/nomor invoice' is: 'TRX60.20231005140912'

2023-10-05 14:09:18 - [TEST_STEP][PASSED] - data.put("invoice", Invoice): null

2023-10-05 14:09:18 - [TEST_STEP][PASSED] - NamaPemesan = getText(findTestObject("Konfirmasi pesanan shop/Nama pemesan")): Text of object 'Object Repository/Konfirmasi pesanan shop/Nama pemesan' is: 'irfan.afandi'

2023-10-05 14:09:19 - [MESSAGE][PASSED] - Text of object 'Object Repository/Konfirmasi pesanan shop/Nama pemesan' is: 'irfan.afandi'

2023-10-05 14:09:19 - [TEST_STEP][PASSED] - Nama = getText(findTestObject("pembayaran/Nama barang")): Text of object 'Object Repository/pembayaran/Nama barang' is: 'Segitiga Instan Madeira - MDB5.3 Sunset'

2023-10-05 14:09:19 - [MESSAGE][PASSED] - Text of object 'Object Repository/pembayaran/Nama barang' is: 'Segitiga Instan Madeira - MDB5.3 Sunset'

2023-10-05 14:09:19 - [TEST_STEP][PASSED] - Harga = getText(findTestObject("pembayaran/Harga barang")): Text of object 'Object Repository/pembayaran/Harga barang' is: '1,299'

2023-10-05 14:09:20 - [MESSAGE][PASSED] - Text of object 'Object Repository/pembayaran/Harga barang' is: '1,299'

2023-10-05 14:09:20 - [TEST_STEP][PASSED] - name_product = data.get("nama_barang"): null

2023-10-05 14:09:20 - [TEST_STEP][PASSED] - price_product = data.get("price_barang"): null

2023-10-05 14:09:20 - [TEST_STEP][PASSED] - assert name_product.contains(Nama): null

2023-10-05 14:09:20 - [TEST_STEP][PASSED] - assert price_product.contains(Harga): null

2023-10-05 14:09:20 - [TEST_STEP][PASSED] - warnaa = getText(findTestObject("pembayaran/warna")): Text of object 'Object Repository/pembayaran/warna' is: 'Merah'

2023-10-05 14:09:20 - [MESSAGE][PASSED] - Text of object 'Object Repository/pembayaran/warna' is: 'Merah'

2023-10-05 14:09:20 - [TEST_STEP][PASSED] - ukurann = getText(findTestObject("pembayaran/ukuran")): Text of object 'Object Repository/pembayaran/ukuran' is: 'Menengah'

2023-10-05 14:09:21 - [MESSAGE][PASSED] - Text of object 'Object Repository/pembayaran/ukuran' is: 'Menengah'

2023-10-05 14:09:21 - [TEST_STEP][PASSED] - warna1 = data.get("Warna"): null

2023-10-05 14:09:21 - [TEST_STEP][PASSED] - ukuran1 = data.get("Ukuran"): null

2023-10-05 14:09:21 - [TEST_STEP][PASSED] - assert warnaa == warna1: null

2023-10-05 14:09:21 - [TEST_STEP][PASSED] - assert ukurann == ukuran1: null

2023-10-05 14:09:21 - [TEST_STEP][PASSED] - statusPembelian = getText(findTestObject("verifikasi/Status pending di pembelian")): Text of object 'Object Repository/verifikasi/Status pending di pembelian' is: 'Pending'

2023-10-05 14:09:21 - [MESSAGE][PASSED] - Text of object 'Object Repository/verifikasi/Status pending di pembelian' is: 'Pending'

2023-10-05 14:09:21 - [TEST_STEP][PASSED] - data.put("statusPem", statusPembelian): null

2023-10-05 14:09:21 - [TEST_STEP][PASSED] - OngkosKirim = getText(findTestObject("pembayaran/ongkos kirim")): Text of object 'Object Repository/pembayaran/ongkos kirim' is: 'Rp 5,000'

2023-10-05 14:09:22 - [MESSAGE][PASSED] - Text of object 'Object Repository/pembayaran/ongkos kirim' is: 'Rp 5,000'

2023-10-05 14:09:22 - [TEST_STEP][PASSED] - Ongkos = OngkosKirim.substring(3, OngkosKirim.size()): null

2023-10-05 14:09:22 - [TEST_STEP][PASSED] - rep = Ongkos.replace(",", ""): null

2023-10-05 14:09:22 - [TEST_STEP][PASSED] - Ongkos_kirimm = Integer.parseInt(rep): null

2023-10-05 14:09:22 - [TEST_STEP][PASSED] - println(Ongkos_kirimm): null

2023-10-05 14:09:22 - [TEST_STEP][PASSED] - FeeAdmin = getText(findTestObject("pembayaran/fee admin")): Text of object 'Object Repository/pembayaran/fee admin' is: 'Rp 1,500'

2023-10-05 14:09:22 - [MESSAGE][PASSED] - Text of object 'Object Repository/pembayaran/fee admin' is: 'Rp 1,500'

2023-10-05 14:09:22 - [TEST_STEP][PASSED] - Fee_Admin = FeeAdmin.substring(3, FeeAdmin.size()): null

2023-10-05 14:09:22 - [TEST_STEP][PASSED] - fee = Fee_Admin.replace(",", ""): null

2023-10-05 14:09:22 - [TEST_STEP][PASSED] - fee_adminn = Integer.parseInt(fee): null

2023-10-05 14:09:22 - [TEST_STEP][PASSED] - println(fee_adminn): null

2023-10-05 14:09:22 - [TEST_STEP][PASSED] - Subtotal = getText(findTestObject("pembayaran/subtotal")): Text of object 'Object Repository/pembayaran/subtotal' is: 'Rp 1,299'

2023-10-05 14:09:23 - [MESSAGE][PASSED] - Text of object 'Object Repository/pembayaran/subtotal' is: 'Rp 1,299'

2023-10-05 14:09:23 - [TEST_STEP][PASSED] - sub_total = Subtotal.substring(3, Subtotal.size()): null

2023-10-05 14:09:23 - [TEST_STEP][PASSED] - sub = sub_total.replace(",", ""): null

2023-10-05 14:09:23 - [TEST_STEP][PASSED] - sub_totall = Integer.parseInt(sub): null

2023-10-05 14:09:23 - [TEST_STEP][PASSED] - println(sub_totall): null

2023-10-05 14:09:23 - [TEST_STEP][PASSED] - unik = getText(findTestObject("pembayaran/kode unik")): Text of object 'Object Repository/pembayaran/kode unik' is: '+912'

2023-10-05 14:09:23 - [MESSAGE][PASSED] - Text of object 'Object Repository/pembayaran/kode unik' is: '+912'

2023-10-05 14:09:23 - [TEST_STEP][PASSED] - unikk = unik.replace("+", ""): null

2023-10-05 14:09:23 - [TEST_STEP][PASSED] - kode_unik = Integer.parseInt(unikk): null

2023-10-05 14:09:23 - [TEST_STEP][PASSED] - println(kode_unik): null

2023-10-05 14:09:23 - [TEST_STEP][PASSED] - Total = getText(findTestObject("pembayaran/total")): Text of object 'Object Repository/pembayaran/total' is: '8,711'

2023-10-05 14:09:24 - [MESSAGE][PASSED] - Text of object 'Object Repository/pembayaran/total' is: '8,711'

2023-10-05 14:09:24 - [TEST_STEP][PASSED] - total = Total.replace(",", ""): null

2023-10-05 14:09:24 - [TEST_STEP][PASSED] - totalll = Integer.parseInt(total): null

2023-10-05 14:09:24 - [TEST_STEP][PASSED] - println(totalll): null

2023-10-05 14:09:24 - [TEST_STEP][PASSED] - Total_Hargaa = Ongkos_kirimm + fee_adminn + sub_totall + kode_unik: null

2023-10-05 14:09:24 - [TEST_STEP][PASSED] - println(Total_Hargaa): null

2023-10-05 14:09:24 - [TEST_STEP][PASSED] - assert totalll == Total_Hargaa: null

2023-10-05 14:09:24 - [TEST_STEP][PASSED] - data.put("total", Total): null

2023-10-05 14:09:24 - [TEST_STEP][PASSED] - data.put("nama", NamaPemesan): null

2023-10-05 14:09:24 - [TEST_STEP][PASSED] - return data: null

2023-10-05 14:09:24 - [MESSAGE][PASSED] - Call Test Case 'Test Cases/T13 Pembelian, Shipment dan Pembayaran/PBY-001' successfully

2023-10-05 14:09:24 - [TEST_STEP][PASSED] - click(findTestObject("Konfirmasi pesanan shop/Menu Shop")): Object: 'Object Repository/Konfirmasi pesanan shop/Menu Shop' is clicked on

2023-10-05 14:09:25 - [MESSAGE][PASSED] - Object: 'Object Repository/Konfirmasi pesanan shop/Menu Shop' is clicked on

2023-10-05 14:09:25 - [TEST_STEP][PASSED] - click(findTestObject("Konfirmasi pesanan shop/Menu Shop")): Object: 'Object Repository/Konfirmasi pesanan shop/Menu Shop' is clicked on

2023-10-05 14:09:26 - [MESSAGE][PASSED] - Object: 'Object Repository/Konfirmasi pesanan shop/Menu Shop' is clicked on

2023-10-05 14:09:26 - [TEST_STEP][PASSED] - click(findTestObject("verifikasi/Orders Report")): Object: 'Object Repository/verifikasi/Orders Report' is clicked on

2023-10-05 14:09:27 - [MESSAGE][PASSED] - Object: 'Object Repository/verifikasi/Orders Report' is clicked on

2023-10-05 14:09:27 - [TEST_STEP][PASSED] - verifyElementPresent(findTestObject("Login/li_Profile"), 0): Object 'Object Repository/Login/li_Profile' is present

2023-10-05 14:09:27 - [MESSAGE][WARNING] - Timeout '0' is invalid. Using default page load timeout: '30'

2023-10-05 14:09:28 - [MESSAGE][PASSED] - Object 'Object Repository/Login/li_Profile' is present

2023-10-05 14:09:28 - [TEST_STEP][PASSED] - click(findTestObject("verifikasi/Menunggu Pembayaran")): Object: 'Object Repository/verifikasi/Menunggu Pembayaran' is clicked on

2023-10-05 14:09:28 - [MESSAGE][PASSED] - Object: 'Object Repository/verifikasi/Menunggu Pembayaran' is clicked on

2023-10-05 14:09:28 - [TEST_STEP][PASSED] - verifyElementPresent(findTestObject("verifikasi/Notifikasi angka"), 1): Object 'Object Repository/verifikasi/Notifikasi angka' is present

2023-10-05 14:09:29 - [MESSAGE][PASSED] - Object 'Object Repository/verifikasi/Notifikasi angka' is present

2023-10-05 14:09:29 - [TEST_STEP][PASSED] - statusMenunggu = getText(findTestObject("verifikasi/Status Pending di menunggu pembayaran")): Text of object 'Object Repository/verifikasi/Status Pending di menunggu pembayaran' is: 'Pending'

2023-10-05 14:09:29 - [MESSAGE][PASSED] - Text of object 'Object Repository/verifikasi/Status Pending di menunggu pembayaran' is: 'Pending'

2023-10-05 14:09:29 - [TEST_STEP][PASSED] - statusPembayaran = data.get("statusPem"): null

2023-10-05 14:09:29 - [TEST_STEP][PASSED] - assert statusMenunggu == statusPembayaran: null

2023-10-05 14:09:29 - [TEST_STEP][PASSED] - return data: null]]></system-out>
         <system-err><![CDATA[]]></system-err>
      </testcase>
      <testcase name="Test Cases/T13 Pembelian, Shipment dan Pembayaran/SU-010" time="129.722" classname="Test Cases/T13 Pembelian, Shipment dan Pembayaran/SU-010" status="PASSED">
         <system-out><![CDATA[2023-10-05 14:09:29 - [TEST_CASE][PASSED] - Test Cases/T13 Pembelian, Shipment dan Pembayaran/SU-010: Test Cases/T13 Pembelian, Shipment dan Pembayaran/SU-010

2023-10-05 14:09:29 - [TEST_STEP][PASSED] - data = callTestCase(findTestCase("T13 Pembelian, Shipment dan Pembayaran/SA-003"), [:], STOP_ON_FAILURE): Call Test Case 'Test Cases/T13 Pembelian, Shipment dan Pembayaran/SA-003' successfully

2023-10-05 14:09:29 - [TEST_CASE][PASSED] - Test Cases/T13 Pembelian, Shipment dan Pembayaran/SA-003: Test Cases/T13 Pembelian, Shipment dan Pembayaran/SA-003

2023-10-05 14:09:29 - [TEST_STEP][PASSED] - data = callTestCase(findTestCase("T13 Pembelian, Shipment dan Pembayaran/SA-002"), [:], STOP_ON_FAILURE): Call Test Case 'Test Cases/T13 Pembelian, Shipment dan Pembayaran/SA-002' successfully

2023-10-05 14:09:29 - [TEST_CASE][PASSED] - Test Cases/T13 Pembelian, Shipment dan Pembayaran/SA-002: Test Cases/T13 Pembelian, Shipment dan Pembayaran/SA-002

2023-10-05 14:09:29 - [TEST_STEP][PASSED] - data = callTestCase(findTestCase("T13 Pembelian, Shipment dan Pembayaran/SA-001"), [:], STOP_ON_FAILURE): Call Test Case 'Test Cases/T13 Pembelian, Shipment dan Pembayaran/SA-001' successfully

2023-10-05 14:09:30 - [TEST_CASE][PASSED] - Test Cases/T13 Pembelian, Shipment dan Pembayaran/SA-001: Test Cases/T13 Pembelian, Shipment dan Pembayaran/SA-001

2023-10-05 14:09:30 - [TEST_STEP][PASSED] - data = callTestCase(findTestCase("T13 Pembelian, Shipment dan Pembayaran/PBYA-001"), [:], STOP_ON_FAILURE): Call Test Case 'Test Cases/T13 Pembelian, Shipment dan Pembayaran/PBYA-001' successfully

2023-10-05 14:09:30 - [TEST_CASE][PASSED] - Test Cases/T13 Pembelian, Shipment dan Pembayaran/PBYA-001: Test Cases/T13 Pembelian, Shipment dan Pembayaran/PBYA-001

2023-10-05 14:09:30 - [TEST_STEP][PASSED] - data = callTestCase(findTestCase("T13 Pembelian, Shipment dan Pembayaran/PBY-004"), [:], STOP_ON_FAILURE): Call Test Case 'Test Cases/T13 Pembelian, Shipment dan Pembayaran/PBY-004' successfully

2023-10-05 14:09:30 - [TEST_CASE][PASSED] - Test Cases/T13 Pembelian, Shipment dan Pembayaran/PBY-004: Test Cases/T13 Pembelian, Shipment dan Pembayaran/PBY-004

2023-10-05 14:09:30 - [TEST_STEP][PASSED] - data = callTestCase(findTestCase("T13 Pembelian, Shipment dan Pembayaran/PBY-001"), [:], STOP_ON_FAILURE): Call Test Case 'Test Cases/T13 Pembelian, Shipment dan Pembayaran/PBY-001' successfully

2023-10-05 14:09:30 - [TEST_CASE][PASSED] - Test Cases/T13 Pembelian, Shipment dan Pembayaran/PBY-001: Test Cases/T13 Pembelian, Shipment dan Pembayaran/PBY-001

2023-10-05 14:09:30 - [TEST_STEP][PASSED] - data = callTestCase(findTestCase("T13 Pembelian, Shipment dan Pembayaran/PBL-004"), ["Kurir":"Roda 2"], STOP_ON_FAILURE): Call Test Case 'Test Cases/T13 Pembelian, Shipment dan Pembayaran/PBL-004' successfully

2023-10-05 14:09:30 - [TEST_CASE][PASSED] - Test Cases/T13 Pembelian, Shipment dan Pembayaran/PBL-004: Test Cases/T13 Pembelian, Shipment dan Pembayaran/PBL-004

2023-10-05 14:09:30 - [TEST_STEP][PASSED] - data = callTestCase(findTestCase("T13 Pembelian, Shipment dan Pembayaran/PBL-002"), [:], STOP_ON_FAILURE): Call Test Case 'Test Cases/T13 Pembelian, Shipment dan Pembayaran/PBL-002' successfully

2023-10-05 14:09:30 - [TEST_CASE][PASSED] - Test Cases/T13 Pembelian, Shipment dan Pembayaran/PBL-002: Test Cases/T13 Pembelian, Shipment dan Pembayaran/PBL-002

2023-10-05 14:09:30 - [TEST_STEP][PASSED] - data = callTestCase(findTestCase("T13 Pembelian, Shipment dan Pembayaran/PBL-001"), [:], STOP_ON_FAILURE): Call Test Case 'Test Cases/T13 Pembelian, Shipment dan Pembayaran/PBL-001' successfully

2023-10-05 14:09:30 - [TEST_CASE][PASSED] - Test Cases/T13 Pembelian, Shipment dan Pembayaran/PBL-001: Test Cases/T13 Pembelian, Shipment dan Pembayaran/PBL-001

2023-10-05 14:09:30 - [TEST_STEP][PASSED] - callTestCase(findTestCase("T13 Pembelian, Shipment dan Pembayaran/LU-001"), ["username":"irfanafandi", "password":"12345irfan"], STOP_ON_FAILURE): Call Test Case 'Test Cases/T13 Pembelian, Shipment dan Pembayaran/LU-001' successfully

2023-10-05 14:09:30 - [TEST_CASE][PASSED] - Test Cases/T13 Pembelian, Shipment dan Pembayaran/LU-001: Test Cases/T13 Pembelian, Shipment dan Pembayaran/LU-001

2023-10-05 14:09:30 - [TEST_STEP][PASSED] - openBrowser("https://10.9.2.63/ecommerce/"): Browser is opened with url: 'https://10.9.2.63/ecommerce/'

2023-10-05 14:09:30 - [MESSAGE][WARNING] - A browser is already opened. Closing browser and opening a new one

2023-10-05 14:09:31 - [MESSAGE][INFO] - Starting 'Edge Chromium' driver

2023-10-05 14:09:31 - [MESSAGE][INFO] - User set preference: ['acceptInsecureCerts', 'true']

2023-10-05 14:09:33 - [MESSAGE][INFO] - Action delay is set to 0 milliseconds

2023-10-05 14:09:37 - [MESSAGE][PASSED] - Browser is opened with url: 'https://10.9.2.63/ecommerce/'

2023-10-05 14:09:37 - [TEST_STEP][PASSED] - maximizeWindow(): Current window maximized

2023-10-05 14:09:37 - [MESSAGE][PASSED] - Current window maximized

2023-10-05 14:09:37 - [TEST_STEP][PASSED] - verifyElementPresent(findTestObject("Login/Home"), 0): Object 'Object Repository/Login/Home' is present

2023-10-05 14:09:37 - [MESSAGE][WARNING] - Timeout '0' is invalid. Using default page load timeout: '30'

2023-10-05 14:09:38 - [MESSAGE][PASSED] - Object 'Object Repository/Login/Home' is present

2023-10-05 14:09:38 - [TEST_STEP][PASSED] - click(findTestObject("Login/a_Login")): Object: 'Object Repository/Login/a_Login' is clicked on

2023-10-05 14:09:38 - [MESSAGE][PASSED] - Object: 'Object Repository/Login/a_Login' is clicked on

2023-10-05 14:09:38 - [TEST_STEP][PASSED] - verifyElementPresent(findTestObject("Login/Tittle Login"), 0): Object 'Object Repository/Login/Tittle Login' is present

2023-10-05 14:09:39 - [MESSAGE][WARNING] - Timeout '0' is invalid. Using default page load timeout: '30'

2023-10-05 14:09:39 - [MESSAGE][PASSED] - Object 'Object Repository/Login/Tittle Login' is present

2023-10-05 14:09:39 - [TEST_STEP][PASSED] - setText(findTestObject("Login/input_Username, Email atau No. Handphone_a"), username): Text 'irfanafandi' is set on object 'Object Repository/Login/input_Username, Email atau No. Handphone_a'

2023-10-05 14:09:40 - [MESSAGE][PASSED] - Text 'irfanafandi' is set on object 'Object Repository/Login/input_Username, Email atau No. Handphone_a'

2023-10-05 14:09:40 - [TEST_STEP][PASSED] - setText(findTestObject("Login/input_Password_b"), password): Text '12345irfan' is set on object 'Object Repository/Login/input_Password_b'

2023-10-05 14:09:41 - [MESSAGE][PASSED] - Text '12345irfan' is set on object 'Object Repository/Login/input_Password_b'

2023-10-05 14:09:41 - [TEST_STEP][PASSED] - click(findTestObject("Login/label_Ingat saya")): Object: 'Object Repository/Login/label_Ingat saya' is clicked on

2023-10-05 14:09:41 - [MESSAGE][PASSED] - Object: 'Object Repository/Login/label_Ingat saya' is clicked on

2023-10-05 14:09:41 - [TEST_STEP][PASSED] - click(findTestObject("Login/button_Masuk")): Object: 'Object Repository/Login/button_Masuk' is clicked on

2023-10-05 14:09:43 - [MESSAGE][PASSED] - Object: 'Object Repository/Login/button_Masuk' is clicked on

2023-10-05 14:09:43 - [TEST_STEP][PASSED] - verifyElementPresent(findTestObject("Login/li_Profile"), 0): Object 'Object Repository/Login/li_Profile' is present

2023-10-05 14:09:43 - [MESSAGE][WARNING] - Timeout '0' is invalid. Using default page load timeout: '30'

2023-10-05 14:09:44 - [MESSAGE][PASSED] - Object 'Object Repository/Login/li_Profile' is present

2023-10-05 14:09:44 - [MESSAGE][PASSED] - Call Test Case 'Test Cases/T13 Pembelian, Shipment dan Pembayaran/LU-001' successfully

2023-10-05 14:09:44 - [TEST_STEP][PASSED] - mouseOver(findTestObject("beli barang/i_Mulai Belanja_icon-menu")): Object: 'Object Repository/beli barang/i_Mulai Belanja_icon-menu' is hovered

2023-10-05 14:09:44 - [MESSAGE][PASSED] - Object: 'Object Repository/beli barang/i_Mulai Belanja_icon-menu' is hovered

2023-10-05 14:09:44 - [TEST_STEP][PASSED] - click(findTestObject("beli barang/a_Fashion  Busana Wanita")): Object: 'Object Repository/beli barang/a_Fashion  Busana Wanita' is clicked on

2023-10-05 14:09:46 - [MESSAGE][PASSED] - Object: 'Object Repository/beli barang/a_Fashion  Busana Wanita' is clicked on

2023-10-05 14:09:46 - [TEST_STEP][PASSED] - NamaSebelum = getText(findTestObject("verifikasi/Nama sebelum")): Text of object 'Object Repository/verifikasi/Nama sebelum' is: ''

2023-10-05 14:09:46 - [MESSAGE][PASSED] - Text of object 'Object Repository/verifikasi/Nama sebelum' is: ''

2023-10-05 14:09:46 - [TEST_STEP][PASSED] - HargaSebelum = getText(findTestObject("verifikasi/Harga sebelum")): Text of object 'Object Repository/verifikasi/Harga sebelum' is: 'Rp 1,299'

2023-10-05 14:09:47 - [MESSAGE][PASSED] - Text of object 'Object Repository/verifikasi/Harga sebelum' is: 'Rp 1,299'

2023-10-05 14:09:47 - [TEST_STEP][PASSED] - mouseOver(findTestObject("beli barang/barang mouse over")): Object: 'Object Repository/beli barang/barang mouse over' is hovered

2023-10-05 14:09:47 - [MESSAGE][PASSED] - Object: 'Object Repository/beli barang/barang mouse over' is hovered

2023-10-05 14:09:47 - [TEST_STEP][PASSED] - click(findTestObject("beli barang/buttom add to cart")): Object: 'Object Repository/beli barang/buttom add to cart' is clicked on

2023-10-05 14:09:49 - [MESSAGE][PASSED] - Object: 'Object Repository/beli barang/buttom add to cart' is clicked on

2023-10-05 14:09:49 - [TEST_STEP][PASSED] - NamaSesudah = getText(findTestObject("verifikasi/Nama sesudah")): Text of object 'Object Repository/verifikasi/Nama sesudah' is: 'Segitiga Instan Madeira - MDB5.3 Sunset'

2023-10-05 14:09:49 - [MESSAGE][PASSED] - Text of object 'Object Repository/verifikasi/Nama sesudah' is: 'Segitiga Instan Madeira - MDB5.3 Sunset'

2023-10-05 14:09:49 - [TEST_STEP][PASSED] - HargaSesudah = getText(findTestObject("verifikasi/Harga sesudah")): Text of object 'Object Repository/verifikasi/Harga sesudah' is: 'Rp 1,299'

2023-10-05 14:09:50 - [MESSAGE][PASSED] - Text of object 'Object Repository/verifikasi/Harga sesudah' is: 'Rp 1,299'

2023-10-05 14:09:50 - [TEST_STEP][PASSED] - assert NamaSesudah.contains(NamaSebelum): null

2023-10-05 14:09:50 - [TEST_STEP][PASSED] - assert HargaSesudah.contains(HargaSebelum): null

2023-10-05 14:09:50 - [TEST_STEP][PASSED] - click(findTestObject("beli barang/Tambah Keranjang busana wanita")): Object: 'Object Repository/beli barang/Tambah Keranjang busana wanita' is clicked on

2023-10-05 14:09:50 - [MESSAGE][PASSED] - Object: 'Object Repository/beli barang/Tambah Keranjang busana wanita' is clicked on

2023-10-05 14:09:50 - [TEST_STEP][PASSED] - verifyElementPresent(findTestObject("checkout/Notifikasi keranjang"), 1): Object 'Object Repository/checkout/Notifikasi keranjang' is present

2023-10-05 14:09:51 - [MESSAGE][PASSED] - Object 'Object Repository/checkout/Notifikasi keranjang' is present

2023-10-05 14:09:51 - [TEST_STEP][PASSED] - data = new java.util.HashMap(): null

2023-10-05 14:09:51 - [TEST_STEP][PASSED] - data.put("nama_barang", NamaSesudah): null

2023-10-05 14:09:51 - [TEST_STEP][PASSED] - data.put("price_barang", HargaSesudah): null

2023-10-05 14:09:51 - [TEST_STEP][PASSED] - return data: null

2023-10-05 14:09:51 - [MESSAGE][PASSED] - Call Test Case 'Test Cases/T13 Pembelian, Shipment dan Pembayaran/PBL-001' successfully

2023-10-05 14:09:51 - [TEST_STEP][PASSED] - mouseOver(findTestObject("beli barang/keranjang")): Object: 'Object Repository/beli barang/keranjang' is hovered

2023-10-05 14:09:52 - [MESSAGE][PASSED] - Object: 'Object Repository/beli barang/keranjang' is hovered

2023-10-05 14:09:52 - [TEST_STEP][PASSED] - click(findTestObject("beli barang/Lihat Sekarang")): Object: 'Object Repository/beli barang/Lihat Sekarang' is clicked on

2023-10-05 14:09:53 - [MESSAGE][PASSED] - Object: 'Object Repository/beli barang/Lihat Sekarang' is clicked on

2023-10-05 14:09:53 - [TEST_STEP][PASSED] - verifyElementPresent(findTestObject("keranjang/li_Keranjang Belanja"), 0): Object 'Object Repository/keranjang/li_Keranjang Belanja' is present

2023-10-05 14:09:53 - [MESSAGE][WARNING] - Timeout '0' is invalid. Using default page load timeout: '30'

2023-10-05 14:09:54 - [MESSAGE][PASSED] - Object 'Object Repository/keranjang/li_Keranjang Belanja' is present

2023-10-05 14:09:54 - [TEST_STEP][PASSED] - NamaKeranjang = getText(findTestObject("verifikasi/Nama keranjang")): Text of object 'Object Repository/verifikasi/Nama keranjang' is: 'Segitiga Instan Madeira - MDB5.3 Sunset'

2023-10-05 14:09:55 - [MESSAGE][PASSED] - Text of object 'Object Repository/verifikasi/Nama keranjang' is: 'Segitiga Instan Madeira - MDB5.3 Sunset'

2023-10-05 14:09:55 - [TEST_STEP][PASSED] - HargaKeranjang = getText(findTestObject("verifikasi/Harga Keranjang")): Text of object 'Object Repository/verifikasi/Harga Keranjang' is: 'Rp 1,299'

2023-10-05 14:09:55 - [MESSAGE][PASSED] - Text of object 'Object Repository/verifikasi/Harga Keranjang' is: 'Rp 1,299'

2023-10-05 14:09:55 - [TEST_STEP][PASSED] - if (toString().equalsIgnoreCase("Merah")): Object 'Object Repository/keranjang/input_Warna_variasi101' is checked

2023-10-05 14:09:55 - [TEST_STEP][PASSED] - check(findTestObject("Object Repository/keranjang/input_Warna_variasi101")): Object 'Object Repository/keranjang/input_Warna_variasi101' is checked

2023-10-05 14:09:55 - [MESSAGE][PASSED] - Object 'Object Repository/keranjang/input_Warna_variasi101' is checked

2023-10-05 14:09:55 - [TEST_STEP][PASSED] - if (toString().equalsIgnoreCase("Menengah")): Object 'Object Repository/keranjang/input_Ukuran_variasi201' is checked

2023-10-05 14:09:55 - [TEST_STEP][PASSED] - check(findTestObject("Object Repository/keranjang/input_Ukuran_variasi201")): Object 'Object Repository/keranjang/input_Ukuran_variasi201' is checked

2023-10-05 14:09:56 - [MESSAGE][PASSED] - Object 'Object Repository/keranjang/input_Ukuran_variasi201' is checked

2023-10-05 14:09:56 - [TEST_STEP][PASSED] - data.put("Warna", warna): null

2023-10-05 14:09:56 - [TEST_STEP][PASSED] - data.put("Ukuran", ukuran): null

2023-10-05 14:09:56 - [TEST_STEP][PASSED] - click(findTestObject("keranjang/button_Lanjut ke Pembayaran")): Object: 'Object Repository/keranjang/button_Lanjut ke Pembayaran' is clicked on

2023-10-05 14:09:57 - [MESSAGE][PASSED] - Object: 'Object Repository/keranjang/button_Lanjut ke Pembayaran' is clicked on

2023-10-05 14:09:57 - [TEST_STEP][PASSED] - verifyElementPresent(findTestObject("checkout/Tittle Checkout Order"), 0): Object 'Object Repository/checkout/Tittle Checkout Order' is present

2023-10-05 14:09:57 - [MESSAGE][WARNING] - Timeout '0' is invalid. Using default page load timeout: '30'

2023-10-05 14:09:58 - [MESSAGE][PASSED] - Object 'Object Repository/checkout/Tittle Checkout Order' is present

2023-10-05 14:09:58 - [TEST_STEP][PASSED] - name_product = data.get("nama_barang"): null

2023-10-05 14:09:58 - [TEST_STEP][PASSED] - price_product = data.get("price_barang"): null

2023-10-05 14:09:58 - [TEST_STEP][PASSED] - assert name_product == NamaKeranjang: null

2023-10-05 14:09:58 - [TEST_STEP][PASSED] - assert price_product == HargaKeranjang: null

2023-10-05 14:09:58 - [TEST_STEP][PASSED] - return data: null

2023-10-05 14:09:58 - [MESSAGE][PASSED] - Call Test Case 'Test Cases/T13 Pembelian, Shipment dan Pembayaran/PBL-002' successfully

2023-10-05 14:09:58 - [TEST_STEP][PASSED] - warnaa = getText(findTestObject("verifikasi/warna Merah")): Text of object 'Object Repository/verifikasi/warna Merah' is: 'Merah'

2023-10-05 14:09:59 - [MESSAGE][PASSED] - Text of object 'Object Repository/verifikasi/warna Merah' is: 'Merah'

2023-10-05 14:09:59 - [TEST_STEP][PASSED] - ukurann = getText(findTestObject("verifikasi/Ukuran Menengah")): Text of object 'Object Repository/verifikasi/Ukuran Menengah' is: 'Menengah'

2023-10-05 14:09:59 - [MESSAGE][PASSED] - Text of object 'Object Repository/verifikasi/Ukuran Menengah' is: 'Menengah'

2023-10-05 14:09:59 - [TEST_STEP][PASSED] - warna1 = data.get("Warna"): null

2023-10-05 14:09:59 - [TEST_STEP][PASSED] - ukuran1 = data.get("Ukuran"): null

2023-10-05 14:09:59 - [TEST_STEP][PASSED] - assert warnaa == warna1: null

2023-10-05 14:09:59 - [TEST_STEP][PASSED] - assert ukurann == ukuran1: null

2023-10-05 14:09:59 - [TEST_STEP][PASSED] - NamaCheckout = getText(findTestObject("verifikasi/NamaCheckout")): Text of object 'Object Repository/verifikasi/NamaCheckout' is: ''

2023-10-05 14:09:59 - [MESSAGE][PASSED] - Text of object 'Object Repository/verifikasi/NamaCheckout' is: ''

2023-10-05 14:09:59 - [TEST_STEP][PASSED] - HargaCheckout = getText(findTestObject("verifikasi/HargaCheckout")): Text of object 'Object Repository/verifikasi/HargaCheckout' is: '1,299'

2023-10-05 14:10:00 - [MESSAGE][PASSED] - Text of object 'Object Repository/verifikasi/HargaCheckout' is: '1,299'

2023-10-05 14:10:00 - [TEST_STEP][PASSED] - name_product = data.get("nama_barang"): null

2023-10-05 14:10:00 - [TEST_STEP][PASSED] - price_product = data.get("price_barang"): null

2023-10-05 14:10:00 - [TEST_STEP][PASSED] - assert name_product.contains(NamaCheckout): null

2023-10-05 14:10:00 - [TEST_STEP][PASSED] - assert price_product.contains(HargaCheckout): null

2023-10-05 14:10:00 - [TEST_STEP][PASSED] - selectOptionByLabel(findTestObject("checkout/select - Kirim via Kurir Lokal"), Kurir, false): All options with label 'Roda 2' are selected in object 'Object Repository/checkout/select - Kirim via Kurir Lokal' 

2023-10-05 14:10:00 - [MESSAGE][PASSED] - All options with label 'Roda 2' are selected in object 'Object Repository/checkout/select - Kirim via Kurir Lokal' 

2023-10-05 14:10:00 - [TEST_STEP][PASSED] - click(findTestObject("checkout/Kendaraan Kurir")): Object: 'Object Repository/checkout/Kendaraan Kurir' is clicked on

2023-10-05 14:10:01 - [MESSAGE][PASSED] - Object: 'Object Repository/checkout/Kendaraan Kurir' is clicked on

2023-10-05 14:10:01 - [TEST_STEP][PASSED] - OngkosKirim = getText(findTestObject("Object Repository/verifikasi/Ongkos Kirim checkout")): Text of object 'Object Repository/verifikasi/Ongkos Kirim checkout' is: 'Rp. 5,000'

2023-10-05 14:10:02 - [MESSAGE][PASSED] - Text of object 'Object Repository/verifikasi/Ongkos Kirim checkout' is: 'Rp. 5,000'

2023-10-05 14:10:02 - [TEST_STEP][PASSED] - Ongkos = OngkosKirim.substring(3, OngkosKirim.size()): null

2023-10-05 14:10:02 - [TEST_STEP][PASSED] - rep = Ongkos.replace(",", "."): null

2023-10-05 14:10:02 - [TEST_STEP][PASSED] - Ongkos_kirim = Double.parseDouble(rep): null

2023-10-05 14:10:02 - [TEST_STEP][PASSED] - println(Ongkos_kirim): null

2023-10-05 14:10:02 - [TEST_STEP][PASSED] - FeeAdmin = getText(findTestObject("verifikasi/Fee Admin checkout")): Text of object 'Object Repository/verifikasi/Fee Admin checkout' is: 'Fee Admin
Rp 1,500'

2023-10-05 14:10:02 - [MESSAGE][PASSED] - Text of object 'Object Repository/verifikasi/Fee Admin checkout' is: 'Fee Admin
Rp 1,500'

2023-10-05 14:10:02 - [TEST_STEP][PASSED] - Fee_Admin = FeeAdmin.substring(12, FeeAdmin.size()): null

2023-10-05 14:10:02 - [TEST_STEP][PASSED] - fee = Fee_Admin.replace(",", "."): null

2023-10-05 14:10:02 - [TEST_STEP][PASSED] - fee_admin = Double.parseDouble(fee): null

2023-10-05 14:10:02 - [TEST_STEP][PASSED] - println(fee_admin): null

2023-10-05 14:10:02 - [TEST_STEP][PASSED] - Subtotal = getText(findTestObject("verifikasi/subtotal checkout")): Text of object 'Object Repository/verifikasi/subtotal checkout' is: 'Subtotal
Rp 1,299'

2023-10-05 14:10:03 - [MESSAGE][PASSED] - Text of object 'Object Repository/verifikasi/subtotal checkout' is: 'Subtotal
Rp 1,299'

2023-10-05 14:10:03 - [TEST_STEP][PASSED] - sub_total = Subtotal.substring(12, Subtotal.size()): null

2023-10-05 14:10:03 - [TEST_STEP][PASSED] - sub = sub_total.replace(",", "."): null

2023-10-05 14:10:03 - [TEST_STEP][PASSED] - sub_total = Double.parseDouble(sub): null

2023-10-05 14:10:03 - [TEST_STEP][PASSED] - println(sub_total): null

2023-10-05 14:10:03 - [TEST_STEP][PASSED] - Total = getText(findTestObject("verifikasi/Total checkout")): Text of object 'Object Repository/verifikasi/Total checkout' is: 'Rp 7,799'

2023-10-05 14:10:03 - [MESSAGE][PASSED] - Text of object 'Object Repository/verifikasi/Total checkout' is: 'Rp 7,799'

2023-10-05 14:10:03 - [TEST_STEP][PASSED] - totall = Total.substring(3, Total.size()): null

2023-10-05 14:10:03 - [TEST_STEP][PASSED] - total = totall.replace(",", "."): null

2023-10-05 14:10:03 - [TEST_STEP][PASSED] - totall = Double.parseDouble(total): null

2023-10-05 14:10:03 - [TEST_STEP][PASSED] - println(totall): null

2023-10-05 14:10:03 - [TEST_STEP][PASSED] - Total_Harga = Ongkos_kirim + fee_admin + sub_total: null

2023-10-05 14:10:03 - [TEST_STEP][PASSED] - println(Total_Harga): null

2023-10-05 14:10:03 - [TEST_STEP][PASSED] - TotalHarga = Math.round(Total_Harga * 1000) / 1000: null

2023-10-05 14:10:03 - [TEST_STEP][PASSED] - println(TotalHarga): null

2023-10-05 14:10:03 - [TEST_STEP][PASSED] - assert totall == TotalHarga: null

2023-10-05 14:10:03 - [TEST_STEP][PASSED] - click(findTestObject("verifikasi/Metode Transfer")): Object: 'Object Repository/verifikasi/Metode Transfer' is clicked on

2023-10-05 14:10:03 - [MESSAGE][PASSED] - Object: 'Object Repository/verifikasi/Metode Transfer' is clicked on

2023-10-05 14:10:03 - [TEST_STEP][PASSED] - click(findTestObject("checkout/button_Proses Pembayaran")): Object: 'Object Repository/checkout/button_Proses Pembayaran' is clicked on

2023-10-05 14:10:12 - [MESSAGE][PASSED] - Object: 'Object Repository/checkout/button_Proses Pembayaran' is clicked on

2023-10-05 14:10:12 - [TEST_STEP][PASSED] - verifyElementPresent(findTestObject("pembayaran/Tittle nomor invoice"), 0): Object 'Object Repository/pembayaran/Tittle nomor invoice' is present

2023-10-05 14:10:12 - [MESSAGE][WARNING] - Timeout '0' is invalid. Using default page load timeout: '30'

2023-10-05 14:10:13 - [MESSAGE][PASSED] - Object 'Object Repository/pembayaran/Tittle nomor invoice' is present

2023-10-05 14:10:13 - [TEST_STEP][PASSED] - return data: null

2023-10-05 14:10:13 - [MESSAGE][PASSED] - Call Test Case 'Test Cases/T13 Pembelian, Shipment dan Pembayaran/PBL-004' successfully

2023-10-05 14:10:13 - [TEST_STEP][PASSED] - Invoice = getText(findTestObject("pembayaran/nomor invoice")): Text of object 'Object Repository/pembayaran/nomor invoice' is: 'TRX60.20231005141007'

2023-10-05 14:10:13 - [MESSAGE][PASSED] - Text of object 'Object Repository/pembayaran/nomor invoice' is: 'TRX60.20231005141007'

2023-10-05 14:10:13 - [TEST_STEP][PASSED] - data.put("invoice", Invoice): null

2023-10-05 14:10:13 - [TEST_STEP][PASSED] - NamaPemesan = getText(findTestObject("Konfirmasi pesanan shop/Nama pemesan")): Text of object 'Object Repository/Konfirmasi pesanan shop/Nama pemesan' is: 'irfan.afandi'

2023-10-05 14:10:14 - [MESSAGE][PASSED] - Text of object 'Object Repository/Konfirmasi pesanan shop/Nama pemesan' is: 'irfan.afandi'

2023-10-05 14:10:14 - [TEST_STEP][PASSED] - Nama = getText(findTestObject("pembayaran/Nama barang")): Text of object 'Object Repository/pembayaran/Nama barang' is: 'Segitiga Instan Madeira - MDB5.3 Sunset'

2023-10-05 14:10:14 - [MESSAGE][PASSED] - Text of object 'Object Repository/pembayaran/Nama barang' is: 'Segitiga Instan Madeira - MDB5.3 Sunset'

2023-10-05 14:10:14 - [TEST_STEP][PASSED] - Harga = getText(findTestObject("pembayaran/Harga barang")): Text of object 'Object Repository/pembayaran/Harga barang' is: '1,299'

2023-10-05 14:10:15 - [MESSAGE][PASSED] - Text of object 'Object Repository/pembayaran/Harga barang' is: '1,299'

2023-10-05 14:10:15 - [TEST_STEP][PASSED] - name_product = data.get("nama_barang"): null

2023-10-05 14:10:15 - [TEST_STEP][PASSED] - price_product = data.get("price_barang"): null

2023-10-05 14:10:15 - [TEST_STEP][PASSED] - assert name_product.contains(Nama): null

2023-10-05 14:10:15 - [TEST_STEP][PASSED] - assert price_product.contains(Harga): null

2023-10-05 14:10:15 - [TEST_STEP][PASSED] - warnaa = getText(findTestObject("pembayaran/warna")): Text of object 'Object Repository/pembayaran/warna' is: 'Merah'

2023-10-05 14:10:15 - [MESSAGE][PASSED] - Text of object 'Object Repository/pembayaran/warna' is: 'Merah'

2023-10-05 14:10:15 - [TEST_STEP][PASSED] - ukurann = getText(findTestObject("pembayaran/ukuran")): Text of object 'Object Repository/pembayaran/ukuran' is: 'Menengah'

2023-10-05 14:10:16 - [MESSAGE][PASSED] - Text of object 'Object Repository/pembayaran/ukuran' is: 'Menengah'

2023-10-05 14:10:16 - [TEST_STEP][PASSED] - warna1 = data.get("Warna"): null

2023-10-05 14:10:16 - [TEST_STEP][PASSED] - ukuran1 = data.get("Ukuran"): null

2023-10-05 14:10:16 - [TEST_STEP][PASSED] - assert warnaa == warna1: null

2023-10-05 14:10:16 - [TEST_STEP][PASSED] - assert ukurann == ukuran1: null

2023-10-05 14:10:16 - [TEST_STEP][PASSED] - statusPembelian = getText(findTestObject("verifikasi/Status pending di pembelian")): Text of object 'Object Repository/verifikasi/Status pending di pembelian' is: 'Pending'

2023-10-05 14:10:16 - [MESSAGE][PASSED] - Text of object 'Object Repository/verifikasi/Status pending di pembelian' is: 'Pending'

2023-10-05 14:10:16 - [TEST_STEP][PASSED] - data.put("statusPem", statusPembelian): null

2023-10-05 14:10:16 - [TEST_STEP][PASSED] - OngkosKirim = getText(findTestObject("pembayaran/ongkos kirim")): Text of object 'Object Repository/pembayaran/ongkos kirim' is: 'Rp 5,000'

2023-10-05 14:10:17 - [MESSAGE][PASSED] - Text of object 'Object Repository/pembayaran/ongkos kirim' is: 'Rp 5,000'

2023-10-05 14:10:17 - [TEST_STEP][PASSED] - Ongkos = OngkosKirim.substring(3, OngkosKirim.size()): null

2023-10-05 14:10:17 - [TEST_STEP][PASSED] - rep = Ongkos.replace(",", ""): null

2023-10-05 14:10:17 - [TEST_STEP][PASSED] - Ongkos_kirimm = Integer.parseInt(rep): null

2023-10-05 14:10:17 - [TEST_STEP][PASSED] - println(Ongkos_kirimm): null

2023-10-05 14:10:17 - [TEST_STEP][PASSED] - FeeAdmin = getText(findTestObject("pembayaran/fee admin")): Text of object 'Object Repository/pembayaran/fee admin' is: 'Rp 1,500'

2023-10-05 14:10:17 - [MESSAGE][PASSED] - Text of object 'Object Repository/pembayaran/fee admin' is: 'Rp 1,500'

2023-10-05 14:10:17 - [TEST_STEP][PASSED] - Fee_Admin = FeeAdmin.substring(3, FeeAdmin.size()): null

2023-10-05 14:10:17 - [TEST_STEP][PASSED] - fee = Fee_Admin.replace(",", ""): null

2023-10-05 14:10:17 - [TEST_STEP][PASSED] - fee_adminn = Integer.parseInt(fee): null

2023-10-05 14:10:17 - [TEST_STEP][PASSED] - println(fee_adminn): null

2023-10-05 14:10:17 - [TEST_STEP][PASSED] - Subtotal = getText(findTestObject("pembayaran/subtotal")): Text of object 'Object Repository/pembayaran/subtotal' is: 'Rp 1,299'

2023-10-05 14:10:18 - [MESSAGE][PASSED] - Text of object 'Object Repository/pembayaran/subtotal' is: 'Rp 1,299'

2023-10-05 14:10:18 - [TEST_STEP][PASSED] - sub_total = Subtotal.substring(3, Subtotal.size()): null

2023-10-05 14:10:18 - [TEST_STEP][PASSED] - sub = sub_total.replace(",", ""): null

2023-10-05 14:10:18 - [TEST_STEP][PASSED] - sub_totall = Integer.parseInt(sub): null

2023-10-05 14:10:18 - [TEST_STEP][PASSED] - println(sub_totall): null

2023-10-05 14:10:18 - [TEST_STEP][PASSED] - unik = getText(findTestObject("pembayaran/kode unik")): Text of object 'Object Repository/pembayaran/kode unik' is: '+007'

2023-10-05 14:10:18 - [MESSAGE][PASSED] - Text of object 'Object Repository/pembayaran/kode unik' is: '+007'

2023-10-05 14:10:18 - [TEST_STEP][PASSED] - unikk = unik.replace("+", ""): null

2023-10-05 14:10:18 - [TEST_STEP][PASSED] - kode_unik = Integer.parseInt(unikk): null

2023-10-05 14:10:18 - [TEST_STEP][PASSED] - println(kode_unik): null

2023-10-05 14:10:18 - [TEST_STEP][PASSED] - Total = getText(findTestObject("pembayaran/total")): Text of object 'Object Repository/pembayaran/total' is: '7,806'

2023-10-05 14:10:19 - [MESSAGE][PASSED] - Text of object 'Object Repository/pembayaran/total' is: '7,806'

2023-10-05 14:10:19 - [TEST_STEP][PASSED] - total = Total.replace(",", ""): null

2023-10-05 14:10:19 - [TEST_STEP][PASSED] - totalll = Integer.parseInt(total): null

2023-10-05 14:10:19 - [TEST_STEP][PASSED] - println(totalll): null

2023-10-05 14:10:19 - [TEST_STEP][PASSED] - Total_Hargaa = Ongkos_kirimm + fee_adminn + sub_totall + kode_unik: null

2023-10-05 14:10:19 - [TEST_STEP][PASSED] - println(Total_Hargaa): null

2023-10-05 14:10:19 - [TEST_STEP][PASSED] - assert totalll == Total_Hargaa: null

2023-10-05 14:10:19 - [TEST_STEP][PASSED] - data.put("total", Total): null

2023-10-05 14:10:19 - [TEST_STEP][PASSED] - data.put("nama", NamaPemesan): null

2023-10-05 14:10:19 - [TEST_STEP][PASSED] - return data: null

2023-10-05 14:10:19 - [MESSAGE][PASSED] - Call Test Case 'Test Cases/T13 Pembelian, Shipment dan Pembayaran/PBY-001' successfully

2023-10-05 14:10:19 - [TEST_STEP][PASSED] - inv = data.get("invoice"): null

2023-10-05 14:10:19 - [TEST_STEP][PASSED] - Total = data.get("total"): null

2023-10-05 14:10:19 - [TEST_STEP][PASSED] - NamaPemesan = data.get("nama"): null

2023-10-05 14:10:19 - [TEST_STEP][PASSED] - click(findTestObject("Konfirmasi pesanan shop/Menu Shop")): Object: 'Object Repository/Konfirmasi pesanan shop/Menu Shop' is clicked on

2023-10-05 14:10:21 - [MESSAGE][PASSED] - Object: 'Object Repository/Konfirmasi pesanan shop/Menu Shop' is clicked on

2023-10-05 14:10:21 - [TEST_STEP][PASSED] - click(findTestObject("Konfirmasi pesanan shop/Menu Shop")): Object: 'Object Repository/Konfirmasi pesanan shop/Menu Shop' is clicked on

2023-10-05 14:10:21 - [MESSAGE][PASSED] - Object: 'Object Repository/Konfirmasi pesanan shop/Menu Shop' is clicked on

2023-10-05 14:10:21 - [TEST_STEP][PASSED] - click(findTestObject("Konfirmasi pesanan shop/Konfirmasi Orders")): Object: 'Object Repository/Konfirmasi pesanan shop/Konfirmasi Orders' is clicked on

2023-10-05 14:10:22 - [MESSAGE][PASSED] - Object: 'Object Repository/Konfirmasi pesanan shop/Konfirmasi Orders' is clicked on

2023-10-05 14:10:22 - [TEST_STEP][PASSED] - verifyElementPresent(findTestObject("Konfirmasi pesanan shop/Tittle Konfirmasi Pesanan"), 0): Object 'Object Repository/Konfirmasi pesanan shop/Tittle Konfirmasi Pesanan' is present

2023-10-05 14:10:22 - [MESSAGE][WARNING] - Timeout '0' is invalid. Using default page load timeout: '30'

2023-10-05 14:10:23 - [MESSAGE][PASSED] - Object 'Object Repository/Konfirmasi pesanan shop/Tittle Konfirmasi Pesanan' is present

2023-10-05 14:10:23 - [TEST_STEP][PASSED] - setText(findTestObject("Konfirmasi pesanan shop/input_No Pesanan"), inv): Text 'TRX60.20231005141007' is set on object 'Object Repository/Konfirmasi pesanan shop/input_No Pesanan'

2023-10-05 14:10:24 - [MESSAGE][PASSED] - Text 'TRX60.20231005141007' is set on object 'Object Repository/Konfirmasi pesanan shop/input_No Pesanan'

2023-10-05 14:10:24 - [TEST_STEP][PASSED] - setText(findTestObject("Konfirmasi pesanan shop/input_Alamat E-mai"), "irfan@gmail.com"): Text 'irfan@gmail.com' is set on object 'Object Repository/Konfirmasi pesanan shop/input_Alamat E-mai'

2023-10-05 14:10:25 - [MESSAGE][PASSED] - Text 'irfan@gmail.com' is set on object 'Object Repository/Konfirmasi pesanan shop/input_Alamat E-mai'

2023-10-05 14:10:25 - [TEST_STEP][PASSED] - click(findTestObject("Konfirmasi pesanan shop/button_Submit")): Object: 'Object Repository/Konfirmasi pesanan shop/button_Submit' is clicked on

2023-10-05 14:10:26 - [MESSAGE][PASSED] - Object: 'Object Repository/Konfirmasi pesanan shop/button_Submit' is clicked on

2023-10-05 14:10:26 - [TEST_STEP][PASSED] - verifyElementPresent(findTestObject("Konfirmasi pesanan shop/Tittle nomor invoice"), 0): Object 'Object Repository/Konfirmasi pesanan shop/Tittle nomor invoice' is present

2023-10-05 14:10:26 - [MESSAGE][WARNING] - Timeout '0' is invalid. Using default page load timeout: '30'

2023-10-05 14:10:27 - [MESSAGE][PASSED] - Object 'Object Repository/Konfirmasi pesanan shop/Tittle nomor invoice' is present

2023-10-05 14:10:27 - [TEST_STEP][PASSED] - setText(findTestObject("Konfirmasi pesanan shop/input_Total TagihanTransfer_b"), Total): Text '7,806' is set on object 'Object Repository/Konfirmasi pesanan shop/input_Total TagihanTransfer_b'

2023-10-05 14:10:28 - [MESSAGE][PASSED] - Text '7,806' is set on object 'Object Repository/Konfirmasi pesanan shop/input_Total TagihanTransfer_b'

2023-10-05 14:10:28 - [TEST_STEP][PASSED] - selectOptionByValue(findTestObject("Konfirmasi pesanan shop/select_Bank"), "4", false): All options with value '4' are selected in object 'Object Repository/Konfirmasi pesanan shop/select_Bank' 

2023-10-05 14:10:28 - [MESSAGE][PASSED] - All options with value '4' are selected in object 'Object Repository/Konfirmasi pesanan shop/select_Bank' 

2023-10-05 14:10:28 - [TEST_STEP][PASSED] - setText(findTestObject("Konfirmasi pesanan shop/input_Nama Pengirim_d"), NamaPemesan): Text 'irfan.afandi' is set on object 'Object Repository/Konfirmasi pesanan shop/input_Nama Pengirim_d'

2023-10-05 14:10:29 - [MESSAGE][PASSED] - Text 'irfan.afandi' is set on object 'Object Repository/Konfirmasi pesanan shop/input_Nama Pengirim_d'

2023-10-05 14:10:29 - [TEST_STEP][PASSED] - uploadFile(findTestObject("keranjang/konfirmasi/input_Upload Bukti Transfer_f"), "C:\Users\IRFAN\Downloads\Berkas2.pdf"): File 'C:\Users\IRFAN\Downloads\Berkas2.pdf' sent to object: 'Object Repository/keranjang/konfirmasi/input_Upload Bukti Transfer_f'

2023-10-05 14:10:30 - [MESSAGE][PASSED] - File 'C:\Users\IRFAN\Downloads\Berkas2.pdf' sent to object: 'Object Repository/keranjang/konfirmasi/input_Upload Bukti Transfer_f'

2023-10-05 14:10:30 - [TEST_STEP][PASSED] - click(findTestObject("Konfirmasi pesanan shop/button_Konfirmasi Pembayaran")): Object: 'Object Repository/Konfirmasi pesanan shop/button_Konfirmasi Pembayaran' is clicked on

2023-10-05 14:10:31 - [MESSAGE][PASSED] - Object: 'Object Repository/Konfirmasi pesanan shop/button_Konfirmasi Pembayaran' is clicked on

2023-10-05 14:10:31 - [TEST_STEP][PASSED] - verifyElementPresent(findTestObject("Konfirmasi pesanan shop/Tittle Konfirmasi Pesanan"), 0): Object 'Object Repository/Konfirmasi pesanan shop/Tittle Konfirmasi Pesanan' is present

2023-10-05 14:10:31 - [MESSAGE][WARNING] - Timeout '0' is invalid. Using default page load timeout: '30'

2023-10-05 14:10:32 - [MESSAGE][PASSED] - Object 'Object Repository/Konfirmasi pesanan shop/Tittle Konfirmasi Pesanan' is present

2023-10-05 14:10:32 - [TEST_STEP][PASSED] - verifyElementPresent(findTestObject("Konfirmasi pesanan shop/Tittle massage succes Konfirmasi Pembayaran Pesanan"), 0): Object 'Object Repository/Konfirmasi pesanan shop/Tittle massage succes Konfirmasi Pembayaran Pesanan' is present

2023-10-05 14:10:32 - [MESSAGE][WARNING] - Timeout '0' is invalid. Using default page load timeout: '30'

2023-10-05 14:10:32 - [MESSAGE][PASSED] - Object 'Object Repository/Konfirmasi pesanan shop/Tittle massage succes Konfirmasi Pembayaran Pesanan' is present

2023-10-05 14:10:32 - [TEST_STEP][PASSED] - return data: null

2023-10-05 14:10:32 - [MESSAGE][PASSED] - Call Test Case 'Test Cases/T13 Pembelian, Shipment dan Pembayaran/PBY-004' successfully

2023-10-05 14:10:32 - [TEST_STEP][PASSED] - navigateToUrl("https://10.9.2.63/ecommerce/administrator/"): Navigate to 'https://10.9.2.63/ecommerce/administrator/' successfully

2023-10-05 14:10:33 - [MESSAGE][PASSED] - Navigate to 'https://10.9.2.63/ecommerce/administrator/' successfully

2023-10-05 14:10:33 - [TEST_STEP][PASSED] - verifyElementPresent(findTestObject("admin/Tittle ADMIN Login"), 0): Object 'Object Repository/admin/Tittle ADMIN Login' is present

2023-10-05 14:10:33 - [MESSAGE][WARNING] - Timeout '0' is invalid. Using default page load timeout: '30'

2023-10-05 14:10:33 - [MESSAGE][PASSED] - Object 'Object Repository/admin/Tittle ADMIN Login' is present

2023-10-05 14:10:33 - [TEST_STEP][PASSED] - setText(findTestObject("admin/Username"), "admin"): Text 'admin' is set on object 'Object Repository/admin/Username'

2023-10-05 14:10:34 - [MESSAGE][PASSED] - Text 'admin' is set on object 'Object Repository/admin/Username'

2023-10-05 14:10:34 - [TEST_STEP][PASSED] - setText(findTestObject("admin/Password"), "123admin123"): Text '123admin123' is set on object 'Object Repository/admin/Password'

2023-10-05 14:10:35 - [MESSAGE][PASSED] - Text '123admin123' is set on object 'Object Repository/admin/Password'

2023-10-05 14:10:35 - [TEST_STEP][PASSED] - click(findTestObject("admin/Remember Me")): Object: 'Object Repository/admin/Remember Me' is clicked on

2023-10-05 14:10:35 - [MESSAGE][PASSED] - Object: 'Object Repository/admin/Remember Me' is clicked on

2023-10-05 14:10:35 - [TEST_STEP][PASSED] - delay(10): Delayed 10 second(s)

2023-10-05 14:10:45 - [MESSAGE][PASSED] - Delayed 10 second(s)

2023-10-05 14:10:45 - [TEST_STEP][PASSED] - click(findTestObject("admin/buttom submit")): Object: 'Object Repository/admin/buttom submit' is clicked on

2023-10-05 14:10:47 - [MESSAGE][PASSED] - Object: 'Object Repository/admin/buttom submit' is clicked on

2023-10-05 14:10:47 - [TEST_STEP][PASSED] - verifyElementPresent(findTestObject("admin/Konf order konsumen/Tittle Dashboard"), 0): Object 'Object Repository/admin/Konf order konsumen/Tittle Dashboard' is present

2023-10-05 14:10:47 - [MESSAGE][WARNING] - Timeout '0' is invalid. Using default page load timeout: '30'

2023-10-05 14:10:47 - [MESSAGE][PASSED] - Object 'Object Repository/admin/Konf order konsumen/Tittle Dashboard' is present

2023-10-05 14:10:47 - [TEST_STEP][PASSED] - click(findTestObject("admin/Konf order konsumen/Menu Transaksi Market")): Object: 'Object Repository/admin/Konf order konsumen/Menu Transaksi Market' is clicked on

2023-10-05 14:10:48 - [MESSAGE][PASSED] - Object: 'Object Repository/admin/Konf order konsumen/Menu Transaksi Market' is clicked on

2023-10-05 14:10:48 - [TEST_STEP][PASSED] - click(findTestObject("admin/Konf order konsumen/Menu Konf. Order Konsumen")): Object: 'Object Repository/admin/Konf order konsumen/Menu Konf. Order Konsumen' is clicked on

2023-10-05 14:10:49 - [MESSAGE][PASSED] - Object: 'Object Repository/admin/Konf order konsumen/Menu Konf. Order Konsumen' is clicked on

2023-10-05 14:10:49 - [TEST_STEP][PASSED] - verifyElementPresent(findTestObject("admin/Konf order konsumen/Tittle Data Konfirmasi Pembayaran Konsumen"), 0): Object 'Object Repository/admin/Konf order konsumen/Tittle Data Konfirmasi Pembayaran Konsumen' is present

2023-10-05 14:10:49 - [MESSAGE][WARNING] - Timeout '0' is invalid. Using default page load timeout: '30'

2023-10-05 14:10:50 - [MESSAGE][PASSED] - Object 'Object Repository/admin/Konf order konsumen/Tittle Data Konfirmasi Pembayaran Konsumen' is present

2023-10-05 14:10:50 - [TEST_STEP][PASSED] - inv = data.get("invoice"): null

2023-10-05 14:10:50 - [TEST_STEP][PASSED] - setText(findTestObject("admin/Konf order konsumen/Search"), inv): Text 'TRX60.20231005141007' is set on object 'Object Repository/admin/Konf order konsumen/Search'

2023-10-05 14:10:51 - [MESSAGE][PASSED] - Text 'TRX60.20231005141007' is set on object 'Object Repository/admin/Konf order konsumen/Search'

2023-10-05 14:10:51 - [TEST_STEP][PASSED] - verifyElementText(findTestObject("admin/Konf order konsumen/Keterangan Lunas"), "Lunas"): Actual text and expected text of test object 'Object Repository/admin/Konf order konsumen/Keterangan Lunas' are matched.

2023-10-05 14:10:51 - [MESSAGE][PASSED] - Actual text and expected text of test object 'Object Repository/admin/Konf order konsumen/Keterangan Lunas' are matched.

2023-10-05 14:10:51 - [TEST_STEP][PASSED] - return data: null

2023-10-05 14:10:51 - [MESSAGE][PASSED] - Call Test Case 'Test Cases/T13 Pembelian, Shipment dan Pembayaran/PBYA-001' successfully

2023-10-05 14:10:51 - [TEST_STEP][PASSED] - click(findTestObject("admin/Penjualan ke konsumen/buttom Dashboard")): Object: 'Object Repository/admin/Penjualan ke konsumen/buttom Dashboard' is clicked on

2023-10-05 14:10:52 - [MESSAGE][PASSED] - Object: 'Object Repository/admin/Penjualan ke konsumen/buttom Dashboard' is clicked on

2023-10-05 14:10:52 - [TEST_STEP][PASSED] - click(findTestObject("admin/Konf order konsumen/Menu Transaksi Market")): Object: 'Object Repository/admin/Konf order konsumen/Menu Transaksi Market' is clicked on

2023-10-05 14:10:52 - [MESSAGE][PASSED] - Object: 'Object Repository/admin/Konf order konsumen/Menu Transaksi Market' is clicked on

2023-10-05 14:10:52 - [TEST_STEP][PASSED] - click(findTestObject("admin/Penjualan ke konsumen/a_Penjualan ke Konsumen")): Object: 'Object Repository/admin/Penjualan ke konsumen/a_Penjualan ke Konsumen' is clicked on

2023-10-05 14:10:56 - [MESSAGE][PASSED] - Object: 'Object Repository/admin/Penjualan ke konsumen/a_Penjualan ke Konsumen' is clicked on

2023-10-05 14:10:56 - [TEST_STEP][PASSED] - verifyElementPresent(findTestObject("admin/Tittle Data Transaksi Penjualan  Orderan Konsumen"), 0): Object 'Object Repository/admin/Tittle Data Transaksi Penjualan  Orderan Konsumen' is present

2023-10-05 14:10:56 - [MESSAGE][WARNING] - Timeout '0' is invalid. Using default page load timeout: '30'

2023-10-05 14:10:56 - [MESSAGE][PASSED] - Object 'Object Repository/admin/Tittle Data Transaksi Penjualan  Orderan Konsumen' is present

2023-10-05 14:10:56 - [TEST_STEP][PASSED] - return data: null

2023-10-05 14:10:56 - [MESSAGE][PASSED] - Call Test Case 'Test Cases/T13 Pembelian, Shipment dan Pembayaran/SA-001' successfully

2023-10-05 14:10:56 - [TEST_STEP][PASSED] - inv = data.get("invoice"): null

2023-10-05 14:10:56 - [TEST_STEP][PASSED] - setText(findTestObject("admin/Penjualan ke konsumen/Search"), inv): Text 'TRX60.20231005141007' is set on object 'Object Repository/admin/Penjualan ke konsumen/Search'

2023-10-05 14:10:57 - [MESSAGE][PASSED] - Text 'TRX60.20231005141007' is set on object 'Object Repository/admin/Penjualan ke konsumen/Search'

2023-10-05 14:10:57 - [TEST_STEP][PASSED] - click(findTestObject("admin/Penjualan ke konsumen/buttom konfirmasi pending payment"), CONTINUE_ON_FAILURE): Object: 'Object Repository/admin/Penjualan ke konsumen/buttom konfirmasi pending payment' is clicked on

2023-10-05 14:10:58 - [MESSAGE][PASSED] - Object: 'Object Repository/admin/Penjualan ke konsumen/buttom konfirmasi pending payment' is clicked on

2023-10-05 14:10:58 - [TEST_STEP][PASSED] - waitForAlert(5, OPTIONAL): Alert is present after 5 second(s).

2023-10-05 14:10:58 - [MESSAGE][PASSED] - Alert is present after 5 second(s).

2023-10-05 14:10:58 - [TEST_STEP][PASSED] - acceptAlert(): Alert accepted

2023-10-05 14:10:58 - [MESSAGE][PASSED] - Alert accepted

2023-10-05 14:10:58 - [TEST_STEP][PASSED] - setText(findTestObject("admin/Penjualan ke konsumen/Search"), inv): Text 'TRX60.20231005141007' is set on object 'Object Repository/admin/Penjualan ke konsumen/Search'

2023-10-05 14:11:07 - [MESSAGE][PASSED] - Text 'TRX60.20231005141007' is set on object 'Object Repository/admin/Penjualan ke konsumen/Search'

2023-10-05 14:11:07 - [TEST_STEP][PASSED] - verifyTextNotPresent("pending payment", false): Text 'pending payment' is not present on page

2023-10-05 14:11:07 - [MESSAGE][PASSED] - Text 'pending payment' is not present on page

2023-10-05 14:11:07 - [TEST_STEP][PASSED] - return data: null

2023-10-05 14:11:07 - [MESSAGE][PASSED] - Call Test Case 'Test Cases/T13 Pembelian, Shipment dan Pembayaran/SA-002' successfully

2023-10-05 14:11:07 - [TEST_STEP][PASSED] - click(findTestObject("admin/Penjualan ke konsumen/buttom scroldown")): Object: 'Object Repository/admin/Penjualan ke konsumen/buttom scroldown' is clicked on

2023-10-05 14:11:08 - [MESSAGE][PASSED] - Object: 'Object Repository/admin/Penjualan ke konsumen/buttom scroldown' is clicked on

2023-10-05 14:11:08 - [TEST_STEP][PASSED] - click(findTestObject("admin/Penjualan ke konsumen/Proses"), CONTINUE_ON_FAILURE): Object: 'Object Repository/admin/Penjualan ke konsumen/Proses' is clicked on

2023-10-05 14:11:08 - [MESSAGE][PASSED] - Object: 'Object Repository/admin/Penjualan ke konsumen/Proses' is clicked on

2023-10-05 14:11:08 - [TEST_STEP][PASSED] - waitForAlert(5, OPTIONAL): Alert is present after 5 second(s).

2023-10-05 14:11:08 - [MESSAGE][PASSED] - Alert is present after 5 second(s).

2023-10-05 14:11:08 - [TEST_STEP][PASSED] - acceptAlert(): Alert accepted

2023-10-05 14:11:08 - [MESSAGE][PASSED] - Alert accepted

2023-10-05 14:11:08 - [TEST_STEP][PASSED] - inv = data.get("invoice"): null

2023-10-05 14:11:08 - [TEST_STEP][PASSED] - setText(findTestObject("admin/Penjualan ke konsumen/Search"), inv): Text 'TRX60.20231005141007' is set on object 'Object Repository/admin/Penjualan ke konsumen/Search'

2023-10-05 14:11:20 - [MESSAGE][PASSED] - Text 'TRX60.20231005141007' is set on object 'Object Repository/admin/Penjualan ke konsumen/Search'

2023-10-05 14:11:20 - [TEST_STEP][PASSED] - verifyElementText(findTestObject("PROSES PENJUALAN/Proses"), "Proses"): Actual text and expected text of test object 'Object Repository/PROSES PENJUALAN/Proses' are matched.

2023-10-05 14:11:20 - [MESSAGE][PASSED] - Actual text and expected text of test object 'Object Repository/PROSES PENJUALAN/Proses' are matched.

2023-10-05 14:11:20 - [TEST_STEP][PASSED] - prosesadmin = getText(findTestObject("PROSES PENJUALAN/Proses")): Text of object 'Object Repository/PROSES PENJUALAN/Proses' is: 'Proses'

2023-10-05 14:11:21 - [MESSAGE][PASSED] - Text of object 'Object Repository/PROSES PENJUALAN/Proses' is: 'Proses'

2023-10-05 14:11:21 - [TEST_STEP][PASSED] - data.put("statusAdmin", prosesadmin): null

2023-10-05 14:11:21 - [TEST_STEP][PASSED] - return data: null

2023-10-05 14:11:21 - [MESSAGE][PASSED] - Call Test Case 'Test Cases/T13 Pembelian, Shipment dan Pembayaran/SA-003' successfully

2023-10-05 14:11:21 - [TEST_STEP][PASSED] - openBrowser("https://10.9.2.63/ecommerce/"): Browser is opened with url: 'https://10.9.2.63/ecommerce/'

2023-10-05 14:11:21 - [MESSAGE][WARNING] - A browser is already opened. Closing browser and opening a new one

2023-10-05 14:11:21 - [MESSAGE][INFO] - Starting 'Edge Chromium' driver

2023-10-05 14:11:21 - [MESSAGE][INFO] - User set preference: ['acceptInsecureCerts', 'true']

2023-10-05 14:11:23 - [MESSAGE][INFO] - Action delay is set to 0 milliseconds

2023-10-05 14:11:27 - [MESSAGE][PASSED] - Browser is opened with url: 'https://10.9.2.63/ecommerce/'

2023-10-05 14:11:27 - [TEST_STEP][PASSED] - maximizeWindow(): Current window maximized

2023-10-05 14:11:28 - [MESSAGE][PASSED] - Current window maximized

2023-10-05 14:11:28 - [TEST_STEP][PASSED] - verifyElementPresent(findTestObject("Login/Home"), 0): Object 'Object Repository/Login/Home' is present

2023-10-05 14:11:28 - [MESSAGE][WARNING] - Timeout '0' is invalid. Using default page load timeout: '30'

2023-10-05 14:11:28 - [MESSAGE][PASSED] - Object 'Object Repository/Login/Home' is present

2023-10-05 14:11:28 - [TEST_STEP][PASSED] - click(findTestObject("Login/a_Login")): Object: 'Object Repository/Login/a_Login' is clicked on

2023-10-05 14:11:29 - [MESSAGE][PASSED] - Object: 'Object Repository/Login/a_Login' is clicked on

2023-10-05 14:11:29 - [TEST_STEP][PASSED] - verifyElementPresent(findTestObject("Login/Tittle Login"), 0): Object 'Object Repository/Login/Tittle Login' is present

2023-10-05 14:11:29 - [MESSAGE][WARNING] - Timeout '0' is invalid. Using default page load timeout: '30'

2023-10-05 14:11:29 - [MESSAGE][PASSED] - Object 'Object Repository/Login/Tittle Login' is present

2023-10-05 14:11:29 - [TEST_STEP][PASSED] - setText(findTestObject("Login/input_Username, Email atau No. Handphone_a"), "irfanafandi"): Text 'irfanafandi' is set on object 'Object Repository/Login/input_Username, Email atau No. Handphone_a'

2023-10-05 14:11:30 - [MESSAGE][PASSED] - Text 'irfanafandi' is set on object 'Object Repository/Login/input_Username, Email atau No. Handphone_a'

2023-10-05 14:11:30 - [TEST_STEP][PASSED] - setText(findTestObject("Login/input_Password_b"), "12345irfan"): Text '12345irfan' is set on object 'Object Repository/Login/input_Password_b'

2023-10-05 14:11:31 - [MESSAGE][PASSED] - Text '12345irfan' is set on object 'Object Repository/Login/input_Password_b'

2023-10-05 14:11:31 - [TEST_STEP][PASSED] - click(findTestObject("Login/button_Masuk")): Object: 'Object Repository/Login/button_Masuk' is clicked on

2023-10-05 14:11:32 - [MESSAGE][PASSED] - Object: 'Object Repository/Login/button_Masuk' is clicked on

2023-10-05 14:11:32 - [TEST_STEP][PASSED] - verifyElementPresent(findTestObject("Login/li_Profile"), 0): Object 'Object Repository/Login/li_Profile' is present

2023-10-05 14:11:32 - [MESSAGE][WARNING] - Timeout '0' is invalid. Using default page load timeout: '30'

2023-10-05 14:11:33 - [MESSAGE][PASSED] - Object 'Object Repository/Login/li_Profile' is present

2023-10-05 14:11:33 - [TEST_STEP][PASSED] - click(findTestObject("Konfirmasi pesanan shop/Menu Shop")): Object: 'Object Repository/Konfirmasi pesanan shop/Menu Shop' is clicked on

2023-10-05 14:11:35 - [MESSAGE][PASSED] - Object: 'Object Repository/Konfirmasi pesanan shop/Menu Shop' is clicked on

2023-10-05 14:11:35 - [TEST_STEP][PASSED] - click(findTestObject("Konfirmasi pesanan shop/Menu Shop")): Object: 'Object Repository/Konfirmasi pesanan shop/Menu Shop' is clicked on

2023-10-05 14:11:35 - [MESSAGE][PASSED] - Object: 'Object Repository/Konfirmasi pesanan shop/Menu Shop' is clicked on

2023-10-05 14:11:35 - [TEST_STEP][PASSED] - click(findTestObject("verifikasi/Orders Report")): Object: 'Object Repository/verifikasi/Orders Report' is clicked on

2023-10-05 14:11:37 - [MESSAGE][PASSED] - Object: 'Object Repository/verifikasi/Orders Report' is clicked on

2023-10-05 14:11:37 - [TEST_STEP][PASSED] - verifyElementPresent(findTestObject("Login/li_Profile"), 0): Object 'Object Repository/Login/li_Profile' is present

2023-10-05 14:11:37 - [MESSAGE][WARNING] - Timeout '0' is invalid. Using default page load timeout: '30'

2023-10-05 14:11:38 - [MESSAGE][PASSED] - Object 'Object Repository/Login/li_Profile' is present

2023-10-05 14:11:38 - [TEST_STEP][PASSED] - click(findTestObject("verifikasi/Pesanan Diproses")): Object: 'Object Repository/verifikasi/Pesanan Diproses' is clicked on

2023-10-05 14:11:38 - [MESSAGE][PASSED] - Object: 'Object Repository/verifikasi/Pesanan Diproses' is clicked on

2023-10-05 14:11:38 - [TEST_STEP][PASSED] - proses = getText(findTestObject("verifikasi/status Proses di user")): Text of object 'Object Repository/verifikasi/status Proses di user' is: 'Proses'

2023-10-05 14:11:38 - [MESSAGE][PASSED] - Text of object 'Object Repository/verifikasi/status Proses di user' is: 'Proses'

2023-10-05 14:11:38 - [TEST_STEP][PASSED] - statusProses = data.get("statusAdmin"): null

2023-10-05 14:11:38 - [TEST_STEP][PASSED] - assert proses == statusProses: null

2023-10-05 14:11:38 - [TEST_STEP][PASSED] - verifyElementPresent(findTestObject("verifikasi/Notifikasi angka"), 1): Object 'Object Repository/verifikasi/Notifikasi angka' is present

2023-10-05 14:11:39 - [MESSAGE][PASSED] - Object 'Object Repository/verifikasi/Notifikasi angka' is present

2023-10-05 14:11:39 - [TEST_STEP][PASSED] - return data: null]]></system-out>
         <system-err><![CDATA[]]></system-err>
      </testcase>
      <testcase name="Test Cases/T13 Pembelian, Shipment dan Pembayaran/SU-011" time="135.035" classname="Test Cases/T13 Pembelian, Shipment dan Pembayaran/SU-011" status="PASSED">
         <system-out><![CDATA[2023-10-05 14:11:39 - [TEST_CASE][PASSED] - Test Cases/T13 Pembelian, Shipment dan Pembayaran/SU-011: Test Cases/T13 Pembelian, Shipment dan Pembayaran/SU-011

2023-10-05 14:11:39 - [TEST_STEP][PASSED] - data = callTestCase(findTestCase("T13 Pembelian, Shipment dan Pembayaran/SA-004"), [:], STOP_ON_FAILURE): Call Test Case 'Test Cases/T13 Pembelian, Shipment dan Pembayaran/SA-004' successfully

2023-10-05 14:11:39 - [TEST_CASE][PASSED] - Test Cases/T13 Pembelian, Shipment dan Pembayaran/SA-004: Test Cases/T13 Pembelian, Shipment dan Pembayaran/SA-004

2023-10-05 14:11:39 - [TEST_STEP][PASSED] - data = callTestCase(findTestCase("T13 Pembelian, Shipment dan Pembayaran/SA-002"), [:], STOP_ON_FAILURE): Call Test Case 'Test Cases/T13 Pembelian, Shipment dan Pembayaran/SA-002' successfully

2023-10-05 14:11:39 - [TEST_CASE][PASSED] - Test Cases/T13 Pembelian, Shipment dan Pembayaran/SA-002: Test Cases/T13 Pembelian, Shipment dan Pembayaran/SA-002

2023-10-05 14:11:39 - [TEST_STEP][PASSED] - data = callTestCase(findTestCase("T13 Pembelian, Shipment dan Pembayaran/SA-001"), [:], STOP_ON_FAILURE): Call Test Case 'Test Cases/T13 Pembelian, Shipment dan Pembayaran/SA-001' successfully

2023-10-05 14:11:39 - [TEST_CASE][PASSED] - Test Cases/T13 Pembelian, Shipment dan Pembayaran/SA-001: Test Cases/T13 Pembelian, Shipment dan Pembayaran/SA-001

2023-10-05 14:11:39 - [TEST_STEP][PASSED] - data = callTestCase(findTestCase("T13 Pembelian, Shipment dan Pembayaran/PBYA-001"), [:], STOP_ON_FAILURE): Call Test Case 'Test Cases/T13 Pembelian, Shipment dan Pembayaran/PBYA-001' successfully

2023-10-05 14:11:39 - [TEST_CASE][PASSED] - Test Cases/T13 Pembelian, Shipment dan Pembayaran/PBYA-001: Test Cases/T13 Pembelian, Shipment dan Pembayaran/PBYA-001

2023-10-05 14:11:39 - [TEST_STEP][PASSED] - data = callTestCase(findTestCase("T13 Pembelian, Shipment dan Pembayaran/PBY-004"), [:], STOP_ON_FAILURE): Call Test Case 'Test Cases/T13 Pembelian, Shipment dan Pembayaran/PBY-004' successfully

2023-10-05 14:11:39 - [TEST_CASE][PASSED] - Test Cases/T13 Pembelian, Shipment dan Pembayaran/PBY-004: Test Cases/T13 Pembelian, Shipment dan Pembayaran/PBY-004

2023-10-05 14:11:39 - [TEST_STEP][PASSED] - data = callTestCase(findTestCase("T13 Pembelian, Shipment dan Pembayaran/PBY-001"), [:], STOP_ON_FAILURE): Call Test Case 'Test Cases/T13 Pembelian, Shipment dan Pembayaran/PBY-001' successfully

2023-10-05 14:11:40 - [TEST_CASE][PASSED] - Test Cases/T13 Pembelian, Shipment dan Pembayaran/PBY-001: Test Cases/T13 Pembelian, Shipment dan Pembayaran/PBY-001

2023-10-05 14:11:40 - [TEST_STEP][PASSED] - data = callTestCase(findTestCase("T13 Pembelian, Shipment dan Pembayaran/PBL-004"), ["Kurir":"Roda 2"], STOP_ON_FAILURE): Call Test Case 'Test Cases/T13 Pembelian, Shipment dan Pembayaran/PBL-004' successfully

2023-10-05 14:11:40 - [TEST_CASE][PASSED] - Test Cases/T13 Pembelian, Shipment dan Pembayaran/PBL-004: Test Cases/T13 Pembelian, Shipment dan Pembayaran/PBL-004

2023-10-05 14:11:40 - [TEST_STEP][PASSED] - data = callTestCase(findTestCase("T13 Pembelian, Shipment dan Pembayaran/PBL-002"), [:], STOP_ON_FAILURE): Call Test Case 'Test Cases/T13 Pembelian, Shipment dan Pembayaran/PBL-002' successfully

2023-10-05 14:11:40 - [TEST_CASE][PASSED] - Test Cases/T13 Pembelian, Shipment dan Pembayaran/PBL-002: Test Cases/T13 Pembelian, Shipment dan Pembayaran/PBL-002

2023-10-05 14:11:40 - [TEST_STEP][PASSED] - data = callTestCase(findTestCase("T13 Pembelian, Shipment dan Pembayaran/PBL-001"), [:], STOP_ON_FAILURE): Call Test Case 'Test Cases/T13 Pembelian, Shipment dan Pembayaran/PBL-001' successfully

2023-10-05 14:11:40 - [TEST_CASE][PASSED] - Test Cases/T13 Pembelian, Shipment dan Pembayaran/PBL-001: Test Cases/T13 Pembelian, Shipment dan Pembayaran/PBL-001

2023-10-05 14:11:40 - [TEST_STEP][PASSED] - callTestCase(findTestCase("T13 Pembelian, Shipment dan Pembayaran/LU-001"), ["username":"irfanafandi", "password":"12345irfan"], STOP_ON_FAILURE): Call Test Case 'Test Cases/T13 Pembelian, Shipment dan Pembayaran/LU-001' successfully

2023-10-05 14:11:40 - [TEST_CASE][PASSED] - Test Cases/T13 Pembelian, Shipment dan Pembayaran/LU-001: Test Cases/T13 Pembelian, Shipment dan Pembayaran/LU-001

2023-10-05 14:11:40 - [TEST_STEP][PASSED] - openBrowser("https://10.9.2.63/ecommerce/"): Browser is opened with url: 'https://10.9.2.63/ecommerce/'

2023-10-05 14:11:40 - [MESSAGE][WARNING] - A browser is already opened. Closing browser and opening a new one

2023-10-05 14:11:41 - [MESSAGE][INFO] - Starting 'Edge Chromium' driver

2023-10-05 14:11:41 - [MESSAGE][INFO] - User set preference: ['acceptInsecureCerts', 'true']

2023-10-05 14:11:43 - [MESSAGE][INFO] - Action delay is set to 0 milliseconds

2023-10-05 14:11:46 - [MESSAGE][PASSED] - Browser is opened with url: 'https://10.9.2.63/ecommerce/'

2023-10-05 14:11:46 - [TEST_STEP][PASSED] - maximizeWindow(): Current window maximized

2023-10-05 14:11:47 - [MESSAGE][PASSED] - Current window maximized

2023-10-05 14:11:47 - [TEST_STEP][PASSED] - verifyElementPresent(findTestObject("Login/Home"), 0): Object 'Object Repository/Login/Home' is present

2023-10-05 14:11:47 - [MESSAGE][WARNING] - Timeout '0' is invalid. Using default page load timeout: '30'

2023-10-05 14:11:47 - [MESSAGE][PASSED] - Object 'Object Repository/Login/Home' is present

2023-10-05 14:11:47 - [TEST_STEP][PASSED] - click(findTestObject("Login/a_Login")): Object: 'Object Repository/Login/a_Login' is clicked on

2023-10-05 14:11:48 - [MESSAGE][PASSED] - Object: 'Object Repository/Login/a_Login' is clicked on

2023-10-05 14:11:48 - [TEST_STEP][PASSED] - verifyElementPresent(findTestObject("Login/Tittle Login"), 0): Object 'Object Repository/Login/Tittle Login' is present

2023-10-05 14:11:48 - [MESSAGE][WARNING] - Timeout '0' is invalid. Using default page load timeout: '30'

2023-10-05 14:11:48 - [MESSAGE][PASSED] - Object 'Object Repository/Login/Tittle Login' is present

2023-10-05 14:11:48 - [TEST_STEP][PASSED] - setText(findTestObject("Login/input_Username, Email atau No. Handphone_a"), username): Text 'irfanafandi' is set on object 'Object Repository/Login/input_Username, Email atau No. Handphone_a'

2023-10-05 14:11:49 - [MESSAGE][PASSED] - Text 'irfanafandi' is set on object 'Object Repository/Login/input_Username, Email atau No. Handphone_a'

2023-10-05 14:11:49 - [TEST_STEP][PASSED] - setText(findTestObject("Login/input_Password_b"), password): Text '12345irfan' is set on object 'Object Repository/Login/input_Password_b'

2023-10-05 14:11:50 - [MESSAGE][PASSED] - Text '12345irfan' is set on object 'Object Repository/Login/input_Password_b'

2023-10-05 14:11:50 - [TEST_STEP][PASSED] - click(findTestObject("Login/label_Ingat saya")): Object: 'Object Repository/Login/label_Ingat saya' is clicked on

2023-10-05 14:11:51 - [MESSAGE][PASSED] - Object: 'Object Repository/Login/label_Ingat saya' is clicked on

2023-10-05 14:11:51 - [TEST_STEP][PASSED] - click(findTestObject("Login/button_Masuk")): Object: 'Object Repository/Login/button_Masuk' is clicked on

2023-10-05 14:11:52 - [MESSAGE][PASSED] - Object: 'Object Repository/Login/button_Masuk' is clicked on

2023-10-05 14:11:52 - [TEST_STEP][PASSED] - verifyElementPresent(findTestObject("Login/li_Profile"), 0): Object 'Object Repository/Login/li_Profile' is present

2023-10-05 14:11:52 - [MESSAGE][WARNING] - Timeout '0' is invalid. Using default page load timeout: '30'

2023-10-05 14:11:53 - [MESSAGE][PASSED] - Object 'Object Repository/Login/li_Profile' is present

2023-10-05 14:11:53 - [MESSAGE][PASSED] - Call Test Case 'Test Cases/T13 Pembelian, Shipment dan Pembayaran/LU-001' successfully

2023-10-05 14:11:53 - [TEST_STEP][PASSED] - mouseOver(findTestObject("beli barang/i_Mulai Belanja_icon-menu")): Object: 'Object Repository/beli barang/i_Mulai Belanja_icon-menu' is hovered

2023-10-05 14:11:53 - [MESSAGE][PASSED] - Object: 'Object Repository/beli barang/i_Mulai Belanja_icon-menu' is hovered

2023-10-05 14:11:53 - [TEST_STEP][PASSED] - click(findTestObject("beli barang/a_Fashion  Busana Wanita")): Object: 'Object Repository/beli barang/a_Fashion  Busana Wanita' is clicked on

2023-10-05 14:11:54 - [MESSAGE][PASSED] - Object: 'Object Repository/beli barang/a_Fashion  Busana Wanita' is clicked on

2023-10-05 14:11:54 - [TEST_STEP][PASSED] - NamaSebelum = getText(findTestObject("verifikasi/Nama sebelum")): Text of object 'Object Repository/verifikasi/Nama sebelum' is: ''

2023-10-05 14:11:55 - [MESSAGE][PASSED] - Text of object 'Object Repository/verifikasi/Nama sebelum' is: ''

2023-10-05 14:11:55 - [TEST_STEP][PASSED] - HargaSebelum = getText(findTestObject("verifikasi/Harga sebelum")): Text of object 'Object Repository/verifikasi/Harga sebelum' is: 'Rp 1,299'

2023-10-05 14:11:55 - [MESSAGE][PASSED] - Text of object 'Object Repository/verifikasi/Harga sebelum' is: 'Rp 1,299'

2023-10-05 14:11:55 - [TEST_STEP][PASSED] - mouseOver(findTestObject("beli barang/barang mouse over")): Object: 'Object Repository/beli barang/barang mouse over' is hovered

2023-10-05 14:11:56 - [MESSAGE][PASSED] - Object: 'Object Repository/beli barang/barang mouse over' is hovered

2023-10-05 14:11:56 - [TEST_STEP][PASSED] - click(findTestObject("beli barang/buttom add to cart")): Object: 'Object Repository/beli barang/buttom add to cart' is clicked on

2023-10-05 14:11:58 - [MESSAGE][PASSED] - Object: 'Object Repository/beli barang/buttom add to cart' is clicked on

2023-10-05 14:11:58 - [TEST_STEP][PASSED] - NamaSesudah = getText(findTestObject("verifikasi/Nama sesudah")): Text of object 'Object Repository/verifikasi/Nama sesudah' is: 'Segitiga Instan Madeira - MDB5.3 Sunset'

2023-10-05 14:11:58 - [MESSAGE][PASSED] - Text of object 'Object Repository/verifikasi/Nama sesudah' is: 'Segitiga Instan Madeira - MDB5.3 Sunset'

2023-10-05 14:11:58 - [TEST_STEP][PASSED] - HargaSesudah = getText(findTestObject("verifikasi/Harga sesudah")): Text of object 'Object Repository/verifikasi/Harga sesudah' is: 'Rp 1,299'

2023-10-05 14:11:59 - [MESSAGE][PASSED] - Text of object 'Object Repository/verifikasi/Harga sesudah' is: 'Rp 1,299'

2023-10-05 14:11:59 - [TEST_STEP][PASSED] - assert NamaSesudah.contains(NamaSebelum): null

2023-10-05 14:11:59 - [TEST_STEP][PASSED] - assert HargaSesudah.contains(HargaSebelum): null

2023-10-05 14:11:59 - [TEST_STEP][PASSED] - click(findTestObject("beli barang/Tambah Keranjang busana wanita")): Object: 'Object Repository/beli barang/Tambah Keranjang busana wanita' is clicked on

2023-10-05 14:11:59 - [MESSAGE][PASSED] - Object: 'Object Repository/beli barang/Tambah Keranjang busana wanita' is clicked on

2023-10-05 14:11:59 - [TEST_STEP][PASSED] - verifyElementPresent(findTestObject("checkout/Notifikasi keranjang"), 1): Object 'Object Repository/checkout/Notifikasi keranjang' is present

2023-10-05 14:12:00 - [MESSAGE][PASSED] - Object 'Object Repository/checkout/Notifikasi keranjang' is present

2023-10-05 14:12:00 - [TEST_STEP][PASSED] - data = new java.util.HashMap(): null

2023-10-05 14:12:00 - [TEST_STEP][PASSED] - data.put("nama_barang", NamaSesudah): null

2023-10-05 14:12:00 - [TEST_STEP][PASSED] - data.put("price_barang", HargaSesudah): null

2023-10-05 14:12:00 - [TEST_STEP][PASSED] - return data: null

2023-10-05 14:12:00 - [MESSAGE][PASSED] - Call Test Case 'Test Cases/T13 Pembelian, Shipment dan Pembayaran/PBL-001' successfully

2023-10-05 14:12:00 - [TEST_STEP][PASSED] - mouseOver(findTestObject("beli barang/keranjang")): Object: 'Object Repository/beli barang/keranjang' is hovered

2023-10-05 14:12:00 - [MESSAGE][PASSED] - Object: 'Object Repository/beli barang/keranjang' is hovered

2023-10-05 14:12:00 - [TEST_STEP][PASSED] - click(findTestObject("beli barang/Lihat Sekarang")): Object: 'Object Repository/beli barang/Lihat Sekarang' is clicked on

2023-10-05 14:12:01 - [MESSAGE][PASSED] - Object: 'Object Repository/beli barang/Lihat Sekarang' is clicked on

2023-10-05 14:12:01 - [TEST_STEP][PASSED] - verifyElementPresent(findTestObject("keranjang/li_Keranjang Belanja"), 0): Object 'Object Repository/keranjang/li_Keranjang Belanja' is present

2023-10-05 14:12:02 - [MESSAGE][WARNING] - Timeout '0' is invalid. Using default page load timeout: '30'

2023-10-05 14:12:03 - [MESSAGE][PASSED] - Object 'Object Repository/keranjang/li_Keranjang Belanja' is present

2023-10-05 14:12:03 - [TEST_STEP][PASSED] - NamaKeranjang = getText(findTestObject("verifikasi/Nama keranjang")): Text of object 'Object Repository/verifikasi/Nama keranjang' is: 'Segitiga Instan Madeira - MDB5.3 Sunset'

2023-10-05 14:12:03 - [MESSAGE][PASSED] - Text of object 'Object Repository/verifikasi/Nama keranjang' is: 'Segitiga Instan Madeira - MDB5.3 Sunset'

2023-10-05 14:12:03 - [TEST_STEP][PASSED] - HargaKeranjang = getText(findTestObject("verifikasi/Harga Keranjang")): Text of object 'Object Repository/verifikasi/Harga Keranjang' is: 'Rp 1,299'

2023-10-05 14:12:03 - [MESSAGE][PASSED] - Text of object 'Object Repository/verifikasi/Harga Keranjang' is: 'Rp 1,299'

2023-10-05 14:12:03 - [TEST_STEP][PASSED] - if (toString().equalsIgnoreCase("Merah")): Object 'Object Repository/keranjang/input_Warna_variasi101' is checked

2023-10-05 14:12:03 - [TEST_STEP][PASSED] - check(findTestObject("Object Repository/keranjang/input_Warna_variasi101")): Object 'Object Repository/keranjang/input_Warna_variasi101' is checked

2023-10-05 14:12:04 - [MESSAGE][PASSED] - Object 'Object Repository/keranjang/input_Warna_variasi101' is checked

2023-10-05 14:12:04 - [TEST_STEP][PASSED] - if (toString().equalsIgnoreCase("Menengah")): Object 'Object Repository/keranjang/input_Ukuran_variasi201' is checked

2023-10-05 14:12:04 - [TEST_STEP][PASSED] - check(findTestObject("Object Repository/keranjang/input_Ukuran_variasi201")): Object 'Object Repository/keranjang/input_Ukuran_variasi201' is checked

2023-10-05 14:12:04 - [MESSAGE][PASSED] - Object 'Object Repository/keranjang/input_Ukuran_variasi201' is checked

2023-10-05 14:12:04 - [TEST_STEP][PASSED] - data.put("Warna", warna): null

2023-10-05 14:12:04 - [TEST_STEP][PASSED] - data.put("Ukuran", ukuran): null

2023-10-05 14:12:04 - [TEST_STEP][PASSED] - click(findTestObject("keranjang/button_Lanjut ke Pembayaran")): Object: 'Object Repository/keranjang/button_Lanjut ke Pembayaran' is clicked on

2023-10-05 14:12:06 - [MESSAGE][PASSED] - Object: 'Object Repository/keranjang/button_Lanjut ke Pembayaran' is clicked on

2023-10-05 14:12:06 - [TEST_STEP][PASSED] - verifyElementPresent(findTestObject("checkout/Tittle Checkout Order"), 0): Object 'Object Repository/checkout/Tittle Checkout Order' is present

2023-10-05 14:12:06 - [MESSAGE][WARNING] - Timeout '0' is invalid. Using default page load timeout: '30'

2023-10-05 14:12:07 - [MESSAGE][PASSED] - Object 'Object Repository/checkout/Tittle Checkout Order' is present

2023-10-05 14:12:07 - [TEST_STEP][PASSED] - name_product = data.get("nama_barang"): null

2023-10-05 14:12:07 - [TEST_STEP][PASSED] - price_product = data.get("price_barang"): null

2023-10-05 14:12:07 - [TEST_STEP][PASSED] - assert name_product == NamaKeranjang: null

2023-10-05 14:12:07 - [TEST_STEP][PASSED] - assert price_product == HargaKeranjang: null

2023-10-05 14:12:07 - [TEST_STEP][PASSED] - return data: null

2023-10-05 14:12:07 - [MESSAGE][PASSED] - Call Test Case 'Test Cases/T13 Pembelian, Shipment dan Pembayaran/PBL-002' successfully

2023-10-05 14:12:07 - [TEST_STEP][PASSED] - warnaa = getText(findTestObject("verifikasi/warna Merah")): Text of object 'Object Repository/verifikasi/warna Merah' is: 'Merah'

2023-10-05 14:12:07 - [MESSAGE][PASSED] - Text of object 'Object Repository/verifikasi/warna Merah' is: 'Merah'

2023-10-05 14:12:07 - [TEST_STEP][PASSED] - ukurann = getText(findTestObject("verifikasi/Ukuran Menengah")): Text of object 'Object Repository/verifikasi/Ukuran Menengah' is: 'Menengah'

2023-10-05 14:12:07 - [MESSAGE][PASSED] - Text of object 'Object Repository/verifikasi/Ukuran Menengah' is: 'Menengah'

2023-10-05 14:12:07 - [TEST_STEP][PASSED] - warna1 = data.get("Warna"): null

2023-10-05 14:12:07 - [TEST_STEP][PASSED] - ukuran1 = data.get("Ukuran"): null

2023-10-05 14:12:07 - [TEST_STEP][PASSED] - assert warnaa == warna1: null

2023-10-05 14:12:07 - [TEST_STEP][PASSED] - assert ukurann == ukuran1: null

2023-10-05 14:12:07 - [TEST_STEP][PASSED] - NamaCheckout = getText(findTestObject("verifikasi/NamaCheckout")): Text of object 'Object Repository/verifikasi/NamaCheckout' is: ''

2023-10-05 14:12:08 - [MESSAGE][PASSED] - Text of object 'Object Repository/verifikasi/NamaCheckout' is: ''

2023-10-05 14:12:08 - [TEST_STEP][PASSED] - HargaCheckout = getText(findTestObject("verifikasi/HargaCheckout")): Text of object 'Object Repository/verifikasi/HargaCheckout' is: '1,299'

2023-10-05 14:12:08 - [MESSAGE][PASSED] - Text of object 'Object Repository/verifikasi/HargaCheckout' is: '1,299'

2023-10-05 14:12:08 - [TEST_STEP][PASSED] - name_product = data.get("nama_barang"): null

2023-10-05 14:12:08 - [TEST_STEP][PASSED] - price_product = data.get("price_barang"): null

2023-10-05 14:12:08 - [TEST_STEP][PASSED] - assert name_product.contains(NamaCheckout): null

2023-10-05 14:12:08 - [TEST_STEP][PASSED] - assert price_product.contains(HargaCheckout): null

2023-10-05 14:12:08 - [TEST_STEP][PASSED] - selectOptionByLabel(findTestObject("checkout/select - Kirim via Kurir Lokal"), Kurir, false): All options with label 'Roda 2' are selected in object 'Object Repository/checkout/select - Kirim via Kurir Lokal' 

2023-10-05 14:12:09 - [MESSAGE][PASSED] - All options with label 'Roda 2' are selected in object 'Object Repository/checkout/select - Kirim via Kurir Lokal' 

2023-10-05 14:12:09 - [TEST_STEP][PASSED] - click(findTestObject("checkout/Kendaraan Kurir")): Object: 'Object Repository/checkout/Kendaraan Kurir' is clicked on

2023-10-05 14:12:09 - [MESSAGE][PASSED] - Object: 'Object Repository/checkout/Kendaraan Kurir' is clicked on

2023-10-05 14:12:09 - [TEST_STEP][PASSED] - OngkosKirim = getText(findTestObject("Object Repository/verifikasi/Ongkos Kirim checkout")): Text of object 'Object Repository/verifikasi/Ongkos Kirim checkout' is: 'Rp. 5,000'

2023-10-05 14:12:10 - [MESSAGE][PASSED] - Text of object 'Object Repository/verifikasi/Ongkos Kirim checkout' is: 'Rp. 5,000'

2023-10-05 14:12:10 - [TEST_STEP][PASSED] - Ongkos = OngkosKirim.substring(3, OngkosKirim.size()): null

2023-10-05 14:12:10 - [TEST_STEP][PASSED] - rep = Ongkos.replace(",", "."): null

2023-10-05 14:12:10 - [TEST_STEP][PASSED] - Ongkos_kirim = Double.parseDouble(rep): null

2023-10-05 14:12:10 - [TEST_STEP][PASSED] - println(Ongkos_kirim): null

2023-10-05 14:12:10 - [TEST_STEP][PASSED] - FeeAdmin = getText(findTestObject("verifikasi/Fee Admin checkout")): Text of object 'Object Repository/verifikasi/Fee Admin checkout' is: 'Fee Admin
Rp 1,500'

2023-10-05 14:12:10 - [MESSAGE][PASSED] - Text of object 'Object Repository/verifikasi/Fee Admin checkout' is: 'Fee Admin
Rp 1,500'

2023-10-05 14:12:10 - [TEST_STEP][PASSED] - Fee_Admin = FeeAdmin.substring(12, FeeAdmin.size()): null

2023-10-05 14:12:10 - [TEST_STEP][PASSED] - fee = Fee_Admin.replace(",", "."): null

2023-10-05 14:12:10 - [TEST_STEP][PASSED] - fee_admin = Double.parseDouble(fee): null

2023-10-05 14:12:10 - [TEST_STEP][PASSED] - println(fee_admin): null

2023-10-05 14:12:10 - [TEST_STEP][PASSED] - Subtotal = getText(findTestObject("verifikasi/subtotal checkout")): Text of object 'Object Repository/verifikasi/subtotal checkout' is: 'Subtotal
Rp 1,299'

2023-10-05 14:12:11 - [MESSAGE][PASSED] - Text of object 'Object Repository/verifikasi/subtotal checkout' is: 'Subtotal
Rp 1,299'

2023-10-05 14:12:11 - [TEST_STEP][PASSED] - sub_total = Subtotal.substring(12, Subtotal.size()): null

2023-10-05 14:12:11 - [TEST_STEP][PASSED] - sub = sub_total.replace(",", "."): null

2023-10-05 14:12:11 - [TEST_STEP][PASSED] - sub_total = Double.parseDouble(sub): null

2023-10-05 14:12:11 - [TEST_STEP][PASSED] - println(sub_total): null

2023-10-05 14:12:11 - [TEST_STEP][PASSED] - Total = getText(findTestObject("verifikasi/Total checkout")): Text of object 'Object Repository/verifikasi/Total checkout' is: 'Rp 7,799'

2023-10-05 14:12:11 - [MESSAGE][PASSED] - Text of object 'Object Repository/verifikasi/Total checkout' is: 'Rp 7,799'

2023-10-05 14:12:11 - [TEST_STEP][PASSED] - totall = Total.substring(3, Total.size()): null

2023-10-05 14:12:11 - [TEST_STEP][PASSED] - total = totall.replace(",", "."): null

2023-10-05 14:12:11 - [TEST_STEP][PASSED] - totall = Double.parseDouble(total): null

2023-10-05 14:12:11 - [TEST_STEP][PASSED] - println(totall): null

2023-10-05 14:12:11 - [TEST_STEP][PASSED] - Total_Harga = Ongkos_kirim + fee_admin + sub_total: null

2023-10-05 14:12:11 - [TEST_STEP][PASSED] - println(Total_Harga): null

2023-10-05 14:12:11 - [TEST_STEP][PASSED] - TotalHarga = Math.round(Total_Harga * 1000) / 1000: null

2023-10-05 14:12:11 - [TEST_STEP][PASSED] - println(TotalHarga): null

2023-10-05 14:12:11 - [TEST_STEP][PASSED] - assert totall == TotalHarga: null

2023-10-05 14:12:11 - [TEST_STEP][PASSED] - click(findTestObject("verifikasi/Metode Transfer")): Object: 'Object Repository/verifikasi/Metode Transfer' is clicked on

2023-10-05 14:12:12 - [MESSAGE][PASSED] - Object: 'Object Repository/verifikasi/Metode Transfer' is clicked on

2023-10-05 14:12:12 - [TEST_STEP][PASSED] - click(findTestObject("checkout/button_Proses Pembayaran")): Object: 'Object Repository/checkout/button_Proses Pembayaran' is clicked on

2023-10-05 14:12:21 - [MESSAGE][PASSED] - Object: 'Object Repository/checkout/button_Proses Pembayaran' is clicked on

2023-10-05 14:12:21 - [TEST_STEP][PASSED] - verifyElementPresent(findTestObject("pembayaran/Tittle nomor invoice"), 0): Object 'Object Repository/pembayaran/Tittle nomor invoice' is present

2023-10-05 14:12:21 - [MESSAGE][WARNING] - Timeout '0' is invalid. Using default page load timeout: '30'

2023-10-05 14:12:21 - [MESSAGE][PASSED] - Object 'Object Repository/pembayaran/Tittle nomor invoice' is present

2023-10-05 14:12:21 - [TEST_STEP][PASSED] - return data: null

2023-10-05 14:12:21 - [MESSAGE][PASSED] - Call Test Case 'Test Cases/T13 Pembelian, Shipment dan Pembayaran/PBL-004' successfully

2023-10-05 14:12:21 - [TEST_STEP][PASSED] - Invoice = getText(findTestObject("pembayaran/nomor invoice")): Text of object 'Object Repository/pembayaran/nomor invoice' is: 'TRX60.20231005141216'

2023-10-05 14:12:22 - [MESSAGE][PASSED] - Text of object 'Object Repository/pembayaran/nomor invoice' is: 'TRX60.20231005141216'

2023-10-05 14:12:22 - [TEST_STEP][PASSED] - data.put("invoice", Invoice): null

2023-10-05 14:12:22 - [TEST_STEP][PASSED] - NamaPemesan = getText(findTestObject("Konfirmasi pesanan shop/Nama pemesan")): Text of object 'Object Repository/Konfirmasi pesanan shop/Nama pemesan' is: 'irfan.afandi'

2023-10-05 14:12:23 - [MESSAGE][PASSED] - Text of object 'Object Repository/Konfirmasi pesanan shop/Nama pemesan' is: 'irfan.afandi'

2023-10-05 14:12:23 - [TEST_STEP][PASSED] - Nama = getText(findTestObject("pembayaran/Nama barang")): Text of object 'Object Repository/pembayaran/Nama barang' is: 'Segitiga Instan Madeira - MDB5.3 Sunset'

2023-10-05 14:12:23 - [MESSAGE][PASSED] - Text of object 'Object Repository/pembayaran/Nama barang' is: 'Segitiga Instan Madeira - MDB5.3 Sunset'

2023-10-05 14:12:23 - [TEST_STEP][PASSED] - Harga = getText(findTestObject("pembayaran/Harga barang")): Text of object 'Object Repository/pembayaran/Harga barang' is: '1,299'

2023-10-05 14:12:24 - [MESSAGE][PASSED] - Text of object 'Object Repository/pembayaran/Harga barang' is: '1,299'

2023-10-05 14:12:24 - [TEST_STEP][PASSED] - name_product = data.get("nama_barang"): null

2023-10-05 14:12:24 - [TEST_STEP][PASSED] - price_product = data.get("price_barang"): null

2023-10-05 14:12:24 - [TEST_STEP][PASSED] - assert name_product.contains(Nama): null

2023-10-05 14:12:24 - [TEST_STEP][PASSED] - assert price_product.contains(Harga): null

2023-10-05 14:12:24 - [TEST_STEP][PASSED] - warnaa = getText(findTestObject("pembayaran/warna")): Text of object 'Object Repository/pembayaran/warna' is: 'Merah'

2023-10-05 14:12:24 - [MESSAGE][PASSED] - Text of object 'Object Repository/pembayaran/warna' is: 'Merah'

2023-10-05 14:12:24 - [TEST_STEP][PASSED] - ukurann = getText(findTestObject("pembayaran/ukuran")): Text of object 'Object Repository/pembayaran/ukuran' is: 'Menengah'

2023-10-05 14:12:25 - [MESSAGE][PASSED] - Text of object 'Object Repository/pembayaran/ukuran' is: 'Menengah'

2023-10-05 14:12:25 - [TEST_STEP][PASSED] - warna1 = data.get("Warna"): null

2023-10-05 14:12:25 - [TEST_STEP][PASSED] - ukuran1 = data.get("Ukuran"): null

2023-10-05 14:12:25 - [TEST_STEP][PASSED] - assert warnaa == warna1: null

2023-10-05 14:12:25 - [TEST_STEP][PASSED] - assert ukurann == ukuran1: null

2023-10-05 14:12:25 - [TEST_STEP][PASSED] - statusPembelian = getText(findTestObject("verifikasi/Status pending di pembelian")): Text of object 'Object Repository/verifikasi/Status pending di pembelian' is: 'Pending'

2023-10-05 14:12:25 - [MESSAGE][PASSED] - Text of object 'Object Repository/verifikasi/Status pending di pembelian' is: 'Pending'

2023-10-05 14:12:25 - [TEST_STEP][PASSED] - data.put("statusPem", statusPembelian): null

2023-10-05 14:12:25 - [TEST_STEP][PASSED] - OngkosKirim = getText(findTestObject("pembayaran/ongkos kirim")): Text of object 'Object Repository/pembayaran/ongkos kirim' is: 'Rp 5,000'

2023-10-05 14:12:25 - [MESSAGE][PASSED] - Text of object 'Object Repository/pembayaran/ongkos kirim' is: 'Rp 5,000'

2023-10-05 14:12:25 - [TEST_STEP][PASSED] - Ongkos = OngkosKirim.substring(3, OngkosKirim.size()): null

2023-10-05 14:12:25 - [TEST_STEP][PASSED] - rep = Ongkos.replace(",", ""): null

2023-10-05 14:12:25 - [TEST_STEP][PASSED] - Ongkos_kirimm = Integer.parseInt(rep): null

2023-10-05 14:12:25 - [TEST_STEP][PASSED] - println(Ongkos_kirimm): null

2023-10-05 14:12:25 - [TEST_STEP][PASSED] - FeeAdmin = getText(findTestObject("pembayaran/fee admin")): Text of object 'Object Repository/pembayaran/fee admin' is: 'Rp 1,500'

2023-10-05 14:12:26 - [MESSAGE][PASSED] - Text of object 'Object Repository/pembayaran/fee admin' is: 'Rp 1,500'

2023-10-05 14:12:26 - [TEST_STEP][PASSED] - Fee_Admin = FeeAdmin.substring(3, FeeAdmin.size()): null

2023-10-05 14:12:26 - [TEST_STEP][PASSED] - fee = Fee_Admin.replace(",", ""): null

2023-10-05 14:12:26 - [TEST_STEP][PASSED] - fee_adminn = Integer.parseInt(fee): null

2023-10-05 14:12:26 - [TEST_STEP][PASSED] - println(fee_adminn): null

2023-10-05 14:12:26 - [TEST_STEP][PASSED] - Subtotal = getText(findTestObject("pembayaran/subtotal")): Text of object 'Object Repository/pembayaran/subtotal' is: 'Rp 1,299'

2023-10-05 14:12:27 - [MESSAGE][PASSED] - Text of object 'Object Repository/pembayaran/subtotal' is: 'Rp 1,299'

2023-10-05 14:12:27 - [TEST_STEP][PASSED] - sub_total = Subtotal.substring(3, Subtotal.size()): null

2023-10-05 14:12:27 - [TEST_STEP][PASSED] - sub = sub_total.replace(",", ""): null

2023-10-05 14:12:27 - [TEST_STEP][PASSED] - sub_totall = Integer.parseInt(sub): null

2023-10-05 14:12:27 - [TEST_STEP][PASSED] - println(sub_totall): null

2023-10-05 14:12:27 - [TEST_STEP][PASSED] - unik = getText(findTestObject("pembayaran/kode unik")): Text of object 'Object Repository/pembayaran/kode unik' is: '+216'

2023-10-05 14:12:27 - [MESSAGE][PASSED] - Text of object 'Object Repository/pembayaran/kode unik' is: '+216'

2023-10-05 14:12:27 - [TEST_STEP][PASSED] - unikk = unik.replace("+", ""): null

2023-10-05 14:12:27 - [TEST_STEP][PASSED] - kode_unik = Integer.parseInt(unikk): null

2023-10-05 14:12:27 - [TEST_STEP][PASSED] - println(kode_unik): null

2023-10-05 14:12:27 - [TEST_STEP][PASSED] - Total = getText(findTestObject("pembayaran/total")): Text of object 'Object Repository/pembayaran/total' is: '8,015'

2023-10-05 14:12:27 - [MESSAGE][PASSED] - Text of object 'Object Repository/pembayaran/total' is: '8,015'

2023-10-05 14:12:27 - [TEST_STEP][PASSED] - total = Total.replace(",", ""): null

2023-10-05 14:12:27 - [TEST_STEP][PASSED] - totalll = Integer.parseInt(total): null

2023-10-05 14:12:27 - [TEST_STEP][PASSED] - println(totalll): null

2023-10-05 14:12:27 - [TEST_STEP][PASSED] - Total_Hargaa = Ongkos_kirimm + fee_adminn + sub_totall + kode_unik: null

2023-10-05 14:12:27 - [TEST_STEP][PASSED] - println(Total_Hargaa): null

2023-10-05 14:12:27 - [TEST_STEP][PASSED] - assert totalll == Total_Hargaa: null

2023-10-05 14:12:27 - [TEST_STEP][PASSED] - data.put("total", Total): null

2023-10-05 14:12:27 - [TEST_STEP][PASSED] - data.put("nama", NamaPemesan): null

2023-10-05 14:12:27 - [TEST_STEP][PASSED] - return data: null

2023-10-05 14:12:27 - [MESSAGE][PASSED] - Call Test Case 'Test Cases/T13 Pembelian, Shipment dan Pembayaran/PBY-001' successfully

2023-10-05 14:12:27 - [TEST_STEP][PASSED] - inv = data.get("invoice"): null

2023-10-05 14:12:27 - [TEST_STEP][PASSED] - Total = data.get("total"): null

2023-10-05 14:12:27 - [TEST_STEP][PASSED] - NamaPemesan = data.get("nama"): null

2023-10-05 14:12:27 - [TEST_STEP][PASSED] - click(findTestObject("Konfirmasi pesanan shop/Menu Shop")): Object: 'Object Repository/Konfirmasi pesanan shop/Menu Shop' is clicked on

2023-10-05 14:12:29 - [MESSAGE][PASSED] - Object: 'Object Repository/Konfirmasi pesanan shop/Menu Shop' is clicked on

2023-10-05 14:12:29 - [TEST_STEP][PASSED] - click(findTestObject("Konfirmasi pesanan shop/Menu Shop")): Object: 'Object Repository/Konfirmasi pesanan shop/Menu Shop' is clicked on

2023-10-05 14:12:30 - [MESSAGE][PASSED] - Object: 'Object Repository/Konfirmasi pesanan shop/Menu Shop' is clicked on

2023-10-05 14:12:30 - [TEST_STEP][PASSED] - click(findTestObject("Konfirmasi pesanan shop/Konfirmasi Orders")): Object: 'Object Repository/Konfirmasi pesanan shop/Konfirmasi Orders' is clicked on

2023-10-05 14:12:31 - [MESSAGE][PASSED] - Object: 'Object Repository/Konfirmasi pesanan shop/Konfirmasi Orders' is clicked on

2023-10-05 14:12:31 - [TEST_STEP][PASSED] - verifyElementPresent(findTestObject("Konfirmasi pesanan shop/Tittle Konfirmasi Pesanan"), 0): Object 'Object Repository/Konfirmasi pesanan shop/Tittle Konfirmasi Pesanan' is present

2023-10-05 14:12:31 - [MESSAGE][WARNING] - Timeout '0' is invalid. Using default page load timeout: '30'

2023-10-05 14:12:32 - [MESSAGE][PASSED] - Object 'Object Repository/Konfirmasi pesanan shop/Tittle Konfirmasi Pesanan' is present

2023-10-05 14:12:32 - [TEST_STEP][PASSED] - setText(findTestObject("Konfirmasi pesanan shop/input_No Pesanan"), inv): Text 'TRX60.20231005141216' is set on object 'Object Repository/Konfirmasi pesanan shop/input_No Pesanan'

2023-10-05 14:12:32 - [MESSAGE][PASSED] - Text 'TRX60.20231005141216' is set on object 'Object Repository/Konfirmasi pesanan shop/input_No Pesanan'

2023-10-05 14:12:32 - [TEST_STEP][PASSED] - setText(findTestObject("Konfirmasi pesanan shop/input_Alamat E-mai"), "irfan@gmail.com"): Text 'irfan@gmail.com' is set on object 'Object Repository/Konfirmasi pesanan shop/input_Alamat E-mai'

2023-10-05 14:12:33 - [MESSAGE][PASSED] - Text 'irfan@gmail.com' is set on object 'Object Repository/Konfirmasi pesanan shop/input_Alamat E-mai'

2023-10-05 14:12:33 - [TEST_STEP][PASSED] - click(findTestObject("Konfirmasi pesanan shop/button_Submit")): Object: 'Object Repository/Konfirmasi pesanan shop/button_Submit' is clicked on

2023-10-05 14:12:34 - [MESSAGE][PASSED] - Object: 'Object Repository/Konfirmasi pesanan shop/button_Submit' is clicked on

2023-10-05 14:12:34 - [TEST_STEP][PASSED] - verifyElementPresent(findTestObject("Konfirmasi pesanan shop/Tittle nomor invoice"), 0): Object 'Object Repository/Konfirmasi pesanan shop/Tittle nomor invoice' is present

2023-10-05 14:12:34 - [MESSAGE][WARNING] - Timeout '0' is invalid. Using default page load timeout: '30'

2023-10-05 14:12:35 - [MESSAGE][PASSED] - Object 'Object Repository/Konfirmasi pesanan shop/Tittle nomor invoice' is present

2023-10-05 14:12:35 - [TEST_STEP][PASSED] - setText(findTestObject("Konfirmasi pesanan shop/input_Total TagihanTransfer_b"), Total): Text '8,015' is set on object 'Object Repository/Konfirmasi pesanan shop/input_Total TagihanTransfer_b'

2023-10-05 14:12:36 - [MESSAGE][PASSED] - Text '8,015' is set on object 'Object Repository/Konfirmasi pesanan shop/input_Total TagihanTransfer_b'

2023-10-05 14:12:36 - [TEST_STEP][PASSED] - selectOptionByValue(findTestObject("Konfirmasi pesanan shop/select_Bank"), "4", false): All options with value '4' are selected in object 'Object Repository/Konfirmasi pesanan shop/select_Bank' 

2023-10-05 14:12:37 - [MESSAGE][PASSED] - All options with value '4' are selected in object 'Object Repository/Konfirmasi pesanan shop/select_Bank' 

2023-10-05 14:12:37 - [TEST_STEP][PASSED] - setText(findTestObject("Konfirmasi pesanan shop/input_Nama Pengirim_d"), NamaPemesan): Text 'irfan.afandi' is set on object 'Object Repository/Konfirmasi pesanan shop/input_Nama Pengirim_d'

2023-10-05 14:12:37 - [MESSAGE][PASSED] - Text 'irfan.afandi' is set on object 'Object Repository/Konfirmasi pesanan shop/input_Nama Pengirim_d'

2023-10-05 14:12:37 - [TEST_STEP][PASSED] - uploadFile(findTestObject("keranjang/konfirmasi/input_Upload Bukti Transfer_f"), "C:\Users\IRFAN\Downloads\Berkas2.pdf"): File 'C:\Users\IRFAN\Downloads\Berkas2.pdf' sent to object: 'Object Repository/keranjang/konfirmasi/input_Upload Bukti Transfer_f'

2023-10-05 14:12:38 - [MESSAGE][PASSED] - File 'C:\Users\IRFAN\Downloads\Berkas2.pdf' sent to object: 'Object Repository/keranjang/konfirmasi/input_Upload Bukti Transfer_f'

2023-10-05 14:12:38 - [TEST_STEP][PASSED] - click(findTestObject("Konfirmasi pesanan shop/button_Konfirmasi Pembayaran")): Object: 'Object Repository/Konfirmasi pesanan shop/button_Konfirmasi Pembayaran' is clicked on

2023-10-05 14:12:39 - [MESSAGE][PASSED] - Object: 'Object Repository/Konfirmasi pesanan shop/button_Konfirmasi Pembayaran' is clicked on

2023-10-05 14:12:39 - [TEST_STEP][PASSED] - verifyElementPresent(findTestObject("Konfirmasi pesanan shop/Tittle Konfirmasi Pesanan"), 0): Object 'Object Repository/Konfirmasi pesanan shop/Tittle Konfirmasi Pesanan' is present

2023-10-05 14:12:39 - [MESSAGE][WARNING] - Timeout '0' is invalid. Using default page load timeout: '30'

2023-10-05 14:12:40 - [MESSAGE][PASSED] - Object 'Object Repository/Konfirmasi pesanan shop/Tittle Konfirmasi Pesanan' is present

2023-10-05 14:12:40 - [TEST_STEP][PASSED] - verifyElementPresent(findTestObject("Konfirmasi pesanan shop/Tittle massage succes Konfirmasi Pembayaran Pesanan"), 0): Object 'Object Repository/Konfirmasi pesanan shop/Tittle massage succes Konfirmasi Pembayaran Pesanan' is present

2023-10-05 14:12:40 - [MESSAGE][WARNING] - Timeout '0' is invalid. Using default page load timeout: '30'

2023-10-05 14:12:40 - [MESSAGE][PASSED] - Object 'Object Repository/Konfirmasi pesanan shop/Tittle massage succes Konfirmasi Pembayaran Pesanan' is present

2023-10-05 14:12:40 - [TEST_STEP][PASSED] - return data: null

2023-10-05 14:12:40 - [MESSAGE][PASSED] - Call Test Case 'Test Cases/T13 Pembelian, Shipment dan Pembayaran/PBY-004' successfully

2023-10-05 14:12:40 - [TEST_STEP][PASSED] - navigateToUrl("https://10.9.2.63/ecommerce/administrator/"): Navigate to 'https://10.9.2.63/ecommerce/administrator/' successfully

2023-10-05 14:12:41 - [MESSAGE][PASSED] - Navigate to 'https://10.9.2.63/ecommerce/administrator/' successfully

2023-10-05 14:12:41 - [TEST_STEP][PASSED] - verifyElementPresent(findTestObject("admin/Tittle ADMIN Login"), 0): Object 'Object Repository/admin/Tittle ADMIN Login' is present

2023-10-05 14:12:41 - [MESSAGE][WARNING] - Timeout '0' is invalid. Using default page load timeout: '30'

2023-10-05 14:12:41 - [MESSAGE][PASSED] - Object 'Object Repository/admin/Tittle ADMIN Login' is present

2023-10-05 14:12:41 - [TEST_STEP][PASSED] - setText(findTestObject("admin/Username"), "admin"): Text 'admin' is set on object 'Object Repository/admin/Username'

2023-10-05 14:12:42 - [MESSAGE][PASSED] - Text 'admin' is set on object 'Object Repository/admin/Username'

2023-10-05 14:12:42 - [TEST_STEP][PASSED] - setText(findTestObject("admin/Password"), "123admin123"): Text '123admin123' is set on object 'Object Repository/admin/Password'

2023-10-05 14:12:43 - [MESSAGE][PASSED] - Text '123admin123' is set on object 'Object Repository/admin/Password'

2023-10-05 14:12:43 - [TEST_STEP][PASSED] - click(findTestObject("admin/Remember Me")): Object: 'Object Repository/admin/Remember Me' is clicked on

2023-10-05 14:12:43 - [MESSAGE][PASSED] - Object: 'Object Repository/admin/Remember Me' is clicked on

2023-10-05 14:12:43 - [TEST_STEP][PASSED] - delay(10): Delayed 10 second(s)

2023-10-05 14:12:53 - [MESSAGE][PASSED] - Delayed 10 second(s)

2023-10-05 14:12:53 - [TEST_STEP][PASSED] - click(findTestObject("admin/buttom submit")): Object: 'Object Repository/admin/buttom submit' is clicked on

2023-10-05 14:12:55 - [MESSAGE][PASSED] - Object: 'Object Repository/admin/buttom submit' is clicked on

2023-10-05 14:12:55 - [TEST_STEP][PASSED] - verifyElementPresent(findTestObject("admin/Konf order konsumen/Tittle Dashboard"), 0): Object 'Object Repository/admin/Konf order konsumen/Tittle Dashboard' is present

2023-10-05 14:12:55 - [MESSAGE][WARNING] - Timeout '0' is invalid. Using default page load timeout: '30'

2023-10-05 14:12:55 - [MESSAGE][PASSED] - Object 'Object Repository/admin/Konf order konsumen/Tittle Dashboard' is present

2023-10-05 14:12:55 - [TEST_STEP][PASSED] - click(findTestObject("admin/Konf order konsumen/Menu Transaksi Market")): Object: 'Object Repository/admin/Konf order konsumen/Menu Transaksi Market' is clicked on

2023-10-05 14:12:56 - [MESSAGE][PASSED] - Object: 'Object Repository/admin/Konf order konsumen/Menu Transaksi Market' is clicked on

2023-10-05 14:12:56 - [TEST_STEP][PASSED] - click(findTestObject("admin/Konf order konsumen/Menu Konf. Order Konsumen")): Object: 'Object Repository/admin/Konf order konsumen/Menu Konf. Order Konsumen' is clicked on

2023-10-05 14:12:57 - [MESSAGE][PASSED] - Object: 'Object Repository/admin/Konf order konsumen/Menu Konf. Order Konsumen' is clicked on

2023-10-05 14:12:57 - [TEST_STEP][PASSED] - verifyElementPresent(findTestObject("admin/Konf order konsumen/Tittle Data Konfirmasi Pembayaran Konsumen"), 0): Object 'Object Repository/admin/Konf order konsumen/Tittle Data Konfirmasi Pembayaran Konsumen' is present

2023-10-05 14:12:57 - [MESSAGE][WARNING] - Timeout '0' is invalid. Using default page load timeout: '30'

2023-10-05 14:12:58 - [MESSAGE][PASSED] - Object 'Object Repository/admin/Konf order konsumen/Tittle Data Konfirmasi Pembayaran Konsumen' is present

2023-10-05 14:12:58 - [TEST_STEP][PASSED] - inv = data.get("invoice"): null

2023-10-05 14:12:58 - [TEST_STEP][PASSED] - setText(findTestObject("admin/Konf order konsumen/Search"), inv): Text 'TRX60.20231005141216' is set on object 'Object Repository/admin/Konf order konsumen/Search'

2023-10-05 14:12:59 - [MESSAGE][PASSED] - Text 'TRX60.20231005141216' is set on object 'Object Repository/admin/Konf order konsumen/Search'

2023-10-05 14:12:59 - [TEST_STEP][PASSED] - verifyElementText(findTestObject("admin/Konf order konsumen/Keterangan Lunas"), "Lunas"): Actual text and expected text of test object 'Object Repository/admin/Konf order konsumen/Keterangan Lunas' are matched.

2023-10-05 14:12:59 - [MESSAGE][PASSED] - Actual text and expected text of test object 'Object Repository/admin/Konf order konsumen/Keterangan Lunas' are matched.

2023-10-05 14:12:59 - [TEST_STEP][PASSED] - return data: null

2023-10-05 14:12:59 - [MESSAGE][PASSED] - Call Test Case 'Test Cases/T13 Pembelian, Shipment dan Pembayaran/PBYA-001' successfully

2023-10-05 14:12:59 - [TEST_STEP][PASSED] - click(findTestObject("admin/Penjualan ke konsumen/buttom Dashboard")): Object: 'Object Repository/admin/Penjualan ke konsumen/buttom Dashboard' is clicked on

2023-10-05 14:13:00 - [MESSAGE][PASSED] - Object: 'Object Repository/admin/Penjualan ke konsumen/buttom Dashboard' is clicked on

2023-10-05 14:13:00 - [TEST_STEP][PASSED] - click(findTestObject("admin/Konf order konsumen/Menu Transaksi Market")): Object: 'Object Repository/admin/Konf order konsumen/Menu Transaksi Market' is clicked on

2023-10-05 14:13:01 - [MESSAGE][PASSED] - Object: 'Object Repository/admin/Konf order konsumen/Menu Transaksi Market' is clicked on

2023-10-05 14:13:01 - [TEST_STEP][PASSED] - click(findTestObject("admin/Penjualan ke konsumen/a_Penjualan ke Konsumen")): Object: 'Object Repository/admin/Penjualan ke konsumen/a_Penjualan ke Konsumen' is clicked on

2023-10-05 14:13:04 - [MESSAGE][PASSED] - Object: 'Object Repository/admin/Penjualan ke konsumen/a_Penjualan ke Konsumen' is clicked on

2023-10-05 14:13:04 - [TEST_STEP][PASSED] - verifyElementPresent(findTestObject("admin/Tittle Data Transaksi Penjualan  Orderan Konsumen"), 0): Object 'Object Repository/admin/Tittle Data Transaksi Penjualan  Orderan Konsumen' is present

2023-10-05 14:13:04 - [MESSAGE][WARNING] - Timeout '0' is invalid. Using default page load timeout: '30'

2023-10-05 14:13:04 - [MESSAGE][PASSED] - Object 'Object Repository/admin/Tittle Data Transaksi Penjualan  Orderan Konsumen' is present

2023-10-05 14:13:04 - [TEST_STEP][PASSED] - return data: null

2023-10-05 14:13:04 - [MESSAGE][PASSED] - Call Test Case 'Test Cases/T13 Pembelian, Shipment dan Pembayaran/SA-001' successfully

2023-10-05 14:13:04 - [TEST_STEP][PASSED] - inv = data.get("invoice"): null

2023-10-05 14:13:04 - [TEST_STEP][PASSED] - setText(findTestObject("admin/Penjualan ke konsumen/Search"), inv): Text 'TRX60.20231005141216' is set on object 'Object Repository/admin/Penjualan ke konsumen/Search'

2023-10-05 14:13:05 - [MESSAGE][PASSED] - Text 'TRX60.20231005141216' is set on object 'Object Repository/admin/Penjualan ke konsumen/Search'

2023-10-05 14:13:05 - [TEST_STEP][PASSED] - click(findTestObject("admin/Penjualan ke konsumen/buttom konfirmasi pending payment"), CONTINUE_ON_FAILURE): Object: 'Object Repository/admin/Penjualan ke konsumen/buttom konfirmasi pending payment' is clicked on

2023-10-05 14:13:06 - [MESSAGE][PASSED] - Object: 'Object Repository/admin/Penjualan ke konsumen/buttom konfirmasi pending payment' is clicked on

2023-10-05 14:13:06 - [TEST_STEP][PASSED] - waitForAlert(5, OPTIONAL): Alert is present after 5 second(s).

2023-10-05 14:13:06 - [MESSAGE][PASSED] - Alert is present after 5 second(s).

2023-10-05 14:13:06 - [TEST_STEP][PASSED] - acceptAlert(): Alert accepted

2023-10-05 14:13:06 - [MESSAGE][PASSED] - Alert accepted

2023-10-05 14:13:06 - [TEST_STEP][PASSED] - setText(findTestObject("admin/Penjualan ke konsumen/Search"), inv): Text 'TRX60.20231005141216' is set on object 'Object Repository/admin/Penjualan ke konsumen/Search'

2023-10-05 14:13:15 - [MESSAGE][PASSED] - Text 'TRX60.20231005141216' is set on object 'Object Repository/admin/Penjualan ke konsumen/Search'

2023-10-05 14:13:15 - [TEST_STEP][PASSED] - verifyTextNotPresent("pending payment", false): Text 'pending payment' is not present on page

2023-10-05 14:13:15 - [MESSAGE][PASSED] - Text 'pending payment' is not present on page

2023-10-05 14:13:15 - [TEST_STEP][PASSED] - return data: null

2023-10-05 14:13:15 - [MESSAGE][PASSED] - Call Test Case 'Test Cases/T13 Pembelian, Shipment dan Pembayaran/SA-002' successfully

2023-10-05 14:13:15 - [TEST_STEP][PASSED] - click(findTestObject("admin/Penjualan ke konsumen/buttom scroldown")): Object: 'Object Repository/admin/Penjualan ke konsumen/buttom scroldown' is clicked on

2023-10-05 14:13:16 - [MESSAGE][PASSED] - Object: 'Object Repository/admin/Penjualan ke konsumen/buttom scroldown' is clicked on

2023-10-05 14:13:16 - [TEST_STEP][PASSED] - click(findTestObject("admin/Penjualan ke konsumen/Dikirim"), CONTINUE_ON_FAILURE): Object: 'Object Repository/admin/Penjualan ke konsumen/Dikirim' is clicked on

2023-10-05 14:13:16 - [MESSAGE][PASSED] - Object: 'Object Repository/admin/Penjualan ke konsumen/Dikirim' is clicked on

2023-10-05 14:13:16 - [TEST_STEP][PASSED] - waitForAlert(5, OPTIONAL): Alert is present after 5 second(s).

2023-10-05 14:13:16 - [MESSAGE][PASSED] - Alert is present after 5 second(s).

2023-10-05 14:13:16 - [TEST_STEP][PASSED] - acceptAlert(): Alert accepted

2023-10-05 14:13:16 - [MESSAGE][PASSED] - Alert accepted

2023-10-05 14:13:16 - [TEST_STEP][PASSED] - inv = data.get("invoice"): null

2023-10-05 14:13:16 - [TEST_STEP][PASSED] - setText(findTestObject("admin/Penjualan ke konsumen/Search"), inv): Text 'TRX60.20231005141216' is set on object 'Object Repository/admin/Penjualan ke konsumen/Search'

2023-10-05 14:13:25 - [MESSAGE][PASSED] - Text 'TRX60.20231005141216' is set on object 'Object Repository/admin/Penjualan ke konsumen/Search'

2023-10-05 14:13:25 - [TEST_STEP][PASSED] - delay(10): Delayed 10 second(s)

2023-10-05 14:13:35 - [MESSAGE][PASSED] - Delayed 10 second(s)

2023-10-05 14:13:35 - [TEST_STEP][PASSED] - verifyElementText(findTestObject("PROSES PENJUALAN/Dikirim"), "Dikirim"): Actual text and expected text of test object 'Object Repository/PROSES PENJUALAN/Dikirim' are matched.

2023-10-05 14:13:36 - [MESSAGE][PASSED] - Actual text and expected text of test object 'Object Repository/PROSES PENJUALAN/Dikirim' are matched.

2023-10-05 14:13:36 - [TEST_STEP][PASSED] - dikirim = getText(findTestObject("PROSES PENJUALAN/Dikirim")): Text of object 'Object Repository/PROSES PENJUALAN/Dikirim' is: 'Dikirim'

2023-10-05 14:13:36 - [MESSAGE][PASSED] - Text of object 'Object Repository/PROSES PENJUALAN/Dikirim' is: 'Dikirim'

2023-10-05 14:13:36 - [TEST_STEP][PASSED] - data.put("statuskirim", dikirim): null

2023-10-05 14:13:36 - [TEST_STEP][PASSED] - return data: null

2023-10-05 14:13:36 - [MESSAGE][PASSED] - Call Test Case 'Test Cases/T13 Pembelian, Shipment dan Pembayaran/SA-004' successfully

2023-10-05 14:13:36 - [TEST_STEP][PASSED] - openBrowser("https://10.9.2.63/ecommerce/"): Browser is opened with url: 'https://10.9.2.63/ecommerce/'

2023-10-05 14:13:36 - [MESSAGE][WARNING] - A browser is already opened. Closing browser and opening a new one

2023-10-05 14:13:37 - [MESSAGE][INFO] - Starting 'Edge Chromium' driver

2023-10-05 14:13:37 - [MESSAGE][INFO] - User set preference: ['acceptInsecureCerts', 'true']

2023-10-05 14:13:39 - [MESSAGE][INFO] - Action delay is set to 0 milliseconds

2023-10-05 14:13:43 - [MESSAGE][PASSED] - Browser is opened with url: 'https://10.9.2.63/ecommerce/'

2023-10-05 14:13:43 - [TEST_STEP][PASSED] - maximizeWindow(): Current window maximized

2023-10-05 14:13:43 - [MESSAGE][PASSED] - Current window maximized

2023-10-05 14:13:43 - [TEST_STEP][PASSED] - verifyElementPresent(findTestObject("Login/Home"), 0): Object 'Object Repository/Login/Home' is present

2023-10-05 14:13:43 - [MESSAGE][WARNING] - Timeout '0' is invalid. Using default page load timeout: '30'

2023-10-05 14:13:44 - [MESSAGE][PASSED] - Object 'Object Repository/Login/Home' is present

2023-10-05 14:13:44 - [TEST_STEP][PASSED] - click(findTestObject("Login/a_Login")): Object: 'Object Repository/Login/a_Login' is clicked on

2023-10-05 14:13:44 - [MESSAGE][PASSED] - Object: 'Object Repository/Login/a_Login' is clicked on

2023-10-05 14:13:44 - [TEST_STEP][PASSED] - verifyElementPresent(findTestObject("Login/Tittle Login"), 0): Object 'Object Repository/Login/Tittle Login' is present

2023-10-05 14:13:44 - [MESSAGE][WARNING] - Timeout '0' is invalid. Using default page load timeout: '30'

2023-10-05 14:13:45 - [MESSAGE][PASSED] - Object 'Object Repository/Login/Tittle Login' is present

2023-10-05 14:13:45 - [TEST_STEP][PASSED] - setText(findTestObject("Login/input_Username, Email atau No. Handphone_a"), "irfanafandi"): Text 'irfanafandi' is set on object 'Object Repository/Login/input_Username, Email atau No. Handphone_a'

2023-10-05 14:13:45 - [MESSAGE][PASSED] - Text 'irfanafandi' is set on object 'Object Repository/Login/input_Username, Email atau No. Handphone_a'

2023-10-05 14:13:45 - [TEST_STEP][PASSED] - setText(findTestObject("Login/input_Password_b"), "12345irfan"): Text '12345irfan' is set on object 'Object Repository/Login/input_Password_b'

2023-10-05 14:13:46 - [MESSAGE][PASSED] - Text '12345irfan' is set on object 'Object Repository/Login/input_Password_b'

2023-10-05 14:13:46 - [TEST_STEP][PASSED] - click(findTestObject("Login/button_Masuk")): Object: 'Object Repository/Login/button_Masuk' is clicked on

2023-10-05 14:13:47 - [MESSAGE][PASSED] - Object: 'Object Repository/Login/button_Masuk' is clicked on

2023-10-05 14:13:47 - [TEST_STEP][PASSED] - verifyElementPresent(findTestObject("Login/li_Profile"), 0): Object 'Object Repository/Login/li_Profile' is present

2023-10-05 14:13:48 - [MESSAGE][WARNING] - Timeout '0' is invalid. Using default page load timeout: '30'

2023-10-05 14:13:48 - [MESSAGE][PASSED] - Object 'Object Repository/Login/li_Profile' is present

2023-10-05 14:13:48 - [TEST_STEP][PASSED] - click(findTestObject("Konfirmasi pesanan shop/Menu Shop")): Object: 'Object Repository/Konfirmasi pesanan shop/Menu Shop' is clicked on

2023-10-05 14:13:50 - [MESSAGE][PASSED] - Object: 'Object Repository/Konfirmasi pesanan shop/Menu Shop' is clicked on

2023-10-05 14:13:50 - [TEST_STEP][PASSED] - click(findTestObject("Konfirmasi pesanan shop/Menu Shop")): Object: 'Object Repository/Konfirmasi pesanan shop/Menu Shop' is clicked on

2023-10-05 14:13:51 - [MESSAGE][PASSED] - Object: 'Object Repository/Konfirmasi pesanan shop/Menu Shop' is clicked on

2023-10-05 14:13:51 - [TEST_STEP][PASSED] - click(findTestObject("verifikasi/Orders Report")): Object: 'Object Repository/verifikasi/Orders Report' is clicked on

2023-10-05 14:13:52 - [MESSAGE][PASSED] - Object: 'Object Repository/verifikasi/Orders Report' is clicked on

2023-10-05 14:13:52 - [TEST_STEP][PASSED] - verifyElementPresent(findTestObject("Login/li_Profile"), 0): Object 'Object Repository/Login/li_Profile' is present

2023-10-05 14:13:52 - [MESSAGE][WARNING] - Timeout '0' is invalid. Using default page load timeout: '30'

2023-10-05 14:13:53 - [MESSAGE][PASSED] - Object 'Object Repository/Login/li_Profile' is present

2023-10-05 14:13:53 - [TEST_STEP][PASSED] - click(findTestObject("verifikasi/Sedang Dikirim")): Object: 'Object Repository/verifikasi/Sedang Dikirim' is clicked on

2023-10-05 14:13:53 - [MESSAGE][PASSED] - Object: 'Object Repository/verifikasi/Sedang Dikirim' is clicked on

2023-10-05 14:13:53 - [TEST_STEP][PASSED] - verifyElementPresent(findTestObject("verifikasi/Notifikasi angka"), 1): Object 'Object Repository/verifikasi/Notifikasi angka' is present

2023-10-05 14:13:53 - [MESSAGE][PASSED] - Object 'Object Repository/verifikasi/Notifikasi angka' is present

2023-10-05 14:13:53 - [TEST_STEP][PASSED] - dikirim = getText(findTestObject("verifikasi/status Dikirim di user"), STOP_ON_FAILURE): Text of object 'Object Repository/verifikasi/status Dikirim di user' is: 'Dikirim'

2023-10-05 14:13:54 - [MESSAGE][PASSED] - Text of object 'Object Repository/verifikasi/status Dikirim di user' is: 'Dikirim'

2023-10-05 14:13:54 - [TEST_STEP][PASSED] - statusDikirim = data.get("statuskirim"): null

2023-10-05 14:13:54 - [TEST_STEP][PASSED] - assert dikirim == statusDikirim: null]]></system-out>
         <system-err><![CDATA[]]></system-err>
      </testcase>
      <testcase name="Test Cases/T13 Pembelian, Shipment dan Pembayaran/SU-012" time="123.472" classname="Test Cases/T13 Pembelian, Shipment dan Pembayaran/SU-012" status="PASSED">
         <system-out><![CDATA[2023-10-05 14:13:54 - [TEST_CASE][PASSED] - Test Cases/T13 Pembelian, Shipment dan Pembayaran/SU-012: Test Cases/T13 Pembelian, Shipment dan Pembayaran/SU-012

2023-10-05 14:13:54 - [TEST_STEP][PASSED] - data = callTestCase(findTestCase("T13 Pembelian, Shipment dan Pembayaran/SA-005"), [:], STOP_ON_FAILURE): Call Test Case 'Test Cases/T13 Pembelian, Shipment dan Pembayaran/SA-005' successfully

2023-10-05 14:13:54 - [TEST_CASE][PASSED] - Test Cases/T13 Pembelian, Shipment dan Pembayaran/SA-005: Test Cases/T13 Pembelian, Shipment dan Pembayaran/SA-005

2023-10-05 14:13:54 - [TEST_STEP][PASSED] - data = callTestCase(findTestCase("T13 Pembelian, Shipment dan Pembayaran/SA-002"), [:], STOP_ON_FAILURE): Call Test Case 'Test Cases/T13 Pembelian, Shipment dan Pembayaran/SA-002' successfully

2023-10-05 14:13:54 - [TEST_CASE][PASSED] - Test Cases/T13 Pembelian, Shipment dan Pembayaran/SA-002: Test Cases/T13 Pembelian, Shipment dan Pembayaran/SA-002

2023-10-05 14:13:54 - [TEST_STEP][PASSED] - data = callTestCase(findTestCase("T13 Pembelian, Shipment dan Pembayaran/SA-001"), [:], STOP_ON_FAILURE): Call Test Case 'Test Cases/T13 Pembelian, Shipment dan Pembayaran/SA-001' successfully

2023-10-05 14:13:54 - [TEST_CASE][PASSED] - Test Cases/T13 Pembelian, Shipment dan Pembayaran/SA-001: Test Cases/T13 Pembelian, Shipment dan Pembayaran/SA-001

2023-10-05 14:13:54 - [TEST_STEP][PASSED] - data = callTestCase(findTestCase("T13 Pembelian, Shipment dan Pembayaran/PBYA-001"), [:], STOP_ON_FAILURE): Call Test Case 'Test Cases/T13 Pembelian, Shipment dan Pembayaran/PBYA-001' successfully

2023-10-05 14:13:54 - [TEST_CASE][PASSED] - Test Cases/T13 Pembelian, Shipment dan Pembayaran/PBYA-001: Test Cases/T13 Pembelian, Shipment dan Pembayaran/PBYA-001

2023-10-05 14:13:54 - [TEST_STEP][PASSED] - data = callTestCase(findTestCase("T13 Pembelian, Shipment dan Pembayaran/PBY-004"), [:], STOP_ON_FAILURE): Call Test Case 'Test Cases/T13 Pembelian, Shipment dan Pembayaran/PBY-004' successfully

2023-10-05 14:13:54 - [TEST_CASE][PASSED] - Test Cases/T13 Pembelian, Shipment dan Pembayaran/PBY-004: Test Cases/T13 Pembelian, Shipment dan Pembayaran/PBY-004

2023-10-05 14:13:54 - [TEST_STEP][PASSED] - data = callTestCase(findTestCase("T13 Pembelian, Shipment dan Pembayaran/PBY-001"), [:], STOP_ON_FAILURE): Call Test Case 'Test Cases/T13 Pembelian, Shipment dan Pembayaran/PBY-001' successfully

2023-10-05 14:13:55 - [TEST_CASE][PASSED] - Test Cases/T13 Pembelian, Shipment dan Pembayaran/PBY-001: Test Cases/T13 Pembelian, Shipment dan Pembayaran/PBY-001

2023-10-05 14:13:55 - [TEST_STEP][PASSED] - data = callTestCase(findTestCase("T13 Pembelian, Shipment dan Pembayaran/PBL-004"), ["Kurir":"Roda 2"], STOP_ON_FAILURE): Call Test Case 'Test Cases/T13 Pembelian, Shipment dan Pembayaran/PBL-004' successfully

2023-10-05 14:13:55 - [TEST_CASE][PASSED] - Test Cases/T13 Pembelian, Shipment dan Pembayaran/PBL-004: Test Cases/T13 Pembelian, Shipment dan Pembayaran/PBL-004

2023-10-05 14:13:55 - [TEST_STEP][PASSED] - data = callTestCase(findTestCase("T13 Pembelian, Shipment dan Pembayaran/PBL-002"), [:], STOP_ON_FAILURE): Call Test Case 'Test Cases/T13 Pembelian, Shipment dan Pembayaran/PBL-002' successfully

2023-10-05 14:13:55 - [TEST_CASE][PASSED] - Test Cases/T13 Pembelian, Shipment dan Pembayaran/PBL-002: Test Cases/T13 Pembelian, Shipment dan Pembayaran/PBL-002

2023-10-05 14:13:55 - [TEST_STEP][PASSED] - data = callTestCase(findTestCase("T13 Pembelian, Shipment dan Pembayaran/PBL-001"), [:], STOP_ON_FAILURE): Call Test Case 'Test Cases/T13 Pembelian, Shipment dan Pembayaran/PBL-001' successfully

2023-10-05 14:13:55 - [TEST_CASE][PASSED] - Test Cases/T13 Pembelian, Shipment dan Pembayaran/PBL-001: Test Cases/T13 Pembelian, Shipment dan Pembayaran/PBL-001

2023-10-05 14:13:55 - [TEST_STEP][PASSED] - callTestCase(findTestCase("T13 Pembelian, Shipment dan Pembayaran/LU-001"), ["username":"irfanafandi", "password":"12345irfan"], STOP_ON_FAILURE): Call Test Case 'Test Cases/T13 Pembelian, Shipment dan Pembayaran/LU-001' successfully

2023-10-05 14:13:55 - [TEST_CASE][PASSED] - Test Cases/T13 Pembelian, Shipment dan Pembayaran/LU-001: Test Cases/T13 Pembelian, Shipment dan Pembayaran/LU-001

2023-10-05 14:13:55 - [TEST_STEP][PASSED] - openBrowser("https://10.9.2.63/ecommerce/"): Browser is opened with url: 'https://10.9.2.63/ecommerce/'

2023-10-05 14:13:55 - [MESSAGE][WARNING] - A browser is already opened. Closing browser and opening a new one

2023-10-05 14:13:56 - [MESSAGE][INFO] - Starting 'Edge Chromium' driver

2023-10-05 14:13:56 - [MESSAGE][INFO] - User set preference: ['acceptInsecureCerts', 'true']

2023-10-05 14:13:58 - [MESSAGE][INFO] - Action delay is set to 0 milliseconds

2023-10-05 14:14:03 - [MESSAGE][PASSED] - Browser is opened with url: 'https://10.9.2.63/ecommerce/'

2023-10-05 14:14:03 - [TEST_STEP][PASSED] - maximizeWindow(): Current window maximized

2023-10-05 14:14:03 - [MESSAGE][PASSED] - Current window maximized

2023-10-05 14:14:03 - [TEST_STEP][PASSED] - verifyElementPresent(findTestObject("Login/Home"), 0): Object 'Object Repository/Login/Home' is present

2023-10-05 14:14:03 - [MESSAGE][WARNING] - Timeout '0' is invalid. Using default page load timeout: '30'

2023-10-05 14:14:04 - [MESSAGE][PASSED] - Object 'Object Repository/Login/Home' is present

2023-10-05 14:14:04 - [TEST_STEP][PASSED] - click(findTestObject("Login/a_Login")): Object: 'Object Repository/Login/a_Login' is clicked on

2023-10-05 14:14:04 - [MESSAGE][PASSED] - Object: 'Object Repository/Login/a_Login' is clicked on

2023-10-05 14:14:04 - [TEST_STEP][PASSED] - verifyElementPresent(findTestObject("Login/Tittle Login"), 0): Object 'Object Repository/Login/Tittle Login' is present

2023-10-05 14:14:04 - [MESSAGE][WARNING] - Timeout '0' is invalid. Using default page load timeout: '30'

2023-10-05 14:14:05 - [MESSAGE][PASSED] - Object 'Object Repository/Login/Tittle Login' is present

2023-10-05 14:14:05 - [TEST_STEP][PASSED] - setText(findTestObject("Login/input_Username, Email atau No. Handphone_a"), username): Text 'irfanafandi' is set on object 'Object Repository/Login/input_Username, Email atau No. Handphone_a'

2023-10-05 14:14:06 - [MESSAGE][PASSED] - Text 'irfanafandi' is set on object 'Object Repository/Login/input_Username, Email atau No. Handphone_a'

2023-10-05 14:14:06 - [TEST_STEP][PASSED] - setText(findTestObject("Login/input_Password_b"), password): Text '12345irfan' is set on object 'Object Repository/Login/input_Password_b'

2023-10-05 14:14:07 - [MESSAGE][PASSED] - Text '12345irfan' is set on object 'Object Repository/Login/input_Password_b'

2023-10-05 14:14:07 - [TEST_STEP][PASSED] - click(findTestObject("Login/label_Ingat saya")): Object: 'Object Repository/Login/label_Ingat saya' is clicked on

2023-10-05 14:14:07 - [MESSAGE][PASSED] - Object: 'Object Repository/Login/label_Ingat saya' is clicked on

2023-10-05 14:14:07 - [TEST_STEP][PASSED] - click(findTestObject("Login/button_Masuk")): Object: 'Object Repository/Login/button_Masuk' is clicked on

2023-10-05 14:14:09 - [MESSAGE][PASSED] - Object: 'Object Repository/Login/button_Masuk' is clicked on

2023-10-05 14:14:09 - [TEST_STEP][PASSED] - verifyElementPresent(findTestObject("Login/li_Profile"), 0): Object 'Object Repository/Login/li_Profile' is present

2023-10-05 14:14:09 - [MESSAGE][WARNING] - Timeout '0' is invalid. Using default page load timeout: '30'

2023-10-05 14:14:10 - [MESSAGE][PASSED] - Object 'Object Repository/Login/li_Profile' is present

2023-10-05 14:14:10 - [MESSAGE][PASSED] - Call Test Case 'Test Cases/T13 Pembelian, Shipment dan Pembayaran/LU-001' successfully

2023-10-05 14:14:10 - [TEST_STEP][PASSED] - mouseOver(findTestObject("beli barang/i_Mulai Belanja_icon-menu")): Object: 'Object Repository/beli barang/i_Mulai Belanja_icon-menu' is hovered

2023-10-05 14:14:10 - [MESSAGE][PASSED] - Object: 'Object Repository/beli barang/i_Mulai Belanja_icon-menu' is hovered

2023-10-05 14:14:10 - [TEST_STEP][PASSED] - click(findTestObject("beli barang/a_Fashion  Busana Wanita")): Object: 'Object Repository/beli barang/a_Fashion  Busana Wanita' is clicked on

2023-10-05 14:14:11 - [MESSAGE][PASSED] - Object: 'Object Repository/beli barang/a_Fashion  Busana Wanita' is clicked on

2023-10-05 14:14:11 - [TEST_STEP][PASSED] - NamaSebelum = getText(findTestObject("verifikasi/Nama sebelum")): Text of object 'Object Repository/verifikasi/Nama sebelum' is: ''

2023-10-05 14:14:12 - [MESSAGE][PASSED] - Text of object 'Object Repository/verifikasi/Nama sebelum' is: ''

2023-10-05 14:14:12 - [TEST_STEP][PASSED] - HargaSebelum = getText(findTestObject("verifikasi/Harga sebelum")): Text of object 'Object Repository/verifikasi/Harga sebelum' is: 'Rp 1,299'

2023-10-05 14:14:12 - [MESSAGE][PASSED] - Text of object 'Object Repository/verifikasi/Harga sebelum' is: 'Rp 1,299'

2023-10-05 14:14:12 - [TEST_STEP][PASSED] - mouseOver(findTestObject("beli barang/barang mouse over")): Object: 'Object Repository/beli barang/barang mouse over' is hovered

2023-10-05 14:14:13 - [MESSAGE][PASSED] - Object: 'Object Repository/beli barang/barang mouse over' is hovered

2023-10-05 14:14:13 - [TEST_STEP][PASSED] - click(findTestObject("beli barang/buttom add to cart")): Object: 'Object Repository/beli barang/buttom add to cart' is clicked on

2023-10-05 14:14:15 - [MESSAGE][PASSED] - Object: 'Object Repository/beli barang/buttom add to cart' is clicked on

2023-10-05 14:14:15 - [TEST_STEP][PASSED] - NamaSesudah = getText(findTestObject("verifikasi/Nama sesudah")): Text of object 'Object Repository/verifikasi/Nama sesudah' is: 'Segitiga Instan Madeira - MDB5.3 Sunset'

2023-10-05 14:14:15 - [MESSAGE][PASSED] - Text of object 'Object Repository/verifikasi/Nama sesudah' is: 'Segitiga Instan Madeira - MDB5.3 Sunset'

2023-10-05 14:14:15 - [TEST_STEP][PASSED] - HargaSesudah = getText(findTestObject("verifikasi/Harga sesudah")): Text of object 'Object Repository/verifikasi/Harga sesudah' is: 'Rp 1,299'

2023-10-05 14:14:16 - [MESSAGE][PASSED] - Text of object 'Object Repository/verifikasi/Harga sesudah' is: 'Rp 1,299'

2023-10-05 14:14:16 - [TEST_STEP][PASSED] - assert NamaSesudah.contains(NamaSebelum): null

2023-10-05 14:14:16 - [TEST_STEP][PASSED] - assert HargaSesudah.contains(HargaSebelum): null

2023-10-05 14:14:16 - [TEST_STEP][PASSED] - click(findTestObject("beli barang/Tambah Keranjang busana wanita")): Object: 'Object Repository/beli barang/Tambah Keranjang busana wanita' is clicked on

2023-10-05 14:14:16 - [MESSAGE][PASSED] - Object: 'Object Repository/beli barang/Tambah Keranjang busana wanita' is clicked on

2023-10-05 14:14:16 - [TEST_STEP][PASSED] - verifyElementPresent(findTestObject("checkout/Notifikasi keranjang"), 1): Object 'Object Repository/checkout/Notifikasi keranjang' is present

2023-10-05 14:14:17 - [MESSAGE][PASSED] - Object 'Object Repository/checkout/Notifikasi keranjang' is present

2023-10-05 14:14:17 - [TEST_STEP][PASSED] - data = new java.util.HashMap(): null

2023-10-05 14:14:17 - [TEST_STEP][PASSED] - data.put("nama_barang", NamaSesudah): null

2023-10-05 14:14:17 - [TEST_STEP][PASSED] - data.put("price_barang", HargaSesudah): null

2023-10-05 14:14:17 - [TEST_STEP][PASSED] - return data: null

2023-10-05 14:14:17 - [MESSAGE][PASSED] - Call Test Case 'Test Cases/T13 Pembelian, Shipment dan Pembayaran/PBL-001' successfully

2023-10-05 14:14:17 - [TEST_STEP][PASSED] - mouseOver(findTestObject("beli barang/keranjang")): Object: 'Object Repository/beli barang/keranjang' is hovered

2023-10-05 14:14:18 - [MESSAGE][PASSED] - Object: 'Object Repository/beli barang/keranjang' is hovered

2023-10-05 14:14:18 - [TEST_STEP][PASSED] - click(findTestObject("beli barang/Lihat Sekarang")): Object: 'Object Repository/beli barang/Lihat Sekarang' is clicked on

2023-10-05 14:14:19 - [MESSAGE][PASSED] - Object: 'Object Repository/beli barang/Lihat Sekarang' is clicked on

2023-10-05 14:14:19 - [TEST_STEP][PASSED] - verifyElementPresent(findTestObject("keranjang/li_Keranjang Belanja"), 0): Object 'Object Repository/keranjang/li_Keranjang Belanja' is present

2023-10-05 14:14:19 - [MESSAGE][WARNING] - Timeout '0' is invalid. Using default page load timeout: '30'

2023-10-05 14:14:20 - [MESSAGE][PASSED] - Object 'Object Repository/keranjang/li_Keranjang Belanja' is present

2023-10-05 14:14:20 - [TEST_STEP][PASSED] - NamaKeranjang = getText(findTestObject("verifikasi/Nama keranjang")): Text of object 'Object Repository/verifikasi/Nama keranjang' is: 'Segitiga Instan Madeira - MDB5.3 Sunset'

2023-10-05 14:14:20 - [MESSAGE][PASSED] - Text of object 'Object Repository/verifikasi/Nama keranjang' is: 'Segitiga Instan Madeira - MDB5.3 Sunset'

2023-10-05 14:14:20 - [TEST_STEP][PASSED] - HargaKeranjang = getText(findTestObject("verifikasi/Harga Keranjang")): Text of object 'Object Repository/verifikasi/Harga Keranjang' is: 'Rp 1,299'

2023-10-05 14:14:21 - [MESSAGE][PASSED] - Text of object 'Object Repository/verifikasi/Harga Keranjang' is: 'Rp 1,299'

2023-10-05 14:14:21 - [TEST_STEP][PASSED] - if (toString().equalsIgnoreCase("Merah")): Object 'Object Repository/keranjang/input_Warna_variasi101' is checked

2023-10-05 14:14:21 - [TEST_STEP][PASSED] - check(findTestObject("Object Repository/keranjang/input_Warna_variasi101")): Object 'Object Repository/keranjang/input_Warna_variasi101' is checked

2023-10-05 14:14:21 - [MESSAGE][PASSED] - Object 'Object Repository/keranjang/input_Warna_variasi101' is checked

2023-10-05 14:14:21 - [TEST_STEP][PASSED] - if (toString().equalsIgnoreCase("Menengah")): Object 'Object Repository/keranjang/input_Ukuran_variasi201' is checked

2023-10-05 14:14:21 - [TEST_STEP][PASSED] - check(findTestObject("Object Repository/keranjang/input_Ukuran_variasi201")): Object 'Object Repository/keranjang/input_Ukuran_variasi201' is checked

2023-10-05 14:14:21 - [MESSAGE][PASSED] - Object 'Object Repository/keranjang/input_Ukuran_variasi201' is checked

2023-10-05 14:14:21 - [TEST_STEP][PASSED] - data.put("Warna", warna): null

2023-10-05 14:14:21 - [TEST_STEP][PASSED] - data.put("Ukuran", ukuran): null

2023-10-05 14:14:21 - [TEST_STEP][PASSED] - click(findTestObject("keranjang/button_Lanjut ke Pembayaran")): Object: 'Object Repository/keranjang/button_Lanjut ke Pembayaran' is clicked on

2023-10-05 14:14:23 - [MESSAGE][PASSED] - Object: 'Object Repository/keranjang/button_Lanjut ke Pembayaran' is clicked on

2023-10-05 14:14:23 - [TEST_STEP][PASSED] - verifyElementPresent(findTestObject("checkout/Tittle Checkout Order"), 0): Object 'Object Repository/checkout/Tittle Checkout Order' is present

2023-10-05 14:14:23 - [MESSAGE][WARNING] - Timeout '0' is invalid. Using default page load timeout: '30'

2023-10-05 14:14:24 - [MESSAGE][PASSED] - Object 'Object Repository/checkout/Tittle Checkout Order' is present

2023-10-05 14:14:24 - [TEST_STEP][PASSED] - name_product = data.get("nama_barang"): null

2023-10-05 14:14:24 - [TEST_STEP][PASSED] - price_product = data.get("price_barang"): null

2023-10-05 14:14:24 - [TEST_STEP][PASSED] - assert name_product == NamaKeranjang: null

2023-10-05 14:14:24 - [TEST_STEP][PASSED] - assert price_product == HargaKeranjang: null

2023-10-05 14:14:24 - [TEST_STEP][PASSED] - return data: null

2023-10-05 14:14:24 - [MESSAGE][PASSED] - Call Test Case 'Test Cases/T13 Pembelian, Shipment dan Pembayaran/PBL-002' successfully

2023-10-05 14:14:24 - [TEST_STEP][PASSED] - warnaa = getText(findTestObject("verifikasi/warna Merah")): Text of object 'Object Repository/verifikasi/warna Merah' is: 'Merah'

2023-10-05 14:14:24 - [MESSAGE][PASSED] - Text of object 'Object Repository/verifikasi/warna Merah' is: 'Merah'

2023-10-05 14:14:24 - [TEST_STEP][PASSED] - ukurann = getText(findTestObject("verifikasi/Ukuran Menengah")): Text of object 'Object Repository/verifikasi/Ukuran Menengah' is: 'Menengah'

2023-10-05 14:14:24 - [MESSAGE][PASSED] - Text of object 'Object Repository/verifikasi/Ukuran Menengah' is: 'Menengah'

2023-10-05 14:14:24 - [TEST_STEP][PASSED] - warna1 = data.get("Warna"): null

2023-10-05 14:14:24 - [TEST_STEP][PASSED] - ukuran1 = data.get("Ukuran"): null

2023-10-05 14:14:24 - [TEST_STEP][PASSED] - assert warnaa == warna1: null

2023-10-05 14:14:24 - [TEST_STEP][PASSED] - assert ukurann == ukuran1: null

2023-10-05 14:14:24 - [TEST_STEP][PASSED] - NamaCheckout = getText(findTestObject("verifikasi/NamaCheckout")): Text of object 'Object Repository/verifikasi/NamaCheckout' is: ''

2023-10-05 14:14:25 - [MESSAGE][PASSED] - Text of object 'Object Repository/verifikasi/NamaCheckout' is: ''

2023-10-05 14:14:25 - [TEST_STEP][PASSED] - HargaCheckout = getText(findTestObject("verifikasi/HargaCheckout")): Text of object 'Object Repository/verifikasi/HargaCheckout' is: '1,299'

2023-10-05 14:14:25 - [MESSAGE][PASSED] - Text of object 'Object Repository/verifikasi/HargaCheckout' is: '1,299'

2023-10-05 14:14:25 - [TEST_STEP][PASSED] - name_product = data.get("nama_barang"): null

2023-10-05 14:14:25 - [TEST_STEP][PASSED] - price_product = data.get("price_barang"): null

2023-10-05 14:14:25 - [TEST_STEP][PASSED] - assert name_product.contains(NamaCheckout): null

2023-10-05 14:14:25 - [TEST_STEP][PASSED] - assert price_product.contains(HargaCheckout): null

2023-10-05 14:14:25 - [TEST_STEP][PASSED] - selectOptionByLabel(findTestObject("checkout/select - Kirim via Kurir Lokal"), Kurir, false): All options with label 'Roda 2' are selected in object 'Object Repository/checkout/select - Kirim via Kurir Lokal' 

2023-10-05 14:14:26 - [MESSAGE][PASSED] - All options with label 'Roda 2' are selected in object 'Object Repository/checkout/select - Kirim via Kurir Lokal' 

2023-10-05 14:14:26 - [TEST_STEP][PASSED] - click(findTestObject("checkout/Kendaraan Kurir")): Object: 'Object Repository/checkout/Kendaraan Kurir' is clicked on

2023-10-05 14:14:27 - [MESSAGE][PASSED] - Object: 'Object Repository/checkout/Kendaraan Kurir' is clicked on

2023-10-05 14:14:27 - [TEST_STEP][PASSED] - OngkosKirim = getText(findTestObject("Object Repository/verifikasi/Ongkos Kirim checkout")): Text of object 'Object Repository/verifikasi/Ongkos Kirim checkout' is: 'Rp. 5,000'

2023-10-05 14:14:27 - [MESSAGE][PASSED] - Text of object 'Object Repository/verifikasi/Ongkos Kirim checkout' is: 'Rp. 5,000'

2023-10-05 14:14:27 - [TEST_STEP][PASSED] - Ongkos = OngkosKirim.substring(3, OngkosKirim.size()): null

2023-10-05 14:14:27 - [TEST_STEP][PASSED] - rep = Ongkos.replace(",", "."): null

2023-10-05 14:14:27 - [TEST_STEP][PASSED] - Ongkos_kirim = Double.parseDouble(rep): null

2023-10-05 14:14:27 - [TEST_STEP][PASSED] - println(Ongkos_kirim): null

2023-10-05 14:14:27 - [TEST_STEP][PASSED] - FeeAdmin = getText(findTestObject("verifikasi/Fee Admin checkout")): Text of object 'Object Repository/verifikasi/Fee Admin checkout' is: 'Fee Admin
Rp 1,500'

2023-10-05 14:14:27 - [MESSAGE][PASSED] - Text of object 'Object Repository/verifikasi/Fee Admin checkout' is: 'Fee Admin
Rp 1,500'

2023-10-05 14:14:27 - [TEST_STEP][PASSED] - Fee_Admin = FeeAdmin.substring(12, FeeAdmin.size()): null

2023-10-05 14:14:27 - [TEST_STEP][PASSED] - fee = Fee_Admin.replace(",", "."): null

2023-10-05 14:14:27 - [TEST_STEP][PASSED] - fee_admin = Double.parseDouble(fee): null

2023-10-05 14:14:27 - [TEST_STEP][PASSED] - println(fee_admin): null

2023-10-05 14:14:27 - [TEST_STEP][PASSED] - Subtotal = getText(findTestObject("verifikasi/subtotal checkout")): Text of object 'Object Repository/verifikasi/subtotal checkout' is: 'Subtotal
Rp 1,299'

2023-10-05 14:14:28 - [MESSAGE][PASSED] - Text of object 'Object Repository/verifikasi/subtotal checkout' is: 'Subtotal
Rp 1,299'

2023-10-05 14:14:28 - [TEST_STEP][PASSED] - sub_total = Subtotal.substring(12, Subtotal.size()): null

2023-10-05 14:14:28 - [TEST_STEP][PASSED] - sub = sub_total.replace(",", "."): null

2023-10-05 14:14:28 - [TEST_STEP][PASSED] - sub_total = Double.parseDouble(sub): null

2023-10-05 14:14:28 - [TEST_STEP][PASSED] - println(sub_total): null

2023-10-05 14:14:28 - [TEST_STEP][PASSED] - Total = getText(findTestObject("verifikasi/Total checkout")): Text of object 'Object Repository/verifikasi/Total checkout' is: 'Rp 7,799'

2023-10-05 14:14:29 - [MESSAGE][PASSED] - Text of object 'Object Repository/verifikasi/Total checkout' is: 'Rp 7,799'

2023-10-05 14:14:29 - [TEST_STEP][PASSED] - totall = Total.substring(3, Total.size()): null

2023-10-05 14:14:29 - [TEST_STEP][PASSED] - total = totall.replace(",", "."): null

2023-10-05 14:14:29 - [TEST_STEP][PASSED] - totall = Double.parseDouble(total): null

2023-10-05 14:14:29 - [TEST_STEP][PASSED] - println(totall): null

2023-10-05 14:14:29 - [TEST_STEP][PASSED] - Total_Harga = Ongkos_kirim + fee_admin + sub_total: null

2023-10-05 14:14:29 - [TEST_STEP][PASSED] - println(Total_Harga): null

2023-10-05 14:14:29 - [TEST_STEP][PASSED] - TotalHarga = Math.round(Total_Harga * 1000) / 1000: null

2023-10-05 14:14:29 - [TEST_STEP][PASSED] - println(TotalHarga): null

2023-10-05 14:14:29 - [TEST_STEP][PASSED] - assert totall == TotalHarga: null

2023-10-05 14:14:29 - [TEST_STEP][PASSED] - click(findTestObject("verifikasi/Metode Transfer")): Object: 'Object Repository/verifikasi/Metode Transfer' is clicked on

2023-10-05 14:14:29 - [MESSAGE][PASSED] - Object: 'Object Repository/verifikasi/Metode Transfer' is clicked on

2023-10-05 14:14:29 - [TEST_STEP][PASSED] - click(findTestObject("checkout/button_Proses Pembayaran")): Object: 'Object Repository/checkout/button_Proses Pembayaran' is clicked on

2023-10-05 14:14:38 - [MESSAGE][PASSED] - Object: 'Object Repository/checkout/button_Proses Pembayaran' is clicked on

2023-10-05 14:14:38 - [TEST_STEP][PASSED] - verifyElementPresent(findTestObject("pembayaran/Tittle nomor invoice"), 0): Object 'Object Repository/pembayaran/Tittle nomor invoice' is present

2023-10-05 14:14:38 - [MESSAGE][WARNING] - Timeout '0' is invalid. Using default page load timeout: '30'

2023-10-05 14:14:38 - [MESSAGE][PASSED] - Object 'Object Repository/pembayaran/Tittle nomor invoice' is present

2023-10-05 14:14:38 - [TEST_STEP][PASSED] - return data: null

2023-10-05 14:14:38 - [MESSAGE][PASSED] - Call Test Case 'Test Cases/T13 Pembelian, Shipment dan Pembayaran/PBL-004' successfully

2023-10-05 14:14:38 - [TEST_STEP][PASSED] - Invoice = getText(findTestObject("pembayaran/nomor invoice")): Text of object 'Object Repository/pembayaran/nomor invoice' is: 'TRX60.20231005141433'

2023-10-05 14:14:39 - [MESSAGE][PASSED] - Text of object 'Object Repository/pembayaran/nomor invoice' is: 'TRX60.20231005141433'

2023-10-05 14:14:39 - [TEST_STEP][PASSED] - data.put("invoice", Invoice): null

2023-10-05 14:14:39 - [TEST_STEP][PASSED] - NamaPemesan = getText(findTestObject("Konfirmasi pesanan shop/Nama pemesan")): Text of object 'Object Repository/Konfirmasi pesanan shop/Nama pemesan' is: 'irfan.afandi'

2023-10-05 14:14:39 - [MESSAGE][PASSED] - Text of object 'Object Repository/Konfirmasi pesanan shop/Nama pemesan' is: 'irfan.afandi'

2023-10-05 14:14:39 - [TEST_STEP][PASSED] - Nama = getText(findTestObject("pembayaran/Nama barang")): Text of object 'Object Repository/pembayaran/Nama barang' is: 'Segitiga Instan Madeira - MDB5.3 Sunset'

2023-10-05 14:14:40 - [MESSAGE][PASSED] - Text of object 'Object Repository/pembayaran/Nama barang' is: 'Segitiga Instan Madeira - MDB5.3 Sunset'

2023-10-05 14:14:40 - [TEST_STEP][PASSED] - Harga = getText(findTestObject("pembayaran/Harga barang")): Text of object 'Object Repository/pembayaran/Harga barang' is: '1,299'

2023-10-05 14:14:40 - [MESSAGE][PASSED] - Text of object 'Object Repository/pembayaran/Harga barang' is: '1,299'

2023-10-05 14:14:40 - [TEST_STEP][PASSED] - name_product = data.get("nama_barang"): null

2023-10-05 14:14:40 - [TEST_STEP][PASSED] - price_product = data.get("price_barang"): null

2023-10-05 14:14:40 - [TEST_STEP][PASSED] - assert name_product.contains(Nama): null

2023-10-05 14:14:40 - [TEST_STEP][PASSED] - assert price_product.contains(Harga): null

2023-10-05 14:14:40 - [TEST_STEP][PASSED] - warnaa = getText(findTestObject("pembayaran/warna")): Text of object 'Object Repository/pembayaran/warna' is: 'Merah'

2023-10-05 14:14:41 - [MESSAGE][PASSED] - Text of object 'Object Repository/pembayaran/warna' is: 'Merah'

2023-10-05 14:14:41 - [TEST_STEP][PASSED] - ukurann = getText(findTestObject("pembayaran/ukuran")): Text of object 'Object Repository/pembayaran/ukuran' is: 'Menengah'

2023-10-05 14:14:41 - [MESSAGE][PASSED] - Text of object 'Object Repository/pembayaran/ukuran' is: 'Menengah'

2023-10-05 14:14:41 - [TEST_STEP][PASSED] - warna1 = data.get("Warna"): null

2023-10-05 14:14:41 - [TEST_STEP][PASSED] - ukuran1 = data.get("Ukuran"): null

2023-10-05 14:14:41 - [TEST_STEP][PASSED] - assert warnaa == warna1: null

2023-10-05 14:14:41 - [TEST_STEP][PASSED] - assert ukurann == ukuran1: null

2023-10-05 14:14:41 - [TEST_STEP][PASSED] - statusPembelian = getText(findTestObject("verifikasi/Status pending di pembelian")): Text of object 'Object Repository/verifikasi/Status pending di pembelian' is: 'Pending'

2023-10-05 14:14:42 - [MESSAGE][PASSED] - Text of object 'Object Repository/verifikasi/Status pending di pembelian' is: 'Pending'

2023-10-05 14:14:42 - [TEST_STEP][PASSED] - data.put("statusPem", statusPembelian): null

2023-10-05 14:14:42 - [TEST_STEP][PASSED] - OngkosKirim = getText(findTestObject("pembayaran/ongkos kirim")): Text of object 'Object Repository/pembayaran/ongkos kirim' is: 'Rp 5,000'

2023-10-05 14:14:42 - [MESSAGE][PASSED] - Text of object 'Object Repository/pembayaran/ongkos kirim' is: 'Rp 5,000'

2023-10-05 14:14:42 - [TEST_STEP][PASSED] - Ongkos = OngkosKirim.substring(3, OngkosKirim.size()): null

2023-10-05 14:14:42 - [TEST_STEP][PASSED] - rep = Ongkos.replace(",", ""): null

2023-10-05 14:14:42 - [TEST_STEP][PASSED] - Ongkos_kirimm = Integer.parseInt(rep): null

2023-10-05 14:14:42 - [TEST_STEP][PASSED] - println(Ongkos_kirimm): null

2023-10-05 14:14:42 - [TEST_STEP][PASSED] - FeeAdmin = getText(findTestObject("pembayaran/fee admin")): Text of object 'Object Repository/pembayaran/fee admin' is: 'Rp 1,500'

2023-10-05 14:14:43 - [MESSAGE][PASSED] - Text of object 'Object Repository/pembayaran/fee admin' is: 'Rp 1,500'

2023-10-05 14:14:43 - [TEST_STEP][PASSED] - Fee_Admin = FeeAdmin.substring(3, FeeAdmin.size()): null

2023-10-05 14:14:43 - [TEST_STEP][PASSED] - fee = Fee_Admin.replace(",", ""): null

2023-10-05 14:14:43 - [TEST_STEP][PASSED] - fee_adminn = Integer.parseInt(fee): null

2023-10-05 14:14:43 - [TEST_STEP][PASSED] - println(fee_adminn): null

2023-10-05 14:14:43 - [TEST_STEP][PASSED] - Subtotal = getText(findTestObject("pembayaran/subtotal")): Text of object 'Object Repository/pembayaran/subtotal' is: 'Rp 1,299'

2023-10-05 14:14:43 - [MESSAGE][PASSED] - Text of object 'Object Repository/pembayaran/subtotal' is: 'Rp 1,299'

2023-10-05 14:14:43 - [TEST_STEP][PASSED] - sub_total = Subtotal.substring(3, Subtotal.size()): null

2023-10-05 14:14:43 - [TEST_STEP][PASSED] - sub = sub_total.replace(",", ""): null

2023-10-05 14:14:43 - [TEST_STEP][PASSED] - sub_totall = Integer.parseInt(sub): null

2023-10-05 14:14:43 - [TEST_STEP][PASSED] - println(sub_totall): null

2023-10-05 14:14:43 - [TEST_STEP][PASSED] - unik = getText(findTestObject("pembayaran/kode unik")): Text of object 'Object Repository/pembayaran/kode unik' is: '+433'

2023-10-05 14:14:44 - [MESSAGE][PASSED] - Text of object 'Object Repository/pembayaran/kode unik' is: '+433'

2023-10-05 14:14:44 - [TEST_STEP][PASSED] - unikk = unik.replace("+", ""): null

2023-10-05 14:14:44 - [TEST_STEP][PASSED] - kode_unik = Integer.parseInt(unikk): null

2023-10-05 14:14:44 - [TEST_STEP][PASSED] - println(kode_unik): null

2023-10-05 14:14:44 - [TEST_STEP][PASSED] - Total = getText(findTestObject("pembayaran/total")): Text of object 'Object Repository/pembayaran/total' is: '8,232'

2023-10-05 14:14:44 - [MESSAGE][PASSED] - Text of object 'Object Repository/pembayaran/total' is: '8,232'

2023-10-05 14:14:44 - [TEST_STEP][PASSED] - total = Total.replace(",", ""): null

2023-10-05 14:14:44 - [TEST_STEP][PASSED] - totalll = Integer.parseInt(total): null

2023-10-05 14:14:44 - [TEST_STEP][PASSED] - println(totalll): null

2023-10-05 14:14:44 - [TEST_STEP][PASSED] - Total_Hargaa = Ongkos_kirimm + fee_adminn + sub_totall + kode_unik: null

2023-10-05 14:14:44 - [TEST_STEP][PASSED] - println(Total_Hargaa): null

2023-10-05 14:14:44 - [TEST_STEP][PASSED] - assert totalll == Total_Hargaa: null

2023-10-05 14:14:44 - [TEST_STEP][PASSED] - data.put("total", Total): null

2023-10-05 14:14:44 - [TEST_STEP][PASSED] - data.put("nama", NamaPemesan): null

2023-10-05 14:14:44 - [TEST_STEP][PASSED] - return data: null

2023-10-05 14:14:44 - [MESSAGE][PASSED] - Call Test Case 'Test Cases/T13 Pembelian, Shipment dan Pembayaran/PBY-001' successfully

2023-10-05 14:14:44 - [TEST_STEP][PASSED] - inv = data.get("invoice"): null

2023-10-05 14:14:44 - [TEST_STEP][PASSED] - Total = data.get("total"): null

2023-10-05 14:14:44 - [TEST_STEP][PASSED] - NamaPemesan = data.get("nama"): null

2023-10-05 14:14:44 - [TEST_STEP][PASSED] - click(findTestObject("Konfirmasi pesanan shop/Menu Shop")): Object: 'Object Repository/Konfirmasi pesanan shop/Menu Shop' is clicked on

2023-10-05 14:14:46 - [MESSAGE][PASSED] - Object: 'Object Repository/Konfirmasi pesanan shop/Menu Shop' is clicked on

2023-10-05 14:14:46 - [TEST_STEP][PASSED] - click(findTestObject("Konfirmasi pesanan shop/Menu Shop")): Object: 'Object Repository/Konfirmasi pesanan shop/Menu Shop' is clicked on

2023-10-05 14:14:47 - [MESSAGE][PASSED] - Object: 'Object Repository/Konfirmasi pesanan shop/Menu Shop' is clicked on

2023-10-05 14:14:47 - [TEST_STEP][PASSED] - click(findTestObject("Konfirmasi pesanan shop/Konfirmasi Orders")): Object: 'Object Repository/Konfirmasi pesanan shop/Konfirmasi Orders' is clicked on

2023-10-05 14:14:48 - [MESSAGE][PASSED] - Object: 'Object Repository/Konfirmasi pesanan shop/Konfirmasi Orders' is clicked on

2023-10-05 14:14:48 - [TEST_STEP][PASSED] - verifyElementPresent(findTestObject("Konfirmasi pesanan shop/Tittle Konfirmasi Pesanan"), 0): Object 'Object Repository/Konfirmasi pesanan shop/Tittle Konfirmasi Pesanan' is present

2023-10-05 14:14:48 - [MESSAGE][WARNING] - Timeout '0' is invalid. Using default page load timeout: '30'

2023-10-05 14:14:49 - [MESSAGE][PASSED] - Object 'Object Repository/Konfirmasi pesanan shop/Tittle Konfirmasi Pesanan' is present

2023-10-05 14:14:49 - [TEST_STEP][PASSED] - setText(findTestObject("Konfirmasi pesanan shop/input_No Pesanan"), inv): Text 'TRX60.20231005141433' is set on object 'Object Repository/Konfirmasi pesanan shop/input_No Pesanan'

2023-10-05 14:14:49 - [MESSAGE][PASSED] - Text 'TRX60.20231005141433' is set on object 'Object Repository/Konfirmasi pesanan shop/input_No Pesanan'

2023-10-05 14:14:49 - [TEST_STEP][PASSED] - setText(findTestObject("Konfirmasi pesanan shop/input_Alamat E-mai"), "irfan@gmail.com"): Text 'irfan@gmail.com' is set on object 'Object Repository/Konfirmasi pesanan shop/input_Alamat E-mai'

2023-10-05 14:14:50 - [MESSAGE][PASSED] - Text 'irfan@gmail.com' is set on object 'Object Repository/Konfirmasi pesanan shop/input_Alamat E-mai'

2023-10-05 14:14:50 - [TEST_STEP][PASSED] - click(findTestObject("Konfirmasi pesanan shop/button_Submit")): Object: 'Object Repository/Konfirmasi pesanan shop/button_Submit' is clicked on

2023-10-05 14:14:51 - [MESSAGE][PASSED] - Object: 'Object Repository/Konfirmasi pesanan shop/button_Submit' is clicked on

2023-10-05 14:14:51 - [TEST_STEP][PASSED] - verifyElementPresent(findTestObject("Konfirmasi pesanan shop/Tittle nomor invoice"), 0): Object 'Object Repository/Konfirmasi pesanan shop/Tittle nomor invoice' is present

2023-10-05 14:14:51 - [MESSAGE][WARNING] - Timeout '0' is invalid. Using default page load timeout: '30'

2023-10-05 14:14:52 - [MESSAGE][PASSED] - Object 'Object Repository/Konfirmasi pesanan shop/Tittle nomor invoice' is present

2023-10-05 14:14:52 - [TEST_STEP][PASSED] - setText(findTestObject("Konfirmasi pesanan shop/input_Total TagihanTransfer_b"), Total): Text '8,232' is set on object 'Object Repository/Konfirmasi pesanan shop/input_Total TagihanTransfer_b'

2023-10-05 14:14:53 - [MESSAGE][PASSED] - Text '8,232' is set on object 'Object Repository/Konfirmasi pesanan shop/input_Total TagihanTransfer_b'

2023-10-05 14:14:53 - [TEST_STEP][PASSED] - selectOptionByValue(findTestObject("Konfirmasi pesanan shop/select_Bank"), "4", false): All options with value '4' are selected in object 'Object Repository/Konfirmasi pesanan shop/select_Bank' 

2023-10-05 14:14:54 - [MESSAGE][PASSED] - All options with value '4' are selected in object 'Object Repository/Konfirmasi pesanan shop/select_Bank' 

2023-10-05 14:14:54 - [TEST_STEP][PASSED] - setText(findTestObject("Konfirmasi pesanan shop/input_Nama Pengirim_d"), NamaPemesan): Text 'irfan.afandi' is set on object 'Object Repository/Konfirmasi pesanan shop/input_Nama Pengirim_d'

2023-10-05 14:14:55 - [MESSAGE][PASSED] - Text 'irfan.afandi' is set on object 'Object Repository/Konfirmasi pesanan shop/input_Nama Pengirim_d'

2023-10-05 14:14:55 - [TEST_STEP][PASSED] - uploadFile(findTestObject("keranjang/konfirmasi/input_Upload Bukti Transfer_f"), "C:\Users\IRFAN\Downloads\Berkas2.pdf"): File 'C:\Users\IRFAN\Downloads\Berkas2.pdf' sent to object: 'Object Repository/keranjang/konfirmasi/input_Upload Bukti Transfer_f'

2023-10-05 14:14:55 - [MESSAGE][PASSED] - File 'C:\Users\IRFAN\Downloads\Berkas2.pdf' sent to object: 'Object Repository/keranjang/konfirmasi/input_Upload Bukti Transfer_f'

2023-10-05 14:14:55 - [TEST_STEP][PASSED] - click(findTestObject("Konfirmasi pesanan shop/button_Konfirmasi Pembayaran")): Object: 'Object Repository/Konfirmasi pesanan shop/button_Konfirmasi Pembayaran' is clicked on

2023-10-05 14:14:56 - [MESSAGE][PASSED] - Object: 'Object Repository/Konfirmasi pesanan shop/button_Konfirmasi Pembayaran' is clicked on

2023-10-05 14:14:56 - [TEST_STEP][PASSED] - verifyElementPresent(findTestObject("Konfirmasi pesanan shop/Tittle Konfirmasi Pesanan"), 0): Object 'Object Repository/Konfirmasi pesanan shop/Tittle Konfirmasi Pesanan' is present

2023-10-05 14:14:57 - [MESSAGE][WARNING] - Timeout '0' is invalid. Using default page load timeout: '30'

2023-10-05 14:14:57 - [MESSAGE][PASSED] - Object 'Object Repository/Konfirmasi pesanan shop/Tittle Konfirmasi Pesanan' is present

2023-10-05 14:14:57 - [TEST_STEP][PASSED] - verifyElementPresent(findTestObject("Konfirmasi pesanan shop/Tittle massage succes Konfirmasi Pembayaran Pesanan"), 0): Object 'Object Repository/Konfirmasi pesanan shop/Tittle massage succes Konfirmasi Pembayaran Pesanan' is present

2023-10-05 14:14:57 - [MESSAGE][WARNING] - Timeout '0' is invalid. Using default page load timeout: '30'

2023-10-05 14:14:58 - [MESSAGE][PASSED] - Object 'Object Repository/Konfirmasi pesanan shop/Tittle massage succes Konfirmasi Pembayaran Pesanan' is present

2023-10-05 14:14:58 - [TEST_STEP][PASSED] - return data: null

2023-10-05 14:14:58 - [MESSAGE][PASSED] - Call Test Case 'Test Cases/T13 Pembelian, Shipment dan Pembayaran/PBY-004' successfully

2023-10-05 14:14:58 - [TEST_STEP][PASSED] - navigateToUrl("https://10.9.2.63/ecommerce/administrator/"): Navigate to 'https://10.9.2.63/ecommerce/administrator/' successfully

2023-10-05 14:14:58 - [MESSAGE][PASSED] - Navigate to 'https://10.9.2.63/ecommerce/administrator/' successfully

2023-10-05 14:14:58 - [TEST_STEP][PASSED] - verifyElementPresent(findTestObject("admin/Tittle ADMIN Login"), 0): Object 'Object Repository/admin/Tittle ADMIN Login' is present

2023-10-05 14:14:58 - [MESSAGE][WARNING] - Timeout '0' is invalid. Using default page load timeout: '30'

2023-10-05 14:14:59 - [MESSAGE][PASSED] - Object 'Object Repository/admin/Tittle ADMIN Login' is present

2023-10-05 14:14:59 - [TEST_STEP][PASSED] - setText(findTestObject("admin/Username"), "admin"): Text 'admin' is set on object 'Object Repository/admin/Username'

2023-10-05 14:14:59 - [MESSAGE][PASSED] - Text 'admin' is set on object 'Object Repository/admin/Username'

2023-10-05 14:14:59 - [TEST_STEP][PASSED] - setText(findTestObject("admin/Password"), "123admin123"): Text '123admin123' is set on object 'Object Repository/admin/Password'

2023-10-05 14:15:00 - [MESSAGE][PASSED] - Text '123admin123' is set on object 'Object Repository/admin/Password'

2023-10-05 14:15:00 - [TEST_STEP][PASSED] - click(findTestObject("admin/Remember Me")): Object: 'Object Repository/admin/Remember Me' is clicked on

2023-10-05 14:15:01 - [MESSAGE][PASSED] - Object: 'Object Repository/admin/Remember Me' is clicked on

2023-10-05 14:15:01 - [TEST_STEP][PASSED] - delay(10): Delayed 10 second(s)

2023-10-05 14:15:11 - [MESSAGE][PASSED] - Delayed 10 second(s)

2023-10-05 14:15:11 - [TEST_STEP][PASSED] - click(findTestObject("admin/buttom submit")): Object: 'Object Repository/admin/buttom submit' is clicked on

2023-10-05 14:15:12 - [MESSAGE][PASSED] - Object: 'Object Repository/admin/buttom submit' is clicked on

2023-10-05 14:15:12 - [TEST_STEP][PASSED] - verifyElementPresent(findTestObject("admin/Konf order konsumen/Tittle Dashboard"), 0): Object 'Object Repository/admin/Konf order konsumen/Tittle Dashboard' is present

2023-10-05 14:15:12 - [MESSAGE][WARNING] - Timeout '0' is invalid. Using default page load timeout: '30'

2023-10-05 14:15:13 - [MESSAGE][PASSED] - Object 'Object Repository/admin/Konf order konsumen/Tittle Dashboard' is present

2023-10-05 14:15:13 - [TEST_STEP][PASSED] - click(findTestObject("admin/Konf order konsumen/Menu Transaksi Market")): Object: 'Object Repository/admin/Konf order konsumen/Menu Transaksi Market' is clicked on

2023-10-05 14:15:13 - [MESSAGE][PASSED] - Object: 'Object Repository/admin/Konf order konsumen/Menu Transaksi Market' is clicked on

2023-10-05 14:15:13 - [TEST_STEP][PASSED] - click(findTestObject("admin/Konf order konsumen/Menu Konf. Order Konsumen")): Object: 'Object Repository/admin/Konf order konsumen/Menu Konf. Order Konsumen' is clicked on

2023-10-05 14:15:15 - [MESSAGE][PASSED] - Object: 'Object Repository/admin/Konf order konsumen/Menu Konf. Order Konsumen' is clicked on

2023-10-05 14:15:15 - [TEST_STEP][PASSED] - verifyElementPresent(findTestObject("admin/Konf order konsumen/Tittle Data Konfirmasi Pembayaran Konsumen"), 0): Object 'Object Repository/admin/Konf order konsumen/Tittle Data Konfirmasi Pembayaran Konsumen' is present

2023-10-05 14:15:15 - [MESSAGE][WARNING] - Timeout '0' is invalid. Using default page load timeout: '30'

2023-10-05 14:15:15 - [MESSAGE][PASSED] - Object 'Object Repository/admin/Konf order konsumen/Tittle Data Konfirmasi Pembayaran Konsumen' is present

2023-10-05 14:15:15 - [TEST_STEP][PASSED] - inv = data.get("invoice"): null

2023-10-05 14:15:15 - [TEST_STEP][PASSED] - setText(findTestObject("admin/Konf order konsumen/Search"), inv): Text 'TRX60.20231005141433' is set on object 'Object Repository/admin/Konf order konsumen/Search'

2023-10-05 14:15:16 - [MESSAGE][PASSED] - Text 'TRX60.20231005141433' is set on object 'Object Repository/admin/Konf order konsumen/Search'

2023-10-05 14:15:16 - [TEST_STEP][PASSED] - verifyElementText(findTestObject("admin/Konf order konsumen/Keterangan Lunas"), "Lunas"): Actual text and expected text of test object 'Object Repository/admin/Konf order konsumen/Keterangan Lunas' are matched.

2023-10-05 14:15:16 - [MESSAGE][PASSED] - Actual text and expected text of test object 'Object Repository/admin/Konf order konsumen/Keterangan Lunas' are matched.

2023-10-05 14:15:16 - [TEST_STEP][PASSED] - return data: null

2023-10-05 14:15:16 - [MESSAGE][PASSED] - Call Test Case 'Test Cases/T13 Pembelian, Shipment dan Pembayaran/PBYA-001' successfully

2023-10-05 14:15:16 - [TEST_STEP][PASSED] - click(findTestObject("admin/Penjualan ke konsumen/buttom Dashboard")): Object: 'Object Repository/admin/Penjualan ke konsumen/buttom Dashboard' is clicked on

2023-10-05 14:15:17 - [MESSAGE][PASSED] - Object: 'Object Repository/admin/Penjualan ke konsumen/buttom Dashboard' is clicked on

2023-10-05 14:15:17 - [TEST_STEP][PASSED] - click(findTestObject("admin/Konf order konsumen/Menu Transaksi Market")): Object: 'Object Repository/admin/Konf order konsumen/Menu Transaksi Market' is clicked on

2023-10-05 14:15:18 - [MESSAGE][PASSED] - Object: 'Object Repository/admin/Konf order konsumen/Menu Transaksi Market' is clicked on

2023-10-05 14:15:18 - [TEST_STEP][PASSED] - click(findTestObject("admin/Penjualan ke konsumen/a_Penjualan ke Konsumen")): Object: 'Object Repository/admin/Penjualan ke konsumen/a_Penjualan ke Konsumen' is clicked on

2023-10-05 14:15:21 - [MESSAGE][PASSED] - Object: 'Object Repository/admin/Penjualan ke konsumen/a_Penjualan ke Konsumen' is clicked on

2023-10-05 14:15:21 - [TEST_STEP][PASSED] - verifyElementPresent(findTestObject("admin/Tittle Data Transaksi Penjualan  Orderan Konsumen"), 0): Object 'Object Repository/admin/Tittle Data Transaksi Penjualan  Orderan Konsumen' is present

2023-10-05 14:15:21 - [MESSAGE][WARNING] - Timeout '0' is invalid. Using default page load timeout: '30'

2023-10-05 14:15:21 - [MESSAGE][PASSED] - Object 'Object Repository/admin/Tittle Data Transaksi Penjualan  Orderan Konsumen' is present

2023-10-05 14:15:21 - [TEST_STEP][PASSED] - return data: null

2023-10-05 14:15:21 - [MESSAGE][PASSED] - Call Test Case 'Test Cases/T13 Pembelian, Shipment dan Pembayaran/SA-001' successfully

2023-10-05 14:15:21 - [TEST_STEP][PASSED] - inv = data.get("invoice"): null

2023-10-05 14:15:21 - [TEST_STEP][PASSED] - setText(findTestObject("admin/Penjualan ke konsumen/Search"), inv): Text 'TRX60.20231005141433' is set on object 'Object Repository/admin/Penjualan ke konsumen/Search'

2023-10-05 14:15:22 - [MESSAGE][PASSED] - Text 'TRX60.20231005141433' is set on object 'Object Repository/admin/Penjualan ke konsumen/Search'

2023-10-05 14:15:22 - [TEST_STEP][PASSED] - click(findTestObject("admin/Penjualan ke konsumen/buttom konfirmasi pending payment"), CONTINUE_ON_FAILURE): Object: 'Object Repository/admin/Penjualan ke konsumen/buttom konfirmasi pending payment' is clicked on

2023-10-05 14:15:23 - [MESSAGE][PASSED] - Object: 'Object Repository/admin/Penjualan ke konsumen/buttom konfirmasi pending payment' is clicked on

2023-10-05 14:15:23 - [TEST_STEP][PASSED] - waitForAlert(5, OPTIONAL): Alert is present after 5 second(s).

2023-10-05 14:15:23 - [MESSAGE][PASSED] - Alert is present after 5 second(s).

2023-10-05 14:15:23 - [TEST_STEP][PASSED] - acceptAlert(): Alert accepted

2023-10-05 14:15:23 - [MESSAGE][PASSED] - Alert accepted

2023-10-05 14:15:23 - [TEST_STEP][PASSED] - setText(findTestObject("admin/Penjualan ke konsumen/Search"), inv): Text 'TRX60.20231005141433' is set on object 'Object Repository/admin/Penjualan ke konsumen/Search'

2023-10-05 14:15:32 - [MESSAGE][PASSED] - Text 'TRX60.20231005141433' is set on object 'Object Repository/admin/Penjualan ke konsumen/Search'

2023-10-05 14:15:32 - [TEST_STEP][PASSED] - verifyTextNotPresent("pending payment", false): Text 'pending payment' is not present on page

2023-10-05 14:15:33 - [MESSAGE][PASSED] - Text 'pending payment' is not present on page

2023-10-05 14:15:33 - [TEST_STEP][PASSED] - return data: null

2023-10-05 14:15:33 - [MESSAGE][PASSED] - Call Test Case 'Test Cases/T13 Pembelian, Shipment dan Pembayaran/SA-002' successfully

2023-10-05 14:15:33 - [TEST_STEP][PASSED] - click(findTestObject("admin/Penjualan ke konsumen/buttom scroldown")): Object: 'Object Repository/admin/Penjualan ke konsumen/buttom scroldown' is clicked on

2023-10-05 14:15:33 - [MESSAGE][PASSED] - Object: 'Object Repository/admin/Penjualan ke konsumen/buttom scroldown' is clicked on

2023-10-05 14:15:33 - [TEST_STEP][PASSED] - click(findTestObject("admin/Penjualan ke konsumen/Selesai"), CONTINUE_ON_FAILURE): Object: 'Object Repository/admin/Penjualan ke konsumen/Selesai' is clicked on

2023-10-05 14:15:33 - [MESSAGE][PASSED] - Object: 'Object Repository/admin/Penjualan ke konsumen/Selesai' is clicked on

2023-10-05 14:15:33 - [TEST_STEP][PASSED] - waitForAlert(5, OPTIONAL): Alert is present after 5 second(s).

2023-10-05 14:15:33 - [MESSAGE][PASSED] - Alert is present after 5 second(s).

2023-10-05 14:15:33 - [TEST_STEP][PASSED] - acceptAlert(): Alert accepted

2023-10-05 14:15:33 - [MESSAGE][PASSED] - Alert accepted

2023-10-05 14:15:33 - [TEST_STEP][PASSED] - inv = data.get("invoice"): null

2023-10-05 14:15:33 - [TEST_STEP][PASSED] - setText(findTestObject("admin/Penjualan ke konsumen/Search"), inv): Text 'TRX60.20231005141433' is set on object 'Object Repository/admin/Penjualan ke konsumen/Search'

2023-10-05 14:15:37 - [MESSAGE][PASSED] - Text 'TRX60.20231005141433' is set on object 'Object Repository/admin/Penjualan ke konsumen/Search'

2023-10-05 14:15:37 - [TEST_STEP][PASSED] - verifyTextPresent("Selesai", false): Text 'Selesai' is present on page 

2023-10-05 14:15:38 - [MESSAGE][PASSED] - Text 'Selesai' is present on page 

2023-10-05 14:15:38 - [TEST_STEP][PASSED] - selesaiAdmin = getText(findTestObject("admin/Selesai")): Text of object 'Object Repository/admin/Selesai' is: 'Selesai'

2023-10-05 14:15:38 - [MESSAGE][PASSED] - Text of object 'Object Repository/admin/Selesai' is: 'Selesai'

2023-10-05 14:15:38 - [TEST_STEP][PASSED] - data.put("statusSelesai", selesaiAdmin): null

2023-10-05 14:15:38 - [TEST_STEP][PASSED] - return data: null

2023-10-05 14:15:38 - [MESSAGE][PASSED] - Call Test Case 'Test Cases/T13 Pembelian, Shipment dan Pembayaran/SA-005' successfully

2023-10-05 14:15:38 - [TEST_STEP][PASSED] - openBrowser("https://10.9.2.63/ecommerce/"): Browser is opened with url: 'https://10.9.2.63/ecommerce/'

2023-10-05 14:15:38 - [MESSAGE][WARNING] - A browser is already opened. Closing browser and opening a new one

2023-10-05 14:15:39 - [MESSAGE][INFO] - Starting 'Edge Chromium' driver

2023-10-05 14:15:39 - [MESSAGE][INFO] - User set preference: ['acceptInsecureCerts', 'true']

2023-10-05 14:15:41 - [MESSAGE][INFO] - Action delay is set to 0 milliseconds

2023-10-05 14:15:46 - [MESSAGE][PASSED] - Browser is opened with url: 'https://10.9.2.63/ecommerce/'

2023-10-05 14:15:46 - [TEST_STEP][PASSED] - maximizeWindow(): Current window maximized

2023-10-05 14:15:46 - [MESSAGE][PASSED] - Current window maximized

2023-10-05 14:15:46 - [TEST_STEP][PASSED] - verifyElementPresent(findTestObject("Login/Home"), 0): Object 'Object Repository/Login/Home' is present

2023-10-05 14:15:46 - [MESSAGE][WARNING] - Timeout '0' is invalid. Using default page load timeout: '30'

2023-10-05 14:15:47 - [MESSAGE][PASSED] - Object 'Object Repository/Login/Home' is present

2023-10-05 14:15:47 - [TEST_STEP][PASSED] - click(findTestObject("Login/a_Login")): Object: 'Object Repository/Login/a_Login' is clicked on

2023-10-05 14:15:47 - [MESSAGE][PASSED] - Object: 'Object Repository/Login/a_Login' is clicked on

2023-10-05 14:15:47 - [TEST_STEP][PASSED] - verifyElementPresent(findTestObject("Login/Tittle Login"), 0): Object 'Object Repository/Login/Tittle Login' is present

2023-10-05 14:15:47 - [MESSAGE][WARNING] - Timeout '0' is invalid. Using default page load timeout: '30'

2023-10-05 14:15:48 - [MESSAGE][PASSED] - Object 'Object Repository/Login/Tittle Login' is present

2023-10-05 14:15:48 - [TEST_STEP][PASSED] - setText(findTestObject("Login/input_Username, Email atau No. Handphone_a"), "irfanafandi"): Text 'irfanafandi' is set on object 'Object Repository/Login/input_Username, Email atau No. Handphone_a'

2023-10-05 14:15:48 - [MESSAGE][PASSED] - Text 'irfanafandi' is set on object 'Object Repository/Login/input_Username, Email atau No. Handphone_a'

2023-10-05 14:15:48 - [TEST_STEP][PASSED] - setText(findTestObject("Login/input_Password_b"), "12345irfan"): Text '12345irfan' is set on object 'Object Repository/Login/input_Password_b'

2023-10-05 14:15:49 - [MESSAGE][PASSED] - Text '12345irfan' is set on object 'Object Repository/Login/input_Password_b'

2023-10-05 14:15:49 - [TEST_STEP][PASSED] - click(findTestObject("Login/button_Masuk")): Object: 'Object Repository/Login/button_Masuk' is clicked on

2023-10-05 14:15:51 - [MESSAGE][PASSED] - Object: 'Object Repository/Login/button_Masuk' is clicked on

2023-10-05 14:15:51 - [TEST_STEP][PASSED] - verifyElementPresent(findTestObject("Login/li_Profile"), 0): Object 'Object Repository/Login/li_Profile' is present

2023-10-05 14:15:51 - [MESSAGE][WARNING] - Timeout '0' is invalid. Using default page load timeout: '30'

2023-10-05 14:15:52 - [MESSAGE][PASSED] - Object 'Object Repository/Login/li_Profile' is present

2023-10-05 14:15:52 - [TEST_STEP][PASSED] - click(findTestObject("Konfirmasi pesanan shop/Menu Shop")): Object: 'Object Repository/Konfirmasi pesanan shop/Menu Shop' is clicked on

2023-10-05 14:15:53 - [MESSAGE][PASSED] - Object: 'Object Repository/Konfirmasi pesanan shop/Menu Shop' is clicked on

2023-10-05 14:15:53 - [TEST_STEP][PASSED] - click(findTestObject("Konfirmasi pesanan shop/Menu Shop")): Object: 'Object Repository/Konfirmasi pesanan shop/Menu Shop' is clicked on

2023-10-05 14:15:54 - [MESSAGE][PASSED] - Object: 'Object Repository/Konfirmasi pesanan shop/Menu Shop' is clicked on

2023-10-05 14:15:54 - [TEST_STEP][PASSED] - click(findTestObject("verifikasi/Orders Report")): Object: 'Object Repository/verifikasi/Orders Report' is clicked on

2023-10-05 14:15:55 - [MESSAGE][PASSED] - Object: 'Object Repository/verifikasi/Orders Report' is clicked on

2023-10-05 14:15:55 - [TEST_STEP][PASSED] - verifyElementPresent(findTestObject("Login/li_Profile"), 0): Object 'Object Repository/Login/li_Profile' is present

2023-10-05 14:15:55 - [MESSAGE][WARNING] - Timeout '0' is invalid. Using default page load timeout: '30'

2023-10-05 14:15:56 - [MESSAGE][PASSED] - Object 'Object Repository/Login/li_Profile' is present

2023-10-05 14:15:56 - [TEST_STEP][PASSED] - click(findTestObject("verifikasi/Sampai Tujuan")): Object: 'Object Repository/verifikasi/Sampai Tujuan' is clicked on

2023-10-05 14:15:56 - [MESSAGE][PASSED] - Object: 'Object Repository/verifikasi/Sampai Tujuan' is clicked on

2023-10-05 14:15:56 - [TEST_STEP][PASSED] - verifyElementPresent(findTestObject("verifikasi/Notifikasi angka"), 1): Object 'Object Repository/verifikasi/Notifikasi angka' is present

2023-10-05 14:15:57 - [MESSAGE][PASSED] - Object 'Object Repository/verifikasi/Notifikasi angka' is present

2023-10-05 14:15:57 - [TEST_STEP][PASSED] - selesai = getText(findTestObject("verifikasi/Status Selesai di user")): Text of object 'Object Repository/verifikasi/Status Selesai di user' is: 'Selesai'

2023-10-05 14:15:57 - [MESSAGE][PASSED] - Text of object 'Object Repository/verifikasi/Status Selesai di user' is: 'Selesai'

2023-10-05 14:15:57 - [TEST_STEP][PASSED] - statusPembayaran = data.get("statusSelesai"): null

2023-10-05 14:15:57 - [TEST_STEP][PASSED] - assert selesai == statusPembayaran: null]]></system-out>
         <system-err><![CDATA[]]></system-err>
      </testcase>
      <system-out><![CDATA[2023-10-05 13:15:59 - [TEST_SUITE][FAILED] - T13 Pembelian, Shipment dan Pembayaran: Test Cases/T13 Pembelian, Shipment dan Pembayaran/PBL-003 FAILED.
Reason:
com.kms.katalon.core.exception.StepFailedException: Unable to verify text 'Silakan pilih warna dan ukuran produk' is present 
	at com.kms.katalon.core.webui.keyword.internal.WebUIKeywordMain.stepFailed(WebUIKeywordMain.groovy:64)
	at com.kms.katalon.core.webui.keyword.internal.WebUIKeywordMain.runKeyword(WebUIKeywordMain.groovy:26)
	at com.kms.katalon.core.webui.keyword.builtin.VerifyTextPresentKeyword.verifyTextPresent(VerifyTextPresentKeyword.groovy:83)
	at com.kms.katalon.core.webui.keyword.builtin.VerifyTextPresentKeyword.execute(VerifyTextPresentKeyword.groovy:68)
	at com.kms.katalon.core.keyword.internal.KeywordExecutor.executeKeywordForPlatform(KeywordExecutor.groovy:74)
	at com.kms.katalon.core.webui.keyword.WebUiBuiltInKeywords.verifyTextPresent(WebUiBuiltInKeywords.groovy:1723)
	at com.kms.katalon.core.webui.keyword.WebUiBuiltInKeywords$verifyTextPresent$7.call(Unknown Source)
	at PBL-003.run(PBL-003:55)
	at com.kms.katalon.core.main.ScriptEngine.run(ScriptEngine.java:194)
	at com.kms.katalon.core.main.ScriptEngine.runScriptAsRawText(ScriptEngine.java:119)
	at com.kms.katalon.core.main.TestCaseExecutor.runScript(TestCaseExecutor.java:448)
	at com.kms.katalon.core.main.TestCaseExecutor.doExecute(TestCaseExecutor.java:439)
	at com.kms.katalon.core.main.TestCaseExecutor.processExecutionPhase(TestCaseExecutor.java:418)
	at com.kms.katalon.core.main.TestCaseExecutor.accessMainPhase(TestCaseExecutor.java:410)
	at com.kms.katalon.core.main.TestCaseExecutor.execute(TestCaseExecutor.java:285)
	at com.kms.katalon.core.common.CommonExecutor.accessTestCaseMainPhase(CommonExecutor.java:65)
	at com.kms.katalon.core.main.TestSuiteExecutor.accessTestSuiteMainPhase(TestSuiteExecutor.java:148)
	at com.kms.katalon.core.main.TestSuiteExecutor.execute(TestSuiteExecutor.java:106)
	at com.kms.katalon.core.main.TestCaseMain.startTestSuite(TestCaseMain.java:187)
	at com.kms.katalon.core.main.TestCaseMain$startTestSuite$0.call(Unknown Source)
	at TempTestSuite1696486556660.run(TempTestSuite1696486556660.groovy:36)
Caused by: com.kms.katalon.core.exception.StepFailedException: Text 'Silakan pilih warna dan ukuran produk' is not present on page 
	at com.kms.katalon.core.webui.keyword.internal.WebUIKeywordMain.stepFailed(WebUIKeywordMain.groovy:64)
	at com.kms.katalon.core.webui.keyword.builtin.VerifyTextPresentKeyword$_verifyTextPresent_closure1.doCall(VerifyTextPresentKeyword.groovy:79)
	at com.kms.katalon.core.webui.keyword.builtin.VerifyTextPresentKeyword$_verifyTextPresent_closure1.call(VerifyTextPresentKeyword.groovy)
	at com.kms.katalon.core.webui.keyword.internal.WebUIKeywordMain.runKeyword(WebUIKeywordMain.groovy:20)
	... 19 more]]></system-out>
      <system-err><![CDATA[2023-10-05 13:15:59 - [TEST_SUITE][FAILED] - T13 Pembelian, Shipment dan Pembayaran: Test Cases/T13 Pembelian, Shipment dan Pembayaran/PBL-003 FAILED.
Reason:
com.kms.katalon.core.exception.StepFailedException: Unable to verify text 'Silakan pilih warna dan ukuran produk' is present 
	at com.kms.katalon.core.webui.keyword.internal.WebUIKeywordMain.stepFailed(WebUIKeywordMain.groovy:64)
	at com.kms.katalon.core.webui.keyword.internal.WebUIKeywordMain.runKeyword(WebUIKeywordMain.groovy:26)
	at com.kms.katalon.core.webui.keyword.builtin.VerifyTextPresentKeyword.verifyTextPresent(VerifyTextPresentKeyword.groovy:83)
	at com.kms.katalon.core.webui.keyword.builtin.VerifyTextPresentKeyword.execute(VerifyTextPresentKeyword.groovy:68)
	at com.kms.katalon.core.keyword.internal.KeywordExecutor.executeKeywordForPlatform(KeywordExecutor.groovy:74)
	at com.kms.katalon.core.webui.keyword.WebUiBuiltInKeywords.verifyTextPresent(WebUiBuiltInKeywords.groovy:1723)
	at com.kms.katalon.core.webui.keyword.WebUiBuiltInKeywords$verifyTextPresent$7.call(Unknown Source)
	at PBL-003.run(PBL-003:55)
	at com.kms.katalon.core.main.ScriptEngine.run(ScriptEngine.java:194)
	at com.kms.katalon.core.main.ScriptEngine.runScriptAsRawText(ScriptEngine.java:119)
	at com.kms.katalon.core.main.TestCaseExecutor.runScript(TestCaseExecutor.java:448)
	at com.kms.katalon.core.main.TestCaseExecutor.doExecute(TestCaseExecutor.java:439)
	at com.kms.katalon.core.main.TestCaseExecutor.processExecutionPhase(TestCaseExecutor.java:418)
	at com.kms.katalon.core.main.TestCaseExecutor.accessMainPhase(TestCaseExecutor.java:410)
	at com.kms.katalon.core.main.TestCaseExecutor.execute(TestCaseExecutor.java:285)
	at com.kms.katalon.core.common.CommonExecutor.accessTestCaseMainPhase(CommonExecutor.java:65)
	at com.kms.katalon.core.main.TestSuiteExecutor.accessTestSuiteMainPhase(TestSuiteExecutor.java:148)
	at com.kms.katalon.core.main.TestSuiteExecutor.execute(TestSuiteExecutor.java:106)
	at com.kms.katalon.core.main.TestCaseMain.startTestSuite(TestCaseMain.java:187)
	at com.kms.katalon.core.main.TestCaseMain$startTestSuite$0.call(Unknown Source)
	at TempTestSuite1696486556660.run(TempTestSuite1696486556660.groovy:36)
Caused by: com.kms.katalon.core.exception.StepFailedException: Text 'Silakan pilih warna dan ukuran produk' is not present on page 
	at com.kms.katalon.core.webui.keyword.internal.WebUIKeywordMain.stepFailed(WebUIKeywordMain.groovy:64)
	at com.kms.katalon.core.webui.keyword.builtin.VerifyTextPresentKeyword$_verifyTextPresent_closure1.doCall(VerifyTextPresentKeyword.groovy:79)
	at com.kms.katalon.core.webui.keyword.builtin.VerifyTextPresentKeyword$_verifyTextPresent_closure1.call(VerifyTextPresentKeyword.groovy)
	at com.kms.katalon.core.webui.keyword.internal.WebUIKeywordMain.runKeyword(WebUIKeywordMain.groovy:20)
	... 19 more]]></system-err>
   </testsuite>
</testsuites>
