<?xml version="1.0" encoding="UTF-8"?>
<testsuites name="T13 Pembelian, Shipment dan Pembayaran" time="3621.872" tests="48" failures="22" errors="0">
   <testsuite name="T13 Pembelian, Shipment dan Pembayaran" tests="48" failures="22" errors="0" time="3621.872" skipped="0" timestamp="2023-10-04 19:59:12" hostname="IRFAN - DESKTOP-H62FVJ8" id="Test Suites/T13 Pembelian, Shipment dan Pembayaran/T13 Pembelian, Shipment dan Pembayaran">
      <properties>
         <property name="deviceName" value=""/>
         <property name="devicePlatform" value=""/>
         <property name="logFolder" value="D:\\BOOTCAMP XSIS\\Projek 2 MINI PROJEK\\Reports\\20231004_190004\\T13 Pembelian, Shipment dan Pembayaran\\T13 Pembelian, Shipment dan Pembayaran\\20231004_195908"/>
         <property name="logFiles" value="D:\\BOOTCAMP XSIS\\Projek 2 MINI PROJEK\\Reports\\20231004_190004\\T13 Pembelian, Shipment dan Pembayaran\\T13 Pembelian, Shipment dan Pembayaran\\20231004_195908\\execution0.log, D:\\BOOTCAMP XSIS\\Projek 2 MINI PROJEK\\Reports\\20231004_190004\\T13 Pembelian, Shipment dan Pembayaran\\T13 Pembelian, Shipment dan Pembayaran\\20231004_195908\\execution1.log"/>
         <property name="attachments" value="D:\\BOOTCAMP XSIS\\Projek 2 MINI PROJEK\\Reports\\20231004_190004\\T13 Pembelian, Shipment dan Pembayaran\\T13 Pembelian, Shipment dan Pembayaran\\20231004_195908\\1696424484242.png, D:\\BOOTCAMP XSIS\\Projek 2 MINI PROJEK\\Reports\\20231004_190004\\T13 Pembelian, Shipment dan Pembayaran\\T13 Pembelian, Shipment dan Pembayaran\\20231004_195908\\1696424497313.png, D:\\BOOTCAMP XSIS\\Projek 2 MINI PROJEK\\Reports\\20231004_190004\\T13 Pembelian, Shipment dan Pembayaran\\T13 Pembelian, Shipment dan Pembayaran\\20231004_195908\\1696424509596.png, D:\\BOOTCAMP XSIS\\Projek 2 MINI PROJEK\\Reports\\20231004_190004\\T13 Pembelian, Shipment dan Pembayaran\\T13 Pembelian, Shipment dan Pembayaran\\20231004_195908\\1696424543746.png, D:\\BOOTCAMP XSIS\\Projek 2 MINI PROJEK\\Reports\\20231004_190004\\T13 Pembelian, Shipment dan Pembayaran\\T13 Pembelian, Shipment dan Pembayaran\\20231004_195908\\1696424578034.png, D:\\BOOTCAMP XSIS\\Projek 2 MINI PROJEK\\Reports\\20231004_190004\\T13 Pembelian, Shipment dan Pembayaran\\T13 Pembelian, Shipment dan Pembayaran\\20231004_195908\\1696424590592.png, D:\\BOOTCAMP XSIS\\Projek 2 MINI PROJEK\\Reports\\20231004_190004\\T13 Pembelian, Shipment dan Pembayaran\\T13 Pembelian, Shipment dan Pembayaran\\20231004_195908\\1696424634424.png, D:\\BOOTCAMP XSIS\\Projek 2 MINI PROJEK\\Reports\\20231004_190004\\T13 Pembelian, Shipment dan Pembayaran\\T13 Pembelian, Shipment dan Pembayaran\\20231004_195908\\1696424965607.png, D:\\BOOTCAMP XSIS\\Projek 2 MINI PROJEK\\Reports\\20231004_190004\\T13 Pembelian, Shipment dan Pembayaran\\T13 Pembelian, Shipment dan Pembayaran\\20231004_195908\\1696425085285.png, D:\\BOOTCAMP XSIS\\Projek 2 MINI PROJEK\\Reports\\20231004_190004\\T13 Pembelian, Shipment dan Pembayaran\\T13 Pembelian, Shipment dan Pembayaran\\20231004_195908\\1696425203522.png, D:\\BOOTCAMP XSIS\\Projek 2 MINI PROJEK\\Reports\\20231004_190004\\T13 Pembelian, Shipment dan Pembayaran\\T13 Pembelian, Shipment dan Pembayaran\\20231004_195908\\1696425263918.png, D:\\BOOTCAMP XSIS\\Projek 2 MINI PROJEK\\Reports\\20231004_190004\\T13 Pembelian, Shipment dan Pembayaran\\T13 Pembelian, Shipment dan Pembayaran\\20231004_195908\\1696425370830.png, D:\\BOOTCAMP XSIS\\Projek 2 MINI PROJEK\\Reports\\20231004_190004\\T13 Pembelian, Shipment dan Pembayaran\\T13 Pembelian, Shipment dan Pembayaran\\20231004_195908\\1696425427060.png, D:\\BOOTCAMP XSIS\\Projek 2 MINI PROJEK\\Reports\\20231004_190004\\T13 Pembelian, Shipment dan Pembayaran\\T13 Pembelian, Shipment dan Pembayaran\\20231004_195908\\1696425853754.png, D:\\BOOTCAMP XSIS\\Projek 2 MINI PROJEK\\Reports\\20231004_190004\\T13 Pembelian, Shipment dan Pembayaran\\T13 Pembelian, Shipment dan Pembayaran\\20231004_195908\\1696426835108.png, D:\\BOOTCAMP XSIS\\Projek 2 MINI PROJEK\\Reports\\20231004_190004\\T13 Pembelian, Shipment dan Pembayaran\\T13 Pembelian, Shipment dan Pembayaran\\20231004_195908\\1696427485589.png, D:\\BOOTCAMP XSIS\\Projek 2 MINI PROJEK\\Reports\\20231004_190004\\T13 Pembelian, Shipment dan Pembayaran\\T13 Pembelian, Shipment dan Pembayaran\\20231004_195908\\1696427533149.png, D:\\BOOTCAMP XSIS\\Projek 2 MINI PROJEK\\Reports\\20231004_190004\\T13 Pembelian, Shipment dan Pembayaran\\T13 Pembelian, Shipment dan Pembayaran\\20231004_195908\\1696427700188.png"/>
         <property name="hostName" value="IRFAN - DESKTOP-H62FVJ8"/>
         <property name="os" value="Windows 10 64bit"/>
         <property name="katalonVersion" value="8.6.5.208"/>
         <property name="browser" value="Firefox 117.0"/>
         <property name="hostAddress" value="10.9.2.72"/>
         <property name="sessionId" value="c91de856-823d-474e-96c8-e0ffdcf48f0e"/>
         <property name="seleniumVersion" value="3.141.59"/>
         <property name="proxyInformation" value="ProxyInformation { proxyOption=NO_PROXY, proxyServerType=HTTP, username=, password=********, proxyServerAddress=, proxyServerPort=0, executionList=&quot;&quot;, isApplyToDesiredCapabilities=true }"/>
         <property name="platform" value="Windows 10"/>
      </properties>
      <testcase name="Test Cases/T13 Pembelian, Shipment dan Pembayaran/LU-001" time="12.454" classname="Test Cases/T13 Pembelian, Shipment dan Pembayaran/LU-001" status="PASSED">
         <system-out><![CDATA[2023-10-04 19:59:12 - [TEST_CASE][PASSED] - Test Cases/T13 Pembelian, Shipment dan Pembayaran/LU-001: Test Cases/T13 Pembelian, Shipment dan Pembayaran/LU-001

2023-10-04 19:59:13 - [TEST_STEP][PASSED] - openBrowser("https://10.9.2.63/ecommerce/"): Browser is opened with url: 'https://10.9.2.63/ecommerce/'

2023-10-04 19:59:13 - [MESSAGE][INFO] - Starting 'Firefox' driver

2023-10-04 19:59:13 - [MESSAGE][INFO] - User set preference: ['args', '[--disable-notifications]']

2023-10-04 19:59:13 - [MESSAGE][INFO] - Action delay is set to 0 milliseconds

2023-10-04 19:59:19 - [MESSAGE][PASSED] - Browser is opened with url: 'https://10.9.2.63/ecommerce/'

2023-10-04 19:59:19 - [TEST_STEP][PASSED] - maximizeWindow(): Current window maximized

2023-10-04 19:59:19 - [MESSAGE][PASSED] - Current window maximized

2023-10-04 19:59:19 - [TEST_STEP][PASSED] - verifyElementPresent(findTestObject("Login/Home"), 0): Object 'Object Repository/Login/Home' is present

2023-10-04 19:59:19 - [MESSAGE][WARNING] - Timeout '0' is invalid. Using default page load timeout: '30'

2023-10-04 19:59:20 - [MESSAGE][PASSED] - Object 'Object Repository/Login/Home' is present

2023-10-04 19:59:20 - [TEST_STEP][PASSED] - click(findTestObject("Login/a_Login")): Object: 'Object Repository/Login/a_Login' is clicked on

2023-10-04 19:59:21 - [MESSAGE][PASSED] - Object: 'Object Repository/Login/a_Login' is clicked on

2023-10-04 19:59:21 - [TEST_STEP][PASSED] - verifyElementPresent(findTestObject("Login/Tittle Login"), 0): Object 'Object Repository/Login/Tittle Login' is present

2023-10-04 19:59:21 - [MESSAGE][WARNING] - Timeout '0' is invalid. Using default page load timeout: '30'

2023-10-04 19:59:21 - [MESSAGE][PASSED] - Object 'Object Repository/Login/Tittle Login' is present

2023-10-04 19:59:21 - [TEST_STEP][PASSED] - setText(findTestObject("Login/input_Username, Email atau No. Handphone_a"), username): Text 'irfanafandi' is set on object 'Object Repository/Login/input_Username, Email atau No. Handphone_a'

2023-10-04 19:59:22 - [MESSAGE][PASSED] - Text 'irfanafandi' is set on object 'Object Repository/Login/input_Username, Email atau No. Handphone_a'

2023-10-04 19:59:22 - [TEST_STEP][PASSED] - setText(findTestObject("Login/input_Password_b"), password): Text '12345irfan' is set on object 'Object Repository/Login/input_Password_b'

2023-10-04 19:59:23 - [MESSAGE][PASSED] - Text '12345irfan' is set on object 'Object Repository/Login/input_Password_b'

2023-10-04 19:59:23 - [TEST_STEP][PASSED] - click(findTestObject("Login/label_Ingat saya")): Object: 'Object Repository/Login/label_Ingat saya' is clicked on

2023-10-04 19:59:23 - [MESSAGE][PASSED] - Object: 'Object Repository/Login/label_Ingat saya' is clicked on

2023-10-04 19:59:23 - [TEST_STEP][PASSED] - click(findTestObject("Login/button_Masuk")): Object: 'Object Repository/Login/button_Masuk' is clicked on

2023-10-04 19:59:24 - [MESSAGE][PASSED] - Object: 'Object Repository/Login/button_Masuk' is clicked on

2023-10-04 19:59:24 - [TEST_STEP][PASSED] - verifyElementPresent(findTestObject("Login/li_Profile"), 0): Object 'Object Repository/Login/li_Profile' is present

2023-10-04 19:59:24 - [MESSAGE][WARNING] - Timeout '0' is invalid. Using default page load timeout: '30'

2023-10-04 19:59:25 - [MESSAGE][PASSED] - Object 'Object Repository/Login/li_Profile' is present]]></system-out>
         <system-err><![CDATA[]]></system-err>
      </testcase>
      <testcase name="Test Cases/T13 Pembelian, Shipment dan Pembayaran/PBL-001" time="17.984" classname="Test Cases/T13 Pembelian, Shipment dan Pembayaran/PBL-001" status="PASSED">
         <system-out><![CDATA[2023-10-04 19:59:25 - [TEST_CASE][PASSED] - Test Cases/T13 Pembelian, Shipment dan Pembayaran/PBL-001: Test Cases/T13 Pembelian, Shipment dan Pembayaran/PBL-001

2023-10-04 19:59:25 - [TEST_STEP][PASSED] - callTestCase(findTestCase("T13 Pembelian, Shipment dan Pembayaran/LU-001"), ["username":"irfanafandi", "password":"12345irfan"], STOP_ON_FAILURE): Call Test Case 'Test Cases/T13 Pembelian, Shipment dan Pembayaran/LU-001' successfully

2023-10-04 19:59:25 - [TEST_CASE][PASSED] - Test Cases/T13 Pembelian, Shipment dan Pembayaran/LU-001: Test Cases/T13 Pembelian, Shipment dan Pembayaran/LU-001

2023-10-04 19:59:25 - [TEST_STEP][PASSED] - openBrowser("https://10.9.2.63/ecommerce/"): Browser is opened with url: 'https://10.9.2.63/ecommerce/'

2023-10-04 19:59:25 - [MESSAGE][WARNING] - A browser is already opened. Closing browser and opening a new one

2023-10-04 19:59:26 - [MESSAGE][INFO] - Starting 'Firefox' driver

2023-10-04 19:59:26 - [MESSAGE][INFO] - User set preference: ['args', '[--disable-notifications]']

2023-10-04 19:59:26 - [MESSAGE][INFO] - Action delay is set to 0 milliseconds

2023-10-04 19:59:31 - [MESSAGE][PASSED] - Browser is opened with url: 'https://10.9.2.63/ecommerce/'

2023-10-04 19:59:31 - [TEST_STEP][PASSED] - maximizeWindow(): Current window maximized

2023-10-04 19:59:31 - [MESSAGE][PASSED] - Current window maximized

2023-10-04 19:59:31 - [TEST_STEP][PASSED] - verifyElementPresent(findTestObject("Login/Home"), 0): Object 'Object Repository/Login/Home' is present

2023-10-04 19:59:31 - [MESSAGE][WARNING] - Timeout '0' is invalid. Using default page load timeout: '30'

2023-10-04 19:59:32 - [MESSAGE][PASSED] - Object 'Object Repository/Login/Home' is present

2023-10-04 19:59:32 - [TEST_STEP][PASSED] - click(findTestObject("Login/a_Login")): Object: 'Object Repository/Login/a_Login' is clicked on

2023-10-04 19:59:32 - [MESSAGE][PASSED] - Object: 'Object Repository/Login/a_Login' is clicked on

2023-10-04 19:59:32 - [TEST_STEP][PASSED] - verifyElementPresent(findTestObject("Login/Tittle Login"), 0): Object 'Object Repository/Login/Tittle Login' is present

2023-10-04 19:59:32 - [MESSAGE][WARNING] - Timeout '0' is invalid. Using default page load timeout: '30'

2023-10-04 19:59:33 - [MESSAGE][PASSED] - Object 'Object Repository/Login/Tittle Login' is present

2023-10-04 19:59:33 - [TEST_STEP][PASSED] - setText(findTestObject("Login/input_Username, Email atau No. Handphone_a"), username): Text 'irfanafandi' is set on object 'Object Repository/Login/input_Username, Email atau No. Handphone_a'

2023-10-04 19:59:33 - [MESSAGE][PASSED] - Text 'irfanafandi' is set on object 'Object Repository/Login/input_Username, Email atau No. Handphone_a'

2023-10-04 19:59:33 - [TEST_STEP][PASSED] - setText(findTestObject("Login/input_Password_b"), password): Text '12345irfan' is set on object 'Object Repository/Login/input_Password_b'

2023-10-04 19:59:34 - [MESSAGE][PASSED] - Text '12345irfan' is set on object 'Object Repository/Login/input_Password_b'

2023-10-04 19:59:34 - [TEST_STEP][PASSED] - click(findTestObject("Login/label_Ingat saya")): Object: 'Object Repository/Login/label_Ingat saya' is clicked on

2023-10-04 19:59:35 - [MESSAGE][PASSED] - Object: 'Object Repository/Login/label_Ingat saya' is clicked on

2023-10-04 19:59:35 - [TEST_STEP][PASSED] - click(findTestObject("Login/button_Masuk")): Object: 'Object Repository/Login/button_Masuk' is clicked on

2023-10-04 19:59:36 - [MESSAGE][PASSED] - Object: 'Object Repository/Login/button_Masuk' is clicked on

2023-10-04 19:59:36 - [TEST_STEP][PASSED] - verifyElementPresent(findTestObject("Login/li_Profile"), 0): Object 'Object Repository/Login/li_Profile' is present

2023-10-04 19:59:36 - [MESSAGE][WARNING] - Timeout '0' is invalid. Using default page load timeout: '30'

2023-10-04 19:59:36 - [MESSAGE][PASSED] - Object 'Object Repository/Login/li_Profile' is present

2023-10-04 19:59:36 - [MESSAGE][PASSED] - Call Test Case 'Test Cases/T13 Pembelian, Shipment dan Pembayaran/LU-001' successfully

2023-10-04 19:59:36 - [TEST_STEP][PASSED] - mouseOver(findTestObject("beli barang/i_Mulai Belanja_icon-menu")): Object: 'Object Repository/beli barang/i_Mulai Belanja_icon-menu' is hovered

2023-10-04 19:59:37 - [MESSAGE][PASSED] - Object: 'Object Repository/beli barang/i_Mulai Belanja_icon-menu' is hovered

2023-10-04 19:59:37 - [TEST_STEP][PASSED] - click(findTestObject("beli barang/a_Fashion  Busana Wanita")): Object: 'Object Repository/beli barang/a_Fashion  Busana Wanita' is clicked on

2023-10-04 19:59:38 - [MESSAGE][PASSED] - Object: 'Object Repository/beli barang/a_Fashion  Busana Wanita' is clicked on

2023-10-04 19:59:38 - [TEST_STEP][PASSED] - NamaSebelum = getText(findTestObject("verifikasi/Nama sebelum")): Text of object 'Object Repository/verifikasi/Nama sebelum' is: ''

2023-10-04 19:59:39 - [MESSAGE][PASSED] - Text of object 'Object Repository/verifikasi/Nama sebelum' is: ''

2023-10-04 19:59:39 - [TEST_STEP][PASSED] - HargaSebelum = getText(findTestObject("verifikasi/Harga sebelum")): Text of object 'Object Repository/verifikasi/Harga sebelum' is: 'Rp 1,299'

2023-10-04 19:59:39 - [MESSAGE][PASSED] - Text of object 'Object Repository/verifikasi/Harga sebelum' is: 'Rp 1,299'

2023-10-04 19:59:39 - [TEST_STEP][PASSED] - mouseOver(findTestObject("beli barang/barang mouse over")): Object: 'Object Repository/beli barang/barang mouse over' is hovered

2023-10-04 19:59:40 - [MESSAGE][PASSED] - Object: 'Object Repository/beli barang/barang mouse over' is hovered

2023-10-04 19:59:40 - [TEST_STEP][PASSED] - click(findTestObject("beli barang/buttom add to cart")): Object: 'Object Repository/beli barang/buttom add to cart' is clicked on

2023-10-04 19:59:41 - [MESSAGE][PASSED] - Object: 'Object Repository/beli barang/buttom add to cart' is clicked on

2023-10-04 19:59:41 - [TEST_STEP][PASSED] - NamaSesudah = getText(findTestObject("verifikasi/Nama sesudah")): Text of object 'Object Repository/verifikasi/Nama sesudah' is: 'Segitiga Instan Madeira - MDB5.3 Sunset'

2023-10-04 19:59:41 - [MESSAGE][PASSED] - Text of object 'Object Repository/verifikasi/Nama sesudah' is: 'Segitiga Instan Madeira - MDB5.3 Sunset'

2023-10-04 19:59:41 - [TEST_STEP][PASSED] - HargaSesudah = getText(findTestObject("verifikasi/Harga sesudah")): Text of object 'Object Repository/verifikasi/Harga sesudah' is: 'Rp 1,299'

2023-10-04 19:59:42 - [MESSAGE][PASSED] - Text of object 'Object Repository/verifikasi/Harga sesudah' is: 'Rp 1,299'

2023-10-04 19:59:42 - [TEST_STEP][PASSED] - assert NamaSesudah.contains(NamaSebelum): null

2023-10-04 19:59:42 - [TEST_STEP][PASSED] - assert HargaSesudah.contains(HargaSebelum): null

2023-10-04 19:59:42 - [TEST_STEP][PASSED] - click(findTestObject("beli barang/Tambah Keranjang busana wanita")): Object: 'Object Repository/beli barang/Tambah Keranjang busana wanita' is clicked on

2023-10-04 19:59:42 - [MESSAGE][PASSED] - Object: 'Object Repository/beli barang/Tambah Keranjang busana wanita' is clicked on

2023-10-04 19:59:42 - [TEST_STEP][PASSED] - verifyElementPresent(findTestObject("checkout/Notifikasi keranjang"), 1): Object 'Object Repository/checkout/Notifikasi keranjang' is present

2023-10-04 19:59:43 - [MESSAGE][PASSED] - Object 'Object Repository/checkout/Notifikasi keranjang' is present

2023-10-04 19:59:43 - [TEST_STEP][PASSED] - data = new java.util.HashMap(): null

2023-10-04 19:59:43 - [TEST_STEP][PASSED] - data.put("nama_barang", NamaSesudah): null

2023-10-04 19:59:43 - [TEST_STEP][PASSED] - data.put("price_barang", HargaSesudah): null

2023-10-04 19:59:43 - [TEST_STEP][PASSED] - return data: null]]></system-out>
         <system-err><![CDATA[]]></system-err>
      </testcase>
      <testcase name="Test Cases/T13 Pembelian, Shipment dan Pembayaran/PBL-002" time="24.384" classname="Test Cases/T13 Pembelian, Shipment dan Pembayaran/PBL-002" status="PASSED">
         <system-out><![CDATA[2023-10-04 19:59:43 - [TEST_CASE][PASSED] - Test Cases/T13 Pembelian, Shipment dan Pembayaran/PBL-002: Test Cases/T13 Pembelian, Shipment dan Pembayaran/PBL-002

2023-10-04 19:59:43 - [TEST_STEP][PASSED] - data = callTestCase(findTestCase("T13 Pembelian, Shipment dan Pembayaran/PBL-001"), [:], STOP_ON_FAILURE): Call Test Case 'Test Cases/T13 Pembelian, Shipment dan Pembayaran/PBL-001' successfully

2023-10-04 19:59:43 - [TEST_CASE][PASSED] - Test Cases/T13 Pembelian, Shipment dan Pembayaran/PBL-001: Test Cases/T13 Pembelian, Shipment dan Pembayaran/PBL-001

2023-10-04 19:59:43 - [TEST_STEP][PASSED] - callTestCase(findTestCase("T13 Pembelian, Shipment dan Pembayaran/LU-001"), ["username":"irfanafandi", "password":"12345irfan"], STOP_ON_FAILURE): Call Test Case 'Test Cases/T13 Pembelian, Shipment dan Pembayaran/LU-001' successfully

2023-10-04 19:59:43 - [TEST_CASE][PASSED] - Test Cases/T13 Pembelian, Shipment dan Pembayaran/LU-001: Test Cases/T13 Pembelian, Shipment dan Pembayaran/LU-001

2023-10-04 19:59:43 - [TEST_STEP][PASSED] - openBrowser("https://10.9.2.63/ecommerce/"): Browser is opened with url: 'https://10.9.2.63/ecommerce/'

2023-10-04 19:59:43 - [MESSAGE][WARNING] - A browser is already opened. Closing browser and opening a new one

2023-10-04 19:59:44 - [MESSAGE][INFO] - Starting 'Firefox' driver

2023-10-04 19:59:44 - [MESSAGE][INFO] - User set preference: ['args', '[--disable-notifications]']

2023-10-04 19:59:44 - [MESSAGE][INFO] - Action delay is set to 0 milliseconds

2023-10-04 19:59:49 - [MESSAGE][PASSED] - Browser is opened with url: 'https://10.9.2.63/ecommerce/'

2023-10-04 19:59:49 - [TEST_STEP][PASSED] - maximizeWindow(): Current window maximized

2023-10-04 19:59:49 - [MESSAGE][PASSED] - Current window maximized

2023-10-04 19:59:49 - [TEST_STEP][PASSED] - verifyElementPresent(findTestObject("Login/Home"), 0): Object 'Object Repository/Login/Home' is present

2023-10-04 19:59:49 - [MESSAGE][WARNING] - Timeout '0' is invalid. Using default page load timeout: '30'

2023-10-04 19:59:50 - [MESSAGE][PASSED] - Object 'Object Repository/Login/Home' is present

2023-10-04 19:59:50 - [TEST_STEP][PASSED] - click(findTestObject("Login/a_Login")): Object: 'Object Repository/Login/a_Login' is clicked on

2023-10-04 19:59:51 - [MESSAGE][PASSED] - Object: 'Object Repository/Login/a_Login' is clicked on

2023-10-04 19:59:51 - [TEST_STEP][PASSED] - verifyElementPresent(findTestObject("Login/Tittle Login"), 0): Object 'Object Repository/Login/Tittle Login' is present

2023-10-04 19:59:51 - [MESSAGE][WARNING] - Timeout '0' is invalid. Using default page load timeout: '30'

2023-10-04 19:59:51 - [MESSAGE][PASSED] - Object 'Object Repository/Login/Tittle Login' is present

2023-10-04 19:59:51 - [TEST_STEP][PASSED] - setText(findTestObject("Login/input_Username, Email atau No. Handphone_a"), username): Text 'irfanafandi' is set on object 'Object Repository/Login/input_Username, Email atau No. Handphone_a'

2023-10-04 19:59:52 - [MESSAGE][PASSED] - Text 'irfanafandi' is set on object 'Object Repository/Login/input_Username, Email atau No. Handphone_a'

2023-10-04 19:59:52 - [TEST_STEP][PASSED] - setText(findTestObject("Login/input_Password_b"), password): Text '12345irfan' is set on object 'Object Repository/Login/input_Password_b'

2023-10-04 19:59:52 - [MESSAGE][PASSED] - Text '12345irfan' is set on object 'Object Repository/Login/input_Password_b'

2023-10-04 19:59:52 - [TEST_STEP][PASSED] - click(findTestObject("Login/label_Ingat saya")): Object: 'Object Repository/Login/label_Ingat saya' is clicked on

2023-10-04 19:59:53 - [MESSAGE][PASSED] - Object: 'Object Repository/Login/label_Ingat saya' is clicked on

2023-10-04 19:59:53 - [TEST_STEP][PASSED] - click(findTestObject("Login/button_Masuk")): Object: 'Object Repository/Login/button_Masuk' is clicked on

2023-10-04 19:59:54 - [MESSAGE][PASSED] - Object: 'Object Repository/Login/button_Masuk' is clicked on

2023-10-04 19:59:54 - [TEST_STEP][PASSED] - verifyElementPresent(findTestObject("Login/li_Profile"), 0): Object 'Object Repository/Login/li_Profile' is present

2023-10-04 19:59:54 - [MESSAGE][WARNING] - Timeout '0' is invalid. Using default page load timeout: '30'

2023-10-04 19:59:55 - [MESSAGE][PASSED] - Object 'Object Repository/Login/li_Profile' is present

2023-10-04 19:59:55 - [MESSAGE][PASSED] - Call Test Case 'Test Cases/T13 Pembelian, Shipment dan Pembayaran/LU-001' successfully

2023-10-04 19:59:55 - [TEST_STEP][PASSED] - mouseOver(findTestObject("beli barang/i_Mulai Belanja_icon-menu")): Object: 'Object Repository/beli barang/i_Mulai Belanja_icon-menu' is hovered

2023-10-04 19:59:55 - [MESSAGE][PASSED] - Object: 'Object Repository/beli barang/i_Mulai Belanja_icon-menu' is hovered

2023-10-04 19:59:55 - [TEST_STEP][PASSED] - click(findTestObject("beli barang/a_Fashion  Busana Wanita")): Object: 'Object Repository/beli barang/a_Fashion  Busana Wanita' is clicked on

2023-10-04 19:59:56 - [MESSAGE][PASSED] - Object: 'Object Repository/beli barang/a_Fashion  Busana Wanita' is clicked on

2023-10-04 19:59:56 - [TEST_STEP][PASSED] - NamaSebelum = getText(findTestObject("verifikasi/Nama sebelum")): Text of object 'Object Repository/verifikasi/Nama sebelum' is: ''

2023-10-04 19:59:57 - [MESSAGE][PASSED] - Text of object 'Object Repository/verifikasi/Nama sebelum' is: ''

2023-10-04 19:59:57 - [TEST_STEP][PASSED] - HargaSebelum = getText(findTestObject("verifikasi/Harga sebelum")): Text of object 'Object Repository/verifikasi/Harga sebelum' is: ''

2023-10-04 19:59:57 - [MESSAGE][PASSED] - Text of object 'Object Repository/verifikasi/Harga sebelum' is: ''

2023-10-04 19:59:57 - [TEST_STEP][PASSED] - mouseOver(findTestObject("beli barang/barang mouse over")): Object: 'Object Repository/beli barang/barang mouse over' is hovered

2023-10-04 19:59:58 - [MESSAGE][PASSED] - Object: 'Object Repository/beli barang/barang mouse over' is hovered

2023-10-04 19:59:58 - [TEST_STEP][PASSED] - click(findTestObject("beli barang/buttom add to cart")): Object: 'Object Repository/beli barang/buttom add to cart' is clicked on

2023-10-04 19:59:59 - [MESSAGE][PASSED] - Object: 'Object Repository/beli barang/buttom add to cart' is clicked on

2023-10-04 19:59:59 - [TEST_STEP][PASSED] - NamaSesudah = getText(findTestObject("verifikasi/Nama sesudah")): Text of object 'Object Repository/verifikasi/Nama sesudah' is: 'Segitiga Instan Madeira - MDB5.3 Sunset'

2023-10-04 19:59:59 - [MESSAGE][PASSED] - Text of object 'Object Repository/verifikasi/Nama sesudah' is: 'Segitiga Instan Madeira - MDB5.3 Sunset'

2023-10-04 19:59:59 - [TEST_STEP][PASSED] - HargaSesudah = getText(findTestObject("verifikasi/Harga sesudah")): Text of object 'Object Repository/verifikasi/Harga sesudah' is: 'Rp 1,299'

2023-10-04 20:00:00 - [MESSAGE][PASSED] - Text of object 'Object Repository/verifikasi/Harga sesudah' is: 'Rp 1,299'

2023-10-04 20:00:00 - [TEST_STEP][PASSED] - assert NamaSesudah.contains(NamaSebelum): null

2023-10-04 20:00:00 - [TEST_STEP][PASSED] - assert HargaSesudah.contains(HargaSebelum): null

2023-10-04 20:00:00 - [TEST_STEP][PASSED] - click(findTestObject("beli barang/Tambah Keranjang busana wanita")): Object: 'Object Repository/beli barang/Tambah Keranjang busana wanita' is clicked on

2023-10-04 20:00:00 - [MESSAGE][PASSED] - Object: 'Object Repository/beli barang/Tambah Keranjang busana wanita' is clicked on

2023-10-04 20:00:00 - [TEST_STEP][PASSED] - verifyElementPresent(findTestObject("checkout/Notifikasi keranjang"), 1): Object 'Object Repository/checkout/Notifikasi keranjang' is present

2023-10-04 20:00:01 - [MESSAGE][PASSED] - Object 'Object Repository/checkout/Notifikasi keranjang' is present

2023-10-04 20:00:01 - [TEST_STEP][PASSED] - data = new java.util.HashMap(): null

2023-10-04 20:00:01 - [TEST_STEP][PASSED] - data.put("nama_barang", NamaSesudah): null

2023-10-04 20:00:01 - [TEST_STEP][PASSED] - data.put("price_barang", HargaSesudah): null

2023-10-04 20:00:01 - [TEST_STEP][PASSED] - return data: null

2023-10-04 20:00:01 - [MESSAGE][PASSED] - Call Test Case 'Test Cases/T13 Pembelian, Shipment dan Pembayaran/PBL-001' successfully

2023-10-04 20:00:01 - [TEST_STEP][PASSED] - mouseOver(findTestObject("beli barang/keranjang")): Object: 'Object Repository/beli barang/keranjang' is hovered

2023-10-04 20:00:02 - [MESSAGE][PASSED] - Object: 'Object Repository/beli barang/keranjang' is hovered

2023-10-04 20:00:02 - [TEST_STEP][PASSED] - click(findTestObject("beli barang/Lihat Sekarang")): Object: 'Object Repository/beli barang/Lihat Sekarang' is clicked on

2023-10-04 20:00:02 - [MESSAGE][PASSED] - Object: 'Object Repository/beli barang/Lihat Sekarang' is clicked on

2023-10-04 20:00:02 - [TEST_STEP][PASSED] - verifyElementPresent(findTestObject("keranjang/li_Keranjang Belanja"), 0): Object 'Object Repository/keranjang/li_Keranjang Belanja' is present

2023-10-04 20:00:02 - [MESSAGE][WARNING] - Timeout '0' is invalid. Using default page load timeout: '30'

2023-10-04 20:00:03 - [MESSAGE][PASSED] - Object 'Object Repository/keranjang/li_Keranjang Belanja' is present

2023-10-04 20:00:03 - [TEST_STEP][PASSED] - NamaKeranjang = getText(findTestObject("verifikasi/Nama keranjang")): Text of object 'Object Repository/verifikasi/Nama keranjang' is: 'Segitiga Instan Madeira - MDB5.3 Sunset'

2023-10-04 20:00:04 - [MESSAGE][PASSED] - Text of object 'Object Repository/verifikasi/Nama keranjang' is: 'Segitiga Instan Madeira - MDB5.3 Sunset'

2023-10-04 20:00:04 - [TEST_STEP][PASSED] - HargaKeranjang = getText(findTestObject("verifikasi/Harga Keranjang")): Text of object 'Object Repository/verifikasi/Harga Keranjang' is: 'Rp 1,299'

2023-10-04 20:00:04 - [MESSAGE][PASSED] - Text of object 'Object Repository/verifikasi/Harga Keranjang' is: 'Rp 1,299'

2023-10-04 20:00:04 - [TEST_STEP][PASSED] - if (toString().equalsIgnoreCase("Merah")): Object 'Object Repository/keranjang/input_Warna_variasi101' is checked

2023-10-04 20:00:04 - [TEST_STEP][PASSED] - check(findTestObject("Object Repository/keranjang/input_Warna_variasi101")): Object 'Object Repository/keranjang/input_Warna_variasi101' is checked

2023-10-04 20:00:05 - [MESSAGE][PASSED] - Object 'Object Repository/keranjang/input_Warna_variasi101' is checked

2023-10-04 20:00:05 - [TEST_STEP][PASSED] - if (toString().equalsIgnoreCase("Menengah")): Object 'Object Repository/keranjang/input_Ukuran_variasi201' is checked

2023-10-04 20:00:05 - [TEST_STEP][PASSED] - check(findTestObject("Object Repository/keranjang/input_Ukuran_variasi201")): Object 'Object Repository/keranjang/input_Ukuran_variasi201' is checked

2023-10-04 20:00:05 - [MESSAGE][PASSED] - Object 'Object Repository/keranjang/input_Ukuran_variasi201' is checked

2023-10-04 20:00:05 - [TEST_STEP][PASSED] - data.put("Warna", warna): null

2023-10-04 20:00:05 - [TEST_STEP][PASSED] - data.put("Ukuran", ukuran): null

2023-10-04 20:00:05 - [TEST_STEP][PASSED] - click(findTestObject("keranjang/button_Lanjut ke Pembayaran")): Object: 'Object Repository/keranjang/button_Lanjut ke Pembayaran' is clicked on

2023-10-04 20:00:07 - [MESSAGE][PASSED] - Object: 'Object Repository/keranjang/button_Lanjut ke Pembayaran' is clicked on

2023-10-04 20:00:07 - [TEST_STEP][PASSED] - verifyElementPresent(findTestObject("checkout/Tittle Checkout Order"), 0): Object 'Object Repository/checkout/Tittle Checkout Order' is present

2023-10-04 20:00:07 - [MESSAGE][WARNING] - Timeout '0' is invalid. Using default page load timeout: '30'

2023-10-04 20:00:07 - [MESSAGE][PASSED] - Object 'Object Repository/checkout/Tittle Checkout Order' is present

2023-10-04 20:00:07 - [TEST_STEP][PASSED] - name_product = data.get("nama_barang"): null

2023-10-04 20:00:07 - [TEST_STEP][PASSED] - price_product = data.get("price_barang"): null

2023-10-04 20:00:07 - [TEST_STEP][PASSED] - assert name_product == NamaKeranjang: null

2023-10-04 20:00:07 - [TEST_STEP][PASSED] - assert price_product == HargaKeranjang: null

2023-10-04 20:00:07 - [TEST_STEP][PASSED] - return data: null]]></system-out>
         <system-err><![CDATA[]]></system-err>
      </testcase>
      <testcase name="Test Cases/T13 Pembelian, Shipment dan Pembayaran/PBL-003" time="23.939" classname="Test Cases/T13 Pembelian, Shipment dan Pembayaran/PBL-003" status="PASSED">
         <system-out><![CDATA[2023-10-04 20:00:07 - [TEST_CASE][PASSED] - Test Cases/T13 Pembelian, Shipment dan Pembayaran/PBL-003: Test Cases/T13 Pembelian, Shipment dan Pembayaran/PBL-003

2023-10-04 20:00:08 - [TEST_STEP][PASSED] - data = callTestCase(findTestCase("T13 Pembelian, Shipment dan Pembayaran/PBL-001"), [:], STOP_ON_FAILURE): Call Test Case 'Test Cases/T13 Pembelian, Shipment dan Pembayaran/PBL-001' successfully

2023-10-04 20:00:08 - [TEST_CASE][PASSED] - Test Cases/T13 Pembelian, Shipment dan Pembayaran/PBL-001: Test Cases/T13 Pembelian, Shipment dan Pembayaran/PBL-001

2023-10-04 20:00:08 - [TEST_STEP][PASSED] - callTestCase(findTestCase("T13 Pembelian, Shipment dan Pembayaran/LU-001"), ["username":"irfanafandi", "password":"12345irfan"], STOP_ON_FAILURE): Call Test Case 'Test Cases/T13 Pembelian, Shipment dan Pembayaran/LU-001' successfully

2023-10-04 20:00:08 - [TEST_CASE][PASSED] - Test Cases/T13 Pembelian, Shipment dan Pembayaran/LU-001: Test Cases/T13 Pembelian, Shipment dan Pembayaran/LU-001

2023-10-04 20:00:08 - [TEST_STEP][PASSED] - openBrowser("https://10.9.2.63/ecommerce/"): Browser is opened with url: 'https://10.9.2.63/ecommerce/'

2023-10-04 20:00:08 - [MESSAGE][WARNING] - A browser is already opened. Closing browser and opening a new one

2023-10-04 20:00:09 - [MESSAGE][INFO] - Starting 'Firefox' driver

2023-10-04 20:00:09 - [MESSAGE][INFO] - User set preference: ['args', '[--disable-notifications]']

2023-10-04 20:00:09 - [MESSAGE][INFO] - Action delay is set to 0 milliseconds

2023-10-04 20:00:14 - [MESSAGE][PASSED] - Browser is opened with url: 'https://10.9.2.63/ecommerce/'

2023-10-04 20:00:14 - [TEST_STEP][PASSED] - maximizeWindow(): Current window maximized

2023-10-04 20:00:14 - [MESSAGE][PASSED] - Current window maximized

2023-10-04 20:00:14 - [TEST_STEP][PASSED] - verifyElementPresent(findTestObject("Login/Home"), 0): Object 'Object Repository/Login/Home' is present

2023-10-04 20:00:14 - [MESSAGE][WARNING] - Timeout '0' is invalid. Using default page load timeout: '30'

2023-10-04 20:00:15 - [MESSAGE][PASSED] - Object 'Object Repository/Login/Home' is present

2023-10-04 20:00:15 - [TEST_STEP][PASSED] - click(findTestObject("Login/a_Login")): Object: 'Object Repository/Login/a_Login' is clicked on

2023-10-04 20:00:15 - [MESSAGE][PASSED] - Object: 'Object Repository/Login/a_Login' is clicked on

2023-10-04 20:00:15 - [TEST_STEP][PASSED] - verifyElementPresent(findTestObject("Login/Tittle Login"), 0): Object 'Object Repository/Login/Tittle Login' is present

2023-10-04 20:00:15 - [MESSAGE][WARNING] - Timeout '0' is invalid. Using default page load timeout: '30'

2023-10-04 20:00:16 - [MESSAGE][PASSED] - Object 'Object Repository/Login/Tittle Login' is present

2023-10-04 20:00:16 - [TEST_STEP][PASSED] - setText(findTestObject("Login/input_Username, Email atau No. Handphone_a"), username): Text 'irfanafandi' is set on object 'Object Repository/Login/input_Username, Email atau No. Handphone_a'

2023-10-04 20:00:16 - [MESSAGE][PASSED] - Text 'irfanafandi' is set on object 'Object Repository/Login/input_Username, Email atau No. Handphone_a'

2023-10-04 20:00:16 - [TEST_STEP][PASSED] - setText(findTestObject("Login/input_Password_b"), password): Text '12345irfan' is set on object 'Object Repository/Login/input_Password_b'

2023-10-04 20:00:17 - [MESSAGE][PASSED] - Text '12345irfan' is set on object 'Object Repository/Login/input_Password_b'

2023-10-04 20:00:17 - [TEST_STEP][PASSED] - click(findTestObject("Login/label_Ingat saya")): Object: 'Object Repository/Login/label_Ingat saya' is clicked on

2023-10-04 20:00:18 - [MESSAGE][PASSED] - Object: 'Object Repository/Login/label_Ingat saya' is clicked on

2023-10-04 20:00:18 - [TEST_STEP][PASSED] - click(findTestObject("Login/button_Masuk")): Object: 'Object Repository/Login/button_Masuk' is clicked on

2023-10-04 20:00:19 - [MESSAGE][PASSED] - Object: 'Object Repository/Login/button_Masuk' is clicked on

2023-10-04 20:00:19 - [TEST_STEP][PASSED] - verifyElementPresent(findTestObject("Login/li_Profile"), 0): Object 'Object Repository/Login/li_Profile' is present

2023-10-04 20:00:19 - [MESSAGE][WARNING] - Timeout '0' is invalid. Using default page load timeout: '30'

2023-10-04 20:00:19 - [MESSAGE][PASSED] - Object 'Object Repository/Login/li_Profile' is present

2023-10-04 20:00:19 - [MESSAGE][PASSED] - Call Test Case 'Test Cases/T13 Pembelian, Shipment dan Pembayaran/LU-001' successfully

2023-10-04 20:00:19 - [TEST_STEP][PASSED] - mouseOver(findTestObject("beli barang/i_Mulai Belanja_icon-menu")): Object: 'Object Repository/beli barang/i_Mulai Belanja_icon-menu' is hovered

2023-10-04 20:00:20 - [MESSAGE][PASSED] - Object: 'Object Repository/beli barang/i_Mulai Belanja_icon-menu' is hovered

2023-10-04 20:00:20 - [TEST_STEP][PASSED] - click(findTestObject("beli barang/a_Fashion  Busana Wanita")): Object: 'Object Repository/beli barang/a_Fashion  Busana Wanita' is clicked on

2023-10-04 20:00:21 - [MESSAGE][PASSED] - Object: 'Object Repository/beli barang/a_Fashion  Busana Wanita' is clicked on

2023-10-04 20:00:21 - [TEST_STEP][PASSED] - NamaSebelum = getText(findTestObject("verifikasi/Nama sebelum")): Text of object 'Object Repository/verifikasi/Nama sebelum' is: ''

2023-10-04 20:00:21 - [MESSAGE][PASSED] - Text of object 'Object Repository/verifikasi/Nama sebelum' is: ''

2023-10-04 20:00:21 - [TEST_STEP][PASSED] - HargaSebelum = getText(findTestObject("verifikasi/Harga sebelum")): Text of object 'Object Repository/verifikasi/Harga sebelum' is: ''

2023-10-04 20:00:22 - [MESSAGE][PASSED] - Text of object 'Object Repository/verifikasi/Harga sebelum' is: ''

2023-10-04 20:00:22 - [TEST_STEP][PASSED] - mouseOver(findTestObject("beli barang/barang mouse over")): Object: 'Object Repository/beli barang/barang mouse over' is hovered

2023-10-04 20:00:22 - [MESSAGE][PASSED] - Object: 'Object Repository/beli barang/barang mouse over' is hovered

2023-10-04 20:00:22 - [TEST_STEP][PASSED] - click(findTestObject("beli barang/buttom add to cart")): Object: 'Object Repository/beli barang/buttom add to cart' is clicked on

2023-10-04 20:00:24 - [MESSAGE][PASSED] - Object: 'Object Repository/beli barang/buttom add to cart' is clicked on

2023-10-04 20:00:24 - [TEST_STEP][PASSED] - NamaSesudah = getText(findTestObject("verifikasi/Nama sesudah")): Text of object 'Object Repository/verifikasi/Nama sesudah' is: 'Segitiga Instan Madeira - MDB5.3 Sunset'

2023-10-04 20:00:24 - [MESSAGE][PASSED] - Text of object 'Object Repository/verifikasi/Nama sesudah' is: 'Segitiga Instan Madeira - MDB5.3 Sunset'

2023-10-04 20:00:24 - [TEST_STEP][PASSED] - HargaSesudah = getText(findTestObject("verifikasi/Harga sesudah")): Text of object 'Object Repository/verifikasi/Harga sesudah' is: 'Rp 1,299'

2023-10-04 20:00:25 - [MESSAGE][PASSED] - Text of object 'Object Repository/verifikasi/Harga sesudah' is: 'Rp 1,299'

2023-10-04 20:00:25 - [TEST_STEP][PASSED] - assert NamaSesudah.contains(NamaSebelum): null

2023-10-04 20:00:25 - [TEST_STEP][PASSED] - assert HargaSesudah.contains(HargaSebelum): null

2023-10-04 20:00:25 - [TEST_STEP][PASSED] - click(findTestObject("beli barang/Tambah Keranjang busana wanita")): Object: 'Object Repository/beli barang/Tambah Keranjang busana wanita' is clicked on

2023-10-04 20:00:25 - [MESSAGE][PASSED] - Object: 'Object Repository/beli barang/Tambah Keranjang busana wanita' is clicked on

2023-10-04 20:00:25 - [TEST_STEP][PASSED] - verifyElementPresent(findTestObject("checkout/Notifikasi keranjang"), 1): Object 'Object Repository/checkout/Notifikasi keranjang' is present

2023-10-04 20:00:26 - [MESSAGE][PASSED] - Object 'Object Repository/checkout/Notifikasi keranjang' is present

2023-10-04 20:00:26 - [TEST_STEP][PASSED] - data = new java.util.HashMap(): null

2023-10-04 20:00:26 - [TEST_STEP][PASSED] - data.put("nama_barang", NamaSesudah): null

2023-10-04 20:00:26 - [TEST_STEP][PASSED] - data.put("price_barang", HargaSesudah): null

2023-10-04 20:00:26 - [TEST_STEP][PASSED] - return data: null

2023-10-04 20:00:26 - [MESSAGE][PASSED] - Call Test Case 'Test Cases/T13 Pembelian, Shipment dan Pembayaran/PBL-001' successfully

2023-10-04 20:00:26 - [TEST_STEP][PASSED] - mouseOver(findTestObject("beli barang/keranjang")): Object: 'Object Repository/beli barang/keranjang' is hovered

2023-10-04 20:00:26 - [MESSAGE][PASSED] - Object: 'Object Repository/beli barang/keranjang' is hovered

2023-10-04 20:00:26 - [TEST_STEP][PASSED] - click(findTestObject("beli barang/Lihat Sekarang")): Object: 'Object Repository/beli barang/Lihat Sekarang' is clicked on

2023-10-04 20:00:27 - [MESSAGE][PASSED] - Object: 'Object Repository/beli barang/Lihat Sekarang' is clicked on

2023-10-04 20:00:27 - [TEST_STEP][PASSED] - verifyElementPresent(findTestObject("keranjang/li_Keranjang Belanja"), 0): Object 'Object Repository/keranjang/li_Keranjang Belanja' is present

2023-10-04 20:00:27 - [MESSAGE][WARNING] - Timeout '0' is invalid. Using default page load timeout: '30'

2023-10-04 20:00:28 - [MESSAGE][PASSED] - Object 'Object Repository/keranjang/li_Keranjang Belanja' is present

2023-10-04 20:00:28 - [TEST_STEP][PASSED] - NamaKeranjang = getText(findTestObject("verifikasi/Nama keranjang")): Text of object 'Object Repository/verifikasi/Nama keranjang' is: 'Segitiga Instan Madeira - MDB5.3 Sunset'

2023-10-04 20:00:29 - [MESSAGE][PASSED] - Text of object 'Object Repository/verifikasi/Nama keranjang' is: 'Segitiga Instan Madeira - MDB5.3 Sunset'

2023-10-04 20:00:29 - [TEST_STEP][PASSED] - HargaKeranjang = getText(findTestObject("verifikasi/Harga Keranjang")): Text of object 'Object Repository/verifikasi/Harga Keranjang' is: 'Rp 1,299'

2023-10-04 20:00:29 - [MESSAGE][PASSED] - Text of object 'Object Repository/verifikasi/Harga Keranjang' is: 'Rp 1,299'

2023-10-04 20:00:29 - [TEST_STEP][PASSED] - click(findTestObject("keranjang/button_Lanjut ke Pembayaran")): Object: 'Object Repository/keranjang/button_Lanjut ke Pembayaran' is clicked on

2023-10-04 20:00:30 - [MESSAGE][PASSED] - Object: 'Object Repository/keranjang/button_Lanjut ke Pembayaran' is clicked on

2023-10-04 20:00:30 - [TEST_STEP][PASSED] - verifyElementPresent(findTestObject("checkout/Tittle Checkout Order"), 0): Object 'Object Repository/checkout/Tittle Checkout Order' is present

2023-10-04 20:00:30 - [MESSAGE][WARNING] - Timeout '0' is invalid. Using default page load timeout: '30'

2023-10-04 20:00:31 - [MESSAGE][PASSED] - Object 'Object Repository/checkout/Tittle Checkout Order' is present

2023-10-04 20:00:31 - [TEST_STEP][PASSED] - name_product = data.get("nama_barang"): null

2023-10-04 20:00:31 - [TEST_STEP][PASSED] - price_product = data.get("price_barang"): null

2023-10-04 20:00:31 - [TEST_STEP][PASSED] - assert name_product == NamaKeranjang: null

2023-10-04 20:00:31 - [TEST_STEP][PASSED] - assert price_product == HargaKeranjang: null

2023-10-04 20:00:31 - [TEST_STEP][PASSED] - return data: null]]></system-out>
         <system-err><![CDATA[]]></system-err>
      </testcase>
      <testcase name="Test Cases/T13 Pembelian, Shipment dan Pembayaran/PBL-004" time="52.993" classname="Test Cases/T13 Pembelian, Shipment dan Pembayaran/PBL-004" status="FAILED">
         <failure type="FAILED" message="Test Cases/T13 Pembelian, Shipment dan Pembayaran/PBL-004 FAILED.
Reason:
com.kms.katalon.core.exception.StepFailedException: Call Test Case 'Test Cases/T13 Pembelian, Shipment dan Pembayaran/PBL-002' failed
	at com.kms.katalon.core.keyword.builtin.CallTestCaseKeyword$_callTestCase_closure1.doCall(CallTestCaseKeyword.groovy:63)
	at com.kms.katalon.core.keyword.builtin.CallTestCaseKeyword$_callTestCase_closure1.call(CallTestCaseKeyword.groovy)
	at com.kms.katalon.core.keyword.internal.KeywordMain.runKeyword(KeywordMain.groovy:75)
	at com.kms.katalon.core.keyword.builtin.CallTestCaseKeyword.callTestCase(CallTestCaseKeyword.groovy:81)
	at com.kms.katalon.core.keyword.builtin.CallTestCaseKeyword.execute(CallTestCaseKeyword.groovy:44)
	at com.kms.katalon.core.keyword.internal.KeywordExecutor.executeKeywordForPlatform(KeywordExecutor.groovy:74)
	at com.kms.katalon.core.keyword.BuiltinKeywords.callTestCase(BuiltinKeywords.groovy:310)
	at PBL-004.run(PBL-004:20)
	at com.kms.katalon.core.main.ScriptEngine.run(ScriptEngine.java:194)
	at com.kms.katalon.core.main.ScriptEngine.runScriptAsRawText(ScriptEngine.java:119)
	at com.kms.katalon.core.main.TestCaseExecutor.runScript(TestCaseExecutor.java:448)
	at com.kms.katalon.core.main.TestCaseExecutor.doExecute(TestCaseExecutor.java:439)
	at com.kms.katalon.core.main.TestCaseExecutor.processExecutionPhase(TestCaseExecutor.java:418)
	at com.kms.katalon.core.main.TestCaseExecutor.accessMainPhase(TestCaseExecutor.java:410)
	at com.kms.katalon.core.main.TestCaseExecutor.execute(TestCaseExecutor.java:285)
	at com.kms.katalon.core.common.CommonExecutor.accessTestCaseMainPhase(CommonExecutor.java:65)
	at com.kms.katalon.core.main.TestSuiteExecutor.accessTestSuiteMainPhase(TestSuiteExecutor.java:148)
	at com.kms.katalon.core.main.TestSuiteExecutor.execute(TestSuiteExecutor.java:106)
	at com.kms.katalon.core.main.TestCaseMain.startTestSuite(TestCaseMain.java:187)
	at com.kms.katalon.core.main.TestCaseMain$startTestSuite$0.call(Unknown Source)
	at TempTestSuite1696424348948.run(TempTestSuite1696424348948.groovy:36)
Caused by: com.kms.katalon.core.exception.StepFailedException: Unable to get text of object 'Object Repository/verifikasi/Harga Keranjang'
	at com.kms.katalon.core.webui.keyword.internal.WebUIKeywordMain.stepFailed(WebUIKeywordMain.groovy:64)
	at com.kms.katalon.core.webui.keyword.internal.WebUIKeywordMain.runKeyword(WebUIKeywordMain.groovy:26)
	at com.kms.katalon.core.webui.keyword.builtin.GetTextKeyword.getText(GetTextKeyword.groovy:88)
	at com.kms.katalon.core.webui.keyword.builtin.GetTextKeyword.execute(GetTextKeyword.groovy:67)
	at com.kms.katalon.core.keyword.internal.KeywordExecutor.executeKeywordForPlatform(KeywordExecutor.groovy:74)
	at com.kms.katalon.core.webui.keyword.WebUiBuiltInKeywords.getText(WebUiBuiltInKeywords.groovy:918)
	at com.kms.katalon.core.webui.keyword.WebUiBuiltInKeywords$getText$5.call(Unknown Source)
	at PBL-002.run(PBL-002:31)
	at com.kms.katalon.core.main.ScriptEngine.run(ScriptEngine.java:194)
	at com.kms.katalon.core.main.ScriptEngine.runScriptAsRawText(ScriptEngine.java:119)
	at com.kms.katalon.core.main.TestCaseExecutor.runScript(TestCaseExecutor.java:448)
	at com.kms.katalon.core.main.TestCaseExecutor.doExecute(TestCaseExecutor.java:439)
	at com.kms.katalon.core.main.TestCaseExecutor.processExecutionPhase(TestCaseExecutor.java:418)
	at com.kms.katalon.core.main.TestCaseExecutor.accessMainPhase(TestCaseExecutor.java:410)
	at com.kms.katalon.core.main.TestCaseExecutor.execute(TestCaseExecutor.java:285)
	at com.kms.katalon.core.main.TestCaseMain.runTestCase(TestCaseMain.java:144)
	at com.kms.katalon.core.keyword.builtin.CallTestCaseKeyword$_callTestCase_closure1.doCall(CallTestCaseKeyword.groovy:59)
	... 20 more
Caused by: com.kms.katalon.core.webui.exception.WebElementNotFoundException: Web element with id: 'Object Repository/verifikasi/Harga Keranjang' located by '(.//*[normalize-space(text()) and normalize-space(.)='Qty.'])[4]/following::b[1]' not found
	at com.kms.katalon.core.webui.common.WebUiCommonHelper.findWebElement(WebUiCommonHelper.java:1381)
	at com.kms.katalon.core.webui.keyword.internal.WebUIAbstractKeyword.findWebElement(WebUIAbstractKeyword.groovy:27)
	at com.kms.katalon.core.webui.keyword.internal.WebUIAbstractKeyword.findWebElement(WebUIAbstractKeyword.groovy:26)
	at com.kms.katalon.core.webui.keyword.builtin.GetTextKeyword$_getText_closure1.doCall(GetTextKeyword.groovy:78)
	at com.kms.katalon.core.webui.keyword.builtin.GetTextKeyword$_getText_closure1.call(GetTextKeyword.groovy)
	at com.kms.katalon.core.webui.keyword.internal.WebUIKeywordMain.runKeyword(WebUIKeywordMain.groovy:20)
	... 35 more
"/>
         <system-out><![CDATA[2023-10-04 20:00:31 - [TEST_CASE][FAILED] - Test Cases/T13 Pembelian, Shipment dan Pembayaran/PBL-004: Test Cases/T13 Pembelian, Shipment dan Pembayaran/PBL-004 FAILED.
Reason:
com.kms.katalon.core.exception.StepFailedException: Call Test Case 'Test Cases/T13 Pembelian, Shipment dan Pembayaran/PBL-002' failed
	at com.kms.katalon.core.keyword.builtin.CallTestCaseKeyword$_callTestCase_closure1.doCall(CallTestCaseKeyword.groovy:63)
	at com.kms.katalon.core.keyword.builtin.CallTestCaseKeyword$_callTestCase_closure1.call(CallTestCaseKeyword.groovy)
	at com.kms.katalon.core.keyword.internal.KeywordMain.runKeyword(KeywordMain.groovy:75)
	at com.kms.katalon.core.keyword.builtin.CallTestCaseKeyword.callTestCase(CallTestCaseKeyword.groovy:81)
	at com.kms.katalon.core.keyword.builtin.CallTestCaseKeyword.execute(CallTestCaseKeyword.groovy:44)
	at com.kms.katalon.core.keyword.internal.KeywordExecutor.executeKeywordForPlatform(KeywordExecutor.groovy:74)
	at com.kms.katalon.core.keyword.BuiltinKeywords.callTestCase(BuiltinKeywords.groovy:310)
	at PBL-004.run(PBL-004:20)
	at com.kms.katalon.core.main.ScriptEngine.run(ScriptEngine.java:194)
	at com.kms.katalon.core.main.ScriptEngine.runScriptAsRawText(ScriptEngine.java:119)
	at com.kms.katalon.core.main.TestCaseExecutor.runScript(TestCaseExecutor.java:448)
	at com.kms.katalon.core.main.TestCaseExecutor.doExecute(TestCaseExecutor.java:439)
	at com.kms.katalon.core.main.TestCaseExecutor.processExecutionPhase(TestCaseExecutor.java:418)
	at com.kms.katalon.core.main.TestCaseExecutor.accessMainPhase(TestCaseExecutor.java:410)
	at com.kms.katalon.core.main.TestCaseExecutor.execute(TestCaseExecutor.java:285)
	at com.kms.katalon.core.common.CommonExecutor.accessTestCaseMainPhase(CommonExecutor.java:65)
	at com.kms.katalon.core.main.TestSuiteExecutor.accessTestSuiteMainPhase(TestSuiteExecutor.java:148)
	at com.kms.katalon.core.main.TestSuiteExecutor.execute(TestSuiteExecutor.java:106)
	at com.kms.katalon.core.main.TestCaseMain.startTestSuite(TestCaseMain.java:187)
	at com.kms.katalon.core.main.TestCaseMain$startTestSuite$0.call(Unknown Source)
	at TempTestSuite1696424348948.run(TempTestSuite1696424348948.groovy:36)
Caused by: com.kms.katalon.core.exception.StepFailedException: Unable to get text of object 'Object Repository/verifikasi/Harga Keranjang'
	at com.kms.katalon.core.webui.keyword.internal.WebUIKeywordMain.stepFailed(WebUIKeywordMain.groovy:64)
	at com.kms.katalon.core.webui.keyword.internal.WebUIKeywordMain.runKeyword(WebUIKeywordMain.groovy:26)
	at com.kms.katalon.core.webui.keyword.builtin.GetTextKeyword.getText(GetTextKeyword.groovy:88)
	at com.kms.katalon.core.webui.keyword.builtin.GetTextKeyword.execute(GetTextKeyword.groovy:67)
	at com.kms.katalon.core.keyword.internal.KeywordExecutor.executeKeywordForPlatform(KeywordExecutor.groovy:74)
	at com.kms.katalon.core.webui.keyword.WebUiBuiltInKeywords.getText(WebUiBuiltInKeywords.groovy:918)
	at com.kms.katalon.core.webui.keyword.WebUiBuiltInKeywords$getText$5.call(Unknown Source)
	at PBL-002.run(PBL-002:31)
	at com.kms.katalon.core.main.ScriptEngine.run(ScriptEngine.java:194)
	at com.kms.katalon.core.main.ScriptEngine.runScriptAsRawText(ScriptEngine.java:119)
	at com.kms.katalon.core.main.TestCaseExecutor.runScript(TestCaseExecutor.java:448)
	at com.kms.katalon.core.main.TestCaseExecutor.doExecute(TestCaseExecutor.java:439)
	at com.kms.katalon.core.main.TestCaseExecutor.processExecutionPhase(TestCaseExecutor.java:418)
	at com.kms.katalon.core.main.TestCaseExecutor.accessMainPhase(TestCaseExecutor.java:410)
	at com.kms.katalon.core.main.TestCaseExecutor.execute(TestCaseExecutor.java:285)
	at com.kms.katalon.core.main.TestCaseMain.runTestCase(TestCaseMain.java:144)
	at com.kms.katalon.core.keyword.builtin.CallTestCaseKeyword$_callTestCase_closure1.doCall(CallTestCaseKeyword.groovy:59)
	... 20 more
Caused by: com.kms.katalon.core.webui.exception.WebElementNotFoundException: Web element with id: 'Object Repository/verifikasi/Harga Keranjang' located by '(.//*[normalize-space(text()) and normalize-space(.)='Qty.'])[4]/following::b[1]' not found
	at com.kms.katalon.core.webui.common.WebUiCommonHelper.findWebElement(WebUiCommonHelper.java:1381)
	at com.kms.katalon.core.webui.keyword.internal.WebUIAbstractKeyword.findWebElement(WebUIAbstractKeyword.groovy:27)
	at com.kms.katalon.core.webui.keyword.internal.WebUIAbstractKeyword.findWebElement(WebUIAbstractKeyword.groovy:26)
	at com.kms.katalon.core.webui.keyword.builtin.GetTextKeyword$_getText_closure1.doCall(GetTextKeyword.groovy:78)
	at com.kms.katalon.core.webui.keyword.builtin.GetTextKeyword$_getText_closure1.call(GetTextKeyword.groovy)
	at com.kms.katalon.core.webui.keyword.internal.WebUIKeywordMain.runKeyword(WebUIKeywordMain.groovy:20)
	... 35 more


2023-10-04 20:00:32 - [TEST_STEP][FAILED] - data = callTestCase(findTestCase("T13 Pembelian, Shipment dan Pembayaran/PBL-002"), [:], STOP_ON_FAILURE): Unable to call Test Case 'Test Cases/T13 Pembelian, Shipment dan Pembayaran/PBL-002' (Root cause: com.kms.katalon.core.exception.StepFailedException: Call Test Case 'Test Cases/T13 Pembelian, Shipment dan Pembayaran/PBL-002' failed
	at com.kms.katalon.core.keyword.builtin.CallTestCaseKeyword$_callTestCase_closure1.doCall(CallTestCaseKeyword.groovy:63)
	at com.kms.katalon.core.keyword.builtin.CallTestCaseKeyword$_callTestCase_closure1.call(CallTestCaseKeyword.groovy)
	at com.kms.katalon.core.keyword.internal.KeywordMain.runKeyword(KeywordMain.groovy:75)
	at com.kms.katalon.core.keyword.builtin.CallTestCaseKeyword.callTestCase(CallTestCaseKeyword.groovy:81)
	at com.kms.katalon.core.keyword.builtin.CallTestCaseKeyword.execute(CallTestCaseKeyword.groovy:44)
	at com.kms.katalon.core.keyword.internal.KeywordExecutor.executeKeywordForPlatform(KeywordExecutor.groovy:74)
	at com.kms.katalon.core.keyword.BuiltinKeywords.callTestCase(BuiltinKeywords.groovy:310)
	at PBL-004.run(PBL-004:20)
	at com.kms.katalon.core.main.ScriptEngine.run(ScriptEngine.java:194)
	at com.kms.katalon.core.main.ScriptEngine.runScriptAsRawText(ScriptEngine.java:119)
	at com.kms.katalon.core.main.TestCaseExecutor.runScript(TestCaseExecutor.java:448)
	at com.kms.katalon.core.main.TestCaseExecutor.doExecute(TestCaseExecutor.java:439)
	at com.kms.katalon.core.main.TestCaseExecutor.processExecutionPhase(TestCaseExecutor.java:418)
	at com.kms.katalon.core.main.TestCaseExecutor.accessMainPhase(TestCaseExecutor.java:410)
	at com.kms.katalon.core.main.TestCaseExecutor.execute(TestCaseExecutor.java:285)
	at com.kms.katalon.core.common.CommonExecutor.accessTestCaseMainPhase(CommonExecutor.java:65)
	at com.kms.katalon.core.main.TestSuiteExecutor.accessTestSuiteMainPhase(TestSuiteExecutor.java:148)
	at com.kms.katalon.core.main.TestSuiteExecutor.execute(TestSuiteExecutor.java:106)
	at com.kms.katalon.core.main.TestCaseMain.startTestSuite(TestCaseMain.java:187)
	at com.kms.katalon.core.main.TestCaseMain$startTestSuite$0.call(Unknown Source)
	at TempTestSuite1696424348948.run(TempTestSuite1696424348948.groovy:36)
Caused by: com.kms.katalon.core.exception.StepFailedException: Unable to get text of object 'Object Repository/verifikasi/Harga Keranjang'
	at com.kms.katalon.core.webui.keyword.internal.WebUIKeywordMain.stepFailed(WebUIKeywordMain.groovy:64)
	at com.kms.katalon.core.webui.keyword.internal.WebUIKeywordMain.runKeyword(WebUIKeywordMain.groovy:26)
	at com.kms.katalon.core.webui.keyword.builtin.GetTextKeyword.getText(GetTextKeyword.groovy:88)
	at com.kms.katalon.core.webui.keyword.builtin.GetTextKeyword.execute(GetTextKeyword.groovy:67)
	at com.kms.katalon.core.keyword.internal.KeywordExecutor.executeKeywordForPlatform(KeywordExecutor.groovy:74)
	at com.kms.katalon.core.webui.keyword.WebUiBuiltInKeywords.getText(WebUiBuiltInKeywords.groovy:918)
	at com.kms.katalon.core.webui.keyword.WebUiBuiltInKeywords$getText$5.call(Unknown Source)
	at PBL-002.run(PBL-002:31)
	at com.kms.katalon.core.main.ScriptEngine.run(ScriptEngine.java:194)
	at com.kms.katalon.core.main.ScriptEngine.runScriptAsRawText(ScriptEngine.java:119)
	at com.kms.katalon.core.main.TestCaseExecutor.runScript(TestCaseExecutor.java:448)
	at com.kms.katalon.core.main.TestCaseExecutor.doExecute(TestCaseExecutor.java:439)
	at com.kms.katalon.core.main.TestCaseExecutor.processExecutionPhase(TestCaseExecutor.java:418)
	at com.kms.katalon.core.main.TestCaseExecutor.accessMainPhase(TestCaseExecutor.java:410)
	at com.kms.katalon.core.main.TestCaseExecutor.execute(TestCaseExecutor.java:285)
	at com.kms.katalon.core.main.TestCaseMain.runTestCase(TestCaseMain.java:144)
	at com.kms.katalon.core.keyword.builtin.CallTestCaseKeyword$_callTestCase_closure1.doCall(CallTestCaseKeyword.groovy:59)
	... 20 more
Caused by: com.kms.katalon.core.webui.exception.WebElementNotFoundException: Web element with id: 'Object Repository/verifikasi/Harga Keranjang' located by '(.//*[normalize-space(text()) and normalize-space(.)='Qty.'])[4]/following::b[1]' not found
	at com.kms.katalon.core.webui.common.WebUiCommonHelper.findWebElement(WebUiCommonHelper.java:1381)
	at com.kms.katalon.core.webui.keyword.internal.WebUIAbstractKeyword.findWebElement(WebUIAbstractKeyword.groovy:27)
	at com.kms.katalon.core.webui.keyword.internal.WebUIAbstractKeyword.findWebElement(WebUIAbstractKeyword.groovy:26)
	at com.kms.katalon.core.webui.keyword.builtin.GetTextKeyword$_getText_closure1.doCall(GetTextKeyword.groovy:78)
	at com.kms.katalon.core.webui.keyword.builtin.GetTextKeyword$_getText_closure1.call(GetTextKeyword.groovy)
	at com.kms.katalon.core.webui.keyword.internal.WebUIKeywordMain.runKeyword(WebUIKeywordMain.groovy:20)
	... 35 more
)

2023-10-04 20:00:32 - [TEST_CASE][FAILED] - Test Cases/T13 Pembelian, Shipment dan Pembayaran/PBL-002: Test Cases/T13 Pembelian, Shipment dan Pembayaran/PBL-002 FAILED.
Reason:
com.kms.katalon.core.exception.StepFailedException: Unable to get text of object 'Object Repository/verifikasi/Harga Keranjang'
	at com.kms.katalon.core.webui.keyword.internal.WebUIKeywordMain.stepFailed(WebUIKeywordMain.groovy:64)
	at com.kms.katalon.core.webui.keyword.internal.WebUIKeywordMain.runKeyword(WebUIKeywordMain.groovy:26)
	at com.kms.katalon.core.webui.keyword.builtin.GetTextKeyword.getText(GetTextKeyword.groovy:88)
	at com.kms.katalon.core.webui.keyword.builtin.GetTextKeyword.execute(GetTextKeyword.groovy:67)
	at com.kms.katalon.core.keyword.internal.KeywordExecutor.executeKeywordForPlatform(KeywordExecutor.groovy:74)
	at com.kms.katalon.core.webui.keyword.WebUiBuiltInKeywords.getText(WebUiBuiltInKeywords.groovy:918)
	at com.kms.katalon.core.webui.keyword.WebUiBuiltInKeywords$getText$5.call(Unknown Source)
	at PBL-002.run(PBL-002:31)
	at com.kms.katalon.core.main.ScriptEngine.run(ScriptEngine.java:194)
	at com.kms.katalon.core.main.ScriptEngine.runScriptAsRawText(ScriptEngine.java:119)
	at com.kms.katalon.core.main.TestCaseExecutor.runScript(TestCaseExecutor.java:448)
	at com.kms.katalon.core.main.TestCaseExecutor.doExecute(TestCaseExecutor.java:439)
	at com.kms.katalon.core.main.TestCaseExecutor.processExecutionPhase(TestCaseExecutor.java:418)
	at com.kms.katalon.core.main.TestCaseExecutor.accessMainPhase(TestCaseExecutor.java:410)
	at com.kms.katalon.core.main.TestCaseExecutor.execute(TestCaseExecutor.java:285)
	at com.kms.katalon.core.main.TestCaseMain.runTestCase(TestCaseMain.java:144)
	at com.kms.katalon.core.keyword.builtin.CallTestCaseKeyword$_callTestCase_closure1.doCall(CallTestCaseKeyword.groovy:59)
	at com.kms.katalon.core.keyword.builtin.CallTestCaseKeyword$_callTestCase_closure1.call(CallTestCaseKeyword.groovy)
	at com.kms.katalon.core.keyword.internal.KeywordMain.runKeyword(KeywordMain.groovy:75)
	at com.kms.katalon.core.keyword.builtin.CallTestCaseKeyword.callTestCase(CallTestCaseKeyword.groovy:81)
	at com.kms.katalon.core.keyword.builtin.CallTestCaseKeyword.execute(CallTestCaseKeyword.groovy:44)
	at com.kms.katalon.core.keyword.internal.KeywordExecutor.executeKeywordForPlatform(KeywordExecutor.groovy:74)
	at com.kms.katalon.core.keyword.BuiltinKeywords.callTestCase(BuiltinKeywords.groovy:310)
	at PBL-004.run(PBL-004:20)
	at com.kms.katalon.core.main.ScriptEngine.run(ScriptEngine.java:194)
	at com.kms.katalon.core.main.ScriptEngine.runScriptAsRawText(ScriptEngine.java:119)
	at com.kms.katalon.core.main.TestCaseExecutor.runScript(TestCaseExecutor.java:448)
	at com.kms.katalon.core.main.TestCaseExecutor.doExecute(TestCaseExecutor.java:439)
	at com.kms.katalon.core.main.TestCaseExecutor.processExecutionPhase(TestCaseExecutor.java:418)
	at com.kms.katalon.core.main.TestCaseExecutor.accessMainPhase(TestCaseExecutor.java:410)
	at com.kms.katalon.core.main.TestCaseExecutor.execute(TestCaseExecutor.java:285)
	at com.kms.katalon.core.common.CommonExecutor.accessTestCaseMainPhase(CommonExecutor.java:65)
	at com.kms.katalon.core.main.TestSuiteExecutor.accessTestSuiteMainPhase(TestSuiteExecutor.java:148)
	at com.kms.katalon.core.main.TestSuiteExecutor.execute(TestSuiteExecutor.java:106)
	at com.kms.katalon.core.main.TestCaseMain.startTestSuite(TestCaseMain.java:187)
	at com.kms.katalon.core.main.TestCaseMain$startTestSuite$0.call(Unknown Source)
	at TempTestSuite1696424348948.run(TempTestSuite1696424348948.groovy:36)
Caused by: com.kms.katalon.core.webui.exception.WebElementNotFoundException: Web element with id: 'Object Repository/verifikasi/Harga Keranjang' located by '(.//*[normalize-space(text()) and normalize-space(.)='Qty.'])[4]/following::b[1]' not found
	at com.kms.katalon.core.webui.common.WebUiCommonHelper.findWebElement(WebUiCommonHelper.java:1381)
	at com.kms.katalon.core.webui.keyword.internal.WebUIAbstractKeyword.findWebElement(WebUIAbstractKeyword.groovy:27)
	at com.kms.katalon.core.webui.keyword.internal.WebUIAbstractKeyword.findWebElement(WebUIAbstractKeyword.groovy:26)
	at com.kms.katalon.core.webui.keyword.builtin.GetTextKeyword$_getText_closure1.doCall(GetTextKeyword.groovy:78)
	at com.kms.katalon.core.webui.keyword.builtin.GetTextKeyword$_getText_closure1.call(GetTextKeyword.groovy)
	at com.kms.katalon.core.webui.keyword.internal.WebUIKeywordMain.runKeyword(WebUIKeywordMain.groovy:20)
	... 35 more


2023-10-04 20:00:32 - [TEST_STEP][PASSED] - data = callTestCase(findTestCase("T13 Pembelian, Shipment dan Pembayaran/PBL-001"), [:], STOP_ON_FAILURE): Call Test Case 'Test Cases/T13 Pembelian, Shipment dan Pembayaran/PBL-001' successfully

2023-10-04 20:00:32 - [TEST_CASE][PASSED] - Test Cases/T13 Pembelian, Shipment dan Pembayaran/PBL-001: Test Cases/T13 Pembelian, Shipment dan Pembayaran/PBL-001

2023-10-04 20:00:32 - [TEST_STEP][PASSED] - callTestCase(findTestCase("T13 Pembelian, Shipment dan Pembayaran/LU-001"), ["username":"irfanafandi", "password":"12345irfan"], STOP_ON_FAILURE): Call Test Case 'Test Cases/T13 Pembelian, Shipment dan Pembayaran/LU-001' successfully

2023-10-04 20:00:32 - [TEST_CASE][PASSED] - Test Cases/T13 Pembelian, Shipment dan Pembayaran/LU-001: Test Cases/T13 Pembelian, Shipment dan Pembayaran/LU-001

2023-10-04 20:00:32 - [TEST_STEP][PASSED] - openBrowser("https://10.9.2.63/ecommerce/"): Browser is opened with url: 'https://10.9.2.63/ecommerce/'

2023-10-04 20:00:32 - [MESSAGE][WARNING] - A browser is already opened. Closing browser and opening a new one

2023-10-04 20:00:33 - [MESSAGE][INFO] - Starting 'Firefox' driver

2023-10-04 20:00:33 - [MESSAGE][INFO] - User set preference: ['args', '[--disable-notifications]']

2023-10-04 20:00:33 - [MESSAGE][INFO] - Action delay is set to 0 milliseconds

2023-10-04 20:00:38 - [MESSAGE][PASSED] - Browser is opened with url: 'https://10.9.2.63/ecommerce/'

2023-10-04 20:00:38 - [TEST_STEP][PASSED] - maximizeWindow(): Current window maximized

2023-10-04 20:00:38 - [MESSAGE][PASSED] - Current window maximized

2023-10-04 20:00:38 - [TEST_STEP][PASSED] - verifyElementPresent(findTestObject("Login/Home"), 0): Object 'Object Repository/Login/Home' is present

2023-10-04 20:00:38 - [MESSAGE][WARNING] - Timeout '0' is invalid. Using default page load timeout: '30'

2023-10-04 20:00:39 - [MESSAGE][PASSED] - Object 'Object Repository/Login/Home' is present

2023-10-04 20:00:39 - [TEST_STEP][PASSED] - click(findTestObject("Login/a_Login")): Object: 'Object Repository/Login/a_Login' is clicked on

2023-10-04 20:00:39 - [MESSAGE][PASSED] - Object: 'Object Repository/Login/a_Login' is clicked on

2023-10-04 20:00:39 - [TEST_STEP][PASSED] - verifyElementPresent(findTestObject("Login/Tittle Login"), 0): Object 'Object Repository/Login/Tittle Login' is present

2023-10-04 20:00:39 - [MESSAGE][WARNING] - Timeout '0' is invalid. Using default page load timeout: '30'

2023-10-04 20:00:40 - [MESSAGE][PASSED] - Object 'Object Repository/Login/Tittle Login' is present

2023-10-04 20:00:40 - [TEST_STEP][PASSED] - setText(findTestObject("Login/input_Username, Email atau No. Handphone_a"), username): Text 'irfanafandi' is set on object 'Object Repository/Login/input_Username, Email atau No. Handphone_a'

2023-10-04 20:00:40 - [MESSAGE][PASSED] - Text 'irfanafandi' is set on object 'Object Repository/Login/input_Username, Email atau No. Handphone_a'

2023-10-04 20:00:40 - [TEST_STEP][PASSED] - setText(findTestObject("Login/input_Password_b"), password): Text '12345irfan' is set on object 'Object Repository/Login/input_Password_b'

2023-10-04 20:00:41 - [MESSAGE][PASSED] - Text '12345irfan' is set on object 'Object Repository/Login/input_Password_b'

2023-10-04 20:00:41 - [TEST_STEP][PASSED] - click(findTestObject("Login/label_Ingat saya")): Object: 'Object Repository/Login/label_Ingat saya' is clicked on

2023-10-04 20:00:42 - [MESSAGE][PASSED] - Object: 'Object Repository/Login/label_Ingat saya' is clicked on

2023-10-04 20:00:42 - [TEST_STEP][PASSED] - click(findTestObject("Login/button_Masuk")): Object: 'Object Repository/Login/button_Masuk' is clicked on

2023-10-04 20:00:43 - [MESSAGE][PASSED] - Object: 'Object Repository/Login/button_Masuk' is clicked on

2023-10-04 20:00:43 - [TEST_STEP][PASSED] - verifyElementPresent(findTestObject("Login/li_Profile"), 0): Object 'Object Repository/Login/li_Profile' is present

2023-10-04 20:00:43 - [MESSAGE][WARNING] - Timeout '0' is invalid. Using default page load timeout: '30'

2023-10-04 20:00:43 - [MESSAGE][PASSED] - Object 'Object Repository/Login/li_Profile' is present

2023-10-04 20:00:43 - [MESSAGE][PASSED] - Call Test Case 'Test Cases/T13 Pembelian, Shipment dan Pembayaran/LU-001' successfully

2023-10-04 20:00:43 - [TEST_STEP][PASSED] - mouseOver(findTestObject("beli barang/i_Mulai Belanja_icon-menu")): Object: 'Object Repository/beli barang/i_Mulai Belanja_icon-menu' is hovered

2023-10-04 20:00:44 - [MESSAGE][PASSED] - Object: 'Object Repository/beli barang/i_Mulai Belanja_icon-menu' is hovered

2023-10-04 20:00:44 - [TEST_STEP][PASSED] - click(findTestObject("beli barang/a_Fashion  Busana Wanita")): Object: 'Object Repository/beli barang/a_Fashion  Busana Wanita' is clicked on

2023-10-04 20:00:45 - [MESSAGE][PASSED] - Object: 'Object Repository/beli barang/a_Fashion  Busana Wanita' is clicked on

2023-10-04 20:00:45 - [TEST_STEP][PASSED] - NamaSebelum = getText(findTestObject("verifikasi/Nama sebelum")): Text of object 'Object Repository/verifikasi/Nama sebelum' is: ''

2023-10-04 20:00:46 - [MESSAGE][PASSED] - Text of object 'Object Repository/verifikasi/Nama sebelum' is: ''

2023-10-04 20:00:46 - [TEST_STEP][PASSED] - HargaSebelum = getText(findTestObject("verifikasi/Harga sebelum")): Text of object 'Object Repository/verifikasi/Harga sebelum' is: ''

2023-10-04 20:00:47 - [MESSAGE][PASSED] - Text of object 'Object Repository/verifikasi/Harga sebelum' is: ''

2023-10-04 20:00:47 - [TEST_STEP][PASSED] - mouseOver(findTestObject("beli barang/barang mouse over")): Object: 'Object Repository/beli barang/barang mouse over' is hovered

2023-10-04 20:00:47 - [MESSAGE][PASSED] - Object: 'Object Repository/beli barang/barang mouse over' is hovered

2023-10-04 20:00:47 - [TEST_STEP][PASSED] - click(findTestObject("beli barang/buttom add to cart")): Object: 'Object Repository/beli barang/buttom add to cart' is clicked on

2023-10-04 20:00:48 - [MESSAGE][PASSED] - Object: 'Object Repository/beli barang/buttom add to cart' is clicked on

2023-10-04 20:00:48 - [TEST_STEP][PASSED] - NamaSesudah = getText(findTestObject("verifikasi/Nama sesudah")): Text of object 'Object Repository/verifikasi/Nama sesudah' is: 'Segitiga Instan Madeira - MDB5.3 Sunset'

2023-10-04 20:00:49 - [MESSAGE][PASSED] - Text of object 'Object Repository/verifikasi/Nama sesudah' is: 'Segitiga Instan Madeira - MDB5.3 Sunset'

2023-10-04 20:00:49 - [TEST_STEP][PASSED] - HargaSesudah = getText(findTestObject("verifikasi/Harga sesudah")): Text of object 'Object Repository/verifikasi/Harga sesudah' is: 'Rp 1,299'

2023-10-04 20:00:49 - [MESSAGE][PASSED] - Text of object 'Object Repository/verifikasi/Harga sesudah' is: 'Rp 1,299'

2023-10-04 20:00:49 - [TEST_STEP][PASSED] - assert NamaSesudah.contains(NamaSebelum): null

2023-10-04 20:00:49 - [TEST_STEP][PASSED] - assert HargaSesudah.contains(HargaSebelum): null

2023-10-04 20:00:49 - [TEST_STEP][PASSED] - click(findTestObject("beli barang/Tambah Keranjang busana wanita")): Object: 'Object Repository/beli barang/Tambah Keranjang busana wanita' is clicked on

2023-10-04 20:00:50 - [MESSAGE][PASSED] - Object: 'Object Repository/beli barang/Tambah Keranjang busana wanita' is clicked on

2023-10-04 20:00:50 - [TEST_STEP][PASSED] - verifyElementPresent(findTestObject("checkout/Notifikasi keranjang"), 1): Object 'Object Repository/checkout/Notifikasi keranjang' is present

2023-10-04 20:00:50 - [MESSAGE][PASSED] - Object 'Object Repository/checkout/Notifikasi keranjang' is present

2023-10-04 20:00:50 - [TEST_STEP][PASSED] - data = new java.util.HashMap(): null

2023-10-04 20:00:50 - [TEST_STEP][PASSED] - data.put("nama_barang", NamaSesudah): null

2023-10-04 20:00:50 - [TEST_STEP][PASSED] - data.put("price_barang", HargaSesudah): null

2023-10-04 20:00:50 - [TEST_STEP][PASSED] - return data: null

2023-10-04 20:00:50 - [MESSAGE][PASSED] - Call Test Case 'Test Cases/T13 Pembelian, Shipment dan Pembayaran/PBL-001' successfully

2023-10-04 20:00:50 - [TEST_STEP][PASSED] - mouseOver(findTestObject("beli barang/keranjang")): Object: 'Object Repository/beli barang/keranjang' is hovered

2023-10-04 20:00:51 - [MESSAGE][PASSED] - Object: 'Object Repository/beli barang/keranjang' is hovered

2023-10-04 20:00:51 - [TEST_STEP][PASSED] - click(findTestObject("beli barang/Lihat Sekarang")): Object: 'Object Repository/beli barang/Lihat Sekarang' is clicked on

2023-10-04 20:00:52 - [MESSAGE][PASSED] - Object: 'Object Repository/beli barang/Lihat Sekarang' is clicked on

2023-10-04 20:00:52 - [TEST_STEP][PASSED] - verifyElementPresent(findTestObject("keranjang/li_Keranjang Belanja"), 0): Object 'Object Repository/keranjang/li_Keranjang Belanja' is present

2023-10-04 20:00:52 - [MESSAGE][WARNING] - Timeout '0' is invalid. Using default page load timeout: '30'

2023-10-04 20:00:52 - [MESSAGE][PASSED] - Object 'Object Repository/keranjang/li_Keranjang Belanja' is present

2023-10-04 20:00:52 - [TEST_STEP][PASSED] - NamaKeranjang = getText(findTestObject("verifikasi/Nama keranjang")): Text of object 'Object Repository/verifikasi/Nama keranjang' is: 'Pending'

2023-10-04 20:00:53 - [MESSAGE][PASSED] - Text of object 'Object Repository/verifikasi/Nama keranjang' is: 'Pending'

2023-10-04 20:00:53 - [TEST_STEP][FAILED] - HargaKeranjang = getText(findTestObject("verifikasi/Harga Keranjang")): Unable to get text of object 'Object Repository/verifikasi/Harga Keranjang' (Root cause: com.kms.katalon.core.exception.StepFailedException: Unable to get text of object 'Object Repository/verifikasi/Harga Keranjang'
	at com.kms.katalon.core.webui.keyword.internal.WebUIKeywordMain.stepFailed(WebUIKeywordMain.groovy:64)
	at com.kms.katalon.core.webui.keyword.internal.WebUIKeywordMain.runKeyword(WebUIKeywordMain.groovy:26)
	at com.kms.katalon.core.webui.keyword.builtin.GetTextKeyword.getText(GetTextKeyword.groovy:88)
	at com.kms.katalon.core.webui.keyword.builtin.GetTextKeyword.execute(GetTextKeyword.groovy:67)
	at com.kms.katalon.core.keyword.internal.KeywordExecutor.executeKeywordForPlatform(KeywordExecutor.groovy:74)
	at com.kms.katalon.core.webui.keyword.WebUiBuiltInKeywords.getText(WebUiBuiltInKeywords.groovy:918)
	at com.kms.katalon.core.webui.keyword.WebUiBuiltInKeywords$getText$5.call(Unknown Source)
	at PBL-002.run(PBL-002:31)
	at com.kms.katalon.core.main.ScriptEngine.run(ScriptEngine.java:194)
	at com.kms.katalon.core.main.ScriptEngine.runScriptAsRawText(ScriptEngine.java:119)
	at com.kms.katalon.core.main.TestCaseExecutor.runScript(TestCaseExecutor.java:448)
	at com.kms.katalon.core.main.TestCaseExecutor.doExecute(TestCaseExecutor.java:439)
	at com.kms.katalon.core.main.TestCaseExecutor.processExecutionPhase(TestCaseExecutor.java:418)
	at com.kms.katalon.core.main.TestCaseExecutor.accessMainPhase(TestCaseExecutor.java:410)
	at com.kms.katalon.core.main.TestCaseExecutor.execute(TestCaseExecutor.java:285)
	at com.kms.katalon.core.main.TestCaseMain.runTestCase(TestCaseMain.java:144)
	at com.kms.katalon.core.keyword.builtin.CallTestCaseKeyword$_callTestCase_closure1.doCall(CallTestCaseKeyword.groovy:59)
	at com.kms.katalon.core.keyword.builtin.CallTestCaseKeyword$_callTestCase_closure1.call(CallTestCaseKeyword.groovy)
	at com.kms.katalon.core.keyword.internal.KeywordMain.runKeyword(KeywordMain.groovy:75)
	at com.kms.katalon.core.keyword.builtin.CallTestCaseKeyword.callTestCase(CallTestCaseKeyword.groovy:81)
	at com.kms.katalon.core.keyword.builtin.CallTestCaseKeyword.execute(CallTestCaseKeyword.groovy:44)
	at com.kms.katalon.core.keyword.internal.KeywordExecutor.executeKeywordForPlatform(KeywordExecutor.groovy:74)
	at com.kms.katalon.core.keyword.BuiltinKeywords.callTestCase(BuiltinKeywords.groovy:310)
	at PBL-004.run(PBL-004:20)
	at com.kms.katalon.core.main.ScriptEngine.run(ScriptEngine.java:194)
	at com.kms.katalon.core.main.ScriptEngine.runScriptAsRawText(ScriptEngine.java:119)
	at com.kms.katalon.core.main.TestCaseExecutor.runScript(TestCaseExecutor.java:448)
	at com.kms.katalon.core.main.TestCaseExecutor.doExecute(TestCaseExecutor.java:439)
	at com.kms.katalon.core.main.TestCaseExecutor.processExecutionPhase(TestCaseExecutor.java:418)
	at com.kms.katalon.core.main.TestCaseExecutor.accessMainPhase(TestCaseExecutor.java:410)
	at com.kms.katalon.core.main.TestCaseExecutor.execute(TestCaseExecutor.java:285)
	at com.kms.katalon.core.common.CommonExecutor.accessTestCaseMainPhase(CommonExecutor.java:65)
	at com.kms.katalon.core.main.TestSuiteExecutor.accessTestSuiteMainPhase(TestSuiteExecutor.java:148)
	at com.kms.katalon.core.main.TestSuiteExecutor.execute(TestSuiteExecutor.java:106)
	at com.kms.katalon.core.main.TestCaseMain.startTestSuite(TestCaseMain.java:187)
	at com.kms.katalon.core.main.TestCaseMain$startTestSuite$0.call(Unknown Source)
	at TempTestSuite1696424348948.run(TempTestSuite1696424348948.groovy:36)
Caused by: com.kms.katalon.core.webui.exception.WebElementNotFoundException: Web element with id: 'Object Repository/verifikasi/Harga Keranjang' located by '(.//*[normalize-space(text()) and normalize-space(.)='Qty.'])[4]/following::b[1]' not found
	at com.kms.katalon.core.webui.common.WebUiCommonHelper.findWebElement(WebUiCommonHelper.java:1381)
	at com.kms.katalon.core.webui.keyword.internal.WebUIAbstractKeyword.findWebElement(WebUIAbstractKeyword.groovy:27)
	at com.kms.katalon.core.webui.keyword.internal.WebUIAbstractKeyword.findWebElement(WebUIAbstractKeyword.groovy:26)
	at com.kms.katalon.core.webui.keyword.builtin.GetTextKeyword$_getText_closure1.doCall(GetTextKeyword.groovy:78)
	at com.kms.katalon.core.webui.keyword.builtin.GetTextKeyword$_getText_closure1.call(GetTextKeyword.groovy)
	at com.kms.katalon.core.webui.keyword.internal.WebUIKeywordMain.runKeyword(WebUIKeywordMain.groovy:20)
	at com.kms.katalon.core.webui.keyword.builtin.GetTextKeyword.getText(GetTextKeyword.groovy:88)
	at com.kms.katalon.core.webui.keyword.builtin.GetTextKeyword.execute(GetTextKeyword.groovy:67)
	at com.kms.katalon.core.keyword.internal.KeywordExecutor.executeKeywordForPlatform(KeywordExecutor.groovy:74)
	at com.kms.katalon.core.webui.keyword.WebUiBuiltInKeywords.getText(WebUiBuiltInKeywords.groovy:918)
	at com.kms.katalon.core.webui.keyword.WebUiBuiltInKeywords$getText$5.call(Unknown Source)
	at Script1695957351890.run(Script1695957351890.groovy:31)
	at com.kms.katalon.core.main.ScriptEngine.run(ScriptEngine.java:194)
	at com.kms.katalon.core.main.ScriptEngine.runScriptAsRawText(ScriptEngine.java:119)
	at com.kms.katalon.core.main.TestCaseExecutor.runScript(TestCaseExecutor.java:448)
	at com.kms.katalon.core.main.TestCaseExecutor.doExecute(TestCaseExecutor.java:439)
	at com.kms.katalon.core.main.TestCaseExecutor.processExecutionPhase(TestCaseExecutor.java:418)
	at com.kms.katalon.core.main.TestCaseExecutor.accessMainPhase(TestCaseExecutor.java:410)
	at com.kms.katalon.core.main.TestCaseExecutor.execute(TestCaseExecutor.java:285)
	at com.kms.katalon.core.main.TestCaseMain.runTestCase(TestCaseMain.java:144)
	at com.kms.katalon.core.keyword.builtin.CallTestCaseKeyword$_callTestCase_closure1.doCall(CallTestCaseKeyword.groovy:59)
	at com.kms.katalon.core.keyword.builtin.CallTestCaseKeyword$_callTestCase_closure1.call(CallTestCaseKeyword.groovy)
	at com.kms.katalon.core.keyword.internal.KeywordMain.runKeyword(KeywordMain.groovy:75)
	at com.kms.katalon.core.keyword.builtin.CallTestCaseKeyword.callTestCase(CallTestCaseKeyword.groovy:81)
	at com.kms.katalon.core.keyword.builtin.CallTestCaseKeyword.execute(CallTestCaseKeyword.groovy:44)
	at com.kms.katalon.core.keyword.internal.KeywordExecutor.executeKeywordForPlatform(KeywordExecutor.groovy:74)
	at com.kms.katalon.core.keyword.BuiltinKeywords.callTestCase(BuiltinKeywords.groovy:310)
	at Script1695957634003.run(Script1695957634003.groovy:20)
	... 13 more
)

2023-10-04 20:01:24 - [MESSAGE][INFO] - Unable to find the element located by 'By.xpath: (.//*[normalize-space(text()) and normalize-space(.)='Qty.'])[4]/following::b[1]'. Please recheck the objects properties to make sure the desired element is located. 

2023-10-04 20:01:24 - [MESSAGE][FAILED] - Unable to get text of object 'Object Repository/verifikasi/Harga Keranjang' (Root cause: com.kms.katalon.core.exception.StepFailedException: Unable to get text of object 'Object Repository/verifikasi/Harga Keranjang'
	at com.kms.katalon.core.webui.keyword.internal.WebUIKeywordMain.stepFailed(WebUIKeywordMain.groovy:64)
	at com.kms.katalon.core.webui.keyword.internal.WebUIKeywordMain.runKeyword(WebUIKeywordMain.groovy:26)
	at com.kms.katalon.core.webui.keyword.builtin.GetTextKeyword.getText(GetTextKeyword.groovy:88)
	at com.kms.katalon.core.webui.keyword.builtin.GetTextKeyword.execute(GetTextKeyword.groovy:67)
	at com.kms.katalon.core.keyword.internal.KeywordExecutor.executeKeywordForPlatform(KeywordExecutor.groovy:74)
	at com.kms.katalon.core.webui.keyword.WebUiBuiltInKeywords.getText(WebUiBuiltInKeywords.groovy:918)
	at com.kms.katalon.core.webui.keyword.WebUiBuiltInKeywords$getText$5.call(Unknown Source)
	at PBL-002.run(PBL-002:31)
	at com.kms.katalon.core.main.ScriptEngine.run(ScriptEngine.java:194)
	at com.kms.katalon.core.main.ScriptEngine.runScriptAsRawText(ScriptEngine.java:119)
	at com.kms.katalon.core.main.TestCaseExecutor.runScript(TestCaseExecutor.java:448)
	at com.kms.katalon.core.main.TestCaseExecutor.doExecute(TestCaseExecutor.java:439)
	at com.kms.katalon.core.main.TestCaseExecutor.processExecutionPhase(TestCaseExecutor.java:418)
	at com.kms.katalon.core.main.TestCaseExecutor.accessMainPhase(TestCaseExecutor.java:410)
	at com.kms.katalon.core.main.TestCaseExecutor.execute(TestCaseExecutor.java:285)
	at com.kms.katalon.core.main.TestCaseMain.runTestCase(TestCaseMain.java:144)
	at com.kms.katalon.core.keyword.builtin.CallTestCaseKeyword$_callTestCase_closure1.doCall(CallTestCaseKeyword.groovy:59)
	at com.kms.katalon.core.keyword.builtin.CallTestCaseKeyword$_callTestCase_closure1.call(CallTestCaseKeyword.groovy)
	at com.kms.katalon.core.keyword.internal.KeywordMain.runKeyword(KeywordMain.groovy:75)
	at com.kms.katalon.core.keyword.builtin.CallTestCaseKeyword.callTestCase(CallTestCaseKeyword.groovy:81)
	at com.kms.katalon.core.keyword.builtin.CallTestCaseKeyword.execute(CallTestCaseKeyword.groovy:44)
	at com.kms.katalon.core.keyword.internal.KeywordExecutor.executeKeywordForPlatform(KeywordExecutor.groovy:74)
	at com.kms.katalon.core.keyword.BuiltinKeywords.callTestCase(BuiltinKeywords.groovy:310)
	at PBL-004.run(PBL-004:20)
	at com.kms.katalon.core.main.ScriptEngine.run(ScriptEngine.java:194)
	at com.kms.katalon.core.main.ScriptEngine.runScriptAsRawText(ScriptEngine.java:119)
	at com.kms.katalon.core.main.TestCaseExecutor.runScript(TestCaseExecutor.java:448)
	at com.kms.katalon.core.main.TestCaseExecutor.doExecute(TestCaseExecutor.java:439)
	at com.kms.katalon.core.main.TestCaseExecutor.processExecutionPhase(TestCaseExecutor.java:418)
	at com.kms.katalon.core.main.TestCaseExecutor.accessMainPhase(TestCaseExecutor.java:410)
	at com.kms.katalon.core.main.TestCaseExecutor.execute(TestCaseExecutor.java:285)
	at com.kms.katalon.core.common.CommonExecutor.accessTestCaseMainPhase(CommonExecutor.java:65)
	at com.kms.katalon.core.main.TestSuiteExecutor.accessTestSuiteMainPhase(TestSuiteExecutor.java:148)
	at com.kms.katalon.core.main.TestSuiteExecutor.execute(TestSuiteExecutor.java:106)
	at com.kms.katalon.core.main.TestCaseMain.startTestSuite(TestCaseMain.java:187)
	at com.kms.katalon.core.main.TestCaseMain$startTestSuite$0.call(Unknown Source)
	at TempTestSuite1696424348948.run(TempTestSuite1696424348948.groovy:36)
Caused by: com.kms.katalon.core.webui.exception.WebElementNotFoundException: Web element with id: 'Object Repository/verifikasi/Harga Keranjang' located by '(.//*[normalize-space(text()) and normalize-space(.)='Qty.'])[4]/following::b[1]' not found
	at com.kms.katalon.core.webui.common.WebUiCommonHelper.findWebElement(WebUiCommonHelper.java:1381)
	at com.kms.katalon.core.webui.keyword.internal.WebUIAbstractKeyword.findWebElement(WebUIAbstractKeyword.groovy:27)
	at com.kms.katalon.core.webui.keyword.internal.WebUIAbstractKeyword.findWebElement(WebUIAbstractKeyword.groovy:26)
	at com.kms.katalon.core.webui.keyword.builtin.GetTextKeyword$_getText_closure1.doCall(GetTextKeyword.groovy:78)
	at com.kms.katalon.core.webui.keyword.builtin.GetTextKeyword$_getText_closure1.call(GetTextKeyword.groovy)
	at com.kms.katalon.core.webui.keyword.internal.WebUIKeywordMain.runKeyword(WebUIKeywordMain.groovy:20)
	at com.kms.katalon.core.webui.keyword.builtin.GetTextKeyword.getText(GetTextKeyword.groovy:88)
	at com.kms.katalon.core.webui.keyword.builtin.GetTextKeyword.execute(GetTextKeyword.groovy:67)
	at com.kms.katalon.core.keyword.internal.KeywordExecutor.executeKeywordForPlatform(KeywordExecutor.groovy:74)
	at com.kms.katalon.core.webui.keyword.WebUiBuiltInKeywords.getText(WebUiBuiltInKeywords.groovy:918)
	at com.kms.katalon.core.webui.keyword.WebUiBuiltInKeywords$getText$5.call(Unknown Source)
	at Script1695957351890.run(Script1695957351890.groovy:31)
	at com.kms.katalon.core.main.ScriptEngine.run(ScriptEngine.java:194)
	at com.kms.katalon.core.main.ScriptEngine.runScriptAsRawText(ScriptEngine.java:119)
	at com.kms.katalon.core.main.TestCaseExecutor.runScript(TestCaseExecutor.java:448)
	at com.kms.katalon.core.main.TestCaseExecutor.doExecute(TestCaseExecutor.java:439)
	at com.kms.katalon.core.main.TestCaseExecutor.processExecutionPhase(TestCaseExecutor.java:418)
	at com.kms.katalon.core.main.TestCaseExecutor.accessMainPhase(TestCaseExecutor.java:410)
	at com.kms.katalon.core.main.TestCaseExecutor.execute(TestCaseExecutor.java:285)
	at com.kms.katalon.core.main.TestCaseMain.runTestCase(TestCaseMain.java:144)
	at com.kms.katalon.core.keyword.builtin.CallTestCaseKeyword$_callTestCase_closure1.doCall(CallTestCaseKeyword.groovy:59)
	at com.kms.katalon.core.keyword.builtin.CallTestCaseKeyword$_callTestCase_closure1.call(CallTestCaseKeyword.groovy)
	at com.kms.katalon.core.keyword.internal.KeywordMain.runKeyword(KeywordMain.groovy:75)
	at com.kms.katalon.core.keyword.builtin.CallTestCaseKeyword.callTestCase(CallTestCaseKeyword.groovy:81)
	at com.kms.katalon.core.keyword.builtin.CallTestCaseKeyword.execute(CallTestCaseKeyword.groovy:44)
	at com.kms.katalon.core.keyword.internal.KeywordExecutor.executeKeywordForPlatform(KeywordExecutor.groovy:74)
	at com.kms.katalon.core.keyword.BuiltinKeywords.callTestCase(BuiltinKeywords.groovy:310)
	at Script1695957634003.run(Script1695957634003.groovy:20)
	... 13 more
)
[[ATTACHMENT|D:\\BOOTCAMP XSIS\\Projek 2 MINI PROJEK\\Reports\\20231004_190004\\T13 Pembelian, Shipment dan Pembayaran\\T13 Pembelian, Shipment dan Pembayaran\\20231004_195908\\1696424484242.png]]

2023-10-04 20:01:24 - [MESSAGE][FAILED] - Unable to call Test Case 'Test Cases/T13 Pembelian, Shipment dan Pembayaran/PBL-002' (Root cause: com.kms.katalon.core.exception.StepFailedException: Call Test Case 'Test Cases/T13 Pembelian, Shipment dan Pembayaran/PBL-002' failed
	at com.kms.katalon.core.keyword.builtin.CallTestCaseKeyword$_callTestCase_closure1.doCall(CallTestCaseKeyword.groovy:63)
	at com.kms.katalon.core.keyword.builtin.CallTestCaseKeyword$_callTestCase_closure1.call(CallTestCaseKeyword.groovy)
	at com.kms.katalon.core.keyword.internal.KeywordMain.runKeyword(KeywordMain.groovy:75)
	at com.kms.katalon.core.keyword.builtin.CallTestCaseKeyword.callTestCase(CallTestCaseKeyword.groovy:81)
	at com.kms.katalon.core.keyword.builtin.CallTestCaseKeyword.execute(CallTestCaseKeyword.groovy:44)
	at com.kms.katalon.core.keyword.internal.KeywordExecutor.executeKeywordForPlatform(KeywordExecutor.groovy:74)
	at com.kms.katalon.core.keyword.BuiltinKeywords.callTestCase(BuiltinKeywords.groovy:310)
	at PBL-004.run(PBL-004:20)
	at com.kms.katalon.core.main.ScriptEngine.run(ScriptEngine.java:194)
	at com.kms.katalon.core.main.ScriptEngine.runScriptAsRawText(ScriptEngine.java:119)
	at com.kms.katalon.core.main.TestCaseExecutor.runScript(TestCaseExecutor.java:448)
	at com.kms.katalon.core.main.TestCaseExecutor.doExecute(TestCaseExecutor.java:439)
	at com.kms.katalon.core.main.TestCaseExecutor.processExecutionPhase(TestCaseExecutor.java:418)
	at com.kms.katalon.core.main.TestCaseExecutor.accessMainPhase(TestCaseExecutor.java:410)
	at com.kms.katalon.core.main.TestCaseExecutor.execute(TestCaseExecutor.java:285)
	at com.kms.katalon.core.common.CommonExecutor.accessTestCaseMainPhase(CommonExecutor.java:65)
	at com.kms.katalon.core.main.TestSuiteExecutor.accessTestSuiteMainPhase(TestSuiteExecutor.java:148)
	at com.kms.katalon.core.main.TestSuiteExecutor.execute(TestSuiteExecutor.java:106)
	at com.kms.katalon.core.main.TestCaseMain.startTestSuite(TestCaseMain.java:187)
	at com.kms.katalon.core.main.TestCaseMain$startTestSuite$0.call(Unknown Source)
	at TempTestSuite1696424348948.run(TempTestSuite1696424348948.groovy:36)
Caused by: com.kms.katalon.core.exception.StepFailedException: Unable to get text of object 'Object Repository/verifikasi/Harga Keranjang'
	at com.kms.katalon.core.webui.keyword.internal.WebUIKeywordMain.stepFailed(WebUIKeywordMain.groovy:64)
	at com.kms.katalon.core.webui.keyword.internal.WebUIKeywordMain.runKeyword(WebUIKeywordMain.groovy:26)
	at com.kms.katalon.core.webui.keyword.builtin.GetTextKeyword.getText(GetTextKeyword.groovy:88)
	at com.kms.katalon.core.webui.keyword.builtin.GetTextKeyword.execute(GetTextKeyword.groovy:67)
	at com.kms.katalon.core.keyword.internal.KeywordExecutor.executeKeywordForPlatform(KeywordExecutor.groovy:74)
	at com.kms.katalon.core.webui.keyword.WebUiBuiltInKeywords.getText(WebUiBuiltInKeywords.groovy:918)
	at com.kms.katalon.core.webui.keyword.WebUiBuiltInKeywords$getText$5.call(Unknown Source)
	at PBL-002.run(PBL-002:31)
	at com.kms.katalon.core.main.ScriptEngine.run(ScriptEngine.java:194)
	at com.kms.katalon.core.main.ScriptEngine.runScriptAsRawText(ScriptEngine.java:119)
	at com.kms.katalon.core.main.TestCaseExecutor.runScript(TestCaseExecutor.java:448)
	at com.kms.katalon.core.main.TestCaseExecutor.doExecute(TestCaseExecutor.java:439)
	at com.kms.katalon.core.main.TestCaseExecutor.processExecutionPhase(TestCaseExecutor.java:418)
	at com.kms.katalon.core.main.TestCaseExecutor.accessMainPhase(TestCaseExecutor.java:410)
	at com.kms.katalon.core.main.TestCaseExecutor.execute(TestCaseExecutor.java:285)
	at com.kms.katalon.core.main.TestCaseMain.runTestCase(TestCaseMain.java:144)
	at com.kms.katalon.core.keyword.builtin.CallTestCaseKeyword$_callTestCase_closure1.doCall(CallTestCaseKeyword.groovy:59)
	... 20 more
Caused by: com.kms.katalon.core.webui.exception.WebElementNotFoundException: Web element with id: 'Object Repository/verifikasi/Harga Keranjang' located by '(.//*[normalize-space(text()) and normalize-space(.)='Qty.'])[4]/following::b[1]' not found
	at com.kms.katalon.core.webui.common.WebUiCommonHelper.findWebElement(WebUiCommonHelper.java:1381)
	at com.kms.katalon.core.webui.keyword.internal.WebUIAbstractKeyword.findWebElement(WebUIAbstractKeyword.groovy:27)
	at com.kms.katalon.core.webui.keyword.internal.WebUIAbstractKeyword.findWebElement(WebUIAbstractKeyword.groovy:26)
	at com.kms.katalon.core.webui.keyword.builtin.GetTextKeyword$_getText_closure1.doCall(GetTextKeyword.groovy:78)
	at com.kms.katalon.core.webui.keyword.builtin.GetTextKeyword$_getText_closure1.call(GetTextKeyword.groovy)
	at com.kms.katalon.core.webui.keyword.internal.WebUIKeywordMain.runKeyword(WebUIKeywordMain.groovy:20)
	... 35 more
)]]></system-out>
         <system-err><![CDATA[2023-10-04 20:00:31 - [TEST_CASE][FAILED] - Test Cases/T13 Pembelian, Shipment dan Pembayaran/PBL-004: Test Cases/T13 Pembelian, Shipment dan Pembayaran/PBL-004 FAILED.
Reason:
com.kms.katalon.core.exception.StepFailedException: Call Test Case 'Test Cases/T13 Pembelian, Shipment dan Pembayaran/PBL-002' failed
	at com.kms.katalon.core.keyword.builtin.CallTestCaseKeyword$_callTestCase_closure1.doCall(CallTestCaseKeyword.groovy:63)
	at com.kms.katalon.core.keyword.builtin.CallTestCaseKeyword$_callTestCase_closure1.call(CallTestCaseKeyword.groovy)
	at com.kms.katalon.core.keyword.internal.KeywordMain.runKeyword(KeywordMain.groovy:75)
	at com.kms.katalon.core.keyword.builtin.CallTestCaseKeyword.callTestCase(CallTestCaseKeyword.groovy:81)
	at com.kms.katalon.core.keyword.builtin.CallTestCaseKeyword.execute(CallTestCaseKeyword.groovy:44)
	at com.kms.katalon.core.keyword.internal.KeywordExecutor.executeKeywordForPlatform(KeywordExecutor.groovy:74)
	at com.kms.katalon.core.keyword.BuiltinKeywords.callTestCase(BuiltinKeywords.groovy:310)
	at PBL-004.run(PBL-004:20)
	at com.kms.katalon.core.main.ScriptEngine.run(ScriptEngine.java:194)
	at com.kms.katalon.core.main.ScriptEngine.runScriptAsRawText(ScriptEngine.java:119)
	at com.kms.katalon.core.main.TestCaseExecutor.runScript(TestCaseExecutor.java:448)
	at com.kms.katalon.core.main.TestCaseExecutor.doExecute(TestCaseExecutor.java:439)
	at com.kms.katalon.core.main.TestCaseExecutor.processExecutionPhase(TestCaseExecutor.java:418)
	at com.kms.katalon.core.main.TestCaseExecutor.accessMainPhase(TestCaseExecutor.java:410)
	at com.kms.katalon.core.main.TestCaseExecutor.execute(TestCaseExecutor.java:285)
	at com.kms.katalon.core.common.CommonExecutor.accessTestCaseMainPhase(CommonExecutor.java:65)
	at com.kms.katalon.core.main.TestSuiteExecutor.accessTestSuiteMainPhase(TestSuiteExecutor.java:148)
	at com.kms.katalon.core.main.TestSuiteExecutor.execute(TestSuiteExecutor.java:106)
	at com.kms.katalon.core.main.TestCaseMain.startTestSuite(TestCaseMain.java:187)
	at com.kms.katalon.core.main.TestCaseMain$startTestSuite$0.call(Unknown Source)
	at TempTestSuite1696424348948.run(TempTestSuite1696424348948.groovy:36)
Caused by: com.kms.katalon.core.exception.StepFailedException: Unable to get text of object 'Object Repository/verifikasi/Harga Keranjang'
	at com.kms.katalon.core.webui.keyword.internal.WebUIKeywordMain.stepFailed(WebUIKeywordMain.groovy:64)
	at com.kms.katalon.core.webui.keyword.internal.WebUIKeywordMain.runKeyword(WebUIKeywordMain.groovy:26)
	at com.kms.katalon.core.webui.keyword.builtin.GetTextKeyword.getText(GetTextKeyword.groovy:88)
	at com.kms.katalon.core.webui.keyword.builtin.GetTextKeyword.execute(GetTextKeyword.groovy:67)
	at com.kms.katalon.core.keyword.internal.KeywordExecutor.executeKeywordForPlatform(KeywordExecutor.groovy:74)
	at com.kms.katalon.core.webui.keyword.WebUiBuiltInKeywords.getText(WebUiBuiltInKeywords.groovy:918)
	at com.kms.katalon.core.webui.keyword.WebUiBuiltInKeywords$getText$5.call(Unknown Source)
	at PBL-002.run(PBL-002:31)
	at com.kms.katalon.core.main.ScriptEngine.run(ScriptEngine.java:194)
	at com.kms.katalon.core.main.ScriptEngine.runScriptAsRawText(ScriptEngine.java:119)
	at com.kms.katalon.core.main.TestCaseExecutor.runScript(TestCaseExecutor.java:448)
	at com.kms.katalon.core.main.TestCaseExecutor.doExecute(TestCaseExecutor.java:439)
	at com.kms.katalon.core.main.TestCaseExecutor.processExecutionPhase(TestCaseExecutor.java:418)
	at com.kms.katalon.core.main.TestCaseExecutor.accessMainPhase(TestCaseExecutor.java:410)
	at com.kms.katalon.core.main.TestCaseExecutor.execute(TestCaseExecutor.java:285)
	at com.kms.katalon.core.main.TestCaseMain.runTestCase(TestCaseMain.java:144)
	at com.kms.katalon.core.keyword.builtin.CallTestCaseKeyword$_callTestCase_closure1.doCall(CallTestCaseKeyword.groovy:59)
	... 20 more
Caused by: com.kms.katalon.core.webui.exception.WebElementNotFoundException: Web element with id: 'Object Repository/verifikasi/Harga Keranjang' located by '(.//*[normalize-space(text()) and normalize-space(.)='Qty.'])[4]/following::b[1]' not found
	at com.kms.katalon.core.webui.common.WebUiCommonHelper.findWebElement(WebUiCommonHelper.java:1381)
	at com.kms.katalon.core.webui.keyword.internal.WebUIAbstractKeyword.findWebElement(WebUIAbstractKeyword.groovy:27)
	at com.kms.katalon.core.webui.keyword.internal.WebUIAbstractKeyword.findWebElement(WebUIAbstractKeyword.groovy:26)
	at com.kms.katalon.core.webui.keyword.builtin.GetTextKeyword$_getText_closure1.doCall(GetTextKeyword.groovy:78)
	at com.kms.katalon.core.webui.keyword.builtin.GetTextKeyword$_getText_closure1.call(GetTextKeyword.groovy)
	at com.kms.katalon.core.webui.keyword.internal.WebUIKeywordMain.runKeyword(WebUIKeywordMain.groovy:20)
	... 35 more]]></system-err>
      </testcase>
      <testcase name="Test Cases/T13 Pembelian, Shipment dan Pembayaran/PBL-005" time="12.837" classname="Test Cases/T13 Pembelian, Shipment dan Pembayaran/PBL-005" status="FAILED">
         <failure type="FAILED" message="Test Cases/T13 Pembelian, Shipment dan Pembayaran/PBL-005 FAILED.
Reason:
com.kms.katalon.core.exception.StepFailedException: Call Test Case 'Test Cases/T13 Pembelian, Shipment dan Pembayaran/PBL-002' failed
	at com.kms.katalon.core.keyword.builtin.CallTestCaseKeyword$_callTestCase_closure1.doCall(CallTestCaseKeyword.groovy:63)
	at com.kms.katalon.core.keyword.builtin.CallTestCaseKeyword$_callTestCase_closure1.call(CallTestCaseKeyword.groovy)
	at com.kms.katalon.core.keyword.internal.KeywordMain.runKeyword(KeywordMain.groovy:75)
	at com.kms.katalon.core.keyword.builtin.CallTestCaseKeyword.callTestCase(CallTestCaseKeyword.groovy:81)
	at com.kms.katalon.core.keyword.builtin.CallTestCaseKeyword.execute(CallTestCaseKeyword.groovy:44)
	at com.kms.katalon.core.keyword.internal.KeywordExecutor.executeKeywordForPlatform(KeywordExecutor.groovy:74)
	at com.kms.katalon.core.keyword.BuiltinKeywords.callTestCase(BuiltinKeywords.groovy:310)
	at PBL-005.run(PBL-005:20)
	at com.kms.katalon.core.main.ScriptEngine.run(ScriptEngine.java:194)
	at com.kms.katalon.core.main.ScriptEngine.runScriptAsRawText(ScriptEngine.java:119)
	at com.kms.katalon.core.main.TestCaseExecutor.runScript(TestCaseExecutor.java:448)
	at com.kms.katalon.core.main.TestCaseExecutor.doExecute(TestCaseExecutor.java:439)
	at com.kms.katalon.core.main.TestCaseExecutor.processExecutionPhase(TestCaseExecutor.java:418)
	at com.kms.katalon.core.main.TestCaseExecutor.accessMainPhase(TestCaseExecutor.java:410)
	at com.kms.katalon.core.main.TestCaseExecutor.execute(TestCaseExecutor.java:285)
	at com.kms.katalon.core.common.CommonExecutor.accessTestCaseMainPhase(CommonExecutor.java:65)
	at com.kms.katalon.core.main.TestSuiteExecutor.accessTestSuiteMainPhase(TestSuiteExecutor.java:148)
	at com.kms.katalon.core.main.TestSuiteExecutor.execute(TestSuiteExecutor.java:106)
	at com.kms.katalon.core.main.TestCaseMain.startTestSuite(TestCaseMain.java:187)
	at com.kms.katalon.core.main.TestCaseMain$startTestSuite$0.call(Unknown Source)
	at TempTestSuite1696424348948.run(TempTestSuite1696424348948.groovy:36)
Caused by: com.kms.katalon.core.exception.StepFailedException: Call Test Case 'Test Cases/T13 Pembelian, Shipment dan Pembayaran/PBL-001' failed
	at com.kms.katalon.core.keyword.builtin.CallTestCaseKeyword$_callTestCase_closure1.doCall(CallTestCaseKeyword.groovy:63)
	at com.kms.katalon.core.keyword.builtin.CallTestCaseKeyword$_callTestCase_closure1.call(CallTestCaseKeyword.groovy)
	at com.kms.katalon.core.keyword.internal.KeywordMain.runKeyword(KeywordMain.groovy:75)
	at com.kms.katalon.core.keyword.builtin.CallTestCaseKeyword.callTestCase(CallTestCaseKeyword.groovy:81)
	at com.kms.katalon.core.keyword.builtin.CallTestCaseKeyword.execute(CallTestCaseKeyword.groovy:44)
	at com.kms.katalon.core.keyword.internal.KeywordExecutor.executeKeywordForPlatform(KeywordExecutor.groovy:74)
	at com.kms.katalon.core.keyword.BuiltinKeywords.callTestCase(BuiltinKeywords.groovy:310)
	at PBL-002.run(PBL-002:20)
	at com.kms.katalon.core.main.ScriptEngine.run(ScriptEngine.java:194)
	at com.kms.katalon.core.main.ScriptEngine.runScriptAsRawText(ScriptEngine.java:119)
	at com.kms.katalon.core.main.TestCaseExecutor.runScript(TestCaseExecutor.java:448)
	at com.kms.katalon.core.main.TestCaseExecutor.doExecute(TestCaseExecutor.java:439)
	at com.kms.katalon.core.main.TestCaseExecutor.processExecutionPhase(TestCaseExecutor.java:418)
	at com.kms.katalon.core.main.TestCaseExecutor.accessMainPhase(TestCaseExecutor.java:410)
	at com.kms.katalon.core.main.TestCaseExecutor.execute(TestCaseExecutor.java:285)
	at com.kms.katalon.core.main.TestCaseMain.runTestCase(TestCaseMain.java:144)
	at com.kms.katalon.core.keyword.builtin.CallTestCaseKeyword$_callTestCase_closure1.doCall(CallTestCaseKeyword.groovy:59)
	... 20 more
Caused by: com.kms.katalon.core.exception.StepFailedException: Unable to click on object 'Object Repository/beli barang/a_Fashion  Busana Wanita'
	at com.kms.katalon.core.webui.keyword.internal.WebUIKeywordMain.stepFailed(WebUIKeywordMain.groovy:64)
	at com.kms.katalon.core.webui.keyword.internal.WebUIKeywordMain.runKeyword(WebUIKeywordMain.groovy:26)
	at com.kms.katalon.core.webui.keyword.builtin.ClickKeyword.click(ClickKeyword.groovy:74)
	at com.kms.katalon.core.webui.keyword.builtin.ClickKeyword.execute(ClickKeyword.groovy:40)
	at com.kms.katalon.core.keyword.internal.KeywordExecutor.executeKeywordForPlatform(KeywordExecutor.groovy:74)
	at com.kms.katalon.core.webui.keyword.WebUiBuiltInKeywords.click(WebUiBuiltInKeywords.groovy:620)
	at com.kms.katalon.core.webui.keyword.WebUiBuiltInKeywords$click$2.call(Unknown Source)
	at PBL-001.run(PBL-001:25)
	at com.kms.katalon.core.main.ScriptEngine.run(ScriptEngine.java:194)
	at com.kms.katalon.core.main.ScriptEngine.runScriptAsRawText(ScriptEngine.java:119)
	at com.kms.katalon.core.main.TestCaseExecutor.runScript(TestCaseExecutor.java:448)
	at com.kms.katalon.core.main.TestCaseExecutor.doExecute(TestCaseExecutor.java:439)
	at com.kms.katalon.core.main.TestCaseExecutor.processExecutionPhase(TestCaseExecutor.java:418)
	at com.kms.katalon.core.main.TestCaseExecutor.accessMainPhase(TestCaseExecutor.java:410)
	at com.kms.katalon.core.main.TestCaseExecutor.execute(TestCaseExecutor.java:285)
	at com.kms.katalon.core.main.TestCaseMain.runTestCase(TestCaseMain.java:144)
	at com.kms.katalon.core.keyword.builtin.CallTestCaseKeyword$_callTestCase_closure1.doCall(CallTestCaseKeyword.groovy:59)
	... 36 more
Caused by: org.openqa.selenium.ElementNotInteractableException: Element &lt;a href=&quot;https://10.9.2.63/ecommerce/produk/kategori/fashion--busana-wanita&quot;> could not be scrolled into view
Build info: version: '3.141.59', revision: 'e82be7d358', time: '2018-11-14T08:25:53'
System info: host: 'DESKTOP-H62FVJ8', ip: '10.9.2.72', os.name: 'Windows 10', os.arch: 'amd64', os.version: '10.0', java.version: '1.8.0_362'
Driver info: com.kms.katalon.core.webui.driver.firefox.CGeckoDriver
Capabilities {acceptInsecureCerts: true, browserName: firefox, browserVersion: 117.0.1, javascriptEnabled: true, moz:accessibilityChecks: false, moz:buildID: 20230912013654, moz:geckodriverVersion: 0.33.0, moz:headless: false, moz:platformVersion: 10.0, moz:processID: 14484, moz:profile: C:\Users\IRFAN\AppData\Loca..., moz:shutdownTimeout: 60000, moz:webdriverClick: true, moz:windowless: false, pageLoadStrategy: normal, platform: WINDOWS, platformName: WINDOWS, proxy: Proxy(direct), setWindowRect: true, strictFileInteractability: false, timeouts: {implicit: 0, pageLoad: 300000, script: 30000}, unhandledPromptBehavior: dismiss and notify}
Session ID: f8fb90f0-5c29-4488-aeda-2660cc51fcd9
	at org.openqa.selenium.remote.http.W3CHttpResponseCodec.createException(W3CHttpResponseCodec.java:187)
	at org.openqa.selenium.remote.http.W3CHttpResponseCodec.decode(W3CHttpResponseCodec.java:122)
	at org.openqa.selenium.remote.http.W3CHttpResponseCodec.decode(W3CHttpResponseCodec.java:49)
	at org.openqa.selenium.remote.HttpCommandExecutor.execute(HttpCommandExecutor.java:158)
	at org.openqa.selenium.remote.service.DriverCommandExecutor.execute(DriverCommandExecutor.java:83)
	at org.openqa.selenium.remote.RemoteWebDriver.execute(RemoteWebDriver.java:552)
	at com.kms.katalon.selenium.driver.CFirefoxDriver.execute(CFirefoxDriver.java:27)
	at org.openqa.selenium.remote.RemoteWebElement.execute(RemoteWebElement.java:285)
	at org.openqa.selenium.remote.RemoteWebElement.click(RemoteWebElement.java:84)
	at org.openqa.selenium.support.events.EventFiringWebDriver$EventFiringWebElement.lambda$new$0(EventFiringWebDriver.java:404)
	at com.sun.proxy.$Proxy11.click(Unknown Source)
	at org.openqa.selenium.support.events.EventFiringWebDriver$EventFiringWebElement.click(EventFiringWebDriver.java:417)
	at org.openqa.selenium.WebElement$click.call(Unknown Source)
	at com.kms.katalon.core.webui.keyword.builtin.ClickKeyword.clickUntilSuccessWithTimeout(ClickKeyword.groovy:81)
	at com.kms.katalon.core.webui.keyword.builtin.ClickKeyword.clickUntilSuccessWithTimeout(ClickKeyword.groovy)
	at com.kms.katalon.core.webui.keyword.builtin.ClickKeyword$_click_closure1.doCall(ClickKeyword.groovy:67)
	at com.kms.katalon.core.webui.keyword.builtin.ClickKeyword$_click_closure1.call(ClickKeyword.groovy)
	at com.kms.katalon.core.webui.keyword.internal.WebUIKeywordMain.runKeyword(WebUIKeywordMain.groovy:20)
	... 51 more
"/>
         <system-out><![CDATA[2023-10-04 20:01:24 - [TEST_CASE][FAILED] - Test Cases/T13 Pembelian, Shipment dan Pembayaran/PBL-005: Test Cases/T13 Pembelian, Shipment dan Pembayaran/PBL-005 FAILED.
Reason:
com.kms.katalon.core.exception.StepFailedException: Call Test Case 'Test Cases/T13 Pembelian, Shipment dan Pembayaran/PBL-002' failed
	at com.kms.katalon.core.keyword.builtin.CallTestCaseKeyword$_callTestCase_closure1.doCall(CallTestCaseKeyword.groovy:63)
	at com.kms.katalon.core.keyword.builtin.CallTestCaseKeyword$_callTestCase_closure1.call(CallTestCaseKeyword.groovy)
	at com.kms.katalon.core.keyword.internal.KeywordMain.runKeyword(KeywordMain.groovy:75)
	at com.kms.katalon.core.keyword.builtin.CallTestCaseKeyword.callTestCase(CallTestCaseKeyword.groovy:81)
	at com.kms.katalon.core.keyword.builtin.CallTestCaseKeyword.execute(CallTestCaseKeyword.groovy:44)
	at com.kms.katalon.core.keyword.internal.KeywordExecutor.executeKeywordForPlatform(KeywordExecutor.groovy:74)
	at com.kms.katalon.core.keyword.BuiltinKeywords.callTestCase(BuiltinKeywords.groovy:310)
	at PBL-005.run(PBL-005:20)
	at com.kms.katalon.core.main.ScriptEngine.run(ScriptEngine.java:194)
	at com.kms.katalon.core.main.ScriptEngine.runScriptAsRawText(ScriptEngine.java:119)
	at com.kms.katalon.core.main.TestCaseExecutor.runScript(TestCaseExecutor.java:448)
	at com.kms.katalon.core.main.TestCaseExecutor.doExecute(TestCaseExecutor.java:439)
	at com.kms.katalon.core.main.TestCaseExecutor.processExecutionPhase(TestCaseExecutor.java:418)
	at com.kms.katalon.core.main.TestCaseExecutor.accessMainPhase(TestCaseExecutor.java:410)
	at com.kms.katalon.core.main.TestCaseExecutor.execute(TestCaseExecutor.java:285)
	at com.kms.katalon.core.common.CommonExecutor.accessTestCaseMainPhase(CommonExecutor.java:65)
	at com.kms.katalon.core.main.TestSuiteExecutor.accessTestSuiteMainPhase(TestSuiteExecutor.java:148)
	at com.kms.katalon.core.main.TestSuiteExecutor.execute(TestSuiteExecutor.java:106)
	at com.kms.katalon.core.main.TestCaseMain.startTestSuite(TestCaseMain.java:187)
	at com.kms.katalon.core.main.TestCaseMain$startTestSuite$0.call(Unknown Source)
	at TempTestSuite1696424348948.run(TempTestSuite1696424348948.groovy:36)
Caused by: com.kms.katalon.core.exception.StepFailedException: Call Test Case 'Test Cases/T13 Pembelian, Shipment dan Pembayaran/PBL-001' failed
	at com.kms.katalon.core.keyword.builtin.CallTestCaseKeyword$_callTestCase_closure1.doCall(CallTestCaseKeyword.groovy:63)
	at com.kms.katalon.core.keyword.builtin.CallTestCaseKeyword$_callTestCase_closure1.call(CallTestCaseKeyword.groovy)
	at com.kms.katalon.core.keyword.internal.KeywordMain.runKeyword(KeywordMain.groovy:75)
	at com.kms.katalon.core.keyword.builtin.CallTestCaseKeyword.callTestCase(CallTestCaseKeyword.groovy:81)
	at com.kms.katalon.core.keyword.builtin.CallTestCaseKeyword.execute(CallTestCaseKeyword.groovy:44)
	at com.kms.katalon.core.keyword.internal.KeywordExecutor.executeKeywordForPlatform(KeywordExecutor.groovy:74)
	at com.kms.katalon.core.keyword.BuiltinKeywords.callTestCase(BuiltinKeywords.groovy:310)
	at PBL-002.run(PBL-002:20)
	at com.kms.katalon.core.main.ScriptEngine.run(ScriptEngine.java:194)
	at com.kms.katalon.core.main.ScriptEngine.runScriptAsRawText(ScriptEngine.java:119)
	at com.kms.katalon.core.main.TestCaseExecutor.runScript(TestCaseExecutor.java:448)
	at com.kms.katalon.core.main.TestCaseExecutor.doExecute(TestCaseExecutor.java:439)
	at com.kms.katalon.core.main.TestCaseExecutor.processExecutionPhase(TestCaseExecutor.java:418)
	at com.kms.katalon.core.main.TestCaseExecutor.accessMainPhase(TestCaseExecutor.java:410)
	at com.kms.katalon.core.main.TestCaseExecutor.execute(TestCaseExecutor.java:285)
	at com.kms.katalon.core.main.TestCaseMain.runTestCase(TestCaseMain.java:144)
	at com.kms.katalon.core.keyword.builtin.CallTestCaseKeyword$_callTestCase_closure1.doCall(CallTestCaseKeyword.groovy:59)
	... 20 more
Caused by: com.kms.katalon.core.exception.StepFailedException: Unable to click on object 'Object Repository/beli barang/a_Fashion  Busana Wanita'
	at com.kms.katalon.core.webui.keyword.internal.WebUIKeywordMain.stepFailed(WebUIKeywordMain.groovy:64)
	at com.kms.katalon.core.webui.keyword.internal.WebUIKeywordMain.runKeyword(WebUIKeywordMain.groovy:26)
	at com.kms.katalon.core.webui.keyword.builtin.ClickKeyword.click(ClickKeyword.groovy:74)
	at com.kms.katalon.core.webui.keyword.builtin.ClickKeyword.execute(ClickKeyword.groovy:40)
	at com.kms.katalon.core.keyword.internal.KeywordExecutor.executeKeywordForPlatform(KeywordExecutor.groovy:74)
	at com.kms.katalon.core.webui.keyword.WebUiBuiltInKeywords.click(WebUiBuiltInKeywords.groovy:620)
	at com.kms.katalon.core.webui.keyword.WebUiBuiltInKeywords$click$2.call(Unknown Source)
	at PBL-001.run(PBL-001:25)
	at com.kms.katalon.core.main.ScriptEngine.run(ScriptEngine.java:194)
	at com.kms.katalon.core.main.ScriptEngine.runScriptAsRawText(ScriptEngine.java:119)
	at com.kms.katalon.core.main.TestCaseExecutor.runScript(TestCaseExecutor.java:448)
	at com.kms.katalon.core.main.TestCaseExecutor.doExecute(TestCaseExecutor.java:439)
	at com.kms.katalon.core.main.TestCaseExecutor.processExecutionPhase(TestCaseExecutor.java:418)
	at com.kms.katalon.core.main.TestCaseExecutor.accessMainPhase(TestCaseExecutor.java:410)
	at com.kms.katalon.core.main.TestCaseExecutor.execute(TestCaseExecutor.java:285)
	at com.kms.katalon.core.main.TestCaseMain.runTestCase(TestCaseMain.java:144)
	at com.kms.katalon.core.keyword.builtin.CallTestCaseKeyword$_callTestCase_closure1.doCall(CallTestCaseKeyword.groovy:59)
	... 36 more
Caused by: org.openqa.selenium.ElementNotInteractableException: Element <a href="https://10.9.2.63/ecommerce/produk/kategori/fashion--busana-wanita"> could not be scrolled into view
Build info: version: '3.141.59', revision: 'e82be7d358', time: '2018-11-14T08:25:53'
System info: host: 'DESKTOP-H62FVJ8', ip: '10.9.2.72', os.name: 'Windows 10', os.arch: 'amd64', os.version: '10.0', java.version: '1.8.0_362'
Driver info: com.kms.katalon.core.webui.driver.firefox.CGeckoDriver
Capabilities {acceptInsecureCerts: true, browserName: firefox, browserVersion: 117.0.1, javascriptEnabled: true, moz:accessibilityChecks: false, moz:buildID: 20230912013654, moz:geckodriverVersion: 0.33.0, moz:headless: false, moz:platformVersion: 10.0, moz:processID: 14484, moz:profile: C:\Users\IRFAN\AppData\Loca..., moz:shutdownTimeout: 60000, moz:webdriverClick: true, moz:windowless: false, pageLoadStrategy: normal, platform: WINDOWS, platformName: WINDOWS, proxy: Proxy(direct), setWindowRect: true, strictFileInteractability: false, timeouts: {implicit: 0, pageLoad: 300000, script: 30000}, unhandledPromptBehavior: dismiss and notify}
Session ID: f8fb90f0-5c29-4488-aeda-2660cc51fcd9
	at org.openqa.selenium.remote.http.W3CHttpResponseCodec.createException(W3CHttpResponseCodec.java:187)
	at org.openqa.selenium.remote.http.W3CHttpResponseCodec.decode(W3CHttpResponseCodec.java:122)
	at org.openqa.selenium.remote.http.W3CHttpResponseCodec.decode(W3CHttpResponseCodec.java:49)
	at org.openqa.selenium.remote.HttpCommandExecutor.execute(HttpCommandExecutor.java:158)
	at org.openqa.selenium.remote.service.DriverCommandExecutor.execute(DriverCommandExecutor.java:83)
	at org.openqa.selenium.remote.RemoteWebDriver.execute(RemoteWebDriver.java:552)
	at com.kms.katalon.selenium.driver.CFirefoxDriver.execute(CFirefoxDriver.java:27)
	at org.openqa.selenium.remote.RemoteWebElement.execute(RemoteWebElement.java:285)
	at org.openqa.selenium.remote.RemoteWebElement.click(RemoteWebElement.java:84)
	at org.openqa.selenium.support.events.EventFiringWebDriver$EventFiringWebElement.lambda$new$0(EventFiringWebDriver.java:404)
	at com.sun.proxy.$Proxy11.click(Unknown Source)
	at org.openqa.selenium.support.events.EventFiringWebDriver$EventFiringWebElement.click(EventFiringWebDriver.java:417)
	at org.openqa.selenium.WebElement$click.call(Unknown Source)
	at com.kms.katalon.core.webui.keyword.builtin.ClickKeyword.clickUntilSuccessWithTimeout(ClickKeyword.groovy:81)
	at com.kms.katalon.core.webui.keyword.builtin.ClickKeyword.clickUntilSuccessWithTimeout(ClickKeyword.groovy)
	at com.kms.katalon.core.webui.keyword.builtin.ClickKeyword$_click_closure1.doCall(ClickKeyword.groovy:67)
	at com.kms.katalon.core.webui.keyword.builtin.ClickKeyword$_click_closure1.call(ClickKeyword.groovy)
	at com.kms.katalon.core.webui.keyword.internal.WebUIKeywordMain.runKeyword(WebUIKeywordMain.groovy:20)
	... 51 more


2023-10-04 20:01:25 - [TEST_STEP][FAILED] - data = callTestCase(findTestCase("T13 Pembelian, Shipment dan Pembayaran/PBL-002"), [:], STOP_ON_FAILURE): Unable to call Test Case 'Test Cases/T13 Pembelian, Shipment dan Pembayaran/PBL-002' (Root cause: com.kms.katalon.core.exception.StepFailedException: Call Test Case 'Test Cases/T13 Pembelian, Shipment dan Pembayaran/PBL-002' failed
	at com.kms.katalon.core.keyword.builtin.CallTestCaseKeyword$_callTestCase_closure1.doCall(CallTestCaseKeyword.groovy:63)
	at com.kms.katalon.core.keyword.builtin.CallTestCaseKeyword$_callTestCase_closure1.call(CallTestCaseKeyword.groovy)
	at com.kms.katalon.core.keyword.internal.KeywordMain.runKeyword(KeywordMain.groovy:75)
	at com.kms.katalon.core.keyword.builtin.CallTestCaseKeyword.callTestCase(CallTestCaseKeyword.groovy:81)
	at com.kms.katalon.core.keyword.builtin.CallTestCaseKeyword.execute(CallTestCaseKeyword.groovy:44)
	at com.kms.katalon.core.keyword.internal.KeywordExecutor.executeKeywordForPlatform(KeywordExecutor.groovy:74)
	at com.kms.katalon.core.keyword.BuiltinKeywords.callTestCase(BuiltinKeywords.groovy:310)
	at PBL-005.run(PBL-005:20)
	at com.kms.katalon.core.main.ScriptEngine.run(ScriptEngine.java:194)
	at com.kms.katalon.core.main.ScriptEngine.runScriptAsRawText(ScriptEngine.java:119)
	at com.kms.katalon.core.main.TestCaseExecutor.runScript(TestCaseExecutor.java:448)
	at com.kms.katalon.core.main.TestCaseExecutor.doExecute(TestCaseExecutor.java:439)
	at com.kms.katalon.core.main.TestCaseExecutor.processExecutionPhase(TestCaseExecutor.java:418)
	at com.kms.katalon.core.main.TestCaseExecutor.accessMainPhase(TestCaseExecutor.java:410)
	at com.kms.katalon.core.main.TestCaseExecutor.execute(TestCaseExecutor.java:285)
	at com.kms.katalon.core.common.CommonExecutor.accessTestCaseMainPhase(CommonExecutor.java:65)
	at com.kms.katalon.core.main.TestSuiteExecutor.accessTestSuiteMainPhase(TestSuiteExecutor.java:148)
	at com.kms.katalon.core.main.TestSuiteExecutor.execute(TestSuiteExecutor.java:106)
	at com.kms.katalon.core.main.TestCaseMain.startTestSuite(TestCaseMain.java:187)
	at com.kms.katalon.core.main.TestCaseMain$startTestSuite$0.call(Unknown Source)
	at TempTestSuite1696424348948.run(TempTestSuite1696424348948.groovy:36)
Caused by: com.kms.katalon.core.exception.StepFailedException: Call Test Case 'Test Cases/T13 Pembelian, Shipment dan Pembayaran/PBL-001' failed
	at com.kms.katalon.core.keyword.builtin.CallTestCaseKeyword$_callTestCase_closure1.doCall(CallTestCaseKeyword.groovy:63)
	at com.kms.katalon.core.keyword.builtin.CallTestCaseKeyword$_callTestCase_closure1.call(CallTestCaseKeyword.groovy)
	at com.kms.katalon.core.keyword.internal.KeywordMain.runKeyword(KeywordMain.groovy:75)
	at com.kms.katalon.core.keyword.builtin.CallTestCaseKeyword.callTestCase(CallTestCaseKeyword.groovy:81)
	at com.kms.katalon.core.keyword.builtin.CallTestCaseKeyword.execute(CallTestCaseKeyword.groovy:44)
	at com.kms.katalon.core.keyword.internal.KeywordExecutor.executeKeywordForPlatform(KeywordExecutor.groovy:74)
	at com.kms.katalon.core.keyword.BuiltinKeywords.callTestCase(BuiltinKeywords.groovy:310)
	at PBL-002.run(PBL-002:20)
	at com.kms.katalon.core.main.ScriptEngine.run(ScriptEngine.java:194)
	at com.kms.katalon.core.main.ScriptEngine.runScriptAsRawText(ScriptEngine.java:119)
	at com.kms.katalon.core.main.TestCaseExecutor.runScript(TestCaseExecutor.java:448)
	at com.kms.katalon.core.main.TestCaseExecutor.doExecute(TestCaseExecutor.java:439)
	at com.kms.katalon.core.main.TestCaseExecutor.processExecutionPhase(TestCaseExecutor.java:418)
	at com.kms.katalon.core.main.TestCaseExecutor.accessMainPhase(TestCaseExecutor.java:410)
	at com.kms.katalon.core.main.TestCaseExecutor.execute(TestCaseExecutor.java:285)
	at com.kms.katalon.core.main.TestCaseMain.runTestCase(TestCaseMain.java:144)
	at com.kms.katalon.core.keyword.builtin.CallTestCaseKeyword$_callTestCase_closure1.doCall(CallTestCaseKeyword.groovy:59)
	... 20 more
Caused by: com.kms.katalon.core.exception.StepFailedException: Unable to click on object 'Object Repository/beli barang/a_Fashion  Busana Wanita'
	at com.kms.katalon.core.webui.keyword.internal.WebUIKeywordMain.stepFailed(WebUIKeywordMain.groovy:64)
	at com.kms.katalon.core.webui.keyword.internal.WebUIKeywordMain.runKeyword(WebUIKeywordMain.groovy:26)
	at com.kms.katalon.core.webui.keyword.builtin.ClickKeyword.click(ClickKeyword.groovy:74)
	at com.kms.katalon.core.webui.keyword.builtin.ClickKeyword.execute(ClickKeyword.groovy:40)
	at com.kms.katalon.core.keyword.internal.KeywordExecutor.executeKeywordForPlatform(KeywordExecutor.groovy:74)
	at com.kms.katalon.core.webui.keyword.WebUiBuiltInKeywords.click(WebUiBuiltInKeywords.groovy:620)
	at com.kms.katalon.core.webui.keyword.WebUiBuiltInKeywords$click$2.call(Unknown Source)
	at PBL-001.run(PBL-001:25)
	at com.kms.katalon.core.main.ScriptEngine.run(ScriptEngine.java:194)
	at com.kms.katalon.core.main.ScriptEngine.runScriptAsRawText(ScriptEngine.java:119)
	at com.kms.katalon.core.main.TestCaseExecutor.runScript(TestCaseExecutor.java:448)
	at com.kms.katalon.core.main.TestCaseExecutor.doExecute(TestCaseExecutor.java:439)
	at com.kms.katalon.core.main.TestCaseExecutor.processExecutionPhase(TestCaseExecutor.java:418)
	at com.kms.katalon.core.main.TestCaseExecutor.accessMainPhase(TestCaseExecutor.java:410)
	at com.kms.katalon.core.main.TestCaseExecutor.execute(TestCaseExecutor.java:285)
	at com.kms.katalon.core.main.TestCaseMain.runTestCase(TestCaseMain.java:144)
	at com.kms.katalon.core.keyword.builtin.CallTestCaseKeyword$_callTestCase_closure1.doCall(CallTestCaseKeyword.groovy:59)
	... 36 more
Caused by: org.openqa.selenium.ElementNotInteractableException: Element <a href="https://10.9.2.63/ecommerce/produk/kategori/fashion--busana-wanita"> could not be scrolled into view
Build info: version: '3.141.59', revision: 'e82be7d358', time: '2018-11-14T08:25:53'
System info: host: 'DESKTOP-H62FVJ8', ip: '10.9.2.72', os.name: 'Windows 10', os.arch: 'amd64', os.version: '10.0', java.version: '1.8.0_362'
Driver info: com.kms.katalon.core.webui.driver.firefox.CGeckoDriver
Capabilities {acceptInsecureCerts: true, browserName: firefox, browserVersion: 117.0.1, javascriptEnabled: true, moz:accessibilityChecks: false, moz:buildID: 20230912013654, moz:geckodriverVersion: 0.33.0, moz:headless: false, moz:platformVersion: 10.0, moz:processID: 14484, moz:profile: C:\Users\IRFAN\AppData\Loca..., moz:shutdownTimeout: 60000, moz:webdriverClick: true, moz:windowless: false, pageLoadStrategy: normal, platform: WINDOWS, platformName: WINDOWS, proxy: Proxy(direct), setWindowRect: true, strictFileInteractability: false, timeouts: {implicit: 0, pageLoad: 300000, script: 30000}, unhandledPromptBehavior: dismiss and notify}
Session ID: f8fb90f0-5c29-4488-aeda-2660cc51fcd9
	at org.openqa.selenium.remote.http.W3CHttpResponseCodec.createException(W3CHttpResponseCodec.java:187)
	at org.openqa.selenium.remote.http.W3CHttpResponseCodec.decode(W3CHttpResponseCodec.java:122)
	at org.openqa.selenium.remote.http.W3CHttpResponseCodec.decode(W3CHttpResponseCodec.java:49)
	at org.openqa.selenium.remote.HttpCommandExecutor.execute(HttpCommandExecutor.java:158)
	at org.openqa.selenium.remote.service.DriverCommandExecutor.execute(DriverCommandExecutor.java:83)
	at org.openqa.selenium.remote.RemoteWebDriver.execute(RemoteWebDriver.java:552)
	at com.kms.katalon.selenium.driver.CFirefoxDriver.execute(CFirefoxDriver.java:27)
	at org.openqa.selenium.remote.RemoteWebElement.execute(RemoteWebElement.java:285)
	at org.openqa.selenium.remote.RemoteWebElement.click(RemoteWebElement.java:84)
	at org.openqa.selenium.support.events.EventFiringWebDriver$EventFiringWebElement.lambda$new$0(EventFiringWebDriver.java:404)
	at com.sun.proxy.$Proxy11.click(Unknown Source)
	at org.openqa.selenium.support.events.EventFiringWebDriver$EventFiringWebElement.click(EventFiringWebDriver.java:417)
	at org.openqa.selenium.WebElement$click.call(Unknown Source)
	at com.kms.katalon.core.webui.keyword.builtin.ClickKeyword.clickUntilSuccessWithTimeout(ClickKeyword.groovy:81)
	at com.kms.katalon.core.webui.keyword.builtin.ClickKeyword.clickUntilSuccessWithTimeout(ClickKeyword.groovy)
	at com.kms.katalon.core.webui.keyword.builtin.ClickKeyword$_click_closure1.doCall(ClickKeyword.groovy:67)
	at com.kms.katalon.core.webui.keyword.builtin.ClickKeyword$_click_closure1.call(ClickKeyword.groovy)
	at com.kms.katalon.core.webui.keyword.internal.WebUIKeywordMain.runKeyword(WebUIKeywordMain.groovy:20)
	... 51 more
)

2023-10-04 20:01:25 - [TEST_CASE][FAILED] - Test Cases/T13 Pembelian, Shipment dan Pembayaran/PBL-002: Test Cases/T13 Pembelian, Shipment dan Pembayaran/PBL-002 FAILED.
Reason:
com.kms.katalon.core.exception.StepFailedException: Call Test Case 'Test Cases/T13 Pembelian, Shipment dan Pembayaran/PBL-001' failed
	at com.kms.katalon.core.keyword.builtin.CallTestCaseKeyword$_callTestCase_closure1.doCall(CallTestCaseKeyword.groovy:63)
	at com.kms.katalon.core.keyword.builtin.CallTestCaseKeyword$_callTestCase_closure1.call(CallTestCaseKeyword.groovy)
	at com.kms.katalon.core.keyword.internal.KeywordMain.runKeyword(KeywordMain.groovy:75)
	at com.kms.katalon.core.keyword.builtin.CallTestCaseKeyword.callTestCase(CallTestCaseKeyword.groovy:81)
	at com.kms.katalon.core.keyword.builtin.CallTestCaseKeyword.execute(CallTestCaseKeyword.groovy:44)
	at com.kms.katalon.core.keyword.internal.KeywordExecutor.executeKeywordForPlatform(KeywordExecutor.groovy:74)
	at com.kms.katalon.core.keyword.BuiltinKeywords.callTestCase(BuiltinKeywords.groovy:310)
	at PBL-002.run(PBL-002:20)
	at com.kms.katalon.core.main.ScriptEngine.run(ScriptEngine.java:194)
	at com.kms.katalon.core.main.ScriptEngine.runScriptAsRawText(ScriptEngine.java:119)
	at com.kms.katalon.core.main.TestCaseExecutor.runScript(TestCaseExecutor.java:448)
	at com.kms.katalon.core.main.TestCaseExecutor.doExecute(TestCaseExecutor.java:439)
	at com.kms.katalon.core.main.TestCaseExecutor.processExecutionPhase(TestCaseExecutor.java:418)
	at com.kms.katalon.core.main.TestCaseExecutor.accessMainPhase(TestCaseExecutor.java:410)
	at com.kms.katalon.core.main.TestCaseExecutor.execute(TestCaseExecutor.java:285)
	at com.kms.katalon.core.main.TestCaseMain.runTestCase(TestCaseMain.java:144)
	at com.kms.katalon.core.keyword.builtin.CallTestCaseKeyword$_callTestCase_closure1.doCall(CallTestCaseKeyword.groovy:59)
	at com.kms.katalon.core.keyword.builtin.CallTestCaseKeyword$_callTestCase_closure1.call(CallTestCaseKeyword.groovy)
	at com.kms.katalon.core.keyword.internal.KeywordMain.runKeyword(KeywordMain.groovy:75)
	at com.kms.katalon.core.keyword.builtin.CallTestCaseKeyword.callTestCase(CallTestCaseKeyword.groovy:81)
	at com.kms.katalon.core.keyword.builtin.CallTestCaseKeyword.execute(CallTestCaseKeyword.groovy:44)
	at com.kms.katalon.core.keyword.internal.KeywordExecutor.executeKeywordForPlatform(KeywordExecutor.groovy:74)
	at com.kms.katalon.core.keyword.BuiltinKeywords.callTestCase(BuiltinKeywords.groovy:310)
	at PBL-005.run(PBL-005:20)
	at com.kms.katalon.core.main.ScriptEngine.run(ScriptEngine.java:194)
	at com.kms.katalon.core.main.ScriptEngine.runScriptAsRawText(ScriptEngine.java:119)
	at com.kms.katalon.core.main.TestCaseExecutor.runScript(TestCaseExecutor.java:448)
	at com.kms.katalon.core.main.TestCaseExecutor.doExecute(TestCaseExecutor.java:439)
	at com.kms.katalon.core.main.TestCaseExecutor.processExecutionPhase(TestCaseExecutor.java:418)
	at com.kms.katalon.core.main.TestCaseExecutor.accessMainPhase(TestCaseExecutor.java:410)
	at com.kms.katalon.core.main.TestCaseExecutor.execute(TestCaseExecutor.java:285)
	at com.kms.katalon.core.common.CommonExecutor.accessTestCaseMainPhase(CommonExecutor.java:65)
	at com.kms.katalon.core.main.TestSuiteExecutor.accessTestSuiteMainPhase(TestSuiteExecutor.java:148)
	at com.kms.katalon.core.main.TestSuiteExecutor.execute(TestSuiteExecutor.java:106)
	at com.kms.katalon.core.main.TestCaseMain.startTestSuite(TestCaseMain.java:187)
	at com.kms.katalon.core.main.TestCaseMain$startTestSuite$0.call(Unknown Source)
	at TempTestSuite1696424348948.run(TempTestSuite1696424348948.groovy:36)
Caused by: com.kms.katalon.core.exception.StepFailedException: Unable to click on object 'Object Repository/beli barang/a_Fashion  Busana Wanita'
	at com.kms.katalon.core.webui.keyword.internal.WebUIKeywordMain.stepFailed(WebUIKeywordMain.groovy:64)
	at com.kms.katalon.core.webui.keyword.internal.WebUIKeywordMain.runKeyword(WebUIKeywordMain.groovy:26)
	at com.kms.katalon.core.webui.keyword.builtin.ClickKeyword.click(ClickKeyword.groovy:74)
	at com.kms.katalon.core.webui.keyword.builtin.ClickKeyword.execute(ClickKeyword.groovy:40)
	at com.kms.katalon.core.keyword.internal.KeywordExecutor.executeKeywordForPlatform(KeywordExecutor.groovy:74)
	at com.kms.katalon.core.webui.keyword.WebUiBuiltInKeywords.click(WebUiBuiltInKeywords.groovy:620)
	at com.kms.katalon.core.webui.keyword.WebUiBuiltInKeywords$click$2.call(Unknown Source)
	at PBL-001.run(PBL-001:25)
	at com.kms.katalon.core.main.ScriptEngine.run(ScriptEngine.java:194)
	at com.kms.katalon.core.main.ScriptEngine.runScriptAsRawText(ScriptEngine.java:119)
	at com.kms.katalon.core.main.TestCaseExecutor.runScript(TestCaseExecutor.java:448)
	at com.kms.katalon.core.main.TestCaseExecutor.doExecute(TestCaseExecutor.java:439)
	at com.kms.katalon.core.main.TestCaseExecutor.processExecutionPhase(TestCaseExecutor.java:418)
	at com.kms.katalon.core.main.TestCaseExecutor.accessMainPhase(TestCaseExecutor.java:410)
	at com.kms.katalon.core.main.TestCaseExecutor.execute(TestCaseExecutor.java:285)
	at com.kms.katalon.core.main.TestCaseMain.runTestCase(TestCaseMain.java:144)
	at com.kms.katalon.core.keyword.builtin.CallTestCaseKeyword$_callTestCase_closure1.doCall(CallTestCaseKeyword.groovy:59)
	... 36 more
Caused by: org.openqa.selenium.ElementNotInteractableException: Element <a href="https://10.9.2.63/ecommerce/produk/kategori/fashion--busana-wanita"> could not be scrolled into view
Build info: version: '3.141.59', revision: 'e82be7d358', time: '2018-11-14T08:25:53'
System info: host: 'DESKTOP-H62FVJ8', ip: '10.9.2.72', os.name: 'Windows 10', os.arch: 'amd64', os.version: '10.0', java.version: '1.8.0_362'
Driver info: com.kms.katalon.core.webui.driver.firefox.CGeckoDriver
Capabilities {acceptInsecureCerts: true, browserName: firefox, browserVersion: 117.0.1, javascriptEnabled: true, moz:accessibilityChecks: false, moz:buildID: 20230912013654, moz:geckodriverVersion: 0.33.0, moz:headless: false, moz:platformVersion: 10.0, moz:processID: 14484, moz:profile: C:\Users\IRFAN\AppData\Loca..., moz:shutdownTimeout: 60000, moz:webdriverClick: true, moz:windowless: false, pageLoadStrategy: normal, platform: WINDOWS, platformName: WINDOWS, proxy: Proxy(direct), setWindowRect: true, strictFileInteractability: false, timeouts: {implicit: 0, pageLoad: 300000, script: 30000}, unhandledPromptBehavior: dismiss and notify}
Session ID: f8fb90f0-5c29-4488-aeda-2660cc51fcd9
	at org.openqa.selenium.remote.http.W3CHttpResponseCodec.createException(W3CHttpResponseCodec.java:187)
	at org.openqa.selenium.remote.http.W3CHttpResponseCodec.decode(W3CHttpResponseCodec.java:122)
	at org.openqa.selenium.remote.http.W3CHttpResponseCodec.decode(W3CHttpResponseCodec.java:49)
	at org.openqa.selenium.remote.HttpCommandExecutor.execute(HttpCommandExecutor.java:158)
	at org.openqa.selenium.remote.service.DriverCommandExecutor.execute(DriverCommandExecutor.java:83)
	at org.openqa.selenium.remote.RemoteWebDriver.execute(RemoteWebDriver.java:552)
	at com.kms.katalon.selenium.driver.CFirefoxDriver.execute(CFirefoxDriver.java:27)
	at org.openqa.selenium.remote.RemoteWebElement.execute(RemoteWebElement.java:285)
	at org.openqa.selenium.remote.RemoteWebElement.click(RemoteWebElement.java:84)
	at org.openqa.selenium.support.events.EventFiringWebDriver$EventFiringWebElement.lambda$new$0(EventFiringWebDriver.java:404)
	at com.sun.proxy.$Proxy11.click(Unknown Source)
	at org.openqa.selenium.support.events.EventFiringWebDriver$EventFiringWebElement.click(EventFiringWebDriver.java:417)
	at org.openqa.selenium.WebElement$click.call(Unknown Source)
	at com.kms.katalon.core.webui.keyword.builtin.ClickKeyword.clickUntilSuccessWithTimeout(ClickKeyword.groovy:81)
	at com.kms.katalon.core.webui.keyword.builtin.ClickKeyword.clickUntilSuccessWithTimeout(ClickKeyword.groovy)
	at com.kms.katalon.core.webui.keyword.builtin.ClickKeyword$_click_closure1.doCall(ClickKeyword.groovy:67)
	at com.kms.katalon.core.webui.keyword.builtin.ClickKeyword$_click_closure1.call(ClickKeyword.groovy)
	at com.kms.katalon.core.webui.keyword.internal.WebUIKeywordMain.runKeyword(WebUIKeywordMain.groovy:20)
	... 51 more


2023-10-04 20:01:25 - [TEST_STEP][FAILED] - data = callTestCase(findTestCase("T13 Pembelian, Shipment dan Pembayaran/PBL-001"), [:], STOP_ON_FAILURE): Unable to call Test Case 'Test Cases/T13 Pembelian, Shipment dan Pembayaran/PBL-001' (Root cause: com.kms.katalon.core.exception.StepFailedException: Call Test Case 'Test Cases/T13 Pembelian, Shipment dan Pembayaran/PBL-001' failed
	at com.kms.katalon.core.keyword.builtin.CallTestCaseKeyword$_callTestCase_closure1.doCall(CallTestCaseKeyword.groovy:63)
	at com.kms.katalon.core.keyword.builtin.CallTestCaseKeyword$_callTestCase_closure1.call(CallTestCaseKeyword.groovy)
	at com.kms.katalon.core.keyword.internal.KeywordMain.runKeyword(KeywordMain.groovy:75)
	at com.kms.katalon.core.keyword.builtin.CallTestCaseKeyword.callTestCase(CallTestCaseKeyword.groovy:81)
	at com.kms.katalon.core.keyword.builtin.CallTestCaseKeyword.execute(CallTestCaseKeyword.groovy:44)
	at com.kms.katalon.core.keyword.internal.KeywordExecutor.executeKeywordForPlatform(KeywordExecutor.groovy:74)
	at com.kms.katalon.core.keyword.BuiltinKeywords.callTestCase(BuiltinKeywords.groovy:310)
	at PBL-002.run(PBL-002:20)
	at com.kms.katalon.core.main.ScriptEngine.run(ScriptEngine.java:194)
	at com.kms.katalon.core.main.ScriptEngine.runScriptAsRawText(ScriptEngine.java:119)
	at com.kms.katalon.core.main.TestCaseExecutor.runScript(TestCaseExecutor.java:448)
	at com.kms.katalon.core.main.TestCaseExecutor.doExecute(TestCaseExecutor.java:439)
	at com.kms.katalon.core.main.TestCaseExecutor.processExecutionPhase(TestCaseExecutor.java:418)
	at com.kms.katalon.core.main.TestCaseExecutor.accessMainPhase(TestCaseExecutor.java:410)
	at com.kms.katalon.core.main.TestCaseExecutor.execute(TestCaseExecutor.java:285)
	at com.kms.katalon.core.main.TestCaseMain.runTestCase(TestCaseMain.java:144)
	at com.kms.katalon.core.keyword.builtin.CallTestCaseKeyword$_callTestCase_closure1.doCall(CallTestCaseKeyword.groovy:59)
	at com.kms.katalon.core.keyword.builtin.CallTestCaseKeyword$_callTestCase_closure1.call(CallTestCaseKeyword.groovy)
	at com.kms.katalon.core.keyword.internal.KeywordMain.runKeyword(KeywordMain.groovy:75)
	at com.kms.katalon.core.keyword.builtin.CallTestCaseKeyword.callTestCase(CallTestCaseKeyword.groovy:81)
	at com.kms.katalon.core.keyword.builtin.CallTestCaseKeyword.execute(CallTestCaseKeyword.groovy:44)
	at com.kms.katalon.core.keyword.internal.KeywordExecutor.executeKeywordForPlatform(KeywordExecutor.groovy:74)
	at com.kms.katalon.core.keyword.BuiltinKeywords.callTestCase(BuiltinKeywords.groovy:310)
	at PBL-005.run(PBL-005:20)
	at com.kms.katalon.core.main.ScriptEngine.run(ScriptEngine.java:194)
	at com.kms.katalon.core.main.ScriptEngine.runScriptAsRawText(ScriptEngine.java:119)
	at com.kms.katalon.core.main.TestCaseExecutor.runScript(TestCaseExecutor.java:448)
	at com.kms.katalon.core.main.TestCaseExecutor.doExecute(TestCaseExecutor.java:439)
	at com.kms.katalon.core.main.TestCaseExecutor.processExecutionPhase(TestCaseExecutor.java:418)
	at com.kms.katalon.core.main.TestCaseExecutor.accessMainPhase(TestCaseExecutor.java:410)
	at com.kms.katalon.core.main.TestCaseExecutor.execute(TestCaseExecutor.java:285)
	at com.kms.katalon.core.common.CommonExecutor.accessTestCaseMainPhase(CommonExecutor.java:65)
	at com.kms.katalon.core.main.TestSuiteExecutor.accessTestSuiteMainPhase(TestSuiteExecutor.java:148)
	at com.kms.katalon.core.main.TestSuiteExecutor.execute(TestSuiteExecutor.java:106)
	at com.kms.katalon.core.main.TestCaseMain.startTestSuite(TestCaseMain.java:187)
	at com.kms.katalon.core.main.TestCaseMain$startTestSuite$0.call(Unknown Source)
	at TempTestSuite1696424348948.run(TempTestSuite1696424348948.groovy:36)
Caused by: com.kms.katalon.core.exception.StepFailedException: Unable to click on object 'Object Repository/beli barang/a_Fashion  Busana Wanita'
	at com.kms.katalon.core.webui.keyword.internal.WebUIKeywordMain.stepFailed(WebUIKeywordMain.groovy:64)
	at com.kms.katalon.core.webui.keyword.internal.WebUIKeywordMain.runKeyword(WebUIKeywordMain.groovy:26)
	at com.kms.katalon.core.webui.keyword.builtin.ClickKeyword.click(ClickKeyword.groovy:74)
	at com.kms.katalon.core.webui.keyword.builtin.ClickKeyword.execute(ClickKeyword.groovy:40)
	at com.kms.katalon.core.keyword.internal.KeywordExecutor.executeKeywordForPlatform(KeywordExecutor.groovy:74)
	at com.kms.katalon.core.webui.keyword.WebUiBuiltInKeywords.click(WebUiBuiltInKeywords.groovy:620)
	at com.kms.katalon.core.webui.keyword.WebUiBuiltInKeywords$click$2.call(Unknown Source)
	at PBL-001.run(PBL-001:25)
	at com.kms.katalon.core.main.ScriptEngine.run(ScriptEngine.java:194)
	at com.kms.katalon.core.main.ScriptEngine.runScriptAsRawText(ScriptEngine.java:119)
	at com.kms.katalon.core.main.TestCaseExecutor.runScript(TestCaseExecutor.java:448)
	at com.kms.katalon.core.main.TestCaseExecutor.doExecute(TestCaseExecutor.java:439)
	at com.kms.katalon.core.main.TestCaseExecutor.processExecutionPhase(TestCaseExecutor.java:418)
	at com.kms.katalon.core.main.TestCaseExecutor.accessMainPhase(TestCaseExecutor.java:410)
	at com.kms.katalon.core.main.TestCaseExecutor.execute(TestCaseExecutor.java:285)
	at com.kms.katalon.core.main.TestCaseMain.runTestCase(TestCaseMain.java:144)
	at com.kms.katalon.core.keyword.builtin.CallTestCaseKeyword$_callTestCase_closure1.doCall(CallTestCaseKeyword.groovy:59)
	... 36 more
Caused by: org.openqa.selenium.ElementNotInteractableException: Element <a href="https://10.9.2.63/ecommerce/produk/kategori/fashion--busana-wanita"> could not be scrolled into view
Build info: version: '3.141.59', revision: 'e82be7d358', time: '2018-11-14T08:25:53'
System info: host: 'DESKTOP-H62FVJ8', ip: '10.9.2.72', os.name: 'Windows 10', os.arch: 'amd64', os.version: '10.0', java.version: '1.8.0_362'
Driver info: com.kms.katalon.core.webui.driver.firefox.CGeckoDriver
Capabilities {acceptInsecureCerts: true, browserName: firefox, browserVersion: 117.0.1, javascriptEnabled: true, moz:accessibilityChecks: false, moz:buildID: 20230912013654, moz:geckodriverVersion: 0.33.0, moz:headless: false, moz:platformVersion: 10.0, moz:processID: 14484, moz:profile: C:\Users\IRFAN\AppData\Loca..., moz:shutdownTimeout: 60000, moz:webdriverClick: true, moz:windowless: false, pageLoadStrategy: normal, platform: WINDOWS, platformName: WINDOWS, proxy: Proxy(direct), setWindowRect: true, strictFileInteractability: false, timeouts: {implicit: 0, pageLoad: 300000, script: 30000}, unhandledPromptBehavior: dismiss and notify}
Session ID: f8fb90f0-5c29-4488-aeda-2660cc51fcd9
	at org.openqa.selenium.remote.http.W3CHttpResponseCodec.createException(W3CHttpResponseCodec.java:187)
	at org.openqa.selenium.remote.http.W3CHttpResponseCodec.decode(W3CHttpResponseCodec.java:122)
	at org.openqa.selenium.remote.http.W3CHttpResponseCodec.decode(W3CHttpResponseCodec.java:49)
	at org.openqa.selenium.remote.HttpCommandExecutor.execute(HttpCommandExecutor.java:158)
	at org.openqa.selenium.remote.service.DriverCommandExecutor.execute(DriverCommandExecutor.java:83)
	at org.openqa.selenium.remote.RemoteWebDriver.execute(RemoteWebDriver.java:552)
	at com.kms.katalon.selenium.driver.CFirefoxDriver.execute(CFirefoxDriver.java:27)
	at org.openqa.selenium.remote.RemoteWebElement.execute(RemoteWebElement.java:285)
	at org.openqa.selenium.remote.RemoteWebElement.click(RemoteWebElement.java:84)
	at org.openqa.selenium.support.events.EventFiringWebDriver$EventFiringWebElement.lambda$new$0(EventFiringWebDriver.java:404)
	at com.sun.proxy.$Proxy11.click(Unknown Source)
	at org.openqa.selenium.support.events.EventFiringWebDriver$EventFiringWebElement.click(EventFiringWebDriver.java:417)
	at org.openqa.selenium.WebElement$click.call(Unknown Source)
	at com.kms.katalon.core.webui.keyword.builtin.ClickKeyword.clickUntilSuccessWithTimeout(ClickKeyword.groovy:81)
	at com.kms.katalon.core.webui.keyword.builtin.ClickKeyword.clickUntilSuccessWithTimeout(ClickKeyword.groovy)
	at com.kms.katalon.core.webui.keyword.builtin.ClickKeyword$_click_closure1.doCall(ClickKeyword.groovy:67)
	at com.kms.katalon.core.webui.keyword.builtin.ClickKeyword$_click_closure1.call(ClickKeyword.groovy)
	at com.kms.katalon.core.webui.keyword.internal.WebUIKeywordMain.runKeyword(WebUIKeywordMain.groovy:20)
	... 51 more
)

2023-10-04 20:01:25 - [TEST_CASE][FAILED] - Test Cases/T13 Pembelian, Shipment dan Pembayaran/PBL-001: Test Cases/T13 Pembelian, Shipment dan Pembayaran/PBL-001 FAILED.
Reason:
com.kms.katalon.core.exception.StepFailedException: Unable to click on object 'Object Repository/beli barang/a_Fashion  Busana Wanita'
	at com.kms.katalon.core.webui.keyword.internal.WebUIKeywordMain.stepFailed(WebUIKeywordMain.groovy:64)
	at com.kms.katalon.core.webui.keyword.internal.WebUIKeywordMain.runKeyword(WebUIKeywordMain.groovy:26)
	at com.kms.katalon.core.webui.keyword.builtin.ClickKeyword.click(ClickKeyword.groovy:74)
	at com.kms.katalon.core.webui.keyword.builtin.ClickKeyword.execute(ClickKeyword.groovy:40)
	at com.kms.katalon.core.keyword.internal.KeywordExecutor.executeKeywordForPlatform(KeywordExecutor.groovy:74)
	at com.kms.katalon.core.webui.keyword.WebUiBuiltInKeywords.click(WebUiBuiltInKeywords.groovy:620)
	at com.kms.katalon.core.webui.keyword.WebUiBuiltInKeywords$click$2.call(Unknown Source)
	at PBL-001.run(PBL-001:25)
	at com.kms.katalon.core.main.ScriptEngine.run(ScriptEngine.java:194)
	at com.kms.katalon.core.main.ScriptEngine.runScriptAsRawText(ScriptEngine.java:119)
	at com.kms.katalon.core.main.TestCaseExecutor.runScript(TestCaseExecutor.java:448)
	at com.kms.katalon.core.main.TestCaseExecutor.doExecute(TestCaseExecutor.java:439)
	at com.kms.katalon.core.main.TestCaseExecutor.processExecutionPhase(TestCaseExecutor.java:418)
	at com.kms.katalon.core.main.TestCaseExecutor.accessMainPhase(TestCaseExecutor.java:410)
	at com.kms.katalon.core.main.TestCaseExecutor.execute(TestCaseExecutor.java:285)
	at com.kms.katalon.core.main.TestCaseMain.runTestCase(TestCaseMain.java:144)
	at com.kms.katalon.core.keyword.builtin.CallTestCaseKeyword$_callTestCase_closure1.doCall(CallTestCaseKeyword.groovy:59)
	at com.kms.katalon.core.keyword.builtin.CallTestCaseKeyword$_callTestCase_closure1.call(CallTestCaseKeyword.groovy)
	at com.kms.katalon.core.keyword.internal.KeywordMain.runKeyword(KeywordMain.groovy:75)
	at com.kms.katalon.core.keyword.builtin.CallTestCaseKeyword.callTestCase(CallTestCaseKeyword.groovy:81)
	at com.kms.katalon.core.keyword.builtin.CallTestCaseKeyword.execute(CallTestCaseKeyword.groovy:44)
	at com.kms.katalon.core.keyword.internal.KeywordExecutor.executeKeywordForPlatform(KeywordExecutor.groovy:74)
	at com.kms.katalon.core.keyword.BuiltinKeywords.callTestCase(BuiltinKeywords.groovy:310)
	at PBL-002.run(PBL-002:20)
	at com.kms.katalon.core.main.ScriptEngine.run(ScriptEngine.java:194)
	at com.kms.katalon.core.main.ScriptEngine.runScriptAsRawText(ScriptEngine.java:119)
	at com.kms.katalon.core.main.TestCaseExecutor.runScript(TestCaseExecutor.java:448)
	at com.kms.katalon.core.main.TestCaseExecutor.doExecute(TestCaseExecutor.java:439)
	at com.kms.katalon.core.main.TestCaseExecutor.processExecutionPhase(TestCaseExecutor.java:418)
	at com.kms.katalon.core.main.TestCaseExecutor.accessMainPhase(TestCaseExecutor.java:410)
	at com.kms.katalon.core.main.TestCaseExecutor.execute(TestCaseExecutor.java:285)
	at com.kms.katalon.core.main.TestCaseMain.runTestCase(TestCaseMain.java:144)
	at com.kms.katalon.core.keyword.builtin.CallTestCaseKeyword$_callTestCase_closure1.doCall(CallTestCaseKeyword.groovy:59)
	at com.kms.katalon.core.keyword.builtin.CallTestCaseKeyword$_callTestCase_closure1.call(CallTestCaseKeyword.groovy)
	at com.kms.katalon.core.keyword.internal.KeywordMain.runKeyword(KeywordMain.groovy:75)
	at com.kms.katalon.core.keyword.builtin.CallTestCaseKeyword.callTestCase(CallTestCaseKeyword.groovy:81)
	at com.kms.katalon.core.keyword.builtin.CallTestCaseKeyword.execute(CallTestCaseKeyword.groovy:44)
	at com.kms.katalon.core.keyword.internal.KeywordExecutor.executeKeywordForPlatform(KeywordExecutor.groovy:74)
	at com.kms.katalon.core.keyword.BuiltinKeywords.callTestCase(BuiltinKeywords.groovy:310)
	at PBL-005.run(PBL-005:20)
	at com.kms.katalon.core.main.ScriptEngine.run(ScriptEngine.java:194)
	at com.kms.katalon.core.main.ScriptEngine.runScriptAsRawText(ScriptEngine.java:119)
	at com.kms.katalon.core.main.TestCaseExecutor.runScript(TestCaseExecutor.java:448)
	at com.kms.katalon.core.main.TestCaseExecutor.doExecute(TestCaseExecutor.java:439)
	at com.kms.katalon.core.main.TestCaseExecutor.processExecutionPhase(TestCaseExecutor.java:418)
	at com.kms.katalon.core.main.TestCaseExecutor.accessMainPhase(TestCaseExecutor.java:410)
	at com.kms.katalon.core.main.TestCaseExecutor.execute(TestCaseExecutor.java:285)
	at com.kms.katalon.core.common.CommonExecutor.accessTestCaseMainPhase(CommonExecutor.java:65)
	at com.kms.katalon.core.main.TestSuiteExecutor.accessTestSuiteMainPhase(TestSuiteExecutor.java:148)
	at com.kms.katalon.core.main.TestSuiteExecutor.execute(TestSuiteExecutor.java:106)
	at com.kms.katalon.core.main.TestCaseMain.startTestSuite(TestCaseMain.java:187)
	at com.kms.katalon.core.main.TestCaseMain$startTestSuite$0.call(Unknown Source)
	at TempTestSuite1696424348948.run(TempTestSuite1696424348948.groovy:36)
Caused by: org.openqa.selenium.ElementNotInteractableException: Element <a href="https://10.9.2.63/ecommerce/produk/kategori/fashion--busana-wanita"> could not be scrolled into view
Build info: version: '3.141.59', revision: 'e82be7d358', time: '2018-11-14T08:25:53'
System info: host: 'DESKTOP-H62FVJ8', ip: '10.9.2.72', os.name: 'Windows 10', os.arch: 'amd64', os.version: '10.0', java.version: '1.8.0_362'
Driver info: com.kms.katalon.core.webui.driver.firefox.CGeckoDriver
Capabilities {acceptInsecureCerts: true, browserName: firefox, browserVersion: 117.0.1, javascriptEnabled: true, moz:accessibilityChecks: false, moz:buildID: 20230912013654, moz:geckodriverVersion: 0.33.0, moz:headless: false, moz:platformVersion: 10.0, moz:processID: 14484, moz:profile: C:\Users\IRFAN\AppData\Loca..., moz:shutdownTimeout: 60000, moz:webdriverClick: true, moz:windowless: false, pageLoadStrategy: normal, platform: WINDOWS, platformName: WINDOWS, proxy: Proxy(direct), setWindowRect: true, strictFileInteractability: false, timeouts: {implicit: 0, pageLoad: 300000, script: 30000}, unhandledPromptBehavior: dismiss and notify}
Session ID: f8fb90f0-5c29-4488-aeda-2660cc51fcd9
	at org.openqa.selenium.remote.http.W3CHttpResponseCodec.createException(W3CHttpResponseCodec.java:187)
	at org.openqa.selenium.remote.http.W3CHttpResponseCodec.decode(W3CHttpResponseCodec.java:122)
	at org.openqa.selenium.remote.http.W3CHttpResponseCodec.decode(W3CHttpResponseCodec.java:49)
	at org.openqa.selenium.remote.HttpCommandExecutor.execute(HttpCommandExecutor.java:158)
	at org.openqa.selenium.remote.service.DriverCommandExecutor.execute(DriverCommandExecutor.java:83)
	at org.openqa.selenium.remote.RemoteWebDriver.execute(RemoteWebDriver.java:552)
	at com.kms.katalon.selenium.driver.CFirefoxDriver.execute(CFirefoxDriver.java:27)
	at org.openqa.selenium.remote.RemoteWebElement.execute(RemoteWebElement.java:285)
	at org.openqa.selenium.remote.RemoteWebElement.click(RemoteWebElement.java:84)
	at org.openqa.selenium.support.events.EventFiringWebDriver$EventFiringWebElement.lambda$new$0(EventFiringWebDriver.java:404)
	at com.sun.proxy.$Proxy11.click(Unknown Source)
	at org.openqa.selenium.support.events.EventFiringWebDriver$EventFiringWebElement.click(EventFiringWebDriver.java:417)
	at org.openqa.selenium.WebElement$click.call(Unknown Source)
	at com.kms.katalon.core.webui.keyword.builtin.ClickKeyword.clickUntilSuccessWithTimeout(ClickKeyword.groovy:81)
	at com.kms.katalon.core.webui.keyword.builtin.ClickKeyword.clickUntilSuccessWithTimeout(ClickKeyword.groovy)
	at com.kms.katalon.core.webui.keyword.builtin.ClickKeyword$_click_closure1.doCall(ClickKeyword.groovy:67)
	at com.kms.katalon.core.webui.keyword.builtin.ClickKeyword$_click_closure1.call(ClickKeyword.groovy)
	at com.kms.katalon.core.webui.keyword.internal.WebUIKeywordMain.runKeyword(WebUIKeywordMain.groovy:20)
	... 51 more


2023-10-04 20:01:25 - [TEST_STEP][PASSED] - callTestCase(findTestCase("T13 Pembelian, Shipment dan Pembayaran/LU-001"), ["username":"irfanafandi", "password":"12345irfan"], STOP_ON_FAILURE): Call Test Case 'Test Cases/T13 Pembelian, Shipment dan Pembayaran/LU-001' successfully

2023-10-04 20:01:25 - [TEST_CASE][PASSED] - Test Cases/T13 Pembelian, Shipment dan Pembayaran/LU-001: Test Cases/T13 Pembelian, Shipment dan Pembayaran/LU-001

2023-10-04 20:01:25 - [TEST_STEP][PASSED] - openBrowser("https://10.9.2.63/ecommerce/"): Browser is opened with url: 'https://10.9.2.63/ecommerce/'

2023-10-04 20:01:25 - [MESSAGE][WARNING] - A browser is already opened. Closing browser and opening a new one

2023-10-04 20:01:26 - [MESSAGE][INFO] - Starting 'Firefox' driver

2023-10-04 20:01:26 - [MESSAGE][INFO] - User set preference: ['args', '[--disable-notifications]']

2023-10-04 20:01:26 - [MESSAGE][INFO] - Action delay is set to 0 milliseconds

2023-10-04 20:01:31 - [MESSAGE][PASSED] - Browser is opened with url: 'https://10.9.2.63/ecommerce/'

2023-10-04 20:01:31 - [TEST_STEP][PASSED] - maximizeWindow(): Current window maximized

2023-10-04 20:01:31 - [MESSAGE][PASSED] - Current window maximized

2023-10-04 20:01:31 - [TEST_STEP][PASSED] - verifyElementPresent(findTestObject("Login/Home"), 0): Object 'Object Repository/Login/Home' is present

2023-10-04 20:01:31 - [MESSAGE][WARNING] - Timeout '0' is invalid. Using default page load timeout: '30'

2023-10-04 20:01:31 - [MESSAGE][PASSED] - Object 'Object Repository/Login/Home' is present

2023-10-04 20:01:31 - [TEST_STEP][PASSED] - click(findTestObject("Login/a_Login")): Object: 'Object Repository/Login/a_Login' is clicked on

2023-10-04 20:01:32 - [MESSAGE][PASSED] - Object: 'Object Repository/Login/a_Login' is clicked on

2023-10-04 20:01:32 - [TEST_STEP][PASSED] - verifyElementPresent(findTestObject("Login/Tittle Login"), 0): Object 'Object Repository/Login/Tittle Login' is present

2023-10-04 20:01:32 - [MESSAGE][WARNING] - Timeout '0' is invalid. Using default page load timeout: '30'

2023-10-04 20:01:32 - [MESSAGE][PASSED] - Object 'Object Repository/Login/Tittle Login' is present

2023-10-04 20:01:32 - [TEST_STEP][PASSED] - setText(findTestObject("Login/input_Username, Email atau No. Handphone_a"), username): Text 'irfanafandi' is set on object 'Object Repository/Login/input_Username, Email atau No. Handphone_a'

2023-10-04 20:01:33 - [MESSAGE][PASSED] - Text 'irfanafandi' is set on object 'Object Repository/Login/input_Username, Email atau No. Handphone_a'

2023-10-04 20:01:33 - [TEST_STEP][PASSED] - setText(findTestObject("Login/input_Password_b"), password): Text '12345irfan' is set on object 'Object Repository/Login/input_Password_b'

2023-10-04 20:01:34 - [MESSAGE][PASSED] - Text '12345irfan' is set on object 'Object Repository/Login/input_Password_b'

2023-10-04 20:01:34 - [TEST_STEP][PASSED] - click(findTestObject("Login/label_Ingat saya")): Object: 'Object Repository/Login/label_Ingat saya' is clicked on

2023-10-04 20:01:34 - [MESSAGE][PASSED] - Object: 'Object Repository/Login/label_Ingat saya' is clicked on

2023-10-04 20:01:34 - [TEST_STEP][PASSED] - click(findTestObject("Login/button_Masuk")): Object: 'Object Repository/Login/button_Masuk' is clicked on

2023-10-04 20:01:35 - [MESSAGE][PASSED] - Object: 'Object Repository/Login/button_Masuk' is clicked on

2023-10-04 20:01:35 - [TEST_STEP][PASSED] - verifyElementPresent(findTestObject("Login/li_Profile"), 0): Object 'Object Repository/Login/li_Profile' is present

2023-10-04 20:01:35 - [MESSAGE][WARNING] - Timeout '0' is invalid. Using default page load timeout: '30'

2023-10-04 20:01:36 - [MESSAGE][PASSED] - Object 'Object Repository/Login/li_Profile' is present

2023-10-04 20:01:36 - [MESSAGE][PASSED] - Call Test Case 'Test Cases/T13 Pembelian, Shipment dan Pembayaran/LU-001' successfully

2023-10-04 20:01:36 - [TEST_STEP][PASSED] - mouseOver(findTestObject("beli barang/i_Mulai Belanja_icon-menu")): Object: 'Object Repository/beli barang/i_Mulai Belanja_icon-menu' is hovered

2023-10-04 20:01:36 - [MESSAGE][PASSED] - Object: 'Object Repository/beli barang/i_Mulai Belanja_icon-menu' is hovered

2023-10-04 20:01:36 - [TEST_STEP][FAILED] - click(findTestObject("beli barang/a_Fashion  Busana Wanita")): Unable to click on object 'Object Repository/beli barang/a_Fashion  Busana Wanita' (Root cause: com.kms.katalon.core.exception.StepFailedException: Unable to click on object 'Object Repository/beli barang/a_Fashion  Busana Wanita'
	at com.kms.katalon.core.webui.keyword.internal.WebUIKeywordMain.stepFailed(WebUIKeywordMain.groovy:64)
	at com.kms.katalon.core.webui.keyword.internal.WebUIKeywordMain.runKeyword(WebUIKeywordMain.groovy:26)
	at com.kms.katalon.core.webui.keyword.builtin.ClickKeyword.click(ClickKeyword.groovy:74)
	at com.kms.katalon.core.webui.keyword.builtin.ClickKeyword.execute(ClickKeyword.groovy:40)
	at com.kms.katalon.core.keyword.internal.KeywordExecutor.executeKeywordForPlatform(KeywordExecutor.groovy:74)
	at com.kms.katalon.core.webui.keyword.WebUiBuiltInKeywords.click(WebUiBuiltInKeywords.groovy:620)
	at com.kms.katalon.core.webui.keyword.WebUiBuiltInKeywords$click$2.call(Unknown Source)
	at PBL-001.run(PBL-001:25)
	at com.kms.katalon.core.main.ScriptEngine.run(ScriptEngine.java:194)
	at com.kms.katalon.core.main.ScriptEngine.runScriptAsRawText(ScriptEngine.java:119)
	at com.kms.katalon.core.main.TestCaseExecutor.runScript(TestCaseExecutor.java:448)
	at com.kms.katalon.core.main.TestCaseExecutor.doExecute(TestCaseExecutor.java:439)
	at com.kms.katalon.core.main.TestCaseExecutor.processExecutionPhase(TestCaseExecutor.java:418)
	at com.kms.katalon.core.main.TestCaseExecutor.accessMainPhase(TestCaseExecutor.java:410)
	at com.kms.katalon.core.main.TestCaseExecutor.execute(TestCaseExecutor.java:285)
	at com.kms.katalon.core.main.TestCaseMain.runTestCase(TestCaseMain.java:144)
	at com.kms.katalon.core.keyword.builtin.CallTestCaseKeyword$_callTestCase_closure1.doCall(CallTestCaseKeyword.groovy:59)
	at com.kms.katalon.core.keyword.builtin.CallTestCaseKeyword$_callTestCase_closure1.call(CallTestCaseKeyword.groovy)
	at com.kms.katalon.core.keyword.internal.KeywordMain.runKeyword(KeywordMain.groovy:75)
	at com.kms.katalon.core.keyword.builtin.CallTestCaseKeyword.callTestCase(CallTestCaseKeyword.groovy:81)
	at com.kms.katalon.core.keyword.builtin.CallTestCaseKeyword.execute(CallTestCaseKeyword.groovy:44)
	at com.kms.katalon.core.keyword.internal.KeywordExecutor.executeKeywordForPlatform(KeywordExecutor.groovy:74)
	at com.kms.katalon.core.keyword.BuiltinKeywords.callTestCase(BuiltinKeywords.groovy:310)
	at PBL-002.run(PBL-002:20)
	at com.kms.katalon.core.main.ScriptEngine.run(ScriptEngine.java:194)
	at com.kms.katalon.core.main.ScriptEngine.runScriptAsRawText(ScriptEngine.java:119)
	at com.kms.katalon.core.main.TestCaseExecutor.runScript(TestCaseExecutor.java:448)
	at com.kms.katalon.core.main.TestCaseExecutor.doExecute(TestCaseExecutor.java:439)
	at com.kms.katalon.core.main.TestCaseExecutor.processExecutionPhase(TestCaseExecutor.java:418)
	at com.kms.katalon.core.main.TestCaseExecutor.accessMainPhase(TestCaseExecutor.java:410)
	at com.kms.katalon.core.main.TestCaseExecutor.execute(TestCaseExecutor.java:285)
	at com.kms.katalon.core.main.TestCaseMain.runTestCase(TestCaseMain.java:144)
	at com.kms.katalon.core.keyword.builtin.CallTestCaseKeyword$_callTestCase_closure1.doCall(CallTestCaseKeyword.groovy:59)
	at com.kms.katalon.core.keyword.builtin.CallTestCaseKeyword$_callTestCase_closure1.call(CallTestCaseKeyword.groovy)
	at com.kms.katalon.core.keyword.internal.KeywordMain.runKeyword(KeywordMain.groovy:75)
	at com.kms.katalon.core.keyword.builtin.CallTestCaseKeyword.callTestCase(CallTestCaseKeyword.groovy:81)
	at com.kms.katalon.core.keyword.builtin.CallTestCaseKeyword.execute(CallTestCaseKeyword.groovy:44)
	at com.kms.katalon.core.keyword.internal.KeywordExecutor.executeKeywordForPlatform(KeywordExecutor.groovy:74)
	at com.kms.katalon.core.keyword.BuiltinKeywords.callTestCase(BuiltinKeywords.groovy:310)
	at PBL-005.run(PBL-005:20)
	at com.kms.katalon.core.main.ScriptEngine.run(ScriptEngine.java:194)
	at com.kms.katalon.core.main.ScriptEngine.runScriptAsRawText(ScriptEngine.java:119)
	at com.kms.katalon.core.main.TestCaseExecutor.runScript(TestCaseExecutor.java:448)
	at com.kms.katalon.core.main.TestCaseExecutor.doExecute(TestCaseExecutor.java:439)
	at com.kms.katalon.core.main.TestCaseExecutor.processExecutionPhase(TestCaseExecutor.java:418)
	at com.kms.katalon.core.main.TestCaseExecutor.accessMainPhase(TestCaseExecutor.java:410)
	at com.kms.katalon.core.main.TestCaseExecutor.execute(TestCaseExecutor.java:285)
	at com.kms.katalon.core.common.CommonExecutor.accessTestCaseMainPhase(CommonExecutor.java:65)
	at com.kms.katalon.core.main.TestSuiteExecutor.accessTestSuiteMainPhase(TestSuiteExecutor.java:148)
	at com.kms.katalon.core.main.TestSuiteExecutor.execute(TestSuiteExecutor.java:106)
	at com.kms.katalon.core.main.TestCaseMain.startTestSuite(TestCaseMain.java:187)
	at com.kms.katalon.core.main.TestCaseMain$startTestSuite$0.call(Unknown Source)
	at TempTestSuite1696424348948.run(TempTestSuite1696424348948.groovy:36)
Caused by: org.openqa.selenium.ElementNotInteractableException: Element <a href="https://10.9.2.63/ecommerce/produk/kategori/fashion--busana-wanita"> could not be scrolled into view
Build info: version: '3.141.59', revision: 'e82be7d358', time: '2018-11-14T08:25:53'
System info: host: 'DESKTOP-H62FVJ8', ip: '10.9.2.72', os.name: 'Windows 10', os.arch: 'amd64', os.version: '10.0', java.version: '1.8.0_362'
Driver info: com.kms.katalon.core.webui.driver.firefox.CGeckoDriver
Capabilities {acceptInsecureCerts: true, browserName: firefox, browserVersion: 117.0.1, javascriptEnabled: true, moz:accessibilityChecks: false, moz:buildID: 20230912013654, moz:geckodriverVersion: 0.33.0, moz:headless: false, moz:platformVersion: 10.0, moz:processID: 14484, moz:profile: C:\Users\IRFAN\AppData\Loca..., moz:shutdownTimeout: 60000, moz:webdriverClick: true, moz:windowless: false, pageLoadStrategy: normal, platform: WINDOWS, platformName: WINDOWS, proxy: Proxy(direct), setWindowRect: true, strictFileInteractability: false, timeouts: {implicit: 0, pageLoad: 300000, script: 30000}, unhandledPromptBehavior: dismiss and notify}
Session ID: f8fb90f0-5c29-4488-aeda-2660cc51fcd9
	at org.openqa.selenium.remote.http.W3CHttpResponseCodec.createException(W3CHttpResponseCodec.java:187)
	at org.openqa.selenium.remote.http.W3CHttpResponseCodec.decode(W3CHttpResponseCodec.java:122)
	at org.openqa.selenium.remote.http.W3CHttpResponseCodec.decode(W3CHttpResponseCodec.java:49)
	at org.openqa.selenium.remote.HttpCommandExecutor.execute(HttpCommandExecutor.java:158)
	at org.openqa.selenium.remote.service.DriverCommandExecutor.execute(DriverCommandExecutor.java:83)
	at org.openqa.selenium.remote.RemoteWebDriver.execute(RemoteWebDriver.java:552)
	at com.kms.katalon.selenium.driver.CFirefoxDriver.execute(CFirefoxDriver.java:27)
	at org.openqa.selenium.remote.RemoteWebElement.execute(RemoteWebElement.java:285)
	at org.openqa.selenium.remote.RemoteWebElement.click(RemoteWebElement.java:84)
	at org.openqa.selenium.support.events.EventFiringWebDriver$EventFiringWebElement.lambda$new$0(EventFiringWebDriver.java:404)
	at com.sun.proxy.$Proxy11.click(Unknown Source)
	at org.openqa.selenium.support.events.EventFiringWebDriver$EventFiringWebElement.click(EventFiringWebDriver.java:417)
	at org.openqa.selenium.WebElement$click.call(Unknown Source)
	at com.kms.katalon.core.webui.keyword.builtin.ClickKeyword.clickUntilSuccessWithTimeout(ClickKeyword.groovy:81)
	at com.kms.katalon.core.webui.keyword.builtin.ClickKeyword.clickUntilSuccessWithTimeout(ClickKeyword.groovy)
	at com.kms.katalon.core.webui.keyword.builtin.ClickKeyword$_click_closure1.doCall(ClickKeyword.groovy:67)
	at com.kms.katalon.core.webui.keyword.builtin.ClickKeyword$_click_closure1.call(ClickKeyword.groovy)
	at com.kms.katalon.core.webui.keyword.internal.WebUIKeywordMain.runKeyword(WebUIKeywordMain.groovy:20)
	at com.kms.katalon.core.webui.keyword.builtin.ClickKeyword.click(ClickKeyword.groovy:74)
	at com.kms.katalon.core.webui.keyword.builtin.ClickKeyword.execute(ClickKeyword.groovy:40)
	at com.kms.katalon.core.keyword.internal.KeywordExecutor.executeKeywordForPlatform(KeywordExecutor.groovy:74)
	at com.kms.katalon.core.webui.keyword.WebUiBuiltInKeywords.click(WebUiBuiltInKeywords.groovy:620)
	at com.kms.katalon.core.webui.keyword.WebUiBuiltInKeywords$click$2.call(Unknown Source)
	at Script1695957258534.run(Script1695957258534.groovy:25)
	at com.kms.katalon.core.main.ScriptEngine.run(ScriptEngine.java:194)
	at com.kms.katalon.core.main.ScriptEngine.runScriptAsRawText(ScriptEngine.java:119)
	at com.kms.katalon.core.main.TestCaseExecutor.runScript(TestCaseExecutor.java:448)
	at com.kms.katalon.core.main.TestCaseExecutor.doExecute(TestCaseExecutor.java:439)
	at com.kms.katalon.core.main.TestCaseExecutor.processExecutionPhase(TestCaseExecutor.java:418)
	at com.kms.katalon.core.main.TestCaseExecutor.accessMainPhase(TestCaseExecutor.java:410)
	at com.kms.katalon.core.main.TestCaseExecutor.execute(TestCaseExecutor.java:285)
	at com.kms.katalon.core.main.TestCaseMain.runTestCase(TestCaseMain.java:144)
	at com.kms.katalon.core.keyword.builtin.CallTestCaseKeyword$_callTestCase_closure1.doCall(CallTestCaseKeyword.groovy:59)
	at com.kms.katalon.core.keyword.builtin.CallTestCaseKeyword$_callTestCase_closure1.call(CallTestCaseKeyword.groovy)
	at com.kms.katalon.core.keyword.internal.KeywordMain.runKeyword(KeywordMain.groovy:75)
	at com.kms.katalon.core.keyword.builtin.CallTestCaseKeyword.callTestCase(CallTestCaseKeyword.groovy:81)
	at com.kms.katalon.core.keyword.builtin.CallTestCaseKeyword.execute(CallTestCaseKeyword.groovy:44)
	at com.kms.katalon.core.keyword.internal.KeywordExecutor.executeKeywordForPlatform(KeywordExecutor.groovy:74)
	at com.kms.katalon.core.keyword.BuiltinKeywords.callTestCase(BuiltinKeywords.groovy:310)
	at Script1695957351890.run(Script1695957351890.groovy:20)
	at com.kms.katalon.core.main.ScriptEngine.run(ScriptEngine.java:194)
	at com.kms.katalon.core.main.ScriptEngine.runScriptAsRawText(ScriptEngine.java:119)
	at com.kms.katalon.core.main.TestCaseExecutor.runScript(TestCaseExecutor.java:448)
	at com.kms.katalon.core.main.TestCaseExecutor.doExecute(TestCaseExecutor.java:439)
	at com.kms.katalon.core.main.TestCaseExecutor.processExecutionPhase(TestCaseExecutor.java:418)
	at com.kms.katalon.core.main.TestCaseExecutor.accessMainPhase(TestCaseExecutor.java:410)
	at com.kms.katalon.core.main.TestCaseExecutor.execute(TestCaseExecutor.java:285)
	at com.kms.katalon.core.main.TestCaseMain.runTestCase(TestCaseMain.java:144)
	at com.kms.katalon.core.keyword.builtin.CallTestCaseKeyword$_callTestCase_closure1.doCall(CallTestCaseKeyword.groovy:59)
	at com.kms.katalon.core.keyword.builtin.CallTestCaseKeyword$_callTestCase_closure1.call(CallTestCaseKeyword.groovy)
	at com.kms.katalon.core.keyword.internal.KeywordMain.runKeyword(KeywordMain.groovy:75)
	at com.kms.katalon.core.keyword.builtin.CallTestCaseKeyword.callTestCase(CallTestCaseKeyword.groovy:81)
	at com.kms.katalon.core.keyword.builtin.CallTestCaseKeyword.execute(CallTestCaseKeyword.groovy:44)
	at com.kms.katalon.core.keyword.internal.KeywordExecutor.executeKeywordForPlatform(KeywordExecutor.groovy:74)
	at com.kms.katalon.core.keyword.BuiltinKeywords.callTestCase(BuiltinKeywords.groovy:310)
	at Script1695957648738.run(Script1695957648738.groovy:20)
	... 13 more
)

2023-10-04 20:01:37 - [MESSAGE][FAILED] - Unable to click on object 'Object Repository/beli barang/a_Fashion  Busana Wanita' (Root cause: com.kms.katalon.core.exception.StepFailedException: Unable to click on object 'Object Repository/beli barang/a_Fashion  Busana Wanita'
	at com.kms.katalon.core.webui.keyword.internal.WebUIKeywordMain.stepFailed(WebUIKeywordMain.groovy:64)
	at com.kms.katalon.core.webui.keyword.internal.WebUIKeywordMain.runKeyword(WebUIKeywordMain.groovy:26)
	at com.kms.katalon.core.webui.keyword.builtin.ClickKeyword.click(ClickKeyword.groovy:74)
	at com.kms.katalon.core.webui.keyword.builtin.ClickKeyword.execute(ClickKeyword.groovy:40)
	at com.kms.katalon.core.keyword.internal.KeywordExecutor.executeKeywordForPlatform(KeywordExecutor.groovy:74)
	at com.kms.katalon.core.webui.keyword.WebUiBuiltInKeywords.click(WebUiBuiltInKeywords.groovy:620)
	at com.kms.katalon.core.webui.keyword.WebUiBuiltInKeywords$click$2.call(Unknown Source)
	at PBL-001.run(PBL-001:25)
	at com.kms.katalon.core.main.ScriptEngine.run(ScriptEngine.java:194)
	at com.kms.katalon.core.main.ScriptEngine.runScriptAsRawText(ScriptEngine.java:119)
	at com.kms.katalon.core.main.TestCaseExecutor.runScript(TestCaseExecutor.java:448)
	at com.kms.katalon.core.main.TestCaseExecutor.doExecute(TestCaseExecutor.java:439)
	at com.kms.katalon.core.main.TestCaseExecutor.processExecutionPhase(TestCaseExecutor.java:418)
	at com.kms.katalon.core.main.TestCaseExecutor.accessMainPhase(TestCaseExecutor.java:410)
	at com.kms.katalon.core.main.TestCaseExecutor.execute(TestCaseExecutor.java:285)
	at com.kms.katalon.core.main.TestCaseMain.runTestCase(TestCaseMain.java:144)
	at com.kms.katalon.core.keyword.builtin.CallTestCaseKeyword$_callTestCase_closure1.doCall(CallTestCaseKeyword.groovy:59)
	at com.kms.katalon.core.keyword.builtin.CallTestCaseKeyword$_callTestCase_closure1.call(CallTestCaseKeyword.groovy)
	at com.kms.katalon.core.keyword.internal.KeywordMain.runKeyword(KeywordMain.groovy:75)
	at com.kms.katalon.core.keyword.builtin.CallTestCaseKeyword.callTestCase(CallTestCaseKeyword.groovy:81)
	at com.kms.katalon.core.keyword.builtin.CallTestCaseKeyword.execute(CallTestCaseKeyword.groovy:44)
	at com.kms.katalon.core.keyword.internal.KeywordExecutor.executeKeywordForPlatform(KeywordExecutor.groovy:74)
	at com.kms.katalon.core.keyword.BuiltinKeywords.callTestCase(BuiltinKeywords.groovy:310)
	at PBL-002.run(PBL-002:20)
	at com.kms.katalon.core.main.ScriptEngine.run(ScriptEngine.java:194)
	at com.kms.katalon.core.main.ScriptEngine.runScriptAsRawText(ScriptEngine.java:119)
	at com.kms.katalon.core.main.TestCaseExecutor.runScript(TestCaseExecutor.java:448)
	at com.kms.katalon.core.main.TestCaseExecutor.doExecute(TestCaseExecutor.java:439)
	at com.kms.katalon.core.main.TestCaseExecutor.processExecutionPhase(TestCaseExecutor.java:418)
	at com.kms.katalon.core.main.TestCaseExecutor.accessMainPhase(TestCaseExecutor.java:410)
	at com.kms.katalon.core.main.TestCaseExecutor.execute(TestCaseExecutor.java:285)
	at com.kms.katalon.core.main.TestCaseMain.runTestCase(TestCaseMain.java:144)
	at com.kms.katalon.core.keyword.builtin.CallTestCaseKeyword$_callTestCase_closure1.doCall(CallTestCaseKeyword.groovy:59)
	at com.kms.katalon.core.keyword.builtin.CallTestCaseKeyword$_callTestCase_closure1.call(CallTestCaseKeyword.groovy)
	at com.kms.katalon.core.keyword.internal.KeywordMain.runKeyword(KeywordMain.groovy:75)
	at com.kms.katalon.core.keyword.builtin.CallTestCaseKeyword.callTestCase(CallTestCaseKeyword.groovy:81)
	at com.kms.katalon.core.keyword.builtin.CallTestCaseKeyword.execute(CallTestCaseKeyword.groovy:44)
	at com.kms.katalon.core.keyword.internal.KeywordExecutor.executeKeywordForPlatform(KeywordExecutor.groovy:74)
	at com.kms.katalon.core.keyword.BuiltinKeywords.callTestCase(BuiltinKeywords.groovy:310)
	at PBL-005.run(PBL-005:20)
	at com.kms.katalon.core.main.ScriptEngine.run(ScriptEngine.java:194)
	at com.kms.katalon.core.main.ScriptEngine.runScriptAsRawText(ScriptEngine.java:119)
	at com.kms.katalon.core.main.TestCaseExecutor.runScript(TestCaseExecutor.java:448)
	at com.kms.katalon.core.main.TestCaseExecutor.doExecute(TestCaseExecutor.java:439)
	at com.kms.katalon.core.main.TestCaseExecutor.processExecutionPhase(TestCaseExecutor.java:418)
	at com.kms.katalon.core.main.TestCaseExecutor.accessMainPhase(TestCaseExecutor.java:410)
	at com.kms.katalon.core.main.TestCaseExecutor.execute(TestCaseExecutor.java:285)
	at com.kms.katalon.core.common.CommonExecutor.accessTestCaseMainPhase(CommonExecutor.java:65)
	at com.kms.katalon.core.main.TestSuiteExecutor.accessTestSuiteMainPhase(TestSuiteExecutor.java:148)
	at com.kms.katalon.core.main.TestSuiteExecutor.execute(TestSuiteExecutor.java:106)
	at com.kms.katalon.core.main.TestCaseMain.startTestSuite(TestCaseMain.java:187)
	at com.kms.katalon.core.main.TestCaseMain$startTestSuite$0.call(Unknown Source)
	at TempTestSuite1696424348948.run(TempTestSuite1696424348948.groovy:36)
Caused by: org.openqa.selenium.ElementNotInteractableException: Element <a href="https://10.9.2.63/ecommerce/produk/kategori/fashion--busana-wanita"> could not be scrolled into view
Build info: version: '3.141.59', revision: 'e82be7d358', time: '2018-11-14T08:25:53'
System info: host: 'DESKTOP-H62FVJ8', ip: '10.9.2.72', os.name: 'Windows 10', os.arch: 'amd64', os.version: '10.0', java.version: '1.8.0_362'
Driver info: com.kms.katalon.core.webui.driver.firefox.CGeckoDriver
Capabilities {acceptInsecureCerts: true, browserName: firefox, browserVersion: 117.0.1, javascriptEnabled: true, moz:accessibilityChecks: false, moz:buildID: 20230912013654, moz:geckodriverVersion: 0.33.0, moz:headless: false, moz:platformVersion: 10.0, moz:processID: 14484, moz:profile: C:\Users\IRFAN\AppData\Loca..., moz:shutdownTimeout: 60000, moz:webdriverClick: true, moz:windowless: false, pageLoadStrategy: normal, platform: WINDOWS, platformName: WINDOWS, proxy: Proxy(direct), setWindowRect: true, strictFileInteractability: false, timeouts: {implicit: 0, pageLoad: 300000, script: 30000}, unhandledPromptBehavior: dismiss and notify}
Session ID: f8fb90f0-5c29-4488-aeda-2660cc51fcd9
	at org.openqa.selenium.remote.http.W3CHttpResponseCodec.createException(W3CHttpResponseCodec.java:187)
	at org.openqa.selenium.remote.http.W3CHttpResponseCodec.decode(W3CHttpResponseCodec.java:122)
	at org.openqa.selenium.remote.http.W3CHttpResponseCodec.decode(W3CHttpResponseCodec.java:49)
	at org.openqa.selenium.remote.HttpCommandExecutor.execute(HttpCommandExecutor.java:158)
	at org.openqa.selenium.remote.service.DriverCommandExecutor.execute(DriverCommandExecutor.java:83)
	at org.openqa.selenium.remote.RemoteWebDriver.execute(RemoteWebDriver.java:552)
	at com.kms.katalon.selenium.driver.CFirefoxDriver.execute(CFirefoxDriver.java:27)
	at org.openqa.selenium.remote.RemoteWebElement.execute(RemoteWebElement.java:285)
	at org.openqa.selenium.remote.RemoteWebElement.click(RemoteWebElement.java:84)
	at org.openqa.selenium.support.events.EventFiringWebDriver$EventFiringWebElement.lambda$new$0(EventFiringWebDriver.java:404)
	at com.sun.proxy.$Proxy11.click(Unknown Source)
	at org.openqa.selenium.support.events.EventFiringWebDriver$EventFiringWebElement.click(EventFiringWebDriver.java:417)
	at org.openqa.selenium.WebElement$click.call(Unknown Source)
	at com.kms.katalon.core.webui.keyword.builtin.ClickKeyword.clickUntilSuccessWithTimeout(ClickKeyword.groovy:81)
	at com.kms.katalon.core.webui.keyword.builtin.ClickKeyword.clickUntilSuccessWithTimeout(ClickKeyword.groovy)
	at com.kms.katalon.core.webui.keyword.builtin.ClickKeyword$_click_closure1.doCall(ClickKeyword.groovy:67)
	at com.kms.katalon.core.webui.keyword.builtin.ClickKeyword$_click_closure1.call(ClickKeyword.groovy)
	at com.kms.katalon.core.webui.keyword.internal.WebUIKeywordMain.runKeyword(WebUIKeywordMain.groovy:20)
	at com.kms.katalon.core.webui.keyword.builtin.ClickKeyword.click(ClickKeyword.groovy:74)
	at com.kms.katalon.core.webui.keyword.builtin.ClickKeyword.execute(ClickKeyword.groovy:40)
	at com.kms.katalon.core.keyword.internal.KeywordExecutor.executeKeywordForPlatform(KeywordExecutor.groovy:74)
	at com.kms.katalon.core.webui.keyword.WebUiBuiltInKeywords.click(WebUiBuiltInKeywords.groovy:620)
	at com.kms.katalon.core.webui.keyword.WebUiBuiltInKeywords$click$2.call(Unknown Source)
	at Script1695957258534.run(Script1695957258534.groovy:25)
	at com.kms.katalon.core.main.ScriptEngine.run(ScriptEngine.java:194)
	at com.kms.katalon.core.main.ScriptEngine.runScriptAsRawText(ScriptEngine.java:119)
	at com.kms.katalon.core.main.TestCaseExecutor.runScript(TestCaseExecutor.java:448)
	at com.kms.katalon.core.main.TestCaseExecutor.doExecute(TestCaseExecutor.java:439)
	at com.kms.katalon.core.main.TestCaseExecutor.processExecutionPhase(TestCaseExecutor.java:418)
	at com.kms.katalon.core.main.TestCaseExecutor.accessMainPhase(TestCaseExecutor.java:410)
	at com.kms.katalon.core.main.TestCaseExecutor.execute(TestCaseExecutor.java:285)
	at com.kms.katalon.core.main.TestCaseMain.runTestCase(TestCaseMain.java:144)
	at com.kms.katalon.core.keyword.builtin.CallTestCaseKeyword$_callTestCase_closure1.doCall(CallTestCaseKeyword.groovy:59)
	at com.kms.katalon.core.keyword.builtin.CallTestCaseKeyword$_callTestCase_closure1.call(CallTestCaseKeyword.groovy)
	at com.kms.katalon.core.keyword.internal.KeywordMain.runKeyword(KeywordMain.groovy:75)
	at com.kms.katalon.core.keyword.builtin.CallTestCaseKeyword.callTestCase(CallTestCaseKeyword.groovy:81)
	at com.kms.katalon.core.keyword.builtin.CallTestCaseKeyword.execute(CallTestCaseKeyword.groovy:44)
	at com.kms.katalon.core.keyword.internal.KeywordExecutor.executeKeywordForPlatform(KeywordExecutor.groovy:74)
	at com.kms.katalon.core.keyword.BuiltinKeywords.callTestCase(BuiltinKeywords.groovy:310)
	at Script1695957351890.run(Script1695957351890.groovy:20)
	at com.kms.katalon.core.main.ScriptEngine.run(ScriptEngine.java:194)
	at com.kms.katalon.core.main.ScriptEngine.runScriptAsRawText(ScriptEngine.java:119)
	at com.kms.katalon.core.main.TestCaseExecutor.runScript(TestCaseExecutor.java:448)
	at com.kms.katalon.core.main.TestCaseExecutor.doExecute(TestCaseExecutor.java:439)
	at com.kms.katalon.core.main.TestCaseExecutor.processExecutionPhase(TestCaseExecutor.java:418)
	at com.kms.katalon.core.main.TestCaseExecutor.accessMainPhase(TestCaseExecutor.java:410)
	at com.kms.katalon.core.main.TestCaseExecutor.execute(TestCaseExecutor.java:285)
	at com.kms.katalon.core.main.TestCaseMain.runTestCase(TestCaseMain.java:144)
	at com.kms.katalon.core.keyword.builtin.CallTestCaseKeyword$_callTestCase_closure1.doCall(CallTestCaseKeyword.groovy:59)
	at com.kms.katalon.core.keyword.builtin.CallTestCaseKeyword$_callTestCase_closure1.call(CallTestCaseKeyword.groovy)
	at com.kms.katalon.core.keyword.internal.KeywordMain.runKeyword(KeywordMain.groovy:75)
	at com.kms.katalon.core.keyword.builtin.CallTestCaseKeyword.callTestCase(CallTestCaseKeyword.groovy:81)
	at com.kms.katalon.core.keyword.builtin.CallTestCaseKeyword.execute(CallTestCaseKeyword.groovy:44)
	at com.kms.katalon.core.keyword.internal.KeywordExecutor.executeKeywordForPlatform(KeywordExecutor.groovy:74)
	at com.kms.katalon.core.keyword.BuiltinKeywords.callTestCase(BuiltinKeywords.groovy:310)
	at Script1695957648738.run(Script1695957648738.groovy:20)
	... 13 more
)
[[ATTACHMENT|D:\\BOOTCAMP XSIS\\Projek 2 MINI PROJEK\\Reports\\20231004_190004\\T13 Pembelian, Shipment dan Pembayaran\\T13 Pembelian, Shipment dan Pembayaran\\20231004_195908\\1696424497313.png]]

2023-10-04 20:01:37 - [MESSAGE][FAILED] - Unable to call Test Case 'Test Cases/T13 Pembelian, Shipment dan Pembayaran/PBL-001' (Root cause: com.kms.katalon.core.exception.StepFailedException: Call Test Case 'Test Cases/T13 Pembelian, Shipment dan Pembayaran/PBL-001' failed
	at com.kms.katalon.core.keyword.builtin.CallTestCaseKeyword$_callTestCase_closure1.doCall(CallTestCaseKeyword.groovy:63)
	at com.kms.katalon.core.keyword.builtin.CallTestCaseKeyword$_callTestCase_closure1.call(CallTestCaseKeyword.groovy)
	at com.kms.katalon.core.keyword.internal.KeywordMain.runKeyword(KeywordMain.groovy:75)
	at com.kms.katalon.core.keyword.builtin.CallTestCaseKeyword.callTestCase(CallTestCaseKeyword.groovy:81)
	at com.kms.katalon.core.keyword.builtin.CallTestCaseKeyword.execute(CallTestCaseKeyword.groovy:44)
	at com.kms.katalon.core.keyword.internal.KeywordExecutor.executeKeywordForPlatform(KeywordExecutor.groovy:74)
	at com.kms.katalon.core.keyword.BuiltinKeywords.callTestCase(BuiltinKeywords.groovy:310)
	at PBL-002.run(PBL-002:20)
	at com.kms.katalon.core.main.ScriptEngine.run(ScriptEngine.java:194)
	at com.kms.katalon.core.main.ScriptEngine.runScriptAsRawText(ScriptEngine.java:119)
	at com.kms.katalon.core.main.TestCaseExecutor.runScript(TestCaseExecutor.java:448)
	at com.kms.katalon.core.main.TestCaseExecutor.doExecute(TestCaseExecutor.java:439)
	at com.kms.katalon.core.main.TestCaseExecutor.processExecutionPhase(TestCaseExecutor.java:418)
	at com.kms.katalon.core.main.TestCaseExecutor.accessMainPhase(TestCaseExecutor.java:410)
	at com.kms.katalon.core.main.TestCaseExecutor.execute(TestCaseExecutor.java:285)
	at com.kms.katalon.core.main.TestCaseMain.runTestCase(TestCaseMain.java:144)
	at com.kms.katalon.core.keyword.builtin.CallTestCaseKeyword$_callTestCase_closure1.doCall(CallTestCaseKeyword.groovy:59)
	at com.kms.katalon.core.keyword.builtin.CallTestCaseKeyword$_callTestCase_closure1.call(CallTestCaseKeyword.groovy)
	at com.kms.katalon.core.keyword.internal.KeywordMain.runKeyword(KeywordMain.groovy:75)
	at com.kms.katalon.core.keyword.builtin.CallTestCaseKeyword.callTestCase(CallTestCaseKeyword.groovy:81)
	at com.kms.katalon.core.keyword.builtin.CallTestCaseKeyword.execute(CallTestCaseKeyword.groovy:44)
	at com.kms.katalon.core.keyword.internal.KeywordExecutor.executeKeywordForPlatform(KeywordExecutor.groovy:74)
	at com.kms.katalon.core.keyword.BuiltinKeywords.callTestCase(BuiltinKeywords.groovy:310)
	at PBL-005.run(PBL-005:20)
	at com.kms.katalon.core.main.ScriptEngine.run(ScriptEngine.java:194)
	at com.kms.katalon.core.main.ScriptEngine.runScriptAsRawText(ScriptEngine.java:119)
	at com.kms.katalon.core.main.TestCaseExecutor.runScript(TestCaseExecutor.java:448)
	at com.kms.katalon.core.main.TestCaseExecutor.doExecute(TestCaseExecutor.java:439)
	at com.kms.katalon.core.main.TestCaseExecutor.processExecutionPhase(TestCaseExecutor.java:418)
	at com.kms.katalon.core.main.TestCaseExecutor.accessMainPhase(TestCaseExecutor.java:410)
	at com.kms.katalon.core.main.TestCaseExecutor.execute(TestCaseExecutor.java:285)
	at com.kms.katalon.core.common.CommonExecutor.accessTestCaseMainPhase(CommonExecutor.java:65)
	at com.kms.katalon.core.main.TestSuiteExecutor.accessTestSuiteMainPhase(TestSuiteExecutor.java:148)
	at com.kms.katalon.core.main.TestSuiteExecutor.execute(TestSuiteExecutor.java:106)
	at com.kms.katalon.core.main.TestCaseMain.startTestSuite(TestCaseMain.java:187)
	at com.kms.katalon.core.main.TestCaseMain$startTestSuite$0.call(Unknown Source)
	at TempTestSuite1696424348948.run(TempTestSuite1696424348948.groovy:36)
Caused by: com.kms.katalon.core.exception.StepFailedException: Unable to click on object 'Object Repository/beli barang/a_Fashion  Busana Wanita'
	at com.kms.katalon.core.webui.keyword.internal.WebUIKeywordMain.stepFailed(WebUIKeywordMain.groovy:64)
	at com.kms.katalon.core.webui.keyword.internal.WebUIKeywordMain.runKeyword(WebUIKeywordMain.groovy:26)
	at com.kms.katalon.core.webui.keyword.builtin.ClickKeyword.click(ClickKeyword.groovy:74)
	at com.kms.katalon.core.webui.keyword.builtin.ClickKeyword.execute(ClickKeyword.groovy:40)
	at com.kms.katalon.core.keyword.internal.KeywordExecutor.executeKeywordForPlatform(KeywordExecutor.groovy:74)
	at com.kms.katalon.core.webui.keyword.WebUiBuiltInKeywords.click(WebUiBuiltInKeywords.groovy:620)
	at com.kms.katalon.core.webui.keyword.WebUiBuiltInKeywords$click$2.call(Unknown Source)
	at PBL-001.run(PBL-001:25)
	at com.kms.katalon.core.main.ScriptEngine.run(ScriptEngine.java:194)
	at com.kms.katalon.core.main.ScriptEngine.runScriptAsRawText(ScriptEngine.java:119)
	at com.kms.katalon.core.main.TestCaseExecutor.runScript(TestCaseExecutor.java:448)
	at com.kms.katalon.core.main.TestCaseExecutor.doExecute(TestCaseExecutor.java:439)
	at com.kms.katalon.core.main.TestCaseExecutor.processExecutionPhase(TestCaseExecutor.java:418)
	at com.kms.katalon.core.main.TestCaseExecutor.accessMainPhase(TestCaseExecutor.java:410)
	at com.kms.katalon.core.main.TestCaseExecutor.execute(TestCaseExecutor.java:285)
	at com.kms.katalon.core.main.TestCaseMain.runTestCase(TestCaseMain.java:144)
	at com.kms.katalon.core.keyword.builtin.CallTestCaseKeyword$_callTestCase_closure1.doCall(CallTestCaseKeyword.groovy:59)
	... 36 more
Caused by: org.openqa.selenium.ElementNotInteractableException: Element <a href="https://10.9.2.63/ecommerce/produk/kategori/fashion--busana-wanita"> could not be scrolled into view
Build info: version: '3.141.59', revision: 'e82be7d358', time: '2018-11-14T08:25:53'
System info: host: 'DESKTOP-H62FVJ8', ip: '10.9.2.72', os.name: 'Windows 10', os.arch: 'amd64', os.version: '10.0', java.version: '1.8.0_362'
Driver info: com.kms.katalon.core.webui.driver.firefox.CGeckoDriver
Capabilities {acceptInsecureCerts: true, browserName: firefox, browserVersion: 117.0.1, javascriptEnabled: true, moz:accessibilityChecks: false, moz:buildID: 20230912013654, moz:geckodriverVersion: 0.33.0, moz:headless: false, moz:platformVersion: 10.0, moz:processID: 14484, moz:profile: C:\Users\IRFAN\AppData\Loca..., moz:shutdownTimeout: 60000, moz:webdriverClick: true, moz:windowless: false, pageLoadStrategy: normal, platform: WINDOWS, platformName: WINDOWS, proxy: Proxy(direct), setWindowRect: true, strictFileInteractability: false, timeouts: {implicit: 0, pageLoad: 300000, script: 30000}, unhandledPromptBehavior: dismiss and notify}
Session ID: f8fb90f0-5c29-4488-aeda-2660cc51fcd9
	at org.openqa.selenium.remote.http.W3CHttpResponseCodec.createException(W3CHttpResponseCodec.java:187)
	at org.openqa.selenium.remote.http.W3CHttpResponseCodec.decode(W3CHttpResponseCodec.java:122)
	at org.openqa.selenium.remote.http.W3CHttpResponseCodec.decode(W3CHttpResponseCodec.java:49)
	at org.openqa.selenium.remote.HttpCommandExecutor.execute(HttpCommandExecutor.java:158)
	at org.openqa.selenium.remote.service.DriverCommandExecutor.execute(DriverCommandExecutor.java:83)
	at org.openqa.selenium.remote.RemoteWebDriver.execute(RemoteWebDriver.java:552)
	at com.kms.katalon.selenium.driver.CFirefoxDriver.execute(CFirefoxDriver.java:27)
	at org.openqa.selenium.remote.RemoteWebElement.execute(RemoteWebElement.java:285)
	at org.openqa.selenium.remote.RemoteWebElement.click(RemoteWebElement.java:84)
	at org.openqa.selenium.support.events.EventFiringWebDriver$EventFiringWebElement.lambda$new$0(EventFiringWebDriver.java:404)
	at com.sun.proxy.$Proxy11.click(Unknown Source)
	at org.openqa.selenium.support.events.EventFiringWebDriver$EventFiringWebElement.click(EventFiringWebDriver.java:417)
	at org.openqa.selenium.WebElement$click.call(Unknown Source)
	at com.kms.katalon.core.webui.keyword.builtin.ClickKeyword.clickUntilSuccessWithTimeout(ClickKeyword.groovy:81)
	at com.kms.katalon.core.webui.keyword.builtin.ClickKeyword.clickUntilSuccessWithTimeout(ClickKeyword.groovy)
	at com.kms.katalon.core.webui.keyword.builtin.ClickKeyword$_click_closure1.doCall(ClickKeyword.groovy:67)
	at com.kms.katalon.core.webui.keyword.builtin.ClickKeyword$_click_closure1.call(ClickKeyword.groovy)
	at com.kms.katalon.core.webui.keyword.internal.WebUIKeywordMain.runKeyword(WebUIKeywordMain.groovy:20)
	... 51 more
)

2023-10-04 20:01:37 - [MESSAGE][FAILED] - Unable to call Test Case 'Test Cases/T13 Pembelian, Shipment dan Pembayaran/PBL-002' (Root cause: com.kms.katalon.core.exception.StepFailedException: Call Test Case 'Test Cases/T13 Pembelian, Shipment dan Pembayaran/PBL-002' failed
	at com.kms.katalon.core.keyword.builtin.CallTestCaseKeyword$_callTestCase_closure1.doCall(CallTestCaseKeyword.groovy:63)
	at com.kms.katalon.core.keyword.builtin.CallTestCaseKeyword$_callTestCase_closure1.call(CallTestCaseKeyword.groovy)
	at com.kms.katalon.core.keyword.internal.KeywordMain.runKeyword(KeywordMain.groovy:75)
	at com.kms.katalon.core.keyword.builtin.CallTestCaseKeyword.callTestCase(CallTestCaseKeyword.groovy:81)
	at com.kms.katalon.core.keyword.builtin.CallTestCaseKeyword.execute(CallTestCaseKeyword.groovy:44)
	at com.kms.katalon.core.keyword.internal.KeywordExecutor.executeKeywordForPlatform(KeywordExecutor.groovy:74)
	at com.kms.katalon.core.keyword.BuiltinKeywords.callTestCase(BuiltinKeywords.groovy:310)
	at PBL-005.run(PBL-005:20)
	at com.kms.katalon.core.main.ScriptEngine.run(ScriptEngine.java:194)
	at com.kms.katalon.core.main.ScriptEngine.runScriptAsRawText(ScriptEngine.java:119)
	at com.kms.katalon.core.main.TestCaseExecutor.runScript(TestCaseExecutor.java:448)
	at com.kms.katalon.core.main.TestCaseExecutor.doExecute(TestCaseExecutor.java:439)
	at com.kms.katalon.core.main.TestCaseExecutor.processExecutionPhase(TestCaseExecutor.java:418)
	at com.kms.katalon.core.main.TestCaseExecutor.accessMainPhase(TestCaseExecutor.java:410)
	at com.kms.katalon.core.main.TestCaseExecutor.execute(TestCaseExecutor.java:285)
	at com.kms.katalon.core.common.CommonExecutor.accessTestCaseMainPhase(CommonExecutor.java:65)
	at com.kms.katalon.core.main.TestSuiteExecutor.accessTestSuiteMainPhase(TestSuiteExecutor.java:148)
	at com.kms.katalon.core.main.TestSuiteExecutor.execute(TestSuiteExecutor.java:106)
	at com.kms.katalon.core.main.TestCaseMain.startTestSuite(TestCaseMain.java:187)
	at com.kms.katalon.core.main.TestCaseMain$startTestSuite$0.call(Unknown Source)
	at TempTestSuite1696424348948.run(TempTestSuite1696424348948.groovy:36)
Caused by: com.kms.katalon.core.exception.StepFailedException: Call Test Case 'Test Cases/T13 Pembelian, Shipment dan Pembayaran/PBL-001' failed
	at com.kms.katalon.core.keyword.builtin.CallTestCaseKeyword$_callTestCase_closure1.doCall(CallTestCaseKeyword.groovy:63)
	at com.kms.katalon.core.keyword.builtin.CallTestCaseKeyword$_callTestCase_closure1.call(CallTestCaseKeyword.groovy)
	at com.kms.katalon.core.keyword.internal.KeywordMain.runKeyword(KeywordMain.groovy:75)
	at com.kms.katalon.core.keyword.builtin.CallTestCaseKeyword.callTestCase(CallTestCaseKeyword.groovy:81)
	at com.kms.katalon.core.keyword.builtin.CallTestCaseKeyword.execute(CallTestCaseKeyword.groovy:44)
	at com.kms.katalon.core.keyword.internal.KeywordExecutor.executeKeywordForPlatform(KeywordExecutor.groovy:74)
	at com.kms.katalon.core.keyword.BuiltinKeywords.callTestCase(BuiltinKeywords.groovy:310)
	at PBL-002.run(PBL-002:20)
	at com.kms.katalon.core.main.ScriptEngine.run(ScriptEngine.java:194)
	at com.kms.katalon.core.main.ScriptEngine.runScriptAsRawText(ScriptEngine.java:119)
	at com.kms.katalon.core.main.TestCaseExecutor.runScript(TestCaseExecutor.java:448)
	at com.kms.katalon.core.main.TestCaseExecutor.doExecute(TestCaseExecutor.java:439)
	at com.kms.katalon.core.main.TestCaseExecutor.processExecutionPhase(TestCaseExecutor.java:418)
	at com.kms.katalon.core.main.TestCaseExecutor.accessMainPhase(TestCaseExecutor.java:410)
	at com.kms.katalon.core.main.TestCaseExecutor.execute(TestCaseExecutor.java:285)
	at com.kms.katalon.core.main.TestCaseMain.runTestCase(TestCaseMain.java:144)
	at com.kms.katalon.core.keyword.builtin.CallTestCaseKeyword$_callTestCase_closure1.doCall(CallTestCaseKeyword.groovy:59)
	... 20 more
Caused by: com.kms.katalon.core.exception.StepFailedException: Unable to click on object 'Object Repository/beli barang/a_Fashion  Busana Wanita'
	at com.kms.katalon.core.webui.keyword.internal.WebUIKeywordMain.stepFailed(WebUIKeywordMain.groovy:64)
	at com.kms.katalon.core.webui.keyword.internal.WebUIKeywordMain.runKeyword(WebUIKeywordMain.groovy:26)
	at com.kms.katalon.core.webui.keyword.builtin.ClickKeyword.click(ClickKeyword.groovy:74)
	at com.kms.katalon.core.webui.keyword.builtin.ClickKeyword.execute(ClickKeyword.groovy:40)
	at com.kms.katalon.core.keyword.internal.KeywordExecutor.executeKeywordForPlatform(KeywordExecutor.groovy:74)
	at com.kms.katalon.core.webui.keyword.WebUiBuiltInKeywords.click(WebUiBuiltInKeywords.groovy:620)
	at com.kms.katalon.core.webui.keyword.WebUiBuiltInKeywords$click$2.call(Unknown Source)
	at PBL-001.run(PBL-001:25)
	at com.kms.katalon.core.main.ScriptEngine.run(ScriptEngine.java:194)
	at com.kms.katalon.core.main.ScriptEngine.runScriptAsRawText(ScriptEngine.java:119)
	at com.kms.katalon.core.main.TestCaseExecutor.runScript(TestCaseExecutor.java:448)
	at com.kms.katalon.core.main.TestCaseExecutor.doExecute(TestCaseExecutor.java:439)
	at com.kms.katalon.core.main.TestCaseExecutor.processExecutionPhase(TestCaseExecutor.java:418)
	at com.kms.katalon.core.main.TestCaseExecutor.accessMainPhase(TestCaseExecutor.java:410)
	at com.kms.katalon.core.main.TestCaseExecutor.execute(TestCaseExecutor.java:285)
	at com.kms.katalon.core.main.TestCaseMain.runTestCase(TestCaseMain.java:144)
	at com.kms.katalon.core.keyword.builtin.CallTestCaseKeyword$_callTestCase_closure1.doCall(CallTestCaseKeyword.groovy:59)
	... 36 more
Caused by: org.openqa.selenium.ElementNotInteractableException: Element <a href="https://10.9.2.63/ecommerce/produk/kategori/fashion--busana-wanita"> could not be scrolled into view
Build info: version: '3.141.59', revision: 'e82be7d358', time: '2018-11-14T08:25:53'
System info: host: 'DESKTOP-H62FVJ8', ip: '10.9.2.72', os.name: 'Windows 10', os.arch: 'amd64', os.version: '10.0', java.version: '1.8.0_362'
Driver info: com.kms.katalon.core.webui.driver.firefox.CGeckoDriver
Capabilities {acceptInsecureCerts: true, browserName: firefox, browserVersion: 117.0.1, javascriptEnabled: true, moz:accessibilityChecks: false, moz:buildID: 20230912013654, moz:geckodriverVersion: 0.33.0, moz:headless: false, moz:platformVersion: 10.0, moz:processID: 14484, moz:profile: C:\Users\IRFAN\AppData\Loca..., moz:shutdownTimeout: 60000, moz:webdriverClick: true, moz:windowless: false, pageLoadStrategy: normal, platform: WINDOWS, platformName: WINDOWS, proxy: Proxy(direct), setWindowRect: true, strictFileInteractability: false, timeouts: {implicit: 0, pageLoad: 300000, script: 30000}, unhandledPromptBehavior: dismiss and notify}
Session ID: f8fb90f0-5c29-4488-aeda-2660cc51fcd9
	at org.openqa.selenium.remote.http.W3CHttpResponseCodec.createException(W3CHttpResponseCodec.java:187)
	at org.openqa.selenium.remote.http.W3CHttpResponseCodec.decode(W3CHttpResponseCodec.java:122)
	at org.openqa.selenium.remote.http.W3CHttpResponseCodec.decode(W3CHttpResponseCodec.java:49)
	at org.openqa.selenium.remote.HttpCommandExecutor.execute(HttpCommandExecutor.java:158)
	at org.openqa.selenium.remote.service.DriverCommandExecutor.execute(DriverCommandExecutor.java:83)
	at org.openqa.selenium.remote.RemoteWebDriver.execute(RemoteWebDriver.java:552)
	at com.kms.katalon.selenium.driver.CFirefoxDriver.execute(CFirefoxDriver.java:27)
	at org.openqa.selenium.remote.RemoteWebElement.execute(RemoteWebElement.java:285)
	at org.openqa.selenium.remote.RemoteWebElement.click(RemoteWebElement.java:84)
	at org.openqa.selenium.support.events.EventFiringWebDriver$EventFiringWebElement.lambda$new$0(EventFiringWebDriver.java:404)
	at com.sun.proxy.$Proxy11.click(Unknown Source)
	at org.openqa.selenium.support.events.EventFiringWebDriver$EventFiringWebElement.click(EventFiringWebDriver.java:417)
	at org.openqa.selenium.WebElement$click.call(Unknown Source)
	at com.kms.katalon.core.webui.keyword.builtin.ClickKeyword.clickUntilSuccessWithTimeout(ClickKeyword.groovy:81)
	at com.kms.katalon.core.webui.keyword.builtin.ClickKeyword.clickUntilSuccessWithTimeout(ClickKeyword.groovy)
	at com.kms.katalon.core.webui.keyword.builtin.ClickKeyword$_click_closure1.doCall(ClickKeyword.groovy:67)
	at com.kms.katalon.core.webui.keyword.builtin.ClickKeyword$_click_closure1.call(ClickKeyword.groovy)
	at com.kms.katalon.core.webui.keyword.internal.WebUIKeywordMain.runKeyword(WebUIKeywordMain.groovy:20)
	... 51 more
)]]></system-out>
         <system-err><![CDATA[2023-10-04 20:01:24 - [TEST_CASE][FAILED] - Test Cases/T13 Pembelian, Shipment dan Pembayaran/PBL-005: Test Cases/T13 Pembelian, Shipment dan Pembayaran/PBL-005 FAILED.
Reason:
com.kms.katalon.core.exception.StepFailedException: Call Test Case 'Test Cases/T13 Pembelian, Shipment dan Pembayaran/PBL-002' failed
	at com.kms.katalon.core.keyword.builtin.CallTestCaseKeyword$_callTestCase_closure1.doCall(CallTestCaseKeyword.groovy:63)
	at com.kms.katalon.core.keyword.builtin.CallTestCaseKeyword$_callTestCase_closure1.call(CallTestCaseKeyword.groovy)
	at com.kms.katalon.core.keyword.internal.KeywordMain.runKeyword(KeywordMain.groovy:75)
	at com.kms.katalon.core.keyword.builtin.CallTestCaseKeyword.callTestCase(CallTestCaseKeyword.groovy:81)
	at com.kms.katalon.core.keyword.builtin.CallTestCaseKeyword.execute(CallTestCaseKeyword.groovy:44)
	at com.kms.katalon.core.keyword.internal.KeywordExecutor.executeKeywordForPlatform(KeywordExecutor.groovy:74)
	at com.kms.katalon.core.keyword.BuiltinKeywords.callTestCase(BuiltinKeywords.groovy:310)
	at PBL-005.run(PBL-005:20)
	at com.kms.katalon.core.main.ScriptEngine.run(ScriptEngine.java:194)
	at com.kms.katalon.core.main.ScriptEngine.runScriptAsRawText(ScriptEngine.java:119)
	at com.kms.katalon.core.main.TestCaseExecutor.runScript(TestCaseExecutor.java:448)
	at com.kms.katalon.core.main.TestCaseExecutor.doExecute(TestCaseExecutor.java:439)
	at com.kms.katalon.core.main.TestCaseExecutor.processExecutionPhase(TestCaseExecutor.java:418)
	at com.kms.katalon.core.main.TestCaseExecutor.accessMainPhase(TestCaseExecutor.java:410)
	at com.kms.katalon.core.main.TestCaseExecutor.execute(TestCaseExecutor.java:285)
	at com.kms.katalon.core.common.CommonExecutor.accessTestCaseMainPhase(CommonExecutor.java:65)
	at com.kms.katalon.core.main.TestSuiteExecutor.accessTestSuiteMainPhase(TestSuiteExecutor.java:148)
	at com.kms.katalon.core.main.TestSuiteExecutor.execute(TestSuiteExecutor.java:106)
	at com.kms.katalon.core.main.TestCaseMain.startTestSuite(TestCaseMain.java:187)
	at com.kms.katalon.core.main.TestCaseMain$startTestSuite$0.call(Unknown Source)
	at TempTestSuite1696424348948.run(TempTestSuite1696424348948.groovy:36)
Caused by: com.kms.katalon.core.exception.StepFailedException: Call Test Case 'Test Cases/T13 Pembelian, Shipment dan Pembayaran/PBL-001' failed
	at com.kms.katalon.core.keyword.builtin.CallTestCaseKeyword$_callTestCase_closure1.doCall(CallTestCaseKeyword.groovy:63)
	at com.kms.katalon.core.keyword.builtin.CallTestCaseKeyword$_callTestCase_closure1.call(CallTestCaseKeyword.groovy)
	at com.kms.katalon.core.keyword.internal.KeywordMain.runKeyword(KeywordMain.groovy:75)
	at com.kms.katalon.core.keyword.builtin.CallTestCaseKeyword.callTestCase(CallTestCaseKeyword.groovy:81)
	at com.kms.katalon.core.keyword.builtin.CallTestCaseKeyword.execute(CallTestCaseKeyword.groovy:44)
	at com.kms.katalon.core.keyword.internal.KeywordExecutor.executeKeywordForPlatform(KeywordExecutor.groovy:74)
	at com.kms.katalon.core.keyword.BuiltinKeywords.callTestCase(BuiltinKeywords.groovy:310)
	at PBL-002.run(PBL-002:20)
	at com.kms.katalon.core.main.ScriptEngine.run(ScriptEngine.java:194)
	at com.kms.katalon.core.main.ScriptEngine.runScriptAsRawText(ScriptEngine.java:119)
	at com.kms.katalon.core.main.TestCaseExecutor.runScript(TestCaseExecutor.java:448)
	at com.kms.katalon.core.main.TestCaseExecutor.doExecute(TestCaseExecutor.java:439)
	at com.kms.katalon.core.main.TestCaseExecutor.processExecutionPhase(TestCaseExecutor.java:418)
	at com.kms.katalon.core.main.TestCaseExecutor.accessMainPhase(TestCaseExecutor.java:410)
	at com.kms.katalon.core.main.TestCaseExecutor.execute(TestCaseExecutor.java:285)
	at com.kms.katalon.core.main.TestCaseMain.runTestCase(TestCaseMain.java:144)
	at com.kms.katalon.core.keyword.builtin.CallTestCaseKeyword$_callTestCase_closure1.doCall(CallTestCaseKeyword.groovy:59)
	... 20 more
Caused by: com.kms.katalon.core.exception.StepFailedException: Unable to click on object 'Object Repository/beli barang/a_Fashion  Busana Wanita'
	at com.kms.katalon.core.webui.keyword.internal.WebUIKeywordMain.stepFailed(WebUIKeywordMain.groovy:64)
	at com.kms.katalon.core.webui.keyword.internal.WebUIKeywordMain.runKeyword(WebUIKeywordMain.groovy:26)
	at com.kms.katalon.core.webui.keyword.builtin.ClickKeyword.click(ClickKeyword.groovy:74)
	at com.kms.katalon.core.webui.keyword.builtin.ClickKeyword.execute(ClickKeyword.groovy:40)
	at com.kms.katalon.core.keyword.internal.KeywordExecutor.executeKeywordForPlatform(KeywordExecutor.groovy:74)
	at com.kms.katalon.core.webui.keyword.WebUiBuiltInKeywords.click(WebUiBuiltInKeywords.groovy:620)
	at com.kms.katalon.core.webui.keyword.WebUiBuiltInKeywords$click$2.call(Unknown Source)
	at PBL-001.run(PBL-001:25)
	at com.kms.katalon.core.main.ScriptEngine.run(ScriptEngine.java:194)
	at com.kms.katalon.core.main.ScriptEngine.runScriptAsRawText(ScriptEngine.java:119)
	at com.kms.katalon.core.main.TestCaseExecutor.runScript(TestCaseExecutor.java:448)
	at com.kms.katalon.core.main.TestCaseExecutor.doExecute(TestCaseExecutor.java:439)
	at com.kms.katalon.core.main.TestCaseExecutor.processExecutionPhase(TestCaseExecutor.java:418)
	at com.kms.katalon.core.main.TestCaseExecutor.accessMainPhase(TestCaseExecutor.java:410)
	at com.kms.katalon.core.main.TestCaseExecutor.execute(TestCaseExecutor.java:285)
	at com.kms.katalon.core.main.TestCaseMain.runTestCase(TestCaseMain.java:144)
	at com.kms.katalon.core.keyword.builtin.CallTestCaseKeyword$_callTestCase_closure1.doCall(CallTestCaseKeyword.groovy:59)
	... 36 more
Caused by: org.openqa.selenium.ElementNotInteractableException: Element <a href="https://10.9.2.63/ecommerce/produk/kategori/fashion--busana-wanita"> could not be scrolled into view
Build info: version: '3.141.59', revision: 'e82be7d358', time: '2018-11-14T08:25:53'
System info: host: 'DESKTOP-H62FVJ8', ip: '10.9.2.72', os.name: 'Windows 10', os.arch: 'amd64', os.version: '10.0', java.version: '1.8.0_362'
Driver info: com.kms.katalon.core.webui.driver.firefox.CGeckoDriver
Capabilities {acceptInsecureCerts: true, browserName: firefox, browserVersion: 117.0.1, javascriptEnabled: true, moz:accessibilityChecks: false, moz:buildID: 20230912013654, moz:geckodriverVersion: 0.33.0, moz:headless: false, moz:platformVersion: 10.0, moz:processID: 14484, moz:profile: C:\Users\IRFAN\AppData\Loca..., moz:shutdownTimeout: 60000, moz:webdriverClick: true, moz:windowless: false, pageLoadStrategy: normal, platform: WINDOWS, platformName: WINDOWS, proxy: Proxy(direct), setWindowRect: true, strictFileInteractability: false, timeouts: {implicit: 0, pageLoad: 300000, script: 30000}, unhandledPromptBehavior: dismiss and notify}
Session ID: f8fb90f0-5c29-4488-aeda-2660cc51fcd9
	at org.openqa.selenium.remote.http.W3CHttpResponseCodec.createException(W3CHttpResponseCodec.java:187)
	at org.openqa.selenium.remote.http.W3CHttpResponseCodec.decode(W3CHttpResponseCodec.java:122)
	at org.openqa.selenium.remote.http.W3CHttpResponseCodec.decode(W3CHttpResponseCodec.java:49)
	at org.openqa.selenium.remote.HttpCommandExecutor.execute(HttpCommandExecutor.java:158)
	at org.openqa.selenium.remote.service.DriverCommandExecutor.execute(DriverCommandExecutor.java:83)
	at org.openqa.selenium.remote.RemoteWebDriver.execute(RemoteWebDriver.java:552)
	at com.kms.katalon.selenium.driver.CFirefoxDriver.execute(CFirefoxDriver.java:27)
	at org.openqa.selenium.remote.RemoteWebElement.execute(RemoteWebElement.java:285)
	at org.openqa.selenium.remote.RemoteWebElement.click(RemoteWebElement.java:84)
	at org.openqa.selenium.support.events.EventFiringWebDriver$EventFiringWebElement.lambda$new$0(EventFiringWebDriver.java:404)
	at com.sun.proxy.$Proxy11.click(Unknown Source)
	at org.openqa.selenium.support.events.EventFiringWebDriver$EventFiringWebElement.click(EventFiringWebDriver.java:417)
	at org.openqa.selenium.WebElement$click.call(Unknown Source)
	at com.kms.katalon.core.webui.keyword.builtin.ClickKeyword.clickUntilSuccessWithTimeout(ClickKeyword.groovy:81)
	at com.kms.katalon.core.webui.keyword.builtin.ClickKeyword.clickUntilSuccessWithTimeout(ClickKeyword.groovy)
	at com.kms.katalon.core.webui.keyword.builtin.ClickKeyword$_click_closure1.doCall(ClickKeyword.groovy:67)
	at com.kms.katalon.core.webui.keyword.builtin.ClickKeyword$_click_closure1.call(ClickKeyword.groovy)
	at com.kms.katalon.core.webui.keyword.internal.WebUIKeywordMain.runKeyword(WebUIKeywordMain.groovy:20)
	... 51 more]]></system-err>
      </testcase>
      <testcase name="Test Cases/T13 Pembelian, Shipment dan Pembayaran/PBL-006" time="12.309" classname="Test Cases/T13 Pembelian, Shipment dan Pembayaran/PBL-006" status="FAILED">
         <failure type="FAILED" message="Test Cases/T13 Pembelian, Shipment dan Pembayaran/PBL-006 FAILED.
Reason:
com.kms.katalon.core.exception.StepFailedException: Call Test Case 'Test Cases/T13 Pembelian, Shipment dan Pembayaran/PBL-002' failed
	at com.kms.katalon.core.keyword.builtin.CallTestCaseKeyword$_callTestCase_closure1.doCall(CallTestCaseKeyword.groovy:63)
	at com.kms.katalon.core.keyword.builtin.CallTestCaseKeyword$_callTestCase_closure1.call(CallTestCaseKeyword.groovy)
	at com.kms.katalon.core.keyword.internal.KeywordMain.runKeyword(KeywordMain.groovy:75)
	at com.kms.katalon.core.keyword.builtin.CallTestCaseKeyword.callTestCase(CallTestCaseKeyword.groovy:81)
	at com.kms.katalon.core.keyword.builtin.CallTestCaseKeyword.execute(CallTestCaseKeyword.groovy:44)
	at com.kms.katalon.core.keyword.internal.KeywordExecutor.executeKeywordForPlatform(KeywordExecutor.groovy:74)
	at com.kms.katalon.core.keyword.BuiltinKeywords.callTestCase(BuiltinKeywords.groovy:310)
	at PBL-006.run(PBL-006:24)
	at com.kms.katalon.core.main.ScriptEngine.run(ScriptEngine.java:194)
	at com.kms.katalon.core.main.ScriptEngine.runScriptAsRawText(ScriptEngine.java:119)
	at com.kms.katalon.core.main.TestCaseExecutor.runScript(TestCaseExecutor.java:448)
	at com.kms.katalon.core.main.TestCaseExecutor.doExecute(TestCaseExecutor.java:439)
	at com.kms.katalon.core.main.TestCaseExecutor.processExecutionPhase(TestCaseExecutor.java:418)
	at com.kms.katalon.core.main.TestCaseExecutor.accessMainPhase(TestCaseExecutor.java:410)
	at com.kms.katalon.core.main.TestCaseExecutor.execute(TestCaseExecutor.java:285)
	at com.kms.katalon.core.common.CommonExecutor.accessTestCaseMainPhase(CommonExecutor.java:65)
	at com.kms.katalon.core.main.TestSuiteExecutor.accessTestSuiteMainPhase(TestSuiteExecutor.java:148)
	at com.kms.katalon.core.main.TestSuiteExecutor.execute(TestSuiteExecutor.java:106)
	at com.kms.katalon.core.main.TestCaseMain.startTestSuite(TestCaseMain.java:187)
	at com.kms.katalon.core.main.TestCaseMain$startTestSuite$0.call(Unknown Source)
	at TempTestSuite1696424348948.run(TempTestSuite1696424348948.groovy:36)
Caused by: com.kms.katalon.core.exception.StepFailedException: Call Test Case 'Test Cases/T13 Pembelian, Shipment dan Pembayaran/PBL-001' failed
	at com.kms.katalon.core.keyword.builtin.CallTestCaseKeyword$_callTestCase_closure1.doCall(CallTestCaseKeyword.groovy:63)
	at com.kms.katalon.core.keyword.builtin.CallTestCaseKeyword$_callTestCase_closure1.call(CallTestCaseKeyword.groovy)
	at com.kms.katalon.core.keyword.internal.KeywordMain.runKeyword(KeywordMain.groovy:75)
	at com.kms.katalon.core.keyword.builtin.CallTestCaseKeyword.callTestCase(CallTestCaseKeyword.groovy:81)
	at com.kms.katalon.core.keyword.builtin.CallTestCaseKeyword.execute(CallTestCaseKeyword.groovy:44)
	at com.kms.katalon.core.keyword.internal.KeywordExecutor.executeKeywordForPlatform(KeywordExecutor.groovy:74)
	at com.kms.katalon.core.keyword.BuiltinKeywords.callTestCase(BuiltinKeywords.groovy:310)
	at PBL-002.run(PBL-002:20)
	at com.kms.katalon.core.main.ScriptEngine.run(ScriptEngine.java:194)
	at com.kms.katalon.core.main.ScriptEngine.runScriptAsRawText(ScriptEngine.java:119)
	at com.kms.katalon.core.main.TestCaseExecutor.runScript(TestCaseExecutor.java:448)
	at com.kms.katalon.core.main.TestCaseExecutor.doExecute(TestCaseExecutor.java:439)
	at com.kms.katalon.core.main.TestCaseExecutor.processExecutionPhase(TestCaseExecutor.java:418)
	at com.kms.katalon.core.main.TestCaseExecutor.accessMainPhase(TestCaseExecutor.java:410)
	at com.kms.katalon.core.main.TestCaseExecutor.execute(TestCaseExecutor.java:285)
	at com.kms.katalon.core.main.TestCaseMain.runTestCase(TestCaseMain.java:144)
	at com.kms.katalon.core.keyword.builtin.CallTestCaseKeyword$_callTestCase_closure1.doCall(CallTestCaseKeyword.groovy:59)
	... 20 more
Caused by: com.kms.katalon.core.exception.StepFailedException: Unable to click on object 'Object Repository/beli barang/a_Fashion  Busana Wanita'
	at com.kms.katalon.core.webui.keyword.internal.WebUIKeywordMain.stepFailed(WebUIKeywordMain.groovy:64)
	at com.kms.katalon.core.webui.keyword.internal.WebUIKeywordMain.runKeyword(WebUIKeywordMain.groovy:26)
	at com.kms.katalon.core.webui.keyword.builtin.ClickKeyword.click(ClickKeyword.groovy:74)
	at com.kms.katalon.core.webui.keyword.builtin.ClickKeyword.execute(ClickKeyword.groovy:40)
	at com.kms.katalon.core.keyword.internal.KeywordExecutor.executeKeywordForPlatform(KeywordExecutor.groovy:74)
	at com.kms.katalon.core.webui.keyword.WebUiBuiltInKeywords.click(WebUiBuiltInKeywords.groovy:620)
	at com.kms.katalon.core.webui.keyword.WebUiBuiltInKeywords$click$2.call(Unknown Source)
	at PBL-001.run(PBL-001:25)
	at com.kms.katalon.core.main.ScriptEngine.run(ScriptEngine.java:194)
	at com.kms.katalon.core.main.ScriptEngine.runScriptAsRawText(ScriptEngine.java:119)
	at com.kms.katalon.core.main.TestCaseExecutor.runScript(TestCaseExecutor.java:448)
	at com.kms.katalon.core.main.TestCaseExecutor.doExecute(TestCaseExecutor.java:439)
	at com.kms.katalon.core.main.TestCaseExecutor.processExecutionPhase(TestCaseExecutor.java:418)
	at com.kms.katalon.core.main.TestCaseExecutor.accessMainPhase(TestCaseExecutor.java:410)
	at com.kms.katalon.core.main.TestCaseExecutor.execute(TestCaseExecutor.java:285)
	at com.kms.katalon.core.main.TestCaseMain.runTestCase(TestCaseMain.java:144)
	at com.kms.katalon.core.keyword.builtin.CallTestCaseKeyword$_callTestCase_closure1.doCall(CallTestCaseKeyword.groovy:59)
	... 36 more
Caused by: org.openqa.selenium.ElementNotInteractableException: Element &lt;a href=&quot;https://10.9.2.63/ecommerce/produk/kategori/fashion--busana-wanita&quot;> could not be scrolled into view
Build info: version: '3.141.59', revision: 'e82be7d358', time: '2018-11-14T08:25:53'
System info: host: 'DESKTOP-H62FVJ8', ip: '10.9.2.72', os.name: 'Windows 10', os.arch: 'amd64', os.version: '10.0', java.version: '1.8.0_362'
Driver info: com.kms.katalon.core.webui.driver.firefox.CGeckoDriver
Capabilities {acceptInsecureCerts: true, browserName: firefox, browserVersion: 117.0.1, javascriptEnabled: true, moz:accessibilityChecks: false, moz:buildID: 20230912013654, moz:geckodriverVersion: 0.33.0, moz:headless: false, moz:platformVersion: 10.0, moz:processID: 17496, moz:profile: C:\Users\IRFAN\AppData\Loca..., moz:shutdownTimeout: 60000, moz:webdriverClick: true, moz:windowless: false, pageLoadStrategy: normal, platform: WINDOWS, platformName: WINDOWS, proxy: Proxy(direct), setWindowRect: true, strictFileInteractability: false, timeouts: {implicit: 0, pageLoad: 300000, script: 30000}, unhandledPromptBehavior: dismiss and notify}
Session ID: 4a5912c3-b77c-4b2d-82e3-7f62eab1e469
	at org.openqa.selenium.remote.http.W3CHttpResponseCodec.createException(W3CHttpResponseCodec.java:187)
	at org.openqa.selenium.remote.http.W3CHttpResponseCodec.decode(W3CHttpResponseCodec.java:122)
	at org.openqa.selenium.remote.http.W3CHttpResponseCodec.decode(W3CHttpResponseCodec.java:49)
	at org.openqa.selenium.remote.HttpCommandExecutor.execute(HttpCommandExecutor.java:158)
	at org.openqa.selenium.remote.service.DriverCommandExecutor.execute(DriverCommandExecutor.java:83)
	at org.openqa.selenium.remote.RemoteWebDriver.execute(RemoteWebDriver.java:552)
	at com.kms.katalon.selenium.driver.CFirefoxDriver.execute(CFirefoxDriver.java:27)
	at org.openqa.selenium.remote.RemoteWebElement.execute(RemoteWebElement.java:285)
	at org.openqa.selenium.remote.RemoteWebElement.click(RemoteWebElement.java:84)
	at org.openqa.selenium.support.events.EventFiringWebDriver$EventFiringWebElement.lambda$new$0(EventFiringWebDriver.java:404)
	at com.sun.proxy.$Proxy11.click(Unknown Source)
	at org.openqa.selenium.support.events.EventFiringWebDriver$EventFiringWebElement.click(EventFiringWebDriver.java:417)
	at org.openqa.selenium.WebElement$click.call(Unknown Source)
	at com.kms.katalon.core.webui.keyword.builtin.ClickKeyword.clickUntilSuccessWithTimeout(ClickKeyword.groovy:81)
	at com.kms.katalon.core.webui.keyword.builtin.ClickKeyword.clickUntilSuccessWithTimeout(ClickKeyword.groovy)
	at com.kms.katalon.core.webui.keyword.builtin.ClickKeyword$_click_closure1.doCall(ClickKeyword.groovy:67)
	at com.kms.katalon.core.webui.keyword.builtin.ClickKeyword$_click_closure1.call(ClickKeyword.groovy)
	at com.kms.katalon.core.webui.keyword.internal.WebUIKeywordMain.runKeyword(WebUIKeywordMain.groovy:20)
	... 51 more
"/>
         <system-out><![CDATA[2023-10-04 20:01:37 - [TEST_CASE][FAILED] - Test Cases/T13 Pembelian, Shipment dan Pembayaran/PBL-006: Test Cases/T13 Pembelian, Shipment dan Pembayaran/PBL-006 FAILED.
Reason:
com.kms.katalon.core.exception.StepFailedException: Call Test Case 'Test Cases/T13 Pembelian, Shipment dan Pembayaran/PBL-002' failed
	at com.kms.katalon.core.keyword.builtin.CallTestCaseKeyword$_callTestCase_closure1.doCall(CallTestCaseKeyword.groovy:63)
	at com.kms.katalon.core.keyword.builtin.CallTestCaseKeyword$_callTestCase_closure1.call(CallTestCaseKeyword.groovy)
	at com.kms.katalon.core.keyword.internal.KeywordMain.runKeyword(KeywordMain.groovy:75)
	at com.kms.katalon.core.keyword.builtin.CallTestCaseKeyword.callTestCase(CallTestCaseKeyword.groovy:81)
	at com.kms.katalon.core.keyword.builtin.CallTestCaseKeyword.execute(CallTestCaseKeyword.groovy:44)
	at com.kms.katalon.core.keyword.internal.KeywordExecutor.executeKeywordForPlatform(KeywordExecutor.groovy:74)
	at com.kms.katalon.core.keyword.BuiltinKeywords.callTestCase(BuiltinKeywords.groovy:310)
	at PBL-006.run(PBL-006:24)
	at com.kms.katalon.core.main.ScriptEngine.run(ScriptEngine.java:194)
	at com.kms.katalon.core.main.ScriptEngine.runScriptAsRawText(ScriptEngine.java:119)
	at com.kms.katalon.core.main.TestCaseExecutor.runScript(TestCaseExecutor.java:448)
	at com.kms.katalon.core.main.TestCaseExecutor.doExecute(TestCaseExecutor.java:439)
	at com.kms.katalon.core.main.TestCaseExecutor.processExecutionPhase(TestCaseExecutor.java:418)
	at com.kms.katalon.core.main.TestCaseExecutor.accessMainPhase(TestCaseExecutor.java:410)
	at com.kms.katalon.core.main.TestCaseExecutor.execute(TestCaseExecutor.java:285)
	at com.kms.katalon.core.common.CommonExecutor.accessTestCaseMainPhase(CommonExecutor.java:65)
	at com.kms.katalon.core.main.TestSuiteExecutor.accessTestSuiteMainPhase(TestSuiteExecutor.java:148)
	at com.kms.katalon.core.main.TestSuiteExecutor.execute(TestSuiteExecutor.java:106)
	at com.kms.katalon.core.main.TestCaseMain.startTestSuite(TestCaseMain.java:187)
	at com.kms.katalon.core.main.TestCaseMain$startTestSuite$0.call(Unknown Source)
	at TempTestSuite1696424348948.run(TempTestSuite1696424348948.groovy:36)
Caused by: com.kms.katalon.core.exception.StepFailedException: Call Test Case 'Test Cases/T13 Pembelian, Shipment dan Pembayaran/PBL-001' failed
	at com.kms.katalon.core.keyword.builtin.CallTestCaseKeyword$_callTestCase_closure1.doCall(CallTestCaseKeyword.groovy:63)
	at com.kms.katalon.core.keyword.builtin.CallTestCaseKeyword$_callTestCase_closure1.call(CallTestCaseKeyword.groovy)
	at com.kms.katalon.core.keyword.internal.KeywordMain.runKeyword(KeywordMain.groovy:75)
	at com.kms.katalon.core.keyword.builtin.CallTestCaseKeyword.callTestCase(CallTestCaseKeyword.groovy:81)
	at com.kms.katalon.core.keyword.builtin.CallTestCaseKeyword.execute(CallTestCaseKeyword.groovy:44)
	at com.kms.katalon.core.keyword.internal.KeywordExecutor.executeKeywordForPlatform(KeywordExecutor.groovy:74)
	at com.kms.katalon.core.keyword.BuiltinKeywords.callTestCase(BuiltinKeywords.groovy:310)
	at PBL-002.run(PBL-002:20)
	at com.kms.katalon.core.main.ScriptEngine.run(ScriptEngine.java:194)
	at com.kms.katalon.core.main.ScriptEngine.runScriptAsRawText(ScriptEngine.java:119)
	at com.kms.katalon.core.main.TestCaseExecutor.runScript(TestCaseExecutor.java:448)
	at com.kms.katalon.core.main.TestCaseExecutor.doExecute(TestCaseExecutor.java:439)
	at com.kms.katalon.core.main.TestCaseExecutor.processExecutionPhase(TestCaseExecutor.java:418)
	at com.kms.katalon.core.main.TestCaseExecutor.accessMainPhase(TestCaseExecutor.java:410)
	at com.kms.katalon.core.main.TestCaseExecutor.execute(TestCaseExecutor.java:285)
	at com.kms.katalon.core.main.TestCaseMain.runTestCase(TestCaseMain.java:144)
	at com.kms.katalon.core.keyword.builtin.CallTestCaseKeyword$_callTestCase_closure1.doCall(CallTestCaseKeyword.groovy:59)
	... 20 more
Caused by: com.kms.katalon.core.exception.StepFailedException: Unable to click on object 'Object Repository/beli barang/a_Fashion  Busana Wanita'
	at com.kms.katalon.core.webui.keyword.internal.WebUIKeywordMain.stepFailed(WebUIKeywordMain.groovy:64)
	at com.kms.katalon.core.webui.keyword.internal.WebUIKeywordMain.runKeyword(WebUIKeywordMain.groovy:26)
	at com.kms.katalon.core.webui.keyword.builtin.ClickKeyword.click(ClickKeyword.groovy:74)
	at com.kms.katalon.core.webui.keyword.builtin.ClickKeyword.execute(ClickKeyword.groovy:40)
	at com.kms.katalon.core.keyword.internal.KeywordExecutor.executeKeywordForPlatform(KeywordExecutor.groovy:74)
	at com.kms.katalon.core.webui.keyword.WebUiBuiltInKeywords.click(WebUiBuiltInKeywords.groovy:620)
	at com.kms.katalon.core.webui.keyword.WebUiBuiltInKeywords$click$2.call(Unknown Source)
	at PBL-001.run(PBL-001:25)
	at com.kms.katalon.core.main.ScriptEngine.run(ScriptEngine.java:194)
	at com.kms.katalon.core.main.ScriptEngine.runScriptAsRawText(ScriptEngine.java:119)
	at com.kms.katalon.core.main.TestCaseExecutor.runScript(TestCaseExecutor.java:448)
	at com.kms.katalon.core.main.TestCaseExecutor.doExecute(TestCaseExecutor.java:439)
	at com.kms.katalon.core.main.TestCaseExecutor.processExecutionPhase(TestCaseExecutor.java:418)
	at com.kms.katalon.core.main.TestCaseExecutor.accessMainPhase(TestCaseExecutor.java:410)
	at com.kms.katalon.core.main.TestCaseExecutor.execute(TestCaseExecutor.java:285)
	at com.kms.katalon.core.main.TestCaseMain.runTestCase(TestCaseMain.java:144)
	at com.kms.katalon.core.keyword.builtin.CallTestCaseKeyword$_callTestCase_closure1.doCall(CallTestCaseKeyword.groovy:59)
	... 36 more
Caused by: org.openqa.selenium.ElementNotInteractableException: Element <a href="https://10.9.2.63/ecommerce/produk/kategori/fashion--busana-wanita"> could not be scrolled into view
Build info: version: '3.141.59', revision: 'e82be7d358', time: '2018-11-14T08:25:53'
System info: host: 'DESKTOP-H62FVJ8', ip: '10.9.2.72', os.name: 'Windows 10', os.arch: 'amd64', os.version: '10.0', java.version: '1.8.0_362'
Driver info: com.kms.katalon.core.webui.driver.firefox.CGeckoDriver
Capabilities {acceptInsecureCerts: true, browserName: firefox, browserVersion: 117.0.1, javascriptEnabled: true, moz:accessibilityChecks: false, moz:buildID: 20230912013654, moz:geckodriverVersion: 0.33.0, moz:headless: false, moz:platformVersion: 10.0, moz:processID: 17496, moz:profile: C:\Users\IRFAN\AppData\Loca..., moz:shutdownTimeout: 60000, moz:webdriverClick: true, moz:windowless: false, pageLoadStrategy: normal, platform: WINDOWS, platformName: WINDOWS, proxy: Proxy(direct), setWindowRect: true, strictFileInteractability: false, timeouts: {implicit: 0, pageLoad: 300000, script: 30000}, unhandledPromptBehavior: dismiss and notify}
Session ID: 4a5912c3-b77c-4b2d-82e3-7f62eab1e469
	at org.openqa.selenium.remote.http.W3CHttpResponseCodec.createException(W3CHttpResponseCodec.java:187)
	at org.openqa.selenium.remote.http.W3CHttpResponseCodec.decode(W3CHttpResponseCodec.java:122)
	at org.openqa.selenium.remote.http.W3CHttpResponseCodec.decode(W3CHttpResponseCodec.java:49)
	at org.openqa.selenium.remote.HttpCommandExecutor.execute(HttpCommandExecutor.java:158)
	at org.openqa.selenium.remote.service.DriverCommandExecutor.execute(DriverCommandExecutor.java:83)
	at org.openqa.selenium.remote.RemoteWebDriver.execute(RemoteWebDriver.java:552)
	at com.kms.katalon.selenium.driver.CFirefoxDriver.execute(CFirefoxDriver.java:27)
	at org.openqa.selenium.remote.RemoteWebElement.execute(RemoteWebElement.java:285)
	at org.openqa.selenium.remote.RemoteWebElement.click(RemoteWebElement.java:84)
	at org.openqa.selenium.support.events.EventFiringWebDriver$EventFiringWebElement.lambda$new$0(EventFiringWebDriver.java:404)
	at com.sun.proxy.$Proxy11.click(Unknown Source)
	at org.openqa.selenium.support.events.EventFiringWebDriver$EventFiringWebElement.click(EventFiringWebDriver.java:417)
	at org.openqa.selenium.WebElement$click.call(Unknown Source)
	at com.kms.katalon.core.webui.keyword.builtin.ClickKeyword.clickUntilSuccessWithTimeout(ClickKeyword.groovy:81)
	at com.kms.katalon.core.webui.keyword.builtin.ClickKeyword.clickUntilSuccessWithTimeout(ClickKeyword.groovy)
	at com.kms.katalon.core.webui.keyword.builtin.ClickKeyword$_click_closure1.doCall(ClickKeyword.groovy:67)
	at com.kms.katalon.core.webui.keyword.builtin.ClickKeyword$_click_closure1.call(ClickKeyword.groovy)
	at com.kms.katalon.core.webui.keyword.internal.WebUIKeywordMain.runKeyword(WebUIKeywordMain.groovy:20)
	... 51 more


2023-10-04 20:01:38 - [TEST_STEP][FAILED] - data = callTestCase(findTestCase("T13 Pembelian, Shipment dan Pembayaran/PBL-002"), [:], STOP_ON_FAILURE): Unable to call Test Case 'Test Cases/T13 Pembelian, Shipment dan Pembayaran/PBL-002' (Root cause: com.kms.katalon.core.exception.StepFailedException: Call Test Case 'Test Cases/T13 Pembelian, Shipment dan Pembayaran/PBL-002' failed
	at com.kms.katalon.core.keyword.builtin.CallTestCaseKeyword$_callTestCase_closure1.doCall(CallTestCaseKeyword.groovy:63)
	at com.kms.katalon.core.keyword.builtin.CallTestCaseKeyword$_callTestCase_closure1.call(CallTestCaseKeyword.groovy)
	at com.kms.katalon.core.keyword.internal.KeywordMain.runKeyword(KeywordMain.groovy:75)
	at com.kms.katalon.core.keyword.builtin.CallTestCaseKeyword.callTestCase(CallTestCaseKeyword.groovy:81)
	at com.kms.katalon.core.keyword.builtin.CallTestCaseKeyword.execute(CallTestCaseKeyword.groovy:44)
	at com.kms.katalon.core.keyword.internal.KeywordExecutor.executeKeywordForPlatform(KeywordExecutor.groovy:74)
	at com.kms.katalon.core.keyword.BuiltinKeywords.callTestCase(BuiltinKeywords.groovy:310)
	at PBL-006.run(PBL-006:24)
	at com.kms.katalon.core.main.ScriptEngine.run(ScriptEngine.java:194)
	at com.kms.katalon.core.main.ScriptEngine.runScriptAsRawText(ScriptEngine.java:119)
	at com.kms.katalon.core.main.TestCaseExecutor.runScript(TestCaseExecutor.java:448)
	at com.kms.katalon.core.main.TestCaseExecutor.doExecute(TestCaseExecutor.java:439)
	at com.kms.katalon.core.main.TestCaseExecutor.processExecutionPhase(TestCaseExecutor.java:418)
	at com.kms.katalon.core.main.TestCaseExecutor.accessMainPhase(TestCaseExecutor.java:410)
	at com.kms.katalon.core.main.TestCaseExecutor.execute(TestCaseExecutor.java:285)
	at com.kms.katalon.core.common.CommonExecutor.accessTestCaseMainPhase(CommonExecutor.java:65)
	at com.kms.katalon.core.main.TestSuiteExecutor.accessTestSuiteMainPhase(TestSuiteExecutor.java:148)
	at com.kms.katalon.core.main.TestSuiteExecutor.execute(TestSuiteExecutor.java:106)
	at com.kms.katalon.core.main.TestCaseMain.startTestSuite(TestCaseMain.java:187)
	at com.kms.katalon.core.main.TestCaseMain$startTestSuite$0.call(Unknown Source)
	at TempTestSuite1696424348948.run(TempTestSuite1696424348948.groovy:36)
Caused by: com.kms.katalon.core.exception.StepFailedException: Call Test Case 'Test Cases/T13 Pembelian, Shipment dan Pembayaran/PBL-001' failed
	at com.kms.katalon.core.keyword.builtin.CallTestCaseKeyword$_callTestCase_closure1.doCall(CallTestCaseKeyword.groovy:63)
	at com.kms.katalon.core.keyword.builtin.CallTestCaseKeyword$_callTestCase_closure1.call(CallTestCaseKeyword.groovy)
	at com.kms.katalon.core.keyword.internal.KeywordMain.runKeyword(KeywordMain.groovy:75)
	at com.kms.katalon.core.keyword.builtin.CallTestCaseKeyword.callTestCase(CallTestCaseKeyword.groovy:81)
	at com.kms.katalon.core.keyword.builtin.CallTestCaseKeyword.execute(CallTestCaseKeyword.groovy:44)
	at com.kms.katalon.core.keyword.internal.KeywordExecutor.executeKeywordForPlatform(KeywordExecutor.groovy:74)
	at com.kms.katalon.core.keyword.BuiltinKeywords.callTestCase(BuiltinKeywords.groovy:310)
	at PBL-002.run(PBL-002:20)
	at com.kms.katalon.core.main.ScriptEngine.run(ScriptEngine.java:194)
	at com.kms.katalon.core.main.ScriptEngine.runScriptAsRawText(ScriptEngine.java:119)
	at com.kms.katalon.core.main.TestCaseExecutor.runScript(TestCaseExecutor.java:448)
	at com.kms.katalon.core.main.TestCaseExecutor.doExecute(TestCaseExecutor.java:439)
	at com.kms.katalon.core.main.TestCaseExecutor.processExecutionPhase(TestCaseExecutor.java:418)
	at com.kms.katalon.core.main.TestCaseExecutor.accessMainPhase(TestCaseExecutor.java:410)
	at com.kms.katalon.core.main.TestCaseExecutor.execute(TestCaseExecutor.java:285)
	at com.kms.katalon.core.main.TestCaseMain.runTestCase(TestCaseMain.java:144)
	at com.kms.katalon.core.keyword.builtin.CallTestCaseKeyword$_callTestCase_closure1.doCall(CallTestCaseKeyword.groovy:59)
	... 20 more
Caused by: com.kms.katalon.core.exception.StepFailedException: Unable to click on object 'Object Repository/beli barang/a_Fashion  Busana Wanita'
	at com.kms.katalon.core.webui.keyword.internal.WebUIKeywordMain.stepFailed(WebUIKeywordMain.groovy:64)
	at com.kms.katalon.core.webui.keyword.internal.WebUIKeywordMain.runKeyword(WebUIKeywordMain.groovy:26)
	at com.kms.katalon.core.webui.keyword.builtin.ClickKeyword.click(ClickKeyword.groovy:74)
	at com.kms.katalon.core.webui.keyword.builtin.ClickKeyword.execute(ClickKeyword.groovy:40)
	at com.kms.katalon.core.keyword.internal.KeywordExecutor.executeKeywordForPlatform(KeywordExecutor.groovy:74)
	at com.kms.katalon.core.webui.keyword.WebUiBuiltInKeywords.click(WebUiBuiltInKeywords.groovy:620)
	at com.kms.katalon.core.webui.keyword.WebUiBuiltInKeywords$click$2.call(Unknown Source)
	at PBL-001.run(PBL-001:25)
	at com.kms.katalon.core.main.ScriptEngine.run(ScriptEngine.java:194)
	at com.kms.katalon.core.main.ScriptEngine.runScriptAsRawText(ScriptEngine.java:119)
	at com.kms.katalon.core.main.TestCaseExecutor.runScript(TestCaseExecutor.java:448)
	at com.kms.katalon.core.main.TestCaseExecutor.doExecute(TestCaseExecutor.java:439)
	at com.kms.katalon.core.main.TestCaseExecutor.processExecutionPhase(TestCaseExecutor.java:418)
	at com.kms.katalon.core.main.TestCaseExecutor.accessMainPhase(TestCaseExecutor.java:410)
	at com.kms.katalon.core.main.TestCaseExecutor.execute(TestCaseExecutor.java:285)
	at com.kms.katalon.core.main.TestCaseMain.runTestCase(TestCaseMain.java:144)
	at com.kms.katalon.core.keyword.builtin.CallTestCaseKeyword$_callTestCase_closure1.doCall(CallTestCaseKeyword.groovy:59)
	... 36 more
Caused by: org.openqa.selenium.ElementNotInteractableException: Element <a href="https://10.9.2.63/ecommerce/produk/kategori/fashion--busana-wanita"> could not be scrolled into view
Build info: version: '3.141.59', revision: 'e82be7d358', time: '2018-11-14T08:25:53'
System info: host: 'DESKTOP-H62FVJ8', ip: '10.9.2.72', os.name: 'Windows 10', os.arch: 'amd64', os.version: '10.0', java.version: '1.8.0_362'
Driver info: com.kms.katalon.core.webui.driver.firefox.CGeckoDriver
Capabilities {acceptInsecureCerts: true, browserName: firefox, browserVersion: 117.0.1, javascriptEnabled: true, moz:accessibilityChecks: false, moz:buildID: 20230912013654, moz:geckodriverVersion: 0.33.0, moz:headless: false, moz:platformVersion: 10.0, moz:processID: 17496, moz:profile: C:\Users\IRFAN\AppData\Loca..., moz:shutdownTimeout: 60000, moz:webdriverClick: true, moz:windowless: false, pageLoadStrategy: normal, platform: WINDOWS, platformName: WINDOWS, proxy: Proxy(direct), setWindowRect: true, strictFileInteractability: false, timeouts: {implicit: 0, pageLoad: 300000, script: 30000}, unhandledPromptBehavior: dismiss and notify}
Session ID: 4a5912c3-b77c-4b2d-82e3-7f62eab1e469
	at org.openqa.selenium.remote.http.W3CHttpResponseCodec.createException(W3CHttpResponseCodec.java:187)
	at org.openqa.selenium.remote.http.W3CHttpResponseCodec.decode(W3CHttpResponseCodec.java:122)
	at org.openqa.selenium.remote.http.W3CHttpResponseCodec.decode(W3CHttpResponseCodec.java:49)
	at org.openqa.selenium.remote.HttpCommandExecutor.execute(HttpCommandExecutor.java:158)
	at org.openqa.selenium.remote.service.DriverCommandExecutor.execute(DriverCommandExecutor.java:83)
	at org.openqa.selenium.remote.RemoteWebDriver.execute(RemoteWebDriver.java:552)
	at com.kms.katalon.selenium.driver.CFirefoxDriver.execute(CFirefoxDriver.java:27)
	at org.openqa.selenium.remote.RemoteWebElement.execute(RemoteWebElement.java:285)
	at org.openqa.selenium.remote.RemoteWebElement.click(RemoteWebElement.java:84)
	at org.openqa.selenium.support.events.EventFiringWebDriver$EventFiringWebElement.lambda$new$0(EventFiringWebDriver.java:404)
	at com.sun.proxy.$Proxy11.click(Unknown Source)
	at org.openqa.selenium.support.events.EventFiringWebDriver$EventFiringWebElement.click(EventFiringWebDriver.java:417)
	at org.openqa.selenium.WebElement$click.call(Unknown Source)
	at com.kms.katalon.core.webui.keyword.builtin.ClickKeyword.clickUntilSuccessWithTimeout(ClickKeyword.groovy:81)
	at com.kms.katalon.core.webui.keyword.builtin.ClickKeyword.clickUntilSuccessWithTimeout(ClickKeyword.groovy)
	at com.kms.katalon.core.webui.keyword.builtin.ClickKeyword$_click_closure1.doCall(ClickKeyword.groovy:67)
	at com.kms.katalon.core.webui.keyword.builtin.ClickKeyword$_click_closure1.call(ClickKeyword.groovy)
	at com.kms.katalon.core.webui.keyword.internal.WebUIKeywordMain.runKeyword(WebUIKeywordMain.groovy:20)
	... 51 more
)

2023-10-04 20:01:38 - [TEST_CASE][FAILED] - Test Cases/T13 Pembelian, Shipment dan Pembayaran/PBL-002: Test Cases/T13 Pembelian, Shipment dan Pembayaran/PBL-002 FAILED.
Reason:
com.kms.katalon.core.exception.StepFailedException: Call Test Case 'Test Cases/T13 Pembelian, Shipment dan Pembayaran/PBL-001' failed
	at com.kms.katalon.core.keyword.builtin.CallTestCaseKeyword$_callTestCase_closure1.doCall(CallTestCaseKeyword.groovy:63)
	at com.kms.katalon.core.keyword.builtin.CallTestCaseKeyword$_callTestCase_closure1.call(CallTestCaseKeyword.groovy)
	at com.kms.katalon.core.keyword.internal.KeywordMain.runKeyword(KeywordMain.groovy:75)
	at com.kms.katalon.core.keyword.builtin.CallTestCaseKeyword.callTestCase(CallTestCaseKeyword.groovy:81)
	at com.kms.katalon.core.keyword.builtin.CallTestCaseKeyword.execute(CallTestCaseKeyword.groovy:44)
	at com.kms.katalon.core.keyword.internal.KeywordExecutor.executeKeywordForPlatform(KeywordExecutor.groovy:74)
	at com.kms.katalon.core.keyword.BuiltinKeywords.callTestCase(BuiltinKeywords.groovy:310)
	at PBL-002.run(PBL-002:20)
	at com.kms.katalon.core.main.ScriptEngine.run(ScriptEngine.java:194)
	at com.kms.katalon.core.main.ScriptEngine.runScriptAsRawText(ScriptEngine.java:119)
	at com.kms.katalon.core.main.TestCaseExecutor.runScript(TestCaseExecutor.java:448)
	at com.kms.katalon.core.main.TestCaseExecutor.doExecute(TestCaseExecutor.java:439)
	at com.kms.katalon.core.main.TestCaseExecutor.processExecutionPhase(TestCaseExecutor.java:418)
	at com.kms.katalon.core.main.TestCaseExecutor.accessMainPhase(TestCaseExecutor.java:410)
	at com.kms.katalon.core.main.TestCaseExecutor.execute(TestCaseExecutor.java:285)
	at com.kms.katalon.core.main.TestCaseMain.runTestCase(TestCaseMain.java:144)
	at com.kms.katalon.core.keyword.builtin.CallTestCaseKeyword$_callTestCase_closure1.doCall(CallTestCaseKeyword.groovy:59)
	at com.kms.katalon.core.keyword.builtin.CallTestCaseKeyword$_callTestCase_closure1.call(CallTestCaseKeyword.groovy)
	at com.kms.katalon.core.keyword.internal.KeywordMain.runKeyword(KeywordMain.groovy:75)
	at com.kms.katalon.core.keyword.builtin.CallTestCaseKeyword.callTestCase(CallTestCaseKeyword.groovy:81)
	at com.kms.katalon.core.keyword.builtin.CallTestCaseKeyword.execute(CallTestCaseKeyword.groovy:44)
	at com.kms.katalon.core.keyword.internal.KeywordExecutor.executeKeywordForPlatform(KeywordExecutor.groovy:74)
	at com.kms.katalon.core.keyword.BuiltinKeywords.callTestCase(BuiltinKeywords.groovy:310)
	at PBL-006.run(PBL-006:24)
	at com.kms.katalon.core.main.ScriptEngine.run(ScriptEngine.java:194)
	at com.kms.katalon.core.main.ScriptEngine.runScriptAsRawText(ScriptEngine.java:119)
	at com.kms.katalon.core.main.TestCaseExecutor.runScript(TestCaseExecutor.java:448)
	at com.kms.katalon.core.main.TestCaseExecutor.doExecute(TestCaseExecutor.java:439)
	at com.kms.katalon.core.main.TestCaseExecutor.processExecutionPhase(TestCaseExecutor.java:418)
	at com.kms.katalon.core.main.TestCaseExecutor.accessMainPhase(TestCaseExecutor.java:410)
	at com.kms.katalon.core.main.TestCaseExecutor.execute(TestCaseExecutor.java:285)
	at com.kms.katalon.core.common.CommonExecutor.accessTestCaseMainPhase(CommonExecutor.java:65)
	at com.kms.katalon.core.main.TestSuiteExecutor.accessTestSuiteMainPhase(TestSuiteExecutor.java:148)
	at com.kms.katalon.core.main.TestSuiteExecutor.execute(TestSuiteExecutor.java:106)
	at com.kms.katalon.core.main.TestCaseMain.startTestSuite(TestCaseMain.java:187)
	at com.kms.katalon.core.main.TestCaseMain$startTestSuite$0.call(Unknown Source)
	at TempTestSuite1696424348948.run(TempTestSuite1696424348948.groovy:36)
Caused by: com.kms.katalon.core.exception.StepFailedException: Unable to click on object 'Object Repository/beli barang/a_Fashion  Busana Wanita'
	at com.kms.katalon.core.webui.keyword.internal.WebUIKeywordMain.stepFailed(WebUIKeywordMain.groovy:64)
	at com.kms.katalon.core.webui.keyword.internal.WebUIKeywordMain.runKeyword(WebUIKeywordMain.groovy:26)
	at com.kms.katalon.core.webui.keyword.builtin.ClickKeyword.click(ClickKeyword.groovy:74)
	at com.kms.katalon.core.webui.keyword.builtin.ClickKeyword.execute(ClickKeyword.groovy:40)
	at com.kms.katalon.core.keyword.internal.KeywordExecutor.executeKeywordForPlatform(KeywordExecutor.groovy:74)
	at com.kms.katalon.core.webui.keyword.WebUiBuiltInKeywords.click(WebUiBuiltInKeywords.groovy:620)
	at com.kms.katalon.core.webui.keyword.WebUiBuiltInKeywords$click$2.call(Unknown Source)
	at PBL-001.run(PBL-001:25)
	at com.kms.katalon.core.main.ScriptEngine.run(ScriptEngine.java:194)
	at com.kms.katalon.core.main.ScriptEngine.runScriptAsRawText(ScriptEngine.java:119)
	at com.kms.katalon.core.main.TestCaseExecutor.runScript(TestCaseExecutor.java:448)
	at com.kms.katalon.core.main.TestCaseExecutor.doExecute(TestCaseExecutor.java:439)
	at com.kms.katalon.core.main.TestCaseExecutor.processExecutionPhase(TestCaseExecutor.java:418)
	at com.kms.katalon.core.main.TestCaseExecutor.accessMainPhase(TestCaseExecutor.java:410)
	at com.kms.katalon.core.main.TestCaseExecutor.execute(TestCaseExecutor.java:285)
	at com.kms.katalon.core.main.TestCaseMain.runTestCase(TestCaseMain.java:144)
	at com.kms.katalon.core.keyword.builtin.CallTestCaseKeyword$_callTestCase_closure1.doCall(CallTestCaseKeyword.groovy:59)
	... 36 more
Caused by: org.openqa.selenium.ElementNotInteractableException: Element <a href="https://10.9.2.63/ecommerce/produk/kategori/fashion--busana-wanita"> could not be scrolled into view
Build info: version: '3.141.59', revision: 'e82be7d358', time: '2018-11-14T08:25:53'
System info: host: 'DESKTOP-H62FVJ8', ip: '10.9.2.72', os.name: 'Windows 10', os.arch: 'amd64', os.version: '10.0', java.version: '1.8.0_362'
Driver info: com.kms.katalon.core.webui.driver.firefox.CGeckoDriver
Capabilities {acceptInsecureCerts: true, browserName: firefox, browserVersion: 117.0.1, javascriptEnabled: true, moz:accessibilityChecks: false, moz:buildID: 20230912013654, moz:geckodriverVersion: 0.33.0, moz:headless: false, moz:platformVersion: 10.0, moz:processID: 17496, moz:profile: C:\Users\IRFAN\AppData\Loca..., moz:shutdownTimeout: 60000, moz:webdriverClick: true, moz:windowless: false, pageLoadStrategy: normal, platform: WINDOWS, platformName: WINDOWS, proxy: Proxy(direct), setWindowRect: true, strictFileInteractability: false, timeouts: {implicit: 0, pageLoad: 300000, script: 30000}, unhandledPromptBehavior: dismiss and notify}
Session ID: 4a5912c3-b77c-4b2d-82e3-7f62eab1e469
	at org.openqa.selenium.remote.http.W3CHttpResponseCodec.createException(W3CHttpResponseCodec.java:187)
	at org.openqa.selenium.remote.http.W3CHttpResponseCodec.decode(W3CHttpResponseCodec.java:122)
	at org.openqa.selenium.remote.http.W3CHttpResponseCodec.decode(W3CHttpResponseCodec.java:49)
	at org.openqa.selenium.remote.HttpCommandExecutor.execute(HttpCommandExecutor.java:158)
	at org.openqa.selenium.remote.service.DriverCommandExecutor.execute(DriverCommandExecutor.java:83)
	at org.openqa.selenium.remote.RemoteWebDriver.execute(RemoteWebDriver.java:552)
	at com.kms.katalon.selenium.driver.CFirefoxDriver.execute(CFirefoxDriver.java:27)
	at org.openqa.selenium.remote.RemoteWebElement.execute(RemoteWebElement.java:285)
	at org.openqa.selenium.remote.RemoteWebElement.click(RemoteWebElement.java:84)
	at org.openqa.selenium.support.events.EventFiringWebDriver$EventFiringWebElement.lambda$new$0(EventFiringWebDriver.java:404)
	at com.sun.proxy.$Proxy11.click(Unknown Source)
	at org.openqa.selenium.support.events.EventFiringWebDriver$EventFiringWebElement.click(EventFiringWebDriver.java:417)
	at org.openqa.selenium.WebElement$click.call(Unknown Source)
	at com.kms.katalon.core.webui.keyword.builtin.ClickKeyword.clickUntilSuccessWithTimeout(ClickKeyword.groovy:81)
	at com.kms.katalon.core.webui.keyword.builtin.ClickKeyword.clickUntilSuccessWithTimeout(ClickKeyword.groovy)
	at com.kms.katalon.core.webui.keyword.builtin.ClickKeyword$_click_closure1.doCall(ClickKeyword.groovy:67)
	at com.kms.katalon.core.webui.keyword.builtin.ClickKeyword$_click_closure1.call(ClickKeyword.groovy)
	at com.kms.katalon.core.webui.keyword.internal.WebUIKeywordMain.runKeyword(WebUIKeywordMain.groovy:20)
	... 51 more


2023-10-04 20:01:38 - [TEST_STEP][FAILED] - data = callTestCase(findTestCase("T13 Pembelian, Shipment dan Pembayaran/PBL-001"), [:], STOP_ON_FAILURE): Unable to call Test Case 'Test Cases/T13 Pembelian, Shipment dan Pembayaran/PBL-001' (Root cause: com.kms.katalon.core.exception.StepFailedException: Call Test Case 'Test Cases/T13 Pembelian, Shipment dan Pembayaran/PBL-001' failed
	at com.kms.katalon.core.keyword.builtin.CallTestCaseKeyword$_callTestCase_closure1.doCall(CallTestCaseKeyword.groovy:63)
	at com.kms.katalon.core.keyword.builtin.CallTestCaseKeyword$_callTestCase_closure1.call(CallTestCaseKeyword.groovy)
	at com.kms.katalon.core.keyword.internal.KeywordMain.runKeyword(KeywordMain.groovy:75)
	at com.kms.katalon.core.keyword.builtin.CallTestCaseKeyword.callTestCase(CallTestCaseKeyword.groovy:81)
	at com.kms.katalon.core.keyword.builtin.CallTestCaseKeyword.execute(CallTestCaseKeyword.groovy:44)
	at com.kms.katalon.core.keyword.internal.KeywordExecutor.executeKeywordForPlatform(KeywordExecutor.groovy:74)
	at com.kms.katalon.core.keyword.BuiltinKeywords.callTestCase(BuiltinKeywords.groovy:310)
	at PBL-002.run(PBL-002:20)
	at com.kms.katalon.core.main.ScriptEngine.run(ScriptEngine.java:194)
	at com.kms.katalon.core.main.ScriptEngine.runScriptAsRawText(ScriptEngine.java:119)
	at com.kms.katalon.core.main.TestCaseExecutor.runScript(TestCaseExecutor.java:448)
	at com.kms.katalon.core.main.TestCaseExecutor.doExecute(TestCaseExecutor.java:439)
	at com.kms.katalon.core.main.TestCaseExecutor.processExecutionPhase(TestCaseExecutor.java:418)
	at com.kms.katalon.core.main.TestCaseExecutor.accessMainPhase(TestCaseExecutor.java:410)
	at com.kms.katalon.core.main.TestCaseExecutor.execute(TestCaseExecutor.java:285)
	at com.kms.katalon.core.main.TestCaseMain.runTestCase(TestCaseMain.java:144)
	at com.kms.katalon.core.keyword.builtin.CallTestCaseKeyword$_callTestCase_closure1.doCall(CallTestCaseKeyword.groovy:59)
	at com.kms.katalon.core.keyword.builtin.CallTestCaseKeyword$_callTestCase_closure1.call(CallTestCaseKeyword.groovy)
	at com.kms.katalon.core.keyword.internal.KeywordMain.runKeyword(KeywordMain.groovy:75)
	at com.kms.katalon.core.keyword.builtin.CallTestCaseKeyword.callTestCase(CallTestCaseKeyword.groovy:81)
	at com.kms.katalon.core.keyword.builtin.CallTestCaseKeyword.execute(CallTestCaseKeyword.groovy:44)
	at com.kms.katalon.core.keyword.internal.KeywordExecutor.executeKeywordForPlatform(KeywordExecutor.groovy:74)
	at com.kms.katalon.core.keyword.BuiltinKeywords.callTestCase(BuiltinKeywords.groovy:310)
	at PBL-006.run(PBL-006:24)
	at com.kms.katalon.core.main.ScriptEngine.run(ScriptEngine.java:194)
	at com.kms.katalon.core.main.ScriptEngine.runScriptAsRawText(ScriptEngine.java:119)
	at com.kms.katalon.core.main.TestCaseExecutor.runScript(TestCaseExecutor.java:448)
	at com.kms.katalon.core.main.TestCaseExecutor.doExecute(TestCaseExecutor.java:439)
	at com.kms.katalon.core.main.TestCaseExecutor.processExecutionPhase(TestCaseExecutor.java:418)
	at com.kms.katalon.core.main.TestCaseExecutor.accessMainPhase(TestCaseExecutor.java:410)
	at com.kms.katalon.core.main.TestCaseExecutor.execute(TestCaseExecutor.java:285)
	at com.kms.katalon.core.common.CommonExecutor.accessTestCaseMainPhase(CommonExecutor.java:65)
	at com.kms.katalon.core.main.TestSuiteExecutor.accessTestSuiteMainPhase(TestSuiteExecutor.java:148)
	at com.kms.katalon.core.main.TestSuiteExecutor.execute(TestSuiteExecutor.java:106)
	at com.kms.katalon.core.main.TestCaseMain.startTestSuite(TestCaseMain.java:187)
	at com.kms.katalon.core.main.TestCaseMain$startTestSuite$0.call(Unknown Source)
	at TempTestSuite1696424348948.run(TempTestSuite1696424348948.groovy:36)
Caused by: com.kms.katalon.core.exception.StepFailedException: Unable to click on object 'Object Repository/beli barang/a_Fashion  Busana Wanita'
	at com.kms.katalon.core.webui.keyword.internal.WebUIKeywordMain.stepFailed(WebUIKeywordMain.groovy:64)
	at com.kms.katalon.core.webui.keyword.internal.WebUIKeywordMain.runKeyword(WebUIKeywordMain.groovy:26)
	at com.kms.katalon.core.webui.keyword.builtin.ClickKeyword.click(ClickKeyword.groovy:74)
	at com.kms.katalon.core.webui.keyword.builtin.ClickKeyword.execute(ClickKeyword.groovy:40)
	at com.kms.katalon.core.keyword.internal.KeywordExecutor.executeKeywordForPlatform(KeywordExecutor.groovy:74)
	at com.kms.katalon.core.webui.keyword.WebUiBuiltInKeywords.click(WebUiBuiltInKeywords.groovy:620)
	at com.kms.katalon.core.webui.keyword.WebUiBuiltInKeywords$click$2.call(Unknown Source)
	at PBL-001.run(PBL-001:25)
	at com.kms.katalon.core.main.ScriptEngine.run(ScriptEngine.java:194)
	at com.kms.katalon.core.main.ScriptEngine.runScriptAsRawText(ScriptEngine.java:119)
	at com.kms.katalon.core.main.TestCaseExecutor.runScript(TestCaseExecutor.java:448)
	at com.kms.katalon.core.main.TestCaseExecutor.doExecute(TestCaseExecutor.java:439)
	at com.kms.katalon.core.main.TestCaseExecutor.processExecutionPhase(TestCaseExecutor.java:418)
	at com.kms.katalon.core.main.TestCaseExecutor.accessMainPhase(TestCaseExecutor.java:410)
	at com.kms.katalon.core.main.TestCaseExecutor.execute(TestCaseExecutor.java:285)
	at com.kms.katalon.core.main.TestCaseMain.runTestCase(TestCaseMain.java:144)
	at com.kms.katalon.core.keyword.builtin.CallTestCaseKeyword$_callTestCase_closure1.doCall(CallTestCaseKeyword.groovy:59)
	... 36 more
Caused by: org.openqa.selenium.ElementNotInteractableException: Element <a href="https://10.9.2.63/ecommerce/produk/kategori/fashion--busana-wanita"> could not be scrolled into view
Build info: version: '3.141.59', revision: 'e82be7d358', time: '2018-11-14T08:25:53'
System info: host: 'DESKTOP-H62FVJ8', ip: '10.9.2.72', os.name: 'Windows 10', os.arch: 'amd64', os.version: '10.0', java.version: '1.8.0_362'
Driver info: com.kms.katalon.core.webui.driver.firefox.CGeckoDriver
Capabilities {acceptInsecureCerts: true, browserName: firefox, browserVersion: 117.0.1, javascriptEnabled: true, moz:accessibilityChecks: false, moz:buildID: 20230912013654, moz:geckodriverVersion: 0.33.0, moz:headless: false, moz:platformVersion: 10.0, moz:processID: 17496, moz:profile: C:\Users\IRFAN\AppData\Loca..., moz:shutdownTimeout: 60000, moz:webdriverClick: true, moz:windowless: false, pageLoadStrategy: normal, platform: WINDOWS, platformName: WINDOWS, proxy: Proxy(direct), setWindowRect: true, strictFileInteractability: false, timeouts: {implicit: 0, pageLoad: 300000, script: 30000}, unhandledPromptBehavior: dismiss and notify}
Session ID: 4a5912c3-b77c-4b2d-82e3-7f62eab1e469
	at org.openqa.selenium.remote.http.W3CHttpResponseCodec.createException(W3CHttpResponseCodec.java:187)
	at org.openqa.selenium.remote.http.W3CHttpResponseCodec.decode(W3CHttpResponseCodec.java:122)
	at org.openqa.selenium.remote.http.W3CHttpResponseCodec.decode(W3CHttpResponseCodec.java:49)
	at org.openqa.selenium.remote.HttpCommandExecutor.execute(HttpCommandExecutor.java:158)
	at org.openqa.selenium.remote.service.DriverCommandExecutor.execute(DriverCommandExecutor.java:83)
	at org.openqa.selenium.remote.RemoteWebDriver.execute(RemoteWebDriver.java:552)
	at com.kms.katalon.selenium.driver.CFirefoxDriver.execute(CFirefoxDriver.java:27)
	at org.openqa.selenium.remote.RemoteWebElement.execute(RemoteWebElement.java:285)
	at org.openqa.selenium.remote.RemoteWebElement.click(RemoteWebElement.java:84)
	at org.openqa.selenium.support.events.EventFiringWebDriver$EventFiringWebElement.lambda$new$0(EventFiringWebDriver.java:404)
	at com.sun.proxy.$Proxy11.click(Unknown Source)
	at org.openqa.selenium.support.events.EventFiringWebDriver$EventFiringWebElement.click(EventFiringWebDriver.java:417)
	at org.openqa.selenium.WebElement$click.call(Unknown Source)
	at com.kms.katalon.core.webui.keyword.builtin.ClickKeyword.clickUntilSuccessWithTimeout(ClickKeyword.groovy:81)
	at com.kms.katalon.core.webui.keyword.builtin.ClickKeyword.clickUntilSuccessWithTimeout(ClickKeyword.groovy)
	at com.kms.katalon.core.webui.keyword.builtin.ClickKeyword$_click_closure1.doCall(ClickKeyword.groovy:67)
	at com.kms.katalon.core.webui.keyword.builtin.ClickKeyword$_click_closure1.call(ClickKeyword.groovy)
	at com.kms.katalon.core.webui.keyword.internal.WebUIKeywordMain.runKeyword(WebUIKeywordMain.groovy:20)
	... 51 more
)

2023-10-04 20:01:38 - [TEST_CASE][FAILED] - Test Cases/T13 Pembelian, Shipment dan Pembayaran/PBL-001: Test Cases/T13 Pembelian, Shipment dan Pembayaran/PBL-001 FAILED.
Reason:
com.kms.katalon.core.exception.StepFailedException: Unable to click on object 'Object Repository/beli barang/a_Fashion  Busana Wanita'
	at com.kms.katalon.core.webui.keyword.internal.WebUIKeywordMain.stepFailed(WebUIKeywordMain.groovy:64)
	at com.kms.katalon.core.webui.keyword.internal.WebUIKeywordMain.runKeyword(WebUIKeywordMain.groovy:26)
	at com.kms.katalon.core.webui.keyword.builtin.ClickKeyword.click(ClickKeyword.groovy:74)
	at com.kms.katalon.core.webui.keyword.builtin.ClickKeyword.execute(ClickKeyword.groovy:40)
	at com.kms.katalon.core.keyword.internal.KeywordExecutor.executeKeywordForPlatform(KeywordExecutor.groovy:74)
	at com.kms.katalon.core.webui.keyword.WebUiBuiltInKeywords.click(WebUiBuiltInKeywords.groovy:620)
	at com.kms.katalon.core.webui.keyword.WebUiBuiltInKeywords$click$2.call(Unknown Source)
	at PBL-001.run(PBL-001:25)
	at com.kms.katalon.core.main.ScriptEngine.run(ScriptEngine.java:194)
	at com.kms.katalon.core.main.ScriptEngine.runScriptAsRawText(ScriptEngine.java:119)
	at com.kms.katalon.core.main.TestCaseExecutor.runScript(TestCaseExecutor.java:448)
	at com.kms.katalon.core.main.TestCaseExecutor.doExecute(TestCaseExecutor.java:439)
	at com.kms.katalon.core.main.TestCaseExecutor.processExecutionPhase(TestCaseExecutor.java:418)
	at com.kms.katalon.core.main.TestCaseExecutor.accessMainPhase(TestCaseExecutor.java:410)
	at com.kms.katalon.core.main.TestCaseExecutor.execute(TestCaseExecutor.java:285)
	at com.kms.katalon.core.main.TestCaseMain.runTestCase(TestCaseMain.java:144)
	at com.kms.katalon.core.keyword.builtin.CallTestCaseKeyword$_callTestCase_closure1.doCall(CallTestCaseKeyword.groovy:59)
	at com.kms.katalon.core.keyword.builtin.CallTestCaseKeyword$_callTestCase_closure1.call(CallTestCaseKeyword.groovy)
	at com.kms.katalon.core.keyword.internal.KeywordMain.runKeyword(KeywordMain.groovy:75)
	at com.kms.katalon.core.keyword.builtin.CallTestCaseKeyword.callTestCase(CallTestCaseKeyword.groovy:81)
	at com.kms.katalon.core.keyword.builtin.CallTestCaseKeyword.execute(CallTestCaseKeyword.groovy:44)
	at com.kms.katalon.core.keyword.internal.KeywordExecutor.executeKeywordForPlatform(KeywordExecutor.groovy:74)
	at com.kms.katalon.core.keyword.BuiltinKeywords.callTestCase(BuiltinKeywords.groovy:310)
	at PBL-002.run(PBL-002:20)
	at com.kms.katalon.core.main.ScriptEngine.run(ScriptEngine.java:194)
	at com.kms.katalon.core.main.ScriptEngine.runScriptAsRawText(ScriptEngine.java:119)
	at com.kms.katalon.core.main.TestCaseExecutor.runScript(TestCaseExecutor.java:448)
	at com.kms.katalon.core.main.TestCaseExecutor.doExecute(TestCaseExecutor.java:439)
	at com.kms.katalon.core.main.TestCaseExecutor.processExecutionPhase(TestCaseExecutor.java:418)
	at com.kms.katalon.core.main.TestCaseExecutor.accessMainPhase(TestCaseExecutor.java:410)
	at com.kms.katalon.core.main.TestCaseExecutor.execute(TestCaseExecutor.java:285)
	at com.kms.katalon.core.main.TestCaseMain.runTestCase(TestCaseMain.java:144)
	at com.kms.katalon.core.keyword.builtin.CallTestCaseKeyword$_callTestCase_closure1.doCall(CallTestCaseKeyword.groovy:59)
	at com.kms.katalon.core.keyword.builtin.CallTestCaseKeyword$_callTestCase_closure1.call(CallTestCaseKeyword.groovy)
	at com.kms.katalon.core.keyword.internal.KeywordMain.runKeyword(KeywordMain.groovy:75)
	at com.kms.katalon.core.keyword.builtin.CallTestCaseKeyword.callTestCase(CallTestCaseKeyword.groovy:81)
	at com.kms.katalon.core.keyword.builtin.CallTestCaseKeyword.execute(CallTestCaseKeyword.groovy:44)
	at com.kms.katalon.core.keyword.internal.KeywordExecutor.executeKeywordForPlatform(KeywordExecutor.groovy:74)
	at com.kms.katalon.core.keyword.BuiltinKeywords.callTestCase(BuiltinKeywords.groovy:310)
	at PBL-006.run(PBL-006:24)
	at com.kms.katalon.core.main.ScriptEngine.run(ScriptEngine.java:194)
	at com.kms.katalon.core.main.ScriptEngine.runScriptAsRawText(ScriptEngine.java:119)
	at com.kms.katalon.core.main.TestCaseExecutor.runScript(TestCaseExecutor.java:448)
	at com.kms.katalon.core.main.TestCaseExecutor.doExecute(TestCaseExecutor.java:439)
	at com.kms.katalon.core.main.TestCaseExecutor.processExecutionPhase(TestCaseExecutor.java:418)
	at com.kms.katalon.core.main.TestCaseExecutor.accessMainPhase(TestCaseExecutor.java:410)
	at com.kms.katalon.core.main.TestCaseExecutor.execute(TestCaseExecutor.java:285)
	at com.kms.katalon.core.common.CommonExecutor.accessTestCaseMainPhase(CommonExecutor.java:65)
	at com.kms.katalon.core.main.TestSuiteExecutor.accessTestSuiteMainPhase(TestSuiteExecutor.java:148)
	at com.kms.katalon.core.main.TestSuiteExecutor.execute(TestSuiteExecutor.java:106)
	at com.kms.katalon.core.main.TestCaseMain.startTestSuite(TestCaseMain.java:187)
	at com.kms.katalon.core.main.TestCaseMain$startTestSuite$0.call(Unknown Source)
	at TempTestSuite1696424348948.run(TempTestSuite1696424348948.groovy:36)
Caused by: org.openqa.selenium.ElementNotInteractableException: Element <a href="https://10.9.2.63/ecommerce/produk/kategori/fashion--busana-wanita"> could not be scrolled into view
Build info: version: '3.141.59', revision: 'e82be7d358', time: '2018-11-14T08:25:53'
System info: host: 'DESKTOP-H62FVJ8', ip: '10.9.2.72', os.name: 'Windows 10', os.arch: 'amd64', os.version: '10.0', java.version: '1.8.0_362'
Driver info: com.kms.katalon.core.webui.driver.firefox.CGeckoDriver
Capabilities {acceptInsecureCerts: true, browserName: firefox, browserVersion: 117.0.1, javascriptEnabled: true, moz:accessibilityChecks: false, moz:buildID: 20230912013654, moz:geckodriverVersion: 0.33.0, moz:headless: false, moz:platformVersion: 10.0, moz:processID: 17496, moz:profile: C:\Users\IRFAN\AppData\Loca..., moz:shutdownTimeout: 60000, moz:webdriverClick: true, moz:windowless: false, pageLoadStrategy: normal, platform: WINDOWS, platformName: WINDOWS, proxy: Proxy(direct), setWindowRect: true, strictFileInteractability: false, timeouts: {implicit: 0, pageLoad: 300000, script: 30000}, unhandledPromptBehavior: dismiss and notify}
Session ID: 4a5912c3-b77c-4b2d-82e3-7f62eab1e469
	at org.openqa.selenium.remote.http.W3CHttpResponseCodec.createException(W3CHttpResponseCodec.java:187)
	at org.openqa.selenium.remote.http.W3CHttpResponseCodec.decode(W3CHttpResponseCodec.java:122)
	at org.openqa.selenium.remote.http.W3CHttpResponseCodec.decode(W3CHttpResponseCodec.java:49)
	at org.openqa.selenium.remote.HttpCommandExecutor.execute(HttpCommandExecutor.java:158)
	at org.openqa.selenium.remote.service.DriverCommandExecutor.execute(DriverCommandExecutor.java:83)
	at org.openqa.selenium.remote.RemoteWebDriver.execute(RemoteWebDriver.java:552)
	at com.kms.katalon.selenium.driver.CFirefoxDriver.execute(CFirefoxDriver.java:27)
	at org.openqa.selenium.remote.RemoteWebElement.execute(RemoteWebElement.java:285)
	at org.openqa.selenium.remote.RemoteWebElement.click(RemoteWebElement.java:84)
	at org.openqa.selenium.support.events.EventFiringWebDriver$EventFiringWebElement.lambda$new$0(EventFiringWebDriver.java:404)
	at com.sun.proxy.$Proxy11.click(Unknown Source)
	at org.openqa.selenium.support.events.EventFiringWebDriver$EventFiringWebElement.click(EventFiringWebDriver.java:417)
	at org.openqa.selenium.WebElement$click.call(Unknown Source)
	at com.kms.katalon.core.webui.keyword.builtin.ClickKeyword.clickUntilSuccessWithTimeout(ClickKeyword.groovy:81)
	at com.kms.katalon.core.webui.keyword.builtin.ClickKeyword.clickUntilSuccessWithTimeout(ClickKeyword.groovy)
	at com.kms.katalon.core.webui.keyword.builtin.ClickKeyword$_click_closure1.doCall(ClickKeyword.groovy:67)
	at com.kms.katalon.core.webui.keyword.builtin.ClickKeyword$_click_closure1.call(ClickKeyword.groovy)
	at com.kms.katalon.core.webui.keyword.internal.WebUIKeywordMain.runKeyword(WebUIKeywordMain.groovy:20)
	... 51 more


2023-10-04 20:01:38 - [TEST_STEP][PASSED] - callTestCase(findTestCase("T13 Pembelian, Shipment dan Pembayaran/LU-001"), ["username":"irfanafandi", "password":"12345irfan"], STOP_ON_FAILURE): Call Test Case 'Test Cases/T13 Pembelian, Shipment dan Pembayaran/LU-001' successfully

2023-10-04 20:01:38 - [TEST_CASE][PASSED] - Test Cases/T13 Pembelian, Shipment dan Pembayaran/LU-001: Test Cases/T13 Pembelian, Shipment dan Pembayaran/LU-001

2023-10-04 20:01:38 - [TEST_STEP][PASSED] - openBrowser("https://10.9.2.63/ecommerce/"): Browser is opened with url: 'https://10.9.2.63/ecommerce/'

2023-10-04 20:01:38 - [MESSAGE][WARNING] - A browser is already opened. Closing browser and opening a new one

2023-10-04 20:01:39 - [MESSAGE][INFO] - Starting 'Firefox' driver

2023-10-04 20:01:39 - [MESSAGE][INFO] - User set preference: ['args', '[--disable-notifications]']

2023-10-04 20:01:39 - [MESSAGE][INFO] - Action delay is set to 0 milliseconds

2023-10-04 20:01:43 - [MESSAGE][PASSED] - Browser is opened with url: 'https://10.9.2.63/ecommerce/'

2023-10-04 20:01:43 - [TEST_STEP][PASSED] - maximizeWindow(): Current window maximized

2023-10-04 20:01:43 - [MESSAGE][PASSED] - Current window maximized

2023-10-04 20:01:43 - [TEST_STEP][PASSED] - verifyElementPresent(findTestObject("Login/Home"), 0): Object 'Object Repository/Login/Home' is present

2023-10-04 20:01:44 - [MESSAGE][WARNING] - Timeout '0' is invalid. Using default page load timeout: '30'

2023-10-04 20:01:44 - [MESSAGE][PASSED] - Object 'Object Repository/Login/Home' is present

2023-10-04 20:01:44 - [TEST_STEP][PASSED] - click(findTestObject("Login/a_Login")): Object: 'Object Repository/Login/a_Login' is clicked on

2023-10-04 20:01:44 - [MESSAGE][PASSED] - Object: 'Object Repository/Login/a_Login' is clicked on

2023-10-04 20:01:44 - [TEST_STEP][PASSED] - verifyElementPresent(findTestObject("Login/Tittle Login"), 0): Object 'Object Repository/Login/Tittle Login' is present

2023-10-04 20:01:45 - [MESSAGE][WARNING] - Timeout '0' is invalid. Using default page load timeout: '30'

2023-10-04 20:01:45 - [MESSAGE][PASSED] - Object 'Object Repository/Login/Tittle Login' is present

2023-10-04 20:01:45 - [TEST_STEP][PASSED] - setText(findTestObject("Login/input_Username, Email atau No. Handphone_a"), username): Text 'irfanafandi' is set on object 'Object Repository/Login/input_Username, Email atau No. Handphone_a'

2023-10-04 20:01:46 - [MESSAGE][PASSED] - Text 'irfanafandi' is set on object 'Object Repository/Login/input_Username, Email atau No. Handphone_a'

2023-10-04 20:01:46 - [TEST_STEP][PASSED] - setText(findTestObject("Login/input_Password_b"), password): Text '12345irfan' is set on object 'Object Repository/Login/input_Password_b'

2023-10-04 20:01:46 - [MESSAGE][PASSED] - Text '12345irfan' is set on object 'Object Repository/Login/input_Password_b'

2023-10-04 20:01:46 - [TEST_STEP][PASSED] - click(findTestObject("Login/label_Ingat saya")): Object: 'Object Repository/Login/label_Ingat saya' is clicked on

2023-10-04 20:01:47 - [MESSAGE][PASSED] - Object: 'Object Repository/Login/label_Ingat saya' is clicked on

2023-10-04 20:01:47 - [TEST_STEP][PASSED] - click(findTestObject("Login/button_Masuk")): Object: 'Object Repository/Login/button_Masuk' is clicked on

2023-10-04 20:01:48 - [MESSAGE][PASSED] - Object: 'Object Repository/Login/button_Masuk' is clicked on

2023-10-04 20:01:48 - [TEST_STEP][PASSED] - verifyElementPresent(findTestObject("Login/li_Profile"), 0): Object 'Object Repository/Login/li_Profile' is present

2023-10-04 20:01:48 - [MESSAGE][WARNING] - Timeout '0' is invalid. Using default page load timeout: '30'

2023-10-04 20:01:48 - [MESSAGE][PASSED] - Object 'Object Repository/Login/li_Profile' is present

2023-10-04 20:01:48 - [MESSAGE][PASSED] - Call Test Case 'Test Cases/T13 Pembelian, Shipment dan Pembayaran/LU-001' successfully

2023-10-04 20:01:48 - [TEST_STEP][PASSED] - mouseOver(findTestObject("beli barang/i_Mulai Belanja_icon-menu")): Object: 'Object Repository/beli barang/i_Mulai Belanja_icon-menu' is hovered

2023-10-04 20:01:49 - [MESSAGE][PASSED] - Object: 'Object Repository/beli barang/i_Mulai Belanja_icon-menu' is hovered

2023-10-04 20:01:49 - [TEST_STEP][FAILED] - click(findTestObject("beli barang/a_Fashion  Busana Wanita")): Unable to click on object 'Object Repository/beli barang/a_Fashion  Busana Wanita' (Root cause: com.kms.katalon.core.exception.StepFailedException: Unable to click on object 'Object Repository/beli barang/a_Fashion  Busana Wanita'
	at com.kms.katalon.core.webui.keyword.internal.WebUIKeywordMain.stepFailed(WebUIKeywordMain.groovy:64)
	at com.kms.katalon.core.webui.keyword.internal.WebUIKeywordMain.runKeyword(WebUIKeywordMain.groovy:26)
	at com.kms.katalon.core.webui.keyword.builtin.ClickKeyword.click(ClickKeyword.groovy:74)
	at com.kms.katalon.core.webui.keyword.builtin.ClickKeyword.execute(ClickKeyword.groovy:40)
	at com.kms.katalon.core.keyword.internal.KeywordExecutor.executeKeywordForPlatform(KeywordExecutor.groovy:74)
	at com.kms.katalon.core.webui.keyword.WebUiBuiltInKeywords.click(WebUiBuiltInKeywords.groovy:620)
	at com.kms.katalon.core.webui.keyword.WebUiBuiltInKeywords$click$2.call(Unknown Source)
	at PBL-001.run(PBL-001:25)
	at com.kms.katalon.core.main.ScriptEngine.run(ScriptEngine.java:194)
	at com.kms.katalon.core.main.ScriptEngine.runScriptAsRawText(ScriptEngine.java:119)
	at com.kms.katalon.core.main.TestCaseExecutor.runScript(TestCaseExecutor.java:448)
	at com.kms.katalon.core.main.TestCaseExecutor.doExecute(TestCaseExecutor.java:439)
	at com.kms.katalon.core.main.TestCaseExecutor.processExecutionPhase(TestCaseExecutor.java:418)
	at com.kms.katalon.core.main.TestCaseExecutor.accessMainPhase(TestCaseExecutor.java:410)
	at com.kms.katalon.core.main.TestCaseExecutor.execute(TestCaseExecutor.java:285)
	at com.kms.katalon.core.main.TestCaseMain.runTestCase(TestCaseMain.java:144)
	at com.kms.katalon.core.keyword.builtin.CallTestCaseKeyword$_callTestCase_closure1.doCall(CallTestCaseKeyword.groovy:59)
	at com.kms.katalon.core.keyword.builtin.CallTestCaseKeyword$_callTestCase_closure1.call(CallTestCaseKeyword.groovy)
	at com.kms.katalon.core.keyword.internal.KeywordMain.runKeyword(KeywordMain.groovy:75)
	at com.kms.katalon.core.keyword.builtin.CallTestCaseKeyword.callTestCase(CallTestCaseKeyword.groovy:81)
	at com.kms.katalon.core.keyword.builtin.CallTestCaseKeyword.execute(CallTestCaseKeyword.groovy:44)
	at com.kms.katalon.core.keyword.internal.KeywordExecutor.executeKeywordForPlatform(KeywordExecutor.groovy:74)
	at com.kms.katalon.core.keyword.BuiltinKeywords.callTestCase(BuiltinKeywords.groovy:310)
	at PBL-002.run(PBL-002:20)
	at com.kms.katalon.core.main.ScriptEngine.run(ScriptEngine.java:194)
	at com.kms.katalon.core.main.ScriptEngine.runScriptAsRawText(ScriptEngine.java:119)
	at com.kms.katalon.core.main.TestCaseExecutor.runScript(TestCaseExecutor.java:448)
	at com.kms.katalon.core.main.TestCaseExecutor.doExecute(TestCaseExecutor.java:439)
	at com.kms.katalon.core.main.TestCaseExecutor.processExecutionPhase(TestCaseExecutor.java:418)
	at com.kms.katalon.core.main.TestCaseExecutor.accessMainPhase(TestCaseExecutor.java:410)
	at com.kms.katalon.core.main.TestCaseExecutor.execute(TestCaseExecutor.java:285)
	at com.kms.katalon.core.main.TestCaseMain.runTestCase(TestCaseMain.java:144)
	at com.kms.katalon.core.keyword.builtin.CallTestCaseKeyword$_callTestCase_closure1.doCall(CallTestCaseKeyword.groovy:59)
	at com.kms.katalon.core.keyword.builtin.CallTestCaseKeyword$_callTestCase_closure1.call(CallTestCaseKeyword.groovy)
	at com.kms.katalon.core.keyword.internal.KeywordMain.runKeyword(KeywordMain.groovy:75)
	at com.kms.katalon.core.keyword.builtin.CallTestCaseKeyword.callTestCase(CallTestCaseKeyword.groovy:81)
	at com.kms.katalon.core.keyword.builtin.CallTestCaseKeyword.execute(CallTestCaseKeyword.groovy:44)
	at com.kms.katalon.core.keyword.internal.KeywordExecutor.executeKeywordForPlatform(KeywordExecutor.groovy:74)
	at com.kms.katalon.core.keyword.BuiltinKeywords.callTestCase(BuiltinKeywords.groovy:310)
	at PBL-006.run(PBL-006:24)
	at com.kms.katalon.core.main.ScriptEngine.run(ScriptEngine.java:194)
	at com.kms.katalon.core.main.ScriptEngine.runScriptAsRawText(ScriptEngine.java:119)
	at com.kms.katalon.core.main.TestCaseExecutor.runScript(TestCaseExecutor.java:448)
	at com.kms.katalon.core.main.TestCaseExecutor.doExecute(TestCaseExecutor.java:439)
	at com.kms.katalon.core.main.TestCaseExecutor.processExecutionPhase(TestCaseExecutor.java:418)
	at com.kms.katalon.core.main.TestCaseExecutor.accessMainPhase(TestCaseExecutor.java:410)
	at com.kms.katalon.core.main.TestCaseExecutor.execute(TestCaseExecutor.java:285)
	at com.kms.katalon.core.common.CommonExecutor.accessTestCaseMainPhase(CommonExecutor.java:65)
	at com.kms.katalon.core.main.TestSuiteExecutor.accessTestSuiteMainPhase(TestSuiteExecutor.java:148)
	at com.kms.katalon.core.main.TestSuiteExecutor.execute(TestSuiteExecutor.java:106)
	at com.kms.katalon.core.main.TestCaseMain.startTestSuite(TestCaseMain.java:187)
	at com.kms.katalon.core.main.TestCaseMain$startTestSuite$0.call(Unknown Source)
	at TempTestSuite1696424348948.run(TempTestSuite1696424348948.groovy:36)
Caused by: org.openqa.selenium.ElementNotInteractableException: Element <a href="https://10.9.2.63/ecommerce/produk/kategori/fashion--busana-wanita"> could not be scrolled into view
Build info: version: '3.141.59', revision: 'e82be7d358', time: '2018-11-14T08:25:53'
System info: host: 'DESKTOP-H62FVJ8', ip: '10.9.2.72', os.name: 'Windows 10', os.arch: 'amd64', os.version: '10.0', java.version: '1.8.0_362'
Driver info: com.kms.katalon.core.webui.driver.firefox.CGeckoDriver
Capabilities {acceptInsecureCerts: true, browserName: firefox, browserVersion: 117.0.1, javascriptEnabled: true, moz:accessibilityChecks: false, moz:buildID: 20230912013654, moz:geckodriverVersion: 0.33.0, moz:headless: false, moz:platformVersion: 10.0, moz:processID: 17496, moz:profile: C:\Users\IRFAN\AppData\Loca..., moz:shutdownTimeout: 60000, moz:webdriverClick: true, moz:windowless: false, pageLoadStrategy: normal, platform: WINDOWS, platformName: WINDOWS, proxy: Proxy(direct), setWindowRect: true, strictFileInteractability: false, timeouts: {implicit: 0, pageLoad: 300000, script: 30000}, unhandledPromptBehavior: dismiss and notify}
Session ID: 4a5912c3-b77c-4b2d-82e3-7f62eab1e469
	at org.openqa.selenium.remote.http.W3CHttpResponseCodec.createException(W3CHttpResponseCodec.java:187)
	at org.openqa.selenium.remote.http.W3CHttpResponseCodec.decode(W3CHttpResponseCodec.java:122)
	at org.openqa.selenium.remote.http.W3CHttpResponseCodec.decode(W3CHttpResponseCodec.java:49)
	at org.openqa.selenium.remote.HttpCommandExecutor.execute(HttpCommandExecutor.java:158)
	at org.openqa.selenium.remote.service.DriverCommandExecutor.execute(DriverCommandExecutor.java:83)
	at org.openqa.selenium.remote.RemoteWebDriver.execute(RemoteWebDriver.java:552)
	at com.kms.katalon.selenium.driver.CFirefoxDriver.execute(CFirefoxDriver.java:27)
	at org.openqa.selenium.remote.RemoteWebElement.execute(RemoteWebElement.java:285)
	at org.openqa.selenium.remote.RemoteWebElement.click(RemoteWebElement.java:84)
	at org.openqa.selenium.support.events.EventFiringWebDriver$EventFiringWebElement.lambda$new$0(EventFiringWebDriver.java:404)
	at com.sun.proxy.$Proxy11.click(Unknown Source)
	at org.openqa.selenium.support.events.EventFiringWebDriver$EventFiringWebElement.click(EventFiringWebDriver.java:417)
	at org.openqa.selenium.WebElement$click.call(Unknown Source)
	at com.kms.katalon.core.webui.keyword.builtin.ClickKeyword.clickUntilSuccessWithTimeout(ClickKeyword.groovy:81)
	at com.kms.katalon.core.webui.keyword.builtin.ClickKeyword.clickUntilSuccessWithTimeout(ClickKeyword.groovy)
	at com.kms.katalon.core.webui.keyword.builtin.ClickKeyword$_click_closure1.doCall(ClickKeyword.groovy:67)
	at com.kms.katalon.core.webui.keyword.builtin.ClickKeyword$_click_closure1.call(ClickKeyword.groovy)
	at com.kms.katalon.core.webui.keyword.internal.WebUIKeywordMain.runKeyword(WebUIKeywordMain.groovy:20)
	at com.kms.katalon.core.webui.keyword.builtin.ClickKeyword.click(ClickKeyword.groovy:74)
	at com.kms.katalon.core.webui.keyword.builtin.ClickKeyword.execute(ClickKeyword.groovy:40)
	at com.kms.katalon.core.keyword.internal.KeywordExecutor.executeKeywordForPlatform(KeywordExecutor.groovy:74)
	at com.kms.katalon.core.webui.keyword.WebUiBuiltInKeywords.click(WebUiBuiltInKeywords.groovy:620)
	at com.kms.katalon.core.webui.keyword.WebUiBuiltInKeywords$click$2.call(Unknown Source)
	at Script1695957258534.run(Script1695957258534.groovy:25)
	at com.kms.katalon.core.main.ScriptEngine.run(ScriptEngine.java:194)
	at com.kms.katalon.core.main.ScriptEngine.runScriptAsRawText(ScriptEngine.java:119)
	at com.kms.katalon.core.main.TestCaseExecutor.runScript(TestCaseExecutor.java:448)
	at com.kms.katalon.core.main.TestCaseExecutor.doExecute(TestCaseExecutor.java:439)
	at com.kms.katalon.core.main.TestCaseExecutor.processExecutionPhase(TestCaseExecutor.java:418)
	at com.kms.katalon.core.main.TestCaseExecutor.accessMainPhase(TestCaseExecutor.java:410)
	at com.kms.katalon.core.main.TestCaseExecutor.execute(TestCaseExecutor.java:285)
	at com.kms.katalon.core.main.TestCaseMain.runTestCase(TestCaseMain.java:144)
	at com.kms.katalon.core.keyword.builtin.CallTestCaseKeyword$_callTestCase_closure1.doCall(CallTestCaseKeyword.groovy:59)
	at com.kms.katalon.core.keyword.builtin.CallTestCaseKeyword$_callTestCase_closure1.call(CallTestCaseKeyword.groovy)
	at com.kms.katalon.core.keyword.internal.KeywordMain.runKeyword(KeywordMain.groovy:75)
	at com.kms.katalon.core.keyword.builtin.CallTestCaseKeyword.callTestCase(CallTestCaseKeyword.groovy:81)
	at com.kms.katalon.core.keyword.builtin.CallTestCaseKeyword.execute(CallTestCaseKeyword.groovy:44)
	at com.kms.katalon.core.keyword.internal.KeywordExecutor.executeKeywordForPlatform(KeywordExecutor.groovy:74)
	at com.kms.katalon.core.keyword.BuiltinKeywords.callTestCase(BuiltinKeywords.groovy:310)
	at Script1695957351890.run(Script1695957351890.groovy:20)
	at com.kms.katalon.core.main.ScriptEngine.run(ScriptEngine.java:194)
	at com.kms.katalon.core.main.ScriptEngine.runScriptAsRawText(ScriptEngine.java:119)
	at com.kms.katalon.core.main.TestCaseExecutor.runScript(TestCaseExecutor.java:448)
	at com.kms.katalon.core.main.TestCaseExecutor.doExecute(TestCaseExecutor.java:439)
	at com.kms.katalon.core.main.TestCaseExecutor.processExecutionPhase(TestCaseExecutor.java:418)
	at com.kms.katalon.core.main.TestCaseExecutor.accessMainPhase(TestCaseExecutor.java:410)
	at com.kms.katalon.core.main.TestCaseExecutor.execute(TestCaseExecutor.java:285)
	at com.kms.katalon.core.main.TestCaseMain.runTestCase(TestCaseMain.java:144)
	at com.kms.katalon.core.keyword.builtin.CallTestCaseKeyword$_callTestCase_closure1.doCall(CallTestCaseKeyword.groovy:59)
	at com.kms.katalon.core.keyword.builtin.CallTestCaseKeyword$_callTestCase_closure1.call(CallTestCaseKeyword.groovy)
	at com.kms.katalon.core.keyword.internal.KeywordMain.runKeyword(KeywordMain.groovy:75)
	at com.kms.katalon.core.keyword.builtin.CallTestCaseKeyword.callTestCase(CallTestCaseKeyword.groovy:81)
	at com.kms.katalon.core.keyword.builtin.CallTestCaseKeyword.execute(CallTestCaseKeyword.groovy:44)
	at com.kms.katalon.core.keyword.internal.KeywordExecutor.executeKeywordForPlatform(KeywordExecutor.groovy:74)
	at com.kms.katalon.core.keyword.BuiltinKeywords.callTestCase(BuiltinKeywords.groovy:310)
	at Script1695957656941.run(Script1695957656941.groovy:24)
	... 13 more
)

2023-10-04 20:01:49 - [MESSAGE][FAILED] - Unable to click on object 'Object Repository/beli barang/a_Fashion  Busana Wanita' (Root cause: com.kms.katalon.core.exception.StepFailedException: Unable to click on object 'Object Repository/beli barang/a_Fashion  Busana Wanita'
	at com.kms.katalon.core.webui.keyword.internal.WebUIKeywordMain.stepFailed(WebUIKeywordMain.groovy:64)
	at com.kms.katalon.core.webui.keyword.internal.WebUIKeywordMain.runKeyword(WebUIKeywordMain.groovy:26)
	at com.kms.katalon.core.webui.keyword.builtin.ClickKeyword.click(ClickKeyword.groovy:74)
	at com.kms.katalon.core.webui.keyword.builtin.ClickKeyword.execute(ClickKeyword.groovy:40)
	at com.kms.katalon.core.keyword.internal.KeywordExecutor.executeKeywordForPlatform(KeywordExecutor.groovy:74)
	at com.kms.katalon.core.webui.keyword.WebUiBuiltInKeywords.click(WebUiBuiltInKeywords.groovy:620)
	at com.kms.katalon.core.webui.keyword.WebUiBuiltInKeywords$click$2.call(Unknown Source)
	at PBL-001.run(PBL-001:25)
	at com.kms.katalon.core.main.ScriptEngine.run(ScriptEngine.java:194)
	at com.kms.katalon.core.main.ScriptEngine.runScriptAsRawText(ScriptEngine.java:119)
	at com.kms.katalon.core.main.TestCaseExecutor.runScript(TestCaseExecutor.java:448)
	at com.kms.katalon.core.main.TestCaseExecutor.doExecute(TestCaseExecutor.java:439)
	at com.kms.katalon.core.main.TestCaseExecutor.processExecutionPhase(TestCaseExecutor.java:418)
	at com.kms.katalon.core.main.TestCaseExecutor.accessMainPhase(TestCaseExecutor.java:410)
	at com.kms.katalon.core.main.TestCaseExecutor.execute(TestCaseExecutor.java:285)
	at com.kms.katalon.core.main.TestCaseMain.runTestCase(TestCaseMain.java:144)
	at com.kms.katalon.core.keyword.builtin.CallTestCaseKeyword$_callTestCase_closure1.doCall(CallTestCaseKeyword.groovy:59)
	at com.kms.katalon.core.keyword.builtin.CallTestCaseKeyword$_callTestCase_closure1.call(CallTestCaseKeyword.groovy)
	at com.kms.katalon.core.keyword.internal.KeywordMain.runKeyword(KeywordMain.groovy:75)
	at com.kms.katalon.core.keyword.builtin.CallTestCaseKeyword.callTestCase(CallTestCaseKeyword.groovy:81)
	at com.kms.katalon.core.keyword.builtin.CallTestCaseKeyword.execute(CallTestCaseKeyword.groovy:44)
	at com.kms.katalon.core.keyword.internal.KeywordExecutor.executeKeywordForPlatform(KeywordExecutor.groovy:74)
	at com.kms.katalon.core.keyword.BuiltinKeywords.callTestCase(BuiltinKeywords.groovy:310)
	at PBL-002.run(PBL-002:20)
	at com.kms.katalon.core.main.ScriptEngine.run(ScriptEngine.java:194)
	at com.kms.katalon.core.main.ScriptEngine.runScriptAsRawText(ScriptEngine.java:119)
	at com.kms.katalon.core.main.TestCaseExecutor.runScript(TestCaseExecutor.java:448)
	at com.kms.katalon.core.main.TestCaseExecutor.doExecute(TestCaseExecutor.java:439)
	at com.kms.katalon.core.main.TestCaseExecutor.processExecutionPhase(TestCaseExecutor.java:418)
	at com.kms.katalon.core.main.TestCaseExecutor.accessMainPhase(TestCaseExecutor.java:410)
	at com.kms.katalon.core.main.TestCaseExecutor.execute(TestCaseExecutor.java:285)
	at com.kms.katalon.core.main.TestCaseMain.runTestCase(TestCaseMain.java:144)
	at com.kms.katalon.core.keyword.builtin.CallTestCaseKeyword$_callTestCase_closure1.doCall(CallTestCaseKeyword.groovy:59)
	at com.kms.katalon.core.keyword.builtin.CallTestCaseKeyword$_callTestCase_closure1.call(CallTestCaseKeyword.groovy)
	at com.kms.katalon.core.keyword.internal.KeywordMain.runKeyword(KeywordMain.groovy:75)
	at com.kms.katalon.core.keyword.builtin.CallTestCaseKeyword.callTestCase(CallTestCaseKeyword.groovy:81)
	at com.kms.katalon.core.keyword.builtin.CallTestCaseKeyword.execute(CallTestCaseKeyword.groovy:44)
	at com.kms.katalon.core.keyword.internal.KeywordExecutor.executeKeywordForPlatform(KeywordExecutor.groovy:74)
	at com.kms.katalon.core.keyword.BuiltinKeywords.callTestCase(BuiltinKeywords.groovy:310)
	at PBL-006.run(PBL-006:24)
	at com.kms.katalon.core.main.ScriptEngine.run(ScriptEngine.java:194)
	at com.kms.katalon.core.main.ScriptEngine.runScriptAsRawText(ScriptEngine.java:119)
	at com.kms.katalon.core.main.TestCaseExecutor.runScript(TestCaseExecutor.java:448)
	at com.kms.katalon.core.main.TestCaseExecutor.doExecute(TestCaseExecutor.java:439)
	at com.kms.katalon.core.main.TestCaseExecutor.processExecutionPhase(TestCaseExecutor.java:418)
	at com.kms.katalon.core.main.TestCaseExecutor.accessMainPhase(TestCaseExecutor.java:410)
	at com.kms.katalon.core.main.TestCaseExecutor.execute(TestCaseExecutor.java:285)
	at com.kms.katalon.core.common.CommonExecutor.accessTestCaseMainPhase(CommonExecutor.java:65)
	at com.kms.katalon.core.main.TestSuiteExecutor.accessTestSuiteMainPhase(TestSuiteExecutor.java:148)
	at com.kms.katalon.core.main.TestSuiteExecutor.execute(TestSuiteExecutor.java:106)
	at com.kms.katalon.core.main.TestCaseMain.startTestSuite(TestCaseMain.java:187)
	at com.kms.katalon.core.main.TestCaseMain$startTestSuite$0.call(Unknown Source)
	at TempTestSuite1696424348948.run(TempTestSuite1696424348948.groovy:36)
Caused by: org.openqa.selenium.ElementNotInteractableException: Element <a href="https://10.9.2.63/ecommerce/produk/kategori/fashion--busana-wanita"> could not be scrolled into view
Build info: version: '3.141.59', revision: 'e82be7d358', time: '2018-11-14T08:25:53'
System info: host: 'DESKTOP-H62FVJ8', ip: '10.9.2.72', os.name: 'Windows 10', os.arch: 'amd64', os.version: '10.0', java.version: '1.8.0_362'
Driver info: com.kms.katalon.core.webui.driver.firefox.CGeckoDriver
Capabilities {acceptInsecureCerts: true, browserName: firefox, browserVersion: 117.0.1, javascriptEnabled: true, moz:accessibilityChecks: false, moz:buildID: 20230912013654, moz:geckodriverVersion: 0.33.0, moz:headless: false, moz:platformVersion: 10.0, moz:processID: 17496, moz:profile: C:\Users\IRFAN\AppData\Loca..., moz:shutdownTimeout: 60000, moz:webdriverClick: true, moz:windowless: false, pageLoadStrategy: normal, platform: WINDOWS, platformName: WINDOWS, proxy: Proxy(direct), setWindowRect: true, strictFileInteractability: false, timeouts: {implicit: 0, pageLoad: 300000, script: 30000}, unhandledPromptBehavior: dismiss and notify}
Session ID: 4a5912c3-b77c-4b2d-82e3-7f62eab1e469
	at org.openqa.selenium.remote.http.W3CHttpResponseCodec.createException(W3CHttpResponseCodec.java:187)
	at org.openqa.selenium.remote.http.W3CHttpResponseCodec.decode(W3CHttpResponseCodec.java:122)
	at org.openqa.selenium.remote.http.W3CHttpResponseCodec.decode(W3CHttpResponseCodec.java:49)
	at org.openqa.selenium.remote.HttpCommandExecutor.execute(HttpCommandExecutor.java:158)
	at org.openqa.selenium.remote.service.DriverCommandExecutor.execute(DriverCommandExecutor.java:83)
	at org.openqa.selenium.remote.RemoteWebDriver.execute(RemoteWebDriver.java:552)
	at com.kms.katalon.selenium.driver.CFirefoxDriver.execute(CFirefoxDriver.java:27)
	at org.openqa.selenium.remote.RemoteWebElement.execute(RemoteWebElement.java:285)
	at org.openqa.selenium.remote.RemoteWebElement.click(RemoteWebElement.java:84)
	at org.openqa.selenium.support.events.EventFiringWebDriver$EventFiringWebElement.lambda$new$0(EventFiringWebDriver.java:404)
	at com.sun.proxy.$Proxy11.click(Unknown Source)
	at org.openqa.selenium.support.events.EventFiringWebDriver$EventFiringWebElement.click(EventFiringWebDriver.java:417)
	at org.openqa.selenium.WebElement$click.call(Unknown Source)
	at com.kms.katalon.core.webui.keyword.builtin.ClickKeyword.clickUntilSuccessWithTimeout(ClickKeyword.groovy:81)
	at com.kms.katalon.core.webui.keyword.builtin.ClickKeyword.clickUntilSuccessWithTimeout(ClickKeyword.groovy)
	at com.kms.katalon.core.webui.keyword.builtin.ClickKeyword$_click_closure1.doCall(ClickKeyword.groovy:67)
	at com.kms.katalon.core.webui.keyword.builtin.ClickKeyword$_click_closure1.call(ClickKeyword.groovy)
	at com.kms.katalon.core.webui.keyword.internal.WebUIKeywordMain.runKeyword(WebUIKeywordMain.groovy:20)
	at com.kms.katalon.core.webui.keyword.builtin.ClickKeyword.click(ClickKeyword.groovy:74)
	at com.kms.katalon.core.webui.keyword.builtin.ClickKeyword.execute(ClickKeyword.groovy:40)
	at com.kms.katalon.core.keyword.internal.KeywordExecutor.executeKeywordForPlatform(KeywordExecutor.groovy:74)
	at com.kms.katalon.core.webui.keyword.WebUiBuiltInKeywords.click(WebUiBuiltInKeywords.groovy:620)
	at com.kms.katalon.core.webui.keyword.WebUiBuiltInKeywords$click$2.call(Unknown Source)
	at Script1695957258534.run(Script1695957258534.groovy:25)
	at com.kms.katalon.core.main.ScriptEngine.run(ScriptEngine.java:194)
	at com.kms.katalon.core.main.ScriptEngine.runScriptAsRawText(ScriptEngine.java:119)
	at com.kms.katalon.core.main.TestCaseExecutor.runScript(TestCaseExecutor.java:448)
	at com.kms.katalon.core.main.TestCaseExecutor.doExecute(TestCaseExecutor.java:439)
	at com.kms.katalon.core.main.TestCaseExecutor.processExecutionPhase(TestCaseExecutor.java:418)
	at com.kms.katalon.core.main.TestCaseExecutor.accessMainPhase(TestCaseExecutor.java:410)
	at com.kms.katalon.core.main.TestCaseExecutor.execute(TestCaseExecutor.java:285)
	at com.kms.katalon.core.main.TestCaseMain.runTestCase(TestCaseMain.java:144)
	at com.kms.katalon.core.keyword.builtin.CallTestCaseKeyword$_callTestCase_closure1.doCall(CallTestCaseKeyword.groovy:59)
	at com.kms.katalon.core.keyword.builtin.CallTestCaseKeyword$_callTestCase_closure1.call(CallTestCaseKeyword.groovy)
	at com.kms.katalon.core.keyword.internal.KeywordMain.runKeyword(KeywordMain.groovy:75)
	at com.kms.katalon.core.keyword.builtin.CallTestCaseKeyword.callTestCase(CallTestCaseKeyword.groovy:81)
	at com.kms.katalon.core.keyword.builtin.CallTestCaseKeyword.execute(CallTestCaseKeyword.groovy:44)
	at com.kms.katalon.core.keyword.internal.KeywordExecutor.executeKeywordForPlatform(KeywordExecutor.groovy:74)
	at com.kms.katalon.core.keyword.BuiltinKeywords.callTestCase(BuiltinKeywords.groovy:310)
	at Script1695957351890.run(Script1695957351890.groovy:20)
	at com.kms.katalon.core.main.ScriptEngine.run(ScriptEngine.java:194)
	at com.kms.katalon.core.main.ScriptEngine.runScriptAsRawText(ScriptEngine.java:119)
	at com.kms.katalon.core.main.TestCaseExecutor.runScript(TestCaseExecutor.java:448)
	at com.kms.katalon.core.main.TestCaseExecutor.doExecute(TestCaseExecutor.java:439)
	at com.kms.katalon.core.main.TestCaseExecutor.processExecutionPhase(TestCaseExecutor.java:418)
	at com.kms.katalon.core.main.TestCaseExecutor.accessMainPhase(TestCaseExecutor.java:410)
	at com.kms.katalon.core.main.TestCaseExecutor.execute(TestCaseExecutor.java:285)
	at com.kms.katalon.core.main.TestCaseMain.runTestCase(TestCaseMain.java:144)
	at com.kms.katalon.core.keyword.builtin.CallTestCaseKeyword$_callTestCase_closure1.doCall(CallTestCaseKeyword.groovy:59)
	at com.kms.katalon.core.keyword.builtin.CallTestCaseKeyword$_callTestCase_closure1.call(CallTestCaseKeyword.groovy)
	at com.kms.katalon.core.keyword.internal.KeywordMain.runKeyword(KeywordMain.groovy:75)
	at com.kms.katalon.core.keyword.builtin.CallTestCaseKeyword.callTestCase(CallTestCaseKeyword.groovy:81)
	at com.kms.katalon.core.keyword.builtin.CallTestCaseKeyword.execute(CallTestCaseKeyword.groovy:44)
	at com.kms.katalon.core.keyword.internal.KeywordExecutor.executeKeywordForPlatform(KeywordExecutor.groovy:74)
	at com.kms.katalon.core.keyword.BuiltinKeywords.callTestCase(BuiltinKeywords.groovy:310)
	at Script1695957656941.run(Script1695957656941.groovy:24)
	... 13 more
)
[[ATTACHMENT|D:\\BOOTCAMP XSIS\\Projek 2 MINI PROJEK\\Reports\\20231004_190004\\T13 Pembelian, Shipment dan Pembayaran\\T13 Pembelian, Shipment dan Pembayaran\\20231004_195908\\1696424509596.png]]

2023-10-04 20:01:49 - [MESSAGE][FAILED] - Unable to call Test Case 'Test Cases/T13 Pembelian, Shipment dan Pembayaran/PBL-001' (Root cause: com.kms.katalon.core.exception.StepFailedException: Call Test Case 'Test Cases/T13 Pembelian, Shipment dan Pembayaran/PBL-001' failed
	at com.kms.katalon.core.keyword.builtin.CallTestCaseKeyword$_callTestCase_closure1.doCall(CallTestCaseKeyword.groovy:63)
	at com.kms.katalon.core.keyword.builtin.CallTestCaseKeyword$_callTestCase_closure1.call(CallTestCaseKeyword.groovy)
	at com.kms.katalon.core.keyword.internal.KeywordMain.runKeyword(KeywordMain.groovy:75)
	at com.kms.katalon.core.keyword.builtin.CallTestCaseKeyword.callTestCase(CallTestCaseKeyword.groovy:81)
	at com.kms.katalon.core.keyword.builtin.CallTestCaseKeyword.execute(CallTestCaseKeyword.groovy:44)
	at com.kms.katalon.core.keyword.internal.KeywordExecutor.executeKeywordForPlatform(KeywordExecutor.groovy:74)
	at com.kms.katalon.core.keyword.BuiltinKeywords.callTestCase(BuiltinKeywords.groovy:310)
	at PBL-002.run(PBL-002:20)
	at com.kms.katalon.core.main.ScriptEngine.run(ScriptEngine.java:194)
	at com.kms.katalon.core.main.ScriptEngine.runScriptAsRawText(ScriptEngine.java:119)
	at com.kms.katalon.core.main.TestCaseExecutor.runScript(TestCaseExecutor.java:448)
	at com.kms.katalon.core.main.TestCaseExecutor.doExecute(TestCaseExecutor.java:439)
	at com.kms.katalon.core.main.TestCaseExecutor.processExecutionPhase(TestCaseExecutor.java:418)
	at com.kms.katalon.core.main.TestCaseExecutor.accessMainPhase(TestCaseExecutor.java:410)
	at com.kms.katalon.core.main.TestCaseExecutor.execute(TestCaseExecutor.java:285)
	at com.kms.katalon.core.main.TestCaseMain.runTestCase(TestCaseMain.java:144)
	at com.kms.katalon.core.keyword.builtin.CallTestCaseKeyword$_callTestCase_closure1.doCall(CallTestCaseKeyword.groovy:59)
	at com.kms.katalon.core.keyword.builtin.CallTestCaseKeyword$_callTestCase_closure1.call(CallTestCaseKeyword.groovy)
	at com.kms.katalon.core.keyword.internal.KeywordMain.runKeyword(KeywordMain.groovy:75)
	at com.kms.katalon.core.keyword.builtin.CallTestCaseKeyword.callTestCase(CallTestCaseKeyword.groovy:81)
	at com.kms.katalon.core.keyword.builtin.CallTestCaseKeyword.execute(CallTestCaseKeyword.groovy:44)
	at com.kms.katalon.core.keyword.internal.KeywordExecutor.executeKeywordForPlatform(KeywordExecutor.groovy:74)
	at com.kms.katalon.core.keyword.BuiltinKeywords.callTestCase(BuiltinKeywords.groovy:310)
	at PBL-006.run(PBL-006:24)
	at com.kms.katalon.core.main.ScriptEngine.run(ScriptEngine.java:194)
	at com.kms.katalon.core.main.ScriptEngine.runScriptAsRawText(ScriptEngine.java:119)
	at com.kms.katalon.core.main.TestCaseExecutor.runScript(TestCaseExecutor.java:448)
	at com.kms.katalon.core.main.TestCaseExecutor.doExecute(TestCaseExecutor.java:439)
	at com.kms.katalon.core.main.TestCaseExecutor.processExecutionPhase(TestCaseExecutor.java:418)
	at com.kms.katalon.core.main.TestCaseExecutor.accessMainPhase(TestCaseExecutor.java:410)
	at com.kms.katalon.core.main.TestCaseExecutor.execute(TestCaseExecutor.java:285)
	at com.kms.katalon.core.common.CommonExecutor.accessTestCaseMainPhase(CommonExecutor.java:65)
	at com.kms.katalon.core.main.TestSuiteExecutor.accessTestSuiteMainPhase(TestSuiteExecutor.java:148)
	at com.kms.katalon.core.main.TestSuiteExecutor.execute(TestSuiteExecutor.java:106)
	at com.kms.katalon.core.main.TestCaseMain.startTestSuite(TestCaseMain.java:187)
	at com.kms.katalon.core.main.TestCaseMain$startTestSuite$0.call(Unknown Source)
	at TempTestSuite1696424348948.run(TempTestSuite1696424348948.groovy:36)
Caused by: com.kms.katalon.core.exception.StepFailedException: Unable to click on object 'Object Repository/beli barang/a_Fashion  Busana Wanita'
	at com.kms.katalon.core.webui.keyword.internal.WebUIKeywordMain.stepFailed(WebUIKeywordMain.groovy:64)
	at com.kms.katalon.core.webui.keyword.internal.WebUIKeywordMain.runKeyword(WebUIKeywordMain.groovy:26)
	at com.kms.katalon.core.webui.keyword.builtin.ClickKeyword.click(ClickKeyword.groovy:74)
	at com.kms.katalon.core.webui.keyword.builtin.ClickKeyword.execute(ClickKeyword.groovy:40)
	at com.kms.katalon.core.keyword.internal.KeywordExecutor.executeKeywordForPlatform(KeywordExecutor.groovy:74)
	at com.kms.katalon.core.webui.keyword.WebUiBuiltInKeywords.click(WebUiBuiltInKeywords.groovy:620)
	at com.kms.katalon.core.webui.keyword.WebUiBuiltInKeywords$click$2.call(Unknown Source)
	at PBL-001.run(PBL-001:25)
	at com.kms.katalon.core.main.ScriptEngine.run(ScriptEngine.java:194)
	at com.kms.katalon.core.main.ScriptEngine.runScriptAsRawText(ScriptEngine.java:119)
	at com.kms.katalon.core.main.TestCaseExecutor.runScript(TestCaseExecutor.java:448)
	at com.kms.katalon.core.main.TestCaseExecutor.doExecute(TestCaseExecutor.java:439)
	at com.kms.katalon.core.main.TestCaseExecutor.processExecutionPhase(TestCaseExecutor.java:418)
	at com.kms.katalon.core.main.TestCaseExecutor.accessMainPhase(TestCaseExecutor.java:410)
	at com.kms.katalon.core.main.TestCaseExecutor.execute(TestCaseExecutor.java:285)
	at com.kms.katalon.core.main.TestCaseMain.runTestCase(TestCaseMain.java:144)
	at com.kms.katalon.core.keyword.builtin.CallTestCaseKeyword$_callTestCase_closure1.doCall(CallTestCaseKeyword.groovy:59)
	... 36 more
Caused by: org.openqa.selenium.ElementNotInteractableException: Element <a href="https://10.9.2.63/ecommerce/produk/kategori/fashion--busana-wanita"> could not be scrolled into view
Build info: version: '3.141.59', revision: 'e82be7d358', time: '2018-11-14T08:25:53'
System info: host: 'DESKTOP-H62FVJ8', ip: '10.9.2.72', os.name: 'Windows 10', os.arch: 'amd64', os.version: '10.0', java.version: '1.8.0_362'
Driver info: com.kms.katalon.core.webui.driver.firefox.CGeckoDriver
Capabilities {acceptInsecureCerts: true, browserName: firefox, browserVersion: 117.0.1, javascriptEnabled: true, moz:accessibilityChecks: false, moz:buildID: 20230912013654, moz:geckodriverVersion: 0.33.0, moz:headless: false, moz:platformVersion: 10.0, moz:processID: 17496, moz:profile: C:\Users\IRFAN\AppData\Loca..., moz:shutdownTimeout: 60000, moz:webdriverClick: true, moz:windowless: false, pageLoadStrategy: normal, platform: WINDOWS, platformName: WINDOWS, proxy: Proxy(direct), setWindowRect: true, strictFileInteractability: false, timeouts: {implicit: 0, pageLoad: 300000, script: 30000}, unhandledPromptBehavior: dismiss and notify}
Session ID: 4a5912c3-b77c-4b2d-82e3-7f62eab1e469
	at org.openqa.selenium.remote.http.W3CHttpResponseCodec.createException(W3CHttpResponseCodec.java:187)
	at org.openqa.selenium.remote.http.W3CHttpResponseCodec.decode(W3CHttpResponseCodec.java:122)
	at org.openqa.selenium.remote.http.W3CHttpResponseCodec.decode(W3CHttpResponseCodec.java:49)
	at org.openqa.selenium.remote.HttpCommandExecutor.execute(HttpCommandExecutor.java:158)
	at org.openqa.selenium.remote.service.DriverCommandExecutor.execute(DriverCommandExecutor.java:83)
	at org.openqa.selenium.remote.RemoteWebDriver.execute(RemoteWebDriver.java:552)
	at com.kms.katalon.selenium.driver.CFirefoxDriver.execute(CFirefoxDriver.java:27)
	at org.openqa.selenium.remote.RemoteWebElement.execute(RemoteWebElement.java:285)
	at org.openqa.selenium.remote.RemoteWebElement.click(RemoteWebElement.java:84)
	at org.openqa.selenium.support.events.EventFiringWebDriver$EventFiringWebElement.lambda$new$0(EventFiringWebDriver.java:404)
	at com.sun.proxy.$Proxy11.click(Unknown Source)
	at org.openqa.selenium.support.events.EventFiringWebDriver$EventFiringWebElement.click(EventFiringWebDriver.java:417)
	at org.openqa.selenium.WebElement$click.call(Unknown Source)
	at com.kms.katalon.core.webui.keyword.builtin.ClickKeyword.clickUntilSuccessWithTimeout(ClickKeyword.groovy:81)
	at com.kms.katalon.core.webui.keyword.builtin.ClickKeyword.clickUntilSuccessWithTimeout(ClickKeyword.groovy)
	at com.kms.katalon.core.webui.keyword.builtin.ClickKeyword$_click_closure1.doCall(ClickKeyword.groovy:67)
	at com.kms.katalon.core.webui.keyword.builtin.ClickKeyword$_click_closure1.call(ClickKeyword.groovy)
	at com.kms.katalon.core.webui.keyword.internal.WebUIKeywordMain.runKeyword(WebUIKeywordMain.groovy:20)
	... 51 more
)

2023-10-04 20:01:49 - [MESSAGE][FAILED] - Unable to call Test Case 'Test Cases/T13 Pembelian, Shipment dan Pembayaran/PBL-002' (Root cause: com.kms.katalon.core.exception.StepFailedException: Call Test Case 'Test Cases/T13 Pembelian, Shipment dan Pembayaran/PBL-002' failed
	at com.kms.katalon.core.keyword.builtin.CallTestCaseKeyword$_callTestCase_closure1.doCall(CallTestCaseKeyword.groovy:63)
	at com.kms.katalon.core.keyword.builtin.CallTestCaseKeyword$_callTestCase_closure1.call(CallTestCaseKeyword.groovy)
	at com.kms.katalon.core.keyword.internal.KeywordMain.runKeyword(KeywordMain.groovy:75)
	at com.kms.katalon.core.keyword.builtin.CallTestCaseKeyword.callTestCase(CallTestCaseKeyword.groovy:81)
	at com.kms.katalon.core.keyword.builtin.CallTestCaseKeyword.execute(CallTestCaseKeyword.groovy:44)
	at com.kms.katalon.core.keyword.internal.KeywordExecutor.executeKeywordForPlatform(KeywordExecutor.groovy:74)
	at com.kms.katalon.core.keyword.BuiltinKeywords.callTestCase(BuiltinKeywords.groovy:310)
	at PBL-006.run(PBL-006:24)
	at com.kms.katalon.core.main.ScriptEngine.run(ScriptEngine.java:194)
	at com.kms.katalon.core.main.ScriptEngine.runScriptAsRawText(ScriptEngine.java:119)
	at com.kms.katalon.core.main.TestCaseExecutor.runScript(TestCaseExecutor.java:448)
	at com.kms.katalon.core.main.TestCaseExecutor.doExecute(TestCaseExecutor.java:439)
	at com.kms.katalon.core.main.TestCaseExecutor.processExecutionPhase(TestCaseExecutor.java:418)
	at com.kms.katalon.core.main.TestCaseExecutor.accessMainPhase(TestCaseExecutor.java:410)
	at com.kms.katalon.core.main.TestCaseExecutor.execute(TestCaseExecutor.java:285)
	at com.kms.katalon.core.common.CommonExecutor.accessTestCaseMainPhase(CommonExecutor.java:65)
	at com.kms.katalon.core.main.TestSuiteExecutor.accessTestSuiteMainPhase(TestSuiteExecutor.java:148)
	at com.kms.katalon.core.main.TestSuiteExecutor.execute(TestSuiteExecutor.java:106)
	at com.kms.katalon.core.main.TestCaseMain.startTestSuite(TestCaseMain.java:187)
	at com.kms.katalon.core.main.TestCaseMain$startTestSuite$0.call(Unknown Source)
	at TempTestSuite1696424348948.run(TempTestSuite1696424348948.groovy:36)
Caused by: com.kms.katalon.core.exception.StepFailedException: Call Test Case 'Test Cases/T13 Pembelian, Shipment dan Pembayaran/PBL-001' failed
	at com.kms.katalon.core.keyword.builtin.CallTestCaseKeyword$_callTestCase_closure1.doCall(CallTestCaseKeyword.groovy:63)
	at com.kms.katalon.core.keyword.builtin.CallTestCaseKeyword$_callTestCase_closure1.call(CallTestCaseKeyword.groovy)
	at com.kms.katalon.core.keyword.internal.KeywordMain.runKeyword(KeywordMain.groovy:75)
	at com.kms.katalon.core.keyword.builtin.CallTestCaseKeyword.callTestCase(CallTestCaseKeyword.groovy:81)
	at com.kms.katalon.core.keyword.builtin.CallTestCaseKeyword.execute(CallTestCaseKeyword.groovy:44)
	at com.kms.katalon.core.keyword.internal.KeywordExecutor.executeKeywordForPlatform(KeywordExecutor.groovy:74)
	at com.kms.katalon.core.keyword.BuiltinKeywords.callTestCase(BuiltinKeywords.groovy:310)
	at PBL-002.run(PBL-002:20)
	at com.kms.katalon.core.main.ScriptEngine.run(ScriptEngine.java:194)
	at com.kms.katalon.core.main.ScriptEngine.runScriptAsRawText(ScriptEngine.java:119)
	at com.kms.katalon.core.main.TestCaseExecutor.runScript(TestCaseExecutor.java:448)
	at com.kms.katalon.core.main.TestCaseExecutor.doExecute(TestCaseExecutor.java:439)
	at com.kms.katalon.core.main.TestCaseExecutor.processExecutionPhase(TestCaseExecutor.java:418)
	at com.kms.katalon.core.main.TestCaseExecutor.accessMainPhase(TestCaseExecutor.java:410)
	at com.kms.katalon.core.main.TestCaseExecutor.execute(TestCaseExecutor.java:285)
	at com.kms.katalon.core.main.TestCaseMain.runTestCase(TestCaseMain.java:144)
	at com.kms.katalon.core.keyword.builtin.CallTestCaseKeyword$_callTestCase_closure1.doCall(CallTestCaseKeyword.groovy:59)
	... 20 more
Caused by: com.kms.katalon.core.exception.StepFailedException: Unable to click on object 'Object Repository/beli barang/a_Fashion  Busana Wanita'
	at com.kms.katalon.core.webui.keyword.internal.WebUIKeywordMain.stepFailed(WebUIKeywordMain.groovy:64)
	at com.kms.katalon.core.webui.keyword.internal.WebUIKeywordMain.runKeyword(WebUIKeywordMain.groovy:26)
	at com.kms.katalon.core.webui.keyword.builtin.ClickKeyword.click(ClickKeyword.groovy:74)
	at com.kms.katalon.core.webui.keyword.builtin.ClickKeyword.execute(ClickKeyword.groovy:40)
	at com.kms.katalon.core.keyword.internal.KeywordExecutor.executeKeywordForPlatform(KeywordExecutor.groovy:74)
	at com.kms.katalon.core.webui.keyword.WebUiBuiltInKeywords.click(WebUiBuiltInKeywords.groovy:620)
	at com.kms.katalon.core.webui.keyword.WebUiBuiltInKeywords$click$2.call(Unknown Source)
	at PBL-001.run(PBL-001:25)
	at com.kms.katalon.core.main.ScriptEngine.run(ScriptEngine.java:194)
	at com.kms.katalon.core.main.ScriptEngine.runScriptAsRawText(ScriptEngine.java:119)
	at com.kms.katalon.core.main.TestCaseExecutor.runScript(TestCaseExecutor.java:448)
	at com.kms.katalon.core.main.TestCaseExecutor.doExecute(TestCaseExecutor.java:439)
	at com.kms.katalon.core.main.TestCaseExecutor.processExecutionPhase(TestCaseExecutor.java:418)
	at com.kms.katalon.core.main.TestCaseExecutor.accessMainPhase(TestCaseExecutor.java:410)
	at com.kms.katalon.core.main.TestCaseExecutor.execute(TestCaseExecutor.java:285)
	at com.kms.katalon.core.main.TestCaseMain.runTestCase(TestCaseMain.java:144)
	at com.kms.katalon.core.keyword.builtin.CallTestCaseKeyword$_callTestCase_closure1.doCall(CallTestCaseKeyword.groovy:59)
	... 36 more
Caused by: org.openqa.selenium.ElementNotInteractableException: Element <a href="https://10.9.2.63/ecommerce/produk/kategori/fashion--busana-wanita"> could not be scrolled into view
Build info: version: '3.141.59', revision: 'e82be7d358', time: '2018-11-14T08:25:53'
System info: host: 'DESKTOP-H62FVJ8', ip: '10.9.2.72', os.name: 'Windows 10', os.arch: 'amd64', os.version: '10.0', java.version: '1.8.0_362'
Driver info: com.kms.katalon.core.webui.driver.firefox.CGeckoDriver
Capabilities {acceptInsecureCerts: true, browserName: firefox, browserVersion: 117.0.1, javascriptEnabled: true, moz:accessibilityChecks: false, moz:buildID: 20230912013654, moz:geckodriverVersion: 0.33.0, moz:headless: false, moz:platformVersion: 10.0, moz:processID: 17496, moz:profile: C:\Users\IRFAN\AppData\Loca..., moz:shutdownTimeout: 60000, moz:webdriverClick: true, moz:windowless: false, pageLoadStrategy: normal, platform: WINDOWS, platformName: WINDOWS, proxy: Proxy(direct), setWindowRect: true, strictFileInteractability: false, timeouts: {implicit: 0, pageLoad: 300000, script: 30000}, unhandledPromptBehavior: dismiss and notify}
Session ID: 4a5912c3-b77c-4b2d-82e3-7f62eab1e469
	at org.openqa.selenium.remote.http.W3CHttpResponseCodec.createException(W3CHttpResponseCodec.java:187)
	at org.openqa.selenium.remote.http.W3CHttpResponseCodec.decode(W3CHttpResponseCodec.java:122)
	at org.openqa.selenium.remote.http.W3CHttpResponseCodec.decode(W3CHttpResponseCodec.java:49)
	at org.openqa.selenium.remote.HttpCommandExecutor.execute(HttpCommandExecutor.java:158)
	at org.openqa.selenium.remote.service.DriverCommandExecutor.execute(DriverCommandExecutor.java:83)
	at org.openqa.selenium.remote.RemoteWebDriver.execute(RemoteWebDriver.java:552)
	at com.kms.katalon.selenium.driver.CFirefoxDriver.execute(CFirefoxDriver.java:27)
	at org.openqa.selenium.remote.RemoteWebElement.execute(RemoteWebElement.java:285)
	at org.openqa.selenium.remote.RemoteWebElement.click(RemoteWebElement.java:84)
	at org.openqa.selenium.support.events.EventFiringWebDriver$EventFiringWebElement.lambda$new$0(EventFiringWebDriver.java:404)
	at com.sun.proxy.$Proxy11.click(Unknown Source)
	at org.openqa.selenium.support.events.EventFiringWebDriver$EventFiringWebElement.click(EventFiringWebDriver.java:417)
	at org.openqa.selenium.WebElement$click.call(Unknown Source)
	at com.kms.katalon.core.webui.keyword.builtin.ClickKeyword.clickUntilSuccessWithTimeout(ClickKeyword.groovy:81)
	at com.kms.katalon.core.webui.keyword.builtin.ClickKeyword.clickUntilSuccessWithTimeout(ClickKeyword.groovy)
	at com.kms.katalon.core.webui.keyword.builtin.ClickKeyword$_click_closure1.doCall(ClickKeyword.groovy:67)
	at com.kms.katalon.core.webui.keyword.builtin.ClickKeyword$_click_closure1.call(ClickKeyword.groovy)
	at com.kms.katalon.core.webui.keyword.internal.WebUIKeywordMain.runKeyword(WebUIKeywordMain.groovy:20)
	... 51 more
)]]></system-out>
         <system-err><![CDATA[2023-10-04 20:01:37 - [TEST_CASE][FAILED] - Test Cases/T13 Pembelian, Shipment dan Pembayaran/PBL-006: Test Cases/T13 Pembelian, Shipment dan Pembayaran/PBL-006 FAILED.
Reason:
com.kms.katalon.core.exception.StepFailedException: Call Test Case 'Test Cases/T13 Pembelian, Shipment dan Pembayaran/PBL-002' failed
	at com.kms.katalon.core.keyword.builtin.CallTestCaseKeyword$_callTestCase_closure1.doCall(CallTestCaseKeyword.groovy:63)
	at com.kms.katalon.core.keyword.builtin.CallTestCaseKeyword$_callTestCase_closure1.call(CallTestCaseKeyword.groovy)
	at com.kms.katalon.core.keyword.internal.KeywordMain.runKeyword(KeywordMain.groovy:75)
	at com.kms.katalon.core.keyword.builtin.CallTestCaseKeyword.callTestCase(CallTestCaseKeyword.groovy:81)
	at com.kms.katalon.core.keyword.builtin.CallTestCaseKeyword.execute(CallTestCaseKeyword.groovy:44)
	at com.kms.katalon.core.keyword.internal.KeywordExecutor.executeKeywordForPlatform(KeywordExecutor.groovy:74)
	at com.kms.katalon.core.keyword.BuiltinKeywords.callTestCase(BuiltinKeywords.groovy:310)
	at PBL-006.run(PBL-006:24)
	at com.kms.katalon.core.main.ScriptEngine.run(ScriptEngine.java:194)
	at com.kms.katalon.core.main.ScriptEngine.runScriptAsRawText(ScriptEngine.java:119)
	at com.kms.katalon.core.main.TestCaseExecutor.runScript(TestCaseExecutor.java:448)
	at com.kms.katalon.core.main.TestCaseExecutor.doExecute(TestCaseExecutor.java:439)
	at com.kms.katalon.core.main.TestCaseExecutor.processExecutionPhase(TestCaseExecutor.java:418)
	at com.kms.katalon.core.main.TestCaseExecutor.accessMainPhase(TestCaseExecutor.java:410)
	at com.kms.katalon.core.main.TestCaseExecutor.execute(TestCaseExecutor.java:285)
	at com.kms.katalon.core.common.CommonExecutor.accessTestCaseMainPhase(CommonExecutor.java:65)
	at com.kms.katalon.core.main.TestSuiteExecutor.accessTestSuiteMainPhase(TestSuiteExecutor.java:148)
	at com.kms.katalon.core.main.TestSuiteExecutor.execute(TestSuiteExecutor.java:106)
	at com.kms.katalon.core.main.TestCaseMain.startTestSuite(TestCaseMain.java:187)
	at com.kms.katalon.core.main.TestCaseMain$startTestSuite$0.call(Unknown Source)
	at TempTestSuite1696424348948.run(TempTestSuite1696424348948.groovy:36)
Caused by: com.kms.katalon.core.exception.StepFailedException: Call Test Case 'Test Cases/T13 Pembelian, Shipment dan Pembayaran/PBL-001' failed
	at com.kms.katalon.core.keyword.builtin.CallTestCaseKeyword$_callTestCase_closure1.doCall(CallTestCaseKeyword.groovy:63)
	at com.kms.katalon.core.keyword.builtin.CallTestCaseKeyword$_callTestCase_closure1.call(CallTestCaseKeyword.groovy)
	at com.kms.katalon.core.keyword.internal.KeywordMain.runKeyword(KeywordMain.groovy:75)
	at com.kms.katalon.core.keyword.builtin.CallTestCaseKeyword.callTestCase(CallTestCaseKeyword.groovy:81)
	at com.kms.katalon.core.keyword.builtin.CallTestCaseKeyword.execute(CallTestCaseKeyword.groovy:44)
	at com.kms.katalon.core.keyword.internal.KeywordExecutor.executeKeywordForPlatform(KeywordExecutor.groovy:74)
	at com.kms.katalon.core.keyword.BuiltinKeywords.callTestCase(BuiltinKeywords.groovy:310)
	at PBL-002.run(PBL-002:20)
	at com.kms.katalon.core.main.ScriptEngine.run(ScriptEngine.java:194)
	at com.kms.katalon.core.main.ScriptEngine.runScriptAsRawText(ScriptEngine.java:119)
	at com.kms.katalon.core.main.TestCaseExecutor.runScript(TestCaseExecutor.java:448)
	at com.kms.katalon.core.main.TestCaseExecutor.doExecute(TestCaseExecutor.java:439)
	at com.kms.katalon.core.main.TestCaseExecutor.processExecutionPhase(TestCaseExecutor.java:418)
	at com.kms.katalon.core.main.TestCaseExecutor.accessMainPhase(TestCaseExecutor.java:410)
	at com.kms.katalon.core.main.TestCaseExecutor.execute(TestCaseExecutor.java:285)
	at com.kms.katalon.core.main.TestCaseMain.runTestCase(TestCaseMain.java:144)
	at com.kms.katalon.core.keyword.builtin.CallTestCaseKeyword$_callTestCase_closure1.doCall(CallTestCaseKeyword.groovy:59)
	... 20 more
Caused by: com.kms.katalon.core.exception.StepFailedException: Unable to click on object 'Object Repository/beli barang/a_Fashion  Busana Wanita'
	at com.kms.katalon.core.webui.keyword.internal.WebUIKeywordMain.stepFailed(WebUIKeywordMain.groovy:64)
	at com.kms.katalon.core.webui.keyword.internal.WebUIKeywordMain.runKeyword(WebUIKeywordMain.groovy:26)
	at com.kms.katalon.core.webui.keyword.builtin.ClickKeyword.click(ClickKeyword.groovy:74)
	at com.kms.katalon.core.webui.keyword.builtin.ClickKeyword.execute(ClickKeyword.groovy:40)
	at com.kms.katalon.core.keyword.internal.KeywordExecutor.executeKeywordForPlatform(KeywordExecutor.groovy:74)
	at com.kms.katalon.core.webui.keyword.WebUiBuiltInKeywords.click(WebUiBuiltInKeywords.groovy:620)
	at com.kms.katalon.core.webui.keyword.WebUiBuiltInKeywords$click$2.call(Unknown Source)
	at PBL-001.run(PBL-001:25)
	at com.kms.katalon.core.main.ScriptEngine.run(ScriptEngine.java:194)
	at com.kms.katalon.core.main.ScriptEngine.runScriptAsRawText(ScriptEngine.java:119)
	at com.kms.katalon.core.main.TestCaseExecutor.runScript(TestCaseExecutor.java:448)
	at com.kms.katalon.core.main.TestCaseExecutor.doExecute(TestCaseExecutor.java:439)
	at com.kms.katalon.core.main.TestCaseExecutor.processExecutionPhase(TestCaseExecutor.java:418)
	at com.kms.katalon.core.main.TestCaseExecutor.accessMainPhase(TestCaseExecutor.java:410)
	at com.kms.katalon.core.main.TestCaseExecutor.execute(TestCaseExecutor.java:285)
	at com.kms.katalon.core.main.TestCaseMain.runTestCase(TestCaseMain.java:144)
	at com.kms.katalon.core.keyword.builtin.CallTestCaseKeyword$_callTestCase_closure1.doCall(CallTestCaseKeyword.groovy:59)
	... 36 more
Caused by: org.openqa.selenium.ElementNotInteractableException: Element <a href="https://10.9.2.63/ecommerce/produk/kategori/fashion--busana-wanita"> could not be scrolled into view
Build info: version: '3.141.59', revision: 'e82be7d358', time: '2018-11-14T08:25:53'
System info: host: 'DESKTOP-H62FVJ8', ip: '10.9.2.72', os.name: 'Windows 10', os.arch: 'amd64', os.version: '10.0', java.version: '1.8.0_362'
Driver info: com.kms.katalon.core.webui.driver.firefox.CGeckoDriver
Capabilities {acceptInsecureCerts: true, browserName: firefox, browserVersion: 117.0.1, javascriptEnabled: true, moz:accessibilityChecks: false, moz:buildID: 20230912013654, moz:geckodriverVersion: 0.33.0, moz:headless: false, moz:platformVersion: 10.0, moz:processID: 17496, moz:profile: C:\Users\IRFAN\AppData\Loca..., moz:shutdownTimeout: 60000, moz:webdriverClick: true, moz:windowless: false, pageLoadStrategy: normal, platform: WINDOWS, platformName: WINDOWS, proxy: Proxy(direct), setWindowRect: true, strictFileInteractability: false, timeouts: {implicit: 0, pageLoad: 300000, script: 30000}, unhandledPromptBehavior: dismiss and notify}
Session ID: 4a5912c3-b77c-4b2d-82e3-7f62eab1e469
	at org.openqa.selenium.remote.http.W3CHttpResponseCodec.createException(W3CHttpResponseCodec.java:187)
	at org.openqa.selenium.remote.http.W3CHttpResponseCodec.decode(W3CHttpResponseCodec.java:122)
	at org.openqa.selenium.remote.http.W3CHttpResponseCodec.decode(W3CHttpResponseCodec.java:49)
	at org.openqa.selenium.remote.HttpCommandExecutor.execute(HttpCommandExecutor.java:158)
	at org.openqa.selenium.remote.service.DriverCommandExecutor.execute(DriverCommandExecutor.java:83)
	at org.openqa.selenium.remote.RemoteWebDriver.execute(RemoteWebDriver.java:552)
	at com.kms.katalon.selenium.driver.CFirefoxDriver.execute(CFirefoxDriver.java:27)
	at org.openqa.selenium.remote.RemoteWebElement.execute(RemoteWebElement.java:285)
	at org.openqa.selenium.remote.RemoteWebElement.click(RemoteWebElement.java:84)
	at org.openqa.selenium.support.events.EventFiringWebDriver$EventFiringWebElement.lambda$new$0(EventFiringWebDriver.java:404)
	at com.sun.proxy.$Proxy11.click(Unknown Source)
	at org.openqa.selenium.support.events.EventFiringWebDriver$EventFiringWebElement.click(EventFiringWebDriver.java:417)
	at org.openqa.selenium.WebElement$click.call(Unknown Source)
	at com.kms.katalon.core.webui.keyword.builtin.ClickKeyword.clickUntilSuccessWithTimeout(ClickKeyword.groovy:81)
	at com.kms.katalon.core.webui.keyword.builtin.ClickKeyword.clickUntilSuccessWithTimeout(ClickKeyword.groovy)
	at com.kms.katalon.core.webui.keyword.builtin.ClickKeyword$_click_closure1.doCall(ClickKeyword.groovy:67)
	at com.kms.katalon.core.webui.keyword.builtin.ClickKeyword$_click_closure1.call(ClickKeyword.groovy)
	at com.kms.katalon.core.webui.keyword.internal.WebUIKeywordMain.runKeyword(WebUIKeywordMain.groovy:20)
	... 51 more]]></system-err>
      </testcase>
      <testcase name="Test Cases/T13 Pembelian, Shipment dan Pembayaran/PBL-007" time="33.999" classname="Test Cases/T13 Pembelian, Shipment dan Pembayaran/PBL-007" status="FAILED">
         <failure type="FAILED" message="Test Cases/T13 Pembelian, Shipment dan Pembayaran/PBL-007 FAILED.
Reason:
com.kms.katalon.core.exception.StepFailedException: Unable to verify text 'Massage Error&quot; pilih metode pembayaran cod&quot;' is present 
	at com.kms.katalon.core.webui.keyword.internal.WebUIKeywordMain.stepFailed(WebUIKeywordMain.groovy:64)
	at com.kms.katalon.core.webui.keyword.internal.WebUIKeywordMain.runKeyword(WebUIKeywordMain.groovy:26)
	at com.kms.katalon.core.webui.keyword.builtin.VerifyTextPresentKeyword.verifyTextPresent(VerifyTextPresentKeyword.groovy:83)
	at com.kms.katalon.core.webui.keyword.builtin.VerifyTextPresentKeyword.execute(VerifyTextPresentKeyword.groovy:68)
	at com.kms.katalon.core.keyword.internal.KeywordExecutor.executeKeywordForPlatform(KeywordExecutor.groovy:74)
	at com.kms.katalon.core.webui.keyword.WebUiBuiltInKeywords.verifyTextPresent(WebUiBuiltInKeywords.groovy:1723)
	at com.kms.katalon.core.webui.keyword.WebUiBuiltInKeywords$verifyTextPresent$7.call(Unknown Source)
	at PBL-007.run(PBL-007:107)
	at com.kms.katalon.core.main.ScriptEngine.run(ScriptEngine.java:194)
	at com.kms.katalon.core.main.ScriptEngine.runScriptAsRawText(ScriptEngine.java:119)
	at com.kms.katalon.core.main.TestCaseExecutor.runScript(TestCaseExecutor.java:448)
	at com.kms.katalon.core.main.TestCaseExecutor.doExecute(TestCaseExecutor.java:439)
	at com.kms.katalon.core.main.TestCaseExecutor.processExecutionPhase(TestCaseExecutor.java:418)
	at com.kms.katalon.core.main.TestCaseExecutor.accessMainPhase(TestCaseExecutor.java:410)
	at com.kms.katalon.core.main.TestCaseExecutor.execute(TestCaseExecutor.java:285)
	at com.kms.katalon.core.common.CommonExecutor.accessTestCaseMainPhase(CommonExecutor.java:65)
	at com.kms.katalon.core.main.TestSuiteExecutor.accessTestSuiteMainPhase(TestSuiteExecutor.java:148)
	at com.kms.katalon.core.main.TestSuiteExecutor.execute(TestSuiteExecutor.java:106)
	at com.kms.katalon.core.main.TestCaseMain.startTestSuite(TestCaseMain.java:187)
	at com.kms.katalon.core.main.TestCaseMain$startTestSuite$0.call(Unknown Source)
	at TempTestSuite1696424348948.run(TempTestSuite1696424348948.groovy:36)
Caused by: com.kms.katalon.core.exception.StepFailedException: Text 'Massage Error&quot; pilih metode pembayaran cod&quot;' is not present on page 
	at com.kms.katalon.core.webui.keyword.internal.WebUIKeywordMain.stepFailed(WebUIKeywordMain.groovy:64)
	at com.kms.katalon.core.webui.keyword.builtin.VerifyTextPresentKeyword$_verifyTextPresent_closure1.doCall(VerifyTextPresentKeyword.groovy:79)
	at com.kms.katalon.core.webui.keyword.builtin.VerifyTextPresentKeyword$_verifyTextPresent_closure1.call(VerifyTextPresentKeyword.groovy)
	at com.kms.katalon.core.webui.keyword.internal.WebUIKeywordMain.runKeyword(WebUIKeywordMain.groovy:20)
	... 19 more
"/>
         <system-out><![CDATA[2023-10-04 20:01:49 - [TEST_CASE][FAILED] - Test Cases/T13 Pembelian, Shipment dan Pembayaran/PBL-007: Test Cases/T13 Pembelian, Shipment dan Pembayaran/PBL-007 FAILED.
Reason:
com.kms.katalon.core.exception.StepFailedException: Unable to verify text 'Massage Error" pilih metode pembayaran cod"' is present 
	at com.kms.katalon.core.webui.keyword.internal.WebUIKeywordMain.stepFailed(WebUIKeywordMain.groovy:64)
	at com.kms.katalon.core.webui.keyword.internal.WebUIKeywordMain.runKeyword(WebUIKeywordMain.groovy:26)
	at com.kms.katalon.core.webui.keyword.builtin.VerifyTextPresentKeyword.verifyTextPresent(VerifyTextPresentKeyword.groovy:83)
	at com.kms.katalon.core.webui.keyword.builtin.VerifyTextPresentKeyword.execute(VerifyTextPresentKeyword.groovy:68)
	at com.kms.katalon.core.keyword.internal.KeywordExecutor.executeKeywordForPlatform(KeywordExecutor.groovy:74)
	at com.kms.katalon.core.webui.keyword.WebUiBuiltInKeywords.verifyTextPresent(WebUiBuiltInKeywords.groovy:1723)
	at com.kms.katalon.core.webui.keyword.WebUiBuiltInKeywords$verifyTextPresent$7.call(Unknown Source)
	at PBL-007.run(PBL-007:107)
	at com.kms.katalon.core.main.ScriptEngine.run(ScriptEngine.java:194)
	at com.kms.katalon.core.main.ScriptEngine.runScriptAsRawText(ScriptEngine.java:119)
	at com.kms.katalon.core.main.TestCaseExecutor.runScript(TestCaseExecutor.java:448)
	at com.kms.katalon.core.main.TestCaseExecutor.doExecute(TestCaseExecutor.java:439)
	at com.kms.katalon.core.main.TestCaseExecutor.processExecutionPhase(TestCaseExecutor.java:418)
	at com.kms.katalon.core.main.TestCaseExecutor.accessMainPhase(TestCaseExecutor.java:410)
	at com.kms.katalon.core.main.TestCaseExecutor.execute(TestCaseExecutor.java:285)
	at com.kms.katalon.core.common.CommonExecutor.accessTestCaseMainPhase(CommonExecutor.java:65)
	at com.kms.katalon.core.main.TestSuiteExecutor.accessTestSuiteMainPhase(TestSuiteExecutor.java:148)
	at com.kms.katalon.core.main.TestSuiteExecutor.execute(TestSuiteExecutor.java:106)
	at com.kms.katalon.core.main.TestCaseMain.startTestSuite(TestCaseMain.java:187)
	at com.kms.katalon.core.main.TestCaseMain$startTestSuite$0.call(Unknown Source)
	at TempTestSuite1696424348948.run(TempTestSuite1696424348948.groovy:36)
Caused by: com.kms.katalon.core.exception.StepFailedException: Text 'Massage Error" pilih metode pembayaran cod"' is not present on page 
	at com.kms.katalon.core.webui.keyword.internal.WebUIKeywordMain.stepFailed(WebUIKeywordMain.groovy:64)
	at com.kms.katalon.core.webui.keyword.builtin.VerifyTextPresentKeyword$_verifyTextPresent_closure1.doCall(VerifyTextPresentKeyword.groovy:79)
	at com.kms.katalon.core.webui.keyword.builtin.VerifyTextPresentKeyword$_verifyTextPresent_closure1.call(VerifyTextPresentKeyword.groovy)
	at com.kms.katalon.core.webui.keyword.internal.WebUIKeywordMain.runKeyword(WebUIKeywordMain.groovy:20)
	... 19 more


2023-10-04 20:01:50 - [TEST_STEP][PASSED] - data = callTestCase(findTestCase("T13 Pembelian, Shipment dan Pembayaran/PBL-002"), [:], STOP_ON_FAILURE): Call Test Case 'Test Cases/T13 Pembelian, Shipment dan Pembayaran/PBL-002' successfully

2023-10-04 20:01:50 - [TEST_CASE][PASSED] - Test Cases/T13 Pembelian, Shipment dan Pembayaran/PBL-002: Test Cases/T13 Pembelian, Shipment dan Pembayaran/PBL-002

2023-10-04 20:01:50 - [TEST_STEP][PASSED] - data = callTestCase(findTestCase("T13 Pembelian, Shipment dan Pembayaran/PBL-001"), [:], STOP_ON_FAILURE): Call Test Case 'Test Cases/T13 Pembelian, Shipment dan Pembayaran/PBL-001' successfully

2023-10-04 20:01:50 - [TEST_CASE][PASSED] - Test Cases/T13 Pembelian, Shipment dan Pembayaran/PBL-001: Test Cases/T13 Pembelian, Shipment dan Pembayaran/PBL-001

2023-10-04 20:01:50 - [TEST_STEP][PASSED] - callTestCase(findTestCase("T13 Pembelian, Shipment dan Pembayaran/LU-001"), ["username":"irfanafandi", "password":"12345irfan"], STOP_ON_FAILURE): Call Test Case 'Test Cases/T13 Pembelian, Shipment dan Pembayaran/LU-001' successfully

2023-10-04 20:01:50 - [TEST_CASE][PASSED] - Test Cases/T13 Pembelian, Shipment dan Pembayaran/LU-001: Test Cases/T13 Pembelian, Shipment dan Pembayaran/LU-001

2023-10-04 20:01:50 - [TEST_STEP][PASSED] - openBrowser("https://10.9.2.63/ecommerce/"): Browser is opened with url: 'https://10.9.2.63/ecommerce/'

2023-10-04 20:01:50 - [MESSAGE][WARNING] - A browser is already opened. Closing browser and opening a new one

2023-10-04 20:01:51 - [MESSAGE][INFO] - Starting 'Firefox' driver

2023-10-04 20:01:51 - [MESSAGE][INFO] - User set preference: ['args', '[--disable-notifications]']

2023-10-04 20:01:51 - [MESSAGE][INFO] - Action delay is set to 0 milliseconds

2023-10-04 20:01:56 - [MESSAGE][PASSED] - Browser is opened with url: 'https://10.9.2.63/ecommerce/'

2023-10-04 20:01:56 - [TEST_STEP][PASSED] - maximizeWindow(): Current window maximized

2023-10-04 20:01:56 - [MESSAGE][PASSED] - Current window maximized

2023-10-04 20:01:56 - [TEST_STEP][PASSED] - verifyElementPresent(findTestObject("Login/Home"), 0): Object 'Object Repository/Login/Home' is present

2023-10-04 20:01:56 - [MESSAGE][WARNING] - Timeout '0' is invalid. Using default page load timeout: '30'

2023-10-04 20:01:57 - [MESSAGE][PASSED] - Object 'Object Repository/Login/Home' is present

2023-10-04 20:01:57 - [TEST_STEP][PASSED] - click(findTestObject("Login/a_Login")): Object: 'Object Repository/Login/a_Login' is clicked on

2023-10-04 20:01:57 - [MESSAGE][PASSED] - Object: 'Object Repository/Login/a_Login' is clicked on

2023-10-04 20:01:57 - [TEST_STEP][PASSED] - verifyElementPresent(findTestObject("Login/Tittle Login"), 0): Object 'Object Repository/Login/Tittle Login' is present

2023-10-04 20:01:57 - [MESSAGE][WARNING] - Timeout '0' is invalid. Using default page load timeout: '30'

2023-10-04 20:01:58 - [MESSAGE][PASSED] - Object 'Object Repository/Login/Tittle Login' is present

2023-10-04 20:01:58 - [TEST_STEP][PASSED] - setText(findTestObject("Login/input_Username, Email atau No. Handphone_a"), username): Text 'irfanafandi' is set on object 'Object Repository/Login/input_Username, Email atau No. Handphone_a'

2023-10-04 20:01:58 - [MESSAGE][PASSED] - Text 'irfanafandi' is set on object 'Object Repository/Login/input_Username, Email atau No. Handphone_a'

2023-10-04 20:01:58 - [TEST_STEP][PASSED] - setText(findTestObject("Login/input_Password_b"), password): Text '12345irfan' is set on object 'Object Repository/Login/input_Password_b'

2023-10-04 20:01:59 - [MESSAGE][PASSED] - Text '12345irfan' is set on object 'Object Repository/Login/input_Password_b'

2023-10-04 20:01:59 - [TEST_STEP][PASSED] - click(findTestObject("Login/label_Ingat saya")): Object: 'Object Repository/Login/label_Ingat saya' is clicked on

2023-10-04 20:01:59 - [MESSAGE][PASSED] - Object: 'Object Repository/Login/label_Ingat saya' is clicked on

2023-10-04 20:01:59 - [TEST_STEP][PASSED] - click(findTestObject("Login/button_Masuk")): Object: 'Object Repository/Login/button_Masuk' is clicked on

2023-10-04 20:02:00 - [MESSAGE][PASSED] - Object: 'Object Repository/Login/button_Masuk' is clicked on

2023-10-04 20:02:00 - [TEST_STEP][PASSED] - verifyElementPresent(findTestObject("Login/li_Profile"), 0): Object 'Object Repository/Login/li_Profile' is present

2023-10-04 20:02:01 - [MESSAGE][WARNING] - Timeout '0' is invalid. Using default page load timeout: '30'

2023-10-04 20:02:01 - [MESSAGE][PASSED] - Object 'Object Repository/Login/li_Profile' is present

2023-10-04 20:02:01 - [MESSAGE][PASSED] - Call Test Case 'Test Cases/T13 Pembelian, Shipment dan Pembayaran/LU-001' successfully

2023-10-04 20:02:01 - [TEST_STEP][PASSED] - mouseOver(findTestObject("beli barang/i_Mulai Belanja_icon-menu")): Object: 'Object Repository/beli barang/i_Mulai Belanja_icon-menu' is hovered

2023-10-04 20:02:02 - [MESSAGE][PASSED] - Object: 'Object Repository/beli barang/i_Mulai Belanja_icon-menu' is hovered

2023-10-04 20:02:02 - [TEST_STEP][PASSED] - click(findTestObject("beli barang/a_Fashion  Busana Wanita")): Object: 'Object Repository/beli barang/a_Fashion  Busana Wanita' is clicked on

2023-10-04 20:02:03 - [MESSAGE][PASSED] - Object: 'Object Repository/beli barang/a_Fashion  Busana Wanita' is clicked on

2023-10-04 20:02:03 - [TEST_STEP][PASSED] - NamaSebelum = getText(findTestObject("verifikasi/Nama sebelum")): Text of object 'Object Repository/verifikasi/Nama sebelum' is: ''

2023-10-04 20:02:04 - [MESSAGE][PASSED] - Text of object 'Object Repository/verifikasi/Nama sebelum' is: ''

2023-10-04 20:02:04 - [TEST_STEP][PASSED] - HargaSebelum = getText(findTestObject("verifikasi/Harga sebelum")): Text of object 'Object Repository/verifikasi/Harga sebelum' is: 'Rp 1,299'

2023-10-04 20:02:05 - [MESSAGE][PASSED] - Text of object 'Object Repository/verifikasi/Harga sebelum' is: 'Rp 1,299'

2023-10-04 20:02:05 - [TEST_STEP][PASSED] - mouseOver(findTestObject("beli barang/barang mouse over")): Object: 'Object Repository/beli barang/barang mouse over' is hovered

2023-10-04 20:02:05 - [MESSAGE][PASSED] - Object: 'Object Repository/beli barang/barang mouse over' is hovered

2023-10-04 20:02:05 - [TEST_STEP][PASSED] - click(findTestObject("beli barang/buttom add to cart")): Object: 'Object Repository/beli barang/buttom add to cart' is clicked on

2023-10-04 20:02:07 - [MESSAGE][PASSED] - Object: 'Object Repository/beli barang/buttom add to cart' is clicked on

2023-10-04 20:02:07 - [TEST_STEP][PASSED] - NamaSesudah = getText(findTestObject("verifikasi/Nama sesudah")): Text of object 'Object Repository/verifikasi/Nama sesudah' is: 'Segitiga Instan Madeira - MDB5.3 Sunset'

2023-10-04 20:02:07 - [MESSAGE][PASSED] - Text of object 'Object Repository/verifikasi/Nama sesudah' is: 'Segitiga Instan Madeira - MDB5.3 Sunset'

2023-10-04 20:02:07 - [TEST_STEP][PASSED] - HargaSesudah = getText(findTestObject("verifikasi/Harga sesudah")): Text of object 'Object Repository/verifikasi/Harga sesudah' is: 'Rp 1,299'

2023-10-04 20:02:08 - [MESSAGE][PASSED] - Text of object 'Object Repository/verifikasi/Harga sesudah' is: 'Rp 1,299'

2023-10-04 20:02:08 - [TEST_STEP][PASSED] - assert NamaSesudah.contains(NamaSebelum): null

2023-10-04 20:02:08 - [TEST_STEP][PASSED] - assert HargaSesudah.contains(HargaSebelum): null

2023-10-04 20:02:08 - [TEST_STEP][PASSED] - click(findTestObject("beli barang/Tambah Keranjang busana wanita")): Object: 'Object Repository/beli barang/Tambah Keranjang busana wanita' is clicked on

2023-10-04 20:02:08 - [MESSAGE][PASSED] - Object: 'Object Repository/beli barang/Tambah Keranjang busana wanita' is clicked on

2023-10-04 20:02:08 - [TEST_STEP][PASSED] - verifyElementPresent(findTestObject("checkout/Notifikasi keranjang"), 1): Object 'Object Repository/checkout/Notifikasi keranjang' is present

2023-10-04 20:02:09 - [MESSAGE][PASSED] - Object 'Object Repository/checkout/Notifikasi keranjang' is present

2023-10-04 20:02:09 - [TEST_STEP][PASSED] - data = new java.util.HashMap(): null

2023-10-04 20:02:09 - [TEST_STEP][PASSED] - data.put("nama_barang", NamaSesudah): null

2023-10-04 20:02:09 - [TEST_STEP][PASSED] - data.put("price_barang", HargaSesudah): null

2023-10-04 20:02:09 - [TEST_STEP][PASSED] - return data: null

2023-10-04 20:02:09 - [MESSAGE][PASSED] - Call Test Case 'Test Cases/T13 Pembelian, Shipment dan Pembayaran/PBL-001' successfully

2023-10-04 20:02:09 - [TEST_STEP][PASSED] - mouseOver(findTestObject("beli barang/keranjang")): Object: 'Object Repository/beli barang/keranjang' is hovered

2023-10-04 20:02:09 - [MESSAGE][PASSED] - Object: 'Object Repository/beli barang/keranjang' is hovered

2023-10-04 20:02:09 - [TEST_STEP][PASSED] - click(findTestObject("beli barang/Lihat Sekarang")): Object: 'Object Repository/beli barang/Lihat Sekarang' is clicked on

2023-10-04 20:02:10 - [MESSAGE][PASSED] - Object: 'Object Repository/beli barang/Lihat Sekarang' is clicked on

2023-10-04 20:02:10 - [TEST_STEP][PASSED] - verifyElementPresent(findTestObject("keranjang/li_Keranjang Belanja"), 0): Object 'Object Repository/keranjang/li_Keranjang Belanja' is present

2023-10-04 20:02:10 - [MESSAGE][WARNING] - Timeout '0' is invalid. Using default page load timeout: '30'

2023-10-04 20:02:11 - [MESSAGE][PASSED] - Object 'Object Repository/keranjang/li_Keranjang Belanja' is present

2023-10-04 20:02:11 - [TEST_STEP][PASSED] - NamaKeranjang = getText(findTestObject("verifikasi/Nama keranjang")): Text of object 'Object Repository/verifikasi/Nama keranjang' is: 'Segitiga Instan Madeira - MDB5.3 Sunset'

2023-10-04 20:02:12 - [MESSAGE][PASSED] - Text of object 'Object Repository/verifikasi/Nama keranjang' is: 'Segitiga Instan Madeira - MDB5.3 Sunset'

2023-10-04 20:02:12 - [TEST_STEP][PASSED] - HargaKeranjang = getText(findTestObject("verifikasi/Harga Keranjang")): Text of object 'Object Repository/verifikasi/Harga Keranjang' is: 'Rp 1,299'

2023-10-04 20:02:12 - [MESSAGE][PASSED] - Text of object 'Object Repository/verifikasi/Harga Keranjang' is: 'Rp 1,299'

2023-10-04 20:02:12 - [TEST_STEP][PASSED] - if (toString().equalsIgnoreCase("Merah")): Object 'Object Repository/keranjang/input_Warna_variasi101' is checked

2023-10-04 20:02:12 - [TEST_STEP][PASSED] - check(findTestObject("Object Repository/keranjang/input_Warna_variasi101")): Object 'Object Repository/keranjang/input_Warna_variasi101' is checked

2023-10-04 20:02:13 - [MESSAGE][PASSED] - Object 'Object Repository/keranjang/input_Warna_variasi101' is checked

2023-10-04 20:02:13 - [TEST_STEP][PASSED] - if (toString().equalsIgnoreCase("Menengah")): Object 'Object Repository/keranjang/input_Ukuran_variasi201' is checked

2023-10-04 20:02:13 - [TEST_STEP][PASSED] - check(findTestObject("Object Repository/keranjang/input_Ukuran_variasi201")): Object 'Object Repository/keranjang/input_Ukuran_variasi201' is checked

2023-10-04 20:02:13 - [MESSAGE][PASSED] - Object 'Object Repository/keranjang/input_Ukuran_variasi201' is checked

2023-10-04 20:02:13 - [TEST_STEP][PASSED] - data.put("Warna", warna): null

2023-10-04 20:02:13 - [TEST_STEP][PASSED] - data.put("Ukuran", ukuran): null

2023-10-04 20:02:13 - [TEST_STEP][PASSED] - click(findTestObject("keranjang/button_Lanjut ke Pembayaran")): Object: 'Object Repository/keranjang/button_Lanjut ke Pembayaran' is clicked on

2023-10-04 20:02:14 - [MESSAGE][PASSED] - Object: 'Object Repository/keranjang/button_Lanjut ke Pembayaran' is clicked on

2023-10-04 20:02:14 - [TEST_STEP][PASSED] - verifyElementPresent(findTestObject("checkout/Tittle Checkout Order"), 0): Object 'Object Repository/checkout/Tittle Checkout Order' is present

2023-10-04 20:02:14 - [MESSAGE][WARNING] - Timeout '0' is invalid. Using default page load timeout: '30'

2023-10-04 20:02:15 - [MESSAGE][PASSED] - Object 'Object Repository/checkout/Tittle Checkout Order' is present

2023-10-04 20:02:15 - [TEST_STEP][PASSED] - name_product = data.get("nama_barang"): null

2023-10-04 20:02:15 - [TEST_STEP][PASSED] - price_product = data.get("price_barang"): null

2023-10-04 20:02:15 - [TEST_STEP][PASSED] - assert name_product == NamaKeranjang: null

2023-10-04 20:02:15 - [TEST_STEP][PASSED] - assert price_product == HargaKeranjang: null

2023-10-04 20:02:15 - [TEST_STEP][PASSED] - return data: null

2023-10-04 20:02:15 - [MESSAGE][PASSED] - Call Test Case 'Test Cases/T13 Pembelian, Shipment dan Pembayaran/PBL-002' successfully

2023-10-04 20:02:15 - [TEST_STEP][PASSED] - warnaa = getText(findTestObject("verifikasi/warna Merah")): Text of object 'Object Repository/verifikasi/warna Merah' is: 'Merah'

2023-10-04 20:02:16 - [MESSAGE][PASSED] - Text of object 'Object Repository/verifikasi/warna Merah' is: 'Merah'

2023-10-04 20:02:16 - [TEST_STEP][PASSED] - ukurann = getText(findTestObject("verifikasi/Ukuran Menengah")): Text of object 'Object Repository/verifikasi/Ukuran Menengah' is: 'Menengah'

2023-10-04 20:02:16 - [MESSAGE][PASSED] - Text of object 'Object Repository/verifikasi/Ukuran Menengah' is: 'Menengah'

2023-10-04 20:02:16 - [TEST_STEP][PASSED] - warna1 = data.get("Warna"): null

2023-10-04 20:02:16 - [TEST_STEP][PASSED] - ukuran1 = data.get("Ukuran"): null

2023-10-04 20:02:16 - [TEST_STEP][PASSED] - assert warnaa == warna1: null

2023-10-04 20:02:16 - [TEST_STEP][PASSED] - assert ukurann == ukuran1: null

2023-10-04 20:02:16 - [TEST_STEP][PASSED] - NamaCheckout = getText(findTestObject("verifikasi/NamaCheckout")): Text of object 'Object Repository/verifikasi/NamaCheckout' is: ''

2023-10-04 20:02:16 - [MESSAGE][PASSED] - Text of object 'Object Repository/verifikasi/NamaCheckout' is: ''

2023-10-04 20:02:16 - [TEST_STEP][PASSED] - HargaCheckout = getText(findTestObject("verifikasi/HargaCheckout")): Text of object 'Object Repository/verifikasi/HargaCheckout' is: '1,299'

2023-10-04 20:02:17 - [MESSAGE][PASSED] - Text of object 'Object Repository/verifikasi/HargaCheckout' is: '1,299'

2023-10-04 20:02:17 - [TEST_STEP][PASSED] - name_product = data.get("nama_barang"): null

2023-10-04 20:02:17 - [TEST_STEP][PASSED] - price_product = data.get("price_barang"): null

2023-10-04 20:02:17 - [TEST_STEP][PASSED] - assert name_product.contains(NamaCheckout): null

2023-10-04 20:02:17 - [TEST_STEP][PASSED] - assert price_product.contains(HargaCheckout): null

2023-10-04 20:02:17 - [TEST_STEP][PASSED] - click(findTestObject("checkout/COD")): Object: 'Object Repository/checkout/COD' is clicked on

2023-10-04 20:02:17 - [MESSAGE][PASSED] - Object: 'Object Repository/checkout/COD' is clicked on

2023-10-04 20:02:17 - [TEST_STEP][PASSED] - click(findTestObject("verifikasi/COD - Panjang BanaTarif")): Object: 'Object Repository/verifikasi/COD - Panjang BanaTarif' is clicked on

2023-10-04 20:02:18 - [MESSAGE][PASSED] - Object: 'Object Repository/verifikasi/COD - Panjang BanaTarif' is clicked on

2023-10-04 20:02:18 - [TEST_STEP][PASSED] - click(findTestObject("verifikasi/Metode Transfer")): Object: 'Object Repository/verifikasi/Metode Transfer' is clicked on

2023-10-04 20:02:18 - [MESSAGE][PASSED] - Object: 'Object Repository/verifikasi/Metode Transfer' is clicked on

2023-10-04 20:02:18 - [TEST_STEP][PASSED] - click(findTestObject("checkout/button_Proses Pembayaran")): Object: 'Object Repository/checkout/button_Proses Pembayaran' is clicked on

2023-10-04 20:02:22 - [MESSAGE][PASSED] - Object: 'Object Repository/checkout/button_Proses Pembayaran' is clicked on

2023-10-04 20:02:22 - [TEST_STEP][FAILED] - verifyTextPresent("Massage Error" pilih metode pembayaran cod"", false): Unable to verify text 'Massage Error" pilih metode pembayaran cod"' is present  (Root cause: com.kms.katalon.core.exception.StepFailedException: Unable to verify text 'Massage Error" pilih metode pembayaran cod"' is present 
	at com.kms.katalon.core.webui.keyword.internal.WebUIKeywordMain.stepFailed(WebUIKeywordMain.groovy:64)
	at com.kms.katalon.core.webui.keyword.internal.WebUIKeywordMain.runKeyword(WebUIKeywordMain.groovy:26)
	at com.kms.katalon.core.webui.keyword.builtin.VerifyTextPresentKeyword.verifyTextPresent(VerifyTextPresentKeyword.groovy:83)
	at com.kms.katalon.core.webui.keyword.builtin.VerifyTextPresentKeyword.execute(VerifyTextPresentKeyword.groovy:68)
	at com.kms.katalon.core.keyword.internal.KeywordExecutor.executeKeywordForPlatform(KeywordExecutor.groovy:74)
	at com.kms.katalon.core.webui.keyword.WebUiBuiltInKeywords.verifyTextPresent(WebUiBuiltInKeywords.groovy:1723)
	at com.kms.katalon.core.webui.keyword.WebUiBuiltInKeywords$verifyTextPresent$7.call(Unknown Source)
	at PBL-007.run(PBL-007:107)
	at com.kms.katalon.core.main.ScriptEngine.run(ScriptEngine.java:194)
	at com.kms.katalon.core.main.ScriptEngine.runScriptAsRawText(ScriptEngine.java:119)
	at com.kms.katalon.core.main.TestCaseExecutor.runScript(TestCaseExecutor.java:448)
	at com.kms.katalon.core.main.TestCaseExecutor.doExecute(TestCaseExecutor.java:439)
	at com.kms.katalon.core.main.TestCaseExecutor.processExecutionPhase(TestCaseExecutor.java:418)
	at com.kms.katalon.core.main.TestCaseExecutor.accessMainPhase(TestCaseExecutor.java:410)
	at com.kms.katalon.core.main.TestCaseExecutor.execute(TestCaseExecutor.java:285)
	at com.kms.katalon.core.common.CommonExecutor.accessTestCaseMainPhase(CommonExecutor.java:65)
	at com.kms.katalon.core.main.TestSuiteExecutor.accessTestSuiteMainPhase(TestSuiteExecutor.java:148)
	at com.kms.katalon.core.main.TestSuiteExecutor.execute(TestSuiteExecutor.java:106)
	at com.kms.katalon.core.main.TestCaseMain.startTestSuite(TestCaseMain.java:187)
	at com.kms.katalon.core.main.TestCaseMain$startTestSuite$0.call(Unknown Source)
	at TempTestSuite1696424348948.run(TempTestSuite1696424348948.groovy:36)
Caused by: com.kms.katalon.core.exception.StepFailedException: Text 'Massage Error" pilih metode pembayaran cod"' is not present on page 
	at com.kms.katalon.core.webui.keyword.internal.WebUIKeywordMain.stepFailed(WebUIKeywordMain.groovy:64)
	at com.kms.katalon.core.webui.keyword.builtin.VerifyTextPresentKeyword$_verifyTextPresent_closure1.doCall(VerifyTextPresentKeyword.groovy:79)
	at com.kms.katalon.core.webui.keyword.builtin.VerifyTextPresentKeyword$_verifyTextPresent_closure1.call(VerifyTextPresentKeyword.groovy)
	at com.kms.katalon.core.webui.keyword.internal.WebUIKeywordMain.runKeyword(WebUIKeywordMain.groovy:20)
	... 19 more
)

2023-10-04 20:02:23 - [MESSAGE][FAILED] - Text 'Massage Error" pilih metode pembayaran cod"' is not present on page  (Root cause: com.kms.katalon.core.exception.StepFailedException: Text 'Massage Error" pilih metode pembayaran cod"' is not present on page 
	at com.kms.katalon.core.webui.keyword.internal.WebUIKeywordMain.stepFailed(WebUIKeywordMain.groovy:64)
	at com.kms.katalon.core.webui.keyword.builtin.VerifyTextPresentKeyword$_verifyTextPresent_closure1.doCall(VerifyTextPresentKeyword.groovy:79)
	at com.kms.katalon.core.webui.keyword.builtin.VerifyTextPresentKeyword$_verifyTextPresent_closure1.call(VerifyTextPresentKeyword.groovy)
	at com.kms.katalon.core.webui.keyword.internal.WebUIKeywordMain.runKeyword(WebUIKeywordMain.groovy:20)
	at com.kms.katalon.core.webui.keyword.builtin.VerifyTextPresentKeyword.verifyTextPresent(VerifyTextPresentKeyword.groovy:83)
	at com.kms.katalon.core.webui.keyword.builtin.VerifyTextPresentKeyword.execute(VerifyTextPresentKeyword.groovy:68)
	at com.kms.katalon.core.keyword.internal.KeywordExecutor.executeKeywordForPlatform(KeywordExecutor.groovy:74)
	at com.kms.katalon.core.webui.keyword.WebUiBuiltInKeywords.verifyTextPresent(WebUiBuiltInKeywords.groovy:1723)
	at com.kms.katalon.core.webui.keyword.WebUiBuiltInKeywords$verifyTextPresent$7.call(Unknown Source)
	at PBL-007.run(PBL-007:107)
	at com.kms.katalon.core.main.ScriptEngine.run(ScriptEngine.java:194)
	at com.kms.katalon.core.main.ScriptEngine.runScriptAsRawText(ScriptEngine.java:119)
	at com.kms.katalon.core.main.TestCaseExecutor.runScript(TestCaseExecutor.java:448)
	at com.kms.katalon.core.main.TestCaseExecutor.doExecute(TestCaseExecutor.java:439)
	at com.kms.katalon.core.main.TestCaseExecutor.processExecutionPhase(TestCaseExecutor.java:418)
	at com.kms.katalon.core.main.TestCaseExecutor.accessMainPhase(TestCaseExecutor.java:410)
	at com.kms.katalon.core.main.TestCaseExecutor.execute(TestCaseExecutor.java:285)
	at com.kms.katalon.core.common.CommonExecutor.accessTestCaseMainPhase(CommonExecutor.java:65)
	at com.kms.katalon.core.main.TestSuiteExecutor.accessTestSuiteMainPhase(TestSuiteExecutor.java:148)
	at com.kms.katalon.core.main.TestSuiteExecutor.execute(TestSuiteExecutor.java:106)
	at com.kms.katalon.core.main.TestCaseMain.startTestSuite(TestCaseMain.java:187)
	at com.kms.katalon.core.main.TestCaseMain$startTestSuite$0.call(Unknown Source)
	at TempTestSuite1696424348948.run(TempTestSuite1696424348948.groovy:36)
)

2023-10-04 20:02:23 - [MESSAGE][FAILED] - Unable to verify text 'Massage Error" pilih metode pembayaran cod"' is present  (Root cause: com.kms.katalon.core.exception.StepFailedException: Unable to verify text 'Massage Error" pilih metode pembayaran cod"' is present 
	at com.kms.katalon.core.webui.keyword.internal.WebUIKeywordMain.stepFailed(WebUIKeywordMain.groovy:64)
	at com.kms.katalon.core.webui.keyword.internal.WebUIKeywordMain.runKeyword(WebUIKeywordMain.groovy:26)
	at com.kms.katalon.core.webui.keyword.builtin.VerifyTextPresentKeyword.verifyTextPresent(VerifyTextPresentKeyword.groovy:83)
	at com.kms.katalon.core.webui.keyword.builtin.VerifyTextPresentKeyword.execute(VerifyTextPresentKeyword.groovy:68)
	at com.kms.katalon.core.keyword.internal.KeywordExecutor.executeKeywordForPlatform(KeywordExecutor.groovy:74)
	at com.kms.katalon.core.webui.keyword.WebUiBuiltInKeywords.verifyTextPresent(WebUiBuiltInKeywords.groovy:1723)
	at com.kms.katalon.core.webui.keyword.WebUiBuiltInKeywords$verifyTextPresent$7.call(Unknown Source)
	at PBL-007.run(PBL-007:107)
	at com.kms.katalon.core.main.ScriptEngine.run(ScriptEngine.java:194)
	at com.kms.katalon.core.main.ScriptEngine.runScriptAsRawText(ScriptEngine.java:119)
	at com.kms.katalon.core.main.TestCaseExecutor.runScript(TestCaseExecutor.java:448)
	at com.kms.katalon.core.main.TestCaseExecutor.doExecute(TestCaseExecutor.java:439)
	at com.kms.katalon.core.main.TestCaseExecutor.processExecutionPhase(TestCaseExecutor.java:418)
	at com.kms.katalon.core.main.TestCaseExecutor.accessMainPhase(TestCaseExecutor.java:410)
	at com.kms.katalon.core.main.TestCaseExecutor.execute(TestCaseExecutor.java:285)
	at com.kms.katalon.core.common.CommonExecutor.accessTestCaseMainPhase(CommonExecutor.java:65)
	at com.kms.katalon.core.main.TestSuiteExecutor.accessTestSuiteMainPhase(TestSuiteExecutor.java:148)
	at com.kms.katalon.core.main.TestSuiteExecutor.execute(TestSuiteExecutor.java:106)
	at com.kms.katalon.core.main.TestCaseMain.startTestSuite(TestCaseMain.java:187)
	at com.kms.katalon.core.main.TestCaseMain$startTestSuite$0.call(Unknown Source)
	at TempTestSuite1696424348948.run(TempTestSuite1696424348948.groovy:36)
Caused by: com.kms.katalon.core.exception.StepFailedException: Text 'Massage Error" pilih metode pembayaran cod"' is not present on page 
	at com.kms.katalon.core.webui.keyword.internal.WebUIKeywordMain.stepFailed(WebUIKeywordMain.groovy:64)
	at com.kms.katalon.core.webui.keyword.builtin.VerifyTextPresentKeyword$_verifyTextPresent_closure1.doCall(VerifyTextPresentKeyword.groovy:79)
	at com.kms.katalon.core.webui.keyword.builtin.VerifyTextPresentKeyword$_verifyTextPresent_closure1.call(VerifyTextPresentKeyword.groovy)
	at com.kms.katalon.core.webui.keyword.internal.WebUIKeywordMain.runKeyword(WebUIKeywordMain.groovy:20)
	... 19 more
)
[[ATTACHMENT|D:\\BOOTCAMP XSIS\\Projek 2 MINI PROJEK\\Reports\\20231004_190004\\T13 Pembelian, Shipment dan Pembayaran\\T13 Pembelian, Shipment dan Pembayaran\\20231004_195908\\1696424543746.png]]]]></system-out>
         <system-err><![CDATA[2023-10-04 20:01:49 - [TEST_CASE][FAILED] - Test Cases/T13 Pembelian, Shipment dan Pembayaran/PBL-007: Test Cases/T13 Pembelian, Shipment dan Pembayaran/PBL-007 FAILED.
Reason:
com.kms.katalon.core.exception.StepFailedException: Unable to verify text 'Massage Error" pilih metode pembayaran cod"' is present 
	at com.kms.katalon.core.webui.keyword.internal.WebUIKeywordMain.stepFailed(WebUIKeywordMain.groovy:64)
	at com.kms.katalon.core.webui.keyword.internal.WebUIKeywordMain.runKeyword(WebUIKeywordMain.groovy:26)
	at com.kms.katalon.core.webui.keyword.builtin.VerifyTextPresentKeyword.verifyTextPresent(VerifyTextPresentKeyword.groovy:83)
	at com.kms.katalon.core.webui.keyword.builtin.VerifyTextPresentKeyword.execute(VerifyTextPresentKeyword.groovy:68)
	at com.kms.katalon.core.keyword.internal.KeywordExecutor.executeKeywordForPlatform(KeywordExecutor.groovy:74)
	at com.kms.katalon.core.webui.keyword.WebUiBuiltInKeywords.verifyTextPresent(WebUiBuiltInKeywords.groovy:1723)
	at com.kms.katalon.core.webui.keyword.WebUiBuiltInKeywords$verifyTextPresent$7.call(Unknown Source)
	at PBL-007.run(PBL-007:107)
	at com.kms.katalon.core.main.ScriptEngine.run(ScriptEngine.java:194)
	at com.kms.katalon.core.main.ScriptEngine.runScriptAsRawText(ScriptEngine.java:119)
	at com.kms.katalon.core.main.TestCaseExecutor.runScript(TestCaseExecutor.java:448)
	at com.kms.katalon.core.main.TestCaseExecutor.doExecute(TestCaseExecutor.java:439)
	at com.kms.katalon.core.main.TestCaseExecutor.processExecutionPhase(TestCaseExecutor.java:418)
	at com.kms.katalon.core.main.TestCaseExecutor.accessMainPhase(TestCaseExecutor.java:410)
	at com.kms.katalon.core.main.TestCaseExecutor.execute(TestCaseExecutor.java:285)
	at com.kms.katalon.core.common.CommonExecutor.accessTestCaseMainPhase(CommonExecutor.java:65)
	at com.kms.katalon.core.main.TestSuiteExecutor.accessTestSuiteMainPhase(TestSuiteExecutor.java:148)
	at com.kms.katalon.core.main.TestSuiteExecutor.execute(TestSuiteExecutor.java:106)
	at com.kms.katalon.core.main.TestCaseMain.startTestSuite(TestCaseMain.java:187)
	at com.kms.katalon.core.main.TestCaseMain$startTestSuite$0.call(Unknown Source)
	at TempTestSuite1696424348948.run(TempTestSuite1696424348948.groovy:36)
Caused by: com.kms.katalon.core.exception.StepFailedException: Text 'Massage Error" pilih metode pembayaran cod"' is not present on page 
	at com.kms.katalon.core.webui.keyword.internal.WebUIKeywordMain.stepFailed(WebUIKeywordMain.groovy:64)
	at com.kms.katalon.core.webui.keyword.builtin.VerifyTextPresentKeyword$_verifyTextPresent_closure1.doCall(VerifyTextPresentKeyword.groovy:79)
	at com.kms.katalon.core.webui.keyword.builtin.VerifyTextPresentKeyword$_verifyTextPresent_closure1.call(VerifyTextPresentKeyword.groovy)
	at com.kms.katalon.core.webui.keyword.internal.WebUIKeywordMain.runKeyword(WebUIKeywordMain.groovy:20)
	... 19 more]]></system-err>
      </testcase>
      <testcase name="Test Cases/T13 Pembelian, Shipment dan Pembayaran/PBL-008" time="34.188" classname="Test Cases/T13 Pembelian, Shipment dan Pembayaran/PBL-008" status="FAILED">
         <failure type="FAILED" message="Test Cases/T13 Pembelian, Shipment dan Pembayaran/PBL-008 FAILED.
Reason:
com.kms.katalon.core.exception.StepFailedException: Unable to verify text 'Massage Error&quot; pilih metode pembayaran cod&quot;' is present 
	at com.kms.katalon.core.webui.keyword.internal.WebUIKeywordMain.stepFailed(WebUIKeywordMain.groovy:64)
	at com.kms.katalon.core.webui.keyword.internal.WebUIKeywordMain.runKeyword(WebUIKeywordMain.groovy:26)
	at com.kms.katalon.core.webui.keyword.builtin.VerifyTextPresentKeyword.verifyTextPresent(VerifyTextPresentKeyword.groovy:83)
	at com.kms.katalon.core.webui.keyword.builtin.VerifyTextPresentKeyword.execute(VerifyTextPresentKeyword.groovy:68)
	at com.kms.katalon.core.keyword.internal.KeywordExecutor.executeKeywordForPlatform(KeywordExecutor.groovy:74)
	at com.kms.katalon.core.webui.keyword.WebUiBuiltInKeywords.verifyTextPresent(WebUiBuiltInKeywords.groovy:1723)
	at com.kms.katalon.core.webui.keyword.WebUiBuiltInKeywords$verifyTextPresent$7.call(Unknown Source)
	at PBL-008.run(PBL-008:104)
	at com.kms.katalon.core.main.ScriptEngine.run(ScriptEngine.java:194)
	at com.kms.katalon.core.main.ScriptEngine.runScriptAsRawText(ScriptEngine.java:119)
	at com.kms.katalon.core.main.TestCaseExecutor.runScript(TestCaseExecutor.java:448)
	at com.kms.katalon.core.main.TestCaseExecutor.doExecute(TestCaseExecutor.java:439)
	at com.kms.katalon.core.main.TestCaseExecutor.processExecutionPhase(TestCaseExecutor.java:418)
	at com.kms.katalon.core.main.TestCaseExecutor.accessMainPhase(TestCaseExecutor.java:410)
	at com.kms.katalon.core.main.TestCaseExecutor.execute(TestCaseExecutor.java:285)
	at com.kms.katalon.core.common.CommonExecutor.accessTestCaseMainPhase(CommonExecutor.java:65)
	at com.kms.katalon.core.main.TestSuiteExecutor.accessTestSuiteMainPhase(TestSuiteExecutor.java:148)
	at com.kms.katalon.core.main.TestSuiteExecutor.execute(TestSuiteExecutor.java:106)
	at com.kms.katalon.core.main.TestCaseMain.startTestSuite(TestCaseMain.java:187)
	at com.kms.katalon.core.main.TestCaseMain$startTestSuite$0.call(Unknown Source)
	at TempTestSuite1696424348948.run(TempTestSuite1696424348948.groovy:36)
Caused by: com.kms.katalon.core.exception.StepFailedException: Text 'Massage Error&quot; pilih metode pembayaran cod&quot;' is not present on page 
	at com.kms.katalon.core.webui.keyword.internal.WebUIKeywordMain.stepFailed(WebUIKeywordMain.groovy:64)
	at com.kms.katalon.core.webui.keyword.builtin.VerifyTextPresentKeyword$_verifyTextPresent_closure1.doCall(VerifyTextPresentKeyword.groovy:79)
	at com.kms.katalon.core.webui.keyword.builtin.VerifyTextPresentKeyword$_verifyTextPresent_closure1.call(VerifyTextPresentKeyword.groovy)
	at com.kms.katalon.core.webui.keyword.internal.WebUIKeywordMain.runKeyword(WebUIKeywordMain.groovy:20)
	... 19 more
"/>
         <system-out><![CDATA[2023-10-04 20:02:23 - [TEST_CASE][FAILED] - Test Cases/T13 Pembelian, Shipment dan Pembayaran/PBL-008: Test Cases/T13 Pembelian, Shipment dan Pembayaran/PBL-008 FAILED.
Reason:
com.kms.katalon.core.exception.StepFailedException: Unable to verify text 'Massage Error" pilih metode pembayaran cod"' is present 
	at com.kms.katalon.core.webui.keyword.internal.WebUIKeywordMain.stepFailed(WebUIKeywordMain.groovy:64)
	at com.kms.katalon.core.webui.keyword.internal.WebUIKeywordMain.runKeyword(WebUIKeywordMain.groovy:26)
	at com.kms.katalon.core.webui.keyword.builtin.VerifyTextPresentKeyword.verifyTextPresent(VerifyTextPresentKeyword.groovy:83)
	at com.kms.katalon.core.webui.keyword.builtin.VerifyTextPresentKeyword.execute(VerifyTextPresentKeyword.groovy:68)
	at com.kms.katalon.core.keyword.internal.KeywordExecutor.executeKeywordForPlatform(KeywordExecutor.groovy:74)
	at com.kms.katalon.core.webui.keyword.WebUiBuiltInKeywords.verifyTextPresent(WebUiBuiltInKeywords.groovy:1723)
	at com.kms.katalon.core.webui.keyword.WebUiBuiltInKeywords$verifyTextPresent$7.call(Unknown Source)
	at PBL-008.run(PBL-008:104)
	at com.kms.katalon.core.main.ScriptEngine.run(ScriptEngine.java:194)
	at com.kms.katalon.core.main.ScriptEngine.runScriptAsRawText(ScriptEngine.java:119)
	at com.kms.katalon.core.main.TestCaseExecutor.runScript(TestCaseExecutor.java:448)
	at com.kms.katalon.core.main.TestCaseExecutor.doExecute(TestCaseExecutor.java:439)
	at com.kms.katalon.core.main.TestCaseExecutor.processExecutionPhase(TestCaseExecutor.java:418)
	at com.kms.katalon.core.main.TestCaseExecutor.accessMainPhase(TestCaseExecutor.java:410)
	at com.kms.katalon.core.main.TestCaseExecutor.execute(TestCaseExecutor.java:285)
	at com.kms.katalon.core.common.CommonExecutor.accessTestCaseMainPhase(CommonExecutor.java:65)
	at com.kms.katalon.core.main.TestSuiteExecutor.accessTestSuiteMainPhase(TestSuiteExecutor.java:148)
	at com.kms.katalon.core.main.TestSuiteExecutor.execute(TestSuiteExecutor.java:106)
	at com.kms.katalon.core.main.TestCaseMain.startTestSuite(TestCaseMain.java:187)
	at com.kms.katalon.core.main.TestCaseMain$startTestSuite$0.call(Unknown Source)
	at TempTestSuite1696424348948.run(TempTestSuite1696424348948.groovy:36)
Caused by: com.kms.katalon.core.exception.StepFailedException: Text 'Massage Error" pilih metode pembayaran cod"' is not present on page 
	at com.kms.katalon.core.webui.keyword.internal.WebUIKeywordMain.stepFailed(WebUIKeywordMain.groovy:64)
	at com.kms.katalon.core.webui.keyword.builtin.VerifyTextPresentKeyword$_verifyTextPresent_closure1.doCall(VerifyTextPresentKeyword.groovy:79)
	at com.kms.katalon.core.webui.keyword.builtin.VerifyTextPresentKeyword$_verifyTextPresent_closure1.call(VerifyTextPresentKeyword.groovy)
	at com.kms.katalon.core.webui.keyword.internal.WebUIKeywordMain.runKeyword(WebUIKeywordMain.groovy:20)
	... 19 more


2023-10-04 20:02:24 - [TEST_STEP][PASSED] - data = callTestCase(findTestCase("T13 Pembelian, Shipment dan Pembayaran/PBL-002"), [:], STOP_ON_FAILURE): Call Test Case 'Test Cases/T13 Pembelian, Shipment dan Pembayaran/PBL-002' successfully

2023-10-04 20:02:24 - [TEST_CASE][PASSED] - Test Cases/T13 Pembelian, Shipment dan Pembayaran/PBL-002: Test Cases/T13 Pembelian, Shipment dan Pembayaran/PBL-002

2023-10-04 20:02:24 - [TEST_STEP][PASSED] - data = callTestCase(findTestCase("T13 Pembelian, Shipment dan Pembayaran/PBL-001"), [:], STOP_ON_FAILURE): Call Test Case 'Test Cases/T13 Pembelian, Shipment dan Pembayaran/PBL-001' successfully

2023-10-04 20:02:24 - [TEST_CASE][PASSED] - Test Cases/T13 Pembelian, Shipment dan Pembayaran/PBL-001: Test Cases/T13 Pembelian, Shipment dan Pembayaran/PBL-001

2023-10-04 20:02:24 - [TEST_STEP][PASSED] - callTestCase(findTestCase("T13 Pembelian, Shipment dan Pembayaran/LU-001"), ["username":"irfanafandi", "password":"12345irfan"], STOP_ON_FAILURE): Call Test Case 'Test Cases/T13 Pembelian, Shipment dan Pembayaran/LU-001' successfully

2023-10-04 20:02:24 - [TEST_CASE][PASSED] - Test Cases/T13 Pembelian, Shipment dan Pembayaran/LU-001: Test Cases/T13 Pembelian, Shipment dan Pembayaran/LU-001

2023-10-04 20:02:24 - [TEST_STEP][PASSED] - openBrowser("https://10.9.2.63/ecommerce/"): Browser is opened with url: 'https://10.9.2.63/ecommerce/'

2023-10-04 20:02:24 - [MESSAGE][WARNING] - A browser is already opened. Closing browser and opening a new one

2023-10-04 20:02:25 - [MESSAGE][INFO] - Starting 'Firefox' driver

2023-10-04 20:02:25 - [MESSAGE][INFO] - User set preference: ['args', '[--disable-notifications]']

2023-10-04 20:02:25 - [MESSAGE][INFO] - Action delay is set to 0 milliseconds

2023-10-04 20:02:30 - [MESSAGE][PASSED] - Browser is opened with url: 'https://10.9.2.63/ecommerce/'

2023-10-04 20:02:30 - [TEST_STEP][PASSED] - maximizeWindow(): Current window maximized

2023-10-04 20:02:30 - [MESSAGE][PASSED] - Current window maximized

2023-10-04 20:02:30 - [TEST_STEP][PASSED] - verifyElementPresent(findTestObject("Login/Home"), 0): Object 'Object Repository/Login/Home' is present

2023-10-04 20:02:30 - [MESSAGE][WARNING] - Timeout '0' is invalid. Using default page load timeout: '30'

2023-10-04 20:02:31 - [MESSAGE][PASSED] - Object 'Object Repository/Login/Home' is present

2023-10-04 20:02:31 - [TEST_STEP][PASSED] - click(findTestObject("Login/a_Login")): Object: 'Object Repository/Login/a_Login' is clicked on

2023-10-04 20:02:31 - [MESSAGE][PASSED] - Object: 'Object Repository/Login/a_Login' is clicked on

2023-10-04 20:02:31 - [TEST_STEP][PASSED] - verifyElementPresent(findTestObject("Login/Tittle Login"), 0): Object 'Object Repository/Login/Tittle Login' is present

2023-10-04 20:02:31 - [MESSAGE][WARNING] - Timeout '0' is invalid. Using default page load timeout: '30'

2023-10-04 20:02:32 - [MESSAGE][PASSED] - Object 'Object Repository/Login/Tittle Login' is present

2023-10-04 20:02:32 - [TEST_STEP][PASSED] - setText(findTestObject("Login/input_Username, Email atau No. Handphone_a"), username): Text 'irfanafandi' is set on object 'Object Repository/Login/input_Username, Email atau No. Handphone_a'

2023-10-04 20:02:33 - [MESSAGE][PASSED] - Text 'irfanafandi' is set on object 'Object Repository/Login/input_Username, Email atau No. Handphone_a'

2023-10-04 20:02:33 - [TEST_STEP][PASSED] - setText(findTestObject("Login/input_Password_b"), password): Text '12345irfan' is set on object 'Object Repository/Login/input_Password_b'

2023-10-04 20:02:33 - [MESSAGE][PASSED] - Text '12345irfan' is set on object 'Object Repository/Login/input_Password_b'

2023-10-04 20:02:33 - [TEST_STEP][PASSED] - click(findTestObject("Login/label_Ingat saya")): Object: 'Object Repository/Login/label_Ingat saya' is clicked on

2023-10-04 20:02:34 - [MESSAGE][PASSED] - Object: 'Object Repository/Login/label_Ingat saya' is clicked on

2023-10-04 20:02:34 - [TEST_STEP][PASSED] - click(findTestObject("Login/button_Masuk")): Object: 'Object Repository/Login/button_Masuk' is clicked on

2023-10-04 20:02:35 - [MESSAGE][PASSED] - Object: 'Object Repository/Login/button_Masuk' is clicked on

2023-10-04 20:02:35 - [TEST_STEP][PASSED] - verifyElementPresent(findTestObject("Login/li_Profile"), 0): Object 'Object Repository/Login/li_Profile' is present

2023-10-04 20:02:35 - [MESSAGE][WARNING] - Timeout '0' is invalid. Using default page load timeout: '30'

2023-10-04 20:02:36 - [MESSAGE][PASSED] - Object 'Object Repository/Login/li_Profile' is present

2023-10-04 20:02:36 - [MESSAGE][PASSED] - Call Test Case 'Test Cases/T13 Pembelian, Shipment dan Pembayaran/LU-001' successfully

2023-10-04 20:02:36 - [TEST_STEP][PASSED] - mouseOver(findTestObject("beli barang/i_Mulai Belanja_icon-menu")): Object: 'Object Repository/beli barang/i_Mulai Belanja_icon-menu' is hovered

2023-10-04 20:02:36 - [MESSAGE][PASSED] - Object: 'Object Repository/beli barang/i_Mulai Belanja_icon-menu' is hovered

2023-10-04 20:02:36 - [TEST_STEP][PASSED] - click(findTestObject("beli barang/a_Fashion  Busana Wanita")): Object: 'Object Repository/beli barang/a_Fashion  Busana Wanita' is clicked on

2023-10-04 20:02:37 - [MESSAGE][PASSED] - Object: 'Object Repository/beli barang/a_Fashion  Busana Wanita' is clicked on

2023-10-04 20:02:37 - [TEST_STEP][PASSED] - NamaSebelum = getText(findTestObject("verifikasi/Nama sebelum")): Text of object 'Object Repository/verifikasi/Nama sebelum' is: ''

2023-10-04 20:02:38 - [MESSAGE][PASSED] - Text of object 'Object Repository/verifikasi/Nama sebelum' is: ''

2023-10-04 20:02:38 - [TEST_STEP][PASSED] - HargaSebelum = getText(findTestObject("verifikasi/Harga sebelum")): Text of object 'Object Repository/verifikasi/Harga sebelum' is: 'Rp 1,299'

2023-10-04 20:02:38 - [MESSAGE][PASSED] - Text of object 'Object Repository/verifikasi/Harga sebelum' is: 'Rp 1,299'

2023-10-04 20:02:38 - [TEST_STEP][PASSED] - mouseOver(findTestObject("beli barang/barang mouse over")): Object: 'Object Repository/beli barang/barang mouse over' is hovered

2023-10-04 20:02:39 - [MESSAGE][PASSED] - Object: 'Object Repository/beli barang/barang mouse over' is hovered

2023-10-04 20:02:39 - [TEST_STEP][PASSED] - click(findTestObject("beli barang/buttom add to cart")): Object: 'Object Repository/beli barang/buttom add to cart' is clicked on

2023-10-04 20:02:40 - [MESSAGE][PASSED] - Object: 'Object Repository/beli barang/buttom add to cart' is clicked on

2023-10-04 20:02:40 - [TEST_STEP][PASSED] - NamaSesudah = getText(findTestObject("verifikasi/Nama sesudah")): Text of object 'Object Repository/verifikasi/Nama sesudah' is: 'Segitiga Instan Madeira - MDB5.3 Sunset'

2023-10-04 20:02:41 - [MESSAGE][PASSED] - Text of object 'Object Repository/verifikasi/Nama sesudah' is: 'Segitiga Instan Madeira - MDB5.3 Sunset'

2023-10-04 20:02:41 - [TEST_STEP][PASSED] - HargaSesudah = getText(findTestObject("verifikasi/Harga sesudah")): Text of object 'Object Repository/verifikasi/Harga sesudah' is: 'Rp 1,299'

2023-10-04 20:02:41 - [MESSAGE][PASSED] - Text of object 'Object Repository/verifikasi/Harga sesudah' is: 'Rp 1,299'

2023-10-04 20:02:41 - [TEST_STEP][PASSED] - assert NamaSesudah.contains(NamaSebelum): null

2023-10-04 20:02:41 - [TEST_STEP][PASSED] - assert HargaSesudah.contains(HargaSebelum): null

2023-10-04 20:02:41 - [TEST_STEP][PASSED] - click(findTestObject("beli barang/Tambah Keranjang busana wanita")): Object: 'Object Repository/beli barang/Tambah Keranjang busana wanita' is clicked on

2023-10-04 20:02:42 - [MESSAGE][PASSED] - Object: 'Object Repository/beli barang/Tambah Keranjang busana wanita' is clicked on

2023-10-04 20:02:42 - [TEST_STEP][PASSED] - verifyElementPresent(findTestObject("checkout/Notifikasi keranjang"), 1): Object 'Object Repository/checkout/Notifikasi keranjang' is present

2023-10-04 20:02:42 - [MESSAGE][PASSED] - Object 'Object Repository/checkout/Notifikasi keranjang' is present

2023-10-04 20:02:42 - [TEST_STEP][PASSED] - data = new java.util.HashMap(): null

2023-10-04 20:02:42 - [TEST_STEP][PASSED] - data.put("nama_barang", NamaSesudah): null

2023-10-04 20:02:42 - [TEST_STEP][PASSED] - data.put("price_barang", HargaSesudah): null

2023-10-04 20:02:42 - [TEST_STEP][PASSED] - return data: null

2023-10-04 20:02:42 - [MESSAGE][PASSED] - Call Test Case 'Test Cases/T13 Pembelian, Shipment dan Pembayaran/PBL-001' successfully

2023-10-04 20:02:42 - [TEST_STEP][PASSED] - mouseOver(findTestObject("beli barang/keranjang")): Object: 'Object Repository/beli barang/keranjang' is hovered

2023-10-04 20:02:43 - [MESSAGE][PASSED] - Object: 'Object Repository/beli barang/keranjang' is hovered

2023-10-04 20:02:43 - [TEST_STEP][PASSED] - click(findTestObject("beli barang/Lihat Sekarang")): Object: 'Object Repository/beli barang/Lihat Sekarang' is clicked on

2023-10-04 20:02:44 - [MESSAGE][PASSED] - Object: 'Object Repository/beli barang/Lihat Sekarang' is clicked on

2023-10-04 20:02:44 - [TEST_STEP][PASSED] - verifyElementPresent(findTestObject("keranjang/li_Keranjang Belanja"), 0): Object 'Object Repository/keranjang/li_Keranjang Belanja' is present

2023-10-04 20:02:44 - [MESSAGE][WARNING] - Timeout '0' is invalid. Using default page load timeout: '30'

2023-10-04 20:02:45 - [MESSAGE][PASSED] - Object 'Object Repository/keranjang/li_Keranjang Belanja' is present

2023-10-04 20:02:45 - [TEST_STEP][PASSED] - NamaKeranjang = getText(findTestObject("verifikasi/Nama keranjang")): Text of object 'Object Repository/verifikasi/Nama keranjang' is: 'Segitiga Instan Madeira - MDB5.3 Sunset'

2023-10-04 20:02:45 - [MESSAGE][PASSED] - Text of object 'Object Repository/verifikasi/Nama keranjang' is: 'Segitiga Instan Madeira - MDB5.3 Sunset'

2023-10-04 20:02:45 - [TEST_STEP][PASSED] - HargaKeranjang = getText(findTestObject("verifikasi/Harga Keranjang")): Text of object 'Object Repository/verifikasi/Harga Keranjang' is: 'Rp 1,299'

2023-10-04 20:02:46 - [MESSAGE][PASSED] - Text of object 'Object Repository/verifikasi/Harga Keranjang' is: 'Rp 1,299'

2023-10-04 20:02:46 - [TEST_STEP][PASSED] - if (toString().equalsIgnoreCase("Merah")): Object 'Object Repository/keranjang/input_Warna_variasi101' is checked

2023-10-04 20:02:46 - [TEST_STEP][PASSED] - check(findTestObject("Object Repository/keranjang/input_Warna_variasi101")): Object 'Object Repository/keranjang/input_Warna_variasi101' is checked

2023-10-04 20:02:46 - [MESSAGE][PASSED] - Object 'Object Repository/keranjang/input_Warna_variasi101' is checked

2023-10-04 20:02:46 - [TEST_STEP][PASSED] - if (toString().equalsIgnoreCase("Menengah")): Object 'Object Repository/keranjang/input_Ukuran_variasi201' is checked

2023-10-04 20:02:46 - [TEST_STEP][PASSED] - check(findTestObject("Object Repository/keranjang/input_Ukuran_variasi201")): Object 'Object Repository/keranjang/input_Ukuran_variasi201' is checked

2023-10-04 20:02:47 - [MESSAGE][PASSED] - Object 'Object Repository/keranjang/input_Ukuran_variasi201' is checked

2023-10-04 20:02:47 - [TEST_STEP][PASSED] - data.put("Warna", warna): null

2023-10-04 20:02:47 - [TEST_STEP][PASSED] - data.put("Ukuran", ukuran): null

2023-10-04 20:02:47 - [TEST_STEP][PASSED] - click(findTestObject("keranjang/button_Lanjut ke Pembayaran")): Object: 'Object Repository/keranjang/button_Lanjut ke Pembayaran' is clicked on

2023-10-04 20:02:48 - [MESSAGE][PASSED] - Object: 'Object Repository/keranjang/button_Lanjut ke Pembayaran' is clicked on

2023-10-04 20:02:48 - [TEST_STEP][PASSED] - verifyElementPresent(findTestObject("checkout/Tittle Checkout Order"), 0): Object 'Object Repository/checkout/Tittle Checkout Order' is present

2023-10-04 20:02:48 - [MESSAGE][WARNING] - Timeout '0' is invalid. Using default page load timeout: '30'

2023-10-04 20:02:49 - [MESSAGE][PASSED] - Object 'Object Repository/checkout/Tittle Checkout Order' is present

2023-10-04 20:02:49 - [TEST_STEP][PASSED] - name_product = data.get("nama_barang"): null

2023-10-04 20:02:49 - [TEST_STEP][PASSED] - price_product = data.get("price_barang"): null

2023-10-04 20:02:49 - [TEST_STEP][PASSED] - assert name_product == NamaKeranjang: null

2023-10-04 20:02:49 - [TEST_STEP][PASSED] - assert price_product == HargaKeranjang: null

2023-10-04 20:02:49 - [TEST_STEP][PASSED] - return data: null

2023-10-04 20:02:49 - [MESSAGE][PASSED] - Call Test Case 'Test Cases/T13 Pembelian, Shipment dan Pembayaran/PBL-002' successfully

2023-10-04 20:02:49 - [TEST_STEP][PASSED] - warnaa = getText(findTestObject("verifikasi/warna Merah")): Text of object 'Object Repository/verifikasi/warna Merah' is: 'Merah'

2023-10-04 20:02:49 - [MESSAGE][PASSED] - Text of object 'Object Repository/verifikasi/warna Merah' is: 'Merah'

2023-10-04 20:02:49 - [TEST_STEP][PASSED] - ukurann = getText(findTestObject("verifikasi/Ukuran Menengah")): Text of object 'Object Repository/verifikasi/Ukuran Menengah' is: 'Menengah'

2023-10-04 20:02:49 - [MESSAGE][PASSED] - Text of object 'Object Repository/verifikasi/Ukuran Menengah' is: 'Menengah'

2023-10-04 20:02:49 - [TEST_STEP][PASSED] - warna1 = data.get("Warna"): null

2023-10-04 20:02:50 - [TEST_STEP][PASSED] - ukuran1 = data.get("Ukuran"): null

2023-10-04 20:02:50 - [TEST_STEP][PASSED] - assert warnaa == warna1: null

2023-10-04 20:02:50 - [TEST_STEP][PASSED] - assert ukurann == ukuran1: null

2023-10-04 20:02:50 - [TEST_STEP][PASSED] - NamaCheckout = getText(findTestObject("verifikasi/NamaCheckout")): Text of object 'Object Repository/verifikasi/NamaCheckout' is: ''

2023-10-04 20:02:50 - [MESSAGE][PASSED] - Text of object 'Object Repository/verifikasi/NamaCheckout' is: ''

2023-10-04 20:02:50 - [TEST_STEP][PASSED] - HargaCheckout = getText(findTestObject("verifikasi/HargaCheckout")): Text of object 'Object Repository/verifikasi/HargaCheckout' is: '1,299'

2023-10-04 20:02:50 - [MESSAGE][PASSED] - Text of object 'Object Repository/verifikasi/HargaCheckout' is: '1,299'

2023-10-04 20:02:50 - [TEST_STEP][PASSED] - name_product = data.get("nama_barang"): null

2023-10-04 20:02:50 - [TEST_STEP][PASSED] - price_product = data.get("price_barang"): null

2023-10-04 20:02:50 - [TEST_STEP][PASSED] - assert name_product.contains(NamaCheckout): null

2023-10-04 20:02:50 - [TEST_STEP][PASSED] - assert price_product.contains(HargaCheckout): null

2023-10-04 20:02:50 - [TEST_STEP][PASSED] - click(findTestObject("checkout/COD")): Object: 'Object Repository/checkout/COD' is clicked on

2023-10-04 20:02:51 - [MESSAGE][PASSED] - Object: 'Object Repository/checkout/COD' is clicked on

2023-10-04 20:02:51 - [TEST_STEP][PASSED] - click(findTestObject("verifikasi/COD - Panjang BanaTarif")): Object: 'Object Repository/verifikasi/COD - Panjang BanaTarif' is clicked on

2023-10-04 20:02:51 - [MESSAGE][PASSED] - Object: 'Object Repository/verifikasi/COD - Panjang BanaTarif' is clicked on

2023-10-04 20:02:51 - [TEST_STEP][PASSED] - click(findTestObject("Object Repository/checkout/metode pembayaran")): Object: 'Object Repository/checkout/metode pembayaran' is clicked on

2023-10-04 20:02:52 - [MESSAGE][PASSED] - Object: 'Object Repository/checkout/metode pembayaran' is clicked on

2023-10-04 20:02:52 - [TEST_STEP][PASSED] - click(findTestObject("checkout/button_Proses Pembayaran")): Object: 'Object Repository/checkout/button_Proses Pembayaran' is clicked on

2023-10-04 20:02:56 - [MESSAGE][PASSED] - Object: 'Object Repository/checkout/button_Proses Pembayaran' is clicked on

2023-10-04 20:02:56 - [TEST_STEP][FAILED] - verifyTextPresent("Massage Error" pilih metode pembayaran cod"", false): Unable to verify text 'Massage Error" pilih metode pembayaran cod"' is present  (Root cause: com.kms.katalon.core.exception.StepFailedException: Unable to verify text 'Massage Error" pilih metode pembayaran cod"' is present 
	at com.kms.katalon.core.webui.keyword.internal.WebUIKeywordMain.stepFailed(WebUIKeywordMain.groovy:64)
	at com.kms.katalon.core.webui.keyword.internal.WebUIKeywordMain.runKeyword(WebUIKeywordMain.groovy:26)
	at com.kms.katalon.core.webui.keyword.builtin.VerifyTextPresentKeyword.verifyTextPresent(VerifyTextPresentKeyword.groovy:83)
	at com.kms.katalon.core.webui.keyword.builtin.VerifyTextPresentKeyword.execute(VerifyTextPresentKeyword.groovy:68)
	at com.kms.katalon.core.keyword.internal.KeywordExecutor.executeKeywordForPlatform(KeywordExecutor.groovy:74)
	at com.kms.katalon.core.webui.keyword.WebUiBuiltInKeywords.verifyTextPresent(WebUiBuiltInKeywords.groovy:1723)
	at com.kms.katalon.core.webui.keyword.WebUiBuiltInKeywords$verifyTextPresent$7.call(Unknown Source)
	at PBL-008.run(PBL-008:104)
	at com.kms.katalon.core.main.ScriptEngine.run(ScriptEngine.java:194)
	at com.kms.katalon.core.main.ScriptEngine.runScriptAsRawText(ScriptEngine.java:119)
	at com.kms.katalon.core.main.TestCaseExecutor.runScript(TestCaseExecutor.java:448)
	at com.kms.katalon.core.main.TestCaseExecutor.doExecute(TestCaseExecutor.java:439)
	at com.kms.katalon.core.main.TestCaseExecutor.processExecutionPhase(TestCaseExecutor.java:418)
	at com.kms.katalon.core.main.TestCaseExecutor.accessMainPhase(TestCaseExecutor.java:410)
	at com.kms.katalon.core.main.TestCaseExecutor.execute(TestCaseExecutor.java:285)
	at com.kms.katalon.core.common.CommonExecutor.accessTestCaseMainPhase(CommonExecutor.java:65)
	at com.kms.katalon.core.main.TestSuiteExecutor.accessTestSuiteMainPhase(TestSuiteExecutor.java:148)
	at com.kms.katalon.core.main.TestSuiteExecutor.execute(TestSuiteExecutor.java:106)
	at com.kms.katalon.core.main.TestCaseMain.startTestSuite(TestCaseMain.java:187)
	at com.kms.katalon.core.main.TestCaseMain$startTestSuite$0.call(Unknown Source)
	at TempTestSuite1696424348948.run(TempTestSuite1696424348948.groovy:36)
Caused by: com.kms.katalon.core.exception.StepFailedException: Text 'Massage Error" pilih metode pembayaran cod"' is not present on page 
	at com.kms.katalon.core.webui.keyword.internal.WebUIKeywordMain.stepFailed(WebUIKeywordMain.groovy:64)
	at com.kms.katalon.core.webui.keyword.builtin.VerifyTextPresentKeyword$_verifyTextPresent_closure1.doCall(VerifyTextPresentKeyword.groovy:79)
	at com.kms.katalon.core.webui.keyword.builtin.VerifyTextPresentKeyword$_verifyTextPresent_closure1.call(VerifyTextPresentKeyword.groovy)
	at com.kms.katalon.core.webui.keyword.internal.WebUIKeywordMain.runKeyword(WebUIKeywordMain.groovy:20)
	... 19 more
)

2023-10-04 20:02:58 - [MESSAGE][FAILED] - Text 'Massage Error" pilih metode pembayaran cod"' is not present on page  (Root cause: com.kms.katalon.core.exception.StepFailedException: Text 'Massage Error" pilih metode pembayaran cod"' is not present on page 
	at com.kms.katalon.core.webui.keyword.internal.WebUIKeywordMain.stepFailed(WebUIKeywordMain.groovy:64)
	at com.kms.katalon.core.webui.keyword.builtin.VerifyTextPresentKeyword$_verifyTextPresent_closure1.doCall(VerifyTextPresentKeyword.groovy:79)
	at com.kms.katalon.core.webui.keyword.builtin.VerifyTextPresentKeyword$_verifyTextPresent_closure1.call(VerifyTextPresentKeyword.groovy)
	at com.kms.katalon.core.webui.keyword.internal.WebUIKeywordMain.runKeyword(WebUIKeywordMain.groovy:20)
	at com.kms.katalon.core.webui.keyword.builtin.VerifyTextPresentKeyword.verifyTextPresent(VerifyTextPresentKeyword.groovy:83)
	at com.kms.katalon.core.webui.keyword.builtin.VerifyTextPresentKeyword.execute(VerifyTextPresentKeyword.groovy:68)
	at com.kms.katalon.core.keyword.internal.KeywordExecutor.executeKeywordForPlatform(KeywordExecutor.groovy:74)
	at com.kms.katalon.core.webui.keyword.WebUiBuiltInKeywords.verifyTextPresent(WebUiBuiltInKeywords.groovy:1723)
	at com.kms.katalon.core.webui.keyword.WebUiBuiltInKeywords$verifyTextPresent$7.call(Unknown Source)
	at PBL-008.run(PBL-008:104)
	at com.kms.katalon.core.main.ScriptEngine.run(ScriptEngine.java:194)
	at com.kms.katalon.core.main.ScriptEngine.runScriptAsRawText(ScriptEngine.java:119)
	at com.kms.katalon.core.main.TestCaseExecutor.runScript(TestCaseExecutor.java:448)
	at com.kms.katalon.core.main.TestCaseExecutor.doExecute(TestCaseExecutor.java:439)
	at com.kms.katalon.core.main.TestCaseExecutor.processExecutionPhase(TestCaseExecutor.java:418)
	at com.kms.katalon.core.main.TestCaseExecutor.accessMainPhase(TestCaseExecutor.java:410)
	at com.kms.katalon.core.main.TestCaseExecutor.execute(TestCaseExecutor.java:285)
	at com.kms.katalon.core.common.CommonExecutor.accessTestCaseMainPhase(CommonExecutor.java:65)
	at com.kms.katalon.core.main.TestSuiteExecutor.accessTestSuiteMainPhase(TestSuiteExecutor.java:148)
	at com.kms.katalon.core.main.TestSuiteExecutor.execute(TestSuiteExecutor.java:106)
	at com.kms.katalon.core.main.TestCaseMain.startTestSuite(TestCaseMain.java:187)
	at com.kms.katalon.core.main.TestCaseMain$startTestSuite$0.call(Unknown Source)
	at TempTestSuite1696424348948.run(TempTestSuite1696424348948.groovy:36)
)

2023-10-04 20:02:58 - [MESSAGE][FAILED] - Unable to verify text 'Massage Error" pilih metode pembayaran cod"' is present  (Root cause: com.kms.katalon.core.exception.StepFailedException: Unable to verify text 'Massage Error" pilih metode pembayaran cod"' is present 
	at com.kms.katalon.core.webui.keyword.internal.WebUIKeywordMain.stepFailed(WebUIKeywordMain.groovy:64)
	at com.kms.katalon.core.webui.keyword.internal.WebUIKeywordMain.runKeyword(WebUIKeywordMain.groovy:26)
	at com.kms.katalon.core.webui.keyword.builtin.VerifyTextPresentKeyword.verifyTextPresent(VerifyTextPresentKeyword.groovy:83)
	at com.kms.katalon.core.webui.keyword.builtin.VerifyTextPresentKeyword.execute(VerifyTextPresentKeyword.groovy:68)
	at com.kms.katalon.core.keyword.internal.KeywordExecutor.executeKeywordForPlatform(KeywordExecutor.groovy:74)
	at com.kms.katalon.core.webui.keyword.WebUiBuiltInKeywords.verifyTextPresent(WebUiBuiltInKeywords.groovy:1723)
	at com.kms.katalon.core.webui.keyword.WebUiBuiltInKeywords$verifyTextPresent$7.call(Unknown Source)
	at PBL-008.run(PBL-008:104)
	at com.kms.katalon.core.main.ScriptEngine.run(ScriptEngine.java:194)
	at com.kms.katalon.core.main.ScriptEngine.runScriptAsRawText(ScriptEngine.java:119)
	at com.kms.katalon.core.main.TestCaseExecutor.runScript(TestCaseExecutor.java:448)
	at com.kms.katalon.core.main.TestCaseExecutor.doExecute(TestCaseExecutor.java:439)
	at com.kms.katalon.core.main.TestCaseExecutor.processExecutionPhase(TestCaseExecutor.java:418)
	at com.kms.katalon.core.main.TestCaseExecutor.accessMainPhase(TestCaseExecutor.java:410)
	at com.kms.katalon.core.main.TestCaseExecutor.execute(TestCaseExecutor.java:285)
	at com.kms.katalon.core.common.CommonExecutor.accessTestCaseMainPhase(CommonExecutor.java:65)
	at com.kms.katalon.core.main.TestSuiteExecutor.accessTestSuiteMainPhase(TestSuiteExecutor.java:148)
	at com.kms.katalon.core.main.TestSuiteExecutor.execute(TestSuiteExecutor.java:106)
	at com.kms.katalon.core.main.TestCaseMain.startTestSuite(TestCaseMain.java:187)
	at com.kms.katalon.core.main.TestCaseMain$startTestSuite$0.call(Unknown Source)
	at TempTestSuite1696424348948.run(TempTestSuite1696424348948.groovy:36)
Caused by: com.kms.katalon.core.exception.StepFailedException: Text 'Massage Error" pilih metode pembayaran cod"' is not present on page 
	at com.kms.katalon.core.webui.keyword.internal.WebUIKeywordMain.stepFailed(WebUIKeywordMain.groovy:64)
	at com.kms.katalon.core.webui.keyword.builtin.VerifyTextPresentKeyword$_verifyTextPresent_closure1.doCall(VerifyTextPresentKeyword.groovy:79)
	at com.kms.katalon.core.webui.keyword.builtin.VerifyTextPresentKeyword$_verifyTextPresent_closure1.call(VerifyTextPresentKeyword.groovy)
	at com.kms.katalon.core.webui.keyword.internal.WebUIKeywordMain.runKeyword(WebUIKeywordMain.groovy:20)
	... 19 more
)
[[ATTACHMENT|D:\\BOOTCAMP XSIS\\Projek 2 MINI PROJEK\\Reports\\20231004_190004\\T13 Pembelian, Shipment dan Pembayaran\\T13 Pembelian, Shipment dan Pembayaran\\20231004_195908\\1696424578034.png]]]]></system-out>
         <system-err><![CDATA[2023-10-04 20:02:23 - [TEST_CASE][FAILED] - Test Cases/T13 Pembelian, Shipment dan Pembayaran/PBL-008: Test Cases/T13 Pembelian, Shipment dan Pembayaran/PBL-008 FAILED.
Reason:
com.kms.katalon.core.exception.StepFailedException: Unable to verify text 'Massage Error" pilih metode pembayaran cod"' is present 
	at com.kms.katalon.core.webui.keyword.internal.WebUIKeywordMain.stepFailed(WebUIKeywordMain.groovy:64)
	at com.kms.katalon.core.webui.keyword.internal.WebUIKeywordMain.runKeyword(WebUIKeywordMain.groovy:26)
	at com.kms.katalon.core.webui.keyword.builtin.VerifyTextPresentKeyword.verifyTextPresent(VerifyTextPresentKeyword.groovy:83)
	at com.kms.katalon.core.webui.keyword.builtin.VerifyTextPresentKeyword.execute(VerifyTextPresentKeyword.groovy:68)
	at com.kms.katalon.core.keyword.internal.KeywordExecutor.executeKeywordForPlatform(KeywordExecutor.groovy:74)
	at com.kms.katalon.core.webui.keyword.WebUiBuiltInKeywords.verifyTextPresent(WebUiBuiltInKeywords.groovy:1723)
	at com.kms.katalon.core.webui.keyword.WebUiBuiltInKeywords$verifyTextPresent$7.call(Unknown Source)
	at PBL-008.run(PBL-008:104)
	at com.kms.katalon.core.main.ScriptEngine.run(ScriptEngine.java:194)
	at com.kms.katalon.core.main.ScriptEngine.runScriptAsRawText(ScriptEngine.java:119)
	at com.kms.katalon.core.main.TestCaseExecutor.runScript(TestCaseExecutor.java:448)
	at com.kms.katalon.core.main.TestCaseExecutor.doExecute(TestCaseExecutor.java:439)
	at com.kms.katalon.core.main.TestCaseExecutor.processExecutionPhase(TestCaseExecutor.java:418)
	at com.kms.katalon.core.main.TestCaseExecutor.accessMainPhase(TestCaseExecutor.java:410)
	at com.kms.katalon.core.main.TestCaseExecutor.execute(TestCaseExecutor.java:285)
	at com.kms.katalon.core.common.CommonExecutor.accessTestCaseMainPhase(CommonExecutor.java:65)
	at com.kms.katalon.core.main.TestSuiteExecutor.accessTestSuiteMainPhase(TestSuiteExecutor.java:148)
	at com.kms.katalon.core.main.TestSuiteExecutor.execute(TestSuiteExecutor.java:106)
	at com.kms.katalon.core.main.TestCaseMain.startTestSuite(TestCaseMain.java:187)
	at com.kms.katalon.core.main.TestCaseMain$startTestSuite$0.call(Unknown Source)
	at TempTestSuite1696424348948.run(TempTestSuite1696424348948.groovy:36)
Caused by: com.kms.katalon.core.exception.StepFailedException: Text 'Massage Error" pilih metode pembayaran cod"' is not present on page 
	at com.kms.katalon.core.webui.keyword.internal.WebUIKeywordMain.stepFailed(WebUIKeywordMain.groovy:64)
	at com.kms.katalon.core.webui.keyword.builtin.VerifyTextPresentKeyword$_verifyTextPresent_closure1.doCall(VerifyTextPresentKeyword.groovy:79)
	at com.kms.katalon.core.webui.keyword.builtin.VerifyTextPresentKeyword$_verifyTextPresent_closure1.call(VerifyTextPresentKeyword.groovy)
	at com.kms.katalon.core.webui.keyword.internal.WebUIKeywordMain.runKeyword(WebUIKeywordMain.groovy:20)
	... 19 more]]></system-err>
      </testcase>
      <testcase name="Test Cases/T13 Pembelian, Shipment dan Pembayaran/PBL-009" time="12.588" classname="Test Cases/T13 Pembelian, Shipment dan Pembayaran/PBL-009" status="FAILED">
         <failure type="FAILED" message="Test Cases/T13 Pembelian, Shipment dan Pembayaran/PBL-009 FAILED.
Reason:
com.kms.katalon.core.exception.StepFailedException: Call Test Case 'Test Cases/T13 Pembelian, Shipment dan Pembayaran/PBL-002' failed
	at com.kms.katalon.core.keyword.builtin.CallTestCaseKeyword$_callTestCase_closure1.doCall(CallTestCaseKeyword.groovy:63)
	at com.kms.katalon.core.keyword.builtin.CallTestCaseKeyword$_callTestCase_closure1.call(CallTestCaseKeyword.groovy)
	at com.kms.katalon.core.keyword.internal.KeywordMain.runKeyword(KeywordMain.groovy:75)
	at com.kms.katalon.core.keyword.builtin.CallTestCaseKeyword.callTestCase(CallTestCaseKeyword.groovy:81)
	at com.kms.katalon.core.keyword.builtin.CallTestCaseKeyword.execute(CallTestCaseKeyword.groovy:44)
	at com.kms.katalon.core.keyword.internal.KeywordExecutor.executeKeywordForPlatform(KeywordExecutor.groovy:74)
	at com.kms.katalon.core.keyword.BuiltinKeywords.callTestCase(BuiltinKeywords.groovy:310)
	at PBL-009.run(PBL-009:20)
	at com.kms.katalon.core.main.ScriptEngine.run(ScriptEngine.java:194)
	at com.kms.katalon.core.main.ScriptEngine.runScriptAsRawText(ScriptEngine.java:119)
	at com.kms.katalon.core.main.TestCaseExecutor.runScript(TestCaseExecutor.java:448)
	at com.kms.katalon.core.main.TestCaseExecutor.doExecute(TestCaseExecutor.java:439)
	at com.kms.katalon.core.main.TestCaseExecutor.processExecutionPhase(TestCaseExecutor.java:418)
	at com.kms.katalon.core.main.TestCaseExecutor.accessMainPhase(TestCaseExecutor.java:410)
	at com.kms.katalon.core.main.TestCaseExecutor.execute(TestCaseExecutor.java:285)
	at com.kms.katalon.core.common.CommonExecutor.accessTestCaseMainPhase(CommonExecutor.java:65)
	at com.kms.katalon.core.main.TestSuiteExecutor.accessTestSuiteMainPhase(TestSuiteExecutor.java:148)
	at com.kms.katalon.core.main.TestSuiteExecutor.execute(TestSuiteExecutor.java:106)
	at com.kms.katalon.core.main.TestCaseMain.startTestSuite(TestCaseMain.java:187)
	at com.kms.katalon.core.main.TestCaseMain$startTestSuite$0.call(Unknown Source)
	at TempTestSuite1696424348948.run(TempTestSuite1696424348948.groovy:36)
Caused by: com.kms.katalon.core.exception.StepFailedException: Call Test Case 'Test Cases/T13 Pembelian, Shipment dan Pembayaran/PBL-001' failed
	at com.kms.katalon.core.keyword.builtin.CallTestCaseKeyword$_callTestCase_closure1.doCall(CallTestCaseKeyword.groovy:63)
	at com.kms.katalon.core.keyword.builtin.CallTestCaseKeyword$_callTestCase_closure1.call(CallTestCaseKeyword.groovy)
	at com.kms.katalon.core.keyword.internal.KeywordMain.runKeyword(KeywordMain.groovy:75)
	at com.kms.katalon.core.keyword.builtin.CallTestCaseKeyword.callTestCase(CallTestCaseKeyword.groovy:81)
	at com.kms.katalon.core.keyword.builtin.CallTestCaseKeyword.execute(CallTestCaseKeyword.groovy:44)
	at com.kms.katalon.core.keyword.internal.KeywordExecutor.executeKeywordForPlatform(KeywordExecutor.groovy:74)
	at com.kms.katalon.core.keyword.BuiltinKeywords.callTestCase(BuiltinKeywords.groovy:310)
	at PBL-002.run(PBL-002:20)
	at com.kms.katalon.core.main.ScriptEngine.run(ScriptEngine.java:194)
	at com.kms.katalon.core.main.ScriptEngine.runScriptAsRawText(ScriptEngine.java:119)
	at com.kms.katalon.core.main.TestCaseExecutor.runScript(TestCaseExecutor.java:448)
	at com.kms.katalon.core.main.TestCaseExecutor.doExecute(TestCaseExecutor.java:439)
	at com.kms.katalon.core.main.TestCaseExecutor.processExecutionPhase(TestCaseExecutor.java:418)
	at com.kms.katalon.core.main.TestCaseExecutor.accessMainPhase(TestCaseExecutor.java:410)
	at com.kms.katalon.core.main.TestCaseExecutor.execute(TestCaseExecutor.java:285)
	at com.kms.katalon.core.main.TestCaseMain.runTestCase(TestCaseMain.java:144)
	at com.kms.katalon.core.keyword.builtin.CallTestCaseKeyword$_callTestCase_closure1.doCall(CallTestCaseKeyword.groovy:59)
	... 20 more
Caused by: com.kms.katalon.core.exception.StepFailedException: Unable to click on object 'Object Repository/beli barang/a_Fashion  Busana Wanita'
	at com.kms.katalon.core.webui.keyword.internal.WebUIKeywordMain.stepFailed(WebUIKeywordMain.groovy:64)
	at com.kms.katalon.core.webui.keyword.internal.WebUIKeywordMain.runKeyword(WebUIKeywordMain.groovy:26)
	at com.kms.katalon.core.webui.keyword.builtin.ClickKeyword.click(ClickKeyword.groovy:74)
	at com.kms.katalon.core.webui.keyword.builtin.ClickKeyword.execute(ClickKeyword.groovy:40)
	at com.kms.katalon.core.keyword.internal.KeywordExecutor.executeKeywordForPlatform(KeywordExecutor.groovy:74)
	at com.kms.katalon.core.webui.keyword.WebUiBuiltInKeywords.click(WebUiBuiltInKeywords.groovy:620)
	at com.kms.katalon.core.webui.keyword.WebUiBuiltInKeywords$click$2.call(Unknown Source)
	at PBL-001.run(PBL-001:25)
	at com.kms.katalon.core.main.ScriptEngine.run(ScriptEngine.java:194)
	at com.kms.katalon.core.main.ScriptEngine.runScriptAsRawText(ScriptEngine.java:119)
	at com.kms.katalon.core.main.TestCaseExecutor.runScript(TestCaseExecutor.java:448)
	at com.kms.katalon.core.main.TestCaseExecutor.doExecute(TestCaseExecutor.java:439)
	at com.kms.katalon.core.main.TestCaseExecutor.processExecutionPhase(TestCaseExecutor.java:418)
	at com.kms.katalon.core.main.TestCaseExecutor.accessMainPhase(TestCaseExecutor.java:410)
	at com.kms.katalon.core.main.TestCaseExecutor.execute(TestCaseExecutor.java:285)
	at com.kms.katalon.core.main.TestCaseMain.runTestCase(TestCaseMain.java:144)
	at com.kms.katalon.core.keyword.builtin.CallTestCaseKeyword$_callTestCase_closure1.doCall(CallTestCaseKeyword.groovy:59)
	... 36 more
Caused by: org.openqa.selenium.ElementNotInteractableException: Element &lt;a href=&quot;https://10.9.2.63/ecommerce/produk/kategori/fashion--busana-wanita&quot;> could not be scrolled into view
Build info: version: '3.141.59', revision: 'e82be7d358', time: '2018-11-14T08:25:53'
System info: host: 'DESKTOP-H62FVJ8', ip: '10.9.2.72', os.name: 'Windows 10', os.arch: 'amd64', os.version: '10.0', java.version: '1.8.0_362'
Driver info: com.kms.katalon.core.webui.driver.firefox.CGeckoDriver
Capabilities {acceptInsecureCerts: true, browserName: firefox, browserVersion: 117.0.1, javascriptEnabled: true, moz:accessibilityChecks: false, moz:buildID: 20230912013654, moz:geckodriverVersion: 0.33.0, moz:headless: false, moz:platformVersion: 10.0, moz:processID: 6500, moz:profile: C:\Users\IRFAN\AppData\Loca..., moz:shutdownTimeout: 60000, moz:webdriverClick: true, moz:windowless: false, pageLoadStrategy: normal, platform: WINDOWS, platformName: WINDOWS, proxy: Proxy(direct), setWindowRect: true, strictFileInteractability: false, timeouts: {implicit: 0, pageLoad: 300000, script: 30000}, unhandledPromptBehavior: dismiss and notify}
Session ID: 6fe0bb4c-866d-4e77-8a6e-99699706f6a5
	at org.openqa.selenium.remote.http.W3CHttpResponseCodec.createException(W3CHttpResponseCodec.java:187)
	at org.openqa.selenium.remote.http.W3CHttpResponseCodec.decode(W3CHttpResponseCodec.java:122)
	at org.openqa.selenium.remote.http.W3CHttpResponseCodec.decode(W3CHttpResponseCodec.java:49)
	at org.openqa.selenium.remote.HttpCommandExecutor.execute(HttpCommandExecutor.java:158)
	at org.openqa.selenium.remote.service.DriverCommandExecutor.execute(DriverCommandExecutor.java:83)
	at org.openqa.selenium.remote.RemoteWebDriver.execute(RemoteWebDriver.java:552)
	at com.kms.katalon.selenium.driver.CFirefoxDriver.execute(CFirefoxDriver.java:27)
	at org.openqa.selenium.remote.RemoteWebElement.execute(RemoteWebElement.java:285)
	at org.openqa.selenium.remote.RemoteWebElement.click(RemoteWebElement.java:84)
	at org.openqa.selenium.support.events.EventFiringWebDriver$EventFiringWebElement.lambda$new$0(EventFiringWebDriver.java:404)
	at com.sun.proxy.$Proxy11.click(Unknown Source)
	at org.openqa.selenium.support.events.EventFiringWebDriver$EventFiringWebElement.click(EventFiringWebDriver.java:417)
	at org.openqa.selenium.WebElement$click.call(Unknown Source)
	at com.kms.katalon.core.webui.keyword.builtin.ClickKeyword.clickUntilSuccessWithTimeout(ClickKeyword.groovy:81)
	at com.kms.katalon.core.webui.keyword.builtin.ClickKeyword.clickUntilSuccessWithTimeout(ClickKeyword.groovy)
	at com.kms.katalon.core.webui.keyword.builtin.ClickKeyword$_click_closure1.doCall(ClickKeyword.groovy:67)
	at com.kms.katalon.core.webui.keyword.builtin.ClickKeyword$_click_closure1.call(ClickKeyword.groovy)
	at com.kms.katalon.core.webui.keyword.internal.WebUIKeywordMain.runKeyword(WebUIKeywordMain.groovy:20)
	... 51 more
"/>
         <system-out><![CDATA[2023-10-04 20:02:58 - [TEST_CASE][FAILED] - Test Cases/T13 Pembelian, Shipment dan Pembayaran/PBL-009: Test Cases/T13 Pembelian, Shipment dan Pembayaran/PBL-009 FAILED.
Reason:
com.kms.katalon.core.exception.StepFailedException: Call Test Case 'Test Cases/T13 Pembelian, Shipment dan Pembayaran/PBL-002' failed
	at com.kms.katalon.core.keyword.builtin.CallTestCaseKeyword$_callTestCase_closure1.doCall(CallTestCaseKeyword.groovy:63)
	at com.kms.katalon.core.keyword.builtin.CallTestCaseKeyword$_callTestCase_closure1.call(CallTestCaseKeyword.groovy)
	at com.kms.katalon.core.keyword.internal.KeywordMain.runKeyword(KeywordMain.groovy:75)
	at com.kms.katalon.core.keyword.builtin.CallTestCaseKeyword.callTestCase(CallTestCaseKeyword.groovy:81)
	at com.kms.katalon.core.keyword.builtin.CallTestCaseKeyword.execute(CallTestCaseKeyword.groovy:44)
	at com.kms.katalon.core.keyword.internal.KeywordExecutor.executeKeywordForPlatform(KeywordExecutor.groovy:74)
	at com.kms.katalon.core.keyword.BuiltinKeywords.callTestCase(BuiltinKeywords.groovy:310)
	at PBL-009.run(PBL-009:20)
	at com.kms.katalon.core.main.ScriptEngine.run(ScriptEngine.java:194)
	at com.kms.katalon.core.main.ScriptEngine.runScriptAsRawText(ScriptEngine.java:119)
	at com.kms.katalon.core.main.TestCaseExecutor.runScript(TestCaseExecutor.java:448)
	at com.kms.katalon.core.main.TestCaseExecutor.doExecute(TestCaseExecutor.java:439)
	at com.kms.katalon.core.main.TestCaseExecutor.processExecutionPhase(TestCaseExecutor.java:418)
	at com.kms.katalon.core.main.TestCaseExecutor.accessMainPhase(TestCaseExecutor.java:410)
	at com.kms.katalon.core.main.TestCaseExecutor.execute(TestCaseExecutor.java:285)
	at com.kms.katalon.core.common.CommonExecutor.accessTestCaseMainPhase(CommonExecutor.java:65)
	at com.kms.katalon.core.main.TestSuiteExecutor.accessTestSuiteMainPhase(TestSuiteExecutor.java:148)
	at com.kms.katalon.core.main.TestSuiteExecutor.execute(TestSuiteExecutor.java:106)
	at com.kms.katalon.core.main.TestCaseMain.startTestSuite(TestCaseMain.java:187)
	at com.kms.katalon.core.main.TestCaseMain$startTestSuite$0.call(Unknown Source)
	at TempTestSuite1696424348948.run(TempTestSuite1696424348948.groovy:36)
Caused by: com.kms.katalon.core.exception.StepFailedException: Call Test Case 'Test Cases/T13 Pembelian, Shipment dan Pembayaran/PBL-001' failed
	at com.kms.katalon.core.keyword.builtin.CallTestCaseKeyword$_callTestCase_closure1.doCall(CallTestCaseKeyword.groovy:63)
	at com.kms.katalon.core.keyword.builtin.CallTestCaseKeyword$_callTestCase_closure1.call(CallTestCaseKeyword.groovy)
	at com.kms.katalon.core.keyword.internal.KeywordMain.runKeyword(KeywordMain.groovy:75)
	at com.kms.katalon.core.keyword.builtin.CallTestCaseKeyword.callTestCase(CallTestCaseKeyword.groovy:81)
	at com.kms.katalon.core.keyword.builtin.CallTestCaseKeyword.execute(CallTestCaseKeyword.groovy:44)
	at com.kms.katalon.core.keyword.internal.KeywordExecutor.executeKeywordForPlatform(KeywordExecutor.groovy:74)
	at com.kms.katalon.core.keyword.BuiltinKeywords.callTestCase(BuiltinKeywords.groovy:310)
	at PBL-002.run(PBL-002:20)
	at com.kms.katalon.core.main.ScriptEngine.run(ScriptEngine.java:194)
	at com.kms.katalon.core.main.ScriptEngine.runScriptAsRawText(ScriptEngine.java:119)
	at com.kms.katalon.core.main.TestCaseExecutor.runScript(TestCaseExecutor.java:448)
	at com.kms.katalon.core.main.TestCaseExecutor.doExecute(TestCaseExecutor.java:439)
	at com.kms.katalon.core.main.TestCaseExecutor.processExecutionPhase(TestCaseExecutor.java:418)
	at com.kms.katalon.core.main.TestCaseExecutor.accessMainPhase(TestCaseExecutor.java:410)
	at com.kms.katalon.core.main.TestCaseExecutor.execute(TestCaseExecutor.java:285)
	at com.kms.katalon.core.main.TestCaseMain.runTestCase(TestCaseMain.java:144)
	at com.kms.katalon.core.keyword.builtin.CallTestCaseKeyword$_callTestCase_closure1.doCall(CallTestCaseKeyword.groovy:59)
	... 20 more
Caused by: com.kms.katalon.core.exception.StepFailedException: Unable to click on object 'Object Repository/beli barang/a_Fashion  Busana Wanita'
	at com.kms.katalon.core.webui.keyword.internal.WebUIKeywordMain.stepFailed(WebUIKeywordMain.groovy:64)
	at com.kms.katalon.core.webui.keyword.internal.WebUIKeywordMain.runKeyword(WebUIKeywordMain.groovy:26)
	at com.kms.katalon.core.webui.keyword.builtin.ClickKeyword.click(ClickKeyword.groovy:74)
	at com.kms.katalon.core.webui.keyword.builtin.ClickKeyword.execute(ClickKeyword.groovy:40)
	at com.kms.katalon.core.keyword.internal.KeywordExecutor.executeKeywordForPlatform(KeywordExecutor.groovy:74)
	at com.kms.katalon.core.webui.keyword.WebUiBuiltInKeywords.click(WebUiBuiltInKeywords.groovy:620)
	at com.kms.katalon.core.webui.keyword.WebUiBuiltInKeywords$click$2.call(Unknown Source)
	at PBL-001.run(PBL-001:25)
	at com.kms.katalon.core.main.ScriptEngine.run(ScriptEngine.java:194)
	at com.kms.katalon.core.main.ScriptEngine.runScriptAsRawText(ScriptEngine.java:119)
	at com.kms.katalon.core.main.TestCaseExecutor.runScript(TestCaseExecutor.java:448)
	at com.kms.katalon.core.main.TestCaseExecutor.doExecute(TestCaseExecutor.java:439)
	at com.kms.katalon.core.main.TestCaseExecutor.processExecutionPhase(TestCaseExecutor.java:418)
	at com.kms.katalon.core.main.TestCaseExecutor.accessMainPhase(TestCaseExecutor.java:410)
	at com.kms.katalon.core.main.TestCaseExecutor.execute(TestCaseExecutor.java:285)
	at com.kms.katalon.core.main.TestCaseMain.runTestCase(TestCaseMain.java:144)
	at com.kms.katalon.core.keyword.builtin.CallTestCaseKeyword$_callTestCase_closure1.doCall(CallTestCaseKeyword.groovy:59)
	... 36 more
Caused by: org.openqa.selenium.ElementNotInteractableException: Element <a href="https://10.9.2.63/ecommerce/produk/kategori/fashion--busana-wanita"> could not be scrolled into view
Build info: version: '3.141.59', revision: 'e82be7d358', time: '2018-11-14T08:25:53'
System info: host: 'DESKTOP-H62FVJ8', ip: '10.9.2.72', os.name: 'Windows 10', os.arch: 'amd64', os.version: '10.0', java.version: '1.8.0_362'
Driver info: com.kms.katalon.core.webui.driver.firefox.CGeckoDriver
Capabilities {acceptInsecureCerts: true, browserName: firefox, browserVersion: 117.0.1, javascriptEnabled: true, moz:accessibilityChecks: false, moz:buildID: 20230912013654, moz:geckodriverVersion: 0.33.0, moz:headless: false, moz:platformVersion: 10.0, moz:processID: 6500, moz:profile: C:\Users\IRFAN\AppData\Loca..., moz:shutdownTimeout: 60000, moz:webdriverClick: true, moz:windowless: false, pageLoadStrategy: normal, platform: WINDOWS, platformName: WINDOWS, proxy: Proxy(direct), setWindowRect: true, strictFileInteractability: false, timeouts: {implicit: 0, pageLoad: 300000, script: 30000}, unhandledPromptBehavior: dismiss and notify}
Session ID: 6fe0bb4c-866d-4e77-8a6e-99699706f6a5
	at org.openqa.selenium.remote.http.W3CHttpResponseCodec.createException(W3CHttpResponseCodec.java:187)
	at org.openqa.selenium.remote.http.W3CHttpResponseCodec.decode(W3CHttpResponseCodec.java:122)
	at org.openqa.selenium.remote.http.W3CHttpResponseCodec.decode(W3CHttpResponseCodec.java:49)
	at org.openqa.selenium.remote.HttpCommandExecutor.execute(HttpCommandExecutor.java:158)
	at org.openqa.selenium.remote.service.DriverCommandExecutor.execute(DriverCommandExecutor.java:83)
	at org.openqa.selenium.remote.RemoteWebDriver.execute(RemoteWebDriver.java:552)
	at com.kms.katalon.selenium.driver.CFirefoxDriver.execute(CFirefoxDriver.java:27)
	at org.openqa.selenium.remote.RemoteWebElement.execute(RemoteWebElement.java:285)
	at org.openqa.selenium.remote.RemoteWebElement.click(RemoteWebElement.java:84)
	at org.openqa.selenium.support.events.EventFiringWebDriver$EventFiringWebElement.lambda$new$0(EventFiringWebDriver.java:404)
	at com.sun.proxy.$Proxy11.click(Unknown Source)
	at org.openqa.selenium.support.events.EventFiringWebDriver$EventFiringWebElement.click(EventFiringWebDriver.java:417)
	at org.openqa.selenium.WebElement$click.call(Unknown Source)
	at com.kms.katalon.core.webui.keyword.builtin.ClickKeyword.clickUntilSuccessWithTimeout(ClickKeyword.groovy:81)
	at com.kms.katalon.core.webui.keyword.builtin.ClickKeyword.clickUntilSuccessWithTimeout(ClickKeyword.groovy)
	at com.kms.katalon.core.webui.keyword.builtin.ClickKeyword$_click_closure1.doCall(ClickKeyword.groovy:67)
	at com.kms.katalon.core.webui.keyword.builtin.ClickKeyword$_click_closure1.call(ClickKeyword.groovy)
	at com.kms.katalon.core.webui.keyword.internal.WebUIKeywordMain.runKeyword(WebUIKeywordMain.groovy:20)
	... 51 more


2023-10-04 20:02:58 - [TEST_STEP][FAILED] - data = callTestCase(findTestCase("T13 Pembelian, Shipment dan Pembayaran/PBL-002"), [:], STOP_ON_FAILURE): Unable to call Test Case 'Test Cases/T13 Pembelian, Shipment dan Pembayaran/PBL-002' (Root cause: com.kms.katalon.core.exception.StepFailedException: Call Test Case 'Test Cases/T13 Pembelian, Shipment dan Pembayaran/PBL-002' failed
	at com.kms.katalon.core.keyword.builtin.CallTestCaseKeyword$_callTestCase_closure1.doCall(CallTestCaseKeyword.groovy:63)
	at com.kms.katalon.core.keyword.builtin.CallTestCaseKeyword$_callTestCase_closure1.call(CallTestCaseKeyword.groovy)
	at com.kms.katalon.core.keyword.internal.KeywordMain.runKeyword(KeywordMain.groovy:75)
	at com.kms.katalon.core.keyword.builtin.CallTestCaseKeyword.callTestCase(CallTestCaseKeyword.groovy:81)
	at com.kms.katalon.core.keyword.builtin.CallTestCaseKeyword.execute(CallTestCaseKeyword.groovy:44)
	at com.kms.katalon.core.keyword.internal.KeywordExecutor.executeKeywordForPlatform(KeywordExecutor.groovy:74)
	at com.kms.katalon.core.keyword.BuiltinKeywords.callTestCase(BuiltinKeywords.groovy:310)
	at PBL-009.run(PBL-009:20)
	at com.kms.katalon.core.main.ScriptEngine.run(ScriptEngine.java:194)
	at com.kms.katalon.core.main.ScriptEngine.runScriptAsRawText(ScriptEngine.java:119)
	at com.kms.katalon.core.main.TestCaseExecutor.runScript(TestCaseExecutor.java:448)
	at com.kms.katalon.core.main.TestCaseExecutor.doExecute(TestCaseExecutor.java:439)
	at com.kms.katalon.core.main.TestCaseExecutor.processExecutionPhase(TestCaseExecutor.java:418)
	at com.kms.katalon.core.main.TestCaseExecutor.accessMainPhase(TestCaseExecutor.java:410)
	at com.kms.katalon.core.main.TestCaseExecutor.execute(TestCaseExecutor.java:285)
	at com.kms.katalon.core.common.CommonExecutor.accessTestCaseMainPhase(CommonExecutor.java:65)
	at com.kms.katalon.core.main.TestSuiteExecutor.accessTestSuiteMainPhase(TestSuiteExecutor.java:148)
	at com.kms.katalon.core.main.TestSuiteExecutor.execute(TestSuiteExecutor.java:106)
	at com.kms.katalon.core.main.TestCaseMain.startTestSuite(TestCaseMain.java:187)
	at com.kms.katalon.core.main.TestCaseMain$startTestSuite$0.call(Unknown Source)
	at TempTestSuite1696424348948.run(TempTestSuite1696424348948.groovy:36)
Caused by: com.kms.katalon.core.exception.StepFailedException: Call Test Case 'Test Cases/T13 Pembelian, Shipment dan Pembayaran/PBL-001' failed
	at com.kms.katalon.core.keyword.builtin.CallTestCaseKeyword$_callTestCase_closure1.doCall(CallTestCaseKeyword.groovy:63)
	at com.kms.katalon.core.keyword.builtin.CallTestCaseKeyword$_callTestCase_closure1.call(CallTestCaseKeyword.groovy)
	at com.kms.katalon.core.keyword.internal.KeywordMain.runKeyword(KeywordMain.groovy:75)
	at com.kms.katalon.core.keyword.builtin.CallTestCaseKeyword.callTestCase(CallTestCaseKeyword.groovy:81)
	at com.kms.katalon.core.keyword.builtin.CallTestCaseKeyword.execute(CallTestCaseKeyword.groovy:44)
	at com.kms.katalon.core.keyword.internal.KeywordExecutor.executeKeywordForPlatform(KeywordExecutor.groovy:74)
	at com.kms.katalon.core.keyword.BuiltinKeywords.callTestCase(BuiltinKeywords.groovy:310)
	at PBL-002.run(PBL-002:20)
	at com.kms.katalon.core.main.ScriptEngine.run(ScriptEngine.java:194)
	at com.kms.katalon.core.main.ScriptEngine.runScriptAsRawText(ScriptEngine.java:119)
	at com.kms.katalon.core.main.TestCaseExecutor.runScript(TestCaseExecutor.java:448)
	at com.kms.katalon.core.main.TestCaseExecutor.doExecute(TestCaseExecutor.java:439)
	at com.kms.katalon.core.main.TestCaseExecutor.processExecutionPhase(TestCaseExecutor.java:418)
	at com.kms.katalon.core.main.TestCaseExecutor.accessMainPhase(TestCaseExecutor.java:410)
	at com.kms.katalon.core.main.TestCaseExecutor.execute(TestCaseExecutor.java:285)
	at com.kms.katalon.core.main.TestCaseMain.runTestCase(TestCaseMain.java:144)
	at com.kms.katalon.core.keyword.builtin.CallTestCaseKeyword$_callTestCase_closure1.doCall(CallTestCaseKeyword.groovy:59)
	... 20 more
Caused by: com.kms.katalon.core.exception.StepFailedException: Unable to click on object 'Object Repository/beli barang/a_Fashion  Busana Wanita'
	at com.kms.katalon.core.webui.keyword.internal.WebUIKeywordMain.stepFailed(WebUIKeywordMain.groovy:64)
	at com.kms.katalon.core.webui.keyword.internal.WebUIKeywordMain.runKeyword(WebUIKeywordMain.groovy:26)
	at com.kms.katalon.core.webui.keyword.builtin.ClickKeyword.click(ClickKeyword.groovy:74)
	at com.kms.katalon.core.webui.keyword.builtin.ClickKeyword.execute(ClickKeyword.groovy:40)
	at com.kms.katalon.core.keyword.internal.KeywordExecutor.executeKeywordForPlatform(KeywordExecutor.groovy:74)
	at com.kms.katalon.core.webui.keyword.WebUiBuiltInKeywords.click(WebUiBuiltInKeywords.groovy:620)
	at com.kms.katalon.core.webui.keyword.WebUiBuiltInKeywords$click$2.call(Unknown Source)
	at PBL-001.run(PBL-001:25)
	at com.kms.katalon.core.main.ScriptEngine.run(ScriptEngine.java:194)
	at com.kms.katalon.core.main.ScriptEngine.runScriptAsRawText(ScriptEngine.java:119)
	at com.kms.katalon.core.main.TestCaseExecutor.runScript(TestCaseExecutor.java:448)
	at com.kms.katalon.core.main.TestCaseExecutor.doExecute(TestCaseExecutor.java:439)
	at com.kms.katalon.core.main.TestCaseExecutor.processExecutionPhase(TestCaseExecutor.java:418)
	at com.kms.katalon.core.main.TestCaseExecutor.accessMainPhase(TestCaseExecutor.java:410)
	at com.kms.katalon.core.main.TestCaseExecutor.execute(TestCaseExecutor.java:285)
	at com.kms.katalon.core.main.TestCaseMain.runTestCase(TestCaseMain.java:144)
	at com.kms.katalon.core.keyword.builtin.CallTestCaseKeyword$_callTestCase_closure1.doCall(CallTestCaseKeyword.groovy:59)
	... 36 more
Caused by: org.openqa.selenium.ElementNotInteractableException: Element <a href="https://10.9.2.63/ecommerce/produk/kategori/fashion--busana-wanita"> could not be scrolled into view
Build info: version: '3.141.59', revision: 'e82be7d358', time: '2018-11-14T08:25:53'
System info: host: 'DESKTOP-H62FVJ8', ip: '10.9.2.72', os.name: 'Windows 10', os.arch: 'amd64', os.version: '10.0', java.version: '1.8.0_362'
Driver info: com.kms.katalon.core.webui.driver.firefox.CGeckoDriver
Capabilities {acceptInsecureCerts: true, browserName: firefox, browserVersion: 117.0.1, javascriptEnabled: true, moz:accessibilityChecks: false, moz:buildID: 20230912013654, moz:geckodriverVersion: 0.33.0, moz:headless: false, moz:platformVersion: 10.0, moz:processID: 6500, moz:profile: C:\Users\IRFAN\AppData\Loca..., moz:shutdownTimeout: 60000, moz:webdriverClick: true, moz:windowless: false, pageLoadStrategy: normal, platform: WINDOWS, platformName: WINDOWS, proxy: Proxy(direct), setWindowRect: true, strictFileInteractability: false, timeouts: {implicit: 0, pageLoad: 300000, script: 30000}, unhandledPromptBehavior: dismiss and notify}
Session ID: 6fe0bb4c-866d-4e77-8a6e-99699706f6a5
	at org.openqa.selenium.remote.http.W3CHttpResponseCodec.createException(W3CHttpResponseCodec.java:187)
	at org.openqa.selenium.remote.http.W3CHttpResponseCodec.decode(W3CHttpResponseCodec.java:122)
	at org.openqa.selenium.remote.http.W3CHttpResponseCodec.decode(W3CHttpResponseCodec.java:49)
	at org.openqa.selenium.remote.HttpCommandExecutor.execute(HttpCommandExecutor.java:158)
	at org.openqa.selenium.remote.service.DriverCommandExecutor.execute(DriverCommandExecutor.java:83)
	at org.openqa.selenium.remote.RemoteWebDriver.execute(RemoteWebDriver.java:552)
	at com.kms.katalon.selenium.driver.CFirefoxDriver.execute(CFirefoxDriver.java:27)
	at org.openqa.selenium.remote.RemoteWebElement.execute(RemoteWebElement.java:285)
	at org.openqa.selenium.remote.RemoteWebElement.click(RemoteWebElement.java:84)
	at org.openqa.selenium.support.events.EventFiringWebDriver$EventFiringWebElement.lambda$new$0(EventFiringWebDriver.java:404)
	at com.sun.proxy.$Proxy11.click(Unknown Source)
	at org.openqa.selenium.support.events.EventFiringWebDriver$EventFiringWebElement.click(EventFiringWebDriver.java:417)
	at org.openqa.selenium.WebElement$click.call(Unknown Source)
	at com.kms.katalon.core.webui.keyword.builtin.ClickKeyword.clickUntilSuccessWithTimeout(ClickKeyword.groovy:81)
	at com.kms.katalon.core.webui.keyword.builtin.ClickKeyword.clickUntilSuccessWithTimeout(ClickKeyword.groovy)
	at com.kms.katalon.core.webui.keyword.builtin.ClickKeyword$_click_closure1.doCall(ClickKeyword.groovy:67)
	at com.kms.katalon.core.webui.keyword.builtin.ClickKeyword$_click_closure1.call(ClickKeyword.groovy)
	at com.kms.katalon.core.webui.keyword.internal.WebUIKeywordMain.runKeyword(WebUIKeywordMain.groovy:20)
	... 51 more
)

2023-10-04 20:02:58 - [TEST_CASE][FAILED] - Test Cases/T13 Pembelian, Shipment dan Pembayaran/PBL-002: Test Cases/T13 Pembelian, Shipment dan Pembayaran/PBL-002 FAILED.
Reason:
com.kms.katalon.core.exception.StepFailedException: Call Test Case 'Test Cases/T13 Pembelian, Shipment dan Pembayaran/PBL-001' failed
	at com.kms.katalon.core.keyword.builtin.CallTestCaseKeyword$_callTestCase_closure1.doCall(CallTestCaseKeyword.groovy:63)
	at com.kms.katalon.core.keyword.builtin.CallTestCaseKeyword$_callTestCase_closure1.call(CallTestCaseKeyword.groovy)
	at com.kms.katalon.core.keyword.internal.KeywordMain.runKeyword(KeywordMain.groovy:75)
	at com.kms.katalon.core.keyword.builtin.CallTestCaseKeyword.callTestCase(CallTestCaseKeyword.groovy:81)
	at com.kms.katalon.core.keyword.builtin.CallTestCaseKeyword.execute(CallTestCaseKeyword.groovy:44)
	at com.kms.katalon.core.keyword.internal.KeywordExecutor.executeKeywordForPlatform(KeywordExecutor.groovy:74)
	at com.kms.katalon.core.keyword.BuiltinKeywords.callTestCase(BuiltinKeywords.groovy:310)
	at PBL-002.run(PBL-002:20)
	at com.kms.katalon.core.main.ScriptEngine.run(ScriptEngine.java:194)
	at com.kms.katalon.core.main.ScriptEngine.runScriptAsRawText(ScriptEngine.java:119)
	at com.kms.katalon.core.main.TestCaseExecutor.runScript(TestCaseExecutor.java:448)
	at com.kms.katalon.core.main.TestCaseExecutor.doExecute(TestCaseExecutor.java:439)
	at com.kms.katalon.core.main.TestCaseExecutor.processExecutionPhase(TestCaseExecutor.java:418)
	at com.kms.katalon.core.main.TestCaseExecutor.accessMainPhase(TestCaseExecutor.java:410)
	at com.kms.katalon.core.main.TestCaseExecutor.execute(TestCaseExecutor.java:285)
	at com.kms.katalon.core.main.TestCaseMain.runTestCase(TestCaseMain.java:144)
	at com.kms.katalon.core.keyword.builtin.CallTestCaseKeyword$_callTestCase_closure1.doCall(CallTestCaseKeyword.groovy:59)
	at com.kms.katalon.core.keyword.builtin.CallTestCaseKeyword$_callTestCase_closure1.call(CallTestCaseKeyword.groovy)
	at com.kms.katalon.core.keyword.internal.KeywordMain.runKeyword(KeywordMain.groovy:75)
	at com.kms.katalon.core.keyword.builtin.CallTestCaseKeyword.callTestCase(CallTestCaseKeyword.groovy:81)
	at com.kms.katalon.core.keyword.builtin.CallTestCaseKeyword.execute(CallTestCaseKeyword.groovy:44)
	at com.kms.katalon.core.keyword.internal.KeywordExecutor.executeKeywordForPlatform(KeywordExecutor.groovy:74)
	at com.kms.katalon.core.keyword.BuiltinKeywords.callTestCase(BuiltinKeywords.groovy:310)
	at PBL-009.run(PBL-009:20)
	at com.kms.katalon.core.main.ScriptEngine.run(ScriptEngine.java:194)
	at com.kms.katalon.core.main.ScriptEngine.runScriptAsRawText(ScriptEngine.java:119)
	at com.kms.katalon.core.main.TestCaseExecutor.runScript(TestCaseExecutor.java:448)
	at com.kms.katalon.core.main.TestCaseExecutor.doExecute(TestCaseExecutor.java:439)
	at com.kms.katalon.core.main.TestCaseExecutor.processExecutionPhase(TestCaseExecutor.java:418)
	at com.kms.katalon.core.main.TestCaseExecutor.accessMainPhase(TestCaseExecutor.java:410)
	at com.kms.katalon.core.main.TestCaseExecutor.execute(TestCaseExecutor.java:285)
	at com.kms.katalon.core.common.CommonExecutor.accessTestCaseMainPhase(CommonExecutor.java:65)
	at com.kms.katalon.core.main.TestSuiteExecutor.accessTestSuiteMainPhase(TestSuiteExecutor.java:148)
	at com.kms.katalon.core.main.TestSuiteExecutor.execute(TestSuiteExecutor.java:106)
	at com.kms.katalon.core.main.TestCaseMain.startTestSuite(TestCaseMain.java:187)
	at com.kms.katalon.core.main.TestCaseMain$startTestSuite$0.call(Unknown Source)
	at TempTestSuite1696424348948.run(TempTestSuite1696424348948.groovy:36)
Caused by: com.kms.katalon.core.exception.StepFailedException: Unable to click on object 'Object Repository/beli barang/a_Fashion  Busana Wanita'
	at com.kms.katalon.core.webui.keyword.internal.WebUIKeywordMain.stepFailed(WebUIKeywordMain.groovy:64)
	at com.kms.katalon.core.webui.keyword.internal.WebUIKeywordMain.runKeyword(WebUIKeywordMain.groovy:26)
	at com.kms.katalon.core.webui.keyword.builtin.ClickKeyword.click(ClickKeyword.groovy:74)
	at com.kms.katalon.core.webui.keyword.builtin.ClickKeyword.execute(ClickKeyword.groovy:40)
	at com.kms.katalon.core.keyword.internal.KeywordExecutor.executeKeywordForPlatform(KeywordExecutor.groovy:74)
	at com.kms.katalon.core.webui.keyword.WebUiBuiltInKeywords.click(WebUiBuiltInKeywords.groovy:620)
	at com.kms.katalon.core.webui.keyword.WebUiBuiltInKeywords$click$2.call(Unknown Source)
	at PBL-001.run(PBL-001:25)
	at com.kms.katalon.core.main.ScriptEngine.run(ScriptEngine.java:194)
	at com.kms.katalon.core.main.ScriptEngine.runScriptAsRawText(ScriptEngine.java:119)
	at com.kms.katalon.core.main.TestCaseExecutor.runScript(TestCaseExecutor.java:448)
	at com.kms.katalon.core.main.TestCaseExecutor.doExecute(TestCaseExecutor.java:439)
	at com.kms.katalon.core.main.TestCaseExecutor.processExecutionPhase(TestCaseExecutor.java:418)
	at com.kms.katalon.core.main.TestCaseExecutor.accessMainPhase(TestCaseExecutor.java:410)
	at com.kms.katalon.core.main.TestCaseExecutor.execute(TestCaseExecutor.java:285)
	at com.kms.katalon.core.main.TestCaseMain.runTestCase(TestCaseMain.java:144)
	at com.kms.katalon.core.keyword.builtin.CallTestCaseKeyword$_callTestCase_closure1.doCall(CallTestCaseKeyword.groovy:59)
	... 36 more
Caused by: org.openqa.selenium.ElementNotInteractableException: Element <a href="https://10.9.2.63/ecommerce/produk/kategori/fashion--busana-wanita"> could not be scrolled into view
Build info: version: '3.141.59', revision: 'e82be7d358', time: '2018-11-14T08:25:53'
System info: host: 'DESKTOP-H62FVJ8', ip: '10.9.2.72', os.name: 'Windows 10', os.arch: 'amd64', os.version: '10.0', java.version: '1.8.0_362'
Driver info: com.kms.katalon.core.webui.driver.firefox.CGeckoDriver
Capabilities {acceptInsecureCerts: true, browserName: firefox, browserVersion: 117.0.1, javascriptEnabled: true, moz:accessibilityChecks: false, moz:buildID: 20230912013654, moz:geckodriverVersion: 0.33.0, moz:headless: false, moz:platformVersion: 10.0, moz:processID: 6500, moz:profile: C:\Users\IRFAN\AppData\Loca..., moz:shutdownTimeout: 60000, moz:webdriverClick: true, moz:windowless: false, pageLoadStrategy: normal, platform: WINDOWS, platformName: WINDOWS, proxy: Proxy(direct), setWindowRect: true, strictFileInteractability: false, timeouts: {implicit: 0, pageLoad: 300000, script: 30000}, unhandledPromptBehavior: dismiss and notify}
Session ID: 6fe0bb4c-866d-4e77-8a6e-99699706f6a5
	at org.openqa.selenium.remote.http.W3CHttpResponseCodec.createException(W3CHttpResponseCodec.java:187)
	at org.openqa.selenium.remote.http.W3CHttpResponseCodec.decode(W3CHttpResponseCodec.java:122)
	at org.openqa.selenium.remote.http.W3CHttpResponseCodec.decode(W3CHttpResponseCodec.java:49)
	at org.openqa.selenium.remote.HttpCommandExecutor.execute(HttpCommandExecutor.java:158)
	at org.openqa.selenium.remote.service.DriverCommandExecutor.execute(DriverCommandExecutor.java:83)
	at org.openqa.selenium.remote.RemoteWebDriver.execute(RemoteWebDriver.java:552)
	at com.kms.katalon.selenium.driver.CFirefoxDriver.execute(CFirefoxDriver.java:27)
	at org.openqa.selenium.remote.RemoteWebElement.execute(RemoteWebElement.java:285)
	at org.openqa.selenium.remote.RemoteWebElement.click(RemoteWebElement.java:84)
	at org.openqa.selenium.support.events.EventFiringWebDriver$EventFiringWebElement.lambda$new$0(EventFiringWebDriver.java:404)
	at com.sun.proxy.$Proxy11.click(Unknown Source)
	at org.openqa.selenium.support.events.EventFiringWebDriver$EventFiringWebElement.click(EventFiringWebDriver.java:417)
	at org.openqa.selenium.WebElement$click.call(Unknown Source)
	at com.kms.katalon.core.webui.keyword.builtin.ClickKeyword.clickUntilSuccessWithTimeout(ClickKeyword.groovy:81)
	at com.kms.katalon.core.webui.keyword.builtin.ClickKeyword.clickUntilSuccessWithTimeout(ClickKeyword.groovy)
	at com.kms.katalon.core.webui.keyword.builtin.ClickKeyword$_click_closure1.doCall(ClickKeyword.groovy:67)
	at com.kms.katalon.core.webui.keyword.builtin.ClickKeyword$_click_closure1.call(ClickKeyword.groovy)
	at com.kms.katalon.core.webui.keyword.internal.WebUIKeywordMain.runKeyword(WebUIKeywordMain.groovy:20)
	... 51 more


2023-10-04 20:02:58 - [TEST_STEP][FAILED] - data = callTestCase(findTestCase("T13 Pembelian, Shipment dan Pembayaran/PBL-001"), [:], STOP_ON_FAILURE): Unable to call Test Case 'Test Cases/T13 Pembelian, Shipment dan Pembayaran/PBL-001' (Root cause: com.kms.katalon.core.exception.StepFailedException: Call Test Case 'Test Cases/T13 Pembelian, Shipment dan Pembayaran/PBL-001' failed
	at com.kms.katalon.core.keyword.builtin.CallTestCaseKeyword$_callTestCase_closure1.doCall(CallTestCaseKeyword.groovy:63)
	at com.kms.katalon.core.keyword.builtin.CallTestCaseKeyword$_callTestCase_closure1.call(CallTestCaseKeyword.groovy)
	at com.kms.katalon.core.keyword.internal.KeywordMain.runKeyword(KeywordMain.groovy:75)
	at com.kms.katalon.core.keyword.builtin.CallTestCaseKeyword.callTestCase(CallTestCaseKeyword.groovy:81)
	at com.kms.katalon.core.keyword.builtin.CallTestCaseKeyword.execute(CallTestCaseKeyword.groovy:44)
	at com.kms.katalon.core.keyword.internal.KeywordExecutor.executeKeywordForPlatform(KeywordExecutor.groovy:74)
	at com.kms.katalon.core.keyword.BuiltinKeywords.callTestCase(BuiltinKeywords.groovy:310)
	at PBL-002.run(PBL-002:20)
	at com.kms.katalon.core.main.ScriptEngine.run(ScriptEngine.java:194)
	at com.kms.katalon.core.main.ScriptEngine.runScriptAsRawText(ScriptEngine.java:119)
	at com.kms.katalon.core.main.TestCaseExecutor.runScript(TestCaseExecutor.java:448)
	at com.kms.katalon.core.main.TestCaseExecutor.doExecute(TestCaseExecutor.java:439)
	at com.kms.katalon.core.main.TestCaseExecutor.processExecutionPhase(TestCaseExecutor.java:418)
	at com.kms.katalon.core.main.TestCaseExecutor.accessMainPhase(TestCaseExecutor.java:410)
	at com.kms.katalon.core.main.TestCaseExecutor.execute(TestCaseExecutor.java:285)
	at com.kms.katalon.core.main.TestCaseMain.runTestCase(TestCaseMain.java:144)
	at com.kms.katalon.core.keyword.builtin.CallTestCaseKeyword$_callTestCase_closure1.doCall(CallTestCaseKeyword.groovy:59)
	at com.kms.katalon.core.keyword.builtin.CallTestCaseKeyword$_callTestCase_closure1.call(CallTestCaseKeyword.groovy)
	at com.kms.katalon.core.keyword.internal.KeywordMain.runKeyword(KeywordMain.groovy:75)
	at com.kms.katalon.core.keyword.builtin.CallTestCaseKeyword.callTestCase(CallTestCaseKeyword.groovy:81)
	at com.kms.katalon.core.keyword.builtin.CallTestCaseKeyword.execute(CallTestCaseKeyword.groovy:44)
	at com.kms.katalon.core.keyword.internal.KeywordExecutor.executeKeywordForPlatform(KeywordExecutor.groovy:74)
	at com.kms.katalon.core.keyword.BuiltinKeywords.callTestCase(BuiltinKeywords.groovy:310)
	at PBL-009.run(PBL-009:20)
	at com.kms.katalon.core.main.ScriptEngine.run(ScriptEngine.java:194)
	at com.kms.katalon.core.main.ScriptEngine.runScriptAsRawText(ScriptEngine.java:119)
	at com.kms.katalon.core.main.TestCaseExecutor.runScript(TestCaseExecutor.java:448)
	at com.kms.katalon.core.main.TestCaseExecutor.doExecute(TestCaseExecutor.java:439)
	at com.kms.katalon.core.main.TestCaseExecutor.processExecutionPhase(TestCaseExecutor.java:418)
	at com.kms.katalon.core.main.TestCaseExecutor.accessMainPhase(TestCaseExecutor.java:410)
	at com.kms.katalon.core.main.TestCaseExecutor.execute(TestCaseExecutor.java:285)
	at com.kms.katalon.core.common.CommonExecutor.accessTestCaseMainPhase(CommonExecutor.java:65)
	at com.kms.katalon.core.main.TestSuiteExecutor.accessTestSuiteMainPhase(TestSuiteExecutor.java:148)
	at com.kms.katalon.core.main.TestSuiteExecutor.execute(TestSuiteExecutor.java:106)
	at com.kms.katalon.core.main.TestCaseMain.startTestSuite(TestCaseMain.java:187)
	at com.kms.katalon.core.main.TestCaseMain$startTestSuite$0.call(Unknown Source)
	at TempTestSuite1696424348948.run(TempTestSuite1696424348948.groovy:36)
Caused by: com.kms.katalon.core.exception.StepFailedException: Unable to click on object 'Object Repository/beli barang/a_Fashion  Busana Wanita'
	at com.kms.katalon.core.webui.keyword.internal.WebUIKeywordMain.stepFailed(WebUIKeywordMain.groovy:64)
	at com.kms.katalon.core.webui.keyword.internal.WebUIKeywordMain.runKeyword(WebUIKeywordMain.groovy:26)
	at com.kms.katalon.core.webui.keyword.builtin.ClickKeyword.click(ClickKeyword.groovy:74)
	at com.kms.katalon.core.webui.keyword.builtin.ClickKeyword.execute(ClickKeyword.groovy:40)
	at com.kms.katalon.core.keyword.internal.KeywordExecutor.executeKeywordForPlatform(KeywordExecutor.groovy:74)
	at com.kms.katalon.core.webui.keyword.WebUiBuiltInKeywords.click(WebUiBuiltInKeywords.groovy:620)
	at com.kms.katalon.core.webui.keyword.WebUiBuiltInKeywords$click$2.call(Unknown Source)
	at PBL-001.run(PBL-001:25)
	at com.kms.katalon.core.main.ScriptEngine.run(ScriptEngine.java:194)
	at com.kms.katalon.core.main.ScriptEngine.runScriptAsRawText(ScriptEngine.java:119)
	at com.kms.katalon.core.main.TestCaseExecutor.runScript(TestCaseExecutor.java:448)
	at com.kms.katalon.core.main.TestCaseExecutor.doExecute(TestCaseExecutor.java:439)
	at com.kms.katalon.core.main.TestCaseExecutor.processExecutionPhase(TestCaseExecutor.java:418)
	at com.kms.katalon.core.main.TestCaseExecutor.accessMainPhase(TestCaseExecutor.java:410)
	at com.kms.katalon.core.main.TestCaseExecutor.execute(TestCaseExecutor.java:285)
	at com.kms.katalon.core.main.TestCaseMain.runTestCase(TestCaseMain.java:144)
	at com.kms.katalon.core.keyword.builtin.CallTestCaseKeyword$_callTestCase_closure1.doCall(CallTestCaseKeyword.groovy:59)
	... 36 more
Caused by: org.openqa.selenium.ElementNotInteractableException: Element <a href="https://10.9.2.63/ecommerce/produk/kategori/fashion--busana-wanita"> could not be scrolled into view
Build info: version: '3.141.59', revision: 'e82be7d358', time: '2018-11-14T08:25:53'
System info: host: 'DESKTOP-H62FVJ8', ip: '10.9.2.72', os.name: 'Windows 10', os.arch: 'amd64', os.version: '10.0', java.version: '1.8.0_362'
Driver info: com.kms.katalon.core.webui.driver.firefox.CGeckoDriver
Capabilities {acceptInsecureCerts: true, browserName: firefox, browserVersion: 117.0.1, javascriptEnabled: true, moz:accessibilityChecks: false, moz:buildID: 20230912013654, moz:geckodriverVersion: 0.33.0, moz:headless: false, moz:platformVersion: 10.0, moz:processID: 6500, moz:profile: C:\Users\IRFAN\AppData\Loca..., moz:shutdownTimeout: 60000, moz:webdriverClick: true, moz:windowless: false, pageLoadStrategy: normal, platform: WINDOWS, platformName: WINDOWS, proxy: Proxy(direct), setWindowRect: true, strictFileInteractability: false, timeouts: {implicit: 0, pageLoad: 300000, script: 30000}, unhandledPromptBehavior: dismiss and notify}
Session ID: 6fe0bb4c-866d-4e77-8a6e-99699706f6a5
	at org.openqa.selenium.remote.http.W3CHttpResponseCodec.createException(W3CHttpResponseCodec.java:187)
	at org.openqa.selenium.remote.http.W3CHttpResponseCodec.decode(W3CHttpResponseCodec.java:122)
	at org.openqa.selenium.remote.http.W3CHttpResponseCodec.decode(W3CHttpResponseCodec.java:49)
	at org.openqa.selenium.remote.HttpCommandExecutor.execute(HttpCommandExecutor.java:158)
	at org.openqa.selenium.remote.service.DriverCommandExecutor.execute(DriverCommandExecutor.java:83)
	at org.openqa.selenium.remote.RemoteWebDriver.execute(RemoteWebDriver.java:552)
	at com.kms.katalon.selenium.driver.CFirefoxDriver.execute(CFirefoxDriver.java:27)
	at org.openqa.selenium.remote.RemoteWebElement.execute(RemoteWebElement.java:285)
	at org.openqa.selenium.remote.RemoteWebElement.click(RemoteWebElement.java:84)
	at org.openqa.selenium.support.events.EventFiringWebDriver$EventFiringWebElement.lambda$new$0(EventFiringWebDriver.java:404)
	at com.sun.proxy.$Proxy11.click(Unknown Source)
	at org.openqa.selenium.support.events.EventFiringWebDriver$EventFiringWebElement.click(EventFiringWebDriver.java:417)
	at org.openqa.selenium.WebElement$click.call(Unknown Source)
	at com.kms.katalon.core.webui.keyword.builtin.ClickKeyword.clickUntilSuccessWithTimeout(ClickKeyword.groovy:81)
	at com.kms.katalon.core.webui.keyword.builtin.ClickKeyword.clickUntilSuccessWithTimeout(ClickKeyword.groovy)
	at com.kms.katalon.core.webui.keyword.builtin.ClickKeyword$_click_closure1.doCall(ClickKeyword.groovy:67)
	at com.kms.katalon.core.webui.keyword.builtin.ClickKeyword$_click_closure1.call(ClickKeyword.groovy)
	at com.kms.katalon.core.webui.keyword.internal.WebUIKeywordMain.runKeyword(WebUIKeywordMain.groovy:20)
	... 51 more
)

2023-10-04 20:02:58 - [TEST_CASE][FAILED] - Test Cases/T13 Pembelian, Shipment dan Pembayaran/PBL-001: Test Cases/T13 Pembelian, Shipment dan Pembayaran/PBL-001 FAILED.
Reason:
com.kms.katalon.core.exception.StepFailedException: Unable to click on object 'Object Repository/beli barang/a_Fashion  Busana Wanita'
	at com.kms.katalon.core.webui.keyword.internal.WebUIKeywordMain.stepFailed(WebUIKeywordMain.groovy:64)
	at com.kms.katalon.core.webui.keyword.internal.WebUIKeywordMain.runKeyword(WebUIKeywordMain.groovy:26)
	at com.kms.katalon.core.webui.keyword.builtin.ClickKeyword.click(ClickKeyword.groovy:74)
	at com.kms.katalon.core.webui.keyword.builtin.ClickKeyword.execute(ClickKeyword.groovy:40)
	at com.kms.katalon.core.keyword.internal.KeywordExecutor.executeKeywordForPlatform(KeywordExecutor.groovy:74)
	at com.kms.katalon.core.webui.keyword.WebUiBuiltInKeywords.click(WebUiBuiltInKeywords.groovy:620)
	at com.kms.katalon.core.webui.keyword.WebUiBuiltInKeywords$click$2.call(Unknown Source)
	at PBL-001.run(PBL-001:25)
	at com.kms.katalon.core.main.ScriptEngine.run(ScriptEngine.java:194)
	at com.kms.katalon.core.main.ScriptEngine.runScriptAsRawText(ScriptEngine.java:119)
	at com.kms.katalon.core.main.TestCaseExecutor.runScript(TestCaseExecutor.java:448)
	at com.kms.katalon.core.main.TestCaseExecutor.doExecute(TestCaseExecutor.java:439)
	at com.kms.katalon.core.main.TestCaseExecutor.processExecutionPhase(TestCaseExecutor.java:418)
	at com.kms.katalon.core.main.TestCaseExecutor.accessMainPhase(TestCaseExecutor.java:410)
	at com.kms.katalon.core.main.TestCaseExecutor.execute(TestCaseExecutor.java:285)
	at com.kms.katalon.core.main.TestCaseMain.runTestCase(TestCaseMain.java:144)
	at com.kms.katalon.core.keyword.builtin.CallTestCaseKeyword$_callTestCase_closure1.doCall(CallTestCaseKeyword.groovy:59)
	at com.kms.katalon.core.keyword.builtin.CallTestCaseKeyword$_callTestCase_closure1.call(CallTestCaseKeyword.groovy)
	at com.kms.katalon.core.keyword.internal.KeywordMain.runKeyword(KeywordMain.groovy:75)
	at com.kms.katalon.core.keyword.builtin.CallTestCaseKeyword.callTestCase(CallTestCaseKeyword.groovy:81)
	at com.kms.katalon.core.keyword.builtin.CallTestCaseKeyword.execute(CallTestCaseKeyword.groovy:44)
	at com.kms.katalon.core.keyword.internal.KeywordExecutor.executeKeywordForPlatform(KeywordExecutor.groovy:74)
	at com.kms.katalon.core.keyword.BuiltinKeywords.callTestCase(BuiltinKeywords.groovy:310)
	at PBL-002.run(PBL-002:20)
	at com.kms.katalon.core.main.ScriptEngine.run(ScriptEngine.java:194)
	at com.kms.katalon.core.main.ScriptEngine.runScriptAsRawText(ScriptEngine.java:119)
	at com.kms.katalon.core.main.TestCaseExecutor.runScript(TestCaseExecutor.java:448)
	at com.kms.katalon.core.main.TestCaseExecutor.doExecute(TestCaseExecutor.java:439)
	at com.kms.katalon.core.main.TestCaseExecutor.processExecutionPhase(TestCaseExecutor.java:418)
	at com.kms.katalon.core.main.TestCaseExecutor.accessMainPhase(TestCaseExecutor.java:410)
	at com.kms.katalon.core.main.TestCaseExecutor.execute(TestCaseExecutor.java:285)
	at com.kms.katalon.core.main.TestCaseMain.runTestCase(TestCaseMain.java:144)
	at com.kms.katalon.core.keyword.builtin.CallTestCaseKeyword$_callTestCase_closure1.doCall(CallTestCaseKeyword.groovy:59)
	at com.kms.katalon.core.keyword.builtin.CallTestCaseKeyword$_callTestCase_closure1.call(CallTestCaseKeyword.groovy)
	at com.kms.katalon.core.keyword.internal.KeywordMain.runKeyword(KeywordMain.groovy:75)
	at com.kms.katalon.core.keyword.builtin.CallTestCaseKeyword.callTestCase(CallTestCaseKeyword.groovy:81)
	at com.kms.katalon.core.keyword.builtin.CallTestCaseKeyword.execute(CallTestCaseKeyword.groovy:44)
	at com.kms.katalon.core.keyword.internal.KeywordExecutor.executeKeywordForPlatform(KeywordExecutor.groovy:74)
	at com.kms.katalon.core.keyword.BuiltinKeywords.callTestCase(BuiltinKeywords.groovy:310)
	at PBL-009.run(PBL-009:20)
	at com.kms.katalon.core.main.ScriptEngine.run(ScriptEngine.java:194)
	at com.kms.katalon.core.main.ScriptEngine.runScriptAsRawText(ScriptEngine.java:119)
	at com.kms.katalon.core.main.TestCaseExecutor.runScript(TestCaseExecutor.java:448)
	at com.kms.katalon.core.main.TestCaseExecutor.doExecute(TestCaseExecutor.java:439)
	at com.kms.katalon.core.main.TestCaseExecutor.processExecutionPhase(TestCaseExecutor.java:418)
	at com.kms.katalon.core.main.TestCaseExecutor.accessMainPhase(TestCaseExecutor.java:410)
	at com.kms.katalon.core.main.TestCaseExecutor.execute(TestCaseExecutor.java:285)
	at com.kms.katalon.core.common.CommonExecutor.accessTestCaseMainPhase(CommonExecutor.java:65)
	at com.kms.katalon.core.main.TestSuiteExecutor.accessTestSuiteMainPhase(TestSuiteExecutor.java:148)
	at com.kms.katalon.core.main.TestSuiteExecutor.execute(TestSuiteExecutor.java:106)
	at com.kms.katalon.core.main.TestCaseMain.startTestSuite(TestCaseMain.java:187)
	at com.kms.katalon.core.main.TestCaseMain$startTestSuite$0.call(Unknown Source)
	at TempTestSuite1696424348948.run(TempTestSuite1696424348948.groovy:36)
Caused by: org.openqa.selenium.ElementNotInteractableException: Element <a href="https://10.9.2.63/ecommerce/produk/kategori/fashion--busana-wanita"> could not be scrolled into view
Build info: version: '3.141.59', revision: 'e82be7d358', time: '2018-11-14T08:25:53'
System info: host: 'DESKTOP-H62FVJ8', ip: '10.9.2.72', os.name: 'Windows 10', os.arch: 'amd64', os.version: '10.0', java.version: '1.8.0_362'
Driver info: com.kms.katalon.core.webui.driver.firefox.CGeckoDriver
Capabilities {acceptInsecureCerts: true, browserName: firefox, browserVersion: 117.0.1, javascriptEnabled: true, moz:accessibilityChecks: false, moz:buildID: 20230912013654, moz:geckodriverVersion: 0.33.0, moz:headless: false, moz:platformVersion: 10.0, moz:processID: 6500, moz:profile: C:\Users\IRFAN\AppData\Loca..., moz:shutdownTimeout: 60000, moz:webdriverClick: true, moz:windowless: false, pageLoadStrategy: normal, platform: WINDOWS, platformName: WINDOWS, proxy: Proxy(direct), setWindowRect: true, strictFileInteractability: false, timeouts: {implicit: 0, pageLoad: 300000, script: 30000}, unhandledPromptBehavior: dismiss and notify}
Session ID: 6fe0bb4c-866d-4e77-8a6e-99699706f6a5
	at org.openqa.selenium.remote.http.W3CHttpResponseCodec.createException(W3CHttpResponseCodec.java:187)
	at org.openqa.selenium.remote.http.W3CHttpResponseCodec.decode(W3CHttpResponseCodec.java:122)
	at org.openqa.selenium.remote.http.W3CHttpResponseCodec.decode(W3CHttpResponseCodec.java:49)
	at org.openqa.selenium.remote.HttpCommandExecutor.execute(HttpCommandExecutor.java:158)
	at org.openqa.selenium.remote.service.DriverCommandExecutor.execute(DriverCommandExecutor.java:83)
	at org.openqa.selenium.remote.RemoteWebDriver.execute(RemoteWebDriver.java:552)
	at com.kms.katalon.selenium.driver.CFirefoxDriver.execute(CFirefoxDriver.java:27)
	at org.openqa.selenium.remote.RemoteWebElement.execute(RemoteWebElement.java:285)
	at org.openqa.selenium.remote.RemoteWebElement.click(RemoteWebElement.java:84)
	at org.openqa.selenium.support.events.EventFiringWebDriver$EventFiringWebElement.lambda$new$0(EventFiringWebDriver.java:404)
	at com.sun.proxy.$Proxy11.click(Unknown Source)
	at org.openqa.selenium.support.events.EventFiringWebDriver$EventFiringWebElement.click(EventFiringWebDriver.java:417)
	at org.openqa.selenium.WebElement$click.call(Unknown Source)
	at com.kms.katalon.core.webui.keyword.builtin.ClickKeyword.clickUntilSuccessWithTimeout(ClickKeyword.groovy:81)
	at com.kms.katalon.core.webui.keyword.builtin.ClickKeyword.clickUntilSuccessWithTimeout(ClickKeyword.groovy)
	at com.kms.katalon.core.webui.keyword.builtin.ClickKeyword$_click_closure1.doCall(ClickKeyword.groovy:67)
	at com.kms.katalon.core.webui.keyword.builtin.ClickKeyword$_click_closure1.call(ClickKeyword.groovy)
	at com.kms.katalon.core.webui.keyword.internal.WebUIKeywordMain.runKeyword(WebUIKeywordMain.groovy:20)
	... 51 more


2023-10-04 20:02:58 - [TEST_STEP][PASSED] - callTestCase(findTestCase("T13 Pembelian, Shipment dan Pembayaran/LU-001"), ["username":"irfanafandi", "password":"12345irfan"], STOP_ON_FAILURE): Call Test Case 'Test Cases/T13 Pembelian, Shipment dan Pembayaran/LU-001' successfully

2023-10-04 20:02:58 - [TEST_CASE][PASSED] - Test Cases/T13 Pembelian, Shipment dan Pembayaran/LU-001: Test Cases/T13 Pembelian, Shipment dan Pembayaran/LU-001

2023-10-04 20:02:58 - [TEST_STEP][PASSED] - openBrowser("https://10.9.2.63/ecommerce/"): Browser is opened with url: 'https://10.9.2.63/ecommerce/'

2023-10-04 20:02:58 - [MESSAGE][WARNING] - A browser is already opened. Closing browser and opening a new one

2023-10-04 20:02:59 - [MESSAGE][INFO] - Starting 'Firefox' driver

2023-10-04 20:02:59 - [MESSAGE][INFO] - User set preference: ['args', '[--disable-notifications]']

2023-10-04 20:02:59 - [MESSAGE][INFO] - Action delay is set to 0 milliseconds

2023-10-04 20:03:04 - [MESSAGE][PASSED] - Browser is opened with url: 'https://10.9.2.63/ecommerce/'

2023-10-04 20:03:04 - [TEST_STEP][PASSED] - maximizeWindow(): Current window maximized

2023-10-04 20:03:04 - [MESSAGE][PASSED] - Current window maximized

2023-10-04 20:03:04 - [TEST_STEP][PASSED] - verifyElementPresent(findTestObject("Login/Home"), 0): Object 'Object Repository/Login/Home' is present

2023-10-04 20:03:04 - [MESSAGE][WARNING] - Timeout '0' is invalid. Using default page load timeout: '30'

2023-10-04 20:03:05 - [MESSAGE][PASSED] - Object 'Object Repository/Login/Home' is present

2023-10-04 20:03:05 - [TEST_STEP][PASSED] - click(findTestObject("Login/a_Login")): Object: 'Object Repository/Login/a_Login' is clicked on

2023-10-04 20:03:05 - [MESSAGE][PASSED] - Object: 'Object Repository/Login/a_Login' is clicked on

2023-10-04 20:03:05 - [TEST_STEP][PASSED] - verifyElementPresent(findTestObject("Login/Tittle Login"), 0): Object 'Object Repository/Login/Tittle Login' is present

2023-10-04 20:03:05 - [MESSAGE][WARNING] - Timeout '0' is invalid. Using default page load timeout: '30'

2023-10-04 20:03:06 - [MESSAGE][PASSED] - Object 'Object Repository/Login/Tittle Login' is present

2023-10-04 20:03:06 - [TEST_STEP][PASSED] - setText(findTestObject("Login/input_Username, Email atau No. Handphone_a"), username): Text 'irfanafandi' is set on object 'Object Repository/Login/input_Username, Email atau No. Handphone_a'

2023-10-04 20:03:06 - [MESSAGE][PASSED] - Text 'irfanafandi' is set on object 'Object Repository/Login/input_Username, Email atau No. Handphone_a'

2023-10-04 20:03:06 - [TEST_STEP][PASSED] - setText(findTestObject("Login/input_Password_b"), password): Text '12345irfan' is set on object 'Object Repository/Login/input_Password_b'

2023-10-04 20:03:07 - [MESSAGE][PASSED] - Text '12345irfan' is set on object 'Object Repository/Login/input_Password_b'

2023-10-04 20:03:07 - [TEST_STEP][PASSED] - click(findTestObject("Login/label_Ingat saya")): Object: 'Object Repository/Login/label_Ingat saya' is clicked on

2023-10-04 20:03:07 - [MESSAGE][PASSED] - Object: 'Object Repository/Login/label_Ingat saya' is clicked on

2023-10-04 20:03:07 - [TEST_STEP][PASSED] - click(findTestObject("Login/button_Masuk")): Object: 'Object Repository/Login/button_Masuk' is clicked on

2023-10-04 20:03:09 - [MESSAGE][PASSED] - Object: 'Object Repository/Login/button_Masuk' is clicked on

2023-10-04 20:03:09 - [TEST_STEP][PASSED] - verifyElementPresent(findTestObject("Login/li_Profile"), 0): Object 'Object Repository/Login/li_Profile' is present

2023-10-04 20:03:09 - [MESSAGE][WARNING] - Timeout '0' is invalid. Using default page load timeout: '30'

2023-10-04 20:03:09 - [MESSAGE][PASSED] - Object 'Object Repository/Login/li_Profile' is present

2023-10-04 20:03:09 - [MESSAGE][PASSED] - Call Test Case 'Test Cases/T13 Pembelian, Shipment dan Pembayaran/LU-001' successfully

2023-10-04 20:03:09 - [TEST_STEP][PASSED] - mouseOver(findTestObject("beli barang/i_Mulai Belanja_icon-menu")): Object: 'Object Repository/beli barang/i_Mulai Belanja_icon-menu' is hovered

2023-10-04 20:03:10 - [MESSAGE][PASSED] - Object: 'Object Repository/beli barang/i_Mulai Belanja_icon-menu' is hovered

2023-10-04 20:03:10 - [TEST_STEP][FAILED] - click(findTestObject("beli barang/a_Fashion  Busana Wanita")): Unable to click on object 'Object Repository/beli barang/a_Fashion  Busana Wanita' (Root cause: com.kms.katalon.core.exception.StepFailedException: Unable to click on object 'Object Repository/beli barang/a_Fashion  Busana Wanita'
	at com.kms.katalon.core.webui.keyword.internal.WebUIKeywordMain.stepFailed(WebUIKeywordMain.groovy:64)
	at com.kms.katalon.core.webui.keyword.internal.WebUIKeywordMain.runKeyword(WebUIKeywordMain.groovy:26)
	at com.kms.katalon.core.webui.keyword.builtin.ClickKeyword.click(ClickKeyword.groovy:74)
	at com.kms.katalon.core.webui.keyword.builtin.ClickKeyword.execute(ClickKeyword.groovy:40)
	at com.kms.katalon.core.keyword.internal.KeywordExecutor.executeKeywordForPlatform(KeywordExecutor.groovy:74)
	at com.kms.katalon.core.webui.keyword.WebUiBuiltInKeywords.click(WebUiBuiltInKeywords.groovy:620)
	at com.kms.katalon.core.webui.keyword.WebUiBuiltInKeywords$click$2.call(Unknown Source)
	at PBL-001.run(PBL-001:25)
	at com.kms.katalon.core.main.ScriptEngine.run(ScriptEngine.java:194)
	at com.kms.katalon.core.main.ScriptEngine.runScriptAsRawText(ScriptEngine.java:119)
	at com.kms.katalon.core.main.TestCaseExecutor.runScript(TestCaseExecutor.java:448)
	at com.kms.katalon.core.main.TestCaseExecutor.doExecute(TestCaseExecutor.java:439)
	at com.kms.katalon.core.main.TestCaseExecutor.processExecutionPhase(TestCaseExecutor.java:418)
	at com.kms.katalon.core.main.TestCaseExecutor.accessMainPhase(TestCaseExecutor.java:410)
	at com.kms.katalon.core.main.TestCaseExecutor.execute(TestCaseExecutor.java:285)
	at com.kms.katalon.core.main.TestCaseMain.runTestCase(TestCaseMain.java:144)
	at com.kms.katalon.core.keyword.builtin.CallTestCaseKeyword$_callTestCase_closure1.doCall(CallTestCaseKeyword.groovy:59)
	at com.kms.katalon.core.keyword.builtin.CallTestCaseKeyword$_callTestCase_closure1.call(CallTestCaseKeyword.groovy)
	at com.kms.katalon.core.keyword.internal.KeywordMain.runKeyword(KeywordMain.groovy:75)
	at com.kms.katalon.core.keyword.builtin.CallTestCaseKeyword.callTestCase(CallTestCaseKeyword.groovy:81)
	at com.kms.katalon.core.keyword.builtin.CallTestCaseKeyword.execute(CallTestCaseKeyword.groovy:44)
	at com.kms.katalon.core.keyword.internal.KeywordExecutor.executeKeywordForPlatform(KeywordExecutor.groovy:74)
	at com.kms.katalon.core.keyword.BuiltinKeywords.callTestCase(BuiltinKeywords.groovy:310)
	at PBL-002.run(PBL-002:20)
	at com.kms.katalon.core.main.ScriptEngine.run(ScriptEngine.java:194)
	at com.kms.katalon.core.main.ScriptEngine.runScriptAsRawText(ScriptEngine.java:119)
	at com.kms.katalon.core.main.TestCaseExecutor.runScript(TestCaseExecutor.java:448)
	at com.kms.katalon.core.main.TestCaseExecutor.doExecute(TestCaseExecutor.java:439)
	at com.kms.katalon.core.main.TestCaseExecutor.processExecutionPhase(TestCaseExecutor.java:418)
	at com.kms.katalon.core.main.TestCaseExecutor.accessMainPhase(TestCaseExecutor.java:410)
	at com.kms.katalon.core.main.TestCaseExecutor.execute(TestCaseExecutor.java:285)
	at com.kms.katalon.core.main.TestCaseMain.runTestCase(TestCaseMain.java:144)
	at com.kms.katalon.core.keyword.builtin.CallTestCaseKeyword$_callTestCase_closure1.doCall(CallTestCaseKeyword.groovy:59)
	at com.kms.katalon.core.keyword.builtin.CallTestCaseKeyword$_callTestCase_closure1.call(CallTestCaseKeyword.groovy)
	at com.kms.katalon.core.keyword.internal.KeywordMain.runKeyword(KeywordMain.groovy:75)
	at com.kms.katalon.core.keyword.builtin.CallTestCaseKeyword.callTestCase(CallTestCaseKeyword.groovy:81)
	at com.kms.katalon.core.keyword.builtin.CallTestCaseKeyword.execute(CallTestCaseKeyword.groovy:44)
	at com.kms.katalon.core.keyword.internal.KeywordExecutor.executeKeywordForPlatform(KeywordExecutor.groovy:74)
	at com.kms.katalon.core.keyword.BuiltinKeywords.callTestCase(BuiltinKeywords.groovy:310)
	at PBL-009.run(PBL-009:20)
	at com.kms.katalon.core.main.ScriptEngine.run(ScriptEngine.java:194)
	at com.kms.katalon.core.main.ScriptEngine.runScriptAsRawText(ScriptEngine.java:119)
	at com.kms.katalon.core.main.TestCaseExecutor.runScript(TestCaseExecutor.java:448)
	at com.kms.katalon.core.main.TestCaseExecutor.doExecute(TestCaseExecutor.java:439)
	at com.kms.katalon.core.main.TestCaseExecutor.processExecutionPhase(TestCaseExecutor.java:418)
	at com.kms.katalon.core.main.TestCaseExecutor.accessMainPhase(TestCaseExecutor.java:410)
	at com.kms.katalon.core.main.TestCaseExecutor.execute(TestCaseExecutor.java:285)
	at com.kms.katalon.core.common.CommonExecutor.accessTestCaseMainPhase(CommonExecutor.java:65)
	at com.kms.katalon.core.main.TestSuiteExecutor.accessTestSuiteMainPhase(TestSuiteExecutor.java:148)
	at com.kms.katalon.core.main.TestSuiteExecutor.execute(TestSuiteExecutor.java:106)
	at com.kms.katalon.core.main.TestCaseMain.startTestSuite(TestCaseMain.java:187)
	at com.kms.katalon.core.main.TestCaseMain$startTestSuite$0.call(Unknown Source)
	at TempTestSuite1696424348948.run(TempTestSuite1696424348948.groovy:36)
Caused by: org.openqa.selenium.ElementNotInteractableException: Element <a href="https://10.9.2.63/ecommerce/produk/kategori/fashion--busana-wanita"> could not be scrolled into view
Build info: version: '3.141.59', revision: 'e82be7d358', time: '2018-11-14T08:25:53'
System info: host: 'DESKTOP-H62FVJ8', ip: '10.9.2.72', os.name: 'Windows 10', os.arch: 'amd64', os.version: '10.0', java.version: '1.8.0_362'
Driver info: com.kms.katalon.core.webui.driver.firefox.CGeckoDriver
Capabilities {acceptInsecureCerts: true, browserName: firefox, browserVersion: 117.0.1, javascriptEnabled: true, moz:accessibilityChecks: false, moz:buildID: 20230912013654, moz:geckodriverVersion: 0.33.0, moz:headless: false, moz:platformVersion: 10.0, moz:processID: 6500, moz:profile: C:\Users\IRFAN\AppData\Loca..., moz:shutdownTimeout: 60000, moz:webdriverClick: true, moz:windowless: false, pageLoadStrategy: normal, platform: WINDOWS, platformName: WINDOWS, proxy: Proxy(direct), setWindowRect: true, strictFileInteractability: false, timeouts: {implicit: 0, pageLoad: 300000, script: 30000}, unhandledPromptBehavior: dismiss and notify}
Session ID: 6fe0bb4c-866d-4e77-8a6e-99699706f6a5
	at org.openqa.selenium.remote.http.W3CHttpResponseCodec.createException(W3CHttpResponseCodec.java:187)
	at org.openqa.selenium.remote.http.W3CHttpResponseCodec.decode(W3CHttpResponseCodec.java:122)
	at org.openqa.selenium.remote.http.W3CHttpResponseCodec.decode(W3CHttpResponseCodec.java:49)
	at org.openqa.selenium.remote.HttpCommandExecutor.execute(HttpCommandExecutor.java:158)
	at org.openqa.selenium.remote.service.DriverCommandExecutor.execute(DriverCommandExecutor.java:83)
	at org.openqa.selenium.remote.RemoteWebDriver.execute(RemoteWebDriver.java:552)
	at com.kms.katalon.selenium.driver.CFirefoxDriver.execute(CFirefoxDriver.java:27)
	at org.openqa.selenium.remote.RemoteWebElement.execute(RemoteWebElement.java:285)
	at org.openqa.selenium.remote.RemoteWebElement.click(RemoteWebElement.java:84)
	at org.openqa.selenium.support.events.EventFiringWebDriver$EventFiringWebElement.lambda$new$0(EventFiringWebDriver.java:404)
	at com.sun.proxy.$Proxy11.click(Unknown Source)
	at org.openqa.selenium.support.events.EventFiringWebDriver$EventFiringWebElement.click(EventFiringWebDriver.java:417)
	at org.openqa.selenium.WebElement$click.call(Unknown Source)
	at com.kms.katalon.core.webui.keyword.builtin.ClickKeyword.clickUntilSuccessWithTimeout(ClickKeyword.groovy:81)
	at com.kms.katalon.core.webui.keyword.builtin.ClickKeyword.clickUntilSuccessWithTimeout(ClickKeyword.groovy)
	at com.kms.katalon.core.webui.keyword.builtin.ClickKeyword$_click_closure1.doCall(ClickKeyword.groovy:67)
	at com.kms.katalon.core.webui.keyword.builtin.ClickKeyword$_click_closure1.call(ClickKeyword.groovy)
	at com.kms.katalon.core.webui.keyword.internal.WebUIKeywordMain.runKeyword(WebUIKeywordMain.groovy:20)
	at com.kms.katalon.core.webui.keyword.builtin.ClickKeyword.click(ClickKeyword.groovy:74)
	at com.kms.katalon.core.webui.keyword.builtin.ClickKeyword.execute(ClickKeyword.groovy:40)
	at com.kms.katalon.core.keyword.internal.KeywordExecutor.executeKeywordForPlatform(KeywordExecutor.groovy:74)
	at com.kms.katalon.core.webui.keyword.WebUiBuiltInKeywords.click(WebUiBuiltInKeywords.groovy:620)
	at com.kms.katalon.core.webui.keyword.WebUiBuiltInKeywords$click$2.call(Unknown Source)
	at Script1695957258534.run(Script1695957258534.groovy:25)
	at com.kms.katalon.core.main.ScriptEngine.run(ScriptEngine.java:194)
	at com.kms.katalon.core.main.ScriptEngine.runScriptAsRawText(ScriptEngine.java:119)
	at com.kms.katalon.core.main.TestCaseExecutor.runScript(TestCaseExecutor.java:448)
	at com.kms.katalon.core.main.TestCaseExecutor.doExecute(TestCaseExecutor.java:439)
	at com.kms.katalon.core.main.TestCaseExecutor.processExecutionPhase(TestCaseExecutor.java:418)
	at com.kms.katalon.core.main.TestCaseExecutor.accessMainPhase(TestCaseExecutor.java:410)
	at com.kms.katalon.core.main.TestCaseExecutor.execute(TestCaseExecutor.java:285)
	at com.kms.katalon.core.main.TestCaseMain.runTestCase(TestCaseMain.java:144)
	at com.kms.katalon.core.keyword.builtin.CallTestCaseKeyword$_callTestCase_closure1.doCall(CallTestCaseKeyword.groovy:59)
	at com.kms.katalon.core.keyword.builtin.CallTestCaseKeyword$_callTestCase_closure1.call(CallTestCaseKeyword.groovy)
	at com.kms.katalon.core.keyword.internal.KeywordMain.runKeyword(KeywordMain.groovy:75)
	at com.kms.katalon.core.keyword.builtin.CallTestCaseKeyword.callTestCase(CallTestCaseKeyword.groovy:81)
	at com.kms.katalon.core.keyword.builtin.CallTestCaseKeyword.execute(CallTestCaseKeyword.groovy:44)
	at com.kms.katalon.core.keyword.internal.KeywordExecutor.executeKeywordForPlatform(KeywordExecutor.groovy:74)
	at com.kms.katalon.core.keyword.BuiltinKeywords.callTestCase(BuiltinKeywords.groovy:310)
	at Script1695957351890.run(Script1695957351890.groovy:20)
	at com.kms.katalon.core.main.ScriptEngine.run(ScriptEngine.java:194)
	at com.kms.katalon.core.main.ScriptEngine.runScriptAsRawText(ScriptEngine.java:119)
	at com.kms.katalon.core.main.TestCaseExecutor.runScript(TestCaseExecutor.java:448)
	at com.kms.katalon.core.main.TestCaseExecutor.doExecute(TestCaseExecutor.java:439)
	at com.kms.katalon.core.main.TestCaseExecutor.processExecutionPhase(TestCaseExecutor.java:418)
	at com.kms.katalon.core.main.TestCaseExecutor.accessMainPhase(TestCaseExecutor.java:410)
	at com.kms.katalon.core.main.TestCaseExecutor.execute(TestCaseExecutor.java:285)
	at com.kms.katalon.core.main.TestCaseMain.runTestCase(TestCaseMain.java:144)
	at com.kms.katalon.core.keyword.builtin.CallTestCaseKeyword$_callTestCase_closure1.doCall(CallTestCaseKeyword.groovy:59)
	at com.kms.katalon.core.keyword.builtin.CallTestCaseKeyword$_callTestCase_closure1.call(CallTestCaseKeyword.groovy)
	at com.kms.katalon.core.keyword.internal.KeywordMain.runKeyword(KeywordMain.groovy:75)
	at com.kms.katalon.core.keyword.builtin.CallTestCaseKeyword.callTestCase(CallTestCaseKeyword.groovy:81)
	at com.kms.katalon.core.keyword.builtin.CallTestCaseKeyword.execute(CallTestCaseKeyword.groovy:44)
	at com.kms.katalon.core.keyword.internal.KeywordExecutor.executeKeywordForPlatform(KeywordExecutor.groovy:74)
	at com.kms.katalon.core.keyword.BuiltinKeywords.callTestCase(BuiltinKeywords.groovy:310)
	at Script1695957685067.run(Script1695957685067.groovy:20)
	... 13 more
)

2023-10-04 20:03:10 - [MESSAGE][FAILED] - Unable to click on object 'Object Repository/beli barang/a_Fashion  Busana Wanita' (Root cause: com.kms.katalon.core.exception.StepFailedException: Unable to click on object 'Object Repository/beli barang/a_Fashion  Busana Wanita'
	at com.kms.katalon.core.webui.keyword.internal.WebUIKeywordMain.stepFailed(WebUIKeywordMain.groovy:64)
	at com.kms.katalon.core.webui.keyword.internal.WebUIKeywordMain.runKeyword(WebUIKeywordMain.groovy:26)
	at com.kms.katalon.core.webui.keyword.builtin.ClickKeyword.click(ClickKeyword.groovy:74)
	at com.kms.katalon.core.webui.keyword.builtin.ClickKeyword.execute(ClickKeyword.groovy:40)
	at com.kms.katalon.core.keyword.internal.KeywordExecutor.executeKeywordForPlatform(KeywordExecutor.groovy:74)
	at com.kms.katalon.core.webui.keyword.WebUiBuiltInKeywords.click(WebUiBuiltInKeywords.groovy:620)
	at com.kms.katalon.core.webui.keyword.WebUiBuiltInKeywords$click$2.call(Unknown Source)
	at PBL-001.run(PBL-001:25)
	at com.kms.katalon.core.main.ScriptEngine.run(ScriptEngine.java:194)
	at com.kms.katalon.core.main.ScriptEngine.runScriptAsRawText(ScriptEngine.java:119)
	at com.kms.katalon.core.main.TestCaseExecutor.runScript(TestCaseExecutor.java:448)
	at com.kms.katalon.core.main.TestCaseExecutor.doExecute(TestCaseExecutor.java:439)
	at com.kms.katalon.core.main.TestCaseExecutor.processExecutionPhase(TestCaseExecutor.java:418)
	at com.kms.katalon.core.main.TestCaseExecutor.accessMainPhase(TestCaseExecutor.java:410)
	at com.kms.katalon.core.main.TestCaseExecutor.execute(TestCaseExecutor.java:285)
	at com.kms.katalon.core.main.TestCaseMain.runTestCase(TestCaseMain.java:144)
	at com.kms.katalon.core.keyword.builtin.CallTestCaseKeyword$_callTestCase_closure1.doCall(CallTestCaseKeyword.groovy:59)
	at com.kms.katalon.core.keyword.builtin.CallTestCaseKeyword$_callTestCase_closure1.call(CallTestCaseKeyword.groovy)
	at com.kms.katalon.core.keyword.internal.KeywordMain.runKeyword(KeywordMain.groovy:75)
	at com.kms.katalon.core.keyword.builtin.CallTestCaseKeyword.callTestCase(CallTestCaseKeyword.groovy:81)
	at com.kms.katalon.core.keyword.builtin.CallTestCaseKeyword.execute(CallTestCaseKeyword.groovy:44)
	at com.kms.katalon.core.keyword.internal.KeywordExecutor.executeKeywordForPlatform(KeywordExecutor.groovy:74)
	at com.kms.katalon.core.keyword.BuiltinKeywords.callTestCase(BuiltinKeywords.groovy:310)
	at PBL-002.run(PBL-002:20)
	at com.kms.katalon.core.main.ScriptEngine.run(ScriptEngine.java:194)
	at com.kms.katalon.core.main.ScriptEngine.runScriptAsRawText(ScriptEngine.java:119)
	at com.kms.katalon.core.main.TestCaseExecutor.runScript(TestCaseExecutor.java:448)
	at com.kms.katalon.core.main.TestCaseExecutor.doExecute(TestCaseExecutor.java:439)
	at com.kms.katalon.core.main.TestCaseExecutor.processExecutionPhase(TestCaseExecutor.java:418)
	at com.kms.katalon.core.main.TestCaseExecutor.accessMainPhase(TestCaseExecutor.java:410)
	at com.kms.katalon.core.main.TestCaseExecutor.execute(TestCaseExecutor.java:285)
	at com.kms.katalon.core.main.TestCaseMain.runTestCase(TestCaseMain.java:144)
	at com.kms.katalon.core.keyword.builtin.CallTestCaseKeyword$_callTestCase_closure1.doCall(CallTestCaseKeyword.groovy:59)
	at com.kms.katalon.core.keyword.builtin.CallTestCaseKeyword$_callTestCase_closure1.call(CallTestCaseKeyword.groovy)
	at com.kms.katalon.core.keyword.internal.KeywordMain.runKeyword(KeywordMain.groovy:75)
	at com.kms.katalon.core.keyword.builtin.CallTestCaseKeyword.callTestCase(CallTestCaseKeyword.groovy:81)
	at com.kms.katalon.core.keyword.builtin.CallTestCaseKeyword.execute(CallTestCaseKeyword.groovy:44)
	at com.kms.katalon.core.keyword.internal.KeywordExecutor.executeKeywordForPlatform(KeywordExecutor.groovy:74)
	at com.kms.katalon.core.keyword.BuiltinKeywords.callTestCase(BuiltinKeywords.groovy:310)
	at PBL-009.run(PBL-009:20)
	at com.kms.katalon.core.main.ScriptEngine.run(ScriptEngine.java:194)
	at com.kms.katalon.core.main.ScriptEngine.runScriptAsRawText(ScriptEngine.java:119)
	at com.kms.katalon.core.main.TestCaseExecutor.runScript(TestCaseExecutor.java:448)
	at com.kms.katalon.core.main.TestCaseExecutor.doExecute(TestCaseExecutor.java:439)
	at com.kms.katalon.core.main.TestCaseExecutor.processExecutionPhase(TestCaseExecutor.java:418)
	at com.kms.katalon.core.main.TestCaseExecutor.accessMainPhase(TestCaseExecutor.java:410)
	at com.kms.katalon.core.main.TestCaseExecutor.execute(TestCaseExecutor.java:285)
	at com.kms.katalon.core.common.CommonExecutor.accessTestCaseMainPhase(CommonExecutor.java:65)
	at com.kms.katalon.core.main.TestSuiteExecutor.accessTestSuiteMainPhase(TestSuiteExecutor.java:148)
	at com.kms.katalon.core.main.TestSuiteExecutor.execute(TestSuiteExecutor.java:106)
	at com.kms.katalon.core.main.TestCaseMain.startTestSuite(TestCaseMain.java:187)
	at com.kms.katalon.core.main.TestCaseMain$startTestSuite$0.call(Unknown Source)
	at TempTestSuite1696424348948.run(TempTestSuite1696424348948.groovy:36)
Caused by: org.openqa.selenium.ElementNotInteractableException: Element <a href="https://10.9.2.63/ecommerce/produk/kategori/fashion--busana-wanita"> could not be scrolled into view
Build info: version: '3.141.59', revision: 'e82be7d358', time: '2018-11-14T08:25:53'
System info: host: 'DESKTOP-H62FVJ8', ip: '10.9.2.72', os.name: 'Windows 10', os.arch: 'amd64', os.version: '10.0', java.version: '1.8.0_362'
Driver info: com.kms.katalon.core.webui.driver.firefox.CGeckoDriver
Capabilities {acceptInsecureCerts: true, browserName: firefox, browserVersion: 117.0.1, javascriptEnabled: true, moz:accessibilityChecks: false, moz:buildID: 20230912013654, moz:geckodriverVersion: 0.33.0, moz:headless: false, moz:platformVersion: 10.0, moz:processID: 6500, moz:profile: C:\Users\IRFAN\AppData\Loca..., moz:shutdownTimeout: 60000, moz:webdriverClick: true, moz:windowless: false, pageLoadStrategy: normal, platform: WINDOWS, platformName: WINDOWS, proxy: Proxy(direct), setWindowRect: true, strictFileInteractability: false, timeouts: {implicit: 0, pageLoad: 300000, script: 30000}, unhandledPromptBehavior: dismiss and notify}
Session ID: 6fe0bb4c-866d-4e77-8a6e-99699706f6a5
	at org.openqa.selenium.remote.http.W3CHttpResponseCodec.createException(W3CHttpResponseCodec.java:187)
	at org.openqa.selenium.remote.http.W3CHttpResponseCodec.decode(W3CHttpResponseCodec.java:122)
	at org.openqa.selenium.remote.http.W3CHttpResponseCodec.decode(W3CHttpResponseCodec.java:49)
	at org.openqa.selenium.remote.HttpCommandExecutor.execute(HttpCommandExecutor.java:158)
	at org.openqa.selenium.remote.service.DriverCommandExecutor.execute(DriverCommandExecutor.java:83)
	at org.openqa.selenium.remote.RemoteWebDriver.execute(RemoteWebDriver.java:552)
	at com.kms.katalon.selenium.driver.CFirefoxDriver.execute(CFirefoxDriver.java:27)
	at org.openqa.selenium.remote.RemoteWebElement.execute(RemoteWebElement.java:285)
	at org.openqa.selenium.remote.RemoteWebElement.click(RemoteWebElement.java:84)
	at org.openqa.selenium.support.events.EventFiringWebDriver$EventFiringWebElement.lambda$new$0(EventFiringWebDriver.java:404)
	at com.sun.proxy.$Proxy11.click(Unknown Source)
	at org.openqa.selenium.support.events.EventFiringWebDriver$EventFiringWebElement.click(EventFiringWebDriver.java:417)
	at org.openqa.selenium.WebElement$click.call(Unknown Source)
	at com.kms.katalon.core.webui.keyword.builtin.ClickKeyword.clickUntilSuccessWithTimeout(ClickKeyword.groovy:81)
	at com.kms.katalon.core.webui.keyword.builtin.ClickKeyword.clickUntilSuccessWithTimeout(ClickKeyword.groovy)
	at com.kms.katalon.core.webui.keyword.builtin.ClickKeyword$_click_closure1.doCall(ClickKeyword.groovy:67)
	at com.kms.katalon.core.webui.keyword.builtin.ClickKeyword$_click_closure1.call(ClickKeyword.groovy)
	at com.kms.katalon.core.webui.keyword.internal.WebUIKeywordMain.runKeyword(WebUIKeywordMain.groovy:20)
	at com.kms.katalon.core.webui.keyword.builtin.ClickKeyword.click(ClickKeyword.groovy:74)
	at com.kms.katalon.core.webui.keyword.builtin.ClickKeyword.execute(ClickKeyword.groovy:40)
	at com.kms.katalon.core.keyword.internal.KeywordExecutor.executeKeywordForPlatform(KeywordExecutor.groovy:74)
	at com.kms.katalon.core.webui.keyword.WebUiBuiltInKeywords.click(WebUiBuiltInKeywords.groovy:620)
	at com.kms.katalon.core.webui.keyword.WebUiBuiltInKeywords$click$2.call(Unknown Source)
	at Script1695957258534.run(Script1695957258534.groovy:25)
	at com.kms.katalon.core.main.ScriptEngine.run(ScriptEngine.java:194)
	at com.kms.katalon.core.main.ScriptEngine.runScriptAsRawText(ScriptEngine.java:119)
	at com.kms.katalon.core.main.TestCaseExecutor.runScript(TestCaseExecutor.java:448)
	at com.kms.katalon.core.main.TestCaseExecutor.doExecute(TestCaseExecutor.java:439)
	at com.kms.katalon.core.main.TestCaseExecutor.processExecutionPhase(TestCaseExecutor.java:418)
	at com.kms.katalon.core.main.TestCaseExecutor.accessMainPhase(TestCaseExecutor.java:410)
	at com.kms.katalon.core.main.TestCaseExecutor.execute(TestCaseExecutor.java:285)
	at com.kms.katalon.core.main.TestCaseMain.runTestCase(TestCaseMain.java:144)
	at com.kms.katalon.core.keyword.builtin.CallTestCaseKeyword$_callTestCase_closure1.doCall(CallTestCaseKeyword.groovy:59)
	at com.kms.katalon.core.keyword.builtin.CallTestCaseKeyword$_callTestCase_closure1.call(CallTestCaseKeyword.groovy)
	at com.kms.katalon.core.keyword.internal.KeywordMain.runKeyword(KeywordMain.groovy:75)
	at com.kms.katalon.core.keyword.builtin.CallTestCaseKeyword.callTestCase(CallTestCaseKeyword.groovy:81)
	at com.kms.katalon.core.keyword.builtin.CallTestCaseKeyword.execute(CallTestCaseKeyword.groovy:44)
	at com.kms.katalon.core.keyword.internal.KeywordExecutor.executeKeywordForPlatform(KeywordExecutor.groovy:74)
	at com.kms.katalon.core.keyword.BuiltinKeywords.callTestCase(BuiltinKeywords.groovy:310)
	at Script1695957351890.run(Script1695957351890.groovy:20)
	at com.kms.katalon.core.main.ScriptEngine.run(ScriptEngine.java:194)
	at com.kms.katalon.core.main.ScriptEngine.runScriptAsRawText(ScriptEngine.java:119)
	at com.kms.katalon.core.main.TestCaseExecutor.runScript(TestCaseExecutor.java:448)
	at com.kms.katalon.core.main.TestCaseExecutor.doExecute(TestCaseExecutor.java:439)
	at com.kms.katalon.core.main.TestCaseExecutor.processExecutionPhase(TestCaseExecutor.java:418)
	at com.kms.katalon.core.main.TestCaseExecutor.accessMainPhase(TestCaseExecutor.java:410)
	at com.kms.katalon.core.main.TestCaseExecutor.execute(TestCaseExecutor.java:285)
	at com.kms.katalon.core.main.TestCaseMain.runTestCase(TestCaseMain.java:144)
	at com.kms.katalon.core.keyword.builtin.CallTestCaseKeyword$_callTestCase_closure1.doCall(CallTestCaseKeyword.groovy:59)
	at com.kms.katalon.core.keyword.builtin.CallTestCaseKeyword$_callTestCase_closure1.call(CallTestCaseKeyword.groovy)
	at com.kms.katalon.core.keyword.internal.KeywordMain.runKeyword(KeywordMain.groovy:75)
	at com.kms.katalon.core.keyword.builtin.CallTestCaseKeyword.callTestCase(CallTestCaseKeyword.groovy:81)
	at com.kms.katalon.core.keyword.builtin.CallTestCaseKeyword.execute(CallTestCaseKeyword.groovy:44)
	at com.kms.katalon.core.keyword.internal.KeywordExecutor.executeKeywordForPlatform(KeywordExecutor.groovy:74)
	at com.kms.katalon.core.keyword.BuiltinKeywords.callTestCase(BuiltinKeywords.groovy:310)
	at Script1695957685067.run(Script1695957685067.groovy:20)
	... 13 more
)
[[ATTACHMENT|D:\\BOOTCAMP XSIS\\Projek 2 MINI PROJEK\\Reports\\20231004_190004\\T13 Pembelian, Shipment dan Pembayaran\\T13 Pembelian, Shipment dan Pembayaran\\20231004_195908\\1696424590592.png]]

2023-10-04 20:03:10 - [MESSAGE][FAILED] - Unable to call Test Case 'Test Cases/T13 Pembelian, Shipment dan Pembayaran/PBL-001' (Root cause: com.kms.katalon.core.exception.StepFailedException: Call Test Case 'Test Cases/T13 Pembelian, Shipment dan Pembayaran/PBL-001' failed
	at com.kms.katalon.core.keyword.builtin.CallTestCaseKeyword$_callTestCase_closure1.doCall(CallTestCaseKeyword.groovy:63)
	at com.kms.katalon.core.keyword.builtin.CallTestCaseKeyword$_callTestCase_closure1.call(CallTestCaseKeyword.groovy)
	at com.kms.katalon.core.keyword.internal.KeywordMain.runKeyword(KeywordMain.groovy:75)
	at com.kms.katalon.core.keyword.builtin.CallTestCaseKeyword.callTestCase(CallTestCaseKeyword.groovy:81)
	at com.kms.katalon.core.keyword.builtin.CallTestCaseKeyword.execute(CallTestCaseKeyword.groovy:44)
	at com.kms.katalon.core.keyword.internal.KeywordExecutor.executeKeywordForPlatform(KeywordExecutor.groovy:74)
	at com.kms.katalon.core.keyword.BuiltinKeywords.callTestCase(BuiltinKeywords.groovy:310)
	at PBL-002.run(PBL-002:20)
	at com.kms.katalon.core.main.ScriptEngine.run(ScriptEngine.java:194)
	at com.kms.katalon.core.main.ScriptEngine.runScriptAsRawText(ScriptEngine.java:119)
	at com.kms.katalon.core.main.TestCaseExecutor.runScript(TestCaseExecutor.java:448)
	at com.kms.katalon.core.main.TestCaseExecutor.doExecute(TestCaseExecutor.java:439)
	at com.kms.katalon.core.main.TestCaseExecutor.processExecutionPhase(TestCaseExecutor.java:418)
	at com.kms.katalon.core.main.TestCaseExecutor.accessMainPhase(TestCaseExecutor.java:410)
	at com.kms.katalon.core.main.TestCaseExecutor.execute(TestCaseExecutor.java:285)
	at com.kms.katalon.core.main.TestCaseMain.runTestCase(TestCaseMain.java:144)
	at com.kms.katalon.core.keyword.builtin.CallTestCaseKeyword$_callTestCase_closure1.doCall(CallTestCaseKeyword.groovy:59)
	at com.kms.katalon.core.keyword.builtin.CallTestCaseKeyword$_callTestCase_closure1.call(CallTestCaseKeyword.groovy)
	at com.kms.katalon.core.keyword.internal.KeywordMain.runKeyword(KeywordMain.groovy:75)
	at com.kms.katalon.core.keyword.builtin.CallTestCaseKeyword.callTestCase(CallTestCaseKeyword.groovy:81)
	at com.kms.katalon.core.keyword.builtin.CallTestCaseKeyword.execute(CallTestCaseKeyword.groovy:44)
	at com.kms.katalon.core.keyword.internal.KeywordExecutor.executeKeywordForPlatform(KeywordExecutor.groovy:74)
	at com.kms.katalon.core.keyword.BuiltinKeywords.callTestCase(BuiltinKeywords.groovy:310)
	at PBL-009.run(PBL-009:20)
	at com.kms.katalon.core.main.ScriptEngine.run(ScriptEngine.java:194)
	at com.kms.katalon.core.main.ScriptEngine.runScriptAsRawText(ScriptEngine.java:119)
	at com.kms.katalon.core.main.TestCaseExecutor.runScript(TestCaseExecutor.java:448)
	at com.kms.katalon.core.main.TestCaseExecutor.doExecute(TestCaseExecutor.java:439)
	at com.kms.katalon.core.main.TestCaseExecutor.processExecutionPhase(TestCaseExecutor.java:418)
	at com.kms.katalon.core.main.TestCaseExecutor.accessMainPhase(TestCaseExecutor.java:410)
	at com.kms.katalon.core.main.TestCaseExecutor.execute(TestCaseExecutor.java:285)
	at com.kms.katalon.core.common.CommonExecutor.accessTestCaseMainPhase(CommonExecutor.java:65)
	at com.kms.katalon.core.main.TestSuiteExecutor.accessTestSuiteMainPhase(TestSuiteExecutor.java:148)
	at com.kms.katalon.core.main.TestSuiteExecutor.execute(TestSuiteExecutor.java:106)
	at com.kms.katalon.core.main.TestCaseMain.startTestSuite(TestCaseMain.java:187)
	at com.kms.katalon.core.main.TestCaseMain$startTestSuite$0.call(Unknown Source)
	at TempTestSuite1696424348948.run(TempTestSuite1696424348948.groovy:36)
Caused by: com.kms.katalon.core.exception.StepFailedException: Unable to click on object 'Object Repository/beli barang/a_Fashion  Busana Wanita'
	at com.kms.katalon.core.webui.keyword.internal.WebUIKeywordMain.stepFailed(WebUIKeywordMain.groovy:64)
	at com.kms.katalon.core.webui.keyword.internal.WebUIKeywordMain.runKeyword(WebUIKeywordMain.groovy:26)
	at com.kms.katalon.core.webui.keyword.builtin.ClickKeyword.click(ClickKeyword.groovy:74)
	at com.kms.katalon.core.webui.keyword.builtin.ClickKeyword.execute(ClickKeyword.groovy:40)
	at com.kms.katalon.core.keyword.internal.KeywordExecutor.executeKeywordForPlatform(KeywordExecutor.groovy:74)
	at com.kms.katalon.core.webui.keyword.WebUiBuiltInKeywords.click(WebUiBuiltInKeywords.groovy:620)
	at com.kms.katalon.core.webui.keyword.WebUiBuiltInKeywords$click$2.call(Unknown Source)
	at PBL-001.run(PBL-001:25)
	at com.kms.katalon.core.main.ScriptEngine.run(ScriptEngine.java:194)
	at com.kms.katalon.core.main.ScriptEngine.runScriptAsRawText(ScriptEngine.java:119)
	at com.kms.katalon.core.main.TestCaseExecutor.runScript(TestCaseExecutor.java:448)
	at com.kms.katalon.core.main.TestCaseExecutor.doExecute(TestCaseExecutor.java:439)
	at com.kms.katalon.core.main.TestCaseExecutor.processExecutionPhase(TestCaseExecutor.java:418)
	at com.kms.katalon.core.main.TestCaseExecutor.accessMainPhase(TestCaseExecutor.java:410)
	at com.kms.katalon.core.main.TestCaseExecutor.execute(TestCaseExecutor.java:285)
	at com.kms.katalon.core.main.TestCaseMain.runTestCase(TestCaseMain.java:144)
	at com.kms.katalon.core.keyword.builtin.CallTestCaseKeyword$_callTestCase_closure1.doCall(CallTestCaseKeyword.groovy:59)
	... 36 more
Caused by: org.openqa.selenium.ElementNotInteractableException: Element <a href="https://10.9.2.63/ecommerce/produk/kategori/fashion--busana-wanita"> could not be scrolled into view
Build info: version: '3.141.59', revision: 'e82be7d358', time: '2018-11-14T08:25:53'
System info: host: 'DESKTOP-H62FVJ8', ip: '10.9.2.72', os.name: 'Windows 10', os.arch: 'amd64', os.version: '10.0', java.version: '1.8.0_362'
Driver info: com.kms.katalon.core.webui.driver.firefox.CGeckoDriver
Capabilities {acceptInsecureCerts: true, browserName: firefox, browserVersion: 117.0.1, javascriptEnabled: true, moz:accessibilityChecks: false, moz:buildID: 20230912013654, moz:geckodriverVersion: 0.33.0, moz:headless: false, moz:platformVersion: 10.0, moz:processID: 6500, moz:profile: C:\Users\IRFAN\AppData\Loca..., moz:shutdownTimeout: 60000, moz:webdriverClick: true, moz:windowless: false, pageLoadStrategy: normal, platform: WINDOWS, platformName: WINDOWS, proxy: Proxy(direct), setWindowRect: true, strictFileInteractability: false, timeouts: {implicit: 0, pageLoad: 300000, script: 30000}, unhandledPromptBehavior: dismiss and notify}
Session ID: 6fe0bb4c-866d-4e77-8a6e-99699706f6a5
	at org.openqa.selenium.remote.http.W3CHttpResponseCodec.createException(W3CHttpResponseCodec.java:187)
	at org.openqa.selenium.remote.http.W3CHttpResponseCodec.decode(W3CHttpResponseCodec.java:122)
	at org.openqa.selenium.remote.http.W3CHttpResponseCodec.decode(W3CHttpResponseCodec.java:49)
	at org.openqa.selenium.remote.HttpCommandExecutor.execute(HttpCommandExecutor.java:158)
	at org.openqa.selenium.remote.service.DriverCommandExecutor.execute(DriverCommandExecutor.java:83)
	at org.openqa.selenium.remote.RemoteWebDriver.execute(RemoteWebDriver.java:552)
	at com.kms.katalon.selenium.driver.CFirefoxDriver.execute(CFirefoxDriver.java:27)
	at org.openqa.selenium.remote.RemoteWebElement.execute(RemoteWebElement.java:285)
	at org.openqa.selenium.remote.RemoteWebElement.click(RemoteWebElement.java:84)
	at org.openqa.selenium.support.events.EventFiringWebDriver$EventFiringWebElement.lambda$new$0(EventFiringWebDriver.java:404)
	at com.sun.proxy.$Proxy11.click(Unknown Source)
	at org.openqa.selenium.support.events.EventFiringWebDriver$EventFiringWebElement.click(EventFiringWebDriver.java:417)
	at org.openqa.selenium.WebElement$click.call(Unknown Source)
	at com.kms.katalon.core.webui.keyword.builtin.ClickKeyword.clickUntilSuccessWithTimeout(ClickKeyword.groovy:81)
	at com.kms.katalon.core.webui.keyword.builtin.ClickKeyword.clickUntilSuccessWithTimeout(ClickKeyword.groovy)
	at com.kms.katalon.core.webui.keyword.builtin.ClickKeyword$_click_closure1.doCall(ClickKeyword.groovy:67)
	at com.kms.katalon.core.webui.keyword.builtin.ClickKeyword$_click_closure1.call(ClickKeyword.groovy)
	at com.kms.katalon.core.webui.keyword.internal.WebUIKeywordMain.runKeyword(WebUIKeywordMain.groovy:20)
	... 51 more
)

2023-10-04 20:03:10 - [MESSAGE][FAILED] - Unable to call Test Case 'Test Cases/T13 Pembelian, Shipment dan Pembayaran/PBL-002' (Root cause: com.kms.katalon.core.exception.StepFailedException: Call Test Case 'Test Cases/T13 Pembelian, Shipment dan Pembayaran/PBL-002' failed
	at com.kms.katalon.core.keyword.builtin.CallTestCaseKeyword$_callTestCase_closure1.doCall(CallTestCaseKeyword.groovy:63)
	at com.kms.katalon.core.keyword.builtin.CallTestCaseKeyword$_callTestCase_closure1.call(CallTestCaseKeyword.groovy)
	at com.kms.katalon.core.keyword.internal.KeywordMain.runKeyword(KeywordMain.groovy:75)
	at com.kms.katalon.core.keyword.builtin.CallTestCaseKeyword.callTestCase(CallTestCaseKeyword.groovy:81)
	at com.kms.katalon.core.keyword.builtin.CallTestCaseKeyword.execute(CallTestCaseKeyword.groovy:44)
	at com.kms.katalon.core.keyword.internal.KeywordExecutor.executeKeywordForPlatform(KeywordExecutor.groovy:74)
	at com.kms.katalon.core.keyword.BuiltinKeywords.callTestCase(BuiltinKeywords.groovy:310)
	at PBL-009.run(PBL-009:20)
	at com.kms.katalon.core.main.ScriptEngine.run(ScriptEngine.java:194)
	at com.kms.katalon.core.main.ScriptEngine.runScriptAsRawText(ScriptEngine.java:119)
	at com.kms.katalon.core.main.TestCaseExecutor.runScript(TestCaseExecutor.java:448)
	at com.kms.katalon.core.main.TestCaseExecutor.doExecute(TestCaseExecutor.java:439)
	at com.kms.katalon.core.main.TestCaseExecutor.processExecutionPhase(TestCaseExecutor.java:418)
	at com.kms.katalon.core.main.TestCaseExecutor.accessMainPhase(TestCaseExecutor.java:410)
	at com.kms.katalon.core.main.TestCaseExecutor.execute(TestCaseExecutor.java:285)
	at com.kms.katalon.core.common.CommonExecutor.accessTestCaseMainPhase(CommonExecutor.java:65)
	at com.kms.katalon.core.main.TestSuiteExecutor.accessTestSuiteMainPhase(TestSuiteExecutor.java:148)
	at com.kms.katalon.core.main.TestSuiteExecutor.execute(TestSuiteExecutor.java:106)
	at com.kms.katalon.core.main.TestCaseMain.startTestSuite(TestCaseMain.java:187)
	at com.kms.katalon.core.main.TestCaseMain$startTestSuite$0.call(Unknown Source)
	at TempTestSuite1696424348948.run(TempTestSuite1696424348948.groovy:36)
Caused by: com.kms.katalon.core.exception.StepFailedException: Call Test Case 'Test Cases/T13 Pembelian, Shipment dan Pembayaran/PBL-001' failed
	at com.kms.katalon.core.keyword.builtin.CallTestCaseKeyword$_callTestCase_closure1.doCall(CallTestCaseKeyword.groovy:63)
	at com.kms.katalon.core.keyword.builtin.CallTestCaseKeyword$_callTestCase_closure1.call(CallTestCaseKeyword.groovy)
	at com.kms.katalon.core.keyword.internal.KeywordMain.runKeyword(KeywordMain.groovy:75)
	at com.kms.katalon.core.keyword.builtin.CallTestCaseKeyword.callTestCase(CallTestCaseKeyword.groovy:81)
	at com.kms.katalon.core.keyword.builtin.CallTestCaseKeyword.execute(CallTestCaseKeyword.groovy:44)
	at com.kms.katalon.core.keyword.internal.KeywordExecutor.executeKeywordForPlatform(KeywordExecutor.groovy:74)
	at com.kms.katalon.core.keyword.BuiltinKeywords.callTestCase(BuiltinKeywords.groovy:310)
	at PBL-002.run(PBL-002:20)
	at com.kms.katalon.core.main.ScriptEngine.run(ScriptEngine.java:194)
	at com.kms.katalon.core.main.ScriptEngine.runScriptAsRawText(ScriptEngine.java:119)
	at com.kms.katalon.core.main.TestCaseExecutor.runScript(TestCaseExecutor.java:448)
	at com.kms.katalon.core.main.TestCaseExecutor.doExecute(TestCaseExecutor.java:439)
	at com.kms.katalon.core.main.TestCaseExecutor.processExecutionPhase(TestCaseExecutor.java:418)
	at com.kms.katalon.core.main.TestCaseExecutor.accessMainPhase(TestCaseExecutor.java:410)
	at com.kms.katalon.core.main.TestCaseExecutor.execute(TestCaseExecutor.java:285)
	at com.kms.katalon.core.main.TestCaseMain.runTestCase(TestCaseMain.java:144)
	at com.kms.katalon.core.keyword.builtin.CallTestCaseKeyword$_callTestCase_closure1.doCall(CallTestCaseKeyword.groovy:59)
	... 20 more
Caused by: com.kms.katalon.core.exception.StepFailedException: Unable to click on object 'Object Repository/beli barang/a_Fashion  Busana Wanita'
	at com.kms.katalon.core.webui.keyword.internal.WebUIKeywordMain.stepFailed(WebUIKeywordMain.groovy:64)
	at com.kms.katalon.core.webui.keyword.internal.WebUIKeywordMain.runKeyword(WebUIKeywordMain.groovy:26)
	at com.kms.katalon.core.webui.keyword.builtin.ClickKeyword.click(ClickKeyword.groovy:74)
	at com.kms.katalon.core.webui.keyword.builtin.ClickKeyword.execute(ClickKeyword.groovy:40)
	at com.kms.katalon.core.keyword.internal.KeywordExecutor.executeKeywordForPlatform(KeywordExecutor.groovy:74)
	at com.kms.katalon.core.webui.keyword.WebUiBuiltInKeywords.click(WebUiBuiltInKeywords.groovy:620)
	at com.kms.katalon.core.webui.keyword.WebUiBuiltInKeywords$click$2.call(Unknown Source)
	at PBL-001.run(PBL-001:25)
	at com.kms.katalon.core.main.ScriptEngine.run(ScriptEngine.java:194)
	at com.kms.katalon.core.main.ScriptEngine.runScriptAsRawText(ScriptEngine.java:119)
	at com.kms.katalon.core.main.TestCaseExecutor.runScript(TestCaseExecutor.java:448)
	at com.kms.katalon.core.main.TestCaseExecutor.doExecute(TestCaseExecutor.java:439)
	at com.kms.katalon.core.main.TestCaseExecutor.processExecutionPhase(TestCaseExecutor.java:418)
	at com.kms.katalon.core.main.TestCaseExecutor.accessMainPhase(TestCaseExecutor.java:410)
	at com.kms.katalon.core.main.TestCaseExecutor.execute(TestCaseExecutor.java:285)
	at com.kms.katalon.core.main.TestCaseMain.runTestCase(TestCaseMain.java:144)
	at com.kms.katalon.core.keyword.builtin.CallTestCaseKeyword$_callTestCase_closure1.doCall(CallTestCaseKeyword.groovy:59)
	... 36 more
Caused by: org.openqa.selenium.ElementNotInteractableException: Element <a href="https://10.9.2.63/ecommerce/produk/kategori/fashion--busana-wanita"> could not be scrolled into view
Build info: version: '3.141.59', revision: 'e82be7d358', time: '2018-11-14T08:25:53'
System info: host: 'DESKTOP-H62FVJ8', ip: '10.9.2.72', os.name: 'Windows 10', os.arch: 'amd64', os.version: '10.0', java.version: '1.8.0_362'
Driver info: com.kms.katalon.core.webui.driver.firefox.CGeckoDriver
Capabilities {acceptInsecureCerts: true, browserName: firefox, browserVersion: 117.0.1, javascriptEnabled: true, moz:accessibilityChecks: false, moz:buildID: 20230912013654, moz:geckodriverVersion: 0.33.0, moz:headless: false, moz:platformVersion: 10.0, moz:processID: 6500, moz:profile: C:\Users\IRFAN\AppData\Loca..., moz:shutdownTimeout: 60000, moz:webdriverClick: true, moz:windowless: false, pageLoadStrategy: normal, platform: WINDOWS, platformName: WINDOWS, proxy: Proxy(direct), setWindowRect: true, strictFileInteractability: false, timeouts: {implicit: 0, pageLoad: 300000, script: 30000}, unhandledPromptBehavior: dismiss and notify}
Session ID: 6fe0bb4c-866d-4e77-8a6e-99699706f6a5
	at org.openqa.selenium.remote.http.W3CHttpResponseCodec.createException(W3CHttpResponseCodec.java:187)
	at org.openqa.selenium.remote.http.W3CHttpResponseCodec.decode(W3CHttpResponseCodec.java:122)
	at org.openqa.selenium.remote.http.W3CHttpResponseCodec.decode(W3CHttpResponseCodec.java:49)
	at org.openqa.selenium.remote.HttpCommandExecutor.execute(HttpCommandExecutor.java:158)
	at org.openqa.selenium.remote.service.DriverCommandExecutor.execute(DriverCommandExecutor.java:83)
	at org.openqa.selenium.remote.RemoteWebDriver.execute(RemoteWebDriver.java:552)
	at com.kms.katalon.selenium.driver.CFirefoxDriver.execute(CFirefoxDriver.java:27)
	at org.openqa.selenium.remote.RemoteWebElement.execute(RemoteWebElement.java:285)
	at org.openqa.selenium.remote.RemoteWebElement.click(RemoteWebElement.java:84)
	at org.openqa.selenium.support.events.EventFiringWebDriver$EventFiringWebElement.lambda$new$0(EventFiringWebDriver.java:404)
	at com.sun.proxy.$Proxy11.click(Unknown Source)
	at org.openqa.selenium.support.events.EventFiringWebDriver$EventFiringWebElement.click(EventFiringWebDriver.java:417)
	at org.openqa.selenium.WebElement$click.call(Unknown Source)
	at com.kms.katalon.core.webui.keyword.builtin.ClickKeyword.clickUntilSuccessWithTimeout(ClickKeyword.groovy:81)
	at com.kms.katalon.core.webui.keyword.builtin.ClickKeyword.clickUntilSuccessWithTimeout(ClickKeyword.groovy)
	at com.kms.katalon.core.webui.keyword.builtin.ClickKeyword$_click_closure1.doCall(ClickKeyword.groovy:67)
	at com.kms.katalon.core.webui.keyword.builtin.ClickKeyword$_click_closure1.call(ClickKeyword.groovy)
	at com.kms.katalon.core.webui.keyword.internal.WebUIKeywordMain.runKeyword(WebUIKeywordMain.groovy:20)
	... 51 more
)]]></system-out>
         <system-err><![CDATA[2023-10-04 20:02:58 - [TEST_CASE][FAILED] - Test Cases/T13 Pembelian, Shipment dan Pembayaran/PBL-009: Test Cases/T13 Pembelian, Shipment dan Pembayaran/PBL-009 FAILED.
Reason:
com.kms.katalon.core.exception.StepFailedException: Call Test Case 'Test Cases/T13 Pembelian, Shipment dan Pembayaran/PBL-002' failed
	at com.kms.katalon.core.keyword.builtin.CallTestCaseKeyword$_callTestCase_closure1.doCall(CallTestCaseKeyword.groovy:63)
	at com.kms.katalon.core.keyword.builtin.CallTestCaseKeyword$_callTestCase_closure1.call(CallTestCaseKeyword.groovy)
	at com.kms.katalon.core.keyword.internal.KeywordMain.runKeyword(KeywordMain.groovy:75)
	at com.kms.katalon.core.keyword.builtin.CallTestCaseKeyword.callTestCase(CallTestCaseKeyword.groovy:81)
	at com.kms.katalon.core.keyword.builtin.CallTestCaseKeyword.execute(CallTestCaseKeyword.groovy:44)
	at com.kms.katalon.core.keyword.internal.KeywordExecutor.executeKeywordForPlatform(KeywordExecutor.groovy:74)
	at com.kms.katalon.core.keyword.BuiltinKeywords.callTestCase(BuiltinKeywords.groovy:310)
	at PBL-009.run(PBL-009:20)
	at com.kms.katalon.core.main.ScriptEngine.run(ScriptEngine.java:194)
	at com.kms.katalon.core.main.ScriptEngine.runScriptAsRawText(ScriptEngine.java:119)
	at com.kms.katalon.core.main.TestCaseExecutor.runScript(TestCaseExecutor.java:448)
	at com.kms.katalon.core.main.TestCaseExecutor.doExecute(TestCaseExecutor.java:439)
	at com.kms.katalon.core.main.TestCaseExecutor.processExecutionPhase(TestCaseExecutor.java:418)
	at com.kms.katalon.core.main.TestCaseExecutor.accessMainPhase(TestCaseExecutor.java:410)
	at com.kms.katalon.core.main.TestCaseExecutor.execute(TestCaseExecutor.java:285)
	at com.kms.katalon.core.common.CommonExecutor.accessTestCaseMainPhase(CommonExecutor.java:65)
	at com.kms.katalon.core.main.TestSuiteExecutor.accessTestSuiteMainPhase(TestSuiteExecutor.java:148)
	at com.kms.katalon.core.main.TestSuiteExecutor.execute(TestSuiteExecutor.java:106)
	at com.kms.katalon.core.main.TestCaseMain.startTestSuite(TestCaseMain.java:187)
	at com.kms.katalon.core.main.TestCaseMain$startTestSuite$0.call(Unknown Source)
	at TempTestSuite1696424348948.run(TempTestSuite1696424348948.groovy:36)
Caused by: com.kms.katalon.core.exception.StepFailedException: Call Test Case 'Test Cases/T13 Pembelian, Shipment dan Pembayaran/PBL-001' failed
	at com.kms.katalon.core.keyword.builtin.CallTestCaseKeyword$_callTestCase_closure1.doCall(CallTestCaseKeyword.groovy:63)
	at com.kms.katalon.core.keyword.builtin.CallTestCaseKeyword$_callTestCase_closure1.call(CallTestCaseKeyword.groovy)
	at com.kms.katalon.core.keyword.internal.KeywordMain.runKeyword(KeywordMain.groovy:75)
	at com.kms.katalon.core.keyword.builtin.CallTestCaseKeyword.callTestCase(CallTestCaseKeyword.groovy:81)
	at com.kms.katalon.core.keyword.builtin.CallTestCaseKeyword.execute(CallTestCaseKeyword.groovy:44)
	at com.kms.katalon.core.keyword.internal.KeywordExecutor.executeKeywordForPlatform(KeywordExecutor.groovy:74)
	at com.kms.katalon.core.keyword.BuiltinKeywords.callTestCase(BuiltinKeywords.groovy:310)
	at PBL-002.run(PBL-002:20)
	at com.kms.katalon.core.main.ScriptEngine.run(ScriptEngine.java:194)
	at com.kms.katalon.core.main.ScriptEngine.runScriptAsRawText(ScriptEngine.java:119)
	at com.kms.katalon.core.main.TestCaseExecutor.runScript(TestCaseExecutor.java:448)
	at com.kms.katalon.core.main.TestCaseExecutor.doExecute(TestCaseExecutor.java:439)
	at com.kms.katalon.core.main.TestCaseExecutor.processExecutionPhase(TestCaseExecutor.java:418)
	at com.kms.katalon.core.main.TestCaseExecutor.accessMainPhase(TestCaseExecutor.java:410)
	at com.kms.katalon.core.main.TestCaseExecutor.execute(TestCaseExecutor.java:285)
	at com.kms.katalon.core.main.TestCaseMain.runTestCase(TestCaseMain.java:144)
	at com.kms.katalon.core.keyword.builtin.CallTestCaseKeyword$_callTestCase_closure1.doCall(CallTestCaseKeyword.groovy:59)
	... 20 more
Caused by: com.kms.katalon.core.exception.StepFailedException: Unable to click on object 'Object Repository/beli barang/a_Fashion  Busana Wanita'
	at com.kms.katalon.core.webui.keyword.internal.WebUIKeywordMain.stepFailed(WebUIKeywordMain.groovy:64)
	at com.kms.katalon.core.webui.keyword.internal.WebUIKeywordMain.runKeyword(WebUIKeywordMain.groovy:26)
	at com.kms.katalon.core.webui.keyword.builtin.ClickKeyword.click(ClickKeyword.groovy:74)
	at com.kms.katalon.core.webui.keyword.builtin.ClickKeyword.execute(ClickKeyword.groovy:40)
	at com.kms.katalon.core.keyword.internal.KeywordExecutor.executeKeywordForPlatform(KeywordExecutor.groovy:74)
	at com.kms.katalon.core.webui.keyword.WebUiBuiltInKeywords.click(WebUiBuiltInKeywords.groovy:620)
	at com.kms.katalon.core.webui.keyword.WebUiBuiltInKeywords$click$2.call(Unknown Source)
	at PBL-001.run(PBL-001:25)
	at com.kms.katalon.core.main.ScriptEngine.run(ScriptEngine.java:194)
	at com.kms.katalon.core.main.ScriptEngine.runScriptAsRawText(ScriptEngine.java:119)
	at com.kms.katalon.core.main.TestCaseExecutor.runScript(TestCaseExecutor.java:448)
	at com.kms.katalon.core.main.TestCaseExecutor.doExecute(TestCaseExecutor.java:439)
	at com.kms.katalon.core.main.TestCaseExecutor.processExecutionPhase(TestCaseExecutor.java:418)
	at com.kms.katalon.core.main.TestCaseExecutor.accessMainPhase(TestCaseExecutor.java:410)
	at com.kms.katalon.core.main.TestCaseExecutor.execute(TestCaseExecutor.java:285)
	at com.kms.katalon.core.main.TestCaseMain.runTestCase(TestCaseMain.java:144)
	at com.kms.katalon.core.keyword.builtin.CallTestCaseKeyword$_callTestCase_closure1.doCall(CallTestCaseKeyword.groovy:59)
	... 36 more
Caused by: org.openqa.selenium.ElementNotInteractableException: Element <a href="https://10.9.2.63/ecommerce/produk/kategori/fashion--busana-wanita"> could not be scrolled into view
Build info: version: '3.141.59', revision: 'e82be7d358', time: '2018-11-14T08:25:53'
System info: host: 'DESKTOP-H62FVJ8', ip: '10.9.2.72', os.name: 'Windows 10', os.arch: 'amd64', os.version: '10.0', java.version: '1.8.0_362'
Driver info: com.kms.katalon.core.webui.driver.firefox.CGeckoDriver
Capabilities {acceptInsecureCerts: true, browserName: firefox, browserVersion: 117.0.1, javascriptEnabled: true, moz:accessibilityChecks: false, moz:buildID: 20230912013654, moz:geckodriverVersion: 0.33.0, moz:headless: false, moz:platformVersion: 10.0, moz:processID: 6500, moz:profile: C:\Users\IRFAN\AppData\Loca..., moz:shutdownTimeout: 60000, moz:webdriverClick: true, moz:windowless: false, pageLoadStrategy: normal, platform: WINDOWS, platformName: WINDOWS, proxy: Proxy(direct), setWindowRect: true, strictFileInteractability: false, timeouts: {implicit: 0, pageLoad: 300000, script: 30000}, unhandledPromptBehavior: dismiss and notify}
Session ID: 6fe0bb4c-866d-4e77-8a6e-99699706f6a5
	at org.openqa.selenium.remote.http.W3CHttpResponseCodec.createException(W3CHttpResponseCodec.java:187)
	at org.openqa.selenium.remote.http.W3CHttpResponseCodec.decode(W3CHttpResponseCodec.java:122)
	at org.openqa.selenium.remote.http.W3CHttpResponseCodec.decode(W3CHttpResponseCodec.java:49)
	at org.openqa.selenium.remote.HttpCommandExecutor.execute(HttpCommandExecutor.java:158)
	at org.openqa.selenium.remote.service.DriverCommandExecutor.execute(DriverCommandExecutor.java:83)
	at org.openqa.selenium.remote.RemoteWebDriver.execute(RemoteWebDriver.java:552)
	at com.kms.katalon.selenium.driver.CFirefoxDriver.execute(CFirefoxDriver.java:27)
	at org.openqa.selenium.remote.RemoteWebElement.execute(RemoteWebElement.java:285)
	at org.openqa.selenium.remote.RemoteWebElement.click(RemoteWebElement.java:84)
	at org.openqa.selenium.support.events.EventFiringWebDriver$EventFiringWebElement.lambda$new$0(EventFiringWebDriver.java:404)
	at com.sun.proxy.$Proxy11.click(Unknown Source)
	at org.openqa.selenium.support.events.EventFiringWebDriver$EventFiringWebElement.click(EventFiringWebDriver.java:417)
	at org.openqa.selenium.WebElement$click.call(Unknown Source)
	at com.kms.katalon.core.webui.keyword.builtin.ClickKeyword.clickUntilSuccessWithTimeout(ClickKeyword.groovy:81)
	at com.kms.katalon.core.webui.keyword.builtin.ClickKeyword.clickUntilSuccessWithTimeout(ClickKeyword.groovy)
	at com.kms.katalon.core.webui.keyword.builtin.ClickKeyword$_click_closure1.doCall(ClickKeyword.groovy:67)
	at com.kms.katalon.core.webui.keyword.builtin.ClickKeyword$_click_closure1.call(ClickKeyword.groovy)
	at com.kms.katalon.core.webui.keyword.internal.WebUIKeywordMain.runKeyword(WebUIKeywordMain.groovy:20)
	... 51 more]]></system-err>
      </testcase>
      <testcase name="Test Cases/T13 Pembelian, Shipment dan Pembayaran/PBL-010" time="11.914" classname="Test Cases/T13 Pembelian, Shipment dan Pembayaran/PBL-010" status="FAILED">
         <failure type="FAILED" message="Test Cases/T13 Pembelian, Shipment dan Pembayaran/PBL-010 FAILED.
Reason:
Assertion failed: 

assert NamaSesudah.contains(NamaSebelum)
       |           |        |
       |           false    Segitiga Instan Madeira - MDB5.3 Sunse,..
       Segitiga Instan Madeira - MDB5.3 Sunset

	at PBL-010.run(PBL-010:38)
	at com.kms.katalon.core.main.ScriptEngine.run(ScriptEngine.java:194)
	at com.kms.katalon.core.main.ScriptEngine.runScriptAsRawText(ScriptEngine.java:119)
	at com.kms.katalon.core.main.TestCaseExecutor.runScript(TestCaseExecutor.java:448)
	at com.kms.katalon.core.main.TestCaseExecutor.doExecute(TestCaseExecutor.java:439)
	at com.kms.katalon.core.main.TestCaseExecutor.processExecutionPhase(TestCaseExecutor.java:418)
	at com.kms.katalon.core.main.TestCaseExecutor.accessMainPhase(TestCaseExecutor.java:410)
	at com.kms.katalon.core.main.TestCaseExecutor.execute(TestCaseExecutor.java:285)
	at com.kms.katalon.core.common.CommonExecutor.accessTestCaseMainPhase(CommonExecutor.java:65)
	at com.kms.katalon.core.main.TestSuiteExecutor.accessTestSuiteMainPhase(TestSuiteExecutor.java:148)
	at com.kms.katalon.core.main.TestSuiteExecutor.execute(TestSuiteExecutor.java:106)
	at com.kms.katalon.core.main.TestCaseMain.startTestSuite(TestCaseMain.java:187)
	at com.kms.katalon.core.main.TestCaseMain$startTestSuite$0.call(Unknown Source)
	at TempTestSuite1696424348948.run(TempTestSuite1696424348948.groovy:36)
"/>
         <system-out><![CDATA[2023-10-04 20:03:10 - [TEST_CASE][FAILED] - Test Cases/T13 Pembelian, Shipment dan Pembayaran/PBL-010: Test Cases/T13 Pembelian, Shipment dan Pembayaran/PBL-010 FAILED.
Reason:
Assertion failed: 

assert NamaSesudah.contains(NamaSebelum)
       |           |        |
       |           false    Segitiga Instan Madeira - MDB5.3 Sunse,..
       Segitiga Instan Madeira - MDB5.3 Sunset

	at PBL-010.run(PBL-010:38)
	at com.kms.katalon.core.main.ScriptEngine.run(ScriptEngine.java:194)
	at com.kms.katalon.core.main.ScriptEngine.runScriptAsRawText(ScriptEngine.java:119)
	at com.kms.katalon.core.main.TestCaseExecutor.runScript(TestCaseExecutor.java:448)
	at com.kms.katalon.core.main.TestCaseExecutor.doExecute(TestCaseExecutor.java:439)
	at com.kms.katalon.core.main.TestCaseExecutor.processExecutionPhase(TestCaseExecutor.java:418)
	at com.kms.katalon.core.main.TestCaseExecutor.accessMainPhase(TestCaseExecutor.java:410)
	at com.kms.katalon.core.main.TestCaseExecutor.execute(TestCaseExecutor.java:285)
	at com.kms.katalon.core.common.CommonExecutor.accessTestCaseMainPhase(CommonExecutor.java:65)
	at com.kms.katalon.core.main.TestSuiteExecutor.accessTestSuiteMainPhase(TestSuiteExecutor.java:148)
	at com.kms.katalon.core.main.TestSuiteExecutor.execute(TestSuiteExecutor.java:106)
	at com.kms.katalon.core.main.TestCaseMain.startTestSuite(TestCaseMain.java:187)
	at com.kms.katalon.core.main.TestCaseMain$startTestSuite$0.call(Unknown Source)
	at TempTestSuite1696424348948.run(TempTestSuite1696424348948.groovy:36)


2023-10-04 20:03:11 - [TEST_STEP][PASSED] - openBrowser("https://10.9.2.63/ecommerce/"): Browser is opened with url: 'https://10.9.2.63/ecommerce/'

2023-10-04 20:03:11 - [MESSAGE][WARNING] - A browser is already opened. Closing browser and opening a new one

2023-10-04 20:03:11 - [MESSAGE][INFO] - Starting 'Firefox' driver

2023-10-04 20:03:11 - [MESSAGE][INFO] - User set preference: ['args', '[--disable-notifications]']

2023-10-04 20:03:11 - [MESSAGE][INFO] - Action delay is set to 0 milliseconds

2023-10-04 20:03:16 - [MESSAGE][PASSED] - Browser is opened with url: 'https://10.9.2.63/ecommerce/'

2023-10-04 20:03:16 - [TEST_STEP][PASSED] - mouseOver(findTestObject("beli barang/i_Mulai Belanja_icon-menu")): Object: 'Object Repository/beli barang/i_Mulai Belanja_icon-menu' is hovered

2023-10-04 20:03:17 - [MESSAGE][PASSED] - Object: 'Object Repository/beli barang/i_Mulai Belanja_icon-menu' is hovered

2023-10-04 20:03:17 - [TEST_STEP][PASSED] - click(findTestObject("beli barang/a_Fashion  Busana Wanita")): Object: 'Object Repository/beli barang/a_Fashion  Busana Wanita' is clicked on

2023-10-04 20:03:18 - [MESSAGE][PASSED] - Object: 'Object Repository/beli barang/a_Fashion  Busana Wanita' is clicked on

2023-10-04 20:03:18 - [TEST_STEP][PASSED] - NamaSebelum = getText(findTestObject("verifikasi/Nama sebelum")): Text of object 'Object Repository/verifikasi/Nama sebelum' is: 'Segitiga Instan Madeira - MDB5.3 Sunse,..'

2023-10-04 20:03:19 - [MESSAGE][PASSED] - Text of object 'Object Repository/verifikasi/Nama sebelum' is: 'Segitiga Instan Madeira - MDB5.3 Sunse,..'

2023-10-04 20:03:19 - [TEST_STEP][PASSED] - HargaSebelum = getText(findTestObject("verifikasi/Harga sebelum")): Text of object 'Object Repository/verifikasi/Harga sebelum' is: ''

2023-10-04 20:03:19 - [MESSAGE][PASSED] - Text of object 'Object Repository/verifikasi/Harga sebelum' is: ''

2023-10-04 20:03:19 - [TEST_STEP][PASSED] - mouseOver(findTestObject("beli barang/barang mouse over")): Object: 'Object Repository/beli barang/barang mouse over' is hovered

2023-10-04 20:03:20 - [MESSAGE][PASSED] - Object: 'Object Repository/beli barang/barang mouse over' is hovered

2023-10-04 20:03:20 - [TEST_STEP][PASSED] - click(findTestObject("beli barang/buttom add to cart")): Object: 'Object Repository/beli barang/buttom add to cart' is clicked on

2023-10-04 20:03:21 - [MESSAGE][PASSED] - Object: 'Object Repository/beli barang/buttom add to cart' is clicked on

2023-10-04 20:03:21 - [TEST_STEP][PASSED] - NamaSesudah = getText(findTestObject("verifikasi/Nama sesudah")): Text of object 'Object Repository/verifikasi/Nama sesudah' is: 'Segitiga Instan Madeira - MDB5.3 Sunset'

2023-10-04 20:03:22 - [MESSAGE][PASSED] - Text of object 'Object Repository/verifikasi/Nama sesudah' is: 'Segitiga Instan Madeira - MDB5.3 Sunset'

2023-10-04 20:03:22 - [TEST_STEP][PASSED] - HargaSesudah = getText(findTestObject("verifikasi/Harga sesudah")): Text of object 'Object Repository/verifikasi/Harga sesudah' is: 'Rp 1,299'

2023-10-04 20:03:22 - [MESSAGE][PASSED] - Text of object 'Object Repository/verifikasi/Harga sesudah' is: 'Rp 1,299'

2023-10-04 20:03:22 - [TEST_STEP][FAILED] - assert NamaSesudah.contains(NamaSebelum): Test Cases/T13 Pembelian, Shipment dan Pembayaran/PBL-010 FAILED.
Reason:
Assertion failed: 

assert NamaSesudah.contains(NamaSebelum)
       |           |        |
       |           false    Segitiga Instan Madeira - MDB5.3 Sunse,..
       Segitiga Instan Madeira - MDB5.3 Sunset

	at PBL-010.run(PBL-010:38)
	at com.kms.katalon.core.main.ScriptEngine.run(ScriptEngine.java:194)
	at com.kms.katalon.core.main.ScriptEngine.runScriptAsRawText(ScriptEngine.java:119)
	at com.kms.katalon.core.main.TestCaseExecutor.runScript(TestCaseExecutor.java:448)
	at com.kms.katalon.core.main.TestCaseExecutor.doExecute(TestCaseExecutor.java:439)
	at com.kms.katalon.core.main.TestCaseExecutor.processExecutionPhase(TestCaseExecutor.java:418)
	at com.kms.katalon.core.main.TestCaseExecutor.accessMainPhase(TestCaseExecutor.java:410)
	at com.kms.katalon.core.main.TestCaseExecutor.execute(TestCaseExecutor.java:285)
	at com.kms.katalon.core.common.CommonExecutor.accessTestCaseMainPhase(CommonExecutor.java:65)
	at com.kms.katalon.core.main.TestSuiteExecutor.accessTestSuiteMainPhase(TestSuiteExecutor.java:148)
	at com.kms.katalon.core.main.TestSuiteExecutor.execute(TestSuiteExecutor.java:106)
	at com.kms.katalon.core.main.TestCaseMain.startTestSuite(TestCaseMain.java:187)
	at com.kms.katalon.core.main.TestCaseMain$startTestSuite$0.call(Unknown Source)
	at TempTestSuite1696424348948.run(TempTestSuite1696424348948.groovy:36)


2023-10-04 20:03:22 - [MESSAGE][FAILED] - Test Cases/T13 Pembelian, Shipment dan Pembayaran/PBL-010 FAILED.
Reason:
Assertion failed: 

assert NamaSesudah.contains(NamaSebelum)
       |           |        |
       |           false    Segitiga Instan Madeira - MDB5.3 Sunse,..
       Segitiga Instan Madeira - MDB5.3 Sunset

	at PBL-010.run(PBL-010:38)
	at com.kms.katalon.core.main.ScriptEngine.run(ScriptEngine.java:194)
	at com.kms.katalon.core.main.ScriptEngine.runScriptAsRawText(ScriptEngine.java:119)
	at com.kms.katalon.core.main.TestCaseExecutor.runScript(TestCaseExecutor.java:448)
	at com.kms.katalon.core.main.TestCaseExecutor.doExecute(TestCaseExecutor.java:439)
	at com.kms.katalon.core.main.TestCaseExecutor.processExecutionPhase(TestCaseExecutor.java:418)
	at com.kms.katalon.core.main.TestCaseExecutor.accessMainPhase(TestCaseExecutor.java:410)
	at com.kms.katalon.core.main.TestCaseExecutor.execute(TestCaseExecutor.java:285)
	at com.kms.katalon.core.common.CommonExecutor.accessTestCaseMainPhase(CommonExecutor.java:65)
	at com.kms.katalon.core.main.TestSuiteExecutor.accessTestSuiteMainPhase(TestSuiteExecutor.java:148)
	at com.kms.katalon.core.main.TestSuiteExecutor.execute(TestSuiteExecutor.java:106)
	at com.kms.katalon.core.main.TestCaseMain.startTestSuite(TestCaseMain.java:187)
	at com.kms.katalon.core.main.TestCaseMain$startTestSuite$0.call(Unknown Source)
	at TempTestSuite1696424348948.run(TempTestSuite1696424348948.groovy:36)]]></system-out>
         <system-err><![CDATA[2023-10-04 20:03:10 - [TEST_CASE][FAILED] - Test Cases/T13 Pembelian, Shipment dan Pembayaran/PBL-010: Test Cases/T13 Pembelian, Shipment dan Pembayaran/PBL-010 FAILED.
Reason:
Assertion failed: 

assert NamaSesudah.contains(NamaSebelum)
       |           |        |
       |           false    Segitiga Instan Madeira - MDB5.3 Sunse,..
       Segitiga Instan Madeira - MDB5.3 Sunset

	at PBL-010.run(PBL-010:38)
	at com.kms.katalon.core.main.ScriptEngine.run(ScriptEngine.java:194)
	at com.kms.katalon.core.main.ScriptEngine.runScriptAsRawText(ScriptEngine.java:119)
	at com.kms.katalon.core.main.TestCaseExecutor.runScript(TestCaseExecutor.java:448)
	at com.kms.katalon.core.main.TestCaseExecutor.doExecute(TestCaseExecutor.java:439)
	at com.kms.katalon.core.main.TestCaseExecutor.processExecutionPhase(TestCaseExecutor.java:418)
	at com.kms.katalon.core.main.TestCaseExecutor.accessMainPhase(TestCaseExecutor.java:410)
	at com.kms.katalon.core.main.TestCaseExecutor.execute(TestCaseExecutor.java:285)
	at com.kms.katalon.core.common.CommonExecutor.accessTestCaseMainPhase(CommonExecutor.java:65)
	at com.kms.katalon.core.main.TestSuiteExecutor.accessTestSuiteMainPhase(TestSuiteExecutor.java:148)
	at com.kms.katalon.core.main.TestSuiteExecutor.execute(TestSuiteExecutor.java:106)
	at com.kms.katalon.core.main.TestCaseMain.startTestSuite(TestCaseMain.java:187)
	at com.kms.katalon.core.main.TestCaseMain$startTestSuite$0.call(Unknown Source)
	at TempTestSuite1696424348948.run(TempTestSuite1696424348948.groovy:36)]]></system-err>
      </testcase>
      <testcase name="Test Cases/T13 Pembelian, Shipment dan Pembayaran/PBL-011" time="31.985" classname="Test Cases/T13 Pembelian, Shipment dan Pembayaran/PBL-011" status="FAILED">
         <failure type="FAILED" message="Test Cases/T13 Pembelian, Shipment dan Pembayaran/PBL-011 FAILED.
Reason:
com.kms.katalon.core.exception.StepFailedException: Unable to verify text 'mohon login akun terlebih dahulu' is present 
	at com.kms.katalon.core.webui.keyword.internal.WebUIKeywordMain.stepFailed(WebUIKeywordMain.groovy:64)
	at com.kms.katalon.core.webui.keyword.internal.WebUIKeywordMain.runKeyword(WebUIKeywordMain.groovy:26)
	at com.kms.katalon.core.webui.keyword.builtin.VerifyTextPresentKeyword.verifyTextPresent(VerifyTextPresentKeyword.groovy:83)
	at com.kms.katalon.core.webui.keyword.builtin.VerifyTextPresentKeyword.execute(VerifyTextPresentKeyword.groovy:68)
	at com.kms.katalon.core.keyword.internal.KeywordExecutor.executeKeywordForPlatform(KeywordExecutor.groovy:74)
	at com.kms.katalon.core.webui.keyword.WebUiBuiltInKeywords.verifyTextPresent(WebUiBuiltInKeywords.groovy:1723)
	at com.kms.katalon.core.webui.keyword.WebUiBuiltInKeywords$verifyTextPresent$7.call(Unknown Source)
	at PBL-011.run(PBL-011:67)
	at com.kms.katalon.core.main.ScriptEngine.run(ScriptEngine.java:194)
	at com.kms.katalon.core.main.ScriptEngine.runScriptAsRawText(ScriptEngine.java:119)
	at com.kms.katalon.core.main.TestCaseExecutor.runScript(TestCaseExecutor.java:448)
	at com.kms.katalon.core.main.TestCaseExecutor.doExecute(TestCaseExecutor.java:439)
	at com.kms.katalon.core.main.TestCaseExecutor.processExecutionPhase(TestCaseExecutor.java:418)
	at com.kms.katalon.core.main.TestCaseExecutor.accessMainPhase(TestCaseExecutor.java:410)
	at com.kms.katalon.core.main.TestCaseExecutor.execute(TestCaseExecutor.java:285)
	at com.kms.katalon.core.common.CommonExecutor.accessTestCaseMainPhase(CommonExecutor.java:65)
	at com.kms.katalon.core.main.TestSuiteExecutor.accessTestSuiteMainPhase(TestSuiteExecutor.java:148)
	at com.kms.katalon.core.main.TestSuiteExecutor.execute(TestSuiteExecutor.java:106)
	at com.kms.katalon.core.main.TestCaseMain.startTestSuite(TestCaseMain.java:187)
	at com.kms.katalon.core.main.TestCaseMain$startTestSuite$0.call(Unknown Source)
	at TempTestSuite1696424348948.run(TempTestSuite1696424348948.groovy:36)
Caused by: com.kms.katalon.core.exception.StepFailedException: Text 'mohon login akun terlebih dahulu' is not present on page 
	at com.kms.katalon.core.webui.keyword.internal.WebUIKeywordMain.stepFailed(WebUIKeywordMain.groovy:64)
	at com.kms.katalon.core.webui.keyword.builtin.VerifyTextPresentKeyword$_verifyTextPresent_closure1.doCall(VerifyTextPresentKeyword.groovy:79)
	at com.kms.katalon.core.webui.keyword.builtin.VerifyTextPresentKeyword$_verifyTextPresent_closure1.call(VerifyTextPresentKeyword.groovy)
	at com.kms.katalon.core.webui.keyword.internal.WebUIKeywordMain.runKeyword(WebUIKeywordMain.groovy:20)
	... 19 more
"/>
         <system-out><![CDATA[2023-10-04 20:03:22 - [TEST_CASE][FAILED] - Test Cases/T13 Pembelian, Shipment dan Pembayaran/PBL-011: Test Cases/T13 Pembelian, Shipment dan Pembayaran/PBL-011 FAILED.
Reason:
com.kms.katalon.core.exception.StepFailedException: Unable to verify text 'mohon login akun terlebih dahulu' is present 
	at com.kms.katalon.core.webui.keyword.internal.WebUIKeywordMain.stepFailed(WebUIKeywordMain.groovy:64)
	at com.kms.katalon.core.webui.keyword.internal.WebUIKeywordMain.runKeyword(WebUIKeywordMain.groovy:26)
	at com.kms.katalon.core.webui.keyword.builtin.VerifyTextPresentKeyword.verifyTextPresent(VerifyTextPresentKeyword.groovy:83)
	at com.kms.katalon.core.webui.keyword.builtin.VerifyTextPresentKeyword.execute(VerifyTextPresentKeyword.groovy:68)
	at com.kms.katalon.core.keyword.internal.KeywordExecutor.executeKeywordForPlatform(KeywordExecutor.groovy:74)
	at com.kms.katalon.core.webui.keyword.WebUiBuiltInKeywords.verifyTextPresent(WebUiBuiltInKeywords.groovy:1723)
	at com.kms.katalon.core.webui.keyword.WebUiBuiltInKeywords$verifyTextPresent$7.call(Unknown Source)
	at PBL-011.run(PBL-011:67)
	at com.kms.katalon.core.main.ScriptEngine.run(ScriptEngine.java:194)
	at com.kms.katalon.core.main.ScriptEngine.runScriptAsRawText(ScriptEngine.java:119)
	at com.kms.katalon.core.main.TestCaseExecutor.runScript(TestCaseExecutor.java:448)
	at com.kms.katalon.core.main.TestCaseExecutor.doExecute(TestCaseExecutor.java:439)
	at com.kms.katalon.core.main.TestCaseExecutor.processExecutionPhase(TestCaseExecutor.java:418)
	at com.kms.katalon.core.main.TestCaseExecutor.accessMainPhase(TestCaseExecutor.java:410)
	at com.kms.katalon.core.main.TestCaseExecutor.execute(TestCaseExecutor.java:285)
	at com.kms.katalon.core.common.CommonExecutor.accessTestCaseMainPhase(CommonExecutor.java:65)
	at com.kms.katalon.core.main.TestSuiteExecutor.accessTestSuiteMainPhase(TestSuiteExecutor.java:148)
	at com.kms.katalon.core.main.TestSuiteExecutor.execute(TestSuiteExecutor.java:106)
	at com.kms.katalon.core.main.TestCaseMain.startTestSuite(TestCaseMain.java:187)
	at com.kms.katalon.core.main.TestCaseMain$startTestSuite$0.call(Unknown Source)
	at TempTestSuite1696424348948.run(TempTestSuite1696424348948.groovy:36)
Caused by: com.kms.katalon.core.exception.StepFailedException: Text 'mohon login akun terlebih dahulu' is not present on page 
	at com.kms.katalon.core.webui.keyword.internal.WebUIKeywordMain.stepFailed(WebUIKeywordMain.groovy:64)
	at com.kms.katalon.core.webui.keyword.builtin.VerifyTextPresentKeyword$_verifyTextPresent_closure1.doCall(VerifyTextPresentKeyword.groovy:79)
	at com.kms.katalon.core.webui.keyword.builtin.VerifyTextPresentKeyword$_verifyTextPresent_closure1.call(VerifyTextPresentKeyword.groovy)
	at com.kms.katalon.core.webui.keyword.internal.WebUIKeywordMain.runKeyword(WebUIKeywordMain.groovy:20)
	... 19 more


2023-10-04 20:03:22 - [TEST_STEP][PASSED] - data = callTestCase(findTestCase("T13 Pembelian, Shipment dan Pembayaran/PBL-010"), ["warna":"Merah", "ukuran":"Menengah"], STOP_ON_FAILURE): Call Test Case 'Test Cases/T13 Pembelian, Shipment dan Pembayaran/PBL-010' successfully

2023-10-04 20:03:23 - [TEST_CASE][PASSED] - Test Cases/T13 Pembelian, Shipment dan Pembayaran/PBL-010: Test Cases/T13 Pembelian, Shipment dan Pembayaran/PBL-010

2023-10-04 20:03:23 - [TEST_STEP][PASSED] - openBrowser("https://10.9.2.63/ecommerce/"): Browser is opened with url: 'https://10.9.2.63/ecommerce/'

2023-10-04 20:03:23 - [MESSAGE][WARNING] - A browser is already opened. Closing browser and opening a new one

2023-10-04 20:03:23 - [MESSAGE][INFO] - Starting 'Firefox' driver

2023-10-04 20:03:23 - [MESSAGE][INFO] - User set preference: ['args', '[--disable-notifications]']

2023-10-04 20:03:23 - [MESSAGE][INFO] - Action delay is set to 0 milliseconds

2023-10-04 20:03:28 - [MESSAGE][PASSED] - Browser is opened with url: 'https://10.9.2.63/ecommerce/'

2023-10-04 20:03:28 - [TEST_STEP][PASSED] - mouseOver(findTestObject("beli barang/i_Mulai Belanja_icon-menu")): Object: 'Object Repository/beli barang/i_Mulai Belanja_icon-menu' is hovered

2023-10-04 20:03:29 - [MESSAGE][PASSED] - Object: 'Object Repository/beli barang/i_Mulai Belanja_icon-menu' is hovered

2023-10-04 20:03:29 - [TEST_STEP][PASSED] - click(findTestObject("beli barang/a_Fashion  Busana Wanita")): Object: 'Object Repository/beli barang/a_Fashion  Busana Wanita' is clicked on

2023-10-04 20:03:30 - [MESSAGE][PASSED] - Object: 'Object Repository/beli barang/a_Fashion  Busana Wanita' is clicked on

2023-10-04 20:03:30 - [TEST_STEP][PASSED] - NamaSebelum = getText(findTestObject("verifikasi/Nama sebelum")): Text of object 'Object Repository/verifikasi/Nama sebelum' is: ''

2023-10-04 20:03:30 - [MESSAGE][PASSED] - Text of object 'Object Repository/verifikasi/Nama sebelum' is: ''

2023-10-04 20:03:30 - [TEST_STEP][PASSED] - HargaSebelum = getText(findTestObject("verifikasi/Harga sebelum")): Text of object 'Object Repository/verifikasi/Harga sebelum' is: 'Rp 1,299'

2023-10-04 20:03:30 - [MESSAGE][PASSED] - Text of object 'Object Repository/verifikasi/Harga sebelum' is: 'Rp 1,299'

2023-10-04 20:03:30 - [TEST_STEP][PASSED] - mouseOver(findTestObject("beli barang/barang mouse over")): Object: 'Object Repository/beli barang/barang mouse over' is hovered

2023-10-04 20:03:31 - [MESSAGE][PASSED] - Object: 'Object Repository/beli barang/barang mouse over' is hovered

2023-10-04 20:03:31 - [TEST_STEP][PASSED] - click(findTestObject("beli barang/buttom add to cart")): Object: 'Object Repository/beli barang/buttom add to cart' is clicked on

2023-10-04 20:03:32 - [MESSAGE][PASSED] - Object: 'Object Repository/beli barang/buttom add to cart' is clicked on

2023-10-04 20:03:32 - [TEST_STEP][PASSED] - NamaSesudah = getText(findTestObject("verifikasi/Nama sesudah")): Text of object 'Object Repository/verifikasi/Nama sesudah' is: 'Segitiga Instan Madeira - MDB5.3 Sunset'

2023-10-04 20:03:33 - [MESSAGE][PASSED] - Text of object 'Object Repository/verifikasi/Nama sesudah' is: 'Segitiga Instan Madeira - MDB5.3 Sunset'

2023-10-04 20:03:33 - [TEST_STEP][PASSED] - HargaSesudah = getText(findTestObject("verifikasi/Harga sesudah")): Text of object 'Object Repository/verifikasi/Harga sesudah' is: 'Rp 1,299'

2023-10-04 20:03:33 - [MESSAGE][PASSED] - Text of object 'Object Repository/verifikasi/Harga sesudah' is: 'Rp 1,299'

2023-10-04 20:03:33 - [TEST_STEP][PASSED] - assert NamaSesudah.contains(NamaSebelum): null

2023-10-04 20:03:33 - [TEST_STEP][PASSED] - assert HargaSesudah.contains(HargaSebelum): null

2023-10-04 20:03:33 - [TEST_STEP][PASSED] - click(findTestObject("Beli tanpa akun/button_Beli Sekarang")): Object: 'Object Repository/Beli tanpa akun/button_Beli Sekarang' is clicked on

2023-10-04 20:03:35 - [MESSAGE][PASSED] - Object: 'Object Repository/Beli tanpa akun/button_Beli Sekarang' is clicked on

2023-10-04 20:03:35 - [TEST_STEP][PASSED] - data = new java.util.HashMap(): null

2023-10-04 20:03:35 - [TEST_STEP][PASSED] - data.put("nama_barang", NamaSesudah): null

2023-10-04 20:03:35 - [TEST_STEP][PASSED] - data.put("price_barang", HargaSesudah): null

2023-10-04 20:03:35 - [TEST_STEP][PASSED] - verifyElementPresent(findTestObject("keranjang/li_Keranjang Belanja"), 0): Object 'Object Repository/keranjang/li_Keranjang Belanja' is present

2023-10-04 20:03:35 - [MESSAGE][WARNING] - Timeout '0' is invalid. Using default page load timeout: '30'

2023-10-04 20:03:36 - [MESSAGE][PASSED] - Object 'Object Repository/keranjang/li_Keranjang Belanja' is present

2023-10-04 20:03:36 - [TEST_STEP][PASSED] - NamaKeranjang = getText(findTestObject("verifikasi/Nama keranjang")): Text of object 'Object Repository/verifikasi/Nama keranjang' is: 'Segitiga Instan Madeira - MDB5.3 Sunset'

2023-10-04 20:03:36 - [MESSAGE][PASSED] - Text of object 'Object Repository/verifikasi/Nama keranjang' is: 'Segitiga Instan Madeira - MDB5.3 Sunset'

2023-10-04 20:03:36 - [TEST_STEP][PASSED] - HargaKeranjang = getText(findTestObject("verifikasi/Harga Keranjang")): Text of object 'Object Repository/verifikasi/Harga Keranjang' is: 'Rp 1,299'

2023-10-04 20:03:36 - [MESSAGE][PASSED] - Text of object 'Object Repository/verifikasi/Harga Keranjang' is: 'Rp 1,299'

2023-10-04 20:03:36 - [TEST_STEP][PASSED] - if (toString().equalsIgnoreCase("Merah")): Object 'Object Repository/keranjang/input_Warna_variasi101' is checked

2023-10-04 20:03:36 - [TEST_STEP][PASSED] - check(findTestObject("Object Repository/keranjang/input_Warna_variasi101")): Object 'Object Repository/keranjang/input_Warna_variasi101' is checked

2023-10-04 20:03:37 - [MESSAGE][PASSED] - Object 'Object Repository/keranjang/input_Warna_variasi101' is checked

2023-10-04 20:03:37 - [TEST_STEP][PASSED] - if (toString().equalsIgnoreCase("Menengah")): Object 'Object Repository/keranjang/input_Ukuran_variasi201' is checked

2023-10-04 20:03:37 - [TEST_STEP][PASSED] - check(findTestObject("Object Repository/keranjang/input_Ukuran_variasi201")): Object 'Object Repository/keranjang/input_Ukuran_variasi201' is checked

2023-10-04 20:03:38 - [MESSAGE][PASSED] - Object 'Object Repository/keranjang/input_Ukuran_variasi201' is checked

2023-10-04 20:03:38 - [TEST_STEP][PASSED] - data.put("Warna", warna): null

2023-10-04 20:03:38 - [TEST_STEP][PASSED] - data.put("Ukuran", ukuran): null

2023-10-04 20:03:38 - [TEST_STEP][PASSED] - click(findTestObject("keranjang/button_Lanjut ke Pembayaran")): Object: 'Object Repository/keranjang/button_Lanjut ke Pembayaran' is clicked on

2023-10-04 20:03:39 - [MESSAGE][PASSED] - Object: 'Object Repository/keranjang/button_Lanjut ke Pembayaran' is clicked on

2023-10-04 20:03:39 - [TEST_STEP][PASSED] - verifyElementPresent(findTestObject("checkout/Tittle Checkout Order"), 0): Object 'Object Repository/checkout/Tittle Checkout Order' is present

2023-10-04 20:03:39 - [MESSAGE][WARNING] - Timeout '0' is invalid. Using default page load timeout: '30'

2023-10-04 20:03:40 - [MESSAGE][PASSED] - Object 'Object Repository/checkout/Tittle Checkout Order' is present

2023-10-04 20:03:40 - [TEST_STEP][PASSED] - name_product = data.get("nama_barang"): null

2023-10-04 20:03:40 - [TEST_STEP][PASSED] - price_product = data.get("price_barang"): null

2023-10-04 20:03:40 - [TEST_STEP][PASSED] - assert name_product == NamaKeranjang: null

2023-10-04 20:03:40 - [TEST_STEP][PASSED] - assert price_product == HargaKeranjang: null

2023-10-04 20:03:40 - [TEST_STEP][PASSED] - return data: null

2023-10-04 20:03:40 - [MESSAGE][PASSED] - Call Test Case 'Test Cases/T13 Pembelian, Shipment dan Pembayaran/PBL-010' successfully

2023-10-04 20:03:40 - [TEST_STEP][PASSED] - warnaa = getText(findTestObject("verifikasi/warna Merah")): Text of object 'Object Repository/verifikasi/warna Merah' is: 'Merah'

2023-10-04 20:03:40 - [MESSAGE][PASSED] - Text of object 'Object Repository/verifikasi/warna Merah' is: 'Merah'

2023-10-04 20:03:40 - [TEST_STEP][PASSED] - ukurann = getText(findTestObject("verifikasi/Ukuran Menengah")): Text of object 'Object Repository/verifikasi/Ukuran Menengah' is: 'Menengah'

2023-10-04 20:03:40 - [MESSAGE][PASSED] - Text of object 'Object Repository/verifikasi/Ukuran Menengah' is: 'Menengah'

2023-10-04 20:03:40 - [TEST_STEP][PASSED] - warna1 = data.get("Warna"): null

2023-10-04 20:03:40 - [TEST_STEP][PASSED] - ukuran1 = data.get("Ukuran"): null

2023-10-04 20:03:40 - [TEST_STEP][PASSED] - assert warnaa == warna1: null

2023-10-04 20:03:40 - [TEST_STEP][PASSED] - assert ukurann == ukuran1: null

2023-10-04 20:03:40 - [TEST_STEP][PASSED] - NamaCheckout = getText(findTestObject("verifikasi/NamaCheckout")): Text of object 'Object Repository/verifikasi/NamaCheckout' is: ''

2023-10-04 20:03:41 - [MESSAGE][PASSED] - Text of object 'Object Repository/verifikasi/NamaCheckout' is: ''

2023-10-04 20:03:41 - [TEST_STEP][PASSED] - HargaCheckout = getText(findTestObject("verifikasi/HargaCheckout")): Text of object 'Object Repository/verifikasi/HargaCheckout' is: '1,299'

2023-10-04 20:03:41 - [MESSAGE][PASSED] - Text of object 'Object Repository/verifikasi/HargaCheckout' is: '1,299'

2023-10-04 20:03:41 - [TEST_STEP][PASSED] - name_product = data.get("nama_barang"): null

2023-10-04 20:03:41 - [TEST_STEP][PASSED] - price_product = data.get("price_barang"): null

2023-10-04 20:03:41 - [TEST_STEP][PASSED] - assert name_product.contains(NamaCheckout): null

2023-10-04 20:03:41 - [TEST_STEP][PASSED] - assert price_product.contains(HargaCheckout): null

2023-10-04 20:03:41 - [TEST_STEP][PASSED] - setText(findTestObject("Beli tanpa akun/input_Nama anda_nama"), "irfan"): Text 'irfan' is set on object 'Object Repository/Beli tanpa akun/input_Nama anda_nama'

2023-10-04 20:03:42 - [MESSAGE][PASSED] - Text 'irfan' is set on object 'Object Repository/Beli tanpa akun/input_Nama anda_nama'

2023-10-04 20:03:42 - [TEST_STEP][PASSED] - setText(findTestObject("Beli tanpa akun/input_Kontak_telpon"), "0811212121"): Text '0811212121' is set on object 'Object Repository/Beli tanpa akun/input_Kontak_telpon'

2023-10-04 20:03:42 - [MESSAGE][PASSED] - Text '0811212121' is set on object 'Object Repository/Beli tanpa akun/input_Kontak_telpon'

2023-10-04 20:03:42 - [TEST_STEP][PASSED] - setText(findTestObject("Beli tanpa akun/input_Kontak_email"), "fan@gmail.com"): Text 'fan@gmail.com' is set on object 'Object Repository/Beli tanpa akun/input_Kontak_email'

2023-10-04 20:03:43 - [MESSAGE][PASSED] - Text 'fan@gmail.com' is set on object 'Object Repository/Beli tanpa akun/input_Kontak_email'

2023-10-04 20:03:43 - [TEST_STEP][PASSED] - selectOptionByLabel(findTestObject("Beli tanpa akun/select_Provinsi"), "Sumatera Barat", false): All options with label 'Sumatera Barat' are selected in object 'Object Repository/Beli tanpa akun/select_Provinsi' 

2023-10-04 20:03:44 - [MESSAGE][PASSED] - All options with label 'Sumatera Barat' are selected in object 'Object Repository/Beli tanpa akun/select_Provinsi' 

2023-10-04 20:03:44 - [TEST_STEP][PASSED] - selectOptionByLabel(findTestObject("Beli tanpa akun/select_Kota  Kabupaten"), "Kota Bukittinggi", false): All options with label 'Kota Bukittinggi' are selected in object 'Object Repository/Beli tanpa akun/select_Kota  Kabupaten' 

2023-10-04 20:03:45 - [MESSAGE][PASSED] - All options with label 'Kota Bukittinggi' are selected in object 'Object Repository/Beli tanpa akun/select_Kota  Kabupaten' 

2023-10-04 20:03:45 - [TEST_STEP][PASSED] - selectOptionByLabel(findTestObject("Beli tanpa akun/select_Kecamatan"), "Guguk Panjang (Guguak Panjang)", false): All options with label 'Guguk Panjang (Guguak Panjang)' are selected in object 'Object Repository/Beli tanpa akun/select_Kecamatan' 

2023-10-04 20:03:46 - [MESSAGE][PASSED] - All options with label 'Guguk Panjang (Guguak Panjang)' are selected in object 'Object Repository/Beli tanpa akun/select_Kecamatan' 

2023-10-04 20:03:46 - [TEST_STEP][PASSED] - setText(findTestObject("Beli tanpa akun/input_Alamat Kirim_alamat"), "guguk"): Text 'guguk' is set on object 'Object Repository/Beli tanpa akun/input_Alamat Kirim_alamat'

2023-10-04 20:03:47 - [MESSAGE][PASSED] - Text 'guguk' is set on object 'Object Repository/Beli tanpa akun/input_Alamat Kirim_alamat'

2023-10-04 20:03:47 - [TEST_STEP][PASSED] - click(findTestObject("checkout/COD")): Object: 'Object Repository/checkout/COD' is clicked on

2023-10-04 20:03:47 - [MESSAGE][PASSED] - Object: 'Object Repository/checkout/COD' is clicked on

2023-10-04 20:03:47 - [TEST_STEP][PASSED] - click(findTestObject("verifikasi/COD - Panjang BanaTarif")): Object: 'Object Repository/verifikasi/COD - Panjang BanaTarif' is clicked on

2023-10-04 20:03:48 - [MESSAGE][PASSED] - Object: 'Object Repository/verifikasi/COD - Panjang BanaTarif' is clicked on

2023-10-04 20:03:48 - [TEST_STEP][PASSED] - click(findTestObject("checkout/button_Proses Pembayaran")): Object: 'Object Repository/checkout/button_Proses Pembayaran' is clicked on

2023-10-04 20:03:53 - [MESSAGE][PASSED] - Object: 'Object Repository/checkout/button_Proses Pembayaran' is clicked on

2023-10-04 20:03:53 - [TEST_STEP][FAILED] - verifyTextPresent("mohon login akun terlebih dahulu", false): Unable to verify text 'mohon login akun terlebih dahulu' is present  (Root cause: com.kms.katalon.core.exception.StepFailedException: Unable to verify text 'mohon login akun terlebih dahulu' is present 
	at com.kms.katalon.core.webui.keyword.internal.WebUIKeywordMain.stepFailed(WebUIKeywordMain.groovy:64)
	at com.kms.katalon.core.webui.keyword.internal.WebUIKeywordMain.runKeyword(WebUIKeywordMain.groovy:26)
	at com.kms.katalon.core.webui.keyword.builtin.VerifyTextPresentKeyword.verifyTextPresent(VerifyTextPresentKeyword.groovy:83)
	at com.kms.katalon.core.webui.keyword.builtin.VerifyTextPresentKeyword.execute(VerifyTextPresentKeyword.groovy:68)
	at com.kms.katalon.core.keyword.internal.KeywordExecutor.executeKeywordForPlatform(KeywordExecutor.groovy:74)
	at com.kms.katalon.core.webui.keyword.WebUiBuiltInKeywords.verifyTextPresent(WebUiBuiltInKeywords.groovy:1723)
	at com.kms.katalon.core.webui.keyword.WebUiBuiltInKeywords$verifyTextPresent$7.call(Unknown Source)
	at PBL-011.run(PBL-011:67)
	at com.kms.katalon.core.main.ScriptEngine.run(ScriptEngine.java:194)
	at com.kms.katalon.core.main.ScriptEngine.runScriptAsRawText(ScriptEngine.java:119)
	at com.kms.katalon.core.main.TestCaseExecutor.runScript(TestCaseExecutor.java:448)
	at com.kms.katalon.core.main.TestCaseExecutor.doExecute(TestCaseExecutor.java:439)
	at com.kms.katalon.core.main.TestCaseExecutor.processExecutionPhase(TestCaseExecutor.java:418)
	at com.kms.katalon.core.main.TestCaseExecutor.accessMainPhase(TestCaseExecutor.java:410)
	at com.kms.katalon.core.main.TestCaseExecutor.execute(TestCaseExecutor.java:285)
	at com.kms.katalon.core.common.CommonExecutor.accessTestCaseMainPhase(CommonExecutor.java:65)
	at com.kms.katalon.core.main.TestSuiteExecutor.accessTestSuiteMainPhase(TestSuiteExecutor.java:148)
	at com.kms.katalon.core.main.TestSuiteExecutor.execute(TestSuiteExecutor.java:106)
	at com.kms.katalon.core.main.TestCaseMain.startTestSuite(TestCaseMain.java:187)
	at com.kms.katalon.core.main.TestCaseMain$startTestSuite$0.call(Unknown Source)
	at TempTestSuite1696424348948.run(TempTestSuite1696424348948.groovy:36)
Caused by: com.kms.katalon.core.exception.StepFailedException: Text 'mohon login akun terlebih dahulu' is not present on page 
	at com.kms.katalon.core.webui.keyword.internal.WebUIKeywordMain.stepFailed(WebUIKeywordMain.groovy:64)
	at com.kms.katalon.core.webui.keyword.builtin.VerifyTextPresentKeyword$_verifyTextPresent_closure1.doCall(VerifyTextPresentKeyword.groovy:79)
	at com.kms.katalon.core.webui.keyword.builtin.VerifyTextPresentKeyword$_verifyTextPresent_closure1.call(VerifyTextPresentKeyword.groovy)
	at com.kms.katalon.core.webui.keyword.internal.WebUIKeywordMain.runKeyword(WebUIKeywordMain.groovy:20)
	... 19 more
)

2023-10-04 20:03:54 - [MESSAGE][FAILED] - Text 'mohon login akun terlebih dahulu' is not present on page  (Root cause: com.kms.katalon.core.exception.StepFailedException: Text 'mohon login akun terlebih dahulu' is not present on page 
	at com.kms.katalon.core.webui.keyword.internal.WebUIKeywordMain.stepFailed(WebUIKeywordMain.groovy:64)
	at com.kms.katalon.core.webui.keyword.builtin.VerifyTextPresentKeyword$_verifyTextPresent_closure1.doCall(VerifyTextPresentKeyword.groovy:79)
	at com.kms.katalon.core.webui.keyword.builtin.VerifyTextPresentKeyword$_verifyTextPresent_closure1.call(VerifyTextPresentKeyword.groovy)
	at com.kms.katalon.core.webui.keyword.internal.WebUIKeywordMain.runKeyword(WebUIKeywordMain.groovy:20)
	at com.kms.katalon.core.webui.keyword.builtin.VerifyTextPresentKeyword.verifyTextPresent(VerifyTextPresentKeyword.groovy:83)
	at com.kms.katalon.core.webui.keyword.builtin.VerifyTextPresentKeyword.execute(VerifyTextPresentKeyword.groovy:68)
	at com.kms.katalon.core.keyword.internal.KeywordExecutor.executeKeywordForPlatform(KeywordExecutor.groovy:74)
	at com.kms.katalon.core.webui.keyword.WebUiBuiltInKeywords.verifyTextPresent(WebUiBuiltInKeywords.groovy:1723)
	at com.kms.katalon.core.webui.keyword.WebUiBuiltInKeywords$verifyTextPresent$7.call(Unknown Source)
	at PBL-011.run(PBL-011:67)
	at com.kms.katalon.core.main.ScriptEngine.run(ScriptEngine.java:194)
	at com.kms.katalon.core.main.ScriptEngine.runScriptAsRawText(ScriptEngine.java:119)
	at com.kms.katalon.core.main.TestCaseExecutor.runScript(TestCaseExecutor.java:448)
	at com.kms.katalon.core.main.TestCaseExecutor.doExecute(TestCaseExecutor.java:439)
	at com.kms.katalon.core.main.TestCaseExecutor.processExecutionPhase(TestCaseExecutor.java:418)
	at com.kms.katalon.core.main.TestCaseExecutor.accessMainPhase(TestCaseExecutor.java:410)
	at com.kms.katalon.core.main.TestCaseExecutor.execute(TestCaseExecutor.java:285)
	at com.kms.katalon.core.common.CommonExecutor.accessTestCaseMainPhase(CommonExecutor.java:65)
	at com.kms.katalon.core.main.TestSuiteExecutor.accessTestSuiteMainPhase(TestSuiteExecutor.java:148)
	at com.kms.katalon.core.main.TestSuiteExecutor.execute(TestSuiteExecutor.java:106)
	at com.kms.katalon.core.main.TestCaseMain.startTestSuite(TestCaseMain.java:187)
	at com.kms.katalon.core.main.TestCaseMain$startTestSuite$0.call(Unknown Source)
	at TempTestSuite1696424348948.run(TempTestSuite1696424348948.groovy:36)
)

2023-10-04 20:03:54 - [MESSAGE][FAILED] - Unable to verify text 'mohon login akun terlebih dahulu' is present  (Root cause: com.kms.katalon.core.exception.StepFailedException: Unable to verify text 'mohon login akun terlebih dahulu' is present 
	at com.kms.katalon.core.webui.keyword.internal.WebUIKeywordMain.stepFailed(WebUIKeywordMain.groovy:64)
	at com.kms.katalon.core.webui.keyword.internal.WebUIKeywordMain.runKeyword(WebUIKeywordMain.groovy:26)
	at com.kms.katalon.core.webui.keyword.builtin.VerifyTextPresentKeyword.verifyTextPresent(VerifyTextPresentKeyword.groovy:83)
	at com.kms.katalon.core.webui.keyword.builtin.VerifyTextPresentKeyword.execute(VerifyTextPresentKeyword.groovy:68)
	at com.kms.katalon.core.keyword.internal.KeywordExecutor.executeKeywordForPlatform(KeywordExecutor.groovy:74)
	at com.kms.katalon.core.webui.keyword.WebUiBuiltInKeywords.verifyTextPresent(WebUiBuiltInKeywords.groovy:1723)
	at com.kms.katalon.core.webui.keyword.WebUiBuiltInKeywords$verifyTextPresent$7.call(Unknown Source)
	at PBL-011.run(PBL-011:67)
	at com.kms.katalon.core.main.ScriptEngine.run(ScriptEngine.java:194)
	at com.kms.katalon.core.main.ScriptEngine.runScriptAsRawText(ScriptEngine.java:119)
	at com.kms.katalon.core.main.TestCaseExecutor.runScript(TestCaseExecutor.java:448)
	at com.kms.katalon.core.main.TestCaseExecutor.doExecute(TestCaseExecutor.java:439)
	at com.kms.katalon.core.main.TestCaseExecutor.processExecutionPhase(TestCaseExecutor.java:418)
	at com.kms.katalon.core.main.TestCaseExecutor.accessMainPhase(TestCaseExecutor.java:410)
	at com.kms.katalon.core.main.TestCaseExecutor.execute(TestCaseExecutor.java:285)
	at com.kms.katalon.core.common.CommonExecutor.accessTestCaseMainPhase(CommonExecutor.java:65)
	at com.kms.katalon.core.main.TestSuiteExecutor.accessTestSuiteMainPhase(TestSuiteExecutor.java:148)
	at com.kms.katalon.core.main.TestSuiteExecutor.execute(TestSuiteExecutor.java:106)
	at com.kms.katalon.core.main.TestCaseMain.startTestSuite(TestCaseMain.java:187)
	at com.kms.katalon.core.main.TestCaseMain$startTestSuite$0.call(Unknown Source)
	at TempTestSuite1696424348948.run(TempTestSuite1696424348948.groovy:36)
Caused by: com.kms.katalon.core.exception.StepFailedException: Text 'mohon login akun terlebih dahulu' is not present on page 
	at com.kms.katalon.core.webui.keyword.internal.WebUIKeywordMain.stepFailed(WebUIKeywordMain.groovy:64)
	at com.kms.katalon.core.webui.keyword.builtin.VerifyTextPresentKeyword$_verifyTextPresent_closure1.doCall(VerifyTextPresentKeyword.groovy:79)
	at com.kms.katalon.core.webui.keyword.builtin.VerifyTextPresentKeyword$_verifyTextPresent_closure1.call(VerifyTextPresentKeyword.groovy)
	at com.kms.katalon.core.webui.keyword.internal.WebUIKeywordMain.runKeyword(WebUIKeywordMain.groovy:20)
	... 19 more
)
[[ATTACHMENT|D:\\BOOTCAMP XSIS\\Projek 2 MINI PROJEK\\Reports\\20231004_190004\\T13 Pembelian, Shipment dan Pembayaran\\T13 Pembelian, Shipment dan Pembayaran\\20231004_195908\\1696424634424.png]]]]></system-out>
         <system-err><![CDATA[2023-10-04 20:03:22 - [TEST_CASE][FAILED] - Test Cases/T13 Pembelian, Shipment dan Pembayaran/PBL-011: Test Cases/T13 Pembelian, Shipment dan Pembayaran/PBL-011 FAILED.
Reason:
com.kms.katalon.core.exception.StepFailedException: Unable to verify text 'mohon login akun terlebih dahulu' is present 
	at com.kms.katalon.core.webui.keyword.internal.WebUIKeywordMain.stepFailed(WebUIKeywordMain.groovy:64)
	at com.kms.katalon.core.webui.keyword.internal.WebUIKeywordMain.runKeyword(WebUIKeywordMain.groovy:26)
	at com.kms.katalon.core.webui.keyword.builtin.VerifyTextPresentKeyword.verifyTextPresent(VerifyTextPresentKeyword.groovy:83)
	at com.kms.katalon.core.webui.keyword.builtin.VerifyTextPresentKeyword.execute(VerifyTextPresentKeyword.groovy:68)
	at com.kms.katalon.core.keyword.internal.KeywordExecutor.executeKeywordForPlatform(KeywordExecutor.groovy:74)
	at com.kms.katalon.core.webui.keyword.WebUiBuiltInKeywords.verifyTextPresent(WebUiBuiltInKeywords.groovy:1723)
	at com.kms.katalon.core.webui.keyword.WebUiBuiltInKeywords$verifyTextPresent$7.call(Unknown Source)
	at PBL-011.run(PBL-011:67)
	at com.kms.katalon.core.main.ScriptEngine.run(ScriptEngine.java:194)
	at com.kms.katalon.core.main.ScriptEngine.runScriptAsRawText(ScriptEngine.java:119)
	at com.kms.katalon.core.main.TestCaseExecutor.runScript(TestCaseExecutor.java:448)
	at com.kms.katalon.core.main.TestCaseExecutor.doExecute(TestCaseExecutor.java:439)
	at com.kms.katalon.core.main.TestCaseExecutor.processExecutionPhase(TestCaseExecutor.java:418)
	at com.kms.katalon.core.main.TestCaseExecutor.accessMainPhase(TestCaseExecutor.java:410)
	at com.kms.katalon.core.main.TestCaseExecutor.execute(TestCaseExecutor.java:285)
	at com.kms.katalon.core.common.CommonExecutor.accessTestCaseMainPhase(CommonExecutor.java:65)
	at com.kms.katalon.core.main.TestSuiteExecutor.accessTestSuiteMainPhase(TestSuiteExecutor.java:148)
	at com.kms.katalon.core.main.TestSuiteExecutor.execute(TestSuiteExecutor.java:106)
	at com.kms.katalon.core.main.TestCaseMain.startTestSuite(TestCaseMain.java:187)
	at com.kms.katalon.core.main.TestCaseMain$startTestSuite$0.call(Unknown Source)
	at TempTestSuite1696424348948.run(TempTestSuite1696424348948.groovy:36)
Caused by: com.kms.katalon.core.exception.StepFailedException: Text 'mohon login akun terlebih dahulu' is not present on page 
	at com.kms.katalon.core.webui.keyword.internal.WebUIKeywordMain.stepFailed(WebUIKeywordMain.groovy:64)
	at com.kms.katalon.core.webui.keyword.builtin.VerifyTextPresentKeyword$_verifyTextPresent_closure1.doCall(VerifyTextPresentKeyword.groovy:79)
	at com.kms.katalon.core.webui.keyword.builtin.VerifyTextPresentKeyword$_verifyTextPresent_closure1.call(VerifyTextPresentKeyword.groovy)
	at com.kms.katalon.core.webui.keyword.internal.WebUIKeywordMain.runKeyword(WebUIKeywordMain.groovy:20)
	... 19 more]]></system-err>
      </testcase>
      <testcase name="Test Cases/T13 Pembelian, Shipment dan Pembayaran/PBY-001" time="47.272" classname="Test Cases/T13 Pembelian, Shipment dan Pembayaran/PBY-001" status="PASSED">
         <system-out><![CDATA[2023-10-04 20:03:54 - [TEST_CASE][PASSED] - Test Cases/T13 Pembelian, Shipment dan Pembayaran/PBY-001: Test Cases/T13 Pembelian, Shipment dan Pembayaran/PBY-001

2023-10-04 20:03:55 - [TEST_STEP][PASSED] - data = callTestCase(findTestCase("T13 Pembelian, Shipment dan Pembayaran/PBL-004"), ["Kurir":"Roda 2"], STOP_ON_FAILURE): Call Test Case 'Test Cases/T13 Pembelian, Shipment dan Pembayaran/PBL-004' successfully

2023-10-04 20:03:55 - [TEST_CASE][PASSED] - Test Cases/T13 Pembelian, Shipment dan Pembayaran/PBL-004: Test Cases/T13 Pembelian, Shipment dan Pembayaran/PBL-004

2023-10-04 20:03:55 - [TEST_STEP][PASSED] - data = callTestCase(findTestCase("T13 Pembelian, Shipment dan Pembayaran/PBL-002"), [:], STOP_ON_FAILURE): Call Test Case 'Test Cases/T13 Pembelian, Shipment dan Pembayaran/PBL-002' successfully

2023-10-04 20:03:55 - [TEST_CASE][PASSED] - Test Cases/T13 Pembelian, Shipment dan Pembayaran/PBL-002: Test Cases/T13 Pembelian, Shipment dan Pembayaran/PBL-002

2023-10-04 20:03:55 - [TEST_STEP][PASSED] - data = callTestCase(findTestCase("T13 Pembelian, Shipment dan Pembayaran/PBL-001"), [:], STOP_ON_FAILURE): Call Test Case 'Test Cases/T13 Pembelian, Shipment dan Pembayaran/PBL-001' successfully

2023-10-04 20:03:55 - [TEST_CASE][PASSED] - Test Cases/T13 Pembelian, Shipment dan Pembayaran/PBL-001: Test Cases/T13 Pembelian, Shipment dan Pembayaran/PBL-001

2023-10-04 20:03:55 - [TEST_STEP][PASSED] - callTestCase(findTestCase("T13 Pembelian, Shipment dan Pembayaran/LU-001"), ["username":"irfanafandi", "password":"12345irfan"], STOP_ON_FAILURE): Call Test Case 'Test Cases/T13 Pembelian, Shipment dan Pembayaran/LU-001' successfully

2023-10-04 20:03:55 - [TEST_CASE][PASSED] - Test Cases/T13 Pembelian, Shipment dan Pembayaran/LU-001: Test Cases/T13 Pembelian, Shipment dan Pembayaran/LU-001

2023-10-04 20:03:55 - [TEST_STEP][PASSED] - openBrowser("https://10.9.2.63/ecommerce/"): Browser is opened with url: 'https://10.9.2.63/ecommerce/'

2023-10-04 20:03:55 - [MESSAGE][WARNING] - A browser is already opened. Closing browser and opening a new one

2023-10-04 20:03:56 - [MESSAGE][INFO] - Starting 'Firefox' driver

2023-10-04 20:03:56 - [MESSAGE][INFO] - User set preference: ['args', '[--disable-notifications]']

2023-10-04 20:03:56 - [MESSAGE][INFO] - Action delay is set to 0 milliseconds

2023-10-04 20:04:01 - [MESSAGE][PASSED] - Browser is opened with url: 'https://10.9.2.63/ecommerce/'

2023-10-04 20:04:01 - [TEST_STEP][PASSED] - maximizeWindow(): Current window maximized

2023-10-04 20:04:01 - [MESSAGE][PASSED] - Current window maximized

2023-10-04 20:04:01 - [TEST_STEP][PASSED] - verifyElementPresent(findTestObject("Login/Home"), 0): Object 'Object Repository/Login/Home' is present

2023-10-04 20:04:01 - [MESSAGE][WARNING] - Timeout '0' is invalid. Using default page load timeout: '30'

2023-10-04 20:04:02 - [MESSAGE][PASSED] - Object 'Object Repository/Login/Home' is present

2023-10-04 20:04:02 - [TEST_STEP][PASSED] - click(findTestObject("Login/a_Login")): Object: 'Object Repository/Login/a_Login' is clicked on

2023-10-04 20:04:02 - [MESSAGE][PASSED] - Object: 'Object Repository/Login/a_Login' is clicked on

2023-10-04 20:04:02 - [TEST_STEP][PASSED] - verifyElementPresent(findTestObject("Login/Tittle Login"), 0): Object 'Object Repository/Login/Tittle Login' is present

2023-10-04 20:04:02 - [MESSAGE][WARNING] - Timeout '0' is invalid. Using default page load timeout: '30'

2023-10-04 20:04:03 - [MESSAGE][PASSED] - Object 'Object Repository/Login/Tittle Login' is present

2023-10-04 20:04:03 - [TEST_STEP][PASSED] - setText(findTestObject("Login/input_Username, Email atau No. Handphone_a"), username): Text 'irfanafandi' is set on object 'Object Repository/Login/input_Username, Email atau No. Handphone_a'

2023-10-04 20:04:03 - [MESSAGE][PASSED] - Text 'irfanafandi' is set on object 'Object Repository/Login/input_Username, Email atau No. Handphone_a'

2023-10-04 20:04:03 - [TEST_STEP][PASSED] - setText(findTestObject("Login/input_Password_b"), password): Text '12345irfan' is set on object 'Object Repository/Login/input_Password_b'

2023-10-04 20:04:04 - [MESSAGE][PASSED] - Text '12345irfan' is set on object 'Object Repository/Login/input_Password_b'

2023-10-04 20:04:04 - [TEST_STEP][PASSED] - click(findTestObject("Login/label_Ingat saya")): Object: 'Object Repository/Login/label_Ingat saya' is clicked on

2023-10-04 20:04:05 - [MESSAGE][PASSED] - Object: 'Object Repository/Login/label_Ingat saya' is clicked on

2023-10-04 20:04:05 - [TEST_STEP][PASSED] - click(findTestObject("Login/button_Masuk")): Object: 'Object Repository/Login/button_Masuk' is clicked on

2023-10-04 20:04:05 - [MESSAGE][PASSED] - Object: 'Object Repository/Login/button_Masuk' is clicked on

2023-10-04 20:04:05 - [TEST_STEP][PASSED] - verifyElementPresent(findTestObject("Login/li_Profile"), 0): Object 'Object Repository/Login/li_Profile' is present

2023-10-04 20:04:05 - [MESSAGE][WARNING] - Timeout '0' is invalid. Using default page load timeout: '30'

2023-10-04 20:04:06 - [MESSAGE][PASSED] - Object 'Object Repository/Login/li_Profile' is present

2023-10-04 20:04:06 - [MESSAGE][PASSED] - Call Test Case 'Test Cases/T13 Pembelian, Shipment dan Pembayaran/LU-001' successfully

2023-10-04 20:04:06 - [TEST_STEP][PASSED] - mouseOver(findTestObject("beli barang/i_Mulai Belanja_icon-menu")): Object: 'Object Repository/beli barang/i_Mulai Belanja_icon-menu' is hovered

2023-10-04 20:04:07 - [MESSAGE][PASSED] - Object: 'Object Repository/beli barang/i_Mulai Belanja_icon-menu' is hovered

2023-10-04 20:04:07 - [TEST_STEP][PASSED] - click(findTestObject("beli barang/a_Fashion  Busana Wanita")): Object: 'Object Repository/beli barang/a_Fashion  Busana Wanita' is clicked on

2023-10-04 20:04:08 - [MESSAGE][PASSED] - Object: 'Object Repository/beli barang/a_Fashion  Busana Wanita' is clicked on

2023-10-04 20:04:08 - [TEST_STEP][PASSED] - NamaSebelum = getText(findTestObject("verifikasi/Nama sebelum")): Text of object 'Object Repository/verifikasi/Nama sebelum' is: ''

2023-10-04 20:04:08 - [MESSAGE][PASSED] - Text of object 'Object Repository/verifikasi/Nama sebelum' is: ''

2023-10-04 20:04:08 - [TEST_STEP][PASSED] - HargaSebelum = getText(findTestObject("verifikasi/Harga sebelum")): Text of object 'Object Repository/verifikasi/Harga sebelum' is: 'Rp 1,299'

2023-10-04 20:04:09 - [MESSAGE][PASSED] - Text of object 'Object Repository/verifikasi/Harga sebelum' is: 'Rp 1,299'

2023-10-04 20:04:09 - [TEST_STEP][PASSED] - mouseOver(findTestObject("beli barang/barang mouse over")): Object: 'Object Repository/beli barang/barang mouse over' is hovered

2023-10-04 20:04:09 - [MESSAGE][PASSED] - Object: 'Object Repository/beli barang/barang mouse over' is hovered

2023-10-04 20:04:09 - [TEST_STEP][PASSED] - click(findTestObject("beli barang/buttom add to cart")): Object: 'Object Repository/beli barang/buttom add to cart' is clicked on

2023-10-04 20:04:10 - [MESSAGE][PASSED] - Object: 'Object Repository/beli barang/buttom add to cart' is clicked on

2023-10-04 20:04:10 - [TEST_STEP][PASSED] - NamaSesudah = getText(findTestObject("verifikasi/Nama sesudah")): Text of object 'Object Repository/verifikasi/Nama sesudah' is: 'Segitiga Instan Madeira - MDB5.3 Sunset'

2023-10-04 20:04:11 - [MESSAGE][PASSED] - Text of object 'Object Repository/verifikasi/Nama sesudah' is: 'Segitiga Instan Madeira - MDB5.3 Sunset'

2023-10-04 20:04:11 - [TEST_STEP][PASSED] - HargaSesudah = getText(findTestObject("verifikasi/Harga sesudah")): Text of object 'Object Repository/verifikasi/Harga sesudah' is: 'Rp 1,299'

2023-10-04 20:04:11 - [MESSAGE][PASSED] - Text of object 'Object Repository/verifikasi/Harga sesudah' is: 'Rp 1,299'

2023-10-04 20:04:11 - [TEST_STEP][PASSED] - assert NamaSesudah.contains(NamaSebelum): null

2023-10-04 20:04:11 - [TEST_STEP][PASSED] - assert HargaSesudah.contains(HargaSebelum): null

2023-10-04 20:04:11 - [TEST_STEP][PASSED] - click(findTestObject("beli barang/Tambah Keranjang busana wanita")): Object: 'Object Repository/beli barang/Tambah Keranjang busana wanita' is clicked on

2023-10-04 20:04:12 - [MESSAGE][PASSED] - Object: 'Object Repository/beli barang/Tambah Keranjang busana wanita' is clicked on

2023-10-04 20:04:12 - [TEST_STEP][PASSED] - verifyElementPresent(findTestObject("checkout/Notifikasi keranjang"), 1): Object 'Object Repository/checkout/Notifikasi keranjang' is present

2023-10-04 20:04:13 - [MESSAGE][PASSED] - Object 'Object Repository/checkout/Notifikasi keranjang' is present

2023-10-04 20:04:13 - [TEST_STEP][PASSED] - data = new java.util.HashMap(): null

2023-10-04 20:04:13 - [TEST_STEP][PASSED] - data.put("nama_barang", NamaSesudah): null

2023-10-04 20:04:13 - [TEST_STEP][PASSED] - data.put("price_barang", HargaSesudah): null

2023-10-04 20:04:13 - [TEST_STEP][PASSED] - return data: null

2023-10-04 20:04:13 - [MESSAGE][PASSED] - Call Test Case 'Test Cases/T13 Pembelian, Shipment dan Pembayaran/PBL-001' successfully

2023-10-04 20:04:13 - [TEST_STEP][PASSED] - mouseOver(findTestObject("beli barang/keranjang")): Object: 'Object Repository/beli barang/keranjang' is hovered

2023-10-04 20:04:13 - [MESSAGE][PASSED] - Object: 'Object Repository/beli barang/keranjang' is hovered

2023-10-04 20:04:13 - [TEST_STEP][PASSED] - click(findTestObject("beli barang/Lihat Sekarang")): Object: 'Object Repository/beli barang/Lihat Sekarang' is clicked on

2023-10-04 20:04:14 - [MESSAGE][PASSED] - Object: 'Object Repository/beli barang/Lihat Sekarang' is clicked on

2023-10-04 20:04:14 - [TEST_STEP][PASSED] - verifyElementPresent(findTestObject("keranjang/li_Keranjang Belanja"), 0): Object 'Object Repository/keranjang/li_Keranjang Belanja' is present

2023-10-04 20:04:14 - [MESSAGE][WARNING] - Timeout '0' is invalid. Using default page load timeout: '30'

2023-10-04 20:04:16 - [MESSAGE][PASSED] - Object 'Object Repository/keranjang/li_Keranjang Belanja' is present

2023-10-04 20:04:16 - [TEST_STEP][PASSED] - NamaKeranjang = getText(findTestObject("verifikasi/Nama keranjang")): Text of object 'Object Repository/verifikasi/Nama keranjang' is: 'Segitiga Instan Madeira - MDB5.3 Sunset'

2023-10-04 20:04:16 - [MESSAGE][PASSED] - Text of object 'Object Repository/verifikasi/Nama keranjang' is: 'Segitiga Instan Madeira - MDB5.3 Sunset'

2023-10-04 20:04:16 - [TEST_STEP][PASSED] - HargaKeranjang = getText(findTestObject("verifikasi/Harga Keranjang")): Text of object 'Object Repository/verifikasi/Harga Keranjang' is: 'Rp 1,299'

2023-10-04 20:04:16 - [MESSAGE][PASSED] - Text of object 'Object Repository/verifikasi/Harga Keranjang' is: 'Rp 1,299'

2023-10-04 20:04:16 - [TEST_STEP][PASSED] - if (toString().equalsIgnoreCase("Merah")): Object 'Object Repository/keranjang/input_Warna_variasi101' is checked

2023-10-04 20:04:16 - [TEST_STEP][PASSED] - check(findTestObject("Object Repository/keranjang/input_Warna_variasi101")): Object 'Object Repository/keranjang/input_Warna_variasi101' is checked

2023-10-04 20:04:17 - [MESSAGE][PASSED] - Object 'Object Repository/keranjang/input_Warna_variasi101' is checked

2023-10-04 20:04:17 - [TEST_STEP][PASSED] - if (toString().equalsIgnoreCase("Menengah")): Object 'Object Repository/keranjang/input_Ukuran_variasi201' is checked

2023-10-04 20:04:17 - [TEST_STEP][PASSED] - check(findTestObject("Object Repository/keranjang/input_Ukuran_variasi201")): Object 'Object Repository/keranjang/input_Ukuran_variasi201' is checked

2023-10-04 20:04:17 - [MESSAGE][PASSED] - Object 'Object Repository/keranjang/input_Ukuran_variasi201' is checked

2023-10-04 20:04:17 - [TEST_STEP][PASSED] - data.put("Warna", warna): null

2023-10-04 20:04:17 - [TEST_STEP][PASSED] - data.put("Ukuran", ukuran): null

2023-10-04 20:04:17 - [TEST_STEP][PASSED] - click(findTestObject("keranjang/button_Lanjut ke Pembayaran")): Object: 'Object Repository/keranjang/button_Lanjut ke Pembayaran' is clicked on

2023-10-04 20:04:19 - [MESSAGE][PASSED] - Object: 'Object Repository/keranjang/button_Lanjut ke Pembayaran' is clicked on

2023-10-04 20:04:19 - [TEST_STEP][PASSED] - verifyElementPresent(findTestObject("checkout/Tittle Checkout Order"), 0): Object 'Object Repository/checkout/Tittle Checkout Order' is present

2023-10-04 20:04:19 - [MESSAGE][WARNING] - Timeout '0' is invalid. Using default page load timeout: '30'

2023-10-04 20:04:19 - [MESSAGE][PASSED] - Object 'Object Repository/checkout/Tittle Checkout Order' is present

2023-10-04 20:04:19 - [TEST_STEP][PASSED] - name_product = data.get("nama_barang"): null

2023-10-04 20:04:19 - [TEST_STEP][PASSED] - price_product = data.get("price_barang"): null

2023-10-04 20:04:19 - [TEST_STEP][PASSED] - assert name_product == NamaKeranjang: null

2023-10-04 20:04:19 - [TEST_STEP][PASSED] - assert price_product == HargaKeranjang: null

2023-10-04 20:04:19 - [TEST_STEP][PASSED] - return data: null

2023-10-04 20:04:19 - [MESSAGE][PASSED] - Call Test Case 'Test Cases/T13 Pembelian, Shipment dan Pembayaran/PBL-002' successfully

2023-10-04 20:04:19 - [TEST_STEP][PASSED] - warnaa = getText(findTestObject("verifikasi/warna Merah")): Text of object 'Object Repository/verifikasi/warna Merah' is: 'Merah'

2023-10-04 20:04:20 - [MESSAGE][PASSED] - Text of object 'Object Repository/verifikasi/warna Merah' is: 'Merah'

2023-10-04 20:04:20 - [TEST_STEP][PASSED] - ukurann = getText(findTestObject("verifikasi/Ukuran Menengah")): Text of object 'Object Repository/verifikasi/Ukuran Menengah' is: 'Menengah'

2023-10-04 20:04:20 - [MESSAGE][PASSED] - Text of object 'Object Repository/verifikasi/Ukuran Menengah' is: 'Menengah'

2023-10-04 20:04:20 - [TEST_STEP][PASSED] - warna1 = data.get("Warna"): null

2023-10-04 20:04:20 - [TEST_STEP][PASSED] - ukuran1 = data.get("Ukuran"): null

2023-10-04 20:04:20 - [TEST_STEP][PASSED] - assert warnaa == warna1: null

2023-10-04 20:04:20 - [TEST_STEP][PASSED] - assert ukurann == ukuran1: null

2023-10-04 20:04:20 - [TEST_STEP][PASSED] - NamaCheckout = getText(findTestObject("verifikasi/NamaCheckout")): Text of object 'Object Repository/verifikasi/NamaCheckout' is: ''

2023-10-04 20:04:20 - [MESSAGE][PASSED] - Text of object 'Object Repository/verifikasi/NamaCheckout' is: ''

2023-10-04 20:04:20 - [TEST_STEP][PASSED] - HargaCheckout = getText(findTestObject("verifikasi/HargaCheckout")): Text of object 'Object Repository/verifikasi/HargaCheckout' is: '1,299'

2023-10-04 20:04:21 - [MESSAGE][PASSED] - Text of object 'Object Repository/verifikasi/HargaCheckout' is: '1,299'

2023-10-04 20:04:21 - [TEST_STEP][PASSED] - name_product = data.get("nama_barang"): null

2023-10-04 20:04:21 - [TEST_STEP][PASSED] - price_product = data.get("price_barang"): null

2023-10-04 20:04:21 - [TEST_STEP][PASSED] - assert name_product.contains(NamaCheckout): null

2023-10-04 20:04:21 - [TEST_STEP][PASSED] - assert price_product.contains(HargaCheckout): null

2023-10-04 20:04:21 - [TEST_STEP][PASSED] - selectOptionByLabel(findTestObject("checkout/select - Kirim via Kurir Lokal"), Kurir, false): All options with label 'Roda 2' are selected in object 'Object Repository/checkout/select - Kirim via Kurir Lokal' 

2023-10-04 20:04:22 - [MESSAGE][PASSED] - All options with label 'Roda 2' are selected in object 'Object Repository/checkout/select - Kirim via Kurir Lokal' 

2023-10-04 20:04:22 - [TEST_STEP][PASSED] - click(findTestObject("checkout/Kendaraan Kurir")): Object: 'Object Repository/checkout/Kendaraan Kurir' is clicked on

2023-10-04 20:04:22 - [MESSAGE][PASSED] - Object: 'Object Repository/checkout/Kendaraan Kurir' is clicked on

2023-10-04 20:04:22 - [TEST_STEP][PASSED] - OngkosKirim = getText(findTestObject("Object Repository/verifikasi/Ongkos Kirim checkout")): Text of object 'Object Repository/verifikasi/Ongkos Kirim checkout' is: 'Rp. 5,000'

2023-10-04 20:04:23 - [MESSAGE][PASSED] - Text of object 'Object Repository/verifikasi/Ongkos Kirim checkout' is: 'Rp. 5,000'

2023-10-04 20:04:23 - [TEST_STEP][PASSED] - Ongkos = OngkosKirim.substring(3, OngkosKirim.size()): null

2023-10-04 20:04:23 - [TEST_STEP][PASSED] - rep = Ongkos.replace(",", "."): null

2023-10-04 20:04:23 - [TEST_STEP][PASSED] - Ongkos_kirim = Double.parseDouble(rep): null

2023-10-04 20:04:23 - [TEST_STEP][PASSED] - println(Ongkos_kirim): null

2023-10-04 20:04:23 - [TEST_STEP][PASSED] - FeeAdmin = getText(findTestObject("verifikasi/Fee Admin checkout")): Text of object 'Object Repository/verifikasi/Fee Admin checkout' is: 'Fee Admin
Rp 1,500'

2023-10-04 20:04:23 - [MESSAGE][PASSED] - Text of object 'Object Repository/verifikasi/Fee Admin checkout' is: 'Fee Admin
Rp 1,500'

2023-10-04 20:04:23 - [TEST_STEP][PASSED] - Fee_Admin = FeeAdmin.substring(12, FeeAdmin.size()): null

2023-10-04 20:04:23 - [TEST_STEP][PASSED] - fee = Fee_Admin.replace(",", "."): null

2023-10-04 20:04:23 - [TEST_STEP][PASSED] - fee_admin = Double.parseDouble(fee): null

2023-10-04 20:04:23 - [TEST_STEP][PASSED] - println(fee_admin): null

2023-10-04 20:04:23 - [TEST_STEP][PASSED] - Subtotal = getText(findTestObject("verifikasi/subtotal checkout")): Text of object 'Object Repository/verifikasi/subtotal checkout' is: 'Subtotal
Rp 1,299'

2023-10-04 20:04:23 - [MESSAGE][PASSED] - Text of object 'Object Repository/verifikasi/subtotal checkout' is: 'Subtotal
Rp 1,299'

2023-10-04 20:04:23 - [TEST_STEP][PASSED] - sub_total = Subtotal.substring(12, Subtotal.size()): null

2023-10-04 20:04:23 - [TEST_STEP][PASSED] - sub = sub_total.replace(",", "."): null

2023-10-04 20:04:23 - [TEST_STEP][PASSED] - sub_total = Double.parseDouble(sub): null

2023-10-04 20:04:23 - [TEST_STEP][PASSED] - println(sub_total): null

2023-10-04 20:04:23 - [TEST_STEP][PASSED] - Total = getText(findTestObject("verifikasi/Total checkout")): Text of object 'Object Repository/verifikasi/Total checkout' is: 'Rp 7,799'

2023-10-04 20:04:24 - [MESSAGE][PASSED] - Text of object 'Object Repository/verifikasi/Total checkout' is: 'Rp 7,799'

2023-10-04 20:04:24 - [TEST_STEP][PASSED] - totall = Total.substring(3, Total.size()): null

2023-10-04 20:04:24 - [TEST_STEP][PASSED] - total = totall.replace(",", "."): null

2023-10-04 20:04:24 - [TEST_STEP][PASSED] - totall = Double.parseDouble(total): null

2023-10-04 20:04:24 - [TEST_STEP][PASSED] - println(totall): null

2023-10-04 20:04:24 - [TEST_STEP][PASSED] - Total_Harga = Ongkos_kirim + fee_admin + sub_total: null

2023-10-04 20:04:24 - [TEST_STEP][PASSED] - println(Total_Harga): null

2023-10-04 20:04:24 - [TEST_STEP][PASSED] - TotalHarga = Math.round(Total_Harga * 1000) / 1000: null

2023-10-04 20:04:24 - [TEST_STEP][PASSED] - println(TotalHarga): null

2023-10-04 20:04:24 - [TEST_STEP][PASSED] - assert totall == TotalHarga: null

2023-10-04 20:04:24 - [TEST_STEP][PASSED] - click(findTestObject("verifikasi/Metode Transfer")): Object: 'Object Repository/verifikasi/Metode Transfer' is clicked on

2023-10-04 20:04:25 - [MESSAGE][PASSED] - Object: 'Object Repository/verifikasi/Metode Transfer' is clicked on

2023-10-04 20:04:25 - [TEST_STEP][PASSED] - click(findTestObject("checkout/button_Proses Pembayaran")): Object: 'Object Repository/checkout/button_Proses Pembayaran' is clicked on

2023-10-04 20:04:31 - [MESSAGE][PASSED] - Object: 'Object Repository/checkout/button_Proses Pembayaran' is clicked on

2023-10-04 20:04:31 - [TEST_STEP][PASSED] - verifyElementPresent(findTestObject("pembayaran/Tittle nomor invoice"), 0): Object 'Object Repository/pembayaran/Tittle nomor invoice' is present

2023-10-04 20:04:31 - [MESSAGE][WARNING] - Timeout '0' is invalid. Using default page load timeout: '30'

2023-10-04 20:04:35 - [MESSAGE][PASSED] - Object 'Object Repository/pembayaran/Tittle nomor invoice' is present

2023-10-04 20:04:35 - [TEST_STEP][PASSED] - return data: null

2023-10-04 20:04:35 - [MESSAGE][PASSED] - Call Test Case 'Test Cases/T13 Pembelian, Shipment dan Pembayaran/PBL-004' successfully

2023-10-04 20:04:35 - [TEST_STEP][PASSED] - Invoice = getText(findTestObject("pembayaran/nomor invoice")): Text of object 'Object Repository/pembayaran/nomor invoice' is: 'TRX60.20231004200426'

2023-10-04 20:04:36 - [MESSAGE][PASSED] - Text of object 'Object Repository/pembayaran/nomor invoice' is: 'TRX60.20231004200426'

2023-10-04 20:04:36 - [TEST_STEP][PASSED] - data.put("invoice", Invoice): null

2023-10-04 20:04:36 - [TEST_STEP][PASSED] - NamaPemesan = getText(findTestObject("Konfirmasi pesanan shop/Nama pemesan")): Text of object 'Object Repository/Konfirmasi pesanan shop/Nama pemesan' is: 'irfan.afandi'

2023-10-04 20:04:36 - [MESSAGE][PASSED] - Text of object 'Object Repository/Konfirmasi pesanan shop/Nama pemesan' is: 'irfan.afandi'

2023-10-04 20:04:36 - [TEST_STEP][PASSED] - Nama = getText(findTestObject("pembayaran/Nama barang")): Text of object 'Object Repository/pembayaran/Nama barang' is: 'Segitiga Instan Madeira - MDB5.3 Sunset'

2023-10-04 20:04:37 - [MESSAGE][PASSED] - Text of object 'Object Repository/pembayaran/Nama barang' is: 'Segitiga Instan Madeira - MDB5.3 Sunset'

2023-10-04 20:04:37 - [TEST_STEP][PASSED] - Harga = getText(findTestObject("pembayaran/Harga barang")): Text of object 'Object Repository/pembayaran/Harga barang' is: '1,299'

2023-10-04 20:04:37 - [MESSAGE][PASSED] - Text of object 'Object Repository/pembayaran/Harga barang' is: '1,299'

2023-10-04 20:04:37 - [TEST_STEP][PASSED] - name_product = data.get("nama_barang"): null

2023-10-04 20:04:37 - [TEST_STEP][PASSED] - price_product = data.get("price_barang"): null

2023-10-04 20:04:37 - [TEST_STEP][PASSED] - assert name_product.contains(Nama): null

2023-10-04 20:04:37 - [TEST_STEP][PASSED] - assert price_product.contains(Harga): null

2023-10-04 20:04:37 - [TEST_STEP][PASSED] - warnaa = getText(findTestObject("pembayaran/warna")): Text of object 'Object Repository/pembayaran/warna' is: 'Merah'

2023-10-04 20:04:38 - [MESSAGE][PASSED] - Text of object 'Object Repository/pembayaran/warna' is: 'Merah'

2023-10-04 20:04:38 - [TEST_STEP][PASSED] - ukurann = getText(findTestObject("pembayaran/ukuran")): Text of object 'Object Repository/pembayaran/ukuran' is: 'Menengah'

2023-10-04 20:04:38 - [MESSAGE][PASSED] - Text of object 'Object Repository/pembayaran/ukuran' is: 'Menengah'

2023-10-04 20:04:38 - [TEST_STEP][PASSED] - warna1 = data.get("Warna"): null

2023-10-04 20:04:38 - [TEST_STEP][PASSED] - ukuran1 = data.get("Ukuran"): null

2023-10-04 20:04:38 - [TEST_STEP][PASSED] - assert warnaa == warna1: null

2023-10-04 20:04:38 - [TEST_STEP][PASSED] - assert ukurann == ukuran1: null

2023-10-04 20:04:38 - [TEST_STEP][PASSED] - statusPembelian = getText(findTestObject("verifikasi/Status pending di pembelian")): Text of object 'Object Repository/verifikasi/Status pending di pembelian' is: 'Pending'

2023-10-04 20:04:39 - [MESSAGE][PASSED] - Text of object 'Object Repository/verifikasi/Status pending di pembelian' is: 'Pending'

2023-10-04 20:04:39 - [TEST_STEP][PASSED] - data.put("statusPem", statusPembelian): null

2023-10-04 20:04:39 - [TEST_STEP][PASSED] - OngkosKirim = getText(findTestObject("pembayaran/ongkos kirim")): Text of object 'Object Repository/pembayaran/ongkos kirim' is: 'Rp 5,000'

2023-10-04 20:04:39 - [MESSAGE][PASSED] - Text of object 'Object Repository/pembayaran/ongkos kirim' is: 'Rp 5,000'

2023-10-04 20:04:39 - [TEST_STEP][PASSED] - Ongkos = OngkosKirim.substring(3, OngkosKirim.size()): null

2023-10-04 20:04:39 - [TEST_STEP][PASSED] - rep = Ongkos.replace(",", ""): null

2023-10-04 20:04:39 - [TEST_STEP][PASSED] - Ongkos_kirimm = Integer.parseInt(rep): null

2023-10-04 20:04:39 - [TEST_STEP][PASSED] - println(Ongkos_kirimm): null

2023-10-04 20:04:39 - [TEST_STEP][PASSED] - FeeAdmin = getText(findTestObject("pembayaran/fee admin")): Text of object 'Object Repository/pembayaran/fee admin' is: 'Rp 1,500'

2023-10-04 20:04:40 - [MESSAGE][PASSED] - Text of object 'Object Repository/pembayaran/fee admin' is: 'Rp 1,500'

2023-10-04 20:04:40 - [TEST_STEP][PASSED] - Fee_Admin = FeeAdmin.substring(3, FeeAdmin.size()): null

2023-10-04 20:04:40 - [TEST_STEP][PASSED] - fee = Fee_Admin.replace(",", ""): null

2023-10-04 20:04:40 - [TEST_STEP][PASSED] - fee_adminn = Integer.parseInt(fee): null

2023-10-04 20:04:40 - [TEST_STEP][PASSED] - println(fee_adminn): null

2023-10-04 20:04:40 - [TEST_STEP][PASSED] - Subtotal = getText(findTestObject("pembayaran/subtotal")): Text of object 'Object Repository/pembayaran/subtotal' is: 'Rp 1,299'

2023-10-04 20:04:40 - [MESSAGE][PASSED] - Text of object 'Object Repository/pembayaran/subtotal' is: 'Rp 1,299'

2023-10-04 20:04:40 - [TEST_STEP][PASSED] - sub_total = Subtotal.substring(3, Subtotal.size()): null

2023-10-04 20:04:40 - [TEST_STEP][PASSED] - sub = sub_total.replace(",", ""): null

2023-10-04 20:04:40 - [TEST_STEP][PASSED] - sub_totall = Integer.parseInt(sub): null

2023-10-04 20:04:40 - [TEST_STEP][PASSED] - println(sub_totall): null

2023-10-04 20:04:40 - [TEST_STEP][PASSED] - unik = getText(findTestObject("pembayaran/kode unik")): Text of object 'Object Repository/pembayaran/kode unik' is: '+426'

2023-10-04 20:04:41 - [MESSAGE][PASSED] - Text of object 'Object Repository/pembayaran/kode unik' is: '+426'

2023-10-04 20:04:41 - [TEST_STEP][PASSED] - unikk = unik.replace("+", ""): null

2023-10-04 20:04:41 - [TEST_STEP][PASSED] - kode_unik = Integer.parseInt(unikk): null

2023-10-04 20:04:41 - [TEST_STEP][PASSED] - println(kode_unik): null

2023-10-04 20:04:41 - [TEST_STEP][PASSED] - Total = getText(findTestObject("pembayaran/total")): Text of object 'Object Repository/pembayaran/total' is: '8,225'

2023-10-04 20:04:41 - [MESSAGE][PASSED] - Text of object 'Object Repository/pembayaran/total' is: '8,225'

2023-10-04 20:04:41 - [TEST_STEP][PASSED] - total = Total.replace(",", ""): null

2023-10-04 20:04:41 - [TEST_STEP][PASSED] - totalll = Integer.parseInt(total): null

2023-10-04 20:04:41 - [TEST_STEP][PASSED] - println(totalll): null

2023-10-04 20:04:41 - [TEST_STEP][PASSED] - Total_Hargaa = Ongkos_kirimm + fee_adminn + sub_totall + kode_unik: null

2023-10-04 20:04:41 - [TEST_STEP][PASSED] - println(Total_Hargaa): null

2023-10-04 20:04:41 - [TEST_STEP][PASSED] - assert totalll == Total_Hargaa: null

2023-10-04 20:04:41 - [TEST_STEP][PASSED] - data.put("total", Total): null

2023-10-04 20:04:41 - [TEST_STEP][PASSED] - data.put("nama", NamaPemesan): null

2023-10-04 20:04:41 - [TEST_STEP][PASSED] - return data: null]]></system-out>
         <system-err><![CDATA[]]></system-err>
      </testcase>
      <testcase name="Test Cases/T13 Pembelian, Shipment dan Pembayaran/PBY-002" time="44.123" classname="Test Cases/T13 Pembelian, Shipment dan Pembayaran/PBY-002" status="PASSED">
         <system-out><![CDATA[2023-10-04 20:04:41 - [TEST_CASE][PASSED] - Test Cases/T13 Pembelian, Shipment dan Pembayaran/PBY-002: Test Cases/T13 Pembelian, Shipment dan Pembayaran/PBY-002

2023-10-04 20:04:42 - [TEST_STEP][PASSED] - data = callTestCase(findTestCase("T13 Pembelian, Shipment dan Pembayaran/PBL-005"), ["Kurir":"Roda 2", "tf":"transfer"], STOP_ON_FAILURE): Call Test Case 'Test Cases/T13 Pembelian, Shipment dan Pembayaran/PBL-005' successfully

2023-10-04 20:04:42 - [TEST_CASE][PASSED] - Test Cases/T13 Pembelian, Shipment dan Pembayaran/PBL-005: Test Cases/T13 Pembelian, Shipment dan Pembayaran/PBL-005

2023-10-04 20:04:42 - [TEST_STEP][PASSED] - data = callTestCase(findTestCase("T13 Pembelian, Shipment dan Pembayaran/PBL-002"), [:], STOP_ON_FAILURE): Call Test Case 'Test Cases/T13 Pembelian, Shipment dan Pembayaran/PBL-002' successfully

2023-10-04 20:04:42 - [TEST_CASE][PASSED] - Test Cases/T13 Pembelian, Shipment dan Pembayaran/PBL-002: Test Cases/T13 Pembelian, Shipment dan Pembayaran/PBL-002

2023-10-04 20:04:42 - [TEST_STEP][PASSED] - data = callTestCase(findTestCase("T13 Pembelian, Shipment dan Pembayaran/PBL-001"), [:], STOP_ON_FAILURE): Call Test Case 'Test Cases/T13 Pembelian, Shipment dan Pembayaran/PBL-001' successfully

2023-10-04 20:04:42 - [TEST_CASE][PASSED] - Test Cases/T13 Pembelian, Shipment dan Pembayaran/PBL-001: Test Cases/T13 Pembelian, Shipment dan Pembayaran/PBL-001

2023-10-04 20:04:42 - [TEST_STEP][PASSED] - callTestCase(findTestCase("T13 Pembelian, Shipment dan Pembayaran/LU-001"), ["username":"irfanafandi", "password":"12345irfan"], STOP_ON_FAILURE): Call Test Case 'Test Cases/T13 Pembelian, Shipment dan Pembayaran/LU-001' successfully

2023-10-04 20:04:42 - [TEST_CASE][PASSED] - Test Cases/T13 Pembelian, Shipment dan Pembayaran/LU-001: Test Cases/T13 Pembelian, Shipment dan Pembayaran/LU-001

2023-10-04 20:04:42 - [TEST_STEP][PASSED] - openBrowser("https://10.9.2.63/ecommerce/"): Browser is opened with url: 'https://10.9.2.63/ecommerce/'

2023-10-04 20:04:42 - [MESSAGE][WARNING] - A browser is already opened. Closing browser and opening a new one

2023-10-04 20:04:43 - [MESSAGE][INFO] - Starting 'Firefox' driver

2023-10-04 20:04:43 - [MESSAGE][INFO] - User set preference: ['args', '[--disable-notifications]']

2023-10-04 20:04:43 - [MESSAGE][INFO] - Action delay is set to 0 milliseconds

2023-10-04 20:04:48 - [MESSAGE][PASSED] - Browser is opened with url: 'https://10.9.2.63/ecommerce/'

2023-10-04 20:04:48 - [TEST_STEP][PASSED] - maximizeWindow(): Current window maximized

2023-10-04 20:04:48 - [MESSAGE][PASSED] - Current window maximized

2023-10-04 20:04:48 - [TEST_STEP][PASSED] - verifyElementPresent(findTestObject("Login/Home"), 0): Object 'Object Repository/Login/Home' is present

2023-10-04 20:04:48 - [MESSAGE][WARNING] - Timeout '0' is invalid. Using default page load timeout: '30'

2023-10-04 20:04:49 - [MESSAGE][PASSED] - Object 'Object Repository/Login/Home' is present

2023-10-04 20:04:49 - [TEST_STEP][PASSED] - click(findTestObject("Login/a_Login")): Object: 'Object Repository/Login/a_Login' is clicked on

2023-10-04 20:04:49 - [MESSAGE][PASSED] - Object: 'Object Repository/Login/a_Login' is clicked on

2023-10-04 20:04:49 - [TEST_STEP][PASSED] - verifyElementPresent(findTestObject("Login/Tittle Login"), 0): Object 'Object Repository/Login/Tittle Login' is present

2023-10-04 20:04:49 - [MESSAGE][WARNING] - Timeout '0' is invalid. Using default page load timeout: '30'

2023-10-04 20:04:50 - [MESSAGE][PASSED] - Object 'Object Repository/Login/Tittle Login' is present

2023-10-04 20:04:50 - [TEST_STEP][PASSED] - setText(findTestObject("Login/input_Username, Email atau No. Handphone_a"), username): Text 'irfanafandi' is set on object 'Object Repository/Login/input_Username, Email atau No. Handphone_a'

2023-10-04 20:04:50 - [MESSAGE][PASSED] - Text 'irfanafandi' is set on object 'Object Repository/Login/input_Username, Email atau No. Handphone_a'

2023-10-04 20:04:50 - [TEST_STEP][PASSED] - setText(findTestObject("Login/input_Password_b"), password): Text '12345irfan' is set on object 'Object Repository/Login/input_Password_b'

2023-10-04 20:04:51 - [MESSAGE][PASSED] - Text '12345irfan' is set on object 'Object Repository/Login/input_Password_b'

2023-10-04 20:04:51 - [TEST_STEP][PASSED] - click(findTestObject("Login/label_Ingat saya")): Object: 'Object Repository/Login/label_Ingat saya' is clicked on

2023-10-04 20:04:51 - [MESSAGE][PASSED] - Object: 'Object Repository/Login/label_Ingat saya' is clicked on

2023-10-04 20:04:51 - [TEST_STEP][PASSED] - click(findTestObject("Login/button_Masuk")): Object: 'Object Repository/Login/button_Masuk' is clicked on

2023-10-04 20:04:52 - [MESSAGE][PASSED] - Object: 'Object Repository/Login/button_Masuk' is clicked on

2023-10-04 20:04:52 - [TEST_STEP][PASSED] - verifyElementPresent(findTestObject("Login/li_Profile"), 0): Object 'Object Repository/Login/li_Profile' is present

2023-10-04 20:04:52 - [MESSAGE][WARNING] - Timeout '0' is invalid. Using default page load timeout: '30'

2023-10-04 20:04:53 - [MESSAGE][PASSED] - Object 'Object Repository/Login/li_Profile' is present

2023-10-04 20:04:53 - [MESSAGE][PASSED] - Call Test Case 'Test Cases/T13 Pembelian, Shipment dan Pembayaran/LU-001' successfully

2023-10-04 20:04:53 - [TEST_STEP][PASSED] - mouseOver(findTestObject("beli barang/i_Mulai Belanja_icon-menu")): Object: 'Object Repository/beli barang/i_Mulai Belanja_icon-menu' is hovered

2023-10-04 20:04:53 - [MESSAGE][PASSED] - Object: 'Object Repository/beli barang/i_Mulai Belanja_icon-menu' is hovered

2023-10-04 20:04:53 - [TEST_STEP][PASSED] - click(findTestObject("beli barang/a_Fashion  Busana Wanita")): Object: 'Object Repository/beli barang/a_Fashion  Busana Wanita' is clicked on

2023-10-04 20:04:54 - [MESSAGE][PASSED] - Object: 'Object Repository/beli barang/a_Fashion  Busana Wanita' is clicked on

2023-10-04 20:04:54 - [TEST_STEP][PASSED] - NamaSebelum = getText(findTestObject("verifikasi/Nama sebelum")): Text of object 'Object Repository/verifikasi/Nama sebelum' is: ''

2023-10-04 20:04:55 - [MESSAGE][PASSED] - Text of object 'Object Repository/verifikasi/Nama sebelum' is: ''

2023-10-04 20:04:55 - [TEST_STEP][PASSED] - HargaSebelum = getText(findTestObject("verifikasi/Harga sebelum")): Text of object 'Object Repository/verifikasi/Harga sebelum' is: 'Rp 1,299'

2023-10-04 20:04:55 - [MESSAGE][PASSED] - Text of object 'Object Repository/verifikasi/Harga sebelum' is: 'Rp 1,299'

2023-10-04 20:04:55 - [TEST_STEP][PASSED] - mouseOver(findTestObject("beli barang/barang mouse over")): Object: 'Object Repository/beli barang/barang mouse over' is hovered

2023-10-04 20:04:56 - [MESSAGE][PASSED] - Object: 'Object Repository/beli barang/barang mouse over' is hovered

2023-10-04 20:04:56 - [TEST_STEP][PASSED] - click(findTestObject("beli barang/buttom add to cart")): Object: 'Object Repository/beli barang/buttom add to cart' is clicked on

2023-10-04 20:04:57 - [MESSAGE][PASSED] - Object: 'Object Repository/beli barang/buttom add to cart' is clicked on

2023-10-04 20:04:57 - [TEST_STEP][PASSED] - NamaSesudah = getText(findTestObject("verifikasi/Nama sesudah")): Text of object 'Object Repository/verifikasi/Nama sesudah' is: 'Segitiga Instan Madeira - MDB5.3 Sunset'

2023-10-04 20:04:58 - [MESSAGE][PASSED] - Text of object 'Object Repository/verifikasi/Nama sesudah' is: 'Segitiga Instan Madeira - MDB5.3 Sunset'

2023-10-04 20:04:58 - [TEST_STEP][PASSED] - HargaSesudah = getText(findTestObject("verifikasi/Harga sesudah")): Text of object 'Object Repository/verifikasi/Harga sesudah' is: 'Rp 1,299'

2023-10-04 20:04:58 - [MESSAGE][PASSED] - Text of object 'Object Repository/verifikasi/Harga sesudah' is: 'Rp 1,299'

2023-10-04 20:04:58 - [TEST_STEP][PASSED] - assert NamaSesudah.contains(NamaSebelum): null

2023-10-04 20:04:58 - [TEST_STEP][PASSED] - assert HargaSesudah.contains(HargaSebelum): null

2023-10-04 20:04:58 - [TEST_STEP][PASSED] - click(findTestObject("beli barang/Tambah Keranjang busana wanita")): Object: 'Object Repository/beli barang/Tambah Keranjang busana wanita' is clicked on

2023-10-04 20:04:59 - [MESSAGE][PASSED] - Object: 'Object Repository/beli barang/Tambah Keranjang busana wanita' is clicked on

2023-10-04 20:04:59 - [TEST_STEP][PASSED] - verifyElementPresent(findTestObject("checkout/Notifikasi keranjang"), 1): Object 'Object Repository/checkout/Notifikasi keranjang' is present

2023-10-04 20:04:59 - [MESSAGE][PASSED] - Object 'Object Repository/checkout/Notifikasi keranjang' is present

2023-10-04 20:04:59 - [TEST_STEP][PASSED] - data = new java.util.HashMap(): null

2023-10-04 20:04:59 - [TEST_STEP][PASSED] - data.put("nama_barang", NamaSesudah): null

2023-10-04 20:04:59 - [TEST_STEP][PASSED] - data.put("price_barang", HargaSesudah): null

2023-10-04 20:04:59 - [TEST_STEP][PASSED] - return data: null

2023-10-04 20:04:59 - [MESSAGE][PASSED] - Call Test Case 'Test Cases/T13 Pembelian, Shipment dan Pembayaran/PBL-001' successfully

2023-10-04 20:04:59 - [TEST_STEP][PASSED] - mouseOver(findTestObject("beli barang/keranjang")): Object: 'Object Repository/beli barang/keranjang' is hovered

2023-10-04 20:05:00 - [MESSAGE][PASSED] - Object: 'Object Repository/beli barang/keranjang' is hovered

2023-10-04 20:05:00 - [TEST_STEP][PASSED] - click(findTestObject("beli barang/Lihat Sekarang")): Object: 'Object Repository/beli barang/Lihat Sekarang' is clicked on

2023-10-04 20:05:01 - [MESSAGE][PASSED] - Object: 'Object Repository/beli barang/Lihat Sekarang' is clicked on

2023-10-04 20:05:01 - [TEST_STEP][PASSED] - verifyElementPresent(findTestObject("keranjang/li_Keranjang Belanja"), 0): Object 'Object Repository/keranjang/li_Keranjang Belanja' is present

2023-10-04 20:05:01 - [MESSAGE][WARNING] - Timeout '0' is invalid. Using default page load timeout: '30'

2023-10-04 20:05:02 - [MESSAGE][PASSED] - Object 'Object Repository/keranjang/li_Keranjang Belanja' is present

2023-10-04 20:05:02 - [TEST_STEP][PASSED] - NamaKeranjang = getText(findTestObject("verifikasi/Nama keranjang")): Text of object 'Object Repository/verifikasi/Nama keranjang' is: 'Segitiga Instan Madeira - MDB5.3 Sunset'

2023-10-04 20:05:03 - [MESSAGE][PASSED] - Text of object 'Object Repository/verifikasi/Nama keranjang' is: 'Segitiga Instan Madeira - MDB5.3 Sunset'

2023-10-04 20:05:03 - [TEST_STEP][PASSED] - HargaKeranjang = getText(findTestObject("verifikasi/Harga Keranjang")): Text of object 'Object Repository/verifikasi/Harga Keranjang' is: 'Rp 1,299'

2023-10-04 20:05:03 - [MESSAGE][PASSED] - Text of object 'Object Repository/verifikasi/Harga Keranjang' is: 'Rp 1,299'

2023-10-04 20:05:03 - [TEST_STEP][PASSED] - if (toString().equalsIgnoreCase("Merah")): Object 'Object Repository/keranjang/input_Warna_variasi101' is checked

2023-10-04 20:05:03 - [TEST_STEP][PASSED] - check(findTestObject("Object Repository/keranjang/input_Warna_variasi101")): Object 'Object Repository/keranjang/input_Warna_variasi101' is checked

2023-10-04 20:05:03 - [MESSAGE][PASSED] - Object 'Object Repository/keranjang/input_Warna_variasi101' is checked

2023-10-04 20:05:03 - [TEST_STEP][PASSED] - if (toString().equalsIgnoreCase("Menengah")): Object 'Object Repository/keranjang/input_Ukuran_variasi201' is checked

2023-10-04 20:05:03 - [TEST_STEP][PASSED] - check(findTestObject("Object Repository/keranjang/input_Ukuran_variasi201")): Object 'Object Repository/keranjang/input_Ukuran_variasi201' is checked

2023-10-04 20:05:04 - [MESSAGE][PASSED] - Object 'Object Repository/keranjang/input_Ukuran_variasi201' is checked

2023-10-04 20:05:04 - [TEST_STEP][PASSED] - data.put("Warna", warna): null

2023-10-04 20:05:04 - [TEST_STEP][PASSED] - data.put("Ukuran", ukuran): null

2023-10-04 20:05:04 - [TEST_STEP][PASSED] - click(findTestObject("keranjang/button_Lanjut ke Pembayaran")): Object: 'Object Repository/keranjang/button_Lanjut ke Pembayaran' is clicked on

2023-10-04 20:05:05 - [MESSAGE][PASSED] - Object: 'Object Repository/keranjang/button_Lanjut ke Pembayaran' is clicked on

2023-10-04 20:05:05 - [TEST_STEP][PASSED] - verifyElementPresent(findTestObject("checkout/Tittle Checkout Order"), 0): Object 'Object Repository/checkout/Tittle Checkout Order' is present

2023-10-04 20:05:05 - [MESSAGE][WARNING] - Timeout '0' is invalid. Using default page load timeout: '30'

2023-10-04 20:05:06 - [MESSAGE][PASSED] - Object 'Object Repository/checkout/Tittle Checkout Order' is present

2023-10-04 20:05:06 - [TEST_STEP][PASSED] - name_product = data.get("nama_barang"): null

2023-10-04 20:05:06 - [TEST_STEP][PASSED] - price_product = data.get("price_barang"): null

2023-10-04 20:05:06 - [TEST_STEP][PASSED] - assert name_product == NamaKeranjang: null

2023-10-04 20:05:06 - [TEST_STEP][PASSED] - assert price_product == HargaKeranjang: null

2023-10-04 20:05:06 - [TEST_STEP][PASSED] - return data: null

2023-10-04 20:05:06 - [MESSAGE][PASSED] - Call Test Case 'Test Cases/T13 Pembelian, Shipment dan Pembayaran/PBL-002' successfully

2023-10-04 20:05:06 - [TEST_STEP][PASSED] - warnaa = getText(findTestObject("verifikasi/warna Merah")): Text of object 'Object Repository/verifikasi/warna Merah' is: 'Merah'

2023-10-04 20:05:06 - [MESSAGE][PASSED] - Text of object 'Object Repository/verifikasi/warna Merah' is: 'Merah'

2023-10-04 20:05:06 - [TEST_STEP][PASSED] - ukurann = getText(findTestObject("verifikasi/Ukuran Menengah")): Text of object 'Object Repository/verifikasi/Ukuran Menengah' is: 'Menengah'

2023-10-04 20:05:06 - [MESSAGE][PASSED] - Text of object 'Object Repository/verifikasi/Ukuran Menengah' is: 'Menengah'

2023-10-04 20:05:06 - [TEST_STEP][PASSED] - warna1 = data.get("Warna"): null

2023-10-04 20:05:06 - [TEST_STEP][PASSED] - ukuran1 = data.get("Ukuran"): null

2023-10-04 20:05:06 - [TEST_STEP][PASSED] - assert warnaa == warna1: null

2023-10-04 20:05:06 - [TEST_STEP][PASSED] - assert ukurann == ukuran1: null

2023-10-04 20:05:06 - [TEST_STEP][PASSED] - NamaCheckout = getText(findTestObject("verifikasi/NamaCheckout")): Text of object 'Object Repository/verifikasi/NamaCheckout' is: ''

2023-10-04 20:05:07 - [MESSAGE][PASSED] - Text of object 'Object Repository/verifikasi/NamaCheckout' is: ''

2023-10-04 20:05:07 - [TEST_STEP][PASSED] - HargaCheckout = getText(findTestObject("verifikasi/HargaCheckout")): Text of object 'Object Repository/verifikasi/HargaCheckout' is: '1,299'

2023-10-04 20:05:07 - [MESSAGE][PASSED] - Text of object 'Object Repository/verifikasi/HargaCheckout' is: '1,299'

2023-10-04 20:05:07 - [TEST_STEP][PASSED] - name_product = data.get("nama_barang"): null

2023-10-04 20:05:07 - [TEST_STEP][PASSED] - price_product = data.get("price_barang"): null

2023-10-04 20:05:07 - [TEST_STEP][PASSED] - assert name_product.contains(NamaCheckout): null

2023-10-04 20:05:07 - [TEST_STEP][PASSED] - assert price_product.contains(HargaCheckout): null

2023-10-04 20:05:07 - [TEST_STEP][PASSED] - selectOptionByLabel(findTestObject("checkout/select - Kirim via Kurir Lokal"), Kurir, false): All options with label 'Roda 2' are selected in object 'Object Repository/checkout/select - Kirim via Kurir Lokal' 

2023-10-04 20:05:08 - [MESSAGE][PASSED] - All options with label 'Roda 2' are selected in object 'Object Repository/checkout/select - Kirim via Kurir Lokal' 

2023-10-04 20:05:08 - [TEST_STEP][PASSED] - click(findTestObject("checkout/Kendaraan Kurir")): Object: 'Object Repository/checkout/Kendaraan Kurir' is clicked on

2023-10-04 20:05:09 - [MESSAGE][PASSED] - Object: 'Object Repository/checkout/Kendaraan Kurir' is clicked on

2023-10-04 20:05:09 - [TEST_STEP][PASSED] - OngkosKirim = getText(findTestObject("Object Repository/verifikasi/Ongkos Kirim checkout")): Text of object 'Object Repository/verifikasi/Ongkos Kirim checkout' is: 'Rp. 5,000'

2023-10-04 20:05:09 - [MESSAGE][PASSED] - Text of object 'Object Repository/verifikasi/Ongkos Kirim checkout' is: 'Rp. 5,000'

2023-10-04 20:05:09 - [TEST_STEP][PASSED] - Ongkos = OngkosKirim.substring(3, OngkosKirim.size()): null

2023-10-04 20:05:09 - [TEST_STEP][PASSED] - rep = Ongkos.replace(",", "."): null

2023-10-04 20:05:09 - [TEST_STEP][PASSED] - Ongkos_kirim = Double.parseDouble(rep): null

2023-10-04 20:05:09 - [TEST_STEP][PASSED] - println(Ongkos_kirim): null

2023-10-04 20:05:09 - [TEST_STEP][PASSED] - FeeAdmin = getText(findTestObject("verifikasi/Fee Admin checkout")): Text of object 'Object Repository/verifikasi/Fee Admin checkout' is: 'Fee Admin
Rp 1,500'

2023-10-04 20:05:09 - [MESSAGE][PASSED] - Text of object 'Object Repository/verifikasi/Fee Admin checkout' is: 'Fee Admin
Rp 1,500'

2023-10-04 20:05:09 - [TEST_STEP][PASSED] - Fee_Admin = FeeAdmin.substring(12, FeeAdmin.size()): null

2023-10-04 20:05:09 - [TEST_STEP][PASSED] - fee = Fee_Admin.replace(",", "."): null

2023-10-04 20:05:09 - [TEST_STEP][PASSED] - fee_admin = Double.parseDouble(fee): null

2023-10-04 20:05:09 - [TEST_STEP][PASSED] - println(fee_admin): null

2023-10-04 20:05:09 - [TEST_STEP][PASSED] - Subtotal = getText(findTestObject("verifikasi/subtotal checkout")): Text of object 'Object Repository/verifikasi/subtotal checkout' is: 'Subtotal
Rp 1,299'

2023-10-04 20:05:10 - [MESSAGE][PASSED] - Text of object 'Object Repository/verifikasi/subtotal checkout' is: 'Subtotal
Rp 1,299'

2023-10-04 20:05:10 - [TEST_STEP][PASSED] - sub_total = Subtotal.substring(12, Subtotal.size()): null

2023-10-04 20:05:10 - [TEST_STEP][PASSED] - sub = sub_total.replace(",", "."): null

2023-10-04 20:05:10 - [TEST_STEP][PASSED] - sub_total = Double.parseDouble(sub): null

2023-10-04 20:05:10 - [TEST_STEP][PASSED] - println(sub_total): null

2023-10-04 20:05:10 - [TEST_STEP][PASSED] - Total = getText(findTestObject("verifikasi/Total checkout")): Text of object 'Object Repository/verifikasi/Total checkout' is: 'Rp 7,799'

2023-10-04 20:05:10 - [MESSAGE][PASSED] - Text of object 'Object Repository/verifikasi/Total checkout' is: 'Rp 7,799'

2023-10-04 20:05:10 - [TEST_STEP][PASSED] - totall = Total.substring(3, Total.size()): null

2023-10-04 20:05:10 - [TEST_STEP][PASSED] - total = totall.replace(",", "."): null

2023-10-04 20:05:10 - [TEST_STEP][PASSED] - totall = Double.parseDouble(total): null

2023-10-04 20:05:10 - [TEST_STEP][PASSED] - println(totall): null

2023-10-04 20:05:10 - [TEST_STEP][PASSED] - Total_Harga = Ongkos_kirim + fee_admin + sub_total: null

2023-10-04 20:05:10 - [TEST_STEP][PASSED] - println(Total_Harga): null

2023-10-04 20:05:10 - [TEST_STEP][PASSED] - TotalHarga = Math.round(Total_Harga * 1000) / 1000: null

2023-10-04 20:05:10 - [TEST_STEP][PASSED] - println(TotalHarga): null

2023-10-04 20:05:10 - [TEST_STEP][PASSED] - assert totall == TotalHarga: null

2023-10-04 20:05:10 - [TEST_STEP][PASSED] - click(findTestObject("Object Repository/checkout/metode pembayaran")): Object: 'Object Repository/checkout/metode pembayaran' is clicked on

2023-10-04 20:05:11 - [MESSAGE][PASSED] - Object: 'Object Repository/checkout/metode pembayaran' is clicked on

2023-10-04 20:05:11 - [TEST_STEP][PASSED] - click(findTestObject("checkout/button_Proses Pembayaran")): Object: 'Object Repository/checkout/button_Proses Pembayaran' is clicked on

2023-10-04 20:05:16 - [MESSAGE][PASSED] - Object: 'Object Repository/checkout/button_Proses Pembayaran' is clicked on

2023-10-04 20:05:16 - [TEST_STEP][PASSED] - verifyElementPresent(findTestObject("pembayaran/Tittle nomor invoice"), 0): Object 'Object Repository/pembayaran/Tittle nomor invoice' is present

2023-10-04 20:05:16 - [MESSAGE][WARNING] - Timeout '0' is invalid. Using default page load timeout: '30'

2023-10-04 20:05:22 - [MESSAGE][PASSED] - Object 'Object Repository/pembayaran/Tittle nomor invoice' is present

2023-10-04 20:05:22 - [TEST_STEP][PASSED] - return data: null

2023-10-04 20:05:22 - [MESSAGE][PASSED] - Call Test Case 'Test Cases/T13 Pembelian, Shipment dan Pembayaran/PBL-005' successfully

2023-10-04 20:05:22 - [TEST_STEP][PASSED] - Invoice = getText(findTestObject("pembayaran/nomor invoice")): Text of object 'Object Repository/pembayaran/nomor invoice' is: 'TRX60.20231004200512'

2023-10-04 20:05:22 - [MESSAGE][PASSED] - Text of object 'Object Repository/pembayaran/nomor invoice' is: 'TRX60.20231004200512'

2023-10-04 20:05:22 - [TEST_STEP][PASSED] - NamaPemesan = getText(findTestObject("Konfirmasi pesanan shop/Nama pemesan")): Text of object 'Object Repository/Konfirmasi pesanan shop/Nama pemesan' is: 'irfan.afandi'

2023-10-04 20:05:23 - [MESSAGE][PASSED] - Text of object 'Object Repository/Konfirmasi pesanan shop/Nama pemesan' is: 'irfan.afandi'

2023-10-04 20:05:23 - [TEST_STEP][PASSED] - data.put("invoice", Invoice): null

2023-10-04 20:05:23 - [TEST_STEP][PASSED] - Nama = getText(findTestObject("pembayaran/Nama barang")): Text of object 'Object Repository/pembayaran/Nama barang' is: 'Segitiga Instan Madeira - MDB5.3 Sunset'

2023-10-04 20:05:23 - [MESSAGE][PASSED] - Text of object 'Object Repository/pembayaran/Nama barang' is: 'Segitiga Instan Madeira - MDB5.3 Sunset'

2023-10-04 20:05:23 - [TEST_STEP][PASSED] - Harga = getText(findTestObject("pembayaran/Harga barang")): Text of object 'Object Repository/pembayaran/Harga barang' is: '1,299'

2023-10-04 20:05:23 - [MESSAGE][PASSED] - Text of object 'Object Repository/pembayaran/Harga barang' is: '1,299'

2023-10-04 20:05:23 - [TEST_STEP][PASSED] - name_product = data.get("nama_barang"): null

2023-10-04 20:05:23 - [TEST_STEP][PASSED] - price_product = data.get("price_barang"): null

2023-10-04 20:05:23 - [TEST_STEP][PASSED] - assert name_product.contains(Nama): null

2023-10-04 20:05:23 - [TEST_STEP][PASSED] - assert price_product.contains(Harga): null

2023-10-04 20:05:23 - [TEST_STEP][PASSED] - warnaa = getText(findTestObject("pembayaran/warna")): Text of object 'Object Repository/pembayaran/warna' is: 'Merah'

2023-10-04 20:05:24 - [MESSAGE][PASSED] - Text of object 'Object Repository/pembayaran/warna' is: 'Merah'

2023-10-04 20:05:24 - [TEST_STEP][PASSED] - ukurann = getText(findTestObject("pembayaran/ukuran")): Text of object 'Object Repository/pembayaran/ukuran' is: 'Menengah'

2023-10-04 20:05:24 - [MESSAGE][PASSED] - Text of object 'Object Repository/pembayaran/ukuran' is: 'Menengah'

2023-10-04 20:05:24 - [TEST_STEP][PASSED] - warna1 = data.get("Warna"): null

2023-10-04 20:05:24 - [TEST_STEP][PASSED] - ukuran1 = data.get("Ukuran"): null

2023-10-04 20:05:24 - [TEST_STEP][PASSED] - assert warnaa == warna1: null

2023-10-04 20:05:24 - [TEST_STEP][PASSED] - assert ukurann == ukuran1: null

2023-10-04 20:05:24 - [TEST_STEP][PASSED] - OngkosKirim = getText(findTestObject("pembayaran/ongkos kirim")): Text of object 'Object Repository/pembayaran/ongkos kirim' is: 'Rp 5,000'

2023-10-04 20:05:24 - [MESSAGE][PASSED] - Text of object 'Object Repository/pembayaran/ongkos kirim' is: 'Rp 5,000'

2023-10-04 20:05:24 - [TEST_STEP][PASSED] - Ongkos = OngkosKirim.substring(3, OngkosKirim.size()): null

2023-10-04 20:05:24 - [TEST_STEP][PASSED] - rep = Ongkos.replace(",", ""): null

2023-10-04 20:05:24 - [TEST_STEP][PASSED] - Ongkos_kirimm = Integer.parseInt(rep): null

2023-10-04 20:05:24 - [TEST_STEP][PASSED] - println(Ongkos_kirimm): null

2023-10-04 20:05:24 - [TEST_STEP][PASSED] - FeeAdmin = getText(findTestObject("pembayaran/fee admin")): Text of object 'Object Repository/pembayaran/fee admin' is: 'Rp 1,500'

2023-10-04 20:05:25 - [MESSAGE][PASSED] - Text of object 'Object Repository/pembayaran/fee admin' is: 'Rp 1,500'

2023-10-04 20:05:25 - [TEST_STEP][PASSED] - Fee_Admin = FeeAdmin.substring(3, FeeAdmin.size()): null

2023-10-04 20:05:25 - [TEST_STEP][PASSED] - fee = Fee_Admin.replace(",", ""): null

2023-10-04 20:05:25 - [TEST_STEP][PASSED] - fee_adminn = Integer.parseInt(fee): null

2023-10-04 20:05:25 - [TEST_STEP][PASSED] - println(fee_adminn): null

2023-10-04 20:05:25 - [TEST_STEP][PASSED] - Subtotal = getText(findTestObject("pembayaran/subtotal")): Text of object 'Object Repository/pembayaran/subtotal' is: 'Rp 1,299'

2023-10-04 20:05:25 - [MESSAGE][PASSED] - Text of object 'Object Repository/pembayaran/subtotal' is: 'Rp 1,299'

2023-10-04 20:05:25 - [TEST_STEP][PASSED] - sub_total = Subtotal.substring(3, Subtotal.size()): null

2023-10-04 20:05:25 - [TEST_STEP][PASSED] - sub = sub_total.replace(",", ""): null

2023-10-04 20:05:25 - [TEST_STEP][PASSED] - sub_totall = Integer.parseInt(sub): null

2023-10-04 20:05:25 - [TEST_STEP][PASSED] - println(sub_totall): null

2023-10-04 20:05:25 - [TEST_STEP][PASSED] - unik = getText(findTestObject("pembayaran/kode unik")): Text of object 'Object Repository/pembayaran/kode unik' is: '+512'

2023-10-04 20:05:25 - [MESSAGE][PASSED] - Text of object 'Object Repository/pembayaran/kode unik' is: '+512'

2023-10-04 20:05:25 - [TEST_STEP][PASSED] - unikk = unik.replace("+", ""): null

2023-10-04 20:05:25 - [TEST_STEP][PASSED] - kode_unik = Integer.parseInt(unikk): null

2023-10-04 20:05:25 - [TEST_STEP][PASSED] - println(kode_unik): null

2023-10-04 20:05:25 - [TEST_STEP][PASSED] - Total = getText(findTestObject("pembayaran/total")): Text of object 'Object Repository/pembayaran/total' is: '8,311'

2023-10-04 20:05:26 - [MESSAGE][PASSED] - Text of object 'Object Repository/pembayaran/total' is: '8,311'

2023-10-04 20:05:26 - [TEST_STEP][PASSED] - total = Total.replace(",", ""): null

2023-10-04 20:05:26 - [TEST_STEP][PASSED] - totalll = Integer.parseInt(total): null

2023-10-04 20:05:26 - [TEST_STEP][PASSED] - println(totalll): null

2023-10-04 20:05:26 - [TEST_STEP][PASSED] - Total_Hargaa = Ongkos_kirimm + fee_adminn + sub_totall + kode_unik: null

2023-10-04 20:05:26 - [TEST_STEP][PASSED] - println(Total_Hargaa): null

2023-10-04 20:05:26 - [TEST_STEP][PASSED] - assert totalll == Total_Hargaa: null

2023-10-04 20:05:26 - [TEST_STEP][PASSED] - data.put("total", Total): null

2023-10-04 20:05:26 - [TEST_STEP][PASSED] - data.put("nama", NamaPemesan): null

2023-10-04 20:05:26 - [TEST_STEP][PASSED] - return data: null]]></system-out>
         <system-err><![CDATA[]]></system-err>
      </testcase>
      <testcase name="Test Cases/T13 Pembelian, Shipment dan Pembayaran/PBY-003" time="62.256" classname="Test Cases/T13 Pembelian, Shipment dan Pembayaran/PBY-003" status="PASSED">
         <system-out><![CDATA[2023-10-04 20:05:26 - [TEST_CASE][PASSED] - Test Cases/T13 Pembelian, Shipment dan Pembayaran/PBY-003: Test Cases/T13 Pembelian, Shipment dan Pembayaran/PBY-003

2023-10-04 20:05:26 - [TEST_STEP][PASSED] - data = callTestCase(findTestCase("T13 Pembelian, Shipment dan Pembayaran/PBY-001"), [:], STOP_ON_FAILURE): Call Test Case 'Test Cases/T13 Pembelian, Shipment dan Pembayaran/PBY-001' successfully

2023-10-04 20:05:26 - [TEST_CASE][PASSED] - Test Cases/T13 Pembelian, Shipment dan Pembayaran/PBY-001: Test Cases/T13 Pembelian, Shipment dan Pembayaran/PBY-001

2023-10-04 20:05:26 - [TEST_STEP][PASSED] - data = callTestCase(findTestCase("T13 Pembelian, Shipment dan Pembayaran/PBL-004"), ["Kurir":"Roda 2"], STOP_ON_FAILURE): Call Test Case 'Test Cases/T13 Pembelian, Shipment dan Pembayaran/PBL-004' successfully

2023-10-04 20:05:26 - [TEST_CASE][PASSED] - Test Cases/T13 Pembelian, Shipment dan Pembayaran/PBL-004: Test Cases/T13 Pembelian, Shipment dan Pembayaran/PBL-004

2023-10-04 20:05:26 - [TEST_STEP][PASSED] - data = callTestCase(findTestCase("T13 Pembelian, Shipment dan Pembayaran/PBL-002"), [:], STOP_ON_FAILURE): Call Test Case 'Test Cases/T13 Pembelian, Shipment dan Pembayaran/PBL-002' successfully

2023-10-04 20:05:26 - [TEST_CASE][PASSED] - Test Cases/T13 Pembelian, Shipment dan Pembayaran/PBL-002: Test Cases/T13 Pembelian, Shipment dan Pembayaran/PBL-002

2023-10-04 20:05:26 - [TEST_STEP][PASSED] - data = callTestCase(findTestCase("T13 Pembelian, Shipment dan Pembayaran/PBL-001"), [:], STOP_ON_FAILURE): Call Test Case 'Test Cases/T13 Pembelian, Shipment dan Pembayaran/PBL-001' successfully

2023-10-04 20:05:26 - [TEST_CASE][PASSED] - Test Cases/T13 Pembelian, Shipment dan Pembayaran/PBL-001: Test Cases/T13 Pembelian, Shipment dan Pembayaran/PBL-001

2023-10-04 20:05:26 - [TEST_STEP][PASSED] - callTestCase(findTestCase("T13 Pembelian, Shipment dan Pembayaran/LU-001"), ["username":"irfanafandi", "password":"12345irfan"], STOP_ON_FAILURE): Call Test Case 'Test Cases/T13 Pembelian, Shipment dan Pembayaran/LU-001' successfully

2023-10-04 20:05:26 - [TEST_CASE][PASSED] - Test Cases/T13 Pembelian, Shipment dan Pembayaran/LU-001: Test Cases/T13 Pembelian, Shipment dan Pembayaran/LU-001

2023-10-04 20:05:26 - [TEST_STEP][PASSED] - openBrowser("https://10.9.2.63/ecommerce/"): Browser is opened with url: 'https://10.9.2.63/ecommerce/'

2023-10-04 20:05:26 - [MESSAGE][WARNING] - A browser is already opened. Closing browser and opening a new one

2023-10-04 20:05:27 - [MESSAGE][INFO] - Starting 'Firefox' driver

2023-10-04 20:05:27 - [MESSAGE][INFO] - User set preference: ['args', '[--disable-notifications]']

2023-10-04 20:05:27 - [MESSAGE][INFO] - Action delay is set to 0 milliseconds

2023-10-04 20:05:32 - [MESSAGE][PASSED] - Browser is opened with url: 'https://10.9.2.63/ecommerce/'

2023-10-04 20:05:32 - [TEST_STEP][PASSED] - maximizeWindow(): Current window maximized

2023-10-04 20:05:32 - [MESSAGE][PASSED] - Current window maximized

2023-10-04 20:05:32 - [TEST_STEP][PASSED] - verifyElementPresent(findTestObject("Login/Home"), 0): Object 'Object Repository/Login/Home' is present

2023-10-04 20:05:32 - [MESSAGE][WARNING] - Timeout '0' is invalid. Using default page load timeout: '30'

2023-10-04 20:05:33 - [MESSAGE][PASSED] - Object 'Object Repository/Login/Home' is present

2023-10-04 20:05:33 - [TEST_STEP][PASSED] - click(findTestObject("Login/a_Login")): Object: 'Object Repository/Login/a_Login' is clicked on

2023-10-04 20:05:33 - [MESSAGE][PASSED] - Object: 'Object Repository/Login/a_Login' is clicked on

2023-10-04 20:05:33 - [TEST_STEP][PASSED] - verifyElementPresent(findTestObject("Login/Tittle Login"), 0): Object 'Object Repository/Login/Tittle Login' is present

2023-10-04 20:05:33 - [MESSAGE][WARNING] - Timeout '0' is invalid. Using default page load timeout: '30'

2023-10-04 20:05:34 - [MESSAGE][PASSED] - Object 'Object Repository/Login/Tittle Login' is present

2023-10-04 20:05:34 - [TEST_STEP][PASSED] - setText(findTestObject("Login/input_Username, Email atau No. Handphone_a"), username): Text 'irfanafandi' is set on object 'Object Repository/Login/input_Username, Email atau No. Handphone_a'

2023-10-04 20:05:34 - [MESSAGE][PASSED] - Text 'irfanafandi' is set on object 'Object Repository/Login/input_Username, Email atau No. Handphone_a'

2023-10-04 20:05:34 - [TEST_STEP][PASSED] - setText(findTestObject("Login/input_Password_b"), password): Text '12345irfan' is set on object 'Object Repository/Login/input_Password_b'

2023-10-04 20:05:35 - [MESSAGE][PASSED] - Text '12345irfan' is set on object 'Object Repository/Login/input_Password_b'

2023-10-04 20:05:35 - [TEST_STEP][PASSED] - click(findTestObject("Login/label_Ingat saya")): Object: 'Object Repository/Login/label_Ingat saya' is clicked on

2023-10-04 20:05:36 - [MESSAGE][PASSED] - Object: 'Object Repository/Login/label_Ingat saya' is clicked on

2023-10-04 20:05:36 - [TEST_STEP][PASSED] - click(findTestObject("Login/button_Masuk")): Object: 'Object Repository/Login/button_Masuk' is clicked on

2023-10-04 20:05:37 - [MESSAGE][PASSED] - Object: 'Object Repository/Login/button_Masuk' is clicked on

2023-10-04 20:05:37 - [TEST_STEP][PASSED] - verifyElementPresent(findTestObject("Login/li_Profile"), 0): Object 'Object Repository/Login/li_Profile' is present

2023-10-04 20:05:37 - [MESSAGE][WARNING] - Timeout '0' is invalid. Using default page load timeout: '30'

2023-10-04 20:05:37 - [MESSAGE][PASSED] - Object 'Object Repository/Login/li_Profile' is present

2023-10-04 20:05:37 - [MESSAGE][PASSED] - Call Test Case 'Test Cases/T13 Pembelian, Shipment dan Pembayaran/LU-001' successfully

2023-10-04 20:05:37 - [TEST_STEP][PASSED] - mouseOver(findTestObject("beli barang/i_Mulai Belanja_icon-menu")): Object: 'Object Repository/beli barang/i_Mulai Belanja_icon-menu' is hovered

2023-10-04 20:05:38 - [MESSAGE][PASSED] - Object: 'Object Repository/beli barang/i_Mulai Belanja_icon-menu' is hovered

2023-10-04 20:05:38 - [TEST_STEP][PASSED] - click(findTestObject("beli barang/a_Fashion  Busana Wanita")): Object: 'Object Repository/beli barang/a_Fashion  Busana Wanita' is clicked on

2023-10-04 20:05:39 - [MESSAGE][PASSED] - Object: 'Object Repository/beli barang/a_Fashion  Busana Wanita' is clicked on

2023-10-04 20:05:39 - [TEST_STEP][PASSED] - NamaSebelum = getText(findTestObject("verifikasi/Nama sebelum")): Text of object 'Object Repository/verifikasi/Nama sebelum' is: ''

2023-10-04 20:05:40 - [MESSAGE][PASSED] - Text of object 'Object Repository/verifikasi/Nama sebelum' is: ''

2023-10-04 20:05:40 - [TEST_STEP][PASSED] - HargaSebelum = getText(findTestObject("verifikasi/Harga sebelum")): Text of object 'Object Repository/verifikasi/Harga sebelum' is: 'Rp 1,299'

2023-10-04 20:05:40 - [MESSAGE][PASSED] - Text of object 'Object Repository/verifikasi/Harga sebelum' is: 'Rp 1,299'

2023-10-04 20:05:40 - [TEST_STEP][PASSED] - mouseOver(findTestObject("beli barang/barang mouse over")): Object: 'Object Repository/beli barang/barang mouse over' is hovered

2023-10-04 20:05:41 - [MESSAGE][PASSED] - Object: 'Object Repository/beli barang/barang mouse over' is hovered

2023-10-04 20:05:41 - [TEST_STEP][PASSED] - click(findTestObject("beli barang/buttom add to cart")): Object: 'Object Repository/beli barang/buttom add to cart' is clicked on

2023-10-04 20:05:42 - [MESSAGE][PASSED] - Object: 'Object Repository/beli barang/buttom add to cart' is clicked on

2023-10-04 20:05:42 - [TEST_STEP][PASSED] - NamaSesudah = getText(findTestObject("verifikasi/Nama sesudah")): Text of object 'Object Repository/verifikasi/Nama sesudah' is: 'Segitiga Instan Madeira - MDB5.3 Sunset'

2023-10-04 20:05:43 - [MESSAGE][PASSED] - Text of object 'Object Repository/verifikasi/Nama sesudah' is: 'Segitiga Instan Madeira - MDB5.3 Sunset'

2023-10-04 20:05:43 - [TEST_STEP][PASSED] - HargaSesudah = getText(findTestObject("verifikasi/Harga sesudah")): Text of object 'Object Repository/verifikasi/Harga sesudah' is: 'Rp 1,299'

2023-10-04 20:05:43 - [MESSAGE][PASSED] - Text of object 'Object Repository/verifikasi/Harga sesudah' is: 'Rp 1,299'

2023-10-04 20:05:43 - [TEST_STEP][PASSED] - assert NamaSesudah.contains(NamaSebelum): null

2023-10-04 20:05:43 - [TEST_STEP][PASSED] - assert HargaSesudah.contains(HargaSebelum): null

2023-10-04 20:05:43 - [TEST_STEP][PASSED] - click(findTestObject("beli barang/Tambah Keranjang busana wanita")): Object: 'Object Repository/beli barang/Tambah Keranjang busana wanita' is clicked on

2023-10-04 20:05:44 - [MESSAGE][PASSED] - Object: 'Object Repository/beli barang/Tambah Keranjang busana wanita' is clicked on

2023-10-04 20:05:44 - [TEST_STEP][PASSED] - verifyElementPresent(findTestObject("checkout/Notifikasi keranjang"), 1): Object 'Object Repository/checkout/Notifikasi keranjang' is present

2023-10-04 20:05:44 - [MESSAGE][PASSED] - Object 'Object Repository/checkout/Notifikasi keranjang' is present

2023-10-04 20:05:44 - [TEST_STEP][PASSED] - data = new java.util.HashMap(): null

2023-10-04 20:05:44 - [TEST_STEP][PASSED] - data.put("nama_barang", NamaSesudah): null

2023-10-04 20:05:44 - [TEST_STEP][PASSED] - data.put("price_barang", HargaSesudah): null

2023-10-04 20:05:44 - [TEST_STEP][PASSED] - return data: null

2023-10-04 20:05:44 - [MESSAGE][PASSED] - Call Test Case 'Test Cases/T13 Pembelian, Shipment dan Pembayaran/PBL-001' successfully

2023-10-04 20:05:44 - [TEST_STEP][PASSED] - mouseOver(findTestObject("beli barang/keranjang")): Object: 'Object Repository/beli barang/keranjang' is hovered

2023-10-04 20:05:45 - [MESSAGE][PASSED] - Object: 'Object Repository/beli barang/keranjang' is hovered

2023-10-04 20:05:45 - [TEST_STEP][PASSED] - click(findTestObject("beli barang/Lihat Sekarang")): Object: 'Object Repository/beli barang/Lihat Sekarang' is clicked on

2023-10-04 20:05:46 - [MESSAGE][PASSED] - Object: 'Object Repository/beli barang/Lihat Sekarang' is clicked on

2023-10-04 20:05:46 - [TEST_STEP][PASSED] - verifyElementPresent(findTestObject("keranjang/li_Keranjang Belanja"), 0): Object 'Object Repository/keranjang/li_Keranjang Belanja' is present

2023-10-04 20:05:46 - [MESSAGE][WARNING] - Timeout '0' is invalid. Using default page load timeout: '30'

2023-10-04 20:05:47 - [MESSAGE][PASSED] - Object 'Object Repository/keranjang/li_Keranjang Belanja' is present

2023-10-04 20:05:47 - [TEST_STEP][PASSED] - NamaKeranjang = getText(findTestObject("verifikasi/Nama keranjang")): Text of object 'Object Repository/verifikasi/Nama keranjang' is: 'Segitiga Instan Madeira - MDB5.3 Sunset'

2023-10-04 20:05:47 - [MESSAGE][PASSED] - Text of object 'Object Repository/verifikasi/Nama keranjang' is: 'Segitiga Instan Madeira - MDB5.3 Sunset'

2023-10-04 20:05:47 - [TEST_STEP][PASSED] - HargaKeranjang = getText(findTestObject("verifikasi/Harga Keranjang")): Text of object 'Object Repository/verifikasi/Harga Keranjang' is: 'Rp 1,299'

2023-10-04 20:05:48 - [MESSAGE][PASSED] - Text of object 'Object Repository/verifikasi/Harga Keranjang' is: 'Rp 1,299'

2023-10-04 20:05:48 - [TEST_STEP][PASSED] - if (toString().equalsIgnoreCase("Merah")): Object 'Object Repository/keranjang/input_Warna_variasi101' is checked

2023-10-04 20:05:48 - [TEST_STEP][PASSED] - check(findTestObject("Object Repository/keranjang/input_Warna_variasi101")): Object 'Object Repository/keranjang/input_Warna_variasi101' is checked

2023-10-04 20:05:48 - [MESSAGE][PASSED] - Object 'Object Repository/keranjang/input_Warna_variasi101' is checked

2023-10-04 20:05:48 - [TEST_STEP][PASSED] - if (toString().equalsIgnoreCase("Menengah")): Object 'Object Repository/keranjang/input_Ukuran_variasi201' is checked

2023-10-04 20:05:48 - [TEST_STEP][PASSED] - check(findTestObject("Object Repository/keranjang/input_Ukuran_variasi201")): Object 'Object Repository/keranjang/input_Ukuran_variasi201' is checked

2023-10-04 20:05:49 - [MESSAGE][PASSED] - Object 'Object Repository/keranjang/input_Ukuran_variasi201' is checked

2023-10-04 20:05:49 - [TEST_STEP][PASSED] - data.put("Warna", warna): null

2023-10-04 20:05:49 - [TEST_STEP][PASSED] - data.put("Ukuran", ukuran): null

2023-10-04 20:05:49 - [TEST_STEP][PASSED] - click(findTestObject("keranjang/button_Lanjut ke Pembayaran")): Object: 'Object Repository/keranjang/button_Lanjut ke Pembayaran' is clicked on

2023-10-04 20:05:50 - [MESSAGE][PASSED] - Object: 'Object Repository/keranjang/button_Lanjut ke Pembayaran' is clicked on

2023-10-04 20:05:50 - [TEST_STEP][PASSED] - verifyElementPresent(findTestObject("checkout/Tittle Checkout Order"), 0): Object 'Object Repository/checkout/Tittle Checkout Order' is present

2023-10-04 20:05:50 - [MESSAGE][WARNING] - Timeout '0' is invalid. Using default page load timeout: '30'

2023-10-04 20:05:51 - [MESSAGE][PASSED] - Object 'Object Repository/checkout/Tittle Checkout Order' is present

2023-10-04 20:05:51 - [TEST_STEP][PASSED] - name_product = data.get("nama_barang"): null

2023-10-04 20:05:51 - [TEST_STEP][PASSED] - price_product = data.get("price_barang"): null

2023-10-04 20:05:51 - [TEST_STEP][PASSED] - assert name_product == NamaKeranjang: null

2023-10-04 20:05:51 - [TEST_STEP][PASSED] - assert price_product == HargaKeranjang: null

2023-10-04 20:05:51 - [TEST_STEP][PASSED] - return data: null

2023-10-04 20:05:51 - [MESSAGE][PASSED] - Call Test Case 'Test Cases/T13 Pembelian, Shipment dan Pembayaran/PBL-002' successfully

2023-10-04 20:05:51 - [TEST_STEP][PASSED] - warnaa = getText(findTestObject("verifikasi/warna Merah")): Text of object 'Object Repository/verifikasi/warna Merah' is: 'Merah'

2023-10-04 20:05:51 - [MESSAGE][PASSED] - Text of object 'Object Repository/verifikasi/warna Merah' is: 'Merah'

2023-10-04 20:05:51 - [TEST_STEP][PASSED] - ukurann = getText(findTestObject("verifikasi/Ukuran Menengah")): Text of object 'Object Repository/verifikasi/Ukuran Menengah' is: 'Menengah'

2023-10-04 20:05:51 - [MESSAGE][PASSED] - Text of object 'Object Repository/verifikasi/Ukuran Menengah' is: 'Menengah'

2023-10-04 20:05:51 - [TEST_STEP][PASSED] - warna1 = data.get("Warna"): null

2023-10-04 20:05:51 - [TEST_STEP][PASSED] - ukuran1 = data.get("Ukuran"): null

2023-10-04 20:05:51 - [TEST_STEP][PASSED] - assert warnaa == warna1: null

2023-10-04 20:05:51 - [TEST_STEP][PASSED] - assert ukurann == ukuran1: null

2023-10-04 20:05:51 - [TEST_STEP][PASSED] - NamaCheckout = getText(findTestObject("verifikasi/NamaCheckout")): Text of object 'Object Repository/verifikasi/NamaCheckout' is: ''

2023-10-04 20:05:52 - [MESSAGE][PASSED] - Text of object 'Object Repository/verifikasi/NamaCheckout' is: ''

2023-10-04 20:05:52 - [TEST_STEP][PASSED] - HargaCheckout = getText(findTestObject("verifikasi/HargaCheckout")): Text of object 'Object Repository/verifikasi/HargaCheckout' is: '1,299'

2023-10-04 20:05:52 - [MESSAGE][PASSED] - Text of object 'Object Repository/verifikasi/HargaCheckout' is: '1,299'

2023-10-04 20:05:52 - [TEST_STEP][PASSED] - name_product = data.get("nama_barang"): null

2023-10-04 20:05:52 - [TEST_STEP][PASSED] - price_product = data.get("price_barang"): null

2023-10-04 20:05:52 - [TEST_STEP][PASSED] - assert name_product.contains(NamaCheckout): null

2023-10-04 20:05:52 - [TEST_STEP][PASSED] - assert price_product.contains(HargaCheckout): null

2023-10-04 20:05:52 - [TEST_STEP][PASSED] - selectOptionByLabel(findTestObject("checkout/select - Kirim via Kurir Lokal"), Kurir, false): All options with label 'Roda 2' are selected in object 'Object Repository/checkout/select - Kirim via Kurir Lokal' 

2023-10-04 20:05:53 - [MESSAGE][PASSED] - All options with label 'Roda 2' are selected in object 'Object Repository/checkout/select - Kirim via Kurir Lokal' 

2023-10-04 20:05:53 - [TEST_STEP][PASSED] - click(findTestObject("checkout/Kendaraan Kurir")): Object: 'Object Repository/checkout/Kendaraan Kurir' is clicked on

2023-10-04 20:05:54 - [MESSAGE][PASSED] - Object: 'Object Repository/checkout/Kendaraan Kurir' is clicked on

2023-10-04 20:05:54 - [TEST_STEP][PASSED] - OngkosKirim = getText(findTestObject("Object Repository/verifikasi/Ongkos Kirim checkout")): Text of object 'Object Repository/verifikasi/Ongkos Kirim checkout' is: 'Rp. 5,000'

2023-10-04 20:05:54 - [MESSAGE][PASSED] - Text of object 'Object Repository/verifikasi/Ongkos Kirim checkout' is: 'Rp. 5,000'

2023-10-04 20:05:54 - [TEST_STEP][PASSED] - Ongkos = OngkosKirim.substring(3, OngkosKirim.size()): null

2023-10-04 20:05:54 - [TEST_STEP][PASSED] - rep = Ongkos.replace(",", "."): null

2023-10-04 20:05:54 - [TEST_STEP][PASSED] - Ongkos_kirim = Double.parseDouble(rep): null

2023-10-04 20:05:54 - [TEST_STEP][PASSED] - println(Ongkos_kirim): null

2023-10-04 20:05:54 - [TEST_STEP][PASSED] - FeeAdmin = getText(findTestObject("verifikasi/Fee Admin checkout")): Text of object 'Object Repository/verifikasi/Fee Admin checkout' is: 'Fee Admin
Rp 1,500'

2023-10-04 20:05:54 - [MESSAGE][PASSED] - Text of object 'Object Repository/verifikasi/Fee Admin checkout' is: 'Fee Admin
Rp 1,500'

2023-10-04 20:05:54 - [TEST_STEP][PASSED] - Fee_Admin = FeeAdmin.substring(12, FeeAdmin.size()): null

2023-10-04 20:05:54 - [TEST_STEP][PASSED] - fee = Fee_Admin.replace(",", "."): null

2023-10-04 20:05:54 - [TEST_STEP][PASSED] - fee_admin = Double.parseDouble(fee): null

2023-10-04 20:05:54 - [TEST_STEP][PASSED] - println(fee_admin): null

2023-10-04 20:05:54 - [TEST_STEP][PASSED] - Subtotal = getText(findTestObject("verifikasi/subtotal checkout")): Text of object 'Object Repository/verifikasi/subtotal checkout' is: 'Subtotal
Rp 1,299'

2023-10-04 20:05:55 - [MESSAGE][PASSED] - Text of object 'Object Repository/verifikasi/subtotal checkout' is: 'Subtotal
Rp 1,299'

2023-10-04 20:05:55 - [TEST_STEP][PASSED] - sub_total = Subtotal.substring(12, Subtotal.size()): null

2023-10-04 20:05:55 - [TEST_STEP][PASSED] - sub = sub_total.replace(",", "."): null

2023-10-04 20:05:55 - [TEST_STEP][PASSED] - sub_total = Double.parseDouble(sub): null

2023-10-04 20:05:55 - [TEST_STEP][PASSED] - println(sub_total): null

2023-10-04 20:05:55 - [TEST_STEP][PASSED] - Total = getText(findTestObject("verifikasi/Total checkout")): Text of object 'Object Repository/verifikasi/Total checkout' is: 'Rp 7,799'

2023-10-04 20:05:55 - [MESSAGE][PASSED] - Text of object 'Object Repository/verifikasi/Total checkout' is: 'Rp 7,799'

2023-10-04 20:05:55 - [TEST_STEP][PASSED] - totall = Total.substring(3, Total.size()): null

2023-10-04 20:05:55 - [TEST_STEP][PASSED] - total = totall.replace(",", "."): null

2023-10-04 20:05:55 - [TEST_STEP][PASSED] - totall = Double.parseDouble(total): null

2023-10-04 20:05:55 - [TEST_STEP][PASSED] - println(totall): null

2023-10-04 20:05:55 - [TEST_STEP][PASSED] - Total_Harga = Ongkos_kirim + fee_admin + sub_total: null

2023-10-04 20:05:55 - [TEST_STEP][PASSED] - println(Total_Harga): null

2023-10-04 20:05:55 - [TEST_STEP][PASSED] - TotalHarga = Math.round(Total_Harga * 1000) / 1000: null

2023-10-04 20:05:55 - [TEST_STEP][PASSED] - println(TotalHarga): null

2023-10-04 20:05:55 - [TEST_STEP][PASSED] - assert totall == TotalHarga: null

2023-10-04 20:05:55 - [TEST_STEP][PASSED] - click(findTestObject("verifikasi/Metode Transfer")): Object: 'Object Repository/verifikasi/Metode Transfer' is clicked on

2023-10-04 20:05:56 - [MESSAGE][PASSED] - Object: 'Object Repository/verifikasi/Metode Transfer' is clicked on

2023-10-04 20:05:56 - [TEST_STEP][PASSED] - click(findTestObject("checkout/button_Proses Pembayaran")): Object: 'Object Repository/checkout/button_Proses Pembayaran' is clicked on

2023-10-04 20:06:01 - [MESSAGE][PASSED] - Object: 'Object Repository/checkout/button_Proses Pembayaran' is clicked on

2023-10-04 20:06:01 - [TEST_STEP][PASSED] - verifyElementPresent(findTestObject("pembayaran/Tittle nomor invoice"), 0): Object 'Object Repository/pembayaran/Tittle nomor invoice' is present

2023-10-04 20:06:01 - [MESSAGE][WARNING] - Timeout '0' is invalid. Using default page load timeout: '30'

2023-10-04 20:06:06 - [MESSAGE][PASSED] - Object 'Object Repository/pembayaran/Tittle nomor invoice' is present

2023-10-04 20:06:06 - [TEST_STEP][PASSED] - return data: null

2023-10-04 20:06:06 - [MESSAGE][PASSED] - Call Test Case 'Test Cases/T13 Pembelian, Shipment dan Pembayaran/PBL-004' successfully

2023-10-04 20:06:06 - [TEST_STEP][PASSED] - Invoice = getText(findTestObject("pembayaran/nomor invoice")): Text of object 'Object Repository/pembayaran/nomor invoice' is: 'TRX60.20231004200557'

2023-10-04 20:06:06 - [MESSAGE][PASSED] - Text of object 'Object Repository/pembayaran/nomor invoice' is: 'TRX60.20231004200557'

2023-10-04 20:06:06 - [TEST_STEP][PASSED] - data.put("invoice", Invoice): null

2023-10-04 20:06:06 - [TEST_STEP][PASSED] - NamaPemesan = getText(findTestObject("Konfirmasi pesanan shop/Nama pemesan")): Text of object 'Object Repository/Konfirmasi pesanan shop/Nama pemesan' is: 'irfan.afandi'

2023-10-04 20:06:07 - [MESSAGE][PASSED] - Text of object 'Object Repository/Konfirmasi pesanan shop/Nama pemesan' is: 'irfan.afandi'

2023-10-04 20:06:07 - [TEST_STEP][PASSED] - Nama = getText(findTestObject("pembayaran/Nama barang")): Text of object 'Object Repository/pembayaran/Nama barang' is: 'Segitiga Instan Madeira - MDB5.3 Sunset'

2023-10-04 20:06:07 - [MESSAGE][PASSED] - Text of object 'Object Repository/pembayaran/Nama barang' is: 'Segitiga Instan Madeira - MDB5.3 Sunset'

2023-10-04 20:06:07 - [TEST_STEP][PASSED] - Harga = getText(findTestObject("pembayaran/Harga barang")): Text of object 'Object Repository/pembayaran/Harga barang' is: '1,299'

2023-10-04 20:06:08 - [MESSAGE][PASSED] - Text of object 'Object Repository/pembayaran/Harga barang' is: '1,299'

2023-10-04 20:06:08 - [TEST_STEP][PASSED] - name_product = data.get("nama_barang"): null

2023-10-04 20:06:08 - [TEST_STEP][PASSED] - price_product = data.get("price_barang"): null

2023-10-04 20:06:08 - [TEST_STEP][PASSED] - assert name_product.contains(Nama): null

2023-10-04 20:06:08 - [TEST_STEP][PASSED] - assert price_product.contains(Harga): null

2023-10-04 20:06:08 - [TEST_STEP][PASSED] - warnaa = getText(findTestObject("pembayaran/warna")): Text of object 'Object Repository/pembayaran/warna' is: 'Merah'

2023-10-04 20:06:08 - [MESSAGE][PASSED] - Text of object 'Object Repository/pembayaran/warna' is: 'Merah'

2023-10-04 20:06:08 - [TEST_STEP][PASSED] - ukurann = getText(findTestObject("pembayaran/ukuran")): Text of object 'Object Repository/pembayaran/ukuran' is: 'Menengah'

2023-10-04 20:06:09 - [MESSAGE][PASSED] - Text of object 'Object Repository/pembayaran/ukuran' is: 'Menengah'

2023-10-04 20:06:09 - [TEST_STEP][PASSED] - warna1 = data.get("Warna"): null

2023-10-04 20:06:09 - [TEST_STEP][PASSED] - ukuran1 = data.get("Ukuran"): null

2023-10-04 20:06:09 - [TEST_STEP][PASSED] - assert warnaa == warna1: null

2023-10-04 20:06:09 - [TEST_STEP][PASSED] - assert ukurann == ukuran1: null

2023-10-04 20:06:09 - [TEST_STEP][PASSED] - statusPembelian = getText(findTestObject("verifikasi/Status pending di pembelian")): Text of object 'Object Repository/verifikasi/Status pending di pembelian' is: 'Pending'

2023-10-04 20:06:09 - [MESSAGE][PASSED] - Text of object 'Object Repository/verifikasi/Status pending di pembelian' is: 'Pending'

2023-10-04 20:06:09 - [TEST_STEP][PASSED] - data.put("statusPem", statusPembelian): null

2023-10-04 20:06:09 - [TEST_STEP][PASSED] - OngkosKirim = getText(findTestObject("pembayaran/ongkos kirim")): Text of object 'Object Repository/pembayaran/ongkos kirim' is: 'Rp 5,000'

2023-10-04 20:06:10 - [MESSAGE][PASSED] - Text of object 'Object Repository/pembayaran/ongkos kirim' is: 'Rp 5,000'

2023-10-04 20:06:10 - [TEST_STEP][PASSED] - Ongkos = OngkosKirim.substring(3, OngkosKirim.size()): null

2023-10-04 20:06:10 - [TEST_STEP][PASSED] - rep = Ongkos.replace(",", ""): null

2023-10-04 20:06:10 - [TEST_STEP][PASSED] - Ongkos_kirimm = Integer.parseInt(rep): null

2023-10-04 20:06:10 - [TEST_STEP][PASSED] - println(Ongkos_kirimm): null

2023-10-04 20:06:10 - [TEST_STEP][PASSED] - FeeAdmin = getText(findTestObject("pembayaran/fee admin")): Text of object 'Object Repository/pembayaran/fee admin' is: 'Rp 1,500'

2023-10-04 20:06:10 - [MESSAGE][PASSED] - Text of object 'Object Repository/pembayaran/fee admin' is: 'Rp 1,500'

2023-10-04 20:06:10 - [TEST_STEP][PASSED] - Fee_Admin = FeeAdmin.substring(3, FeeAdmin.size()): null

2023-10-04 20:06:10 - [TEST_STEP][PASSED] - fee = Fee_Admin.replace(",", ""): null

2023-10-04 20:06:10 - [TEST_STEP][PASSED] - fee_adminn = Integer.parseInt(fee): null

2023-10-04 20:06:10 - [TEST_STEP][PASSED] - println(fee_adminn): null

2023-10-04 20:06:10 - [TEST_STEP][PASSED] - Subtotal = getText(findTestObject("pembayaran/subtotal")): Text of object 'Object Repository/pembayaran/subtotal' is: 'Rp 1,299'

2023-10-04 20:06:11 - [MESSAGE][PASSED] - Text of object 'Object Repository/pembayaran/subtotal' is: 'Rp 1,299'

2023-10-04 20:06:11 - [TEST_STEP][PASSED] - sub_total = Subtotal.substring(3, Subtotal.size()): null

2023-10-04 20:06:11 - [TEST_STEP][PASSED] - sub = sub_total.replace(",", ""): null

2023-10-04 20:06:11 - [TEST_STEP][PASSED] - sub_totall = Integer.parseInt(sub): null

2023-10-04 20:06:11 - [TEST_STEP][PASSED] - println(sub_totall): null

2023-10-04 20:06:11 - [TEST_STEP][PASSED] - unik = getText(findTestObject("pembayaran/kode unik")): Text of object 'Object Repository/pembayaran/kode unik' is: '+557'

2023-10-04 20:06:11 - [MESSAGE][PASSED] - Text of object 'Object Repository/pembayaran/kode unik' is: '+557'

2023-10-04 20:06:11 - [TEST_STEP][PASSED] - unikk = unik.replace("+", ""): null

2023-10-04 20:06:11 - [TEST_STEP][PASSED] - kode_unik = Integer.parseInt(unikk): null

2023-10-04 20:06:11 - [TEST_STEP][PASSED] - println(kode_unik): null

2023-10-04 20:06:11 - [TEST_STEP][PASSED] - Total = getText(findTestObject("pembayaran/total")): Text of object 'Object Repository/pembayaran/total' is: '8,356'

2023-10-04 20:06:12 - [MESSAGE][PASSED] - Text of object 'Object Repository/pembayaran/total' is: '8,356'

2023-10-04 20:06:12 - [TEST_STEP][PASSED] - total = Total.replace(",", ""): null

2023-10-04 20:06:12 - [TEST_STEP][PASSED] - totalll = Integer.parseInt(total): null

2023-10-04 20:06:12 - [TEST_STEP][PASSED] - println(totalll): null

2023-10-04 20:06:12 - [TEST_STEP][PASSED] - Total_Hargaa = Ongkos_kirimm + fee_adminn + sub_totall + kode_unik: null

2023-10-04 20:06:12 - [TEST_STEP][PASSED] - println(Total_Hargaa): null

2023-10-04 20:06:12 - [TEST_STEP][PASSED] - assert totalll == Total_Hargaa: null

2023-10-04 20:06:12 - [TEST_STEP][PASSED] - data.put("total", Total): null

2023-10-04 20:06:12 - [TEST_STEP][PASSED] - data.put("nama", NamaPemesan): null

2023-10-04 20:06:12 - [TEST_STEP][PASSED] - return data: null

2023-10-04 20:06:12 - [MESSAGE][PASSED] - Call Test Case 'Test Cases/T13 Pembelian, Shipment dan Pembayaran/PBY-001' successfully

2023-10-04 20:06:12 - [TEST_STEP][PASSED] - Invoice = getText(findTestObject("pembayaran/nomor invoice")): Text of object 'Object Repository/pembayaran/nomor invoice' is: 'TRX60.20231004200557'

2023-10-04 20:06:12 - [MESSAGE][PASSED] - Text of object 'Object Repository/pembayaran/nomor invoice' is: 'TRX60.20231004200557'

2023-10-04 20:06:12 - [TEST_STEP][PASSED] - data.put("invoice", Invoice): null

2023-10-04 20:06:12 - [TEST_STEP][PASSED] - NamaPemesan = getText(findTestObject("Konfirmasi pesanan shop/Nama pemesan")): Text of object 'Object Repository/Konfirmasi pesanan shop/Nama pemesan' is: 'irfan.afandi'

2023-10-04 20:06:13 - [MESSAGE][PASSED] - Text of object 'Object Repository/Konfirmasi pesanan shop/Nama pemesan' is: 'irfan.afandi'

2023-10-04 20:06:13 - [TEST_STEP][PASSED] - Nama = getText(findTestObject("pembayaran/Nama barang")): Text of object 'Object Repository/pembayaran/Nama barang' is: 'Segitiga Instan Madeira - MDB5.3 Sunset'

2023-10-04 20:06:13 - [MESSAGE][PASSED] - Text of object 'Object Repository/pembayaran/Nama barang' is: 'Segitiga Instan Madeira - MDB5.3 Sunset'

2023-10-04 20:06:13 - [TEST_STEP][PASSED] - Harga = getText(findTestObject("pembayaran/Harga barang")): Text of object 'Object Repository/pembayaran/Harga barang' is: '1,299'

2023-10-04 20:06:14 - [MESSAGE][PASSED] - Text of object 'Object Repository/pembayaran/Harga barang' is: '1,299'

2023-10-04 20:06:14 - [TEST_STEP][PASSED] - name_product = data.get("nama_barang"): null

2023-10-04 20:06:14 - [TEST_STEP][PASSED] - price_product = data.get("price_barang"): null

2023-10-04 20:06:14 - [TEST_STEP][PASSED] - assert name_product.contains(Nama): null

2023-10-04 20:06:14 - [TEST_STEP][PASSED] - assert price_product.contains(Harga): null

2023-10-04 20:06:14 - [TEST_STEP][PASSED] - warnaa = getText(findTestObject("pembayaran/warna")): Text of object 'Object Repository/pembayaran/warna' is: 'Merah'

2023-10-04 20:06:14 - [MESSAGE][PASSED] - Text of object 'Object Repository/pembayaran/warna' is: 'Merah'

2023-10-04 20:06:14 - [TEST_STEP][PASSED] - ukurann = getText(findTestObject("pembayaran/ukuran")): Text of object 'Object Repository/pembayaran/ukuran' is: 'Menengah'

2023-10-04 20:06:15 - [MESSAGE][PASSED] - Text of object 'Object Repository/pembayaran/ukuran' is: 'Menengah'

2023-10-04 20:06:15 - [TEST_STEP][PASSED] - warna1 = data.get("Warna"): null

2023-10-04 20:06:15 - [TEST_STEP][PASSED] - ukuran1 = data.get("Ukuran"): null

2023-10-04 20:06:15 - [TEST_STEP][PASSED] - assert warnaa == warna1: null

2023-10-04 20:06:15 - [TEST_STEP][PASSED] - assert ukurann == ukuran1: null

2023-10-04 20:06:15 - [TEST_STEP][PASSED] - statusPembelian = getText(findTestObject("verifikasi/Status pending di pembelian")): Text of object 'Object Repository/verifikasi/Status pending di pembelian' is: 'Pending'

2023-10-04 20:06:15 - [MESSAGE][PASSED] - Text of object 'Object Repository/verifikasi/Status pending di pembelian' is: 'Pending'

2023-10-04 20:06:15 - [TEST_STEP][PASSED] - data.put("statusPem", statusPembelian): null

2023-10-04 20:06:15 - [TEST_STEP][PASSED] - OngkosKirim = getText(findTestObject("pembayaran/ongkos kirim")): Text of object 'Object Repository/pembayaran/ongkos kirim' is: 'Rp 5,000'

2023-10-04 20:06:16 - [MESSAGE][PASSED] - Text of object 'Object Repository/pembayaran/ongkos kirim' is: 'Rp 5,000'

2023-10-04 20:06:16 - [TEST_STEP][PASSED] - Ongkos = OngkosKirim.substring(3, OngkosKirim.size()): null

2023-10-04 20:06:16 - [TEST_STEP][PASSED] - rep = Ongkos.replace(",", ""): null

2023-10-04 20:06:16 - [TEST_STEP][PASSED] - Ongkos_kirimm = Integer.parseInt(rep): null

2023-10-04 20:06:16 - [TEST_STEP][PASSED] - println(Ongkos_kirimm): null

2023-10-04 20:06:16 - [TEST_STEP][PASSED] - FeeAdmin = getText(findTestObject("pembayaran/fee admin")): Text of object 'Object Repository/pembayaran/fee admin' is: 'Rp 1,500'

2023-10-04 20:06:16 - [MESSAGE][PASSED] - Text of object 'Object Repository/pembayaran/fee admin' is: 'Rp 1,500'

2023-10-04 20:06:16 - [TEST_STEP][PASSED] - Fee_Admin = FeeAdmin.substring(3, FeeAdmin.size()): null

2023-10-04 20:06:16 - [TEST_STEP][PASSED] - fee = Fee_Admin.replace(",", ""): null

2023-10-04 20:06:16 - [TEST_STEP][PASSED] - fee_adminn = Integer.parseInt(fee): null

2023-10-04 20:06:16 - [TEST_STEP][PASSED] - println(fee_adminn): null

2023-10-04 20:06:16 - [TEST_STEP][PASSED] - Subtotal = getText(findTestObject("pembayaran/subtotal")): Text of object 'Object Repository/pembayaran/subtotal' is: 'Rp 1,299'

2023-10-04 20:06:17 - [MESSAGE][PASSED] - Text of object 'Object Repository/pembayaran/subtotal' is: 'Rp 1,299'

2023-10-04 20:06:17 - [TEST_STEP][PASSED] - sub_total = Subtotal.substring(3, Subtotal.size()): null

2023-10-04 20:06:17 - [TEST_STEP][PASSED] - sub = sub_total.replace(",", ""): null

2023-10-04 20:06:17 - [TEST_STEP][PASSED] - sub_totall = Integer.parseInt(sub): null

2023-10-04 20:06:17 - [TEST_STEP][PASSED] - println(sub_totall): null

2023-10-04 20:06:17 - [TEST_STEP][PASSED] - unik = getText(findTestObject("pembayaran/kode unik")): Text of object 'Object Repository/pembayaran/kode unik' is: '+557'

2023-10-04 20:06:17 - [MESSAGE][PASSED] - Text of object 'Object Repository/pembayaran/kode unik' is: '+557'

2023-10-04 20:06:17 - [TEST_STEP][PASSED] - unikk = unik.replace("+", ""): null

2023-10-04 20:06:17 - [TEST_STEP][PASSED] - kode_unik = Integer.parseInt(unikk): null

2023-10-04 20:06:17 - [TEST_STEP][PASSED] - println(kode_unik): null

2023-10-04 20:06:17 - [TEST_STEP][PASSED] - Total = getText(findTestObject("pembayaran/total")): Text of object 'Object Repository/pembayaran/total' is: '8,356'

2023-10-04 20:06:18 - [MESSAGE][PASSED] - Text of object 'Object Repository/pembayaran/total' is: '8,356'

2023-10-04 20:06:18 - [TEST_STEP][PASSED] - total = Total.replace(",", ""): null

2023-10-04 20:06:18 - [TEST_STEP][PASSED] - totalll = Integer.parseInt(total): null

2023-10-04 20:06:18 - [TEST_STEP][PASSED] - println(totalll): null

2023-10-04 20:06:18 - [TEST_STEP][PASSED] - Total_Hargaa = Ongkos_kirimm + fee_adminn + sub_totall + kode_unik: null

2023-10-04 20:06:18 - [TEST_STEP][PASSED] - println(Total_Hargaa): null

2023-10-04 20:06:18 - [TEST_STEP][PASSED] - assert totalll == Total_Hargaa: null

2023-10-04 20:06:18 - [TEST_STEP][PASSED] - data.put("total", Total): null

2023-10-04 20:06:18 - [TEST_STEP][PASSED] - data.put("nama", NamaPemesan): null

2023-10-04 20:06:18 - [TEST_STEP][PASSED] - click(findTestObject("QRIS/a_Lihat Metode Pembayaran Lainnya")): Object: 'Object Repository/QRIS/a_Lihat Metode Pembayaran Lainnya' is clicked on

2023-10-04 20:06:18 - [MESSAGE][PASSED] - Object: 'Object Repository/QRIS/a_Lihat Metode Pembayaran Lainnya' is clicked on

2023-10-04 20:06:18 - [TEST_STEP][PASSED] - switchToWindowIndex(1): Switched to window with index: '1'

2023-10-04 20:06:18 - [MESSAGE][PASSED] - Switched to window with index: '1'

2023-10-04 20:06:18 - [TEST_STEP][PASSED] - verifyElementPresent(findTestObject("QRIS/ipaymu"), 0): Object 'Object Repository/QRIS/ipaymu' is present

2023-10-04 20:06:19 - [MESSAGE][WARNING] - Timeout '0' is invalid. Using default page load timeout: '30'

2023-10-04 20:06:28 - [MESSAGE][PASSED] - Object 'Object Repository/QRIS/ipaymu' is present

2023-10-04 20:06:28 - [TEST_STEP][PASSED] - return data: null]]></system-out>
         <system-err><![CDATA[]]></system-err>
      </testcase>
      <testcase name="Test Cases/T13 Pembelian, Shipment dan Pembayaran/PBY-004" time="59.974" classname="Test Cases/T13 Pembelian, Shipment dan Pembayaran/PBY-004" status="PASSED">
         <system-out><![CDATA[2023-10-04 20:06:28 - [TEST_CASE][PASSED] - Test Cases/T13 Pembelian, Shipment dan Pembayaran/PBY-004: Test Cases/T13 Pembelian, Shipment dan Pembayaran/PBY-004

2023-10-04 20:06:28 - [TEST_STEP][PASSED] - data = callTestCase(findTestCase("T13 Pembelian, Shipment dan Pembayaran/PBY-001"), [:], STOP_ON_FAILURE): Call Test Case 'Test Cases/T13 Pembelian, Shipment dan Pembayaran/PBY-001' successfully

2023-10-04 20:06:28 - [TEST_CASE][PASSED] - Test Cases/T13 Pembelian, Shipment dan Pembayaran/PBY-001: Test Cases/T13 Pembelian, Shipment dan Pembayaran/PBY-001

2023-10-04 20:06:28 - [TEST_STEP][PASSED] - data = callTestCase(findTestCase("T13 Pembelian, Shipment dan Pembayaran/PBL-004"), ["Kurir":"Roda 2"], STOP_ON_FAILURE): Call Test Case 'Test Cases/T13 Pembelian, Shipment dan Pembayaran/PBL-004' successfully

2023-10-04 20:06:28 - [TEST_CASE][PASSED] - Test Cases/T13 Pembelian, Shipment dan Pembayaran/PBL-004: Test Cases/T13 Pembelian, Shipment dan Pembayaran/PBL-004

2023-10-04 20:06:28 - [TEST_STEP][PASSED] - data = callTestCase(findTestCase("T13 Pembelian, Shipment dan Pembayaran/PBL-002"), [:], STOP_ON_FAILURE): Call Test Case 'Test Cases/T13 Pembelian, Shipment dan Pembayaran/PBL-002' successfully

2023-10-04 20:06:28 - [TEST_CASE][PASSED] - Test Cases/T13 Pembelian, Shipment dan Pembayaran/PBL-002: Test Cases/T13 Pembelian, Shipment dan Pembayaran/PBL-002

2023-10-04 20:06:28 - [TEST_STEP][PASSED] - data = callTestCase(findTestCase("T13 Pembelian, Shipment dan Pembayaran/PBL-001"), [:], STOP_ON_FAILURE): Call Test Case 'Test Cases/T13 Pembelian, Shipment dan Pembayaran/PBL-001' successfully

2023-10-04 20:06:28 - [TEST_CASE][PASSED] - Test Cases/T13 Pembelian, Shipment dan Pembayaran/PBL-001: Test Cases/T13 Pembelian, Shipment dan Pembayaran/PBL-001

2023-10-04 20:06:28 - [TEST_STEP][PASSED] - callTestCase(findTestCase("T13 Pembelian, Shipment dan Pembayaran/LU-001"), ["username":"irfanafandi", "password":"12345irfan"], STOP_ON_FAILURE): Call Test Case 'Test Cases/T13 Pembelian, Shipment dan Pembayaran/LU-001' successfully

2023-10-04 20:06:29 - [TEST_CASE][PASSED] - Test Cases/T13 Pembelian, Shipment dan Pembayaran/LU-001: Test Cases/T13 Pembelian, Shipment dan Pembayaran/LU-001

2023-10-04 20:06:29 - [TEST_STEP][PASSED] - openBrowser("https://10.9.2.63/ecommerce/"): Browser is opened with url: 'https://10.9.2.63/ecommerce/'

2023-10-04 20:06:29 - [MESSAGE][WARNING] - A browser is already opened. Closing browser and opening a new one

2023-10-04 20:06:30 - [MESSAGE][INFO] - Starting 'Firefox' driver

2023-10-04 20:06:30 - [MESSAGE][INFO] - User set preference: ['args', '[--disable-notifications]']

2023-10-04 20:06:30 - [MESSAGE][INFO] - Action delay is set to 0 milliseconds

2023-10-04 20:06:34 - [MESSAGE][PASSED] - Browser is opened with url: 'https://10.9.2.63/ecommerce/'

2023-10-04 20:06:34 - [TEST_STEP][PASSED] - maximizeWindow(): Current window maximized

2023-10-04 20:06:34 - [MESSAGE][PASSED] - Current window maximized

2023-10-04 20:06:34 - [TEST_STEP][PASSED] - verifyElementPresent(findTestObject("Login/Home"), 0): Object 'Object Repository/Login/Home' is present

2023-10-04 20:06:34 - [MESSAGE][WARNING] - Timeout '0' is invalid. Using default page load timeout: '30'

2023-10-04 20:06:35 - [MESSAGE][PASSED] - Object 'Object Repository/Login/Home' is present

2023-10-04 20:06:35 - [TEST_STEP][PASSED] - click(findTestObject("Login/a_Login")): Object: 'Object Repository/Login/a_Login' is clicked on

2023-10-04 20:06:36 - [MESSAGE][PASSED] - Object: 'Object Repository/Login/a_Login' is clicked on

2023-10-04 20:06:36 - [TEST_STEP][PASSED] - verifyElementPresent(findTestObject("Login/Tittle Login"), 0): Object 'Object Repository/Login/Tittle Login' is present

2023-10-04 20:06:36 - [MESSAGE][WARNING] - Timeout '0' is invalid. Using default page load timeout: '30'

2023-10-04 20:06:36 - [MESSAGE][PASSED] - Object 'Object Repository/Login/Tittle Login' is present

2023-10-04 20:06:36 - [TEST_STEP][PASSED] - setText(findTestObject("Login/input_Username, Email atau No. Handphone_a"), username): Text 'irfanafandi' is set on object 'Object Repository/Login/input_Username, Email atau No. Handphone_a'

2023-10-04 20:06:37 - [MESSAGE][PASSED] - Text 'irfanafandi' is set on object 'Object Repository/Login/input_Username, Email atau No. Handphone_a'

2023-10-04 20:06:37 - [TEST_STEP][PASSED] - setText(findTestObject("Login/input_Password_b"), password): Text '12345irfan' is set on object 'Object Repository/Login/input_Password_b'

2023-10-04 20:06:38 - [MESSAGE][PASSED] - Text '12345irfan' is set on object 'Object Repository/Login/input_Password_b'

2023-10-04 20:06:38 - [TEST_STEP][PASSED] - click(findTestObject("Login/label_Ingat saya")): Object: 'Object Repository/Login/label_Ingat saya' is clicked on

2023-10-04 20:06:38 - [MESSAGE][PASSED] - Object: 'Object Repository/Login/label_Ingat saya' is clicked on

2023-10-04 20:06:38 - [TEST_STEP][PASSED] - click(findTestObject("Login/button_Masuk")): Object: 'Object Repository/Login/button_Masuk' is clicked on

2023-10-04 20:06:39 - [MESSAGE][PASSED] - Object: 'Object Repository/Login/button_Masuk' is clicked on

2023-10-04 20:06:39 - [TEST_STEP][PASSED] - verifyElementPresent(findTestObject("Login/li_Profile"), 0): Object 'Object Repository/Login/li_Profile' is present

2023-10-04 20:06:39 - [MESSAGE][WARNING] - Timeout '0' is invalid. Using default page load timeout: '30'

2023-10-04 20:06:40 - [MESSAGE][PASSED] - Object 'Object Repository/Login/li_Profile' is present

2023-10-04 20:06:40 - [MESSAGE][PASSED] - Call Test Case 'Test Cases/T13 Pembelian, Shipment dan Pembayaran/LU-001' successfully

2023-10-04 20:06:40 - [TEST_STEP][PASSED] - mouseOver(findTestObject("beli barang/i_Mulai Belanja_icon-menu")): Object: 'Object Repository/beli barang/i_Mulai Belanja_icon-menu' is hovered

2023-10-04 20:06:40 - [MESSAGE][PASSED] - Object: 'Object Repository/beli barang/i_Mulai Belanja_icon-menu' is hovered

2023-10-04 20:06:40 - [TEST_STEP][PASSED] - click(findTestObject("beli barang/a_Fashion  Busana Wanita")): Object: 'Object Repository/beli barang/a_Fashion  Busana Wanita' is clicked on

2023-10-04 20:06:41 - [MESSAGE][PASSED] - Object: 'Object Repository/beli barang/a_Fashion  Busana Wanita' is clicked on

2023-10-04 20:06:41 - [TEST_STEP][PASSED] - NamaSebelum = getText(findTestObject("verifikasi/Nama sebelum")): Text of object 'Object Repository/verifikasi/Nama sebelum' is: ''

2023-10-04 20:06:42 - [MESSAGE][PASSED] - Text of object 'Object Repository/verifikasi/Nama sebelum' is: ''

2023-10-04 20:06:42 - [TEST_STEP][PASSED] - HargaSebelum = getText(findTestObject("verifikasi/Harga sebelum")): Text of object 'Object Repository/verifikasi/Harga sebelum' is: 'Rp 1,299'

2023-10-04 20:06:42 - [MESSAGE][PASSED] - Text of object 'Object Repository/verifikasi/Harga sebelum' is: 'Rp 1,299'

2023-10-04 20:06:42 - [TEST_STEP][PASSED] - mouseOver(findTestObject("beli barang/barang mouse over")): Object: 'Object Repository/beli barang/barang mouse over' is hovered

2023-10-04 20:06:43 - [MESSAGE][PASSED] - Object: 'Object Repository/beli barang/barang mouse over' is hovered

2023-10-04 20:06:43 - [TEST_STEP][PASSED] - click(findTestObject("beli barang/buttom add to cart")): Object: 'Object Repository/beli barang/buttom add to cart' is clicked on

2023-10-04 20:06:44 - [MESSAGE][PASSED] - Object: 'Object Repository/beli barang/buttom add to cart' is clicked on

2023-10-04 20:06:44 - [TEST_STEP][PASSED] - NamaSesudah = getText(findTestObject("verifikasi/Nama sesudah")): Text of object 'Object Repository/verifikasi/Nama sesudah' is: 'Segitiga Instan Madeira - MDB5.3 Sunset'

2023-10-04 20:06:45 - [MESSAGE][PASSED] - Text of object 'Object Repository/verifikasi/Nama sesudah' is: 'Segitiga Instan Madeira - MDB5.3 Sunset'

2023-10-04 20:06:45 - [TEST_STEP][PASSED] - HargaSesudah = getText(findTestObject("verifikasi/Harga sesudah")): Text of object 'Object Repository/verifikasi/Harga sesudah' is: 'Rp 1,299'

2023-10-04 20:06:45 - [MESSAGE][PASSED] - Text of object 'Object Repository/verifikasi/Harga sesudah' is: 'Rp 1,299'

2023-10-04 20:06:45 - [TEST_STEP][PASSED] - assert NamaSesudah.contains(NamaSebelum): null

2023-10-04 20:06:45 - [TEST_STEP][PASSED] - assert HargaSesudah.contains(HargaSebelum): null

2023-10-04 20:06:45 - [TEST_STEP][PASSED] - click(findTestObject("beli barang/Tambah Keranjang busana wanita")): Object: 'Object Repository/beli barang/Tambah Keranjang busana wanita' is clicked on

2023-10-04 20:06:46 - [MESSAGE][PASSED] - Object: 'Object Repository/beli barang/Tambah Keranjang busana wanita' is clicked on

2023-10-04 20:06:46 - [TEST_STEP][PASSED] - verifyElementPresent(findTestObject("checkout/Notifikasi keranjang"), 1): Object 'Object Repository/checkout/Notifikasi keranjang' is present

2023-10-04 20:06:47 - [MESSAGE][PASSED] - Object 'Object Repository/checkout/Notifikasi keranjang' is present

2023-10-04 20:06:47 - [TEST_STEP][PASSED] - data = new java.util.HashMap(): null

2023-10-04 20:06:47 - [TEST_STEP][PASSED] - data.put("nama_barang", NamaSesudah): null

2023-10-04 20:06:47 - [TEST_STEP][PASSED] - data.put("price_barang", HargaSesudah): null

2023-10-04 20:06:47 - [TEST_STEP][PASSED] - return data: null

2023-10-04 20:06:47 - [MESSAGE][PASSED] - Call Test Case 'Test Cases/T13 Pembelian, Shipment dan Pembayaran/PBL-001' successfully

2023-10-04 20:06:47 - [TEST_STEP][PASSED] - mouseOver(findTestObject("beli barang/keranjang")): Object: 'Object Repository/beli barang/keranjang' is hovered

2023-10-04 20:06:47 - [MESSAGE][PASSED] - Object: 'Object Repository/beli barang/keranjang' is hovered

2023-10-04 20:06:47 - [TEST_STEP][PASSED] - click(findTestObject("beli barang/Lihat Sekarang")): Object: 'Object Repository/beli barang/Lihat Sekarang' is clicked on

2023-10-04 20:06:48 - [MESSAGE][PASSED] - Object: 'Object Repository/beli barang/Lihat Sekarang' is clicked on

2023-10-04 20:06:48 - [TEST_STEP][PASSED] - verifyElementPresent(findTestObject("keranjang/li_Keranjang Belanja"), 0): Object 'Object Repository/keranjang/li_Keranjang Belanja' is present

2023-10-04 20:06:48 - [MESSAGE][WARNING] - Timeout '0' is invalid. Using default page load timeout: '30'

2023-10-04 20:06:49 - [MESSAGE][PASSED] - Object 'Object Repository/keranjang/li_Keranjang Belanja' is present

2023-10-04 20:06:49 - [TEST_STEP][PASSED] - NamaKeranjang = getText(findTestObject("verifikasi/Nama keranjang")): Text of object 'Object Repository/verifikasi/Nama keranjang' is: 'Segitiga Instan Madeira - MDB5.3 Sunset'

2023-10-04 20:06:49 - [MESSAGE][PASSED] - Text of object 'Object Repository/verifikasi/Nama keranjang' is: 'Segitiga Instan Madeira - MDB5.3 Sunset'

2023-10-04 20:06:49 - [TEST_STEP][PASSED] - HargaKeranjang = getText(findTestObject("verifikasi/Harga Keranjang")): Text of object 'Object Repository/verifikasi/Harga Keranjang' is: 'Rp 1,299'

2023-10-04 20:06:50 - [MESSAGE][PASSED] - Text of object 'Object Repository/verifikasi/Harga Keranjang' is: 'Rp 1,299'

2023-10-04 20:06:50 - [TEST_STEP][PASSED] - if (toString().equalsIgnoreCase("Merah")): Object 'Object Repository/keranjang/input_Warna_variasi101' is checked

2023-10-04 20:06:50 - [TEST_STEP][PASSED] - check(findTestObject("Object Repository/keranjang/input_Warna_variasi101")): Object 'Object Repository/keranjang/input_Warna_variasi101' is checked

2023-10-04 20:06:50 - [MESSAGE][PASSED] - Object 'Object Repository/keranjang/input_Warna_variasi101' is checked

2023-10-04 20:06:50 - [TEST_STEP][PASSED] - if (toString().equalsIgnoreCase("Menengah")): Object 'Object Repository/keranjang/input_Ukuran_variasi201' is checked

2023-10-04 20:06:50 - [TEST_STEP][PASSED] - check(findTestObject("Object Repository/keranjang/input_Ukuran_variasi201")): Object 'Object Repository/keranjang/input_Ukuran_variasi201' is checked

2023-10-04 20:06:51 - [MESSAGE][PASSED] - Object 'Object Repository/keranjang/input_Ukuran_variasi201' is checked

2023-10-04 20:06:51 - [TEST_STEP][PASSED] - data.put("Warna", warna): null

2023-10-04 20:06:51 - [TEST_STEP][PASSED] - data.put("Ukuran", ukuran): null

2023-10-04 20:06:51 - [TEST_STEP][PASSED] - click(findTestObject("keranjang/button_Lanjut ke Pembayaran")): Object: 'Object Repository/keranjang/button_Lanjut ke Pembayaran' is clicked on

2023-10-04 20:06:52 - [MESSAGE][PASSED] - Object: 'Object Repository/keranjang/button_Lanjut ke Pembayaran' is clicked on

2023-10-04 20:06:52 - [TEST_STEP][PASSED] - verifyElementPresent(findTestObject("checkout/Tittle Checkout Order"), 0): Object 'Object Repository/checkout/Tittle Checkout Order' is present

2023-10-04 20:06:52 - [MESSAGE][WARNING] - Timeout '0' is invalid. Using default page load timeout: '30'

2023-10-04 20:06:53 - [MESSAGE][PASSED] - Object 'Object Repository/checkout/Tittle Checkout Order' is present

2023-10-04 20:06:53 - [TEST_STEP][PASSED] - name_product = data.get("nama_barang"): null

2023-10-04 20:06:53 - [TEST_STEP][PASSED] - price_product = data.get("price_barang"): null

2023-10-04 20:06:53 - [TEST_STEP][PASSED] - assert name_product == NamaKeranjang: null

2023-10-04 20:06:53 - [TEST_STEP][PASSED] - assert price_product == HargaKeranjang: null

2023-10-04 20:06:53 - [TEST_STEP][PASSED] - return data: null

2023-10-04 20:06:53 - [MESSAGE][PASSED] - Call Test Case 'Test Cases/T13 Pembelian, Shipment dan Pembayaran/PBL-002' successfully

2023-10-04 20:06:53 - [TEST_STEP][PASSED] - warnaa = getText(findTestObject("verifikasi/warna Merah")): Text of object 'Object Repository/verifikasi/warna Merah' is: 'Merah'

2023-10-04 20:06:53 - [MESSAGE][PASSED] - Text of object 'Object Repository/verifikasi/warna Merah' is: 'Merah'

2023-10-04 20:06:53 - [TEST_STEP][PASSED] - ukurann = getText(findTestObject("verifikasi/Ukuran Menengah")): Text of object 'Object Repository/verifikasi/Ukuran Menengah' is: 'Menengah'

2023-10-04 20:06:53 - [MESSAGE][PASSED] - Text of object 'Object Repository/verifikasi/Ukuran Menengah' is: 'Menengah'

2023-10-04 20:06:53 - [TEST_STEP][PASSED] - warna1 = data.get("Warna"): null

2023-10-04 20:06:53 - [TEST_STEP][PASSED] - ukuran1 = data.get("Ukuran"): null

2023-10-04 20:06:53 - [TEST_STEP][PASSED] - assert warnaa == warna1: null

2023-10-04 20:06:53 - [TEST_STEP][PASSED] - assert ukurann == ukuran1: null

2023-10-04 20:06:53 - [TEST_STEP][PASSED] - NamaCheckout = getText(findTestObject("verifikasi/NamaCheckout")): Text of object 'Object Repository/verifikasi/NamaCheckout' is: ''

2023-10-04 20:06:54 - [MESSAGE][PASSED] - Text of object 'Object Repository/verifikasi/NamaCheckout' is: ''

2023-10-04 20:06:54 - [TEST_STEP][PASSED] - HargaCheckout = getText(findTestObject("verifikasi/HargaCheckout")): Text of object 'Object Repository/verifikasi/HargaCheckout' is: '1,299'

2023-10-04 20:06:54 - [MESSAGE][PASSED] - Text of object 'Object Repository/verifikasi/HargaCheckout' is: '1,299'

2023-10-04 20:06:54 - [TEST_STEP][PASSED] - name_product = data.get("nama_barang"): null

2023-10-04 20:06:54 - [TEST_STEP][PASSED] - price_product = data.get("price_barang"): null

2023-10-04 20:06:54 - [TEST_STEP][PASSED] - assert name_product.contains(NamaCheckout): null

2023-10-04 20:06:54 - [TEST_STEP][PASSED] - assert price_product.contains(HargaCheckout): null

2023-10-04 20:06:54 - [TEST_STEP][PASSED] - selectOptionByLabel(findTestObject("checkout/select - Kirim via Kurir Lokal"), Kurir, false): All options with label 'Roda 2' are selected in object 'Object Repository/checkout/select - Kirim via Kurir Lokal' 

2023-10-04 20:06:55 - [MESSAGE][PASSED] - All options with label 'Roda 2' are selected in object 'Object Repository/checkout/select - Kirim via Kurir Lokal' 

2023-10-04 20:06:55 - [TEST_STEP][PASSED] - click(findTestObject("checkout/Kendaraan Kurir")): Object: 'Object Repository/checkout/Kendaraan Kurir' is clicked on

2023-10-04 20:06:56 - [MESSAGE][PASSED] - Object: 'Object Repository/checkout/Kendaraan Kurir' is clicked on

2023-10-04 20:06:56 - [TEST_STEP][PASSED] - OngkosKirim = getText(findTestObject("Object Repository/verifikasi/Ongkos Kirim checkout")): Text of object 'Object Repository/verifikasi/Ongkos Kirim checkout' is: 'Rp. 5,000'

2023-10-04 20:06:56 - [MESSAGE][PASSED] - Text of object 'Object Repository/verifikasi/Ongkos Kirim checkout' is: 'Rp. 5,000'

2023-10-04 20:06:56 - [TEST_STEP][PASSED] - Ongkos = OngkosKirim.substring(3, OngkosKirim.size()): null

2023-10-04 20:06:56 - [TEST_STEP][PASSED] - rep = Ongkos.replace(",", "."): null

2023-10-04 20:06:56 - [TEST_STEP][PASSED] - Ongkos_kirim = Double.parseDouble(rep): null

2023-10-04 20:06:56 - [TEST_STEP][PASSED] - println(Ongkos_kirim): null

2023-10-04 20:06:56 - [TEST_STEP][PASSED] - FeeAdmin = getText(findTestObject("verifikasi/Fee Admin checkout")): Text of object 'Object Repository/verifikasi/Fee Admin checkout' is: 'Fee Admin
Rp 1,500'

2023-10-04 20:06:56 - [MESSAGE][PASSED] - Text of object 'Object Repository/verifikasi/Fee Admin checkout' is: 'Fee Admin
Rp 1,500'

2023-10-04 20:06:56 - [TEST_STEP][PASSED] - Fee_Admin = FeeAdmin.substring(12, FeeAdmin.size()): null

2023-10-04 20:06:56 - [TEST_STEP][PASSED] - fee = Fee_Admin.replace(",", "."): null

2023-10-04 20:06:56 - [TEST_STEP][PASSED] - fee_admin = Double.parseDouble(fee): null

2023-10-04 20:06:56 - [TEST_STEP][PASSED] - println(fee_admin): null

2023-10-04 20:06:56 - [TEST_STEP][PASSED] - Subtotal = getText(findTestObject("verifikasi/subtotal checkout")): Text of object 'Object Repository/verifikasi/subtotal checkout' is: 'Subtotal
Rp 1,299'

2023-10-04 20:06:57 - [MESSAGE][PASSED] - Text of object 'Object Repository/verifikasi/subtotal checkout' is: 'Subtotal
Rp 1,299'

2023-10-04 20:06:57 - [TEST_STEP][PASSED] - sub_total = Subtotal.substring(12, Subtotal.size()): null

2023-10-04 20:06:57 - [TEST_STEP][PASSED] - sub = sub_total.replace(",", "."): null

2023-10-04 20:06:57 - [TEST_STEP][PASSED] - sub_total = Double.parseDouble(sub): null

2023-10-04 20:06:57 - [TEST_STEP][PASSED] - println(sub_total): null

2023-10-04 20:06:57 - [TEST_STEP][PASSED] - Total = getText(findTestObject("verifikasi/Total checkout")): Text of object 'Object Repository/verifikasi/Total checkout' is: 'Rp 7,799'

2023-10-04 20:06:57 - [MESSAGE][PASSED] - Text of object 'Object Repository/verifikasi/Total checkout' is: 'Rp 7,799'

2023-10-04 20:06:57 - [TEST_STEP][PASSED] - totall = Total.substring(3, Total.size()): null

2023-10-04 20:06:57 - [TEST_STEP][PASSED] - total = totall.replace(",", "."): null

2023-10-04 20:06:57 - [TEST_STEP][PASSED] - totall = Double.parseDouble(total): null

2023-10-04 20:06:57 - [TEST_STEP][PASSED] - println(totall): null

2023-10-04 20:06:57 - [TEST_STEP][PASSED] - Total_Harga = Ongkos_kirim + fee_admin + sub_total: null

2023-10-04 20:06:57 - [TEST_STEP][PASSED] - println(Total_Harga): null

2023-10-04 20:06:57 - [TEST_STEP][PASSED] - TotalHarga = Math.round(Total_Harga * 1000) / 1000: null

2023-10-04 20:06:57 - [TEST_STEP][PASSED] - println(TotalHarga): null

2023-10-04 20:06:57 - [TEST_STEP][PASSED] - assert totall == TotalHarga: null

2023-10-04 20:06:57 - [TEST_STEP][PASSED] - click(findTestObject("verifikasi/Metode Transfer")): Object: 'Object Repository/verifikasi/Metode Transfer' is clicked on

2023-10-04 20:06:58 - [MESSAGE][PASSED] - Object: 'Object Repository/verifikasi/Metode Transfer' is clicked on

2023-10-04 20:06:58 - [TEST_STEP][PASSED] - click(findTestObject("checkout/button_Proses Pembayaran")): Object: 'Object Repository/checkout/button_Proses Pembayaran' is clicked on

2023-10-04 20:07:03 - [MESSAGE][PASSED] - Object: 'Object Repository/checkout/button_Proses Pembayaran' is clicked on

2023-10-04 20:07:03 - [TEST_STEP][PASSED] - verifyElementPresent(findTestObject("pembayaran/Tittle nomor invoice"), 0): Object 'Object Repository/pembayaran/Tittle nomor invoice' is present

2023-10-04 20:07:03 - [MESSAGE][WARNING] - Timeout '0' is invalid. Using default page load timeout: '30'

2023-10-04 20:07:09 - [MESSAGE][PASSED] - Object 'Object Repository/pembayaran/Tittle nomor invoice' is present

2023-10-04 20:07:09 - [TEST_STEP][PASSED] - return data: null

2023-10-04 20:07:09 - [MESSAGE][PASSED] - Call Test Case 'Test Cases/T13 Pembelian, Shipment dan Pembayaran/PBL-004' successfully

2023-10-04 20:07:09 - [TEST_STEP][PASSED] - Invoice = getText(findTestObject("pembayaran/nomor invoice")): Text of object 'Object Repository/pembayaran/nomor invoice' is: 'TRX60.20231004200659'

2023-10-04 20:07:10 - [MESSAGE][PASSED] - Text of object 'Object Repository/pembayaran/nomor invoice' is: 'TRX60.20231004200659'

2023-10-04 20:07:10 - [TEST_STEP][PASSED] - data.put("invoice", Invoice): null

2023-10-04 20:07:10 - [TEST_STEP][PASSED] - NamaPemesan = getText(findTestObject("Konfirmasi pesanan shop/Nama pemesan")): Text of object 'Object Repository/Konfirmasi pesanan shop/Nama pemesan' is: 'irfan.afandi'

2023-10-04 20:07:10 - [MESSAGE][PASSED] - Text of object 'Object Repository/Konfirmasi pesanan shop/Nama pemesan' is: 'irfan.afandi'

2023-10-04 20:07:10 - [TEST_STEP][PASSED] - Nama = getText(findTestObject("pembayaran/Nama barang")): Text of object 'Object Repository/pembayaran/Nama barang' is: 'Segitiga Instan Madeira - MDB5.3 Sunset'

2023-10-04 20:07:11 - [MESSAGE][PASSED] - Text of object 'Object Repository/pembayaran/Nama barang' is: 'Segitiga Instan Madeira - MDB5.3 Sunset'

2023-10-04 20:07:11 - [TEST_STEP][PASSED] - Harga = getText(findTestObject("pembayaran/Harga barang")): Text of object 'Object Repository/pembayaran/Harga barang' is: '1,299'

2023-10-04 20:07:11 - [MESSAGE][PASSED] - Text of object 'Object Repository/pembayaran/Harga barang' is: '1,299'

2023-10-04 20:07:11 - [TEST_STEP][PASSED] - name_product = data.get("nama_barang"): null

2023-10-04 20:07:11 - [TEST_STEP][PASSED] - price_product = data.get("price_barang"): null

2023-10-04 20:07:11 - [TEST_STEP][PASSED] - assert name_product.contains(Nama): null

2023-10-04 20:07:11 - [TEST_STEP][PASSED] - assert price_product.contains(Harga): null

2023-10-04 20:07:11 - [TEST_STEP][PASSED] - warnaa = getText(findTestObject("pembayaran/warna")): Text of object 'Object Repository/pembayaran/warna' is: 'Merah'

2023-10-04 20:07:12 - [MESSAGE][PASSED] - Text of object 'Object Repository/pembayaran/warna' is: 'Merah'

2023-10-04 20:07:12 - [TEST_STEP][PASSED] - ukurann = getText(findTestObject("pembayaran/ukuran")): Text of object 'Object Repository/pembayaran/ukuran' is: 'Menengah'

2023-10-04 20:07:12 - [MESSAGE][PASSED] - Text of object 'Object Repository/pembayaran/ukuran' is: 'Menengah'

2023-10-04 20:07:12 - [TEST_STEP][PASSED] - warna1 = data.get("Warna"): null

2023-10-04 20:07:12 - [TEST_STEP][PASSED] - ukuran1 = data.get("Ukuran"): null

2023-10-04 20:07:12 - [TEST_STEP][PASSED] - assert warnaa == warna1: null

2023-10-04 20:07:12 - [TEST_STEP][PASSED] - assert ukurann == ukuran1: null

2023-10-04 20:07:12 - [TEST_STEP][PASSED] - statusPembelian = getText(findTestObject("verifikasi/Status pending di pembelian")): Text of object 'Object Repository/verifikasi/Status pending di pembelian' is: 'Pending'

2023-10-04 20:07:13 - [MESSAGE][PASSED] - Text of object 'Object Repository/verifikasi/Status pending di pembelian' is: 'Pending'

2023-10-04 20:07:13 - [TEST_STEP][PASSED] - data.put("statusPem", statusPembelian): null

2023-10-04 20:07:13 - [TEST_STEP][PASSED] - OngkosKirim = getText(findTestObject("pembayaran/ongkos kirim")): Text of object 'Object Repository/pembayaran/ongkos kirim' is: 'Rp 5,000'

2023-10-04 20:07:13 - [MESSAGE][PASSED] - Text of object 'Object Repository/pembayaran/ongkos kirim' is: 'Rp 5,000'

2023-10-04 20:07:13 - [TEST_STEP][PASSED] - Ongkos = OngkosKirim.substring(3, OngkosKirim.size()): null

2023-10-04 20:07:13 - [TEST_STEP][PASSED] - rep = Ongkos.replace(",", ""): null

2023-10-04 20:07:13 - [TEST_STEP][PASSED] - Ongkos_kirimm = Integer.parseInt(rep): null

2023-10-04 20:07:13 - [TEST_STEP][PASSED] - println(Ongkos_kirimm): null

2023-10-04 20:07:13 - [TEST_STEP][PASSED] - FeeAdmin = getText(findTestObject("pembayaran/fee admin")): Text of object 'Object Repository/pembayaran/fee admin' is: 'Rp 1,500'

2023-10-04 20:07:14 - [MESSAGE][PASSED] - Text of object 'Object Repository/pembayaran/fee admin' is: 'Rp 1,500'

2023-10-04 20:07:14 - [TEST_STEP][PASSED] - Fee_Admin = FeeAdmin.substring(3, FeeAdmin.size()): null

2023-10-04 20:07:14 - [TEST_STEP][PASSED] - fee = Fee_Admin.replace(",", ""): null

2023-10-04 20:07:14 - [TEST_STEP][PASSED] - fee_adminn = Integer.parseInt(fee): null

2023-10-04 20:07:14 - [TEST_STEP][PASSED] - println(fee_adminn): null

2023-10-04 20:07:14 - [TEST_STEP][PASSED] - Subtotal = getText(findTestObject("pembayaran/subtotal")): Text of object 'Object Repository/pembayaran/subtotal' is: 'Rp 1,299'

2023-10-04 20:07:14 - [MESSAGE][PASSED] - Text of object 'Object Repository/pembayaran/subtotal' is: 'Rp 1,299'

2023-10-04 20:07:14 - [TEST_STEP][PASSED] - sub_total = Subtotal.substring(3, Subtotal.size()): null

2023-10-04 20:07:14 - [TEST_STEP][PASSED] - sub = sub_total.replace(",", ""): null

2023-10-04 20:07:14 - [TEST_STEP][PASSED] - sub_totall = Integer.parseInt(sub): null

2023-10-04 20:07:14 - [TEST_STEP][PASSED] - println(sub_totall): null

2023-10-04 20:07:14 - [TEST_STEP][PASSED] - unik = getText(findTestObject("pembayaran/kode unik")): Text of object 'Object Repository/pembayaran/kode unik' is: '+659'

2023-10-04 20:07:15 - [MESSAGE][PASSED] - Text of object 'Object Repository/pembayaran/kode unik' is: '+659'

2023-10-04 20:07:15 - [TEST_STEP][PASSED] - unikk = unik.replace("+", ""): null

2023-10-04 20:07:15 - [TEST_STEP][PASSED] - kode_unik = Integer.parseInt(unikk): null

2023-10-04 20:07:15 - [TEST_STEP][PASSED] - println(kode_unik): null

2023-10-04 20:07:15 - [TEST_STEP][PASSED] - Total = getText(findTestObject("pembayaran/total")): Text of object 'Object Repository/pembayaran/total' is: '8,458'

2023-10-04 20:07:15 - [MESSAGE][PASSED] - Text of object 'Object Repository/pembayaran/total' is: '8,458'

2023-10-04 20:07:15 - [TEST_STEP][PASSED] - total = Total.replace(",", ""): null

2023-10-04 20:07:15 - [TEST_STEP][PASSED] - totalll = Integer.parseInt(total): null

2023-10-04 20:07:15 - [TEST_STEP][PASSED] - println(totalll): null

2023-10-04 20:07:15 - [TEST_STEP][PASSED] - Total_Hargaa = Ongkos_kirimm + fee_adminn + sub_totall + kode_unik: null

2023-10-04 20:07:15 - [TEST_STEP][PASSED] - println(Total_Hargaa): null

2023-10-04 20:07:15 - [TEST_STEP][PASSED] - assert totalll == Total_Hargaa: null

2023-10-04 20:07:15 - [TEST_STEP][PASSED] - data.put("total", Total): null

2023-10-04 20:07:15 - [TEST_STEP][PASSED] - data.put("nama", NamaPemesan): null

2023-10-04 20:07:15 - [TEST_STEP][PASSED] - return data: null

2023-10-04 20:07:15 - [MESSAGE][PASSED] - Call Test Case 'Test Cases/T13 Pembelian, Shipment dan Pembayaran/PBY-001' successfully

2023-10-04 20:07:15 - [TEST_STEP][PASSED] - inv = data.get("invoice"): null

2023-10-04 20:07:15 - [TEST_STEP][PASSED] - Total = data.get("total"): null

2023-10-04 20:07:15 - [TEST_STEP][PASSED] - NamaPemesan = data.get("nama"): null

2023-10-04 20:07:15 - [TEST_STEP][PASSED] - click(findTestObject("Konfirmasi pesanan shop/Menu Shop")): Object: 'Object Repository/Konfirmasi pesanan shop/Menu Shop' is clicked on

2023-10-04 20:07:17 - [MESSAGE][PASSED] - Object: 'Object Repository/Konfirmasi pesanan shop/Menu Shop' is clicked on

2023-10-04 20:07:17 - [TEST_STEP][PASSED] - click(findTestObject("Konfirmasi pesanan shop/Menu Shop")): Object: 'Object Repository/Konfirmasi pesanan shop/Menu Shop' is clicked on

2023-10-04 20:07:18 - [MESSAGE][PASSED] - Object: 'Object Repository/Konfirmasi pesanan shop/Menu Shop' is clicked on

2023-10-04 20:07:18 - [TEST_STEP][PASSED] - click(findTestObject("Konfirmasi pesanan shop/Konfirmasi Orders")): Object: 'Object Repository/Konfirmasi pesanan shop/Konfirmasi Orders' is clicked on

2023-10-04 20:07:19 - [MESSAGE][PASSED] - Object: 'Object Repository/Konfirmasi pesanan shop/Konfirmasi Orders' is clicked on

2023-10-04 20:07:19 - [TEST_STEP][PASSED] - verifyElementPresent(findTestObject("Konfirmasi pesanan shop/Tittle Konfirmasi Pesanan"), 0): Object 'Object Repository/Konfirmasi pesanan shop/Tittle Konfirmasi Pesanan' is present

2023-10-04 20:07:19 - [MESSAGE][WARNING] - Timeout '0' is invalid. Using default page load timeout: '30'

2023-10-04 20:07:20 - [MESSAGE][PASSED] - Object 'Object Repository/Konfirmasi pesanan shop/Tittle Konfirmasi Pesanan' is present

2023-10-04 20:07:20 - [TEST_STEP][PASSED] - setText(findTestObject("Konfirmasi pesanan shop/input_No Pesanan"), inv): Text 'TRX60.20231004200659' is set on object 'Object Repository/Konfirmasi pesanan shop/input_No Pesanan'

2023-10-04 20:07:20 - [MESSAGE][PASSED] - Text 'TRX60.20231004200659' is set on object 'Object Repository/Konfirmasi pesanan shop/input_No Pesanan'

2023-10-04 20:07:20 - [TEST_STEP][PASSED] - setText(findTestObject("Konfirmasi pesanan shop/input_Alamat E-mai"), "irfan@gmail.com"): Text 'irfan@gmail.com' is set on object 'Object Repository/Konfirmasi pesanan shop/input_Alamat E-mai'

2023-10-04 20:07:21 - [MESSAGE][PASSED] - Text 'irfan@gmail.com' is set on object 'Object Repository/Konfirmasi pesanan shop/input_Alamat E-mai'

2023-10-04 20:07:21 - [TEST_STEP][PASSED] - click(findTestObject("Konfirmasi pesanan shop/button_Submit")): Object: 'Object Repository/Konfirmasi pesanan shop/button_Submit' is clicked on

2023-10-04 20:07:22 - [MESSAGE][PASSED] - Object: 'Object Repository/Konfirmasi pesanan shop/button_Submit' is clicked on

2023-10-04 20:07:22 - [TEST_STEP][PASSED] - verifyElementPresent(findTestObject("Konfirmasi pesanan shop/Tittle nomor invoice"), 0): Object 'Object Repository/Konfirmasi pesanan shop/Tittle nomor invoice' is present

2023-10-04 20:07:22 - [MESSAGE][WARNING] - Timeout '0' is invalid. Using default page load timeout: '30'

2023-10-04 20:07:23 - [MESSAGE][PASSED] - Object 'Object Repository/Konfirmasi pesanan shop/Tittle nomor invoice' is present

2023-10-04 20:07:23 - [TEST_STEP][PASSED] - setText(findTestObject("Konfirmasi pesanan shop/input_Total TagihanTransfer_b"), Total): Text '8,458' is set on object 'Object Repository/Konfirmasi pesanan shop/input_Total TagihanTransfer_b'

2023-10-04 20:07:23 - [MESSAGE][PASSED] - Text '8,458' is set on object 'Object Repository/Konfirmasi pesanan shop/input_Total TagihanTransfer_b'

2023-10-04 20:07:23 - [TEST_STEP][PASSED] - selectOptionByValue(findTestObject("Konfirmasi pesanan shop/select_Bank"), "4", false): All options with value '4' are selected in object 'Object Repository/Konfirmasi pesanan shop/select_Bank' 

2023-10-04 20:07:24 - [MESSAGE][PASSED] - All options with value '4' are selected in object 'Object Repository/Konfirmasi pesanan shop/select_Bank' 

2023-10-04 20:07:24 - [TEST_STEP][PASSED] - setText(findTestObject("Konfirmasi pesanan shop/input_Nama Pengirim_d"), NamaPemesan): Text 'irfan.afandi' is set on object 'Object Repository/Konfirmasi pesanan shop/input_Nama Pengirim_d'

2023-10-04 20:07:25 - [MESSAGE][PASSED] - Text 'irfan.afandi' is set on object 'Object Repository/Konfirmasi pesanan shop/input_Nama Pengirim_d'

2023-10-04 20:07:25 - [TEST_STEP][PASSED] - uploadFile(findTestObject("keranjang/konfirmasi/input_Upload Bukti Transfer_f"), "C:\Users\IRFAN\Downloads\Berkas2.pdf"): File 'C:\Users\IRFAN\Downloads\Berkas2.pdf' sent to object: 'Object Repository/keranjang/konfirmasi/input_Upload Bukti Transfer_f'

2023-10-04 20:07:25 - [MESSAGE][PASSED] - File 'C:\Users\IRFAN\Downloads\Berkas2.pdf' sent to object: 'Object Repository/keranjang/konfirmasi/input_Upload Bukti Transfer_f'

2023-10-04 20:07:25 - [TEST_STEP][PASSED] - click(findTestObject("Konfirmasi pesanan shop/button_Konfirmasi Pembayaran")): Object: 'Object Repository/Konfirmasi pesanan shop/button_Konfirmasi Pembayaran' is clicked on

2023-10-04 20:07:26 - [MESSAGE][PASSED] - Object: 'Object Repository/Konfirmasi pesanan shop/button_Konfirmasi Pembayaran' is clicked on

2023-10-04 20:07:26 - [TEST_STEP][PASSED] - verifyElementPresent(findTestObject("Konfirmasi pesanan shop/Tittle Konfirmasi Pesanan"), 0): Object 'Object Repository/Konfirmasi pesanan shop/Tittle Konfirmasi Pesanan' is present

2023-10-04 20:07:27 - [MESSAGE][WARNING] - Timeout '0' is invalid. Using default page load timeout: '30'

2023-10-04 20:07:27 - [MESSAGE][PASSED] - Object 'Object Repository/Konfirmasi pesanan shop/Tittle Konfirmasi Pesanan' is present

2023-10-04 20:07:27 - [TEST_STEP][PASSED] - verifyElementPresent(findTestObject("Konfirmasi pesanan shop/Tittle massage succes Konfirmasi Pembayaran Pesanan"), 0): Object 'Object Repository/Konfirmasi pesanan shop/Tittle massage succes Konfirmasi Pembayaran Pesanan' is present

2023-10-04 20:07:27 - [MESSAGE][WARNING] - Timeout '0' is invalid. Using default page load timeout: '30'

2023-10-04 20:07:28 - [MESSAGE][PASSED] - Object 'Object Repository/Konfirmasi pesanan shop/Tittle massage succes Konfirmasi Pembayaran Pesanan' is present

2023-10-04 20:07:28 - [TEST_STEP][PASSED] - return data: null]]></system-out>
         <system-err><![CDATA[]]></system-err>
      </testcase>
      <testcase name="Test Cases/T13 Pembelian, Shipment dan Pembayaran/PBY-005" time="58.124" classname="Test Cases/T13 Pembelian, Shipment dan Pembayaran/PBY-005" status="PASSED">
         <system-out><![CDATA[2023-10-04 20:07:28 - [TEST_CASE][PASSED] - Test Cases/T13 Pembelian, Shipment dan Pembayaran/PBY-005: Test Cases/T13 Pembelian, Shipment dan Pembayaran/PBY-005

2023-10-04 20:07:28 - [TEST_STEP][PASSED] - data = callTestCase(findTestCase("T13 Pembelian, Shipment dan Pembayaran/PBY-001"), [:], STOP_ON_FAILURE): Call Test Case 'Test Cases/T13 Pembelian, Shipment dan Pembayaran/PBY-001' successfully

2023-10-04 20:07:28 - [TEST_CASE][PASSED] - Test Cases/T13 Pembelian, Shipment dan Pembayaran/PBY-001: Test Cases/T13 Pembelian, Shipment dan Pembayaran/PBY-001

2023-10-04 20:07:28 - [TEST_STEP][PASSED] - data = callTestCase(findTestCase("T13 Pembelian, Shipment dan Pembayaran/PBL-004"), ["Kurir":"Roda 2"], STOP_ON_FAILURE): Call Test Case 'Test Cases/T13 Pembelian, Shipment dan Pembayaran/PBL-004' successfully

2023-10-04 20:07:28 - [TEST_CASE][PASSED] - Test Cases/T13 Pembelian, Shipment dan Pembayaran/PBL-004: Test Cases/T13 Pembelian, Shipment dan Pembayaran/PBL-004

2023-10-04 20:07:28 - [TEST_STEP][PASSED] - data = callTestCase(findTestCase("T13 Pembelian, Shipment dan Pembayaran/PBL-002"), [:], STOP_ON_FAILURE): Call Test Case 'Test Cases/T13 Pembelian, Shipment dan Pembayaran/PBL-002' successfully

2023-10-04 20:07:28 - [TEST_CASE][PASSED] - Test Cases/T13 Pembelian, Shipment dan Pembayaran/PBL-002: Test Cases/T13 Pembelian, Shipment dan Pembayaran/PBL-002

2023-10-04 20:07:28 - [TEST_STEP][PASSED] - data = callTestCase(findTestCase("T13 Pembelian, Shipment dan Pembayaran/PBL-001"), [:], STOP_ON_FAILURE): Call Test Case 'Test Cases/T13 Pembelian, Shipment dan Pembayaran/PBL-001' successfully

2023-10-04 20:07:28 - [TEST_CASE][PASSED] - Test Cases/T13 Pembelian, Shipment dan Pembayaran/PBL-001: Test Cases/T13 Pembelian, Shipment dan Pembayaran/PBL-001

2023-10-04 20:07:28 - [TEST_STEP][PASSED] - callTestCase(findTestCase("T13 Pembelian, Shipment dan Pembayaran/LU-001"), ["username":"irfanafandi", "password":"12345irfan"], STOP_ON_FAILURE): Call Test Case 'Test Cases/T13 Pembelian, Shipment dan Pembayaran/LU-001' successfully

2023-10-04 20:07:29 - [TEST_CASE][PASSED] - Test Cases/T13 Pembelian, Shipment dan Pembayaran/LU-001: Test Cases/T13 Pembelian, Shipment dan Pembayaran/LU-001

2023-10-04 20:07:29 - [TEST_STEP][PASSED] - openBrowser("https://10.9.2.63/ecommerce/"): Browser is opened with url: 'https://10.9.2.63/ecommerce/'

2023-10-04 20:07:29 - [MESSAGE][WARNING] - A browser is already opened. Closing browser and opening a new one

2023-10-04 20:07:30 - [MESSAGE][INFO] - Starting 'Firefox' driver

2023-10-04 20:07:30 - [MESSAGE][INFO] - User set preference: ['args', '[--disable-notifications]']

2023-10-04 20:07:30 - [MESSAGE][INFO] - Action delay is set to 0 milliseconds

2023-10-04 20:07:35 - [MESSAGE][PASSED] - Browser is opened with url: 'https://10.9.2.63/ecommerce/'

2023-10-04 20:07:35 - [TEST_STEP][PASSED] - maximizeWindow(): Current window maximized

2023-10-04 20:07:35 - [MESSAGE][PASSED] - Current window maximized

2023-10-04 20:07:35 - [TEST_STEP][PASSED] - verifyElementPresent(findTestObject("Login/Home"), 0): Object 'Object Repository/Login/Home' is present

2023-10-04 20:07:35 - [MESSAGE][WARNING] - Timeout '0' is invalid. Using default page load timeout: '30'

2023-10-04 20:07:35 - [MESSAGE][PASSED] - Object 'Object Repository/Login/Home' is present

2023-10-04 20:07:35 - [TEST_STEP][PASSED] - click(findTestObject("Login/a_Login")): Object: 'Object Repository/Login/a_Login' is clicked on

2023-10-04 20:07:36 - [MESSAGE][PASSED] - Object: 'Object Repository/Login/a_Login' is clicked on

2023-10-04 20:07:36 - [TEST_STEP][PASSED] - verifyElementPresent(findTestObject("Login/Tittle Login"), 0): Object 'Object Repository/Login/Tittle Login' is present

2023-10-04 20:07:36 - [MESSAGE][WARNING] - Timeout '0' is invalid. Using default page load timeout: '30'

2023-10-04 20:07:36 - [MESSAGE][PASSED] - Object 'Object Repository/Login/Tittle Login' is present

2023-10-04 20:07:36 - [TEST_STEP][PASSED] - setText(findTestObject("Login/input_Username, Email atau No. Handphone_a"), username): Text 'irfanafandi' is set on object 'Object Repository/Login/input_Username, Email atau No. Handphone_a'

2023-10-04 20:07:37 - [MESSAGE][PASSED] - Text 'irfanafandi' is set on object 'Object Repository/Login/input_Username, Email atau No. Handphone_a'

2023-10-04 20:07:37 - [TEST_STEP][PASSED] - setText(findTestObject("Login/input_Password_b"), password): Text '12345irfan' is set on object 'Object Repository/Login/input_Password_b'

2023-10-04 20:07:37 - [MESSAGE][PASSED] - Text '12345irfan' is set on object 'Object Repository/Login/input_Password_b'

2023-10-04 20:07:37 - [TEST_STEP][PASSED] - click(findTestObject("Login/label_Ingat saya")): Object: 'Object Repository/Login/label_Ingat saya' is clicked on

2023-10-04 20:07:38 - [MESSAGE][PASSED] - Object: 'Object Repository/Login/label_Ingat saya' is clicked on

2023-10-04 20:07:38 - [TEST_STEP][PASSED] - click(findTestObject("Login/button_Masuk")): Object: 'Object Repository/Login/button_Masuk' is clicked on

2023-10-04 20:07:39 - [MESSAGE][PASSED] - Object: 'Object Repository/Login/button_Masuk' is clicked on

2023-10-04 20:07:39 - [TEST_STEP][PASSED] - verifyElementPresent(findTestObject("Login/li_Profile"), 0): Object 'Object Repository/Login/li_Profile' is present

2023-10-04 20:07:39 - [MESSAGE][WARNING] - Timeout '0' is invalid. Using default page load timeout: '30'

2023-10-04 20:07:40 - [MESSAGE][PASSED] - Object 'Object Repository/Login/li_Profile' is present

2023-10-04 20:07:40 - [MESSAGE][PASSED] - Call Test Case 'Test Cases/T13 Pembelian, Shipment dan Pembayaran/LU-001' successfully

2023-10-04 20:07:40 - [TEST_STEP][PASSED] - mouseOver(findTestObject("beli barang/i_Mulai Belanja_icon-menu")): Object: 'Object Repository/beli barang/i_Mulai Belanja_icon-menu' is hovered

2023-10-04 20:07:41 - [MESSAGE][PASSED] - Object: 'Object Repository/beli barang/i_Mulai Belanja_icon-menu' is hovered

2023-10-04 20:07:41 - [TEST_STEP][PASSED] - click(findTestObject("beli barang/a_Fashion  Busana Wanita")): Object: 'Object Repository/beli barang/a_Fashion  Busana Wanita' is clicked on

2023-10-04 20:07:42 - [MESSAGE][PASSED] - Object: 'Object Repository/beli barang/a_Fashion  Busana Wanita' is clicked on

2023-10-04 20:07:42 - [TEST_STEP][PASSED] - NamaSebelum = getText(findTestObject("verifikasi/Nama sebelum")): Text of object 'Object Repository/verifikasi/Nama sebelum' is: ''

2023-10-04 20:07:42 - [MESSAGE][PASSED] - Text of object 'Object Repository/verifikasi/Nama sebelum' is: ''

2023-10-04 20:07:42 - [TEST_STEP][PASSED] - HargaSebelum = getText(findTestObject("verifikasi/Harga sebelum")): Text of object 'Object Repository/verifikasi/Harga sebelum' is: 'Rp 1,299'

2023-10-04 20:07:43 - [MESSAGE][PASSED] - Text of object 'Object Repository/verifikasi/Harga sebelum' is: 'Rp 1,299'

2023-10-04 20:07:43 - [TEST_STEP][PASSED] - mouseOver(findTestObject("beli barang/barang mouse over")): Object: 'Object Repository/beli barang/barang mouse over' is hovered

2023-10-04 20:07:43 - [MESSAGE][PASSED] - Object: 'Object Repository/beli barang/barang mouse over' is hovered

2023-10-04 20:07:43 - [TEST_STEP][PASSED] - click(findTestObject("beli barang/buttom add to cart")): Object: 'Object Repository/beli barang/buttom add to cart' is clicked on

2023-10-04 20:07:44 - [MESSAGE][PASSED] - Object: 'Object Repository/beli barang/buttom add to cart' is clicked on

2023-10-04 20:07:44 - [TEST_STEP][PASSED] - NamaSesudah = getText(findTestObject("verifikasi/Nama sesudah")): Text of object 'Object Repository/verifikasi/Nama sesudah' is: 'Segitiga Instan Madeira - MDB5.3 Sunset'

2023-10-04 20:07:45 - [MESSAGE][PASSED] - Text of object 'Object Repository/verifikasi/Nama sesudah' is: 'Segitiga Instan Madeira - MDB5.3 Sunset'

2023-10-04 20:07:45 - [TEST_STEP][PASSED] - HargaSesudah = getText(findTestObject("verifikasi/Harga sesudah")): Text of object 'Object Repository/verifikasi/Harga sesudah' is: 'Rp 1,299'

2023-10-04 20:07:45 - [MESSAGE][PASSED] - Text of object 'Object Repository/verifikasi/Harga sesudah' is: 'Rp 1,299'

2023-10-04 20:07:45 - [TEST_STEP][PASSED] - assert NamaSesudah.contains(NamaSebelum): null

2023-10-04 20:07:45 - [TEST_STEP][PASSED] - assert HargaSesudah.contains(HargaSebelum): null

2023-10-04 20:07:45 - [TEST_STEP][PASSED] - click(findTestObject("beli barang/Tambah Keranjang busana wanita")): Object: 'Object Repository/beli barang/Tambah Keranjang busana wanita' is clicked on

2023-10-04 20:07:46 - [MESSAGE][PASSED] - Object: 'Object Repository/beli barang/Tambah Keranjang busana wanita' is clicked on

2023-10-04 20:07:46 - [TEST_STEP][PASSED] - verifyElementPresent(findTestObject("checkout/Notifikasi keranjang"), 1): Object 'Object Repository/checkout/Notifikasi keranjang' is present

2023-10-04 20:07:47 - [MESSAGE][PASSED] - Object 'Object Repository/checkout/Notifikasi keranjang' is present

2023-10-04 20:07:47 - [TEST_STEP][PASSED] - data = new java.util.HashMap(): null

2023-10-04 20:07:47 - [TEST_STEP][PASSED] - data.put("nama_barang", NamaSesudah): null

2023-10-04 20:07:47 - [TEST_STEP][PASSED] - data.put("price_barang", HargaSesudah): null

2023-10-04 20:07:47 - [TEST_STEP][PASSED] - return data: null

2023-10-04 20:07:47 - [MESSAGE][PASSED] - Call Test Case 'Test Cases/T13 Pembelian, Shipment dan Pembayaran/PBL-001' successfully

2023-10-04 20:07:47 - [TEST_STEP][PASSED] - mouseOver(findTestObject("beli barang/keranjang")): Object: 'Object Repository/beli barang/keranjang' is hovered

2023-10-04 20:07:47 - [MESSAGE][PASSED] - Object: 'Object Repository/beli barang/keranjang' is hovered

2023-10-04 20:07:47 - [TEST_STEP][PASSED] - click(findTestObject("beli barang/Lihat Sekarang")): Object: 'Object Repository/beli barang/Lihat Sekarang' is clicked on

2023-10-04 20:07:48 - [MESSAGE][PASSED] - Object: 'Object Repository/beli barang/Lihat Sekarang' is clicked on

2023-10-04 20:07:48 - [TEST_STEP][PASSED] - verifyElementPresent(findTestObject("keranjang/li_Keranjang Belanja"), 0): Object 'Object Repository/keranjang/li_Keranjang Belanja' is present

2023-10-04 20:07:48 - [MESSAGE][WARNING] - Timeout '0' is invalid. Using default page load timeout: '30'

2023-10-04 20:07:49 - [MESSAGE][PASSED] - Object 'Object Repository/keranjang/li_Keranjang Belanja' is present

2023-10-04 20:07:49 - [TEST_STEP][PASSED] - NamaKeranjang = getText(findTestObject("verifikasi/Nama keranjang")): Text of object 'Object Repository/verifikasi/Nama keranjang' is: 'Segitiga Instan Madeira - MDB5.3 Sunset'

2023-10-04 20:07:49 - [MESSAGE][PASSED] - Text of object 'Object Repository/verifikasi/Nama keranjang' is: 'Segitiga Instan Madeira - MDB5.3 Sunset'

2023-10-04 20:07:49 - [TEST_STEP][PASSED] - HargaKeranjang = getText(findTestObject("verifikasi/Harga Keranjang")): Text of object 'Object Repository/verifikasi/Harga Keranjang' is: 'Rp 1,299'

2023-10-04 20:07:50 - [MESSAGE][PASSED] - Text of object 'Object Repository/verifikasi/Harga Keranjang' is: 'Rp 1,299'

2023-10-04 20:07:50 - [TEST_STEP][PASSED] - if (toString().equalsIgnoreCase("Merah")): Object 'Object Repository/keranjang/input_Warna_variasi101' is checked

2023-10-04 20:07:50 - [TEST_STEP][PASSED] - check(findTestObject("Object Repository/keranjang/input_Warna_variasi101")): Object 'Object Repository/keranjang/input_Warna_variasi101' is checked

2023-10-04 20:07:50 - [MESSAGE][PASSED] - Object 'Object Repository/keranjang/input_Warna_variasi101' is checked

2023-10-04 20:07:50 - [TEST_STEP][PASSED] - if (toString().equalsIgnoreCase("Menengah")): Object 'Object Repository/keranjang/input_Ukuran_variasi201' is checked

2023-10-04 20:07:50 - [TEST_STEP][PASSED] - check(findTestObject("Object Repository/keranjang/input_Ukuran_variasi201")): Object 'Object Repository/keranjang/input_Ukuran_variasi201' is checked

2023-10-04 20:07:51 - [MESSAGE][PASSED] - Object 'Object Repository/keranjang/input_Ukuran_variasi201' is checked

2023-10-04 20:07:51 - [TEST_STEP][PASSED] - data.put("Warna", warna): null

2023-10-04 20:07:51 - [TEST_STEP][PASSED] - data.put("Ukuran", ukuran): null

2023-10-04 20:07:51 - [TEST_STEP][PASSED] - click(findTestObject("keranjang/button_Lanjut ke Pembayaran")): Object: 'Object Repository/keranjang/button_Lanjut ke Pembayaran' is clicked on

2023-10-04 20:07:52 - [MESSAGE][PASSED] - Object: 'Object Repository/keranjang/button_Lanjut ke Pembayaran' is clicked on

2023-10-04 20:07:52 - [TEST_STEP][PASSED] - verifyElementPresent(findTestObject("checkout/Tittle Checkout Order"), 0): Object 'Object Repository/checkout/Tittle Checkout Order' is present

2023-10-04 20:07:52 - [MESSAGE][WARNING] - Timeout '0' is invalid. Using default page load timeout: '30'

2023-10-04 20:07:53 - [MESSAGE][PASSED] - Object 'Object Repository/checkout/Tittle Checkout Order' is present

2023-10-04 20:07:53 - [TEST_STEP][PASSED] - name_product = data.get("nama_barang"): null

2023-10-04 20:07:53 - [TEST_STEP][PASSED] - price_product = data.get("price_barang"): null

2023-10-04 20:07:53 - [TEST_STEP][PASSED] - assert name_product == NamaKeranjang: null

2023-10-04 20:07:53 - [TEST_STEP][PASSED] - assert price_product == HargaKeranjang: null

2023-10-04 20:07:53 - [TEST_STEP][PASSED] - return data: null

2023-10-04 20:07:53 - [MESSAGE][PASSED] - Call Test Case 'Test Cases/T13 Pembelian, Shipment dan Pembayaran/PBL-002' successfully

2023-10-04 20:07:53 - [TEST_STEP][PASSED] - warnaa = getText(findTestObject("verifikasi/warna Merah")): Text of object 'Object Repository/verifikasi/warna Merah' is: 'Merah'

2023-10-04 20:07:53 - [MESSAGE][PASSED] - Text of object 'Object Repository/verifikasi/warna Merah' is: 'Merah'

2023-10-04 20:07:53 - [TEST_STEP][PASSED] - ukurann = getText(findTestObject("verifikasi/Ukuran Menengah")): Text of object 'Object Repository/verifikasi/Ukuran Menengah' is: 'Menengah'

2023-10-04 20:07:53 - [MESSAGE][PASSED] - Text of object 'Object Repository/verifikasi/Ukuran Menengah' is: 'Menengah'

2023-10-04 20:07:53 - [TEST_STEP][PASSED] - warna1 = data.get("Warna"): null

2023-10-04 20:07:53 - [TEST_STEP][PASSED] - ukuran1 = data.get("Ukuran"): null

2023-10-04 20:07:53 - [TEST_STEP][PASSED] - assert warnaa == warna1: null

2023-10-04 20:07:53 - [TEST_STEP][PASSED] - assert ukurann == ukuran1: null

2023-10-04 20:07:53 - [TEST_STEP][PASSED] - NamaCheckout = getText(findTestObject("verifikasi/NamaCheckout")): Text of object 'Object Repository/verifikasi/NamaCheckout' is: ''

2023-10-04 20:07:54 - [MESSAGE][PASSED] - Text of object 'Object Repository/verifikasi/NamaCheckout' is: ''

2023-10-04 20:07:54 - [TEST_STEP][PASSED] - HargaCheckout = getText(findTestObject("verifikasi/HargaCheckout")): Text of object 'Object Repository/verifikasi/HargaCheckout' is: '1,299'

2023-10-04 20:07:54 - [MESSAGE][PASSED] - Text of object 'Object Repository/verifikasi/HargaCheckout' is: '1,299'

2023-10-04 20:07:54 - [TEST_STEP][PASSED] - name_product = data.get("nama_barang"): null

2023-10-04 20:07:54 - [TEST_STEP][PASSED] - price_product = data.get("price_barang"): null

2023-10-04 20:07:54 - [TEST_STEP][PASSED] - assert name_product.contains(NamaCheckout): null

2023-10-04 20:07:54 - [TEST_STEP][PASSED] - assert price_product.contains(HargaCheckout): null

2023-10-04 20:07:54 - [TEST_STEP][PASSED] - selectOptionByLabel(findTestObject("checkout/select - Kirim via Kurir Lokal"), Kurir, false): All options with label 'Roda 2' are selected in object 'Object Repository/checkout/select - Kirim via Kurir Lokal' 

2023-10-04 20:07:55 - [MESSAGE][PASSED] - All options with label 'Roda 2' are selected in object 'Object Repository/checkout/select - Kirim via Kurir Lokal' 

2023-10-04 20:07:55 - [TEST_STEP][PASSED] - click(findTestObject("checkout/Kendaraan Kurir")): Object: 'Object Repository/checkout/Kendaraan Kurir' is clicked on

2023-10-04 20:07:56 - [MESSAGE][PASSED] - Object: 'Object Repository/checkout/Kendaraan Kurir' is clicked on

2023-10-04 20:07:56 - [TEST_STEP][PASSED] - OngkosKirim = getText(findTestObject("Object Repository/verifikasi/Ongkos Kirim checkout")): Text of object 'Object Repository/verifikasi/Ongkos Kirim checkout' is: 'Rp. 5,000'

2023-10-04 20:07:56 - [MESSAGE][PASSED] - Text of object 'Object Repository/verifikasi/Ongkos Kirim checkout' is: 'Rp. 5,000'

2023-10-04 20:07:56 - [TEST_STEP][PASSED] - Ongkos = OngkosKirim.substring(3, OngkosKirim.size()): null

2023-10-04 20:07:56 - [TEST_STEP][PASSED] - rep = Ongkos.replace(",", "."): null

2023-10-04 20:07:56 - [TEST_STEP][PASSED] - Ongkos_kirim = Double.parseDouble(rep): null

2023-10-04 20:07:56 - [TEST_STEP][PASSED] - println(Ongkos_kirim): null

2023-10-04 20:07:56 - [TEST_STEP][PASSED] - FeeAdmin = getText(findTestObject("verifikasi/Fee Admin checkout")): Text of object 'Object Repository/verifikasi/Fee Admin checkout' is: 'Fee Admin
Rp 1,500'

2023-10-04 20:07:56 - [MESSAGE][PASSED] - Text of object 'Object Repository/verifikasi/Fee Admin checkout' is: 'Fee Admin
Rp 1,500'

2023-10-04 20:07:56 - [TEST_STEP][PASSED] - Fee_Admin = FeeAdmin.substring(12, FeeAdmin.size()): null

2023-10-04 20:07:56 - [TEST_STEP][PASSED] - fee = Fee_Admin.replace(",", "."): null

2023-10-04 20:07:56 - [TEST_STEP][PASSED] - fee_admin = Double.parseDouble(fee): null

2023-10-04 20:07:56 - [TEST_STEP][PASSED] - println(fee_admin): null

2023-10-04 20:07:56 - [TEST_STEP][PASSED] - Subtotal = getText(findTestObject("verifikasi/subtotal checkout")): Text of object 'Object Repository/verifikasi/subtotal checkout' is: 'Subtotal
Rp 1,299'

2023-10-04 20:07:57 - [MESSAGE][PASSED] - Text of object 'Object Repository/verifikasi/subtotal checkout' is: 'Subtotal
Rp 1,299'

2023-10-04 20:07:57 - [TEST_STEP][PASSED] - sub_total = Subtotal.substring(12, Subtotal.size()): null

2023-10-04 20:07:57 - [TEST_STEP][PASSED] - sub = sub_total.replace(",", "."): null

2023-10-04 20:07:57 - [TEST_STEP][PASSED] - sub_total = Double.parseDouble(sub): null

2023-10-04 20:07:57 - [TEST_STEP][PASSED] - println(sub_total): null

2023-10-04 20:07:57 - [TEST_STEP][PASSED] - Total = getText(findTestObject("verifikasi/Total checkout")): Text of object 'Object Repository/verifikasi/Total checkout' is: 'Rp 7,799'

2023-10-04 20:07:58 - [MESSAGE][PASSED] - Text of object 'Object Repository/verifikasi/Total checkout' is: 'Rp 7,799'

2023-10-04 20:07:58 - [TEST_STEP][PASSED] - totall = Total.substring(3, Total.size()): null

2023-10-04 20:07:58 - [TEST_STEP][PASSED] - total = totall.replace(",", "."): null

2023-10-04 20:07:58 - [TEST_STEP][PASSED] - totall = Double.parseDouble(total): null

2023-10-04 20:07:58 - [TEST_STEP][PASSED] - println(totall): null

2023-10-04 20:07:58 - [TEST_STEP][PASSED] - Total_Harga = Ongkos_kirim + fee_admin + sub_total: null

2023-10-04 20:07:58 - [TEST_STEP][PASSED] - println(Total_Harga): null

2023-10-04 20:07:58 - [TEST_STEP][PASSED] - TotalHarga = Math.round(Total_Harga * 1000) / 1000: null

2023-10-04 20:07:58 - [TEST_STEP][PASSED] - println(TotalHarga): null

2023-10-04 20:07:58 - [TEST_STEP][PASSED] - assert totall == TotalHarga: null

2023-10-04 20:07:58 - [TEST_STEP][PASSED] - click(findTestObject("verifikasi/Metode Transfer")): Object: 'Object Repository/verifikasi/Metode Transfer' is clicked on

2023-10-04 20:07:58 - [MESSAGE][PASSED] - Object: 'Object Repository/verifikasi/Metode Transfer' is clicked on

2023-10-04 20:07:58 - [TEST_STEP][PASSED] - click(findTestObject("checkout/button_Proses Pembayaran")): Object: 'Object Repository/checkout/button_Proses Pembayaran' is clicked on

2023-10-04 20:08:04 - [MESSAGE][PASSED] - Object: 'Object Repository/checkout/button_Proses Pembayaran' is clicked on

2023-10-04 20:08:04 - [TEST_STEP][PASSED] - verifyElementPresent(findTestObject("pembayaran/Tittle nomor invoice"), 0): Object 'Object Repository/pembayaran/Tittle nomor invoice' is present

2023-10-04 20:08:04 - [MESSAGE][WARNING] - Timeout '0' is invalid. Using default page load timeout: '30'

2023-10-04 20:08:09 - [MESSAGE][PASSED] - Object 'Object Repository/pembayaran/Tittle nomor invoice' is present

2023-10-04 20:08:09 - [TEST_STEP][PASSED] - return data: null

2023-10-04 20:08:09 - [MESSAGE][PASSED] - Call Test Case 'Test Cases/T13 Pembelian, Shipment dan Pembayaran/PBL-004' successfully

2023-10-04 20:08:09 - [TEST_STEP][PASSED] - Invoice = getText(findTestObject("pembayaran/nomor invoice")): Text of object 'Object Repository/pembayaran/nomor invoice' is: 'TRX60.20231004200800'

2023-10-04 20:08:09 - [MESSAGE][PASSED] - Text of object 'Object Repository/pembayaran/nomor invoice' is: 'TRX60.20231004200800'

2023-10-04 20:08:09 - [TEST_STEP][PASSED] - data.put("invoice", Invoice): null

2023-10-04 20:08:09 - [TEST_STEP][PASSED] - NamaPemesan = getText(findTestObject("Konfirmasi pesanan shop/Nama pemesan")): Text of object 'Object Repository/Konfirmasi pesanan shop/Nama pemesan' is: 'irfan.afandi'

2023-10-04 20:08:10 - [MESSAGE][PASSED] - Text of object 'Object Repository/Konfirmasi pesanan shop/Nama pemesan' is: 'irfan.afandi'

2023-10-04 20:08:10 - [TEST_STEP][PASSED] - Nama = getText(findTestObject("pembayaran/Nama barang")): Text of object 'Object Repository/pembayaran/Nama barang' is: 'Segitiga Instan Madeira - MDB5.3 Sunset'

2023-10-04 20:08:10 - [MESSAGE][PASSED] - Text of object 'Object Repository/pembayaran/Nama barang' is: 'Segitiga Instan Madeira - MDB5.3 Sunset'

2023-10-04 20:08:10 - [TEST_STEP][PASSED] - Harga = getText(findTestObject("pembayaran/Harga barang")): Text of object 'Object Repository/pembayaran/Harga barang' is: '1,299'

2023-10-04 20:08:11 - [MESSAGE][PASSED] - Text of object 'Object Repository/pembayaran/Harga barang' is: '1,299'

2023-10-04 20:08:11 - [TEST_STEP][PASSED] - name_product = data.get("nama_barang"): null

2023-10-04 20:08:11 - [TEST_STEP][PASSED] - price_product = data.get("price_barang"): null

2023-10-04 20:08:11 - [TEST_STEP][PASSED] - assert name_product.contains(Nama): null

2023-10-04 20:08:11 - [TEST_STEP][PASSED] - assert price_product.contains(Harga): null

2023-10-04 20:08:11 - [TEST_STEP][PASSED] - warnaa = getText(findTestObject("pembayaran/warna")): Text of object 'Object Repository/pembayaran/warna' is: 'Merah'

2023-10-04 20:08:11 - [MESSAGE][PASSED] - Text of object 'Object Repository/pembayaran/warna' is: 'Merah'

2023-10-04 20:08:11 - [TEST_STEP][PASSED] - ukurann = getText(findTestObject("pembayaran/ukuran")): Text of object 'Object Repository/pembayaran/ukuran' is: 'Menengah'

2023-10-04 20:08:12 - [MESSAGE][PASSED] - Text of object 'Object Repository/pembayaran/ukuran' is: 'Menengah'

2023-10-04 20:08:12 - [TEST_STEP][PASSED] - warna1 = data.get("Warna"): null

2023-10-04 20:08:12 - [TEST_STEP][PASSED] - ukuran1 = data.get("Ukuran"): null

2023-10-04 20:08:12 - [TEST_STEP][PASSED] - assert warnaa == warna1: null

2023-10-04 20:08:12 - [TEST_STEP][PASSED] - assert ukurann == ukuran1: null

2023-10-04 20:08:12 - [TEST_STEP][PASSED] - statusPembelian = getText(findTestObject("verifikasi/Status pending di pembelian")): Text of object 'Object Repository/verifikasi/Status pending di pembelian' is: 'Pending'

2023-10-04 20:08:12 - [MESSAGE][PASSED] - Text of object 'Object Repository/verifikasi/Status pending di pembelian' is: 'Pending'

2023-10-04 20:08:12 - [TEST_STEP][PASSED] - data.put("statusPem", statusPembelian): null

2023-10-04 20:08:12 - [TEST_STEP][PASSED] - OngkosKirim = getText(findTestObject("pembayaran/ongkos kirim")): Text of object 'Object Repository/pembayaran/ongkos kirim' is: 'Rp 5,000'

2023-10-04 20:08:13 - [MESSAGE][PASSED] - Text of object 'Object Repository/pembayaran/ongkos kirim' is: 'Rp 5,000'

2023-10-04 20:08:13 - [TEST_STEP][PASSED] - Ongkos = OngkosKirim.substring(3, OngkosKirim.size()): null

2023-10-04 20:08:13 - [TEST_STEP][PASSED] - rep = Ongkos.replace(",", ""): null

2023-10-04 20:08:13 - [TEST_STEP][PASSED] - Ongkos_kirimm = Integer.parseInt(rep): null

2023-10-04 20:08:13 - [TEST_STEP][PASSED] - println(Ongkos_kirimm): null

2023-10-04 20:08:13 - [TEST_STEP][PASSED] - FeeAdmin = getText(findTestObject("pembayaran/fee admin")): Text of object 'Object Repository/pembayaran/fee admin' is: 'Rp 1,500'

2023-10-04 20:08:13 - [MESSAGE][PASSED] - Text of object 'Object Repository/pembayaran/fee admin' is: 'Rp 1,500'

2023-10-04 20:08:13 - [TEST_STEP][PASSED] - Fee_Admin = FeeAdmin.substring(3, FeeAdmin.size()): null

2023-10-04 20:08:13 - [TEST_STEP][PASSED] - fee = Fee_Admin.replace(",", ""): null

2023-10-04 20:08:13 - [TEST_STEP][PASSED] - fee_adminn = Integer.parseInt(fee): null

2023-10-04 20:08:13 - [TEST_STEP][PASSED] - println(fee_adminn): null

2023-10-04 20:08:13 - [TEST_STEP][PASSED] - Subtotal = getText(findTestObject("pembayaran/subtotal")): Text of object 'Object Repository/pembayaran/subtotal' is: 'Rp 1,299'

2023-10-04 20:08:14 - [MESSAGE][PASSED] - Text of object 'Object Repository/pembayaran/subtotal' is: 'Rp 1,299'

2023-10-04 20:08:14 - [TEST_STEP][PASSED] - sub_total = Subtotal.substring(3, Subtotal.size()): null

2023-10-04 20:08:14 - [TEST_STEP][PASSED] - sub = sub_total.replace(",", ""): null

2023-10-04 20:08:14 - [TEST_STEP][PASSED] - sub_totall = Integer.parseInt(sub): null

2023-10-04 20:08:14 - [TEST_STEP][PASSED] - println(sub_totall): null

2023-10-04 20:08:14 - [TEST_STEP][PASSED] - unik = getText(findTestObject("pembayaran/kode unik")): Text of object 'Object Repository/pembayaran/kode unik' is: '+800'

2023-10-04 20:08:14 - [MESSAGE][PASSED] - Text of object 'Object Repository/pembayaran/kode unik' is: '+800'

2023-10-04 20:08:14 - [TEST_STEP][PASSED] - unikk = unik.replace("+", ""): null

2023-10-04 20:08:14 - [TEST_STEP][PASSED] - kode_unik = Integer.parseInt(unikk): null

2023-10-04 20:08:14 - [TEST_STEP][PASSED] - println(kode_unik): null

2023-10-04 20:08:14 - [TEST_STEP][PASSED] - Total = getText(findTestObject("pembayaran/total")): Text of object 'Object Repository/pembayaran/total' is: '8,599'

2023-10-04 20:08:15 - [MESSAGE][PASSED] - Text of object 'Object Repository/pembayaran/total' is: '8,599'

2023-10-04 20:08:15 - [TEST_STEP][PASSED] - total = Total.replace(",", ""): null

2023-10-04 20:08:15 - [TEST_STEP][PASSED] - totalll = Integer.parseInt(total): null

2023-10-04 20:08:15 - [TEST_STEP][PASSED] - println(totalll): null

2023-10-04 20:08:15 - [TEST_STEP][PASSED] - Total_Hargaa = Ongkos_kirimm + fee_adminn + sub_totall + kode_unik: null

2023-10-04 20:08:15 - [TEST_STEP][PASSED] - println(Total_Hargaa): null

2023-10-04 20:08:15 - [TEST_STEP][PASSED] - assert totalll == Total_Hargaa: null

2023-10-04 20:08:15 - [TEST_STEP][PASSED] - data.put("total", Total): null

2023-10-04 20:08:15 - [TEST_STEP][PASSED] - data.put("nama", NamaPemesan): null

2023-10-04 20:08:15 - [TEST_STEP][PASSED] - return data: null

2023-10-04 20:08:15 - [MESSAGE][PASSED] - Call Test Case 'Test Cases/T13 Pembelian, Shipment dan Pembayaran/PBY-001' successfully

2023-10-04 20:08:15 - [TEST_STEP][PASSED] - inv = data.get("invoice"): null

2023-10-04 20:08:15 - [TEST_STEP][PASSED] - Total = data.get("total"): null

2023-10-04 20:08:15 - [TEST_STEP][PASSED] - NamaPemesan = data.get("nama"): null

2023-10-04 20:08:15 - [TEST_STEP][PASSED] - click(findTestObject("Konfirmasi pesanan shop/Menu Shop")): Object: 'Object Repository/Konfirmasi pesanan shop/Menu Shop' is clicked on

2023-10-04 20:08:16 - [MESSAGE][PASSED] - Object: 'Object Repository/Konfirmasi pesanan shop/Menu Shop' is clicked on

2023-10-04 20:08:16 - [TEST_STEP][PASSED] - click(findTestObject("Konfirmasi pesanan shop/Menu Shop")): Object: 'Object Repository/Konfirmasi pesanan shop/Menu Shop' is clicked on

2023-10-04 20:08:17 - [MESSAGE][PASSED] - Object: 'Object Repository/Konfirmasi pesanan shop/Menu Shop' is clicked on

2023-10-04 20:08:17 - [TEST_STEP][PASSED] - click(findTestObject("Konfirmasi pesanan shop/Konfirmasi Orders")): Object: 'Object Repository/Konfirmasi pesanan shop/Konfirmasi Orders' is clicked on

2023-10-04 20:08:18 - [MESSAGE][PASSED] - Object: 'Object Repository/Konfirmasi pesanan shop/Konfirmasi Orders' is clicked on

2023-10-04 20:08:18 - [TEST_STEP][PASSED] - verifyElementPresent(findTestObject("Konfirmasi pesanan shop/Tittle Konfirmasi Pesanan"), 0): Object 'Object Repository/Konfirmasi pesanan shop/Tittle Konfirmasi Pesanan' is present

2023-10-04 20:08:18 - [MESSAGE][WARNING] - Timeout '0' is invalid. Using default page load timeout: '30'

2023-10-04 20:08:20 - [MESSAGE][PASSED] - Object 'Object Repository/Konfirmasi pesanan shop/Tittle Konfirmasi Pesanan' is present

2023-10-04 20:08:20 - [TEST_STEP][PASSED] - setText(findTestObject("Konfirmasi pesanan shop/input_No Pesanan"), inv): Text 'TRX60.20231004200800' is set on object 'Object Repository/Konfirmasi pesanan shop/input_No Pesanan'

2023-10-04 20:08:20 - [MESSAGE][PASSED] - Text 'TRX60.20231004200800' is set on object 'Object Repository/Konfirmasi pesanan shop/input_No Pesanan'

2023-10-04 20:08:20 - [TEST_STEP][PASSED] - setText(findTestObject("Konfirmasi pesanan shop/input_Alamat E-mai"), "irfan@gmail.com"): Text 'irfan@gmail.com' is set on object 'Object Repository/Konfirmasi pesanan shop/input_Alamat E-mai'

2023-10-04 20:08:21 - [MESSAGE][PASSED] - Text 'irfan@gmail.com' is set on object 'Object Repository/Konfirmasi pesanan shop/input_Alamat E-mai'

2023-10-04 20:08:21 - [TEST_STEP][PASSED] - click(findTestObject("Konfirmasi pesanan shop/button_Submit")): Object: 'Object Repository/Konfirmasi pesanan shop/button_Submit' is clicked on

2023-10-04 20:08:22 - [MESSAGE][PASSED] - Object: 'Object Repository/Konfirmasi pesanan shop/button_Submit' is clicked on

2023-10-04 20:08:22 - [TEST_STEP][PASSED] - verifyElementPresent(findTestObject("Konfirmasi pesanan shop/Tittle nomor invoice"), 0): Object 'Object Repository/Konfirmasi pesanan shop/Tittle nomor invoice' is present

2023-10-04 20:08:22 - [MESSAGE][WARNING] - Timeout '0' is invalid. Using default page load timeout: '30'

2023-10-04 20:08:23 - [MESSAGE][PASSED] - Object 'Object Repository/Konfirmasi pesanan shop/Tittle nomor invoice' is present

2023-10-04 20:08:23 - [TEST_STEP][PASSED] - setText(findTestObject("Konfirmasi pesanan shop/input_Total TagihanTransfer_b"), Total): Text '8,599' is set on object 'Object Repository/Konfirmasi pesanan shop/input_Total TagihanTransfer_b'

2023-10-04 20:08:23 - [MESSAGE][PASSED] - Text '8,599' is set on object 'Object Repository/Konfirmasi pesanan shop/input_Total TagihanTransfer_b'

2023-10-04 20:08:23 - [TEST_STEP][PASSED] - selectOptionByValue(findTestObject("Konfirmasi pesanan shop/select_Bank"), "4", false): All options with value '4' are selected in object 'Object Repository/Konfirmasi pesanan shop/select_Bank' 

2023-10-04 20:08:24 - [MESSAGE][PASSED] - All options with value '4' are selected in object 'Object Repository/Konfirmasi pesanan shop/select_Bank' 

2023-10-04 20:08:24 - [TEST_STEP][PASSED] - clearText(findTestObject("Konfirmasi pesanan shop/input_Nama Pengirim_d"), STOP_ON_FAILURE): Text of object 'Object Repository/Konfirmasi pesanan shop/input_Nama Pengirim_d' is cleared

2023-10-04 20:08:25 - [MESSAGE][PASSED] - Text of object 'Object Repository/Konfirmasi pesanan shop/input_Nama Pengirim_d' is cleared

2023-10-04 20:08:25 - [TEST_STEP][PASSED] - uploadFile(findTestObject("Konfirmasi pesanan shop/input_Upload Bukti Transfer_f"), "C:\Users\IRFAN\Downloads\Berkas2.pdf"): File 'C:\Users\IRFAN\Downloads\Berkas2.pdf' sent to object: 'Object Repository/Konfirmasi pesanan shop/input_Upload Bukti Transfer_f'

2023-10-04 20:08:25 - [MESSAGE][PASSED] - File 'C:\Users\IRFAN\Downloads\Berkas2.pdf' sent to object: 'Object Repository/Konfirmasi pesanan shop/input_Upload Bukti Transfer_f'

2023-10-04 20:08:25 - [TEST_STEP][PASSED] - click(findTestObject("Konfirmasi pesanan shop/button_Konfirmasi Pembayaran")): Object: 'Object Repository/Konfirmasi pesanan shop/button_Konfirmasi Pembayaran' is clicked on

2023-10-04 20:08:26 - [MESSAGE][PASSED] - Object: 'Object Repository/Konfirmasi pesanan shop/button_Konfirmasi Pembayaran' is clicked on

2023-10-04 20:08:26 - [TEST_STEP][PASSED] - webDriver = getWebDriver(): null

2023-10-04 20:08:26 - [TEST_STEP][PASSED] - field_tagihan = webDriver.findElement(By.xpath("//input[@name="d"]")): null

2023-10-04 20:08:26 - [TEST_STEP][PASSED] - error_message = webDriver.executeScript("return arguments[0].validationMessage", field_tagihan): null

2023-10-04 20:08:26 - [TEST_STEP][PASSED] - println(error_message): null

2023-10-04 20:08:26 - [TEST_STEP][PASSED] - assert error_message == "Please fill out this field.": null]]></system-out>
         <system-err><![CDATA[]]></system-err>
      </testcase>
      <testcase name="Test Cases/T13 Pembelian, Shipment dan Pembayaran/PBY-006" time="59.376" classname="Test Cases/T13 Pembelian, Shipment dan Pembayaran/PBY-006" status="FAILED">
         <failure type="FAILED" message="Test Cases/T13 Pembelian, Shipment dan Pembayaran/PBY-006 FAILED.
Reason:
com.kms.katalon.core.exception.StepFailedException: Unable to verify text 'inputkan harus angka sesuai' is present 
	at com.kms.katalon.core.webui.keyword.internal.WebUIKeywordMain.stepFailed(WebUIKeywordMain.groovy:64)
	at com.kms.katalon.core.webui.keyword.internal.WebUIKeywordMain.runKeyword(WebUIKeywordMain.groovy:26)
	at com.kms.katalon.core.webui.keyword.builtin.VerifyTextPresentKeyword.verifyTextPresent(VerifyTextPresentKeyword.groovy:83)
	at com.kms.katalon.core.webui.keyword.builtin.VerifyTextPresentKeyword.execute(VerifyTextPresentKeyword.groovy:68)
	at com.kms.katalon.core.keyword.internal.KeywordExecutor.executeKeywordForPlatform(KeywordExecutor.groovy:74)
	at com.kms.katalon.core.webui.keyword.WebUiBuiltInKeywords.verifyTextPresent(WebUiBuiltInKeywords.groovy:1723)
	at com.kms.katalon.core.webui.keyword.WebUiBuiltInKeywords$verifyTextPresent$7.call(Unknown Source)
	at PBY-006.run(PBY-006:61)
	at com.kms.katalon.core.main.ScriptEngine.run(ScriptEngine.java:194)
	at com.kms.katalon.core.main.ScriptEngine.runScriptAsRawText(ScriptEngine.java:119)
	at com.kms.katalon.core.main.TestCaseExecutor.runScript(TestCaseExecutor.java:448)
	at com.kms.katalon.core.main.TestCaseExecutor.doExecute(TestCaseExecutor.java:439)
	at com.kms.katalon.core.main.TestCaseExecutor.processExecutionPhase(TestCaseExecutor.java:418)
	at com.kms.katalon.core.main.TestCaseExecutor.accessMainPhase(TestCaseExecutor.java:410)
	at com.kms.katalon.core.main.TestCaseExecutor.execute(TestCaseExecutor.java:285)
	at com.kms.katalon.core.common.CommonExecutor.accessTestCaseMainPhase(CommonExecutor.java:65)
	at com.kms.katalon.core.main.TestSuiteExecutor.accessTestSuiteMainPhase(TestSuiteExecutor.java:148)
	at com.kms.katalon.core.main.TestSuiteExecutor.execute(TestSuiteExecutor.java:106)
	at com.kms.katalon.core.main.TestCaseMain.startTestSuite(TestCaseMain.java:187)
	at com.kms.katalon.core.main.TestCaseMain$startTestSuite$0.call(Unknown Source)
	at TempTestSuite1696424348948.run(TempTestSuite1696424348948.groovy:36)
Caused by: com.kms.katalon.core.exception.StepFailedException: Text 'inputkan harus angka sesuai' is not present on page 
	at com.kms.katalon.core.webui.keyword.internal.WebUIKeywordMain.stepFailed(WebUIKeywordMain.groovy:64)
	at com.kms.katalon.core.webui.keyword.builtin.VerifyTextPresentKeyword$_verifyTextPresent_closure1.doCall(VerifyTextPresentKeyword.groovy:79)
	at com.kms.katalon.core.webui.keyword.builtin.VerifyTextPresentKeyword$_verifyTextPresent_closure1.call(VerifyTextPresentKeyword.groovy)
	at com.kms.katalon.core.webui.keyword.internal.WebUIKeywordMain.runKeyword(WebUIKeywordMain.groovy:20)
	... 19 more
"/>
         <system-out><![CDATA[2023-10-04 20:08:26 - [TEST_CASE][FAILED] - Test Cases/T13 Pembelian, Shipment dan Pembayaran/PBY-006: Test Cases/T13 Pembelian, Shipment dan Pembayaran/PBY-006 FAILED.
Reason:
com.kms.katalon.core.exception.StepFailedException: Unable to verify text 'inputkan harus angka sesuai' is present 
	at com.kms.katalon.core.webui.keyword.internal.WebUIKeywordMain.stepFailed(WebUIKeywordMain.groovy:64)
	at com.kms.katalon.core.webui.keyword.internal.WebUIKeywordMain.runKeyword(WebUIKeywordMain.groovy:26)
	at com.kms.katalon.core.webui.keyword.builtin.VerifyTextPresentKeyword.verifyTextPresent(VerifyTextPresentKeyword.groovy:83)
	at com.kms.katalon.core.webui.keyword.builtin.VerifyTextPresentKeyword.execute(VerifyTextPresentKeyword.groovy:68)
	at com.kms.katalon.core.keyword.internal.KeywordExecutor.executeKeywordForPlatform(KeywordExecutor.groovy:74)
	at com.kms.katalon.core.webui.keyword.WebUiBuiltInKeywords.verifyTextPresent(WebUiBuiltInKeywords.groovy:1723)
	at com.kms.katalon.core.webui.keyword.WebUiBuiltInKeywords$verifyTextPresent$7.call(Unknown Source)
	at PBY-006.run(PBY-006:61)
	at com.kms.katalon.core.main.ScriptEngine.run(ScriptEngine.java:194)
	at com.kms.katalon.core.main.ScriptEngine.runScriptAsRawText(ScriptEngine.java:119)
	at com.kms.katalon.core.main.TestCaseExecutor.runScript(TestCaseExecutor.java:448)
	at com.kms.katalon.core.main.TestCaseExecutor.doExecute(TestCaseExecutor.java:439)
	at com.kms.katalon.core.main.TestCaseExecutor.processExecutionPhase(TestCaseExecutor.java:418)
	at com.kms.katalon.core.main.TestCaseExecutor.accessMainPhase(TestCaseExecutor.java:410)
	at com.kms.katalon.core.main.TestCaseExecutor.execute(TestCaseExecutor.java:285)
	at com.kms.katalon.core.common.CommonExecutor.accessTestCaseMainPhase(CommonExecutor.java:65)
	at com.kms.katalon.core.main.TestSuiteExecutor.accessTestSuiteMainPhase(TestSuiteExecutor.java:148)
	at com.kms.katalon.core.main.TestSuiteExecutor.execute(TestSuiteExecutor.java:106)
	at com.kms.katalon.core.main.TestCaseMain.startTestSuite(TestCaseMain.java:187)
	at com.kms.katalon.core.main.TestCaseMain$startTestSuite$0.call(Unknown Source)
	at TempTestSuite1696424348948.run(TempTestSuite1696424348948.groovy:36)
Caused by: com.kms.katalon.core.exception.StepFailedException: Text 'inputkan harus angka sesuai' is not present on page 
	at com.kms.katalon.core.webui.keyword.internal.WebUIKeywordMain.stepFailed(WebUIKeywordMain.groovy:64)
	at com.kms.katalon.core.webui.keyword.builtin.VerifyTextPresentKeyword$_verifyTextPresent_closure1.doCall(VerifyTextPresentKeyword.groovy:79)
	at com.kms.katalon.core.webui.keyword.builtin.VerifyTextPresentKeyword$_verifyTextPresent_closure1.call(VerifyTextPresentKeyword.groovy)
	at com.kms.katalon.core.webui.keyword.internal.WebUIKeywordMain.runKeyword(WebUIKeywordMain.groovy:20)
	... 19 more


2023-10-04 20:08:26 - [TEST_STEP][PASSED] - data = callTestCase(findTestCase("T13 Pembelian, Shipment dan Pembayaran/PBY-001"), [:], STOP_ON_FAILURE): Call Test Case 'Test Cases/T13 Pembelian, Shipment dan Pembayaran/PBY-001' successfully

2023-10-04 20:08:26 - [TEST_CASE][PASSED] - Test Cases/T13 Pembelian, Shipment dan Pembayaran/PBY-001: Test Cases/T13 Pembelian, Shipment dan Pembayaran/PBY-001

2023-10-04 20:08:26 - [TEST_STEP][PASSED] - data = callTestCase(findTestCase("T13 Pembelian, Shipment dan Pembayaran/PBL-004"), ["Kurir":"Roda 2"], STOP_ON_FAILURE): Call Test Case 'Test Cases/T13 Pembelian, Shipment dan Pembayaran/PBL-004' successfully

2023-10-04 20:08:26 - [TEST_CASE][PASSED] - Test Cases/T13 Pembelian, Shipment dan Pembayaran/PBL-004: Test Cases/T13 Pembelian, Shipment dan Pembayaran/PBL-004

2023-10-04 20:08:26 - [TEST_STEP][PASSED] - data = callTestCase(findTestCase("T13 Pembelian, Shipment dan Pembayaran/PBL-002"), [:], STOP_ON_FAILURE): Call Test Case 'Test Cases/T13 Pembelian, Shipment dan Pembayaran/PBL-002' successfully

2023-10-04 20:08:26 - [TEST_CASE][PASSED] - Test Cases/T13 Pembelian, Shipment dan Pembayaran/PBL-002: Test Cases/T13 Pembelian, Shipment dan Pembayaran/PBL-002

2023-10-04 20:08:26 - [TEST_STEP][PASSED] - data = callTestCase(findTestCase("T13 Pembelian, Shipment dan Pembayaran/PBL-001"), [:], STOP_ON_FAILURE): Call Test Case 'Test Cases/T13 Pembelian, Shipment dan Pembayaran/PBL-001' successfully

2023-10-04 20:08:27 - [TEST_CASE][PASSED] - Test Cases/T13 Pembelian, Shipment dan Pembayaran/PBL-001: Test Cases/T13 Pembelian, Shipment dan Pembayaran/PBL-001

2023-10-04 20:08:27 - [TEST_STEP][PASSED] - callTestCase(findTestCase("T13 Pembelian, Shipment dan Pembayaran/LU-001"), ["username":"irfanafandi", "password":"12345irfan"], STOP_ON_FAILURE): Call Test Case 'Test Cases/T13 Pembelian, Shipment dan Pembayaran/LU-001' successfully

2023-10-04 20:08:27 - [TEST_CASE][PASSED] - Test Cases/T13 Pembelian, Shipment dan Pembayaran/LU-001: Test Cases/T13 Pembelian, Shipment dan Pembayaran/LU-001

2023-10-04 20:08:27 - [TEST_STEP][PASSED] - openBrowser("https://10.9.2.63/ecommerce/"): Browser is opened with url: 'https://10.9.2.63/ecommerce/'

2023-10-04 20:08:27 - [MESSAGE][WARNING] - A browser is already opened. Closing browser and opening a new one

2023-10-04 20:08:28 - [MESSAGE][INFO] - Starting 'Firefox' driver

2023-10-04 20:08:28 - [MESSAGE][INFO] - User set preference: ['args', '[--disable-notifications]']

2023-10-04 20:08:28 - [MESSAGE][INFO] - Action delay is set to 0 milliseconds

2023-10-04 20:08:32 - [MESSAGE][PASSED] - Browser is opened with url: 'https://10.9.2.63/ecommerce/'

2023-10-04 20:08:32 - [TEST_STEP][PASSED] - maximizeWindow(): Current window maximized

2023-10-04 20:08:33 - [MESSAGE][PASSED] - Current window maximized

2023-10-04 20:08:33 - [TEST_STEP][PASSED] - verifyElementPresent(findTestObject("Login/Home"), 0): Object 'Object Repository/Login/Home' is present

2023-10-04 20:08:33 - [MESSAGE][WARNING] - Timeout '0' is invalid. Using default page load timeout: '30'

2023-10-04 20:08:33 - [MESSAGE][PASSED] - Object 'Object Repository/Login/Home' is present

2023-10-04 20:08:33 - [TEST_STEP][PASSED] - click(findTestObject("Login/a_Login")): Object: 'Object Repository/Login/a_Login' is clicked on

2023-10-04 20:08:34 - [MESSAGE][PASSED] - Object: 'Object Repository/Login/a_Login' is clicked on

2023-10-04 20:08:34 - [TEST_STEP][PASSED] - verifyElementPresent(findTestObject("Login/Tittle Login"), 0): Object 'Object Repository/Login/Tittle Login' is present

2023-10-04 20:08:34 - [MESSAGE][WARNING] - Timeout '0' is invalid. Using default page load timeout: '30'

2023-10-04 20:08:34 - [MESSAGE][PASSED] - Object 'Object Repository/Login/Tittle Login' is present

2023-10-04 20:08:34 - [TEST_STEP][PASSED] - setText(findTestObject("Login/input_Username, Email atau No. Handphone_a"), username): Text 'irfanafandi' is set on object 'Object Repository/Login/input_Username, Email atau No. Handphone_a'

2023-10-04 20:08:35 - [MESSAGE][PASSED] - Text 'irfanafandi' is set on object 'Object Repository/Login/input_Username, Email atau No. Handphone_a'

2023-10-04 20:08:35 - [TEST_STEP][PASSED] - setText(findTestObject("Login/input_Password_b"), password): Text '12345irfan' is set on object 'Object Repository/Login/input_Password_b'

2023-10-04 20:08:35 - [MESSAGE][PASSED] - Text '12345irfan' is set on object 'Object Repository/Login/input_Password_b'

2023-10-04 20:08:35 - [TEST_STEP][PASSED] - click(findTestObject("Login/label_Ingat saya")): Object: 'Object Repository/Login/label_Ingat saya' is clicked on

2023-10-04 20:08:36 - [MESSAGE][PASSED] - Object: 'Object Repository/Login/label_Ingat saya' is clicked on

2023-10-04 20:08:36 - [TEST_STEP][PASSED] - click(findTestObject("Login/button_Masuk")): Object: 'Object Repository/Login/button_Masuk' is clicked on

2023-10-04 20:08:37 - [MESSAGE][PASSED] - Object: 'Object Repository/Login/button_Masuk' is clicked on

2023-10-04 20:08:37 - [TEST_STEP][PASSED] - verifyElementPresent(findTestObject("Login/li_Profile"), 0): Object 'Object Repository/Login/li_Profile' is present

2023-10-04 20:08:37 - [MESSAGE][WARNING] - Timeout '0' is invalid. Using default page load timeout: '30'

2023-10-04 20:08:38 - [MESSAGE][PASSED] - Object 'Object Repository/Login/li_Profile' is present

2023-10-04 20:08:38 - [MESSAGE][PASSED] - Call Test Case 'Test Cases/T13 Pembelian, Shipment dan Pembayaran/LU-001' successfully

2023-10-04 20:08:38 - [TEST_STEP][PASSED] - mouseOver(findTestObject("beli barang/i_Mulai Belanja_icon-menu")): Object: 'Object Repository/beli barang/i_Mulai Belanja_icon-menu' is hovered

2023-10-04 20:08:38 - [MESSAGE][PASSED] - Object: 'Object Repository/beli barang/i_Mulai Belanja_icon-menu' is hovered

2023-10-04 20:08:38 - [TEST_STEP][PASSED] - click(findTestObject("beli barang/a_Fashion  Busana Wanita")): Object: 'Object Repository/beli barang/a_Fashion  Busana Wanita' is clicked on

2023-10-04 20:08:39 - [MESSAGE][PASSED] - Object: 'Object Repository/beli barang/a_Fashion  Busana Wanita' is clicked on

2023-10-04 20:08:39 - [TEST_STEP][PASSED] - NamaSebelum = getText(findTestObject("verifikasi/Nama sebelum")): Text of object 'Object Repository/verifikasi/Nama sebelum' is: ''

2023-10-04 20:08:40 - [MESSAGE][PASSED] - Text of object 'Object Repository/verifikasi/Nama sebelum' is: ''

2023-10-04 20:08:40 - [TEST_STEP][PASSED] - HargaSebelum = getText(findTestObject("verifikasi/Harga sebelum")): Text of object 'Object Repository/verifikasi/Harga sebelum' is: 'Rp 1,299'

2023-10-04 20:08:40 - [MESSAGE][PASSED] - Text of object 'Object Repository/verifikasi/Harga sebelum' is: 'Rp 1,299'

2023-10-04 20:08:40 - [TEST_STEP][PASSED] - mouseOver(findTestObject("beli barang/barang mouse over")): Object: 'Object Repository/beli barang/barang mouse over' is hovered

2023-10-04 20:08:41 - [MESSAGE][PASSED] - Object: 'Object Repository/beli barang/barang mouse over' is hovered

2023-10-04 20:08:41 - [TEST_STEP][PASSED] - click(findTestObject("beli barang/buttom add to cart")): Object: 'Object Repository/beli barang/buttom add to cart' is clicked on

2023-10-04 20:08:42 - [MESSAGE][PASSED] - Object: 'Object Repository/beli barang/buttom add to cart' is clicked on

2023-10-04 20:08:42 - [TEST_STEP][PASSED] - NamaSesudah = getText(findTestObject("verifikasi/Nama sesudah")): Text of object 'Object Repository/verifikasi/Nama sesudah' is: 'Segitiga Instan Madeira - MDB5.3 Sunset'

2023-10-04 20:08:43 - [MESSAGE][PASSED] - Text of object 'Object Repository/verifikasi/Nama sesudah' is: 'Segitiga Instan Madeira - MDB5.3 Sunset'

2023-10-04 20:08:43 - [TEST_STEP][PASSED] - HargaSesudah = getText(findTestObject("verifikasi/Harga sesudah")): Text of object 'Object Repository/verifikasi/Harga sesudah' is: 'Rp 1,299'

2023-10-04 20:08:43 - [MESSAGE][PASSED] - Text of object 'Object Repository/verifikasi/Harga sesudah' is: 'Rp 1,299'

2023-10-04 20:08:43 - [TEST_STEP][PASSED] - assert NamaSesudah.contains(NamaSebelum): null

2023-10-04 20:08:43 - [TEST_STEP][PASSED] - assert HargaSesudah.contains(HargaSebelum): null

2023-10-04 20:08:43 - [TEST_STEP][PASSED] - click(findTestObject("beli barang/Tambah Keranjang busana wanita")): Object: 'Object Repository/beli barang/Tambah Keranjang busana wanita' is clicked on

2023-10-04 20:08:44 - [MESSAGE][PASSED] - Object: 'Object Repository/beli barang/Tambah Keranjang busana wanita' is clicked on

2023-10-04 20:08:44 - [TEST_STEP][PASSED] - verifyElementPresent(findTestObject("checkout/Notifikasi keranjang"), 1): Object 'Object Repository/checkout/Notifikasi keranjang' is present

2023-10-04 20:08:44 - [MESSAGE][PASSED] - Object 'Object Repository/checkout/Notifikasi keranjang' is present

2023-10-04 20:08:44 - [TEST_STEP][PASSED] - data = new java.util.HashMap(): null

2023-10-04 20:08:44 - [TEST_STEP][PASSED] - data.put("nama_barang", NamaSesudah): null

2023-10-04 20:08:44 - [TEST_STEP][PASSED] - data.put("price_barang", HargaSesudah): null

2023-10-04 20:08:44 - [TEST_STEP][PASSED] - return data: null

2023-10-04 20:08:44 - [MESSAGE][PASSED] - Call Test Case 'Test Cases/T13 Pembelian, Shipment dan Pembayaran/PBL-001' successfully

2023-10-04 20:08:44 - [TEST_STEP][PASSED] - mouseOver(findTestObject("beli barang/keranjang")): Object: 'Object Repository/beli barang/keranjang' is hovered

2023-10-04 20:08:45 - [MESSAGE][PASSED] - Object: 'Object Repository/beli barang/keranjang' is hovered

2023-10-04 20:08:45 - [TEST_STEP][PASSED] - click(findTestObject("beli barang/Lihat Sekarang")): Object: 'Object Repository/beli barang/Lihat Sekarang' is clicked on

2023-10-04 20:08:46 - [MESSAGE][PASSED] - Object: 'Object Repository/beli barang/Lihat Sekarang' is clicked on

2023-10-04 20:08:46 - [TEST_STEP][PASSED] - verifyElementPresent(findTestObject("keranjang/li_Keranjang Belanja"), 0): Object 'Object Repository/keranjang/li_Keranjang Belanja' is present

2023-10-04 20:08:46 - [MESSAGE][WARNING] - Timeout '0' is invalid. Using default page load timeout: '30'

2023-10-04 20:08:47 - [MESSAGE][PASSED] - Object 'Object Repository/keranjang/li_Keranjang Belanja' is present

2023-10-04 20:08:47 - [TEST_STEP][PASSED] - NamaKeranjang = getText(findTestObject("verifikasi/Nama keranjang")): Text of object 'Object Repository/verifikasi/Nama keranjang' is: 'Segitiga Instan Madeira - MDB5.3 Sunset'

2023-10-04 20:08:47 - [MESSAGE][PASSED] - Text of object 'Object Repository/verifikasi/Nama keranjang' is: 'Segitiga Instan Madeira - MDB5.3 Sunset'

2023-10-04 20:08:47 - [TEST_STEP][PASSED] - HargaKeranjang = getText(findTestObject("verifikasi/Harga Keranjang")): Text of object 'Object Repository/verifikasi/Harga Keranjang' is: 'Rp 1,299'

2023-10-04 20:08:48 - [MESSAGE][PASSED] - Text of object 'Object Repository/verifikasi/Harga Keranjang' is: 'Rp 1,299'

2023-10-04 20:08:48 - [TEST_STEP][PASSED] - if (toString().equalsIgnoreCase("Merah")): Object 'Object Repository/keranjang/input_Warna_variasi101' is checked

2023-10-04 20:08:48 - [TEST_STEP][PASSED] - check(findTestObject("Object Repository/keranjang/input_Warna_variasi101")): Object 'Object Repository/keranjang/input_Warna_variasi101' is checked

2023-10-04 20:08:48 - [MESSAGE][PASSED] - Object 'Object Repository/keranjang/input_Warna_variasi101' is checked

2023-10-04 20:08:48 - [TEST_STEP][PASSED] - if (toString().equalsIgnoreCase("Menengah")): Object 'Object Repository/keranjang/input_Ukuran_variasi201' is checked

2023-10-04 20:08:48 - [TEST_STEP][PASSED] - check(findTestObject("Object Repository/keranjang/input_Ukuran_variasi201")): Object 'Object Repository/keranjang/input_Ukuran_variasi201' is checked

2023-10-04 20:08:49 - [MESSAGE][PASSED] - Object 'Object Repository/keranjang/input_Ukuran_variasi201' is checked

2023-10-04 20:08:49 - [TEST_STEP][PASSED] - data.put("Warna", warna): null

2023-10-04 20:08:49 - [TEST_STEP][PASSED] - data.put("Ukuran", ukuran): null

2023-10-04 20:08:49 - [TEST_STEP][PASSED] - click(findTestObject("keranjang/button_Lanjut ke Pembayaran")): Object: 'Object Repository/keranjang/button_Lanjut ke Pembayaran' is clicked on

2023-10-04 20:08:50 - [MESSAGE][PASSED] - Object: 'Object Repository/keranjang/button_Lanjut ke Pembayaran' is clicked on

2023-10-04 20:08:50 - [TEST_STEP][PASSED] - verifyElementPresent(findTestObject("checkout/Tittle Checkout Order"), 0): Object 'Object Repository/checkout/Tittle Checkout Order' is present

2023-10-04 20:08:50 - [MESSAGE][WARNING] - Timeout '0' is invalid. Using default page load timeout: '30'

2023-10-04 20:08:51 - [MESSAGE][PASSED] - Object 'Object Repository/checkout/Tittle Checkout Order' is present

2023-10-04 20:08:51 - [TEST_STEP][PASSED] - name_product = data.get("nama_barang"): null

2023-10-04 20:08:51 - [TEST_STEP][PASSED] - price_product = data.get("price_barang"): null

2023-10-04 20:08:51 - [TEST_STEP][PASSED] - assert name_product == NamaKeranjang: null

2023-10-04 20:08:51 - [TEST_STEP][PASSED] - assert price_product == HargaKeranjang: null

2023-10-04 20:08:51 - [TEST_STEP][PASSED] - return data: null

2023-10-04 20:08:51 - [MESSAGE][PASSED] - Call Test Case 'Test Cases/T13 Pembelian, Shipment dan Pembayaran/PBL-002' successfully

2023-10-04 20:08:51 - [TEST_STEP][PASSED] - warnaa = getText(findTestObject("verifikasi/warna Merah")): Text of object 'Object Repository/verifikasi/warna Merah' is: 'Merah'

2023-10-04 20:08:51 - [MESSAGE][PASSED] - Text of object 'Object Repository/verifikasi/warna Merah' is: 'Merah'

2023-10-04 20:08:51 - [TEST_STEP][PASSED] - ukurann = getText(findTestObject("verifikasi/Ukuran Menengah")): Text of object 'Object Repository/verifikasi/Ukuran Menengah' is: 'Menengah'

2023-10-04 20:08:51 - [MESSAGE][PASSED] - Text of object 'Object Repository/verifikasi/Ukuran Menengah' is: 'Menengah'

2023-10-04 20:08:51 - [TEST_STEP][PASSED] - warna1 = data.get("Warna"): null

2023-10-04 20:08:51 - [TEST_STEP][PASSED] - ukuran1 = data.get("Ukuran"): null

2023-10-04 20:08:51 - [TEST_STEP][PASSED] - assert warnaa == warna1: null

2023-10-04 20:08:51 - [TEST_STEP][PASSED] - assert ukurann == ukuran1: null

2023-10-04 20:08:51 - [TEST_STEP][PASSED] - NamaCheckout = getText(findTestObject("verifikasi/NamaCheckout")): Text of object 'Object Repository/verifikasi/NamaCheckout' is: ''

2023-10-04 20:08:52 - [MESSAGE][PASSED] - Text of object 'Object Repository/verifikasi/NamaCheckout' is: ''

2023-10-04 20:08:52 - [TEST_STEP][PASSED] - HargaCheckout = getText(findTestObject("verifikasi/HargaCheckout")): Text of object 'Object Repository/verifikasi/HargaCheckout' is: '1,299'

2023-10-04 20:08:52 - [MESSAGE][PASSED] - Text of object 'Object Repository/verifikasi/HargaCheckout' is: '1,299'

2023-10-04 20:08:52 - [TEST_STEP][PASSED] - name_product = data.get("nama_barang"): null

2023-10-04 20:08:52 - [TEST_STEP][PASSED] - price_product = data.get("price_barang"): null

2023-10-04 20:08:52 - [TEST_STEP][PASSED] - assert name_product.contains(NamaCheckout): null

2023-10-04 20:08:52 - [TEST_STEP][PASSED] - assert price_product.contains(HargaCheckout): null

2023-10-04 20:08:52 - [TEST_STEP][PASSED] - selectOptionByLabel(findTestObject("checkout/select - Kirim via Kurir Lokal"), Kurir, false): All options with label 'Roda 2' are selected in object 'Object Repository/checkout/select - Kirim via Kurir Lokal' 

2023-10-04 20:08:53 - [MESSAGE][PASSED] - All options with label 'Roda 2' are selected in object 'Object Repository/checkout/select - Kirim via Kurir Lokal' 

2023-10-04 20:08:53 - [TEST_STEP][PASSED] - click(findTestObject("checkout/Kendaraan Kurir")): Object: 'Object Repository/checkout/Kendaraan Kurir' is clicked on

2023-10-04 20:08:54 - [MESSAGE][PASSED] - Object: 'Object Repository/checkout/Kendaraan Kurir' is clicked on

2023-10-04 20:08:54 - [TEST_STEP][PASSED] - OngkosKirim = getText(findTestObject("Object Repository/verifikasi/Ongkos Kirim checkout")): Text of object 'Object Repository/verifikasi/Ongkos Kirim checkout' is: 'Rp. 5,000'

2023-10-04 20:08:54 - [MESSAGE][PASSED] - Text of object 'Object Repository/verifikasi/Ongkos Kirim checkout' is: 'Rp. 5,000'

2023-10-04 20:08:54 - [TEST_STEP][PASSED] - Ongkos = OngkosKirim.substring(3, OngkosKirim.size()): null

2023-10-04 20:08:54 - [TEST_STEP][PASSED] - rep = Ongkos.replace(",", "."): null

2023-10-04 20:08:54 - [TEST_STEP][PASSED] - Ongkos_kirim = Double.parseDouble(rep): null

2023-10-04 20:08:54 - [TEST_STEP][PASSED] - println(Ongkos_kirim): null

2023-10-04 20:08:54 - [TEST_STEP][PASSED] - FeeAdmin = getText(findTestObject("verifikasi/Fee Admin checkout")): Text of object 'Object Repository/verifikasi/Fee Admin checkout' is: 'Fee Admin
Rp 1,500'

2023-10-04 20:08:54 - [MESSAGE][PASSED] - Text of object 'Object Repository/verifikasi/Fee Admin checkout' is: 'Fee Admin
Rp 1,500'

2023-10-04 20:08:54 - [TEST_STEP][PASSED] - Fee_Admin = FeeAdmin.substring(12, FeeAdmin.size()): null

2023-10-04 20:08:54 - [TEST_STEP][PASSED] - fee = Fee_Admin.replace(",", "."): null

2023-10-04 20:08:54 - [TEST_STEP][PASSED] - fee_admin = Double.parseDouble(fee): null

2023-10-04 20:08:54 - [TEST_STEP][PASSED] - println(fee_admin): null

2023-10-04 20:08:54 - [TEST_STEP][PASSED] - Subtotal = getText(findTestObject("verifikasi/subtotal checkout")): Text of object 'Object Repository/verifikasi/subtotal checkout' is: 'Subtotal
Rp 1,299'

2023-10-04 20:08:55 - [MESSAGE][PASSED] - Text of object 'Object Repository/verifikasi/subtotal checkout' is: 'Subtotal
Rp 1,299'

2023-10-04 20:08:55 - [TEST_STEP][PASSED] - sub_total = Subtotal.substring(12, Subtotal.size()): null

2023-10-04 20:08:55 - [TEST_STEP][PASSED] - sub = sub_total.replace(",", "."): null

2023-10-04 20:08:55 - [TEST_STEP][PASSED] - sub_total = Double.parseDouble(sub): null

2023-10-04 20:08:55 - [TEST_STEP][PASSED] - println(sub_total): null

2023-10-04 20:08:55 - [TEST_STEP][PASSED] - Total = getText(findTestObject("verifikasi/Total checkout")): Text of object 'Object Repository/verifikasi/Total checkout' is: 'Rp 7,799'

2023-10-04 20:08:55 - [MESSAGE][PASSED] - Text of object 'Object Repository/verifikasi/Total checkout' is: 'Rp 7,799'

2023-10-04 20:08:55 - [TEST_STEP][PASSED] - totall = Total.substring(3, Total.size()): null

2023-10-04 20:08:55 - [TEST_STEP][PASSED] - total = totall.replace(",", "."): null

2023-10-04 20:08:55 - [TEST_STEP][PASSED] - totall = Double.parseDouble(total): null

2023-10-04 20:08:55 - [TEST_STEP][PASSED] - println(totall): null

2023-10-04 20:08:55 - [TEST_STEP][PASSED] - Total_Harga = Ongkos_kirim + fee_admin + sub_total: null

2023-10-04 20:08:55 - [TEST_STEP][PASSED] - println(Total_Harga): null

2023-10-04 20:08:55 - [TEST_STEP][PASSED] - TotalHarga = Math.round(Total_Harga * 1000) / 1000: null

2023-10-04 20:08:55 - [TEST_STEP][PASSED] - println(TotalHarga): null

2023-10-04 20:08:55 - [TEST_STEP][PASSED] - assert totall == TotalHarga: null

2023-10-04 20:08:55 - [TEST_STEP][PASSED] - click(findTestObject("verifikasi/Metode Transfer")): Object: 'Object Repository/verifikasi/Metode Transfer' is clicked on

2023-10-04 20:08:56 - [MESSAGE][PASSED] - Object: 'Object Repository/verifikasi/Metode Transfer' is clicked on

2023-10-04 20:08:56 - [TEST_STEP][PASSED] - click(findTestObject("checkout/button_Proses Pembayaran")): Object: 'Object Repository/checkout/button_Proses Pembayaran' is clicked on

2023-10-04 20:09:02 - [MESSAGE][PASSED] - Object: 'Object Repository/checkout/button_Proses Pembayaran' is clicked on

2023-10-04 20:09:02 - [TEST_STEP][PASSED] - verifyElementPresent(findTestObject("pembayaran/Tittle nomor invoice"), 0): Object 'Object Repository/pembayaran/Tittle nomor invoice' is present

2023-10-04 20:09:02 - [MESSAGE][WARNING] - Timeout '0' is invalid. Using default page load timeout: '30'

2023-10-04 20:09:07 - [MESSAGE][PASSED] - Object 'Object Repository/pembayaran/Tittle nomor invoice' is present

2023-10-04 20:09:07 - [TEST_STEP][PASSED] - return data: null

2023-10-04 20:09:07 - [MESSAGE][PASSED] - Call Test Case 'Test Cases/T13 Pembelian, Shipment dan Pembayaran/PBL-004' successfully

2023-10-04 20:09:07 - [TEST_STEP][PASSED] - Invoice = getText(findTestObject("pembayaran/nomor invoice")): Text of object 'Object Repository/pembayaran/nomor invoice' is: 'TRX60.20231004200858'

2023-10-04 20:09:07 - [MESSAGE][PASSED] - Text of object 'Object Repository/pembayaran/nomor invoice' is: 'TRX60.20231004200858'

2023-10-04 20:09:07 - [TEST_STEP][PASSED] - data.put("invoice", Invoice): null

2023-10-04 20:09:07 - [TEST_STEP][PASSED] - NamaPemesan = getText(findTestObject("Konfirmasi pesanan shop/Nama pemesan")): Text of object 'Object Repository/Konfirmasi pesanan shop/Nama pemesan' is: 'irfan.afandi'

2023-10-04 20:09:07 - [MESSAGE][PASSED] - Text of object 'Object Repository/Konfirmasi pesanan shop/Nama pemesan' is: 'irfan.afandi'

2023-10-04 20:09:07 - [TEST_STEP][PASSED] - Nama = getText(findTestObject("pembayaran/Nama barang")): Text of object 'Object Repository/pembayaran/Nama barang' is: 'Segitiga Instan Madeira - MDB5.3 Sunset'

2023-10-04 20:09:08 - [MESSAGE][PASSED] - Text of object 'Object Repository/pembayaran/Nama barang' is: 'Segitiga Instan Madeira - MDB5.3 Sunset'

2023-10-04 20:09:08 - [TEST_STEP][PASSED] - Harga = getText(findTestObject("pembayaran/Harga barang")): Text of object 'Object Repository/pembayaran/Harga barang' is: '1,299'

2023-10-04 20:09:09 - [MESSAGE][PASSED] - Text of object 'Object Repository/pembayaran/Harga barang' is: '1,299'

2023-10-04 20:09:09 - [TEST_STEP][PASSED] - name_product = data.get("nama_barang"): null

2023-10-04 20:09:09 - [TEST_STEP][PASSED] - price_product = data.get("price_barang"): null

2023-10-04 20:09:09 - [TEST_STEP][PASSED] - assert name_product.contains(Nama): null

2023-10-04 20:09:09 - [TEST_STEP][PASSED] - assert price_product.contains(Harga): null

2023-10-04 20:09:09 - [TEST_STEP][PASSED] - warnaa = getText(findTestObject("pembayaran/warna")): Text of object 'Object Repository/pembayaran/warna' is: 'Merah'

2023-10-04 20:09:09 - [MESSAGE][PASSED] - Text of object 'Object Repository/pembayaran/warna' is: 'Merah'

2023-10-04 20:09:09 - [TEST_STEP][PASSED] - ukurann = getText(findTestObject("pembayaran/ukuran")): Text of object 'Object Repository/pembayaran/ukuran' is: 'Menengah'

2023-10-04 20:09:10 - [MESSAGE][PASSED] - Text of object 'Object Repository/pembayaran/ukuran' is: 'Menengah'

2023-10-04 20:09:10 - [TEST_STEP][PASSED] - warna1 = data.get("Warna"): null

2023-10-04 20:09:10 - [TEST_STEP][PASSED] - ukuran1 = data.get("Ukuran"): null

2023-10-04 20:09:10 - [TEST_STEP][PASSED] - assert warnaa == warna1: null

2023-10-04 20:09:10 - [TEST_STEP][PASSED] - assert ukurann == ukuran1: null

2023-10-04 20:09:10 - [TEST_STEP][PASSED] - statusPembelian = getText(findTestObject("verifikasi/Status pending di pembelian")): Text of object 'Object Repository/verifikasi/Status pending di pembelian' is: 'Pending'

2023-10-04 20:09:10 - [MESSAGE][PASSED] - Text of object 'Object Repository/verifikasi/Status pending di pembelian' is: 'Pending'

2023-10-04 20:09:10 - [TEST_STEP][PASSED] - data.put("statusPem", statusPembelian): null

2023-10-04 20:09:10 - [TEST_STEP][PASSED] - OngkosKirim = getText(findTestObject("pembayaran/ongkos kirim")): Text of object 'Object Repository/pembayaran/ongkos kirim' is: 'Rp 5,000'

2023-10-04 20:09:11 - [MESSAGE][PASSED] - Text of object 'Object Repository/pembayaran/ongkos kirim' is: 'Rp 5,000'

2023-10-04 20:09:11 - [TEST_STEP][PASSED] - Ongkos = OngkosKirim.substring(3, OngkosKirim.size()): null

2023-10-04 20:09:11 - [TEST_STEP][PASSED] - rep = Ongkos.replace(",", ""): null

2023-10-04 20:09:11 - [TEST_STEP][PASSED] - Ongkos_kirimm = Integer.parseInt(rep): null

2023-10-04 20:09:11 - [TEST_STEP][PASSED] - println(Ongkos_kirimm): null

2023-10-04 20:09:11 - [TEST_STEP][PASSED] - FeeAdmin = getText(findTestObject("pembayaran/fee admin")): Text of object 'Object Repository/pembayaran/fee admin' is: 'Rp 1,500'

2023-10-04 20:09:11 - [MESSAGE][PASSED] - Text of object 'Object Repository/pembayaran/fee admin' is: 'Rp 1,500'

2023-10-04 20:09:11 - [TEST_STEP][PASSED] - Fee_Admin = FeeAdmin.substring(3, FeeAdmin.size()): null

2023-10-04 20:09:11 - [TEST_STEP][PASSED] - fee = Fee_Admin.replace(",", ""): null

2023-10-04 20:09:11 - [TEST_STEP][PASSED] - fee_adminn = Integer.parseInt(fee): null

2023-10-04 20:09:11 - [TEST_STEP][PASSED] - println(fee_adminn): null

2023-10-04 20:09:11 - [TEST_STEP][PASSED] - Subtotal = getText(findTestObject("pembayaran/subtotal")): Text of object 'Object Repository/pembayaran/subtotal' is: 'Rp 1,299'

2023-10-04 20:09:12 - [MESSAGE][PASSED] - Text of object 'Object Repository/pembayaran/subtotal' is: 'Rp 1,299'

2023-10-04 20:09:12 - [TEST_STEP][PASSED] - sub_total = Subtotal.substring(3, Subtotal.size()): null

2023-10-04 20:09:12 - [TEST_STEP][PASSED] - sub = sub_total.replace(",", ""): null

2023-10-04 20:09:12 - [TEST_STEP][PASSED] - sub_totall = Integer.parseInt(sub): null

2023-10-04 20:09:12 - [TEST_STEP][PASSED] - println(sub_totall): null

2023-10-04 20:09:12 - [TEST_STEP][PASSED] - unik = getText(findTestObject("pembayaran/kode unik")): Text of object 'Object Repository/pembayaran/kode unik' is: '+858'

2023-10-04 20:09:12 - [MESSAGE][PASSED] - Text of object 'Object Repository/pembayaran/kode unik' is: '+858'

2023-10-04 20:09:12 - [TEST_STEP][PASSED] - unikk = unik.replace("+", ""): null

2023-10-04 20:09:12 - [TEST_STEP][PASSED] - kode_unik = Integer.parseInt(unikk): null

2023-10-04 20:09:12 - [TEST_STEP][PASSED] - println(kode_unik): null

2023-10-04 20:09:12 - [TEST_STEP][PASSED] - Total = getText(findTestObject("pembayaran/total")): Text of object 'Object Repository/pembayaran/total' is: '8,657'

2023-10-04 20:09:13 - [MESSAGE][PASSED] - Text of object 'Object Repository/pembayaran/total' is: '8,657'

2023-10-04 20:09:13 - [TEST_STEP][PASSED] - total = Total.replace(",", ""): null

2023-10-04 20:09:13 - [TEST_STEP][PASSED] - totalll = Integer.parseInt(total): null

2023-10-04 20:09:13 - [TEST_STEP][PASSED] - println(totalll): null

2023-10-04 20:09:13 - [TEST_STEP][PASSED] - Total_Hargaa = Ongkos_kirimm + fee_adminn + sub_totall + kode_unik: null

2023-10-04 20:09:13 - [TEST_STEP][PASSED] - println(Total_Hargaa): null

2023-10-04 20:09:13 - [TEST_STEP][PASSED] - assert totalll == Total_Hargaa: null

2023-10-04 20:09:13 - [TEST_STEP][PASSED] - data.put("total", Total): null

2023-10-04 20:09:13 - [TEST_STEP][PASSED] - data.put("nama", NamaPemesan): null

2023-10-04 20:09:13 - [TEST_STEP][PASSED] - return data: null

2023-10-04 20:09:13 - [MESSAGE][PASSED] - Call Test Case 'Test Cases/T13 Pembelian, Shipment dan Pembayaran/PBY-001' successfully

2023-10-04 20:09:13 - [TEST_STEP][PASSED] - inv = data.get("invoice"): null

2023-10-04 20:09:13 - [TEST_STEP][PASSED] - Total = data.get("total"): null

2023-10-04 20:09:13 - [TEST_STEP][PASSED] - NamaPemesan = data.get("nama"): null

2023-10-04 20:09:13 - [TEST_STEP][PASSED] - click(findTestObject("Konfirmasi pesanan shop/Menu Shop")): Object: 'Object Repository/Konfirmasi pesanan shop/Menu Shop' is clicked on

2023-10-04 20:09:14 - [MESSAGE][PASSED] - Object: 'Object Repository/Konfirmasi pesanan shop/Menu Shop' is clicked on

2023-10-04 20:09:14 - [TEST_STEP][PASSED] - click(findTestObject("Konfirmasi pesanan shop/Menu Shop")): Object: 'Object Repository/Konfirmasi pesanan shop/Menu Shop' is clicked on

2023-10-04 20:09:15 - [MESSAGE][PASSED] - Object: 'Object Repository/Konfirmasi pesanan shop/Menu Shop' is clicked on

2023-10-04 20:09:15 - [TEST_STEP][PASSED] - click(findTestObject("Konfirmasi pesanan shop/Konfirmasi Orders")): Object: 'Object Repository/Konfirmasi pesanan shop/Konfirmasi Orders' is clicked on

2023-10-04 20:09:16 - [MESSAGE][PASSED] - Object: 'Object Repository/Konfirmasi pesanan shop/Konfirmasi Orders' is clicked on

2023-10-04 20:09:16 - [TEST_STEP][PASSED] - verifyElementPresent(findTestObject("Konfirmasi pesanan shop/Tittle Konfirmasi Pesanan"), 0): Object 'Object Repository/Konfirmasi pesanan shop/Tittle Konfirmasi Pesanan' is present

2023-10-04 20:09:16 - [MESSAGE][WARNING] - Timeout '0' is invalid. Using default page load timeout: '30'

2023-10-04 20:09:17 - [MESSAGE][PASSED] - Object 'Object Repository/Konfirmasi pesanan shop/Tittle Konfirmasi Pesanan' is present

2023-10-04 20:09:17 - [TEST_STEP][PASSED] - setText(findTestObject("Konfirmasi pesanan shop/input_No Pesanan"), inv): Text 'TRX60.20231004200858' is set on object 'Object Repository/Konfirmasi pesanan shop/input_No Pesanan'

2023-10-04 20:09:18 - [MESSAGE][PASSED] - Text 'TRX60.20231004200858' is set on object 'Object Repository/Konfirmasi pesanan shop/input_No Pesanan'

2023-10-04 20:09:18 - [TEST_STEP][PASSED] - setText(findTestObject("Konfirmasi pesanan shop/input_Alamat E-mai"), "irfan@gmail.com"): Text 'irfan@gmail.com' is set on object 'Object Repository/Konfirmasi pesanan shop/input_Alamat E-mai'

2023-10-04 20:09:18 - [MESSAGE][PASSED] - Text 'irfan@gmail.com' is set on object 'Object Repository/Konfirmasi pesanan shop/input_Alamat E-mai'

2023-10-04 20:09:18 - [TEST_STEP][PASSED] - click(findTestObject("Konfirmasi pesanan shop/button_Submit")): Object: 'Object Repository/Konfirmasi pesanan shop/button_Submit' is clicked on

2023-10-04 20:09:19 - [MESSAGE][PASSED] - Object: 'Object Repository/Konfirmasi pesanan shop/button_Submit' is clicked on

2023-10-04 20:09:19 - [TEST_STEP][PASSED] - verifyElementPresent(findTestObject("Konfirmasi pesanan shop/Tittle nomor invoice"), 0): Object 'Object Repository/Konfirmasi pesanan shop/Tittle nomor invoice' is present

2023-10-04 20:09:19 - [MESSAGE][WARNING] - Timeout '0' is invalid. Using default page load timeout: '30'

2023-10-04 20:09:20 - [MESSAGE][PASSED] - Object 'Object Repository/Konfirmasi pesanan shop/Tittle nomor invoice' is present

2023-10-04 20:09:20 - [TEST_STEP][PASSED] - clearText(findTestObject("Konfirmasi pesanan shop/input_Total TagihanTransfer_b"), STOP_ON_FAILURE): Text of object 'Object Repository/Konfirmasi pesanan shop/input_Total TagihanTransfer_b' is cleared

2023-10-04 20:09:20 - [MESSAGE][PASSED] - Text of object 'Object Repository/Konfirmasi pesanan shop/input_Total TagihanTransfer_b' is cleared

2023-10-04 20:09:20 - [TEST_STEP][PASSED] - setText(findTestObject("Konfirmasi pesanan shop/input_Total TagihanTransfer_b"), "-1"): Text '-1' is set on object 'Object Repository/Konfirmasi pesanan shop/input_Total TagihanTransfer_b'

2023-10-04 20:09:21 - [MESSAGE][PASSED] - Text '-1' is set on object 'Object Repository/Konfirmasi pesanan shop/input_Total TagihanTransfer_b'

2023-10-04 20:09:21 - [TEST_STEP][PASSED] - selectOptionByValue(findTestObject("Konfirmasi pesanan shop/select_Bank"), "4", false): All options with value '4' are selected in object 'Object Repository/Konfirmasi pesanan shop/select_Bank' 

2023-10-04 20:09:22 - [MESSAGE][PASSED] - All options with value '4' are selected in object 'Object Repository/Konfirmasi pesanan shop/select_Bank' 

2023-10-04 20:09:22 - [TEST_STEP][PASSED] - setText(findTestObject("Konfirmasi pesanan shop/input_Nama Pengirim_d"), NamaPemesan): Text 'irfan.afandi' is set on object 'Object Repository/Konfirmasi pesanan shop/input_Nama Pengirim_d'

2023-10-04 20:09:23 - [MESSAGE][PASSED] - Text 'irfan.afandi' is set on object 'Object Repository/Konfirmasi pesanan shop/input_Nama Pengirim_d'

2023-10-04 20:09:23 - [TEST_STEP][PASSED] - uploadFile(findTestObject("Konfirmasi pesanan shop/input_Upload Bukti Transfer_f"), "C:\Users\IRFAN\Downloads\Berkas2.pdf"): File 'C:\Users\IRFAN\Downloads\Berkas2.pdf' sent to object: 'Object Repository/Konfirmasi pesanan shop/input_Upload Bukti Transfer_f'

2023-10-04 20:09:23 - [MESSAGE][PASSED] - File 'C:\Users\IRFAN\Downloads\Berkas2.pdf' sent to object: 'Object Repository/Konfirmasi pesanan shop/input_Upload Bukti Transfer_f'

2023-10-04 20:09:23 - [TEST_STEP][PASSED] - click(findTestObject("Konfirmasi pesanan shop/button_Konfirmasi Pembayaran")): Object: 'Object Repository/Konfirmasi pesanan shop/button_Konfirmasi Pembayaran' is clicked on

2023-10-04 20:09:24 - [MESSAGE][PASSED] - Object: 'Object Repository/Konfirmasi pesanan shop/button_Konfirmasi Pembayaran' is clicked on

2023-10-04 20:09:24 - [TEST_STEP][FAILED] - verifyTextPresent("inputkan harus angka sesuai", false): Unable to verify text 'inputkan harus angka sesuai' is present  (Root cause: com.kms.katalon.core.exception.StepFailedException: Unable to verify text 'inputkan harus angka sesuai' is present 
	at com.kms.katalon.core.webui.keyword.internal.WebUIKeywordMain.stepFailed(WebUIKeywordMain.groovy:64)
	at com.kms.katalon.core.webui.keyword.internal.WebUIKeywordMain.runKeyword(WebUIKeywordMain.groovy:26)
	at com.kms.katalon.core.webui.keyword.builtin.VerifyTextPresentKeyword.verifyTextPresent(VerifyTextPresentKeyword.groovy:83)
	at com.kms.katalon.core.webui.keyword.builtin.VerifyTextPresentKeyword.execute(VerifyTextPresentKeyword.groovy:68)
	at com.kms.katalon.core.keyword.internal.KeywordExecutor.executeKeywordForPlatform(KeywordExecutor.groovy:74)
	at com.kms.katalon.core.webui.keyword.WebUiBuiltInKeywords.verifyTextPresent(WebUiBuiltInKeywords.groovy:1723)
	at com.kms.katalon.core.webui.keyword.WebUiBuiltInKeywords$verifyTextPresent$7.call(Unknown Source)
	at PBY-006.run(PBY-006:61)
	at com.kms.katalon.core.main.ScriptEngine.run(ScriptEngine.java:194)
	at com.kms.katalon.core.main.ScriptEngine.runScriptAsRawText(ScriptEngine.java:119)
	at com.kms.katalon.core.main.TestCaseExecutor.runScript(TestCaseExecutor.java:448)
	at com.kms.katalon.core.main.TestCaseExecutor.doExecute(TestCaseExecutor.java:439)
	at com.kms.katalon.core.main.TestCaseExecutor.processExecutionPhase(TestCaseExecutor.java:418)
	at com.kms.katalon.core.main.TestCaseExecutor.accessMainPhase(TestCaseExecutor.java:410)
	at com.kms.katalon.core.main.TestCaseExecutor.execute(TestCaseExecutor.java:285)
	at com.kms.katalon.core.common.CommonExecutor.accessTestCaseMainPhase(CommonExecutor.java:65)
	at com.kms.katalon.core.main.TestSuiteExecutor.accessTestSuiteMainPhase(TestSuiteExecutor.java:148)
	at com.kms.katalon.core.main.TestSuiteExecutor.execute(TestSuiteExecutor.java:106)
	at com.kms.katalon.core.main.TestCaseMain.startTestSuite(TestCaseMain.java:187)
	at com.kms.katalon.core.main.TestCaseMain$startTestSuite$0.call(Unknown Source)
	at TempTestSuite1696424348948.run(TempTestSuite1696424348948.groovy:36)
Caused by: com.kms.katalon.core.exception.StepFailedException: Text 'inputkan harus angka sesuai' is not present on page 
	at com.kms.katalon.core.webui.keyword.internal.WebUIKeywordMain.stepFailed(WebUIKeywordMain.groovy:64)
	at com.kms.katalon.core.webui.keyword.builtin.VerifyTextPresentKeyword$_verifyTextPresent_closure1.doCall(VerifyTextPresentKeyword.groovy:79)
	at com.kms.katalon.core.webui.keyword.builtin.VerifyTextPresentKeyword$_verifyTextPresent_closure1.call(VerifyTextPresentKeyword.groovy)
	at com.kms.katalon.core.webui.keyword.internal.WebUIKeywordMain.runKeyword(WebUIKeywordMain.groovy:20)
	... 19 more
)

2023-10-04 20:09:25 - [MESSAGE][FAILED] - Text 'inputkan harus angka sesuai' is not present on page  (Root cause: com.kms.katalon.core.exception.StepFailedException: Text 'inputkan harus angka sesuai' is not present on page 
	at com.kms.katalon.core.webui.keyword.internal.WebUIKeywordMain.stepFailed(WebUIKeywordMain.groovy:64)
	at com.kms.katalon.core.webui.keyword.builtin.VerifyTextPresentKeyword$_verifyTextPresent_closure1.doCall(VerifyTextPresentKeyword.groovy:79)
	at com.kms.katalon.core.webui.keyword.builtin.VerifyTextPresentKeyword$_verifyTextPresent_closure1.call(VerifyTextPresentKeyword.groovy)
	at com.kms.katalon.core.webui.keyword.internal.WebUIKeywordMain.runKeyword(WebUIKeywordMain.groovy:20)
	at com.kms.katalon.core.webui.keyword.builtin.VerifyTextPresentKeyword.verifyTextPresent(VerifyTextPresentKeyword.groovy:83)
	at com.kms.katalon.core.webui.keyword.builtin.VerifyTextPresentKeyword.execute(VerifyTextPresentKeyword.groovy:68)
	at com.kms.katalon.core.keyword.internal.KeywordExecutor.executeKeywordForPlatform(KeywordExecutor.groovy:74)
	at com.kms.katalon.core.webui.keyword.WebUiBuiltInKeywords.verifyTextPresent(WebUiBuiltInKeywords.groovy:1723)
	at com.kms.katalon.core.webui.keyword.WebUiBuiltInKeywords$verifyTextPresent$7.call(Unknown Source)
	at PBY-006.run(PBY-006:61)
	at com.kms.katalon.core.main.ScriptEngine.run(ScriptEngine.java:194)
	at com.kms.katalon.core.main.ScriptEngine.runScriptAsRawText(ScriptEngine.java:119)
	at com.kms.katalon.core.main.TestCaseExecutor.runScript(TestCaseExecutor.java:448)
	at com.kms.katalon.core.main.TestCaseExecutor.doExecute(TestCaseExecutor.java:439)
	at com.kms.katalon.core.main.TestCaseExecutor.processExecutionPhase(TestCaseExecutor.java:418)
	at com.kms.katalon.core.main.TestCaseExecutor.accessMainPhase(TestCaseExecutor.java:410)
	at com.kms.katalon.core.main.TestCaseExecutor.execute(TestCaseExecutor.java:285)
	at com.kms.katalon.core.common.CommonExecutor.accessTestCaseMainPhase(CommonExecutor.java:65)
	at com.kms.katalon.core.main.TestSuiteExecutor.accessTestSuiteMainPhase(TestSuiteExecutor.java:148)
	at com.kms.katalon.core.main.TestSuiteExecutor.execute(TestSuiteExecutor.java:106)
	at com.kms.katalon.core.main.TestCaseMain.startTestSuite(TestCaseMain.java:187)
	at com.kms.katalon.core.main.TestCaseMain$startTestSuite$0.call(Unknown Source)
	at TempTestSuite1696424348948.run(TempTestSuite1696424348948.groovy:36)
)

2023-10-04 20:09:25 - [MESSAGE][FAILED] - Unable to verify text 'inputkan harus angka sesuai' is present  (Root cause: com.kms.katalon.core.exception.StepFailedException: Unable to verify text 'inputkan harus angka sesuai' is present 
	at com.kms.katalon.core.webui.keyword.internal.WebUIKeywordMain.stepFailed(WebUIKeywordMain.groovy:64)
	at com.kms.katalon.core.webui.keyword.internal.WebUIKeywordMain.runKeyword(WebUIKeywordMain.groovy:26)
	at com.kms.katalon.core.webui.keyword.builtin.VerifyTextPresentKeyword.verifyTextPresent(VerifyTextPresentKeyword.groovy:83)
	at com.kms.katalon.core.webui.keyword.builtin.VerifyTextPresentKeyword.execute(VerifyTextPresentKeyword.groovy:68)
	at com.kms.katalon.core.keyword.internal.KeywordExecutor.executeKeywordForPlatform(KeywordExecutor.groovy:74)
	at com.kms.katalon.core.webui.keyword.WebUiBuiltInKeywords.verifyTextPresent(WebUiBuiltInKeywords.groovy:1723)
	at com.kms.katalon.core.webui.keyword.WebUiBuiltInKeywords$verifyTextPresent$7.call(Unknown Source)
	at PBY-006.run(PBY-006:61)
	at com.kms.katalon.core.main.ScriptEngine.run(ScriptEngine.java:194)
	at com.kms.katalon.core.main.ScriptEngine.runScriptAsRawText(ScriptEngine.java:119)
	at com.kms.katalon.core.main.TestCaseExecutor.runScript(TestCaseExecutor.java:448)
	at com.kms.katalon.core.main.TestCaseExecutor.doExecute(TestCaseExecutor.java:439)
	at com.kms.katalon.core.main.TestCaseExecutor.processExecutionPhase(TestCaseExecutor.java:418)
	at com.kms.katalon.core.main.TestCaseExecutor.accessMainPhase(TestCaseExecutor.java:410)
	at com.kms.katalon.core.main.TestCaseExecutor.execute(TestCaseExecutor.java:285)
	at com.kms.katalon.core.common.CommonExecutor.accessTestCaseMainPhase(CommonExecutor.java:65)
	at com.kms.katalon.core.main.TestSuiteExecutor.accessTestSuiteMainPhase(TestSuiteExecutor.java:148)
	at com.kms.katalon.core.main.TestSuiteExecutor.execute(TestSuiteExecutor.java:106)
	at com.kms.katalon.core.main.TestCaseMain.startTestSuite(TestCaseMain.java:187)
	at com.kms.katalon.core.main.TestCaseMain$startTestSuite$0.call(Unknown Source)
	at TempTestSuite1696424348948.run(TempTestSuite1696424348948.groovy:36)
Caused by: com.kms.katalon.core.exception.StepFailedException: Text 'inputkan harus angka sesuai' is not present on page 
	at com.kms.katalon.core.webui.keyword.internal.WebUIKeywordMain.stepFailed(WebUIKeywordMain.groovy:64)
	at com.kms.katalon.core.webui.keyword.builtin.VerifyTextPresentKeyword$_verifyTextPresent_closure1.doCall(VerifyTextPresentKeyword.groovy:79)
	at com.kms.katalon.core.webui.keyword.builtin.VerifyTextPresentKeyword$_verifyTextPresent_closure1.call(VerifyTextPresentKeyword.groovy)
	at com.kms.katalon.core.webui.keyword.internal.WebUIKeywordMain.runKeyword(WebUIKeywordMain.groovy:20)
	... 19 more
)
[[ATTACHMENT|D:\\BOOTCAMP XSIS\\Projek 2 MINI PROJEK\\Reports\\20231004_190004\\T13 Pembelian, Shipment dan Pembayaran\\T13 Pembelian, Shipment dan Pembayaran\\20231004_195908\\1696424965607.png]]]]></system-out>
         <system-err><![CDATA[2023-10-04 20:08:26 - [TEST_CASE][FAILED] - Test Cases/T13 Pembelian, Shipment dan Pembayaran/PBY-006: Test Cases/T13 Pembelian, Shipment dan Pembayaran/PBY-006 FAILED.
Reason:
com.kms.katalon.core.exception.StepFailedException: Unable to verify text 'inputkan harus angka sesuai' is present 
	at com.kms.katalon.core.webui.keyword.internal.WebUIKeywordMain.stepFailed(WebUIKeywordMain.groovy:64)
	at com.kms.katalon.core.webui.keyword.internal.WebUIKeywordMain.runKeyword(WebUIKeywordMain.groovy:26)
	at com.kms.katalon.core.webui.keyword.builtin.VerifyTextPresentKeyword.verifyTextPresent(VerifyTextPresentKeyword.groovy:83)
	at com.kms.katalon.core.webui.keyword.builtin.VerifyTextPresentKeyword.execute(VerifyTextPresentKeyword.groovy:68)
	at com.kms.katalon.core.keyword.internal.KeywordExecutor.executeKeywordForPlatform(KeywordExecutor.groovy:74)
	at com.kms.katalon.core.webui.keyword.WebUiBuiltInKeywords.verifyTextPresent(WebUiBuiltInKeywords.groovy:1723)
	at com.kms.katalon.core.webui.keyword.WebUiBuiltInKeywords$verifyTextPresent$7.call(Unknown Source)
	at PBY-006.run(PBY-006:61)
	at com.kms.katalon.core.main.ScriptEngine.run(ScriptEngine.java:194)
	at com.kms.katalon.core.main.ScriptEngine.runScriptAsRawText(ScriptEngine.java:119)
	at com.kms.katalon.core.main.TestCaseExecutor.runScript(TestCaseExecutor.java:448)
	at com.kms.katalon.core.main.TestCaseExecutor.doExecute(TestCaseExecutor.java:439)
	at com.kms.katalon.core.main.TestCaseExecutor.processExecutionPhase(TestCaseExecutor.java:418)
	at com.kms.katalon.core.main.TestCaseExecutor.accessMainPhase(TestCaseExecutor.java:410)
	at com.kms.katalon.core.main.TestCaseExecutor.execute(TestCaseExecutor.java:285)
	at com.kms.katalon.core.common.CommonExecutor.accessTestCaseMainPhase(CommonExecutor.java:65)
	at com.kms.katalon.core.main.TestSuiteExecutor.accessTestSuiteMainPhase(TestSuiteExecutor.java:148)
	at com.kms.katalon.core.main.TestSuiteExecutor.execute(TestSuiteExecutor.java:106)
	at com.kms.katalon.core.main.TestCaseMain.startTestSuite(TestCaseMain.java:187)
	at com.kms.katalon.core.main.TestCaseMain$startTestSuite$0.call(Unknown Source)
	at TempTestSuite1696424348948.run(TempTestSuite1696424348948.groovy:36)
Caused by: com.kms.katalon.core.exception.StepFailedException: Text 'inputkan harus angka sesuai' is not present on page 
	at com.kms.katalon.core.webui.keyword.internal.WebUIKeywordMain.stepFailed(WebUIKeywordMain.groovy:64)
	at com.kms.katalon.core.webui.keyword.builtin.VerifyTextPresentKeyword$_verifyTextPresent_closure1.doCall(VerifyTextPresentKeyword.groovy:79)
	at com.kms.katalon.core.webui.keyword.builtin.VerifyTextPresentKeyword$_verifyTextPresent_closure1.call(VerifyTextPresentKeyword.groovy)
	at com.kms.katalon.core.webui.keyword.internal.WebUIKeywordMain.runKeyword(WebUIKeywordMain.groovy:20)
	... 19 more]]></system-err>
      </testcase>
      <testcase name="Test Cases/T13 Pembelian, Shipment dan Pembayaran/PBY-007" time="58.519" classname="Test Cases/T13 Pembelian, Shipment dan Pembayaran/PBY-007" status="PASSED">
         <system-out><![CDATA[2023-10-04 20:09:25 - [TEST_CASE][PASSED] - Test Cases/T13 Pembelian, Shipment dan Pembayaran/PBY-007: Test Cases/T13 Pembelian, Shipment dan Pembayaran/PBY-007

2023-10-04 20:09:26 - [TEST_STEP][PASSED] - data = callTestCase(findTestCase("T13 Pembelian, Shipment dan Pembayaran/PBY-001"), [:], STOP_ON_FAILURE): Call Test Case 'Test Cases/T13 Pembelian, Shipment dan Pembayaran/PBY-001' successfully

2023-10-04 20:09:26 - [TEST_CASE][PASSED] - Test Cases/T13 Pembelian, Shipment dan Pembayaran/PBY-001: Test Cases/T13 Pembelian, Shipment dan Pembayaran/PBY-001

2023-10-04 20:09:26 - [TEST_STEP][PASSED] - data = callTestCase(findTestCase("T13 Pembelian, Shipment dan Pembayaran/PBL-004"), ["Kurir":"Roda 2"], STOP_ON_FAILURE): Call Test Case 'Test Cases/T13 Pembelian, Shipment dan Pembayaran/PBL-004' successfully

2023-10-04 20:09:26 - [TEST_CASE][PASSED] - Test Cases/T13 Pembelian, Shipment dan Pembayaran/PBL-004: Test Cases/T13 Pembelian, Shipment dan Pembayaran/PBL-004

2023-10-04 20:09:26 - [TEST_STEP][PASSED] - data = callTestCase(findTestCase("T13 Pembelian, Shipment dan Pembayaran/PBL-002"), [:], STOP_ON_FAILURE): Call Test Case 'Test Cases/T13 Pembelian, Shipment dan Pembayaran/PBL-002' successfully

2023-10-04 20:09:26 - [TEST_CASE][PASSED] - Test Cases/T13 Pembelian, Shipment dan Pembayaran/PBL-002: Test Cases/T13 Pembelian, Shipment dan Pembayaran/PBL-002

2023-10-04 20:09:26 - [TEST_STEP][PASSED] - data = callTestCase(findTestCase("T13 Pembelian, Shipment dan Pembayaran/PBL-001"), [:], STOP_ON_FAILURE): Call Test Case 'Test Cases/T13 Pembelian, Shipment dan Pembayaran/PBL-001' successfully

2023-10-04 20:09:26 - [TEST_CASE][PASSED] - Test Cases/T13 Pembelian, Shipment dan Pembayaran/PBL-001: Test Cases/T13 Pembelian, Shipment dan Pembayaran/PBL-001

2023-10-04 20:09:26 - [TEST_STEP][PASSED] - callTestCase(findTestCase("T13 Pembelian, Shipment dan Pembayaran/LU-001"), ["username":"irfanafandi", "password":"12345irfan"], STOP_ON_FAILURE): Call Test Case 'Test Cases/T13 Pembelian, Shipment dan Pembayaran/LU-001' successfully

2023-10-04 20:09:26 - [TEST_CASE][PASSED] - Test Cases/T13 Pembelian, Shipment dan Pembayaran/LU-001: Test Cases/T13 Pembelian, Shipment dan Pembayaran/LU-001

2023-10-04 20:09:26 - [TEST_STEP][PASSED] - openBrowser("https://10.9.2.63/ecommerce/"): Browser is opened with url: 'https://10.9.2.63/ecommerce/'

2023-10-04 20:09:26 - [MESSAGE][WARNING] - A browser is already opened. Closing browser and opening a new one

2023-10-04 20:09:27 - [MESSAGE][INFO] - Starting 'Firefox' driver

2023-10-04 20:09:27 - [MESSAGE][INFO] - User set preference: ['args', '[--disable-notifications]']

2023-10-04 20:09:27 - [MESSAGE][INFO] - Action delay is set to 0 milliseconds

2023-10-04 20:09:32 - [MESSAGE][PASSED] - Browser is opened with url: 'https://10.9.2.63/ecommerce/'

2023-10-04 20:09:32 - [TEST_STEP][PASSED] - maximizeWindow(): Current window maximized

2023-10-04 20:09:32 - [MESSAGE][PASSED] - Current window maximized

2023-10-04 20:09:32 - [TEST_STEP][PASSED] - verifyElementPresent(findTestObject("Login/Home"), 0): Object 'Object Repository/Login/Home' is present

2023-10-04 20:09:32 - [MESSAGE][WARNING] - Timeout '0' is invalid. Using default page load timeout: '30'

2023-10-04 20:09:33 - [MESSAGE][PASSED] - Object 'Object Repository/Login/Home' is present

2023-10-04 20:09:33 - [TEST_STEP][PASSED] - click(findTestObject("Login/a_Login")): Object: 'Object Repository/Login/a_Login' is clicked on

2023-10-04 20:09:33 - [MESSAGE][PASSED] - Object: 'Object Repository/Login/a_Login' is clicked on

2023-10-04 20:09:33 - [TEST_STEP][PASSED] - verifyElementPresent(findTestObject("Login/Tittle Login"), 0): Object 'Object Repository/Login/Tittle Login' is present

2023-10-04 20:09:33 - [MESSAGE][WARNING] - Timeout '0' is invalid. Using default page load timeout: '30'

2023-10-04 20:09:34 - [MESSAGE][PASSED] - Object 'Object Repository/Login/Tittle Login' is present

2023-10-04 20:09:34 - [TEST_STEP][PASSED] - setText(findTestObject("Login/input_Username, Email atau No. Handphone_a"), username): Text 'irfanafandi' is set on object 'Object Repository/Login/input_Username, Email atau No. Handphone_a'

2023-10-04 20:09:34 - [MESSAGE][PASSED] - Text 'irfanafandi' is set on object 'Object Repository/Login/input_Username, Email atau No. Handphone_a'

2023-10-04 20:09:34 - [TEST_STEP][PASSED] - setText(findTestObject("Login/input_Password_b"), password): Text '12345irfan' is set on object 'Object Repository/Login/input_Password_b'

2023-10-04 20:09:35 - [MESSAGE][PASSED] - Text '12345irfan' is set on object 'Object Repository/Login/input_Password_b'

2023-10-04 20:09:35 - [TEST_STEP][PASSED] - click(findTestObject("Login/label_Ingat saya")): Object: 'Object Repository/Login/label_Ingat saya' is clicked on

2023-10-04 20:09:35 - [MESSAGE][PASSED] - Object: 'Object Repository/Login/label_Ingat saya' is clicked on

2023-10-04 20:09:35 - [TEST_STEP][PASSED] - click(findTestObject("Login/button_Masuk")): Object: 'Object Repository/Login/button_Masuk' is clicked on

2023-10-04 20:09:37 - [MESSAGE][PASSED] - Object: 'Object Repository/Login/button_Masuk' is clicked on

2023-10-04 20:09:37 - [TEST_STEP][PASSED] - verifyElementPresent(findTestObject("Login/li_Profile"), 0): Object 'Object Repository/Login/li_Profile' is present

2023-10-04 20:09:38 - [MESSAGE][WARNING] - Timeout '0' is invalid. Using default page load timeout: '30'

2023-10-04 20:09:38 - [MESSAGE][PASSED] - Object 'Object Repository/Login/li_Profile' is present

2023-10-04 20:09:38 - [MESSAGE][PASSED] - Call Test Case 'Test Cases/T13 Pembelian, Shipment dan Pembayaran/LU-001' successfully

2023-10-04 20:09:38 - [TEST_STEP][PASSED] - mouseOver(findTestObject("beli barang/i_Mulai Belanja_icon-menu")): Object: 'Object Repository/beli barang/i_Mulai Belanja_icon-menu' is hovered

2023-10-04 20:09:38 - [MESSAGE][PASSED] - Object: 'Object Repository/beli barang/i_Mulai Belanja_icon-menu' is hovered

2023-10-04 20:09:38 - [TEST_STEP][PASSED] - click(findTestObject("beli barang/a_Fashion  Busana Wanita")): Object: 'Object Repository/beli barang/a_Fashion  Busana Wanita' is clicked on

2023-10-04 20:09:40 - [MESSAGE][PASSED] - Object: 'Object Repository/beli barang/a_Fashion  Busana Wanita' is clicked on

2023-10-04 20:09:40 - [TEST_STEP][PASSED] - NamaSebelum = getText(findTestObject("verifikasi/Nama sebelum")): Text of object 'Object Repository/verifikasi/Nama sebelum' is: ''

2023-10-04 20:09:40 - [MESSAGE][PASSED] - Text of object 'Object Repository/verifikasi/Nama sebelum' is: ''

2023-10-04 20:09:40 - [TEST_STEP][PASSED] - HargaSebelum = getText(findTestObject("verifikasi/Harga sebelum")): Text of object 'Object Repository/verifikasi/Harga sebelum' is: 'Rp 1,299'

2023-10-04 20:09:41 - [MESSAGE][PASSED] - Text of object 'Object Repository/verifikasi/Harga sebelum' is: 'Rp 1,299'

2023-10-04 20:09:41 - [TEST_STEP][PASSED] - mouseOver(findTestObject("beli barang/barang mouse over")): Object: 'Object Repository/beli barang/barang mouse over' is hovered

2023-10-04 20:09:41 - [MESSAGE][PASSED] - Object: 'Object Repository/beli barang/barang mouse over' is hovered

2023-10-04 20:09:41 - [TEST_STEP][PASSED] - click(findTestObject("beli barang/buttom add to cart")): Object: 'Object Repository/beli barang/buttom add to cart' is clicked on

2023-10-04 20:09:43 - [MESSAGE][PASSED] - Object: 'Object Repository/beli barang/buttom add to cart' is clicked on

2023-10-04 20:09:43 - [TEST_STEP][PASSED] - NamaSesudah = getText(findTestObject("verifikasi/Nama sesudah")): Text of object 'Object Repository/verifikasi/Nama sesudah' is: 'Segitiga Instan Madeira - MDB5.3 Sunset'

2023-10-04 20:09:44 - [MESSAGE][PASSED] - Text of object 'Object Repository/verifikasi/Nama sesudah' is: 'Segitiga Instan Madeira - MDB5.3 Sunset'

2023-10-04 20:09:44 - [TEST_STEP][PASSED] - HargaSesudah = getText(findTestObject("verifikasi/Harga sesudah")): Text of object 'Object Repository/verifikasi/Harga sesudah' is: 'Rp 1,299'

2023-10-04 20:09:44 - [MESSAGE][PASSED] - Text of object 'Object Repository/verifikasi/Harga sesudah' is: 'Rp 1,299'

2023-10-04 20:09:44 - [TEST_STEP][PASSED] - assert NamaSesudah.contains(NamaSebelum): null

2023-10-04 20:09:44 - [TEST_STEP][PASSED] - assert HargaSesudah.contains(HargaSebelum): null

2023-10-04 20:09:44 - [TEST_STEP][PASSED] - click(findTestObject("beli barang/Tambah Keranjang busana wanita")): Object: 'Object Repository/beli barang/Tambah Keranjang busana wanita' is clicked on

2023-10-04 20:09:45 - [MESSAGE][PASSED] - Object: 'Object Repository/beli barang/Tambah Keranjang busana wanita' is clicked on

2023-10-04 20:09:45 - [TEST_STEP][PASSED] - verifyElementPresent(findTestObject("checkout/Notifikasi keranjang"), 1): Object 'Object Repository/checkout/Notifikasi keranjang' is present

2023-10-04 20:09:45 - [MESSAGE][PASSED] - Object 'Object Repository/checkout/Notifikasi keranjang' is present

2023-10-04 20:09:45 - [TEST_STEP][PASSED] - data = new java.util.HashMap(): null

2023-10-04 20:09:45 - [TEST_STEP][PASSED] - data.put("nama_barang", NamaSesudah): null

2023-10-04 20:09:45 - [TEST_STEP][PASSED] - data.put("price_barang", HargaSesudah): null

2023-10-04 20:09:45 - [TEST_STEP][PASSED] - return data: null

2023-10-04 20:09:45 - [MESSAGE][PASSED] - Call Test Case 'Test Cases/T13 Pembelian, Shipment dan Pembayaran/PBL-001' successfully

2023-10-04 20:09:45 - [TEST_STEP][PASSED] - mouseOver(findTestObject("beli barang/keranjang")): Object: 'Object Repository/beli barang/keranjang' is hovered

2023-10-04 20:09:46 - [MESSAGE][PASSED] - Object: 'Object Repository/beli barang/keranjang' is hovered

2023-10-04 20:09:46 - [TEST_STEP][PASSED] - click(findTestObject("beli barang/Lihat Sekarang")): Object: 'Object Repository/beli barang/Lihat Sekarang' is clicked on

2023-10-04 20:09:47 - [MESSAGE][PASSED] - Object: 'Object Repository/beli barang/Lihat Sekarang' is clicked on

2023-10-04 20:09:47 - [TEST_STEP][PASSED] - verifyElementPresent(findTestObject("keranjang/li_Keranjang Belanja"), 0): Object 'Object Repository/keranjang/li_Keranjang Belanja' is present

2023-10-04 20:09:47 - [MESSAGE][WARNING] - Timeout '0' is invalid. Using default page load timeout: '30'

2023-10-04 20:09:48 - [MESSAGE][PASSED] - Object 'Object Repository/keranjang/li_Keranjang Belanja' is present

2023-10-04 20:09:48 - [TEST_STEP][PASSED] - NamaKeranjang = getText(findTestObject("verifikasi/Nama keranjang")): Text of object 'Object Repository/verifikasi/Nama keranjang' is: 'Segitiga Instan Madeira - MDB5.3 Sunset'

2023-10-04 20:09:48 - [MESSAGE][PASSED] - Text of object 'Object Repository/verifikasi/Nama keranjang' is: 'Segitiga Instan Madeira - MDB5.3 Sunset'

2023-10-04 20:09:48 - [TEST_STEP][PASSED] - HargaKeranjang = getText(findTestObject("verifikasi/Harga Keranjang")): Text of object 'Object Repository/verifikasi/Harga Keranjang' is: 'Rp 1,299'

2023-10-04 20:09:49 - [MESSAGE][PASSED] - Text of object 'Object Repository/verifikasi/Harga Keranjang' is: 'Rp 1,299'

2023-10-04 20:09:49 - [TEST_STEP][PASSED] - if (toString().equalsIgnoreCase("Merah")): Object 'Object Repository/keranjang/input_Warna_variasi101' is checked

2023-10-04 20:09:49 - [TEST_STEP][PASSED] - check(findTestObject("Object Repository/keranjang/input_Warna_variasi101")): Object 'Object Repository/keranjang/input_Warna_variasi101' is checked

2023-10-04 20:09:49 - [MESSAGE][PASSED] - Object 'Object Repository/keranjang/input_Warna_variasi101' is checked

2023-10-04 20:09:49 - [TEST_STEP][PASSED] - if (toString().equalsIgnoreCase("Menengah")): Object 'Object Repository/keranjang/input_Ukuran_variasi201' is checked

2023-10-04 20:09:49 - [TEST_STEP][PASSED] - check(findTestObject("Object Repository/keranjang/input_Ukuran_variasi201")): Object 'Object Repository/keranjang/input_Ukuran_variasi201' is checked

2023-10-04 20:09:50 - [MESSAGE][PASSED] - Object 'Object Repository/keranjang/input_Ukuran_variasi201' is checked

2023-10-04 20:09:50 - [TEST_STEP][PASSED] - data.put("Warna", warna): null

2023-10-04 20:09:50 - [TEST_STEP][PASSED] - data.put("Ukuran", ukuran): null

2023-10-04 20:09:50 - [TEST_STEP][PASSED] - click(findTestObject("keranjang/button_Lanjut ke Pembayaran")): Object: 'Object Repository/keranjang/button_Lanjut ke Pembayaran' is clicked on

2023-10-04 20:09:51 - [MESSAGE][PASSED] - Object: 'Object Repository/keranjang/button_Lanjut ke Pembayaran' is clicked on

2023-10-04 20:09:51 - [TEST_STEP][PASSED] - verifyElementPresent(findTestObject("checkout/Tittle Checkout Order"), 0): Object 'Object Repository/checkout/Tittle Checkout Order' is present

2023-10-04 20:09:51 - [MESSAGE][WARNING] - Timeout '0' is invalid. Using default page load timeout: '30'

2023-10-04 20:09:52 - [MESSAGE][PASSED] - Object 'Object Repository/checkout/Tittle Checkout Order' is present

2023-10-04 20:09:52 - [TEST_STEP][PASSED] - name_product = data.get("nama_barang"): null

2023-10-04 20:09:52 - [TEST_STEP][PASSED] - price_product = data.get("price_barang"): null

2023-10-04 20:09:52 - [TEST_STEP][PASSED] - assert name_product == NamaKeranjang: null

2023-10-04 20:09:52 - [TEST_STEP][PASSED] - assert price_product == HargaKeranjang: null

2023-10-04 20:09:52 - [TEST_STEP][PASSED] - return data: null

2023-10-04 20:09:52 - [MESSAGE][PASSED] - Call Test Case 'Test Cases/T13 Pembelian, Shipment dan Pembayaran/PBL-002' successfully

2023-10-04 20:09:52 - [TEST_STEP][PASSED] - warnaa = getText(findTestObject("verifikasi/warna Merah")): Text of object 'Object Repository/verifikasi/warna Merah' is: 'Merah'

2023-10-04 20:09:52 - [MESSAGE][PASSED] - Text of object 'Object Repository/verifikasi/warna Merah' is: 'Merah'

2023-10-04 20:09:52 - [TEST_STEP][PASSED] - ukurann = getText(findTestObject("verifikasi/Ukuran Menengah")): Text of object 'Object Repository/verifikasi/Ukuran Menengah' is: 'Menengah'

2023-10-04 20:09:52 - [MESSAGE][PASSED] - Text of object 'Object Repository/verifikasi/Ukuran Menengah' is: 'Menengah'

2023-10-04 20:09:52 - [TEST_STEP][PASSED] - warna1 = data.get("Warna"): null

2023-10-04 20:09:52 - [TEST_STEP][PASSED] - ukuran1 = data.get("Ukuran"): null

2023-10-04 20:09:52 - [TEST_STEP][PASSED] - assert warnaa == warna1: null

2023-10-04 20:09:52 - [TEST_STEP][PASSED] - assert ukurann == ukuran1: null

2023-10-04 20:09:52 - [TEST_STEP][PASSED] - NamaCheckout = getText(findTestObject("verifikasi/NamaCheckout")): Text of object 'Object Repository/verifikasi/NamaCheckout' is: ''

2023-10-04 20:09:53 - [MESSAGE][PASSED] - Text of object 'Object Repository/verifikasi/NamaCheckout' is: ''

2023-10-04 20:09:53 - [TEST_STEP][PASSED] - HargaCheckout = getText(findTestObject("verifikasi/HargaCheckout")): Text of object 'Object Repository/verifikasi/HargaCheckout' is: '1,299'

2023-10-04 20:09:53 - [MESSAGE][PASSED] - Text of object 'Object Repository/verifikasi/HargaCheckout' is: '1,299'

2023-10-04 20:09:53 - [TEST_STEP][PASSED] - name_product = data.get("nama_barang"): null

2023-10-04 20:09:53 - [TEST_STEP][PASSED] - price_product = data.get("price_barang"): null

2023-10-04 20:09:53 - [TEST_STEP][PASSED] - assert name_product.contains(NamaCheckout): null

2023-10-04 20:09:53 - [TEST_STEP][PASSED] - assert price_product.contains(HargaCheckout): null

2023-10-04 20:09:53 - [TEST_STEP][PASSED] - selectOptionByLabel(findTestObject("checkout/select - Kirim via Kurir Lokal"), Kurir, false): All options with label 'Roda 2' are selected in object 'Object Repository/checkout/select - Kirim via Kurir Lokal' 

2023-10-04 20:09:54 - [MESSAGE][PASSED] - All options with label 'Roda 2' are selected in object 'Object Repository/checkout/select - Kirim via Kurir Lokal' 

2023-10-04 20:09:54 - [TEST_STEP][PASSED] - click(findTestObject("checkout/Kendaraan Kurir")): Object: 'Object Repository/checkout/Kendaraan Kurir' is clicked on

2023-10-04 20:09:55 - [MESSAGE][PASSED] - Object: 'Object Repository/checkout/Kendaraan Kurir' is clicked on

2023-10-04 20:09:55 - [TEST_STEP][PASSED] - OngkosKirim = getText(findTestObject("Object Repository/verifikasi/Ongkos Kirim checkout")): Text of object 'Object Repository/verifikasi/Ongkos Kirim checkout' is: 'Rp. 5,000'

2023-10-04 20:09:55 - [MESSAGE][PASSED] - Text of object 'Object Repository/verifikasi/Ongkos Kirim checkout' is: 'Rp. 5,000'

2023-10-04 20:09:55 - [TEST_STEP][PASSED] - Ongkos = OngkosKirim.substring(3, OngkosKirim.size()): null

2023-10-04 20:09:55 - [TEST_STEP][PASSED] - rep = Ongkos.replace(",", "."): null

2023-10-04 20:09:55 - [TEST_STEP][PASSED] - Ongkos_kirim = Double.parseDouble(rep): null

2023-10-04 20:09:55 - [TEST_STEP][PASSED] - println(Ongkos_kirim): null

2023-10-04 20:09:55 - [TEST_STEP][PASSED] - FeeAdmin = getText(findTestObject("verifikasi/Fee Admin checkout")): Text of object 'Object Repository/verifikasi/Fee Admin checkout' is: 'Fee Admin
Rp 1,500'

2023-10-04 20:09:55 - [MESSAGE][PASSED] - Text of object 'Object Repository/verifikasi/Fee Admin checkout' is: 'Fee Admin
Rp 1,500'

2023-10-04 20:09:55 - [TEST_STEP][PASSED] - Fee_Admin = FeeAdmin.substring(12, FeeAdmin.size()): null

2023-10-04 20:09:55 - [TEST_STEP][PASSED] - fee = Fee_Admin.replace(",", "."): null

2023-10-04 20:09:55 - [TEST_STEP][PASSED] - fee_admin = Double.parseDouble(fee): null

2023-10-04 20:09:55 - [TEST_STEP][PASSED] - println(fee_admin): null

2023-10-04 20:09:55 - [TEST_STEP][PASSED] - Subtotal = getText(findTestObject("verifikasi/subtotal checkout")): Text of object 'Object Repository/verifikasi/subtotal checkout' is: 'Subtotal
Rp 1,299'

2023-10-04 20:09:56 - [MESSAGE][PASSED] - Text of object 'Object Repository/verifikasi/subtotal checkout' is: 'Subtotal
Rp 1,299'

2023-10-04 20:09:56 - [TEST_STEP][PASSED] - sub_total = Subtotal.substring(12, Subtotal.size()): null

2023-10-04 20:09:56 - [TEST_STEP][PASSED] - sub = sub_total.replace(",", "."): null

2023-10-04 20:09:56 - [TEST_STEP][PASSED] - sub_total = Double.parseDouble(sub): null

2023-10-04 20:09:56 - [TEST_STEP][PASSED] - println(sub_total): null

2023-10-04 20:09:56 - [TEST_STEP][PASSED] - Total = getText(findTestObject("verifikasi/Total checkout")): Text of object 'Object Repository/verifikasi/Total checkout' is: 'Rp 7,799'

2023-10-04 20:09:56 - [MESSAGE][PASSED] - Text of object 'Object Repository/verifikasi/Total checkout' is: 'Rp 7,799'

2023-10-04 20:09:56 - [TEST_STEP][PASSED] - totall = Total.substring(3, Total.size()): null

2023-10-04 20:09:56 - [TEST_STEP][PASSED] - total = totall.replace(",", "."): null

2023-10-04 20:09:56 - [TEST_STEP][PASSED] - totall = Double.parseDouble(total): null

2023-10-04 20:09:56 - [TEST_STEP][PASSED] - println(totall): null

2023-10-04 20:09:56 - [TEST_STEP][PASSED] - Total_Harga = Ongkos_kirim + fee_admin + sub_total: null

2023-10-04 20:09:56 - [TEST_STEP][PASSED] - println(Total_Harga): null

2023-10-04 20:09:56 - [TEST_STEP][PASSED] - TotalHarga = Math.round(Total_Harga * 1000) / 1000: null

2023-10-04 20:09:56 - [TEST_STEP][PASSED] - println(TotalHarga): null

2023-10-04 20:09:56 - [TEST_STEP][PASSED] - assert totall == TotalHarga: null

2023-10-04 20:09:56 - [TEST_STEP][PASSED] - click(findTestObject("verifikasi/Metode Transfer")): Object: 'Object Repository/verifikasi/Metode Transfer' is clicked on

2023-10-04 20:09:57 - [MESSAGE][PASSED] - Object: 'Object Repository/verifikasi/Metode Transfer' is clicked on

2023-10-04 20:09:57 - [TEST_STEP][PASSED] - click(findTestObject("checkout/button_Proses Pembayaran")): Object: 'Object Repository/checkout/button_Proses Pembayaran' is clicked on

2023-10-04 20:10:02 - [MESSAGE][PASSED] - Object: 'Object Repository/checkout/button_Proses Pembayaran' is clicked on

2023-10-04 20:10:02 - [TEST_STEP][PASSED] - verifyElementPresent(findTestObject("pembayaran/Tittle nomor invoice"), 0): Object 'Object Repository/pembayaran/Tittle nomor invoice' is present

2023-10-04 20:10:02 - [MESSAGE][WARNING] - Timeout '0' is invalid. Using default page load timeout: '30'

2023-10-04 20:10:07 - [MESSAGE][PASSED] - Object 'Object Repository/pembayaran/Tittle nomor invoice' is present

2023-10-04 20:10:07 - [TEST_STEP][PASSED] - return data: null

2023-10-04 20:10:07 - [MESSAGE][PASSED] - Call Test Case 'Test Cases/T13 Pembelian, Shipment dan Pembayaran/PBL-004' successfully

2023-10-04 20:10:07 - [TEST_STEP][PASSED] - Invoice = getText(findTestObject("pembayaran/nomor invoice")): Text of object 'Object Repository/pembayaran/nomor invoice' is: 'TRX60.20231004200958'

2023-10-04 20:10:08 - [MESSAGE][PASSED] - Text of object 'Object Repository/pembayaran/nomor invoice' is: 'TRX60.20231004200958'

2023-10-04 20:10:08 - [TEST_STEP][PASSED] - data.put("invoice", Invoice): null

2023-10-04 20:10:08 - [TEST_STEP][PASSED] - NamaPemesan = getText(findTestObject("Konfirmasi pesanan shop/Nama pemesan")): Text of object 'Object Repository/Konfirmasi pesanan shop/Nama pemesan' is: 'irfan.afandi'

2023-10-04 20:10:08 - [MESSAGE][PASSED] - Text of object 'Object Repository/Konfirmasi pesanan shop/Nama pemesan' is: 'irfan.afandi'

2023-10-04 20:10:08 - [TEST_STEP][PASSED] - Nama = getText(findTestObject("pembayaran/Nama barang")): Text of object 'Object Repository/pembayaran/Nama barang' is: 'Segitiga Instan Madeira - MDB5.3 Sunset'

2023-10-04 20:10:09 - [MESSAGE][PASSED] - Text of object 'Object Repository/pembayaran/Nama barang' is: 'Segitiga Instan Madeira - MDB5.3 Sunset'

2023-10-04 20:10:09 - [TEST_STEP][PASSED] - Harga = getText(findTestObject("pembayaran/Harga barang")): Text of object 'Object Repository/pembayaran/Harga barang' is: '1,299'

2023-10-04 20:10:09 - [MESSAGE][PASSED] - Text of object 'Object Repository/pembayaran/Harga barang' is: '1,299'

2023-10-04 20:10:09 - [TEST_STEP][PASSED] - name_product = data.get("nama_barang"): null

2023-10-04 20:10:09 - [TEST_STEP][PASSED] - price_product = data.get("price_barang"): null

2023-10-04 20:10:09 - [TEST_STEP][PASSED] - assert name_product.contains(Nama): null

2023-10-04 20:10:09 - [TEST_STEP][PASSED] - assert price_product.contains(Harga): null

2023-10-04 20:10:09 - [TEST_STEP][PASSED] - warnaa = getText(findTestObject("pembayaran/warna")): Text of object 'Object Repository/pembayaran/warna' is: 'Merah'

2023-10-04 20:10:10 - [MESSAGE][PASSED] - Text of object 'Object Repository/pembayaran/warna' is: 'Merah'

2023-10-04 20:10:10 - [TEST_STEP][PASSED] - ukurann = getText(findTestObject("pembayaran/ukuran")): Text of object 'Object Repository/pembayaran/ukuran' is: 'Menengah'

2023-10-04 20:10:10 - [MESSAGE][PASSED] - Text of object 'Object Repository/pembayaran/ukuran' is: 'Menengah'

2023-10-04 20:10:10 - [TEST_STEP][PASSED] - warna1 = data.get("Warna"): null

2023-10-04 20:10:10 - [TEST_STEP][PASSED] - ukuran1 = data.get("Ukuran"): null

2023-10-04 20:10:10 - [TEST_STEP][PASSED] - assert warnaa == warna1: null

2023-10-04 20:10:10 - [TEST_STEP][PASSED] - assert ukurann == ukuran1: null

2023-10-04 20:10:10 - [TEST_STEP][PASSED] - statusPembelian = getText(findTestObject("verifikasi/Status pending di pembelian")): Text of object 'Object Repository/verifikasi/Status pending di pembelian' is: 'Pending'

2023-10-04 20:10:11 - [MESSAGE][PASSED] - Text of object 'Object Repository/verifikasi/Status pending di pembelian' is: 'Pending'

2023-10-04 20:10:11 - [TEST_STEP][PASSED] - data.put("statusPem", statusPembelian): null

2023-10-04 20:10:11 - [TEST_STEP][PASSED] - OngkosKirim = getText(findTestObject("pembayaran/ongkos kirim")): Text of object 'Object Repository/pembayaran/ongkos kirim' is: 'Rp 5,000'

2023-10-04 20:10:11 - [MESSAGE][PASSED] - Text of object 'Object Repository/pembayaran/ongkos kirim' is: 'Rp 5,000'

2023-10-04 20:10:11 - [TEST_STEP][PASSED] - Ongkos = OngkosKirim.substring(3, OngkosKirim.size()): null

2023-10-04 20:10:11 - [TEST_STEP][PASSED] - rep = Ongkos.replace(",", ""): null

2023-10-04 20:10:11 - [TEST_STEP][PASSED] - Ongkos_kirimm = Integer.parseInt(rep): null

2023-10-04 20:10:11 - [TEST_STEP][PASSED] - println(Ongkos_kirimm): null

2023-10-04 20:10:11 - [TEST_STEP][PASSED] - FeeAdmin = getText(findTestObject("pembayaran/fee admin")): Text of object 'Object Repository/pembayaran/fee admin' is: 'Rp 1,500'

2023-10-04 20:10:12 - [MESSAGE][PASSED] - Text of object 'Object Repository/pembayaran/fee admin' is: 'Rp 1,500'

2023-10-04 20:10:12 - [TEST_STEP][PASSED] - Fee_Admin = FeeAdmin.substring(3, FeeAdmin.size()): null

2023-10-04 20:10:12 - [TEST_STEP][PASSED] - fee = Fee_Admin.replace(",", ""): null

2023-10-04 20:10:12 - [TEST_STEP][PASSED] - fee_adminn = Integer.parseInt(fee): null

2023-10-04 20:10:12 - [TEST_STEP][PASSED] - println(fee_adminn): null

2023-10-04 20:10:12 - [TEST_STEP][PASSED] - Subtotal = getText(findTestObject("pembayaran/subtotal")): Text of object 'Object Repository/pembayaran/subtotal' is: 'Rp 1,299'

2023-10-04 20:10:12 - [MESSAGE][PASSED] - Text of object 'Object Repository/pembayaran/subtotal' is: 'Rp 1,299'

2023-10-04 20:10:12 - [TEST_STEP][PASSED] - sub_total = Subtotal.substring(3, Subtotal.size()): null

2023-10-04 20:10:12 - [TEST_STEP][PASSED] - sub = sub_total.replace(",", ""): null

2023-10-04 20:10:12 - [TEST_STEP][PASSED] - sub_totall = Integer.parseInt(sub): null

2023-10-04 20:10:12 - [TEST_STEP][PASSED] - println(sub_totall): null

2023-10-04 20:10:12 - [TEST_STEP][PASSED] - unik = getText(findTestObject("pembayaran/kode unik")): Text of object 'Object Repository/pembayaran/kode unik' is: '+958'

2023-10-04 20:10:13 - [MESSAGE][PASSED] - Text of object 'Object Repository/pembayaran/kode unik' is: '+958'

2023-10-04 20:10:13 - [TEST_STEP][PASSED] - unikk = unik.replace("+", ""): null

2023-10-04 20:10:13 - [TEST_STEP][PASSED] - kode_unik = Integer.parseInt(unikk): null

2023-10-04 20:10:13 - [TEST_STEP][PASSED] - println(kode_unik): null

2023-10-04 20:10:13 - [TEST_STEP][PASSED] - Total = getText(findTestObject("pembayaran/total")): Text of object 'Object Repository/pembayaran/total' is: '8,757'

2023-10-04 20:10:13 - [MESSAGE][PASSED] - Text of object 'Object Repository/pembayaran/total' is: '8,757'

2023-10-04 20:10:13 - [TEST_STEP][PASSED] - total = Total.replace(",", ""): null

2023-10-04 20:10:13 - [TEST_STEP][PASSED] - totalll = Integer.parseInt(total): null

2023-10-04 20:10:13 - [TEST_STEP][PASSED] - println(totalll): null

2023-10-04 20:10:13 - [TEST_STEP][PASSED] - Total_Hargaa = Ongkos_kirimm + fee_adminn + sub_totall + kode_unik: null

2023-10-04 20:10:13 - [TEST_STEP][PASSED] - println(Total_Hargaa): null

2023-10-04 20:10:13 - [TEST_STEP][PASSED] - assert totalll == Total_Hargaa: null

2023-10-04 20:10:13 - [TEST_STEP][PASSED] - data.put("total", Total): null

2023-10-04 20:10:13 - [TEST_STEP][PASSED] - data.put("nama", NamaPemesan): null

2023-10-04 20:10:13 - [TEST_STEP][PASSED] - return data: null

2023-10-04 20:10:13 - [MESSAGE][PASSED] - Call Test Case 'Test Cases/T13 Pembelian, Shipment dan Pembayaran/PBY-001' successfully

2023-10-04 20:10:13 - [TEST_STEP][PASSED] - inv = data.get("invoice"): null

2023-10-04 20:10:13 - [TEST_STEP][PASSED] - Total = data.get("total"): null

2023-10-04 20:10:13 - [TEST_STEP][PASSED] - NamaPemesan = data.get("nama"): null

2023-10-04 20:10:13 - [TEST_STEP][PASSED] - click(findTestObject("Konfirmasi pesanan shop/Menu Shop")): Object: 'Object Repository/Konfirmasi pesanan shop/Menu Shop' is clicked on

2023-10-04 20:10:15 - [MESSAGE][PASSED] - Object: 'Object Repository/Konfirmasi pesanan shop/Menu Shop' is clicked on

2023-10-04 20:10:15 - [TEST_STEP][PASSED] - click(findTestObject("Konfirmasi pesanan shop/Menu Shop")): Object: 'Object Repository/Konfirmasi pesanan shop/Menu Shop' is clicked on

2023-10-04 20:10:16 - [MESSAGE][PASSED] - Object: 'Object Repository/Konfirmasi pesanan shop/Menu Shop' is clicked on

2023-10-04 20:10:16 - [TEST_STEP][PASSED] - click(findTestObject("Konfirmasi pesanan shop/Konfirmasi Orders")): Object: 'Object Repository/Konfirmasi pesanan shop/Konfirmasi Orders' is clicked on

2023-10-04 20:10:17 - [MESSAGE][PASSED] - Object: 'Object Repository/Konfirmasi pesanan shop/Konfirmasi Orders' is clicked on

2023-10-04 20:10:17 - [TEST_STEP][PASSED] - verifyElementPresent(findTestObject("Konfirmasi pesanan shop/Tittle Konfirmasi Pesanan"), 0): Object 'Object Repository/Konfirmasi pesanan shop/Tittle Konfirmasi Pesanan' is present

2023-10-04 20:10:17 - [MESSAGE][WARNING] - Timeout '0' is invalid. Using default page load timeout: '30'

2023-10-04 20:10:18 - [MESSAGE][PASSED] - Object 'Object Repository/Konfirmasi pesanan shop/Tittle Konfirmasi Pesanan' is present

2023-10-04 20:10:18 - [TEST_STEP][PASSED] - setText(findTestObject("Konfirmasi pesanan shop/input_No Pesanan"), inv): Text 'TRX60.20231004200958' is set on object 'Object Repository/Konfirmasi pesanan shop/input_No Pesanan'

2023-10-04 20:10:18 - [MESSAGE][PASSED] - Text 'TRX60.20231004200958' is set on object 'Object Repository/Konfirmasi pesanan shop/input_No Pesanan'

2023-10-04 20:10:18 - [TEST_STEP][PASSED] - setText(findTestObject("Konfirmasi pesanan shop/input_Alamat E-mai"), "irfan@gmail.com"): Text 'irfan@gmail.com' is set on object 'Object Repository/Konfirmasi pesanan shop/input_Alamat E-mai'

2023-10-04 20:10:19 - [MESSAGE][PASSED] - Text 'irfan@gmail.com' is set on object 'Object Repository/Konfirmasi pesanan shop/input_Alamat E-mai'

2023-10-04 20:10:19 - [TEST_STEP][PASSED] - click(findTestObject("Konfirmasi pesanan shop/button_Submit")): Object: 'Object Repository/Konfirmasi pesanan shop/button_Submit' is clicked on

2023-10-04 20:10:20 - [MESSAGE][PASSED] - Object: 'Object Repository/Konfirmasi pesanan shop/button_Submit' is clicked on

2023-10-04 20:10:20 - [TEST_STEP][PASSED] - verifyElementPresent(findTestObject("Konfirmasi pesanan shop/Tittle nomor invoice"), 0): Object 'Object Repository/Konfirmasi pesanan shop/Tittle nomor invoice' is present

2023-10-04 20:10:20 - [MESSAGE][WARNING] - Timeout '0' is invalid. Using default page load timeout: '30'

2023-10-04 20:10:21 - [MESSAGE][PASSED] - Object 'Object Repository/Konfirmasi pesanan shop/Tittle nomor invoice' is present

2023-10-04 20:10:21 - [TEST_STEP][PASSED] - setText(findTestObject("Konfirmasi pesanan shop/input_Total TagihanTransfer_b"), Total): Text '8,757' is set on object 'Object Repository/Konfirmasi pesanan shop/input_Total TagihanTransfer_b'

2023-10-04 20:10:21 - [MESSAGE][PASSED] - Text '8,757' is set on object 'Object Repository/Konfirmasi pesanan shop/input_Total TagihanTransfer_b'

2023-10-04 20:10:21 - [TEST_STEP][PASSED] - selectOptionByValue(findTestObject("Konfirmasi pesanan shop/select_Bank"), "4", false): All options with value '4' are selected in object 'Object Repository/Konfirmasi pesanan shop/select_Bank' 

2023-10-04 20:10:22 - [MESSAGE][PASSED] - All options with value '4' are selected in object 'Object Repository/Konfirmasi pesanan shop/select_Bank' 

2023-10-04 20:10:22 - [TEST_STEP][PASSED] - clearText(findTestObject("Konfirmasi pesanan shop/input_Nama Pengirim_d"), STOP_ON_FAILURE): Text of object 'Object Repository/Konfirmasi pesanan shop/input_Nama Pengirim_d' is cleared

2023-10-04 20:10:23 - [MESSAGE][PASSED] - Text of object 'Object Repository/Konfirmasi pesanan shop/input_Nama Pengirim_d' is cleared

2023-10-04 20:10:23 - [TEST_STEP][PASSED] - uploadFile(findTestObject("Konfirmasi pesanan shop/input_Upload Bukti Transfer_f"), "C:\Users\IRFAN\Downloads\Berkas2.pdf"): File 'C:\Users\IRFAN\Downloads\Berkas2.pdf' sent to object: 'Object Repository/Konfirmasi pesanan shop/input_Upload Bukti Transfer_f'

2023-10-04 20:10:23 - [MESSAGE][PASSED] - File 'C:\Users\IRFAN\Downloads\Berkas2.pdf' sent to object: 'Object Repository/Konfirmasi pesanan shop/input_Upload Bukti Transfer_f'

2023-10-04 20:10:23 - [TEST_STEP][PASSED] - click(findTestObject("Konfirmasi pesanan shop/button_Konfirmasi Pembayaran")): Object: 'Object Repository/Konfirmasi pesanan shop/button_Konfirmasi Pembayaran' is clicked on

2023-10-04 20:10:23 - [MESSAGE][PASSED] - Object: 'Object Repository/Konfirmasi pesanan shop/button_Konfirmasi Pembayaran' is clicked on

2023-10-04 20:10:23 - [TEST_STEP][PASSED] - webDriver = getWebDriver(): null

2023-10-04 20:10:23 - [TEST_STEP][PASSED] - field_nama = webDriver.findElement(By.xpath("//input[@name="d"]")): null

2023-10-04 20:10:24 - [TEST_STEP][PASSED] - error_message = webDriver.executeScript("return arguments[0].validationMessage", field_nama): null

2023-10-04 20:10:24 - [TEST_STEP][PASSED] - println(error_message): null

2023-10-04 20:10:24 - [TEST_STEP][PASSED] - assert error_message == "Please fill out this field.": null]]></system-out>
         <system-err><![CDATA[]]></system-err>
      </testcase>
      <testcase name="Test Cases/T13 Pembelian, Shipment dan Pembayaran/PBY-008" time="61.105" classname="Test Cases/T13 Pembelian, Shipment dan Pembayaran/PBY-008" status="FAILED">
         <failure type="FAILED" message="Test Cases/T13 Pembelian, Shipment dan Pembayaran/PBY-008 FAILED.
Reason:
com.kms.katalon.core.exception.StepFailedException: Unable to verify text 'Please fill out this field.' is present 
	at com.kms.katalon.core.webui.keyword.internal.WebUIKeywordMain.stepFailed(WebUIKeywordMain.groovy:64)
	at com.kms.katalon.core.webui.keyword.internal.WebUIKeywordMain.runKeyword(WebUIKeywordMain.groovy:26)
	at com.kms.katalon.core.webui.keyword.builtin.VerifyTextPresentKeyword.verifyTextPresent(VerifyTextPresentKeyword.groovy:83)
	at com.kms.katalon.core.webui.keyword.builtin.VerifyTextPresentKeyword.execute(VerifyTextPresentKeyword.groovy:68)
	at com.kms.katalon.core.keyword.internal.KeywordExecutor.executeKeywordForPlatform(KeywordExecutor.groovy:74)
	at com.kms.katalon.core.webui.keyword.WebUiBuiltInKeywords.verifyTextPresent(WebUiBuiltInKeywords.groovy:1723)
	at com.kms.katalon.core.webui.keyword.WebUiBuiltInKeywords$verifyTextPresent$7.call(Unknown Source)
	at PBY-008.run(PBY-008:57)
	at com.kms.katalon.core.main.ScriptEngine.run(ScriptEngine.java:194)
	at com.kms.katalon.core.main.ScriptEngine.runScriptAsRawText(ScriptEngine.java:119)
	at com.kms.katalon.core.main.TestCaseExecutor.runScript(TestCaseExecutor.java:448)
	at com.kms.katalon.core.main.TestCaseExecutor.doExecute(TestCaseExecutor.java:439)
	at com.kms.katalon.core.main.TestCaseExecutor.processExecutionPhase(TestCaseExecutor.java:418)
	at com.kms.katalon.core.main.TestCaseExecutor.accessMainPhase(TestCaseExecutor.java:410)
	at com.kms.katalon.core.main.TestCaseExecutor.execute(TestCaseExecutor.java:285)
	at com.kms.katalon.core.common.CommonExecutor.accessTestCaseMainPhase(CommonExecutor.java:65)
	at com.kms.katalon.core.main.TestSuiteExecutor.accessTestSuiteMainPhase(TestSuiteExecutor.java:148)
	at com.kms.katalon.core.main.TestSuiteExecutor.execute(TestSuiteExecutor.java:106)
	at com.kms.katalon.core.main.TestCaseMain.startTestSuite(TestCaseMain.java:187)
	at com.kms.katalon.core.main.TestCaseMain$startTestSuite$0.call(Unknown Source)
	at TempTestSuite1696424348948.run(TempTestSuite1696424348948.groovy:36)
Caused by: com.kms.katalon.core.exception.StepFailedException: Text 'Please fill out this field.' is not present on page 
	at com.kms.katalon.core.webui.keyword.internal.WebUIKeywordMain.stepFailed(WebUIKeywordMain.groovy:64)
	at com.kms.katalon.core.webui.keyword.builtin.VerifyTextPresentKeyword$_verifyTextPresent_closure1.doCall(VerifyTextPresentKeyword.groovy:79)
	at com.kms.katalon.core.webui.keyword.builtin.VerifyTextPresentKeyword$_verifyTextPresent_closure1.call(VerifyTextPresentKeyword.groovy)
	at com.kms.katalon.core.webui.keyword.internal.WebUIKeywordMain.runKeyword(WebUIKeywordMain.groovy:20)
	... 19 more
"/>
         <system-out><![CDATA[2023-10-04 20:10:24 - [TEST_CASE][FAILED] - Test Cases/T13 Pembelian, Shipment dan Pembayaran/PBY-008: Test Cases/T13 Pembelian, Shipment dan Pembayaran/PBY-008 FAILED.
Reason:
com.kms.katalon.core.exception.StepFailedException: Unable to verify text 'Please fill out this field.' is present 
	at com.kms.katalon.core.webui.keyword.internal.WebUIKeywordMain.stepFailed(WebUIKeywordMain.groovy:64)
	at com.kms.katalon.core.webui.keyword.internal.WebUIKeywordMain.runKeyword(WebUIKeywordMain.groovy:26)
	at com.kms.katalon.core.webui.keyword.builtin.VerifyTextPresentKeyword.verifyTextPresent(VerifyTextPresentKeyword.groovy:83)
	at com.kms.katalon.core.webui.keyword.builtin.VerifyTextPresentKeyword.execute(VerifyTextPresentKeyword.groovy:68)
	at com.kms.katalon.core.keyword.internal.KeywordExecutor.executeKeywordForPlatform(KeywordExecutor.groovy:74)
	at com.kms.katalon.core.webui.keyword.WebUiBuiltInKeywords.verifyTextPresent(WebUiBuiltInKeywords.groovy:1723)
	at com.kms.katalon.core.webui.keyword.WebUiBuiltInKeywords$verifyTextPresent$7.call(Unknown Source)
	at PBY-008.run(PBY-008:57)
	at com.kms.katalon.core.main.ScriptEngine.run(ScriptEngine.java:194)
	at com.kms.katalon.core.main.ScriptEngine.runScriptAsRawText(ScriptEngine.java:119)
	at com.kms.katalon.core.main.TestCaseExecutor.runScript(TestCaseExecutor.java:448)
	at com.kms.katalon.core.main.TestCaseExecutor.doExecute(TestCaseExecutor.java:439)
	at com.kms.katalon.core.main.TestCaseExecutor.processExecutionPhase(TestCaseExecutor.java:418)
	at com.kms.katalon.core.main.TestCaseExecutor.accessMainPhase(TestCaseExecutor.java:410)
	at com.kms.katalon.core.main.TestCaseExecutor.execute(TestCaseExecutor.java:285)
	at com.kms.katalon.core.common.CommonExecutor.accessTestCaseMainPhase(CommonExecutor.java:65)
	at com.kms.katalon.core.main.TestSuiteExecutor.accessTestSuiteMainPhase(TestSuiteExecutor.java:148)
	at com.kms.katalon.core.main.TestSuiteExecutor.execute(TestSuiteExecutor.java:106)
	at com.kms.katalon.core.main.TestCaseMain.startTestSuite(TestCaseMain.java:187)
	at com.kms.katalon.core.main.TestCaseMain$startTestSuite$0.call(Unknown Source)
	at TempTestSuite1696424348948.run(TempTestSuite1696424348948.groovy:36)
Caused by: com.kms.katalon.core.exception.StepFailedException: Text 'Please fill out this field.' is not present on page 
	at com.kms.katalon.core.webui.keyword.internal.WebUIKeywordMain.stepFailed(WebUIKeywordMain.groovy:64)
	at com.kms.katalon.core.webui.keyword.builtin.VerifyTextPresentKeyword$_verifyTextPresent_closure1.doCall(VerifyTextPresentKeyword.groovy:79)
	at com.kms.katalon.core.webui.keyword.builtin.VerifyTextPresentKeyword$_verifyTextPresent_closure1.call(VerifyTextPresentKeyword.groovy)
	at com.kms.katalon.core.webui.keyword.internal.WebUIKeywordMain.runKeyword(WebUIKeywordMain.groovy:20)
	... 19 more


2023-10-04 20:10:24 - [TEST_STEP][PASSED] - data = callTestCase(findTestCase("T13 Pembelian, Shipment dan Pembayaran/PBY-001"), [:], STOP_ON_FAILURE): Call Test Case 'Test Cases/T13 Pembelian, Shipment dan Pembayaran/PBY-001' successfully

2023-10-04 20:10:24 - [TEST_CASE][PASSED] - Test Cases/T13 Pembelian, Shipment dan Pembayaran/PBY-001: Test Cases/T13 Pembelian, Shipment dan Pembayaran/PBY-001

2023-10-04 20:10:24 - [TEST_STEP][PASSED] - data = callTestCase(findTestCase("T13 Pembelian, Shipment dan Pembayaran/PBL-004"), ["Kurir":"Roda 2"], STOP_ON_FAILURE): Call Test Case 'Test Cases/T13 Pembelian, Shipment dan Pembayaran/PBL-004' successfully

2023-10-04 20:10:24 - [TEST_CASE][PASSED] - Test Cases/T13 Pembelian, Shipment dan Pembayaran/PBL-004: Test Cases/T13 Pembelian, Shipment dan Pembayaran/PBL-004

2023-10-04 20:10:24 - [TEST_STEP][PASSED] - data = callTestCase(findTestCase("T13 Pembelian, Shipment dan Pembayaran/PBL-002"), [:], STOP_ON_FAILURE): Call Test Case 'Test Cases/T13 Pembelian, Shipment dan Pembayaran/PBL-002' successfully

2023-10-04 20:10:24 - [TEST_CASE][PASSED] - Test Cases/T13 Pembelian, Shipment dan Pembayaran/PBL-002: Test Cases/T13 Pembelian, Shipment dan Pembayaran/PBL-002

2023-10-04 20:10:24 - [TEST_STEP][PASSED] - data = callTestCase(findTestCase("T13 Pembelian, Shipment dan Pembayaran/PBL-001"), [:], STOP_ON_FAILURE): Call Test Case 'Test Cases/T13 Pembelian, Shipment dan Pembayaran/PBL-001' successfully

2023-10-04 20:10:24 - [TEST_CASE][PASSED] - Test Cases/T13 Pembelian, Shipment dan Pembayaran/PBL-001: Test Cases/T13 Pembelian, Shipment dan Pembayaran/PBL-001

2023-10-04 20:10:24 - [TEST_STEP][PASSED] - callTestCase(findTestCase("T13 Pembelian, Shipment dan Pembayaran/LU-001"), ["username":"irfanafandi", "password":"12345irfan"], STOP_ON_FAILURE): Call Test Case 'Test Cases/T13 Pembelian, Shipment dan Pembayaran/LU-001' successfully

2023-10-04 20:10:24 - [TEST_CASE][PASSED] - Test Cases/T13 Pembelian, Shipment dan Pembayaran/LU-001: Test Cases/T13 Pembelian, Shipment dan Pembayaran/LU-001

2023-10-04 20:10:24 - [TEST_STEP][PASSED] - openBrowser("https://10.9.2.63/ecommerce/"): Browser is opened with url: 'https://10.9.2.63/ecommerce/'

2023-10-04 20:10:24 - [MESSAGE][WARNING] - A browser is already opened. Closing browser and opening a new one

2023-10-04 20:10:27 - [MESSAGE][INFO] - Starting 'Firefox' driver

2023-10-04 20:10:27 - [MESSAGE][INFO] - User set preference: ['args', '[--disable-notifications]']

2023-10-04 20:10:27 - [MESSAGE][INFO] - Action delay is set to 0 milliseconds

2023-10-04 20:10:32 - [MESSAGE][PASSED] - Browser is opened with url: 'https://10.9.2.63/ecommerce/'

2023-10-04 20:10:32 - [TEST_STEP][PASSED] - maximizeWindow(): Current window maximized

2023-10-04 20:10:32 - [MESSAGE][PASSED] - Current window maximized

2023-10-04 20:10:32 - [TEST_STEP][PASSED] - verifyElementPresent(findTestObject("Login/Home"), 0): Object 'Object Repository/Login/Home' is present

2023-10-04 20:10:32 - [MESSAGE][WARNING] - Timeout '0' is invalid. Using default page load timeout: '30'

2023-10-04 20:10:32 - [MESSAGE][PASSED] - Object 'Object Repository/Login/Home' is present

2023-10-04 20:10:32 - [TEST_STEP][PASSED] - click(findTestObject("Login/a_Login")): Object: 'Object Repository/Login/a_Login' is clicked on

2023-10-04 20:10:33 - [MESSAGE][PASSED] - Object: 'Object Repository/Login/a_Login' is clicked on

2023-10-04 20:10:33 - [TEST_STEP][PASSED] - verifyElementPresent(findTestObject("Login/Tittle Login"), 0): Object 'Object Repository/Login/Tittle Login' is present

2023-10-04 20:10:33 - [MESSAGE][WARNING] - Timeout '0' is invalid. Using default page load timeout: '30'

2023-10-04 20:10:33 - [MESSAGE][PASSED] - Object 'Object Repository/Login/Tittle Login' is present

2023-10-04 20:10:33 - [TEST_STEP][PASSED] - setText(findTestObject("Login/input_Username, Email atau No. Handphone_a"), username): Text 'irfanafandi' is set on object 'Object Repository/Login/input_Username, Email atau No. Handphone_a'

2023-10-04 20:10:34 - [MESSAGE][PASSED] - Text 'irfanafandi' is set on object 'Object Repository/Login/input_Username, Email atau No. Handphone_a'

2023-10-04 20:10:34 - [TEST_STEP][PASSED] - setText(findTestObject("Login/input_Password_b"), password): Text '12345irfan' is set on object 'Object Repository/Login/input_Password_b'

2023-10-04 20:10:35 - [MESSAGE][PASSED] - Text '12345irfan' is set on object 'Object Repository/Login/input_Password_b'

2023-10-04 20:10:35 - [TEST_STEP][PASSED] - click(findTestObject("Login/label_Ingat saya")): Object: 'Object Repository/Login/label_Ingat saya' is clicked on

2023-10-04 20:10:35 - [MESSAGE][PASSED] - Object: 'Object Repository/Login/label_Ingat saya' is clicked on

2023-10-04 20:10:35 - [TEST_STEP][PASSED] - click(findTestObject("Login/button_Masuk")): Object: 'Object Repository/Login/button_Masuk' is clicked on

2023-10-04 20:10:36 - [MESSAGE][PASSED] - Object: 'Object Repository/Login/button_Masuk' is clicked on

2023-10-04 20:10:36 - [TEST_STEP][PASSED] - verifyElementPresent(findTestObject("Login/li_Profile"), 0): Object 'Object Repository/Login/li_Profile' is present

2023-10-04 20:10:36 - [MESSAGE][WARNING] - Timeout '0' is invalid. Using default page load timeout: '30'

2023-10-04 20:10:37 - [MESSAGE][PASSED] - Object 'Object Repository/Login/li_Profile' is present

2023-10-04 20:10:37 - [MESSAGE][PASSED] - Call Test Case 'Test Cases/T13 Pembelian, Shipment dan Pembayaran/LU-001' successfully

2023-10-04 20:10:37 - [TEST_STEP][PASSED] - mouseOver(findTestObject("beli barang/i_Mulai Belanja_icon-menu")): Object: 'Object Repository/beli barang/i_Mulai Belanja_icon-menu' is hovered

2023-10-04 20:10:37 - [MESSAGE][PASSED] - Object: 'Object Repository/beli barang/i_Mulai Belanja_icon-menu' is hovered

2023-10-04 20:10:37 - [TEST_STEP][PASSED] - click(findTestObject("beli barang/a_Fashion  Busana Wanita")): Object: 'Object Repository/beli barang/a_Fashion  Busana Wanita' is clicked on

2023-10-04 20:10:38 - [MESSAGE][PASSED] - Object: 'Object Repository/beli barang/a_Fashion  Busana Wanita' is clicked on

2023-10-04 20:10:38 - [TEST_STEP][PASSED] - NamaSebelum = getText(findTestObject("verifikasi/Nama sebelum")): Text of object 'Object Repository/verifikasi/Nama sebelum' is: ''

2023-10-04 20:10:39 - [MESSAGE][PASSED] - Text of object 'Object Repository/verifikasi/Nama sebelum' is: ''

2023-10-04 20:10:39 - [TEST_STEP][PASSED] - HargaSebelum = getText(findTestObject("verifikasi/Harga sebelum")): Text of object 'Object Repository/verifikasi/Harga sebelum' is: ''

2023-10-04 20:10:40 - [MESSAGE][PASSED] - Text of object 'Object Repository/verifikasi/Harga sebelum' is: ''

2023-10-04 20:10:40 - [TEST_STEP][PASSED] - mouseOver(findTestObject("beli barang/barang mouse over")): Object: 'Object Repository/beli barang/barang mouse over' is hovered

2023-10-04 20:10:40 - [MESSAGE][PASSED] - Object: 'Object Repository/beli barang/barang mouse over' is hovered

2023-10-04 20:10:40 - [TEST_STEP][PASSED] - click(findTestObject("beli barang/buttom add to cart")): Object: 'Object Repository/beli barang/buttom add to cart' is clicked on

2023-10-04 20:10:42 - [MESSAGE][PASSED] - Object: 'Object Repository/beli barang/buttom add to cart' is clicked on

2023-10-04 20:10:42 - [TEST_STEP][PASSED] - NamaSesudah = getText(findTestObject("verifikasi/Nama sesudah")): Text of object 'Object Repository/verifikasi/Nama sesudah' is: 'Segitiga Instan Madeira - MDB5.3 Sunset'

2023-10-04 20:10:42 - [MESSAGE][PASSED] - Text of object 'Object Repository/verifikasi/Nama sesudah' is: 'Segitiga Instan Madeira - MDB5.3 Sunset'

2023-10-04 20:10:42 - [TEST_STEP][PASSED] - HargaSesudah = getText(findTestObject("verifikasi/Harga sesudah")): Text of object 'Object Repository/verifikasi/Harga sesudah' is: 'Rp 1,299'

2023-10-04 20:10:43 - [MESSAGE][PASSED] - Text of object 'Object Repository/verifikasi/Harga sesudah' is: 'Rp 1,299'

2023-10-04 20:10:43 - [TEST_STEP][PASSED] - assert NamaSesudah.contains(NamaSebelum): null

2023-10-04 20:10:43 - [TEST_STEP][PASSED] - assert HargaSesudah.contains(HargaSebelum): null

2023-10-04 20:10:43 - [TEST_STEP][PASSED] - click(findTestObject("beli barang/Tambah Keranjang busana wanita")): Object: 'Object Repository/beli barang/Tambah Keranjang busana wanita' is clicked on

2023-10-04 20:10:43 - [MESSAGE][PASSED] - Object: 'Object Repository/beli barang/Tambah Keranjang busana wanita' is clicked on

2023-10-04 20:10:43 - [TEST_STEP][PASSED] - verifyElementPresent(findTestObject("checkout/Notifikasi keranjang"), 1): Object 'Object Repository/checkout/Notifikasi keranjang' is present

2023-10-04 20:10:44 - [MESSAGE][PASSED] - Object 'Object Repository/checkout/Notifikasi keranjang' is present

2023-10-04 20:10:44 - [TEST_STEP][PASSED] - data = new java.util.HashMap(): null

2023-10-04 20:10:44 - [TEST_STEP][PASSED] - data.put("nama_barang", NamaSesudah): null

2023-10-04 20:10:44 - [TEST_STEP][PASSED] - data.put("price_barang", HargaSesudah): null

2023-10-04 20:10:44 - [TEST_STEP][PASSED] - return data: null

2023-10-04 20:10:44 - [MESSAGE][PASSED] - Call Test Case 'Test Cases/T13 Pembelian, Shipment dan Pembayaran/PBL-001' successfully

2023-10-04 20:10:44 - [TEST_STEP][PASSED] - mouseOver(findTestObject("beli barang/keranjang")): Object: 'Object Repository/beli barang/keranjang' is hovered

2023-10-04 20:10:44 - [MESSAGE][PASSED] - Object: 'Object Repository/beli barang/keranjang' is hovered

2023-10-04 20:10:44 - [TEST_STEP][PASSED] - click(findTestObject("beli barang/Lihat Sekarang")): Object: 'Object Repository/beli barang/Lihat Sekarang' is clicked on

2023-10-04 20:10:45 - [MESSAGE][PASSED] - Object: 'Object Repository/beli barang/Lihat Sekarang' is clicked on

2023-10-04 20:10:45 - [TEST_STEP][PASSED] - verifyElementPresent(findTestObject("keranjang/li_Keranjang Belanja"), 0): Object 'Object Repository/keranjang/li_Keranjang Belanja' is present

2023-10-04 20:10:45 - [MESSAGE][WARNING] - Timeout '0' is invalid. Using default page load timeout: '30'

2023-10-04 20:10:46 - [MESSAGE][PASSED] - Object 'Object Repository/keranjang/li_Keranjang Belanja' is present

2023-10-04 20:10:46 - [TEST_STEP][PASSED] - NamaKeranjang = getText(findTestObject("verifikasi/Nama keranjang")): Text of object 'Object Repository/verifikasi/Nama keranjang' is: 'Segitiga Instan Madeira - MDB5.3 Sunset'

2023-10-04 20:10:47 - [MESSAGE][PASSED] - Text of object 'Object Repository/verifikasi/Nama keranjang' is: 'Segitiga Instan Madeira - MDB5.3 Sunset'

2023-10-04 20:10:47 - [TEST_STEP][PASSED] - HargaKeranjang = getText(findTestObject("verifikasi/Harga Keranjang")): Text of object 'Object Repository/verifikasi/Harga Keranjang' is: 'Rp 1,299'

2023-10-04 20:10:47 - [MESSAGE][PASSED] - Text of object 'Object Repository/verifikasi/Harga Keranjang' is: 'Rp 1,299'

2023-10-04 20:10:47 - [TEST_STEP][PASSED] - if (toString().equalsIgnoreCase("Merah")): Object 'Object Repository/keranjang/input_Warna_variasi101' is checked

2023-10-04 20:10:47 - [TEST_STEP][PASSED] - check(findTestObject("Object Repository/keranjang/input_Warna_variasi101")): Object 'Object Repository/keranjang/input_Warna_variasi101' is checked

2023-10-04 20:10:48 - [MESSAGE][PASSED] - Object 'Object Repository/keranjang/input_Warna_variasi101' is checked

2023-10-04 20:10:48 - [TEST_STEP][PASSED] - if (toString().equalsIgnoreCase("Menengah")): Object 'Object Repository/keranjang/input_Ukuran_variasi201' is checked

2023-10-04 20:10:48 - [TEST_STEP][PASSED] - check(findTestObject("Object Repository/keranjang/input_Ukuran_variasi201")): Object 'Object Repository/keranjang/input_Ukuran_variasi201' is checked

2023-10-04 20:10:48 - [MESSAGE][PASSED] - Object 'Object Repository/keranjang/input_Ukuran_variasi201' is checked

2023-10-04 20:10:48 - [TEST_STEP][PASSED] - data.put("Warna", warna): null

2023-10-04 20:10:48 - [TEST_STEP][PASSED] - data.put("Ukuran", ukuran): null

2023-10-04 20:10:48 - [TEST_STEP][PASSED] - click(findTestObject("keranjang/button_Lanjut ke Pembayaran")): Object: 'Object Repository/keranjang/button_Lanjut ke Pembayaran' is clicked on

2023-10-04 20:10:49 - [MESSAGE][PASSED] - Object: 'Object Repository/keranjang/button_Lanjut ke Pembayaran' is clicked on

2023-10-04 20:10:49 - [TEST_STEP][PASSED] - verifyElementPresent(findTestObject("checkout/Tittle Checkout Order"), 0): Object 'Object Repository/checkout/Tittle Checkout Order' is present

2023-10-04 20:10:49 - [MESSAGE][WARNING] - Timeout '0' is invalid. Using default page load timeout: '30'

2023-10-04 20:10:50 - [MESSAGE][PASSED] - Object 'Object Repository/checkout/Tittle Checkout Order' is present

2023-10-04 20:10:50 - [TEST_STEP][PASSED] - name_product = data.get("nama_barang"): null

2023-10-04 20:10:50 - [TEST_STEP][PASSED] - price_product = data.get("price_barang"): null

2023-10-04 20:10:50 - [TEST_STEP][PASSED] - assert name_product == NamaKeranjang: null

2023-10-04 20:10:50 - [TEST_STEP][PASSED] - assert price_product == HargaKeranjang: null

2023-10-04 20:10:50 - [TEST_STEP][PASSED] - return data: null

2023-10-04 20:10:50 - [MESSAGE][PASSED] - Call Test Case 'Test Cases/T13 Pembelian, Shipment dan Pembayaran/PBL-002' successfully

2023-10-04 20:10:50 - [TEST_STEP][PASSED] - warnaa = getText(findTestObject("verifikasi/warna Merah")): Text of object 'Object Repository/verifikasi/warna Merah' is: 'Merah'

2023-10-04 20:10:50 - [MESSAGE][PASSED] - Text of object 'Object Repository/verifikasi/warna Merah' is: 'Merah'

2023-10-04 20:10:50 - [TEST_STEP][PASSED] - ukurann = getText(findTestObject("verifikasi/Ukuran Menengah")): Text of object 'Object Repository/verifikasi/Ukuran Menengah' is: 'Menengah'

2023-10-04 20:10:51 - [MESSAGE][PASSED] - Text of object 'Object Repository/verifikasi/Ukuran Menengah' is: 'Menengah'

2023-10-04 20:10:51 - [TEST_STEP][PASSED] - warna1 = data.get("Warna"): null

2023-10-04 20:10:51 - [TEST_STEP][PASSED] - ukuran1 = data.get("Ukuran"): null

2023-10-04 20:10:51 - [TEST_STEP][PASSED] - assert warnaa == warna1: null

2023-10-04 20:10:51 - [TEST_STEP][PASSED] - assert ukurann == ukuran1: null

2023-10-04 20:10:51 - [TEST_STEP][PASSED] - NamaCheckout = getText(findTestObject("verifikasi/NamaCheckout")): Text of object 'Object Repository/verifikasi/NamaCheckout' is: ''

2023-10-04 20:10:51 - [MESSAGE][PASSED] - Text of object 'Object Repository/verifikasi/NamaCheckout' is: ''

2023-10-04 20:10:51 - [TEST_STEP][PASSED] - HargaCheckout = getText(findTestObject("verifikasi/HargaCheckout")): Text of object 'Object Repository/verifikasi/HargaCheckout' is: '1,299'

2023-10-04 20:10:51 - [MESSAGE][PASSED] - Text of object 'Object Repository/verifikasi/HargaCheckout' is: '1,299'

2023-10-04 20:10:51 - [TEST_STEP][PASSED] - name_product = data.get("nama_barang"): null

2023-10-04 20:10:51 - [TEST_STEP][PASSED] - price_product = data.get("price_barang"): null

2023-10-04 20:10:51 - [TEST_STEP][PASSED] - assert name_product.contains(NamaCheckout): null

2023-10-04 20:10:51 - [TEST_STEP][PASSED] - assert price_product.contains(HargaCheckout): null

2023-10-04 20:10:51 - [TEST_STEP][PASSED] - selectOptionByLabel(findTestObject("checkout/select - Kirim via Kurir Lokal"), Kurir, false): All options with label 'Roda 2' are selected in object 'Object Repository/checkout/select - Kirim via Kurir Lokal' 

2023-10-04 20:10:52 - [MESSAGE][PASSED] - All options with label 'Roda 2' are selected in object 'Object Repository/checkout/select - Kirim via Kurir Lokal' 

2023-10-04 20:10:52 - [TEST_STEP][PASSED] - click(findTestObject("checkout/Kendaraan Kurir")): Object: 'Object Repository/checkout/Kendaraan Kurir' is clicked on

2023-10-04 20:10:53 - [MESSAGE][PASSED] - Object: 'Object Repository/checkout/Kendaraan Kurir' is clicked on

2023-10-04 20:10:53 - [TEST_STEP][PASSED] - OngkosKirim = getText(findTestObject("Object Repository/verifikasi/Ongkos Kirim checkout")): Text of object 'Object Repository/verifikasi/Ongkos Kirim checkout' is: 'Rp. 5,000'

2023-10-04 20:10:53 - [MESSAGE][PASSED] - Text of object 'Object Repository/verifikasi/Ongkos Kirim checkout' is: 'Rp. 5,000'

2023-10-04 20:10:53 - [TEST_STEP][PASSED] - Ongkos = OngkosKirim.substring(3, OngkosKirim.size()): null

2023-10-04 20:10:53 - [TEST_STEP][PASSED] - rep = Ongkos.replace(",", "."): null

2023-10-04 20:10:53 - [TEST_STEP][PASSED] - Ongkos_kirim = Double.parseDouble(rep): null

2023-10-04 20:10:53 - [TEST_STEP][PASSED] - println(Ongkos_kirim): null

2023-10-04 20:10:53 - [TEST_STEP][PASSED] - FeeAdmin = getText(findTestObject("verifikasi/Fee Admin checkout")): Text of object 'Object Repository/verifikasi/Fee Admin checkout' is: 'Fee Admin
Rp 1,500'

2023-10-04 20:10:54 - [MESSAGE][PASSED] - Text of object 'Object Repository/verifikasi/Fee Admin checkout' is: 'Fee Admin
Rp 1,500'

2023-10-04 20:10:54 - [TEST_STEP][PASSED] - Fee_Admin = FeeAdmin.substring(12, FeeAdmin.size()): null

2023-10-04 20:10:54 - [TEST_STEP][PASSED] - fee = Fee_Admin.replace(",", "."): null

2023-10-04 20:10:54 - [TEST_STEP][PASSED] - fee_admin = Double.parseDouble(fee): null

2023-10-04 20:10:54 - [TEST_STEP][PASSED] - println(fee_admin): null

2023-10-04 20:10:54 - [TEST_STEP][PASSED] - Subtotal = getText(findTestObject("verifikasi/subtotal checkout")): Text of object 'Object Repository/verifikasi/subtotal checkout' is: 'Subtotal
Rp 1,299'

2023-10-04 20:10:54 - [MESSAGE][PASSED] - Text of object 'Object Repository/verifikasi/subtotal checkout' is: 'Subtotal
Rp 1,299'

2023-10-04 20:10:54 - [TEST_STEP][PASSED] - sub_total = Subtotal.substring(12, Subtotal.size()): null

2023-10-04 20:10:54 - [TEST_STEP][PASSED] - sub = sub_total.replace(",", "."): null

2023-10-04 20:10:54 - [TEST_STEP][PASSED] - sub_total = Double.parseDouble(sub): null

2023-10-04 20:10:54 - [TEST_STEP][PASSED] - println(sub_total): null

2023-10-04 20:10:54 - [TEST_STEP][PASSED] - Total = getText(findTestObject("verifikasi/Total checkout")): Text of object 'Object Repository/verifikasi/Total checkout' is: 'Rp 7,799'

2023-10-04 20:10:55 - [MESSAGE][PASSED] - Text of object 'Object Repository/verifikasi/Total checkout' is: 'Rp 7,799'

2023-10-04 20:10:55 - [TEST_STEP][PASSED] - totall = Total.substring(3, Total.size()): null

2023-10-04 20:10:55 - [TEST_STEP][PASSED] - total = totall.replace(",", "."): null

2023-10-04 20:10:55 - [TEST_STEP][PASSED] - totall = Double.parseDouble(total): null

2023-10-04 20:10:55 - [TEST_STEP][PASSED] - println(totall): null

2023-10-04 20:10:55 - [TEST_STEP][PASSED] - Total_Harga = Ongkos_kirim + fee_admin + sub_total: null

2023-10-04 20:10:55 - [TEST_STEP][PASSED] - println(Total_Harga): null

2023-10-04 20:10:55 - [TEST_STEP][PASSED] - TotalHarga = Math.round(Total_Harga * 1000) / 1000: null

2023-10-04 20:10:55 - [TEST_STEP][PASSED] - println(TotalHarga): null

2023-10-04 20:10:55 - [TEST_STEP][PASSED] - assert totall == TotalHarga: null

2023-10-04 20:10:55 - [TEST_STEP][PASSED] - click(findTestObject("verifikasi/Metode Transfer")): Object: 'Object Repository/verifikasi/Metode Transfer' is clicked on

2023-10-04 20:10:55 - [MESSAGE][PASSED] - Object: 'Object Repository/verifikasi/Metode Transfer' is clicked on

2023-10-04 20:10:55 - [TEST_STEP][PASSED] - click(findTestObject("checkout/button_Proses Pembayaran")): Object: 'Object Repository/checkout/button_Proses Pembayaran' is clicked on

2023-10-04 20:11:01 - [MESSAGE][PASSED] - Object: 'Object Repository/checkout/button_Proses Pembayaran' is clicked on

2023-10-04 20:11:01 - [TEST_STEP][PASSED] - verifyElementPresent(findTestObject("pembayaran/Tittle nomor invoice"), 0): Object 'Object Repository/pembayaran/Tittle nomor invoice' is present

2023-10-04 20:11:01 - [MESSAGE][WARNING] - Timeout '0' is invalid. Using default page load timeout: '30'

2023-10-04 20:11:06 - [MESSAGE][PASSED] - Object 'Object Repository/pembayaran/Tittle nomor invoice' is present

2023-10-04 20:11:06 - [TEST_STEP][PASSED] - return data: null

2023-10-04 20:11:06 - [MESSAGE][PASSED] - Call Test Case 'Test Cases/T13 Pembelian, Shipment dan Pembayaran/PBL-004' successfully

2023-10-04 20:11:06 - [TEST_STEP][PASSED] - Invoice = getText(findTestObject("pembayaran/nomor invoice")): Text of object 'Object Repository/pembayaran/nomor invoice' is: 'TRX60.20231004201057'

2023-10-04 20:11:07 - [MESSAGE][PASSED] - Text of object 'Object Repository/pembayaran/nomor invoice' is: 'TRX60.20231004201057'

2023-10-04 20:11:07 - [TEST_STEP][PASSED] - data.put("invoice", Invoice): null

2023-10-04 20:11:07 - [TEST_STEP][PASSED] - NamaPemesan = getText(findTestObject("Konfirmasi pesanan shop/Nama pemesan")): Text of object 'Object Repository/Konfirmasi pesanan shop/Nama pemesan' is: 'irfan.afandi'

2023-10-04 20:11:07 - [MESSAGE][PASSED] - Text of object 'Object Repository/Konfirmasi pesanan shop/Nama pemesan' is: 'irfan.afandi'

2023-10-04 20:11:07 - [TEST_STEP][PASSED] - Nama = getText(findTestObject("pembayaran/Nama barang")): Text of object 'Object Repository/pembayaran/Nama barang' is: 'Segitiga Instan Madeira - MDB5.3 Sunset'

2023-10-04 20:11:08 - [MESSAGE][PASSED] - Text of object 'Object Repository/pembayaran/Nama barang' is: 'Segitiga Instan Madeira - MDB5.3 Sunset'

2023-10-04 20:11:08 - [TEST_STEP][PASSED] - Harga = getText(findTestObject("pembayaran/Harga barang")): Text of object 'Object Repository/pembayaran/Harga barang' is: '1,299'

2023-10-04 20:11:08 - [MESSAGE][PASSED] - Text of object 'Object Repository/pembayaran/Harga barang' is: '1,299'

2023-10-04 20:11:08 - [TEST_STEP][PASSED] - name_product = data.get("nama_barang"): null

2023-10-04 20:11:08 - [TEST_STEP][PASSED] - price_product = data.get("price_barang"): null

2023-10-04 20:11:08 - [TEST_STEP][PASSED] - assert name_product.contains(Nama): null

2023-10-04 20:11:08 - [TEST_STEP][PASSED] - assert price_product.contains(Harga): null

2023-10-04 20:11:08 - [TEST_STEP][PASSED] - warnaa = getText(findTestObject("pembayaran/warna")): Text of object 'Object Repository/pembayaran/warna' is: 'Merah'

2023-10-04 20:11:09 - [MESSAGE][PASSED] - Text of object 'Object Repository/pembayaran/warna' is: 'Merah'

2023-10-04 20:11:09 - [TEST_STEP][PASSED] - ukurann = getText(findTestObject("pembayaran/ukuran")): Text of object 'Object Repository/pembayaran/ukuran' is: 'Menengah'

2023-10-04 20:11:09 - [MESSAGE][PASSED] - Text of object 'Object Repository/pembayaran/ukuran' is: 'Menengah'

2023-10-04 20:11:09 - [TEST_STEP][PASSED] - warna1 = data.get("Warna"): null

2023-10-04 20:11:09 - [TEST_STEP][PASSED] - ukuran1 = data.get("Ukuran"): null

2023-10-04 20:11:09 - [TEST_STEP][PASSED] - assert warnaa == warna1: null

2023-10-04 20:11:09 - [TEST_STEP][PASSED] - assert ukurann == ukuran1: null

2023-10-04 20:11:09 - [TEST_STEP][PASSED] - statusPembelian = getText(findTestObject("verifikasi/Status pending di pembelian")): Text of object 'Object Repository/verifikasi/Status pending di pembelian' is: 'Pending'

2023-10-04 20:11:10 - [MESSAGE][PASSED] - Text of object 'Object Repository/verifikasi/Status pending di pembelian' is: 'Pending'

2023-10-04 20:11:10 - [TEST_STEP][PASSED] - data.put("statusPem", statusPembelian): null

2023-10-04 20:11:10 - [TEST_STEP][PASSED] - OngkosKirim = getText(findTestObject("pembayaran/ongkos kirim")): Text of object 'Object Repository/pembayaran/ongkos kirim' is: 'Rp 5,000'

2023-10-04 20:11:10 - [MESSAGE][PASSED] - Text of object 'Object Repository/pembayaran/ongkos kirim' is: 'Rp 5,000'

2023-10-04 20:11:10 - [TEST_STEP][PASSED] - Ongkos = OngkosKirim.substring(3, OngkosKirim.size()): null

2023-10-04 20:11:10 - [TEST_STEP][PASSED] - rep = Ongkos.replace(",", ""): null

2023-10-04 20:11:10 - [TEST_STEP][PASSED] - Ongkos_kirimm = Integer.parseInt(rep): null

2023-10-04 20:11:10 - [TEST_STEP][PASSED] - println(Ongkos_kirimm): null

2023-10-04 20:11:10 - [TEST_STEP][PASSED] - FeeAdmin = getText(findTestObject("pembayaran/fee admin")): Text of object 'Object Repository/pembayaran/fee admin' is: 'Rp 1,500'

2023-10-04 20:11:11 - [MESSAGE][PASSED] - Text of object 'Object Repository/pembayaran/fee admin' is: 'Rp 1,500'

2023-10-04 20:11:11 - [TEST_STEP][PASSED] - Fee_Admin = FeeAdmin.substring(3, FeeAdmin.size()): null

2023-10-04 20:11:11 - [TEST_STEP][PASSED] - fee = Fee_Admin.replace(",", ""): null

2023-10-04 20:11:11 - [TEST_STEP][PASSED] - fee_adminn = Integer.parseInt(fee): null

2023-10-04 20:11:11 - [TEST_STEP][PASSED] - println(fee_adminn): null

2023-10-04 20:11:11 - [TEST_STEP][PASSED] - Subtotal = getText(findTestObject("pembayaran/subtotal")): Text of object 'Object Repository/pembayaran/subtotal' is: 'Rp 1,299'

2023-10-04 20:11:11 - [MESSAGE][PASSED] - Text of object 'Object Repository/pembayaran/subtotal' is: 'Rp 1,299'

2023-10-04 20:11:11 - [TEST_STEP][PASSED] - sub_total = Subtotal.substring(3, Subtotal.size()): null

2023-10-04 20:11:11 - [TEST_STEP][PASSED] - sub = sub_total.replace(",", ""): null

2023-10-04 20:11:11 - [TEST_STEP][PASSED] - sub_totall = Integer.parseInt(sub): null

2023-10-04 20:11:11 - [TEST_STEP][PASSED] - println(sub_totall): null

2023-10-04 20:11:11 - [TEST_STEP][PASSED] - unik = getText(findTestObject("pembayaran/kode unik")): Text of object 'Object Repository/pembayaran/kode unik' is: '+057'

2023-10-04 20:11:12 - [MESSAGE][PASSED] - Text of object 'Object Repository/pembayaran/kode unik' is: '+057'

2023-10-04 20:11:12 - [TEST_STEP][PASSED] - unikk = unik.replace("+", ""): null

2023-10-04 20:11:12 - [TEST_STEP][PASSED] - kode_unik = Integer.parseInt(unikk): null

2023-10-04 20:11:12 - [TEST_STEP][PASSED] - println(kode_unik): null

2023-10-04 20:11:12 - [TEST_STEP][PASSED] - Total = getText(findTestObject("pembayaran/total")): Text of object 'Object Repository/pembayaran/total' is: '7,856'

2023-10-04 20:11:12 - [MESSAGE][PASSED] - Text of object 'Object Repository/pembayaran/total' is: '7,856'

2023-10-04 20:11:12 - [TEST_STEP][PASSED] - total = Total.replace(",", ""): null

2023-10-04 20:11:12 - [TEST_STEP][PASSED] - totalll = Integer.parseInt(total): null

2023-10-04 20:11:12 - [TEST_STEP][PASSED] - println(totalll): null

2023-10-04 20:11:12 - [TEST_STEP][PASSED] - Total_Hargaa = Ongkos_kirimm + fee_adminn + sub_totall + kode_unik: null

2023-10-04 20:11:12 - [TEST_STEP][PASSED] - println(Total_Hargaa): null

2023-10-04 20:11:12 - [TEST_STEP][PASSED] - assert totalll == Total_Hargaa: null

2023-10-04 20:11:12 - [TEST_STEP][PASSED] - data.put("total", Total): null

2023-10-04 20:11:12 - [TEST_STEP][PASSED] - data.put("nama", NamaPemesan): null

2023-10-04 20:11:12 - [TEST_STEP][PASSED] - return data: null

2023-10-04 20:11:12 - [MESSAGE][PASSED] - Call Test Case 'Test Cases/T13 Pembelian, Shipment dan Pembayaran/PBY-001' successfully

2023-10-04 20:11:12 - [TEST_STEP][PASSED] - inv = data.get("invoice"): null

2023-10-04 20:11:12 - [TEST_STEP][PASSED] - Total = data.get("total"): null

2023-10-04 20:11:12 - [TEST_STEP][PASSED] - NamaPemesan = data.get("nama"): null

2023-10-04 20:11:12 - [TEST_STEP][PASSED] - click(findTestObject("Konfirmasi pesanan shop/Menu Shop")): Object: 'Object Repository/Konfirmasi pesanan shop/Menu Shop' is clicked on

2023-10-04 20:11:14 - [MESSAGE][PASSED] - Object: 'Object Repository/Konfirmasi pesanan shop/Menu Shop' is clicked on

2023-10-04 20:11:14 - [TEST_STEP][PASSED] - click(findTestObject("Konfirmasi pesanan shop/Menu Shop")): Object: 'Object Repository/Konfirmasi pesanan shop/Menu Shop' is clicked on

2023-10-04 20:11:15 - [MESSAGE][PASSED] - Object: 'Object Repository/Konfirmasi pesanan shop/Menu Shop' is clicked on

2023-10-04 20:11:15 - [TEST_STEP][PASSED] - click(findTestObject("Konfirmasi pesanan shop/Konfirmasi Orders")): Object: 'Object Repository/Konfirmasi pesanan shop/Konfirmasi Orders' is clicked on

2023-10-04 20:11:16 - [MESSAGE][PASSED] - Object: 'Object Repository/Konfirmasi pesanan shop/Konfirmasi Orders' is clicked on

2023-10-04 20:11:16 - [TEST_STEP][PASSED] - verifyElementPresent(findTestObject("Konfirmasi pesanan shop/Tittle Konfirmasi Pesanan"), 0): Object 'Object Repository/Konfirmasi pesanan shop/Tittle Konfirmasi Pesanan' is present

2023-10-04 20:11:16 - [MESSAGE][WARNING] - Timeout '0' is invalid. Using default page load timeout: '30'

2023-10-04 20:11:16 - [MESSAGE][PASSED] - Object 'Object Repository/Konfirmasi pesanan shop/Tittle Konfirmasi Pesanan' is present

2023-10-04 20:11:16 - [TEST_STEP][PASSED] - setText(findTestObject("Konfirmasi pesanan shop/input_No Pesanan"), inv): Text 'TRX60.20231004201057' is set on object 'Object Repository/Konfirmasi pesanan shop/input_No Pesanan'

2023-10-04 20:11:17 - [MESSAGE][PASSED] - Text 'TRX60.20231004201057' is set on object 'Object Repository/Konfirmasi pesanan shop/input_No Pesanan'

2023-10-04 20:11:17 - [TEST_STEP][PASSED] - setText(findTestObject("Konfirmasi pesanan shop/input_Alamat E-mai"), "irfan@gmail.com"): Text 'irfan@gmail.com' is set on object 'Object Repository/Konfirmasi pesanan shop/input_Alamat E-mai'

2023-10-04 20:11:18 - [MESSAGE][PASSED] - Text 'irfan@gmail.com' is set on object 'Object Repository/Konfirmasi pesanan shop/input_Alamat E-mai'

2023-10-04 20:11:18 - [TEST_STEP][PASSED] - click(findTestObject("Konfirmasi pesanan shop/button_Submit")): Object: 'Object Repository/Konfirmasi pesanan shop/button_Submit' is clicked on

2023-10-04 20:11:19 - [MESSAGE][PASSED] - Object: 'Object Repository/Konfirmasi pesanan shop/button_Submit' is clicked on

2023-10-04 20:11:19 - [TEST_STEP][PASSED] - verifyElementPresent(findTestObject("Konfirmasi pesanan shop/Tittle nomor invoice"), 0): Object 'Object Repository/Konfirmasi pesanan shop/Tittle nomor invoice' is present

2023-10-04 20:11:19 - [MESSAGE][WARNING] - Timeout '0' is invalid. Using default page load timeout: '30'

2023-10-04 20:11:20 - [MESSAGE][PASSED] - Object 'Object Repository/Konfirmasi pesanan shop/Tittle nomor invoice' is present

2023-10-04 20:11:20 - [TEST_STEP][PASSED] - setText(findTestObject("Konfirmasi pesanan shop/input_Total TagihanTransfer_b"), Total): Text '7,856' is set on object 'Object Repository/Konfirmasi pesanan shop/input_Total TagihanTransfer_b'

2023-10-04 20:11:20 - [MESSAGE][PASSED] - Text '7,856' is set on object 'Object Repository/Konfirmasi pesanan shop/input_Total TagihanTransfer_b'

2023-10-04 20:11:20 - [TEST_STEP][PASSED] - selectOptionByValue(findTestObject("Konfirmasi pesanan shop/select_Bank"), "4", false): All options with value '4' are selected in object 'Object Repository/Konfirmasi pesanan shop/select_Bank' 

2023-10-04 20:11:21 - [MESSAGE][PASSED] - All options with value '4' are selected in object 'Object Repository/Konfirmasi pesanan shop/select_Bank' 

2023-10-04 20:11:21 - [TEST_STEP][PASSED] - setText(findTestObject("Konfirmasi pesanan shop/input_Nama Pengirim_d"), NamaPemesan): Text 'irfan.afandi' is set on object 'Object Repository/Konfirmasi pesanan shop/input_Nama Pengirim_d'

2023-10-04 20:11:22 - [MESSAGE][PASSED] - Text 'irfan.afandi' is set on object 'Object Repository/Konfirmasi pesanan shop/input_Nama Pengirim_d'

2023-10-04 20:11:22 - [TEST_STEP][PASSED] - clearText(findTestObject("Konfirmasi pesanan shop/input_Tanggal Transfer_e")): Text of object 'Object Repository/Konfirmasi pesanan shop/input_Tanggal Transfer_e' is cleared

2023-10-04 20:11:22 - [MESSAGE][PASSED] - Text of object 'Object Repository/Konfirmasi pesanan shop/input_Tanggal Transfer_e' is cleared

2023-10-04 20:11:22 - [TEST_STEP][PASSED] - uploadFile(findTestObject("Konfirmasi pesanan shop/input_Upload Bukti Transfer_f"), "C:\Users\IRFAN\Downloads\Berkas2.pdf"): File 'C:\Users\IRFAN\Downloads\Berkas2.pdf' sent to object: 'Object Repository/Konfirmasi pesanan shop/input_Upload Bukti Transfer_f'

2023-10-04 20:11:23 - [MESSAGE][PASSED] - File 'C:\Users\IRFAN\Downloads\Berkas2.pdf' sent to object: 'Object Repository/Konfirmasi pesanan shop/input_Upload Bukti Transfer_f'

2023-10-04 20:11:23 - [TEST_STEP][PASSED] - click(findTestObject("Konfirmasi pesanan shop/button_Konfirmasi Pembayaran")): Object: 'Object Repository/Konfirmasi pesanan shop/button_Konfirmasi Pembayaran' is clicked on

2023-10-04 20:11:24 - [MESSAGE][PASSED] - Object: 'Object Repository/Konfirmasi pesanan shop/button_Konfirmasi Pembayaran' is clicked on

2023-10-04 20:11:24 - [TEST_STEP][FAILED] - verifyTextPresent("Please fill out this field.", false): Unable to verify text 'Please fill out this field.' is present  (Root cause: com.kms.katalon.core.exception.StepFailedException: Unable to verify text 'Please fill out this field.' is present 
	at com.kms.katalon.core.webui.keyword.internal.WebUIKeywordMain.stepFailed(WebUIKeywordMain.groovy:64)
	at com.kms.katalon.core.webui.keyword.internal.WebUIKeywordMain.runKeyword(WebUIKeywordMain.groovy:26)
	at com.kms.katalon.core.webui.keyword.builtin.VerifyTextPresentKeyword.verifyTextPresent(VerifyTextPresentKeyword.groovy:83)
	at com.kms.katalon.core.webui.keyword.builtin.VerifyTextPresentKeyword.execute(VerifyTextPresentKeyword.groovy:68)
	at com.kms.katalon.core.keyword.internal.KeywordExecutor.executeKeywordForPlatform(KeywordExecutor.groovy:74)
	at com.kms.katalon.core.webui.keyword.WebUiBuiltInKeywords.verifyTextPresent(WebUiBuiltInKeywords.groovy:1723)
	at com.kms.katalon.core.webui.keyword.WebUiBuiltInKeywords$verifyTextPresent$7.call(Unknown Source)
	at PBY-008.run(PBY-008:57)
	at com.kms.katalon.core.main.ScriptEngine.run(ScriptEngine.java:194)
	at com.kms.katalon.core.main.ScriptEngine.runScriptAsRawText(ScriptEngine.java:119)
	at com.kms.katalon.core.main.TestCaseExecutor.runScript(TestCaseExecutor.java:448)
	at com.kms.katalon.core.main.TestCaseExecutor.doExecute(TestCaseExecutor.java:439)
	at com.kms.katalon.core.main.TestCaseExecutor.processExecutionPhase(TestCaseExecutor.java:418)
	at com.kms.katalon.core.main.TestCaseExecutor.accessMainPhase(TestCaseExecutor.java:410)
	at com.kms.katalon.core.main.TestCaseExecutor.execute(TestCaseExecutor.java:285)
	at com.kms.katalon.core.common.CommonExecutor.accessTestCaseMainPhase(CommonExecutor.java:65)
	at com.kms.katalon.core.main.TestSuiteExecutor.accessTestSuiteMainPhase(TestSuiteExecutor.java:148)
	at com.kms.katalon.core.main.TestSuiteExecutor.execute(TestSuiteExecutor.java:106)
	at com.kms.katalon.core.main.TestCaseMain.startTestSuite(TestCaseMain.java:187)
	at com.kms.katalon.core.main.TestCaseMain$startTestSuite$0.call(Unknown Source)
	at TempTestSuite1696424348948.run(TempTestSuite1696424348948.groovy:36)
Caused by: com.kms.katalon.core.exception.StepFailedException: Text 'Please fill out this field.' is not present on page 
	at com.kms.katalon.core.webui.keyword.internal.WebUIKeywordMain.stepFailed(WebUIKeywordMain.groovy:64)
	at com.kms.katalon.core.webui.keyword.builtin.VerifyTextPresentKeyword$_verifyTextPresent_closure1.doCall(VerifyTextPresentKeyword.groovy:79)
	at com.kms.katalon.core.webui.keyword.builtin.VerifyTextPresentKeyword$_verifyTextPresent_closure1.call(VerifyTextPresentKeyword.groovy)
	at com.kms.katalon.core.webui.keyword.internal.WebUIKeywordMain.runKeyword(WebUIKeywordMain.groovy:20)
	... 19 more
)

2023-10-04 20:11:25 - [MESSAGE][FAILED] - Text 'Please fill out this field.' is not present on page  (Root cause: com.kms.katalon.core.exception.StepFailedException: Text 'Please fill out this field.' is not present on page 
	at com.kms.katalon.core.webui.keyword.internal.WebUIKeywordMain.stepFailed(WebUIKeywordMain.groovy:64)
	at com.kms.katalon.core.webui.keyword.builtin.VerifyTextPresentKeyword$_verifyTextPresent_closure1.doCall(VerifyTextPresentKeyword.groovy:79)
	at com.kms.katalon.core.webui.keyword.builtin.VerifyTextPresentKeyword$_verifyTextPresent_closure1.call(VerifyTextPresentKeyword.groovy)
	at com.kms.katalon.core.webui.keyword.internal.WebUIKeywordMain.runKeyword(WebUIKeywordMain.groovy:20)
	at com.kms.katalon.core.webui.keyword.builtin.VerifyTextPresentKeyword.verifyTextPresent(VerifyTextPresentKeyword.groovy:83)
	at com.kms.katalon.core.webui.keyword.builtin.VerifyTextPresentKeyword.execute(VerifyTextPresentKeyword.groovy:68)
	at com.kms.katalon.core.keyword.internal.KeywordExecutor.executeKeywordForPlatform(KeywordExecutor.groovy:74)
	at com.kms.katalon.core.webui.keyword.WebUiBuiltInKeywords.verifyTextPresent(WebUiBuiltInKeywords.groovy:1723)
	at com.kms.katalon.core.webui.keyword.WebUiBuiltInKeywords$verifyTextPresent$7.call(Unknown Source)
	at PBY-008.run(PBY-008:57)
	at com.kms.katalon.core.main.ScriptEngine.run(ScriptEngine.java:194)
	at com.kms.katalon.core.main.ScriptEngine.runScriptAsRawText(ScriptEngine.java:119)
	at com.kms.katalon.core.main.TestCaseExecutor.runScript(TestCaseExecutor.java:448)
	at com.kms.katalon.core.main.TestCaseExecutor.doExecute(TestCaseExecutor.java:439)
	at com.kms.katalon.core.main.TestCaseExecutor.processExecutionPhase(TestCaseExecutor.java:418)
	at com.kms.katalon.core.main.TestCaseExecutor.accessMainPhase(TestCaseExecutor.java:410)
	at com.kms.katalon.core.main.TestCaseExecutor.execute(TestCaseExecutor.java:285)
	at com.kms.katalon.core.common.CommonExecutor.accessTestCaseMainPhase(CommonExecutor.java:65)
	at com.kms.katalon.core.main.TestSuiteExecutor.accessTestSuiteMainPhase(TestSuiteExecutor.java:148)
	at com.kms.katalon.core.main.TestSuiteExecutor.execute(TestSuiteExecutor.java:106)
	at com.kms.katalon.core.main.TestCaseMain.startTestSuite(TestCaseMain.java:187)
	at com.kms.katalon.core.main.TestCaseMain$startTestSuite$0.call(Unknown Source)
	at TempTestSuite1696424348948.run(TempTestSuite1696424348948.groovy:36)
)

2023-10-04 20:11:25 - [MESSAGE][FAILED] - Unable to verify text 'Please fill out this field.' is present  (Root cause: com.kms.katalon.core.exception.StepFailedException: Unable to verify text 'Please fill out this field.' is present 
	at com.kms.katalon.core.webui.keyword.internal.WebUIKeywordMain.stepFailed(WebUIKeywordMain.groovy:64)
	at com.kms.katalon.core.webui.keyword.internal.WebUIKeywordMain.runKeyword(WebUIKeywordMain.groovy:26)
	at com.kms.katalon.core.webui.keyword.builtin.VerifyTextPresentKeyword.verifyTextPresent(VerifyTextPresentKeyword.groovy:83)
	at com.kms.katalon.core.webui.keyword.builtin.VerifyTextPresentKeyword.execute(VerifyTextPresentKeyword.groovy:68)
	at com.kms.katalon.core.keyword.internal.KeywordExecutor.executeKeywordForPlatform(KeywordExecutor.groovy:74)
	at com.kms.katalon.core.webui.keyword.WebUiBuiltInKeywords.verifyTextPresent(WebUiBuiltInKeywords.groovy:1723)
	at com.kms.katalon.core.webui.keyword.WebUiBuiltInKeywords$verifyTextPresent$7.call(Unknown Source)
	at PBY-008.run(PBY-008:57)
	at com.kms.katalon.core.main.ScriptEngine.run(ScriptEngine.java:194)
	at com.kms.katalon.core.main.ScriptEngine.runScriptAsRawText(ScriptEngine.java:119)
	at com.kms.katalon.core.main.TestCaseExecutor.runScript(TestCaseExecutor.java:448)
	at com.kms.katalon.core.main.TestCaseExecutor.doExecute(TestCaseExecutor.java:439)
	at com.kms.katalon.core.main.TestCaseExecutor.processExecutionPhase(TestCaseExecutor.java:418)
	at com.kms.katalon.core.main.TestCaseExecutor.accessMainPhase(TestCaseExecutor.java:410)
	at com.kms.katalon.core.main.TestCaseExecutor.execute(TestCaseExecutor.java:285)
	at com.kms.katalon.core.common.CommonExecutor.accessTestCaseMainPhase(CommonExecutor.java:65)
	at com.kms.katalon.core.main.TestSuiteExecutor.accessTestSuiteMainPhase(TestSuiteExecutor.java:148)
	at com.kms.katalon.core.main.TestSuiteExecutor.execute(TestSuiteExecutor.java:106)
	at com.kms.katalon.core.main.TestCaseMain.startTestSuite(TestCaseMain.java:187)
	at com.kms.katalon.core.main.TestCaseMain$startTestSuite$0.call(Unknown Source)
	at TempTestSuite1696424348948.run(TempTestSuite1696424348948.groovy:36)
Caused by: com.kms.katalon.core.exception.StepFailedException: Text 'Please fill out this field.' is not present on page 
	at com.kms.katalon.core.webui.keyword.internal.WebUIKeywordMain.stepFailed(WebUIKeywordMain.groovy:64)
	at com.kms.katalon.core.webui.keyword.builtin.VerifyTextPresentKeyword$_verifyTextPresent_closure1.doCall(VerifyTextPresentKeyword.groovy:79)
	at com.kms.katalon.core.webui.keyword.builtin.VerifyTextPresentKeyword$_verifyTextPresent_closure1.call(VerifyTextPresentKeyword.groovy)
	at com.kms.katalon.core.webui.keyword.internal.WebUIKeywordMain.runKeyword(WebUIKeywordMain.groovy:20)
	... 19 more
)
[[ATTACHMENT|D:\\BOOTCAMP XSIS\\Projek 2 MINI PROJEK\\Reports\\20231004_190004\\T13 Pembelian, Shipment dan Pembayaran\\T13 Pembelian, Shipment dan Pembayaran\\20231004_195908\\1696425085285.png]]]]></system-out>
         <system-err><![CDATA[2023-10-04 20:10:24 - [TEST_CASE][FAILED] - Test Cases/T13 Pembelian, Shipment dan Pembayaran/PBY-008: Test Cases/T13 Pembelian, Shipment dan Pembayaran/PBY-008 FAILED.
Reason:
com.kms.katalon.core.exception.StepFailedException: Unable to verify text 'Please fill out this field.' is present 
	at com.kms.katalon.core.webui.keyword.internal.WebUIKeywordMain.stepFailed(WebUIKeywordMain.groovy:64)
	at com.kms.katalon.core.webui.keyword.internal.WebUIKeywordMain.runKeyword(WebUIKeywordMain.groovy:26)
	at com.kms.katalon.core.webui.keyword.builtin.VerifyTextPresentKeyword.verifyTextPresent(VerifyTextPresentKeyword.groovy:83)
	at com.kms.katalon.core.webui.keyword.builtin.VerifyTextPresentKeyword.execute(VerifyTextPresentKeyword.groovy:68)
	at com.kms.katalon.core.keyword.internal.KeywordExecutor.executeKeywordForPlatform(KeywordExecutor.groovy:74)
	at com.kms.katalon.core.webui.keyword.WebUiBuiltInKeywords.verifyTextPresent(WebUiBuiltInKeywords.groovy:1723)
	at com.kms.katalon.core.webui.keyword.WebUiBuiltInKeywords$verifyTextPresent$7.call(Unknown Source)
	at PBY-008.run(PBY-008:57)
	at com.kms.katalon.core.main.ScriptEngine.run(ScriptEngine.java:194)
	at com.kms.katalon.core.main.ScriptEngine.runScriptAsRawText(ScriptEngine.java:119)
	at com.kms.katalon.core.main.TestCaseExecutor.runScript(TestCaseExecutor.java:448)
	at com.kms.katalon.core.main.TestCaseExecutor.doExecute(TestCaseExecutor.java:439)
	at com.kms.katalon.core.main.TestCaseExecutor.processExecutionPhase(TestCaseExecutor.java:418)
	at com.kms.katalon.core.main.TestCaseExecutor.accessMainPhase(TestCaseExecutor.java:410)
	at com.kms.katalon.core.main.TestCaseExecutor.execute(TestCaseExecutor.java:285)
	at com.kms.katalon.core.common.CommonExecutor.accessTestCaseMainPhase(CommonExecutor.java:65)
	at com.kms.katalon.core.main.TestSuiteExecutor.accessTestSuiteMainPhase(TestSuiteExecutor.java:148)
	at com.kms.katalon.core.main.TestSuiteExecutor.execute(TestSuiteExecutor.java:106)
	at com.kms.katalon.core.main.TestCaseMain.startTestSuite(TestCaseMain.java:187)
	at com.kms.katalon.core.main.TestCaseMain$startTestSuite$0.call(Unknown Source)
	at TempTestSuite1696424348948.run(TempTestSuite1696424348948.groovy:36)
Caused by: com.kms.katalon.core.exception.StepFailedException: Text 'Please fill out this field.' is not present on page 
	at com.kms.katalon.core.webui.keyword.internal.WebUIKeywordMain.stepFailed(WebUIKeywordMain.groovy:64)
	at com.kms.katalon.core.webui.keyword.builtin.VerifyTextPresentKeyword$_verifyTextPresent_closure1.doCall(VerifyTextPresentKeyword.groovy:79)
	at com.kms.katalon.core.webui.keyword.builtin.VerifyTextPresentKeyword$_verifyTextPresent_closure1.call(VerifyTextPresentKeyword.groovy)
	at com.kms.katalon.core.webui.keyword.internal.WebUIKeywordMain.runKeyword(WebUIKeywordMain.groovy:20)
	... 19 more]]></system-err>
      </testcase>
      <testcase name="Test Cases/T13 Pembelian, Shipment dan Pembayaran/PBY-009" time="58.321" classname="Test Cases/T13 Pembelian, Shipment dan Pembayaran/PBY-009" status="PASSED">
         <system-out><![CDATA[2023-10-04 20:11:25 - [TEST_CASE][PASSED] - Test Cases/T13 Pembelian, Shipment dan Pembayaran/PBY-009: Test Cases/T13 Pembelian, Shipment dan Pembayaran/PBY-009

2023-10-04 20:11:25 - [TEST_STEP][PASSED] - data = callTestCase(findTestCase("T13 Pembelian, Shipment dan Pembayaran/PBY-001"), [:], STOP_ON_FAILURE): Call Test Case 'Test Cases/T13 Pembelian, Shipment dan Pembayaran/PBY-001' successfully

2023-10-04 20:11:25 - [TEST_CASE][PASSED] - Test Cases/T13 Pembelian, Shipment dan Pembayaran/PBY-001: Test Cases/T13 Pembelian, Shipment dan Pembayaran/PBY-001

2023-10-04 20:11:25 - [TEST_STEP][PASSED] - data = callTestCase(findTestCase("T13 Pembelian, Shipment dan Pembayaran/PBL-004"), ["Kurir":"Roda 2"], STOP_ON_FAILURE): Call Test Case 'Test Cases/T13 Pembelian, Shipment dan Pembayaran/PBL-004' successfully

2023-10-04 20:11:25 - [TEST_CASE][PASSED] - Test Cases/T13 Pembelian, Shipment dan Pembayaran/PBL-004: Test Cases/T13 Pembelian, Shipment dan Pembayaran/PBL-004

2023-10-04 20:11:25 - [TEST_STEP][PASSED] - data = callTestCase(findTestCase("T13 Pembelian, Shipment dan Pembayaran/PBL-002"), [:], STOP_ON_FAILURE): Call Test Case 'Test Cases/T13 Pembelian, Shipment dan Pembayaran/PBL-002' successfully

2023-10-04 20:11:25 - [TEST_CASE][PASSED] - Test Cases/T13 Pembelian, Shipment dan Pembayaran/PBL-002: Test Cases/T13 Pembelian, Shipment dan Pembayaran/PBL-002

2023-10-04 20:11:25 - [TEST_STEP][PASSED] - data = callTestCase(findTestCase("T13 Pembelian, Shipment dan Pembayaran/PBL-001"), [:], STOP_ON_FAILURE): Call Test Case 'Test Cases/T13 Pembelian, Shipment dan Pembayaran/PBL-001' successfully

2023-10-04 20:11:26 - [TEST_CASE][PASSED] - Test Cases/T13 Pembelian, Shipment dan Pembayaran/PBL-001: Test Cases/T13 Pembelian, Shipment dan Pembayaran/PBL-001

2023-10-04 20:11:26 - [TEST_STEP][PASSED] - callTestCase(findTestCase("T13 Pembelian, Shipment dan Pembayaran/LU-001"), ["username":"irfanafandi", "password":"12345irfan"], STOP_ON_FAILURE): Call Test Case 'Test Cases/T13 Pembelian, Shipment dan Pembayaran/LU-001' successfully

2023-10-04 20:11:26 - [TEST_CASE][PASSED] - Test Cases/T13 Pembelian, Shipment dan Pembayaran/LU-001: Test Cases/T13 Pembelian, Shipment dan Pembayaran/LU-001

2023-10-04 20:11:26 - [TEST_STEP][PASSED] - openBrowser("https://10.9.2.63/ecommerce/"): Browser is opened with url: 'https://10.9.2.63/ecommerce/'

2023-10-04 20:11:26 - [MESSAGE][WARNING] - A browser is already opened. Closing browser and opening a new one

2023-10-04 20:11:27 - [MESSAGE][INFO] - Starting 'Firefox' driver

2023-10-04 20:11:27 - [MESSAGE][INFO] - User set preference: ['args', '[--disable-notifications]']

2023-10-04 20:11:27 - [MESSAGE][INFO] - Action delay is set to 0 milliseconds

2023-10-04 20:11:32 - [MESSAGE][PASSED] - Browser is opened with url: 'https://10.9.2.63/ecommerce/'

2023-10-04 20:11:32 - [TEST_STEP][PASSED] - maximizeWindow(): Current window maximized

2023-10-04 20:11:32 - [MESSAGE][PASSED] - Current window maximized

2023-10-04 20:11:32 - [TEST_STEP][PASSED] - verifyElementPresent(findTestObject("Login/Home"), 0): Object 'Object Repository/Login/Home' is present

2023-10-04 20:11:33 - [MESSAGE][WARNING] - Timeout '0' is invalid. Using default page load timeout: '30'

2023-10-04 20:11:33 - [MESSAGE][PASSED] - Object 'Object Repository/Login/Home' is present

2023-10-04 20:11:33 - [TEST_STEP][PASSED] - click(findTestObject("Login/a_Login")): Object: 'Object Repository/Login/a_Login' is clicked on

2023-10-04 20:11:33 - [MESSAGE][PASSED] - Object: 'Object Repository/Login/a_Login' is clicked on

2023-10-04 20:11:33 - [TEST_STEP][PASSED] - verifyElementPresent(findTestObject("Login/Tittle Login"), 0): Object 'Object Repository/Login/Tittle Login' is present

2023-10-04 20:11:34 - [MESSAGE][WARNING] - Timeout '0' is invalid. Using default page load timeout: '30'

2023-10-04 20:11:34 - [MESSAGE][PASSED] - Object 'Object Repository/Login/Tittle Login' is present

2023-10-04 20:11:34 - [TEST_STEP][PASSED] - setText(findTestObject("Login/input_Username, Email atau No. Handphone_a"), username): Text 'irfanafandi' is set on object 'Object Repository/Login/input_Username, Email atau No. Handphone_a'

2023-10-04 20:11:35 - [MESSAGE][PASSED] - Text 'irfanafandi' is set on object 'Object Repository/Login/input_Username, Email atau No. Handphone_a'

2023-10-04 20:11:35 - [TEST_STEP][PASSED] - setText(findTestObject("Login/input_Password_b"), password): Text '12345irfan' is set on object 'Object Repository/Login/input_Password_b'

2023-10-04 20:11:35 - [MESSAGE][PASSED] - Text '12345irfan' is set on object 'Object Repository/Login/input_Password_b'

2023-10-04 20:11:35 - [TEST_STEP][PASSED] - click(findTestObject("Login/label_Ingat saya")): Object: 'Object Repository/Login/label_Ingat saya' is clicked on

2023-10-04 20:11:36 - [MESSAGE][PASSED] - Object: 'Object Repository/Login/label_Ingat saya' is clicked on

2023-10-04 20:11:36 - [TEST_STEP][PASSED] - click(findTestObject("Login/button_Masuk")): Object: 'Object Repository/Login/button_Masuk' is clicked on

2023-10-04 20:11:37 - [MESSAGE][PASSED] - Object: 'Object Repository/Login/button_Masuk' is clicked on

2023-10-04 20:11:37 - [TEST_STEP][PASSED] - verifyElementPresent(findTestObject("Login/li_Profile"), 0): Object 'Object Repository/Login/li_Profile' is present

2023-10-04 20:11:37 - [MESSAGE][WARNING] - Timeout '0' is invalid. Using default page load timeout: '30'

2023-10-04 20:11:38 - [MESSAGE][PASSED] - Object 'Object Repository/Login/li_Profile' is present

2023-10-04 20:11:38 - [MESSAGE][PASSED] - Call Test Case 'Test Cases/T13 Pembelian, Shipment dan Pembayaran/LU-001' successfully

2023-10-04 20:11:38 - [TEST_STEP][PASSED] - mouseOver(findTestObject("beli barang/i_Mulai Belanja_icon-menu")): Object: 'Object Repository/beli barang/i_Mulai Belanja_icon-menu' is hovered

2023-10-04 20:11:38 - [MESSAGE][PASSED] - Object: 'Object Repository/beli barang/i_Mulai Belanja_icon-menu' is hovered

2023-10-04 20:11:38 - [TEST_STEP][PASSED] - click(findTestObject("beli barang/a_Fashion  Busana Wanita")): Object: 'Object Repository/beli barang/a_Fashion  Busana Wanita' is clicked on

2023-10-04 20:11:39 - [MESSAGE][PASSED] - Object: 'Object Repository/beli barang/a_Fashion  Busana Wanita' is clicked on

2023-10-04 20:11:39 - [TEST_STEP][PASSED] - NamaSebelum = getText(findTestObject("verifikasi/Nama sebelum")): Text of object 'Object Repository/verifikasi/Nama sebelum' is: ''

2023-10-04 20:11:40 - [MESSAGE][PASSED] - Text of object 'Object Repository/verifikasi/Nama sebelum' is: ''

2023-10-04 20:11:40 - [TEST_STEP][PASSED] - HargaSebelum = getText(findTestObject("verifikasi/Harga sebelum")): Text of object 'Object Repository/verifikasi/Harga sebelum' is: 'Rp 1,299'

2023-10-04 20:11:40 - [MESSAGE][PASSED] - Text of object 'Object Repository/verifikasi/Harga sebelum' is: 'Rp 1,299'

2023-10-04 20:11:40 - [TEST_STEP][PASSED] - mouseOver(findTestObject("beli barang/barang mouse over")): Object: 'Object Repository/beli barang/barang mouse over' is hovered

2023-10-04 20:11:41 - [MESSAGE][PASSED] - Object: 'Object Repository/beli barang/barang mouse over' is hovered

2023-10-04 20:11:41 - [TEST_STEP][PASSED] - click(findTestObject("beli barang/buttom add to cart")): Object: 'Object Repository/beli barang/buttom add to cart' is clicked on

2023-10-04 20:11:42 - [MESSAGE][PASSED] - Object: 'Object Repository/beli barang/buttom add to cart' is clicked on

2023-10-04 20:11:42 - [TEST_STEP][PASSED] - NamaSesudah = getText(findTestObject("verifikasi/Nama sesudah")): Text of object 'Object Repository/verifikasi/Nama sesudah' is: 'Segitiga Instan Madeira - MDB5.3 Sunset'

2023-10-04 20:11:43 - [MESSAGE][PASSED] - Text of object 'Object Repository/verifikasi/Nama sesudah' is: 'Segitiga Instan Madeira - MDB5.3 Sunset'

2023-10-04 20:11:43 - [TEST_STEP][PASSED] - HargaSesudah = getText(findTestObject("verifikasi/Harga sesudah")): Text of object 'Object Repository/verifikasi/Harga sesudah' is: 'Rp 1,299'

2023-10-04 20:11:43 - [MESSAGE][PASSED] - Text of object 'Object Repository/verifikasi/Harga sesudah' is: 'Rp 1,299'

2023-10-04 20:11:43 - [TEST_STEP][PASSED] - assert NamaSesudah.contains(NamaSebelum): null

2023-10-04 20:11:43 - [TEST_STEP][PASSED] - assert HargaSesudah.contains(HargaSebelum): null

2023-10-04 20:11:43 - [TEST_STEP][PASSED] - click(findTestObject("beli barang/Tambah Keranjang busana wanita")): Object: 'Object Repository/beli barang/Tambah Keranjang busana wanita' is clicked on

2023-10-04 20:11:44 - [MESSAGE][PASSED] - Object: 'Object Repository/beli barang/Tambah Keranjang busana wanita' is clicked on

2023-10-04 20:11:44 - [TEST_STEP][PASSED] - verifyElementPresent(findTestObject("checkout/Notifikasi keranjang"), 1): Object 'Object Repository/checkout/Notifikasi keranjang' is present

2023-10-04 20:11:45 - [MESSAGE][PASSED] - Object 'Object Repository/checkout/Notifikasi keranjang' is present

2023-10-04 20:11:45 - [TEST_STEP][PASSED] - data = new java.util.HashMap(): null

2023-10-04 20:11:45 - [TEST_STEP][PASSED] - data.put("nama_barang", NamaSesudah): null

2023-10-04 20:11:45 - [TEST_STEP][PASSED] - data.put("price_barang", HargaSesudah): null

2023-10-04 20:11:45 - [TEST_STEP][PASSED] - return data: null

2023-10-04 20:11:45 - [MESSAGE][PASSED] - Call Test Case 'Test Cases/T13 Pembelian, Shipment dan Pembayaran/PBL-001' successfully

2023-10-04 20:11:45 - [TEST_STEP][PASSED] - mouseOver(findTestObject("beli barang/keranjang")): Object: 'Object Repository/beli barang/keranjang' is hovered

2023-10-04 20:11:45 - [MESSAGE][PASSED] - Object: 'Object Repository/beli barang/keranjang' is hovered

2023-10-04 20:11:45 - [TEST_STEP][PASSED] - click(findTestObject("beli barang/Lihat Sekarang")): Object: 'Object Repository/beli barang/Lihat Sekarang' is clicked on

2023-10-04 20:11:46 - [MESSAGE][PASSED] - Object: 'Object Repository/beli barang/Lihat Sekarang' is clicked on

2023-10-04 20:11:46 - [TEST_STEP][PASSED] - verifyElementPresent(findTestObject("keranjang/li_Keranjang Belanja"), 0): Object 'Object Repository/keranjang/li_Keranjang Belanja' is present

2023-10-04 20:11:46 - [MESSAGE][WARNING] - Timeout '0' is invalid. Using default page load timeout: '30'

2023-10-04 20:11:47 - [MESSAGE][PASSED] - Object 'Object Repository/keranjang/li_Keranjang Belanja' is present

2023-10-04 20:11:47 - [TEST_STEP][PASSED] - NamaKeranjang = getText(findTestObject("verifikasi/Nama keranjang")): Text of object 'Object Repository/verifikasi/Nama keranjang' is: 'Segitiga Instan Madeira - MDB5.3 Sunset'

2023-10-04 20:11:48 - [MESSAGE][PASSED] - Text of object 'Object Repository/verifikasi/Nama keranjang' is: 'Segitiga Instan Madeira - MDB5.3 Sunset'

2023-10-04 20:11:48 - [TEST_STEP][PASSED] - HargaKeranjang = getText(findTestObject("verifikasi/Harga Keranjang")): Text of object 'Object Repository/verifikasi/Harga Keranjang' is: 'Rp 1,299'

2023-10-04 20:11:48 - [MESSAGE][PASSED] - Text of object 'Object Repository/verifikasi/Harga Keranjang' is: 'Rp 1,299'

2023-10-04 20:11:48 - [TEST_STEP][PASSED] - if (toString().equalsIgnoreCase("Merah")): Object 'Object Repository/keranjang/input_Warna_variasi101' is checked

2023-10-04 20:11:48 - [TEST_STEP][PASSED] - check(findTestObject("Object Repository/keranjang/input_Warna_variasi101")): Object 'Object Repository/keranjang/input_Warna_variasi101' is checked

2023-10-04 20:11:49 - [MESSAGE][PASSED] - Object 'Object Repository/keranjang/input_Warna_variasi101' is checked

2023-10-04 20:11:49 - [TEST_STEP][PASSED] - if (toString().equalsIgnoreCase("Menengah")): Object 'Object Repository/keranjang/input_Ukuran_variasi201' is checked

2023-10-04 20:11:49 - [TEST_STEP][PASSED] - check(findTestObject("Object Repository/keranjang/input_Ukuran_variasi201")): Object 'Object Repository/keranjang/input_Ukuran_variasi201' is checked

2023-10-04 20:11:49 - [MESSAGE][PASSED] - Object 'Object Repository/keranjang/input_Ukuran_variasi201' is checked

2023-10-04 20:11:49 - [TEST_STEP][PASSED] - data.put("Warna", warna): null

2023-10-04 20:11:49 - [TEST_STEP][PASSED] - data.put("Ukuran", ukuran): null

2023-10-04 20:11:49 - [TEST_STEP][PASSED] - click(findTestObject("keranjang/button_Lanjut ke Pembayaran")): Object: 'Object Repository/keranjang/button_Lanjut ke Pembayaran' is clicked on

2023-10-04 20:11:51 - [MESSAGE][PASSED] - Object: 'Object Repository/keranjang/button_Lanjut ke Pembayaran' is clicked on

2023-10-04 20:11:51 - [TEST_STEP][PASSED] - verifyElementPresent(findTestObject("checkout/Tittle Checkout Order"), 0): Object 'Object Repository/checkout/Tittle Checkout Order' is present

2023-10-04 20:11:51 - [MESSAGE][WARNING] - Timeout '0' is invalid. Using default page load timeout: '30'

2023-10-04 20:11:52 - [MESSAGE][PASSED] - Object 'Object Repository/checkout/Tittle Checkout Order' is present

2023-10-04 20:11:52 - [TEST_STEP][PASSED] - name_product = data.get("nama_barang"): null

2023-10-04 20:11:52 - [TEST_STEP][PASSED] - price_product = data.get("price_barang"): null

2023-10-04 20:11:52 - [TEST_STEP][PASSED] - assert name_product == NamaKeranjang: null

2023-10-04 20:11:52 - [TEST_STEP][PASSED] - assert price_product == HargaKeranjang: null

2023-10-04 20:11:52 - [TEST_STEP][PASSED] - return data: null

2023-10-04 20:11:52 - [MESSAGE][PASSED] - Call Test Case 'Test Cases/T13 Pembelian, Shipment dan Pembayaran/PBL-002' successfully

2023-10-04 20:11:52 - [TEST_STEP][PASSED] - warnaa = getText(findTestObject("verifikasi/warna Merah")): Text of object 'Object Repository/verifikasi/warna Merah' is: 'Merah'

2023-10-04 20:11:52 - [MESSAGE][PASSED] - Text of object 'Object Repository/verifikasi/warna Merah' is: 'Merah'

2023-10-04 20:11:52 - [TEST_STEP][PASSED] - ukurann = getText(findTestObject("verifikasi/Ukuran Menengah")): Text of object 'Object Repository/verifikasi/Ukuran Menengah' is: 'Menengah'

2023-10-04 20:11:52 - [MESSAGE][PASSED] - Text of object 'Object Repository/verifikasi/Ukuran Menengah' is: 'Menengah'

2023-10-04 20:11:52 - [TEST_STEP][PASSED] - warna1 = data.get("Warna"): null

2023-10-04 20:11:52 - [TEST_STEP][PASSED] - ukuran1 = data.get("Ukuran"): null

2023-10-04 20:11:52 - [TEST_STEP][PASSED] - assert warnaa == warna1: null

2023-10-04 20:11:52 - [TEST_STEP][PASSED] - assert ukurann == ukuran1: null

2023-10-04 20:11:52 - [TEST_STEP][PASSED] - NamaCheckout = getText(findTestObject("verifikasi/NamaCheckout")): Text of object 'Object Repository/verifikasi/NamaCheckout' is: ''

2023-10-04 20:11:53 - [MESSAGE][PASSED] - Text of object 'Object Repository/verifikasi/NamaCheckout' is: ''

2023-10-04 20:11:53 - [TEST_STEP][PASSED] - HargaCheckout = getText(findTestObject("verifikasi/HargaCheckout")): Text of object 'Object Repository/verifikasi/HargaCheckout' is: '1,299'

2023-10-04 20:11:53 - [MESSAGE][PASSED] - Text of object 'Object Repository/verifikasi/HargaCheckout' is: '1,299'

2023-10-04 20:11:53 - [TEST_STEP][PASSED] - name_product = data.get("nama_barang"): null

2023-10-04 20:11:53 - [TEST_STEP][PASSED] - price_product = data.get("price_barang"): null

2023-10-04 20:11:53 - [TEST_STEP][PASSED] - assert name_product.contains(NamaCheckout): null

2023-10-04 20:11:53 - [TEST_STEP][PASSED] - assert price_product.contains(HargaCheckout): null

2023-10-04 20:11:53 - [TEST_STEP][PASSED] - selectOptionByLabel(findTestObject("checkout/select - Kirim via Kurir Lokal"), Kurir, false): All options with label 'Roda 2' are selected in object 'Object Repository/checkout/select - Kirim via Kurir Lokal' 

2023-10-04 20:11:54 - [MESSAGE][PASSED] - All options with label 'Roda 2' are selected in object 'Object Repository/checkout/select - Kirim via Kurir Lokal' 

2023-10-04 20:11:54 - [TEST_STEP][PASSED] - click(findTestObject("checkout/Kendaraan Kurir")): Object: 'Object Repository/checkout/Kendaraan Kurir' is clicked on

2023-10-04 20:11:54 - [MESSAGE][PASSED] - Object: 'Object Repository/checkout/Kendaraan Kurir' is clicked on

2023-10-04 20:11:54 - [TEST_STEP][PASSED] - OngkosKirim = getText(findTestObject("Object Repository/verifikasi/Ongkos Kirim checkout")): Text of object 'Object Repository/verifikasi/Ongkos Kirim checkout' is: 'Rp. 5,000'

2023-10-04 20:11:55 - [MESSAGE][PASSED] - Text of object 'Object Repository/verifikasi/Ongkos Kirim checkout' is: 'Rp. 5,000'

2023-10-04 20:11:55 - [TEST_STEP][PASSED] - Ongkos = OngkosKirim.substring(3, OngkosKirim.size()): null

2023-10-04 20:11:55 - [TEST_STEP][PASSED] - rep = Ongkos.replace(",", "."): null

2023-10-04 20:11:55 - [TEST_STEP][PASSED] - Ongkos_kirim = Double.parseDouble(rep): null

2023-10-04 20:11:55 - [TEST_STEP][PASSED] - println(Ongkos_kirim): null

2023-10-04 20:11:55 - [TEST_STEP][PASSED] - FeeAdmin = getText(findTestObject("verifikasi/Fee Admin checkout")): Text of object 'Object Repository/verifikasi/Fee Admin checkout' is: 'Fee Admin
Rp 1,500'

2023-10-04 20:11:55 - [MESSAGE][PASSED] - Text of object 'Object Repository/verifikasi/Fee Admin checkout' is: 'Fee Admin
Rp 1,500'

2023-10-04 20:11:55 - [TEST_STEP][PASSED] - Fee_Admin = FeeAdmin.substring(12, FeeAdmin.size()): null

2023-10-04 20:11:55 - [TEST_STEP][PASSED] - fee = Fee_Admin.replace(",", "."): null

2023-10-04 20:11:55 - [TEST_STEP][PASSED] - fee_admin = Double.parseDouble(fee): null

2023-10-04 20:11:55 - [TEST_STEP][PASSED] - println(fee_admin): null

2023-10-04 20:11:55 - [TEST_STEP][PASSED] - Subtotal = getText(findTestObject("verifikasi/subtotal checkout")): Text of object 'Object Repository/verifikasi/subtotal checkout' is: 'Subtotal
Rp 1,299'

2023-10-04 20:11:55 - [MESSAGE][PASSED] - Text of object 'Object Repository/verifikasi/subtotal checkout' is: 'Subtotal
Rp 1,299'

2023-10-04 20:11:55 - [TEST_STEP][PASSED] - sub_total = Subtotal.substring(12, Subtotal.size()): null

2023-10-04 20:11:55 - [TEST_STEP][PASSED] - sub = sub_total.replace(",", "."): null

2023-10-04 20:11:55 - [TEST_STEP][PASSED] - sub_total = Double.parseDouble(sub): null

2023-10-04 20:11:55 - [TEST_STEP][PASSED] - println(sub_total): null

2023-10-04 20:11:55 - [TEST_STEP][PASSED] - Total = getText(findTestObject("verifikasi/Total checkout")): Text of object 'Object Repository/verifikasi/Total checkout' is: 'Rp 7,799'

2023-10-04 20:11:56 - [MESSAGE][PASSED] - Text of object 'Object Repository/verifikasi/Total checkout' is: 'Rp 7,799'

2023-10-04 20:11:56 - [TEST_STEP][PASSED] - totall = Total.substring(3, Total.size()): null

2023-10-04 20:11:56 - [TEST_STEP][PASSED] - total = totall.replace(",", "."): null

2023-10-04 20:11:56 - [TEST_STEP][PASSED] - totall = Double.parseDouble(total): null

2023-10-04 20:11:56 - [TEST_STEP][PASSED] - println(totall): null

2023-10-04 20:11:56 - [TEST_STEP][PASSED] - Total_Harga = Ongkos_kirim + fee_admin + sub_total: null

2023-10-04 20:11:56 - [TEST_STEP][PASSED] - println(Total_Harga): null

2023-10-04 20:11:56 - [TEST_STEP][PASSED] - TotalHarga = Math.round(Total_Harga * 1000) / 1000: null

2023-10-04 20:11:56 - [TEST_STEP][PASSED] - println(TotalHarga): null

2023-10-04 20:11:56 - [TEST_STEP][PASSED] - assert totall == TotalHarga: null

2023-10-04 20:11:56 - [TEST_STEP][PASSED] - click(findTestObject("verifikasi/Metode Transfer")): Object: 'Object Repository/verifikasi/Metode Transfer' is clicked on

2023-10-04 20:11:57 - [MESSAGE][PASSED] - Object: 'Object Repository/verifikasi/Metode Transfer' is clicked on

2023-10-04 20:11:57 - [TEST_STEP][PASSED] - click(findTestObject("checkout/button_Proses Pembayaran")): Object: 'Object Repository/checkout/button_Proses Pembayaran' is clicked on

2023-10-04 20:12:02 - [MESSAGE][PASSED] - Object: 'Object Repository/checkout/button_Proses Pembayaran' is clicked on

2023-10-04 20:12:02 - [TEST_STEP][PASSED] - verifyElementPresent(findTestObject("pembayaran/Tittle nomor invoice"), 0): Object 'Object Repository/pembayaran/Tittle nomor invoice' is present

2023-10-04 20:12:02 - [MESSAGE][WARNING] - Timeout '0' is invalid. Using default page load timeout: '30'

2023-10-04 20:12:07 - [MESSAGE][PASSED] - Object 'Object Repository/pembayaran/Tittle nomor invoice' is present

2023-10-04 20:12:07 - [TEST_STEP][PASSED] - return data: null

2023-10-04 20:12:07 - [MESSAGE][PASSED] - Call Test Case 'Test Cases/T13 Pembelian, Shipment dan Pembayaran/PBL-004' successfully

2023-10-04 20:12:07 - [TEST_STEP][PASSED] - Invoice = getText(findTestObject("pembayaran/nomor invoice")): Text of object 'Object Repository/pembayaran/nomor invoice' is: 'TRX60.20231004201158'

2023-10-04 20:12:07 - [MESSAGE][PASSED] - Text of object 'Object Repository/pembayaran/nomor invoice' is: 'TRX60.20231004201158'

2023-10-04 20:12:07 - [TEST_STEP][PASSED] - data.put("invoice", Invoice): null

2023-10-04 20:12:07 - [TEST_STEP][PASSED] - NamaPemesan = getText(findTestObject("Konfirmasi pesanan shop/Nama pemesan")): Text of object 'Object Repository/Konfirmasi pesanan shop/Nama pemesan' is: 'irfan.afandi'

2023-10-04 20:12:08 - [MESSAGE][PASSED] - Text of object 'Object Repository/Konfirmasi pesanan shop/Nama pemesan' is: 'irfan.afandi'

2023-10-04 20:12:08 - [TEST_STEP][PASSED] - Nama = getText(findTestObject("pembayaran/Nama barang")): Text of object 'Object Repository/pembayaran/Nama barang' is: 'Segitiga Instan Madeira - MDB5.3 Sunset'

2023-10-04 20:12:08 - [MESSAGE][PASSED] - Text of object 'Object Repository/pembayaran/Nama barang' is: 'Segitiga Instan Madeira - MDB5.3 Sunset'

2023-10-04 20:12:08 - [TEST_STEP][PASSED] - Harga = getText(findTestObject("pembayaran/Harga barang")): Text of object 'Object Repository/pembayaran/Harga barang' is: '1,299'

2023-10-04 20:12:09 - [MESSAGE][PASSED] - Text of object 'Object Repository/pembayaran/Harga barang' is: '1,299'

2023-10-04 20:12:09 - [TEST_STEP][PASSED] - name_product = data.get("nama_barang"): null

2023-10-04 20:12:09 - [TEST_STEP][PASSED] - price_product = data.get("price_barang"): null

2023-10-04 20:12:09 - [TEST_STEP][PASSED] - assert name_product.contains(Nama): null

2023-10-04 20:12:09 - [TEST_STEP][PASSED] - assert price_product.contains(Harga): null

2023-10-04 20:12:09 - [TEST_STEP][PASSED] - warnaa = getText(findTestObject("pembayaran/warna")): Text of object 'Object Repository/pembayaran/warna' is: 'Merah'

2023-10-04 20:12:09 - [MESSAGE][PASSED] - Text of object 'Object Repository/pembayaran/warna' is: 'Merah'

2023-10-04 20:12:09 - [TEST_STEP][PASSED] - ukurann = getText(findTestObject("pembayaran/ukuran")): Text of object 'Object Repository/pembayaran/ukuran' is: 'Menengah'

2023-10-04 20:12:10 - [MESSAGE][PASSED] - Text of object 'Object Repository/pembayaran/ukuran' is: 'Menengah'

2023-10-04 20:12:10 - [TEST_STEP][PASSED] - warna1 = data.get("Warna"): null

2023-10-04 20:12:10 - [TEST_STEP][PASSED] - ukuran1 = data.get("Ukuran"): null

2023-10-04 20:12:10 - [TEST_STEP][PASSED] - assert warnaa == warna1: null

2023-10-04 20:12:10 - [TEST_STEP][PASSED] - assert ukurann == ukuran1: null

2023-10-04 20:12:10 - [TEST_STEP][PASSED] - statusPembelian = getText(findTestObject("verifikasi/Status pending di pembelian")): Text of object 'Object Repository/verifikasi/Status pending di pembelian' is: 'Pending'

2023-10-04 20:12:10 - [MESSAGE][PASSED] - Text of object 'Object Repository/verifikasi/Status pending di pembelian' is: 'Pending'

2023-10-04 20:12:10 - [TEST_STEP][PASSED] - data.put("statusPem", statusPembelian): null

2023-10-04 20:12:10 - [TEST_STEP][PASSED] - OngkosKirim = getText(findTestObject("pembayaran/ongkos kirim")): Text of object 'Object Repository/pembayaran/ongkos kirim' is: 'Rp 5,000'

2023-10-04 20:12:11 - [MESSAGE][PASSED] - Text of object 'Object Repository/pembayaran/ongkos kirim' is: 'Rp 5,000'

2023-10-04 20:12:11 - [TEST_STEP][PASSED] - Ongkos = OngkosKirim.substring(3, OngkosKirim.size()): null

2023-10-04 20:12:11 - [TEST_STEP][PASSED] - rep = Ongkos.replace(",", ""): null

2023-10-04 20:12:11 - [TEST_STEP][PASSED] - Ongkos_kirimm = Integer.parseInt(rep): null

2023-10-04 20:12:11 - [TEST_STEP][PASSED] - println(Ongkos_kirimm): null

2023-10-04 20:12:11 - [TEST_STEP][PASSED] - FeeAdmin = getText(findTestObject("pembayaran/fee admin")): Text of object 'Object Repository/pembayaran/fee admin' is: 'Rp 1,500'

2023-10-04 20:12:11 - [MESSAGE][PASSED] - Text of object 'Object Repository/pembayaran/fee admin' is: 'Rp 1,500'

2023-10-04 20:12:11 - [TEST_STEP][PASSED] - Fee_Admin = FeeAdmin.substring(3, FeeAdmin.size()): null

2023-10-04 20:12:11 - [TEST_STEP][PASSED] - fee = Fee_Admin.replace(",", ""): null

2023-10-04 20:12:11 - [TEST_STEP][PASSED] - fee_adminn = Integer.parseInt(fee): null

2023-10-04 20:12:11 - [TEST_STEP][PASSED] - println(fee_adminn): null

2023-10-04 20:12:11 - [TEST_STEP][PASSED] - Subtotal = getText(findTestObject("pembayaran/subtotal")): Text of object 'Object Repository/pembayaran/subtotal' is: 'Rp 1,299'

2023-10-04 20:12:12 - [MESSAGE][PASSED] - Text of object 'Object Repository/pembayaran/subtotal' is: 'Rp 1,299'

2023-10-04 20:12:12 - [TEST_STEP][PASSED] - sub_total = Subtotal.substring(3, Subtotal.size()): null

2023-10-04 20:12:12 - [TEST_STEP][PASSED] - sub = sub_total.replace(",", ""): null

2023-10-04 20:12:12 - [TEST_STEP][PASSED] - sub_totall = Integer.parseInt(sub): null

2023-10-04 20:12:12 - [TEST_STEP][PASSED] - println(sub_totall): null

2023-10-04 20:12:12 - [TEST_STEP][PASSED] - unik = getText(findTestObject("pembayaran/kode unik")): Text of object 'Object Repository/pembayaran/kode unik' is: '+158'

2023-10-04 20:12:12 - [MESSAGE][PASSED] - Text of object 'Object Repository/pembayaran/kode unik' is: '+158'

2023-10-04 20:12:12 - [TEST_STEP][PASSED] - unikk = unik.replace("+", ""): null

2023-10-04 20:12:12 - [TEST_STEP][PASSED] - kode_unik = Integer.parseInt(unikk): null

2023-10-04 20:12:12 - [TEST_STEP][PASSED] - println(kode_unik): null

2023-10-04 20:12:12 - [TEST_STEP][PASSED] - Total = getText(findTestObject("pembayaran/total")): Text of object 'Object Repository/pembayaran/total' is: '7,957'

2023-10-04 20:12:13 - [MESSAGE][PASSED] - Text of object 'Object Repository/pembayaran/total' is: '7,957'

2023-10-04 20:12:13 - [TEST_STEP][PASSED] - total = Total.replace(",", ""): null

2023-10-04 20:12:13 - [TEST_STEP][PASSED] - totalll = Integer.parseInt(total): null

2023-10-04 20:12:13 - [TEST_STEP][PASSED] - println(totalll): null

2023-10-04 20:12:13 - [TEST_STEP][PASSED] - Total_Hargaa = Ongkos_kirimm + fee_adminn + sub_totall + kode_unik: null

2023-10-04 20:12:13 - [TEST_STEP][PASSED] - println(Total_Hargaa): null

2023-10-04 20:12:13 - [TEST_STEP][PASSED] - assert totalll == Total_Hargaa: null

2023-10-04 20:12:13 - [TEST_STEP][PASSED] - data.put("total", Total): null

2023-10-04 20:12:13 - [TEST_STEP][PASSED] - data.put("nama", NamaPemesan): null

2023-10-04 20:12:13 - [TEST_STEP][PASSED] - return data: null

2023-10-04 20:12:13 - [MESSAGE][PASSED] - Call Test Case 'Test Cases/T13 Pembelian, Shipment dan Pembayaran/PBY-001' successfully

2023-10-04 20:12:13 - [TEST_STEP][PASSED] - inv = data.get("invoice"): null

2023-10-04 20:12:13 - [TEST_STEP][PASSED] - Total = data.get("total"): null

2023-10-04 20:12:13 - [TEST_STEP][PASSED] - NamaPemesan = data.get("nama"): null

2023-10-04 20:12:13 - [TEST_STEP][PASSED] - click(findTestObject("Konfirmasi pesanan shop/Menu Shop")): Object: 'Object Repository/Konfirmasi pesanan shop/Menu Shop' is clicked on

2023-10-04 20:12:14 - [MESSAGE][PASSED] - Object: 'Object Repository/Konfirmasi pesanan shop/Menu Shop' is clicked on

2023-10-04 20:12:14 - [TEST_STEP][PASSED] - click(findTestObject("Konfirmasi pesanan shop/Menu Shop")): Object: 'Object Repository/Konfirmasi pesanan shop/Menu Shop' is clicked on

2023-10-04 20:12:15 - [MESSAGE][PASSED] - Object: 'Object Repository/Konfirmasi pesanan shop/Menu Shop' is clicked on

2023-10-04 20:12:15 - [TEST_STEP][PASSED] - click(findTestObject("Konfirmasi pesanan shop/Konfirmasi Orders")): Object: 'Object Repository/Konfirmasi pesanan shop/Konfirmasi Orders' is clicked on

2023-10-04 20:12:16 - [MESSAGE][PASSED] - Object: 'Object Repository/Konfirmasi pesanan shop/Konfirmasi Orders' is clicked on

2023-10-04 20:12:16 - [TEST_STEP][PASSED] - verifyElementPresent(findTestObject("Konfirmasi pesanan shop/Tittle Konfirmasi Pesanan"), 0): Object 'Object Repository/Konfirmasi pesanan shop/Tittle Konfirmasi Pesanan' is present

2023-10-04 20:12:16 - [MESSAGE][WARNING] - Timeout '0' is invalid. Using default page load timeout: '30'

2023-10-04 20:12:17 - [MESSAGE][PASSED] - Object 'Object Repository/Konfirmasi pesanan shop/Tittle Konfirmasi Pesanan' is present

2023-10-04 20:12:17 - [TEST_STEP][PASSED] - setText(findTestObject("Konfirmasi pesanan shop/input_No Pesanan"), inv): Text 'TRX60.20231004201158' is set on object 'Object Repository/Konfirmasi pesanan shop/input_No Pesanan'

2023-10-04 20:12:18 - [MESSAGE][PASSED] - Text 'TRX60.20231004201158' is set on object 'Object Repository/Konfirmasi pesanan shop/input_No Pesanan'

2023-10-04 20:12:18 - [TEST_STEP][PASSED] - setText(findTestObject("Konfirmasi pesanan shop/input_Alamat E-mai"), "irfan@gmail.com"): Text 'irfan@gmail.com' is set on object 'Object Repository/Konfirmasi pesanan shop/input_Alamat E-mai'

2023-10-04 20:12:19 - [MESSAGE][PASSED] - Text 'irfan@gmail.com' is set on object 'Object Repository/Konfirmasi pesanan shop/input_Alamat E-mai'

2023-10-04 20:12:19 - [TEST_STEP][PASSED] - click(findTestObject("Konfirmasi pesanan shop/button_Submit")): Object: 'Object Repository/Konfirmasi pesanan shop/button_Submit' is clicked on

2023-10-04 20:12:20 - [MESSAGE][PASSED] - Object: 'Object Repository/Konfirmasi pesanan shop/button_Submit' is clicked on

2023-10-04 20:12:20 - [TEST_STEP][PASSED] - verifyElementPresent(findTestObject("Konfirmasi pesanan shop/Tittle nomor invoice"), 0): Object 'Object Repository/Konfirmasi pesanan shop/Tittle nomor invoice' is present

2023-10-04 20:12:20 - [MESSAGE][WARNING] - Timeout '0' is invalid. Using default page load timeout: '30'

2023-10-04 20:12:20 - [MESSAGE][PASSED] - Object 'Object Repository/Konfirmasi pesanan shop/Tittle nomor invoice' is present

2023-10-04 20:12:20 - [TEST_STEP][PASSED] - setText(findTestObject("Konfirmasi pesanan shop/input_Total TagihanTransfer_b"), Total): Text '7,957' is set on object 'Object Repository/Konfirmasi pesanan shop/input_Total TagihanTransfer_b'

2023-10-04 20:12:21 - [MESSAGE][PASSED] - Text '7,957' is set on object 'Object Repository/Konfirmasi pesanan shop/input_Total TagihanTransfer_b'

2023-10-04 20:12:21 - [TEST_STEP][PASSED] - selectOptionByValue(findTestObject("Konfirmasi pesanan shop/select_Bank"), "4", false): All options with value '4' are selected in object 'Object Repository/Konfirmasi pesanan shop/select_Bank' 

2023-10-04 20:12:22 - [MESSAGE][PASSED] - All options with value '4' are selected in object 'Object Repository/Konfirmasi pesanan shop/select_Bank' 

2023-10-04 20:12:22 - [TEST_STEP][PASSED] - setText(findTestObject("Konfirmasi pesanan shop/input_Nama Pengirim_d"), NamaPemesan): Text 'irfan.afandi' is set on object 'Object Repository/Konfirmasi pesanan shop/input_Nama Pengirim_d'

2023-10-04 20:12:22 - [MESSAGE][PASSED] - Text 'irfan.afandi' is set on object 'Object Repository/Konfirmasi pesanan shop/input_Nama Pengirim_d'

2023-10-04 20:12:22 - [TEST_STEP][PASSED] - click(findTestObject("Konfirmasi pesanan shop/button_Konfirmasi Pembayaran")): Object: 'Object Repository/Konfirmasi pesanan shop/button_Konfirmasi Pembayaran' is clicked on

2023-10-04 20:12:23 - [MESSAGE][PASSED] - Object: 'Object Repository/Konfirmasi pesanan shop/button_Konfirmasi Pembayaran' is clicked on

2023-10-04 20:12:23 - [TEST_STEP][PASSED] - webDriver = getWebDriver(): null

2023-10-04 20:12:23 - [TEST_STEP][PASSED] - field_upload = webDriver.findElement(By.xpath("//input[@name="f"]")): null

2023-10-04 20:12:23 - [TEST_STEP][PASSED] - error_message = webDriver.executeScript("return arguments[0].validationMessage", field_upload): null

2023-10-04 20:12:23 - [TEST_STEP][PASSED] - println(error_message): null

2023-10-04 20:12:23 - [TEST_STEP][PASSED] - assert error_message == "Please select a file.": null]]></system-out>
         <system-err><![CDATA[]]></system-err>
      </testcase>
      <testcase name="Test Cases/T13 Pembelian, Shipment dan Pembayaran/PBY-010" time="59.853" classname="Test Cases/T13 Pembelian, Shipment dan Pembayaran/PBY-010" status="FAILED">
         <failure type="FAILED" message="Test Cases/T13 Pembelian, Shipment dan Pembayaran/PBY-010 FAILED.
Reason:
com.kms.katalon.core.exception.StepFailedException: Unable to verify text 'Please upload an valid file.' is present 
	at com.kms.katalon.core.webui.keyword.internal.WebUIKeywordMain.stepFailed(WebUIKeywordMain.groovy:64)
	at com.kms.katalon.core.webui.keyword.internal.WebUIKeywordMain.runKeyword(WebUIKeywordMain.groovy:26)
	at com.kms.katalon.core.webui.keyword.builtin.VerifyTextPresentKeyword.verifyTextPresent(VerifyTextPresentKeyword.groovy:83)
	at com.kms.katalon.core.webui.keyword.builtin.VerifyTextPresentKeyword.execute(VerifyTextPresentKeyword.groovy:68)
	at com.kms.katalon.core.keyword.internal.KeywordExecutor.executeKeywordForPlatform(KeywordExecutor.groovy:74)
	at com.kms.katalon.core.webui.keyword.WebUiBuiltInKeywords.verifyTextPresent(WebUiBuiltInKeywords.groovy:1723)
	at com.kms.katalon.core.webui.keyword.WebUiBuiltInKeywords$verifyTextPresent$7.call(Unknown Source)
	at PBY-010.run(PBY-010:54)
	at com.kms.katalon.core.main.ScriptEngine.run(ScriptEngine.java:194)
	at com.kms.katalon.core.main.ScriptEngine.runScriptAsRawText(ScriptEngine.java:119)
	at com.kms.katalon.core.main.TestCaseExecutor.runScript(TestCaseExecutor.java:448)
	at com.kms.katalon.core.main.TestCaseExecutor.doExecute(TestCaseExecutor.java:439)
	at com.kms.katalon.core.main.TestCaseExecutor.processExecutionPhase(TestCaseExecutor.java:418)
	at com.kms.katalon.core.main.TestCaseExecutor.accessMainPhase(TestCaseExecutor.java:410)
	at com.kms.katalon.core.main.TestCaseExecutor.execute(TestCaseExecutor.java:285)
	at com.kms.katalon.core.common.CommonExecutor.accessTestCaseMainPhase(CommonExecutor.java:65)
	at com.kms.katalon.core.main.TestSuiteExecutor.accessTestSuiteMainPhase(TestSuiteExecutor.java:148)
	at com.kms.katalon.core.main.TestSuiteExecutor.execute(TestSuiteExecutor.java:106)
	at com.kms.katalon.core.main.TestCaseMain.startTestSuite(TestCaseMain.java:187)
	at com.kms.katalon.core.main.TestCaseMain$startTestSuite$0.call(Unknown Source)
	at TempTestSuite1696424348948.run(TempTestSuite1696424348948.groovy:36)
Caused by: com.kms.katalon.core.exception.StepFailedException: Text 'Please upload an valid file.' is not present on page 
	at com.kms.katalon.core.webui.keyword.internal.WebUIKeywordMain.stepFailed(WebUIKeywordMain.groovy:64)
	at com.kms.katalon.core.webui.keyword.builtin.VerifyTextPresentKeyword$_verifyTextPresent_closure1.doCall(VerifyTextPresentKeyword.groovy:79)
	at com.kms.katalon.core.webui.keyword.builtin.VerifyTextPresentKeyword$_verifyTextPresent_closure1.call(VerifyTextPresentKeyword.groovy)
	at com.kms.katalon.core.webui.keyword.internal.WebUIKeywordMain.runKeyword(WebUIKeywordMain.groovy:20)
	... 19 more
"/>
         <system-out><![CDATA[2023-10-04 20:12:23 - [TEST_CASE][FAILED] - Test Cases/T13 Pembelian, Shipment dan Pembayaran/PBY-010: Test Cases/T13 Pembelian, Shipment dan Pembayaran/PBY-010 FAILED.
Reason:
com.kms.katalon.core.exception.StepFailedException: Unable to verify text 'Please upload an valid file.' is present 
	at com.kms.katalon.core.webui.keyword.internal.WebUIKeywordMain.stepFailed(WebUIKeywordMain.groovy:64)
	at com.kms.katalon.core.webui.keyword.internal.WebUIKeywordMain.runKeyword(WebUIKeywordMain.groovy:26)
	at com.kms.katalon.core.webui.keyword.builtin.VerifyTextPresentKeyword.verifyTextPresent(VerifyTextPresentKeyword.groovy:83)
	at com.kms.katalon.core.webui.keyword.builtin.VerifyTextPresentKeyword.execute(VerifyTextPresentKeyword.groovy:68)
	at com.kms.katalon.core.keyword.internal.KeywordExecutor.executeKeywordForPlatform(KeywordExecutor.groovy:74)
	at com.kms.katalon.core.webui.keyword.WebUiBuiltInKeywords.verifyTextPresent(WebUiBuiltInKeywords.groovy:1723)
	at com.kms.katalon.core.webui.keyword.WebUiBuiltInKeywords$verifyTextPresent$7.call(Unknown Source)
	at PBY-010.run(PBY-010:54)
	at com.kms.katalon.core.main.ScriptEngine.run(ScriptEngine.java:194)
	at com.kms.katalon.core.main.ScriptEngine.runScriptAsRawText(ScriptEngine.java:119)
	at com.kms.katalon.core.main.TestCaseExecutor.runScript(TestCaseExecutor.java:448)
	at com.kms.katalon.core.main.TestCaseExecutor.doExecute(TestCaseExecutor.java:439)
	at com.kms.katalon.core.main.TestCaseExecutor.processExecutionPhase(TestCaseExecutor.java:418)
	at com.kms.katalon.core.main.TestCaseExecutor.accessMainPhase(TestCaseExecutor.java:410)
	at com.kms.katalon.core.main.TestCaseExecutor.execute(TestCaseExecutor.java:285)
	at com.kms.katalon.core.common.CommonExecutor.accessTestCaseMainPhase(CommonExecutor.java:65)
	at com.kms.katalon.core.main.TestSuiteExecutor.accessTestSuiteMainPhase(TestSuiteExecutor.java:148)
	at com.kms.katalon.core.main.TestSuiteExecutor.execute(TestSuiteExecutor.java:106)
	at com.kms.katalon.core.main.TestCaseMain.startTestSuite(TestCaseMain.java:187)
	at com.kms.katalon.core.main.TestCaseMain$startTestSuite$0.call(Unknown Source)
	at TempTestSuite1696424348948.run(TempTestSuite1696424348948.groovy:36)
Caused by: com.kms.katalon.core.exception.StepFailedException: Text 'Please upload an valid file.' is not present on page 
	at com.kms.katalon.core.webui.keyword.internal.WebUIKeywordMain.stepFailed(WebUIKeywordMain.groovy:64)
	at com.kms.katalon.core.webui.keyword.builtin.VerifyTextPresentKeyword$_verifyTextPresent_closure1.doCall(VerifyTextPresentKeyword.groovy:79)
	at com.kms.katalon.core.webui.keyword.builtin.VerifyTextPresentKeyword$_verifyTextPresent_closure1.call(VerifyTextPresentKeyword.groovy)
	at com.kms.katalon.core.webui.keyword.internal.WebUIKeywordMain.runKeyword(WebUIKeywordMain.groovy:20)
	... 19 more


2023-10-04 20:12:24 - [TEST_STEP][PASSED] - data = callTestCase(findTestCase("T13 Pembelian, Shipment dan Pembayaran/PBY-001"), [:], STOP_ON_FAILURE): Call Test Case 'Test Cases/T13 Pembelian, Shipment dan Pembayaran/PBY-001' successfully

2023-10-04 20:12:24 - [TEST_CASE][PASSED] - Test Cases/T13 Pembelian, Shipment dan Pembayaran/PBY-001: Test Cases/T13 Pembelian, Shipment dan Pembayaran/PBY-001

2023-10-04 20:12:24 - [TEST_STEP][PASSED] - data = callTestCase(findTestCase("T13 Pembelian, Shipment dan Pembayaran/PBL-004"), ["Kurir":"Roda 2"], STOP_ON_FAILURE): Call Test Case 'Test Cases/T13 Pembelian, Shipment dan Pembayaran/PBL-004' successfully

2023-10-04 20:12:24 - [TEST_CASE][PASSED] - Test Cases/T13 Pembelian, Shipment dan Pembayaran/PBL-004: Test Cases/T13 Pembelian, Shipment dan Pembayaran/PBL-004

2023-10-04 20:12:24 - [TEST_STEP][PASSED] - data = callTestCase(findTestCase("T13 Pembelian, Shipment dan Pembayaran/PBL-002"), [:], STOP_ON_FAILURE): Call Test Case 'Test Cases/T13 Pembelian, Shipment dan Pembayaran/PBL-002' successfully

2023-10-04 20:12:24 - [TEST_CASE][PASSED] - Test Cases/T13 Pembelian, Shipment dan Pembayaran/PBL-002: Test Cases/T13 Pembelian, Shipment dan Pembayaran/PBL-002

2023-10-04 20:12:24 - [TEST_STEP][PASSED] - data = callTestCase(findTestCase("T13 Pembelian, Shipment dan Pembayaran/PBL-001"), [:], STOP_ON_FAILURE): Call Test Case 'Test Cases/T13 Pembelian, Shipment dan Pembayaran/PBL-001' successfully

2023-10-04 20:12:24 - [TEST_CASE][PASSED] - Test Cases/T13 Pembelian, Shipment dan Pembayaran/PBL-001: Test Cases/T13 Pembelian, Shipment dan Pembayaran/PBL-001

2023-10-04 20:12:24 - [TEST_STEP][PASSED] - callTestCase(findTestCase("T13 Pembelian, Shipment dan Pembayaran/LU-001"), ["username":"irfanafandi", "password":"12345irfan"], STOP_ON_FAILURE): Call Test Case 'Test Cases/T13 Pembelian, Shipment dan Pembayaran/LU-001' successfully

2023-10-04 20:12:24 - [TEST_CASE][PASSED] - Test Cases/T13 Pembelian, Shipment dan Pembayaran/LU-001: Test Cases/T13 Pembelian, Shipment dan Pembayaran/LU-001

2023-10-04 20:12:24 - [TEST_STEP][PASSED] - openBrowser("https://10.9.2.63/ecommerce/"): Browser is opened with url: 'https://10.9.2.63/ecommerce/'

2023-10-04 20:12:24 - [MESSAGE][WARNING] - A browser is already opened. Closing browser and opening a new one

2023-10-04 20:12:26 - [MESSAGE][INFO] - Starting 'Firefox' driver

2023-10-04 20:12:26 - [MESSAGE][INFO] - User set preference: ['args', '[--disable-notifications]']

2023-10-04 20:12:26 - [MESSAGE][INFO] - Action delay is set to 0 milliseconds

2023-10-04 20:12:32 - [MESSAGE][PASSED] - Browser is opened with url: 'https://10.9.2.63/ecommerce/'

2023-10-04 20:12:32 - [TEST_STEP][PASSED] - maximizeWindow(): Current window maximized

2023-10-04 20:12:32 - [MESSAGE][PASSED] - Current window maximized

2023-10-04 20:12:32 - [TEST_STEP][PASSED] - verifyElementPresent(findTestObject("Login/Home"), 0): Object 'Object Repository/Login/Home' is present

2023-10-04 20:12:32 - [MESSAGE][WARNING] - Timeout '0' is invalid. Using default page load timeout: '30'

2023-10-04 20:12:32 - [MESSAGE][PASSED] - Object 'Object Repository/Login/Home' is present

2023-10-04 20:12:32 - [TEST_STEP][PASSED] - click(findTestObject("Login/a_Login")): Object: 'Object Repository/Login/a_Login' is clicked on

2023-10-04 20:12:33 - [MESSAGE][PASSED] - Object: 'Object Repository/Login/a_Login' is clicked on

2023-10-04 20:12:33 - [TEST_STEP][PASSED] - verifyElementPresent(findTestObject("Login/Tittle Login"), 0): Object 'Object Repository/Login/Tittle Login' is present

2023-10-04 20:12:33 - [MESSAGE][WARNING] - Timeout '0' is invalid. Using default page load timeout: '30'

2023-10-04 20:12:33 - [MESSAGE][PASSED] - Object 'Object Repository/Login/Tittle Login' is present

2023-10-04 20:12:33 - [TEST_STEP][PASSED] - setText(findTestObject("Login/input_Username, Email atau No. Handphone_a"), username): Text 'irfanafandi' is set on object 'Object Repository/Login/input_Username, Email atau No. Handphone_a'

2023-10-04 20:12:34 - [MESSAGE][PASSED] - Text 'irfanafandi' is set on object 'Object Repository/Login/input_Username, Email atau No. Handphone_a'

2023-10-04 20:12:34 - [TEST_STEP][PASSED] - setText(findTestObject("Login/input_Password_b"), password): Text '12345irfan' is set on object 'Object Repository/Login/input_Password_b'

2023-10-04 20:12:34 - [MESSAGE][PASSED] - Text '12345irfan' is set on object 'Object Repository/Login/input_Password_b'

2023-10-04 20:12:34 - [TEST_STEP][PASSED] - click(findTestObject("Login/label_Ingat saya")): Object: 'Object Repository/Login/label_Ingat saya' is clicked on

2023-10-04 20:12:35 - [MESSAGE][PASSED] - Object: 'Object Repository/Login/label_Ingat saya' is clicked on

2023-10-04 20:12:35 - [TEST_STEP][PASSED] - click(findTestObject("Login/button_Masuk")): Object: 'Object Repository/Login/button_Masuk' is clicked on

2023-10-04 20:12:36 - [MESSAGE][PASSED] - Object: 'Object Repository/Login/button_Masuk' is clicked on

2023-10-04 20:12:36 - [TEST_STEP][PASSED] - verifyElementPresent(findTestObject("Login/li_Profile"), 0): Object 'Object Repository/Login/li_Profile' is present

2023-10-04 20:12:36 - [MESSAGE][WARNING] - Timeout '0' is invalid. Using default page load timeout: '30'

2023-10-04 20:12:37 - [MESSAGE][PASSED] - Object 'Object Repository/Login/li_Profile' is present

2023-10-04 20:12:37 - [MESSAGE][PASSED] - Call Test Case 'Test Cases/T13 Pembelian, Shipment dan Pembayaran/LU-001' successfully

2023-10-04 20:12:37 - [TEST_STEP][PASSED] - mouseOver(findTestObject("beli barang/i_Mulai Belanja_icon-menu")): Object: 'Object Repository/beli barang/i_Mulai Belanja_icon-menu' is hovered

2023-10-04 20:12:37 - [MESSAGE][PASSED] - Object: 'Object Repository/beli barang/i_Mulai Belanja_icon-menu' is hovered

2023-10-04 20:12:37 - [TEST_STEP][PASSED] - click(findTestObject("beli barang/a_Fashion  Busana Wanita")): Object: 'Object Repository/beli barang/a_Fashion  Busana Wanita' is clicked on

2023-10-04 20:12:38 - [MESSAGE][PASSED] - Object: 'Object Repository/beli barang/a_Fashion  Busana Wanita' is clicked on

2023-10-04 20:12:38 - [TEST_STEP][PASSED] - NamaSebelum = getText(findTestObject("verifikasi/Nama sebelum")): Text of object 'Object Repository/verifikasi/Nama sebelum' is: ''

2023-10-04 20:12:39 - [MESSAGE][PASSED] - Text of object 'Object Repository/verifikasi/Nama sebelum' is: ''

2023-10-04 20:12:39 - [TEST_STEP][PASSED] - HargaSebelum = getText(findTestObject("verifikasi/Harga sebelum")): Text of object 'Object Repository/verifikasi/Harga sebelum' is: 'Rp 1,299'

2023-10-04 20:12:39 - [MESSAGE][PASSED] - Text of object 'Object Repository/verifikasi/Harga sebelum' is: 'Rp 1,299'

2023-10-04 20:12:39 - [TEST_STEP][PASSED] - mouseOver(findTestObject("beli barang/barang mouse over")): Object: 'Object Repository/beli barang/barang mouse over' is hovered

2023-10-04 20:12:40 - [MESSAGE][PASSED] - Object: 'Object Repository/beli barang/barang mouse over' is hovered

2023-10-04 20:12:40 - [TEST_STEP][PASSED] - click(findTestObject("beli barang/buttom add to cart")): Object: 'Object Repository/beli barang/buttom add to cart' is clicked on

2023-10-04 20:12:41 - [MESSAGE][PASSED] - Object: 'Object Repository/beli barang/buttom add to cart' is clicked on

2023-10-04 20:12:41 - [TEST_STEP][PASSED] - NamaSesudah = getText(findTestObject("verifikasi/Nama sesudah")): Text of object 'Object Repository/verifikasi/Nama sesudah' is: 'Segitiga Instan Madeira - MDB5.3 Sunset'

2023-10-04 20:12:42 - [MESSAGE][PASSED] - Text of object 'Object Repository/verifikasi/Nama sesudah' is: 'Segitiga Instan Madeira - MDB5.3 Sunset'

2023-10-04 20:12:42 - [TEST_STEP][PASSED] - HargaSesudah = getText(findTestObject("verifikasi/Harga sesudah")): Text of object 'Object Repository/verifikasi/Harga sesudah' is: 'Rp 1,299'

2023-10-04 20:12:42 - [MESSAGE][PASSED] - Text of object 'Object Repository/verifikasi/Harga sesudah' is: 'Rp 1,299'

2023-10-04 20:12:42 - [TEST_STEP][PASSED] - assert NamaSesudah.contains(NamaSebelum): null

2023-10-04 20:12:42 - [TEST_STEP][PASSED] - assert HargaSesudah.contains(HargaSebelum): null

2023-10-04 20:12:42 - [TEST_STEP][PASSED] - click(findTestObject("beli barang/Tambah Keranjang busana wanita")): Object: 'Object Repository/beli barang/Tambah Keranjang busana wanita' is clicked on

2023-10-04 20:12:42 - [MESSAGE][PASSED] - Object: 'Object Repository/beli barang/Tambah Keranjang busana wanita' is clicked on

2023-10-04 20:12:42 - [TEST_STEP][PASSED] - verifyElementPresent(findTestObject("checkout/Notifikasi keranjang"), 1): Object 'Object Repository/checkout/Notifikasi keranjang' is present

2023-10-04 20:12:43 - [MESSAGE][PASSED] - Object 'Object Repository/checkout/Notifikasi keranjang' is present

2023-10-04 20:12:43 - [TEST_STEP][PASSED] - data = new java.util.HashMap(): null

2023-10-04 20:12:43 - [TEST_STEP][PASSED] - data.put("nama_barang", NamaSesudah): null

2023-10-04 20:12:43 - [TEST_STEP][PASSED] - data.put("price_barang", HargaSesudah): null

2023-10-04 20:12:43 - [TEST_STEP][PASSED] - return data: null

2023-10-04 20:12:43 - [MESSAGE][PASSED] - Call Test Case 'Test Cases/T13 Pembelian, Shipment dan Pembayaran/PBL-001' successfully

2023-10-04 20:12:43 - [TEST_STEP][PASSED] - mouseOver(findTestObject("beli barang/keranjang")): Object: 'Object Repository/beli barang/keranjang' is hovered

2023-10-04 20:12:44 - [MESSAGE][PASSED] - Object: 'Object Repository/beli barang/keranjang' is hovered

2023-10-04 20:12:44 - [TEST_STEP][PASSED] - click(findTestObject("beli barang/Lihat Sekarang")): Object: 'Object Repository/beli barang/Lihat Sekarang' is clicked on

2023-10-04 20:12:45 - [MESSAGE][PASSED] - Object: 'Object Repository/beli barang/Lihat Sekarang' is clicked on

2023-10-04 20:12:45 - [TEST_STEP][PASSED] - verifyElementPresent(findTestObject("keranjang/li_Keranjang Belanja"), 0): Object 'Object Repository/keranjang/li_Keranjang Belanja' is present

2023-10-04 20:12:45 - [MESSAGE][WARNING] - Timeout '0' is invalid. Using default page load timeout: '30'

2023-10-04 20:12:46 - [MESSAGE][PASSED] - Object 'Object Repository/keranjang/li_Keranjang Belanja' is present

2023-10-04 20:12:46 - [TEST_STEP][PASSED] - NamaKeranjang = getText(findTestObject("verifikasi/Nama keranjang")): Text of object 'Object Repository/verifikasi/Nama keranjang' is: 'Segitiga Instan Madeira - MDB5.3 Sunset'

2023-10-04 20:12:46 - [MESSAGE][PASSED] - Text of object 'Object Repository/verifikasi/Nama keranjang' is: 'Segitiga Instan Madeira - MDB5.3 Sunset'

2023-10-04 20:12:46 - [TEST_STEP][PASSED] - HargaKeranjang = getText(findTestObject("verifikasi/Harga Keranjang")): Text of object 'Object Repository/verifikasi/Harga Keranjang' is: 'Rp 1,299'

2023-10-04 20:12:46 - [MESSAGE][PASSED] - Text of object 'Object Repository/verifikasi/Harga Keranjang' is: 'Rp 1,299'

2023-10-04 20:12:46 - [TEST_STEP][PASSED] - if (toString().equalsIgnoreCase("Merah")): Object 'Object Repository/keranjang/input_Warna_variasi101' is checked

2023-10-04 20:12:46 - [TEST_STEP][PASSED] - check(findTestObject("Object Repository/keranjang/input_Warna_variasi101")): Object 'Object Repository/keranjang/input_Warna_variasi101' is checked

2023-10-04 20:12:47 - [MESSAGE][PASSED] - Object 'Object Repository/keranjang/input_Warna_variasi101' is checked

2023-10-04 20:12:47 - [TEST_STEP][PASSED] - if (toString().equalsIgnoreCase("Menengah")): Object 'Object Repository/keranjang/input_Ukuran_variasi201' is checked

2023-10-04 20:12:47 - [TEST_STEP][PASSED] - check(findTestObject("Object Repository/keranjang/input_Ukuran_variasi201")): Object 'Object Repository/keranjang/input_Ukuran_variasi201' is checked

2023-10-04 20:12:47 - [MESSAGE][PASSED] - Object 'Object Repository/keranjang/input_Ukuran_variasi201' is checked

2023-10-04 20:12:47 - [TEST_STEP][PASSED] - data.put("Warna", warna): null

2023-10-04 20:12:47 - [TEST_STEP][PASSED] - data.put("Ukuran", ukuran): null

2023-10-04 20:12:47 - [TEST_STEP][PASSED] - click(findTestObject("keranjang/button_Lanjut ke Pembayaran")): Object: 'Object Repository/keranjang/button_Lanjut ke Pembayaran' is clicked on

2023-10-04 20:12:49 - [MESSAGE][PASSED] - Object: 'Object Repository/keranjang/button_Lanjut ke Pembayaran' is clicked on

2023-10-04 20:12:49 - [TEST_STEP][PASSED] - verifyElementPresent(findTestObject("checkout/Tittle Checkout Order"), 0): Object 'Object Repository/checkout/Tittle Checkout Order' is present

2023-10-04 20:12:49 - [MESSAGE][WARNING] - Timeout '0' is invalid. Using default page load timeout: '30'

2023-10-04 20:12:49 - [MESSAGE][PASSED] - Object 'Object Repository/checkout/Tittle Checkout Order' is present

2023-10-04 20:12:49 - [TEST_STEP][PASSED] - name_product = data.get("nama_barang"): null

2023-10-04 20:12:49 - [TEST_STEP][PASSED] - price_product = data.get("price_barang"): null

2023-10-04 20:12:49 - [TEST_STEP][PASSED] - assert name_product == NamaKeranjang: null

2023-10-04 20:12:49 - [TEST_STEP][PASSED] - assert price_product == HargaKeranjang: null

2023-10-04 20:12:49 - [TEST_STEP][PASSED] - return data: null

2023-10-04 20:12:49 - [MESSAGE][PASSED] - Call Test Case 'Test Cases/T13 Pembelian, Shipment dan Pembayaran/PBL-002' successfully

2023-10-04 20:12:49 - [TEST_STEP][PASSED] - warnaa = getText(findTestObject("verifikasi/warna Merah")): Text of object 'Object Repository/verifikasi/warna Merah' is: 'Merah'

2023-10-04 20:12:50 - [MESSAGE][PASSED] - Text of object 'Object Repository/verifikasi/warna Merah' is: 'Merah'

2023-10-04 20:12:50 - [TEST_STEP][PASSED] - ukurann = getText(findTestObject("verifikasi/Ukuran Menengah")): Text of object 'Object Repository/verifikasi/Ukuran Menengah' is: 'Menengah'

2023-10-04 20:12:50 - [MESSAGE][PASSED] - Text of object 'Object Repository/verifikasi/Ukuran Menengah' is: 'Menengah'

2023-10-04 20:12:50 - [TEST_STEP][PASSED] - warna1 = data.get("Warna"): null

2023-10-04 20:12:50 - [TEST_STEP][PASSED] - ukuran1 = data.get("Ukuran"): null

2023-10-04 20:12:50 - [TEST_STEP][PASSED] - assert warnaa == warna1: null

2023-10-04 20:12:50 - [TEST_STEP][PASSED] - assert ukurann == ukuran1: null

2023-10-04 20:12:50 - [TEST_STEP][PASSED] - NamaCheckout = getText(findTestObject("verifikasi/NamaCheckout")): Text of object 'Object Repository/verifikasi/NamaCheckout' is: ''

2023-10-04 20:12:50 - [MESSAGE][PASSED] - Text of object 'Object Repository/verifikasi/NamaCheckout' is: ''

2023-10-04 20:12:50 - [TEST_STEP][PASSED] - HargaCheckout = getText(findTestObject("verifikasi/HargaCheckout")): Text of object 'Object Repository/verifikasi/HargaCheckout' is: '1,299'

2023-10-04 20:12:51 - [MESSAGE][PASSED] - Text of object 'Object Repository/verifikasi/HargaCheckout' is: '1,299'

2023-10-04 20:12:51 - [TEST_STEP][PASSED] - name_product = data.get("nama_barang"): null

2023-10-04 20:12:51 - [TEST_STEP][PASSED] - price_product = data.get("price_barang"): null

2023-10-04 20:12:51 - [TEST_STEP][PASSED] - assert name_product.contains(NamaCheckout): null

2023-10-04 20:12:51 - [TEST_STEP][PASSED] - assert price_product.contains(HargaCheckout): null

2023-10-04 20:12:51 - [TEST_STEP][PASSED] - selectOptionByLabel(findTestObject("checkout/select - Kirim via Kurir Lokal"), Kurir, false): All options with label 'Roda 2' are selected in object 'Object Repository/checkout/select - Kirim via Kurir Lokal' 

2023-10-04 20:12:52 - [MESSAGE][PASSED] - All options with label 'Roda 2' are selected in object 'Object Repository/checkout/select - Kirim via Kurir Lokal' 

2023-10-04 20:12:52 - [TEST_STEP][PASSED] - click(findTestObject("checkout/Kendaraan Kurir")): Object: 'Object Repository/checkout/Kendaraan Kurir' is clicked on

2023-10-04 20:12:52 - [MESSAGE][PASSED] - Object: 'Object Repository/checkout/Kendaraan Kurir' is clicked on

2023-10-04 20:12:52 - [TEST_STEP][PASSED] - OngkosKirim = getText(findTestObject("Object Repository/verifikasi/Ongkos Kirim checkout")): Text of object 'Object Repository/verifikasi/Ongkos Kirim checkout' is: 'Rp. 5,000'

2023-10-04 20:12:53 - [MESSAGE][PASSED] - Text of object 'Object Repository/verifikasi/Ongkos Kirim checkout' is: 'Rp. 5,000'

2023-10-04 20:12:53 - [TEST_STEP][PASSED] - Ongkos = OngkosKirim.substring(3, OngkosKirim.size()): null

2023-10-04 20:12:53 - [TEST_STEP][PASSED] - rep = Ongkos.replace(",", "."): null

2023-10-04 20:12:53 - [TEST_STEP][PASSED] - Ongkos_kirim = Double.parseDouble(rep): null

2023-10-04 20:12:53 - [TEST_STEP][PASSED] - println(Ongkos_kirim): null

2023-10-04 20:12:53 - [TEST_STEP][PASSED] - FeeAdmin = getText(findTestObject("verifikasi/Fee Admin checkout")): Text of object 'Object Repository/verifikasi/Fee Admin checkout' is: 'Fee Admin
Rp 1,500'

2023-10-04 20:12:53 - [MESSAGE][PASSED] - Text of object 'Object Repository/verifikasi/Fee Admin checkout' is: 'Fee Admin
Rp 1,500'

2023-10-04 20:12:53 - [TEST_STEP][PASSED] - Fee_Admin = FeeAdmin.substring(12, FeeAdmin.size()): null

2023-10-04 20:12:53 - [TEST_STEP][PASSED] - fee = Fee_Admin.replace(",", "."): null

2023-10-04 20:12:53 - [TEST_STEP][PASSED] - fee_admin = Double.parseDouble(fee): null

2023-10-04 20:12:53 - [TEST_STEP][PASSED] - println(fee_admin): null

2023-10-04 20:12:53 - [TEST_STEP][PASSED] - Subtotal = getText(findTestObject("verifikasi/subtotal checkout")): Text of object 'Object Repository/verifikasi/subtotal checkout' is: 'Subtotal
Rp 1,299'

2023-10-04 20:12:53 - [MESSAGE][PASSED] - Text of object 'Object Repository/verifikasi/subtotal checkout' is: 'Subtotal
Rp 1,299'

2023-10-04 20:12:53 - [TEST_STEP][PASSED] - sub_total = Subtotal.substring(12, Subtotal.size()): null

2023-10-04 20:12:53 - [TEST_STEP][PASSED] - sub = sub_total.replace(",", "."): null

2023-10-04 20:12:53 - [TEST_STEP][PASSED] - sub_total = Double.parseDouble(sub): null

2023-10-04 20:12:53 - [TEST_STEP][PASSED] - println(sub_total): null

2023-10-04 20:12:53 - [TEST_STEP][PASSED] - Total = getText(findTestObject("verifikasi/Total checkout")): Text of object 'Object Repository/verifikasi/Total checkout' is: 'Rp 7,799'

2023-10-04 20:12:53 - [MESSAGE][PASSED] - Text of object 'Object Repository/verifikasi/Total checkout' is: 'Rp 7,799'

2023-10-04 20:12:53 - [TEST_STEP][PASSED] - totall = Total.substring(3, Total.size()): null

2023-10-04 20:12:53 - [TEST_STEP][PASSED] - total = totall.replace(",", "."): null

2023-10-04 20:12:53 - [TEST_STEP][PASSED] - totall = Double.parseDouble(total): null

2023-10-04 20:12:53 - [TEST_STEP][PASSED] - println(totall): null

2023-10-04 20:12:53 - [TEST_STEP][PASSED] - Total_Harga = Ongkos_kirim + fee_admin + sub_total: null

2023-10-04 20:12:53 - [TEST_STEP][PASSED] - println(Total_Harga): null

2023-10-04 20:12:53 - [TEST_STEP][PASSED] - TotalHarga = Math.round(Total_Harga * 1000) / 1000: null

2023-10-04 20:12:53 - [TEST_STEP][PASSED] - println(TotalHarga): null

2023-10-04 20:12:53 - [TEST_STEP][PASSED] - assert totall == TotalHarga: null

2023-10-04 20:12:53 - [TEST_STEP][PASSED] - click(findTestObject("verifikasi/Metode Transfer")): Object: 'Object Repository/verifikasi/Metode Transfer' is clicked on

2023-10-04 20:12:54 - [MESSAGE][PASSED] - Object: 'Object Repository/verifikasi/Metode Transfer' is clicked on

2023-10-04 20:12:54 - [TEST_STEP][PASSED] - click(findTestObject("checkout/button_Proses Pembayaran")): Object: 'Object Repository/checkout/button_Proses Pembayaran' is clicked on

2023-10-04 20:13:00 - [MESSAGE][PASSED] - Object: 'Object Repository/checkout/button_Proses Pembayaran' is clicked on

2023-10-04 20:13:00 - [TEST_STEP][PASSED] - verifyElementPresent(findTestObject("pembayaran/Tittle nomor invoice"), 0): Object 'Object Repository/pembayaran/Tittle nomor invoice' is present

2023-10-04 20:13:00 - [MESSAGE][WARNING] - Timeout '0' is invalid. Using default page load timeout: '30'

2023-10-04 20:13:04 - [MESSAGE][PASSED] - Object 'Object Repository/pembayaran/Tittle nomor invoice' is present

2023-10-04 20:13:04 - [TEST_STEP][PASSED] - return data: null

2023-10-04 20:13:04 - [MESSAGE][PASSED] - Call Test Case 'Test Cases/T13 Pembelian, Shipment dan Pembayaran/PBL-004' successfully

2023-10-04 20:13:04 - [TEST_STEP][PASSED] - Invoice = getText(findTestObject("pembayaran/nomor invoice")): Text of object 'Object Repository/pembayaran/nomor invoice' is: 'TRX60.20231004201256'

2023-10-04 20:13:05 - [MESSAGE][PASSED] - Text of object 'Object Repository/pembayaran/nomor invoice' is: 'TRX60.20231004201256'

2023-10-04 20:13:05 - [TEST_STEP][PASSED] - data.put("invoice", Invoice): null

2023-10-04 20:13:05 - [TEST_STEP][PASSED] - NamaPemesan = getText(findTestObject("Konfirmasi pesanan shop/Nama pemesan")): Text of object 'Object Repository/Konfirmasi pesanan shop/Nama pemesan' is: 'irfan.afandi'

2023-10-04 20:13:05 - [MESSAGE][PASSED] - Text of object 'Object Repository/Konfirmasi pesanan shop/Nama pemesan' is: 'irfan.afandi'

2023-10-04 20:13:05 - [TEST_STEP][PASSED] - Nama = getText(findTestObject("pembayaran/Nama barang")): Text of object 'Object Repository/pembayaran/Nama barang' is: 'Segitiga Instan Madeira - MDB5.3 Sunset'

2023-10-04 20:13:06 - [MESSAGE][PASSED] - Text of object 'Object Repository/pembayaran/Nama barang' is: 'Segitiga Instan Madeira - MDB5.3 Sunset'

2023-10-04 20:13:06 - [TEST_STEP][PASSED] - Harga = getText(findTestObject("pembayaran/Harga barang")): Text of object 'Object Repository/pembayaran/Harga barang' is: '1,299'

2023-10-04 20:13:06 - [MESSAGE][PASSED] - Text of object 'Object Repository/pembayaran/Harga barang' is: '1,299'

2023-10-04 20:13:06 - [TEST_STEP][PASSED] - name_product = data.get("nama_barang"): null

2023-10-04 20:13:06 - [TEST_STEP][PASSED] - price_product = data.get("price_barang"): null

2023-10-04 20:13:06 - [TEST_STEP][PASSED] - assert name_product.contains(Nama): null

2023-10-04 20:13:06 - [TEST_STEP][PASSED] - assert price_product.contains(Harga): null

2023-10-04 20:13:06 - [TEST_STEP][PASSED] - warnaa = getText(findTestObject("pembayaran/warna")): Text of object 'Object Repository/pembayaran/warna' is: 'Merah'

2023-10-04 20:13:07 - [MESSAGE][PASSED] - Text of object 'Object Repository/pembayaran/warna' is: 'Merah'

2023-10-04 20:13:07 - [TEST_STEP][PASSED] - ukurann = getText(findTestObject("pembayaran/ukuran")): Text of object 'Object Repository/pembayaran/ukuran' is: 'Menengah'

2023-10-04 20:13:07 - [MESSAGE][PASSED] - Text of object 'Object Repository/pembayaran/ukuran' is: 'Menengah'

2023-10-04 20:13:07 - [TEST_STEP][PASSED] - warna1 = data.get("Warna"): null

2023-10-04 20:13:07 - [TEST_STEP][PASSED] - ukuran1 = data.get("Ukuran"): null

2023-10-04 20:13:07 - [TEST_STEP][PASSED] - assert warnaa == warna1: null

2023-10-04 20:13:07 - [TEST_STEP][PASSED] - assert ukurann == ukuran1: null

2023-10-04 20:13:07 - [TEST_STEP][PASSED] - statusPembelian = getText(findTestObject("verifikasi/Status pending di pembelian")): Text of object 'Object Repository/verifikasi/Status pending di pembelian' is: 'Pending'

2023-10-04 20:13:08 - [MESSAGE][PASSED] - Text of object 'Object Repository/verifikasi/Status pending di pembelian' is: 'Pending'

2023-10-04 20:13:08 - [TEST_STEP][PASSED] - data.put("statusPem", statusPembelian): null

2023-10-04 20:13:08 - [TEST_STEP][PASSED] - OngkosKirim = getText(findTestObject("pembayaran/ongkos kirim")): Text of object 'Object Repository/pembayaran/ongkos kirim' is: 'Rp 5,000'

2023-10-04 20:13:08 - [MESSAGE][PASSED] - Text of object 'Object Repository/pembayaran/ongkos kirim' is: 'Rp 5,000'

2023-10-04 20:13:08 - [TEST_STEP][PASSED] - Ongkos = OngkosKirim.substring(3, OngkosKirim.size()): null

2023-10-04 20:13:08 - [TEST_STEP][PASSED] - rep = Ongkos.replace(",", ""): null

2023-10-04 20:13:08 - [TEST_STEP][PASSED] - Ongkos_kirimm = Integer.parseInt(rep): null

2023-10-04 20:13:08 - [TEST_STEP][PASSED] - println(Ongkos_kirimm): null

2023-10-04 20:13:08 - [TEST_STEP][PASSED] - FeeAdmin = getText(findTestObject("pembayaran/fee admin")): Text of object 'Object Repository/pembayaran/fee admin' is: 'Rp 1,500'

2023-10-04 20:13:09 - [MESSAGE][PASSED] - Text of object 'Object Repository/pembayaran/fee admin' is: 'Rp 1,500'

2023-10-04 20:13:09 - [TEST_STEP][PASSED] - Fee_Admin = FeeAdmin.substring(3, FeeAdmin.size()): null

2023-10-04 20:13:09 - [TEST_STEP][PASSED] - fee = Fee_Admin.replace(",", ""): null

2023-10-04 20:13:09 - [TEST_STEP][PASSED] - fee_adminn = Integer.parseInt(fee): null

2023-10-04 20:13:09 - [TEST_STEP][PASSED] - println(fee_adminn): null

2023-10-04 20:13:09 - [TEST_STEP][PASSED] - Subtotal = getText(findTestObject("pembayaran/subtotal")): Text of object 'Object Repository/pembayaran/subtotal' is: 'Rp 1,299'

2023-10-04 20:13:09 - [MESSAGE][PASSED] - Text of object 'Object Repository/pembayaran/subtotal' is: 'Rp 1,299'

2023-10-04 20:13:09 - [TEST_STEP][PASSED] - sub_total = Subtotal.substring(3, Subtotal.size()): null

2023-10-04 20:13:09 - [TEST_STEP][PASSED] - sub = sub_total.replace(",", ""): null

2023-10-04 20:13:09 - [TEST_STEP][PASSED] - sub_totall = Integer.parseInt(sub): null

2023-10-04 20:13:09 - [TEST_STEP][PASSED] - println(sub_totall): null

2023-10-04 20:13:09 - [TEST_STEP][PASSED] - unik = getText(findTestObject("pembayaran/kode unik")): Text of object 'Object Repository/pembayaran/kode unik' is: '+256'

2023-10-04 20:13:10 - [MESSAGE][PASSED] - Text of object 'Object Repository/pembayaran/kode unik' is: '+256'

2023-10-04 20:13:10 - [TEST_STEP][PASSED] - unikk = unik.replace("+", ""): null

2023-10-04 20:13:10 - [TEST_STEP][PASSED] - kode_unik = Integer.parseInt(unikk): null

2023-10-04 20:13:10 - [TEST_STEP][PASSED] - println(kode_unik): null

2023-10-04 20:13:10 - [TEST_STEP][PASSED] - Total = getText(findTestObject("pembayaran/total")): Text of object 'Object Repository/pembayaran/total' is: '8,055'

2023-10-04 20:13:10 - [MESSAGE][PASSED] - Text of object 'Object Repository/pembayaran/total' is: '8,055'

2023-10-04 20:13:10 - [TEST_STEP][PASSED] - total = Total.replace(",", ""): null

2023-10-04 20:13:10 - [TEST_STEP][PASSED] - totalll = Integer.parseInt(total): null

2023-10-04 20:13:10 - [TEST_STEP][PASSED] - println(totalll): null

2023-10-04 20:13:10 - [TEST_STEP][PASSED] - Total_Hargaa = Ongkos_kirimm + fee_adminn + sub_totall + kode_unik: null

2023-10-04 20:13:10 - [TEST_STEP][PASSED] - println(Total_Hargaa): null

2023-10-04 20:13:10 - [TEST_STEP][PASSED] - assert totalll == Total_Hargaa: null

2023-10-04 20:13:10 - [TEST_STEP][PASSED] - data.put("total", Total): null

2023-10-04 20:13:10 - [TEST_STEP][PASSED] - data.put("nama", NamaPemesan): null

2023-10-04 20:13:10 - [TEST_STEP][PASSED] - return data: null

2023-10-04 20:13:10 - [MESSAGE][PASSED] - Call Test Case 'Test Cases/T13 Pembelian, Shipment dan Pembayaran/PBY-001' successfully

2023-10-04 20:13:10 - [TEST_STEP][PASSED] - inv = data.get("invoice"): null

2023-10-04 20:13:10 - [TEST_STEP][PASSED] - Total = data.get("total"): null

2023-10-04 20:13:10 - [TEST_STEP][PASSED] - NamaPemesan = data.get("nama"): null

2023-10-04 20:13:10 - [TEST_STEP][PASSED] - click(findTestObject("Konfirmasi pesanan shop/Menu Shop")): Object: 'Object Repository/Konfirmasi pesanan shop/Menu Shop' is clicked on

2023-10-04 20:13:12 - [MESSAGE][PASSED] - Object: 'Object Repository/Konfirmasi pesanan shop/Menu Shop' is clicked on

2023-10-04 20:13:12 - [TEST_STEP][PASSED] - click(findTestObject("Konfirmasi pesanan shop/Menu Shop")): Object: 'Object Repository/Konfirmasi pesanan shop/Menu Shop' is clicked on

2023-10-04 20:13:13 - [MESSAGE][PASSED] - Object: 'Object Repository/Konfirmasi pesanan shop/Menu Shop' is clicked on

2023-10-04 20:13:13 - [TEST_STEP][PASSED] - click(findTestObject("Konfirmasi pesanan shop/Konfirmasi Orders")): Object: 'Object Repository/Konfirmasi pesanan shop/Konfirmasi Orders' is clicked on

2023-10-04 20:13:14 - [MESSAGE][PASSED] - Object: 'Object Repository/Konfirmasi pesanan shop/Konfirmasi Orders' is clicked on

2023-10-04 20:13:14 - [TEST_STEP][PASSED] - verifyElementPresent(findTestObject("Konfirmasi pesanan shop/Tittle Konfirmasi Pesanan"), 0): Object 'Object Repository/Konfirmasi pesanan shop/Tittle Konfirmasi Pesanan' is present

2023-10-04 20:13:14 - [MESSAGE][WARNING] - Timeout '0' is invalid. Using default page load timeout: '30'

2023-10-04 20:13:15 - [MESSAGE][PASSED] - Object 'Object Repository/Konfirmasi pesanan shop/Tittle Konfirmasi Pesanan' is present

2023-10-04 20:13:15 - [TEST_STEP][PASSED] - setText(findTestObject("Konfirmasi pesanan shop/input_No Pesanan"), inv): Text 'TRX60.20231004201256' is set on object 'Object Repository/Konfirmasi pesanan shop/input_No Pesanan'

2023-10-04 20:13:15 - [MESSAGE][PASSED] - Text 'TRX60.20231004201256' is set on object 'Object Repository/Konfirmasi pesanan shop/input_No Pesanan'

2023-10-04 20:13:15 - [TEST_STEP][PASSED] - setText(findTestObject("Konfirmasi pesanan shop/input_Alamat E-mai"), "irfan@gmail.com"): Text 'irfan@gmail.com' is set on object 'Object Repository/Konfirmasi pesanan shop/input_Alamat E-mai'

2023-10-04 20:13:16 - [MESSAGE][PASSED] - Text 'irfan@gmail.com' is set on object 'Object Repository/Konfirmasi pesanan shop/input_Alamat E-mai'

2023-10-04 20:13:16 - [TEST_STEP][PASSED] - click(findTestObject("Konfirmasi pesanan shop/button_Submit")): Object: 'Object Repository/Konfirmasi pesanan shop/button_Submit' is clicked on

2023-10-04 20:13:17 - [MESSAGE][PASSED] - Object: 'Object Repository/Konfirmasi pesanan shop/button_Submit' is clicked on

2023-10-04 20:13:17 - [TEST_STEP][PASSED] - verifyElementPresent(findTestObject("Konfirmasi pesanan shop/Tittle nomor invoice"), 0): Object 'Object Repository/Konfirmasi pesanan shop/Tittle nomor invoice' is present

2023-10-04 20:13:17 - [MESSAGE][WARNING] - Timeout '0' is invalid. Using default page load timeout: '30'

2023-10-04 20:13:18 - [MESSAGE][PASSED] - Object 'Object Repository/Konfirmasi pesanan shop/Tittle nomor invoice' is present

2023-10-04 20:13:18 - [TEST_STEP][PASSED] - setText(findTestObject("Konfirmasi pesanan shop/input_Total TagihanTransfer_b"), Total): Text '8,055' is set on object 'Object Repository/Konfirmasi pesanan shop/input_Total TagihanTransfer_b'

2023-10-04 20:13:18 - [MESSAGE][PASSED] - Text '8,055' is set on object 'Object Repository/Konfirmasi pesanan shop/input_Total TagihanTransfer_b'

2023-10-04 20:13:18 - [TEST_STEP][PASSED] - selectOptionByValue(findTestObject("Konfirmasi pesanan shop/select_Bank"), "4", false): All options with value '4' are selected in object 'Object Repository/Konfirmasi pesanan shop/select_Bank' 

2023-10-04 20:13:19 - [MESSAGE][PASSED] - All options with value '4' are selected in object 'Object Repository/Konfirmasi pesanan shop/select_Bank' 

2023-10-04 20:13:19 - [TEST_STEP][PASSED] - setText(findTestObject("Konfirmasi pesanan shop/input_Nama Pengirim_d"), NamaPemesan): Text 'irfan.afandi' is set on object 'Object Repository/Konfirmasi pesanan shop/input_Nama Pengirim_d'

2023-10-04 20:13:20 - [MESSAGE][PASSED] - Text 'irfan.afandi' is set on object 'Object Repository/Konfirmasi pesanan shop/input_Nama Pengirim_d'

2023-10-04 20:13:20 - [TEST_STEP][PASSED] - uploadFile(findTestObject("keranjang/konfirmasi/input_Upload Bukti Transfer_f"), "C:\Users\IRFAN\Videos\katalon\video.mp4"): File 'C:\Users\IRFAN\Videos\katalon\video.mp4' sent to object: 'Object Repository/keranjang/konfirmasi/input_Upload Bukti Transfer_f'

2023-10-04 20:13:20 - [MESSAGE][PASSED] - File 'C:\Users\IRFAN\Videos\katalon\video.mp4' sent to object: 'Object Repository/keranjang/konfirmasi/input_Upload Bukti Transfer_f'

2023-10-04 20:13:20 - [TEST_STEP][PASSED] - click(findTestObject("Konfirmasi pesanan shop/button_Konfirmasi Pembayaran")): Object: 'Object Repository/Konfirmasi pesanan shop/button_Konfirmasi Pembayaran' is clicked on

2023-10-04 20:13:22 - [MESSAGE][PASSED] - Object: 'Object Repository/Konfirmasi pesanan shop/button_Konfirmasi Pembayaran' is clicked on

2023-10-04 20:13:22 - [TEST_STEP][FAILED] - verifyTextPresent("Please upload an valid file.", false): Unable to verify text 'Please upload an valid file.' is present  (Root cause: com.kms.katalon.core.exception.StepFailedException: Unable to verify text 'Please upload an valid file.' is present 
	at com.kms.katalon.core.webui.keyword.internal.WebUIKeywordMain.stepFailed(WebUIKeywordMain.groovy:64)
	at com.kms.katalon.core.webui.keyword.internal.WebUIKeywordMain.runKeyword(WebUIKeywordMain.groovy:26)
	at com.kms.katalon.core.webui.keyword.builtin.VerifyTextPresentKeyword.verifyTextPresent(VerifyTextPresentKeyword.groovy:83)
	at com.kms.katalon.core.webui.keyword.builtin.VerifyTextPresentKeyword.execute(VerifyTextPresentKeyword.groovy:68)
	at com.kms.katalon.core.keyword.internal.KeywordExecutor.executeKeywordForPlatform(KeywordExecutor.groovy:74)
	at com.kms.katalon.core.webui.keyword.WebUiBuiltInKeywords.verifyTextPresent(WebUiBuiltInKeywords.groovy:1723)
	at com.kms.katalon.core.webui.keyword.WebUiBuiltInKeywords$verifyTextPresent$7.call(Unknown Source)
	at PBY-010.run(PBY-010:54)
	at com.kms.katalon.core.main.ScriptEngine.run(ScriptEngine.java:194)
	at com.kms.katalon.core.main.ScriptEngine.runScriptAsRawText(ScriptEngine.java:119)
	at com.kms.katalon.core.main.TestCaseExecutor.runScript(TestCaseExecutor.java:448)
	at com.kms.katalon.core.main.TestCaseExecutor.doExecute(TestCaseExecutor.java:439)
	at com.kms.katalon.core.main.TestCaseExecutor.processExecutionPhase(TestCaseExecutor.java:418)
	at com.kms.katalon.core.main.TestCaseExecutor.accessMainPhase(TestCaseExecutor.java:410)
	at com.kms.katalon.core.main.TestCaseExecutor.execute(TestCaseExecutor.java:285)
	at com.kms.katalon.core.common.CommonExecutor.accessTestCaseMainPhase(CommonExecutor.java:65)
	at com.kms.katalon.core.main.TestSuiteExecutor.accessTestSuiteMainPhase(TestSuiteExecutor.java:148)
	at com.kms.katalon.core.main.TestSuiteExecutor.execute(TestSuiteExecutor.java:106)
	at com.kms.katalon.core.main.TestCaseMain.startTestSuite(TestCaseMain.java:187)
	at com.kms.katalon.core.main.TestCaseMain$startTestSuite$0.call(Unknown Source)
	at TempTestSuite1696424348948.run(TempTestSuite1696424348948.groovy:36)
Caused by: com.kms.katalon.core.exception.StepFailedException: Text 'Please upload an valid file.' is not present on page 
	at com.kms.katalon.core.webui.keyword.internal.WebUIKeywordMain.stepFailed(WebUIKeywordMain.groovy:64)
	at com.kms.katalon.core.webui.keyword.builtin.VerifyTextPresentKeyword$_verifyTextPresent_closure1.doCall(VerifyTextPresentKeyword.groovy:79)
	at com.kms.katalon.core.webui.keyword.builtin.VerifyTextPresentKeyword$_verifyTextPresent_closure1.call(VerifyTextPresentKeyword.groovy)
	at com.kms.katalon.core.webui.keyword.internal.WebUIKeywordMain.runKeyword(WebUIKeywordMain.groovy:20)
	... 19 more
)

2023-10-04 20:13:23 - [MESSAGE][FAILED] - Text 'Please upload an valid file.' is not present on page  (Root cause: com.kms.katalon.core.exception.StepFailedException: Text 'Please upload an valid file.' is not present on page 
	at com.kms.katalon.core.webui.keyword.internal.WebUIKeywordMain.stepFailed(WebUIKeywordMain.groovy:64)
	at com.kms.katalon.core.webui.keyword.builtin.VerifyTextPresentKeyword$_verifyTextPresent_closure1.doCall(VerifyTextPresentKeyword.groovy:79)
	at com.kms.katalon.core.webui.keyword.builtin.VerifyTextPresentKeyword$_verifyTextPresent_closure1.call(VerifyTextPresentKeyword.groovy)
	at com.kms.katalon.core.webui.keyword.internal.WebUIKeywordMain.runKeyword(WebUIKeywordMain.groovy:20)
	at com.kms.katalon.core.webui.keyword.builtin.VerifyTextPresentKeyword.verifyTextPresent(VerifyTextPresentKeyword.groovy:83)
	at com.kms.katalon.core.webui.keyword.builtin.VerifyTextPresentKeyword.execute(VerifyTextPresentKeyword.groovy:68)
	at com.kms.katalon.core.keyword.internal.KeywordExecutor.executeKeywordForPlatform(KeywordExecutor.groovy:74)
	at com.kms.katalon.core.webui.keyword.WebUiBuiltInKeywords.verifyTextPresent(WebUiBuiltInKeywords.groovy:1723)
	at com.kms.katalon.core.webui.keyword.WebUiBuiltInKeywords$verifyTextPresent$7.call(Unknown Source)
	at PBY-010.run(PBY-010:54)
	at com.kms.katalon.core.main.ScriptEngine.run(ScriptEngine.java:194)
	at com.kms.katalon.core.main.ScriptEngine.runScriptAsRawText(ScriptEngine.java:119)
	at com.kms.katalon.core.main.TestCaseExecutor.runScript(TestCaseExecutor.java:448)
	at com.kms.katalon.core.main.TestCaseExecutor.doExecute(TestCaseExecutor.java:439)
	at com.kms.katalon.core.main.TestCaseExecutor.processExecutionPhase(TestCaseExecutor.java:418)
	at com.kms.katalon.core.main.TestCaseExecutor.accessMainPhase(TestCaseExecutor.java:410)
	at com.kms.katalon.core.main.TestCaseExecutor.execute(TestCaseExecutor.java:285)
	at com.kms.katalon.core.common.CommonExecutor.accessTestCaseMainPhase(CommonExecutor.java:65)
	at com.kms.katalon.core.main.TestSuiteExecutor.accessTestSuiteMainPhase(TestSuiteExecutor.java:148)
	at com.kms.katalon.core.main.TestSuiteExecutor.execute(TestSuiteExecutor.java:106)
	at com.kms.katalon.core.main.TestCaseMain.startTestSuite(TestCaseMain.java:187)
	at com.kms.katalon.core.main.TestCaseMain$startTestSuite$0.call(Unknown Source)
	at TempTestSuite1696424348948.run(TempTestSuite1696424348948.groovy:36)
)

2023-10-04 20:13:23 - [MESSAGE][FAILED] - Unable to verify text 'Please upload an valid file.' is present  (Root cause: com.kms.katalon.core.exception.StepFailedException: Unable to verify text 'Please upload an valid file.' is present 
	at com.kms.katalon.core.webui.keyword.internal.WebUIKeywordMain.stepFailed(WebUIKeywordMain.groovy:64)
	at com.kms.katalon.core.webui.keyword.internal.WebUIKeywordMain.runKeyword(WebUIKeywordMain.groovy:26)
	at com.kms.katalon.core.webui.keyword.builtin.VerifyTextPresentKeyword.verifyTextPresent(VerifyTextPresentKeyword.groovy:83)
	at com.kms.katalon.core.webui.keyword.builtin.VerifyTextPresentKeyword.execute(VerifyTextPresentKeyword.groovy:68)
	at com.kms.katalon.core.keyword.internal.KeywordExecutor.executeKeywordForPlatform(KeywordExecutor.groovy:74)
	at com.kms.katalon.core.webui.keyword.WebUiBuiltInKeywords.verifyTextPresent(WebUiBuiltInKeywords.groovy:1723)
	at com.kms.katalon.core.webui.keyword.WebUiBuiltInKeywords$verifyTextPresent$7.call(Unknown Source)
	at PBY-010.run(PBY-010:54)
	at com.kms.katalon.core.main.ScriptEngine.run(ScriptEngine.java:194)
	at com.kms.katalon.core.main.ScriptEngine.runScriptAsRawText(ScriptEngine.java:119)
	at com.kms.katalon.core.main.TestCaseExecutor.runScript(TestCaseExecutor.java:448)
	at com.kms.katalon.core.main.TestCaseExecutor.doExecute(TestCaseExecutor.java:439)
	at com.kms.katalon.core.main.TestCaseExecutor.processExecutionPhase(TestCaseExecutor.java:418)
	at com.kms.katalon.core.main.TestCaseExecutor.accessMainPhase(TestCaseExecutor.java:410)
	at com.kms.katalon.core.main.TestCaseExecutor.execute(TestCaseExecutor.java:285)
	at com.kms.katalon.core.common.CommonExecutor.accessTestCaseMainPhase(CommonExecutor.java:65)
	at com.kms.katalon.core.main.TestSuiteExecutor.accessTestSuiteMainPhase(TestSuiteExecutor.java:148)
	at com.kms.katalon.core.main.TestSuiteExecutor.execute(TestSuiteExecutor.java:106)
	at com.kms.katalon.core.main.TestCaseMain.startTestSuite(TestCaseMain.java:187)
	at com.kms.katalon.core.main.TestCaseMain$startTestSuite$0.call(Unknown Source)
	at TempTestSuite1696424348948.run(TempTestSuite1696424348948.groovy:36)
Caused by: com.kms.katalon.core.exception.StepFailedException: Text 'Please upload an valid file.' is not present on page 
	at com.kms.katalon.core.webui.keyword.internal.WebUIKeywordMain.stepFailed(WebUIKeywordMain.groovy:64)
	at com.kms.katalon.core.webui.keyword.builtin.VerifyTextPresentKeyword$_verifyTextPresent_closure1.doCall(VerifyTextPresentKeyword.groovy:79)
	at com.kms.katalon.core.webui.keyword.builtin.VerifyTextPresentKeyword$_verifyTextPresent_closure1.call(VerifyTextPresentKeyword.groovy)
	at com.kms.katalon.core.webui.keyword.internal.WebUIKeywordMain.runKeyword(WebUIKeywordMain.groovy:20)
	... 19 more
)
[[ATTACHMENT|D:\\BOOTCAMP XSIS\\Projek 2 MINI PROJEK\\Reports\\20231004_190004\\T13 Pembelian, Shipment dan Pembayaran\\T13 Pembelian, Shipment dan Pembayaran\\20231004_195908\\1696425203522.png]]]]></system-out>
         <system-err><![CDATA[2023-10-04 20:12:23 - [TEST_CASE][FAILED] - Test Cases/T13 Pembelian, Shipment dan Pembayaran/PBY-010: Test Cases/T13 Pembelian, Shipment dan Pembayaran/PBY-010 FAILED.
Reason:
com.kms.katalon.core.exception.StepFailedException: Unable to verify text 'Please upload an valid file.' is present 
	at com.kms.katalon.core.webui.keyword.internal.WebUIKeywordMain.stepFailed(WebUIKeywordMain.groovy:64)
	at com.kms.katalon.core.webui.keyword.internal.WebUIKeywordMain.runKeyword(WebUIKeywordMain.groovy:26)
	at com.kms.katalon.core.webui.keyword.builtin.VerifyTextPresentKeyword.verifyTextPresent(VerifyTextPresentKeyword.groovy:83)
	at com.kms.katalon.core.webui.keyword.builtin.VerifyTextPresentKeyword.execute(VerifyTextPresentKeyword.groovy:68)
	at com.kms.katalon.core.keyword.internal.KeywordExecutor.executeKeywordForPlatform(KeywordExecutor.groovy:74)
	at com.kms.katalon.core.webui.keyword.WebUiBuiltInKeywords.verifyTextPresent(WebUiBuiltInKeywords.groovy:1723)
	at com.kms.katalon.core.webui.keyword.WebUiBuiltInKeywords$verifyTextPresent$7.call(Unknown Source)
	at PBY-010.run(PBY-010:54)
	at com.kms.katalon.core.main.ScriptEngine.run(ScriptEngine.java:194)
	at com.kms.katalon.core.main.ScriptEngine.runScriptAsRawText(ScriptEngine.java:119)
	at com.kms.katalon.core.main.TestCaseExecutor.runScript(TestCaseExecutor.java:448)
	at com.kms.katalon.core.main.TestCaseExecutor.doExecute(TestCaseExecutor.java:439)
	at com.kms.katalon.core.main.TestCaseExecutor.processExecutionPhase(TestCaseExecutor.java:418)
	at com.kms.katalon.core.main.TestCaseExecutor.accessMainPhase(TestCaseExecutor.java:410)
	at com.kms.katalon.core.main.TestCaseExecutor.execute(TestCaseExecutor.java:285)
	at com.kms.katalon.core.common.CommonExecutor.accessTestCaseMainPhase(CommonExecutor.java:65)
	at com.kms.katalon.core.main.TestSuiteExecutor.accessTestSuiteMainPhase(TestSuiteExecutor.java:148)
	at com.kms.katalon.core.main.TestSuiteExecutor.execute(TestSuiteExecutor.java:106)
	at com.kms.katalon.core.main.TestCaseMain.startTestSuite(TestCaseMain.java:187)
	at com.kms.katalon.core.main.TestCaseMain$startTestSuite$0.call(Unknown Source)
	at TempTestSuite1696424348948.run(TempTestSuite1696424348948.groovy:36)
Caused by: com.kms.katalon.core.exception.StepFailedException: Text 'Please upload an valid file.' is not present on page 
	at com.kms.katalon.core.webui.keyword.internal.WebUIKeywordMain.stepFailed(WebUIKeywordMain.groovy:64)
	at com.kms.katalon.core.webui.keyword.builtin.VerifyTextPresentKeyword$_verifyTextPresent_closure1.doCall(VerifyTextPresentKeyword.groovy:79)
	at com.kms.katalon.core.webui.keyword.builtin.VerifyTextPresentKeyword$_verifyTextPresent_closure1.call(VerifyTextPresentKeyword.groovy)
	at com.kms.katalon.core.webui.keyword.internal.WebUIKeywordMain.runKeyword(WebUIKeywordMain.groovy:20)
	... 19 more]]></system-err>
      </testcase>
      <testcase name="Test Cases/T13 Pembelian, Shipment dan Pembayaran/PBY-011" time="60.493" classname="Test Cases/T13 Pembelian, Shipment dan Pembayaran/PBY-011" status="FAILED">
         <failure type="FAILED" message="Test Cases/T13 Pembelian, Shipment dan Pembayaran/PBY-011 FAILED.
Reason:
com.kms.katalon.core.exception.StepFailedException: Unable to verify text 'Please input an valid date.' is present 
	at com.kms.katalon.core.webui.keyword.internal.WebUIKeywordMain.stepFailed(WebUIKeywordMain.groovy:64)
	at com.kms.katalon.core.webui.keyword.internal.WebUIKeywordMain.runKeyword(WebUIKeywordMain.groovy:26)
	at com.kms.katalon.core.webui.keyword.builtin.VerifyTextPresentKeyword.verifyTextPresent(VerifyTextPresentKeyword.groovy:83)
	at com.kms.katalon.core.webui.keyword.builtin.VerifyTextPresentKeyword.execute(VerifyTextPresentKeyword.groovy:68)
	at com.kms.katalon.core.keyword.internal.KeywordExecutor.executeKeywordForPlatform(KeywordExecutor.groovy:74)
	at com.kms.katalon.core.webui.keyword.WebUiBuiltInKeywords.verifyTextPresent(WebUiBuiltInKeywords.groovy:1723)
	at com.kms.katalon.core.webui.keyword.WebUiBuiltInKeywords$verifyTextPresent$7.call(Unknown Source)
	at PBY-011.run(PBY-011:56)
	at com.kms.katalon.core.main.ScriptEngine.run(ScriptEngine.java:194)
	at com.kms.katalon.core.main.ScriptEngine.runScriptAsRawText(ScriptEngine.java:119)
	at com.kms.katalon.core.main.TestCaseExecutor.runScript(TestCaseExecutor.java:448)
	at com.kms.katalon.core.main.TestCaseExecutor.doExecute(TestCaseExecutor.java:439)
	at com.kms.katalon.core.main.TestCaseExecutor.processExecutionPhase(TestCaseExecutor.java:418)
	at com.kms.katalon.core.main.TestCaseExecutor.accessMainPhase(TestCaseExecutor.java:410)
	at com.kms.katalon.core.main.TestCaseExecutor.execute(TestCaseExecutor.java:285)
	at com.kms.katalon.core.common.CommonExecutor.accessTestCaseMainPhase(CommonExecutor.java:65)
	at com.kms.katalon.core.main.TestSuiteExecutor.accessTestSuiteMainPhase(TestSuiteExecutor.java:148)
	at com.kms.katalon.core.main.TestSuiteExecutor.execute(TestSuiteExecutor.java:106)
	at com.kms.katalon.core.main.TestCaseMain.startTestSuite(TestCaseMain.java:187)
	at com.kms.katalon.core.main.TestCaseMain$startTestSuite$0.call(Unknown Source)
	at TempTestSuite1696424348948.run(TempTestSuite1696424348948.groovy:36)
Caused by: com.kms.katalon.core.exception.StepFailedException: Text 'Please input an valid date.' is not present on page 
	at com.kms.katalon.core.webui.keyword.internal.WebUIKeywordMain.stepFailed(WebUIKeywordMain.groovy:64)
	at com.kms.katalon.core.webui.keyword.builtin.VerifyTextPresentKeyword$_verifyTextPresent_closure1.doCall(VerifyTextPresentKeyword.groovy:79)
	at com.kms.katalon.core.webui.keyword.builtin.VerifyTextPresentKeyword$_verifyTextPresent_closure1.call(VerifyTextPresentKeyword.groovy)
	at com.kms.katalon.core.webui.keyword.internal.WebUIKeywordMain.runKeyword(WebUIKeywordMain.groovy:20)
	... 19 more
"/>
         <system-out><![CDATA[2023-10-04 20:13:23 - [TEST_CASE][FAILED] - Test Cases/T13 Pembelian, Shipment dan Pembayaran/PBY-011: Test Cases/T13 Pembelian, Shipment dan Pembayaran/PBY-011 FAILED.
Reason:
com.kms.katalon.core.exception.StepFailedException: Unable to verify text 'Please input an valid date.' is present 
	at com.kms.katalon.core.webui.keyword.internal.WebUIKeywordMain.stepFailed(WebUIKeywordMain.groovy:64)
	at com.kms.katalon.core.webui.keyword.internal.WebUIKeywordMain.runKeyword(WebUIKeywordMain.groovy:26)
	at com.kms.katalon.core.webui.keyword.builtin.VerifyTextPresentKeyword.verifyTextPresent(VerifyTextPresentKeyword.groovy:83)
	at com.kms.katalon.core.webui.keyword.builtin.VerifyTextPresentKeyword.execute(VerifyTextPresentKeyword.groovy:68)
	at com.kms.katalon.core.keyword.internal.KeywordExecutor.executeKeywordForPlatform(KeywordExecutor.groovy:74)
	at com.kms.katalon.core.webui.keyword.WebUiBuiltInKeywords.verifyTextPresent(WebUiBuiltInKeywords.groovy:1723)
	at com.kms.katalon.core.webui.keyword.WebUiBuiltInKeywords$verifyTextPresent$7.call(Unknown Source)
	at PBY-011.run(PBY-011:56)
	at com.kms.katalon.core.main.ScriptEngine.run(ScriptEngine.java:194)
	at com.kms.katalon.core.main.ScriptEngine.runScriptAsRawText(ScriptEngine.java:119)
	at com.kms.katalon.core.main.TestCaseExecutor.runScript(TestCaseExecutor.java:448)
	at com.kms.katalon.core.main.TestCaseExecutor.doExecute(TestCaseExecutor.java:439)
	at com.kms.katalon.core.main.TestCaseExecutor.processExecutionPhase(TestCaseExecutor.java:418)
	at com.kms.katalon.core.main.TestCaseExecutor.accessMainPhase(TestCaseExecutor.java:410)
	at com.kms.katalon.core.main.TestCaseExecutor.execute(TestCaseExecutor.java:285)
	at com.kms.katalon.core.common.CommonExecutor.accessTestCaseMainPhase(CommonExecutor.java:65)
	at com.kms.katalon.core.main.TestSuiteExecutor.accessTestSuiteMainPhase(TestSuiteExecutor.java:148)
	at com.kms.katalon.core.main.TestSuiteExecutor.execute(TestSuiteExecutor.java:106)
	at com.kms.katalon.core.main.TestCaseMain.startTestSuite(TestCaseMain.java:187)
	at com.kms.katalon.core.main.TestCaseMain$startTestSuite$0.call(Unknown Source)
	at TempTestSuite1696424348948.run(TempTestSuite1696424348948.groovy:36)
Caused by: com.kms.katalon.core.exception.StepFailedException: Text 'Please input an valid date.' is not present on page 
	at com.kms.katalon.core.webui.keyword.internal.WebUIKeywordMain.stepFailed(WebUIKeywordMain.groovy:64)
	at com.kms.katalon.core.webui.keyword.builtin.VerifyTextPresentKeyword$_verifyTextPresent_closure1.doCall(VerifyTextPresentKeyword.groovy:79)
	at com.kms.katalon.core.webui.keyword.builtin.VerifyTextPresentKeyword$_verifyTextPresent_closure1.call(VerifyTextPresentKeyword.groovy)
	at com.kms.katalon.core.webui.keyword.internal.WebUIKeywordMain.runKeyword(WebUIKeywordMain.groovy:20)
	... 19 more


2023-10-04 20:13:23 - [TEST_STEP][PASSED] - data = callTestCase(findTestCase("T13 Pembelian, Shipment dan Pembayaran/PBY-001"), [:], STOP_ON_FAILURE): Call Test Case 'Test Cases/T13 Pembelian, Shipment dan Pembayaran/PBY-001' successfully

2023-10-04 20:13:23 - [TEST_CASE][PASSED] - Test Cases/T13 Pembelian, Shipment dan Pembayaran/PBY-001: Test Cases/T13 Pembelian, Shipment dan Pembayaran/PBY-001

2023-10-04 20:13:23 - [TEST_STEP][PASSED] - data = callTestCase(findTestCase("T13 Pembelian, Shipment dan Pembayaran/PBL-004"), ["Kurir":"Roda 2"], STOP_ON_FAILURE): Call Test Case 'Test Cases/T13 Pembelian, Shipment dan Pembayaran/PBL-004' successfully

2023-10-04 20:13:24 - [TEST_CASE][PASSED] - Test Cases/T13 Pembelian, Shipment dan Pembayaran/PBL-004: Test Cases/T13 Pembelian, Shipment dan Pembayaran/PBL-004

2023-10-04 20:13:24 - [TEST_STEP][PASSED] - data = callTestCase(findTestCase("T13 Pembelian, Shipment dan Pembayaran/PBL-002"), [:], STOP_ON_FAILURE): Call Test Case 'Test Cases/T13 Pembelian, Shipment dan Pembayaran/PBL-002' successfully

2023-10-04 20:13:24 - [TEST_CASE][PASSED] - Test Cases/T13 Pembelian, Shipment dan Pembayaran/PBL-002: Test Cases/T13 Pembelian, Shipment dan Pembayaran/PBL-002

2023-10-04 20:13:24 - [TEST_STEP][PASSED] - data = callTestCase(findTestCase("T13 Pembelian, Shipment dan Pembayaran/PBL-001"), [:], STOP_ON_FAILURE): Call Test Case 'Test Cases/T13 Pembelian, Shipment dan Pembayaran/PBL-001' successfully

2023-10-04 20:13:24 - [TEST_CASE][PASSED] - Test Cases/T13 Pembelian, Shipment dan Pembayaran/PBL-001: Test Cases/T13 Pembelian, Shipment dan Pembayaran/PBL-001

2023-10-04 20:13:24 - [TEST_STEP][PASSED] - callTestCase(findTestCase("T13 Pembelian, Shipment dan Pembayaran/LU-001"), ["username":"irfanafandi", "password":"12345irfan"], STOP_ON_FAILURE): Call Test Case 'Test Cases/T13 Pembelian, Shipment dan Pembayaran/LU-001' successfully

2023-10-04 20:13:24 - [TEST_CASE][PASSED] - Test Cases/T13 Pembelian, Shipment dan Pembayaran/LU-001: Test Cases/T13 Pembelian, Shipment dan Pembayaran/LU-001

2023-10-04 20:13:24 - [TEST_STEP][PASSED] - openBrowser("https://10.9.2.63/ecommerce/"): Browser is opened with url: 'https://10.9.2.63/ecommerce/'

2023-10-04 20:13:24 - [MESSAGE][WARNING] - A browser is already opened. Closing browser and opening a new one

2023-10-04 20:13:25 - [MESSAGE][INFO] - Starting 'Firefox' driver

2023-10-04 20:13:25 - [MESSAGE][INFO] - User set preference: ['args', '[--disable-notifications]']

2023-10-04 20:13:25 - [MESSAGE][INFO] - Action delay is set to 0 milliseconds

2023-10-04 20:13:29 - [MESSAGE][PASSED] - Browser is opened with url: 'https://10.9.2.63/ecommerce/'

2023-10-04 20:13:29 - [TEST_STEP][PASSED] - maximizeWindow(): Current window maximized

2023-10-04 20:13:29 - [MESSAGE][PASSED] - Current window maximized

2023-10-04 20:13:29 - [TEST_STEP][PASSED] - verifyElementPresent(findTestObject("Login/Home"), 0): Object 'Object Repository/Login/Home' is present

2023-10-04 20:13:29 - [MESSAGE][WARNING] - Timeout '0' is invalid. Using default page load timeout: '30'

2023-10-04 20:13:30 - [MESSAGE][PASSED] - Object 'Object Repository/Login/Home' is present

2023-10-04 20:13:30 - [TEST_STEP][PASSED] - click(findTestObject("Login/a_Login")): Object: 'Object Repository/Login/a_Login' is clicked on

2023-10-04 20:13:30 - [MESSAGE][PASSED] - Object: 'Object Repository/Login/a_Login' is clicked on

2023-10-04 20:13:30 - [TEST_STEP][PASSED] - verifyElementPresent(findTestObject("Login/Tittle Login"), 0): Object 'Object Repository/Login/Tittle Login' is present

2023-10-04 20:13:31 - [MESSAGE][WARNING] - Timeout '0' is invalid. Using default page load timeout: '30'

2023-10-04 20:13:31 - [MESSAGE][PASSED] - Object 'Object Repository/Login/Tittle Login' is present

2023-10-04 20:13:31 - [TEST_STEP][PASSED] - setText(findTestObject("Login/input_Username, Email atau No. Handphone_a"), username): Text 'irfanafandi' is set on object 'Object Repository/Login/input_Username, Email atau No. Handphone_a'

2023-10-04 20:13:32 - [MESSAGE][PASSED] - Text 'irfanafandi' is set on object 'Object Repository/Login/input_Username, Email atau No. Handphone_a'

2023-10-04 20:13:32 - [TEST_STEP][PASSED] - setText(findTestObject("Login/input_Password_b"), password): Text '12345irfan' is set on object 'Object Repository/Login/input_Password_b'

2023-10-04 20:13:32 - [MESSAGE][PASSED] - Text '12345irfan' is set on object 'Object Repository/Login/input_Password_b'

2023-10-04 20:13:32 - [TEST_STEP][PASSED] - click(findTestObject("Login/label_Ingat saya")): Object: 'Object Repository/Login/label_Ingat saya' is clicked on

2023-10-04 20:13:33 - [MESSAGE][PASSED] - Object: 'Object Repository/Login/label_Ingat saya' is clicked on

2023-10-04 20:13:33 - [TEST_STEP][PASSED] - click(findTestObject("Login/button_Masuk")): Object: 'Object Repository/Login/button_Masuk' is clicked on

2023-10-04 20:13:34 - [MESSAGE][PASSED] - Object: 'Object Repository/Login/button_Masuk' is clicked on

2023-10-04 20:13:34 - [TEST_STEP][PASSED] - verifyElementPresent(findTestObject("Login/li_Profile"), 0): Object 'Object Repository/Login/li_Profile' is present

2023-10-04 20:13:34 - [MESSAGE][WARNING] - Timeout '0' is invalid. Using default page load timeout: '30'

2023-10-04 20:13:35 - [MESSAGE][PASSED] - Object 'Object Repository/Login/li_Profile' is present

2023-10-04 20:13:35 - [MESSAGE][PASSED] - Call Test Case 'Test Cases/T13 Pembelian, Shipment dan Pembayaran/LU-001' successfully

2023-10-04 20:13:35 - [TEST_STEP][PASSED] - mouseOver(findTestObject("beli barang/i_Mulai Belanja_icon-menu")): Object: 'Object Repository/beli barang/i_Mulai Belanja_icon-menu' is hovered

2023-10-04 20:13:35 - [MESSAGE][PASSED] - Object: 'Object Repository/beli barang/i_Mulai Belanja_icon-menu' is hovered

2023-10-04 20:13:35 - [TEST_STEP][PASSED] - click(findTestObject("beli barang/a_Fashion  Busana Wanita")): Object: 'Object Repository/beli barang/a_Fashion  Busana Wanita' is clicked on

2023-10-04 20:13:36 - [MESSAGE][PASSED] - Object: 'Object Repository/beli barang/a_Fashion  Busana Wanita' is clicked on

2023-10-04 20:13:36 - [TEST_STEP][PASSED] - NamaSebelum = getText(findTestObject("verifikasi/Nama sebelum")): Text of object 'Object Repository/verifikasi/Nama sebelum' is: ''

2023-10-04 20:13:37 - [MESSAGE][PASSED] - Text of object 'Object Repository/verifikasi/Nama sebelum' is: ''

2023-10-04 20:13:37 - [TEST_STEP][PASSED] - HargaSebelum = getText(findTestObject("verifikasi/Harga sebelum")): Text of object 'Object Repository/verifikasi/Harga sebelum' is: 'Rp 1,299'

2023-10-04 20:13:38 - [MESSAGE][PASSED] - Text of object 'Object Repository/verifikasi/Harga sebelum' is: 'Rp 1,299'

2023-10-04 20:13:38 - [TEST_STEP][PASSED] - mouseOver(findTestObject("beli barang/barang mouse over")): Object: 'Object Repository/beli barang/barang mouse over' is hovered

2023-10-04 20:13:39 - [MESSAGE][PASSED] - Object: 'Object Repository/beli barang/barang mouse over' is hovered

2023-10-04 20:13:39 - [TEST_STEP][PASSED] - click(findTestObject("beli barang/buttom add to cart")): Object: 'Object Repository/beli barang/buttom add to cart' is clicked on

2023-10-04 20:13:40 - [MESSAGE][PASSED] - Object: 'Object Repository/beli barang/buttom add to cart' is clicked on

2023-10-04 20:13:40 - [TEST_STEP][PASSED] - NamaSesudah = getText(findTestObject("verifikasi/Nama sesudah")): Text of object 'Object Repository/verifikasi/Nama sesudah' is: 'Segitiga Instan Madeira - MDB5.3 Sunset'

2023-10-04 20:13:40 - [MESSAGE][PASSED] - Text of object 'Object Repository/verifikasi/Nama sesudah' is: 'Segitiga Instan Madeira - MDB5.3 Sunset'

2023-10-04 20:13:40 - [TEST_STEP][PASSED] - HargaSesudah = getText(findTestObject("verifikasi/Harga sesudah")): Text of object 'Object Repository/verifikasi/Harga sesudah' is: 'Rp 1,299'

2023-10-04 20:13:41 - [MESSAGE][PASSED] - Text of object 'Object Repository/verifikasi/Harga sesudah' is: 'Rp 1,299'

2023-10-04 20:13:41 - [TEST_STEP][PASSED] - assert NamaSesudah.contains(NamaSebelum): null

2023-10-04 20:13:41 - [TEST_STEP][PASSED] - assert HargaSesudah.contains(HargaSebelum): null

2023-10-04 20:13:41 - [TEST_STEP][PASSED] - click(findTestObject("beli barang/Tambah Keranjang busana wanita")): Object: 'Object Repository/beli barang/Tambah Keranjang busana wanita' is clicked on

2023-10-04 20:13:41 - [MESSAGE][PASSED] - Object: 'Object Repository/beli barang/Tambah Keranjang busana wanita' is clicked on

2023-10-04 20:13:41 - [TEST_STEP][PASSED] - verifyElementPresent(findTestObject("checkout/Notifikasi keranjang"), 1): Object 'Object Repository/checkout/Notifikasi keranjang' is present

2023-10-04 20:13:42 - [MESSAGE][PASSED] - Object 'Object Repository/checkout/Notifikasi keranjang' is present

2023-10-04 20:13:42 - [TEST_STEP][PASSED] - data = new java.util.HashMap(): null

2023-10-04 20:13:42 - [TEST_STEP][PASSED] - data.put("nama_barang", NamaSesudah): null

2023-10-04 20:13:42 - [TEST_STEP][PASSED] - data.put("price_barang", HargaSesudah): null

2023-10-04 20:13:42 - [TEST_STEP][PASSED] - return data: null

2023-10-04 20:13:42 - [MESSAGE][PASSED] - Call Test Case 'Test Cases/T13 Pembelian, Shipment dan Pembayaran/PBL-001' successfully

2023-10-04 20:13:42 - [TEST_STEP][PASSED] - mouseOver(findTestObject("beli barang/keranjang")): Object: 'Object Repository/beli barang/keranjang' is hovered

2023-10-04 20:13:42 - [MESSAGE][PASSED] - Object: 'Object Repository/beli barang/keranjang' is hovered

2023-10-04 20:13:42 - [TEST_STEP][PASSED] - click(findTestObject("beli barang/Lihat Sekarang")): Object: 'Object Repository/beli barang/Lihat Sekarang' is clicked on

2023-10-04 20:13:43 - [MESSAGE][PASSED] - Object: 'Object Repository/beli barang/Lihat Sekarang' is clicked on

2023-10-04 20:13:43 - [TEST_STEP][PASSED] - verifyElementPresent(findTestObject("keranjang/li_Keranjang Belanja"), 0): Object 'Object Repository/keranjang/li_Keranjang Belanja' is present

2023-10-04 20:13:43 - [MESSAGE][WARNING] - Timeout '0' is invalid. Using default page load timeout: '30'

2023-10-04 20:13:44 - [MESSAGE][PASSED] - Object 'Object Repository/keranjang/li_Keranjang Belanja' is present

2023-10-04 20:13:44 - [TEST_STEP][PASSED] - NamaKeranjang = getText(findTestObject("verifikasi/Nama keranjang")): Text of object 'Object Repository/verifikasi/Nama keranjang' is: 'Segitiga Instan Madeira - MDB5.3 Sunset'

2023-10-04 20:13:45 - [MESSAGE][PASSED] - Text of object 'Object Repository/verifikasi/Nama keranjang' is: 'Segitiga Instan Madeira - MDB5.3 Sunset'

2023-10-04 20:13:45 - [TEST_STEP][PASSED] - HargaKeranjang = getText(findTestObject("verifikasi/Harga Keranjang")): Text of object 'Object Repository/verifikasi/Harga Keranjang' is: 'Rp 1,299'

2023-10-04 20:13:45 - [MESSAGE][PASSED] - Text of object 'Object Repository/verifikasi/Harga Keranjang' is: 'Rp 1,299'

2023-10-04 20:13:45 - [TEST_STEP][PASSED] - if (toString().equalsIgnoreCase("Merah")): Object 'Object Repository/keranjang/input_Warna_variasi101' is checked

2023-10-04 20:13:45 - [TEST_STEP][PASSED] - check(findTestObject("Object Repository/keranjang/input_Warna_variasi101")): Object 'Object Repository/keranjang/input_Warna_variasi101' is checked

2023-10-04 20:13:46 - [MESSAGE][PASSED] - Object 'Object Repository/keranjang/input_Warna_variasi101' is checked

2023-10-04 20:13:46 - [TEST_STEP][PASSED] - if (toString().equalsIgnoreCase("Menengah")): Object 'Object Repository/keranjang/input_Ukuran_variasi201' is checked

2023-10-04 20:13:46 - [TEST_STEP][PASSED] - check(findTestObject("Object Repository/keranjang/input_Ukuran_variasi201")): Object 'Object Repository/keranjang/input_Ukuran_variasi201' is checked

2023-10-04 20:13:46 - [MESSAGE][PASSED] - Object 'Object Repository/keranjang/input_Ukuran_variasi201' is checked

2023-10-04 20:13:46 - [TEST_STEP][PASSED] - data.put("Warna", warna): null

2023-10-04 20:13:46 - [TEST_STEP][PASSED] - data.put("Ukuran", ukuran): null

2023-10-04 20:13:46 - [TEST_STEP][PASSED] - click(findTestObject("keranjang/button_Lanjut ke Pembayaran")): Object: 'Object Repository/keranjang/button_Lanjut ke Pembayaran' is clicked on

2023-10-04 20:13:47 - [MESSAGE][PASSED] - Object: 'Object Repository/keranjang/button_Lanjut ke Pembayaran' is clicked on

2023-10-04 20:13:47 - [TEST_STEP][PASSED] - verifyElementPresent(findTestObject("checkout/Tittle Checkout Order"), 0): Object 'Object Repository/checkout/Tittle Checkout Order' is present

2023-10-04 20:13:47 - [MESSAGE][WARNING] - Timeout '0' is invalid. Using default page load timeout: '30'

2023-10-04 20:13:48 - [MESSAGE][PASSED] - Object 'Object Repository/checkout/Tittle Checkout Order' is present

2023-10-04 20:13:48 - [TEST_STEP][PASSED] - name_product = data.get("nama_barang"): null

2023-10-04 20:13:48 - [TEST_STEP][PASSED] - price_product = data.get("price_barang"): null

2023-10-04 20:13:48 - [TEST_STEP][PASSED] - assert name_product == NamaKeranjang: null

2023-10-04 20:13:48 - [TEST_STEP][PASSED] - assert price_product == HargaKeranjang: null

2023-10-04 20:13:48 - [TEST_STEP][PASSED] - return data: null

2023-10-04 20:13:48 - [MESSAGE][PASSED] - Call Test Case 'Test Cases/T13 Pembelian, Shipment dan Pembayaran/PBL-002' successfully

2023-10-04 20:13:48 - [TEST_STEP][PASSED] - warnaa = getText(findTestObject("verifikasi/warna Merah")): Text of object 'Object Repository/verifikasi/warna Merah' is: 'Merah'

2023-10-04 20:13:49 - [MESSAGE][PASSED] - Text of object 'Object Repository/verifikasi/warna Merah' is: 'Merah'

2023-10-04 20:13:49 - [TEST_STEP][PASSED] - ukurann = getText(findTestObject("verifikasi/Ukuran Menengah")): Text of object 'Object Repository/verifikasi/Ukuran Menengah' is: 'Menengah'

2023-10-04 20:13:49 - [MESSAGE][PASSED] - Text of object 'Object Repository/verifikasi/Ukuran Menengah' is: 'Menengah'

2023-10-04 20:13:49 - [TEST_STEP][PASSED] - warna1 = data.get("Warna"): null

2023-10-04 20:13:49 - [TEST_STEP][PASSED] - ukuran1 = data.get("Ukuran"): null

2023-10-04 20:13:49 - [TEST_STEP][PASSED] - assert warnaa == warna1: null

2023-10-04 20:13:49 - [TEST_STEP][PASSED] - assert ukurann == ukuran1: null

2023-10-04 20:13:49 - [TEST_STEP][PASSED] - NamaCheckout = getText(findTestObject("verifikasi/NamaCheckout")): Text of object 'Object Repository/verifikasi/NamaCheckout' is: ''

2023-10-04 20:13:49 - [MESSAGE][PASSED] - Text of object 'Object Repository/verifikasi/NamaCheckout' is: ''

2023-10-04 20:13:49 - [TEST_STEP][PASSED] - HargaCheckout = getText(findTestObject("verifikasi/HargaCheckout")): Text of object 'Object Repository/verifikasi/HargaCheckout' is: '1,299'

2023-10-04 20:13:50 - [MESSAGE][PASSED] - Text of object 'Object Repository/verifikasi/HargaCheckout' is: '1,299'

2023-10-04 20:13:50 - [TEST_STEP][PASSED] - name_product = data.get("nama_barang"): null

2023-10-04 20:13:50 - [TEST_STEP][PASSED] - price_product = data.get("price_barang"): null

2023-10-04 20:13:50 - [TEST_STEP][PASSED] - assert name_product.contains(NamaCheckout): null

2023-10-04 20:13:50 - [TEST_STEP][PASSED] - assert price_product.contains(HargaCheckout): null

2023-10-04 20:13:50 - [TEST_STEP][PASSED] - selectOptionByLabel(findTestObject("checkout/select - Kirim via Kurir Lokal"), Kurir, false): All options with label 'Roda 2' are selected in object 'Object Repository/checkout/select - Kirim via Kurir Lokal' 

2023-10-04 20:13:50 - [MESSAGE][PASSED] - All options with label 'Roda 2' are selected in object 'Object Repository/checkout/select - Kirim via Kurir Lokal' 

2023-10-04 20:13:50 - [TEST_STEP][PASSED] - click(findTestObject("checkout/Kendaraan Kurir")): Object: 'Object Repository/checkout/Kendaraan Kurir' is clicked on

2023-10-04 20:13:51 - [MESSAGE][PASSED] - Object: 'Object Repository/checkout/Kendaraan Kurir' is clicked on

2023-10-04 20:13:51 - [TEST_STEP][PASSED] - OngkosKirim = getText(findTestObject("Object Repository/verifikasi/Ongkos Kirim checkout")): Text of object 'Object Repository/verifikasi/Ongkos Kirim checkout' is: 'Rp. 5,000'

2023-10-04 20:13:51 - [MESSAGE][PASSED] - Text of object 'Object Repository/verifikasi/Ongkos Kirim checkout' is: 'Rp. 5,000'

2023-10-04 20:13:51 - [TEST_STEP][PASSED] - Ongkos = OngkosKirim.substring(3, OngkosKirim.size()): null

2023-10-04 20:13:51 - [TEST_STEP][PASSED] - rep = Ongkos.replace(",", "."): null

2023-10-04 20:13:51 - [TEST_STEP][PASSED] - Ongkos_kirim = Double.parseDouble(rep): null

2023-10-04 20:13:51 - [TEST_STEP][PASSED] - println(Ongkos_kirim): null

2023-10-04 20:13:51 - [TEST_STEP][PASSED] - FeeAdmin = getText(findTestObject("verifikasi/Fee Admin checkout")): Text of object 'Object Repository/verifikasi/Fee Admin checkout' is: 'Fee Admin
Rp 1,500'

2023-10-04 20:13:52 - [MESSAGE][PASSED] - Text of object 'Object Repository/verifikasi/Fee Admin checkout' is: 'Fee Admin
Rp 1,500'

2023-10-04 20:13:52 - [TEST_STEP][PASSED] - Fee_Admin = FeeAdmin.substring(12, FeeAdmin.size()): null

2023-10-04 20:13:52 - [TEST_STEP][PASSED] - fee = Fee_Admin.replace(",", "."): null

2023-10-04 20:13:52 - [TEST_STEP][PASSED] - fee_admin = Double.parseDouble(fee): null

2023-10-04 20:13:52 - [TEST_STEP][PASSED] - println(fee_admin): null

2023-10-04 20:13:52 - [TEST_STEP][PASSED] - Subtotal = getText(findTestObject("verifikasi/subtotal checkout")): Text of object 'Object Repository/verifikasi/subtotal checkout' is: 'Subtotal
Rp 1,299'

2023-10-04 20:13:52 - [MESSAGE][PASSED] - Text of object 'Object Repository/verifikasi/subtotal checkout' is: 'Subtotal
Rp 1,299'

2023-10-04 20:13:52 - [TEST_STEP][PASSED] - sub_total = Subtotal.substring(12, Subtotal.size()): null

2023-10-04 20:13:52 - [TEST_STEP][PASSED] - sub = sub_total.replace(",", "."): null

2023-10-04 20:13:52 - [TEST_STEP][PASSED] - sub_total = Double.parseDouble(sub): null

2023-10-04 20:13:52 - [TEST_STEP][PASSED] - println(sub_total): null

2023-10-04 20:13:52 - [TEST_STEP][PASSED] - Total = getText(findTestObject("verifikasi/Total checkout")): Text of object 'Object Repository/verifikasi/Total checkout' is: 'Rp 7,799'

2023-10-04 20:13:53 - [MESSAGE][PASSED] - Text of object 'Object Repository/verifikasi/Total checkout' is: 'Rp 7,799'

2023-10-04 20:13:53 - [TEST_STEP][PASSED] - totall = Total.substring(3, Total.size()): null

2023-10-04 20:13:53 - [TEST_STEP][PASSED] - total = totall.replace(",", "."): null

2023-10-04 20:13:53 - [TEST_STEP][PASSED] - totall = Double.parseDouble(total): null

2023-10-04 20:13:53 - [TEST_STEP][PASSED] - println(totall): null

2023-10-04 20:13:53 - [TEST_STEP][PASSED] - Total_Harga = Ongkos_kirim + fee_admin + sub_total: null

2023-10-04 20:13:53 - [TEST_STEP][PASSED] - println(Total_Harga): null

2023-10-04 20:13:53 - [TEST_STEP][PASSED] - TotalHarga = Math.round(Total_Harga * 1000) / 1000: null

2023-10-04 20:13:53 - [TEST_STEP][PASSED] - println(TotalHarga): null

2023-10-04 20:13:53 - [TEST_STEP][PASSED] - assert totall == TotalHarga: null

2023-10-04 20:13:53 - [TEST_STEP][PASSED] - click(findTestObject("verifikasi/Metode Transfer")): Object: 'Object Repository/verifikasi/Metode Transfer' is clicked on

2023-10-04 20:13:53 - [MESSAGE][PASSED] - Object: 'Object Repository/verifikasi/Metode Transfer' is clicked on

2023-10-04 20:13:53 - [TEST_STEP][PASSED] - click(findTestObject("checkout/button_Proses Pembayaran")): Object: 'Object Repository/checkout/button_Proses Pembayaran' is clicked on

2023-10-04 20:13:59 - [MESSAGE][PASSED] - Object: 'Object Repository/checkout/button_Proses Pembayaran' is clicked on

2023-10-04 20:13:59 - [TEST_STEP][PASSED] - verifyElementPresent(findTestObject("pembayaran/Tittle nomor invoice"), 0): Object 'Object Repository/pembayaran/Tittle nomor invoice' is present

2023-10-04 20:13:59 - [MESSAGE][WARNING] - Timeout '0' is invalid. Using default page load timeout: '30'

2023-10-04 20:14:04 - [MESSAGE][PASSED] - Object 'Object Repository/pembayaran/Tittle nomor invoice' is present

2023-10-04 20:14:04 - [TEST_STEP][PASSED] - return data: null

2023-10-04 20:14:04 - [MESSAGE][PASSED] - Call Test Case 'Test Cases/T13 Pembelian, Shipment dan Pembayaran/PBL-004' successfully

2023-10-04 20:14:04 - [TEST_STEP][PASSED] - Invoice = getText(findTestObject("pembayaran/nomor invoice")): Text of object 'Object Repository/pembayaran/nomor invoice' is: 'TRX60.20231004201355'

2023-10-04 20:14:05 - [MESSAGE][PASSED] - Text of object 'Object Repository/pembayaran/nomor invoice' is: 'TRX60.20231004201355'

2023-10-04 20:14:05 - [TEST_STEP][PASSED] - data.put("invoice", Invoice): null

2023-10-04 20:14:05 - [TEST_STEP][PASSED] - NamaPemesan = getText(findTestObject("Konfirmasi pesanan shop/Nama pemesan")): Text of object 'Object Repository/Konfirmasi pesanan shop/Nama pemesan' is: 'irfan.afandi'

2023-10-04 20:14:06 - [MESSAGE][PASSED] - Text of object 'Object Repository/Konfirmasi pesanan shop/Nama pemesan' is: 'irfan.afandi'

2023-10-04 20:14:06 - [TEST_STEP][PASSED] - Nama = getText(findTestObject("pembayaran/Nama barang")): Text of object 'Object Repository/pembayaran/Nama barang' is: 'Segitiga Instan Madeira - MDB5.3 Sunset'

2023-10-04 20:14:06 - [MESSAGE][PASSED] - Text of object 'Object Repository/pembayaran/Nama barang' is: 'Segitiga Instan Madeira - MDB5.3 Sunset'

2023-10-04 20:14:06 - [TEST_STEP][PASSED] - Harga = getText(findTestObject("pembayaran/Harga barang")): Text of object 'Object Repository/pembayaran/Harga barang' is: '1,299'

2023-10-04 20:14:06 - [MESSAGE][PASSED] - Text of object 'Object Repository/pembayaran/Harga barang' is: '1,299'

2023-10-04 20:14:06 - [TEST_STEP][PASSED] - name_product = data.get("nama_barang"): null

2023-10-04 20:14:06 - [TEST_STEP][PASSED] - price_product = data.get("price_barang"): null

2023-10-04 20:14:06 - [TEST_STEP][PASSED] - assert name_product.contains(Nama): null

2023-10-04 20:14:06 - [TEST_STEP][PASSED] - assert price_product.contains(Harga): null

2023-10-04 20:14:06 - [TEST_STEP][PASSED] - warnaa = getText(findTestObject("pembayaran/warna")): Text of object 'Object Repository/pembayaran/warna' is: 'Merah'

2023-10-04 20:14:07 - [MESSAGE][PASSED] - Text of object 'Object Repository/pembayaran/warna' is: 'Merah'

2023-10-04 20:14:07 - [TEST_STEP][PASSED] - ukurann = getText(findTestObject("pembayaran/ukuran")): Text of object 'Object Repository/pembayaran/ukuran' is: 'Menengah'

2023-10-04 20:14:08 - [MESSAGE][PASSED] - Text of object 'Object Repository/pembayaran/ukuran' is: 'Menengah'

2023-10-04 20:14:08 - [TEST_STEP][PASSED] - warna1 = data.get("Warna"): null

2023-10-04 20:14:08 - [TEST_STEP][PASSED] - ukuran1 = data.get("Ukuran"): null

2023-10-04 20:14:08 - [TEST_STEP][PASSED] - assert warnaa == warna1: null

2023-10-04 20:14:08 - [TEST_STEP][PASSED] - assert ukurann == ukuran1: null

2023-10-04 20:14:08 - [TEST_STEP][PASSED] - statusPembelian = getText(findTestObject("verifikasi/Status pending di pembelian")): Text of object 'Object Repository/verifikasi/Status pending di pembelian' is: 'Pending'

2023-10-04 20:14:08 - [MESSAGE][PASSED] - Text of object 'Object Repository/verifikasi/Status pending di pembelian' is: 'Pending'

2023-10-04 20:14:08 - [TEST_STEP][PASSED] - data.put("statusPem", statusPembelian): null

2023-10-04 20:14:08 - [TEST_STEP][PASSED] - OngkosKirim = getText(findTestObject("pembayaran/ongkos kirim")): Text of object 'Object Repository/pembayaran/ongkos kirim' is: 'Rp 5,000'

2023-10-04 20:14:09 - [MESSAGE][PASSED] - Text of object 'Object Repository/pembayaran/ongkos kirim' is: 'Rp 5,000'

2023-10-04 20:14:09 - [TEST_STEP][PASSED] - Ongkos = OngkosKirim.substring(3, OngkosKirim.size()): null

2023-10-04 20:14:09 - [TEST_STEP][PASSED] - rep = Ongkos.replace(",", ""): null

2023-10-04 20:14:09 - [TEST_STEP][PASSED] - Ongkos_kirimm = Integer.parseInt(rep): null

2023-10-04 20:14:09 - [TEST_STEP][PASSED] - println(Ongkos_kirimm): null

2023-10-04 20:14:09 - [TEST_STEP][PASSED] - FeeAdmin = getText(findTestObject("pembayaran/fee admin")): Text of object 'Object Repository/pembayaran/fee admin' is: 'Rp 1,500'

2023-10-04 20:14:09 - [MESSAGE][PASSED] - Text of object 'Object Repository/pembayaran/fee admin' is: 'Rp 1,500'

2023-10-04 20:14:09 - [TEST_STEP][PASSED] - Fee_Admin = FeeAdmin.substring(3, FeeAdmin.size()): null

2023-10-04 20:14:09 - [TEST_STEP][PASSED] - fee = Fee_Admin.replace(",", ""): null

2023-10-04 20:14:09 - [TEST_STEP][PASSED] - fee_adminn = Integer.parseInt(fee): null

2023-10-04 20:14:09 - [TEST_STEP][PASSED] - println(fee_adminn): null

2023-10-04 20:14:09 - [TEST_STEP][PASSED] - Subtotal = getText(findTestObject("pembayaran/subtotal")): Text of object 'Object Repository/pembayaran/subtotal' is: 'Rp 1,299'

2023-10-04 20:14:09 - [MESSAGE][PASSED] - Text of object 'Object Repository/pembayaran/subtotal' is: 'Rp 1,299'

2023-10-04 20:14:09 - [TEST_STEP][PASSED] - sub_total = Subtotal.substring(3, Subtotal.size()): null

2023-10-04 20:14:09 - [TEST_STEP][PASSED] - sub = sub_total.replace(",", ""): null

2023-10-04 20:14:09 - [TEST_STEP][PASSED] - sub_totall = Integer.parseInt(sub): null

2023-10-04 20:14:09 - [TEST_STEP][PASSED] - println(sub_totall): null

2023-10-04 20:14:09 - [TEST_STEP][PASSED] - unik = getText(findTestObject("pembayaran/kode unik")): Text of object 'Object Repository/pembayaran/kode unik' is: '+355'

2023-10-04 20:14:10 - [MESSAGE][PASSED] - Text of object 'Object Repository/pembayaran/kode unik' is: '+355'

2023-10-04 20:14:10 - [TEST_STEP][PASSED] - unikk = unik.replace("+", ""): null

2023-10-04 20:14:10 - [TEST_STEP][PASSED] - kode_unik = Integer.parseInt(unikk): null

2023-10-04 20:14:10 - [TEST_STEP][PASSED] - println(kode_unik): null

2023-10-04 20:14:10 - [TEST_STEP][PASSED] - Total = getText(findTestObject("pembayaran/total")): Text of object 'Object Repository/pembayaran/total' is: '8,154'

2023-10-04 20:14:11 - [MESSAGE][PASSED] - Text of object 'Object Repository/pembayaran/total' is: '8,154'

2023-10-04 20:14:11 - [TEST_STEP][PASSED] - total = Total.replace(",", ""): null

2023-10-04 20:14:11 - [TEST_STEP][PASSED] - totalll = Integer.parseInt(total): null

2023-10-04 20:14:11 - [TEST_STEP][PASSED] - println(totalll): null

2023-10-04 20:14:11 - [TEST_STEP][PASSED] - Total_Hargaa = Ongkos_kirimm + fee_adminn + sub_totall + kode_unik: null

2023-10-04 20:14:11 - [TEST_STEP][PASSED] - println(Total_Hargaa): null

2023-10-04 20:14:11 - [TEST_STEP][PASSED] - assert totalll == Total_Hargaa: null

2023-10-04 20:14:11 - [TEST_STEP][PASSED] - data.put("total", Total): null

2023-10-04 20:14:11 - [TEST_STEP][PASSED] - data.put("nama", NamaPemesan): null

2023-10-04 20:14:11 - [TEST_STEP][PASSED] - return data: null

2023-10-04 20:14:11 - [MESSAGE][PASSED] - Call Test Case 'Test Cases/T13 Pembelian, Shipment dan Pembayaran/PBY-001' successfully

2023-10-04 20:14:11 - [TEST_STEP][PASSED] - inv = data.get("invoice"): null

2023-10-04 20:14:11 - [TEST_STEP][PASSED] - Total = data.get("total"): null

2023-10-04 20:14:11 - [TEST_STEP][PASSED] - NamaPemesan = data.get("nama"): null

2023-10-04 20:14:11 - [TEST_STEP][PASSED] - click(findTestObject("Konfirmasi pesanan shop/Menu Shop")): Object: 'Object Repository/Konfirmasi pesanan shop/Menu Shop' is clicked on

2023-10-04 20:14:12 - [MESSAGE][PASSED] - Object: 'Object Repository/Konfirmasi pesanan shop/Menu Shop' is clicked on

2023-10-04 20:14:12 - [TEST_STEP][PASSED] - click(findTestObject("Konfirmasi pesanan shop/Menu Shop")): Object: 'Object Repository/Konfirmasi pesanan shop/Menu Shop' is clicked on

2023-10-04 20:14:13 - [MESSAGE][PASSED] - Object: 'Object Repository/Konfirmasi pesanan shop/Menu Shop' is clicked on

2023-10-04 20:14:13 - [TEST_STEP][PASSED] - click(findTestObject("Konfirmasi pesanan shop/Konfirmasi Orders")): Object: 'Object Repository/Konfirmasi pesanan shop/Konfirmasi Orders' is clicked on

2023-10-04 20:14:14 - [MESSAGE][PASSED] - Object: 'Object Repository/Konfirmasi pesanan shop/Konfirmasi Orders' is clicked on

2023-10-04 20:14:14 - [TEST_STEP][PASSED] - verifyElementPresent(findTestObject("Konfirmasi pesanan shop/Tittle Konfirmasi Pesanan"), 0): Object 'Object Repository/Konfirmasi pesanan shop/Tittle Konfirmasi Pesanan' is present

2023-10-04 20:14:14 - [MESSAGE][WARNING] - Timeout '0' is invalid. Using default page load timeout: '30'

2023-10-04 20:14:15 - [MESSAGE][PASSED] - Object 'Object Repository/Konfirmasi pesanan shop/Tittle Konfirmasi Pesanan' is present

2023-10-04 20:14:15 - [TEST_STEP][PASSED] - setText(findTestObject("Konfirmasi pesanan shop/input_No Pesanan"), inv): Text 'TRX60.20231004201355' is set on object 'Object Repository/Konfirmasi pesanan shop/input_No Pesanan'

2023-10-04 20:14:16 - [MESSAGE][PASSED] - Text 'TRX60.20231004201355' is set on object 'Object Repository/Konfirmasi pesanan shop/input_No Pesanan'

2023-10-04 20:14:16 - [TEST_STEP][PASSED] - setText(findTestObject("Konfirmasi pesanan shop/input_Alamat E-mai"), "irfan@gmail.com"): Text 'irfan@gmail.com' is set on object 'Object Repository/Konfirmasi pesanan shop/input_Alamat E-mai'

2023-10-04 20:14:16 - [MESSAGE][PASSED] - Text 'irfan@gmail.com' is set on object 'Object Repository/Konfirmasi pesanan shop/input_Alamat E-mai'

2023-10-04 20:14:16 - [TEST_STEP][PASSED] - click(findTestObject("Konfirmasi pesanan shop/button_Submit")): Object: 'Object Repository/Konfirmasi pesanan shop/button_Submit' is clicked on

2023-10-04 20:14:17 - [MESSAGE][PASSED] - Object: 'Object Repository/Konfirmasi pesanan shop/button_Submit' is clicked on

2023-10-04 20:14:17 - [TEST_STEP][PASSED] - verifyElementPresent(findTestObject("Konfirmasi pesanan shop/Tittle nomor invoice"), 0): Object 'Object Repository/Konfirmasi pesanan shop/Tittle nomor invoice' is present

2023-10-04 20:14:17 - [MESSAGE][WARNING] - Timeout '0' is invalid. Using default page load timeout: '30'

2023-10-04 20:14:18 - [MESSAGE][PASSED] - Object 'Object Repository/Konfirmasi pesanan shop/Tittle nomor invoice' is present

2023-10-04 20:14:18 - [TEST_STEP][PASSED] - setText(findTestObject("Konfirmasi pesanan shop/input_Total TagihanTransfer_b"), Total): Text '8,154' is set on object 'Object Repository/Konfirmasi pesanan shop/input_Total TagihanTransfer_b'

2023-10-04 20:14:19 - [MESSAGE][PASSED] - Text '8,154' is set on object 'Object Repository/Konfirmasi pesanan shop/input_Total TagihanTransfer_b'

2023-10-04 20:14:19 - [TEST_STEP][PASSED] - selectOptionByValue(findTestObject("Konfirmasi pesanan shop/select_Bank"), "4", false): All options with value '4' are selected in object 'Object Repository/Konfirmasi pesanan shop/select_Bank' 

2023-10-04 20:14:20 - [MESSAGE][PASSED] - All options with value '4' are selected in object 'Object Repository/Konfirmasi pesanan shop/select_Bank' 

2023-10-04 20:14:20 - [TEST_STEP][PASSED] - setText(findTestObject("Konfirmasi pesanan shop/input_Nama Pengirim_d"), NamaPemesan): Text 'irfan.afandi' is set on object 'Object Repository/Konfirmasi pesanan shop/input_Nama Pengirim_d'

2023-10-04 20:14:20 - [MESSAGE][PASSED] - Text 'irfan.afandi' is set on object 'Object Repository/Konfirmasi pesanan shop/input_Nama Pengirim_d'

2023-10-04 20:14:20 - [TEST_STEP][PASSED] - setText(findTestObject("Konfirmasi pesanan shop/input_Tanggal Transfer_e"), "2023-12-12"): Text '2023-12-12' is set on object 'Object Repository/Konfirmasi pesanan shop/input_Tanggal Transfer_e'

2023-10-04 20:14:21 - [MESSAGE][PASSED] - Text '2023-12-12' is set on object 'Object Repository/Konfirmasi pesanan shop/input_Tanggal Transfer_e'

2023-10-04 20:14:21 - [TEST_STEP][PASSED] - uploadFile(findTestObject("Konfirmasi pesanan shop/input_Upload Bukti Transfer_f"), "C:\Users\IRFAN\Downloads\Berkas2.pdf"): File 'C:\Users\IRFAN\Downloads\Berkas2.pdf' sent to object: 'Object Repository/Konfirmasi pesanan shop/input_Upload Bukti Transfer_f'

2023-10-04 20:14:21 - [MESSAGE][PASSED] - File 'C:\Users\IRFAN\Downloads\Berkas2.pdf' sent to object: 'Object Repository/Konfirmasi pesanan shop/input_Upload Bukti Transfer_f'

2023-10-04 20:14:21 - [TEST_STEP][PASSED] - click(findTestObject("Konfirmasi pesanan shop/button_Konfirmasi Pembayaran")): Object: 'Object Repository/Konfirmasi pesanan shop/button_Konfirmasi Pembayaran' is clicked on

2023-10-04 20:14:22 - [MESSAGE][PASSED] - Object: 'Object Repository/Konfirmasi pesanan shop/button_Konfirmasi Pembayaran' is clicked on

2023-10-04 20:14:22 - [TEST_STEP][FAILED] - verifyTextPresent("Please input an valid date.", false): Unable to verify text 'Please input an valid date.' is present  (Root cause: com.kms.katalon.core.exception.StepFailedException: Unable to verify text 'Please input an valid date.' is present 
	at com.kms.katalon.core.webui.keyword.internal.WebUIKeywordMain.stepFailed(WebUIKeywordMain.groovy:64)
	at com.kms.katalon.core.webui.keyword.internal.WebUIKeywordMain.runKeyword(WebUIKeywordMain.groovy:26)
	at com.kms.katalon.core.webui.keyword.builtin.VerifyTextPresentKeyword.verifyTextPresent(VerifyTextPresentKeyword.groovy:83)
	at com.kms.katalon.core.webui.keyword.builtin.VerifyTextPresentKeyword.execute(VerifyTextPresentKeyword.groovy:68)
	at com.kms.katalon.core.keyword.internal.KeywordExecutor.executeKeywordForPlatform(KeywordExecutor.groovy:74)
	at com.kms.katalon.core.webui.keyword.WebUiBuiltInKeywords.verifyTextPresent(WebUiBuiltInKeywords.groovy:1723)
	at com.kms.katalon.core.webui.keyword.WebUiBuiltInKeywords$verifyTextPresent$7.call(Unknown Source)
	at PBY-011.run(PBY-011:56)
	at com.kms.katalon.core.main.ScriptEngine.run(ScriptEngine.java:194)
	at com.kms.katalon.core.main.ScriptEngine.runScriptAsRawText(ScriptEngine.java:119)
	at com.kms.katalon.core.main.TestCaseExecutor.runScript(TestCaseExecutor.java:448)
	at com.kms.katalon.core.main.TestCaseExecutor.doExecute(TestCaseExecutor.java:439)
	at com.kms.katalon.core.main.TestCaseExecutor.processExecutionPhase(TestCaseExecutor.java:418)
	at com.kms.katalon.core.main.TestCaseExecutor.accessMainPhase(TestCaseExecutor.java:410)
	at com.kms.katalon.core.main.TestCaseExecutor.execute(TestCaseExecutor.java:285)
	at com.kms.katalon.core.common.CommonExecutor.accessTestCaseMainPhase(CommonExecutor.java:65)
	at com.kms.katalon.core.main.TestSuiteExecutor.accessTestSuiteMainPhase(TestSuiteExecutor.java:148)
	at com.kms.katalon.core.main.TestSuiteExecutor.execute(TestSuiteExecutor.java:106)
	at com.kms.katalon.core.main.TestCaseMain.startTestSuite(TestCaseMain.java:187)
	at com.kms.katalon.core.main.TestCaseMain$startTestSuite$0.call(Unknown Source)
	at TempTestSuite1696424348948.run(TempTestSuite1696424348948.groovy:36)
Caused by: com.kms.katalon.core.exception.StepFailedException: Text 'Please input an valid date.' is not present on page 
	at com.kms.katalon.core.webui.keyword.internal.WebUIKeywordMain.stepFailed(WebUIKeywordMain.groovy:64)
	at com.kms.katalon.core.webui.keyword.builtin.VerifyTextPresentKeyword$_verifyTextPresent_closure1.doCall(VerifyTextPresentKeyword.groovy:79)
	at com.kms.katalon.core.webui.keyword.builtin.VerifyTextPresentKeyword$_verifyTextPresent_closure1.call(VerifyTextPresentKeyword.groovy)
	at com.kms.katalon.core.webui.keyword.internal.WebUIKeywordMain.runKeyword(WebUIKeywordMain.groovy:20)
	... 19 more
)

2023-10-04 20:14:23 - [MESSAGE][FAILED] - Text 'Please input an valid date.' is not present on page  (Root cause: com.kms.katalon.core.exception.StepFailedException: Text 'Please input an valid date.' is not present on page 
	at com.kms.katalon.core.webui.keyword.internal.WebUIKeywordMain.stepFailed(WebUIKeywordMain.groovy:64)
	at com.kms.katalon.core.webui.keyword.builtin.VerifyTextPresentKeyword$_verifyTextPresent_closure1.doCall(VerifyTextPresentKeyword.groovy:79)
	at com.kms.katalon.core.webui.keyword.builtin.VerifyTextPresentKeyword$_verifyTextPresent_closure1.call(VerifyTextPresentKeyword.groovy)
	at com.kms.katalon.core.webui.keyword.internal.WebUIKeywordMain.runKeyword(WebUIKeywordMain.groovy:20)
	at com.kms.katalon.core.webui.keyword.builtin.VerifyTextPresentKeyword.verifyTextPresent(VerifyTextPresentKeyword.groovy:83)
	at com.kms.katalon.core.webui.keyword.builtin.VerifyTextPresentKeyword.execute(VerifyTextPresentKeyword.groovy:68)
	at com.kms.katalon.core.keyword.internal.KeywordExecutor.executeKeywordForPlatform(KeywordExecutor.groovy:74)
	at com.kms.katalon.core.webui.keyword.WebUiBuiltInKeywords.verifyTextPresent(WebUiBuiltInKeywords.groovy:1723)
	at com.kms.katalon.core.webui.keyword.WebUiBuiltInKeywords$verifyTextPresent$7.call(Unknown Source)
	at PBY-011.run(PBY-011:56)
	at com.kms.katalon.core.main.ScriptEngine.run(ScriptEngine.java:194)
	at com.kms.katalon.core.main.ScriptEngine.runScriptAsRawText(ScriptEngine.java:119)
	at com.kms.katalon.core.main.TestCaseExecutor.runScript(TestCaseExecutor.java:448)
	at com.kms.katalon.core.main.TestCaseExecutor.doExecute(TestCaseExecutor.java:439)
	at com.kms.katalon.core.main.TestCaseExecutor.processExecutionPhase(TestCaseExecutor.java:418)
	at com.kms.katalon.core.main.TestCaseExecutor.accessMainPhase(TestCaseExecutor.java:410)
	at com.kms.katalon.core.main.TestCaseExecutor.execute(TestCaseExecutor.java:285)
	at com.kms.katalon.core.common.CommonExecutor.accessTestCaseMainPhase(CommonExecutor.java:65)
	at com.kms.katalon.core.main.TestSuiteExecutor.accessTestSuiteMainPhase(TestSuiteExecutor.java:148)
	at com.kms.katalon.core.main.TestSuiteExecutor.execute(TestSuiteExecutor.java:106)
	at com.kms.katalon.core.main.TestCaseMain.startTestSuite(TestCaseMain.java:187)
	at com.kms.katalon.core.main.TestCaseMain$startTestSuite$0.call(Unknown Source)
	at TempTestSuite1696424348948.run(TempTestSuite1696424348948.groovy:36)
)

2023-10-04 20:14:24 - [MESSAGE][FAILED] - Unable to verify text 'Please input an valid date.' is present  (Root cause: com.kms.katalon.core.exception.StepFailedException: Unable to verify text 'Please input an valid date.' is present 
	at com.kms.katalon.core.webui.keyword.internal.WebUIKeywordMain.stepFailed(WebUIKeywordMain.groovy:64)
	at com.kms.katalon.core.webui.keyword.internal.WebUIKeywordMain.runKeyword(WebUIKeywordMain.groovy:26)
	at com.kms.katalon.core.webui.keyword.builtin.VerifyTextPresentKeyword.verifyTextPresent(VerifyTextPresentKeyword.groovy:83)
	at com.kms.katalon.core.webui.keyword.builtin.VerifyTextPresentKeyword.execute(VerifyTextPresentKeyword.groovy:68)
	at com.kms.katalon.core.keyword.internal.KeywordExecutor.executeKeywordForPlatform(KeywordExecutor.groovy:74)
	at com.kms.katalon.core.webui.keyword.WebUiBuiltInKeywords.verifyTextPresent(WebUiBuiltInKeywords.groovy:1723)
	at com.kms.katalon.core.webui.keyword.WebUiBuiltInKeywords$verifyTextPresent$7.call(Unknown Source)
	at PBY-011.run(PBY-011:56)
	at com.kms.katalon.core.main.ScriptEngine.run(ScriptEngine.java:194)
	at com.kms.katalon.core.main.ScriptEngine.runScriptAsRawText(ScriptEngine.java:119)
	at com.kms.katalon.core.main.TestCaseExecutor.runScript(TestCaseExecutor.java:448)
	at com.kms.katalon.core.main.TestCaseExecutor.doExecute(TestCaseExecutor.java:439)
	at com.kms.katalon.core.main.TestCaseExecutor.processExecutionPhase(TestCaseExecutor.java:418)
	at com.kms.katalon.core.main.TestCaseExecutor.accessMainPhase(TestCaseExecutor.java:410)
	at com.kms.katalon.core.main.TestCaseExecutor.execute(TestCaseExecutor.java:285)
	at com.kms.katalon.core.common.CommonExecutor.accessTestCaseMainPhase(CommonExecutor.java:65)
	at com.kms.katalon.core.main.TestSuiteExecutor.accessTestSuiteMainPhase(TestSuiteExecutor.java:148)
	at com.kms.katalon.core.main.TestSuiteExecutor.execute(TestSuiteExecutor.java:106)
	at com.kms.katalon.core.main.TestCaseMain.startTestSuite(TestCaseMain.java:187)
	at com.kms.katalon.core.main.TestCaseMain$startTestSuite$0.call(Unknown Source)
	at TempTestSuite1696424348948.run(TempTestSuite1696424348948.groovy:36)
Caused by: com.kms.katalon.core.exception.StepFailedException: Text 'Please input an valid date.' is not present on page 
	at com.kms.katalon.core.webui.keyword.internal.WebUIKeywordMain.stepFailed(WebUIKeywordMain.groovy:64)
	at com.kms.katalon.core.webui.keyword.builtin.VerifyTextPresentKeyword$_verifyTextPresent_closure1.doCall(VerifyTextPresentKeyword.groovy:79)
	at com.kms.katalon.core.webui.keyword.builtin.VerifyTextPresentKeyword$_verifyTextPresent_closure1.call(VerifyTextPresentKeyword.groovy)
	at com.kms.katalon.core.webui.keyword.internal.WebUIKeywordMain.runKeyword(WebUIKeywordMain.groovy:20)
	... 19 more
)
[[ATTACHMENT|D:\\BOOTCAMP XSIS\\Projek 2 MINI PROJEK\\Reports\\20231004_190004\\T13 Pembelian, Shipment dan Pembayaran\\T13 Pembelian, Shipment dan Pembayaran\\20231004_195908\\1696425263918.png]]]]></system-out>
         <system-err><![CDATA[2023-10-04 20:13:23 - [TEST_CASE][FAILED] - Test Cases/T13 Pembelian, Shipment dan Pembayaran/PBY-011: Test Cases/T13 Pembelian, Shipment dan Pembayaran/PBY-011 FAILED.
Reason:
com.kms.katalon.core.exception.StepFailedException: Unable to verify text 'Please input an valid date.' is present 
	at com.kms.katalon.core.webui.keyword.internal.WebUIKeywordMain.stepFailed(WebUIKeywordMain.groovy:64)
	at com.kms.katalon.core.webui.keyword.internal.WebUIKeywordMain.runKeyword(WebUIKeywordMain.groovy:26)
	at com.kms.katalon.core.webui.keyword.builtin.VerifyTextPresentKeyword.verifyTextPresent(VerifyTextPresentKeyword.groovy:83)
	at com.kms.katalon.core.webui.keyword.builtin.VerifyTextPresentKeyword.execute(VerifyTextPresentKeyword.groovy:68)
	at com.kms.katalon.core.keyword.internal.KeywordExecutor.executeKeywordForPlatform(KeywordExecutor.groovy:74)
	at com.kms.katalon.core.webui.keyword.WebUiBuiltInKeywords.verifyTextPresent(WebUiBuiltInKeywords.groovy:1723)
	at com.kms.katalon.core.webui.keyword.WebUiBuiltInKeywords$verifyTextPresent$7.call(Unknown Source)
	at PBY-011.run(PBY-011:56)
	at com.kms.katalon.core.main.ScriptEngine.run(ScriptEngine.java:194)
	at com.kms.katalon.core.main.ScriptEngine.runScriptAsRawText(ScriptEngine.java:119)
	at com.kms.katalon.core.main.TestCaseExecutor.runScript(TestCaseExecutor.java:448)
	at com.kms.katalon.core.main.TestCaseExecutor.doExecute(TestCaseExecutor.java:439)
	at com.kms.katalon.core.main.TestCaseExecutor.processExecutionPhase(TestCaseExecutor.java:418)
	at com.kms.katalon.core.main.TestCaseExecutor.accessMainPhase(TestCaseExecutor.java:410)
	at com.kms.katalon.core.main.TestCaseExecutor.execute(TestCaseExecutor.java:285)
	at com.kms.katalon.core.common.CommonExecutor.accessTestCaseMainPhase(CommonExecutor.java:65)
	at com.kms.katalon.core.main.TestSuiteExecutor.accessTestSuiteMainPhase(TestSuiteExecutor.java:148)
	at com.kms.katalon.core.main.TestSuiteExecutor.execute(TestSuiteExecutor.java:106)
	at com.kms.katalon.core.main.TestCaseMain.startTestSuite(TestCaseMain.java:187)
	at com.kms.katalon.core.main.TestCaseMain$startTestSuite$0.call(Unknown Source)
	at TempTestSuite1696424348948.run(TempTestSuite1696424348948.groovy:36)
Caused by: com.kms.katalon.core.exception.StepFailedException: Text 'Please input an valid date.' is not present on page 
	at com.kms.katalon.core.webui.keyword.internal.WebUIKeywordMain.stepFailed(WebUIKeywordMain.groovy:64)
	at com.kms.katalon.core.webui.keyword.builtin.VerifyTextPresentKeyword$_verifyTextPresent_closure1.doCall(VerifyTextPresentKeyword.groovy:79)
	at com.kms.katalon.core.webui.keyword.builtin.VerifyTextPresentKeyword$_verifyTextPresent_closure1.call(VerifyTextPresentKeyword.groovy)
	at com.kms.katalon.core.webui.keyword.internal.WebUIKeywordMain.runKeyword(WebUIKeywordMain.groovy:20)
	... 19 more]]></system-err>
      </testcase>
      <testcase name="Test Cases/T13 Pembelian, Shipment dan Pembayaran/PBY-012" time="53.344" classname="Test Cases/T13 Pembelian, Shipment dan Pembayaran/PBY-012" status="PASSED">
         <system-out><![CDATA[2023-10-04 20:14:24 - [TEST_CASE][PASSED] - Test Cases/T13 Pembelian, Shipment dan Pembayaran/PBY-012: Test Cases/T13 Pembelian, Shipment dan Pembayaran/PBY-012

2023-10-04 20:14:24 - [TEST_STEP][PASSED] - data = callTestCase(findTestCase("T13 Pembelian, Shipment dan Pembayaran/PBY-001"), [:], STOP_ON_FAILURE): Call Test Case 'Test Cases/T13 Pembelian, Shipment dan Pembayaran/PBY-001' successfully

2023-10-04 20:14:24 - [TEST_CASE][PASSED] - Test Cases/T13 Pembelian, Shipment dan Pembayaran/PBY-001: Test Cases/T13 Pembelian, Shipment dan Pembayaran/PBY-001

2023-10-04 20:14:24 - [TEST_STEP][PASSED] - data = callTestCase(findTestCase("T13 Pembelian, Shipment dan Pembayaran/PBL-004"), ["Kurir":"Roda 2"], STOP_ON_FAILURE): Call Test Case 'Test Cases/T13 Pembelian, Shipment dan Pembayaran/PBL-004' successfully

2023-10-04 20:14:24 - [TEST_CASE][PASSED] - Test Cases/T13 Pembelian, Shipment dan Pembayaran/PBL-004: Test Cases/T13 Pembelian, Shipment dan Pembayaran/PBL-004

2023-10-04 20:14:24 - [TEST_STEP][PASSED] - data = callTestCase(findTestCase("T13 Pembelian, Shipment dan Pembayaran/PBL-002"), [:], STOP_ON_FAILURE): Call Test Case 'Test Cases/T13 Pembelian, Shipment dan Pembayaran/PBL-002' successfully

2023-10-04 20:14:24 - [TEST_CASE][PASSED] - Test Cases/T13 Pembelian, Shipment dan Pembayaran/PBL-002: Test Cases/T13 Pembelian, Shipment dan Pembayaran/PBL-002

2023-10-04 20:14:24 - [TEST_STEP][PASSED] - data = callTestCase(findTestCase("T13 Pembelian, Shipment dan Pembayaran/PBL-001"), [:], STOP_ON_FAILURE): Call Test Case 'Test Cases/T13 Pembelian, Shipment dan Pembayaran/PBL-001' successfully

2023-10-04 20:14:24 - [TEST_CASE][PASSED] - Test Cases/T13 Pembelian, Shipment dan Pembayaran/PBL-001: Test Cases/T13 Pembelian, Shipment dan Pembayaran/PBL-001

2023-10-04 20:14:24 - [TEST_STEP][PASSED] - callTestCase(findTestCase("T13 Pembelian, Shipment dan Pembayaran/LU-001"), ["username":"irfanafandi", "password":"12345irfan"], STOP_ON_FAILURE): Call Test Case 'Test Cases/T13 Pembelian, Shipment dan Pembayaran/LU-001' successfully

2023-10-04 20:14:24 - [TEST_CASE][PASSED] - Test Cases/T13 Pembelian, Shipment dan Pembayaran/LU-001: Test Cases/T13 Pembelian, Shipment dan Pembayaran/LU-001

2023-10-04 20:14:24 - [TEST_STEP][PASSED] - openBrowser("https://10.9.2.63/ecommerce/"): Browser is opened with url: 'https://10.9.2.63/ecommerce/'

2023-10-04 20:14:24 - [MESSAGE][WARNING] - A browser is already opened. Closing browser and opening a new one

2023-10-04 20:14:26 - [MESSAGE][INFO] - Starting 'Firefox' driver

2023-10-04 20:14:26 - [MESSAGE][INFO] - User set preference: ['args', '[--disable-notifications]']

2023-10-04 20:14:26 - [MESSAGE][INFO] - Action delay is set to 0 milliseconds

2023-10-04 20:14:31 - [MESSAGE][PASSED] - Browser is opened with url: 'https://10.9.2.63/ecommerce/'

2023-10-04 20:14:31 - [TEST_STEP][PASSED] - maximizeWindow(): Current window maximized

2023-10-04 20:14:31 - [MESSAGE][PASSED] - Current window maximized

2023-10-04 20:14:31 - [TEST_STEP][PASSED] - verifyElementPresent(findTestObject("Login/Home"), 0): Object 'Object Repository/Login/Home' is present

2023-10-04 20:14:31 - [MESSAGE][WARNING] - Timeout '0' is invalid. Using default page load timeout: '30'

2023-10-04 20:14:32 - [MESSAGE][PASSED] - Object 'Object Repository/Login/Home' is present

2023-10-04 20:14:32 - [TEST_STEP][PASSED] - click(findTestObject("Login/a_Login")): Object: 'Object Repository/Login/a_Login' is clicked on

2023-10-04 20:14:32 - [MESSAGE][PASSED] - Object: 'Object Repository/Login/a_Login' is clicked on

2023-10-04 20:14:32 - [TEST_STEP][PASSED] - verifyElementPresent(findTestObject("Login/Tittle Login"), 0): Object 'Object Repository/Login/Tittle Login' is present

2023-10-04 20:14:32 - [MESSAGE][WARNING] - Timeout '0' is invalid. Using default page load timeout: '30'

2023-10-04 20:14:33 - [MESSAGE][PASSED] - Object 'Object Repository/Login/Tittle Login' is present

2023-10-04 20:14:33 - [TEST_STEP][PASSED] - setText(findTestObject("Login/input_Username, Email atau No. Handphone_a"), username): Text 'irfanafandi' is set on object 'Object Repository/Login/input_Username, Email atau No. Handphone_a'

2023-10-04 20:14:33 - [MESSAGE][PASSED] - Text 'irfanafandi' is set on object 'Object Repository/Login/input_Username, Email atau No. Handphone_a'

2023-10-04 20:14:33 - [TEST_STEP][PASSED] - setText(findTestObject("Login/input_Password_b"), password): Text '12345irfan' is set on object 'Object Repository/Login/input_Password_b'

2023-10-04 20:14:34 - [MESSAGE][PASSED] - Text '12345irfan' is set on object 'Object Repository/Login/input_Password_b'

2023-10-04 20:14:34 - [TEST_STEP][PASSED] - click(findTestObject("Login/label_Ingat saya")): Object: 'Object Repository/Login/label_Ingat saya' is clicked on

2023-10-04 20:14:35 - [MESSAGE][PASSED] - Object: 'Object Repository/Login/label_Ingat saya' is clicked on

2023-10-04 20:14:35 - [TEST_STEP][PASSED] - click(findTestObject("Login/button_Masuk")): Object: 'Object Repository/Login/button_Masuk' is clicked on

2023-10-04 20:14:36 - [MESSAGE][PASSED] - Object: 'Object Repository/Login/button_Masuk' is clicked on

2023-10-04 20:14:36 - [TEST_STEP][PASSED] - verifyElementPresent(findTestObject("Login/li_Profile"), 0): Object 'Object Repository/Login/li_Profile' is present

2023-10-04 20:14:36 - [MESSAGE][WARNING] - Timeout '0' is invalid. Using default page load timeout: '30'

2023-10-04 20:14:36 - [MESSAGE][PASSED] - Object 'Object Repository/Login/li_Profile' is present

2023-10-04 20:14:36 - [MESSAGE][PASSED] - Call Test Case 'Test Cases/T13 Pembelian, Shipment dan Pembayaran/LU-001' successfully

2023-10-04 20:14:36 - [TEST_STEP][PASSED] - mouseOver(findTestObject("beli barang/i_Mulai Belanja_icon-menu")): Object: 'Object Repository/beli barang/i_Mulai Belanja_icon-menu' is hovered

2023-10-04 20:14:37 - [MESSAGE][PASSED] - Object: 'Object Repository/beli barang/i_Mulai Belanja_icon-menu' is hovered

2023-10-04 20:14:37 - [TEST_STEP][PASSED] - click(findTestObject("beli barang/a_Fashion  Busana Wanita")): Object: 'Object Repository/beli barang/a_Fashion  Busana Wanita' is clicked on

2023-10-04 20:14:38 - [MESSAGE][PASSED] - Object: 'Object Repository/beli barang/a_Fashion  Busana Wanita' is clicked on

2023-10-04 20:14:38 - [TEST_STEP][PASSED] - NamaSebelum = getText(findTestObject("verifikasi/Nama sebelum")): Text of object 'Object Repository/verifikasi/Nama sebelum' is: ''

2023-10-04 20:14:38 - [MESSAGE][PASSED] - Text of object 'Object Repository/verifikasi/Nama sebelum' is: ''

2023-10-04 20:14:38 - [TEST_STEP][PASSED] - HargaSebelum = getText(findTestObject("verifikasi/Harga sebelum")): Text of object 'Object Repository/verifikasi/Harga sebelum' is: 'Rp 1,299'

2023-10-04 20:14:39 - [MESSAGE][PASSED] - Text of object 'Object Repository/verifikasi/Harga sebelum' is: 'Rp 1,299'

2023-10-04 20:14:39 - [TEST_STEP][PASSED] - mouseOver(findTestObject("beli barang/barang mouse over")): Object: 'Object Repository/beli barang/barang mouse over' is hovered

2023-10-04 20:14:39 - [MESSAGE][PASSED] - Object: 'Object Repository/beli barang/barang mouse over' is hovered

2023-10-04 20:14:39 - [TEST_STEP][PASSED] - click(findTestObject("beli barang/buttom add to cart")): Object: 'Object Repository/beli barang/buttom add to cart' is clicked on

2023-10-04 20:14:41 - [MESSAGE][PASSED] - Object: 'Object Repository/beli barang/buttom add to cart' is clicked on

2023-10-04 20:14:41 - [TEST_STEP][PASSED] - NamaSesudah = getText(findTestObject("verifikasi/Nama sesudah")): Text of object 'Object Repository/verifikasi/Nama sesudah' is: 'Segitiga Instan Madeira - MDB5.3 Sunset'

2023-10-04 20:14:41 - [MESSAGE][PASSED] - Text of object 'Object Repository/verifikasi/Nama sesudah' is: 'Segitiga Instan Madeira - MDB5.3 Sunset'

2023-10-04 20:14:41 - [TEST_STEP][PASSED] - HargaSesudah = getText(findTestObject("verifikasi/Harga sesudah")): Text of object 'Object Repository/verifikasi/Harga sesudah' is: 'Rp 1,299'

2023-10-04 20:14:42 - [MESSAGE][PASSED] - Text of object 'Object Repository/verifikasi/Harga sesudah' is: 'Rp 1,299'

2023-10-04 20:14:42 - [TEST_STEP][PASSED] - assert NamaSesudah.contains(NamaSebelum): null

2023-10-04 20:14:42 - [TEST_STEP][PASSED] - assert HargaSesudah.contains(HargaSebelum): null

2023-10-04 20:14:42 - [TEST_STEP][PASSED] - click(findTestObject("beli barang/Tambah Keranjang busana wanita")): Object: 'Object Repository/beli barang/Tambah Keranjang busana wanita' is clicked on

2023-10-04 20:14:42 - [MESSAGE][PASSED] - Object: 'Object Repository/beli barang/Tambah Keranjang busana wanita' is clicked on

2023-10-04 20:14:42 - [TEST_STEP][PASSED] - verifyElementPresent(findTestObject("checkout/Notifikasi keranjang"), 1): Object 'Object Repository/checkout/Notifikasi keranjang' is present

2023-10-04 20:14:43 - [MESSAGE][PASSED] - Object 'Object Repository/checkout/Notifikasi keranjang' is present

2023-10-04 20:14:43 - [TEST_STEP][PASSED] - data = new java.util.HashMap(): null

2023-10-04 20:14:43 - [TEST_STEP][PASSED] - data.put("nama_barang", NamaSesudah): null

2023-10-04 20:14:43 - [TEST_STEP][PASSED] - data.put("price_barang", HargaSesudah): null

2023-10-04 20:14:43 - [TEST_STEP][PASSED] - return data: null

2023-10-04 20:14:43 - [MESSAGE][PASSED] - Call Test Case 'Test Cases/T13 Pembelian, Shipment dan Pembayaran/PBL-001' successfully

2023-10-04 20:14:43 - [TEST_STEP][PASSED] - mouseOver(findTestObject("beli barang/keranjang")): Object: 'Object Repository/beli barang/keranjang' is hovered

2023-10-04 20:14:43 - [MESSAGE][PASSED] - Object: 'Object Repository/beli barang/keranjang' is hovered

2023-10-04 20:14:43 - [TEST_STEP][PASSED] - click(findTestObject("beli barang/Lihat Sekarang")): Object: 'Object Repository/beli barang/Lihat Sekarang' is clicked on

2023-10-04 20:14:44 - [MESSAGE][PASSED] - Object: 'Object Repository/beli barang/Lihat Sekarang' is clicked on

2023-10-04 20:14:44 - [TEST_STEP][PASSED] - verifyElementPresent(findTestObject("keranjang/li_Keranjang Belanja"), 0): Object 'Object Repository/keranjang/li_Keranjang Belanja' is present

2023-10-04 20:14:44 - [MESSAGE][WARNING] - Timeout '0' is invalid. Using default page load timeout: '30'

2023-10-04 20:14:45 - [MESSAGE][PASSED] - Object 'Object Repository/keranjang/li_Keranjang Belanja' is present

2023-10-04 20:14:45 - [TEST_STEP][PASSED] - NamaKeranjang = getText(findTestObject("verifikasi/Nama keranjang")): Text of object 'Object Repository/verifikasi/Nama keranjang' is: 'Segitiga Instan Madeira - MDB5.3 Sunset'

2023-10-04 20:14:46 - [MESSAGE][PASSED] - Text of object 'Object Repository/verifikasi/Nama keranjang' is: 'Segitiga Instan Madeira - MDB5.3 Sunset'

2023-10-04 20:14:46 - [TEST_STEP][PASSED] - HargaKeranjang = getText(findTestObject("verifikasi/Harga Keranjang")): Text of object 'Object Repository/verifikasi/Harga Keranjang' is: 'Rp 1,299'

2023-10-04 20:14:46 - [MESSAGE][PASSED] - Text of object 'Object Repository/verifikasi/Harga Keranjang' is: 'Rp 1,299'

2023-10-04 20:14:46 - [TEST_STEP][PASSED] - if (toString().equalsIgnoreCase("Merah")): Object 'Object Repository/keranjang/input_Warna_variasi101' is checked

2023-10-04 20:14:46 - [TEST_STEP][PASSED] - check(findTestObject("Object Repository/keranjang/input_Warna_variasi101")): Object 'Object Repository/keranjang/input_Warna_variasi101' is checked

2023-10-04 20:14:46 - [MESSAGE][PASSED] - Object 'Object Repository/keranjang/input_Warna_variasi101' is checked

2023-10-04 20:14:46 - [TEST_STEP][PASSED] - if (toString().equalsIgnoreCase("Menengah")): Object 'Object Repository/keranjang/input_Ukuran_variasi201' is checked

2023-10-04 20:14:46 - [TEST_STEP][PASSED] - check(findTestObject("Object Repository/keranjang/input_Ukuran_variasi201")): Object 'Object Repository/keranjang/input_Ukuran_variasi201' is checked

2023-10-04 20:14:47 - [MESSAGE][PASSED] - Object 'Object Repository/keranjang/input_Ukuran_variasi201' is checked

2023-10-04 20:14:47 - [TEST_STEP][PASSED] - data.put("Warna", warna): null

2023-10-04 20:14:47 - [TEST_STEP][PASSED] - data.put("Ukuran", ukuran): null

2023-10-04 20:14:47 - [TEST_STEP][PASSED] - click(findTestObject("keranjang/button_Lanjut ke Pembayaran")): Object: 'Object Repository/keranjang/button_Lanjut ke Pembayaran' is clicked on

2023-10-04 20:14:49 - [MESSAGE][PASSED] - Object: 'Object Repository/keranjang/button_Lanjut ke Pembayaran' is clicked on

2023-10-04 20:14:49 - [TEST_STEP][PASSED] - verifyElementPresent(findTestObject("checkout/Tittle Checkout Order"), 0): Object 'Object Repository/checkout/Tittle Checkout Order' is present

2023-10-04 20:14:49 - [MESSAGE][WARNING] - Timeout '0' is invalid. Using default page load timeout: '30'

2023-10-04 20:14:49 - [MESSAGE][PASSED] - Object 'Object Repository/checkout/Tittle Checkout Order' is present

2023-10-04 20:14:49 - [TEST_STEP][PASSED] - name_product = data.get("nama_barang"): null

2023-10-04 20:14:49 - [TEST_STEP][PASSED] - price_product = data.get("price_barang"): null

2023-10-04 20:14:49 - [TEST_STEP][PASSED] - assert name_product == NamaKeranjang: null

2023-10-04 20:14:49 - [TEST_STEP][PASSED] - assert price_product == HargaKeranjang: null

2023-10-04 20:14:49 - [TEST_STEP][PASSED] - return data: null

2023-10-04 20:14:49 - [MESSAGE][PASSED] - Call Test Case 'Test Cases/T13 Pembelian, Shipment dan Pembayaran/PBL-002' successfully

2023-10-04 20:14:49 - [TEST_STEP][PASSED] - warnaa = getText(findTestObject("verifikasi/warna Merah")): Text of object 'Object Repository/verifikasi/warna Merah' is: 'Merah'

2023-10-04 20:14:50 - [MESSAGE][PASSED] - Text of object 'Object Repository/verifikasi/warna Merah' is: 'Merah'

2023-10-04 20:14:50 - [TEST_STEP][PASSED] - ukurann = getText(findTestObject("verifikasi/Ukuran Menengah")): Text of object 'Object Repository/verifikasi/Ukuran Menengah' is: 'Menengah'

2023-10-04 20:14:50 - [MESSAGE][PASSED] - Text of object 'Object Repository/verifikasi/Ukuran Menengah' is: 'Menengah'

2023-10-04 20:14:50 - [TEST_STEP][PASSED] - warna1 = data.get("Warna"): null

2023-10-04 20:14:50 - [TEST_STEP][PASSED] - ukuran1 = data.get("Ukuran"): null

2023-10-04 20:14:50 - [TEST_STEP][PASSED] - assert warnaa == warna1: null

2023-10-04 20:14:50 - [TEST_STEP][PASSED] - assert ukurann == ukuran1: null

2023-10-04 20:14:50 - [TEST_STEP][PASSED] - NamaCheckout = getText(findTestObject("verifikasi/NamaCheckout")): Text of object 'Object Repository/verifikasi/NamaCheckout' is: ''

2023-10-04 20:14:50 - [MESSAGE][PASSED] - Text of object 'Object Repository/verifikasi/NamaCheckout' is: ''

2023-10-04 20:14:50 - [TEST_STEP][PASSED] - HargaCheckout = getText(findTestObject("verifikasi/HargaCheckout")): Text of object 'Object Repository/verifikasi/HargaCheckout' is: '1,299'

2023-10-04 20:14:51 - [MESSAGE][PASSED] - Text of object 'Object Repository/verifikasi/HargaCheckout' is: '1,299'

2023-10-04 20:14:51 - [TEST_STEP][PASSED] - name_product = data.get("nama_barang"): null

2023-10-04 20:14:51 - [TEST_STEP][PASSED] - price_product = data.get("price_barang"): null

2023-10-04 20:14:51 - [TEST_STEP][PASSED] - assert name_product.contains(NamaCheckout): null

2023-10-04 20:14:51 - [TEST_STEP][PASSED] - assert price_product.contains(HargaCheckout): null

2023-10-04 20:14:51 - [TEST_STEP][PASSED] - selectOptionByLabel(findTestObject("checkout/select - Kirim via Kurir Lokal"), Kurir, false): All options with label 'Roda 2' are selected in object 'Object Repository/checkout/select - Kirim via Kurir Lokal' 

2023-10-04 20:14:51 - [MESSAGE][PASSED] - All options with label 'Roda 2' are selected in object 'Object Repository/checkout/select - Kirim via Kurir Lokal' 

2023-10-04 20:14:51 - [TEST_STEP][PASSED] - click(findTestObject("checkout/Kendaraan Kurir")): Object: 'Object Repository/checkout/Kendaraan Kurir' is clicked on

2023-10-04 20:14:52 - [MESSAGE][PASSED] - Object: 'Object Repository/checkout/Kendaraan Kurir' is clicked on

2023-10-04 20:14:52 - [TEST_STEP][PASSED] - OngkosKirim = getText(findTestObject("Object Repository/verifikasi/Ongkos Kirim checkout")): Text of object 'Object Repository/verifikasi/Ongkos Kirim checkout' is: 'Rp. 5,000'

2023-10-04 20:14:53 - [MESSAGE][PASSED] - Text of object 'Object Repository/verifikasi/Ongkos Kirim checkout' is: 'Rp. 5,000'

2023-10-04 20:14:53 - [TEST_STEP][PASSED] - Ongkos = OngkosKirim.substring(3, OngkosKirim.size()): null

2023-10-04 20:14:53 - [TEST_STEP][PASSED] - rep = Ongkos.replace(",", "."): null

2023-10-04 20:14:53 - [TEST_STEP][PASSED] - Ongkos_kirim = Double.parseDouble(rep): null

2023-10-04 20:14:53 - [TEST_STEP][PASSED] - println(Ongkos_kirim): null

2023-10-04 20:14:53 - [TEST_STEP][PASSED] - FeeAdmin = getText(findTestObject("verifikasi/Fee Admin checkout")): Text of object 'Object Repository/verifikasi/Fee Admin checkout' is: 'Fee Admin
Rp 1,500'

2023-10-04 20:14:53 - [MESSAGE][PASSED] - Text of object 'Object Repository/verifikasi/Fee Admin checkout' is: 'Fee Admin
Rp 1,500'

2023-10-04 20:14:53 - [TEST_STEP][PASSED] - Fee_Admin = FeeAdmin.substring(12, FeeAdmin.size()): null

2023-10-04 20:14:53 - [TEST_STEP][PASSED] - fee = Fee_Admin.replace(",", "."): null

2023-10-04 20:14:53 - [TEST_STEP][PASSED] - fee_admin = Double.parseDouble(fee): null

2023-10-04 20:14:53 - [TEST_STEP][PASSED] - println(fee_admin): null

2023-10-04 20:14:53 - [TEST_STEP][PASSED] - Subtotal = getText(findTestObject("verifikasi/subtotal checkout")): Text of object 'Object Repository/verifikasi/subtotal checkout' is: 'Subtotal
Rp 1,299'

2023-10-04 20:14:53 - [MESSAGE][PASSED] - Text of object 'Object Repository/verifikasi/subtotal checkout' is: 'Subtotal
Rp 1,299'

2023-10-04 20:14:53 - [TEST_STEP][PASSED] - sub_total = Subtotal.substring(12, Subtotal.size()): null

2023-10-04 20:14:53 - [TEST_STEP][PASSED] - sub = sub_total.replace(",", "."): null

2023-10-04 20:14:53 - [TEST_STEP][PASSED] - sub_total = Double.parseDouble(sub): null

2023-10-04 20:14:53 - [TEST_STEP][PASSED] - println(sub_total): null

2023-10-04 20:14:53 - [TEST_STEP][PASSED] - Total = getText(findTestObject("verifikasi/Total checkout")): Text of object 'Object Repository/verifikasi/Total checkout' is: 'Rp 7,799'

2023-10-04 20:14:54 - [MESSAGE][PASSED] - Text of object 'Object Repository/verifikasi/Total checkout' is: 'Rp 7,799'

2023-10-04 20:14:54 - [TEST_STEP][PASSED] - totall = Total.substring(3, Total.size()): null

2023-10-04 20:14:54 - [TEST_STEP][PASSED] - total = totall.replace(",", "."): null

2023-10-04 20:14:54 - [TEST_STEP][PASSED] - totall = Double.parseDouble(total): null

2023-10-04 20:14:54 - [TEST_STEP][PASSED] - println(totall): null

2023-10-04 20:14:54 - [TEST_STEP][PASSED] - Total_Harga = Ongkos_kirim + fee_admin + sub_total: null

2023-10-04 20:14:54 - [TEST_STEP][PASSED] - println(Total_Harga): null

2023-10-04 20:14:54 - [TEST_STEP][PASSED] - TotalHarga = Math.round(Total_Harga * 1000) / 1000: null

2023-10-04 20:14:54 - [TEST_STEP][PASSED] - println(TotalHarga): null

2023-10-04 20:14:54 - [TEST_STEP][PASSED] - assert totall == TotalHarga: null

2023-10-04 20:14:54 - [TEST_STEP][PASSED] - click(findTestObject("verifikasi/Metode Transfer")): Object: 'Object Repository/verifikasi/Metode Transfer' is clicked on

2023-10-04 20:14:54 - [MESSAGE][PASSED] - Object: 'Object Repository/verifikasi/Metode Transfer' is clicked on

2023-10-04 20:14:54 - [TEST_STEP][PASSED] - click(findTestObject("checkout/button_Proses Pembayaran")): Object: 'Object Repository/checkout/button_Proses Pembayaran' is clicked on

2023-10-04 20:15:00 - [MESSAGE][PASSED] - Object: 'Object Repository/checkout/button_Proses Pembayaran' is clicked on

2023-10-04 20:15:00 - [TEST_STEP][PASSED] - verifyElementPresent(findTestObject("pembayaran/Tittle nomor invoice"), 0): Object 'Object Repository/pembayaran/Tittle nomor invoice' is present

2023-10-04 20:15:00 - [MESSAGE][WARNING] - Timeout '0' is invalid. Using default page load timeout: '30'

2023-10-04 20:15:05 - [MESSAGE][PASSED] - Object 'Object Repository/pembayaran/Tittle nomor invoice' is present

2023-10-04 20:15:05 - [TEST_STEP][PASSED] - return data: null

2023-10-04 20:15:05 - [MESSAGE][PASSED] - Call Test Case 'Test Cases/T13 Pembelian, Shipment dan Pembayaran/PBL-004' successfully

2023-10-04 20:15:05 - [TEST_STEP][PASSED] - Invoice = getText(findTestObject("pembayaran/nomor invoice")): Text of object 'Object Repository/pembayaran/nomor invoice' is: 'TRX60.20231004201456'

2023-10-04 20:15:05 - [MESSAGE][PASSED] - Text of object 'Object Repository/pembayaran/nomor invoice' is: 'TRX60.20231004201456'

2023-10-04 20:15:05 - [TEST_STEP][PASSED] - data.put("invoice", Invoice): null

2023-10-04 20:15:05 - [TEST_STEP][PASSED] - NamaPemesan = getText(findTestObject("Konfirmasi pesanan shop/Nama pemesan")): Text of object 'Object Repository/Konfirmasi pesanan shop/Nama pemesan' is: 'irfan.afandi'

2023-10-04 20:15:06 - [MESSAGE][PASSED] - Text of object 'Object Repository/Konfirmasi pesanan shop/Nama pemesan' is: 'irfan.afandi'

2023-10-04 20:15:06 - [TEST_STEP][PASSED] - Nama = getText(findTestObject("pembayaran/Nama barang")): Text of object 'Object Repository/pembayaran/Nama barang' is: 'Segitiga Instan Madeira - MDB5.3 Sunset'

2023-10-04 20:15:07 - [MESSAGE][PASSED] - Text of object 'Object Repository/pembayaran/Nama barang' is: 'Segitiga Instan Madeira - MDB5.3 Sunset'

2023-10-04 20:15:07 - [TEST_STEP][PASSED] - Harga = getText(findTestObject("pembayaran/Harga barang")): Text of object 'Object Repository/pembayaran/Harga barang' is: '1,299'

2023-10-04 20:15:07 - [MESSAGE][PASSED] - Text of object 'Object Repository/pembayaran/Harga barang' is: '1,299'

2023-10-04 20:15:07 - [TEST_STEP][PASSED] - name_product = data.get("nama_barang"): null

2023-10-04 20:15:07 - [TEST_STEP][PASSED] - price_product = data.get("price_barang"): null

2023-10-04 20:15:07 - [TEST_STEP][PASSED] - assert name_product.contains(Nama): null

2023-10-04 20:15:07 - [TEST_STEP][PASSED] - assert price_product.contains(Harga): null

2023-10-04 20:15:07 - [TEST_STEP][PASSED] - warnaa = getText(findTestObject("pembayaran/warna")): Text of object 'Object Repository/pembayaran/warna' is: 'Merah'

2023-10-04 20:15:08 - [MESSAGE][PASSED] - Text of object 'Object Repository/pembayaran/warna' is: 'Merah'

2023-10-04 20:15:08 - [TEST_STEP][PASSED] - ukurann = getText(findTestObject("pembayaran/ukuran")): Text of object 'Object Repository/pembayaran/ukuran' is: 'Menengah'

2023-10-04 20:15:08 - [MESSAGE][PASSED] - Text of object 'Object Repository/pembayaran/ukuran' is: 'Menengah'

2023-10-04 20:15:08 - [TEST_STEP][PASSED] - warna1 = data.get("Warna"): null

2023-10-04 20:15:08 - [TEST_STEP][PASSED] - ukuran1 = data.get("Ukuran"): null

2023-10-04 20:15:08 - [TEST_STEP][PASSED] - assert warnaa == warna1: null

2023-10-04 20:15:08 - [TEST_STEP][PASSED] - assert ukurann == ukuran1: null

2023-10-04 20:15:08 - [TEST_STEP][PASSED] - statusPembelian = getText(findTestObject("verifikasi/Status pending di pembelian")): Text of object 'Object Repository/verifikasi/Status pending di pembelian' is: 'Pending'

2023-10-04 20:15:09 - [MESSAGE][PASSED] - Text of object 'Object Repository/verifikasi/Status pending di pembelian' is: 'Pending'

2023-10-04 20:15:09 - [TEST_STEP][PASSED] - data.put("statusPem", statusPembelian): null

2023-10-04 20:15:09 - [TEST_STEP][PASSED] - OngkosKirim = getText(findTestObject("pembayaran/ongkos kirim")): Text of object 'Object Repository/pembayaran/ongkos kirim' is: 'Rp 5,000'

2023-10-04 20:15:09 - [MESSAGE][PASSED] - Text of object 'Object Repository/pembayaran/ongkos kirim' is: 'Rp 5,000'

2023-10-04 20:15:09 - [TEST_STEP][PASSED] - Ongkos = OngkosKirim.substring(3, OngkosKirim.size()): null

2023-10-04 20:15:09 - [TEST_STEP][PASSED] - rep = Ongkos.replace(",", ""): null

2023-10-04 20:15:09 - [TEST_STEP][PASSED] - Ongkos_kirimm = Integer.parseInt(rep): null

2023-10-04 20:15:09 - [TEST_STEP][PASSED] - println(Ongkos_kirimm): null

2023-10-04 20:15:09 - [TEST_STEP][PASSED] - FeeAdmin = getText(findTestObject("pembayaran/fee admin")): Text of object 'Object Repository/pembayaran/fee admin' is: 'Rp 1,500'

2023-10-04 20:15:10 - [MESSAGE][PASSED] - Text of object 'Object Repository/pembayaran/fee admin' is: 'Rp 1,500'

2023-10-04 20:15:10 - [TEST_STEP][PASSED] - Fee_Admin = FeeAdmin.substring(3, FeeAdmin.size()): null

2023-10-04 20:15:10 - [TEST_STEP][PASSED] - fee = Fee_Admin.replace(",", ""): null

2023-10-04 20:15:10 - [TEST_STEP][PASSED] - fee_adminn = Integer.parseInt(fee): null

2023-10-04 20:15:10 - [TEST_STEP][PASSED] - println(fee_adminn): null

2023-10-04 20:15:10 - [TEST_STEP][PASSED] - Subtotal = getText(findTestObject("pembayaran/subtotal")): Text of object 'Object Repository/pembayaran/subtotal' is: 'Rp 1,299'

2023-10-04 20:15:10 - [MESSAGE][PASSED] - Text of object 'Object Repository/pembayaran/subtotal' is: 'Rp 1,299'

2023-10-04 20:15:10 - [TEST_STEP][PASSED] - sub_total = Subtotal.substring(3, Subtotal.size()): null

2023-10-04 20:15:10 - [TEST_STEP][PASSED] - sub = sub_total.replace(",", ""): null

2023-10-04 20:15:10 - [TEST_STEP][PASSED] - sub_totall = Integer.parseInt(sub): null

2023-10-04 20:15:10 - [TEST_STEP][PASSED] - println(sub_totall): null

2023-10-04 20:15:10 - [TEST_STEP][PASSED] - unik = getText(findTestObject("pembayaran/kode unik")): Text of object 'Object Repository/pembayaran/kode unik' is: '+456'

2023-10-04 20:15:11 - [MESSAGE][PASSED] - Text of object 'Object Repository/pembayaran/kode unik' is: '+456'

2023-10-04 20:15:11 - [TEST_STEP][PASSED] - unikk = unik.replace("+", ""): null

2023-10-04 20:15:11 - [TEST_STEP][PASSED] - kode_unik = Integer.parseInt(unikk): null

2023-10-04 20:15:11 - [TEST_STEP][PASSED] - println(kode_unik): null

2023-10-04 20:15:11 - [TEST_STEP][PASSED] - Total = getText(findTestObject("pembayaran/total")): Text of object 'Object Repository/pembayaran/total' is: '8,255'

2023-10-04 20:15:11 - [MESSAGE][PASSED] - Text of object 'Object Repository/pembayaran/total' is: '8,255'

2023-10-04 20:15:11 - [TEST_STEP][PASSED] - total = Total.replace(",", ""): null

2023-10-04 20:15:11 - [TEST_STEP][PASSED] - totalll = Integer.parseInt(total): null

2023-10-04 20:15:11 - [TEST_STEP][PASSED] - println(totalll): null

2023-10-04 20:15:11 - [TEST_STEP][PASSED] - Total_Hargaa = Ongkos_kirimm + fee_adminn + sub_totall + kode_unik: null

2023-10-04 20:15:11 - [TEST_STEP][PASSED] - println(Total_Hargaa): null

2023-10-04 20:15:11 - [TEST_STEP][PASSED] - assert totalll == Total_Hargaa: null

2023-10-04 20:15:11 - [TEST_STEP][PASSED] - data.put("total", Total): null

2023-10-04 20:15:11 - [TEST_STEP][PASSED] - data.put("nama", NamaPemesan): null

2023-10-04 20:15:11 - [TEST_STEP][PASSED] - return data: null

2023-10-04 20:15:11 - [MESSAGE][PASSED] - Call Test Case 'Test Cases/T13 Pembelian, Shipment dan Pembayaran/PBY-001' successfully

2023-10-04 20:15:11 - [TEST_STEP][PASSED] - inv = data.get("invoice"): null

2023-10-04 20:15:11 - [TEST_STEP][PASSED] - Total = data.get("total"): null

2023-10-04 20:15:11 - [TEST_STEP][PASSED] - NamaPemesan = data.get("nama"): null

2023-10-04 20:15:11 - [TEST_STEP][PASSED] - click(findTestObject("Konfirmasi pesanan shop/Menu Shop")): Object: 'Object Repository/Konfirmasi pesanan shop/Menu Shop' is clicked on

2023-10-04 20:15:13 - [MESSAGE][PASSED] - Object: 'Object Repository/Konfirmasi pesanan shop/Menu Shop' is clicked on

2023-10-04 20:15:13 - [TEST_STEP][PASSED] - click(findTestObject("Konfirmasi pesanan shop/Menu Shop")): Object: 'Object Repository/Konfirmasi pesanan shop/Menu Shop' is clicked on

2023-10-04 20:15:14 - [MESSAGE][PASSED] - Object: 'Object Repository/Konfirmasi pesanan shop/Menu Shop' is clicked on

2023-10-04 20:15:14 - [TEST_STEP][PASSED] - click(findTestObject("Konfirmasi pesanan shop/Konfirmasi Orders")): Object: 'Object Repository/Konfirmasi pesanan shop/Konfirmasi Orders' is clicked on

2023-10-04 20:15:15 - [MESSAGE][PASSED] - Object: 'Object Repository/Konfirmasi pesanan shop/Konfirmasi Orders' is clicked on

2023-10-04 20:15:15 - [TEST_STEP][PASSED] - verifyElementPresent(findTestObject("Konfirmasi pesanan shop/Tittle Konfirmasi Pesanan"), 0): Object 'Object Repository/Konfirmasi pesanan shop/Tittle Konfirmasi Pesanan' is present

2023-10-04 20:15:15 - [MESSAGE][WARNING] - Timeout '0' is invalid. Using default page load timeout: '30'

2023-10-04 20:15:15 - [MESSAGE][PASSED] - Object 'Object Repository/Konfirmasi pesanan shop/Tittle Konfirmasi Pesanan' is present

2023-10-04 20:15:15 - [TEST_STEP][PASSED] - clearText(findTestObject("Konfirmasi pesanan shop/input_No Pesanan"), STOP_ON_FAILURE): Text of object 'Object Repository/Konfirmasi pesanan shop/input_No Pesanan' is cleared

2023-10-04 20:15:16 - [MESSAGE][PASSED] - Text of object 'Object Repository/Konfirmasi pesanan shop/input_No Pesanan' is cleared

2023-10-04 20:15:16 - [TEST_STEP][PASSED] - clearText(findTestObject("Konfirmasi pesanan shop/input_Alamat E-mai"), STOP_ON_FAILURE): Text of object 'Object Repository/Konfirmasi pesanan shop/input_Alamat E-mai' is cleared

2023-10-04 20:15:16 - [MESSAGE][PASSED] - Text of object 'Object Repository/Konfirmasi pesanan shop/input_Alamat E-mai' is cleared

2023-10-04 20:15:16 - [TEST_STEP][PASSED] - click(findTestObject("Konfirmasi pesanan shop/button_Submit")): Object: 'Object Repository/Konfirmasi pesanan shop/button_Submit' is clicked on

2023-10-04 20:15:17 - [MESSAGE][PASSED] - Object: 'Object Repository/Konfirmasi pesanan shop/button_Submit' is clicked on

2023-10-04 20:15:17 - [TEST_STEP][PASSED] - webDriver = getWebDriver(): null

2023-10-04 20:15:17 - [TEST_STEP][PASSED] - field_pesanan = webDriver.findElement(By.xpath("(//input[@name="a"])[3]")): null

2023-10-04 20:15:17 - [TEST_STEP][PASSED] - error_message = webDriver.executeScript("return arguments[0].validationMessage", field_pesanan): null

2023-10-04 20:15:17 - [TEST_STEP][PASSED] - println(error_message): null

2023-10-04 20:15:17 - [TEST_STEP][PASSED] - assert error_message == "Please fill out this field.": null

2023-10-04 20:15:17 - [TEST_STEP][PASSED] - return data: null]]></system-out>
         <system-err><![CDATA[]]></system-err>
      </testcase>
      <testcase name="Test Cases/T13 Pembelian, Shipment dan Pembayaran/PBY-013" time="53.463" classname="Test Cases/T13 Pembelian, Shipment dan Pembayaran/PBY-013" status="FAILED">
         <failure type="FAILED" message="Test Cases/T13 Pembelian, Shipment dan Pembayaran/PBY-013 FAILED.
Reason:
com.kms.katalon.core.exception.StepFailedException: Unable to verify text 'email not valid.' is present 
	at com.kms.katalon.core.webui.keyword.internal.WebUIKeywordMain.stepFailed(WebUIKeywordMain.groovy:64)
	at com.kms.katalon.core.webui.keyword.internal.WebUIKeywordMain.runKeyword(WebUIKeywordMain.groovy:26)
	at com.kms.katalon.core.webui.keyword.builtin.VerifyTextPresentKeyword.verifyTextPresent(VerifyTextPresentKeyword.groovy:83)
	at com.kms.katalon.core.webui.keyword.builtin.VerifyTextPresentKeyword.execute(VerifyTextPresentKeyword.groovy:68)
	at com.kms.katalon.core.keyword.internal.KeywordExecutor.executeKeywordForPlatform(KeywordExecutor.groovy:74)
	at com.kms.katalon.core.webui.keyword.WebUiBuiltInKeywords.verifyTextPresent(WebUiBuiltInKeywords.groovy:1723)
	at com.kms.katalon.core.webui.keyword.WebUiBuiltInKeywords$verifyTextPresent$7.call(Unknown Source)
	at PBY-013.run(PBY-013:42)
	at com.kms.katalon.core.main.ScriptEngine.run(ScriptEngine.java:194)
	at com.kms.katalon.core.main.ScriptEngine.runScriptAsRawText(ScriptEngine.java:119)
	at com.kms.katalon.core.main.TestCaseExecutor.runScript(TestCaseExecutor.java:448)
	at com.kms.katalon.core.main.TestCaseExecutor.doExecute(TestCaseExecutor.java:439)
	at com.kms.katalon.core.main.TestCaseExecutor.processExecutionPhase(TestCaseExecutor.java:418)
	at com.kms.katalon.core.main.TestCaseExecutor.accessMainPhase(TestCaseExecutor.java:410)
	at com.kms.katalon.core.main.TestCaseExecutor.execute(TestCaseExecutor.java:285)
	at com.kms.katalon.core.common.CommonExecutor.accessTestCaseMainPhase(CommonExecutor.java:65)
	at com.kms.katalon.core.main.TestSuiteExecutor.accessTestSuiteMainPhase(TestSuiteExecutor.java:148)
	at com.kms.katalon.core.main.TestSuiteExecutor.execute(TestSuiteExecutor.java:106)
	at com.kms.katalon.core.main.TestCaseMain.startTestSuite(TestCaseMain.java:187)
	at com.kms.katalon.core.main.TestCaseMain$startTestSuite$0.call(Unknown Source)
	at TempTestSuite1696424348948.run(TempTestSuite1696424348948.groovy:36)
Caused by: com.kms.katalon.core.exception.StepFailedException: Text 'email not valid.' is not present on page 
	at com.kms.katalon.core.webui.keyword.internal.WebUIKeywordMain.stepFailed(WebUIKeywordMain.groovy:64)
	at com.kms.katalon.core.webui.keyword.builtin.VerifyTextPresentKeyword$_verifyTextPresent_closure1.doCall(VerifyTextPresentKeyword.groovy:79)
	at com.kms.katalon.core.webui.keyword.builtin.VerifyTextPresentKeyword$_verifyTextPresent_closure1.call(VerifyTextPresentKeyword.groovy)
	at com.kms.katalon.core.webui.keyword.internal.WebUIKeywordMain.runKeyword(WebUIKeywordMain.groovy:20)
	... 19 more
"/>
         <system-out><![CDATA[2023-10-04 20:15:17 - [TEST_CASE][FAILED] - Test Cases/T13 Pembelian, Shipment dan Pembayaran/PBY-013: Test Cases/T13 Pembelian, Shipment dan Pembayaran/PBY-013 FAILED.
Reason:
com.kms.katalon.core.exception.StepFailedException: Unable to verify text 'email not valid.' is present 
	at com.kms.katalon.core.webui.keyword.internal.WebUIKeywordMain.stepFailed(WebUIKeywordMain.groovy:64)
	at com.kms.katalon.core.webui.keyword.internal.WebUIKeywordMain.runKeyword(WebUIKeywordMain.groovy:26)
	at com.kms.katalon.core.webui.keyword.builtin.VerifyTextPresentKeyword.verifyTextPresent(VerifyTextPresentKeyword.groovy:83)
	at com.kms.katalon.core.webui.keyword.builtin.VerifyTextPresentKeyword.execute(VerifyTextPresentKeyword.groovy:68)
	at com.kms.katalon.core.keyword.internal.KeywordExecutor.executeKeywordForPlatform(KeywordExecutor.groovy:74)
	at com.kms.katalon.core.webui.keyword.WebUiBuiltInKeywords.verifyTextPresent(WebUiBuiltInKeywords.groovy:1723)
	at com.kms.katalon.core.webui.keyword.WebUiBuiltInKeywords$verifyTextPresent$7.call(Unknown Source)
	at PBY-013.run(PBY-013:42)
	at com.kms.katalon.core.main.ScriptEngine.run(ScriptEngine.java:194)
	at com.kms.katalon.core.main.ScriptEngine.runScriptAsRawText(ScriptEngine.java:119)
	at com.kms.katalon.core.main.TestCaseExecutor.runScript(TestCaseExecutor.java:448)
	at com.kms.katalon.core.main.TestCaseExecutor.doExecute(TestCaseExecutor.java:439)
	at com.kms.katalon.core.main.TestCaseExecutor.processExecutionPhase(TestCaseExecutor.java:418)
	at com.kms.katalon.core.main.TestCaseExecutor.accessMainPhase(TestCaseExecutor.java:410)
	at com.kms.katalon.core.main.TestCaseExecutor.execute(TestCaseExecutor.java:285)
	at com.kms.katalon.core.common.CommonExecutor.accessTestCaseMainPhase(CommonExecutor.java:65)
	at com.kms.katalon.core.main.TestSuiteExecutor.accessTestSuiteMainPhase(TestSuiteExecutor.java:148)
	at com.kms.katalon.core.main.TestSuiteExecutor.execute(TestSuiteExecutor.java:106)
	at com.kms.katalon.core.main.TestCaseMain.startTestSuite(TestCaseMain.java:187)
	at com.kms.katalon.core.main.TestCaseMain$startTestSuite$0.call(Unknown Source)
	at TempTestSuite1696424348948.run(TempTestSuite1696424348948.groovy:36)
Caused by: com.kms.katalon.core.exception.StepFailedException: Text 'email not valid.' is not present on page 
	at com.kms.katalon.core.webui.keyword.internal.WebUIKeywordMain.stepFailed(WebUIKeywordMain.groovy:64)
	at com.kms.katalon.core.webui.keyword.builtin.VerifyTextPresentKeyword$_verifyTextPresent_closure1.doCall(VerifyTextPresentKeyword.groovy:79)
	at com.kms.katalon.core.webui.keyword.builtin.VerifyTextPresentKeyword$_verifyTextPresent_closure1.call(VerifyTextPresentKeyword.groovy)
	at com.kms.katalon.core.webui.keyword.internal.WebUIKeywordMain.runKeyword(WebUIKeywordMain.groovy:20)
	... 19 more


2023-10-04 20:15:17 - [TEST_STEP][PASSED] - data = callTestCase(findTestCase("T13 Pembelian, Shipment dan Pembayaran/PBY-001"), [:], STOP_ON_FAILURE): Call Test Case 'Test Cases/T13 Pembelian, Shipment dan Pembayaran/PBY-001' successfully

2023-10-04 20:15:17 - [TEST_CASE][PASSED] - Test Cases/T13 Pembelian, Shipment dan Pembayaran/PBY-001: Test Cases/T13 Pembelian, Shipment dan Pembayaran/PBY-001

2023-10-04 20:15:17 - [TEST_STEP][PASSED] - data = callTestCase(findTestCase("T13 Pembelian, Shipment dan Pembayaran/PBL-004"), ["Kurir":"Roda 2"], STOP_ON_FAILURE): Call Test Case 'Test Cases/T13 Pembelian, Shipment dan Pembayaran/PBL-004' successfully

2023-10-04 20:15:17 - [TEST_CASE][PASSED] - Test Cases/T13 Pembelian, Shipment dan Pembayaran/PBL-004: Test Cases/T13 Pembelian, Shipment dan Pembayaran/PBL-004

2023-10-04 20:15:17 - [TEST_STEP][PASSED] - data = callTestCase(findTestCase("T13 Pembelian, Shipment dan Pembayaran/PBL-002"), [:], STOP_ON_FAILURE): Call Test Case 'Test Cases/T13 Pembelian, Shipment dan Pembayaran/PBL-002' successfully

2023-10-04 20:15:17 - [TEST_CASE][PASSED] - Test Cases/T13 Pembelian, Shipment dan Pembayaran/PBL-002: Test Cases/T13 Pembelian, Shipment dan Pembayaran/PBL-002

2023-10-04 20:15:17 - [TEST_STEP][PASSED] - data = callTestCase(findTestCase("T13 Pembelian, Shipment dan Pembayaran/PBL-001"), [:], STOP_ON_FAILURE): Call Test Case 'Test Cases/T13 Pembelian, Shipment dan Pembayaran/PBL-001' successfully

2023-10-04 20:15:18 - [TEST_CASE][PASSED] - Test Cases/T13 Pembelian, Shipment dan Pembayaran/PBL-001: Test Cases/T13 Pembelian, Shipment dan Pembayaran/PBL-001

2023-10-04 20:15:18 - [TEST_STEP][PASSED] - callTestCase(findTestCase("T13 Pembelian, Shipment dan Pembayaran/LU-001"), ["username":"irfanafandi", "password":"12345irfan"], STOP_ON_FAILURE): Call Test Case 'Test Cases/T13 Pembelian, Shipment dan Pembayaran/LU-001' successfully

2023-10-04 20:15:18 - [TEST_CASE][PASSED] - Test Cases/T13 Pembelian, Shipment dan Pembayaran/LU-001: Test Cases/T13 Pembelian, Shipment dan Pembayaran/LU-001

2023-10-04 20:15:18 - [TEST_STEP][PASSED] - openBrowser("https://10.9.2.63/ecommerce/"): Browser is opened with url: 'https://10.9.2.63/ecommerce/'

2023-10-04 20:15:18 - [MESSAGE][WARNING] - A browser is already opened. Closing browser and opening a new one

2023-10-04 20:15:19 - [MESSAGE][INFO] - Starting 'Firefox' driver

2023-10-04 20:15:19 - [MESSAGE][INFO] - User set preference: ['args', '[--disable-notifications]']

2023-10-04 20:15:19 - [MESSAGE][INFO] - Action delay is set to 0 milliseconds

2023-10-04 20:15:23 - [MESSAGE][PASSED] - Browser is opened with url: 'https://10.9.2.63/ecommerce/'

2023-10-04 20:15:23 - [TEST_STEP][PASSED] - maximizeWindow(): Current window maximized

2023-10-04 20:15:23 - [MESSAGE][PASSED] - Current window maximized

2023-10-04 20:15:23 - [TEST_STEP][PASSED] - verifyElementPresent(findTestObject("Login/Home"), 0): Object 'Object Repository/Login/Home' is present

2023-10-04 20:15:23 - [MESSAGE][WARNING] - Timeout '0' is invalid. Using default page load timeout: '30'

2023-10-04 20:15:24 - [MESSAGE][PASSED] - Object 'Object Repository/Login/Home' is present

2023-10-04 20:15:24 - [TEST_STEP][PASSED] - click(findTestObject("Login/a_Login")): Object: 'Object Repository/Login/a_Login' is clicked on

2023-10-04 20:15:24 - [MESSAGE][PASSED] - Object: 'Object Repository/Login/a_Login' is clicked on

2023-10-04 20:15:24 - [TEST_STEP][PASSED] - verifyElementPresent(findTestObject("Login/Tittle Login"), 0): Object 'Object Repository/Login/Tittle Login' is present

2023-10-04 20:15:24 - [MESSAGE][WARNING] - Timeout '0' is invalid. Using default page load timeout: '30'

2023-10-04 20:15:25 - [MESSAGE][PASSED] - Object 'Object Repository/Login/Tittle Login' is present

2023-10-04 20:15:25 - [TEST_STEP][PASSED] - setText(findTestObject("Login/input_Username, Email atau No. Handphone_a"), username): Text 'irfanafandi' is set on object 'Object Repository/Login/input_Username, Email atau No. Handphone_a'

2023-10-04 20:15:25 - [MESSAGE][PASSED] - Text 'irfanafandi' is set on object 'Object Repository/Login/input_Username, Email atau No. Handphone_a'

2023-10-04 20:15:25 - [TEST_STEP][PASSED] - setText(findTestObject("Login/input_Password_b"), password): Text '12345irfan' is set on object 'Object Repository/Login/input_Password_b'

2023-10-04 20:15:26 - [MESSAGE][PASSED] - Text '12345irfan' is set on object 'Object Repository/Login/input_Password_b'

2023-10-04 20:15:26 - [TEST_STEP][PASSED] - click(findTestObject("Login/label_Ingat saya")): Object: 'Object Repository/Login/label_Ingat saya' is clicked on

2023-10-04 20:15:26 - [MESSAGE][PASSED] - Object: 'Object Repository/Login/label_Ingat saya' is clicked on

2023-10-04 20:15:26 - [TEST_STEP][PASSED] - click(findTestObject("Login/button_Masuk")): Object: 'Object Repository/Login/button_Masuk' is clicked on

2023-10-04 20:15:27 - [MESSAGE][PASSED] - Object: 'Object Repository/Login/button_Masuk' is clicked on

2023-10-04 20:15:27 - [TEST_STEP][PASSED] - verifyElementPresent(findTestObject("Login/li_Profile"), 0): Object 'Object Repository/Login/li_Profile' is present

2023-10-04 20:15:27 - [MESSAGE][WARNING] - Timeout '0' is invalid. Using default page load timeout: '30'

2023-10-04 20:15:28 - [MESSAGE][PASSED] - Object 'Object Repository/Login/li_Profile' is present

2023-10-04 20:15:28 - [MESSAGE][PASSED] - Call Test Case 'Test Cases/T13 Pembelian, Shipment dan Pembayaran/LU-001' successfully

2023-10-04 20:15:28 - [TEST_STEP][PASSED] - mouseOver(findTestObject("beli barang/i_Mulai Belanja_icon-menu")): Object: 'Object Repository/beli barang/i_Mulai Belanja_icon-menu' is hovered

2023-10-04 20:15:29 - [MESSAGE][PASSED] - Object: 'Object Repository/beli barang/i_Mulai Belanja_icon-menu' is hovered

2023-10-04 20:15:29 - [TEST_STEP][PASSED] - click(findTestObject("beli barang/a_Fashion  Busana Wanita")): Object: 'Object Repository/beli barang/a_Fashion  Busana Wanita' is clicked on

2023-10-04 20:15:30 - [MESSAGE][PASSED] - Object: 'Object Repository/beli barang/a_Fashion  Busana Wanita' is clicked on

2023-10-04 20:15:30 - [TEST_STEP][PASSED] - NamaSebelum = getText(findTestObject("verifikasi/Nama sebelum")): Text of object 'Object Repository/verifikasi/Nama sebelum' is: ''

2023-10-04 20:15:30 - [MESSAGE][PASSED] - Text of object 'Object Repository/verifikasi/Nama sebelum' is: ''

2023-10-04 20:15:30 - [TEST_STEP][PASSED] - HargaSebelum = getText(findTestObject("verifikasi/Harga sebelum")): Text of object 'Object Repository/verifikasi/Harga sebelum' is: 'Rp 1,299'

2023-10-04 20:15:31 - [MESSAGE][PASSED] - Text of object 'Object Repository/verifikasi/Harga sebelum' is: 'Rp 1,299'

2023-10-04 20:15:31 - [TEST_STEP][PASSED] - mouseOver(findTestObject("beli barang/barang mouse over")): Object: 'Object Repository/beli barang/barang mouse over' is hovered

2023-10-04 20:15:31 - [MESSAGE][PASSED] - Object: 'Object Repository/beli barang/barang mouse over' is hovered

2023-10-04 20:15:31 - [TEST_STEP][PASSED] - click(findTestObject("beli barang/buttom add to cart")): Object: 'Object Repository/beli barang/buttom add to cart' is clicked on

2023-10-04 20:15:32 - [MESSAGE][PASSED] - Object: 'Object Repository/beli barang/buttom add to cart' is clicked on

2023-10-04 20:15:32 - [TEST_STEP][PASSED] - NamaSesudah = getText(findTestObject("verifikasi/Nama sesudah")): Text of object 'Object Repository/verifikasi/Nama sesudah' is: 'Segitiga Instan Madeira - MDB5.3 Sunset'

2023-10-04 20:15:33 - [MESSAGE][PASSED] - Text of object 'Object Repository/verifikasi/Nama sesudah' is: 'Segitiga Instan Madeira - MDB5.3 Sunset'

2023-10-04 20:15:33 - [TEST_STEP][PASSED] - HargaSesudah = getText(findTestObject("verifikasi/Harga sesudah")): Text of object 'Object Repository/verifikasi/Harga sesudah' is: 'Rp 1,299'

2023-10-04 20:15:33 - [MESSAGE][PASSED] - Text of object 'Object Repository/verifikasi/Harga sesudah' is: 'Rp 1,299'

2023-10-04 20:15:33 - [TEST_STEP][PASSED] - assert NamaSesudah.contains(NamaSebelum): null

2023-10-04 20:15:33 - [TEST_STEP][PASSED] - assert HargaSesudah.contains(HargaSebelum): null

2023-10-04 20:15:33 - [TEST_STEP][PASSED] - click(findTestObject("beli barang/Tambah Keranjang busana wanita")): Object: 'Object Repository/beli barang/Tambah Keranjang busana wanita' is clicked on

2023-10-04 20:15:34 - [MESSAGE][PASSED] - Object: 'Object Repository/beli barang/Tambah Keranjang busana wanita' is clicked on

2023-10-04 20:15:34 - [TEST_STEP][PASSED] - verifyElementPresent(findTestObject("checkout/Notifikasi keranjang"), 1): Object 'Object Repository/checkout/Notifikasi keranjang' is present

2023-10-04 20:15:35 - [MESSAGE][PASSED] - Object 'Object Repository/checkout/Notifikasi keranjang' is present

2023-10-04 20:15:35 - [TEST_STEP][PASSED] - data = new java.util.HashMap(): null

2023-10-04 20:15:35 - [TEST_STEP][PASSED] - data.put("nama_barang", NamaSesudah): null

2023-10-04 20:15:35 - [TEST_STEP][PASSED] - data.put("price_barang", HargaSesudah): null

2023-10-04 20:15:35 - [TEST_STEP][PASSED] - return data: null

2023-10-04 20:15:35 - [MESSAGE][PASSED] - Call Test Case 'Test Cases/T13 Pembelian, Shipment dan Pembayaran/PBL-001' successfully

2023-10-04 20:15:35 - [TEST_STEP][PASSED] - mouseOver(findTestObject("beli barang/keranjang")): Object: 'Object Repository/beli barang/keranjang' is hovered

2023-10-04 20:15:35 - [MESSAGE][PASSED] - Object: 'Object Repository/beli barang/keranjang' is hovered

2023-10-04 20:15:35 - [TEST_STEP][PASSED] - click(findTestObject("beli barang/Lihat Sekarang")): Object: 'Object Repository/beli barang/Lihat Sekarang' is clicked on

2023-10-04 20:15:36 - [MESSAGE][PASSED] - Object: 'Object Repository/beli barang/Lihat Sekarang' is clicked on

2023-10-04 20:15:36 - [TEST_STEP][PASSED] - verifyElementPresent(findTestObject("keranjang/li_Keranjang Belanja"), 0): Object 'Object Repository/keranjang/li_Keranjang Belanja' is present

2023-10-04 20:15:36 - [MESSAGE][WARNING] - Timeout '0' is invalid. Using default page load timeout: '30'

2023-10-04 20:15:37 - [MESSAGE][PASSED] - Object 'Object Repository/keranjang/li_Keranjang Belanja' is present

2023-10-04 20:15:37 - [TEST_STEP][PASSED] - NamaKeranjang = getText(findTestObject("verifikasi/Nama keranjang")): Text of object 'Object Repository/verifikasi/Nama keranjang' is: 'Segitiga Instan Madeira - MDB5.3 Sunset'

2023-10-04 20:15:38 - [MESSAGE][PASSED] - Text of object 'Object Repository/verifikasi/Nama keranjang' is: 'Segitiga Instan Madeira - MDB5.3 Sunset'

2023-10-04 20:15:38 - [TEST_STEP][PASSED] - HargaKeranjang = getText(findTestObject("verifikasi/Harga Keranjang")): Text of object 'Object Repository/verifikasi/Harga Keranjang' is: 'Rp 1,299'

2023-10-04 20:15:38 - [MESSAGE][PASSED] - Text of object 'Object Repository/verifikasi/Harga Keranjang' is: 'Rp 1,299'

2023-10-04 20:15:38 - [TEST_STEP][PASSED] - if (toString().equalsIgnoreCase("Merah")): Object 'Object Repository/keranjang/input_Warna_variasi101' is checked

2023-10-04 20:15:38 - [TEST_STEP][PASSED] - check(findTestObject("Object Repository/keranjang/input_Warna_variasi101")): Object 'Object Repository/keranjang/input_Warna_variasi101' is checked

2023-10-04 20:15:39 - [MESSAGE][PASSED] - Object 'Object Repository/keranjang/input_Warna_variasi101' is checked

2023-10-04 20:15:39 - [TEST_STEP][PASSED] - if (toString().equalsIgnoreCase("Menengah")): Object 'Object Repository/keranjang/input_Ukuran_variasi201' is checked

2023-10-04 20:15:39 - [TEST_STEP][PASSED] - check(findTestObject("Object Repository/keranjang/input_Ukuran_variasi201")): Object 'Object Repository/keranjang/input_Ukuran_variasi201' is checked

2023-10-04 20:15:39 - [MESSAGE][PASSED] - Object 'Object Repository/keranjang/input_Ukuran_variasi201' is checked

2023-10-04 20:15:39 - [TEST_STEP][PASSED] - data.put("Warna", warna): null

2023-10-04 20:15:39 - [TEST_STEP][PASSED] - data.put("Ukuran", ukuran): null

2023-10-04 20:15:39 - [TEST_STEP][PASSED] - click(findTestObject("keranjang/button_Lanjut ke Pembayaran")): Object: 'Object Repository/keranjang/button_Lanjut ke Pembayaran' is clicked on

2023-10-04 20:15:41 - [MESSAGE][PASSED] - Object: 'Object Repository/keranjang/button_Lanjut ke Pembayaran' is clicked on

2023-10-04 20:15:41 - [TEST_STEP][PASSED] - verifyElementPresent(findTestObject("checkout/Tittle Checkout Order"), 0): Object 'Object Repository/checkout/Tittle Checkout Order' is present

2023-10-04 20:15:41 - [MESSAGE][WARNING] - Timeout '0' is invalid. Using default page load timeout: '30'

2023-10-04 20:15:42 - [MESSAGE][PASSED] - Object 'Object Repository/checkout/Tittle Checkout Order' is present

2023-10-04 20:15:42 - [TEST_STEP][PASSED] - name_product = data.get("nama_barang"): null

2023-10-04 20:15:42 - [TEST_STEP][PASSED] - price_product = data.get("price_barang"): null

2023-10-04 20:15:42 - [TEST_STEP][PASSED] - assert name_product == NamaKeranjang: null

2023-10-04 20:15:42 - [TEST_STEP][PASSED] - assert price_product == HargaKeranjang: null

2023-10-04 20:15:42 - [TEST_STEP][PASSED] - return data: null

2023-10-04 20:15:42 - [MESSAGE][PASSED] - Call Test Case 'Test Cases/T13 Pembelian, Shipment dan Pembayaran/PBL-002' successfully

2023-10-04 20:15:42 - [TEST_STEP][PASSED] - warnaa = getText(findTestObject("verifikasi/warna Merah")): Text of object 'Object Repository/verifikasi/warna Merah' is: 'Merah'

2023-10-04 20:15:42 - [MESSAGE][PASSED] - Text of object 'Object Repository/verifikasi/warna Merah' is: 'Merah'

2023-10-04 20:15:42 - [TEST_STEP][PASSED] - ukurann = getText(findTestObject("verifikasi/Ukuran Menengah")): Text of object 'Object Repository/verifikasi/Ukuran Menengah' is: 'Menengah'

2023-10-04 20:15:42 - [MESSAGE][PASSED] - Text of object 'Object Repository/verifikasi/Ukuran Menengah' is: 'Menengah'

2023-10-04 20:15:42 - [TEST_STEP][PASSED] - warna1 = data.get("Warna"): null

2023-10-04 20:15:42 - [TEST_STEP][PASSED] - ukuran1 = data.get("Ukuran"): null

2023-10-04 20:15:42 - [TEST_STEP][PASSED] - assert warnaa == warna1: null

2023-10-04 20:15:42 - [TEST_STEP][PASSED] - assert ukurann == ukuran1: null

2023-10-04 20:15:42 - [TEST_STEP][PASSED] - NamaCheckout = getText(findTestObject("verifikasi/NamaCheckout")): Text of object 'Object Repository/verifikasi/NamaCheckout' is: ''

2023-10-04 20:15:42 - [MESSAGE][PASSED] - Text of object 'Object Repository/verifikasi/NamaCheckout' is: ''

2023-10-04 20:15:42 - [TEST_STEP][PASSED] - HargaCheckout = getText(findTestObject("verifikasi/HargaCheckout")): Text of object 'Object Repository/verifikasi/HargaCheckout' is: '1,299'

2023-10-04 20:15:43 - [MESSAGE][PASSED] - Text of object 'Object Repository/verifikasi/HargaCheckout' is: '1,299'

2023-10-04 20:15:43 - [TEST_STEP][PASSED] - name_product = data.get("nama_barang"): null

2023-10-04 20:15:43 - [TEST_STEP][PASSED] - price_product = data.get("price_barang"): null

2023-10-04 20:15:43 - [TEST_STEP][PASSED] - assert name_product.contains(NamaCheckout): null

2023-10-04 20:15:43 - [TEST_STEP][PASSED] - assert price_product.contains(HargaCheckout): null

2023-10-04 20:15:43 - [TEST_STEP][PASSED] - selectOptionByLabel(findTestObject("checkout/select - Kirim via Kurir Lokal"), Kurir, false): All options with label 'Roda 2' are selected in object 'Object Repository/checkout/select - Kirim via Kurir Lokal' 

2023-10-04 20:15:44 - [MESSAGE][PASSED] - All options with label 'Roda 2' are selected in object 'Object Repository/checkout/select - Kirim via Kurir Lokal' 

2023-10-04 20:15:44 - [TEST_STEP][PASSED] - click(findTestObject("checkout/Kendaraan Kurir")): Object: 'Object Repository/checkout/Kendaraan Kurir' is clicked on

2023-10-04 20:15:45 - [MESSAGE][PASSED] - Object: 'Object Repository/checkout/Kendaraan Kurir' is clicked on

2023-10-04 20:15:45 - [TEST_STEP][PASSED] - OngkosKirim = getText(findTestObject("Object Repository/verifikasi/Ongkos Kirim checkout")): Text of object 'Object Repository/verifikasi/Ongkos Kirim checkout' is: 'Rp. 5,000'

2023-10-04 20:15:45 - [MESSAGE][PASSED] - Text of object 'Object Repository/verifikasi/Ongkos Kirim checkout' is: 'Rp. 5,000'

2023-10-04 20:15:45 - [TEST_STEP][PASSED] - Ongkos = OngkosKirim.substring(3, OngkosKirim.size()): null

2023-10-04 20:15:45 - [TEST_STEP][PASSED] - rep = Ongkos.replace(",", "."): null

2023-10-04 20:15:45 - [TEST_STEP][PASSED] - Ongkos_kirim = Double.parseDouble(rep): null

2023-10-04 20:15:45 - [TEST_STEP][PASSED] - println(Ongkos_kirim): null

2023-10-04 20:15:45 - [TEST_STEP][PASSED] - FeeAdmin = getText(findTestObject("verifikasi/Fee Admin checkout")): Text of object 'Object Repository/verifikasi/Fee Admin checkout' is: 'Fee Admin
Rp 1,500'

2023-10-04 20:15:45 - [MESSAGE][PASSED] - Text of object 'Object Repository/verifikasi/Fee Admin checkout' is: 'Fee Admin
Rp 1,500'

2023-10-04 20:15:45 - [TEST_STEP][PASSED] - Fee_Admin = FeeAdmin.substring(12, FeeAdmin.size()): null

2023-10-04 20:15:45 - [TEST_STEP][PASSED] - fee = Fee_Admin.replace(",", "."): null

2023-10-04 20:15:45 - [TEST_STEP][PASSED] - fee_admin = Double.parseDouble(fee): null

2023-10-04 20:15:45 - [TEST_STEP][PASSED] - println(fee_admin): null

2023-10-04 20:15:45 - [TEST_STEP][PASSED] - Subtotal = getText(findTestObject("verifikasi/subtotal checkout")): Text of object 'Object Repository/verifikasi/subtotal checkout' is: 'Subtotal
Rp 1,299'

2023-10-04 20:15:46 - [MESSAGE][PASSED] - Text of object 'Object Repository/verifikasi/subtotal checkout' is: 'Subtotal
Rp 1,299'

2023-10-04 20:15:46 - [TEST_STEP][PASSED] - sub_total = Subtotal.substring(12, Subtotal.size()): null

2023-10-04 20:15:46 - [TEST_STEP][PASSED] - sub = sub_total.replace(",", "."): null

2023-10-04 20:15:46 - [TEST_STEP][PASSED] - sub_total = Double.parseDouble(sub): null

2023-10-04 20:15:46 - [TEST_STEP][PASSED] - println(sub_total): null

2023-10-04 20:15:46 - [TEST_STEP][PASSED] - Total = getText(findTestObject("verifikasi/Total checkout")): Text of object 'Object Repository/verifikasi/Total checkout' is: 'Rp 7,799'

2023-10-04 20:15:46 - [MESSAGE][PASSED] - Text of object 'Object Repository/verifikasi/Total checkout' is: 'Rp 7,799'

2023-10-04 20:15:46 - [TEST_STEP][PASSED] - totall = Total.substring(3, Total.size()): null

2023-10-04 20:15:46 - [TEST_STEP][PASSED] - total = totall.replace(",", "."): null

2023-10-04 20:15:46 - [TEST_STEP][PASSED] - totall = Double.parseDouble(total): null

2023-10-04 20:15:46 - [TEST_STEP][PASSED] - println(totall): null

2023-10-04 20:15:46 - [TEST_STEP][PASSED] - Total_Harga = Ongkos_kirim + fee_admin + sub_total: null

2023-10-04 20:15:46 - [TEST_STEP][PASSED] - println(Total_Harga): null

2023-10-04 20:15:46 - [TEST_STEP][PASSED] - TotalHarga = Math.round(Total_Harga * 1000) / 1000: null

2023-10-04 20:15:46 - [TEST_STEP][PASSED] - println(TotalHarga): null

2023-10-04 20:15:46 - [TEST_STEP][PASSED] - assert totall == TotalHarga: null

2023-10-04 20:15:46 - [TEST_STEP][PASSED] - click(findTestObject("verifikasi/Metode Transfer")): Object: 'Object Repository/verifikasi/Metode Transfer' is clicked on

2023-10-04 20:15:47 - [MESSAGE][PASSED] - Object: 'Object Repository/verifikasi/Metode Transfer' is clicked on

2023-10-04 20:15:47 - [TEST_STEP][PASSED] - click(findTestObject("checkout/button_Proses Pembayaran")): Object: 'Object Repository/checkout/button_Proses Pembayaran' is clicked on

2023-10-04 20:15:52 - [MESSAGE][PASSED] - Object: 'Object Repository/checkout/button_Proses Pembayaran' is clicked on

2023-10-04 20:15:52 - [TEST_STEP][PASSED] - verifyElementPresent(findTestObject("pembayaran/Tittle nomor invoice"), 0): Object 'Object Repository/pembayaran/Tittle nomor invoice' is present

2023-10-04 20:15:52 - [MESSAGE][WARNING] - Timeout '0' is invalid. Using default page load timeout: '30'

2023-10-04 20:15:56 - [MESSAGE][PASSED] - Object 'Object Repository/pembayaran/Tittle nomor invoice' is present

2023-10-04 20:15:56 - [TEST_STEP][PASSED] - return data: null

2023-10-04 20:15:56 - [MESSAGE][PASSED] - Call Test Case 'Test Cases/T13 Pembelian, Shipment dan Pembayaran/PBL-004' successfully

2023-10-04 20:15:56 - [TEST_STEP][PASSED] - Invoice = getText(findTestObject("pembayaran/nomor invoice")): Text of object 'Object Repository/pembayaran/nomor invoice' is: 'TRX60.20231004201548'

2023-10-04 20:15:57 - [MESSAGE][PASSED] - Text of object 'Object Repository/pembayaran/nomor invoice' is: 'TRX60.20231004201548'

2023-10-04 20:15:57 - [TEST_STEP][PASSED] - data.put("invoice", Invoice): null

2023-10-04 20:15:57 - [TEST_STEP][PASSED] - NamaPemesan = getText(findTestObject("Konfirmasi pesanan shop/Nama pemesan")): Text of object 'Object Repository/Konfirmasi pesanan shop/Nama pemesan' is: 'irfan.afandi'

2023-10-04 20:15:57 - [MESSAGE][PASSED] - Text of object 'Object Repository/Konfirmasi pesanan shop/Nama pemesan' is: 'irfan.afandi'

2023-10-04 20:15:57 - [TEST_STEP][PASSED] - Nama = getText(findTestObject("pembayaran/Nama barang")): Text of object 'Object Repository/pembayaran/Nama barang' is: 'Segitiga Instan Madeira - MDB5.3 Sunset'

2023-10-04 20:15:58 - [MESSAGE][PASSED] - Text of object 'Object Repository/pembayaran/Nama barang' is: 'Segitiga Instan Madeira - MDB5.3 Sunset'

2023-10-04 20:15:58 - [TEST_STEP][PASSED] - Harga = getText(findTestObject("pembayaran/Harga barang")): Text of object 'Object Repository/pembayaran/Harga barang' is: '1,299'

2023-10-04 20:15:58 - [MESSAGE][PASSED] - Text of object 'Object Repository/pembayaran/Harga barang' is: '1,299'

2023-10-04 20:15:58 - [TEST_STEP][PASSED] - name_product = data.get("nama_barang"): null

2023-10-04 20:15:58 - [TEST_STEP][PASSED] - price_product = data.get("price_barang"): null

2023-10-04 20:15:58 - [TEST_STEP][PASSED] - assert name_product.contains(Nama): null

2023-10-04 20:15:58 - [TEST_STEP][PASSED] - assert price_product.contains(Harga): null

2023-10-04 20:15:58 - [TEST_STEP][PASSED] - warnaa = getText(findTestObject("pembayaran/warna")): Text of object 'Object Repository/pembayaran/warna' is: 'Merah'

2023-10-04 20:15:59 - [MESSAGE][PASSED] - Text of object 'Object Repository/pembayaran/warna' is: 'Merah'

2023-10-04 20:15:59 - [TEST_STEP][PASSED] - ukurann = getText(findTestObject("pembayaran/ukuran")): Text of object 'Object Repository/pembayaran/ukuran' is: 'Menengah'

2023-10-04 20:15:59 - [MESSAGE][PASSED] - Text of object 'Object Repository/pembayaran/ukuran' is: 'Menengah'

2023-10-04 20:15:59 - [TEST_STEP][PASSED] - warna1 = data.get("Warna"): null

2023-10-04 20:15:59 - [TEST_STEP][PASSED] - ukuran1 = data.get("Ukuran"): null

2023-10-04 20:15:59 - [TEST_STEP][PASSED] - assert warnaa == warna1: null

2023-10-04 20:15:59 - [TEST_STEP][PASSED] - assert ukurann == ukuran1: null

2023-10-04 20:15:59 - [TEST_STEP][PASSED] - statusPembelian = getText(findTestObject("verifikasi/Status pending di pembelian")): Text of object 'Object Repository/verifikasi/Status pending di pembelian' is: 'Pending'

2023-10-04 20:16:00 - [MESSAGE][PASSED] - Text of object 'Object Repository/verifikasi/Status pending di pembelian' is: 'Pending'

2023-10-04 20:16:00 - [TEST_STEP][PASSED] - data.put("statusPem", statusPembelian): null

2023-10-04 20:16:00 - [TEST_STEP][PASSED] - OngkosKirim = getText(findTestObject("pembayaran/ongkos kirim")): Text of object 'Object Repository/pembayaran/ongkos kirim' is: 'Rp 5,000'

2023-10-04 20:16:00 - [MESSAGE][PASSED] - Text of object 'Object Repository/pembayaran/ongkos kirim' is: 'Rp 5,000'

2023-10-04 20:16:00 - [TEST_STEP][PASSED] - Ongkos = OngkosKirim.substring(3, OngkosKirim.size()): null

2023-10-04 20:16:00 - [TEST_STEP][PASSED] - rep = Ongkos.replace(",", ""): null

2023-10-04 20:16:00 - [TEST_STEP][PASSED] - Ongkos_kirimm = Integer.parseInt(rep): null

2023-10-04 20:16:00 - [TEST_STEP][PASSED] - println(Ongkos_kirimm): null

2023-10-04 20:16:00 - [TEST_STEP][PASSED] - FeeAdmin = getText(findTestObject("pembayaran/fee admin")): Text of object 'Object Repository/pembayaran/fee admin' is: 'Rp 1,500'

2023-10-04 20:16:01 - [MESSAGE][PASSED] - Text of object 'Object Repository/pembayaran/fee admin' is: 'Rp 1,500'

2023-10-04 20:16:01 - [TEST_STEP][PASSED] - Fee_Admin = FeeAdmin.substring(3, FeeAdmin.size()): null

2023-10-04 20:16:01 - [TEST_STEP][PASSED] - fee = Fee_Admin.replace(",", ""): null

2023-10-04 20:16:01 - [TEST_STEP][PASSED] - fee_adminn = Integer.parseInt(fee): null

2023-10-04 20:16:01 - [TEST_STEP][PASSED] - println(fee_adminn): null

2023-10-04 20:16:01 - [TEST_STEP][PASSED] - Subtotal = getText(findTestObject("pembayaran/subtotal")): Text of object 'Object Repository/pembayaran/subtotal' is: 'Rp 1,299'

2023-10-04 20:16:01 - [MESSAGE][PASSED] - Text of object 'Object Repository/pembayaran/subtotal' is: 'Rp 1,299'

2023-10-04 20:16:01 - [TEST_STEP][PASSED] - sub_total = Subtotal.substring(3, Subtotal.size()): null

2023-10-04 20:16:01 - [TEST_STEP][PASSED] - sub = sub_total.replace(",", ""): null

2023-10-04 20:16:01 - [TEST_STEP][PASSED] - sub_totall = Integer.parseInt(sub): null

2023-10-04 20:16:01 - [TEST_STEP][PASSED] - println(sub_totall): null

2023-10-04 20:16:01 - [TEST_STEP][PASSED] - unik = getText(findTestObject("pembayaran/kode unik")): Text of object 'Object Repository/pembayaran/kode unik' is: '+548'

2023-10-04 20:16:02 - [MESSAGE][PASSED] - Text of object 'Object Repository/pembayaran/kode unik' is: '+548'

2023-10-04 20:16:02 - [TEST_STEP][PASSED] - unikk = unik.replace("+", ""): null

2023-10-04 20:16:02 - [TEST_STEP][PASSED] - kode_unik = Integer.parseInt(unikk): null

2023-10-04 20:16:02 - [TEST_STEP][PASSED] - println(kode_unik): null

2023-10-04 20:16:02 - [TEST_STEP][PASSED] - Total = getText(findTestObject("pembayaran/total")): Text of object 'Object Repository/pembayaran/total' is: '8,347'

2023-10-04 20:16:02 - [MESSAGE][PASSED] - Text of object 'Object Repository/pembayaran/total' is: '8,347'

2023-10-04 20:16:02 - [TEST_STEP][PASSED] - total = Total.replace(",", ""): null

2023-10-04 20:16:02 - [TEST_STEP][PASSED] - totalll = Integer.parseInt(total): null

2023-10-04 20:16:02 - [TEST_STEP][PASSED] - println(totalll): null

2023-10-04 20:16:02 - [TEST_STEP][PASSED] - Total_Hargaa = Ongkos_kirimm + fee_adminn + sub_totall + kode_unik: null

2023-10-04 20:16:02 - [TEST_STEP][PASSED] - println(Total_Hargaa): null

2023-10-04 20:16:02 - [TEST_STEP][PASSED] - assert totalll == Total_Hargaa: null

2023-10-04 20:16:02 - [TEST_STEP][PASSED] - data.put("total", Total): null

2023-10-04 20:16:02 - [TEST_STEP][PASSED] - data.put("nama", NamaPemesan): null

2023-10-04 20:16:02 - [TEST_STEP][PASSED] - return data: null

2023-10-04 20:16:02 - [MESSAGE][PASSED] - Call Test Case 'Test Cases/T13 Pembelian, Shipment dan Pembayaran/PBY-001' successfully

2023-10-04 20:16:02 - [TEST_STEP][PASSED] - inv = data.get("invoice"): null

2023-10-04 20:16:02 - [TEST_STEP][PASSED] - Total = data.get("total"): null

2023-10-04 20:16:02 - [TEST_STEP][PASSED] - NamaPemesan = data.get("nama"): null

2023-10-04 20:16:02 - [TEST_STEP][PASSED] - click(findTestObject("Konfirmasi pesanan shop/Menu Shop")): Object: 'Object Repository/Konfirmasi pesanan shop/Menu Shop' is clicked on

2023-10-04 20:16:04 - [MESSAGE][PASSED] - Object: 'Object Repository/Konfirmasi pesanan shop/Menu Shop' is clicked on

2023-10-04 20:16:04 - [TEST_STEP][PASSED] - click(findTestObject("Konfirmasi pesanan shop/Menu Shop")): Object: 'Object Repository/Konfirmasi pesanan shop/Menu Shop' is clicked on

2023-10-04 20:16:05 - [MESSAGE][PASSED] - Object: 'Object Repository/Konfirmasi pesanan shop/Menu Shop' is clicked on

2023-10-04 20:16:05 - [TEST_STEP][PASSED] - click(findTestObject("Konfirmasi pesanan shop/Konfirmasi Orders")): Object: 'Object Repository/Konfirmasi pesanan shop/Konfirmasi Orders' is clicked on

2023-10-04 20:16:06 - [MESSAGE][PASSED] - Object: 'Object Repository/Konfirmasi pesanan shop/Konfirmasi Orders' is clicked on

2023-10-04 20:16:06 - [TEST_STEP][PASSED] - verifyElementPresent(findTestObject("Konfirmasi pesanan shop/Tittle Konfirmasi Pesanan"), 0): Object 'Object Repository/Konfirmasi pesanan shop/Tittle Konfirmasi Pesanan' is present

2023-10-04 20:16:06 - [MESSAGE][WARNING] - Timeout '0' is invalid. Using default page load timeout: '30'

2023-10-04 20:16:07 - [MESSAGE][PASSED] - Object 'Object Repository/Konfirmasi pesanan shop/Tittle Konfirmasi Pesanan' is present

2023-10-04 20:16:07 - [TEST_STEP][PASSED] - setText(findTestObject("Konfirmasi pesanan shop/input_No Pesanan"), inv): Text 'TRX60.20231004201548' is set on object 'Object Repository/Konfirmasi pesanan shop/input_No Pesanan'

2023-10-04 20:16:08 - [MESSAGE][PASSED] - Text 'TRX60.20231004201548' is set on object 'Object Repository/Konfirmasi pesanan shop/input_No Pesanan'

2023-10-04 20:16:08 - [TEST_STEP][PASSED] - setText(findTestObject("Konfirmasi pesanan shop/input_Alamat E-mai"), "irfan"): Text 'irfan' is set on object 'Object Repository/Konfirmasi pesanan shop/input_Alamat E-mai'

2023-10-04 20:16:08 - [MESSAGE][PASSED] - Text 'irfan' is set on object 'Object Repository/Konfirmasi pesanan shop/input_Alamat E-mai'

2023-10-04 20:16:08 - [TEST_STEP][PASSED] - click(findTestObject("Konfirmasi pesanan shop/button_Submit")): Object: 'Object Repository/Konfirmasi pesanan shop/button_Submit' is clicked on

2023-10-04 20:16:10 - [MESSAGE][PASSED] - Object: 'Object Repository/Konfirmasi pesanan shop/button_Submit' is clicked on

2023-10-04 20:16:10 - [TEST_STEP][FAILED] - verifyTextPresent("email not valid.", false): Unable to verify text 'email not valid.' is present  (Root cause: com.kms.katalon.core.exception.StepFailedException: Unable to verify text 'email not valid.' is present 
	at com.kms.katalon.core.webui.keyword.internal.WebUIKeywordMain.stepFailed(WebUIKeywordMain.groovy:64)
	at com.kms.katalon.core.webui.keyword.internal.WebUIKeywordMain.runKeyword(WebUIKeywordMain.groovy:26)
	at com.kms.katalon.core.webui.keyword.builtin.VerifyTextPresentKeyword.verifyTextPresent(VerifyTextPresentKeyword.groovy:83)
	at com.kms.katalon.core.webui.keyword.builtin.VerifyTextPresentKeyword.execute(VerifyTextPresentKeyword.groovy:68)
	at com.kms.katalon.core.keyword.internal.KeywordExecutor.executeKeywordForPlatform(KeywordExecutor.groovy:74)
	at com.kms.katalon.core.webui.keyword.WebUiBuiltInKeywords.verifyTextPresent(WebUiBuiltInKeywords.groovy:1723)
	at com.kms.katalon.core.webui.keyword.WebUiBuiltInKeywords$verifyTextPresent$7.call(Unknown Source)
	at PBY-013.run(PBY-013:42)
	at com.kms.katalon.core.main.ScriptEngine.run(ScriptEngine.java:194)
	at com.kms.katalon.core.main.ScriptEngine.runScriptAsRawText(ScriptEngine.java:119)
	at com.kms.katalon.core.main.TestCaseExecutor.runScript(TestCaseExecutor.java:448)
	at com.kms.katalon.core.main.TestCaseExecutor.doExecute(TestCaseExecutor.java:439)
	at com.kms.katalon.core.main.TestCaseExecutor.processExecutionPhase(TestCaseExecutor.java:418)
	at com.kms.katalon.core.main.TestCaseExecutor.accessMainPhase(TestCaseExecutor.java:410)
	at com.kms.katalon.core.main.TestCaseExecutor.execute(TestCaseExecutor.java:285)
	at com.kms.katalon.core.common.CommonExecutor.accessTestCaseMainPhase(CommonExecutor.java:65)
	at com.kms.katalon.core.main.TestSuiteExecutor.accessTestSuiteMainPhase(TestSuiteExecutor.java:148)
	at com.kms.katalon.core.main.TestSuiteExecutor.execute(TestSuiteExecutor.java:106)
	at com.kms.katalon.core.main.TestCaseMain.startTestSuite(TestCaseMain.java:187)
	at com.kms.katalon.core.main.TestCaseMain$startTestSuite$0.call(Unknown Source)
	at TempTestSuite1696424348948.run(TempTestSuite1696424348948.groovy:36)
Caused by: com.kms.katalon.core.exception.StepFailedException: Text 'email not valid.' is not present on page 
	at com.kms.katalon.core.webui.keyword.internal.WebUIKeywordMain.stepFailed(WebUIKeywordMain.groovy:64)
	at com.kms.katalon.core.webui.keyword.builtin.VerifyTextPresentKeyword$_verifyTextPresent_closure1.doCall(VerifyTextPresentKeyword.groovy:79)
	at com.kms.katalon.core.webui.keyword.builtin.VerifyTextPresentKeyword$_verifyTextPresent_closure1.call(VerifyTextPresentKeyword.groovy)
	at com.kms.katalon.core.webui.keyword.internal.WebUIKeywordMain.runKeyword(WebUIKeywordMain.groovy:20)
	... 19 more
)

2023-10-04 20:16:10 - [MESSAGE][FAILED] - Text 'email not valid.' is not present on page  (Root cause: com.kms.katalon.core.exception.StepFailedException: Text 'email not valid.' is not present on page 
	at com.kms.katalon.core.webui.keyword.internal.WebUIKeywordMain.stepFailed(WebUIKeywordMain.groovy:64)
	at com.kms.katalon.core.webui.keyword.builtin.VerifyTextPresentKeyword$_verifyTextPresent_closure1.doCall(VerifyTextPresentKeyword.groovy:79)
	at com.kms.katalon.core.webui.keyword.builtin.VerifyTextPresentKeyword$_verifyTextPresent_closure1.call(VerifyTextPresentKeyword.groovy)
	at com.kms.katalon.core.webui.keyword.internal.WebUIKeywordMain.runKeyword(WebUIKeywordMain.groovy:20)
	at com.kms.katalon.core.webui.keyword.builtin.VerifyTextPresentKeyword.verifyTextPresent(VerifyTextPresentKeyword.groovy:83)
	at com.kms.katalon.core.webui.keyword.builtin.VerifyTextPresentKeyword.execute(VerifyTextPresentKeyword.groovy:68)
	at com.kms.katalon.core.keyword.internal.KeywordExecutor.executeKeywordForPlatform(KeywordExecutor.groovy:74)
	at com.kms.katalon.core.webui.keyword.WebUiBuiltInKeywords.verifyTextPresent(WebUiBuiltInKeywords.groovy:1723)
	at com.kms.katalon.core.webui.keyword.WebUiBuiltInKeywords$verifyTextPresent$7.call(Unknown Source)
	at PBY-013.run(PBY-013:42)
	at com.kms.katalon.core.main.ScriptEngine.run(ScriptEngine.java:194)
	at com.kms.katalon.core.main.ScriptEngine.runScriptAsRawText(ScriptEngine.java:119)
	at com.kms.katalon.core.main.TestCaseExecutor.runScript(TestCaseExecutor.java:448)
	at com.kms.katalon.core.main.TestCaseExecutor.doExecute(TestCaseExecutor.java:439)
	at com.kms.katalon.core.main.TestCaseExecutor.processExecutionPhase(TestCaseExecutor.java:418)
	at com.kms.katalon.core.main.TestCaseExecutor.accessMainPhase(TestCaseExecutor.java:410)
	at com.kms.katalon.core.main.TestCaseExecutor.execute(TestCaseExecutor.java:285)
	at com.kms.katalon.core.common.CommonExecutor.accessTestCaseMainPhase(CommonExecutor.java:65)
	at com.kms.katalon.core.main.TestSuiteExecutor.accessTestSuiteMainPhase(TestSuiteExecutor.java:148)
	at com.kms.katalon.core.main.TestSuiteExecutor.execute(TestSuiteExecutor.java:106)
	at com.kms.katalon.core.main.TestCaseMain.startTestSuite(TestCaseMain.java:187)
	at com.kms.katalon.core.main.TestCaseMain$startTestSuite$0.call(Unknown Source)
	at TempTestSuite1696424348948.run(TempTestSuite1696424348948.groovy:36)
)

2023-10-04 20:16:10 - [MESSAGE][FAILED] - Unable to verify text 'email not valid.' is present  (Root cause: com.kms.katalon.core.exception.StepFailedException: Unable to verify text 'email not valid.' is present 
	at com.kms.katalon.core.webui.keyword.internal.WebUIKeywordMain.stepFailed(WebUIKeywordMain.groovy:64)
	at com.kms.katalon.core.webui.keyword.internal.WebUIKeywordMain.runKeyword(WebUIKeywordMain.groovy:26)
	at com.kms.katalon.core.webui.keyword.builtin.VerifyTextPresentKeyword.verifyTextPresent(VerifyTextPresentKeyword.groovy:83)
	at com.kms.katalon.core.webui.keyword.builtin.VerifyTextPresentKeyword.execute(VerifyTextPresentKeyword.groovy:68)
	at com.kms.katalon.core.keyword.internal.KeywordExecutor.executeKeywordForPlatform(KeywordExecutor.groovy:74)
	at com.kms.katalon.core.webui.keyword.WebUiBuiltInKeywords.verifyTextPresent(WebUiBuiltInKeywords.groovy:1723)
	at com.kms.katalon.core.webui.keyword.WebUiBuiltInKeywords$verifyTextPresent$7.call(Unknown Source)
	at PBY-013.run(PBY-013:42)
	at com.kms.katalon.core.main.ScriptEngine.run(ScriptEngine.java:194)
	at com.kms.katalon.core.main.ScriptEngine.runScriptAsRawText(ScriptEngine.java:119)
	at com.kms.katalon.core.main.TestCaseExecutor.runScript(TestCaseExecutor.java:448)
	at com.kms.katalon.core.main.TestCaseExecutor.doExecute(TestCaseExecutor.java:439)
	at com.kms.katalon.core.main.TestCaseExecutor.processExecutionPhase(TestCaseExecutor.java:418)
	at com.kms.katalon.core.main.TestCaseExecutor.accessMainPhase(TestCaseExecutor.java:410)
	at com.kms.katalon.core.main.TestCaseExecutor.execute(TestCaseExecutor.java:285)
	at com.kms.katalon.core.common.CommonExecutor.accessTestCaseMainPhase(CommonExecutor.java:65)
	at com.kms.katalon.core.main.TestSuiteExecutor.accessTestSuiteMainPhase(TestSuiteExecutor.java:148)
	at com.kms.katalon.core.main.TestSuiteExecutor.execute(TestSuiteExecutor.java:106)
	at com.kms.katalon.core.main.TestCaseMain.startTestSuite(TestCaseMain.java:187)
	at com.kms.katalon.core.main.TestCaseMain$startTestSuite$0.call(Unknown Source)
	at TempTestSuite1696424348948.run(TempTestSuite1696424348948.groovy:36)
Caused by: com.kms.katalon.core.exception.StepFailedException: Text 'email not valid.' is not present on page 
	at com.kms.katalon.core.webui.keyword.internal.WebUIKeywordMain.stepFailed(WebUIKeywordMain.groovy:64)
	at com.kms.katalon.core.webui.keyword.builtin.VerifyTextPresentKeyword$_verifyTextPresent_closure1.doCall(VerifyTextPresentKeyword.groovy:79)
	at com.kms.katalon.core.webui.keyword.builtin.VerifyTextPresentKeyword$_verifyTextPresent_closure1.call(VerifyTextPresentKeyword.groovy)
	at com.kms.katalon.core.webui.keyword.internal.WebUIKeywordMain.runKeyword(WebUIKeywordMain.groovy:20)
	... 19 more
)
[[ATTACHMENT|D:\\BOOTCAMP XSIS\\Projek 2 MINI PROJEK\\Reports\\20231004_190004\\T13 Pembelian, Shipment dan Pembayaran\\T13 Pembelian, Shipment dan Pembayaran\\20231004_195908\\1696425370830.png]]]]></system-out>
         <system-err><![CDATA[2023-10-04 20:15:17 - [TEST_CASE][FAILED] - Test Cases/T13 Pembelian, Shipment dan Pembayaran/PBY-013: Test Cases/T13 Pembelian, Shipment dan Pembayaran/PBY-013 FAILED.
Reason:
com.kms.katalon.core.exception.StepFailedException: Unable to verify text 'email not valid.' is present 
	at com.kms.katalon.core.webui.keyword.internal.WebUIKeywordMain.stepFailed(WebUIKeywordMain.groovy:64)
	at com.kms.katalon.core.webui.keyword.internal.WebUIKeywordMain.runKeyword(WebUIKeywordMain.groovy:26)
	at com.kms.katalon.core.webui.keyword.builtin.VerifyTextPresentKeyword.verifyTextPresent(VerifyTextPresentKeyword.groovy:83)
	at com.kms.katalon.core.webui.keyword.builtin.VerifyTextPresentKeyword.execute(VerifyTextPresentKeyword.groovy:68)
	at com.kms.katalon.core.keyword.internal.KeywordExecutor.executeKeywordForPlatform(KeywordExecutor.groovy:74)
	at com.kms.katalon.core.webui.keyword.WebUiBuiltInKeywords.verifyTextPresent(WebUiBuiltInKeywords.groovy:1723)
	at com.kms.katalon.core.webui.keyword.WebUiBuiltInKeywords$verifyTextPresent$7.call(Unknown Source)
	at PBY-013.run(PBY-013:42)
	at com.kms.katalon.core.main.ScriptEngine.run(ScriptEngine.java:194)
	at com.kms.katalon.core.main.ScriptEngine.runScriptAsRawText(ScriptEngine.java:119)
	at com.kms.katalon.core.main.TestCaseExecutor.runScript(TestCaseExecutor.java:448)
	at com.kms.katalon.core.main.TestCaseExecutor.doExecute(TestCaseExecutor.java:439)
	at com.kms.katalon.core.main.TestCaseExecutor.processExecutionPhase(TestCaseExecutor.java:418)
	at com.kms.katalon.core.main.TestCaseExecutor.accessMainPhase(TestCaseExecutor.java:410)
	at com.kms.katalon.core.main.TestCaseExecutor.execute(TestCaseExecutor.java:285)
	at com.kms.katalon.core.common.CommonExecutor.accessTestCaseMainPhase(CommonExecutor.java:65)
	at com.kms.katalon.core.main.TestSuiteExecutor.accessTestSuiteMainPhase(TestSuiteExecutor.java:148)
	at com.kms.katalon.core.main.TestSuiteExecutor.execute(TestSuiteExecutor.java:106)
	at com.kms.katalon.core.main.TestCaseMain.startTestSuite(TestCaseMain.java:187)
	at com.kms.katalon.core.main.TestCaseMain$startTestSuite$0.call(Unknown Source)
	at TempTestSuite1696424348948.run(TempTestSuite1696424348948.groovy:36)
Caused by: com.kms.katalon.core.exception.StepFailedException: Text 'email not valid.' is not present on page 
	at com.kms.katalon.core.webui.keyword.internal.WebUIKeywordMain.stepFailed(WebUIKeywordMain.groovy:64)
	at com.kms.katalon.core.webui.keyword.builtin.VerifyTextPresentKeyword$_verifyTextPresent_closure1.doCall(VerifyTextPresentKeyword.groovy:79)
	at com.kms.katalon.core.webui.keyword.builtin.VerifyTextPresentKeyword$_verifyTextPresent_closure1.call(VerifyTextPresentKeyword.groovy)
	at com.kms.katalon.core.webui.keyword.internal.WebUIKeywordMain.runKeyword(WebUIKeywordMain.groovy:20)
	... 19 more]]></system-err>
      </testcase>
      <testcase name="Test Cases/T13 Pembelian, Shipment dan Pembayaran/PBY-014" time="56.226" classname="Test Cases/T13 Pembelian, Shipment dan Pembayaran/PBY-014" status="FAILED">
         <failure type="FAILED" message="Test Cases/T13 Pembelian, Shipment dan Pembayaran/PBY-014 FAILED.
Reason:
com.kms.katalon.core.exception.StepFailedException: Unable to verify text 'number invoice not valid.' is present 
	at com.kms.katalon.core.webui.keyword.internal.WebUIKeywordMain.stepFailed(WebUIKeywordMain.groovy:64)
	at com.kms.katalon.core.webui.keyword.internal.WebUIKeywordMain.runKeyword(WebUIKeywordMain.groovy:26)
	at com.kms.katalon.core.webui.keyword.builtin.VerifyTextPresentKeyword.verifyTextPresent(VerifyTextPresentKeyword.groovy:83)
	at com.kms.katalon.core.webui.keyword.builtin.VerifyTextPresentKeyword.execute(VerifyTextPresentKeyword.groovy:68)
	at com.kms.katalon.core.keyword.internal.KeywordExecutor.executeKeywordForPlatform(KeywordExecutor.groovy:74)
	at com.kms.katalon.core.webui.keyword.WebUiBuiltInKeywords.verifyTextPresent(WebUiBuiltInKeywords.groovy:1723)
	at com.kms.katalon.core.webui.keyword.WebUiBuiltInKeywords$verifyTextPresent$7.call(Unknown Source)
	at PBY-014.run(PBY-014:42)
	at com.kms.katalon.core.main.ScriptEngine.run(ScriptEngine.java:194)
	at com.kms.katalon.core.main.ScriptEngine.runScriptAsRawText(ScriptEngine.java:119)
	at com.kms.katalon.core.main.TestCaseExecutor.runScript(TestCaseExecutor.java:448)
	at com.kms.katalon.core.main.TestCaseExecutor.doExecute(TestCaseExecutor.java:439)
	at com.kms.katalon.core.main.TestCaseExecutor.processExecutionPhase(TestCaseExecutor.java:418)
	at com.kms.katalon.core.main.TestCaseExecutor.accessMainPhase(TestCaseExecutor.java:410)
	at com.kms.katalon.core.main.TestCaseExecutor.execute(TestCaseExecutor.java:285)
	at com.kms.katalon.core.common.CommonExecutor.accessTestCaseMainPhase(CommonExecutor.java:65)
	at com.kms.katalon.core.main.TestSuiteExecutor.accessTestSuiteMainPhase(TestSuiteExecutor.java:148)
	at com.kms.katalon.core.main.TestSuiteExecutor.execute(TestSuiteExecutor.java:106)
	at com.kms.katalon.core.main.TestCaseMain.startTestSuite(TestCaseMain.java:187)
	at com.kms.katalon.core.main.TestCaseMain$startTestSuite$0.call(Unknown Source)
	at TempTestSuite1696424348948.run(TempTestSuite1696424348948.groovy:36)
Caused by: com.kms.katalon.core.exception.StepFailedException: Text 'number invoice not valid.' is not present on page 
	at com.kms.katalon.core.webui.keyword.internal.WebUIKeywordMain.stepFailed(WebUIKeywordMain.groovy:64)
	at com.kms.katalon.core.webui.keyword.builtin.VerifyTextPresentKeyword$_verifyTextPresent_closure1.doCall(VerifyTextPresentKeyword.groovy:79)
	at com.kms.katalon.core.webui.keyword.builtin.VerifyTextPresentKeyword$_verifyTextPresent_closure1.call(VerifyTextPresentKeyword.groovy)
	at com.kms.katalon.core.webui.keyword.internal.WebUIKeywordMain.runKeyword(WebUIKeywordMain.groovy:20)
	... 19 more
"/>
         <system-out><![CDATA[2023-10-04 20:16:10 - [TEST_CASE][FAILED] - Test Cases/T13 Pembelian, Shipment dan Pembayaran/PBY-014: Test Cases/T13 Pembelian, Shipment dan Pembayaran/PBY-014 FAILED.
Reason:
com.kms.katalon.core.exception.StepFailedException: Unable to verify text 'number invoice not valid.' is present 
	at com.kms.katalon.core.webui.keyword.internal.WebUIKeywordMain.stepFailed(WebUIKeywordMain.groovy:64)
	at com.kms.katalon.core.webui.keyword.internal.WebUIKeywordMain.runKeyword(WebUIKeywordMain.groovy:26)
	at com.kms.katalon.core.webui.keyword.builtin.VerifyTextPresentKeyword.verifyTextPresent(VerifyTextPresentKeyword.groovy:83)
	at com.kms.katalon.core.webui.keyword.builtin.VerifyTextPresentKeyword.execute(VerifyTextPresentKeyword.groovy:68)
	at com.kms.katalon.core.keyword.internal.KeywordExecutor.executeKeywordForPlatform(KeywordExecutor.groovy:74)
	at com.kms.katalon.core.webui.keyword.WebUiBuiltInKeywords.verifyTextPresent(WebUiBuiltInKeywords.groovy:1723)
	at com.kms.katalon.core.webui.keyword.WebUiBuiltInKeywords$verifyTextPresent$7.call(Unknown Source)
	at PBY-014.run(PBY-014:42)
	at com.kms.katalon.core.main.ScriptEngine.run(ScriptEngine.java:194)
	at com.kms.katalon.core.main.ScriptEngine.runScriptAsRawText(ScriptEngine.java:119)
	at com.kms.katalon.core.main.TestCaseExecutor.runScript(TestCaseExecutor.java:448)
	at com.kms.katalon.core.main.TestCaseExecutor.doExecute(TestCaseExecutor.java:439)
	at com.kms.katalon.core.main.TestCaseExecutor.processExecutionPhase(TestCaseExecutor.java:418)
	at com.kms.katalon.core.main.TestCaseExecutor.accessMainPhase(TestCaseExecutor.java:410)
	at com.kms.katalon.core.main.TestCaseExecutor.execute(TestCaseExecutor.java:285)
	at com.kms.katalon.core.common.CommonExecutor.accessTestCaseMainPhase(CommonExecutor.java:65)
	at com.kms.katalon.core.main.TestSuiteExecutor.accessTestSuiteMainPhase(TestSuiteExecutor.java:148)
	at com.kms.katalon.core.main.TestSuiteExecutor.execute(TestSuiteExecutor.java:106)
	at com.kms.katalon.core.main.TestCaseMain.startTestSuite(TestCaseMain.java:187)
	at com.kms.katalon.core.main.TestCaseMain$startTestSuite$0.call(Unknown Source)
	at TempTestSuite1696424348948.run(TempTestSuite1696424348948.groovy:36)
Caused by: com.kms.katalon.core.exception.StepFailedException: Text 'number invoice not valid.' is not present on page 
	at com.kms.katalon.core.webui.keyword.internal.WebUIKeywordMain.stepFailed(WebUIKeywordMain.groovy:64)
	at com.kms.katalon.core.webui.keyword.builtin.VerifyTextPresentKeyword$_verifyTextPresent_closure1.doCall(VerifyTextPresentKeyword.groovy:79)
	at com.kms.katalon.core.webui.keyword.builtin.VerifyTextPresentKeyword$_verifyTextPresent_closure1.call(VerifyTextPresentKeyword.groovy)
	at com.kms.katalon.core.webui.keyword.internal.WebUIKeywordMain.runKeyword(WebUIKeywordMain.groovy:20)
	... 19 more


2023-10-04 20:16:11 - [TEST_STEP][PASSED] - data = callTestCase(findTestCase("T13 Pembelian, Shipment dan Pembayaran/PBY-001"), [:], STOP_ON_FAILURE): Call Test Case 'Test Cases/T13 Pembelian, Shipment dan Pembayaran/PBY-001' successfully

2023-10-04 20:16:11 - [TEST_CASE][PASSED] - Test Cases/T13 Pembelian, Shipment dan Pembayaran/PBY-001: Test Cases/T13 Pembelian, Shipment dan Pembayaran/PBY-001

2023-10-04 20:16:11 - [TEST_STEP][PASSED] - data = callTestCase(findTestCase("T13 Pembelian, Shipment dan Pembayaran/PBL-004"), ["Kurir":"Roda 2"], STOP_ON_FAILURE): Call Test Case 'Test Cases/T13 Pembelian, Shipment dan Pembayaran/PBL-004' successfully

2023-10-04 20:16:11 - [TEST_CASE][PASSED] - Test Cases/T13 Pembelian, Shipment dan Pembayaran/PBL-004: Test Cases/T13 Pembelian, Shipment dan Pembayaran/PBL-004

2023-10-04 20:16:11 - [TEST_STEP][PASSED] - data = callTestCase(findTestCase("T13 Pembelian, Shipment dan Pembayaran/PBL-002"), [:], STOP_ON_FAILURE): Call Test Case 'Test Cases/T13 Pembelian, Shipment dan Pembayaran/PBL-002' successfully

2023-10-04 20:16:11 - [TEST_CASE][PASSED] - Test Cases/T13 Pembelian, Shipment dan Pembayaran/PBL-002: Test Cases/T13 Pembelian, Shipment dan Pembayaran/PBL-002

2023-10-04 20:16:11 - [TEST_STEP][PASSED] - data = callTestCase(findTestCase("T13 Pembelian, Shipment dan Pembayaran/PBL-001"), [:], STOP_ON_FAILURE): Call Test Case 'Test Cases/T13 Pembelian, Shipment dan Pembayaran/PBL-001' successfully

2023-10-04 20:16:11 - [TEST_CASE][PASSED] - Test Cases/T13 Pembelian, Shipment dan Pembayaran/PBL-001: Test Cases/T13 Pembelian, Shipment dan Pembayaran/PBL-001

2023-10-04 20:16:11 - [TEST_STEP][PASSED] - callTestCase(findTestCase("T13 Pembelian, Shipment dan Pembayaran/LU-001"), ["username":"irfanafandi", "password":"12345irfan"], STOP_ON_FAILURE): Call Test Case 'Test Cases/T13 Pembelian, Shipment dan Pembayaran/LU-001' successfully

2023-10-04 20:16:11 - [TEST_CASE][PASSED] - Test Cases/T13 Pembelian, Shipment dan Pembayaran/LU-001: Test Cases/T13 Pembelian, Shipment dan Pembayaran/LU-001

2023-10-04 20:16:11 - [TEST_STEP][PASSED] - openBrowser("https://10.9.2.63/ecommerce/"): Browser is opened with url: 'https://10.9.2.63/ecommerce/'

2023-10-04 20:16:11 - [MESSAGE][WARNING] - A browser is already opened. Closing browser and opening a new one

2023-10-04 20:16:13 - [MESSAGE][INFO] - Starting 'Firefox' driver

2023-10-04 20:16:13 - [MESSAGE][INFO] - User set preference: ['args', '[--disable-notifications]']

2023-10-04 20:16:13 - [MESSAGE][INFO] - Action delay is set to 0 milliseconds

2023-10-04 20:16:18 - [MESSAGE][PASSED] - Browser is opened with url: 'https://10.9.2.63/ecommerce/'

2023-10-04 20:16:18 - [TEST_STEP][PASSED] - maximizeWindow(): Current window maximized

2023-10-04 20:16:18 - [MESSAGE][PASSED] - Current window maximized

2023-10-04 20:16:18 - [TEST_STEP][PASSED] - verifyElementPresent(findTestObject("Login/Home"), 0): Object 'Object Repository/Login/Home' is present

2023-10-04 20:16:18 - [MESSAGE][WARNING] - Timeout '0' is invalid. Using default page load timeout: '30'

2023-10-04 20:16:19 - [MESSAGE][PASSED] - Object 'Object Repository/Login/Home' is present

2023-10-04 20:16:19 - [TEST_STEP][PASSED] - click(findTestObject("Login/a_Login")): Object: 'Object Repository/Login/a_Login' is clicked on

2023-10-04 20:16:19 - [MESSAGE][PASSED] - Object: 'Object Repository/Login/a_Login' is clicked on

2023-10-04 20:16:19 - [TEST_STEP][PASSED] - verifyElementPresent(findTestObject("Login/Tittle Login"), 0): Object 'Object Repository/Login/Tittle Login' is present

2023-10-04 20:16:19 - [MESSAGE][WARNING] - Timeout '0' is invalid. Using default page load timeout: '30'

2023-10-04 20:16:20 - [MESSAGE][PASSED] - Object 'Object Repository/Login/Tittle Login' is present

2023-10-04 20:16:20 - [TEST_STEP][PASSED] - setText(findTestObject("Login/input_Username, Email atau No. Handphone_a"), username): Text 'irfanafandi' is set on object 'Object Repository/Login/input_Username, Email atau No. Handphone_a'

2023-10-04 20:16:21 - [MESSAGE][PASSED] - Text 'irfanafandi' is set on object 'Object Repository/Login/input_Username, Email atau No. Handphone_a'

2023-10-04 20:16:21 - [TEST_STEP][PASSED] - setText(findTestObject("Login/input_Password_b"), password): Text '12345irfan' is set on object 'Object Repository/Login/input_Password_b'

2023-10-04 20:16:21 - [MESSAGE][PASSED] - Text '12345irfan' is set on object 'Object Repository/Login/input_Password_b'

2023-10-04 20:16:21 - [TEST_STEP][PASSED] - click(findTestObject("Login/label_Ingat saya")): Object: 'Object Repository/Login/label_Ingat saya' is clicked on

2023-10-04 20:16:22 - [MESSAGE][PASSED] - Object: 'Object Repository/Login/label_Ingat saya' is clicked on

2023-10-04 20:16:22 - [TEST_STEP][PASSED] - click(findTestObject("Login/button_Masuk")): Object: 'Object Repository/Login/button_Masuk' is clicked on

2023-10-04 20:16:23 - [MESSAGE][PASSED] - Object: 'Object Repository/Login/button_Masuk' is clicked on

2023-10-04 20:16:23 - [TEST_STEP][PASSED] - verifyElementPresent(findTestObject("Login/li_Profile"), 0): Object 'Object Repository/Login/li_Profile' is present

2023-10-04 20:16:23 - [MESSAGE][WARNING] - Timeout '0' is invalid. Using default page load timeout: '30'

2023-10-04 20:16:23 - [MESSAGE][PASSED] - Object 'Object Repository/Login/li_Profile' is present

2023-10-04 20:16:23 - [MESSAGE][PASSED] - Call Test Case 'Test Cases/T13 Pembelian, Shipment dan Pembayaran/LU-001' successfully

2023-10-04 20:16:23 - [TEST_STEP][PASSED] - mouseOver(findTestObject("beli barang/i_Mulai Belanja_icon-menu")): Object: 'Object Repository/beli barang/i_Mulai Belanja_icon-menu' is hovered

2023-10-04 20:16:24 - [MESSAGE][PASSED] - Object: 'Object Repository/beli barang/i_Mulai Belanja_icon-menu' is hovered

2023-10-04 20:16:24 - [TEST_STEP][PASSED] - click(findTestObject("beli barang/a_Fashion  Busana Wanita")): Object: 'Object Repository/beli barang/a_Fashion  Busana Wanita' is clicked on

2023-10-04 20:16:25 - [MESSAGE][PASSED] - Object: 'Object Repository/beli barang/a_Fashion  Busana Wanita' is clicked on

2023-10-04 20:16:25 - [TEST_STEP][PASSED] - NamaSebelum = getText(findTestObject("verifikasi/Nama sebelum")): Text of object 'Object Repository/verifikasi/Nama sebelum' is: ''

2023-10-04 20:16:26 - [MESSAGE][PASSED] - Text of object 'Object Repository/verifikasi/Nama sebelum' is: ''

2023-10-04 20:16:26 - [TEST_STEP][PASSED] - HargaSebelum = getText(findTestObject("verifikasi/Harga sebelum")): Text of object 'Object Repository/verifikasi/Harga sebelum' is: 'Rp 1,299'

2023-10-04 20:16:26 - [MESSAGE][PASSED] - Text of object 'Object Repository/verifikasi/Harga sebelum' is: 'Rp 1,299'

2023-10-04 20:16:26 - [TEST_STEP][PASSED] - mouseOver(findTestObject("beli barang/barang mouse over")): Object: 'Object Repository/beli barang/barang mouse over' is hovered

2023-10-04 20:16:27 - [MESSAGE][PASSED] - Object: 'Object Repository/beli barang/barang mouse over' is hovered

2023-10-04 20:16:27 - [TEST_STEP][PASSED] - click(findTestObject("beli barang/buttom add to cart")): Object: 'Object Repository/beli barang/buttom add to cart' is clicked on

2023-10-04 20:16:28 - [MESSAGE][PASSED] - Object: 'Object Repository/beli barang/buttom add to cart' is clicked on

2023-10-04 20:16:28 - [TEST_STEP][PASSED] - NamaSesudah = getText(findTestObject("verifikasi/Nama sesudah")): Text of object 'Object Repository/verifikasi/Nama sesudah' is: 'Segitiga Instan Madeira - MDB5.3 Sunset'

2023-10-04 20:16:28 - [MESSAGE][PASSED] - Text of object 'Object Repository/verifikasi/Nama sesudah' is: 'Segitiga Instan Madeira - MDB5.3 Sunset'

2023-10-04 20:16:28 - [TEST_STEP][PASSED] - HargaSesudah = getText(findTestObject("verifikasi/Harga sesudah")): Text of object 'Object Repository/verifikasi/Harga sesudah' is: 'Rp 1,299'

2023-10-04 20:16:29 - [MESSAGE][PASSED] - Text of object 'Object Repository/verifikasi/Harga sesudah' is: 'Rp 1,299'

2023-10-04 20:16:29 - [TEST_STEP][PASSED] - assert NamaSesudah.contains(NamaSebelum): null

2023-10-04 20:16:29 - [TEST_STEP][PASSED] - assert HargaSesudah.contains(HargaSebelum): null

2023-10-04 20:16:29 - [TEST_STEP][PASSED] - click(findTestObject("beli barang/Tambah Keranjang busana wanita")): Object: 'Object Repository/beli barang/Tambah Keranjang busana wanita' is clicked on

2023-10-04 20:16:29 - [MESSAGE][PASSED] - Object: 'Object Repository/beli barang/Tambah Keranjang busana wanita' is clicked on

2023-10-04 20:16:29 - [TEST_STEP][PASSED] - verifyElementPresent(findTestObject("checkout/Notifikasi keranjang"), 1): Object 'Object Repository/checkout/Notifikasi keranjang' is present

2023-10-04 20:16:30 - [MESSAGE][PASSED] - Object 'Object Repository/checkout/Notifikasi keranjang' is present

2023-10-04 20:16:30 - [TEST_STEP][PASSED] - data = new java.util.HashMap(): null

2023-10-04 20:16:30 - [TEST_STEP][PASSED] - data.put("nama_barang", NamaSesudah): null

2023-10-04 20:16:30 - [TEST_STEP][PASSED] - data.put("price_barang", HargaSesudah): null

2023-10-04 20:16:30 - [TEST_STEP][PASSED] - return data: null

2023-10-04 20:16:30 - [MESSAGE][PASSED] - Call Test Case 'Test Cases/T13 Pembelian, Shipment dan Pembayaran/PBL-001' successfully

2023-10-04 20:16:30 - [TEST_STEP][PASSED] - mouseOver(findTestObject("beli barang/keranjang")): Object: 'Object Repository/beli barang/keranjang' is hovered

2023-10-04 20:16:31 - [MESSAGE][PASSED] - Object: 'Object Repository/beli barang/keranjang' is hovered

2023-10-04 20:16:31 - [TEST_STEP][PASSED] - click(findTestObject("beli barang/Lihat Sekarang")): Object: 'Object Repository/beli barang/Lihat Sekarang' is clicked on

2023-10-04 20:16:32 - [MESSAGE][PASSED] - Object: 'Object Repository/beli barang/Lihat Sekarang' is clicked on

2023-10-04 20:16:32 - [TEST_STEP][PASSED] - verifyElementPresent(findTestObject("keranjang/li_Keranjang Belanja"), 0): Object 'Object Repository/keranjang/li_Keranjang Belanja' is present

2023-10-04 20:16:32 - [MESSAGE][WARNING] - Timeout '0' is invalid. Using default page load timeout: '30'

2023-10-04 20:16:33 - [MESSAGE][PASSED] - Object 'Object Repository/keranjang/li_Keranjang Belanja' is present

2023-10-04 20:16:33 - [TEST_STEP][PASSED] - NamaKeranjang = getText(findTestObject("verifikasi/Nama keranjang")): Text of object 'Object Repository/verifikasi/Nama keranjang' is: 'Segitiga Instan Madeira - MDB5.3 Sunset'

2023-10-04 20:16:33 - [MESSAGE][PASSED] - Text of object 'Object Repository/verifikasi/Nama keranjang' is: 'Segitiga Instan Madeira - MDB5.3 Sunset'

2023-10-04 20:16:33 - [TEST_STEP][PASSED] - HargaKeranjang = getText(findTestObject("verifikasi/Harga Keranjang")): Text of object 'Object Repository/verifikasi/Harga Keranjang' is: 'Rp 1,299'

2023-10-04 20:16:34 - [MESSAGE][PASSED] - Text of object 'Object Repository/verifikasi/Harga Keranjang' is: 'Rp 1,299'

2023-10-04 20:16:34 - [TEST_STEP][PASSED] - if (toString().equalsIgnoreCase("Merah")): Object 'Object Repository/keranjang/input_Warna_variasi101' is checked

2023-10-04 20:16:34 - [TEST_STEP][PASSED] - check(findTestObject("Object Repository/keranjang/input_Warna_variasi101")): Object 'Object Repository/keranjang/input_Warna_variasi101' is checked

2023-10-04 20:16:34 - [MESSAGE][PASSED] - Object 'Object Repository/keranjang/input_Warna_variasi101' is checked

2023-10-04 20:16:34 - [TEST_STEP][PASSED] - if (toString().equalsIgnoreCase("Menengah")): Object 'Object Repository/keranjang/input_Ukuran_variasi201' is checked

2023-10-04 20:16:34 - [TEST_STEP][PASSED] - check(findTestObject("Object Repository/keranjang/input_Ukuran_variasi201")): Object 'Object Repository/keranjang/input_Ukuran_variasi201' is checked

2023-10-04 20:16:35 - [MESSAGE][PASSED] - Object 'Object Repository/keranjang/input_Ukuran_variasi201' is checked

2023-10-04 20:16:35 - [TEST_STEP][PASSED] - data.put("Warna", warna): null

2023-10-04 20:16:35 - [TEST_STEP][PASSED] - data.put("Ukuran", ukuran): null

2023-10-04 20:16:35 - [TEST_STEP][PASSED] - click(findTestObject("keranjang/button_Lanjut ke Pembayaran")): Object: 'Object Repository/keranjang/button_Lanjut ke Pembayaran' is clicked on

2023-10-04 20:16:36 - [MESSAGE][PASSED] - Object: 'Object Repository/keranjang/button_Lanjut ke Pembayaran' is clicked on

2023-10-04 20:16:36 - [TEST_STEP][PASSED] - verifyElementPresent(findTestObject("checkout/Tittle Checkout Order"), 0): Object 'Object Repository/checkout/Tittle Checkout Order' is present

2023-10-04 20:16:36 - [MESSAGE][WARNING] - Timeout '0' is invalid. Using default page load timeout: '30'

2023-10-04 20:16:37 - [MESSAGE][PASSED] - Object 'Object Repository/checkout/Tittle Checkout Order' is present

2023-10-04 20:16:37 - [TEST_STEP][PASSED] - name_product = data.get("nama_barang"): null

2023-10-04 20:16:37 - [TEST_STEP][PASSED] - price_product = data.get("price_barang"): null

2023-10-04 20:16:37 - [TEST_STEP][PASSED] - assert name_product == NamaKeranjang: null

2023-10-04 20:16:37 - [TEST_STEP][PASSED] - assert price_product == HargaKeranjang: null

2023-10-04 20:16:37 - [TEST_STEP][PASSED] - return data: null

2023-10-04 20:16:37 - [MESSAGE][PASSED] - Call Test Case 'Test Cases/T13 Pembelian, Shipment dan Pembayaran/PBL-002' successfully

2023-10-04 20:16:37 - [TEST_STEP][PASSED] - warnaa = getText(findTestObject("verifikasi/warna Merah")): Text of object 'Object Repository/verifikasi/warna Merah' is: 'Merah'

2023-10-04 20:16:37 - [MESSAGE][PASSED] - Text of object 'Object Repository/verifikasi/warna Merah' is: 'Merah'

2023-10-04 20:16:37 - [TEST_STEP][PASSED] - ukurann = getText(findTestObject("verifikasi/Ukuran Menengah")): Text of object 'Object Repository/verifikasi/Ukuran Menengah' is: 'Menengah'

2023-10-04 20:16:38 - [MESSAGE][PASSED] - Text of object 'Object Repository/verifikasi/Ukuran Menengah' is: 'Menengah'

2023-10-04 20:16:38 - [TEST_STEP][PASSED] - warna1 = data.get("Warna"): null

2023-10-04 20:16:38 - [TEST_STEP][PASSED] - ukuran1 = data.get("Ukuran"): null

2023-10-04 20:16:38 - [TEST_STEP][PASSED] - assert warnaa == warna1: null

2023-10-04 20:16:38 - [TEST_STEP][PASSED] - assert ukurann == ukuran1: null

2023-10-04 20:16:38 - [TEST_STEP][PASSED] - NamaCheckout = getText(findTestObject("verifikasi/NamaCheckout")): Text of object 'Object Repository/verifikasi/NamaCheckout' is: ''

2023-10-04 20:16:38 - [MESSAGE][PASSED] - Text of object 'Object Repository/verifikasi/NamaCheckout' is: ''

2023-10-04 20:16:38 - [TEST_STEP][PASSED] - HargaCheckout = getText(findTestObject("verifikasi/HargaCheckout")): Text of object 'Object Repository/verifikasi/HargaCheckout' is: '1,299'

2023-10-04 20:16:38 - [MESSAGE][PASSED] - Text of object 'Object Repository/verifikasi/HargaCheckout' is: '1,299'

2023-10-04 20:16:38 - [TEST_STEP][PASSED] - name_product = data.get("nama_barang"): null

2023-10-04 20:16:38 - [TEST_STEP][PASSED] - price_product = data.get("price_barang"): null

2023-10-04 20:16:38 - [TEST_STEP][PASSED] - assert name_product.contains(NamaCheckout): null

2023-10-04 20:16:38 - [TEST_STEP][PASSED] - assert price_product.contains(HargaCheckout): null

2023-10-04 20:16:38 - [TEST_STEP][PASSED] - selectOptionByLabel(findTestObject("checkout/select - Kirim via Kurir Lokal"), Kurir, false): All options with label 'Roda 2' are selected in object 'Object Repository/checkout/select - Kirim via Kurir Lokal' 

2023-10-04 20:16:39 - [MESSAGE][PASSED] - All options with label 'Roda 2' are selected in object 'Object Repository/checkout/select - Kirim via Kurir Lokal' 

2023-10-04 20:16:39 - [TEST_STEP][PASSED] - click(findTestObject("checkout/Kendaraan Kurir")): Object: 'Object Repository/checkout/Kendaraan Kurir' is clicked on

2023-10-04 20:16:40 - [MESSAGE][PASSED] - Object: 'Object Repository/checkout/Kendaraan Kurir' is clicked on

2023-10-04 20:16:40 - [TEST_STEP][PASSED] - OngkosKirim = getText(findTestObject("Object Repository/verifikasi/Ongkos Kirim checkout")): Text of object 'Object Repository/verifikasi/Ongkos Kirim checkout' is: 'Rp. 5,000'

2023-10-04 20:16:40 - [MESSAGE][PASSED] - Text of object 'Object Repository/verifikasi/Ongkos Kirim checkout' is: 'Rp. 5,000'

2023-10-04 20:16:40 - [TEST_STEP][PASSED] - Ongkos = OngkosKirim.substring(3, OngkosKirim.size()): null

2023-10-04 20:16:40 - [TEST_STEP][PASSED] - rep = Ongkos.replace(",", "."): null

2023-10-04 20:16:40 - [TEST_STEP][PASSED] - Ongkos_kirim = Double.parseDouble(rep): null

2023-10-04 20:16:40 - [TEST_STEP][PASSED] - println(Ongkos_kirim): null

2023-10-04 20:16:40 - [TEST_STEP][PASSED] - FeeAdmin = getText(findTestObject("verifikasi/Fee Admin checkout")): Text of object 'Object Repository/verifikasi/Fee Admin checkout' is: 'Fee Admin
Rp 1,500'

2023-10-04 20:16:41 - [MESSAGE][PASSED] - Text of object 'Object Repository/verifikasi/Fee Admin checkout' is: 'Fee Admin
Rp 1,500'

2023-10-04 20:16:41 - [TEST_STEP][PASSED] - Fee_Admin = FeeAdmin.substring(12, FeeAdmin.size()): null

2023-10-04 20:16:41 - [TEST_STEP][PASSED] - fee = Fee_Admin.replace(",", "."): null

2023-10-04 20:16:41 - [TEST_STEP][PASSED] - fee_admin = Double.parseDouble(fee): null

2023-10-04 20:16:41 - [TEST_STEP][PASSED] - println(fee_admin): null

2023-10-04 20:16:41 - [TEST_STEP][PASSED] - Subtotal = getText(findTestObject("verifikasi/subtotal checkout")): Text of object 'Object Repository/verifikasi/subtotal checkout' is: 'Subtotal
Rp 1,299'

2023-10-04 20:16:41 - [MESSAGE][PASSED] - Text of object 'Object Repository/verifikasi/subtotal checkout' is: 'Subtotal
Rp 1,299'

2023-10-04 20:16:41 - [TEST_STEP][PASSED] - sub_total = Subtotal.substring(12, Subtotal.size()): null

2023-10-04 20:16:41 - [TEST_STEP][PASSED] - sub = sub_total.replace(",", "."): null

2023-10-04 20:16:41 - [TEST_STEP][PASSED] - sub_total = Double.parseDouble(sub): null

2023-10-04 20:16:41 - [TEST_STEP][PASSED] - println(sub_total): null

2023-10-04 20:16:41 - [TEST_STEP][PASSED] - Total = getText(findTestObject("verifikasi/Total checkout")): Text of object 'Object Repository/verifikasi/Total checkout' is: 'Rp 7,799'

2023-10-04 20:16:41 - [MESSAGE][PASSED] - Text of object 'Object Repository/verifikasi/Total checkout' is: 'Rp 7,799'

2023-10-04 20:16:41 - [TEST_STEP][PASSED] - totall = Total.substring(3, Total.size()): null

2023-10-04 20:16:41 - [TEST_STEP][PASSED] - total = totall.replace(",", "."): null

2023-10-04 20:16:41 - [TEST_STEP][PASSED] - totall = Double.parseDouble(total): null

2023-10-04 20:16:41 - [TEST_STEP][PASSED] - println(totall): null

2023-10-04 20:16:41 - [TEST_STEP][PASSED] - Total_Harga = Ongkos_kirim + fee_admin + sub_total: null

2023-10-04 20:16:41 - [TEST_STEP][PASSED] - println(Total_Harga): null

2023-10-04 20:16:41 - [TEST_STEP][PASSED] - TotalHarga = Math.round(Total_Harga * 1000) / 1000: null

2023-10-04 20:16:41 - [TEST_STEP][PASSED] - println(TotalHarga): null

2023-10-04 20:16:41 - [TEST_STEP][PASSED] - assert totall == TotalHarga: null

2023-10-04 20:16:41 - [TEST_STEP][PASSED] - click(findTestObject("verifikasi/Metode Transfer")): Object: 'Object Repository/verifikasi/Metode Transfer' is clicked on

2023-10-04 20:16:42 - [MESSAGE][PASSED] - Object: 'Object Repository/verifikasi/Metode Transfer' is clicked on

2023-10-04 20:16:42 - [TEST_STEP][PASSED] - click(findTestObject("checkout/button_Proses Pembayaran")): Object: 'Object Repository/checkout/button_Proses Pembayaran' is clicked on

2023-10-04 20:16:47 - [MESSAGE][PASSED] - Object: 'Object Repository/checkout/button_Proses Pembayaran' is clicked on

2023-10-04 20:16:47 - [TEST_STEP][PASSED] - verifyElementPresent(findTestObject("pembayaran/Tittle nomor invoice"), 0): Object 'Object Repository/pembayaran/Tittle nomor invoice' is present

2023-10-04 20:16:48 - [MESSAGE][WARNING] - Timeout '0' is invalid. Using default page load timeout: '30'

2023-10-04 20:16:52 - [MESSAGE][PASSED] - Object 'Object Repository/pembayaran/Tittle nomor invoice' is present

2023-10-04 20:16:52 - [TEST_STEP][PASSED] - return data: null

2023-10-04 20:16:52 - [MESSAGE][PASSED] - Call Test Case 'Test Cases/T13 Pembelian, Shipment dan Pembayaran/PBL-004' successfully

2023-10-04 20:16:52 - [TEST_STEP][PASSED] - Invoice = getText(findTestObject("pembayaran/nomor invoice")): Text of object 'Object Repository/pembayaran/nomor invoice' is: 'TRX60.20231004201643'

2023-10-04 20:16:53 - [MESSAGE][PASSED] - Text of object 'Object Repository/pembayaran/nomor invoice' is: 'TRX60.20231004201643'

2023-10-04 20:16:53 - [TEST_STEP][PASSED] - data.put("invoice", Invoice): null

2023-10-04 20:16:53 - [TEST_STEP][PASSED] - NamaPemesan = getText(findTestObject("Konfirmasi pesanan shop/Nama pemesan")): Text of object 'Object Repository/Konfirmasi pesanan shop/Nama pemesan' is: 'irfan.afandi'

2023-10-04 20:16:53 - [MESSAGE][PASSED] - Text of object 'Object Repository/Konfirmasi pesanan shop/Nama pemesan' is: 'irfan.afandi'

2023-10-04 20:16:53 - [TEST_STEP][PASSED] - Nama = getText(findTestObject("pembayaran/Nama barang")): Text of object 'Object Repository/pembayaran/Nama barang' is: 'Segitiga Instan Madeira - MDB5.3 Sunset'

2023-10-04 20:16:54 - [MESSAGE][PASSED] - Text of object 'Object Repository/pembayaran/Nama barang' is: 'Segitiga Instan Madeira - MDB5.3 Sunset'

2023-10-04 20:16:54 - [TEST_STEP][PASSED] - Harga = getText(findTestObject("pembayaran/Harga barang")): Text of object 'Object Repository/pembayaran/Harga barang' is: '1,299'

2023-10-04 20:16:54 - [MESSAGE][PASSED] - Text of object 'Object Repository/pembayaran/Harga barang' is: '1,299'

2023-10-04 20:16:54 - [TEST_STEP][PASSED] - name_product = data.get("nama_barang"): null

2023-10-04 20:16:54 - [TEST_STEP][PASSED] - price_product = data.get("price_barang"): null

2023-10-04 20:16:54 - [TEST_STEP][PASSED] - assert name_product.contains(Nama): null

2023-10-04 20:16:54 - [TEST_STEP][PASSED] - assert price_product.contains(Harga): null

2023-10-04 20:16:54 - [TEST_STEP][PASSED] - warnaa = getText(findTestObject("pembayaran/warna")): Text of object 'Object Repository/pembayaran/warna' is: 'Merah'

2023-10-04 20:16:55 - [MESSAGE][PASSED] - Text of object 'Object Repository/pembayaran/warna' is: 'Merah'

2023-10-04 20:16:55 - [TEST_STEP][PASSED] - ukurann = getText(findTestObject("pembayaran/ukuran")): Text of object 'Object Repository/pembayaran/ukuran' is: 'Menengah'

2023-10-04 20:16:55 - [MESSAGE][PASSED] - Text of object 'Object Repository/pembayaran/ukuran' is: 'Menengah'

2023-10-04 20:16:55 - [TEST_STEP][PASSED] - warna1 = data.get("Warna"): null

2023-10-04 20:16:55 - [TEST_STEP][PASSED] - ukuran1 = data.get("Ukuran"): null

2023-10-04 20:16:55 - [TEST_STEP][PASSED] - assert warnaa == warna1: null

2023-10-04 20:16:55 - [TEST_STEP][PASSED] - assert ukurann == ukuran1: null

2023-10-04 20:16:55 - [TEST_STEP][PASSED] - statusPembelian = getText(findTestObject("verifikasi/Status pending di pembelian")): Text of object 'Object Repository/verifikasi/Status pending di pembelian' is: 'Pending'

2023-10-04 20:16:56 - [MESSAGE][PASSED] - Text of object 'Object Repository/verifikasi/Status pending di pembelian' is: 'Pending'

2023-10-04 20:16:56 - [TEST_STEP][PASSED] - data.put("statusPem", statusPembelian): null

2023-10-04 20:16:56 - [TEST_STEP][PASSED] - OngkosKirim = getText(findTestObject("pembayaran/ongkos kirim")): Text of object 'Object Repository/pembayaran/ongkos kirim' is: 'Rp 5,000'

2023-10-04 20:16:56 - [MESSAGE][PASSED] - Text of object 'Object Repository/pembayaran/ongkos kirim' is: 'Rp 5,000'

2023-10-04 20:16:56 - [TEST_STEP][PASSED] - Ongkos = OngkosKirim.substring(3, OngkosKirim.size()): null

2023-10-04 20:16:56 - [TEST_STEP][PASSED] - rep = Ongkos.replace(",", ""): null

2023-10-04 20:16:56 - [TEST_STEP][PASSED] - Ongkos_kirimm = Integer.parseInt(rep): null

2023-10-04 20:16:56 - [TEST_STEP][PASSED] - println(Ongkos_kirimm): null

2023-10-04 20:16:56 - [TEST_STEP][PASSED] - FeeAdmin = getText(findTestObject("pembayaran/fee admin")): Text of object 'Object Repository/pembayaran/fee admin' is: 'Rp 1,500'

2023-10-04 20:16:57 - [MESSAGE][PASSED] - Text of object 'Object Repository/pembayaran/fee admin' is: 'Rp 1,500'

2023-10-04 20:16:57 - [TEST_STEP][PASSED] - Fee_Admin = FeeAdmin.substring(3, FeeAdmin.size()): null

2023-10-04 20:16:57 - [TEST_STEP][PASSED] - fee = Fee_Admin.replace(",", ""): null

2023-10-04 20:16:57 - [TEST_STEP][PASSED] - fee_adminn = Integer.parseInt(fee): null

2023-10-04 20:16:57 - [TEST_STEP][PASSED] - println(fee_adminn): null

2023-10-04 20:16:57 - [TEST_STEP][PASSED] - Subtotal = getText(findTestObject("pembayaran/subtotal")): Text of object 'Object Repository/pembayaran/subtotal' is: 'Rp 1,299'

2023-10-04 20:16:57 - [MESSAGE][PASSED] - Text of object 'Object Repository/pembayaran/subtotal' is: 'Rp 1,299'

2023-10-04 20:16:57 - [TEST_STEP][PASSED] - sub_total = Subtotal.substring(3, Subtotal.size()): null

2023-10-04 20:16:57 - [TEST_STEP][PASSED] - sub = sub_total.replace(",", ""): null

2023-10-04 20:16:57 - [TEST_STEP][PASSED] - sub_totall = Integer.parseInt(sub): null

2023-10-04 20:16:57 - [TEST_STEP][PASSED] - println(sub_totall): null

2023-10-04 20:16:57 - [TEST_STEP][PASSED] - unik = getText(findTestObject("pembayaran/kode unik")): Text of object 'Object Repository/pembayaran/kode unik' is: '+643'

2023-10-04 20:16:58 - [MESSAGE][PASSED] - Text of object 'Object Repository/pembayaran/kode unik' is: '+643'

2023-10-04 20:16:58 - [TEST_STEP][PASSED] - unikk = unik.replace("+", ""): null

2023-10-04 20:16:58 - [TEST_STEP][PASSED] - kode_unik = Integer.parseInt(unikk): null

2023-10-04 20:16:58 - [TEST_STEP][PASSED] - println(kode_unik): null

2023-10-04 20:16:58 - [TEST_STEP][PASSED] - Total = getText(findTestObject("pembayaran/total")): Text of object 'Object Repository/pembayaran/total' is: '8,442'

2023-10-04 20:16:58 - [MESSAGE][PASSED] - Text of object 'Object Repository/pembayaran/total' is: '8,442'

2023-10-04 20:16:58 - [TEST_STEP][PASSED] - total = Total.replace(",", ""): null

2023-10-04 20:16:58 - [TEST_STEP][PASSED] - totalll = Integer.parseInt(total): null

2023-10-04 20:16:58 - [TEST_STEP][PASSED] - println(totalll): null

2023-10-04 20:16:58 - [TEST_STEP][PASSED] - Total_Hargaa = Ongkos_kirimm + fee_adminn + sub_totall + kode_unik: null

2023-10-04 20:16:58 - [TEST_STEP][PASSED] - println(Total_Hargaa): null

2023-10-04 20:16:58 - [TEST_STEP][PASSED] - assert totalll == Total_Hargaa: null

2023-10-04 20:16:58 - [TEST_STEP][PASSED] - data.put("total", Total): null

2023-10-04 20:16:58 - [TEST_STEP][PASSED] - data.put("nama", NamaPemesan): null

2023-10-04 20:16:58 - [TEST_STEP][PASSED] - return data: null

2023-10-04 20:16:58 - [MESSAGE][PASSED] - Call Test Case 'Test Cases/T13 Pembelian, Shipment dan Pembayaran/PBY-001' successfully

2023-10-04 20:16:58 - [TEST_STEP][PASSED] - inv = data.get("invoice"): null

2023-10-04 20:16:58 - [TEST_STEP][PASSED] - Total = data.get("total"): null

2023-10-04 20:16:58 - [TEST_STEP][PASSED] - NamaPemesan = data.get("nama"): null

2023-10-04 20:16:58 - [TEST_STEP][PASSED] - click(findTestObject("Konfirmasi pesanan shop/Menu Shop")): Object: 'Object Repository/Konfirmasi pesanan shop/Menu Shop' is clicked on

2023-10-04 20:17:00 - [MESSAGE][PASSED] - Object: 'Object Repository/Konfirmasi pesanan shop/Menu Shop' is clicked on

2023-10-04 20:17:00 - [TEST_STEP][PASSED] - click(findTestObject("Konfirmasi pesanan shop/Menu Shop")): Object: 'Object Repository/Konfirmasi pesanan shop/Menu Shop' is clicked on

2023-10-04 20:17:01 - [MESSAGE][PASSED] - Object: 'Object Repository/Konfirmasi pesanan shop/Menu Shop' is clicked on

2023-10-04 20:17:01 - [TEST_STEP][PASSED] - click(findTestObject("Konfirmasi pesanan shop/Konfirmasi Orders")): Object: 'Object Repository/Konfirmasi pesanan shop/Konfirmasi Orders' is clicked on

2023-10-04 20:17:02 - [MESSAGE][PASSED] - Object: 'Object Repository/Konfirmasi pesanan shop/Konfirmasi Orders' is clicked on

2023-10-04 20:17:02 - [TEST_STEP][PASSED] - verifyElementPresent(findTestObject("Konfirmasi pesanan shop/Tittle Konfirmasi Pesanan"), 0): Object 'Object Repository/Konfirmasi pesanan shop/Tittle Konfirmasi Pesanan' is present

2023-10-04 20:17:02 - [MESSAGE][WARNING] - Timeout '0' is invalid. Using default page load timeout: '30'

2023-10-04 20:17:03 - [MESSAGE][PASSED] - Object 'Object Repository/Konfirmasi pesanan shop/Tittle Konfirmasi Pesanan' is present

2023-10-04 20:17:03 - [TEST_STEP][PASSED] - setText(findTestObject("Konfirmasi pesanan shop/input_No Pesanan"), "TRX-001"): Text 'TRX-001' is set on object 'Object Repository/Konfirmasi pesanan shop/input_No Pesanan'

2023-10-04 20:17:04 - [MESSAGE][PASSED] - Text 'TRX-001' is set on object 'Object Repository/Konfirmasi pesanan shop/input_No Pesanan'

2023-10-04 20:17:04 - [TEST_STEP][PASSED] - setText(findTestObject("Konfirmasi pesanan shop/input_Alamat E-mai"), "irfan@gmail.com"): Text 'irfan@gmail.com' is set on object 'Object Repository/Konfirmasi pesanan shop/input_Alamat E-mai'

2023-10-04 20:17:04 - [MESSAGE][PASSED] - Text 'irfan@gmail.com' is set on object 'Object Repository/Konfirmasi pesanan shop/input_Alamat E-mai'

2023-10-04 20:17:04 - [TEST_STEP][PASSED] - click(findTestObject("Konfirmasi pesanan shop/button_Submit")): Object: 'Object Repository/Konfirmasi pesanan shop/button_Submit' is clicked on

2023-10-04 20:17:05 - [MESSAGE][PASSED] - Object: 'Object Repository/Konfirmasi pesanan shop/button_Submit' is clicked on

2023-10-04 20:17:05 - [TEST_STEP][FAILED] - verifyTextPresent("number invoice not valid.", false): Unable to verify text 'number invoice not valid.' is present  (Root cause: com.kms.katalon.core.exception.StepFailedException: Unable to verify text 'number invoice not valid.' is present 
	at com.kms.katalon.core.webui.keyword.internal.WebUIKeywordMain.stepFailed(WebUIKeywordMain.groovy:64)
	at com.kms.katalon.core.webui.keyword.internal.WebUIKeywordMain.runKeyword(WebUIKeywordMain.groovy:26)
	at com.kms.katalon.core.webui.keyword.builtin.VerifyTextPresentKeyword.verifyTextPresent(VerifyTextPresentKeyword.groovy:83)
	at com.kms.katalon.core.webui.keyword.builtin.VerifyTextPresentKeyword.execute(VerifyTextPresentKeyword.groovy:68)
	at com.kms.katalon.core.keyword.internal.KeywordExecutor.executeKeywordForPlatform(KeywordExecutor.groovy:74)
	at com.kms.katalon.core.webui.keyword.WebUiBuiltInKeywords.verifyTextPresent(WebUiBuiltInKeywords.groovy:1723)
	at com.kms.katalon.core.webui.keyword.WebUiBuiltInKeywords$verifyTextPresent$7.call(Unknown Source)
	at PBY-014.run(PBY-014:42)
	at com.kms.katalon.core.main.ScriptEngine.run(ScriptEngine.java:194)
	at com.kms.katalon.core.main.ScriptEngine.runScriptAsRawText(ScriptEngine.java:119)
	at com.kms.katalon.core.main.TestCaseExecutor.runScript(TestCaseExecutor.java:448)
	at com.kms.katalon.core.main.TestCaseExecutor.doExecute(TestCaseExecutor.java:439)
	at com.kms.katalon.core.main.TestCaseExecutor.processExecutionPhase(TestCaseExecutor.java:418)
	at com.kms.katalon.core.main.TestCaseExecutor.accessMainPhase(TestCaseExecutor.java:410)
	at com.kms.katalon.core.main.TestCaseExecutor.execute(TestCaseExecutor.java:285)
	at com.kms.katalon.core.common.CommonExecutor.accessTestCaseMainPhase(CommonExecutor.java:65)
	at com.kms.katalon.core.main.TestSuiteExecutor.accessTestSuiteMainPhase(TestSuiteExecutor.java:148)
	at com.kms.katalon.core.main.TestSuiteExecutor.execute(TestSuiteExecutor.java:106)
	at com.kms.katalon.core.main.TestCaseMain.startTestSuite(TestCaseMain.java:187)
	at com.kms.katalon.core.main.TestCaseMain$startTestSuite$0.call(Unknown Source)
	at TempTestSuite1696424348948.run(TempTestSuite1696424348948.groovy:36)
Caused by: com.kms.katalon.core.exception.StepFailedException: Text 'number invoice not valid.' is not present on page 
	at com.kms.katalon.core.webui.keyword.internal.WebUIKeywordMain.stepFailed(WebUIKeywordMain.groovy:64)
	at com.kms.katalon.core.webui.keyword.builtin.VerifyTextPresentKeyword$_verifyTextPresent_closure1.doCall(VerifyTextPresentKeyword.groovy:79)
	at com.kms.katalon.core.webui.keyword.builtin.VerifyTextPresentKeyword$_verifyTextPresent_closure1.call(VerifyTextPresentKeyword.groovy)
	at com.kms.katalon.core.webui.keyword.internal.WebUIKeywordMain.runKeyword(WebUIKeywordMain.groovy:20)
	... 19 more
)

2023-10-04 20:17:07 - [MESSAGE][FAILED] - Text 'number invoice not valid.' is not present on page  (Root cause: com.kms.katalon.core.exception.StepFailedException: Text 'number invoice not valid.' is not present on page 
	at com.kms.katalon.core.webui.keyword.internal.WebUIKeywordMain.stepFailed(WebUIKeywordMain.groovy:64)
	at com.kms.katalon.core.webui.keyword.builtin.VerifyTextPresentKeyword$_verifyTextPresent_closure1.doCall(VerifyTextPresentKeyword.groovy:79)
	at com.kms.katalon.core.webui.keyword.builtin.VerifyTextPresentKeyword$_verifyTextPresent_closure1.call(VerifyTextPresentKeyword.groovy)
	at com.kms.katalon.core.webui.keyword.internal.WebUIKeywordMain.runKeyword(WebUIKeywordMain.groovy:20)
	at com.kms.katalon.core.webui.keyword.builtin.VerifyTextPresentKeyword.verifyTextPresent(VerifyTextPresentKeyword.groovy:83)
	at com.kms.katalon.core.webui.keyword.builtin.VerifyTextPresentKeyword.execute(VerifyTextPresentKeyword.groovy:68)
	at com.kms.katalon.core.keyword.internal.KeywordExecutor.executeKeywordForPlatform(KeywordExecutor.groovy:74)
	at com.kms.katalon.core.webui.keyword.WebUiBuiltInKeywords.verifyTextPresent(WebUiBuiltInKeywords.groovy:1723)
	at com.kms.katalon.core.webui.keyword.WebUiBuiltInKeywords$verifyTextPresent$7.call(Unknown Source)
	at PBY-014.run(PBY-014:42)
	at com.kms.katalon.core.main.ScriptEngine.run(ScriptEngine.java:194)
	at com.kms.katalon.core.main.ScriptEngine.runScriptAsRawText(ScriptEngine.java:119)
	at com.kms.katalon.core.main.TestCaseExecutor.runScript(TestCaseExecutor.java:448)
	at com.kms.katalon.core.main.TestCaseExecutor.doExecute(TestCaseExecutor.java:439)
	at com.kms.katalon.core.main.TestCaseExecutor.processExecutionPhase(TestCaseExecutor.java:418)
	at com.kms.katalon.core.main.TestCaseExecutor.accessMainPhase(TestCaseExecutor.java:410)
	at com.kms.katalon.core.main.TestCaseExecutor.execute(TestCaseExecutor.java:285)
	at com.kms.katalon.core.common.CommonExecutor.accessTestCaseMainPhase(CommonExecutor.java:65)
	at com.kms.katalon.core.main.TestSuiteExecutor.accessTestSuiteMainPhase(TestSuiteExecutor.java:148)
	at com.kms.katalon.core.main.TestSuiteExecutor.execute(TestSuiteExecutor.java:106)
	at com.kms.katalon.core.main.TestCaseMain.startTestSuite(TestCaseMain.java:187)
	at com.kms.katalon.core.main.TestCaseMain$startTestSuite$0.call(Unknown Source)
	at TempTestSuite1696424348948.run(TempTestSuite1696424348948.groovy:36)
)

2023-10-04 20:17:07 - [MESSAGE][FAILED] - Unable to verify text 'number invoice not valid.' is present  (Root cause: com.kms.katalon.core.exception.StepFailedException: Unable to verify text 'number invoice not valid.' is present 
	at com.kms.katalon.core.webui.keyword.internal.WebUIKeywordMain.stepFailed(WebUIKeywordMain.groovy:64)
	at com.kms.katalon.core.webui.keyword.internal.WebUIKeywordMain.runKeyword(WebUIKeywordMain.groovy:26)
	at com.kms.katalon.core.webui.keyword.builtin.VerifyTextPresentKeyword.verifyTextPresent(VerifyTextPresentKeyword.groovy:83)
	at com.kms.katalon.core.webui.keyword.builtin.VerifyTextPresentKeyword.execute(VerifyTextPresentKeyword.groovy:68)
	at com.kms.katalon.core.keyword.internal.KeywordExecutor.executeKeywordForPlatform(KeywordExecutor.groovy:74)
	at com.kms.katalon.core.webui.keyword.WebUiBuiltInKeywords.verifyTextPresent(WebUiBuiltInKeywords.groovy:1723)
	at com.kms.katalon.core.webui.keyword.WebUiBuiltInKeywords$verifyTextPresent$7.call(Unknown Source)
	at PBY-014.run(PBY-014:42)
	at com.kms.katalon.core.main.ScriptEngine.run(ScriptEngine.java:194)
	at com.kms.katalon.core.main.ScriptEngine.runScriptAsRawText(ScriptEngine.java:119)
	at com.kms.katalon.core.main.TestCaseExecutor.runScript(TestCaseExecutor.java:448)
	at com.kms.katalon.core.main.TestCaseExecutor.doExecute(TestCaseExecutor.java:439)
	at com.kms.katalon.core.main.TestCaseExecutor.processExecutionPhase(TestCaseExecutor.java:418)
	at com.kms.katalon.core.main.TestCaseExecutor.accessMainPhase(TestCaseExecutor.java:410)
	at com.kms.katalon.core.main.TestCaseExecutor.execute(TestCaseExecutor.java:285)
	at com.kms.katalon.core.common.CommonExecutor.accessTestCaseMainPhase(CommonExecutor.java:65)
	at com.kms.katalon.core.main.TestSuiteExecutor.accessTestSuiteMainPhase(TestSuiteExecutor.java:148)
	at com.kms.katalon.core.main.TestSuiteExecutor.execute(TestSuiteExecutor.java:106)
	at com.kms.katalon.core.main.TestCaseMain.startTestSuite(TestCaseMain.java:187)
	at com.kms.katalon.core.main.TestCaseMain$startTestSuite$0.call(Unknown Source)
	at TempTestSuite1696424348948.run(TempTestSuite1696424348948.groovy:36)
Caused by: com.kms.katalon.core.exception.StepFailedException: Text 'number invoice not valid.' is not present on page 
	at com.kms.katalon.core.webui.keyword.internal.WebUIKeywordMain.stepFailed(WebUIKeywordMain.groovy:64)
	at com.kms.katalon.core.webui.keyword.builtin.VerifyTextPresentKeyword$_verifyTextPresent_closure1.doCall(VerifyTextPresentKeyword.groovy:79)
	at com.kms.katalon.core.webui.keyword.builtin.VerifyTextPresentKeyword$_verifyTextPresent_closure1.call(VerifyTextPresentKeyword.groovy)
	at com.kms.katalon.core.webui.keyword.internal.WebUIKeywordMain.runKeyword(WebUIKeywordMain.groovy:20)
	... 19 more
)
[[ATTACHMENT|D:\\BOOTCAMP XSIS\\Projek 2 MINI PROJEK\\Reports\\20231004_190004\\T13 Pembelian, Shipment dan Pembayaran\\T13 Pembelian, Shipment dan Pembayaran\\20231004_195908\\1696425427060.png]]]]></system-out>
         <system-err><![CDATA[2023-10-04 20:16:10 - [TEST_CASE][FAILED] - Test Cases/T13 Pembelian, Shipment dan Pembayaran/PBY-014: Test Cases/T13 Pembelian, Shipment dan Pembayaran/PBY-014 FAILED.
Reason:
com.kms.katalon.core.exception.StepFailedException: Unable to verify text 'number invoice not valid.' is present 
	at com.kms.katalon.core.webui.keyword.internal.WebUIKeywordMain.stepFailed(WebUIKeywordMain.groovy:64)
	at com.kms.katalon.core.webui.keyword.internal.WebUIKeywordMain.runKeyword(WebUIKeywordMain.groovy:26)
	at com.kms.katalon.core.webui.keyword.builtin.VerifyTextPresentKeyword.verifyTextPresent(VerifyTextPresentKeyword.groovy:83)
	at com.kms.katalon.core.webui.keyword.builtin.VerifyTextPresentKeyword.execute(VerifyTextPresentKeyword.groovy:68)
	at com.kms.katalon.core.keyword.internal.KeywordExecutor.executeKeywordForPlatform(KeywordExecutor.groovy:74)
	at com.kms.katalon.core.webui.keyword.WebUiBuiltInKeywords.verifyTextPresent(WebUiBuiltInKeywords.groovy:1723)
	at com.kms.katalon.core.webui.keyword.WebUiBuiltInKeywords$verifyTextPresent$7.call(Unknown Source)
	at PBY-014.run(PBY-014:42)
	at com.kms.katalon.core.main.ScriptEngine.run(ScriptEngine.java:194)
	at com.kms.katalon.core.main.ScriptEngine.runScriptAsRawText(ScriptEngine.java:119)
	at com.kms.katalon.core.main.TestCaseExecutor.runScript(TestCaseExecutor.java:448)
	at com.kms.katalon.core.main.TestCaseExecutor.doExecute(TestCaseExecutor.java:439)
	at com.kms.katalon.core.main.TestCaseExecutor.processExecutionPhase(TestCaseExecutor.java:418)
	at com.kms.katalon.core.main.TestCaseExecutor.accessMainPhase(TestCaseExecutor.java:410)
	at com.kms.katalon.core.main.TestCaseExecutor.execute(TestCaseExecutor.java:285)
	at com.kms.katalon.core.common.CommonExecutor.accessTestCaseMainPhase(CommonExecutor.java:65)
	at com.kms.katalon.core.main.TestSuiteExecutor.accessTestSuiteMainPhase(TestSuiteExecutor.java:148)
	at com.kms.katalon.core.main.TestSuiteExecutor.execute(TestSuiteExecutor.java:106)
	at com.kms.katalon.core.main.TestCaseMain.startTestSuite(TestCaseMain.java:187)
	at com.kms.katalon.core.main.TestCaseMain$startTestSuite$0.call(Unknown Source)
	at TempTestSuite1696424348948.run(TempTestSuite1696424348948.groovy:36)
Caused by: com.kms.katalon.core.exception.StepFailedException: Text 'number invoice not valid.' is not present on page 
	at com.kms.katalon.core.webui.keyword.internal.WebUIKeywordMain.stepFailed(WebUIKeywordMain.groovy:64)
	at com.kms.katalon.core.webui.keyword.builtin.VerifyTextPresentKeyword$_verifyTextPresent_closure1.doCall(VerifyTextPresentKeyword.groovy:79)
	at com.kms.katalon.core.webui.keyword.builtin.VerifyTextPresentKeyword$_verifyTextPresent_closure1.call(VerifyTextPresentKeyword.groovy)
	at com.kms.katalon.core.webui.keyword.internal.WebUIKeywordMain.runKeyword(WebUIKeywordMain.groovy:20)
	... 19 more]]></system-err>
      </testcase>
      <testcase name="Test Cases/T13 Pembelian, Shipment dan Pembayaran/PBYA-001" time="92.996" classname="Test Cases/T13 Pembelian, Shipment dan Pembayaran/PBYA-001" status="PASSED">
         <system-out><![CDATA[2023-10-04 20:17:07 - [TEST_CASE][PASSED] - Test Cases/T13 Pembelian, Shipment dan Pembayaran/PBYA-001: Test Cases/T13 Pembelian, Shipment dan Pembayaran/PBYA-001

2023-10-04 20:17:07 - [TEST_STEP][PASSED] - data = callTestCase(findTestCase("T13 Pembelian, Shipment dan Pembayaran/PBY-004"), [:], STOP_ON_FAILURE): Call Test Case 'Test Cases/T13 Pembelian, Shipment dan Pembayaran/PBY-004' successfully

2023-10-04 20:17:07 - [TEST_CASE][PASSED] - Test Cases/T13 Pembelian, Shipment dan Pembayaran/PBY-004: Test Cases/T13 Pembelian, Shipment dan Pembayaran/PBY-004

2023-10-04 20:17:07 - [TEST_STEP][PASSED] - data = callTestCase(findTestCase("T13 Pembelian, Shipment dan Pembayaran/PBY-001"), [:], STOP_ON_FAILURE): Call Test Case 'Test Cases/T13 Pembelian, Shipment dan Pembayaran/PBY-001' successfully

2023-10-04 20:17:07 - [TEST_CASE][PASSED] - Test Cases/T13 Pembelian, Shipment dan Pembayaran/PBY-001: Test Cases/T13 Pembelian, Shipment dan Pembayaran/PBY-001

2023-10-04 20:17:07 - [TEST_STEP][PASSED] - data = callTestCase(findTestCase("T13 Pembelian, Shipment dan Pembayaran/PBL-004"), ["Kurir":"Roda 2"], STOP_ON_FAILURE): Call Test Case 'Test Cases/T13 Pembelian, Shipment dan Pembayaran/PBL-004' successfully

2023-10-04 20:17:07 - [TEST_CASE][PASSED] - Test Cases/T13 Pembelian, Shipment dan Pembayaran/PBL-004: Test Cases/T13 Pembelian, Shipment dan Pembayaran/PBL-004

2023-10-04 20:17:07 - [TEST_STEP][PASSED] - data = callTestCase(findTestCase("T13 Pembelian, Shipment dan Pembayaran/PBL-002"), [:], STOP_ON_FAILURE): Call Test Case 'Test Cases/T13 Pembelian, Shipment dan Pembayaran/PBL-002' successfully

2023-10-04 20:17:07 - [TEST_CASE][PASSED] - Test Cases/T13 Pembelian, Shipment dan Pembayaran/PBL-002: Test Cases/T13 Pembelian, Shipment dan Pembayaran/PBL-002

2023-10-04 20:17:07 - [TEST_STEP][PASSED] - data = callTestCase(findTestCase("T13 Pembelian, Shipment dan Pembayaran/PBL-001"), [:], STOP_ON_FAILURE): Call Test Case 'Test Cases/T13 Pembelian, Shipment dan Pembayaran/PBL-001' successfully

2023-10-04 20:17:07 - [TEST_CASE][PASSED] - Test Cases/T13 Pembelian, Shipment dan Pembayaran/PBL-001: Test Cases/T13 Pembelian, Shipment dan Pembayaran/PBL-001

2023-10-04 20:17:07 - [TEST_STEP][PASSED] - callTestCase(findTestCase("T13 Pembelian, Shipment dan Pembayaran/LU-001"), ["username":"irfanafandi", "password":"12345irfan"], STOP_ON_FAILURE): Call Test Case 'Test Cases/T13 Pembelian, Shipment dan Pembayaran/LU-001' successfully

2023-10-04 20:17:07 - [TEST_CASE][PASSED] - Test Cases/T13 Pembelian, Shipment dan Pembayaran/LU-001: Test Cases/T13 Pembelian, Shipment dan Pembayaran/LU-001

2023-10-04 20:17:07 - [TEST_STEP][PASSED] - openBrowser("https://10.9.2.63/ecommerce/"): Browser is opened with url: 'https://10.9.2.63/ecommerce/'

2023-10-04 20:17:07 - [MESSAGE][WARNING] - A browser is already opened. Closing browser and opening a new one

2023-10-04 20:17:10 - [MESSAGE][INFO] - Starting 'Firefox' driver

2023-10-04 20:17:10 - [MESSAGE][INFO] - User set preference: ['args', '[--disable-notifications]']

2023-10-04 20:17:10 - [MESSAGE][INFO] - Action delay is set to 0 milliseconds

2023-10-04 20:17:14 - [MESSAGE][PASSED] - Browser is opened with url: 'https://10.9.2.63/ecommerce/'

2023-10-04 20:17:14 - [TEST_STEP][PASSED] - maximizeWindow(): Current window maximized

2023-10-04 20:17:14 - [MESSAGE][PASSED] - Current window maximized

2023-10-04 20:17:14 - [TEST_STEP][PASSED] - verifyElementPresent(findTestObject("Login/Home"), 0): Object 'Object Repository/Login/Home' is present

2023-10-04 20:17:14 - [MESSAGE][WARNING] - Timeout '0' is invalid. Using default page load timeout: '30'

2023-10-04 20:17:15 - [MESSAGE][PASSED] - Object 'Object Repository/Login/Home' is present

2023-10-04 20:17:15 - [TEST_STEP][PASSED] - click(findTestObject("Login/a_Login")): Object: 'Object Repository/Login/a_Login' is clicked on

2023-10-04 20:17:15 - [MESSAGE][PASSED] - Object: 'Object Repository/Login/a_Login' is clicked on

2023-10-04 20:17:15 - [TEST_STEP][PASSED] - verifyElementPresent(findTestObject("Login/Tittle Login"), 0): Object 'Object Repository/Login/Tittle Login' is present

2023-10-04 20:17:15 - [MESSAGE][WARNING] - Timeout '0' is invalid. Using default page load timeout: '30'

2023-10-04 20:17:16 - [MESSAGE][PASSED] - Object 'Object Repository/Login/Tittle Login' is present

2023-10-04 20:17:16 - [TEST_STEP][PASSED] - setText(findTestObject("Login/input_Username, Email atau No. Handphone_a"), username): Text 'irfanafandi' is set on object 'Object Repository/Login/input_Username, Email atau No. Handphone_a'

2023-10-04 20:17:16 - [MESSAGE][PASSED] - Text 'irfanafandi' is set on object 'Object Repository/Login/input_Username, Email atau No. Handphone_a'

2023-10-04 20:17:16 - [TEST_STEP][PASSED] - setText(findTestObject("Login/input_Password_b"), password): Text '12345irfan' is set on object 'Object Repository/Login/input_Password_b'

2023-10-04 20:17:17 - [MESSAGE][PASSED] - Text '12345irfan' is set on object 'Object Repository/Login/input_Password_b'

2023-10-04 20:17:17 - [TEST_STEP][PASSED] - click(findTestObject("Login/label_Ingat saya")): Object: 'Object Repository/Login/label_Ingat saya' is clicked on

2023-10-04 20:17:18 - [MESSAGE][PASSED] - Object: 'Object Repository/Login/label_Ingat saya' is clicked on

2023-10-04 20:17:18 - [TEST_STEP][PASSED] - click(findTestObject("Login/button_Masuk")): Object: 'Object Repository/Login/button_Masuk' is clicked on

2023-10-04 20:17:19 - [MESSAGE][PASSED] - Object: 'Object Repository/Login/button_Masuk' is clicked on

2023-10-04 20:17:19 - [TEST_STEP][PASSED] - verifyElementPresent(findTestObject("Login/li_Profile"), 0): Object 'Object Repository/Login/li_Profile' is present

2023-10-04 20:17:19 - [MESSAGE][WARNING] - Timeout '0' is invalid. Using default page load timeout: '30'

2023-10-04 20:17:19 - [MESSAGE][PASSED] - Object 'Object Repository/Login/li_Profile' is present

2023-10-04 20:17:19 - [MESSAGE][PASSED] - Call Test Case 'Test Cases/T13 Pembelian, Shipment dan Pembayaran/LU-001' successfully

2023-10-04 20:17:19 - [TEST_STEP][PASSED] - mouseOver(findTestObject("beli barang/i_Mulai Belanja_icon-menu")): Object: 'Object Repository/beli barang/i_Mulai Belanja_icon-menu' is hovered

2023-10-04 20:17:20 - [MESSAGE][PASSED] - Object: 'Object Repository/beli barang/i_Mulai Belanja_icon-menu' is hovered

2023-10-04 20:17:20 - [TEST_STEP][PASSED] - click(findTestObject("beli barang/a_Fashion  Busana Wanita")): Object: 'Object Repository/beli barang/a_Fashion  Busana Wanita' is clicked on

2023-10-04 20:17:21 - [MESSAGE][PASSED] - Object: 'Object Repository/beli barang/a_Fashion  Busana Wanita' is clicked on

2023-10-04 20:17:21 - [TEST_STEP][PASSED] - NamaSebelum = getText(findTestObject("verifikasi/Nama sebelum")): Text of object 'Object Repository/verifikasi/Nama sebelum' is: ''

2023-10-04 20:17:22 - [MESSAGE][PASSED] - Text of object 'Object Repository/verifikasi/Nama sebelum' is: ''

2023-10-04 20:17:22 - [TEST_STEP][PASSED] - HargaSebelum = getText(findTestObject("verifikasi/Harga sebelum")): Text of object 'Object Repository/verifikasi/Harga sebelum' is: 'Rp 1,299'

2023-10-04 20:17:22 - [MESSAGE][PASSED] - Text of object 'Object Repository/verifikasi/Harga sebelum' is: 'Rp 1,299'

2023-10-04 20:17:22 - [TEST_STEP][PASSED] - mouseOver(findTestObject("beli barang/barang mouse over")): Object: 'Object Repository/beli barang/barang mouse over' is hovered

2023-10-04 20:17:23 - [MESSAGE][PASSED] - Object: 'Object Repository/beli barang/barang mouse over' is hovered

2023-10-04 20:17:23 - [TEST_STEP][PASSED] - click(findTestObject("beli barang/buttom add to cart")): Object: 'Object Repository/beli barang/buttom add to cart' is clicked on

2023-10-04 20:17:24 - [MESSAGE][PASSED] - Object: 'Object Repository/beli barang/buttom add to cart' is clicked on

2023-10-04 20:17:24 - [TEST_STEP][PASSED] - NamaSesudah = getText(findTestObject("verifikasi/Nama sesudah")): Text of object 'Object Repository/verifikasi/Nama sesudah' is: 'Segitiga Instan Madeira - MDB5.3 Sunset'

2023-10-04 20:17:25 - [MESSAGE][PASSED] - Text of object 'Object Repository/verifikasi/Nama sesudah' is: 'Segitiga Instan Madeira - MDB5.3 Sunset'

2023-10-04 20:17:25 - [TEST_STEP][PASSED] - HargaSesudah = getText(findTestObject("verifikasi/Harga sesudah")): Text of object 'Object Repository/verifikasi/Harga sesudah' is: 'Rp 1,299'

2023-10-04 20:17:25 - [MESSAGE][PASSED] - Text of object 'Object Repository/verifikasi/Harga sesudah' is: 'Rp 1,299'

2023-10-04 20:17:25 - [TEST_STEP][PASSED] - assert NamaSesudah.contains(NamaSebelum): null

2023-10-04 20:17:25 - [TEST_STEP][PASSED] - assert HargaSesudah.contains(HargaSebelum): null

2023-10-04 20:17:25 - [TEST_STEP][PASSED] - click(findTestObject("beli barang/Tambah Keranjang busana wanita")): Object: 'Object Repository/beli barang/Tambah Keranjang busana wanita' is clicked on

2023-10-04 20:17:26 - [MESSAGE][PASSED] - Object: 'Object Repository/beli barang/Tambah Keranjang busana wanita' is clicked on

2023-10-04 20:17:26 - [TEST_STEP][PASSED] - verifyElementPresent(findTestObject("checkout/Notifikasi keranjang"), 1): Object 'Object Repository/checkout/Notifikasi keranjang' is present

2023-10-04 20:17:27 - [MESSAGE][PASSED] - Object 'Object Repository/checkout/Notifikasi keranjang' is present

2023-10-04 20:17:27 - [TEST_STEP][PASSED] - data = new java.util.HashMap(): null

2023-10-04 20:17:27 - [TEST_STEP][PASSED] - data.put("nama_barang", NamaSesudah): null

2023-10-04 20:17:27 - [TEST_STEP][PASSED] - data.put("price_barang", HargaSesudah): null

2023-10-04 20:17:27 - [TEST_STEP][PASSED] - return data: null

2023-10-04 20:17:27 - [MESSAGE][PASSED] - Call Test Case 'Test Cases/T13 Pembelian, Shipment dan Pembayaran/PBL-001' successfully

2023-10-04 20:17:27 - [TEST_STEP][PASSED] - mouseOver(findTestObject("beli barang/keranjang")): Object: 'Object Repository/beli barang/keranjang' is hovered

2023-10-04 20:17:27 - [MESSAGE][PASSED] - Object: 'Object Repository/beli barang/keranjang' is hovered

2023-10-04 20:17:27 - [TEST_STEP][PASSED] - click(findTestObject("beli barang/Lihat Sekarang")): Object: 'Object Repository/beli barang/Lihat Sekarang' is clicked on

2023-10-04 20:17:28 - [MESSAGE][PASSED] - Object: 'Object Repository/beli barang/Lihat Sekarang' is clicked on

2023-10-04 20:17:28 - [TEST_STEP][PASSED] - verifyElementPresent(findTestObject("keranjang/li_Keranjang Belanja"), 0): Object 'Object Repository/keranjang/li_Keranjang Belanja' is present

2023-10-04 20:17:28 - [MESSAGE][WARNING] - Timeout '0' is invalid. Using default page load timeout: '30'

2023-10-04 20:17:29 - [MESSAGE][PASSED] - Object 'Object Repository/keranjang/li_Keranjang Belanja' is present

2023-10-04 20:17:29 - [TEST_STEP][PASSED] - NamaKeranjang = getText(findTestObject("verifikasi/Nama keranjang")): Text of object 'Object Repository/verifikasi/Nama keranjang' is: 'Segitiga Instan Madeira - MDB5.3 Sunset'

2023-10-04 20:17:29 - [MESSAGE][PASSED] - Text of object 'Object Repository/verifikasi/Nama keranjang' is: 'Segitiga Instan Madeira - MDB5.3 Sunset'

2023-10-04 20:17:29 - [TEST_STEP][PASSED] - HargaKeranjang = getText(findTestObject("verifikasi/Harga Keranjang")): Text of object 'Object Repository/verifikasi/Harga Keranjang' is: 'Rp 1,299'

2023-10-04 20:17:30 - [MESSAGE][PASSED] - Text of object 'Object Repository/verifikasi/Harga Keranjang' is: 'Rp 1,299'

2023-10-04 20:17:30 - [TEST_STEP][PASSED] - if (toString().equalsIgnoreCase("Merah")): Object 'Object Repository/keranjang/input_Warna_variasi101' is checked

2023-10-04 20:17:30 - [TEST_STEP][PASSED] - check(findTestObject("Object Repository/keranjang/input_Warna_variasi101")): Object 'Object Repository/keranjang/input_Warna_variasi101' is checked

2023-10-04 20:17:30 - [MESSAGE][PASSED] - Object 'Object Repository/keranjang/input_Warna_variasi101' is checked

2023-10-04 20:17:30 - [TEST_STEP][PASSED] - if (toString().equalsIgnoreCase("Menengah")): Object 'Object Repository/keranjang/input_Ukuran_variasi201' is checked

2023-10-04 20:17:30 - [TEST_STEP][PASSED] - check(findTestObject("Object Repository/keranjang/input_Ukuran_variasi201")): Object 'Object Repository/keranjang/input_Ukuran_variasi201' is checked

2023-10-04 20:17:31 - [MESSAGE][PASSED] - Object 'Object Repository/keranjang/input_Ukuran_variasi201' is checked

2023-10-04 20:17:31 - [TEST_STEP][PASSED] - data.put("Warna", warna): null

2023-10-04 20:17:31 - [TEST_STEP][PASSED] - data.put("Ukuran", ukuran): null

2023-10-04 20:17:31 - [TEST_STEP][PASSED] - click(findTestObject("keranjang/button_Lanjut ke Pembayaran")): Object: 'Object Repository/keranjang/button_Lanjut ke Pembayaran' is clicked on

2023-10-04 20:17:32 - [MESSAGE][PASSED] - Object: 'Object Repository/keranjang/button_Lanjut ke Pembayaran' is clicked on

2023-10-04 20:17:32 - [TEST_STEP][PASSED] - verifyElementPresent(findTestObject("checkout/Tittle Checkout Order"), 0): Object 'Object Repository/checkout/Tittle Checkout Order' is present

2023-10-04 20:17:32 - [MESSAGE][WARNING] - Timeout '0' is invalid. Using default page load timeout: '30'

2023-10-04 20:17:33 - [MESSAGE][PASSED] - Object 'Object Repository/checkout/Tittle Checkout Order' is present

2023-10-04 20:17:33 - [TEST_STEP][PASSED] - name_product = data.get("nama_barang"): null

2023-10-04 20:17:33 - [TEST_STEP][PASSED] - price_product = data.get("price_barang"): null

2023-10-04 20:17:33 - [TEST_STEP][PASSED] - assert name_product == NamaKeranjang: null

2023-10-04 20:17:33 - [TEST_STEP][PASSED] - assert price_product == HargaKeranjang: null

2023-10-04 20:17:33 - [TEST_STEP][PASSED] - return data: null

2023-10-04 20:17:33 - [MESSAGE][PASSED] - Call Test Case 'Test Cases/T13 Pembelian, Shipment dan Pembayaran/PBL-002' successfully

2023-10-04 20:17:33 - [TEST_STEP][PASSED] - warnaa = getText(findTestObject("verifikasi/warna Merah")): Text of object 'Object Repository/verifikasi/warna Merah' is: 'Merah'

2023-10-04 20:17:33 - [MESSAGE][PASSED] - Text of object 'Object Repository/verifikasi/warna Merah' is: 'Merah'

2023-10-04 20:17:33 - [TEST_STEP][PASSED] - ukurann = getText(findTestObject("verifikasi/Ukuran Menengah")): Text of object 'Object Repository/verifikasi/Ukuran Menengah' is: 'Menengah'

2023-10-04 20:17:33 - [MESSAGE][PASSED] - Text of object 'Object Repository/verifikasi/Ukuran Menengah' is: 'Menengah'

2023-10-04 20:17:33 - [TEST_STEP][PASSED] - warna1 = data.get("Warna"): null

2023-10-04 20:17:33 - [TEST_STEP][PASSED] - ukuran1 = data.get("Ukuran"): null

2023-10-04 20:17:33 - [TEST_STEP][PASSED] - assert warnaa == warna1: null

2023-10-04 20:17:33 - [TEST_STEP][PASSED] - assert ukurann == ukuran1: null

2023-10-04 20:17:33 - [TEST_STEP][PASSED] - NamaCheckout = getText(findTestObject("verifikasi/NamaCheckout")): Text of object 'Object Repository/verifikasi/NamaCheckout' is: ''

2023-10-04 20:17:34 - [MESSAGE][PASSED] - Text of object 'Object Repository/verifikasi/NamaCheckout' is: ''

2023-10-04 20:17:34 - [TEST_STEP][PASSED] - HargaCheckout = getText(findTestObject("verifikasi/HargaCheckout")): Text of object 'Object Repository/verifikasi/HargaCheckout' is: '1,299'

2023-10-04 20:17:34 - [MESSAGE][PASSED] - Text of object 'Object Repository/verifikasi/HargaCheckout' is: '1,299'

2023-10-04 20:17:34 - [TEST_STEP][PASSED] - name_product = data.get("nama_barang"): null

2023-10-04 20:17:34 - [TEST_STEP][PASSED] - price_product = data.get("price_barang"): null

2023-10-04 20:17:34 - [TEST_STEP][PASSED] - assert name_product.contains(NamaCheckout): null

2023-10-04 20:17:34 - [TEST_STEP][PASSED] - assert price_product.contains(HargaCheckout): null

2023-10-04 20:17:34 - [TEST_STEP][PASSED] - selectOptionByLabel(findTestObject("checkout/select - Kirim via Kurir Lokal"), Kurir, false): All options with label 'Roda 2' are selected in object 'Object Repository/checkout/select - Kirim via Kurir Lokal' 

2023-10-04 20:17:35 - [MESSAGE][PASSED] - All options with label 'Roda 2' are selected in object 'Object Repository/checkout/select - Kirim via Kurir Lokal' 

2023-10-04 20:17:35 - [TEST_STEP][PASSED] - click(findTestObject("checkout/Kendaraan Kurir")): Object: 'Object Repository/checkout/Kendaraan Kurir' is clicked on

2023-10-04 20:17:36 - [MESSAGE][PASSED] - Object: 'Object Repository/checkout/Kendaraan Kurir' is clicked on

2023-10-04 20:17:36 - [TEST_STEP][PASSED] - OngkosKirim = getText(findTestObject("Object Repository/verifikasi/Ongkos Kirim checkout")): Text of object 'Object Repository/verifikasi/Ongkos Kirim checkout' is: 'Rp. 5,000'

2023-10-04 20:17:36 - [MESSAGE][PASSED] - Text of object 'Object Repository/verifikasi/Ongkos Kirim checkout' is: 'Rp. 5,000'

2023-10-04 20:17:36 - [TEST_STEP][PASSED] - Ongkos = OngkosKirim.substring(3, OngkosKirim.size()): null

2023-10-04 20:17:36 - [TEST_STEP][PASSED] - rep = Ongkos.replace(",", "."): null

2023-10-04 20:17:36 - [TEST_STEP][PASSED] - Ongkos_kirim = Double.parseDouble(rep): null

2023-10-04 20:17:36 - [TEST_STEP][PASSED] - println(Ongkos_kirim): null

2023-10-04 20:17:36 - [TEST_STEP][PASSED] - FeeAdmin = getText(findTestObject("verifikasi/Fee Admin checkout")): Text of object 'Object Repository/verifikasi/Fee Admin checkout' is: 'Fee Admin
Rp 1,500'

2023-10-04 20:17:36 - [MESSAGE][PASSED] - Text of object 'Object Repository/verifikasi/Fee Admin checkout' is: 'Fee Admin
Rp 1,500'

2023-10-04 20:17:36 - [TEST_STEP][PASSED] - Fee_Admin = FeeAdmin.substring(12, FeeAdmin.size()): null

2023-10-04 20:17:36 - [TEST_STEP][PASSED] - fee = Fee_Admin.replace(",", "."): null

2023-10-04 20:17:36 - [TEST_STEP][PASSED] - fee_admin = Double.parseDouble(fee): null

2023-10-04 20:17:36 - [TEST_STEP][PASSED] - println(fee_admin): null

2023-10-04 20:17:36 - [TEST_STEP][PASSED] - Subtotal = getText(findTestObject("verifikasi/subtotal checkout")): Text of object 'Object Repository/verifikasi/subtotal checkout' is: 'Subtotal
Rp 1,299'

2023-10-04 20:17:37 - [MESSAGE][PASSED] - Text of object 'Object Repository/verifikasi/subtotal checkout' is: 'Subtotal
Rp 1,299'

2023-10-04 20:17:37 - [TEST_STEP][PASSED] - sub_total = Subtotal.substring(12, Subtotal.size()): null

2023-10-04 20:17:37 - [TEST_STEP][PASSED] - sub = sub_total.replace(",", "."): null

2023-10-04 20:17:37 - [TEST_STEP][PASSED] - sub_total = Double.parseDouble(sub): null

2023-10-04 20:17:37 - [TEST_STEP][PASSED] - println(sub_total): null

2023-10-04 20:17:37 - [TEST_STEP][PASSED] - Total = getText(findTestObject("verifikasi/Total checkout")): Text of object 'Object Repository/verifikasi/Total checkout' is: 'Rp 7,799'

2023-10-04 20:17:37 - [MESSAGE][PASSED] - Text of object 'Object Repository/verifikasi/Total checkout' is: 'Rp 7,799'

2023-10-04 20:17:37 - [TEST_STEP][PASSED] - totall = Total.substring(3, Total.size()): null

2023-10-04 20:17:37 - [TEST_STEP][PASSED] - total = totall.replace(",", "."): null

2023-10-04 20:17:37 - [TEST_STEP][PASSED] - totall = Double.parseDouble(total): null

2023-10-04 20:17:37 - [TEST_STEP][PASSED] - println(totall): null

2023-10-04 20:17:37 - [TEST_STEP][PASSED] - Total_Harga = Ongkos_kirim + fee_admin + sub_total: null

2023-10-04 20:17:37 - [TEST_STEP][PASSED] - println(Total_Harga): null

2023-10-04 20:17:37 - [TEST_STEP][PASSED] - TotalHarga = Math.round(Total_Harga * 1000) / 1000: null

2023-10-04 20:17:37 - [TEST_STEP][PASSED] - println(TotalHarga): null

2023-10-04 20:17:37 - [TEST_STEP][PASSED] - assert totall == TotalHarga: null

2023-10-04 20:17:37 - [TEST_STEP][PASSED] - click(findTestObject("verifikasi/Metode Transfer")): Object: 'Object Repository/verifikasi/Metode Transfer' is clicked on

2023-10-04 20:17:38 - [MESSAGE][PASSED] - Object: 'Object Repository/verifikasi/Metode Transfer' is clicked on

2023-10-04 20:17:38 - [TEST_STEP][PASSED] - click(findTestObject("checkout/button_Proses Pembayaran")): Object: 'Object Repository/checkout/button_Proses Pembayaran' is clicked on

2023-10-04 20:17:43 - [MESSAGE][PASSED] - Object: 'Object Repository/checkout/button_Proses Pembayaran' is clicked on

2023-10-04 20:17:43 - [TEST_STEP][PASSED] - verifyElementPresent(findTestObject("pembayaran/Tittle nomor invoice"), 0): Object 'Object Repository/pembayaran/Tittle nomor invoice' is present

2023-10-04 20:17:43 - [MESSAGE][WARNING] - Timeout '0' is invalid. Using default page load timeout: '30'

2023-10-04 20:17:49 - [MESSAGE][PASSED] - Object 'Object Repository/pembayaran/Tittle nomor invoice' is present

2023-10-04 20:17:49 - [TEST_STEP][PASSED] - return data: null

2023-10-04 20:17:49 - [MESSAGE][PASSED] - Call Test Case 'Test Cases/T13 Pembelian, Shipment dan Pembayaran/PBL-004' successfully

2023-10-04 20:17:49 - [TEST_STEP][PASSED] - Invoice = getText(findTestObject("pembayaran/nomor invoice")): Text of object 'Object Repository/pembayaran/nomor invoice' is: 'TRX60.20231004201740'

2023-10-04 20:17:50 - [MESSAGE][PASSED] - Text of object 'Object Repository/pembayaran/nomor invoice' is: 'TRX60.20231004201740'

2023-10-04 20:17:50 - [TEST_STEP][PASSED] - data.put("invoice", Invoice): null

2023-10-04 20:17:50 - [TEST_STEP][PASSED] - NamaPemesan = getText(findTestObject("Konfirmasi pesanan shop/Nama pemesan")): Text of object 'Object Repository/Konfirmasi pesanan shop/Nama pemesan' is: 'irfan.afandi'

2023-10-04 20:17:50 - [MESSAGE][PASSED] - Text of object 'Object Repository/Konfirmasi pesanan shop/Nama pemesan' is: 'irfan.afandi'

2023-10-04 20:17:50 - [TEST_STEP][PASSED] - Nama = getText(findTestObject("pembayaran/Nama barang")): Text of object 'Object Repository/pembayaran/Nama barang' is: 'Segitiga Instan Madeira - MDB5.3 Sunset'

2023-10-04 20:17:51 - [MESSAGE][PASSED] - Text of object 'Object Repository/pembayaran/Nama barang' is: 'Segitiga Instan Madeira - MDB5.3 Sunset'

2023-10-04 20:17:51 - [TEST_STEP][PASSED] - Harga = getText(findTestObject("pembayaran/Harga barang")): Text of object 'Object Repository/pembayaran/Harga barang' is: '1,299'

2023-10-04 20:17:51 - [MESSAGE][PASSED] - Text of object 'Object Repository/pembayaran/Harga barang' is: '1,299'

2023-10-04 20:17:51 - [TEST_STEP][PASSED] - name_product = data.get("nama_barang"): null

2023-10-04 20:17:51 - [TEST_STEP][PASSED] - price_product = data.get("price_barang"): null

2023-10-04 20:17:51 - [TEST_STEP][PASSED] - assert name_product.contains(Nama): null

2023-10-04 20:17:51 - [TEST_STEP][PASSED] - assert price_product.contains(Harga): null

2023-10-04 20:17:51 - [TEST_STEP][PASSED] - warnaa = getText(findTestObject("pembayaran/warna")): Text of object 'Object Repository/pembayaran/warna' is: 'Merah'

2023-10-04 20:17:52 - [MESSAGE][PASSED] - Text of object 'Object Repository/pembayaran/warna' is: 'Merah'

2023-10-04 20:17:52 - [TEST_STEP][PASSED] - ukurann = getText(findTestObject("pembayaran/ukuran")): Text of object 'Object Repository/pembayaran/ukuran' is: 'Menengah'

2023-10-04 20:17:52 - [MESSAGE][PASSED] - Text of object 'Object Repository/pembayaran/ukuran' is: 'Menengah'

2023-10-04 20:17:52 - [TEST_STEP][PASSED] - warna1 = data.get("Warna"): null

2023-10-04 20:17:52 - [TEST_STEP][PASSED] - ukuran1 = data.get("Ukuran"): null

2023-10-04 20:17:52 - [TEST_STEP][PASSED] - assert warnaa == warna1: null

2023-10-04 20:17:52 - [TEST_STEP][PASSED] - assert ukurann == ukuran1: null

2023-10-04 20:17:52 - [TEST_STEP][PASSED] - statusPembelian = getText(findTestObject("verifikasi/Status pending di pembelian")): Text of object 'Object Repository/verifikasi/Status pending di pembelian' is: 'Pending'

2023-10-04 20:17:53 - [MESSAGE][PASSED] - Text of object 'Object Repository/verifikasi/Status pending di pembelian' is: 'Pending'

2023-10-04 20:17:53 - [TEST_STEP][PASSED] - data.put("statusPem", statusPembelian): null

2023-10-04 20:17:53 - [TEST_STEP][PASSED] - OngkosKirim = getText(findTestObject("pembayaran/ongkos kirim")): Text of object 'Object Repository/pembayaran/ongkos kirim' is: 'Rp 5,000'

2023-10-04 20:17:53 - [MESSAGE][PASSED] - Text of object 'Object Repository/pembayaran/ongkos kirim' is: 'Rp 5,000'

2023-10-04 20:17:53 - [TEST_STEP][PASSED] - Ongkos = OngkosKirim.substring(3, OngkosKirim.size()): null

2023-10-04 20:17:53 - [TEST_STEP][PASSED] - rep = Ongkos.replace(",", ""): null

2023-10-04 20:17:53 - [TEST_STEP][PASSED] - Ongkos_kirimm = Integer.parseInt(rep): null

2023-10-04 20:17:53 - [TEST_STEP][PASSED] - println(Ongkos_kirimm): null

2023-10-04 20:17:53 - [TEST_STEP][PASSED] - FeeAdmin = getText(findTestObject("pembayaran/fee admin")): Text of object 'Object Repository/pembayaran/fee admin' is: 'Rp 1,500'

2023-10-04 20:17:54 - [MESSAGE][PASSED] - Text of object 'Object Repository/pembayaran/fee admin' is: 'Rp 1,500'

2023-10-04 20:17:54 - [TEST_STEP][PASSED] - Fee_Admin = FeeAdmin.substring(3, FeeAdmin.size()): null

2023-10-04 20:17:54 - [TEST_STEP][PASSED] - fee = Fee_Admin.replace(",", ""): null

2023-10-04 20:17:54 - [TEST_STEP][PASSED] - fee_adminn = Integer.parseInt(fee): null

2023-10-04 20:17:54 - [TEST_STEP][PASSED] - println(fee_adminn): null

2023-10-04 20:17:54 - [TEST_STEP][PASSED] - Subtotal = getText(findTestObject("pembayaran/subtotal")): Text of object 'Object Repository/pembayaran/subtotal' is: 'Rp 1,299'

2023-10-04 20:17:54 - [MESSAGE][PASSED] - Text of object 'Object Repository/pembayaran/subtotal' is: 'Rp 1,299'

2023-10-04 20:17:54 - [TEST_STEP][PASSED] - sub_total = Subtotal.substring(3, Subtotal.size()): null

2023-10-04 20:17:54 - [TEST_STEP][PASSED] - sub = sub_total.replace(",", ""): null

2023-10-04 20:17:54 - [TEST_STEP][PASSED] - sub_totall = Integer.parseInt(sub): null

2023-10-04 20:17:54 - [TEST_STEP][PASSED] - println(sub_totall): null

2023-10-04 20:17:54 - [TEST_STEP][PASSED] - unik = getText(findTestObject("pembayaran/kode unik")): Text of object 'Object Repository/pembayaran/kode unik' is: '+740'

2023-10-04 20:17:55 - [MESSAGE][PASSED] - Text of object 'Object Repository/pembayaran/kode unik' is: '+740'

2023-10-04 20:17:55 - [TEST_STEP][PASSED] - unikk = unik.replace("+", ""): null

2023-10-04 20:17:55 - [TEST_STEP][PASSED] - kode_unik = Integer.parseInt(unikk): null

2023-10-04 20:17:55 - [TEST_STEP][PASSED] - println(kode_unik): null

2023-10-04 20:17:55 - [TEST_STEP][PASSED] - Total = getText(findTestObject("pembayaran/total")): Text of object 'Object Repository/pembayaran/total' is: '8,539'

2023-10-04 20:17:55 - [MESSAGE][PASSED] - Text of object 'Object Repository/pembayaran/total' is: '8,539'

2023-10-04 20:17:55 - [TEST_STEP][PASSED] - total = Total.replace(",", ""): null

2023-10-04 20:17:55 - [TEST_STEP][PASSED] - totalll = Integer.parseInt(total): null

2023-10-04 20:17:55 - [TEST_STEP][PASSED] - println(totalll): null

2023-10-04 20:17:55 - [TEST_STEP][PASSED] - Total_Hargaa = Ongkos_kirimm + fee_adminn + sub_totall + kode_unik: null

2023-10-04 20:17:55 - [TEST_STEP][PASSED] - println(Total_Hargaa): null

2023-10-04 20:17:55 - [TEST_STEP][PASSED] - assert totalll == Total_Hargaa: null

2023-10-04 20:17:55 - [TEST_STEP][PASSED] - data.put("total", Total): null

2023-10-04 20:17:55 - [TEST_STEP][PASSED] - data.put("nama", NamaPemesan): null

2023-10-04 20:17:55 - [TEST_STEP][PASSED] - return data: null

2023-10-04 20:17:55 - [MESSAGE][PASSED] - Call Test Case 'Test Cases/T13 Pembelian, Shipment dan Pembayaran/PBY-001' successfully

2023-10-04 20:17:55 - [TEST_STEP][PASSED] - inv = data.get("invoice"): null

2023-10-04 20:17:55 - [TEST_STEP][PASSED] - Total = data.get("total"): null

2023-10-04 20:17:55 - [TEST_STEP][PASSED] - NamaPemesan = data.get("nama"): null

2023-10-04 20:17:55 - [TEST_STEP][PASSED] - click(findTestObject("Konfirmasi pesanan shop/Menu Shop")): Object: 'Object Repository/Konfirmasi pesanan shop/Menu Shop' is clicked on

2023-10-04 20:17:57 - [MESSAGE][PASSED] - Object: 'Object Repository/Konfirmasi pesanan shop/Menu Shop' is clicked on

2023-10-04 20:17:57 - [TEST_STEP][PASSED] - click(findTestObject("Konfirmasi pesanan shop/Menu Shop")): Object: 'Object Repository/Konfirmasi pesanan shop/Menu Shop' is clicked on

2023-10-04 20:17:58 - [MESSAGE][PASSED] - Object: 'Object Repository/Konfirmasi pesanan shop/Menu Shop' is clicked on

2023-10-04 20:17:58 - [TEST_STEP][PASSED] - click(findTestObject("Konfirmasi pesanan shop/Konfirmasi Orders")): Object: 'Object Repository/Konfirmasi pesanan shop/Konfirmasi Orders' is clicked on

2023-10-04 20:17:59 - [MESSAGE][PASSED] - Object: 'Object Repository/Konfirmasi pesanan shop/Konfirmasi Orders' is clicked on

2023-10-04 20:17:59 - [TEST_STEP][PASSED] - verifyElementPresent(findTestObject("Konfirmasi pesanan shop/Tittle Konfirmasi Pesanan"), 0): Object 'Object Repository/Konfirmasi pesanan shop/Tittle Konfirmasi Pesanan' is present

2023-10-04 20:17:59 - [MESSAGE][WARNING] - Timeout '0' is invalid. Using default page load timeout: '30'

2023-10-04 20:18:00 - [MESSAGE][PASSED] - Object 'Object Repository/Konfirmasi pesanan shop/Tittle Konfirmasi Pesanan' is present

2023-10-04 20:18:00 - [TEST_STEP][PASSED] - setText(findTestObject("Konfirmasi pesanan shop/input_No Pesanan"), inv): Text 'TRX60.20231004201740' is set on object 'Object Repository/Konfirmasi pesanan shop/input_No Pesanan'

2023-10-04 20:18:00 - [MESSAGE][PASSED] - Text 'TRX60.20231004201740' is set on object 'Object Repository/Konfirmasi pesanan shop/input_No Pesanan'

2023-10-04 20:18:00 - [TEST_STEP][PASSED] - setText(findTestObject("Konfirmasi pesanan shop/input_Alamat E-mai"), "irfan@gmail.com"): Text 'irfan@gmail.com' is set on object 'Object Repository/Konfirmasi pesanan shop/input_Alamat E-mai'

2023-10-04 20:18:01 - [MESSAGE][PASSED] - Text 'irfan@gmail.com' is set on object 'Object Repository/Konfirmasi pesanan shop/input_Alamat E-mai'

2023-10-04 20:18:01 - [TEST_STEP][PASSED] - click(findTestObject("Konfirmasi pesanan shop/button_Submit")): Object: 'Object Repository/Konfirmasi pesanan shop/button_Submit' is clicked on

2023-10-04 20:18:02 - [MESSAGE][PASSED] - Object: 'Object Repository/Konfirmasi pesanan shop/button_Submit' is clicked on

2023-10-04 20:18:02 - [TEST_STEP][PASSED] - verifyElementPresent(findTestObject("Konfirmasi pesanan shop/Tittle nomor invoice"), 0): Object 'Object Repository/Konfirmasi pesanan shop/Tittle nomor invoice' is present

2023-10-04 20:18:02 - [MESSAGE][WARNING] - Timeout '0' is invalid. Using default page load timeout: '30'

2023-10-04 20:18:03 - [MESSAGE][PASSED] - Object 'Object Repository/Konfirmasi pesanan shop/Tittle nomor invoice' is present

2023-10-04 20:18:03 - [TEST_STEP][PASSED] - setText(findTestObject("Konfirmasi pesanan shop/input_Total TagihanTransfer_b"), Total): Text '8,539' is set on object 'Object Repository/Konfirmasi pesanan shop/input_Total TagihanTransfer_b'

2023-10-04 20:18:03 - [MESSAGE][PASSED] - Text '8,539' is set on object 'Object Repository/Konfirmasi pesanan shop/input_Total TagihanTransfer_b'

2023-10-04 20:18:03 - [TEST_STEP][PASSED] - selectOptionByValue(findTestObject("Konfirmasi pesanan shop/select_Bank"), "4", false): All options with value '4' are selected in object 'Object Repository/Konfirmasi pesanan shop/select_Bank' 

2023-10-04 20:18:04 - [MESSAGE][PASSED] - All options with value '4' are selected in object 'Object Repository/Konfirmasi pesanan shop/select_Bank' 

2023-10-04 20:18:04 - [TEST_STEP][PASSED] - setText(findTestObject("Konfirmasi pesanan shop/input_Nama Pengirim_d"), NamaPemesan): Text 'irfan.afandi' is set on object 'Object Repository/Konfirmasi pesanan shop/input_Nama Pengirim_d'

2023-10-04 20:18:05 - [MESSAGE][PASSED] - Text 'irfan.afandi' is set on object 'Object Repository/Konfirmasi pesanan shop/input_Nama Pengirim_d'

2023-10-04 20:18:05 - [TEST_STEP][PASSED] - uploadFile(findTestObject("keranjang/konfirmasi/input_Upload Bukti Transfer_f"), "C:\Users\IRFAN\Downloads\Berkas2.pdf"): File 'C:\Users\IRFAN\Downloads\Berkas2.pdf' sent to object: 'Object Repository/keranjang/konfirmasi/input_Upload Bukti Transfer_f'

2023-10-04 20:18:05 - [MESSAGE][PASSED] - File 'C:\Users\IRFAN\Downloads\Berkas2.pdf' sent to object: 'Object Repository/keranjang/konfirmasi/input_Upload Bukti Transfer_f'

2023-10-04 20:18:05 - [TEST_STEP][PASSED] - click(findTestObject("Konfirmasi pesanan shop/button_Konfirmasi Pembayaran")): Object: 'Object Repository/Konfirmasi pesanan shop/button_Konfirmasi Pembayaran' is clicked on

2023-10-04 20:18:07 - [MESSAGE][PASSED] - Object: 'Object Repository/Konfirmasi pesanan shop/button_Konfirmasi Pembayaran' is clicked on

2023-10-04 20:18:07 - [TEST_STEP][PASSED] - verifyElementPresent(findTestObject("Konfirmasi pesanan shop/Tittle Konfirmasi Pesanan"), 0): Object 'Object Repository/Konfirmasi pesanan shop/Tittle Konfirmasi Pesanan' is present

2023-10-04 20:18:07 - [MESSAGE][WARNING] - Timeout '0' is invalid. Using default page load timeout: '30'

2023-10-04 20:18:07 - [MESSAGE][PASSED] - Object 'Object Repository/Konfirmasi pesanan shop/Tittle Konfirmasi Pesanan' is present

2023-10-04 20:18:07 - [TEST_STEP][PASSED] - verifyElementPresent(findTestObject("Konfirmasi pesanan shop/Tittle massage succes Konfirmasi Pembayaran Pesanan"), 0): Object 'Object Repository/Konfirmasi pesanan shop/Tittle massage succes Konfirmasi Pembayaran Pesanan' is present

2023-10-04 20:18:07 - [MESSAGE][WARNING] - Timeout '0' is invalid. Using default page load timeout: '30'

2023-10-04 20:18:08 - [MESSAGE][PASSED] - Object 'Object Repository/Konfirmasi pesanan shop/Tittle massage succes Konfirmasi Pembayaran Pesanan' is present

2023-10-04 20:18:08 - [TEST_STEP][PASSED] - return data: null

2023-10-04 20:18:08 - [MESSAGE][PASSED] - Call Test Case 'Test Cases/T13 Pembelian, Shipment dan Pembayaran/PBY-004' successfully

2023-10-04 20:18:08 - [TEST_STEP][PASSED] - navigateToUrl("https://10.9.2.63/ecommerce/administrator/"): Navigate to 'https://10.9.2.63/ecommerce/administrator/' successfully

2023-10-04 20:18:08 - [MESSAGE][PASSED] - Navigate to 'https://10.9.2.63/ecommerce/administrator/' successfully

2023-10-04 20:18:08 - [TEST_STEP][PASSED] - verifyElementPresent(findTestObject("admin/Tittle ADMIN Login"), 0): Object 'Object Repository/admin/Tittle ADMIN Login' is present

2023-10-04 20:18:09 - [MESSAGE][WARNING] - Timeout '0' is invalid. Using default page load timeout: '30'

2023-10-04 20:18:09 - [MESSAGE][PASSED] - Object 'Object Repository/admin/Tittle ADMIN Login' is present

2023-10-04 20:18:09 - [TEST_STEP][PASSED] - setText(findTestObject("admin/Username"), "admin"): Text 'admin' is set on object 'Object Repository/admin/Username'

2023-10-04 20:18:10 - [MESSAGE][PASSED] - Text 'admin' is set on object 'Object Repository/admin/Username'

2023-10-04 20:18:10 - [TEST_STEP][PASSED] - setText(findTestObject("admin/Password"), "123admin123"): Text '123admin123' is set on object 'Object Repository/admin/Password'

2023-10-04 20:18:10 - [MESSAGE][PASSED] - Text '123admin123' is set on object 'Object Repository/admin/Password'

2023-10-04 20:18:10 - [TEST_STEP][PASSED] - click(findTestObject("admin/Remember Me")): Object: 'Object Repository/admin/Remember Me' is clicked on

2023-10-04 20:18:11 - [MESSAGE][PASSED] - Object: 'Object Repository/admin/Remember Me' is clicked on

2023-10-04 20:18:11 - [TEST_STEP][PASSED] - delay(10): Delayed 10 second(s)

2023-10-04 20:18:21 - [MESSAGE][PASSED] - Delayed 10 second(s)

2023-10-04 20:18:21 - [TEST_STEP][PASSED] - click(findTestObject("admin/buttom submit")): Object: 'Object Repository/admin/buttom submit' is clicked on

2023-10-04 20:18:22 - [MESSAGE][PASSED] - Object: 'Object Repository/admin/buttom submit' is clicked on

2023-10-04 20:18:22 - [TEST_STEP][PASSED] - verifyElementPresent(findTestObject("admin/Konf order konsumen/Tittle Dashboard"), 0): Object 'Object Repository/admin/Konf order konsumen/Tittle Dashboard' is present

2023-10-04 20:18:22 - [MESSAGE][WARNING] - Timeout '0' is invalid. Using default page load timeout: '30'

2023-10-04 20:18:28 - [MESSAGE][PASSED] - Object 'Object Repository/admin/Konf order konsumen/Tittle Dashboard' is present

2023-10-04 20:18:28 - [TEST_STEP][PASSED] - click(findTestObject("admin/Konf order konsumen/Menu Transaksi Market")): Object: 'Object Repository/admin/Konf order konsumen/Menu Transaksi Market' is clicked on

2023-10-04 20:18:29 - [MESSAGE][PASSED] - Object: 'Object Repository/admin/Konf order konsumen/Menu Transaksi Market' is clicked on

2023-10-04 20:18:29 - [TEST_STEP][PASSED] - click(findTestObject("admin/Konf order konsumen/Menu Konf. Order Konsumen")): Object: 'Object Repository/admin/Konf order konsumen/Menu Konf. Order Konsumen' is clicked on

2023-10-04 20:18:30 - [MESSAGE][PASSED] - Object: 'Object Repository/admin/Konf order konsumen/Menu Konf. Order Konsumen' is clicked on

2023-10-04 20:18:30 - [TEST_STEP][PASSED] - verifyElementPresent(findTestObject("admin/Konf order konsumen/Tittle Data Konfirmasi Pembayaran Konsumen"), 0): Object 'Object Repository/admin/Konf order konsumen/Tittle Data Konfirmasi Pembayaran Konsumen' is present

2023-10-04 20:18:30 - [MESSAGE][WARNING] - Timeout '0' is invalid. Using default page load timeout: '30'

2023-10-04 20:18:38 - [MESSAGE][PASSED] - Object 'Object Repository/admin/Konf order konsumen/Tittle Data Konfirmasi Pembayaran Konsumen' is present

2023-10-04 20:18:38 - [TEST_STEP][PASSED] - inv = data.get("invoice"): null

2023-10-04 20:18:38 - [TEST_STEP][PASSED] - setText(findTestObject("admin/Konf order konsumen/Search"), inv): Text 'TRX60.20231004201740' is set on object 'Object Repository/admin/Konf order konsumen/Search'

2023-10-04 20:18:39 - [MESSAGE][PASSED] - Text 'TRX60.20231004201740' is set on object 'Object Repository/admin/Konf order konsumen/Search'

2023-10-04 20:18:39 - [TEST_STEP][PASSED] - verifyElementText(findTestObject("admin/Konf order konsumen/Keterangan Lunas"), "Lunas"): Actual text and expected text of test object 'Object Repository/admin/Konf order konsumen/Keterangan Lunas' are matched.

2023-10-04 20:18:40 - [MESSAGE][PASSED] - Actual text and expected text of test object 'Object Repository/admin/Konf order konsumen/Keterangan Lunas' are matched.

2023-10-04 20:18:40 - [TEST_STEP][PASSED] - return data: null]]></system-out>
         <system-err><![CDATA[]]></system-err>
      </testcase>
      <testcase name="Test Cases/T13 Pembelian, Shipment dan Pembayaran/SA-001" time="98.529" classname="Test Cases/T13 Pembelian, Shipment dan Pembayaran/SA-001" status="PASSED">
         <system-out><![CDATA[2023-10-04 20:18:40 - [TEST_CASE][PASSED] - Test Cases/T13 Pembelian, Shipment dan Pembayaran/SA-001: Test Cases/T13 Pembelian, Shipment dan Pembayaran/SA-001

2023-10-04 20:18:40 - [TEST_STEP][PASSED] - data = callTestCase(findTestCase("T13 Pembelian, Shipment dan Pembayaran/PBYA-001"), [:], STOP_ON_FAILURE): Call Test Case 'Test Cases/T13 Pembelian, Shipment dan Pembayaran/PBYA-001' successfully

2023-10-04 20:18:40 - [TEST_CASE][PASSED] - Test Cases/T13 Pembelian, Shipment dan Pembayaran/PBYA-001: Test Cases/T13 Pembelian, Shipment dan Pembayaran/PBYA-001

2023-10-04 20:18:40 - [TEST_STEP][PASSED] - data = callTestCase(findTestCase("T13 Pembelian, Shipment dan Pembayaran/PBY-004"), [:], STOP_ON_FAILURE): Call Test Case 'Test Cases/T13 Pembelian, Shipment dan Pembayaran/PBY-004' successfully

2023-10-04 20:18:40 - [TEST_CASE][PASSED] - Test Cases/T13 Pembelian, Shipment dan Pembayaran/PBY-004: Test Cases/T13 Pembelian, Shipment dan Pembayaran/PBY-004

2023-10-04 20:18:40 - [TEST_STEP][PASSED] - data = callTestCase(findTestCase("T13 Pembelian, Shipment dan Pembayaran/PBY-001"), [:], STOP_ON_FAILURE): Call Test Case 'Test Cases/T13 Pembelian, Shipment dan Pembayaran/PBY-001' successfully

2023-10-04 20:18:40 - [TEST_CASE][PASSED] - Test Cases/T13 Pembelian, Shipment dan Pembayaran/PBY-001: Test Cases/T13 Pembelian, Shipment dan Pembayaran/PBY-001

2023-10-04 20:18:40 - [TEST_STEP][PASSED] - data = callTestCase(findTestCase("T13 Pembelian, Shipment dan Pembayaran/PBL-004"), ["Kurir":"Roda 2"], STOP_ON_FAILURE): Call Test Case 'Test Cases/T13 Pembelian, Shipment dan Pembayaran/PBL-004' successfully

2023-10-04 20:18:40 - [TEST_CASE][PASSED] - Test Cases/T13 Pembelian, Shipment dan Pembayaran/PBL-004: Test Cases/T13 Pembelian, Shipment dan Pembayaran/PBL-004

2023-10-04 20:18:40 - [TEST_STEP][PASSED] - data = callTestCase(findTestCase("T13 Pembelian, Shipment dan Pembayaran/PBL-002"), [:], STOP_ON_FAILURE): Call Test Case 'Test Cases/T13 Pembelian, Shipment dan Pembayaran/PBL-002' successfully

2023-10-04 20:18:40 - [TEST_CASE][PASSED] - Test Cases/T13 Pembelian, Shipment dan Pembayaran/PBL-002: Test Cases/T13 Pembelian, Shipment dan Pembayaran/PBL-002

2023-10-04 20:18:40 - [TEST_STEP][PASSED] - data = callTestCase(findTestCase("T13 Pembelian, Shipment dan Pembayaran/PBL-001"), [:], STOP_ON_FAILURE): Call Test Case 'Test Cases/T13 Pembelian, Shipment dan Pembayaran/PBL-001' successfully

2023-10-04 20:18:40 - [TEST_CASE][PASSED] - Test Cases/T13 Pembelian, Shipment dan Pembayaran/PBL-001: Test Cases/T13 Pembelian, Shipment dan Pembayaran/PBL-001

2023-10-04 20:18:40 - [TEST_STEP][PASSED] - callTestCase(findTestCase("T13 Pembelian, Shipment dan Pembayaran/LU-001"), ["username":"irfanafandi", "password":"12345irfan"], STOP_ON_FAILURE): Call Test Case 'Test Cases/T13 Pembelian, Shipment dan Pembayaran/LU-001' successfully

2023-10-04 20:18:40 - [TEST_CASE][PASSED] - Test Cases/T13 Pembelian, Shipment dan Pembayaran/LU-001: Test Cases/T13 Pembelian, Shipment dan Pembayaran/LU-001

2023-10-04 20:18:40 - [TEST_STEP][PASSED] - openBrowser("https://10.9.2.63/ecommerce/"): Browser is opened with url: 'https://10.9.2.63/ecommerce/'

2023-10-04 20:18:40 - [MESSAGE][WARNING] - A browser is already opened. Closing browser and opening a new one

2023-10-04 20:18:43 - [MESSAGE][INFO] - Starting 'Firefox' driver

2023-10-04 20:18:43 - [MESSAGE][INFO] - User set preference: ['args', '[--disable-notifications]']

2023-10-04 20:18:43 - [MESSAGE][INFO] - Action delay is set to 0 milliseconds

2023-10-04 20:18:47 - [MESSAGE][PASSED] - Browser is opened with url: 'https://10.9.2.63/ecommerce/'

2023-10-04 20:18:47 - [TEST_STEP][PASSED] - maximizeWindow(): Current window maximized

2023-10-04 20:18:47 - [MESSAGE][PASSED] - Current window maximized

2023-10-04 20:18:47 - [TEST_STEP][PASSED] - verifyElementPresent(findTestObject("Login/Home"), 0): Object 'Object Repository/Login/Home' is present

2023-10-04 20:18:47 - [MESSAGE][WARNING] - Timeout '0' is invalid. Using default page load timeout: '30'

2023-10-04 20:18:48 - [MESSAGE][PASSED] - Object 'Object Repository/Login/Home' is present

2023-10-04 20:18:48 - [TEST_STEP][PASSED] - click(findTestObject("Login/a_Login")): Object: 'Object Repository/Login/a_Login' is clicked on

2023-10-04 20:18:48 - [MESSAGE][PASSED] - Object: 'Object Repository/Login/a_Login' is clicked on

2023-10-04 20:18:48 - [TEST_STEP][PASSED] - verifyElementPresent(findTestObject("Login/Tittle Login"), 0): Object 'Object Repository/Login/Tittle Login' is present

2023-10-04 20:18:48 - [MESSAGE][WARNING] - Timeout '0' is invalid. Using default page load timeout: '30'

2023-10-04 20:18:49 - [MESSAGE][PASSED] - Object 'Object Repository/Login/Tittle Login' is present

2023-10-04 20:18:49 - [TEST_STEP][PASSED] - setText(findTestObject("Login/input_Username, Email atau No. Handphone_a"), username): Text 'irfanafandi' is set on object 'Object Repository/Login/input_Username, Email atau No. Handphone_a'

2023-10-04 20:18:49 - [MESSAGE][PASSED] - Text 'irfanafandi' is set on object 'Object Repository/Login/input_Username, Email atau No. Handphone_a'

2023-10-04 20:18:49 - [TEST_STEP][PASSED] - setText(findTestObject("Login/input_Password_b"), password): Text '12345irfan' is set on object 'Object Repository/Login/input_Password_b'

2023-10-04 20:18:50 - [MESSAGE][PASSED] - Text '12345irfan' is set on object 'Object Repository/Login/input_Password_b'

2023-10-04 20:18:50 - [TEST_STEP][PASSED] - click(findTestObject("Login/label_Ingat saya")): Object: 'Object Repository/Login/label_Ingat saya' is clicked on

2023-10-04 20:18:51 - [MESSAGE][PASSED] - Object: 'Object Repository/Login/label_Ingat saya' is clicked on

2023-10-04 20:18:51 - [TEST_STEP][PASSED] - click(findTestObject("Login/button_Masuk")): Object: 'Object Repository/Login/button_Masuk' is clicked on

2023-10-04 20:18:52 - [MESSAGE][PASSED] - Object: 'Object Repository/Login/button_Masuk' is clicked on

2023-10-04 20:18:52 - [TEST_STEP][PASSED] - verifyElementPresent(findTestObject("Login/li_Profile"), 0): Object 'Object Repository/Login/li_Profile' is present

2023-10-04 20:18:52 - [MESSAGE][WARNING] - Timeout '0' is invalid. Using default page load timeout: '30'

2023-10-04 20:18:52 - [MESSAGE][PASSED] - Object 'Object Repository/Login/li_Profile' is present

2023-10-04 20:18:52 - [MESSAGE][PASSED] - Call Test Case 'Test Cases/T13 Pembelian, Shipment dan Pembayaran/LU-001' successfully

2023-10-04 20:18:52 - [TEST_STEP][PASSED] - mouseOver(findTestObject("beli barang/i_Mulai Belanja_icon-menu")): Object: 'Object Repository/beli barang/i_Mulai Belanja_icon-menu' is hovered

2023-10-04 20:18:53 - [MESSAGE][PASSED] - Object: 'Object Repository/beli barang/i_Mulai Belanja_icon-menu' is hovered

2023-10-04 20:18:53 - [TEST_STEP][PASSED] - click(findTestObject("beli barang/a_Fashion  Busana Wanita")): Object: 'Object Repository/beli barang/a_Fashion  Busana Wanita' is clicked on

2023-10-04 20:18:54 - [MESSAGE][PASSED] - Object: 'Object Repository/beli barang/a_Fashion  Busana Wanita' is clicked on

2023-10-04 20:18:54 - [TEST_STEP][PASSED] - NamaSebelum = getText(findTestObject("verifikasi/Nama sebelum")): Text of object 'Object Repository/verifikasi/Nama sebelum' is: ''

2023-10-04 20:18:54 - [MESSAGE][PASSED] - Text of object 'Object Repository/verifikasi/Nama sebelum' is: ''

2023-10-04 20:18:54 - [TEST_STEP][PASSED] - HargaSebelum = getText(findTestObject("verifikasi/Harga sebelum")): Text of object 'Object Repository/verifikasi/Harga sebelum' is: 'Rp 1,299'

2023-10-04 20:18:55 - [MESSAGE][PASSED] - Text of object 'Object Repository/verifikasi/Harga sebelum' is: 'Rp 1,299'

2023-10-04 20:18:55 - [TEST_STEP][PASSED] - mouseOver(findTestObject("beli barang/barang mouse over")): Object: 'Object Repository/beli barang/barang mouse over' is hovered

2023-10-04 20:18:56 - [MESSAGE][PASSED] - Object: 'Object Repository/beli barang/barang mouse over' is hovered

2023-10-04 20:18:56 - [TEST_STEP][PASSED] - click(findTestObject("beli barang/buttom add to cart")): Object: 'Object Repository/beli barang/buttom add to cart' is clicked on

2023-10-04 20:18:57 - [MESSAGE][PASSED] - Object: 'Object Repository/beli barang/buttom add to cart' is clicked on

2023-10-04 20:18:57 - [TEST_STEP][PASSED] - NamaSesudah = getText(findTestObject("verifikasi/Nama sesudah")): Text of object 'Object Repository/verifikasi/Nama sesudah' is: 'Segitiga Instan Madeira - MDB5.3 Sunset'

2023-10-04 20:18:57 - [MESSAGE][PASSED] - Text of object 'Object Repository/verifikasi/Nama sesudah' is: 'Segitiga Instan Madeira - MDB5.3 Sunset'

2023-10-04 20:18:57 - [TEST_STEP][PASSED] - HargaSesudah = getText(findTestObject("verifikasi/Harga sesudah")): Text of object 'Object Repository/verifikasi/Harga sesudah' is: 'Rp 1,299'

2023-10-04 20:18:58 - [MESSAGE][PASSED] - Text of object 'Object Repository/verifikasi/Harga sesudah' is: 'Rp 1,299'

2023-10-04 20:18:58 - [TEST_STEP][PASSED] - assert NamaSesudah.contains(NamaSebelum): null

2023-10-04 20:18:58 - [TEST_STEP][PASSED] - assert HargaSesudah.contains(HargaSebelum): null

2023-10-04 20:18:58 - [TEST_STEP][PASSED] - click(findTestObject("beli barang/Tambah Keranjang busana wanita")): Object: 'Object Repository/beli barang/Tambah Keranjang busana wanita' is clicked on

2023-10-04 20:18:58 - [MESSAGE][PASSED] - Object: 'Object Repository/beli barang/Tambah Keranjang busana wanita' is clicked on

2023-10-04 20:18:58 - [TEST_STEP][PASSED] - verifyElementPresent(findTestObject("checkout/Notifikasi keranjang"), 1): Object 'Object Repository/checkout/Notifikasi keranjang' is present

2023-10-04 20:18:59 - [MESSAGE][PASSED] - Object 'Object Repository/checkout/Notifikasi keranjang' is present

2023-10-04 20:18:59 - [TEST_STEP][PASSED] - data = new java.util.HashMap(): null

2023-10-04 20:18:59 - [TEST_STEP][PASSED] - data.put("nama_barang", NamaSesudah): null

2023-10-04 20:18:59 - [TEST_STEP][PASSED] - data.put("price_barang", HargaSesudah): null

2023-10-04 20:18:59 - [TEST_STEP][PASSED] - return data: null

2023-10-04 20:18:59 - [MESSAGE][PASSED] - Call Test Case 'Test Cases/T13 Pembelian, Shipment dan Pembayaran/PBL-001' successfully

2023-10-04 20:18:59 - [TEST_STEP][PASSED] - mouseOver(findTestObject("beli barang/keranjang")): Object: 'Object Repository/beli barang/keranjang' is hovered

2023-10-04 20:19:00 - [MESSAGE][PASSED] - Object: 'Object Repository/beli barang/keranjang' is hovered

2023-10-04 20:19:00 - [TEST_STEP][PASSED] - click(findTestObject("beli barang/Lihat Sekarang")): Object: 'Object Repository/beli barang/Lihat Sekarang' is clicked on

2023-10-04 20:19:00 - [MESSAGE][PASSED] - Object: 'Object Repository/beli barang/Lihat Sekarang' is clicked on

2023-10-04 20:19:00 - [TEST_STEP][PASSED] - verifyElementPresent(findTestObject("keranjang/li_Keranjang Belanja"), 0): Object 'Object Repository/keranjang/li_Keranjang Belanja' is present

2023-10-04 20:19:00 - [MESSAGE][WARNING] - Timeout '0' is invalid. Using default page load timeout: '30'

2023-10-04 20:19:02 - [MESSAGE][PASSED] - Object 'Object Repository/keranjang/li_Keranjang Belanja' is present

2023-10-04 20:19:02 - [TEST_STEP][PASSED] - NamaKeranjang = getText(findTestObject("verifikasi/Nama keranjang")): Text of object 'Object Repository/verifikasi/Nama keranjang' is: 'Segitiga Instan Madeira - MDB5.3 Sunset'

2023-10-04 20:19:02 - [MESSAGE][PASSED] - Text of object 'Object Repository/verifikasi/Nama keranjang' is: 'Segitiga Instan Madeira - MDB5.3 Sunset'

2023-10-04 20:19:02 - [TEST_STEP][PASSED] - HargaKeranjang = getText(findTestObject("verifikasi/Harga Keranjang")): Text of object 'Object Repository/verifikasi/Harga Keranjang' is: 'Rp 1,299'

2023-10-04 20:19:02 - [MESSAGE][PASSED] - Text of object 'Object Repository/verifikasi/Harga Keranjang' is: 'Rp 1,299'

2023-10-04 20:19:02 - [TEST_STEP][PASSED] - if (toString().equalsIgnoreCase("Merah")): Object 'Object Repository/keranjang/input_Warna_variasi101' is checked

2023-10-04 20:19:02 - [TEST_STEP][PASSED] - check(findTestObject("Object Repository/keranjang/input_Warna_variasi101")): Object 'Object Repository/keranjang/input_Warna_variasi101' is checked

2023-10-04 20:19:03 - [MESSAGE][PASSED] - Object 'Object Repository/keranjang/input_Warna_variasi101' is checked

2023-10-04 20:19:03 - [TEST_STEP][PASSED] - if (toString().equalsIgnoreCase("Menengah")): Object 'Object Repository/keranjang/input_Ukuran_variasi201' is checked

2023-10-04 20:19:03 - [TEST_STEP][PASSED] - check(findTestObject("Object Repository/keranjang/input_Ukuran_variasi201")): Object 'Object Repository/keranjang/input_Ukuran_variasi201' is checked

2023-10-04 20:19:03 - [MESSAGE][PASSED] - Object 'Object Repository/keranjang/input_Ukuran_variasi201' is checked

2023-10-04 20:19:03 - [TEST_STEP][PASSED] - data.put("Warna", warna): null

2023-10-04 20:19:03 - [TEST_STEP][PASSED] - data.put("Ukuran", ukuran): null

2023-10-04 20:19:03 - [TEST_STEP][PASSED] - click(findTestObject("keranjang/button_Lanjut ke Pembayaran")): Object: 'Object Repository/keranjang/button_Lanjut ke Pembayaran' is clicked on

2023-10-04 20:19:04 - [MESSAGE][PASSED] - Object: 'Object Repository/keranjang/button_Lanjut ke Pembayaran' is clicked on

2023-10-04 20:19:04 - [TEST_STEP][PASSED] - verifyElementPresent(findTestObject("checkout/Tittle Checkout Order"), 0): Object 'Object Repository/checkout/Tittle Checkout Order' is present

2023-10-04 20:19:04 - [MESSAGE][WARNING] - Timeout '0' is invalid. Using default page load timeout: '30'

2023-10-04 20:19:05 - [MESSAGE][PASSED] - Object 'Object Repository/checkout/Tittle Checkout Order' is present

2023-10-04 20:19:05 - [TEST_STEP][PASSED] - name_product = data.get("nama_barang"): null

2023-10-04 20:19:05 - [TEST_STEP][PASSED] - price_product = data.get("price_barang"): null

2023-10-04 20:19:05 - [TEST_STEP][PASSED] - assert name_product == NamaKeranjang: null

2023-10-04 20:19:05 - [TEST_STEP][PASSED] - assert price_product == HargaKeranjang: null

2023-10-04 20:19:05 - [TEST_STEP][PASSED] - return data: null

2023-10-04 20:19:05 - [MESSAGE][PASSED] - Call Test Case 'Test Cases/T13 Pembelian, Shipment dan Pembayaran/PBL-002' successfully

2023-10-04 20:19:05 - [TEST_STEP][PASSED] - warnaa = getText(findTestObject("verifikasi/warna Merah")): Text of object 'Object Repository/verifikasi/warna Merah' is: 'Merah'

2023-10-04 20:19:05 - [MESSAGE][PASSED] - Text of object 'Object Repository/verifikasi/warna Merah' is: 'Merah'

2023-10-04 20:19:05 - [TEST_STEP][PASSED] - ukurann = getText(findTestObject("verifikasi/Ukuran Menengah")): Text of object 'Object Repository/verifikasi/Ukuran Menengah' is: 'Menengah'

2023-10-04 20:19:06 - [MESSAGE][PASSED] - Text of object 'Object Repository/verifikasi/Ukuran Menengah' is: 'Menengah'

2023-10-04 20:19:06 - [TEST_STEP][PASSED] - warna1 = data.get("Warna"): null

2023-10-04 20:19:06 - [TEST_STEP][PASSED] - ukuran1 = data.get("Ukuran"): null

2023-10-04 20:19:06 - [TEST_STEP][PASSED] - assert warnaa == warna1: null

2023-10-04 20:19:06 - [TEST_STEP][PASSED] - assert ukurann == ukuran1: null

2023-10-04 20:19:06 - [TEST_STEP][PASSED] - NamaCheckout = getText(findTestObject("verifikasi/NamaCheckout")): Text of object 'Object Repository/verifikasi/NamaCheckout' is: ''

2023-10-04 20:19:06 - [MESSAGE][PASSED] - Text of object 'Object Repository/verifikasi/NamaCheckout' is: ''

2023-10-04 20:19:06 - [TEST_STEP][PASSED] - HargaCheckout = getText(findTestObject("verifikasi/HargaCheckout")): Text of object 'Object Repository/verifikasi/HargaCheckout' is: '1,299'

2023-10-04 20:19:06 - [MESSAGE][PASSED] - Text of object 'Object Repository/verifikasi/HargaCheckout' is: '1,299'

2023-10-04 20:19:06 - [TEST_STEP][PASSED] - name_product = data.get("nama_barang"): null

2023-10-04 20:19:06 - [TEST_STEP][PASSED] - price_product = data.get("price_barang"): null

2023-10-04 20:19:06 - [TEST_STEP][PASSED] - assert name_product.contains(NamaCheckout): null

2023-10-04 20:19:06 - [TEST_STEP][PASSED] - assert price_product.contains(HargaCheckout): null

2023-10-04 20:19:06 - [TEST_STEP][PASSED] - selectOptionByLabel(findTestObject("checkout/select - Kirim via Kurir Lokal"), Kurir, false): All options with label 'Roda 2' are selected in object 'Object Repository/checkout/select - Kirim via Kurir Lokal' 

2023-10-04 20:19:07 - [MESSAGE][PASSED] - All options with label 'Roda 2' are selected in object 'Object Repository/checkout/select - Kirim via Kurir Lokal' 

2023-10-04 20:19:07 - [TEST_STEP][PASSED] - click(findTestObject("checkout/Kendaraan Kurir")): Object: 'Object Repository/checkout/Kendaraan Kurir' is clicked on

2023-10-04 20:19:08 - [MESSAGE][PASSED] - Object: 'Object Repository/checkout/Kendaraan Kurir' is clicked on

2023-10-04 20:19:08 - [TEST_STEP][PASSED] - OngkosKirim = getText(findTestObject("Object Repository/verifikasi/Ongkos Kirim checkout")): Text of object 'Object Repository/verifikasi/Ongkos Kirim checkout' is: 'Rp. 5,000'

2023-10-04 20:19:08 - [MESSAGE][PASSED] - Text of object 'Object Repository/verifikasi/Ongkos Kirim checkout' is: 'Rp. 5,000'

2023-10-04 20:19:08 - [TEST_STEP][PASSED] - Ongkos = OngkosKirim.substring(3, OngkosKirim.size()): null

2023-10-04 20:19:08 - [TEST_STEP][PASSED] - rep = Ongkos.replace(",", "."): null

2023-10-04 20:19:08 - [TEST_STEP][PASSED] - Ongkos_kirim = Double.parseDouble(rep): null

2023-10-04 20:19:08 - [TEST_STEP][PASSED] - println(Ongkos_kirim): null

2023-10-04 20:19:08 - [TEST_STEP][PASSED] - FeeAdmin = getText(findTestObject("verifikasi/Fee Admin checkout")): Text of object 'Object Repository/verifikasi/Fee Admin checkout' is: 'Fee Admin
Rp 1,500'

2023-10-04 20:19:09 - [MESSAGE][PASSED] - Text of object 'Object Repository/verifikasi/Fee Admin checkout' is: 'Fee Admin
Rp 1,500'

2023-10-04 20:19:09 - [TEST_STEP][PASSED] - Fee_Admin = FeeAdmin.substring(12, FeeAdmin.size()): null

2023-10-04 20:19:09 - [TEST_STEP][PASSED] - fee = Fee_Admin.replace(",", "."): null

2023-10-04 20:19:09 - [TEST_STEP][PASSED] - fee_admin = Double.parseDouble(fee): null

2023-10-04 20:19:09 - [TEST_STEP][PASSED] - println(fee_admin): null

2023-10-04 20:19:09 - [TEST_STEP][PASSED] - Subtotal = getText(findTestObject("verifikasi/subtotal checkout")): Text of object 'Object Repository/verifikasi/subtotal checkout' is: 'Subtotal
Rp 1,299'

2023-10-04 20:19:09 - [MESSAGE][PASSED] - Text of object 'Object Repository/verifikasi/subtotal checkout' is: 'Subtotal
Rp 1,299'

2023-10-04 20:19:09 - [TEST_STEP][PASSED] - sub_total = Subtotal.substring(12, Subtotal.size()): null

2023-10-04 20:19:09 - [TEST_STEP][PASSED] - sub = sub_total.replace(",", "."): null

2023-10-04 20:19:09 - [TEST_STEP][PASSED] - sub_total = Double.parseDouble(sub): null

2023-10-04 20:19:09 - [TEST_STEP][PASSED] - println(sub_total): null

2023-10-04 20:19:09 - [TEST_STEP][PASSED] - Total = getText(findTestObject("verifikasi/Total checkout")): Text of object 'Object Repository/verifikasi/Total checkout' is: 'Rp 7,799'

2023-10-04 20:19:10 - [MESSAGE][PASSED] - Text of object 'Object Repository/verifikasi/Total checkout' is: 'Rp 7,799'

2023-10-04 20:19:10 - [TEST_STEP][PASSED] - totall = Total.substring(3, Total.size()): null

2023-10-04 20:19:10 - [TEST_STEP][PASSED] - total = totall.replace(",", "."): null

2023-10-04 20:19:10 - [TEST_STEP][PASSED] - totall = Double.parseDouble(total): null

2023-10-04 20:19:10 - [TEST_STEP][PASSED] - println(totall): null

2023-10-04 20:19:10 - [TEST_STEP][PASSED] - Total_Harga = Ongkos_kirim + fee_admin + sub_total: null

2023-10-04 20:19:10 - [TEST_STEP][PASSED] - println(Total_Harga): null

2023-10-04 20:19:10 - [TEST_STEP][PASSED] - TotalHarga = Math.round(Total_Harga * 1000) / 1000: null

2023-10-04 20:19:10 - [TEST_STEP][PASSED] - println(TotalHarga): null

2023-10-04 20:19:10 - [TEST_STEP][PASSED] - assert totall == TotalHarga: null

2023-10-04 20:19:10 - [TEST_STEP][PASSED] - click(findTestObject("verifikasi/Metode Transfer")): Object: 'Object Repository/verifikasi/Metode Transfer' is clicked on

2023-10-04 20:19:10 - [MESSAGE][PASSED] - Object: 'Object Repository/verifikasi/Metode Transfer' is clicked on

2023-10-04 20:19:10 - [TEST_STEP][PASSED] - click(findTestObject("checkout/button_Proses Pembayaran")): Object: 'Object Repository/checkout/button_Proses Pembayaran' is clicked on

2023-10-04 20:19:16 - [MESSAGE][PASSED] - Object: 'Object Repository/checkout/button_Proses Pembayaran' is clicked on

2023-10-04 20:19:16 - [TEST_STEP][PASSED] - verifyElementPresent(findTestObject("pembayaran/Tittle nomor invoice"), 0): Object 'Object Repository/pembayaran/Tittle nomor invoice' is present

2023-10-04 20:19:16 - [MESSAGE][WARNING] - Timeout '0' is invalid. Using default page load timeout: '30'

2023-10-04 20:19:21 - [MESSAGE][PASSED] - Object 'Object Repository/pembayaran/Tittle nomor invoice' is present

2023-10-04 20:19:21 - [TEST_STEP][PASSED] - return data: null

2023-10-04 20:19:21 - [MESSAGE][PASSED] - Call Test Case 'Test Cases/T13 Pembelian, Shipment dan Pembayaran/PBL-004' successfully

2023-10-04 20:19:21 - [TEST_STEP][PASSED] - Invoice = getText(findTestObject("pembayaran/nomor invoice")): Text of object 'Object Repository/pembayaran/nomor invoice' is: 'TRX60.20231004201912'

2023-10-04 20:19:22 - [MESSAGE][PASSED] - Text of object 'Object Repository/pembayaran/nomor invoice' is: 'TRX60.20231004201912'

2023-10-04 20:19:22 - [TEST_STEP][PASSED] - data.put("invoice", Invoice): null

2023-10-04 20:19:22 - [TEST_STEP][PASSED] - NamaPemesan = getText(findTestObject("Konfirmasi pesanan shop/Nama pemesan")): Text of object 'Object Repository/Konfirmasi pesanan shop/Nama pemesan' is: 'irfan.afandi'

2023-10-04 20:19:22 - [MESSAGE][PASSED] - Text of object 'Object Repository/Konfirmasi pesanan shop/Nama pemesan' is: 'irfan.afandi'

2023-10-04 20:19:22 - [TEST_STEP][PASSED] - Nama = getText(findTestObject("pembayaran/Nama barang")): Text of object 'Object Repository/pembayaran/Nama barang' is: 'Segitiga Instan Madeira - MDB5.3 Sunset'

2023-10-04 20:19:23 - [MESSAGE][PASSED] - Text of object 'Object Repository/pembayaran/Nama barang' is: 'Segitiga Instan Madeira - MDB5.3 Sunset'

2023-10-04 20:19:23 - [TEST_STEP][PASSED] - Harga = getText(findTestObject("pembayaran/Harga barang")): Text of object 'Object Repository/pembayaran/Harga barang' is: '1,299'

2023-10-04 20:19:23 - [MESSAGE][PASSED] - Text of object 'Object Repository/pembayaran/Harga barang' is: '1,299'

2023-10-04 20:19:23 - [TEST_STEP][PASSED] - name_product = data.get("nama_barang"): null

2023-10-04 20:19:23 - [TEST_STEP][PASSED] - price_product = data.get("price_barang"): null

2023-10-04 20:19:23 - [TEST_STEP][PASSED] - assert name_product.contains(Nama): null

2023-10-04 20:19:23 - [TEST_STEP][PASSED] - assert price_product.contains(Harga): null

2023-10-04 20:19:23 - [TEST_STEP][PASSED] - warnaa = getText(findTestObject("pembayaran/warna")): Text of object 'Object Repository/pembayaran/warna' is: 'Merah'

2023-10-04 20:19:24 - [MESSAGE][PASSED] - Text of object 'Object Repository/pembayaran/warna' is: 'Merah'

2023-10-04 20:19:24 - [TEST_STEP][PASSED] - ukurann = getText(findTestObject("pembayaran/ukuran")): Text of object 'Object Repository/pembayaran/ukuran' is: 'Menengah'

2023-10-04 20:19:24 - [MESSAGE][PASSED] - Text of object 'Object Repository/pembayaran/ukuran' is: 'Menengah'

2023-10-04 20:19:24 - [TEST_STEP][PASSED] - warna1 = data.get("Warna"): null

2023-10-04 20:19:24 - [TEST_STEP][PASSED] - ukuran1 = data.get("Ukuran"): null

2023-10-04 20:19:24 - [TEST_STEP][PASSED] - assert warnaa == warna1: null

2023-10-04 20:19:24 - [TEST_STEP][PASSED] - assert ukurann == ukuran1: null

2023-10-04 20:19:24 - [TEST_STEP][PASSED] - statusPembelian = getText(findTestObject("verifikasi/Status pending di pembelian")): Text of object 'Object Repository/verifikasi/Status pending di pembelian' is: 'Pending'

2023-10-04 20:19:25 - [MESSAGE][PASSED] - Text of object 'Object Repository/verifikasi/Status pending di pembelian' is: 'Pending'

2023-10-04 20:19:25 - [TEST_STEP][PASSED] - data.put("statusPem", statusPembelian): null

2023-10-04 20:19:25 - [TEST_STEP][PASSED] - OngkosKirim = getText(findTestObject("pembayaran/ongkos kirim")): Text of object 'Object Repository/pembayaran/ongkos kirim' is: 'Rp 5,000'

2023-10-04 20:19:25 - [MESSAGE][PASSED] - Text of object 'Object Repository/pembayaran/ongkos kirim' is: 'Rp 5,000'

2023-10-04 20:19:25 - [TEST_STEP][PASSED] - Ongkos = OngkosKirim.substring(3, OngkosKirim.size()): null

2023-10-04 20:19:25 - [TEST_STEP][PASSED] - rep = Ongkos.replace(",", ""): null

2023-10-04 20:19:25 - [TEST_STEP][PASSED] - Ongkos_kirimm = Integer.parseInt(rep): null

2023-10-04 20:19:25 - [TEST_STEP][PASSED] - println(Ongkos_kirimm): null

2023-10-04 20:19:25 - [TEST_STEP][PASSED] - FeeAdmin = getText(findTestObject("pembayaran/fee admin")): Text of object 'Object Repository/pembayaran/fee admin' is: 'Rp 1,500'

2023-10-04 20:19:26 - [MESSAGE][PASSED] - Text of object 'Object Repository/pembayaran/fee admin' is: 'Rp 1,500'

2023-10-04 20:19:26 - [TEST_STEP][PASSED] - Fee_Admin = FeeAdmin.substring(3, FeeAdmin.size()): null

2023-10-04 20:19:26 - [TEST_STEP][PASSED] - fee = Fee_Admin.replace(",", ""): null

2023-10-04 20:19:26 - [TEST_STEP][PASSED] - fee_adminn = Integer.parseInt(fee): null

2023-10-04 20:19:26 - [TEST_STEP][PASSED] - println(fee_adminn): null

2023-10-04 20:19:26 - [TEST_STEP][PASSED] - Subtotal = getText(findTestObject("pembayaran/subtotal")): Text of object 'Object Repository/pembayaran/subtotal' is: 'Rp 1,299'

2023-10-04 20:19:26 - [MESSAGE][PASSED] - Text of object 'Object Repository/pembayaran/subtotal' is: 'Rp 1,299'

2023-10-04 20:19:26 - [TEST_STEP][PASSED] - sub_total = Subtotal.substring(3, Subtotal.size()): null

2023-10-04 20:19:26 - [TEST_STEP][PASSED] - sub = sub_total.replace(",", ""): null

2023-10-04 20:19:26 - [TEST_STEP][PASSED] - sub_totall = Integer.parseInt(sub): null

2023-10-04 20:19:26 - [TEST_STEP][PASSED] - println(sub_totall): null

2023-10-04 20:19:26 - [TEST_STEP][PASSED] - unik = getText(findTestObject("pembayaran/kode unik")): Text of object 'Object Repository/pembayaran/kode unik' is: '+912'

2023-10-04 20:19:27 - [MESSAGE][PASSED] - Text of object 'Object Repository/pembayaran/kode unik' is: '+912'

2023-10-04 20:19:27 - [TEST_STEP][PASSED] - unikk = unik.replace("+", ""): null

2023-10-04 20:19:27 - [TEST_STEP][PASSED] - kode_unik = Integer.parseInt(unikk): null

2023-10-04 20:19:27 - [TEST_STEP][PASSED] - println(kode_unik): null

2023-10-04 20:19:27 - [TEST_STEP][PASSED] - Total = getText(findTestObject("pembayaran/total")): Text of object 'Object Repository/pembayaran/total' is: '8,711'

2023-10-04 20:19:27 - [MESSAGE][PASSED] - Text of object 'Object Repository/pembayaran/total' is: '8,711'

2023-10-04 20:19:27 - [TEST_STEP][PASSED] - total = Total.replace(",", ""): null

2023-10-04 20:19:27 - [TEST_STEP][PASSED] - totalll = Integer.parseInt(total): null

2023-10-04 20:19:27 - [TEST_STEP][PASSED] - println(totalll): null

2023-10-04 20:19:27 - [TEST_STEP][PASSED] - Total_Hargaa = Ongkos_kirimm + fee_adminn + sub_totall + kode_unik: null

2023-10-04 20:19:27 - [TEST_STEP][PASSED] - println(Total_Hargaa): null

2023-10-04 20:19:27 - [TEST_STEP][PASSED] - assert totalll == Total_Hargaa: null

2023-10-04 20:19:27 - [TEST_STEP][PASSED] - data.put("total", Total): null

2023-10-04 20:19:27 - [TEST_STEP][PASSED] - data.put("nama", NamaPemesan): null

2023-10-04 20:19:27 - [TEST_STEP][PASSED] - return data: null

2023-10-04 20:19:27 - [MESSAGE][PASSED] - Call Test Case 'Test Cases/T13 Pembelian, Shipment dan Pembayaran/PBY-001' successfully

2023-10-04 20:19:27 - [TEST_STEP][PASSED] - inv = data.get("invoice"): null

2023-10-04 20:19:27 - [TEST_STEP][PASSED] - Total = data.get("total"): null

2023-10-04 20:19:27 - [TEST_STEP][PASSED] - NamaPemesan = data.get("nama"): null

2023-10-04 20:19:27 - [TEST_STEP][PASSED] - click(findTestObject("Konfirmasi pesanan shop/Menu Shop")): Object: 'Object Repository/Konfirmasi pesanan shop/Menu Shop' is clicked on

2023-10-04 20:19:29 - [MESSAGE][PASSED] - Object: 'Object Repository/Konfirmasi pesanan shop/Menu Shop' is clicked on

2023-10-04 20:19:29 - [TEST_STEP][PASSED] - click(findTestObject("Konfirmasi pesanan shop/Menu Shop")): Object: 'Object Repository/Konfirmasi pesanan shop/Menu Shop' is clicked on

2023-10-04 20:19:30 - [MESSAGE][PASSED] - Object: 'Object Repository/Konfirmasi pesanan shop/Menu Shop' is clicked on

2023-10-04 20:19:30 - [TEST_STEP][PASSED] - click(findTestObject("Konfirmasi pesanan shop/Konfirmasi Orders")): Object: 'Object Repository/Konfirmasi pesanan shop/Konfirmasi Orders' is clicked on

2023-10-04 20:19:31 - [MESSAGE][PASSED] - Object: 'Object Repository/Konfirmasi pesanan shop/Konfirmasi Orders' is clicked on

2023-10-04 20:19:31 - [TEST_STEP][PASSED] - verifyElementPresent(findTestObject("Konfirmasi pesanan shop/Tittle Konfirmasi Pesanan"), 0): Object 'Object Repository/Konfirmasi pesanan shop/Tittle Konfirmasi Pesanan' is present

2023-10-04 20:19:31 - [MESSAGE][WARNING] - Timeout '0' is invalid. Using default page load timeout: '30'

2023-10-04 20:19:31 - [MESSAGE][PASSED] - Object 'Object Repository/Konfirmasi pesanan shop/Tittle Konfirmasi Pesanan' is present

2023-10-04 20:19:31 - [TEST_STEP][PASSED] - setText(findTestObject("Konfirmasi pesanan shop/input_No Pesanan"), inv): Text 'TRX60.20231004201912' is set on object 'Object Repository/Konfirmasi pesanan shop/input_No Pesanan'

2023-10-04 20:19:32 - [MESSAGE][PASSED] - Text 'TRX60.20231004201912' is set on object 'Object Repository/Konfirmasi pesanan shop/input_No Pesanan'

2023-10-04 20:19:32 - [TEST_STEP][PASSED] - setText(findTestObject("Konfirmasi pesanan shop/input_Alamat E-mai"), "irfan@gmail.com"): Text 'irfan@gmail.com' is set on object 'Object Repository/Konfirmasi pesanan shop/input_Alamat E-mai'

2023-10-04 20:19:33 - [MESSAGE][PASSED] - Text 'irfan@gmail.com' is set on object 'Object Repository/Konfirmasi pesanan shop/input_Alamat E-mai'

2023-10-04 20:19:33 - [TEST_STEP][PASSED] - click(findTestObject("Konfirmasi pesanan shop/button_Submit")): Object: 'Object Repository/Konfirmasi pesanan shop/button_Submit' is clicked on

2023-10-04 20:19:34 - [MESSAGE][PASSED] - Object: 'Object Repository/Konfirmasi pesanan shop/button_Submit' is clicked on

2023-10-04 20:19:34 - [TEST_STEP][PASSED] - verifyElementPresent(findTestObject("Konfirmasi pesanan shop/Tittle nomor invoice"), 0): Object 'Object Repository/Konfirmasi pesanan shop/Tittle nomor invoice' is present

2023-10-04 20:19:34 - [MESSAGE][WARNING] - Timeout '0' is invalid. Using default page load timeout: '30'

2023-10-04 20:19:34 - [MESSAGE][PASSED] - Object 'Object Repository/Konfirmasi pesanan shop/Tittle nomor invoice' is present

2023-10-04 20:19:34 - [TEST_STEP][PASSED] - setText(findTestObject("Konfirmasi pesanan shop/input_Total TagihanTransfer_b"), Total): Text '8,711' is set on object 'Object Repository/Konfirmasi pesanan shop/input_Total TagihanTransfer_b'

2023-10-04 20:19:35 - [MESSAGE][PASSED] - Text '8,711' is set on object 'Object Repository/Konfirmasi pesanan shop/input_Total TagihanTransfer_b'

2023-10-04 20:19:35 - [TEST_STEP][PASSED] - selectOptionByValue(findTestObject("Konfirmasi pesanan shop/select_Bank"), "4", false): All options with value '4' are selected in object 'Object Repository/Konfirmasi pesanan shop/select_Bank' 

2023-10-04 20:19:36 - [MESSAGE][PASSED] - All options with value '4' are selected in object 'Object Repository/Konfirmasi pesanan shop/select_Bank' 

2023-10-04 20:19:36 - [TEST_STEP][PASSED] - setText(findTestObject("Konfirmasi pesanan shop/input_Nama Pengirim_d"), NamaPemesan): Text 'irfan.afandi' is set on object 'Object Repository/Konfirmasi pesanan shop/input_Nama Pengirim_d'

2023-10-04 20:19:37 - [MESSAGE][PASSED] - Text 'irfan.afandi' is set on object 'Object Repository/Konfirmasi pesanan shop/input_Nama Pengirim_d'

2023-10-04 20:19:37 - [TEST_STEP][PASSED] - uploadFile(findTestObject("keranjang/konfirmasi/input_Upload Bukti Transfer_f"), "C:\Users\IRFAN\Downloads\Berkas2.pdf"): File 'C:\Users\IRFAN\Downloads\Berkas2.pdf' sent to object: 'Object Repository/keranjang/konfirmasi/input_Upload Bukti Transfer_f'

2023-10-04 20:19:37 - [MESSAGE][PASSED] - File 'C:\Users\IRFAN\Downloads\Berkas2.pdf' sent to object: 'Object Repository/keranjang/konfirmasi/input_Upload Bukti Transfer_f'

2023-10-04 20:19:37 - [TEST_STEP][PASSED] - click(findTestObject("Konfirmasi pesanan shop/button_Konfirmasi Pembayaran")): Object: 'Object Repository/Konfirmasi pesanan shop/button_Konfirmasi Pembayaran' is clicked on

2023-10-04 20:19:38 - [MESSAGE][PASSED] - Object: 'Object Repository/Konfirmasi pesanan shop/button_Konfirmasi Pembayaran' is clicked on

2023-10-04 20:19:38 - [TEST_STEP][PASSED] - verifyElementPresent(findTestObject("Konfirmasi pesanan shop/Tittle Konfirmasi Pesanan"), 0): Object 'Object Repository/Konfirmasi pesanan shop/Tittle Konfirmasi Pesanan' is present

2023-10-04 20:19:38 - [MESSAGE][WARNING] - Timeout '0' is invalid. Using default page load timeout: '30'

2023-10-04 20:19:39 - [MESSAGE][PASSED] - Object 'Object Repository/Konfirmasi pesanan shop/Tittle Konfirmasi Pesanan' is present

2023-10-04 20:19:39 - [TEST_STEP][PASSED] - verifyElementPresent(findTestObject("Konfirmasi pesanan shop/Tittle massage succes Konfirmasi Pembayaran Pesanan"), 0): Object 'Object Repository/Konfirmasi pesanan shop/Tittle massage succes Konfirmasi Pembayaran Pesanan' is present

2023-10-04 20:19:39 - [MESSAGE][WARNING] - Timeout '0' is invalid. Using default page load timeout: '30'

2023-10-04 20:19:39 - [MESSAGE][PASSED] - Object 'Object Repository/Konfirmasi pesanan shop/Tittle massage succes Konfirmasi Pembayaran Pesanan' is present

2023-10-04 20:19:39 - [TEST_STEP][PASSED] - return data: null

2023-10-04 20:19:39 - [MESSAGE][PASSED] - Call Test Case 'Test Cases/T13 Pembelian, Shipment dan Pembayaran/PBY-004' successfully

2023-10-04 20:19:39 - [TEST_STEP][PASSED] - navigateToUrl("https://10.9.2.63/ecommerce/administrator/"): Navigate to 'https://10.9.2.63/ecommerce/administrator/' successfully

2023-10-04 20:19:40 - [MESSAGE][PASSED] - Navigate to 'https://10.9.2.63/ecommerce/administrator/' successfully

2023-10-04 20:19:40 - [TEST_STEP][PASSED] - verifyElementPresent(findTestObject("admin/Tittle ADMIN Login"), 0): Object 'Object Repository/admin/Tittle ADMIN Login' is present

2023-10-04 20:19:40 - [MESSAGE][WARNING] - Timeout '0' is invalid. Using default page load timeout: '30'

2023-10-04 20:19:40 - [MESSAGE][PASSED] - Object 'Object Repository/admin/Tittle ADMIN Login' is present

2023-10-04 20:19:40 - [TEST_STEP][PASSED] - setText(findTestObject("admin/Username"), "admin"): Text 'admin' is set on object 'Object Repository/admin/Username'

2023-10-04 20:19:41 - [MESSAGE][PASSED] - Text 'admin' is set on object 'Object Repository/admin/Username'

2023-10-04 20:19:41 - [TEST_STEP][PASSED] - setText(findTestObject("admin/Password"), "123admin123"): Text '123admin123' is set on object 'Object Repository/admin/Password'

2023-10-04 20:19:41 - [MESSAGE][PASSED] - Text '123admin123' is set on object 'Object Repository/admin/Password'

2023-10-04 20:19:41 - [TEST_STEP][PASSED] - click(findTestObject("admin/Remember Me")): Object: 'Object Repository/admin/Remember Me' is clicked on

2023-10-04 20:19:42 - [MESSAGE][PASSED] - Object: 'Object Repository/admin/Remember Me' is clicked on

2023-10-04 20:19:42 - [TEST_STEP][PASSED] - delay(10): Delayed 10 second(s)

2023-10-04 20:19:52 - [MESSAGE][PASSED] - Delayed 10 second(s)

2023-10-04 20:19:52 - [TEST_STEP][PASSED] - click(findTestObject("admin/buttom submit")): Object: 'Object Repository/admin/buttom submit' is clicked on

2023-10-04 20:19:53 - [MESSAGE][PASSED] - Object: 'Object Repository/admin/buttom submit' is clicked on

2023-10-04 20:19:53 - [TEST_STEP][PASSED] - verifyElementPresent(findTestObject("admin/Konf order konsumen/Tittle Dashboard"), 0): Object 'Object Repository/admin/Konf order konsumen/Tittle Dashboard' is present

2023-10-04 20:19:53 - [MESSAGE][WARNING] - Timeout '0' is invalid. Using default page load timeout: '30'

2023-10-04 20:19:57 - [MESSAGE][PASSED] - Object 'Object Repository/admin/Konf order konsumen/Tittle Dashboard' is present

2023-10-04 20:19:57 - [TEST_STEP][PASSED] - click(findTestObject("admin/Konf order konsumen/Menu Transaksi Market")): Object: 'Object Repository/admin/Konf order konsumen/Menu Transaksi Market' is clicked on

2023-10-04 20:19:58 - [MESSAGE][PASSED] - Object: 'Object Repository/admin/Konf order konsumen/Menu Transaksi Market' is clicked on

2023-10-04 20:19:58 - [TEST_STEP][PASSED] - click(findTestObject("admin/Konf order konsumen/Menu Konf. Order Konsumen")): Object: 'Object Repository/admin/Konf order konsumen/Menu Konf. Order Konsumen' is clicked on

2023-10-04 20:19:59 - [MESSAGE][PASSED] - Object: 'Object Repository/admin/Konf order konsumen/Menu Konf. Order Konsumen' is clicked on

2023-10-04 20:19:59 - [TEST_STEP][PASSED] - verifyElementPresent(findTestObject("admin/Konf order konsumen/Tittle Data Konfirmasi Pembayaran Konsumen"), 0): Object 'Object Repository/admin/Konf order konsumen/Tittle Data Konfirmasi Pembayaran Konsumen' is present

2023-10-04 20:19:59 - [MESSAGE][WARNING] - Timeout '0' is invalid. Using default page load timeout: '30'

2023-10-04 20:20:06 - [MESSAGE][PASSED] - Object 'Object Repository/admin/Konf order konsumen/Tittle Data Konfirmasi Pembayaran Konsumen' is present

2023-10-04 20:20:06 - [TEST_STEP][PASSED] - inv = data.get("invoice"): null

2023-10-04 20:20:06 - [TEST_STEP][PASSED] - setText(findTestObject("admin/Konf order konsumen/Search"), inv): Text 'TRX60.20231004201912' is set on object 'Object Repository/admin/Konf order konsumen/Search'

2023-10-04 20:20:07 - [MESSAGE][PASSED] - Text 'TRX60.20231004201912' is set on object 'Object Repository/admin/Konf order konsumen/Search'

2023-10-04 20:20:07 - [TEST_STEP][PASSED] - verifyElementText(findTestObject("admin/Konf order konsumen/Keterangan Lunas"), "Lunas"): Actual text and expected text of test object 'Object Repository/admin/Konf order konsumen/Keterangan Lunas' are matched.

2023-10-04 20:20:08 - [MESSAGE][PASSED] - Actual text and expected text of test object 'Object Repository/admin/Konf order konsumen/Keterangan Lunas' are matched.

2023-10-04 20:20:08 - [TEST_STEP][PASSED] - return data: null

2023-10-04 20:20:08 - [MESSAGE][PASSED] - Call Test Case 'Test Cases/T13 Pembelian, Shipment dan Pembayaran/PBYA-001' successfully

2023-10-04 20:20:08 - [TEST_STEP][PASSED] - click(findTestObject("admin/Penjualan ke konsumen/buttom Dashboard")): Object: 'Object Repository/admin/Penjualan ke konsumen/buttom Dashboard' is clicked on

2023-10-04 20:20:09 - [MESSAGE][PASSED] - Object: 'Object Repository/admin/Penjualan ke konsumen/buttom Dashboard' is clicked on

2023-10-04 20:20:09 - [TEST_STEP][PASSED] - click(findTestObject("admin/Konf order konsumen/Menu Transaksi Market")): Object: 'Object Repository/admin/Konf order konsumen/Menu Transaksi Market' is clicked on

2023-10-04 20:20:10 - [MESSAGE][PASSED] - Object: 'Object Repository/admin/Konf order konsumen/Menu Transaksi Market' is clicked on

2023-10-04 20:20:10 - [TEST_STEP][PASSED] - click(findTestObject("admin/Penjualan ke konsumen/a_Penjualan ke Konsumen")): Object: 'Object Repository/admin/Penjualan ke konsumen/a_Penjualan ke Konsumen' is clicked on

2023-10-04 20:20:12 - [MESSAGE][PASSED] - Object: 'Object Repository/admin/Penjualan ke konsumen/a_Penjualan ke Konsumen' is clicked on

2023-10-04 20:20:12 - [TEST_STEP][PASSED] - verifyElementPresent(findTestObject("admin/Tittle Data Transaksi Penjualan  Orderan Konsumen"), 0): Object 'Object Repository/admin/Tittle Data Transaksi Penjualan  Orderan Konsumen' is present

2023-10-04 20:20:12 - [MESSAGE][WARNING] - Timeout '0' is invalid. Using default page load timeout: '30'

2023-10-04 20:20:18 - [MESSAGE][PASSED] - Object 'Object Repository/admin/Tittle Data Transaksi Penjualan  Orderan Konsumen' is present

2023-10-04 20:20:18 - [TEST_STEP][PASSED] - return data: null]]></system-out>
         <system-err><![CDATA[]]></system-err>
      </testcase>
      <testcase name="Test Cases/T13 Pembelian, Shipment dan Pembayaran/SA-002" time="117.516" classname="Test Cases/T13 Pembelian, Shipment dan Pembayaran/SA-002" status="PASSED">
         <system-out><![CDATA[2023-10-04 20:20:18 - [TEST_CASE][PASSED] - Test Cases/T13 Pembelian, Shipment dan Pembayaran/SA-002: Test Cases/T13 Pembelian, Shipment dan Pembayaran/SA-002

2023-10-04 20:20:18 - [TEST_STEP][PASSED] - data = callTestCase(findTestCase("T13 Pembelian, Shipment dan Pembayaran/SA-001"), [:], STOP_ON_FAILURE): Call Test Case 'Test Cases/T13 Pembelian, Shipment dan Pembayaran/SA-001' successfully

2023-10-04 20:20:18 - [TEST_CASE][PASSED] - Test Cases/T13 Pembelian, Shipment dan Pembayaran/SA-001: Test Cases/T13 Pembelian, Shipment dan Pembayaran/SA-001

2023-10-04 20:20:18 - [TEST_STEP][PASSED] - data = callTestCase(findTestCase("T13 Pembelian, Shipment dan Pembayaran/PBYA-001"), [:], STOP_ON_FAILURE): Call Test Case 'Test Cases/T13 Pembelian, Shipment dan Pembayaran/PBYA-001' successfully

2023-10-04 20:20:19 - [TEST_CASE][PASSED] - Test Cases/T13 Pembelian, Shipment dan Pembayaran/PBYA-001: Test Cases/T13 Pembelian, Shipment dan Pembayaran/PBYA-001

2023-10-04 20:20:19 - [TEST_STEP][PASSED] - data = callTestCase(findTestCase("T13 Pembelian, Shipment dan Pembayaran/PBY-004"), [:], STOP_ON_FAILURE): Call Test Case 'Test Cases/T13 Pembelian, Shipment dan Pembayaran/PBY-004' successfully

2023-10-04 20:20:19 - [TEST_CASE][PASSED] - Test Cases/T13 Pembelian, Shipment dan Pembayaran/PBY-004: Test Cases/T13 Pembelian, Shipment dan Pembayaran/PBY-004

2023-10-04 20:20:19 - [TEST_STEP][PASSED] - data = callTestCase(findTestCase("T13 Pembelian, Shipment dan Pembayaran/PBY-001"), [:], STOP_ON_FAILURE): Call Test Case 'Test Cases/T13 Pembelian, Shipment dan Pembayaran/PBY-001' successfully

2023-10-04 20:20:19 - [TEST_CASE][PASSED] - Test Cases/T13 Pembelian, Shipment dan Pembayaran/PBY-001: Test Cases/T13 Pembelian, Shipment dan Pembayaran/PBY-001

2023-10-04 20:20:19 - [TEST_STEP][PASSED] - data = callTestCase(findTestCase("T13 Pembelian, Shipment dan Pembayaran/PBL-004"), ["Kurir":"Roda 2"], STOP_ON_FAILURE): Call Test Case 'Test Cases/T13 Pembelian, Shipment dan Pembayaran/PBL-004' successfully

2023-10-04 20:20:19 - [TEST_CASE][PASSED] - Test Cases/T13 Pembelian, Shipment dan Pembayaran/PBL-004: Test Cases/T13 Pembelian, Shipment dan Pembayaran/PBL-004

2023-10-04 20:20:19 - [TEST_STEP][PASSED] - data = callTestCase(findTestCase("T13 Pembelian, Shipment dan Pembayaran/PBL-002"), [:], STOP_ON_FAILURE): Call Test Case 'Test Cases/T13 Pembelian, Shipment dan Pembayaran/PBL-002' successfully

2023-10-04 20:20:19 - [TEST_CASE][PASSED] - Test Cases/T13 Pembelian, Shipment dan Pembayaran/PBL-002: Test Cases/T13 Pembelian, Shipment dan Pembayaran/PBL-002

2023-10-04 20:20:19 - [TEST_STEP][PASSED] - data = callTestCase(findTestCase("T13 Pembelian, Shipment dan Pembayaran/PBL-001"), [:], STOP_ON_FAILURE): Call Test Case 'Test Cases/T13 Pembelian, Shipment dan Pembayaran/PBL-001' successfully

2023-10-04 20:20:19 - [TEST_CASE][PASSED] - Test Cases/T13 Pembelian, Shipment dan Pembayaran/PBL-001: Test Cases/T13 Pembelian, Shipment dan Pembayaran/PBL-001

2023-10-04 20:20:19 - [TEST_STEP][PASSED] - callTestCase(findTestCase("T13 Pembelian, Shipment dan Pembayaran/LU-001"), ["username":"irfanafandi", "password":"12345irfan"], STOP_ON_FAILURE): Call Test Case 'Test Cases/T13 Pembelian, Shipment dan Pembayaran/LU-001' successfully

2023-10-04 20:20:19 - [TEST_CASE][PASSED] - Test Cases/T13 Pembelian, Shipment dan Pembayaran/LU-001: Test Cases/T13 Pembelian, Shipment dan Pembayaran/LU-001

2023-10-04 20:20:19 - [TEST_STEP][PASSED] - openBrowser("https://10.9.2.63/ecommerce/"): Browser is opened with url: 'https://10.9.2.63/ecommerce/'

2023-10-04 20:20:19 - [MESSAGE][WARNING] - A browser is already opened. Closing browser and opening a new one

2023-10-04 20:20:21 - [MESSAGE][INFO] - Starting 'Firefox' driver

2023-10-04 20:20:21 - [MESSAGE][INFO] - User set preference: ['args', '[--disable-notifications]']

2023-10-04 20:20:21 - [MESSAGE][INFO] - Action delay is set to 0 milliseconds

2023-10-04 20:20:26 - [MESSAGE][PASSED] - Browser is opened with url: 'https://10.9.2.63/ecommerce/'

2023-10-04 20:20:26 - [TEST_STEP][PASSED] - maximizeWindow(): Current window maximized

2023-10-04 20:20:26 - [MESSAGE][PASSED] - Current window maximized

2023-10-04 20:20:26 - [TEST_STEP][PASSED] - verifyElementPresent(findTestObject("Login/Home"), 0): Object 'Object Repository/Login/Home' is present

2023-10-04 20:20:26 - [MESSAGE][WARNING] - Timeout '0' is invalid. Using default page load timeout: '30'

2023-10-04 20:20:26 - [MESSAGE][PASSED] - Object 'Object Repository/Login/Home' is present

2023-10-04 20:20:26 - [TEST_STEP][PASSED] - click(findTestObject("Login/a_Login")): Object: 'Object Repository/Login/a_Login' is clicked on

2023-10-04 20:20:27 - [MESSAGE][PASSED] - Object: 'Object Repository/Login/a_Login' is clicked on

2023-10-04 20:20:27 - [TEST_STEP][PASSED] - verifyElementPresent(findTestObject("Login/Tittle Login"), 0): Object 'Object Repository/Login/Tittle Login' is present

2023-10-04 20:20:27 - [MESSAGE][WARNING] - Timeout '0' is invalid. Using default page load timeout: '30'

2023-10-04 20:20:27 - [MESSAGE][PASSED] - Object 'Object Repository/Login/Tittle Login' is present

2023-10-04 20:20:27 - [TEST_STEP][PASSED] - setText(findTestObject("Login/input_Username, Email atau No. Handphone_a"), username): Text 'irfanafandi' is set on object 'Object Repository/Login/input_Username, Email atau No. Handphone_a'

2023-10-04 20:20:28 - [MESSAGE][PASSED] - Text 'irfanafandi' is set on object 'Object Repository/Login/input_Username, Email atau No. Handphone_a'

2023-10-04 20:20:28 - [TEST_STEP][PASSED] - setText(findTestObject("Login/input_Password_b"), password): Text '12345irfan' is set on object 'Object Repository/Login/input_Password_b'

2023-10-04 20:20:29 - [MESSAGE][PASSED] - Text '12345irfan' is set on object 'Object Repository/Login/input_Password_b'

2023-10-04 20:20:29 - [TEST_STEP][PASSED] - click(findTestObject("Login/label_Ingat saya")): Object: 'Object Repository/Login/label_Ingat saya' is clicked on

2023-10-04 20:20:29 - [MESSAGE][PASSED] - Object: 'Object Repository/Login/label_Ingat saya' is clicked on

2023-10-04 20:20:29 - [TEST_STEP][PASSED] - click(findTestObject("Login/button_Masuk")): Object: 'Object Repository/Login/button_Masuk' is clicked on

2023-10-04 20:20:31 - [MESSAGE][PASSED] - Object: 'Object Repository/Login/button_Masuk' is clicked on

2023-10-04 20:20:31 - [TEST_STEP][PASSED] - verifyElementPresent(findTestObject("Login/li_Profile"), 0): Object 'Object Repository/Login/li_Profile' is present

2023-10-04 20:20:31 - [MESSAGE][WARNING] - Timeout '0' is invalid. Using default page load timeout: '30'

2023-10-04 20:20:31 - [MESSAGE][PASSED] - Object 'Object Repository/Login/li_Profile' is present

2023-10-04 20:20:31 - [MESSAGE][PASSED] - Call Test Case 'Test Cases/T13 Pembelian, Shipment dan Pembayaran/LU-001' successfully

2023-10-04 20:20:31 - [TEST_STEP][PASSED] - mouseOver(findTestObject("beli barang/i_Mulai Belanja_icon-menu")): Object: 'Object Repository/beli barang/i_Mulai Belanja_icon-menu' is hovered

2023-10-04 20:20:32 - [MESSAGE][PASSED] - Object: 'Object Repository/beli barang/i_Mulai Belanja_icon-menu' is hovered

2023-10-04 20:20:32 - [TEST_STEP][PASSED] - click(findTestObject("beli barang/a_Fashion  Busana Wanita")): Object: 'Object Repository/beli barang/a_Fashion  Busana Wanita' is clicked on

2023-10-04 20:20:33 - [MESSAGE][PASSED] - Object: 'Object Repository/beli barang/a_Fashion  Busana Wanita' is clicked on

2023-10-04 20:20:33 - [TEST_STEP][PASSED] - NamaSebelum = getText(findTestObject("verifikasi/Nama sebelum")): Text of object 'Object Repository/verifikasi/Nama sebelum' is: ''

2023-10-04 20:20:34 - [MESSAGE][PASSED] - Text of object 'Object Repository/verifikasi/Nama sebelum' is: ''

2023-10-04 20:20:34 - [TEST_STEP][PASSED] - HargaSebelum = getText(findTestObject("verifikasi/Harga sebelum")): Text of object 'Object Repository/verifikasi/Harga sebelum' is: 'Rp 1,299'

2023-10-04 20:20:34 - [MESSAGE][PASSED] - Text of object 'Object Repository/verifikasi/Harga sebelum' is: 'Rp 1,299'

2023-10-04 20:20:34 - [TEST_STEP][PASSED] - mouseOver(findTestObject("beli barang/barang mouse over")): Object: 'Object Repository/beli barang/barang mouse over' is hovered

2023-10-04 20:20:35 - [MESSAGE][PASSED] - Object: 'Object Repository/beli barang/barang mouse over' is hovered

2023-10-04 20:20:35 - [TEST_STEP][PASSED] - click(findTestObject("beli barang/buttom add to cart")): Object: 'Object Repository/beli barang/buttom add to cart' is clicked on

2023-10-04 20:20:37 - [MESSAGE][PASSED] - Object: 'Object Repository/beli barang/buttom add to cart' is clicked on

2023-10-04 20:20:37 - [TEST_STEP][PASSED] - NamaSesudah = getText(findTestObject("verifikasi/Nama sesudah")): Text of object 'Object Repository/verifikasi/Nama sesudah' is: 'Segitiga Instan Madeira - MDB5.3 Sunset'

2023-10-04 20:20:37 - [MESSAGE][PASSED] - Text of object 'Object Repository/verifikasi/Nama sesudah' is: 'Segitiga Instan Madeira - MDB5.3 Sunset'

2023-10-04 20:20:37 - [TEST_STEP][PASSED] - HargaSesudah = getText(findTestObject("verifikasi/Harga sesudah")): Text of object 'Object Repository/verifikasi/Harga sesudah' is: 'Rp 1,299'

2023-10-04 20:20:38 - [MESSAGE][PASSED] - Text of object 'Object Repository/verifikasi/Harga sesudah' is: 'Rp 1,299'

2023-10-04 20:20:38 - [TEST_STEP][PASSED] - assert NamaSesudah.contains(NamaSebelum): null

2023-10-04 20:20:38 - [TEST_STEP][PASSED] - assert HargaSesudah.contains(HargaSebelum): null

2023-10-04 20:20:38 - [TEST_STEP][PASSED] - click(findTestObject("beli barang/Tambah Keranjang busana wanita")): Object: 'Object Repository/beli barang/Tambah Keranjang busana wanita' is clicked on

2023-10-04 20:20:38 - [MESSAGE][PASSED] - Object: 'Object Repository/beli barang/Tambah Keranjang busana wanita' is clicked on

2023-10-04 20:20:38 - [TEST_STEP][PASSED] - verifyElementPresent(findTestObject("checkout/Notifikasi keranjang"), 1): Object 'Object Repository/checkout/Notifikasi keranjang' is present

2023-10-04 20:20:39 - [MESSAGE][PASSED] - Object 'Object Repository/checkout/Notifikasi keranjang' is present

2023-10-04 20:20:39 - [TEST_STEP][PASSED] - data = new java.util.HashMap(): null

2023-10-04 20:20:39 - [TEST_STEP][PASSED] - data.put("nama_barang", NamaSesudah): null

2023-10-04 20:20:39 - [TEST_STEP][PASSED] - data.put("price_barang", HargaSesudah): null

2023-10-04 20:20:39 - [TEST_STEP][PASSED] - return data: null

2023-10-04 20:20:39 - [MESSAGE][PASSED] - Call Test Case 'Test Cases/T13 Pembelian, Shipment dan Pembayaran/PBL-001' successfully

2023-10-04 20:20:39 - [TEST_STEP][PASSED] - mouseOver(findTestObject("beli barang/keranjang")): Object: 'Object Repository/beli barang/keranjang' is hovered

2023-10-04 20:20:40 - [MESSAGE][PASSED] - Object: 'Object Repository/beli barang/keranjang' is hovered

2023-10-04 20:20:40 - [TEST_STEP][PASSED] - click(findTestObject("beli barang/Lihat Sekarang")): Object: 'Object Repository/beli barang/Lihat Sekarang' is clicked on

2023-10-04 20:20:41 - [MESSAGE][PASSED] - Object: 'Object Repository/beli barang/Lihat Sekarang' is clicked on

2023-10-04 20:20:41 - [TEST_STEP][PASSED] - verifyElementPresent(findTestObject("keranjang/li_Keranjang Belanja"), 0): Object 'Object Repository/keranjang/li_Keranjang Belanja' is present

2023-10-04 20:20:41 - [MESSAGE][WARNING] - Timeout '0' is invalid. Using default page load timeout: '30'

2023-10-04 20:20:42 - [MESSAGE][PASSED] - Object 'Object Repository/keranjang/li_Keranjang Belanja' is present

2023-10-04 20:20:42 - [TEST_STEP][PASSED] - NamaKeranjang = getText(findTestObject("verifikasi/Nama keranjang")): Text of object 'Object Repository/verifikasi/Nama keranjang' is: 'Segitiga Instan Madeira - MDB5.3 Sunset'

2023-10-04 20:20:42 - [MESSAGE][PASSED] - Text of object 'Object Repository/verifikasi/Nama keranjang' is: 'Segitiga Instan Madeira - MDB5.3 Sunset'

2023-10-04 20:20:42 - [TEST_STEP][PASSED] - HargaKeranjang = getText(findTestObject("verifikasi/Harga Keranjang")): Text of object 'Object Repository/verifikasi/Harga Keranjang' is: 'Rp 1,299'

2023-10-04 20:20:42 - [MESSAGE][PASSED] - Text of object 'Object Repository/verifikasi/Harga Keranjang' is: 'Rp 1,299'

2023-10-04 20:20:42 - [TEST_STEP][PASSED] - if (toString().equalsIgnoreCase("Merah")): Object 'Object Repository/keranjang/input_Warna_variasi101' is checked

2023-10-04 20:20:42 - [TEST_STEP][PASSED] - check(findTestObject("Object Repository/keranjang/input_Warna_variasi101")): Object 'Object Repository/keranjang/input_Warna_variasi101' is checked

2023-10-04 20:20:43 - [MESSAGE][PASSED] - Object 'Object Repository/keranjang/input_Warna_variasi101' is checked

2023-10-04 20:20:43 - [TEST_STEP][PASSED] - if (toString().equalsIgnoreCase("Menengah")): Object 'Object Repository/keranjang/input_Ukuran_variasi201' is checked

2023-10-04 20:20:43 - [TEST_STEP][PASSED] - check(findTestObject("Object Repository/keranjang/input_Ukuran_variasi201")): Object 'Object Repository/keranjang/input_Ukuran_variasi201' is checked

2023-10-04 20:20:44 - [MESSAGE][PASSED] - Object 'Object Repository/keranjang/input_Ukuran_variasi201' is checked

2023-10-04 20:20:44 - [TEST_STEP][PASSED] - data.put("Warna", warna): null

2023-10-04 20:20:44 - [TEST_STEP][PASSED] - data.put("Ukuran", ukuran): null

2023-10-04 20:20:44 - [TEST_STEP][PASSED] - click(findTestObject("keranjang/button_Lanjut ke Pembayaran")): Object: 'Object Repository/keranjang/button_Lanjut ke Pembayaran' is clicked on

2023-10-04 20:20:45 - [MESSAGE][PASSED] - Object: 'Object Repository/keranjang/button_Lanjut ke Pembayaran' is clicked on

2023-10-04 20:20:45 - [TEST_STEP][PASSED] - verifyElementPresent(findTestObject("checkout/Tittle Checkout Order"), 0): Object 'Object Repository/checkout/Tittle Checkout Order' is present

2023-10-04 20:20:45 - [MESSAGE][WARNING] - Timeout '0' is invalid. Using default page load timeout: '30'

2023-10-04 20:20:46 - [MESSAGE][PASSED] - Object 'Object Repository/checkout/Tittle Checkout Order' is present

2023-10-04 20:20:46 - [TEST_STEP][PASSED] - name_product = data.get("nama_barang"): null

2023-10-04 20:20:46 - [TEST_STEP][PASSED] - price_product = data.get("price_barang"): null

2023-10-04 20:20:46 - [TEST_STEP][PASSED] - assert name_product == NamaKeranjang: null

2023-10-04 20:20:46 - [TEST_STEP][PASSED] - assert price_product == HargaKeranjang: null

2023-10-04 20:20:46 - [TEST_STEP][PASSED] - return data: null

2023-10-04 20:20:46 - [MESSAGE][PASSED] - Call Test Case 'Test Cases/T13 Pembelian, Shipment dan Pembayaran/PBL-002' successfully

2023-10-04 20:20:46 - [TEST_STEP][PASSED] - warnaa = getText(findTestObject("verifikasi/warna Merah")): Text of object 'Object Repository/verifikasi/warna Merah' is: 'Merah'

2023-10-04 20:20:46 - [MESSAGE][PASSED] - Text of object 'Object Repository/verifikasi/warna Merah' is: 'Merah'

2023-10-04 20:20:46 - [TEST_STEP][PASSED] - ukurann = getText(findTestObject("verifikasi/Ukuran Menengah")): Text of object 'Object Repository/verifikasi/Ukuran Menengah' is: 'Menengah'

2023-10-04 20:20:47 - [MESSAGE][PASSED] - Text of object 'Object Repository/verifikasi/Ukuran Menengah' is: 'Menengah'

2023-10-04 20:20:47 - [TEST_STEP][PASSED] - warna1 = data.get("Warna"): null

2023-10-04 20:20:47 - [TEST_STEP][PASSED] - ukuran1 = data.get("Ukuran"): null

2023-10-04 20:20:47 - [TEST_STEP][PASSED] - assert warnaa == warna1: null

2023-10-04 20:20:47 - [TEST_STEP][PASSED] - assert ukurann == ukuran1: null

2023-10-04 20:20:47 - [TEST_STEP][PASSED] - NamaCheckout = getText(findTestObject("verifikasi/NamaCheckout")): Text of object 'Object Repository/verifikasi/NamaCheckout' is: ''

2023-10-04 20:20:47 - [MESSAGE][PASSED] - Text of object 'Object Repository/verifikasi/NamaCheckout' is: ''

2023-10-04 20:20:47 - [TEST_STEP][PASSED] - HargaCheckout = getText(findTestObject("verifikasi/HargaCheckout")): Text of object 'Object Repository/verifikasi/HargaCheckout' is: '1,299'

2023-10-04 20:20:47 - [MESSAGE][PASSED] - Text of object 'Object Repository/verifikasi/HargaCheckout' is: '1,299'

2023-10-04 20:20:47 - [TEST_STEP][PASSED] - name_product = data.get("nama_barang"): null

2023-10-04 20:20:47 - [TEST_STEP][PASSED] - price_product = data.get("price_barang"): null

2023-10-04 20:20:47 - [TEST_STEP][PASSED] - assert name_product.contains(NamaCheckout): null

2023-10-04 20:20:47 - [TEST_STEP][PASSED] - assert price_product.contains(HargaCheckout): null

2023-10-04 20:20:47 - [TEST_STEP][PASSED] - selectOptionByLabel(findTestObject("checkout/select - Kirim via Kurir Lokal"), Kurir, false): All options with label 'Roda 2' are selected in object 'Object Repository/checkout/select - Kirim via Kurir Lokal' 

2023-10-04 20:20:48 - [MESSAGE][PASSED] - All options with label 'Roda 2' are selected in object 'Object Repository/checkout/select - Kirim via Kurir Lokal' 

2023-10-04 20:20:48 - [TEST_STEP][PASSED] - click(findTestObject("checkout/Kendaraan Kurir")): Object: 'Object Repository/checkout/Kendaraan Kurir' is clicked on

2023-10-04 20:20:49 - [MESSAGE][PASSED] - Object: 'Object Repository/checkout/Kendaraan Kurir' is clicked on

2023-10-04 20:20:49 - [TEST_STEP][PASSED] - OngkosKirim = getText(findTestObject("Object Repository/verifikasi/Ongkos Kirim checkout")): Text of object 'Object Repository/verifikasi/Ongkos Kirim checkout' is: 'Rp. 5,000'

2023-10-04 20:20:49 - [MESSAGE][PASSED] - Text of object 'Object Repository/verifikasi/Ongkos Kirim checkout' is: 'Rp. 5,000'

2023-10-04 20:20:49 - [TEST_STEP][PASSED] - Ongkos = OngkosKirim.substring(3, OngkosKirim.size()): null

2023-10-04 20:20:49 - [TEST_STEP][PASSED] - rep = Ongkos.replace(",", "."): null

2023-10-04 20:20:49 - [TEST_STEP][PASSED] - Ongkos_kirim = Double.parseDouble(rep): null

2023-10-04 20:20:49 - [TEST_STEP][PASSED] - println(Ongkos_kirim): null

2023-10-04 20:20:49 - [TEST_STEP][PASSED] - FeeAdmin = getText(findTestObject("verifikasi/Fee Admin checkout")): Text of object 'Object Repository/verifikasi/Fee Admin checkout' is: 'Fee Admin
Rp 1,500'

2023-10-04 20:20:50 - [MESSAGE][PASSED] - Text of object 'Object Repository/verifikasi/Fee Admin checkout' is: 'Fee Admin
Rp 1,500'

2023-10-04 20:20:50 - [TEST_STEP][PASSED] - Fee_Admin = FeeAdmin.substring(12, FeeAdmin.size()): null

2023-10-04 20:20:50 - [TEST_STEP][PASSED] - fee = Fee_Admin.replace(",", "."): null

2023-10-04 20:20:50 - [TEST_STEP][PASSED] - fee_admin = Double.parseDouble(fee): null

2023-10-04 20:20:50 - [TEST_STEP][PASSED] - println(fee_admin): null

2023-10-04 20:20:50 - [TEST_STEP][PASSED] - Subtotal = getText(findTestObject("verifikasi/subtotal checkout")): Text of object 'Object Repository/verifikasi/subtotal checkout' is: 'Subtotal
Rp 1,299'

2023-10-04 20:20:50 - [MESSAGE][PASSED] - Text of object 'Object Repository/verifikasi/subtotal checkout' is: 'Subtotal
Rp 1,299'

2023-10-04 20:20:50 - [TEST_STEP][PASSED] - sub_total = Subtotal.substring(12, Subtotal.size()): null

2023-10-04 20:20:50 - [TEST_STEP][PASSED] - sub = sub_total.replace(",", "."): null

2023-10-04 20:20:50 - [TEST_STEP][PASSED] - sub_total = Double.parseDouble(sub): null

2023-10-04 20:20:50 - [TEST_STEP][PASSED] - println(sub_total): null

2023-10-04 20:20:50 - [TEST_STEP][PASSED] - Total = getText(findTestObject("verifikasi/Total checkout")): Text of object 'Object Repository/verifikasi/Total checkout' is: 'Rp 7,799'

2023-10-04 20:20:51 - [MESSAGE][PASSED] - Text of object 'Object Repository/verifikasi/Total checkout' is: 'Rp 7,799'

2023-10-04 20:20:51 - [TEST_STEP][PASSED] - totall = Total.substring(3, Total.size()): null

2023-10-04 20:20:51 - [TEST_STEP][PASSED] - total = totall.replace(",", "."): null

2023-10-04 20:20:51 - [TEST_STEP][PASSED] - totall = Double.parseDouble(total): null

2023-10-04 20:20:51 - [TEST_STEP][PASSED] - println(totall): null

2023-10-04 20:20:51 - [TEST_STEP][PASSED] - Total_Harga = Ongkos_kirim + fee_admin + sub_total: null

2023-10-04 20:20:51 - [TEST_STEP][PASSED] - println(Total_Harga): null

2023-10-04 20:20:51 - [TEST_STEP][PASSED] - TotalHarga = Math.round(Total_Harga * 1000) / 1000: null

2023-10-04 20:20:51 - [TEST_STEP][PASSED] - println(TotalHarga): null

2023-10-04 20:20:51 - [TEST_STEP][PASSED] - assert totall == TotalHarga: null

2023-10-04 20:20:51 - [TEST_STEP][PASSED] - click(findTestObject("verifikasi/Metode Transfer")): Object: 'Object Repository/verifikasi/Metode Transfer' is clicked on

2023-10-04 20:20:51 - [MESSAGE][PASSED] - Object: 'Object Repository/verifikasi/Metode Transfer' is clicked on

2023-10-04 20:20:51 - [TEST_STEP][PASSED] - click(findTestObject("checkout/button_Proses Pembayaran")): Object: 'Object Repository/checkout/button_Proses Pembayaran' is clicked on

2023-10-04 20:20:57 - [MESSAGE][PASSED] - Object: 'Object Repository/checkout/button_Proses Pembayaran' is clicked on

2023-10-04 20:20:57 - [TEST_STEP][PASSED] - verifyElementPresent(findTestObject("pembayaran/Tittle nomor invoice"), 0): Object 'Object Repository/pembayaran/Tittle nomor invoice' is present

2023-10-04 20:20:57 - [MESSAGE][WARNING] - Timeout '0' is invalid. Using default page load timeout: '30'

2023-10-04 20:21:01 - [MESSAGE][PASSED] - Object 'Object Repository/pembayaran/Tittle nomor invoice' is present

2023-10-04 20:21:01 - [TEST_STEP][PASSED] - return data: null

2023-10-04 20:21:01 - [MESSAGE][PASSED] - Call Test Case 'Test Cases/T13 Pembelian, Shipment dan Pembayaran/PBL-004' successfully

2023-10-04 20:21:01 - [TEST_STEP][PASSED] - Invoice = getText(findTestObject("pembayaran/nomor invoice")): Text of object 'Object Repository/pembayaran/nomor invoice' is: 'TRX60.20231004202053'

2023-10-04 20:21:03 - [MESSAGE][PASSED] - Text of object 'Object Repository/pembayaran/nomor invoice' is: 'TRX60.20231004202053'

2023-10-04 20:21:03 - [TEST_STEP][PASSED] - data.put("invoice", Invoice): null

2023-10-04 20:21:03 - [TEST_STEP][PASSED] - NamaPemesan = getText(findTestObject("Konfirmasi pesanan shop/Nama pemesan")): Text of object 'Object Repository/Konfirmasi pesanan shop/Nama pemesan' is: 'irfan.afandi'

2023-10-04 20:21:04 - [MESSAGE][PASSED] - Text of object 'Object Repository/Konfirmasi pesanan shop/Nama pemesan' is: 'irfan.afandi'

2023-10-04 20:21:04 - [TEST_STEP][PASSED] - Nama = getText(findTestObject("pembayaran/Nama barang")): Text of object 'Object Repository/pembayaran/Nama barang' is: 'Segitiga Instan Madeira - MDB5.3 Sunset'

2023-10-04 20:21:04 - [MESSAGE][PASSED] - Text of object 'Object Repository/pembayaran/Nama barang' is: 'Segitiga Instan Madeira - MDB5.3 Sunset'

2023-10-04 20:21:04 - [TEST_STEP][PASSED] - Harga = getText(findTestObject("pembayaran/Harga barang")): Text of object 'Object Repository/pembayaran/Harga barang' is: '1,299'

2023-10-04 20:21:05 - [MESSAGE][PASSED] - Text of object 'Object Repository/pembayaran/Harga barang' is: '1,299'

2023-10-04 20:21:05 - [TEST_STEP][PASSED] - name_product = data.get("nama_barang"): null

2023-10-04 20:21:05 - [TEST_STEP][PASSED] - price_product = data.get("price_barang"): null

2023-10-04 20:21:05 - [TEST_STEP][PASSED] - assert name_product.contains(Nama): null

2023-10-04 20:21:05 - [TEST_STEP][PASSED] - assert price_product.contains(Harga): null

2023-10-04 20:21:05 - [TEST_STEP][PASSED] - warnaa = getText(findTestObject("pembayaran/warna")): Text of object 'Object Repository/pembayaran/warna' is: 'Merah'

2023-10-04 20:21:05 - [MESSAGE][PASSED] - Text of object 'Object Repository/pembayaran/warna' is: 'Merah'

2023-10-04 20:21:05 - [TEST_STEP][PASSED] - ukurann = getText(findTestObject("pembayaran/ukuran")): Text of object 'Object Repository/pembayaran/ukuran' is: 'Menengah'

2023-10-04 20:21:06 - [MESSAGE][PASSED] - Text of object 'Object Repository/pembayaran/ukuran' is: 'Menengah'

2023-10-04 20:21:06 - [TEST_STEP][PASSED] - warna1 = data.get("Warna"): null

2023-10-04 20:21:06 - [TEST_STEP][PASSED] - ukuran1 = data.get("Ukuran"): null

2023-10-04 20:21:06 - [TEST_STEP][PASSED] - assert warnaa == warna1: null

2023-10-04 20:21:06 - [TEST_STEP][PASSED] - assert ukurann == ukuran1: null

2023-10-04 20:21:06 - [TEST_STEP][PASSED] - statusPembelian = getText(findTestObject("verifikasi/Status pending di pembelian")): Text of object 'Object Repository/verifikasi/Status pending di pembelian' is: 'Pending'

2023-10-04 20:21:07 - [MESSAGE][PASSED] - Text of object 'Object Repository/verifikasi/Status pending di pembelian' is: 'Pending'

2023-10-04 20:21:07 - [TEST_STEP][PASSED] - data.put("statusPem", statusPembelian): null

2023-10-04 20:21:07 - [TEST_STEP][PASSED] - OngkosKirim = getText(findTestObject("pembayaran/ongkos kirim")): Text of object 'Object Repository/pembayaran/ongkos kirim' is: 'Rp 5,000'

2023-10-04 20:21:07 - [MESSAGE][PASSED] - Text of object 'Object Repository/pembayaran/ongkos kirim' is: 'Rp 5,000'

2023-10-04 20:21:07 - [TEST_STEP][PASSED] - Ongkos = OngkosKirim.substring(3, OngkosKirim.size()): null

2023-10-04 20:21:07 - [TEST_STEP][PASSED] - rep = Ongkos.replace(",", ""): null

2023-10-04 20:21:07 - [TEST_STEP][PASSED] - Ongkos_kirimm = Integer.parseInt(rep): null

2023-10-04 20:21:07 - [TEST_STEP][PASSED] - println(Ongkos_kirimm): null

2023-10-04 20:21:07 - [TEST_STEP][PASSED] - FeeAdmin = getText(findTestObject("pembayaran/fee admin")): Text of object 'Object Repository/pembayaran/fee admin' is: 'Rp 1,500'

2023-10-04 20:21:08 - [MESSAGE][PASSED] - Text of object 'Object Repository/pembayaran/fee admin' is: 'Rp 1,500'

2023-10-04 20:21:08 - [TEST_STEP][PASSED] - Fee_Admin = FeeAdmin.substring(3, FeeAdmin.size()): null

2023-10-04 20:21:08 - [TEST_STEP][PASSED] - fee = Fee_Admin.replace(",", ""): null

2023-10-04 20:21:08 - [TEST_STEP][PASSED] - fee_adminn = Integer.parseInt(fee): null

2023-10-04 20:21:08 - [TEST_STEP][PASSED] - println(fee_adminn): null

2023-10-04 20:21:08 - [TEST_STEP][PASSED] - Subtotal = getText(findTestObject("pembayaran/subtotal")): Text of object 'Object Repository/pembayaran/subtotal' is: 'Rp 1,299'

2023-10-04 20:21:08 - [MESSAGE][PASSED] - Text of object 'Object Repository/pembayaran/subtotal' is: 'Rp 1,299'

2023-10-04 20:21:08 - [TEST_STEP][PASSED] - sub_total = Subtotal.substring(3, Subtotal.size()): null

2023-10-04 20:21:08 - [TEST_STEP][PASSED] - sub = sub_total.replace(",", ""): null

2023-10-04 20:21:08 - [TEST_STEP][PASSED] - sub_totall = Integer.parseInt(sub): null

2023-10-04 20:21:08 - [TEST_STEP][PASSED] - println(sub_totall): null

2023-10-04 20:21:08 - [TEST_STEP][PASSED] - unik = getText(findTestObject("pembayaran/kode unik")): Text of object 'Object Repository/pembayaran/kode unik' is: '+053'

2023-10-04 20:21:09 - [MESSAGE][PASSED] - Text of object 'Object Repository/pembayaran/kode unik' is: '+053'

2023-10-04 20:21:09 - [TEST_STEP][PASSED] - unikk = unik.replace("+", ""): null

2023-10-04 20:21:09 - [TEST_STEP][PASSED] - kode_unik = Integer.parseInt(unikk): null

2023-10-04 20:21:09 - [TEST_STEP][PASSED] - println(kode_unik): null

2023-10-04 20:21:09 - [TEST_STEP][PASSED] - Total = getText(findTestObject("pembayaran/total")): Text of object 'Object Repository/pembayaran/total' is: '7,852'

2023-10-04 20:21:09 - [MESSAGE][PASSED] - Text of object 'Object Repository/pembayaran/total' is: '7,852'

2023-10-04 20:21:09 - [TEST_STEP][PASSED] - total = Total.replace(",", ""): null

2023-10-04 20:21:09 - [TEST_STEP][PASSED] - totalll = Integer.parseInt(total): null

2023-10-04 20:21:09 - [TEST_STEP][PASSED] - println(totalll): null

2023-10-04 20:21:09 - [TEST_STEP][PASSED] - Total_Hargaa = Ongkos_kirimm + fee_adminn + sub_totall + kode_unik: null

2023-10-04 20:21:09 - [TEST_STEP][PASSED] - println(Total_Hargaa): null

2023-10-04 20:21:09 - [TEST_STEP][PASSED] - assert totalll == Total_Hargaa: null

2023-10-04 20:21:09 - [TEST_STEP][PASSED] - data.put("total", Total): null

2023-10-04 20:21:09 - [TEST_STEP][PASSED] - data.put("nama", NamaPemesan): null

2023-10-04 20:21:09 - [TEST_STEP][PASSED] - return data: null

2023-10-04 20:21:09 - [MESSAGE][PASSED] - Call Test Case 'Test Cases/T13 Pembelian, Shipment dan Pembayaran/PBY-001' successfully

2023-10-04 20:21:09 - [TEST_STEP][PASSED] - inv = data.get("invoice"): null

2023-10-04 20:21:09 - [TEST_STEP][PASSED] - Total = data.get("total"): null

2023-10-04 20:21:09 - [TEST_STEP][PASSED] - NamaPemesan = data.get("nama"): null

2023-10-04 20:21:09 - [TEST_STEP][PASSED] - click(findTestObject("Konfirmasi pesanan shop/Menu Shop")): Object: 'Object Repository/Konfirmasi pesanan shop/Menu Shop' is clicked on

2023-10-04 20:21:11 - [MESSAGE][PASSED] - Object: 'Object Repository/Konfirmasi pesanan shop/Menu Shop' is clicked on

2023-10-04 20:21:11 - [TEST_STEP][PASSED] - click(findTestObject("Konfirmasi pesanan shop/Menu Shop")): Object: 'Object Repository/Konfirmasi pesanan shop/Menu Shop' is clicked on

2023-10-04 20:21:12 - [MESSAGE][PASSED] - Object: 'Object Repository/Konfirmasi pesanan shop/Menu Shop' is clicked on

2023-10-04 20:21:12 - [TEST_STEP][PASSED] - click(findTestObject("Konfirmasi pesanan shop/Konfirmasi Orders")): Object: 'Object Repository/Konfirmasi pesanan shop/Konfirmasi Orders' is clicked on

2023-10-04 20:21:13 - [MESSAGE][PASSED] - Object: 'Object Repository/Konfirmasi pesanan shop/Konfirmasi Orders' is clicked on

2023-10-04 20:21:13 - [TEST_STEP][PASSED] - verifyElementPresent(findTestObject("Konfirmasi pesanan shop/Tittle Konfirmasi Pesanan"), 0): Object 'Object Repository/Konfirmasi pesanan shop/Tittle Konfirmasi Pesanan' is present

2023-10-04 20:21:13 - [MESSAGE][WARNING] - Timeout '0' is invalid. Using default page load timeout: '30'

2023-10-04 20:21:14 - [MESSAGE][PASSED] - Object 'Object Repository/Konfirmasi pesanan shop/Tittle Konfirmasi Pesanan' is present

2023-10-04 20:21:14 - [TEST_STEP][PASSED] - setText(findTestObject("Konfirmasi pesanan shop/input_No Pesanan"), inv): Text 'TRX60.20231004202053' is set on object 'Object Repository/Konfirmasi pesanan shop/input_No Pesanan'

2023-10-04 20:21:15 - [MESSAGE][PASSED] - Text 'TRX60.20231004202053' is set on object 'Object Repository/Konfirmasi pesanan shop/input_No Pesanan'

2023-10-04 20:21:15 - [TEST_STEP][PASSED] - setText(findTestObject("Konfirmasi pesanan shop/input_Alamat E-mai"), "irfan@gmail.com"): Text 'irfan@gmail.com' is set on object 'Object Repository/Konfirmasi pesanan shop/input_Alamat E-mai'

2023-10-04 20:21:15 - [MESSAGE][PASSED] - Text 'irfan@gmail.com' is set on object 'Object Repository/Konfirmasi pesanan shop/input_Alamat E-mai'

2023-10-04 20:21:15 - [TEST_STEP][PASSED] - click(findTestObject("Konfirmasi pesanan shop/button_Submit")): Object: 'Object Repository/Konfirmasi pesanan shop/button_Submit' is clicked on

2023-10-04 20:21:16 - [MESSAGE][PASSED] - Object: 'Object Repository/Konfirmasi pesanan shop/button_Submit' is clicked on

2023-10-04 20:21:16 - [TEST_STEP][PASSED] - verifyElementPresent(findTestObject("Konfirmasi pesanan shop/Tittle nomor invoice"), 0): Object 'Object Repository/Konfirmasi pesanan shop/Tittle nomor invoice' is present

2023-10-04 20:21:17 - [MESSAGE][WARNING] - Timeout '0' is invalid. Using default page load timeout: '30'

2023-10-04 20:21:17 - [MESSAGE][PASSED] - Object 'Object Repository/Konfirmasi pesanan shop/Tittle nomor invoice' is present

2023-10-04 20:21:17 - [TEST_STEP][PASSED] - setText(findTestObject("Konfirmasi pesanan shop/input_Total TagihanTransfer_b"), Total): Text '7,852' is set on object 'Object Repository/Konfirmasi pesanan shop/input_Total TagihanTransfer_b'

2023-10-04 20:21:18 - [MESSAGE][PASSED] - Text '7,852' is set on object 'Object Repository/Konfirmasi pesanan shop/input_Total TagihanTransfer_b'

2023-10-04 20:21:18 - [TEST_STEP][PASSED] - selectOptionByValue(findTestObject("Konfirmasi pesanan shop/select_Bank"), "4", false): All options with value '4' are selected in object 'Object Repository/Konfirmasi pesanan shop/select_Bank' 

2023-10-04 20:21:19 - [MESSAGE][PASSED] - All options with value '4' are selected in object 'Object Repository/Konfirmasi pesanan shop/select_Bank' 

2023-10-04 20:21:19 - [TEST_STEP][PASSED] - setText(findTestObject("Konfirmasi pesanan shop/input_Nama Pengirim_d"), NamaPemesan): Text 'irfan.afandi' is set on object 'Object Repository/Konfirmasi pesanan shop/input_Nama Pengirim_d'

2023-10-04 20:21:20 - [MESSAGE][PASSED] - Text 'irfan.afandi' is set on object 'Object Repository/Konfirmasi pesanan shop/input_Nama Pengirim_d'

2023-10-04 20:21:20 - [TEST_STEP][PASSED] - uploadFile(findTestObject("keranjang/konfirmasi/input_Upload Bukti Transfer_f"), "C:\Users\IRFAN\Downloads\Berkas2.pdf"): File 'C:\Users\IRFAN\Downloads\Berkas2.pdf' sent to object: 'Object Repository/keranjang/konfirmasi/input_Upload Bukti Transfer_f'

2023-10-04 20:21:20 - [MESSAGE][PASSED] - File 'C:\Users\IRFAN\Downloads\Berkas2.pdf' sent to object: 'Object Repository/keranjang/konfirmasi/input_Upload Bukti Transfer_f'

2023-10-04 20:21:20 - [TEST_STEP][PASSED] - click(findTestObject("Konfirmasi pesanan shop/button_Konfirmasi Pembayaran")): Object: 'Object Repository/Konfirmasi pesanan shop/button_Konfirmasi Pembayaran' is clicked on

2023-10-04 20:21:21 - [MESSAGE][PASSED] - Object: 'Object Repository/Konfirmasi pesanan shop/button_Konfirmasi Pembayaran' is clicked on

2023-10-04 20:21:21 - [TEST_STEP][PASSED] - verifyElementPresent(findTestObject("Konfirmasi pesanan shop/Tittle Konfirmasi Pesanan"), 0): Object 'Object Repository/Konfirmasi pesanan shop/Tittle Konfirmasi Pesanan' is present

2023-10-04 20:21:22 - [MESSAGE][WARNING] - Timeout '0' is invalid. Using default page load timeout: '30'

2023-10-04 20:21:22 - [MESSAGE][PASSED] - Object 'Object Repository/Konfirmasi pesanan shop/Tittle Konfirmasi Pesanan' is present

2023-10-04 20:21:22 - [TEST_STEP][PASSED] - verifyElementPresent(findTestObject("Konfirmasi pesanan shop/Tittle massage succes Konfirmasi Pembayaran Pesanan"), 0): Object 'Object Repository/Konfirmasi pesanan shop/Tittle massage succes Konfirmasi Pembayaran Pesanan' is present

2023-10-04 20:21:22 - [MESSAGE][WARNING] - Timeout '0' is invalid. Using default page load timeout: '30'

2023-10-04 20:21:23 - [MESSAGE][PASSED] - Object 'Object Repository/Konfirmasi pesanan shop/Tittle massage succes Konfirmasi Pembayaran Pesanan' is present

2023-10-04 20:21:23 - [TEST_STEP][PASSED] - return data: null

2023-10-04 20:21:23 - [MESSAGE][PASSED] - Call Test Case 'Test Cases/T13 Pembelian, Shipment dan Pembayaran/PBY-004' successfully

2023-10-04 20:21:23 - [TEST_STEP][PASSED] - navigateToUrl("https://10.9.2.63/ecommerce/administrator/"): Navigate to 'https://10.9.2.63/ecommerce/administrator/' successfully

2023-10-04 20:21:23 - [MESSAGE][PASSED] - Navigate to 'https://10.9.2.63/ecommerce/administrator/' successfully

2023-10-04 20:21:23 - [TEST_STEP][PASSED] - verifyElementPresent(findTestObject("admin/Tittle ADMIN Login"), 0): Object 'Object Repository/admin/Tittle ADMIN Login' is present

2023-10-04 20:21:23 - [MESSAGE][WARNING] - Timeout '0' is invalid. Using default page load timeout: '30'

2023-10-04 20:21:24 - [MESSAGE][PASSED] - Object 'Object Repository/admin/Tittle ADMIN Login' is present

2023-10-04 20:21:24 - [TEST_STEP][PASSED] - setText(findTestObject("admin/Username"), "admin"): Text 'admin' is set on object 'Object Repository/admin/Username'

2023-10-04 20:21:24 - [MESSAGE][PASSED] - Text 'admin' is set on object 'Object Repository/admin/Username'

2023-10-04 20:21:24 - [TEST_STEP][PASSED] - setText(findTestObject("admin/Password"), "123admin123"): Text '123admin123' is set on object 'Object Repository/admin/Password'

2023-10-04 20:21:25 - [MESSAGE][PASSED] - Text '123admin123' is set on object 'Object Repository/admin/Password'

2023-10-04 20:21:25 - [TEST_STEP][PASSED] - click(findTestObject("admin/Remember Me")): Object: 'Object Repository/admin/Remember Me' is clicked on

2023-10-04 20:21:26 - [MESSAGE][PASSED] - Object: 'Object Repository/admin/Remember Me' is clicked on

2023-10-04 20:21:26 - [TEST_STEP][PASSED] - delay(10): Delayed 10 second(s)

2023-10-04 20:21:36 - [MESSAGE][PASSED] - Delayed 10 second(s)

2023-10-04 20:21:36 - [TEST_STEP][PASSED] - click(findTestObject("admin/buttom submit")): Object: 'Object Repository/admin/buttom submit' is clicked on

2023-10-04 20:21:37 - [MESSAGE][PASSED] - Object: 'Object Repository/admin/buttom submit' is clicked on

2023-10-04 20:21:37 - [TEST_STEP][PASSED] - verifyElementPresent(findTestObject("admin/Konf order konsumen/Tittle Dashboard"), 0): Object 'Object Repository/admin/Konf order konsumen/Tittle Dashboard' is present

2023-10-04 20:21:38 - [MESSAGE][WARNING] - Timeout '0' is invalid. Using default page load timeout: '30'

2023-10-04 20:21:45 - [MESSAGE][PASSED] - Object 'Object Repository/admin/Konf order konsumen/Tittle Dashboard' is present

2023-10-04 20:21:45 - [TEST_STEP][PASSED] - click(findTestObject("admin/Konf order konsumen/Menu Transaksi Market")): Object: 'Object Repository/admin/Konf order konsumen/Menu Transaksi Market' is clicked on

2023-10-04 20:21:46 - [MESSAGE][PASSED] - Object: 'Object Repository/admin/Konf order konsumen/Menu Transaksi Market' is clicked on

2023-10-04 20:21:46 - [TEST_STEP][PASSED] - click(findTestObject("admin/Konf order konsumen/Menu Konf. Order Konsumen")): Object: 'Object Repository/admin/Konf order konsumen/Menu Konf. Order Konsumen' is clicked on

2023-10-04 20:21:48 - [MESSAGE][PASSED] - Object: 'Object Repository/admin/Konf order konsumen/Menu Konf. Order Konsumen' is clicked on

2023-10-04 20:21:48 - [TEST_STEP][PASSED] - verifyElementPresent(findTestObject("admin/Konf order konsumen/Tittle Data Konfirmasi Pembayaran Konsumen"), 0): Object 'Object Repository/admin/Konf order konsumen/Tittle Data Konfirmasi Pembayaran Konsumen' is present

2023-10-04 20:21:48 - [MESSAGE][WARNING] - Timeout '0' is invalid. Using default page load timeout: '30'

2023-10-04 20:21:55 - [MESSAGE][PASSED] - Object 'Object Repository/admin/Konf order konsumen/Tittle Data Konfirmasi Pembayaran Konsumen' is present

2023-10-04 20:21:55 - [TEST_STEP][PASSED] - inv = data.get("invoice"): null

2023-10-04 20:21:55 - [TEST_STEP][PASSED] - setText(findTestObject("admin/Konf order konsumen/Search"), inv): Text 'TRX60.20231004202053' is set on object 'Object Repository/admin/Konf order konsumen/Search'

2023-10-04 20:21:56 - [MESSAGE][PASSED] - Text 'TRX60.20231004202053' is set on object 'Object Repository/admin/Konf order konsumen/Search'

2023-10-04 20:21:56 - [TEST_STEP][PASSED] - verifyElementText(findTestObject("admin/Konf order konsumen/Keterangan Lunas"), "Lunas"): Actual text and expected text of test object 'Object Repository/admin/Konf order konsumen/Keterangan Lunas' are matched.

2023-10-04 20:21:56 - [MESSAGE][PASSED] - Actual text and expected text of test object 'Object Repository/admin/Konf order konsumen/Keterangan Lunas' are matched.

2023-10-04 20:21:56 - [TEST_STEP][PASSED] - return data: null

2023-10-04 20:21:56 - [MESSAGE][PASSED] - Call Test Case 'Test Cases/T13 Pembelian, Shipment dan Pembayaran/PBYA-001' successfully

2023-10-04 20:21:56 - [TEST_STEP][PASSED] - click(findTestObject("admin/Penjualan ke konsumen/buttom Dashboard")): Object: 'Object Repository/admin/Penjualan ke konsumen/buttom Dashboard' is clicked on

2023-10-04 20:21:57 - [MESSAGE][PASSED] - Object: 'Object Repository/admin/Penjualan ke konsumen/buttom Dashboard' is clicked on

2023-10-04 20:21:57 - [TEST_STEP][PASSED] - click(findTestObject("admin/Konf order konsumen/Menu Transaksi Market")): Object: 'Object Repository/admin/Konf order konsumen/Menu Transaksi Market' is clicked on

2023-10-04 20:22:05 - [MESSAGE][PASSED] - Object: 'Object Repository/admin/Konf order konsumen/Menu Transaksi Market' is clicked on

2023-10-04 20:22:05 - [TEST_STEP][PASSED] - click(findTestObject("admin/Penjualan ke konsumen/a_Penjualan ke Konsumen")): Object: 'Object Repository/admin/Penjualan ke konsumen/a_Penjualan ke Konsumen' is clicked on

2023-10-04 20:22:07 - [MESSAGE][PASSED] - Object: 'Object Repository/admin/Penjualan ke konsumen/a_Penjualan ke Konsumen' is clicked on

2023-10-04 20:22:07 - [TEST_STEP][PASSED] - verifyElementPresent(findTestObject("admin/Tittle Data Transaksi Penjualan  Orderan Konsumen"), 0): Object 'Object Repository/admin/Tittle Data Transaksi Penjualan  Orderan Konsumen' is present

2023-10-04 20:22:08 - [MESSAGE][WARNING] - Timeout '0' is invalid. Using default page load timeout: '30'

2023-10-04 20:22:12 - [MESSAGE][PASSED] - Object 'Object Repository/admin/Tittle Data Transaksi Penjualan  Orderan Konsumen' is present

2023-10-04 20:22:12 - [TEST_STEP][PASSED] - return data: null

2023-10-04 20:22:12 - [MESSAGE][PASSED] - Call Test Case 'Test Cases/T13 Pembelian, Shipment dan Pembayaran/SA-001' successfully

2023-10-04 20:22:12 - [TEST_STEP][PASSED] - inv = data.get("invoice"): null

2023-10-04 20:22:12 - [TEST_STEP][PASSED] - setText(findTestObject("admin/Penjualan ke konsumen/Search"), inv): Text 'TRX60.20231004202053' is set on object 'Object Repository/admin/Penjualan ke konsumen/Search'

2023-10-04 20:22:13 - [MESSAGE][PASSED] - Text 'TRX60.20231004202053' is set on object 'Object Repository/admin/Penjualan ke konsumen/Search'

2023-10-04 20:22:13 - [TEST_STEP][PASSED] - click(findTestObject("admin/Penjualan ke konsumen/buttom konfirmasi pending payment")): Object: 'Object Repository/admin/Penjualan ke konsumen/buttom konfirmasi pending payment' is clicked on

2023-10-04 20:22:14 - [MESSAGE][PASSED] - Object: 'Object Repository/admin/Penjualan ke konsumen/buttom konfirmasi pending payment' is clicked on

2023-10-04 20:22:14 - [TEST_STEP][PASSED] - acceptAlert(STOP_ON_FAILURE): Alert accepted

2023-10-04 20:22:14 - [MESSAGE][PASSED] - Alert accepted

2023-10-04 20:22:14 - [TEST_STEP][PASSED] - setText(findTestObject("admin/Penjualan ke konsumen/Search"), inv): Text 'TRX60.20231004202053' is set on object 'Object Repository/admin/Penjualan ke konsumen/Search'

2023-10-04 20:22:15 - [MESSAGE][PASSED] - Text 'TRX60.20231004202053' is set on object 'Object Repository/admin/Penjualan ke konsumen/Search'

2023-10-04 20:22:15 - [TEST_STEP][PASSED] - verifyTextNotPresent("pending payment", false): Text 'pending payment' is not present on page

2023-10-04 20:22:16 - [MESSAGE][PASSED] - Text 'pending payment' is not present on page

2023-10-04 20:22:16 - [TEST_STEP][PASSED] - return data: null]]></system-out>
         <system-err><![CDATA[]]></system-err>
      </testcase>
      <testcase name="Test Cases/T13 Pembelian, Shipment dan Pembayaran/SA-003" time="117.678" classname="Test Cases/T13 Pembelian, Shipment dan Pembayaran/SA-003" status="FAILED">
         <failure type="FAILED" message="Test Cases/T13 Pembelian, Shipment dan Pembayaran/SA-003 FAILED.
Reason:
com.kms.katalon.core.exception.StepFailedException: Unable to verify text 'Proses' is present 
	at com.kms.katalon.core.webui.keyword.internal.WebUIKeywordMain.stepFailed(WebUIKeywordMain.groovy:64)
	at com.kms.katalon.core.webui.keyword.internal.WebUIKeywordMain.runKeyword(WebUIKeywordMain.groovy:26)
	at com.kms.katalon.core.webui.keyword.builtin.VerifyTextPresentKeyword.verifyTextPresent(VerifyTextPresentKeyword.groovy:83)
	at com.kms.katalon.core.webui.keyword.builtin.VerifyTextPresentKeyword.execute(VerifyTextPresentKeyword.groovy:68)
	at com.kms.katalon.core.keyword.internal.KeywordExecutor.executeKeywordForPlatform(KeywordExecutor.groovy:74)
	at com.kms.katalon.core.webui.keyword.WebUiBuiltInKeywords.verifyTextPresent(WebUiBuiltInKeywords.groovy:1723)
	at com.kms.katalon.core.webui.keyword.WebUiBuiltInKeywords$verifyTextPresent$7.call(Unknown Source)
	at SA-003.run(SA-003:32)
	at com.kms.katalon.core.main.ScriptEngine.run(ScriptEngine.java:194)
	at com.kms.katalon.core.main.ScriptEngine.runScriptAsRawText(ScriptEngine.java:119)
	at com.kms.katalon.core.main.TestCaseExecutor.runScript(TestCaseExecutor.java:448)
	at com.kms.katalon.core.main.TestCaseExecutor.doExecute(TestCaseExecutor.java:439)
	at com.kms.katalon.core.main.TestCaseExecutor.processExecutionPhase(TestCaseExecutor.java:418)
	at com.kms.katalon.core.main.TestCaseExecutor.accessMainPhase(TestCaseExecutor.java:410)
	at com.kms.katalon.core.main.TestCaseExecutor.execute(TestCaseExecutor.java:285)
	at com.kms.katalon.core.common.CommonExecutor.accessTestCaseMainPhase(CommonExecutor.java:65)
	at com.kms.katalon.core.main.TestSuiteExecutor.accessTestSuiteMainPhase(TestSuiteExecutor.java:148)
	at com.kms.katalon.core.main.TestSuiteExecutor.execute(TestSuiteExecutor.java:106)
	at com.kms.katalon.core.main.TestCaseMain.startTestSuite(TestCaseMain.java:187)
	at com.kms.katalon.core.main.TestCaseMain$startTestSuite$0.call(Unknown Source)
	at TempTestSuite1696424348948.run(TempTestSuite1696424348948.groovy:36)
Caused by: com.kms.katalon.core.exception.StepFailedException: Text 'Proses' is not present on page 
	at com.kms.katalon.core.webui.keyword.internal.WebUIKeywordMain.stepFailed(WebUIKeywordMain.groovy:64)
	at com.kms.katalon.core.webui.keyword.builtin.VerifyTextPresentKeyword$_verifyTextPresent_closure1.doCall(VerifyTextPresentKeyword.groovy:79)
	at com.kms.katalon.core.webui.keyword.builtin.VerifyTextPresentKeyword$_verifyTextPresent_closure1.call(VerifyTextPresentKeyword.groovy)
	at com.kms.katalon.core.webui.keyword.internal.WebUIKeywordMain.runKeyword(WebUIKeywordMain.groovy:20)
	... 19 more
"/>
         <system-out><![CDATA[2023-10-04 20:22:16 - [TEST_CASE][FAILED] - Test Cases/T13 Pembelian, Shipment dan Pembayaran/SA-003: Test Cases/T13 Pembelian, Shipment dan Pembayaran/SA-003 FAILED.
Reason:
com.kms.katalon.core.exception.StepFailedException: Unable to verify text 'Proses' is present 
	at com.kms.katalon.core.webui.keyword.internal.WebUIKeywordMain.stepFailed(WebUIKeywordMain.groovy:64)
	at com.kms.katalon.core.webui.keyword.internal.WebUIKeywordMain.runKeyword(WebUIKeywordMain.groovy:26)
	at com.kms.katalon.core.webui.keyword.builtin.VerifyTextPresentKeyword.verifyTextPresent(VerifyTextPresentKeyword.groovy:83)
	at com.kms.katalon.core.webui.keyword.builtin.VerifyTextPresentKeyword.execute(VerifyTextPresentKeyword.groovy:68)
	at com.kms.katalon.core.keyword.internal.KeywordExecutor.executeKeywordForPlatform(KeywordExecutor.groovy:74)
	at com.kms.katalon.core.webui.keyword.WebUiBuiltInKeywords.verifyTextPresent(WebUiBuiltInKeywords.groovy:1723)
	at com.kms.katalon.core.webui.keyword.WebUiBuiltInKeywords$verifyTextPresent$7.call(Unknown Source)
	at SA-003.run(SA-003:32)
	at com.kms.katalon.core.main.ScriptEngine.run(ScriptEngine.java:194)
	at com.kms.katalon.core.main.ScriptEngine.runScriptAsRawText(ScriptEngine.java:119)
	at com.kms.katalon.core.main.TestCaseExecutor.runScript(TestCaseExecutor.java:448)
	at com.kms.katalon.core.main.TestCaseExecutor.doExecute(TestCaseExecutor.java:439)
	at com.kms.katalon.core.main.TestCaseExecutor.processExecutionPhase(TestCaseExecutor.java:418)
	at com.kms.katalon.core.main.TestCaseExecutor.accessMainPhase(TestCaseExecutor.java:410)
	at com.kms.katalon.core.main.TestCaseExecutor.execute(TestCaseExecutor.java:285)
	at com.kms.katalon.core.common.CommonExecutor.accessTestCaseMainPhase(CommonExecutor.java:65)
	at com.kms.katalon.core.main.TestSuiteExecutor.accessTestSuiteMainPhase(TestSuiteExecutor.java:148)
	at com.kms.katalon.core.main.TestSuiteExecutor.execute(TestSuiteExecutor.java:106)
	at com.kms.katalon.core.main.TestCaseMain.startTestSuite(TestCaseMain.java:187)
	at com.kms.katalon.core.main.TestCaseMain$startTestSuite$0.call(Unknown Source)
	at TempTestSuite1696424348948.run(TempTestSuite1696424348948.groovy:36)
Caused by: com.kms.katalon.core.exception.StepFailedException: Text 'Proses' is not present on page 
	at com.kms.katalon.core.webui.keyword.internal.WebUIKeywordMain.stepFailed(WebUIKeywordMain.groovy:64)
	at com.kms.katalon.core.webui.keyword.builtin.VerifyTextPresentKeyword$_verifyTextPresent_closure1.doCall(VerifyTextPresentKeyword.groovy:79)
	at com.kms.katalon.core.webui.keyword.builtin.VerifyTextPresentKeyword$_verifyTextPresent_closure1.call(VerifyTextPresentKeyword.groovy)
	at com.kms.katalon.core.webui.keyword.internal.WebUIKeywordMain.runKeyword(WebUIKeywordMain.groovy:20)
	... 19 more


2023-10-04 20:22:17 - [TEST_STEP][PASSED] - data = callTestCase(findTestCase("T13 Pembelian, Shipment dan Pembayaran/SA-002"), [:], STOP_ON_FAILURE): Call Test Case 'Test Cases/T13 Pembelian, Shipment dan Pembayaran/SA-002' successfully

2023-10-04 20:22:17 - [TEST_CASE][PASSED] - Test Cases/T13 Pembelian, Shipment dan Pembayaran/SA-002: Test Cases/T13 Pembelian, Shipment dan Pembayaran/SA-002

2023-10-04 20:22:17 - [TEST_STEP][PASSED] - data = callTestCase(findTestCase("T13 Pembelian, Shipment dan Pembayaran/SA-001"), [:], STOP_ON_FAILURE): Call Test Case 'Test Cases/T13 Pembelian, Shipment dan Pembayaran/SA-001' successfully

2023-10-04 20:22:17 - [TEST_CASE][PASSED] - Test Cases/T13 Pembelian, Shipment dan Pembayaran/SA-001: Test Cases/T13 Pembelian, Shipment dan Pembayaran/SA-001

2023-10-04 20:22:17 - [TEST_STEP][PASSED] - data = callTestCase(findTestCase("T13 Pembelian, Shipment dan Pembayaran/PBYA-001"), [:], STOP_ON_FAILURE): Call Test Case 'Test Cases/T13 Pembelian, Shipment dan Pembayaran/PBYA-001' successfully

2023-10-04 20:22:17 - [TEST_CASE][PASSED] - Test Cases/T13 Pembelian, Shipment dan Pembayaran/PBYA-001: Test Cases/T13 Pembelian, Shipment dan Pembayaran/PBYA-001

2023-10-04 20:22:17 - [TEST_STEP][PASSED] - data = callTestCase(findTestCase("T13 Pembelian, Shipment dan Pembayaran/PBY-004"), [:], STOP_ON_FAILURE): Call Test Case 'Test Cases/T13 Pembelian, Shipment dan Pembayaran/PBY-004' successfully

2023-10-04 20:22:17 - [TEST_CASE][PASSED] - Test Cases/T13 Pembelian, Shipment dan Pembayaran/PBY-004: Test Cases/T13 Pembelian, Shipment dan Pembayaran/PBY-004

2023-10-04 20:22:17 - [TEST_STEP][PASSED] - data = callTestCase(findTestCase("T13 Pembelian, Shipment dan Pembayaran/PBY-001"), [:], STOP_ON_FAILURE): Call Test Case 'Test Cases/T13 Pembelian, Shipment dan Pembayaran/PBY-001' successfully

2023-10-04 20:22:17 - [TEST_CASE][PASSED] - Test Cases/T13 Pembelian, Shipment dan Pembayaran/PBY-001: Test Cases/T13 Pembelian, Shipment dan Pembayaran/PBY-001

2023-10-04 20:22:17 - [TEST_STEP][PASSED] - data = callTestCase(findTestCase("T13 Pembelian, Shipment dan Pembayaran/PBL-004"), ["Kurir":"Roda 2"], STOP_ON_FAILURE): Call Test Case 'Test Cases/T13 Pembelian, Shipment dan Pembayaran/PBL-004' successfully

2023-10-04 20:22:17 - [TEST_CASE][PASSED] - Test Cases/T13 Pembelian, Shipment dan Pembayaran/PBL-004: Test Cases/T13 Pembelian, Shipment dan Pembayaran/PBL-004

2023-10-04 20:22:17 - [TEST_STEP][PASSED] - data = callTestCase(findTestCase("T13 Pembelian, Shipment dan Pembayaran/PBL-002"), [:], STOP_ON_FAILURE): Call Test Case 'Test Cases/T13 Pembelian, Shipment dan Pembayaran/PBL-002' successfully

2023-10-04 20:22:17 - [TEST_CASE][PASSED] - Test Cases/T13 Pembelian, Shipment dan Pembayaran/PBL-002: Test Cases/T13 Pembelian, Shipment dan Pembayaran/PBL-002

2023-10-04 20:22:17 - [TEST_STEP][PASSED] - data = callTestCase(findTestCase("T13 Pembelian, Shipment dan Pembayaran/PBL-001"), [:], STOP_ON_FAILURE): Call Test Case 'Test Cases/T13 Pembelian, Shipment dan Pembayaran/PBL-001' successfully

2023-10-04 20:22:17 - [TEST_CASE][PASSED] - Test Cases/T13 Pembelian, Shipment dan Pembayaran/PBL-001: Test Cases/T13 Pembelian, Shipment dan Pembayaran/PBL-001

2023-10-04 20:22:17 - [TEST_STEP][PASSED] - callTestCase(findTestCase("T13 Pembelian, Shipment dan Pembayaran/LU-001"), ["username":"irfanafandi", "password":"12345irfan"], STOP_ON_FAILURE): Call Test Case 'Test Cases/T13 Pembelian, Shipment dan Pembayaran/LU-001' successfully

2023-10-04 20:22:17 - [TEST_CASE][PASSED] - Test Cases/T13 Pembelian, Shipment dan Pembayaran/LU-001: Test Cases/T13 Pembelian, Shipment dan Pembayaran/LU-001

2023-10-04 20:22:17 - [TEST_STEP][PASSED] - openBrowser("https://10.9.2.63/ecommerce/"): Browser is opened with url: 'https://10.9.2.63/ecommerce/'

2023-10-04 20:22:17 - [MESSAGE][WARNING] - A browser is already opened. Closing browser and opening a new one

2023-10-04 20:22:20 - [MESSAGE][INFO] - Starting 'Firefox' driver

2023-10-04 20:22:20 - [MESSAGE][INFO] - User set preference: ['args', '[--disable-notifications]']

2023-10-04 20:22:20 - [MESSAGE][INFO] - Action delay is set to 0 milliseconds

2023-10-04 20:22:25 - [MESSAGE][PASSED] - Browser is opened with url: 'https://10.9.2.63/ecommerce/'

2023-10-04 20:22:25 - [TEST_STEP][PASSED] - maximizeWindow(): Current window maximized

2023-10-04 20:22:25 - [MESSAGE][PASSED] - Current window maximized

2023-10-04 20:22:25 - [TEST_STEP][PASSED] - verifyElementPresent(findTestObject("Login/Home"), 0): Object 'Object Repository/Login/Home' is present

2023-10-04 20:22:25 - [MESSAGE][WARNING] - Timeout '0' is invalid. Using default page load timeout: '30'

2023-10-04 20:22:26 - [MESSAGE][PASSED] - Object 'Object Repository/Login/Home' is present

2023-10-04 20:22:26 - [TEST_STEP][PASSED] - click(findTestObject("Login/a_Login")): Object: 'Object Repository/Login/a_Login' is clicked on

2023-10-04 20:22:27 - [MESSAGE][PASSED] - Object: 'Object Repository/Login/a_Login' is clicked on

2023-10-04 20:22:27 - [TEST_STEP][PASSED] - verifyElementPresent(findTestObject("Login/Tittle Login"), 0): Object 'Object Repository/Login/Tittle Login' is present

2023-10-04 20:22:27 - [MESSAGE][WARNING] - Timeout '0' is invalid. Using default page load timeout: '30'

2023-10-04 20:22:27 - [MESSAGE][PASSED] - Object 'Object Repository/Login/Tittle Login' is present

2023-10-04 20:22:27 - [TEST_STEP][PASSED] - setText(findTestObject("Login/input_Username, Email atau No. Handphone_a"), username): Text 'irfanafandi' is set on object 'Object Repository/Login/input_Username, Email atau No. Handphone_a'

2023-10-04 20:22:28 - [MESSAGE][PASSED] - Text 'irfanafandi' is set on object 'Object Repository/Login/input_Username, Email atau No. Handphone_a'

2023-10-04 20:22:28 - [TEST_STEP][PASSED] - setText(findTestObject("Login/input_Password_b"), password): Text '12345irfan' is set on object 'Object Repository/Login/input_Password_b'

2023-10-04 20:22:29 - [MESSAGE][PASSED] - Text '12345irfan' is set on object 'Object Repository/Login/input_Password_b'

2023-10-04 20:22:29 - [TEST_STEP][PASSED] - click(findTestObject("Login/label_Ingat saya")): Object: 'Object Repository/Login/label_Ingat saya' is clicked on

2023-10-04 20:22:29 - [MESSAGE][PASSED] - Object: 'Object Repository/Login/label_Ingat saya' is clicked on

2023-10-04 20:22:29 - [TEST_STEP][PASSED] - click(findTestObject("Login/button_Masuk")): Object: 'Object Repository/Login/button_Masuk' is clicked on

2023-10-04 20:22:31 - [MESSAGE][PASSED] - Object: 'Object Repository/Login/button_Masuk' is clicked on

2023-10-04 20:22:31 - [TEST_STEP][PASSED] - verifyElementPresent(findTestObject("Login/li_Profile"), 0): Object 'Object Repository/Login/li_Profile' is present

2023-10-04 20:22:31 - [MESSAGE][WARNING] - Timeout '0' is invalid. Using default page load timeout: '30'

2023-10-04 20:22:31 - [MESSAGE][PASSED] - Object 'Object Repository/Login/li_Profile' is present

2023-10-04 20:22:31 - [MESSAGE][PASSED] - Call Test Case 'Test Cases/T13 Pembelian, Shipment dan Pembayaran/LU-001' successfully

2023-10-04 20:22:31 - [TEST_STEP][PASSED] - mouseOver(findTestObject("beli barang/i_Mulai Belanja_icon-menu")): Object: 'Object Repository/beli barang/i_Mulai Belanja_icon-menu' is hovered

2023-10-04 20:22:32 - [MESSAGE][PASSED] - Object: 'Object Repository/beli barang/i_Mulai Belanja_icon-menu' is hovered

2023-10-04 20:22:32 - [TEST_STEP][PASSED] - click(findTestObject("beli barang/a_Fashion  Busana Wanita")): Object: 'Object Repository/beli barang/a_Fashion  Busana Wanita' is clicked on

2023-10-04 20:22:33 - [MESSAGE][PASSED] - Object: 'Object Repository/beli barang/a_Fashion  Busana Wanita' is clicked on

2023-10-04 20:22:33 - [TEST_STEP][PASSED] - NamaSebelum = getText(findTestObject("verifikasi/Nama sebelum")): Text of object 'Object Repository/verifikasi/Nama sebelum' is: ''

2023-10-04 20:22:34 - [MESSAGE][PASSED] - Text of object 'Object Repository/verifikasi/Nama sebelum' is: ''

2023-10-04 20:22:34 - [TEST_STEP][PASSED] - HargaSebelum = getText(findTestObject("verifikasi/Harga sebelum")): Text of object 'Object Repository/verifikasi/Harga sebelum' is: 'Rp 1,299'

2023-10-04 20:22:35 - [MESSAGE][PASSED] - Text of object 'Object Repository/verifikasi/Harga sebelum' is: 'Rp 1,299'

2023-10-04 20:22:35 - [TEST_STEP][PASSED] - mouseOver(findTestObject("beli barang/barang mouse over")): Object: 'Object Repository/beli barang/barang mouse over' is hovered

2023-10-04 20:22:35 - [MESSAGE][PASSED] - Object: 'Object Repository/beli barang/barang mouse over' is hovered

2023-10-04 20:22:35 - [TEST_STEP][PASSED] - click(findTestObject("beli barang/buttom add to cart")): Object: 'Object Repository/beli barang/buttom add to cart' is clicked on

2023-10-04 20:22:37 - [MESSAGE][PASSED] - Object: 'Object Repository/beli barang/buttom add to cart' is clicked on

2023-10-04 20:22:37 - [TEST_STEP][PASSED] - NamaSesudah = getText(findTestObject("verifikasi/Nama sesudah")): Text of object 'Object Repository/verifikasi/Nama sesudah' is: 'Segitiga Instan Madeira - MDB5.3 Sunset'

2023-10-04 20:22:38 - [MESSAGE][PASSED] - Text of object 'Object Repository/verifikasi/Nama sesudah' is: 'Segitiga Instan Madeira - MDB5.3 Sunset'

2023-10-04 20:22:38 - [TEST_STEP][PASSED] - HargaSesudah = getText(findTestObject("verifikasi/Harga sesudah")): Text of object 'Object Repository/verifikasi/Harga sesudah' is: 'Rp 1,299'

2023-10-04 20:22:38 - [MESSAGE][PASSED] - Text of object 'Object Repository/verifikasi/Harga sesudah' is: 'Rp 1,299'

2023-10-04 20:22:38 - [TEST_STEP][PASSED] - assert NamaSesudah.contains(NamaSebelum): null

2023-10-04 20:22:38 - [TEST_STEP][PASSED] - assert HargaSesudah.contains(HargaSebelum): null

2023-10-04 20:22:38 - [TEST_STEP][PASSED] - click(findTestObject("beli barang/Tambah Keranjang busana wanita")): Object: 'Object Repository/beli barang/Tambah Keranjang busana wanita' is clicked on

2023-10-04 20:22:39 - [MESSAGE][PASSED] - Object: 'Object Repository/beli barang/Tambah Keranjang busana wanita' is clicked on

2023-10-04 20:22:39 - [TEST_STEP][PASSED] - verifyElementPresent(findTestObject("checkout/Notifikasi keranjang"), 1): Object 'Object Repository/checkout/Notifikasi keranjang' is present

2023-10-04 20:22:39 - [MESSAGE][PASSED] - Object 'Object Repository/checkout/Notifikasi keranjang' is present

2023-10-04 20:22:39 - [TEST_STEP][PASSED] - data = new java.util.HashMap(): null

2023-10-04 20:22:39 - [TEST_STEP][PASSED] - data.put("nama_barang", NamaSesudah): null

2023-10-04 20:22:39 - [TEST_STEP][PASSED] - data.put("price_barang", HargaSesudah): null

2023-10-04 20:22:39 - [TEST_STEP][PASSED] - return data: null

2023-10-04 20:22:39 - [MESSAGE][PASSED] - Call Test Case 'Test Cases/T13 Pembelian, Shipment dan Pembayaran/PBL-001' successfully

2023-10-04 20:22:39 - [TEST_STEP][PASSED] - mouseOver(findTestObject("beli barang/keranjang")): Object: 'Object Repository/beli barang/keranjang' is hovered

2023-10-04 20:22:40 - [MESSAGE][PASSED] - Object: 'Object Repository/beli barang/keranjang' is hovered

2023-10-04 20:22:40 - [TEST_STEP][PASSED] - click(findTestObject("beli barang/Lihat Sekarang")): Object: 'Object Repository/beli barang/Lihat Sekarang' is clicked on

2023-10-04 20:22:41 - [MESSAGE][PASSED] - Object: 'Object Repository/beli barang/Lihat Sekarang' is clicked on

2023-10-04 20:22:41 - [TEST_STEP][PASSED] - verifyElementPresent(findTestObject("keranjang/li_Keranjang Belanja"), 0): Object 'Object Repository/keranjang/li_Keranjang Belanja' is present

2023-10-04 20:22:41 - [MESSAGE][WARNING] - Timeout '0' is invalid. Using default page load timeout: '30'

2023-10-04 20:22:42 - [MESSAGE][PASSED] - Object 'Object Repository/keranjang/li_Keranjang Belanja' is present

2023-10-04 20:22:42 - [TEST_STEP][PASSED] - NamaKeranjang = getText(findTestObject("verifikasi/Nama keranjang")): Text of object 'Object Repository/verifikasi/Nama keranjang' is: 'Segitiga Instan Madeira - MDB5.3 Sunset'

2023-10-04 20:22:42 - [MESSAGE][PASSED] - Text of object 'Object Repository/verifikasi/Nama keranjang' is: 'Segitiga Instan Madeira - MDB5.3 Sunset'

2023-10-04 20:22:42 - [TEST_STEP][PASSED] - HargaKeranjang = getText(findTestObject("verifikasi/Harga Keranjang")): Text of object 'Object Repository/verifikasi/Harga Keranjang' is: 'Rp 1,299'

2023-10-04 20:22:43 - [MESSAGE][PASSED] - Text of object 'Object Repository/verifikasi/Harga Keranjang' is: 'Rp 1,299'

2023-10-04 20:22:43 - [TEST_STEP][PASSED] - if (toString().equalsIgnoreCase("Merah")): Object 'Object Repository/keranjang/input_Warna_variasi101' is checked

2023-10-04 20:22:43 - [TEST_STEP][PASSED] - check(findTestObject("Object Repository/keranjang/input_Warna_variasi101")): Object 'Object Repository/keranjang/input_Warna_variasi101' is checked

2023-10-04 20:22:43 - [MESSAGE][PASSED] - Object 'Object Repository/keranjang/input_Warna_variasi101' is checked

2023-10-04 20:22:43 - [TEST_STEP][PASSED] - if (toString().equalsIgnoreCase("Menengah")): Object 'Object Repository/keranjang/input_Ukuran_variasi201' is checked

2023-10-04 20:22:43 - [TEST_STEP][PASSED] - check(findTestObject("Object Repository/keranjang/input_Ukuran_variasi201")): Object 'Object Repository/keranjang/input_Ukuran_variasi201' is checked

2023-10-04 20:22:44 - [MESSAGE][PASSED] - Object 'Object Repository/keranjang/input_Ukuran_variasi201' is checked

2023-10-04 20:22:44 - [TEST_STEP][PASSED] - data.put("Warna", warna): null

2023-10-04 20:22:44 - [TEST_STEP][PASSED] - data.put("Ukuran", ukuran): null

2023-10-04 20:22:44 - [TEST_STEP][PASSED] - click(findTestObject("keranjang/button_Lanjut ke Pembayaran")): Object: 'Object Repository/keranjang/button_Lanjut ke Pembayaran' is clicked on

2023-10-04 20:22:45 - [MESSAGE][PASSED] - Object: 'Object Repository/keranjang/button_Lanjut ke Pembayaran' is clicked on

2023-10-04 20:22:45 - [TEST_STEP][PASSED] - verifyElementPresent(findTestObject("checkout/Tittle Checkout Order"), 0): Object 'Object Repository/checkout/Tittle Checkout Order' is present

2023-10-04 20:22:45 - [MESSAGE][WARNING] - Timeout '0' is invalid. Using default page load timeout: '30'

2023-10-04 20:22:46 - [MESSAGE][PASSED] - Object 'Object Repository/checkout/Tittle Checkout Order' is present

2023-10-04 20:22:46 - [TEST_STEP][PASSED] - name_product = data.get("nama_barang"): null

2023-10-04 20:22:46 - [TEST_STEP][PASSED] - price_product = data.get("price_barang"): null

2023-10-04 20:22:46 - [TEST_STEP][PASSED] - assert name_product == NamaKeranjang: null

2023-10-04 20:22:46 - [TEST_STEP][PASSED] - assert price_product == HargaKeranjang: null

2023-10-04 20:22:46 - [TEST_STEP][PASSED] - return data: null

2023-10-04 20:22:46 - [MESSAGE][PASSED] - Call Test Case 'Test Cases/T13 Pembelian, Shipment dan Pembayaran/PBL-002' successfully

2023-10-04 20:22:46 - [TEST_STEP][PASSED] - warnaa = getText(findTestObject("verifikasi/warna Merah")): Text of object 'Object Repository/verifikasi/warna Merah' is: 'Merah'

2023-10-04 20:22:46 - [MESSAGE][PASSED] - Text of object 'Object Repository/verifikasi/warna Merah' is: 'Merah'

2023-10-04 20:22:46 - [TEST_STEP][PASSED] - ukurann = getText(findTestObject("verifikasi/Ukuran Menengah")): Text of object 'Object Repository/verifikasi/Ukuran Menengah' is: 'Menengah'

2023-10-04 20:22:46 - [MESSAGE][PASSED] - Text of object 'Object Repository/verifikasi/Ukuran Menengah' is: 'Menengah'

2023-10-04 20:22:46 - [TEST_STEP][PASSED] - warna1 = data.get("Warna"): null

2023-10-04 20:22:46 - [TEST_STEP][PASSED] - ukuran1 = data.get("Ukuran"): null

2023-10-04 20:22:46 - [TEST_STEP][PASSED] - assert warnaa == warna1: null

2023-10-04 20:22:46 - [TEST_STEP][PASSED] - assert ukurann == ukuran1: null

2023-10-04 20:22:46 - [TEST_STEP][PASSED] - NamaCheckout = getText(findTestObject("verifikasi/NamaCheckout")): Text of object 'Object Repository/verifikasi/NamaCheckout' is: ''

2023-10-04 20:22:47 - [MESSAGE][PASSED] - Text of object 'Object Repository/verifikasi/NamaCheckout' is: ''

2023-10-04 20:22:47 - [TEST_STEP][PASSED] - HargaCheckout = getText(findTestObject("verifikasi/HargaCheckout")): Text of object 'Object Repository/verifikasi/HargaCheckout' is: '1,299'

2023-10-04 20:22:47 - [MESSAGE][PASSED] - Text of object 'Object Repository/verifikasi/HargaCheckout' is: '1,299'

2023-10-04 20:22:47 - [TEST_STEP][PASSED] - name_product = data.get("nama_barang"): null

2023-10-04 20:22:47 - [TEST_STEP][PASSED] - price_product = data.get("price_barang"): null

2023-10-04 20:22:47 - [TEST_STEP][PASSED] - assert name_product.contains(NamaCheckout): null

2023-10-04 20:22:47 - [TEST_STEP][PASSED] - assert price_product.contains(HargaCheckout): null

2023-10-04 20:22:47 - [TEST_STEP][PASSED] - selectOptionByLabel(findTestObject("checkout/select - Kirim via Kurir Lokal"), Kurir, false): All options with label 'Roda 2' are selected in object 'Object Repository/checkout/select - Kirim via Kurir Lokal' 

2023-10-04 20:22:48 - [MESSAGE][PASSED] - All options with label 'Roda 2' are selected in object 'Object Repository/checkout/select - Kirim via Kurir Lokal' 

2023-10-04 20:22:48 - [TEST_STEP][PASSED] - click(findTestObject("checkout/Kendaraan Kurir")): Object: 'Object Repository/checkout/Kendaraan Kurir' is clicked on

2023-10-04 20:22:49 - [MESSAGE][PASSED] - Object: 'Object Repository/checkout/Kendaraan Kurir' is clicked on

2023-10-04 20:22:49 - [TEST_STEP][PASSED] - OngkosKirim = getText(findTestObject("Object Repository/verifikasi/Ongkos Kirim checkout")): Text of object 'Object Repository/verifikasi/Ongkos Kirim checkout' is: 'Rp. 5,000'

2023-10-04 20:22:49 - [MESSAGE][PASSED] - Text of object 'Object Repository/verifikasi/Ongkos Kirim checkout' is: 'Rp. 5,000'

2023-10-04 20:22:49 - [TEST_STEP][PASSED] - Ongkos = OngkosKirim.substring(3, OngkosKirim.size()): null

2023-10-04 20:22:49 - [TEST_STEP][PASSED] - rep = Ongkos.replace(",", "."): null

2023-10-04 20:22:49 - [TEST_STEP][PASSED] - Ongkos_kirim = Double.parseDouble(rep): null

2023-10-04 20:22:49 - [TEST_STEP][PASSED] - println(Ongkos_kirim): null

2023-10-04 20:22:49 - [TEST_STEP][PASSED] - FeeAdmin = getText(findTestObject("verifikasi/Fee Admin checkout")): Text of object 'Object Repository/verifikasi/Fee Admin checkout' is: 'Fee Admin
Rp 1,500'

2023-10-04 20:22:50 - [MESSAGE][PASSED] - Text of object 'Object Repository/verifikasi/Fee Admin checkout' is: 'Fee Admin
Rp 1,500'

2023-10-04 20:22:50 - [TEST_STEP][PASSED] - Fee_Admin = FeeAdmin.substring(12, FeeAdmin.size()): null

2023-10-04 20:22:50 - [TEST_STEP][PASSED] - fee = Fee_Admin.replace(",", "."): null

2023-10-04 20:22:50 - [TEST_STEP][PASSED] - fee_admin = Double.parseDouble(fee): null

2023-10-04 20:22:50 - [TEST_STEP][PASSED] - println(fee_admin): null

2023-10-04 20:22:50 - [TEST_STEP][PASSED] - Subtotal = getText(findTestObject("verifikasi/subtotal checkout")): Text of object 'Object Repository/verifikasi/subtotal checkout' is: 'Subtotal
Rp 1,299'

2023-10-04 20:22:51 - [MESSAGE][PASSED] - Text of object 'Object Repository/verifikasi/subtotal checkout' is: 'Subtotal
Rp 1,299'

2023-10-04 20:22:51 - [TEST_STEP][PASSED] - sub_total = Subtotal.substring(12, Subtotal.size()): null

2023-10-04 20:22:51 - [TEST_STEP][PASSED] - sub = sub_total.replace(",", "."): null

2023-10-04 20:22:51 - [TEST_STEP][PASSED] - sub_total = Double.parseDouble(sub): null

2023-10-04 20:22:51 - [TEST_STEP][PASSED] - println(sub_total): null

2023-10-04 20:22:51 - [TEST_STEP][PASSED] - Total = getText(findTestObject("verifikasi/Total checkout")): Text of object 'Object Repository/verifikasi/Total checkout' is: 'Rp 7,799'

2023-10-04 20:22:51 - [MESSAGE][PASSED] - Text of object 'Object Repository/verifikasi/Total checkout' is: 'Rp 7,799'

2023-10-04 20:22:51 - [TEST_STEP][PASSED] - totall = Total.substring(3, Total.size()): null

2023-10-04 20:22:51 - [TEST_STEP][PASSED] - total = totall.replace(",", "."): null

2023-10-04 20:22:51 - [TEST_STEP][PASSED] - totall = Double.parseDouble(total): null

2023-10-04 20:22:51 - [TEST_STEP][PASSED] - println(totall): null

2023-10-04 20:22:51 - [TEST_STEP][PASSED] - Total_Harga = Ongkos_kirim + fee_admin + sub_total: null

2023-10-04 20:22:51 - [TEST_STEP][PASSED] - println(Total_Harga): null

2023-10-04 20:22:51 - [TEST_STEP][PASSED] - TotalHarga = Math.round(Total_Harga * 1000) / 1000: null

2023-10-04 20:22:51 - [TEST_STEP][PASSED] - println(TotalHarga): null

2023-10-04 20:22:51 - [TEST_STEP][PASSED] - assert totall == TotalHarga: null

2023-10-04 20:22:51 - [TEST_STEP][PASSED] - click(findTestObject("verifikasi/Metode Transfer")): Object: 'Object Repository/verifikasi/Metode Transfer' is clicked on

2023-10-04 20:22:52 - [MESSAGE][PASSED] - Object: 'Object Repository/verifikasi/Metode Transfer' is clicked on

2023-10-04 20:22:52 - [TEST_STEP][PASSED] - click(findTestObject("checkout/button_Proses Pembayaran")): Object: 'Object Repository/checkout/button_Proses Pembayaran' is clicked on

2023-10-04 20:22:57 - [MESSAGE][PASSED] - Object: 'Object Repository/checkout/button_Proses Pembayaran' is clicked on

2023-10-04 20:22:57 - [TEST_STEP][PASSED] - verifyElementPresent(findTestObject("pembayaran/Tittle nomor invoice"), 0): Object 'Object Repository/pembayaran/Tittle nomor invoice' is present

2023-10-04 20:22:57 - [MESSAGE][WARNING] - Timeout '0' is invalid. Using default page load timeout: '30'

2023-10-04 20:22:59 - [MESSAGE][PASSED] - Object 'Object Repository/pembayaran/Tittle nomor invoice' is present

2023-10-04 20:22:59 - [TEST_STEP][PASSED] - return data: null

2023-10-04 20:22:59 - [MESSAGE][PASSED] - Call Test Case 'Test Cases/T13 Pembelian, Shipment dan Pembayaran/PBL-004' successfully

2023-10-04 20:22:59 - [TEST_STEP][PASSED] - Invoice = getText(findTestObject("pembayaran/nomor invoice")): Text of object 'Object Repository/pembayaran/nomor invoice' is: 'TRX60.20231004202253'

2023-10-04 20:23:00 - [MESSAGE][PASSED] - Text of object 'Object Repository/pembayaran/nomor invoice' is: 'TRX60.20231004202253'

2023-10-04 20:23:00 - [TEST_STEP][PASSED] - data.put("invoice", Invoice): null

2023-10-04 20:23:00 - [TEST_STEP][PASSED] - NamaPemesan = getText(findTestObject("Konfirmasi pesanan shop/Nama pemesan")): Text of object 'Object Repository/Konfirmasi pesanan shop/Nama pemesan' is: 'irfan.afandi'

2023-10-04 20:23:01 - [MESSAGE][PASSED] - Text of object 'Object Repository/Konfirmasi pesanan shop/Nama pemesan' is: 'irfan.afandi'

2023-10-04 20:23:01 - [TEST_STEP][PASSED] - Nama = getText(findTestObject("pembayaran/Nama barang")): Text of object 'Object Repository/pembayaran/Nama barang' is: 'Segitiga Instan Madeira - MDB5.3 Sunset'

2023-10-04 20:23:01 - [MESSAGE][PASSED] - Text of object 'Object Repository/pembayaran/Nama barang' is: 'Segitiga Instan Madeira - MDB5.3 Sunset'

2023-10-04 20:23:01 - [TEST_STEP][PASSED] - Harga = getText(findTestObject("pembayaran/Harga barang")): Text of object 'Object Repository/pembayaran/Harga barang' is: '1,299'

2023-10-04 20:23:02 - [MESSAGE][PASSED] - Text of object 'Object Repository/pembayaran/Harga barang' is: '1,299'

2023-10-04 20:23:02 - [TEST_STEP][PASSED] - name_product = data.get("nama_barang"): null

2023-10-04 20:23:02 - [TEST_STEP][PASSED] - price_product = data.get("price_barang"): null

2023-10-04 20:23:02 - [TEST_STEP][PASSED] - assert name_product.contains(Nama): null

2023-10-04 20:23:02 - [TEST_STEP][PASSED] - assert price_product.contains(Harga): null

2023-10-04 20:23:02 - [TEST_STEP][PASSED] - warnaa = getText(findTestObject("pembayaran/warna")): Text of object 'Object Repository/pembayaran/warna' is: 'Merah'

2023-10-04 20:23:02 - [MESSAGE][PASSED] - Text of object 'Object Repository/pembayaran/warna' is: 'Merah'

2023-10-04 20:23:02 - [TEST_STEP][PASSED] - ukurann = getText(findTestObject("pembayaran/ukuran")): Text of object 'Object Repository/pembayaran/ukuran' is: 'Menengah'

2023-10-04 20:23:03 - [MESSAGE][PASSED] - Text of object 'Object Repository/pembayaran/ukuran' is: 'Menengah'

2023-10-04 20:23:03 - [TEST_STEP][PASSED] - warna1 = data.get("Warna"): null

2023-10-04 20:23:03 - [TEST_STEP][PASSED] - ukuran1 = data.get("Ukuran"): null

2023-10-04 20:23:03 - [TEST_STEP][PASSED] - assert warnaa == warna1: null

2023-10-04 20:23:03 - [TEST_STEP][PASSED] - assert ukurann == ukuran1: null

2023-10-04 20:23:03 - [TEST_STEP][PASSED] - statusPembelian = getText(findTestObject("verifikasi/Status pending di pembelian")): Text of object 'Object Repository/verifikasi/Status pending di pembelian' is: 'Pending'

2023-10-04 20:23:03 - [MESSAGE][PASSED] - Text of object 'Object Repository/verifikasi/Status pending di pembelian' is: 'Pending'

2023-10-04 20:23:03 - [TEST_STEP][PASSED] - data.put("statusPem", statusPembelian): null

2023-10-04 20:23:03 - [TEST_STEP][PASSED] - OngkosKirim = getText(findTestObject("pembayaran/ongkos kirim")): Text of object 'Object Repository/pembayaran/ongkos kirim' is: 'Rp 5,000'

2023-10-04 20:23:04 - [MESSAGE][PASSED] - Text of object 'Object Repository/pembayaran/ongkos kirim' is: 'Rp 5,000'

2023-10-04 20:23:04 - [TEST_STEP][PASSED] - Ongkos = OngkosKirim.substring(3, OngkosKirim.size()): null

2023-10-04 20:23:04 - [TEST_STEP][PASSED] - rep = Ongkos.replace(",", ""): null

2023-10-04 20:23:04 - [TEST_STEP][PASSED] - Ongkos_kirimm = Integer.parseInt(rep): null

2023-10-04 20:23:04 - [TEST_STEP][PASSED] - println(Ongkos_kirimm): null

2023-10-04 20:23:04 - [TEST_STEP][PASSED] - FeeAdmin = getText(findTestObject("pembayaran/fee admin")): Text of object 'Object Repository/pembayaran/fee admin' is: 'Rp 1,500'

2023-10-04 20:23:05 - [MESSAGE][PASSED] - Text of object 'Object Repository/pembayaran/fee admin' is: 'Rp 1,500'

2023-10-04 20:23:05 - [TEST_STEP][PASSED] - Fee_Admin = FeeAdmin.substring(3, FeeAdmin.size()): null

2023-10-04 20:23:05 - [TEST_STEP][PASSED] - fee = Fee_Admin.replace(",", ""): null

2023-10-04 20:23:05 - [TEST_STEP][PASSED] - fee_adminn = Integer.parseInt(fee): null

2023-10-04 20:23:05 - [TEST_STEP][PASSED] - println(fee_adminn): null

2023-10-04 20:23:05 - [TEST_STEP][PASSED] - Subtotal = getText(findTestObject("pembayaran/subtotal")): Text of object 'Object Repository/pembayaran/subtotal' is: 'Rp 1,299'

2023-10-04 20:23:05 - [MESSAGE][PASSED] - Text of object 'Object Repository/pembayaran/subtotal' is: 'Rp 1,299'

2023-10-04 20:23:05 - [TEST_STEP][PASSED] - sub_total = Subtotal.substring(3, Subtotal.size()): null

2023-10-04 20:23:05 - [TEST_STEP][PASSED] - sub = sub_total.replace(",", ""): null

2023-10-04 20:23:05 - [TEST_STEP][PASSED] - sub_totall = Integer.parseInt(sub): null

2023-10-04 20:23:05 - [TEST_STEP][PASSED] - println(sub_totall): null

2023-10-04 20:23:05 - [TEST_STEP][PASSED] - unik = getText(findTestObject("pembayaran/kode unik")): Text of object 'Object Repository/pembayaran/kode unik' is: '+253'

2023-10-04 20:23:05 - [MESSAGE][PASSED] - Text of object 'Object Repository/pembayaran/kode unik' is: '+253'

2023-10-04 20:23:05 - [TEST_STEP][PASSED] - unikk = unik.replace("+", ""): null

2023-10-04 20:23:05 - [TEST_STEP][PASSED] - kode_unik = Integer.parseInt(unikk): null

2023-10-04 20:23:05 - [TEST_STEP][PASSED] - println(kode_unik): null

2023-10-04 20:23:05 - [TEST_STEP][PASSED] - Total = getText(findTestObject("pembayaran/total")): Text of object 'Object Repository/pembayaran/total' is: '8,052'

2023-10-04 20:23:06 - [MESSAGE][PASSED] - Text of object 'Object Repository/pembayaran/total' is: '8,052'

2023-10-04 20:23:06 - [TEST_STEP][PASSED] - total = Total.replace(",", ""): null

2023-10-04 20:23:06 - [TEST_STEP][PASSED] - totalll = Integer.parseInt(total): null

2023-10-04 20:23:06 - [TEST_STEP][PASSED] - println(totalll): null

2023-10-04 20:23:06 - [TEST_STEP][PASSED] - Total_Hargaa = Ongkos_kirimm + fee_adminn + sub_totall + kode_unik: null

2023-10-04 20:23:06 - [TEST_STEP][PASSED] - println(Total_Hargaa): null

2023-10-04 20:23:06 - [TEST_STEP][PASSED] - assert totalll == Total_Hargaa: null

2023-10-04 20:23:06 - [TEST_STEP][PASSED] - data.put("total", Total): null

2023-10-04 20:23:06 - [TEST_STEP][PASSED] - data.put("nama", NamaPemesan): null

2023-10-04 20:23:06 - [TEST_STEP][PASSED] - return data: null

2023-10-04 20:23:06 - [MESSAGE][PASSED] - Call Test Case 'Test Cases/T13 Pembelian, Shipment dan Pembayaran/PBY-001' successfully

2023-10-04 20:23:06 - [TEST_STEP][PASSED] - inv = data.get("invoice"): null

2023-10-04 20:23:06 - [TEST_STEP][PASSED] - Total = data.get("total"): null

2023-10-04 20:23:06 - [TEST_STEP][PASSED] - NamaPemesan = data.get("nama"): null

2023-10-04 20:23:06 - [TEST_STEP][PASSED] - click(findTestObject("Konfirmasi pesanan shop/Menu Shop")): Object: 'Object Repository/Konfirmasi pesanan shop/Menu Shop' is clicked on

2023-10-04 20:23:07 - [MESSAGE][PASSED] - Object: 'Object Repository/Konfirmasi pesanan shop/Menu Shop' is clicked on

2023-10-04 20:23:07 - [TEST_STEP][PASSED] - click(findTestObject("Konfirmasi pesanan shop/Menu Shop")): Object: 'Object Repository/Konfirmasi pesanan shop/Menu Shop' is clicked on

2023-10-04 20:23:08 - [MESSAGE][PASSED] - Object: 'Object Repository/Konfirmasi pesanan shop/Menu Shop' is clicked on

2023-10-04 20:23:08 - [TEST_STEP][PASSED] - click(findTestObject("Konfirmasi pesanan shop/Konfirmasi Orders")): Object: 'Object Repository/Konfirmasi pesanan shop/Konfirmasi Orders' is clicked on

2023-10-04 20:23:09 - [MESSAGE][PASSED] - Object: 'Object Repository/Konfirmasi pesanan shop/Konfirmasi Orders' is clicked on

2023-10-04 20:23:09 - [TEST_STEP][PASSED] - verifyElementPresent(findTestObject("Konfirmasi pesanan shop/Tittle Konfirmasi Pesanan"), 0): Object 'Object Repository/Konfirmasi pesanan shop/Tittle Konfirmasi Pesanan' is present

2023-10-04 20:23:09 - [MESSAGE][WARNING] - Timeout '0' is invalid. Using default page load timeout: '30'

2023-10-04 20:23:10 - [MESSAGE][PASSED] - Object 'Object Repository/Konfirmasi pesanan shop/Tittle Konfirmasi Pesanan' is present

2023-10-04 20:23:10 - [TEST_STEP][PASSED] - setText(findTestObject("Konfirmasi pesanan shop/input_No Pesanan"), inv): Text 'TRX60.20231004202253' is set on object 'Object Repository/Konfirmasi pesanan shop/input_No Pesanan'

2023-10-04 20:23:11 - [MESSAGE][PASSED] - Text 'TRX60.20231004202253' is set on object 'Object Repository/Konfirmasi pesanan shop/input_No Pesanan'

2023-10-04 20:23:11 - [TEST_STEP][PASSED] - setText(findTestObject("Konfirmasi pesanan shop/input_Alamat E-mai"), "irfan@gmail.com"): Text 'irfan@gmail.com' is set on object 'Object Repository/Konfirmasi pesanan shop/input_Alamat E-mai'

2023-10-04 20:23:11 - [MESSAGE][PASSED] - Text 'irfan@gmail.com' is set on object 'Object Repository/Konfirmasi pesanan shop/input_Alamat E-mai'

2023-10-04 20:23:11 - [TEST_STEP][PASSED] - click(findTestObject("Konfirmasi pesanan shop/button_Submit")): Object: 'Object Repository/Konfirmasi pesanan shop/button_Submit' is clicked on

2023-10-04 20:23:12 - [MESSAGE][PASSED] - Object: 'Object Repository/Konfirmasi pesanan shop/button_Submit' is clicked on

2023-10-04 20:23:12 - [TEST_STEP][PASSED] - verifyElementPresent(findTestObject("Konfirmasi pesanan shop/Tittle nomor invoice"), 0): Object 'Object Repository/Konfirmasi pesanan shop/Tittle nomor invoice' is present

2023-10-04 20:23:12 - [MESSAGE][WARNING] - Timeout '0' is invalid. Using default page load timeout: '30'

2023-10-04 20:23:13 - [MESSAGE][PASSED] - Object 'Object Repository/Konfirmasi pesanan shop/Tittle nomor invoice' is present

2023-10-04 20:23:13 - [TEST_STEP][PASSED] - setText(findTestObject("Konfirmasi pesanan shop/input_Total TagihanTransfer_b"), Total): Text '8,052' is set on object 'Object Repository/Konfirmasi pesanan shop/input_Total TagihanTransfer_b'

2023-10-04 20:23:14 - [MESSAGE][PASSED] - Text '8,052' is set on object 'Object Repository/Konfirmasi pesanan shop/input_Total TagihanTransfer_b'

2023-10-04 20:23:14 - [TEST_STEP][PASSED] - selectOptionByValue(findTestObject("Konfirmasi pesanan shop/select_Bank"), "4", false): All options with value '4' are selected in object 'Object Repository/Konfirmasi pesanan shop/select_Bank' 

2023-10-04 20:23:15 - [MESSAGE][PASSED] - All options with value '4' are selected in object 'Object Repository/Konfirmasi pesanan shop/select_Bank' 

2023-10-04 20:23:15 - [TEST_STEP][PASSED] - setText(findTestObject("Konfirmasi pesanan shop/input_Nama Pengirim_d"), NamaPemesan): Text 'irfan.afandi' is set on object 'Object Repository/Konfirmasi pesanan shop/input_Nama Pengirim_d'

2023-10-04 20:23:16 - [MESSAGE][PASSED] - Text 'irfan.afandi' is set on object 'Object Repository/Konfirmasi pesanan shop/input_Nama Pengirim_d'

2023-10-04 20:23:16 - [TEST_STEP][PASSED] - uploadFile(findTestObject("keranjang/konfirmasi/input_Upload Bukti Transfer_f"), "C:\Users\IRFAN\Downloads\Berkas2.pdf"): File 'C:\Users\IRFAN\Downloads\Berkas2.pdf' sent to object: 'Object Repository/keranjang/konfirmasi/input_Upload Bukti Transfer_f'

2023-10-04 20:23:16 - [MESSAGE][PASSED] - File 'C:\Users\IRFAN\Downloads\Berkas2.pdf' sent to object: 'Object Repository/keranjang/konfirmasi/input_Upload Bukti Transfer_f'

2023-10-04 20:23:16 - [TEST_STEP][PASSED] - click(findTestObject("Konfirmasi pesanan shop/button_Konfirmasi Pembayaran")): Object: 'Object Repository/Konfirmasi pesanan shop/button_Konfirmasi Pembayaran' is clicked on

2023-10-04 20:23:17 - [MESSAGE][PASSED] - Object: 'Object Repository/Konfirmasi pesanan shop/button_Konfirmasi Pembayaran' is clicked on

2023-10-04 20:23:17 - [TEST_STEP][PASSED] - verifyElementPresent(findTestObject("Konfirmasi pesanan shop/Tittle Konfirmasi Pesanan"), 0): Object 'Object Repository/Konfirmasi pesanan shop/Tittle Konfirmasi Pesanan' is present

2023-10-04 20:23:17 - [MESSAGE][WARNING] - Timeout '0' is invalid. Using default page load timeout: '30'

2023-10-04 20:23:18 - [MESSAGE][PASSED] - Object 'Object Repository/Konfirmasi pesanan shop/Tittle Konfirmasi Pesanan' is present

2023-10-04 20:23:18 - [TEST_STEP][PASSED] - verifyElementPresent(findTestObject("Konfirmasi pesanan shop/Tittle massage succes Konfirmasi Pembayaran Pesanan"), 0): Object 'Object Repository/Konfirmasi pesanan shop/Tittle massage succes Konfirmasi Pembayaran Pesanan' is present

2023-10-04 20:23:18 - [MESSAGE][WARNING] - Timeout '0' is invalid. Using default page load timeout: '30'

2023-10-04 20:23:18 - [MESSAGE][PASSED] - Object 'Object Repository/Konfirmasi pesanan shop/Tittle massage succes Konfirmasi Pembayaran Pesanan' is present

2023-10-04 20:23:18 - [TEST_STEP][PASSED] - return data: null

2023-10-04 20:23:18 - [MESSAGE][PASSED] - Call Test Case 'Test Cases/T13 Pembelian, Shipment dan Pembayaran/PBY-004' successfully

2023-10-04 20:23:18 - [TEST_STEP][PASSED] - navigateToUrl("https://10.9.2.63/ecommerce/administrator/"): Navigate to 'https://10.9.2.63/ecommerce/administrator/' successfully

2023-10-04 20:23:19 - [MESSAGE][PASSED] - Navigate to 'https://10.9.2.63/ecommerce/administrator/' successfully

2023-10-04 20:23:19 - [TEST_STEP][PASSED] - verifyElementPresent(findTestObject("admin/Tittle ADMIN Login"), 0): Object 'Object Repository/admin/Tittle ADMIN Login' is present

2023-10-04 20:23:19 - [MESSAGE][WARNING] - Timeout '0' is invalid. Using default page load timeout: '30'

2023-10-04 20:23:19 - [MESSAGE][PASSED] - Object 'Object Repository/admin/Tittle ADMIN Login' is present

2023-10-04 20:23:19 - [TEST_STEP][PASSED] - setText(findTestObject("admin/Username"), "admin"): Text 'admin' is set on object 'Object Repository/admin/Username'

2023-10-04 20:23:20 - [MESSAGE][PASSED] - Text 'admin' is set on object 'Object Repository/admin/Username'

2023-10-04 20:23:20 - [TEST_STEP][PASSED] - setText(findTestObject("admin/Password"), "123admin123"): Text '123admin123' is set on object 'Object Repository/admin/Password'

2023-10-04 20:23:21 - [MESSAGE][PASSED] - Text '123admin123' is set on object 'Object Repository/admin/Password'

2023-10-04 20:23:21 - [TEST_STEP][PASSED] - click(findTestObject("admin/Remember Me")): Object: 'Object Repository/admin/Remember Me' is clicked on

2023-10-04 20:23:21 - [MESSAGE][PASSED] - Object: 'Object Repository/admin/Remember Me' is clicked on

2023-10-04 20:23:21 - [TEST_STEP][PASSED] - delay(10): Delayed 10 second(s)

2023-10-04 20:23:31 - [MESSAGE][PASSED] - Delayed 10 second(s)

2023-10-04 20:23:31 - [TEST_STEP][PASSED] - click(findTestObject("admin/buttom submit")): Object: 'Object Repository/admin/buttom submit' is clicked on

2023-10-04 20:23:33 - [MESSAGE][PASSED] - Object: 'Object Repository/admin/buttom submit' is clicked on

2023-10-04 20:23:33 - [TEST_STEP][PASSED] - verifyElementPresent(findTestObject("admin/Konf order konsumen/Tittle Dashboard"), 0): Object 'Object Repository/admin/Konf order konsumen/Tittle Dashboard' is present

2023-10-04 20:23:33 - [MESSAGE][WARNING] - Timeout '0' is invalid. Using default page load timeout: '30'

2023-10-04 20:23:40 - [MESSAGE][PASSED] - Object 'Object Repository/admin/Konf order konsumen/Tittle Dashboard' is present

2023-10-04 20:23:40 - [TEST_STEP][PASSED] - click(findTestObject("admin/Konf order konsumen/Menu Transaksi Market")): Object: 'Object Repository/admin/Konf order konsumen/Menu Transaksi Market' is clicked on

2023-10-04 20:23:41 - [MESSAGE][PASSED] - Object: 'Object Repository/admin/Konf order konsumen/Menu Transaksi Market' is clicked on

2023-10-04 20:23:41 - [TEST_STEP][PASSED] - click(findTestObject("admin/Konf order konsumen/Menu Konf. Order Konsumen")): Object: 'Object Repository/admin/Konf order konsumen/Menu Konf. Order Konsumen' is clicked on

2023-10-04 20:23:42 - [MESSAGE][PASSED] - Object: 'Object Repository/admin/Konf order konsumen/Menu Konf. Order Konsumen' is clicked on

2023-10-04 20:23:42 - [TEST_STEP][PASSED] - verifyElementPresent(findTestObject("admin/Konf order konsumen/Tittle Data Konfirmasi Pembayaran Konsumen"), 0): Object 'Object Repository/admin/Konf order konsumen/Tittle Data Konfirmasi Pembayaran Konsumen' is present

2023-10-04 20:23:43 - [MESSAGE][WARNING] - Timeout '0' is invalid. Using default page load timeout: '30'

2023-10-04 20:23:50 - [MESSAGE][PASSED] - Object 'Object Repository/admin/Konf order konsumen/Tittle Data Konfirmasi Pembayaran Konsumen' is present

2023-10-04 20:23:50 - [TEST_STEP][PASSED] - inv = data.get("invoice"): null

2023-10-04 20:23:50 - [TEST_STEP][PASSED] - setText(findTestObject("admin/Konf order konsumen/Search"), inv): Text 'TRX60.20231004202253' is set on object 'Object Repository/admin/Konf order konsumen/Search'

2023-10-04 20:23:52 - [MESSAGE][PASSED] - Text 'TRX60.20231004202253' is set on object 'Object Repository/admin/Konf order konsumen/Search'

2023-10-04 20:23:52 - [TEST_STEP][PASSED] - verifyElementText(findTestObject("admin/Konf order konsumen/Keterangan Lunas"), "Lunas"): Actual text and expected text of test object 'Object Repository/admin/Konf order konsumen/Keterangan Lunas' are matched.

2023-10-04 20:23:52 - [MESSAGE][PASSED] - Actual text and expected text of test object 'Object Repository/admin/Konf order konsumen/Keterangan Lunas' are matched.

2023-10-04 20:23:52 - [TEST_STEP][PASSED] - return data: null

2023-10-04 20:23:52 - [MESSAGE][PASSED] - Call Test Case 'Test Cases/T13 Pembelian, Shipment dan Pembayaran/PBYA-001' successfully

2023-10-04 20:23:52 - [TEST_STEP][PASSED] - click(findTestObject("admin/Penjualan ke konsumen/buttom Dashboard")): Object: 'Object Repository/admin/Penjualan ke konsumen/buttom Dashboard' is clicked on

2023-10-04 20:23:53 - [MESSAGE][PASSED] - Object: 'Object Repository/admin/Penjualan ke konsumen/buttom Dashboard' is clicked on

2023-10-04 20:23:53 - [TEST_STEP][PASSED] - click(findTestObject("admin/Konf order konsumen/Menu Transaksi Market")): Object: 'Object Repository/admin/Konf order konsumen/Menu Transaksi Market' is clicked on

2023-10-04 20:23:57 - [MESSAGE][PASSED] - Object: 'Object Repository/admin/Konf order konsumen/Menu Transaksi Market' is clicked on

2023-10-04 20:23:57 - [TEST_STEP][PASSED] - click(findTestObject("admin/Penjualan ke konsumen/a_Penjualan ke Konsumen")): Object: 'Object Repository/admin/Penjualan ke konsumen/a_Penjualan ke Konsumen' is clicked on

2023-10-04 20:23:59 - [MESSAGE][PASSED] - Object: 'Object Repository/admin/Penjualan ke konsumen/a_Penjualan ke Konsumen' is clicked on

2023-10-04 20:23:59 - [TEST_STEP][PASSED] - verifyElementPresent(findTestObject("admin/Tittle Data Transaksi Penjualan  Orderan Konsumen"), 0): Object 'Object Repository/admin/Tittle Data Transaksi Penjualan  Orderan Konsumen' is present

2023-10-04 20:23:59 - [MESSAGE][WARNING] - Timeout '0' is invalid. Using default page load timeout: '30'

2023-10-04 20:24:07 - [MESSAGE][PASSED] - Object 'Object Repository/admin/Tittle Data Transaksi Penjualan  Orderan Konsumen' is present

2023-10-04 20:24:07 - [TEST_STEP][PASSED] - return data: null

2023-10-04 20:24:07 - [MESSAGE][PASSED] - Call Test Case 'Test Cases/T13 Pembelian, Shipment dan Pembayaran/SA-001' successfully

2023-10-04 20:24:07 - [TEST_STEP][PASSED] - inv = data.get("invoice"): null

2023-10-04 20:24:07 - [TEST_STEP][PASSED] - setText(findTestObject("admin/Penjualan ke konsumen/Search"), inv): Text 'TRX60.20231004202253' is set on object 'Object Repository/admin/Penjualan ke konsumen/Search'

2023-10-04 20:24:08 - [MESSAGE][PASSED] - Text 'TRX60.20231004202253' is set on object 'Object Repository/admin/Penjualan ke konsumen/Search'

2023-10-04 20:24:08 - [TEST_STEP][PASSED] - click(findTestObject("admin/Penjualan ke konsumen/buttom konfirmasi pending payment")): Object: 'Object Repository/admin/Penjualan ke konsumen/buttom konfirmasi pending payment' is clicked on

2023-10-04 20:24:09 - [MESSAGE][PASSED] - Object: 'Object Repository/admin/Penjualan ke konsumen/buttom konfirmasi pending payment' is clicked on

2023-10-04 20:24:09 - [TEST_STEP][PASSED] - acceptAlert(STOP_ON_FAILURE): Alert accepted

2023-10-04 20:24:09 - [MESSAGE][PASSED] - Alert accepted

2023-10-04 20:24:09 - [TEST_STEP][PASSED] - setText(findTestObject("admin/Penjualan ke konsumen/Search"), inv): Text 'TRX60.20231004202253' is set on object 'Object Repository/admin/Penjualan ke konsumen/Search'

2023-10-04 20:24:10 - [MESSAGE][PASSED] - Text 'TRX60.20231004202253' is set on object 'Object Repository/admin/Penjualan ke konsumen/Search'

2023-10-04 20:24:10 - [TEST_STEP][PASSED] - verifyTextNotPresent("pending payment", false): Text 'pending payment' is not present on page

2023-10-04 20:24:10 - [MESSAGE][PASSED] - Text 'pending payment' is not present on page

2023-10-04 20:24:10 - [TEST_STEP][PASSED] - return data: null

2023-10-04 20:24:10 - [MESSAGE][PASSED] - Call Test Case 'Test Cases/T13 Pembelian, Shipment dan Pembayaran/SA-002' successfully

2023-10-04 20:24:10 - [TEST_STEP][PASSED] - click(findTestObject("admin/Penjualan ke konsumen/buttom scroldown")): Object: 'Object Repository/admin/Penjualan ke konsumen/buttom scroldown' is clicked on

2023-10-04 20:24:11 - [MESSAGE][PASSED] - Object: 'Object Repository/admin/Penjualan ke konsumen/buttom scroldown' is clicked on

2023-10-04 20:24:11 - [TEST_STEP][PASSED] - click(findTestObject("admin/Penjualan ke konsumen/Proses")): Object: 'Object Repository/admin/Penjualan ke konsumen/Proses' is clicked on

2023-10-04 20:24:12 - [MESSAGE][PASSED] - Object: 'Object Repository/admin/Penjualan ke konsumen/Proses' is clicked on

2023-10-04 20:24:12 - [TEST_STEP][PASSED] - acceptAlert(): Alert accepted

2023-10-04 20:24:12 - [MESSAGE][PASSED] - Alert accepted

2023-10-04 20:24:12 - [TEST_STEP][PASSED] - inv = data.get("invoice"): null

2023-10-04 20:24:12 - [TEST_STEP][PASSED] - setText(findTestObject("admin/Penjualan ke konsumen/Search"), inv): Text 'TRX60.20231004202253' is set on object 'Object Repository/admin/Penjualan ke konsumen/Search'

2023-10-04 20:24:13 - [MESSAGE][PASSED] - Text 'TRX60.20231004202253' is set on object 'Object Repository/admin/Penjualan ke konsumen/Search'

2023-10-04 20:24:13 - [TEST_STEP][FAILED] - verifyTextPresent("Proses", false): Unable to verify text 'Proses' is present  (Root cause: com.kms.katalon.core.exception.StepFailedException: Unable to verify text 'Proses' is present 
	at com.kms.katalon.core.webui.keyword.internal.WebUIKeywordMain.stepFailed(WebUIKeywordMain.groovy:64)
	at com.kms.katalon.core.webui.keyword.internal.WebUIKeywordMain.runKeyword(WebUIKeywordMain.groovy:26)
	at com.kms.katalon.core.webui.keyword.builtin.VerifyTextPresentKeyword.verifyTextPresent(VerifyTextPresentKeyword.groovy:83)
	at com.kms.katalon.core.webui.keyword.builtin.VerifyTextPresentKeyword.execute(VerifyTextPresentKeyword.groovy:68)
	at com.kms.katalon.core.keyword.internal.KeywordExecutor.executeKeywordForPlatform(KeywordExecutor.groovy:74)
	at com.kms.katalon.core.webui.keyword.WebUiBuiltInKeywords.verifyTextPresent(WebUiBuiltInKeywords.groovy:1723)
	at com.kms.katalon.core.webui.keyword.WebUiBuiltInKeywords$verifyTextPresent$7.call(Unknown Source)
	at SA-003.run(SA-003:32)
	at com.kms.katalon.core.main.ScriptEngine.run(ScriptEngine.java:194)
	at com.kms.katalon.core.main.ScriptEngine.runScriptAsRawText(ScriptEngine.java:119)
	at com.kms.katalon.core.main.TestCaseExecutor.runScript(TestCaseExecutor.java:448)
	at com.kms.katalon.core.main.TestCaseExecutor.doExecute(TestCaseExecutor.java:439)
	at com.kms.katalon.core.main.TestCaseExecutor.processExecutionPhase(TestCaseExecutor.java:418)
	at com.kms.katalon.core.main.TestCaseExecutor.accessMainPhase(TestCaseExecutor.java:410)
	at com.kms.katalon.core.main.TestCaseExecutor.execute(TestCaseExecutor.java:285)
	at com.kms.katalon.core.common.CommonExecutor.accessTestCaseMainPhase(CommonExecutor.java:65)
	at com.kms.katalon.core.main.TestSuiteExecutor.accessTestSuiteMainPhase(TestSuiteExecutor.java:148)
	at com.kms.katalon.core.main.TestSuiteExecutor.execute(TestSuiteExecutor.java:106)
	at com.kms.katalon.core.main.TestCaseMain.startTestSuite(TestCaseMain.java:187)
	at com.kms.katalon.core.main.TestCaseMain$startTestSuite$0.call(Unknown Source)
	at TempTestSuite1696424348948.run(TempTestSuite1696424348948.groovy:36)
Caused by: com.kms.katalon.core.exception.StepFailedException: Text 'Proses' is not present on page 
	at com.kms.katalon.core.webui.keyword.internal.WebUIKeywordMain.stepFailed(WebUIKeywordMain.groovy:64)
	at com.kms.katalon.core.webui.keyword.builtin.VerifyTextPresentKeyword$_verifyTextPresent_closure1.doCall(VerifyTextPresentKeyword.groovy:79)
	at com.kms.katalon.core.webui.keyword.builtin.VerifyTextPresentKeyword$_verifyTextPresent_closure1.call(VerifyTextPresentKeyword.groovy)
	at com.kms.katalon.core.webui.keyword.internal.WebUIKeywordMain.runKeyword(WebUIKeywordMain.groovy:20)
	... 19 more
)

2023-10-04 20:24:13 - [MESSAGE][FAILED] - Text 'Proses' is not present on page  (Root cause: com.kms.katalon.core.exception.StepFailedException: Text 'Proses' is not present on page 
	at com.kms.katalon.core.webui.keyword.internal.WebUIKeywordMain.stepFailed(WebUIKeywordMain.groovy:64)
	at com.kms.katalon.core.webui.keyword.builtin.VerifyTextPresentKeyword$_verifyTextPresent_closure1.doCall(VerifyTextPresentKeyword.groovy:79)
	at com.kms.katalon.core.webui.keyword.builtin.VerifyTextPresentKeyword$_verifyTextPresent_closure1.call(VerifyTextPresentKeyword.groovy)
	at com.kms.katalon.core.webui.keyword.internal.WebUIKeywordMain.runKeyword(WebUIKeywordMain.groovy:20)
	at com.kms.katalon.core.webui.keyword.builtin.VerifyTextPresentKeyword.verifyTextPresent(VerifyTextPresentKeyword.groovy:83)
	at com.kms.katalon.core.webui.keyword.builtin.VerifyTextPresentKeyword.execute(VerifyTextPresentKeyword.groovy:68)
	at com.kms.katalon.core.keyword.internal.KeywordExecutor.executeKeywordForPlatform(KeywordExecutor.groovy:74)
	at com.kms.katalon.core.webui.keyword.WebUiBuiltInKeywords.verifyTextPresent(WebUiBuiltInKeywords.groovy:1723)
	at com.kms.katalon.core.webui.keyword.WebUiBuiltInKeywords$verifyTextPresent$7.call(Unknown Source)
	at SA-003.run(SA-003:32)
	at com.kms.katalon.core.main.ScriptEngine.run(ScriptEngine.java:194)
	at com.kms.katalon.core.main.ScriptEngine.runScriptAsRawText(ScriptEngine.java:119)
	at com.kms.katalon.core.main.TestCaseExecutor.runScript(TestCaseExecutor.java:448)
	at com.kms.katalon.core.main.TestCaseExecutor.doExecute(TestCaseExecutor.java:439)
	at com.kms.katalon.core.main.TestCaseExecutor.processExecutionPhase(TestCaseExecutor.java:418)
	at com.kms.katalon.core.main.TestCaseExecutor.accessMainPhase(TestCaseExecutor.java:410)
	at com.kms.katalon.core.main.TestCaseExecutor.execute(TestCaseExecutor.java:285)
	at com.kms.katalon.core.common.CommonExecutor.accessTestCaseMainPhase(CommonExecutor.java:65)
	at com.kms.katalon.core.main.TestSuiteExecutor.accessTestSuiteMainPhase(TestSuiteExecutor.java:148)
	at com.kms.katalon.core.main.TestSuiteExecutor.execute(TestSuiteExecutor.java:106)
	at com.kms.katalon.core.main.TestCaseMain.startTestSuite(TestCaseMain.java:187)
	at com.kms.katalon.core.main.TestCaseMain$startTestSuite$0.call(Unknown Source)
	at TempTestSuite1696424348948.run(TempTestSuite1696424348948.groovy:36)
)

2023-10-04 20:24:13 - [MESSAGE][FAILED] - Unable to verify text 'Proses' is present  (Root cause: com.kms.katalon.core.exception.StepFailedException: Unable to verify text 'Proses' is present 
	at com.kms.katalon.core.webui.keyword.internal.WebUIKeywordMain.stepFailed(WebUIKeywordMain.groovy:64)
	at com.kms.katalon.core.webui.keyword.internal.WebUIKeywordMain.runKeyword(WebUIKeywordMain.groovy:26)
	at com.kms.katalon.core.webui.keyword.builtin.VerifyTextPresentKeyword.verifyTextPresent(VerifyTextPresentKeyword.groovy:83)
	at com.kms.katalon.core.webui.keyword.builtin.VerifyTextPresentKeyword.execute(VerifyTextPresentKeyword.groovy:68)
	at com.kms.katalon.core.keyword.internal.KeywordExecutor.executeKeywordForPlatform(KeywordExecutor.groovy:74)
	at com.kms.katalon.core.webui.keyword.WebUiBuiltInKeywords.verifyTextPresent(WebUiBuiltInKeywords.groovy:1723)
	at com.kms.katalon.core.webui.keyword.WebUiBuiltInKeywords$verifyTextPresent$7.call(Unknown Source)
	at SA-003.run(SA-003:32)
	at com.kms.katalon.core.main.ScriptEngine.run(ScriptEngine.java:194)
	at com.kms.katalon.core.main.ScriptEngine.runScriptAsRawText(ScriptEngine.java:119)
	at com.kms.katalon.core.main.TestCaseExecutor.runScript(TestCaseExecutor.java:448)
	at com.kms.katalon.core.main.TestCaseExecutor.doExecute(TestCaseExecutor.java:439)
	at com.kms.katalon.core.main.TestCaseExecutor.processExecutionPhase(TestCaseExecutor.java:418)
	at com.kms.katalon.core.main.TestCaseExecutor.accessMainPhase(TestCaseExecutor.java:410)
	at com.kms.katalon.core.main.TestCaseExecutor.execute(TestCaseExecutor.java:285)
	at com.kms.katalon.core.common.CommonExecutor.accessTestCaseMainPhase(CommonExecutor.java:65)
	at com.kms.katalon.core.main.TestSuiteExecutor.accessTestSuiteMainPhase(TestSuiteExecutor.java:148)
	at com.kms.katalon.core.main.TestSuiteExecutor.execute(TestSuiteExecutor.java:106)
	at com.kms.katalon.core.main.TestCaseMain.startTestSuite(TestCaseMain.java:187)
	at com.kms.katalon.core.main.TestCaseMain$startTestSuite$0.call(Unknown Source)
	at TempTestSuite1696424348948.run(TempTestSuite1696424348948.groovy:36)
Caused by: com.kms.katalon.core.exception.StepFailedException: Text 'Proses' is not present on page 
	at com.kms.katalon.core.webui.keyword.internal.WebUIKeywordMain.stepFailed(WebUIKeywordMain.groovy:64)
	at com.kms.katalon.core.webui.keyword.builtin.VerifyTextPresentKeyword$_verifyTextPresent_closure1.doCall(VerifyTextPresentKeyword.groovy:79)
	at com.kms.katalon.core.webui.keyword.builtin.VerifyTextPresentKeyword$_verifyTextPresent_closure1.call(VerifyTextPresentKeyword.groovy)
	at com.kms.katalon.core.webui.keyword.internal.WebUIKeywordMain.runKeyword(WebUIKeywordMain.groovy:20)
	... 19 more
)
[[ATTACHMENT|D:\\BOOTCAMP XSIS\\Projek 2 MINI PROJEK\\Reports\\20231004_190004\\T13 Pembelian, Shipment dan Pembayaran\\T13 Pembelian, Shipment dan Pembayaran\\20231004_195908\\1696425853754.png]]]]></system-out>
         <system-err><![CDATA[2023-10-04 20:22:16 - [TEST_CASE][FAILED] - Test Cases/T13 Pembelian, Shipment dan Pembayaran/SA-003: Test Cases/T13 Pembelian, Shipment dan Pembayaran/SA-003 FAILED.
Reason:
com.kms.katalon.core.exception.StepFailedException: Unable to verify text 'Proses' is present 
	at com.kms.katalon.core.webui.keyword.internal.WebUIKeywordMain.stepFailed(WebUIKeywordMain.groovy:64)
	at com.kms.katalon.core.webui.keyword.internal.WebUIKeywordMain.runKeyword(WebUIKeywordMain.groovy:26)
	at com.kms.katalon.core.webui.keyword.builtin.VerifyTextPresentKeyword.verifyTextPresent(VerifyTextPresentKeyword.groovy:83)
	at com.kms.katalon.core.webui.keyword.builtin.VerifyTextPresentKeyword.execute(VerifyTextPresentKeyword.groovy:68)
	at com.kms.katalon.core.keyword.internal.KeywordExecutor.executeKeywordForPlatform(KeywordExecutor.groovy:74)
	at com.kms.katalon.core.webui.keyword.WebUiBuiltInKeywords.verifyTextPresent(WebUiBuiltInKeywords.groovy:1723)
	at com.kms.katalon.core.webui.keyword.WebUiBuiltInKeywords$verifyTextPresent$7.call(Unknown Source)
	at SA-003.run(SA-003:32)
	at com.kms.katalon.core.main.ScriptEngine.run(ScriptEngine.java:194)
	at com.kms.katalon.core.main.ScriptEngine.runScriptAsRawText(ScriptEngine.java:119)
	at com.kms.katalon.core.main.TestCaseExecutor.runScript(TestCaseExecutor.java:448)
	at com.kms.katalon.core.main.TestCaseExecutor.doExecute(TestCaseExecutor.java:439)
	at com.kms.katalon.core.main.TestCaseExecutor.processExecutionPhase(TestCaseExecutor.java:418)
	at com.kms.katalon.core.main.TestCaseExecutor.accessMainPhase(TestCaseExecutor.java:410)
	at com.kms.katalon.core.main.TestCaseExecutor.execute(TestCaseExecutor.java:285)
	at com.kms.katalon.core.common.CommonExecutor.accessTestCaseMainPhase(CommonExecutor.java:65)
	at com.kms.katalon.core.main.TestSuiteExecutor.accessTestSuiteMainPhase(TestSuiteExecutor.java:148)
	at com.kms.katalon.core.main.TestSuiteExecutor.execute(TestSuiteExecutor.java:106)
	at com.kms.katalon.core.main.TestCaseMain.startTestSuite(TestCaseMain.java:187)
	at com.kms.katalon.core.main.TestCaseMain$startTestSuite$0.call(Unknown Source)
	at TempTestSuite1696424348948.run(TempTestSuite1696424348948.groovy:36)
Caused by: com.kms.katalon.core.exception.StepFailedException: Text 'Proses' is not present on page 
	at com.kms.katalon.core.webui.keyword.internal.WebUIKeywordMain.stepFailed(WebUIKeywordMain.groovy:64)
	at com.kms.katalon.core.webui.keyword.builtin.VerifyTextPresentKeyword$_verifyTextPresent_closure1.doCall(VerifyTextPresentKeyword.groovy:79)
	at com.kms.katalon.core.webui.keyword.builtin.VerifyTextPresentKeyword$_verifyTextPresent_closure1.call(VerifyTextPresentKeyword.groovy)
	at com.kms.katalon.core.webui.keyword.internal.WebUIKeywordMain.runKeyword(WebUIKeywordMain.groovy:20)
	... 19 more]]></system-err>
      </testcase>
      <testcase name="Test Cases/T13 Pembelian, Shipment dan Pembayaran/SA-004" time="136.076" classname="Test Cases/T13 Pembelian, Shipment dan Pembayaran/SA-004" status="PASSED">
         <system-out><![CDATA[2023-10-04 20:24:13 - [TEST_CASE][PASSED] - Test Cases/T13 Pembelian, Shipment dan Pembayaran/SA-004: Test Cases/T13 Pembelian, Shipment dan Pembayaran/SA-004

2023-10-04 20:24:14 - [TEST_STEP][PASSED] - data = callTestCase(findTestCase("T13 Pembelian, Shipment dan Pembayaran/SA-002"), [:], STOP_ON_FAILURE): Call Test Case 'Test Cases/T13 Pembelian, Shipment dan Pembayaran/SA-002' successfully

2023-10-04 20:24:14 - [TEST_CASE][PASSED] - Test Cases/T13 Pembelian, Shipment dan Pembayaran/SA-002: Test Cases/T13 Pembelian, Shipment dan Pembayaran/SA-002

2023-10-04 20:24:14 - [TEST_STEP][PASSED] - data = callTestCase(findTestCase("T13 Pembelian, Shipment dan Pembayaran/SA-001"), [:], STOP_ON_FAILURE): Call Test Case 'Test Cases/T13 Pembelian, Shipment dan Pembayaran/SA-001' successfully

2023-10-04 20:24:14 - [TEST_CASE][PASSED] - Test Cases/T13 Pembelian, Shipment dan Pembayaran/SA-001: Test Cases/T13 Pembelian, Shipment dan Pembayaran/SA-001

2023-10-04 20:24:14 - [TEST_STEP][PASSED] - data = callTestCase(findTestCase("T13 Pembelian, Shipment dan Pembayaran/PBYA-001"), [:], STOP_ON_FAILURE): Call Test Case 'Test Cases/T13 Pembelian, Shipment dan Pembayaran/PBYA-001' successfully

2023-10-04 20:24:15 - [TEST_CASE][PASSED] - Test Cases/T13 Pembelian, Shipment dan Pembayaran/PBYA-001: Test Cases/T13 Pembelian, Shipment dan Pembayaran/PBYA-001

2023-10-04 20:24:15 - [TEST_STEP][PASSED] - data = callTestCase(findTestCase("T13 Pembelian, Shipment dan Pembayaran/PBY-004"), [:], STOP_ON_FAILURE): Call Test Case 'Test Cases/T13 Pembelian, Shipment dan Pembayaran/PBY-004' successfully

2023-10-04 20:24:15 - [TEST_CASE][PASSED] - Test Cases/T13 Pembelian, Shipment dan Pembayaran/PBY-004: Test Cases/T13 Pembelian, Shipment dan Pembayaran/PBY-004

2023-10-04 20:24:15 - [TEST_STEP][PASSED] - data = callTestCase(findTestCase("T13 Pembelian, Shipment dan Pembayaran/PBY-001"), [:], STOP_ON_FAILURE): Call Test Case 'Test Cases/T13 Pembelian, Shipment dan Pembayaran/PBY-001' successfully

2023-10-04 20:24:15 - [TEST_CASE][PASSED] - Test Cases/T13 Pembelian, Shipment dan Pembayaran/PBY-001: Test Cases/T13 Pembelian, Shipment dan Pembayaran/PBY-001

2023-10-04 20:24:15 - [TEST_STEP][PASSED] - data = callTestCase(findTestCase("T13 Pembelian, Shipment dan Pembayaran/PBL-004"), ["Kurir":"Roda 2"], STOP_ON_FAILURE): Call Test Case 'Test Cases/T13 Pembelian, Shipment dan Pembayaran/PBL-004' successfully

2023-10-04 20:24:15 - [TEST_CASE][PASSED] - Test Cases/T13 Pembelian, Shipment dan Pembayaran/PBL-004: Test Cases/T13 Pembelian, Shipment dan Pembayaran/PBL-004

2023-10-04 20:24:15 - [TEST_STEP][PASSED] - data = callTestCase(findTestCase("T13 Pembelian, Shipment dan Pembayaran/PBL-002"), [:], STOP_ON_FAILURE): Call Test Case 'Test Cases/T13 Pembelian, Shipment dan Pembayaran/PBL-002' successfully

2023-10-04 20:24:15 - [TEST_CASE][PASSED] - Test Cases/T13 Pembelian, Shipment dan Pembayaran/PBL-002: Test Cases/T13 Pembelian, Shipment dan Pembayaran/PBL-002

2023-10-04 20:24:15 - [TEST_STEP][PASSED] - data = callTestCase(findTestCase("T13 Pembelian, Shipment dan Pembayaran/PBL-001"), [:], STOP_ON_FAILURE): Call Test Case 'Test Cases/T13 Pembelian, Shipment dan Pembayaran/PBL-001' successfully

2023-10-04 20:24:15 - [TEST_CASE][PASSED] - Test Cases/T13 Pembelian, Shipment dan Pembayaran/PBL-001: Test Cases/T13 Pembelian, Shipment dan Pembayaran/PBL-001

2023-10-04 20:24:15 - [TEST_STEP][PASSED] - callTestCase(findTestCase("T13 Pembelian, Shipment dan Pembayaran/LU-001"), ["username":"irfanafandi", "password":"12345irfan"], STOP_ON_FAILURE): Call Test Case 'Test Cases/T13 Pembelian, Shipment dan Pembayaran/LU-001' successfully

2023-10-04 20:24:15 - [TEST_CASE][PASSED] - Test Cases/T13 Pembelian, Shipment dan Pembayaran/LU-001: Test Cases/T13 Pembelian, Shipment dan Pembayaran/LU-001

2023-10-04 20:24:15 - [TEST_STEP][PASSED] - openBrowser("https://10.9.2.63/ecommerce/"): Browser is opened with url: 'https://10.9.2.63/ecommerce/'

2023-10-04 20:24:15 - [MESSAGE][WARNING] - A browser is already opened. Closing browser and opening a new one

2023-10-04 20:24:18 - [MESSAGE][INFO] - Starting 'Firefox' driver

2023-10-04 20:24:18 - [MESSAGE][INFO] - User set preference: ['args', '[--disable-notifications]']

2023-10-04 20:24:18 - [MESSAGE][INFO] - Action delay is set to 0 milliseconds

2023-10-04 20:24:26 - [MESSAGE][PASSED] - Browser is opened with url: 'https://10.9.2.63/ecommerce/'

2023-10-04 20:24:26 - [TEST_STEP][PASSED] - maximizeWindow(): Current window maximized

2023-10-04 20:24:26 - [MESSAGE][PASSED] - Current window maximized

2023-10-04 20:24:26 - [TEST_STEP][PASSED] - verifyElementPresent(findTestObject("Login/Home"), 0): Object 'Object Repository/Login/Home' is present

2023-10-04 20:24:26 - [MESSAGE][WARNING] - Timeout '0' is invalid. Using default page load timeout: '30'

2023-10-04 20:24:26 - [MESSAGE][PASSED] - Object 'Object Repository/Login/Home' is present

2023-10-04 20:24:26 - [TEST_STEP][PASSED] - click(findTestObject("Login/a_Login")): Object: 'Object Repository/Login/a_Login' is clicked on

2023-10-04 20:24:27 - [MESSAGE][PASSED] - Object: 'Object Repository/Login/a_Login' is clicked on

2023-10-04 20:24:27 - [TEST_STEP][PASSED] - verifyElementPresent(findTestObject("Login/Tittle Login"), 0): Object 'Object Repository/Login/Tittle Login' is present

2023-10-04 20:24:27 - [MESSAGE][WARNING] - Timeout '0' is invalid. Using default page load timeout: '30'

2023-10-04 20:24:27 - [MESSAGE][PASSED] - Object 'Object Repository/Login/Tittle Login' is present

2023-10-04 20:24:27 - [TEST_STEP][PASSED] - setText(findTestObject("Login/input_Username, Email atau No. Handphone_a"), username): Text 'irfanafandi' is set on object 'Object Repository/Login/input_Username, Email atau No. Handphone_a'

2023-10-04 20:24:28 - [MESSAGE][PASSED] - Text 'irfanafandi' is set on object 'Object Repository/Login/input_Username, Email atau No. Handphone_a'

2023-10-04 20:24:28 - [TEST_STEP][PASSED] - setText(findTestObject("Login/input_Password_b"), password): Text '12345irfan' is set on object 'Object Repository/Login/input_Password_b'

2023-10-04 20:24:29 - [MESSAGE][PASSED] - Text '12345irfan' is set on object 'Object Repository/Login/input_Password_b'

2023-10-04 20:24:29 - [TEST_STEP][PASSED] - click(findTestObject("Login/label_Ingat saya")): Object: 'Object Repository/Login/label_Ingat saya' is clicked on

2023-10-04 20:24:30 - [MESSAGE][PASSED] - Object: 'Object Repository/Login/label_Ingat saya' is clicked on

2023-10-04 20:24:30 - [TEST_STEP][PASSED] - click(findTestObject("Login/button_Masuk")): Object: 'Object Repository/Login/button_Masuk' is clicked on

2023-10-04 20:24:31 - [MESSAGE][PASSED] - Object: 'Object Repository/Login/button_Masuk' is clicked on

2023-10-04 20:24:31 - [TEST_STEP][PASSED] - verifyElementPresent(findTestObject("Login/li_Profile"), 0): Object 'Object Repository/Login/li_Profile' is present

2023-10-04 20:24:31 - [MESSAGE][WARNING] - Timeout '0' is invalid. Using default page load timeout: '30'

2023-10-04 20:24:32 - [MESSAGE][PASSED] - Object 'Object Repository/Login/li_Profile' is present

2023-10-04 20:24:32 - [MESSAGE][PASSED] - Call Test Case 'Test Cases/T13 Pembelian, Shipment dan Pembayaran/LU-001' successfully

2023-10-04 20:24:32 - [TEST_STEP][PASSED] - mouseOver(findTestObject("beli barang/i_Mulai Belanja_icon-menu")): Object: 'Object Repository/beli barang/i_Mulai Belanja_icon-menu' is hovered

2023-10-04 20:24:32 - [MESSAGE][PASSED] - Object: 'Object Repository/beli barang/i_Mulai Belanja_icon-menu' is hovered

2023-10-04 20:24:32 - [TEST_STEP][PASSED] - click(findTestObject("beli barang/a_Fashion  Busana Wanita")): Object: 'Object Repository/beli barang/a_Fashion  Busana Wanita' is clicked on

2023-10-04 20:24:34 - [MESSAGE][PASSED] - Object: 'Object Repository/beli barang/a_Fashion  Busana Wanita' is clicked on

2023-10-04 20:24:34 - [TEST_STEP][PASSED] - NamaSebelum = getText(findTestObject("verifikasi/Nama sebelum")): Text of object 'Object Repository/verifikasi/Nama sebelum' is: ''

2023-10-04 20:24:34 - [MESSAGE][PASSED] - Text of object 'Object Repository/verifikasi/Nama sebelum' is: ''

2023-10-04 20:24:34 - [TEST_STEP][PASSED] - HargaSebelum = getText(findTestObject("verifikasi/Harga sebelum")): Text of object 'Object Repository/verifikasi/Harga sebelum' is: 'Rp 1,299'

2023-10-04 20:24:35 - [MESSAGE][PASSED] - Text of object 'Object Repository/verifikasi/Harga sebelum' is: 'Rp 1,299'

2023-10-04 20:24:35 - [TEST_STEP][PASSED] - mouseOver(findTestObject("beli barang/barang mouse over")): Object: 'Object Repository/beli barang/barang mouse over' is hovered

2023-10-04 20:24:36 - [MESSAGE][PASSED] - Object: 'Object Repository/beli barang/barang mouse over' is hovered

2023-10-04 20:24:36 - [TEST_STEP][PASSED] - click(findTestObject("beli barang/buttom add to cart")): Object: 'Object Repository/beli barang/buttom add to cart' is clicked on

2023-10-04 20:24:38 - [MESSAGE][PASSED] - Object: 'Object Repository/beli barang/buttom add to cart' is clicked on

2023-10-04 20:24:38 - [TEST_STEP][PASSED] - NamaSesudah = getText(findTestObject("verifikasi/Nama sesudah")): Text of object 'Object Repository/verifikasi/Nama sesudah' is: 'Segitiga Instan Madeira - MDB5.3 Sunset'

2023-10-04 20:24:38 - [MESSAGE][PASSED] - Text of object 'Object Repository/verifikasi/Nama sesudah' is: 'Segitiga Instan Madeira - MDB5.3 Sunset'

2023-10-04 20:24:38 - [TEST_STEP][PASSED] - HargaSesudah = getText(findTestObject("verifikasi/Harga sesudah")): Text of object 'Object Repository/verifikasi/Harga sesudah' is: 'Rp 1,299'

2023-10-04 20:24:39 - [MESSAGE][PASSED] - Text of object 'Object Repository/verifikasi/Harga sesudah' is: 'Rp 1,299'

2023-10-04 20:24:39 - [TEST_STEP][PASSED] - assert NamaSesudah.contains(NamaSebelum): null

2023-10-04 20:24:39 - [TEST_STEP][PASSED] - assert HargaSesudah.contains(HargaSebelum): null

2023-10-04 20:24:39 - [TEST_STEP][PASSED] - click(findTestObject("beli barang/Tambah Keranjang busana wanita")): Object: 'Object Repository/beli barang/Tambah Keranjang busana wanita' is clicked on

2023-10-04 20:24:40 - [MESSAGE][PASSED] - Object: 'Object Repository/beli barang/Tambah Keranjang busana wanita' is clicked on

2023-10-04 20:24:40 - [TEST_STEP][PASSED] - verifyElementPresent(findTestObject("checkout/Notifikasi keranjang"), 1): Object 'Object Repository/checkout/Notifikasi keranjang' is present

2023-10-04 20:24:40 - [MESSAGE][PASSED] - Object 'Object Repository/checkout/Notifikasi keranjang' is present

2023-10-04 20:24:40 - [TEST_STEP][PASSED] - data = new java.util.HashMap(): null

2023-10-04 20:24:40 - [TEST_STEP][PASSED] - data.put("nama_barang", NamaSesudah): null

2023-10-04 20:24:40 - [TEST_STEP][PASSED] - data.put("price_barang", HargaSesudah): null

2023-10-04 20:24:40 - [TEST_STEP][PASSED] - return data: null

2023-10-04 20:24:40 - [MESSAGE][PASSED] - Call Test Case 'Test Cases/T13 Pembelian, Shipment dan Pembayaran/PBL-001' successfully

2023-10-04 20:24:40 - [TEST_STEP][PASSED] - mouseOver(findTestObject("beli barang/keranjang")): Object: 'Object Repository/beli barang/keranjang' is hovered

2023-10-04 20:24:41 - [MESSAGE][PASSED] - Object: 'Object Repository/beli barang/keranjang' is hovered

2023-10-04 20:24:41 - [TEST_STEP][PASSED] - click(findTestObject("beli barang/Lihat Sekarang")): Object: 'Object Repository/beli barang/Lihat Sekarang' is clicked on

2023-10-04 20:24:41 - [MESSAGE][PASSED] - Object: 'Object Repository/beli barang/Lihat Sekarang' is clicked on

2023-10-04 20:24:41 - [TEST_STEP][PASSED] - verifyElementPresent(findTestObject("keranjang/li_Keranjang Belanja"), 0): Object 'Object Repository/keranjang/li_Keranjang Belanja' is present

2023-10-04 20:24:42 - [MESSAGE][WARNING] - Timeout '0' is invalid. Using default page load timeout: '30'

2023-10-04 20:24:42 - [MESSAGE][PASSED] - Object 'Object Repository/keranjang/li_Keranjang Belanja' is present

2023-10-04 20:24:42 - [TEST_STEP][PASSED] - NamaKeranjang = getText(findTestObject("verifikasi/Nama keranjang")): Text of object 'Object Repository/verifikasi/Nama keranjang' is: 'Segitiga Instan Madeira - MDB5.3 Sunset'

2023-10-04 20:24:43 - [MESSAGE][PASSED] - Text of object 'Object Repository/verifikasi/Nama keranjang' is: 'Segitiga Instan Madeira - MDB5.3 Sunset'

2023-10-04 20:24:43 - [TEST_STEP][PASSED] - HargaKeranjang = getText(findTestObject("verifikasi/Harga Keranjang")): Text of object 'Object Repository/verifikasi/Harga Keranjang' is: 'Rp 1,299'

2023-10-04 20:24:43 - [MESSAGE][PASSED] - Text of object 'Object Repository/verifikasi/Harga Keranjang' is: 'Rp 1,299'

2023-10-04 20:24:43 - [TEST_STEP][PASSED] - if (toString().equalsIgnoreCase("Merah")): Object 'Object Repository/keranjang/input_Warna_variasi101' is checked

2023-10-04 20:24:43 - [TEST_STEP][PASSED] - check(findTestObject("Object Repository/keranjang/input_Warna_variasi101")): Object 'Object Repository/keranjang/input_Warna_variasi101' is checked

2023-10-04 20:24:44 - [MESSAGE][PASSED] - Object 'Object Repository/keranjang/input_Warna_variasi101' is checked

2023-10-04 20:24:44 - [TEST_STEP][PASSED] - if (toString().equalsIgnoreCase("Menengah")): Object 'Object Repository/keranjang/input_Ukuran_variasi201' is checked

2023-10-04 20:24:44 - [TEST_STEP][PASSED] - check(findTestObject("Object Repository/keranjang/input_Ukuran_variasi201")): Object 'Object Repository/keranjang/input_Ukuran_variasi201' is checked

2023-10-04 20:24:45 - [MESSAGE][PASSED] - Object 'Object Repository/keranjang/input_Ukuran_variasi201' is checked

2023-10-04 20:24:45 - [TEST_STEP][PASSED] - data.put("Warna", warna): null

2023-10-04 20:24:45 - [TEST_STEP][PASSED] - data.put("Ukuran", ukuran): null

2023-10-04 20:24:45 - [TEST_STEP][PASSED] - click(findTestObject("keranjang/button_Lanjut ke Pembayaran")): Object: 'Object Repository/keranjang/button_Lanjut ke Pembayaran' is clicked on

2023-10-04 20:24:46 - [MESSAGE][PASSED] - Object: 'Object Repository/keranjang/button_Lanjut ke Pembayaran' is clicked on

2023-10-04 20:24:46 - [TEST_STEP][PASSED] - verifyElementPresent(findTestObject("checkout/Tittle Checkout Order"), 0): Object 'Object Repository/checkout/Tittle Checkout Order' is present

2023-10-04 20:24:46 - [MESSAGE][WARNING] - Timeout '0' is invalid. Using default page load timeout: '30'

2023-10-04 20:24:46 - [MESSAGE][PASSED] - Object 'Object Repository/checkout/Tittle Checkout Order' is present

2023-10-04 20:24:46 - [TEST_STEP][PASSED] - name_product = data.get("nama_barang"): null

2023-10-04 20:24:46 - [TEST_STEP][PASSED] - price_product = data.get("price_barang"): null

2023-10-04 20:24:46 - [TEST_STEP][PASSED] - assert name_product == NamaKeranjang: null

2023-10-04 20:24:46 - [TEST_STEP][PASSED] - assert price_product == HargaKeranjang: null

2023-10-04 20:24:46 - [TEST_STEP][PASSED] - return data: null

2023-10-04 20:24:46 - [MESSAGE][PASSED] - Call Test Case 'Test Cases/T13 Pembelian, Shipment dan Pembayaran/PBL-002' successfully

2023-10-04 20:24:46 - [TEST_STEP][PASSED] - warnaa = getText(findTestObject("verifikasi/warna Merah")): Text of object 'Object Repository/verifikasi/warna Merah' is: 'Merah'

2023-10-04 20:24:47 - [MESSAGE][PASSED] - Text of object 'Object Repository/verifikasi/warna Merah' is: 'Merah'

2023-10-04 20:24:47 - [TEST_STEP][PASSED] - ukurann = getText(findTestObject("verifikasi/Ukuran Menengah")): Text of object 'Object Repository/verifikasi/Ukuran Menengah' is: 'Menengah'

2023-10-04 20:24:47 - [MESSAGE][PASSED] - Text of object 'Object Repository/verifikasi/Ukuran Menengah' is: 'Menengah'

2023-10-04 20:24:47 - [TEST_STEP][PASSED] - warna1 = data.get("Warna"): null

2023-10-04 20:24:47 - [TEST_STEP][PASSED] - ukuran1 = data.get("Ukuran"): null

2023-10-04 20:24:47 - [TEST_STEP][PASSED] - assert warnaa == warna1: null

2023-10-04 20:24:47 - [TEST_STEP][PASSED] - assert ukurann == ukuran1: null

2023-10-04 20:24:47 - [TEST_STEP][PASSED] - NamaCheckout = getText(findTestObject("verifikasi/NamaCheckout")): Text of object 'Object Repository/verifikasi/NamaCheckout' is: ''

2023-10-04 20:24:48 - [MESSAGE][PASSED] - Text of object 'Object Repository/verifikasi/NamaCheckout' is: ''

2023-10-04 20:24:48 - [TEST_STEP][PASSED] - HargaCheckout = getText(findTestObject("verifikasi/HargaCheckout")): Text of object 'Object Repository/verifikasi/HargaCheckout' is: '1,299'

2023-10-04 20:24:48 - [MESSAGE][PASSED] - Text of object 'Object Repository/verifikasi/HargaCheckout' is: '1,299'

2023-10-04 20:24:48 - [TEST_STEP][PASSED] - name_product = data.get("nama_barang"): null

2023-10-04 20:24:48 - [TEST_STEP][PASSED] - price_product = data.get("price_barang"): null

2023-10-04 20:24:48 - [TEST_STEP][PASSED] - assert name_product.contains(NamaCheckout): null

2023-10-04 20:24:48 - [TEST_STEP][PASSED] - assert price_product.contains(HargaCheckout): null

2023-10-04 20:24:48 - [TEST_STEP][PASSED] - selectOptionByLabel(findTestObject("checkout/select - Kirim via Kurir Lokal"), Kurir, false): All options with label 'Roda 2' are selected in object 'Object Repository/checkout/select - Kirim via Kurir Lokal' 

2023-10-04 20:24:49 - [MESSAGE][PASSED] - All options with label 'Roda 2' are selected in object 'Object Repository/checkout/select - Kirim via Kurir Lokal' 

2023-10-04 20:24:49 - [TEST_STEP][PASSED] - click(findTestObject("checkout/Kendaraan Kurir")): Object: 'Object Repository/checkout/Kendaraan Kurir' is clicked on

2023-10-04 20:24:50 - [MESSAGE][PASSED] - Object: 'Object Repository/checkout/Kendaraan Kurir' is clicked on

2023-10-04 20:24:50 - [TEST_STEP][PASSED] - OngkosKirim = getText(findTestObject("Object Repository/verifikasi/Ongkos Kirim checkout")): Text of object 'Object Repository/verifikasi/Ongkos Kirim checkout' is: 'Rp. 5,000'

2023-10-04 20:24:50 - [MESSAGE][PASSED] - Text of object 'Object Repository/verifikasi/Ongkos Kirim checkout' is: 'Rp. 5,000'

2023-10-04 20:24:50 - [TEST_STEP][PASSED] - Ongkos = OngkosKirim.substring(3, OngkosKirim.size()): null

2023-10-04 20:24:50 - [TEST_STEP][PASSED] - rep = Ongkos.replace(",", "."): null

2023-10-04 20:24:50 - [TEST_STEP][PASSED] - Ongkos_kirim = Double.parseDouble(rep): null

2023-10-04 20:24:50 - [TEST_STEP][PASSED] - println(Ongkos_kirim): null

2023-10-04 20:24:50 - [TEST_STEP][PASSED] - FeeAdmin = getText(findTestObject("verifikasi/Fee Admin checkout")): Text of object 'Object Repository/verifikasi/Fee Admin checkout' is: 'Fee Admin
Rp 1,500'

2023-10-04 20:24:51 - [MESSAGE][PASSED] - Text of object 'Object Repository/verifikasi/Fee Admin checkout' is: 'Fee Admin
Rp 1,500'

2023-10-04 20:24:51 - [TEST_STEP][PASSED] - Fee_Admin = FeeAdmin.substring(12, FeeAdmin.size()): null

2023-10-04 20:24:51 - [TEST_STEP][PASSED] - fee = Fee_Admin.replace(",", "."): null

2023-10-04 20:24:51 - [TEST_STEP][PASSED] - fee_admin = Double.parseDouble(fee): null

2023-10-04 20:24:51 - [TEST_STEP][PASSED] - println(fee_admin): null

2023-10-04 20:24:51 - [TEST_STEP][PASSED] - Subtotal = getText(findTestObject("verifikasi/subtotal checkout")): Text of object 'Object Repository/verifikasi/subtotal checkout' is: 'Subtotal
Rp 1,299'

2023-10-04 20:24:51 - [MESSAGE][PASSED] - Text of object 'Object Repository/verifikasi/subtotal checkout' is: 'Subtotal
Rp 1,299'

2023-10-04 20:24:51 - [TEST_STEP][PASSED] - sub_total = Subtotal.substring(12, Subtotal.size()): null

2023-10-04 20:24:51 - [TEST_STEP][PASSED] - sub = sub_total.replace(",", "."): null

2023-10-04 20:24:51 - [TEST_STEP][PASSED] - sub_total = Double.parseDouble(sub): null

2023-10-04 20:24:51 - [TEST_STEP][PASSED] - println(sub_total): null

2023-10-04 20:24:51 - [TEST_STEP][PASSED] - Total = getText(findTestObject("verifikasi/Total checkout")): Text of object 'Object Repository/verifikasi/Total checkout' is: 'Rp 7,799'

2023-10-04 20:24:52 - [MESSAGE][PASSED] - Text of object 'Object Repository/verifikasi/Total checkout' is: 'Rp 7,799'

2023-10-04 20:24:52 - [TEST_STEP][PASSED] - totall = Total.substring(3, Total.size()): null

2023-10-04 20:24:52 - [TEST_STEP][PASSED] - total = totall.replace(",", "."): null

2023-10-04 20:24:52 - [TEST_STEP][PASSED] - totall = Double.parseDouble(total): null

2023-10-04 20:24:52 - [TEST_STEP][PASSED] - println(totall): null

2023-10-04 20:24:52 - [TEST_STEP][PASSED] - Total_Harga = Ongkos_kirim + fee_admin + sub_total: null

2023-10-04 20:24:52 - [TEST_STEP][PASSED] - println(Total_Harga): null

2023-10-04 20:24:52 - [TEST_STEP][PASSED] - TotalHarga = Math.round(Total_Harga * 1000) / 1000: null

2023-10-04 20:24:52 - [TEST_STEP][PASSED] - println(TotalHarga): null

2023-10-04 20:24:52 - [TEST_STEP][PASSED] - assert totall == TotalHarga: null

2023-10-04 20:24:52 - [TEST_STEP][PASSED] - click(findTestObject("verifikasi/Metode Transfer")): Object: 'Object Repository/verifikasi/Metode Transfer' is clicked on

2023-10-04 20:24:52 - [MESSAGE][PASSED] - Object: 'Object Repository/verifikasi/Metode Transfer' is clicked on

2023-10-04 20:24:52 - [TEST_STEP][PASSED] - click(findTestObject("checkout/button_Proses Pembayaran")): Object: 'Object Repository/checkout/button_Proses Pembayaran' is clicked on

2023-10-04 20:24:58 - [MESSAGE][PASSED] - Object: 'Object Repository/checkout/button_Proses Pembayaran' is clicked on

2023-10-04 20:24:58 - [TEST_STEP][PASSED] - verifyElementPresent(findTestObject("pembayaran/Tittle nomor invoice"), 0): Object 'Object Repository/pembayaran/Tittle nomor invoice' is present

2023-10-04 20:24:58 - [MESSAGE][WARNING] - Timeout '0' is invalid. Using default page load timeout: '30'

2023-10-04 20:25:01 - [MESSAGE][PASSED] - Object 'Object Repository/pembayaran/Tittle nomor invoice' is present

2023-10-04 20:25:01 - [TEST_STEP][PASSED] - return data: null

2023-10-04 20:25:01 - [MESSAGE][PASSED] - Call Test Case 'Test Cases/T13 Pembelian, Shipment dan Pembayaran/PBL-004' successfully

2023-10-04 20:25:01 - [TEST_STEP][PASSED] - Invoice = getText(findTestObject("pembayaran/nomor invoice")): Text of object 'Object Repository/pembayaran/nomor invoice' is: 'TRX60.20231004202454'

2023-10-04 20:25:02 - [MESSAGE][PASSED] - Text of object 'Object Repository/pembayaran/nomor invoice' is: 'TRX60.20231004202454'

2023-10-04 20:25:02 - [TEST_STEP][PASSED] - data.put("invoice", Invoice): null

2023-10-04 20:25:02 - [TEST_STEP][PASSED] - NamaPemesan = getText(findTestObject("Konfirmasi pesanan shop/Nama pemesan")): Text of object 'Object Repository/Konfirmasi pesanan shop/Nama pemesan' is: 'irfan.afandi'

2023-10-04 20:25:02 - [MESSAGE][PASSED] - Text of object 'Object Repository/Konfirmasi pesanan shop/Nama pemesan' is: 'irfan.afandi'

2023-10-04 20:25:02 - [TEST_STEP][PASSED] - Nama = getText(findTestObject("pembayaran/Nama barang")): Text of object 'Object Repository/pembayaran/Nama barang' is: 'Segitiga Instan Madeira - MDB5.3 Sunset'

2023-10-04 20:25:03 - [MESSAGE][PASSED] - Text of object 'Object Repository/pembayaran/Nama barang' is: 'Segitiga Instan Madeira - MDB5.3 Sunset'

2023-10-04 20:25:03 - [TEST_STEP][PASSED] - Harga = getText(findTestObject("pembayaran/Harga barang")): Text of object 'Object Repository/pembayaran/Harga barang' is: '1,299'

2023-10-04 20:25:03 - [MESSAGE][PASSED] - Text of object 'Object Repository/pembayaran/Harga barang' is: '1,299'

2023-10-04 20:25:03 - [TEST_STEP][PASSED] - name_product = data.get("nama_barang"): null

2023-10-04 20:25:03 - [TEST_STEP][PASSED] - price_product = data.get("price_barang"): null

2023-10-04 20:25:03 - [TEST_STEP][PASSED] - assert name_product.contains(Nama): null

2023-10-04 20:25:03 - [TEST_STEP][PASSED] - assert price_product.contains(Harga): null

2023-10-04 20:25:03 - [TEST_STEP][PASSED] - warnaa = getText(findTestObject("pembayaran/warna")): Text of object 'Object Repository/pembayaran/warna' is: 'Merah'

2023-10-04 20:25:04 - [MESSAGE][PASSED] - Text of object 'Object Repository/pembayaran/warna' is: 'Merah'

2023-10-04 20:25:04 - [TEST_STEP][PASSED] - ukurann = getText(findTestObject("pembayaran/ukuran")): Text of object 'Object Repository/pembayaran/ukuran' is: 'Menengah'

2023-10-04 20:25:04 - [MESSAGE][PASSED] - Text of object 'Object Repository/pembayaran/ukuran' is: 'Menengah'

2023-10-04 20:25:04 - [TEST_STEP][PASSED] - warna1 = data.get("Warna"): null

2023-10-04 20:25:04 - [TEST_STEP][PASSED] - ukuran1 = data.get("Ukuran"): null

2023-10-04 20:25:04 - [TEST_STEP][PASSED] - assert warnaa == warna1: null

2023-10-04 20:25:04 - [TEST_STEP][PASSED] - assert ukurann == ukuran1: null

2023-10-04 20:25:04 - [TEST_STEP][PASSED] - statusPembelian = getText(findTestObject("verifikasi/Status pending di pembelian")): Text of object 'Object Repository/verifikasi/Status pending di pembelian' is: 'Pending'

2023-10-04 20:25:05 - [MESSAGE][PASSED] - Text of object 'Object Repository/verifikasi/Status pending di pembelian' is: 'Pending'

2023-10-04 20:25:05 - [TEST_STEP][PASSED] - data.put("statusPem", statusPembelian): null

2023-10-04 20:25:05 - [TEST_STEP][PASSED] - OngkosKirim = getText(findTestObject("pembayaran/ongkos kirim")): Text of object 'Object Repository/pembayaran/ongkos kirim' is: 'Rp 5,000'

2023-10-04 20:25:05 - [MESSAGE][PASSED] - Text of object 'Object Repository/pembayaran/ongkos kirim' is: 'Rp 5,000'

2023-10-04 20:25:05 - [TEST_STEP][PASSED] - Ongkos = OngkosKirim.substring(3, OngkosKirim.size()): null

2023-10-04 20:25:05 - [TEST_STEP][PASSED] - rep = Ongkos.replace(",", ""): null

2023-10-04 20:25:05 - [TEST_STEP][PASSED] - Ongkos_kirimm = Integer.parseInt(rep): null

2023-10-04 20:25:05 - [TEST_STEP][PASSED] - println(Ongkos_kirimm): null

2023-10-04 20:25:05 - [TEST_STEP][PASSED] - FeeAdmin = getText(findTestObject("pembayaran/fee admin")): Text of object 'Object Repository/pembayaran/fee admin' is: 'Rp 1,500'

2023-10-04 20:25:06 - [MESSAGE][PASSED] - Text of object 'Object Repository/pembayaran/fee admin' is: 'Rp 1,500'

2023-10-04 20:25:06 - [TEST_STEP][PASSED] - Fee_Admin = FeeAdmin.substring(3, FeeAdmin.size()): null

2023-10-04 20:25:06 - [TEST_STEP][PASSED] - fee = Fee_Admin.replace(",", ""): null

2023-10-04 20:25:06 - [TEST_STEP][PASSED] - fee_adminn = Integer.parseInt(fee): null

2023-10-04 20:25:06 - [TEST_STEP][PASSED] - println(fee_adminn): null

2023-10-04 20:25:06 - [TEST_STEP][PASSED] - Subtotal = getText(findTestObject("pembayaran/subtotal")): Text of object 'Object Repository/pembayaran/subtotal' is: 'Rp 1,299'

2023-10-04 20:25:06 - [MESSAGE][PASSED] - Text of object 'Object Repository/pembayaran/subtotal' is: 'Rp 1,299'

2023-10-04 20:25:06 - [TEST_STEP][PASSED] - sub_total = Subtotal.substring(3, Subtotal.size()): null

2023-10-04 20:25:06 - [TEST_STEP][PASSED] - sub = sub_total.replace(",", ""): null

2023-10-04 20:25:06 - [TEST_STEP][PASSED] - sub_totall = Integer.parseInt(sub): null

2023-10-04 20:25:06 - [TEST_STEP][PASSED] - println(sub_totall): null

2023-10-04 20:25:06 - [TEST_STEP][PASSED] - unik = getText(findTestObject("pembayaran/kode unik")): Text of object 'Object Repository/pembayaran/kode unik' is: '+454'

2023-10-04 20:25:07 - [MESSAGE][PASSED] - Text of object 'Object Repository/pembayaran/kode unik' is: '+454'

2023-10-04 20:25:07 - [TEST_STEP][PASSED] - unikk = unik.replace("+", ""): null

2023-10-04 20:25:07 - [TEST_STEP][PASSED] - kode_unik = Integer.parseInt(unikk): null

2023-10-04 20:25:07 - [TEST_STEP][PASSED] - println(kode_unik): null

2023-10-04 20:25:07 - [TEST_STEP][PASSED] - Total = getText(findTestObject("pembayaran/total")): Text of object 'Object Repository/pembayaran/total' is: '8,253'

2023-10-04 20:25:07 - [MESSAGE][PASSED] - Text of object 'Object Repository/pembayaran/total' is: '8,253'

2023-10-04 20:25:07 - [TEST_STEP][PASSED] - total = Total.replace(",", ""): null

2023-10-04 20:25:07 - [TEST_STEP][PASSED] - totalll = Integer.parseInt(total): null

2023-10-04 20:25:07 - [TEST_STEP][PASSED] - println(totalll): null

2023-10-04 20:25:07 - [TEST_STEP][PASSED] - Total_Hargaa = Ongkos_kirimm + fee_adminn + sub_totall + kode_unik: null

2023-10-04 20:25:07 - [TEST_STEP][PASSED] - println(Total_Hargaa): null

2023-10-04 20:25:07 - [TEST_STEP][PASSED] - assert totalll == Total_Hargaa: null

2023-10-04 20:25:07 - [TEST_STEP][PASSED] - data.put("total", Total): null

2023-10-04 20:25:07 - [TEST_STEP][PASSED] - data.put("nama", NamaPemesan): null

2023-10-04 20:25:07 - [TEST_STEP][PASSED] - return data: null

2023-10-04 20:25:07 - [MESSAGE][PASSED] - Call Test Case 'Test Cases/T13 Pembelian, Shipment dan Pembayaran/PBY-001' successfully

2023-10-04 20:25:07 - [TEST_STEP][PASSED] - inv = data.get("invoice"): null

2023-10-04 20:25:07 - [TEST_STEP][PASSED] - Total = data.get("total"): null

2023-10-04 20:25:07 - [TEST_STEP][PASSED] - NamaPemesan = data.get("nama"): null

2023-10-04 20:25:07 - [TEST_STEP][PASSED] - click(findTestObject("Konfirmasi pesanan shop/Menu Shop")): Object: 'Object Repository/Konfirmasi pesanan shop/Menu Shop' is clicked on

2023-10-04 20:25:08 - [MESSAGE][PASSED] - Object: 'Object Repository/Konfirmasi pesanan shop/Menu Shop' is clicked on

2023-10-04 20:25:08 - [TEST_STEP][PASSED] - click(findTestObject("Konfirmasi pesanan shop/Menu Shop")): Object: 'Object Repository/Konfirmasi pesanan shop/Menu Shop' is clicked on

2023-10-04 20:25:09 - [MESSAGE][PASSED] - Object: 'Object Repository/Konfirmasi pesanan shop/Menu Shop' is clicked on

2023-10-04 20:25:09 - [TEST_STEP][PASSED] - click(findTestObject("Konfirmasi pesanan shop/Konfirmasi Orders")): Object: 'Object Repository/Konfirmasi pesanan shop/Konfirmasi Orders' is clicked on

2023-10-04 20:25:10 - [MESSAGE][PASSED] - Object: 'Object Repository/Konfirmasi pesanan shop/Konfirmasi Orders' is clicked on

2023-10-04 20:25:10 - [TEST_STEP][PASSED] - verifyElementPresent(findTestObject("Konfirmasi pesanan shop/Tittle Konfirmasi Pesanan"), 0): Object 'Object Repository/Konfirmasi pesanan shop/Tittle Konfirmasi Pesanan' is present

2023-10-04 20:25:10 - [MESSAGE][WARNING] - Timeout '0' is invalid. Using default page load timeout: '30'

2023-10-04 20:25:11 - [MESSAGE][PASSED] - Object 'Object Repository/Konfirmasi pesanan shop/Tittle Konfirmasi Pesanan' is present

2023-10-04 20:25:11 - [TEST_STEP][PASSED] - setText(findTestObject("Konfirmasi pesanan shop/input_No Pesanan"), inv): Text 'TRX60.20231004202454' is set on object 'Object Repository/Konfirmasi pesanan shop/input_No Pesanan'

2023-10-04 20:25:12 - [MESSAGE][PASSED] - Text 'TRX60.20231004202454' is set on object 'Object Repository/Konfirmasi pesanan shop/input_No Pesanan'

2023-10-04 20:25:12 - [TEST_STEP][PASSED] - setText(findTestObject("Konfirmasi pesanan shop/input_Alamat E-mai"), "irfan@gmail.com"): Text 'irfan@gmail.com' is set on object 'Object Repository/Konfirmasi pesanan shop/input_Alamat E-mai'

2023-10-04 20:25:12 - [MESSAGE][PASSED] - Text 'irfan@gmail.com' is set on object 'Object Repository/Konfirmasi pesanan shop/input_Alamat E-mai'

2023-10-04 20:25:12 - [TEST_STEP][PASSED] - click(findTestObject("Konfirmasi pesanan shop/button_Submit")): Object: 'Object Repository/Konfirmasi pesanan shop/button_Submit' is clicked on

2023-10-04 20:25:13 - [MESSAGE][PASSED] - Object: 'Object Repository/Konfirmasi pesanan shop/button_Submit' is clicked on

2023-10-04 20:25:13 - [TEST_STEP][PASSED] - verifyElementPresent(findTestObject("Konfirmasi pesanan shop/Tittle nomor invoice"), 0): Object 'Object Repository/Konfirmasi pesanan shop/Tittle nomor invoice' is present

2023-10-04 20:25:13 - [MESSAGE][WARNING] - Timeout '0' is invalid. Using default page load timeout: '30'

2023-10-04 20:25:14 - [MESSAGE][PASSED] - Object 'Object Repository/Konfirmasi pesanan shop/Tittle nomor invoice' is present

2023-10-04 20:25:14 - [TEST_STEP][PASSED] - setText(findTestObject("Konfirmasi pesanan shop/input_Total TagihanTransfer_b"), Total): Text '8,253' is set on object 'Object Repository/Konfirmasi pesanan shop/input_Total TagihanTransfer_b'

2023-10-04 20:25:14 - [MESSAGE][PASSED] - Text '8,253' is set on object 'Object Repository/Konfirmasi pesanan shop/input_Total TagihanTransfer_b'

2023-10-04 20:25:14 - [TEST_STEP][PASSED] - selectOptionByValue(findTestObject("Konfirmasi pesanan shop/select_Bank"), "4", false): All options with value '4' are selected in object 'Object Repository/Konfirmasi pesanan shop/select_Bank' 

2023-10-04 20:25:15 - [MESSAGE][PASSED] - All options with value '4' are selected in object 'Object Repository/Konfirmasi pesanan shop/select_Bank' 

2023-10-04 20:25:15 - [TEST_STEP][PASSED] - setText(findTestObject("Konfirmasi pesanan shop/input_Nama Pengirim_d"), NamaPemesan): Text 'irfan.afandi' is set on object 'Object Repository/Konfirmasi pesanan shop/input_Nama Pengirim_d'

2023-10-04 20:25:16 - [MESSAGE][PASSED] - Text 'irfan.afandi' is set on object 'Object Repository/Konfirmasi pesanan shop/input_Nama Pengirim_d'

2023-10-04 20:25:16 - [TEST_STEP][PASSED] - uploadFile(findTestObject("keranjang/konfirmasi/input_Upload Bukti Transfer_f"), "C:\Users\IRFAN\Downloads\Berkas2.pdf"): File 'C:\Users\IRFAN\Downloads\Berkas2.pdf' sent to object: 'Object Repository/keranjang/konfirmasi/input_Upload Bukti Transfer_f'

2023-10-04 20:25:17 - [MESSAGE][PASSED] - File 'C:\Users\IRFAN\Downloads\Berkas2.pdf' sent to object: 'Object Repository/keranjang/konfirmasi/input_Upload Bukti Transfer_f'

2023-10-04 20:25:17 - [TEST_STEP][PASSED] - click(findTestObject("Konfirmasi pesanan shop/button_Konfirmasi Pembayaran")): Object: 'Object Repository/Konfirmasi pesanan shop/button_Konfirmasi Pembayaran' is clicked on

2023-10-04 20:25:18 - [MESSAGE][PASSED] - Object: 'Object Repository/Konfirmasi pesanan shop/button_Konfirmasi Pembayaran' is clicked on

2023-10-04 20:25:18 - [TEST_STEP][PASSED] - verifyElementPresent(findTestObject("Konfirmasi pesanan shop/Tittle Konfirmasi Pesanan"), 0): Object 'Object Repository/Konfirmasi pesanan shop/Tittle Konfirmasi Pesanan' is present

2023-10-04 20:25:18 - [MESSAGE][WARNING] - Timeout '0' is invalid. Using default page load timeout: '30'

2023-10-04 20:25:18 - [MESSAGE][PASSED] - Object 'Object Repository/Konfirmasi pesanan shop/Tittle Konfirmasi Pesanan' is present

2023-10-04 20:25:18 - [TEST_STEP][PASSED] - verifyElementPresent(findTestObject("Konfirmasi pesanan shop/Tittle massage succes Konfirmasi Pembayaran Pesanan"), 0): Object 'Object Repository/Konfirmasi pesanan shop/Tittle massage succes Konfirmasi Pembayaran Pesanan' is present

2023-10-04 20:25:18 - [MESSAGE][WARNING] - Timeout '0' is invalid. Using default page load timeout: '30'

2023-10-04 20:25:19 - [MESSAGE][PASSED] - Object 'Object Repository/Konfirmasi pesanan shop/Tittle massage succes Konfirmasi Pembayaran Pesanan' is present

2023-10-04 20:25:19 - [TEST_STEP][PASSED] - return data: null

2023-10-04 20:25:19 - [MESSAGE][PASSED] - Call Test Case 'Test Cases/T13 Pembelian, Shipment dan Pembayaran/PBY-004' successfully

2023-10-04 20:25:19 - [TEST_STEP][PASSED] - navigateToUrl("https://10.9.2.63/ecommerce/administrator/"): Navigate to 'https://10.9.2.63/ecommerce/administrator/' successfully

2023-10-04 20:25:19 - [MESSAGE][PASSED] - Navigate to 'https://10.9.2.63/ecommerce/administrator/' successfully

2023-10-04 20:25:19 - [TEST_STEP][PASSED] - verifyElementPresent(findTestObject("admin/Tittle ADMIN Login"), 0): Object 'Object Repository/admin/Tittle ADMIN Login' is present

2023-10-04 20:25:19 - [MESSAGE][WARNING] - Timeout '0' is invalid. Using default page load timeout: '30'

2023-10-04 20:25:20 - [MESSAGE][PASSED] - Object 'Object Repository/admin/Tittle ADMIN Login' is present

2023-10-04 20:25:20 - [TEST_STEP][PASSED] - setText(findTestObject("admin/Username"), "admin"): Text 'admin' is set on object 'Object Repository/admin/Username'

2023-10-04 20:25:20 - [MESSAGE][PASSED] - Text 'admin' is set on object 'Object Repository/admin/Username'

2023-10-04 20:25:20 - [TEST_STEP][PASSED] - setText(findTestObject("admin/Password"), "123admin123"): Text '123admin123' is set on object 'Object Repository/admin/Password'

2023-10-04 20:25:21 - [MESSAGE][PASSED] - Text '123admin123' is set on object 'Object Repository/admin/Password'

2023-10-04 20:25:21 - [TEST_STEP][PASSED] - click(findTestObject("admin/Remember Me")): Object: 'Object Repository/admin/Remember Me' is clicked on

2023-10-04 20:25:22 - [MESSAGE][PASSED] - Object: 'Object Repository/admin/Remember Me' is clicked on

2023-10-04 20:25:22 - [TEST_STEP][PASSED] - delay(10): Delayed 10 second(s)

2023-10-04 20:25:32 - [MESSAGE][PASSED] - Delayed 10 second(s)

2023-10-04 20:25:32 - [TEST_STEP][PASSED] - click(findTestObject("admin/buttom submit")): Object: 'Object Repository/admin/buttom submit' is clicked on

2023-10-04 20:25:34 - [MESSAGE][PASSED] - Object: 'Object Repository/admin/buttom submit' is clicked on

2023-10-04 20:25:34 - [TEST_STEP][PASSED] - verifyElementPresent(findTestObject("admin/Konf order konsumen/Tittle Dashboard"), 0): Object 'Object Repository/admin/Konf order konsumen/Tittle Dashboard' is present

2023-10-04 20:25:34 - [MESSAGE][WARNING] - Timeout '0' is invalid. Using default page load timeout: '30'

2023-10-04 20:25:41 - [MESSAGE][PASSED] - Object 'Object Repository/admin/Konf order konsumen/Tittle Dashboard' is present

2023-10-04 20:25:41 - [TEST_STEP][PASSED] - click(findTestObject("admin/Konf order konsumen/Menu Transaksi Market")): Object: 'Object Repository/admin/Konf order konsumen/Menu Transaksi Market' is clicked on

2023-10-04 20:25:41 - [MESSAGE][PASSED] - Object: 'Object Repository/admin/Konf order konsumen/Menu Transaksi Market' is clicked on

2023-10-04 20:25:41 - [TEST_STEP][PASSED] - click(findTestObject("admin/Konf order konsumen/Menu Konf. Order Konsumen")): Object: 'Object Repository/admin/Konf order konsumen/Menu Konf. Order Konsumen' is clicked on

2023-10-04 20:25:43 - [MESSAGE][PASSED] - Object: 'Object Repository/admin/Konf order konsumen/Menu Konf. Order Konsumen' is clicked on

2023-10-04 20:25:43 - [TEST_STEP][PASSED] - verifyElementPresent(findTestObject("admin/Konf order konsumen/Tittle Data Konfirmasi Pembayaran Konsumen"), 0): Object 'Object Repository/admin/Konf order konsumen/Tittle Data Konfirmasi Pembayaran Konsumen' is present

2023-10-04 20:25:43 - [MESSAGE][WARNING] - Timeout '0' is invalid. Using default page load timeout: '30'

2023-10-04 20:25:50 - [MESSAGE][PASSED] - Object 'Object Repository/admin/Konf order konsumen/Tittle Data Konfirmasi Pembayaran Konsumen' is present

2023-10-04 20:25:50 - [TEST_STEP][PASSED] - inv = data.get("invoice"): null

2023-10-04 20:25:50 - [TEST_STEP][PASSED] - setText(findTestObject("admin/Konf order konsumen/Search"), inv): Text 'TRX60.20231004202454' is set on object 'Object Repository/admin/Konf order konsumen/Search'

2023-10-04 20:25:51 - [MESSAGE][PASSED] - Text 'TRX60.20231004202454' is set on object 'Object Repository/admin/Konf order konsumen/Search'

2023-10-04 20:25:51 - [TEST_STEP][PASSED] - verifyElementText(findTestObject("admin/Konf order konsumen/Keterangan Lunas"), "Lunas"): Actual text and expected text of test object 'Object Repository/admin/Konf order konsumen/Keterangan Lunas' are matched.

2023-10-04 20:25:52 - [MESSAGE][PASSED] - Actual text and expected text of test object 'Object Repository/admin/Konf order konsumen/Keterangan Lunas' are matched.

2023-10-04 20:25:52 - [TEST_STEP][PASSED] - return data: null

2023-10-04 20:25:52 - [MESSAGE][PASSED] - Call Test Case 'Test Cases/T13 Pembelian, Shipment dan Pembayaran/PBYA-001' successfully

2023-10-04 20:25:52 - [TEST_STEP][PASSED] - click(findTestObject("admin/Penjualan ke konsumen/buttom Dashboard")): Object: 'Object Repository/admin/Penjualan ke konsumen/buttom Dashboard' is clicked on

2023-10-04 20:25:53 - [MESSAGE][PASSED] - Object: 'Object Repository/admin/Penjualan ke konsumen/buttom Dashboard' is clicked on

2023-10-04 20:25:53 - [TEST_STEP][PASSED] - click(findTestObject("admin/Konf order konsumen/Menu Transaksi Market")): Object: 'Object Repository/admin/Konf order konsumen/Menu Transaksi Market' is clicked on

2023-10-04 20:25:59 - [MESSAGE][PASSED] - Object: 'Object Repository/admin/Konf order konsumen/Menu Transaksi Market' is clicked on

2023-10-04 20:25:59 - [TEST_STEP][PASSED] - click(findTestObject("admin/Penjualan ke konsumen/a_Penjualan ke Konsumen")): Object: 'Object Repository/admin/Penjualan ke konsumen/a_Penjualan ke Konsumen' is clicked on

2023-10-04 20:26:02 - [MESSAGE][PASSED] - Object: 'Object Repository/admin/Penjualan ke konsumen/a_Penjualan ke Konsumen' is clicked on

2023-10-04 20:26:02 - [TEST_STEP][PASSED] - verifyElementPresent(findTestObject("admin/Tittle Data Transaksi Penjualan  Orderan Konsumen"), 0): Object 'Object Repository/admin/Tittle Data Transaksi Penjualan  Orderan Konsumen' is present

2023-10-04 20:26:02 - [MESSAGE][WARNING] - Timeout '0' is invalid. Using default page load timeout: '30'

2023-10-04 20:26:07 - [MESSAGE][PASSED] - Object 'Object Repository/admin/Tittle Data Transaksi Penjualan  Orderan Konsumen' is present

2023-10-04 20:26:07 - [TEST_STEP][PASSED] - return data: null

2023-10-04 20:26:07 - [MESSAGE][PASSED] - Call Test Case 'Test Cases/T13 Pembelian, Shipment dan Pembayaran/SA-001' successfully

2023-10-04 20:26:07 - [TEST_STEP][PASSED] - inv = data.get("invoice"): null

2023-10-04 20:26:07 - [TEST_STEP][PASSED] - setText(findTestObject("admin/Penjualan ke konsumen/Search"), inv): Text 'TRX60.20231004202454' is set on object 'Object Repository/admin/Penjualan ke konsumen/Search'

2023-10-04 20:26:09 - [MESSAGE][PASSED] - Text 'TRX60.20231004202454' is set on object 'Object Repository/admin/Penjualan ke konsumen/Search'

2023-10-04 20:26:09 - [TEST_STEP][PASSED] - click(findTestObject("admin/Penjualan ke konsumen/buttom konfirmasi pending payment")): Object: 'Object Repository/admin/Penjualan ke konsumen/buttom konfirmasi pending payment' is clicked on

2023-10-04 20:26:10 - [MESSAGE][PASSED] - Object: 'Object Repository/admin/Penjualan ke konsumen/buttom konfirmasi pending payment' is clicked on

2023-10-04 20:26:10 - [TEST_STEP][PASSED] - acceptAlert(STOP_ON_FAILURE): Alert accepted

2023-10-04 20:26:10 - [MESSAGE][PASSED] - Alert accepted

2023-10-04 20:26:10 - [TEST_STEP][PASSED] - setText(findTestObject("admin/Penjualan ke konsumen/Search"), inv): Text 'TRX60.20231004202454' is set on object 'Object Repository/admin/Penjualan ke konsumen/Search'

2023-10-04 20:26:11 - [MESSAGE][PASSED] - Text 'TRX60.20231004202454' is set on object 'Object Repository/admin/Penjualan ke konsumen/Search'

2023-10-04 20:26:11 - [TEST_STEP][PASSED] - verifyTextNotPresent("pending payment", false): Text 'pending payment' is not present on page

2023-10-04 20:26:11 - [MESSAGE][PASSED] - Text 'pending payment' is not present on page

2023-10-04 20:26:11 - [TEST_STEP][PASSED] - return data: null

2023-10-04 20:26:11 - [MESSAGE][PASSED] - Call Test Case 'Test Cases/T13 Pembelian, Shipment dan Pembayaran/SA-002' successfully

2023-10-04 20:26:11 - [TEST_STEP][PASSED] - click(findTestObject("admin/Penjualan ke konsumen/buttom scroldown")): Object: 'Object Repository/admin/Penjualan ke konsumen/buttom scroldown' is clicked on

2023-10-04 20:26:12 - [MESSAGE][PASSED] - Object: 'Object Repository/admin/Penjualan ke konsumen/buttom scroldown' is clicked on

2023-10-04 20:26:12 - [TEST_STEP][PASSED] - click(findTestObject("admin/Penjualan ke konsumen/Dikirim")): Object: 'Object Repository/admin/Penjualan ke konsumen/Dikirim' is clicked on

2023-10-04 20:26:12 - [MESSAGE][PASSED] - Object: 'Object Repository/admin/Penjualan ke konsumen/Dikirim' is clicked on

2023-10-04 20:26:12 - [TEST_STEP][PASSED] - acceptAlert(): Alert accepted

2023-10-04 20:26:12 - [MESSAGE][PASSED] - Alert accepted

2023-10-04 20:26:12 - [TEST_STEP][PASSED] - inv = data.get("invoice"): null

2023-10-04 20:26:12 - [TEST_STEP][PASSED] - setText(findTestObject("admin/Penjualan ke konsumen/Search"), inv): Text 'TRX60.20231004202454' is set on object 'Object Repository/admin/Penjualan ke konsumen/Search'

2023-10-04 20:26:13 - [MESSAGE][PASSED] - Text 'TRX60.20231004202454' is set on object 'Object Repository/admin/Penjualan ke konsumen/Search'

2023-10-04 20:26:13 - [TEST_STEP][PASSED] - delay(10): Delayed 10 second(s)

2023-10-04 20:26:23 - [MESSAGE][PASSED] - Delayed 10 second(s)

2023-10-04 20:26:23 - [TEST_STEP][PASSED] - verifyTextPresent("Dikirim", false): Text 'Dikirim' is present on page 

2023-10-04 20:26:29 - [MESSAGE][PASSED] - Text 'Dikirim' is present on page 

2023-10-04 20:26:29 - [TEST_STEP][PASSED] - dikirim = getText(findTestObject("admin/Dikirim")): Text of object 'Object Repository/admin/Dikirim' is: 'Proses'

2023-10-04 20:26:29 - [MESSAGE][PASSED] - Text of object 'Object Repository/admin/Dikirim' is: 'Proses'

2023-10-04 20:26:29 - [TEST_STEP][PASSED] - data.put("statuskirim", dikirim): null

2023-10-04 20:26:29 - [TEST_STEP][PASSED] - return data: null]]></system-out>
         <system-err><![CDATA[]]></system-err>
      </testcase>
      <testcase name="Test Cases/T13 Pembelian, Shipment dan Pembayaran/SA-005" time="128.422" classname="Test Cases/T13 Pembelian, Shipment dan Pembayaran/SA-005" status="PASSED">
         <system-out><![CDATA[2023-10-04 20:26:29 - [TEST_CASE][PASSED] - Test Cases/T13 Pembelian, Shipment dan Pembayaran/SA-005: Test Cases/T13 Pembelian, Shipment dan Pembayaran/SA-005

2023-10-04 20:26:30 - [TEST_STEP][PASSED] - data = callTestCase(findTestCase("T13 Pembelian, Shipment dan Pembayaran/SA-002"), [:], STOP_ON_FAILURE): Call Test Case 'Test Cases/T13 Pembelian, Shipment dan Pembayaran/SA-002' successfully

2023-10-04 20:26:30 - [TEST_CASE][PASSED] - Test Cases/T13 Pembelian, Shipment dan Pembayaran/SA-002: Test Cases/T13 Pembelian, Shipment dan Pembayaran/SA-002

2023-10-04 20:26:30 - [TEST_STEP][PASSED] - data = callTestCase(findTestCase("T13 Pembelian, Shipment dan Pembayaran/SA-001"), [:], STOP_ON_FAILURE): Call Test Case 'Test Cases/T13 Pembelian, Shipment dan Pembayaran/SA-001' successfully

2023-10-04 20:26:30 - [TEST_CASE][PASSED] - Test Cases/T13 Pembelian, Shipment dan Pembayaran/SA-001: Test Cases/T13 Pembelian, Shipment dan Pembayaran/SA-001

2023-10-04 20:26:30 - [TEST_STEP][PASSED] - data = callTestCase(findTestCase("T13 Pembelian, Shipment dan Pembayaran/PBYA-001"), [:], STOP_ON_FAILURE): Call Test Case 'Test Cases/T13 Pembelian, Shipment dan Pembayaran/PBYA-001' successfully

2023-10-04 20:26:31 - [TEST_CASE][PASSED] - Test Cases/T13 Pembelian, Shipment dan Pembayaran/PBYA-001: Test Cases/T13 Pembelian, Shipment dan Pembayaran/PBYA-001

2023-10-04 20:26:31 - [TEST_STEP][PASSED] - data = callTestCase(findTestCase("T13 Pembelian, Shipment dan Pembayaran/PBY-004"), [:], STOP_ON_FAILURE): Call Test Case 'Test Cases/T13 Pembelian, Shipment dan Pembayaran/PBY-004' successfully

2023-10-04 20:26:31 - [TEST_CASE][PASSED] - Test Cases/T13 Pembelian, Shipment dan Pembayaran/PBY-004: Test Cases/T13 Pembelian, Shipment dan Pembayaran/PBY-004

2023-10-04 20:26:31 - [TEST_STEP][PASSED] - data = callTestCase(findTestCase("T13 Pembelian, Shipment dan Pembayaran/PBY-001"), [:], STOP_ON_FAILURE): Call Test Case 'Test Cases/T13 Pembelian, Shipment dan Pembayaran/PBY-001' successfully

2023-10-04 20:26:31 - [TEST_CASE][PASSED] - Test Cases/T13 Pembelian, Shipment dan Pembayaran/PBY-001: Test Cases/T13 Pembelian, Shipment dan Pembayaran/PBY-001

2023-10-04 20:26:31 - [TEST_STEP][PASSED] - data = callTestCase(findTestCase("T13 Pembelian, Shipment dan Pembayaran/PBL-004"), ["Kurir":"Roda 2"], STOP_ON_FAILURE): Call Test Case 'Test Cases/T13 Pembelian, Shipment dan Pembayaran/PBL-004' successfully

2023-10-04 20:26:31 - [TEST_CASE][PASSED] - Test Cases/T13 Pembelian, Shipment dan Pembayaran/PBL-004: Test Cases/T13 Pembelian, Shipment dan Pembayaran/PBL-004

2023-10-04 20:26:31 - [TEST_STEP][PASSED] - data = callTestCase(findTestCase("T13 Pembelian, Shipment dan Pembayaran/PBL-002"), [:], STOP_ON_FAILURE): Call Test Case 'Test Cases/T13 Pembelian, Shipment dan Pembayaran/PBL-002' successfully

2023-10-04 20:26:31 - [TEST_CASE][PASSED] - Test Cases/T13 Pembelian, Shipment dan Pembayaran/PBL-002: Test Cases/T13 Pembelian, Shipment dan Pembayaran/PBL-002

2023-10-04 20:26:31 - [TEST_STEP][PASSED] - data = callTestCase(findTestCase("T13 Pembelian, Shipment dan Pembayaran/PBL-001"), [:], STOP_ON_FAILURE): Call Test Case 'Test Cases/T13 Pembelian, Shipment dan Pembayaran/PBL-001' successfully

2023-10-04 20:26:31 - [TEST_CASE][PASSED] - Test Cases/T13 Pembelian, Shipment dan Pembayaran/PBL-001: Test Cases/T13 Pembelian, Shipment dan Pembayaran/PBL-001

2023-10-04 20:26:31 - [TEST_STEP][PASSED] - callTestCase(findTestCase("T13 Pembelian, Shipment dan Pembayaran/LU-001"), ["username":"irfanafandi", "password":"12345irfan"], STOP_ON_FAILURE): Call Test Case 'Test Cases/T13 Pembelian, Shipment dan Pembayaran/LU-001' successfully

2023-10-04 20:26:31 - [TEST_CASE][PASSED] - Test Cases/T13 Pembelian, Shipment dan Pembayaran/LU-001: Test Cases/T13 Pembelian, Shipment dan Pembayaran/LU-001

2023-10-04 20:26:31 - [TEST_STEP][PASSED] - openBrowser("https://10.9.2.63/ecommerce/"): Browser is opened with url: 'https://10.9.2.63/ecommerce/'

2023-10-04 20:26:31 - [MESSAGE][WARNING] - A browser is already opened. Closing browser and opening a new one

2023-10-04 20:26:34 - [MESSAGE][INFO] - Starting 'Firefox' driver

2023-10-04 20:26:34 - [MESSAGE][INFO] - User set preference: ['args', '[--disable-notifications]']

2023-10-04 20:26:34 - [MESSAGE][INFO] - Action delay is set to 0 milliseconds

2023-10-04 20:26:40 - [MESSAGE][PASSED] - Browser is opened with url: 'https://10.9.2.63/ecommerce/'

2023-10-04 20:26:40 - [TEST_STEP][PASSED] - maximizeWindow(): Current window maximized

2023-10-04 20:26:40 - [MESSAGE][PASSED] - Current window maximized

2023-10-04 20:26:40 - [TEST_STEP][PASSED] - verifyElementPresent(findTestObject("Login/Home"), 0): Object 'Object Repository/Login/Home' is present

2023-10-04 20:26:41 - [MESSAGE][WARNING] - Timeout '0' is invalid. Using default page load timeout: '30'

2023-10-04 20:26:41 - [MESSAGE][PASSED] - Object 'Object Repository/Login/Home' is present

2023-10-04 20:26:41 - [TEST_STEP][PASSED] - click(findTestObject("Login/a_Login")): Object: 'Object Repository/Login/a_Login' is clicked on

2023-10-04 20:26:42 - [MESSAGE][PASSED] - Object: 'Object Repository/Login/a_Login' is clicked on

2023-10-04 20:26:42 - [TEST_STEP][PASSED] - verifyElementPresent(findTestObject("Login/Tittle Login"), 0): Object 'Object Repository/Login/Tittle Login' is present

2023-10-04 20:26:42 - [MESSAGE][WARNING] - Timeout '0' is invalid. Using default page load timeout: '30'

2023-10-04 20:26:42 - [MESSAGE][PASSED] - Object 'Object Repository/Login/Tittle Login' is present

2023-10-04 20:26:42 - [TEST_STEP][PASSED] - setText(findTestObject("Login/input_Username, Email atau No. Handphone_a"), username): Text 'irfanafandi' is set on object 'Object Repository/Login/input_Username, Email atau No. Handphone_a'

2023-10-04 20:26:43 - [MESSAGE][PASSED] - Text 'irfanafandi' is set on object 'Object Repository/Login/input_Username, Email atau No. Handphone_a'

2023-10-04 20:26:43 - [TEST_STEP][PASSED] - setText(findTestObject("Login/input_Password_b"), password): Text '12345irfan' is set on object 'Object Repository/Login/input_Password_b'

2023-10-04 20:26:44 - [MESSAGE][PASSED] - Text '12345irfan' is set on object 'Object Repository/Login/input_Password_b'

2023-10-04 20:26:44 - [TEST_STEP][PASSED] - click(findTestObject("Login/label_Ingat saya")): Object: 'Object Repository/Login/label_Ingat saya' is clicked on

2023-10-04 20:26:44 - [MESSAGE][PASSED] - Object: 'Object Repository/Login/label_Ingat saya' is clicked on

2023-10-04 20:26:44 - [TEST_STEP][PASSED] - click(findTestObject("Login/button_Masuk")): Object: 'Object Repository/Login/button_Masuk' is clicked on

2023-10-04 20:26:45 - [MESSAGE][PASSED] - Object: 'Object Repository/Login/button_Masuk' is clicked on

2023-10-04 20:26:45 - [TEST_STEP][PASSED] - verifyElementPresent(findTestObject("Login/li_Profile"), 0): Object 'Object Repository/Login/li_Profile' is present

2023-10-04 20:26:46 - [MESSAGE][WARNING] - Timeout '0' is invalid. Using default page load timeout: '30'

2023-10-04 20:26:46 - [MESSAGE][PASSED] - Object 'Object Repository/Login/li_Profile' is present

2023-10-04 20:26:46 - [MESSAGE][PASSED] - Call Test Case 'Test Cases/T13 Pembelian, Shipment dan Pembayaran/LU-001' successfully

2023-10-04 20:26:46 - [TEST_STEP][PASSED] - mouseOver(findTestObject("beli barang/i_Mulai Belanja_icon-menu")): Object: 'Object Repository/beli barang/i_Mulai Belanja_icon-menu' is hovered

2023-10-04 20:26:47 - [MESSAGE][PASSED] - Object: 'Object Repository/beli barang/i_Mulai Belanja_icon-menu' is hovered

2023-10-04 20:26:47 - [TEST_STEP][PASSED] - click(findTestObject("beli barang/a_Fashion  Busana Wanita")): Object: 'Object Repository/beli barang/a_Fashion  Busana Wanita' is clicked on

2023-10-04 20:26:48 - [MESSAGE][PASSED] - Object: 'Object Repository/beli barang/a_Fashion  Busana Wanita' is clicked on

2023-10-04 20:26:48 - [TEST_STEP][PASSED] - NamaSebelum = getText(findTestObject("verifikasi/Nama sebelum")): Text of object 'Object Repository/verifikasi/Nama sebelum' is: ''

2023-10-04 20:26:48 - [MESSAGE][PASSED] - Text of object 'Object Repository/verifikasi/Nama sebelum' is: ''

2023-10-04 20:26:48 - [TEST_STEP][PASSED] - HargaSebelum = getText(findTestObject("verifikasi/Harga sebelum")): Text of object 'Object Repository/verifikasi/Harga sebelum' is: 'Rp 1,299'

2023-10-04 20:26:49 - [MESSAGE][PASSED] - Text of object 'Object Repository/verifikasi/Harga sebelum' is: 'Rp 1,299'

2023-10-04 20:26:49 - [TEST_STEP][PASSED] - mouseOver(findTestObject("beli barang/barang mouse over")): Object: 'Object Repository/beli barang/barang mouse over' is hovered

2023-10-04 20:26:50 - [MESSAGE][PASSED] - Object: 'Object Repository/beli barang/barang mouse over' is hovered

2023-10-04 20:26:50 - [TEST_STEP][PASSED] - click(findTestObject("beli barang/buttom add to cart")): Object: 'Object Repository/beli barang/buttom add to cart' is clicked on

2023-10-04 20:26:51 - [MESSAGE][PASSED] - Object: 'Object Repository/beli barang/buttom add to cart' is clicked on

2023-10-04 20:26:51 - [TEST_STEP][PASSED] - NamaSesudah = getText(findTestObject("verifikasi/Nama sesudah")): Text of object 'Object Repository/verifikasi/Nama sesudah' is: 'Segitiga Instan Madeira - MDB5.3 Sunset'

2023-10-04 20:26:52 - [MESSAGE][PASSED] - Text of object 'Object Repository/verifikasi/Nama sesudah' is: 'Segitiga Instan Madeira - MDB5.3 Sunset'

2023-10-04 20:26:52 - [TEST_STEP][PASSED] - HargaSesudah = getText(findTestObject("verifikasi/Harga sesudah")): Text of object 'Object Repository/verifikasi/Harga sesudah' is: 'Rp 1,299'

2023-10-04 20:26:53 - [MESSAGE][PASSED] - Text of object 'Object Repository/verifikasi/Harga sesudah' is: 'Rp 1,299'

2023-10-04 20:26:53 - [TEST_STEP][PASSED] - assert NamaSesudah.contains(NamaSebelum): null

2023-10-04 20:26:53 - [TEST_STEP][PASSED] - assert HargaSesudah.contains(HargaSebelum): null

2023-10-04 20:26:53 - [TEST_STEP][PASSED] - click(findTestObject("beli barang/Tambah Keranjang busana wanita")): Object: 'Object Repository/beli barang/Tambah Keranjang busana wanita' is clicked on

2023-10-04 20:26:53 - [MESSAGE][PASSED] - Object: 'Object Repository/beli barang/Tambah Keranjang busana wanita' is clicked on

2023-10-04 20:26:53 - [TEST_STEP][PASSED] - verifyElementPresent(findTestObject("checkout/Notifikasi keranjang"), 1): Object 'Object Repository/checkout/Notifikasi keranjang' is present

2023-10-04 20:26:54 - [MESSAGE][PASSED] - Object 'Object Repository/checkout/Notifikasi keranjang' is present

2023-10-04 20:26:54 - [TEST_STEP][PASSED] - data = new java.util.HashMap(): null

2023-10-04 20:26:54 - [TEST_STEP][PASSED] - data.put("nama_barang", NamaSesudah): null

2023-10-04 20:26:54 - [TEST_STEP][PASSED] - data.put("price_barang", HargaSesudah): null

2023-10-04 20:26:54 - [TEST_STEP][PASSED] - return data: null

2023-10-04 20:26:54 - [MESSAGE][PASSED] - Call Test Case 'Test Cases/T13 Pembelian, Shipment dan Pembayaran/PBL-001' successfully

2023-10-04 20:26:54 - [TEST_STEP][PASSED] - mouseOver(findTestObject("beli barang/keranjang")): Object: 'Object Repository/beli barang/keranjang' is hovered

2023-10-04 20:26:54 - [MESSAGE][PASSED] - Object: 'Object Repository/beli barang/keranjang' is hovered

2023-10-04 20:26:54 - [TEST_STEP][PASSED] - click(findTestObject("beli barang/Lihat Sekarang")): Object: 'Object Repository/beli barang/Lihat Sekarang' is clicked on

2023-10-04 20:26:55 - [MESSAGE][PASSED] - Object: 'Object Repository/beli barang/Lihat Sekarang' is clicked on

2023-10-04 20:26:55 - [TEST_STEP][PASSED] - verifyElementPresent(findTestObject("keranjang/li_Keranjang Belanja"), 0): Object 'Object Repository/keranjang/li_Keranjang Belanja' is present

2023-10-04 20:26:56 - [MESSAGE][WARNING] - Timeout '0' is invalid. Using default page load timeout: '30'

2023-10-04 20:26:56 - [MESSAGE][PASSED] - Object 'Object Repository/keranjang/li_Keranjang Belanja' is present

2023-10-04 20:26:56 - [TEST_STEP][PASSED] - NamaKeranjang = getText(findTestObject("verifikasi/Nama keranjang")): Text of object 'Object Repository/verifikasi/Nama keranjang' is: 'Segitiga Instan Madeira - MDB5.3 Sunset'

2023-10-04 20:26:56 - [MESSAGE][PASSED] - Text of object 'Object Repository/verifikasi/Nama keranjang' is: 'Segitiga Instan Madeira - MDB5.3 Sunset'

2023-10-04 20:26:56 - [TEST_STEP][PASSED] - HargaKeranjang = getText(findTestObject("verifikasi/Harga Keranjang")): Text of object 'Object Repository/verifikasi/Harga Keranjang' is: 'Rp 1,299'

2023-10-04 20:26:57 - [MESSAGE][PASSED] - Text of object 'Object Repository/verifikasi/Harga Keranjang' is: 'Rp 1,299'

2023-10-04 20:26:57 - [TEST_STEP][PASSED] - if (toString().equalsIgnoreCase("Merah")): Object 'Object Repository/keranjang/input_Warna_variasi101' is checked

2023-10-04 20:26:57 - [TEST_STEP][PASSED] - check(findTestObject("Object Repository/keranjang/input_Warna_variasi101")): Object 'Object Repository/keranjang/input_Warna_variasi101' is checked

2023-10-04 20:26:58 - [MESSAGE][PASSED] - Object 'Object Repository/keranjang/input_Warna_variasi101' is checked

2023-10-04 20:26:58 - [TEST_STEP][PASSED] - if (toString().equalsIgnoreCase("Menengah")): Object 'Object Repository/keranjang/input_Ukuran_variasi201' is checked

2023-10-04 20:26:58 - [TEST_STEP][PASSED] - check(findTestObject("Object Repository/keranjang/input_Ukuran_variasi201")): Object 'Object Repository/keranjang/input_Ukuran_variasi201' is checked

2023-10-04 20:26:58 - [MESSAGE][PASSED] - Object 'Object Repository/keranjang/input_Ukuran_variasi201' is checked

2023-10-04 20:26:58 - [TEST_STEP][PASSED] - data.put("Warna", warna): null

2023-10-04 20:26:58 - [TEST_STEP][PASSED] - data.put("Ukuran", ukuran): null

2023-10-04 20:26:58 - [TEST_STEP][PASSED] - click(findTestObject("keranjang/button_Lanjut ke Pembayaran")): Object: 'Object Repository/keranjang/button_Lanjut ke Pembayaran' is clicked on

2023-10-04 20:26:59 - [MESSAGE][PASSED] - Object: 'Object Repository/keranjang/button_Lanjut ke Pembayaran' is clicked on

2023-10-04 20:26:59 - [TEST_STEP][PASSED] - verifyElementPresent(findTestObject("checkout/Tittle Checkout Order"), 0): Object 'Object Repository/checkout/Tittle Checkout Order' is present

2023-10-04 20:27:00 - [MESSAGE][WARNING] - Timeout '0' is invalid. Using default page load timeout: '30'

2023-10-04 20:27:00 - [MESSAGE][PASSED] - Object 'Object Repository/checkout/Tittle Checkout Order' is present

2023-10-04 20:27:00 - [TEST_STEP][PASSED] - name_product = data.get("nama_barang"): null

2023-10-04 20:27:00 - [TEST_STEP][PASSED] - price_product = data.get("price_barang"): null

2023-10-04 20:27:00 - [TEST_STEP][PASSED] - assert name_product == NamaKeranjang: null

2023-10-04 20:27:00 - [TEST_STEP][PASSED] - assert price_product == HargaKeranjang: null

2023-10-04 20:27:00 - [TEST_STEP][PASSED] - return data: null

2023-10-04 20:27:00 - [MESSAGE][PASSED] - Call Test Case 'Test Cases/T13 Pembelian, Shipment dan Pembayaran/PBL-002' successfully

2023-10-04 20:27:00 - [TEST_STEP][PASSED] - warnaa = getText(findTestObject("verifikasi/warna Merah")): Text of object 'Object Repository/verifikasi/warna Merah' is: 'Merah'

2023-10-04 20:27:00 - [MESSAGE][PASSED] - Text of object 'Object Repository/verifikasi/warna Merah' is: 'Merah'

2023-10-04 20:27:00 - [TEST_STEP][PASSED] - ukurann = getText(findTestObject("verifikasi/Ukuran Menengah")): Text of object 'Object Repository/verifikasi/Ukuran Menengah' is: 'Menengah'

2023-10-04 20:27:01 - [MESSAGE][PASSED] - Text of object 'Object Repository/verifikasi/Ukuran Menengah' is: 'Menengah'

2023-10-04 20:27:01 - [TEST_STEP][PASSED] - warna1 = data.get("Warna"): null

2023-10-04 20:27:01 - [TEST_STEP][PASSED] - ukuran1 = data.get("Ukuran"): null

2023-10-04 20:27:01 - [TEST_STEP][PASSED] - assert warnaa == warna1: null

2023-10-04 20:27:01 - [TEST_STEP][PASSED] - assert ukurann == ukuran1: null

2023-10-04 20:27:01 - [TEST_STEP][PASSED] - NamaCheckout = getText(findTestObject("verifikasi/NamaCheckout")): Text of object 'Object Repository/verifikasi/NamaCheckout' is: ''

2023-10-04 20:27:01 - [MESSAGE][PASSED] - Text of object 'Object Repository/verifikasi/NamaCheckout' is: ''

2023-10-04 20:27:01 - [TEST_STEP][PASSED] - HargaCheckout = getText(findTestObject("verifikasi/HargaCheckout")): Text of object 'Object Repository/verifikasi/HargaCheckout' is: '1,299'

2023-10-04 20:27:02 - [MESSAGE][PASSED] - Text of object 'Object Repository/verifikasi/HargaCheckout' is: '1,299'

2023-10-04 20:27:02 - [TEST_STEP][PASSED] - name_product = data.get("nama_barang"): null

2023-10-04 20:27:02 - [TEST_STEP][PASSED] - price_product = data.get("price_barang"): null

2023-10-04 20:27:02 - [TEST_STEP][PASSED] - assert name_product.contains(NamaCheckout): null

2023-10-04 20:27:02 - [TEST_STEP][PASSED] - assert price_product.contains(HargaCheckout): null

2023-10-04 20:27:02 - [TEST_STEP][PASSED] - selectOptionByLabel(findTestObject("checkout/select - Kirim via Kurir Lokal"), Kurir, false): All options with label 'Roda 2' are selected in object 'Object Repository/checkout/select - Kirim via Kurir Lokal' 

2023-10-04 20:27:03 - [MESSAGE][PASSED] - All options with label 'Roda 2' are selected in object 'Object Repository/checkout/select - Kirim via Kurir Lokal' 

2023-10-04 20:27:03 - [TEST_STEP][PASSED] - click(findTestObject("checkout/Kendaraan Kurir")): Object: 'Object Repository/checkout/Kendaraan Kurir' is clicked on

2023-10-04 20:27:03 - [MESSAGE][PASSED] - Object: 'Object Repository/checkout/Kendaraan Kurir' is clicked on

2023-10-04 20:27:03 - [TEST_STEP][PASSED] - OngkosKirim = getText(findTestObject("Object Repository/verifikasi/Ongkos Kirim checkout")): Text of object 'Object Repository/verifikasi/Ongkos Kirim checkout' is: 'Rp. 5,000'

2023-10-04 20:27:04 - [MESSAGE][PASSED] - Text of object 'Object Repository/verifikasi/Ongkos Kirim checkout' is: 'Rp. 5,000'

2023-10-04 20:27:04 - [TEST_STEP][PASSED] - Ongkos = OngkosKirim.substring(3, OngkosKirim.size()): null

2023-10-04 20:27:04 - [TEST_STEP][PASSED] - rep = Ongkos.replace(",", "."): null

2023-10-04 20:27:04 - [TEST_STEP][PASSED] - Ongkos_kirim = Double.parseDouble(rep): null

2023-10-04 20:27:04 - [TEST_STEP][PASSED] - println(Ongkos_kirim): null

2023-10-04 20:27:04 - [TEST_STEP][PASSED] - FeeAdmin = getText(findTestObject("verifikasi/Fee Admin checkout")): Text of object 'Object Repository/verifikasi/Fee Admin checkout' is: 'Fee Admin
Rp 1,500'

2023-10-04 20:27:04 - [MESSAGE][PASSED] - Text of object 'Object Repository/verifikasi/Fee Admin checkout' is: 'Fee Admin
Rp 1,500'

2023-10-04 20:27:04 - [TEST_STEP][PASSED] - Fee_Admin = FeeAdmin.substring(12, FeeAdmin.size()): null

2023-10-04 20:27:04 - [TEST_STEP][PASSED] - fee = Fee_Admin.replace(",", "."): null

2023-10-04 20:27:04 - [TEST_STEP][PASSED] - fee_admin = Double.parseDouble(fee): null

2023-10-04 20:27:04 - [TEST_STEP][PASSED] - println(fee_admin): null

2023-10-04 20:27:04 - [TEST_STEP][PASSED] - Subtotal = getText(findTestObject("verifikasi/subtotal checkout")): Text of object 'Object Repository/verifikasi/subtotal checkout' is: 'Subtotal
Rp 1,299'

2023-10-04 20:27:05 - [MESSAGE][PASSED] - Text of object 'Object Repository/verifikasi/subtotal checkout' is: 'Subtotal
Rp 1,299'

2023-10-04 20:27:05 - [TEST_STEP][PASSED] - sub_total = Subtotal.substring(12, Subtotal.size()): null

2023-10-04 20:27:05 - [TEST_STEP][PASSED] - sub = sub_total.replace(",", "."): null

2023-10-04 20:27:05 - [TEST_STEP][PASSED] - sub_total = Double.parseDouble(sub): null

2023-10-04 20:27:05 - [TEST_STEP][PASSED] - println(sub_total): null

2023-10-04 20:27:05 - [TEST_STEP][PASSED] - Total = getText(findTestObject("verifikasi/Total checkout")): Text of object 'Object Repository/verifikasi/Total checkout' is: 'Rp 7,799'

2023-10-04 20:27:05 - [MESSAGE][PASSED] - Text of object 'Object Repository/verifikasi/Total checkout' is: 'Rp 7,799'

2023-10-04 20:27:05 - [TEST_STEP][PASSED] - totall = Total.substring(3, Total.size()): null

2023-10-04 20:27:05 - [TEST_STEP][PASSED] - total = totall.replace(",", "."): null

2023-10-04 20:27:05 - [TEST_STEP][PASSED] - totall = Double.parseDouble(total): null

2023-10-04 20:27:05 - [TEST_STEP][PASSED] - println(totall): null

2023-10-04 20:27:05 - [TEST_STEP][PASSED] - Total_Harga = Ongkos_kirim + fee_admin + sub_total: null

2023-10-04 20:27:05 - [TEST_STEP][PASSED] - println(Total_Harga): null

2023-10-04 20:27:05 - [TEST_STEP][PASSED] - TotalHarga = Math.round(Total_Harga * 1000) / 1000: null

2023-10-04 20:27:05 - [TEST_STEP][PASSED] - println(TotalHarga): null

2023-10-04 20:27:05 - [TEST_STEP][PASSED] - assert totall == TotalHarga: null

2023-10-04 20:27:05 - [TEST_STEP][PASSED] - click(findTestObject("verifikasi/Metode Transfer")): Object: 'Object Repository/verifikasi/Metode Transfer' is clicked on

2023-10-04 20:27:06 - [MESSAGE][PASSED] - Object: 'Object Repository/verifikasi/Metode Transfer' is clicked on

2023-10-04 20:27:06 - [TEST_STEP][PASSED] - click(findTestObject("checkout/button_Proses Pembayaran")): Object: 'Object Repository/checkout/button_Proses Pembayaran' is clicked on

2023-10-04 20:27:12 - [MESSAGE][PASSED] - Object: 'Object Repository/checkout/button_Proses Pembayaran' is clicked on

2023-10-04 20:27:12 - [TEST_STEP][PASSED] - verifyElementPresent(findTestObject("pembayaran/Tittle nomor invoice"), 0): Object 'Object Repository/pembayaran/Tittle nomor invoice' is present

2023-10-04 20:27:12 - [MESSAGE][WARNING] - Timeout '0' is invalid. Using default page load timeout: '30'

2023-10-04 20:27:14 - [MESSAGE][PASSED] - Object 'Object Repository/pembayaran/Tittle nomor invoice' is present

2023-10-04 20:27:14 - [TEST_STEP][PASSED] - return data: null

2023-10-04 20:27:14 - [MESSAGE][PASSED] - Call Test Case 'Test Cases/T13 Pembelian, Shipment dan Pembayaran/PBL-004' successfully

2023-10-04 20:27:14 - [TEST_STEP][PASSED] - Invoice = getText(findTestObject("pembayaran/nomor invoice")): Text of object 'Object Repository/pembayaran/nomor invoice' is: 'TRX60.20231004202708'

2023-10-04 20:27:15 - [MESSAGE][PASSED] - Text of object 'Object Repository/pembayaran/nomor invoice' is: 'TRX60.20231004202708'

2023-10-04 20:27:15 - [TEST_STEP][PASSED] - data.put("invoice", Invoice): null

2023-10-04 20:27:15 - [TEST_STEP][PASSED] - NamaPemesan = getText(findTestObject("Konfirmasi pesanan shop/Nama pemesan")): Text of object 'Object Repository/Konfirmasi pesanan shop/Nama pemesan' is: 'irfan.afandi'

2023-10-04 20:27:15 - [MESSAGE][PASSED] - Text of object 'Object Repository/Konfirmasi pesanan shop/Nama pemesan' is: 'irfan.afandi'

2023-10-04 20:27:15 - [TEST_STEP][PASSED] - Nama = getText(findTestObject("pembayaran/Nama barang")): Text of object 'Object Repository/pembayaran/Nama barang' is: 'Segitiga Instan Madeira - MDB5.3 Sunset'

2023-10-04 20:27:16 - [MESSAGE][PASSED] - Text of object 'Object Repository/pembayaran/Nama barang' is: 'Segitiga Instan Madeira - MDB5.3 Sunset'

2023-10-04 20:27:16 - [TEST_STEP][PASSED] - Harga = getText(findTestObject("pembayaran/Harga barang")): Text of object 'Object Repository/pembayaran/Harga barang' is: '1,299'

2023-10-04 20:27:17 - [MESSAGE][PASSED] - Text of object 'Object Repository/pembayaran/Harga barang' is: '1,299'

2023-10-04 20:27:17 - [TEST_STEP][PASSED] - name_product = data.get("nama_barang"): null

2023-10-04 20:27:17 - [TEST_STEP][PASSED] - price_product = data.get("price_barang"): null

2023-10-04 20:27:17 - [TEST_STEP][PASSED] - assert name_product.contains(Nama): null

2023-10-04 20:27:17 - [TEST_STEP][PASSED] - assert price_product.contains(Harga): null

2023-10-04 20:27:17 - [TEST_STEP][PASSED] - warnaa = getText(findTestObject("pembayaran/warna")): Text of object 'Object Repository/pembayaran/warna' is: 'Merah'

2023-10-04 20:27:17 - [MESSAGE][PASSED] - Text of object 'Object Repository/pembayaran/warna' is: 'Merah'

2023-10-04 20:27:17 - [TEST_STEP][PASSED] - ukurann = getText(findTestObject("pembayaran/ukuran")): Text of object 'Object Repository/pembayaran/ukuran' is: 'Menengah'

2023-10-04 20:27:18 - [MESSAGE][PASSED] - Text of object 'Object Repository/pembayaran/ukuran' is: 'Menengah'

2023-10-04 20:27:18 - [TEST_STEP][PASSED] - warna1 = data.get("Warna"): null

2023-10-04 20:27:18 - [TEST_STEP][PASSED] - ukuran1 = data.get("Ukuran"): null

2023-10-04 20:27:18 - [TEST_STEP][PASSED] - assert warnaa == warna1: null

2023-10-04 20:27:18 - [TEST_STEP][PASSED] - assert ukurann == ukuran1: null

2023-10-04 20:27:18 - [TEST_STEP][PASSED] - statusPembelian = getText(findTestObject("verifikasi/Status pending di pembelian")): Text of object 'Object Repository/verifikasi/Status pending di pembelian' is: 'Pending'

2023-10-04 20:27:18 - [MESSAGE][PASSED] - Text of object 'Object Repository/verifikasi/Status pending di pembelian' is: 'Pending'

2023-10-04 20:27:18 - [TEST_STEP][PASSED] - data.put("statusPem", statusPembelian): null

2023-10-04 20:27:18 - [TEST_STEP][PASSED] - OngkosKirim = getText(findTestObject("pembayaran/ongkos kirim")): Text of object 'Object Repository/pembayaran/ongkos kirim' is: 'Rp 5,000'

2023-10-04 20:27:18 - [MESSAGE][PASSED] - Text of object 'Object Repository/pembayaran/ongkos kirim' is: 'Rp 5,000'

2023-10-04 20:27:18 - [TEST_STEP][PASSED] - Ongkos = OngkosKirim.substring(3, OngkosKirim.size()): null

2023-10-04 20:27:18 - [TEST_STEP][PASSED] - rep = Ongkos.replace(",", ""): null

2023-10-04 20:27:18 - [TEST_STEP][PASSED] - Ongkos_kirimm = Integer.parseInt(rep): null

2023-10-04 20:27:18 - [TEST_STEP][PASSED] - println(Ongkos_kirimm): null

2023-10-04 20:27:18 - [TEST_STEP][PASSED] - FeeAdmin = getText(findTestObject("pembayaran/fee admin")): Text of object 'Object Repository/pembayaran/fee admin' is: 'Rp 1,500'

2023-10-04 20:27:19 - [MESSAGE][PASSED] - Text of object 'Object Repository/pembayaran/fee admin' is: 'Rp 1,500'

2023-10-04 20:27:19 - [TEST_STEP][PASSED] - Fee_Admin = FeeAdmin.substring(3, FeeAdmin.size()): null

2023-10-04 20:27:19 - [TEST_STEP][PASSED] - fee = Fee_Admin.replace(",", ""): null

2023-10-04 20:27:19 - [TEST_STEP][PASSED] - fee_adminn = Integer.parseInt(fee): null

2023-10-04 20:27:19 - [TEST_STEP][PASSED] - println(fee_adminn): null

2023-10-04 20:27:19 - [TEST_STEP][PASSED] - Subtotal = getText(findTestObject("pembayaran/subtotal")): Text of object 'Object Repository/pembayaran/subtotal' is: 'Rp 1,299'

2023-10-04 20:27:19 - [MESSAGE][PASSED] - Text of object 'Object Repository/pembayaran/subtotal' is: 'Rp 1,299'

2023-10-04 20:27:19 - [TEST_STEP][PASSED] - sub_total = Subtotal.substring(3, Subtotal.size()): null

2023-10-04 20:27:19 - [TEST_STEP][PASSED] - sub = sub_total.replace(",", ""): null

2023-10-04 20:27:19 - [TEST_STEP][PASSED] - sub_totall = Integer.parseInt(sub): null

2023-10-04 20:27:19 - [TEST_STEP][PASSED] - println(sub_totall): null

2023-10-04 20:27:19 - [TEST_STEP][PASSED] - unik = getText(findTestObject("pembayaran/kode unik")): Text of object 'Object Repository/pembayaran/kode unik' is: '+708'

2023-10-04 20:27:20 - [MESSAGE][PASSED] - Text of object 'Object Repository/pembayaran/kode unik' is: '+708'

2023-10-04 20:27:20 - [TEST_STEP][PASSED] - unikk = unik.replace("+", ""): null

2023-10-04 20:27:20 - [TEST_STEP][PASSED] - kode_unik = Integer.parseInt(unikk): null

2023-10-04 20:27:20 - [TEST_STEP][PASSED] - println(kode_unik): null

2023-10-04 20:27:20 - [TEST_STEP][PASSED] - Total = getText(findTestObject("pembayaran/total")): Text of object 'Object Repository/pembayaran/total' is: '8,507'

2023-10-04 20:27:20 - [MESSAGE][PASSED] - Text of object 'Object Repository/pembayaran/total' is: '8,507'

2023-10-04 20:27:20 - [TEST_STEP][PASSED] - total = Total.replace(",", ""): null

2023-10-04 20:27:20 - [TEST_STEP][PASSED] - totalll = Integer.parseInt(total): null

2023-10-04 20:27:20 - [TEST_STEP][PASSED] - println(totalll): null

2023-10-04 20:27:20 - [TEST_STEP][PASSED] - Total_Hargaa = Ongkos_kirimm + fee_adminn + sub_totall + kode_unik: null

2023-10-04 20:27:20 - [TEST_STEP][PASSED] - println(Total_Hargaa): null

2023-10-04 20:27:20 - [TEST_STEP][PASSED] - assert totalll == Total_Hargaa: null

2023-10-04 20:27:20 - [TEST_STEP][PASSED] - data.put("total", Total): null

2023-10-04 20:27:20 - [TEST_STEP][PASSED] - data.put("nama", NamaPemesan): null

2023-10-04 20:27:20 - [TEST_STEP][PASSED] - return data: null

2023-10-04 20:27:20 - [MESSAGE][PASSED] - Call Test Case 'Test Cases/T13 Pembelian, Shipment dan Pembayaran/PBY-001' successfully

2023-10-04 20:27:20 - [TEST_STEP][PASSED] - inv = data.get("invoice"): null

2023-10-04 20:27:20 - [TEST_STEP][PASSED] - Total = data.get("total"): null

2023-10-04 20:27:20 - [TEST_STEP][PASSED] - NamaPemesan = data.get("nama"): null

2023-10-04 20:27:20 - [TEST_STEP][PASSED] - click(findTestObject("Konfirmasi pesanan shop/Menu Shop")): Object: 'Object Repository/Konfirmasi pesanan shop/Menu Shop' is clicked on

2023-10-04 20:27:22 - [MESSAGE][PASSED] - Object: 'Object Repository/Konfirmasi pesanan shop/Menu Shop' is clicked on

2023-10-04 20:27:22 - [TEST_STEP][PASSED] - click(findTestObject("Konfirmasi pesanan shop/Menu Shop")): Object: 'Object Repository/Konfirmasi pesanan shop/Menu Shop' is clicked on

2023-10-04 20:27:23 - [MESSAGE][PASSED] - Object: 'Object Repository/Konfirmasi pesanan shop/Menu Shop' is clicked on

2023-10-04 20:27:23 - [TEST_STEP][PASSED] - click(findTestObject("Konfirmasi pesanan shop/Konfirmasi Orders")): Object: 'Object Repository/Konfirmasi pesanan shop/Konfirmasi Orders' is clicked on

2023-10-04 20:27:23 - [MESSAGE][PASSED] - Object: 'Object Repository/Konfirmasi pesanan shop/Konfirmasi Orders' is clicked on

2023-10-04 20:27:23 - [TEST_STEP][PASSED] - verifyElementPresent(findTestObject("Konfirmasi pesanan shop/Tittle Konfirmasi Pesanan"), 0): Object 'Object Repository/Konfirmasi pesanan shop/Tittle Konfirmasi Pesanan' is present

2023-10-04 20:27:24 - [MESSAGE][WARNING] - Timeout '0' is invalid. Using default page load timeout: '30'

2023-10-04 20:27:24 - [MESSAGE][PASSED] - Object 'Object Repository/Konfirmasi pesanan shop/Tittle Konfirmasi Pesanan' is present

2023-10-04 20:27:24 - [TEST_STEP][PASSED] - setText(findTestObject("Konfirmasi pesanan shop/input_No Pesanan"), inv): Text 'TRX60.20231004202708' is set on object 'Object Repository/Konfirmasi pesanan shop/input_No Pesanan'

2023-10-04 20:27:25 - [MESSAGE][PASSED] - Text 'TRX60.20231004202708' is set on object 'Object Repository/Konfirmasi pesanan shop/input_No Pesanan'

2023-10-04 20:27:25 - [TEST_STEP][PASSED] - setText(findTestObject("Konfirmasi pesanan shop/input_Alamat E-mai"), "irfan@gmail.com"): Text 'irfan@gmail.com' is set on object 'Object Repository/Konfirmasi pesanan shop/input_Alamat E-mai'

2023-10-04 20:27:25 - [MESSAGE][PASSED] - Text 'irfan@gmail.com' is set on object 'Object Repository/Konfirmasi pesanan shop/input_Alamat E-mai'

2023-10-04 20:27:25 - [TEST_STEP][PASSED] - click(findTestObject("Konfirmasi pesanan shop/button_Submit")): Object: 'Object Repository/Konfirmasi pesanan shop/button_Submit' is clicked on

2023-10-04 20:27:26 - [MESSAGE][PASSED] - Object: 'Object Repository/Konfirmasi pesanan shop/button_Submit' is clicked on

2023-10-04 20:27:26 - [TEST_STEP][PASSED] - verifyElementPresent(findTestObject("Konfirmasi pesanan shop/Tittle nomor invoice"), 0): Object 'Object Repository/Konfirmasi pesanan shop/Tittle nomor invoice' is present

2023-10-04 20:27:27 - [MESSAGE][WARNING] - Timeout '0' is invalid. Using default page load timeout: '30'

2023-10-04 20:27:27 - [MESSAGE][PASSED] - Object 'Object Repository/Konfirmasi pesanan shop/Tittle nomor invoice' is present

2023-10-04 20:27:27 - [TEST_STEP][PASSED] - setText(findTestObject("Konfirmasi pesanan shop/input_Total TagihanTransfer_b"), Total): Text '8,507' is set on object 'Object Repository/Konfirmasi pesanan shop/input_Total TagihanTransfer_b'

2023-10-04 20:27:28 - [MESSAGE][PASSED] - Text '8,507' is set on object 'Object Repository/Konfirmasi pesanan shop/input_Total TagihanTransfer_b'

2023-10-04 20:27:28 - [TEST_STEP][PASSED] - selectOptionByValue(findTestObject("Konfirmasi pesanan shop/select_Bank"), "4", false): All options with value '4' are selected in object 'Object Repository/Konfirmasi pesanan shop/select_Bank' 

2023-10-04 20:27:29 - [MESSAGE][PASSED] - All options with value '4' are selected in object 'Object Repository/Konfirmasi pesanan shop/select_Bank' 

2023-10-04 20:27:29 - [TEST_STEP][PASSED] - setText(findTestObject("Konfirmasi pesanan shop/input_Nama Pengirim_d"), NamaPemesan): Text 'irfan.afandi' is set on object 'Object Repository/Konfirmasi pesanan shop/input_Nama Pengirim_d'

2023-10-04 20:27:29 - [MESSAGE][PASSED] - Text 'irfan.afandi' is set on object 'Object Repository/Konfirmasi pesanan shop/input_Nama Pengirim_d'

2023-10-04 20:27:29 - [TEST_STEP][PASSED] - uploadFile(findTestObject("keranjang/konfirmasi/input_Upload Bukti Transfer_f"), "C:\Users\IRFAN\Downloads\Berkas2.pdf"): File 'C:\Users\IRFAN\Downloads\Berkas2.pdf' sent to object: 'Object Repository/keranjang/konfirmasi/input_Upload Bukti Transfer_f'

2023-10-04 20:27:30 - [MESSAGE][PASSED] - File 'C:\Users\IRFAN\Downloads\Berkas2.pdf' sent to object: 'Object Repository/keranjang/konfirmasi/input_Upload Bukti Transfer_f'

2023-10-04 20:27:30 - [TEST_STEP][PASSED] - click(findTestObject("Konfirmasi pesanan shop/button_Konfirmasi Pembayaran")): Object: 'Object Repository/Konfirmasi pesanan shop/button_Konfirmasi Pembayaran' is clicked on

2023-10-04 20:27:31 - [MESSAGE][PASSED] - Object: 'Object Repository/Konfirmasi pesanan shop/button_Konfirmasi Pembayaran' is clicked on

2023-10-04 20:27:31 - [TEST_STEP][PASSED] - verifyElementPresent(findTestObject("Konfirmasi pesanan shop/Tittle Konfirmasi Pesanan"), 0): Object 'Object Repository/Konfirmasi pesanan shop/Tittle Konfirmasi Pesanan' is present

2023-10-04 20:27:31 - [MESSAGE][WARNING] - Timeout '0' is invalid. Using default page load timeout: '30'

2023-10-04 20:27:31 - [MESSAGE][PASSED] - Object 'Object Repository/Konfirmasi pesanan shop/Tittle Konfirmasi Pesanan' is present

2023-10-04 20:27:31 - [TEST_STEP][PASSED] - verifyElementPresent(findTestObject("Konfirmasi pesanan shop/Tittle massage succes Konfirmasi Pembayaran Pesanan"), 0): Object 'Object Repository/Konfirmasi pesanan shop/Tittle massage succes Konfirmasi Pembayaran Pesanan' is present

2023-10-04 20:27:31 - [MESSAGE][WARNING] - Timeout '0' is invalid. Using default page load timeout: '30'

2023-10-04 20:27:32 - [MESSAGE][PASSED] - Object 'Object Repository/Konfirmasi pesanan shop/Tittle massage succes Konfirmasi Pembayaran Pesanan' is present

2023-10-04 20:27:32 - [TEST_STEP][PASSED] - return data: null

2023-10-04 20:27:32 - [MESSAGE][PASSED] - Call Test Case 'Test Cases/T13 Pembelian, Shipment dan Pembayaran/PBY-004' successfully

2023-10-04 20:27:32 - [TEST_STEP][PASSED] - navigateToUrl("https://10.9.2.63/ecommerce/administrator/"): Navigate to 'https://10.9.2.63/ecommerce/administrator/' successfully

2023-10-04 20:27:32 - [MESSAGE][PASSED] - Navigate to 'https://10.9.2.63/ecommerce/administrator/' successfully

2023-10-04 20:27:32 - [TEST_STEP][PASSED] - verifyElementPresent(findTestObject("admin/Tittle ADMIN Login"), 0): Object 'Object Repository/admin/Tittle ADMIN Login' is present

2023-10-04 20:27:32 - [MESSAGE][WARNING] - Timeout '0' is invalid. Using default page load timeout: '30'

2023-10-04 20:27:33 - [MESSAGE][PASSED] - Object 'Object Repository/admin/Tittle ADMIN Login' is present

2023-10-04 20:27:33 - [TEST_STEP][PASSED] - setText(findTestObject("admin/Username"), "admin"): Text 'admin' is set on object 'Object Repository/admin/Username'

2023-10-04 20:27:33 - [MESSAGE][PASSED] - Text 'admin' is set on object 'Object Repository/admin/Username'

2023-10-04 20:27:33 - [TEST_STEP][PASSED] - setText(findTestObject("admin/Password"), "123admin123"): Text '123admin123' is set on object 'Object Repository/admin/Password'

2023-10-04 20:27:34 - [MESSAGE][PASSED] - Text '123admin123' is set on object 'Object Repository/admin/Password'

2023-10-04 20:27:34 - [TEST_STEP][PASSED] - click(findTestObject("admin/Remember Me")): Object: 'Object Repository/admin/Remember Me' is clicked on

2023-10-04 20:27:35 - [MESSAGE][PASSED] - Object: 'Object Repository/admin/Remember Me' is clicked on

2023-10-04 20:27:35 - [TEST_STEP][PASSED] - delay(10): Delayed 10 second(s)

2023-10-04 20:27:45 - [MESSAGE][PASSED] - Delayed 10 second(s)

2023-10-04 20:27:45 - [TEST_STEP][PASSED] - click(findTestObject("admin/buttom submit")): Object: 'Object Repository/admin/buttom submit' is clicked on

2023-10-04 20:27:47 - [MESSAGE][PASSED] - Object: 'Object Repository/admin/buttom submit' is clicked on

2023-10-04 20:27:47 - [TEST_STEP][PASSED] - verifyElementPresent(findTestObject("admin/Konf order konsumen/Tittle Dashboard"), 0): Object 'Object Repository/admin/Konf order konsumen/Tittle Dashboard' is present

2023-10-04 20:27:47 - [MESSAGE][WARNING] - Timeout '0' is invalid. Using default page load timeout: '30'

2023-10-04 20:27:53 - [MESSAGE][PASSED] - Object 'Object Repository/admin/Konf order konsumen/Tittle Dashboard' is present

2023-10-04 20:27:53 - [TEST_STEP][PASSED] - click(findTestObject("admin/Konf order konsumen/Menu Transaksi Market")): Object: 'Object Repository/admin/Konf order konsumen/Menu Transaksi Market' is clicked on

2023-10-04 20:27:54 - [MESSAGE][PASSED] - Object: 'Object Repository/admin/Konf order konsumen/Menu Transaksi Market' is clicked on

2023-10-04 20:27:54 - [TEST_STEP][PASSED] - click(findTestObject("admin/Konf order konsumen/Menu Konf. Order Konsumen")): Object: 'Object Repository/admin/Konf order konsumen/Menu Konf. Order Konsumen' is clicked on

2023-10-04 20:27:56 - [MESSAGE][PASSED] - Object: 'Object Repository/admin/Konf order konsumen/Menu Konf. Order Konsumen' is clicked on

2023-10-04 20:27:56 - [TEST_STEP][PASSED] - verifyElementPresent(findTestObject("admin/Konf order konsumen/Tittle Data Konfirmasi Pembayaran Konsumen"), 0): Object 'Object Repository/admin/Konf order konsumen/Tittle Data Konfirmasi Pembayaran Konsumen' is present

2023-10-04 20:27:56 - [MESSAGE][WARNING] - Timeout '0' is invalid. Using default page load timeout: '30'

2023-10-04 20:28:03 - [MESSAGE][PASSED] - Object 'Object Repository/admin/Konf order konsumen/Tittle Data Konfirmasi Pembayaran Konsumen' is present

2023-10-04 20:28:03 - [TEST_STEP][PASSED] - inv = data.get("invoice"): null

2023-10-04 20:28:03 - [TEST_STEP][PASSED] - setText(findTestObject("admin/Konf order konsumen/Search"), inv): Text 'TRX60.20231004202708' is set on object 'Object Repository/admin/Konf order konsumen/Search'

2023-10-04 20:28:04 - [MESSAGE][PASSED] - Text 'TRX60.20231004202708' is set on object 'Object Repository/admin/Konf order konsumen/Search'

2023-10-04 20:28:04 - [TEST_STEP][PASSED] - verifyElementText(findTestObject("admin/Konf order konsumen/Keterangan Lunas"), "Lunas"): Actual text and expected text of test object 'Object Repository/admin/Konf order konsumen/Keterangan Lunas' are matched.

2023-10-04 20:28:05 - [MESSAGE][PASSED] - Actual text and expected text of test object 'Object Repository/admin/Konf order konsumen/Keterangan Lunas' are matched.

2023-10-04 20:28:05 - [TEST_STEP][PASSED] - return data: null

2023-10-04 20:28:05 - [MESSAGE][PASSED] - Call Test Case 'Test Cases/T13 Pembelian, Shipment dan Pembayaran/PBYA-001' successfully

2023-10-04 20:28:05 - [TEST_STEP][PASSED] - click(findTestObject("admin/Penjualan ke konsumen/buttom Dashboard")): Object: 'Object Repository/admin/Penjualan ke konsumen/buttom Dashboard' is clicked on

2023-10-04 20:28:06 - [MESSAGE][PASSED] - Object: 'Object Repository/admin/Penjualan ke konsumen/buttom Dashboard' is clicked on

2023-10-04 20:28:06 - [TEST_STEP][PASSED] - click(findTestObject("admin/Konf order konsumen/Menu Transaksi Market")): Object: 'Object Repository/admin/Konf order konsumen/Menu Transaksi Market' is clicked on

2023-10-04 20:28:11 - [MESSAGE][PASSED] - Object: 'Object Repository/admin/Konf order konsumen/Menu Transaksi Market' is clicked on

2023-10-04 20:28:11 - [TEST_STEP][PASSED] - click(findTestObject("admin/Penjualan ke konsumen/a_Penjualan ke Konsumen")): Object: 'Object Repository/admin/Penjualan ke konsumen/a_Penjualan ke Konsumen' is clicked on

2023-10-04 20:28:13 - [MESSAGE][PASSED] - Object: 'Object Repository/admin/Penjualan ke konsumen/a_Penjualan ke Konsumen' is clicked on

2023-10-04 20:28:13 - [TEST_STEP][PASSED] - verifyElementPresent(findTestObject("admin/Tittle Data Transaksi Penjualan  Orderan Konsumen"), 0): Object 'Object Repository/admin/Tittle Data Transaksi Penjualan  Orderan Konsumen' is present

2023-10-04 20:28:14 - [MESSAGE][WARNING] - Timeout '0' is invalid. Using default page load timeout: '30'

2023-10-04 20:28:20 - [MESSAGE][PASSED] - Object 'Object Repository/admin/Tittle Data Transaksi Penjualan  Orderan Konsumen' is present

2023-10-04 20:28:20 - [TEST_STEP][PASSED] - return data: null

2023-10-04 20:28:20 - [MESSAGE][PASSED] - Call Test Case 'Test Cases/T13 Pembelian, Shipment dan Pembayaran/SA-001' successfully

2023-10-04 20:28:20 - [TEST_STEP][PASSED] - inv = data.get("invoice"): null

2023-10-04 20:28:20 - [TEST_STEP][PASSED] - setText(findTestObject("admin/Penjualan ke konsumen/Search"), inv): Text 'TRX60.20231004202708' is set on object 'Object Repository/admin/Penjualan ke konsumen/Search'

2023-10-04 20:28:21 - [MESSAGE][PASSED] - Text 'TRX60.20231004202708' is set on object 'Object Repository/admin/Penjualan ke konsumen/Search'

2023-10-04 20:28:21 - [TEST_STEP][PASSED] - click(findTestObject("admin/Penjualan ke konsumen/buttom konfirmasi pending payment")): Object: 'Object Repository/admin/Penjualan ke konsumen/buttom konfirmasi pending payment' is clicked on

2023-10-04 20:28:22 - [MESSAGE][PASSED] - Object: 'Object Repository/admin/Penjualan ke konsumen/buttom konfirmasi pending payment' is clicked on

2023-10-04 20:28:22 - [TEST_STEP][PASSED] - acceptAlert(STOP_ON_FAILURE): Alert accepted

2023-10-04 20:28:22 - [MESSAGE][PASSED] - Alert accepted

2023-10-04 20:28:22 - [TEST_STEP][PASSED] - setText(findTestObject("admin/Penjualan ke konsumen/Search"), inv): Text 'TRX60.20231004202708' is set on object 'Object Repository/admin/Penjualan ke konsumen/Search'

2023-10-04 20:28:23 - [MESSAGE][PASSED] - Text 'TRX60.20231004202708' is set on object 'Object Repository/admin/Penjualan ke konsumen/Search'

2023-10-04 20:28:23 - [TEST_STEP][PASSED] - verifyTextNotPresent("pending payment", false): Text 'pending payment' is not present on page

2023-10-04 20:28:24 - [MESSAGE][PASSED] - Text 'pending payment' is not present on page

2023-10-04 20:28:24 - [TEST_STEP][PASSED] - return data: null

2023-10-04 20:28:24 - [MESSAGE][PASSED] - Call Test Case 'Test Cases/T13 Pembelian, Shipment dan Pembayaran/SA-002' successfully

2023-10-04 20:28:24 - [TEST_STEP][PASSED] - click(findTestObject("admin/Penjualan ke konsumen/buttom scroldown")): Object: 'Object Repository/admin/Penjualan ke konsumen/buttom scroldown' is clicked on

2023-10-04 20:28:24 - [MESSAGE][PASSED] - Object: 'Object Repository/admin/Penjualan ke konsumen/buttom scroldown' is clicked on

2023-10-04 20:28:24 - [TEST_STEP][PASSED] - click(findTestObject("admin/Penjualan ke konsumen/Selesai")): Object: 'Object Repository/admin/Penjualan ke konsumen/Selesai' is clicked on

2023-10-04 20:28:25 - [MESSAGE][PASSED] - Object: 'Object Repository/admin/Penjualan ke konsumen/Selesai' is clicked on

2023-10-04 20:28:25 - [TEST_STEP][PASSED] - acceptAlert(): Alert accepted

2023-10-04 20:28:25 - [MESSAGE][PASSED] - Alert accepted

2023-10-04 20:28:25 - [TEST_STEP][PASSED] - inv = data.get("invoice"): null

2023-10-04 20:28:25 - [TEST_STEP][PASSED] - setText(findTestObject("admin/Penjualan ke konsumen/Search"), inv): Text 'TRX60.20231004202708' is set on object 'Object Repository/admin/Penjualan ke konsumen/Search'

2023-10-04 20:28:26 - [MESSAGE][PASSED] - Text 'TRX60.20231004202708' is set on object 'Object Repository/admin/Penjualan ke konsumen/Search'

2023-10-04 20:28:26 - [TEST_STEP][PASSED] - delay(10): Delayed 10 second(s)

2023-10-04 20:28:36 - [MESSAGE][PASSED] - Delayed 10 second(s)

2023-10-04 20:28:36 - [TEST_STEP][PASSED] - verifyTextPresent("Selesai", false): Text 'Selesai' is present on page 

2023-10-04 20:28:37 - [MESSAGE][PASSED] - Text 'Selesai' is present on page 

2023-10-04 20:28:37 - [TEST_STEP][PASSED] - selesaiAdmin = getText(findTestObject("admin/Selesai")): Text of object 'Object Repository/admin/Selesai' is: 'Selesai'

2023-10-04 20:28:38 - [MESSAGE][PASSED] - Text of object 'Object Repository/admin/Selesai' is: 'Selesai'

2023-10-04 20:28:38 - [TEST_STEP][PASSED] - data.put("statusSelesai", selesaiAdmin): null

2023-10-04 20:28:38 - [TEST_STEP][PASSED] - return data: null]]></system-out>
         <system-err><![CDATA[]]></system-err>
      </testcase>
      <testcase name="Test Cases/T13 Pembelian, Shipment dan Pembayaran/SA-006" time="127.514" classname="Test Cases/T13 Pembelian, Shipment dan Pembayaran/SA-006" status="PASSED">
         <system-out><![CDATA[2023-10-04 20:28:38 - [TEST_CASE][PASSED] - Test Cases/T13 Pembelian, Shipment dan Pembayaran/SA-006: Test Cases/T13 Pembelian, Shipment dan Pembayaran/SA-006

2023-10-04 20:28:39 - [TEST_STEP][PASSED] - data = callTestCase(findTestCase("T13 Pembelian, Shipment dan Pembayaran/SA-002"), [:], STOP_ON_FAILURE): Call Test Case 'Test Cases/T13 Pembelian, Shipment dan Pembayaran/SA-002' successfully

2023-10-04 20:28:39 - [TEST_CASE][PASSED] - Test Cases/T13 Pembelian, Shipment dan Pembayaran/SA-002: Test Cases/T13 Pembelian, Shipment dan Pembayaran/SA-002

2023-10-04 20:28:39 - [TEST_STEP][PASSED] - data = callTestCase(findTestCase("T13 Pembelian, Shipment dan Pembayaran/SA-001"), [:], STOP_ON_FAILURE): Call Test Case 'Test Cases/T13 Pembelian, Shipment dan Pembayaran/SA-001' successfully

2023-10-04 20:28:39 - [TEST_CASE][PASSED] - Test Cases/T13 Pembelian, Shipment dan Pembayaran/SA-001: Test Cases/T13 Pembelian, Shipment dan Pembayaran/SA-001

2023-10-04 20:28:39 - [TEST_STEP][PASSED] - data = callTestCase(findTestCase("T13 Pembelian, Shipment dan Pembayaran/PBYA-001"), [:], STOP_ON_FAILURE): Call Test Case 'Test Cases/T13 Pembelian, Shipment dan Pembayaran/PBYA-001' successfully

2023-10-04 20:28:39 - [TEST_CASE][PASSED] - Test Cases/T13 Pembelian, Shipment dan Pembayaran/PBYA-001: Test Cases/T13 Pembelian, Shipment dan Pembayaran/PBYA-001

2023-10-04 20:28:39 - [TEST_STEP][PASSED] - data = callTestCase(findTestCase("T13 Pembelian, Shipment dan Pembayaran/PBY-004"), [:], STOP_ON_FAILURE): Call Test Case 'Test Cases/T13 Pembelian, Shipment dan Pembayaran/PBY-004' successfully

2023-10-04 20:28:39 - [TEST_CASE][PASSED] - Test Cases/T13 Pembelian, Shipment dan Pembayaran/PBY-004: Test Cases/T13 Pembelian, Shipment dan Pembayaran/PBY-004

2023-10-04 20:28:39 - [TEST_STEP][PASSED] - data = callTestCase(findTestCase("T13 Pembelian, Shipment dan Pembayaran/PBY-001"), [:], STOP_ON_FAILURE): Call Test Case 'Test Cases/T13 Pembelian, Shipment dan Pembayaran/PBY-001' successfully

2023-10-04 20:28:39 - [TEST_CASE][PASSED] - Test Cases/T13 Pembelian, Shipment dan Pembayaran/PBY-001: Test Cases/T13 Pembelian, Shipment dan Pembayaran/PBY-001

2023-10-04 20:28:39 - [TEST_STEP][PASSED] - data = callTestCase(findTestCase("T13 Pembelian, Shipment dan Pembayaran/PBL-004"), ["Kurir":"Roda 2"], STOP_ON_FAILURE): Call Test Case 'Test Cases/T13 Pembelian, Shipment dan Pembayaran/PBL-004' successfully

2023-10-04 20:28:39 - [TEST_CASE][PASSED] - Test Cases/T13 Pembelian, Shipment dan Pembayaran/PBL-004: Test Cases/T13 Pembelian, Shipment dan Pembayaran/PBL-004

2023-10-04 20:28:39 - [TEST_STEP][PASSED] - data = callTestCase(findTestCase("T13 Pembelian, Shipment dan Pembayaran/PBL-002"), [:], STOP_ON_FAILURE): Call Test Case 'Test Cases/T13 Pembelian, Shipment dan Pembayaran/PBL-002' successfully

2023-10-04 20:28:39 - [TEST_CASE][PASSED] - Test Cases/T13 Pembelian, Shipment dan Pembayaran/PBL-002: Test Cases/T13 Pembelian, Shipment dan Pembayaran/PBL-002

2023-10-04 20:28:39 - [TEST_STEP][PASSED] - data = callTestCase(findTestCase("T13 Pembelian, Shipment dan Pembayaran/PBL-001"), [:], STOP_ON_FAILURE): Call Test Case 'Test Cases/T13 Pembelian, Shipment dan Pembayaran/PBL-001' successfully

2023-10-04 20:28:39 - [TEST_CASE][PASSED] - Test Cases/T13 Pembelian, Shipment dan Pembayaran/PBL-001: Test Cases/T13 Pembelian, Shipment dan Pembayaran/PBL-001

2023-10-04 20:28:39 - [TEST_STEP][PASSED] - callTestCase(findTestCase("T13 Pembelian, Shipment dan Pembayaran/LU-001"), ["username":"irfanafandi", "password":"12345irfan"], STOP_ON_FAILURE): Call Test Case 'Test Cases/T13 Pembelian, Shipment dan Pembayaran/LU-001' successfully

2023-10-04 20:28:40 - [TEST_CASE][PASSED] - Test Cases/T13 Pembelian, Shipment dan Pembayaran/LU-001: Test Cases/T13 Pembelian, Shipment dan Pembayaran/LU-001

2023-10-04 20:28:40 - [TEST_STEP][PASSED] - openBrowser("https://10.9.2.63/ecommerce/"): Browser is opened with url: 'https://10.9.2.63/ecommerce/'

2023-10-04 20:28:40 - [MESSAGE][WARNING] - A browser is already opened. Closing browser and opening a new one

2023-10-04 20:28:42 - [MESSAGE][INFO] - Starting 'Firefox' driver

2023-10-04 20:28:42 - [MESSAGE][INFO] - User set preference: ['args', '[--disable-notifications]']

2023-10-04 20:28:42 - [MESSAGE][INFO] - Action delay is set to 0 milliseconds

2023-10-04 20:28:47 - [MESSAGE][PASSED] - Browser is opened with url: 'https://10.9.2.63/ecommerce/'

2023-10-04 20:28:47 - [TEST_STEP][PASSED] - maximizeWindow(): Current window maximized

2023-10-04 20:28:47 - [MESSAGE][PASSED] - Current window maximized

2023-10-04 20:28:47 - [TEST_STEP][PASSED] - verifyElementPresent(findTestObject("Login/Home"), 0): Object 'Object Repository/Login/Home' is present

2023-10-04 20:28:47 - [MESSAGE][WARNING] - Timeout '0' is invalid. Using default page load timeout: '30'

2023-10-04 20:28:48 - [MESSAGE][PASSED] - Object 'Object Repository/Login/Home' is present

2023-10-04 20:28:48 - [TEST_STEP][PASSED] - click(findTestObject("Login/a_Login")): Object: 'Object Repository/Login/a_Login' is clicked on

2023-10-04 20:28:48 - [MESSAGE][PASSED] - Object: 'Object Repository/Login/a_Login' is clicked on

2023-10-04 20:28:48 - [TEST_STEP][PASSED] - verifyElementPresent(findTestObject("Login/Tittle Login"), 0): Object 'Object Repository/Login/Tittle Login' is present

2023-10-04 20:28:49 - [MESSAGE][WARNING] - Timeout '0' is invalid. Using default page load timeout: '30'

2023-10-04 20:28:49 - [MESSAGE][PASSED] - Object 'Object Repository/Login/Tittle Login' is present

2023-10-04 20:28:49 - [TEST_STEP][PASSED] - setText(findTestObject("Login/input_Username, Email atau No. Handphone_a"), username): Text 'irfanafandi' is set on object 'Object Repository/Login/input_Username, Email atau No. Handphone_a'

2023-10-04 20:28:50 - [MESSAGE][PASSED] - Text 'irfanafandi' is set on object 'Object Repository/Login/input_Username, Email atau No. Handphone_a'

2023-10-04 20:28:50 - [TEST_STEP][PASSED] - setText(findTestObject("Login/input_Password_b"), password): Text '12345irfan' is set on object 'Object Repository/Login/input_Password_b'

2023-10-04 20:28:50 - [MESSAGE][PASSED] - Text '12345irfan' is set on object 'Object Repository/Login/input_Password_b'

2023-10-04 20:28:50 - [TEST_STEP][PASSED] - click(findTestObject("Login/label_Ingat saya")): Object: 'Object Repository/Login/label_Ingat saya' is clicked on

2023-10-04 20:28:51 - [MESSAGE][PASSED] - Object: 'Object Repository/Login/label_Ingat saya' is clicked on

2023-10-04 20:28:51 - [TEST_STEP][PASSED] - click(findTestObject("Login/button_Masuk")): Object: 'Object Repository/Login/button_Masuk' is clicked on

2023-10-04 20:28:52 - [MESSAGE][PASSED] - Object: 'Object Repository/Login/button_Masuk' is clicked on

2023-10-04 20:28:52 - [TEST_STEP][PASSED] - verifyElementPresent(findTestObject("Login/li_Profile"), 0): Object 'Object Repository/Login/li_Profile' is present

2023-10-04 20:28:52 - [MESSAGE][WARNING] - Timeout '0' is invalid. Using default page load timeout: '30'

2023-10-04 20:28:53 - [MESSAGE][PASSED] - Object 'Object Repository/Login/li_Profile' is present

2023-10-04 20:28:53 - [MESSAGE][PASSED] - Call Test Case 'Test Cases/T13 Pembelian, Shipment dan Pembayaran/LU-001' successfully

2023-10-04 20:28:53 - [TEST_STEP][PASSED] - mouseOver(findTestObject("beli barang/i_Mulai Belanja_icon-menu")): Object: 'Object Repository/beli barang/i_Mulai Belanja_icon-menu' is hovered

2023-10-04 20:28:53 - [MESSAGE][PASSED] - Object: 'Object Repository/beli barang/i_Mulai Belanja_icon-menu' is hovered

2023-10-04 20:28:53 - [TEST_STEP][PASSED] - click(findTestObject("beli barang/a_Fashion  Busana Wanita")): Object: 'Object Repository/beli barang/a_Fashion  Busana Wanita' is clicked on

2023-10-04 20:28:54 - [MESSAGE][PASSED] - Object: 'Object Repository/beli barang/a_Fashion  Busana Wanita' is clicked on

2023-10-04 20:28:54 - [TEST_STEP][PASSED] - NamaSebelum = getText(findTestObject("verifikasi/Nama sebelum")): Text of object 'Object Repository/verifikasi/Nama sebelum' is: ''

2023-10-04 20:28:55 - [MESSAGE][PASSED] - Text of object 'Object Repository/verifikasi/Nama sebelum' is: ''

2023-10-04 20:28:55 - [TEST_STEP][PASSED] - HargaSebelum = getText(findTestObject("verifikasi/Harga sebelum")): Text of object 'Object Repository/verifikasi/Harga sebelum' is: 'Rp 1,299'

2023-10-04 20:28:55 - [MESSAGE][PASSED] - Text of object 'Object Repository/verifikasi/Harga sebelum' is: 'Rp 1,299'

2023-10-04 20:28:55 - [TEST_STEP][PASSED] - mouseOver(findTestObject("beli barang/barang mouse over")): Object: 'Object Repository/beli barang/barang mouse over' is hovered

2023-10-04 20:28:56 - [MESSAGE][PASSED] - Object: 'Object Repository/beli barang/barang mouse over' is hovered

2023-10-04 20:28:56 - [TEST_STEP][PASSED] - click(findTestObject("beli barang/buttom add to cart")): Object: 'Object Repository/beli barang/buttom add to cart' is clicked on

2023-10-04 20:28:57 - [MESSAGE][PASSED] - Object: 'Object Repository/beli barang/buttom add to cart' is clicked on

2023-10-04 20:28:57 - [TEST_STEP][PASSED] - NamaSesudah = getText(findTestObject("verifikasi/Nama sesudah")): Text of object 'Object Repository/verifikasi/Nama sesudah' is: 'Segitiga Instan Madeira - MDB5.3 Sunset'

2023-10-04 20:28:58 - [MESSAGE][PASSED] - Text of object 'Object Repository/verifikasi/Nama sesudah' is: 'Segitiga Instan Madeira - MDB5.3 Sunset'

2023-10-04 20:28:58 - [TEST_STEP][PASSED] - HargaSesudah = getText(findTestObject("verifikasi/Harga sesudah")): Text of object 'Object Repository/verifikasi/Harga sesudah' is: 'Rp 1,299'

2023-10-04 20:28:58 - [MESSAGE][PASSED] - Text of object 'Object Repository/verifikasi/Harga sesudah' is: 'Rp 1,299'

2023-10-04 20:28:58 - [TEST_STEP][PASSED] - assert NamaSesudah.contains(NamaSebelum): null

2023-10-04 20:28:58 - [TEST_STEP][PASSED] - assert HargaSesudah.contains(HargaSebelum): null

2023-10-04 20:28:58 - [TEST_STEP][PASSED] - click(findTestObject("beli barang/Tambah Keranjang busana wanita")): Object: 'Object Repository/beli barang/Tambah Keranjang busana wanita' is clicked on

2023-10-04 20:28:59 - [MESSAGE][PASSED] - Object: 'Object Repository/beli barang/Tambah Keranjang busana wanita' is clicked on

2023-10-04 20:28:59 - [TEST_STEP][PASSED] - verifyElementPresent(findTestObject("checkout/Notifikasi keranjang"), 1): Object 'Object Repository/checkout/Notifikasi keranjang' is present

2023-10-04 20:29:00 - [MESSAGE][PASSED] - Object 'Object Repository/checkout/Notifikasi keranjang' is present

2023-10-04 20:29:00 - [TEST_STEP][PASSED] - data = new java.util.HashMap(): null

2023-10-04 20:29:00 - [TEST_STEP][PASSED] - data.put("nama_barang", NamaSesudah): null

2023-10-04 20:29:00 - [TEST_STEP][PASSED] - data.put("price_barang", HargaSesudah): null

2023-10-04 20:29:00 - [TEST_STEP][PASSED] - return data: null

2023-10-04 20:29:00 - [MESSAGE][PASSED] - Call Test Case 'Test Cases/T13 Pembelian, Shipment dan Pembayaran/PBL-001' successfully

2023-10-04 20:29:00 - [TEST_STEP][PASSED] - mouseOver(findTestObject("beli barang/keranjang")): Object: 'Object Repository/beli barang/keranjang' is hovered

2023-10-04 20:29:00 - [MESSAGE][PASSED] - Object: 'Object Repository/beli barang/keranjang' is hovered

2023-10-04 20:29:00 - [TEST_STEP][PASSED] - click(findTestObject("beli barang/Lihat Sekarang")): Object: 'Object Repository/beli barang/Lihat Sekarang' is clicked on

2023-10-04 20:29:01 - [MESSAGE][PASSED] - Object: 'Object Repository/beli barang/Lihat Sekarang' is clicked on

2023-10-04 20:29:01 - [TEST_STEP][PASSED] - verifyElementPresent(findTestObject("keranjang/li_Keranjang Belanja"), 0): Object 'Object Repository/keranjang/li_Keranjang Belanja' is present

2023-10-04 20:29:01 - [MESSAGE][WARNING] - Timeout '0' is invalid. Using default page load timeout: '30'

2023-10-04 20:29:02 - [MESSAGE][PASSED] - Object 'Object Repository/keranjang/li_Keranjang Belanja' is present

2023-10-04 20:29:02 - [TEST_STEP][PASSED] - NamaKeranjang = getText(findTestObject("verifikasi/Nama keranjang")): Text of object 'Object Repository/verifikasi/Nama keranjang' is: 'Segitiga Instan Madeira - MDB5.3 Sunset'

2023-10-04 20:29:02 - [MESSAGE][PASSED] - Text of object 'Object Repository/verifikasi/Nama keranjang' is: 'Segitiga Instan Madeira - MDB5.3 Sunset'

2023-10-04 20:29:02 - [TEST_STEP][PASSED] - HargaKeranjang = getText(findTestObject("verifikasi/Harga Keranjang")): Text of object 'Object Repository/verifikasi/Harga Keranjang' is: 'Rp 1,299'

2023-10-04 20:29:03 - [MESSAGE][PASSED] - Text of object 'Object Repository/verifikasi/Harga Keranjang' is: 'Rp 1,299'

2023-10-04 20:29:03 - [TEST_STEP][PASSED] - if (toString().equalsIgnoreCase("Merah")): Object 'Object Repository/keranjang/input_Warna_variasi101' is checked

2023-10-04 20:29:03 - [TEST_STEP][PASSED] - check(findTestObject("Object Repository/keranjang/input_Warna_variasi101")): Object 'Object Repository/keranjang/input_Warna_variasi101' is checked

2023-10-04 20:29:03 - [MESSAGE][PASSED] - Object 'Object Repository/keranjang/input_Warna_variasi101' is checked

2023-10-04 20:29:03 - [TEST_STEP][PASSED] - if (toString().equalsIgnoreCase("Menengah")): Object 'Object Repository/keranjang/input_Ukuran_variasi201' is checked

2023-10-04 20:29:03 - [TEST_STEP][PASSED] - check(findTestObject("Object Repository/keranjang/input_Ukuran_variasi201")): Object 'Object Repository/keranjang/input_Ukuran_variasi201' is checked

2023-10-04 20:29:04 - [MESSAGE][PASSED] - Object 'Object Repository/keranjang/input_Ukuran_variasi201' is checked

2023-10-04 20:29:04 - [TEST_STEP][PASSED] - data.put("Warna", warna): null

2023-10-04 20:29:04 - [TEST_STEP][PASSED] - data.put("Ukuran", ukuran): null

2023-10-04 20:29:04 - [TEST_STEP][PASSED] - click(findTestObject("keranjang/button_Lanjut ke Pembayaran")): Object: 'Object Repository/keranjang/button_Lanjut ke Pembayaran' is clicked on

2023-10-04 20:29:05 - [MESSAGE][PASSED] - Object: 'Object Repository/keranjang/button_Lanjut ke Pembayaran' is clicked on

2023-10-04 20:29:05 - [TEST_STEP][PASSED] - verifyElementPresent(findTestObject("checkout/Tittle Checkout Order"), 0): Object 'Object Repository/checkout/Tittle Checkout Order' is present

2023-10-04 20:29:05 - [MESSAGE][WARNING] - Timeout '0' is invalid. Using default page load timeout: '30'

2023-10-04 20:29:06 - [MESSAGE][PASSED] - Object 'Object Repository/checkout/Tittle Checkout Order' is present

2023-10-04 20:29:06 - [TEST_STEP][PASSED] - name_product = data.get("nama_barang"): null

2023-10-04 20:29:06 - [TEST_STEP][PASSED] - price_product = data.get("price_barang"): null

2023-10-04 20:29:06 - [TEST_STEP][PASSED] - assert name_product == NamaKeranjang: null

2023-10-04 20:29:06 - [TEST_STEP][PASSED] - assert price_product == HargaKeranjang: null

2023-10-04 20:29:06 - [TEST_STEP][PASSED] - return data: null

2023-10-04 20:29:06 - [MESSAGE][PASSED] - Call Test Case 'Test Cases/T13 Pembelian, Shipment dan Pembayaran/PBL-002' successfully

2023-10-04 20:29:06 - [TEST_STEP][PASSED] - warnaa = getText(findTestObject("verifikasi/warna Merah")): Text of object 'Object Repository/verifikasi/warna Merah' is: 'Merah'

2023-10-04 20:29:06 - [MESSAGE][PASSED] - Text of object 'Object Repository/verifikasi/warna Merah' is: 'Merah'

2023-10-04 20:29:06 - [TEST_STEP][PASSED] - ukurann = getText(findTestObject("verifikasi/Ukuran Menengah")): Text of object 'Object Repository/verifikasi/Ukuran Menengah' is: 'Menengah'

2023-10-04 20:29:07 - [MESSAGE][PASSED] - Text of object 'Object Repository/verifikasi/Ukuran Menengah' is: 'Menengah'

2023-10-04 20:29:07 - [TEST_STEP][PASSED] - warna1 = data.get("Warna"): null

2023-10-04 20:29:07 - [TEST_STEP][PASSED] - ukuran1 = data.get("Ukuran"): null

2023-10-04 20:29:07 - [TEST_STEP][PASSED] - assert warnaa == warna1: null

2023-10-04 20:29:07 - [TEST_STEP][PASSED] - assert ukurann == ukuran1: null

2023-10-04 20:29:07 - [TEST_STEP][PASSED] - NamaCheckout = getText(findTestObject("verifikasi/NamaCheckout")): Text of object 'Object Repository/verifikasi/NamaCheckout' is: ''

2023-10-04 20:29:07 - [MESSAGE][PASSED] - Text of object 'Object Repository/verifikasi/NamaCheckout' is: ''

2023-10-04 20:29:07 - [TEST_STEP][PASSED] - HargaCheckout = getText(findTestObject("verifikasi/HargaCheckout")): Text of object 'Object Repository/verifikasi/HargaCheckout' is: '1,299'

2023-10-04 20:29:07 - [MESSAGE][PASSED] - Text of object 'Object Repository/verifikasi/HargaCheckout' is: '1,299'

2023-10-04 20:29:07 - [TEST_STEP][PASSED] - name_product = data.get("nama_barang"): null

2023-10-04 20:29:07 - [TEST_STEP][PASSED] - price_product = data.get("price_barang"): null

2023-10-04 20:29:07 - [TEST_STEP][PASSED] - assert name_product.contains(NamaCheckout): null

2023-10-04 20:29:07 - [TEST_STEP][PASSED] - assert price_product.contains(HargaCheckout): null

2023-10-04 20:29:07 - [TEST_STEP][PASSED] - selectOptionByLabel(findTestObject("checkout/select - Kirim via Kurir Lokal"), Kurir, false): All options with label 'Roda 2' are selected in object 'Object Repository/checkout/select - Kirim via Kurir Lokal' 

2023-10-04 20:29:08 - [MESSAGE][PASSED] - All options with label 'Roda 2' are selected in object 'Object Repository/checkout/select - Kirim via Kurir Lokal' 

2023-10-04 20:29:08 - [TEST_STEP][PASSED] - click(findTestObject("checkout/Kendaraan Kurir")): Object: 'Object Repository/checkout/Kendaraan Kurir' is clicked on

2023-10-04 20:29:09 - [MESSAGE][PASSED] - Object: 'Object Repository/checkout/Kendaraan Kurir' is clicked on

2023-10-04 20:29:09 - [TEST_STEP][PASSED] - OngkosKirim = getText(findTestObject("Object Repository/verifikasi/Ongkos Kirim checkout")): Text of object 'Object Repository/verifikasi/Ongkos Kirim checkout' is: 'Rp. 5,000'

2023-10-04 20:29:09 - [MESSAGE][PASSED] - Text of object 'Object Repository/verifikasi/Ongkos Kirim checkout' is: 'Rp. 5,000'

2023-10-04 20:29:09 - [TEST_STEP][PASSED] - Ongkos = OngkosKirim.substring(3, OngkosKirim.size()): null

2023-10-04 20:29:09 - [TEST_STEP][PASSED] - rep = Ongkos.replace(",", "."): null

2023-10-04 20:29:09 - [TEST_STEP][PASSED] - Ongkos_kirim = Double.parseDouble(rep): null

2023-10-04 20:29:09 - [TEST_STEP][PASSED] - println(Ongkos_kirim): null

2023-10-04 20:29:09 - [TEST_STEP][PASSED] - FeeAdmin = getText(findTestObject("verifikasi/Fee Admin checkout")): Text of object 'Object Repository/verifikasi/Fee Admin checkout' is: 'Fee Admin
Rp 1,500'

2023-10-04 20:29:10 - [MESSAGE][PASSED] - Text of object 'Object Repository/verifikasi/Fee Admin checkout' is: 'Fee Admin
Rp 1,500'

2023-10-04 20:29:10 - [TEST_STEP][PASSED] - Fee_Admin = FeeAdmin.substring(12, FeeAdmin.size()): null

2023-10-04 20:29:10 - [TEST_STEP][PASSED] - fee = Fee_Admin.replace(",", "."): null

2023-10-04 20:29:10 - [TEST_STEP][PASSED] - fee_admin = Double.parseDouble(fee): null

2023-10-04 20:29:10 - [TEST_STEP][PASSED] - println(fee_admin): null

2023-10-04 20:29:10 - [TEST_STEP][PASSED] - Subtotal = getText(findTestObject("verifikasi/subtotal checkout")): Text of object 'Object Repository/verifikasi/subtotal checkout' is: 'Subtotal
Rp 1,299'

2023-10-04 20:29:11 - [MESSAGE][PASSED] - Text of object 'Object Repository/verifikasi/subtotal checkout' is: 'Subtotal
Rp 1,299'

2023-10-04 20:29:11 - [TEST_STEP][PASSED] - sub_total = Subtotal.substring(12, Subtotal.size()): null

2023-10-04 20:29:11 - [TEST_STEP][PASSED] - sub = sub_total.replace(",", "."): null

2023-10-04 20:29:11 - [TEST_STEP][PASSED] - sub_total = Double.parseDouble(sub): null

2023-10-04 20:29:11 - [TEST_STEP][PASSED] - println(sub_total): null

2023-10-04 20:29:11 - [TEST_STEP][PASSED] - Total = getText(findTestObject("verifikasi/Total checkout")): Text of object 'Object Repository/verifikasi/Total checkout' is: 'Rp 7,799'

2023-10-04 20:29:11 - [MESSAGE][PASSED] - Text of object 'Object Repository/verifikasi/Total checkout' is: 'Rp 7,799'

2023-10-04 20:29:11 - [TEST_STEP][PASSED] - totall = Total.substring(3, Total.size()): null

2023-10-04 20:29:11 - [TEST_STEP][PASSED] - total = totall.replace(",", "."): null

2023-10-04 20:29:11 - [TEST_STEP][PASSED] - totall = Double.parseDouble(total): null

2023-10-04 20:29:11 - [TEST_STEP][PASSED] - println(totall): null

2023-10-04 20:29:11 - [TEST_STEP][PASSED] - Total_Harga = Ongkos_kirim + fee_admin + sub_total: null

2023-10-04 20:29:11 - [TEST_STEP][PASSED] - println(Total_Harga): null

2023-10-04 20:29:11 - [TEST_STEP][PASSED] - TotalHarga = Math.round(Total_Harga * 1000) / 1000: null

2023-10-04 20:29:11 - [TEST_STEP][PASSED] - println(TotalHarga): null

2023-10-04 20:29:11 - [TEST_STEP][PASSED] - assert totall == TotalHarga: null

2023-10-04 20:29:11 - [TEST_STEP][PASSED] - click(findTestObject("verifikasi/Metode Transfer")): Object: 'Object Repository/verifikasi/Metode Transfer' is clicked on

2023-10-04 20:29:12 - [MESSAGE][PASSED] - Object: 'Object Repository/verifikasi/Metode Transfer' is clicked on

2023-10-04 20:29:12 - [TEST_STEP][PASSED] - click(findTestObject("checkout/button_Proses Pembayaran")): Object: 'Object Repository/checkout/button_Proses Pembayaran' is clicked on

2023-10-04 20:29:17 - [MESSAGE][PASSED] - Object: 'Object Repository/checkout/button_Proses Pembayaran' is clicked on

2023-10-04 20:29:17 - [TEST_STEP][PASSED] - verifyElementPresent(findTestObject("pembayaran/Tittle nomor invoice"), 0): Object 'Object Repository/pembayaran/Tittle nomor invoice' is present

2023-10-04 20:29:17 - [MESSAGE][WARNING] - Timeout '0' is invalid. Using default page load timeout: '30'

2023-10-04 20:29:20 - [MESSAGE][PASSED] - Object 'Object Repository/pembayaran/Tittle nomor invoice' is present

2023-10-04 20:29:20 - [TEST_STEP][PASSED] - return data: null

2023-10-04 20:29:20 - [MESSAGE][PASSED] - Call Test Case 'Test Cases/T13 Pembelian, Shipment dan Pembayaran/PBL-004' successfully

2023-10-04 20:29:20 - [TEST_STEP][PASSED] - Invoice = getText(findTestObject("pembayaran/nomor invoice")): Text of object 'Object Repository/pembayaran/nomor invoice' is: 'TRX60.20231004202913'

2023-10-04 20:29:20 - [MESSAGE][PASSED] - Text of object 'Object Repository/pembayaran/nomor invoice' is: 'TRX60.20231004202913'

2023-10-04 20:29:20 - [TEST_STEP][PASSED] - data.put("invoice", Invoice): null

2023-10-04 20:29:20 - [TEST_STEP][PASSED] - NamaPemesan = getText(findTestObject("Konfirmasi pesanan shop/Nama pemesan")): Text of object 'Object Repository/Konfirmasi pesanan shop/Nama pemesan' is: 'irfan.afandi'

2023-10-04 20:29:21 - [MESSAGE][PASSED] - Text of object 'Object Repository/Konfirmasi pesanan shop/Nama pemesan' is: 'irfan.afandi'

2023-10-04 20:29:21 - [TEST_STEP][PASSED] - Nama = getText(findTestObject("pembayaran/Nama barang")): Text of object 'Object Repository/pembayaran/Nama barang' is: 'Segitiga Instan Madeira - MDB5.3 Sunset'

2023-10-04 20:29:21 - [MESSAGE][PASSED] - Text of object 'Object Repository/pembayaran/Nama barang' is: 'Segitiga Instan Madeira - MDB5.3 Sunset'

2023-10-04 20:29:21 - [TEST_STEP][PASSED] - Harga = getText(findTestObject("pembayaran/Harga barang")): Text of object 'Object Repository/pembayaran/Harga barang' is: '1,299'

2023-10-04 20:29:22 - [MESSAGE][PASSED] - Text of object 'Object Repository/pembayaran/Harga barang' is: '1,299'

2023-10-04 20:29:22 - [TEST_STEP][PASSED] - name_product = data.get("nama_barang"): null

2023-10-04 20:29:22 - [TEST_STEP][PASSED] - price_product = data.get("price_barang"): null

2023-10-04 20:29:22 - [TEST_STEP][PASSED] - assert name_product.contains(Nama): null

2023-10-04 20:29:22 - [TEST_STEP][PASSED] - assert price_product.contains(Harga): null

2023-10-04 20:29:22 - [TEST_STEP][PASSED] - warnaa = getText(findTestObject("pembayaran/warna")): Text of object 'Object Repository/pembayaran/warna' is: 'Merah'

2023-10-04 20:29:22 - [MESSAGE][PASSED] - Text of object 'Object Repository/pembayaran/warna' is: 'Merah'

2023-10-04 20:29:22 - [TEST_STEP][PASSED] - ukurann = getText(findTestObject("pembayaran/ukuran")): Text of object 'Object Repository/pembayaran/ukuran' is: 'Menengah'

2023-10-04 20:29:23 - [MESSAGE][PASSED] - Text of object 'Object Repository/pembayaran/ukuran' is: 'Menengah'

2023-10-04 20:29:23 - [TEST_STEP][PASSED] - warna1 = data.get("Warna"): null

2023-10-04 20:29:23 - [TEST_STEP][PASSED] - ukuran1 = data.get("Ukuran"): null

2023-10-04 20:29:23 - [TEST_STEP][PASSED] - assert warnaa == warna1: null

2023-10-04 20:29:23 - [TEST_STEP][PASSED] - assert ukurann == ukuran1: null

2023-10-04 20:29:23 - [TEST_STEP][PASSED] - statusPembelian = getText(findTestObject("verifikasi/Status pending di pembelian")): Text of object 'Object Repository/verifikasi/Status pending di pembelian' is: 'Pending'

2023-10-04 20:29:23 - [MESSAGE][PASSED] - Text of object 'Object Repository/verifikasi/Status pending di pembelian' is: 'Pending'

2023-10-04 20:29:23 - [TEST_STEP][PASSED] - data.put("statusPem", statusPembelian): null

2023-10-04 20:29:23 - [TEST_STEP][PASSED] - OngkosKirim = getText(findTestObject("pembayaran/ongkos kirim")): Text of object 'Object Repository/pembayaran/ongkos kirim' is: 'Rp 5,000'

2023-10-04 20:29:24 - [MESSAGE][PASSED] - Text of object 'Object Repository/pembayaran/ongkos kirim' is: 'Rp 5,000'

2023-10-04 20:29:24 - [TEST_STEP][PASSED] - Ongkos = OngkosKirim.substring(3, OngkosKirim.size()): null

2023-10-04 20:29:24 - [TEST_STEP][PASSED] - rep = Ongkos.replace(",", ""): null

2023-10-04 20:29:24 - [TEST_STEP][PASSED] - Ongkos_kirimm = Integer.parseInt(rep): null

2023-10-04 20:29:24 - [TEST_STEP][PASSED] - println(Ongkos_kirimm): null

2023-10-04 20:29:24 - [TEST_STEP][PASSED] - FeeAdmin = getText(findTestObject("pembayaran/fee admin")): Text of object 'Object Repository/pembayaran/fee admin' is: 'Rp 1,500'

2023-10-04 20:29:24 - [MESSAGE][PASSED] - Text of object 'Object Repository/pembayaran/fee admin' is: 'Rp 1,500'

2023-10-04 20:29:24 - [TEST_STEP][PASSED] - Fee_Admin = FeeAdmin.substring(3, FeeAdmin.size()): null

2023-10-04 20:29:24 - [TEST_STEP][PASSED] - fee = Fee_Admin.replace(",", ""): null

2023-10-04 20:29:24 - [TEST_STEP][PASSED] - fee_adminn = Integer.parseInt(fee): null

2023-10-04 20:29:24 - [TEST_STEP][PASSED] - println(fee_adminn): null

2023-10-04 20:29:24 - [TEST_STEP][PASSED] - Subtotal = getText(findTestObject("pembayaran/subtotal")): Text of object 'Object Repository/pembayaran/subtotal' is: 'Rp 1,299'

2023-10-04 20:29:25 - [MESSAGE][PASSED] - Text of object 'Object Repository/pembayaran/subtotal' is: 'Rp 1,299'

2023-10-04 20:29:25 - [TEST_STEP][PASSED] - sub_total = Subtotal.substring(3, Subtotal.size()): null

2023-10-04 20:29:25 - [TEST_STEP][PASSED] - sub = sub_total.replace(",", ""): null

2023-10-04 20:29:25 - [TEST_STEP][PASSED] - sub_totall = Integer.parseInt(sub): null

2023-10-04 20:29:25 - [TEST_STEP][PASSED] - println(sub_totall): null

2023-10-04 20:29:25 - [TEST_STEP][PASSED] - unik = getText(findTestObject("pembayaran/kode unik")): Text of object 'Object Repository/pembayaran/kode unik' is: '+913'

2023-10-04 20:29:25 - [MESSAGE][PASSED] - Text of object 'Object Repository/pembayaran/kode unik' is: '+913'

2023-10-04 20:29:25 - [TEST_STEP][PASSED] - unikk = unik.replace("+", ""): null

2023-10-04 20:29:25 - [TEST_STEP][PASSED] - kode_unik = Integer.parseInt(unikk): null

2023-10-04 20:29:25 - [TEST_STEP][PASSED] - println(kode_unik): null

2023-10-04 20:29:25 - [TEST_STEP][PASSED] - Total = getText(findTestObject("pembayaran/total")): Text of object 'Object Repository/pembayaran/total' is: '8,712'

2023-10-04 20:29:26 - [MESSAGE][PASSED] - Text of object 'Object Repository/pembayaran/total' is: '8,712'

2023-10-04 20:29:26 - [TEST_STEP][PASSED] - total = Total.replace(",", ""): null

2023-10-04 20:29:26 - [TEST_STEP][PASSED] - totalll = Integer.parseInt(total): null

2023-10-04 20:29:26 - [TEST_STEP][PASSED] - println(totalll): null

2023-10-04 20:29:26 - [TEST_STEP][PASSED] - Total_Hargaa = Ongkos_kirimm + fee_adminn + sub_totall + kode_unik: null

2023-10-04 20:29:26 - [TEST_STEP][PASSED] - println(Total_Hargaa): null

2023-10-04 20:29:26 - [TEST_STEP][PASSED] - assert totalll == Total_Hargaa: null

2023-10-04 20:29:26 - [TEST_STEP][PASSED] - data.put("total", Total): null

2023-10-04 20:29:26 - [TEST_STEP][PASSED] - data.put("nama", NamaPemesan): null

2023-10-04 20:29:26 - [TEST_STEP][PASSED] - return data: null

2023-10-04 20:29:26 - [MESSAGE][PASSED] - Call Test Case 'Test Cases/T13 Pembelian, Shipment dan Pembayaran/PBY-001' successfully

2023-10-04 20:29:26 - [TEST_STEP][PASSED] - inv = data.get("invoice"): null

2023-10-04 20:29:26 - [TEST_STEP][PASSED] - Total = data.get("total"): null

2023-10-04 20:29:26 - [TEST_STEP][PASSED] - NamaPemesan = data.get("nama"): null

2023-10-04 20:29:26 - [TEST_STEP][PASSED] - click(findTestObject("Konfirmasi pesanan shop/Menu Shop")): Object: 'Object Repository/Konfirmasi pesanan shop/Menu Shop' is clicked on

2023-10-04 20:29:27 - [MESSAGE][PASSED] - Object: 'Object Repository/Konfirmasi pesanan shop/Menu Shop' is clicked on

2023-10-04 20:29:27 - [TEST_STEP][PASSED] - click(findTestObject("Konfirmasi pesanan shop/Menu Shop")): Object: 'Object Repository/Konfirmasi pesanan shop/Menu Shop' is clicked on

2023-10-04 20:29:28 - [MESSAGE][PASSED] - Object: 'Object Repository/Konfirmasi pesanan shop/Menu Shop' is clicked on

2023-10-04 20:29:28 - [TEST_STEP][PASSED] - click(findTestObject("Konfirmasi pesanan shop/Konfirmasi Orders")): Object: 'Object Repository/Konfirmasi pesanan shop/Konfirmasi Orders' is clicked on

2023-10-04 20:29:29 - [MESSAGE][PASSED] - Object: 'Object Repository/Konfirmasi pesanan shop/Konfirmasi Orders' is clicked on

2023-10-04 20:29:29 - [TEST_STEP][PASSED] - verifyElementPresent(findTestObject("Konfirmasi pesanan shop/Tittle Konfirmasi Pesanan"), 0): Object 'Object Repository/Konfirmasi pesanan shop/Tittle Konfirmasi Pesanan' is present

2023-10-04 20:29:29 - [MESSAGE][WARNING] - Timeout '0' is invalid. Using default page load timeout: '30'

2023-10-04 20:29:30 - [MESSAGE][PASSED] - Object 'Object Repository/Konfirmasi pesanan shop/Tittle Konfirmasi Pesanan' is present

2023-10-04 20:29:30 - [TEST_STEP][PASSED] - setText(findTestObject("Konfirmasi pesanan shop/input_No Pesanan"), inv): Text 'TRX60.20231004202913' is set on object 'Object Repository/Konfirmasi pesanan shop/input_No Pesanan'

2023-10-04 20:29:30 - [MESSAGE][PASSED] - Text 'TRX60.20231004202913' is set on object 'Object Repository/Konfirmasi pesanan shop/input_No Pesanan'

2023-10-04 20:29:30 - [TEST_STEP][PASSED] - setText(findTestObject("Konfirmasi pesanan shop/input_Alamat E-mai"), "irfan@gmail.com"): Text 'irfan@gmail.com' is set on object 'Object Repository/Konfirmasi pesanan shop/input_Alamat E-mai'

2023-10-04 20:29:31 - [MESSAGE][PASSED] - Text 'irfan@gmail.com' is set on object 'Object Repository/Konfirmasi pesanan shop/input_Alamat E-mai'

2023-10-04 20:29:31 - [TEST_STEP][PASSED] - click(findTestObject("Konfirmasi pesanan shop/button_Submit")): Object: 'Object Repository/Konfirmasi pesanan shop/button_Submit' is clicked on

2023-10-04 20:29:32 - [MESSAGE][PASSED] - Object: 'Object Repository/Konfirmasi pesanan shop/button_Submit' is clicked on

2023-10-04 20:29:32 - [TEST_STEP][PASSED] - verifyElementPresent(findTestObject("Konfirmasi pesanan shop/Tittle nomor invoice"), 0): Object 'Object Repository/Konfirmasi pesanan shop/Tittle nomor invoice' is present

2023-10-04 20:29:32 - [MESSAGE][WARNING] - Timeout '0' is invalid. Using default page load timeout: '30'

2023-10-04 20:29:33 - [MESSAGE][PASSED] - Object 'Object Repository/Konfirmasi pesanan shop/Tittle nomor invoice' is present

2023-10-04 20:29:33 - [TEST_STEP][PASSED] - setText(findTestObject("Konfirmasi pesanan shop/input_Total TagihanTransfer_b"), Total): Text '8,712' is set on object 'Object Repository/Konfirmasi pesanan shop/input_Total TagihanTransfer_b'

2023-10-04 20:29:33 - [MESSAGE][PASSED] - Text '8,712' is set on object 'Object Repository/Konfirmasi pesanan shop/input_Total TagihanTransfer_b'

2023-10-04 20:29:33 - [TEST_STEP][PASSED] - selectOptionByValue(findTestObject("Konfirmasi pesanan shop/select_Bank"), "4", false): All options with value '4' are selected in object 'Object Repository/Konfirmasi pesanan shop/select_Bank' 

2023-10-04 20:29:34 - [MESSAGE][PASSED] - All options with value '4' are selected in object 'Object Repository/Konfirmasi pesanan shop/select_Bank' 

2023-10-04 20:29:34 - [TEST_STEP][PASSED] - setText(findTestObject("Konfirmasi pesanan shop/input_Nama Pengirim_d"), NamaPemesan): Text 'irfan.afandi' is set on object 'Object Repository/Konfirmasi pesanan shop/input_Nama Pengirim_d'

2023-10-04 20:29:35 - [MESSAGE][PASSED] - Text 'irfan.afandi' is set on object 'Object Repository/Konfirmasi pesanan shop/input_Nama Pengirim_d'

2023-10-04 20:29:35 - [TEST_STEP][PASSED] - uploadFile(findTestObject("keranjang/konfirmasi/input_Upload Bukti Transfer_f"), "C:\Users\IRFAN\Downloads\Berkas2.pdf"): File 'C:\Users\IRFAN\Downloads\Berkas2.pdf' sent to object: 'Object Repository/keranjang/konfirmasi/input_Upload Bukti Transfer_f'

2023-10-04 20:29:35 - [MESSAGE][PASSED] - File 'C:\Users\IRFAN\Downloads\Berkas2.pdf' sent to object: 'Object Repository/keranjang/konfirmasi/input_Upload Bukti Transfer_f'

2023-10-04 20:29:35 - [TEST_STEP][PASSED] - click(findTestObject("Konfirmasi pesanan shop/button_Konfirmasi Pembayaran")): Object: 'Object Repository/Konfirmasi pesanan shop/button_Konfirmasi Pembayaran' is clicked on

2023-10-04 20:29:36 - [MESSAGE][PASSED] - Object: 'Object Repository/Konfirmasi pesanan shop/button_Konfirmasi Pembayaran' is clicked on

2023-10-04 20:29:36 - [TEST_STEP][PASSED] - verifyElementPresent(findTestObject("Konfirmasi pesanan shop/Tittle Konfirmasi Pesanan"), 0): Object 'Object Repository/Konfirmasi pesanan shop/Tittle Konfirmasi Pesanan' is present

2023-10-04 20:29:37 - [MESSAGE][WARNING] - Timeout '0' is invalid. Using default page load timeout: '30'

2023-10-04 20:29:37 - [MESSAGE][PASSED] - Object 'Object Repository/Konfirmasi pesanan shop/Tittle Konfirmasi Pesanan' is present

2023-10-04 20:29:37 - [TEST_STEP][PASSED] - verifyElementPresent(findTestObject("Konfirmasi pesanan shop/Tittle massage succes Konfirmasi Pembayaran Pesanan"), 0): Object 'Object Repository/Konfirmasi pesanan shop/Tittle massage succes Konfirmasi Pembayaran Pesanan' is present

2023-10-04 20:29:37 - [MESSAGE][WARNING] - Timeout '0' is invalid. Using default page load timeout: '30'

2023-10-04 20:29:37 - [MESSAGE][PASSED] - Object 'Object Repository/Konfirmasi pesanan shop/Tittle massage succes Konfirmasi Pembayaran Pesanan' is present

2023-10-04 20:29:37 - [TEST_STEP][PASSED] - return data: null

2023-10-04 20:29:37 - [MESSAGE][PASSED] - Call Test Case 'Test Cases/T13 Pembelian, Shipment dan Pembayaran/PBY-004' successfully

2023-10-04 20:29:37 - [TEST_STEP][PASSED] - navigateToUrl("https://10.9.2.63/ecommerce/administrator/"): Navigate to 'https://10.9.2.63/ecommerce/administrator/' successfully

2023-10-04 20:29:38 - [MESSAGE][PASSED] - Navigate to 'https://10.9.2.63/ecommerce/administrator/' successfully

2023-10-04 20:29:38 - [TEST_STEP][PASSED] - verifyElementPresent(findTestObject("admin/Tittle ADMIN Login"), 0): Object 'Object Repository/admin/Tittle ADMIN Login' is present

2023-10-04 20:29:38 - [MESSAGE][WARNING] - Timeout '0' is invalid. Using default page load timeout: '30'

2023-10-04 20:29:38 - [MESSAGE][PASSED] - Object 'Object Repository/admin/Tittle ADMIN Login' is present

2023-10-04 20:29:38 - [TEST_STEP][PASSED] - setText(findTestObject("admin/Username"), "admin"): Text 'admin' is set on object 'Object Repository/admin/Username'

2023-10-04 20:29:39 - [MESSAGE][PASSED] - Text 'admin' is set on object 'Object Repository/admin/Username'

2023-10-04 20:29:39 - [TEST_STEP][PASSED] - setText(findTestObject("admin/Password"), "123admin123"): Text '123admin123' is set on object 'Object Repository/admin/Password'

2023-10-04 20:29:40 - [MESSAGE][PASSED] - Text '123admin123' is set on object 'Object Repository/admin/Password'

2023-10-04 20:29:40 - [TEST_STEP][PASSED] - click(findTestObject("admin/Remember Me")): Object: 'Object Repository/admin/Remember Me' is clicked on

2023-10-04 20:29:40 - [MESSAGE][PASSED] - Object: 'Object Repository/admin/Remember Me' is clicked on

2023-10-04 20:29:40 - [TEST_STEP][PASSED] - delay(10): Delayed 10 second(s)

2023-10-04 20:29:50 - [MESSAGE][PASSED] - Delayed 10 second(s)

2023-10-04 20:29:50 - [TEST_STEP][PASSED] - click(findTestObject("admin/buttom submit")): Object: 'Object Repository/admin/buttom submit' is clicked on

2023-10-04 20:29:52 - [MESSAGE][PASSED] - Object: 'Object Repository/admin/buttom submit' is clicked on

2023-10-04 20:29:52 - [TEST_STEP][PASSED] - verifyElementPresent(findTestObject("admin/Konf order konsumen/Tittle Dashboard"), 0): Object 'Object Repository/admin/Konf order konsumen/Tittle Dashboard' is present

2023-10-04 20:29:52 - [MESSAGE][WARNING] - Timeout '0' is invalid. Using default page load timeout: '30'

2023-10-04 20:30:00 - [MESSAGE][PASSED] - Object 'Object Repository/admin/Konf order konsumen/Tittle Dashboard' is present

2023-10-04 20:30:00 - [TEST_STEP][PASSED] - click(findTestObject("admin/Konf order konsumen/Menu Transaksi Market")): Object: 'Object Repository/admin/Konf order konsumen/Menu Transaksi Market' is clicked on

2023-10-04 20:30:01 - [MESSAGE][PASSED] - Object: 'Object Repository/admin/Konf order konsumen/Menu Transaksi Market' is clicked on

2023-10-04 20:30:01 - [TEST_STEP][PASSED] - click(findTestObject("admin/Konf order konsumen/Menu Konf. Order Konsumen")): Object: 'Object Repository/admin/Konf order konsumen/Menu Konf. Order Konsumen' is clicked on

2023-10-04 20:30:02 - [MESSAGE][PASSED] - Object: 'Object Repository/admin/Konf order konsumen/Menu Konf. Order Konsumen' is clicked on

2023-10-04 20:30:02 - [TEST_STEP][PASSED] - verifyElementPresent(findTestObject("admin/Konf order konsumen/Tittle Data Konfirmasi Pembayaran Konsumen"), 0): Object 'Object Repository/admin/Konf order konsumen/Tittle Data Konfirmasi Pembayaran Konsumen' is present

2023-10-04 20:30:03 - [MESSAGE][WARNING] - Timeout '0' is invalid. Using default page load timeout: '30'

2023-10-04 20:30:11 - [MESSAGE][PASSED] - Object 'Object Repository/admin/Konf order konsumen/Tittle Data Konfirmasi Pembayaran Konsumen' is present

2023-10-04 20:30:11 - [TEST_STEP][PASSED] - inv = data.get("invoice"): null

2023-10-04 20:30:11 - [TEST_STEP][PASSED] - setText(findTestObject("admin/Konf order konsumen/Search"), inv): Text 'TRX60.20231004202913' is set on object 'Object Repository/admin/Konf order konsumen/Search'

2023-10-04 20:30:12 - [MESSAGE][PASSED] - Text 'TRX60.20231004202913' is set on object 'Object Repository/admin/Konf order konsumen/Search'

2023-10-04 20:30:12 - [TEST_STEP][PASSED] - verifyElementText(findTestObject("admin/Konf order konsumen/Keterangan Lunas"), "Lunas"): Actual text and expected text of test object 'Object Repository/admin/Konf order konsumen/Keterangan Lunas' are matched.

2023-10-04 20:30:12 - [MESSAGE][PASSED] - Actual text and expected text of test object 'Object Repository/admin/Konf order konsumen/Keterangan Lunas' are matched.

2023-10-04 20:30:12 - [TEST_STEP][PASSED] - return data: null

2023-10-04 20:30:12 - [MESSAGE][PASSED] - Call Test Case 'Test Cases/T13 Pembelian, Shipment dan Pembayaran/PBYA-001' successfully

2023-10-04 20:30:12 - [TEST_STEP][PASSED] - click(findTestObject("admin/Penjualan ke konsumen/buttom Dashboard")): Object: 'Object Repository/admin/Penjualan ke konsumen/buttom Dashboard' is clicked on

2023-10-04 20:30:13 - [MESSAGE][PASSED] - Object: 'Object Repository/admin/Penjualan ke konsumen/buttom Dashboard' is clicked on

2023-10-04 20:30:13 - [TEST_STEP][PASSED] - click(findTestObject("admin/Konf order konsumen/Menu Transaksi Market")): Object: 'Object Repository/admin/Konf order konsumen/Menu Transaksi Market' is clicked on

2023-10-04 20:30:20 - [MESSAGE][PASSED] - Object: 'Object Repository/admin/Konf order konsumen/Menu Transaksi Market' is clicked on

2023-10-04 20:30:20 - [TEST_STEP][PASSED] - click(findTestObject("admin/Penjualan ke konsumen/a_Penjualan ke Konsumen")): Object: 'Object Repository/admin/Penjualan ke konsumen/a_Penjualan ke Konsumen' is clicked on

2023-10-04 20:30:21 - [MESSAGE][PASSED] - Object: 'Object Repository/admin/Penjualan ke konsumen/a_Penjualan ke Konsumen' is clicked on

2023-10-04 20:30:21 - [TEST_STEP][PASSED] - verifyElementPresent(findTestObject("admin/Tittle Data Transaksi Penjualan  Orderan Konsumen"), 0): Object 'Object Repository/admin/Tittle Data Transaksi Penjualan  Orderan Konsumen' is present

2023-10-04 20:30:22 - [MESSAGE][WARNING] - Timeout '0' is invalid. Using default page load timeout: '30'

2023-10-04 20:30:27 - [MESSAGE][PASSED] - Object 'Object Repository/admin/Tittle Data Transaksi Penjualan  Orderan Konsumen' is present

2023-10-04 20:30:27 - [TEST_STEP][PASSED] - return data: null

2023-10-04 20:30:27 - [MESSAGE][PASSED] - Call Test Case 'Test Cases/T13 Pembelian, Shipment dan Pembayaran/SA-001' successfully

2023-10-04 20:30:27 - [TEST_STEP][PASSED] - inv = data.get("invoice"): null

2023-10-04 20:30:27 - [TEST_STEP][PASSED] - setText(findTestObject("admin/Penjualan ke konsumen/Search"), inv): Text 'TRX60.20231004202913' is set on object 'Object Repository/admin/Penjualan ke konsumen/Search'

2023-10-04 20:30:28 - [MESSAGE][PASSED] - Text 'TRX60.20231004202913' is set on object 'Object Repository/admin/Penjualan ke konsumen/Search'

2023-10-04 20:30:28 - [TEST_STEP][PASSED] - click(findTestObject("admin/Penjualan ke konsumen/buttom konfirmasi pending payment")): Object: 'Object Repository/admin/Penjualan ke konsumen/buttom konfirmasi pending payment' is clicked on

2023-10-04 20:30:29 - [MESSAGE][PASSED] - Object: 'Object Repository/admin/Penjualan ke konsumen/buttom konfirmasi pending payment' is clicked on

2023-10-04 20:30:29 - [TEST_STEP][PASSED] - acceptAlert(STOP_ON_FAILURE): Alert accepted

2023-10-04 20:30:29 - [MESSAGE][PASSED] - Alert accepted

2023-10-04 20:30:29 - [TEST_STEP][PASSED] - setText(findTestObject("admin/Penjualan ke konsumen/Search"), inv): Text 'TRX60.20231004202913' is set on object 'Object Repository/admin/Penjualan ke konsumen/Search'

2023-10-04 20:30:30 - [MESSAGE][PASSED] - Text 'TRX60.20231004202913' is set on object 'Object Repository/admin/Penjualan ke konsumen/Search'

2023-10-04 20:30:30 - [TEST_STEP][PASSED] - verifyTextNotPresent("pending payment", false): Text 'pending payment' is not present on page

2023-10-04 20:30:30 - [MESSAGE][PASSED] - Text 'pending payment' is not present on page

2023-10-04 20:30:30 - [TEST_STEP][PASSED] - return data: null

2023-10-04 20:30:30 - [MESSAGE][PASSED] - Call Test Case 'Test Cases/T13 Pembelian, Shipment dan Pembayaran/SA-002' successfully

2023-10-04 20:30:30 - [TEST_STEP][PASSED] - click(findTestObject("admin/Penjualan ke konsumen/buttom scroldown")): Object: 'Object Repository/admin/Penjualan ke konsumen/buttom scroldown' is clicked on

2023-10-04 20:30:31 - [MESSAGE][PASSED] - Object: 'Object Repository/admin/Penjualan ke konsumen/buttom scroldown' is clicked on

2023-10-04 20:30:31 - [TEST_STEP][PASSED] - click(findTestObject("shipment/a_Pending")): Object: 'Object Repository/shipment/a_Pending' is clicked on

2023-10-04 20:30:32 - [MESSAGE][PASSED] - Object: 'Object Repository/shipment/a_Pending' is clicked on

2023-10-04 20:30:32 - [TEST_STEP][PASSED] - acceptAlert(): Alert accepted

2023-10-04 20:30:32 - [MESSAGE][PASSED] - Alert accepted

2023-10-04 20:30:32 - [TEST_STEP][PASSED] - inv = data.get("invoice"): null

2023-10-04 20:30:32 - [TEST_STEP][PASSED] - setText(findTestObject("admin/Penjualan ke konsumen/Search"), inv): Text 'TRX60.20231004202913' is set on object 'Object Repository/admin/Penjualan ke konsumen/Search'

2023-10-04 20:30:33 - [MESSAGE][PASSED] - Text 'TRX60.20231004202913' is set on object 'Object Repository/admin/Penjualan ke konsumen/Search'

2023-10-04 20:30:33 - [TEST_STEP][PASSED] - delay(10): Delayed 10 second(s)

2023-10-04 20:30:43 - [MESSAGE][PASSED] - Delayed 10 second(s)

2023-10-04 20:30:43 - [TEST_STEP][PASSED] - verifyTextPresent("Pending", false): Text 'Pending' is present on page 

2023-10-04 20:30:45 - [MESSAGE][PASSED] - Text 'Pending' is present on page 

2023-10-04 20:30:45 - [TEST_STEP][PASSED] - pending = getText(findTestObject("shipment/Pending")): Text of object 'Object Repository/shipment/Pending' is: 'Pending'

2023-10-04 20:30:45 - [MESSAGE][PASSED] - Text of object 'Object Repository/shipment/Pending' is: 'Pending'

2023-10-04 20:30:45 - [TEST_STEP][PASSED] - data.put("statusPending", pending): null

2023-10-04 20:30:45 - [TEST_STEP][PASSED] - return data: null]]></system-out>
         <system-err><![CDATA[]]></system-err>
      </testcase>
      <testcase name="Test Cases/T13 Pembelian, Shipment dan Pembayaran/SA-007" time="129.646" classname="Test Cases/T13 Pembelian, Shipment dan Pembayaran/SA-007" status="PASSED">
         <system-out><![CDATA[2023-10-04 20:30:45 - [TEST_CASE][PASSED] - Test Cases/T13 Pembelian, Shipment dan Pembayaran/SA-007: Test Cases/T13 Pembelian, Shipment dan Pembayaran/SA-007

2023-10-04 20:30:46 - [TEST_STEP][PASSED] - data = callTestCase(findTestCase("T13 Pembelian, Shipment dan Pembayaran/SA-002"), [:], STOP_ON_FAILURE): Call Test Case 'Test Cases/T13 Pembelian, Shipment dan Pembayaran/SA-002' successfully

2023-10-04 20:30:46 - [TEST_CASE][PASSED] - Test Cases/T13 Pembelian, Shipment dan Pembayaran/SA-002: Test Cases/T13 Pembelian, Shipment dan Pembayaran/SA-002

2023-10-04 20:30:46 - [TEST_STEP][PASSED] - data = callTestCase(findTestCase("T13 Pembelian, Shipment dan Pembayaran/SA-001"), [:], STOP_ON_FAILURE): Call Test Case 'Test Cases/T13 Pembelian, Shipment dan Pembayaran/SA-001' successfully

2023-10-04 20:30:46 - [TEST_CASE][PASSED] - Test Cases/T13 Pembelian, Shipment dan Pembayaran/SA-001: Test Cases/T13 Pembelian, Shipment dan Pembayaran/SA-001

2023-10-04 20:30:46 - [TEST_STEP][PASSED] - data = callTestCase(findTestCase("T13 Pembelian, Shipment dan Pembayaran/PBYA-001"), [:], STOP_ON_FAILURE): Call Test Case 'Test Cases/T13 Pembelian, Shipment dan Pembayaran/PBYA-001' successfully

2023-10-04 20:30:46 - [TEST_CASE][PASSED] - Test Cases/T13 Pembelian, Shipment dan Pembayaran/PBYA-001: Test Cases/T13 Pembelian, Shipment dan Pembayaran/PBYA-001

2023-10-04 20:30:46 - [TEST_STEP][PASSED] - data = callTestCase(findTestCase("T13 Pembelian, Shipment dan Pembayaran/PBY-004"), [:], STOP_ON_FAILURE): Call Test Case 'Test Cases/T13 Pembelian, Shipment dan Pembayaran/PBY-004' successfully

2023-10-04 20:30:47 - [TEST_CASE][PASSED] - Test Cases/T13 Pembelian, Shipment dan Pembayaran/PBY-004: Test Cases/T13 Pembelian, Shipment dan Pembayaran/PBY-004

2023-10-04 20:30:47 - [TEST_STEP][PASSED] - data = callTestCase(findTestCase("T13 Pembelian, Shipment dan Pembayaran/PBY-001"), [:], STOP_ON_FAILURE): Call Test Case 'Test Cases/T13 Pembelian, Shipment dan Pembayaran/PBY-001' successfully

2023-10-04 20:30:47 - [TEST_CASE][PASSED] - Test Cases/T13 Pembelian, Shipment dan Pembayaran/PBY-001: Test Cases/T13 Pembelian, Shipment dan Pembayaran/PBY-001

2023-10-04 20:30:47 - [TEST_STEP][PASSED] - data = callTestCase(findTestCase("T13 Pembelian, Shipment dan Pembayaran/PBL-004"), ["Kurir":"Roda 2"], STOP_ON_FAILURE): Call Test Case 'Test Cases/T13 Pembelian, Shipment dan Pembayaran/PBL-004' successfully

2023-10-04 20:30:47 - [TEST_CASE][PASSED] - Test Cases/T13 Pembelian, Shipment dan Pembayaran/PBL-004: Test Cases/T13 Pembelian, Shipment dan Pembayaran/PBL-004

2023-10-04 20:30:47 - [TEST_STEP][PASSED] - data = callTestCase(findTestCase("T13 Pembelian, Shipment dan Pembayaran/PBL-002"), [:], STOP_ON_FAILURE): Call Test Case 'Test Cases/T13 Pembelian, Shipment dan Pembayaran/PBL-002' successfully

2023-10-04 20:30:47 - [TEST_CASE][PASSED] - Test Cases/T13 Pembelian, Shipment dan Pembayaran/PBL-002: Test Cases/T13 Pembelian, Shipment dan Pembayaran/PBL-002

2023-10-04 20:30:47 - [TEST_STEP][PASSED] - data = callTestCase(findTestCase("T13 Pembelian, Shipment dan Pembayaran/PBL-001"), [:], STOP_ON_FAILURE): Call Test Case 'Test Cases/T13 Pembelian, Shipment dan Pembayaran/PBL-001' successfully

2023-10-04 20:30:47 - [TEST_CASE][PASSED] - Test Cases/T13 Pembelian, Shipment dan Pembayaran/PBL-001: Test Cases/T13 Pembelian, Shipment dan Pembayaran/PBL-001

2023-10-04 20:30:47 - [TEST_STEP][PASSED] - callTestCase(findTestCase("T13 Pembelian, Shipment dan Pembayaran/LU-001"), ["username":"irfanafandi", "password":"12345irfan"], STOP_ON_FAILURE): Call Test Case 'Test Cases/T13 Pembelian, Shipment dan Pembayaran/LU-001' successfully

2023-10-04 20:30:47 - [TEST_CASE][PASSED] - Test Cases/T13 Pembelian, Shipment dan Pembayaran/LU-001: Test Cases/T13 Pembelian, Shipment dan Pembayaran/LU-001

2023-10-04 20:30:47 - [TEST_STEP][PASSED] - openBrowser("https://10.9.2.63/ecommerce/"): Browser is opened with url: 'https://10.9.2.63/ecommerce/'

2023-10-04 20:30:47 - [MESSAGE][WARNING] - A browser is already opened. Closing browser and opening a new one

2023-10-04 20:30:50 - [MESSAGE][INFO] - Starting 'Firefox' driver

2023-10-04 20:30:50 - [MESSAGE][INFO] - User set preference: ['args', '[--disable-notifications]']

2023-10-04 20:30:50 - [MESSAGE][INFO] - Action delay is set to 0 milliseconds

2023-10-04 20:30:56 - [MESSAGE][PASSED] - Browser is opened with url: 'https://10.9.2.63/ecommerce/'

2023-10-04 20:30:56 - [TEST_STEP][PASSED] - maximizeWindow(): Current window maximized

2023-10-04 20:30:56 - [MESSAGE][PASSED] - Current window maximized

2023-10-04 20:30:56 - [TEST_STEP][PASSED] - verifyElementPresent(findTestObject("Login/Home"), 0): Object 'Object Repository/Login/Home' is present

2023-10-04 20:30:56 - [MESSAGE][WARNING] - Timeout '0' is invalid. Using default page load timeout: '30'

2023-10-04 20:30:56 - [MESSAGE][PASSED] - Object 'Object Repository/Login/Home' is present

2023-10-04 20:30:56 - [TEST_STEP][PASSED] - click(findTestObject("Login/a_Login")): Object: 'Object Repository/Login/a_Login' is clicked on

2023-10-04 20:30:57 - [MESSAGE][PASSED] - Object: 'Object Repository/Login/a_Login' is clicked on

2023-10-04 20:30:57 - [TEST_STEP][PASSED] - verifyElementPresent(findTestObject("Login/Tittle Login"), 0): Object 'Object Repository/Login/Tittle Login' is present

2023-10-04 20:30:57 - [MESSAGE][WARNING] - Timeout '0' is invalid. Using default page load timeout: '30'

2023-10-04 20:30:58 - [MESSAGE][PASSED] - Object 'Object Repository/Login/Tittle Login' is present

2023-10-04 20:30:58 - [TEST_STEP][PASSED] - setText(findTestObject("Login/input_Username, Email atau No. Handphone_a"), username): Text 'irfanafandi' is set on object 'Object Repository/Login/input_Username, Email atau No. Handphone_a'

2023-10-04 20:30:58 - [MESSAGE][PASSED] - Text 'irfanafandi' is set on object 'Object Repository/Login/input_Username, Email atau No. Handphone_a'

2023-10-04 20:30:58 - [TEST_STEP][PASSED] - setText(findTestObject("Login/input_Password_b"), password): Text '12345irfan' is set on object 'Object Repository/Login/input_Password_b'

2023-10-04 20:30:59 - [MESSAGE][PASSED] - Text '12345irfan' is set on object 'Object Repository/Login/input_Password_b'

2023-10-04 20:30:59 - [TEST_STEP][PASSED] - click(findTestObject("Login/label_Ingat saya")): Object: 'Object Repository/Login/label_Ingat saya' is clicked on

2023-10-04 20:31:00 - [MESSAGE][PASSED] - Object: 'Object Repository/Login/label_Ingat saya' is clicked on

2023-10-04 20:31:00 - [TEST_STEP][PASSED] - click(findTestObject("Login/button_Masuk")): Object: 'Object Repository/Login/button_Masuk' is clicked on

2023-10-04 20:31:01 - [MESSAGE][PASSED] - Object: 'Object Repository/Login/button_Masuk' is clicked on

2023-10-04 20:31:01 - [TEST_STEP][PASSED] - verifyElementPresent(findTestObject("Login/li_Profile"), 0): Object 'Object Repository/Login/li_Profile' is present

2023-10-04 20:31:01 - [MESSAGE][WARNING] - Timeout '0' is invalid. Using default page load timeout: '30'

2023-10-04 20:31:01 - [MESSAGE][PASSED] - Object 'Object Repository/Login/li_Profile' is present

2023-10-04 20:31:01 - [MESSAGE][PASSED] - Call Test Case 'Test Cases/T13 Pembelian, Shipment dan Pembayaran/LU-001' successfully

2023-10-04 20:31:01 - [TEST_STEP][PASSED] - mouseOver(findTestObject("beli barang/i_Mulai Belanja_icon-menu")): Object: 'Object Repository/beli barang/i_Mulai Belanja_icon-menu' is hovered

2023-10-04 20:31:02 - [MESSAGE][PASSED] - Object: 'Object Repository/beli barang/i_Mulai Belanja_icon-menu' is hovered

2023-10-04 20:31:02 - [TEST_STEP][PASSED] - click(findTestObject("beli barang/a_Fashion  Busana Wanita")): Object: 'Object Repository/beli barang/a_Fashion  Busana Wanita' is clicked on

2023-10-04 20:31:03 - [MESSAGE][PASSED] - Object: 'Object Repository/beli barang/a_Fashion  Busana Wanita' is clicked on

2023-10-04 20:31:03 - [TEST_STEP][PASSED] - NamaSebelum = getText(findTestObject("verifikasi/Nama sebelum")): Text of object 'Object Repository/verifikasi/Nama sebelum' is: ''

2023-10-04 20:31:04 - [MESSAGE][PASSED] - Text of object 'Object Repository/verifikasi/Nama sebelum' is: ''

2023-10-04 20:31:04 - [TEST_STEP][PASSED] - HargaSebelum = getText(findTestObject("verifikasi/Harga sebelum")): Text of object 'Object Repository/verifikasi/Harga sebelum' is: 'Rp 1,299'

2023-10-04 20:31:04 - [MESSAGE][PASSED] - Text of object 'Object Repository/verifikasi/Harga sebelum' is: 'Rp 1,299'

2023-10-04 20:31:04 - [TEST_STEP][PASSED] - mouseOver(findTestObject("beli barang/barang mouse over")): Object: 'Object Repository/beli barang/barang mouse over' is hovered

2023-10-04 20:31:05 - [MESSAGE][PASSED] - Object: 'Object Repository/beli barang/barang mouse over' is hovered

2023-10-04 20:31:05 - [TEST_STEP][PASSED] - click(findTestObject("beli barang/buttom add to cart")): Object: 'Object Repository/beli barang/buttom add to cart' is clicked on

2023-10-04 20:31:07 - [MESSAGE][PASSED] - Object: 'Object Repository/beli barang/buttom add to cart' is clicked on

2023-10-04 20:31:07 - [TEST_STEP][PASSED] - NamaSesudah = getText(findTestObject("verifikasi/Nama sesudah")): Text of object 'Object Repository/verifikasi/Nama sesudah' is: 'Segitiga Instan Madeira - MDB5.3 Sunset'

2023-10-04 20:31:07 - [MESSAGE][PASSED] - Text of object 'Object Repository/verifikasi/Nama sesudah' is: 'Segitiga Instan Madeira - MDB5.3 Sunset'

2023-10-04 20:31:07 - [TEST_STEP][PASSED] - HargaSesudah = getText(findTestObject("verifikasi/Harga sesudah")): Text of object 'Object Repository/verifikasi/Harga sesudah' is: 'Rp 1,299'

2023-10-04 20:31:08 - [MESSAGE][PASSED] - Text of object 'Object Repository/verifikasi/Harga sesudah' is: 'Rp 1,299'

2023-10-04 20:31:08 - [TEST_STEP][PASSED] - assert NamaSesudah.contains(NamaSebelum): null

2023-10-04 20:31:08 - [TEST_STEP][PASSED] - assert HargaSesudah.contains(HargaSebelum): null

2023-10-04 20:31:08 - [TEST_STEP][PASSED] - click(findTestObject("beli barang/Tambah Keranjang busana wanita")): Object: 'Object Repository/beli barang/Tambah Keranjang busana wanita' is clicked on

2023-10-04 20:31:08 - [MESSAGE][PASSED] - Object: 'Object Repository/beli barang/Tambah Keranjang busana wanita' is clicked on

2023-10-04 20:31:08 - [TEST_STEP][PASSED] - verifyElementPresent(findTestObject("checkout/Notifikasi keranjang"), 1): Object 'Object Repository/checkout/Notifikasi keranjang' is present

2023-10-04 20:31:09 - [MESSAGE][PASSED] - Object 'Object Repository/checkout/Notifikasi keranjang' is present

2023-10-04 20:31:09 - [TEST_STEP][PASSED] - data = new java.util.HashMap(): null

2023-10-04 20:31:09 - [TEST_STEP][PASSED] - data.put("nama_barang", NamaSesudah): null

2023-10-04 20:31:09 - [TEST_STEP][PASSED] - data.put("price_barang", HargaSesudah): null

2023-10-04 20:31:09 - [TEST_STEP][PASSED] - return data: null

2023-10-04 20:31:09 - [MESSAGE][PASSED] - Call Test Case 'Test Cases/T13 Pembelian, Shipment dan Pembayaran/PBL-001' successfully

2023-10-04 20:31:09 - [TEST_STEP][PASSED] - mouseOver(findTestObject("beli barang/keranjang")): Object: 'Object Repository/beli barang/keranjang' is hovered

2023-10-04 20:31:10 - [MESSAGE][PASSED] - Object: 'Object Repository/beli barang/keranjang' is hovered

2023-10-04 20:31:10 - [TEST_STEP][PASSED] - click(findTestObject("beli barang/Lihat Sekarang")): Object: 'Object Repository/beli barang/Lihat Sekarang' is clicked on

2023-10-04 20:31:10 - [MESSAGE][PASSED] - Object: 'Object Repository/beli barang/Lihat Sekarang' is clicked on

2023-10-04 20:31:10 - [TEST_STEP][PASSED] - verifyElementPresent(findTestObject("keranjang/li_Keranjang Belanja"), 0): Object 'Object Repository/keranjang/li_Keranjang Belanja' is present

2023-10-04 20:31:11 - [MESSAGE][WARNING] - Timeout '0' is invalid. Using default page load timeout: '30'

2023-10-04 20:31:11 - [MESSAGE][PASSED] - Object 'Object Repository/keranjang/li_Keranjang Belanja' is present

2023-10-04 20:31:11 - [TEST_STEP][PASSED] - NamaKeranjang = getText(findTestObject("verifikasi/Nama keranjang")): Text of object 'Object Repository/verifikasi/Nama keranjang' is: 'Segitiga Instan Madeira - MDB5.3 Sunset'

2023-10-04 20:31:12 - [MESSAGE][PASSED] - Text of object 'Object Repository/verifikasi/Nama keranjang' is: 'Segitiga Instan Madeira - MDB5.3 Sunset'

2023-10-04 20:31:12 - [TEST_STEP][PASSED] - HargaKeranjang = getText(findTestObject("verifikasi/Harga Keranjang")): Text of object 'Object Repository/verifikasi/Harga Keranjang' is: 'Rp 1,299'

2023-10-04 20:31:12 - [MESSAGE][PASSED] - Text of object 'Object Repository/verifikasi/Harga Keranjang' is: 'Rp 1,299'

2023-10-04 20:31:12 - [TEST_STEP][PASSED] - if (toString().equalsIgnoreCase("Merah")): Object 'Object Repository/keranjang/input_Warna_variasi101' is checked

2023-10-04 20:31:12 - [TEST_STEP][PASSED] - check(findTestObject("Object Repository/keranjang/input_Warna_variasi101")): Object 'Object Repository/keranjang/input_Warna_variasi101' is checked

2023-10-04 20:31:13 - [MESSAGE][PASSED] - Object 'Object Repository/keranjang/input_Warna_variasi101' is checked

2023-10-04 20:31:13 - [TEST_STEP][PASSED] - if (toString().equalsIgnoreCase("Menengah")): Object 'Object Repository/keranjang/input_Ukuran_variasi201' is checked

2023-10-04 20:31:13 - [TEST_STEP][PASSED] - check(findTestObject("Object Repository/keranjang/input_Ukuran_variasi201")): Object 'Object Repository/keranjang/input_Ukuran_variasi201' is checked

2023-10-04 20:31:13 - [MESSAGE][PASSED] - Object 'Object Repository/keranjang/input_Ukuran_variasi201' is checked

2023-10-04 20:31:13 - [TEST_STEP][PASSED] - data.put("Warna", warna): null

2023-10-04 20:31:13 - [TEST_STEP][PASSED] - data.put("Ukuran", ukuran): null

2023-10-04 20:31:13 - [TEST_STEP][PASSED] - click(findTestObject("keranjang/button_Lanjut ke Pembayaran")): Object: 'Object Repository/keranjang/button_Lanjut ke Pembayaran' is clicked on

2023-10-04 20:31:15 - [MESSAGE][PASSED] - Object: 'Object Repository/keranjang/button_Lanjut ke Pembayaran' is clicked on

2023-10-04 20:31:15 - [TEST_STEP][PASSED] - verifyElementPresent(findTestObject("checkout/Tittle Checkout Order"), 0): Object 'Object Repository/checkout/Tittle Checkout Order' is present

2023-10-04 20:31:15 - [MESSAGE][WARNING] - Timeout '0' is invalid. Using default page load timeout: '30'

2023-10-04 20:31:15 - [MESSAGE][PASSED] - Object 'Object Repository/checkout/Tittle Checkout Order' is present

2023-10-04 20:31:15 - [TEST_STEP][PASSED] - name_product = data.get("nama_barang"): null

2023-10-04 20:31:15 - [TEST_STEP][PASSED] - price_product = data.get("price_barang"): null

2023-10-04 20:31:15 - [TEST_STEP][PASSED] - assert name_product == NamaKeranjang: null

2023-10-04 20:31:15 - [TEST_STEP][PASSED] - assert price_product == HargaKeranjang: null

2023-10-04 20:31:15 - [TEST_STEP][PASSED] - return data: null

2023-10-04 20:31:15 - [MESSAGE][PASSED] - Call Test Case 'Test Cases/T13 Pembelian, Shipment dan Pembayaran/PBL-002' successfully

2023-10-04 20:31:15 - [TEST_STEP][PASSED] - warnaa = getText(findTestObject("verifikasi/warna Merah")): Text of object 'Object Repository/verifikasi/warna Merah' is: 'Merah'

2023-10-04 20:31:16 - [MESSAGE][PASSED] - Text of object 'Object Repository/verifikasi/warna Merah' is: 'Merah'

2023-10-04 20:31:16 - [TEST_STEP][PASSED] - ukurann = getText(findTestObject("verifikasi/Ukuran Menengah")): Text of object 'Object Repository/verifikasi/Ukuran Menengah' is: 'Menengah'

2023-10-04 20:31:16 - [MESSAGE][PASSED] - Text of object 'Object Repository/verifikasi/Ukuran Menengah' is: 'Menengah'

2023-10-04 20:31:16 - [TEST_STEP][PASSED] - warna1 = data.get("Warna"): null

2023-10-04 20:31:16 - [TEST_STEP][PASSED] - ukuran1 = data.get("Ukuran"): null

2023-10-04 20:31:16 - [TEST_STEP][PASSED] - assert warnaa == warna1: null

2023-10-04 20:31:16 - [TEST_STEP][PASSED] - assert ukurann == ukuran1: null

2023-10-04 20:31:16 - [TEST_STEP][PASSED] - NamaCheckout = getText(findTestObject("verifikasi/NamaCheckout")): Text of object 'Object Repository/verifikasi/NamaCheckout' is: ''

2023-10-04 20:31:17 - [MESSAGE][PASSED] - Text of object 'Object Repository/verifikasi/NamaCheckout' is: ''

2023-10-04 20:31:17 - [TEST_STEP][PASSED] - HargaCheckout = getText(findTestObject("verifikasi/HargaCheckout")): Text of object 'Object Repository/verifikasi/HargaCheckout' is: '1,299'

2023-10-04 20:31:17 - [MESSAGE][PASSED] - Text of object 'Object Repository/verifikasi/HargaCheckout' is: '1,299'

2023-10-04 20:31:17 - [TEST_STEP][PASSED] - name_product = data.get("nama_barang"): null

2023-10-04 20:31:17 - [TEST_STEP][PASSED] - price_product = data.get("price_barang"): null

2023-10-04 20:31:17 - [TEST_STEP][PASSED] - assert name_product.contains(NamaCheckout): null

2023-10-04 20:31:17 - [TEST_STEP][PASSED] - assert price_product.contains(HargaCheckout): null

2023-10-04 20:31:17 - [TEST_STEP][PASSED] - selectOptionByLabel(findTestObject("checkout/select - Kirim via Kurir Lokal"), Kurir, false): All options with label 'Roda 2' are selected in object 'Object Repository/checkout/select - Kirim via Kurir Lokal' 

2023-10-04 20:31:18 - [MESSAGE][PASSED] - All options with label 'Roda 2' are selected in object 'Object Repository/checkout/select - Kirim via Kurir Lokal' 

2023-10-04 20:31:18 - [TEST_STEP][PASSED] - click(findTestObject("checkout/Kendaraan Kurir")): Object: 'Object Repository/checkout/Kendaraan Kurir' is clicked on

2023-10-04 20:31:19 - [MESSAGE][PASSED] - Object: 'Object Repository/checkout/Kendaraan Kurir' is clicked on

2023-10-04 20:31:19 - [TEST_STEP][PASSED] - OngkosKirim = getText(findTestObject("Object Repository/verifikasi/Ongkos Kirim checkout")): Text of object 'Object Repository/verifikasi/Ongkos Kirim checkout' is: 'Rp. 5,000'

2023-10-04 20:31:19 - [MESSAGE][PASSED] - Text of object 'Object Repository/verifikasi/Ongkos Kirim checkout' is: 'Rp. 5,000'

2023-10-04 20:31:19 - [TEST_STEP][PASSED] - Ongkos = OngkosKirim.substring(3, OngkosKirim.size()): null

2023-10-04 20:31:19 - [TEST_STEP][PASSED] - rep = Ongkos.replace(",", "."): null

2023-10-04 20:31:19 - [TEST_STEP][PASSED] - Ongkos_kirim = Double.parseDouble(rep): null

2023-10-04 20:31:19 - [TEST_STEP][PASSED] - println(Ongkos_kirim): null

2023-10-04 20:31:19 - [TEST_STEP][PASSED] - FeeAdmin = getText(findTestObject("verifikasi/Fee Admin checkout")): Text of object 'Object Repository/verifikasi/Fee Admin checkout' is: 'Fee Admin
Rp 1,500'

2023-10-04 20:31:20 - [MESSAGE][PASSED] - Text of object 'Object Repository/verifikasi/Fee Admin checkout' is: 'Fee Admin
Rp 1,500'

2023-10-04 20:31:20 - [TEST_STEP][PASSED] - Fee_Admin = FeeAdmin.substring(12, FeeAdmin.size()): null

2023-10-04 20:31:20 - [TEST_STEP][PASSED] - fee = Fee_Admin.replace(",", "."): null

2023-10-04 20:31:20 - [TEST_STEP][PASSED] - fee_admin = Double.parseDouble(fee): null

2023-10-04 20:31:20 - [TEST_STEP][PASSED] - println(fee_admin): null

2023-10-04 20:31:20 - [TEST_STEP][PASSED] - Subtotal = getText(findTestObject("verifikasi/subtotal checkout")): Text of object 'Object Repository/verifikasi/subtotal checkout' is: 'Subtotal
Rp 1,299'

2023-10-04 20:31:20 - [MESSAGE][PASSED] - Text of object 'Object Repository/verifikasi/subtotal checkout' is: 'Subtotal
Rp 1,299'

2023-10-04 20:31:20 - [TEST_STEP][PASSED] - sub_total = Subtotal.substring(12, Subtotal.size()): null

2023-10-04 20:31:20 - [TEST_STEP][PASSED] - sub = sub_total.replace(",", "."): null

2023-10-04 20:31:20 - [TEST_STEP][PASSED] - sub_total = Double.parseDouble(sub): null

2023-10-04 20:31:20 - [TEST_STEP][PASSED] - println(sub_total): null

2023-10-04 20:31:20 - [TEST_STEP][PASSED] - Total = getText(findTestObject("verifikasi/Total checkout")): Text of object 'Object Repository/verifikasi/Total checkout' is: 'Rp 7,799'

2023-10-04 20:31:21 - [MESSAGE][PASSED] - Text of object 'Object Repository/verifikasi/Total checkout' is: 'Rp 7,799'

2023-10-04 20:31:21 - [TEST_STEP][PASSED] - totall = Total.substring(3, Total.size()): null

2023-10-04 20:31:21 - [TEST_STEP][PASSED] - total = totall.replace(",", "."): null

2023-10-04 20:31:21 - [TEST_STEP][PASSED] - totall = Double.parseDouble(total): null

2023-10-04 20:31:21 - [TEST_STEP][PASSED] - println(totall): null

2023-10-04 20:31:21 - [TEST_STEP][PASSED] - Total_Harga = Ongkos_kirim + fee_admin + sub_total: null

2023-10-04 20:31:21 - [TEST_STEP][PASSED] - println(Total_Harga): null

2023-10-04 20:31:21 - [TEST_STEP][PASSED] - TotalHarga = Math.round(Total_Harga * 1000) / 1000: null

2023-10-04 20:31:21 - [TEST_STEP][PASSED] - println(TotalHarga): null

2023-10-04 20:31:21 - [TEST_STEP][PASSED] - assert totall == TotalHarga: null

2023-10-04 20:31:21 - [TEST_STEP][PASSED] - click(findTestObject("verifikasi/Metode Transfer")): Object: 'Object Repository/verifikasi/Metode Transfer' is clicked on

2023-10-04 20:31:21 - [MESSAGE][PASSED] - Object: 'Object Repository/verifikasi/Metode Transfer' is clicked on

2023-10-04 20:31:21 - [TEST_STEP][PASSED] - click(findTestObject("checkout/button_Proses Pembayaran")): Object: 'Object Repository/checkout/button_Proses Pembayaran' is clicked on

2023-10-04 20:31:27 - [MESSAGE][PASSED] - Object: 'Object Repository/checkout/button_Proses Pembayaran' is clicked on

2023-10-04 20:31:27 - [TEST_STEP][PASSED] - verifyElementPresent(findTestObject("pembayaran/Tittle nomor invoice"), 0): Object 'Object Repository/pembayaran/Tittle nomor invoice' is present

2023-10-04 20:31:27 - [MESSAGE][WARNING] - Timeout '0' is invalid. Using default page load timeout: '30'

2023-10-04 20:31:29 - [MESSAGE][PASSED] - Object 'Object Repository/pembayaran/Tittle nomor invoice' is present

2023-10-04 20:31:29 - [TEST_STEP][PASSED] - return data: null

2023-10-04 20:31:29 - [MESSAGE][PASSED] - Call Test Case 'Test Cases/T13 Pembelian, Shipment dan Pembayaran/PBL-004' successfully

2023-10-04 20:31:29 - [TEST_STEP][PASSED] - Invoice = getText(findTestObject("pembayaran/nomor invoice")): Text of object 'Object Repository/pembayaran/nomor invoice' is: 'TRX60.20231004203123'

2023-10-04 20:31:30 - [MESSAGE][PASSED] - Text of object 'Object Repository/pembayaran/nomor invoice' is: 'TRX60.20231004203123'

2023-10-04 20:31:30 - [TEST_STEP][PASSED] - data.put("invoice", Invoice): null

2023-10-04 20:31:30 - [TEST_STEP][PASSED] - NamaPemesan = getText(findTestObject("Konfirmasi pesanan shop/Nama pemesan")): Text of object 'Object Repository/Konfirmasi pesanan shop/Nama pemesan' is: 'irfan.afandi'

2023-10-04 20:31:30 - [MESSAGE][PASSED] - Text of object 'Object Repository/Konfirmasi pesanan shop/Nama pemesan' is: 'irfan.afandi'

2023-10-04 20:31:30 - [TEST_STEP][PASSED] - Nama = getText(findTestObject("pembayaran/Nama barang")): Text of object 'Object Repository/pembayaran/Nama barang' is: 'Segitiga Instan Madeira - MDB5.3 Sunset'

2023-10-04 20:31:31 - [MESSAGE][PASSED] - Text of object 'Object Repository/pembayaran/Nama barang' is: 'Segitiga Instan Madeira - MDB5.3 Sunset'

2023-10-04 20:31:31 - [TEST_STEP][PASSED] - Harga = getText(findTestObject("pembayaran/Harga barang")): Text of object 'Object Repository/pembayaran/Harga barang' is: '1,299'

2023-10-04 20:31:31 - [MESSAGE][PASSED] - Text of object 'Object Repository/pembayaran/Harga barang' is: '1,299'

2023-10-04 20:31:31 - [TEST_STEP][PASSED] - name_product = data.get("nama_barang"): null

2023-10-04 20:31:31 - [TEST_STEP][PASSED] - price_product = data.get("price_barang"): null

2023-10-04 20:31:31 - [TEST_STEP][PASSED] - assert name_product.contains(Nama): null

2023-10-04 20:31:31 - [TEST_STEP][PASSED] - assert price_product.contains(Harga): null

2023-10-04 20:31:31 - [TEST_STEP][PASSED] - warnaa = getText(findTestObject("pembayaran/warna")): Text of object 'Object Repository/pembayaran/warna' is: 'Merah'

2023-10-04 20:31:32 - [MESSAGE][PASSED] - Text of object 'Object Repository/pembayaran/warna' is: 'Merah'

2023-10-04 20:31:32 - [TEST_STEP][PASSED] - ukurann = getText(findTestObject("pembayaran/ukuran")): Text of object 'Object Repository/pembayaran/ukuran' is: 'Menengah'

2023-10-04 20:31:32 - [MESSAGE][PASSED] - Text of object 'Object Repository/pembayaran/ukuran' is: 'Menengah'

2023-10-04 20:31:32 - [TEST_STEP][PASSED] - warna1 = data.get("Warna"): null

2023-10-04 20:31:32 - [TEST_STEP][PASSED] - ukuran1 = data.get("Ukuran"): null

2023-10-04 20:31:32 - [TEST_STEP][PASSED] - assert warnaa == warna1: null

2023-10-04 20:31:32 - [TEST_STEP][PASSED] - assert ukurann == ukuran1: null

2023-10-04 20:31:32 - [TEST_STEP][PASSED] - statusPembelian = getText(findTestObject("verifikasi/Status pending di pembelian")): Text of object 'Object Repository/verifikasi/Status pending di pembelian' is: 'Pending'

2023-10-04 20:31:33 - [MESSAGE][PASSED] - Text of object 'Object Repository/verifikasi/Status pending di pembelian' is: 'Pending'

2023-10-04 20:31:33 - [TEST_STEP][PASSED] - data.put("statusPem", statusPembelian): null

2023-10-04 20:31:33 - [TEST_STEP][PASSED] - OngkosKirim = getText(findTestObject("pembayaran/ongkos kirim")): Text of object 'Object Repository/pembayaran/ongkos kirim' is: 'Rp 5,000'

2023-10-04 20:31:34 - [MESSAGE][PASSED] - Text of object 'Object Repository/pembayaran/ongkos kirim' is: 'Rp 5,000'

2023-10-04 20:31:34 - [TEST_STEP][PASSED] - Ongkos = OngkosKirim.substring(3, OngkosKirim.size()): null

2023-10-04 20:31:34 - [TEST_STEP][PASSED] - rep = Ongkos.replace(",", ""): null

2023-10-04 20:31:34 - [TEST_STEP][PASSED] - Ongkos_kirimm = Integer.parseInt(rep): null

2023-10-04 20:31:34 - [TEST_STEP][PASSED] - println(Ongkos_kirimm): null

2023-10-04 20:31:34 - [TEST_STEP][PASSED] - FeeAdmin = getText(findTestObject("pembayaran/fee admin")): Text of object 'Object Repository/pembayaran/fee admin' is: 'Rp 1,500'

2023-10-04 20:31:34 - [MESSAGE][PASSED] - Text of object 'Object Repository/pembayaran/fee admin' is: 'Rp 1,500'

2023-10-04 20:31:34 - [TEST_STEP][PASSED] - Fee_Admin = FeeAdmin.substring(3, FeeAdmin.size()): null

2023-10-04 20:31:34 - [TEST_STEP][PASSED] - fee = Fee_Admin.replace(",", ""): null

2023-10-04 20:31:34 - [TEST_STEP][PASSED] - fee_adminn = Integer.parseInt(fee): null

2023-10-04 20:31:34 - [TEST_STEP][PASSED] - println(fee_adminn): null

2023-10-04 20:31:34 - [TEST_STEP][PASSED] - Subtotal = getText(findTestObject("pembayaran/subtotal")): Text of object 'Object Repository/pembayaran/subtotal' is: 'Rp 1,299'

2023-10-04 20:31:35 - [MESSAGE][PASSED] - Text of object 'Object Repository/pembayaran/subtotal' is: 'Rp 1,299'

2023-10-04 20:31:35 - [TEST_STEP][PASSED] - sub_total = Subtotal.substring(3, Subtotal.size()): null

2023-10-04 20:31:35 - [TEST_STEP][PASSED] - sub = sub_total.replace(",", ""): null

2023-10-04 20:31:35 - [TEST_STEP][PASSED] - sub_totall = Integer.parseInt(sub): null

2023-10-04 20:31:35 - [TEST_STEP][PASSED] - println(sub_totall): null

2023-10-04 20:31:35 - [TEST_STEP][PASSED] - unik = getText(findTestObject("pembayaran/kode unik")): Text of object 'Object Repository/pembayaran/kode unik' is: '+123'

2023-10-04 20:31:35 - [MESSAGE][PASSED] - Text of object 'Object Repository/pembayaran/kode unik' is: '+123'

2023-10-04 20:31:35 - [TEST_STEP][PASSED] - unikk = unik.replace("+", ""): null

2023-10-04 20:31:35 - [TEST_STEP][PASSED] - kode_unik = Integer.parseInt(unikk): null

2023-10-04 20:31:35 - [TEST_STEP][PASSED] - println(kode_unik): null

2023-10-04 20:31:35 - [TEST_STEP][PASSED] - Total = getText(findTestObject("pembayaran/total")): Text of object 'Object Repository/pembayaran/total' is: '7,922'

2023-10-04 20:31:36 - [MESSAGE][PASSED] - Text of object 'Object Repository/pembayaran/total' is: '7,922'

2023-10-04 20:31:36 - [TEST_STEP][PASSED] - total = Total.replace(",", ""): null

2023-10-04 20:31:36 - [TEST_STEP][PASSED] - totalll = Integer.parseInt(total): null

2023-10-04 20:31:36 - [TEST_STEP][PASSED] - println(totalll): null

2023-10-04 20:31:36 - [TEST_STEP][PASSED] - Total_Hargaa = Ongkos_kirimm + fee_adminn + sub_totall + kode_unik: null

2023-10-04 20:31:36 - [TEST_STEP][PASSED] - println(Total_Hargaa): null

2023-10-04 20:31:36 - [TEST_STEP][PASSED] - assert totalll == Total_Hargaa: null

2023-10-04 20:31:36 - [TEST_STEP][PASSED] - data.put("total", Total): null

2023-10-04 20:31:36 - [TEST_STEP][PASSED] - data.put("nama", NamaPemesan): null

2023-10-04 20:31:36 - [TEST_STEP][PASSED] - return data: null

2023-10-04 20:31:36 - [MESSAGE][PASSED] - Call Test Case 'Test Cases/T13 Pembelian, Shipment dan Pembayaran/PBY-001' successfully

2023-10-04 20:31:36 - [TEST_STEP][PASSED] - inv = data.get("invoice"): null

2023-10-04 20:31:36 - [TEST_STEP][PASSED] - Total = data.get("total"): null

2023-10-04 20:31:36 - [TEST_STEP][PASSED] - NamaPemesan = data.get("nama"): null

2023-10-04 20:31:36 - [TEST_STEP][PASSED] - click(findTestObject("Konfirmasi pesanan shop/Menu Shop")): Object: 'Object Repository/Konfirmasi pesanan shop/Menu Shop' is clicked on

2023-10-04 20:31:37 - [MESSAGE][PASSED] - Object: 'Object Repository/Konfirmasi pesanan shop/Menu Shop' is clicked on

2023-10-04 20:31:37 - [TEST_STEP][PASSED] - click(findTestObject("Konfirmasi pesanan shop/Menu Shop")): Object: 'Object Repository/Konfirmasi pesanan shop/Menu Shop' is clicked on

2023-10-04 20:31:38 - [MESSAGE][PASSED] - Object: 'Object Repository/Konfirmasi pesanan shop/Menu Shop' is clicked on

2023-10-04 20:31:38 - [TEST_STEP][PASSED] - click(findTestObject("Konfirmasi pesanan shop/Konfirmasi Orders")): Object: 'Object Repository/Konfirmasi pesanan shop/Konfirmasi Orders' is clicked on

2023-10-04 20:31:39 - [MESSAGE][PASSED] - Object: 'Object Repository/Konfirmasi pesanan shop/Konfirmasi Orders' is clicked on

2023-10-04 20:31:39 - [TEST_STEP][PASSED] - verifyElementPresent(findTestObject("Konfirmasi pesanan shop/Tittle Konfirmasi Pesanan"), 0): Object 'Object Repository/Konfirmasi pesanan shop/Tittle Konfirmasi Pesanan' is present

2023-10-04 20:31:39 - [MESSAGE][WARNING] - Timeout '0' is invalid. Using default page load timeout: '30'

2023-10-04 20:31:40 - [MESSAGE][PASSED] - Object 'Object Repository/Konfirmasi pesanan shop/Tittle Konfirmasi Pesanan' is present

2023-10-04 20:31:40 - [TEST_STEP][PASSED] - setText(findTestObject("Konfirmasi pesanan shop/input_No Pesanan"), inv): Text 'TRX60.20231004203123' is set on object 'Object Repository/Konfirmasi pesanan shop/input_No Pesanan'

2023-10-04 20:31:40 - [MESSAGE][PASSED] - Text 'TRX60.20231004203123' is set on object 'Object Repository/Konfirmasi pesanan shop/input_No Pesanan'

2023-10-04 20:31:40 - [TEST_STEP][PASSED] - setText(findTestObject("Konfirmasi pesanan shop/input_Alamat E-mai"), "irfan@gmail.com"): Text 'irfan@gmail.com' is set on object 'Object Repository/Konfirmasi pesanan shop/input_Alamat E-mai'

2023-10-04 20:31:41 - [MESSAGE][PASSED] - Text 'irfan@gmail.com' is set on object 'Object Repository/Konfirmasi pesanan shop/input_Alamat E-mai'

2023-10-04 20:31:41 - [TEST_STEP][PASSED] - click(findTestObject("Konfirmasi pesanan shop/button_Submit")): Object: 'Object Repository/Konfirmasi pesanan shop/button_Submit' is clicked on

2023-10-04 20:31:42 - [MESSAGE][PASSED] - Object: 'Object Repository/Konfirmasi pesanan shop/button_Submit' is clicked on

2023-10-04 20:31:42 - [TEST_STEP][PASSED] - verifyElementPresent(findTestObject("Konfirmasi pesanan shop/Tittle nomor invoice"), 0): Object 'Object Repository/Konfirmasi pesanan shop/Tittle nomor invoice' is present

2023-10-04 20:31:42 - [MESSAGE][WARNING] - Timeout '0' is invalid. Using default page load timeout: '30'

2023-10-04 20:31:42 - [MESSAGE][PASSED] - Object 'Object Repository/Konfirmasi pesanan shop/Tittle nomor invoice' is present

2023-10-04 20:31:42 - [TEST_STEP][PASSED] - setText(findTestObject("Konfirmasi pesanan shop/input_Total TagihanTransfer_b"), Total): Text '7,922' is set on object 'Object Repository/Konfirmasi pesanan shop/input_Total TagihanTransfer_b'

2023-10-04 20:31:43 - [MESSAGE][PASSED] - Text '7,922' is set on object 'Object Repository/Konfirmasi pesanan shop/input_Total TagihanTransfer_b'

2023-10-04 20:31:43 - [TEST_STEP][PASSED] - selectOptionByValue(findTestObject("Konfirmasi pesanan shop/select_Bank"), "4", false): All options with value '4' are selected in object 'Object Repository/Konfirmasi pesanan shop/select_Bank' 

2023-10-04 20:31:44 - [MESSAGE][PASSED] - All options with value '4' are selected in object 'Object Repository/Konfirmasi pesanan shop/select_Bank' 

2023-10-04 20:31:44 - [TEST_STEP][PASSED] - setText(findTestObject("Konfirmasi pesanan shop/input_Nama Pengirim_d"), NamaPemesan): Text 'irfan.afandi' is set on object 'Object Repository/Konfirmasi pesanan shop/input_Nama Pengirim_d'

2023-10-04 20:31:45 - [MESSAGE][PASSED] - Text 'irfan.afandi' is set on object 'Object Repository/Konfirmasi pesanan shop/input_Nama Pengirim_d'

2023-10-04 20:31:45 - [TEST_STEP][PASSED] - uploadFile(findTestObject("keranjang/konfirmasi/input_Upload Bukti Transfer_f"), "C:\Users\IRFAN\Downloads\Berkas2.pdf"): File 'C:\Users\IRFAN\Downloads\Berkas2.pdf' sent to object: 'Object Repository/keranjang/konfirmasi/input_Upload Bukti Transfer_f'

2023-10-04 20:31:45 - [MESSAGE][PASSED] - File 'C:\Users\IRFAN\Downloads\Berkas2.pdf' sent to object: 'Object Repository/keranjang/konfirmasi/input_Upload Bukti Transfer_f'

2023-10-04 20:31:45 - [TEST_STEP][PASSED] - click(findTestObject("Konfirmasi pesanan shop/button_Konfirmasi Pembayaran")): Object: 'Object Repository/Konfirmasi pesanan shop/button_Konfirmasi Pembayaran' is clicked on

2023-10-04 20:31:46 - [MESSAGE][PASSED] - Object: 'Object Repository/Konfirmasi pesanan shop/button_Konfirmasi Pembayaran' is clicked on

2023-10-04 20:31:46 - [TEST_STEP][PASSED] - verifyElementPresent(findTestObject("Konfirmasi pesanan shop/Tittle Konfirmasi Pesanan"), 0): Object 'Object Repository/Konfirmasi pesanan shop/Tittle Konfirmasi Pesanan' is present

2023-10-04 20:31:47 - [MESSAGE][WARNING] - Timeout '0' is invalid. Using default page load timeout: '30'

2023-10-04 20:31:47 - [MESSAGE][PASSED] - Object 'Object Repository/Konfirmasi pesanan shop/Tittle Konfirmasi Pesanan' is present

2023-10-04 20:31:47 - [TEST_STEP][PASSED] - verifyElementPresent(findTestObject("Konfirmasi pesanan shop/Tittle massage succes Konfirmasi Pembayaran Pesanan"), 0): Object 'Object Repository/Konfirmasi pesanan shop/Tittle massage succes Konfirmasi Pembayaran Pesanan' is present

2023-10-04 20:31:47 - [MESSAGE][WARNING] - Timeout '0' is invalid. Using default page load timeout: '30'

2023-10-04 20:31:47 - [MESSAGE][PASSED] - Object 'Object Repository/Konfirmasi pesanan shop/Tittle massage succes Konfirmasi Pembayaran Pesanan' is present

2023-10-04 20:31:47 - [TEST_STEP][PASSED] - return data: null

2023-10-04 20:31:47 - [MESSAGE][PASSED] - Call Test Case 'Test Cases/T13 Pembelian, Shipment dan Pembayaran/PBY-004' successfully

2023-10-04 20:31:47 - [TEST_STEP][PASSED] - navigateToUrl("https://10.9.2.63/ecommerce/administrator/"): Navigate to 'https://10.9.2.63/ecommerce/administrator/' successfully

2023-10-04 20:31:48 - [MESSAGE][PASSED] - Navigate to 'https://10.9.2.63/ecommerce/administrator/' successfully

2023-10-04 20:31:48 - [TEST_STEP][PASSED] - verifyElementPresent(findTestObject("admin/Tittle ADMIN Login"), 0): Object 'Object Repository/admin/Tittle ADMIN Login' is present

2023-10-04 20:31:48 - [MESSAGE][WARNING] - Timeout '0' is invalid. Using default page load timeout: '30'

2023-10-04 20:31:49 - [MESSAGE][PASSED] - Object 'Object Repository/admin/Tittle ADMIN Login' is present

2023-10-04 20:31:49 - [TEST_STEP][PASSED] - setText(findTestObject("admin/Username"), "admin"): Text 'admin' is set on object 'Object Repository/admin/Username'

2023-10-04 20:31:49 - [MESSAGE][PASSED] - Text 'admin' is set on object 'Object Repository/admin/Username'

2023-10-04 20:31:49 - [TEST_STEP][PASSED] - setText(findTestObject("admin/Password"), "123admin123"): Text '123admin123' is set on object 'Object Repository/admin/Password'

2023-10-04 20:31:50 - [MESSAGE][PASSED] - Text '123admin123' is set on object 'Object Repository/admin/Password'

2023-10-04 20:31:50 - [TEST_STEP][PASSED] - click(findTestObject("admin/Remember Me")): Object: 'Object Repository/admin/Remember Me' is clicked on

2023-10-04 20:31:51 - [MESSAGE][PASSED] - Object: 'Object Repository/admin/Remember Me' is clicked on

2023-10-04 20:31:51 - [TEST_STEP][PASSED] - delay(10): Delayed 10 second(s)

2023-10-04 20:32:01 - [MESSAGE][PASSED] - Delayed 10 second(s)

2023-10-04 20:32:01 - [TEST_STEP][PASSED] - click(findTestObject("admin/buttom submit")): Object: 'Object Repository/admin/buttom submit' is clicked on

2023-10-04 20:32:03 - [MESSAGE][PASSED] - Object: 'Object Repository/admin/buttom submit' is clicked on

2023-10-04 20:32:03 - [TEST_STEP][PASSED] - verifyElementPresent(findTestObject("admin/Konf order konsumen/Tittle Dashboard"), 0): Object 'Object Repository/admin/Konf order konsumen/Tittle Dashboard' is present

2023-10-04 20:32:03 - [MESSAGE][WARNING] - Timeout '0' is invalid. Using default page load timeout: '30'

2023-10-04 20:32:09 - [MESSAGE][PASSED] - Object 'Object Repository/admin/Konf order konsumen/Tittle Dashboard' is present

2023-10-04 20:32:09 - [TEST_STEP][PASSED] - click(findTestObject("admin/Konf order konsumen/Menu Transaksi Market")): Object: 'Object Repository/admin/Konf order konsumen/Menu Transaksi Market' is clicked on

2023-10-04 20:32:10 - [MESSAGE][PASSED] - Object: 'Object Repository/admin/Konf order konsumen/Menu Transaksi Market' is clicked on

2023-10-04 20:32:10 - [TEST_STEP][PASSED] - click(findTestObject("admin/Konf order konsumen/Menu Konf. Order Konsumen")): Object: 'Object Repository/admin/Konf order konsumen/Menu Konf. Order Konsumen' is clicked on

2023-10-04 20:32:11 - [MESSAGE][PASSED] - Object: 'Object Repository/admin/Konf order konsumen/Menu Konf. Order Konsumen' is clicked on

2023-10-04 20:32:11 - [TEST_STEP][PASSED] - verifyElementPresent(findTestObject("admin/Konf order konsumen/Tittle Data Konfirmasi Pembayaran Konsumen"), 0): Object 'Object Repository/admin/Konf order konsumen/Tittle Data Konfirmasi Pembayaran Konsumen' is present

2023-10-04 20:32:11 - [MESSAGE][WARNING] - Timeout '0' is invalid. Using default page load timeout: '30'

2023-10-04 20:32:17 - [MESSAGE][PASSED] - Object 'Object Repository/admin/Konf order konsumen/Tittle Data Konfirmasi Pembayaran Konsumen' is present

2023-10-04 20:32:17 - [TEST_STEP][PASSED] - inv = data.get("invoice"): null

2023-10-04 20:32:17 - [TEST_STEP][PASSED] - setText(findTestObject("admin/Konf order konsumen/Search"), inv): Text 'TRX60.20231004203123' is set on object 'Object Repository/admin/Konf order konsumen/Search'

2023-10-04 20:32:18 - [MESSAGE][PASSED] - Text 'TRX60.20231004203123' is set on object 'Object Repository/admin/Konf order konsumen/Search'

2023-10-04 20:32:18 - [TEST_STEP][PASSED] - verifyElementText(findTestObject("admin/Konf order konsumen/Keterangan Lunas"), "Lunas"): Actual text and expected text of test object 'Object Repository/admin/Konf order konsumen/Keterangan Lunas' are matched.

2023-10-04 20:32:18 - [MESSAGE][PASSED] - Actual text and expected text of test object 'Object Repository/admin/Konf order konsumen/Keterangan Lunas' are matched.

2023-10-04 20:32:18 - [TEST_STEP][PASSED] - return data: null

2023-10-04 20:32:18 - [MESSAGE][PASSED] - Call Test Case 'Test Cases/T13 Pembelian, Shipment dan Pembayaran/PBYA-001' successfully

2023-10-04 20:32:18 - [TEST_STEP][PASSED] - click(findTestObject("admin/Penjualan ke konsumen/buttom Dashboard")): Object: 'Object Repository/admin/Penjualan ke konsumen/buttom Dashboard' is clicked on

2023-10-04 20:32:19 - [MESSAGE][PASSED] - Object: 'Object Repository/admin/Penjualan ke konsumen/buttom Dashboard' is clicked on

2023-10-04 20:32:19 - [TEST_STEP][PASSED] - click(findTestObject("admin/Konf order konsumen/Menu Transaksi Market")): Object: 'Object Repository/admin/Konf order konsumen/Menu Transaksi Market' is clicked on

2023-10-04 20:32:27 - [MESSAGE][PASSED] - Object: 'Object Repository/admin/Konf order konsumen/Menu Transaksi Market' is clicked on

2023-10-04 20:32:27 - [TEST_STEP][PASSED] - click(findTestObject("admin/Penjualan ke konsumen/a_Penjualan ke Konsumen")): Object: 'Object Repository/admin/Penjualan ke konsumen/a_Penjualan ke Konsumen' is clicked on

2023-10-04 20:32:29 - [MESSAGE][PASSED] - Object: 'Object Repository/admin/Penjualan ke konsumen/a_Penjualan ke Konsumen' is clicked on

2023-10-04 20:32:29 - [TEST_STEP][PASSED] - verifyElementPresent(findTestObject("admin/Tittle Data Transaksi Penjualan  Orderan Konsumen"), 0): Object 'Object Repository/admin/Tittle Data Transaksi Penjualan  Orderan Konsumen' is present

2023-10-04 20:32:29 - [MESSAGE][WARNING] - Timeout '0' is invalid. Using default page load timeout: '30'

2023-10-04 20:32:37 - [MESSAGE][PASSED] - Object 'Object Repository/admin/Tittle Data Transaksi Penjualan  Orderan Konsumen' is present

2023-10-04 20:32:37 - [TEST_STEP][PASSED] - return data: null

2023-10-04 20:32:37 - [MESSAGE][PASSED] - Call Test Case 'Test Cases/T13 Pembelian, Shipment dan Pembayaran/SA-001' successfully

2023-10-04 20:32:37 - [TEST_STEP][PASSED] - inv = data.get("invoice"): null

2023-10-04 20:32:37 - [TEST_STEP][PASSED] - setText(findTestObject("admin/Penjualan ke konsumen/Search"), inv): Text 'TRX60.20231004203123' is set on object 'Object Repository/admin/Penjualan ke konsumen/Search'

2023-10-04 20:32:38 - [MESSAGE][PASSED] - Text 'TRX60.20231004203123' is set on object 'Object Repository/admin/Penjualan ke konsumen/Search'

2023-10-04 20:32:38 - [TEST_STEP][PASSED] - click(findTestObject("admin/Penjualan ke konsumen/buttom konfirmasi pending payment")): Object: 'Object Repository/admin/Penjualan ke konsumen/buttom konfirmasi pending payment' is clicked on

2023-10-04 20:32:39 - [MESSAGE][PASSED] - Object: 'Object Repository/admin/Penjualan ke konsumen/buttom konfirmasi pending payment' is clicked on

2023-10-04 20:32:39 - [TEST_STEP][PASSED] - acceptAlert(STOP_ON_FAILURE): Alert accepted

2023-10-04 20:32:39 - [MESSAGE][PASSED] - Alert accepted

2023-10-04 20:32:39 - [TEST_STEP][PASSED] - setText(findTestObject("admin/Penjualan ke konsumen/Search"), inv): Text 'TRX60.20231004203123' is set on object 'Object Repository/admin/Penjualan ke konsumen/Search'

2023-10-04 20:32:40 - [MESSAGE][PASSED] - Text 'TRX60.20231004203123' is set on object 'Object Repository/admin/Penjualan ke konsumen/Search'

2023-10-04 20:32:40 - [TEST_STEP][PASSED] - verifyTextNotPresent("pending payment", false): Text 'pending payment' is not present on page

2023-10-04 20:32:41 - [MESSAGE][PASSED] - Text 'pending payment' is not present on page

2023-10-04 20:32:41 - [TEST_STEP][PASSED] - return data: null

2023-10-04 20:32:41 - [MESSAGE][PASSED] - Call Test Case 'Test Cases/T13 Pembelian, Shipment dan Pembayaran/SA-002' successfully

2023-10-04 20:32:41 - [TEST_STEP][PASSED] - click(findTestObject("admin/Penjualan ke konsumen/buttom scroldown")): Object: 'Object Repository/admin/Penjualan ke konsumen/buttom scroldown' is clicked on

2023-10-04 20:32:41 - [MESSAGE][PASSED] - Object: 'Object Repository/admin/Penjualan ke konsumen/buttom scroldown' is clicked on

2023-10-04 20:32:41 - [TEST_STEP][PASSED] - click(findTestObject("shipment/a_BatalRefund")): Object: 'Object Repository/shipment/a_BatalRefund' is clicked on

2023-10-04 20:32:42 - [MESSAGE][PASSED] - Object: 'Object Repository/shipment/a_BatalRefund' is clicked on

2023-10-04 20:32:42 - [TEST_STEP][PASSED] - acceptAlert(): Alert accepted

2023-10-04 20:32:42 - [MESSAGE][PASSED] - Alert accepted

2023-10-04 20:32:42 - [TEST_STEP][PASSED] - inv = data.get("invoice"): null

2023-10-04 20:32:42 - [TEST_STEP][PASSED] - delay(10): Delayed 10 second(s)

2023-10-04 20:32:52 - [MESSAGE][PASSED] - Delayed 10 second(s)

2023-10-04 20:32:52 - [TEST_STEP][PASSED] - verifyTextNotPresent(inv, false): Text 'TRX60.20231004203123' is not present on page

2023-10-04 20:32:55 - [MESSAGE][PASSED] - Text 'TRX60.20231004203123' is not present on page

2023-10-04 20:32:55 - [TEST_STEP][PASSED] - return data: null]]></system-out>
         <system-err><![CDATA[]]></system-err>
      </testcase>
      <testcase name="Test Cases/T13 Pembelian, Shipment dan Pembayaran/SA-008" time="158.936" classname="Test Cases/T13 Pembelian, Shipment dan Pembayaran/SA-008" status="PASSED">
         <system-out><![CDATA[2023-10-04 20:32:55 - [TEST_CASE][PASSED] - Test Cases/T13 Pembelian, Shipment dan Pembayaran/SA-008: Test Cases/T13 Pembelian, Shipment dan Pembayaran/SA-008

2023-10-04 20:32:56 - [TEST_STEP][PASSED] - data = callTestCase(findTestCase("T13 Pembelian, Shipment dan Pembayaran/SA-002"), [:], STOP_ON_FAILURE): Call Test Case 'Test Cases/T13 Pembelian, Shipment dan Pembayaran/SA-002' successfully

2023-10-04 20:32:56 - [TEST_CASE][PASSED] - Test Cases/T13 Pembelian, Shipment dan Pembayaran/SA-002: Test Cases/T13 Pembelian, Shipment dan Pembayaran/SA-002

2023-10-04 20:32:56 - [TEST_STEP][PASSED] - data = callTestCase(findTestCase("T13 Pembelian, Shipment dan Pembayaran/SA-001"), [:], STOP_ON_FAILURE): Call Test Case 'Test Cases/T13 Pembelian, Shipment dan Pembayaran/SA-001' successfully

2023-10-04 20:32:56 - [TEST_CASE][PASSED] - Test Cases/T13 Pembelian, Shipment dan Pembayaran/SA-001: Test Cases/T13 Pembelian, Shipment dan Pembayaran/SA-001

2023-10-04 20:32:56 - [TEST_STEP][PASSED] - data = callTestCase(findTestCase("T13 Pembelian, Shipment dan Pembayaran/PBYA-001"), [:], STOP_ON_FAILURE): Call Test Case 'Test Cases/T13 Pembelian, Shipment dan Pembayaran/PBYA-001' successfully

2023-10-04 20:32:56 - [TEST_CASE][PASSED] - Test Cases/T13 Pembelian, Shipment dan Pembayaran/PBYA-001: Test Cases/T13 Pembelian, Shipment dan Pembayaran/PBYA-001

2023-10-04 20:32:56 - [TEST_STEP][PASSED] - data = callTestCase(findTestCase("T13 Pembelian, Shipment dan Pembayaran/PBY-004"), [:], STOP_ON_FAILURE): Call Test Case 'Test Cases/T13 Pembelian, Shipment dan Pembayaran/PBY-004' successfully

2023-10-04 20:32:56 - [TEST_CASE][PASSED] - Test Cases/T13 Pembelian, Shipment dan Pembayaran/PBY-004: Test Cases/T13 Pembelian, Shipment dan Pembayaran/PBY-004

2023-10-04 20:32:56 - [TEST_STEP][PASSED] - data = callTestCase(findTestCase("T13 Pembelian, Shipment dan Pembayaran/PBY-001"), [:], STOP_ON_FAILURE): Call Test Case 'Test Cases/T13 Pembelian, Shipment dan Pembayaran/PBY-001' successfully

2023-10-04 20:32:56 - [TEST_CASE][PASSED] - Test Cases/T13 Pembelian, Shipment dan Pembayaran/PBY-001: Test Cases/T13 Pembelian, Shipment dan Pembayaran/PBY-001

2023-10-04 20:32:56 - [TEST_STEP][PASSED] - data = callTestCase(findTestCase("T13 Pembelian, Shipment dan Pembayaran/PBL-004"), ["Kurir":"Roda 2"], STOP_ON_FAILURE): Call Test Case 'Test Cases/T13 Pembelian, Shipment dan Pembayaran/PBL-004' successfully

2023-10-04 20:32:56 - [TEST_CASE][PASSED] - Test Cases/T13 Pembelian, Shipment dan Pembayaran/PBL-004: Test Cases/T13 Pembelian, Shipment dan Pembayaran/PBL-004

2023-10-04 20:32:56 - [TEST_STEP][PASSED] - data = callTestCase(findTestCase("T13 Pembelian, Shipment dan Pembayaran/PBL-002"), [:], STOP_ON_FAILURE): Call Test Case 'Test Cases/T13 Pembelian, Shipment dan Pembayaran/PBL-002' successfully

2023-10-04 20:32:57 - [TEST_CASE][PASSED] - Test Cases/T13 Pembelian, Shipment dan Pembayaran/PBL-002: Test Cases/T13 Pembelian, Shipment dan Pembayaran/PBL-002

2023-10-04 20:32:57 - [TEST_STEP][PASSED] - data = callTestCase(findTestCase("T13 Pembelian, Shipment dan Pembayaran/PBL-001"), [:], STOP_ON_FAILURE): Call Test Case 'Test Cases/T13 Pembelian, Shipment dan Pembayaran/PBL-001' successfully

2023-10-04 20:32:57 - [TEST_CASE][PASSED] - Test Cases/T13 Pembelian, Shipment dan Pembayaran/PBL-001: Test Cases/T13 Pembelian, Shipment dan Pembayaran/PBL-001

2023-10-04 20:32:57 - [TEST_STEP][PASSED] - callTestCase(findTestCase("T13 Pembelian, Shipment dan Pembayaran/LU-001"), ["username":"irfanafandi", "password":"12345irfan"], STOP_ON_FAILURE): Call Test Case 'Test Cases/T13 Pembelian, Shipment dan Pembayaran/LU-001' successfully

2023-10-04 20:32:57 - [TEST_CASE][PASSED] - Test Cases/T13 Pembelian, Shipment dan Pembayaran/LU-001: Test Cases/T13 Pembelian, Shipment dan Pembayaran/LU-001

2023-10-04 20:32:57 - [TEST_STEP][PASSED] - openBrowser("https://10.9.2.63/ecommerce/"): Browser is opened with url: 'https://10.9.2.63/ecommerce/'

2023-10-04 20:32:57 - [MESSAGE][WARNING] - A browser is already opened. Closing browser and opening a new one

2023-10-04 20:32:59 - [MESSAGE][INFO] - Starting 'Firefox' driver

2023-10-04 20:32:59 - [MESSAGE][INFO] - User set preference: ['args', '[--disable-notifications]']

2023-10-04 20:32:59 - [MESSAGE][INFO] - Action delay is set to 0 milliseconds

2023-10-04 20:33:07 - [MESSAGE][PASSED] - Browser is opened with url: 'https://10.9.2.63/ecommerce/'

2023-10-04 20:33:07 - [TEST_STEP][PASSED] - maximizeWindow(): Current window maximized

2023-10-04 20:33:07 - [MESSAGE][PASSED] - Current window maximized

2023-10-04 20:33:07 - [TEST_STEP][PASSED] - verifyElementPresent(findTestObject("Login/Home"), 0): Object 'Object Repository/Login/Home' is present

2023-10-04 20:33:07 - [MESSAGE][WARNING] - Timeout '0' is invalid. Using default page load timeout: '30'

2023-10-04 20:33:07 - [MESSAGE][PASSED] - Object 'Object Repository/Login/Home' is present

2023-10-04 20:33:07 - [TEST_STEP][PASSED] - click(findTestObject("Login/a_Login")): Object: 'Object Repository/Login/a_Login' is clicked on

2023-10-04 20:33:08 - [MESSAGE][PASSED] - Object: 'Object Repository/Login/a_Login' is clicked on

2023-10-04 20:33:08 - [TEST_STEP][PASSED] - verifyElementPresent(findTestObject("Login/Tittle Login"), 0): Object 'Object Repository/Login/Tittle Login' is present

2023-10-04 20:33:08 - [MESSAGE][WARNING] - Timeout '0' is invalid. Using default page load timeout: '30'

2023-10-04 20:33:09 - [MESSAGE][PASSED] - Object 'Object Repository/Login/Tittle Login' is present

2023-10-04 20:33:09 - [TEST_STEP][PASSED] - setText(findTestObject("Login/input_Username, Email atau No. Handphone_a"), username): Text 'irfanafandi' is set on object 'Object Repository/Login/input_Username, Email atau No. Handphone_a'

2023-10-04 20:33:09 - [MESSAGE][PASSED] - Text 'irfanafandi' is set on object 'Object Repository/Login/input_Username, Email atau No. Handphone_a'

2023-10-04 20:33:09 - [TEST_STEP][PASSED] - setText(findTestObject("Login/input_Password_b"), password): Text '12345irfan' is set on object 'Object Repository/Login/input_Password_b'

2023-10-04 20:33:10 - [MESSAGE][PASSED] - Text '12345irfan' is set on object 'Object Repository/Login/input_Password_b'

2023-10-04 20:33:10 - [TEST_STEP][PASSED] - click(findTestObject("Login/label_Ingat saya")): Object: 'Object Repository/Login/label_Ingat saya' is clicked on

2023-10-04 20:33:11 - [MESSAGE][PASSED] - Object: 'Object Repository/Login/label_Ingat saya' is clicked on

2023-10-04 20:33:11 - [TEST_STEP][PASSED] - click(findTestObject("Login/button_Masuk")): Object: 'Object Repository/Login/button_Masuk' is clicked on

2023-10-04 20:33:12 - [MESSAGE][PASSED] - Object: 'Object Repository/Login/button_Masuk' is clicked on

2023-10-04 20:33:12 - [TEST_STEP][PASSED] - verifyElementPresent(findTestObject("Login/li_Profile"), 0): Object 'Object Repository/Login/li_Profile' is present

2023-10-04 20:33:12 - [MESSAGE][WARNING] - Timeout '0' is invalid. Using default page load timeout: '30'

2023-10-04 20:33:12 - [MESSAGE][PASSED] - Object 'Object Repository/Login/li_Profile' is present

2023-10-04 20:33:12 - [MESSAGE][PASSED] - Call Test Case 'Test Cases/T13 Pembelian, Shipment dan Pembayaran/LU-001' successfully

2023-10-04 20:33:12 - [TEST_STEP][PASSED] - mouseOver(findTestObject("beli barang/i_Mulai Belanja_icon-menu")): Object: 'Object Repository/beli barang/i_Mulai Belanja_icon-menu' is hovered

2023-10-04 20:33:13 - [MESSAGE][PASSED] - Object: 'Object Repository/beli barang/i_Mulai Belanja_icon-menu' is hovered

2023-10-04 20:33:13 - [TEST_STEP][PASSED] - click(findTestObject("beli barang/a_Fashion  Busana Wanita")): Object: 'Object Repository/beli barang/a_Fashion  Busana Wanita' is clicked on

2023-10-04 20:33:14 - [MESSAGE][PASSED] - Object: 'Object Repository/beli barang/a_Fashion  Busana Wanita' is clicked on

2023-10-04 20:33:14 - [TEST_STEP][PASSED] - NamaSebelum = getText(findTestObject("verifikasi/Nama sebelum")): Text of object 'Object Repository/verifikasi/Nama sebelum' is: ''

2023-10-04 20:33:15 - [MESSAGE][PASSED] - Text of object 'Object Repository/verifikasi/Nama sebelum' is: ''

2023-10-04 20:33:15 - [TEST_STEP][PASSED] - HargaSebelum = getText(findTestObject("verifikasi/Harga sebelum")): Text of object 'Object Repository/verifikasi/Harga sebelum' is: 'Rp 1,299'

2023-10-04 20:33:16 - [MESSAGE][PASSED] - Text of object 'Object Repository/verifikasi/Harga sebelum' is: 'Rp 1,299'

2023-10-04 20:33:16 - [TEST_STEP][PASSED] - mouseOver(findTestObject("beli barang/barang mouse over")): Object: 'Object Repository/beli barang/barang mouse over' is hovered

2023-10-04 20:33:17 - [MESSAGE][PASSED] - Object: 'Object Repository/beli barang/barang mouse over' is hovered

2023-10-04 20:33:17 - [TEST_STEP][PASSED] - click(findTestObject("beli barang/buttom add to cart")): Object: 'Object Repository/beli barang/buttom add to cart' is clicked on

2023-10-04 20:33:18 - [MESSAGE][PASSED] - Object: 'Object Repository/beli barang/buttom add to cart' is clicked on

2023-10-04 20:33:18 - [TEST_STEP][PASSED] - NamaSesudah = getText(findTestObject("verifikasi/Nama sesudah")): Text of object 'Object Repository/verifikasi/Nama sesudah' is: 'Segitiga Instan Madeira - MDB5.3 Sunset'

2023-10-04 20:33:19 - [MESSAGE][PASSED] - Text of object 'Object Repository/verifikasi/Nama sesudah' is: 'Segitiga Instan Madeira - MDB5.3 Sunset'

2023-10-04 20:33:19 - [TEST_STEP][PASSED] - HargaSesudah = getText(findTestObject("verifikasi/Harga sesudah")): Text of object 'Object Repository/verifikasi/Harga sesudah' is: 'Rp 1,299'

2023-10-04 20:33:19 - [MESSAGE][PASSED] - Text of object 'Object Repository/verifikasi/Harga sesudah' is: 'Rp 1,299'

2023-10-04 20:33:19 - [TEST_STEP][PASSED] - assert NamaSesudah.contains(NamaSebelum): null

2023-10-04 20:33:19 - [TEST_STEP][PASSED] - assert HargaSesudah.contains(HargaSebelum): null

2023-10-04 20:33:19 - [TEST_STEP][PASSED] - click(findTestObject("beli barang/Tambah Keranjang busana wanita")): Object: 'Object Repository/beli barang/Tambah Keranjang busana wanita' is clicked on

2023-10-04 20:33:20 - [MESSAGE][PASSED] - Object: 'Object Repository/beli barang/Tambah Keranjang busana wanita' is clicked on

2023-10-04 20:33:20 - [TEST_STEP][PASSED] - verifyElementPresent(findTestObject("checkout/Notifikasi keranjang"), 1): Object 'Object Repository/checkout/Notifikasi keranjang' is present

2023-10-04 20:33:20 - [MESSAGE][PASSED] - Object 'Object Repository/checkout/Notifikasi keranjang' is present

2023-10-04 20:33:20 - [TEST_STEP][PASSED] - data = new java.util.HashMap(): null

2023-10-04 20:33:20 - [TEST_STEP][PASSED] - data.put("nama_barang", NamaSesudah): null

2023-10-04 20:33:20 - [TEST_STEP][PASSED] - data.put("price_barang", HargaSesudah): null

2023-10-04 20:33:20 - [TEST_STEP][PASSED] - return data: null

2023-10-04 20:33:20 - [MESSAGE][PASSED] - Call Test Case 'Test Cases/T13 Pembelian, Shipment dan Pembayaran/PBL-001' successfully

2023-10-04 20:33:20 - [TEST_STEP][PASSED] - mouseOver(findTestObject("beli barang/keranjang")): Object: 'Object Repository/beli barang/keranjang' is hovered

2023-10-04 20:33:21 - [MESSAGE][PASSED] - Object: 'Object Repository/beli barang/keranjang' is hovered

2023-10-04 20:33:21 - [TEST_STEP][PASSED] - click(findTestObject("beli barang/Lihat Sekarang")): Object: 'Object Repository/beli barang/Lihat Sekarang' is clicked on

2023-10-04 20:33:22 - [MESSAGE][PASSED] - Object: 'Object Repository/beli barang/Lihat Sekarang' is clicked on

2023-10-04 20:33:22 - [TEST_STEP][PASSED] - verifyElementPresent(findTestObject("keranjang/li_Keranjang Belanja"), 0): Object 'Object Repository/keranjang/li_Keranjang Belanja' is present

2023-10-04 20:33:22 - [MESSAGE][WARNING] - Timeout '0' is invalid. Using default page load timeout: '30'

2023-10-04 20:33:23 - [MESSAGE][PASSED] - Object 'Object Repository/keranjang/li_Keranjang Belanja' is present

2023-10-04 20:33:23 - [TEST_STEP][PASSED] - NamaKeranjang = getText(findTestObject("verifikasi/Nama keranjang")): Text of object 'Object Repository/verifikasi/Nama keranjang' is: 'Segitiga Instan Madeira - MDB5.3 Sunset'

2023-10-04 20:33:23 - [MESSAGE][PASSED] - Text of object 'Object Repository/verifikasi/Nama keranjang' is: 'Segitiga Instan Madeira - MDB5.3 Sunset'

2023-10-04 20:33:23 - [TEST_STEP][PASSED] - HargaKeranjang = getText(findTestObject("verifikasi/Harga Keranjang")): Text of object 'Object Repository/verifikasi/Harga Keranjang' is: 'Rp 1,299'

2023-10-04 20:33:24 - [MESSAGE][PASSED] - Text of object 'Object Repository/verifikasi/Harga Keranjang' is: 'Rp 1,299'

2023-10-04 20:33:24 - [TEST_STEP][PASSED] - if (toString().equalsIgnoreCase("Merah")): Object 'Object Repository/keranjang/input_Warna_variasi101' is checked

2023-10-04 20:33:24 - [TEST_STEP][PASSED] - check(findTestObject("Object Repository/keranjang/input_Warna_variasi101")): Object 'Object Repository/keranjang/input_Warna_variasi101' is checked

2023-10-04 20:33:24 - [MESSAGE][PASSED] - Object 'Object Repository/keranjang/input_Warna_variasi101' is checked

2023-10-04 20:33:24 - [TEST_STEP][PASSED] - if (toString().equalsIgnoreCase("Menengah")): Object 'Object Repository/keranjang/input_Ukuran_variasi201' is checked

2023-10-04 20:33:24 - [TEST_STEP][PASSED] - check(findTestObject("Object Repository/keranjang/input_Ukuran_variasi201")): Object 'Object Repository/keranjang/input_Ukuran_variasi201' is checked

2023-10-04 20:33:25 - [MESSAGE][PASSED] - Object 'Object Repository/keranjang/input_Ukuran_variasi201' is checked

2023-10-04 20:33:25 - [TEST_STEP][PASSED] - data.put("Warna", warna): null

2023-10-04 20:33:25 - [TEST_STEP][PASSED] - data.put("Ukuran", ukuran): null

2023-10-04 20:33:25 - [TEST_STEP][PASSED] - click(findTestObject("keranjang/button_Lanjut ke Pembayaran")): Object: 'Object Repository/keranjang/button_Lanjut ke Pembayaran' is clicked on

2023-10-04 20:33:26 - [MESSAGE][PASSED] - Object: 'Object Repository/keranjang/button_Lanjut ke Pembayaran' is clicked on

2023-10-04 20:33:26 - [TEST_STEP][PASSED] - verifyElementPresent(findTestObject("checkout/Tittle Checkout Order"), 0): Object 'Object Repository/checkout/Tittle Checkout Order' is present

2023-10-04 20:33:27 - [MESSAGE][WARNING] - Timeout '0' is invalid. Using default page load timeout: '30'

2023-10-04 20:33:27 - [MESSAGE][PASSED] - Object 'Object Repository/checkout/Tittle Checkout Order' is present

2023-10-04 20:33:27 - [TEST_STEP][PASSED] - name_product = data.get("nama_barang"): null

2023-10-04 20:33:27 - [TEST_STEP][PASSED] - price_product = data.get("price_barang"): null

2023-10-04 20:33:27 - [TEST_STEP][PASSED] - assert name_product == NamaKeranjang: null

2023-10-04 20:33:27 - [TEST_STEP][PASSED] - assert price_product == HargaKeranjang: null

2023-10-04 20:33:27 - [TEST_STEP][PASSED] - return data: null

2023-10-04 20:33:27 - [MESSAGE][PASSED] - Call Test Case 'Test Cases/T13 Pembelian, Shipment dan Pembayaran/PBL-002' successfully

2023-10-04 20:33:27 - [TEST_STEP][PASSED] - warnaa = getText(findTestObject("verifikasi/warna Merah")): Text of object 'Object Repository/verifikasi/warna Merah' is: 'Merah'

2023-10-04 20:33:27 - [MESSAGE][PASSED] - Text of object 'Object Repository/verifikasi/warna Merah' is: 'Merah'

2023-10-04 20:33:27 - [TEST_STEP][PASSED] - ukurann = getText(findTestObject("verifikasi/Ukuran Menengah")): Text of object 'Object Repository/verifikasi/Ukuran Menengah' is: 'Menengah'

2023-10-04 20:33:28 - [MESSAGE][PASSED] - Text of object 'Object Repository/verifikasi/Ukuran Menengah' is: 'Menengah'

2023-10-04 20:33:28 - [TEST_STEP][PASSED] - warna1 = data.get("Warna"): null

2023-10-04 20:33:28 - [TEST_STEP][PASSED] - ukuran1 = data.get("Ukuran"): null

2023-10-04 20:33:28 - [TEST_STEP][PASSED] - assert warnaa == warna1: null

2023-10-04 20:33:28 - [TEST_STEP][PASSED] - assert ukurann == ukuran1: null

2023-10-04 20:33:28 - [TEST_STEP][PASSED] - NamaCheckout = getText(findTestObject("verifikasi/NamaCheckout")): Text of object 'Object Repository/verifikasi/NamaCheckout' is: ''

2023-10-04 20:33:28 - [MESSAGE][PASSED] - Text of object 'Object Repository/verifikasi/NamaCheckout' is: ''

2023-10-04 20:33:28 - [TEST_STEP][PASSED] - HargaCheckout = getText(findTestObject("verifikasi/HargaCheckout")): Text of object 'Object Repository/verifikasi/HargaCheckout' is: '1,299'

2023-10-04 20:33:29 - [MESSAGE][PASSED] - Text of object 'Object Repository/verifikasi/HargaCheckout' is: '1,299'

2023-10-04 20:33:29 - [TEST_STEP][PASSED] - name_product = data.get("nama_barang"): null

2023-10-04 20:33:29 - [TEST_STEP][PASSED] - price_product = data.get("price_barang"): null

2023-10-04 20:33:29 - [TEST_STEP][PASSED] - assert name_product.contains(NamaCheckout): null

2023-10-04 20:33:29 - [TEST_STEP][PASSED] - assert price_product.contains(HargaCheckout): null

2023-10-04 20:33:29 - [TEST_STEP][PASSED] - selectOptionByLabel(findTestObject("checkout/select - Kirim via Kurir Lokal"), Kurir, false): All options with label 'Roda 2' are selected in object 'Object Repository/checkout/select - Kirim via Kurir Lokal' 

2023-10-04 20:33:30 - [MESSAGE][PASSED] - All options with label 'Roda 2' are selected in object 'Object Repository/checkout/select - Kirim via Kurir Lokal' 

2023-10-04 20:33:30 - [TEST_STEP][PASSED] - click(findTestObject("checkout/Kendaraan Kurir")): Object: 'Object Repository/checkout/Kendaraan Kurir' is clicked on

2023-10-04 20:33:30 - [MESSAGE][PASSED] - Object: 'Object Repository/checkout/Kendaraan Kurir' is clicked on

2023-10-04 20:33:30 - [TEST_STEP][PASSED] - OngkosKirim = getText(findTestObject("Object Repository/verifikasi/Ongkos Kirim checkout")): Text of object 'Object Repository/verifikasi/Ongkos Kirim checkout' is: 'Rp. 5,000'

2023-10-04 20:33:31 - [MESSAGE][PASSED] - Text of object 'Object Repository/verifikasi/Ongkos Kirim checkout' is: 'Rp. 5,000'

2023-10-04 20:33:31 - [TEST_STEP][PASSED] - Ongkos = OngkosKirim.substring(3, OngkosKirim.size()): null

2023-10-04 20:33:31 - [TEST_STEP][PASSED] - rep = Ongkos.replace(",", "."): null

2023-10-04 20:33:31 - [TEST_STEP][PASSED] - Ongkos_kirim = Double.parseDouble(rep): null

2023-10-04 20:33:31 - [TEST_STEP][PASSED] - println(Ongkos_kirim): null

2023-10-04 20:33:31 - [TEST_STEP][PASSED] - FeeAdmin = getText(findTestObject("verifikasi/Fee Admin checkout")): Text of object 'Object Repository/verifikasi/Fee Admin checkout' is: 'Fee Admin
Rp 1,500'

2023-10-04 20:33:31 - [MESSAGE][PASSED] - Text of object 'Object Repository/verifikasi/Fee Admin checkout' is: 'Fee Admin
Rp 1,500'

2023-10-04 20:33:31 - [TEST_STEP][PASSED] - Fee_Admin = FeeAdmin.substring(12, FeeAdmin.size()): null

2023-10-04 20:33:31 - [TEST_STEP][PASSED] - fee = Fee_Admin.replace(",", "."): null

2023-10-04 20:33:31 - [TEST_STEP][PASSED] - fee_admin = Double.parseDouble(fee): null

2023-10-04 20:33:31 - [TEST_STEP][PASSED] - println(fee_admin): null

2023-10-04 20:33:31 - [TEST_STEP][PASSED] - Subtotal = getText(findTestObject("verifikasi/subtotal checkout")): Text of object 'Object Repository/verifikasi/subtotal checkout' is: 'Subtotal
Rp 1,299'

2023-10-04 20:33:32 - [MESSAGE][PASSED] - Text of object 'Object Repository/verifikasi/subtotal checkout' is: 'Subtotal
Rp 1,299'

2023-10-04 20:33:32 - [TEST_STEP][PASSED] - sub_total = Subtotal.substring(12, Subtotal.size()): null

2023-10-04 20:33:32 - [TEST_STEP][PASSED] - sub = sub_total.replace(",", "."): null

2023-10-04 20:33:32 - [TEST_STEP][PASSED] - sub_total = Double.parseDouble(sub): null

2023-10-04 20:33:32 - [TEST_STEP][PASSED] - println(sub_total): null

2023-10-04 20:33:32 - [TEST_STEP][PASSED] - Total = getText(findTestObject("verifikasi/Total checkout")): Text of object 'Object Repository/verifikasi/Total checkout' is: 'Rp 7,799'

2023-10-04 20:33:32 - [MESSAGE][PASSED] - Text of object 'Object Repository/verifikasi/Total checkout' is: 'Rp 7,799'

2023-10-04 20:33:32 - [TEST_STEP][PASSED] - totall = Total.substring(3, Total.size()): null

2023-10-04 20:33:32 - [TEST_STEP][PASSED] - total = totall.replace(",", "."): null

2023-10-04 20:33:32 - [TEST_STEP][PASSED] - totall = Double.parseDouble(total): null

2023-10-04 20:33:32 - [TEST_STEP][PASSED] - println(totall): null

2023-10-04 20:33:32 - [TEST_STEP][PASSED] - Total_Harga = Ongkos_kirim + fee_admin + sub_total: null

2023-10-04 20:33:32 - [TEST_STEP][PASSED] - println(Total_Harga): null

2023-10-04 20:33:32 - [TEST_STEP][PASSED] - TotalHarga = Math.round(Total_Harga * 1000) / 1000: null

2023-10-04 20:33:32 - [TEST_STEP][PASSED] - println(TotalHarga): null

2023-10-04 20:33:32 - [TEST_STEP][PASSED] - assert totall == TotalHarga: null

2023-10-04 20:33:32 - [TEST_STEP][PASSED] - click(findTestObject("verifikasi/Metode Transfer")): Object: 'Object Repository/verifikasi/Metode Transfer' is clicked on

2023-10-04 20:33:33 - [MESSAGE][PASSED] - Object: 'Object Repository/verifikasi/Metode Transfer' is clicked on

2023-10-04 20:33:33 - [TEST_STEP][PASSED] - click(findTestObject("checkout/button_Proses Pembayaran")): Object: 'Object Repository/checkout/button_Proses Pembayaran' is clicked on

2023-10-04 20:33:39 - [MESSAGE][PASSED] - Object: 'Object Repository/checkout/button_Proses Pembayaran' is clicked on

2023-10-04 20:33:39 - [TEST_STEP][PASSED] - verifyElementPresent(findTestObject("pembayaran/Tittle nomor invoice"), 0): Object 'Object Repository/pembayaran/Tittle nomor invoice' is present

2023-10-04 20:33:39 - [MESSAGE][WARNING] - Timeout '0' is invalid. Using default page load timeout: '30'

2023-10-04 20:33:40 - [MESSAGE][PASSED] - Object 'Object Repository/pembayaran/Tittle nomor invoice' is present

2023-10-04 20:33:40 - [TEST_STEP][PASSED] - return data: null

2023-10-04 20:33:40 - [MESSAGE][PASSED] - Call Test Case 'Test Cases/T13 Pembelian, Shipment dan Pembayaran/PBL-004' successfully

2023-10-04 20:33:40 - [TEST_STEP][PASSED] - Invoice = getText(findTestObject("pembayaran/nomor invoice")): Text of object 'Object Repository/pembayaran/nomor invoice' is: 'TRX60.20231004203334'

2023-10-04 20:33:41 - [MESSAGE][PASSED] - Text of object 'Object Repository/pembayaran/nomor invoice' is: 'TRX60.20231004203334'

2023-10-04 20:33:41 - [TEST_STEP][PASSED] - data.put("invoice", Invoice): null

2023-10-04 20:33:41 - [TEST_STEP][PASSED] - NamaPemesan = getText(findTestObject("Konfirmasi pesanan shop/Nama pemesan")): Text of object 'Object Repository/Konfirmasi pesanan shop/Nama pemesan' is: 'irfan.afandi'

2023-10-04 20:33:42 - [MESSAGE][PASSED] - Text of object 'Object Repository/Konfirmasi pesanan shop/Nama pemesan' is: 'irfan.afandi'

2023-10-04 20:33:42 - [TEST_STEP][PASSED] - Nama = getText(findTestObject("pembayaran/Nama barang")): Text of object 'Object Repository/pembayaran/Nama barang' is: 'Segitiga Instan Madeira - MDB5.3 Sunset'

2023-10-04 20:33:42 - [MESSAGE][PASSED] - Text of object 'Object Repository/pembayaran/Nama barang' is: 'Segitiga Instan Madeira - MDB5.3 Sunset'

2023-10-04 20:33:42 - [TEST_STEP][PASSED] - Harga = getText(findTestObject("pembayaran/Harga barang")): Text of object 'Object Repository/pembayaran/Harga barang' is: '1,299'

2023-10-04 20:33:43 - [MESSAGE][PASSED] - Text of object 'Object Repository/pembayaran/Harga barang' is: '1,299'

2023-10-04 20:33:43 - [TEST_STEP][PASSED] - name_product = data.get("nama_barang"): null

2023-10-04 20:33:43 - [TEST_STEP][PASSED] - price_product = data.get("price_barang"): null

2023-10-04 20:33:43 - [TEST_STEP][PASSED] - assert name_product.contains(Nama): null

2023-10-04 20:33:43 - [TEST_STEP][PASSED] - assert price_product.contains(Harga): null

2023-10-04 20:33:43 - [TEST_STEP][PASSED] - warnaa = getText(findTestObject("pembayaran/warna")): Text of object 'Object Repository/pembayaran/warna' is: 'Merah'

2023-10-04 20:33:43 - [MESSAGE][PASSED] - Text of object 'Object Repository/pembayaran/warna' is: 'Merah'

2023-10-04 20:33:43 - [TEST_STEP][PASSED] - ukurann = getText(findTestObject("pembayaran/ukuran")): Text of object 'Object Repository/pembayaran/ukuran' is: 'Menengah'

2023-10-04 20:33:44 - [MESSAGE][PASSED] - Text of object 'Object Repository/pembayaran/ukuran' is: 'Menengah'

2023-10-04 20:33:44 - [TEST_STEP][PASSED] - warna1 = data.get("Warna"): null

2023-10-04 20:33:44 - [TEST_STEP][PASSED] - ukuran1 = data.get("Ukuran"): null

2023-10-04 20:33:44 - [TEST_STEP][PASSED] - assert warnaa == warna1: null

2023-10-04 20:33:44 - [TEST_STEP][PASSED] - assert ukurann == ukuran1: null

2023-10-04 20:33:44 - [TEST_STEP][PASSED] - statusPembelian = getText(findTestObject("verifikasi/Status pending di pembelian")): Text of object 'Object Repository/verifikasi/Status pending di pembelian' is: 'Pending'

2023-10-04 20:33:44 - [MESSAGE][PASSED] - Text of object 'Object Repository/verifikasi/Status pending di pembelian' is: 'Pending'

2023-10-04 20:33:44 - [TEST_STEP][PASSED] - data.put("statusPem", statusPembelian): null

2023-10-04 20:33:44 - [TEST_STEP][PASSED] - OngkosKirim = getText(findTestObject("pembayaran/ongkos kirim")): Text of object 'Object Repository/pembayaran/ongkos kirim' is: 'Rp 5,000'

2023-10-04 20:33:45 - [MESSAGE][PASSED] - Text of object 'Object Repository/pembayaran/ongkos kirim' is: 'Rp 5,000'

2023-10-04 20:33:45 - [TEST_STEP][PASSED] - Ongkos = OngkosKirim.substring(3, OngkosKirim.size()): null

2023-10-04 20:33:45 - [TEST_STEP][PASSED] - rep = Ongkos.replace(",", ""): null

2023-10-04 20:33:45 - [TEST_STEP][PASSED] - Ongkos_kirimm = Integer.parseInt(rep): null

2023-10-04 20:33:45 - [TEST_STEP][PASSED] - println(Ongkos_kirimm): null

2023-10-04 20:33:45 - [TEST_STEP][PASSED] - FeeAdmin = getText(findTestObject("pembayaran/fee admin")): Text of object 'Object Repository/pembayaran/fee admin' is: 'Rp 1,500'

2023-10-04 20:33:45 - [MESSAGE][PASSED] - Text of object 'Object Repository/pembayaran/fee admin' is: 'Rp 1,500'

2023-10-04 20:33:45 - [TEST_STEP][PASSED] - Fee_Admin = FeeAdmin.substring(3, FeeAdmin.size()): null

2023-10-04 20:33:45 - [TEST_STEP][PASSED] - fee = Fee_Admin.replace(",", ""): null

2023-10-04 20:33:45 - [TEST_STEP][PASSED] - fee_adminn = Integer.parseInt(fee): null

2023-10-04 20:33:45 - [TEST_STEP][PASSED] - println(fee_adminn): null

2023-10-04 20:33:45 - [TEST_STEP][PASSED] - Subtotal = getText(findTestObject("pembayaran/subtotal")): Text of object 'Object Repository/pembayaran/subtotal' is: 'Rp 1,299'

2023-10-04 20:33:46 - [MESSAGE][PASSED] - Text of object 'Object Repository/pembayaran/subtotal' is: 'Rp 1,299'

2023-10-04 20:33:46 - [TEST_STEP][PASSED] - sub_total = Subtotal.substring(3, Subtotal.size()): null

2023-10-04 20:33:46 - [TEST_STEP][PASSED] - sub = sub_total.replace(",", ""): null

2023-10-04 20:33:46 - [TEST_STEP][PASSED] - sub_totall = Integer.parseInt(sub): null

2023-10-04 20:33:46 - [TEST_STEP][PASSED] - println(sub_totall): null

2023-10-04 20:33:46 - [TEST_STEP][PASSED] - unik = getText(findTestObject("pembayaran/kode unik")): Text of object 'Object Repository/pembayaran/kode unik' is: '+334'

2023-10-04 20:33:46 - [MESSAGE][PASSED] - Text of object 'Object Repository/pembayaran/kode unik' is: '+334'

2023-10-04 20:33:46 - [TEST_STEP][PASSED] - unikk = unik.replace("+", ""): null

2023-10-04 20:33:46 - [TEST_STEP][PASSED] - kode_unik = Integer.parseInt(unikk): null

2023-10-04 20:33:46 - [TEST_STEP][PASSED] - println(kode_unik): null

2023-10-04 20:33:46 - [TEST_STEP][PASSED] - Total = getText(findTestObject("pembayaran/total")): Text of object 'Object Repository/pembayaran/total' is: '8,133'

2023-10-04 20:33:47 - [MESSAGE][PASSED] - Text of object 'Object Repository/pembayaran/total' is: '8,133'

2023-10-04 20:33:47 - [TEST_STEP][PASSED] - total = Total.replace(",", ""): null

2023-10-04 20:33:47 - [TEST_STEP][PASSED] - totalll = Integer.parseInt(total): null

2023-10-04 20:33:47 - [TEST_STEP][PASSED] - println(totalll): null

2023-10-04 20:33:47 - [TEST_STEP][PASSED] - Total_Hargaa = Ongkos_kirimm + fee_adminn + sub_totall + kode_unik: null

2023-10-04 20:33:47 - [TEST_STEP][PASSED] - println(Total_Hargaa): null

2023-10-04 20:33:47 - [TEST_STEP][PASSED] - assert totalll == Total_Hargaa: null

2023-10-04 20:33:47 - [TEST_STEP][PASSED] - data.put("total", Total): null

2023-10-04 20:33:47 - [TEST_STEP][PASSED] - data.put("nama", NamaPemesan): null

2023-10-04 20:33:47 - [TEST_STEP][PASSED] - return data: null

2023-10-04 20:33:47 - [MESSAGE][PASSED] - Call Test Case 'Test Cases/T13 Pembelian, Shipment dan Pembayaran/PBY-001' successfully

2023-10-04 20:33:47 - [TEST_STEP][PASSED] - inv = data.get("invoice"): null

2023-10-04 20:33:47 - [TEST_STEP][PASSED] - Total = data.get("total"): null

2023-10-04 20:33:47 - [TEST_STEP][PASSED] - NamaPemesan = data.get("nama"): null

2023-10-04 20:33:47 - [TEST_STEP][PASSED] - click(findTestObject("Konfirmasi pesanan shop/Menu Shop")): Object: 'Object Repository/Konfirmasi pesanan shop/Menu Shop' is clicked on

2023-10-04 20:33:48 - [MESSAGE][PASSED] - Object: 'Object Repository/Konfirmasi pesanan shop/Menu Shop' is clicked on

2023-10-04 20:33:48 - [TEST_STEP][PASSED] - click(findTestObject("Konfirmasi pesanan shop/Menu Shop")): Object: 'Object Repository/Konfirmasi pesanan shop/Menu Shop' is clicked on

2023-10-04 20:33:49 - [MESSAGE][PASSED] - Object: 'Object Repository/Konfirmasi pesanan shop/Menu Shop' is clicked on

2023-10-04 20:33:49 - [TEST_STEP][PASSED] - click(findTestObject("Konfirmasi pesanan shop/Konfirmasi Orders")): Object: 'Object Repository/Konfirmasi pesanan shop/Konfirmasi Orders' is clicked on

2023-10-04 20:33:50 - [MESSAGE][PASSED] - Object: 'Object Repository/Konfirmasi pesanan shop/Konfirmasi Orders' is clicked on

2023-10-04 20:33:50 - [TEST_STEP][PASSED] - verifyElementPresent(findTestObject("Konfirmasi pesanan shop/Tittle Konfirmasi Pesanan"), 0): Object 'Object Repository/Konfirmasi pesanan shop/Tittle Konfirmasi Pesanan' is present

2023-10-04 20:33:50 - [MESSAGE][WARNING] - Timeout '0' is invalid. Using default page load timeout: '30'

2023-10-04 20:33:50 - [MESSAGE][PASSED] - Object 'Object Repository/Konfirmasi pesanan shop/Tittle Konfirmasi Pesanan' is present

2023-10-04 20:33:50 - [TEST_STEP][PASSED] - setText(findTestObject("Konfirmasi pesanan shop/input_No Pesanan"), inv): Text 'TRX60.20231004203334' is set on object 'Object Repository/Konfirmasi pesanan shop/input_No Pesanan'

2023-10-04 20:33:51 - [MESSAGE][PASSED] - Text 'TRX60.20231004203334' is set on object 'Object Repository/Konfirmasi pesanan shop/input_No Pesanan'

2023-10-04 20:33:51 - [TEST_STEP][PASSED] - setText(findTestObject("Konfirmasi pesanan shop/input_Alamat E-mai"), "irfan@gmail.com"): Text 'irfan@gmail.com' is set on object 'Object Repository/Konfirmasi pesanan shop/input_Alamat E-mai'

2023-10-04 20:33:52 - [MESSAGE][PASSED] - Text 'irfan@gmail.com' is set on object 'Object Repository/Konfirmasi pesanan shop/input_Alamat E-mai'

2023-10-04 20:33:52 - [TEST_STEP][PASSED] - click(findTestObject("Konfirmasi pesanan shop/button_Submit")): Object: 'Object Repository/Konfirmasi pesanan shop/button_Submit' is clicked on

2023-10-04 20:33:53 - [MESSAGE][PASSED] - Object: 'Object Repository/Konfirmasi pesanan shop/button_Submit' is clicked on

2023-10-04 20:33:53 - [TEST_STEP][PASSED] - verifyElementPresent(findTestObject("Konfirmasi pesanan shop/Tittle nomor invoice"), 0): Object 'Object Repository/Konfirmasi pesanan shop/Tittle nomor invoice' is present

2023-10-04 20:33:53 - [MESSAGE][WARNING] - Timeout '0' is invalid. Using default page load timeout: '30'

2023-10-04 20:33:53 - [MESSAGE][PASSED] - Object 'Object Repository/Konfirmasi pesanan shop/Tittle nomor invoice' is present

2023-10-04 20:33:53 - [TEST_STEP][PASSED] - setText(findTestObject("Konfirmasi pesanan shop/input_Total TagihanTransfer_b"), Total): Text '8,133' is set on object 'Object Repository/Konfirmasi pesanan shop/input_Total TagihanTransfer_b'

2023-10-04 20:33:54 - [MESSAGE][PASSED] - Text '8,133' is set on object 'Object Repository/Konfirmasi pesanan shop/input_Total TagihanTransfer_b'

2023-10-04 20:33:54 - [TEST_STEP][PASSED] - selectOptionByValue(findTestObject("Konfirmasi pesanan shop/select_Bank"), "4", false): All options with value '4' are selected in object 'Object Repository/Konfirmasi pesanan shop/select_Bank' 

2023-10-04 20:33:55 - [MESSAGE][PASSED] - All options with value '4' are selected in object 'Object Repository/Konfirmasi pesanan shop/select_Bank' 

2023-10-04 20:33:55 - [TEST_STEP][PASSED] - setText(findTestObject("Konfirmasi pesanan shop/input_Nama Pengirim_d"), NamaPemesan): Text 'irfan.afandi' is set on object 'Object Repository/Konfirmasi pesanan shop/input_Nama Pengirim_d'

2023-10-04 20:33:56 - [MESSAGE][PASSED] - Text 'irfan.afandi' is set on object 'Object Repository/Konfirmasi pesanan shop/input_Nama Pengirim_d'

2023-10-04 20:33:56 - [TEST_STEP][PASSED] - uploadFile(findTestObject("keranjang/konfirmasi/input_Upload Bukti Transfer_f"), "C:\Users\IRFAN\Downloads\Berkas2.pdf"): File 'C:\Users\IRFAN\Downloads\Berkas2.pdf' sent to object: 'Object Repository/keranjang/konfirmasi/input_Upload Bukti Transfer_f'

2023-10-04 20:33:56 - [MESSAGE][PASSED] - File 'C:\Users\IRFAN\Downloads\Berkas2.pdf' sent to object: 'Object Repository/keranjang/konfirmasi/input_Upload Bukti Transfer_f'

2023-10-04 20:33:56 - [TEST_STEP][PASSED] - click(findTestObject("Konfirmasi pesanan shop/button_Konfirmasi Pembayaran")): Object: 'Object Repository/Konfirmasi pesanan shop/button_Konfirmasi Pembayaran' is clicked on

2023-10-04 20:33:57 - [MESSAGE][PASSED] - Object: 'Object Repository/Konfirmasi pesanan shop/button_Konfirmasi Pembayaran' is clicked on

2023-10-04 20:33:57 - [TEST_STEP][PASSED] - verifyElementPresent(findTestObject("Konfirmasi pesanan shop/Tittle Konfirmasi Pesanan"), 0): Object 'Object Repository/Konfirmasi pesanan shop/Tittle Konfirmasi Pesanan' is present

2023-10-04 20:33:57 - [MESSAGE][WARNING] - Timeout '0' is invalid. Using default page load timeout: '30'

2023-10-04 20:33:58 - [MESSAGE][PASSED] - Object 'Object Repository/Konfirmasi pesanan shop/Tittle Konfirmasi Pesanan' is present

2023-10-04 20:33:58 - [TEST_STEP][PASSED] - verifyElementPresent(findTestObject("Konfirmasi pesanan shop/Tittle massage succes Konfirmasi Pembayaran Pesanan"), 0): Object 'Object Repository/Konfirmasi pesanan shop/Tittle massage succes Konfirmasi Pembayaran Pesanan' is present

2023-10-04 20:33:58 - [MESSAGE][WARNING] - Timeout '0' is invalid. Using default page load timeout: '30'

2023-10-04 20:33:58 - [MESSAGE][PASSED] - Object 'Object Repository/Konfirmasi pesanan shop/Tittle massage succes Konfirmasi Pembayaran Pesanan' is present

2023-10-04 20:33:58 - [TEST_STEP][PASSED] - return data: null

2023-10-04 20:33:58 - [MESSAGE][PASSED] - Call Test Case 'Test Cases/T13 Pembelian, Shipment dan Pembayaran/PBY-004' successfully

2023-10-04 20:33:58 - [TEST_STEP][PASSED] - navigateToUrl("https://10.9.2.63/ecommerce/administrator/"): Navigate to 'https://10.9.2.63/ecommerce/administrator/' successfully

2023-10-04 20:33:59 - [MESSAGE][PASSED] - Navigate to 'https://10.9.2.63/ecommerce/administrator/' successfully

2023-10-04 20:33:59 - [TEST_STEP][PASSED] - verifyElementPresent(findTestObject("admin/Tittle ADMIN Login"), 0): Object 'Object Repository/admin/Tittle ADMIN Login' is present

2023-10-04 20:33:59 - [MESSAGE][WARNING] - Timeout '0' is invalid. Using default page load timeout: '30'

2023-10-04 20:33:59 - [MESSAGE][PASSED] - Object 'Object Repository/admin/Tittle ADMIN Login' is present

2023-10-04 20:33:59 - [TEST_STEP][PASSED] - setText(findTestObject("admin/Username"), "admin"): Text 'admin' is set on object 'Object Repository/admin/Username'

2023-10-04 20:34:00 - [MESSAGE][PASSED] - Text 'admin' is set on object 'Object Repository/admin/Username'

2023-10-04 20:34:00 - [TEST_STEP][PASSED] - setText(findTestObject("admin/Password"), "123admin123"): Text '123admin123' is set on object 'Object Repository/admin/Password'

2023-10-04 20:34:01 - [MESSAGE][PASSED] - Text '123admin123' is set on object 'Object Repository/admin/Password'

2023-10-04 20:34:01 - [TEST_STEP][PASSED] - click(findTestObject("admin/Remember Me")): Object: 'Object Repository/admin/Remember Me' is clicked on

2023-10-04 20:34:01 - [MESSAGE][PASSED] - Object: 'Object Repository/admin/Remember Me' is clicked on

2023-10-04 20:34:01 - [TEST_STEP][PASSED] - delay(10): Delayed 10 second(s)

2023-10-04 20:34:11 - [MESSAGE][PASSED] - Delayed 10 second(s)

2023-10-04 20:34:11 - [TEST_STEP][PASSED] - click(findTestObject("admin/buttom submit")): Object: 'Object Repository/admin/buttom submit' is clicked on

2023-10-04 20:34:14 - [MESSAGE][PASSED] - Object: 'Object Repository/admin/buttom submit' is clicked on

2023-10-04 20:34:14 - [TEST_STEP][PASSED] - verifyElementPresent(findTestObject("admin/Konf order konsumen/Tittle Dashboard"), 0): Object 'Object Repository/admin/Konf order konsumen/Tittle Dashboard' is present

2023-10-04 20:34:14 - [MESSAGE][WARNING] - Timeout '0' is invalid. Using default page load timeout: '30'

2023-10-04 20:34:18 - [MESSAGE][PASSED] - Object 'Object Repository/admin/Konf order konsumen/Tittle Dashboard' is present

2023-10-04 20:34:18 - [TEST_STEP][PASSED] - click(findTestObject("admin/Konf order konsumen/Menu Transaksi Market")): Object: 'Object Repository/admin/Konf order konsumen/Menu Transaksi Market' is clicked on

2023-10-04 20:34:19 - [MESSAGE][PASSED] - Object: 'Object Repository/admin/Konf order konsumen/Menu Transaksi Market' is clicked on

2023-10-04 20:34:19 - [TEST_STEP][PASSED] - click(findTestObject("admin/Konf order konsumen/Menu Konf. Order Konsumen")): Object: 'Object Repository/admin/Konf order konsumen/Menu Konf. Order Konsumen' is clicked on

2023-10-04 20:34:20 - [MESSAGE][PASSED] - Object: 'Object Repository/admin/Konf order konsumen/Menu Konf. Order Konsumen' is clicked on

2023-10-04 20:34:20 - [TEST_STEP][PASSED] - verifyElementPresent(findTestObject("admin/Konf order konsumen/Tittle Data Konfirmasi Pembayaran Konsumen"), 0): Object 'Object Repository/admin/Konf order konsumen/Tittle Data Konfirmasi Pembayaran Konsumen' is present

2023-10-04 20:34:20 - [MESSAGE][WARNING] - Timeout '0' is invalid. Using default page load timeout: '30'

2023-10-04 20:34:28 - [MESSAGE][PASSED] - Object 'Object Repository/admin/Konf order konsumen/Tittle Data Konfirmasi Pembayaran Konsumen' is present

2023-10-04 20:34:28 - [TEST_STEP][PASSED] - inv = data.get("invoice"): null

2023-10-04 20:34:28 - [TEST_STEP][PASSED] - setText(findTestObject("admin/Konf order konsumen/Search"), inv): Text 'TRX60.20231004203334' is set on object 'Object Repository/admin/Konf order konsumen/Search'

2023-10-04 20:34:29 - [MESSAGE][PASSED] - Text 'TRX60.20231004203334' is set on object 'Object Repository/admin/Konf order konsumen/Search'

2023-10-04 20:34:29 - [TEST_STEP][PASSED] - verifyElementText(findTestObject("admin/Konf order konsumen/Keterangan Lunas"), "Lunas"): Actual text and expected text of test object 'Object Repository/admin/Konf order konsumen/Keterangan Lunas' are matched.

2023-10-04 20:34:30 - [MESSAGE][PASSED] - Actual text and expected text of test object 'Object Repository/admin/Konf order konsumen/Keterangan Lunas' are matched.

2023-10-04 20:34:30 - [TEST_STEP][PASSED] - return data: null

2023-10-04 20:34:30 - [MESSAGE][PASSED] - Call Test Case 'Test Cases/T13 Pembelian, Shipment dan Pembayaran/PBYA-001' successfully

2023-10-04 20:34:30 - [TEST_STEP][PASSED] - click(findTestObject("admin/Penjualan ke konsumen/buttom Dashboard")): Object: 'Object Repository/admin/Penjualan ke konsumen/buttom Dashboard' is clicked on

2023-10-04 20:34:31 - [MESSAGE][PASSED] - Object: 'Object Repository/admin/Penjualan ke konsumen/buttom Dashboard' is clicked on

2023-10-04 20:34:31 - [TEST_STEP][PASSED] - click(findTestObject("admin/Konf order konsumen/Menu Transaksi Market")): Object: 'Object Repository/admin/Konf order konsumen/Menu Transaksi Market' is clicked on

2023-10-04 20:34:37 - [MESSAGE][PASSED] - Object: 'Object Repository/admin/Konf order konsumen/Menu Transaksi Market' is clicked on

2023-10-04 20:34:37 - [TEST_STEP][PASSED] - click(findTestObject("admin/Penjualan ke konsumen/a_Penjualan ke Konsumen")): Object: 'Object Repository/admin/Penjualan ke konsumen/a_Penjualan ke Konsumen' is clicked on

2023-10-04 20:34:39 - [MESSAGE][PASSED] - Object: 'Object Repository/admin/Penjualan ke konsumen/a_Penjualan ke Konsumen' is clicked on

2023-10-04 20:34:39 - [TEST_STEP][PASSED] - verifyElementPresent(findTestObject("admin/Tittle Data Transaksi Penjualan  Orderan Konsumen"), 0): Object 'Object Repository/admin/Tittle Data Transaksi Penjualan  Orderan Konsumen' is present

2023-10-04 20:34:40 - [MESSAGE][WARNING] - Timeout '0' is invalid. Using default page load timeout: '30'

2023-10-04 20:34:47 - [MESSAGE][PASSED] - Object 'Object Repository/admin/Tittle Data Transaksi Penjualan  Orderan Konsumen' is present

2023-10-04 20:34:47 - [TEST_STEP][PASSED] - return data: null

2023-10-04 20:34:47 - [MESSAGE][PASSED] - Call Test Case 'Test Cases/T13 Pembelian, Shipment dan Pembayaran/SA-001' successfully

2023-10-04 20:34:47 - [TEST_STEP][PASSED] - inv = data.get("invoice"): null

2023-10-04 20:34:47 - [TEST_STEP][PASSED] - setText(findTestObject("admin/Penjualan ke konsumen/Search"), inv): Text 'TRX60.20231004203334' is set on object 'Object Repository/admin/Penjualan ke konsumen/Search'

2023-10-04 20:34:48 - [MESSAGE][PASSED] - Text 'TRX60.20231004203334' is set on object 'Object Repository/admin/Penjualan ke konsumen/Search'

2023-10-04 20:34:48 - [TEST_STEP][PASSED] - click(findTestObject("admin/Penjualan ke konsumen/buttom konfirmasi pending payment")): Object: 'Object Repository/admin/Penjualan ke konsumen/buttom konfirmasi pending payment' is clicked on

2023-10-04 20:34:48 - [MESSAGE][PASSED] - Object: 'Object Repository/admin/Penjualan ke konsumen/buttom konfirmasi pending payment' is clicked on

2023-10-04 20:34:48 - [TEST_STEP][PASSED] - acceptAlert(STOP_ON_FAILURE): Alert accepted

2023-10-04 20:34:48 - [MESSAGE][PASSED] - Alert accepted

2023-10-04 20:34:48 - [TEST_STEP][PASSED] - setText(findTestObject("admin/Penjualan ke konsumen/Search"), inv): Text 'TRX60.20231004203334' is set on object 'Object Repository/admin/Penjualan ke konsumen/Search'

2023-10-04 20:34:49 - [MESSAGE][PASSED] - Text 'TRX60.20231004203334' is set on object 'Object Repository/admin/Penjualan ke konsumen/Search'

2023-10-04 20:34:49 - [TEST_STEP][PASSED] - verifyTextNotPresent("pending payment", false): Text 'pending payment' is not present on page

2023-10-04 20:34:50 - [MESSAGE][PASSED] - Text 'pending payment' is not present on page

2023-10-04 20:34:50 - [TEST_STEP][PASSED] - return data: null

2023-10-04 20:34:50 - [MESSAGE][PASSED] - Call Test Case 'Test Cases/T13 Pembelian, Shipment dan Pembayaran/SA-002' successfully

2023-10-04 20:34:50 - [TEST_STEP][PASSED] - click(findTestObject("admin/Penjualan ke konsumen/buttom scroldown")): Object: 'Object Repository/admin/Penjualan ke konsumen/buttom scroldown' is clicked on

2023-10-04 20:34:51 - [MESSAGE][PASSED] - Object: 'Object Repository/admin/Penjualan ke konsumen/buttom scroldown' is clicked on

2023-10-04 20:34:51 - [TEST_STEP][PASSED] - click(findTestObject("Edit Detail Data Transaksi/buttom edit")): Object: 'Object Repository/Edit Detail Data Transaksi/buttom edit' is clicked on

2023-10-04 20:34:53 - [MESSAGE][PASSED] - Object: 'Object Repository/Edit Detail Data Transaksi/buttom edit' is clicked on

2023-10-04 20:34:53 - [TEST_STEP][PASSED] - verifyElementPresent(findTestObject("Edit Detail Data Transaksi/Edit Detail Transaksi Penjualan"), 0): Object 'Object Repository/Edit Detail Data Transaksi/Edit Detail Transaksi Penjualan' is present

2023-10-04 20:34:53 - [MESSAGE][WARNING] - Timeout '0' is invalid. Using default page load timeout: '30'

2023-10-04 20:35:00 - [MESSAGE][PASSED] - Object 'Object Repository/Edit Detail Data Transaksi/Edit Detail Transaksi Penjualan' is present

2023-10-04 20:35:00 - [TEST_STEP][PASSED] - click(findTestObject("Edit Detail Data Transaksi/buttom edit detail")): Object: 'Object Repository/Edit Detail Data Transaksi/buttom edit detail' is clicked on

2023-10-04 20:35:01 - [MESSAGE][PASSED] - Object: 'Object Repository/Edit Detail Data Transaksi/buttom edit detail' is clicked on

2023-10-04 20:35:01 - [TEST_STEP][PASSED] - setText(findTestObject("Edit Detail Data Transaksi/input_Action_dd"), jumlah): Text '2' is set on object 'Object Repository/Edit Detail Data Transaksi/input_Action_dd'

2023-10-04 20:35:09 - [MESSAGE][PASSED] - Text '2' is set on object 'Object Repository/Edit Detail Data Transaksi/input_Action_dd'

2023-10-04 20:35:09 - [TEST_STEP][PASSED] - click(findTestObject("Edit Detail Data Transaksi/button_Action_centang")): Object: 'Object Repository/Edit Detail Data Transaksi/button_Action_centang' is clicked on

2023-10-04 20:35:10 - [MESSAGE][PASSED] - Object: 'Object Repository/Edit Detail Data Transaksi/button_Action_centang' is clicked on

2023-10-04 20:35:10 - [TEST_STEP][PASSED] - edit2 = getText(findTestObject("Edit Detail Data Transaksi/edit detail 2")): Text of object 'Object Repository/Edit Detail Data Transaksi/edit detail 2' is: '2'

2023-10-04 20:35:17 - [MESSAGE][PASSED] - Text of object 'Object Repository/Edit Detail Data Transaksi/edit detail 2' is: '2'

2023-10-04 20:35:17 - [TEST_STEP][PASSED] - click(findTestObject("Edit Detail Data Transaksi/buttom simpan data")): Object: 'Object Repository/Edit Detail Data Transaksi/buttom simpan data' is clicked on

2023-10-04 20:35:18 - [MESSAGE][PASSED] - Object: 'Object Repository/Edit Detail Data Transaksi/buttom simpan data' is clicked on

2023-10-04 20:35:18 - [TEST_STEP][PASSED] - click(findTestObject("Edit Detail Data Transaksi/buttom Selesai")): Object: 'Object Repository/Edit Detail Data Transaksi/buttom Selesai' is clicked on

2023-10-04 20:35:26 - [MESSAGE][PASSED] - Object: 'Object Repository/Edit Detail Data Transaksi/buttom Selesai' is clicked on

2023-10-04 20:35:26 - [TEST_STEP][PASSED] - inv = data.get("invoice"): null

2023-10-04 20:35:26 - [TEST_STEP][PASSED] - setText(findTestObject("admin/Penjualan ke konsumen/Search"), inv): Text 'TRX60.20231004203334' is set on object 'Object Repository/admin/Penjualan ke konsumen/Search'

2023-10-04 20:35:34 - [MESSAGE][PASSED] - Text 'TRX60.20231004203334' is set on object 'Object Repository/admin/Penjualan ke konsumen/Search'

2023-10-04 20:35:34 - [TEST_STEP][PASSED] - assert jumlah == edit2: null

2023-10-04 20:35:34 - [TEST_STEP][PASSED] - return data: null]]></system-out>
         <system-err><![CDATA[]]></system-err>
      </testcase>
      <testcase name="Test Cases/T13 Pembelian, Shipment dan Pembayaran/SA-009" time="132.564" classname="Test Cases/T13 Pembelian, Shipment dan Pembayaran/SA-009" status="PASSED">
         <system-out><![CDATA[2023-10-04 20:35:34 - [TEST_CASE][PASSED] - Test Cases/T13 Pembelian, Shipment dan Pembayaran/SA-009: Test Cases/T13 Pembelian, Shipment dan Pembayaran/SA-009

2023-10-04 20:35:35 - [TEST_STEP][PASSED] - data = callTestCase(findTestCase("T13 Pembelian, Shipment dan Pembayaran/SA-002"), [:], STOP_ON_FAILURE): Call Test Case 'Test Cases/T13 Pembelian, Shipment dan Pembayaran/SA-002' successfully

2023-10-04 20:35:35 - [TEST_CASE][PASSED] - Test Cases/T13 Pembelian, Shipment dan Pembayaran/SA-002: Test Cases/T13 Pembelian, Shipment dan Pembayaran/SA-002

2023-10-04 20:35:35 - [TEST_STEP][PASSED] - data = callTestCase(findTestCase("T13 Pembelian, Shipment dan Pembayaran/SA-001"), [:], STOP_ON_FAILURE): Call Test Case 'Test Cases/T13 Pembelian, Shipment dan Pembayaran/SA-001' successfully

2023-10-04 20:35:35 - [TEST_CASE][PASSED] - Test Cases/T13 Pembelian, Shipment dan Pembayaran/SA-001: Test Cases/T13 Pembelian, Shipment dan Pembayaran/SA-001

2023-10-04 20:35:35 - [TEST_STEP][PASSED] - data = callTestCase(findTestCase("T13 Pembelian, Shipment dan Pembayaran/PBYA-001"), [:], STOP_ON_FAILURE): Call Test Case 'Test Cases/T13 Pembelian, Shipment dan Pembayaran/PBYA-001' successfully

2023-10-04 20:35:35 - [TEST_CASE][PASSED] - Test Cases/T13 Pembelian, Shipment dan Pembayaran/PBYA-001: Test Cases/T13 Pembelian, Shipment dan Pembayaran/PBYA-001

2023-10-04 20:35:35 - [TEST_STEP][PASSED] - data = callTestCase(findTestCase("T13 Pembelian, Shipment dan Pembayaran/PBY-004"), [:], STOP_ON_FAILURE): Call Test Case 'Test Cases/T13 Pembelian, Shipment dan Pembayaran/PBY-004' successfully

2023-10-04 20:35:35 - [TEST_CASE][PASSED] - Test Cases/T13 Pembelian, Shipment dan Pembayaran/PBY-004: Test Cases/T13 Pembelian, Shipment dan Pembayaran/PBY-004

2023-10-04 20:35:35 - [TEST_STEP][PASSED] - data = callTestCase(findTestCase("T13 Pembelian, Shipment dan Pembayaran/PBY-001"), [:], STOP_ON_FAILURE): Call Test Case 'Test Cases/T13 Pembelian, Shipment dan Pembayaran/PBY-001' successfully

2023-10-04 20:35:36 - [TEST_CASE][PASSED] - Test Cases/T13 Pembelian, Shipment dan Pembayaran/PBY-001: Test Cases/T13 Pembelian, Shipment dan Pembayaran/PBY-001

2023-10-04 20:35:36 - [TEST_STEP][PASSED] - data = callTestCase(findTestCase("T13 Pembelian, Shipment dan Pembayaran/PBL-004"), ["Kurir":"Roda 2"], STOP_ON_FAILURE): Call Test Case 'Test Cases/T13 Pembelian, Shipment dan Pembayaran/PBL-004' successfully

2023-10-04 20:35:36 - [TEST_CASE][PASSED] - Test Cases/T13 Pembelian, Shipment dan Pembayaran/PBL-004: Test Cases/T13 Pembelian, Shipment dan Pembayaran/PBL-004

2023-10-04 20:35:36 - [TEST_STEP][PASSED] - data = callTestCase(findTestCase("T13 Pembelian, Shipment dan Pembayaran/PBL-002"), [:], STOP_ON_FAILURE): Call Test Case 'Test Cases/T13 Pembelian, Shipment dan Pembayaran/PBL-002' successfully

2023-10-04 20:35:36 - [TEST_CASE][PASSED] - Test Cases/T13 Pembelian, Shipment dan Pembayaran/PBL-002: Test Cases/T13 Pembelian, Shipment dan Pembayaran/PBL-002

2023-10-04 20:35:36 - [TEST_STEP][PASSED] - data = callTestCase(findTestCase("T13 Pembelian, Shipment dan Pembayaran/PBL-001"), [:], STOP_ON_FAILURE): Call Test Case 'Test Cases/T13 Pembelian, Shipment dan Pembayaran/PBL-001' successfully

2023-10-04 20:35:36 - [TEST_CASE][PASSED] - Test Cases/T13 Pembelian, Shipment dan Pembayaran/PBL-001: Test Cases/T13 Pembelian, Shipment dan Pembayaran/PBL-001

2023-10-04 20:35:36 - [TEST_STEP][PASSED] - callTestCase(findTestCase("T13 Pembelian, Shipment dan Pembayaran/LU-001"), ["username":"irfanafandi", "password":"12345irfan"], STOP_ON_FAILURE): Call Test Case 'Test Cases/T13 Pembelian, Shipment dan Pembayaran/LU-001' successfully

2023-10-04 20:35:36 - [TEST_CASE][PASSED] - Test Cases/T13 Pembelian, Shipment dan Pembayaran/LU-001: Test Cases/T13 Pembelian, Shipment dan Pembayaran/LU-001

2023-10-04 20:35:36 - [TEST_STEP][PASSED] - openBrowser("https://10.9.2.63/ecommerce/"): Browser is opened with url: 'https://10.9.2.63/ecommerce/'

2023-10-04 20:35:36 - [MESSAGE][WARNING] - A browser is already opened. Closing browser and opening a new one

2023-10-04 20:35:39 - [MESSAGE][INFO] - Starting 'Firefox' driver

2023-10-04 20:35:39 - [MESSAGE][INFO] - User set preference: ['args', '[--disable-notifications]']

2023-10-04 20:35:39 - [MESSAGE][INFO] - Action delay is set to 0 milliseconds

2023-10-04 20:35:46 - [MESSAGE][PASSED] - Browser is opened with url: 'https://10.9.2.63/ecommerce/'

2023-10-04 20:35:46 - [TEST_STEP][PASSED] - maximizeWindow(): Current window maximized

2023-10-04 20:35:46 - [MESSAGE][PASSED] - Current window maximized

2023-10-04 20:35:46 - [TEST_STEP][PASSED] - verifyElementPresent(findTestObject("Login/Home"), 0): Object 'Object Repository/Login/Home' is present

2023-10-04 20:35:46 - [MESSAGE][WARNING] - Timeout '0' is invalid. Using default page load timeout: '30'

2023-10-04 20:35:47 - [MESSAGE][PASSED] - Object 'Object Repository/Login/Home' is present

2023-10-04 20:35:47 - [TEST_STEP][PASSED] - click(findTestObject("Login/a_Login")): Object: 'Object Repository/Login/a_Login' is clicked on

2023-10-04 20:35:47 - [MESSAGE][PASSED] - Object: 'Object Repository/Login/a_Login' is clicked on

2023-10-04 20:35:47 - [TEST_STEP][PASSED] - verifyElementPresent(findTestObject("Login/Tittle Login"), 0): Object 'Object Repository/Login/Tittle Login' is present

2023-10-04 20:35:47 - [MESSAGE][WARNING] - Timeout '0' is invalid. Using default page load timeout: '30'

2023-10-04 20:35:48 - [MESSAGE][PASSED] - Object 'Object Repository/Login/Tittle Login' is present

2023-10-04 20:35:48 - [TEST_STEP][PASSED] - setText(findTestObject("Login/input_Username, Email atau No. Handphone_a"), username): Text 'irfanafandi' is set on object 'Object Repository/Login/input_Username, Email atau No. Handphone_a'

2023-10-04 20:35:48 - [MESSAGE][PASSED] - Text 'irfanafandi' is set on object 'Object Repository/Login/input_Username, Email atau No. Handphone_a'

2023-10-04 20:35:48 - [TEST_STEP][PASSED] - setText(findTestObject("Login/input_Password_b"), password): Text '12345irfan' is set on object 'Object Repository/Login/input_Password_b'

2023-10-04 20:35:49 - [MESSAGE][PASSED] - Text '12345irfan' is set on object 'Object Repository/Login/input_Password_b'

2023-10-04 20:35:49 - [TEST_STEP][PASSED] - click(findTestObject("Login/label_Ingat saya")): Object: 'Object Repository/Login/label_Ingat saya' is clicked on

2023-10-04 20:35:50 - [MESSAGE][PASSED] - Object: 'Object Repository/Login/label_Ingat saya' is clicked on

2023-10-04 20:35:50 - [TEST_STEP][PASSED] - click(findTestObject("Login/button_Masuk")): Object: 'Object Repository/Login/button_Masuk' is clicked on

2023-10-04 20:35:51 - [MESSAGE][PASSED] - Object: 'Object Repository/Login/button_Masuk' is clicked on

2023-10-04 20:35:51 - [TEST_STEP][PASSED] - verifyElementPresent(findTestObject("Login/li_Profile"), 0): Object 'Object Repository/Login/li_Profile' is present

2023-10-04 20:35:51 - [MESSAGE][WARNING] - Timeout '0' is invalid. Using default page load timeout: '30'

2023-10-04 20:35:52 - [MESSAGE][PASSED] - Object 'Object Repository/Login/li_Profile' is present

2023-10-04 20:35:52 - [MESSAGE][PASSED] - Call Test Case 'Test Cases/T13 Pembelian, Shipment dan Pembayaran/LU-001' successfully

2023-10-04 20:35:52 - [TEST_STEP][PASSED] - mouseOver(findTestObject("beli barang/i_Mulai Belanja_icon-menu")): Object: 'Object Repository/beli barang/i_Mulai Belanja_icon-menu' is hovered

2023-10-04 20:35:52 - [MESSAGE][PASSED] - Object: 'Object Repository/beli barang/i_Mulai Belanja_icon-menu' is hovered

2023-10-04 20:35:52 - [TEST_STEP][PASSED] - click(findTestObject("beli barang/a_Fashion  Busana Wanita")): Object: 'Object Repository/beli barang/a_Fashion  Busana Wanita' is clicked on

2023-10-04 20:35:54 - [MESSAGE][PASSED] - Object: 'Object Repository/beli barang/a_Fashion  Busana Wanita' is clicked on

2023-10-04 20:35:54 - [TEST_STEP][PASSED] - NamaSebelum = getText(findTestObject("verifikasi/Nama sebelum")): Text of object 'Object Repository/verifikasi/Nama sebelum' is: ''

2023-10-04 20:35:54 - [MESSAGE][PASSED] - Text of object 'Object Repository/verifikasi/Nama sebelum' is: ''

2023-10-04 20:35:54 - [TEST_STEP][PASSED] - HargaSebelum = getText(findTestObject("verifikasi/Harga sebelum")): Text of object 'Object Repository/verifikasi/Harga sebelum' is: 'Rp 1,299'

2023-10-04 20:35:55 - [MESSAGE][PASSED] - Text of object 'Object Repository/verifikasi/Harga sebelum' is: 'Rp 1,299'

2023-10-04 20:35:55 - [TEST_STEP][PASSED] - mouseOver(findTestObject("beli barang/barang mouse over")): Object: 'Object Repository/beli barang/barang mouse over' is hovered

2023-10-04 20:35:56 - [MESSAGE][PASSED] - Object: 'Object Repository/beli barang/barang mouse over' is hovered

2023-10-04 20:35:56 - [TEST_STEP][PASSED] - click(findTestObject("beli barang/buttom add to cart")): Object: 'Object Repository/beli barang/buttom add to cart' is clicked on

2023-10-04 20:35:57 - [MESSAGE][PASSED] - Object: 'Object Repository/beli barang/buttom add to cart' is clicked on

2023-10-04 20:35:57 - [TEST_STEP][PASSED] - NamaSesudah = getText(findTestObject("verifikasi/Nama sesudah")): Text of object 'Object Repository/verifikasi/Nama sesudah' is: 'Segitiga Instan Madeira - MDB5.3 Sunset'

2023-10-04 20:35:58 - [MESSAGE][PASSED] - Text of object 'Object Repository/verifikasi/Nama sesudah' is: 'Segitiga Instan Madeira - MDB5.3 Sunset'

2023-10-04 20:35:58 - [TEST_STEP][PASSED] - HargaSesudah = getText(findTestObject("verifikasi/Harga sesudah")): Text of object 'Object Repository/verifikasi/Harga sesudah' is: 'Rp 1,299'

2023-10-04 20:35:58 - [MESSAGE][PASSED] - Text of object 'Object Repository/verifikasi/Harga sesudah' is: 'Rp 1,299'

2023-10-04 20:35:58 - [TEST_STEP][PASSED] - assert NamaSesudah.contains(NamaSebelum): null

2023-10-04 20:35:58 - [TEST_STEP][PASSED] - assert HargaSesudah.contains(HargaSebelum): null

2023-10-04 20:35:58 - [TEST_STEP][PASSED] - click(findTestObject("beli barang/Tambah Keranjang busana wanita")): Object: 'Object Repository/beli barang/Tambah Keranjang busana wanita' is clicked on

2023-10-04 20:35:59 - [MESSAGE][PASSED] - Object: 'Object Repository/beli barang/Tambah Keranjang busana wanita' is clicked on

2023-10-04 20:35:59 - [TEST_STEP][PASSED] - verifyElementPresent(findTestObject("checkout/Notifikasi keranjang"), 1): Object 'Object Repository/checkout/Notifikasi keranjang' is present

2023-10-04 20:35:59 - [MESSAGE][PASSED] - Object 'Object Repository/checkout/Notifikasi keranjang' is present

2023-10-04 20:35:59 - [TEST_STEP][PASSED] - data = new java.util.HashMap(): null

2023-10-04 20:35:59 - [TEST_STEP][PASSED] - data.put("nama_barang", NamaSesudah): null

2023-10-04 20:35:59 - [TEST_STEP][PASSED] - data.put("price_barang", HargaSesudah): null

2023-10-04 20:35:59 - [TEST_STEP][PASSED] - return data: null

2023-10-04 20:35:59 - [MESSAGE][PASSED] - Call Test Case 'Test Cases/T13 Pembelian, Shipment dan Pembayaran/PBL-001' successfully

2023-10-04 20:35:59 - [TEST_STEP][PASSED] - mouseOver(findTestObject("beli barang/keranjang")): Object: 'Object Repository/beli barang/keranjang' is hovered

2023-10-04 20:36:00 - [MESSAGE][PASSED] - Object: 'Object Repository/beli barang/keranjang' is hovered

2023-10-04 20:36:00 - [TEST_STEP][PASSED] - click(findTestObject("beli barang/Lihat Sekarang")): Object: 'Object Repository/beli barang/Lihat Sekarang' is clicked on

2023-10-04 20:36:01 - [MESSAGE][PASSED] - Object: 'Object Repository/beli barang/Lihat Sekarang' is clicked on

2023-10-04 20:36:01 - [TEST_STEP][PASSED] - verifyElementPresent(findTestObject("keranjang/li_Keranjang Belanja"), 0): Object 'Object Repository/keranjang/li_Keranjang Belanja' is present

2023-10-04 20:36:01 - [MESSAGE][WARNING] - Timeout '0' is invalid. Using default page load timeout: '30'

2023-10-04 20:36:02 - [MESSAGE][PASSED] - Object 'Object Repository/keranjang/li_Keranjang Belanja' is present

2023-10-04 20:36:02 - [TEST_STEP][PASSED] - NamaKeranjang = getText(findTestObject("verifikasi/Nama keranjang")): Text of object 'Object Repository/verifikasi/Nama keranjang' is: 'Segitiga Instan Madeira - MDB5.3 Sunset'

2023-10-04 20:36:02 - [MESSAGE][PASSED] - Text of object 'Object Repository/verifikasi/Nama keranjang' is: 'Segitiga Instan Madeira - MDB5.3 Sunset'

2023-10-04 20:36:02 - [TEST_STEP][PASSED] - HargaKeranjang = getText(findTestObject("verifikasi/Harga Keranjang")): Text of object 'Object Repository/verifikasi/Harga Keranjang' is: 'Rp 1,299'

2023-10-04 20:36:03 - [MESSAGE][PASSED] - Text of object 'Object Repository/verifikasi/Harga Keranjang' is: 'Rp 1,299'

2023-10-04 20:36:03 - [TEST_STEP][PASSED] - if (toString().equalsIgnoreCase("Merah")): Object 'Object Repository/keranjang/input_Warna_variasi101' is checked

2023-10-04 20:36:03 - [TEST_STEP][PASSED] - check(findTestObject("Object Repository/keranjang/input_Warna_variasi101")): Object 'Object Repository/keranjang/input_Warna_variasi101' is checked

2023-10-04 20:36:03 - [MESSAGE][PASSED] - Object 'Object Repository/keranjang/input_Warna_variasi101' is checked

2023-10-04 20:36:03 - [TEST_STEP][PASSED] - if (toString().equalsIgnoreCase("Menengah")): Object 'Object Repository/keranjang/input_Ukuran_variasi201' is checked

2023-10-04 20:36:03 - [TEST_STEP][PASSED] - check(findTestObject("Object Repository/keranjang/input_Ukuran_variasi201")): Object 'Object Repository/keranjang/input_Ukuran_variasi201' is checked

2023-10-04 20:36:04 - [MESSAGE][PASSED] - Object 'Object Repository/keranjang/input_Ukuran_variasi201' is checked

2023-10-04 20:36:04 - [TEST_STEP][PASSED] - data.put("Warna", warna): null

2023-10-04 20:36:04 - [TEST_STEP][PASSED] - data.put("Ukuran", ukuran): null

2023-10-04 20:36:04 - [TEST_STEP][PASSED] - click(findTestObject("keranjang/button_Lanjut ke Pembayaran")): Object: 'Object Repository/keranjang/button_Lanjut ke Pembayaran' is clicked on

2023-10-04 20:36:05 - [MESSAGE][PASSED] - Object: 'Object Repository/keranjang/button_Lanjut ke Pembayaran' is clicked on

2023-10-04 20:36:05 - [TEST_STEP][PASSED] - verifyElementPresent(findTestObject("checkout/Tittle Checkout Order"), 0): Object 'Object Repository/checkout/Tittle Checkout Order' is present

2023-10-04 20:36:05 - [MESSAGE][WARNING] - Timeout '0' is invalid. Using default page load timeout: '30'

2023-10-04 20:36:06 - [MESSAGE][PASSED] - Object 'Object Repository/checkout/Tittle Checkout Order' is present

2023-10-04 20:36:06 - [TEST_STEP][PASSED] - name_product = data.get("nama_barang"): null

2023-10-04 20:36:06 - [TEST_STEP][PASSED] - price_product = data.get("price_barang"): null

2023-10-04 20:36:06 - [TEST_STEP][PASSED] - assert name_product == NamaKeranjang: null

2023-10-04 20:36:06 - [TEST_STEP][PASSED] - assert price_product == HargaKeranjang: null

2023-10-04 20:36:06 - [TEST_STEP][PASSED] - return data: null

2023-10-04 20:36:06 - [MESSAGE][PASSED] - Call Test Case 'Test Cases/T13 Pembelian, Shipment dan Pembayaran/PBL-002' successfully

2023-10-04 20:36:06 - [TEST_STEP][PASSED] - warnaa = getText(findTestObject("verifikasi/warna Merah")): Text of object 'Object Repository/verifikasi/warna Merah' is: 'Merah'

2023-10-04 20:36:06 - [MESSAGE][PASSED] - Text of object 'Object Repository/verifikasi/warna Merah' is: 'Merah'

2023-10-04 20:36:06 - [TEST_STEP][PASSED] - ukurann = getText(findTestObject("verifikasi/Ukuran Menengah")): Text of object 'Object Repository/verifikasi/Ukuran Menengah' is: 'Menengah'

2023-10-04 20:36:07 - [MESSAGE][PASSED] - Text of object 'Object Repository/verifikasi/Ukuran Menengah' is: 'Menengah'

2023-10-04 20:36:07 - [TEST_STEP][PASSED] - warna1 = data.get("Warna"): null

2023-10-04 20:36:07 - [TEST_STEP][PASSED] - ukuran1 = data.get("Ukuran"): null

2023-10-04 20:36:07 - [TEST_STEP][PASSED] - assert warnaa == warna1: null

2023-10-04 20:36:07 - [TEST_STEP][PASSED] - assert ukurann == ukuran1: null

2023-10-04 20:36:07 - [TEST_STEP][PASSED] - NamaCheckout = getText(findTestObject("verifikasi/NamaCheckout")): Text of object 'Object Repository/verifikasi/NamaCheckout' is: ''

2023-10-04 20:36:07 - [MESSAGE][PASSED] - Text of object 'Object Repository/verifikasi/NamaCheckout' is: ''

2023-10-04 20:36:07 - [TEST_STEP][PASSED] - HargaCheckout = getText(findTestObject("verifikasi/HargaCheckout")): Text of object 'Object Repository/verifikasi/HargaCheckout' is: '1,299'

2023-10-04 20:36:08 - [MESSAGE][PASSED] - Text of object 'Object Repository/verifikasi/HargaCheckout' is: '1,299'

2023-10-04 20:36:08 - [TEST_STEP][PASSED] - name_product = data.get("nama_barang"): null

2023-10-04 20:36:08 - [TEST_STEP][PASSED] - price_product = data.get("price_barang"): null

2023-10-04 20:36:08 - [TEST_STEP][PASSED] - assert name_product.contains(NamaCheckout): null

2023-10-04 20:36:08 - [TEST_STEP][PASSED] - assert price_product.contains(HargaCheckout): null

2023-10-04 20:36:08 - [TEST_STEP][PASSED] - selectOptionByLabel(findTestObject("checkout/select - Kirim via Kurir Lokal"), Kurir, false): All options with label 'Roda 2' are selected in object 'Object Repository/checkout/select - Kirim via Kurir Lokal' 

2023-10-04 20:36:08 - [MESSAGE][PASSED] - All options with label 'Roda 2' are selected in object 'Object Repository/checkout/select - Kirim via Kurir Lokal' 

2023-10-04 20:36:08 - [TEST_STEP][PASSED] - click(findTestObject("checkout/Kendaraan Kurir")): Object: 'Object Repository/checkout/Kendaraan Kurir' is clicked on

2023-10-04 20:36:09 - [MESSAGE][PASSED] - Object: 'Object Repository/checkout/Kendaraan Kurir' is clicked on

2023-10-04 20:36:09 - [TEST_STEP][PASSED] - OngkosKirim = getText(findTestObject("Object Repository/verifikasi/Ongkos Kirim checkout")): Text of object 'Object Repository/verifikasi/Ongkos Kirim checkout' is: 'Rp. 5,000'

2023-10-04 20:36:10 - [MESSAGE][PASSED] - Text of object 'Object Repository/verifikasi/Ongkos Kirim checkout' is: 'Rp. 5,000'

2023-10-04 20:36:10 - [TEST_STEP][PASSED] - Ongkos = OngkosKirim.substring(3, OngkosKirim.size()): null

2023-10-04 20:36:10 - [TEST_STEP][PASSED] - rep = Ongkos.replace(",", "."): null

2023-10-04 20:36:10 - [TEST_STEP][PASSED] - Ongkos_kirim = Double.parseDouble(rep): null

2023-10-04 20:36:10 - [TEST_STEP][PASSED] - println(Ongkos_kirim): null

2023-10-04 20:36:10 - [TEST_STEP][PASSED] - FeeAdmin = getText(findTestObject("verifikasi/Fee Admin checkout")): Text of object 'Object Repository/verifikasi/Fee Admin checkout' is: 'Fee Admin
Rp 1,500'

2023-10-04 20:36:10 - [MESSAGE][PASSED] - Text of object 'Object Repository/verifikasi/Fee Admin checkout' is: 'Fee Admin
Rp 1,500'

2023-10-04 20:36:10 - [TEST_STEP][PASSED] - Fee_Admin = FeeAdmin.substring(12, FeeAdmin.size()): null

2023-10-04 20:36:10 - [TEST_STEP][PASSED] - fee = Fee_Admin.replace(",", "."): null

2023-10-04 20:36:10 - [TEST_STEP][PASSED] - fee_admin = Double.parseDouble(fee): null

2023-10-04 20:36:10 - [TEST_STEP][PASSED] - println(fee_admin): null

2023-10-04 20:36:10 - [TEST_STEP][PASSED] - Subtotal = getText(findTestObject("verifikasi/subtotal checkout")): Text of object 'Object Repository/verifikasi/subtotal checkout' is: 'Subtotal
Rp 1,299'

2023-10-04 20:36:11 - [MESSAGE][PASSED] - Text of object 'Object Repository/verifikasi/subtotal checkout' is: 'Subtotal
Rp 1,299'

2023-10-04 20:36:11 - [TEST_STEP][PASSED] - sub_total = Subtotal.substring(12, Subtotal.size()): null

2023-10-04 20:36:11 - [TEST_STEP][PASSED] - sub = sub_total.replace(",", "."): null

2023-10-04 20:36:11 - [TEST_STEP][PASSED] - sub_total = Double.parseDouble(sub): null

2023-10-04 20:36:11 - [TEST_STEP][PASSED] - println(sub_total): null

2023-10-04 20:36:11 - [TEST_STEP][PASSED] - Total = getText(findTestObject("verifikasi/Total checkout")): Text of object 'Object Repository/verifikasi/Total checkout' is: 'Rp 7,799'

2023-10-04 20:36:11 - [MESSAGE][PASSED] - Text of object 'Object Repository/verifikasi/Total checkout' is: 'Rp 7,799'

2023-10-04 20:36:11 - [TEST_STEP][PASSED] - totall = Total.substring(3, Total.size()): null

2023-10-04 20:36:11 - [TEST_STEP][PASSED] - total = totall.replace(",", "."): null

2023-10-04 20:36:11 - [TEST_STEP][PASSED] - totall = Double.parseDouble(total): null

2023-10-04 20:36:11 - [TEST_STEP][PASSED] - println(totall): null

2023-10-04 20:36:11 - [TEST_STEP][PASSED] - Total_Harga = Ongkos_kirim + fee_admin + sub_total: null

2023-10-04 20:36:11 - [TEST_STEP][PASSED] - println(Total_Harga): null

2023-10-04 20:36:11 - [TEST_STEP][PASSED] - TotalHarga = Math.round(Total_Harga * 1000) / 1000: null

2023-10-04 20:36:11 - [TEST_STEP][PASSED] - println(TotalHarga): null

2023-10-04 20:36:11 - [TEST_STEP][PASSED] - assert totall == TotalHarga: null

2023-10-04 20:36:11 - [TEST_STEP][PASSED] - click(findTestObject("verifikasi/Metode Transfer")): Object: 'Object Repository/verifikasi/Metode Transfer' is clicked on

2023-10-04 20:36:12 - [MESSAGE][PASSED] - Object: 'Object Repository/verifikasi/Metode Transfer' is clicked on

2023-10-04 20:36:12 - [TEST_STEP][PASSED] - click(findTestObject("checkout/button_Proses Pembayaran")): Object: 'Object Repository/checkout/button_Proses Pembayaran' is clicked on

2023-10-04 20:36:18 - [MESSAGE][PASSED] - Object: 'Object Repository/checkout/button_Proses Pembayaran' is clicked on

2023-10-04 20:36:18 - [TEST_STEP][PASSED] - verifyElementPresent(findTestObject("pembayaran/Tittle nomor invoice"), 0): Object 'Object Repository/pembayaran/Tittle nomor invoice' is present

2023-10-04 20:36:18 - [MESSAGE][WARNING] - Timeout '0' is invalid. Using default page load timeout: '30'

2023-10-04 20:36:20 - [MESSAGE][PASSED] - Object 'Object Repository/pembayaran/Tittle nomor invoice' is present

2023-10-04 20:36:20 - [TEST_STEP][PASSED] - return data: null

2023-10-04 20:36:20 - [MESSAGE][PASSED] - Call Test Case 'Test Cases/T13 Pembelian, Shipment dan Pembayaran/PBL-004' successfully

2023-10-04 20:36:20 - [TEST_STEP][PASSED] - Invoice = getText(findTestObject("pembayaran/nomor invoice")): Text of object 'Object Repository/pembayaran/nomor invoice' is: 'TRX60.20231004203614'

2023-10-04 20:36:20 - [MESSAGE][PASSED] - Text of object 'Object Repository/pembayaran/nomor invoice' is: 'TRX60.20231004203614'

2023-10-04 20:36:20 - [TEST_STEP][PASSED] - data.put("invoice", Invoice): null

2023-10-04 20:36:20 - [TEST_STEP][PASSED] - NamaPemesan = getText(findTestObject("Konfirmasi pesanan shop/Nama pemesan")): Text of object 'Object Repository/Konfirmasi pesanan shop/Nama pemesan' is: 'irfan.afandi'

2023-10-04 20:36:21 - [MESSAGE][PASSED] - Text of object 'Object Repository/Konfirmasi pesanan shop/Nama pemesan' is: 'irfan.afandi'

2023-10-04 20:36:21 - [TEST_STEP][PASSED] - Nama = getText(findTestObject("pembayaran/Nama barang")): Text of object 'Object Repository/pembayaran/Nama barang' is: 'Segitiga Instan Madeira - MDB5.3 Sunset'

2023-10-04 20:36:21 - [MESSAGE][PASSED] - Text of object 'Object Repository/pembayaran/Nama barang' is: 'Segitiga Instan Madeira - MDB5.3 Sunset'

2023-10-04 20:36:21 - [TEST_STEP][PASSED] - Harga = getText(findTestObject("pembayaran/Harga barang")): Text of object 'Object Repository/pembayaran/Harga barang' is: '1,299'

2023-10-04 20:36:22 - [MESSAGE][PASSED] - Text of object 'Object Repository/pembayaran/Harga barang' is: '1,299'

2023-10-04 20:36:22 - [TEST_STEP][PASSED] - name_product = data.get("nama_barang"): null

2023-10-04 20:36:22 - [TEST_STEP][PASSED] - price_product = data.get("price_barang"): null

2023-10-04 20:36:22 - [TEST_STEP][PASSED] - assert name_product.contains(Nama): null

2023-10-04 20:36:22 - [TEST_STEP][PASSED] - assert price_product.contains(Harga): null

2023-10-04 20:36:22 - [TEST_STEP][PASSED] - warnaa = getText(findTestObject("pembayaran/warna")): Text of object 'Object Repository/pembayaran/warna' is: 'Merah'

2023-10-04 20:36:22 - [MESSAGE][PASSED] - Text of object 'Object Repository/pembayaran/warna' is: 'Merah'

2023-10-04 20:36:22 - [TEST_STEP][PASSED] - ukurann = getText(findTestObject("pembayaran/ukuran")): Text of object 'Object Repository/pembayaran/ukuran' is: 'Menengah'

2023-10-04 20:36:23 - [MESSAGE][PASSED] - Text of object 'Object Repository/pembayaran/ukuran' is: 'Menengah'

2023-10-04 20:36:23 - [TEST_STEP][PASSED] - warna1 = data.get("Warna"): null

2023-10-04 20:36:23 - [TEST_STEP][PASSED] - ukuran1 = data.get("Ukuran"): null

2023-10-04 20:36:23 - [TEST_STEP][PASSED] - assert warnaa == warna1: null

2023-10-04 20:36:23 - [TEST_STEP][PASSED] - assert ukurann == ukuran1: null

2023-10-04 20:36:23 - [TEST_STEP][PASSED] - statusPembelian = getText(findTestObject("verifikasi/Status pending di pembelian")): Text of object 'Object Repository/verifikasi/Status pending di pembelian' is: 'Pending'

2023-10-04 20:36:23 - [MESSAGE][PASSED] - Text of object 'Object Repository/verifikasi/Status pending di pembelian' is: 'Pending'

2023-10-04 20:36:23 - [TEST_STEP][PASSED] - data.put("statusPem", statusPembelian): null

2023-10-04 20:36:23 - [TEST_STEP][PASSED] - OngkosKirim = getText(findTestObject("pembayaran/ongkos kirim")): Text of object 'Object Repository/pembayaran/ongkos kirim' is: 'Rp 5,000'

2023-10-04 20:36:24 - [MESSAGE][PASSED] - Text of object 'Object Repository/pembayaran/ongkos kirim' is: 'Rp 5,000'

2023-10-04 20:36:24 - [TEST_STEP][PASSED] - Ongkos = OngkosKirim.substring(3, OngkosKirim.size()): null

2023-10-04 20:36:24 - [TEST_STEP][PASSED] - rep = Ongkos.replace(",", ""): null

2023-10-04 20:36:24 - [TEST_STEP][PASSED] - Ongkos_kirimm = Integer.parseInt(rep): null

2023-10-04 20:36:24 - [TEST_STEP][PASSED] - println(Ongkos_kirimm): null

2023-10-04 20:36:24 - [TEST_STEP][PASSED] - FeeAdmin = getText(findTestObject("pembayaran/fee admin")): Text of object 'Object Repository/pembayaran/fee admin' is: 'Rp 1,500'

2023-10-04 20:36:24 - [MESSAGE][PASSED] - Text of object 'Object Repository/pembayaran/fee admin' is: 'Rp 1,500'

2023-10-04 20:36:24 - [TEST_STEP][PASSED] - Fee_Admin = FeeAdmin.substring(3, FeeAdmin.size()): null

2023-10-04 20:36:24 - [TEST_STEP][PASSED] - fee = Fee_Admin.replace(",", ""): null

2023-10-04 20:36:24 - [TEST_STEP][PASSED] - fee_adminn = Integer.parseInt(fee): null

2023-10-04 20:36:24 - [TEST_STEP][PASSED] - println(fee_adminn): null

2023-10-04 20:36:24 - [TEST_STEP][PASSED] - Subtotal = getText(findTestObject("pembayaran/subtotal")): Text of object 'Object Repository/pembayaran/subtotal' is: 'Rp 1,299'

2023-10-04 20:36:25 - [MESSAGE][PASSED] - Text of object 'Object Repository/pembayaran/subtotal' is: 'Rp 1,299'

2023-10-04 20:36:25 - [TEST_STEP][PASSED] - sub_total = Subtotal.substring(3, Subtotal.size()): null

2023-10-04 20:36:25 - [TEST_STEP][PASSED] - sub = sub_total.replace(",", ""): null

2023-10-04 20:36:25 - [TEST_STEP][PASSED] - sub_totall = Integer.parseInt(sub): null

2023-10-04 20:36:25 - [TEST_STEP][PASSED] - println(sub_totall): null

2023-10-04 20:36:25 - [TEST_STEP][PASSED] - unik = getText(findTestObject("pembayaran/kode unik")): Text of object 'Object Repository/pembayaran/kode unik' is: '+614'

2023-10-04 20:36:25 - [MESSAGE][PASSED] - Text of object 'Object Repository/pembayaran/kode unik' is: '+614'

2023-10-04 20:36:25 - [TEST_STEP][PASSED] - unikk = unik.replace("+", ""): null

2023-10-04 20:36:25 - [TEST_STEP][PASSED] - kode_unik = Integer.parseInt(unikk): null

2023-10-04 20:36:25 - [TEST_STEP][PASSED] - println(kode_unik): null

2023-10-04 20:36:25 - [TEST_STEP][PASSED] - Total = getText(findTestObject("pembayaran/total")): Text of object 'Object Repository/pembayaran/total' is: '8,413'

2023-10-04 20:36:26 - [MESSAGE][PASSED] - Text of object 'Object Repository/pembayaran/total' is: '8,413'

2023-10-04 20:36:26 - [TEST_STEP][PASSED] - total = Total.replace(",", ""): null

2023-10-04 20:36:26 - [TEST_STEP][PASSED] - totalll = Integer.parseInt(total): null

2023-10-04 20:36:26 - [TEST_STEP][PASSED] - println(totalll): null

2023-10-04 20:36:26 - [TEST_STEP][PASSED] - Total_Hargaa = Ongkos_kirimm + fee_adminn + sub_totall + kode_unik: null

2023-10-04 20:36:26 - [TEST_STEP][PASSED] - println(Total_Hargaa): null

2023-10-04 20:36:26 - [TEST_STEP][PASSED] - assert totalll == Total_Hargaa: null

2023-10-04 20:36:26 - [TEST_STEP][PASSED] - data.put("total", Total): null

2023-10-04 20:36:26 - [TEST_STEP][PASSED] - data.put("nama", NamaPemesan): null

2023-10-04 20:36:26 - [TEST_STEP][PASSED] - return data: null

2023-10-04 20:36:26 - [MESSAGE][PASSED] - Call Test Case 'Test Cases/T13 Pembelian, Shipment dan Pembayaran/PBY-001' successfully

2023-10-04 20:36:26 - [TEST_STEP][PASSED] - inv = data.get("invoice"): null

2023-10-04 20:36:26 - [TEST_STEP][PASSED] - Total = data.get("total"): null

2023-10-04 20:36:26 - [TEST_STEP][PASSED] - NamaPemesan = data.get("nama"): null

2023-10-04 20:36:26 - [TEST_STEP][PASSED] - click(findTestObject("Konfirmasi pesanan shop/Menu Shop")): Object: 'Object Repository/Konfirmasi pesanan shop/Menu Shop' is clicked on

2023-10-04 20:36:27 - [MESSAGE][PASSED] - Object: 'Object Repository/Konfirmasi pesanan shop/Menu Shop' is clicked on

2023-10-04 20:36:27 - [TEST_STEP][PASSED] - click(findTestObject("Konfirmasi pesanan shop/Menu Shop")): Object: 'Object Repository/Konfirmasi pesanan shop/Menu Shop' is clicked on

2023-10-04 20:36:28 - [MESSAGE][PASSED] - Object: 'Object Repository/Konfirmasi pesanan shop/Menu Shop' is clicked on

2023-10-04 20:36:28 - [TEST_STEP][PASSED] - click(findTestObject("Konfirmasi pesanan shop/Konfirmasi Orders")): Object: 'Object Repository/Konfirmasi pesanan shop/Konfirmasi Orders' is clicked on

2023-10-04 20:36:29 - [MESSAGE][PASSED] - Object: 'Object Repository/Konfirmasi pesanan shop/Konfirmasi Orders' is clicked on

2023-10-04 20:36:29 - [TEST_STEP][PASSED] - verifyElementPresent(findTestObject("Konfirmasi pesanan shop/Tittle Konfirmasi Pesanan"), 0): Object 'Object Repository/Konfirmasi pesanan shop/Tittle Konfirmasi Pesanan' is present

2023-10-04 20:36:29 - [MESSAGE][WARNING] - Timeout '0' is invalid. Using default page load timeout: '30'

2023-10-04 20:36:30 - [MESSAGE][PASSED] - Object 'Object Repository/Konfirmasi pesanan shop/Tittle Konfirmasi Pesanan' is present

2023-10-04 20:36:30 - [TEST_STEP][PASSED] - setText(findTestObject("Konfirmasi pesanan shop/input_No Pesanan"), inv): Text 'TRX60.20231004203614' is set on object 'Object Repository/Konfirmasi pesanan shop/input_No Pesanan'

2023-10-04 20:36:30 - [MESSAGE][PASSED] - Text 'TRX60.20231004203614' is set on object 'Object Repository/Konfirmasi pesanan shop/input_No Pesanan'

2023-10-04 20:36:30 - [TEST_STEP][PASSED] - setText(findTestObject("Konfirmasi pesanan shop/input_Alamat E-mai"), "irfan@gmail.com"): Text 'irfan@gmail.com' is set on object 'Object Repository/Konfirmasi pesanan shop/input_Alamat E-mai'

2023-10-04 20:36:31 - [MESSAGE][PASSED] - Text 'irfan@gmail.com' is set on object 'Object Repository/Konfirmasi pesanan shop/input_Alamat E-mai'

2023-10-04 20:36:31 - [TEST_STEP][PASSED] - click(findTestObject("Konfirmasi pesanan shop/button_Submit")): Object: 'Object Repository/Konfirmasi pesanan shop/button_Submit' is clicked on

2023-10-04 20:36:32 - [MESSAGE][PASSED] - Object: 'Object Repository/Konfirmasi pesanan shop/button_Submit' is clicked on

2023-10-04 20:36:32 - [TEST_STEP][PASSED] - verifyElementPresent(findTestObject("Konfirmasi pesanan shop/Tittle nomor invoice"), 0): Object 'Object Repository/Konfirmasi pesanan shop/Tittle nomor invoice' is present

2023-10-04 20:36:32 - [MESSAGE][WARNING] - Timeout '0' is invalid. Using default page load timeout: '30'

2023-10-04 20:36:32 - [MESSAGE][PASSED] - Object 'Object Repository/Konfirmasi pesanan shop/Tittle nomor invoice' is present

2023-10-04 20:36:32 - [TEST_STEP][PASSED] - setText(findTestObject("Konfirmasi pesanan shop/input_Total TagihanTransfer_b"), Total): Text '8,413' is set on object 'Object Repository/Konfirmasi pesanan shop/input_Total TagihanTransfer_b'

2023-10-04 20:36:33 - [MESSAGE][PASSED] - Text '8,413' is set on object 'Object Repository/Konfirmasi pesanan shop/input_Total TagihanTransfer_b'

2023-10-04 20:36:33 - [TEST_STEP][PASSED] - selectOptionByValue(findTestObject("Konfirmasi pesanan shop/select_Bank"), "4", false): All options with value '4' are selected in object 'Object Repository/Konfirmasi pesanan shop/select_Bank' 

2023-10-04 20:36:34 - [MESSAGE][PASSED] - All options with value '4' are selected in object 'Object Repository/Konfirmasi pesanan shop/select_Bank' 

2023-10-04 20:36:34 - [TEST_STEP][PASSED] - setText(findTestObject("Konfirmasi pesanan shop/input_Nama Pengirim_d"), NamaPemesan): Text 'irfan.afandi' is set on object 'Object Repository/Konfirmasi pesanan shop/input_Nama Pengirim_d'

2023-10-04 20:36:35 - [MESSAGE][PASSED] - Text 'irfan.afandi' is set on object 'Object Repository/Konfirmasi pesanan shop/input_Nama Pengirim_d'

2023-10-04 20:36:35 - [TEST_STEP][PASSED] - uploadFile(findTestObject("keranjang/konfirmasi/input_Upload Bukti Transfer_f"), "C:\Users\IRFAN\Downloads\Berkas2.pdf"): File 'C:\Users\IRFAN\Downloads\Berkas2.pdf' sent to object: 'Object Repository/keranjang/konfirmasi/input_Upload Bukti Transfer_f'

2023-10-04 20:36:35 - [MESSAGE][PASSED] - File 'C:\Users\IRFAN\Downloads\Berkas2.pdf' sent to object: 'Object Repository/keranjang/konfirmasi/input_Upload Bukti Transfer_f'

2023-10-04 20:36:35 - [TEST_STEP][PASSED] - click(findTestObject("Konfirmasi pesanan shop/button_Konfirmasi Pembayaran")): Object: 'Object Repository/Konfirmasi pesanan shop/button_Konfirmasi Pembayaran' is clicked on

2023-10-04 20:36:37 - [MESSAGE][PASSED] - Object: 'Object Repository/Konfirmasi pesanan shop/button_Konfirmasi Pembayaran' is clicked on

2023-10-04 20:36:37 - [TEST_STEP][PASSED] - verifyElementPresent(findTestObject("Konfirmasi pesanan shop/Tittle Konfirmasi Pesanan"), 0): Object 'Object Repository/Konfirmasi pesanan shop/Tittle Konfirmasi Pesanan' is present

2023-10-04 20:36:37 - [MESSAGE][WARNING] - Timeout '0' is invalid. Using default page load timeout: '30'

2023-10-04 20:36:37 - [MESSAGE][PASSED] - Object 'Object Repository/Konfirmasi pesanan shop/Tittle Konfirmasi Pesanan' is present

2023-10-04 20:36:37 - [TEST_STEP][PASSED] - verifyElementPresent(findTestObject("Konfirmasi pesanan shop/Tittle massage succes Konfirmasi Pembayaran Pesanan"), 0): Object 'Object Repository/Konfirmasi pesanan shop/Tittle massage succes Konfirmasi Pembayaran Pesanan' is present

2023-10-04 20:36:37 - [MESSAGE][WARNING] - Timeout '0' is invalid. Using default page load timeout: '30'

2023-10-04 20:36:38 - [MESSAGE][PASSED] - Object 'Object Repository/Konfirmasi pesanan shop/Tittle massage succes Konfirmasi Pembayaran Pesanan' is present

2023-10-04 20:36:38 - [TEST_STEP][PASSED] - return data: null

2023-10-04 20:36:38 - [MESSAGE][PASSED] - Call Test Case 'Test Cases/T13 Pembelian, Shipment dan Pembayaran/PBY-004' successfully

2023-10-04 20:36:38 - [TEST_STEP][PASSED] - navigateToUrl("https://10.9.2.63/ecommerce/administrator/"): Navigate to 'https://10.9.2.63/ecommerce/administrator/' successfully

2023-10-04 20:36:38 - [MESSAGE][PASSED] - Navigate to 'https://10.9.2.63/ecommerce/administrator/' successfully

2023-10-04 20:36:38 - [TEST_STEP][PASSED] - verifyElementPresent(findTestObject("admin/Tittle ADMIN Login"), 0): Object 'Object Repository/admin/Tittle ADMIN Login' is present

2023-10-04 20:36:38 - [MESSAGE][WARNING] - Timeout '0' is invalid. Using default page load timeout: '30'

2023-10-04 20:36:39 - [MESSAGE][PASSED] - Object 'Object Repository/admin/Tittle ADMIN Login' is present

2023-10-04 20:36:39 - [TEST_STEP][PASSED] - setText(findTestObject("admin/Username"), "admin"): Text 'admin' is set on object 'Object Repository/admin/Username'

2023-10-04 20:36:39 - [MESSAGE][PASSED] - Text 'admin' is set on object 'Object Repository/admin/Username'

2023-10-04 20:36:39 - [TEST_STEP][PASSED] - setText(findTestObject("admin/Password"), "123admin123"): Text '123admin123' is set on object 'Object Repository/admin/Password'

2023-10-04 20:36:40 - [MESSAGE][PASSED] - Text '123admin123' is set on object 'Object Repository/admin/Password'

2023-10-04 20:36:40 - [TEST_STEP][PASSED] - click(findTestObject("admin/Remember Me")): Object: 'Object Repository/admin/Remember Me' is clicked on

2023-10-04 20:36:41 - [MESSAGE][PASSED] - Object: 'Object Repository/admin/Remember Me' is clicked on

2023-10-04 20:36:41 - [TEST_STEP][PASSED] - delay(10): Delayed 10 second(s)

2023-10-04 20:36:51 - [MESSAGE][PASSED] - Delayed 10 second(s)

2023-10-04 20:36:51 - [TEST_STEP][PASSED] - click(findTestObject("admin/buttom submit")): Object: 'Object Repository/admin/buttom submit' is clicked on

2023-10-04 20:36:53 - [MESSAGE][PASSED] - Object: 'Object Repository/admin/buttom submit' is clicked on

2023-10-04 20:36:53 - [TEST_STEP][PASSED] - verifyElementPresent(findTestObject("admin/Konf order konsumen/Tittle Dashboard"), 0): Object 'Object Repository/admin/Konf order konsumen/Tittle Dashboard' is present

2023-10-04 20:36:53 - [MESSAGE][WARNING] - Timeout '0' is invalid. Using default page load timeout: '30'

2023-10-04 20:36:58 - [MESSAGE][PASSED] - Object 'Object Repository/admin/Konf order konsumen/Tittle Dashboard' is present

2023-10-04 20:36:58 - [TEST_STEP][PASSED] - click(findTestObject("admin/Konf order konsumen/Menu Transaksi Market")): Object: 'Object Repository/admin/Konf order konsumen/Menu Transaksi Market' is clicked on

2023-10-04 20:36:59 - [MESSAGE][PASSED] - Object: 'Object Repository/admin/Konf order konsumen/Menu Transaksi Market' is clicked on

2023-10-04 20:36:59 - [TEST_STEP][PASSED] - click(findTestObject("admin/Konf order konsumen/Menu Konf. Order Konsumen")): Object: 'Object Repository/admin/Konf order konsumen/Menu Konf. Order Konsumen' is clicked on

2023-10-04 20:37:00 - [MESSAGE][PASSED] - Object: 'Object Repository/admin/Konf order konsumen/Menu Konf. Order Konsumen' is clicked on

2023-10-04 20:37:00 - [TEST_STEP][PASSED] - verifyElementPresent(findTestObject("admin/Konf order konsumen/Tittle Data Konfirmasi Pembayaran Konsumen"), 0): Object 'Object Repository/admin/Konf order konsumen/Tittle Data Konfirmasi Pembayaran Konsumen' is present

2023-10-04 20:37:00 - [MESSAGE][WARNING] - Timeout '0' is invalid. Using default page load timeout: '30'

2023-10-04 20:37:06 - [MESSAGE][PASSED] - Object 'Object Repository/admin/Konf order konsumen/Tittle Data Konfirmasi Pembayaran Konsumen' is present

2023-10-04 20:37:06 - [TEST_STEP][PASSED] - inv = data.get("invoice"): null

2023-10-04 20:37:06 - [TEST_STEP][PASSED] - setText(findTestObject("admin/Konf order konsumen/Search"), inv): Text 'TRX60.20231004203614' is set on object 'Object Repository/admin/Konf order konsumen/Search'

2023-10-04 20:37:08 - [MESSAGE][PASSED] - Text 'TRX60.20231004203614' is set on object 'Object Repository/admin/Konf order konsumen/Search'

2023-10-04 20:37:08 - [TEST_STEP][PASSED] - verifyElementText(findTestObject("admin/Konf order konsumen/Keterangan Lunas"), "Lunas"): Actual text and expected text of test object 'Object Repository/admin/Konf order konsumen/Keterangan Lunas' are matched.

2023-10-04 20:37:08 - [MESSAGE][PASSED] - Actual text and expected text of test object 'Object Repository/admin/Konf order konsumen/Keterangan Lunas' are matched.

2023-10-04 20:37:08 - [TEST_STEP][PASSED] - return data: null

2023-10-04 20:37:08 - [MESSAGE][PASSED] - Call Test Case 'Test Cases/T13 Pembelian, Shipment dan Pembayaran/PBYA-001' successfully

2023-10-04 20:37:08 - [TEST_STEP][PASSED] - click(findTestObject("admin/Penjualan ke konsumen/buttom Dashboard")): Object: 'Object Repository/admin/Penjualan ke konsumen/buttom Dashboard' is clicked on

2023-10-04 20:37:09 - [MESSAGE][PASSED] - Object: 'Object Repository/admin/Penjualan ke konsumen/buttom Dashboard' is clicked on

2023-10-04 20:37:09 - [TEST_STEP][PASSED] - click(findTestObject("admin/Konf order konsumen/Menu Transaksi Market")): Object: 'Object Repository/admin/Konf order konsumen/Menu Transaksi Market' is clicked on

2023-10-04 20:37:15 - [MESSAGE][PASSED] - Object: 'Object Repository/admin/Konf order konsumen/Menu Transaksi Market' is clicked on

2023-10-04 20:37:15 - [TEST_STEP][PASSED] - click(findTestObject("admin/Penjualan ke konsumen/a_Penjualan ke Konsumen")): Object: 'Object Repository/admin/Penjualan ke konsumen/a_Penjualan ke Konsumen' is clicked on

2023-10-04 20:37:17 - [MESSAGE][PASSED] - Object: 'Object Repository/admin/Penjualan ke konsumen/a_Penjualan ke Konsumen' is clicked on

2023-10-04 20:37:17 - [TEST_STEP][PASSED] - verifyElementPresent(findTestObject("admin/Tittle Data Transaksi Penjualan  Orderan Konsumen"), 0): Object 'Object Repository/admin/Tittle Data Transaksi Penjualan  Orderan Konsumen' is present

2023-10-04 20:37:17 - [MESSAGE][WARNING] - Timeout '0' is invalid. Using default page load timeout: '30'

2023-10-04 20:37:25 - [MESSAGE][PASSED] - Object 'Object Repository/admin/Tittle Data Transaksi Penjualan  Orderan Konsumen' is present

2023-10-04 20:37:25 - [TEST_STEP][PASSED] - return data: null

2023-10-04 20:37:25 - [MESSAGE][PASSED] - Call Test Case 'Test Cases/T13 Pembelian, Shipment dan Pembayaran/SA-001' successfully

2023-10-04 20:37:25 - [TEST_STEP][PASSED] - inv = data.get("invoice"): null

2023-10-04 20:37:25 - [TEST_STEP][PASSED] - setText(findTestObject("admin/Penjualan ke konsumen/Search"), inv): Text 'TRX60.20231004203614' is set on object 'Object Repository/admin/Penjualan ke konsumen/Search'

2023-10-04 20:37:26 - [MESSAGE][PASSED] - Text 'TRX60.20231004203614' is set on object 'Object Repository/admin/Penjualan ke konsumen/Search'

2023-10-04 20:37:26 - [TEST_STEP][PASSED] - click(findTestObject("admin/Penjualan ke konsumen/buttom konfirmasi pending payment")): Object: 'Object Repository/admin/Penjualan ke konsumen/buttom konfirmasi pending payment' is clicked on

2023-10-04 20:37:27 - [MESSAGE][PASSED] - Object: 'Object Repository/admin/Penjualan ke konsumen/buttom konfirmasi pending payment' is clicked on

2023-10-04 20:37:27 - [TEST_STEP][PASSED] - acceptAlert(STOP_ON_FAILURE): Alert accepted

2023-10-04 20:37:27 - [MESSAGE][PASSED] - Alert accepted

2023-10-04 20:37:27 - [TEST_STEP][PASSED] - setText(findTestObject("admin/Penjualan ke konsumen/Search"), inv): Text 'TRX60.20231004203614' is set on object 'Object Repository/admin/Penjualan ke konsumen/Search'

2023-10-04 20:37:28 - [MESSAGE][PASSED] - Text 'TRX60.20231004203614' is set on object 'Object Repository/admin/Penjualan ke konsumen/Search'

2023-10-04 20:37:28 - [TEST_STEP][PASSED] - verifyTextNotPresent("pending payment", false): Text 'pending payment' is not present on page

2023-10-04 20:37:29 - [MESSAGE][PASSED] - Text 'pending payment' is not present on page

2023-10-04 20:37:29 - [TEST_STEP][PASSED] - return data: null

2023-10-04 20:37:29 - [MESSAGE][PASSED] - Call Test Case 'Test Cases/T13 Pembelian, Shipment dan Pembayaran/SA-002' successfully

2023-10-04 20:37:29 - [TEST_STEP][PASSED] - click(findTestObject("admin/Penjualan ke konsumen/buttom scroldown")): Object: 'Object Repository/admin/Penjualan ke konsumen/buttom scroldown' is clicked on

2023-10-04 20:37:29 - [MESSAGE][PASSED] - Object: 'Object Repository/admin/Penjualan ke konsumen/buttom scroldown' is clicked on

2023-10-04 20:37:29 - [TEST_STEP][PASSED] - click(findTestObject("Edit Detail Data Transaksi/buttom edit")): Object: 'Object Repository/Edit Detail Data Transaksi/buttom edit' is clicked on

2023-10-04 20:37:31 - [MESSAGE][PASSED] - Object: 'Object Repository/Edit Detail Data Transaksi/buttom edit' is clicked on

2023-10-04 20:37:31 - [TEST_STEP][PASSED] - verifyElementPresent(findTestObject("Edit Detail Data Transaksi/Edit Detail Transaksi Penjualan"), 0): Object 'Object Repository/Edit Detail Data Transaksi/Edit Detail Transaksi Penjualan' is present

2023-10-04 20:37:31 - [MESSAGE][WARNING] - Timeout '0' is invalid. Using default page load timeout: '30'

2023-10-04 20:37:38 - [MESSAGE][PASSED] - Object 'Object Repository/Edit Detail Data Transaksi/Edit Detail Transaksi Penjualan' is present

2023-10-04 20:37:38 - [TEST_STEP][PASSED] - click(findTestObject("Edit Detail Data Transaksi/buttom edit detail")): Object: 'Object Repository/Edit Detail Data Transaksi/buttom edit detail' is clicked on

2023-10-04 20:37:39 - [MESSAGE][PASSED] - Object: 'Object Repository/Edit Detail Data Transaksi/buttom edit detail' is clicked on

2023-10-04 20:37:39 - [TEST_STEP][PASSED] - setText(findTestObject("Edit Detail Data Transaksi/input_Action_dd"), jumlah): Text 'e' is set on object 'Object Repository/Edit Detail Data Transaksi/input_Action_dd'

2023-10-04 20:37:45 - [MESSAGE][PASSED] - Text 'e' is set on object 'Object Repository/Edit Detail Data Transaksi/input_Action_dd'

2023-10-04 20:37:45 - [TEST_STEP][PASSED] - click(findTestObject("Edit Detail Data Transaksi/button_Action_centang")): Object: 'Object Repository/Edit Detail Data Transaksi/button_Action_centang' is clicked on

2023-10-04 20:37:46 - [MESSAGE][PASSED] - Object: 'Object Repository/Edit Detail Data Transaksi/button_Action_centang' is clicked on

2023-10-04 20:37:46 - [TEST_STEP][PASSED] - webDriver = getWebDriver(): null

2023-10-04 20:37:46 - [TEST_STEP][PASSED] - field_jumlah = webDriver.findElement(By.xpath("//input[@name="dd"]")): null

2023-10-04 20:37:47 - [TEST_STEP][PASSED] - error_message = webDriver.executeScript("return arguments[0].validationMessage", field_jumlah): null

2023-10-04 20:37:47 - [TEST_STEP][PASSED] - println(error_message): null

2023-10-04 20:37:47 - [TEST_STEP][PASSED] - assert error_message == "Please enter a number.": null

2023-10-04 20:37:47 - [TEST_STEP][PASSED] - return data: null]]></system-out>
         <system-err><![CDATA[]]></system-err>
      </testcase>
      <testcase name="Test Cases/T13 Pembelian, Shipment dan Pembayaran/SU-001" time="55.159" classname="Test Cases/T13 Pembelian, Shipment dan Pembayaran/SU-001" status="PASSED">
         <system-out><![CDATA[2023-10-04 20:37:47 - [TEST_CASE][PASSED] - Test Cases/T13 Pembelian, Shipment dan Pembayaran/SU-001: Test Cases/T13 Pembelian, Shipment dan Pembayaran/SU-001

2023-10-04 20:37:48 - [TEST_STEP][PASSED] - data = callTestCase(findTestCase("T13 Pembelian, Shipment dan Pembayaran/PBY-002"), [:], STOP_ON_FAILURE): Call Test Case 'Test Cases/T13 Pembelian, Shipment dan Pembayaran/PBY-002' successfully

2023-10-04 20:37:48 - [TEST_CASE][PASSED] - Test Cases/T13 Pembelian, Shipment dan Pembayaran/PBY-002: Test Cases/T13 Pembelian, Shipment dan Pembayaran/PBY-002

2023-10-04 20:37:48 - [TEST_STEP][PASSED] - data = callTestCase(findTestCase("T13 Pembelian, Shipment dan Pembayaran/PBL-005"), ["Kurir":"Roda 2", "tf":"transfer"], STOP_ON_FAILURE): Call Test Case 'Test Cases/T13 Pembelian, Shipment dan Pembayaran/PBL-005' successfully

2023-10-04 20:37:48 - [TEST_CASE][PASSED] - Test Cases/T13 Pembelian, Shipment dan Pembayaran/PBL-005: Test Cases/T13 Pembelian, Shipment dan Pembayaran/PBL-005

2023-10-04 20:37:48 - [TEST_STEP][PASSED] - data = callTestCase(findTestCase("T13 Pembelian, Shipment dan Pembayaran/PBL-002"), [:], STOP_ON_FAILURE): Call Test Case 'Test Cases/T13 Pembelian, Shipment dan Pembayaran/PBL-002' successfully

2023-10-04 20:37:48 - [TEST_CASE][PASSED] - Test Cases/T13 Pembelian, Shipment dan Pembayaran/PBL-002: Test Cases/T13 Pembelian, Shipment dan Pembayaran/PBL-002

2023-10-04 20:37:48 - [TEST_STEP][PASSED] - data = callTestCase(findTestCase("T13 Pembelian, Shipment dan Pembayaran/PBL-001"), [:], STOP_ON_FAILURE): Call Test Case 'Test Cases/T13 Pembelian, Shipment dan Pembayaran/PBL-001' successfully

2023-10-04 20:37:48 - [TEST_CASE][PASSED] - Test Cases/T13 Pembelian, Shipment dan Pembayaran/PBL-001: Test Cases/T13 Pembelian, Shipment dan Pembayaran/PBL-001

2023-10-04 20:37:48 - [TEST_STEP][PASSED] - callTestCase(findTestCase("T13 Pembelian, Shipment dan Pembayaran/LU-001"), ["username":"irfanafandi", "password":"12345irfan"], STOP_ON_FAILURE): Call Test Case 'Test Cases/T13 Pembelian, Shipment dan Pembayaran/LU-001' successfully

2023-10-04 20:37:48 - [TEST_CASE][PASSED] - Test Cases/T13 Pembelian, Shipment dan Pembayaran/LU-001: Test Cases/T13 Pembelian, Shipment dan Pembayaran/LU-001

2023-10-04 20:37:48 - [TEST_STEP][PASSED] - openBrowser("https://10.9.2.63/ecommerce/"): Browser is opened with url: 'https://10.9.2.63/ecommerce/'

2023-10-04 20:37:48 - [MESSAGE][WARNING] - A browser is already opened. Closing browser and opening a new one

2023-10-04 20:37:49 - [MESSAGE][INFO] - Starting 'Firefox' driver

2023-10-04 20:37:49 - [MESSAGE][INFO] - User set preference: ['args', '[--disable-notifications]']

2023-10-04 20:37:49 - [MESSAGE][INFO] - Action delay is set to 0 milliseconds

2023-10-04 20:37:57 - [MESSAGE][PASSED] - Browser is opened with url: 'https://10.9.2.63/ecommerce/'

2023-10-04 20:37:57 - [TEST_STEP][PASSED] - maximizeWindow(): Current window maximized

2023-10-04 20:37:57 - [MESSAGE][PASSED] - Current window maximized

2023-10-04 20:37:57 - [TEST_STEP][PASSED] - verifyElementPresent(findTestObject("Login/Home"), 0): Object 'Object Repository/Login/Home' is present

2023-10-04 20:37:57 - [MESSAGE][WARNING] - Timeout '0' is invalid. Using default page load timeout: '30'

2023-10-04 20:37:57 - [MESSAGE][PASSED] - Object 'Object Repository/Login/Home' is present

2023-10-04 20:37:57 - [TEST_STEP][PASSED] - click(findTestObject("Login/a_Login")): Object: 'Object Repository/Login/a_Login' is clicked on

2023-10-04 20:37:58 - [MESSAGE][PASSED] - Object: 'Object Repository/Login/a_Login' is clicked on

2023-10-04 20:37:58 - [TEST_STEP][PASSED] - verifyElementPresent(findTestObject("Login/Tittle Login"), 0): Object 'Object Repository/Login/Tittle Login' is present

2023-10-04 20:37:58 - [MESSAGE][WARNING] - Timeout '0' is invalid. Using default page load timeout: '30'

2023-10-04 20:37:58 - [MESSAGE][PASSED] - Object 'Object Repository/Login/Tittle Login' is present

2023-10-04 20:37:58 - [TEST_STEP][PASSED] - setText(findTestObject("Login/input_Username, Email atau No. Handphone_a"), username): Text 'irfanafandi' is set on object 'Object Repository/Login/input_Username, Email atau No. Handphone_a'

2023-10-04 20:37:59 - [MESSAGE][PASSED] - Text 'irfanafandi' is set on object 'Object Repository/Login/input_Username, Email atau No. Handphone_a'

2023-10-04 20:37:59 - [TEST_STEP][PASSED] - setText(findTestObject("Login/input_Password_b"), password): Text '12345irfan' is set on object 'Object Repository/Login/input_Password_b'

2023-10-04 20:38:00 - [MESSAGE][PASSED] - Text '12345irfan' is set on object 'Object Repository/Login/input_Password_b'

2023-10-04 20:38:00 - [TEST_STEP][PASSED] - click(findTestObject("Login/label_Ingat saya")): Object: 'Object Repository/Login/label_Ingat saya' is clicked on

2023-10-04 20:38:00 - [MESSAGE][PASSED] - Object: 'Object Repository/Login/label_Ingat saya' is clicked on

2023-10-04 20:38:00 - [TEST_STEP][PASSED] - click(findTestObject("Login/button_Masuk")): Object: 'Object Repository/Login/button_Masuk' is clicked on

2023-10-04 20:38:01 - [MESSAGE][PASSED] - Object: 'Object Repository/Login/button_Masuk' is clicked on

2023-10-04 20:38:01 - [TEST_STEP][PASSED] - verifyElementPresent(findTestObject("Login/li_Profile"), 0): Object 'Object Repository/Login/li_Profile' is present

2023-10-04 20:38:01 - [MESSAGE][WARNING] - Timeout '0' is invalid. Using default page load timeout: '30'

2023-10-04 20:38:02 - [MESSAGE][PASSED] - Object 'Object Repository/Login/li_Profile' is present

2023-10-04 20:38:02 - [MESSAGE][PASSED] - Call Test Case 'Test Cases/T13 Pembelian, Shipment dan Pembayaran/LU-001' successfully

2023-10-04 20:38:02 - [TEST_STEP][PASSED] - mouseOver(findTestObject("beli barang/i_Mulai Belanja_icon-menu")): Object: 'Object Repository/beli barang/i_Mulai Belanja_icon-menu' is hovered

2023-10-04 20:38:02 - [MESSAGE][PASSED] - Object: 'Object Repository/beli barang/i_Mulai Belanja_icon-menu' is hovered

2023-10-04 20:38:02 - [TEST_STEP][PASSED] - click(findTestObject("beli barang/a_Fashion  Busana Wanita")): Object: 'Object Repository/beli barang/a_Fashion  Busana Wanita' is clicked on

2023-10-04 20:38:03 - [MESSAGE][PASSED] - Object: 'Object Repository/beli barang/a_Fashion  Busana Wanita' is clicked on

2023-10-04 20:38:03 - [TEST_STEP][PASSED] - NamaSebelum = getText(findTestObject("verifikasi/Nama sebelum")): Text of object 'Object Repository/verifikasi/Nama sebelum' is: ''

2023-10-04 20:38:04 - [MESSAGE][PASSED] - Text of object 'Object Repository/verifikasi/Nama sebelum' is: ''

2023-10-04 20:38:04 - [TEST_STEP][PASSED] - HargaSebelum = getText(findTestObject("verifikasi/Harga sebelum")): Text of object 'Object Repository/verifikasi/Harga sebelum' is: 'Rp 1,299'

2023-10-04 20:38:05 - [MESSAGE][PASSED] - Text of object 'Object Repository/verifikasi/Harga sebelum' is: 'Rp 1,299'

2023-10-04 20:38:05 - [TEST_STEP][PASSED] - mouseOver(findTestObject("beli barang/barang mouse over")): Object: 'Object Repository/beli barang/barang mouse over' is hovered

2023-10-04 20:38:06 - [MESSAGE][PASSED] - Object: 'Object Repository/beli barang/barang mouse over' is hovered

2023-10-04 20:38:06 - [TEST_STEP][PASSED] - click(findTestObject("beli barang/buttom add to cart")): Object: 'Object Repository/beli barang/buttom add to cart' is clicked on

2023-10-04 20:38:07 - [MESSAGE][PASSED] - Object: 'Object Repository/beli barang/buttom add to cart' is clicked on

2023-10-04 20:38:07 - [TEST_STEP][PASSED] - NamaSesudah = getText(findTestObject("verifikasi/Nama sesudah")): Text of object 'Object Repository/verifikasi/Nama sesudah' is: 'Segitiga Instan Madeira - MDB5.3 Sunset'

2023-10-04 20:38:08 - [MESSAGE][PASSED] - Text of object 'Object Repository/verifikasi/Nama sesudah' is: 'Segitiga Instan Madeira - MDB5.3 Sunset'

2023-10-04 20:38:08 - [TEST_STEP][PASSED] - HargaSesudah = getText(findTestObject("verifikasi/Harga sesudah")): Text of object 'Object Repository/verifikasi/Harga sesudah' is: 'Rp 1,299'

2023-10-04 20:38:08 - [MESSAGE][PASSED] - Text of object 'Object Repository/verifikasi/Harga sesudah' is: 'Rp 1,299'

2023-10-04 20:38:08 - [TEST_STEP][PASSED] - assert NamaSesudah.contains(NamaSebelum): null

2023-10-04 20:38:08 - [TEST_STEP][PASSED] - assert HargaSesudah.contains(HargaSebelum): null

2023-10-04 20:38:08 - [TEST_STEP][PASSED] - click(findTestObject("beli barang/Tambah Keranjang busana wanita")): Object: 'Object Repository/beli barang/Tambah Keranjang busana wanita' is clicked on

2023-10-04 20:38:08 - [MESSAGE][PASSED] - Object: 'Object Repository/beli barang/Tambah Keranjang busana wanita' is clicked on

2023-10-04 20:38:08 - [TEST_STEP][PASSED] - verifyElementPresent(findTestObject("checkout/Notifikasi keranjang"), 1): Object 'Object Repository/checkout/Notifikasi keranjang' is present

2023-10-04 20:38:09 - [MESSAGE][PASSED] - Object 'Object Repository/checkout/Notifikasi keranjang' is present

2023-10-04 20:38:09 - [TEST_STEP][PASSED] - data = new java.util.HashMap(): null

2023-10-04 20:38:09 - [TEST_STEP][PASSED] - data.put("nama_barang", NamaSesudah): null

2023-10-04 20:38:09 - [TEST_STEP][PASSED] - data.put("price_barang", HargaSesudah): null

2023-10-04 20:38:09 - [TEST_STEP][PASSED] - return data: null

2023-10-04 20:38:09 - [MESSAGE][PASSED] - Call Test Case 'Test Cases/T13 Pembelian, Shipment dan Pembayaran/PBL-001' successfully

2023-10-04 20:38:09 - [TEST_STEP][PASSED] - mouseOver(findTestObject("beli barang/keranjang")): Object: 'Object Repository/beli barang/keranjang' is hovered

2023-10-04 20:38:09 - [MESSAGE][PASSED] - Object: 'Object Repository/beli barang/keranjang' is hovered

2023-10-04 20:38:09 - [TEST_STEP][PASSED] - click(findTestObject("beli barang/Lihat Sekarang")): Object: 'Object Repository/beli barang/Lihat Sekarang' is clicked on

2023-10-04 20:38:10 - [MESSAGE][PASSED] - Object: 'Object Repository/beli barang/Lihat Sekarang' is clicked on

2023-10-04 20:38:10 - [TEST_STEP][PASSED] - verifyElementPresent(findTestObject("keranjang/li_Keranjang Belanja"), 0): Object 'Object Repository/keranjang/li_Keranjang Belanja' is present

2023-10-04 20:38:10 - [MESSAGE][WARNING] - Timeout '0' is invalid. Using default page load timeout: '30'

2023-10-04 20:38:11 - [MESSAGE][PASSED] - Object 'Object Repository/keranjang/li_Keranjang Belanja' is present

2023-10-04 20:38:11 - [TEST_STEP][PASSED] - NamaKeranjang = getText(findTestObject("verifikasi/Nama keranjang")): Text of object 'Object Repository/verifikasi/Nama keranjang' is: 'Segitiga Instan Madeira - MDB5.3 Sunset'

2023-10-04 20:38:12 - [MESSAGE][PASSED] - Text of object 'Object Repository/verifikasi/Nama keranjang' is: 'Segitiga Instan Madeira - MDB5.3 Sunset'

2023-10-04 20:38:12 - [TEST_STEP][PASSED] - HargaKeranjang = getText(findTestObject("verifikasi/Harga Keranjang")): Text of object 'Object Repository/verifikasi/Harga Keranjang' is: 'Rp 1,299'

2023-10-04 20:38:12 - [MESSAGE][PASSED] - Text of object 'Object Repository/verifikasi/Harga Keranjang' is: 'Rp 1,299'

2023-10-04 20:38:12 - [TEST_STEP][PASSED] - if (toString().equalsIgnoreCase("Merah")): Object 'Object Repository/keranjang/input_Warna_variasi101' is checked

2023-10-04 20:38:12 - [TEST_STEP][PASSED] - check(findTestObject("Object Repository/keranjang/input_Warna_variasi101")): Object 'Object Repository/keranjang/input_Warna_variasi101' is checked

2023-10-04 20:38:12 - [MESSAGE][PASSED] - Object 'Object Repository/keranjang/input_Warna_variasi101' is checked

2023-10-04 20:38:12 - [TEST_STEP][PASSED] - if (toString().equalsIgnoreCase("Menengah")): Object 'Object Repository/keranjang/input_Ukuran_variasi201' is checked

2023-10-04 20:38:12 - [TEST_STEP][PASSED] - check(findTestObject("Object Repository/keranjang/input_Ukuran_variasi201")): Object 'Object Repository/keranjang/input_Ukuran_variasi201' is checked

2023-10-04 20:38:13 - [MESSAGE][PASSED] - Object 'Object Repository/keranjang/input_Ukuran_variasi201' is checked

2023-10-04 20:38:13 - [TEST_STEP][PASSED] - data.put("Warna", warna): null

2023-10-04 20:38:13 - [TEST_STEP][PASSED] - data.put("Ukuran", ukuran): null

2023-10-04 20:38:13 - [TEST_STEP][PASSED] - click(findTestObject("keranjang/button_Lanjut ke Pembayaran")): Object: 'Object Repository/keranjang/button_Lanjut ke Pembayaran' is clicked on

2023-10-04 20:38:14 - [MESSAGE][PASSED] - Object: 'Object Repository/keranjang/button_Lanjut ke Pembayaran' is clicked on

2023-10-04 20:38:14 - [TEST_STEP][PASSED] - verifyElementPresent(findTestObject("checkout/Tittle Checkout Order"), 0): Object 'Object Repository/checkout/Tittle Checkout Order' is present

2023-10-04 20:38:15 - [MESSAGE][WARNING] - Timeout '0' is invalid. Using default page load timeout: '30'

2023-10-04 20:38:15 - [MESSAGE][PASSED] - Object 'Object Repository/checkout/Tittle Checkout Order' is present

2023-10-04 20:38:15 - [TEST_STEP][PASSED] - name_product = data.get("nama_barang"): null

2023-10-04 20:38:15 - [TEST_STEP][PASSED] - price_product = data.get("price_barang"): null

2023-10-04 20:38:15 - [TEST_STEP][PASSED] - assert name_product == NamaKeranjang: null

2023-10-04 20:38:15 - [TEST_STEP][PASSED] - assert price_product == HargaKeranjang: null

2023-10-04 20:38:15 - [TEST_STEP][PASSED] - return data: null

2023-10-04 20:38:15 - [MESSAGE][PASSED] - Call Test Case 'Test Cases/T13 Pembelian, Shipment dan Pembayaran/PBL-002' successfully

2023-10-04 20:38:15 - [TEST_STEP][PASSED] - warnaa = getText(findTestObject("verifikasi/warna Merah")): Text of object 'Object Repository/verifikasi/warna Merah' is: 'Merah'

2023-10-04 20:38:15 - [MESSAGE][PASSED] - Text of object 'Object Repository/verifikasi/warna Merah' is: 'Merah'

2023-10-04 20:38:15 - [TEST_STEP][PASSED] - ukurann = getText(findTestObject("verifikasi/Ukuran Menengah")): Text of object 'Object Repository/verifikasi/Ukuran Menengah' is: 'Menengah'

2023-10-04 20:38:16 - [MESSAGE][PASSED] - Text of object 'Object Repository/verifikasi/Ukuran Menengah' is: 'Menengah'

2023-10-04 20:38:16 - [TEST_STEP][PASSED] - warna1 = data.get("Warna"): null

2023-10-04 20:38:16 - [TEST_STEP][PASSED] - ukuran1 = data.get("Ukuran"): null

2023-10-04 20:38:16 - [TEST_STEP][PASSED] - assert warnaa == warna1: null

2023-10-04 20:38:16 - [TEST_STEP][PASSED] - assert ukurann == ukuran1: null

2023-10-04 20:38:16 - [TEST_STEP][PASSED] - NamaCheckout = getText(findTestObject("verifikasi/NamaCheckout")): Text of object 'Object Repository/verifikasi/NamaCheckout' is: ''

2023-10-04 20:38:16 - [MESSAGE][PASSED] - Text of object 'Object Repository/verifikasi/NamaCheckout' is: ''

2023-10-04 20:38:16 - [TEST_STEP][PASSED] - HargaCheckout = getText(findTestObject("verifikasi/HargaCheckout")): Text of object 'Object Repository/verifikasi/HargaCheckout' is: '1,299'

2023-10-04 20:38:16 - [MESSAGE][PASSED] - Text of object 'Object Repository/verifikasi/HargaCheckout' is: '1,299'

2023-10-04 20:38:16 - [TEST_STEP][PASSED] - name_product = data.get("nama_barang"): null

2023-10-04 20:38:16 - [TEST_STEP][PASSED] - price_product = data.get("price_barang"): null

2023-10-04 20:38:16 - [TEST_STEP][PASSED] - assert name_product.contains(NamaCheckout): null

2023-10-04 20:38:16 - [TEST_STEP][PASSED] - assert price_product.contains(HargaCheckout): null

2023-10-04 20:38:16 - [TEST_STEP][PASSED] - selectOptionByLabel(findTestObject("checkout/select - Kirim via Kurir Lokal"), Kurir, false): All options with label 'Roda 2' are selected in object 'Object Repository/checkout/select - Kirim via Kurir Lokal' 

2023-10-04 20:38:17 - [MESSAGE][PASSED] - All options with label 'Roda 2' are selected in object 'Object Repository/checkout/select - Kirim via Kurir Lokal' 

2023-10-04 20:38:17 - [TEST_STEP][PASSED] - click(findTestObject("checkout/Kendaraan Kurir")): Object: 'Object Repository/checkout/Kendaraan Kurir' is clicked on

2023-10-04 20:38:18 - [MESSAGE][PASSED] - Object: 'Object Repository/checkout/Kendaraan Kurir' is clicked on

2023-10-04 20:38:18 - [TEST_STEP][PASSED] - OngkosKirim = getText(findTestObject("Object Repository/verifikasi/Ongkos Kirim checkout")): Text of object 'Object Repository/verifikasi/Ongkos Kirim checkout' is: 'Rp. 5,000'

2023-10-04 20:38:18 - [MESSAGE][PASSED] - Text of object 'Object Repository/verifikasi/Ongkos Kirim checkout' is: 'Rp. 5,000'

2023-10-04 20:38:18 - [TEST_STEP][PASSED] - Ongkos = OngkosKirim.substring(3, OngkosKirim.size()): null

2023-10-04 20:38:18 - [TEST_STEP][PASSED] - rep = Ongkos.replace(",", "."): null

2023-10-04 20:38:18 - [TEST_STEP][PASSED] - Ongkos_kirim = Double.parseDouble(rep): null

2023-10-04 20:38:18 - [TEST_STEP][PASSED] - println(Ongkos_kirim): null

2023-10-04 20:38:18 - [TEST_STEP][PASSED] - FeeAdmin = getText(findTestObject("verifikasi/Fee Admin checkout")): Text of object 'Object Repository/verifikasi/Fee Admin checkout' is: 'Fee Admin
Rp 1,500'

2023-10-04 20:38:18 - [MESSAGE][PASSED] - Text of object 'Object Repository/verifikasi/Fee Admin checkout' is: 'Fee Admin
Rp 1,500'

2023-10-04 20:38:18 - [TEST_STEP][PASSED] - Fee_Admin = FeeAdmin.substring(12, FeeAdmin.size()): null

2023-10-04 20:38:18 - [TEST_STEP][PASSED] - fee = Fee_Admin.replace(",", "."): null

2023-10-04 20:38:18 - [TEST_STEP][PASSED] - fee_admin = Double.parseDouble(fee): null

2023-10-04 20:38:18 - [TEST_STEP][PASSED] - println(fee_admin): null

2023-10-04 20:38:18 - [TEST_STEP][PASSED] - Subtotal = getText(findTestObject("verifikasi/subtotal checkout")): Text of object 'Object Repository/verifikasi/subtotal checkout' is: 'Subtotal
Rp 1,299'

2023-10-04 20:38:19 - [MESSAGE][PASSED] - Text of object 'Object Repository/verifikasi/subtotal checkout' is: 'Subtotal
Rp 1,299'

2023-10-04 20:38:19 - [TEST_STEP][PASSED] - sub_total = Subtotal.substring(12, Subtotal.size()): null

2023-10-04 20:38:19 - [TEST_STEP][PASSED] - sub = sub_total.replace(",", "."): null

2023-10-04 20:38:19 - [TEST_STEP][PASSED] - sub_total = Double.parseDouble(sub): null

2023-10-04 20:38:19 - [TEST_STEP][PASSED] - println(sub_total): null

2023-10-04 20:38:19 - [TEST_STEP][PASSED] - Total = getText(findTestObject("verifikasi/Total checkout")): Text of object 'Object Repository/verifikasi/Total checkout' is: 'Rp 7,799'

2023-10-04 20:38:19 - [MESSAGE][PASSED] - Text of object 'Object Repository/verifikasi/Total checkout' is: 'Rp 7,799'

2023-10-04 20:38:19 - [TEST_STEP][PASSED] - totall = Total.substring(3, Total.size()): null

2023-10-04 20:38:19 - [TEST_STEP][PASSED] - total = totall.replace(",", "."): null

2023-10-04 20:38:19 - [TEST_STEP][PASSED] - totall = Double.parseDouble(total): null

2023-10-04 20:38:19 - [TEST_STEP][PASSED] - println(totall): null

2023-10-04 20:38:19 - [TEST_STEP][PASSED] - Total_Harga = Ongkos_kirim + fee_admin + sub_total: null

2023-10-04 20:38:19 - [TEST_STEP][PASSED] - println(Total_Harga): null

2023-10-04 20:38:19 - [TEST_STEP][PASSED] - TotalHarga = Math.round(Total_Harga * 1000) / 1000: null

2023-10-04 20:38:19 - [TEST_STEP][PASSED] - println(TotalHarga): null

2023-10-04 20:38:19 - [TEST_STEP][PASSED] - assert totall == TotalHarga: null

2023-10-04 20:38:19 - [TEST_STEP][PASSED] - click(findTestObject("Object Repository/checkout/metode pembayaran")): Object: 'Object Repository/checkout/metode pembayaran' is clicked on

2023-10-04 20:38:20 - [MESSAGE][PASSED] - Object: 'Object Repository/checkout/metode pembayaran' is clicked on

2023-10-04 20:38:20 - [TEST_STEP][PASSED] - click(findTestObject("checkout/button_Proses Pembayaran")): Object: 'Object Repository/checkout/button_Proses Pembayaran' is clicked on

2023-10-04 20:38:26 - [MESSAGE][PASSED] - Object: 'Object Repository/checkout/button_Proses Pembayaran' is clicked on

2023-10-04 20:38:26 - [TEST_STEP][PASSED] - verifyElementPresent(findTestObject("pembayaran/Tittle nomor invoice"), 0): Object 'Object Repository/pembayaran/Tittle nomor invoice' is present

2023-10-04 20:38:26 - [MESSAGE][WARNING] - Timeout '0' is invalid. Using default page load timeout: '30'

2023-10-04 20:38:28 - [MESSAGE][PASSED] - Object 'Object Repository/pembayaran/Tittle nomor invoice' is present

2023-10-04 20:38:28 - [TEST_STEP][PASSED] - return data: null

2023-10-04 20:38:28 - [MESSAGE][PASSED] - Call Test Case 'Test Cases/T13 Pembelian, Shipment dan Pembayaran/PBL-005' successfully

2023-10-04 20:38:28 - [TEST_STEP][PASSED] - Invoice = getText(findTestObject("pembayaran/nomor invoice")): Text of object 'Object Repository/pembayaran/nomor invoice' is: 'TRX60.20231004203822'

2023-10-04 20:38:28 - [MESSAGE][PASSED] - Text of object 'Object Repository/pembayaran/nomor invoice' is: 'TRX60.20231004203822'

2023-10-04 20:38:28 - [TEST_STEP][PASSED] - NamaPemesan = getText(findTestObject("Konfirmasi pesanan shop/Nama pemesan")): Text of object 'Object Repository/Konfirmasi pesanan shop/Nama pemesan' is: 'irfan.afandi'

2023-10-04 20:38:29 - [MESSAGE][PASSED] - Text of object 'Object Repository/Konfirmasi pesanan shop/Nama pemesan' is: 'irfan.afandi'

2023-10-04 20:38:29 - [TEST_STEP][PASSED] - data.put("invoice", Invoice): null

2023-10-04 20:38:29 - [TEST_STEP][PASSED] - Nama = getText(findTestObject("pembayaran/Nama barang")): Text of object 'Object Repository/pembayaran/Nama barang' is: 'Segitiga Instan Madeira - MDB5.3 Sunset'

2023-10-04 20:38:29 - [MESSAGE][PASSED] - Text of object 'Object Repository/pembayaran/Nama barang' is: 'Segitiga Instan Madeira - MDB5.3 Sunset'

2023-10-04 20:38:29 - [TEST_STEP][PASSED] - Harga = getText(findTestObject("pembayaran/Harga barang")): Text of object 'Object Repository/pembayaran/Harga barang' is: '1,299'

2023-10-04 20:38:29 - [MESSAGE][PASSED] - Text of object 'Object Repository/pembayaran/Harga barang' is: '1,299'

2023-10-04 20:38:29 - [TEST_STEP][PASSED] - name_product = data.get("nama_barang"): null

2023-10-04 20:38:29 - [TEST_STEP][PASSED] - price_product = data.get("price_barang"): null

2023-10-04 20:38:29 - [TEST_STEP][PASSED] - assert name_product.contains(Nama): null

2023-10-04 20:38:29 - [TEST_STEP][PASSED] - assert price_product.contains(Harga): null

2023-10-04 20:38:29 - [TEST_STEP][PASSED] - warnaa = getText(findTestObject("pembayaran/warna")): Text of object 'Object Repository/pembayaran/warna' is: 'Merah'

2023-10-04 20:38:30 - [MESSAGE][PASSED] - Text of object 'Object Repository/pembayaran/warna' is: 'Merah'

2023-10-04 20:38:30 - [TEST_STEP][PASSED] - ukurann = getText(findTestObject("pembayaran/ukuran")): Text of object 'Object Repository/pembayaran/ukuran' is: 'Menengah'

2023-10-04 20:38:30 - [MESSAGE][PASSED] - Text of object 'Object Repository/pembayaran/ukuran' is: 'Menengah'

2023-10-04 20:38:30 - [TEST_STEP][PASSED] - warna1 = data.get("Warna"): null

2023-10-04 20:38:30 - [TEST_STEP][PASSED] - ukuran1 = data.get("Ukuran"): null

2023-10-04 20:38:30 - [TEST_STEP][PASSED] - assert warnaa == warna1: null

2023-10-04 20:38:30 - [TEST_STEP][PASSED] - assert ukurann == ukuran1: null

2023-10-04 20:38:30 - [TEST_STEP][PASSED] - OngkosKirim = getText(findTestObject("pembayaran/ongkos kirim")): Text of object 'Object Repository/pembayaran/ongkos kirim' is: 'Rp 5,000'

2023-10-04 20:38:30 - [MESSAGE][PASSED] - Text of object 'Object Repository/pembayaran/ongkos kirim' is: 'Rp 5,000'

2023-10-04 20:38:30 - [TEST_STEP][PASSED] - Ongkos = OngkosKirim.substring(3, OngkosKirim.size()): null

2023-10-04 20:38:30 - [TEST_STEP][PASSED] - rep = Ongkos.replace(",", ""): null

2023-10-04 20:38:30 - [TEST_STEP][PASSED] - Ongkos_kirimm = Integer.parseInt(rep): null

2023-10-04 20:38:30 - [TEST_STEP][PASSED] - println(Ongkos_kirimm): null

2023-10-04 20:38:30 - [TEST_STEP][PASSED] - FeeAdmin = getText(findTestObject("pembayaran/fee admin")): Text of object 'Object Repository/pembayaran/fee admin' is: 'Rp 1,500'

2023-10-04 20:38:31 - [MESSAGE][PASSED] - Text of object 'Object Repository/pembayaran/fee admin' is: 'Rp 1,500'

2023-10-04 20:38:31 - [TEST_STEP][PASSED] - Fee_Admin = FeeAdmin.substring(3, FeeAdmin.size()): null

2023-10-04 20:38:31 - [TEST_STEP][PASSED] - fee = Fee_Admin.replace(",", ""): null

2023-10-04 20:38:31 - [TEST_STEP][PASSED] - fee_adminn = Integer.parseInt(fee): null

2023-10-04 20:38:31 - [TEST_STEP][PASSED] - println(fee_adminn): null

2023-10-04 20:38:31 - [TEST_STEP][PASSED] - Subtotal = getText(findTestObject("pembayaran/subtotal")): Text of object 'Object Repository/pembayaran/subtotal' is: 'Rp 1,299'

2023-10-04 20:38:31 - [MESSAGE][PASSED] - Text of object 'Object Repository/pembayaran/subtotal' is: 'Rp 1,299'

2023-10-04 20:38:31 - [TEST_STEP][PASSED] - sub_total = Subtotal.substring(3, Subtotal.size()): null

2023-10-04 20:38:31 - [TEST_STEP][PASSED] - sub = sub_total.replace(",", ""): null

2023-10-04 20:38:31 - [TEST_STEP][PASSED] - sub_totall = Integer.parseInt(sub): null

2023-10-04 20:38:31 - [TEST_STEP][PASSED] - println(sub_totall): null

2023-10-04 20:38:31 - [TEST_STEP][PASSED] - unik = getText(findTestObject("pembayaran/kode unik")): Text of object 'Object Repository/pembayaran/kode unik' is: '+822'

2023-10-04 20:38:31 - [MESSAGE][PASSED] - Text of object 'Object Repository/pembayaran/kode unik' is: '+822'

2023-10-04 20:38:31 - [TEST_STEP][PASSED] - unikk = unik.replace("+", ""): null

2023-10-04 20:38:31 - [TEST_STEP][PASSED] - kode_unik = Integer.parseInt(unikk): null

2023-10-04 20:38:31 - [TEST_STEP][PASSED] - println(kode_unik): null

2023-10-04 20:38:31 - [TEST_STEP][PASSED] - Total = getText(findTestObject("pembayaran/total")): Text of object 'Object Repository/pembayaran/total' is: '8,621'

2023-10-04 20:38:32 - [MESSAGE][PASSED] - Text of object 'Object Repository/pembayaran/total' is: '8,621'

2023-10-04 20:38:32 - [TEST_STEP][PASSED] - total = Total.replace(",", ""): null

2023-10-04 20:38:32 - [TEST_STEP][PASSED] - totalll = Integer.parseInt(total): null

2023-10-04 20:38:32 - [TEST_STEP][PASSED] - println(totalll): null

2023-10-04 20:38:32 - [TEST_STEP][PASSED] - Total_Hargaa = Ongkos_kirimm + fee_adminn + sub_totall + kode_unik: null

2023-10-04 20:38:32 - [TEST_STEP][PASSED] - println(Total_Hargaa): null

2023-10-04 20:38:32 - [TEST_STEP][PASSED] - assert totalll == Total_Hargaa: null

2023-10-04 20:38:32 - [TEST_STEP][PASSED] - data.put("total", Total): null

2023-10-04 20:38:32 - [TEST_STEP][PASSED] - data.put("nama", NamaPemesan): null

2023-10-04 20:38:32 - [TEST_STEP][PASSED] - return data: null

2023-10-04 20:38:32 - [MESSAGE][PASSED] - Call Test Case 'Test Cases/T13 Pembelian, Shipment dan Pembayaran/PBY-002' successfully

2023-10-04 20:38:32 - [TEST_STEP][PASSED] - click(findTestObject("Konfirmasi pesanan shop/Menu Shop")): Object: 'Object Repository/Konfirmasi pesanan shop/Menu Shop' is clicked on

2023-10-04 20:38:33 - [MESSAGE][PASSED] - Object: 'Object Repository/Konfirmasi pesanan shop/Menu Shop' is clicked on

2023-10-04 20:38:33 - [TEST_STEP][PASSED] - click(findTestObject("Konfirmasi pesanan shop/Menu Shop")): Object: 'Object Repository/Konfirmasi pesanan shop/Menu Shop' is clicked on

2023-10-04 20:38:34 - [MESSAGE][PASSED] - Object: 'Object Repository/Konfirmasi pesanan shop/Menu Shop' is clicked on

2023-10-04 20:38:34 - [TEST_STEP][PASSED] - click(findTestObject("Traking Order/a_Tracking Orders")): Object: 'Object Repository/Traking Order/a_Tracking Orders' is clicked on

2023-10-04 20:38:35 - [MESSAGE][PASSED] - Object: 'Object Repository/Traking Order/a_Tracking Orders' is clicked on

2023-10-04 20:38:35 - [TEST_STEP][PASSED] - verifyElementPresent(findTestObject("Traking Order/Tittle Tracking Order"), 0): Object 'Object Repository/Traking Order/Tittle Tracking Order' is present

2023-10-04 20:38:35 - [MESSAGE][WARNING] - Timeout '0' is invalid. Using default page load timeout: '30'

2023-10-04 20:38:35 - [MESSAGE][PASSED] - Object 'Object Repository/Traking Order/Tittle Tracking Order' is present

2023-10-04 20:38:35 - [TEST_STEP][PASSED] - inv = data.get("invoice"): null

2023-10-04 20:38:35 - [TEST_STEP][PASSED] - setText(findTestObject("Traking Order/input_No Pesanan_a"), inv): Text 'TRX60.20231004203822' is set on object 'Object Repository/Traking Order/input_No Pesanan_a'

2023-10-04 20:38:36 - [MESSAGE][PASSED] - Text 'TRX60.20231004203822' is set on object 'Object Repository/Traking Order/input_No Pesanan_a'

2023-10-04 20:38:36 - [TEST_STEP][PASSED] - setText(findTestObject("Traking Order/input_Alamat E-mail_form-control"), "irfan@gmail.com"): Text 'irfan@gmail.com' is set on object 'Object Repository/Traking Order/input_Alamat E-mail_form-control'

2023-10-04 20:38:36 - [MESSAGE][PASSED] - Text 'irfan@gmail.com' is set on object 'Object Repository/Traking Order/input_Alamat E-mail_form-control'

2023-10-04 20:38:36 - [TEST_STEP][PASSED] - click(findTestObject("Traking Order/button_Lacak Pesanan")): Object: 'Object Repository/Traking Order/button_Lacak Pesanan' is clicked on

2023-10-04 20:38:39 - [MESSAGE][PASSED] - Object: 'Object Repository/Traking Order/button_Lacak Pesanan' is clicked on

2023-10-04 20:38:40 - [TEST_STEP][PASSED] - verifyElementPresent(findTestObject("Traking Order/Tittle nomor transaksi"), 0): Object 'Object Repository/Traking Order/Tittle nomor transaksi' is present

2023-10-04 20:38:40 - [MESSAGE][WARNING] - Timeout '0' is invalid. Using default page load timeout: '30'

2023-10-04 20:38:40 - [MESSAGE][PASSED] - Object 'Object Repository/Traking Order/Tittle nomor transaksi' is present

2023-10-04 20:38:40 - [TEST_STEP][PASSED] - verifyElementPresent(findTestObject("Traking Order/status traking/Status Konfirmasi"), 0): Object 'Object Repository/Traking Order/status traking/Status Konfirmasi' is present

2023-10-04 20:38:40 - [MESSAGE][WARNING] - Timeout '0' is invalid. Using default page load timeout: '30'

2023-10-04 20:38:40 - [MESSAGE][PASSED] - Object 'Object Repository/Traking Order/status traking/Status Konfirmasi' is present

2023-10-04 20:38:40 - [TEST_STEP][PASSED] - Nama = getText(findTestObject("Object Repository/Traking Order/status traking/Nama Barang tracking order")): Text of object 'Object Repository/Traking Order/status traking/Nama Barang tracking order' is: 'Segitiga Instan Madeira - MDB5.3 Sunset'

2023-10-04 20:38:41 - [MESSAGE][PASSED] - Text of object 'Object Repository/Traking Order/status traking/Nama Barang tracking order' is: 'Segitiga Instan Madeira - MDB5.3 Sunset'

2023-10-04 20:38:41 - [TEST_STEP][PASSED] - Harga = getText(findTestObject("Object Repository/Traking Order/status traking/Harga Barang")): Text of object 'Object Repository/Traking Order/status traking/Harga Barang' is: '1,299'

2023-10-04 20:38:41 - [MESSAGE][PASSED] - Text of object 'Object Repository/Traking Order/status traking/Harga Barang' is: '1,299'

2023-10-04 20:38:41 - [TEST_STEP][PASSED] - name_product = data.get("nama_barang"): null

2023-10-04 20:38:41 - [TEST_STEP][PASSED] - price_product = data.get("price_barang"): null

2023-10-04 20:38:41 - [TEST_STEP][PASSED] - assert name_product.contains(Nama): null

2023-10-04 20:38:41 - [TEST_STEP][PASSED] - assert price_product.contains(Harga): null

2023-10-04 20:38:41 - [TEST_STEP][PASSED] - warnaa = getText(findTestObject("Object Repository/Traking Order/status traking/warna")): Text of object 'Object Repository/Traking Order/status traking/warna' is: 'Merah'

2023-10-04 20:38:41 - [MESSAGE][PASSED] - Text of object 'Object Repository/Traking Order/status traking/warna' is: 'Merah'

2023-10-04 20:38:41 - [TEST_STEP][PASSED] - ukurann = getText(findTestObject("Object Repository/Traking Order/status traking/Ukuruan")): Text of object 'Object Repository/Traking Order/status traking/Ukuruan' is: 'Menengah'

2023-10-04 20:38:42 - [MESSAGE][PASSED] - Text of object 'Object Repository/Traking Order/status traking/Ukuruan' is: 'Menengah'

2023-10-04 20:38:42 - [TEST_STEP][PASSED] - warna1 = data.get("Warna"): null

2023-10-04 20:38:42 - [TEST_STEP][PASSED] - ukuran1 = data.get("Ukuran"): null

2023-10-04 20:38:42 - [TEST_STEP][PASSED] - assert warnaa == warna1: null

2023-10-04 20:38:42 - [TEST_STEP][PASSED] - assert ukurann == ukuran1: null

2023-10-04 20:38:42 - [TEST_STEP][PASSED] - return data: null]]></system-out>
         <system-err><![CDATA[]]></system-err>
      </testcase>
      <testcase name="Test Cases/T13 Pembelian, Shipment dan Pembayaran/SU-002" time="113.083" classname="Test Cases/T13 Pembelian, Shipment dan Pembayaran/SU-002" status="FAILED">
         <failure type="FAILED" message="Test Cases/T13 Pembelian, Shipment dan Pembayaran/SU-002 FAILED.
Reason:
com.kms.katalon.core.exception.StepFailedException: Call Test Case 'Test Cases/T13 Pembelian, Shipment dan Pembayaran/SA-003' failed
	at com.kms.katalon.core.keyword.builtin.CallTestCaseKeyword$_callTestCase_closure1.doCall(CallTestCaseKeyword.groovy:63)
	at com.kms.katalon.core.keyword.builtin.CallTestCaseKeyword$_callTestCase_closure1.call(CallTestCaseKeyword.groovy)
	at com.kms.katalon.core.keyword.internal.KeywordMain.runKeyword(KeywordMain.groovy:75)
	at com.kms.katalon.core.keyword.builtin.CallTestCaseKeyword.callTestCase(CallTestCaseKeyword.groovy:81)
	at com.kms.katalon.core.keyword.builtin.CallTestCaseKeyword.execute(CallTestCaseKeyword.groovy:44)
	at com.kms.katalon.core.keyword.internal.KeywordExecutor.executeKeywordForPlatform(KeywordExecutor.groovy:74)
	at com.kms.katalon.core.keyword.BuiltinKeywords.callTestCase(BuiltinKeywords.groovy:310)
	at SU-002.run(SU-002:20)
	at com.kms.katalon.core.main.ScriptEngine.run(ScriptEngine.java:194)
	at com.kms.katalon.core.main.ScriptEngine.runScriptAsRawText(ScriptEngine.java:119)
	at com.kms.katalon.core.main.TestCaseExecutor.runScript(TestCaseExecutor.java:448)
	at com.kms.katalon.core.main.TestCaseExecutor.doExecute(TestCaseExecutor.java:439)
	at com.kms.katalon.core.main.TestCaseExecutor.processExecutionPhase(TestCaseExecutor.java:418)
	at com.kms.katalon.core.main.TestCaseExecutor.accessMainPhase(TestCaseExecutor.java:410)
	at com.kms.katalon.core.main.TestCaseExecutor.execute(TestCaseExecutor.java:285)
	at com.kms.katalon.core.common.CommonExecutor.accessTestCaseMainPhase(CommonExecutor.java:65)
	at com.kms.katalon.core.main.TestSuiteExecutor.accessTestSuiteMainPhase(TestSuiteExecutor.java:148)
	at com.kms.katalon.core.main.TestSuiteExecutor.execute(TestSuiteExecutor.java:106)
	at com.kms.katalon.core.main.TestCaseMain.startTestSuite(TestCaseMain.java:187)
	at com.kms.katalon.core.main.TestCaseMain$startTestSuite$0.call(Unknown Source)
	at TempTestSuite1696424348948.run(TempTestSuite1696424348948.groovy:36)
Caused by: com.kms.katalon.core.exception.StepFailedException: Unable to verify text 'Proses' is present 
	at com.kms.katalon.core.webui.keyword.internal.WebUIKeywordMain.stepFailed(WebUIKeywordMain.groovy:64)
	at com.kms.katalon.core.webui.keyword.internal.WebUIKeywordMain.runKeyword(WebUIKeywordMain.groovy:26)
	at com.kms.katalon.core.webui.keyword.builtin.VerifyTextPresentKeyword.verifyTextPresent(VerifyTextPresentKeyword.groovy:83)
	at com.kms.katalon.core.webui.keyword.builtin.VerifyTextPresentKeyword.execute(VerifyTextPresentKeyword.groovy:68)
	at com.kms.katalon.core.keyword.internal.KeywordExecutor.executeKeywordForPlatform(KeywordExecutor.groovy:74)
	at com.kms.katalon.core.webui.keyword.WebUiBuiltInKeywords.verifyTextPresent(WebUiBuiltInKeywords.groovy:1723)
	at com.kms.katalon.core.webui.keyword.WebUiBuiltInKeywords$verifyTextPresent$7.call(Unknown Source)
	at SA-003.run(SA-003:32)
	at com.kms.katalon.core.main.ScriptEngine.run(ScriptEngine.java:194)
	at com.kms.katalon.core.main.ScriptEngine.runScriptAsRawText(ScriptEngine.java:119)
	at com.kms.katalon.core.main.TestCaseExecutor.runScript(TestCaseExecutor.java:448)
	at com.kms.katalon.core.main.TestCaseExecutor.doExecute(TestCaseExecutor.java:439)
	at com.kms.katalon.core.main.TestCaseExecutor.processExecutionPhase(TestCaseExecutor.java:418)
	at com.kms.katalon.core.main.TestCaseExecutor.accessMainPhase(TestCaseExecutor.java:410)
	at com.kms.katalon.core.main.TestCaseExecutor.execute(TestCaseExecutor.java:285)
	at com.kms.katalon.core.main.TestCaseMain.runTestCase(TestCaseMain.java:144)
	at com.kms.katalon.core.keyword.builtin.CallTestCaseKeyword$_callTestCase_closure1.doCall(CallTestCaseKeyword.groovy:59)
	... 20 more
Caused by: com.kms.katalon.core.exception.StepFailedException: Text 'Proses' is not present on page 
	at com.kms.katalon.core.webui.keyword.internal.WebUIKeywordMain.stepFailed(WebUIKeywordMain.groovy:64)
	at com.kms.katalon.core.webui.keyword.builtin.VerifyTextPresentKeyword$_verifyTextPresent_closure1.doCall(VerifyTextPresentKeyword.groovy:79)
	at com.kms.katalon.core.webui.keyword.builtin.VerifyTextPresentKeyword$_verifyTextPresent_closure1.call(VerifyTextPresentKeyword.groovy)
	at com.kms.katalon.core.webui.keyword.internal.WebUIKeywordMain.runKeyword(WebUIKeywordMain.groovy:20)
	... 35 more
"/>
         <system-out><![CDATA[2023-10-04 20:38:42 - [TEST_CASE][FAILED] - Test Cases/T13 Pembelian, Shipment dan Pembayaran/SU-002: Test Cases/T13 Pembelian, Shipment dan Pembayaran/SU-002 FAILED.
Reason:
com.kms.katalon.core.exception.StepFailedException: Call Test Case 'Test Cases/T13 Pembelian, Shipment dan Pembayaran/SA-003' failed
	at com.kms.katalon.core.keyword.builtin.CallTestCaseKeyword$_callTestCase_closure1.doCall(CallTestCaseKeyword.groovy:63)
	at com.kms.katalon.core.keyword.builtin.CallTestCaseKeyword$_callTestCase_closure1.call(CallTestCaseKeyword.groovy)
	at com.kms.katalon.core.keyword.internal.KeywordMain.runKeyword(KeywordMain.groovy:75)
	at com.kms.katalon.core.keyword.builtin.CallTestCaseKeyword.callTestCase(CallTestCaseKeyword.groovy:81)
	at com.kms.katalon.core.keyword.builtin.CallTestCaseKeyword.execute(CallTestCaseKeyword.groovy:44)
	at com.kms.katalon.core.keyword.internal.KeywordExecutor.executeKeywordForPlatform(KeywordExecutor.groovy:74)
	at com.kms.katalon.core.keyword.BuiltinKeywords.callTestCase(BuiltinKeywords.groovy:310)
	at SU-002.run(SU-002:20)
	at com.kms.katalon.core.main.ScriptEngine.run(ScriptEngine.java:194)
	at com.kms.katalon.core.main.ScriptEngine.runScriptAsRawText(ScriptEngine.java:119)
	at com.kms.katalon.core.main.TestCaseExecutor.runScript(TestCaseExecutor.java:448)
	at com.kms.katalon.core.main.TestCaseExecutor.doExecute(TestCaseExecutor.java:439)
	at com.kms.katalon.core.main.TestCaseExecutor.processExecutionPhase(TestCaseExecutor.java:418)
	at com.kms.katalon.core.main.TestCaseExecutor.accessMainPhase(TestCaseExecutor.java:410)
	at com.kms.katalon.core.main.TestCaseExecutor.execute(TestCaseExecutor.java:285)
	at com.kms.katalon.core.common.CommonExecutor.accessTestCaseMainPhase(CommonExecutor.java:65)
	at com.kms.katalon.core.main.TestSuiteExecutor.accessTestSuiteMainPhase(TestSuiteExecutor.java:148)
	at com.kms.katalon.core.main.TestSuiteExecutor.execute(TestSuiteExecutor.java:106)
	at com.kms.katalon.core.main.TestCaseMain.startTestSuite(TestCaseMain.java:187)
	at com.kms.katalon.core.main.TestCaseMain$startTestSuite$0.call(Unknown Source)
	at TempTestSuite1696424348948.run(TempTestSuite1696424348948.groovy:36)
Caused by: com.kms.katalon.core.exception.StepFailedException: Unable to verify text 'Proses' is present 
	at com.kms.katalon.core.webui.keyword.internal.WebUIKeywordMain.stepFailed(WebUIKeywordMain.groovy:64)
	at com.kms.katalon.core.webui.keyword.internal.WebUIKeywordMain.runKeyword(WebUIKeywordMain.groovy:26)
	at com.kms.katalon.core.webui.keyword.builtin.VerifyTextPresentKeyword.verifyTextPresent(VerifyTextPresentKeyword.groovy:83)
	at com.kms.katalon.core.webui.keyword.builtin.VerifyTextPresentKeyword.execute(VerifyTextPresentKeyword.groovy:68)
	at com.kms.katalon.core.keyword.internal.KeywordExecutor.executeKeywordForPlatform(KeywordExecutor.groovy:74)
	at com.kms.katalon.core.webui.keyword.WebUiBuiltInKeywords.verifyTextPresent(WebUiBuiltInKeywords.groovy:1723)
	at com.kms.katalon.core.webui.keyword.WebUiBuiltInKeywords$verifyTextPresent$7.call(Unknown Source)
	at SA-003.run(SA-003:32)
	at com.kms.katalon.core.main.ScriptEngine.run(ScriptEngine.java:194)
	at com.kms.katalon.core.main.ScriptEngine.runScriptAsRawText(ScriptEngine.java:119)
	at com.kms.katalon.core.main.TestCaseExecutor.runScript(TestCaseExecutor.java:448)
	at com.kms.katalon.core.main.TestCaseExecutor.doExecute(TestCaseExecutor.java:439)
	at com.kms.katalon.core.main.TestCaseExecutor.processExecutionPhase(TestCaseExecutor.java:418)
	at com.kms.katalon.core.main.TestCaseExecutor.accessMainPhase(TestCaseExecutor.java:410)
	at com.kms.katalon.core.main.TestCaseExecutor.execute(TestCaseExecutor.java:285)
	at com.kms.katalon.core.main.TestCaseMain.runTestCase(TestCaseMain.java:144)
	at com.kms.katalon.core.keyword.builtin.CallTestCaseKeyword$_callTestCase_closure1.doCall(CallTestCaseKeyword.groovy:59)
	... 20 more
Caused by: com.kms.katalon.core.exception.StepFailedException: Text 'Proses' is not present on page 
	at com.kms.katalon.core.webui.keyword.internal.WebUIKeywordMain.stepFailed(WebUIKeywordMain.groovy:64)
	at com.kms.katalon.core.webui.keyword.builtin.VerifyTextPresentKeyword$_verifyTextPresent_closure1.doCall(VerifyTextPresentKeyword.groovy:79)
	at com.kms.katalon.core.webui.keyword.builtin.VerifyTextPresentKeyword$_verifyTextPresent_closure1.call(VerifyTextPresentKeyword.groovy)
	at com.kms.katalon.core.webui.keyword.internal.WebUIKeywordMain.runKeyword(WebUIKeywordMain.groovy:20)
	... 35 more


2023-10-04 20:38:42 - [TEST_STEP][FAILED] - data = callTestCase(findTestCase("T13 Pembelian, Shipment dan Pembayaran/SA-003"), [:], STOP_ON_FAILURE): Unable to call Test Case 'Test Cases/T13 Pembelian, Shipment dan Pembayaran/SA-003' (Root cause: com.kms.katalon.core.exception.StepFailedException: Call Test Case 'Test Cases/T13 Pembelian, Shipment dan Pembayaran/SA-003' failed
	at com.kms.katalon.core.keyword.builtin.CallTestCaseKeyword$_callTestCase_closure1.doCall(CallTestCaseKeyword.groovy:63)
	at com.kms.katalon.core.keyword.builtin.CallTestCaseKeyword$_callTestCase_closure1.call(CallTestCaseKeyword.groovy)
	at com.kms.katalon.core.keyword.internal.KeywordMain.runKeyword(KeywordMain.groovy:75)
	at com.kms.katalon.core.keyword.builtin.CallTestCaseKeyword.callTestCase(CallTestCaseKeyword.groovy:81)
	at com.kms.katalon.core.keyword.builtin.CallTestCaseKeyword.execute(CallTestCaseKeyword.groovy:44)
	at com.kms.katalon.core.keyword.internal.KeywordExecutor.executeKeywordForPlatform(KeywordExecutor.groovy:74)
	at com.kms.katalon.core.keyword.BuiltinKeywords.callTestCase(BuiltinKeywords.groovy:310)
	at SU-002.run(SU-002:20)
	at com.kms.katalon.core.main.ScriptEngine.run(ScriptEngine.java:194)
	at com.kms.katalon.core.main.ScriptEngine.runScriptAsRawText(ScriptEngine.java:119)
	at com.kms.katalon.core.main.TestCaseExecutor.runScript(TestCaseExecutor.java:448)
	at com.kms.katalon.core.main.TestCaseExecutor.doExecute(TestCaseExecutor.java:439)
	at com.kms.katalon.core.main.TestCaseExecutor.processExecutionPhase(TestCaseExecutor.java:418)
	at com.kms.katalon.core.main.TestCaseExecutor.accessMainPhase(TestCaseExecutor.java:410)
	at com.kms.katalon.core.main.TestCaseExecutor.execute(TestCaseExecutor.java:285)
	at com.kms.katalon.core.common.CommonExecutor.accessTestCaseMainPhase(CommonExecutor.java:65)
	at com.kms.katalon.core.main.TestSuiteExecutor.accessTestSuiteMainPhase(TestSuiteExecutor.java:148)
	at com.kms.katalon.core.main.TestSuiteExecutor.execute(TestSuiteExecutor.java:106)
	at com.kms.katalon.core.main.TestCaseMain.startTestSuite(TestCaseMain.java:187)
	at com.kms.katalon.core.main.TestCaseMain$startTestSuite$0.call(Unknown Source)
	at TempTestSuite1696424348948.run(TempTestSuite1696424348948.groovy:36)
Caused by: com.kms.katalon.core.exception.StepFailedException: Unable to verify text 'Proses' is present 
	at com.kms.katalon.core.webui.keyword.internal.WebUIKeywordMain.stepFailed(WebUIKeywordMain.groovy:64)
	at com.kms.katalon.core.webui.keyword.internal.WebUIKeywordMain.runKeyword(WebUIKeywordMain.groovy:26)
	at com.kms.katalon.core.webui.keyword.builtin.VerifyTextPresentKeyword.verifyTextPresent(VerifyTextPresentKeyword.groovy:83)
	at com.kms.katalon.core.webui.keyword.builtin.VerifyTextPresentKeyword.execute(VerifyTextPresentKeyword.groovy:68)
	at com.kms.katalon.core.keyword.internal.KeywordExecutor.executeKeywordForPlatform(KeywordExecutor.groovy:74)
	at com.kms.katalon.core.webui.keyword.WebUiBuiltInKeywords.verifyTextPresent(WebUiBuiltInKeywords.groovy:1723)
	at com.kms.katalon.core.webui.keyword.WebUiBuiltInKeywords$verifyTextPresent$7.call(Unknown Source)
	at SA-003.run(SA-003:32)
	at com.kms.katalon.core.main.ScriptEngine.run(ScriptEngine.java:194)
	at com.kms.katalon.core.main.ScriptEngine.runScriptAsRawText(ScriptEngine.java:119)
	at com.kms.katalon.core.main.TestCaseExecutor.runScript(TestCaseExecutor.java:448)
	at com.kms.katalon.core.main.TestCaseExecutor.doExecute(TestCaseExecutor.java:439)
	at com.kms.katalon.core.main.TestCaseExecutor.processExecutionPhase(TestCaseExecutor.java:418)
	at com.kms.katalon.core.main.TestCaseExecutor.accessMainPhase(TestCaseExecutor.java:410)
	at com.kms.katalon.core.main.TestCaseExecutor.execute(TestCaseExecutor.java:285)
	at com.kms.katalon.core.main.TestCaseMain.runTestCase(TestCaseMain.java:144)
	at com.kms.katalon.core.keyword.builtin.CallTestCaseKeyword$_callTestCase_closure1.doCall(CallTestCaseKeyword.groovy:59)
	... 20 more
Caused by: com.kms.katalon.core.exception.StepFailedException: Text 'Proses' is not present on page 
	at com.kms.katalon.core.webui.keyword.internal.WebUIKeywordMain.stepFailed(WebUIKeywordMain.groovy:64)
	at com.kms.katalon.core.webui.keyword.builtin.VerifyTextPresentKeyword$_verifyTextPresent_closure1.doCall(VerifyTextPresentKeyword.groovy:79)
	at com.kms.katalon.core.webui.keyword.builtin.VerifyTextPresentKeyword$_verifyTextPresent_closure1.call(VerifyTextPresentKeyword.groovy)
	at com.kms.katalon.core.webui.keyword.internal.WebUIKeywordMain.runKeyword(WebUIKeywordMain.groovy:20)
	... 35 more
)

2023-10-04 20:38:42 - [TEST_CASE][FAILED] - Test Cases/T13 Pembelian, Shipment dan Pembayaran/SA-003: Test Cases/T13 Pembelian, Shipment dan Pembayaran/SA-003 FAILED.
Reason:
com.kms.katalon.core.exception.StepFailedException: Unable to verify text 'Proses' is present 
	at com.kms.katalon.core.webui.keyword.internal.WebUIKeywordMain.stepFailed(WebUIKeywordMain.groovy:64)
	at com.kms.katalon.core.webui.keyword.internal.WebUIKeywordMain.runKeyword(WebUIKeywordMain.groovy:26)
	at com.kms.katalon.core.webui.keyword.builtin.VerifyTextPresentKeyword.verifyTextPresent(VerifyTextPresentKeyword.groovy:83)
	at com.kms.katalon.core.webui.keyword.builtin.VerifyTextPresentKeyword.execute(VerifyTextPresentKeyword.groovy:68)
	at com.kms.katalon.core.keyword.internal.KeywordExecutor.executeKeywordForPlatform(KeywordExecutor.groovy:74)
	at com.kms.katalon.core.webui.keyword.WebUiBuiltInKeywords.verifyTextPresent(WebUiBuiltInKeywords.groovy:1723)
	at com.kms.katalon.core.webui.keyword.WebUiBuiltInKeywords$verifyTextPresent$7.call(Unknown Source)
	at SA-003.run(SA-003:32)
	at com.kms.katalon.core.main.ScriptEngine.run(ScriptEngine.java:194)
	at com.kms.katalon.core.main.ScriptEngine.runScriptAsRawText(ScriptEngine.java:119)
	at com.kms.katalon.core.main.TestCaseExecutor.runScript(TestCaseExecutor.java:448)
	at com.kms.katalon.core.main.TestCaseExecutor.doExecute(TestCaseExecutor.java:439)
	at com.kms.katalon.core.main.TestCaseExecutor.processExecutionPhase(TestCaseExecutor.java:418)
	at com.kms.katalon.core.main.TestCaseExecutor.accessMainPhase(TestCaseExecutor.java:410)
	at com.kms.katalon.core.main.TestCaseExecutor.execute(TestCaseExecutor.java:285)
	at com.kms.katalon.core.main.TestCaseMain.runTestCase(TestCaseMain.java:144)
	at com.kms.katalon.core.keyword.builtin.CallTestCaseKeyword$_callTestCase_closure1.doCall(CallTestCaseKeyword.groovy:59)
	at com.kms.katalon.core.keyword.builtin.CallTestCaseKeyword$_callTestCase_closure1.call(CallTestCaseKeyword.groovy)
	at com.kms.katalon.core.keyword.internal.KeywordMain.runKeyword(KeywordMain.groovy:75)
	at com.kms.katalon.core.keyword.builtin.CallTestCaseKeyword.callTestCase(CallTestCaseKeyword.groovy:81)
	at com.kms.katalon.core.keyword.builtin.CallTestCaseKeyword.execute(CallTestCaseKeyword.groovy:44)
	at com.kms.katalon.core.keyword.internal.KeywordExecutor.executeKeywordForPlatform(KeywordExecutor.groovy:74)
	at com.kms.katalon.core.keyword.BuiltinKeywords.callTestCase(BuiltinKeywords.groovy:310)
	at SU-002.run(SU-002:20)
	at com.kms.katalon.core.main.ScriptEngine.run(ScriptEngine.java:194)
	at com.kms.katalon.core.main.ScriptEngine.runScriptAsRawText(ScriptEngine.java:119)
	at com.kms.katalon.core.main.TestCaseExecutor.runScript(TestCaseExecutor.java:448)
	at com.kms.katalon.core.main.TestCaseExecutor.doExecute(TestCaseExecutor.java:439)
	at com.kms.katalon.core.main.TestCaseExecutor.processExecutionPhase(TestCaseExecutor.java:418)
	at com.kms.katalon.core.main.TestCaseExecutor.accessMainPhase(TestCaseExecutor.java:410)
	at com.kms.katalon.core.main.TestCaseExecutor.execute(TestCaseExecutor.java:285)
	at com.kms.katalon.core.common.CommonExecutor.accessTestCaseMainPhase(CommonExecutor.java:65)
	at com.kms.katalon.core.main.TestSuiteExecutor.accessTestSuiteMainPhase(TestSuiteExecutor.java:148)
	at com.kms.katalon.core.main.TestSuiteExecutor.execute(TestSuiteExecutor.java:106)
	at com.kms.katalon.core.main.TestCaseMain.startTestSuite(TestCaseMain.java:187)
	at com.kms.katalon.core.main.TestCaseMain$startTestSuite$0.call(Unknown Source)
	at TempTestSuite1696424348948.run(TempTestSuite1696424348948.groovy:36)
Caused by: com.kms.katalon.core.exception.StepFailedException: Text 'Proses' is not present on page 
	at com.kms.katalon.core.webui.keyword.internal.WebUIKeywordMain.stepFailed(WebUIKeywordMain.groovy:64)
	at com.kms.katalon.core.webui.keyword.builtin.VerifyTextPresentKeyword$_verifyTextPresent_closure1.doCall(VerifyTextPresentKeyword.groovy:79)
	at com.kms.katalon.core.webui.keyword.builtin.VerifyTextPresentKeyword$_verifyTextPresent_closure1.call(VerifyTextPresentKeyword.groovy)
	at com.kms.katalon.core.webui.keyword.internal.WebUIKeywordMain.runKeyword(WebUIKeywordMain.groovy:20)
	... 35 more


2023-10-04 20:38:42 - [TEST_STEP][PASSED] - data = callTestCase(findTestCase("T13 Pembelian, Shipment dan Pembayaran/SA-002"), [:], STOP_ON_FAILURE): Call Test Case 'Test Cases/T13 Pembelian, Shipment dan Pembayaran/SA-002' successfully

2023-10-04 20:38:42 - [TEST_CASE][PASSED] - Test Cases/T13 Pembelian, Shipment dan Pembayaran/SA-002: Test Cases/T13 Pembelian, Shipment dan Pembayaran/SA-002

2023-10-04 20:38:42 - [TEST_STEP][PASSED] - data = callTestCase(findTestCase("T13 Pembelian, Shipment dan Pembayaran/SA-001"), [:], STOP_ON_FAILURE): Call Test Case 'Test Cases/T13 Pembelian, Shipment dan Pembayaran/SA-001' successfully

2023-10-04 20:38:42 - [TEST_CASE][PASSED] - Test Cases/T13 Pembelian, Shipment dan Pembayaran/SA-001: Test Cases/T13 Pembelian, Shipment dan Pembayaran/SA-001

2023-10-04 20:38:42 - [TEST_STEP][PASSED] - data = callTestCase(findTestCase("T13 Pembelian, Shipment dan Pembayaran/PBYA-001"), [:], STOP_ON_FAILURE): Call Test Case 'Test Cases/T13 Pembelian, Shipment dan Pembayaran/PBYA-001' successfully

2023-10-04 20:38:42 - [TEST_CASE][PASSED] - Test Cases/T13 Pembelian, Shipment dan Pembayaran/PBYA-001: Test Cases/T13 Pembelian, Shipment dan Pembayaran/PBYA-001

2023-10-04 20:38:42 - [TEST_STEP][PASSED] - data = callTestCase(findTestCase("T13 Pembelian, Shipment dan Pembayaran/PBY-004"), [:], STOP_ON_FAILURE): Call Test Case 'Test Cases/T13 Pembelian, Shipment dan Pembayaran/PBY-004' successfully

2023-10-04 20:38:42 - [TEST_CASE][PASSED] - Test Cases/T13 Pembelian, Shipment dan Pembayaran/PBY-004: Test Cases/T13 Pembelian, Shipment dan Pembayaran/PBY-004

2023-10-04 20:38:42 - [TEST_STEP][PASSED] - data = callTestCase(findTestCase("T13 Pembelian, Shipment dan Pembayaran/PBY-001"), [:], STOP_ON_FAILURE): Call Test Case 'Test Cases/T13 Pembelian, Shipment dan Pembayaran/PBY-001' successfully

2023-10-04 20:38:42 - [TEST_CASE][PASSED] - Test Cases/T13 Pembelian, Shipment dan Pembayaran/PBY-001: Test Cases/T13 Pembelian, Shipment dan Pembayaran/PBY-001

2023-10-04 20:38:42 - [TEST_STEP][PASSED] - data = callTestCase(findTestCase("T13 Pembelian, Shipment dan Pembayaran/PBL-004"), ["Kurir":"Roda 2"], STOP_ON_FAILURE): Call Test Case 'Test Cases/T13 Pembelian, Shipment dan Pembayaran/PBL-004' successfully

2023-10-04 20:38:43 - [TEST_CASE][PASSED] - Test Cases/T13 Pembelian, Shipment dan Pembayaran/PBL-004: Test Cases/T13 Pembelian, Shipment dan Pembayaran/PBL-004

2023-10-04 20:38:43 - [TEST_STEP][PASSED] - data = callTestCase(findTestCase("T13 Pembelian, Shipment dan Pembayaran/PBL-002"), [:], STOP_ON_FAILURE): Call Test Case 'Test Cases/T13 Pembelian, Shipment dan Pembayaran/PBL-002' successfully

2023-10-04 20:38:43 - [TEST_CASE][PASSED] - Test Cases/T13 Pembelian, Shipment dan Pembayaran/PBL-002: Test Cases/T13 Pembelian, Shipment dan Pembayaran/PBL-002

2023-10-04 20:38:43 - [TEST_STEP][PASSED] - data = callTestCase(findTestCase("T13 Pembelian, Shipment dan Pembayaran/PBL-001"), [:], STOP_ON_FAILURE): Call Test Case 'Test Cases/T13 Pembelian, Shipment dan Pembayaran/PBL-001' successfully

2023-10-04 20:38:43 - [TEST_CASE][PASSED] - Test Cases/T13 Pembelian, Shipment dan Pembayaran/PBL-001: Test Cases/T13 Pembelian, Shipment dan Pembayaran/PBL-001

2023-10-04 20:38:43 - [TEST_STEP][PASSED] - callTestCase(findTestCase("T13 Pembelian, Shipment dan Pembayaran/LU-001"), ["username":"irfanafandi", "password":"12345irfan"], STOP_ON_FAILURE): Call Test Case 'Test Cases/T13 Pembelian, Shipment dan Pembayaran/LU-001' successfully

2023-10-04 20:38:43 - [TEST_CASE][PASSED] - Test Cases/T13 Pembelian, Shipment dan Pembayaran/LU-001: Test Cases/T13 Pembelian, Shipment dan Pembayaran/LU-001

2023-10-04 20:38:43 - [TEST_STEP][PASSED] - openBrowser("https://10.9.2.63/ecommerce/"): Browser is opened with url: 'https://10.9.2.63/ecommerce/'

2023-10-04 20:38:43 - [MESSAGE][WARNING] - A browser is already opened. Closing browser and opening a new one

2023-10-04 20:38:44 - [MESSAGE][INFO] - Starting 'Firefox' driver

2023-10-04 20:38:44 - [MESSAGE][INFO] - User set preference: ['args', '[--disable-notifications]']

2023-10-04 20:38:44 - [MESSAGE][INFO] - Action delay is set to 0 milliseconds

2023-10-04 20:38:50 - [MESSAGE][PASSED] - Browser is opened with url: 'https://10.9.2.63/ecommerce/'

2023-10-04 20:38:50 - [TEST_STEP][PASSED] - maximizeWindow(): Current window maximized

2023-10-04 20:38:50 - [MESSAGE][PASSED] - Current window maximized

2023-10-04 20:38:50 - [TEST_STEP][PASSED] - verifyElementPresent(findTestObject("Login/Home"), 0): Object 'Object Repository/Login/Home' is present

2023-10-04 20:38:51 - [MESSAGE][WARNING] - Timeout '0' is invalid. Using default page load timeout: '30'

2023-10-04 20:38:51 - [MESSAGE][PASSED] - Object 'Object Repository/Login/Home' is present

2023-10-04 20:38:51 - [TEST_STEP][PASSED] - click(findTestObject("Login/a_Login")): Object: 'Object Repository/Login/a_Login' is clicked on

2023-10-04 20:38:52 - [MESSAGE][PASSED] - Object: 'Object Repository/Login/a_Login' is clicked on

2023-10-04 20:38:52 - [TEST_STEP][PASSED] - verifyElementPresent(findTestObject("Login/Tittle Login"), 0): Object 'Object Repository/Login/Tittle Login' is present

2023-10-04 20:38:52 - [MESSAGE][WARNING] - Timeout '0' is invalid. Using default page load timeout: '30'

2023-10-04 20:38:52 - [MESSAGE][PASSED] - Object 'Object Repository/Login/Tittle Login' is present

2023-10-04 20:38:52 - [TEST_STEP][PASSED] - setText(findTestObject("Login/input_Username, Email atau No. Handphone_a"), username): Text 'irfanafandi' is set on object 'Object Repository/Login/input_Username, Email atau No. Handphone_a'

2023-10-04 20:38:53 - [MESSAGE][PASSED] - Text 'irfanafandi' is set on object 'Object Repository/Login/input_Username, Email atau No. Handphone_a'

2023-10-04 20:38:53 - [TEST_STEP][PASSED] - setText(findTestObject("Login/input_Password_b"), password): Text '12345irfan' is set on object 'Object Repository/Login/input_Password_b'

2023-10-04 20:38:53 - [MESSAGE][PASSED] - Text '12345irfan' is set on object 'Object Repository/Login/input_Password_b'

2023-10-04 20:38:53 - [TEST_STEP][PASSED] - click(findTestObject("Login/label_Ingat saya")): Object: 'Object Repository/Login/label_Ingat saya' is clicked on

2023-10-04 20:38:54 - [MESSAGE][PASSED] - Object: 'Object Repository/Login/label_Ingat saya' is clicked on

2023-10-04 20:38:54 - [TEST_STEP][PASSED] - click(findTestObject("Login/button_Masuk")): Object: 'Object Repository/Login/button_Masuk' is clicked on

2023-10-04 20:38:55 - [MESSAGE][PASSED] - Object: 'Object Repository/Login/button_Masuk' is clicked on

2023-10-04 20:38:55 - [TEST_STEP][PASSED] - verifyElementPresent(findTestObject("Login/li_Profile"), 0): Object 'Object Repository/Login/li_Profile' is present

2023-10-04 20:38:55 - [MESSAGE][WARNING] - Timeout '0' is invalid. Using default page load timeout: '30'

2023-10-04 20:38:56 - [MESSAGE][PASSED] - Object 'Object Repository/Login/li_Profile' is present

2023-10-04 20:38:56 - [MESSAGE][PASSED] - Call Test Case 'Test Cases/T13 Pembelian, Shipment dan Pembayaran/LU-001' successfully

2023-10-04 20:38:56 - [TEST_STEP][PASSED] - mouseOver(findTestObject("beli barang/i_Mulai Belanja_icon-menu")): Object: 'Object Repository/beli barang/i_Mulai Belanja_icon-menu' is hovered

2023-10-04 20:38:57 - [MESSAGE][PASSED] - Object: 'Object Repository/beli barang/i_Mulai Belanja_icon-menu' is hovered

2023-10-04 20:38:57 - [TEST_STEP][PASSED] - click(findTestObject("beli barang/a_Fashion  Busana Wanita")): Object: 'Object Repository/beli barang/a_Fashion  Busana Wanita' is clicked on

2023-10-04 20:38:58 - [MESSAGE][PASSED] - Object: 'Object Repository/beli barang/a_Fashion  Busana Wanita' is clicked on

2023-10-04 20:38:58 - [TEST_STEP][PASSED] - NamaSebelum = getText(findTestObject("verifikasi/Nama sebelum")): Text of object 'Object Repository/verifikasi/Nama sebelum' is: ''

2023-10-04 20:38:58 - [MESSAGE][PASSED] - Text of object 'Object Repository/verifikasi/Nama sebelum' is: ''

2023-10-04 20:38:58 - [TEST_STEP][PASSED] - HargaSebelum = getText(findTestObject("verifikasi/Harga sebelum")): Text of object 'Object Repository/verifikasi/Harga sebelum' is: 'Rp 1,299'

2023-10-04 20:38:59 - [MESSAGE][PASSED] - Text of object 'Object Repository/verifikasi/Harga sebelum' is: 'Rp 1,299'

2023-10-04 20:38:59 - [TEST_STEP][PASSED] - mouseOver(findTestObject("beli barang/barang mouse over")): Object: 'Object Repository/beli barang/barang mouse over' is hovered

2023-10-04 20:39:00 - [MESSAGE][PASSED] - Object: 'Object Repository/beli barang/barang mouse over' is hovered

2023-10-04 20:39:00 - [TEST_STEP][PASSED] - click(findTestObject("beli barang/buttom add to cart")): Object: 'Object Repository/beli barang/buttom add to cart' is clicked on

2023-10-04 20:39:01 - [MESSAGE][PASSED] - Object: 'Object Repository/beli barang/buttom add to cart' is clicked on

2023-10-04 20:39:01 - [TEST_STEP][PASSED] - NamaSesudah = getText(findTestObject("verifikasi/Nama sesudah")): Text of object 'Object Repository/verifikasi/Nama sesudah' is: 'Segitiga Instan Madeira - MDB5.3 Sunset'

2023-10-04 20:39:02 - [MESSAGE][PASSED] - Text of object 'Object Repository/verifikasi/Nama sesudah' is: 'Segitiga Instan Madeira - MDB5.3 Sunset'

2023-10-04 20:39:02 - [TEST_STEP][PASSED] - HargaSesudah = getText(findTestObject("verifikasi/Harga sesudah")): Text of object 'Object Repository/verifikasi/Harga sesudah' is: 'Rp 1,299'

2023-10-04 20:39:02 - [MESSAGE][PASSED] - Text of object 'Object Repository/verifikasi/Harga sesudah' is: 'Rp 1,299'

2023-10-04 20:39:02 - [TEST_STEP][PASSED] - assert NamaSesudah.contains(NamaSebelum): null

2023-10-04 20:39:02 - [TEST_STEP][PASSED] - assert HargaSesudah.contains(HargaSebelum): null

2023-10-04 20:39:02 - [TEST_STEP][PASSED] - click(findTestObject("beli barang/Tambah Keranjang busana wanita")): Object: 'Object Repository/beli barang/Tambah Keranjang busana wanita' is clicked on

2023-10-04 20:39:03 - [MESSAGE][PASSED] - Object: 'Object Repository/beli barang/Tambah Keranjang busana wanita' is clicked on

2023-10-04 20:39:03 - [TEST_STEP][PASSED] - verifyElementPresent(findTestObject("checkout/Notifikasi keranjang"), 1): Object 'Object Repository/checkout/Notifikasi keranjang' is present

2023-10-04 20:39:03 - [MESSAGE][PASSED] - Object 'Object Repository/checkout/Notifikasi keranjang' is present

2023-10-04 20:39:03 - [TEST_STEP][PASSED] - data = new java.util.HashMap(): null

2023-10-04 20:39:03 - [TEST_STEP][PASSED] - data.put("nama_barang", NamaSesudah): null

2023-10-04 20:39:03 - [TEST_STEP][PASSED] - data.put("price_barang", HargaSesudah): null

2023-10-04 20:39:03 - [TEST_STEP][PASSED] - return data: null

2023-10-04 20:39:03 - [MESSAGE][PASSED] - Call Test Case 'Test Cases/T13 Pembelian, Shipment dan Pembayaran/PBL-001' successfully

2023-10-04 20:39:03 - [TEST_STEP][PASSED] - mouseOver(findTestObject("beli barang/keranjang")): Object: 'Object Repository/beli barang/keranjang' is hovered

2023-10-04 20:39:04 - [MESSAGE][PASSED] - Object: 'Object Repository/beli barang/keranjang' is hovered

2023-10-04 20:39:04 - [TEST_STEP][PASSED] - click(findTestObject("beli barang/Lihat Sekarang")): Object: 'Object Repository/beli barang/Lihat Sekarang' is clicked on

2023-10-04 20:39:05 - [MESSAGE][PASSED] - Object: 'Object Repository/beli barang/Lihat Sekarang' is clicked on

2023-10-04 20:39:05 - [TEST_STEP][PASSED] - verifyElementPresent(findTestObject("keranjang/li_Keranjang Belanja"), 0): Object 'Object Repository/keranjang/li_Keranjang Belanja' is present

2023-10-04 20:39:05 - [MESSAGE][WARNING] - Timeout '0' is invalid. Using default page load timeout: '30'

2023-10-04 20:39:05 - [MESSAGE][PASSED] - Object 'Object Repository/keranjang/li_Keranjang Belanja' is present

2023-10-04 20:39:05 - [TEST_STEP][PASSED] - NamaKeranjang = getText(findTestObject("verifikasi/Nama keranjang")): Text of object 'Object Repository/verifikasi/Nama keranjang' is: 'Segitiga Instan Madeira - MDB5.3 Sunset'

2023-10-04 20:39:06 - [MESSAGE][PASSED] - Text of object 'Object Repository/verifikasi/Nama keranjang' is: 'Segitiga Instan Madeira - MDB5.3 Sunset'

2023-10-04 20:39:06 - [TEST_STEP][PASSED] - HargaKeranjang = getText(findTestObject("verifikasi/Harga Keranjang")): Text of object 'Object Repository/verifikasi/Harga Keranjang' is: 'Rp 1,299'

2023-10-04 20:39:06 - [MESSAGE][PASSED] - Text of object 'Object Repository/verifikasi/Harga Keranjang' is: 'Rp 1,299'

2023-10-04 20:39:06 - [TEST_STEP][PASSED] - if (toString().equalsIgnoreCase("Merah")): Object 'Object Repository/keranjang/input_Warna_variasi101' is checked

2023-10-04 20:39:06 - [TEST_STEP][PASSED] - check(findTestObject("Object Repository/keranjang/input_Warna_variasi101")): Object 'Object Repository/keranjang/input_Warna_variasi101' is checked

2023-10-04 20:39:07 - [MESSAGE][PASSED] - Object 'Object Repository/keranjang/input_Warna_variasi101' is checked

2023-10-04 20:39:07 - [TEST_STEP][PASSED] - if (toString().equalsIgnoreCase("Menengah")): Object 'Object Repository/keranjang/input_Ukuran_variasi201' is checked

2023-10-04 20:39:07 - [TEST_STEP][PASSED] - check(findTestObject("Object Repository/keranjang/input_Ukuran_variasi201")): Object 'Object Repository/keranjang/input_Ukuran_variasi201' is checked

2023-10-04 20:39:07 - [MESSAGE][PASSED] - Object 'Object Repository/keranjang/input_Ukuran_variasi201' is checked

2023-10-04 20:39:07 - [TEST_STEP][PASSED] - data.put("Warna", warna): null

2023-10-04 20:39:07 - [TEST_STEP][PASSED] - data.put("Ukuran", ukuran): null

2023-10-04 20:39:07 - [TEST_STEP][PASSED] - click(findTestObject("keranjang/button_Lanjut ke Pembayaran")): Object: 'Object Repository/keranjang/button_Lanjut ke Pembayaran' is clicked on

2023-10-04 20:39:08 - [MESSAGE][PASSED] - Object: 'Object Repository/keranjang/button_Lanjut ke Pembayaran' is clicked on

2023-10-04 20:39:08 - [TEST_STEP][PASSED] - verifyElementPresent(findTestObject("checkout/Tittle Checkout Order"), 0): Object 'Object Repository/checkout/Tittle Checkout Order' is present

2023-10-04 20:39:08 - [MESSAGE][WARNING] - Timeout '0' is invalid. Using default page load timeout: '30'

2023-10-04 20:39:09 - [MESSAGE][PASSED] - Object 'Object Repository/checkout/Tittle Checkout Order' is present

2023-10-04 20:39:09 - [TEST_STEP][PASSED] - name_product = data.get("nama_barang"): null

2023-10-04 20:39:09 - [TEST_STEP][PASSED] - price_product = data.get("price_barang"): null

2023-10-04 20:39:09 - [TEST_STEP][PASSED] - assert name_product == NamaKeranjang: null

2023-10-04 20:39:09 - [TEST_STEP][PASSED] - assert price_product == HargaKeranjang: null

2023-10-04 20:39:09 - [TEST_STEP][PASSED] - return data: null

2023-10-04 20:39:09 - [MESSAGE][PASSED] - Call Test Case 'Test Cases/T13 Pembelian, Shipment dan Pembayaran/PBL-002' successfully

2023-10-04 20:39:09 - [TEST_STEP][PASSED] - warnaa = getText(findTestObject("verifikasi/warna Merah")): Text of object 'Object Repository/verifikasi/warna Merah' is: 'Merah'

2023-10-04 20:39:09 - [MESSAGE][PASSED] - Text of object 'Object Repository/verifikasi/warna Merah' is: 'Merah'

2023-10-04 20:39:09 - [TEST_STEP][PASSED] - ukurann = getText(findTestObject("verifikasi/Ukuran Menengah")): Text of object 'Object Repository/verifikasi/Ukuran Menengah' is: 'Menengah'

2023-10-04 20:39:10 - [MESSAGE][PASSED] - Text of object 'Object Repository/verifikasi/Ukuran Menengah' is: 'Menengah'

2023-10-04 20:39:10 - [TEST_STEP][PASSED] - warna1 = data.get("Warna"): null

2023-10-04 20:39:10 - [TEST_STEP][PASSED] - ukuran1 = data.get("Ukuran"): null

2023-10-04 20:39:10 - [TEST_STEP][PASSED] - assert warnaa == warna1: null

2023-10-04 20:39:10 - [TEST_STEP][PASSED] - assert ukurann == ukuran1: null

2023-10-04 20:39:10 - [TEST_STEP][PASSED] - NamaCheckout = getText(findTestObject("verifikasi/NamaCheckout")): Text of object 'Object Repository/verifikasi/NamaCheckout' is: ''

2023-10-04 20:39:10 - [MESSAGE][PASSED] - Text of object 'Object Repository/verifikasi/NamaCheckout' is: ''

2023-10-04 20:39:10 - [TEST_STEP][PASSED] - HargaCheckout = getText(findTestObject("verifikasi/HargaCheckout")): Text of object 'Object Repository/verifikasi/HargaCheckout' is: '1,299'

2023-10-04 20:39:10 - [MESSAGE][PASSED] - Text of object 'Object Repository/verifikasi/HargaCheckout' is: '1,299'

2023-10-04 20:39:10 - [TEST_STEP][PASSED] - name_product = data.get("nama_barang"): null

2023-10-04 20:39:10 - [TEST_STEP][PASSED] - price_product = data.get("price_barang"): null

2023-10-04 20:39:10 - [TEST_STEP][PASSED] - assert name_product.contains(NamaCheckout): null

2023-10-04 20:39:10 - [TEST_STEP][PASSED] - assert price_product.contains(HargaCheckout): null

2023-10-04 20:39:10 - [TEST_STEP][PASSED] - selectOptionByLabel(findTestObject("checkout/select - Kirim via Kurir Lokal"), Kurir, false): All options with label 'Roda 2' are selected in object 'Object Repository/checkout/select - Kirim via Kurir Lokal' 

2023-10-04 20:39:11 - [MESSAGE][PASSED] - All options with label 'Roda 2' are selected in object 'Object Repository/checkout/select - Kirim via Kurir Lokal' 

2023-10-04 20:39:11 - [TEST_STEP][PASSED] - click(findTestObject("checkout/Kendaraan Kurir")): Object: 'Object Repository/checkout/Kendaraan Kurir' is clicked on

2023-10-04 20:39:12 - [MESSAGE][PASSED] - Object: 'Object Repository/checkout/Kendaraan Kurir' is clicked on

2023-10-04 20:39:12 - [TEST_STEP][PASSED] - OngkosKirim = getText(findTestObject("Object Repository/verifikasi/Ongkos Kirim checkout")): Text of object 'Object Repository/verifikasi/Ongkos Kirim checkout' is: 'Rp. 5,000'

2023-10-04 20:39:12 - [MESSAGE][PASSED] - Text of object 'Object Repository/verifikasi/Ongkos Kirim checkout' is: 'Rp. 5,000'

2023-10-04 20:39:12 - [TEST_STEP][PASSED] - Ongkos = OngkosKirim.substring(3, OngkosKirim.size()): null

2023-10-04 20:39:12 - [TEST_STEP][PASSED] - rep = Ongkos.replace(",", "."): null

2023-10-04 20:39:12 - [TEST_STEP][PASSED] - Ongkos_kirim = Double.parseDouble(rep): null

2023-10-04 20:39:12 - [TEST_STEP][PASSED] - println(Ongkos_kirim): null

2023-10-04 20:39:12 - [TEST_STEP][PASSED] - FeeAdmin = getText(findTestObject("verifikasi/Fee Admin checkout")): Text of object 'Object Repository/verifikasi/Fee Admin checkout' is: 'Fee Admin
Rp 1,500'

2023-10-04 20:39:12 - [MESSAGE][PASSED] - Text of object 'Object Repository/verifikasi/Fee Admin checkout' is: 'Fee Admin
Rp 1,500'

2023-10-04 20:39:12 - [TEST_STEP][PASSED] - Fee_Admin = FeeAdmin.substring(12, FeeAdmin.size()): null

2023-10-04 20:39:12 - [TEST_STEP][PASSED] - fee = Fee_Admin.replace(",", "."): null

2023-10-04 20:39:12 - [TEST_STEP][PASSED] - fee_admin = Double.parseDouble(fee): null

2023-10-04 20:39:12 - [TEST_STEP][PASSED] - println(fee_admin): null

2023-10-04 20:39:12 - [TEST_STEP][PASSED] - Subtotal = getText(findTestObject("verifikasi/subtotal checkout")): Text of object 'Object Repository/verifikasi/subtotal checkout' is: 'Subtotal
Rp 1,299'

2023-10-04 20:39:13 - [MESSAGE][PASSED] - Text of object 'Object Repository/verifikasi/subtotal checkout' is: 'Subtotal
Rp 1,299'

2023-10-04 20:39:13 - [TEST_STEP][PASSED] - sub_total = Subtotal.substring(12, Subtotal.size()): null

2023-10-04 20:39:13 - [TEST_STEP][PASSED] - sub = sub_total.replace(",", "."): null

2023-10-04 20:39:13 - [TEST_STEP][PASSED] - sub_total = Double.parseDouble(sub): null

2023-10-04 20:39:13 - [TEST_STEP][PASSED] - println(sub_total): null

2023-10-04 20:39:13 - [TEST_STEP][PASSED] - Total = getText(findTestObject("verifikasi/Total checkout")): Text of object 'Object Repository/verifikasi/Total checkout' is: 'Rp 7,799'

2023-10-04 20:39:13 - [MESSAGE][PASSED] - Text of object 'Object Repository/verifikasi/Total checkout' is: 'Rp 7,799'

2023-10-04 20:39:13 - [TEST_STEP][PASSED] - totall = Total.substring(3, Total.size()): null

2023-10-04 20:39:13 - [TEST_STEP][PASSED] - total = totall.replace(",", "."): null

2023-10-04 20:39:13 - [TEST_STEP][PASSED] - totall = Double.parseDouble(total): null

2023-10-04 20:39:13 - [TEST_STEP][PASSED] - println(totall): null

2023-10-04 20:39:13 - [TEST_STEP][PASSED] - Total_Harga = Ongkos_kirim + fee_admin + sub_total: null

2023-10-04 20:39:13 - [TEST_STEP][PASSED] - println(Total_Harga): null

2023-10-04 20:39:13 - [TEST_STEP][PASSED] - TotalHarga = Math.round(Total_Harga * 1000) / 1000: null

2023-10-04 20:39:13 - [TEST_STEP][PASSED] - println(TotalHarga): null

2023-10-04 20:39:13 - [TEST_STEP][PASSED] - assert totall == TotalHarga: null

2023-10-04 20:39:13 - [TEST_STEP][PASSED] - click(findTestObject("verifikasi/Metode Transfer")): Object: 'Object Repository/verifikasi/Metode Transfer' is clicked on

2023-10-04 20:39:14 - [MESSAGE][PASSED] - Object: 'Object Repository/verifikasi/Metode Transfer' is clicked on

2023-10-04 20:39:14 - [TEST_STEP][PASSED] - click(findTestObject("checkout/button_Proses Pembayaran")): Object: 'Object Repository/checkout/button_Proses Pembayaran' is clicked on

2023-10-04 20:39:20 - [MESSAGE][PASSED] - Object: 'Object Repository/checkout/button_Proses Pembayaran' is clicked on

2023-10-04 20:39:20 - [TEST_STEP][PASSED] - verifyElementPresent(findTestObject("pembayaran/Tittle nomor invoice"), 0): Object 'Object Repository/pembayaran/Tittle nomor invoice' is present

2023-10-04 20:39:20 - [MESSAGE][WARNING] - Timeout '0' is invalid. Using default page load timeout: '30'

2023-10-04 20:39:22 - [MESSAGE][PASSED] - Object 'Object Repository/pembayaran/Tittle nomor invoice' is present

2023-10-04 20:39:22 - [TEST_STEP][PASSED] - return data: null

2023-10-04 20:39:22 - [MESSAGE][PASSED] - Call Test Case 'Test Cases/T13 Pembelian, Shipment dan Pembayaran/PBL-004' successfully

2023-10-04 20:39:22 - [TEST_STEP][PASSED] - Invoice = getText(findTestObject("pembayaran/nomor invoice")): Text of object 'Object Repository/pembayaran/nomor invoice' is: 'TRX60.20231004203916'

2023-10-04 20:39:23 - [MESSAGE][PASSED] - Text of object 'Object Repository/pembayaran/nomor invoice' is: 'TRX60.20231004203916'

2023-10-04 20:39:23 - [TEST_STEP][PASSED] - data.put("invoice", Invoice): null

2023-10-04 20:39:23 - [TEST_STEP][PASSED] - NamaPemesan = getText(findTestObject("Konfirmasi pesanan shop/Nama pemesan")): Text of object 'Object Repository/Konfirmasi pesanan shop/Nama pemesan' is: 'irfan.afandi'

2023-10-04 20:39:23 - [MESSAGE][PASSED] - Text of object 'Object Repository/Konfirmasi pesanan shop/Nama pemesan' is: 'irfan.afandi'

2023-10-04 20:39:23 - [TEST_STEP][PASSED] - Nama = getText(findTestObject("pembayaran/Nama barang")): Text of object 'Object Repository/pembayaran/Nama barang' is: 'Segitiga Instan Madeira - MDB5.3 Sunset'

2023-10-04 20:39:23 - [MESSAGE][PASSED] - Text of object 'Object Repository/pembayaran/Nama barang' is: 'Segitiga Instan Madeira - MDB5.3 Sunset'

2023-10-04 20:39:23 - [TEST_STEP][PASSED] - Harga = getText(findTestObject("pembayaran/Harga barang")): Text of object 'Object Repository/pembayaran/Harga barang' is: '1,299'

2023-10-04 20:39:24 - [MESSAGE][PASSED] - Text of object 'Object Repository/pembayaran/Harga barang' is: '1,299'

2023-10-04 20:39:24 - [TEST_STEP][PASSED] - name_product = data.get("nama_barang"): null

2023-10-04 20:39:24 - [TEST_STEP][PASSED] - price_product = data.get("price_barang"): null

2023-10-04 20:39:24 - [TEST_STEP][PASSED] - assert name_product.contains(Nama): null

2023-10-04 20:39:24 - [TEST_STEP][PASSED] - assert price_product.contains(Harga): null

2023-10-04 20:39:24 - [TEST_STEP][PASSED] - warnaa = getText(findTestObject("pembayaran/warna")): Text of object 'Object Repository/pembayaran/warna' is: 'Merah'

2023-10-04 20:39:24 - [MESSAGE][PASSED] - Text of object 'Object Repository/pembayaran/warna' is: 'Merah'

2023-10-04 20:39:24 - [TEST_STEP][PASSED] - ukurann = getText(findTestObject("pembayaran/ukuran")): Text of object 'Object Repository/pembayaran/ukuran' is: 'Menengah'

2023-10-04 20:39:25 - [MESSAGE][PASSED] - Text of object 'Object Repository/pembayaran/ukuran' is: 'Menengah'

2023-10-04 20:39:25 - [TEST_STEP][PASSED] - warna1 = data.get("Warna"): null

2023-10-04 20:39:25 - [TEST_STEP][PASSED] - ukuran1 = data.get("Ukuran"): null

2023-10-04 20:39:25 - [TEST_STEP][PASSED] - assert warnaa == warna1: null

2023-10-04 20:39:25 - [TEST_STEP][PASSED] - assert ukurann == ukuran1: null

2023-10-04 20:39:25 - [TEST_STEP][PASSED] - statusPembelian = getText(findTestObject("verifikasi/Status pending di pembelian")): Text of object 'Object Repository/verifikasi/Status pending di pembelian' is: 'Pending'

2023-10-04 20:39:25 - [MESSAGE][PASSED] - Text of object 'Object Repository/verifikasi/Status pending di pembelian' is: 'Pending'

2023-10-04 20:39:25 - [TEST_STEP][PASSED] - data.put("statusPem", statusPembelian): null

2023-10-04 20:39:25 - [TEST_STEP][PASSED] - OngkosKirim = getText(findTestObject("pembayaran/ongkos kirim")): Text of object 'Object Repository/pembayaran/ongkos kirim' is: 'Rp 5,000'

2023-10-04 20:39:26 - [MESSAGE][PASSED] - Text of object 'Object Repository/pembayaran/ongkos kirim' is: 'Rp 5,000'

2023-10-04 20:39:26 - [TEST_STEP][PASSED] - Ongkos = OngkosKirim.substring(3, OngkosKirim.size()): null

2023-10-04 20:39:26 - [TEST_STEP][PASSED] - rep = Ongkos.replace(",", ""): null

2023-10-04 20:39:26 - [TEST_STEP][PASSED] - Ongkos_kirimm = Integer.parseInt(rep): null

2023-10-04 20:39:26 - [TEST_STEP][PASSED] - println(Ongkos_kirimm): null

2023-10-04 20:39:26 - [TEST_STEP][PASSED] - FeeAdmin = getText(findTestObject("pembayaran/fee admin")): Text of object 'Object Repository/pembayaran/fee admin' is: 'Rp 1,500'

2023-10-04 20:39:26 - [MESSAGE][PASSED] - Text of object 'Object Repository/pembayaran/fee admin' is: 'Rp 1,500'

2023-10-04 20:39:26 - [TEST_STEP][PASSED] - Fee_Admin = FeeAdmin.substring(3, FeeAdmin.size()): null

2023-10-04 20:39:26 - [TEST_STEP][PASSED] - fee = Fee_Admin.replace(",", ""): null

2023-10-04 20:39:26 - [TEST_STEP][PASSED] - fee_adminn = Integer.parseInt(fee): null

2023-10-04 20:39:26 - [TEST_STEP][PASSED] - println(fee_adminn): null

2023-10-04 20:39:26 - [TEST_STEP][PASSED] - Subtotal = getText(findTestObject("pembayaran/subtotal")): Text of object 'Object Repository/pembayaran/subtotal' is: 'Rp 1,299'

2023-10-04 20:39:27 - [MESSAGE][PASSED] - Text of object 'Object Repository/pembayaran/subtotal' is: 'Rp 1,299'

2023-10-04 20:39:27 - [TEST_STEP][PASSED] - sub_total = Subtotal.substring(3, Subtotal.size()): null

2023-10-04 20:39:27 - [TEST_STEP][PASSED] - sub = sub_total.replace(",", ""): null

2023-10-04 20:39:27 - [TEST_STEP][PASSED] - sub_totall = Integer.parseInt(sub): null

2023-10-04 20:39:27 - [TEST_STEP][PASSED] - println(sub_totall): null

2023-10-04 20:39:27 - [TEST_STEP][PASSED] - unik = getText(findTestObject("pembayaran/kode unik")): Text of object 'Object Repository/pembayaran/kode unik' is: '+916'

2023-10-04 20:39:27 - [MESSAGE][PASSED] - Text of object 'Object Repository/pembayaran/kode unik' is: '+916'

2023-10-04 20:39:27 - [TEST_STEP][PASSED] - unikk = unik.replace("+", ""): null

2023-10-04 20:39:27 - [TEST_STEP][PASSED] - kode_unik = Integer.parseInt(unikk): null

2023-10-04 20:39:27 - [TEST_STEP][PASSED] - println(kode_unik): null

2023-10-04 20:39:27 - [TEST_STEP][PASSED] - Total = getText(findTestObject("pembayaran/total")): Text of object 'Object Repository/pembayaran/total' is: '8,715'

2023-10-04 20:39:28 - [MESSAGE][PASSED] - Text of object 'Object Repository/pembayaran/total' is: '8,715'

2023-10-04 20:39:28 - [TEST_STEP][PASSED] - total = Total.replace(",", ""): null

2023-10-04 20:39:28 - [TEST_STEP][PASSED] - totalll = Integer.parseInt(total): null

2023-10-04 20:39:28 - [TEST_STEP][PASSED] - println(totalll): null

2023-10-04 20:39:28 - [TEST_STEP][PASSED] - Total_Hargaa = Ongkos_kirimm + fee_adminn + sub_totall + kode_unik: null

2023-10-04 20:39:28 - [TEST_STEP][PASSED] - println(Total_Hargaa): null

2023-10-04 20:39:28 - [TEST_STEP][PASSED] - assert totalll == Total_Hargaa: null

2023-10-04 20:39:28 - [TEST_STEP][PASSED] - data.put("total", Total): null

2023-10-04 20:39:28 - [TEST_STEP][PASSED] - data.put("nama", NamaPemesan): null

2023-10-04 20:39:28 - [TEST_STEP][PASSED] - return data: null

2023-10-04 20:39:28 - [MESSAGE][PASSED] - Call Test Case 'Test Cases/T13 Pembelian, Shipment dan Pembayaran/PBY-001' successfully

2023-10-04 20:39:28 - [TEST_STEP][PASSED] - inv = data.get("invoice"): null

2023-10-04 20:39:28 - [TEST_STEP][PASSED] - Total = data.get("total"): null

2023-10-04 20:39:28 - [TEST_STEP][PASSED] - NamaPemesan = data.get("nama"): null

2023-10-04 20:39:28 - [TEST_STEP][PASSED] - click(findTestObject("Konfirmasi pesanan shop/Menu Shop")): Object: 'Object Repository/Konfirmasi pesanan shop/Menu Shop' is clicked on

2023-10-04 20:39:29 - [MESSAGE][PASSED] - Object: 'Object Repository/Konfirmasi pesanan shop/Menu Shop' is clicked on

2023-10-04 20:39:29 - [TEST_STEP][PASSED] - click(findTestObject("Konfirmasi pesanan shop/Menu Shop")): Object: 'Object Repository/Konfirmasi pesanan shop/Menu Shop' is clicked on

2023-10-04 20:39:30 - [MESSAGE][PASSED] - Object: 'Object Repository/Konfirmasi pesanan shop/Menu Shop' is clicked on

2023-10-04 20:39:30 - [TEST_STEP][PASSED] - click(findTestObject("Konfirmasi pesanan shop/Konfirmasi Orders")): Object: 'Object Repository/Konfirmasi pesanan shop/Konfirmasi Orders' is clicked on

2023-10-04 20:39:31 - [MESSAGE][PASSED] - Object: 'Object Repository/Konfirmasi pesanan shop/Konfirmasi Orders' is clicked on

2023-10-04 20:39:31 - [TEST_STEP][PASSED] - verifyElementPresent(findTestObject("Konfirmasi pesanan shop/Tittle Konfirmasi Pesanan"), 0): Object 'Object Repository/Konfirmasi pesanan shop/Tittle Konfirmasi Pesanan' is present

2023-10-04 20:39:31 - [MESSAGE][WARNING] - Timeout '0' is invalid. Using default page load timeout: '30'

2023-10-04 20:39:32 - [MESSAGE][PASSED] - Object 'Object Repository/Konfirmasi pesanan shop/Tittle Konfirmasi Pesanan' is present

2023-10-04 20:39:32 - [TEST_STEP][PASSED] - setText(findTestObject("Konfirmasi pesanan shop/input_No Pesanan"), inv): Text 'TRX60.20231004203916' is set on object 'Object Repository/Konfirmasi pesanan shop/input_No Pesanan'

2023-10-04 20:39:32 - [MESSAGE][PASSED] - Text 'TRX60.20231004203916' is set on object 'Object Repository/Konfirmasi pesanan shop/input_No Pesanan'

2023-10-04 20:39:32 - [TEST_STEP][PASSED] - setText(findTestObject("Konfirmasi pesanan shop/input_Alamat E-mai"), "irfan@gmail.com"): Text 'irfan@gmail.com' is set on object 'Object Repository/Konfirmasi pesanan shop/input_Alamat E-mai'

2023-10-04 20:39:33 - [MESSAGE][PASSED] - Text 'irfan@gmail.com' is set on object 'Object Repository/Konfirmasi pesanan shop/input_Alamat E-mai'

2023-10-04 20:39:33 - [TEST_STEP][PASSED] - click(findTestObject("Konfirmasi pesanan shop/button_Submit")): Object: 'Object Repository/Konfirmasi pesanan shop/button_Submit' is clicked on

2023-10-04 20:39:34 - [MESSAGE][PASSED] - Object: 'Object Repository/Konfirmasi pesanan shop/button_Submit' is clicked on

2023-10-04 20:39:34 - [TEST_STEP][PASSED] - verifyElementPresent(findTestObject("Konfirmasi pesanan shop/Tittle nomor invoice"), 0): Object 'Object Repository/Konfirmasi pesanan shop/Tittle nomor invoice' is present

2023-10-04 20:39:34 - [MESSAGE][WARNING] - Timeout '0' is invalid. Using default page load timeout: '30'

2023-10-04 20:39:35 - [MESSAGE][PASSED] - Object 'Object Repository/Konfirmasi pesanan shop/Tittle nomor invoice' is present

2023-10-04 20:39:35 - [TEST_STEP][PASSED] - setText(findTestObject("Konfirmasi pesanan shop/input_Total TagihanTransfer_b"), Total): Text '8,715' is set on object 'Object Repository/Konfirmasi pesanan shop/input_Total TagihanTransfer_b'

2023-10-04 20:39:35 - [MESSAGE][PASSED] - Text '8,715' is set on object 'Object Repository/Konfirmasi pesanan shop/input_Total TagihanTransfer_b'

2023-10-04 20:39:35 - [TEST_STEP][PASSED] - selectOptionByValue(findTestObject("Konfirmasi pesanan shop/select_Bank"), "4", false): All options with value '4' are selected in object 'Object Repository/Konfirmasi pesanan shop/select_Bank' 

2023-10-04 20:39:36 - [MESSAGE][PASSED] - All options with value '4' are selected in object 'Object Repository/Konfirmasi pesanan shop/select_Bank' 

2023-10-04 20:39:36 - [TEST_STEP][PASSED] - setText(findTestObject("Konfirmasi pesanan shop/input_Nama Pengirim_d"), NamaPemesan): Text 'irfan.afandi' is set on object 'Object Repository/Konfirmasi pesanan shop/input_Nama Pengirim_d'

2023-10-04 20:39:37 - [MESSAGE][PASSED] - Text 'irfan.afandi' is set on object 'Object Repository/Konfirmasi pesanan shop/input_Nama Pengirim_d'

2023-10-04 20:39:37 - [TEST_STEP][PASSED] - uploadFile(findTestObject("keranjang/konfirmasi/input_Upload Bukti Transfer_f"), "C:\Users\IRFAN\Downloads\Berkas2.pdf"): File 'C:\Users\IRFAN\Downloads\Berkas2.pdf' sent to object: 'Object Repository/keranjang/konfirmasi/input_Upload Bukti Transfer_f'

2023-10-04 20:39:37 - [MESSAGE][PASSED] - File 'C:\Users\IRFAN\Downloads\Berkas2.pdf' sent to object: 'Object Repository/keranjang/konfirmasi/input_Upload Bukti Transfer_f'

2023-10-04 20:39:37 - [TEST_STEP][PASSED] - click(findTestObject("Konfirmasi pesanan shop/button_Konfirmasi Pembayaran")): Object: 'Object Repository/Konfirmasi pesanan shop/button_Konfirmasi Pembayaran' is clicked on

2023-10-04 20:39:38 - [MESSAGE][PASSED] - Object: 'Object Repository/Konfirmasi pesanan shop/button_Konfirmasi Pembayaran' is clicked on

2023-10-04 20:39:38 - [TEST_STEP][PASSED] - verifyElementPresent(findTestObject("Konfirmasi pesanan shop/Tittle Konfirmasi Pesanan"), 0): Object 'Object Repository/Konfirmasi pesanan shop/Tittle Konfirmasi Pesanan' is present

2023-10-04 20:39:38 - [MESSAGE][WARNING] - Timeout '0' is invalid. Using default page load timeout: '30'

2023-10-04 20:39:38 - [MESSAGE][PASSED] - Object 'Object Repository/Konfirmasi pesanan shop/Tittle Konfirmasi Pesanan' is present

2023-10-04 20:39:38 - [TEST_STEP][PASSED] - verifyElementPresent(findTestObject("Konfirmasi pesanan shop/Tittle massage succes Konfirmasi Pembayaran Pesanan"), 0): Object 'Object Repository/Konfirmasi pesanan shop/Tittle massage succes Konfirmasi Pembayaran Pesanan' is present

2023-10-04 20:39:39 - [MESSAGE][WARNING] - Timeout '0' is invalid. Using default page load timeout: '30'

2023-10-04 20:39:39 - [MESSAGE][PASSED] - Object 'Object Repository/Konfirmasi pesanan shop/Tittle massage succes Konfirmasi Pembayaran Pesanan' is present

2023-10-04 20:39:39 - [TEST_STEP][PASSED] - return data: null

2023-10-04 20:39:39 - [MESSAGE][PASSED] - Call Test Case 'Test Cases/T13 Pembelian, Shipment dan Pembayaran/PBY-004' successfully

2023-10-04 20:39:39 - [TEST_STEP][PASSED] - navigateToUrl("https://10.9.2.63/ecommerce/administrator/"): Navigate to 'https://10.9.2.63/ecommerce/administrator/' successfully

2023-10-04 20:39:40 - [MESSAGE][PASSED] - Navigate to 'https://10.9.2.63/ecommerce/administrator/' successfully

2023-10-04 20:39:40 - [TEST_STEP][PASSED] - verifyElementPresent(findTestObject("admin/Tittle ADMIN Login"), 0): Object 'Object Repository/admin/Tittle ADMIN Login' is present

2023-10-04 20:39:40 - [MESSAGE][WARNING] - Timeout '0' is invalid. Using default page load timeout: '30'

2023-10-04 20:39:40 - [MESSAGE][PASSED] - Object 'Object Repository/admin/Tittle ADMIN Login' is present

2023-10-04 20:39:40 - [TEST_STEP][PASSED] - setText(findTestObject("admin/Username"), "admin"): Text 'admin' is set on object 'Object Repository/admin/Username'

2023-10-04 20:39:41 - [MESSAGE][PASSED] - Text 'admin' is set on object 'Object Repository/admin/Username'

2023-10-04 20:39:41 - [TEST_STEP][PASSED] - setText(findTestObject("admin/Password"), "123admin123"): Text '123admin123' is set on object 'Object Repository/admin/Password'

2023-10-04 20:39:41 - [MESSAGE][PASSED] - Text '123admin123' is set on object 'Object Repository/admin/Password'

2023-10-04 20:39:41 - [TEST_STEP][PASSED] - click(findTestObject("admin/Remember Me")): Object: 'Object Repository/admin/Remember Me' is clicked on

2023-10-04 20:39:42 - [MESSAGE][PASSED] - Object: 'Object Repository/admin/Remember Me' is clicked on

2023-10-04 20:39:42 - [TEST_STEP][PASSED] - delay(10): Delayed 10 second(s)

2023-10-04 20:39:52 - [MESSAGE][PASSED] - Delayed 10 second(s)

2023-10-04 20:39:52 - [TEST_STEP][PASSED] - click(findTestObject("admin/buttom submit")): Object: 'Object Repository/admin/buttom submit' is clicked on

2023-10-04 20:39:54 - [MESSAGE][PASSED] - Object: 'Object Repository/admin/buttom submit' is clicked on

2023-10-04 20:39:54 - [TEST_STEP][PASSED] - verifyElementPresent(findTestObject("admin/Konf order konsumen/Tittle Dashboard"), 0): Object 'Object Repository/admin/Konf order konsumen/Tittle Dashboard' is present

2023-10-04 20:39:54 - [MESSAGE][WARNING] - Timeout '0' is invalid. Using default page load timeout: '30'

2023-10-04 20:40:00 - [MESSAGE][PASSED] - Object 'Object Repository/admin/Konf order konsumen/Tittle Dashboard' is present

2023-10-04 20:40:00 - [TEST_STEP][PASSED] - click(findTestObject("admin/Konf order konsumen/Menu Transaksi Market")): Object: 'Object Repository/admin/Konf order konsumen/Menu Transaksi Market' is clicked on

2023-10-04 20:40:01 - [MESSAGE][PASSED] - Object: 'Object Repository/admin/Konf order konsumen/Menu Transaksi Market' is clicked on

2023-10-04 20:40:01 - [TEST_STEP][PASSED] - click(findTestObject("admin/Konf order konsumen/Menu Konf. Order Konsumen")): Object: 'Object Repository/admin/Konf order konsumen/Menu Konf. Order Konsumen' is clicked on

2023-10-04 20:40:02 - [MESSAGE][PASSED] - Object: 'Object Repository/admin/Konf order konsumen/Menu Konf. Order Konsumen' is clicked on

2023-10-04 20:40:02 - [TEST_STEP][PASSED] - verifyElementPresent(findTestObject("admin/Konf order konsumen/Tittle Data Konfirmasi Pembayaran Konsumen"), 0): Object 'Object Repository/admin/Konf order konsumen/Tittle Data Konfirmasi Pembayaran Konsumen' is present

2023-10-04 20:40:03 - [MESSAGE][WARNING] - Timeout '0' is invalid. Using default page load timeout: '30'

2023-10-04 20:40:09 - [MESSAGE][PASSED] - Object 'Object Repository/admin/Konf order konsumen/Tittle Data Konfirmasi Pembayaran Konsumen' is present

2023-10-04 20:40:09 - [TEST_STEP][PASSED] - inv = data.get("invoice"): null

2023-10-04 20:40:09 - [TEST_STEP][PASSED] - setText(findTestObject("admin/Konf order konsumen/Search"), inv): Text 'TRX60.20231004203916' is set on object 'Object Repository/admin/Konf order konsumen/Search'

2023-10-04 20:40:10 - [MESSAGE][PASSED] - Text 'TRX60.20231004203916' is set on object 'Object Repository/admin/Konf order konsumen/Search'

2023-10-04 20:40:10 - [TEST_STEP][PASSED] - verifyElementText(findTestObject("admin/Konf order konsumen/Keterangan Lunas"), "Lunas"): Actual text and expected text of test object 'Object Repository/admin/Konf order konsumen/Keterangan Lunas' are matched.

2023-10-04 20:40:11 - [MESSAGE][PASSED] - Actual text and expected text of test object 'Object Repository/admin/Konf order konsumen/Keterangan Lunas' are matched.

2023-10-04 20:40:11 - [TEST_STEP][PASSED] - return data: null

2023-10-04 20:40:11 - [MESSAGE][PASSED] - Call Test Case 'Test Cases/T13 Pembelian, Shipment dan Pembayaran/PBYA-001' successfully

2023-10-04 20:40:11 - [TEST_STEP][PASSED] - click(findTestObject("admin/Penjualan ke konsumen/buttom Dashboard")): Object: 'Object Repository/admin/Penjualan ke konsumen/buttom Dashboard' is clicked on

2023-10-04 20:40:12 - [MESSAGE][PASSED] - Object: 'Object Repository/admin/Penjualan ke konsumen/buttom Dashboard' is clicked on

2023-10-04 20:40:12 - [TEST_STEP][PASSED] - click(findTestObject("admin/Konf order konsumen/Menu Transaksi Market")): Object: 'Object Repository/admin/Konf order konsumen/Menu Transaksi Market' is clicked on

2023-10-04 20:40:18 - [MESSAGE][PASSED] - Object: 'Object Repository/admin/Konf order konsumen/Menu Transaksi Market' is clicked on

2023-10-04 20:40:18 - [TEST_STEP][PASSED] - click(findTestObject("admin/Penjualan ke konsumen/a_Penjualan ke Konsumen")): Object: 'Object Repository/admin/Penjualan ke konsumen/a_Penjualan ke Konsumen' is clicked on

2023-10-04 20:40:21 - [MESSAGE][PASSED] - Object: 'Object Repository/admin/Penjualan ke konsumen/a_Penjualan ke Konsumen' is clicked on

2023-10-04 20:40:21 - [TEST_STEP][PASSED] - verifyElementPresent(findTestObject("admin/Tittle Data Transaksi Penjualan  Orderan Konsumen"), 0): Object 'Object Repository/admin/Tittle Data Transaksi Penjualan  Orderan Konsumen' is present

2023-10-04 20:40:21 - [MESSAGE][WARNING] - Timeout '0' is invalid. Using default page load timeout: '30'

2023-10-04 20:40:28 - [MESSAGE][PASSED] - Object 'Object Repository/admin/Tittle Data Transaksi Penjualan  Orderan Konsumen' is present

2023-10-04 20:40:28 - [TEST_STEP][PASSED] - return data: null

2023-10-04 20:40:28 - [MESSAGE][PASSED] - Call Test Case 'Test Cases/T13 Pembelian, Shipment dan Pembayaran/SA-001' successfully

2023-10-04 20:40:28 - [TEST_STEP][PASSED] - inv = data.get("invoice"): null

2023-10-04 20:40:28 - [TEST_STEP][PASSED] - setText(findTestObject("admin/Penjualan ke konsumen/Search"), inv): Text 'TRX60.20231004203916' is set on object 'Object Repository/admin/Penjualan ke konsumen/Search'

2023-10-04 20:40:30 - [MESSAGE][PASSED] - Text 'TRX60.20231004203916' is set on object 'Object Repository/admin/Penjualan ke konsumen/Search'

2023-10-04 20:40:30 - [TEST_STEP][PASSED] - click(findTestObject("admin/Penjualan ke konsumen/buttom konfirmasi pending payment")): Object: 'Object Repository/admin/Penjualan ke konsumen/buttom konfirmasi pending payment' is clicked on

2023-10-04 20:40:31 - [MESSAGE][PASSED] - Object: 'Object Repository/admin/Penjualan ke konsumen/buttom konfirmasi pending payment' is clicked on

2023-10-04 20:40:31 - [TEST_STEP][PASSED] - acceptAlert(STOP_ON_FAILURE): Alert accepted

2023-10-04 20:40:31 - [MESSAGE][PASSED] - Alert accepted

2023-10-04 20:40:31 - [TEST_STEP][PASSED] - setText(findTestObject("admin/Penjualan ke konsumen/Search"), inv): Text 'TRX60.20231004203916' is set on object 'Object Repository/admin/Penjualan ke konsumen/Search'

2023-10-04 20:40:31 - [MESSAGE][PASSED] - Text 'TRX60.20231004203916' is set on object 'Object Repository/admin/Penjualan ke konsumen/Search'

2023-10-04 20:40:31 - [TEST_STEP][PASSED] - verifyTextNotPresent("pending payment", false): Text 'pending payment' is not present on page

2023-10-04 20:40:32 - [MESSAGE][PASSED] - Text 'pending payment' is not present on page

2023-10-04 20:40:32 - [TEST_STEP][PASSED] - return data: null

2023-10-04 20:40:32 - [MESSAGE][PASSED] - Call Test Case 'Test Cases/T13 Pembelian, Shipment dan Pembayaran/SA-002' successfully

2023-10-04 20:40:32 - [TEST_STEP][PASSED] - click(findTestObject("admin/Penjualan ke konsumen/buttom scroldown")): Object: 'Object Repository/admin/Penjualan ke konsumen/buttom scroldown' is clicked on

2023-10-04 20:40:33 - [MESSAGE][PASSED] - Object: 'Object Repository/admin/Penjualan ke konsumen/buttom scroldown' is clicked on

2023-10-04 20:40:33 - [TEST_STEP][PASSED] - click(findTestObject("admin/Penjualan ke konsumen/Proses")): Object: 'Object Repository/admin/Penjualan ke konsumen/Proses' is clicked on

2023-10-04 20:40:33 - [MESSAGE][PASSED] - Object: 'Object Repository/admin/Penjualan ke konsumen/Proses' is clicked on

2023-10-04 20:40:33 - [TEST_STEP][PASSED] - acceptAlert(): Alert accepted

2023-10-04 20:40:33 - [MESSAGE][PASSED] - Alert accepted

2023-10-04 20:40:33 - [TEST_STEP][PASSED] - inv = data.get("invoice"): null

2023-10-04 20:40:33 - [TEST_STEP][PASSED] - setText(findTestObject("admin/Penjualan ke konsumen/Search"), inv): Text 'TRX60.20231004203916' is set on object 'Object Repository/admin/Penjualan ke konsumen/Search'

2023-10-04 20:40:34 - [MESSAGE][PASSED] - Text 'TRX60.20231004203916' is set on object 'Object Repository/admin/Penjualan ke konsumen/Search'

2023-10-04 20:40:34 - [TEST_STEP][FAILED] - verifyTextPresent("Proses", false): Unable to verify text 'Proses' is present  (Root cause: com.kms.katalon.core.exception.StepFailedException: Unable to verify text 'Proses' is present 
	at com.kms.katalon.core.webui.keyword.internal.WebUIKeywordMain.stepFailed(WebUIKeywordMain.groovy:64)
	at com.kms.katalon.core.webui.keyword.internal.WebUIKeywordMain.runKeyword(WebUIKeywordMain.groovy:26)
	at com.kms.katalon.core.webui.keyword.builtin.VerifyTextPresentKeyword.verifyTextPresent(VerifyTextPresentKeyword.groovy:83)
	at com.kms.katalon.core.webui.keyword.builtin.VerifyTextPresentKeyword.execute(VerifyTextPresentKeyword.groovy:68)
	at com.kms.katalon.core.keyword.internal.KeywordExecutor.executeKeywordForPlatform(KeywordExecutor.groovy:74)
	at com.kms.katalon.core.webui.keyword.WebUiBuiltInKeywords.verifyTextPresent(WebUiBuiltInKeywords.groovy:1723)
	at com.kms.katalon.core.webui.keyword.WebUiBuiltInKeywords$verifyTextPresent$7.call(Unknown Source)
	at SA-003.run(SA-003:32)
	at com.kms.katalon.core.main.ScriptEngine.run(ScriptEngine.java:194)
	at com.kms.katalon.core.main.ScriptEngine.runScriptAsRawText(ScriptEngine.java:119)
	at com.kms.katalon.core.main.TestCaseExecutor.runScript(TestCaseExecutor.java:448)
	at com.kms.katalon.core.main.TestCaseExecutor.doExecute(TestCaseExecutor.java:439)
	at com.kms.katalon.core.main.TestCaseExecutor.processExecutionPhase(TestCaseExecutor.java:418)
	at com.kms.katalon.core.main.TestCaseExecutor.accessMainPhase(TestCaseExecutor.java:410)
	at com.kms.katalon.core.main.TestCaseExecutor.execute(TestCaseExecutor.java:285)
	at com.kms.katalon.core.main.TestCaseMain.runTestCase(TestCaseMain.java:144)
	at com.kms.katalon.core.keyword.builtin.CallTestCaseKeyword$_callTestCase_closure1.doCall(CallTestCaseKeyword.groovy:59)
	at com.kms.katalon.core.keyword.builtin.CallTestCaseKeyword$_callTestCase_closure1.call(CallTestCaseKeyword.groovy)
	at com.kms.katalon.core.keyword.internal.KeywordMain.runKeyword(KeywordMain.groovy:75)
	at com.kms.katalon.core.keyword.builtin.CallTestCaseKeyword.callTestCase(CallTestCaseKeyword.groovy:81)
	at com.kms.katalon.core.keyword.builtin.CallTestCaseKeyword.execute(CallTestCaseKeyword.groovy:44)
	at com.kms.katalon.core.keyword.internal.KeywordExecutor.executeKeywordForPlatform(KeywordExecutor.groovy:74)
	at com.kms.katalon.core.keyword.BuiltinKeywords.callTestCase(BuiltinKeywords.groovy:310)
	at SU-002.run(SU-002:20)
	at com.kms.katalon.core.main.ScriptEngine.run(ScriptEngine.java:194)
	at com.kms.katalon.core.main.ScriptEngine.runScriptAsRawText(ScriptEngine.java:119)
	at com.kms.katalon.core.main.TestCaseExecutor.runScript(TestCaseExecutor.java:448)
	at com.kms.katalon.core.main.TestCaseExecutor.doExecute(TestCaseExecutor.java:439)
	at com.kms.katalon.core.main.TestCaseExecutor.processExecutionPhase(TestCaseExecutor.java:418)
	at com.kms.katalon.core.main.TestCaseExecutor.accessMainPhase(TestCaseExecutor.java:410)
	at com.kms.katalon.core.main.TestCaseExecutor.execute(TestCaseExecutor.java:285)
	at com.kms.katalon.core.common.CommonExecutor.accessTestCaseMainPhase(CommonExecutor.java:65)
	at com.kms.katalon.core.main.TestSuiteExecutor.accessTestSuiteMainPhase(TestSuiteExecutor.java:148)
	at com.kms.katalon.core.main.TestSuiteExecutor.execute(TestSuiteExecutor.java:106)
	at com.kms.katalon.core.main.TestCaseMain.startTestSuite(TestCaseMain.java:187)
	at com.kms.katalon.core.main.TestCaseMain$startTestSuite$0.call(Unknown Source)
	at TempTestSuite1696424348948.run(TempTestSuite1696424348948.groovy:36)
Caused by: com.kms.katalon.core.exception.StepFailedException: Text 'Proses' is not present on page 
	at com.kms.katalon.core.webui.keyword.internal.WebUIKeywordMain.stepFailed(WebUIKeywordMain.groovy:64)
	at com.kms.katalon.core.webui.keyword.builtin.VerifyTextPresentKeyword$_verifyTextPresent_closure1.doCall(VerifyTextPresentKeyword.groovy:79)
	at com.kms.katalon.core.webui.keyword.builtin.VerifyTextPresentKeyword$_verifyTextPresent_closure1.call(VerifyTextPresentKeyword.groovy)
	at com.kms.katalon.core.webui.keyword.internal.WebUIKeywordMain.runKeyword(WebUIKeywordMain.groovy:20)
	... 35 more
)

2023-10-04 20:40:35 - [MESSAGE][FAILED] - Text 'Proses' is not present on page  (Root cause: com.kms.katalon.core.exception.StepFailedException: Text 'Proses' is not present on page 
	at com.kms.katalon.core.webui.keyword.internal.WebUIKeywordMain.stepFailed(WebUIKeywordMain.groovy:64)
	at com.kms.katalon.core.webui.keyword.builtin.VerifyTextPresentKeyword$_verifyTextPresent_closure1.doCall(VerifyTextPresentKeyword.groovy:79)
	at com.kms.katalon.core.webui.keyword.builtin.VerifyTextPresentKeyword$_verifyTextPresent_closure1.call(VerifyTextPresentKeyword.groovy)
	at com.kms.katalon.core.webui.keyword.internal.WebUIKeywordMain.runKeyword(WebUIKeywordMain.groovy:20)
	at com.kms.katalon.core.webui.keyword.builtin.VerifyTextPresentKeyword.verifyTextPresent(VerifyTextPresentKeyword.groovy:83)
	at com.kms.katalon.core.webui.keyword.builtin.VerifyTextPresentKeyword.execute(VerifyTextPresentKeyword.groovy:68)
	at com.kms.katalon.core.keyword.internal.KeywordExecutor.executeKeywordForPlatform(KeywordExecutor.groovy:74)
	at com.kms.katalon.core.webui.keyword.WebUiBuiltInKeywords.verifyTextPresent(WebUiBuiltInKeywords.groovy:1723)
	at com.kms.katalon.core.webui.keyword.WebUiBuiltInKeywords$verifyTextPresent$7.call(Unknown Source)
	at SA-003.run(SA-003:32)
	at com.kms.katalon.core.main.ScriptEngine.run(ScriptEngine.java:194)
	at com.kms.katalon.core.main.ScriptEngine.runScriptAsRawText(ScriptEngine.java:119)
	at com.kms.katalon.core.main.TestCaseExecutor.runScript(TestCaseExecutor.java:448)
	at com.kms.katalon.core.main.TestCaseExecutor.doExecute(TestCaseExecutor.java:439)
	at com.kms.katalon.core.main.TestCaseExecutor.processExecutionPhase(TestCaseExecutor.java:418)
	at com.kms.katalon.core.main.TestCaseExecutor.accessMainPhase(TestCaseExecutor.java:410)
	at com.kms.katalon.core.main.TestCaseExecutor.execute(TestCaseExecutor.java:285)
	at com.kms.katalon.core.main.TestCaseMain.runTestCase(TestCaseMain.java:144)
	at com.kms.katalon.core.keyword.builtin.CallTestCaseKeyword$_callTestCase_closure1.doCall(CallTestCaseKeyword.groovy:59)
	at com.kms.katalon.core.keyword.builtin.CallTestCaseKeyword$_callTestCase_closure1.call(CallTestCaseKeyword.groovy)
	at com.kms.katalon.core.keyword.internal.KeywordMain.runKeyword(KeywordMain.groovy:75)
	at com.kms.katalon.core.keyword.builtin.CallTestCaseKeyword.callTestCase(CallTestCaseKeyword.groovy:81)
	at com.kms.katalon.core.keyword.builtin.CallTestCaseKeyword.execute(CallTestCaseKeyword.groovy:44)
	at com.kms.katalon.core.keyword.internal.KeywordExecutor.executeKeywordForPlatform(KeywordExecutor.groovy:74)
	at com.kms.katalon.core.keyword.BuiltinKeywords.callTestCase(BuiltinKeywords.groovy:310)
	at SU-002.run(SU-002:20)
	at com.kms.katalon.core.main.ScriptEngine.run(ScriptEngine.java:194)
	at com.kms.katalon.core.main.ScriptEngine.runScriptAsRawText(ScriptEngine.java:119)
	at com.kms.katalon.core.main.TestCaseExecutor.runScript(TestCaseExecutor.java:448)
	at com.kms.katalon.core.main.TestCaseExecutor.doExecute(TestCaseExecutor.java:439)
	at com.kms.katalon.core.main.TestCaseExecutor.processExecutionPhase(TestCaseExecutor.java:418)
	at com.kms.katalon.core.main.TestCaseExecutor.accessMainPhase(TestCaseExecutor.java:410)
	at com.kms.katalon.core.main.TestCaseExecutor.execute(TestCaseExecutor.java:285)
	at com.kms.katalon.core.common.CommonExecutor.accessTestCaseMainPhase(CommonExecutor.java:65)
	at com.kms.katalon.core.main.TestSuiteExecutor.accessTestSuiteMainPhase(TestSuiteExecutor.java:148)
	at com.kms.katalon.core.main.TestSuiteExecutor.execute(TestSuiteExecutor.java:106)
	at com.kms.katalon.core.main.TestCaseMain.startTestSuite(TestCaseMain.java:187)
	at com.kms.katalon.core.main.TestCaseMain$startTestSuite$0.call(Unknown Source)
	at TempTestSuite1696424348948.run(TempTestSuite1696424348948.groovy:36)
)

2023-10-04 20:40:35 - [MESSAGE][FAILED] - Unable to verify text 'Proses' is present  (Root cause: com.kms.katalon.core.exception.StepFailedException: Unable to verify text 'Proses' is present 
	at com.kms.katalon.core.webui.keyword.internal.WebUIKeywordMain.stepFailed(WebUIKeywordMain.groovy:64)
	at com.kms.katalon.core.webui.keyword.internal.WebUIKeywordMain.runKeyword(WebUIKeywordMain.groovy:26)
	at com.kms.katalon.core.webui.keyword.builtin.VerifyTextPresentKeyword.verifyTextPresent(VerifyTextPresentKeyword.groovy:83)
	at com.kms.katalon.core.webui.keyword.builtin.VerifyTextPresentKeyword.execute(VerifyTextPresentKeyword.groovy:68)
	at com.kms.katalon.core.keyword.internal.KeywordExecutor.executeKeywordForPlatform(KeywordExecutor.groovy:74)
	at com.kms.katalon.core.webui.keyword.WebUiBuiltInKeywords.verifyTextPresent(WebUiBuiltInKeywords.groovy:1723)
	at com.kms.katalon.core.webui.keyword.WebUiBuiltInKeywords$verifyTextPresent$7.call(Unknown Source)
	at SA-003.run(SA-003:32)
	at com.kms.katalon.core.main.ScriptEngine.run(ScriptEngine.java:194)
	at com.kms.katalon.core.main.ScriptEngine.runScriptAsRawText(ScriptEngine.java:119)
	at com.kms.katalon.core.main.TestCaseExecutor.runScript(TestCaseExecutor.java:448)
	at com.kms.katalon.core.main.TestCaseExecutor.doExecute(TestCaseExecutor.java:439)
	at com.kms.katalon.core.main.TestCaseExecutor.processExecutionPhase(TestCaseExecutor.java:418)
	at com.kms.katalon.core.main.TestCaseExecutor.accessMainPhase(TestCaseExecutor.java:410)
	at com.kms.katalon.core.main.TestCaseExecutor.execute(TestCaseExecutor.java:285)
	at com.kms.katalon.core.main.TestCaseMain.runTestCase(TestCaseMain.java:144)
	at com.kms.katalon.core.keyword.builtin.CallTestCaseKeyword$_callTestCase_closure1.doCall(CallTestCaseKeyword.groovy:59)
	at com.kms.katalon.core.keyword.builtin.CallTestCaseKeyword$_callTestCase_closure1.call(CallTestCaseKeyword.groovy)
	at com.kms.katalon.core.keyword.internal.KeywordMain.runKeyword(KeywordMain.groovy:75)
	at com.kms.katalon.core.keyword.builtin.CallTestCaseKeyword.callTestCase(CallTestCaseKeyword.groovy:81)
	at com.kms.katalon.core.keyword.builtin.CallTestCaseKeyword.execute(CallTestCaseKeyword.groovy:44)
	at com.kms.katalon.core.keyword.internal.KeywordExecutor.executeKeywordForPlatform(KeywordExecutor.groovy:74)
	at com.kms.katalon.core.keyword.BuiltinKeywords.callTestCase(BuiltinKeywords.groovy:310)
	at SU-002.run(SU-002:20)
	at com.kms.katalon.core.main.ScriptEngine.run(ScriptEngine.java:194)
	at com.kms.katalon.core.main.ScriptEngine.runScriptAsRawText(ScriptEngine.java:119)
	at com.kms.katalon.core.main.TestCaseExecutor.runScript(TestCaseExecutor.java:448)
	at com.kms.katalon.core.main.TestCaseExecutor.doExecute(TestCaseExecutor.java:439)
	at com.kms.katalon.core.main.TestCaseExecutor.processExecutionPhase(TestCaseExecutor.java:418)
	at com.kms.katalon.core.main.TestCaseExecutor.accessMainPhase(TestCaseExecutor.java:410)
	at com.kms.katalon.core.main.TestCaseExecutor.execute(TestCaseExecutor.java:285)
	at com.kms.katalon.core.common.CommonExecutor.accessTestCaseMainPhase(CommonExecutor.java:65)
	at com.kms.katalon.core.main.TestSuiteExecutor.accessTestSuiteMainPhase(TestSuiteExecutor.java:148)
	at com.kms.katalon.core.main.TestSuiteExecutor.execute(TestSuiteExecutor.java:106)
	at com.kms.katalon.core.main.TestCaseMain.startTestSuite(TestCaseMain.java:187)
	at com.kms.katalon.core.main.TestCaseMain$startTestSuite$0.call(Unknown Source)
	at TempTestSuite1696424348948.run(TempTestSuite1696424348948.groovy:36)
Caused by: com.kms.katalon.core.exception.StepFailedException: Text 'Proses' is not present on page 
	at com.kms.katalon.core.webui.keyword.internal.WebUIKeywordMain.stepFailed(WebUIKeywordMain.groovy:64)
	at com.kms.katalon.core.webui.keyword.builtin.VerifyTextPresentKeyword$_verifyTextPresent_closure1.doCall(VerifyTextPresentKeyword.groovy:79)
	at com.kms.katalon.core.webui.keyword.builtin.VerifyTextPresentKeyword$_verifyTextPresent_closure1.call(VerifyTextPresentKeyword.groovy)
	at com.kms.katalon.core.webui.keyword.internal.WebUIKeywordMain.runKeyword(WebUIKeywordMain.groovy:20)
	... 35 more
)
[[ATTACHMENT|D:\\BOOTCAMP XSIS\\Projek 2 MINI PROJEK\\Reports\\20231004_190004\\T13 Pembelian, Shipment dan Pembayaran\\T13 Pembelian, Shipment dan Pembayaran\\20231004_195908\\1696426835108.png]]

2023-10-04 20:40:35 - [MESSAGE][FAILED] - Unable to call Test Case 'Test Cases/T13 Pembelian, Shipment dan Pembayaran/SA-003' (Root cause: com.kms.katalon.core.exception.StepFailedException: Call Test Case 'Test Cases/T13 Pembelian, Shipment dan Pembayaran/SA-003' failed
	at com.kms.katalon.core.keyword.builtin.CallTestCaseKeyword$_callTestCase_closure1.doCall(CallTestCaseKeyword.groovy:63)
	at com.kms.katalon.core.keyword.builtin.CallTestCaseKeyword$_callTestCase_closure1.call(CallTestCaseKeyword.groovy)
	at com.kms.katalon.core.keyword.internal.KeywordMain.runKeyword(KeywordMain.groovy:75)
	at com.kms.katalon.core.keyword.builtin.CallTestCaseKeyword.callTestCase(CallTestCaseKeyword.groovy:81)
	at com.kms.katalon.core.keyword.builtin.CallTestCaseKeyword.execute(CallTestCaseKeyword.groovy:44)
	at com.kms.katalon.core.keyword.internal.KeywordExecutor.executeKeywordForPlatform(KeywordExecutor.groovy:74)
	at com.kms.katalon.core.keyword.BuiltinKeywords.callTestCase(BuiltinKeywords.groovy:310)
	at SU-002.run(SU-002:20)
	at com.kms.katalon.core.main.ScriptEngine.run(ScriptEngine.java:194)
	at com.kms.katalon.core.main.ScriptEngine.runScriptAsRawText(ScriptEngine.java:119)
	at com.kms.katalon.core.main.TestCaseExecutor.runScript(TestCaseExecutor.java:448)
	at com.kms.katalon.core.main.TestCaseExecutor.doExecute(TestCaseExecutor.java:439)
	at com.kms.katalon.core.main.TestCaseExecutor.processExecutionPhase(TestCaseExecutor.java:418)
	at com.kms.katalon.core.main.TestCaseExecutor.accessMainPhase(TestCaseExecutor.java:410)
	at com.kms.katalon.core.main.TestCaseExecutor.execute(TestCaseExecutor.java:285)
	at com.kms.katalon.core.common.CommonExecutor.accessTestCaseMainPhase(CommonExecutor.java:65)
	at com.kms.katalon.core.main.TestSuiteExecutor.accessTestSuiteMainPhase(TestSuiteExecutor.java:148)
	at com.kms.katalon.core.main.TestSuiteExecutor.execute(TestSuiteExecutor.java:106)
	at com.kms.katalon.core.main.TestCaseMain.startTestSuite(TestCaseMain.java:187)
	at com.kms.katalon.core.main.TestCaseMain$startTestSuite$0.call(Unknown Source)
	at TempTestSuite1696424348948.run(TempTestSuite1696424348948.groovy:36)
Caused by: com.kms.katalon.core.exception.StepFailedException: Unable to verify text 'Proses' is present 
	at com.kms.katalon.core.webui.keyword.internal.WebUIKeywordMain.stepFailed(WebUIKeywordMain.groovy:64)
	at com.kms.katalon.core.webui.keyword.internal.WebUIKeywordMain.runKeyword(WebUIKeywordMain.groovy:26)
	at com.kms.katalon.core.webui.keyword.builtin.VerifyTextPresentKeyword.verifyTextPresent(VerifyTextPresentKeyword.groovy:83)
	at com.kms.katalon.core.webui.keyword.builtin.VerifyTextPresentKeyword.execute(VerifyTextPresentKeyword.groovy:68)
	at com.kms.katalon.core.keyword.internal.KeywordExecutor.executeKeywordForPlatform(KeywordExecutor.groovy:74)
	at com.kms.katalon.core.webui.keyword.WebUiBuiltInKeywords.verifyTextPresent(WebUiBuiltInKeywords.groovy:1723)
	at com.kms.katalon.core.webui.keyword.WebUiBuiltInKeywords$verifyTextPresent$7.call(Unknown Source)
	at SA-003.run(SA-003:32)
	at com.kms.katalon.core.main.ScriptEngine.run(ScriptEngine.java:194)
	at com.kms.katalon.core.main.ScriptEngine.runScriptAsRawText(ScriptEngine.java:119)
	at com.kms.katalon.core.main.TestCaseExecutor.runScript(TestCaseExecutor.java:448)
	at com.kms.katalon.core.main.TestCaseExecutor.doExecute(TestCaseExecutor.java:439)
	at com.kms.katalon.core.main.TestCaseExecutor.processExecutionPhase(TestCaseExecutor.java:418)
	at com.kms.katalon.core.main.TestCaseExecutor.accessMainPhase(TestCaseExecutor.java:410)
	at com.kms.katalon.core.main.TestCaseExecutor.execute(TestCaseExecutor.java:285)
	at com.kms.katalon.core.main.TestCaseMain.runTestCase(TestCaseMain.java:144)
	at com.kms.katalon.core.keyword.builtin.CallTestCaseKeyword$_callTestCase_closure1.doCall(CallTestCaseKeyword.groovy:59)
	... 20 more
Caused by: com.kms.katalon.core.exception.StepFailedException: Text 'Proses' is not present on page 
	at com.kms.katalon.core.webui.keyword.internal.WebUIKeywordMain.stepFailed(WebUIKeywordMain.groovy:64)
	at com.kms.katalon.core.webui.keyword.builtin.VerifyTextPresentKeyword$_verifyTextPresent_closure1.doCall(VerifyTextPresentKeyword.groovy:79)
	at com.kms.katalon.core.webui.keyword.builtin.VerifyTextPresentKeyword$_verifyTextPresent_closure1.call(VerifyTextPresentKeyword.groovy)
	at com.kms.katalon.core.webui.keyword.internal.WebUIKeywordMain.runKeyword(WebUIKeywordMain.groovy:20)
	... 35 more
)]]></system-out>
         <system-err><![CDATA[2023-10-04 20:38:42 - [TEST_CASE][FAILED] - Test Cases/T13 Pembelian, Shipment dan Pembayaran/SU-002: Test Cases/T13 Pembelian, Shipment dan Pembayaran/SU-002 FAILED.
Reason:
com.kms.katalon.core.exception.StepFailedException: Call Test Case 'Test Cases/T13 Pembelian, Shipment dan Pembayaran/SA-003' failed
	at com.kms.katalon.core.keyword.builtin.CallTestCaseKeyword$_callTestCase_closure1.doCall(CallTestCaseKeyword.groovy:63)
	at com.kms.katalon.core.keyword.builtin.CallTestCaseKeyword$_callTestCase_closure1.call(CallTestCaseKeyword.groovy)
	at com.kms.katalon.core.keyword.internal.KeywordMain.runKeyword(KeywordMain.groovy:75)
	at com.kms.katalon.core.keyword.builtin.CallTestCaseKeyword.callTestCase(CallTestCaseKeyword.groovy:81)
	at com.kms.katalon.core.keyword.builtin.CallTestCaseKeyword.execute(CallTestCaseKeyword.groovy:44)
	at com.kms.katalon.core.keyword.internal.KeywordExecutor.executeKeywordForPlatform(KeywordExecutor.groovy:74)
	at com.kms.katalon.core.keyword.BuiltinKeywords.callTestCase(BuiltinKeywords.groovy:310)
	at SU-002.run(SU-002:20)
	at com.kms.katalon.core.main.ScriptEngine.run(ScriptEngine.java:194)
	at com.kms.katalon.core.main.ScriptEngine.runScriptAsRawText(ScriptEngine.java:119)
	at com.kms.katalon.core.main.TestCaseExecutor.runScript(TestCaseExecutor.java:448)
	at com.kms.katalon.core.main.TestCaseExecutor.doExecute(TestCaseExecutor.java:439)
	at com.kms.katalon.core.main.TestCaseExecutor.processExecutionPhase(TestCaseExecutor.java:418)
	at com.kms.katalon.core.main.TestCaseExecutor.accessMainPhase(TestCaseExecutor.java:410)
	at com.kms.katalon.core.main.TestCaseExecutor.execute(TestCaseExecutor.java:285)
	at com.kms.katalon.core.common.CommonExecutor.accessTestCaseMainPhase(CommonExecutor.java:65)
	at com.kms.katalon.core.main.TestSuiteExecutor.accessTestSuiteMainPhase(TestSuiteExecutor.java:148)
	at com.kms.katalon.core.main.TestSuiteExecutor.execute(TestSuiteExecutor.java:106)
	at com.kms.katalon.core.main.TestCaseMain.startTestSuite(TestCaseMain.java:187)
	at com.kms.katalon.core.main.TestCaseMain$startTestSuite$0.call(Unknown Source)
	at TempTestSuite1696424348948.run(TempTestSuite1696424348948.groovy:36)
Caused by: com.kms.katalon.core.exception.StepFailedException: Unable to verify text 'Proses' is present 
	at com.kms.katalon.core.webui.keyword.internal.WebUIKeywordMain.stepFailed(WebUIKeywordMain.groovy:64)
	at com.kms.katalon.core.webui.keyword.internal.WebUIKeywordMain.runKeyword(WebUIKeywordMain.groovy:26)
	at com.kms.katalon.core.webui.keyword.builtin.VerifyTextPresentKeyword.verifyTextPresent(VerifyTextPresentKeyword.groovy:83)
	at com.kms.katalon.core.webui.keyword.builtin.VerifyTextPresentKeyword.execute(VerifyTextPresentKeyword.groovy:68)
	at com.kms.katalon.core.keyword.internal.KeywordExecutor.executeKeywordForPlatform(KeywordExecutor.groovy:74)
	at com.kms.katalon.core.webui.keyword.WebUiBuiltInKeywords.verifyTextPresent(WebUiBuiltInKeywords.groovy:1723)
	at com.kms.katalon.core.webui.keyword.WebUiBuiltInKeywords$verifyTextPresent$7.call(Unknown Source)
	at SA-003.run(SA-003:32)
	at com.kms.katalon.core.main.ScriptEngine.run(ScriptEngine.java:194)
	at com.kms.katalon.core.main.ScriptEngine.runScriptAsRawText(ScriptEngine.java:119)
	at com.kms.katalon.core.main.TestCaseExecutor.runScript(TestCaseExecutor.java:448)
	at com.kms.katalon.core.main.TestCaseExecutor.doExecute(TestCaseExecutor.java:439)
	at com.kms.katalon.core.main.TestCaseExecutor.processExecutionPhase(TestCaseExecutor.java:418)
	at com.kms.katalon.core.main.TestCaseExecutor.accessMainPhase(TestCaseExecutor.java:410)
	at com.kms.katalon.core.main.TestCaseExecutor.execute(TestCaseExecutor.java:285)
	at com.kms.katalon.core.main.TestCaseMain.runTestCase(TestCaseMain.java:144)
	at com.kms.katalon.core.keyword.builtin.CallTestCaseKeyword$_callTestCase_closure1.doCall(CallTestCaseKeyword.groovy:59)
	... 20 more
Caused by: com.kms.katalon.core.exception.StepFailedException: Text 'Proses' is not present on page 
	at com.kms.katalon.core.webui.keyword.internal.WebUIKeywordMain.stepFailed(WebUIKeywordMain.groovy:64)
	at com.kms.katalon.core.webui.keyword.builtin.VerifyTextPresentKeyword$_verifyTextPresent_closure1.doCall(VerifyTextPresentKeyword.groovy:79)
	at com.kms.katalon.core.webui.keyword.builtin.VerifyTextPresentKeyword$_verifyTextPresent_closure1.call(VerifyTextPresentKeyword.groovy)
	at com.kms.katalon.core.webui.keyword.internal.WebUIKeywordMain.runKeyword(WebUIKeywordMain.groovy:20)
	... 35 more]]></system-err>
      </testcase>
      <testcase name="Test Cases/T13 Pembelian, Shipment dan Pembayaran/SU-003" time="147.372" classname="Test Cases/T13 Pembelian, Shipment dan Pembayaran/SU-003" status="FAILED">
         <failure type="FAILED" message="Test Cases/T13 Pembelian, Shipment dan Pembayaran/SU-003 FAILED.
Reason:
Assertion failed: 

assert dikirim == statusDikirim
       |       |  |
       Dikirim |  Proses
               false

	at SU-003.run(SU-003:89)
	at com.kms.katalon.core.main.ScriptEngine.run(ScriptEngine.java:194)
	at com.kms.katalon.core.main.ScriptEngine.runScriptAsRawText(ScriptEngine.java:119)
	at com.kms.katalon.core.main.TestCaseExecutor.runScript(TestCaseExecutor.java:448)
	at com.kms.katalon.core.main.TestCaseExecutor.doExecute(TestCaseExecutor.java:439)
	at com.kms.katalon.core.main.TestCaseExecutor.processExecutionPhase(TestCaseExecutor.java:418)
	at com.kms.katalon.core.main.TestCaseExecutor.accessMainPhase(TestCaseExecutor.java:410)
	at com.kms.katalon.core.main.TestCaseExecutor.execute(TestCaseExecutor.java:285)
	at com.kms.katalon.core.common.CommonExecutor.accessTestCaseMainPhase(CommonExecutor.java:65)
	at com.kms.katalon.core.main.TestSuiteExecutor.accessTestSuiteMainPhase(TestSuiteExecutor.java:148)
	at com.kms.katalon.core.main.TestSuiteExecutor.execute(TestSuiteExecutor.java:106)
	at com.kms.katalon.core.main.TestCaseMain.startTestSuite(TestCaseMain.java:187)
	at com.kms.katalon.core.main.TestCaseMain$startTestSuite$0.call(Unknown Source)
	at TempTestSuite1696424348948.run(TempTestSuite1696424348948.groovy:36)
"/>
         <system-out><![CDATA[2023-10-04 20:40:35 - [TEST_CASE][FAILED] - Test Cases/T13 Pembelian, Shipment dan Pembayaran/SU-003: Test Cases/T13 Pembelian, Shipment dan Pembayaran/SU-003 FAILED.
Reason:
Assertion failed: 

assert dikirim == statusDikirim
       |       |  |
       Dikirim |  Proses
               false

	at SU-003.run(SU-003:89)
	at com.kms.katalon.core.main.ScriptEngine.run(ScriptEngine.java:194)
	at com.kms.katalon.core.main.ScriptEngine.runScriptAsRawText(ScriptEngine.java:119)
	at com.kms.katalon.core.main.TestCaseExecutor.runScript(TestCaseExecutor.java:448)
	at com.kms.katalon.core.main.TestCaseExecutor.doExecute(TestCaseExecutor.java:439)
	at com.kms.katalon.core.main.TestCaseExecutor.processExecutionPhase(TestCaseExecutor.java:418)
	at com.kms.katalon.core.main.TestCaseExecutor.accessMainPhase(TestCaseExecutor.java:410)
	at com.kms.katalon.core.main.TestCaseExecutor.execute(TestCaseExecutor.java:285)
	at com.kms.katalon.core.common.CommonExecutor.accessTestCaseMainPhase(CommonExecutor.java:65)
	at com.kms.katalon.core.main.TestSuiteExecutor.accessTestSuiteMainPhase(TestSuiteExecutor.java:148)
	at com.kms.katalon.core.main.TestSuiteExecutor.execute(TestSuiteExecutor.java:106)
	at com.kms.katalon.core.main.TestCaseMain.startTestSuite(TestCaseMain.java:187)
	at com.kms.katalon.core.main.TestCaseMain$startTestSuite$0.call(Unknown Source)
	at TempTestSuite1696424348948.run(TempTestSuite1696424348948.groovy:36)


2023-10-04 20:40:35 - [TEST_STEP][PASSED] - data = callTestCase(findTestCase("T13 Pembelian, Shipment dan Pembayaran/SA-004"), [:], STOP_ON_FAILURE): Call Test Case 'Test Cases/T13 Pembelian, Shipment dan Pembayaran/SA-004' successfully

2023-10-04 20:40:35 - [TEST_CASE][PASSED] - Test Cases/T13 Pembelian, Shipment dan Pembayaran/SA-004: Test Cases/T13 Pembelian, Shipment dan Pembayaran/SA-004

2023-10-04 20:40:35 - [TEST_STEP][PASSED] - data = callTestCase(findTestCase("T13 Pembelian, Shipment dan Pembayaran/SA-002"), [:], STOP_ON_FAILURE): Call Test Case 'Test Cases/T13 Pembelian, Shipment dan Pembayaran/SA-002' successfully

2023-10-04 20:40:35 - [TEST_CASE][PASSED] - Test Cases/T13 Pembelian, Shipment dan Pembayaran/SA-002: Test Cases/T13 Pembelian, Shipment dan Pembayaran/SA-002

2023-10-04 20:40:35 - [TEST_STEP][PASSED] - data = callTestCase(findTestCase("T13 Pembelian, Shipment dan Pembayaran/SA-001"), [:], STOP_ON_FAILURE): Call Test Case 'Test Cases/T13 Pembelian, Shipment dan Pembayaran/SA-001' successfully

2023-10-04 20:40:35 - [TEST_CASE][PASSED] - Test Cases/T13 Pembelian, Shipment dan Pembayaran/SA-001: Test Cases/T13 Pembelian, Shipment dan Pembayaran/SA-001

2023-10-04 20:40:35 - [TEST_STEP][PASSED] - data = callTestCase(findTestCase("T13 Pembelian, Shipment dan Pembayaran/PBYA-001"), [:], STOP_ON_FAILURE): Call Test Case 'Test Cases/T13 Pembelian, Shipment dan Pembayaran/PBYA-001' successfully

2023-10-04 20:40:35 - [TEST_CASE][PASSED] - Test Cases/T13 Pembelian, Shipment dan Pembayaran/PBYA-001: Test Cases/T13 Pembelian, Shipment dan Pembayaran/PBYA-001

2023-10-04 20:40:35 - [TEST_STEP][PASSED] - data = callTestCase(findTestCase("T13 Pembelian, Shipment dan Pembayaran/PBY-004"), [:], STOP_ON_FAILURE): Call Test Case 'Test Cases/T13 Pembelian, Shipment dan Pembayaran/PBY-004' successfully

2023-10-04 20:40:35 - [TEST_CASE][PASSED] - Test Cases/T13 Pembelian, Shipment dan Pembayaran/PBY-004: Test Cases/T13 Pembelian, Shipment dan Pembayaran/PBY-004

2023-10-04 20:40:35 - [TEST_STEP][PASSED] - data = callTestCase(findTestCase("T13 Pembelian, Shipment dan Pembayaran/PBY-001"), [:], STOP_ON_FAILURE): Call Test Case 'Test Cases/T13 Pembelian, Shipment dan Pembayaran/PBY-001' successfully

2023-10-04 20:40:36 - [TEST_CASE][PASSED] - Test Cases/T13 Pembelian, Shipment dan Pembayaran/PBY-001: Test Cases/T13 Pembelian, Shipment dan Pembayaran/PBY-001

2023-10-04 20:40:36 - [TEST_STEP][PASSED] - data = callTestCase(findTestCase("T13 Pembelian, Shipment dan Pembayaran/PBL-004"), ["Kurir":"Roda 2"], STOP_ON_FAILURE): Call Test Case 'Test Cases/T13 Pembelian, Shipment dan Pembayaran/PBL-004' successfully

2023-10-04 20:40:36 - [TEST_CASE][PASSED] - Test Cases/T13 Pembelian, Shipment dan Pembayaran/PBL-004: Test Cases/T13 Pembelian, Shipment dan Pembayaran/PBL-004

2023-10-04 20:40:36 - [TEST_STEP][PASSED] - data = callTestCase(findTestCase("T13 Pembelian, Shipment dan Pembayaran/PBL-002"), [:], STOP_ON_FAILURE): Call Test Case 'Test Cases/T13 Pembelian, Shipment dan Pembayaran/PBL-002' successfully

2023-10-04 20:40:36 - [TEST_CASE][PASSED] - Test Cases/T13 Pembelian, Shipment dan Pembayaran/PBL-002: Test Cases/T13 Pembelian, Shipment dan Pembayaran/PBL-002

2023-10-04 20:40:36 - [TEST_STEP][PASSED] - data = callTestCase(findTestCase("T13 Pembelian, Shipment dan Pembayaran/PBL-001"), [:], STOP_ON_FAILURE): Call Test Case 'Test Cases/T13 Pembelian, Shipment dan Pembayaran/PBL-001' successfully

2023-10-04 20:40:36 - [TEST_CASE][PASSED] - Test Cases/T13 Pembelian, Shipment dan Pembayaran/PBL-001: Test Cases/T13 Pembelian, Shipment dan Pembayaran/PBL-001

2023-10-04 20:40:36 - [TEST_STEP][PASSED] - callTestCase(findTestCase("T13 Pembelian, Shipment dan Pembayaran/LU-001"), ["username":"irfanafandi", "password":"12345irfan"], STOP_ON_FAILURE): Call Test Case 'Test Cases/T13 Pembelian, Shipment dan Pembayaran/LU-001' successfully

2023-10-04 20:40:36 - [TEST_CASE][PASSED] - Test Cases/T13 Pembelian, Shipment dan Pembayaran/LU-001: Test Cases/T13 Pembelian, Shipment dan Pembayaran/LU-001

2023-10-04 20:40:36 - [TEST_STEP][PASSED] - openBrowser("https://10.9.2.63/ecommerce/"): Browser is opened with url: 'https://10.9.2.63/ecommerce/'

2023-10-04 20:40:36 - [MESSAGE][WARNING] - A browser is already opened. Closing browser and opening a new one

2023-10-04 20:40:39 - [MESSAGE][INFO] - Starting 'Firefox' driver

2023-10-04 20:40:39 - [MESSAGE][INFO] - User set preference: ['args', '[--disable-notifications]']

2023-10-04 20:40:39 - [MESSAGE][INFO] - Action delay is set to 0 milliseconds

2023-10-04 20:40:45 - [MESSAGE][PASSED] - Browser is opened with url: 'https://10.9.2.63/ecommerce/'

2023-10-04 20:40:45 - [TEST_STEP][PASSED] - maximizeWindow(): Current window maximized

2023-10-04 20:40:45 - [MESSAGE][PASSED] - Current window maximized

2023-10-04 20:40:45 - [TEST_STEP][PASSED] - verifyElementPresent(findTestObject("Login/Home"), 0): Object 'Object Repository/Login/Home' is present

2023-10-04 20:40:45 - [MESSAGE][WARNING] - Timeout '0' is invalid. Using default page load timeout: '30'

2023-10-04 20:40:46 - [MESSAGE][PASSED] - Object 'Object Repository/Login/Home' is present

2023-10-04 20:40:46 - [TEST_STEP][PASSED] - click(findTestObject("Login/a_Login")): Object: 'Object Repository/Login/a_Login' is clicked on

2023-10-04 20:40:46 - [MESSAGE][PASSED] - Object: 'Object Repository/Login/a_Login' is clicked on

2023-10-04 20:40:46 - [TEST_STEP][PASSED] - verifyElementPresent(findTestObject("Login/Tittle Login"), 0): Object 'Object Repository/Login/Tittle Login' is present

2023-10-04 20:40:46 - [MESSAGE][WARNING] - Timeout '0' is invalid. Using default page load timeout: '30'

2023-10-04 20:40:47 - [MESSAGE][PASSED] - Object 'Object Repository/Login/Tittle Login' is present

2023-10-04 20:40:47 - [TEST_STEP][PASSED] - setText(findTestObject("Login/input_Username, Email atau No. Handphone_a"), username): Text 'irfanafandi' is set on object 'Object Repository/Login/input_Username, Email atau No. Handphone_a'

2023-10-04 20:40:47 - [MESSAGE][PASSED] - Text 'irfanafandi' is set on object 'Object Repository/Login/input_Username, Email atau No. Handphone_a'

2023-10-04 20:40:47 - [TEST_STEP][PASSED] - setText(findTestObject("Login/input_Password_b"), password): Text '12345irfan' is set on object 'Object Repository/Login/input_Password_b'

2023-10-04 20:40:48 - [MESSAGE][PASSED] - Text '12345irfan' is set on object 'Object Repository/Login/input_Password_b'

2023-10-04 20:40:48 - [TEST_STEP][PASSED] - click(findTestObject("Login/label_Ingat saya")): Object: 'Object Repository/Login/label_Ingat saya' is clicked on

2023-10-04 20:40:49 - [MESSAGE][PASSED] - Object: 'Object Repository/Login/label_Ingat saya' is clicked on

2023-10-04 20:40:49 - [TEST_STEP][PASSED] - click(findTestObject("Login/button_Masuk")): Object: 'Object Repository/Login/button_Masuk' is clicked on

2023-10-04 20:40:49 - [MESSAGE][PASSED] - Object: 'Object Repository/Login/button_Masuk' is clicked on

2023-10-04 20:40:49 - [TEST_STEP][PASSED] - verifyElementPresent(findTestObject("Login/li_Profile"), 0): Object 'Object Repository/Login/li_Profile' is present

2023-10-04 20:40:50 - [MESSAGE][WARNING] - Timeout '0' is invalid. Using default page load timeout: '30'

2023-10-04 20:40:50 - [MESSAGE][PASSED] - Object 'Object Repository/Login/li_Profile' is present

2023-10-04 20:40:50 - [MESSAGE][PASSED] - Call Test Case 'Test Cases/T13 Pembelian, Shipment dan Pembayaran/LU-001' successfully

2023-10-04 20:40:50 - [TEST_STEP][PASSED] - mouseOver(findTestObject("beli barang/i_Mulai Belanja_icon-menu")): Object: 'Object Repository/beli barang/i_Mulai Belanja_icon-menu' is hovered

2023-10-04 20:40:51 - [MESSAGE][PASSED] - Object: 'Object Repository/beli barang/i_Mulai Belanja_icon-menu' is hovered

2023-10-04 20:40:51 - [TEST_STEP][PASSED] - click(findTestObject("beli barang/a_Fashion  Busana Wanita")): Object: 'Object Repository/beli barang/a_Fashion  Busana Wanita' is clicked on

2023-10-04 20:40:52 - [MESSAGE][PASSED] - Object: 'Object Repository/beli barang/a_Fashion  Busana Wanita' is clicked on

2023-10-04 20:40:52 - [TEST_STEP][PASSED] - NamaSebelum = getText(findTestObject("verifikasi/Nama sebelum")): Text of object 'Object Repository/verifikasi/Nama sebelum' is: ''

2023-10-04 20:40:52 - [MESSAGE][PASSED] - Text of object 'Object Repository/verifikasi/Nama sebelum' is: ''

2023-10-04 20:40:52 - [TEST_STEP][PASSED] - HargaSebelum = getText(findTestObject("verifikasi/Harga sebelum")): Text of object 'Object Repository/verifikasi/Harga sebelum' is: 'Rp 1,299'

2023-10-04 20:40:53 - [MESSAGE][PASSED] - Text of object 'Object Repository/verifikasi/Harga sebelum' is: 'Rp 1,299'

2023-10-04 20:40:53 - [TEST_STEP][PASSED] - mouseOver(findTestObject("beli barang/barang mouse over")): Object: 'Object Repository/beli barang/barang mouse over' is hovered

2023-10-04 20:40:54 - [MESSAGE][PASSED] - Object: 'Object Repository/beli barang/barang mouse over' is hovered

2023-10-04 20:40:54 - [TEST_STEP][PASSED] - click(findTestObject("beli barang/buttom add to cart")): Object: 'Object Repository/beli barang/buttom add to cart' is clicked on

2023-10-04 20:40:56 - [MESSAGE][PASSED] - Object: 'Object Repository/beli barang/buttom add to cart' is clicked on

2023-10-04 20:40:56 - [TEST_STEP][PASSED] - NamaSesudah = getText(findTestObject("verifikasi/Nama sesudah")): Text of object 'Object Repository/verifikasi/Nama sesudah' is: 'Segitiga Instan Madeira - MDB5.3 Sunset'

2023-10-04 20:40:56 - [MESSAGE][PASSED] - Text of object 'Object Repository/verifikasi/Nama sesudah' is: 'Segitiga Instan Madeira - MDB5.3 Sunset'

2023-10-04 20:40:56 - [TEST_STEP][PASSED] - HargaSesudah = getText(findTestObject("verifikasi/Harga sesudah")): Text of object 'Object Repository/verifikasi/Harga sesudah' is: 'Rp 1,299'

2023-10-04 20:40:57 - [MESSAGE][PASSED] - Text of object 'Object Repository/verifikasi/Harga sesudah' is: 'Rp 1,299'

2023-10-04 20:40:57 - [TEST_STEP][PASSED] - assert NamaSesudah.contains(NamaSebelum): null

2023-10-04 20:40:57 - [TEST_STEP][PASSED] - assert HargaSesudah.contains(HargaSebelum): null

2023-10-04 20:40:57 - [TEST_STEP][PASSED] - click(findTestObject("beli barang/Tambah Keranjang busana wanita")): Object: 'Object Repository/beli barang/Tambah Keranjang busana wanita' is clicked on

2023-10-04 20:40:57 - [MESSAGE][PASSED] - Object: 'Object Repository/beli barang/Tambah Keranjang busana wanita' is clicked on

2023-10-04 20:40:57 - [TEST_STEP][PASSED] - verifyElementPresent(findTestObject("checkout/Notifikasi keranjang"), 1): Object 'Object Repository/checkout/Notifikasi keranjang' is present

2023-10-04 20:40:58 - [MESSAGE][PASSED] - Object 'Object Repository/checkout/Notifikasi keranjang' is present

2023-10-04 20:40:58 - [TEST_STEP][PASSED] - data = new java.util.HashMap(): null

2023-10-04 20:40:58 - [TEST_STEP][PASSED] - data.put("nama_barang", NamaSesudah): null

2023-10-04 20:40:58 - [TEST_STEP][PASSED] - data.put("price_barang", HargaSesudah): null

2023-10-04 20:40:58 - [TEST_STEP][PASSED] - return data: null

2023-10-04 20:40:58 - [MESSAGE][PASSED] - Call Test Case 'Test Cases/T13 Pembelian, Shipment dan Pembayaran/PBL-001' successfully

2023-10-04 20:40:58 - [TEST_STEP][PASSED] - mouseOver(findTestObject("beli barang/keranjang")): Object: 'Object Repository/beli barang/keranjang' is hovered

2023-10-04 20:40:58 - [MESSAGE][PASSED] - Object: 'Object Repository/beli barang/keranjang' is hovered

2023-10-04 20:40:58 - [TEST_STEP][PASSED] - click(findTestObject("beli barang/Lihat Sekarang")): Object: 'Object Repository/beli barang/Lihat Sekarang' is clicked on

2023-10-04 20:40:59 - [MESSAGE][PASSED] - Object: 'Object Repository/beli barang/Lihat Sekarang' is clicked on

2023-10-04 20:40:59 - [TEST_STEP][PASSED] - verifyElementPresent(findTestObject("keranjang/li_Keranjang Belanja"), 0): Object 'Object Repository/keranjang/li_Keranjang Belanja' is present

2023-10-04 20:40:59 - [MESSAGE][WARNING] - Timeout '0' is invalid. Using default page load timeout: '30'

2023-10-04 20:41:00 - [MESSAGE][PASSED] - Object 'Object Repository/keranjang/li_Keranjang Belanja' is present

2023-10-04 20:41:00 - [TEST_STEP][PASSED] - NamaKeranjang = getText(findTestObject("verifikasi/Nama keranjang")): Text of object 'Object Repository/verifikasi/Nama keranjang' is: 'Segitiga Instan Madeira - MDB5.3 Sunset'

2023-10-04 20:41:00 - [MESSAGE][PASSED] - Text of object 'Object Repository/verifikasi/Nama keranjang' is: 'Segitiga Instan Madeira - MDB5.3 Sunset'

2023-10-04 20:41:00 - [TEST_STEP][PASSED] - HargaKeranjang = getText(findTestObject("verifikasi/Harga Keranjang")): Text of object 'Object Repository/verifikasi/Harga Keranjang' is: 'Rp 1,299'

2023-10-04 20:41:00 - [MESSAGE][PASSED] - Text of object 'Object Repository/verifikasi/Harga Keranjang' is: 'Rp 1,299'

2023-10-04 20:41:00 - [TEST_STEP][PASSED] - if (toString().equalsIgnoreCase("Merah")): Object 'Object Repository/keranjang/input_Warna_variasi101' is checked

2023-10-04 20:41:00 - [TEST_STEP][PASSED] - check(findTestObject("Object Repository/keranjang/input_Warna_variasi101")): Object 'Object Repository/keranjang/input_Warna_variasi101' is checked

2023-10-04 20:41:01 - [MESSAGE][PASSED] - Object 'Object Repository/keranjang/input_Warna_variasi101' is checked

2023-10-04 20:41:01 - [TEST_STEP][PASSED] - if (toString().equalsIgnoreCase("Menengah")): Object 'Object Repository/keranjang/input_Ukuran_variasi201' is checked

2023-10-04 20:41:01 - [TEST_STEP][PASSED] - check(findTestObject("Object Repository/keranjang/input_Ukuran_variasi201")): Object 'Object Repository/keranjang/input_Ukuran_variasi201' is checked

2023-10-04 20:41:01 - [MESSAGE][PASSED] - Object 'Object Repository/keranjang/input_Ukuran_variasi201' is checked

2023-10-04 20:41:01 - [TEST_STEP][PASSED] - data.put("Warna", warna): null

2023-10-04 20:41:01 - [TEST_STEP][PASSED] - data.put("Ukuran", ukuran): null

2023-10-04 20:41:01 - [TEST_STEP][PASSED] - click(findTestObject("keranjang/button_Lanjut ke Pembayaran")): Object: 'Object Repository/keranjang/button_Lanjut ke Pembayaran' is clicked on

2023-10-04 20:41:03 - [MESSAGE][PASSED] - Object: 'Object Repository/keranjang/button_Lanjut ke Pembayaran' is clicked on

2023-10-04 20:41:03 - [TEST_STEP][PASSED] - verifyElementPresent(findTestObject("checkout/Tittle Checkout Order"), 0): Object 'Object Repository/checkout/Tittle Checkout Order' is present

2023-10-04 20:41:03 - [MESSAGE][WARNING] - Timeout '0' is invalid. Using default page load timeout: '30'

2023-10-04 20:41:03 - [MESSAGE][PASSED] - Object 'Object Repository/checkout/Tittle Checkout Order' is present

2023-10-04 20:41:03 - [TEST_STEP][PASSED] - name_product = data.get("nama_barang"): null

2023-10-04 20:41:03 - [TEST_STEP][PASSED] - price_product = data.get("price_barang"): null

2023-10-04 20:41:03 - [TEST_STEP][PASSED] - assert name_product == NamaKeranjang: null

2023-10-04 20:41:03 - [TEST_STEP][PASSED] - assert price_product == HargaKeranjang: null

2023-10-04 20:41:03 - [TEST_STEP][PASSED] - return data: null

2023-10-04 20:41:03 - [MESSAGE][PASSED] - Call Test Case 'Test Cases/T13 Pembelian, Shipment dan Pembayaran/PBL-002' successfully

2023-10-04 20:41:03 - [TEST_STEP][PASSED] - warnaa = getText(findTestObject("verifikasi/warna Merah")): Text of object 'Object Repository/verifikasi/warna Merah' is: 'Merah'

2023-10-04 20:41:04 - [MESSAGE][PASSED] - Text of object 'Object Repository/verifikasi/warna Merah' is: 'Merah'

2023-10-04 20:41:04 - [TEST_STEP][PASSED] - ukurann = getText(findTestObject("verifikasi/Ukuran Menengah")): Text of object 'Object Repository/verifikasi/Ukuran Menengah' is: 'Menengah'

2023-10-04 20:41:04 - [MESSAGE][PASSED] - Text of object 'Object Repository/verifikasi/Ukuran Menengah' is: 'Menengah'

2023-10-04 20:41:04 - [TEST_STEP][PASSED] - warna1 = data.get("Warna"): null

2023-10-04 20:41:04 - [TEST_STEP][PASSED] - ukuran1 = data.get("Ukuran"): null

2023-10-04 20:41:04 - [TEST_STEP][PASSED] - assert warnaa == warna1: null

2023-10-04 20:41:04 - [TEST_STEP][PASSED] - assert ukurann == ukuran1: null

2023-10-04 20:41:04 - [TEST_STEP][PASSED] - NamaCheckout = getText(findTestObject("verifikasi/NamaCheckout")): Text of object 'Object Repository/verifikasi/NamaCheckout' is: ''

2023-10-04 20:41:04 - [MESSAGE][PASSED] - Text of object 'Object Repository/verifikasi/NamaCheckout' is: ''

2023-10-04 20:41:04 - [TEST_STEP][PASSED] - HargaCheckout = getText(findTestObject("verifikasi/HargaCheckout")): Text of object 'Object Repository/verifikasi/HargaCheckout' is: '1,299'

2023-10-04 20:41:05 - [MESSAGE][PASSED] - Text of object 'Object Repository/verifikasi/HargaCheckout' is: '1,299'

2023-10-04 20:41:05 - [TEST_STEP][PASSED] - name_product = data.get("nama_barang"): null

2023-10-04 20:41:05 - [TEST_STEP][PASSED] - price_product = data.get("price_barang"): null

2023-10-04 20:41:05 - [TEST_STEP][PASSED] - assert name_product.contains(NamaCheckout): null

2023-10-04 20:41:05 - [TEST_STEP][PASSED] - assert price_product.contains(HargaCheckout): null

2023-10-04 20:41:05 - [TEST_STEP][PASSED] - selectOptionByLabel(findTestObject("checkout/select - Kirim via Kurir Lokal"), Kurir, false): All options with label 'Roda 2' are selected in object 'Object Repository/checkout/select - Kirim via Kurir Lokal' 

2023-10-04 20:41:05 - [MESSAGE][PASSED] - All options with label 'Roda 2' are selected in object 'Object Repository/checkout/select - Kirim via Kurir Lokal' 

2023-10-04 20:41:05 - [TEST_STEP][PASSED] - click(findTestObject("checkout/Kendaraan Kurir")): Object: 'Object Repository/checkout/Kendaraan Kurir' is clicked on

2023-10-04 20:41:06 - [MESSAGE][PASSED] - Object: 'Object Repository/checkout/Kendaraan Kurir' is clicked on

2023-10-04 20:41:06 - [TEST_STEP][PASSED] - OngkosKirim = getText(findTestObject("Object Repository/verifikasi/Ongkos Kirim checkout")): Text of object 'Object Repository/verifikasi/Ongkos Kirim checkout' is: 'Rp. 5,000'

2023-10-04 20:41:06 - [MESSAGE][PASSED] - Text of object 'Object Repository/verifikasi/Ongkos Kirim checkout' is: 'Rp. 5,000'

2023-10-04 20:41:06 - [TEST_STEP][PASSED] - Ongkos = OngkosKirim.substring(3, OngkosKirim.size()): null

2023-10-04 20:41:06 - [TEST_STEP][PASSED] - rep = Ongkos.replace(",", "."): null

2023-10-04 20:41:06 - [TEST_STEP][PASSED] - Ongkos_kirim = Double.parseDouble(rep): null

2023-10-04 20:41:06 - [TEST_STEP][PASSED] - println(Ongkos_kirim): null

2023-10-04 20:41:06 - [TEST_STEP][PASSED] - FeeAdmin = getText(findTestObject("verifikasi/Fee Admin checkout")): Text of object 'Object Repository/verifikasi/Fee Admin checkout' is: 'Fee Admin
Rp 1,500'

2023-10-04 20:41:07 - [MESSAGE][PASSED] - Text of object 'Object Repository/verifikasi/Fee Admin checkout' is: 'Fee Admin
Rp 1,500'

2023-10-04 20:41:07 - [TEST_STEP][PASSED] - Fee_Admin = FeeAdmin.substring(12, FeeAdmin.size()): null

2023-10-04 20:41:07 - [TEST_STEP][PASSED] - fee = Fee_Admin.replace(",", "."): null

2023-10-04 20:41:07 - [TEST_STEP][PASSED] - fee_admin = Double.parseDouble(fee): null

2023-10-04 20:41:07 - [TEST_STEP][PASSED] - println(fee_admin): null

2023-10-04 20:41:07 - [TEST_STEP][PASSED] - Subtotal = getText(findTestObject("verifikasi/subtotal checkout")): Text of object 'Object Repository/verifikasi/subtotal checkout' is: 'Subtotal
Rp 1,299'

2023-10-04 20:41:07 - [MESSAGE][PASSED] - Text of object 'Object Repository/verifikasi/subtotal checkout' is: 'Subtotal
Rp 1,299'

2023-10-04 20:41:07 - [TEST_STEP][PASSED] - sub_total = Subtotal.substring(12, Subtotal.size()): null

2023-10-04 20:41:07 - [TEST_STEP][PASSED] - sub = sub_total.replace(",", "."): null

2023-10-04 20:41:07 - [TEST_STEP][PASSED] - sub_total = Double.parseDouble(sub): null

2023-10-04 20:41:07 - [TEST_STEP][PASSED] - println(sub_total): null

2023-10-04 20:41:07 - [TEST_STEP][PASSED] - Total = getText(findTestObject("verifikasi/Total checkout")): Text of object 'Object Repository/verifikasi/Total checkout' is: 'Rp 7,799'

2023-10-04 20:41:07 - [MESSAGE][PASSED] - Text of object 'Object Repository/verifikasi/Total checkout' is: 'Rp 7,799'

2023-10-04 20:41:07 - [TEST_STEP][PASSED] - totall = Total.substring(3, Total.size()): null

2023-10-04 20:41:07 - [TEST_STEP][PASSED] - total = totall.replace(",", "."): null

2023-10-04 20:41:07 - [TEST_STEP][PASSED] - totall = Double.parseDouble(total): null

2023-10-04 20:41:07 - [TEST_STEP][PASSED] - println(totall): null

2023-10-04 20:41:07 - [TEST_STEP][PASSED] - Total_Harga = Ongkos_kirim + fee_admin + sub_total: null

2023-10-04 20:41:07 - [TEST_STEP][PASSED] - println(Total_Harga): null

2023-10-04 20:41:07 - [TEST_STEP][PASSED] - TotalHarga = Math.round(Total_Harga * 1000) / 1000: null

2023-10-04 20:41:07 - [TEST_STEP][PASSED] - println(TotalHarga): null

2023-10-04 20:41:07 - [TEST_STEP][PASSED] - assert totall == TotalHarga: null

2023-10-04 20:41:07 - [TEST_STEP][PASSED] - click(findTestObject("verifikasi/Metode Transfer")): Object: 'Object Repository/verifikasi/Metode Transfer' is clicked on

2023-10-04 20:41:08 - [MESSAGE][PASSED] - Object: 'Object Repository/verifikasi/Metode Transfer' is clicked on

2023-10-04 20:41:08 - [TEST_STEP][PASSED] - click(findTestObject("checkout/button_Proses Pembayaran")): Object: 'Object Repository/checkout/button_Proses Pembayaran' is clicked on

2023-10-04 20:41:14 - [MESSAGE][PASSED] - Object: 'Object Repository/checkout/button_Proses Pembayaran' is clicked on

2023-10-04 20:41:14 - [TEST_STEP][PASSED] - verifyElementPresent(findTestObject("pembayaran/Tittle nomor invoice"), 0): Object 'Object Repository/pembayaran/Tittle nomor invoice' is present

2023-10-04 20:41:14 - [MESSAGE][WARNING] - Timeout '0' is invalid. Using default page load timeout: '30'

2023-10-04 20:41:16 - [MESSAGE][PASSED] - Object 'Object Repository/pembayaran/Tittle nomor invoice' is present

2023-10-04 20:41:16 - [TEST_STEP][PASSED] - return data: null

2023-10-04 20:41:16 - [MESSAGE][PASSED] - Call Test Case 'Test Cases/T13 Pembelian, Shipment dan Pembayaran/PBL-004' successfully

2023-10-04 20:41:16 - [TEST_STEP][PASSED] - Invoice = getText(findTestObject("pembayaran/nomor invoice")): Text of object 'Object Repository/pembayaran/nomor invoice' is: 'TRX60.20231004204110'

2023-10-04 20:41:16 - [MESSAGE][PASSED] - Text of object 'Object Repository/pembayaran/nomor invoice' is: 'TRX60.20231004204110'

2023-10-04 20:41:16 - [TEST_STEP][PASSED] - data.put("invoice", Invoice): null

2023-10-04 20:41:16 - [TEST_STEP][PASSED] - NamaPemesan = getText(findTestObject("Konfirmasi pesanan shop/Nama pemesan")): Text of object 'Object Repository/Konfirmasi pesanan shop/Nama pemesan' is: 'irfan.afandi'

2023-10-04 20:41:17 - [MESSAGE][PASSED] - Text of object 'Object Repository/Konfirmasi pesanan shop/Nama pemesan' is: 'irfan.afandi'

2023-10-04 20:41:17 - [TEST_STEP][PASSED] - Nama = getText(findTestObject("pembayaran/Nama barang")): Text of object 'Object Repository/pembayaran/Nama barang' is: 'Segitiga Instan Madeira - MDB5.3 Sunset'

2023-10-04 20:41:17 - [MESSAGE][PASSED] - Text of object 'Object Repository/pembayaran/Nama barang' is: 'Segitiga Instan Madeira - MDB5.3 Sunset'

2023-10-04 20:41:17 - [TEST_STEP][PASSED] - Harga = getText(findTestObject("pembayaran/Harga barang")): Text of object 'Object Repository/pembayaran/Harga barang' is: '1,299'

2023-10-04 20:41:18 - [MESSAGE][PASSED] - Text of object 'Object Repository/pembayaran/Harga barang' is: '1,299'

2023-10-04 20:41:18 - [TEST_STEP][PASSED] - name_product = data.get("nama_barang"): null

2023-10-04 20:41:18 - [TEST_STEP][PASSED] - price_product = data.get("price_barang"): null

2023-10-04 20:41:18 - [TEST_STEP][PASSED] - assert name_product.contains(Nama): null

2023-10-04 20:41:18 - [TEST_STEP][PASSED] - assert price_product.contains(Harga): null

2023-10-04 20:41:18 - [TEST_STEP][PASSED] - warnaa = getText(findTestObject("pembayaran/warna")): Text of object 'Object Repository/pembayaran/warna' is: 'Merah'

2023-10-04 20:41:18 - [MESSAGE][PASSED] - Text of object 'Object Repository/pembayaran/warna' is: 'Merah'

2023-10-04 20:41:18 - [TEST_STEP][PASSED] - ukurann = getText(findTestObject("pembayaran/ukuran")): Text of object 'Object Repository/pembayaran/ukuran' is: 'Menengah'

2023-10-04 20:41:19 - [MESSAGE][PASSED] - Text of object 'Object Repository/pembayaran/ukuran' is: 'Menengah'

2023-10-04 20:41:19 - [TEST_STEP][PASSED] - warna1 = data.get("Warna"): null

2023-10-04 20:41:19 - [TEST_STEP][PASSED] - ukuran1 = data.get("Ukuran"): null

2023-10-04 20:41:19 - [TEST_STEP][PASSED] - assert warnaa == warna1: null

2023-10-04 20:41:19 - [TEST_STEP][PASSED] - assert ukurann == ukuran1: null

2023-10-04 20:41:19 - [TEST_STEP][PASSED] - statusPembelian = getText(findTestObject("verifikasi/Status pending di pembelian")): Text of object 'Object Repository/verifikasi/Status pending di pembelian' is: 'Pending'

2023-10-04 20:41:19 - [MESSAGE][PASSED] - Text of object 'Object Repository/verifikasi/Status pending di pembelian' is: 'Pending'

2023-10-04 20:41:19 - [TEST_STEP][PASSED] - data.put("statusPem", statusPembelian): null

2023-10-04 20:41:19 - [TEST_STEP][PASSED] - OngkosKirim = getText(findTestObject("pembayaran/ongkos kirim")): Text of object 'Object Repository/pembayaran/ongkos kirim' is: 'Rp 5,000'

2023-10-04 20:41:20 - [MESSAGE][PASSED] - Text of object 'Object Repository/pembayaran/ongkos kirim' is: 'Rp 5,000'

2023-10-04 20:41:20 - [TEST_STEP][PASSED] - Ongkos = OngkosKirim.substring(3, OngkosKirim.size()): null

2023-10-04 20:41:20 - [TEST_STEP][PASSED] - rep = Ongkos.replace(",", ""): null

2023-10-04 20:41:20 - [TEST_STEP][PASSED] - Ongkos_kirimm = Integer.parseInt(rep): null

2023-10-04 20:41:20 - [TEST_STEP][PASSED] - println(Ongkos_kirimm): null

2023-10-04 20:41:20 - [TEST_STEP][PASSED] - FeeAdmin = getText(findTestObject("pembayaran/fee admin")): Text of object 'Object Repository/pembayaran/fee admin' is: 'Rp 1,500'

2023-10-04 20:41:20 - [MESSAGE][PASSED] - Text of object 'Object Repository/pembayaran/fee admin' is: 'Rp 1,500'

2023-10-04 20:41:20 - [TEST_STEP][PASSED] - Fee_Admin = FeeAdmin.substring(3, FeeAdmin.size()): null

2023-10-04 20:41:20 - [TEST_STEP][PASSED] - fee = Fee_Admin.replace(",", ""): null

2023-10-04 20:41:20 - [TEST_STEP][PASSED] - fee_adminn = Integer.parseInt(fee): null

2023-10-04 20:41:20 - [TEST_STEP][PASSED] - println(fee_adminn): null

2023-10-04 20:41:20 - [TEST_STEP][PASSED] - Subtotal = getText(findTestObject("pembayaran/subtotal")): Text of object 'Object Repository/pembayaran/subtotal' is: 'Rp 1,299'

2023-10-04 20:41:21 - [MESSAGE][PASSED] - Text of object 'Object Repository/pembayaran/subtotal' is: 'Rp 1,299'

2023-10-04 20:41:21 - [TEST_STEP][PASSED] - sub_total = Subtotal.substring(3, Subtotal.size()): null

2023-10-04 20:41:21 - [TEST_STEP][PASSED] - sub = sub_total.replace(",", ""): null

2023-10-04 20:41:21 - [TEST_STEP][PASSED] - sub_totall = Integer.parseInt(sub): null

2023-10-04 20:41:21 - [TEST_STEP][PASSED] - println(sub_totall): null

2023-10-04 20:41:21 - [TEST_STEP][PASSED] - unik = getText(findTestObject("pembayaran/kode unik")): Text of object 'Object Repository/pembayaran/kode unik' is: '+110'

2023-10-04 20:41:21 - [MESSAGE][PASSED] - Text of object 'Object Repository/pembayaran/kode unik' is: '+110'

2023-10-04 20:41:21 - [TEST_STEP][PASSED] - unikk = unik.replace("+", ""): null

2023-10-04 20:41:21 - [TEST_STEP][PASSED] - kode_unik = Integer.parseInt(unikk): null

2023-10-04 20:41:21 - [TEST_STEP][PASSED] - println(kode_unik): null

2023-10-04 20:41:21 - [TEST_STEP][PASSED] - Total = getText(findTestObject("pembayaran/total")): Text of object 'Object Repository/pembayaran/total' is: '7,909'

2023-10-04 20:41:22 - [MESSAGE][PASSED] - Text of object 'Object Repository/pembayaran/total' is: '7,909'

2023-10-04 20:41:22 - [TEST_STEP][PASSED] - total = Total.replace(",", ""): null

2023-10-04 20:41:22 - [TEST_STEP][PASSED] - totalll = Integer.parseInt(total): null

2023-10-04 20:41:22 - [TEST_STEP][PASSED] - println(totalll): null

2023-10-04 20:41:22 - [TEST_STEP][PASSED] - Total_Hargaa = Ongkos_kirimm + fee_adminn + sub_totall + kode_unik: null

2023-10-04 20:41:22 - [TEST_STEP][PASSED] - println(Total_Hargaa): null

2023-10-04 20:41:22 - [TEST_STEP][PASSED] - assert totalll == Total_Hargaa: null

2023-10-04 20:41:22 - [TEST_STEP][PASSED] - data.put("total", Total): null

2023-10-04 20:41:22 - [TEST_STEP][PASSED] - data.put("nama", NamaPemesan): null

2023-10-04 20:41:22 - [TEST_STEP][PASSED] - return data: null

2023-10-04 20:41:22 - [MESSAGE][PASSED] - Call Test Case 'Test Cases/T13 Pembelian, Shipment dan Pembayaran/PBY-001' successfully

2023-10-04 20:41:22 - [TEST_STEP][PASSED] - inv = data.get("invoice"): null

2023-10-04 20:41:22 - [TEST_STEP][PASSED] - Total = data.get("total"): null

2023-10-04 20:41:22 - [TEST_STEP][PASSED] - NamaPemesan = data.get("nama"): null

2023-10-04 20:41:22 - [TEST_STEP][PASSED] - click(findTestObject("Konfirmasi pesanan shop/Menu Shop")): Object: 'Object Repository/Konfirmasi pesanan shop/Menu Shop' is clicked on

2023-10-04 20:41:23 - [MESSAGE][PASSED] - Object: 'Object Repository/Konfirmasi pesanan shop/Menu Shop' is clicked on

2023-10-04 20:41:23 - [TEST_STEP][PASSED] - click(findTestObject("Konfirmasi pesanan shop/Menu Shop")): Object: 'Object Repository/Konfirmasi pesanan shop/Menu Shop' is clicked on

2023-10-04 20:41:24 - [MESSAGE][PASSED] - Object: 'Object Repository/Konfirmasi pesanan shop/Menu Shop' is clicked on

2023-10-04 20:41:24 - [TEST_STEP][PASSED] - click(findTestObject("Konfirmasi pesanan shop/Konfirmasi Orders")): Object: 'Object Repository/Konfirmasi pesanan shop/Konfirmasi Orders' is clicked on

2023-10-04 20:41:25 - [MESSAGE][PASSED] - Object: 'Object Repository/Konfirmasi pesanan shop/Konfirmasi Orders' is clicked on

2023-10-04 20:41:25 - [TEST_STEP][PASSED] - verifyElementPresent(findTestObject("Konfirmasi pesanan shop/Tittle Konfirmasi Pesanan"), 0): Object 'Object Repository/Konfirmasi pesanan shop/Tittle Konfirmasi Pesanan' is present

2023-10-04 20:41:25 - [MESSAGE][WARNING] - Timeout '0' is invalid. Using default page load timeout: '30'

2023-10-04 20:41:25 - [MESSAGE][PASSED] - Object 'Object Repository/Konfirmasi pesanan shop/Tittle Konfirmasi Pesanan' is present

2023-10-04 20:41:25 - [TEST_STEP][PASSED] - setText(findTestObject("Konfirmasi pesanan shop/input_No Pesanan"), inv): Text 'TRX60.20231004204110' is set on object 'Object Repository/Konfirmasi pesanan shop/input_No Pesanan'

2023-10-04 20:41:26 - [MESSAGE][PASSED] - Text 'TRX60.20231004204110' is set on object 'Object Repository/Konfirmasi pesanan shop/input_No Pesanan'

2023-10-04 20:41:26 - [TEST_STEP][PASSED] - setText(findTestObject("Konfirmasi pesanan shop/input_Alamat E-mai"), "irfan@gmail.com"): Text 'irfan@gmail.com' is set on object 'Object Repository/Konfirmasi pesanan shop/input_Alamat E-mai'

2023-10-04 20:41:27 - [MESSAGE][PASSED] - Text 'irfan@gmail.com' is set on object 'Object Repository/Konfirmasi pesanan shop/input_Alamat E-mai'

2023-10-04 20:41:27 - [TEST_STEP][PASSED] - click(findTestObject("Konfirmasi pesanan shop/button_Submit")): Object: 'Object Repository/Konfirmasi pesanan shop/button_Submit' is clicked on

2023-10-04 20:41:28 - [MESSAGE][PASSED] - Object: 'Object Repository/Konfirmasi pesanan shop/button_Submit' is clicked on

2023-10-04 20:41:28 - [TEST_STEP][PASSED] - verifyElementPresent(findTestObject("Konfirmasi pesanan shop/Tittle nomor invoice"), 0): Object 'Object Repository/Konfirmasi pesanan shop/Tittle nomor invoice' is present

2023-10-04 20:41:28 - [MESSAGE][WARNING] - Timeout '0' is invalid. Using default page load timeout: '30'

2023-10-04 20:41:28 - [MESSAGE][PASSED] - Object 'Object Repository/Konfirmasi pesanan shop/Tittle nomor invoice' is present

2023-10-04 20:41:28 - [TEST_STEP][PASSED] - setText(findTestObject("Konfirmasi pesanan shop/input_Total TagihanTransfer_b"), Total): Text '7,909' is set on object 'Object Repository/Konfirmasi pesanan shop/input_Total TagihanTransfer_b'

2023-10-04 20:41:29 - [MESSAGE][PASSED] - Text '7,909' is set on object 'Object Repository/Konfirmasi pesanan shop/input_Total TagihanTransfer_b'

2023-10-04 20:41:29 - [TEST_STEP][PASSED] - selectOptionByValue(findTestObject("Konfirmasi pesanan shop/select_Bank"), "4", false): All options with value '4' are selected in object 'Object Repository/Konfirmasi pesanan shop/select_Bank' 

2023-10-04 20:41:30 - [MESSAGE][PASSED] - All options with value '4' are selected in object 'Object Repository/Konfirmasi pesanan shop/select_Bank' 

2023-10-04 20:41:30 - [TEST_STEP][PASSED] - setText(findTestObject("Konfirmasi pesanan shop/input_Nama Pengirim_d"), NamaPemesan): Text 'irfan.afandi' is set on object 'Object Repository/Konfirmasi pesanan shop/input_Nama Pengirim_d'

2023-10-04 20:41:30 - [MESSAGE][PASSED] - Text 'irfan.afandi' is set on object 'Object Repository/Konfirmasi pesanan shop/input_Nama Pengirim_d'

2023-10-04 20:41:30 - [TEST_STEP][PASSED] - uploadFile(findTestObject("keranjang/konfirmasi/input_Upload Bukti Transfer_f"), "C:\Users\IRFAN\Downloads\Berkas2.pdf"): File 'C:\Users\IRFAN\Downloads\Berkas2.pdf' sent to object: 'Object Repository/keranjang/konfirmasi/input_Upload Bukti Transfer_f'

2023-10-04 20:41:31 - [MESSAGE][PASSED] - File 'C:\Users\IRFAN\Downloads\Berkas2.pdf' sent to object: 'Object Repository/keranjang/konfirmasi/input_Upload Bukti Transfer_f'

2023-10-04 20:41:31 - [TEST_STEP][PASSED] - click(findTestObject("Konfirmasi pesanan shop/button_Konfirmasi Pembayaran")): Object: 'Object Repository/Konfirmasi pesanan shop/button_Konfirmasi Pembayaran' is clicked on

2023-10-04 20:41:32 - [MESSAGE][PASSED] - Object: 'Object Repository/Konfirmasi pesanan shop/button_Konfirmasi Pembayaran' is clicked on

2023-10-04 20:41:32 - [TEST_STEP][PASSED] - verifyElementPresent(findTestObject("Konfirmasi pesanan shop/Tittle Konfirmasi Pesanan"), 0): Object 'Object Repository/Konfirmasi pesanan shop/Tittle Konfirmasi Pesanan' is present

2023-10-04 20:41:32 - [MESSAGE][WARNING] - Timeout '0' is invalid. Using default page load timeout: '30'

2023-10-04 20:41:32 - [MESSAGE][PASSED] - Object 'Object Repository/Konfirmasi pesanan shop/Tittle Konfirmasi Pesanan' is present

2023-10-04 20:41:32 - [TEST_STEP][PASSED] - verifyElementPresent(findTestObject("Konfirmasi pesanan shop/Tittle massage succes Konfirmasi Pembayaran Pesanan"), 0): Object 'Object Repository/Konfirmasi pesanan shop/Tittle massage succes Konfirmasi Pembayaran Pesanan' is present

2023-10-04 20:41:32 - [MESSAGE][WARNING] - Timeout '0' is invalid. Using default page load timeout: '30'

2023-10-04 20:41:33 - [MESSAGE][PASSED] - Object 'Object Repository/Konfirmasi pesanan shop/Tittle massage succes Konfirmasi Pembayaran Pesanan' is present

2023-10-04 20:41:33 - [TEST_STEP][PASSED] - return data: null

2023-10-04 20:41:33 - [MESSAGE][PASSED] - Call Test Case 'Test Cases/T13 Pembelian, Shipment dan Pembayaran/PBY-004' successfully

2023-10-04 20:41:33 - [TEST_STEP][PASSED] - navigateToUrl("https://10.9.2.63/ecommerce/administrator/"): Navigate to 'https://10.9.2.63/ecommerce/administrator/' successfully

2023-10-04 20:41:33 - [MESSAGE][PASSED] - Navigate to 'https://10.9.2.63/ecommerce/administrator/' successfully

2023-10-04 20:41:33 - [TEST_STEP][PASSED] - verifyElementPresent(findTestObject("admin/Tittle ADMIN Login"), 0): Object 'Object Repository/admin/Tittle ADMIN Login' is present

2023-10-04 20:41:33 - [MESSAGE][WARNING] - Timeout '0' is invalid. Using default page load timeout: '30'

2023-10-04 20:41:34 - [MESSAGE][PASSED] - Object 'Object Repository/admin/Tittle ADMIN Login' is present

2023-10-04 20:41:34 - [TEST_STEP][PASSED] - setText(findTestObject("admin/Username"), "admin"): Text 'admin' is set on object 'Object Repository/admin/Username'

2023-10-04 20:41:34 - [MESSAGE][PASSED] - Text 'admin' is set on object 'Object Repository/admin/Username'

2023-10-04 20:41:34 - [TEST_STEP][PASSED] - setText(findTestObject("admin/Password"), "123admin123"): Text '123admin123' is set on object 'Object Repository/admin/Password'

2023-10-04 20:41:35 - [MESSAGE][PASSED] - Text '123admin123' is set on object 'Object Repository/admin/Password'

2023-10-04 20:41:35 - [TEST_STEP][PASSED] - click(findTestObject("admin/Remember Me")): Object: 'Object Repository/admin/Remember Me' is clicked on

2023-10-04 20:41:35 - [MESSAGE][PASSED] - Object: 'Object Repository/admin/Remember Me' is clicked on

2023-10-04 20:41:35 - [TEST_STEP][PASSED] - delay(10): Delayed 10 second(s)

2023-10-04 20:41:45 - [MESSAGE][PASSED] - Delayed 10 second(s)

2023-10-04 20:41:45 - [TEST_STEP][PASSED] - click(findTestObject("admin/buttom submit")): Object: 'Object Repository/admin/buttom submit' is clicked on

2023-10-04 20:41:48 - [MESSAGE][PASSED] - Object: 'Object Repository/admin/buttom submit' is clicked on

2023-10-04 20:41:48 - [TEST_STEP][PASSED] - verifyElementPresent(findTestObject("admin/Konf order konsumen/Tittle Dashboard"), 0): Object 'Object Repository/admin/Konf order konsumen/Tittle Dashboard' is present

2023-10-04 20:41:48 - [MESSAGE][WARNING] - Timeout '0' is invalid. Using default page load timeout: '30'

2023-10-04 20:41:53 - [MESSAGE][PASSED] - Object 'Object Repository/admin/Konf order konsumen/Tittle Dashboard' is present

2023-10-04 20:41:53 - [TEST_STEP][PASSED] - click(findTestObject("admin/Konf order konsumen/Menu Transaksi Market")): Object: 'Object Repository/admin/Konf order konsumen/Menu Transaksi Market' is clicked on

2023-10-04 20:41:53 - [MESSAGE][PASSED] - Object: 'Object Repository/admin/Konf order konsumen/Menu Transaksi Market' is clicked on

2023-10-04 20:41:53 - [TEST_STEP][PASSED] - click(findTestObject("admin/Konf order konsumen/Menu Konf. Order Konsumen")): Object: 'Object Repository/admin/Konf order konsumen/Menu Konf. Order Konsumen' is clicked on

2023-10-04 20:41:55 - [MESSAGE][PASSED] - Object: 'Object Repository/admin/Konf order konsumen/Menu Konf. Order Konsumen' is clicked on

2023-10-04 20:41:55 - [TEST_STEP][PASSED] - verifyElementPresent(findTestObject("admin/Konf order konsumen/Tittle Data Konfirmasi Pembayaran Konsumen"), 0): Object 'Object Repository/admin/Konf order konsumen/Tittle Data Konfirmasi Pembayaran Konsumen' is present

2023-10-04 20:41:55 - [MESSAGE][WARNING] - Timeout '0' is invalid. Using default page load timeout: '30'

2023-10-04 20:42:02 - [MESSAGE][PASSED] - Object 'Object Repository/admin/Konf order konsumen/Tittle Data Konfirmasi Pembayaran Konsumen' is present

2023-10-04 20:42:02 - [TEST_STEP][PASSED] - inv = data.get("invoice"): null

2023-10-04 20:42:02 - [TEST_STEP][PASSED] - setText(findTestObject("admin/Konf order konsumen/Search"), inv): Text 'TRX60.20231004204110' is set on object 'Object Repository/admin/Konf order konsumen/Search'

2023-10-04 20:42:03 - [MESSAGE][PASSED] - Text 'TRX60.20231004204110' is set on object 'Object Repository/admin/Konf order konsumen/Search'

2023-10-04 20:42:03 - [TEST_STEP][PASSED] - verifyElementText(findTestObject("admin/Konf order konsumen/Keterangan Lunas"), "Lunas"): Actual text and expected text of test object 'Object Repository/admin/Konf order konsumen/Keterangan Lunas' are matched.

2023-10-04 20:42:03 - [MESSAGE][PASSED] - Actual text and expected text of test object 'Object Repository/admin/Konf order konsumen/Keterangan Lunas' are matched.

2023-10-04 20:42:03 - [TEST_STEP][PASSED] - return data: null

2023-10-04 20:42:03 - [MESSAGE][PASSED] - Call Test Case 'Test Cases/T13 Pembelian, Shipment dan Pembayaran/PBYA-001' successfully

2023-10-04 20:42:03 - [TEST_STEP][PASSED] - click(findTestObject("admin/Penjualan ke konsumen/buttom Dashboard")): Object: 'Object Repository/admin/Penjualan ke konsumen/buttom Dashboard' is clicked on

2023-10-04 20:42:04 - [MESSAGE][PASSED] - Object: 'Object Repository/admin/Penjualan ke konsumen/buttom Dashboard' is clicked on

2023-10-04 20:42:04 - [TEST_STEP][PASSED] - click(findTestObject("admin/Konf order konsumen/Menu Transaksi Market")): Object: 'Object Repository/admin/Konf order konsumen/Menu Transaksi Market' is clicked on

2023-10-04 20:42:12 - [MESSAGE][PASSED] - Object: 'Object Repository/admin/Konf order konsumen/Menu Transaksi Market' is clicked on

2023-10-04 20:42:12 - [TEST_STEP][PASSED] - click(findTestObject("admin/Penjualan ke konsumen/a_Penjualan ke Konsumen")): Object: 'Object Repository/admin/Penjualan ke konsumen/a_Penjualan ke Konsumen' is clicked on

2023-10-04 20:42:15 - [MESSAGE][PASSED] - Object: 'Object Repository/admin/Penjualan ke konsumen/a_Penjualan ke Konsumen' is clicked on

2023-10-04 20:42:15 - [TEST_STEP][PASSED] - verifyElementPresent(findTestObject("admin/Tittle Data Transaksi Penjualan  Orderan Konsumen"), 0): Object 'Object Repository/admin/Tittle Data Transaksi Penjualan  Orderan Konsumen' is present

2023-10-04 20:42:15 - [MESSAGE][WARNING] - Timeout '0' is invalid. Using default page load timeout: '30'

2023-10-04 20:42:20 - [MESSAGE][PASSED] - Object 'Object Repository/admin/Tittle Data Transaksi Penjualan  Orderan Konsumen' is present

2023-10-04 20:42:20 - [TEST_STEP][PASSED] - return data: null

2023-10-04 20:42:20 - [MESSAGE][PASSED] - Call Test Case 'Test Cases/T13 Pembelian, Shipment dan Pembayaran/SA-001' successfully

2023-10-04 20:42:20 - [TEST_STEP][PASSED] - inv = data.get("invoice"): null

2023-10-04 20:42:20 - [TEST_STEP][PASSED] - setText(findTestObject("admin/Penjualan ke konsumen/Search"), inv): Text 'TRX60.20231004204110' is set on object 'Object Repository/admin/Penjualan ke konsumen/Search'

2023-10-04 20:42:22 - [MESSAGE][PASSED] - Text 'TRX60.20231004204110' is set on object 'Object Repository/admin/Penjualan ke konsumen/Search'

2023-10-04 20:42:22 - [TEST_STEP][PASSED] - click(findTestObject("admin/Penjualan ke konsumen/buttom konfirmasi pending payment")): Object: 'Object Repository/admin/Penjualan ke konsumen/buttom konfirmasi pending payment' is clicked on

2023-10-04 20:42:23 - [MESSAGE][PASSED] - Object: 'Object Repository/admin/Penjualan ke konsumen/buttom konfirmasi pending payment' is clicked on

2023-10-04 20:42:23 - [TEST_STEP][PASSED] - acceptAlert(STOP_ON_FAILURE): Alert accepted

2023-10-04 20:42:23 - [MESSAGE][PASSED] - Alert accepted

2023-10-04 20:42:23 - [TEST_STEP][PASSED] - setText(findTestObject("admin/Penjualan ke konsumen/Search"), inv): Text 'TRX60.20231004204110' is set on object 'Object Repository/admin/Penjualan ke konsumen/Search'

2023-10-04 20:42:24 - [MESSAGE][PASSED] - Text 'TRX60.20231004204110' is set on object 'Object Repository/admin/Penjualan ke konsumen/Search'

2023-10-04 20:42:24 - [TEST_STEP][PASSED] - verifyTextNotPresent("pending payment", false): Text 'pending payment' is not present on page

2023-10-04 20:42:24 - [MESSAGE][PASSED] - Text 'pending payment' is not present on page

2023-10-04 20:42:24 - [TEST_STEP][PASSED] - return data: null

2023-10-04 20:42:24 - [MESSAGE][PASSED] - Call Test Case 'Test Cases/T13 Pembelian, Shipment dan Pembayaran/SA-002' successfully

2023-10-04 20:42:24 - [TEST_STEP][PASSED] - click(findTestObject("admin/Penjualan ke konsumen/buttom scroldown")): Object: 'Object Repository/admin/Penjualan ke konsumen/buttom scroldown' is clicked on

2023-10-04 20:42:25 - [MESSAGE][PASSED] - Object: 'Object Repository/admin/Penjualan ke konsumen/buttom scroldown' is clicked on

2023-10-04 20:42:25 - [TEST_STEP][PASSED] - click(findTestObject("admin/Penjualan ke konsumen/Dikirim")): Object: 'Object Repository/admin/Penjualan ke konsumen/Dikirim' is clicked on

2023-10-04 20:42:25 - [MESSAGE][PASSED] - Object: 'Object Repository/admin/Penjualan ke konsumen/Dikirim' is clicked on

2023-10-04 20:42:25 - [TEST_STEP][PASSED] - acceptAlert(): Alert accepted

2023-10-04 20:42:25 - [MESSAGE][PASSED] - Alert accepted

2023-10-04 20:42:25 - [TEST_STEP][PASSED] - inv = data.get("invoice"): null

2023-10-04 20:42:25 - [TEST_STEP][PASSED] - setText(findTestObject("admin/Penjualan ke konsumen/Search"), inv): Text 'TRX60.20231004204110' is set on object 'Object Repository/admin/Penjualan ke konsumen/Search'

2023-10-04 20:42:26 - [MESSAGE][PASSED] - Text 'TRX60.20231004204110' is set on object 'Object Repository/admin/Penjualan ke konsumen/Search'

2023-10-04 20:42:26 - [TEST_STEP][PASSED] - delay(10): Delayed 10 second(s)

2023-10-04 20:42:36 - [MESSAGE][PASSED] - Delayed 10 second(s)

2023-10-04 20:42:36 - [TEST_STEP][PASSED] - verifyTextPresent("Dikirim", false): Text 'Dikirim' is present on page 

2023-10-04 20:42:40 - [MESSAGE][PASSED] - Text 'Dikirim' is present on page 

2023-10-04 20:42:40 - [TEST_STEP][PASSED] - dikirim = getText(findTestObject("admin/Dikirim")): Text of object 'Object Repository/admin/Dikirim' is: 'Proses'

2023-10-04 20:42:41 - [MESSAGE][PASSED] - Text of object 'Object Repository/admin/Dikirim' is: 'Proses'

2023-10-04 20:42:41 - [TEST_STEP][PASSED] - data.put("statuskirim", dikirim): null

2023-10-04 20:42:41 - [TEST_STEP][PASSED] - return data: null

2023-10-04 20:42:41 - [MESSAGE][PASSED] - Call Test Case 'Test Cases/T13 Pembelian, Shipment dan Pembayaran/SA-004' successfully

2023-10-04 20:42:41 - [TEST_STEP][PASSED] - openBrowser("https://10.9.2.63/ecommerce/"): Browser is opened with url: 'https://10.9.2.63/ecommerce/'

2023-10-04 20:42:41 - [MESSAGE][WARNING] - A browser is already opened. Closing browser and opening a new one

2023-10-04 20:42:42 - [MESSAGE][INFO] - Starting 'Firefox' driver

2023-10-04 20:42:42 - [MESSAGE][INFO] - User set preference: ['args', '[--disable-notifications]']

2023-10-04 20:42:42 - [MESSAGE][INFO] - Action delay is set to 0 milliseconds

2023-10-04 20:42:48 - [MESSAGE][PASSED] - Browser is opened with url: 'https://10.9.2.63/ecommerce/'

2023-10-04 20:42:48 - [TEST_STEP][PASSED] - maximizeWindow(): Current window maximized

2023-10-04 20:42:48 - [MESSAGE][PASSED] - Current window maximized

2023-10-04 20:42:48 - [TEST_STEP][PASSED] - verifyElementPresent(findTestObject("Login/Home"), 0): Object 'Object Repository/Login/Home' is present

2023-10-04 20:42:48 - [MESSAGE][WARNING] - Timeout '0' is invalid. Using default page load timeout: '30'

2023-10-04 20:42:49 - [MESSAGE][PASSED] - Object 'Object Repository/Login/Home' is present

2023-10-04 20:42:49 - [TEST_STEP][PASSED] - click(findTestObject("Login/a_Login")): Object: 'Object Repository/Login/a_Login' is clicked on

2023-10-04 20:42:49 - [MESSAGE][PASSED] - Object: 'Object Repository/Login/a_Login' is clicked on

2023-10-04 20:42:49 - [TEST_STEP][PASSED] - verifyElementPresent(findTestObject("Login/Tittle Login"), 0): Object 'Object Repository/Login/Tittle Login' is present

2023-10-04 20:42:49 - [MESSAGE][WARNING] - Timeout '0' is invalid. Using default page load timeout: '30'

2023-10-04 20:42:50 - [MESSAGE][PASSED] - Object 'Object Repository/Login/Tittle Login' is present

2023-10-04 20:42:50 - [TEST_STEP][PASSED] - setText(findTestObject("Login/input_Username, Email atau No. Handphone_a"), "irfanafandi"): Text 'irfanafandi' is set on object 'Object Repository/Login/input_Username, Email atau No. Handphone_a'

2023-10-04 20:42:50 - [MESSAGE][PASSED] - Text 'irfanafandi' is set on object 'Object Repository/Login/input_Username, Email atau No. Handphone_a'

2023-10-04 20:42:50 - [TEST_STEP][PASSED] - setText(findTestObject("Login/input_Password_b"), "12345irfan"): Text '12345irfan' is set on object 'Object Repository/Login/input_Password_b'

2023-10-04 20:42:51 - [MESSAGE][PASSED] - Text '12345irfan' is set on object 'Object Repository/Login/input_Password_b'

2023-10-04 20:42:51 - [TEST_STEP][PASSED] - click(findTestObject("Login/button_Masuk")): Object: 'Object Repository/Login/button_Masuk' is clicked on

2023-10-04 20:42:52 - [MESSAGE][PASSED] - Object: 'Object Repository/Login/button_Masuk' is clicked on

2023-10-04 20:42:52 - [TEST_STEP][PASSED] - verifyElementPresent(findTestObject("Login/li_Profile"), 0): Object 'Object Repository/Login/li_Profile' is present

2023-10-04 20:42:52 - [MESSAGE][WARNING] - Timeout '0' is invalid. Using default page load timeout: '30'

2023-10-04 20:42:52 - [MESSAGE][PASSED] - Object 'Object Repository/Login/li_Profile' is present

2023-10-04 20:42:52 - [TEST_STEP][PASSED] - click(findTestObject("Konfirmasi pesanan shop/Menu Shop")): Object: 'Object Repository/Konfirmasi pesanan shop/Menu Shop' is clicked on

2023-10-04 20:42:54 - [MESSAGE][PASSED] - Object: 'Object Repository/Konfirmasi pesanan shop/Menu Shop' is clicked on

2023-10-04 20:42:54 - [TEST_STEP][PASSED] - click(findTestObject("Konfirmasi pesanan shop/Menu Shop")): Object: 'Object Repository/Konfirmasi pesanan shop/Menu Shop' is clicked on

2023-10-04 20:42:54 - [MESSAGE][PASSED] - Object: 'Object Repository/Konfirmasi pesanan shop/Menu Shop' is clicked on

2023-10-04 20:42:54 - [TEST_STEP][PASSED] - click(findTestObject("Traking Order/a_Tracking Orders")): Object: 'Object Repository/Traking Order/a_Tracking Orders' is clicked on

2023-10-04 20:42:55 - [MESSAGE][PASSED] - Object: 'Object Repository/Traking Order/a_Tracking Orders' is clicked on

2023-10-04 20:42:55 - [TEST_STEP][PASSED] - verifyElementPresent(findTestObject("Traking Order/Tittle Tracking Order"), 0): Object 'Object Repository/Traking Order/Tittle Tracking Order' is present

2023-10-04 20:42:55 - [MESSAGE][WARNING] - Timeout '0' is invalid. Using default page load timeout: '30'

2023-10-04 20:42:56 - [MESSAGE][PASSED] - Object 'Object Repository/Traking Order/Tittle Tracking Order' is present

2023-10-04 20:42:56 - [TEST_STEP][PASSED] - inv = data.get("invoice"): null

2023-10-04 20:42:56 - [TEST_STEP][PASSED] - setText(findTestObject("Traking Order/input_No Pesanan_a"), inv): Text 'TRX60.20231004204110' is set on object 'Object Repository/Traking Order/input_No Pesanan_a'

2023-10-04 20:42:57 - [MESSAGE][PASSED] - Text 'TRX60.20231004204110' is set on object 'Object Repository/Traking Order/input_No Pesanan_a'

2023-10-04 20:42:57 - [TEST_STEP][PASSED] - setText(findTestObject("Traking Order/input_Alamat E-mail_form-control"), "irfan@gmail.com"): Text 'irfan@gmail.com' is set on object 'Object Repository/Traking Order/input_Alamat E-mail_form-control'

2023-10-04 20:42:57 - [MESSAGE][PASSED] - Text 'irfan@gmail.com' is set on object 'Object Repository/Traking Order/input_Alamat E-mail_form-control'

2023-10-04 20:42:57 - [TEST_STEP][PASSED] - click(findTestObject("Traking Order/button_Lacak Pesanan")): Object: 'Object Repository/Traking Order/button_Lacak Pesanan' is clicked on

2023-10-04 20:43:00 - [MESSAGE][PASSED] - Object: 'Object Repository/Traking Order/button_Lacak Pesanan' is clicked on

2023-10-04 20:43:00 - [TEST_STEP][PASSED] - verifyElementPresent(findTestObject("Traking Order/Tittle nomor transaksi"), 0): Object 'Object Repository/Traking Order/Tittle nomor transaksi' is present

2023-10-04 20:43:00 - [MESSAGE][WARNING] - Timeout '0' is invalid. Using default page load timeout: '30'

2023-10-04 20:43:00 - [MESSAGE][PASSED] - Object 'Object Repository/Traking Order/Tittle nomor transaksi' is present

2023-10-04 20:43:00 - [TEST_STEP][PASSED] - Nama = getText(findTestObject("Object Repository/Traking Order/status traking/Nama Barang tracking order")): Text of object 'Object Repository/Traking Order/status traking/Nama Barang tracking order' is: 'Segitiga Instan Madeira - MDB5.3 Sunset'

2023-10-04 20:43:01 - [MESSAGE][PASSED] - Text of object 'Object Repository/Traking Order/status traking/Nama Barang tracking order' is: 'Segitiga Instan Madeira - MDB5.3 Sunset'

2023-10-04 20:43:01 - [TEST_STEP][PASSED] - Harga = getText(findTestObject("Object Repository/Traking Order/status traking/Harga Barang")): Text of object 'Object Repository/Traking Order/status traking/Harga Barang' is: '1,299'

2023-10-04 20:43:01 - [MESSAGE][PASSED] - Text of object 'Object Repository/Traking Order/status traking/Harga Barang' is: '1,299'

2023-10-04 20:43:01 - [TEST_STEP][PASSED] - name_product = data.get("nama_barang"): null

2023-10-04 20:43:01 - [TEST_STEP][PASSED] - price_product = data.get("price_barang"): null

2023-10-04 20:43:01 - [TEST_STEP][PASSED] - assert name_product.contains(Nama): null

2023-10-04 20:43:01 - [TEST_STEP][PASSED] - assert price_product.contains(Harga): null

2023-10-04 20:43:01 - [TEST_STEP][PASSED] - warnaa = getText(findTestObject("Object Repository/Traking Order/status traking/warna")): Text of object 'Object Repository/Traking Order/status traking/warna' is: 'Merah'

2023-10-04 20:43:02 - [MESSAGE][PASSED] - Text of object 'Object Repository/Traking Order/status traking/warna' is: 'Merah'

2023-10-04 20:43:02 - [TEST_STEP][PASSED] - ukurann = getText(findTestObject("Object Repository/Traking Order/status traking/Ukuruan")): Text of object 'Object Repository/Traking Order/status traking/Ukuruan' is: 'Menengah'

2023-10-04 20:43:02 - [MESSAGE][PASSED] - Text of object 'Object Repository/Traking Order/status traking/Ukuruan' is: 'Menengah'

2023-10-04 20:43:02 - [TEST_STEP][PASSED] - warna1 = data.get("Warna"): null

2023-10-04 20:43:02 - [TEST_STEP][PASSED] - ukuran1 = data.get("Ukuran"): null

2023-10-04 20:43:02 - [TEST_STEP][PASSED] - assert warnaa == warna1: null

2023-10-04 20:43:02 - [TEST_STEP][PASSED] - assert ukurann == ukuran1: null

2023-10-04 20:43:02 - [TEST_STEP][PASSED] - dikirim = getText(findTestObject("Object Repository/Traking Order/status traking/Status traking Dikirim")): Text of object 'Object Repository/Traking Order/status traking/Status traking Dikirim' is: 'Dikirim'

2023-10-04 20:43:02 - [MESSAGE][PASSED] - Text of object 'Object Repository/Traking Order/status traking/Status traking Dikirim' is: 'Dikirim'

2023-10-04 20:43:02 - [TEST_STEP][PASSED] - statusDikirim = data.get("statuskirim"): null

2023-10-04 20:43:02 - [TEST_STEP][FAILED] - assert dikirim == statusDikirim: Test Cases/T13 Pembelian, Shipment dan Pembayaran/SU-003 FAILED.
Reason:
Assertion failed: 

assert dikirim == statusDikirim
       |       |  |
       Dikirim |  Proses
               false

	at SU-003.run(SU-003:89)
	at com.kms.katalon.core.main.ScriptEngine.run(ScriptEngine.java:194)
	at com.kms.katalon.core.main.ScriptEngine.runScriptAsRawText(ScriptEngine.java:119)
	at com.kms.katalon.core.main.TestCaseExecutor.runScript(TestCaseExecutor.java:448)
	at com.kms.katalon.core.main.TestCaseExecutor.doExecute(TestCaseExecutor.java:439)
	at com.kms.katalon.core.main.TestCaseExecutor.processExecutionPhase(TestCaseExecutor.java:418)
	at com.kms.katalon.core.main.TestCaseExecutor.accessMainPhase(TestCaseExecutor.java:410)
	at com.kms.katalon.core.main.TestCaseExecutor.execute(TestCaseExecutor.java:285)
	at com.kms.katalon.core.common.CommonExecutor.accessTestCaseMainPhase(CommonExecutor.java:65)
	at com.kms.katalon.core.main.TestSuiteExecutor.accessTestSuiteMainPhase(TestSuiteExecutor.java:148)
	at com.kms.katalon.core.main.TestSuiteExecutor.execute(TestSuiteExecutor.java:106)
	at com.kms.katalon.core.main.TestCaseMain.startTestSuite(TestCaseMain.java:187)
	at com.kms.katalon.core.main.TestCaseMain$startTestSuite$0.call(Unknown Source)
	at TempTestSuite1696424348948.run(TempTestSuite1696424348948.groovy:36)


2023-10-04 20:43:02 - [MESSAGE][FAILED] - Test Cases/T13 Pembelian, Shipment dan Pembayaran/SU-003 FAILED.
Reason:
Assertion failed: 

assert dikirim == statusDikirim
       |       |  |
       Dikirim |  Proses
               false

	at SU-003.run(SU-003:89)
	at com.kms.katalon.core.main.ScriptEngine.run(ScriptEngine.java:194)
	at com.kms.katalon.core.main.ScriptEngine.runScriptAsRawText(ScriptEngine.java:119)
	at com.kms.katalon.core.main.TestCaseExecutor.runScript(TestCaseExecutor.java:448)
	at com.kms.katalon.core.main.TestCaseExecutor.doExecute(TestCaseExecutor.java:439)
	at com.kms.katalon.core.main.TestCaseExecutor.processExecutionPhase(TestCaseExecutor.java:418)
	at com.kms.katalon.core.main.TestCaseExecutor.accessMainPhase(TestCaseExecutor.java:410)
	at com.kms.katalon.core.main.TestCaseExecutor.execute(TestCaseExecutor.java:285)
	at com.kms.katalon.core.common.CommonExecutor.accessTestCaseMainPhase(CommonExecutor.java:65)
	at com.kms.katalon.core.main.TestSuiteExecutor.accessTestSuiteMainPhase(TestSuiteExecutor.java:148)
	at com.kms.katalon.core.main.TestSuiteExecutor.execute(TestSuiteExecutor.java:106)
	at com.kms.katalon.core.main.TestCaseMain.startTestSuite(TestCaseMain.java:187)
	at com.kms.katalon.core.main.TestCaseMain$startTestSuite$0.call(Unknown Source)
	at TempTestSuite1696424348948.run(TempTestSuite1696424348948.groovy:36)]]></system-out>
         <system-err><![CDATA[2023-10-04 20:40:35 - [TEST_CASE][FAILED] - Test Cases/T13 Pembelian, Shipment dan Pembayaran/SU-003: Test Cases/T13 Pembelian, Shipment dan Pembayaran/SU-003 FAILED.
Reason:
Assertion failed: 

assert dikirim == statusDikirim
       |       |  |
       Dikirim |  Proses
               false

	at SU-003.run(SU-003:89)
	at com.kms.katalon.core.main.ScriptEngine.run(ScriptEngine.java:194)
	at com.kms.katalon.core.main.ScriptEngine.runScriptAsRawText(ScriptEngine.java:119)
	at com.kms.katalon.core.main.TestCaseExecutor.runScript(TestCaseExecutor.java:448)
	at com.kms.katalon.core.main.TestCaseExecutor.doExecute(TestCaseExecutor.java:439)
	at com.kms.katalon.core.main.TestCaseExecutor.processExecutionPhase(TestCaseExecutor.java:418)
	at com.kms.katalon.core.main.TestCaseExecutor.accessMainPhase(TestCaseExecutor.java:410)
	at com.kms.katalon.core.main.TestCaseExecutor.execute(TestCaseExecutor.java:285)
	at com.kms.katalon.core.common.CommonExecutor.accessTestCaseMainPhase(CommonExecutor.java:65)
	at com.kms.katalon.core.main.TestSuiteExecutor.accessTestSuiteMainPhase(TestSuiteExecutor.java:148)
	at com.kms.katalon.core.main.TestSuiteExecutor.execute(TestSuiteExecutor.java:106)
	at com.kms.katalon.core.main.TestCaseMain.startTestSuite(TestCaseMain.java:187)
	at com.kms.katalon.core.main.TestCaseMain$startTestSuite$0.call(Unknown Source)
	at TempTestSuite1696424348948.run(TempTestSuite1696424348948.groovy:36)]]></system-err>
      </testcase>
      <testcase name="Test Cases/T13 Pembelian, Shipment dan Pembayaran/SU-004" time="201.117" classname="Test Cases/T13 Pembelian, Shipment dan Pembayaran/SU-004" status="PASSED">
         <system-out><![CDATA[2023-10-04 20:43:02 - [TEST_CASE][PASSED] - Test Cases/T13 Pembelian, Shipment dan Pembayaran/SU-004: Test Cases/T13 Pembelian, Shipment dan Pembayaran/SU-004

2023-10-04 20:43:03 - [TEST_STEP][PASSED] - data = callTestCase(findTestCase("T13 Pembelian, Shipment dan Pembayaran/SA-005"), [:], STOP_ON_FAILURE): Call Test Case 'Test Cases/T13 Pembelian, Shipment dan Pembayaran/SA-005' successfully

2023-10-04 20:43:03 - [TEST_CASE][PASSED] - Test Cases/T13 Pembelian, Shipment dan Pembayaran/SA-005: Test Cases/T13 Pembelian, Shipment dan Pembayaran/SA-005

2023-10-04 20:43:03 - [TEST_STEP][PASSED] - data = callTestCase(findTestCase("T13 Pembelian, Shipment dan Pembayaran/SA-002"), [:], STOP_ON_FAILURE): Call Test Case 'Test Cases/T13 Pembelian, Shipment dan Pembayaran/SA-002' successfully

2023-10-04 20:43:03 - [TEST_CASE][PASSED] - Test Cases/T13 Pembelian, Shipment dan Pembayaran/SA-002: Test Cases/T13 Pembelian, Shipment dan Pembayaran/SA-002

2023-10-04 20:43:03 - [TEST_STEP][PASSED] - data = callTestCase(findTestCase("T13 Pembelian, Shipment dan Pembayaran/SA-001"), [:], STOP_ON_FAILURE): Call Test Case 'Test Cases/T13 Pembelian, Shipment dan Pembayaran/SA-001' successfully

2023-10-04 20:43:03 - [TEST_CASE][PASSED] - Test Cases/T13 Pembelian, Shipment dan Pembayaran/SA-001: Test Cases/T13 Pembelian, Shipment dan Pembayaran/SA-001

2023-10-04 20:43:03 - [TEST_STEP][PASSED] - data = callTestCase(findTestCase("T13 Pembelian, Shipment dan Pembayaran/PBYA-001"), [:], STOP_ON_FAILURE): Call Test Case 'Test Cases/T13 Pembelian, Shipment dan Pembayaran/PBYA-001' successfully

2023-10-04 20:43:03 - [TEST_CASE][PASSED] - Test Cases/T13 Pembelian, Shipment dan Pembayaran/PBYA-001: Test Cases/T13 Pembelian, Shipment dan Pembayaran/PBYA-001

2023-10-04 20:43:03 - [TEST_STEP][PASSED] - data = callTestCase(findTestCase("T13 Pembelian, Shipment dan Pembayaran/PBY-004"), [:], STOP_ON_FAILURE): Call Test Case 'Test Cases/T13 Pembelian, Shipment dan Pembayaran/PBY-004' successfully

2023-10-04 20:43:03 - [TEST_CASE][PASSED] - Test Cases/T13 Pembelian, Shipment dan Pembayaran/PBY-004: Test Cases/T13 Pembelian, Shipment dan Pembayaran/PBY-004

2023-10-04 20:43:03 - [TEST_STEP][PASSED] - data = callTestCase(findTestCase("T13 Pembelian, Shipment dan Pembayaran/PBY-001"), [:], STOP_ON_FAILURE): Call Test Case 'Test Cases/T13 Pembelian, Shipment dan Pembayaran/PBY-001' successfully

2023-10-04 20:43:03 - [TEST_CASE][PASSED] - Test Cases/T13 Pembelian, Shipment dan Pembayaran/PBY-001: Test Cases/T13 Pembelian, Shipment dan Pembayaran/PBY-001

2023-10-04 20:43:03 - [TEST_STEP][PASSED] - data = callTestCase(findTestCase("T13 Pembelian, Shipment dan Pembayaran/PBL-004"), ["Kurir":"Roda 2"], STOP_ON_FAILURE): Call Test Case 'Test Cases/T13 Pembelian, Shipment dan Pembayaran/PBL-004' successfully

2023-10-04 20:43:03 - [TEST_CASE][PASSED] - Test Cases/T13 Pembelian, Shipment dan Pembayaran/PBL-004: Test Cases/T13 Pembelian, Shipment dan Pembayaran/PBL-004

2023-10-04 20:43:03 - [TEST_STEP][PASSED] - data = callTestCase(findTestCase("T13 Pembelian, Shipment dan Pembayaran/PBL-002"), [:], STOP_ON_FAILURE): Call Test Case 'Test Cases/T13 Pembelian, Shipment dan Pembayaran/PBL-002' successfully

2023-10-04 20:43:03 - [TEST_CASE][PASSED] - Test Cases/T13 Pembelian, Shipment dan Pembayaran/PBL-002: Test Cases/T13 Pembelian, Shipment dan Pembayaran/PBL-002

2023-10-04 20:43:03 - [TEST_STEP][PASSED] - data = callTestCase(findTestCase("T13 Pembelian, Shipment dan Pembayaran/PBL-001"), [:], STOP_ON_FAILURE): Call Test Case 'Test Cases/T13 Pembelian, Shipment dan Pembayaran/PBL-001' successfully

2023-10-04 20:43:03 - [TEST_CASE][PASSED] - Test Cases/T13 Pembelian, Shipment dan Pembayaran/PBL-001: Test Cases/T13 Pembelian, Shipment dan Pembayaran/PBL-001

2023-10-04 20:43:03 - [TEST_STEP][PASSED] - callTestCase(findTestCase("T13 Pembelian, Shipment dan Pembayaran/LU-001"), ["username":"irfanafandi", "password":"12345irfan"], STOP_ON_FAILURE): Call Test Case 'Test Cases/T13 Pembelian, Shipment dan Pembayaran/LU-001' successfully

2023-10-04 20:43:03 - [TEST_CASE][PASSED] - Test Cases/T13 Pembelian, Shipment dan Pembayaran/LU-001: Test Cases/T13 Pembelian, Shipment dan Pembayaran/LU-001

2023-10-04 20:43:03 - [TEST_STEP][PASSED] - openBrowser("https://10.9.2.63/ecommerce/"): Browser is opened with url: 'https://10.9.2.63/ecommerce/'

2023-10-04 20:43:03 - [MESSAGE][WARNING] - A browser is already opened. Closing browser and opening a new one

2023-10-04 20:43:05 - [MESSAGE][INFO] - Starting 'Firefox' driver

2023-10-04 20:43:05 - [MESSAGE][INFO] - User set preference: ['args', '[--disable-notifications]']

2023-10-04 20:43:05 - [MESSAGE][INFO] - Action delay is set to 0 milliseconds

2023-10-04 20:43:12 - [MESSAGE][PASSED] - Browser is opened with url: 'https://10.9.2.63/ecommerce/'

2023-10-04 20:43:12 - [TEST_STEP][PASSED] - maximizeWindow(): Current window maximized

2023-10-04 20:43:13 - [MESSAGE][PASSED] - Current window maximized

2023-10-04 20:43:13 - [TEST_STEP][PASSED] - verifyElementPresent(findTestObject("Login/Home"), 0): Object 'Object Repository/Login/Home' is present

2023-10-04 20:43:13 - [MESSAGE][WARNING] - Timeout '0' is invalid. Using default page load timeout: '30'

2023-10-04 20:43:13 - [MESSAGE][PASSED] - Object 'Object Repository/Login/Home' is present

2023-10-04 20:43:13 - [TEST_STEP][PASSED] - click(findTestObject("Login/a_Login")): Object: 'Object Repository/Login/a_Login' is clicked on

2023-10-04 20:43:14 - [MESSAGE][PASSED] - Object: 'Object Repository/Login/a_Login' is clicked on

2023-10-04 20:43:14 - [TEST_STEP][PASSED] - verifyElementPresent(findTestObject("Login/Tittle Login"), 0): Object 'Object Repository/Login/Tittle Login' is present

2023-10-04 20:43:14 - [MESSAGE][WARNING] - Timeout '0' is invalid. Using default page load timeout: '30'

2023-10-04 20:43:14 - [MESSAGE][PASSED] - Object 'Object Repository/Login/Tittle Login' is present

2023-10-04 20:43:14 - [TEST_STEP][PASSED] - setText(findTestObject("Login/input_Username, Email atau No. Handphone_a"), username): Text 'irfanafandi' is set on object 'Object Repository/Login/input_Username, Email atau No. Handphone_a'

2023-10-04 20:43:15 - [MESSAGE][PASSED] - Text 'irfanafandi' is set on object 'Object Repository/Login/input_Username, Email atau No. Handphone_a'

2023-10-04 20:43:15 - [TEST_STEP][PASSED] - setText(findTestObject("Login/input_Password_b"), password): Text '12345irfan' is set on object 'Object Repository/Login/input_Password_b'

2023-10-04 20:43:15 - [MESSAGE][PASSED] - Text '12345irfan' is set on object 'Object Repository/Login/input_Password_b'

2023-10-04 20:43:15 - [TEST_STEP][PASSED] - click(findTestObject("Login/label_Ingat saya")): Object: 'Object Repository/Login/label_Ingat saya' is clicked on

2023-10-04 20:43:17 - [MESSAGE][PASSED] - Object: 'Object Repository/Login/label_Ingat saya' is clicked on

2023-10-04 20:43:17 - [TEST_STEP][PASSED] - click(findTestObject("Login/button_Masuk")): Object: 'Object Repository/Login/button_Masuk' is clicked on

2023-10-04 20:43:17 - [MESSAGE][PASSED] - Object: 'Object Repository/Login/button_Masuk' is clicked on

2023-10-04 20:43:17 - [TEST_STEP][PASSED] - verifyElementPresent(findTestObject("Login/li_Profile"), 0): Object 'Object Repository/Login/li_Profile' is present

2023-10-04 20:43:17 - [MESSAGE][WARNING] - Timeout '0' is invalid. Using default page load timeout: '30'

2023-10-04 20:43:18 - [MESSAGE][PASSED] - Object 'Object Repository/Login/li_Profile' is present

2023-10-04 20:43:18 - [MESSAGE][PASSED] - Call Test Case 'Test Cases/T13 Pembelian, Shipment dan Pembayaran/LU-001' successfully

2023-10-04 20:43:18 - [TEST_STEP][PASSED] - mouseOver(findTestObject("beli barang/i_Mulai Belanja_icon-menu")): Object: 'Object Repository/beli barang/i_Mulai Belanja_icon-menu' is hovered

2023-10-04 20:43:18 - [MESSAGE][PASSED] - Object: 'Object Repository/beli barang/i_Mulai Belanja_icon-menu' is hovered

2023-10-04 20:43:18 - [TEST_STEP][PASSED] - click(findTestObject("beli barang/a_Fashion  Busana Wanita")): Object: 'Object Repository/beli barang/a_Fashion  Busana Wanita' is clicked on

2023-10-04 20:43:19 - [MESSAGE][PASSED] - Object: 'Object Repository/beli barang/a_Fashion  Busana Wanita' is clicked on

2023-10-04 20:43:19 - [TEST_STEP][PASSED] - NamaSebelum = getText(findTestObject("verifikasi/Nama sebelum")): Text of object 'Object Repository/verifikasi/Nama sebelum' is: ''

2023-10-04 20:43:20 - [MESSAGE][PASSED] - Text of object 'Object Repository/verifikasi/Nama sebelum' is: ''

2023-10-04 20:43:20 - [TEST_STEP][PASSED] - HargaSebelum = getText(findTestObject("verifikasi/Harga sebelum")): Text of object 'Object Repository/verifikasi/Harga sebelum' is: 'Rp 1,299'

2023-10-04 20:43:21 - [MESSAGE][PASSED] - Text of object 'Object Repository/verifikasi/Harga sebelum' is: 'Rp 1,299'

2023-10-04 20:43:21 - [TEST_STEP][PASSED] - mouseOver(findTestObject("beli barang/barang mouse over")): Object: 'Object Repository/beli barang/barang mouse over' is hovered

2023-10-04 20:43:21 - [MESSAGE][PASSED] - Object: 'Object Repository/beli barang/barang mouse over' is hovered

2023-10-04 20:43:21 - [TEST_STEP][PASSED] - click(findTestObject("beli barang/buttom add to cart")): Object: 'Object Repository/beli barang/buttom add to cart' is clicked on

2023-10-04 20:43:23 - [MESSAGE][PASSED] - Object: 'Object Repository/beli barang/buttom add to cart' is clicked on

2023-10-04 20:43:23 - [TEST_STEP][PASSED] - NamaSesudah = getText(findTestObject("verifikasi/Nama sesudah")): Text of object 'Object Repository/verifikasi/Nama sesudah' is: 'Segitiga Instan Madeira - MDB5.3 Sunset'

2023-10-04 20:43:23 - [MESSAGE][PASSED] - Text of object 'Object Repository/verifikasi/Nama sesudah' is: 'Segitiga Instan Madeira - MDB5.3 Sunset'

2023-10-04 20:43:23 - [TEST_STEP][PASSED] - HargaSesudah = getText(findTestObject("verifikasi/Harga sesudah")): Text of object 'Object Repository/verifikasi/Harga sesudah' is: 'Rp 1,299'

2023-10-04 20:43:24 - [MESSAGE][PASSED] - Text of object 'Object Repository/verifikasi/Harga sesudah' is: 'Rp 1,299'

2023-10-04 20:43:24 - [TEST_STEP][PASSED] - assert NamaSesudah.contains(NamaSebelum): null

2023-10-04 20:43:24 - [TEST_STEP][PASSED] - assert HargaSesudah.contains(HargaSebelum): null

2023-10-04 20:43:24 - [TEST_STEP][PASSED] - click(findTestObject("beli barang/Tambah Keranjang busana wanita")): Object: 'Object Repository/beli barang/Tambah Keranjang busana wanita' is clicked on

2023-10-04 20:43:24 - [MESSAGE][PASSED] - Object: 'Object Repository/beli barang/Tambah Keranjang busana wanita' is clicked on

2023-10-04 20:43:24 - [TEST_STEP][PASSED] - verifyElementPresent(findTestObject("checkout/Notifikasi keranjang"), 1): Object 'Object Repository/checkout/Notifikasi keranjang' is present

2023-10-04 20:43:25 - [MESSAGE][PASSED] - Object 'Object Repository/checkout/Notifikasi keranjang' is present

2023-10-04 20:43:25 - [TEST_STEP][PASSED] - data = new java.util.HashMap(): null

2023-10-04 20:43:25 - [TEST_STEP][PASSED] - data.put("nama_barang", NamaSesudah): null

2023-10-04 20:43:25 - [TEST_STEP][PASSED] - data.put("price_barang", HargaSesudah): null

2023-10-04 20:43:25 - [TEST_STEP][PASSED] - return data: null

2023-10-04 20:43:25 - [MESSAGE][PASSED] - Call Test Case 'Test Cases/T13 Pembelian, Shipment dan Pembayaran/PBL-001' successfully

2023-10-04 20:43:25 - [TEST_STEP][PASSED] - mouseOver(findTestObject("beli barang/keranjang")): Object: 'Object Repository/beli barang/keranjang' is hovered

2023-10-04 20:43:25 - [MESSAGE][PASSED] - Object: 'Object Repository/beli barang/keranjang' is hovered

2023-10-04 20:43:25 - [TEST_STEP][PASSED] - click(findTestObject("beli barang/Lihat Sekarang")): Object: 'Object Repository/beli barang/Lihat Sekarang' is clicked on

2023-10-04 20:43:26 - [MESSAGE][PASSED] - Object: 'Object Repository/beli barang/Lihat Sekarang' is clicked on

2023-10-04 20:43:26 - [TEST_STEP][PASSED] - verifyElementPresent(findTestObject("keranjang/li_Keranjang Belanja"), 0): Object 'Object Repository/keranjang/li_Keranjang Belanja' is present

2023-10-04 20:43:26 - [MESSAGE][WARNING] - Timeout '0' is invalid. Using default page load timeout: '30'

2023-10-04 20:43:27 - [MESSAGE][PASSED] - Object 'Object Repository/keranjang/li_Keranjang Belanja' is present

2023-10-04 20:43:27 - [TEST_STEP][PASSED] - NamaKeranjang = getText(findTestObject("verifikasi/Nama keranjang")): Text of object 'Object Repository/verifikasi/Nama keranjang' is: 'Segitiga Instan Madeira - MDB5.3 Sunset'

2023-10-04 20:43:27 - [MESSAGE][PASSED] - Text of object 'Object Repository/verifikasi/Nama keranjang' is: 'Segitiga Instan Madeira - MDB5.3 Sunset'

2023-10-04 20:43:27 - [TEST_STEP][PASSED] - HargaKeranjang = getText(findTestObject("verifikasi/Harga Keranjang")): Text of object 'Object Repository/verifikasi/Harga Keranjang' is: 'Rp 1,299'

2023-10-04 20:43:28 - [MESSAGE][PASSED] - Text of object 'Object Repository/verifikasi/Harga Keranjang' is: 'Rp 1,299'

2023-10-04 20:43:28 - [TEST_STEP][PASSED] - if (toString().equalsIgnoreCase("Merah")): Object 'Object Repository/keranjang/input_Warna_variasi101' is checked

2023-10-04 20:43:28 - [TEST_STEP][PASSED] - check(findTestObject("Object Repository/keranjang/input_Warna_variasi101")): Object 'Object Repository/keranjang/input_Warna_variasi101' is checked

2023-10-04 20:43:28 - [MESSAGE][PASSED] - Object 'Object Repository/keranjang/input_Warna_variasi101' is checked

2023-10-04 20:43:28 - [TEST_STEP][PASSED] - if (toString().equalsIgnoreCase("Menengah")): Object 'Object Repository/keranjang/input_Ukuran_variasi201' is checked

2023-10-04 20:43:28 - [TEST_STEP][PASSED] - check(findTestObject("Object Repository/keranjang/input_Ukuran_variasi201")): Object 'Object Repository/keranjang/input_Ukuran_variasi201' is checked

2023-10-04 20:43:29 - [MESSAGE][PASSED] - Object 'Object Repository/keranjang/input_Ukuran_variasi201' is checked

2023-10-04 20:43:29 - [TEST_STEP][PASSED] - data.put("Warna", warna): null

2023-10-04 20:43:29 - [TEST_STEP][PASSED] - data.put("Ukuran", ukuran): null

2023-10-04 20:43:29 - [TEST_STEP][PASSED] - click(findTestObject("keranjang/button_Lanjut ke Pembayaran")): Object: 'Object Repository/keranjang/button_Lanjut ke Pembayaran' is clicked on

2023-10-04 20:43:30 - [MESSAGE][PASSED] - Object: 'Object Repository/keranjang/button_Lanjut ke Pembayaran' is clicked on

2023-10-04 20:43:30 - [TEST_STEP][PASSED] - verifyElementPresent(findTestObject("checkout/Tittle Checkout Order"), 0): Object 'Object Repository/checkout/Tittle Checkout Order' is present

2023-10-04 20:43:30 - [MESSAGE][WARNING] - Timeout '0' is invalid. Using default page load timeout: '30'

2023-10-04 20:43:30 - [MESSAGE][PASSED] - Object 'Object Repository/checkout/Tittle Checkout Order' is present

2023-10-04 20:43:30 - [TEST_STEP][PASSED] - name_product = data.get("nama_barang"): null

2023-10-04 20:43:30 - [TEST_STEP][PASSED] - price_product = data.get("price_barang"): null

2023-10-04 20:43:30 - [TEST_STEP][PASSED] - assert name_product == NamaKeranjang: null

2023-10-04 20:43:30 - [TEST_STEP][PASSED] - assert price_product == HargaKeranjang: null

2023-10-04 20:43:30 - [TEST_STEP][PASSED] - return data: null

2023-10-04 20:43:30 - [MESSAGE][PASSED] - Call Test Case 'Test Cases/T13 Pembelian, Shipment dan Pembayaran/PBL-002' successfully

2023-10-04 20:43:30 - [TEST_STEP][PASSED] - warnaa = getText(findTestObject("verifikasi/warna Merah")): Text of object 'Object Repository/verifikasi/warna Merah' is: 'Merah'

2023-10-04 20:43:31 - [MESSAGE][PASSED] - Text of object 'Object Repository/verifikasi/warna Merah' is: 'Merah'

2023-10-04 20:43:31 - [TEST_STEP][PASSED] - ukurann = getText(findTestObject("verifikasi/Ukuran Menengah")): Text of object 'Object Repository/verifikasi/Ukuran Menengah' is: 'Menengah'

2023-10-04 20:43:31 - [MESSAGE][PASSED] - Text of object 'Object Repository/verifikasi/Ukuran Menengah' is: 'Menengah'

2023-10-04 20:43:31 - [TEST_STEP][PASSED] - warna1 = data.get("Warna"): null

2023-10-04 20:43:31 - [TEST_STEP][PASSED] - ukuran1 = data.get("Ukuran"): null

2023-10-04 20:43:31 - [TEST_STEP][PASSED] - assert warnaa == warna1: null

2023-10-04 20:43:31 - [TEST_STEP][PASSED] - assert ukurann == ukuran1: null

2023-10-04 20:43:31 - [TEST_STEP][PASSED] - NamaCheckout = getText(findTestObject("verifikasi/NamaCheckout")): Text of object 'Object Repository/verifikasi/NamaCheckout' is: ''

2023-10-04 20:43:31 - [MESSAGE][PASSED] - Text of object 'Object Repository/verifikasi/NamaCheckout' is: ''

2023-10-04 20:43:31 - [TEST_STEP][PASSED] - HargaCheckout = getText(findTestObject("verifikasi/HargaCheckout")): Text of object 'Object Repository/verifikasi/HargaCheckout' is: '1,299'

2023-10-04 20:43:32 - [MESSAGE][PASSED] - Text of object 'Object Repository/verifikasi/HargaCheckout' is: '1,299'

2023-10-04 20:43:32 - [TEST_STEP][PASSED] - name_product = data.get("nama_barang"): null

2023-10-04 20:43:32 - [TEST_STEP][PASSED] - price_product = data.get("price_barang"): null

2023-10-04 20:43:32 - [TEST_STEP][PASSED] - assert name_product.contains(NamaCheckout): null

2023-10-04 20:43:32 - [TEST_STEP][PASSED] - assert price_product.contains(HargaCheckout): null

2023-10-04 20:43:32 - [TEST_STEP][PASSED] - selectOptionByLabel(findTestObject("checkout/select - Kirim via Kurir Lokal"), Kurir, false): All options with label 'Roda 2' are selected in object 'Object Repository/checkout/select - Kirim via Kurir Lokal' 

2023-10-04 20:43:33 - [MESSAGE][PASSED] - All options with label 'Roda 2' are selected in object 'Object Repository/checkout/select - Kirim via Kurir Lokal' 

2023-10-04 20:43:33 - [TEST_STEP][PASSED] - click(findTestObject("checkout/Kendaraan Kurir")): Object: 'Object Repository/checkout/Kendaraan Kurir' is clicked on

2023-10-04 20:43:33 - [MESSAGE][PASSED] - Object: 'Object Repository/checkout/Kendaraan Kurir' is clicked on

2023-10-04 20:43:33 - [TEST_STEP][PASSED] - OngkosKirim = getText(findTestObject("Object Repository/verifikasi/Ongkos Kirim checkout")): Text of object 'Object Repository/verifikasi/Ongkos Kirim checkout' is: 'Rp. 5,000'

2023-10-04 20:43:33 - [MESSAGE][PASSED] - Text of object 'Object Repository/verifikasi/Ongkos Kirim checkout' is: 'Rp. 5,000'

2023-10-04 20:43:33 - [TEST_STEP][PASSED] - Ongkos = OngkosKirim.substring(3, OngkosKirim.size()): null

2023-10-04 20:43:33 - [TEST_STEP][PASSED] - rep = Ongkos.replace(",", "."): null

2023-10-04 20:43:33 - [TEST_STEP][PASSED] - Ongkos_kirim = Double.parseDouble(rep): null

2023-10-04 20:43:33 - [TEST_STEP][PASSED] - println(Ongkos_kirim): null

2023-10-04 20:43:33 - [TEST_STEP][PASSED] - FeeAdmin = getText(findTestObject("verifikasi/Fee Admin checkout")): Text of object 'Object Repository/verifikasi/Fee Admin checkout' is: 'Fee Admin
Rp 1,500'

2023-10-04 20:43:34 - [MESSAGE][PASSED] - Text of object 'Object Repository/verifikasi/Fee Admin checkout' is: 'Fee Admin
Rp 1,500'

2023-10-04 20:43:34 - [TEST_STEP][PASSED] - Fee_Admin = FeeAdmin.substring(12, FeeAdmin.size()): null

2023-10-04 20:43:34 - [TEST_STEP][PASSED] - fee = Fee_Admin.replace(",", "."): null

2023-10-04 20:43:34 - [TEST_STEP][PASSED] - fee_admin = Double.parseDouble(fee): null

2023-10-04 20:43:34 - [TEST_STEP][PASSED] - println(fee_admin): null

2023-10-04 20:43:34 - [TEST_STEP][PASSED] - Subtotal = getText(findTestObject("verifikasi/subtotal checkout")): Text of object 'Object Repository/verifikasi/subtotal checkout' is: 'Subtotal
Rp 1,299'

2023-10-04 20:43:34 - [MESSAGE][PASSED] - Text of object 'Object Repository/verifikasi/subtotal checkout' is: 'Subtotal
Rp 1,299'

2023-10-04 20:43:34 - [TEST_STEP][PASSED] - sub_total = Subtotal.substring(12, Subtotal.size()): null

2023-10-04 20:43:34 - [TEST_STEP][PASSED] - sub = sub_total.replace(",", "."): null

2023-10-04 20:43:34 - [TEST_STEP][PASSED] - sub_total = Double.parseDouble(sub): null

2023-10-04 20:43:34 - [TEST_STEP][PASSED] - println(sub_total): null

2023-10-04 20:43:34 - [TEST_STEP][PASSED] - Total = getText(findTestObject("verifikasi/Total checkout")): Text of object 'Object Repository/verifikasi/Total checkout' is: 'Rp 7,799'

2023-10-04 20:43:35 - [MESSAGE][PASSED] - Text of object 'Object Repository/verifikasi/Total checkout' is: 'Rp 7,799'

2023-10-04 20:43:35 - [TEST_STEP][PASSED] - totall = Total.substring(3, Total.size()): null

2023-10-04 20:43:35 - [TEST_STEP][PASSED] - total = totall.replace(",", "."): null

2023-10-04 20:43:35 - [TEST_STEP][PASSED] - totall = Double.parseDouble(total): null

2023-10-04 20:43:35 - [TEST_STEP][PASSED] - println(totall): null

2023-10-04 20:43:35 - [TEST_STEP][PASSED] - Total_Harga = Ongkos_kirim + fee_admin + sub_total: null

2023-10-04 20:43:35 - [TEST_STEP][PASSED] - println(Total_Harga): null

2023-10-04 20:43:35 - [TEST_STEP][PASSED] - TotalHarga = Math.round(Total_Harga * 1000) / 1000: null

2023-10-04 20:43:35 - [TEST_STEP][PASSED] - println(TotalHarga): null

2023-10-04 20:43:35 - [TEST_STEP][PASSED] - assert totall == TotalHarga: null

2023-10-04 20:43:35 - [TEST_STEP][PASSED] - click(findTestObject("verifikasi/Metode Transfer")): Object: 'Object Repository/verifikasi/Metode Transfer' is clicked on

2023-10-04 20:43:35 - [MESSAGE][PASSED] - Object: 'Object Repository/verifikasi/Metode Transfer' is clicked on

2023-10-04 20:43:35 - [TEST_STEP][PASSED] - click(findTestObject("checkout/button_Proses Pembayaran")): Object: 'Object Repository/checkout/button_Proses Pembayaran' is clicked on

2023-10-04 20:43:41 - [MESSAGE][PASSED] - Object: 'Object Repository/checkout/button_Proses Pembayaran' is clicked on

2023-10-04 20:43:41 - [TEST_STEP][PASSED] - verifyElementPresent(findTestObject("pembayaran/Tittle nomor invoice"), 0): Object 'Object Repository/pembayaran/Tittle nomor invoice' is present

2023-10-04 20:43:41 - [MESSAGE][WARNING] - Timeout '0' is invalid. Using default page load timeout: '30'

2023-10-04 20:43:43 - [MESSAGE][PASSED] - Object 'Object Repository/pembayaran/Tittle nomor invoice' is present

2023-10-04 20:43:43 - [TEST_STEP][PASSED] - return data: null

2023-10-04 20:43:43 - [MESSAGE][PASSED] - Call Test Case 'Test Cases/T13 Pembelian, Shipment dan Pembayaran/PBL-004' successfully

2023-10-04 20:43:43 - [TEST_STEP][PASSED] - Invoice = getText(findTestObject("pembayaran/nomor invoice")): Text of object 'Object Repository/pembayaran/nomor invoice' is: 'TRX60.20231004204337'

2023-10-04 20:43:44 - [MESSAGE][PASSED] - Text of object 'Object Repository/pembayaran/nomor invoice' is: 'TRX60.20231004204337'

2023-10-04 20:43:44 - [TEST_STEP][PASSED] - data.put("invoice", Invoice): null

2023-10-04 20:43:44 - [TEST_STEP][PASSED] - NamaPemesan = getText(findTestObject("Konfirmasi pesanan shop/Nama pemesan")): Text of object 'Object Repository/Konfirmasi pesanan shop/Nama pemesan' is: 'irfan.afandi'

2023-10-04 20:43:44 - [MESSAGE][PASSED] - Text of object 'Object Repository/Konfirmasi pesanan shop/Nama pemesan' is: 'irfan.afandi'

2023-10-04 20:43:44 - [TEST_STEP][PASSED] - Nama = getText(findTestObject("pembayaran/Nama barang")): Text of object 'Object Repository/pembayaran/Nama barang' is: 'Segitiga Instan Madeira - MDB5.3 Sunset'

2023-10-04 20:43:44 - [MESSAGE][PASSED] - Text of object 'Object Repository/pembayaran/Nama barang' is: 'Segitiga Instan Madeira - MDB5.3 Sunset'

2023-10-04 20:43:44 - [TEST_STEP][PASSED] - Harga = getText(findTestObject("pembayaran/Harga barang")): Text of object 'Object Repository/pembayaran/Harga barang' is: '1,299'

2023-10-04 20:43:45 - [MESSAGE][PASSED] - Text of object 'Object Repository/pembayaran/Harga barang' is: '1,299'

2023-10-04 20:43:45 - [TEST_STEP][PASSED] - name_product = data.get("nama_barang"): null

2023-10-04 20:43:45 - [TEST_STEP][PASSED] - price_product = data.get("price_barang"): null

2023-10-04 20:43:45 - [TEST_STEP][PASSED] - assert name_product.contains(Nama): null

2023-10-04 20:43:45 - [TEST_STEP][PASSED] - assert price_product.contains(Harga): null

2023-10-04 20:43:45 - [TEST_STEP][PASSED] - warnaa = getText(findTestObject("pembayaran/warna")): Text of object 'Object Repository/pembayaran/warna' is: 'Merah'

2023-10-04 20:43:45 - [MESSAGE][PASSED] - Text of object 'Object Repository/pembayaran/warna' is: 'Merah'

2023-10-04 20:43:45 - [TEST_STEP][PASSED] - ukurann = getText(findTestObject("pembayaran/ukuran")): Text of object 'Object Repository/pembayaran/ukuran' is: 'Menengah'

2023-10-04 20:43:46 - [MESSAGE][PASSED] - Text of object 'Object Repository/pembayaran/ukuran' is: 'Menengah'

2023-10-04 20:43:46 - [TEST_STEP][PASSED] - warna1 = data.get("Warna"): null

2023-10-04 20:43:46 - [TEST_STEP][PASSED] - ukuran1 = data.get("Ukuran"): null

2023-10-04 20:43:46 - [TEST_STEP][PASSED] - assert warnaa == warna1: null

2023-10-04 20:43:46 - [TEST_STEP][PASSED] - assert ukurann == ukuran1: null

2023-10-04 20:43:46 - [TEST_STEP][PASSED] - statusPembelian = getText(findTestObject("verifikasi/Status pending di pembelian")): Text of object 'Object Repository/verifikasi/Status pending di pembelian' is: 'Pending'

2023-10-04 20:43:46 - [MESSAGE][PASSED] - Text of object 'Object Repository/verifikasi/Status pending di pembelian' is: 'Pending'

2023-10-04 20:43:46 - [TEST_STEP][PASSED] - data.put("statusPem", statusPembelian): null

2023-10-04 20:43:46 - [TEST_STEP][PASSED] - OngkosKirim = getText(findTestObject("pembayaran/ongkos kirim")): Text of object 'Object Repository/pembayaran/ongkos kirim' is: 'Rp 5,000'

2023-10-04 20:43:47 - [MESSAGE][PASSED] - Text of object 'Object Repository/pembayaran/ongkos kirim' is: 'Rp 5,000'

2023-10-04 20:43:47 - [TEST_STEP][PASSED] - Ongkos = OngkosKirim.substring(3, OngkosKirim.size()): null

2023-10-04 20:43:47 - [TEST_STEP][PASSED] - rep = Ongkos.replace(",", ""): null

2023-10-04 20:43:47 - [TEST_STEP][PASSED] - Ongkos_kirimm = Integer.parseInt(rep): null

2023-10-04 20:43:47 - [TEST_STEP][PASSED] - println(Ongkos_kirimm): null

2023-10-04 20:43:47 - [TEST_STEP][PASSED] - FeeAdmin = getText(findTestObject("pembayaran/fee admin")): Text of object 'Object Repository/pembayaran/fee admin' is: 'Rp 1,500'

2023-10-04 20:43:47 - [MESSAGE][PASSED] - Text of object 'Object Repository/pembayaran/fee admin' is: 'Rp 1,500'

2023-10-04 20:43:47 - [TEST_STEP][PASSED] - Fee_Admin = FeeAdmin.substring(3, FeeAdmin.size()): null

2023-10-04 20:43:47 - [TEST_STEP][PASSED] - fee = Fee_Admin.replace(",", ""): null

2023-10-04 20:43:47 - [TEST_STEP][PASSED] - fee_adminn = Integer.parseInt(fee): null

2023-10-04 20:43:47 - [TEST_STEP][PASSED] - println(fee_adminn): null

2023-10-04 20:43:47 - [TEST_STEP][PASSED] - Subtotal = getText(findTestObject("pembayaran/subtotal")): Text of object 'Object Repository/pembayaran/subtotal' is: 'Rp 1,299'

2023-10-04 20:43:48 - [MESSAGE][PASSED] - Text of object 'Object Repository/pembayaran/subtotal' is: 'Rp 1,299'

2023-10-04 20:43:48 - [TEST_STEP][PASSED] - sub_total = Subtotal.substring(3, Subtotal.size()): null

2023-10-04 20:43:48 - [TEST_STEP][PASSED] - sub = sub_total.replace(",", ""): null

2023-10-04 20:43:48 - [TEST_STEP][PASSED] - sub_totall = Integer.parseInt(sub): null

2023-10-04 20:43:48 - [TEST_STEP][PASSED] - println(sub_totall): null

2023-10-04 20:43:48 - [TEST_STEP][PASSED] - unik = getText(findTestObject("pembayaran/kode unik")): Text of object 'Object Repository/pembayaran/kode unik' is: '+337'

2023-10-04 20:43:48 - [MESSAGE][PASSED] - Text of object 'Object Repository/pembayaran/kode unik' is: '+337'

2023-10-04 20:43:48 - [TEST_STEP][PASSED] - unikk = unik.replace("+", ""): null

2023-10-04 20:43:48 - [TEST_STEP][PASSED] - kode_unik = Integer.parseInt(unikk): null

2023-10-04 20:43:48 - [TEST_STEP][PASSED] - println(kode_unik): null

2023-10-04 20:43:48 - [TEST_STEP][PASSED] - Total = getText(findTestObject("pembayaran/total")): Text of object 'Object Repository/pembayaran/total' is: '8,136'

2023-10-04 20:43:49 - [MESSAGE][PASSED] - Text of object 'Object Repository/pembayaran/total' is: '8,136'

2023-10-04 20:43:49 - [TEST_STEP][PASSED] - total = Total.replace(",", ""): null

2023-10-04 20:43:49 - [TEST_STEP][PASSED] - totalll = Integer.parseInt(total): null

2023-10-04 20:43:49 - [TEST_STEP][PASSED] - println(totalll): null

2023-10-04 20:43:49 - [TEST_STEP][PASSED] - Total_Hargaa = Ongkos_kirimm + fee_adminn + sub_totall + kode_unik: null

2023-10-04 20:43:49 - [TEST_STEP][PASSED] - println(Total_Hargaa): null

2023-10-04 20:43:49 - [TEST_STEP][PASSED] - assert totalll == Total_Hargaa: null

2023-10-04 20:43:49 - [TEST_STEP][PASSED] - data.put("total", Total): null

2023-10-04 20:43:49 - [TEST_STEP][PASSED] - data.put("nama", NamaPemesan): null

2023-10-04 20:43:49 - [TEST_STEP][PASSED] - return data: null

2023-10-04 20:43:49 - [MESSAGE][PASSED] - Call Test Case 'Test Cases/T13 Pembelian, Shipment dan Pembayaran/PBY-001' successfully

2023-10-04 20:43:49 - [TEST_STEP][PASSED] - inv = data.get("invoice"): null

2023-10-04 20:43:49 - [TEST_STEP][PASSED] - Total = data.get("total"): null

2023-10-04 20:43:49 - [TEST_STEP][PASSED] - NamaPemesan = data.get("nama"): null

2023-10-04 20:43:49 - [TEST_STEP][PASSED] - click(findTestObject("Konfirmasi pesanan shop/Menu Shop")): Object: 'Object Repository/Konfirmasi pesanan shop/Menu Shop' is clicked on

2023-10-04 20:43:50 - [MESSAGE][PASSED] - Object: 'Object Repository/Konfirmasi pesanan shop/Menu Shop' is clicked on

2023-10-04 20:43:50 - [TEST_STEP][PASSED] - click(findTestObject("Konfirmasi pesanan shop/Menu Shop")): Object: 'Object Repository/Konfirmasi pesanan shop/Menu Shop' is clicked on

2023-10-04 20:43:51 - [MESSAGE][PASSED] - Object: 'Object Repository/Konfirmasi pesanan shop/Menu Shop' is clicked on

2023-10-04 20:43:51 - [TEST_STEP][PASSED] - click(findTestObject("Konfirmasi pesanan shop/Konfirmasi Orders")): Object: 'Object Repository/Konfirmasi pesanan shop/Konfirmasi Orders' is clicked on

2023-10-04 20:43:52 - [MESSAGE][PASSED] - Object: 'Object Repository/Konfirmasi pesanan shop/Konfirmasi Orders' is clicked on

2023-10-04 20:43:52 - [TEST_STEP][PASSED] - verifyElementPresent(findTestObject("Konfirmasi pesanan shop/Tittle Konfirmasi Pesanan"), 0): Object 'Object Repository/Konfirmasi pesanan shop/Tittle Konfirmasi Pesanan' is present

2023-10-04 20:43:52 - [MESSAGE][WARNING] - Timeout '0' is invalid. Using default page load timeout: '30'

2023-10-04 20:43:52 - [MESSAGE][PASSED] - Object 'Object Repository/Konfirmasi pesanan shop/Tittle Konfirmasi Pesanan' is present

2023-10-04 20:43:52 - [TEST_STEP][PASSED] - setText(findTestObject("Konfirmasi pesanan shop/input_No Pesanan"), inv): Text 'TRX60.20231004204337' is set on object 'Object Repository/Konfirmasi pesanan shop/input_No Pesanan'

2023-10-04 20:43:53 - [MESSAGE][PASSED] - Text 'TRX60.20231004204337' is set on object 'Object Repository/Konfirmasi pesanan shop/input_No Pesanan'

2023-10-04 20:43:53 - [TEST_STEP][PASSED] - setText(findTestObject("Konfirmasi pesanan shop/input_Alamat E-mai"), "irfan@gmail.com"): Text 'irfan@gmail.com' is set on object 'Object Repository/Konfirmasi pesanan shop/input_Alamat E-mai'

2023-10-04 20:43:53 - [MESSAGE][PASSED] - Text 'irfan@gmail.com' is set on object 'Object Repository/Konfirmasi pesanan shop/input_Alamat E-mai'

2023-10-04 20:43:53 - [TEST_STEP][PASSED] - click(findTestObject("Konfirmasi pesanan shop/button_Submit")): Object: 'Object Repository/Konfirmasi pesanan shop/button_Submit' is clicked on

2023-10-04 20:43:54 - [MESSAGE][PASSED] - Object: 'Object Repository/Konfirmasi pesanan shop/button_Submit' is clicked on

2023-10-04 20:43:54 - [TEST_STEP][PASSED] - verifyElementPresent(findTestObject("Konfirmasi pesanan shop/Tittle nomor invoice"), 0): Object 'Object Repository/Konfirmasi pesanan shop/Tittle nomor invoice' is present

2023-10-04 20:43:54 - [MESSAGE][WARNING] - Timeout '0' is invalid. Using default page load timeout: '30'

2023-10-04 20:43:55 - [MESSAGE][PASSED] - Object 'Object Repository/Konfirmasi pesanan shop/Tittle nomor invoice' is present

2023-10-04 20:43:55 - [TEST_STEP][PASSED] - setText(findTestObject("Konfirmasi pesanan shop/input_Total TagihanTransfer_b"), Total): Text '8,136' is set on object 'Object Repository/Konfirmasi pesanan shop/input_Total TagihanTransfer_b'

2023-10-04 20:43:55 - [MESSAGE][PASSED] - Text '8,136' is set on object 'Object Repository/Konfirmasi pesanan shop/input_Total TagihanTransfer_b'

2023-10-04 20:43:55 - [TEST_STEP][PASSED] - selectOptionByValue(findTestObject("Konfirmasi pesanan shop/select_Bank"), "4", false): All options with value '4' are selected in object 'Object Repository/Konfirmasi pesanan shop/select_Bank' 

2023-10-04 20:43:56 - [MESSAGE][PASSED] - All options with value '4' are selected in object 'Object Repository/Konfirmasi pesanan shop/select_Bank' 

2023-10-04 20:43:56 - [TEST_STEP][PASSED] - setText(findTestObject("Konfirmasi pesanan shop/input_Nama Pengirim_d"), NamaPemesan): Text 'irfan.afandi' is set on object 'Object Repository/Konfirmasi pesanan shop/input_Nama Pengirim_d'

2023-10-04 20:43:57 - [MESSAGE][PASSED] - Text 'irfan.afandi' is set on object 'Object Repository/Konfirmasi pesanan shop/input_Nama Pengirim_d'

2023-10-04 20:43:57 - [TEST_STEP][PASSED] - uploadFile(findTestObject("keranjang/konfirmasi/input_Upload Bukti Transfer_f"), "C:\Users\IRFAN\Downloads\Berkas2.pdf"): File 'C:\Users\IRFAN\Downloads\Berkas2.pdf' sent to object: 'Object Repository/keranjang/konfirmasi/input_Upload Bukti Transfer_f'

2023-10-04 20:43:57 - [MESSAGE][PASSED] - File 'C:\Users\IRFAN\Downloads\Berkas2.pdf' sent to object: 'Object Repository/keranjang/konfirmasi/input_Upload Bukti Transfer_f'

2023-10-04 20:43:57 - [TEST_STEP][PASSED] - click(findTestObject("Konfirmasi pesanan shop/button_Konfirmasi Pembayaran")): Object: 'Object Repository/Konfirmasi pesanan shop/button_Konfirmasi Pembayaran' is clicked on

2023-10-04 20:43:58 - [MESSAGE][PASSED] - Object: 'Object Repository/Konfirmasi pesanan shop/button_Konfirmasi Pembayaran' is clicked on

2023-10-04 20:43:58 - [TEST_STEP][PASSED] - verifyElementPresent(findTestObject("Konfirmasi pesanan shop/Tittle Konfirmasi Pesanan"), 0): Object 'Object Repository/Konfirmasi pesanan shop/Tittle Konfirmasi Pesanan' is present

2023-10-04 20:43:58 - [MESSAGE][WARNING] - Timeout '0' is invalid. Using default page load timeout: '30'

2023-10-04 20:43:59 - [MESSAGE][PASSED] - Object 'Object Repository/Konfirmasi pesanan shop/Tittle Konfirmasi Pesanan' is present

2023-10-04 20:43:59 - [TEST_STEP][PASSED] - verifyElementPresent(findTestObject("Konfirmasi pesanan shop/Tittle massage succes Konfirmasi Pembayaran Pesanan"), 0): Object 'Object Repository/Konfirmasi pesanan shop/Tittle massage succes Konfirmasi Pembayaran Pesanan' is present

2023-10-04 20:43:59 - [MESSAGE][WARNING] - Timeout '0' is invalid. Using default page load timeout: '30'

2023-10-04 20:43:59 - [MESSAGE][PASSED] - Object 'Object Repository/Konfirmasi pesanan shop/Tittle massage succes Konfirmasi Pembayaran Pesanan' is present

2023-10-04 20:43:59 - [TEST_STEP][PASSED] - return data: null

2023-10-04 20:43:59 - [MESSAGE][PASSED] - Call Test Case 'Test Cases/T13 Pembelian, Shipment dan Pembayaran/PBY-004' successfully

2023-10-04 20:43:59 - [TEST_STEP][PASSED] - navigateToUrl("https://10.9.2.63/ecommerce/administrator/"): Navigate to 'https://10.9.2.63/ecommerce/administrator/' successfully

2023-10-04 20:44:57 - [MESSAGE][PASSED] - Navigate to 'https://10.9.2.63/ecommerce/administrator/' successfully

2023-10-04 20:44:57 - [TEST_STEP][PASSED] - verifyElementPresent(findTestObject("admin/Tittle ADMIN Login"), 0): Object 'Object Repository/admin/Tittle ADMIN Login' is present

2023-10-04 20:44:57 - [MESSAGE][WARNING] - Timeout '0' is invalid. Using default page load timeout: '30'

2023-10-04 20:44:57 - [MESSAGE][PASSED] - Object 'Object Repository/admin/Tittle ADMIN Login' is present

2023-10-04 20:44:57 - [TEST_STEP][PASSED] - setText(findTestObject("admin/Username"), "admin"): Text 'admin' is set on object 'Object Repository/admin/Username'

2023-10-04 20:44:58 - [MESSAGE][PASSED] - Text 'admin' is set on object 'Object Repository/admin/Username'

2023-10-04 20:44:58 - [TEST_STEP][PASSED] - setText(findTestObject("admin/Password"), "123admin123"): Text '123admin123' is set on object 'Object Repository/admin/Password'

2023-10-04 20:44:59 - [MESSAGE][PASSED] - Text '123admin123' is set on object 'Object Repository/admin/Password'

2023-10-04 20:44:59 - [TEST_STEP][PASSED] - click(findTestObject("admin/Remember Me")): Object: 'Object Repository/admin/Remember Me' is clicked on

2023-10-04 20:44:59 - [MESSAGE][PASSED] - Object: 'Object Repository/admin/Remember Me' is clicked on

2023-10-04 20:44:59 - [TEST_STEP][PASSED] - delay(10): Delayed 10 second(s)

2023-10-04 20:45:09 - [MESSAGE][PASSED] - Delayed 10 second(s)

2023-10-04 20:45:09 - [TEST_STEP][PASSED] - click(findTestObject("admin/buttom submit")): Object: 'Object Repository/admin/buttom submit' is clicked on

2023-10-04 20:45:11 - [MESSAGE][PASSED] - Object: 'Object Repository/admin/buttom submit' is clicked on

2023-10-04 20:45:11 - [TEST_STEP][PASSED] - verifyElementPresent(findTestObject("admin/Konf order konsumen/Tittle Dashboard"), 0): Object 'Object Repository/admin/Konf order konsumen/Tittle Dashboard' is present

2023-10-04 20:45:11 - [MESSAGE][WARNING] - Timeout '0' is invalid. Using default page load timeout: '30'

2023-10-04 20:45:17 - [MESSAGE][PASSED] - Object 'Object Repository/admin/Konf order konsumen/Tittle Dashboard' is present

2023-10-04 20:45:17 - [TEST_STEP][PASSED] - click(findTestObject("admin/Konf order konsumen/Menu Transaksi Market")): Object: 'Object Repository/admin/Konf order konsumen/Menu Transaksi Market' is clicked on

2023-10-04 20:45:18 - [MESSAGE][PASSED] - Object: 'Object Repository/admin/Konf order konsumen/Menu Transaksi Market' is clicked on

2023-10-04 20:45:18 - [TEST_STEP][PASSED] - click(findTestObject("admin/Konf order konsumen/Menu Konf. Order Konsumen")): Object: 'Object Repository/admin/Konf order konsumen/Menu Konf. Order Konsumen' is clicked on

2023-10-04 20:45:20 - [MESSAGE][PASSED] - Object: 'Object Repository/admin/Konf order konsumen/Menu Konf. Order Konsumen' is clicked on

2023-10-04 20:45:20 - [TEST_STEP][PASSED] - verifyElementPresent(findTestObject("admin/Konf order konsumen/Tittle Data Konfirmasi Pembayaran Konsumen"), 0): Object 'Object Repository/admin/Konf order konsumen/Tittle Data Konfirmasi Pembayaran Konsumen' is present

2023-10-04 20:45:20 - [MESSAGE][WARNING] - Timeout '0' is invalid. Using default page load timeout: '30'

2023-10-04 20:45:24 - [MESSAGE][PASSED] - Object 'Object Repository/admin/Konf order konsumen/Tittle Data Konfirmasi Pembayaran Konsumen' is present

2023-10-04 20:45:24 - [TEST_STEP][PASSED] - inv = data.get("invoice"): null

2023-10-04 20:45:24 - [TEST_STEP][PASSED] - setText(findTestObject("admin/Konf order konsumen/Search"), inv): Text 'TRX60.20231004204337' is set on object 'Object Repository/admin/Konf order konsumen/Search'

2023-10-04 20:45:26 - [MESSAGE][PASSED] - Text 'TRX60.20231004204337' is set on object 'Object Repository/admin/Konf order konsumen/Search'

2023-10-04 20:45:26 - [TEST_STEP][PASSED] - verifyElementText(findTestObject("admin/Konf order konsumen/Keterangan Lunas"), "Lunas"): Actual text and expected text of test object 'Object Repository/admin/Konf order konsumen/Keterangan Lunas' are matched.

2023-10-04 20:45:26 - [MESSAGE][PASSED] - Actual text and expected text of test object 'Object Repository/admin/Konf order konsumen/Keterangan Lunas' are matched.

2023-10-04 20:45:26 - [TEST_STEP][PASSED] - return data: null

2023-10-04 20:45:26 - [MESSAGE][PASSED] - Call Test Case 'Test Cases/T13 Pembelian, Shipment dan Pembayaran/PBYA-001' successfully

2023-10-04 20:45:26 - [TEST_STEP][PASSED] - click(findTestObject("admin/Penjualan ke konsumen/buttom Dashboard")): Object: 'Object Repository/admin/Penjualan ke konsumen/buttom Dashboard' is clicked on

2023-10-04 20:45:27 - [MESSAGE][PASSED] - Object: 'Object Repository/admin/Penjualan ke konsumen/buttom Dashboard' is clicked on

2023-10-04 20:45:27 - [TEST_STEP][PASSED] - click(findTestObject("admin/Konf order konsumen/Menu Transaksi Market")): Object: 'Object Repository/admin/Konf order konsumen/Menu Transaksi Market' is clicked on

2023-10-04 20:45:33 - [MESSAGE][PASSED] - Object: 'Object Repository/admin/Konf order konsumen/Menu Transaksi Market' is clicked on

2023-10-04 20:45:33 - [TEST_STEP][PASSED] - click(findTestObject("admin/Penjualan ke konsumen/a_Penjualan ke Konsumen")): Object: 'Object Repository/admin/Penjualan ke konsumen/a_Penjualan ke Konsumen' is clicked on

2023-10-04 20:45:42 - [MESSAGE][PASSED] - Object: 'Object Repository/admin/Penjualan ke konsumen/a_Penjualan ke Konsumen' is clicked on

2023-10-04 20:45:42 - [TEST_STEP][PASSED] - verifyElementPresent(findTestObject("admin/Tittle Data Transaksi Penjualan  Orderan Konsumen"), 0): Object 'Object Repository/admin/Tittle Data Transaksi Penjualan  Orderan Konsumen' is present

2023-10-04 20:45:42 - [MESSAGE][WARNING] - Timeout '0' is invalid. Using default page load timeout: '30'

2023-10-04 20:45:43 - [MESSAGE][PASSED] - Object 'Object Repository/admin/Tittle Data Transaksi Penjualan  Orderan Konsumen' is present

2023-10-04 20:45:43 - [TEST_STEP][PASSED] - return data: null

2023-10-04 20:45:43 - [MESSAGE][PASSED] - Call Test Case 'Test Cases/T13 Pembelian, Shipment dan Pembayaran/SA-001' successfully

2023-10-04 20:45:43 - [TEST_STEP][PASSED] - inv = data.get("invoice"): null

2023-10-04 20:45:43 - [TEST_STEP][PASSED] - setText(findTestObject("admin/Penjualan ke konsumen/Search"), inv): Text 'TRX60.20231004204337' is set on object 'Object Repository/admin/Penjualan ke konsumen/Search'

2023-10-04 20:45:44 - [MESSAGE][PASSED] - Text 'TRX60.20231004204337' is set on object 'Object Repository/admin/Penjualan ke konsumen/Search'

2023-10-04 20:45:44 - [TEST_STEP][PASSED] - click(findTestObject("admin/Penjualan ke konsumen/buttom konfirmasi pending payment")): Object: 'Object Repository/admin/Penjualan ke konsumen/buttom konfirmasi pending payment' is clicked on

2023-10-04 20:45:45 - [MESSAGE][PASSED] - Object: 'Object Repository/admin/Penjualan ke konsumen/buttom konfirmasi pending payment' is clicked on

2023-10-04 20:45:45 - [TEST_STEP][PASSED] - acceptAlert(STOP_ON_FAILURE): Alert accepted

2023-10-04 20:45:45 - [MESSAGE][PASSED] - Alert accepted

2023-10-04 20:45:45 - [TEST_STEP][PASSED] - setText(findTestObject("admin/Penjualan ke konsumen/Search"), inv): Text 'TRX60.20231004204337' is set on object 'Object Repository/admin/Penjualan ke konsumen/Search'

2023-10-04 20:45:45 - [MESSAGE][PASSED] - Text 'TRX60.20231004204337' is set on object 'Object Repository/admin/Penjualan ke konsumen/Search'

2023-10-04 20:45:45 - [TEST_STEP][PASSED] - verifyTextNotPresent("pending payment", false): Text 'pending payment' is not present on page

2023-10-04 20:45:46 - [MESSAGE][PASSED] - Text 'pending payment' is not present on page

2023-10-04 20:45:46 - [TEST_STEP][PASSED] - return data: null

2023-10-04 20:45:46 - [MESSAGE][PASSED] - Call Test Case 'Test Cases/T13 Pembelian, Shipment dan Pembayaran/SA-002' successfully

2023-10-04 20:45:46 - [TEST_STEP][PASSED] - click(findTestObject("admin/Penjualan ke konsumen/buttom scroldown")): Object: 'Object Repository/admin/Penjualan ke konsumen/buttom scroldown' is clicked on

2023-10-04 20:45:47 - [MESSAGE][PASSED] - Object: 'Object Repository/admin/Penjualan ke konsumen/buttom scroldown' is clicked on

2023-10-04 20:45:47 - [TEST_STEP][PASSED] - click(findTestObject("admin/Penjualan ke konsumen/Selesai")): Object: 'Object Repository/admin/Penjualan ke konsumen/Selesai' is clicked on

2023-10-04 20:45:47 - [MESSAGE][PASSED] - Object: 'Object Repository/admin/Penjualan ke konsumen/Selesai' is clicked on

2023-10-04 20:45:47 - [TEST_STEP][PASSED] - acceptAlert(): Alert accepted

2023-10-04 20:45:47 - [MESSAGE][PASSED] - Alert accepted

2023-10-04 20:45:47 - [TEST_STEP][PASSED] - inv = data.get("invoice"): null

2023-10-04 20:45:47 - [TEST_STEP][PASSED] - setText(findTestObject("admin/Penjualan ke konsumen/Search"), inv): Text 'TRX60.20231004204337' is set on object 'Object Repository/admin/Penjualan ke konsumen/Search'

2023-10-04 20:45:48 - [MESSAGE][PASSED] - Text 'TRX60.20231004204337' is set on object 'Object Repository/admin/Penjualan ke konsumen/Search'

2023-10-04 20:45:48 - [TEST_STEP][PASSED] - delay(10): Delayed 10 second(s)

2023-10-04 20:45:58 - [MESSAGE][PASSED] - Delayed 10 second(s)

2023-10-04 20:45:58 - [TEST_STEP][PASSED] - verifyTextPresent("Selesai", false): Text 'Selesai' is present on page 

2023-10-04 20:45:59 - [MESSAGE][PASSED] - Text 'Selesai' is present on page 

2023-10-04 20:45:59 - [TEST_STEP][PASSED] - selesaiAdmin = getText(findTestObject("admin/Selesai")): Text of object 'Object Repository/admin/Selesai' is: 'Selesai'

2023-10-04 20:45:59 - [MESSAGE][PASSED] - Text of object 'Object Repository/admin/Selesai' is: 'Selesai'

2023-10-04 20:45:59 - [TEST_STEP][PASSED] - data.put("statusSelesai", selesaiAdmin): null

2023-10-04 20:45:59 - [TEST_STEP][PASSED] - return data: null

2023-10-04 20:45:59 - [MESSAGE][PASSED] - Call Test Case 'Test Cases/T13 Pembelian, Shipment dan Pembayaran/SA-005' successfully

2023-10-04 20:45:59 - [TEST_STEP][PASSED] - openBrowser("https://10.9.2.63/ecommerce/"): Browser is opened with url: 'https://10.9.2.63/ecommerce/'

2023-10-04 20:45:59 - [MESSAGE][WARNING] - A browser is already opened. Closing browser and opening a new one

2023-10-04 20:46:02 - [MESSAGE][INFO] - Starting 'Firefox' driver

2023-10-04 20:46:02 - [MESSAGE][INFO] - User set preference: ['args', '[--disable-notifications]']

2023-10-04 20:46:02 - [MESSAGE][INFO] - Action delay is set to 0 milliseconds

2023-10-04 20:46:09 - [MESSAGE][PASSED] - Browser is opened with url: 'https://10.9.2.63/ecommerce/'

2023-10-04 20:46:09 - [TEST_STEP][PASSED] - maximizeWindow(): Current window maximized

2023-10-04 20:46:09 - [MESSAGE][PASSED] - Current window maximized

2023-10-04 20:46:09 - [TEST_STEP][PASSED] - verifyElementPresent(findTestObject("Login/Home"), 0): Object 'Object Repository/Login/Home' is present

2023-10-04 20:46:09 - [MESSAGE][WARNING] - Timeout '0' is invalid. Using default page load timeout: '30'

2023-10-04 20:46:09 - [MESSAGE][PASSED] - Object 'Object Repository/Login/Home' is present

2023-10-04 20:46:09 - [TEST_STEP][PASSED] - click(findTestObject("Login/a_Login")): Object: 'Object Repository/Login/a_Login' is clicked on

2023-10-04 20:46:10 - [MESSAGE][PASSED] - Object: 'Object Repository/Login/a_Login' is clicked on

2023-10-04 20:46:10 - [TEST_STEP][PASSED] - verifyElementPresent(findTestObject("Login/Tittle Login"), 0): Object 'Object Repository/Login/Tittle Login' is present

2023-10-04 20:46:10 - [MESSAGE][WARNING] - Timeout '0' is invalid. Using default page load timeout: '30'

2023-10-04 20:46:10 - [MESSAGE][PASSED] - Object 'Object Repository/Login/Tittle Login' is present

2023-10-04 20:46:10 - [TEST_STEP][PASSED] - setText(findTestObject("Login/input_Username, Email atau No. Handphone_a"), "irfanafandi"): Text 'irfanafandi' is set on object 'Object Repository/Login/input_Username, Email atau No. Handphone_a'

2023-10-04 20:46:11 - [MESSAGE][PASSED] - Text 'irfanafandi' is set on object 'Object Repository/Login/input_Username, Email atau No. Handphone_a'

2023-10-04 20:46:11 - [TEST_STEP][PASSED] - setText(findTestObject("Login/input_Password_b"), "12345irfan"): Text '12345irfan' is set on object 'Object Repository/Login/input_Password_b'

2023-10-04 20:46:11 - [MESSAGE][PASSED] - Text '12345irfan' is set on object 'Object Repository/Login/input_Password_b'

2023-10-04 20:46:11 - [TEST_STEP][PASSED] - click(findTestObject("Login/button_Masuk")): Object: 'Object Repository/Login/button_Masuk' is clicked on

2023-10-04 20:46:13 - [MESSAGE][PASSED] - Object: 'Object Repository/Login/button_Masuk' is clicked on

2023-10-04 20:46:13 - [TEST_STEP][PASSED] - verifyElementPresent(findTestObject("Login/li_Profile"), 0): Object 'Object Repository/Login/li_Profile' is present

2023-10-04 20:46:13 - [MESSAGE][WARNING] - Timeout '0' is invalid. Using default page load timeout: '30'

2023-10-04 20:46:13 - [MESSAGE][PASSED] - Object 'Object Repository/Login/li_Profile' is present

2023-10-04 20:46:13 - [TEST_STEP][PASSED] - click(findTestObject("Konfirmasi pesanan shop/Menu Shop")): Object: 'Object Repository/Konfirmasi pesanan shop/Menu Shop' is clicked on

2023-10-04 20:46:14 - [MESSAGE][PASSED] - Object: 'Object Repository/Konfirmasi pesanan shop/Menu Shop' is clicked on

2023-10-04 20:46:14 - [TEST_STEP][PASSED] - click(findTestObject("Konfirmasi pesanan shop/Menu Shop")): Object: 'Object Repository/Konfirmasi pesanan shop/Menu Shop' is clicked on

2023-10-04 20:46:15 - [MESSAGE][PASSED] - Object: 'Object Repository/Konfirmasi pesanan shop/Menu Shop' is clicked on

2023-10-04 20:46:15 - [TEST_STEP][PASSED] - click(findTestObject("Traking Order/a_Tracking Orders")): Object: 'Object Repository/Traking Order/a_Tracking Orders' is clicked on

2023-10-04 20:46:16 - [MESSAGE][PASSED] - Object: 'Object Repository/Traking Order/a_Tracking Orders' is clicked on

2023-10-04 20:46:16 - [TEST_STEP][PASSED] - verifyElementPresent(findTestObject("Traking Order/Tittle Tracking Order"), 0): Object 'Object Repository/Traking Order/Tittle Tracking Order' is present

2023-10-04 20:46:16 - [MESSAGE][WARNING] - Timeout '0' is invalid. Using default page load timeout: '30'

2023-10-04 20:46:16 - [MESSAGE][PASSED] - Object 'Object Repository/Traking Order/Tittle Tracking Order' is present

2023-10-04 20:46:16 - [TEST_STEP][PASSED] - inv = data.get("invoice"): null

2023-10-04 20:46:16 - [TEST_STEP][PASSED] - setText(findTestObject("Traking Order/input_No Pesanan_a"), inv): Text 'TRX60.20231004204337' is set on object 'Object Repository/Traking Order/input_No Pesanan_a'

2023-10-04 20:46:17 - [MESSAGE][PASSED] - Text 'TRX60.20231004204337' is set on object 'Object Repository/Traking Order/input_No Pesanan_a'

2023-10-04 20:46:17 - [TEST_STEP][PASSED] - setText(findTestObject("Traking Order/input_Alamat E-mail_form-control"), "irfan@gmail.com"): Text 'irfan@gmail.com' is set on object 'Object Repository/Traking Order/input_Alamat E-mail_form-control'

2023-10-04 20:46:18 - [MESSAGE][PASSED] - Text 'irfan@gmail.com' is set on object 'Object Repository/Traking Order/input_Alamat E-mail_form-control'

2023-10-04 20:46:18 - [TEST_STEP][PASSED] - click(findTestObject("Traking Order/button_Lacak Pesanan")): Object: 'Object Repository/Traking Order/button_Lacak Pesanan' is clicked on

2023-10-04 20:46:21 - [MESSAGE][PASSED] - Object: 'Object Repository/Traking Order/button_Lacak Pesanan' is clicked on

2023-10-04 20:46:21 - [TEST_STEP][PASSED] - verifyElementPresent(findTestObject("Traking Order/Tittle nomor transaksi"), 0): Object 'Object Repository/Traking Order/Tittle nomor transaksi' is present

2023-10-04 20:46:21 - [MESSAGE][WARNING] - Timeout '0' is invalid. Using default page load timeout: '30'

2023-10-04 20:46:22 - [MESSAGE][PASSED] - Object 'Object Repository/Traking Order/Tittle nomor transaksi' is present

2023-10-04 20:46:22 - [TEST_STEP][PASSED] - Nama = getText(findTestObject("Object Repository/Traking Order/status traking/Nama Barang tracking order")): Text of object 'Object Repository/Traking Order/status traking/Nama Barang tracking order' is: 'Segitiga Instan Madeira - MDB5.3 Sunset'

2023-10-04 20:46:22 - [MESSAGE][PASSED] - Text of object 'Object Repository/Traking Order/status traking/Nama Barang tracking order' is: 'Segitiga Instan Madeira - MDB5.3 Sunset'

2023-10-04 20:46:22 - [TEST_STEP][PASSED] - Harga = getText(findTestObject("Object Repository/Traking Order/status traking/Harga Barang")): Text of object 'Object Repository/Traking Order/status traking/Harga Barang' is: '1,299'

2023-10-04 20:46:22 - [MESSAGE][PASSED] - Text of object 'Object Repository/Traking Order/status traking/Harga Barang' is: '1,299'

2023-10-04 20:46:22 - [TEST_STEP][PASSED] - name_product = data.get("nama_barang"): null

2023-10-04 20:46:22 - [TEST_STEP][PASSED] - price_product = data.get("price_barang"): null

2023-10-04 20:46:22 - [TEST_STEP][PASSED] - assert name_product.contains(Nama): null

2023-10-04 20:46:22 - [TEST_STEP][PASSED] - assert price_product.contains(Harga): null

2023-10-04 20:46:22 - [TEST_STEP][PASSED] - warnaa = getText(findTestObject("Object Repository/Traking Order/status traking/warna")): Text of object 'Object Repository/Traking Order/status traking/warna' is: 'Merah'

2023-10-04 20:46:23 - [MESSAGE][PASSED] - Text of object 'Object Repository/Traking Order/status traking/warna' is: 'Merah'

2023-10-04 20:46:23 - [TEST_STEP][PASSED] - ukurann = getText(findTestObject("Object Repository/Traking Order/status traking/Ukuruan")): Text of object 'Object Repository/Traking Order/status traking/Ukuruan' is: 'Menengah'

2023-10-04 20:46:23 - [MESSAGE][PASSED] - Text of object 'Object Repository/Traking Order/status traking/Ukuruan' is: 'Menengah'

2023-10-04 20:46:23 - [TEST_STEP][PASSED] - warna1 = data.get("Warna"): null

2023-10-04 20:46:23 - [TEST_STEP][PASSED] - ukuran1 = data.get("Ukuran"): null

2023-10-04 20:46:23 - [TEST_STEP][PASSED] - assert warnaa == warna1: null

2023-10-04 20:46:23 - [TEST_STEP][PASSED] - assert ukurann == ukuran1: null

2023-10-04 20:46:23 - [TEST_STEP][PASSED] - selesai = getText(findTestObject("Object Repository/Traking Order/status traking/status traking selesai")): Text of object 'Object Repository/Traking Order/status traking/status traking selesai' is: 'Selesai'

2023-10-04 20:46:23 - [MESSAGE][PASSED] - Text of object 'Object Repository/Traking Order/status traking/status traking selesai' is: 'Selesai'

2023-10-04 20:46:23 - [TEST_STEP][PASSED] - statusPembayaran = data.get("statusSelesai"): null

2023-10-04 20:46:23 - [TEST_STEP][PASSED] - assert selesai == statusPembayaran: null]]></system-out>
         <system-err><![CDATA[]]></system-err>
      </testcase>
      <testcase name="Test Cases/T13 Pembelian, Shipment dan Pembayaran/SU-005" time="22.69" classname="Test Cases/T13 Pembelian, Shipment dan Pembayaran/SU-005" status="FAILED">
         <failure type="FAILED" message="Test Cases/T13 Pembelian, Shipment dan Pembayaran/SU-005 FAILED.
Reason:
com.kms.katalon.core.exception.StepFailedException: Call Test Case 'Test Cases/T13 Pembelian, Shipment dan Pembayaran/SA-006' failed
	at com.kms.katalon.core.keyword.builtin.CallTestCaseKeyword$_callTestCase_closure1.doCall(CallTestCaseKeyword.groovy:63)
	at com.kms.katalon.core.keyword.builtin.CallTestCaseKeyword$_callTestCase_closure1.call(CallTestCaseKeyword.groovy)
	at com.kms.katalon.core.keyword.internal.KeywordMain.runKeyword(KeywordMain.groovy:75)
	at com.kms.katalon.core.keyword.builtin.CallTestCaseKeyword.callTestCase(CallTestCaseKeyword.groovy:81)
	at com.kms.katalon.core.keyword.builtin.CallTestCaseKeyword.execute(CallTestCaseKeyword.groovy:44)
	at com.kms.katalon.core.keyword.internal.KeywordExecutor.executeKeywordForPlatform(KeywordExecutor.groovy:74)
	at com.kms.katalon.core.keyword.BuiltinKeywords.callTestCase(BuiltinKeywords.groovy:310)
	at SU-005.run(SU-005:20)
	at com.kms.katalon.core.main.ScriptEngine.run(ScriptEngine.java:194)
	at com.kms.katalon.core.main.ScriptEngine.runScriptAsRawText(ScriptEngine.java:119)
	at com.kms.katalon.core.main.TestCaseExecutor.runScript(TestCaseExecutor.java:448)
	at com.kms.katalon.core.main.TestCaseExecutor.doExecute(TestCaseExecutor.java:439)
	at com.kms.katalon.core.main.TestCaseExecutor.processExecutionPhase(TestCaseExecutor.java:418)
	at com.kms.katalon.core.main.TestCaseExecutor.accessMainPhase(TestCaseExecutor.java:410)
	at com.kms.katalon.core.main.TestCaseExecutor.execute(TestCaseExecutor.java:285)
	at com.kms.katalon.core.common.CommonExecutor.accessTestCaseMainPhase(CommonExecutor.java:65)
	at com.kms.katalon.core.main.TestSuiteExecutor.accessTestSuiteMainPhase(TestSuiteExecutor.java:148)
	at com.kms.katalon.core.main.TestSuiteExecutor.execute(TestSuiteExecutor.java:106)
	at com.kms.katalon.core.main.TestCaseMain.startTestSuite(TestCaseMain.java:187)
	at com.kms.katalon.core.main.TestCaseMain$startTestSuite$0.call(Unknown Source)
	at TempTestSuite1696424348948.run(TempTestSuite1696424348948.groovy:36)
Caused by: com.kms.katalon.core.exception.StepFailedException: Call Test Case 'Test Cases/T13 Pembelian, Shipment dan Pembayaran/SA-002' failed
	at com.kms.katalon.core.keyword.builtin.CallTestCaseKeyword$_callTestCase_closure1.doCall(CallTestCaseKeyword.groovy:63)
	at com.kms.katalon.core.keyword.builtin.CallTestCaseKeyword$_callTestCase_closure1.call(CallTestCaseKeyword.groovy)
	at com.kms.katalon.core.keyword.internal.KeywordMain.runKeyword(KeywordMain.groovy:75)
	at com.kms.katalon.core.keyword.builtin.CallTestCaseKeyword.callTestCase(CallTestCaseKeyword.groovy:81)
	at com.kms.katalon.core.keyword.builtin.CallTestCaseKeyword.execute(CallTestCaseKeyword.groovy:44)
	at com.kms.katalon.core.keyword.internal.KeywordExecutor.executeKeywordForPlatform(KeywordExecutor.groovy:74)
	at com.kms.katalon.core.keyword.BuiltinKeywords.callTestCase(BuiltinKeywords.groovy:310)
	at SA-006.run(SA-006:20)
	at com.kms.katalon.core.main.ScriptEngine.run(ScriptEngine.java:194)
	at com.kms.katalon.core.main.ScriptEngine.runScriptAsRawText(ScriptEngine.java:119)
	at com.kms.katalon.core.main.TestCaseExecutor.runScript(TestCaseExecutor.java:448)
	at com.kms.katalon.core.main.TestCaseExecutor.doExecute(TestCaseExecutor.java:439)
	at com.kms.katalon.core.main.TestCaseExecutor.processExecutionPhase(TestCaseExecutor.java:418)
	at com.kms.katalon.core.main.TestCaseExecutor.accessMainPhase(TestCaseExecutor.java:410)
	at com.kms.katalon.core.main.TestCaseExecutor.execute(TestCaseExecutor.java:285)
	at com.kms.katalon.core.main.TestCaseMain.runTestCase(TestCaseMain.java:144)
	at com.kms.katalon.core.keyword.builtin.CallTestCaseKeyword$_callTestCase_closure1.doCall(CallTestCaseKeyword.groovy:59)
	... 20 more
Caused by: com.kms.katalon.core.exception.StepFailedException: Call Test Case 'Test Cases/T13 Pembelian, Shipment dan Pembayaran/SA-001' failed
	at com.kms.katalon.core.keyword.builtin.CallTestCaseKeyword$_callTestCase_closure1.doCall(CallTestCaseKeyword.groovy:63)
	at com.kms.katalon.core.keyword.builtin.CallTestCaseKeyword$_callTestCase_closure1.call(CallTestCaseKeyword.groovy)
	at com.kms.katalon.core.keyword.internal.KeywordMain.runKeyword(KeywordMain.groovy:75)
	at com.kms.katalon.core.keyword.builtin.CallTestCaseKeyword.callTestCase(CallTestCaseKeyword.groovy:81)
	at com.kms.katalon.core.keyword.builtin.CallTestCaseKeyword.execute(CallTestCaseKeyword.groovy:44)
	at com.kms.katalon.core.keyword.internal.KeywordExecutor.executeKeywordForPlatform(KeywordExecutor.groovy:74)
	at com.kms.katalon.core.keyword.BuiltinKeywords.callTestCase(BuiltinKeywords.groovy:310)
	at SA-002.run(SA-002:20)
	at com.kms.katalon.core.main.ScriptEngine.run(ScriptEngine.java:194)
	at com.kms.katalon.core.main.ScriptEngine.runScriptAsRawText(ScriptEngine.java:119)
	at com.kms.katalon.core.main.TestCaseExecutor.runScript(TestCaseExecutor.java:448)
	at com.kms.katalon.core.main.TestCaseExecutor.doExecute(TestCaseExecutor.java:439)
	at com.kms.katalon.core.main.TestCaseExecutor.processExecutionPhase(TestCaseExecutor.java:418)
	at com.kms.katalon.core.main.TestCaseExecutor.accessMainPhase(TestCaseExecutor.java:410)
	at com.kms.katalon.core.main.TestCaseExecutor.execute(TestCaseExecutor.java:285)
	at com.kms.katalon.core.main.TestCaseMain.runTestCase(TestCaseMain.java:144)
	at com.kms.katalon.core.keyword.builtin.CallTestCaseKeyword$_callTestCase_closure1.doCall(CallTestCaseKeyword.groovy:59)
	... 36 more
Caused by: com.kms.katalon.core.exception.StepFailedException: Call Test Case 'Test Cases/T13 Pembelian, Shipment dan Pembayaran/PBYA-001' failed
	at com.kms.katalon.core.keyword.builtin.CallTestCaseKeyword$_callTestCase_closure1.doCall(CallTestCaseKeyword.groovy:63)
	at com.kms.katalon.core.keyword.builtin.CallTestCaseKeyword$_callTestCase_closure1.call(CallTestCaseKeyword.groovy)
	at com.kms.katalon.core.keyword.internal.KeywordMain.runKeyword(KeywordMain.groovy:75)
	at com.kms.katalon.core.keyword.builtin.CallTestCaseKeyword.callTestCase(CallTestCaseKeyword.groovy:81)
	at com.kms.katalon.core.keyword.builtin.CallTestCaseKeyword.execute(CallTestCaseKeyword.groovy:44)
	at com.kms.katalon.core.keyword.internal.KeywordExecutor.executeKeywordForPlatform(KeywordExecutor.groovy:74)
	at com.kms.katalon.core.keyword.BuiltinKeywords.callTestCase(BuiltinKeywords.groovy:310)
	at SA-001.run(SA-001:20)
	at com.kms.katalon.core.main.ScriptEngine.run(ScriptEngine.java:194)
	at com.kms.katalon.core.main.ScriptEngine.runScriptAsRawText(ScriptEngine.java:119)
	at com.kms.katalon.core.main.TestCaseExecutor.runScript(TestCaseExecutor.java:448)
	at com.kms.katalon.core.main.TestCaseExecutor.doExecute(TestCaseExecutor.java:439)
	at com.kms.katalon.core.main.TestCaseExecutor.processExecutionPhase(TestCaseExecutor.java:418)
	at com.kms.katalon.core.main.TestCaseExecutor.accessMainPhase(TestCaseExecutor.java:410)
	at com.kms.katalon.core.main.TestCaseExecutor.execute(TestCaseExecutor.java:285)
	at com.kms.katalon.core.main.TestCaseMain.runTestCase(TestCaseMain.java:144)
	at com.kms.katalon.core.keyword.builtin.CallTestCaseKeyword$_callTestCase_closure1.doCall(CallTestCaseKeyword.groovy:59)
	... 52 more
Caused by: com.kms.katalon.core.exception.StepFailedException: Call Test Case 'Test Cases/T13 Pembelian, Shipment dan Pembayaran/PBY-004' failed
	at com.kms.katalon.core.keyword.builtin.CallTestCaseKeyword$_callTestCase_closure1.doCall(CallTestCaseKeyword.groovy:63)
	at com.kms.katalon.core.keyword.builtin.CallTestCaseKeyword$_callTestCase_closure1.call(CallTestCaseKeyword.groovy)
	at com.kms.katalon.core.keyword.internal.KeywordMain.runKeyword(KeywordMain.groovy:75)
	at com.kms.katalon.core.keyword.builtin.CallTestCaseKeyword.callTestCase(CallTestCaseKeyword.groovy:81)
	at com.kms.katalon.core.keyword.builtin.CallTestCaseKeyword.execute(CallTestCaseKeyword.groovy:44)
	at com.kms.katalon.core.keyword.internal.KeywordExecutor.executeKeywordForPlatform(KeywordExecutor.groovy:74)
	at com.kms.katalon.core.keyword.BuiltinKeywords.callTestCase(BuiltinKeywords.groovy:310)
	at PBYA-001.run(PBYA-001:20)
	at com.kms.katalon.core.main.ScriptEngine.run(ScriptEngine.java:194)
	at com.kms.katalon.core.main.ScriptEngine.runScriptAsRawText(ScriptEngine.java:119)
	at com.kms.katalon.core.main.TestCaseExecutor.runScript(TestCaseExecutor.java:448)
	at com.kms.katalon.core.main.TestCaseExecutor.doExecute(TestCaseExecutor.java:439)
	at com.kms.katalon.core.main.TestCaseExecutor.processExecutionPhase(TestCaseExecutor.java:418)
	at com.kms.katalon.core.main.TestCaseExecutor.accessMainPhase(TestCaseExecutor.java:410)
	at com.kms.katalon.core.main.TestCaseExecutor.execute(TestCaseExecutor.java:285)
	at com.kms.katalon.core.main.TestCaseMain.runTestCase(TestCaseMain.java:144)
	at com.kms.katalon.core.keyword.builtin.CallTestCaseKeyword$_callTestCase_closure1.doCall(CallTestCaseKeyword.groovy:59)
	... 68 more
Caused by: com.kms.katalon.core.exception.StepFailedException: Call Test Case 'Test Cases/T13 Pembelian, Shipment dan Pembayaran/PBY-001' failed
	at com.kms.katalon.core.keyword.builtin.CallTestCaseKeyword$_callTestCase_closure1.doCall(CallTestCaseKeyword.groovy:63)
	at com.kms.katalon.core.keyword.builtin.CallTestCaseKeyword$_callTestCase_closure1.call(CallTestCaseKeyword.groovy)
	at com.kms.katalon.core.keyword.internal.KeywordMain.runKeyword(KeywordMain.groovy:75)
	at com.kms.katalon.core.keyword.builtin.CallTestCaseKeyword.callTestCase(CallTestCaseKeyword.groovy:81)
	at com.kms.katalon.core.keyword.builtin.CallTestCaseKeyword.execute(CallTestCaseKeyword.groovy:44)
	at com.kms.katalon.core.keyword.internal.KeywordExecutor.executeKeywordForPlatform(KeywordExecutor.groovy:74)
	at com.kms.katalon.core.keyword.BuiltinKeywords.callTestCase(BuiltinKeywords.groovy:310)
	at PBY-004.run(PBY-004:20)
	at com.kms.katalon.core.main.ScriptEngine.run(ScriptEngine.java:194)
	at com.kms.katalon.core.main.ScriptEngine.runScriptAsRawText(ScriptEngine.java:119)
	at com.kms.katalon.core.main.TestCaseExecutor.runScript(TestCaseExecutor.java:448)
	at com.kms.katalon.core.main.TestCaseExecutor.doExecute(TestCaseExecutor.java:439)
	at com.kms.katalon.core.main.TestCaseExecutor.processExecutionPhase(TestCaseExecutor.java:418)
	at com.kms.katalon.core.main.TestCaseExecutor.accessMainPhase(TestCaseExecutor.java:410)
	at com.kms.katalon.core.main.TestCaseExecutor.execute(TestCaseExecutor.java:285)
	at com.kms.katalon.core.main.TestCaseMain.runTestCase(TestCaseMain.java:144)
	at com.kms.katalon.core.keyword.builtin.CallTestCaseKeyword$_callTestCase_closure1.doCall(CallTestCaseKeyword.groovy:59)
	... 84 more
Caused by: com.kms.katalon.core.exception.StepFailedException: Call Test Case 'Test Cases/T13 Pembelian, Shipment dan Pembayaran/PBL-004' failed
	at com.kms.katalon.core.keyword.builtin.CallTestCaseKeyword$_callTestCase_closure1.doCall(CallTestCaseKeyword.groovy:63)
	at com.kms.katalon.core.keyword.builtin.CallTestCaseKeyword$_callTestCase_closure1.call(CallTestCaseKeyword.groovy)
	at com.kms.katalon.core.keyword.internal.KeywordMain.runKeyword(KeywordMain.groovy:75)
	at com.kms.katalon.core.keyword.builtin.CallTestCaseKeyword.callTestCase(CallTestCaseKeyword.groovy:81)
	at com.kms.katalon.core.keyword.builtin.CallTestCaseKeyword.execute(CallTestCaseKeyword.groovy:44)
	at com.kms.katalon.core.keyword.internal.KeywordExecutor.executeKeywordForPlatform(KeywordExecutor.groovy:74)
	at com.kms.katalon.core.keyword.BuiltinKeywords.callTestCase(BuiltinKeywords.groovy:310)
	at PBY-001.run(PBY-001:20)
	at com.kms.katalon.core.main.ScriptEngine.run(ScriptEngine.java:194)
	at com.kms.katalon.core.main.ScriptEngine.runScriptAsRawText(ScriptEngine.java:119)
	at com.kms.katalon.core.main.TestCaseExecutor.runScript(TestCaseExecutor.java:448)
	at com.kms.katalon.core.main.TestCaseExecutor.doExecute(TestCaseExecutor.java:439)
	at com.kms.katalon.core.main.TestCaseExecutor.processExecutionPhase(TestCaseExecutor.java:418)
	at com.kms.katalon.core.main.TestCaseExecutor.accessMainPhase(TestCaseExecutor.java:410)
	at com.kms.katalon.core.main.TestCaseExecutor.execute(TestCaseExecutor.java:285)
	at com.kms.katalon.core.main.TestCaseMain.runTestCase(TestCaseMain.java:144)
	at com.kms.katalon.core.keyword.builtin.CallTestCaseKeyword$_callTestCase_closure1.doCall(CallTestCaseKeyword.groovy:59)
	... 100 more
Caused by: com.kms.katalon.core.exception.StepFailedException: Call Test Case 'Test Cases/T13 Pembelian, Shipment dan Pembayaran/PBL-002' failed
	at com.kms.katalon.core.keyword.builtin.CallTestCaseKeyword$_callTestCase_closure1.doCall(CallTestCaseKeyword.groovy:63)
	at com.kms.katalon.core.keyword.builtin.CallTestCaseKeyword$_callTestCase_closure1.call(CallTestCaseKeyword.groovy)
	at com.kms.katalon.core.keyword.internal.KeywordMain.runKeyword(KeywordMain.groovy:75)
	at com.kms.katalon.core.keyword.builtin.CallTestCaseKeyword.callTestCase(CallTestCaseKeyword.groovy:81)
	at com.kms.katalon.core.keyword.builtin.CallTestCaseKeyword.execute(CallTestCaseKeyword.groovy:44)
	at com.kms.katalon.core.keyword.internal.KeywordExecutor.executeKeywordForPlatform(KeywordExecutor.groovy:74)
	at com.kms.katalon.core.keyword.BuiltinKeywords.callTestCase(BuiltinKeywords.groovy:310)
	at PBL-004.run(PBL-004:20)
	at com.kms.katalon.core.main.ScriptEngine.run(ScriptEngine.java:194)
	at com.kms.katalon.core.main.ScriptEngine.runScriptAsRawText(ScriptEngine.java:119)
	at com.kms.katalon.core.main.TestCaseExecutor.runScript(TestCaseExecutor.java:448)
	at com.kms.katalon.core.main.TestCaseExecutor.doExecute(TestCaseExecutor.java:439)
	at com.kms.katalon.core.main.TestCaseExecutor.processExecutionPhase(TestCaseExecutor.java:418)
	at com.kms.katalon.core.main.TestCaseExecutor.accessMainPhase(TestCaseExecutor.java:410)
	at com.kms.katalon.core.main.TestCaseExecutor.execute(TestCaseExecutor.java:285)
	at com.kms.katalon.core.main.TestCaseMain.runTestCase(TestCaseMain.java:144)
	at com.kms.katalon.core.keyword.builtin.CallTestCaseKeyword$_callTestCase_closure1.doCall(CallTestCaseKeyword.groovy:59)
	... 116 more
Caused by: com.kms.katalon.core.exception.StepFailedException: Call Test Case 'Test Cases/T13 Pembelian, Shipment dan Pembayaran/PBL-001' failed
	at com.kms.katalon.core.keyword.builtin.CallTestCaseKeyword$_callTestCase_closure1.doCall(CallTestCaseKeyword.groovy:63)
	at com.kms.katalon.core.keyword.builtin.CallTestCaseKeyword$_callTestCase_closure1.call(CallTestCaseKeyword.groovy)
	at com.kms.katalon.core.keyword.internal.KeywordMain.runKeyword(KeywordMain.groovy:75)
	at com.kms.katalon.core.keyword.builtin.CallTestCaseKeyword.callTestCase(CallTestCaseKeyword.groovy:81)
	at com.kms.katalon.core.keyword.builtin.CallTestCaseKeyword.execute(CallTestCaseKeyword.groovy:44)
	at com.kms.katalon.core.keyword.internal.KeywordExecutor.executeKeywordForPlatform(KeywordExecutor.groovy:74)
	at com.kms.katalon.core.keyword.BuiltinKeywords.callTestCase(BuiltinKeywords.groovy:310)
	at PBL-002.run(PBL-002:20)
	at com.kms.katalon.core.main.ScriptEngine.run(ScriptEngine.java:194)
	at com.kms.katalon.core.main.ScriptEngine.runScriptAsRawText(ScriptEngine.java:119)
	at com.kms.katalon.core.main.TestCaseExecutor.runScript(TestCaseExecutor.java:448)
	at com.kms.katalon.core.main.TestCaseExecutor.doExecute(TestCaseExecutor.java:439)
	at com.kms.katalon.core.main.TestCaseExecutor.processExecutionPhase(TestCaseExecutor.java:418)
	at com.kms.katalon.core.main.TestCaseExecutor.accessMainPhase(TestCaseExecutor.java:410)
	at com.kms.katalon.core.main.TestCaseExecutor.execute(TestCaseExecutor.java:285)
	at com.kms.katalon.core.main.TestCaseMain.runTestCase(TestCaseMain.java:144)
	at com.kms.katalon.core.keyword.builtin.CallTestCaseKeyword$_callTestCase_closure1.doCall(CallTestCaseKeyword.groovy:59)
	... 132 more
Caused by: Assertion failed: 

assert NamaSesudah.contains(NamaSebelum)
       |           |        |
       |           false    Segitiga Instan Madeira - MDB5.3 Sunse,..
       Segitiga Instan Madeira - MDB5.3 Sunset

	at PBL-001.run(PBL-001:39)
	at com.kms.katalon.core.main.ScriptEngine.run(ScriptEngine.java:194)
	at com.kms.katalon.core.main.ScriptEngine.runScriptAsRawText(ScriptEngine.java:119)
	at com.kms.katalon.core.main.TestCaseExecutor.runScript(TestCaseExecutor.java:448)
	at com.kms.katalon.core.main.TestCaseExecutor.doExecute(TestCaseExecutor.java:439)
	at com.kms.katalon.core.main.TestCaseExecutor.processExecutionPhase(TestCaseExecutor.java:418)
	at com.kms.katalon.core.main.TestCaseExecutor.accessMainPhase(TestCaseExecutor.java:410)
	at com.kms.katalon.core.main.TestCaseExecutor.execute(TestCaseExecutor.java:285)
	at com.kms.katalon.core.main.TestCaseMain.runTestCase(TestCaseMain.java:144)
	at com.kms.katalon.core.keyword.builtin.CallTestCaseKeyword$_callTestCase_closure1.doCall(CallTestCaseKeyword.groovy:59)
	... 148 more
"/>
         <system-out><![CDATA[2023-10-04 20:46:23 - [TEST_CASE][FAILED] - Test Cases/T13 Pembelian, Shipment dan Pembayaran/SU-005: Test Cases/T13 Pembelian, Shipment dan Pembayaran/SU-005 FAILED.
Reason:
com.kms.katalon.core.exception.StepFailedException: Call Test Case 'Test Cases/T13 Pembelian, Shipment dan Pembayaran/SA-006' failed
	at com.kms.katalon.core.keyword.builtin.CallTestCaseKeyword$_callTestCase_closure1.doCall(CallTestCaseKeyword.groovy:63)
	at com.kms.katalon.core.keyword.builtin.CallTestCaseKeyword$_callTestCase_closure1.call(CallTestCaseKeyword.groovy)
	at com.kms.katalon.core.keyword.internal.KeywordMain.runKeyword(KeywordMain.groovy:75)
	at com.kms.katalon.core.keyword.builtin.CallTestCaseKeyword.callTestCase(CallTestCaseKeyword.groovy:81)
	at com.kms.katalon.core.keyword.builtin.CallTestCaseKeyword.execute(CallTestCaseKeyword.groovy:44)
	at com.kms.katalon.core.keyword.internal.KeywordExecutor.executeKeywordForPlatform(KeywordExecutor.groovy:74)
	at com.kms.katalon.core.keyword.BuiltinKeywords.callTestCase(BuiltinKeywords.groovy:310)
	at SU-005.run(SU-005:20)
	at com.kms.katalon.core.main.ScriptEngine.run(ScriptEngine.java:194)
	at com.kms.katalon.core.main.ScriptEngine.runScriptAsRawText(ScriptEngine.java:119)
	at com.kms.katalon.core.main.TestCaseExecutor.runScript(TestCaseExecutor.java:448)
	at com.kms.katalon.core.main.TestCaseExecutor.doExecute(TestCaseExecutor.java:439)
	at com.kms.katalon.core.main.TestCaseExecutor.processExecutionPhase(TestCaseExecutor.java:418)
	at com.kms.katalon.core.main.TestCaseExecutor.accessMainPhase(TestCaseExecutor.java:410)
	at com.kms.katalon.core.main.TestCaseExecutor.execute(TestCaseExecutor.java:285)
	at com.kms.katalon.core.common.CommonExecutor.accessTestCaseMainPhase(CommonExecutor.java:65)
	at com.kms.katalon.core.main.TestSuiteExecutor.accessTestSuiteMainPhase(TestSuiteExecutor.java:148)
	at com.kms.katalon.core.main.TestSuiteExecutor.execute(TestSuiteExecutor.java:106)
	at com.kms.katalon.core.main.TestCaseMain.startTestSuite(TestCaseMain.java:187)
	at com.kms.katalon.core.main.TestCaseMain$startTestSuite$0.call(Unknown Source)
	at TempTestSuite1696424348948.run(TempTestSuite1696424348948.groovy:36)
Caused by: com.kms.katalon.core.exception.StepFailedException: Call Test Case 'Test Cases/T13 Pembelian, Shipment dan Pembayaran/SA-002' failed
	at com.kms.katalon.core.keyword.builtin.CallTestCaseKeyword$_callTestCase_closure1.doCall(CallTestCaseKeyword.groovy:63)
	at com.kms.katalon.core.keyword.builtin.CallTestCaseKeyword$_callTestCase_closure1.call(CallTestCaseKeyword.groovy)
	at com.kms.katalon.core.keyword.internal.KeywordMain.runKeyword(KeywordMain.groovy:75)
	at com.kms.katalon.core.keyword.builtin.CallTestCaseKeyword.callTestCase(CallTestCaseKeyword.groovy:81)
	at com.kms.katalon.core.keyword.builtin.CallTestCaseKeyword.execute(CallTestCaseKeyword.groovy:44)
	at com.kms.katalon.core.keyword.internal.KeywordExecutor.executeKeywordForPlatform(KeywordExecutor.groovy:74)
	at com.kms.katalon.core.keyword.BuiltinKeywords.callTestCase(BuiltinKeywords.groovy:310)
	at SA-006.run(SA-006:20)
	at com.kms.katalon.core.main.ScriptEngine.run(ScriptEngine.java:194)
	at com.kms.katalon.core.main.ScriptEngine.runScriptAsRawText(ScriptEngine.java:119)
	at com.kms.katalon.core.main.TestCaseExecutor.runScript(TestCaseExecutor.java:448)
	at com.kms.katalon.core.main.TestCaseExecutor.doExecute(TestCaseExecutor.java:439)
	at com.kms.katalon.core.main.TestCaseExecutor.processExecutionPhase(TestCaseExecutor.java:418)
	at com.kms.katalon.core.main.TestCaseExecutor.accessMainPhase(TestCaseExecutor.java:410)
	at com.kms.katalon.core.main.TestCaseExecutor.execute(TestCaseExecutor.java:285)
	at com.kms.katalon.core.main.TestCaseMain.runTestCase(TestCaseMain.java:144)
	at com.kms.katalon.core.keyword.builtin.CallTestCaseKeyword$_callTestCase_closure1.doCall(CallTestCaseKeyword.groovy:59)
	... 20 more
Caused by: com.kms.katalon.core.exception.StepFailedException: Call Test Case 'Test Cases/T13 Pembelian, Shipment dan Pembayaran/SA-001' failed
	at com.kms.katalon.core.keyword.builtin.CallTestCaseKeyword$_callTestCase_closure1.doCall(CallTestCaseKeyword.groovy:63)
	at com.kms.katalon.core.keyword.builtin.CallTestCaseKeyword$_callTestCase_closure1.call(CallTestCaseKeyword.groovy)
	at com.kms.katalon.core.keyword.internal.KeywordMain.runKeyword(KeywordMain.groovy:75)
	at com.kms.katalon.core.keyword.builtin.CallTestCaseKeyword.callTestCase(CallTestCaseKeyword.groovy:81)
	at com.kms.katalon.core.keyword.builtin.CallTestCaseKeyword.execute(CallTestCaseKeyword.groovy:44)
	at com.kms.katalon.core.keyword.internal.KeywordExecutor.executeKeywordForPlatform(KeywordExecutor.groovy:74)
	at com.kms.katalon.core.keyword.BuiltinKeywords.callTestCase(BuiltinKeywords.groovy:310)
	at SA-002.run(SA-002:20)
	at com.kms.katalon.core.main.ScriptEngine.run(ScriptEngine.java:194)
	at com.kms.katalon.core.main.ScriptEngine.runScriptAsRawText(ScriptEngine.java:119)
	at com.kms.katalon.core.main.TestCaseExecutor.runScript(TestCaseExecutor.java:448)
	at com.kms.katalon.core.main.TestCaseExecutor.doExecute(TestCaseExecutor.java:439)
	at com.kms.katalon.core.main.TestCaseExecutor.processExecutionPhase(TestCaseExecutor.java:418)
	at com.kms.katalon.core.main.TestCaseExecutor.accessMainPhase(TestCaseExecutor.java:410)
	at com.kms.katalon.core.main.TestCaseExecutor.execute(TestCaseExecutor.java:285)
	at com.kms.katalon.core.main.TestCaseMain.runTestCase(TestCaseMain.java:144)
	at com.kms.katalon.core.keyword.builtin.CallTestCaseKeyword$_callTestCase_closure1.doCall(CallTestCaseKeyword.groovy:59)
	... 36 more
Caused by: com.kms.katalon.core.exception.StepFailedException: Call Test Case 'Test Cases/T13 Pembelian, Shipment dan Pembayaran/PBYA-001' failed
	at com.kms.katalon.core.keyword.builtin.CallTestCaseKeyword$_callTestCase_closure1.doCall(CallTestCaseKeyword.groovy:63)
	at com.kms.katalon.core.keyword.builtin.CallTestCaseKeyword$_callTestCase_closure1.call(CallTestCaseKeyword.groovy)
	at com.kms.katalon.core.keyword.internal.KeywordMain.runKeyword(KeywordMain.groovy:75)
	at com.kms.katalon.core.keyword.builtin.CallTestCaseKeyword.callTestCase(CallTestCaseKeyword.groovy:81)
	at com.kms.katalon.core.keyword.builtin.CallTestCaseKeyword.execute(CallTestCaseKeyword.groovy:44)
	at com.kms.katalon.core.keyword.internal.KeywordExecutor.executeKeywordForPlatform(KeywordExecutor.groovy:74)
	at com.kms.katalon.core.keyword.BuiltinKeywords.callTestCase(BuiltinKeywords.groovy:310)
	at SA-001.run(SA-001:20)
	at com.kms.katalon.core.main.ScriptEngine.run(ScriptEngine.java:194)
	at com.kms.katalon.core.main.ScriptEngine.runScriptAsRawText(ScriptEngine.java:119)
	at com.kms.katalon.core.main.TestCaseExecutor.runScript(TestCaseExecutor.java:448)
	at com.kms.katalon.core.main.TestCaseExecutor.doExecute(TestCaseExecutor.java:439)
	at com.kms.katalon.core.main.TestCaseExecutor.processExecutionPhase(TestCaseExecutor.java:418)
	at com.kms.katalon.core.main.TestCaseExecutor.accessMainPhase(TestCaseExecutor.java:410)
	at com.kms.katalon.core.main.TestCaseExecutor.execute(TestCaseExecutor.java:285)
	at com.kms.katalon.core.main.TestCaseMain.runTestCase(TestCaseMain.java:144)
	at com.kms.katalon.core.keyword.builtin.CallTestCaseKeyword$_callTestCase_closure1.doCall(CallTestCaseKeyword.groovy:59)
	... 52 more
Caused by: com.kms.katalon.core.exception.StepFailedException: Call Test Case 'Test Cases/T13 Pembelian, Shipment dan Pembayaran/PBY-004' failed
	at com.kms.katalon.core.keyword.builtin.CallTestCaseKeyword$_callTestCase_closure1.doCall(CallTestCaseKeyword.groovy:63)
	at com.kms.katalon.core.keyword.builtin.CallTestCaseKeyword$_callTestCase_closure1.call(CallTestCaseKeyword.groovy)
	at com.kms.katalon.core.keyword.internal.KeywordMain.runKeyword(KeywordMain.groovy:75)
	at com.kms.katalon.core.keyword.builtin.CallTestCaseKeyword.callTestCase(CallTestCaseKeyword.groovy:81)
	at com.kms.katalon.core.keyword.builtin.CallTestCaseKeyword.execute(CallTestCaseKeyword.groovy:44)
	at com.kms.katalon.core.keyword.internal.KeywordExecutor.executeKeywordForPlatform(KeywordExecutor.groovy:74)
	at com.kms.katalon.core.keyword.BuiltinKeywords.callTestCase(BuiltinKeywords.groovy:310)
	at PBYA-001.run(PBYA-001:20)
	at com.kms.katalon.core.main.ScriptEngine.run(ScriptEngine.java:194)
	at com.kms.katalon.core.main.ScriptEngine.runScriptAsRawText(ScriptEngine.java:119)
	at com.kms.katalon.core.main.TestCaseExecutor.runScript(TestCaseExecutor.java:448)
	at com.kms.katalon.core.main.TestCaseExecutor.doExecute(TestCaseExecutor.java:439)
	at com.kms.katalon.core.main.TestCaseExecutor.processExecutionPhase(TestCaseExecutor.java:418)
	at com.kms.katalon.core.main.TestCaseExecutor.accessMainPhase(TestCaseExecutor.java:410)
	at com.kms.katalon.core.main.TestCaseExecutor.execute(TestCaseExecutor.java:285)
	at com.kms.katalon.core.main.TestCaseMain.runTestCase(TestCaseMain.java:144)
	at com.kms.katalon.core.keyword.builtin.CallTestCaseKeyword$_callTestCase_closure1.doCall(CallTestCaseKeyword.groovy:59)
	... 68 more
Caused by: com.kms.katalon.core.exception.StepFailedException: Call Test Case 'Test Cases/T13 Pembelian, Shipment dan Pembayaran/PBY-001' failed
	at com.kms.katalon.core.keyword.builtin.CallTestCaseKeyword$_callTestCase_closure1.doCall(CallTestCaseKeyword.groovy:63)
	at com.kms.katalon.core.keyword.builtin.CallTestCaseKeyword$_callTestCase_closure1.call(CallTestCaseKeyword.groovy)
	at com.kms.katalon.core.keyword.internal.KeywordMain.runKeyword(KeywordMain.groovy:75)
	at com.kms.katalon.core.keyword.builtin.CallTestCaseKeyword.callTestCase(CallTestCaseKeyword.groovy:81)
	at com.kms.katalon.core.keyword.builtin.CallTestCaseKeyword.execute(CallTestCaseKeyword.groovy:44)
	at com.kms.katalon.core.keyword.internal.KeywordExecutor.executeKeywordForPlatform(KeywordExecutor.groovy:74)
	at com.kms.katalon.core.keyword.BuiltinKeywords.callTestCase(BuiltinKeywords.groovy:310)
	at PBY-004.run(PBY-004:20)
	at com.kms.katalon.core.main.ScriptEngine.run(ScriptEngine.java:194)
	at com.kms.katalon.core.main.ScriptEngine.runScriptAsRawText(ScriptEngine.java:119)
	at com.kms.katalon.core.main.TestCaseExecutor.runScript(TestCaseExecutor.java:448)
	at com.kms.katalon.core.main.TestCaseExecutor.doExecute(TestCaseExecutor.java:439)
	at com.kms.katalon.core.main.TestCaseExecutor.processExecutionPhase(TestCaseExecutor.java:418)
	at com.kms.katalon.core.main.TestCaseExecutor.accessMainPhase(TestCaseExecutor.java:410)
	at com.kms.katalon.core.main.TestCaseExecutor.execute(TestCaseExecutor.java:285)
	at com.kms.katalon.core.main.TestCaseMain.runTestCase(TestCaseMain.java:144)
	at com.kms.katalon.core.keyword.builtin.CallTestCaseKeyword$_callTestCase_closure1.doCall(CallTestCaseKeyword.groovy:59)
	... 84 more
Caused by: com.kms.katalon.core.exception.StepFailedException: Call Test Case 'Test Cases/T13 Pembelian, Shipment dan Pembayaran/PBL-004' failed
	at com.kms.katalon.core.keyword.builtin.CallTestCaseKeyword$_callTestCase_closure1.doCall(CallTestCaseKeyword.groovy:63)
	at com.kms.katalon.core.keyword.builtin.CallTestCaseKeyword$_callTestCase_closure1.call(CallTestCaseKeyword.groovy)
	at com.kms.katalon.core.keyword.internal.KeywordMain.runKeyword(KeywordMain.groovy:75)
	at com.kms.katalon.core.keyword.builtin.CallTestCaseKeyword.callTestCase(CallTestCaseKeyword.groovy:81)
	at com.kms.katalon.core.keyword.builtin.CallTestCaseKeyword.execute(CallTestCaseKeyword.groovy:44)
	at com.kms.katalon.core.keyword.internal.KeywordExecutor.executeKeywordForPlatform(KeywordExecutor.groovy:74)
	at com.kms.katalon.core.keyword.BuiltinKeywords.callTestCase(BuiltinKeywords.groovy:310)
	at PBY-001.run(PBY-001:20)
	at com.kms.katalon.core.main.ScriptEngine.run(ScriptEngine.java:194)
	at com.kms.katalon.core.main.ScriptEngine.runScriptAsRawText(ScriptEngine.java:119)
	at com.kms.katalon.core.main.TestCaseExecutor.runScript(TestCaseExecutor.java:448)
	at com.kms.katalon.core.main.TestCaseExecutor.doExecute(TestCaseExecutor.java:439)
	at com.kms.katalon.core.main.TestCaseExecutor.processExecutionPhase(TestCaseExecutor.java:418)
	at com.kms.katalon.core.main.TestCaseExecutor.accessMainPhase(TestCaseExecutor.java:410)
	at com.kms.katalon.core.main.TestCaseExecutor.execute(TestCaseExecutor.java:285)
	at com.kms.katalon.core.main.TestCaseMain.runTestCase(TestCaseMain.java:144)
	at com.kms.katalon.core.keyword.builtin.CallTestCaseKeyword$_callTestCase_closure1.doCall(CallTestCaseKeyword.groovy:59)
	... 100 more
Caused by: com.kms.katalon.core.exception.StepFailedException: Call Test Case 'Test Cases/T13 Pembelian, Shipment dan Pembayaran/PBL-002' failed
	at com.kms.katalon.core.keyword.builtin.CallTestCaseKeyword$_callTestCase_closure1.doCall(CallTestCaseKeyword.groovy:63)
	at com.kms.katalon.core.keyword.builtin.CallTestCaseKeyword$_callTestCase_closure1.call(CallTestCaseKeyword.groovy)
	at com.kms.katalon.core.keyword.internal.KeywordMain.runKeyword(KeywordMain.groovy:75)
	at com.kms.katalon.core.keyword.builtin.CallTestCaseKeyword.callTestCase(CallTestCaseKeyword.groovy:81)
	at com.kms.katalon.core.keyword.builtin.CallTestCaseKeyword.execute(CallTestCaseKeyword.groovy:44)
	at com.kms.katalon.core.keyword.internal.KeywordExecutor.executeKeywordForPlatform(KeywordExecutor.groovy:74)
	at com.kms.katalon.core.keyword.BuiltinKeywords.callTestCase(BuiltinKeywords.groovy:310)
	at PBL-004.run(PBL-004:20)
	at com.kms.katalon.core.main.ScriptEngine.run(ScriptEngine.java:194)
	at com.kms.katalon.core.main.ScriptEngine.runScriptAsRawText(ScriptEngine.java:119)
	at com.kms.katalon.core.main.TestCaseExecutor.runScript(TestCaseExecutor.java:448)
	at com.kms.katalon.core.main.TestCaseExecutor.doExecute(TestCaseExecutor.java:439)
	at com.kms.katalon.core.main.TestCaseExecutor.processExecutionPhase(TestCaseExecutor.java:418)
	at com.kms.katalon.core.main.TestCaseExecutor.accessMainPhase(TestCaseExecutor.java:410)
	at com.kms.katalon.core.main.TestCaseExecutor.execute(TestCaseExecutor.java:285)
	at com.kms.katalon.core.main.TestCaseMain.runTestCase(TestCaseMain.java:144)
	at com.kms.katalon.core.keyword.builtin.CallTestCaseKeyword$_callTestCase_closure1.doCall(CallTestCaseKeyword.groovy:59)
	... 116 more
Caused by: com.kms.katalon.core.exception.StepFailedException: Call Test Case 'Test Cases/T13 Pembelian, Shipment dan Pembayaran/PBL-001' failed
	at com.kms.katalon.core.keyword.builtin.CallTestCaseKeyword$_callTestCase_closure1.doCall(CallTestCaseKeyword.groovy:63)
	at com.kms.katalon.core.keyword.builtin.CallTestCaseKeyword$_callTestCase_closure1.call(CallTestCaseKeyword.groovy)
	at com.kms.katalon.core.keyword.internal.KeywordMain.runKeyword(KeywordMain.groovy:75)
	at com.kms.katalon.core.keyword.builtin.CallTestCaseKeyword.callTestCase(CallTestCaseKeyword.groovy:81)
	at com.kms.katalon.core.keyword.builtin.CallTestCaseKeyword.execute(CallTestCaseKeyword.groovy:44)
	at com.kms.katalon.core.keyword.internal.KeywordExecutor.executeKeywordForPlatform(KeywordExecutor.groovy:74)
	at com.kms.katalon.core.keyword.BuiltinKeywords.callTestCase(BuiltinKeywords.groovy:310)
	at PBL-002.run(PBL-002:20)
	at com.kms.katalon.core.main.ScriptEngine.run(ScriptEngine.java:194)
	at com.kms.katalon.core.main.ScriptEngine.runScriptAsRawText(ScriptEngine.java:119)
	at com.kms.katalon.core.main.TestCaseExecutor.runScript(TestCaseExecutor.java:448)
	at com.kms.katalon.core.main.TestCaseExecutor.doExecute(TestCaseExecutor.java:439)
	at com.kms.katalon.core.main.TestCaseExecutor.processExecutionPhase(TestCaseExecutor.java:418)
	at com.kms.katalon.core.main.TestCaseExecutor.accessMainPhase(TestCaseExecutor.java:410)
	at com.kms.katalon.core.main.TestCaseExecutor.execute(TestCaseExecutor.java:285)
	at com.kms.katalon.core.main.TestCaseMain.runTestCase(TestCaseMain.java:144)
	at com.kms.katalon.core.keyword.builtin.CallTestCaseKeyword$_callTestCase_closure1.doCall(CallTestCaseKeyword.groovy:59)
	... 132 more
Caused by: Assertion failed: 

assert NamaSesudah.contains(NamaSebelum)
       |           |        |
       |           false    Segitiga Instan Madeira - MDB5.3 Sunse,..
       Segitiga Instan Madeira - MDB5.3 Sunset

	at PBL-001.run(PBL-001:39)
	at com.kms.katalon.core.main.ScriptEngine.run(ScriptEngine.java:194)
	at com.kms.katalon.core.main.ScriptEngine.runScriptAsRawText(ScriptEngine.java:119)
	at com.kms.katalon.core.main.TestCaseExecutor.runScript(TestCaseExecutor.java:448)
	at com.kms.katalon.core.main.TestCaseExecutor.doExecute(TestCaseExecutor.java:439)
	at com.kms.katalon.core.main.TestCaseExecutor.processExecutionPhase(TestCaseExecutor.java:418)
	at com.kms.katalon.core.main.TestCaseExecutor.accessMainPhase(TestCaseExecutor.java:410)
	at com.kms.katalon.core.main.TestCaseExecutor.execute(TestCaseExecutor.java:285)
	at com.kms.katalon.core.main.TestCaseMain.runTestCase(TestCaseMain.java:144)
	at com.kms.katalon.core.keyword.builtin.CallTestCaseKeyword$_callTestCase_closure1.doCall(CallTestCaseKeyword.groovy:59)
	... 148 more


2023-10-04 20:46:24 - [TEST_STEP][FAILED] - data = callTestCase(findTestCase("T13 Pembelian, Shipment dan Pembayaran/SA-006"), [:], STOP_ON_FAILURE): Unable to call Test Case 'Test Cases/T13 Pembelian, Shipment dan Pembayaran/SA-006' (Root cause: com.kms.katalon.core.exception.StepFailedException: Call Test Case 'Test Cases/T13 Pembelian, Shipment dan Pembayaran/SA-006' failed
	at com.kms.katalon.core.keyword.builtin.CallTestCaseKeyword$_callTestCase_closure1.doCall(CallTestCaseKeyword.groovy:63)
	at com.kms.katalon.core.keyword.builtin.CallTestCaseKeyword$_callTestCase_closure1.call(CallTestCaseKeyword.groovy)
	at com.kms.katalon.core.keyword.internal.KeywordMain.runKeyword(KeywordMain.groovy:75)
	at com.kms.katalon.core.keyword.builtin.CallTestCaseKeyword.callTestCase(CallTestCaseKeyword.groovy:81)
	at com.kms.katalon.core.keyword.builtin.CallTestCaseKeyword.execute(CallTestCaseKeyword.groovy:44)
	at com.kms.katalon.core.keyword.internal.KeywordExecutor.executeKeywordForPlatform(KeywordExecutor.groovy:74)
	at com.kms.katalon.core.keyword.BuiltinKeywords.callTestCase(BuiltinKeywords.groovy:310)
	at SU-005.run(SU-005:20)
	at com.kms.katalon.core.main.ScriptEngine.run(ScriptEngine.java:194)
	at com.kms.katalon.core.main.ScriptEngine.runScriptAsRawText(ScriptEngine.java:119)
	at com.kms.katalon.core.main.TestCaseExecutor.runScript(TestCaseExecutor.java:448)
	at com.kms.katalon.core.main.TestCaseExecutor.doExecute(TestCaseExecutor.java:439)
	at com.kms.katalon.core.main.TestCaseExecutor.processExecutionPhase(TestCaseExecutor.java:418)
	at com.kms.katalon.core.main.TestCaseExecutor.accessMainPhase(TestCaseExecutor.java:410)
	at com.kms.katalon.core.main.TestCaseExecutor.execute(TestCaseExecutor.java:285)
	at com.kms.katalon.core.common.CommonExecutor.accessTestCaseMainPhase(CommonExecutor.java:65)
	at com.kms.katalon.core.main.TestSuiteExecutor.accessTestSuiteMainPhase(TestSuiteExecutor.java:148)
	at com.kms.katalon.core.main.TestSuiteExecutor.execute(TestSuiteExecutor.java:106)
	at com.kms.katalon.core.main.TestCaseMain.startTestSuite(TestCaseMain.java:187)
	at com.kms.katalon.core.main.TestCaseMain$startTestSuite$0.call(Unknown Source)
	at TempTestSuite1696424348948.run(TempTestSuite1696424348948.groovy:36)
Caused by: com.kms.katalon.core.exception.StepFailedException: Call Test Case 'Test Cases/T13 Pembelian, Shipment dan Pembayaran/SA-002' failed
	at com.kms.katalon.core.keyword.builtin.CallTestCaseKeyword$_callTestCase_closure1.doCall(CallTestCaseKeyword.groovy:63)
	at com.kms.katalon.core.keyword.builtin.CallTestCaseKeyword$_callTestCase_closure1.call(CallTestCaseKeyword.groovy)
	at com.kms.katalon.core.keyword.internal.KeywordMain.runKeyword(KeywordMain.groovy:75)
	at com.kms.katalon.core.keyword.builtin.CallTestCaseKeyword.callTestCase(CallTestCaseKeyword.groovy:81)
	at com.kms.katalon.core.keyword.builtin.CallTestCaseKeyword.execute(CallTestCaseKeyword.groovy:44)
	at com.kms.katalon.core.keyword.internal.KeywordExecutor.executeKeywordForPlatform(KeywordExecutor.groovy:74)
	at com.kms.katalon.core.keyword.BuiltinKeywords.callTestCase(BuiltinKeywords.groovy:310)
	at SA-006.run(SA-006:20)
	at com.kms.katalon.core.main.ScriptEngine.run(ScriptEngine.java:194)
	at com.kms.katalon.core.main.ScriptEngine.runScriptAsRawText(ScriptEngine.java:119)
	at com.kms.katalon.core.main.TestCaseExecutor.runScript(TestCaseExecutor.java:448)
	at com.kms.katalon.core.main.TestCaseExecutor.doExecute(TestCaseExecutor.java:439)
	at com.kms.katalon.core.main.TestCaseExecutor.processExecutionPhase(TestCaseExecutor.java:418)
	at com.kms.katalon.core.main.TestCaseExecutor.accessMainPhase(TestCaseExecutor.java:410)
	at com.kms.katalon.core.main.TestCaseExecutor.execute(TestCaseExecutor.java:285)
	at com.kms.katalon.core.main.TestCaseMain.runTestCase(TestCaseMain.java:144)
	at com.kms.katalon.core.keyword.builtin.CallTestCaseKeyword$_callTestCase_closure1.doCall(CallTestCaseKeyword.groovy:59)
	... 20 more
Caused by: com.kms.katalon.core.exception.StepFailedException: Call Test Case 'Test Cases/T13 Pembelian, Shipment dan Pembayaran/SA-001' failed
	at com.kms.katalon.core.keyword.builtin.CallTestCaseKeyword$_callTestCase_closure1.doCall(CallTestCaseKeyword.groovy:63)
	at com.kms.katalon.core.keyword.builtin.CallTestCaseKeyword$_callTestCase_closure1.call(CallTestCaseKeyword.groovy)
	at com.kms.katalon.core.keyword.internal.KeywordMain.runKeyword(KeywordMain.groovy:75)
	at com.kms.katalon.core.keyword.builtin.CallTestCaseKeyword.callTestCase(CallTestCaseKeyword.groovy:81)
	at com.kms.katalon.core.keyword.builtin.CallTestCaseKeyword.execute(CallTestCaseKeyword.groovy:44)
	at com.kms.katalon.core.keyword.internal.KeywordExecutor.executeKeywordForPlatform(KeywordExecutor.groovy:74)
	at com.kms.katalon.core.keyword.BuiltinKeywords.callTestCase(BuiltinKeywords.groovy:310)
	at SA-002.run(SA-002:20)
	at com.kms.katalon.core.main.ScriptEngine.run(ScriptEngine.java:194)
	at com.kms.katalon.core.main.ScriptEngine.runScriptAsRawText(ScriptEngine.java:119)
	at com.kms.katalon.core.main.TestCaseExecutor.runScript(TestCaseExecutor.java:448)
	at com.kms.katalon.core.main.TestCaseExecutor.doExecute(TestCaseExecutor.java:439)
	at com.kms.katalon.core.main.TestCaseExecutor.processExecutionPhase(TestCaseExecutor.java:418)
	at com.kms.katalon.core.main.TestCaseExecutor.accessMainPhase(TestCaseExecutor.java:410)
	at com.kms.katalon.core.main.TestCaseExecutor.execute(TestCaseExecutor.java:285)
	at com.kms.katalon.core.main.TestCaseMain.runTestCase(TestCaseMain.java:144)
	at com.kms.katalon.core.keyword.builtin.CallTestCaseKeyword$_callTestCase_closure1.doCall(CallTestCaseKeyword.groovy:59)
	... 36 more
Caused by: com.kms.katalon.core.exception.StepFailedException: Call Test Case 'Test Cases/T13 Pembelian, Shipment dan Pembayaran/PBYA-001' failed
	at com.kms.katalon.core.keyword.builtin.CallTestCaseKeyword$_callTestCase_closure1.doCall(CallTestCaseKeyword.groovy:63)
	at com.kms.katalon.core.keyword.builtin.CallTestCaseKeyword$_callTestCase_closure1.call(CallTestCaseKeyword.groovy)
	at com.kms.katalon.core.keyword.internal.KeywordMain.runKeyword(KeywordMain.groovy:75)
	at com.kms.katalon.core.keyword.builtin.CallTestCaseKeyword.callTestCase(CallTestCaseKeyword.groovy:81)
	at com.kms.katalon.core.keyword.builtin.CallTestCaseKeyword.execute(CallTestCaseKeyword.groovy:44)
	at com.kms.katalon.core.keyword.internal.KeywordExecutor.executeKeywordForPlatform(KeywordExecutor.groovy:74)
	at com.kms.katalon.core.keyword.BuiltinKeywords.callTestCase(BuiltinKeywords.groovy:310)
	at SA-001.run(SA-001:20)
	at com.kms.katalon.core.main.ScriptEngine.run(ScriptEngine.java:194)
	at com.kms.katalon.core.main.ScriptEngine.runScriptAsRawText(ScriptEngine.java:119)
	at com.kms.katalon.core.main.TestCaseExecutor.runScript(TestCaseExecutor.java:448)
	at com.kms.katalon.core.main.TestCaseExecutor.doExecute(TestCaseExecutor.java:439)
	at com.kms.katalon.core.main.TestCaseExecutor.processExecutionPhase(TestCaseExecutor.java:418)
	at com.kms.katalon.core.main.TestCaseExecutor.accessMainPhase(TestCaseExecutor.java:410)
	at com.kms.katalon.core.main.TestCaseExecutor.execute(TestCaseExecutor.java:285)
	at com.kms.katalon.core.main.TestCaseMain.runTestCase(TestCaseMain.java:144)
	at com.kms.katalon.core.keyword.builtin.CallTestCaseKeyword$_callTestCase_closure1.doCall(CallTestCaseKeyword.groovy:59)
	... 52 more
Caused by: com.kms.katalon.core.exception.StepFailedException: Call Test Case 'Test Cases/T13 Pembelian, Shipment dan Pembayaran/PBY-004' failed
	at com.kms.katalon.core.keyword.builtin.CallTestCaseKeyword$_callTestCase_closure1.doCall(CallTestCaseKeyword.groovy:63)
	at com.kms.katalon.core.keyword.builtin.CallTestCaseKeyword$_callTestCase_closure1.call(CallTestCaseKeyword.groovy)
	at com.kms.katalon.core.keyword.internal.KeywordMain.runKeyword(KeywordMain.groovy:75)
	at com.kms.katalon.core.keyword.builtin.CallTestCaseKeyword.callTestCase(CallTestCaseKeyword.groovy:81)
	at com.kms.katalon.core.keyword.builtin.CallTestCaseKeyword.execute(CallTestCaseKeyword.groovy:44)
	at com.kms.katalon.core.keyword.internal.KeywordExecutor.executeKeywordForPlatform(KeywordExecutor.groovy:74)
	at com.kms.katalon.core.keyword.BuiltinKeywords.callTestCase(BuiltinKeywords.groovy:310)
	at PBYA-001.run(PBYA-001:20)
	at com.kms.katalon.core.main.ScriptEngine.run(ScriptEngine.java:194)
	at com.kms.katalon.core.main.ScriptEngine.runScriptAsRawText(ScriptEngine.java:119)
	at com.kms.katalon.core.main.TestCaseExecutor.runScript(TestCaseExecutor.java:448)
	at com.kms.katalon.core.main.TestCaseExecutor.doExecute(TestCaseExecutor.java:439)
	at com.kms.katalon.core.main.TestCaseExecutor.processExecutionPhase(TestCaseExecutor.java:418)
	at com.kms.katalon.core.main.TestCaseExecutor.accessMainPhase(TestCaseExecutor.java:410)
	at com.kms.katalon.core.main.TestCaseExecutor.execute(TestCaseExecutor.java:285)
	at com.kms.katalon.core.main.TestCaseMain.runTestCase(TestCaseMain.java:144)
	at com.kms.katalon.core.keyword.builtin.CallTestCaseKeyword$_callTestCase_closure1.doCall(CallTestCaseKeyword.groovy:59)
	... 68 more
Caused by: com.kms.katalon.core.exception.StepFailedException: Call Test Case 'Test Cases/T13 Pembelian, Shipment dan Pembayaran/PBY-001' failed
	at com.kms.katalon.core.keyword.builtin.CallTestCaseKeyword$_callTestCase_closure1.doCall(CallTestCaseKeyword.groovy:63)
	at com.kms.katalon.core.keyword.builtin.CallTestCaseKeyword$_callTestCase_closure1.call(CallTestCaseKeyword.groovy)
	at com.kms.katalon.core.keyword.internal.KeywordMain.runKeyword(KeywordMain.groovy:75)
	at com.kms.katalon.core.keyword.builtin.CallTestCaseKeyword.callTestCase(CallTestCaseKeyword.groovy:81)
	at com.kms.katalon.core.keyword.builtin.CallTestCaseKeyword.execute(CallTestCaseKeyword.groovy:44)
	at com.kms.katalon.core.keyword.internal.KeywordExecutor.executeKeywordForPlatform(KeywordExecutor.groovy:74)
	at com.kms.katalon.core.keyword.BuiltinKeywords.callTestCase(BuiltinKeywords.groovy:310)
	at PBY-004.run(PBY-004:20)
	at com.kms.katalon.core.main.ScriptEngine.run(ScriptEngine.java:194)
	at com.kms.katalon.core.main.ScriptEngine.runScriptAsRawText(ScriptEngine.java:119)
	at com.kms.katalon.core.main.TestCaseExecutor.runScript(TestCaseExecutor.java:448)
	at com.kms.katalon.core.main.TestCaseExecutor.doExecute(TestCaseExecutor.java:439)
	at com.kms.katalon.core.main.TestCaseExecutor.processExecutionPhase(TestCaseExecutor.java:418)
	at com.kms.katalon.core.main.TestCaseExecutor.accessMainPhase(TestCaseExecutor.java:410)
	at com.kms.katalon.core.main.TestCaseExecutor.execute(TestCaseExecutor.java:285)
	at com.kms.katalon.core.main.TestCaseMain.runTestCase(TestCaseMain.java:144)
	at com.kms.katalon.core.keyword.builtin.CallTestCaseKeyword$_callTestCase_closure1.doCall(CallTestCaseKeyword.groovy:59)
	... 84 more
Caused by: com.kms.katalon.core.exception.StepFailedException: Call Test Case 'Test Cases/T13 Pembelian, Shipment dan Pembayaran/PBL-004' failed
	at com.kms.katalon.core.keyword.builtin.CallTestCaseKeyword$_callTestCase_closure1.doCall(CallTestCaseKeyword.groovy:63)
	at com.kms.katalon.core.keyword.builtin.CallTestCaseKeyword$_callTestCase_closure1.call(CallTestCaseKeyword.groovy)
	at com.kms.katalon.core.keyword.internal.KeywordMain.runKeyword(KeywordMain.groovy:75)
	at com.kms.katalon.core.keyword.builtin.CallTestCaseKeyword.callTestCase(CallTestCaseKeyword.groovy:81)
	at com.kms.katalon.core.keyword.builtin.CallTestCaseKeyword.execute(CallTestCaseKeyword.groovy:44)
	at com.kms.katalon.core.keyword.internal.KeywordExecutor.executeKeywordForPlatform(KeywordExecutor.groovy:74)
	at com.kms.katalon.core.keyword.BuiltinKeywords.callTestCase(BuiltinKeywords.groovy:310)
	at PBY-001.run(PBY-001:20)
	at com.kms.katalon.core.main.ScriptEngine.run(ScriptEngine.java:194)
	at com.kms.katalon.core.main.ScriptEngine.runScriptAsRawText(ScriptEngine.java:119)
	at com.kms.katalon.core.main.TestCaseExecutor.runScript(TestCaseExecutor.java:448)
	at com.kms.katalon.core.main.TestCaseExecutor.doExecute(TestCaseExecutor.java:439)
	at com.kms.katalon.core.main.TestCaseExecutor.processExecutionPhase(TestCaseExecutor.java:418)
	at com.kms.katalon.core.main.TestCaseExecutor.accessMainPhase(TestCaseExecutor.java:410)
	at com.kms.katalon.core.main.TestCaseExecutor.execute(TestCaseExecutor.java:285)
	at com.kms.katalon.core.main.TestCaseMain.runTestCase(TestCaseMain.java:144)
	at com.kms.katalon.core.keyword.builtin.CallTestCaseKeyword$_callTestCase_closure1.doCall(CallTestCaseKeyword.groovy:59)
	... 100 more
Caused by: com.kms.katalon.core.exception.StepFailedException: Call Test Case 'Test Cases/T13 Pembelian, Shipment dan Pembayaran/PBL-002' failed
	at com.kms.katalon.core.keyword.builtin.CallTestCaseKeyword$_callTestCase_closure1.doCall(CallTestCaseKeyword.groovy:63)
	at com.kms.katalon.core.keyword.builtin.CallTestCaseKeyword$_callTestCase_closure1.call(CallTestCaseKeyword.groovy)
	at com.kms.katalon.core.keyword.internal.KeywordMain.runKeyword(KeywordMain.groovy:75)
	at com.kms.katalon.core.keyword.builtin.CallTestCaseKeyword.callTestCase(CallTestCaseKeyword.groovy:81)
	at com.kms.katalon.core.keyword.builtin.CallTestCaseKeyword.execute(CallTestCaseKeyword.groovy:44)
	at com.kms.katalon.core.keyword.internal.KeywordExecutor.executeKeywordForPlatform(KeywordExecutor.groovy:74)
	at com.kms.katalon.core.keyword.BuiltinKeywords.callTestCase(BuiltinKeywords.groovy:310)
	at PBL-004.run(PBL-004:20)
	at com.kms.katalon.core.main.ScriptEngine.run(ScriptEngine.java:194)
	at com.kms.katalon.core.main.ScriptEngine.runScriptAsRawText(ScriptEngine.java:119)
	at com.kms.katalon.core.main.TestCaseExecutor.runScript(TestCaseExecutor.java:448)
	at com.kms.katalon.core.main.TestCaseExecutor.doExecute(TestCaseExecutor.java:439)
	at com.kms.katalon.core.main.TestCaseExecutor.processExecutionPhase(TestCaseExecutor.java:418)
	at com.kms.katalon.core.main.TestCaseExecutor.accessMainPhase(TestCaseExecutor.java:410)
	at com.kms.katalon.core.main.TestCaseExecutor.execute(TestCaseExecutor.java:285)
	at com.kms.katalon.core.main.TestCaseMain.runTestCase(TestCaseMain.java:144)
	at com.kms.katalon.core.keyword.builtin.CallTestCaseKeyword$_callTestCase_closure1.doCall(CallTestCaseKeyword.groovy:59)
	... 116 more
Caused by: com.kms.katalon.core.exception.StepFailedException: Call Test Case 'Test Cases/T13 Pembelian, Shipment dan Pembayaran/PBL-001' failed
	at com.kms.katalon.core.keyword.builtin.CallTestCaseKeyword$_callTestCase_closure1.doCall(CallTestCaseKeyword.groovy:63)
	at com.kms.katalon.core.keyword.builtin.CallTestCaseKeyword$_callTestCase_closure1.call(CallTestCaseKeyword.groovy)
	at com.kms.katalon.core.keyword.internal.KeywordMain.runKeyword(KeywordMain.groovy:75)
	at com.kms.katalon.core.keyword.builtin.CallTestCaseKeyword.callTestCase(CallTestCaseKeyword.groovy:81)
	at com.kms.katalon.core.keyword.builtin.CallTestCaseKeyword.execute(CallTestCaseKeyword.groovy:44)
	at com.kms.katalon.core.keyword.internal.KeywordExecutor.executeKeywordForPlatform(KeywordExecutor.groovy:74)
	at com.kms.katalon.core.keyword.BuiltinKeywords.callTestCase(BuiltinKeywords.groovy:310)
	at PBL-002.run(PBL-002:20)
	at com.kms.katalon.core.main.ScriptEngine.run(ScriptEngine.java:194)
	at com.kms.katalon.core.main.ScriptEngine.runScriptAsRawText(ScriptEngine.java:119)
	at com.kms.katalon.core.main.TestCaseExecutor.runScript(TestCaseExecutor.java:448)
	at com.kms.katalon.core.main.TestCaseExecutor.doExecute(TestCaseExecutor.java:439)
	at com.kms.katalon.core.main.TestCaseExecutor.processExecutionPhase(TestCaseExecutor.java:418)
	at com.kms.katalon.core.main.TestCaseExecutor.accessMainPhase(TestCaseExecutor.java:410)
	at com.kms.katalon.core.main.TestCaseExecutor.execute(TestCaseExecutor.java:285)
	at com.kms.katalon.core.main.TestCaseMain.runTestCase(TestCaseMain.java:144)
	at com.kms.katalon.core.keyword.builtin.CallTestCaseKeyword$_callTestCase_closure1.doCall(CallTestCaseKeyword.groovy:59)
	... 132 more
Caused by: Assertion failed: 

assert NamaSesudah.contains(NamaSebelum)
       |           |        |
       |           false    Segitiga Instan Madeira - MDB5.3 Sunse,..
       Segitiga Instan Madeira - MDB5.3 Sunset

	at PBL-001.run(PBL-001:39)
	at com.kms.katalon.core.main.ScriptEngine.run(ScriptEngine.java:194)
	at com.kms.katalon.core.main.ScriptEngine.runScriptAsRawText(ScriptEngine.java:119)
	at com.kms.katalon.core.main.TestCaseExecutor.runScript(TestCaseExecutor.java:448)
	at com.kms.katalon.core.main.TestCaseExecutor.doExecute(TestCaseExecutor.java:439)
	at com.kms.katalon.core.main.TestCaseExecutor.processExecutionPhase(TestCaseExecutor.java:418)
	at com.kms.katalon.core.main.TestCaseExecutor.accessMainPhase(TestCaseExecutor.java:410)
	at com.kms.katalon.core.main.TestCaseExecutor.execute(TestCaseExecutor.java:285)
	at com.kms.katalon.core.main.TestCaseMain.runTestCase(TestCaseMain.java:144)
	at com.kms.katalon.core.keyword.builtin.CallTestCaseKeyword$_callTestCase_closure1.doCall(CallTestCaseKeyword.groovy:59)
	... 148 more
)

2023-10-04 20:46:24 - [TEST_CASE][FAILED] - Test Cases/T13 Pembelian, Shipment dan Pembayaran/SA-006: Test Cases/T13 Pembelian, Shipment dan Pembayaran/SA-006 FAILED.
Reason:
com.kms.katalon.core.exception.StepFailedException: Call Test Case 'Test Cases/T13 Pembelian, Shipment dan Pembayaran/SA-002' failed
	at com.kms.katalon.core.keyword.builtin.CallTestCaseKeyword$_callTestCase_closure1.doCall(CallTestCaseKeyword.groovy:63)
	at com.kms.katalon.core.keyword.builtin.CallTestCaseKeyword$_callTestCase_closure1.call(CallTestCaseKeyword.groovy)
	at com.kms.katalon.core.keyword.internal.KeywordMain.runKeyword(KeywordMain.groovy:75)
	at com.kms.katalon.core.keyword.builtin.CallTestCaseKeyword.callTestCase(CallTestCaseKeyword.groovy:81)
	at com.kms.katalon.core.keyword.builtin.CallTestCaseKeyword.execute(CallTestCaseKeyword.groovy:44)
	at com.kms.katalon.core.keyword.internal.KeywordExecutor.executeKeywordForPlatform(KeywordExecutor.groovy:74)
	at com.kms.katalon.core.keyword.BuiltinKeywords.callTestCase(BuiltinKeywords.groovy:310)
	at SA-006.run(SA-006:20)
	at com.kms.katalon.core.main.ScriptEngine.run(ScriptEngine.java:194)
	at com.kms.katalon.core.main.ScriptEngine.runScriptAsRawText(ScriptEngine.java:119)
	at com.kms.katalon.core.main.TestCaseExecutor.runScript(TestCaseExecutor.java:448)
	at com.kms.katalon.core.main.TestCaseExecutor.doExecute(TestCaseExecutor.java:439)
	at com.kms.katalon.core.main.TestCaseExecutor.processExecutionPhase(TestCaseExecutor.java:418)
	at com.kms.katalon.core.main.TestCaseExecutor.accessMainPhase(TestCaseExecutor.java:410)
	at com.kms.katalon.core.main.TestCaseExecutor.execute(TestCaseExecutor.java:285)
	at com.kms.katalon.core.main.TestCaseMain.runTestCase(TestCaseMain.java:144)
	at com.kms.katalon.core.keyword.builtin.CallTestCaseKeyword$_callTestCase_closure1.doCall(CallTestCaseKeyword.groovy:59)
	at com.kms.katalon.core.keyword.builtin.CallTestCaseKeyword$_callTestCase_closure1.call(CallTestCaseKeyword.groovy)
	at com.kms.katalon.core.keyword.internal.KeywordMain.runKeyword(KeywordMain.groovy:75)
	at com.kms.katalon.core.keyword.builtin.CallTestCaseKeyword.callTestCase(CallTestCaseKeyword.groovy:81)
	at com.kms.katalon.core.keyword.builtin.CallTestCaseKeyword.execute(CallTestCaseKeyword.groovy:44)
	at com.kms.katalon.core.keyword.internal.KeywordExecutor.executeKeywordForPlatform(KeywordExecutor.groovy:74)
	at com.kms.katalon.core.keyword.BuiltinKeywords.callTestCase(BuiltinKeywords.groovy:310)
	at SU-005.run(SU-005:20)
	at com.kms.katalon.core.main.ScriptEngine.run(ScriptEngine.java:194)
	at com.kms.katalon.core.main.ScriptEngine.runScriptAsRawText(ScriptEngine.java:119)
	at com.kms.katalon.core.main.TestCaseExecutor.runScript(TestCaseExecutor.java:448)
	at com.kms.katalon.core.main.TestCaseExecutor.doExecute(TestCaseExecutor.java:439)
	at com.kms.katalon.core.main.TestCaseExecutor.processExecutionPhase(TestCaseExecutor.java:418)
	at com.kms.katalon.core.main.TestCaseExecutor.accessMainPhase(TestCaseExecutor.java:410)
	at com.kms.katalon.core.main.TestCaseExecutor.execute(TestCaseExecutor.java:285)
	at com.kms.katalon.core.common.CommonExecutor.accessTestCaseMainPhase(CommonExecutor.java:65)
	at com.kms.katalon.core.main.TestSuiteExecutor.accessTestSuiteMainPhase(TestSuiteExecutor.java:148)
	at com.kms.katalon.core.main.TestSuiteExecutor.execute(TestSuiteExecutor.java:106)
	at com.kms.katalon.core.main.TestCaseMain.startTestSuite(TestCaseMain.java:187)
	at com.kms.katalon.core.main.TestCaseMain$startTestSuite$0.call(Unknown Source)
	at TempTestSuite1696424348948.run(TempTestSuite1696424348948.groovy:36)
Caused by: com.kms.katalon.core.exception.StepFailedException: Call Test Case 'Test Cases/T13 Pembelian, Shipment dan Pembayaran/SA-001' failed
	at com.kms.katalon.core.keyword.builtin.CallTestCaseKeyword$_callTestCase_closure1.doCall(CallTestCaseKeyword.groovy:63)
	at com.kms.katalon.core.keyword.builtin.CallTestCaseKeyword$_callTestCase_closure1.call(CallTestCaseKeyword.groovy)
	at com.kms.katalon.core.keyword.internal.KeywordMain.runKeyword(KeywordMain.groovy:75)
	at com.kms.katalon.core.keyword.builtin.CallTestCaseKeyword.callTestCase(CallTestCaseKeyword.groovy:81)
	at com.kms.katalon.core.keyword.builtin.CallTestCaseKeyword.execute(CallTestCaseKeyword.groovy:44)
	at com.kms.katalon.core.keyword.internal.KeywordExecutor.executeKeywordForPlatform(KeywordExecutor.groovy:74)
	at com.kms.katalon.core.keyword.BuiltinKeywords.callTestCase(BuiltinKeywords.groovy:310)
	at SA-002.run(SA-002:20)
	at com.kms.katalon.core.main.ScriptEngine.run(ScriptEngine.java:194)
	at com.kms.katalon.core.main.ScriptEngine.runScriptAsRawText(ScriptEngine.java:119)
	at com.kms.katalon.core.main.TestCaseExecutor.runScript(TestCaseExecutor.java:448)
	at com.kms.katalon.core.main.TestCaseExecutor.doExecute(TestCaseExecutor.java:439)
	at com.kms.katalon.core.main.TestCaseExecutor.processExecutionPhase(TestCaseExecutor.java:418)
	at com.kms.katalon.core.main.TestCaseExecutor.accessMainPhase(TestCaseExecutor.java:410)
	at com.kms.katalon.core.main.TestCaseExecutor.execute(TestCaseExecutor.java:285)
	at com.kms.katalon.core.main.TestCaseMain.runTestCase(TestCaseMain.java:144)
	at com.kms.katalon.core.keyword.builtin.CallTestCaseKeyword$_callTestCase_closure1.doCall(CallTestCaseKeyword.groovy:59)
	... 36 more
Caused by: com.kms.katalon.core.exception.StepFailedException: Call Test Case 'Test Cases/T13 Pembelian, Shipment dan Pembayaran/PBYA-001' failed
	at com.kms.katalon.core.keyword.builtin.CallTestCaseKeyword$_callTestCase_closure1.doCall(CallTestCaseKeyword.groovy:63)
	at com.kms.katalon.core.keyword.builtin.CallTestCaseKeyword$_callTestCase_closure1.call(CallTestCaseKeyword.groovy)
	at com.kms.katalon.core.keyword.internal.KeywordMain.runKeyword(KeywordMain.groovy:75)
	at com.kms.katalon.core.keyword.builtin.CallTestCaseKeyword.callTestCase(CallTestCaseKeyword.groovy:81)
	at com.kms.katalon.core.keyword.builtin.CallTestCaseKeyword.execute(CallTestCaseKeyword.groovy:44)
	at com.kms.katalon.core.keyword.internal.KeywordExecutor.executeKeywordForPlatform(KeywordExecutor.groovy:74)
	at com.kms.katalon.core.keyword.BuiltinKeywords.callTestCase(BuiltinKeywords.groovy:310)
	at SA-001.run(SA-001:20)
	at com.kms.katalon.core.main.ScriptEngine.run(ScriptEngine.java:194)
	at com.kms.katalon.core.main.ScriptEngine.runScriptAsRawText(ScriptEngine.java:119)
	at com.kms.katalon.core.main.TestCaseExecutor.runScript(TestCaseExecutor.java:448)
	at com.kms.katalon.core.main.TestCaseExecutor.doExecute(TestCaseExecutor.java:439)
	at com.kms.katalon.core.main.TestCaseExecutor.processExecutionPhase(TestCaseExecutor.java:418)
	at com.kms.katalon.core.main.TestCaseExecutor.accessMainPhase(TestCaseExecutor.java:410)
	at com.kms.katalon.core.main.TestCaseExecutor.execute(TestCaseExecutor.java:285)
	at com.kms.katalon.core.main.TestCaseMain.runTestCase(TestCaseMain.java:144)
	at com.kms.katalon.core.keyword.builtin.CallTestCaseKeyword$_callTestCase_closure1.doCall(CallTestCaseKeyword.groovy:59)
	... 52 more
Caused by: com.kms.katalon.core.exception.StepFailedException: Call Test Case 'Test Cases/T13 Pembelian, Shipment dan Pembayaran/PBY-004' failed
	at com.kms.katalon.core.keyword.builtin.CallTestCaseKeyword$_callTestCase_closure1.doCall(CallTestCaseKeyword.groovy:63)
	at com.kms.katalon.core.keyword.builtin.CallTestCaseKeyword$_callTestCase_closure1.call(CallTestCaseKeyword.groovy)
	at com.kms.katalon.core.keyword.internal.KeywordMain.runKeyword(KeywordMain.groovy:75)
	at com.kms.katalon.core.keyword.builtin.CallTestCaseKeyword.callTestCase(CallTestCaseKeyword.groovy:81)
	at com.kms.katalon.core.keyword.builtin.CallTestCaseKeyword.execute(CallTestCaseKeyword.groovy:44)
	at com.kms.katalon.core.keyword.internal.KeywordExecutor.executeKeywordForPlatform(KeywordExecutor.groovy:74)
	at com.kms.katalon.core.keyword.BuiltinKeywords.callTestCase(BuiltinKeywords.groovy:310)
	at PBYA-001.run(PBYA-001:20)
	at com.kms.katalon.core.main.ScriptEngine.run(ScriptEngine.java:194)
	at com.kms.katalon.core.main.ScriptEngine.runScriptAsRawText(ScriptEngine.java:119)
	at com.kms.katalon.core.main.TestCaseExecutor.runScript(TestCaseExecutor.java:448)
	at com.kms.katalon.core.main.TestCaseExecutor.doExecute(TestCaseExecutor.java:439)
	at com.kms.katalon.core.main.TestCaseExecutor.processExecutionPhase(TestCaseExecutor.java:418)
	at com.kms.katalon.core.main.TestCaseExecutor.accessMainPhase(TestCaseExecutor.java:410)
	at com.kms.katalon.core.main.TestCaseExecutor.execute(TestCaseExecutor.java:285)
	at com.kms.katalon.core.main.TestCaseMain.runTestCase(TestCaseMain.java:144)
	at com.kms.katalon.core.keyword.builtin.CallTestCaseKeyword$_callTestCase_closure1.doCall(CallTestCaseKeyword.groovy:59)
	... 68 more
Caused by: com.kms.katalon.core.exception.StepFailedException: Call Test Case 'Test Cases/T13 Pembelian, Shipment dan Pembayaran/PBY-001' failed
	at com.kms.katalon.core.keyword.builtin.CallTestCaseKeyword$_callTestCase_closure1.doCall(CallTestCaseKeyword.groovy:63)
	at com.kms.katalon.core.keyword.builtin.CallTestCaseKeyword$_callTestCase_closure1.call(CallTestCaseKeyword.groovy)
	at com.kms.katalon.core.keyword.internal.KeywordMain.runKeyword(KeywordMain.groovy:75)
	at com.kms.katalon.core.keyword.builtin.CallTestCaseKeyword.callTestCase(CallTestCaseKeyword.groovy:81)
	at com.kms.katalon.core.keyword.builtin.CallTestCaseKeyword.execute(CallTestCaseKeyword.groovy:44)
	at com.kms.katalon.core.keyword.internal.KeywordExecutor.executeKeywordForPlatform(KeywordExecutor.groovy:74)
	at com.kms.katalon.core.keyword.BuiltinKeywords.callTestCase(BuiltinKeywords.groovy:310)
	at PBY-004.run(PBY-004:20)
	at com.kms.katalon.core.main.ScriptEngine.run(ScriptEngine.java:194)
	at com.kms.katalon.core.main.ScriptEngine.runScriptAsRawText(ScriptEngine.java:119)
	at com.kms.katalon.core.main.TestCaseExecutor.runScript(TestCaseExecutor.java:448)
	at com.kms.katalon.core.main.TestCaseExecutor.doExecute(TestCaseExecutor.java:439)
	at com.kms.katalon.core.main.TestCaseExecutor.processExecutionPhase(TestCaseExecutor.java:418)
	at com.kms.katalon.core.main.TestCaseExecutor.accessMainPhase(TestCaseExecutor.java:410)
	at com.kms.katalon.core.main.TestCaseExecutor.execute(TestCaseExecutor.java:285)
	at com.kms.katalon.core.main.TestCaseMain.runTestCase(TestCaseMain.java:144)
	at com.kms.katalon.core.keyword.builtin.CallTestCaseKeyword$_callTestCase_closure1.doCall(CallTestCaseKeyword.groovy:59)
	... 84 more
Caused by: com.kms.katalon.core.exception.StepFailedException: Call Test Case 'Test Cases/T13 Pembelian, Shipment dan Pembayaran/PBL-004' failed
	at com.kms.katalon.core.keyword.builtin.CallTestCaseKeyword$_callTestCase_closure1.doCall(CallTestCaseKeyword.groovy:63)
	at com.kms.katalon.core.keyword.builtin.CallTestCaseKeyword$_callTestCase_closure1.call(CallTestCaseKeyword.groovy)
	at com.kms.katalon.core.keyword.internal.KeywordMain.runKeyword(KeywordMain.groovy:75)
	at com.kms.katalon.core.keyword.builtin.CallTestCaseKeyword.callTestCase(CallTestCaseKeyword.groovy:81)
	at com.kms.katalon.core.keyword.builtin.CallTestCaseKeyword.execute(CallTestCaseKeyword.groovy:44)
	at com.kms.katalon.core.keyword.internal.KeywordExecutor.executeKeywordForPlatform(KeywordExecutor.groovy:74)
	at com.kms.katalon.core.keyword.BuiltinKeywords.callTestCase(BuiltinKeywords.groovy:310)
	at PBY-001.run(PBY-001:20)
	at com.kms.katalon.core.main.ScriptEngine.run(ScriptEngine.java:194)
	at com.kms.katalon.core.main.ScriptEngine.runScriptAsRawText(ScriptEngine.java:119)
	at com.kms.katalon.core.main.TestCaseExecutor.runScript(TestCaseExecutor.java:448)
	at com.kms.katalon.core.main.TestCaseExecutor.doExecute(TestCaseExecutor.java:439)
	at com.kms.katalon.core.main.TestCaseExecutor.processExecutionPhase(TestCaseExecutor.java:418)
	at com.kms.katalon.core.main.TestCaseExecutor.accessMainPhase(TestCaseExecutor.java:410)
	at com.kms.katalon.core.main.TestCaseExecutor.execute(TestCaseExecutor.java:285)
	at com.kms.katalon.core.main.TestCaseMain.runTestCase(TestCaseMain.java:144)
	at com.kms.katalon.core.keyword.builtin.CallTestCaseKeyword$_callTestCase_closure1.doCall(CallTestCaseKeyword.groovy:59)
	... 100 more
Caused by: com.kms.katalon.core.exception.StepFailedException: Call Test Case 'Test Cases/T13 Pembelian, Shipment dan Pembayaran/PBL-002' failed
	at com.kms.katalon.core.keyword.builtin.CallTestCaseKeyword$_callTestCase_closure1.doCall(CallTestCaseKeyword.groovy:63)
	at com.kms.katalon.core.keyword.builtin.CallTestCaseKeyword$_callTestCase_closure1.call(CallTestCaseKeyword.groovy)
	at com.kms.katalon.core.keyword.internal.KeywordMain.runKeyword(KeywordMain.groovy:75)
	at com.kms.katalon.core.keyword.builtin.CallTestCaseKeyword.callTestCase(CallTestCaseKeyword.groovy:81)
	at com.kms.katalon.core.keyword.builtin.CallTestCaseKeyword.execute(CallTestCaseKeyword.groovy:44)
	at com.kms.katalon.core.keyword.internal.KeywordExecutor.executeKeywordForPlatform(KeywordExecutor.groovy:74)
	at com.kms.katalon.core.keyword.BuiltinKeywords.callTestCase(BuiltinKeywords.groovy:310)
	at PBL-004.run(PBL-004:20)
	at com.kms.katalon.core.main.ScriptEngine.run(ScriptEngine.java:194)
	at com.kms.katalon.core.main.ScriptEngine.runScriptAsRawText(ScriptEngine.java:119)
	at com.kms.katalon.core.main.TestCaseExecutor.runScript(TestCaseExecutor.java:448)
	at com.kms.katalon.core.main.TestCaseExecutor.doExecute(TestCaseExecutor.java:439)
	at com.kms.katalon.core.main.TestCaseExecutor.processExecutionPhase(TestCaseExecutor.java:418)
	at com.kms.katalon.core.main.TestCaseExecutor.accessMainPhase(TestCaseExecutor.java:410)
	at com.kms.katalon.core.main.TestCaseExecutor.execute(TestCaseExecutor.java:285)
	at com.kms.katalon.core.main.TestCaseMain.runTestCase(TestCaseMain.java:144)
	at com.kms.katalon.core.keyword.builtin.CallTestCaseKeyword$_callTestCase_closure1.doCall(CallTestCaseKeyword.groovy:59)
	... 116 more
Caused by: com.kms.katalon.core.exception.StepFailedException: Call Test Case 'Test Cases/T13 Pembelian, Shipment dan Pembayaran/PBL-001' failed
	at com.kms.katalon.core.keyword.builtin.CallTestCaseKeyword$_callTestCase_closure1.doCall(CallTestCaseKeyword.groovy:63)
	at com.kms.katalon.core.keyword.builtin.CallTestCaseKeyword$_callTestCase_closure1.call(CallTestCaseKeyword.groovy)
	at com.kms.katalon.core.keyword.internal.KeywordMain.runKeyword(KeywordMain.groovy:75)
	at com.kms.katalon.core.keyword.builtin.CallTestCaseKeyword.callTestCase(CallTestCaseKeyword.groovy:81)
	at com.kms.katalon.core.keyword.builtin.CallTestCaseKeyword.execute(CallTestCaseKeyword.groovy:44)
	at com.kms.katalon.core.keyword.internal.KeywordExecutor.executeKeywordForPlatform(KeywordExecutor.groovy:74)
	at com.kms.katalon.core.keyword.BuiltinKeywords.callTestCase(BuiltinKeywords.groovy:310)
	at PBL-002.run(PBL-002:20)
	at com.kms.katalon.core.main.ScriptEngine.run(ScriptEngine.java:194)
	at com.kms.katalon.core.main.ScriptEngine.runScriptAsRawText(ScriptEngine.java:119)
	at com.kms.katalon.core.main.TestCaseExecutor.runScript(TestCaseExecutor.java:448)
	at com.kms.katalon.core.main.TestCaseExecutor.doExecute(TestCaseExecutor.java:439)
	at com.kms.katalon.core.main.TestCaseExecutor.processExecutionPhase(TestCaseExecutor.java:418)
	at com.kms.katalon.core.main.TestCaseExecutor.accessMainPhase(TestCaseExecutor.java:410)
	at com.kms.katalon.core.main.TestCaseExecutor.execute(TestCaseExecutor.java:285)
	at com.kms.katalon.core.main.TestCaseMain.runTestCase(TestCaseMain.java:144)
	at com.kms.katalon.core.keyword.builtin.CallTestCaseKeyword$_callTestCase_closure1.doCall(CallTestCaseKeyword.groovy:59)
	... 132 more
Caused by: Assertion failed: 

assert NamaSesudah.contains(NamaSebelum)
       |           |        |
       |           false    Segitiga Instan Madeira - MDB5.3 Sunse,..
       Segitiga Instan Madeira - MDB5.3 Sunset

	at PBL-001.run(PBL-001:39)
	at com.kms.katalon.core.main.ScriptEngine.run(ScriptEngine.java:194)
	at com.kms.katalon.core.main.ScriptEngine.runScriptAsRawText(ScriptEngine.java:119)
	at com.kms.katalon.core.main.TestCaseExecutor.runScript(TestCaseExecutor.java:448)
	at com.kms.katalon.core.main.TestCaseExecutor.doExecute(TestCaseExecutor.java:439)
	at com.kms.katalon.core.main.TestCaseExecutor.processExecutionPhase(TestCaseExecutor.java:418)
	at com.kms.katalon.core.main.TestCaseExecutor.accessMainPhase(TestCaseExecutor.java:410)
	at com.kms.katalon.core.main.TestCaseExecutor.execute(TestCaseExecutor.java:285)
	at com.kms.katalon.core.main.TestCaseMain.runTestCase(TestCaseMain.java:144)
	at com.kms.katalon.core.keyword.builtin.CallTestCaseKeyword$_callTestCase_closure1.doCall(CallTestCaseKeyword.groovy:59)
	... 148 more


2023-10-04 20:46:24 - [TEST_STEP][FAILED] - data = callTestCase(findTestCase("T13 Pembelian, Shipment dan Pembayaran/SA-002"), [:], STOP_ON_FAILURE): Unable to call Test Case 'Test Cases/T13 Pembelian, Shipment dan Pembayaran/SA-002' (Root cause: com.kms.katalon.core.exception.StepFailedException: Call Test Case 'Test Cases/T13 Pembelian, Shipment dan Pembayaran/SA-002' failed
	at com.kms.katalon.core.keyword.builtin.CallTestCaseKeyword$_callTestCase_closure1.doCall(CallTestCaseKeyword.groovy:63)
	at com.kms.katalon.core.keyword.builtin.CallTestCaseKeyword$_callTestCase_closure1.call(CallTestCaseKeyword.groovy)
	at com.kms.katalon.core.keyword.internal.KeywordMain.runKeyword(KeywordMain.groovy:75)
	at com.kms.katalon.core.keyword.builtin.CallTestCaseKeyword.callTestCase(CallTestCaseKeyword.groovy:81)
	at com.kms.katalon.core.keyword.builtin.CallTestCaseKeyword.execute(CallTestCaseKeyword.groovy:44)
	at com.kms.katalon.core.keyword.internal.KeywordExecutor.executeKeywordForPlatform(KeywordExecutor.groovy:74)
	at com.kms.katalon.core.keyword.BuiltinKeywords.callTestCase(BuiltinKeywords.groovy:310)
	at SA-006.run(SA-006:20)
	at com.kms.katalon.core.main.ScriptEngine.run(ScriptEngine.java:194)
	at com.kms.katalon.core.main.ScriptEngine.runScriptAsRawText(ScriptEngine.java:119)
	at com.kms.katalon.core.main.TestCaseExecutor.runScript(TestCaseExecutor.java:448)
	at com.kms.katalon.core.main.TestCaseExecutor.doExecute(TestCaseExecutor.java:439)
	at com.kms.katalon.core.main.TestCaseExecutor.processExecutionPhase(TestCaseExecutor.java:418)
	at com.kms.katalon.core.main.TestCaseExecutor.accessMainPhase(TestCaseExecutor.java:410)
	at com.kms.katalon.core.main.TestCaseExecutor.execute(TestCaseExecutor.java:285)
	at com.kms.katalon.core.main.TestCaseMain.runTestCase(TestCaseMain.java:144)
	at com.kms.katalon.core.keyword.builtin.CallTestCaseKeyword$_callTestCase_closure1.doCall(CallTestCaseKeyword.groovy:59)
	at com.kms.katalon.core.keyword.builtin.CallTestCaseKeyword$_callTestCase_closure1.call(CallTestCaseKeyword.groovy)
	at com.kms.katalon.core.keyword.internal.KeywordMain.runKeyword(KeywordMain.groovy:75)
	at com.kms.katalon.core.keyword.builtin.CallTestCaseKeyword.callTestCase(CallTestCaseKeyword.groovy:81)
	at com.kms.katalon.core.keyword.builtin.CallTestCaseKeyword.execute(CallTestCaseKeyword.groovy:44)
	at com.kms.katalon.core.keyword.internal.KeywordExecutor.executeKeywordForPlatform(KeywordExecutor.groovy:74)
	at com.kms.katalon.core.keyword.BuiltinKeywords.callTestCase(BuiltinKeywords.groovy:310)
	at SU-005.run(SU-005:20)
	at com.kms.katalon.core.main.ScriptEngine.run(ScriptEngine.java:194)
	at com.kms.katalon.core.main.ScriptEngine.runScriptAsRawText(ScriptEngine.java:119)
	at com.kms.katalon.core.main.TestCaseExecutor.runScript(TestCaseExecutor.java:448)
	at com.kms.katalon.core.main.TestCaseExecutor.doExecute(TestCaseExecutor.java:439)
	at com.kms.katalon.core.main.TestCaseExecutor.processExecutionPhase(TestCaseExecutor.java:418)
	at com.kms.katalon.core.main.TestCaseExecutor.accessMainPhase(TestCaseExecutor.java:410)
	at com.kms.katalon.core.main.TestCaseExecutor.execute(TestCaseExecutor.java:285)
	at com.kms.katalon.core.common.CommonExecutor.accessTestCaseMainPhase(CommonExecutor.java:65)
	at com.kms.katalon.core.main.TestSuiteExecutor.accessTestSuiteMainPhase(TestSuiteExecutor.java:148)
	at com.kms.katalon.core.main.TestSuiteExecutor.execute(TestSuiteExecutor.java:106)
	at com.kms.katalon.core.main.TestCaseMain.startTestSuite(TestCaseMain.java:187)
	at com.kms.katalon.core.main.TestCaseMain$startTestSuite$0.call(Unknown Source)
	at TempTestSuite1696424348948.run(TempTestSuite1696424348948.groovy:36)
Caused by: com.kms.katalon.core.exception.StepFailedException: Call Test Case 'Test Cases/T13 Pembelian, Shipment dan Pembayaran/SA-001' failed
	at com.kms.katalon.core.keyword.builtin.CallTestCaseKeyword$_callTestCase_closure1.doCall(CallTestCaseKeyword.groovy:63)
	at com.kms.katalon.core.keyword.builtin.CallTestCaseKeyword$_callTestCase_closure1.call(CallTestCaseKeyword.groovy)
	at com.kms.katalon.core.keyword.internal.KeywordMain.runKeyword(KeywordMain.groovy:75)
	at com.kms.katalon.core.keyword.builtin.CallTestCaseKeyword.callTestCase(CallTestCaseKeyword.groovy:81)
	at com.kms.katalon.core.keyword.builtin.CallTestCaseKeyword.execute(CallTestCaseKeyword.groovy:44)
	at com.kms.katalon.core.keyword.internal.KeywordExecutor.executeKeywordForPlatform(KeywordExecutor.groovy:74)
	at com.kms.katalon.core.keyword.BuiltinKeywords.callTestCase(BuiltinKeywords.groovy:310)
	at SA-002.run(SA-002:20)
	at com.kms.katalon.core.main.ScriptEngine.run(ScriptEngine.java:194)
	at com.kms.katalon.core.main.ScriptEngine.runScriptAsRawText(ScriptEngine.java:119)
	at com.kms.katalon.core.main.TestCaseExecutor.runScript(TestCaseExecutor.java:448)
	at com.kms.katalon.core.main.TestCaseExecutor.doExecute(TestCaseExecutor.java:439)
	at com.kms.katalon.core.main.TestCaseExecutor.processExecutionPhase(TestCaseExecutor.java:418)
	at com.kms.katalon.core.main.TestCaseExecutor.accessMainPhase(TestCaseExecutor.java:410)
	at com.kms.katalon.core.main.TestCaseExecutor.execute(TestCaseExecutor.java:285)
	at com.kms.katalon.core.main.TestCaseMain.runTestCase(TestCaseMain.java:144)
	at com.kms.katalon.core.keyword.builtin.CallTestCaseKeyword$_callTestCase_closure1.doCall(CallTestCaseKeyword.groovy:59)
	... 36 more
Caused by: com.kms.katalon.core.exception.StepFailedException: Call Test Case 'Test Cases/T13 Pembelian, Shipment dan Pembayaran/PBYA-001' failed
	at com.kms.katalon.core.keyword.builtin.CallTestCaseKeyword$_callTestCase_closure1.doCall(CallTestCaseKeyword.groovy:63)
	at com.kms.katalon.core.keyword.builtin.CallTestCaseKeyword$_callTestCase_closure1.call(CallTestCaseKeyword.groovy)
	at com.kms.katalon.core.keyword.internal.KeywordMain.runKeyword(KeywordMain.groovy:75)
	at com.kms.katalon.core.keyword.builtin.CallTestCaseKeyword.callTestCase(CallTestCaseKeyword.groovy:81)
	at com.kms.katalon.core.keyword.builtin.CallTestCaseKeyword.execute(CallTestCaseKeyword.groovy:44)
	at com.kms.katalon.core.keyword.internal.KeywordExecutor.executeKeywordForPlatform(KeywordExecutor.groovy:74)
	at com.kms.katalon.core.keyword.BuiltinKeywords.callTestCase(BuiltinKeywords.groovy:310)
	at SA-001.run(SA-001:20)
	at com.kms.katalon.core.main.ScriptEngine.run(ScriptEngine.java:194)
	at com.kms.katalon.core.main.ScriptEngine.runScriptAsRawText(ScriptEngine.java:119)
	at com.kms.katalon.core.main.TestCaseExecutor.runScript(TestCaseExecutor.java:448)
	at com.kms.katalon.core.main.TestCaseExecutor.doExecute(TestCaseExecutor.java:439)
	at com.kms.katalon.core.main.TestCaseExecutor.processExecutionPhase(TestCaseExecutor.java:418)
	at com.kms.katalon.core.main.TestCaseExecutor.accessMainPhase(TestCaseExecutor.java:410)
	at com.kms.katalon.core.main.TestCaseExecutor.execute(TestCaseExecutor.java:285)
	at com.kms.katalon.core.main.TestCaseMain.runTestCase(TestCaseMain.java:144)
	at com.kms.katalon.core.keyword.builtin.CallTestCaseKeyword$_callTestCase_closure1.doCall(CallTestCaseKeyword.groovy:59)
	... 52 more
Caused by: com.kms.katalon.core.exception.StepFailedException: Call Test Case 'Test Cases/T13 Pembelian, Shipment dan Pembayaran/PBY-004' failed
	at com.kms.katalon.core.keyword.builtin.CallTestCaseKeyword$_callTestCase_closure1.doCall(CallTestCaseKeyword.groovy:63)
	at com.kms.katalon.core.keyword.builtin.CallTestCaseKeyword$_callTestCase_closure1.call(CallTestCaseKeyword.groovy)
	at com.kms.katalon.core.keyword.internal.KeywordMain.runKeyword(KeywordMain.groovy:75)
	at com.kms.katalon.core.keyword.builtin.CallTestCaseKeyword.callTestCase(CallTestCaseKeyword.groovy:81)
	at com.kms.katalon.core.keyword.builtin.CallTestCaseKeyword.execute(CallTestCaseKeyword.groovy:44)
	at com.kms.katalon.core.keyword.internal.KeywordExecutor.executeKeywordForPlatform(KeywordExecutor.groovy:74)
	at com.kms.katalon.core.keyword.BuiltinKeywords.callTestCase(BuiltinKeywords.groovy:310)
	at PBYA-001.run(PBYA-001:20)
	at com.kms.katalon.core.main.ScriptEngine.run(ScriptEngine.java:194)
	at com.kms.katalon.core.main.ScriptEngine.runScriptAsRawText(ScriptEngine.java:119)
	at com.kms.katalon.core.main.TestCaseExecutor.runScript(TestCaseExecutor.java:448)
	at com.kms.katalon.core.main.TestCaseExecutor.doExecute(TestCaseExecutor.java:439)
	at com.kms.katalon.core.main.TestCaseExecutor.processExecutionPhase(TestCaseExecutor.java:418)
	at com.kms.katalon.core.main.TestCaseExecutor.accessMainPhase(TestCaseExecutor.java:410)
	at com.kms.katalon.core.main.TestCaseExecutor.execute(TestCaseExecutor.java:285)
	at com.kms.katalon.core.main.TestCaseMain.runTestCase(TestCaseMain.java:144)
	at com.kms.katalon.core.keyword.builtin.CallTestCaseKeyword$_callTestCase_closure1.doCall(CallTestCaseKeyword.groovy:59)
	... 68 more
Caused by: com.kms.katalon.core.exception.StepFailedException: Call Test Case 'Test Cases/T13 Pembelian, Shipment dan Pembayaran/PBY-001' failed
	at com.kms.katalon.core.keyword.builtin.CallTestCaseKeyword$_callTestCase_closure1.doCall(CallTestCaseKeyword.groovy:63)
	at com.kms.katalon.core.keyword.builtin.CallTestCaseKeyword$_callTestCase_closure1.call(CallTestCaseKeyword.groovy)
	at com.kms.katalon.core.keyword.internal.KeywordMain.runKeyword(KeywordMain.groovy:75)
	at com.kms.katalon.core.keyword.builtin.CallTestCaseKeyword.callTestCase(CallTestCaseKeyword.groovy:81)
	at com.kms.katalon.core.keyword.builtin.CallTestCaseKeyword.execute(CallTestCaseKeyword.groovy:44)
	at com.kms.katalon.core.keyword.internal.KeywordExecutor.executeKeywordForPlatform(KeywordExecutor.groovy:74)
	at com.kms.katalon.core.keyword.BuiltinKeywords.callTestCase(BuiltinKeywords.groovy:310)
	at PBY-004.run(PBY-004:20)
	at com.kms.katalon.core.main.ScriptEngine.run(ScriptEngine.java:194)
	at com.kms.katalon.core.main.ScriptEngine.runScriptAsRawText(ScriptEngine.java:119)
	at com.kms.katalon.core.main.TestCaseExecutor.runScript(TestCaseExecutor.java:448)
	at com.kms.katalon.core.main.TestCaseExecutor.doExecute(TestCaseExecutor.java:439)
	at com.kms.katalon.core.main.TestCaseExecutor.processExecutionPhase(TestCaseExecutor.java:418)
	at com.kms.katalon.core.main.TestCaseExecutor.accessMainPhase(TestCaseExecutor.java:410)
	at com.kms.katalon.core.main.TestCaseExecutor.execute(TestCaseExecutor.java:285)
	at com.kms.katalon.core.main.TestCaseMain.runTestCase(TestCaseMain.java:144)
	at com.kms.katalon.core.keyword.builtin.CallTestCaseKeyword$_callTestCase_closure1.doCall(CallTestCaseKeyword.groovy:59)
	... 84 more
Caused by: com.kms.katalon.core.exception.StepFailedException: Call Test Case 'Test Cases/T13 Pembelian, Shipment dan Pembayaran/PBL-004' failed
	at com.kms.katalon.core.keyword.builtin.CallTestCaseKeyword$_callTestCase_closure1.doCall(CallTestCaseKeyword.groovy:63)
	at com.kms.katalon.core.keyword.builtin.CallTestCaseKeyword$_callTestCase_closure1.call(CallTestCaseKeyword.groovy)
	at com.kms.katalon.core.keyword.internal.KeywordMain.runKeyword(KeywordMain.groovy:75)
	at com.kms.katalon.core.keyword.builtin.CallTestCaseKeyword.callTestCase(CallTestCaseKeyword.groovy:81)
	at com.kms.katalon.core.keyword.builtin.CallTestCaseKeyword.execute(CallTestCaseKeyword.groovy:44)
	at com.kms.katalon.core.keyword.internal.KeywordExecutor.executeKeywordForPlatform(KeywordExecutor.groovy:74)
	at com.kms.katalon.core.keyword.BuiltinKeywords.callTestCase(BuiltinKeywords.groovy:310)
	at PBY-001.run(PBY-001:20)
	at com.kms.katalon.core.main.ScriptEngine.run(ScriptEngine.java:194)
	at com.kms.katalon.core.main.ScriptEngine.runScriptAsRawText(ScriptEngine.java:119)
	at com.kms.katalon.core.main.TestCaseExecutor.runScript(TestCaseExecutor.java:448)
	at com.kms.katalon.core.main.TestCaseExecutor.doExecute(TestCaseExecutor.java:439)
	at com.kms.katalon.core.main.TestCaseExecutor.processExecutionPhase(TestCaseExecutor.java:418)
	at com.kms.katalon.core.main.TestCaseExecutor.accessMainPhase(TestCaseExecutor.java:410)
	at com.kms.katalon.core.main.TestCaseExecutor.execute(TestCaseExecutor.java:285)
	at com.kms.katalon.core.main.TestCaseMain.runTestCase(TestCaseMain.java:144)
	at com.kms.katalon.core.keyword.builtin.CallTestCaseKeyword$_callTestCase_closure1.doCall(CallTestCaseKeyword.groovy:59)
	... 100 more
Caused by: com.kms.katalon.core.exception.StepFailedException: Call Test Case 'Test Cases/T13 Pembelian, Shipment dan Pembayaran/PBL-002' failed
	at com.kms.katalon.core.keyword.builtin.CallTestCaseKeyword$_callTestCase_closure1.doCall(CallTestCaseKeyword.groovy:63)
	at com.kms.katalon.core.keyword.builtin.CallTestCaseKeyword$_callTestCase_closure1.call(CallTestCaseKeyword.groovy)
	at com.kms.katalon.core.keyword.internal.KeywordMain.runKeyword(KeywordMain.groovy:75)
	at com.kms.katalon.core.keyword.builtin.CallTestCaseKeyword.callTestCase(CallTestCaseKeyword.groovy:81)
	at com.kms.katalon.core.keyword.builtin.CallTestCaseKeyword.execute(CallTestCaseKeyword.groovy:44)
	at com.kms.katalon.core.keyword.internal.KeywordExecutor.executeKeywordForPlatform(KeywordExecutor.groovy:74)
	at com.kms.katalon.core.keyword.BuiltinKeywords.callTestCase(BuiltinKeywords.groovy:310)
	at PBL-004.run(PBL-004:20)
	at com.kms.katalon.core.main.ScriptEngine.run(ScriptEngine.java:194)
	at com.kms.katalon.core.main.ScriptEngine.runScriptAsRawText(ScriptEngine.java:119)
	at com.kms.katalon.core.main.TestCaseExecutor.runScript(TestCaseExecutor.java:448)
	at com.kms.katalon.core.main.TestCaseExecutor.doExecute(TestCaseExecutor.java:439)
	at com.kms.katalon.core.main.TestCaseExecutor.processExecutionPhase(TestCaseExecutor.java:418)
	at com.kms.katalon.core.main.TestCaseExecutor.accessMainPhase(TestCaseExecutor.java:410)
	at com.kms.katalon.core.main.TestCaseExecutor.execute(TestCaseExecutor.java:285)
	at com.kms.katalon.core.main.TestCaseMain.runTestCase(TestCaseMain.java:144)
	at com.kms.katalon.core.keyword.builtin.CallTestCaseKeyword$_callTestCase_closure1.doCall(CallTestCaseKeyword.groovy:59)
	... 116 more
Caused by: com.kms.katalon.core.exception.StepFailedException: Call Test Case 'Test Cases/T13 Pembelian, Shipment dan Pembayaran/PBL-001' failed
	at com.kms.katalon.core.keyword.builtin.CallTestCaseKeyword$_callTestCase_closure1.doCall(CallTestCaseKeyword.groovy:63)
	at com.kms.katalon.core.keyword.builtin.CallTestCaseKeyword$_callTestCase_closure1.call(CallTestCaseKeyword.groovy)
	at com.kms.katalon.core.keyword.internal.KeywordMain.runKeyword(KeywordMain.groovy:75)
	at com.kms.katalon.core.keyword.builtin.CallTestCaseKeyword.callTestCase(CallTestCaseKeyword.groovy:81)
	at com.kms.katalon.core.keyword.builtin.CallTestCaseKeyword.execute(CallTestCaseKeyword.groovy:44)
	at com.kms.katalon.core.keyword.internal.KeywordExecutor.executeKeywordForPlatform(KeywordExecutor.groovy:74)
	at com.kms.katalon.core.keyword.BuiltinKeywords.callTestCase(BuiltinKeywords.groovy:310)
	at PBL-002.run(PBL-002:20)
	at com.kms.katalon.core.main.ScriptEngine.run(ScriptEngine.java:194)
	at com.kms.katalon.core.main.ScriptEngine.runScriptAsRawText(ScriptEngine.java:119)
	at com.kms.katalon.core.main.TestCaseExecutor.runScript(TestCaseExecutor.java:448)
	at com.kms.katalon.core.main.TestCaseExecutor.doExecute(TestCaseExecutor.java:439)
	at com.kms.katalon.core.main.TestCaseExecutor.processExecutionPhase(TestCaseExecutor.java:418)
	at com.kms.katalon.core.main.TestCaseExecutor.accessMainPhase(TestCaseExecutor.java:410)
	at com.kms.katalon.core.main.TestCaseExecutor.execute(TestCaseExecutor.java:285)
	at com.kms.katalon.core.main.TestCaseMain.runTestCase(TestCaseMain.java:144)
	at com.kms.katalon.core.keyword.builtin.CallTestCaseKeyword$_callTestCase_closure1.doCall(CallTestCaseKeyword.groovy:59)
	... 132 more
Caused by: Assertion failed: 

assert NamaSesudah.contains(NamaSebelum)
       |           |        |
       |           false    Segitiga Instan Madeira - MDB5.3 Sunse,..
       Segitiga Instan Madeira - MDB5.3 Sunset

	at PBL-001.run(PBL-001:39)
	at com.kms.katalon.core.main.ScriptEngine.run(ScriptEngine.java:194)
	at com.kms.katalon.core.main.ScriptEngine.runScriptAsRawText(ScriptEngine.java:119)
	at com.kms.katalon.core.main.TestCaseExecutor.runScript(TestCaseExecutor.java:448)
	at com.kms.katalon.core.main.TestCaseExecutor.doExecute(TestCaseExecutor.java:439)
	at com.kms.katalon.core.main.TestCaseExecutor.processExecutionPhase(TestCaseExecutor.java:418)
	at com.kms.katalon.core.main.TestCaseExecutor.accessMainPhase(TestCaseExecutor.java:410)
	at com.kms.katalon.core.main.TestCaseExecutor.execute(TestCaseExecutor.java:285)
	at com.kms.katalon.core.main.TestCaseMain.runTestCase(TestCaseMain.java:144)
	at com.kms.katalon.core.keyword.builtin.CallTestCaseKeyword$_callTestCase_closure1.doCall(CallTestCaseKeyword.groovy:59)
	... 148 more
)

2023-10-04 20:46:24 - [TEST_CASE][FAILED] - Test Cases/T13 Pembelian, Shipment dan Pembayaran/SA-002: Test Cases/T13 Pembelian, Shipment dan Pembayaran/SA-002 FAILED.
Reason:
com.kms.katalon.core.exception.StepFailedException: Call Test Case 'Test Cases/T13 Pembelian, Shipment dan Pembayaran/SA-001' failed
	at com.kms.katalon.core.keyword.builtin.CallTestCaseKeyword$_callTestCase_closure1.doCall(CallTestCaseKeyword.groovy:63)
	at com.kms.katalon.core.keyword.builtin.CallTestCaseKeyword$_callTestCase_closure1.call(CallTestCaseKeyword.groovy)
	at com.kms.katalon.core.keyword.internal.KeywordMain.runKeyword(KeywordMain.groovy:75)
	at com.kms.katalon.core.keyword.builtin.CallTestCaseKeyword.callTestCase(CallTestCaseKeyword.groovy:81)
	at com.kms.katalon.core.keyword.builtin.CallTestCaseKeyword.execute(CallTestCaseKeyword.groovy:44)
	at com.kms.katalon.core.keyword.internal.KeywordExecutor.executeKeywordForPlatform(KeywordExecutor.groovy:74)
	at com.kms.katalon.core.keyword.BuiltinKeywords.callTestCase(BuiltinKeywords.groovy:310)
	at SA-002.run(SA-002:20)
	at com.kms.katalon.core.main.ScriptEngine.run(ScriptEngine.java:194)
	at com.kms.katalon.core.main.ScriptEngine.runScriptAsRawText(ScriptEngine.java:119)
	at com.kms.katalon.core.main.TestCaseExecutor.runScript(TestCaseExecutor.java:448)
	at com.kms.katalon.core.main.TestCaseExecutor.doExecute(TestCaseExecutor.java:439)
	at com.kms.katalon.core.main.TestCaseExecutor.processExecutionPhase(TestCaseExecutor.java:418)
	at com.kms.katalon.core.main.TestCaseExecutor.accessMainPhase(TestCaseExecutor.java:410)
	at com.kms.katalon.core.main.TestCaseExecutor.execute(TestCaseExecutor.java:285)
	at com.kms.katalon.core.main.TestCaseMain.runTestCase(TestCaseMain.java:144)
	at com.kms.katalon.core.keyword.builtin.CallTestCaseKeyword$_callTestCase_closure1.doCall(CallTestCaseKeyword.groovy:59)
	at com.kms.katalon.core.keyword.builtin.CallTestCaseKeyword$_callTestCase_closure1.call(CallTestCaseKeyword.groovy)
	at com.kms.katalon.core.keyword.internal.KeywordMain.runKeyword(KeywordMain.groovy:75)
	at com.kms.katalon.core.keyword.builtin.CallTestCaseKeyword.callTestCase(CallTestCaseKeyword.groovy:81)
	at com.kms.katalon.core.keyword.builtin.CallTestCaseKeyword.execute(CallTestCaseKeyword.groovy:44)
	at com.kms.katalon.core.keyword.internal.KeywordExecutor.executeKeywordForPlatform(KeywordExecutor.groovy:74)
	at com.kms.katalon.core.keyword.BuiltinKeywords.callTestCase(BuiltinKeywords.groovy:310)
	at SA-006.run(SA-006:20)
	at com.kms.katalon.core.main.ScriptEngine.run(ScriptEngine.java:194)
	at com.kms.katalon.core.main.ScriptEngine.runScriptAsRawText(ScriptEngine.java:119)
	at com.kms.katalon.core.main.TestCaseExecutor.runScript(TestCaseExecutor.java:448)
	at com.kms.katalon.core.main.TestCaseExecutor.doExecute(TestCaseExecutor.java:439)
	at com.kms.katalon.core.main.TestCaseExecutor.processExecutionPhase(TestCaseExecutor.java:418)
	at com.kms.katalon.core.main.TestCaseExecutor.accessMainPhase(TestCaseExecutor.java:410)
	at com.kms.katalon.core.main.TestCaseExecutor.execute(TestCaseExecutor.java:285)
	at com.kms.katalon.core.main.TestCaseMain.runTestCase(TestCaseMain.java:144)
	at com.kms.katalon.core.keyword.builtin.CallTestCaseKeyword$_callTestCase_closure1.doCall(CallTestCaseKeyword.groovy:59)
	at com.kms.katalon.core.keyword.builtin.CallTestCaseKeyword$_callTestCase_closure1.call(CallTestCaseKeyword.groovy)
	at com.kms.katalon.core.keyword.internal.KeywordMain.runKeyword(KeywordMain.groovy:75)
	at com.kms.katalon.core.keyword.builtin.CallTestCaseKeyword.callTestCase(CallTestCaseKeyword.groovy:81)
	at com.kms.katalon.core.keyword.builtin.CallTestCaseKeyword.execute(CallTestCaseKeyword.groovy:44)
	at com.kms.katalon.core.keyword.internal.KeywordExecutor.executeKeywordForPlatform(KeywordExecutor.groovy:74)
	at com.kms.katalon.core.keyword.BuiltinKeywords.callTestCase(BuiltinKeywords.groovy:310)
	at SU-005.run(SU-005:20)
	at com.kms.katalon.core.main.ScriptEngine.run(ScriptEngine.java:194)
	at com.kms.katalon.core.main.ScriptEngine.runScriptAsRawText(ScriptEngine.java:119)
	at com.kms.katalon.core.main.TestCaseExecutor.runScript(TestCaseExecutor.java:448)
	at com.kms.katalon.core.main.TestCaseExecutor.doExecute(TestCaseExecutor.java:439)
	at com.kms.katalon.core.main.TestCaseExecutor.processExecutionPhase(TestCaseExecutor.java:418)
	at com.kms.katalon.core.main.TestCaseExecutor.accessMainPhase(TestCaseExecutor.java:410)
	at com.kms.katalon.core.main.TestCaseExecutor.execute(TestCaseExecutor.java:285)
	at com.kms.katalon.core.common.CommonExecutor.accessTestCaseMainPhase(CommonExecutor.java:65)
	at com.kms.katalon.core.main.TestSuiteExecutor.accessTestSuiteMainPhase(TestSuiteExecutor.java:148)
	at com.kms.katalon.core.main.TestSuiteExecutor.execute(TestSuiteExecutor.java:106)
	at com.kms.katalon.core.main.TestCaseMain.startTestSuite(TestCaseMain.java:187)
	at com.kms.katalon.core.main.TestCaseMain$startTestSuite$0.call(Unknown Source)
	at TempTestSuite1696424348948.run(TempTestSuite1696424348948.groovy:36)
Caused by: com.kms.katalon.core.exception.StepFailedException: Call Test Case 'Test Cases/T13 Pembelian, Shipment dan Pembayaran/PBYA-001' failed
	at com.kms.katalon.core.keyword.builtin.CallTestCaseKeyword$_callTestCase_closure1.doCall(CallTestCaseKeyword.groovy:63)
	at com.kms.katalon.core.keyword.builtin.CallTestCaseKeyword$_callTestCase_closure1.call(CallTestCaseKeyword.groovy)
	at com.kms.katalon.core.keyword.internal.KeywordMain.runKeyword(KeywordMain.groovy:75)
	at com.kms.katalon.core.keyword.builtin.CallTestCaseKeyword.callTestCase(CallTestCaseKeyword.groovy:81)
	at com.kms.katalon.core.keyword.builtin.CallTestCaseKeyword.execute(CallTestCaseKeyword.groovy:44)
	at com.kms.katalon.core.keyword.internal.KeywordExecutor.executeKeywordForPlatform(KeywordExecutor.groovy:74)
	at com.kms.katalon.core.keyword.BuiltinKeywords.callTestCase(BuiltinKeywords.groovy:310)
	at SA-001.run(SA-001:20)
	at com.kms.katalon.core.main.ScriptEngine.run(ScriptEngine.java:194)
	at com.kms.katalon.core.main.ScriptEngine.runScriptAsRawText(ScriptEngine.java:119)
	at com.kms.katalon.core.main.TestCaseExecutor.runScript(TestCaseExecutor.java:448)
	at com.kms.katalon.core.main.TestCaseExecutor.doExecute(TestCaseExecutor.java:439)
	at com.kms.katalon.core.main.TestCaseExecutor.processExecutionPhase(TestCaseExecutor.java:418)
	at com.kms.katalon.core.main.TestCaseExecutor.accessMainPhase(TestCaseExecutor.java:410)
	at com.kms.katalon.core.main.TestCaseExecutor.execute(TestCaseExecutor.java:285)
	at com.kms.katalon.core.main.TestCaseMain.runTestCase(TestCaseMain.java:144)
	at com.kms.katalon.core.keyword.builtin.CallTestCaseKeyword$_callTestCase_closure1.doCall(CallTestCaseKeyword.groovy:59)
	... 52 more
Caused by: com.kms.katalon.core.exception.StepFailedException: Call Test Case 'Test Cases/T13 Pembelian, Shipment dan Pembayaran/PBY-004' failed
	at com.kms.katalon.core.keyword.builtin.CallTestCaseKeyword$_callTestCase_closure1.doCall(CallTestCaseKeyword.groovy:63)
	at com.kms.katalon.core.keyword.builtin.CallTestCaseKeyword$_callTestCase_closure1.call(CallTestCaseKeyword.groovy)
	at com.kms.katalon.core.keyword.internal.KeywordMain.runKeyword(KeywordMain.groovy:75)
	at com.kms.katalon.core.keyword.builtin.CallTestCaseKeyword.callTestCase(CallTestCaseKeyword.groovy:81)
	at com.kms.katalon.core.keyword.builtin.CallTestCaseKeyword.execute(CallTestCaseKeyword.groovy:44)
	at com.kms.katalon.core.keyword.internal.KeywordExecutor.executeKeywordForPlatform(KeywordExecutor.groovy:74)
	at com.kms.katalon.core.keyword.BuiltinKeywords.callTestCase(BuiltinKeywords.groovy:310)
	at PBYA-001.run(PBYA-001:20)
	at com.kms.katalon.core.main.ScriptEngine.run(ScriptEngine.java:194)
	at com.kms.katalon.core.main.ScriptEngine.runScriptAsRawText(ScriptEngine.java:119)
	at com.kms.katalon.core.main.TestCaseExecutor.runScript(TestCaseExecutor.java:448)
	at com.kms.katalon.core.main.TestCaseExecutor.doExecute(TestCaseExecutor.java:439)
	at com.kms.katalon.core.main.TestCaseExecutor.processExecutionPhase(TestCaseExecutor.java:418)
	at com.kms.katalon.core.main.TestCaseExecutor.accessMainPhase(TestCaseExecutor.java:410)
	at com.kms.katalon.core.main.TestCaseExecutor.execute(TestCaseExecutor.java:285)
	at com.kms.katalon.core.main.TestCaseMain.runTestCase(TestCaseMain.java:144)
	at com.kms.katalon.core.keyword.builtin.CallTestCaseKeyword$_callTestCase_closure1.doCall(CallTestCaseKeyword.groovy:59)
	... 68 more
Caused by: com.kms.katalon.core.exception.StepFailedException: Call Test Case 'Test Cases/T13 Pembelian, Shipment dan Pembayaran/PBY-001' failed
	at com.kms.katalon.core.keyword.builtin.CallTestCaseKeyword$_callTestCase_closure1.doCall(CallTestCaseKeyword.groovy:63)
	at com.kms.katalon.core.keyword.builtin.CallTestCaseKeyword$_callTestCase_closure1.call(CallTestCaseKeyword.groovy)
	at com.kms.katalon.core.keyword.internal.KeywordMain.runKeyword(KeywordMain.groovy:75)
	at com.kms.katalon.core.keyword.builtin.CallTestCaseKeyword.callTestCase(CallTestCaseKeyword.groovy:81)
	at com.kms.katalon.core.keyword.builtin.CallTestCaseKeyword.execute(CallTestCaseKeyword.groovy:44)
	at com.kms.katalon.core.keyword.internal.KeywordExecutor.executeKeywordForPlatform(KeywordExecutor.groovy:74)
	at com.kms.katalon.core.keyword.BuiltinKeywords.callTestCase(BuiltinKeywords.groovy:310)
	at PBY-004.run(PBY-004:20)
	at com.kms.katalon.core.main.ScriptEngine.run(ScriptEngine.java:194)
	at com.kms.katalon.core.main.ScriptEngine.runScriptAsRawText(ScriptEngine.java:119)
	at com.kms.katalon.core.main.TestCaseExecutor.runScript(TestCaseExecutor.java:448)
	at com.kms.katalon.core.main.TestCaseExecutor.doExecute(TestCaseExecutor.java:439)
	at com.kms.katalon.core.main.TestCaseExecutor.processExecutionPhase(TestCaseExecutor.java:418)
	at com.kms.katalon.core.main.TestCaseExecutor.accessMainPhase(TestCaseExecutor.java:410)
	at com.kms.katalon.core.main.TestCaseExecutor.execute(TestCaseExecutor.java:285)
	at com.kms.katalon.core.main.TestCaseMain.runTestCase(TestCaseMain.java:144)
	at com.kms.katalon.core.keyword.builtin.CallTestCaseKeyword$_callTestCase_closure1.doCall(CallTestCaseKeyword.groovy:59)
	... 84 more
Caused by: com.kms.katalon.core.exception.StepFailedException: Call Test Case 'Test Cases/T13 Pembelian, Shipment dan Pembayaran/PBL-004' failed
	at com.kms.katalon.core.keyword.builtin.CallTestCaseKeyword$_callTestCase_closure1.doCall(CallTestCaseKeyword.groovy:63)
	at com.kms.katalon.core.keyword.builtin.CallTestCaseKeyword$_callTestCase_closure1.call(CallTestCaseKeyword.groovy)
	at com.kms.katalon.core.keyword.internal.KeywordMain.runKeyword(KeywordMain.groovy:75)
	at com.kms.katalon.core.keyword.builtin.CallTestCaseKeyword.callTestCase(CallTestCaseKeyword.groovy:81)
	at com.kms.katalon.core.keyword.builtin.CallTestCaseKeyword.execute(CallTestCaseKeyword.groovy:44)
	at com.kms.katalon.core.keyword.internal.KeywordExecutor.executeKeywordForPlatform(KeywordExecutor.groovy:74)
	at com.kms.katalon.core.keyword.BuiltinKeywords.callTestCase(BuiltinKeywords.groovy:310)
	at PBY-001.run(PBY-001:20)
	at com.kms.katalon.core.main.ScriptEngine.run(ScriptEngine.java:194)
	at com.kms.katalon.core.main.ScriptEngine.runScriptAsRawText(ScriptEngine.java:119)
	at com.kms.katalon.core.main.TestCaseExecutor.runScript(TestCaseExecutor.java:448)
	at com.kms.katalon.core.main.TestCaseExecutor.doExecute(TestCaseExecutor.java:439)
	at com.kms.katalon.core.main.TestCaseExecutor.processExecutionPhase(TestCaseExecutor.java:418)
	at com.kms.katalon.core.main.TestCaseExecutor.accessMainPhase(TestCaseExecutor.java:410)
	at com.kms.katalon.core.main.TestCaseExecutor.execute(TestCaseExecutor.java:285)
	at com.kms.katalon.core.main.TestCaseMain.runTestCase(TestCaseMain.java:144)
	at com.kms.katalon.core.keyword.builtin.CallTestCaseKeyword$_callTestCase_closure1.doCall(CallTestCaseKeyword.groovy:59)
	... 100 more
Caused by: com.kms.katalon.core.exception.StepFailedException: Call Test Case 'Test Cases/T13 Pembelian, Shipment dan Pembayaran/PBL-002' failed
	at com.kms.katalon.core.keyword.builtin.CallTestCaseKeyword$_callTestCase_closure1.doCall(CallTestCaseKeyword.groovy:63)
	at com.kms.katalon.core.keyword.builtin.CallTestCaseKeyword$_callTestCase_closure1.call(CallTestCaseKeyword.groovy)
	at com.kms.katalon.core.keyword.internal.KeywordMain.runKeyword(KeywordMain.groovy:75)
	at com.kms.katalon.core.keyword.builtin.CallTestCaseKeyword.callTestCase(CallTestCaseKeyword.groovy:81)
	at com.kms.katalon.core.keyword.builtin.CallTestCaseKeyword.execute(CallTestCaseKeyword.groovy:44)
	at com.kms.katalon.core.keyword.internal.KeywordExecutor.executeKeywordForPlatform(KeywordExecutor.groovy:74)
	at com.kms.katalon.core.keyword.BuiltinKeywords.callTestCase(BuiltinKeywords.groovy:310)
	at PBL-004.run(PBL-004:20)
	at com.kms.katalon.core.main.ScriptEngine.run(ScriptEngine.java:194)
	at com.kms.katalon.core.main.ScriptEngine.runScriptAsRawText(ScriptEngine.java:119)
	at com.kms.katalon.core.main.TestCaseExecutor.runScript(TestCaseExecutor.java:448)
	at com.kms.katalon.core.main.TestCaseExecutor.doExecute(TestCaseExecutor.java:439)
	at com.kms.katalon.core.main.TestCaseExecutor.processExecutionPhase(TestCaseExecutor.java:418)
	at com.kms.katalon.core.main.TestCaseExecutor.accessMainPhase(TestCaseExecutor.java:410)
	at com.kms.katalon.core.main.TestCaseExecutor.execute(TestCaseExecutor.java:285)
	at com.kms.katalon.core.main.TestCaseMain.runTestCase(TestCaseMain.java:144)
	at com.kms.katalon.core.keyword.builtin.CallTestCaseKeyword$_callTestCase_closure1.doCall(CallTestCaseKeyword.groovy:59)
	... 116 more
Caused by: com.kms.katalon.core.exception.StepFailedException: Call Test Case 'Test Cases/T13 Pembelian, Shipment dan Pembayaran/PBL-001' failed
	at com.kms.katalon.core.keyword.builtin.CallTestCaseKeyword$_callTestCase_closure1.doCall(CallTestCaseKeyword.groovy:63)
	at com.kms.katalon.core.keyword.builtin.CallTestCaseKeyword$_callTestCase_closure1.call(CallTestCaseKeyword.groovy)
	at com.kms.katalon.core.keyword.internal.KeywordMain.runKeyword(KeywordMain.groovy:75)
	at com.kms.katalon.core.keyword.builtin.CallTestCaseKeyword.callTestCase(CallTestCaseKeyword.groovy:81)
	at com.kms.katalon.core.keyword.builtin.CallTestCaseKeyword.execute(CallTestCaseKeyword.groovy:44)
	at com.kms.katalon.core.keyword.internal.KeywordExecutor.executeKeywordForPlatform(KeywordExecutor.groovy:74)
	at com.kms.katalon.core.keyword.BuiltinKeywords.callTestCase(BuiltinKeywords.groovy:310)
	at PBL-002.run(PBL-002:20)
	at com.kms.katalon.core.main.ScriptEngine.run(ScriptEngine.java:194)
	at com.kms.katalon.core.main.ScriptEngine.runScriptAsRawText(ScriptEngine.java:119)
	at com.kms.katalon.core.main.TestCaseExecutor.runScript(TestCaseExecutor.java:448)
	at com.kms.katalon.core.main.TestCaseExecutor.doExecute(TestCaseExecutor.java:439)
	at com.kms.katalon.core.main.TestCaseExecutor.processExecutionPhase(TestCaseExecutor.java:418)
	at com.kms.katalon.core.main.TestCaseExecutor.accessMainPhase(TestCaseExecutor.java:410)
	at com.kms.katalon.core.main.TestCaseExecutor.execute(TestCaseExecutor.java:285)
	at com.kms.katalon.core.main.TestCaseMain.runTestCase(TestCaseMain.java:144)
	at com.kms.katalon.core.keyword.builtin.CallTestCaseKeyword$_callTestCase_closure1.doCall(CallTestCaseKeyword.groovy:59)
	... 132 more
Caused by: Assertion failed: 

assert NamaSesudah.contains(NamaSebelum)
       |           |        |
       |           false    Segitiga Instan Madeira - MDB5.3 Sunse,..
       Segitiga Instan Madeira - MDB5.3 Sunset

	at PBL-001.run(PBL-001:39)
	at com.kms.katalon.core.main.ScriptEngine.run(ScriptEngine.java:194)
	at com.kms.katalon.core.main.ScriptEngine.runScriptAsRawText(ScriptEngine.java:119)
	at com.kms.katalon.core.main.TestCaseExecutor.runScript(TestCaseExecutor.java:448)
	at com.kms.katalon.core.main.TestCaseExecutor.doExecute(TestCaseExecutor.java:439)
	at com.kms.katalon.core.main.TestCaseExecutor.processExecutionPhase(TestCaseExecutor.java:418)
	at com.kms.katalon.core.main.TestCaseExecutor.accessMainPhase(TestCaseExecutor.java:410)
	at com.kms.katalon.core.main.TestCaseExecutor.execute(TestCaseExecutor.java:285)
	at com.kms.katalon.core.main.TestCaseMain.runTestCase(TestCaseMain.java:144)
	at com.kms.katalon.core.keyword.builtin.CallTestCaseKeyword$_callTestCase_closure1.doCall(CallTestCaseKeyword.groovy:59)
	... 148 more


2023-10-04 20:46:24 - [TEST_STEP][FAILED] - data = callTestCase(findTestCase("T13 Pembelian, Shipment dan Pembayaran/SA-001"), [:], STOP_ON_FAILURE): Unable to call Test Case 'Test Cases/T13 Pembelian, Shipment dan Pembayaran/SA-001' (Root cause: com.kms.katalon.core.exception.StepFailedException: Call Test Case 'Test Cases/T13 Pembelian, Shipment dan Pembayaran/SA-001' failed
	at com.kms.katalon.core.keyword.builtin.CallTestCaseKeyword$_callTestCase_closure1.doCall(CallTestCaseKeyword.groovy:63)
	at com.kms.katalon.core.keyword.builtin.CallTestCaseKeyword$_callTestCase_closure1.call(CallTestCaseKeyword.groovy)
	at com.kms.katalon.core.keyword.internal.KeywordMain.runKeyword(KeywordMain.groovy:75)
	at com.kms.katalon.core.keyword.builtin.CallTestCaseKeyword.callTestCase(CallTestCaseKeyword.groovy:81)
	at com.kms.katalon.core.keyword.builtin.CallTestCaseKeyword.execute(CallTestCaseKeyword.groovy:44)
	at com.kms.katalon.core.keyword.internal.KeywordExecutor.executeKeywordForPlatform(KeywordExecutor.groovy:74)
	at com.kms.katalon.core.keyword.BuiltinKeywords.callTestCase(BuiltinKeywords.groovy:310)
	at SA-002.run(SA-002:20)
	at com.kms.katalon.core.main.ScriptEngine.run(ScriptEngine.java:194)
	at com.kms.katalon.core.main.ScriptEngine.runScriptAsRawText(ScriptEngine.java:119)
	at com.kms.katalon.core.main.TestCaseExecutor.runScript(TestCaseExecutor.java:448)
	at com.kms.katalon.core.main.TestCaseExecutor.doExecute(TestCaseExecutor.java:439)
	at com.kms.katalon.core.main.TestCaseExecutor.processExecutionPhase(TestCaseExecutor.java:418)
	at com.kms.katalon.core.main.TestCaseExecutor.accessMainPhase(TestCaseExecutor.java:410)
	at com.kms.katalon.core.main.TestCaseExecutor.execute(TestCaseExecutor.java:285)
	at com.kms.katalon.core.main.TestCaseMain.runTestCase(TestCaseMain.java:144)
	at com.kms.katalon.core.keyword.builtin.CallTestCaseKeyword$_callTestCase_closure1.doCall(CallTestCaseKeyword.groovy:59)
	at com.kms.katalon.core.keyword.builtin.CallTestCaseKeyword$_callTestCase_closure1.call(CallTestCaseKeyword.groovy)
	at com.kms.katalon.core.keyword.internal.KeywordMain.runKeyword(KeywordMain.groovy:75)
	at com.kms.katalon.core.keyword.builtin.CallTestCaseKeyword.callTestCase(CallTestCaseKeyword.groovy:81)
	at com.kms.katalon.core.keyword.builtin.CallTestCaseKeyword.execute(CallTestCaseKeyword.groovy:44)
	at com.kms.katalon.core.keyword.internal.KeywordExecutor.executeKeywordForPlatform(KeywordExecutor.groovy:74)
	at com.kms.katalon.core.keyword.BuiltinKeywords.callTestCase(BuiltinKeywords.groovy:310)
	at SA-006.run(SA-006:20)
	at com.kms.katalon.core.main.ScriptEngine.run(ScriptEngine.java:194)
	at com.kms.katalon.core.main.ScriptEngine.runScriptAsRawText(ScriptEngine.java:119)
	at com.kms.katalon.core.main.TestCaseExecutor.runScript(TestCaseExecutor.java:448)
	at com.kms.katalon.core.main.TestCaseExecutor.doExecute(TestCaseExecutor.java:439)
	at com.kms.katalon.core.main.TestCaseExecutor.processExecutionPhase(TestCaseExecutor.java:418)
	at com.kms.katalon.core.main.TestCaseExecutor.accessMainPhase(TestCaseExecutor.java:410)
	at com.kms.katalon.core.main.TestCaseExecutor.execute(TestCaseExecutor.java:285)
	at com.kms.katalon.core.main.TestCaseMain.runTestCase(TestCaseMain.java:144)
	at com.kms.katalon.core.keyword.builtin.CallTestCaseKeyword$_callTestCase_closure1.doCall(CallTestCaseKeyword.groovy:59)
	at com.kms.katalon.core.keyword.builtin.CallTestCaseKeyword$_callTestCase_closure1.call(CallTestCaseKeyword.groovy)
	at com.kms.katalon.core.keyword.internal.KeywordMain.runKeyword(KeywordMain.groovy:75)
	at com.kms.katalon.core.keyword.builtin.CallTestCaseKeyword.callTestCase(CallTestCaseKeyword.groovy:81)
	at com.kms.katalon.core.keyword.builtin.CallTestCaseKeyword.execute(CallTestCaseKeyword.groovy:44)
	at com.kms.katalon.core.keyword.internal.KeywordExecutor.executeKeywordForPlatform(KeywordExecutor.groovy:74)
	at com.kms.katalon.core.keyword.BuiltinKeywords.callTestCase(BuiltinKeywords.groovy:310)
	at SU-005.run(SU-005:20)
	at com.kms.katalon.core.main.ScriptEngine.run(ScriptEngine.java:194)
	at com.kms.katalon.core.main.ScriptEngine.runScriptAsRawText(ScriptEngine.java:119)
	at com.kms.katalon.core.main.TestCaseExecutor.runScript(TestCaseExecutor.java:448)
	at com.kms.katalon.core.main.TestCaseExecutor.doExecute(TestCaseExecutor.java:439)
	at com.kms.katalon.core.main.TestCaseExecutor.processExecutionPhase(TestCaseExecutor.java:418)
	at com.kms.katalon.core.main.TestCaseExecutor.accessMainPhase(TestCaseExecutor.java:410)
	at com.kms.katalon.core.main.TestCaseExecutor.execute(TestCaseExecutor.java:285)
	at com.kms.katalon.core.common.CommonExecutor.accessTestCaseMainPhase(CommonExecutor.java:65)
	at com.kms.katalon.core.main.TestSuiteExecutor.accessTestSuiteMainPhase(TestSuiteExecutor.java:148)
	at com.kms.katalon.core.main.TestSuiteExecutor.execute(TestSuiteExecutor.java:106)
	at com.kms.katalon.core.main.TestCaseMain.startTestSuite(TestCaseMain.java:187)
	at com.kms.katalon.core.main.TestCaseMain$startTestSuite$0.call(Unknown Source)
	at TempTestSuite1696424348948.run(TempTestSuite1696424348948.groovy:36)
Caused by: com.kms.katalon.core.exception.StepFailedException: Call Test Case 'Test Cases/T13 Pembelian, Shipment dan Pembayaran/PBYA-001' failed
	at com.kms.katalon.core.keyword.builtin.CallTestCaseKeyword$_callTestCase_closure1.doCall(CallTestCaseKeyword.groovy:63)
	at com.kms.katalon.core.keyword.builtin.CallTestCaseKeyword$_callTestCase_closure1.call(CallTestCaseKeyword.groovy)
	at com.kms.katalon.core.keyword.internal.KeywordMain.runKeyword(KeywordMain.groovy:75)
	at com.kms.katalon.core.keyword.builtin.CallTestCaseKeyword.callTestCase(CallTestCaseKeyword.groovy:81)
	at com.kms.katalon.core.keyword.builtin.CallTestCaseKeyword.execute(CallTestCaseKeyword.groovy:44)
	at com.kms.katalon.core.keyword.internal.KeywordExecutor.executeKeywordForPlatform(KeywordExecutor.groovy:74)
	at com.kms.katalon.core.keyword.BuiltinKeywords.callTestCase(BuiltinKeywords.groovy:310)
	at SA-001.run(SA-001:20)
	at com.kms.katalon.core.main.ScriptEngine.run(ScriptEngine.java:194)
	at com.kms.katalon.core.main.ScriptEngine.runScriptAsRawText(ScriptEngine.java:119)
	at com.kms.katalon.core.main.TestCaseExecutor.runScript(TestCaseExecutor.java:448)
	at com.kms.katalon.core.main.TestCaseExecutor.doExecute(TestCaseExecutor.java:439)
	at com.kms.katalon.core.main.TestCaseExecutor.processExecutionPhase(TestCaseExecutor.java:418)
	at com.kms.katalon.core.main.TestCaseExecutor.accessMainPhase(TestCaseExecutor.java:410)
	at com.kms.katalon.core.main.TestCaseExecutor.execute(TestCaseExecutor.java:285)
	at com.kms.katalon.core.main.TestCaseMain.runTestCase(TestCaseMain.java:144)
	at com.kms.katalon.core.keyword.builtin.CallTestCaseKeyword$_callTestCase_closure1.doCall(CallTestCaseKeyword.groovy:59)
	... 52 more
Caused by: com.kms.katalon.core.exception.StepFailedException: Call Test Case 'Test Cases/T13 Pembelian, Shipment dan Pembayaran/PBY-004' failed
	at com.kms.katalon.core.keyword.builtin.CallTestCaseKeyword$_callTestCase_closure1.doCall(CallTestCaseKeyword.groovy:63)
	at com.kms.katalon.core.keyword.builtin.CallTestCaseKeyword$_callTestCase_closure1.call(CallTestCaseKeyword.groovy)
	at com.kms.katalon.core.keyword.internal.KeywordMain.runKeyword(KeywordMain.groovy:75)
	at com.kms.katalon.core.keyword.builtin.CallTestCaseKeyword.callTestCase(CallTestCaseKeyword.groovy:81)
	at com.kms.katalon.core.keyword.builtin.CallTestCaseKeyword.execute(CallTestCaseKeyword.groovy:44)
	at com.kms.katalon.core.keyword.internal.KeywordExecutor.executeKeywordForPlatform(KeywordExecutor.groovy:74)
	at com.kms.katalon.core.keyword.BuiltinKeywords.callTestCase(BuiltinKeywords.groovy:310)
	at PBYA-001.run(PBYA-001:20)
	at com.kms.katalon.core.main.ScriptEngine.run(ScriptEngine.java:194)
	at com.kms.katalon.core.main.ScriptEngine.runScriptAsRawText(ScriptEngine.java:119)
	at com.kms.katalon.core.main.TestCaseExecutor.runScript(TestCaseExecutor.java:448)
	at com.kms.katalon.core.main.TestCaseExecutor.doExecute(TestCaseExecutor.java:439)
	at com.kms.katalon.core.main.TestCaseExecutor.processExecutionPhase(TestCaseExecutor.java:418)
	at com.kms.katalon.core.main.TestCaseExecutor.accessMainPhase(TestCaseExecutor.java:410)
	at com.kms.katalon.core.main.TestCaseExecutor.execute(TestCaseExecutor.java:285)
	at com.kms.katalon.core.main.TestCaseMain.runTestCase(TestCaseMain.java:144)
	at com.kms.katalon.core.keyword.builtin.CallTestCaseKeyword$_callTestCase_closure1.doCall(CallTestCaseKeyword.groovy:59)
	... 68 more
Caused by: com.kms.katalon.core.exception.StepFailedException: Call Test Case 'Test Cases/T13 Pembelian, Shipment dan Pembayaran/PBY-001' failed
	at com.kms.katalon.core.keyword.builtin.CallTestCaseKeyword$_callTestCase_closure1.doCall(CallTestCaseKeyword.groovy:63)
	at com.kms.katalon.core.keyword.builtin.CallTestCaseKeyword$_callTestCase_closure1.call(CallTestCaseKeyword.groovy)
	at com.kms.katalon.core.keyword.internal.KeywordMain.runKeyword(KeywordMain.groovy:75)
	at com.kms.katalon.core.keyword.builtin.CallTestCaseKeyword.callTestCase(CallTestCaseKeyword.groovy:81)
	at com.kms.katalon.core.keyword.builtin.CallTestCaseKeyword.execute(CallTestCaseKeyword.groovy:44)
	at com.kms.katalon.core.keyword.internal.KeywordExecutor.executeKeywordForPlatform(KeywordExecutor.groovy:74)
	at com.kms.katalon.core.keyword.BuiltinKeywords.callTestCase(BuiltinKeywords.groovy:310)
	at PBY-004.run(PBY-004:20)
	at com.kms.katalon.core.main.ScriptEngine.run(ScriptEngine.java:194)
	at com.kms.katalon.core.main.ScriptEngine.runScriptAsRawText(ScriptEngine.java:119)
	at com.kms.katalon.core.main.TestCaseExecutor.runScript(TestCaseExecutor.java:448)
	at com.kms.katalon.core.main.TestCaseExecutor.doExecute(TestCaseExecutor.java:439)
	at com.kms.katalon.core.main.TestCaseExecutor.processExecutionPhase(TestCaseExecutor.java:418)
	at com.kms.katalon.core.main.TestCaseExecutor.accessMainPhase(TestCaseExecutor.java:410)
	at com.kms.katalon.core.main.TestCaseExecutor.execute(TestCaseExecutor.java:285)
	at com.kms.katalon.core.main.TestCaseMain.runTestCase(TestCaseMain.java:144)
	at com.kms.katalon.core.keyword.builtin.CallTestCaseKeyword$_callTestCase_closure1.doCall(CallTestCaseKeyword.groovy:59)
	... 84 more
Caused by: com.kms.katalon.core.exception.StepFailedException: Call Test Case 'Test Cases/T13 Pembelian, Shipment dan Pembayaran/PBL-004' failed
	at com.kms.katalon.core.keyword.builtin.CallTestCaseKeyword$_callTestCase_closure1.doCall(CallTestCaseKeyword.groovy:63)
	at com.kms.katalon.core.keyword.builtin.CallTestCaseKeyword$_callTestCase_closure1.call(CallTestCaseKeyword.groovy)
	at com.kms.katalon.core.keyword.internal.KeywordMain.runKeyword(KeywordMain.groovy:75)
	at com.kms.katalon.core.keyword.builtin.CallTestCaseKeyword.callTestCase(CallTestCaseKeyword.groovy:81)
	at com.kms.katalon.core.keyword.builtin.CallTestCaseKeyword.execute(CallTestCaseKeyword.groovy:44)
	at com.kms.katalon.core.keyword.internal.KeywordExecutor.executeKeywordForPlatform(KeywordExecutor.groovy:74)
	at com.kms.katalon.core.keyword.BuiltinKeywords.callTestCase(BuiltinKeywords.groovy:310)
	at PBY-001.run(PBY-001:20)
	at com.kms.katalon.core.main.ScriptEngine.run(ScriptEngine.java:194)
	at com.kms.katalon.core.main.ScriptEngine.runScriptAsRawText(ScriptEngine.java:119)
	at com.kms.katalon.core.main.TestCaseExecutor.runScript(TestCaseExecutor.java:448)
	at com.kms.katalon.core.main.TestCaseExecutor.doExecute(TestCaseExecutor.java:439)
	at com.kms.katalon.core.main.TestCaseExecutor.processExecutionPhase(TestCaseExecutor.java:418)
	at com.kms.katalon.core.main.TestCaseExecutor.accessMainPhase(TestCaseExecutor.java:410)
	at com.kms.katalon.core.main.TestCaseExecutor.execute(TestCaseExecutor.java:285)
	at com.kms.katalon.core.main.TestCaseMain.runTestCase(TestCaseMain.java:144)
	at com.kms.katalon.core.keyword.builtin.CallTestCaseKeyword$_callTestCase_closure1.doCall(CallTestCaseKeyword.groovy:59)
	... 100 more
Caused by: com.kms.katalon.core.exception.StepFailedException: Call Test Case 'Test Cases/T13 Pembelian, Shipment dan Pembayaran/PBL-002' failed
	at com.kms.katalon.core.keyword.builtin.CallTestCaseKeyword$_callTestCase_closure1.doCall(CallTestCaseKeyword.groovy:63)
	at com.kms.katalon.core.keyword.builtin.CallTestCaseKeyword$_callTestCase_closure1.call(CallTestCaseKeyword.groovy)
	at com.kms.katalon.core.keyword.internal.KeywordMain.runKeyword(KeywordMain.groovy:75)
	at com.kms.katalon.core.keyword.builtin.CallTestCaseKeyword.callTestCase(CallTestCaseKeyword.groovy:81)
	at com.kms.katalon.core.keyword.builtin.CallTestCaseKeyword.execute(CallTestCaseKeyword.groovy:44)
	at com.kms.katalon.core.keyword.internal.KeywordExecutor.executeKeywordForPlatform(KeywordExecutor.groovy:74)
	at com.kms.katalon.core.keyword.BuiltinKeywords.callTestCase(BuiltinKeywords.groovy:310)
	at PBL-004.run(PBL-004:20)
	at com.kms.katalon.core.main.ScriptEngine.run(ScriptEngine.java:194)
	at com.kms.katalon.core.main.ScriptEngine.runScriptAsRawText(ScriptEngine.java:119)
	at com.kms.katalon.core.main.TestCaseExecutor.runScript(TestCaseExecutor.java:448)
	at com.kms.katalon.core.main.TestCaseExecutor.doExecute(TestCaseExecutor.java:439)
	at com.kms.katalon.core.main.TestCaseExecutor.processExecutionPhase(TestCaseExecutor.java:418)
	at com.kms.katalon.core.main.TestCaseExecutor.accessMainPhase(TestCaseExecutor.java:410)
	at com.kms.katalon.core.main.TestCaseExecutor.execute(TestCaseExecutor.java:285)
	at com.kms.katalon.core.main.TestCaseMain.runTestCase(TestCaseMain.java:144)
	at com.kms.katalon.core.keyword.builtin.CallTestCaseKeyword$_callTestCase_closure1.doCall(CallTestCaseKeyword.groovy:59)
	... 116 more
Caused by: com.kms.katalon.core.exception.StepFailedException: Call Test Case 'Test Cases/T13 Pembelian, Shipment dan Pembayaran/PBL-001' failed
	at com.kms.katalon.core.keyword.builtin.CallTestCaseKeyword$_callTestCase_closure1.doCall(CallTestCaseKeyword.groovy:63)
	at com.kms.katalon.core.keyword.builtin.CallTestCaseKeyword$_callTestCase_closure1.call(CallTestCaseKeyword.groovy)
	at com.kms.katalon.core.keyword.internal.KeywordMain.runKeyword(KeywordMain.groovy:75)
	at com.kms.katalon.core.keyword.builtin.CallTestCaseKeyword.callTestCase(CallTestCaseKeyword.groovy:81)
	at com.kms.katalon.core.keyword.builtin.CallTestCaseKeyword.execute(CallTestCaseKeyword.groovy:44)
	at com.kms.katalon.core.keyword.internal.KeywordExecutor.executeKeywordForPlatform(KeywordExecutor.groovy:74)
	at com.kms.katalon.core.keyword.BuiltinKeywords.callTestCase(BuiltinKeywords.groovy:310)
	at PBL-002.run(PBL-002:20)
	at com.kms.katalon.core.main.ScriptEngine.run(ScriptEngine.java:194)
	at com.kms.katalon.core.main.ScriptEngine.runScriptAsRawText(ScriptEngine.java:119)
	at com.kms.katalon.core.main.TestCaseExecutor.runScript(TestCaseExecutor.java:448)
	at com.kms.katalon.core.main.TestCaseExecutor.doExecute(TestCaseExecutor.java:439)
	at com.kms.katalon.core.main.TestCaseExecutor.processExecutionPhase(TestCaseExecutor.java:418)
	at com.kms.katalon.core.main.TestCaseExecutor.accessMainPhase(TestCaseExecutor.java:410)
	at com.kms.katalon.core.main.TestCaseExecutor.execute(TestCaseExecutor.java:285)
	at com.kms.katalon.core.main.TestCaseMain.runTestCase(TestCaseMain.java:144)
	at com.kms.katalon.core.keyword.builtin.CallTestCaseKeyword$_callTestCase_closure1.doCall(CallTestCaseKeyword.groovy:59)
	... 132 more
Caused by: Assertion failed: 

assert NamaSesudah.contains(NamaSebelum)
       |           |        |
       |           false    Segitiga Instan Madeira - MDB5.3 Sunse,..
       Segitiga Instan Madeira - MDB5.3 Sunset

	at PBL-001.run(PBL-001:39)
	at com.kms.katalon.core.main.ScriptEngine.run(ScriptEngine.java:194)
	at com.kms.katalon.core.main.ScriptEngine.runScriptAsRawText(ScriptEngine.java:119)
	at com.kms.katalon.core.main.TestCaseExecutor.runScript(TestCaseExecutor.java:448)
	at com.kms.katalon.core.main.TestCaseExecutor.doExecute(TestCaseExecutor.java:439)
	at com.kms.katalon.core.main.TestCaseExecutor.processExecutionPhase(TestCaseExecutor.java:418)
	at com.kms.katalon.core.main.TestCaseExecutor.accessMainPhase(TestCaseExecutor.java:410)
	at com.kms.katalon.core.main.TestCaseExecutor.execute(TestCaseExecutor.java:285)
	at com.kms.katalon.core.main.TestCaseMain.runTestCase(TestCaseMain.java:144)
	at com.kms.katalon.core.keyword.builtin.CallTestCaseKeyword$_callTestCase_closure1.doCall(CallTestCaseKeyword.groovy:59)
	... 148 more
)

2023-10-04 20:46:24 - [TEST_CASE][FAILED] - Test Cases/T13 Pembelian, Shipment dan Pembayaran/SA-001: Test Cases/T13 Pembelian, Shipment dan Pembayaran/SA-001 FAILED.
Reason:
com.kms.katalon.core.exception.StepFailedException: Call Test Case 'Test Cases/T13 Pembelian, Shipment dan Pembayaran/PBYA-001' failed
	at com.kms.katalon.core.keyword.builtin.CallTestCaseKeyword$_callTestCase_closure1.doCall(CallTestCaseKeyword.groovy:63)
	at com.kms.katalon.core.keyword.builtin.CallTestCaseKeyword$_callTestCase_closure1.call(CallTestCaseKeyword.groovy)
	at com.kms.katalon.core.keyword.internal.KeywordMain.runKeyword(KeywordMain.groovy:75)
	at com.kms.katalon.core.keyword.builtin.CallTestCaseKeyword.callTestCase(CallTestCaseKeyword.groovy:81)
	at com.kms.katalon.core.keyword.builtin.CallTestCaseKeyword.execute(CallTestCaseKeyword.groovy:44)
	at com.kms.katalon.core.keyword.internal.KeywordExecutor.executeKeywordForPlatform(KeywordExecutor.groovy:74)
	at com.kms.katalon.core.keyword.BuiltinKeywords.callTestCase(BuiltinKeywords.groovy:310)
	at SA-001.run(SA-001:20)
	at com.kms.katalon.core.main.ScriptEngine.run(ScriptEngine.java:194)
	at com.kms.katalon.core.main.ScriptEngine.runScriptAsRawText(ScriptEngine.java:119)
	at com.kms.katalon.core.main.TestCaseExecutor.runScript(TestCaseExecutor.java:448)
	at com.kms.katalon.core.main.TestCaseExecutor.doExecute(TestCaseExecutor.java:439)
	at com.kms.katalon.core.main.TestCaseExecutor.processExecutionPhase(TestCaseExecutor.java:418)
	at com.kms.katalon.core.main.TestCaseExecutor.accessMainPhase(TestCaseExecutor.java:410)
	at com.kms.katalon.core.main.TestCaseExecutor.execute(TestCaseExecutor.java:285)
	at com.kms.katalon.core.main.TestCaseMain.runTestCase(TestCaseMain.java:144)
	at com.kms.katalon.core.keyword.builtin.CallTestCaseKeyword$_callTestCase_closure1.doCall(CallTestCaseKeyword.groovy:59)
	at com.kms.katalon.core.keyword.builtin.CallTestCaseKeyword$_callTestCase_closure1.call(CallTestCaseKeyword.groovy)
	at com.kms.katalon.core.keyword.internal.KeywordMain.runKeyword(KeywordMain.groovy:75)
	at com.kms.katalon.core.keyword.builtin.CallTestCaseKeyword.callTestCase(CallTestCaseKeyword.groovy:81)
	at com.kms.katalon.core.keyword.builtin.CallTestCaseKeyword.execute(CallTestCaseKeyword.groovy:44)
	at com.kms.katalon.core.keyword.internal.KeywordExecutor.executeKeywordForPlatform(KeywordExecutor.groovy:74)
	at com.kms.katalon.core.keyword.BuiltinKeywords.callTestCase(BuiltinKeywords.groovy:310)
	at SA-002.run(SA-002:20)
	at com.kms.katalon.core.main.ScriptEngine.run(ScriptEngine.java:194)
	at com.kms.katalon.core.main.ScriptEngine.runScriptAsRawText(ScriptEngine.java:119)
	at com.kms.katalon.core.main.TestCaseExecutor.runScript(TestCaseExecutor.java:448)
	at com.kms.katalon.core.main.TestCaseExecutor.doExecute(TestCaseExecutor.java:439)
	at com.kms.katalon.core.main.TestCaseExecutor.processExecutionPhase(TestCaseExecutor.java:418)
	at com.kms.katalon.core.main.TestCaseExecutor.accessMainPhase(TestCaseExecutor.java:410)
	at com.kms.katalon.core.main.TestCaseExecutor.execute(TestCaseExecutor.java:285)
	at com.kms.katalon.core.main.TestCaseMain.runTestCase(TestCaseMain.java:144)
	at com.kms.katalon.core.keyword.builtin.CallTestCaseKeyword$_callTestCase_closure1.doCall(CallTestCaseKeyword.groovy:59)
	at com.kms.katalon.core.keyword.builtin.CallTestCaseKeyword$_callTestCase_closure1.call(CallTestCaseKeyword.groovy)
	at com.kms.katalon.core.keyword.internal.KeywordMain.runKeyword(KeywordMain.groovy:75)
	at com.kms.katalon.core.keyword.builtin.CallTestCaseKeyword.callTestCase(CallTestCaseKeyword.groovy:81)
	at com.kms.katalon.core.keyword.builtin.CallTestCaseKeyword.execute(CallTestCaseKeyword.groovy:44)
	at com.kms.katalon.core.keyword.internal.KeywordExecutor.executeKeywordForPlatform(KeywordExecutor.groovy:74)
	at com.kms.katalon.core.keyword.BuiltinKeywords.callTestCase(BuiltinKeywords.groovy:310)
	at SA-006.run(SA-006:20)
	at com.kms.katalon.core.main.ScriptEngine.run(ScriptEngine.java:194)
	at com.kms.katalon.core.main.ScriptEngine.runScriptAsRawText(ScriptEngine.java:119)
	at com.kms.katalon.core.main.TestCaseExecutor.runScript(TestCaseExecutor.java:448)
	at com.kms.katalon.core.main.TestCaseExecutor.doExecute(TestCaseExecutor.java:439)
	at com.kms.katalon.core.main.TestCaseExecutor.processExecutionPhase(TestCaseExecutor.java:418)
	at com.kms.katalon.core.main.TestCaseExecutor.accessMainPhase(TestCaseExecutor.java:410)
	at com.kms.katalon.core.main.TestCaseExecutor.execute(TestCaseExecutor.java:285)
	at com.kms.katalon.core.main.TestCaseMain.runTestCase(TestCaseMain.java:144)
	at com.kms.katalon.core.keyword.builtin.CallTestCaseKeyword$_callTestCase_closure1.doCall(CallTestCaseKeyword.groovy:59)
	at com.kms.katalon.core.keyword.builtin.CallTestCaseKeyword$_callTestCase_closure1.call(CallTestCaseKeyword.groovy)
	at com.kms.katalon.core.keyword.internal.KeywordMain.runKeyword(KeywordMain.groovy:75)
	at com.kms.katalon.core.keyword.builtin.CallTestCaseKeyword.callTestCase(CallTestCaseKeyword.groovy:81)
	at com.kms.katalon.core.keyword.builtin.CallTestCaseKeyword.execute(CallTestCaseKeyword.groovy:44)
	at com.kms.katalon.core.keyword.internal.KeywordExecutor.executeKeywordForPlatform(KeywordExecutor.groovy:74)
	at com.kms.katalon.core.keyword.BuiltinKeywords.callTestCase(BuiltinKeywords.groovy:310)
	at SU-005.run(SU-005:20)
	at com.kms.katalon.core.main.ScriptEngine.run(ScriptEngine.java:194)
	at com.kms.katalon.core.main.ScriptEngine.runScriptAsRawText(ScriptEngine.java:119)
	at com.kms.katalon.core.main.TestCaseExecutor.runScript(TestCaseExecutor.java:448)
	at com.kms.katalon.core.main.TestCaseExecutor.doExecute(TestCaseExecutor.java:439)
	at com.kms.katalon.core.main.TestCaseExecutor.processExecutionPhase(TestCaseExecutor.java:418)
	at com.kms.katalon.core.main.TestCaseExecutor.accessMainPhase(TestCaseExecutor.java:410)
	at com.kms.katalon.core.main.TestCaseExecutor.execute(TestCaseExecutor.java:285)
	at com.kms.katalon.core.common.CommonExecutor.accessTestCaseMainPhase(CommonExecutor.java:65)
	at com.kms.katalon.core.main.TestSuiteExecutor.accessTestSuiteMainPhase(TestSuiteExecutor.java:148)
	at com.kms.katalon.core.main.TestSuiteExecutor.execute(TestSuiteExecutor.java:106)
	at com.kms.katalon.core.main.TestCaseMain.startTestSuite(TestCaseMain.java:187)
	at com.kms.katalon.core.main.TestCaseMain$startTestSuite$0.call(Unknown Source)
	at TempTestSuite1696424348948.run(TempTestSuite1696424348948.groovy:36)
Caused by: com.kms.katalon.core.exception.StepFailedException: Call Test Case 'Test Cases/T13 Pembelian, Shipment dan Pembayaran/PBY-004' failed
	at com.kms.katalon.core.keyword.builtin.CallTestCaseKeyword$_callTestCase_closure1.doCall(CallTestCaseKeyword.groovy:63)
	at com.kms.katalon.core.keyword.builtin.CallTestCaseKeyword$_callTestCase_closure1.call(CallTestCaseKeyword.groovy)
	at com.kms.katalon.core.keyword.internal.KeywordMain.runKeyword(KeywordMain.groovy:75)
	at com.kms.katalon.core.keyword.builtin.CallTestCaseKeyword.callTestCase(CallTestCaseKeyword.groovy:81)
	at com.kms.katalon.core.keyword.builtin.CallTestCaseKeyword.execute(CallTestCaseKeyword.groovy:44)
	at com.kms.katalon.core.keyword.internal.KeywordExecutor.executeKeywordForPlatform(KeywordExecutor.groovy:74)
	at com.kms.katalon.core.keyword.BuiltinKeywords.callTestCase(BuiltinKeywords.groovy:310)
	at PBYA-001.run(PBYA-001:20)
	at com.kms.katalon.core.main.ScriptEngine.run(ScriptEngine.java:194)
	at com.kms.katalon.core.main.ScriptEngine.runScriptAsRawText(ScriptEngine.java:119)
	at com.kms.katalon.core.main.TestCaseExecutor.runScript(TestCaseExecutor.java:448)
	at com.kms.katalon.core.main.TestCaseExecutor.doExecute(TestCaseExecutor.java:439)
	at com.kms.katalon.core.main.TestCaseExecutor.processExecutionPhase(TestCaseExecutor.java:418)
	at com.kms.katalon.core.main.TestCaseExecutor.accessMainPhase(TestCaseExecutor.java:410)
	at com.kms.katalon.core.main.TestCaseExecutor.execute(TestCaseExecutor.java:285)
	at com.kms.katalon.core.main.TestCaseMain.runTestCase(TestCaseMain.java:144)
	at com.kms.katalon.core.keyword.builtin.CallTestCaseKeyword$_callTestCase_closure1.doCall(CallTestCaseKeyword.groovy:59)
	... 68 more
Caused by: com.kms.katalon.core.exception.StepFailedException: Call Test Case 'Test Cases/T13 Pembelian, Shipment dan Pembayaran/PBY-001' failed
	at com.kms.katalon.core.keyword.builtin.CallTestCaseKeyword$_callTestCase_closure1.doCall(CallTestCaseKeyword.groovy:63)
	at com.kms.katalon.core.keyword.builtin.CallTestCaseKeyword$_callTestCase_closure1.call(CallTestCaseKeyword.groovy)
	at com.kms.katalon.core.keyword.internal.KeywordMain.runKeyword(KeywordMain.groovy:75)
	at com.kms.katalon.core.keyword.builtin.CallTestCaseKeyword.callTestCase(CallTestCaseKeyword.groovy:81)
	at com.kms.katalon.core.keyword.builtin.CallTestCaseKeyword.execute(CallTestCaseKeyword.groovy:44)
	at com.kms.katalon.core.keyword.internal.KeywordExecutor.executeKeywordForPlatform(KeywordExecutor.groovy:74)
	at com.kms.katalon.core.keyword.BuiltinKeywords.callTestCase(BuiltinKeywords.groovy:310)
	at PBY-004.run(PBY-004:20)
	at com.kms.katalon.core.main.ScriptEngine.run(ScriptEngine.java:194)
	at com.kms.katalon.core.main.ScriptEngine.runScriptAsRawText(ScriptEngine.java:119)
	at com.kms.katalon.core.main.TestCaseExecutor.runScript(TestCaseExecutor.java:448)
	at com.kms.katalon.core.main.TestCaseExecutor.doExecute(TestCaseExecutor.java:439)
	at com.kms.katalon.core.main.TestCaseExecutor.processExecutionPhase(TestCaseExecutor.java:418)
	at com.kms.katalon.core.main.TestCaseExecutor.accessMainPhase(TestCaseExecutor.java:410)
	at com.kms.katalon.core.main.TestCaseExecutor.execute(TestCaseExecutor.java:285)
	at com.kms.katalon.core.main.TestCaseMain.runTestCase(TestCaseMain.java:144)
	at com.kms.katalon.core.keyword.builtin.CallTestCaseKeyword$_callTestCase_closure1.doCall(CallTestCaseKeyword.groovy:59)
	... 84 more
Caused by: com.kms.katalon.core.exception.StepFailedException: Call Test Case 'Test Cases/T13 Pembelian, Shipment dan Pembayaran/PBL-004' failed
	at com.kms.katalon.core.keyword.builtin.CallTestCaseKeyword$_callTestCase_closure1.doCall(CallTestCaseKeyword.groovy:63)
	at com.kms.katalon.core.keyword.builtin.CallTestCaseKeyword$_callTestCase_closure1.call(CallTestCaseKeyword.groovy)
	at com.kms.katalon.core.keyword.internal.KeywordMain.runKeyword(KeywordMain.groovy:75)
	at com.kms.katalon.core.keyword.builtin.CallTestCaseKeyword.callTestCase(CallTestCaseKeyword.groovy:81)
	at com.kms.katalon.core.keyword.builtin.CallTestCaseKeyword.execute(CallTestCaseKeyword.groovy:44)
	at com.kms.katalon.core.keyword.internal.KeywordExecutor.executeKeywordForPlatform(KeywordExecutor.groovy:74)
	at com.kms.katalon.core.keyword.BuiltinKeywords.callTestCase(BuiltinKeywords.groovy:310)
	at PBY-001.run(PBY-001:20)
	at com.kms.katalon.core.main.ScriptEngine.run(ScriptEngine.java:194)
	at com.kms.katalon.core.main.ScriptEngine.runScriptAsRawText(ScriptEngine.java:119)
	at com.kms.katalon.core.main.TestCaseExecutor.runScript(TestCaseExecutor.java:448)
	at com.kms.katalon.core.main.TestCaseExecutor.doExecute(TestCaseExecutor.java:439)
	at com.kms.katalon.core.main.TestCaseExecutor.processExecutionPhase(TestCaseExecutor.java:418)
	at com.kms.katalon.core.main.TestCaseExecutor.accessMainPhase(TestCaseExecutor.java:410)
	at com.kms.katalon.core.main.TestCaseExecutor.execute(TestCaseExecutor.java:285)
	at com.kms.katalon.core.main.TestCaseMain.runTestCase(TestCaseMain.java:144)
	at com.kms.katalon.core.keyword.builtin.CallTestCaseKeyword$_callTestCase_closure1.doCall(CallTestCaseKeyword.groovy:59)
	... 100 more
Caused by: com.kms.katalon.core.exception.StepFailedException: Call Test Case 'Test Cases/T13 Pembelian, Shipment dan Pembayaran/PBL-002' failed
	at com.kms.katalon.core.keyword.builtin.CallTestCaseKeyword$_callTestCase_closure1.doCall(CallTestCaseKeyword.groovy:63)
	at com.kms.katalon.core.keyword.builtin.CallTestCaseKeyword$_callTestCase_closure1.call(CallTestCaseKeyword.groovy)
	at com.kms.katalon.core.keyword.internal.KeywordMain.runKeyword(KeywordMain.groovy:75)
	at com.kms.katalon.core.keyword.builtin.CallTestCaseKeyword.callTestCase(CallTestCaseKeyword.groovy:81)
	at com.kms.katalon.core.keyword.builtin.CallTestCaseKeyword.execute(CallTestCaseKeyword.groovy:44)
	at com.kms.katalon.core.keyword.internal.KeywordExecutor.executeKeywordForPlatform(KeywordExecutor.groovy:74)
	at com.kms.katalon.core.keyword.BuiltinKeywords.callTestCase(BuiltinKeywords.groovy:310)
	at PBL-004.run(PBL-004:20)
	at com.kms.katalon.core.main.ScriptEngine.run(ScriptEngine.java:194)
	at com.kms.katalon.core.main.ScriptEngine.runScriptAsRawText(ScriptEngine.java:119)
	at com.kms.katalon.core.main.TestCaseExecutor.runScript(TestCaseExecutor.java:448)
	at com.kms.katalon.core.main.TestCaseExecutor.doExecute(TestCaseExecutor.java:439)
	at com.kms.katalon.core.main.TestCaseExecutor.processExecutionPhase(TestCaseExecutor.java:418)
	at com.kms.katalon.core.main.TestCaseExecutor.accessMainPhase(TestCaseExecutor.java:410)
	at com.kms.katalon.core.main.TestCaseExecutor.execute(TestCaseExecutor.java:285)
	at com.kms.katalon.core.main.TestCaseMain.runTestCase(TestCaseMain.java:144)
	at com.kms.katalon.core.keyword.builtin.CallTestCaseKeyword$_callTestCase_closure1.doCall(CallTestCaseKeyword.groovy:59)
	... 116 more
Caused by: com.kms.katalon.core.exception.StepFailedException: Call Test Case 'Test Cases/T13 Pembelian, Shipment dan Pembayaran/PBL-001' failed
	at com.kms.katalon.core.keyword.builtin.CallTestCaseKeyword$_callTestCase_closure1.doCall(CallTestCaseKeyword.groovy:63)
	at com.kms.katalon.core.keyword.builtin.CallTestCaseKeyword$_callTestCase_closure1.call(CallTestCaseKeyword.groovy)
	at com.kms.katalon.core.keyword.internal.KeywordMain.runKeyword(KeywordMain.groovy:75)
	at com.kms.katalon.core.keyword.builtin.CallTestCaseKeyword.callTestCase(CallTestCaseKeyword.groovy:81)
	at com.kms.katalon.core.keyword.builtin.CallTestCaseKeyword.execute(CallTestCaseKeyword.groovy:44)
	at com.kms.katalon.core.keyword.internal.KeywordExecutor.executeKeywordForPlatform(KeywordExecutor.groovy:74)
	at com.kms.katalon.core.keyword.BuiltinKeywords.callTestCase(BuiltinKeywords.groovy:310)
	at PBL-002.run(PBL-002:20)
	at com.kms.katalon.core.main.ScriptEngine.run(ScriptEngine.java:194)
	at com.kms.katalon.core.main.ScriptEngine.runScriptAsRawText(ScriptEngine.java:119)
	at com.kms.katalon.core.main.TestCaseExecutor.runScript(TestCaseExecutor.java:448)
	at com.kms.katalon.core.main.TestCaseExecutor.doExecute(TestCaseExecutor.java:439)
	at com.kms.katalon.core.main.TestCaseExecutor.processExecutionPhase(TestCaseExecutor.java:418)
	at com.kms.katalon.core.main.TestCaseExecutor.accessMainPhase(TestCaseExecutor.java:410)
	at com.kms.katalon.core.main.TestCaseExecutor.execute(TestCaseExecutor.java:285)
	at com.kms.katalon.core.main.TestCaseMain.runTestCase(TestCaseMain.java:144)
	at com.kms.katalon.core.keyword.builtin.CallTestCaseKeyword$_callTestCase_closure1.doCall(CallTestCaseKeyword.groovy:59)
	... 132 more
Caused by: Assertion failed: 

assert NamaSesudah.contains(NamaSebelum)
       |           |        |
       |           false    Segitiga Instan Madeira - MDB5.3 Sunse,..
       Segitiga Instan Madeira - MDB5.3 Sunset

	at PBL-001.run(PBL-001:39)
	at com.kms.katalon.core.main.ScriptEngine.run(ScriptEngine.java:194)
	at com.kms.katalon.core.main.ScriptEngine.runScriptAsRawText(ScriptEngine.java:119)
	at com.kms.katalon.core.main.TestCaseExecutor.runScript(TestCaseExecutor.java:448)
	at com.kms.katalon.core.main.TestCaseExecutor.doExecute(TestCaseExecutor.java:439)
	at com.kms.katalon.core.main.TestCaseExecutor.processExecutionPhase(TestCaseExecutor.java:418)
	at com.kms.katalon.core.main.TestCaseExecutor.accessMainPhase(TestCaseExecutor.java:410)
	at com.kms.katalon.core.main.TestCaseExecutor.execute(TestCaseExecutor.java:285)
	at com.kms.katalon.core.main.TestCaseMain.runTestCase(TestCaseMain.java:144)
	at com.kms.katalon.core.keyword.builtin.CallTestCaseKeyword$_callTestCase_closure1.doCall(CallTestCaseKeyword.groovy:59)
	... 148 more


2023-10-04 20:46:24 - [TEST_STEP][FAILED] - data = callTestCase(findTestCase("T13 Pembelian, Shipment dan Pembayaran/PBYA-001"), [:], STOP_ON_FAILURE): Unable to call Test Case 'Test Cases/T13 Pembelian, Shipment dan Pembayaran/PBYA-001' (Root cause: com.kms.katalon.core.exception.StepFailedException: Call Test Case 'Test Cases/T13 Pembelian, Shipment dan Pembayaran/PBYA-001' failed
	at com.kms.katalon.core.keyword.builtin.CallTestCaseKeyword$_callTestCase_closure1.doCall(CallTestCaseKeyword.groovy:63)
	at com.kms.katalon.core.keyword.builtin.CallTestCaseKeyword$_callTestCase_closure1.call(CallTestCaseKeyword.groovy)
	at com.kms.katalon.core.keyword.internal.KeywordMain.runKeyword(KeywordMain.groovy:75)
	at com.kms.katalon.core.keyword.builtin.CallTestCaseKeyword.callTestCase(CallTestCaseKeyword.groovy:81)
	at com.kms.katalon.core.keyword.builtin.CallTestCaseKeyword.execute(CallTestCaseKeyword.groovy:44)
	at com.kms.katalon.core.keyword.internal.KeywordExecutor.executeKeywordForPlatform(KeywordExecutor.groovy:74)
	at com.kms.katalon.core.keyword.BuiltinKeywords.callTestCase(BuiltinKeywords.groovy:310)
	at SA-001.run(SA-001:20)
	at com.kms.katalon.core.main.ScriptEngine.run(ScriptEngine.java:194)
	at com.kms.katalon.core.main.ScriptEngine.runScriptAsRawText(ScriptEngine.java:119)
	at com.kms.katalon.core.main.TestCaseExecutor.runScript(TestCaseExecutor.java:448)
	at com.kms.katalon.core.main.TestCaseExecutor.doExecute(TestCaseExecutor.java:439)
	at com.kms.katalon.core.main.TestCaseExecutor.processExecutionPhase(TestCaseExecutor.java:418)
	at com.kms.katalon.core.main.TestCaseExecutor.accessMainPhase(TestCaseExecutor.java:410)
	at com.kms.katalon.core.main.TestCaseExecutor.execute(TestCaseExecutor.java:285)
	at com.kms.katalon.core.main.TestCaseMain.runTestCase(TestCaseMain.java:144)
	at com.kms.katalon.core.keyword.builtin.CallTestCaseKeyword$_callTestCase_closure1.doCall(CallTestCaseKeyword.groovy:59)
	at com.kms.katalon.core.keyword.builtin.CallTestCaseKeyword$_callTestCase_closure1.call(CallTestCaseKeyword.groovy)
	at com.kms.katalon.core.keyword.internal.KeywordMain.runKeyword(KeywordMain.groovy:75)
	at com.kms.katalon.core.keyword.builtin.CallTestCaseKeyword.callTestCase(CallTestCaseKeyword.groovy:81)
	at com.kms.katalon.core.keyword.builtin.CallTestCaseKeyword.execute(CallTestCaseKeyword.groovy:44)
	at com.kms.katalon.core.keyword.internal.KeywordExecutor.executeKeywordForPlatform(KeywordExecutor.groovy:74)
	at com.kms.katalon.core.keyword.BuiltinKeywords.callTestCase(BuiltinKeywords.groovy:310)
	at SA-002.run(SA-002:20)
	at com.kms.katalon.core.main.ScriptEngine.run(ScriptEngine.java:194)
	at com.kms.katalon.core.main.ScriptEngine.runScriptAsRawText(ScriptEngine.java:119)
	at com.kms.katalon.core.main.TestCaseExecutor.runScript(TestCaseExecutor.java:448)
	at com.kms.katalon.core.main.TestCaseExecutor.doExecute(TestCaseExecutor.java:439)
	at com.kms.katalon.core.main.TestCaseExecutor.processExecutionPhase(TestCaseExecutor.java:418)
	at com.kms.katalon.core.main.TestCaseExecutor.accessMainPhase(TestCaseExecutor.java:410)
	at com.kms.katalon.core.main.TestCaseExecutor.execute(TestCaseExecutor.java:285)
	at com.kms.katalon.core.main.TestCaseMain.runTestCase(TestCaseMain.java:144)
	at com.kms.katalon.core.keyword.builtin.CallTestCaseKeyword$_callTestCase_closure1.doCall(CallTestCaseKeyword.groovy:59)
	at com.kms.katalon.core.keyword.builtin.CallTestCaseKeyword$_callTestCase_closure1.call(CallTestCaseKeyword.groovy)
	at com.kms.katalon.core.keyword.internal.KeywordMain.runKeyword(KeywordMain.groovy:75)
	at com.kms.katalon.core.keyword.builtin.CallTestCaseKeyword.callTestCase(CallTestCaseKeyword.groovy:81)
	at com.kms.katalon.core.keyword.builtin.CallTestCaseKeyword.execute(CallTestCaseKeyword.groovy:44)
	at com.kms.katalon.core.keyword.internal.KeywordExecutor.executeKeywordForPlatform(KeywordExecutor.groovy:74)
	at com.kms.katalon.core.keyword.BuiltinKeywords.callTestCase(BuiltinKeywords.groovy:310)
	at SA-006.run(SA-006:20)
	at com.kms.katalon.core.main.ScriptEngine.run(ScriptEngine.java:194)
	at com.kms.katalon.core.main.ScriptEngine.runScriptAsRawText(ScriptEngine.java:119)
	at com.kms.katalon.core.main.TestCaseExecutor.runScript(TestCaseExecutor.java:448)
	at com.kms.katalon.core.main.TestCaseExecutor.doExecute(TestCaseExecutor.java:439)
	at com.kms.katalon.core.main.TestCaseExecutor.processExecutionPhase(TestCaseExecutor.java:418)
	at com.kms.katalon.core.main.TestCaseExecutor.accessMainPhase(TestCaseExecutor.java:410)
	at com.kms.katalon.core.main.TestCaseExecutor.execute(TestCaseExecutor.java:285)
	at com.kms.katalon.core.main.TestCaseMain.runTestCase(TestCaseMain.java:144)
	at com.kms.katalon.core.keyword.builtin.CallTestCaseKeyword$_callTestCase_closure1.doCall(CallTestCaseKeyword.groovy:59)
	at com.kms.katalon.core.keyword.builtin.CallTestCaseKeyword$_callTestCase_closure1.call(CallTestCaseKeyword.groovy)
	at com.kms.katalon.core.keyword.internal.KeywordMain.runKeyword(KeywordMain.groovy:75)
	at com.kms.katalon.core.keyword.builtin.CallTestCaseKeyword.callTestCase(CallTestCaseKeyword.groovy:81)
	at com.kms.katalon.core.keyword.builtin.CallTestCaseKeyword.execute(CallTestCaseKeyword.groovy:44)
	at com.kms.katalon.core.keyword.internal.KeywordExecutor.executeKeywordForPlatform(KeywordExecutor.groovy:74)
	at com.kms.katalon.core.keyword.BuiltinKeywords.callTestCase(BuiltinKeywords.groovy:310)
	at SU-005.run(SU-005:20)
	at com.kms.katalon.core.main.ScriptEngine.run(ScriptEngine.java:194)
	at com.kms.katalon.core.main.ScriptEngine.runScriptAsRawText(ScriptEngine.java:119)
	at com.kms.katalon.core.main.TestCaseExecutor.runScript(TestCaseExecutor.java:448)
	at com.kms.katalon.core.main.TestCaseExecutor.doExecute(TestCaseExecutor.java:439)
	at com.kms.katalon.core.main.TestCaseExecutor.processExecutionPhase(TestCaseExecutor.java:418)
	at com.kms.katalon.core.main.TestCaseExecutor.accessMainPhase(TestCaseExecutor.java:410)
	at com.kms.katalon.core.main.TestCaseExecutor.execute(TestCaseExecutor.java:285)
	at com.kms.katalon.core.common.CommonExecutor.accessTestCaseMainPhase(CommonExecutor.java:65)
	at com.kms.katalon.core.main.TestSuiteExecutor.accessTestSuiteMainPhase(TestSuiteExecutor.java:148)
	at com.kms.katalon.core.main.TestSuiteExecutor.execute(TestSuiteExecutor.java:106)
	at com.kms.katalon.core.main.TestCaseMain.startTestSuite(TestCaseMain.java:187)
	at com.kms.katalon.core.main.TestCaseMain$startTestSuite$0.call(Unknown Source)
	at TempTestSuite1696424348948.run(TempTestSuite1696424348948.groovy:36)
Caused by: com.kms.katalon.core.exception.StepFailedException: Call Test Case 'Test Cases/T13 Pembelian, Shipment dan Pembayaran/PBY-004' failed
	at com.kms.katalon.core.keyword.builtin.CallTestCaseKeyword$_callTestCase_closure1.doCall(CallTestCaseKeyword.groovy:63)
	at com.kms.katalon.core.keyword.builtin.CallTestCaseKeyword$_callTestCase_closure1.call(CallTestCaseKeyword.groovy)
	at com.kms.katalon.core.keyword.internal.KeywordMain.runKeyword(KeywordMain.groovy:75)
	at com.kms.katalon.core.keyword.builtin.CallTestCaseKeyword.callTestCase(CallTestCaseKeyword.groovy:81)
	at com.kms.katalon.core.keyword.builtin.CallTestCaseKeyword.execute(CallTestCaseKeyword.groovy:44)
	at com.kms.katalon.core.keyword.internal.KeywordExecutor.executeKeywordForPlatform(KeywordExecutor.groovy:74)
	at com.kms.katalon.core.keyword.BuiltinKeywords.callTestCase(BuiltinKeywords.groovy:310)
	at PBYA-001.run(PBYA-001:20)
	at com.kms.katalon.core.main.ScriptEngine.run(ScriptEngine.java:194)
	at com.kms.katalon.core.main.ScriptEngine.runScriptAsRawText(ScriptEngine.java:119)
	at com.kms.katalon.core.main.TestCaseExecutor.runScript(TestCaseExecutor.java:448)
	at com.kms.katalon.core.main.TestCaseExecutor.doExecute(TestCaseExecutor.java:439)
	at com.kms.katalon.core.main.TestCaseExecutor.processExecutionPhase(TestCaseExecutor.java:418)
	at com.kms.katalon.core.main.TestCaseExecutor.accessMainPhase(TestCaseExecutor.java:410)
	at com.kms.katalon.core.main.TestCaseExecutor.execute(TestCaseExecutor.java:285)
	at com.kms.katalon.core.main.TestCaseMain.runTestCase(TestCaseMain.java:144)
	at com.kms.katalon.core.keyword.builtin.CallTestCaseKeyword$_callTestCase_closure1.doCall(CallTestCaseKeyword.groovy:59)
	... 68 more
Caused by: com.kms.katalon.core.exception.StepFailedException: Call Test Case 'Test Cases/T13 Pembelian, Shipment dan Pembayaran/PBY-001' failed
	at com.kms.katalon.core.keyword.builtin.CallTestCaseKeyword$_callTestCase_closure1.doCall(CallTestCaseKeyword.groovy:63)
	at com.kms.katalon.core.keyword.builtin.CallTestCaseKeyword$_callTestCase_closure1.call(CallTestCaseKeyword.groovy)
	at com.kms.katalon.core.keyword.internal.KeywordMain.runKeyword(KeywordMain.groovy:75)
	at com.kms.katalon.core.keyword.builtin.CallTestCaseKeyword.callTestCase(CallTestCaseKeyword.groovy:81)
	at com.kms.katalon.core.keyword.builtin.CallTestCaseKeyword.execute(CallTestCaseKeyword.groovy:44)
	at com.kms.katalon.core.keyword.internal.KeywordExecutor.executeKeywordForPlatform(KeywordExecutor.groovy:74)
	at com.kms.katalon.core.keyword.BuiltinKeywords.callTestCase(BuiltinKeywords.groovy:310)
	at PBY-004.run(PBY-004:20)
	at com.kms.katalon.core.main.ScriptEngine.run(ScriptEngine.java:194)
	at com.kms.katalon.core.main.ScriptEngine.runScriptAsRawText(ScriptEngine.java:119)
	at com.kms.katalon.core.main.TestCaseExecutor.runScript(TestCaseExecutor.java:448)
	at com.kms.katalon.core.main.TestCaseExecutor.doExecute(TestCaseExecutor.java:439)
	at com.kms.katalon.core.main.TestCaseExecutor.processExecutionPhase(TestCaseExecutor.java:418)
	at com.kms.katalon.core.main.TestCaseExecutor.accessMainPhase(TestCaseExecutor.java:410)
	at com.kms.katalon.core.main.TestCaseExecutor.execute(TestCaseExecutor.java:285)
	at com.kms.katalon.core.main.TestCaseMain.runTestCase(TestCaseMain.java:144)
	at com.kms.katalon.core.keyword.builtin.CallTestCaseKeyword$_callTestCase_closure1.doCall(CallTestCaseKeyword.groovy:59)
	... 84 more
Caused by: com.kms.katalon.core.exception.StepFailedException: Call Test Case 'Test Cases/T13 Pembelian, Shipment dan Pembayaran/PBL-004' failed
	at com.kms.katalon.core.keyword.builtin.CallTestCaseKeyword$_callTestCase_closure1.doCall(CallTestCaseKeyword.groovy:63)
	at com.kms.katalon.core.keyword.builtin.CallTestCaseKeyword$_callTestCase_closure1.call(CallTestCaseKeyword.groovy)
	at com.kms.katalon.core.keyword.internal.KeywordMain.runKeyword(KeywordMain.groovy:75)
	at com.kms.katalon.core.keyword.builtin.CallTestCaseKeyword.callTestCase(CallTestCaseKeyword.groovy:81)
	at com.kms.katalon.core.keyword.builtin.CallTestCaseKeyword.execute(CallTestCaseKeyword.groovy:44)
	at com.kms.katalon.core.keyword.internal.KeywordExecutor.executeKeywordForPlatform(KeywordExecutor.groovy:74)
	at com.kms.katalon.core.keyword.BuiltinKeywords.callTestCase(BuiltinKeywords.groovy:310)
	at PBY-001.run(PBY-001:20)
	at com.kms.katalon.core.main.ScriptEngine.run(ScriptEngine.java:194)
	at com.kms.katalon.core.main.ScriptEngine.runScriptAsRawText(ScriptEngine.java:119)
	at com.kms.katalon.core.main.TestCaseExecutor.runScript(TestCaseExecutor.java:448)
	at com.kms.katalon.core.main.TestCaseExecutor.doExecute(TestCaseExecutor.java:439)
	at com.kms.katalon.core.main.TestCaseExecutor.processExecutionPhase(TestCaseExecutor.java:418)
	at com.kms.katalon.core.main.TestCaseExecutor.accessMainPhase(TestCaseExecutor.java:410)
	at com.kms.katalon.core.main.TestCaseExecutor.execute(TestCaseExecutor.java:285)
	at com.kms.katalon.core.main.TestCaseMain.runTestCase(TestCaseMain.java:144)
	at com.kms.katalon.core.keyword.builtin.CallTestCaseKeyword$_callTestCase_closure1.doCall(CallTestCaseKeyword.groovy:59)
	... 100 more
Caused by: com.kms.katalon.core.exception.StepFailedException: Call Test Case 'Test Cases/T13 Pembelian, Shipment dan Pembayaran/PBL-002' failed
	at com.kms.katalon.core.keyword.builtin.CallTestCaseKeyword$_callTestCase_closure1.doCall(CallTestCaseKeyword.groovy:63)
	at com.kms.katalon.core.keyword.builtin.CallTestCaseKeyword$_callTestCase_closure1.call(CallTestCaseKeyword.groovy)
	at com.kms.katalon.core.keyword.internal.KeywordMain.runKeyword(KeywordMain.groovy:75)
	at com.kms.katalon.core.keyword.builtin.CallTestCaseKeyword.callTestCase(CallTestCaseKeyword.groovy:81)
	at com.kms.katalon.core.keyword.builtin.CallTestCaseKeyword.execute(CallTestCaseKeyword.groovy:44)
	at com.kms.katalon.core.keyword.internal.KeywordExecutor.executeKeywordForPlatform(KeywordExecutor.groovy:74)
	at com.kms.katalon.core.keyword.BuiltinKeywords.callTestCase(BuiltinKeywords.groovy:310)
	at PBL-004.run(PBL-004:20)
	at com.kms.katalon.core.main.ScriptEngine.run(ScriptEngine.java:194)
	at com.kms.katalon.core.main.ScriptEngine.runScriptAsRawText(ScriptEngine.java:119)
	at com.kms.katalon.core.main.TestCaseExecutor.runScript(TestCaseExecutor.java:448)
	at com.kms.katalon.core.main.TestCaseExecutor.doExecute(TestCaseExecutor.java:439)
	at com.kms.katalon.core.main.TestCaseExecutor.processExecutionPhase(TestCaseExecutor.java:418)
	at com.kms.katalon.core.main.TestCaseExecutor.accessMainPhase(TestCaseExecutor.java:410)
	at com.kms.katalon.core.main.TestCaseExecutor.execute(TestCaseExecutor.java:285)
	at com.kms.katalon.core.main.TestCaseMain.runTestCase(TestCaseMain.java:144)
	at com.kms.katalon.core.keyword.builtin.CallTestCaseKeyword$_callTestCase_closure1.doCall(CallTestCaseKeyword.groovy:59)
	... 116 more
Caused by: com.kms.katalon.core.exception.StepFailedException: Call Test Case 'Test Cases/T13 Pembelian, Shipment dan Pembayaran/PBL-001' failed
	at com.kms.katalon.core.keyword.builtin.CallTestCaseKeyword$_callTestCase_closure1.doCall(CallTestCaseKeyword.groovy:63)
	at com.kms.katalon.core.keyword.builtin.CallTestCaseKeyword$_callTestCase_closure1.call(CallTestCaseKeyword.groovy)
	at com.kms.katalon.core.keyword.internal.KeywordMain.runKeyword(KeywordMain.groovy:75)
	at com.kms.katalon.core.keyword.builtin.CallTestCaseKeyword.callTestCase(CallTestCaseKeyword.groovy:81)
	at com.kms.katalon.core.keyword.builtin.CallTestCaseKeyword.execute(CallTestCaseKeyword.groovy:44)
	at com.kms.katalon.core.keyword.internal.KeywordExecutor.executeKeywordForPlatform(KeywordExecutor.groovy:74)
	at com.kms.katalon.core.keyword.BuiltinKeywords.callTestCase(BuiltinKeywords.groovy:310)
	at PBL-002.run(PBL-002:20)
	at com.kms.katalon.core.main.ScriptEngine.run(ScriptEngine.java:194)
	at com.kms.katalon.core.main.ScriptEngine.runScriptAsRawText(ScriptEngine.java:119)
	at com.kms.katalon.core.main.TestCaseExecutor.runScript(TestCaseExecutor.java:448)
	at com.kms.katalon.core.main.TestCaseExecutor.doExecute(TestCaseExecutor.java:439)
	at com.kms.katalon.core.main.TestCaseExecutor.processExecutionPhase(TestCaseExecutor.java:418)
	at com.kms.katalon.core.main.TestCaseExecutor.accessMainPhase(TestCaseExecutor.java:410)
	at com.kms.katalon.core.main.TestCaseExecutor.execute(TestCaseExecutor.java:285)
	at com.kms.katalon.core.main.TestCaseMain.runTestCase(TestCaseMain.java:144)
	at com.kms.katalon.core.keyword.builtin.CallTestCaseKeyword$_callTestCase_closure1.doCall(CallTestCaseKeyword.groovy:59)
	... 132 more
Caused by: Assertion failed: 

assert NamaSesudah.contains(NamaSebelum)
       |           |        |
       |           false    Segitiga Instan Madeira - MDB5.3 Sunse,..
       Segitiga Instan Madeira - MDB5.3 Sunset

	at PBL-001.run(PBL-001:39)
	at com.kms.katalon.core.main.ScriptEngine.run(ScriptEngine.java:194)
	at com.kms.katalon.core.main.ScriptEngine.runScriptAsRawText(ScriptEngine.java:119)
	at com.kms.katalon.core.main.TestCaseExecutor.runScript(TestCaseExecutor.java:448)
	at com.kms.katalon.core.main.TestCaseExecutor.doExecute(TestCaseExecutor.java:439)
	at com.kms.katalon.core.main.TestCaseExecutor.processExecutionPhase(TestCaseExecutor.java:418)
	at com.kms.katalon.core.main.TestCaseExecutor.accessMainPhase(TestCaseExecutor.java:410)
	at com.kms.katalon.core.main.TestCaseExecutor.execute(TestCaseExecutor.java:285)
	at com.kms.katalon.core.main.TestCaseMain.runTestCase(TestCaseMain.java:144)
	at com.kms.katalon.core.keyword.builtin.CallTestCaseKeyword$_callTestCase_closure1.doCall(CallTestCaseKeyword.groovy:59)
	... 148 more
)

2023-10-04 20:46:24 - [TEST_CASE][FAILED] - Test Cases/T13 Pembelian, Shipment dan Pembayaran/PBYA-001: Test Cases/T13 Pembelian, Shipment dan Pembayaran/PBYA-001 FAILED.
Reason:
com.kms.katalon.core.exception.StepFailedException: Call Test Case 'Test Cases/T13 Pembelian, Shipment dan Pembayaran/PBY-004' failed
	at com.kms.katalon.core.keyword.builtin.CallTestCaseKeyword$_callTestCase_closure1.doCall(CallTestCaseKeyword.groovy:63)
	at com.kms.katalon.core.keyword.builtin.CallTestCaseKeyword$_callTestCase_closure1.call(CallTestCaseKeyword.groovy)
	at com.kms.katalon.core.keyword.internal.KeywordMain.runKeyword(KeywordMain.groovy:75)
	at com.kms.katalon.core.keyword.builtin.CallTestCaseKeyword.callTestCase(CallTestCaseKeyword.groovy:81)
	at com.kms.katalon.core.keyword.builtin.CallTestCaseKeyword.execute(CallTestCaseKeyword.groovy:44)
	at com.kms.katalon.core.keyword.internal.KeywordExecutor.executeKeywordForPlatform(KeywordExecutor.groovy:74)
	at com.kms.katalon.core.keyword.BuiltinKeywords.callTestCase(BuiltinKeywords.groovy:310)
	at PBYA-001.run(PBYA-001:20)
	at com.kms.katalon.core.main.ScriptEngine.run(ScriptEngine.java:194)
	at com.kms.katalon.core.main.ScriptEngine.runScriptAsRawText(ScriptEngine.java:119)
	at com.kms.katalon.core.main.TestCaseExecutor.runScript(TestCaseExecutor.java:448)
	at com.kms.katalon.core.main.TestCaseExecutor.doExecute(TestCaseExecutor.java:439)
	at com.kms.katalon.core.main.TestCaseExecutor.processExecutionPhase(TestCaseExecutor.java:418)
	at com.kms.katalon.core.main.TestCaseExecutor.accessMainPhase(TestCaseExecutor.java:410)
	at com.kms.katalon.core.main.TestCaseExecutor.execute(TestCaseExecutor.java:285)
	at com.kms.katalon.core.main.TestCaseMain.runTestCase(TestCaseMain.java:144)
	at com.kms.katalon.core.keyword.builtin.CallTestCaseKeyword$_callTestCase_closure1.doCall(CallTestCaseKeyword.groovy:59)
	at com.kms.katalon.core.keyword.builtin.CallTestCaseKeyword$_callTestCase_closure1.call(CallTestCaseKeyword.groovy)
	at com.kms.katalon.core.keyword.internal.KeywordMain.runKeyword(KeywordMain.groovy:75)
	at com.kms.katalon.core.keyword.builtin.CallTestCaseKeyword.callTestCase(CallTestCaseKeyword.groovy:81)
	at com.kms.katalon.core.keyword.builtin.CallTestCaseKeyword.execute(CallTestCaseKeyword.groovy:44)
	at com.kms.katalon.core.keyword.internal.KeywordExecutor.executeKeywordForPlatform(KeywordExecutor.groovy:74)
	at com.kms.katalon.core.keyword.BuiltinKeywords.callTestCase(BuiltinKeywords.groovy:310)
	at SA-001.run(SA-001:20)
	at com.kms.katalon.core.main.ScriptEngine.run(ScriptEngine.java:194)
	at com.kms.katalon.core.main.ScriptEngine.runScriptAsRawText(ScriptEngine.java:119)
	at com.kms.katalon.core.main.TestCaseExecutor.runScript(TestCaseExecutor.java:448)
	at com.kms.katalon.core.main.TestCaseExecutor.doExecute(TestCaseExecutor.java:439)
	at com.kms.katalon.core.main.TestCaseExecutor.processExecutionPhase(TestCaseExecutor.java:418)
	at com.kms.katalon.core.main.TestCaseExecutor.accessMainPhase(TestCaseExecutor.java:410)
	at com.kms.katalon.core.main.TestCaseExecutor.execute(TestCaseExecutor.java:285)
	at com.kms.katalon.core.main.TestCaseMain.runTestCase(TestCaseMain.java:144)
	at com.kms.katalon.core.keyword.builtin.CallTestCaseKeyword$_callTestCase_closure1.doCall(CallTestCaseKeyword.groovy:59)
	at com.kms.katalon.core.keyword.builtin.CallTestCaseKeyword$_callTestCase_closure1.call(CallTestCaseKeyword.groovy)
	at com.kms.katalon.core.keyword.internal.KeywordMain.runKeyword(KeywordMain.groovy:75)
	at com.kms.katalon.core.keyword.builtin.CallTestCaseKeyword.callTestCase(CallTestCaseKeyword.groovy:81)
	at com.kms.katalon.core.keyword.builtin.CallTestCaseKeyword.execute(CallTestCaseKeyword.groovy:44)
	at com.kms.katalon.core.keyword.internal.KeywordExecutor.executeKeywordForPlatform(KeywordExecutor.groovy:74)
	at com.kms.katalon.core.keyword.BuiltinKeywords.callTestCase(BuiltinKeywords.groovy:310)
	at SA-002.run(SA-002:20)
	at com.kms.katalon.core.main.ScriptEngine.run(ScriptEngine.java:194)
	at com.kms.katalon.core.main.ScriptEngine.runScriptAsRawText(ScriptEngine.java:119)
	at com.kms.katalon.core.main.TestCaseExecutor.runScript(TestCaseExecutor.java:448)
	at com.kms.katalon.core.main.TestCaseExecutor.doExecute(TestCaseExecutor.java:439)
	at com.kms.katalon.core.main.TestCaseExecutor.processExecutionPhase(TestCaseExecutor.java:418)
	at com.kms.katalon.core.main.TestCaseExecutor.accessMainPhase(TestCaseExecutor.java:410)
	at com.kms.katalon.core.main.TestCaseExecutor.execute(TestCaseExecutor.java:285)
	at com.kms.katalon.core.main.TestCaseMain.runTestCase(TestCaseMain.java:144)
	at com.kms.katalon.core.keyword.builtin.CallTestCaseKeyword$_callTestCase_closure1.doCall(CallTestCaseKeyword.groovy:59)
	at com.kms.katalon.core.keyword.builtin.CallTestCaseKeyword$_callTestCase_closure1.call(CallTestCaseKeyword.groovy)
	at com.kms.katalon.core.keyword.internal.KeywordMain.runKeyword(KeywordMain.groovy:75)
	at com.kms.katalon.core.keyword.builtin.CallTestCaseKeyword.callTestCase(CallTestCaseKeyword.groovy:81)
	at com.kms.katalon.core.keyword.builtin.CallTestCaseKeyword.execute(CallTestCaseKeyword.groovy:44)
	at com.kms.katalon.core.keyword.internal.KeywordExecutor.executeKeywordForPlatform(KeywordExecutor.groovy:74)
	at com.kms.katalon.core.keyword.BuiltinKeywords.callTestCase(BuiltinKeywords.groovy:310)
	at SA-006.run(SA-006:20)
	at com.kms.katalon.core.main.ScriptEngine.run(ScriptEngine.java:194)
	at com.kms.katalon.core.main.ScriptEngine.runScriptAsRawText(ScriptEngine.java:119)
	at com.kms.katalon.core.main.TestCaseExecutor.runScript(TestCaseExecutor.java:448)
	at com.kms.katalon.core.main.TestCaseExecutor.doExecute(TestCaseExecutor.java:439)
	at com.kms.katalon.core.main.TestCaseExecutor.processExecutionPhase(TestCaseExecutor.java:418)
	at com.kms.katalon.core.main.TestCaseExecutor.accessMainPhase(TestCaseExecutor.java:410)
	at com.kms.katalon.core.main.TestCaseExecutor.execute(TestCaseExecutor.java:285)
	at com.kms.katalon.core.main.TestCaseMain.runTestCase(TestCaseMain.java:144)
	at com.kms.katalon.core.keyword.builtin.CallTestCaseKeyword$_callTestCase_closure1.doCall(CallTestCaseKeyword.groovy:59)
	at com.kms.katalon.core.keyword.builtin.CallTestCaseKeyword$_callTestCase_closure1.call(CallTestCaseKeyword.groovy)
	at com.kms.katalon.core.keyword.internal.KeywordMain.runKeyword(KeywordMain.groovy:75)
	at com.kms.katalon.core.keyword.builtin.CallTestCaseKeyword.callTestCase(CallTestCaseKeyword.groovy:81)
	at com.kms.katalon.core.keyword.builtin.CallTestCaseKeyword.execute(CallTestCaseKeyword.groovy:44)
	at com.kms.katalon.core.keyword.internal.KeywordExecutor.executeKeywordForPlatform(KeywordExecutor.groovy:74)
	at com.kms.katalon.core.keyword.BuiltinKeywords.callTestCase(BuiltinKeywords.groovy:310)
	at SU-005.run(SU-005:20)
	at com.kms.katalon.core.main.ScriptEngine.run(ScriptEngine.java:194)
	at com.kms.katalon.core.main.ScriptEngine.runScriptAsRawText(ScriptEngine.java:119)
	at com.kms.katalon.core.main.TestCaseExecutor.runScript(TestCaseExecutor.java:448)
	at com.kms.katalon.core.main.TestCaseExecutor.doExecute(TestCaseExecutor.java:439)
	at com.kms.katalon.core.main.TestCaseExecutor.processExecutionPhase(TestCaseExecutor.java:418)
	at com.kms.katalon.core.main.TestCaseExecutor.accessMainPhase(TestCaseExecutor.java:410)
	at com.kms.katalon.core.main.TestCaseExecutor.execute(TestCaseExecutor.java:285)
	at com.kms.katalon.core.common.CommonExecutor.accessTestCaseMainPhase(CommonExecutor.java:65)
	at com.kms.katalon.core.main.TestSuiteExecutor.accessTestSuiteMainPhase(TestSuiteExecutor.java:148)
	at com.kms.katalon.core.main.TestSuiteExecutor.execute(TestSuiteExecutor.java:106)
	at com.kms.katalon.core.main.TestCaseMain.startTestSuite(TestCaseMain.java:187)
	at com.kms.katalon.core.main.TestCaseMain$startTestSuite$0.call(Unknown Source)
	at TempTestSuite1696424348948.run(TempTestSuite1696424348948.groovy:36)
Caused by: com.kms.katalon.core.exception.StepFailedException: Call Test Case 'Test Cases/T13 Pembelian, Shipment dan Pembayaran/PBY-001' failed
	at com.kms.katalon.core.keyword.builtin.CallTestCaseKeyword$_callTestCase_closure1.doCall(CallTestCaseKeyword.groovy:63)
	at com.kms.katalon.core.keyword.builtin.CallTestCaseKeyword$_callTestCase_closure1.call(CallTestCaseKeyword.groovy)
	at com.kms.katalon.core.keyword.internal.KeywordMain.runKeyword(KeywordMain.groovy:75)
	at com.kms.katalon.core.keyword.builtin.CallTestCaseKeyword.callTestCase(CallTestCaseKeyword.groovy:81)
	at com.kms.katalon.core.keyword.builtin.CallTestCaseKeyword.execute(CallTestCaseKeyword.groovy:44)
	at com.kms.katalon.core.keyword.internal.KeywordExecutor.executeKeywordForPlatform(KeywordExecutor.groovy:74)
	at com.kms.katalon.core.keyword.BuiltinKeywords.callTestCase(BuiltinKeywords.groovy:310)
	at PBY-004.run(PBY-004:20)
	at com.kms.katalon.core.main.ScriptEngine.run(ScriptEngine.java:194)
	at com.kms.katalon.core.main.ScriptEngine.runScriptAsRawText(ScriptEngine.java:119)
	at com.kms.katalon.core.main.TestCaseExecutor.runScript(TestCaseExecutor.java:448)
	at com.kms.katalon.core.main.TestCaseExecutor.doExecute(TestCaseExecutor.java:439)
	at com.kms.katalon.core.main.TestCaseExecutor.processExecutionPhase(TestCaseExecutor.java:418)
	at com.kms.katalon.core.main.TestCaseExecutor.accessMainPhase(TestCaseExecutor.java:410)
	at com.kms.katalon.core.main.TestCaseExecutor.execute(TestCaseExecutor.java:285)
	at com.kms.katalon.core.main.TestCaseMain.runTestCase(TestCaseMain.java:144)
	at com.kms.katalon.core.keyword.builtin.CallTestCaseKeyword$_callTestCase_closure1.doCall(CallTestCaseKeyword.groovy:59)
	... 84 more
Caused by: com.kms.katalon.core.exception.StepFailedException: Call Test Case 'Test Cases/T13 Pembelian, Shipment dan Pembayaran/PBL-004' failed
	at com.kms.katalon.core.keyword.builtin.CallTestCaseKeyword$_callTestCase_closure1.doCall(CallTestCaseKeyword.groovy:63)
	at com.kms.katalon.core.keyword.builtin.CallTestCaseKeyword$_callTestCase_closure1.call(CallTestCaseKeyword.groovy)
	at com.kms.katalon.core.keyword.internal.KeywordMain.runKeyword(KeywordMain.groovy:75)
	at com.kms.katalon.core.keyword.builtin.CallTestCaseKeyword.callTestCase(CallTestCaseKeyword.groovy:81)
	at com.kms.katalon.core.keyword.builtin.CallTestCaseKeyword.execute(CallTestCaseKeyword.groovy:44)
	at com.kms.katalon.core.keyword.internal.KeywordExecutor.executeKeywordForPlatform(KeywordExecutor.groovy:74)
	at com.kms.katalon.core.keyword.BuiltinKeywords.callTestCase(BuiltinKeywords.groovy:310)
	at PBY-001.run(PBY-001:20)
	at com.kms.katalon.core.main.ScriptEngine.run(ScriptEngine.java:194)
	at com.kms.katalon.core.main.ScriptEngine.runScriptAsRawText(ScriptEngine.java:119)
	at com.kms.katalon.core.main.TestCaseExecutor.runScript(TestCaseExecutor.java:448)
	at com.kms.katalon.core.main.TestCaseExecutor.doExecute(TestCaseExecutor.java:439)
	at com.kms.katalon.core.main.TestCaseExecutor.processExecutionPhase(TestCaseExecutor.java:418)
	at com.kms.katalon.core.main.TestCaseExecutor.accessMainPhase(TestCaseExecutor.java:410)
	at com.kms.katalon.core.main.TestCaseExecutor.execute(TestCaseExecutor.java:285)
	at com.kms.katalon.core.main.TestCaseMain.runTestCase(TestCaseMain.java:144)
	at com.kms.katalon.core.keyword.builtin.CallTestCaseKeyword$_callTestCase_closure1.doCall(CallTestCaseKeyword.groovy:59)
	... 100 more
Caused by: com.kms.katalon.core.exception.StepFailedException: Call Test Case 'Test Cases/T13 Pembelian, Shipment dan Pembayaran/PBL-002' failed
	at com.kms.katalon.core.keyword.builtin.CallTestCaseKeyword$_callTestCase_closure1.doCall(CallTestCaseKeyword.groovy:63)
	at com.kms.katalon.core.keyword.builtin.CallTestCaseKeyword$_callTestCase_closure1.call(CallTestCaseKeyword.groovy)
	at com.kms.katalon.core.keyword.internal.KeywordMain.runKeyword(KeywordMain.groovy:75)
	at com.kms.katalon.core.keyword.builtin.CallTestCaseKeyword.callTestCase(CallTestCaseKeyword.groovy:81)
	at com.kms.katalon.core.keyword.builtin.CallTestCaseKeyword.execute(CallTestCaseKeyword.groovy:44)
	at com.kms.katalon.core.keyword.internal.KeywordExecutor.executeKeywordForPlatform(KeywordExecutor.groovy:74)
	at com.kms.katalon.core.keyword.BuiltinKeywords.callTestCase(BuiltinKeywords.groovy:310)
	at PBL-004.run(PBL-004:20)
	at com.kms.katalon.core.main.ScriptEngine.run(ScriptEngine.java:194)
	at com.kms.katalon.core.main.ScriptEngine.runScriptAsRawText(ScriptEngine.java:119)
	at com.kms.katalon.core.main.TestCaseExecutor.runScript(TestCaseExecutor.java:448)
	at com.kms.katalon.core.main.TestCaseExecutor.doExecute(TestCaseExecutor.java:439)
	at com.kms.katalon.core.main.TestCaseExecutor.processExecutionPhase(TestCaseExecutor.java:418)
	at com.kms.katalon.core.main.TestCaseExecutor.accessMainPhase(TestCaseExecutor.java:410)
	at com.kms.katalon.core.main.TestCaseExecutor.execute(TestCaseExecutor.java:285)
	at com.kms.katalon.core.main.TestCaseMain.runTestCase(TestCaseMain.java:144)
	at com.kms.katalon.core.keyword.builtin.CallTestCaseKeyword$_callTestCase_closure1.doCall(CallTestCaseKeyword.groovy:59)
	... 116 more
Caused by: com.kms.katalon.core.exception.StepFailedException: Call Test Case 'Test Cases/T13 Pembelian, Shipment dan Pembayaran/PBL-001' failed
	at com.kms.katalon.core.keyword.builtin.CallTestCaseKeyword$_callTestCase_closure1.doCall(CallTestCaseKeyword.groovy:63)
	at com.kms.katalon.core.keyword.builtin.CallTestCaseKeyword$_callTestCase_closure1.call(CallTestCaseKeyword.groovy)
	at com.kms.katalon.core.keyword.internal.KeywordMain.runKeyword(KeywordMain.groovy:75)
	at com.kms.katalon.core.keyword.builtin.CallTestCaseKeyword.callTestCase(CallTestCaseKeyword.groovy:81)
	at com.kms.katalon.core.keyword.builtin.CallTestCaseKeyword.execute(CallTestCaseKeyword.groovy:44)
	at com.kms.katalon.core.keyword.internal.KeywordExecutor.executeKeywordForPlatform(KeywordExecutor.groovy:74)
	at com.kms.katalon.core.keyword.BuiltinKeywords.callTestCase(BuiltinKeywords.groovy:310)
	at PBL-002.run(PBL-002:20)
	at com.kms.katalon.core.main.ScriptEngine.run(ScriptEngine.java:194)
	at com.kms.katalon.core.main.ScriptEngine.runScriptAsRawText(ScriptEngine.java:119)
	at com.kms.katalon.core.main.TestCaseExecutor.runScript(TestCaseExecutor.java:448)
	at com.kms.katalon.core.main.TestCaseExecutor.doExecute(TestCaseExecutor.java:439)
	at com.kms.katalon.core.main.TestCaseExecutor.processExecutionPhase(TestCaseExecutor.java:418)
	at com.kms.katalon.core.main.TestCaseExecutor.accessMainPhase(TestCaseExecutor.java:410)
	at com.kms.katalon.core.main.TestCaseExecutor.execute(TestCaseExecutor.java:285)
	at com.kms.katalon.core.main.TestCaseMain.runTestCase(TestCaseMain.java:144)
	at com.kms.katalon.core.keyword.builtin.CallTestCaseKeyword$_callTestCase_closure1.doCall(CallTestCaseKeyword.groovy:59)
	... 132 more
Caused by: Assertion failed: 

assert NamaSesudah.contains(NamaSebelum)
       |           |        |
       |           false    Segitiga Instan Madeira - MDB5.3 Sunse,..
       Segitiga Instan Madeira - MDB5.3 Sunset

	at PBL-001.run(PBL-001:39)
	at com.kms.katalon.core.main.ScriptEngine.run(ScriptEngine.java:194)
	at com.kms.katalon.core.main.ScriptEngine.runScriptAsRawText(ScriptEngine.java:119)
	at com.kms.katalon.core.main.TestCaseExecutor.runScript(TestCaseExecutor.java:448)
	at com.kms.katalon.core.main.TestCaseExecutor.doExecute(TestCaseExecutor.java:439)
	at com.kms.katalon.core.main.TestCaseExecutor.processExecutionPhase(TestCaseExecutor.java:418)
	at com.kms.katalon.core.main.TestCaseExecutor.accessMainPhase(TestCaseExecutor.java:410)
	at com.kms.katalon.core.main.TestCaseExecutor.execute(TestCaseExecutor.java:285)
	at com.kms.katalon.core.main.TestCaseMain.runTestCase(TestCaseMain.java:144)
	at com.kms.katalon.core.keyword.builtin.CallTestCaseKeyword$_callTestCase_closure1.doCall(CallTestCaseKeyword.groovy:59)
	... 148 more


2023-10-04 20:46:24 - [TEST_STEP][FAILED] - data = callTestCase(findTestCase("T13 Pembelian, Shipment dan Pembayaran/PBY-004"), [:], STOP_ON_FAILURE): Unable to call Test Case 'Test Cases/T13 Pembelian, Shipment dan Pembayaran/PBY-004' (Root cause: com.kms.katalon.core.exception.StepFailedException: Call Test Case 'Test Cases/T13 Pembelian, Shipment dan Pembayaran/PBY-004' failed
	at com.kms.katalon.core.keyword.builtin.CallTestCaseKeyword$_callTestCase_closure1.doCall(CallTestCaseKeyword.groovy:63)
	at com.kms.katalon.core.keyword.builtin.CallTestCaseKeyword$_callTestCase_closure1.call(CallTestCaseKeyword.groovy)
	at com.kms.katalon.core.keyword.internal.KeywordMain.runKeyword(KeywordMain.groovy:75)
	at com.kms.katalon.core.keyword.builtin.CallTestCaseKeyword.callTestCase(CallTestCaseKeyword.groovy:81)
	at com.kms.katalon.core.keyword.builtin.CallTestCaseKeyword.execute(CallTestCaseKeyword.groovy:44)
	at com.kms.katalon.core.keyword.internal.KeywordExecutor.executeKeywordForPlatform(KeywordExecutor.groovy:74)
	at com.kms.katalon.core.keyword.BuiltinKeywords.callTestCase(BuiltinKeywords.groovy:310)
	at PBYA-001.run(PBYA-001:20)
	at com.kms.katalon.core.main.ScriptEngine.run(ScriptEngine.java:194)
	at com.kms.katalon.core.main.ScriptEngine.runScriptAsRawText(ScriptEngine.java:119)
	at com.kms.katalon.core.main.TestCaseExecutor.runScript(TestCaseExecutor.java:448)
	at com.kms.katalon.core.main.TestCaseExecutor.doExecute(TestCaseExecutor.java:439)
	at com.kms.katalon.core.main.TestCaseExecutor.processExecutionPhase(TestCaseExecutor.java:418)
	at com.kms.katalon.core.main.TestCaseExecutor.accessMainPhase(TestCaseExecutor.java:410)
	at com.kms.katalon.core.main.TestCaseExecutor.execute(TestCaseExecutor.java:285)
	at com.kms.katalon.core.main.TestCaseMain.runTestCase(TestCaseMain.java:144)
	at com.kms.katalon.core.keyword.builtin.CallTestCaseKeyword$_callTestCase_closure1.doCall(CallTestCaseKeyword.groovy:59)
	at com.kms.katalon.core.keyword.builtin.CallTestCaseKeyword$_callTestCase_closure1.call(CallTestCaseKeyword.groovy)
	at com.kms.katalon.core.keyword.internal.KeywordMain.runKeyword(KeywordMain.groovy:75)
	at com.kms.katalon.core.keyword.builtin.CallTestCaseKeyword.callTestCase(CallTestCaseKeyword.groovy:81)
	at com.kms.katalon.core.keyword.builtin.CallTestCaseKeyword.execute(CallTestCaseKeyword.groovy:44)
	at com.kms.katalon.core.keyword.internal.KeywordExecutor.executeKeywordForPlatform(KeywordExecutor.groovy:74)
	at com.kms.katalon.core.keyword.BuiltinKeywords.callTestCase(BuiltinKeywords.groovy:310)
	at SA-001.run(SA-001:20)
	at com.kms.katalon.core.main.ScriptEngine.run(ScriptEngine.java:194)
	at com.kms.katalon.core.main.ScriptEngine.runScriptAsRawText(ScriptEngine.java:119)
	at com.kms.katalon.core.main.TestCaseExecutor.runScript(TestCaseExecutor.java:448)
	at com.kms.katalon.core.main.TestCaseExecutor.doExecute(TestCaseExecutor.java:439)
	at com.kms.katalon.core.main.TestCaseExecutor.processExecutionPhase(TestCaseExecutor.java:418)
	at com.kms.katalon.core.main.TestCaseExecutor.accessMainPhase(TestCaseExecutor.java:410)
	at com.kms.katalon.core.main.TestCaseExecutor.execute(TestCaseExecutor.java:285)
	at com.kms.katalon.core.main.TestCaseMain.runTestCase(TestCaseMain.java:144)
	at com.kms.katalon.core.keyword.builtin.CallTestCaseKeyword$_callTestCase_closure1.doCall(CallTestCaseKeyword.groovy:59)
	at com.kms.katalon.core.keyword.builtin.CallTestCaseKeyword$_callTestCase_closure1.call(CallTestCaseKeyword.groovy)
	at com.kms.katalon.core.keyword.internal.KeywordMain.runKeyword(KeywordMain.groovy:75)
	at com.kms.katalon.core.keyword.builtin.CallTestCaseKeyword.callTestCase(CallTestCaseKeyword.groovy:81)
	at com.kms.katalon.core.keyword.builtin.CallTestCaseKeyword.execute(CallTestCaseKeyword.groovy:44)
	at com.kms.katalon.core.keyword.internal.KeywordExecutor.executeKeywordForPlatform(KeywordExecutor.groovy:74)
	at com.kms.katalon.core.keyword.BuiltinKeywords.callTestCase(BuiltinKeywords.groovy:310)
	at SA-002.run(SA-002:20)
	at com.kms.katalon.core.main.ScriptEngine.run(ScriptEngine.java:194)
	at com.kms.katalon.core.main.ScriptEngine.runScriptAsRawText(ScriptEngine.java:119)
	at com.kms.katalon.core.main.TestCaseExecutor.runScript(TestCaseExecutor.java:448)
	at com.kms.katalon.core.main.TestCaseExecutor.doExecute(TestCaseExecutor.java:439)
	at com.kms.katalon.core.main.TestCaseExecutor.processExecutionPhase(TestCaseExecutor.java:418)
	at com.kms.katalon.core.main.TestCaseExecutor.accessMainPhase(TestCaseExecutor.java:410)
	at com.kms.katalon.core.main.TestCaseExecutor.execute(TestCaseExecutor.java:285)
	at com.kms.katalon.core.main.TestCaseMain.runTestCase(TestCaseMain.java:144)
	at com.kms.katalon.core.keyword.builtin.CallTestCaseKeyword$_callTestCase_closure1.doCall(CallTestCaseKeyword.groovy:59)
	at com.kms.katalon.core.keyword.builtin.CallTestCaseKeyword$_callTestCase_closure1.call(CallTestCaseKeyword.groovy)
	at com.kms.katalon.core.keyword.internal.KeywordMain.runKeyword(KeywordMain.groovy:75)
	at com.kms.katalon.core.keyword.builtin.CallTestCaseKeyword.callTestCase(CallTestCaseKeyword.groovy:81)
	at com.kms.katalon.core.keyword.builtin.CallTestCaseKeyword.execute(CallTestCaseKeyword.groovy:44)
	at com.kms.katalon.core.keyword.internal.KeywordExecutor.executeKeywordForPlatform(KeywordExecutor.groovy:74)
	at com.kms.katalon.core.keyword.BuiltinKeywords.callTestCase(BuiltinKeywords.groovy:310)
	at SA-006.run(SA-006:20)
	at com.kms.katalon.core.main.ScriptEngine.run(ScriptEngine.java:194)
	at com.kms.katalon.core.main.ScriptEngine.runScriptAsRawText(ScriptEngine.java:119)
	at com.kms.katalon.core.main.TestCaseExecutor.runScript(TestCaseExecutor.java:448)
	at com.kms.katalon.core.main.TestCaseExecutor.doExecute(TestCaseExecutor.java:439)
	at com.kms.katalon.core.main.TestCaseExecutor.processExecutionPhase(TestCaseExecutor.java:418)
	at com.kms.katalon.core.main.TestCaseExecutor.accessMainPhase(TestCaseExecutor.java:410)
	at com.kms.katalon.core.main.TestCaseExecutor.execute(TestCaseExecutor.java:285)
	at com.kms.katalon.core.main.TestCaseMain.runTestCase(TestCaseMain.java:144)
	at com.kms.katalon.core.keyword.builtin.CallTestCaseKeyword$_callTestCase_closure1.doCall(CallTestCaseKeyword.groovy:59)
	at com.kms.katalon.core.keyword.builtin.CallTestCaseKeyword$_callTestCase_closure1.call(CallTestCaseKeyword.groovy)
	at com.kms.katalon.core.keyword.internal.KeywordMain.runKeyword(KeywordMain.groovy:75)
	at com.kms.katalon.core.keyword.builtin.CallTestCaseKeyword.callTestCase(CallTestCaseKeyword.groovy:81)
	at com.kms.katalon.core.keyword.builtin.CallTestCaseKeyword.execute(CallTestCaseKeyword.groovy:44)
	at com.kms.katalon.core.keyword.internal.KeywordExecutor.executeKeywordForPlatform(KeywordExecutor.groovy:74)
	at com.kms.katalon.core.keyword.BuiltinKeywords.callTestCase(BuiltinKeywords.groovy:310)
	at SU-005.run(SU-005:20)
	at com.kms.katalon.core.main.ScriptEngine.run(ScriptEngine.java:194)
	at com.kms.katalon.core.main.ScriptEngine.runScriptAsRawText(ScriptEngine.java:119)
	at com.kms.katalon.core.main.TestCaseExecutor.runScript(TestCaseExecutor.java:448)
	at com.kms.katalon.core.main.TestCaseExecutor.doExecute(TestCaseExecutor.java:439)
	at com.kms.katalon.core.main.TestCaseExecutor.processExecutionPhase(TestCaseExecutor.java:418)
	at com.kms.katalon.core.main.TestCaseExecutor.accessMainPhase(TestCaseExecutor.java:410)
	at com.kms.katalon.core.main.TestCaseExecutor.execute(TestCaseExecutor.java:285)
	at com.kms.katalon.core.common.CommonExecutor.accessTestCaseMainPhase(CommonExecutor.java:65)
	at com.kms.katalon.core.main.TestSuiteExecutor.accessTestSuiteMainPhase(TestSuiteExecutor.java:148)
	at com.kms.katalon.core.main.TestSuiteExecutor.execute(TestSuiteExecutor.java:106)
	at com.kms.katalon.core.main.TestCaseMain.startTestSuite(TestCaseMain.java:187)
	at com.kms.katalon.core.main.TestCaseMain$startTestSuite$0.call(Unknown Source)
	at TempTestSuite1696424348948.run(TempTestSuite1696424348948.groovy:36)
Caused by: com.kms.katalon.core.exception.StepFailedException: Call Test Case 'Test Cases/T13 Pembelian, Shipment dan Pembayaran/PBY-001' failed
	at com.kms.katalon.core.keyword.builtin.CallTestCaseKeyword$_callTestCase_closure1.doCall(CallTestCaseKeyword.groovy:63)
	at com.kms.katalon.core.keyword.builtin.CallTestCaseKeyword$_callTestCase_closure1.call(CallTestCaseKeyword.groovy)
	at com.kms.katalon.core.keyword.internal.KeywordMain.runKeyword(KeywordMain.groovy:75)
	at com.kms.katalon.core.keyword.builtin.CallTestCaseKeyword.callTestCase(CallTestCaseKeyword.groovy:81)
	at com.kms.katalon.core.keyword.builtin.CallTestCaseKeyword.execute(CallTestCaseKeyword.groovy:44)
	at com.kms.katalon.core.keyword.internal.KeywordExecutor.executeKeywordForPlatform(KeywordExecutor.groovy:74)
	at com.kms.katalon.core.keyword.BuiltinKeywords.callTestCase(BuiltinKeywords.groovy:310)
	at PBY-004.run(PBY-004:20)
	at com.kms.katalon.core.main.ScriptEngine.run(ScriptEngine.java:194)
	at com.kms.katalon.core.main.ScriptEngine.runScriptAsRawText(ScriptEngine.java:119)
	at com.kms.katalon.core.main.TestCaseExecutor.runScript(TestCaseExecutor.java:448)
	at com.kms.katalon.core.main.TestCaseExecutor.doExecute(TestCaseExecutor.java:439)
	at com.kms.katalon.core.main.TestCaseExecutor.processExecutionPhase(TestCaseExecutor.java:418)
	at com.kms.katalon.core.main.TestCaseExecutor.accessMainPhase(TestCaseExecutor.java:410)
	at com.kms.katalon.core.main.TestCaseExecutor.execute(TestCaseExecutor.java:285)
	at com.kms.katalon.core.main.TestCaseMain.runTestCase(TestCaseMain.java:144)
	at com.kms.katalon.core.keyword.builtin.CallTestCaseKeyword$_callTestCase_closure1.doCall(CallTestCaseKeyword.groovy:59)
	... 84 more
Caused by: com.kms.katalon.core.exception.StepFailedException: Call Test Case 'Test Cases/T13 Pembelian, Shipment dan Pembayaran/PBL-004' failed
	at com.kms.katalon.core.keyword.builtin.CallTestCaseKeyword$_callTestCase_closure1.doCall(CallTestCaseKeyword.groovy:63)
	at com.kms.katalon.core.keyword.builtin.CallTestCaseKeyword$_callTestCase_closure1.call(CallTestCaseKeyword.groovy)
	at com.kms.katalon.core.keyword.internal.KeywordMain.runKeyword(KeywordMain.groovy:75)
	at com.kms.katalon.core.keyword.builtin.CallTestCaseKeyword.callTestCase(CallTestCaseKeyword.groovy:81)
	at com.kms.katalon.core.keyword.builtin.CallTestCaseKeyword.execute(CallTestCaseKeyword.groovy:44)
	at com.kms.katalon.core.keyword.internal.KeywordExecutor.executeKeywordForPlatform(KeywordExecutor.groovy:74)
	at com.kms.katalon.core.keyword.BuiltinKeywords.callTestCase(BuiltinKeywords.groovy:310)
	at PBY-001.run(PBY-001:20)
	at com.kms.katalon.core.main.ScriptEngine.run(ScriptEngine.java:194)
	at com.kms.katalon.core.main.ScriptEngine.runScriptAsRawText(ScriptEngine.java:119)
	at com.kms.katalon.core.main.TestCaseExecutor.runScript(TestCaseExecutor.java:448)
	at com.kms.katalon.core.main.TestCaseExecutor.doExecute(TestCaseExecutor.java:439)
	at com.kms.katalon.core.main.TestCaseExecutor.processExecutionPhase(TestCaseExecutor.java:418)
	at com.kms.katalon.core.main.TestCaseExecutor.accessMainPhase(TestCaseExecutor.java:410)
	at com.kms.katalon.core.main.TestCaseExecutor.execute(TestCaseExecutor.java:285)
	at com.kms.katalon.core.main.TestCaseMain.runTestCase(TestCaseMain.java:144)
	at com.kms.katalon.core.keyword.builtin.CallTestCaseKeyword$_callTestCase_closure1.doCall(CallTestCaseKeyword.groovy:59)
	... 100 more
Caused by: com.kms.katalon.core.exception.StepFailedException: Call Test Case 'Test Cases/T13 Pembelian, Shipment dan Pembayaran/PBL-002' failed
	at com.kms.katalon.core.keyword.builtin.CallTestCaseKeyword$_callTestCase_closure1.doCall(CallTestCaseKeyword.groovy:63)
	at com.kms.katalon.core.keyword.builtin.CallTestCaseKeyword$_callTestCase_closure1.call(CallTestCaseKeyword.groovy)
	at com.kms.katalon.core.keyword.internal.KeywordMain.runKeyword(KeywordMain.groovy:75)
	at com.kms.katalon.core.keyword.builtin.CallTestCaseKeyword.callTestCase(CallTestCaseKeyword.groovy:81)
	at com.kms.katalon.core.keyword.builtin.CallTestCaseKeyword.execute(CallTestCaseKeyword.groovy:44)
	at com.kms.katalon.core.keyword.internal.KeywordExecutor.executeKeywordForPlatform(KeywordExecutor.groovy:74)
	at com.kms.katalon.core.keyword.BuiltinKeywords.callTestCase(BuiltinKeywords.groovy:310)
	at PBL-004.run(PBL-004:20)
	at com.kms.katalon.core.main.ScriptEngine.run(ScriptEngine.java:194)
	at com.kms.katalon.core.main.ScriptEngine.runScriptAsRawText(ScriptEngine.java:119)
	at com.kms.katalon.core.main.TestCaseExecutor.runScript(TestCaseExecutor.java:448)
	at com.kms.katalon.core.main.TestCaseExecutor.doExecute(TestCaseExecutor.java:439)
	at com.kms.katalon.core.main.TestCaseExecutor.processExecutionPhase(TestCaseExecutor.java:418)
	at com.kms.katalon.core.main.TestCaseExecutor.accessMainPhase(TestCaseExecutor.java:410)
	at com.kms.katalon.core.main.TestCaseExecutor.execute(TestCaseExecutor.java:285)
	at com.kms.katalon.core.main.TestCaseMain.runTestCase(TestCaseMain.java:144)
	at com.kms.katalon.core.keyword.builtin.CallTestCaseKeyword$_callTestCase_closure1.doCall(CallTestCaseKeyword.groovy:59)
	... 116 more
Caused by: com.kms.katalon.core.exception.StepFailedException: Call Test Case 'Test Cases/T13 Pembelian, Shipment dan Pembayaran/PBL-001' failed
	at com.kms.katalon.core.keyword.builtin.CallTestCaseKeyword$_callTestCase_closure1.doCall(CallTestCaseKeyword.groovy:63)
	at com.kms.katalon.core.keyword.builtin.CallTestCaseKeyword$_callTestCase_closure1.call(CallTestCaseKeyword.groovy)
	at com.kms.katalon.core.keyword.internal.KeywordMain.runKeyword(KeywordMain.groovy:75)
	at com.kms.katalon.core.keyword.builtin.CallTestCaseKeyword.callTestCase(CallTestCaseKeyword.groovy:81)
	at com.kms.katalon.core.keyword.builtin.CallTestCaseKeyword.execute(CallTestCaseKeyword.groovy:44)
	at com.kms.katalon.core.keyword.internal.KeywordExecutor.executeKeywordForPlatform(KeywordExecutor.groovy:74)
	at com.kms.katalon.core.keyword.BuiltinKeywords.callTestCase(BuiltinKeywords.groovy:310)
	at PBL-002.run(PBL-002:20)
	at com.kms.katalon.core.main.ScriptEngine.run(ScriptEngine.java:194)
	at com.kms.katalon.core.main.ScriptEngine.runScriptAsRawText(ScriptEngine.java:119)
	at com.kms.katalon.core.main.TestCaseExecutor.runScript(TestCaseExecutor.java:448)
	at com.kms.katalon.core.main.TestCaseExecutor.doExecute(TestCaseExecutor.java:439)
	at com.kms.katalon.core.main.TestCaseExecutor.processExecutionPhase(TestCaseExecutor.java:418)
	at com.kms.katalon.core.main.TestCaseExecutor.accessMainPhase(TestCaseExecutor.java:410)
	at com.kms.katalon.core.main.TestCaseExecutor.execute(TestCaseExecutor.java:285)
	at com.kms.katalon.core.main.TestCaseMain.runTestCase(TestCaseMain.java:144)
	at com.kms.katalon.core.keyword.builtin.CallTestCaseKeyword$_callTestCase_closure1.doCall(CallTestCaseKeyword.groovy:59)
	... 132 more
Caused by: Assertion failed: 

assert NamaSesudah.contains(NamaSebelum)
       |           |        |
       |           false    Segitiga Instan Madeira - MDB5.3 Sunse,..
       Segitiga Instan Madeira - MDB5.3 Sunset

	at PBL-001.run(PBL-001:39)
	at com.kms.katalon.core.main.ScriptEngine.run(ScriptEngine.java:194)
	at com.kms.katalon.core.main.ScriptEngine.runScriptAsRawText(ScriptEngine.java:119)
	at com.kms.katalon.core.main.TestCaseExecutor.runScript(TestCaseExecutor.java:448)
	at com.kms.katalon.core.main.TestCaseExecutor.doExecute(TestCaseExecutor.java:439)
	at com.kms.katalon.core.main.TestCaseExecutor.processExecutionPhase(TestCaseExecutor.java:418)
	at com.kms.katalon.core.main.TestCaseExecutor.accessMainPhase(TestCaseExecutor.java:410)
	at com.kms.katalon.core.main.TestCaseExecutor.execute(TestCaseExecutor.java:285)
	at com.kms.katalon.core.main.TestCaseMain.runTestCase(TestCaseMain.java:144)
	at com.kms.katalon.core.keyword.builtin.CallTestCaseKeyword$_callTestCase_closure1.doCall(CallTestCaseKeyword.groovy:59)
	... 148 more
)

2023-10-04 20:46:24 - [TEST_CASE][FAILED] - Test Cases/T13 Pembelian, Shipment dan Pembayaran/PBY-004: Test Cases/T13 Pembelian, Shipment dan Pembayaran/PBY-004 FAILED.
Reason:
com.kms.katalon.core.exception.StepFailedException: Call Test Case 'Test Cases/T13 Pembelian, Shipment dan Pembayaran/PBY-001' failed
	at com.kms.katalon.core.keyword.builtin.CallTestCaseKeyword$_callTestCase_closure1.doCall(CallTestCaseKeyword.groovy:63)
	at com.kms.katalon.core.keyword.builtin.CallTestCaseKeyword$_callTestCase_closure1.call(CallTestCaseKeyword.groovy)
	at com.kms.katalon.core.keyword.internal.KeywordMain.runKeyword(KeywordMain.groovy:75)
	at com.kms.katalon.core.keyword.builtin.CallTestCaseKeyword.callTestCase(CallTestCaseKeyword.groovy:81)
	at com.kms.katalon.core.keyword.builtin.CallTestCaseKeyword.execute(CallTestCaseKeyword.groovy:44)
	at com.kms.katalon.core.keyword.internal.KeywordExecutor.executeKeywordForPlatform(KeywordExecutor.groovy:74)
	at com.kms.katalon.core.keyword.BuiltinKeywords.callTestCase(BuiltinKeywords.groovy:310)
	at PBY-004.run(PBY-004:20)
	at com.kms.katalon.core.main.ScriptEngine.run(ScriptEngine.java:194)
	at com.kms.katalon.core.main.ScriptEngine.runScriptAsRawText(ScriptEngine.java:119)
	at com.kms.katalon.core.main.TestCaseExecutor.runScript(TestCaseExecutor.java:448)
	at com.kms.katalon.core.main.TestCaseExecutor.doExecute(TestCaseExecutor.java:439)
	at com.kms.katalon.core.main.TestCaseExecutor.processExecutionPhase(TestCaseExecutor.java:418)
	at com.kms.katalon.core.main.TestCaseExecutor.accessMainPhase(TestCaseExecutor.java:410)
	at com.kms.katalon.core.main.TestCaseExecutor.execute(TestCaseExecutor.java:285)
	at com.kms.katalon.core.main.TestCaseMain.runTestCase(TestCaseMain.java:144)
	at com.kms.katalon.core.keyword.builtin.CallTestCaseKeyword$_callTestCase_closure1.doCall(CallTestCaseKeyword.groovy:59)
	at com.kms.katalon.core.keyword.builtin.CallTestCaseKeyword$_callTestCase_closure1.call(CallTestCaseKeyword.groovy)
	at com.kms.katalon.core.keyword.internal.KeywordMain.runKeyword(KeywordMain.groovy:75)
	at com.kms.katalon.core.keyword.builtin.CallTestCaseKeyword.callTestCase(CallTestCaseKeyword.groovy:81)
	at com.kms.katalon.core.keyword.builtin.CallTestCaseKeyword.execute(CallTestCaseKeyword.groovy:44)
	at com.kms.katalon.core.keyword.internal.KeywordExecutor.executeKeywordForPlatform(KeywordExecutor.groovy:74)
	at com.kms.katalon.core.keyword.BuiltinKeywords.callTestCase(BuiltinKeywords.groovy:310)
	at PBYA-001.run(PBYA-001:20)
	at com.kms.katalon.core.main.ScriptEngine.run(ScriptEngine.java:194)
	at com.kms.katalon.core.main.ScriptEngine.runScriptAsRawText(ScriptEngine.java:119)
	at com.kms.katalon.core.main.TestCaseExecutor.runScript(TestCaseExecutor.java:448)
	at com.kms.katalon.core.main.TestCaseExecutor.doExecute(TestCaseExecutor.java:439)
	at com.kms.katalon.core.main.TestCaseExecutor.processExecutionPhase(TestCaseExecutor.java:418)
	at com.kms.katalon.core.main.TestCaseExecutor.accessMainPhase(TestCaseExecutor.java:410)
	at com.kms.katalon.core.main.TestCaseExecutor.execute(TestCaseExecutor.java:285)
	at com.kms.katalon.core.main.TestCaseMain.runTestCase(TestCaseMain.java:144)
	at com.kms.katalon.core.keyword.builtin.CallTestCaseKeyword$_callTestCase_closure1.doCall(CallTestCaseKeyword.groovy:59)
	at com.kms.katalon.core.keyword.builtin.CallTestCaseKeyword$_callTestCase_closure1.call(CallTestCaseKeyword.groovy)
	at com.kms.katalon.core.keyword.internal.KeywordMain.runKeyword(KeywordMain.groovy:75)
	at com.kms.katalon.core.keyword.builtin.CallTestCaseKeyword.callTestCase(CallTestCaseKeyword.groovy:81)
	at com.kms.katalon.core.keyword.builtin.CallTestCaseKeyword.execute(CallTestCaseKeyword.groovy:44)
	at com.kms.katalon.core.keyword.internal.KeywordExecutor.executeKeywordForPlatform(KeywordExecutor.groovy:74)
	at com.kms.katalon.core.keyword.BuiltinKeywords.callTestCase(BuiltinKeywords.groovy:310)
	at SA-001.run(SA-001:20)
	at com.kms.katalon.core.main.ScriptEngine.run(ScriptEngine.java:194)
	at com.kms.katalon.core.main.ScriptEngine.runScriptAsRawText(ScriptEngine.java:119)
	at com.kms.katalon.core.main.TestCaseExecutor.runScript(TestCaseExecutor.java:448)
	at com.kms.katalon.core.main.TestCaseExecutor.doExecute(TestCaseExecutor.java:439)
	at com.kms.katalon.core.main.TestCaseExecutor.processExecutionPhase(TestCaseExecutor.java:418)
	at com.kms.katalon.core.main.TestCaseExecutor.accessMainPhase(TestCaseExecutor.java:410)
	at com.kms.katalon.core.main.TestCaseExecutor.execute(TestCaseExecutor.java:285)
	at com.kms.katalon.core.main.TestCaseMain.runTestCase(TestCaseMain.java:144)
	at com.kms.katalon.core.keyword.builtin.CallTestCaseKeyword$_callTestCase_closure1.doCall(CallTestCaseKeyword.groovy:59)
	at com.kms.katalon.core.keyword.builtin.CallTestCaseKeyword$_callTestCase_closure1.call(CallTestCaseKeyword.groovy)
	at com.kms.katalon.core.keyword.internal.KeywordMain.runKeyword(KeywordMain.groovy:75)
	at com.kms.katalon.core.keyword.builtin.CallTestCaseKeyword.callTestCase(CallTestCaseKeyword.groovy:81)
	at com.kms.katalon.core.keyword.builtin.CallTestCaseKeyword.execute(CallTestCaseKeyword.groovy:44)
	at com.kms.katalon.core.keyword.internal.KeywordExecutor.executeKeywordForPlatform(KeywordExecutor.groovy:74)
	at com.kms.katalon.core.keyword.BuiltinKeywords.callTestCase(BuiltinKeywords.groovy:310)
	at SA-002.run(SA-002:20)
	at com.kms.katalon.core.main.ScriptEngine.run(ScriptEngine.java:194)
	at com.kms.katalon.core.main.ScriptEngine.runScriptAsRawText(ScriptEngine.java:119)
	at com.kms.katalon.core.main.TestCaseExecutor.runScript(TestCaseExecutor.java:448)
	at com.kms.katalon.core.main.TestCaseExecutor.doExecute(TestCaseExecutor.java:439)
	at com.kms.katalon.core.main.TestCaseExecutor.processExecutionPhase(TestCaseExecutor.java:418)
	at com.kms.katalon.core.main.TestCaseExecutor.accessMainPhase(TestCaseExecutor.java:410)
	at com.kms.katalon.core.main.TestCaseExecutor.execute(TestCaseExecutor.java:285)
	at com.kms.katalon.core.main.TestCaseMain.runTestCase(TestCaseMain.java:144)
	at com.kms.katalon.core.keyword.builtin.CallTestCaseKeyword$_callTestCase_closure1.doCall(CallTestCaseKeyword.groovy:59)
	at com.kms.katalon.core.keyword.builtin.CallTestCaseKeyword$_callTestCase_closure1.call(CallTestCaseKeyword.groovy)
	at com.kms.katalon.core.keyword.internal.KeywordMain.runKeyword(KeywordMain.groovy:75)
	at com.kms.katalon.core.keyword.builtin.CallTestCaseKeyword.callTestCase(CallTestCaseKeyword.groovy:81)
	at com.kms.katalon.core.keyword.builtin.CallTestCaseKeyword.execute(CallTestCaseKeyword.groovy:44)
	at com.kms.katalon.core.keyword.internal.KeywordExecutor.executeKeywordForPlatform(KeywordExecutor.groovy:74)
	at com.kms.katalon.core.keyword.BuiltinKeywords.callTestCase(BuiltinKeywords.groovy:310)
	at SA-006.run(SA-006:20)
	at com.kms.katalon.core.main.ScriptEngine.run(ScriptEngine.java:194)
	at com.kms.katalon.core.main.ScriptEngine.runScriptAsRawText(ScriptEngine.java:119)
	at com.kms.katalon.core.main.TestCaseExecutor.runScript(TestCaseExecutor.java:448)
	at com.kms.katalon.core.main.TestCaseExecutor.doExecute(TestCaseExecutor.java:439)
	at com.kms.katalon.core.main.TestCaseExecutor.processExecutionPhase(TestCaseExecutor.java:418)
	at com.kms.katalon.core.main.TestCaseExecutor.accessMainPhase(TestCaseExecutor.java:410)
	at com.kms.katalon.core.main.TestCaseExecutor.execute(TestCaseExecutor.java:285)
	at com.kms.katalon.core.main.TestCaseMain.runTestCase(TestCaseMain.java:144)
	at com.kms.katalon.core.keyword.builtin.CallTestCaseKeyword$_callTestCase_closure1.doCall(CallTestCaseKeyword.groovy:59)
	at com.kms.katalon.core.keyword.builtin.CallTestCaseKeyword$_callTestCase_closure1.call(CallTestCaseKeyword.groovy)
	at com.kms.katalon.core.keyword.internal.KeywordMain.runKeyword(KeywordMain.groovy:75)
	at com.kms.katalon.core.keyword.builtin.CallTestCaseKeyword.callTestCase(CallTestCaseKeyword.groovy:81)
	at com.kms.katalon.core.keyword.builtin.CallTestCaseKeyword.execute(CallTestCaseKeyword.groovy:44)
	at com.kms.katalon.core.keyword.internal.KeywordExecutor.executeKeywordForPlatform(KeywordExecutor.groovy:74)
	at com.kms.katalon.core.keyword.BuiltinKeywords.callTestCase(BuiltinKeywords.groovy:310)
	at SU-005.run(SU-005:20)
	at com.kms.katalon.core.main.ScriptEngine.run(ScriptEngine.java:194)
	at com.kms.katalon.core.main.ScriptEngine.runScriptAsRawText(ScriptEngine.java:119)
	at com.kms.katalon.core.main.TestCaseExecutor.runScript(TestCaseExecutor.java:448)
	at com.kms.katalon.core.main.TestCaseExecutor.doExecute(TestCaseExecutor.java:439)
	at com.kms.katalon.core.main.TestCaseExecutor.processExecutionPhase(TestCaseExecutor.java:418)
	at com.kms.katalon.core.main.TestCaseExecutor.accessMainPhase(TestCaseExecutor.java:410)
	at com.kms.katalon.core.main.TestCaseExecutor.execute(TestCaseExecutor.java:285)
	at com.kms.katalon.core.common.CommonExecutor.accessTestCaseMainPhase(CommonExecutor.java:65)
	at com.kms.katalon.core.main.TestSuiteExecutor.accessTestSuiteMainPhase(TestSuiteExecutor.java:148)
	at com.kms.katalon.core.main.TestSuiteExecutor.execute(TestSuiteExecutor.java:106)
	at com.kms.katalon.core.main.TestCaseMain.startTestSuite(TestCaseMain.java:187)
	at com.kms.katalon.core.main.TestCaseMain$startTestSuite$0.call(Unknown Source)
	at TempTestSuite1696424348948.run(TempTestSuite1696424348948.groovy:36)
Caused by: com.kms.katalon.core.exception.StepFailedException: Call Test Case 'Test Cases/T13 Pembelian, Shipment dan Pembayaran/PBL-004' failed
	at com.kms.katalon.core.keyword.builtin.CallTestCaseKeyword$_callTestCase_closure1.doCall(CallTestCaseKeyword.groovy:63)
	at com.kms.katalon.core.keyword.builtin.CallTestCaseKeyword$_callTestCase_closure1.call(CallTestCaseKeyword.groovy)
	at com.kms.katalon.core.keyword.internal.KeywordMain.runKeyword(KeywordMain.groovy:75)
	at com.kms.katalon.core.keyword.builtin.CallTestCaseKeyword.callTestCase(CallTestCaseKeyword.groovy:81)
	at com.kms.katalon.core.keyword.builtin.CallTestCaseKeyword.execute(CallTestCaseKeyword.groovy:44)
	at com.kms.katalon.core.keyword.internal.KeywordExecutor.executeKeywordForPlatform(KeywordExecutor.groovy:74)
	at com.kms.katalon.core.keyword.BuiltinKeywords.callTestCase(BuiltinKeywords.groovy:310)
	at PBY-001.run(PBY-001:20)
	at com.kms.katalon.core.main.ScriptEngine.run(ScriptEngine.java:194)
	at com.kms.katalon.core.main.ScriptEngine.runScriptAsRawText(ScriptEngine.java:119)
	at com.kms.katalon.core.main.TestCaseExecutor.runScript(TestCaseExecutor.java:448)
	at com.kms.katalon.core.main.TestCaseExecutor.doExecute(TestCaseExecutor.java:439)
	at com.kms.katalon.core.main.TestCaseExecutor.processExecutionPhase(TestCaseExecutor.java:418)
	at com.kms.katalon.core.main.TestCaseExecutor.accessMainPhase(TestCaseExecutor.java:410)
	at com.kms.katalon.core.main.TestCaseExecutor.execute(TestCaseExecutor.java:285)
	at com.kms.katalon.core.main.TestCaseMain.runTestCase(TestCaseMain.java:144)
	at com.kms.katalon.core.keyword.builtin.CallTestCaseKeyword$_callTestCase_closure1.doCall(CallTestCaseKeyword.groovy:59)
	... 100 more
Caused by: com.kms.katalon.core.exception.StepFailedException: Call Test Case 'Test Cases/T13 Pembelian, Shipment dan Pembayaran/PBL-002' failed
	at com.kms.katalon.core.keyword.builtin.CallTestCaseKeyword$_callTestCase_closure1.doCall(CallTestCaseKeyword.groovy:63)
	at com.kms.katalon.core.keyword.builtin.CallTestCaseKeyword$_callTestCase_closure1.call(CallTestCaseKeyword.groovy)
	at com.kms.katalon.core.keyword.internal.KeywordMain.runKeyword(KeywordMain.groovy:75)
	at com.kms.katalon.core.keyword.builtin.CallTestCaseKeyword.callTestCase(CallTestCaseKeyword.groovy:81)
	at com.kms.katalon.core.keyword.builtin.CallTestCaseKeyword.execute(CallTestCaseKeyword.groovy:44)
	at com.kms.katalon.core.keyword.internal.KeywordExecutor.executeKeywordForPlatform(KeywordExecutor.groovy:74)
	at com.kms.katalon.core.keyword.BuiltinKeywords.callTestCase(BuiltinKeywords.groovy:310)
	at PBL-004.run(PBL-004:20)
	at com.kms.katalon.core.main.ScriptEngine.run(ScriptEngine.java:194)
	at com.kms.katalon.core.main.ScriptEngine.runScriptAsRawText(ScriptEngine.java:119)
	at com.kms.katalon.core.main.TestCaseExecutor.runScript(TestCaseExecutor.java:448)
	at com.kms.katalon.core.main.TestCaseExecutor.doExecute(TestCaseExecutor.java:439)
	at com.kms.katalon.core.main.TestCaseExecutor.processExecutionPhase(TestCaseExecutor.java:418)
	at com.kms.katalon.core.main.TestCaseExecutor.accessMainPhase(TestCaseExecutor.java:410)
	at com.kms.katalon.core.main.TestCaseExecutor.execute(TestCaseExecutor.java:285)
	at com.kms.katalon.core.main.TestCaseMain.runTestCase(TestCaseMain.java:144)
	at com.kms.katalon.core.keyword.builtin.CallTestCaseKeyword$_callTestCase_closure1.doCall(CallTestCaseKeyword.groovy:59)
	... 116 more
Caused by: com.kms.katalon.core.exception.StepFailedException: Call Test Case 'Test Cases/T13 Pembelian, Shipment dan Pembayaran/PBL-001' failed
	at com.kms.katalon.core.keyword.builtin.CallTestCaseKeyword$_callTestCase_closure1.doCall(CallTestCaseKeyword.groovy:63)
	at com.kms.katalon.core.keyword.builtin.CallTestCaseKeyword$_callTestCase_closure1.call(CallTestCaseKeyword.groovy)
	at com.kms.katalon.core.keyword.internal.KeywordMain.runKeyword(KeywordMain.groovy:75)
	at com.kms.katalon.core.keyword.builtin.CallTestCaseKeyword.callTestCase(CallTestCaseKeyword.groovy:81)
	at com.kms.katalon.core.keyword.builtin.CallTestCaseKeyword.execute(CallTestCaseKeyword.groovy:44)
	at com.kms.katalon.core.keyword.internal.KeywordExecutor.executeKeywordForPlatform(KeywordExecutor.groovy:74)
	at com.kms.katalon.core.keyword.BuiltinKeywords.callTestCase(BuiltinKeywords.groovy:310)
	at PBL-002.run(PBL-002:20)
	at com.kms.katalon.core.main.ScriptEngine.run(ScriptEngine.java:194)
	at com.kms.katalon.core.main.ScriptEngine.runScriptAsRawText(ScriptEngine.java:119)
	at com.kms.katalon.core.main.TestCaseExecutor.runScript(TestCaseExecutor.java:448)
	at com.kms.katalon.core.main.TestCaseExecutor.doExecute(TestCaseExecutor.java:439)
	at com.kms.katalon.core.main.TestCaseExecutor.processExecutionPhase(TestCaseExecutor.java:418)
	at com.kms.katalon.core.main.TestCaseExecutor.accessMainPhase(TestCaseExecutor.java:410)
	at com.kms.katalon.core.main.TestCaseExecutor.execute(TestCaseExecutor.java:285)
	at com.kms.katalon.core.main.TestCaseMain.runTestCase(TestCaseMain.java:144)
	at com.kms.katalon.core.keyword.builtin.CallTestCaseKeyword$_callTestCase_closure1.doCall(CallTestCaseKeyword.groovy:59)
	... 132 more
Caused by: Assertion failed: 

assert NamaSesudah.contains(NamaSebelum)
       |           |        |
       |           false    Segitiga Instan Madeira - MDB5.3 Sunse,..
       Segitiga Instan Madeira - MDB5.3 Sunset

	at PBL-001.run(PBL-001:39)
	at com.kms.katalon.core.main.ScriptEngine.run(ScriptEngine.java:194)
	at com.kms.katalon.core.main.ScriptEngine.runScriptAsRawText(ScriptEngine.java:119)
	at com.kms.katalon.core.main.TestCaseExecutor.runScript(TestCaseExecutor.java:448)
	at com.kms.katalon.core.main.TestCaseExecutor.doExecute(TestCaseExecutor.java:439)
	at com.kms.katalon.core.main.TestCaseExecutor.processExecutionPhase(TestCaseExecutor.java:418)
	at com.kms.katalon.core.main.TestCaseExecutor.accessMainPhase(TestCaseExecutor.java:410)
	at com.kms.katalon.core.main.TestCaseExecutor.execute(TestCaseExecutor.java:285)
	at com.kms.katalon.core.main.TestCaseMain.runTestCase(TestCaseMain.java:144)
	at com.kms.katalon.core.keyword.builtin.CallTestCaseKeyword$_callTestCase_closure1.doCall(CallTestCaseKeyword.groovy:59)
	... 148 more


2023-10-04 20:46:24 - [TEST_STEP][FAILED] - data = callTestCase(findTestCase("T13 Pembelian, Shipment dan Pembayaran/PBY-001"), [:], STOP_ON_FAILURE): Unable to call Test Case 'Test Cases/T13 Pembelian, Shipment dan Pembayaran/PBY-001' (Root cause: com.kms.katalon.core.exception.StepFailedException: Call Test Case 'Test Cases/T13 Pembelian, Shipment dan Pembayaran/PBY-001' failed
	at com.kms.katalon.core.keyword.builtin.CallTestCaseKeyword$_callTestCase_closure1.doCall(CallTestCaseKeyword.groovy:63)
	at com.kms.katalon.core.keyword.builtin.CallTestCaseKeyword$_callTestCase_closure1.call(CallTestCaseKeyword.groovy)
	at com.kms.katalon.core.keyword.internal.KeywordMain.runKeyword(KeywordMain.groovy:75)
	at com.kms.katalon.core.keyword.builtin.CallTestCaseKeyword.callTestCase(CallTestCaseKeyword.groovy:81)
	at com.kms.katalon.core.keyword.builtin.CallTestCaseKeyword.execute(CallTestCaseKeyword.groovy:44)
	at com.kms.katalon.core.keyword.internal.KeywordExecutor.executeKeywordForPlatform(KeywordExecutor.groovy:74)
	at com.kms.katalon.core.keyword.BuiltinKeywords.callTestCase(BuiltinKeywords.groovy:310)
	at PBY-004.run(PBY-004:20)
	at com.kms.katalon.core.main.ScriptEngine.run(ScriptEngine.java:194)
	at com.kms.katalon.core.main.ScriptEngine.runScriptAsRawText(ScriptEngine.java:119)
	at com.kms.katalon.core.main.TestCaseExecutor.runScript(TestCaseExecutor.java:448)
	at com.kms.katalon.core.main.TestCaseExecutor.doExecute(TestCaseExecutor.java:439)
	at com.kms.katalon.core.main.TestCaseExecutor.processExecutionPhase(TestCaseExecutor.java:418)
	at com.kms.katalon.core.main.TestCaseExecutor.accessMainPhase(TestCaseExecutor.java:410)
	at com.kms.katalon.core.main.TestCaseExecutor.execute(TestCaseExecutor.java:285)
	at com.kms.katalon.core.main.TestCaseMain.runTestCase(TestCaseMain.java:144)
	at com.kms.katalon.core.keyword.builtin.CallTestCaseKeyword$_callTestCase_closure1.doCall(CallTestCaseKeyword.groovy:59)
	at com.kms.katalon.core.keyword.builtin.CallTestCaseKeyword$_callTestCase_closure1.call(CallTestCaseKeyword.groovy)
	at com.kms.katalon.core.keyword.internal.KeywordMain.runKeyword(KeywordMain.groovy:75)
	at com.kms.katalon.core.keyword.builtin.CallTestCaseKeyword.callTestCase(CallTestCaseKeyword.groovy:81)
	at com.kms.katalon.core.keyword.builtin.CallTestCaseKeyword.execute(CallTestCaseKeyword.groovy:44)
	at com.kms.katalon.core.keyword.internal.KeywordExecutor.executeKeywordForPlatform(KeywordExecutor.groovy:74)
	at com.kms.katalon.core.keyword.BuiltinKeywords.callTestCase(BuiltinKeywords.groovy:310)
	at PBYA-001.run(PBYA-001:20)
	at com.kms.katalon.core.main.ScriptEngine.run(ScriptEngine.java:194)
	at com.kms.katalon.core.main.ScriptEngine.runScriptAsRawText(ScriptEngine.java:119)
	at com.kms.katalon.core.main.TestCaseExecutor.runScript(TestCaseExecutor.java:448)
	at com.kms.katalon.core.main.TestCaseExecutor.doExecute(TestCaseExecutor.java:439)
	at com.kms.katalon.core.main.TestCaseExecutor.processExecutionPhase(TestCaseExecutor.java:418)
	at com.kms.katalon.core.main.TestCaseExecutor.accessMainPhase(TestCaseExecutor.java:410)
	at com.kms.katalon.core.main.TestCaseExecutor.execute(TestCaseExecutor.java:285)
	at com.kms.katalon.core.main.TestCaseMain.runTestCase(TestCaseMain.java:144)
	at com.kms.katalon.core.keyword.builtin.CallTestCaseKeyword$_callTestCase_closure1.doCall(CallTestCaseKeyword.groovy:59)
	at com.kms.katalon.core.keyword.builtin.CallTestCaseKeyword$_callTestCase_closure1.call(CallTestCaseKeyword.groovy)
	at com.kms.katalon.core.keyword.internal.KeywordMain.runKeyword(KeywordMain.groovy:75)
	at com.kms.katalon.core.keyword.builtin.CallTestCaseKeyword.callTestCase(CallTestCaseKeyword.groovy:81)
	at com.kms.katalon.core.keyword.builtin.CallTestCaseKeyword.execute(CallTestCaseKeyword.groovy:44)
	at com.kms.katalon.core.keyword.internal.KeywordExecutor.executeKeywordForPlatform(KeywordExecutor.groovy:74)
	at com.kms.katalon.core.keyword.BuiltinKeywords.callTestCase(BuiltinKeywords.groovy:310)
	at SA-001.run(SA-001:20)
	at com.kms.katalon.core.main.ScriptEngine.run(ScriptEngine.java:194)
	at com.kms.katalon.core.main.ScriptEngine.runScriptAsRawText(ScriptEngine.java:119)
	at com.kms.katalon.core.main.TestCaseExecutor.runScript(TestCaseExecutor.java:448)
	at com.kms.katalon.core.main.TestCaseExecutor.doExecute(TestCaseExecutor.java:439)
	at com.kms.katalon.core.main.TestCaseExecutor.processExecutionPhase(TestCaseExecutor.java:418)
	at com.kms.katalon.core.main.TestCaseExecutor.accessMainPhase(TestCaseExecutor.java:410)
	at com.kms.katalon.core.main.TestCaseExecutor.execute(TestCaseExecutor.java:285)
	at com.kms.katalon.core.main.TestCaseMain.runTestCase(TestCaseMain.java:144)
	at com.kms.katalon.core.keyword.builtin.CallTestCaseKeyword$_callTestCase_closure1.doCall(CallTestCaseKeyword.groovy:59)
	at com.kms.katalon.core.keyword.builtin.CallTestCaseKeyword$_callTestCase_closure1.call(CallTestCaseKeyword.groovy)
	at com.kms.katalon.core.keyword.internal.KeywordMain.runKeyword(KeywordMain.groovy:75)
	at com.kms.katalon.core.keyword.builtin.CallTestCaseKeyword.callTestCase(CallTestCaseKeyword.groovy:81)
	at com.kms.katalon.core.keyword.builtin.CallTestCaseKeyword.execute(CallTestCaseKeyword.groovy:44)
	at com.kms.katalon.core.keyword.internal.KeywordExecutor.executeKeywordForPlatform(KeywordExecutor.groovy:74)
	at com.kms.katalon.core.keyword.BuiltinKeywords.callTestCase(BuiltinKeywords.groovy:310)
	at SA-002.run(SA-002:20)
	at com.kms.katalon.core.main.ScriptEngine.run(ScriptEngine.java:194)
	at com.kms.katalon.core.main.ScriptEngine.runScriptAsRawText(ScriptEngine.java:119)
	at com.kms.katalon.core.main.TestCaseExecutor.runScript(TestCaseExecutor.java:448)
	at com.kms.katalon.core.main.TestCaseExecutor.doExecute(TestCaseExecutor.java:439)
	at com.kms.katalon.core.main.TestCaseExecutor.processExecutionPhase(TestCaseExecutor.java:418)
	at com.kms.katalon.core.main.TestCaseExecutor.accessMainPhase(TestCaseExecutor.java:410)
	at com.kms.katalon.core.main.TestCaseExecutor.execute(TestCaseExecutor.java:285)
	at com.kms.katalon.core.main.TestCaseMain.runTestCase(TestCaseMain.java:144)
	at com.kms.katalon.core.keyword.builtin.CallTestCaseKeyword$_callTestCase_closure1.doCall(CallTestCaseKeyword.groovy:59)
	at com.kms.katalon.core.keyword.builtin.CallTestCaseKeyword$_callTestCase_closure1.call(CallTestCaseKeyword.groovy)
	at com.kms.katalon.core.keyword.internal.KeywordMain.runKeyword(KeywordMain.groovy:75)
	at com.kms.katalon.core.keyword.builtin.CallTestCaseKeyword.callTestCase(CallTestCaseKeyword.groovy:81)
	at com.kms.katalon.core.keyword.builtin.CallTestCaseKeyword.execute(CallTestCaseKeyword.groovy:44)
	at com.kms.katalon.core.keyword.internal.KeywordExecutor.executeKeywordForPlatform(KeywordExecutor.groovy:74)
	at com.kms.katalon.core.keyword.BuiltinKeywords.callTestCase(BuiltinKeywords.groovy:310)
	at SA-006.run(SA-006:20)
	at com.kms.katalon.core.main.ScriptEngine.run(ScriptEngine.java:194)
	at com.kms.katalon.core.main.ScriptEngine.runScriptAsRawText(ScriptEngine.java:119)
	at com.kms.katalon.core.main.TestCaseExecutor.runScript(TestCaseExecutor.java:448)
	at com.kms.katalon.core.main.TestCaseExecutor.doExecute(TestCaseExecutor.java:439)
	at com.kms.katalon.core.main.TestCaseExecutor.processExecutionPhase(TestCaseExecutor.java:418)
	at com.kms.katalon.core.main.TestCaseExecutor.accessMainPhase(TestCaseExecutor.java:410)
	at com.kms.katalon.core.main.TestCaseExecutor.execute(TestCaseExecutor.java:285)
	at com.kms.katalon.core.main.TestCaseMain.runTestCase(TestCaseMain.java:144)
	at com.kms.katalon.core.keyword.builtin.CallTestCaseKeyword$_callTestCase_closure1.doCall(CallTestCaseKeyword.groovy:59)
	at com.kms.katalon.core.keyword.builtin.CallTestCaseKeyword$_callTestCase_closure1.call(CallTestCaseKeyword.groovy)
	at com.kms.katalon.core.keyword.internal.KeywordMain.runKeyword(KeywordMain.groovy:75)
	at com.kms.katalon.core.keyword.builtin.CallTestCaseKeyword.callTestCase(CallTestCaseKeyword.groovy:81)
	at com.kms.katalon.core.keyword.builtin.CallTestCaseKeyword.execute(CallTestCaseKeyword.groovy:44)
	at com.kms.katalon.core.keyword.internal.KeywordExecutor.executeKeywordForPlatform(KeywordExecutor.groovy:74)
	at com.kms.katalon.core.keyword.BuiltinKeywords.callTestCase(BuiltinKeywords.groovy:310)
	at SU-005.run(SU-005:20)
	at com.kms.katalon.core.main.ScriptEngine.run(ScriptEngine.java:194)
	at com.kms.katalon.core.main.ScriptEngine.runScriptAsRawText(ScriptEngine.java:119)
	at com.kms.katalon.core.main.TestCaseExecutor.runScript(TestCaseExecutor.java:448)
	at com.kms.katalon.core.main.TestCaseExecutor.doExecute(TestCaseExecutor.java:439)
	at com.kms.katalon.core.main.TestCaseExecutor.processExecutionPhase(TestCaseExecutor.java:418)
	at com.kms.katalon.core.main.TestCaseExecutor.accessMainPhase(TestCaseExecutor.java:410)
	at com.kms.katalon.core.main.TestCaseExecutor.execute(TestCaseExecutor.java:285)
	at com.kms.katalon.core.common.CommonExecutor.accessTestCaseMainPhase(CommonExecutor.java:65)
	at com.kms.katalon.core.main.TestSuiteExecutor.accessTestSuiteMainPhase(TestSuiteExecutor.java:148)
	at com.kms.katalon.core.main.TestSuiteExecutor.execute(TestSuiteExecutor.java:106)
	at com.kms.katalon.core.main.TestCaseMain.startTestSuite(TestCaseMain.java:187)
	at com.kms.katalon.core.main.TestCaseMain$startTestSuite$0.call(Unknown Source)
	at TempTestSuite1696424348948.run(TempTestSuite1696424348948.groovy:36)
Caused by: com.kms.katalon.core.exception.StepFailedException: Call Test Case 'Test Cases/T13 Pembelian, Shipment dan Pembayaran/PBL-004' failed
	at com.kms.katalon.core.keyword.builtin.CallTestCaseKeyword$_callTestCase_closure1.doCall(CallTestCaseKeyword.groovy:63)
	at com.kms.katalon.core.keyword.builtin.CallTestCaseKeyword$_callTestCase_closure1.call(CallTestCaseKeyword.groovy)
	at com.kms.katalon.core.keyword.internal.KeywordMain.runKeyword(KeywordMain.groovy:75)
	at com.kms.katalon.core.keyword.builtin.CallTestCaseKeyword.callTestCase(CallTestCaseKeyword.groovy:81)
	at com.kms.katalon.core.keyword.builtin.CallTestCaseKeyword.execute(CallTestCaseKeyword.groovy:44)
	at com.kms.katalon.core.keyword.internal.KeywordExecutor.executeKeywordForPlatform(KeywordExecutor.groovy:74)
	at com.kms.katalon.core.keyword.BuiltinKeywords.callTestCase(BuiltinKeywords.groovy:310)
	at PBY-001.run(PBY-001:20)
	at com.kms.katalon.core.main.ScriptEngine.run(ScriptEngine.java:194)
	at com.kms.katalon.core.main.ScriptEngine.runScriptAsRawText(ScriptEngine.java:119)
	at com.kms.katalon.core.main.TestCaseExecutor.runScript(TestCaseExecutor.java:448)
	at com.kms.katalon.core.main.TestCaseExecutor.doExecute(TestCaseExecutor.java:439)
	at com.kms.katalon.core.main.TestCaseExecutor.processExecutionPhase(TestCaseExecutor.java:418)
	at com.kms.katalon.core.main.TestCaseExecutor.accessMainPhase(TestCaseExecutor.java:410)
	at com.kms.katalon.core.main.TestCaseExecutor.execute(TestCaseExecutor.java:285)
	at com.kms.katalon.core.main.TestCaseMain.runTestCase(TestCaseMain.java:144)
	at com.kms.katalon.core.keyword.builtin.CallTestCaseKeyword$_callTestCase_closure1.doCall(CallTestCaseKeyword.groovy:59)
	... 100 more
Caused by: com.kms.katalon.core.exception.StepFailedException: Call Test Case 'Test Cases/T13 Pembelian, Shipment dan Pembayaran/PBL-002' failed
	at com.kms.katalon.core.keyword.builtin.CallTestCaseKeyword$_callTestCase_closure1.doCall(CallTestCaseKeyword.groovy:63)
	at com.kms.katalon.core.keyword.builtin.CallTestCaseKeyword$_callTestCase_closure1.call(CallTestCaseKeyword.groovy)
	at com.kms.katalon.core.keyword.internal.KeywordMain.runKeyword(KeywordMain.groovy:75)
	at com.kms.katalon.core.keyword.builtin.CallTestCaseKeyword.callTestCase(CallTestCaseKeyword.groovy:81)
	at com.kms.katalon.core.keyword.builtin.CallTestCaseKeyword.execute(CallTestCaseKeyword.groovy:44)
	at com.kms.katalon.core.keyword.internal.KeywordExecutor.executeKeywordForPlatform(KeywordExecutor.groovy:74)
	at com.kms.katalon.core.keyword.BuiltinKeywords.callTestCase(BuiltinKeywords.groovy:310)
	at PBL-004.run(PBL-004:20)
	at com.kms.katalon.core.main.ScriptEngine.run(ScriptEngine.java:194)
	at com.kms.katalon.core.main.ScriptEngine.runScriptAsRawText(ScriptEngine.java:119)
	at com.kms.katalon.core.main.TestCaseExecutor.runScript(TestCaseExecutor.java:448)
	at com.kms.katalon.core.main.TestCaseExecutor.doExecute(TestCaseExecutor.java:439)
	at com.kms.katalon.core.main.TestCaseExecutor.processExecutionPhase(TestCaseExecutor.java:418)
	at com.kms.katalon.core.main.TestCaseExecutor.accessMainPhase(TestCaseExecutor.java:410)
	at com.kms.katalon.core.main.TestCaseExecutor.execute(TestCaseExecutor.java:285)
	at com.kms.katalon.core.main.TestCaseMain.runTestCase(TestCaseMain.java:144)
	at com.kms.katalon.core.keyword.builtin.CallTestCaseKeyword$_callTestCase_closure1.doCall(CallTestCaseKeyword.groovy:59)
	... 116 more
Caused by: com.kms.katalon.core.exception.StepFailedException: Call Test Case 'Test Cases/T13 Pembelian, Shipment dan Pembayaran/PBL-001' failed
	at com.kms.katalon.core.keyword.builtin.CallTestCaseKeyword$_callTestCase_closure1.doCall(CallTestCaseKeyword.groovy:63)
	at com.kms.katalon.core.keyword.builtin.CallTestCaseKeyword$_callTestCase_closure1.call(CallTestCaseKeyword.groovy)
	at com.kms.katalon.core.keyword.internal.KeywordMain.runKeyword(KeywordMain.groovy:75)
	at com.kms.katalon.core.keyword.builtin.CallTestCaseKeyword.callTestCase(CallTestCaseKeyword.groovy:81)
	at com.kms.katalon.core.keyword.builtin.CallTestCaseKeyword.execute(CallTestCaseKeyword.groovy:44)
	at com.kms.katalon.core.keyword.internal.KeywordExecutor.executeKeywordForPlatform(KeywordExecutor.groovy:74)
	at com.kms.katalon.core.keyword.BuiltinKeywords.callTestCase(BuiltinKeywords.groovy:310)
	at PBL-002.run(PBL-002:20)
	at com.kms.katalon.core.main.ScriptEngine.run(ScriptEngine.java:194)
	at com.kms.katalon.core.main.ScriptEngine.runScriptAsRawText(ScriptEngine.java:119)
	at com.kms.katalon.core.main.TestCaseExecutor.runScript(TestCaseExecutor.java:448)
	at com.kms.katalon.core.main.TestCaseExecutor.doExecute(TestCaseExecutor.java:439)
	at com.kms.katalon.core.main.TestCaseExecutor.processExecutionPhase(TestCaseExecutor.java:418)
	at com.kms.katalon.core.main.TestCaseExecutor.accessMainPhase(TestCaseExecutor.java:410)
	at com.kms.katalon.core.main.TestCaseExecutor.execute(TestCaseExecutor.java:285)
	at com.kms.katalon.core.main.TestCaseMain.runTestCase(TestCaseMain.java:144)
	at com.kms.katalon.core.keyword.builtin.CallTestCaseKeyword$_callTestCase_closure1.doCall(CallTestCaseKeyword.groovy:59)
	... 132 more
Caused by: Assertion failed: 

assert NamaSesudah.contains(NamaSebelum)
       |           |        |
       |           false    Segitiga Instan Madeira - MDB5.3 Sunse,..
       Segitiga Instan Madeira - MDB5.3 Sunset

	at PBL-001.run(PBL-001:39)
	at com.kms.katalon.core.main.ScriptEngine.run(ScriptEngine.java:194)
	at com.kms.katalon.core.main.ScriptEngine.runScriptAsRawText(ScriptEngine.java:119)
	at com.kms.katalon.core.main.TestCaseExecutor.runScript(TestCaseExecutor.java:448)
	at com.kms.katalon.core.main.TestCaseExecutor.doExecute(TestCaseExecutor.java:439)
	at com.kms.katalon.core.main.TestCaseExecutor.processExecutionPhase(TestCaseExecutor.java:418)
	at com.kms.katalon.core.main.TestCaseExecutor.accessMainPhase(TestCaseExecutor.java:410)
	at com.kms.katalon.core.main.TestCaseExecutor.execute(TestCaseExecutor.java:285)
	at com.kms.katalon.core.main.TestCaseMain.runTestCase(TestCaseMain.java:144)
	at com.kms.katalon.core.keyword.builtin.CallTestCaseKeyword$_callTestCase_closure1.doCall(CallTestCaseKeyword.groovy:59)
	... 148 more
)

2023-10-04 20:46:24 - [TEST_CASE][FAILED] - Test Cases/T13 Pembelian, Shipment dan Pembayaran/PBY-001: Test Cases/T13 Pembelian, Shipment dan Pembayaran/PBY-001 FAILED.
Reason:
com.kms.katalon.core.exception.StepFailedException: Call Test Case 'Test Cases/T13 Pembelian, Shipment dan Pembayaran/PBL-004' failed
	at com.kms.katalon.core.keyword.builtin.CallTestCaseKeyword$_callTestCase_closure1.doCall(CallTestCaseKeyword.groovy:63)
	at com.kms.katalon.core.keyword.builtin.CallTestCaseKeyword$_callTestCase_closure1.call(CallTestCaseKeyword.groovy)
	at com.kms.katalon.core.keyword.internal.KeywordMain.runKeyword(KeywordMain.groovy:75)
	at com.kms.katalon.core.keyword.builtin.CallTestCaseKeyword.callTestCase(CallTestCaseKeyword.groovy:81)
	at com.kms.katalon.core.keyword.builtin.CallTestCaseKeyword.execute(CallTestCaseKeyword.groovy:44)
	at com.kms.katalon.core.keyword.internal.KeywordExecutor.executeKeywordForPlatform(KeywordExecutor.groovy:74)
	at com.kms.katalon.core.keyword.BuiltinKeywords.callTestCase(BuiltinKeywords.groovy:310)
	at PBY-001.run(PBY-001:20)
	at com.kms.katalon.core.main.ScriptEngine.run(ScriptEngine.java:194)
	at com.kms.katalon.core.main.ScriptEngine.runScriptAsRawText(ScriptEngine.java:119)
	at com.kms.katalon.core.main.TestCaseExecutor.runScript(TestCaseExecutor.java:448)
	at com.kms.katalon.core.main.TestCaseExecutor.doExecute(TestCaseExecutor.java:439)
	at com.kms.katalon.core.main.TestCaseExecutor.processExecutionPhase(TestCaseExecutor.java:418)
	at com.kms.katalon.core.main.TestCaseExecutor.accessMainPhase(TestCaseExecutor.java:410)
	at com.kms.katalon.core.main.TestCaseExecutor.execute(TestCaseExecutor.java:285)
	at com.kms.katalon.core.main.TestCaseMain.runTestCase(TestCaseMain.java:144)
	at com.kms.katalon.core.keyword.builtin.CallTestCaseKeyword$_callTestCase_closure1.doCall(CallTestCaseKeyword.groovy:59)
	at com.kms.katalon.core.keyword.builtin.CallTestCaseKeyword$_callTestCase_closure1.call(CallTestCaseKeyword.groovy)
	at com.kms.katalon.core.keyword.internal.KeywordMain.runKeyword(KeywordMain.groovy:75)
	at com.kms.katalon.core.keyword.builtin.CallTestCaseKeyword.callTestCase(CallTestCaseKeyword.groovy:81)
	at com.kms.katalon.core.keyword.builtin.CallTestCaseKeyword.execute(CallTestCaseKeyword.groovy:44)
	at com.kms.katalon.core.keyword.internal.KeywordExecutor.executeKeywordForPlatform(KeywordExecutor.groovy:74)
	at com.kms.katalon.core.keyword.BuiltinKeywords.callTestCase(BuiltinKeywords.groovy:310)
	at PBY-004.run(PBY-004:20)
	at com.kms.katalon.core.main.ScriptEngine.run(ScriptEngine.java:194)
	at com.kms.katalon.core.main.ScriptEngine.runScriptAsRawText(ScriptEngine.java:119)
	at com.kms.katalon.core.main.TestCaseExecutor.runScript(TestCaseExecutor.java:448)
	at com.kms.katalon.core.main.TestCaseExecutor.doExecute(TestCaseExecutor.java:439)
	at com.kms.katalon.core.main.TestCaseExecutor.processExecutionPhase(TestCaseExecutor.java:418)
	at com.kms.katalon.core.main.TestCaseExecutor.accessMainPhase(TestCaseExecutor.java:410)
	at com.kms.katalon.core.main.TestCaseExecutor.execute(TestCaseExecutor.java:285)
	at com.kms.katalon.core.main.TestCaseMain.runTestCase(TestCaseMain.java:144)
	at com.kms.katalon.core.keyword.builtin.CallTestCaseKeyword$_callTestCase_closure1.doCall(CallTestCaseKeyword.groovy:59)
	at com.kms.katalon.core.keyword.builtin.CallTestCaseKeyword$_callTestCase_closure1.call(CallTestCaseKeyword.groovy)
	at com.kms.katalon.core.keyword.internal.KeywordMain.runKeyword(KeywordMain.groovy:75)
	at com.kms.katalon.core.keyword.builtin.CallTestCaseKeyword.callTestCase(CallTestCaseKeyword.groovy:81)
	at com.kms.katalon.core.keyword.builtin.CallTestCaseKeyword.execute(CallTestCaseKeyword.groovy:44)
	at com.kms.katalon.core.keyword.internal.KeywordExecutor.executeKeywordForPlatform(KeywordExecutor.groovy:74)
	at com.kms.katalon.core.keyword.BuiltinKeywords.callTestCase(BuiltinKeywords.groovy:310)
	at PBYA-001.run(PBYA-001:20)
	at com.kms.katalon.core.main.ScriptEngine.run(ScriptEngine.java:194)
	at com.kms.katalon.core.main.ScriptEngine.runScriptAsRawText(ScriptEngine.java:119)
	at com.kms.katalon.core.main.TestCaseExecutor.runScript(TestCaseExecutor.java:448)
	at com.kms.katalon.core.main.TestCaseExecutor.doExecute(TestCaseExecutor.java:439)
	at com.kms.katalon.core.main.TestCaseExecutor.processExecutionPhase(TestCaseExecutor.java:418)
	at com.kms.katalon.core.main.TestCaseExecutor.accessMainPhase(TestCaseExecutor.java:410)
	at com.kms.katalon.core.main.TestCaseExecutor.execute(TestCaseExecutor.java:285)
	at com.kms.katalon.core.main.TestCaseMain.runTestCase(TestCaseMain.java:144)
	at com.kms.katalon.core.keyword.builtin.CallTestCaseKeyword$_callTestCase_closure1.doCall(CallTestCaseKeyword.groovy:59)
	at com.kms.katalon.core.keyword.builtin.CallTestCaseKeyword$_callTestCase_closure1.call(CallTestCaseKeyword.groovy)
	at com.kms.katalon.core.keyword.internal.KeywordMain.runKeyword(KeywordMain.groovy:75)
	at com.kms.katalon.core.keyword.builtin.CallTestCaseKeyword.callTestCase(CallTestCaseKeyword.groovy:81)
	at com.kms.katalon.core.keyword.builtin.CallTestCaseKeyword.execute(CallTestCaseKeyword.groovy:44)
	at com.kms.katalon.core.keyword.internal.KeywordExecutor.executeKeywordForPlatform(KeywordExecutor.groovy:74)
	at com.kms.katalon.core.keyword.BuiltinKeywords.callTestCase(BuiltinKeywords.groovy:310)
	at SA-001.run(SA-001:20)
	at com.kms.katalon.core.main.ScriptEngine.run(ScriptEngine.java:194)
	at com.kms.katalon.core.main.ScriptEngine.runScriptAsRawText(ScriptEngine.java:119)
	at com.kms.katalon.core.main.TestCaseExecutor.runScript(TestCaseExecutor.java:448)
	at com.kms.katalon.core.main.TestCaseExecutor.doExecute(TestCaseExecutor.java:439)
	at com.kms.katalon.core.main.TestCaseExecutor.processExecutionPhase(TestCaseExecutor.java:418)
	at com.kms.katalon.core.main.TestCaseExecutor.accessMainPhase(TestCaseExecutor.java:410)
	at com.kms.katalon.core.main.TestCaseExecutor.execute(TestCaseExecutor.java:285)
	at com.kms.katalon.core.main.TestCaseMain.runTestCase(TestCaseMain.java:144)
	at com.kms.katalon.core.keyword.builtin.CallTestCaseKeyword$_callTestCase_closure1.doCall(CallTestCaseKeyword.groovy:59)
	at com.kms.katalon.core.keyword.builtin.CallTestCaseKeyword$_callTestCase_closure1.call(CallTestCaseKeyword.groovy)
	at com.kms.katalon.core.keyword.internal.KeywordMain.runKeyword(KeywordMain.groovy:75)
	at com.kms.katalon.core.keyword.builtin.CallTestCaseKeyword.callTestCase(CallTestCaseKeyword.groovy:81)
	at com.kms.katalon.core.keyword.builtin.CallTestCaseKeyword.execute(CallTestCaseKeyword.groovy:44)
	at com.kms.katalon.core.keyword.internal.KeywordExecutor.executeKeywordForPlatform(KeywordExecutor.groovy:74)
	at com.kms.katalon.core.keyword.BuiltinKeywords.callTestCase(BuiltinKeywords.groovy:310)
	at SA-002.run(SA-002:20)
	at com.kms.katalon.core.main.ScriptEngine.run(ScriptEngine.java:194)
	at com.kms.katalon.core.main.ScriptEngine.runScriptAsRawText(ScriptEngine.java:119)
	at com.kms.katalon.core.main.TestCaseExecutor.runScript(TestCaseExecutor.java:448)
	at com.kms.katalon.core.main.TestCaseExecutor.doExecute(TestCaseExecutor.java:439)
	at com.kms.katalon.core.main.TestCaseExecutor.processExecutionPhase(TestCaseExecutor.java:418)
	at com.kms.katalon.core.main.TestCaseExecutor.accessMainPhase(TestCaseExecutor.java:410)
	at com.kms.katalon.core.main.TestCaseExecutor.execute(TestCaseExecutor.java:285)
	at com.kms.katalon.core.main.TestCaseMain.runTestCase(TestCaseMain.java:144)
	at com.kms.katalon.core.keyword.builtin.CallTestCaseKeyword$_callTestCase_closure1.doCall(CallTestCaseKeyword.groovy:59)
	at com.kms.katalon.core.keyword.builtin.CallTestCaseKeyword$_callTestCase_closure1.call(CallTestCaseKeyword.groovy)
	at com.kms.katalon.core.keyword.internal.KeywordMain.runKeyword(KeywordMain.groovy:75)
	at com.kms.katalon.core.keyword.builtin.CallTestCaseKeyword.callTestCase(CallTestCaseKeyword.groovy:81)
	at com.kms.katalon.core.keyword.builtin.CallTestCaseKeyword.execute(CallTestCaseKeyword.groovy:44)
	at com.kms.katalon.core.keyword.internal.KeywordExecutor.executeKeywordForPlatform(KeywordExecutor.groovy:74)
	at com.kms.katalon.core.keyword.BuiltinKeywords.callTestCase(BuiltinKeywords.groovy:310)
	at SA-006.run(SA-006:20)
	at com.kms.katalon.core.main.ScriptEngine.run(ScriptEngine.java:194)
	at com.kms.katalon.core.main.ScriptEngine.runScriptAsRawText(ScriptEngine.java:119)
	at com.kms.katalon.core.main.TestCaseExecutor.runScript(TestCaseExecutor.java:448)
	at com.kms.katalon.core.main.TestCaseExecutor.doExecute(TestCaseExecutor.java:439)
	at com.kms.katalon.core.main.TestCaseExecutor.processExecutionPhase(TestCaseExecutor.java:418)
	at com.kms.katalon.core.main.TestCaseExecutor.accessMainPhase(TestCaseExecutor.java:410)
	at com.kms.katalon.core.main.TestCaseExecutor.execute(TestCaseExecutor.java:285)
	at com.kms.katalon.core.main.TestCaseMain.runTestCase(TestCaseMain.java:144)
	at com.kms.katalon.core.keyword.builtin.CallTestCaseKeyword$_callTestCase_closure1.doCall(CallTestCaseKeyword.groovy:59)
	at com.kms.katalon.core.keyword.builtin.CallTestCaseKeyword$_callTestCase_closure1.call(CallTestCaseKeyword.groovy)
	at com.kms.katalon.core.keyword.internal.KeywordMain.runKeyword(KeywordMain.groovy:75)
	at com.kms.katalon.core.keyword.builtin.CallTestCaseKeyword.callTestCase(CallTestCaseKeyword.groovy:81)
	at com.kms.katalon.core.keyword.builtin.CallTestCaseKeyword.execute(CallTestCaseKeyword.groovy:44)
	at com.kms.katalon.core.keyword.internal.KeywordExecutor.executeKeywordForPlatform(KeywordExecutor.groovy:74)
	at com.kms.katalon.core.keyword.BuiltinKeywords.callTestCase(BuiltinKeywords.groovy:310)
	at SU-005.run(SU-005:20)
	at com.kms.katalon.core.main.ScriptEngine.run(ScriptEngine.java:194)
	at com.kms.katalon.core.main.ScriptEngine.runScriptAsRawText(ScriptEngine.java:119)
	at com.kms.katalon.core.main.TestCaseExecutor.runScript(TestCaseExecutor.java:448)
	at com.kms.katalon.core.main.TestCaseExecutor.doExecute(TestCaseExecutor.java:439)
	at com.kms.katalon.core.main.TestCaseExecutor.processExecutionPhase(TestCaseExecutor.java:418)
	at com.kms.katalon.core.main.TestCaseExecutor.accessMainPhase(TestCaseExecutor.java:410)
	at com.kms.katalon.core.main.TestCaseExecutor.execute(TestCaseExecutor.java:285)
	at com.kms.katalon.core.common.CommonExecutor.accessTestCaseMainPhase(CommonExecutor.java:65)
	at com.kms.katalon.core.main.TestSuiteExecutor.accessTestSuiteMainPhase(TestSuiteExecutor.java:148)
	at com.kms.katalon.core.main.TestSuiteExecutor.execute(TestSuiteExecutor.java:106)
	at com.kms.katalon.core.main.TestCaseMain.startTestSuite(TestCaseMain.java:187)
	at com.kms.katalon.core.main.TestCaseMain$startTestSuite$0.call(Unknown Source)
	at TempTestSuite1696424348948.run(TempTestSuite1696424348948.groovy:36)
Caused by: com.kms.katalon.core.exception.StepFailedException: Call Test Case 'Test Cases/T13 Pembelian, Shipment dan Pembayaran/PBL-002' failed
	at com.kms.katalon.core.keyword.builtin.CallTestCaseKeyword$_callTestCase_closure1.doCall(CallTestCaseKeyword.groovy:63)
	at com.kms.katalon.core.keyword.builtin.CallTestCaseKeyword$_callTestCase_closure1.call(CallTestCaseKeyword.groovy)
	at com.kms.katalon.core.keyword.internal.KeywordMain.runKeyword(KeywordMain.groovy:75)
	at com.kms.katalon.core.keyword.builtin.CallTestCaseKeyword.callTestCase(CallTestCaseKeyword.groovy:81)
	at com.kms.katalon.core.keyword.builtin.CallTestCaseKeyword.execute(CallTestCaseKeyword.groovy:44)
	at com.kms.katalon.core.keyword.internal.KeywordExecutor.executeKeywordForPlatform(KeywordExecutor.groovy:74)
	at com.kms.katalon.core.keyword.BuiltinKeywords.callTestCase(BuiltinKeywords.groovy:310)
	at PBL-004.run(PBL-004:20)
	at com.kms.katalon.core.main.ScriptEngine.run(ScriptEngine.java:194)
	at com.kms.katalon.core.main.ScriptEngine.runScriptAsRawText(ScriptEngine.java:119)
	at com.kms.katalon.core.main.TestCaseExecutor.runScript(TestCaseExecutor.java:448)
	at com.kms.katalon.core.main.TestCaseExecutor.doExecute(TestCaseExecutor.java:439)
	at com.kms.katalon.core.main.TestCaseExecutor.processExecutionPhase(TestCaseExecutor.java:418)
	at com.kms.katalon.core.main.TestCaseExecutor.accessMainPhase(TestCaseExecutor.java:410)
	at com.kms.katalon.core.main.TestCaseExecutor.execute(TestCaseExecutor.java:285)
	at com.kms.katalon.core.main.TestCaseMain.runTestCase(TestCaseMain.java:144)
	at com.kms.katalon.core.keyword.builtin.CallTestCaseKeyword$_callTestCase_closure1.doCall(CallTestCaseKeyword.groovy:59)
	... 116 more
Caused by: com.kms.katalon.core.exception.StepFailedException: Call Test Case 'Test Cases/T13 Pembelian, Shipment dan Pembayaran/PBL-001' failed
	at com.kms.katalon.core.keyword.builtin.CallTestCaseKeyword$_callTestCase_closure1.doCall(CallTestCaseKeyword.groovy:63)
	at com.kms.katalon.core.keyword.builtin.CallTestCaseKeyword$_callTestCase_closure1.call(CallTestCaseKeyword.groovy)
	at com.kms.katalon.core.keyword.internal.KeywordMain.runKeyword(KeywordMain.groovy:75)
	at com.kms.katalon.core.keyword.builtin.CallTestCaseKeyword.callTestCase(CallTestCaseKeyword.groovy:81)
	at com.kms.katalon.core.keyword.builtin.CallTestCaseKeyword.execute(CallTestCaseKeyword.groovy:44)
	at com.kms.katalon.core.keyword.internal.KeywordExecutor.executeKeywordForPlatform(KeywordExecutor.groovy:74)
	at com.kms.katalon.core.keyword.BuiltinKeywords.callTestCase(BuiltinKeywords.groovy:310)
	at PBL-002.run(PBL-002:20)
	at com.kms.katalon.core.main.ScriptEngine.run(ScriptEngine.java:194)
	at com.kms.katalon.core.main.ScriptEngine.runScriptAsRawText(ScriptEngine.java:119)
	at com.kms.katalon.core.main.TestCaseExecutor.runScript(TestCaseExecutor.java:448)
	at com.kms.katalon.core.main.TestCaseExecutor.doExecute(TestCaseExecutor.java:439)
	at com.kms.katalon.core.main.TestCaseExecutor.processExecutionPhase(TestCaseExecutor.java:418)
	at com.kms.katalon.core.main.TestCaseExecutor.accessMainPhase(TestCaseExecutor.java:410)
	at com.kms.katalon.core.main.TestCaseExecutor.execute(TestCaseExecutor.java:285)
	at com.kms.katalon.core.main.TestCaseMain.runTestCase(TestCaseMain.java:144)
	at com.kms.katalon.core.keyword.builtin.CallTestCaseKeyword$_callTestCase_closure1.doCall(CallTestCaseKeyword.groovy:59)
	... 132 more
Caused by: Assertion failed: 

assert NamaSesudah.contains(NamaSebelum)
       |           |        |
       |           false    Segitiga Instan Madeira - MDB5.3 Sunse,..
       Segitiga Instan Madeira - MDB5.3 Sunset

	at PBL-001.run(PBL-001:39)
	at com.kms.katalon.core.main.ScriptEngine.run(ScriptEngine.java:194)
	at com.kms.katalon.core.main.ScriptEngine.runScriptAsRawText(ScriptEngine.java:119)
	at com.kms.katalon.core.main.TestCaseExecutor.runScript(TestCaseExecutor.java:448)
	at com.kms.katalon.core.main.TestCaseExecutor.doExecute(TestCaseExecutor.java:439)
	at com.kms.katalon.core.main.TestCaseExecutor.processExecutionPhase(TestCaseExecutor.java:418)
	at com.kms.katalon.core.main.TestCaseExecutor.accessMainPhase(TestCaseExecutor.java:410)
	at com.kms.katalon.core.main.TestCaseExecutor.execute(TestCaseExecutor.java:285)
	at com.kms.katalon.core.main.TestCaseMain.runTestCase(TestCaseMain.java:144)
	at com.kms.katalon.core.keyword.builtin.CallTestCaseKeyword$_callTestCase_closure1.doCall(CallTestCaseKeyword.groovy:59)
	... 148 more


2023-10-04 20:46:24 - [TEST_STEP][FAILED] - data = callTestCase(findTestCase("T13 Pembelian, Shipment dan Pembayaran/PBL-004"), ["Kurir":"Roda 2"], STOP_ON_FAILURE): Unable to call Test Case 'Test Cases/T13 Pembelian, Shipment dan Pembayaran/PBL-004' (Root cause: com.kms.katalon.core.exception.StepFailedException: Call Test Case 'Test Cases/T13 Pembelian, Shipment dan Pembayaran/PBL-004' failed
	at com.kms.katalon.core.keyword.builtin.CallTestCaseKeyword$_callTestCase_closure1.doCall(CallTestCaseKeyword.groovy:63)
	at com.kms.katalon.core.keyword.builtin.CallTestCaseKeyword$_callTestCase_closure1.call(CallTestCaseKeyword.groovy)
	at com.kms.katalon.core.keyword.internal.KeywordMain.runKeyword(KeywordMain.groovy:75)
	at com.kms.katalon.core.keyword.builtin.CallTestCaseKeyword.callTestCase(CallTestCaseKeyword.groovy:81)
	at com.kms.katalon.core.keyword.builtin.CallTestCaseKeyword.execute(CallTestCaseKeyword.groovy:44)
	at com.kms.katalon.core.keyword.internal.KeywordExecutor.executeKeywordForPlatform(KeywordExecutor.groovy:74)
	at com.kms.katalon.core.keyword.BuiltinKeywords.callTestCase(BuiltinKeywords.groovy:310)
	at PBY-001.run(PBY-001:20)
	at com.kms.katalon.core.main.ScriptEngine.run(ScriptEngine.java:194)
	at com.kms.katalon.core.main.ScriptEngine.runScriptAsRawText(ScriptEngine.java:119)
	at com.kms.katalon.core.main.TestCaseExecutor.runScript(TestCaseExecutor.java:448)
	at com.kms.katalon.core.main.TestCaseExecutor.doExecute(TestCaseExecutor.java:439)
	at com.kms.katalon.core.main.TestCaseExecutor.processExecutionPhase(TestCaseExecutor.java:418)
	at com.kms.katalon.core.main.TestCaseExecutor.accessMainPhase(TestCaseExecutor.java:410)
	at com.kms.katalon.core.main.TestCaseExecutor.execute(TestCaseExecutor.java:285)
	at com.kms.katalon.core.main.TestCaseMain.runTestCase(TestCaseMain.java:144)
	at com.kms.katalon.core.keyword.builtin.CallTestCaseKeyword$_callTestCase_closure1.doCall(CallTestCaseKeyword.groovy:59)
	at com.kms.katalon.core.keyword.builtin.CallTestCaseKeyword$_callTestCase_closure1.call(CallTestCaseKeyword.groovy)
	at com.kms.katalon.core.keyword.internal.KeywordMain.runKeyword(KeywordMain.groovy:75)
	at com.kms.katalon.core.keyword.builtin.CallTestCaseKeyword.callTestCase(CallTestCaseKeyword.groovy:81)
	at com.kms.katalon.core.keyword.builtin.CallTestCaseKeyword.execute(CallTestCaseKeyword.groovy:44)
	at com.kms.katalon.core.keyword.internal.KeywordExecutor.executeKeywordForPlatform(KeywordExecutor.groovy:74)
	at com.kms.katalon.core.keyword.BuiltinKeywords.callTestCase(BuiltinKeywords.groovy:310)
	at PBY-004.run(PBY-004:20)
	at com.kms.katalon.core.main.ScriptEngine.run(ScriptEngine.java:194)
	at com.kms.katalon.core.main.ScriptEngine.runScriptAsRawText(ScriptEngine.java:119)
	at com.kms.katalon.core.main.TestCaseExecutor.runScript(TestCaseExecutor.java:448)
	at com.kms.katalon.core.main.TestCaseExecutor.doExecute(TestCaseExecutor.java:439)
	at com.kms.katalon.core.main.TestCaseExecutor.processExecutionPhase(TestCaseExecutor.java:418)
	at com.kms.katalon.core.main.TestCaseExecutor.accessMainPhase(TestCaseExecutor.java:410)
	at com.kms.katalon.core.main.TestCaseExecutor.execute(TestCaseExecutor.java:285)
	at com.kms.katalon.core.main.TestCaseMain.runTestCase(TestCaseMain.java:144)
	at com.kms.katalon.core.keyword.builtin.CallTestCaseKeyword$_callTestCase_closure1.doCall(CallTestCaseKeyword.groovy:59)
	at com.kms.katalon.core.keyword.builtin.CallTestCaseKeyword$_callTestCase_closure1.call(CallTestCaseKeyword.groovy)
	at com.kms.katalon.core.keyword.internal.KeywordMain.runKeyword(KeywordMain.groovy:75)
	at com.kms.katalon.core.keyword.builtin.CallTestCaseKeyword.callTestCase(CallTestCaseKeyword.groovy:81)
	at com.kms.katalon.core.keyword.builtin.CallTestCaseKeyword.execute(CallTestCaseKeyword.groovy:44)
	at com.kms.katalon.core.keyword.internal.KeywordExecutor.executeKeywordForPlatform(KeywordExecutor.groovy:74)
	at com.kms.katalon.core.keyword.BuiltinKeywords.callTestCase(BuiltinKeywords.groovy:310)
	at PBYA-001.run(PBYA-001:20)
	at com.kms.katalon.core.main.ScriptEngine.run(ScriptEngine.java:194)
	at com.kms.katalon.core.main.ScriptEngine.runScriptAsRawText(ScriptEngine.java:119)
	at com.kms.katalon.core.main.TestCaseExecutor.runScript(TestCaseExecutor.java:448)
	at com.kms.katalon.core.main.TestCaseExecutor.doExecute(TestCaseExecutor.java:439)
	at com.kms.katalon.core.main.TestCaseExecutor.processExecutionPhase(TestCaseExecutor.java:418)
	at com.kms.katalon.core.main.TestCaseExecutor.accessMainPhase(TestCaseExecutor.java:410)
	at com.kms.katalon.core.main.TestCaseExecutor.execute(TestCaseExecutor.java:285)
	at com.kms.katalon.core.main.TestCaseMain.runTestCase(TestCaseMain.java:144)
	at com.kms.katalon.core.keyword.builtin.CallTestCaseKeyword$_callTestCase_closure1.doCall(CallTestCaseKeyword.groovy:59)
	at com.kms.katalon.core.keyword.builtin.CallTestCaseKeyword$_callTestCase_closure1.call(CallTestCaseKeyword.groovy)
	at com.kms.katalon.core.keyword.internal.KeywordMain.runKeyword(KeywordMain.groovy:75)
	at com.kms.katalon.core.keyword.builtin.CallTestCaseKeyword.callTestCase(CallTestCaseKeyword.groovy:81)
	at com.kms.katalon.core.keyword.builtin.CallTestCaseKeyword.execute(CallTestCaseKeyword.groovy:44)
	at com.kms.katalon.core.keyword.internal.KeywordExecutor.executeKeywordForPlatform(KeywordExecutor.groovy:74)
	at com.kms.katalon.core.keyword.BuiltinKeywords.callTestCase(BuiltinKeywords.groovy:310)
	at SA-001.run(SA-001:20)
	at com.kms.katalon.core.main.ScriptEngine.run(ScriptEngine.java:194)
	at com.kms.katalon.core.main.ScriptEngine.runScriptAsRawText(ScriptEngine.java:119)
	at com.kms.katalon.core.main.TestCaseExecutor.runScript(TestCaseExecutor.java:448)
	at com.kms.katalon.core.main.TestCaseExecutor.doExecute(TestCaseExecutor.java:439)
	at com.kms.katalon.core.main.TestCaseExecutor.processExecutionPhase(TestCaseExecutor.java:418)
	at com.kms.katalon.core.main.TestCaseExecutor.accessMainPhase(TestCaseExecutor.java:410)
	at com.kms.katalon.core.main.TestCaseExecutor.execute(TestCaseExecutor.java:285)
	at com.kms.katalon.core.main.TestCaseMain.runTestCase(TestCaseMain.java:144)
	at com.kms.katalon.core.keyword.builtin.CallTestCaseKeyword$_callTestCase_closure1.doCall(CallTestCaseKeyword.groovy:59)
	at com.kms.katalon.core.keyword.builtin.CallTestCaseKeyword$_callTestCase_closure1.call(CallTestCaseKeyword.groovy)
	at com.kms.katalon.core.keyword.internal.KeywordMain.runKeyword(KeywordMain.groovy:75)
	at com.kms.katalon.core.keyword.builtin.CallTestCaseKeyword.callTestCase(CallTestCaseKeyword.groovy:81)
	at com.kms.katalon.core.keyword.builtin.CallTestCaseKeyword.execute(CallTestCaseKeyword.groovy:44)
	at com.kms.katalon.core.keyword.internal.KeywordExecutor.executeKeywordForPlatform(KeywordExecutor.groovy:74)
	at com.kms.katalon.core.keyword.BuiltinKeywords.callTestCase(BuiltinKeywords.groovy:310)
	at SA-002.run(SA-002:20)
	at com.kms.katalon.core.main.ScriptEngine.run(ScriptEngine.java:194)
	at com.kms.katalon.core.main.ScriptEngine.runScriptAsRawText(ScriptEngine.java:119)
	at com.kms.katalon.core.main.TestCaseExecutor.runScript(TestCaseExecutor.java:448)
	at com.kms.katalon.core.main.TestCaseExecutor.doExecute(TestCaseExecutor.java:439)
	at com.kms.katalon.core.main.TestCaseExecutor.processExecutionPhase(TestCaseExecutor.java:418)
	at com.kms.katalon.core.main.TestCaseExecutor.accessMainPhase(TestCaseExecutor.java:410)
	at com.kms.katalon.core.main.TestCaseExecutor.execute(TestCaseExecutor.java:285)
	at com.kms.katalon.core.main.TestCaseMain.runTestCase(TestCaseMain.java:144)
	at com.kms.katalon.core.keyword.builtin.CallTestCaseKeyword$_callTestCase_closure1.doCall(CallTestCaseKeyword.groovy:59)
	at com.kms.katalon.core.keyword.builtin.CallTestCaseKeyword$_callTestCase_closure1.call(CallTestCaseKeyword.groovy)
	at com.kms.katalon.core.keyword.internal.KeywordMain.runKeyword(KeywordMain.groovy:75)
	at com.kms.katalon.core.keyword.builtin.CallTestCaseKeyword.callTestCase(CallTestCaseKeyword.groovy:81)
	at com.kms.katalon.core.keyword.builtin.CallTestCaseKeyword.execute(CallTestCaseKeyword.groovy:44)
	at com.kms.katalon.core.keyword.internal.KeywordExecutor.executeKeywordForPlatform(KeywordExecutor.groovy:74)
	at com.kms.katalon.core.keyword.BuiltinKeywords.callTestCase(BuiltinKeywords.groovy:310)
	at SA-006.run(SA-006:20)
	at com.kms.katalon.core.main.ScriptEngine.run(ScriptEngine.java:194)
	at com.kms.katalon.core.main.ScriptEngine.runScriptAsRawText(ScriptEngine.java:119)
	at com.kms.katalon.core.main.TestCaseExecutor.runScript(TestCaseExecutor.java:448)
	at com.kms.katalon.core.main.TestCaseExecutor.doExecute(TestCaseExecutor.java:439)
	at com.kms.katalon.core.main.TestCaseExecutor.processExecutionPhase(TestCaseExecutor.java:418)
	at com.kms.katalon.core.main.TestCaseExecutor.accessMainPhase(TestCaseExecutor.java:410)
	at com.kms.katalon.core.main.TestCaseExecutor.execute(TestCaseExecutor.java:285)
	at com.kms.katalon.core.main.TestCaseMain.runTestCase(TestCaseMain.java:144)
	at com.kms.katalon.core.keyword.builtin.CallTestCaseKeyword$_callTestCase_closure1.doCall(CallTestCaseKeyword.groovy:59)
	at com.kms.katalon.core.keyword.builtin.CallTestCaseKeyword$_callTestCase_closure1.call(CallTestCaseKeyword.groovy)
	at com.kms.katalon.core.keyword.internal.KeywordMain.runKeyword(KeywordMain.groovy:75)
	at com.kms.katalon.core.keyword.builtin.CallTestCaseKeyword.callTestCase(CallTestCaseKeyword.groovy:81)
	at com.kms.katalon.core.keyword.builtin.CallTestCaseKeyword.execute(CallTestCaseKeyword.groovy:44)
	at com.kms.katalon.core.keyword.internal.KeywordExecutor.executeKeywordForPlatform(KeywordExecutor.groovy:74)
	at com.kms.katalon.core.keyword.BuiltinKeywords.callTestCase(BuiltinKeywords.groovy:310)
	at SU-005.run(SU-005:20)
	at com.kms.katalon.core.main.ScriptEngine.run(ScriptEngine.java:194)
	at com.kms.katalon.core.main.ScriptEngine.runScriptAsRawText(ScriptEngine.java:119)
	at com.kms.katalon.core.main.TestCaseExecutor.runScript(TestCaseExecutor.java:448)
	at com.kms.katalon.core.main.TestCaseExecutor.doExecute(TestCaseExecutor.java:439)
	at com.kms.katalon.core.main.TestCaseExecutor.processExecutionPhase(TestCaseExecutor.java:418)
	at com.kms.katalon.core.main.TestCaseExecutor.accessMainPhase(TestCaseExecutor.java:410)
	at com.kms.katalon.core.main.TestCaseExecutor.execute(TestCaseExecutor.java:285)
	at com.kms.katalon.core.common.CommonExecutor.accessTestCaseMainPhase(CommonExecutor.java:65)
	at com.kms.katalon.core.main.TestSuiteExecutor.accessTestSuiteMainPhase(TestSuiteExecutor.java:148)
	at com.kms.katalon.core.main.TestSuiteExecutor.execute(TestSuiteExecutor.java:106)
	at com.kms.katalon.core.main.TestCaseMain.startTestSuite(TestCaseMain.java:187)
	at com.kms.katalon.core.main.TestCaseMain$startTestSuite$0.call(Unknown Source)
	at TempTestSuite1696424348948.run(TempTestSuite1696424348948.groovy:36)
Caused by: com.kms.katalon.core.exception.StepFailedException: Call Test Case 'Test Cases/T13 Pembelian, Shipment dan Pembayaran/PBL-002' failed
	at com.kms.katalon.core.keyword.builtin.CallTestCaseKeyword$_callTestCase_closure1.doCall(CallTestCaseKeyword.groovy:63)
	at com.kms.katalon.core.keyword.builtin.CallTestCaseKeyword$_callTestCase_closure1.call(CallTestCaseKeyword.groovy)
	at com.kms.katalon.core.keyword.internal.KeywordMain.runKeyword(KeywordMain.groovy:75)
	at com.kms.katalon.core.keyword.builtin.CallTestCaseKeyword.callTestCase(CallTestCaseKeyword.groovy:81)
	at com.kms.katalon.core.keyword.builtin.CallTestCaseKeyword.execute(CallTestCaseKeyword.groovy:44)
	at com.kms.katalon.core.keyword.internal.KeywordExecutor.executeKeywordForPlatform(KeywordExecutor.groovy:74)
	at com.kms.katalon.core.keyword.BuiltinKeywords.callTestCase(BuiltinKeywords.groovy:310)
	at PBL-004.run(PBL-004:20)
	at com.kms.katalon.core.main.ScriptEngine.run(ScriptEngine.java:194)
	at com.kms.katalon.core.main.ScriptEngine.runScriptAsRawText(ScriptEngine.java:119)
	at com.kms.katalon.core.main.TestCaseExecutor.runScript(TestCaseExecutor.java:448)
	at com.kms.katalon.core.main.TestCaseExecutor.doExecute(TestCaseExecutor.java:439)
	at com.kms.katalon.core.main.TestCaseExecutor.processExecutionPhase(TestCaseExecutor.java:418)
	at com.kms.katalon.core.main.TestCaseExecutor.accessMainPhase(TestCaseExecutor.java:410)
	at com.kms.katalon.core.main.TestCaseExecutor.execute(TestCaseExecutor.java:285)
	at com.kms.katalon.core.main.TestCaseMain.runTestCase(TestCaseMain.java:144)
	at com.kms.katalon.core.keyword.builtin.CallTestCaseKeyword$_callTestCase_closure1.doCall(CallTestCaseKeyword.groovy:59)
	... 116 more
Caused by: com.kms.katalon.core.exception.StepFailedException: Call Test Case 'Test Cases/T13 Pembelian, Shipment dan Pembayaran/PBL-001' failed
	at com.kms.katalon.core.keyword.builtin.CallTestCaseKeyword$_callTestCase_closure1.doCall(CallTestCaseKeyword.groovy:63)
	at com.kms.katalon.core.keyword.builtin.CallTestCaseKeyword$_callTestCase_closure1.call(CallTestCaseKeyword.groovy)
	at com.kms.katalon.core.keyword.internal.KeywordMain.runKeyword(KeywordMain.groovy:75)
	at com.kms.katalon.core.keyword.builtin.CallTestCaseKeyword.callTestCase(CallTestCaseKeyword.groovy:81)
	at com.kms.katalon.core.keyword.builtin.CallTestCaseKeyword.execute(CallTestCaseKeyword.groovy:44)
	at com.kms.katalon.core.keyword.internal.KeywordExecutor.executeKeywordForPlatform(KeywordExecutor.groovy:74)
	at com.kms.katalon.core.keyword.BuiltinKeywords.callTestCase(BuiltinKeywords.groovy:310)
	at PBL-002.run(PBL-002:20)
	at com.kms.katalon.core.main.ScriptEngine.run(ScriptEngine.java:194)
	at com.kms.katalon.core.main.ScriptEngine.runScriptAsRawText(ScriptEngine.java:119)
	at com.kms.katalon.core.main.TestCaseExecutor.runScript(TestCaseExecutor.java:448)
	at com.kms.katalon.core.main.TestCaseExecutor.doExecute(TestCaseExecutor.java:439)
	at com.kms.katalon.core.main.TestCaseExecutor.processExecutionPhase(TestCaseExecutor.java:418)
	at com.kms.katalon.core.main.TestCaseExecutor.accessMainPhase(TestCaseExecutor.java:410)
	at com.kms.katalon.core.main.TestCaseExecutor.execute(TestCaseExecutor.java:285)
	at com.kms.katalon.core.main.TestCaseMain.runTestCase(TestCaseMain.java:144)
	at com.kms.katalon.core.keyword.builtin.CallTestCaseKeyword$_callTestCase_closure1.doCall(CallTestCaseKeyword.groovy:59)
	... 132 more
Caused by: Assertion failed: 

assert NamaSesudah.contains(NamaSebelum)
       |           |        |
       |           false    Segitiga Instan Madeira - MDB5.3 Sunse,..
       Segitiga Instan Madeira - MDB5.3 Sunset

	at PBL-001.run(PBL-001:39)
	at com.kms.katalon.core.main.ScriptEngine.run(ScriptEngine.java:194)
	at com.kms.katalon.core.main.ScriptEngine.runScriptAsRawText(ScriptEngine.java:119)
	at com.kms.katalon.core.main.TestCaseExecutor.runScript(TestCaseExecutor.java:448)
	at com.kms.katalon.core.main.TestCaseExecutor.doExecute(TestCaseExecutor.java:439)
	at com.kms.katalon.core.main.TestCaseExecutor.processExecutionPhase(TestCaseExecutor.java:418)
	at com.kms.katalon.core.main.TestCaseExecutor.accessMainPhase(TestCaseExecutor.java:410)
	at com.kms.katalon.core.main.TestCaseExecutor.execute(TestCaseExecutor.java:285)
	at com.kms.katalon.core.main.TestCaseMain.runTestCase(TestCaseMain.java:144)
	at com.kms.katalon.core.keyword.builtin.CallTestCaseKeyword$_callTestCase_closure1.doCall(CallTestCaseKeyword.groovy:59)
	... 148 more
)

2023-10-04 20:46:24 - [TEST_CASE][FAILED] - Test Cases/T13 Pembelian, Shipment dan Pembayaran/PBL-004: Test Cases/T13 Pembelian, Shipment dan Pembayaran/PBL-004 FAILED.
Reason:
com.kms.katalon.core.exception.StepFailedException: Call Test Case 'Test Cases/T13 Pembelian, Shipment dan Pembayaran/PBL-002' failed
	at com.kms.katalon.core.keyword.builtin.CallTestCaseKeyword$_callTestCase_closure1.doCall(CallTestCaseKeyword.groovy:63)
	at com.kms.katalon.core.keyword.builtin.CallTestCaseKeyword$_callTestCase_closure1.call(CallTestCaseKeyword.groovy)
	at com.kms.katalon.core.keyword.internal.KeywordMain.runKeyword(KeywordMain.groovy:75)
	at com.kms.katalon.core.keyword.builtin.CallTestCaseKeyword.callTestCase(CallTestCaseKeyword.groovy:81)
	at com.kms.katalon.core.keyword.builtin.CallTestCaseKeyword.execute(CallTestCaseKeyword.groovy:44)
	at com.kms.katalon.core.keyword.internal.KeywordExecutor.executeKeywordForPlatform(KeywordExecutor.groovy:74)
	at com.kms.katalon.core.keyword.BuiltinKeywords.callTestCase(BuiltinKeywords.groovy:310)
	at PBL-004.run(PBL-004:20)
	at com.kms.katalon.core.main.ScriptEngine.run(ScriptEngine.java:194)
	at com.kms.katalon.core.main.ScriptEngine.runScriptAsRawText(ScriptEngine.java:119)
	at com.kms.katalon.core.main.TestCaseExecutor.runScript(TestCaseExecutor.java:448)
	at com.kms.katalon.core.main.TestCaseExecutor.doExecute(TestCaseExecutor.java:439)
	at com.kms.katalon.core.main.TestCaseExecutor.processExecutionPhase(TestCaseExecutor.java:418)
	at com.kms.katalon.core.main.TestCaseExecutor.accessMainPhase(TestCaseExecutor.java:410)
	at com.kms.katalon.core.main.TestCaseExecutor.execute(TestCaseExecutor.java:285)
	at com.kms.katalon.core.main.TestCaseMain.runTestCase(TestCaseMain.java:144)
	at com.kms.katalon.core.keyword.builtin.CallTestCaseKeyword$_callTestCase_closure1.doCall(CallTestCaseKeyword.groovy:59)
	at com.kms.katalon.core.keyword.builtin.CallTestCaseKeyword$_callTestCase_closure1.call(CallTestCaseKeyword.groovy)
	at com.kms.katalon.core.keyword.internal.KeywordMain.runKeyword(KeywordMain.groovy:75)
	at com.kms.katalon.core.keyword.builtin.CallTestCaseKeyword.callTestCase(CallTestCaseKeyword.groovy:81)
	at com.kms.katalon.core.keyword.builtin.CallTestCaseKeyword.execute(CallTestCaseKeyword.groovy:44)
	at com.kms.katalon.core.keyword.internal.KeywordExecutor.executeKeywordForPlatform(KeywordExecutor.groovy:74)
	at com.kms.katalon.core.keyword.BuiltinKeywords.callTestCase(BuiltinKeywords.groovy:310)
	at PBY-001.run(PBY-001:20)
	at com.kms.katalon.core.main.ScriptEngine.run(ScriptEngine.java:194)
	at com.kms.katalon.core.main.ScriptEngine.runScriptAsRawText(ScriptEngine.java:119)
	at com.kms.katalon.core.main.TestCaseExecutor.runScript(TestCaseExecutor.java:448)
	at com.kms.katalon.core.main.TestCaseExecutor.doExecute(TestCaseExecutor.java:439)
	at com.kms.katalon.core.main.TestCaseExecutor.processExecutionPhase(TestCaseExecutor.java:418)
	at com.kms.katalon.core.main.TestCaseExecutor.accessMainPhase(TestCaseExecutor.java:410)
	at com.kms.katalon.core.main.TestCaseExecutor.execute(TestCaseExecutor.java:285)
	at com.kms.katalon.core.main.TestCaseMain.runTestCase(TestCaseMain.java:144)
	at com.kms.katalon.core.keyword.builtin.CallTestCaseKeyword$_callTestCase_closure1.doCall(CallTestCaseKeyword.groovy:59)
	at com.kms.katalon.core.keyword.builtin.CallTestCaseKeyword$_callTestCase_closure1.call(CallTestCaseKeyword.groovy)
	at com.kms.katalon.core.keyword.internal.KeywordMain.runKeyword(KeywordMain.groovy:75)
	at com.kms.katalon.core.keyword.builtin.CallTestCaseKeyword.callTestCase(CallTestCaseKeyword.groovy:81)
	at com.kms.katalon.core.keyword.builtin.CallTestCaseKeyword.execute(CallTestCaseKeyword.groovy:44)
	at com.kms.katalon.core.keyword.internal.KeywordExecutor.executeKeywordForPlatform(KeywordExecutor.groovy:74)
	at com.kms.katalon.core.keyword.BuiltinKeywords.callTestCase(BuiltinKeywords.groovy:310)
	at PBY-004.run(PBY-004:20)
	at com.kms.katalon.core.main.ScriptEngine.run(ScriptEngine.java:194)
	at com.kms.katalon.core.main.ScriptEngine.runScriptAsRawText(ScriptEngine.java:119)
	at com.kms.katalon.core.main.TestCaseExecutor.runScript(TestCaseExecutor.java:448)
	at com.kms.katalon.core.main.TestCaseExecutor.doExecute(TestCaseExecutor.java:439)
	at com.kms.katalon.core.main.TestCaseExecutor.processExecutionPhase(TestCaseExecutor.java:418)
	at com.kms.katalon.core.main.TestCaseExecutor.accessMainPhase(TestCaseExecutor.java:410)
	at com.kms.katalon.core.main.TestCaseExecutor.execute(TestCaseExecutor.java:285)
	at com.kms.katalon.core.main.TestCaseMain.runTestCase(TestCaseMain.java:144)
	at com.kms.katalon.core.keyword.builtin.CallTestCaseKeyword$_callTestCase_closure1.doCall(CallTestCaseKeyword.groovy:59)
	at com.kms.katalon.core.keyword.builtin.CallTestCaseKeyword$_callTestCase_closure1.call(CallTestCaseKeyword.groovy)
	at com.kms.katalon.core.keyword.internal.KeywordMain.runKeyword(KeywordMain.groovy:75)
	at com.kms.katalon.core.keyword.builtin.CallTestCaseKeyword.callTestCase(CallTestCaseKeyword.groovy:81)
	at com.kms.katalon.core.keyword.builtin.CallTestCaseKeyword.execute(CallTestCaseKeyword.groovy:44)
	at com.kms.katalon.core.keyword.internal.KeywordExecutor.executeKeywordForPlatform(KeywordExecutor.groovy:74)
	at com.kms.katalon.core.keyword.BuiltinKeywords.callTestCase(BuiltinKeywords.groovy:310)
	at PBYA-001.run(PBYA-001:20)
	at com.kms.katalon.core.main.ScriptEngine.run(ScriptEngine.java:194)
	at com.kms.katalon.core.main.ScriptEngine.runScriptAsRawText(ScriptEngine.java:119)
	at com.kms.katalon.core.main.TestCaseExecutor.runScript(TestCaseExecutor.java:448)
	at com.kms.katalon.core.main.TestCaseExecutor.doExecute(TestCaseExecutor.java:439)
	at com.kms.katalon.core.main.TestCaseExecutor.processExecutionPhase(TestCaseExecutor.java:418)
	at com.kms.katalon.core.main.TestCaseExecutor.accessMainPhase(TestCaseExecutor.java:410)
	at com.kms.katalon.core.main.TestCaseExecutor.execute(TestCaseExecutor.java:285)
	at com.kms.katalon.core.main.TestCaseMain.runTestCase(TestCaseMain.java:144)
	at com.kms.katalon.core.keyword.builtin.CallTestCaseKeyword$_callTestCase_closure1.doCall(CallTestCaseKeyword.groovy:59)
	at com.kms.katalon.core.keyword.builtin.CallTestCaseKeyword$_callTestCase_closure1.call(CallTestCaseKeyword.groovy)
	at com.kms.katalon.core.keyword.internal.KeywordMain.runKeyword(KeywordMain.groovy:75)
	at com.kms.katalon.core.keyword.builtin.CallTestCaseKeyword.callTestCase(CallTestCaseKeyword.groovy:81)
	at com.kms.katalon.core.keyword.builtin.CallTestCaseKeyword.execute(CallTestCaseKeyword.groovy:44)
	at com.kms.katalon.core.keyword.internal.KeywordExecutor.executeKeywordForPlatform(KeywordExecutor.groovy:74)
	at com.kms.katalon.core.keyword.BuiltinKeywords.callTestCase(BuiltinKeywords.groovy:310)
	at SA-001.run(SA-001:20)
	at com.kms.katalon.core.main.ScriptEngine.run(ScriptEngine.java:194)
	at com.kms.katalon.core.main.ScriptEngine.runScriptAsRawText(ScriptEngine.java:119)
	at com.kms.katalon.core.main.TestCaseExecutor.runScript(TestCaseExecutor.java:448)
	at com.kms.katalon.core.main.TestCaseExecutor.doExecute(TestCaseExecutor.java:439)
	at com.kms.katalon.core.main.TestCaseExecutor.processExecutionPhase(TestCaseExecutor.java:418)
	at com.kms.katalon.core.main.TestCaseExecutor.accessMainPhase(TestCaseExecutor.java:410)
	at com.kms.katalon.core.main.TestCaseExecutor.execute(TestCaseExecutor.java:285)
	at com.kms.katalon.core.main.TestCaseMain.runTestCase(TestCaseMain.java:144)
	at com.kms.katalon.core.keyword.builtin.CallTestCaseKeyword$_callTestCase_closure1.doCall(CallTestCaseKeyword.groovy:59)
	at com.kms.katalon.core.keyword.builtin.CallTestCaseKeyword$_callTestCase_closure1.call(CallTestCaseKeyword.groovy)
	at com.kms.katalon.core.keyword.internal.KeywordMain.runKeyword(KeywordMain.groovy:75)
	at com.kms.katalon.core.keyword.builtin.CallTestCaseKeyword.callTestCase(CallTestCaseKeyword.groovy:81)
	at com.kms.katalon.core.keyword.builtin.CallTestCaseKeyword.execute(CallTestCaseKeyword.groovy:44)
	at com.kms.katalon.core.keyword.internal.KeywordExecutor.executeKeywordForPlatform(KeywordExecutor.groovy:74)
	at com.kms.katalon.core.keyword.BuiltinKeywords.callTestCase(BuiltinKeywords.groovy:310)
	at SA-002.run(SA-002:20)
	at com.kms.katalon.core.main.ScriptEngine.run(ScriptEngine.java:194)
	at com.kms.katalon.core.main.ScriptEngine.runScriptAsRawText(ScriptEngine.java:119)
	at com.kms.katalon.core.main.TestCaseExecutor.runScript(TestCaseExecutor.java:448)
	at com.kms.katalon.core.main.TestCaseExecutor.doExecute(TestCaseExecutor.java:439)
	at com.kms.katalon.core.main.TestCaseExecutor.processExecutionPhase(TestCaseExecutor.java:418)
	at com.kms.katalon.core.main.TestCaseExecutor.accessMainPhase(TestCaseExecutor.java:410)
	at com.kms.katalon.core.main.TestCaseExecutor.execute(TestCaseExecutor.java:285)
	at com.kms.katalon.core.main.TestCaseMain.runTestCase(TestCaseMain.java:144)
	at com.kms.katalon.core.keyword.builtin.CallTestCaseKeyword$_callTestCase_closure1.doCall(CallTestCaseKeyword.groovy:59)
	at com.kms.katalon.core.keyword.builtin.CallTestCaseKeyword$_callTestCase_closure1.call(CallTestCaseKeyword.groovy)
	at com.kms.katalon.core.keyword.internal.KeywordMain.runKeyword(KeywordMain.groovy:75)
	at com.kms.katalon.core.keyword.builtin.CallTestCaseKeyword.callTestCase(CallTestCaseKeyword.groovy:81)
	at com.kms.katalon.core.keyword.builtin.CallTestCaseKeyword.execute(CallTestCaseKeyword.groovy:44)
	at com.kms.katalon.core.keyword.internal.KeywordExecutor.executeKeywordForPlatform(KeywordExecutor.groovy:74)
	at com.kms.katalon.core.keyword.BuiltinKeywords.callTestCase(BuiltinKeywords.groovy:310)
	at SA-006.run(SA-006:20)
	at com.kms.katalon.core.main.ScriptEngine.run(ScriptEngine.java:194)
	at com.kms.katalon.core.main.ScriptEngine.runScriptAsRawText(ScriptEngine.java:119)
	at com.kms.katalon.core.main.TestCaseExecutor.runScript(TestCaseExecutor.java:448)
	at com.kms.katalon.core.main.TestCaseExecutor.doExecute(TestCaseExecutor.java:439)
	at com.kms.katalon.core.main.TestCaseExecutor.processExecutionPhase(TestCaseExecutor.java:418)
	at com.kms.katalon.core.main.TestCaseExecutor.accessMainPhase(TestCaseExecutor.java:410)
	at com.kms.katalon.core.main.TestCaseExecutor.execute(TestCaseExecutor.java:285)
	at com.kms.katalon.core.main.TestCaseMain.runTestCase(TestCaseMain.java:144)
	at com.kms.katalon.core.keyword.builtin.CallTestCaseKeyword$_callTestCase_closure1.doCall(CallTestCaseKeyword.groovy:59)
	at com.kms.katalon.core.keyword.builtin.CallTestCaseKeyword$_callTestCase_closure1.call(CallTestCaseKeyword.groovy)
	at com.kms.katalon.core.keyword.internal.KeywordMain.runKeyword(KeywordMain.groovy:75)
	at com.kms.katalon.core.keyword.builtin.CallTestCaseKeyword.callTestCase(CallTestCaseKeyword.groovy:81)
	at com.kms.katalon.core.keyword.builtin.CallTestCaseKeyword.execute(CallTestCaseKeyword.groovy:44)
	at com.kms.katalon.core.keyword.internal.KeywordExecutor.executeKeywordForPlatform(KeywordExecutor.groovy:74)
	at com.kms.katalon.core.keyword.BuiltinKeywords.callTestCase(BuiltinKeywords.groovy:310)
	at SU-005.run(SU-005:20)
	at com.kms.katalon.core.main.ScriptEngine.run(ScriptEngine.java:194)
	at com.kms.katalon.core.main.ScriptEngine.runScriptAsRawText(ScriptEngine.java:119)
	at com.kms.katalon.core.main.TestCaseExecutor.runScript(TestCaseExecutor.java:448)
	at com.kms.katalon.core.main.TestCaseExecutor.doExecute(TestCaseExecutor.java:439)
	at com.kms.katalon.core.main.TestCaseExecutor.processExecutionPhase(TestCaseExecutor.java:418)
	at com.kms.katalon.core.main.TestCaseExecutor.accessMainPhase(TestCaseExecutor.java:410)
	at com.kms.katalon.core.main.TestCaseExecutor.execute(TestCaseExecutor.java:285)
	at com.kms.katalon.core.common.CommonExecutor.accessTestCaseMainPhase(CommonExecutor.java:65)
	at com.kms.katalon.core.main.TestSuiteExecutor.accessTestSuiteMainPhase(TestSuiteExecutor.java:148)
	at com.kms.katalon.core.main.TestSuiteExecutor.execute(TestSuiteExecutor.java:106)
	at com.kms.katalon.core.main.TestCaseMain.startTestSuite(TestCaseMain.java:187)
	at com.kms.katalon.core.main.TestCaseMain$startTestSuite$0.call(Unknown Source)
	at TempTestSuite1696424348948.run(TempTestSuite1696424348948.groovy:36)
Caused by: com.kms.katalon.core.exception.StepFailedException: Call Test Case 'Test Cases/T13 Pembelian, Shipment dan Pembayaran/PBL-001' failed
	at com.kms.katalon.core.keyword.builtin.CallTestCaseKeyword$_callTestCase_closure1.doCall(CallTestCaseKeyword.groovy:63)
	at com.kms.katalon.core.keyword.builtin.CallTestCaseKeyword$_callTestCase_closure1.call(CallTestCaseKeyword.groovy)
	at com.kms.katalon.core.keyword.internal.KeywordMain.runKeyword(KeywordMain.groovy:75)
	at com.kms.katalon.core.keyword.builtin.CallTestCaseKeyword.callTestCase(CallTestCaseKeyword.groovy:81)
	at com.kms.katalon.core.keyword.builtin.CallTestCaseKeyword.execute(CallTestCaseKeyword.groovy:44)
	at com.kms.katalon.core.keyword.internal.KeywordExecutor.executeKeywordForPlatform(KeywordExecutor.groovy:74)
	at com.kms.katalon.core.keyword.BuiltinKeywords.callTestCase(BuiltinKeywords.groovy:310)
	at PBL-002.run(PBL-002:20)
	at com.kms.katalon.core.main.ScriptEngine.run(ScriptEngine.java:194)
	at com.kms.katalon.core.main.ScriptEngine.runScriptAsRawText(ScriptEngine.java:119)
	at com.kms.katalon.core.main.TestCaseExecutor.runScript(TestCaseExecutor.java:448)
	at com.kms.katalon.core.main.TestCaseExecutor.doExecute(TestCaseExecutor.java:439)
	at com.kms.katalon.core.main.TestCaseExecutor.processExecutionPhase(TestCaseExecutor.java:418)
	at com.kms.katalon.core.main.TestCaseExecutor.accessMainPhase(TestCaseExecutor.java:410)
	at com.kms.katalon.core.main.TestCaseExecutor.execute(TestCaseExecutor.java:285)
	at com.kms.katalon.core.main.TestCaseMain.runTestCase(TestCaseMain.java:144)
	at com.kms.katalon.core.keyword.builtin.CallTestCaseKeyword$_callTestCase_closure1.doCall(CallTestCaseKeyword.groovy:59)
	... 132 more
Caused by: Assertion failed: 

assert NamaSesudah.contains(NamaSebelum)
       |           |        |
       |           false    Segitiga Instan Madeira - MDB5.3 Sunse,..
       Segitiga Instan Madeira - MDB5.3 Sunset

	at PBL-001.run(PBL-001:39)
	at com.kms.katalon.core.main.ScriptEngine.run(ScriptEngine.java:194)
	at com.kms.katalon.core.main.ScriptEngine.runScriptAsRawText(ScriptEngine.java:119)
	at com.kms.katalon.core.main.TestCaseExecutor.runScript(TestCaseExecutor.java:448)
	at com.kms.katalon.core.main.TestCaseExecutor.doExecute(TestCaseExecutor.java:439)
	at com.kms.katalon.core.main.TestCaseExecutor.processExecutionPhase(TestCaseExecutor.java:418)
	at com.kms.katalon.core.main.TestCaseExecutor.accessMainPhase(TestCaseExecutor.java:410)
	at com.kms.katalon.core.main.TestCaseExecutor.execute(TestCaseExecutor.java:285)
	at com.kms.katalon.core.main.TestCaseMain.runTestCase(TestCaseMain.java:144)
	at com.kms.katalon.core.keyword.builtin.CallTestCaseKeyword$_callTestCase_closure1.doCall(CallTestCaseKeyword.groovy:59)
	... 148 more


2023-10-04 20:46:24 - [TEST_STEP][FAILED] - data = callTestCase(findTestCase("T13 Pembelian, Shipment dan Pembayaran/PBL-002"), [:], STOP_ON_FAILURE): Unable to call Test Case 'Test Cases/T13 Pembelian, Shipment dan Pembayaran/PBL-002' (Root cause: com.kms.katalon.core.exception.StepFailedException: Call Test Case 'Test Cases/T13 Pembelian, Shipment dan Pembayaran/PBL-002' failed
	at com.kms.katalon.core.keyword.builtin.CallTestCaseKeyword$_callTestCase_closure1.doCall(CallTestCaseKeyword.groovy:63)
	at com.kms.katalon.core.keyword.builtin.CallTestCaseKeyword$_callTestCase_closure1.call(CallTestCaseKeyword.groovy)
	at com.kms.katalon.core.keyword.internal.KeywordMain.runKeyword(KeywordMain.groovy:75)
	at com.kms.katalon.core.keyword.builtin.CallTestCaseKeyword.callTestCase(CallTestCaseKeyword.groovy:81)
	at com.kms.katalon.core.keyword.builtin.CallTestCaseKeyword.execute(CallTestCaseKeyword.groovy:44)
	at com.kms.katalon.core.keyword.internal.KeywordExecutor.executeKeywordForPlatform(KeywordExecutor.groovy:74)
	at com.kms.katalon.core.keyword.BuiltinKeywords.callTestCase(BuiltinKeywords.groovy:310)
	at PBL-004.run(PBL-004:20)
	at com.kms.katalon.core.main.ScriptEngine.run(ScriptEngine.java:194)
	at com.kms.katalon.core.main.ScriptEngine.runScriptAsRawText(ScriptEngine.java:119)
	at com.kms.katalon.core.main.TestCaseExecutor.runScript(TestCaseExecutor.java:448)
	at com.kms.katalon.core.main.TestCaseExecutor.doExecute(TestCaseExecutor.java:439)
	at com.kms.katalon.core.main.TestCaseExecutor.processExecutionPhase(TestCaseExecutor.java:418)
	at com.kms.katalon.core.main.TestCaseExecutor.accessMainPhase(TestCaseExecutor.java:410)
	at com.kms.katalon.core.main.TestCaseExecutor.execute(TestCaseExecutor.java:285)
	at com.kms.katalon.core.main.TestCaseMain.runTestCase(TestCaseMain.java:144)
	at com.kms.katalon.core.keyword.builtin.CallTestCaseKeyword$_callTestCase_closure1.doCall(CallTestCaseKeyword.groovy:59)
	at com.kms.katalon.core.keyword.builtin.CallTestCaseKeyword$_callTestCase_closure1.call(CallTestCaseKeyword.groovy)
	at com.kms.katalon.core.keyword.internal.KeywordMain.runKeyword(KeywordMain.groovy:75)
	at com.kms.katalon.core.keyword.builtin.CallTestCaseKeyword.callTestCase(CallTestCaseKeyword.groovy:81)
	at com.kms.katalon.core.keyword.builtin.CallTestCaseKeyword.execute(CallTestCaseKeyword.groovy:44)
	at com.kms.katalon.core.keyword.internal.KeywordExecutor.executeKeywordForPlatform(KeywordExecutor.groovy:74)
	at com.kms.katalon.core.keyword.BuiltinKeywords.callTestCase(BuiltinKeywords.groovy:310)
	at PBY-001.run(PBY-001:20)
	at com.kms.katalon.core.main.ScriptEngine.run(ScriptEngine.java:194)
	at com.kms.katalon.core.main.ScriptEngine.runScriptAsRawText(ScriptEngine.java:119)
	at com.kms.katalon.core.main.TestCaseExecutor.runScript(TestCaseExecutor.java:448)
	at com.kms.katalon.core.main.TestCaseExecutor.doExecute(TestCaseExecutor.java:439)
	at com.kms.katalon.core.main.TestCaseExecutor.processExecutionPhase(TestCaseExecutor.java:418)
	at com.kms.katalon.core.main.TestCaseExecutor.accessMainPhase(TestCaseExecutor.java:410)
	at com.kms.katalon.core.main.TestCaseExecutor.execute(TestCaseExecutor.java:285)
	at com.kms.katalon.core.main.TestCaseMain.runTestCase(TestCaseMain.java:144)
	at com.kms.katalon.core.keyword.builtin.CallTestCaseKeyword$_callTestCase_closure1.doCall(CallTestCaseKeyword.groovy:59)
	at com.kms.katalon.core.keyword.builtin.CallTestCaseKeyword$_callTestCase_closure1.call(CallTestCaseKeyword.groovy)
	at com.kms.katalon.core.keyword.internal.KeywordMain.runKeyword(KeywordMain.groovy:75)
	at com.kms.katalon.core.keyword.builtin.CallTestCaseKeyword.callTestCase(CallTestCaseKeyword.groovy:81)
	at com.kms.katalon.core.keyword.builtin.CallTestCaseKeyword.execute(CallTestCaseKeyword.groovy:44)
	at com.kms.katalon.core.keyword.internal.KeywordExecutor.executeKeywordForPlatform(KeywordExecutor.groovy:74)
	at com.kms.katalon.core.keyword.BuiltinKeywords.callTestCase(BuiltinKeywords.groovy:310)
	at PBY-004.run(PBY-004:20)
	at com.kms.katalon.core.main.ScriptEngine.run(ScriptEngine.java:194)
	at com.kms.katalon.core.main.ScriptEngine.runScriptAsRawText(ScriptEngine.java:119)
	at com.kms.katalon.core.main.TestCaseExecutor.runScript(TestCaseExecutor.java:448)
	at com.kms.katalon.core.main.TestCaseExecutor.doExecute(TestCaseExecutor.java:439)
	at com.kms.katalon.core.main.TestCaseExecutor.processExecutionPhase(TestCaseExecutor.java:418)
	at com.kms.katalon.core.main.TestCaseExecutor.accessMainPhase(TestCaseExecutor.java:410)
	at com.kms.katalon.core.main.TestCaseExecutor.execute(TestCaseExecutor.java:285)
	at com.kms.katalon.core.main.TestCaseMain.runTestCase(TestCaseMain.java:144)
	at com.kms.katalon.core.keyword.builtin.CallTestCaseKeyword$_callTestCase_closure1.doCall(CallTestCaseKeyword.groovy:59)
	at com.kms.katalon.core.keyword.builtin.CallTestCaseKeyword$_callTestCase_closure1.call(CallTestCaseKeyword.groovy)
	at com.kms.katalon.core.keyword.internal.KeywordMain.runKeyword(KeywordMain.groovy:75)
	at com.kms.katalon.core.keyword.builtin.CallTestCaseKeyword.callTestCase(CallTestCaseKeyword.groovy:81)
	at com.kms.katalon.core.keyword.builtin.CallTestCaseKeyword.execute(CallTestCaseKeyword.groovy:44)
	at com.kms.katalon.core.keyword.internal.KeywordExecutor.executeKeywordForPlatform(KeywordExecutor.groovy:74)
	at com.kms.katalon.core.keyword.BuiltinKeywords.callTestCase(BuiltinKeywords.groovy:310)
	at PBYA-001.run(PBYA-001:20)
	at com.kms.katalon.core.main.ScriptEngine.run(ScriptEngine.java:194)
	at com.kms.katalon.core.main.ScriptEngine.runScriptAsRawText(ScriptEngine.java:119)
	at com.kms.katalon.core.main.TestCaseExecutor.runScript(TestCaseExecutor.java:448)
	at com.kms.katalon.core.main.TestCaseExecutor.doExecute(TestCaseExecutor.java:439)
	at com.kms.katalon.core.main.TestCaseExecutor.processExecutionPhase(TestCaseExecutor.java:418)
	at com.kms.katalon.core.main.TestCaseExecutor.accessMainPhase(TestCaseExecutor.java:410)
	at com.kms.katalon.core.main.TestCaseExecutor.execute(TestCaseExecutor.java:285)
	at com.kms.katalon.core.main.TestCaseMain.runTestCase(TestCaseMain.java:144)
	at com.kms.katalon.core.keyword.builtin.CallTestCaseKeyword$_callTestCase_closure1.doCall(CallTestCaseKeyword.groovy:59)
	at com.kms.katalon.core.keyword.builtin.CallTestCaseKeyword$_callTestCase_closure1.call(CallTestCaseKeyword.groovy)
	at com.kms.katalon.core.keyword.internal.KeywordMain.runKeyword(KeywordMain.groovy:75)
	at com.kms.katalon.core.keyword.builtin.CallTestCaseKeyword.callTestCase(CallTestCaseKeyword.groovy:81)
	at com.kms.katalon.core.keyword.builtin.CallTestCaseKeyword.execute(CallTestCaseKeyword.groovy:44)
	at com.kms.katalon.core.keyword.internal.KeywordExecutor.executeKeywordForPlatform(KeywordExecutor.groovy:74)
	at com.kms.katalon.core.keyword.BuiltinKeywords.callTestCase(BuiltinKeywords.groovy:310)
	at SA-001.run(SA-001:20)
	at com.kms.katalon.core.main.ScriptEngine.run(ScriptEngine.java:194)
	at com.kms.katalon.core.main.ScriptEngine.runScriptAsRawText(ScriptEngine.java:119)
	at com.kms.katalon.core.main.TestCaseExecutor.runScript(TestCaseExecutor.java:448)
	at com.kms.katalon.core.main.TestCaseExecutor.doExecute(TestCaseExecutor.java:439)
	at com.kms.katalon.core.main.TestCaseExecutor.processExecutionPhase(TestCaseExecutor.java:418)
	at com.kms.katalon.core.main.TestCaseExecutor.accessMainPhase(TestCaseExecutor.java:410)
	at com.kms.katalon.core.main.TestCaseExecutor.execute(TestCaseExecutor.java:285)
	at com.kms.katalon.core.main.TestCaseMain.runTestCase(TestCaseMain.java:144)
	at com.kms.katalon.core.keyword.builtin.CallTestCaseKeyword$_callTestCase_closure1.doCall(CallTestCaseKeyword.groovy:59)
	at com.kms.katalon.core.keyword.builtin.CallTestCaseKeyword$_callTestCase_closure1.call(CallTestCaseKeyword.groovy)
	at com.kms.katalon.core.keyword.internal.KeywordMain.runKeyword(KeywordMain.groovy:75)
	at com.kms.katalon.core.keyword.builtin.CallTestCaseKeyword.callTestCase(CallTestCaseKeyword.groovy:81)
	at com.kms.katalon.core.keyword.builtin.CallTestCaseKeyword.execute(CallTestCaseKeyword.groovy:44)
	at com.kms.katalon.core.keyword.internal.KeywordExecutor.executeKeywordForPlatform(KeywordExecutor.groovy:74)
	at com.kms.katalon.core.keyword.BuiltinKeywords.callTestCase(BuiltinKeywords.groovy:310)
	at SA-002.run(SA-002:20)
	at com.kms.katalon.core.main.ScriptEngine.run(ScriptEngine.java:194)
	at com.kms.katalon.core.main.ScriptEngine.runScriptAsRawText(ScriptEngine.java:119)
	at com.kms.katalon.core.main.TestCaseExecutor.runScript(TestCaseExecutor.java:448)
	at com.kms.katalon.core.main.TestCaseExecutor.doExecute(TestCaseExecutor.java:439)
	at com.kms.katalon.core.main.TestCaseExecutor.processExecutionPhase(TestCaseExecutor.java:418)
	at com.kms.katalon.core.main.TestCaseExecutor.accessMainPhase(TestCaseExecutor.java:410)
	at com.kms.katalon.core.main.TestCaseExecutor.execute(TestCaseExecutor.java:285)
	at com.kms.katalon.core.main.TestCaseMain.runTestCase(TestCaseMain.java:144)
	at com.kms.katalon.core.keyword.builtin.CallTestCaseKeyword$_callTestCase_closure1.doCall(CallTestCaseKeyword.groovy:59)
	at com.kms.katalon.core.keyword.builtin.CallTestCaseKeyword$_callTestCase_closure1.call(CallTestCaseKeyword.groovy)
	at com.kms.katalon.core.keyword.internal.KeywordMain.runKeyword(KeywordMain.groovy:75)
	at com.kms.katalon.core.keyword.builtin.CallTestCaseKeyword.callTestCase(CallTestCaseKeyword.groovy:81)
	at com.kms.katalon.core.keyword.builtin.CallTestCaseKeyword.execute(CallTestCaseKeyword.groovy:44)
	at com.kms.katalon.core.keyword.internal.KeywordExecutor.executeKeywordForPlatform(KeywordExecutor.groovy:74)
	at com.kms.katalon.core.keyword.BuiltinKeywords.callTestCase(BuiltinKeywords.groovy:310)
	at SA-006.run(SA-006:20)
	at com.kms.katalon.core.main.ScriptEngine.run(ScriptEngine.java:194)
	at com.kms.katalon.core.main.ScriptEngine.runScriptAsRawText(ScriptEngine.java:119)
	at com.kms.katalon.core.main.TestCaseExecutor.runScript(TestCaseExecutor.java:448)
	at com.kms.katalon.core.main.TestCaseExecutor.doExecute(TestCaseExecutor.java:439)
	at com.kms.katalon.core.main.TestCaseExecutor.processExecutionPhase(TestCaseExecutor.java:418)
	at com.kms.katalon.core.main.TestCaseExecutor.accessMainPhase(TestCaseExecutor.java:410)
	at com.kms.katalon.core.main.TestCaseExecutor.execute(TestCaseExecutor.java:285)
	at com.kms.katalon.core.main.TestCaseMain.runTestCase(TestCaseMain.java:144)
	at com.kms.katalon.core.keyword.builtin.CallTestCaseKeyword$_callTestCase_closure1.doCall(CallTestCaseKeyword.groovy:59)
	at com.kms.katalon.core.keyword.builtin.CallTestCaseKeyword$_callTestCase_closure1.call(CallTestCaseKeyword.groovy)
	at com.kms.katalon.core.keyword.internal.KeywordMain.runKeyword(KeywordMain.groovy:75)
	at com.kms.katalon.core.keyword.builtin.CallTestCaseKeyword.callTestCase(CallTestCaseKeyword.groovy:81)
	at com.kms.katalon.core.keyword.builtin.CallTestCaseKeyword.execute(CallTestCaseKeyword.groovy:44)
	at com.kms.katalon.core.keyword.internal.KeywordExecutor.executeKeywordForPlatform(KeywordExecutor.groovy:74)
	at com.kms.katalon.core.keyword.BuiltinKeywords.callTestCase(BuiltinKeywords.groovy:310)
	at SU-005.run(SU-005:20)
	at com.kms.katalon.core.main.ScriptEngine.run(ScriptEngine.java:194)
	at com.kms.katalon.core.main.ScriptEngine.runScriptAsRawText(ScriptEngine.java:119)
	at com.kms.katalon.core.main.TestCaseExecutor.runScript(TestCaseExecutor.java:448)
	at com.kms.katalon.core.main.TestCaseExecutor.doExecute(TestCaseExecutor.java:439)
	at com.kms.katalon.core.main.TestCaseExecutor.processExecutionPhase(TestCaseExecutor.java:418)
	at com.kms.katalon.core.main.TestCaseExecutor.accessMainPhase(TestCaseExecutor.java:410)
	at com.kms.katalon.core.main.TestCaseExecutor.execute(TestCaseExecutor.java:285)
	at com.kms.katalon.core.common.CommonExecutor.accessTestCaseMainPhase(CommonExecutor.java:65)
	at com.kms.katalon.core.main.TestSuiteExecutor.accessTestSuiteMainPhase(TestSuiteExecutor.java:148)
	at com.kms.katalon.core.main.TestSuiteExecutor.execute(TestSuiteExecutor.java:106)
	at com.kms.katalon.core.main.TestCaseMain.startTestSuite(TestCaseMain.java:187)
	at com.kms.katalon.core.main.TestCaseMain$startTestSuite$0.call(Unknown Source)
	at TempTestSuite1696424348948.run(TempTestSuite1696424348948.groovy:36)
Caused by: com.kms.katalon.core.exception.StepFailedException: Call Test Case 'Test Cases/T13 Pembelian, Shipment dan Pembayaran/PBL-001' failed
	at com.kms.katalon.core.keyword.builtin.CallTestCaseKeyword$_callTestCase_closure1.doCall(CallTestCaseKeyword.groovy:63)
	at com.kms.katalon.core.keyword.builtin.CallTestCaseKeyword$_callTestCase_closure1.call(CallTestCaseKeyword.groovy)
	at com.kms.katalon.core.keyword.internal.KeywordMain.runKeyword(KeywordMain.groovy:75)
	at com.kms.katalon.core.keyword.builtin.CallTestCaseKeyword.callTestCase(CallTestCaseKeyword.groovy:81)
	at com.kms.katalon.core.keyword.builtin.CallTestCaseKeyword.execute(CallTestCaseKeyword.groovy:44)
	at com.kms.katalon.core.keyword.internal.KeywordExecutor.executeKeywordForPlatform(KeywordExecutor.groovy:74)
	at com.kms.katalon.core.keyword.BuiltinKeywords.callTestCase(BuiltinKeywords.groovy:310)
	at PBL-002.run(PBL-002:20)
	at com.kms.katalon.core.main.ScriptEngine.run(ScriptEngine.java:194)
	at com.kms.katalon.core.main.ScriptEngine.runScriptAsRawText(ScriptEngine.java:119)
	at com.kms.katalon.core.main.TestCaseExecutor.runScript(TestCaseExecutor.java:448)
	at com.kms.katalon.core.main.TestCaseExecutor.doExecute(TestCaseExecutor.java:439)
	at com.kms.katalon.core.main.TestCaseExecutor.processExecutionPhase(TestCaseExecutor.java:418)
	at com.kms.katalon.core.main.TestCaseExecutor.accessMainPhase(TestCaseExecutor.java:410)
	at com.kms.katalon.core.main.TestCaseExecutor.execute(TestCaseExecutor.java:285)
	at com.kms.katalon.core.main.TestCaseMain.runTestCase(TestCaseMain.java:144)
	at com.kms.katalon.core.keyword.builtin.CallTestCaseKeyword$_callTestCase_closure1.doCall(CallTestCaseKeyword.groovy:59)
	... 132 more
Caused by: Assertion failed: 

assert NamaSesudah.contains(NamaSebelum)
       |           |        |
       |           false    Segitiga Instan Madeira - MDB5.3 Sunse,..
       Segitiga Instan Madeira - MDB5.3 Sunset

	at PBL-001.run(PBL-001:39)
	at com.kms.katalon.core.main.ScriptEngine.run(ScriptEngine.java:194)
	at com.kms.katalon.core.main.ScriptEngine.runScriptAsRawText(ScriptEngine.java:119)
	at com.kms.katalon.core.main.TestCaseExecutor.runScript(TestCaseExecutor.java:448)
	at com.kms.katalon.core.main.TestCaseExecutor.doExecute(TestCaseExecutor.java:439)
	at com.kms.katalon.core.main.TestCaseExecutor.processExecutionPhase(TestCaseExecutor.java:418)
	at com.kms.katalon.core.main.TestCaseExecutor.accessMainPhase(TestCaseExecutor.java:410)
	at com.kms.katalon.core.main.TestCaseExecutor.execute(TestCaseExecutor.java:285)
	at com.kms.katalon.core.main.TestCaseMain.runTestCase(TestCaseMain.java:144)
	at com.kms.katalon.core.keyword.builtin.CallTestCaseKeyword$_callTestCase_closure1.doCall(CallTestCaseKeyword.groovy:59)
	... 148 more
)

2023-10-04 20:46:24 - [TEST_CASE][FAILED] - Test Cases/T13 Pembelian, Shipment dan Pembayaran/PBL-002: Test Cases/T13 Pembelian, Shipment dan Pembayaran/PBL-002 FAILED.
Reason:
com.kms.katalon.core.exception.StepFailedException: Call Test Case 'Test Cases/T13 Pembelian, Shipment dan Pembayaran/PBL-001' failed
	at com.kms.katalon.core.keyword.builtin.CallTestCaseKeyword$_callTestCase_closure1.doCall(CallTestCaseKeyword.groovy:63)
	at com.kms.katalon.core.keyword.builtin.CallTestCaseKeyword$_callTestCase_closure1.call(CallTestCaseKeyword.groovy)
	at com.kms.katalon.core.keyword.internal.KeywordMain.runKeyword(KeywordMain.groovy:75)
	at com.kms.katalon.core.keyword.builtin.CallTestCaseKeyword.callTestCase(CallTestCaseKeyword.groovy:81)
	at com.kms.katalon.core.keyword.builtin.CallTestCaseKeyword.execute(CallTestCaseKeyword.groovy:44)
	at com.kms.katalon.core.keyword.internal.KeywordExecutor.executeKeywordForPlatform(KeywordExecutor.groovy:74)
	at com.kms.katalon.core.keyword.BuiltinKeywords.callTestCase(BuiltinKeywords.groovy:310)
	at PBL-002.run(PBL-002:20)
	at com.kms.katalon.core.main.ScriptEngine.run(ScriptEngine.java:194)
	at com.kms.katalon.core.main.ScriptEngine.runScriptAsRawText(ScriptEngine.java:119)
	at com.kms.katalon.core.main.TestCaseExecutor.runScript(TestCaseExecutor.java:448)
	at com.kms.katalon.core.main.TestCaseExecutor.doExecute(TestCaseExecutor.java:439)
	at com.kms.katalon.core.main.TestCaseExecutor.processExecutionPhase(TestCaseExecutor.java:418)
	at com.kms.katalon.core.main.TestCaseExecutor.accessMainPhase(TestCaseExecutor.java:410)
	at com.kms.katalon.core.main.TestCaseExecutor.execute(TestCaseExecutor.java:285)
	at com.kms.katalon.core.main.TestCaseMain.runTestCase(TestCaseMain.java:144)
	at com.kms.katalon.core.keyword.builtin.CallTestCaseKeyword$_callTestCase_closure1.doCall(CallTestCaseKeyword.groovy:59)
	at com.kms.katalon.core.keyword.builtin.CallTestCaseKeyword$_callTestCase_closure1.call(CallTestCaseKeyword.groovy)
	at com.kms.katalon.core.keyword.internal.KeywordMain.runKeyword(KeywordMain.groovy:75)
	at com.kms.katalon.core.keyword.builtin.CallTestCaseKeyword.callTestCase(CallTestCaseKeyword.groovy:81)
	at com.kms.katalon.core.keyword.builtin.CallTestCaseKeyword.execute(CallTestCaseKeyword.groovy:44)
	at com.kms.katalon.core.keyword.internal.KeywordExecutor.executeKeywordForPlatform(KeywordExecutor.groovy:74)
	at com.kms.katalon.core.keyword.BuiltinKeywords.callTestCase(BuiltinKeywords.groovy:310)
	at PBL-004.run(PBL-004:20)
	at com.kms.katalon.core.main.ScriptEngine.run(ScriptEngine.java:194)
	at com.kms.katalon.core.main.ScriptEngine.runScriptAsRawText(ScriptEngine.java:119)
	at com.kms.katalon.core.main.TestCaseExecutor.runScript(TestCaseExecutor.java:448)
	at com.kms.katalon.core.main.TestCaseExecutor.doExecute(TestCaseExecutor.java:439)
	at com.kms.katalon.core.main.TestCaseExecutor.processExecutionPhase(TestCaseExecutor.java:418)
	at com.kms.katalon.core.main.TestCaseExecutor.accessMainPhase(TestCaseExecutor.java:410)
	at com.kms.katalon.core.main.TestCaseExecutor.execute(TestCaseExecutor.java:285)
	at com.kms.katalon.core.main.TestCaseMain.runTestCase(TestCaseMain.java:144)
	at com.kms.katalon.core.keyword.builtin.CallTestCaseKeyword$_callTestCase_closure1.doCall(CallTestCaseKeyword.groovy:59)
	at com.kms.katalon.core.keyword.builtin.CallTestCaseKeyword$_callTestCase_closure1.call(CallTestCaseKeyword.groovy)
	at com.kms.katalon.core.keyword.internal.KeywordMain.runKeyword(KeywordMain.groovy:75)
	at com.kms.katalon.core.keyword.builtin.CallTestCaseKeyword.callTestCase(CallTestCaseKeyword.groovy:81)
	at com.kms.katalon.core.keyword.builtin.CallTestCaseKeyword.execute(CallTestCaseKeyword.groovy:44)
	at com.kms.katalon.core.keyword.internal.KeywordExecutor.executeKeywordForPlatform(KeywordExecutor.groovy:74)
	at com.kms.katalon.core.keyword.BuiltinKeywords.callTestCase(BuiltinKeywords.groovy:310)
	at PBY-001.run(PBY-001:20)
	at com.kms.katalon.core.main.ScriptEngine.run(ScriptEngine.java:194)
	at com.kms.katalon.core.main.ScriptEngine.runScriptAsRawText(ScriptEngine.java:119)
	at com.kms.katalon.core.main.TestCaseExecutor.runScript(TestCaseExecutor.java:448)
	at com.kms.katalon.core.main.TestCaseExecutor.doExecute(TestCaseExecutor.java:439)
	at com.kms.katalon.core.main.TestCaseExecutor.processExecutionPhase(TestCaseExecutor.java:418)
	at com.kms.katalon.core.main.TestCaseExecutor.accessMainPhase(TestCaseExecutor.java:410)
	at com.kms.katalon.core.main.TestCaseExecutor.execute(TestCaseExecutor.java:285)
	at com.kms.katalon.core.main.TestCaseMain.runTestCase(TestCaseMain.java:144)
	at com.kms.katalon.core.keyword.builtin.CallTestCaseKeyword$_callTestCase_closure1.doCall(CallTestCaseKeyword.groovy:59)
	at com.kms.katalon.core.keyword.builtin.CallTestCaseKeyword$_callTestCase_closure1.call(CallTestCaseKeyword.groovy)
	at com.kms.katalon.core.keyword.internal.KeywordMain.runKeyword(KeywordMain.groovy:75)
	at com.kms.katalon.core.keyword.builtin.CallTestCaseKeyword.callTestCase(CallTestCaseKeyword.groovy:81)
	at com.kms.katalon.core.keyword.builtin.CallTestCaseKeyword.execute(CallTestCaseKeyword.groovy:44)
	at com.kms.katalon.core.keyword.internal.KeywordExecutor.executeKeywordForPlatform(KeywordExecutor.groovy:74)
	at com.kms.katalon.core.keyword.BuiltinKeywords.callTestCase(BuiltinKeywords.groovy:310)
	at PBY-004.run(PBY-004:20)
	at com.kms.katalon.core.main.ScriptEngine.run(ScriptEngine.java:194)
	at com.kms.katalon.core.main.ScriptEngine.runScriptAsRawText(ScriptEngine.java:119)
	at com.kms.katalon.core.main.TestCaseExecutor.runScript(TestCaseExecutor.java:448)
	at com.kms.katalon.core.main.TestCaseExecutor.doExecute(TestCaseExecutor.java:439)
	at com.kms.katalon.core.main.TestCaseExecutor.processExecutionPhase(TestCaseExecutor.java:418)
	at com.kms.katalon.core.main.TestCaseExecutor.accessMainPhase(TestCaseExecutor.java:410)
	at com.kms.katalon.core.main.TestCaseExecutor.execute(TestCaseExecutor.java:285)
	at com.kms.katalon.core.main.TestCaseMain.runTestCase(TestCaseMain.java:144)
	at com.kms.katalon.core.keyword.builtin.CallTestCaseKeyword$_callTestCase_closure1.doCall(CallTestCaseKeyword.groovy:59)
	at com.kms.katalon.core.keyword.builtin.CallTestCaseKeyword$_callTestCase_closure1.call(CallTestCaseKeyword.groovy)
	at com.kms.katalon.core.keyword.internal.KeywordMain.runKeyword(KeywordMain.groovy:75)
	at com.kms.katalon.core.keyword.builtin.CallTestCaseKeyword.callTestCase(CallTestCaseKeyword.groovy:81)
	at com.kms.katalon.core.keyword.builtin.CallTestCaseKeyword.execute(CallTestCaseKeyword.groovy:44)
	at com.kms.katalon.core.keyword.internal.KeywordExecutor.executeKeywordForPlatform(KeywordExecutor.groovy:74)
	at com.kms.katalon.core.keyword.BuiltinKeywords.callTestCase(BuiltinKeywords.groovy:310)
	at PBYA-001.run(PBYA-001:20)
	at com.kms.katalon.core.main.ScriptEngine.run(ScriptEngine.java:194)
	at com.kms.katalon.core.main.ScriptEngine.runScriptAsRawText(ScriptEngine.java:119)
	at com.kms.katalon.core.main.TestCaseExecutor.runScript(TestCaseExecutor.java:448)
	at com.kms.katalon.core.main.TestCaseExecutor.doExecute(TestCaseExecutor.java:439)
	at com.kms.katalon.core.main.TestCaseExecutor.processExecutionPhase(TestCaseExecutor.java:418)
	at com.kms.katalon.core.main.TestCaseExecutor.accessMainPhase(TestCaseExecutor.java:410)
	at com.kms.katalon.core.main.TestCaseExecutor.execute(TestCaseExecutor.java:285)
	at com.kms.katalon.core.main.TestCaseMain.runTestCase(TestCaseMain.java:144)
	at com.kms.katalon.core.keyword.builtin.CallTestCaseKeyword$_callTestCase_closure1.doCall(CallTestCaseKeyword.groovy:59)
	at com.kms.katalon.core.keyword.builtin.CallTestCaseKeyword$_callTestCase_closure1.call(CallTestCaseKeyword.groovy)
	at com.kms.katalon.core.keyword.internal.KeywordMain.runKeyword(KeywordMain.groovy:75)
	at com.kms.katalon.core.keyword.builtin.CallTestCaseKeyword.callTestCase(CallTestCaseKeyword.groovy:81)
	at com.kms.katalon.core.keyword.builtin.CallTestCaseKeyword.execute(CallTestCaseKeyword.groovy:44)
	at com.kms.katalon.core.keyword.internal.KeywordExecutor.executeKeywordForPlatform(KeywordExecutor.groovy:74)
	at com.kms.katalon.core.keyword.BuiltinKeywords.callTestCase(BuiltinKeywords.groovy:310)
	at SA-001.run(SA-001:20)
	at com.kms.katalon.core.main.ScriptEngine.run(ScriptEngine.java:194)
	at com.kms.katalon.core.main.ScriptEngine.runScriptAsRawText(ScriptEngine.java:119)
	at com.kms.katalon.core.main.TestCaseExecutor.runScript(TestCaseExecutor.java:448)
	at com.kms.katalon.core.main.TestCaseExecutor.doExecute(TestCaseExecutor.java:439)
	at com.kms.katalon.core.main.TestCaseExecutor.processExecutionPhase(TestCaseExecutor.java:418)
	at com.kms.katalon.core.main.TestCaseExecutor.accessMainPhase(TestCaseExecutor.java:410)
	at com.kms.katalon.core.main.TestCaseExecutor.execute(TestCaseExecutor.java:285)
	at com.kms.katalon.core.main.TestCaseMain.runTestCase(TestCaseMain.java:144)
	at com.kms.katalon.core.keyword.builtin.CallTestCaseKeyword$_callTestCase_closure1.doCall(CallTestCaseKeyword.groovy:59)
	at com.kms.katalon.core.keyword.builtin.CallTestCaseKeyword$_callTestCase_closure1.call(CallTestCaseKeyword.groovy)
	at com.kms.katalon.core.keyword.internal.KeywordMain.runKeyword(KeywordMain.groovy:75)
	at com.kms.katalon.core.keyword.builtin.CallTestCaseKeyword.callTestCase(CallTestCaseKeyword.groovy:81)
	at com.kms.katalon.core.keyword.builtin.CallTestCaseKeyword.execute(CallTestCaseKeyword.groovy:44)
	at com.kms.katalon.core.keyword.internal.KeywordExecutor.executeKeywordForPlatform(KeywordExecutor.groovy:74)
	at com.kms.katalon.core.keyword.BuiltinKeywords.callTestCase(BuiltinKeywords.groovy:310)
	at SA-002.run(SA-002:20)
	at com.kms.katalon.core.main.ScriptEngine.run(ScriptEngine.java:194)
	at com.kms.katalon.core.main.ScriptEngine.runScriptAsRawText(ScriptEngine.java:119)
	at com.kms.katalon.core.main.TestCaseExecutor.runScript(TestCaseExecutor.java:448)
	at com.kms.katalon.core.main.TestCaseExecutor.doExecute(TestCaseExecutor.java:439)
	at com.kms.katalon.core.main.TestCaseExecutor.processExecutionPhase(TestCaseExecutor.java:418)
	at com.kms.katalon.core.main.TestCaseExecutor.accessMainPhase(TestCaseExecutor.java:410)
	at com.kms.katalon.core.main.TestCaseExecutor.execute(TestCaseExecutor.java:285)
	at com.kms.katalon.core.main.TestCaseMain.runTestCase(TestCaseMain.java:144)
	at com.kms.katalon.core.keyword.builtin.CallTestCaseKeyword$_callTestCase_closure1.doCall(CallTestCaseKeyword.groovy:59)
	at com.kms.katalon.core.keyword.builtin.CallTestCaseKeyword$_callTestCase_closure1.call(CallTestCaseKeyword.groovy)
	at com.kms.katalon.core.keyword.internal.KeywordMain.runKeyword(KeywordMain.groovy:75)
	at com.kms.katalon.core.keyword.builtin.CallTestCaseKeyword.callTestCase(CallTestCaseKeyword.groovy:81)
	at com.kms.katalon.core.keyword.builtin.CallTestCaseKeyword.execute(CallTestCaseKeyword.groovy:44)
	at com.kms.katalon.core.keyword.internal.KeywordExecutor.executeKeywordForPlatform(KeywordExecutor.groovy:74)
	at com.kms.katalon.core.keyword.BuiltinKeywords.callTestCase(BuiltinKeywords.groovy:310)
	at SA-006.run(SA-006:20)
	at com.kms.katalon.core.main.ScriptEngine.run(ScriptEngine.java:194)
	at com.kms.katalon.core.main.ScriptEngine.runScriptAsRawText(ScriptEngine.java:119)
	at com.kms.katalon.core.main.TestCaseExecutor.runScript(TestCaseExecutor.java:448)
	at com.kms.katalon.core.main.TestCaseExecutor.doExecute(TestCaseExecutor.java:439)
	at com.kms.katalon.core.main.TestCaseExecutor.processExecutionPhase(TestCaseExecutor.java:418)
	at com.kms.katalon.core.main.TestCaseExecutor.accessMainPhase(TestCaseExecutor.java:410)
	at com.kms.katalon.core.main.TestCaseExecutor.execute(TestCaseExecutor.java:285)
	at com.kms.katalon.core.main.TestCaseMain.runTestCase(TestCaseMain.java:144)
	at com.kms.katalon.core.keyword.builtin.CallTestCaseKeyword$_callTestCase_closure1.doCall(CallTestCaseKeyword.groovy:59)
	at com.kms.katalon.core.keyword.builtin.CallTestCaseKeyword$_callTestCase_closure1.call(CallTestCaseKeyword.groovy)
	at com.kms.katalon.core.keyword.internal.KeywordMain.runKeyword(KeywordMain.groovy:75)
	at com.kms.katalon.core.keyword.builtin.CallTestCaseKeyword.callTestCase(CallTestCaseKeyword.groovy:81)
	at com.kms.katalon.core.keyword.builtin.CallTestCaseKeyword.execute(CallTestCaseKeyword.groovy:44)
	at com.kms.katalon.core.keyword.internal.KeywordExecutor.executeKeywordForPlatform(KeywordExecutor.groovy:74)
	at com.kms.katalon.core.keyword.BuiltinKeywords.callTestCase(BuiltinKeywords.groovy:310)
	at SU-005.run(SU-005:20)
	at com.kms.katalon.core.main.ScriptEngine.run(ScriptEngine.java:194)
	at com.kms.katalon.core.main.ScriptEngine.runScriptAsRawText(ScriptEngine.java:119)
	at com.kms.katalon.core.main.TestCaseExecutor.runScript(TestCaseExecutor.java:448)
	at com.kms.katalon.core.main.TestCaseExecutor.doExecute(TestCaseExecutor.java:439)
	at com.kms.katalon.core.main.TestCaseExecutor.processExecutionPhase(TestCaseExecutor.java:418)
	at com.kms.katalon.core.main.TestCaseExecutor.accessMainPhase(TestCaseExecutor.java:410)
	at com.kms.katalon.core.main.TestCaseExecutor.execute(TestCaseExecutor.java:285)
	at com.kms.katalon.core.common.CommonExecutor.accessTestCaseMainPhase(CommonExecutor.java:65)
	at com.kms.katalon.core.main.TestSuiteExecutor.accessTestSuiteMainPhase(TestSuiteExecutor.java:148)
	at com.kms.katalon.core.main.TestSuiteExecutor.execute(TestSuiteExecutor.java:106)
	at com.kms.katalon.core.main.TestCaseMain.startTestSuite(TestCaseMain.java:187)
	at com.kms.katalon.core.main.TestCaseMain$startTestSuite$0.call(Unknown Source)
	at TempTestSuite1696424348948.run(TempTestSuite1696424348948.groovy:36)
Caused by: Assertion failed: 

assert NamaSesudah.contains(NamaSebelum)
       |           |        |
       |           false    Segitiga Instan Madeira - MDB5.3 Sunse,..
       Segitiga Instan Madeira - MDB5.3 Sunset

	at PBL-001.run(PBL-001:39)
	at com.kms.katalon.core.main.ScriptEngine.run(ScriptEngine.java:194)
	at com.kms.katalon.core.main.ScriptEngine.runScriptAsRawText(ScriptEngine.java:119)
	at com.kms.katalon.core.main.TestCaseExecutor.runScript(TestCaseExecutor.java:448)
	at com.kms.katalon.core.main.TestCaseExecutor.doExecute(TestCaseExecutor.java:439)
	at com.kms.katalon.core.main.TestCaseExecutor.processExecutionPhase(TestCaseExecutor.java:418)
	at com.kms.katalon.core.main.TestCaseExecutor.accessMainPhase(TestCaseExecutor.java:410)
	at com.kms.katalon.core.main.TestCaseExecutor.execute(TestCaseExecutor.java:285)
	at com.kms.katalon.core.main.TestCaseMain.runTestCase(TestCaseMain.java:144)
	at com.kms.katalon.core.keyword.builtin.CallTestCaseKeyword$_callTestCase_closure1.doCall(CallTestCaseKeyword.groovy:59)
	... 148 more


2023-10-04 20:46:24 - [TEST_STEP][FAILED] - data = callTestCase(findTestCase("T13 Pembelian, Shipment dan Pembayaran/PBL-001"), [:], STOP_ON_FAILURE): Unable to call Test Case 'Test Cases/T13 Pembelian, Shipment dan Pembayaran/PBL-001' (Root cause: com.kms.katalon.core.exception.StepFailedException: Call Test Case 'Test Cases/T13 Pembelian, Shipment dan Pembayaran/PBL-001' failed
	at com.kms.katalon.core.keyword.builtin.CallTestCaseKeyword$_callTestCase_closure1.doCall(CallTestCaseKeyword.groovy:63)
	at com.kms.katalon.core.keyword.builtin.CallTestCaseKeyword$_callTestCase_closure1.call(CallTestCaseKeyword.groovy)
	at com.kms.katalon.core.keyword.internal.KeywordMain.runKeyword(KeywordMain.groovy:75)
	at com.kms.katalon.core.keyword.builtin.CallTestCaseKeyword.callTestCase(CallTestCaseKeyword.groovy:81)
	at com.kms.katalon.core.keyword.builtin.CallTestCaseKeyword.execute(CallTestCaseKeyword.groovy:44)
	at com.kms.katalon.core.keyword.internal.KeywordExecutor.executeKeywordForPlatform(KeywordExecutor.groovy:74)
	at com.kms.katalon.core.keyword.BuiltinKeywords.callTestCase(BuiltinKeywords.groovy:310)
	at PBL-002.run(PBL-002:20)
	at com.kms.katalon.core.main.ScriptEngine.run(ScriptEngine.java:194)
	at com.kms.katalon.core.main.ScriptEngine.runScriptAsRawText(ScriptEngine.java:119)
	at com.kms.katalon.core.main.TestCaseExecutor.runScript(TestCaseExecutor.java:448)
	at com.kms.katalon.core.main.TestCaseExecutor.doExecute(TestCaseExecutor.java:439)
	at com.kms.katalon.core.main.TestCaseExecutor.processExecutionPhase(TestCaseExecutor.java:418)
	at com.kms.katalon.core.main.TestCaseExecutor.accessMainPhase(TestCaseExecutor.java:410)
	at com.kms.katalon.core.main.TestCaseExecutor.execute(TestCaseExecutor.java:285)
	at com.kms.katalon.core.main.TestCaseMain.runTestCase(TestCaseMain.java:144)
	at com.kms.katalon.core.keyword.builtin.CallTestCaseKeyword$_callTestCase_closure1.doCall(CallTestCaseKeyword.groovy:59)
	at com.kms.katalon.core.keyword.builtin.CallTestCaseKeyword$_callTestCase_closure1.call(CallTestCaseKeyword.groovy)
	at com.kms.katalon.core.keyword.internal.KeywordMain.runKeyword(KeywordMain.groovy:75)
	at com.kms.katalon.core.keyword.builtin.CallTestCaseKeyword.callTestCase(CallTestCaseKeyword.groovy:81)
	at com.kms.katalon.core.keyword.builtin.CallTestCaseKeyword.execute(CallTestCaseKeyword.groovy:44)
	at com.kms.katalon.core.keyword.internal.KeywordExecutor.executeKeywordForPlatform(KeywordExecutor.groovy:74)
	at com.kms.katalon.core.keyword.BuiltinKeywords.callTestCase(BuiltinKeywords.groovy:310)
	at PBL-004.run(PBL-004:20)
	at com.kms.katalon.core.main.ScriptEngine.run(ScriptEngine.java:194)
	at com.kms.katalon.core.main.ScriptEngine.runScriptAsRawText(ScriptEngine.java:119)
	at com.kms.katalon.core.main.TestCaseExecutor.runScript(TestCaseExecutor.java:448)
	at com.kms.katalon.core.main.TestCaseExecutor.doExecute(TestCaseExecutor.java:439)
	at com.kms.katalon.core.main.TestCaseExecutor.processExecutionPhase(TestCaseExecutor.java:418)
	at com.kms.katalon.core.main.TestCaseExecutor.accessMainPhase(TestCaseExecutor.java:410)
	at com.kms.katalon.core.main.TestCaseExecutor.execute(TestCaseExecutor.java:285)
	at com.kms.katalon.core.main.TestCaseMain.runTestCase(TestCaseMain.java:144)
	at com.kms.katalon.core.keyword.builtin.CallTestCaseKeyword$_callTestCase_closure1.doCall(CallTestCaseKeyword.groovy:59)
	at com.kms.katalon.core.keyword.builtin.CallTestCaseKeyword$_callTestCase_closure1.call(CallTestCaseKeyword.groovy)
	at com.kms.katalon.core.keyword.internal.KeywordMain.runKeyword(KeywordMain.groovy:75)
	at com.kms.katalon.core.keyword.builtin.CallTestCaseKeyword.callTestCase(CallTestCaseKeyword.groovy:81)
	at com.kms.katalon.core.keyword.builtin.CallTestCaseKeyword.execute(CallTestCaseKeyword.groovy:44)
	at com.kms.katalon.core.keyword.internal.KeywordExecutor.executeKeywordForPlatform(KeywordExecutor.groovy:74)
	at com.kms.katalon.core.keyword.BuiltinKeywords.callTestCase(BuiltinKeywords.groovy:310)
	at PBY-001.run(PBY-001:20)
	at com.kms.katalon.core.main.ScriptEngine.run(ScriptEngine.java:194)
	at com.kms.katalon.core.main.ScriptEngine.runScriptAsRawText(ScriptEngine.java:119)
	at com.kms.katalon.core.main.TestCaseExecutor.runScript(TestCaseExecutor.java:448)
	at com.kms.katalon.core.main.TestCaseExecutor.doExecute(TestCaseExecutor.java:439)
	at com.kms.katalon.core.main.TestCaseExecutor.processExecutionPhase(TestCaseExecutor.java:418)
	at com.kms.katalon.core.main.TestCaseExecutor.accessMainPhase(TestCaseExecutor.java:410)
	at com.kms.katalon.core.main.TestCaseExecutor.execute(TestCaseExecutor.java:285)
	at com.kms.katalon.core.main.TestCaseMain.runTestCase(TestCaseMain.java:144)
	at com.kms.katalon.core.keyword.builtin.CallTestCaseKeyword$_callTestCase_closure1.doCall(CallTestCaseKeyword.groovy:59)
	at com.kms.katalon.core.keyword.builtin.CallTestCaseKeyword$_callTestCase_closure1.call(CallTestCaseKeyword.groovy)
	at com.kms.katalon.core.keyword.internal.KeywordMain.runKeyword(KeywordMain.groovy:75)
	at com.kms.katalon.core.keyword.builtin.CallTestCaseKeyword.callTestCase(CallTestCaseKeyword.groovy:81)
	at com.kms.katalon.core.keyword.builtin.CallTestCaseKeyword.execute(CallTestCaseKeyword.groovy:44)
	at com.kms.katalon.core.keyword.internal.KeywordExecutor.executeKeywordForPlatform(KeywordExecutor.groovy:74)
	at com.kms.katalon.core.keyword.BuiltinKeywords.callTestCase(BuiltinKeywords.groovy:310)
	at PBY-004.run(PBY-004:20)
	at com.kms.katalon.core.main.ScriptEngine.run(ScriptEngine.java:194)
	at com.kms.katalon.core.main.ScriptEngine.runScriptAsRawText(ScriptEngine.java:119)
	at com.kms.katalon.core.main.TestCaseExecutor.runScript(TestCaseExecutor.java:448)
	at com.kms.katalon.core.main.TestCaseExecutor.doExecute(TestCaseExecutor.java:439)
	at com.kms.katalon.core.main.TestCaseExecutor.processExecutionPhase(TestCaseExecutor.java:418)
	at com.kms.katalon.core.main.TestCaseExecutor.accessMainPhase(TestCaseExecutor.java:410)
	at com.kms.katalon.core.main.TestCaseExecutor.execute(TestCaseExecutor.java:285)
	at com.kms.katalon.core.main.TestCaseMain.runTestCase(TestCaseMain.java:144)
	at com.kms.katalon.core.keyword.builtin.CallTestCaseKeyword$_callTestCase_closure1.doCall(CallTestCaseKeyword.groovy:59)
	at com.kms.katalon.core.keyword.builtin.CallTestCaseKeyword$_callTestCase_closure1.call(CallTestCaseKeyword.groovy)
	at com.kms.katalon.core.keyword.internal.KeywordMain.runKeyword(KeywordMain.groovy:75)
	at com.kms.katalon.core.keyword.builtin.CallTestCaseKeyword.callTestCase(CallTestCaseKeyword.groovy:81)
	at com.kms.katalon.core.keyword.builtin.CallTestCaseKeyword.execute(CallTestCaseKeyword.groovy:44)
	at com.kms.katalon.core.keyword.internal.KeywordExecutor.executeKeywordForPlatform(KeywordExecutor.groovy:74)
	at com.kms.katalon.core.keyword.BuiltinKeywords.callTestCase(BuiltinKeywords.groovy:310)
	at PBYA-001.run(PBYA-001:20)
	at com.kms.katalon.core.main.ScriptEngine.run(ScriptEngine.java:194)
	at com.kms.katalon.core.main.ScriptEngine.runScriptAsRawText(ScriptEngine.java:119)
	at com.kms.katalon.core.main.TestCaseExecutor.runScript(TestCaseExecutor.java:448)
	at com.kms.katalon.core.main.TestCaseExecutor.doExecute(TestCaseExecutor.java:439)
	at com.kms.katalon.core.main.TestCaseExecutor.processExecutionPhase(TestCaseExecutor.java:418)
	at com.kms.katalon.core.main.TestCaseExecutor.accessMainPhase(TestCaseExecutor.java:410)
	at com.kms.katalon.core.main.TestCaseExecutor.execute(TestCaseExecutor.java:285)
	at com.kms.katalon.core.main.TestCaseMain.runTestCase(TestCaseMain.java:144)
	at com.kms.katalon.core.keyword.builtin.CallTestCaseKeyword$_callTestCase_closure1.doCall(CallTestCaseKeyword.groovy:59)
	at com.kms.katalon.core.keyword.builtin.CallTestCaseKeyword$_callTestCase_closure1.call(CallTestCaseKeyword.groovy)
	at com.kms.katalon.core.keyword.internal.KeywordMain.runKeyword(KeywordMain.groovy:75)
	at com.kms.katalon.core.keyword.builtin.CallTestCaseKeyword.callTestCase(CallTestCaseKeyword.groovy:81)
	at com.kms.katalon.core.keyword.builtin.CallTestCaseKeyword.execute(CallTestCaseKeyword.groovy:44)
	at com.kms.katalon.core.keyword.internal.KeywordExecutor.executeKeywordForPlatform(KeywordExecutor.groovy:74)
	at com.kms.katalon.core.keyword.BuiltinKeywords.callTestCase(BuiltinKeywords.groovy:310)
	at SA-001.run(SA-001:20)
	at com.kms.katalon.core.main.ScriptEngine.run(ScriptEngine.java:194)
	at com.kms.katalon.core.main.ScriptEngine.runScriptAsRawText(ScriptEngine.java:119)
	at com.kms.katalon.core.main.TestCaseExecutor.runScript(TestCaseExecutor.java:448)
	at com.kms.katalon.core.main.TestCaseExecutor.doExecute(TestCaseExecutor.java:439)
	at com.kms.katalon.core.main.TestCaseExecutor.processExecutionPhase(TestCaseExecutor.java:418)
	at com.kms.katalon.core.main.TestCaseExecutor.accessMainPhase(TestCaseExecutor.java:410)
	at com.kms.katalon.core.main.TestCaseExecutor.execute(TestCaseExecutor.java:285)
	at com.kms.katalon.core.main.TestCaseMain.runTestCase(TestCaseMain.java:144)
	at com.kms.katalon.core.keyword.builtin.CallTestCaseKeyword$_callTestCase_closure1.doCall(CallTestCaseKeyword.groovy:59)
	at com.kms.katalon.core.keyword.builtin.CallTestCaseKeyword$_callTestCase_closure1.call(CallTestCaseKeyword.groovy)
	at com.kms.katalon.core.keyword.internal.KeywordMain.runKeyword(KeywordMain.groovy:75)
	at com.kms.katalon.core.keyword.builtin.CallTestCaseKeyword.callTestCase(CallTestCaseKeyword.groovy:81)
	at com.kms.katalon.core.keyword.builtin.CallTestCaseKeyword.execute(CallTestCaseKeyword.groovy:44)
	at com.kms.katalon.core.keyword.internal.KeywordExecutor.executeKeywordForPlatform(KeywordExecutor.groovy:74)
	at com.kms.katalon.core.keyword.BuiltinKeywords.callTestCase(BuiltinKeywords.groovy:310)
	at SA-002.run(SA-002:20)
	at com.kms.katalon.core.main.ScriptEngine.run(ScriptEngine.java:194)
	at com.kms.katalon.core.main.ScriptEngine.runScriptAsRawText(ScriptEngine.java:119)
	at com.kms.katalon.core.main.TestCaseExecutor.runScript(TestCaseExecutor.java:448)
	at com.kms.katalon.core.main.TestCaseExecutor.doExecute(TestCaseExecutor.java:439)
	at com.kms.katalon.core.main.TestCaseExecutor.processExecutionPhase(TestCaseExecutor.java:418)
	at com.kms.katalon.core.main.TestCaseExecutor.accessMainPhase(TestCaseExecutor.java:410)
	at com.kms.katalon.core.main.TestCaseExecutor.execute(TestCaseExecutor.java:285)
	at com.kms.katalon.core.main.TestCaseMain.runTestCase(TestCaseMain.java:144)
	at com.kms.katalon.core.keyword.builtin.CallTestCaseKeyword$_callTestCase_closure1.doCall(CallTestCaseKeyword.groovy:59)
	at com.kms.katalon.core.keyword.builtin.CallTestCaseKeyword$_callTestCase_closure1.call(CallTestCaseKeyword.groovy)
	at com.kms.katalon.core.keyword.internal.KeywordMain.runKeyword(KeywordMain.groovy:75)
	at com.kms.katalon.core.keyword.builtin.CallTestCaseKeyword.callTestCase(CallTestCaseKeyword.groovy:81)
	at com.kms.katalon.core.keyword.builtin.CallTestCaseKeyword.execute(CallTestCaseKeyword.groovy:44)
	at com.kms.katalon.core.keyword.internal.KeywordExecutor.executeKeywordForPlatform(KeywordExecutor.groovy:74)
	at com.kms.katalon.core.keyword.BuiltinKeywords.callTestCase(BuiltinKeywords.groovy:310)
	at SA-006.run(SA-006:20)
	at com.kms.katalon.core.main.ScriptEngine.run(ScriptEngine.java:194)
	at com.kms.katalon.core.main.ScriptEngine.runScriptAsRawText(ScriptEngine.java:119)
	at com.kms.katalon.core.main.TestCaseExecutor.runScript(TestCaseExecutor.java:448)
	at com.kms.katalon.core.main.TestCaseExecutor.doExecute(TestCaseExecutor.java:439)
	at com.kms.katalon.core.main.TestCaseExecutor.processExecutionPhase(TestCaseExecutor.java:418)
	at com.kms.katalon.core.main.TestCaseExecutor.accessMainPhase(TestCaseExecutor.java:410)
	at com.kms.katalon.core.main.TestCaseExecutor.execute(TestCaseExecutor.java:285)
	at com.kms.katalon.core.main.TestCaseMain.runTestCase(TestCaseMain.java:144)
	at com.kms.katalon.core.keyword.builtin.CallTestCaseKeyword$_callTestCase_closure1.doCall(CallTestCaseKeyword.groovy:59)
	at com.kms.katalon.core.keyword.builtin.CallTestCaseKeyword$_callTestCase_closure1.call(CallTestCaseKeyword.groovy)
	at com.kms.katalon.core.keyword.internal.KeywordMain.runKeyword(KeywordMain.groovy:75)
	at com.kms.katalon.core.keyword.builtin.CallTestCaseKeyword.callTestCase(CallTestCaseKeyword.groovy:81)
	at com.kms.katalon.core.keyword.builtin.CallTestCaseKeyword.execute(CallTestCaseKeyword.groovy:44)
	at com.kms.katalon.core.keyword.internal.KeywordExecutor.executeKeywordForPlatform(KeywordExecutor.groovy:74)
	at com.kms.katalon.core.keyword.BuiltinKeywords.callTestCase(BuiltinKeywords.groovy:310)
	at SU-005.run(SU-005:20)
	at com.kms.katalon.core.main.ScriptEngine.run(ScriptEngine.java:194)
	at com.kms.katalon.core.main.ScriptEngine.runScriptAsRawText(ScriptEngine.java:119)
	at com.kms.katalon.core.main.TestCaseExecutor.runScript(TestCaseExecutor.java:448)
	at com.kms.katalon.core.main.TestCaseExecutor.doExecute(TestCaseExecutor.java:439)
	at com.kms.katalon.core.main.TestCaseExecutor.processExecutionPhase(TestCaseExecutor.java:418)
	at com.kms.katalon.core.main.TestCaseExecutor.accessMainPhase(TestCaseExecutor.java:410)
	at com.kms.katalon.core.main.TestCaseExecutor.execute(TestCaseExecutor.java:285)
	at com.kms.katalon.core.common.CommonExecutor.accessTestCaseMainPhase(CommonExecutor.java:65)
	at com.kms.katalon.core.main.TestSuiteExecutor.accessTestSuiteMainPhase(TestSuiteExecutor.java:148)
	at com.kms.katalon.core.main.TestSuiteExecutor.execute(TestSuiteExecutor.java:106)
	at com.kms.katalon.core.main.TestCaseMain.startTestSuite(TestCaseMain.java:187)
	at com.kms.katalon.core.main.TestCaseMain$startTestSuite$0.call(Unknown Source)
	at TempTestSuite1696424348948.run(TempTestSuite1696424348948.groovy:36)
Caused by: Assertion failed: 

assert NamaSesudah.contains(NamaSebelum)
       |           |        |
       |           false    Segitiga Instan Madeira - MDB5.3 Sunse,..
       Segitiga Instan Madeira - MDB5.3 Sunset

	at PBL-001.run(PBL-001:39)
	at com.kms.katalon.core.main.ScriptEngine.run(ScriptEngine.java:194)
	at com.kms.katalon.core.main.ScriptEngine.runScriptAsRawText(ScriptEngine.java:119)
	at com.kms.katalon.core.main.TestCaseExecutor.runScript(TestCaseExecutor.java:448)
	at com.kms.katalon.core.main.TestCaseExecutor.doExecute(TestCaseExecutor.java:439)
	at com.kms.katalon.core.main.TestCaseExecutor.processExecutionPhase(TestCaseExecutor.java:418)
	at com.kms.katalon.core.main.TestCaseExecutor.accessMainPhase(TestCaseExecutor.java:410)
	at com.kms.katalon.core.main.TestCaseExecutor.execute(TestCaseExecutor.java:285)
	at com.kms.katalon.core.main.TestCaseMain.runTestCase(TestCaseMain.java:144)
	at com.kms.katalon.core.keyword.builtin.CallTestCaseKeyword$_callTestCase_closure1.doCall(CallTestCaseKeyword.groovy:59)
	... 148 more
)

2023-10-04 20:46:24 - [TEST_CASE][FAILED] - Test Cases/T13 Pembelian, Shipment dan Pembayaran/PBL-001: Test Cases/T13 Pembelian, Shipment dan Pembayaran/PBL-001 FAILED.
Reason:
Assertion failed: 

assert NamaSesudah.contains(NamaSebelum)
       |           |        |
       |           false    Segitiga Instan Madeira - MDB5.3 Sunse,..
       Segitiga Instan Madeira - MDB5.3 Sunset

	at PBL-001.run(PBL-001:39)
	at com.kms.katalon.core.main.ScriptEngine.run(ScriptEngine.java:194)
	at com.kms.katalon.core.main.ScriptEngine.runScriptAsRawText(ScriptEngine.java:119)
	at com.kms.katalon.core.main.TestCaseExecutor.runScript(TestCaseExecutor.java:448)
	at com.kms.katalon.core.main.TestCaseExecutor.doExecute(TestCaseExecutor.java:439)
	at com.kms.katalon.core.main.TestCaseExecutor.processExecutionPhase(TestCaseExecutor.java:418)
	at com.kms.katalon.core.main.TestCaseExecutor.accessMainPhase(TestCaseExecutor.java:410)
	at com.kms.katalon.core.main.TestCaseExecutor.execute(TestCaseExecutor.java:285)
	at com.kms.katalon.core.main.TestCaseMain.runTestCase(TestCaseMain.java:144)
	at com.kms.katalon.core.keyword.builtin.CallTestCaseKeyword$_callTestCase_closure1.doCall(CallTestCaseKeyword.groovy:59)
	at com.kms.katalon.core.keyword.builtin.CallTestCaseKeyword$_callTestCase_closure1.call(CallTestCaseKeyword.groovy)
	at com.kms.katalon.core.keyword.internal.KeywordMain.runKeyword(KeywordMain.groovy:75)
	at com.kms.katalon.core.keyword.builtin.CallTestCaseKeyword.callTestCase(CallTestCaseKeyword.groovy:81)
	at com.kms.katalon.core.keyword.builtin.CallTestCaseKeyword.execute(CallTestCaseKeyword.groovy:44)
	at com.kms.katalon.core.keyword.internal.KeywordExecutor.executeKeywordForPlatform(KeywordExecutor.groovy:74)
	at com.kms.katalon.core.keyword.BuiltinKeywords.callTestCase(BuiltinKeywords.groovy:310)
	at PBL-002.run(PBL-002:20)
	at com.kms.katalon.core.main.ScriptEngine.run(ScriptEngine.java:194)
	at com.kms.katalon.core.main.ScriptEngine.runScriptAsRawText(ScriptEngine.java:119)
	at com.kms.katalon.core.main.TestCaseExecutor.runScript(TestCaseExecutor.java:448)
	at com.kms.katalon.core.main.TestCaseExecutor.doExecute(TestCaseExecutor.java:439)
	at com.kms.katalon.core.main.TestCaseExecutor.processExecutionPhase(TestCaseExecutor.java:418)
	at com.kms.katalon.core.main.TestCaseExecutor.accessMainPhase(TestCaseExecutor.java:410)
	at com.kms.katalon.core.main.TestCaseExecutor.execute(TestCaseExecutor.java:285)
	at com.kms.katalon.core.main.TestCaseMain.runTestCase(TestCaseMain.java:144)
	at com.kms.katalon.core.keyword.builtin.CallTestCaseKeyword$_callTestCase_closure1.doCall(CallTestCaseKeyword.groovy:59)
	at com.kms.katalon.core.keyword.builtin.CallTestCaseKeyword$_callTestCase_closure1.call(CallTestCaseKeyword.groovy)
	at com.kms.katalon.core.keyword.internal.KeywordMain.runKeyword(KeywordMain.groovy:75)
	at com.kms.katalon.core.keyword.builtin.CallTestCaseKeyword.callTestCase(CallTestCaseKeyword.groovy:81)
	at com.kms.katalon.core.keyword.builtin.CallTestCaseKeyword.execute(CallTestCaseKeyword.groovy:44)
	at com.kms.katalon.core.keyword.internal.KeywordExecutor.executeKeywordForPlatform(KeywordExecutor.groovy:74)
	at com.kms.katalon.core.keyword.BuiltinKeywords.callTestCase(BuiltinKeywords.groovy:310)
	at PBL-004.run(PBL-004:20)
	at com.kms.katalon.core.main.ScriptEngine.run(ScriptEngine.java:194)
	at com.kms.katalon.core.main.ScriptEngine.runScriptAsRawText(ScriptEngine.java:119)
	at com.kms.katalon.core.main.TestCaseExecutor.runScript(TestCaseExecutor.java:448)
	at com.kms.katalon.core.main.TestCaseExecutor.doExecute(TestCaseExecutor.java:439)
	at com.kms.katalon.core.main.TestCaseExecutor.processExecutionPhase(TestCaseExecutor.java:418)
	at com.kms.katalon.core.main.TestCaseExecutor.accessMainPhase(TestCaseExecutor.java:410)
	at com.kms.katalon.core.main.TestCaseExecutor.execute(TestCaseExecutor.java:285)
	at com.kms.katalon.core.main.TestCaseMain.runTestCase(TestCaseMain.java:144)
	at com.kms.katalon.core.keyword.builtin.CallTestCaseKeyword$_callTestCase_closure1.doCall(CallTestCaseKeyword.groovy:59)
	at com.kms.katalon.core.keyword.builtin.CallTestCaseKeyword$_callTestCase_closure1.call(CallTestCaseKeyword.groovy)
	at com.kms.katalon.core.keyword.internal.KeywordMain.runKeyword(KeywordMain.groovy:75)
	at com.kms.katalon.core.keyword.builtin.CallTestCaseKeyword.callTestCase(CallTestCaseKeyword.groovy:81)
	at com.kms.katalon.core.keyword.builtin.CallTestCaseKeyword.execute(CallTestCaseKeyword.groovy:44)
	at com.kms.katalon.core.keyword.internal.KeywordExecutor.executeKeywordForPlatform(KeywordExecutor.groovy:74)
	at com.kms.katalon.core.keyword.BuiltinKeywords.callTestCase(BuiltinKeywords.groovy:310)
	at PBY-001.run(PBY-001:20)
	at com.kms.katalon.core.main.ScriptEngine.run(ScriptEngine.java:194)
	at com.kms.katalon.core.main.ScriptEngine.runScriptAsRawText(ScriptEngine.java:119)
	at com.kms.katalon.core.main.TestCaseExecutor.runScript(TestCaseExecutor.java:448)
	at com.kms.katalon.core.main.TestCaseExecutor.doExecute(TestCaseExecutor.java:439)
	at com.kms.katalon.core.main.TestCaseExecutor.processExecutionPhase(TestCaseExecutor.java:418)
	at com.kms.katalon.core.main.TestCaseExecutor.accessMainPhase(TestCaseExecutor.java:410)
	at com.kms.katalon.core.main.TestCaseExecutor.execute(TestCaseExecutor.java:285)
	at com.kms.katalon.core.main.TestCaseMain.runTestCase(TestCaseMain.java:144)
	at com.kms.katalon.core.keyword.builtin.CallTestCaseKeyword$_callTestCase_closure1.doCall(CallTestCaseKeyword.groovy:59)
	at com.kms.katalon.core.keyword.builtin.CallTestCaseKeyword$_callTestCase_closure1.call(CallTestCaseKeyword.groovy)
	at com.kms.katalon.core.keyword.internal.KeywordMain.runKeyword(KeywordMain.groovy:75)
	at com.kms.katalon.core.keyword.builtin.CallTestCaseKeyword.callTestCase(CallTestCaseKeyword.groovy:81)
	at com.kms.katalon.core.keyword.builtin.CallTestCaseKeyword.execute(CallTestCaseKeyword.groovy:44)
	at com.kms.katalon.core.keyword.internal.KeywordExecutor.executeKeywordForPlatform(KeywordExecutor.groovy:74)
	at com.kms.katalon.core.keyword.BuiltinKeywords.callTestCase(BuiltinKeywords.groovy:310)
	at PBY-004.run(PBY-004:20)
	at com.kms.katalon.core.main.ScriptEngine.run(ScriptEngine.java:194)
	at com.kms.katalon.core.main.ScriptEngine.runScriptAsRawText(ScriptEngine.java:119)
	at com.kms.katalon.core.main.TestCaseExecutor.runScript(TestCaseExecutor.java:448)
	at com.kms.katalon.core.main.TestCaseExecutor.doExecute(TestCaseExecutor.java:439)
	at com.kms.katalon.core.main.TestCaseExecutor.processExecutionPhase(TestCaseExecutor.java:418)
	at com.kms.katalon.core.main.TestCaseExecutor.accessMainPhase(TestCaseExecutor.java:410)
	at com.kms.katalon.core.main.TestCaseExecutor.execute(TestCaseExecutor.java:285)
	at com.kms.katalon.core.main.TestCaseMain.runTestCase(TestCaseMain.java:144)
	at com.kms.katalon.core.keyword.builtin.CallTestCaseKeyword$_callTestCase_closure1.doCall(CallTestCaseKeyword.groovy:59)
	at com.kms.katalon.core.keyword.builtin.CallTestCaseKeyword$_callTestCase_closure1.call(CallTestCaseKeyword.groovy)
	at com.kms.katalon.core.keyword.internal.KeywordMain.runKeyword(KeywordMain.groovy:75)
	at com.kms.katalon.core.keyword.builtin.CallTestCaseKeyword.callTestCase(CallTestCaseKeyword.groovy:81)
	at com.kms.katalon.core.keyword.builtin.CallTestCaseKeyword.execute(CallTestCaseKeyword.groovy:44)
	at com.kms.katalon.core.keyword.internal.KeywordExecutor.executeKeywordForPlatform(KeywordExecutor.groovy:74)
	at com.kms.katalon.core.keyword.BuiltinKeywords.callTestCase(BuiltinKeywords.groovy:310)
	at PBYA-001.run(PBYA-001:20)
	at com.kms.katalon.core.main.ScriptEngine.run(ScriptEngine.java:194)
	at com.kms.katalon.core.main.ScriptEngine.runScriptAsRawText(ScriptEngine.java:119)
	at com.kms.katalon.core.main.TestCaseExecutor.runScript(TestCaseExecutor.java:448)
	at com.kms.katalon.core.main.TestCaseExecutor.doExecute(TestCaseExecutor.java:439)
	at com.kms.katalon.core.main.TestCaseExecutor.processExecutionPhase(TestCaseExecutor.java:418)
	at com.kms.katalon.core.main.TestCaseExecutor.accessMainPhase(TestCaseExecutor.java:410)
	at com.kms.katalon.core.main.TestCaseExecutor.execute(TestCaseExecutor.java:285)
	at com.kms.katalon.core.main.TestCaseMain.runTestCase(TestCaseMain.java:144)
	at com.kms.katalon.core.keyword.builtin.CallTestCaseKeyword$_callTestCase_closure1.doCall(CallTestCaseKeyword.groovy:59)
	at com.kms.katalon.core.keyword.builtin.CallTestCaseKeyword$_callTestCase_closure1.call(CallTestCaseKeyword.groovy)
	at com.kms.katalon.core.keyword.internal.KeywordMain.runKeyword(KeywordMain.groovy:75)
	at com.kms.katalon.core.keyword.builtin.CallTestCaseKeyword.callTestCase(CallTestCaseKeyword.groovy:81)
	at com.kms.katalon.core.keyword.builtin.CallTestCaseKeyword.execute(CallTestCaseKeyword.groovy:44)
	at com.kms.katalon.core.keyword.internal.KeywordExecutor.executeKeywordForPlatform(KeywordExecutor.groovy:74)
	at com.kms.katalon.core.keyword.BuiltinKeywords.callTestCase(BuiltinKeywords.groovy:310)
	at SA-001.run(SA-001:20)
	at com.kms.katalon.core.main.ScriptEngine.run(ScriptEngine.java:194)
	at com.kms.katalon.core.main.ScriptEngine.runScriptAsRawText(ScriptEngine.java:119)
	at com.kms.katalon.core.main.TestCaseExecutor.runScript(TestCaseExecutor.java:448)
	at com.kms.katalon.core.main.TestCaseExecutor.doExecute(TestCaseExecutor.java:439)
	at com.kms.katalon.core.main.TestCaseExecutor.processExecutionPhase(TestCaseExecutor.java:418)
	at com.kms.katalon.core.main.TestCaseExecutor.accessMainPhase(TestCaseExecutor.java:410)
	at com.kms.katalon.core.main.TestCaseExecutor.execute(TestCaseExecutor.java:285)
	at com.kms.katalon.core.main.TestCaseMain.runTestCase(TestCaseMain.java:144)
	at com.kms.katalon.core.keyword.builtin.CallTestCaseKeyword$_callTestCase_closure1.doCall(CallTestCaseKeyword.groovy:59)
	at com.kms.katalon.core.keyword.builtin.CallTestCaseKeyword$_callTestCase_closure1.call(CallTestCaseKeyword.groovy)
	at com.kms.katalon.core.keyword.internal.KeywordMain.runKeyword(KeywordMain.groovy:75)
	at com.kms.katalon.core.keyword.builtin.CallTestCaseKeyword.callTestCase(CallTestCaseKeyword.groovy:81)
	at com.kms.katalon.core.keyword.builtin.CallTestCaseKeyword.execute(CallTestCaseKeyword.groovy:44)
	at com.kms.katalon.core.keyword.internal.KeywordExecutor.executeKeywordForPlatform(KeywordExecutor.groovy:74)
	at com.kms.katalon.core.keyword.BuiltinKeywords.callTestCase(BuiltinKeywords.groovy:310)
	at SA-002.run(SA-002:20)
	at com.kms.katalon.core.main.ScriptEngine.run(ScriptEngine.java:194)
	at com.kms.katalon.core.main.ScriptEngine.runScriptAsRawText(ScriptEngine.java:119)
	at com.kms.katalon.core.main.TestCaseExecutor.runScript(TestCaseExecutor.java:448)
	at com.kms.katalon.core.main.TestCaseExecutor.doExecute(TestCaseExecutor.java:439)
	at com.kms.katalon.core.main.TestCaseExecutor.processExecutionPhase(TestCaseExecutor.java:418)
	at com.kms.katalon.core.main.TestCaseExecutor.accessMainPhase(TestCaseExecutor.java:410)
	at com.kms.katalon.core.main.TestCaseExecutor.execute(TestCaseExecutor.java:285)
	at com.kms.katalon.core.main.TestCaseMain.runTestCase(TestCaseMain.java:144)
	at com.kms.katalon.core.keyword.builtin.CallTestCaseKeyword$_callTestCase_closure1.doCall(CallTestCaseKeyword.groovy:59)
	at com.kms.katalon.core.keyword.builtin.CallTestCaseKeyword$_callTestCase_closure1.call(CallTestCaseKeyword.groovy)
	at com.kms.katalon.core.keyword.internal.KeywordMain.runKeyword(KeywordMain.groovy:75)
	at com.kms.katalon.core.keyword.builtin.CallTestCaseKeyword.callTestCase(CallTestCaseKeyword.groovy:81)
	at com.kms.katalon.core.keyword.builtin.CallTestCaseKeyword.execute(CallTestCaseKeyword.groovy:44)
	at com.kms.katalon.core.keyword.internal.KeywordExecutor.executeKeywordForPlatform(KeywordExecutor.groovy:74)
	at com.kms.katalon.core.keyword.BuiltinKeywords.callTestCase(BuiltinKeywords.groovy:310)
	at SA-006.run(SA-006:20)
	at com.kms.katalon.core.main.ScriptEngine.run(ScriptEngine.java:194)
	at com.kms.katalon.core.main.ScriptEngine.runScriptAsRawText(ScriptEngine.java:119)
	at com.kms.katalon.core.main.TestCaseExecutor.runScript(TestCaseExecutor.java:448)
	at com.kms.katalon.core.main.TestCaseExecutor.doExecute(TestCaseExecutor.java:439)
	at com.kms.katalon.core.main.TestCaseExecutor.processExecutionPhase(TestCaseExecutor.java:418)
	at com.kms.katalon.core.main.TestCaseExecutor.accessMainPhase(TestCaseExecutor.java:410)
	at com.kms.katalon.core.main.TestCaseExecutor.execute(TestCaseExecutor.java:285)
	at com.kms.katalon.core.main.TestCaseMain.runTestCase(TestCaseMain.java:144)
	at com.kms.katalon.core.keyword.builtin.CallTestCaseKeyword$_callTestCase_closure1.doCall(CallTestCaseKeyword.groovy:59)
	at com.kms.katalon.core.keyword.builtin.CallTestCaseKeyword$_callTestCase_closure1.call(CallTestCaseKeyword.groovy)
	at com.kms.katalon.core.keyword.internal.KeywordMain.runKeyword(KeywordMain.groovy:75)
	at com.kms.katalon.core.keyword.builtin.CallTestCaseKeyword.callTestCase(CallTestCaseKeyword.groovy:81)
	at com.kms.katalon.core.keyword.builtin.CallTestCaseKeyword.execute(CallTestCaseKeyword.groovy:44)
	at com.kms.katalon.core.keyword.internal.KeywordExecutor.executeKeywordForPlatform(KeywordExecutor.groovy:74)
	at com.kms.katalon.core.keyword.BuiltinKeywords.callTestCase(BuiltinKeywords.groovy:310)
	at SU-005.run(SU-005:20)
	at com.kms.katalon.core.main.ScriptEngine.run(ScriptEngine.java:194)
	at com.kms.katalon.core.main.ScriptEngine.runScriptAsRawText(ScriptEngine.java:119)
	at com.kms.katalon.core.main.TestCaseExecutor.runScript(TestCaseExecutor.java:448)
	at com.kms.katalon.core.main.TestCaseExecutor.doExecute(TestCaseExecutor.java:439)
	at com.kms.katalon.core.main.TestCaseExecutor.processExecutionPhase(TestCaseExecutor.java:418)
	at com.kms.katalon.core.main.TestCaseExecutor.accessMainPhase(TestCaseExecutor.java:410)
	at com.kms.katalon.core.main.TestCaseExecutor.execute(TestCaseExecutor.java:285)
	at com.kms.katalon.core.common.CommonExecutor.accessTestCaseMainPhase(CommonExecutor.java:65)
	at com.kms.katalon.core.main.TestSuiteExecutor.accessTestSuiteMainPhase(TestSuiteExecutor.java:148)
	at com.kms.katalon.core.main.TestSuiteExecutor.execute(TestSuiteExecutor.java:106)
	at com.kms.katalon.core.main.TestCaseMain.startTestSuite(TestCaseMain.java:187)
	at com.kms.katalon.core.main.TestCaseMain$startTestSuite$0.call(Unknown Source)
	at TempTestSuite1696424348948.run(TempTestSuite1696424348948.groovy:36)


2023-10-04 20:46:24 - [TEST_STEP][PASSED] - callTestCase(findTestCase("T13 Pembelian, Shipment dan Pembayaran/LU-001"), ["username":"irfanafandi", "password":"12345irfan"], STOP_ON_FAILURE): Call Test Case 'Test Cases/T13 Pembelian, Shipment dan Pembayaran/LU-001' successfully

2023-10-04 20:46:24 - [TEST_CASE][PASSED] - Test Cases/T13 Pembelian, Shipment dan Pembayaran/LU-001: Test Cases/T13 Pembelian, Shipment dan Pembayaran/LU-001

2023-10-04 20:46:24 - [TEST_STEP][PASSED] - openBrowser("https://10.9.2.63/ecommerce/"): Browser is opened with url: 'https://10.9.2.63/ecommerce/'

2023-10-04 20:46:24 - [MESSAGE][WARNING] - A browser is already opened. Closing browser and opening a new one

2023-10-04 20:46:26 - [MESSAGE][INFO] - Starting 'Firefox' driver

2023-10-04 20:46:26 - [MESSAGE][INFO] - User set preference: ['args', '[--disable-notifications]']

2023-10-04 20:46:26 - [MESSAGE][INFO] - Action delay is set to 0 milliseconds

2023-10-04 20:46:34 - [MESSAGE][PASSED] - Browser is opened with url: 'https://10.9.2.63/ecommerce/'

2023-10-04 20:46:34 - [TEST_STEP][PASSED] - maximizeWindow(): Current window maximized

2023-10-04 20:46:34 - [MESSAGE][PASSED] - Current window maximized

2023-10-04 20:46:34 - [TEST_STEP][PASSED] - verifyElementPresent(findTestObject("Login/Home"), 0): Object 'Object Repository/Login/Home' is present

2023-10-04 20:46:34 - [MESSAGE][WARNING] - Timeout '0' is invalid. Using default page load timeout: '30'

2023-10-04 20:46:35 - [MESSAGE][PASSED] - Object 'Object Repository/Login/Home' is present

2023-10-04 20:46:35 - [TEST_STEP][PASSED] - click(findTestObject("Login/a_Login")): Object: 'Object Repository/Login/a_Login' is clicked on

2023-10-04 20:46:35 - [MESSAGE][PASSED] - Object: 'Object Repository/Login/a_Login' is clicked on

2023-10-04 20:46:35 - [TEST_STEP][PASSED] - verifyElementPresent(findTestObject("Login/Tittle Login"), 0): Object 'Object Repository/Login/Tittle Login' is present

2023-10-04 20:46:35 - [MESSAGE][WARNING] - Timeout '0' is invalid. Using default page load timeout: '30'

2023-10-04 20:46:36 - [MESSAGE][PASSED] - Object 'Object Repository/Login/Tittle Login' is present

2023-10-04 20:46:36 - [TEST_STEP][PASSED] - setText(findTestObject("Login/input_Username, Email atau No. Handphone_a"), username): Text 'irfanafandi' is set on object 'Object Repository/Login/input_Username, Email atau No. Handphone_a'

2023-10-04 20:46:36 - [MESSAGE][PASSED] - Text 'irfanafandi' is set on object 'Object Repository/Login/input_Username, Email atau No. Handphone_a'

2023-10-04 20:46:36 - [TEST_STEP][PASSED] - setText(findTestObject("Login/input_Password_b"), password): Text '12345irfan' is set on object 'Object Repository/Login/input_Password_b'

2023-10-04 20:46:38 - [MESSAGE][PASSED] - Text '12345irfan' is set on object 'Object Repository/Login/input_Password_b'

2023-10-04 20:46:38 - [TEST_STEP][PASSED] - click(findTestObject("Login/label_Ingat saya")): Object: 'Object Repository/Login/label_Ingat saya' is clicked on

2023-10-04 20:46:38 - [MESSAGE][PASSED] - Object: 'Object Repository/Login/label_Ingat saya' is clicked on

2023-10-04 20:46:38 - [TEST_STEP][PASSED] - click(findTestObject("Login/button_Masuk")): Object: 'Object Repository/Login/button_Masuk' is clicked on

2023-10-04 20:46:39 - [MESSAGE][PASSED] - Object: 'Object Repository/Login/button_Masuk' is clicked on

2023-10-04 20:46:39 - [TEST_STEP][PASSED] - verifyElementPresent(findTestObject("Login/li_Profile"), 0): Object 'Object Repository/Login/li_Profile' is present

2023-10-04 20:46:39 - [MESSAGE][WARNING] - Timeout '0' is invalid. Using default page load timeout: '30'

2023-10-04 20:46:40 - [MESSAGE][PASSED] - Object 'Object Repository/Login/li_Profile' is present

2023-10-04 20:46:40 - [MESSAGE][PASSED] - Call Test Case 'Test Cases/T13 Pembelian, Shipment dan Pembayaran/LU-001' successfully

2023-10-04 20:46:40 - [TEST_STEP][PASSED] - mouseOver(findTestObject("beli barang/i_Mulai Belanja_icon-menu")): Object: 'Object Repository/beli barang/i_Mulai Belanja_icon-menu' is hovered

2023-10-04 20:46:40 - [MESSAGE][PASSED] - Object: 'Object Repository/beli barang/i_Mulai Belanja_icon-menu' is hovered

2023-10-04 20:46:40 - [TEST_STEP][PASSED] - click(findTestObject("beli barang/a_Fashion  Busana Wanita")): Object: 'Object Repository/beli barang/a_Fashion  Busana Wanita' is clicked on

2023-10-04 20:46:41 - [MESSAGE][PASSED] - Object: 'Object Repository/beli barang/a_Fashion  Busana Wanita' is clicked on

2023-10-04 20:46:41 - [TEST_STEP][PASSED] - NamaSebelum = getText(findTestObject("verifikasi/Nama sebelum")): Text of object 'Object Repository/verifikasi/Nama sebelum' is: 'Segitiga Instan Madeira - MDB5.3 Sunse,..'

2023-10-04 20:46:42 - [MESSAGE][PASSED] - Text of object 'Object Repository/verifikasi/Nama sebelum' is: 'Segitiga Instan Madeira - MDB5.3 Sunse,..'

2023-10-04 20:46:42 - [TEST_STEP][PASSED] - HargaSebelum = getText(findTestObject("verifikasi/Harga sebelum")): Text of object 'Object Repository/verifikasi/Harga sebelum' is: ''

2023-10-04 20:46:42 - [MESSAGE][PASSED] - Text of object 'Object Repository/verifikasi/Harga sebelum' is: ''

2023-10-04 20:46:42 - [TEST_STEP][PASSED] - mouseOver(findTestObject("beli barang/barang mouse over")): Object: 'Object Repository/beli barang/barang mouse over' is hovered

2023-10-04 20:46:43 - [MESSAGE][PASSED] - Object: 'Object Repository/beli barang/barang mouse over' is hovered

2023-10-04 20:46:43 - [TEST_STEP][PASSED] - click(findTestObject("beli barang/buttom add to cart")): Object: 'Object Repository/beli barang/buttom add to cart' is clicked on

2023-10-04 20:46:45 - [MESSAGE][PASSED] - Object: 'Object Repository/beli barang/buttom add to cart' is clicked on

2023-10-04 20:46:45 - [TEST_STEP][PASSED] - NamaSesudah = getText(findTestObject("verifikasi/Nama sesudah")): Text of object 'Object Repository/verifikasi/Nama sesudah' is: 'Segitiga Instan Madeira - MDB5.3 Sunset'

2023-10-04 20:46:45 - [MESSAGE][PASSED] - Text of object 'Object Repository/verifikasi/Nama sesudah' is: 'Segitiga Instan Madeira - MDB5.3 Sunset'

2023-10-04 20:46:45 - [TEST_STEP][PASSED] - HargaSesudah = getText(findTestObject("verifikasi/Harga sesudah")): Text of object 'Object Repository/verifikasi/Harga sesudah' is: 'Rp 1,299'

2023-10-04 20:46:46 - [MESSAGE][PASSED] - Text of object 'Object Repository/verifikasi/Harga sesudah' is: 'Rp 1,299'

2023-10-04 20:46:46 - [TEST_STEP][FAILED] - assert NamaSesudah.contains(NamaSebelum): Test Cases/T13 Pembelian, Shipment dan Pembayaran/PBL-001 FAILED.
Reason:
Assertion failed: 

assert NamaSesudah.contains(NamaSebelum)
       |           |        |
       |           false    Segitiga Instan Madeira - MDB5.3 Sunse,..
       Segitiga Instan Madeira - MDB5.3 Sunset

	at PBL-001.run(PBL-001:39)
	at com.kms.katalon.core.main.ScriptEngine.run(ScriptEngine.java:194)
	at com.kms.katalon.core.main.ScriptEngine.runScriptAsRawText(ScriptEngine.java:119)
	at com.kms.katalon.core.main.TestCaseExecutor.runScript(TestCaseExecutor.java:448)
	at com.kms.katalon.core.main.TestCaseExecutor.doExecute(TestCaseExecutor.java:439)
	at com.kms.katalon.core.main.TestCaseExecutor.processExecutionPhase(TestCaseExecutor.java:418)
	at com.kms.katalon.core.main.TestCaseExecutor.accessMainPhase(TestCaseExecutor.java:410)
	at com.kms.katalon.core.main.TestCaseExecutor.execute(TestCaseExecutor.java:285)
	at com.kms.katalon.core.main.TestCaseMain.runTestCase(TestCaseMain.java:144)
	at com.kms.katalon.core.keyword.builtin.CallTestCaseKeyword$_callTestCase_closure1.doCall(CallTestCaseKeyword.groovy:59)
	at com.kms.katalon.core.keyword.builtin.CallTestCaseKeyword$_callTestCase_closure1.call(CallTestCaseKeyword.groovy)
	at com.kms.katalon.core.keyword.internal.KeywordMain.runKeyword(KeywordMain.groovy:75)
	at com.kms.katalon.core.keyword.builtin.CallTestCaseKeyword.callTestCase(CallTestCaseKeyword.groovy:81)
	at com.kms.katalon.core.keyword.builtin.CallTestCaseKeyword.execute(CallTestCaseKeyword.groovy:44)
	at com.kms.katalon.core.keyword.internal.KeywordExecutor.executeKeywordForPlatform(KeywordExecutor.groovy:74)
	at com.kms.katalon.core.keyword.BuiltinKeywords.callTestCase(BuiltinKeywords.groovy:310)
	at PBL-002.run(PBL-002:20)
	at com.kms.katalon.core.main.ScriptEngine.run(ScriptEngine.java:194)
	at com.kms.katalon.core.main.ScriptEngine.runScriptAsRawText(ScriptEngine.java:119)
	at com.kms.katalon.core.main.TestCaseExecutor.runScript(TestCaseExecutor.java:448)
	at com.kms.katalon.core.main.TestCaseExecutor.doExecute(TestCaseExecutor.java:439)
	at com.kms.katalon.core.main.TestCaseExecutor.processExecutionPhase(TestCaseExecutor.java:418)
	at com.kms.katalon.core.main.TestCaseExecutor.accessMainPhase(TestCaseExecutor.java:410)
	at com.kms.katalon.core.main.TestCaseExecutor.execute(TestCaseExecutor.java:285)
	at com.kms.katalon.core.main.TestCaseMain.runTestCase(TestCaseMain.java:144)
	at com.kms.katalon.core.keyword.builtin.CallTestCaseKeyword$_callTestCase_closure1.doCall(CallTestCaseKeyword.groovy:59)
	at com.kms.katalon.core.keyword.builtin.CallTestCaseKeyword$_callTestCase_closure1.call(CallTestCaseKeyword.groovy)
	at com.kms.katalon.core.keyword.internal.KeywordMain.runKeyword(KeywordMain.groovy:75)
	at com.kms.katalon.core.keyword.builtin.CallTestCaseKeyword.callTestCase(CallTestCaseKeyword.groovy:81)
	at com.kms.katalon.core.keyword.builtin.CallTestCaseKeyword.execute(CallTestCaseKeyword.groovy:44)
	at com.kms.katalon.core.keyword.internal.KeywordExecutor.executeKeywordForPlatform(KeywordExecutor.groovy:74)
	at com.kms.katalon.core.keyword.BuiltinKeywords.callTestCase(BuiltinKeywords.groovy:310)
	at PBL-004.run(PBL-004:20)
	at com.kms.katalon.core.main.ScriptEngine.run(ScriptEngine.java:194)
	at com.kms.katalon.core.main.ScriptEngine.runScriptAsRawText(ScriptEngine.java:119)
	at com.kms.katalon.core.main.TestCaseExecutor.runScript(TestCaseExecutor.java:448)
	at com.kms.katalon.core.main.TestCaseExecutor.doExecute(TestCaseExecutor.java:439)
	at com.kms.katalon.core.main.TestCaseExecutor.processExecutionPhase(TestCaseExecutor.java:418)
	at com.kms.katalon.core.main.TestCaseExecutor.accessMainPhase(TestCaseExecutor.java:410)
	at com.kms.katalon.core.main.TestCaseExecutor.execute(TestCaseExecutor.java:285)
	at com.kms.katalon.core.main.TestCaseMain.runTestCase(TestCaseMain.java:144)
	at com.kms.katalon.core.keyword.builtin.CallTestCaseKeyword$_callTestCase_closure1.doCall(CallTestCaseKeyword.groovy:59)
	at com.kms.katalon.core.keyword.builtin.CallTestCaseKeyword$_callTestCase_closure1.call(CallTestCaseKeyword.groovy)
	at com.kms.katalon.core.keyword.internal.KeywordMain.runKeyword(KeywordMain.groovy:75)
	at com.kms.katalon.core.keyword.builtin.CallTestCaseKeyword.callTestCase(CallTestCaseKeyword.groovy:81)
	at com.kms.katalon.core.keyword.builtin.CallTestCaseKeyword.execute(CallTestCaseKeyword.groovy:44)
	at com.kms.katalon.core.keyword.internal.KeywordExecutor.executeKeywordForPlatform(KeywordExecutor.groovy:74)
	at com.kms.katalon.core.keyword.BuiltinKeywords.callTestCase(BuiltinKeywords.groovy:310)
	at PBY-001.run(PBY-001:20)
	at com.kms.katalon.core.main.ScriptEngine.run(ScriptEngine.java:194)
	at com.kms.katalon.core.main.ScriptEngine.runScriptAsRawText(ScriptEngine.java:119)
	at com.kms.katalon.core.main.TestCaseExecutor.runScript(TestCaseExecutor.java:448)
	at com.kms.katalon.core.main.TestCaseExecutor.doExecute(TestCaseExecutor.java:439)
	at com.kms.katalon.core.main.TestCaseExecutor.processExecutionPhase(TestCaseExecutor.java:418)
	at com.kms.katalon.core.main.TestCaseExecutor.accessMainPhase(TestCaseExecutor.java:410)
	at com.kms.katalon.core.main.TestCaseExecutor.execute(TestCaseExecutor.java:285)
	at com.kms.katalon.core.main.TestCaseMain.runTestCase(TestCaseMain.java:144)
	at com.kms.katalon.core.keyword.builtin.CallTestCaseKeyword$_callTestCase_closure1.doCall(CallTestCaseKeyword.groovy:59)
	at com.kms.katalon.core.keyword.builtin.CallTestCaseKeyword$_callTestCase_closure1.call(CallTestCaseKeyword.groovy)
	at com.kms.katalon.core.keyword.internal.KeywordMain.runKeyword(KeywordMain.groovy:75)
	at com.kms.katalon.core.keyword.builtin.CallTestCaseKeyword.callTestCase(CallTestCaseKeyword.groovy:81)
	at com.kms.katalon.core.keyword.builtin.CallTestCaseKeyword.execute(CallTestCaseKeyword.groovy:44)
	at com.kms.katalon.core.keyword.internal.KeywordExecutor.executeKeywordForPlatform(KeywordExecutor.groovy:74)
	at com.kms.katalon.core.keyword.BuiltinKeywords.callTestCase(BuiltinKeywords.groovy:310)
	at PBY-004.run(PBY-004:20)
	at com.kms.katalon.core.main.ScriptEngine.run(ScriptEngine.java:194)
	at com.kms.katalon.core.main.ScriptEngine.runScriptAsRawText(ScriptEngine.java:119)
	at com.kms.katalon.core.main.TestCaseExecutor.runScript(TestCaseExecutor.java:448)
	at com.kms.katalon.core.main.TestCaseExecutor.doExecute(TestCaseExecutor.java:439)
	at com.kms.katalon.core.main.TestCaseExecutor.processExecutionPhase(TestCaseExecutor.java:418)
	at com.kms.katalon.core.main.TestCaseExecutor.accessMainPhase(TestCaseExecutor.java:410)
	at com.kms.katalon.core.main.TestCaseExecutor.execute(TestCaseExecutor.java:285)
	at com.kms.katalon.core.main.TestCaseMain.runTestCase(TestCaseMain.java:144)
	at com.kms.katalon.core.keyword.builtin.CallTestCaseKeyword$_callTestCase_closure1.doCall(CallTestCaseKeyword.groovy:59)
	at com.kms.katalon.core.keyword.builtin.CallTestCaseKeyword$_callTestCase_closure1.call(CallTestCaseKeyword.groovy)
	at com.kms.katalon.core.keyword.internal.KeywordMain.runKeyword(KeywordMain.groovy:75)
	at com.kms.katalon.core.keyword.builtin.CallTestCaseKeyword.callTestCase(CallTestCaseKeyword.groovy:81)
	at com.kms.katalon.core.keyword.builtin.CallTestCaseKeyword.execute(CallTestCaseKeyword.groovy:44)
	at com.kms.katalon.core.keyword.internal.KeywordExecutor.executeKeywordForPlatform(KeywordExecutor.groovy:74)
	at com.kms.katalon.core.keyword.BuiltinKeywords.callTestCase(BuiltinKeywords.groovy:310)
	at PBYA-001.run(PBYA-001:20)
	at com.kms.katalon.core.main.ScriptEngine.run(ScriptEngine.java:194)
	at com.kms.katalon.core.main.ScriptEngine.runScriptAsRawText(ScriptEngine.java:119)
	at com.kms.katalon.core.main.TestCaseExecutor.runScript(TestCaseExecutor.java:448)
	at com.kms.katalon.core.main.TestCaseExecutor.doExecute(TestCaseExecutor.java:439)
	at com.kms.katalon.core.main.TestCaseExecutor.processExecutionPhase(TestCaseExecutor.java:418)
	at com.kms.katalon.core.main.TestCaseExecutor.accessMainPhase(TestCaseExecutor.java:410)
	at com.kms.katalon.core.main.TestCaseExecutor.execute(TestCaseExecutor.java:285)
	at com.kms.katalon.core.main.TestCaseMain.runTestCase(TestCaseMain.java:144)
	at com.kms.katalon.core.keyword.builtin.CallTestCaseKeyword$_callTestCase_closure1.doCall(CallTestCaseKeyword.groovy:59)
	at com.kms.katalon.core.keyword.builtin.CallTestCaseKeyword$_callTestCase_closure1.call(CallTestCaseKeyword.groovy)
	at com.kms.katalon.core.keyword.internal.KeywordMain.runKeyword(KeywordMain.groovy:75)
	at com.kms.katalon.core.keyword.builtin.CallTestCaseKeyword.callTestCase(CallTestCaseKeyword.groovy:81)
	at com.kms.katalon.core.keyword.builtin.CallTestCaseKeyword.execute(CallTestCaseKeyword.groovy:44)
	at com.kms.katalon.core.keyword.internal.KeywordExecutor.executeKeywordForPlatform(KeywordExecutor.groovy:74)
	at com.kms.katalon.core.keyword.BuiltinKeywords.callTestCase(BuiltinKeywords.groovy:310)
	at SA-001.run(SA-001:20)
	at com.kms.katalon.core.main.ScriptEngine.run(ScriptEngine.java:194)
	at com.kms.katalon.core.main.ScriptEngine.runScriptAsRawText(ScriptEngine.java:119)
	at com.kms.katalon.core.main.TestCaseExecutor.runScript(TestCaseExecutor.java:448)
	at com.kms.katalon.core.main.TestCaseExecutor.doExecute(TestCaseExecutor.java:439)
	at com.kms.katalon.core.main.TestCaseExecutor.processExecutionPhase(TestCaseExecutor.java:418)
	at com.kms.katalon.core.main.TestCaseExecutor.accessMainPhase(TestCaseExecutor.java:410)
	at com.kms.katalon.core.main.TestCaseExecutor.execute(TestCaseExecutor.java:285)
	at com.kms.katalon.core.main.TestCaseMain.runTestCase(TestCaseMain.java:144)
	at com.kms.katalon.core.keyword.builtin.CallTestCaseKeyword$_callTestCase_closure1.doCall(CallTestCaseKeyword.groovy:59)
	at com.kms.katalon.core.keyword.builtin.CallTestCaseKeyword$_callTestCase_closure1.call(CallTestCaseKeyword.groovy)
	at com.kms.katalon.core.keyword.internal.KeywordMain.runKeyword(KeywordMain.groovy:75)
	at com.kms.katalon.core.keyword.builtin.CallTestCaseKeyword.callTestCase(CallTestCaseKeyword.groovy:81)
	at com.kms.katalon.core.keyword.builtin.CallTestCaseKeyword.execute(CallTestCaseKeyword.groovy:44)
	at com.kms.katalon.core.keyword.internal.KeywordExecutor.executeKeywordForPlatform(KeywordExecutor.groovy:74)
	at com.kms.katalon.core.keyword.BuiltinKeywords.callTestCase(BuiltinKeywords.groovy:310)
	at SA-002.run(SA-002:20)
	at com.kms.katalon.core.main.ScriptEngine.run(ScriptEngine.java:194)
	at com.kms.katalon.core.main.ScriptEngine.runScriptAsRawText(ScriptEngine.java:119)
	at com.kms.katalon.core.main.TestCaseExecutor.runScript(TestCaseExecutor.java:448)
	at com.kms.katalon.core.main.TestCaseExecutor.doExecute(TestCaseExecutor.java:439)
	at com.kms.katalon.core.main.TestCaseExecutor.processExecutionPhase(TestCaseExecutor.java:418)
	at com.kms.katalon.core.main.TestCaseExecutor.accessMainPhase(TestCaseExecutor.java:410)
	at com.kms.katalon.core.main.TestCaseExecutor.execute(TestCaseExecutor.java:285)
	at com.kms.katalon.core.main.TestCaseMain.runTestCase(TestCaseMain.java:144)
	at com.kms.katalon.core.keyword.builtin.CallTestCaseKeyword$_callTestCase_closure1.doCall(CallTestCaseKeyword.groovy:59)
	at com.kms.katalon.core.keyword.builtin.CallTestCaseKeyword$_callTestCase_closure1.call(CallTestCaseKeyword.groovy)
	at com.kms.katalon.core.keyword.internal.KeywordMain.runKeyword(KeywordMain.groovy:75)
	at com.kms.katalon.core.keyword.builtin.CallTestCaseKeyword.callTestCase(CallTestCaseKeyword.groovy:81)
	at com.kms.katalon.core.keyword.builtin.CallTestCaseKeyword.execute(CallTestCaseKeyword.groovy:44)
	at com.kms.katalon.core.keyword.internal.KeywordExecutor.executeKeywordForPlatform(KeywordExecutor.groovy:74)
	at com.kms.katalon.core.keyword.BuiltinKeywords.callTestCase(BuiltinKeywords.groovy:310)
	at SA-006.run(SA-006:20)
	at com.kms.katalon.core.main.ScriptEngine.run(ScriptEngine.java:194)
	at com.kms.katalon.core.main.ScriptEngine.runScriptAsRawText(ScriptEngine.java:119)
	at com.kms.katalon.core.main.TestCaseExecutor.runScript(TestCaseExecutor.java:448)
	at com.kms.katalon.core.main.TestCaseExecutor.doExecute(TestCaseExecutor.java:439)
	at com.kms.katalon.core.main.TestCaseExecutor.processExecutionPhase(TestCaseExecutor.java:418)
	at com.kms.katalon.core.main.TestCaseExecutor.accessMainPhase(TestCaseExecutor.java:410)
	at com.kms.katalon.core.main.TestCaseExecutor.execute(TestCaseExecutor.java:285)
	at com.kms.katalon.core.main.TestCaseMain.runTestCase(TestCaseMain.java:144)
	at com.kms.katalon.core.keyword.builtin.CallTestCaseKeyword$_callTestCase_closure1.doCall(CallTestCaseKeyword.groovy:59)
	at com.kms.katalon.core.keyword.builtin.CallTestCaseKeyword$_callTestCase_closure1.call(CallTestCaseKeyword.groovy)
	at com.kms.katalon.core.keyword.internal.KeywordMain.runKeyword(KeywordMain.groovy:75)
	at com.kms.katalon.core.keyword.builtin.CallTestCaseKeyword.callTestCase(CallTestCaseKeyword.groovy:81)
	at com.kms.katalon.core.keyword.builtin.CallTestCaseKeyword.execute(CallTestCaseKeyword.groovy:44)
	at com.kms.katalon.core.keyword.internal.KeywordExecutor.executeKeywordForPlatform(KeywordExecutor.groovy:74)
	at com.kms.katalon.core.keyword.BuiltinKeywords.callTestCase(BuiltinKeywords.groovy:310)
	at SU-005.run(SU-005:20)
	at com.kms.katalon.core.main.ScriptEngine.run(ScriptEngine.java:194)
	at com.kms.katalon.core.main.ScriptEngine.runScriptAsRawText(ScriptEngine.java:119)
	at com.kms.katalon.core.main.TestCaseExecutor.runScript(TestCaseExecutor.java:448)
	at com.kms.katalon.core.main.TestCaseExecutor.doExecute(TestCaseExecutor.java:439)
	at com.kms.katalon.core.main.TestCaseExecutor.processExecutionPhase(TestCaseExecutor.java:418)
	at com.kms.katalon.core.main.TestCaseExecutor.accessMainPhase(TestCaseExecutor.java:410)
	at com.kms.katalon.core.main.TestCaseExecutor.execute(TestCaseExecutor.java:285)
	at com.kms.katalon.core.common.CommonExecutor.accessTestCaseMainPhase(CommonExecutor.java:65)
	at com.kms.katalon.core.main.TestSuiteExecutor.accessTestSuiteMainPhase(TestSuiteExecutor.java:148)
	at com.kms.katalon.core.main.TestSuiteExecutor.execute(TestSuiteExecutor.java:106)
	at com.kms.katalon.core.main.TestCaseMain.startTestSuite(TestCaseMain.java:187)
	at com.kms.katalon.core.main.TestCaseMain$startTestSuite$0.call(Unknown Source)
	at TempTestSuite1696424348948.run(TempTestSuite1696424348948.groovy:36)


2023-10-04 20:46:46 - [MESSAGE][FAILED] - Test Cases/T13 Pembelian, Shipment dan Pembayaran/PBL-001 FAILED.
Reason:
Assertion failed: 

assert NamaSesudah.contains(NamaSebelum)
       |           |        |
       |           false    Segitiga Instan Madeira - MDB5.3 Sunse,..
       Segitiga Instan Madeira - MDB5.3 Sunset

	at PBL-001.run(PBL-001:39)
	at com.kms.katalon.core.main.ScriptEngine.run(ScriptEngine.java:194)
	at com.kms.katalon.core.main.ScriptEngine.runScriptAsRawText(ScriptEngine.java:119)
	at com.kms.katalon.core.main.TestCaseExecutor.runScript(TestCaseExecutor.java:448)
	at com.kms.katalon.core.main.TestCaseExecutor.doExecute(TestCaseExecutor.java:439)
	at com.kms.katalon.core.main.TestCaseExecutor.processExecutionPhase(TestCaseExecutor.java:418)
	at com.kms.katalon.core.main.TestCaseExecutor.accessMainPhase(TestCaseExecutor.java:410)
	at com.kms.katalon.core.main.TestCaseExecutor.execute(TestCaseExecutor.java:285)
	at com.kms.katalon.core.main.TestCaseMain.runTestCase(TestCaseMain.java:144)
	at com.kms.katalon.core.keyword.builtin.CallTestCaseKeyword$_callTestCase_closure1.doCall(CallTestCaseKeyword.groovy:59)
	at com.kms.katalon.core.keyword.builtin.CallTestCaseKeyword$_callTestCase_closure1.call(CallTestCaseKeyword.groovy)
	at com.kms.katalon.core.keyword.internal.KeywordMain.runKeyword(KeywordMain.groovy:75)
	at com.kms.katalon.core.keyword.builtin.CallTestCaseKeyword.callTestCase(CallTestCaseKeyword.groovy:81)
	at com.kms.katalon.core.keyword.builtin.CallTestCaseKeyword.execute(CallTestCaseKeyword.groovy:44)
	at com.kms.katalon.core.keyword.internal.KeywordExecutor.executeKeywordForPlatform(KeywordExecutor.groovy:74)
	at com.kms.katalon.core.keyword.BuiltinKeywords.callTestCase(BuiltinKeywords.groovy:310)
	at PBL-002.run(PBL-002:20)
	at com.kms.katalon.core.main.ScriptEngine.run(ScriptEngine.java:194)
	at com.kms.katalon.core.main.ScriptEngine.runScriptAsRawText(ScriptEngine.java:119)
	at com.kms.katalon.core.main.TestCaseExecutor.runScript(TestCaseExecutor.java:448)
	at com.kms.katalon.core.main.TestCaseExecutor.doExecute(TestCaseExecutor.java:439)
	at com.kms.katalon.core.main.TestCaseExecutor.processExecutionPhase(TestCaseExecutor.java:418)
	at com.kms.katalon.core.main.TestCaseExecutor.accessMainPhase(TestCaseExecutor.java:410)
	at com.kms.katalon.core.main.TestCaseExecutor.execute(TestCaseExecutor.java:285)
	at com.kms.katalon.core.main.TestCaseMain.runTestCase(TestCaseMain.java:144)
	at com.kms.katalon.core.keyword.builtin.CallTestCaseKeyword$_callTestCase_closure1.doCall(CallTestCaseKeyword.groovy:59)
	at com.kms.katalon.core.keyword.builtin.CallTestCaseKeyword$_callTestCase_closure1.call(CallTestCaseKeyword.groovy)
	at com.kms.katalon.core.keyword.internal.KeywordMain.runKeyword(KeywordMain.groovy:75)
	at com.kms.katalon.core.keyword.builtin.CallTestCaseKeyword.callTestCase(CallTestCaseKeyword.groovy:81)
	at com.kms.katalon.core.keyword.builtin.CallTestCaseKeyword.execute(CallTestCaseKeyword.groovy:44)
	at com.kms.katalon.core.keyword.internal.KeywordExecutor.executeKeywordForPlatform(KeywordExecutor.groovy:74)
	at com.kms.katalon.core.keyword.BuiltinKeywords.callTestCase(BuiltinKeywords.groovy:310)
	at PBL-004.run(PBL-004:20)
	at com.kms.katalon.core.main.ScriptEngine.run(ScriptEngine.java:194)
	at com.kms.katalon.core.main.ScriptEngine.runScriptAsRawText(ScriptEngine.java:119)
	at com.kms.katalon.core.main.TestCaseExecutor.runScript(TestCaseExecutor.java:448)
	at com.kms.katalon.core.main.TestCaseExecutor.doExecute(TestCaseExecutor.java:439)
	at com.kms.katalon.core.main.TestCaseExecutor.processExecutionPhase(TestCaseExecutor.java:418)
	at com.kms.katalon.core.main.TestCaseExecutor.accessMainPhase(TestCaseExecutor.java:410)
	at com.kms.katalon.core.main.TestCaseExecutor.execute(TestCaseExecutor.java:285)
	at com.kms.katalon.core.main.TestCaseMain.runTestCase(TestCaseMain.java:144)
	at com.kms.katalon.core.keyword.builtin.CallTestCaseKeyword$_callTestCase_closure1.doCall(CallTestCaseKeyword.groovy:59)
	at com.kms.katalon.core.keyword.builtin.CallTestCaseKeyword$_callTestCase_closure1.call(CallTestCaseKeyword.groovy)
	at com.kms.katalon.core.keyword.internal.KeywordMain.runKeyword(KeywordMain.groovy:75)
	at com.kms.katalon.core.keyword.builtin.CallTestCaseKeyword.callTestCase(CallTestCaseKeyword.groovy:81)
	at com.kms.katalon.core.keyword.builtin.CallTestCaseKeyword.execute(CallTestCaseKeyword.groovy:44)
	at com.kms.katalon.core.keyword.internal.KeywordExecutor.executeKeywordForPlatform(KeywordExecutor.groovy:74)
	at com.kms.katalon.core.keyword.BuiltinKeywords.callTestCase(BuiltinKeywords.groovy:310)
	at PBY-001.run(PBY-001:20)
	at com.kms.katalon.core.main.ScriptEngine.run(ScriptEngine.java:194)
	at com.kms.katalon.core.main.ScriptEngine.runScriptAsRawText(ScriptEngine.java:119)
	at com.kms.katalon.core.main.TestCaseExecutor.runScript(TestCaseExecutor.java:448)
	at com.kms.katalon.core.main.TestCaseExecutor.doExecute(TestCaseExecutor.java:439)
	at com.kms.katalon.core.main.TestCaseExecutor.processExecutionPhase(TestCaseExecutor.java:418)
	at com.kms.katalon.core.main.TestCaseExecutor.accessMainPhase(TestCaseExecutor.java:410)
	at com.kms.katalon.core.main.TestCaseExecutor.execute(TestCaseExecutor.java:285)
	at com.kms.katalon.core.main.TestCaseMain.runTestCase(TestCaseMain.java:144)
	at com.kms.katalon.core.keyword.builtin.CallTestCaseKeyword$_callTestCase_closure1.doCall(CallTestCaseKeyword.groovy:59)
	at com.kms.katalon.core.keyword.builtin.CallTestCaseKeyword$_callTestCase_closure1.call(CallTestCaseKeyword.groovy)
	at com.kms.katalon.core.keyword.internal.KeywordMain.runKeyword(KeywordMain.groovy:75)
	at com.kms.katalon.core.keyword.builtin.CallTestCaseKeyword.callTestCase(CallTestCaseKeyword.groovy:81)
	at com.kms.katalon.core.keyword.builtin.CallTestCaseKeyword.execute(CallTestCaseKeyword.groovy:44)
	at com.kms.katalon.core.keyword.internal.KeywordExecutor.executeKeywordForPlatform(KeywordExecutor.groovy:74)
	at com.kms.katalon.core.keyword.BuiltinKeywords.callTestCase(BuiltinKeywords.groovy:310)
	at PBY-004.run(PBY-004:20)
	at com.kms.katalon.core.main.ScriptEngine.run(ScriptEngine.java:194)
	at com.kms.katalon.core.main.ScriptEngine.runScriptAsRawText(ScriptEngine.java:119)
	at com.kms.katalon.core.main.TestCaseExecutor.runScript(TestCaseExecutor.java:448)
	at com.kms.katalon.core.main.TestCaseExecutor.doExecute(TestCaseExecutor.java:439)
	at com.kms.katalon.core.main.TestCaseExecutor.processExecutionPhase(TestCaseExecutor.java:418)
	at com.kms.katalon.core.main.TestCaseExecutor.accessMainPhase(TestCaseExecutor.java:410)
	at com.kms.katalon.core.main.TestCaseExecutor.execute(TestCaseExecutor.java:285)
	at com.kms.katalon.core.main.TestCaseMain.runTestCase(TestCaseMain.java:144)
	at com.kms.katalon.core.keyword.builtin.CallTestCaseKeyword$_callTestCase_closure1.doCall(CallTestCaseKeyword.groovy:59)
	at com.kms.katalon.core.keyword.builtin.CallTestCaseKeyword$_callTestCase_closure1.call(CallTestCaseKeyword.groovy)
	at com.kms.katalon.core.keyword.internal.KeywordMain.runKeyword(KeywordMain.groovy:75)
	at com.kms.katalon.core.keyword.builtin.CallTestCaseKeyword.callTestCase(CallTestCaseKeyword.groovy:81)
	at com.kms.katalon.core.keyword.builtin.CallTestCaseKeyword.execute(CallTestCaseKeyword.groovy:44)
	at com.kms.katalon.core.keyword.internal.KeywordExecutor.executeKeywordForPlatform(KeywordExecutor.groovy:74)
	at com.kms.katalon.core.keyword.BuiltinKeywords.callTestCase(BuiltinKeywords.groovy:310)
	at PBYA-001.run(PBYA-001:20)
	at com.kms.katalon.core.main.ScriptEngine.run(ScriptEngine.java:194)
	at com.kms.katalon.core.main.ScriptEngine.runScriptAsRawText(ScriptEngine.java:119)
	at com.kms.katalon.core.main.TestCaseExecutor.runScript(TestCaseExecutor.java:448)
	at com.kms.katalon.core.main.TestCaseExecutor.doExecute(TestCaseExecutor.java:439)
	at com.kms.katalon.core.main.TestCaseExecutor.processExecutionPhase(TestCaseExecutor.java:418)
	at com.kms.katalon.core.main.TestCaseExecutor.accessMainPhase(TestCaseExecutor.java:410)
	at com.kms.katalon.core.main.TestCaseExecutor.execute(TestCaseExecutor.java:285)
	at com.kms.katalon.core.main.TestCaseMain.runTestCase(TestCaseMain.java:144)
	at com.kms.katalon.core.keyword.builtin.CallTestCaseKeyword$_callTestCase_closure1.doCall(CallTestCaseKeyword.groovy:59)
	at com.kms.katalon.core.keyword.builtin.CallTestCaseKeyword$_callTestCase_closure1.call(CallTestCaseKeyword.groovy)
	at com.kms.katalon.core.keyword.internal.KeywordMain.runKeyword(KeywordMain.groovy:75)
	at com.kms.katalon.core.keyword.builtin.CallTestCaseKeyword.callTestCase(CallTestCaseKeyword.groovy:81)
	at com.kms.katalon.core.keyword.builtin.CallTestCaseKeyword.execute(CallTestCaseKeyword.groovy:44)
	at com.kms.katalon.core.keyword.internal.KeywordExecutor.executeKeywordForPlatform(KeywordExecutor.groovy:74)
	at com.kms.katalon.core.keyword.BuiltinKeywords.callTestCase(BuiltinKeywords.groovy:310)
	at SA-001.run(SA-001:20)
	at com.kms.katalon.core.main.ScriptEngine.run(ScriptEngine.java:194)
	at com.kms.katalon.core.main.ScriptEngine.runScriptAsRawText(ScriptEngine.java:119)
	at com.kms.katalon.core.main.TestCaseExecutor.runScript(TestCaseExecutor.java:448)
	at com.kms.katalon.core.main.TestCaseExecutor.doExecute(TestCaseExecutor.java:439)
	at com.kms.katalon.core.main.TestCaseExecutor.processExecutionPhase(TestCaseExecutor.java:418)
	at com.kms.katalon.core.main.TestCaseExecutor.accessMainPhase(TestCaseExecutor.java:410)
	at com.kms.katalon.core.main.TestCaseExecutor.execute(TestCaseExecutor.java:285)
	at com.kms.katalon.core.main.TestCaseMain.runTestCase(TestCaseMain.java:144)
	at com.kms.katalon.core.keyword.builtin.CallTestCaseKeyword$_callTestCase_closure1.doCall(CallTestCaseKeyword.groovy:59)
	at com.kms.katalon.core.keyword.builtin.CallTestCaseKeyword$_callTestCase_closure1.call(CallTestCaseKeyword.groovy)
	at com.kms.katalon.core.keyword.internal.KeywordMain.runKeyword(KeywordMain.groovy:75)
	at com.kms.katalon.core.keyword.builtin.CallTestCaseKeyword.callTestCase(CallTestCaseKeyword.groovy:81)
	at com.kms.katalon.core.keyword.builtin.CallTestCaseKeyword.execute(CallTestCaseKeyword.groovy:44)
	at com.kms.katalon.core.keyword.internal.KeywordExecutor.executeKeywordForPlatform(KeywordExecutor.groovy:74)
	at com.kms.katalon.core.keyword.BuiltinKeywords.callTestCase(BuiltinKeywords.groovy:310)
	at SA-002.run(SA-002:20)
	at com.kms.katalon.core.main.ScriptEngine.run(ScriptEngine.java:194)
	at com.kms.katalon.core.main.ScriptEngine.runScriptAsRawText(ScriptEngine.java:119)
	at com.kms.katalon.core.main.TestCaseExecutor.runScript(TestCaseExecutor.java:448)
	at com.kms.katalon.core.main.TestCaseExecutor.doExecute(TestCaseExecutor.java:439)
	at com.kms.katalon.core.main.TestCaseExecutor.processExecutionPhase(TestCaseExecutor.java:418)
	at com.kms.katalon.core.main.TestCaseExecutor.accessMainPhase(TestCaseExecutor.java:410)
	at com.kms.katalon.core.main.TestCaseExecutor.execute(TestCaseExecutor.java:285)
	at com.kms.katalon.core.main.TestCaseMain.runTestCase(TestCaseMain.java:144)
	at com.kms.katalon.core.keyword.builtin.CallTestCaseKeyword$_callTestCase_closure1.doCall(CallTestCaseKeyword.groovy:59)
	at com.kms.katalon.core.keyword.builtin.CallTestCaseKeyword$_callTestCase_closure1.call(CallTestCaseKeyword.groovy)
	at com.kms.katalon.core.keyword.internal.KeywordMain.runKeyword(KeywordMain.groovy:75)
	at com.kms.katalon.core.keyword.builtin.CallTestCaseKeyword.callTestCase(CallTestCaseKeyword.groovy:81)
	at com.kms.katalon.core.keyword.builtin.CallTestCaseKeyword.execute(CallTestCaseKeyword.groovy:44)
	at com.kms.katalon.core.keyword.internal.KeywordExecutor.executeKeywordForPlatform(KeywordExecutor.groovy:74)
	at com.kms.katalon.core.keyword.BuiltinKeywords.callTestCase(BuiltinKeywords.groovy:310)
	at SA-006.run(SA-006:20)
	at com.kms.katalon.core.main.ScriptEngine.run(ScriptEngine.java:194)
	at com.kms.katalon.core.main.ScriptEngine.runScriptAsRawText(ScriptEngine.java:119)
	at com.kms.katalon.core.main.TestCaseExecutor.runScript(TestCaseExecutor.java:448)
	at com.kms.katalon.core.main.TestCaseExecutor.doExecute(TestCaseExecutor.java:439)
	at com.kms.katalon.core.main.TestCaseExecutor.processExecutionPhase(TestCaseExecutor.java:418)
	at com.kms.katalon.core.main.TestCaseExecutor.accessMainPhase(TestCaseExecutor.java:410)
	at com.kms.katalon.core.main.TestCaseExecutor.execute(TestCaseExecutor.java:285)
	at com.kms.katalon.core.main.TestCaseMain.runTestCase(TestCaseMain.java:144)
	at com.kms.katalon.core.keyword.builtin.CallTestCaseKeyword$_callTestCase_closure1.doCall(CallTestCaseKeyword.groovy:59)
	at com.kms.katalon.core.keyword.builtin.CallTestCaseKeyword$_callTestCase_closure1.call(CallTestCaseKeyword.groovy)
	at com.kms.katalon.core.keyword.internal.KeywordMain.runKeyword(KeywordMain.groovy:75)
	at com.kms.katalon.core.keyword.builtin.CallTestCaseKeyword.callTestCase(CallTestCaseKeyword.groovy:81)
	at com.kms.katalon.core.keyword.builtin.CallTestCaseKeyword.execute(CallTestCaseKeyword.groovy:44)
	at com.kms.katalon.core.keyword.internal.KeywordExecutor.executeKeywordForPlatform(KeywordExecutor.groovy:74)
	at com.kms.katalon.core.keyword.BuiltinKeywords.callTestCase(BuiltinKeywords.groovy:310)
	at SU-005.run(SU-005:20)
	at com.kms.katalon.core.main.ScriptEngine.run(ScriptEngine.java:194)
	at com.kms.katalon.core.main.ScriptEngine.runScriptAsRawText(ScriptEngine.java:119)
	at com.kms.katalon.core.main.TestCaseExecutor.runScript(TestCaseExecutor.java:448)
	at com.kms.katalon.core.main.TestCaseExecutor.doExecute(TestCaseExecutor.java:439)
	at com.kms.katalon.core.main.TestCaseExecutor.processExecutionPhase(TestCaseExecutor.java:418)
	at com.kms.katalon.core.main.TestCaseExecutor.accessMainPhase(TestCaseExecutor.java:410)
	at com.kms.katalon.core.main.TestCaseExecutor.execute(TestCaseExecutor.java:285)
	at com.kms.katalon.core.common.CommonExecutor.accessTestCaseMainPhase(CommonExecutor.java:65)
	at com.kms.katalon.core.main.TestSuiteExecutor.accessTestSuiteMainPhase(TestSuiteExecutor.java:148)
	at com.kms.katalon.core.main.TestSuiteExecutor.execute(TestSuiteExecutor.java:106)
	at com.kms.katalon.core.main.TestCaseMain.startTestSuite(TestCaseMain.java:187)
	at com.kms.katalon.core.main.TestCaseMain$startTestSuite$0.call(Unknown Source)
	at TempTestSuite1696424348948.run(TempTestSuite1696424348948.groovy:36)


2023-10-04 20:46:46 - [MESSAGE][FAILED] - Unable to call Test Case 'Test Cases/T13 Pembelian, Shipment dan Pembayaran/PBL-001' (Root cause: com.kms.katalon.core.exception.StepFailedException: Call Test Case 'Test Cases/T13 Pembelian, Shipment dan Pembayaran/PBL-001' failed
	at com.kms.katalon.core.keyword.builtin.CallTestCaseKeyword$_callTestCase_closure1.doCall(CallTestCaseKeyword.groovy:63)
	at com.kms.katalon.core.keyword.builtin.CallTestCaseKeyword$_callTestCase_closure1.call(CallTestCaseKeyword.groovy)
	at com.kms.katalon.core.keyword.internal.KeywordMain.runKeyword(KeywordMain.groovy:75)
	at com.kms.katalon.core.keyword.builtin.CallTestCaseKeyword.callTestCase(CallTestCaseKeyword.groovy:81)
	at com.kms.katalon.core.keyword.builtin.CallTestCaseKeyword.execute(CallTestCaseKeyword.groovy:44)
	at com.kms.katalon.core.keyword.internal.KeywordExecutor.executeKeywordForPlatform(KeywordExecutor.groovy:74)
	at com.kms.katalon.core.keyword.BuiltinKeywords.callTestCase(BuiltinKeywords.groovy:310)
	at PBL-002.run(PBL-002:20)
	at com.kms.katalon.core.main.ScriptEngine.run(ScriptEngine.java:194)
	at com.kms.katalon.core.main.ScriptEngine.runScriptAsRawText(ScriptEngine.java:119)
	at com.kms.katalon.core.main.TestCaseExecutor.runScript(TestCaseExecutor.java:448)
	at com.kms.katalon.core.main.TestCaseExecutor.doExecute(TestCaseExecutor.java:439)
	at com.kms.katalon.core.main.TestCaseExecutor.processExecutionPhase(TestCaseExecutor.java:418)
	at com.kms.katalon.core.main.TestCaseExecutor.accessMainPhase(TestCaseExecutor.java:410)
	at com.kms.katalon.core.main.TestCaseExecutor.execute(TestCaseExecutor.java:285)
	at com.kms.katalon.core.main.TestCaseMain.runTestCase(TestCaseMain.java:144)
	at com.kms.katalon.core.keyword.builtin.CallTestCaseKeyword$_callTestCase_closure1.doCall(CallTestCaseKeyword.groovy:59)
	at com.kms.katalon.core.keyword.builtin.CallTestCaseKeyword$_callTestCase_closure1.call(CallTestCaseKeyword.groovy)
	at com.kms.katalon.core.keyword.internal.KeywordMain.runKeyword(KeywordMain.groovy:75)
	at com.kms.katalon.core.keyword.builtin.CallTestCaseKeyword.callTestCase(CallTestCaseKeyword.groovy:81)
	at com.kms.katalon.core.keyword.builtin.CallTestCaseKeyword.execute(CallTestCaseKeyword.groovy:44)
	at com.kms.katalon.core.keyword.internal.KeywordExecutor.executeKeywordForPlatform(KeywordExecutor.groovy:74)
	at com.kms.katalon.core.keyword.BuiltinKeywords.callTestCase(BuiltinKeywords.groovy:310)
	at PBL-004.run(PBL-004:20)
	at com.kms.katalon.core.main.ScriptEngine.run(ScriptEngine.java:194)
	at com.kms.katalon.core.main.ScriptEngine.runScriptAsRawText(ScriptEngine.java:119)
	at com.kms.katalon.core.main.TestCaseExecutor.runScript(TestCaseExecutor.java:448)
	at com.kms.katalon.core.main.TestCaseExecutor.doExecute(TestCaseExecutor.java:439)
	at com.kms.katalon.core.main.TestCaseExecutor.processExecutionPhase(TestCaseExecutor.java:418)
	at com.kms.katalon.core.main.TestCaseExecutor.accessMainPhase(TestCaseExecutor.java:410)
	at com.kms.katalon.core.main.TestCaseExecutor.execute(TestCaseExecutor.java:285)
	at com.kms.katalon.core.main.TestCaseMain.runTestCase(TestCaseMain.java:144)
	at com.kms.katalon.core.keyword.builtin.CallTestCaseKeyword$_callTestCase_closure1.doCall(CallTestCaseKeyword.groovy:59)
	at com.kms.katalon.core.keyword.builtin.CallTestCaseKeyword$_callTestCase_closure1.call(CallTestCaseKeyword.groovy)
	at com.kms.katalon.core.keyword.internal.KeywordMain.runKeyword(KeywordMain.groovy:75)
	at com.kms.katalon.core.keyword.builtin.CallTestCaseKeyword.callTestCase(CallTestCaseKeyword.groovy:81)
	at com.kms.katalon.core.keyword.builtin.CallTestCaseKeyword.execute(CallTestCaseKeyword.groovy:44)
	at com.kms.katalon.core.keyword.internal.KeywordExecutor.executeKeywordForPlatform(KeywordExecutor.groovy:74)
	at com.kms.katalon.core.keyword.BuiltinKeywords.callTestCase(BuiltinKeywords.groovy:310)
	at PBY-001.run(PBY-001:20)
	at com.kms.katalon.core.main.ScriptEngine.run(ScriptEngine.java:194)
	at com.kms.katalon.core.main.ScriptEngine.runScriptAsRawText(ScriptEngine.java:119)
	at com.kms.katalon.core.main.TestCaseExecutor.runScript(TestCaseExecutor.java:448)
	at com.kms.katalon.core.main.TestCaseExecutor.doExecute(TestCaseExecutor.java:439)
	at com.kms.katalon.core.main.TestCaseExecutor.processExecutionPhase(TestCaseExecutor.java:418)
	at com.kms.katalon.core.main.TestCaseExecutor.accessMainPhase(TestCaseExecutor.java:410)
	at com.kms.katalon.core.main.TestCaseExecutor.execute(TestCaseExecutor.java:285)
	at com.kms.katalon.core.main.TestCaseMain.runTestCase(TestCaseMain.java:144)
	at com.kms.katalon.core.keyword.builtin.CallTestCaseKeyword$_callTestCase_closure1.doCall(CallTestCaseKeyword.groovy:59)
	at com.kms.katalon.core.keyword.builtin.CallTestCaseKeyword$_callTestCase_closure1.call(CallTestCaseKeyword.groovy)
	at com.kms.katalon.core.keyword.internal.KeywordMain.runKeyword(KeywordMain.groovy:75)
	at com.kms.katalon.core.keyword.builtin.CallTestCaseKeyword.callTestCase(CallTestCaseKeyword.groovy:81)
	at com.kms.katalon.core.keyword.builtin.CallTestCaseKeyword.execute(CallTestCaseKeyword.groovy:44)
	at com.kms.katalon.core.keyword.internal.KeywordExecutor.executeKeywordForPlatform(KeywordExecutor.groovy:74)
	at com.kms.katalon.core.keyword.BuiltinKeywords.callTestCase(BuiltinKeywords.groovy:310)
	at PBY-004.run(PBY-004:20)
	at com.kms.katalon.core.main.ScriptEngine.run(ScriptEngine.java:194)
	at com.kms.katalon.core.main.ScriptEngine.runScriptAsRawText(ScriptEngine.java:119)
	at com.kms.katalon.core.main.TestCaseExecutor.runScript(TestCaseExecutor.java:448)
	at com.kms.katalon.core.main.TestCaseExecutor.doExecute(TestCaseExecutor.java:439)
	at com.kms.katalon.core.main.TestCaseExecutor.processExecutionPhase(TestCaseExecutor.java:418)
	at com.kms.katalon.core.main.TestCaseExecutor.accessMainPhase(TestCaseExecutor.java:410)
	at com.kms.katalon.core.main.TestCaseExecutor.execute(TestCaseExecutor.java:285)
	at com.kms.katalon.core.main.TestCaseMain.runTestCase(TestCaseMain.java:144)
	at com.kms.katalon.core.keyword.builtin.CallTestCaseKeyword$_callTestCase_closure1.doCall(CallTestCaseKeyword.groovy:59)
	at com.kms.katalon.core.keyword.builtin.CallTestCaseKeyword$_callTestCase_closure1.call(CallTestCaseKeyword.groovy)
	at com.kms.katalon.core.keyword.internal.KeywordMain.runKeyword(KeywordMain.groovy:75)
	at com.kms.katalon.core.keyword.builtin.CallTestCaseKeyword.callTestCase(CallTestCaseKeyword.groovy:81)
	at com.kms.katalon.core.keyword.builtin.CallTestCaseKeyword.execute(CallTestCaseKeyword.groovy:44)
	at com.kms.katalon.core.keyword.internal.KeywordExecutor.executeKeywordForPlatform(KeywordExecutor.groovy:74)
	at com.kms.katalon.core.keyword.BuiltinKeywords.callTestCase(BuiltinKeywords.groovy:310)
	at PBYA-001.run(PBYA-001:20)
	at com.kms.katalon.core.main.ScriptEngine.run(ScriptEngine.java:194)
	at com.kms.katalon.core.main.ScriptEngine.runScriptAsRawText(ScriptEngine.java:119)
	at com.kms.katalon.core.main.TestCaseExecutor.runScript(TestCaseExecutor.java:448)
	at com.kms.katalon.core.main.TestCaseExecutor.doExecute(TestCaseExecutor.java:439)
	at com.kms.katalon.core.main.TestCaseExecutor.processExecutionPhase(TestCaseExecutor.java:418)
	at com.kms.katalon.core.main.TestCaseExecutor.accessMainPhase(TestCaseExecutor.java:410)
	at com.kms.katalon.core.main.TestCaseExecutor.execute(TestCaseExecutor.java:285)
	at com.kms.katalon.core.main.TestCaseMain.runTestCase(TestCaseMain.java:144)
	at com.kms.katalon.core.keyword.builtin.CallTestCaseKeyword$_callTestCase_closure1.doCall(CallTestCaseKeyword.groovy:59)
	at com.kms.katalon.core.keyword.builtin.CallTestCaseKeyword$_callTestCase_closure1.call(CallTestCaseKeyword.groovy)
	at com.kms.katalon.core.keyword.internal.KeywordMain.runKeyword(KeywordMain.groovy:75)
	at com.kms.katalon.core.keyword.builtin.CallTestCaseKeyword.callTestCase(CallTestCaseKeyword.groovy:81)
	at com.kms.katalon.core.keyword.builtin.CallTestCaseKeyword.execute(CallTestCaseKeyword.groovy:44)
	at com.kms.katalon.core.keyword.internal.KeywordExecutor.executeKeywordForPlatform(KeywordExecutor.groovy:74)
	at com.kms.katalon.core.keyword.BuiltinKeywords.callTestCase(BuiltinKeywords.groovy:310)
	at SA-001.run(SA-001:20)
	at com.kms.katalon.core.main.ScriptEngine.run(ScriptEngine.java:194)
	at com.kms.katalon.core.main.ScriptEngine.runScriptAsRawText(ScriptEngine.java:119)
	at com.kms.katalon.core.main.TestCaseExecutor.runScript(TestCaseExecutor.java:448)
	at com.kms.katalon.core.main.TestCaseExecutor.doExecute(TestCaseExecutor.java:439)
	at com.kms.katalon.core.main.TestCaseExecutor.processExecutionPhase(TestCaseExecutor.java:418)
	at com.kms.katalon.core.main.TestCaseExecutor.accessMainPhase(TestCaseExecutor.java:410)
	at com.kms.katalon.core.main.TestCaseExecutor.execute(TestCaseExecutor.java:285)
	at com.kms.katalon.core.main.TestCaseMain.runTestCase(TestCaseMain.java:144)
	at com.kms.katalon.core.keyword.builtin.CallTestCaseKeyword$_callTestCase_closure1.doCall(CallTestCaseKeyword.groovy:59)
	at com.kms.katalon.core.keyword.builtin.CallTestCaseKeyword$_callTestCase_closure1.call(CallTestCaseKeyword.groovy)
	at com.kms.katalon.core.keyword.internal.KeywordMain.runKeyword(KeywordMain.groovy:75)
	at com.kms.katalon.core.keyword.builtin.CallTestCaseKeyword.callTestCase(CallTestCaseKeyword.groovy:81)
	at com.kms.katalon.core.keyword.builtin.CallTestCaseKeyword.execute(CallTestCaseKeyword.groovy:44)
	at com.kms.katalon.core.keyword.internal.KeywordExecutor.executeKeywordForPlatform(KeywordExecutor.groovy:74)
	at com.kms.katalon.core.keyword.BuiltinKeywords.callTestCase(BuiltinKeywords.groovy:310)
	at SA-002.run(SA-002:20)
	at com.kms.katalon.core.main.ScriptEngine.run(ScriptEngine.java:194)
	at com.kms.katalon.core.main.ScriptEngine.runScriptAsRawText(ScriptEngine.java:119)
	at com.kms.katalon.core.main.TestCaseExecutor.runScript(TestCaseExecutor.java:448)
	at com.kms.katalon.core.main.TestCaseExecutor.doExecute(TestCaseExecutor.java:439)
	at com.kms.katalon.core.main.TestCaseExecutor.processExecutionPhase(TestCaseExecutor.java:418)
	at com.kms.katalon.core.main.TestCaseExecutor.accessMainPhase(TestCaseExecutor.java:410)
	at com.kms.katalon.core.main.TestCaseExecutor.execute(TestCaseExecutor.java:285)
	at com.kms.katalon.core.main.TestCaseMain.runTestCase(TestCaseMain.java:144)
	at com.kms.katalon.core.keyword.builtin.CallTestCaseKeyword$_callTestCase_closure1.doCall(CallTestCaseKeyword.groovy:59)
	at com.kms.katalon.core.keyword.builtin.CallTestCaseKeyword$_callTestCase_closure1.call(CallTestCaseKeyword.groovy)
	at com.kms.katalon.core.keyword.internal.KeywordMain.runKeyword(KeywordMain.groovy:75)
	at com.kms.katalon.core.keyword.builtin.CallTestCaseKeyword.callTestCase(CallTestCaseKeyword.groovy:81)
	at com.kms.katalon.core.keyword.builtin.CallTestCaseKeyword.execute(CallTestCaseKeyword.groovy:44)
	at com.kms.katalon.core.keyword.internal.KeywordExecutor.executeKeywordForPlatform(KeywordExecutor.groovy:74)
	at com.kms.katalon.core.keyword.BuiltinKeywords.callTestCase(BuiltinKeywords.groovy:310)
	at SA-006.run(SA-006:20)
	at com.kms.katalon.core.main.ScriptEngine.run(ScriptEngine.java:194)
	at com.kms.katalon.core.main.ScriptEngine.runScriptAsRawText(ScriptEngine.java:119)
	at com.kms.katalon.core.main.TestCaseExecutor.runScript(TestCaseExecutor.java:448)
	at com.kms.katalon.core.main.TestCaseExecutor.doExecute(TestCaseExecutor.java:439)
	at com.kms.katalon.core.main.TestCaseExecutor.processExecutionPhase(TestCaseExecutor.java:418)
	at com.kms.katalon.core.main.TestCaseExecutor.accessMainPhase(TestCaseExecutor.java:410)
	at com.kms.katalon.core.main.TestCaseExecutor.execute(TestCaseExecutor.java:285)
	at com.kms.katalon.core.main.TestCaseMain.runTestCase(TestCaseMain.java:144)
	at com.kms.katalon.core.keyword.builtin.CallTestCaseKeyword$_callTestCase_closure1.doCall(CallTestCaseKeyword.groovy:59)
	at com.kms.katalon.core.keyword.builtin.CallTestCaseKeyword$_callTestCase_closure1.call(CallTestCaseKeyword.groovy)
	at com.kms.katalon.core.keyword.internal.KeywordMain.runKeyword(KeywordMain.groovy:75)
	at com.kms.katalon.core.keyword.builtin.CallTestCaseKeyword.callTestCase(CallTestCaseKeyword.groovy:81)
	at com.kms.katalon.core.keyword.builtin.CallTestCaseKeyword.execute(CallTestCaseKeyword.groovy:44)
	at com.kms.katalon.core.keyword.internal.KeywordExecutor.executeKeywordForPlatform(KeywordExecutor.groovy:74)
	at com.kms.katalon.core.keyword.BuiltinKeywords.callTestCase(BuiltinKeywords.groovy:310)
	at SU-005.run(SU-005:20)
	at com.kms.katalon.core.main.ScriptEngine.run(ScriptEngine.java:194)
	at com.kms.katalon.core.main.ScriptEngine.runScriptAsRawText(ScriptEngine.java:119)
	at com.kms.katalon.core.main.TestCaseExecutor.runScript(TestCaseExecutor.java:448)
	at com.kms.katalon.core.main.TestCaseExecutor.doExecute(TestCaseExecutor.java:439)
	at com.kms.katalon.core.main.TestCaseExecutor.processExecutionPhase(TestCaseExecutor.java:418)
	at com.kms.katalon.core.main.TestCaseExecutor.accessMainPhase(TestCaseExecutor.java:410)
	at com.kms.katalon.core.main.TestCaseExecutor.execute(TestCaseExecutor.java:285)
	at com.kms.katalon.core.common.CommonExecutor.accessTestCaseMainPhase(CommonExecutor.java:65)
	at com.kms.katalon.core.main.TestSuiteExecutor.accessTestSuiteMainPhase(TestSuiteExecutor.java:148)
	at com.kms.katalon.core.main.TestSuiteExecutor.execute(TestSuiteExecutor.java:106)
	at com.kms.katalon.core.main.TestCaseMain.startTestSuite(TestCaseMain.java:187)
	at com.kms.katalon.core.main.TestCaseMain$startTestSuite$0.call(Unknown Source)
	at TempTestSuite1696424348948.run(TempTestSuite1696424348948.groovy:36)
Caused by: Assertion failed: 

assert NamaSesudah.contains(NamaSebelum)
       |           |        |
       |           false    Segitiga Instan Madeira - MDB5.3 Sunse,..
       Segitiga Instan Madeira - MDB5.3 Sunset

	at PBL-001.run(PBL-001:39)
	at com.kms.katalon.core.main.ScriptEngine.run(ScriptEngine.java:194)
	at com.kms.katalon.core.main.ScriptEngine.runScriptAsRawText(ScriptEngine.java:119)
	at com.kms.katalon.core.main.TestCaseExecutor.runScript(TestCaseExecutor.java:448)
	at com.kms.katalon.core.main.TestCaseExecutor.doExecute(TestCaseExecutor.java:439)
	at com.kms.katalon.core.main.TestCaseExecutor.processExecutionPhase(TestCaseExecutor.java:418)
	at com.kms.katalon.core.main.TestCaseExecutor.accessMainPhase(TestCaseExecutor.java:410)
	at com.kms.katalon.core.main.TestCaseExecutor.execute(TestCaseExecutor.java:285)
	at com.kms.katalon.core.main.TestCaseMain.runTestCase(TestCaseMain.java:144)
	at com.kms.katalon.core.keyword.builtin.CallTestCaseKeyword$_callTestCase_closure1.doCall(CallTestCaseKeyword.groovy:59)
	... 148 more
)

2023-10-04 20:46:46 - [MESSAGE][FAILED] - Unable to call Test Case 'Test Cases/T13 Pembelian, Shipment dan Pembayaran/PBL-002' (Root cause: com.kms.katalon.core.exception.StepFailedException: Call Test Case 'Test Cases/T13 Pembelian, Shipment dan Pembayaran/PBL-002' failed
	at com.kms.katalon.core.keyword.builtin.CallTestCaseKeyword$_callTestCase_closure1.doCall(CallTestCaseKeyword.groovy:63)
	at com.kms.katalon.core.keyword.builtin.CallTestCaseKeyword$_callTestCase_closure1.call(CallTestCaseKeyword.groovy)
	at com.kms.katalon.core.keyword.internal.KeywordMain.runKeyword(KeywordMain.groovy:75)
	at com.kms.katalon.core.keyword.builtin.CallTestCaseKeyword.callTestCase(CallTestCaseKeyword.groovy:81)
	at com.kms.katalon.core.keyword.builtin.CallTestCaseKeyword.execute(CallTestCaseKeyword.groovy:44)
	at com.kms.katalon.core.keyword.internal.KeywordExecutor.executeKeywordForPlatform(KeywordExecutor.groovy:74)
	at com.kms.katalon.core.keyword.BuiltinKeywords.callTestCase(BuiltinKeywords.groovy:310)
	at PBL-004.run(PBL-004:20)
	at com.kms.katalon.core.main.ScriptEngine.run(ScriptEngine.java:194)
	at com.kms.katalon.core.main.ScriptEngine.runScriptAsRawText(ScriptEngine.java:119)
	at com.kms.katalon.core.main.TestCaseExecutor.runScript(TestCaseExecutor.java:448)
	at com.kms.katalon.core.main.TestCaseExecutor.doExecute(TestCaseExecutor.java:439)
	at com.kms.katalon.core.main.TestCaseExecutor.processExecutionPhase(TestCaseExecutor.java:418)
	at com.kms.katalon.core.main.TestCaseExecutor.accessMainPhase(TestCaseExecutor.java:410)
	at com.kms.katalon.core.main.TestCaseExecutor.execute(TestCaseExecutor.java:285)
	at com.kms.katalon.core.main.TestCaseMain.runTestCase(TestCaseMain.java:144)
	at com.kms.katalon.core.keyword.builtin.CallTestCaseKeyword$_callTestCase_closure1.doCall(CallTestCaseKeyword.groovy:59)
	at com.kms.katalon.core.keyword.builtin.CallTestCaseKeyword$_callTestCase_closure1.call(CallTestCaseKeyword.groovy)
	at com.kms.katalon.core.keyword.internal.KeywordMain.runKeyword(KeywordMain.groovy:75)
	at com.kms.katalon.core.keyword.builtin.CallTestCaseKeyword.callTestCase(CallTestCaseKeyword.groovy:81)
	at com.kms.katalon.core.keyword.builtin.CallTestCaseKeyword.execute(CallTestCaseKeyword.groovy:44)
	at com.kms.katalon.core.keyword.internal.KeywordExecutor.executeKeywordForPlatform(KeywordExecutor.groovy:74)
	at com.kms.katalon.core.keyword.BuiltinKeywords.callTestCase(BuiltinKeywords.groovy:310)
	at PBY-001.run(PBY-001:20)
	at com.kms.katalon.core.main.ScriptEngine.run(ScriptEngine.java:194)
	at com.kms.katalon.core.main.ScriptEngine.runScriptAsRawText(ScriptEngine.java:119)
	at com.kms.katalon.core.main.TestCaseExecutor.runScript(TestCaseExecutor.java:448)
	at com.kms.katalon.core.main.TestCaseExecutor.doExecute(TestCaseExecutor.java:439)
	at com.kms.katalon.core.main.TestCaseExecutor.processExecutionPhase(TestCaseExecutor.java:418)
	at com.kms.katalon.core.main.TestCaseExecutor.accessMainPhase(TestCaseExecutor.java:410)
	at com.kms.katalon.core.main.TestCaseExecutor.execute(TestCaseExecutor.java:285)
	at com.kms.katalon.core.main.TestCaseMain.runTestCase(TestCaseMain.java:144)
	at com.kms.katalon.core.keyword.builtin.CallTestCaseKeyword$_callTestCase_closure1.doCall(CallTestCaseKeyword.groovy:59)
	at com.kms.katalon.core.keyword.builtin.CallTestCaseKeyword$_callTestCase_closure1.call(CallTestCaseKeyword.groovy)
	at com.kms.katalon.core.keyword.internal.KeywordMain.runKeyword(KeywordMain.groovy:75)
	at com.kms.katalon.core.keyword.builtin.CallTestCaseKeyword.callTestCase(CallTestCaseKeyword.groovy:81)
	at com.kms.katalon.core.keyword.builtin.CallTestCaseKeyword.execute(CallTestCaseKeyword.groovy:44)
	at com.kms.katalon.core.keyword.internal.KeywordExecutor.executeKeywordForPlatform(KeywordExecutor.groovy:74)
	at com.kms.katalon.core.keyword.BuiltinKeywords.callTestCase(BuiltinKeywords.groovy:310)
	at PBY-004.run(PBY-004:20)
	at com.kms.katalon.core.main.ScriptEngine.run(ScriptEngine.java:194)
	at com.kms.katalon.core.main.ScriptEngine.runScriptAsRawText(ScriptEngine.java:119)
	at com.kms.katalon.core.main.TestCaseExecutor.runScript(TestCaseExecutor.java:448)
	at com.kms.katalon.core.main.TestCaseExecutor.doExecute(TestCaseExecutor.java:439)
	at com.kms.katalon.core.main.TestCaseExecutor.processExecutionPhase(TestCaseExecutor.java:418)
	at com.kms.katalon.core.main.TestCaseExecutor.accessMainPhase(TestCaseExecutor.java:410)
	at com.kms.katalon.core.main.TestCaseExecutor.execute(TestCaseExecutor.java:285)
	at com.kms.katalon.core.main.TestCaseMain.runTestCase(TestCaseMain.java:144)
	at com.kms.katalon.core.keyword.builtin.CallTestCaseKeyword$_callTestCase_closure1.doCall(CallTestCaseKeyword.groovy:59)
	at com.kms.katalon.core.keyword.builtin.CallTestCaseKeyword$_callTestCase_closure1.call(CallTestCaseKeyword.groovy)
	at com.kms.katalon.core.keyword.internal.KeywordMain.runKeyword(KeywordMain.groovy:75)
	at com.kms.katalon.core.keyword.builtin.CallTestCaseKeyword.callTestCase(CallTestCaseKeyword.groovy:81)
	at com.kms.katalon.core.keyword.builtin.CallTestCaseKeyword.execute(CallTestCaseKeyword.groovy:44)
	at com.kms.katalon.core.keyword.internal.KeywordExecutor.executeKeywordForPlatform(KeywordExecutor.groovy:74)
	at com.kms.katalon.core.keyword.BuiltinKeywords.callTestCase(BuiltinKeywords.groovy:310)
	at PBYA-001.run(PBYA-001:20)
	at com.kms.katalon.core.main.ScriptEngine.run(ScriptEngine.java:194)
	at com.kms.katalon.core.main.ScriptEngine.runScriptAsRawText(ScriptEngine.java:119)
	at com.kms.katalon.core.main.TestCaseExecutor.runScript(TestCaseExecutor.java:448)
	at com.kms.katalon.core.main.TestCaseExecutor.doExecute(TestCaseExecutor.java:439)
	at com.kms.katalon.core.main.TestCaseExecutor.processExecutionPhase(TestCaseExecutor.java:418)
	at com.kms.katalon.core.main.TestCaseExecutor.accessMainPhase(TestCaseExecutor.java:410)
	at com.kms.katalon.core.main.TestCaseExecutor.execute(TestCaseExecutor.java:285)
	at com.kms.katalon.core.main.TestCaseMain.runTestCase(TestCaseMain.java:144)
	at com.kms.katalon.core.keyword.builtin.CallTestCaseKeyword$_callTestCase_closure1.doCall(CallTestCaseKeyword.groovy:59)
	at com.kms.katalon.core.keyword.builtin.CallTestCaseKeyword$_callTestCase_closure1.call(CallTestCaseKeyword.groovy)
	at com.kms.katalon.core.keyword.internal.KeywordMain.runKeyword(KeywordMain.groovy:75)
	at com.kms.katalon.core.keyword.builtin.CallTestCaseKeyword.callTestCase(CallTestCaseKeyword.groovy:81)
	at com.kms.katalon.core.keyword.builtin.CallTestCaseKeyword.execute(CallTestCaseKeyword.groovy:44)
	at com.kms.katalon.core.keyword.internal.KeywordExecutor.executeKeywordForPlatform(KeywordExecutor.groovy:74)
	at com.kms.katalon.core.keyword.BuiltinKeywords.callTestCase(BuiltinKeywords.groovy:310)
	at SA-001.run(SA-001:20)
	at com.kms.katalon.core.main.ScriptEngine.run(ScriptEngine.java:194)
	at com.kms.katalon.core.main.ScriptEngine.runScriptAsRawText(ScriptEngine.java:119)
	at com.kms.katalon.core.main.TestCaseExecutor.runScript(TestCaseExecutor.java:448)
	at com.kms.katalon.core.main.TestCaseExecutor.doExecute(TestCaseExecutor.java:439)
	at com.kms.katalon.core.main.TestCaseExecutor.processExecutionPhase(TestCaseExecutor.java:418)
	at com.kms.katalon.core.main.TestCaseExecutor.accessMainPhase(TestCaseExecutor.java:410)
	at com.kms.katalon.core.main.TestCaseExecutor.execute(TestCaseExecutor.java:285)
	at com.kms.katalon.core.main.TestCaseMain.runTestCase(TestCaseMain.java:144)
	at com.kms.katalon.core.keyword.builtin.CallTestCaseKeyword$_callTestCase_closure1.doCall(CallTestCaseKeyword.groovy:59)
	at com.kms.katalon.core.keyword.builtin.CallTestCaseKeyword$_callTestCase_closure1.call(CallTestCaseKeyword.groovy)
	at com.kms.katalon.core.keyword.internal.KeywordMain.runKeyword(KeywordMain.groovy:75)
	at com.kms.katalon.core.keyword.builtin.CallTestCaseKeyword.callTestCase(CallTestCaseKeyword.groovy:81)
	at com.kms.katalon.core.keyword.builtin.CallTestCaseKeyword.execute(CallTestCaseKeyword.groovy:44)
	at com.kms.katalon.core.keyword.internal.KeywordExecutor.executeKeywordForPlatform(KeywordExecutor.groovy:74)
	at com.kms.katalon.core.keyword.BuiltinKeywords.callTestCase(BuiltinKeywords.groovy:310)
	at SA-002.run(SA-002:20)
	at com.kms.katalon.core.main.ScriptEngine.run(ScriptEngine.java:194)
	at com.kms.katalon.core.main.ScriptEngine.runScriptAsRawText(ScriptEngine.java:119)
	at com.kms.katalon.core.main.TestCaseExecutor.runScript(TestCaseExecutor.java:448)
	at com.kms.katalon.core.main.TestCaseExecutor.doExecute(TestCaseExecutor.java:439)
	at com.kms.katalon.core.main.TestCaseExecutor.processExecutionPhase(TestCaseExecutor.java:418)
	at com.kms.katalon.core.main.TestCaseExecutor.accessMainPhase(TestCaseExecutor.java:410)
	at com.kms.katalon.core.main.TestCaseExecutor.execute(TestCaseExecutor.java:285)
	at com.kms.katalon.core.main.TestCaseMain.runTestCase(TestCaseMain.java:144)
	at com.kms.katalon.core.keyword.builtin.CallTestCaseKeyword$_callTestCase_closure1.doCall(CallTestCaseKeyword.groovy:59)
	at com.kms.katalon.core.keyword.builtin.CallTestCaseKeyword$_callTestCase_closure1.call(CallTestCaseKeyword.groovy)
	at com.kms.katalon.core.keyword.internal.KeywordMain.runKeyword(KeywordMain.groovy:75)
	at com.kms.katalon.core.keyword.builtin.CallTestCaseKeyword.callTestCase(CallTestCaseKeyword.groovy:81)
	at com.kms.katalon.core.keyword.builtin.CallTestCaseKeyword.execute(CallTestCaseKeyword.groovy:44)
	at com.kms.katalon.core.keyword.internal.KeywordExecutor.executeKeywordForPlatform(KeywordExecutor.groovy:74)
	at com.kms.katalon.core.keyword.BuiltinKeywords.callTestCase(BuiltinKeywords.groovy:310)
	at SA-006.run(SA-006:20)
	at com.kms.katalon.core.main.ScriptEngine.run(ScriptEngine.java:194)
	at com.kms.katalon.core.main.ScriptEngine.runScriptAsRawText(ScriptEngine.java:119)
	at com.kms.katalon.core.main.TestCaseExecutor.runScript(TestCaseExecutor.java:448)
	at com.kms.katalon.core.main.TestCaseExecutor.doExecute(TestCaseExecutor.java:439)
	at com.kms.katalon.core.main.TestCaseExecutor.processExecutionPhase(TestCaseExecutor.java:418)
	at com.kms.katalon.core.main.TestCaseExecutor.accessMainPhase(TestCaseExecutor.java:410)
	at com.kms.katalon.core.main.TestCaseExecutor.execute(TestCaseExecutor.java:285)
	at com.kms.katalon.core.main.TestCaseMain.runTestCase(TestCaseMain.java:144)
	at com.kms.katalon.core.keyword.builtin.CallTestCaseKeyword$_callTestCase_closure1.doCall(CallTestCaseKeyword.groovy:59)
	at com.kms.katalon.core.keyword.builtin.CallTestCaseKeyword$_callTestCase_closure1.call(CallTestCaseKeyword.groovy)
	at com.kms.katalon.core.keyword.internal.KeywordMain.runKeyword(KeywordMain.groovy:75)
	at com.kms.katalon.core.keyword.builtin.CallTestCaseKeyword.callTestCase(CallTestCaseKeyword.groovy:81)
	at com.kms.katalon.core.keyword.builtin.CallTestCaseKeyword.execute(CallTestCaseKeyword.groovy:44)
	at com.kms.katalon.core.keyword.internal.KeywordExecutor.executeKeywordForPlatform(KeywordExecutor.groovy:74)
	at com.kms.katalon.core.keyword.BuiltinKeywords.callTestCase(BuiltinKeywords.groovy:310)
	at SU-005.run(SU-005:20)
	at com.kms.katalon.core.main.ScriptEngine.run(ScriptEngine.java:194)
	at com.kms.katalon.core.main.ScriptEngine.runScriptAsRawText(ScriptEngine.java:119)
	at com.kms.katalon.core.main.TestCaseExecutor.runScript(TestCaseExecutor.java:448)
	at com.kms.katalon.core.main.TestCaseExecutor.doExecute(TestCaseExecutor.java:439)
	at com.kms.katalon.core.main.TestCaseExecutor.processExecutionPhase(TestCaseExecutor.java:418)
	at com.kms.katalon.core.main.TestCaseExecutor.accessMainPhase(TestCaseExecutor.java:410)
	at com.kms.katalon.core.main.TestCaseExecutor.execute(TestCaseExecutor.java:285)
	at com.kms.katalon.core.common.CommonExecutor.accessTestCaseMainPhase(CommonExecutor.java:65)
	at com.kms.katalon.core.main.TestSuiteExecutor.accessTestSuiteMainPhase(TestSuiteExecutor.java:148)
	at com.kms.katalon.core.main.TestSuiteExecutor.execute(TestSuiteExecutor.java:106)
	at com.kms.katalon.core.main.TestCaseMain.startTestSuite(TestCaseMain.java:187)
	at com.kms.katalon.core.main.TestCaseMain$startTestSuite$0.call(Unknown Source)
	at TempTestSuite1696424348948.run(TempTestSuite1696424348948.groovy:36)
Caused by: com.kms.katalon.core.exception.StepFailedException: Call Test Case 'Test Cases/T13 Pembelian, Shipment dan Pembayaran/PBL-001' failed
	at com.kms.katalon.core.keyword.builtin.CallTestCaseKeyword$_callTestCase_closure1.doCall(CallTestCaseKeyword.groovy:63)
	at com.kms.katalon.core.keyword.builtin.CallTestCaseKeyword$_callTestCase_closure1.call(CallTestCaseKeyword.groovy)
	at com.kms.katalon.core.keyword.internal.KeywordMain.runKeyword(KeywordMain.groovy:75)
	at com.kms.katalon.core.keyword.builtin.CallTestCaseKeyword.callTestCase(CallTestCaseKeyword.groovy:81)
	at com.kms.katalon.core.keyword.builtin.CallTestCaseKeyword.execute(CallTestCaseKeyword.groovy:44)
	at com.kms.katalon.core.keyword.internal.KeywordExecutor.executeKeywordForPlatform(KeywordExecutor.groovy:74)
	at com.kms.katalon.core.keyword.BuiltinKeywords.callTestCase(BuiltinKeywords.groovy:310)
	at PBL-002.run(PBL-002:20)
	at com.kms.katalon.core.main.ScriptEngine.run(ScriptEngine.java:194)
	at com.kms.katalon.core.main.ScriptEngine.runScriptAsRawText(ScriptEngine.java:119)
	at com.kms.katalon.core.main.TestCaseExecutor.runScript(TestCaseExecutor.java:448)
	at com.kms.katalon.core.main.TestCaseExecutor.doExecute(TestCaseExecutor.java:439)
	at com.kms.katalon.core.main.TestCaseExecutor.processExecutionPhase(TestCaseExecutor.java:418)
	at com.kms.katalon.core.main.TestCaseExecutor.accessMainPhase(TestCaseExecutor.java:410)
	at com.kms.katalon.core.main.TestCaseExecutor.execute(TestCaseExecutor.java:285)
	at com.kms.katalon.core.main.TestCaseMain.runTestCase(TestCaseMain.java:144)
	at com.kms.katalon.core.keyword.builtin.CallTestCaseKeyword$_callTestCase_closure1.doCall(CallTestCaseKeyword.groovy:59)
	... 132 more
Caused by: Assertion failed: 

assert NamaSesudah.contains(NamaSebelum)
       |           |        |
       |           false    Segitiga Instan Madeira - MDB5.3 Sunse,..
       Segitiga Instan Madeira - MDB5.3 Sunset

	at PBL-001.run(PBL-001:39)
	at com.kms.katalon.core.main.ScriptEngine.run(ScriptEngine.java:194)
	at com.kms.katalon.core.main.ScriptEngine.runScriptAsRawText(ScriptEngine.java:119)
	at com.kms.katalon.core.main.TestCaseExecutor.runScript(TestCaseExecutor.java:448)
	at com.kms.katalon.core.main.TestCaseExecutor.doExecute(TestCaseExecutor.java:439)
	at com.kms.katalon.core.main.TestCaseExecutor.processExecutionPhase(TestCaseExecutor.java:418)
	at com.kms.katalon.core.main.TestCaseExecutor.accessMainPhase(TestCaseExecutor.java:410)
	at com.kms.katalon.core.main.TestCaseExecutor.execute(TestCaseExecutor.java:285)
	at com.kms.katalon.core.main.TestCaseMain.runTestCase(TestCaseMain.java:144)
	at com.kms.katalon.core.keyword.builtin.CallTestCaseKeyword$_callTestCase_closure1.doCall(CallTestCaseKeyword.groovy:59)
	... 148 more
)

2023-10-04 20:46:46 - [MESSAGE][FAILED] - Unable to call Test Case 'Test Cases/T13 Pembelian, Shipment dan Pembayaran/PBL-004' (Root cause: com.kms.katalon.core.exception.StepFailedException: Call Test Case 'Test Cases/T13 Pembelian, Shipment dan Pembayaran/PBL-004' failed
	at com.kms.katalon.core.keyword.builtin.CallTestCaseKeyword$_callTestCase_closure1.doCall(CallTestCaseKeyword.groovy:63)
	at com.kms.katalon.core.keyword.builtin.CallTestCaseKeyword$_callTestCase_closure1.call(CallTestCaseKeyword.groovy)
	at com.kms.katalon.core.keyword.internal.KeywordMain.runKeyword(KeywordMain.groovy:75)
	at com.kms.katalon.core.keyword.builtin.CallTestCaseKeyword.callTestCase(CallTestCaseKeyword.groovy:81)
	at com.kms.katalon.core.keyword.builtin.CallTestCaseKeyword.execute(CallTestCaseKeyword.groovy:44)
	at com.kms.katalon.core.keyword.internal.KeywordExecutor.executeKeywordForPlatform(KeywordExecutor.groovy:74)
	at com.kms.katalon.core.keyword.BuiltinKeywords.callTestCase(BuiltinKeywords.groovy:310)
	at PBY-001.run(PBY-001:20)
	at com.kms.katalon.core.main.ScriptEngine.run(ScriptEngine.java:194)
	at com.kms.katalon.core.main.ScriptEngine.runScriptAsRawText(ScriptEngine.java:119)
	at com.kms.katalon.core.main.TestCaseExecutor.runScript(TestCaseExecutor.java:448)
	at com.kms.katalon.core.main.TestCaseExecutor.doExecute(TestCaseExecutor.java:439)
	at com.kms.katalon.core.main.TestCaseExecutor.processExecutionPhase(TestCaseExecutor.java:418)
	at com.kms.katalon.core.main.TestCaseExecutor.accessMainPhase(TestCaseExecutor.java:410)
	at com.kms.katalon.core.main.TestCaseExecutor.execute(TestCaseExecutor.java:285)
	at com.kms.katalon.core.main.TestCaseMain.runTestCase(TestCaseMain.java:144)
	at com.kms.katalon.core.keyword.builtin.CallTestCaseKeyword$_callTestCase_closure1.doCall(CallTestCaseKeyword.groovy:59)
	at com.kms.katalon.core.keyword.builtin.CallTestCaseKeyword$_callTestCase_closure1.call(CallTestCaseKeyword.groovy)
	at com.kms.katalon.core.keyword.internal.KeywordMain.runKeyword(KeywordMain.groovy:75)
	at com.kms.katalon.core.keyword.builtin.CallTestCaseKeyword.callTestCase(CallTestCaseKeyword.groovy:81)
	at com.kms.katalon.core.keyword.builtin.CallTestCaseKeyword.execute(CallTestCaseKeyword.groovy:44)
	at com.kms.katalon.core.keyword.internal.KeywordExecutor.executeKeywordForPlatform(KeywordExecutor.groovy:74)
	at com.kms.katalon.core.keyword.BuiltinKeywords.callTestCase(BuiltinKeywords.groovy:310)
	at PBY-004.run(PBY-004:20)
	at com.kms.katalon.core.main.ScriptEngine.run(ScriptEngine.java:194)
	at com.kms.katalon.core.main.ScriptEngine.runScriptAsRawText(ScriptEngine.java:119)
	at com.kms.katalon.core.main.TestCaseExecutor.runScript(TestCaseExecutor.java:448)
	at com.kms.katalon.core.main.TestCaseExecutor.doExecute(TestCaseExecutor.java:439)
	at com.kms.katalon.core.main.TestCaseExecutor.processExecutionPhase(TestCaseExecutor.java:418)
	at com.kms.katalon.core.main.TestCaseExecutor.accessMainPhase(TestCaseExecutor.java:410)
	at com.kms.katalon.core.main.TestCaseExecutor.execute(TestCaseExecutor.java:285)
	at com.kms.katalon.core.main.TestCaseMain.runTestCase(TestCaseMain.java:144)
	at com.kms.katalon.core.keyword.builtin.CallTestCaseKeyword$_callTestCase_closure1.doCall(CallTestCaseKeyword.groovy:59)
	at com.kms.katalon.core.keyword.builtin.CallTestCaseKeyword$_callTestCase_closure1.call(CallTestCaseKeyword.groovy)
	at com.kms.katalon.core.keyword.internal.KeywordMain.runKeyword(KeywordMain.groovy:75)
	at com.kms.katalon.core.keyword.builtin.CallTestCaseKeyword.callTestCase(CallTestCaseKeyword.groovy:81)
	at com.kms.katalon.core.keyword.builtin.CallTestCaseKeyword.execute(CallTestCaseKeyword.groovy:44)
	at com.kms.katalon.core.keyword.internal.KeywordExecutor.executeKeywordForPlatform(KeywordExecutor.groovy:74)
	at com.kms.katalon.core.keyword.BuiltinKeywords.callTestCase(BuiltinKeywords.groovy:310)
	at PBYA-001.run(PBYA-001:20)
	at com.kms.katalon.core.main.ScriptEngine.run(ScriptEngine.java:194)
	at com.kms.katalon.core.main.ScriptEngine.runScriptAsRawText(ScriptEngine.java:119)
	at com.kms.katalon.core.main.TestCaseExecutor.runScript(TestCaseExecutor.java:448)
	at com.kms.katalon.core.main.TestCaseExecutor.doExecute(TestCaseExecutor.java:439)
	at com.kms.katalon.core.main.TestCaseExecutor.processExecutionPhase(TestCaseExecutor.java:418)
	at com.kms.katalon.core.main.TestCaseExecutor.accessMainPhase(TestCaseExecutor.java:410)
	at com.kms.katalon.core.main.TestCaseExecutor.execute(TestCaseExecutor.java:285)
	at com.kms.katalon.core.main.TestCaseMain.runTestCase(TestCaseMain.java:144)
	at com.kms.katalon.core.keyword.builtin.CallTestCaseKeyword$_callTestCase_closure1.doCall(CallTestCaseKeyword.groovy:59)
	at com.kms.katalon.core.keyword.builtin.CallTestCaseKeyword$_callTestCase_closure1.call(CallTestCaseKeyword.groovy)
	at com.kms.katalon.core.keyword.internal.KeywordMain.runKeyword(KeywordMain.groovy:75)
	at com.kms.katalon.core.keyword.builtin.CallTestCaseKeyword.callTestCase(CallTestCaseKeyword.groovy:81)
	at com.kms.katalon.core.keyword.builtin.CallTestCaseKeyword.execute(CallTestCaseKeyword.groovy:44)
	at com.kms.katalon.core.keyword.internal.KeywordExecutor.executeKeywordForPlatform(KeywordExecutor.groovy:74)
	at com.kms.katalon.core.keyword.BuiltinKeywords.callTestCase(BuiltinKeywords.groovy:310)
	at SA-001.run(SA-001:20)
	at com.kms.katalon.core.main.ScriptEngine.run(ScriptEngine.java:194)
	at com.kms.katalon.core.main.ScriptEngine.runScriptAsRawText(ScriptEngine.java:119)
	at com.kms.katalon.core.main.TestCaseExecutor.runScript(TestCaseExecutor.java:448)
	at com.kms.katalon.core.main.TestCaseExecutor.doExecute(TestCaseExecutor.java:439)
	at com.kms.katalon.core.main.TestCaseExecutor.processExecutionPhase(TestCaseExecutor.java:418)
	at com.kms.katalon.core.main.TestCaseExecutor.accessMainPhase(TestCaseExecutor.java:410)
	at com.kms.katalon.core.main.TestCaseExecutor.execute(TestCaseExecutor.java:285)
	at com.kms.katalon.core.main.TestCaseMain.runTestCase(TestCaseMain.java:144)
	at com.kms.katalon.core.keyword.builtin.CallTestCaseKeyword$_callTestCase_closure1.doCall(CallTestCaseKeyword.groovy:59)
	at com.kms.katalon.core.keyword.builtin.CallTestCaseKeyword$_callTestCase_closure1.call(CallTestCaseKeyword.groovy)
	at com.kms.katalon.core.keyword.internal.KeywordMain.runKeyword(KeywordMain.groovy:75)
	at com.kms.katalon.core.keyword.builtin.CallTestCaseKeyword.callTestCase(CallTestCaseKeyword.groovy:81)
	at com.kms.katalon.core.keyword.builtin.CallTestCaseKeyword.execute(CallTestCaseKeyword.groovy:44)
	at com.kms.katalon.core.keyword.internal.KeywordExecutor.executeKeywordForPlatform(KeywordExecutor.groovy:74)
	at com.kms.katalon.core.keyword.BuiltinKeywords.callTestCase(BuiltinKeywords.groovy:310)
	at SA-002.run(SA-002:20)
	at com.kms.katalon.core.main.ScriptEngine.run(ScriptEngine.java:194)
	at com.kms.katalon.core.main.ScriptEngine.runScriptAsRawText(ScriptEngine.java:119)
	at com.kms.katalon.core.main.TestCaseExecutor.runScript(TestCaseExecutor.java:448)
	at com.kms.katalon.core.main.TestCaseExecutor.doExecute(TestCaseExecutor.java:439)
	at com.kms.katalon.core.main.TestCaseExecutor.processExecutionPhase(TestCaseExecutor.java:418)
	at com.kms.katalon.core.main.TestCaseExecutor.accessMainPhase(TestCaseExecutor.java:410)
	at com.kms.katalon.core.main.TestCaseExecutor.execute(TestCaseExecutor.java:285)
	at com.kms.katalon.core.main.TestCaseMain.runTestCase(TestCaseMain.java:144)
	at com.kms.katalon.core.keyword.builtin.CallTestCaseKeyword$_callTestCase_closure1.doCall(CallTestCaseKeyword.groovy:59)
	at com.kms.katalon.core.keyword.builtin.CallTestCaseKeyword$_callTestCase_closure1.call(CallTestCaseKeyword.groovy)
	at com.kms.katalon.core.keyword.internal.KeywordMain.runKeyword(KeywordMain.groovy:75)
	at com.kms.katalon.core.keyword.builtin.CallTestCaseKeyword.callTestCase(CallTestCaseKeyword.groovy:81)
	at com.kms.katalon.core.keyword.builtin.CallTestCaseKeyword.execute(CallTestCaseKeyword.groovy:44)
	at com.kms.katalon.core.keyword.internal.KeywordExecutor.executeKeywordForPlatform(KeywordExecutor.groovy:74)
	at com.kms.katalon.core.keyword.BuiltinKeywords.callTestCase(BuiltinKeywords.groovy:310)
	at SA-006.run(SA-006:20)
	at com.kms.katalon.core.main.ScriptEngine.run(ScriptEngine.java:194)
	at com.kms.katalon.core.main.ScriptEngine.runScriptAsRawText(ScriptEngine.java:119)
	at com.kms.katalon.core.main.TestCaseExecutor.runScript(TestCaseExecutor.java:448)
	at com.kms.katalon.core.main.TestCaseExecutor.doExecute(TestCaseExecutor.java:439)
	at com.kms.katalon.core.main.TestCaseExecutor.processExecutionPhase(TestCaseExecutor.java:418)
	at com.kms.katalon.core.main.TestCaseExecutor.accessMainPhase(TestCaseExecutor.java:410)
	at com.kms.katalon.core.main.TestCaseExecutor.execute(TestCaseExecutor.java:285)
	at com.kms.katalon.core.main.TestCaseMain.runTestCase(TestCaseMain.java:144)
	at com.kms.katalon.core.keyword.builtin.CallTestCaseKeyword$_callTestCase_closure1.doCall(CallTestCaseKeyword.groovy:59)
	at com.kms.katalon.core.keyword.builtin.CallTestCaseKeyword$_callTestCase_closure1.call(CallTestCaseKeyword.groovy)
	at com.kms.katalon.core.keyword.internal.KeywordMain.runKeyword(KeywordMain.groovy:75)
	at com.kms.katalon.core.keyword.builtin.CallTestCaseKeyword.callTestCase(CallTestCaseKeyword.groovy:81)
	at com.kms.katalon.core.keyword.builtin.CallTestCaseKeyword.execute(CallTestCaseKeyword.groovy:44)
	at com.kms.katalon.core.keyword.internal.KeywordExecutor.executeKeywordForPlatform(KeywordExecutor.groovy:74)
	at com.kms.katalon.core.keyword.BuiltinKeywords.callTestCase(BuiltinKeywords.groovy:310)
	at SU-005.run(SU-005:20)
	at com.kms.katalon.core.main.ScriptEngine.run(ScriptEngine.java:194)
	at com.kms.katalon.core.main.ScriptEngine.runScriptAsRawText(ScriptEngine.java:119)
	at com.kms.katalon.core.main.TestCaseExecutor.runScript(TestCaseExecutor.java:448)
	at com.kms.katalon.core.main.TestCaseExecutor.doExecute(TestCaseExecutor.java:439)
	at com.kms.katalon.core.main.TestCaseExecutor.processExecutionPhase(TestCaseExecutor.java:418)
	at com.kms.katalon.core.main.TestCaseExecutor.accessMainPhase(TestCaseExecutor.java:410)
	at com.kms.katalon.core.main.TestCaseExecutor.execute(TestCaseExecutor.java:285)
	at com.kms.katalon.core.common.CommonExecutor.accessTestCaseMainPhase(CommonExecutor.java:65)
	at com.kms.katalon.core.main.TestSuiteExecutor.accessTestSuiteMainPhase(TestSuiteExecutor.java:148)
	at com.kms.katalon.core.main.TestSuiteExecutor.execute(TestSuiteExecutor.java:106)
	at com.kms.katalon.core.main.TestCaseMain.startTestSuite(TestCaseMain.java:187)
	at com.kms.katalon.core.main.TestCaseMain$startTestSuite$0.call(Unknown Source)
	at TempTestSuite1696424348948.run(TempTestSuite1696424348948.groovy:36)
Caused by: com.kms.katalon.core.exception.StepFailedException: Call Test Case 'Test Cases/T13 Pembelian, Shipment dan Pembayaran/PBL-002' failed
	at com.kms.katalon.core.keyword.builtin.CallTestCaseKeyword$_callTestCase_closure1.doCall(CallTestCaseKeyword.groovy:63)
	at com.kms.katalon.core.keyword.builtin.CallTestCaseKeyword$_callTestCase_closure1.call(CallTestCaseKeyword.groovy)
	at com.kms.katalon.core.keyword.internal.KeywordMain.runKeyword(KeywordMain.groovy:75)
	at com.kms.katalon.core.keyword.builtin.CallTestCaseKeyword.callTestCase(CallTestCaseKeyword.groovy:81)
	at com.kms.katalon.core.keyword.builtin.CallTestCaseKeyword.execute(CallTestCaseKeyword.groovy:44)
	at com.kms.katalon.core.keyword.internal.KeywordExecutor.executeKeywordForPlatform(KeywordExecutor.groovy:74)
	at com.kms.katalon.core.keyword.BuiltinKeywords.callTestCase(BuiltinKeywords.groovy:310)
	at PBL-004.run(PBL-004:20)
	at com.kms.katalon.core.main.ScriptEngine.run(ScriptEngine.java:194)
	at com.kms.katalon.core.main.ScriptEngine.runScriptAsRawText(ScriptEngine.java:119)
	at com.kms.katalon.core.main.TestCaseExecutor.runScript(TestCaseExecutor.java:448)
	at com.kms.katalon.core.main.TestCaseExecutor.doExecute(TestCaseExecutor.java:439)
	at com.kms.katalon.core.main.TestCaseExecutor.processExecutionPhase(TestCaseExecutor.java:418)
	at com.kms.katalon.core.main.TestCaseExecutor.accessMainPhase(TestCaseExecutor.java:410)
	at com.kms.katalon.core.main.TestCaseExecutor.execute(TestCaseExecutor.java:285)
	at com.kms.katalon.core.main.TestCaseMain.runTestCase(TestCaseMain.java:144)
	at com.kms.katalon.core.keyword.builtin.CallTestCaseKeyword$_callTestCase_closure1.doCall(CallTestCaseKeyword.groovy:59)
	... 116 more
Caused by: com.kms.katalon.core.exception.StepFailedException: Call Test Case 'Test Cases/T13 Pembelian, Shipment dan Pembayaran/PBL-001' failed
	at com.kms.katalon.core.keyword.builtin.CallTestCaseKeyword$_callTestCase_closure1.doCall(CallTestCaseKeyword.groovy:63)
	at com.kms.katalon.core.keyword.builtin.CallTestCaseKeyword$_callTestCase_closure1.call(CallTestCaseKeyword.groovy)
	at com.kms.katalon.core.keyword.internal.KeywordMain.runKeyword(KeywordMain.groovy:75)
	at com.kms.katalon.core.keyword.builtin.CallTestCaseKeyword.callTestCase(CallTestCaseKeyword.groovy:81)
	at com.kms.katalon.core.keyword.builtin.CallTestCaseKeyword.execute(CallTestCaseKeyword.groovy:44)
	at com.kms.katalon.core.keyword.internal.KeywordExecutor.executeKeywordForPlatform(KeywordExecutor.groovy:74)
	at com.kms.katalon.core.keyword.BuiltinKeywords.callTestCase(BuiltinKeywords.groovy:310)
	at PBL-002.run(PBL-002:20)
	at com.kms.katalon.core.main.ScriptEngine.run(ScriptEngine.java:194)
	at com.kms.katalon.core.main.ScriptEngine.runScriptAsRawText(ScriptEngine.java:119)
	at com.kms.katalon.core.main.TestCaseExecutor.runScript(TestCaseExecutor.java:448)
	at com.kms.katalon.core.main.TestCaseExecutor.doExecute(TestCaseExecutor.java:439)
	at com.kms.katalon.core.main.TestCaseExecutor.processExecutionPhase(TestCaseExecutor.java:418)
	at com.kms.katalon.core.main.TestCaseExecutor.accessMainPhase(TestCaseExecutor.java:410)
	at com.kms.katalon.core.main.TestCaseExecutor.execute(TestCaseExecutor.java:285)
	at com.kms.katalon.core.main.TestCaseMain.runTestCase(TestCaseMain.java:144)
	at com.kms.katalon.core.keyword.builtin.CallTestCaseKeyword$_callTestCase_closure1.doCall(CallTestCaseKeyword.groovy:59)
	... 132 more
Caused by: Assertion failed: 

assert NamaSesudah.contains(NamaSebelum)
       |           |        |
       |           false    Segitiga Instan Madeira - MDB5.3 Sunse,..
       Segitiga Instan Madeira - MDB5.3 Sunset

	at PBL-001.run(PBL-001:39)
	at com.kms.katalon.core.main.ScriptEngine.run(ScriptEngine.java:194)
	at com.kms.katalon.core.main.ScriptEngine.runScriptAsRawText(ScriptEngine.java:119)
	at com.kms.katalon.core.main.TestCaseExecutor.runScript(TestCaseExecutor.java:448)
	at com.kms.katalon.core.main.TestCaseExecutor.doExecute(TestCaseExecutor.java:439)
	at com.kms.katalon.core.main.TestCaseExecutor.processExecutionPhase(TestCaseExecutor.java:418)
	at com.kms.katalon.core.main.TestCaseExecutor.accessMainPhase(TestCaseExecutor.java:410)
	at com.kms.katalon.core.main.TestCaseExecutor.execute(TestCaseExecutor.java:285)
	at com.kms.katalon.core.main.TestCaseMain.runTestCase(TestCaseMain.java:144)
	at com.kms.katalon.core.keyword.builtin.CallTestCaseKeyword$_callTestCase_closure1.doCall(CallTestCaseKeyword.groovy:59)
	... 148 more
)

2023-10-04 20:46:46 - [MESSAGE][FAILED] - Unable to call Test Case 'Test Cases/T13 Pembelian, Shipment dan Pembayaran/PBY-001' (Root cause: com.kms.katalon.core.exception.StepFailedException: Call Test Case 'Test Cases/T13 Pembelian, Shipment dan Pembayaran/PBY-001' failed
	at com.kms.katalon.core.keyword.builtin.CallTestCaseKeyword$_callTestCase_closure1.doCall(CallTestCaseKeyword.groovy:63)
	at com.kms.katalon.core.keyword.builtin.CallTestCaseKeyword$_callTestCase_closure1.call(CallTestCaseKeyword.groovy)
	at com.kms.katalon.core.keyword.internal.KeywordMain.runKeyword(KeywordMain.groovy:75)
	at com.kms.katalon.core.keyword.builtin.CallTestCaseKeyword.callTestCase(CallTestCaseKeyword.groovy:81)
	at com.kms.katalon.core.keyword.builtin.CallTestCaseKeyword.execute(CallTestCaseKeyword.groovy:44)
	at com.kms.katalon.core.keyword.internal.KeywordExecutor.executeKeywordForPlatform(KeywordExecutor.groovy:74)
	at com.kms.katalon.core.keyword.BuiltinKeywords.callTestCase(BuiltinKeywords.groovy:310)
	at PBY-004.run(PBY-004:20)
	at com.kms.katalon.core.main.ScriptEngine.run(ScriptEngine.java:194)
	at com.kms.katalon.core.main.ScriptEngine.runScriptAsRawText(ScriptEngine.java:119)
	at com.kms.katalon.core.main.TestCaseExecutor.runScript(TestCaseExecutor.java:448)
	at com.kms.katalon.core.main.TestCaseExecutor.doExecute(TestCaseExecutor.java:439)
	at com.kms.katalon.core.main.TestCaseExecutor.processExecutionPhase(TestCaseExecutor.java:418)
	at com.kms.katalon.core.main.TestCaseExecutor.accessMainPhase(TestCaseExecutor.java:410)
	at com.kms.katalon.core.main.TestCaseExecutor.execute(TestCaseExecutor.java:285)
	at com.kms.katalon.core.main.TestCaseMain.runTestCase(TestCaseMain.java:144)
	at com.kms.katalon.core.keyword.builtin.CallTestCaseKeyword$_callTestCase_closure1.doCall(CallTestCaseKeyword.groovy:59)
	at com.kms.katalon.core.keyword.builtin.CallTestCaseKeyword$_callTestCase_closure1.call(CallTestCaseKeyword.groovy)
	at com.kms.katalon.core.keyword.internal.KeywordMain.runKeyword(KeywordMain.groovy:75)
	at com.kms.katalon.core.keyword.builtin.CallTestCaseKeyword.callTestCase(CallTestCaseKeyword.groovy:81)
	at com.kms.katalon.core.keyword.builtin.CallTestCaseKeyword.execute(CallTestCaseKeyword.groovy:44)
	at com.kms.katalon.core.keyword.internal.KeywordExecutor.executeKeywordForPlatform(KeywordExecutor.groovy:74)
	at com.kms.katalon.core.keyword.BuiltinKeywords.callTestCase(BuiltinKeywords.groovy:310)
	at PBYA-001.run(PBYA-001:20)
	at com.kms.katalon.core.main.ScriptEngine.run(ScriptEngine.java:194)
	at com.kms.katalon.core.main.ScriptEngine.runScriptAsRawText(ScriptEngine.java:119)
	at com.kms.katalon.core.main.TestCaseExecutor.runScript(TestCaseExecutor.java:448)
	at com.kms.katalon.core.main.TestCaseExecutor.doExecute(TestCaseExecutor.java:439)
	at com.kms.katalon.core.main.TestCaseExecutor.processExecutionPhase(TestCaseExecutor.java:418)
	at com.kms.katalon.core.main.TestCaseExecutor.accessMainPhase(TestCaseExecutor.java:410)
	at com.kms.katalon.core.main.TestCaseExecutor.execute(TestCaseExecutor.java:285)
	at com.kms.katalon.core.main.TestCaseMain.runTestCase(TestCaseMain.java:144)
	at com.kms.katalon.core.keyword.builtin.CallTestCaseKeyword$_callTestCase_closure1.doCall(CallTestCaseKeyword.groovy:59)
	at com.kms.katalon.core.keyword.builtin.CallTestCaseKeyword$_callTestCase_closure1.call(CallTestCaseKeyword.groovy)
	at com.kms.katalon.core.keyword.internal.KeywordMain.runKeyword(KeywordMain.groovy:75)
	at com.kms.katalon.core.keyword.builtin.CallTestCaseKeyword.callTestCase(CallTestCaseKeyword.groovy:81)
	at com.kms.katalon.core.keyword.builtin.CallTestCaseKeyword.execute(CallTestCaseKeyword.groovy:44)
	at com.kms.katalon.core.keyword.internal.KeywordExecutor.executeKeywordForPlatform(KeywordExecutor.groovy:74)
	at com.kms.katalon.core.keyword.BuiltinKeywords.callTestCase(BuiltinKeywords.groovy:310)
	at SA-001.run(SA-001:20)
	at com.kms.katalon.core.main.ScriptEngine.run(ScriptEngine.java:194)
	at com.kms.katalon.core.main.ScriptEngine.runScriptAsRawText(ScriptEngine.java:119)
	at com.kms.katalon.core.main.TestCaseExecutor.runScript(TestCaseExecutor.java:448)
	at com.kms.katalon.core.main.TestCaseExecutor.doExecute(TestCaseExecutor.java:439)
	at com.kms.katalon.core.main.TestCaseExecutor.processExecutionPhase(TestCaseExecutor.java:418)
	at com.kms.katalon.core.main.TestCaseExecutor.accessMainPhase(TestCaseExecutor.java:410)
	at com.kms.katalon.core.main.TestCaseExecutor.execute(TestCaseExecutor.java:285)
	at com.kms.katalon.core.main.TestCaseMain.runTestCase(TestCaseMain.java:144)
	at com.kms.katalon.core.keyword.builtin.CallTestCaseKeyword$_callTestCase_closure1.doCall(CallTestCaseKeyword.groovy:59)
	at com.kms.katalon.core.keyword.builtin.CallTestCaseKeyword$_callTestCase_closure1.call(CallTestCaseKeyword.groovy)
	at com.kms.katalon.core.keyword.internal.KeywordMain.runKeyword(KeywordMain.groovy:75)
	at com.kms.katalon.core.keyword.builtin.CallTestCaseKeyword.callTestCase(CallTestCaseKeyword.groovy:81)
	at com.kms.katalon.core.keyword.builtin.CallTestCaseKeyword.execute(CallTestCaseKeyword.groovy:44)
	at com.kms.katalon.core.keyword.internal.KeywordExecutor.executeKeywordForPlatform(KeywordExecutor.groovy:74)
	at com.kms.katalon.core.keyword.BuiltinKeywords.callTestCase(BuiltinKeywords.groovy:310)
	at SA-002.run(SA-002:20)
	at com.kms.katalon.core.main.ScriptEngine.run(ScriptEngine.java:194)
	at com.kms.katalon.core.main.ScriptEngine.runScriptAsRawText(ScriptEngine.java:119)
	at com.kms.katalon.core.main.TestCaseExecutor.runScript(TestCaseExecutor.java:448)
	at com.kms.katalon.core.main.TestCaseExecutor.doExecute(TestCaseExecutor.java:439)
	at com.kms.katalon.core.main.TestCaseExecutor.processExecutionPhase(TestCaseExecutor.java:418)
	at com.kms.katalon.core.main.TestCaseExecutor.accessMainPhase(TestCaseExecutor.java:410)
	at com.kms.katalon.core.main.TestCaseExecutor.execute(TestCaseExecutor.java:285)
	at com.kms.katalon.core.main.TestCaseMain.runTestCase(TestCaseMain.java:144)
	at com.kms.katalon.core.keyword.builtin.CallTestCaseKeyword$_callTestCase_closure1.doCall(CallTestCaseKeyword.groovy:59)
	at com.kms.katalon.core.keyword.builtin.CallTestCaseKeyword$_callTestCase_closure1.call(CallTestCaseKeyword.groovy)
	at com.kms.katalon.core.keyword.internal.KeywordMain.runKeyword(KeywordMain.groovy:75)
	at com.kms.katalon.core.keyword.builtin.CallTestCaseKeyword.callTestCase(CallTestCaseKeyword.groovy:81)
	at com.kms.katalon.core.keyword.builtin.CallTestCaseKeyword.execute(CallTestCaseKeyword.groovy:44)
	at com.kms.katalon.core.keyword.internal.KeywordExecutor.executeKeywordForPlatform(KeywordExecutor.groovy:74)
	at com.kms.katalon.core.keyword.BuiltinKeywords.callTestCase(BuiltinKeywords.groovy:310)
	at SA-006.run(SA-006:20)
	at com.kms.katalon.core.main.ScriptEngine.run(ScriptEngine.java:194)
	at com.kms.katalon.core.main.ScriptEngine.runScriptAsRawText(ScriptEngine.java:119)
	at com.kms.katalon.core.main.TestCaseExecutor.runScript(TestCaseExecutor.java:448)
	at com.kms.katalon.core.main.TestCaseExecutor.doExecute(TestCaseExecutor.java:439)
	at com.kms.katalon.core.main.TestCaseExecutor.processExecutionPhase(TestCaseExecutor.java:418)
	at com.kms.katalon.core.main.TestCaseExecutor.accessMainPhase(TestCaseExecutor.java:410)
	at com.kms.katalon.core.main.TestCaseExecutor.execute(TestCaseExecutor.java:285)
	at com.kms.katalon.core.main.TestCaseMain.runTestCase(TestCaseMain.java:144)
	at com.kms.katalon.core.keyword.builtin.CallTestCaseKeyword$_callTestCase_closure1.doCall(CallTestCaseKeyword.groovy:59)
	at com.kms.katalon.core.keyword.builtin.CallTestCaseKeyword$_callTestCase_closure1.call(CallTestCaseKeyword.groovy)
	at com.kms.katalon.core.keyword.internal.KeywordMain.runKeyword(KeywordMain.groovy:75)
	at com.kms.katalon.core.keyword.builtin.CallTestCaseKeyword.callTestCase(CallTestCaseKeyword.groovy:81)
	at com.kms.katalon.core.keyword.builtin.CallTestCaseKeyword.execute(CallTestCaseKeyword.groovy:44)
	at com.kms.katalon.core.keyword.internal.KeywordExecutor.executeKeywordForPlatform(KeywordExecutor.groovy:74)
	at com.kms.katalon.core.keyword.BuiltinKeywords.callTestCase(BuiltinKeywords.groovy:310)
	at SU-005.run(SU-005:20)
	at com.kms.katalon.core.main.ScriptEngine.run(ScriptEngine.java:194)
	at com.kms.katalon.core.main.ScriptEngine.runScriptAsRawText(ScriptEngine.java:119)
	at com.kms.katalon.core.main.TestCaseExecutor.runScript(TestCaseExecutor.java:448)
	at com.kms.katalon.core.main.TestCaseExecutor.doExecute(TestCaseExecutor.java:439)
	at com.kms.katalon.core.main.TestCaseExecutor.processExecutionPhase(TestCaseExecutor.java:418)
	at com.kms.katalon.core.main.TestCaseExecutor.accessMainPhase(TestCaseExecutor.java:410)
	at com.kms.katalon.core.main.TestCaseExecutor.execute(TestCaseExecutor.java:285)
	at com.kms.katalon.core.common.CommonExecutor.accessTestCaseMainPhase(CommonExecutor.java:65)
	at com.kms.katalon.core.main.TestSuiteExecutor.accessTestSuiteMainPhase(TestSuiteExecutor.java:148)
	at com.kms.katalon.core.main.TestSuiteExecutor.execute(TestSuiteExecutor.java:106)
	at com.kms.katalon.core.main.TestCaseMain.startTestSuite(TestCaseMain.java:187)
	at com.kms.katalon.core.main.TestCaseMain$startTestSuite$0.call(Unknown Source)
	at TempTestSuite1696424348948.run(TempTestSuite1696424348948.groovy:36)
Caused by: com.kms.katalon.core.exception.StepFailedException: Call Test Case 'Test Cases/T13 Pembelian, Shipment dan Pembayaran/PBL-004' failed
	at com.kms.katalon.core.keyword.builtin.CallTestCaseKeyword$_callTestCase_closure1.doCall(CallTestCaseKeyword.groovy:63)
	at com.kms.katalon.core.keyword.builtin.CallTestCaseKeyword$_callTestCase_closure1.call(CallTestCaseKeyword.groovy)
	at com.kms.katalon.core.keyword.internal.KeywordMain.runKeyword(KeywordMain.groovy:75)
	at com.kms.katalon.core.keyword.builtin.CallTestCaseKeyword.callTestCase(CallTestCaseKeyword.groovy:81)
	at com.kms.katalon.core.keyword.builtin.CallTestCaseKeyword.execute(CallTestCaseKeyword.groovy:44)
	at com.kms.katalon.core.keyword.internal.KeywordExecutor.executeKeywordForPlatform(KeywordExecutor.groovy:74)
	at com.kms.katalon.core.keyword.BuiltinKeywords.callTestCase(BuiltinKeywords.groovy:310)
	at PBY-001.run(PBY-001:20)
	at com.kms.katalon.core.main.ScriptEngine.run(ScriptEngine.java:194)
	at com.kms.katalon.core.main.ScriptEngine.runScriptAsRawText(ScriptEngine.java:119)
	at com.kms.katalon.core.main.TestCaseExecutor.runScript(TestCaseExecutor.java:448)
	at com.kms.katalon.core.main.TestCaseExecutor.doExecute(TestCaseExecutor.java:439)
	at com.kms.katalon.core.main.TestCaseExecutor.processExecutionPhase(TestCaseExecutor.java:418)
	at com.kms.katalon.core.main.TestCaseExecutor.accessMainPhase(TestCaseExecutor.java:410)
	at com.kms.katalon.core.main.TestCaseExecutor.execute(TestCaseExecutor.java:285)
	at com.kms.katalon.core.main.TestCaseMain.runTestCase(TestCaseMain.java:144)
	at com.kms.katalon.core.keyword.builtin.CallTestCaseKeyword$_callTestCase_closure1.doCall(CallTestCaseKeyword.groovy:59)
	... 100 more
Caused by: com.kms.katalon.core.exception.StepFailedException: Call Test Case 'Test Cases/T13 Pembelian, Shipment dan Pembayaran/PBL-002' failed
	at com.kms.katalon.core.keyword.builtin.CallTestCaseKeyword$_callTestCase_closure1.doCall(CallTestCaseKeyword.groovy:63)
	at com.kms.katalon.core.keyword.builtin.CallTestCaseKeyword$_callTestCase_closure1.call(CallTestCaseKeyword.groovy)
	at com.kms.katalon.core.keyword.internal.KeywordMain.runKeyword(KeywordMain.groovy:75)
	at com.kms.katalon.core.keyword.builtin.CallTestCaseKeyword.callTestCase(CallTestCaseKeyword.groovy:81)
	at com.kms.katalon.core.keyword.builtin.CallTestCaseKeyword.execute(CallTestCaseKeyword.groovy:44)
	at com.kms.katalon.core.keyword.internal.KeywordExecutor.executeKeywordForPlatform(KeywordExecutor.groovy:74)
	at com.kms.katalon.core.keyword.BuiltinKeywords.callTestCase(BuiltinKeywords.groovy:310)
	at PBL-004.run(PBL-004:20)
	at com.kms.katalon.core.main.ScriptEngine.run(ScriptEngine.java:194)
	at com.kms.katalon.core.main.ScriptEngine.runScriptAsRawText(ScriptEngine.java:119)
	at com.kms.katalon.core.main.TestCaseExecutor.runScript(TestCaseExecutor.java:448)
	at com.kms.katalon.core.main.TestCaseExecutor.doExecute(TestCaseExecutor.java:439)
	at com.kms.katalon.core.main.TestCaseExecutor.processExecutionPhase(TestCaseExecutor.java:418)
	at com.kms.katalon.core.main.TestCaseExecutor.accessMainPhase(TestCaseExecutor.java:410)
	at com.kms.katalon.core.main.TestCaseExecutor.execute(TestCaseExecutor.java:285)
	at com.kms.katalon.core.main.TestCaseMain.runTestCase(TestCaseMain.java:144)
	at com.kms.katalon.core.keyword.builtin.CallTestCaseKeyword$_callTestCase_closure1.doCall(CallTestCaseKeyword.groovy:59)
	... 116 more
Caused by: com.kms.katalon.core.exception.StepFailedException: Call Test Case 'Test Cases/T13 Pembelian, Shipment dan Pembayaran/PBL-001' failed
	at com.kms.katalon.core.keyword.builtin.CallTestCaseKeyword$_callTestCase_closure1.doCall(CallTestCaseKeyword.groovy:63)
	at com.kms.katalon.core.keyword.builtin.CallTestCaseKeyword$_callTestCase_closure1.call(CallTestCaseKeyword.groovy)
	at com.kms.katalon.core.keyword.internal.KeywordMain.runKeyword(KeywordMain.groovy:75)
	at com.kms.katalon.core.keyword.builtin.CallTestCaseKeyword.callTestCase(CallTestCaseKeyword.groovy:81)
	at com.kms.katalon.core.keyword.builtin.CallTestCaseKeyword.execute(CallTestCaseKeyword.groovy:44)
	at com.kms.katalon.core.keyword.internal.KeywordExecutor.executeKeywordForPlatform(KeywordExecutor.groovy:74)
	at com.kms.katalon.core.keyword.BuiltinKeywords.callTestCase(BuiltinKeywords.groovy:310)
	at PBL-002.run(PBL-002:20)
	at com.kms.katalon.core.main.ScriptEngine.run(ScriptEngine.java:194)
	at com.kms.katalon.core.main.ScriptEngine.runScriptAsRawText(ScriptEngine.java:119)
	at com.kms.katalon.core.main.TestCaseExecutor.runScript(TestCaseExecutor.java:448)
	at com.kms.katalon.core.main.TestCaseExecutor.doExecute(TestCaseExecutor.java:439)
	at com.kms.katalon.core.main.TestCaseExecutor.processExecutionPhase(TestCaseExecutor.java:418)
	at com.kms.katalon.core.main.TestCaseExecutor.accessMainPhase(TestCaseExecutor.java:410)
	at com.kms.katalon.core.main.TestCaseExecutor.execute(TestCaseExecutor.java:285)
	at com.kms.katalon.core.main.TestCaseMain.runTestCase(TestCaseMain.java:144)
	at com.kms.katalon.core.keyword.builtin.CallTestCaseKeyword$_callTestCase_closure1.doCall(CallTestCaseKeyword.groovy:59)
	... 132 more
Caused by: Assertion failed: 

assert NamaSesudah.contains(NamaSebelum)
       |           |        |
       |           false    Segitiga Instan Madeira - MDB5.3 Sunse,..
       Segitiga Instan Madeira - MDB5.3 Sunset

	at PBL-001.run(PBL-001:39)
	at com.kms.katalon.core.main.ScriptEngine.run(ScriptEngine.java:194)
	at com.kms.katalon.core.main.ScriptEngine.runScriptAsRawText(ScriptEngine.java:119)
	at com.kms.katalon.core.main.TestCaseExecutor.runScript(TestCaseExecutor.java:448)
	at com.kms.katalon.core.main.TestCaseExecutor.doExecute(TestCaseExecutor.java:439)
	at com.kms.katalon.core.main.TestCaseExecutor.processExecutionPhase(TestCaseExecutor.java:418)
	at com.kms.katalon.core.main.TestCaseExecutor.accessMainPhase(TestCaseExecutor.java:410)
	at com.kms.katalon.core.main.TestCaseExecutor.execute(TestCaseExecutor.java:285)
	at com.kms.katalon.core.main.TestCaseMain.runTestCase(TestCaseMain.java:144)
	at com.kms.katalon.core.keyword.builtin.CallTestCaseKeyword$_callTestCase_closure1.doCall(CallTestCaseKeyword.groovy:59)
	... 148 more
)

2023-10-04 20:46:46 - [MESSAGE][FAILED] - Unable to call Test Case 'Test Cases/T13 Pembelian, Shipment dan Pembayaran/PBY-004' (Root cause: com.kms.katalon.core.exception.StepFailedException: Call Test Case 'Test Cases/T13 Pembelian, Shipment dan Pembayaran/PBY-004' failed
	at com.kms.katalon.core.keyword.builtin.CallTestCaseKeyword$_callTestCase_closure1.doCall(CallTestCaseKeyword.groovy:63)
	at com.kms.katalon.core.keyword.builtin.CallTestCaseKeyword$_callTestCase_closure1.call(CallTestCaseKeyword.groovy)
	at com.kms.katalon.core.keyword.internal.KeywordMain.runKeyword(KeywordMain.groovy:75)
	at com.kms.katalon.core.keyword.builtin.CallTestCaseKeyword.callTestCase(CallTestCaseKeyword.groovy:81)
	at com.kms.katalon.core.keyword.builtin.CallTestCaseKeyword.execute(CallTestCaseKeyword.groovy:44)
	at com.kms.katalon.core.keyword.internal.KeywordExecutor.executeKeywordForPlatform(KeywordExecutor.groovy:74)
	at com.kms.katalon.core.keyword.BuiltinKeywords.callTestCase(BuiltinKeywords.groovy:310)
	at PBYA-001.run(PBYA-001:20)
	at com.kms.katalon.core.main.ScriptEngine.run(ScriptEngine.java:194)
	at com.kms.katalon.core.main.ScriptEngine.runScriptAsRawText(ScriptEngine.java:119)
	at com.kms.katalon.core.main.TestCaseExecutor.runScript(TestCaseExecutor.java:448)
	at com.kms.katalon.core.main.TestCaseExecutor.doExecute(TestCaseExecutor.java:439)
	at com.kms.katalon.core.main.TestCaseExecutor.processExecutionPhase(TestCaseExecutor.java:418)
	at com.kms.katalon.core.main.TestCaseExecutor.accessMainPhase(TestCaseExecutor.java:410)
	at com.kms.katalon.core.main.TestCaseExecutor.execute(TestCaseExecutor.java:285)
	at com.kms.katalon.core.main.TestCaseMain.runTestCase(TestCaseMain.java:144)
	at com.kms.katalon.core.keyword.builtin.CallTestCaseKeyword$_callTestCase_closure1.doCall(CallTestCaseKeyword.groovy:59)
	at com.kms.katalon.core.keyword.builtin.CallTestCaseKeyword$_callTestCase_closure1.call(CallTestCaseKeyword.groovy)
	at com.kms.katalon.core.keyword.internal.KeywordMain.runKeyword(KeywordMain.groovy:75)
	at com.kms.katalon.core.keyword.builtin.CallTestCaseKeyword.callTestCase(CallTestCaseKeyword.groovy:81)
	at com.kms.katalon.core.keyword.builtin.CallTestCaseKeyword.execute(CallTestCaseKeyword.groovy:44)
	at com.kms.katalon.core.keyword.internal.KeywordExecutor.executeKeywordForPlatform(KeywordExecutor.groovy:74)
	at com.kms.katalon.core.keyword.BuiltinKeywords.callTestCase(BuiltinKeywords.groovy:310)
	at SA-001.run(SA-001:20)
	at com.kms.katalon.core.main.ScriptEngine.run(ScriptEngine.java:194)
	at com.kms.katalon.core.main.ScriptEngine.runScriptAsRawText(ScriptEngine.java:119)
	at com.kms.katalon.core.main.TestCaseExecutor.runScript(TestCaseExecutor.java:448)
	at com.kms.katalon.core.main.TestCaseExecutor.doExecute(TestCaseExecutor.java:439)
	at com.kms.katalon.core.main.TestCaseExecutor.processExecutionPhase(TestCaseExecutor.java:418)
	at com.kms.katalon.core.main.TestCaseExecutor.accessMainPhase(TestCaseExecutor.java:410)
	at com.kms.katalon.core.main.TestCaseExecutor.execute(TestCaseExecutor.java:285)
	at com.kms.katalon.core.main.TestCaseMain.runTestCase(TestCaseMain.java:144)
	at com.kms.katalon.core.keyword.builtin.CallTestCaseKeyword$_callTestCase_closure1.doCall(CallTestCaseKeyword.groovy:59)
	at com.kms.katalon.core.keyword.builtin.CallTestCaseKeyword$_callTestCase_closure1.call(CallTestCaseKeyword.groovy)
	at com.kms.katalon.core.keyword.internal.KeywordMain.runKeyword(KeywordMain.groovy:75)
	at com.kms.katalon.core.keyword.builtin.CallTestCaseKeyword.callTestCase(CallTestCaseKeyword.groovy:81)
	at com.kms.katalon.core.keyword.builtin.CallTestCaseKeyword.execute(CallTestCaseKeyword.groovy:44)
	at com.kms.katalon.core.keyword.internal.KeywordExecutor.executeKeywordForPlatform(KeywordExecutor.groovy:74)
	at com.kms.katalon.core.keyword.BuiltinKeywords.callTestCase(BuiltinKeywords.groovy:310)
	at SA-002.run(SA-002:20)
	at com.kms.katalon.core.main.ScriptEngine.run(ScriptEngine.java:194)
	at com.kms.katalon.core.main.ScriptEngine.runScriptAsRawText(ScriptEngine.java:119)
	at com.kms.katalon.core.main.TestCaseExecutor.runScript(TestCaseExecutor.java:448)
	at com.kms.katalon.core.main.TestCaseExecutor.doExecute(TestCaseExecutor.java:439)
	at com.kms.katalon.core.main.TestCaseExecutor.processExecutionPhase(TestCaseExecutor.java:418)
	at com.kms.katalon.core.main.TestCaseExecutor.accessMainPhase(TestCaseExecutor.java:410)
	at com.kms.katalon.core.main.TestCaseExecutor.execute(TestCaseExecutor.java:285)
	at com.kms.katalon.core.main.TestCaseMain.runTestCase(TestCaseMain.java:144)
	at com.kms.katalon.core.keyword.builtin.CallTestCaseKeyword$_callTestCase_closure1.doCall(CallTestCaseKeyword.groovy:59)
	at com.kms.katalon.core.keyword.builtin.CallTestCaseKeyword$_callTestCase_closure1.call(CallTestCaseKeyword.groovy)
	at com.kms.katalon.core.keyword.internal.KeywordMain.runKeyword(KeywordMain.groovy:75)
	at com.kms.katalon.core.keyword.builtin.CallTestCaseKeyword.callTestCase(CallTestCaseKeyword.groovy:81)
	at com.kms.katalon.core.keyword.builtin.CallTestCaseKeyword.execute(CallTestCaseKeyword.groovy:44)
	at com.kms.katalon.core.keyword.internal.KeywordExecutor.executeKeywordForPlatform(KeywordExecutor.groovy:74)
	at com.kms.katalon.core.keyword.BuiltinKeywords.callTestCase(BuiltinKeywords.groovy:310)
	at SA-006.run(SA-006:20)
	at com.kms.katalon.core.main.ScriptEngine.run(ScriptEngine.java:194)
	at com.kms.katalon.core.main.ScriptEngine.runScriptAsRawText(ScriptEngine.java:119)
	at com.kms.katalon.core.main.TestCaseExecutor.runScript(TestCaseExecutor.java:448)
	at com.kms.katalon.core.main.TestCaseExecutor.doExecute(TestCaseExecutor.java:439)
	at com.kms.katalon.core.main.TestCaseExecutor.processExecutionPhase(TestCaseExecutor.java:418)
	at com.kms.katalon.core.main.TestCaseExecutor.accessMainPhase(TestCaseExecutor.java:410)
	at com.kms.katalon.core.main.TestCaseExecutor.execute(TestCaseExecutor.java:285)
	at com.kms.katalon.core.main.TestCaseMain.runTestCase(TestCaseMain.java:144)
	at com.kms.katalon.core.keyword.builtin.CallTestCaseKeyword$_callTestCase_closure1.doCall(CallTestCaseKeyword.groovy:59)
	at com.kms.katalon.core.keyword.builtin.CallTestCaseKeyword$_callTestCase_closure1.call(CallTestCaseKeyword.groovy)
	at com.kms.katalon.core.keyword.internal.KeywordMain.runKeyword(KeywordMain.groovy:75)
	at com.kms.katalon.core.keyword.builtin.CallTestCaseKeyword.callTestCase(CallTestCaseKeyword.groovy:81)
	at com.kms.katalon.core.keyword.builtin.CallTestCaseKeyword.execute(CallTestCaseKeyword.groovy:44)
	at com.kms.katalon.core.keyword.internal.KeywordExecutor.executeKeywordForPlatform(KeywordExecutor.groovy:74)
	at com.kms.katalon.core.keyword.BuiltinKeywords.callTestCase(BuiltinKeywords.groovy:310)
	at SU-005.run(SU-005:20)
	at com.kms.katalon.core.main.ScriptEngine.run(ScriptEngine.java:194)
	at com.kms.katalon.core.main.ScriptEngine.runScriptAsRawText(ScriptEngine.java:119)
	at com.kms.katalon.core.main.TestCaseExecutor.runScript(TestCaseExecutor.java:448)
	at com.kms.katalon.core.main.TestCaseExecutor.doExecute(TestCaseExecutor.java:439)
	at com.kms.katalon.core.main.TestCaseExecutor.processExecutionPhase(TestCaseExecutor.java:418)
	at com.kms.katalon.core.main.TestCaseExecutor.accessMainPhase(TestCaseExecutor.java:410)
	at com.kms.katalon.core.main.TestCaseExecutor.execute(TestCaseExecutor.java:285)
	at com.kms.katalon.core.common.CommonExecutor.accessTestCaseMainPhase(CommonExecutor.java:65)
	at com.kms.katalon.core.main.TestSuiteExecutor.accessTestSuiteMainPhase(TestSuiteExecutor.java:148)
	at com.kms.katalon.core.main.TestSuiteExecutor.execute(TestSuiteExecutor.java:106)
	at com.kms.katalon.core.main.TestCaseMain.startTestSuite(TestCaseMain.java:187)
	at com.kms.katalon.core.main.TestCaseMain$startTestSuite$0.call(Unknown Source)
	at TempTestSuite1696424348948.run(TempTestSuite1696424348948.groovy:36)
Caused by: com.kms.katalon.core.exception.StepFailedException: Call Test Case 'Test Cases/T13 Pembelian, Shipment dan Pembayaran/PBY-001' failed
	at com.kms.katalon.core.keyword.builtin.CallTestCaseKeyword$_callTestCase_closure1.doCall(CallTestCaseKeyword.groovy:63)
	at com.kms.katalon.core.keyword.builtin.CallTestCaseKeyword$_callTestCase_closure1.call(CallTestCaseKeyword.groovy)
	at com.kms.katalon.core.keyword.internal.KeywordMain.runKeyword(KeywordMain.groovy:75)
	at com.kms.katalon.core.keyword.builtin.CallTestCaseKeyword.callTestCase(CallTestCaseKeyword.groovy:81)
	at com.kms.katalon.core.keyword.builtin.CallTestCaseKeyword.execute(CallTestCaseKeyword.groovy:44)
	at com.kms.katalon.core.keyword.internal.KeywordExecutor.executeKeywordForPlatform(KeywordExecutor.groovy:74)
	at com.kms.katalon.core.keyword.BuiltinKeywords.callTestCase(BuiltinKeywords.groovy:310)
	at PBY-004.run(PBY-004:20)
	at com.kms.katalon.core.main.ScriptEngine.run(ScriptEngine.java:194)
	at com.kms.katalon.core.main.ScriptEngine.runScriptAsRawText(ScriptEngine.java:119)
	at com.kms.katalon.core.main.TestCaseExecutor.runScript(TestCaseExecutor.java:448)
	at com.kms.katalon.core.main.TestCaseExecutor.doExecute(TestCaseExecutor.java:439)
	at com.kms.katalon.core.main.TestCaseExecutor.processExecutionPhase(TestCaseExecutor.java:418)
	at com.kms.katalon.core.main.TestCaseExecutor.accessMainPhase(TestCaseExecutor.java:410)
	at com.kms.katalon.core.main.TestCaseExecutor.execute(TestCaseExecutor.java:285)
	at com.kms.katalon.core.main.TestCaseMain.runTestCase(TestCaseMain.java:144)
	at com.kms.katalon.core.keyword.builtin.CallTestCaseKeyword$_callTestCase_closure1.doCall(CallTestCaseKeyword.groovy:59)
	... 84 more
Caused by: com.kms.katalon.core.exception.StepFailedException: Call Test Case 'Test Cases/T13 Pembelian, Shipment dan Pembayaran/PBL-004' failed
	at com.kms.katalon.core.keyword.builtin.CallTestCaseKeyword$_callTestCase_closure1.doCall(CallTestCaseKeyword.groovy:63)
	at com.kms.katalon.core.keyword.builtin.CallTestCaseKeyword$_callTestCase_closure1.call(CallTestCaseKeyword.groovy)
	at com.kms.katalon.core.keyword.internal.KeywordMain.runKeyword(KeywordMain.groovy:75)
	at com.kms.katalon.core.keyword.builtin.CallTestCaseKeyword.callTestCase(CallTestCaseKeyword.groovy:81)
	at com.kms.katalon.core.keyword.builtin.CallTestCaseKeyword.execute(CallTestCaseKeyword.groovy:44)
	at com.kms.katalon.core.keyword.internal.KeywordExecutor.executeKeywordForPlatform(KeywordExecutor.groovy:74)
	at com.kms.katalon.core.keyword.BuiltinKeywords.callTestCase(BuiltinKeywords.groovy:310)
	at PBY-001.run(PBY-001:20)
	at com.kms.katalon.core.main.ScriptEngine.run(ScriptEngine.java:194)
	at com.kms.katalon.core.main.ScriptEngine.runScriptAsRawText(ScriptEngine.java:119)
	at com.kms.katalon.core.main.TestCaseExecutor.runScript(TestCaseExecutor.java:448)
	at com.kms.katalon.core.main.TestCaseExecutor.doExecute(TestCaseExecutor.java:439)
	at com.kms.katalon.core.main.TestCaseExecutor.processExecutionPhase(TestCaseExecutor.java:418)
	at com.kms.katalon.core.main.TestCaseExecutor.accessMainPhase(TestCaseExecutor.java:410)
	at com.kms.katalon.core.main.TestCaseExecutor.execute(TestCaseExecutor.java:285)
	at com.kms.katalon.core.main.TestCaseMain.runTestCase(TestCaseMain.java:144)
	at com.kms.katalon.core.keyword.builtin.CallTestCaseKeyword$_callTestCase_closure1.doCall(CallTestCaseKeyword.groovy:59)
	... 100 more
Caused by: com.kms.katalon.core.exception.StepFailedException: Call Test Case 'Test Cases/T13 Pembelian, Shipment dan Pembayaran/PBL-002' failed
	at com.kms.katalon.core.keyword.builtin.CallTestCaseKeyword$_callTestCase_closure1.doCall(CallTestCaseKeyword.groovy:63)
	at com.kms.katalon.core.keyword.builtin.CallTestCaseKeyword$_callTestCase_closure1.call(CallTestCaseKeyword.groovy)
	at com.kms.katalon.core.keyword.internal.KeywordMain.runKeyword(KeywordMain.groovy:75)
	at com.kms.katalon.core.keyword.builtin.CallTestCaseKeyword.callTestCase(CallTestCaseKeyword.groovy:81)
	at com.kms.katalon.core.keyword.builtin.CallTestCaseKeyword.execute(CallTestCaseKeyword.groovy:44)
	at com.kms.katalon.core.keyword.internal.KeywordExecutor.executeKeywordForPlatform(KeywordExecutor.groovy:74)
	at com.kms.katalon.core.keyword.BuiltinKeywords.callTestCase(BuiltinKeywords.groovy:310)
	at PBL-004.run(PBL-004:20)
	at com.kms.katalon.core.main.ScriptEngine.run(ScriptEngine.java:194)
	at com.kms.katalon.core.main.ScriptEngine.runScriptAsRawText(ScriptEngine.java:119)
	at com.kms.katalon.core.main.TestCaseExecutor.runScript(TestCaseExecutor.java:448)
	at com.kms.katalon.core.main.TestCaseExecutor.doExecute(TestCaseExecutor.java:439)
	at com.kms.katalon.core.main.TestCaseExecutor.processExecutionPhase(TestCaseExecutor.java:418)
	at com.kms.katalon.core.main.TestCaseExecutor.accessMainPhase(TestCaseExecutor.java:410)
	at com.kms.katalon.core.main.TestCaseExecutor.execute(TestCaseExecutor.java:285)
	at com.kms.katalon.core.main.TestCaseMain.runTestCase(TestCaseMain.java:144)
	at com.kms.katalon.core.keyword.builtin.CallTestCaseKeyword$_callTestCase_closure1.doCall(CallTestCaseKeyword.groovy:59)
	... 116 more
Caused by: com.kms.katalon.core.exception.StepFailedException: Call Test Case 'Test Cases/T13 Pembelian, Shipment dan Pembayaran/PBL-001' failed
	at com.kms.katalon.core.keyword.builtin.CallTestCaseKeyword$_callTestCase_closure1.doCall(CallTestCaseKeyword.groovy:63)
	at com.kms.katalon.core.keyword.builtin.CallTestCaseKeyword$_callTestCase_closure1.call(CallTestCaseKeyword.groovy)
	at com.kms.katalon.core.keyword.internal.KeywordMain.runKeyword(KeywordMain.groovy:75)
	at com.kms.katalon.core.keyword.builtin.CallTestCaseKeyword.callTestCase(CallTestCaseKeyword.groovy:81)
	at com.kms.katalon.core.keyword.builtin.CallTestCaseKeyword.execute(CallTestCaseKeyword.groovy:44)
	at com.kms.katalon.core.keyword.internal.KeywordExecutor.executeKeywordForPlatform(KeywordExecutor.groovy:74)
	at com.kms.katalon.core.keyword.BuiltinKeywords.callTestCase(BuiltinKeywords.groovy:310)
	at PBL-002.run(PBL-002:20)
	at com.kms.katalon.core.main.ScriptEngine.run(ScriptEngine.java:194)
	at com.kms.katalon.core.main.ScriptEngine.runScriptAsRawText(ScriptEngine.java:119)
	at com.kms.katalon.core.main.TestCaseExecutor.runScript(TestCaseExecutor.java:448)
	at com.kms.katalon.core.main.TestCaseExecutor.doExecute(TestCaseExecutor.java:439)
	at com.kms.katalon.core.main.TestCaseExecutor.processExecutionPhase(TestCaseExecutor.java:418)
	at com.kms.katalon.core.main.TestCaseExecutor.accessMainPhase(TestCaseExecutor.java:410)
	at com.kms.katalon.core.main.TestCaseExecutor.execute(TestCaseExecutor.java:285)
	at com.kms.katalon.core.main.TestCaseMain.runTestCase(TestCaseMain.java:144)
	at com.kms.katalon.core.keyword.builtin.CallTestCaseKeyword$_callTestCase_closure1.doCall(CallTestCaseKeyword.groovy:59)
	... 132 more
Caused by: Assertion failed: 

assert NamaSesudah.contains(NamaSebelum)
       |           |        |
       |           false    Segitiga Instan Madeira - MDB5.3 Sunse,..
       Segitiga Instan Madeira - MDB5.3 Sunset

	at PBL-001.run(PBL-001:39)
	at com.kms.katalon.core.main.ScriptEngine.run(ScriptEngine.java:194)
	at com.kms.katalon.core.main.ScriptEngine.runScriptAsRawText(ScriptEngine.java:119)
	at com.kms.katalon.core.main.TestCaseExecutor.runScript(TestCaseExecutor.java:448)
	at com.kms.katalon.core.main.TestCaseExecutor.doExecute(TestCaseExecutor.java:439)
	at com.kms.katalon.core.main.TestCaseExecutor.processExecutionPhase(TestCaseExecutor.java:418)
	at com.kms.katalon.core.main.TestCaseExecutor.accessMainPhase(TestCaseExecutor.java:410)
	at com.kms.katalon.core.main.TestCaseExecutor.execute(TestCaseExecutor.java:285)
	at com.kms.katalon.core.main.TestCaseMain.runTestCase(TestCaseMain.java:144)
	at com.kms.katalon.core.keyword.builtin.CallTestCaseKeyword$_callTestCase_closure1.doCall(CallTestCaseKeyword.groovy:59)
	... 148 more
)

2023-10-04 20:46:46 - [MESSAGE][FAILED] - Unable to call Test Case 'Test Cases/T13 Pembelian, Shipment dan Pembayaran/PBYA-001' (Root cause: com.kms.katalon.core.exception.StepFailedException: Call Test Case 'Test Cases/T13 Pembelian, Shipment dan Pembayaran/PBYA-001' failed
	at com.kms.katalon.core.keyword.builtin.CallTestCaseKeyword$_callTestCase_closure1.doCall(CallTestCaseKeyword.groovy:63)
	at com.kms.katalon.core.keyword.builtin.CallTestCaseKeyword$_callTestCase_closure1.call(CallTestCaseKeyword.groovy)
	at com.kms.katalon.core.keyword.internal.KeywordMain.runKeyword(KeywordMain.groovy:75)
	at com.kms.katalon.core.keyword.builtin.CallTestCaseKeyword.callTestCase(CallTestCaseKeyword.groovy:81)
	at com.kms.katalon.core.keyword.builtin.CallTestCaseKeyword.execute(CallTestCaseKeyword.groovy:44)
	at com.kms.katalon.core.keyword.internal.KeywordExecutor.executeKeywordForPlatform(KeywordExecutor.groovy:74)
	at com.kms.katalon.core.keyword.BuiltinKeywords.callTestCase(BuiltinKeywords.groovy:310)
	at SA-001.run(SA-001:20)
	at com.kms.katalon.core.main.ScriptEngine.run(ScriptEngine.java:194)
	at com.kms.katalon.core.main.ScriptEngine.runScriptAsRawText(ScriptEngine.java:119)
	at com.kms.katalon.core.main.TestCaseExecutor.runScript(TestCaseExecutor.java:448)
	at com.kms.katalon.core.main.TestCaseExecutor.doExecute(TestCaseExecutor.java:439)
	at com.kms.katalon.core.main.TestCaseExecutor.processExecutionPhase(TestCaseExecutor.java:418)
	at com.kms.katalon.core.main.TestCaseExecutor.accessMainPhase(TestCaseExecutor.java:410)
	at com.kms.katalon.core.main.TestCaseExecutor.execute(TestCaseExecutor.java:285)
	at com.kms.katalon.core.main.TestCaseMain.runTestCase(TestCaseMain.java:144)
	at com.kms.katalon.core.keyword.builtin.CallTestCaseKeyword$_callTestCase_closure1.doCall(CallTestCaseKeyword.groovy:59)
	at com.kms.katalon.core.keyword.builtin.CallTestCaseKeyword$_callTestCase_closure1.call(CallTestCaseKeyword.groovy)
	at com.kms.katalon.core.keyword.internal.KeywordMain.runKeyword(KeywordMain.groovy:75)
	at com.kms.katalon.core.keyword.builtin.CallTestCaseKeyword.callTestCase(CallTestCaseKeyword.groovy:81)
	at com.kms.katalon.core.keyword.builtin.CallTestCaseKeyword.execute(CallTestCaseKeyword.groovy:44)
	at com.kms.katalon.core.keyword.internal.KeywordExecutor.executeKeywordForPlatform(KeywordExecutor.groovy:74)
	at com.kms.katalon.core.keyword.BuiltinKeywords.callTestCase(BuiltinKeywords.groovy:310)
	at SA-002.run(SA-002:20)
	at com.kms.katalon.core.main.ScriptEngine.run(ScriptEngine.java:194)
	at com.kms.katalon.core.main.ScriptEngine.runScriptAsRawText(ScriptEngine.java:119)
	at com.kms.katalon.core.main.TestCaseExecutor.runScript(TestCaseExecutor.java:448)
	at com.kms.katalon.core.main.TestCaseExecutor.doExecute(TestCaseExecutor.java:439)
	at com.kms.katalon.core.main.TestCaseExecutor.processExecutionPhase(TestCaseExecutor.java:418)
	at com.kms.katalon.core.main.TestCaseExecutor.accessMainPhase(TestCaseExecutor.java:410)
	at com.kms.katalon.core.main.TestCaseExecutor.execute(TestCaseExecutor.java:285)
	at com.kms.katalon.core.main.TestCaseMain.runTestCase(TestCaseMain.java:144)
	at com.kms.katalon.core.keyword.builtin.CallTestCaseKeyword$_callTestCase_closure1.doCall(CallTestCaseKeyword.groovy:59)
	at com.kms.katalon.core.keyword.builtin.CallTestCaseKeyword$_callTestCase_closure1.call(CallTestCaseKeyword.groovy)
	at com.kms.katalon.core.keyword.internal.KeywordMain.runKeyword(KeywordMain.groovy:75)
	at com.kms.katalon.core.keyword.builtin.CallTestCaseKeyword.callTestCase(CallTestCaseKeyword.groovy:81)
	at com.kms.katalon.core.keyword.builtin.CallTestCaseKeyword.execute(CallTestCaseKeyword.groovy:44)
	at com.kms.katalon.core.keyword.internal.KeywordExecutor.executeKeywordForPlatform(KeywordExecutor.groovy:74)
	at com.kms.katalon.core.keyword.BuiltinKeywords.callTestCase(BuiltinKeywords.groovy:310)
	at SA-006.run(SA-006:20)
	at com.kms.katalon.core.main.ScriptEngine.run(ScriptEngine.java:194)
	at com.kms.katalon.core.main.ScriptEngine.runScriptAsRawText(ScriptEngine.java:119)
	at com.kms.katalon.core.main.TestCaseExecutor.runScript(TestCaseExecutor.java:448)
	at com.kms.katalon.core.main.TestCaseExecutor.doExecute(TestCaseExecutor.java:439)
	at com.kms.katalon.core.main.TestCaseExecutor.processExecutionPhase(TestCaseExecutor.java:418)
	at com.kms.katalon.core.main.TestCaseExecutor.accessMainPhase(TestCaseExecutor.java:410)
	at com.kms.katalon.core.main.TestCaseExecutor.execute(TestCaseExecutor.java:285)
	at com.kms.katalon.core.main.TestCaseMain.runTestCase(TestCaseMain.java:144)
	at com.kms.katalon.core.keyword.builtin.CallTestCaseKeyword$_callTestCase_closure1.doCall(CallTestCaseKeyword.groovy:59)
	at com.kms.katalon.core.keyword.builtin.CallTestCaseKeyword$_callTestCase_closure1.call(CallTestCaseKeyword.groovy)
	at com.kms.katalon.core.keyword.internal.KeywordMain.runKeyword(KeywordMain.groovy:75)
	at com.kms.katalon.core.keyword.builtin.CallTestCaseKeyword.callTestCase(CallTestCaseKeyword.groovy:81)
	at com.kms.katalon.core.keyword.builtin.CallTestCaseKeyword.execute(CallTestCaseKeyword.groovy:44)
	at com.kms.katalon.core.keyword.internal.KeywordExecutor.executeKeywordForPlatform(KeywordExecutor.groovy:74)
	at com.kms.katalon.core.keyword.BuiltinKeywords.callTestCase(BuiltinKeywords.groovy:310)
	at SU-005.run(SU-005:20)
	at com.kms.katalon.core.main.ScriptEngine.run(ScriptEngine.java:194)
	at com.kms.katalon.core.main.ScriptEngine.runScriptAsRawText(ScriptEngine.java:119)
	at com.kms.katalon.core.main.TestCaseExecutor.runScript(TestCaseExecutor.java:448)
	at com.kms.katalon.core.main.TestCaseExecutor.doExecute(TestCaseExecutor.java:439)
	at com.kms.katalon.core.main.TestCaseExecutor.processExecutionPhase(TestCaseExecutor.java:418)
	at com.kms.katalon.core.main.TestCaseExecutor.accessMainPhase(TestCaseExecutor.java:410)
	at com.kms.katalon.core.main.TestCaseExecutor.execute(TestCaseExecutor.java:285)
	at com.kms.katalon.core.common.CommonExecutor.accessTestCaseMainPhase(CommonExecutor.java:65)
	at com.kms.katalon.core.main.TestSuiteExecutor.accessTestSuiteMainPhase(TestSuiteExecutor.java:148)
	at com.kms.katalon.core.main.TestSuiteExecutor.execute(TestSuiteExecutor.java:106)
	at com.kms.katalon.core.main.TestCaseMain.startTestSuite(TestCaseMain.java:187)
	at com.kms.katalon.core.main.TestCaseMain$startTestSuite$0.call(Unknown Source)
	at TempTestSuite1696424348948.run(TempTestSuite1696424348948.groovy:36)
Caused by: com.kms.katalon.core.exception.StepFailedException: Call Test Case 'Test Cases/T13 Pembelian, Shipment dan Pembayaran/PBY-004' failed
	at com.kms.katalon.core.keyword.builtin.CallTestCaseKeyword$_callTestCase_closure1.doCall(CallTestCaseKeyword.groovy:63)
	at com.kms.katalon.core.keyword.builtin.CallTestCaseKeyword$_callTestCase_closure1.call(CallTestCaseKeyword.groovy)
	at com.kms.katalon.core.keyword.internal.KeywordMain.runKeyword(KeywordMain.groovy:75)
	at com.kms.katalon.core.keyword.builtin.CallTestCaseKeyword.callTestCase(CallTestCaseKeyword.groovy:81)
	at com.kms.katalon.core.keyword.builtin.CallTestCaseKeyword.execute(CallTestCaseKeyword.groovy:44)
	at com.kms.katalon.core.keyword.internal.KeywordExecutor.executeKeywordForPlatform(KeywordExecutor.groovy:74)
	at com.kms.katalon.core.keyword.BuiltinKeywords.callTestCase(BuiltinKeywords.groovy:310)
	at PBYA-001.run(PBYA-001:20)
	at com.kms.katalon.core.main.ScriptEngine.run(ScriptEngine.java:194)
	at com.kms.katalon.core.main.ScriptEngine.runScriptAsRawText(ScriptEngine.java:119)
	at com.kms.katalon.core.main.TestCaseExecutor.runScript(TestCaseExecutor.java:448)
	at com.kms.katalon.core.main.TestCaseExecutor.doExecute(TestCaseExecutor.java:439)
	at com.kms.katalon.core.main.TestCaseExecutor.processExecutionPhase(TestCaseExecutor.java:418)
	at com.kms.katalon.core.main.TestCaseExecutor.accessMainPhase(TestCaseExecutor.java:410)
	at com.kms.katalon.core.main.TestCaseExecutor.execute(TestCaseExecutor.java:285)
	at com.kms.katalon.core.main.TestCaseMain.runTestCase(TestCaseMain.java:144)
	at com.kms.katalon.core.keyword.builtin.CallTestCaseKeyword$_callTestCase_closure1.doCall(CallTestCaseKeyword.groovy:59)
	... 68 more
Caused by: com.kms.katalon.core.exception.StepFailedException: Call Test Case 'Test Cases/T13 Pembelian, Shipment dan Pembayaran/PBY-001' failed
	at com.kms.katalon.core.keyword.builtin.CallTestCaseKeyword$_callTestCase_closure1.doCall(CallTestCaseKeyword.groovy:63)
	at com.kms.katalon.core.keyword.builtin.CallTestCaseKeyword$_callTestCase_closure1.call(CallTestCaseKeyword.groovy)
	at com.kms.katalon.core.keyword.internal.KeywordMain.runKeyword(KeywordMain.groovy:75)
	at com.kms.katalon.core.keyword.builtin.CallTestCaseKeyword.callTestCase(CallTestCaseKeyword.groovy:81)
	at com.kms.katalon.core.keyword.builtin.CallTestCaseKeyword.execute(CallTestCaseKeyword.groovy:44)
	at com.kms.katalon.core.keyword.internal.KeywordExecutor.executeKeywordForPlatform(KeywordExecutor.groovy:74)
	at com.kms.katalon.core.keyword.BuiltinKeywords.callTestCase(BuiltinKeywords.groovy:310)
	at PBY-004.run(PBY-004:20)
	at com.kms.katalon.core.main.ScriptEngine.run(ScriptEngine.java:194)
	at com.kms.katalon.core.main.ScriptEngine.runScriptAsRawText(ScriptEngine.java:119)
	at com.kms.katalon.core.main.TestCaseExecutor.runScript(TestCaseExecutor.java:448)
	at com.kms.katalon.core.main.TestCaseExecutor.doExecute(TestCaseExecutor.java:439)
	at com.kms.katalon.core.main.TestCaseExecutor.processExecutionPhase(TestCaseExecutor.java:418)
	at com.kms.katalon.core.main.TestCaseExecutor.accessMainPhase(TestCaseExecutor.java:410)
	at com.kms.katalon.core.main.TestCaseExecutor.execute(TestCaseExecutor.java:285)
	at com.kms.katalon.core.main.TestCaseMain.runTestCase(TestCaseMain.java:144)
	at com.kms.katalon.core.keyword.builtin.CallTestCaseKeyword$_callTestCase_closure1.doCall(CallTestCaseKeyword.groovy:59)
	... 84 more
Caused by: com.kms.katalon.core.exception.StepFailedException: Call Test Case 'Test Cases/T13 Pembelian, Shipment dan Pembayaran/PBL-004' failed
	at com.kms.katalon.core.keyword.builtin.CallTestCaseKeyword$_callTestCase_closure1.doCall(CallTestCaseKeyword.groovy:63)
	at com.kms.katalon.core.keyword.builtin.CallTestCaseKeyword$_callTestCase_closure1.call(CallTestCaseKeyword.groovy)
	at com.kms.katalon.core.keyword.internal.KeywordMain.runKeyword(KeywordMain.groovy:75)
	at com.kms.katalon.core.keyword.builtin.CallTestCaseKeyword.callTestCase(CallTestCaseKeyword.groovy:81)
	at com.kms.katalon.core.keyword.builtin.CallTestCaseKeyword.execute(CallTestCaseKeyword.groovy:44)
	at com.kms.katalon.core.keyword.internal.KeywordExecutor.executeKeywordForPlatform(KeywordExecutor.groovy:74)
	at com.kms.katalon.core.keyword.BuiltinKeywords.callTestCase(BuiltinKeywords.groovy:310)
	at PBY-001.run(PBY-001:20)
	at com.kms.katalon.core.main.ScriptEngine.run(ScriptEngine.java:194)
	at com.kms.katalon.core.main.ScriptEngine.runScriptAsRawText(ScriptEngine.java:119)
	at com.kms.katalon.core.main.TestCaseExecutor.runScript(TestCaseExecutor.java:448)
	at com.kms.katalon.core.main.TestCaseExecutor.doExecute(TestCaseExecutor.java:439)
	at com.kms.katalon.core.main.TestCaseExecutor.processExecutionPhase(TestCaseExecutor.java:418)
	at com.kms.katalon.core.main.TestCaseExecutor.accessMainPhase(TestCaseExecutor.java:410)
	at com.kms.katalon.core.main.TestCaseExecutor.execute(TestCaseExecutor.java:285)
	at com.kms.katalon.core.main.TestCaseMain.runTestCase(TestCaseMain.java:144)
	at com.kms.katalon.core.keyword.builtin.CallTestCaseKeyword$_callTestCase_closure1.doCall(CallTestCaseKeyword.groovy:59)
	... 100 more
Caused by: com.kms.katalon.core.exception.StepFailedException: Call Test Case 'Test Cases/T13 Pembelian, Shipment dan Pembayaran/PBL-002' failed
	at com.kms.katalon.core.keyword.builtin.CallTestCaseKeyword$_callTestCase_closure1.doCall(CallTestCaseKeyword.groovy:63)
	at com.kms.katalon.core.keyword.builtin.CallTestCaseKeyword$_callTestCase_closure1.call(CallTestCaseKeyword.groovy)
	at com.kms.katalon.core.keyword.internal.KeywordMain.runKeyword(KeywordMain.groovy:75)
	at com.kms.katalon.core.keyword.builtin.CallTestCaseKeyword.callTestCase(CallTestCaseKeyword.groovy:81)
	at com.kms.katalon.core.keyword.builtin.CallTestCaseKeyword.execute(CallTestCaseKeyword.groovy:44)
	at com.kms.katalon.core.keyword.internal.KeywordExecutor.executeKeywordForPlatform(KeywordExecutor.groovy:74)
	at com.kms.katalon.core.keyword.BuiltinKeywords.callTestCase(BuiltinKeywords.groovy:310)
	at PBL-004.run(PBL-004:20)
	at com.kms.katalon.core.main.ScriptEngine.run(ScriptEngine.java:194)
	at com.kms.katalon.core.main.ScriptEngine.runScriptAsRawText(ScriptEngine.java:119)
	at com.kms.katalon.core.main.TestCaseExecutor.runScript(TestCaseExecutor.java:448)
	at com.kms.katalon.core.main.TestCaseExecutor.doExecute(TestCaseExecutor.java:439)
	at com.kms.katalon.core.main.TestCaseExecutor.processExecutionPhase(TestCaseExecutor.java:418)
	at com.kms.katalon.core.main.TestCaseExecutor.accessMainPhase(TestCaseExecutor.java:410)
	at com.kms.katalon.core.main.TestCaseExecutor.execute(TestCaseExecutor.java:285)
	at com.kms.katalon.core.main.TestCaseMain.runTestCase(TestCaseMain.java:144)
	at com.kms.katalon.core.keyword.builtin.CallTestCaseKeyword$_callTestCase_closure1.doCall(CallTestCaseKeyword.groovy:59)
	... 116 more
Caused by: com.kms.katalon.core.exception.StepFailedException: Call Test Case 'Test Cases/T13 Pembelian, Shipment dan Pembayaran/PBL-001' failed
	at com.kms.katalon.core.keyword.builtin.CallTestCaseKeyword$_callTestCase_closure1.doCall(CallTestCaseKeyword.groovy:63)
	at com.kms.katalon.core.keyword.builtin.CallTestCaseKeyword$_callTestCase_closure1.call(CallTestCaseKeyword.groovy)
	at com.kms.katalon.core.keyword.internal.KeywordMain.runKeyword(KeywordMain.groovy:75)
	at com.kms.katalon.core.keyword.builtin.CallTestCaseKeyword.callTestCase(CallTestCaseKeyword.groovy:81)
	at com.kms.katalon.core.keyword.builtin.CallTestCaseKeyword.execute(CallTestCaseKeyword.groovy:44)
	at com.kms.katalon.core.keyword.internal.KeywordExecutor.executeKeywordForPlatform(KeywordExecutor.groovy:74)
	at com.kms.katalon.core.keyword.BuiltinKeywords.callTestCase(BuiltinKeywords.groovy:310)
	at PBL-002.run(PBL-002:20)
	at com.kms.katalon.core.main.ScriptEngine.run(ScriptEngine.java:194)
	at com.kms.katalon.core.main.ScriptEngine.runScriptAsRawText(ScriptEngine.java:119)
	at com.kms.katalon.core.main.TestCaseExecutor.runScript(TestCaseExecutor.java:448)
	at com.kms.katalon.core.main.TestCaseExecutor.doExecute(TestCaseExecutor.java:439)
	at com.kms.katalon.core.main.TestCaseExecutor.processExecutionPhase(TestCaseExecutor.java:418)
	at com.kms.katalon.core.main.TestCaseExecutor.accessMainPhase(TestCaseExecutor.java:410)
	at com.kms.katalon.core.main.TestCaseExecutor.execute(TestCaseExecutor.java:285)
	at com.kms.katalon.core.main.TestCaseMain.runTestCase(TestCaseMain.java:144)
	at com.kms.katalon.core.keyword.builtin.CallTestCaseKeyword$_callTestCase_closure1.doCall(CallTestCaseKeyword.groovy:59)
	... 132 more
Caused by: Assertion failed: 

assert NamaSesudah.contains(NamaSebelum)
       |           |        |
       |           false    Segitiga Instan Madeira - MDB5.3 Sunse,..
       Segitiga Instan Madeira - MDB5.3 Sunset

	at PBL-001.run(PBL-001:39)
	at com.kms.katalon.core.main.ScriptEngine.run(ScriptEngine.java:194)
	at com.kms.katalon.core.main.ScriptEngine.runScriptAsRawText(ScriptEngine.java:119)
	at com.kms.katalon.core.main.TestCaseExecutor.runScript(TestCaseExecutor.java:448)
	at com.kms.katalon.core.main.TestCaseExecutor.doExecute(TestCaseExecutor.java:439)
	at com.kms.katalon.core.main.TestCaseExecutor.processExecutionPhase(TestCaseExecutor.java:418)
	at com.kms.katalon.core.main.TestCaseExecutor.accessMainPhase(TestCaseExecutor.java:410)
	at com.kms.katalon.core.main.TestCaseExecutor.execute(TestCaseExecutor.java:285)
	at com.kms.katalon.core.main.TestCaseMain.runTestCase(TestCaseMain.java:144)
	at com.kms.katalon.core.keyword.builtin.CallTestCaseKeyword$_callTestCase_closure1.doCall(CallTestCaseKeyword.groovy:59)
	... 148 more
)

2023-10-04 20:46:46 - [MESSAGE][FAILED] - Unable to call Test Case 'Test Cases/T13 Pembelian, Shipment dan Pembayaran/SA-001' (Root cause: com.kms.katalon.core.exception.StepFailedException: Call Test Case 'Test Cases/T13 Pembelian, Shipment dan Pembayaran/SA-001' failed
	at com.kms.katalon.core.keyword.builtin.CallTestCaseKeyword$_callTestCase_closure1.doCall(CallTestCaseKeyword.groovy:63)
	at com.kms.katalon.core.keyword.builtin.CallTestCaseKeyword$_callTestCase_closure1.call(CallTestCaseKeyword.groovy)
	at com.kms.katalon.core.keyword.internal.KeywordMain.runKeyword(KeywordMain.groovy:75)
	at com.kms.katalon.core.keyword.builtin.CallTestCaseKeyword.callTestCase(CallTestCaseKeyword.groovy:81)
	at com.kms.katalon.core.keyword.builtin.CallTestCaseKeyword.execute(CallTestCaseKeyword.groovy:44)
	at com.kms.katalon.core.keyword.internal.KeywordExecutor.executeKeywordForPlatform(KeywordExecutor.groovy:74)
	at com.kms.katalon.core.keyword.BuiltinKeywords.callTestCase(BuiltinKeywords.groovy:310)
	at SA-002.run(SA-002:20)
	at com.kms.katalon.core.main.ScriptEngine.run(ScriptEngine.java:194)
	at com.kms.katalon.core.main.ScriptEngine.runScriptAsRawText(ScriptEngine.java:119)
	at com.kms.katalon.core.main.TestCaseExecutor.runScript(TestCaseExecutor.java:448)
	at com.kms.katalon.core.main.TestCaseExecutor.doExecute(TestCaseExecutor.java:439)
	at com.kms.katalon.core.main.TestCaseExecutor.processExecutionPhase(TestCaseExecutor.java:418)
	at com.kms.katalon.core.main.TestCaseExecutor.accessMainPhase(TestCaseExecutor.java:410)
	at com.kms.katalon.core.main.TestCaseExecutor.execute(TestCaseExecutor.java:285)
	at com.kms.katalon.core.main.TestCaseMain.runTestCase(TestCaseMain.java:144)
	at com.kms.katalon.core.keyword.builtin.CallTestCaseKeyword$_callTestCase_closure1.doCall(CallTestCaseKeyword.groovy:59)
	at com.kms.katalon.core.keyword.builtin.CallTestCaseKeyword$_callTestCase_closure1.call(CallTestCaseKeyword.groovy)
	at com.kms.katalon.core.keyword.internal.KeywordMain.runKeyword(KeywordMain.groovy:75)
	at com.kms.katalon.core.keyword.builtin.CallTestCaseKeyword.callTestCase(CallTestCaseKeyword.groovy:81)
	at com.kms.katalon.core.keyword.builtin.CallTestCaseKeyword.execute(CallTestCaseKeyword.groovy:44)
	at com.kms.katalon.core.keyword.internal.KeywordExecutor.executeKeywordForPlatform(KeywordExecutor.groovy:74)
	at com.kms.katalon.core.keyword.BuiltinKeywords.callTestCase(BuiltinKeywords.groovy:310)
	at SA-006.run(SA-006:20)
	at com.kms.katalon.core.main.ScriptEngine.run(ScriptEngine.java:194)
	at com.kms.katalon.core.main.ScriptEngine.runScriptAsRawText(ScriptEngine.java:119)
	at com.kms.katalon.core.main.TestCaseExecutor.runScript(TestCaseExecutor.java:448)
	at com.kms.katalon.core.main.TestCaseExecutor.doExecute(TestCaseExecutor.java:439)
	at com.kms.katalon.core.main.TestCaseExecutor.processExecutionPhase(TestCaseExecutor.java:418)
	at com.kms.katalon.core.main.TestCaseExecutor.accessMainPhase(TestCaseExecutor.java:410)
	at com.kms.katalon.core.main.TestCaseExecutor.execute(TestCaseExecutor.java:285)
	at com.kms.katalon.core.main.TestCaseMain.runTestCase(TestCaseMain.java:144)
	at com.kms.katalon.core.keyword.builtin.CallTestCaseKeyword$_callTestCase_closure1.doCall(CallTestCaseKeyword.groovy:59)
	at com.kms.katalon.core.keyword.builtin.CallTestCaseKeyword$_callTestCase_closure1.call(CallTestCaseKeyword.groovy)
	at com.kms.katalon.core.keyword.internal.KeywordMain.runKeyword(KeywordMain.groovy:75)
	at com.kms.katalon.core.keyword.builtin.CallTestCaseKeyword.callTestCase(CallTestCaseKeyword.groovy:81)
	at com.kms.katalon.core.keyword.builtin.CallTestCaseKeyword.execute(CallTestCaseKeyword.groovy:44)
	at com.kms.katalon.core.keyword.internal.KeywordExecutor.executeKeywordForPlatform(KeywordExecutor.groovy:74)
	at com.kms.katalon.core.keyword.BuiltinKeywords.callTestCase(BuiltinKeywords.groovy:310)
	at SU-005.run(SU-005:20)
	at com.kms.katalon.core.main.ScriptEngine.run(ScriptEngine.java:194)
	at com.kms.katalon.core.main.ScriptEngine.runScriptAsRawText(ScriptEngine.java:119)
	at com.kms.katalon.core.main.TestCaseExecutor.runScript(TestCaseExecutor.java:448)
	at com.kms.katalon.core.main.TestCaseExecutor.doExecute(TestCaseExecutor.java:439)
	at com.kms.katalon.core.main.TestCaseExecutor.processExecutionPhase(TestCaseExecutor.java:418)
	at com.kms.katalon.core.main.TestCaseExecutor.accessMainPhase(TestCaseExecutor.java:410)
	at com.kms.katalon.core.main.TestCaseExecutor.execute(TestCaseExecutor.java:285)
	at com.kms.katalon.core.common.CommonExecutor.accessTestCaseMainPhase(CommonExecutor.java:65)
	at com.kms.katalon.core.main.TestSuiteExecutor.accessTestSuiteMainPhase(TestSuiteExecutor.java:148)
	at com.kms.katalon.core.main.TestSuiteExecutor.execute(TestSuiteExecutor.java:106)
	at com.kms.katalon.core.main.TestCaseMain.startTestSuite(TestCaseMain.java:187)
	at com.kms.katalon.core.main.TestCaseMain$startTestSuite$0.call(Unknown Source)
	at TempTestSuite1696424348948.run(TempTestSuite1696424348948.groovy:36)
Caused by: com.kms.katalon.core.exception.StepFailedException: Call Test Case 'Test Cases/T13 Pembelian, Shipment dan Pembayaran/PBYA-001' failed
	at com.kms.katalon.core.keyword.builtin.CallTestCaseKeyword$_callTestCase_closure1.doCall(CallTestCaseKeyword.groovy:63)
	at com.kms.katalon.core.keyword.builtin.CallTestCaseKeyword$_callTestCase_closure1.call(CallTestCaseKeyword.groovy)
	at com.kms.katalon.core.keyword.internal.KeywordMain.runKeyword(KeywordMain.groovy:75)
	at com.kms.katalon.core.keyword.builtin.CallTestCaseKeyword.callTestCase(CallTestCaseKeyword.groovy:81)
	at com.kms.katalon.core.keyword.builtin.CallTestCaseKeyword.execute(CallTestCaseKeyword.groovy:44)
	at com.kms.katalon.core.keyword.internal.KeywordExecutor.executeKeywordForPlatform(KeywordExecutor.groovy:74)
	at com.kms.katalon.core.keyword.BuiltinKeywords.callTestCase(BuiltinKeywords.groovy:310)
	at SA-001.run(SA-001:20)
	at com.kms.katalon.core.main.ScriptEngine.run(ScriptEngine.java:194)
	at com.kms.katalon.core.main.ScriptEngine.runScriptAsRawText(ScriptEngine.java:119)
	at com.kms.katalon.core.main.TestCaseExecutor.runScript(TestCaseExecutor.java:448)
	at com.kms.katalon.core.main.TestCaseExecutor.doExecute(TestCaseExecutor.java:439)
	at com.kms.katalon.core.main.TestCaseExecutor.processExecutionPhase(TestCaseExecutor.java:418)
	at com.kms.katalon.core.main.TestCaseExecutor.accessMainPhase(TestCaseExecutor.java:410)
	at com.kms.katalon.core.main.TestCaseExecutor.execute(TestCaseExecutor.java:285)
	at com.kms.katalon.core.main.TestCaseMain.runTestCase(TestCaseMain.java:144)
	at com.kms.katalon.core.keyword.builtin.CallTestCaseKeyword$_callTestCase_closure1.doCall(CallTestCaseKeyword.groovy:59)
	... 52 more
Caused by: com.kms.katalon.core.exception.StepFailedException: Call Test Case 'Test Cases/T13 Pembelian, Shipment dan Pembayaran/PBY-004' failed
	at com.kms.katalon.core.keyword.builtin.CallTestCaseKeyword$_callTestCase_closure1.doCall(CallTestCaseKeyword.groovy:63)
	at com.kms.katalon.core.keyword.builtin.CallTestCaseKeyword$_callTestCase_closure1.call(CallTestCaseKeyword.groovy)
	at com.kms.katalon.core.keyword.internal.KeywordMain.runKeyword(KeywordMain.groovy:75)
	at com.kms.katalon.core.keyword.builtin.CallTestCaseKeyword.callTestCase(CallTestCaseKeyword.groovy:81)
	at com.kms.katalon.core.keyword.builtin.CallTestCaseKeyword.execute(CallTestCaseKeyword.groovy:44)
	at com.kms.katalon.core.keyword.internal.KeywordExecutor.executeKeywordForPlatform(KeywordExecutor.groovy:74)
	at com.kms.katalon.core.keyword.BuiltinKeywords.callTestCase(BuiltinKeywords.groovy:310)
	at PBYA-001.run(PBYA-001:20)
	at com.kms.katalon.core.main.ScriptEngine.run(ScriptEngine.java:194)
	at com.kms.katalon.core.main.ScriptEngine.runScriptAsRawText(ScriptEngine.java:119)
	at com.kms.katalon.core.main.TestCaseExecutor.runScript(TestCaseExecutor.java:448)
	at com.kms.katalon.core.main.TestCaseExecutor.doExecute(TestCaseExecutor.java:439)
	at com.kms.katalon.core.main.TestCaseExecutor.processExecutionPhase(TestCaseExecutor.java:418)
	at com.kms.katalon.core.main.TestCaseExecutor.accessMainPhase(TestCaseExecutor.java:410)
	at com.kms.katalon.core.main.TestCaseExecutor.execute(TestCaseExecutor.java:285)
	at com.kms.katalon.core.main.TestCaseMain.runTestCase(TestCaseMain.java:144)
	at com.kms.katalon.core.keyword.builtin.CallTestCaseKeyword$_callTestCase_closure1.doCall(CallTestCaseKeyword.groovy:59)
	... 68 more
Caused by: com.kms.katalon.core.exception.StepFailedException: Call Test Case 'Test Cases/T13 Pembelian, Shipment dan Pembayaran/PBY-001' failed
	at com.kms.katalon.core.keyword.builtin.CallTestCaseKeyword$_callTestCase_closure1.doCall(CallTestCaseKeyword.groovy:63)
	at com.kms.katalon.core.keyword.builtin.CallTestCaseKeyword$_callTestCase_closure1.call(CallTestCaseKeyword.groovy)
	at com.kms.katalon.core.keyword.internal.KeywordMain.runKeyword(KeywordMain.groovy:75)
	at com.kms.katalon.core.keyword.builtin.CallTestCaseKeyword.callTestCase(CallTestCaseKeyword.groovy:81)
	at com.kms.katalon.core.keyword.builtin.CallTestCaseKeyword.execute(CallTestCaseKeyword.groovy:44)
	at com.kms.katalon.core.keyword.internal.KeywordExecutor.executeKeywordForPlatform(KeywordExecutor.groovy:74)
	at com.kms.katalon.core.keyword.BuiltinKeywords.callTestCase(BuiltinKeywords.groovy:310)
	at PBY-004.run(PBY-004:20)
	at com.kms.katalon.core.main.ScriptEngine.run(ScriptEngine.java:194)
	at com.kms.katalon.core.main.ScriptEngine.runScriptAsRawText(ScriptEngine.java:119)
	at com.kms.katalon.core.main.TestCaseExecutor.runScript(TestCaseExecutor.java:448)
	at com.kms.katalon.core.main.TestCaseExecutor.doExecute(TestCaseExecutor.java:439)
	at com.kms.katalon.core.main.TestCaseExecutor.processExecutionPhase(TestCaseExecutor.java:418)
	at com.kms.katalon.core.main.TestCaseExecutor.accessMainPhase(TestCaseExecutor.java:410)
	at com.kms.katalon.core.main.TestCaseExecutor.execute(TestCaseExecutor.java:285)
	at com.kms.katalon.core.main.TestCaseMain.runTestCase(TestCaseMain.java:144)
	at com.kms.katalon.core.keyword.builtin.CallTestCaseKeyword$_callTestCase_closure1.doCall(CallTestCaseKeyword.groovy:59)
	... 84 more
Caused by: com.kms.katalon.core.exception.StepFailedException: Call Test Case 'Test Cases/T13 Pembelian, Shipment dan Pembayaran/PBL-004' failed
	at com.kms.katalon.core.keyword.builtin.CallTestCaseKeyword$_callTestCase_closure1.doCall(CallTestCaseKeyword.groovy:63)
	at com.kms.katalon.core.keyword.builtin.CallTestCaseKeyword$_callTestCase_closure1.call(CallTestCaseKeyword.groovy)
	at com.kms.katalon.core.keyword.internal.KeywordMain.runKeyword(KeywordMain.groovy:75)
	at com.kms.katalon.core.keyword.builtin.CallTestCaseKeyword.callTestCase(CallTestCaseKeyword.groovy:81)
	at com.kms.katalon.core.keyword.builtin.CallTestCaseKeyword.execute(CallTestCaseKeyword.groovy:44)
	at com.kms.katalon.core.keyword.internal.KeywordExecutor.executeKeywordForPlatform(KeywordExecutor.groovy:74)
	at com.kms.katalon.core.keyword.BuiltinKeywords.callTestCase(BuiltinKeywords.groovy:310)
	at PBY-001.run(PBY-001:20)
	at com.kms.katalon.core.main.ScriptEngine.run(ScriptEngine.java:194)
	at com.kms.katalon.core.main.ScriptEngine.runScriptAsRawText(ScriptEngine.java:119)
	at com.kms.katalon.core.main.TestCaseExecutor.runScript(TestCaseExecutor.java:448)
	at com.kms.katalon.core.main.TestCaseExecutor.doExecute(TestCaseExecutor.java:439)
	at com.kms.katalon.core.main.TestCaseExecutor.processExecutionPhase(TestCaseExecutor.java:418)
	at com.kms.katalon.core.main.TestCaseExecutor.accessMainPhase(TestCaseExecutor.java:410)
	at com.kms.katalon.core.main.TestCaseExecutor.execute(TestCaseExecutor.java:285)
	at com.kms.katalon.core.main.TestCaseMain.runTestCase(TestCaseMain.java:144)
	at com.kms.katalon.core.keyword.builtin.CallTestCaseKeyword$_callTestCase_closure1.doCall(CallTestCaseKeyword.groovy:59)
	... 100 more
Caused by: com.kms.katalon.core.exception.StepFailedException: Call Test Case 'Test Cases/T13 Pembelian, Shipment dan Pembayaran/PBL-002' failed
	at com.kms.katalon.core.keyword.builtin.CallTestCaseKeyword$_callTestCase_closure1.doCall(CallTestCaseKeyword.groovy:63)
	at com.kms.katalon.core.keyword.builtin.CallTestCaseKeyword$_callTestCase_closure1.call(CallTestCaseKeyword.groovy)
	at com.kms.katalon.core.keyword.internal.KeywordMain.runKeyword(KeywordMain.groovy:75)
	at com.kms.katalon.core.keyword.builtin.CallTestCaseKeyword.callTestCase(CallTestCaseKeyword.groovy:81)
	at com.kms.katalon.core.keyword.builtin.CallTestCaseKeyword.execute(CallTestCaseKeyword.groovy:44)
	at com.kms.katalon.core.keyword.internal.KeywordExecutor.executeKeywordForPlatform(KeywordExecutor.groovy:74)
	at com.kms.katalon.core.keyword.BuiltinKeywords.callTestCase(BuiltinKeywords.groovy:310)
	at PBL-004.run(PBL-004:20)
	at com.kms.katalon.core.main.ScriptEngine.run(ScriptEngine.java:194)
	at com.kms.katalon.core.main.ScriptEngine.runScriptAsRawText(ScriptEngine.java:119)
	at com.kms.katalon.core.main.TestCaseExecutor.runScript(TestCaseExecutor.java:448)
	at com.kms.katalon.core.main.TestCaseExecutor.doExecute(TestCaseExecutor.java:439)
	at com.kms.katalon.core.main.TestCaseExecutor.processExecutionPhase(TestCaseExecutor.java:418)
	at com.kms.katalon.core.main.TestCaseExecutor.accessMainPhase(TestCaseExecutor.java:410)
	at com.kms.katalon.core.main.TestCaseExecutor.execute(TestCaseExecutor.java:285)
	at com.kms.katalon.core.main.TestCaseMain.runTestCase(TestCaseMain.java:144)
	at com.kms.katalon.core.keyword.builtin.CallTestCaseKeyword$_callTestCase_closure1.doCall(CallTestCaseKeyword.groovy:59)
	... 116 more
Caused by: com.kms.katalon.core.exception.StepFailedException: Call Test Case 'Test Cases/T13 Pembelian, Shipment dan Pembayaran/PBL-001' failed
	at com.kms.katalon.core.keyword.builtin.CallTestCaseKeyword$_callTestCase_closure1.doCall(CallTestCaseKeyword.groovy:63)
	at com.kms.katalon.core.keyword.builtin.CallTestCaseKeyword$_callTestCase_closure1.call(CallTestCaseKeyword.groovy)
	at com.kms.katalon.core.keyword.internal.KeywordMain.runKeyword(KeywordMain.groovy:75)
	at com.kms.katalon.core.keyword.builtin.CallTestCaseKeyword.callTestCase(CallTestCaseKeyword.groovy:81)
	at com.kms.katalon.core.keyword.builtin.CallTestCaseKeyword.execute(CallTestCaseKeyword.groovy:44)
	at com.kms.katalon.core.keyword.internal.KeywordExecutor.executeKeywordForPlatform(KeywordExecutor.groovy:74)
	at com.kms.katalon.core.keyword.BuiltinKeywords.callTestCase(BuiltinKeywords.groovy:310)
	at PBL-002.run(PBL-002:20)
	at com.kms.katalon.core.main.ScriptEngine.run(ScriptEngine.java:194)
	at com.kms.katalon.core.main.ScriptEngine.runScriptAsRawText(ScriptEngine.java:119)
	at com.kms.katalon.core.main.TestCaseExecutor.runScript(TestCaseExecutor.java:448)
	at com.kms.katalon.core.main.TestCaseExecutor.doExecute(TestCaseExecutor.java:439)
	at com.kms.katalon.core.main.TestCaseExecutor.processExecutionPhase(TestCaseExecutor.java:418)
	at com.kms.katalon.core.main.TestCaseExecutor.accessMainPhase(TestCaseExecutor.java:410)
	at com.kms.katalon.core.main.TestCaseExecutor.execute(TestCaseExecutor.java:285)
	at com.kms.katalon.core.main.TestCaseMain.runTestCase(TestCaseMain.java:144)
	at com.kms.katalon.core.keyword.builtin.CallTestCaseKeyword$_callTestCase_closure1.doCall(CallTestCaseKeyword.groovy:59)
	... 132 more
Caused by: Assertion failed: 

assert NamaSesudah.contains(NamaSebelum)
       |           |        |
       |           false    Segitiga Instan Madeira - MDB5.3 Sunse,..
       Segitiga Instan Madeira - MDB5.3 Sunset

	at PBL-001.run(PBL-001:39)
	at com.kms.katalon.core.main.ScriptEngine.run(ScriptEngine.java:194)
	at com.kms.katalon.core.main.ScriptEngine.runScriptAsRawText(ScriptEngine.java:119)
	at com.kms.katalon.core.main.TestCaseExecutor.runScript(TestCaseExecutor.java:448)
	at com.kms.katalon.core.main.TestCaseExecutor.doExecute(TestCaseExecutor.java:439)
	at com.kms.katalon.core.main.TestCaseExecutor.processExecutionPhase(TestCaseExecutor.java:418)
	at com.kms.katalon.core.main.TestCaseExecutor.accessMainPhase(TestCaseExecutor.java:410)
	at com.kms.katalon.core.main.TestCaseExecutor.execute(TestCaseExecutor.java:285)
	at com.kms.katalon.core.main.TestCaseMain.runTestCase(TestCaseMain.java:144)
	at com.kms.katalon.core.keyword.builtin.CallTestCaseKeyword$_callTestCase_closure1.doCall(CallTestCaseKeyword.groovy:59)
	... 148 more
)

2023-10-04 20:46:46 - [MESSAGE][FAILED] - Unable to call Test Case 'Test Cases/T13 Pembelian, Shipment dan Pembayaran/SA-002' (Root cause: com.kms.katalon.core.exception.StepFailedException: Call Test Case 'Test Cases/T13 Pembelian, Shipment dan Pembayaran/SA-002' failed
	at com.kms.katalon.core.keyword.builtin.CallTestCaseKeyword$_callTestCase_closure1.doCall(CallTestCaseKeyword.groovy:63)
	at com.kms.katalon.core.keyword.builtin.CallTestCaseKeyword$_callTestCase_closure1.call(CallTestCaseKeyword.groovy)
	at com.kms.katalon.core.keyword.internal.KeywordMain.runKeyword(KeywordMain.groovy:75)
	at com.kms.katalon.core.keyword.builtin.CallTestCaseKeyword.callTestCase(CallTestCaseKeyword.groovy:81)
	at com.kms.katalon.core.keyword.builtin.CallTestCaseKeyword.execute(CallTestCaseKeyword.groovy:44)
	at com.kms.katalon.core.keyword.internal.KeywordExecutor.executeKeywordForPlatform(KeywordExecutor.groovy:74)
	at com.kms.katalon.core.keyword.BuiltinKeywords.callTestCase(BuiltinKeywords.groovy:310)
	at SA-006.run(SA-006:20)
	at com.kms.katalon.core.main.ScriptEngine.run(ScriptEngine.java:194)
	at com.kms.katalon.core.main.ScriptEngine.runScriptAsRawText(ScriptEngine.java:119)
	at com.kms.katalon.core.main.TestCaseExecutor.runScript(TestCaseExecutor.java:448)
	at com.kms.katalon.core.main.TestCaseExecutor.doExecute(TestCaseExecutor.java:439)
	at com.kms.katalon.core.main.TestCaseExecutor.processExecutionPhase(TestCaseExecutor.java:418)
	at com.kms.katalon.core.main.TestCaseExecutor.accessMainPhase(TestCaseExecutor.java:410)
	at com.kms.katalon.core.main.TestCaseExecutor.execute(TestCaseExecutor.java:285)
	at com.kms.katalon.core.main.TestCaseMain.runTestCase(TestCaseMain.java:144)
	at com.kms.katalon.core.keyword.builtin.CallTestCaseKeyword$_callTestCase_closure1.doCall(CallTestCaseKeyword.groovy:59)
	at com.kms.katalon.core.keyword.builtin.CallTestCaseKeyword$_callTestCase_closure1.call(CallTestCaseKeyword.groovy)
	at com.kms.katalon.core.keyword.internal.KeywordMain.runKeyword(KeywordMain.groovy:75)
	at com.kms.katalon.core.keyword.builtin.CallTestCaseKeyword.callTestCase(CallTestCaseKeyword.groovy:81)
	at com.kms.katalon.core.keyword.builtin.CallTestCaseKeyword.execute(CallTestCaseKeyword.groovy:44)
	at com.kms.katalon.core.keyword.internal.KeywordExecutor.executeKeywordForPlatform(KeywordExecutor.groovy:74)
	at com.kms.katalon.core.keyword.BuiltinKeywords.callTestCase(BuiltinKeywords.groovy:310)
	at SU-005.run(SU-005:20)
	at com.kms.katalon.core.main.ScriptEngine.run(ScriptEngine.java:194)
	at com.kms.katalon.core.main.ScriptEngine.runScriptAsRawText(ScriptEngine.java:119)
	at com.kms.katalon.core.main.TestCaseExecutor.runScript(TestCaseExecutor.java:448)
	at com.kms.katalon.core.main.TestCaseExecutor.doExecute(TestCaseExecutor.java:439)
	at com.kms.katalon.core.main.TestCaseExecutor.processExecutionPhase(TestCaseExecutor.java:418)
	at com.kms.katalon.core.main.TestCaseExecutor.accessMainPhase(TestCaseExecutor.java:410)
	at com.kms.katalon.core.main.TestCaseExecutor.execute(TestCaseExecutor.java:285)
	at com.kms.katalon.core.common.CommonExecutor.accessTestCaseMainPhase(CommonExecutor.java:65)
	at com.kms.katalon.core.main.TestSuiteExecutor.accessTestSuiteMainPhase(TestSuiteExecutor.java:148)
	at com.kms.katalon.core.main.TestSuiteExecutor.execute(TestSuiteExecutor.java:106)
	at com.kms.katalon.core.main.TestCaseMain.startTestSuite(TestCaseMain.java:187)
	at com.kms.katalon.core.main.TestCaseMain$startTestSuite$0.call(Unknown Source)
	at TempTestSuite1696424348948.run(TempTestSuite1696424348948.groovy:36)
Caused by: com.kms.katalon.core.exception.StepFailedException: Call Test Case 'Test Cases/T13 Pembelian, Shipment dan Pembayaran/SA-001' failed
	at com.kms.katalon.core.keyword.builtin.CallTestCaseKeyword$_callTestCase_closure1.doCall(CallTestCaseKeyword.groovy:63)
	at com.kms.katalon.core.keyword.builtin.CallTestCaseKeyword$_callTestCase_closure1.call(CallTestCaseKeyword.groovy)
	at com.kms.katalon.core.keyword.internal.KeywordMain.runKeyword(KeywordMain.groovy:75)
	at com.kms.katalon.core.keyword.builtin.CallTestCaseKeyword.callTestCase(CallTestCaseKeyword.groovy:81)
	at com.kms.katalon.core.keyword.builtin.CallTestCaseKeyword.execute(CallTestCaseKeyword.groovy:44)
	at com.kms.katalon.core.keyword.internal.KeywordExecutor.executeKeywordForPlatform(KeywordExecutor.groovy:74)
	at com.kms.katalon.core.keyword.BuiltinKeywords.callTestCase(BuiltinKeywords.groovy:310)
	at SA-002.run(SA-002:20)
	at com.kms.katalon.core.main.ScriptEngine.run(ScriptEngine.java:194)
	at com.kms.katalon.core.main.ScriptEngine.runScriptAsRawText(ScriptEngine.java:119)
	at com.kms.katalon.core.main.TestCaseExecutor.runScript(TestCaseExecutor.java:448)
	at com.kms.katalon.core.main.TestCaseExecutor.doExecute(TestCaseExecutor.java:439)
	at com.kms.katalon.core.main.TestCaseExecutor.processExecutionPhase(TestCaseExecutor.java:418)
	at com.kms.katalon.core.main.TestCaseExecutor.accessMainPhase(TestCaseExecutor.java:410)
	at com.kms.katalon.core.main.TestCaseExecutor.execute(TestCaseExecutor.java:285)
	at com.kms.katalon.core.main.TestCaseMain.runTestCase(TestCaseMain.java:144)
	at com.kms.katalon.core.keyword.builtin.CallTestCaseKeyword$_callTestCase_closure1.doCall(CallTestCaseKeyword.groovy:59)
	... 36 more
Caused by: com.kms.katalon.core.exception.StepFailedException: Call Test Case 'Test Cases/T13 Pembelian, Shipment dan Pembayaran/PBYA-001' failed
	at com.kms.katalon.core.keyword.builtin.CallTestCaseKeyword$_callTestCase_closure1.doCall(CallTestCaseKeyword.groovy:63)
	at com.kms.katalon.core.keyword.builtin.CallTestCaseKeyword$_callTestCase_closure1.call(CallTestCaseKeyword.groovy)
	at com.kms.katalon.core.keyword.internal.KeywordMain.runKeyword(KeywordMain.groovy:75)
	at com.kms.katalon.core.keyword.builtin.CallTestCaseKeyword.callTestCase(CallTestCaseKeyword.groovy:81)
	at com.kms.katalon.core.keyword.builtin.CallTestCaseKeyword.execute(CallTestCaseKeyword.groovy:44)
	at com.kms.katalon.core.keyword.internal.KeywordExecutor.executeKeywordForPlatform(KeywordExecutor.groovy:74)
	at com.kms.katalon.core.keyword.BuiltinKeywords.callTestCase(BuiltinKeywords.groovy:310)
	at SA-001.run(SA-001:20)
	at com.kms.katalon.core.main.ScriptEngine.run(ScriptEngine.java:194)
	at com.kms.katalon.core.main.ScriptEngine.runScriptAsRawText(ScriptEngine.java:119)
	at com.kms.katalon.core.main.TestCaseExecutor.runScript(TestCaseExecutor.java:448)
	at com.kms.katalon.core.main.TestCaseExecutor.doExecute(TestCaseExecutor.java:439)
	at com.kms.katalon.core.main.TestCaseExecutor.processExecutionPhase(TestCaseExecutor.java:418)
	at com.kms.katalon.core.main.TestCaseExecutor.accessMainPhase(TestCaseExecutor.java:410)
	at com.kms.katalon.core.main.TestCaseExecutor.execute(TestCaseExecutor.java:285)
	at com.kms.katalon.core.main.TestCaseMain.runTestCase(TestCaseMain.java:144)
	at com.kms.katalon.core.keyword.builtin.CallTestCaseKeyword$_callTestCase_closure1.doCall(CallTestCaseKeyword.groovy:59)
	... 52 more
Caused by: com.kms.katalon.core.exception.StepFailedException: Call Test Case 'Test Cases/T13 Pembelian, Shipment dan Pembayaran/PBY-004' failed
	at com.kms.katalon.core.keyword.builtin.CallTestCaseKeyword$_callTestCase_closure1.doCall(CallTestCaseKeyword.groovy:63)
	at com.kms.katalon.core.keyword.builtin.CallTestCaseKeyword$_callTestCase_closure1.call(CallTestCaseKeyword.groovy)
	at com.kms.katalon.core.keyword.internal.KeywordMain.runKeyword(KeywordMain.groovy:75)
	at com.kms.katalon.core.keyword.builtin.CallTestCaseKeyword.callTestCase(CallTestCaseKeyword.groovy:81)
	at com.kms.katalon.core.keyword.builtin.CallTestCaseKeyword.execute(CallTestCaseKeyword.groovy:44)
	at com.kms.katalon.core.keyword.internal.KeywordExecutor.executeKeywordForPlatform(KeywordExecutor.groovy:74)
	at com.kms.katalon.core.keyword.BuiltinKeywords.callTestCase(BuiltinKeywords.groovy:310)
	at PBYA-001.run(PBYA-001:20)
	at com.kms.katalon.core.main.ScriptEngine.run(ScriptEngine.java:194)
	at com.kms.katalon.core.main.ScriptEngine.runScriptAsRawText(ScriptEngine.java:119)
	at com.kms.katalon.core.main.TestCaseExecutor.runScript(TestCaseExecutor.java:448)
	at com.kms.katalon.core.main.TestCaseExecutor.doExecute(TestCaseExecutor.java:439)
	at com.kms.katalon.core.main.TestCaseExecutor.processExecutionPhase(TestCaseExecutor.java:418)
	at com.kms.katalon.core.main.TestCaseExecutor.accessMainPhase(TestCaseExecutor.java:410)
	at com.kms.katalon.core.main.TestCaseExecutor.execute(TestCaseExecutor.java:285)
	at com.kms.katalon.core.main.TestCaseMain.runTestCase(TestCaseMain.java:144)
	at com.kms.katalon.core.keyword.builtin.CallTestCaseKeyword$_callTestCase_closure1.doCall(CallTestCaseKeyword.groovy:59)
	... 68 more
Caused by: com.kms.katalon.core.exception.StepFailedException: Call Test Case 'Test Cases/T13 Pembelian, Shipment dan Pembayaran/PBY-001' failed
	at com.kms.katalon.core.keyword.builtin.CallTestCaseKeyword$_callTestCase_closure1.doCall(CallTestCaseKeyword.groovy:63)
	at com.kms.katalon.core.keyword.builtin.CallTestCaseKeyword$_callTestCase_closure1.call(CallTestCaseKeyword.groovy)
	at com.kms.katalon.core.keyword.internal.KeywordMain.runKeyword(KeywordMain.groovy:75)
	at com.kms.katalon.core.keyword.builtin.CallTestCaseKeyword.callTestCase(CallTestCaseKeyword.groovy:81)
	at com.kms.katalon.core.keyword.builtin.CallTestCaseKeyword.execute(CallTestCaseKeyword.groovy:44)
	at com.kms.katalon.core.keyword.internal.KeywordExecutor.executeKeywordForPlatform(KeywordExecutor.groovy:74)
	at com.kms.katalon.core.keyword.BuiltinKeywords.callTestCase(BuiltinKeywords.groovy:310)
	at PBY-004.run(PBY-004:20)
	at com.kms.katalon.core.main.ScriptEngine.run(ScriptEngine.java:194)
	at com.kms.katalon.core.main.ScriptEngine.runScriptAsRawText(ScriptEngine.java:119)
	at com.kms.katalon.core.main.TestCaseExecutor.runScript(TestCaseExecutor.java:448)
	at com.kms.katalon.core.main.TestCaseExecutor.doExecute(TestCaseExecutor.java:439)
	at com.kms.katalon.core.main.TestCaseExecutor.processExecutionPhase(TestCaseExecutor.java:418)
	at com.kms.katalon.core.main.TestCaseExecutor.accessMainPhase(TestCaseExecutor.java:410)
	at com.kms.katalon.core.main.TestCaseExecutor.execute(TestCaseExecutor.java:285)
	at com.kms.katalon.core.main.TestCaseMain.runTestCase(TestCaseMain.java:144)
	at com.kms.katalon.core.keyword.builtin.CallTestCaseKeyword$_callTestCase_closure1.doCall(CallTestCaseKeyword.groovy:59)
	... 84 more
Caused by: com.kms.katalon.core.exception.StepFailedException: Call Test Case 'Test Cases/T13 Pembelian, Shipment dan Pembayaran/PBL-004' failed
	at com.kms.katalon.core.keyword.builtin.CallTestCaseKeyword$_callTestCase_closure1.doCall(CallTestCaseKeyword.groovy:63)
	at com.kms.katalon.core.keyword.builtin.CallTestCaseKeyword$_callTestCase_closure1.call(CallTestCaseKeyword.groovy)
	at com.kms.katalon.core.keyword.internal.KeywordMain.runKeyword(KeywordMain.groovy:75)
	at com.kms.katalon.core.keyword.builtin.CallTestCaseKeyword.callTestCase(CallTestCaseKeyword.groovy:81)
	at com.kms.katalon.core.keyword.builtin.CallTestCaseKeyword.execute(CallTestCaseKeyword.groovy:44)
	at com.kms.katalon.core.keyword.internal.KeywordExecutor.executeKeywordForPlatform(KeywordExecutor.groovy:74)
	at com.kms.katalon.core.keyword.BuiltinKeywords.callTestCase(BuiltinKeywords.groovy:310)
	at PBY-001.run(PBY-001:20)
	at com.kms.katalon.core.main.ScriptEngine.run(ScriptEngine.java:194)
	at com.kms.katalon.core.main.ScriptEngine.runScriptAsRawText(ScriptEngine.java:119)
	at com.kms.katalon.core.main.TestCaseExecutor.runScript(TestCaseExecutor.java:448)
	at com.kms.katalon.core.main.TestCaseExecutor.doExecute(TestCaseExecutor.java:439)
	at com.kms.katalon.core.main.TestCaseExecutor.processExecutionPhase(TestCaseExecutor.java:418)
	at com.kms.katalon.core.main.TestCaseExecutor.accessMainPhase(TestCaseExecutor.java:410)
	at com.kms.katalon.core.main.TestCaseExecutor.execute(TestCaseExecutor.java:285)
	at com.kms.katalon.core.main.TestCaseMain.runTestCase(TestCaseMain.java:144)
	at com.kms.katalon.core.keyword.builtin.CallTestCaseKeyword$_callTestCase_closure1.doCall(CallTestCaseKeyword.groovy:59)
	... 100 more
Caused by: com.kms.katalon.core.exception.StepFailedException: Call Test Case 'Test Cases/T13 Pembelian, Shipment dan Pembayaran/PBL-002' failed
	at com.kms.katalon.core.keyword.builtin.CallTestCaseKeyword$_callTestCase_closure1.doCall(CallTestCaseKeyword.groovy:63)
	at com.kms.katalon.core.keyword.builtin.CallTestCaseKeyword$_callTestCase_closure1.call(CallTestCaseKeyword.groovy)
	at com.kms.katalon.core.keyword.internal.KeywordMain.runKeyword(KeywordMain.groovy:75)
	at com.kms.katalon.core.keyword.builtin.CallTestCaseKeyword.callTestCase(CallTestCaseKeyword.groovy:81)
	at com.kms.katalon.core.keyword.builtin.CallTestCaseKeyword.execute(CallTestCaseKeyword.groovy:44)
	at com.kms.katalon.core.keyword.internal.KeywordExecutor.executeKeywordForPlatform(KeywordExecutor.groovy:74)
	at com.kms.katalon.core.keyword.BuiltinKeywords.callTestCase(BuiltinKeywords.groovy:310)
	at PBL-004.run(PBL-004:20)
	at com.kms.katalon.core.main.ScriptEngine.run(ScriptEngine.java:194)
	at com.kms.katalon.core.main.ScriptEngine.runScriptAsRawText(ScriptEngine.java:119)
	at com.kms.katalon.core.main.TestCaseExecutor.runScript(TestCaseExecutor.java:448)
	at com.kms.katalon.core.main.TestCaseExecutor.doExecute(TestCaseExecutor.java:439)
	at com.kms.katalon.core.main.TestCaseExecutor.processExecutionPhase(TestCaseExecutor.java:418)
	at com.kms.katalon.core.main.TestCaseExecutor.accessMainPhase(TestCaseExecutor.java:410)
	at com.kms.katalon.core.main.TestCaseExecutor.execute(TestCaseExecutor.java:285)
	at com.kms.katalon.core.main.TestCaseMain.runTestCase(TestCaseMain.java:144)
	at com.kms.katalon.core.keyword.builtin.CallTestCaseKeyword$_callTestCase_closure1.doCall(CallTestCaseKeyword.groovy:59)
	... 116 more
Caused by: com.kms.katalon.core.exception.StepFailedException: Call Test Case 'Test Cases/T13 Pembelian, Shipment dan Pembayaran/PBL-001' failed
	at com.kms.katalon.core.keyword.builtin.CallTestCaseKeyword$_callTestCase_closure1.doCall(CallTestCaseKeyword.groovy:63)
	at com.kms.katalon.core.keyword.builtin.CallTestCaseKeyword$_callTestCase_closure1.call(CallTestCaseKeyword.groovy)
	at com.kms.katalon.core.keyword.internal.KeywordMain.runKeyword(KeywordMain.groovy:75)
	at com.kms.katalon.core.keyword.builtin.CallTestCaseKeyword.callTestCase(CallTestCaseKeyword.groovy:81)
	at com.kms.katalon.core.keyword.builtin.CallTestCaseKeyword.execute(CallTestCaseKeyword.groovy:44)
	at com.kms.katalon.core.keyword.internal.KeywordExecutor.executeKeywordForPlatform(KeywordExecutor.groovy:74)
	at com.kms.katalon.core.keyword.BuiltinKeywords.callTestCase(BuiltinKeywords.groovy:310)
	at PBL-002.run(PBL-002:20)
	at com.kms.katalon.core.main.ScriptEngine.run(ScriptEngine.java:194)
	at com.kms.katalon.core.main.ScriptEngine.runScriptAsRawText(ScriptEngine.java:119)
	at com.kms.katalon.core.main.TestCaseExecutor.runScript(TestCaseExecutor.java:448)
	at com.kms.katalon.core.main.TestCaseExecutor.doExecute(TestCaseExecutor.java:439)
	at com.kms.katalon.core.main.TestCaseExecutor.processExecutionPhase(TestCaseExecutor.java:418)
	at com.kms.katalon.core.main.TestCaseExecutor.accessMainPhase(TestCaseExecutor.java:410)
	at com.kms.katalon.core.main.TestCaseExecutor.execute(TestCaseExecutor.java:285)
	at com.kms.katalon.core.main.TestCaseMain.runTestCase(TestCaseMain.java:144)
	at com.kms.katalon.core.keyword.builtin.CallTestCaseKeyword$_callTestCase_closure1.doCall(CallTestCaseKeyword.groovy:59)
	... 132 more
Caused by: Assertion failed: 

assert NamaSesudah.contains(NamaSebelum)
       |           |        |
       |           false    Segitiga Instan Madeira - MDB5.3 Sunse,..
       Segitiga Instan Madeira - MDB5.3 Sunset

	at PBL-001.run(PBL-001:39)
	at com.kms.katalon.core.main.ScriptEngine.run(ScriptEngine.java:194)
	at com.kms.katalon.core.main.ScriptEngine.runScriptAsRawText(ScriptEngine.java:119)
	at com.kms.katalon.core.main.TestCaseExecutor.runScript(TestCaseExecutor.java:448)
	at com.kms.katalon.core.main.TestCaseExecutor.doExecute(TestCaseExecutor.java:439)
	at com.kms.katalon.core.main.TestCaseExecutor.processExecutionPhase(TestCaseExecutor.java:418)
	at com.kms.katalon.core.main.TestCaseExecutor.accessMainPhase(TestCaseExecutor.java:410)
	at com.kms.katalon.core.main.TestCaseExecutor.execute(TestCaseExecutor.java:285)
	at com.kms.katalon.core.main.TestCaseMain.runTestCase(TestCaseMain.java:144)
	at com.kms.katalon.core.keyword.builtin.CallTestCaseKeyword$_callTestCase_closure1.doCall(CallTestCaseKeyword.groovy:59)
	... 148 more
)

2023-10-04 20:46:46 - [MESSAGE][FAILED] - Unable to call Test Case 'Test Cases/T13 Pembelian, Shipment dan Pembayaran/SA-006' (Root cause: com.kms.katalon.core.exception.StepFailedException: Call Test Case 'Test Cases/T13 Pembelian, Shipment dan Pembayaran/SA-006' failed
	at com.kms.katalon.core.keyword.builtin.CallTestCaseKeyword$_callTestCase_closure1.doCall(CallTestCaseKeyword.groovy:63)
	at com.kms.katalon.core.keyword.builtin.CallTestCaseKeyword$_callTestCase_closure1.call(CallTestCaseKeyword.groovy)
	at com.kms.katalon.core.keyword.internal.KeywordMain.runKeyword(KeywordMain.groovy:75)
	at com.kms.katalon.core.keyword.builtin.CallTestCaseKeyword.callTestCase(CallTestCaseKeyword.groovy:81)
	at com.kms.katalon.core.keyword.builtin.CallTestCaseKeyword.execute(CallTestCaseKeyword.groovy:44)
	at com.kms.katalon.core.keyword.internal.KeywordExecutor.executeKeywordForPlatform(KeywordExecutor.groovy:74)
	at com.kms.katalon.core.keyword.BuiltinKeywords.callTestCase(BuiltinKeywords.groovy:310)
	at SU-005.run(SU-005:20)
	at com.kms.katalon.core.main.ScriptEngine.run(ScriptEngine.java:194)
	at com.kms.katalon.core.main.ScriptEngine.runScriptAsRawText(ScriptEngine.java:119)
	at com.kms.katalon.core.main.TestCaseExecutor.runScript(TestCaseExecutor.java:448)
	at com.kms.katalon.core.main.TestCaseExecutor.doExecute(TestCaseExecutor.java:439)
	at com.kms.katalon.core.main.TestCaseExecutor.processExecutionPhase(TestCaseExecutor.java:418)
	at com.kms.katalon.core.main.TestCaseExecutor.accessMainPhase(TestCaseExecutor.java:410)
	at com.kms.katalon.core.main.TestCaseExecutor.execute(TestCaseExecutor.java:285)
	at com.kms.katalon.core.common.CommonExecutor.accessTestCaseMainPhase(CommonExecutor.java:65)
	at com.kms.katalon.core.main.TestSuiteExecutor.accessTestSuiteMainPhase(TestSuiteExecutor.java:148)
	at com.kms.katalon.core.main.TestSuiteExecutor.execute(TestSuiteExecutor.java:106)
	at com.kms.katalon.core.main.TestCaseMain.startTestSuite(TestCaseMain.java:187)
	at com.kms.katalon.core.main.TestCaseMain$startTestSuite$0.call(Unknown Source)
	at TempTestSuite1696424348948.run(TempTestSuite1696424348948.groovy:36)
Caused by: com.kms.katalon.core.exception.StepFailedException: Call Test Case 'Test Cases/T13 Pembelian, Shipment dan Pembayaran/SA-002' failed
	at com.kms.katalon.core.keyword.builtin.CallTestCaseKeyword$_callTestCase_closure1.doCall(CallTestCaseKeyword.groovy:63)
	at com.kms.katalon.core.keyword.builtin.CallTestCaseKeyword$_callTestCase_closure1.call(CallTestCaseKeyword.groovy)
	at com.kms.katalon.core.keyword.internal.KeywordMain.runKeyword(KeywordMain.groovy:75)
	at com.kms.katalon.core.keyword.builtin.CallTestCaseKeyword.callTestCase(CallTestCaseKeyword.groovy:81)
	at com.kms.katalon.core.keyword.builtin.CallTestCaseKeyword.execute(CallTestCaseKeyword.groovy:44)
	at com.kms.katalon.core.keyword.internal.KeywordExecutor.executeKeywordForPlatform(KeywordExecutor.groovy:74)
	at com.kms.katalon.core.keyword.BuiltinKeywords.callTestCase(BuiltinKeywords.groovy:310)
	at SA-006.run(SA-006:20)
	at com.kms.katalon.core.main.ScriptEngine.run(ScriptEngine.java:194)
	at com.kms.katalon.core.main.ScriptEngine.runScriptAsRawText(ScriptEngine.java:119)
	at com.kms.katalon.core.main.TestCaseExecutor.runScript(TestCaseExecutor.java:448)
	at com.kms.katalon.core.main.TestCaseExecutor.doExecute(TestCaseExecutor.java:439)
	at com.kms.katalon.core.main.TestCaseExecutor.processExecutionPhase(TestCaseExecutor.java:418)
	at com.kms.katalon.core.main.TestCaseExecutor.accessMainPhase(TestCaseExecutor.java:410)
	at com.kms.katalon.core.main.TestCaseExecutor.execute(TestCaseExecutor.java:285)
	at com.kms.katalon.core.main.TestCaseMain.runTestCase(TestCaseMain.java:144)
	at com.kms.katalon.core.keyword.builtin.CallTestCaseKeyword$_callTestCase_closure1.doCall(CallTestCaseKeyword.groovy:59)
	... 20 more
Caused by: com.kms.katalon.core.exception.StepFailedException: Call Test Case 'Test Cases/T13 Pembelian, Shipment dan Pembayaran/SA-001' failed
	at com.kms.katalon.core.keyword.builtin.CallTestCaseKeyword$_callTestCase_closure1.doCall(CallTestCaseKeyword.groovy:63)
	at com.kms.katalon.core.keyword.builtin.CallTestCaseKeyword$_callTestCase_closure1.call(CallTestCaseKeyword.groovy)
	at com.kms.katalon.core.keyword.internal.KeywordMain.runKeyword(KeywordMain.groovy:75)
	at com.kms.katalon.core.keyword.builtin.CallTestCaseKeyword.callTestCase(CallTestCaseKeyword.groovy:81)
	at com.kms.katalon.core.keyword.builtin.CallTestCaseKeyword.execute(CallTestCaseKeyword.groovy:44)
	at com.kms.katalon.core.keyword.internal.KeywordExecutor.executeKeywordForPlatform(KeywordExecutor.groovy:74)
	at com.kms.katalon.core.keyword.BuiltinKeywords.callTestCase(BuiltinKeywords.groovy:310)
	at SA-002.run(SA-002:20)
	at com.kms.katalon.core.main.ScriptEngine.run(ScriptEngine.java:194)
	at com.kms.katalon.core.main.ScriptEngine.runScriptAsRawText(ScriptEngine.java:119)
	at com.kms.katalon.core.main.TestCaseExecutor.runScript(TestCaseExecutor.java:448)
	at com.kms.katalon.core.main.TestCaseExecutor.doExecute(TestCaseExecutor.java:439)
	at com.kms.katalon.core.main.TestCaseExecutor.processExecutionPhase(TestCaseExecutor.java:418)
	at com.kms.katalon.core.main.TestCaseExecutor.accessMainPhase(TestCaseExecutor.java:410)
	at com.kms.katalon.core.main.TestCaseExecutor.execute(TestCaseExecutor.java:285)
	at com.kms.katalon.core.main.TestCaseMain.runTestCase(TestCaseMain.java:144)
	at com.kms.katalon.core.keyword.builtin.CallTestCaseKeyword$_callTestCase_closure1.doCall(CallTestCaseKeyword.groovy:59)
	... 36 more
Caused by: com.kms.katalon.core.exception.StepFailedException: Call Test Case 'Test Cases/T13 Pembelian, Shipment dan Pembayaran/PBYA-001' failed
	at com.kms.katalon.core.keyword.builtin.CallTestCaseKeyword$_callTestCase_closure1.doCall(CallTestCaseKeyword.groovy:63)
	at com.kms.katalon.core.keyword.builtin.CallTestCaseKeyword$_callTestCase_closure1.call(CallTestCaseKeyword.groovy)
	at com.kms.katalon.core.keyword.internal.KeywordMain.runKeyword(KeywordMain.groovy:75)
	at com.kms.katalon.core.keyword.builtin.CallTestCaseKeyword.callTestCase(CallTestCaseKeyword.groovy:81)
	at com.kms.katalon.core.keyword.builtin.CallTestCaseKeyword.execute(CallTestCaseKeyword.groovy:44)
	at com.kms.katalon.core.keyword.internal.KeywordExecutor.executeKeywordForPlatform(KeywordExecutor.groovy:74)
	at com.kms.katalon.core.keyword.BuiltinKeywords.callTestCase(BuiltinKeywords.groovy:310)
	at SA-001.run(SA-001:20)
	at com.kms.katalon.core.main.ScriptEngine.run(ScriptEngine.java:194)
	at com.kms.katalon.core.main.ScriptEngine.runScriptAsRawText(ScriptEngine.java:119)
	at com.kms.katalon.core.main.TestCaseExecutor.runScript(TestCaseExecutor.java:448)
	at com.kms.katalon.core.main.TestCaseExecutor.doExecute(TestCaseExecutor.java:439)
	at com.kms.katalon.core.main.TestCaseExecutor.processExecutionPhase(TestCaseExecutor.java:418)
	at com.kms.katalon.core.main.TestCaseExecutor.accessMainPhase(TestCaseExecutor.java:410)
	at com.kms.katalon.core.main.TestCaseExecutor.execute(TestCaseExecutor.java:285)
	at com.kms.katalon.core.main.TestCaseMain.runTestCase(TestCaseMain.java:144)
	at com.kms.katalon.core.keyword.builtin.CallTestCaseKeyword$_callTestCase_closure1.doCall(CallTestCaseKeyword.groovy:59)
	... 52 more
Caused by: com.kms.katalon.core.exception.StepFailedException: Call Test Case 'Test Cases/T13 Pembelian, Shipment dan Pembayaran/PBY-004' failed
	at com.kms.katalon.core.keyword.builtin.CallTestCaseKeyword$_callTestCase_closure1.doCall(CallTestCaseKeyword.groovy:63)
	at com.kms.katalon.core.keyword.builtin.CallTestCaseKeyword$_callTestCase_closure1.call(CallTestCaseKeyword.groovy)
	at com.kms.katalon.core.keyword.internal.KeywordMain.runKeyword(KeywordMain.groovy:75)
	at com.kms.katalon.core.keyword.builtin.CallTestCaseKeyword.callTestCase(CallTestCaseKeyword.groovy:81)
	at com.kms.katalon.core.keyword.builtin.CallTestCaseKeyword.execute(CallTestCaseKeyword.groovy:44)
	at com.kms.katalon.core.keyword.internal.KeywordExecutor.executeKeywordForPlatform(KeywordExecutor.groovy:74)
	at com.kms.katalon.core.keyword.BuiltinKeywords.callTestCase(BuiltinKeywords.groovy:310)
	at PBYA-001.run(PBYA-001:20)
	at com.kms.katalon.core.main.ScriptEngine.run(ScriptEngine.java:194)
	at com.kms.katalon.core.main.ScriptEngine.runScriptAsRawText(ScriptEngine.java:119)
	at com.kms.katalon.core.main.TestCaseExecutor.runScript(TestCaseExecutor.java:448)
	at com.kms.katalon.core.main.TestCaseExecutor.doExecute(TestCaseExecutor.java:439)
	at com.kms.katalon.core.main.TestCaseExecutor.processExecutionPhase(TestCaseExecutor.java:418)
	at com.kms.katalon.core.main.TestCaseExecutor.accessMainPhase(TestCaseExecutor.java:410)
	at com.kms.katalon.core.main.TestCaseExecutor.execute(TestCaseExecutor.java:285)
	at com.kms.katalon.core.main.TestCaseMain.runTestCase(TestCaseMain.java:144)
	at com.kms.katalon.core.keyword.builtin.CallTestCaseKeyword$_callTestCase_closure1.doCall(CallTestCaseKeyword.groovy:59)
	... 68 more
Caused by: com.kms.katalon.core.exception.StepFailedException: Call Test Case 'Test Cases/T13 Pembelian, Shipment dan Pembayaran/PBY-001' failed
	at com.kms.katalon.core.keyword.builtin.CallTestCaseKeyword$_callTestCase_closure1.doCall(CallTestCaseKeyword.groovy:63)
	at com.kms.katalon.core.keyword.builtin.CallTestCaseKeyword$_callTestCase_closure1.call(CallTestCaseKeyword.groovy)
	at com.kms.katalon.core.keyword.internal.KeywordMain.runKeyword(KeywordMain.groovy:75)
	at com.kms.katalon.core.keyword.builtin.CallTestCaseKeyword.callTestCase(CallTestCaseKeyword.groovy:81)
	at com.kms.katalon.core.keyword.builtin.CallTestCaseKeyword.execute(CallTestCaseKeyword.groovy:44)
	at com.kms.katalon.core.keyword.internal.KeywordExecutor.executeKeywordForPlatform(KeywordExecutor.groovy:74)
	at com.kms.katalon.core.keyword.BuiltinKeywords.callTestCase(BuiltinKeywords.groovy:310)
	at PBY-004.run(PBY-004:20)
	at com.kms.katalon.core.main.ScriptEngine.run(ScriptEngine.java:194)
	at com.kms.katalon.core.main.ScriptEngine.runScriptAsRawText(ScriptEngine.java:119)
	at com.kms.katalon.core.main.TestCaseExecutor.runScript(TestCaseExecutor.java:448)
	at com.kms.katalon.core.main.TestCaseExecutor.doExecute(TestCaseExecutor.java:439)
	at com.kms.katalon.core.main.TestCaseExecutor.processExecutionPhase(TestCaseExecutor.java:418)
	at com.kms.katalon.core.main.TestCaseExecutor.accessMainPhase(TestCaseExecutor.java:410)
	at com.kms.katalon.core.main.TestCaseExecutor.execute(TestCaseExecutor.java:285)
	at com.kms.katalon.core.main.TestCaseMain.runTestCase(TestCaseMain.java:144)
	at com.kms.katalon.core.keyword.builtin.CallTestCaseKeyword$_callTestCase_closure1.doCall(CallTestCaseKeyword.groovy:59)
	... 84 more
Caused by: com.kms.katalon.core.exception.StepFailedException: Call Test Case 'Test Cases/T13 Pembelian, Shipment dan Pembayaran/PBL-004' failed
	at com.kms.katalon.core.keyword.builtin.CallTestCaseKeyword$_callTestCase_closure1.doCall(CallTestCaseKeyword.groovy:63)
	at com.kms.katalon.core.keyword.builtin.CallTestCaseKeyword$_callTestCase_closure1.call(CallTestCaseKeyword.groovy)
	at com.kms.katalon.core.keyword.internal.KeywordMain.runKeyword(KeywordMain.groovy:75)
	at com.kms.katalon.core.keyword.builtin.CallTestCaseKeyword.callTestCase(CallTestCaseKeyword.groovy:81)
	at com.kms.katalon.core.keyword.builtin.CallTestCaseKeyword.execute(CallTestCaseKeyword.groovy:44)
	at com.kms.katalon.core.keyword.internal.KeywordExecutor.executeKeywordForPlatform(KeywordExecutor.groovy:74)
	at com.kms.katalon.core.keyword.BuiltinKeywords.callTestCase(BuiltinKeywords.groovy:310)
	at PBY-001.run(PBY-001:20)
	at com.kms.katalon.core.main.ScriptEngine.run(ScriptEngine.java:194)
	at com.kms.katalon.core.main.ScriptEngine.runScriptAsRawText(ScriptEngine.java:119)
	at com.kms.katalon.core.main.TestCaseExecutor.runScript(TestCaseExecutor.java:448)
	at com.kms.katalon.core.main.TestCaseExecutor.doExecute(TestCaseExecutor.java:439)
	at com.kms.katalon.core.main.TestCaseExecutor.processExecutionPhase(TestCaseExecutor.java:418)
	at com.kms.katalon.core.main.TestCaseExecutor.accessMainPhase(TestCaseExecutor.java:410)
	at com.kms.katalon.core.main.TestCaseExecutor.execute(TestCaseExecutor.java:285)
	at com.kms.katalon.core.main.TestCaseMain.runTestCase(TestCaseMain.java:144)
	at com.kms.katalon.core.keyword.builtin.CallTestCaseKeyword$_callTestCase_closure1.doCall(CallTestCaseKeyword.groovy:59)
	... 100 more
Caused by: com.kms.katalon.core.exception.StepFailedException: Call Test Case 'Test Cases/T13 Pembelian, Shipment dan Pembayaran/PBL-002' failed
	at com.kms.katalon.core.keyword.builtin.CallTestCaseKeyword$_callTestCase_closure1.doCall(CallTestCaseKeyword.groovy:63)
	at com.kms.katalon.core.keyword.builtin.CallTestCaseKeyword$_callTestCase_closure1.call(CallTestCaseKeyword.groovy)
	at com.kms.katalon.core.keyword.internal.KeywordMain.runKeyword(KeywordMain.groovy:75)
	at com.kms.katalon.core.keyword.builtin.CallTestCaseKeyword.callTestCase(CallTestCaseKeyword.groovy:81)
	at com.kms.katalon.core.keyword.builtin.CallTestCaseKeyword.execute(CallTestCaseKeyword.groovy:44)
	at com.kms.katalon.core.keyword.internal.KeywordExecutor.executeKeywordForPlatform(KeywordExecutor.groovy:74)
	at com.kms.katalon.core.keyword.BuiltinKeywords.callTestCase(BuiltinKeywords.groovy:310)
	at PBL-004.run(PBL-004:20)
	at com.kms.katalon.core.main.ScriptEngine.run(ScriptEngine.java:194)
	at com.kms.katalon.core.main.ScriptEngine.runScriptAsRawText(ScriptEngine.java:119)
	at com.kms.katalon.core.main.TestCaseExecutor.runScript(TestCaseExecutor.java:448)
	at com.kms.katalon.core.main.TestCaseExecutor.doExecute(TestCaseExecutor.java:439)
	at com.kms.katalon.core.main.TestCaseExecutor.processExecutionPhase(TestCaseExecutor.java:418)
	at com.kms.katalon.core.main.TestCaseExecutor.accessMainPhase(TestCaseExecutor.java:410)
	at com.kms.katalon.core.main.TestCaseExecutor.execute(TestCaseExecutor.java:285)
	at com.kms.katalon.core.main.TestCaseMain.runTestCase(TestCaseMain.java:144)
	at com.kms.katalon.core.keyword.builtin.CallTestCaseKeyword$_callTestCase_closure1.doCall(CallTestCaseKeyword.groovy:59)
	... 116 more
Caused by: com.kms.katalon.core.exception.StepFailedException: Call Test Case 'Test Cases/T13 Pembelian, Shipment dan Pembayaran/PBL-001' failed
	at com.kms.katalon.core.keyword.builtin.CallTestCaseKeyword$_callTestCase_closure1.doCall(CallTestCaseKeyword.groovy:63)
	at com.kms.katalon.core.keyword.builtin.CallTestCaseKeyword$_callTestCase_closure1.call(CallTestCaseKeyword.groovy)
	at com.kms.katalon.core.keyword.internal.KeywordMain.runKeyword(KeywordMain.groovy:75)
	at com.kms.katalon.core.keyword.builtin.CallTestCaseKeyword.callTestCase(CallTestCaseKeyword.groovy:81)
	at com.kms.katalon.core.keyword.builtin.CallTestCaseKeyword.execute(CallTestCaseKeyword.groovy:44)
	at com.kms.katalon.core.keyword.internal.KeywordExecutor.executeKeywordForPlatform(KeywordExecutor.groovy:74)
	at com.kms.katalon.core.keyword.BuiltinKeywords.callTestCase(BuiltinKeywords.groovy:310)
	at PBL-002.run(PBL-002:20)
	at com.kms.katalon.core.main.ScriptEngine.run(ScriptEngine.java:194)
	at com.kms.katalon.core.main.ScriptEngine.runScriptAsRawText(ScriptEngine.java:119)
	at com.kms.katalon.core.main.TestCaseExecutor.runScript(TestCaseExecutor.java:448)
	at com.kms.katalon.core.main.TestCaseExecutor.doExecute(TestCaseExecutor.java:439)
	at com.kms.katalon.core.main.TestCaseExecutor.processExecutionPhase(TestCaseExecutor.java:418)
	at com.kms.katalon.core.main.TestCaseExecutor.accessMainPhase(TestCaseExecutor.java:410)
	at com.kms.katalon.core.main.TestCaseExecutor.execute(TestCaseExecutor.java:285)
	at com.kms.katalon.core.main.TestCaseMain.runTestCase(TestCaseMain.java:144)
	at com.kms.katalon.core.keyword.builtin.CallTestCaseKeyword$_callTestCase_closure1.doCall(CallTestCaseKeyword.groovy:59)
	... 132 more
Caused by: Assertion failed: 

assert NamaSesudah.contains(NamaSebelum)
       |           |        |
       |           false    Segitiga Instan Madeira - MDB5.3 Sunse,..
       Segitiga Instan Madeira - MDB5.3 Sunset

	at PBL-001.run(PBL-001:39)
	at com.kms.katalon.core.main.ScriptEngine.run(ScriptEngine.java:194)
	at com.kms.katalon.core.main.ScriptEngine.runScriptAsRawText(ScriptEngine.java:119)
	at com.kms.katalon.core.main.TestCaseExecutor.runScript(TestCaseExecutor.java:448)
	at com.kms.katalon.core.main.TestCaseExecutor.doExecute(TestCaseExecutor.java:439)
	at com.kms.katalon.core.main.TestCaseExecutor.processExecutionPhase(TestCaseExecutor.java:418)
	at com.kms.katalon.core.main.TestCaseExecutor.accessMainPhase(TestCaseExecutor.java:410)
	at com.kms.katalon.core.main.TestCaseExecutor.execute(TestCaseExecutor.java:285)
	at com.kms.katalon.core.main.TestCaseMain.runTestCase(TestCaseMain.java:144)
	at com.kms.katalon.core.keyword.builtin.CallTestCaseKeyword$_callTestCase_closure1.doCall(CallTestCaseKeyword.groovy:59)
	... 148 more
)]]></system-out>
         <system-err><![CDATA[2023-10-04 20:46:23 - [TEST_CASE][FAILED] - Test Cases/T13 Pembelian, Shipment dan Pembayaran/SU-005: Test Cases/T13 Pembelian, Shipment dan Pembayaran/SU-005 FAILED.
Reason:
com.kms.katalon.core.exception.StepFailedException: Call Test Case 'Test Cases/T13 Pembelian, Shipment dan Pembayaran/SA-006' failed
	at com.kms.katalon.core.keyword.builtin.CallTestCaseKeyword$_callTestCase_closure1.doCall(CallTestCaseKeyword.groovy:63)
	at com.kms.katalon.core.keyword.builtin.CallTestCaseKeyword$_callTestCase_closure1.call(CallTestCaseKeyword.groovy)
	at com.kms.katalon.core.keyword.internal.KeywordMain.runKeyword(KeywordMain.groovy:75)
	at com.kms.katalon.core.keyword.builtin.CallTestCaseKeyword.callTestCase(CallTestCaseKeyword.groovy:81)
	at com.kms.katalon.core.keyword.builtin.CallTestCaseKeyword.execute(CallTestCaseKeyword.groovy:44)
	at com.kms.katalon.core.keyword.internal.KeywordExecutor.executeKeywordForPlatform(KeywordExecutor.groovy:74)
	at com.kms.katalon.core.keyword.BuiltinKeywords.callTestCase(BuiltinKeywords.groovy:310)
	at SU-005.run(SU-005:20)
	at com.kms.katalon.core.main.ScriptEngine.run(ScriptEngine.java:194)
	at com.kms.katalon.core.main.ScriptEngine.runScriptAsRawText(ScriptEngine.java:119)
	at com.kms.katalon.core.main.TestCaseExecutor.runScript(TestCaseExecutor.java:448)
	at com.kms.katalon.core.main.TestCaseExecutor.doExecute(TestCaseExecutor.java:439)
	at com.kms.katalon.core.main.TestCaseExecutor.processExecutionPhase(TestCaseExecutor.java:418)
	at com.kms.katalon.core.main.TestCaseExecutor.accessMainPhase(TestCaseExecutor.java:410)
	at com.kms.katalon.core.main.TestCaseExecutor.execute(TestCaseExecutor.java:285)
	at com.kms.katalon.core.common.CommonExecutor.accessTestCaseMainPhase(CommonExecutor.java:65)
	at com.kms.katalon.core.main.TestSuiteExecutor.accessTestSuiteMainPhase(TestSuiteExecutor.java:148)
	at com.kms.katalon.core.main.TestSuiteExecutor.execute(TestSuiteExecutor.java:106)
	at com.kms.katalon.core.main.TestCaseMain.startTestSuite(TestCaseMain.java:187)
	at com.kms.katalon.core.main.TestCaseMain$startTestSuite$0.call(Unknown Source)
	at TempTestSuite1696424348948.run(TempTestSuite1696424348948.groovy:36)
Caused by: com.kms.katalon.core.exception.StepFailedException: Call Test Case 'Test Cases/T13 Pembelian, Shipment dan Pembayaran/SA-002' failed
	at com.kms.katalon.core.keyword.builtin.CallTestCaseKeyword$_callTestCase_closure1.doCall(CallTestCaseKeyword.groovy:63)
	at com.kms.katalon.core.keyword.builtin.CallTestCaseKeyword$_callTestCase_closure1.call(CallTestCaseKeyword.groovy)
	at com.kms.katalon.core.keyword.internal.KeywordMain.runKeyword(KeywordMain.groovy:75)
	at com.kms.katalon.core.keyword.builtin.CallTestCaseKeyword.callTestCase(CallTestCaseKeyword.groovy:81)
	at com.kms.katalon.core.keyword.builtin.CallTestCaseKeyword.execute(CallTestCaseKeyword.groovy:44)
	at com.kms.katalon.core.keyword.internal.KeywordExecutor.executeKeywordForPlatform(KeywordExecutor.groovy:74)
	at com.kms.katalon.core.keyword.BuiltinKeywords.callTestCase(BuiltinKeywords.groovy:310)
	at SA-006.run(SA-006:20)
	at com.kms.katalon.core.main.ScriptEngine.run(ScriptEngine.java:194)
	at com.kms.katalon.core.main.ScriptEngine.runScriptAsRawText(ScriptEngine.java:119)
	at com.kms.katalon.core.main.TestCaseExecutor.runScript(TestCaseExecutor.java:448)
	at com.kms.katalon.core.main.TestCaseExecutor.doExecute(TestCaseExecutor.java:439)
	at com.kms.katalon.core.main.TestCaseExecutor.processExecutionPhase(TestCaseExecutor.java:418)
	at com.kms.katalon.core.main.TestCaseExecutor.accessMainPhase(TestCaseExecutor.java:410)
	at com.kms.katalon.core.main.TestCaseExecutor.execute(TestCaseExecutor.java:285)
	at com.kms.katalon.core.main.TestCaseMain.runTestCase(TestCaseMain.java:144)
	at com.kms.katalon.core.keyword.builtin.CallTestCaseKeyword$_callTestCase_closure1.doCall(CallTestCaseKeyword.groovy:59)
	... 20 more
Caused by: com.kms.katalon.core.exception.StepFailedException: Call Test Case 'Test Cases/T13 Pembelian, Shipment dan Pembayaran/SA-001' failed
	at com.kms.katalon.core.keyword.builtin.CallTestCaseKeyword$_callTestCase_closure1.doCall(CallTestCaseKeyword.groovy:63)
	at com.kms.katalon.core.keyword.builtin.CallTestCaseKeyword$_callTestCase_closure1.call(CallTestCaseKeyword.groovy)
	at com.kms.katalon.core.keyword.internal.KeywordMain.runKeyword(KeywordMain.groovy:75)
	at com.kms.katalon.core.keyword.builtin.CallTestCaseKeyword.callTestCase(CallTestCaseKeyword.groovy:81)
	at com.kms.katalon.core.keyword.builtin.CallTestCaseKeyword.execute(CallTestCaseKeyword.groovy:44)
	at com.kms.katalon.core.keyword.internal.KeywordExecutor.executeKeywordForPlatform(KeywordExecutor.groovy:74)
	at com.kms.katalon.core.keyword.BuiltinKeywords.callTestCase(BuiltinKeywords.groovy:310)
	at SA-002.run(SA-002:20)
	at com.kms.katalon.core.main.ScriptEngine.run(ScriptEngine.java:194)
	at com.kms.katalon.core.main.ScriptEngine.runScriptAsRawText(ScriptEngine.java:119)
	at com.kms.katalon.core.main.TestCaseExecutor.runScript(TestCaseExecutor.java:448)
	at com.kms.katalon.core.main.TestCaseExecutor.doExecute(TestCaseExecutor.java:439)
	at com.kms.katalon.core.main.TestCaseExecutor.processExecutionPhase(TestCaseExecutor.java:418)
	at com.kms.katalon.core.main.TestCaseExecutor.accessMainPhase(TestCaseExecutor.java:410)
	at com.kms.katalon.core.main.TestCaseExecutor.execute(TestCaseExecutor.java:285)
	at com.kms.katalon.core.main.TestCaseMain.runTestCase(TestCaseMain.java:144)
	at com.kms.katalon.core.keyword.builtin.CallTestCaseKeyword$_callTestCase_closure1.doCall(CallTestCaseKeyword.groovy:59)
	... 36 more
Caused by: com.kms.katalon.core.exception.StepFailedException: Call Test Case 'Test Cases/T13 Pembelian, Shipment dan Pembayaran/PBYA-001' failed
	at com.kms.katalon.core.keyword.builtin.CallTestCaseKeyword$_callTestCase_closure1.doCall(CallTestCaseKeyword.groovy:63)
	at com.kms.katalon.core.keyword.builtin.CallTestCaseKeyword$_callTestCase_closure1.call(CallTestCaseKeyword.groovy)
	at com.kms.katalon.core.keyword.internal.KeywordMain.runKeyword(KeywordMain.groovy:75)
	at com.kms.katalon.core.keyword.builtin.CallTestCaseKeyword.callTestCase(CallTestCaseKeyword.groovy:81)
	at com.kms.katalon.core.keyword.builtin.CallTestCaseKeyword.execute(CallTestCaseKeyword.groovy:44)
	at com.kms.katalon.core.keyword.internal.KeywordExecutor.executeKeywordForPlatform(KeywordExecutor.groovy:74)
	at com.kms.katalon.core.keyword.BuiltinKeywords.callTestCase(BuiltinKeywords.groovy:310)
	at SA-001.run(SA-001:20)
	at com.kms.katalon.core.main.ScriptEngine.run(ScriptEngine.java:194)
	at com.kms.katalon.core.main.ScriptEngine.runScriptAsRawText(ScriptEngine.java:119)
	at com.kms.katalon.core.main.TestCaseExecutor.runScript(TestCaseExecutor.java:448)
	at com.kms.katalon.core.main.TestCaseExecutor.doExecute(TestCaseExecutor.java:439)
	at com.kms.katalon.core.main.TestCaseExecutor.processExecutionPhase(TestCaseExecutor.java:418)
	at com.kms.katalon.core.main.TestCaseExecutor.accessMainPhase(TestCaseExecutor.java:410)
	at com.kms.katalon.core.main.TestCaseExecutor.execute(TestCaseExecutor.java:285)
	at com.kms.katalon.core.main.TestCaseMain.runTestCase(TestCaseMain.java:144)
	at com.kms.katalon.core.keyword.builtin.CallTestCaseKeyword$_callTestCase_closure1.doCall(CallTestCaseKeyword.groovy:59)
	... 52 more
Caused by: com.kms.katalon.core.exception.StepFailedException: Call Test Case 'Test Cases/T13 Pembelian, Shipment dan Pembayaran/PBY-004' failed
	at com.kms.katalon.core.keyword.builtin.CallTestCaseKeyword$_callTestCase_closure1.doCall(CallTestCaseKeyword.groovy:63)
	at com.kms.katalon.core.keyword.builtin.CallTestCaseKeyword$_callTestCase_closure1.call(CallTestCaseKeyword.groovy)
	at com.kms.katalon.core.keyword.internal.KeywordMain.runKeyword(KeywordMain.groovy:75)
	at com.kms.katalon.core.keyword.builtin.CallTestCaseKeyword.callTestCase(CallTestCaseKeyword.groovy:81)
	at com.kms.katalon.core.keyword.builtin.CallTestCaseKeyword.execute(CallTestCaseKeyword.groovy:44)
	at com.kms.katalon.core.keyword.internal.KeywordExecutor.executeKeywordForPlatform(KeywordExecutor.groovy:74)
	at com.kms.katalon.core.keyword.BuiltinKeywords.callTestCase(BuiltinKeywords.groovy:310)
	at PBYA-001.run(PBYA-001:20)
	at com.kms.katalon.core.main.ScriptEngine.run(ScriptEngine.java:194)
	at com.kms.katalon.core.main.ScriptEngine.runScriptAsRawText(ScriptEngine.java:119)
	at com.kms.katalon.core.main.TestCaseExecutor.runScript(TestCaseExecutor.java:448)
	at com.kms.katalon.core.main.TestCaseExecutor.doExecute(TestCaseExecutor.java:439)
	at com.kms.katalon.core.main.TestCaseExecutor.processExecutionPhase(TestCaseExecutor.java:418)
	at com.kms.katalon.core.main.TestCaseExecutor.accessMainPhase(TestCaseExecutor.java:410)
	at com.kms.katalon.core.main.TestCaseExecutor.execute(TestCaseExecutor.java:285)
	at com.kms.katalon.core.main.TestCaseMain.runTestCase(TestCaseMain.java:144)
	at com.kms.katalon.core.keyword.builtin.CallTestCaseKeyword$_callTestCase_closure1.doCall(CallTestCaseKeyword.groovy:59)
	... 68 more
Caused by: com.kms.katalon.core.exception.StepFailedException: Call Test Case 'Test Cases/T13 Pembelian, Shipment dan Pembayaran/PBY-001' failed
	at com.kms.katalon.core.keyword.builtin.CallTestCaseKeyword$_callTestCase_closure1.doCall(CallTestCaseKeyword.groovy:63)
	at com.kms.katalon.core.keyword.builtin.CallTestCaseKeyword$_callTestCase_closure1.call(CallTestCaseKeyword.groovy)
	at com.kms.katalon.core.keyword.internal.KeywordMain.runKeyword(KeywordMain.groovy:75)
	at com.kms.katalon.core.keyword.builtin.CallTestCaseKeyword.callTestCase(CallTestCaseKeyword.groovy:81)
	at com.kms.katalon.core.keyword.builtin.CallTestCaseKeyword.execute(CallTestCaseKeyword.groovy:44)
	at com.kms.katalon.core.keyword.internal.KeywordExecutor.executeKeywordForPlatform(KeywordExecutor.groovy:74)
	at com.kms.katalon.core.keyword.BuiltinKeywords.callTestCase(BuiltinKeywords.groovy:310)
	at PBY-004.run(PBY-004:20)
	at com.kms.katalon.core.main.ScriptEngine.run(ScriptEngine.java:194)
	at com.kms.katalon.core.main.ScriptEngine.runScriptAsRawText(ScriptEngine.java:119)
	at com.kms.katalon.core.main.TestCaseExecutor.runScript(TestCaseExecutor.java:448)
	at com.kms.katalon.core.main.TestCaseExecutor.doExecute(TestCaseExecutor.java:439)
	at com.kms.katalon.core.main.TestCaseExecutor.processExecutionPhase(TestCaseExecutor.java:418)
	at com.kms.katalon.core.main.TestCaseExecutor.accessMainPhase(TestCaseExecutor.java:410)
	at com.kms.katalon.core.main.TestCaseExecutor.execute(TestCaseExecutor.java:285)
	at com.kms.katalon.core.main.TestCaseMain.runTestCase(TestCaseMain.java:144)
	at com.kms.katalon.core.keyword.builtin.CallTestCaseKeyword$_callTestCase_closure1.doCall(CallTestCaseKeyword.groovy:59)
	... 84 more
Caused by: com.kms.katalon.core.exception.StepFailedException: Call Test Case 'Test Cases/T13 Pembelian, Shipment dan Pembayaran/PBL-004' failed
	at com.kms.katalon.core.keyword.builtin.CallTestCaseKeyword$_callTestCase_closure1.doCall(CallTestCaseKeyword.groovy:63)
	at com.kms.katalon.core.keyword.builtin.CallTestCaseKeyword$_callTestCase_closure1.call(CallTestCaseKeyword.groovy)
	at com.kms.katalon.core.keyword.internal.KeywordMain.runKeyword(KeywordMain.groovy:75)
	at com.kms.katalon.core.keyword.builtin.CallTestCaseKeyword.callTestCase(CallTestCaseKeyword.groovy:81)
	at com.kms.katalon.core.keyword.builtin.CallTestCaseKeyword.execute(CallTestCaseKeyword.groovy:44)
	at com.kms.katalon.core.keyword.internal.KeywordExecutor.executeKeywordForPlatform(KeywordExecutor.groovy:74)
	at com.kms.katalon.core.keyword.BuiltinKeywords.callTestCase(BuiltinKeywords.groovy:310)
	at PBY-001.run(PBY-001:20)
	at com.kms.katalon.core.main.ScriptEngine.run(ScriptEngine.java:194)
	at com.kms.katalon.core.main.ScriptEngine.runScriptAsRawText(ScriptEngine.java:119)
	at com.kms.katalon.core.main.TestCaseExecutor.runScript(TestCaseExecutor.java:448)
	at com.kms.katalon.core.main.TestCaseExecutor.doExecute(TestCaseExecutor.java:439)
	at com.kms.katalon.core.main.TestCaseExecutor.processExecutionPhase(TestCaseExecutor.java:418)
	at com.kms.katalon.core.main.TestCaseExecutor.accessMainPhase(TestCaseExecutor.java:410)
	at com.kms.katalon.core.main.TestCaseExecutor.execute(TestCaseExecutor.java:285)
	at com.kms.katalon.core.main.TestCaseMain.runTestCase(TestCaseMain.java:144)
	at com.kms.katalon.core.keyword.builtin.CallTestCaseKeyword$_callTestCase_closure1.doCall(CallTestCaseKeyword.groovy:59)
	... 100 more
Caused by: com.kms.katalon.core.exception.StepFailedException: Call Test Case 'Test Cases/T13 Pembelian, Shipment dan Pembayaran/PBL-002' failed
	at com.kms.katalon.core.keyword.builtin.CallTestCaseKeyword$_callTestCase_closure1.doCall(CallTestCaseKeyword.groovy:63)
	at com.kms.katalon.core.keyword.builtin.CallTestCaseKeyword$_callTestCase_closure1.call(CallTestCaseKeyword.groovy)
	at com.kms.katalon.core.keyword.internal.KeywordMain.runKeyword(KeywordMain.groovy:75)
	at com.kms.katalon.core.keyword.builtin.CallTestCaseKeyword.callTestCase(CallTestCaseKeyword.groovy:81)
	at com.kms.katalon.core.keyword.builtin.CallTestCaseKeyword.execute(CallTestCaseKeyword.groovy:44)
	at com.kms.katalon.core.keyword.internal.KeywordExecutor.executeKeywordForPlatform(KeywordExecutor.groovy:74)
	at com.kms.katalon.core.keyword.BuiltinKeywords.callTestCase(BuiltinKeywords.groovy:310)
	at PBL-004.run(PBL-004:20)
	at com.kms.katalon.core.main.ScriptEngine.run(ScriptEngine.java:194)
	at com.kms.katalon.core.main.ScriptEngine.runScriptAsRawText(ScriptEngine.java:119)
	at com.kms.katalon.core.main.TestCaseExecutor.runScript(TestCaseExecutor.java:448)
	at com.kms.katalon.core.main.TestCaseExecutor.doExecute(TestCaseExecutor.java:439)
	at com.kms.katalon.core.main.TestCaseExecutor.processExecutionPhase(TestCaseExecutor.java:418)
	at com.kms.katalon.core.main.TestCaseExecutor.accessMainPhase(TestCaseExecutor.java:410)
	at com.kms.katalon.core.main.TestCaseExecutor.execute(TestCaseExecutor.java:285)
	at com.kms.katalon.core.main.TestCaseMain.runTestCase(TestCaseMain.java:144)
	at com.kms.katalon.core.keyword.builtin.CallTestCaseKeyword$_callTestCase_closure1.doCall(CallTestCaseKeyword.groovy:59)
	... 116 more
Caused by: com.kms.katalon.core.exception.StepFailedException: Call Test Case 'Test Cases/T13 Pembelian, Shipment dan Pembayaran/PBL-001' failed
	at com.kms.katalon.core.keyword.builtin.CallTestCaseKeyword$_callTestCase_closure1.doCall(CallTestCaseKeyword.groovy:63)
	at com.kms.katalon.core.keyword.builtin.CallTestCaseKeyword$_callTestCase_closure1.call(CallTestCaseKeyword.groovy)
	at com.kms.katalon.core.keyword.internal.KeywordMain.runKeyword(KeywordMain.groovy:75)
	at com.kms.katalon.core.keyword.builtin.CallTestCaseKeyword.callTestCase(CallTestCaseKeyword.groovy:81)
	at com.kms.katalon.core.keyword.builtin.CallTestCaseKeyword.execute(CallTestCaseKeyword.groovy:44)
	at com.kms.katalon.core.keyword.internal.KeywordExecutor.executeKeywordForPlatform(KeywordExecutor.groovy:74)
	at com.kms.katalon.core.keyword.BuiltinKeywords.callTestCase(BuiltinKeywords.groovy:310)
	at PBL-002.run(PBL-002:20)
	at com.kms.katalon.core.main.ScriptEngine.run(ScriptEngine.java:194)
	at com.kms.katalon.core.main.ScriptEngine.runScriptAsRawText(ScriptEngine.java:119)
	at com.kms.katalon.core.main.TestCaseExecutor.runScript(TestCaseExecutor.java:448)
	at com.kms.katalon.core.main.TestCaseExecutor.doExecute(TestCaseExecutor.java:439)
	at com.kms.katalon.core.main.TestCaseExecutor.processExecutionPhase(TestCaseExecutor.java:418)
	at com.kms.katalon.core.main.TestCaseExecutor.accessMainPhase(TestCaseExecutor.java:410)
	at com.kms.katalon.core.main.TestCaseExecutor.execute(TestCaseExecutor.java:285)
	at com.kms.katalon.core.main.TestCaseMain.runTestCase(TestCaseMain.java:144)
	at com.kms.katalon.core.keyword.builtin.CallTestCaseKeyword$_callTestCase_closure1.doCall(CallTestCaseKeyword.groovy:59)
	... 132 more
Caused by: Assertion failed: 

assert NamaSesudah.contains(NamaSebelum)
       |           |        |
       |           false    Segitiga Instan Madeira - MDB5.3 Sunse,..
       Segitiga Instan Madeira - MDB5.3 Sunset

	at PBL-001.run(PBL-001:39)
	at com.kms.katalon.core.main.ScriptEngine.run(ScriptEngine.java:194)
	at com.kms.katalon.core.main.ScriptEngine.runScriptAsRawText(ScriptEngine.java:119)
	at com.kms.katalon.core.main.TestCaseExecutor.runScript(TestCaseExecutor.java:448)
	at com.kms.katalon.core.main.TestCaseExecutor.doExecute(TestCaseExecutor.java:439)
	at com.kms.katalon.core.main.TestCaseExecutor.processExecutionPhase(TestCaseExecutor.java:418)
	at com.kms.katalon.core.main.TestCaseExecutor.accessMainPhase(TestCaseExecutor.java:410)
	at com.kms.katalon.core.main.TestCaseExecutor.execute(TestCaseExecutor.java:285)
	at com.kms.katalon.core.main.TestCaseMain.runTestCase(TestCaseMain.java:144)
	at com.kms.katalon.core.keyword.builtin.CallTestCaseKeyword$_callTestCase_closure1.doCall(CallTestCaseKeyword.groovy:59)
	... 148 more]]></system-err>
      </testcase>
      <testcase name="Test Cases/T13 Pembelian, Shipment dan Pembayaran/SU-006" time="137.705" classname="Test Cases/T13 Pembelian, Shipment dan Pembayaran/SU-006" status="PASSED">
         <system-out><![CDATA[2023-10-04 20:46:46 - [TEST_CASE][PASSED] - Test Cases/T13 Pembelian, Shipment dan Pembayaran/SU-006: Test Cases/T13 Pembelian, Shipment dan Pembayaran/SU-006

2023-10-04 20:46:46 - [TEST_STEP][PASSED] - data = callTestCase(findTestCase("T13 Pembelian, Shipment dan Pembayaran/SA-005"), [:], STOP_ON_FAILURE): Call Test Case 'Test Cases/T13 Pembelian, Shipment dan Pembayaran/SA-005' successfully

2023-10-04 20:46:46 - [TEST_CASE][PASSED] - Test Cases/T13 Pembelian, Shipment dan Pembayaran/SA-005: Test Cases/T13 Pembelian, Shipment dan Pembayaran/SA-005

2023-10-04 20:46:46 - [TEST_STEP][PASSED] - data = callTestCase(findTestCase("T13 Pembelian, Shipment dan Pembayaran/SA-002"), [:], STOP_ON_FAILURE): Call Test Case 'Test Cases/T13 Pembelian, Shipment dan Pembayaran/SA-002' successfully

2023-10-04 20:46:46 - [TEST_CASE][PASSED] - Test Cases/T13 Pembelian, Shipment dan Pembayaran/SA-002: Test Cases/T13 Pembelian, Shipment dan Pembayaran/SA-002

2023-10-04 20:46:46 - [TEST_STEP][PASSED] - data = callTestCase(findTestCase("T13 Pembelian, Shipment dan Pembayaran/SA-001"), [:], STOP_ON_FAILURE): Call Test Case 'Test Cases/T13 Pembelian, Shipment dan Pembayaran/SA-001' successfully

2023-10-04 20:46:47 - [TEST_CASE][PASSED] - Test Cases/T13 Pembelian, Shipment dan Pembayaran/SA-001: Test Cases/T13 Pembelian, Shipment dan Pembayaran/SA-001

2023-10-04 20:46:47 - [TEST_STEP][PASSED] - data = callTestCase(findTestCase("T13 Pembelian, Shipment dan Pembayaran/PBYA-001"), [:], STOP_ON_FAILURE): Call Test Case 'Test Cases/T13 Pembelian, Shipment dan Pembayaran/PBYA-001' successfully

2023-10-04 20:46:47 - [TEST_CASE][PASSED] - Test Cases/T13 Pembelian, Shipment dan Pembayaran/PBYA-001: Test Cases/T13 Pembelian, Shipment dan Pembayaran/PBYA-001

2023-10-04 20:46:47 - [TEST_STEP][PASSED] - data = callTestCase(findTestCase("T13 Pembelian, Shipment dan Pembayaran/PBY-004"), [:], STOP_ON_FAILURE): Call Test Case 'Test Cases/T13 Pembelian, Shipment dan Pembayaran/PBY-004' successfully

2023-10-04 20:46:47 - [TEST_CASE][PASSED] - Test Cases/T13 Pembelian, Shipment dan Pembayaran/PBY-004: Test Cases/T13 Pembelian, Shipment dan Pembayaran/PBY-004

2023-10-04 20:46:47 - [TEST_STEP][PASSED] - data = callTestCase(findTestCase("T13 Pembelian, Shipment dan Pembayaran/PBY-001"), [:], STOP_ON_FAILURE): Call Test Case 'Test Cases/T13 Pembelian, Shipment dan Pembayaran/PBY-001' successfully

2023-10-04 20:46:47 - [TEST_CASE][PASSED] - Test Cases/T13 Pembelian, Shipment dan Pembayaran/PBY-001: Test Cases/T13 Pembelian, Shipment dan Pembayaran/PBY-001

2023-10-04 20:46:47 - [TEST_STEP][PASSED] - data = callTestCase(findTestCase("T13 Pembelian, Shipment dan Pembayaran/PBL-004"), ["Kurir":"Roda 2"], STOP_ON_FAILURE): Call Test Case 'Test Cases/T13 Pembelian, Shipment dan Pembayaran/PBL-004' successfully

2023-10-04 20:46:47 - [TEST_CASE][PASSED] - Test Cases/T13 Pembelian, Shipment dan Pembayaran/PBL-004: Test Cases/T13 Pembelian, Shipment dan Pembayaran/PBL-004

2023-10-04 20:46:47 - [TEST_STEP][PASSED] - data = callTestCase(findTestCase("T13 Pembelian, Shipment dan Pembayaran/PBL-002"), [:], STOP_ON_FAILURE): Call Test Case 'Test Cases/T13 Pembelian, Shipment dan Pembayaran/PBL-002' successfully

2023-10-04 20:46:47 - [TEST_CASE][PASSED] - Test Cases/T13 Pembelian, Shipment dan Pembayaran/PBL-002: Test Cases/T13 Pembelian, Shipment dan Pembayaran/PBL-002

2023-10-04 20:46:47 - [TEST_STEP][PASSED] - data = callTestCase(findTestCase("T13 Pembelian, Shipment dan Pembayaran/PBL-001"), [:], STOP_ON_FAILURE): Call Test Case 'Test Cases/T13 Pembelian, Shipment dan Pembayaran/PBL-001' successfully

2023-10-04 20:46:47 - [TEST_CASE][PASSED] - Test Cases/T13 Pembelian, Shipment dan Pembayaran/PBL-001: Test Cases/T13 Pembelian, Shipment dan Pembayaran/PBL-001

2023-10-04 20:46:47 - [TEST_STEP][PASSED] - callTestCase(findTestCase("T13 Pembelian, Shipment dan Pembayaran/LU-001"), ["username":"irfanafandi", "password":"12345irfan"], STOP_ON_FAILURE): Call Test Case 'Test Cases/T13 Pembelian, Shipment dan Pembayaran/LU-001' successfully

2023-10-04 20:46:47 - [TEST_CASE][PASSED] - Test Cases/T13 Pembelian, Shipment dan Pembayaran/LU-001: Test Cases/T13 Pembelian, Shipment dan Pembayaran/LU-001

2023-10-04 20:46:47 - [TEST_STEP][PASSED] - openBrowser("https://10.9.2.63/ecommerce/"): Browser is opened with url: 'https://10.9.2.63/ecommerce/'

2023-10-04 20:46:47 - [MESSAGE][WARNING] - A browser is already opened. Closing browser and opening a new one

2023-10-04 20:46:48 - [MESSAGE][INFO] - Starting 'Firefox' driver

2023-10-04 20:46:48 - [MESSAGE][INFO] - User set preference: ['args', '[--disable-notifications]']

2023-10-04 20:46:48 - [MESSAGE][INFO] - Action delay is set to 0 milliseconds

2023-10-04 20:46:55 - [MESSAGE][PASSED] - Browser is opened with url: 'https://10.9.2.63/ecommerce/'

2023-10-04 20:46:55 - [TEST_STEP][PASSED] - maximizeWindow(): Current window maximized

2023-10-04 20:46:55 - [MESSAGE][PASSED] - Current window maximized

2023-10-04 20:46:55 - [TEST_STEP][PASSED] - verifyElementPresent(findTestObject("Login/Home"), 0): Object 'Object Repository/Login/Home' is present

2023-10-04 20:46:55 - [MESSAGE][WARNING] - Timeout '0' is invalid. Using default page load timeout: '30'

2023-10-04 20:46:55 - [MESSAGE][PASSED] - Object 'Object Repository/Login/Home' is present

2023-10-04 20:46:55 - [TEST_STEP][PASSED] - click(findTestObject("Login/a_Login")): Object: 'Object Repository/Login/a_Login' is clicked on

2023-10-04 20:46:56 - [MESSAGE][PASSED] - Object: 'Object Repository/Login/a_Login' is clicked on

2023-10-04 20:46:56 - [TEST_STEP][PASSED] - verifyElementPresent(findTestObject("Login/Tittle Login"), 0): Object 'Object Repository/Login/Tittle Login' is present

2023-10-04 20:46:56 - [MESSAGE][WARNING] - Timeout '0' is invalid. Using default page load timeout: '30'

2023-10-04 20:46:56 - [MESSAGE][PASSED] - Object 'Object Repository/Login/Tittle Login' is present

2023-10-04 20:46:56 - [TEST_STEP][PASSED] - setText(findTestObject("Login/input_Username, Email atau No. Handphone_a"), username): Text 'irfanafandi' is set on object 'Object Repository/Login/input_Username, Email atau No. Handphone_a'

2023-10-04 20:46:57 - [MESSAGE][PASSED] - Text 'irfanafandi' is set on object 'Object Repository/Login/input_Username, Email atau No. Handphone_a'

2023-10-04 20:46:57 - [TEST_STEP][PASSED] - setText(findTestObject("Login/input_Password_b"), password): Text '12345irfan' is set on object 'Object Repository/Login/input_Password_b'

2023-10-04 20:46:58 - [MESSAGE][PASSED] - Text '12345irfan' is set on object 'Object Repository/Login/input_Password_b'

2023-10-04 20:46:58 - [TEST_STEP][PASSED] - click(findTestObject("Login/label_Ingat saya")): Object: 'Object Repository/Login/label_Ingat saya' is clicked on

2023-10-04 20:46:59 - [MESSAGE][PASSED] - Object: 'Object Repository/Login/label_Ingat saya' is clicked on

2023-10-04 20:46:59 - [TEST_STEP][PASSED] - click(findTestObject("Login/button_Masuk")): Object: 'Object Repository/Login/button_Masuk' is clicked on

2023-10-04 20:47:00 - [MESSAGE][PASSED] - Object: 'Object Repository/Login/button_Masuk' is clicked on

2023-10-04 20:47:00 - [TEST_STEP][PASSED] - verifyElementPresent(findTestObject("Login/li_Profile"), 0): Object 'Object Repository/Login/li_Profile' is present

2023-10-04 20:47:00 - [MESSAGE][WARNING] - Timeout '0' is invalid. Using default page load timeout: '30'

2023-10-04 20:47:01 - [MESSAGE][PASSED] - Object 'Object Repository/Login/li_Profile' is present

2023-10-04 20:47:01 - [MESSAGE][PASSED] - Call Test Case 'Test Cases/T13 Pembelian, Shipment dan Pembayaran/LU-001' successfully

2023-10-04 20:47:01 - [TEST_STEP][PASSED] - mouseOver(findTestObject("beli barang/i_Mulai Belanja_icon-menu")): Object: 'Object Repository/beli barang/i_Mulai Belanja_icon-menu' is hovered

2023-10-04 20:47:01 - [MESSAGE][PASSED] - Object: 'Object Repository/beli barang/i_Mulai Belanja_icon-menu' is hovered

2023-10-04 20:47:01 - [TEST_STEP][PASSED] - click(findTestObject("beli barang/a_Fashion  Busana Wanita")): Object: 'Object Repository/beli barang/a_Fashion  Busana Wanita' is clicked on

2023-10-04 20:47:02 - [MESSAGE][PASSED] - Object: 'Object Repository/beli barang/a_Fashion  Busana Wanita' is clicked on

2023-10-04 20:47:02 - [TEST_STEP][PASSED] - NamaSebelum = getText(findTestObject("verifikasi/Nama sebelum")): Text of object 'Object Repository/verifikasi/Nama sebelum' is: ''

2023-10-04 20:47:03 - [MESSAGE][PASSED] - Text of object 'Object Repository/verifikasi/Nama sebelum' is: ''

2023-10-04 20:47:03 - [TEST_STEP][PASSED] - HargaSebelum = getText(findTestObject("verifikasi/Harga sebelum")): Text of object 'Object Repository/verifikasi/Harga sebelum' is: 'Rp 1,299'

2023-10-04 20:47:04 - [MESSAGE][PASSED] - Text of object 'Object Repository/verifikasi/Harga sebelum' is: 'Rp 1,299'

2023-10-04 20:47:04 - [TEST_STEP][PASSED] - mouseOver(findTestObject("beli barang/barang mouse over")): Object: 'Object Repository/beli barang/barang mouse over' is hovered

2023-10-04 20:47:04 - [MESSAGE][PASSED] - Object: 'Object Repository/beli barang/barang mouse over' is hovered

2023-10-04 20:47:04 - [TEST_STEP][PASSED] - click(findTestObject("beli barang/buttom add to cart")): Object: 'Object Repository/beli barang/buttom add to cart' is clicked on

2023-10-04 20:47:06 - [MESSAGE][PASSED] - Object: 'Object Repository/beli barang/buttom add to cart' is clicked on

2023-10-04 20:47:06 - [TEST_STEP][PASSED] - NamaSesudah = getText(findTestObject("verifikasi/Nama sesudah")): Text of object 'Object Repository/verifikasi/Nama sesudah' is: 'Segitiga Instan Madeira - MDB5.3 Sunset'

2023-10-04 20:47:06 - [MESSAGE][PASSED] - Text of object 'Object Repository/verifikasi/Nama sesudah' is: 'Segitiga Instan Madeira - MDB5.3 Sunset'

2023-10-04 20:47:06 - [TEST_STEP][PASSED] - HargaSesudah = getText(findTestObject("verifikasi/Harga sesudah")): Text of object 'Object Repository/verifikasi/Harga sesudah' is: 'Rp 1,299'

2023-10-04 20:47:07 - [MESSAGE][PASSED] - Text of object 'Object Repository/verifikasi/Harga sesudah' is: 'Rp 1,299'

2023-10-04 20:47:07 - [TEST_STEP][PASSED] - assert NamaSesudah.contains(NamaSebelum): null

2023-10-04 20:47:07 - [TEST_STEP][PASSED] - assert HargaSesudah.contains(HargaSebelum): null

2023-10-04 20:47:07 - [TEST_STEP][PASSED] - click(findTestObject("beli barang/Tambah Keranjang busana wanita")): Object: 'Object Repository/beli barang/Tambah Keranjang busana wanita' is clicked on

2023-10-04 20:47:07 - [MESSAGE][PASSED] - Object: 'Object Repository/beli barang/Tambah Keranjang busana wanita' is clicked on

2023-10-04 20:47:07 - [TEST_STEP][PASSED] - verifyElementPresent(findTestObject("checkout/Notifikasi keranjang"), 1): Object 'Object Repository/checkout/Notifikasi keranjang' is present

2023-10-04 20:47:08 - [MESSAGE][PASSED] - Object 'Object Repository/checkout/Notifikasi keranjang' is present

2023-10-04 20:47:08 - [TEST_STEP][PASSED] - data = new java.util.HashMap(): null

2023-10-04 20:47:08 - [TEST_STEP][PASSED] - data.put("nama_barang", NamaSesudah): null

2023-10-04 20:47:08 - [TEST_STEP][PASSED] - data.put("price_barang", HargaSesudah): null

2023-10-04 20:47:08 - [TEST_STEP][PASSED] - return data: null

2023-10-04 20:47:08 - [MESSAGE][PASSED] - Call Test Case 'Test Cases/T13 Pembelian, Shipment dan Pembayaran/PBL-001' successfully

2023-10-04 20:47:08 - [TEST_STEP][PASSED] - mouseOver(findTestObject("beli barang/keranjang")): Object: 'Object Repository/beli barang/keranjang' is hovered

2023-10-04 20:47:08 - [MESSAGE][PASSED] - Object: 'Object Repository/beli barang/keranjang' is hovered

2023-10-04 20:47:08 - [TEST_STEP][PASSED] - click(findTestObject("beli barang/Lihat Sekarang")): Object: 'Object Repository/beli barang/Lihat Sekarang' is clicked on

2023-10-04 20:47:09 - [MESSAGE][PASSED] - Object: 'Object Repository/beli barang/Lihat Sekarang' is clicked on

2023-10-04 20:47:09 - [TEST_STEP][PASSED] - verifyElementPresent(findTestObject("keranjang/li_Keranjang Belanja"), 0): Object 'Object Repository/keranjang/li_Keranjang Belanja' is present

2023-10-04 20:47:09 - [MESSAGE][WARNING] - Timeout '0' is invalid. Using default page load timeout: '30'

2023-10-04 20:47:10 - [MESSAGE][PASSED] - Object 'Object Repository/keranjang/li_Keranjang Belanja' is present

2023-10-04 20:47:10 - [TEST_STEP][PASSED] - NamaKeranjang = getText(findTestObject("verifikasi/Nama keranjang")): Text of object 'Object Repository/verifikasi/Nama keranjang' is: 'Segitiga Instan Madeira - MDB5.3 Sunset'

2023-10-04 20:47:10 - [MESSAGE][PASSED] - Text of object 'Object Repository/verifikasi/Nama keranjang' is: 'Segitiga Instan Madeira - MDB5.3 Sunset'

2023-10-04 20:47:10 - [TEST_STEP][PASSED] - HargaKeranjang = getText(findTestObject("verifikasi/Harga Keranjang")): Text of object 'Object Repository/verifikasi/Harga Keranjang' is: 'Rp 1,299'

2023-10-04 20:47:10 - [MESSAGE][PASSED] - Text of object 'Object Repository/verifikasi/Harga Keranjang' is: 'Rp 1,299'

2023-10-04 20:47:10 - [TEST_STEP][PASSED] - if (toString().equalsIgnoreCase("Merah")): Object 'Object Repository/keranjang/input_Warna_variasi101' is checked

2023-10-04 20:47:10 - [TEST_STEP][PASSED] - check(findTestObject("Object Repository/keranjang/input_Warna_variasi101")): Object 'Object Repository/keranjang/input_Warna_variasi101' is checked

2023-10-04 20:47:11 - [MESSAGE][PASSED] - Object 'Object Repository/keranjang/input_Warna_variasi101' is checked

2023-10-04 20:47:11 - [TEST_STEP][PASSED] - if (toString().equalsIgnoreCase("Menengah")): Object 'Object Repository/keranjang/input_Ukuran_variasi201' is checked

2023-10-04 20:47:11 - [TEST_STEP][PASSED] - check(findTestObject("Object Repository/keranjang/input_Ukuran_variasi201")): Object 'Object Repository/keranjang/input_Ukuran_variasi201' is checked

2023-10-04 20:47:12 - [MESSAGE][PASSED] - Object 'Object Repository/keranjang/input_Ukuran_variasi201' is checked

2023-10-04 20:47:12 - [TEST_STEP][PASSED] - data.put("Warna", warna): null

2023-10-04 20:47:12 - [TEST_STEP][PASSED] - data.put("Ukuran", ukuran): null

2023-10-04 20:47:12 - [TEST_STEP][PASSED] - click(findTestObject("keranjang/button_Lanjut ke Pembayaran")): Object: 'Object Repository/keranjang/button_Lanjut ke Pembayaran' is clicked on

2023-10-04 20:47:13 - [MESSAGE][PASSED] - Object: 'Object Repository/keranjang/button_Lanjut ke Pembayaran' is clicked on

2023-10-04 20:47:13 - [TEST_STEP][PASSED] - verifyElementPresent(findTestObject("checkout/Tittle Checkout Order"), 0): Object 'Object Repository/checkout/Tittle Checkout Order' is present

2023-10-04 20:47:13 - [MESSAGE][WARNING] - Timeout '0' is invalid. Using default page load timeout: '30'

2023-10-04 20:47:13 - [MESSAGE][PASSED] - Object 'Object Repository/checkout/Tittle Checkout Order' is present

2023-10-04 20:47:13 - [TEST_STEP][PASSED] - name_product = data.get("nama_barang"): null

2023-10-04 20:47:13 - [TEST_STEP][PASSED] - price_product = data.get("price_barang"): null

2023-10-04 20:47:13 - [TEST_STEP][PASSED] - assert name_product == NamaKeranjang: null

2023-10-04 20:47:13 - [TEST_STEP][PASSED] - assert price_product == HargaKeranjang: null

2023-10-04 20:47:13 - [TEST_STEP][PASSED] - return data: null

2023-10-04 20:47:13 - [MESSAGE][PASSED] - Call Test Case 'Test Cases/T13 Pembelian, Shipment dan Pembayaran/PBL-002' successfully

2023-10-04 20:47:13 - [TEST_STEP][PASSED] - warnaa = getText(findTestObject("verifikasi/warna Merah")): Text of object 'Object Repository/verifikasi/warna Merah' is: 'Merah'

2023-10-04 20:47:14 - [MESSAGE][PASSED] - Text of object 'Object Repository/verifikasi/warna Merah' is: 'Merah'

2023-10-04 20:47:14 - [TEST_STEP][PASSED] - ukurann = getText(findTestObject("verifikasi/Ukuran Menengah")): Text of object 'Object Repository/verifikasi/Ukuran Menengah' is: 'Menengah'

2023-10-04 20:47:14 - [MESSAGE][PASSED] - Text of object 'Object Repository/verifikasi/Ukuran Menengah' is: 'Menengah'

2023-10-04 20:47:14 - [TEST_STEP][PASSED] - warna1 = data.get("Warna"): null

2023-10-04 20:47:14 - [TEST_STEP][PASSED] - ukuran1 = data.get("Ukuran"): null

2023-10-04 20:47:14 - [TEST_STEP][PASSED] - assert warnaa == warna1: null

2023-10-04 20:47:14 - [TEST_STEP][PASSED] - assert ukurann == ukuran1: null

2023-10-04 20:47:14 - [TEST_STEP][PASSED] - NamaCheckout = getText(findTestObject("verifikasi/NamaCheckout")): Text of object 'Object Repository/verifikasi/NamaCheckout' is: ''

2023-10-04 20:47:14 - [MESSAGE][PASSED] - Text of object 'Object Repository/verifikasi/NamaCheckout' is: ''

2023-10-04 20:47:14 - [TEST_STEP][PASSED] - HargaCheckout = getText(findTestObject("verifikasi/HargaCheckout")): Text of object 'Object Repository/verifikasi/HargaCheckout' is: '1,299'

2023-10-04 20:47:15 - [MESSAGE][PASSED] - Text of object 'Object Repository/verifikasi/HargaCheckout' is: '1,299'

2023-10-04 20:47:15 - [TEST_STEP][PASSED] - name_product = data.get("nama_barang"): null

2023-10-04 20:47:15 - [TEST_STEP][PASSED] - price_product = data.get("price_barang"): null

2023-10-04 20:47:15 - [TEST_STEP][PASSED] - assert name_product.contains(NamaCheckout): null

2023-10-04 20:47:15 - [TEST_STEP][PASSED] - assert price_product.contains(HargaCheckout): null

2023-10-04 20:47:15 - [TEST_STEP][PASSED] - selectOptionByLabel(findTestObject("checkout/select - Kirim via Kurir Lokal"), Kurir, false): All options with label 'Roda 2' are selected in object 'Object Repository/checkout/select - Kirim via Kurir Lokal' 

2023-10-04 20:47:15 - [MESSAGE][PASSED] - All options with label 'Roda 2' are selected in object 'Object Repository/checkout/select - Kirim via Kurir Lokal' 

2023-10-04 20:47:15 - [TEST_STEP][PASSED] - click(findTestObject("checkout/Kendaraan Kurir")): Object: 'Object Repository/checkout/Kendaraan Kurir' is clicked on

2023-10-04 20:47:16 - [MESSAGE][PASSED] - Object: 'Object Repository/checkout/Kendaraan Kurir' is clicked on

2023-10-04 20:47:16 - [TEST_STEP][PASSED] - OngkosKirim = getText(findTestObject("Object Repository/verifikasi/Ongkos Kirim checkout")): Text of object 'Object Repository/verifikasi/Ongkos Kirim checkout' is: 'Rp. 5,000'

2023-10-04 20:47:16 - [MESSAGE][PASSED] - Text of object 'Object Repository/verifikasi/Ongkos Kirim checkout' is: 'Rp. 5,000'

2023-10-04 20:47:16 - [TEST_STEP][PASSED] - Ongkos = OngkosKirim.substring(3, OngkosKirim.size()): null

2023-10-04 20:47:16 - [TEST_STEP][PASSED] - rep = Ongkos.replace(",", "."): null

2023-10-04 20:47:16 - [TEST_STEP][PASSED] - Ongkos_kirim = Double.parseDouble(rep): null

2023-10-04 20:47:16 - [TEST_STEP][PASSED] - println(Ongkos_kirim): null

2023-10-04 20:47:16 - [TEST_STEP][PASSED] - FeeAdmin = getText(findTestObject("verifikasi/Fee Admin checkout")): Text of object 'Object Repository/verifikasi/Fee Admin checkout' is: 'Fee Admin
Rp 1,500'

2023-10-04 20:47:17 - [MESSAGE][PASSED] - Text of object 'Object Repository/verifikasi/Fee Admin checkout' is: 'Fee Admin
Rp 1,500'

2023-10-04 20:47:17 - [TEST_STEP][PASSED] - Fee_Admin = FeeAdmin.substring(12, FeeAdmin.size()): null

2023-10-04 20:47:17 - [TEST_STEP][PASSED] - fee = Fee_Admin.replace(",", "."): null

2023-10-04 20:47:17 - [TEST_STEP][PASSED] - fee_admin = Double.parseDouble(fee): null

2023-10-04 20:47:17 - [TEST_STEP][PASSED] - println(fee_admin): null

2023-10-04 20:47:17 - [TEST_STEP][PASSED] - Subtotal = getText(findTestObject("verifikasi/subtotal checkout")): Text of object 'Object Repository/verifikasi/subtotal checkout' is: 'Subtotal
Rp 1,299'

2023-10-04 20:47:17 - [MESSAGE][PASSED] - Text of object 'Object Repository/verifikasi/subtotal checkout' is: 'Subtotal
Rp 1,299'

2023-10-04 20:47:17 - [TEST_STEP][PASSED] - sub_total = Subtotal.substring(12, Subtotal.size()): null

2023-10-04 20:47:17 - [TEST_STEP][PASSED] - sub = sub_total.replace(",", "."): null

2023-10-04 20:47:17 - [TEST_STEP][PASSED] - sub_total = Double.parseDouble(sub): null

2023-10-04 20:47:17 - [TEST_STEP][PASSED] - println(sub_total): null

2023-10-04 20:47:17 - [TEST_STEP][PASSED] - Total = getText(findTestObject("verifikasi/Total checkout")): Text of object 'Object Repository/verifikasi/Total checkout' is: 'Rp 7,799'

2023-10-04 20:47:17 - [MESSAGE][PASSED] - Text of object 'Object Repository/verifikasi/Total checkout' is: 'Rp 7,799'

2023-10-04 20:47:17 - [TEST_STEP][PASSED] - totall = Total.substring(3, Total.size()): null

2023-10-04 20:47:17 - [TEST_STEP][PASSED] - total = totall.replace(",", "."): null

2023-10-04 20:47:17 - [TEST_STEP][PASSED] - totall = Double.parseDouble(total): null

2023-10-04 20:47:17 - [TEST_STEP][PASSED] - println(totall): null

2023-10-04 20:47:17 - [TEST_STEP][PASSED] - Total_Harga = Ongkos_kirim + fee_admin + sub_total: null

2023-10-04 20:47:17 - [TEST_STEP][PASSED] - println(Total_Harga): null

2023-10-04 20:47:17 - [TEST_STEP][PASSED] - TotalHarga = Math.round(Total_Harga * 1000) / 1000: null

2023-10-04 20:47:17 - [TEST_STEP][PASSED] - println(TotalHarga): null

2023-10-04 20:47:17 - [TEST_STEP][PASSED] - assert totall == TotalHarga: null

2023-10-04 20:47:17 - [TEST_STEP][PASSED] - click(findTestObject("verifikasi/Metode Transfer")): Object: 'Object Repository/verifikasi/Metode Transfer' is clicked on

2023-10-04 20:47:18 - [MESSAGE][PASSED] - Object: 'Object Repository/verifikasi/Metode Transfer' is clicked on

2023-10-04 20:47:18 - [TEST_STEP][PASSED] - click(findTestObject("checkout/button_Proses Pembayaran")): Object: 'Object Repository/checkout/button_Proses Pembayaran' is clicked on

2023-10-04 20:47:24 - [MESSAGE][PASSED] - Object: 'Object Repository/checkout/button_Proses Pembayaran' is clicked on

2023-10-04 20:47:24 - [TEST_STEP][PASSED] - verifyElementPresent(findTestObject("pembayaran/Tittle nomor invoice"), 0): Object 'Object Repository/pembayaran/Tittle nomor invoice' is present

2023-10-04 20:47:24 - [MESSAGE][WARNING] - Timeout '0' is invalid. Using default page load timeout: '30'

2023-10-04 20:47:27 - [MESSAGE][PASSED] - Object 'Object Repository/pembayaran/Tittle nomor invoice' is present

2023-10-04 20:47:27 - [TEST_STEP][PASSED] - return data: null

2023-10-04 20:47:27 - [MESSAGE][PASSED] - Call Test Case 'Test Cases/T13 Pembelian, Shipment dan Pembayaran/PBL-004' successfully

2023-10-04 20:47:27 - [TEST_STEP][PASSED] - Invoice = getText(findTestObject("pembayaran/nomor invoice")): Text of object 'Object Repository/pembayaran/nomor invoice' is: 'TRX60.20231004204720'

2023-10-04 20:47:27 - [MESSAGE][PASSED] - Text of object 'Object Repository/pembayaran/nomor invoice' is: 'TRX60.20231004204720'

2023-10-04 20:47:27 - [TEST_STEP][PASSED] - data.put("invoice", Invoice): null

2023-10-04 20:47:27 - [TEST_STEP][PASSED] - NamaPemesan = getText(findTestObject("Konfirmasi pesanan shop/Nama pemesan")): Text of object 'Object Repository/Konfirmasi pesanan shop/Nama pemesan' is: 'irfan.afandi'

2023-10-04 20:47:28 - [MESSAGE][PASSED] - Text of object 'Object Repository/Konfirmasi pesanan shop/Nama pemesan' is: 'irfan.afandi'

2023-10-04 20:47:28 - [TEST_STEP][PASSED] - Nama = getText(findTestObject("pembayaran/Nama barang")): Text of object 'Object Repository/pembayaran/Nama barang' is: 'Segitiga Instan Madeira - MDB5.3 Sunset'

2023-10-04 20:47:28 - [MESSAGE][PASSED] - Text of object 'Object Repository/pembayaran/Nama barang' is: 'Segitiga Instan Madeira - MDB5.3 Sunset'

2023-10-04 20:47:28 - [TEST_STEP][PASSED] - Harga = getText(findTestObject("pembayaran/Harga barang")): Text of object 'Object Repository/pembayaran/Harga barang' is: '1,299'

2023-10-04 20:47:29 - [MESSAGE][PASSED] - Text of object 'Object Repository/pembayaran/Harga barang' is: '1,299'

2023-10-04 20:47:29 - [TEST_STEP][PASSED] - name_product = data.get("nama_barang"): null

2023-10-04 20:47:29 - [TEST_STEP][PASSED] - price_product = data.get("price_barang"): null

2023-10-04 20:47:29 - [TEST_STEP][PASSED] - assert name_product.contains(Nama): null

2023-10-04 20:47:29 - [TEST_STEP][PASSED] - assert price_product.contains(Harga): null

2023-10-04 20:47:29 - [TEST_STEP][PASSED] - warnaa = getText(findTestObject("pembayaran/warna")): Text of object 'Object Repository/pembayaran/warna' is: 'Merah'

2023-10-04 20:47:29 - [MESSAGE][PASSED] - Text of object 'Object Repository/pembayaran/warna' is: 'Merah'

2023-10-04 20:47:29 - [TEST_STEP][PASSED] - ukurann = getText(findTestObject("pembayaran/ukuran")): Text of object 'Object Repository/pembayaran/ukuran' is: 'Menengah'

2023-10-04 20:47:30 - [MESSAGE][PASSED] - Text of object 'Object Repository/pembayaran/ukuran' is: 'Menengah'

2023-10-04 20:47:30 - [TEST_STEP][PASSED] - warna1 = data.get("Warna"): null

2023-10-04 20:47:30 - [TEST_STEP][PASSED] - ukuran1 = data.get("Ukuran"): null

2023-10-04 20:47:30 - [TEST_STEP][PASSED] - assert warnaa == warna1: null

2023-10-04 20:47:30 - [TEST_STEP][PASSED] - assert ukurann == ukuran1: null

2023-10-04 20:47:30 - [TEST_STEP][PASSED] - statusPembelian = getText(findTestObject("verifikasi/Status pending di pembelian")): Text of object 'Object Repository/verifikasi/Status pending di pembelian' is: 'Pending'

2023-10-04 20:47:30 - [MESSAGE][PASSED] - Text of object 'Object Repository/verifikasi/Status pending di pembelian' is: 'Pending'

2023-10-04 20:47:30 - [TEST_STEP][PASSED] - data.put("statusPem", statusPembelian): null

2023-10-04 20:47:30 - [TEST_STEP][PASSED] - OngkosKirim = getText(findTestObject("pembayaran/ongkos kirim")): Text of object 'Object Repository/pembayaran/ongkos kirim' is: 'Rp 5,000'

2023-10-04 20:47:31 - [MESSAGE][PASSED] - Text of object 'Object Repository/pembayaran/ongkos kirim' is: 'Rp 5,000'

2023-10-04 20:47:31 - [TEST_STEP][PASSED] - Ongkos = OngkosKirim.substring(3, OngkosKirim.size()): null

2023-10-04 20:47:31 - [TEST_STEP][PASSED] - rep = Ongkos.replace(",", ""): null

2023-10-04 20:47:31 - [TEST_STEP][PASSED] - Ongkos_kirimm = Integer.parseInt(rep): null

2023-10-04 20:47:31 - [TEST_STEP][PASSED] - println(Ongkos_kirimm): null

2023-10-04 20:47:31 - [TEST_STEP][PASSED] - FeeAdmin = getText(findTestObject("pembayaran/fee admin")): Text of object 'Object Repository/pembayaran/fee admin' is: 'Rp 1,500'

2023-10-04 20:47:31 - [MESSAGE][PASSED] - Text of object 'Object Repository/pembayaran/fee admin' is: 'Rp 1,500'

2023-10-04 20:47:31 - [TEST_STEP][PASSED] - Fee_Admin = FeeAdmin.substring(3, FeeAdmin.size()): null

2023-10-04 20:47:31 - [TEST_STEP][PASSED] - fee = Fee_Admin.replace(",", ""): null

2023-10-04 20:47:31 - [TEST_STEP][PASSED] - fee_adminn = Integer.parseInt(fee): null

2023-10-04 20:47:31 - [TEST_STEP][PASSED] - println(fee_adminn): null

2023-10-04 20:47:31 - [TEST_STEP][PASSED] - Subtotal = getText(findTestObject("pembayaran/subtotal")): Text of object 'Object Repository/pembayaran/subtotal' is: 'Rp 1,299'

2023-10-04 20:47:32 - [MESSAGE][PASSED] - Text of object 'Object Repository/pembayaran/subtotal' is: 'Rp 1,299'

2023-10-04 20:47:32 - [TEST_STEP][PASSED] - sub_total = Subtotal.substring(3, Subtotal.size()): null

2023-10-04 20:47:32 - [TEST_STEP][PASSED] - sub = sub_total.replace(",", ""): null

2023-10-04 20:47:32 - [TEST_STEP][PASSED] - sub_totall = Integer.parseInt(sub): null

2023-10-04 20:47:32 - [TEST_STEP][PASSED] - println(sub_totall): null

2023-10-04 20:47:32 - [TEST_STEP][PASSED] - unik = getText(findTestObject("pembayaran/kode unik")): Text of object 'Object Repository/pembayaran/kode unik' is: '+720'

2023-10-04 20:47:32 - [MESSAGE][PASSED] - Text of object 'Object Repository/pembayaran/kode unik' is: '+720'

2023-10-04 20:47:32 - [TEST_STEP][PASSED] - unikk = unik.replace("+", ""): null

2023-10-04 20:47:32 - [TEST_STEP][PASSED] - kode_unik = Integer.parseInt(unikk): null

2023-10-04 20:47:32 - [TEST_STEP][PASSED] - println(kode_unik): null

2023-10-04 20:47:32 - [TEST_STEP][PASSED] - Total = getText(findTestObject("pembayaran/total")): Text of object 'Object Repository/pembayaran/total' is: '8,519'

2023-10-04 20:47:33 - [MESSAGE][PASSED] - Text of object 'Object Repository/pembayaran/total' is: '8,519'

2023-10-04 20:47:33 - [TEST_STEP][PASSED] - total = Total.replace(",", ""): null

2023-10-04 20:47:33 - [TEST_STEP][PASSED] - totalll = Integer.parseInt(total): null

2023-10-04 20:47:33 - [TEST_STEP][PASSED] - println(totalll): null

2023-10-04 20:47:33 - [TEST_STEP][PASSED] - Total_Hargaa = Ongkos_kirimm + fee_adminn + sub_totall + kode_unik: null

2023-10-04 20:47:33 - [TEST_STEP][PASSED] - println(Total_Hargaa): null

2023-10-04 20:47:33 - [TEST_STEP][PASSED] - assert totalll == Total_Hargaa: null

2023-10-04 20:47:33 - [TEST_STEP][PASSED] - data.put("total", Total): null

2023-10-04 20:47:33 - [TEST_STEP][PASSED] - data.put("nama", NamaPemesan): null

2023-10-04 20:47:33 - [TEST_STEP][PASSED] - return data: null

2023-10-04 20:47:33 - [MESSAGE][PASSED] - Call Test Case 'Test Cases/T13 Pembelian, Shipment dan Pembayaran/PBY-001' successfully

2023-10-04 20:47:33 - [TEST_STEP][PASSED] - inv = data.get("invoice"): null

2023-10-04 20:47:33 - [TEST_STEP][PASSED] - Total = data.get("total"): null

2023-10-04 20:47:33 - [TEST_STEP][PASSED] - NamaPemesan = data.get("nama"): null

2023-10-04 20:47:33 - [TEST_STEP][PASSED] - click(findTestObject("Konfirmasi pesanan shop/Menu Shop")): Object: 'Object Repository/Konfirmasi pesanan shop/Menu Shop' is clicked on

2023-10-04 20:47:34 - [MESSAGE][PASSED] - Object: 'Object Repository/Konfirmasi pesanan shop/Menu Shop' is clicked on

2023-10-04 20:47:34 - [TEST_STEP][PASSED] - click(findTestObject("Konfirmasi pesanan shop/Menu Shop")): Object: 'Object Repository/Konfirmasi pesanan shop/Menu Shop' is clicked on

2023-10-04 20:47:35 - [MESSAGE][PASSED] - Object: 'Object Repository/Konfirmasi pesanan shop/Menu Shop' is clicked on

2023-10-04 20:47:35 - [TEST_STEP][PASSED] - click(findTestObject("Konfirmasi pesanan shop/Konfirmasi Orders")): Object: 'Object Repository/Konfirmasi pesanan shop/Konfirmasi Orders' is clicked on

2023-10-04 20:47:35 - [MESSAGE][PASSED] - Object: 'Object Repository/Konfirmasi pesanan shop/Konfirmasi Orders' is clicked on

2023-10-04 20:47:35 - [TEST_STEP][PASSED] - verifyElementPresent(findTestObject("Konfirmasi pesanan shop/Tittle Konfirmasi Pesanan"), 0): Object 'Object Repository/Konfirmasi pesanan shop/Tittle Konfirmasi Pesanan' is present

2023-10-04 20:47:36 - [MESSAGE][WARNING] - Timeout '0' is invalid. Using default page load timeout: '30'

2023-10-04 20:47:36 - [MESSAGE][PASSED] - Object 'Object Repository/Konfirmasi pesanan shop/Tittle Konfirmasi Pesanan' is present

2023-10-04 20:47:36 - [TEST_STEP][PASSED] - setText(findTestObject("Konfirmasi pesanan shop/input_No Pesanan"), inv): Text 'TRX60.20231004204720' is set on object 'Object Repository/Konfirmasi pesanan shop/input_No Pesanan'

2023-10-04 20:47:37 - [MESSAGE][PASSED] - Text 'TRX60.20231004204720' is set on object 'Object Repository/Konfirmasi pesanan shop/input_No Pesanan'

2023-10-04 20:47:37 - [TEST_STEP][PASSED] - setText(findTestObject("Konfirmasi pesanan shop/input_Alamat E-mai"), "irfan@gmail.com"): Text 'irfan@gmail.com' is set on object 'Object Repository/Konfirmasi pesanan shop/input_Alamat E-mai'

2023-10-04 20:47:37 - [MESSAGE][PASSED] - Text 'irfan@gmail.com' is set on object 'Object Repository/Konfirmasi pesanan shop/input_Alamat E-mai'

2023-10-04 20:47:37 - [TEST_STEP][PASSED] - click(findTestObject("Konfirmasi pesanan shop/button_Submit")): Object: 'Object Repository/Konfirmasi pesanan shop/button_Submit' is clicked on

2023-10-04 20:47:38 - [MESSAGE][PASSED] - Object: 'Object Repository/Konfirmasi pesanan shop/button_Submit' is clicked on

2023-10-04 20:47:38 - [TEST_STEP][PASSED] - verifyElementPresent(findTestObject("Konfirmasi pesanan shop/Tittle nomor invoice"), 0): Object 'Object Repository/Konfirmasi pesanan shop/Tittle nomor invoice' is present

2023-10-04 20:47:38 - [MESSAGE][WARNING] - Timeout '0' is invalid. Using default page load timeout: '30'

2023-10-04 20:47:39 - [MESSAGE][PASSED] - Object 'Object Repository/Konfirmasi pesanan shop/Tittle nomor invoice' is present

2023-10-04 20:47:39 - [TEST_STEP][PASSED] - setText(findTestObject("Konfirmasi pesanan shop/input_Total TagihanTransfer_b"), Total): Text '8,519' is set on object 'Object Repository/Konfirmasi pesanan shop/input_Total TagihanTransfer_b'

2023-10-04 20:47:39 - [MESSAGE][PASSED] - Text '8,519' is set on object 'Object Repository/Konfirmasi pesanan shop/input_Total TagihanTransfer_b'

2023-10-04 20:47:39 - [TEST_STEP][PASSED] - selectOptionByValue(findTestObject("Konfirmasi pesanan shop/select_Bank"), "4", false): All options with value '4' are selected in object 'Object Repository/Konfirmasi pesanan shop/select_Bank' 

2023-10-04 20:47:40 - [MESSAGE][PASSED] - All options with value '4' are selected in object 'Object Repository/Konfirmasi pesanan shop/select_Bank' 

2023-10-04 20:47:40 - [TEST_STEP][PASSED] - setText(findTestObject("Konfirmasi pesanan shop/input_Nama Pengirim_d"), NamaPemesan): Text 'irfan.afandi' is set on object 'Object Repository/Konfirmasi pesanan shop/input_Nama Pengirim_d'

2023-10-04 20:47:41 - [MESSAGE][PASSED] - Text 'irfan.afandi' is set on object 'Object Repository/Konfirmasi pesanan shop/input_Nama Pengirim_d'

2023-10-04 20:47:41 - [TEST_STEP][PASSED] - uploadFile(findTestObject("keranjang/konfirmasi/input_Upload Bukti Transfer_f"), "C:\Users\IRFAN\Downloads\Berkas2.pdf"): File 'C:\Users\IRFAN\Downloads\Berkas2.pdf' sent to object: 'Object Repository/keranjang/konfirmasi/input_Upload Bukti Transfer_f'

2023-10-04 20:47:41 - [MESSAGE][PASSED] - File 'C:\Users\IRFAN\Downloads\Berkas2.pdf' sent to object: 'Object Repository/keranjang/konfirmasi/input_Upload Bukti Transfer_f'

2023-10-04 20:47:41 - [TEST_STEP][PASSED] - click(findTestObject("Konfirmasi pesanan shop/button_Konfirmasi Pembayaran")): Object: 'Object Repository/Konfirmasi pesanan shop/button_Konfirmasi Pembayaran' is clicked on

2023-10-04 20:47:42 - [MESSAGE][PASSED] - Object: 'Object Repository/Konfirmasi pesanan shop/button_Konfirmasi Pembayaran' is clicked on

2023-10-04 20:47:42 - [TEST_STEP][PASSED] - verifyElementPresent(findTestObject("Konfirmasi pesanan shop/Tittle Konfirmasi Pesanan"), 0): Object 'Object Repository/Konfirmasi pesanan shop/Tittle Konfirmasi Pesanan' is present

2023-10-04 20:47:42 - [MESSAGE][WARNING] - Timeout '0' is invalid. Using default page load timeout: '30'

2023-10-04 20:47:43 - [MESSAGE][PASSED] - Object 'Object Repository/Konfirmasi pesanan shop/Tittle Konfirmasi Pesanan' is present

2023-10-04 20:47:43 - [TEST_STEP][PASSED] - verifyElementPresent(findTestObject("Konfirmasi pesanan shop/Tittle massage succes Konfirmasi Pembayaran Pesanan"), 0): Object 'Object Repository/Konfirmasi pesanan shop/Tittle massage succes Konfirmasi Pembayaran Pesanan' is present

2023-10-04 20:47:43 - [MESSAGE][WARNING] - Timeout '0' is invalid. Using default page load timeout: '30'

2023-10-04 20:47:43 - [MESSAGE][PASSED] - Object 'Object Repository/Konfirmasi pesanan shop/Tittle massage succes Konfirmasi Pembayaran Pesanan' is present

2023-10-04 20:47:43 - [TEST_STEP][PASSED] - return data: null

2023-10-04 20:47:43 - [MESSAGE][PASSED] - Call Test Case 'Test Cases/T13 Pembelian, Shipment dan Pembayaran/PBY-004' successfully

2023-10-04 20:47:43 - [TEST_STEP][PASSED] - navigateToUrl("https://10.9.2.63/ecommerce/administrator/"): Navigate to 'https://10.9.2.63/ecommerce/administrator/' successfully

2023-10-04 20:47:44 - [MESSAGE][PASSED] - Navigate to 'https://10.9.2.63/ecommerce/administrator/' successfully

2023-10-04 20:47:44 - [TEST_STEP][PASSED] - verifyElementPresent(findTestObject("admin/Tittle ADMIN Login"), 0): Object 'Object Repository/admin/Tittle ADMIN Login' is present

2023-10-04 20:47:44 - [MESSAGE][WARNING] - Timeout '0' is invalid. Using default page load timeout: '30'

2023-10-04 20:47:44 - [MESSAGE][PASSED] - Object 'Object Repository/admin/Tittle ADMIN Login' is present

2023-10-04 20:47:44 - [TEST_STEP][PASSED] - setText(findTestObject("admin/Username"), "admin"): Text 'admin' is set on object 'Object Repository/admin/Username'

2023-10-04 20:47:45 - [MESSAGE][PASSED] - Text 'admin' is set on object 'Object Repository/admin/Username'

2023-10-04 20:47:45 - [TEST_STEP][PASSED] - setText(findTestObject("admin/Password"), "123admin123"): Text '123admin123' is set on object 'Object Repository/admin/Password'

2023-10-04 20:47:45 - [MESSAGE][PASSED] - Text '123admin123' is set on object 'Object Repository/admin/Password'

2023-10-04 20:47:45 - [TEST_STEP][PASSED] - click(findTestObject("admin/Remember Me")): Object: 'Object Repository/admin/Remember Me' is clicked on

2023-10-04 20:47:46 - [MESSAGE][PASSED] - Object: 'Object Repository/admin/Remember Me' is clicked on

2023-10-04 20:47:46 - [TEST_STEP][PASSED] - delay(10): Delayed 10 second(s)

2023-10-04 20:47:56 - [MESSAGE][PASSED] - Delayed 10 second(s)

2023-10-04 20:47:56 - [TEST_STEP][PASSED] - click(findTestObject("admin/buttom submit")): Object: 'Object Repository/admin/buttom submit' is clicked on

2023-10-04 20:47:58 - [MESSAGE][PASSED] - Object: 'Object Repository/admin/buttom submit' is clicked on

2023-10-04 20:47:58 - [TEST_STEP][PASSED] - verifyElementPresent(findTestObject("admin/Konf order konsumen/Tittle Dashboard"), 0): Object 'Object Repository/admin/Konf order konsumen/Tittle Dashboard' is present

2023-10-04 20:47:58 - [MESSAGE][WARNING] - Timeout '0' is invalid. Using default page load timeout: '30'

2023-10-04 20:48:05 - [MESSAGE][PASSED] - Object 'Object Repository/admin/Konf order konsumen/Tittle Dashboard' is present

2023-10-04 20:48:05 - [TEST_STEP][PASSED] - click(findTestObject("admin/Konf order konsumen/Menu Transaksi Market")): Object: 'Object Repository/admin/Konf order konsumen/Menu Transaksi Market' is clicked on

2023-10-04 20:48:06 - [MESSAGE][PASSED] - Object: 'Object Repository/admin/Konf order konsumen/Menu Transaksi Market' is clicked on

2023-10-04 20:48:06 - [TEST_STEP][PASSED] - click(findTestObject("admin/Konf order konsumen/Menu Konf. Order Konsumen")): Object: 'Object Repository/admin/Konf order konsumen/Menu Konf. Order Konsumen' is clicked on

2023-10-04 20:48:07 - [MESSAGE][PASSED] - Object: 'Object Repository/admin/Konf order konsumen/Menu Konf. Order Konsumen' is clicked on

2023-10-04 20:48:07 - [TEST_STEP][PASSED] - verifyElementPresent(findTestObject("admin/Konf order konsumen/Tittle Data Konfirmasi Pembayaran Konsumen"), 0): Object 'Object Repository/admin/Konf order konsumen/Tittle Data Konfirmasi Pembayaran Konsumen' is present

2023-10-04 20:48:08 - [MESSAGE][WARNING] - Timeout '0' is invalid. Using default page load timeout: '30'

2023-10-04 20:48:15 - [MESSAGE][PASSED] - Object 'Object Repository/admin/Konf order konsumen/Tittle Data Konfirmasi Pembayaran Konsumen' is present

2023-10-04 20:48:15 - [TEST_STEP][PASSED] - inv = data.get("invoice"): null

2023-10-04 20:48:15 - [TEST_STEP][PASSED] - setText(findTestObject("admin/Konf order konsumen/Search"), inv): Text 'TRX60.20231004204720' is set on object 'Object Repository/admin/Konf order konsumen/Search'

2023-10-04 20:48:17 - [MESSAGE][PASSED] - Text 'TRX60.20231004204720' is set on object 'Object Repository/admin/Konf order konsumen/Search'

2023-10-04 20:48:17 - [TEST_STEP][PASSED] - verifyElementText(findTestObject("admin/Konf order konsumen/Keterangan Lunas"), "Lunas"): Actual text and expected text of test object 'Object Repository/admin/Konf order konsumen/Keterangan Lunas' are matched.

2023-10-04 20:48:17 - [MESSAGE][PASSED] - Actual text and expected text of test object 'Object Repository/admin/Konf order konsumen/Keterangan Lunas' are matched.

2023-10-04 20:48:17 - [TEST_STEP][PASSED] - return data: null

2023-10-04 20:48:17 - [MESSAGE][PASSED] - Call Test Case 'Test Cases/T13 Pembelian, Shipment dan Pembayaran/PBYA-001' successfully

2023-10-04 20:48:17 - [TEST_STEP][PASSED] - click(findTestObject("admin/Penjualan ke konsumen/buttom Dashboard")): Object: 'Object Repository/admin/Penjualan ke konsumen/buttom Dashboard' is clicked on

2023-10-04 20:48:18 - [MESSAGE][PASSED] - Object: 'Object Repository/admin/Penjualan ke konsumen/buttom Dashboard' is clicked on

2023-10-04 20:48:18 - [TEST_STEP][PASSED] - click(findTestObject("admin/Konf order konsumen/Menu Transaksi Market")): Object: 'Object Repository/admin/Konf order konsumen/Menu Transaksi Market' is clicked on

2023-10-04 20:48:22 - [MESSAGE][PASSED] - Object: 'Object Repository/admin/Konf order konsumen/Menu Transaksi Market' is clicked on

2023-10-04 20:48:22 - [TEST_STEP][PASSED] - click(findTestObject("admin/Penjualan ke konsumen/a_Penjualan ke Konsumen")): Object: 'Object Repository/admin/Penjualan ke konsumen/a_Penjualan ke Konsumen' is clicked on

2023-10-04 20:48:24 - [MESSAGE][PASSED] - Object: 'Object Repository/admin/Penjualan ke konsumen/a_Penjualan ke Konsumen' is clicked on

2023-10-04 20:48:24 - [TEST_STEP][PASSED] - verifyElementPresent(findTestObject("admin/Tittle Data Transaksi Penjualan  Orderan Konsumen"), 0): Object 'Object Repository/admin/Tittle Data Transaksi Penjualan  Orderan Konsumen' is present

2023-10-04 20:48:24 - [MESSAGE][WARNING] - Timeout '0' is invalid. Using default page load timeout: '30'

2023-10-04 20:48:29 - [MESSAGE][PASSED] - Object 'Object Repository/admin/Tittle Data Transaksi Penjualan  Orderan Konsumen' is present

2023-10-04 20:48:29 - [TEST_STEP][PASSED] - return data: null

2023-10-04 20:48:29 - [MESSAGE][PASSED] - Call Test Case 'Test Cases/T13 Pembelian, Shipment dan Pembayaran/SA-001' successfully

2023-10-04 20:48:29 - [TEST_STEP][PASSED] - inv = data.get("invoice"): null

2023-10-04 20:48:29 - [TEST_STEP][PASSED] - setText(findTestObject("admin/Penjualan ke konsumen/Search"), inv): Text 'TRX60.20231004204720' is set on object 'Object Repository/admin/Penjualan ke konsumen/Search'

2023-10-04 20:48:30 - [MESSAGE][PASSED] - Text 'TRX60.20231004204720' is set on object 'Object Repository/admin/Penjualan ke konsumen/Search'

2023-10-04 20:48:30 - [TEST_STEP][PASSED] - click(findTestObject("admin/Penjualan ke konsumen/buttom konfirmasi pending payment")): Object: 'Object Repository/admin/Penjualan ke konsumen/buttom konfirmasi pending payment' is clicked on

2023-10-04 20:48:31 - [MESSAGE][PASSED] - Object: 'Object Repository/admin/Penjualan ke konsumen/buttom konfirmasi pending payment' is clicked on

2023-10-04 20:48:31 - [TEST_STEP][PASSED] - acceptAlert(STOP_ON_FAILURE): Alert accepted

2023-10-04 20:48:31 - [MESSAGE][PASSED] - Alert accepted

2023-10-04 20:48:31 - [TEST_STEP][PASSED] - setText(findTestObject("admin/Penjualan ke konsumen/Search"), inv): Text 'TRX60.20231004204720' is set on object 'Object Repository/admin/Penjualan ke konsumen/Search'

2023-10-04 20:48:32 - [MESSAGE][PASSED] - Text 'TRX60.20231004204720' is set on object 'Object Repository/admin/Penjualan ke konsumen/Search'

2023-10-04 20:48:32 - [TEST_STEP][PASSED] - verifyTextNotPresent("pending payment", false): Text 'pending payment' is not present on page

2023-10-04 20:48:33 - [MESSAGE][PASSED] - Text 'pending payment' is not present on page

2023-10-04 20:48:33 - [TEST_STEP][PASSED] - return data: null

2023-10-04 20:48:33 - [MESSAGE][PASSED] - Call Test Case 'Test Cases/T13 Pembelian, Shipment dan Pembayaran/SA-002' successfully

2023-10-04 20:48:33 - [TEST_STEP][PASSED] - click(findTestObject("admin/Penjualan ke konsumen/buttom scroldown")): Object: 'Object Repository/admin/Penjualan ke konsumen/buttom scroldown' is clicked on

2023-10-04 20:48:33 - [MESSAGE][PASSED] - Object: 'Object Repository/admin/Penjualan ke konsumen/buttom scroldown' is clicked on

2023-10-04 20:48:33 - [TEST_STEP][PASSED] - click(findTestObject("admin/Penjualan ke konsumen/Selesai")): Object: 'Object Repository/admin/Penjualan ke konsumen/Selesai' is clicked on

2023-10-04 20:48:34 - [MESSAGE][PASSED] - Object: 'Object Repository/admin/Penjualan ke konsumen/Selesai' is clicked on

2023-10-04 20:48:34 - [TEST_STEP][PASSED] - acceptAlert(): Alert accepted

2023-10-04 20:48:34 - [MESSAGE][PASSED] - Alert accepted

2023-10-04 20:48:34 - [TEST_STEP][PASSED] - inv = data.get("invoice"): null

2023-10-04 20:48:34 - [TEST_STEP][PASSED] - setText(findTestObject("admin/Penjualan ke konsumen/Search"), inv): Text 'TRX60.20231004204720' is set on object 'Object Repository/admin/Penjualan ke konsumen/Search'

2023-10-04 20:48:34 - [MESSAGE][PASSED] - Text 'TRX60.20231004204720' is set on object 'Object Repository/admin/Penjualan ke konsumen/Search'

2023-10-04 20:48:34 - [TEST_STEP][PASSED] - delay(10): Delayed 10 second(s)

2023-10-04 20:48:44 - [MESSAGE][PASSED] - Delayed 10 second(s)

2023-10-04 20:48:44 - [TEST_STEP][PASSED] - verifyTextPresent("Selesai", false): Text 'Selesai' is present on page 

2023-10-04 20:48:45 - [MESSAGE][PASSED] - Text 'Selesai' is present on page 

2023-10-04 20:48:45 - [TEST_STEP][PASSED] - selesaiAdmin = getText(findTestObject("admin/Selesai")): Text of object 'Object Repository/admin/Selesai' is: 'Selesai'

2023-10-04 20:48:45 - [MESSAGE][PASSED] - Text of object 'Object Repository/admin/Selesai' is: 'Selesai'

2023-10-04 20:48:45 - [TEST_STEP][PASSED] - data.put("statusSelesai", selesaiAdmin): null

2023-10-04 20:48:45 - [TEST_STEP][PASSED] - return data: null

2023-10-04 20:48:45 - [MESSAGE][PASSED] - Call Test Case 'Test Cases/T13 Pembelian, Shipment dan Pembayaran/SA-005' successfully

2023-10-04 20:48:45 - [TEST_STEP][PASSED] - openBrowser("https://10.9.2.63/ecommerce/"): Browser is opened with url: 'https://10.9.2.63/ecommerce/'

2023-10-04 20:48:45 - [MESSAGE][WARNING] - A browser is already opened. Closing browser and opening a new one

2023-10-04 20:48:48 - [MESSAGE][INFO] - Starting 'Firefox' driver

2023-10-04 20:48:48 - [MESSAGE][INFO] - User set preference: ['args', '[--disable-notifications]']

2023-10-04 20:48:48 - [MESSAGE][INFO] - Action delay is set to 0 milliseconds

2023-10-04 20:48:54 - [MESSAGE][PASSED] - Browser is opened with url: 'https://10.9.2.63/ecommerce/'

2023-10-04 20:48:54 - [TEST_STEP][PASSED] - maximizeWindow(): Current window maximized

2023-10-04 20:48:54 - [MESSAGE][PASSED] - Current window maximized

2023-10-04 20:48:54 - [TEST_STEP][PASSED] - verifyElementPresent(findTestObject("Login/Home"), 0): Object 'Object Repository/Login/Home' is present

2023-10-04 20:48:54 - [MESSAGE][WARNING] - Timeout '0' is invalid. Using default page load timeout: '30'

2023-10-04 20:48:54 - [MESSAGE][PASSED] - Object 'Object Repository/Login/Home' is present

2023-10-04 20:48:54 - [TEST_STEP][PASSED] - click(findTestObject("Login/a_Login")): Object: 'Object Repository/Login/a_Login' is clicked on

2023-10-04 20:48:55 - [MESSAGE][PASSED] - Object: 'Object Repository/Login/a_Login' is clicked on

2023-10-04 20:48:55 - [TEST_STEP][PASSED] - verifyElementPresent(findTestObject("Login/Tittle Login"), 0): Object 'Object Repository/Login/Tittle Login' is present

2023-10-04 20:48:55 - [MESSAGE][WARNING] - Timeout '0' is invalid. Using default page load timeout: '30'

2023-10-04 20:48:55 - [MESSAGE][PASSED] - Object 'Object Repository/Login/Tittle Login' is present

2023-10-04 20:48:55 - [TEST_STEP][PASSED] - setText(findTestObject("Login/input_Username, Email atau No. Handphone_a"), "irfanafandi"): Text 'irfanafandi' is set on object 'Object Repository/Login/input_Username, Email atau No. Handphone_a'

2023-10-04 20:48:56 - [MESSAGE][PASSED] - Text 'irfanafandi' is set on object 'Object Repository/Login/input_Username, Email atau No. Handphone_a'

2023-10-04 20:48:56 - [TEST_STEP][PASSED] - setText(findTestObject("Login/input_Password_b"), "12345irfan"): Text '12345irfan' is set on object 'Object Repository/Login/input_Password_b'

2023-10-04 20:48:57 - [MESSAGE][PASSED] - Text '12345irfan' is set on object 'Object Repository/Login/input_Password_b'

2023-10-04 20:48:57 - [TEST_STEP][PASSED] - click(findTestObject("Login/button_Masuk")): Object: 'Object Repository/Login/button_Masuk' is clicked on

2023-10-04 20:48:58 - [MESSAGE][PASSED] - Object: 'Object Repository/Login/button_Masuk' is clicked on

2023-10-04 20:48:58 - [TEST_STEP][PASSED] - verifyElementPresent(findTestObject("Login/li_Profile"), 0): Object 'Object Repository/Login/li_Profile' is present

2023-10-04 20:48:58 - [MESSAGE][WARNING] - Timeout '0' is invalid. Using default page load timeout: '30'

2023-10-04 20:48:58 - [MESSAGE][PASSED] - Object 'Object Repository/Login/li_Profile' is present

2023-10-04 20:48:58 - [TEST_STEP][PASSED] - click(findTestObject("Konfirmasi pesanan shop/Menu Shop")): Object: 'Object Repository/Konfirmasi pesanan shop/Menu Shop' is clicked on

2023-10-04 20:49:00 - [MESSAGE][PASSED] - Object: 'Object Repository/Konfirmasi pesanan shop/Menu Shop' is clicked on

2023-10-04 20:49:00 - [TEST_STEP][PASSED] - click(findTestObject("Konfirmasi pesanan shop/Menu Shop")): Object: 'Object Repository/Konfirmasi pesanan shop/Menu Shop' is clicked on

2023-10-04 20:49:01 - [MESSAGE][PASSED] - Object: 'Object Repository/Konfirmasi pesanan shop/Menu Shop' is clicked on

2023-10-04 20:49:01 - [TEST_STEP][PASSED] - click(findTestObject("Traking Order/a_Tracking Orders")): Object: 'Object Repository/Traking Order/a_Tracking Orders' is clicked on

2023-10-04 20:49:01 - [MESSAGE][PASSED] - Object: 'Object Repository/Traking Order/a_Tracking Orders' is clicked on

2023-10-04 20:49:01 - [TEST_STEP][PASSED] - verifyElementPresent(findTestObject("Traking Order/Tittle Tracking Order"), 0): Object 'Object Repository/Traking Order/Tittle Tracking Order' is present

2023-10-04 20:49:02 - [MESSAGE][WARNING] - Timeout '0' is invalid. Using default page load timeout: '30'

2023-10-04 20:49:02 - [MESSAGE][PASSED] - Object 'Object Repository/Traking Order/Tittle Tracking Order' is present

2023-10-04 20:49:02 - [TEST_STEP][PASSED] - inv = data.get("invoice"): null

2023-10-04 20:49:02 - [TEST_STEP][PASSED] - clearText(findTestObject("Traking Order/input_No Pesanan_a"), STOP_ON_FAILURE): Text of object 'Object Repository/Traking Order/input_No Pesanan_a' is cleared

2023-10-04 20:49:02 - [MESSAGE][PASSED] - Text of object 'Object Repository/Traking Order/input_No Pesanan_a' is cleared

2023-10-04 20:49:02 - [TEST_STEP][PASSED] - clearText(findTestObject("Traking Order/input_Alamat E-mail_form-control"), STOP_ON_FAILURE): Text of object 'Object Repository/Traking Order/input_Alamat E-mail_form-control' is cleared

2023-10-04 20:49:03 - [MESSAGE][PASSED] - Text of object 'Object Repository/Traking Order/input_Alamat E-mail_form-control' is cleared

2023-10-04 20:49:03 - [TEST_STEP][PASSED] - click(findTestObject("Traking Order/button_Lacak Pesanan")): Object: 'Object Repository/Traking Order/button_Lacak Pesanan' is clicked on

2023-10-04 20:49:03 - [MESSAGE][PASSED] - Object: 'Object Repository/Traking Order/button_Lacak Pesanan' is clicked on

2023-10-04 20:49:03 - [TEST_STEP][PASSED] - webDriver = getWebDriver(): null

2023-10-04 20:49:03 - [TEST_STEP][PASSED] - field_tracking = webDriver.findElement(By.xpath("(//input[@name="a"])[3]")): null

2023-10-04 20:49:04 - [TEST_STEP][PASSED] - error_message = webDriver.executeScript("return arguments[0].validationMessage", field_tracking): null

2023-10-04 20:49:04 - [TEST_STEP][PASSED] - println(error_message): null

2023-10-04 20:49:04 - [TEST_STEP][PASSED] - assert error_message == "Please fill out this field.": null]]></system-out>
         <system-err><![CDATA[]]></system-err>
      </testcase>
      <testcase name="Test Cases/T13 Pembelian, Shipment dan Pembayaran/SU-007" time="141.459" classname="Test Cases/T13 Pembelian, Shipment dan Pembayaran/SU-007" status="FAILED">
         <failure type="FAILED" message="Test Cases/T13 Pembelian, Shipment dan Pembayaran/SU-007 FAILED.
Reason:
com.kms.katalon.core.exception.StepFailedException: Unable to verify text 'Email not valid' is present 
	at com.kms.katalon.core.webui.keyword.internal.WebUIKeywordMain.stepFailed(WebUIKeywordMain.groovy:64)
	at com.kms.katalon.core.webui.keyword.internal.WebUIKeywordMain.runKeyword(WebUIKeywordMain.groovy:26)
	at com.kms.katalon.core.webui.keyword.builtin.VerifyTextPresentKeyword.verifyTextPresent(VerifyTextPresentKeyword.groovy:83)
	at com.kms.katalon.core.webui.keyword.builtin.VerifyTextPresentKeyword.execute(VerifyTextPresentKeyword.groovy:68)
	at com.kms.katalon.core.keyword.internal.KeywordExecutor.executeKeywordForPlatform(KeywordExecutor.groovy:74)
	at com.kms.katalon.core.webui.keyword.WebUiBuiltInKeywords.verifyTextPresent(WebUiBuiltInKeywords.groovy:1723)
	at com.kms.katalon.core.webui.keyword.WebUiBuiltInKeywords$verifyTextPresent$7.call(Unknown Source)
	at SU-007.run(SU-007:60)
	at com.kms.katalon.core.main.ScriptEngine.run(ScriptEngine.java:194)
	at com.kms.katalon.core.main.ScriptEngine.runScriptAsRawText(ScriptEngine.java:119)
	at com.kms.katalon.core.main.TestCaseExecutor.runScript(TestCaseExecutor.java:448)
	at com.kms.katalon.core.main.TestCaseExecutor.doExecute(TestCaseExecutor.java:439)
	at com.kms.katalon.core.main.TestCaseExecutor.processExecutionPhase(TestCaseExecutor.java:418)
	at com.kms.katalon.core.main.TestCaseExecutor.accessMainPhase(TestCaseExecutor.java:410)
	at com.kms.katalon.core.main.TestCaseExecutor.execute(TestCaseExecutor.java:285)
	at com.kms.katalon.core.common.CommonExecutor.accessTestCaseMainPhase(CommonExecutor.java:65)
	at com.kms.katalon.core.main.TestSuiteExecutor.accessTestSuiteMainPhase(TestSuiteExecutor.java:148)
	at com.kms.katalon.core.main.TestSuiteExecutor.execute(TestSuiteExecutor.java:106)
	at com.kms.katalon.core.main.TestCaseMain.startTestSuite(TestCaseMain.java:187)
	at com.kms.katalon.core.main.TestCaseMain$startTestSuite$0.call(Unknown Source)
	at TempTestSuite1696424348948.run(TempTestSuite1696424348948.groovy:36)
Caused by: com.kms.katalon.core.exception.StepFailedException: Text 'Email not valid' is not present on page 
	at com.kms.katalon.core.webui.keyword.internal.WebUIKeywordMain.stepFailed(WebUIKeywordMain.groovy:64)
	at com.kms.katalon.core.webui.keyword.builtin.VerifyTextPresentKeyword$_verifyTextPresent_closure1.doCall(VerifyTextPresentKeyword.groovy:79)
	at com.kms.katalon.core.webui.keyword.builtin.VerifyTextPresentKeyword$_verifyTextPresent_closure1.call(VerifyTextPresentKeyword.groovy)
	at com.kms.katalon.core.webui.keyword.internal.WebUIKeywordMain.runKeyword(WebUIKeywordMain.groovy:20)
	... 19 more
"/>
         <system-out><![CDATA[2023-10-04 20:49:04 - [TEST_CASE][FAILED] - Test Cases/T13 Pembelian, Shipment dan Pembayaran/SU-007: Test Cases/T13 Pembelian, Shipment dan Pembayaran/SU-007 FAILED.
Reason:
com.kms.katalon.core.exception.StepFailedException: Unable to verify text 'Email not valid' is present 
	at com.kms.katalon.core.webui.keyword.internal.WebUIKeywordMain.stepFailed(WebUIKeywordMain.groovy:64)
	at com.kms.katalon.core.webui.keyword.internal.WebUIKeywordMain.runKeyword(WebUIKeywordMain.groovy:26)
	at com.kms.katalon.core.webui.keyword.builtin.VerifyTextPresentKeyword.verifyTextPresent(VerifyTextPresentKeyword.groovy:83)
	at com.kms.katalon.core.webui.keyword.builtin.VerifyTextPresentKeyword.execute(VerifyTextPresentKeyword.groovy:68)
	at com.kms.katalon.core.keyword.internal.KeywordExecutor.executeKeywordForPlatform(KeywordExecutor.groovy:74)
	at com.kms.katalon.core.webui.keyword.WebUiBuiltInKeywords.verifyTextPresent(WebUiBuiltInKeywords.groovy:1723)
	at com.kms.katalon.core.webui.keyword.WebUiBuiltInKeywords$verifyTextPresent$7.call(Unknown Source)
	at SU-007.run(SU-007:60)
	at com.kms.katalon.core.main.ScriptEngine.run(ScriptEngine.java:194)
	at com.kms.katalon.core.main.ScriptEngine.runScriptAsRawText(ScriptEngine.java:119)
	at com.kms.katalon.core.main.TestCaseExecutor.runScript(TestCaseExecutor.java:448)
	at com.kms.katalon.core.main.TestCaseExecutor.doExecute(TestCaseExecutor.java:439)
	at com.kms.katalon.core.main.TestCaseExecutor.processExecutionPhase(TestCaseExecutor.java:418)
	at com.kms.katalon.core.main.TestCaseExecutor.accessMainPhase(TestCaseExecutor.java:410)
	at com.kms.katalon.core.main.TestCaseExecutor.execute(TestCaseExecutor.java:285)
	at com.kms.katalon.core.common.CommonExecutor.accessTestCaseMainPhase(CommonExecutor.java:65)
	at com.kms.katalon.core.main.TestSuiteExecutor.accessTestSuiteMainPhase(TestSuiteExecutor.java:148)
	at com.kms.katalon.core.main.TestSuiteExecutor.execute(TestSuiteExecutor.java:106)
	at com.kms.katalon.core.main.TestCaseMain.startTestSuite(TestCaseMain.java:187)
	at com.kms.katalon.core.main.TestCaseMain$startTestSuite$0.call(Unknown Source)
	at TempTestSuite1696424348948.run(TempTestSuite1696424348948.groovy:36)
Caused by: com.kms.katalon.core.exception.StepFailedException: Text 'Email not valid' is not present on page 
	at com.kms.katalon.core.webui.keyword.internal.WebUIKeywordMain.stepFailed(WebUIKeywordMain.groovy:64)
	at com.kms.katalon.core.webui.keyword.builtin.VerifyTextPresentKeyword$_verifyTextPresent_closure1.doCall(VerifyTextPresentKeyword.groovy:79)
	at com.kms.katalon.core.webui.keyword.builtin.VerifyTextPresentKeyword$_verifyTextPresent_closure1.call(VerifyTextPresentKeyword.groovy)
	at com.kms.katalon.core.webui.keyword.internal.WebUIKeywordMain.runKeyword(WebUIKeywordMain.groovy:20)
	... 19 more


2023-10-04 20:49:05 - [TEST_STEP][PASSED] - data = callTestCase(findTestCase("T13 Pembelian, Shipment dan Pembayaran/SA-005"), [:], STOP_ON_FAILURE): Call Test Case 'Test Cases/T13 Pembelian, Shipment dan Pembayaran/SA-005' successfully

2023-10-04 20:49:05 - [TEST_CASE][PASSED] - Test Cases/T13 Pembelian, Shipment dan Pembayaran/SA-005: Test Cases/T13 Pembelian, Shipment dan Pembayaran/SA-005

2023-10-04 20:49:05 - [TEST_STEP][PASSED] - data = callTestCase(findTestCase("T13 Pembelian, Shipment dan Pembayaran/SA-002"), [:], STOP_ON_FAILURE): Call Test Case 'Test Cases/T13 Pembelian, Shipment dan Pembayaran/SA-002' successfully

2023-10-04 20:49:05 - [TEST_CASE][PASSED] - Test Cases/T13 Pembelian, Shipment dan Pembayaran/SA-002: Test Cases/T13 Pembelian, Shipment dan Pembayaran/SA-002

2023-10-04 20:49:05 - [TEST_STEP][PASSED] - data = callTestCase(findTestCase("T13 Pembelian, Shipment dan Pembayaran/SA-001"), [:], STOP_ON_FAILURE): Call Test Case 'Test Cases/T13 Pembelian, Shipment dan Pembayaran/SA-001' successfully

2023-10-04 20:49:05 - [TEST_CASE][PASSED] - Test Cases/T13 Pembelian, Shipment dan Pembayaran/SA-001: Test Cases/T13 Pembelian, Shipment dan Pembayaran/SA-001

2023-10-04 20:49:05 - [TEST_STEP][PASSED] - data = callTestCase(findTestCase("T13 Pembelian, Shipment dan Pembayaran/PBYA-001"), [:], STOP_ON_FAILURE): Call Test Case 'Test Cases/T13 Pembelian, Shipment dan Pembayaran/PBYA-001' successfully

2023-10-04 20:49:05 - [TEST_CASE][PASSED] - Test Cases/T13 Pembelian, Shipment dan Pembayaran/PBYA-001: Test Cases/T13 Pembelian, Shipment dan Pembayaran/PBYA-001

2023-10-04 20:49:05 - [TEST_STEP][PASSED] - data = callTestCase(findTestCase("T13 Pembelian, Shipment dan Pembayaran/PBY-004"), [:], STOP_ON_FAILURE): Call Test Case 'Test Cases/T13 Pembelian, Shipment dan Pembayaran/PBY-004' successfully

2023-10-04 20:49:05 - [TEST_CASE][PASSED] - Test Cases/T13 Pembelian, Shipment dan Pembayaran/PBY-004: Test Cases/T13 Pembelian, Shipment dan Pembayaran/PBY-004

2023-10-04 20:49:05 - [TEST_STEP][PASSED] - data = callTestCase(findTestCase("T13 Pembelian, Shipment dan Pembayaran/PBY-001"), [:], STOP_ON_FAILURE): Call Test Case 'Test Cases/T13 Pembelian, Shipment dan Pembayaran/PBY-001' successfully

2023-10-04 20:49:05 - [TEST_CASE][PASSED] - Test Cases/T13 Pembelian, Shipment dan Pembayaran/PBY-001: Test Cases/T13 Pembelian, Shipment dan Pembayaran/PBY-001

2023-10-04 20:49:05 - [TEST_STEP][PASSED] - data = callTestCase(findTestCase("T13 Pembelian, Shipment dan Pembayaran/PBL-004"), ["Kurir":"Roda 2"], STOP_ON_FAILURE): Call Test Case 'Test Cases/T13 Pembelian, Shipment dan Pembayaran/PBL-004' successfully

2023-10-04 20:49:05 - [TEST_CASE][PASSED] - Test Cases/T13 Pembelian, Shipment dan Pembayaran/PBL-004: Test Cases/T13 Pembelian, Shipment dan Pembayaran/PBL-004

2023-10-04 20:49:05 - [TEST_STEP][PASSED] - data = callTestCase(findTestCase("T13 Pembelian, Shipment dan Pembayaran/PBL-002"), [:], STOP_ON_FAILURE): Call Test Case 'Test Cases/T13 Pembelian, Shipment dan Pembayaran/PBL-002' successfully

2023-10-04 20:49:05 - [TEST_CASE][PASSED] - Test Cases/T13 Pembelian, Shipment dan Pembayaran/PBL-002: Test Cases/T13 Pembelian, Shipment dan Pembayaran/PBL-002

2023-10-04 20:49:05 - [TEST_STEP][PASSED] - data = callTestCase(findTestCase("T13 Pembelian, Shipment dan Pembayaran/PBL-001"), [:], STOP_ON_FAILURE): Call Test Case 'Test Cases/T13 Pembelian, Shipment dan Pembayaran/PBL-001' successfully

2023-10-04 20:49:05 - [TEST_CASE][PASSED] - Test Cases/T13 Pembelian, Shipment dan Pembayaran/PBL-001: Test Cases/T13 Pembelian, Shipment dan Pembayaran/PBL-001

2023-10-04 20:49:05 - [TEST_STEP][PASSED] - callTestCase(findTestCase("T13 Pembelian, Shipment dan Pembayaran/LU-001"), ["username":"irfanafandi", "password":"12345irfan"], STOP_ON_FAILURE): Call Test Case 'Test Cases/T13 Pembelian, Shipment dan Pembayaran/LU-001' successfully

2023-10-04 20:49:06 - [TEST_CASE][PASSED] - Test Cases/T13 Pembelian, Shipment dan Pembayaran/LU-001: Test Cases/T13 Pembelian, Shipment dan Pembayaran/LU-001

2023-10-04 20:49:06 - [TEST_STEP][PASSED] - openBrowser("https://10.9.2.63/ecommerce/"): Browser is opened with url: 'https://10.9.2.63/ecommerce/'

2023-10-04 20:49:06 - [MESSAGE][WARNING] - A browser is already opened. Closing browser and opening a new one

2023-10-04 20:49:07 - [MESSAGE][INFO] - Starting 'Firefox' driver

2023-10-04 20:49:07 - [MESSAGE][INFO] - User set preference: ['args', '[--disable-notifications]']

2023-10-04 20:49:07 - [MESSAGE][INFO] - Action delay is set to 0 milliseconds

2023-10-04 20:49:13 - [MESSAGE][PASSED] - Browser is opened with url: 'https://10.9.2.63/ecommerce/'

2023-10-04 20:49:13 - [TEST_STEP][PASSED] - maximizeWindow(): Current window maximized

2023-10-04 20:49:13 - [MESSAGE][PASSED] - Current window maximized

2023-10-04 20:49:13 - [TEST_STEP][PASSED] - verifyElementPresent(findTestObject("Login/Home"), 0): Object 'Object Repository/Login/Home' is present

2023-10-04 20:49:13 - [MESSAGE][WARNING] - Timeout '0' is invalid. Using default page load timeout: '30'

2023-10-04 20:49:13 - [MESSAGE][PASSED] - Object 'Object Repository/Login/Home' is present

2023-10-04 20:49:13 - [TEST_STEP][PASSED] - click(findTestObject("Login/a_Login")): Object: 'Object Repository/Login/a_Login' is clicked on

2023-10-04 20:49:14 - [MESSAGE][PASSED] - Object: 'Object Repository/Login/a_Login' is clicked on

2023-10-04 20:49:14 - [TEST_STEP][PASSED] - verifyElementPresent(findTestObject("Login/Tittle Login"), 0): Object 'Object Repository/Login/Tittle Login' is present

2023-10-04 20:49:14 - [MESSAGE][WARNING] - Timeout '0' is invalid. Using default page load timeout: '30'

2023-10-04 20:49:14 - [MESSAGE][PASSED] - Object 'Object Repository/Login/Tittle Login' is present

2023-10-04 20:49:14 - [TEST_STEP][PASSED] - setText(findTestObject("Login/input_Username, Email atau No. Handphone_a"), username): Text 'irfanafandi' is set on object 'Object Repository/Login/input_Username, Email atau No. Handphone_a'

2023-10-04 20:49:15 - [MESSAGE][PASSED] - Text 'irfanafandi' is set on object 'Object Repository/Login/input_Username, Email atau No. Handphone_a'

2023-10-04 20:49:15 - [TEST_STEP][PASSED] - setText(findTestObject("Login/input_Password_b"), password): Text '12345irfan' is set on object 'Object Repository/Login/input_Password_b'

2023-10-04 20:49:16 - [MESSAGE][PASSED] - Text '12345irfan' is set on object 'Object Repository/Login/input_Password_b'

2023-10-04 20:49:16 - [TEST_STEP][PASSED] - click(findTestObject("Login/label_Ingat saya")): Object: 'Object Repository/Login/label_Ingat saya' is clicked on

2023-10-04 20:49:16 - [MESSAGE][PASSED] - Object: 'Object Repository/Login/label_Ingat saya' is clicked on

2023-10-04 20:49:16 - [TEST_STEP][PASSED] - click(findTestObject("Login/button_Masuk")): Object: 'Object Repository/Login/button_Masuk' is clicked on

2023-10-04 20:49:18 - [MESSAGE][PASSED] - Object: 'Object Repository/Login/button_Masuk' is clicked on

2023-10-04 20:49:18 - [TEST_STEP][PASSED] - verifyElementPresent(findTestObject("Login/li_Profile"), 0): Object 'Object Repository/Login/li_Profile' is present

2023-10-04 20:49:18 - [MESSAGE][WARNING] - Timeout '0' is invalid. Using default page load timeout: '30'

2023-10-04 20:49:18 - [MESSAGE][PASSED] - Object 'Object Repository/Login/li_Profile' is present

2023-10-04 20:49:18 - [MESSAGE][PASSED] - Call Test Case 'Test Cases/T13 Pembelian, Shipment dan Pembayaran/LU-001' successfully

2023-10-04 20:49:18 - [TEST_STEP][PASSED] - mouseOver(findTestObject("beli barang/i_Mulai Belanja_icon-menu")): Object: 'Object Repository/beli barang/i_Mulai Belanja_icon-menu' is hovered

2023-10-04 20:49:19 - [MESSAGE][PASSED] - Object: 'Object Repository/beli barang/i_Mulai Belanja_icon-menu' is hovered

2023-10-04 20:49:19 - [TEST_STEP][PASSED] - click(findTestObject("beli barang/a_Fashion  Busana Wanita")): Object: 'Object Repository/beli barang/a_Fashion  Busana Wanita' is clicked on

2023-10-04 20:49:20 - [MESSAGE][PASSED] - Object: 'Object Repository/beli barang/a_Fashion  Busana Wanita' is clicked on

2023-10-04 20:49:20 - [TEST_STEP][PASSED] - NamaSebelum = getText(findTestObject("verifikasi/Nama sebelum")): Text of object 'Object Repository/verifikasi/Nama sebelum' is: ''

2023-10-04 20:49:21 - [MESSAGE][PASSED] - Text of object 'Object Repository/verifikasi/Nama sebelum' is: ''

2023-10-04 20:49:21 - [TEST_STEP][PASSED] - HargaSebelum = getText(findTestObject("verifikasi/Harga sebelum")): Text of object 'Object Repository/verifikasi/Harga sebelum' is: 'Rp 1,299'

2023-10-04 20:49:22 - [MESSAGE][PASSED] - Text of object 'Object Repository/verifikasi/Harga sebelum' is: 'Rp 1,299'

2023-10-04 20:49:22 - [TEST_STEP][PASSED] - mouseOver(findTestObject("beli barang/barang mouse over")): Object: 'Object Repository/beli barang/barang mouse over' is hovered

2023-10-04 20:49:22 - [MESSAGE][PASSED] - Object: 'Object Repository/beli barang/barang mouse over' is hovered

2023-10-04 20:49:22 - [TEST_STEP][PASSED] - click(findTestObject("beli barang/buttom add to cart")): Object: 'Object Repository/beli barang/buttom add to cart' is clicked on

2023-10-04 20:49:24 - [MESSAGE][PASSED] - Object: 'Object Repository/beli barang/buttom add to cart' is clicked on

2023-10-04 20:49:24 - [TEST_STEP][PASSED] - NamaSesudah = getText(findTestObject("verifikasi/Nama sesudah")): Text of object 'Object Repository/verifikasi/Nama sesudah' is: 'Segitiga Instan Madeira - MDB5.3 Sunset'

2023-10-04 20:49:24 - [MESSAGE][PASSED] - Text of object 'Object Repository/verifikasi/Nama sesudah' is: 'Segitiga Instan Madeira - MDB5.3 Sunset'

2023-10-04 20:49:24 - [TEST_STEP][PASSED] - HargaSesudah = getText(findTestObject("verifikasi/Harga sesudah")): Text of object 'Object Repository/verifikasi/Harga sesudah' is: 'Rp 1,299'

2023-10-04 20:49:24 - [MESSAGE][PASSED] - Text of object 'Object Repository/verifikasi/Harga sesudah' is: 'Rp 1,299'

2023-10-04 20:49:24 - [TEST_STEP][PASSED] - assert NamaSesudah.contains(NamaSebelum): null

2023-10-04 20:49:24 - [TEST_STEP][PASSED] - assert HargaSesudah.contains(HargaSebelum): null

2023-10-04 20:49:24 - [TEST_STEP][PASSED] - click(findTestObject("beli barang/Tambah Keranjang busana wanita")): Object: 'Object Repository/beli barang/Tambah Keranjang busana wanita' is clicked on

2023-10-04 20:49:25 - [MESSAGE][PASSED] - Object: 'Object Repository/beli barang/Tambah Keranjang busana wanita' is clicked on

2023-10-04 20:49:25 - [TEST_STEP][PASSED] - verifyElementPresent(findTestObject("checkout/Notifikasi keranjang"), 1): Object 'Object Repository/checkout/Notifikasi keranjang' is present

2023-10-04 20:49:25 - [MESSAGE][PASSED] - Object 'Object Repository/checkout/Notifikasi keranjang' is present

2023-10-04 20:49:25 - [TEST_STEP][PASSED] - data = new java.util.HashMap(): null

2023-10-04 20:49:25 - [TEST_STEP][PASSED] - data.put("nama_barang", NamaSesudah): null

2023-10-04 20:49:25 - [TEST_STEP][PASSED] - data.put("price_barang", HargaSesudah): null

2023-10-04 20:49:25 - [TEST_STEP][PASSED] - return data: null

2023-10-04 20:49:25 - [MESSAGE][PASSED] - Call Test Case 'Test Cases/T13 Pembelian, Shipment dan Pembayaran/PBL-001' successfully

2023-10-04 20:49:25 - [TEST_STEP][PASSED] - mouseOver(findTestObject("beli barang/keranjang")): Object: 'Object Repository/beli barang/keranjang' is hovered

2023-10-04 20:49:26 - [MESSAGE][PASSED] - Object: 'Object Repository/beli barang/keranjang' is hovered

2023-10-04 20:49:26 - [TEST_STEP][PASSED] - click(findTestObject("beli barang/Lihat Sekarang")): Object: 'Object Repository/beli barang/Lihat Sekarang' is clicked on

2023-10-04 20:49:27 - [MESSAGE][PASSED] - Object: 'Object Repository/beli barang/Lihat Sekarang' is clicked on

2023-10-04 20:49:27 - [TEST_STEP][PASSED] - verifyElementPresent(findTestObject("keranjang/li_Keranjang Belanja"), 0): Object 'Object Repository/keranjang/li_Keranjang Belanja' is present

2023-10-04 20:49:27 - [MESSAGE][WARNING] - Timeout '0' is invalid. Using default page load timeout: '30'

2023-10-04 20:49:28 - [MESSAGE][PASSED] - Object 'Object Repository/keranjang/li_Keranjang Belanja' is present

2023-10-04 20:49:28 - [TEST_STEP][PASSED] - NamaKeranjang = getText(findTestObject("verifikasi/Nama keranjang")): Text of object 'Object Repository/verifikasi/Nama keranjang' is: 'Segitiga Instan Madeira - MDB5.3 Sunset'

2023-10-04 20:49:28 - [MESSAGE][PASSED] - Text of object 'Object Repository/verifikasi/Nama keranjang' is: 'Segitiga Instan Madeira - MDB5.3 Sunset'

2023-10-04 20:49:28 - [TEST_STEP][PASSED] - HargaKeranjang = getText(findTestObject("verifikasi/Harga Keranjang")): Text of object 'Object Repository/verifikasi/Harga Keranjang' is: 'Rp 1,299'

2023-10-04 20:49:28 - [MESSAGE][PASSED] - Text of object 'Object Repository/verifikasi/Harga Keranjang' is: 'Rp 1,299'

2023-10-04 20:49:28 - [TEST_STEP][PASSED] - if (toString().equalsIgnoreCase("Merah")): Object 'Object Repository/keranjang/input_Warna_variasi101' is checked

2023-10-04 20:49:28 - [TEST_STEP][PASSED] - check(findTestObject("Object Repository/keranjang/input_Warna_variasi101")): Object 'Object Repository/keranjang/input_Warna_variasi101' is checked

2023-10-04 20:49:29 - [MESSAGE][PASSED] - Object 'Object Repository/keranjang/input_Warna_variasi101' is checked

2023-10-04 20:49:29 - [TEST_STEP][PASSED] - if (toString().equalsIgnoreCase("Menengah")): Object 'Object Repository/keranjang/input_Ukuran_variasi201' is checked

2023-10-04 20:49:29 - [TEST_STEP][PASSED] - check(findTestObject("Object Repository/keranjang/input_Ukuran_variasi201")): Object 'Object Repository/keranjang/input_Ukuran_variasi201' is checked

2023-10-04 20:49:29 - [MESSAGE][PASSED] - Object 'Object Repository/keranjang/input_Ukuran_variasi201' is checked

2023-10-04 20:49:29 - [TEST_STEP][PASSED] - data.put("Warna", warna): null

2023-10-04 20:49:29 - [TEST_STEP][PASSED] - data.put("Ukuran", ukuran): null

2023-10-04 20:49:29 - [TEST_STEP][PASSED] - click(findTestObject("keranjang/button_Lanjut ke Pembayaran")): Object: 'Object Repository/keranjang/button_Lanjut ke Pembayaran' is clicked on

2023-10-04 20:49:30 - [MESSAGE][PASSED] - Object: 'Object Repository/keranjang/button_Lanjut ke Pembayaran' is clicked on

2023-10-04 20:49:30 - [TEST_STEP][PASSED] - verifyElementPresent(findTestObject("checkout/Tittle Checkout Order"), 0): Object 'Object Repository/checkout/Tittle Checkout Order' is present

2023-10-04 20:49:30 - [MESSAGE][WARNING] - Timeout '0' is invalid. Using default page load timeout: '30'

2023-10-04 20:49:31 - [MESSAGE][PASSED] - Object 'Object Repository/checkout/Tittle Checkout Order' is present

2023-10-04 20:49:31 - [TEST_STEP][PASSED] - name_product = data.get("nama_barang"): null

2023-10-04 20:49:31 - [TEST_STEP][PASSED] - price_product = data.get("price_barang"): null

2023-10-04 20:49:31 - [TEST_STEP][PASSED] - assert name_product == NamaKeranjang: null

2023-10-04 20:49:31 - [TEST_STEP][PASSED] - assert price_product == HargaKeranjang: null

2023-10-04 20:49:31 - [TEST_STEP][PASSED] - return data: null

2023-10-04 20:49:31 - [MESSAGE][PASSED] - Call Test Case 'Test Cases/T13 Pembelian, Shipment dan Pembayaran/PBL-002' successfully

2023-10-04 20:49:31 - [TEST_STEP][PASSED] - warnaa = getText(findTestObject("verifikasi/warna Merah")): Text of object 'Object Repository/verifikasi/warna Merah' is: 'Merah'

2023-10-04 20:49:31 - [MESSAGE][PASSED] - Text of object 'Object Repository/verifikasi/warna Merah' is: 'Merah'

2023-10-04 20:49:31 - [TEST_STEP][PASSED] - ukurann = getText(findTestObject("verifikasi/Ukuran Menengah")): Text of object 'Object Repository/verifikasi/Ukuran Menengah' is: 'Menengah'

2023-10-04 20:49:32 - [MESSAGE][PASSED] - Text of object 'Object Repository/verifikasi/Ukuran Menengah' is: 'Menengah'

2023-10-04 20:49:32 - [TEST_STEP][PASSED] - warna1 = data.get("Warna"): null

2023-10-04 20:49:32 - [TEST_STEP][PASSED] - ukuran1 = data.get("Ukuran"): null

2023-10-04 20:49:32 - [TEST_STEP][PASSED] - assert warnaa == warna1: null

2023-10-04 20:49:32 - [TEST_STEP][PASSED] - assert ukurann == ukuran1: null

2023-10-04 20:49:32 - [TEST_STEP][PASSED] - NamaCheckout = getText(findTestObject("verifikasi/NamaCheckout")): Text of object 'Object Repository/verifikasi/NamaCheckout' is: ''

2023-10-04 20:49:32 - [MESSAGE][PASSED] - Text of object 'Object Repository/verifikasi/NamaCheckout' is: ''

2023-10-04 20:49:32 - [TEST_STEP][PASSED] - HargaCheckout = getText(findTestObject("verifikasi/HargaCheckout")): Text of object 'Object Repository/verifikasi/HargaCheckout' is: '1,299'

2023-10-04 20:49:32 - [MESSAGE][PASSED] - Text of object 'Object Repository/verifikasi/HargaCheckout' is: '1,299'

2023-10-04 20:49:32 - [TEST_STEP][PASSED] - name_product = data.get("nama_barang"): null

2023-10-04 20:49:32 - [TEST_STEP][PASSED] - price_product = data.get("price_barang"): null

2023-10-04 20:49:32 - [TEST_STEP][PASSED] - assert name_product.contains(NamaCheckout): null

2023-10-04 20:49:32 - [TEST_STEP][PASSED] - assert price_product.contains(HargaCheckout): null

2023-10-04 20:49:32 - [TEST_STEP][PASSED] - selectOptionByLabel(findTestObject("checkout/select - Kirim via Kurir Lokal"), Kurir, false): All options with label 'Roda 2' are selected in object 'Object Repository/checkout/select - Kirim via Kurir Lokal' 

2023-10-04 20:49:33 - [MESSAGE][PASSED] - All options with label 'Roda 2' are selected in object 'Object Repository/checkout/select - Kirim via Kurir Lokal' 

2023-10-04 20:49:33 - [TEST_STEP][PASSED] - click(findTestObject("checkout/Kendaraan Kurir")): Object: 'Object Repository/checkout/Kendaraan Kurir' is clicked on

2023-10-04 20:49:34 - [MESSAGE][PASSED] - Object: 'Object Repository/checkout/Kendaraan Kurir' is clicked on

2023-10-04 20:49:34 - [TEST_STEP][PASSED] - OngkosKirim = getText(findTestObject("Object Repository/verifikasi/Ongkos Kirim checkout")): Text of object 'Object Repository/verifikasi/Ongkos Kirim checkout' is: 'Rp. 5,000'

2023-10-04 20:49:34 - [MESSAGE][PASSED] - Text of object 'Object Repository/verifikasi/Ongkos Kirim checkout' is: 'Rp. 5,000'

2023-10-04 20:49:34 - [TEST_STEP][PASSED] - Ongkos = OngkosKirim.substring(3, OngkosKirim.size()): null

2023-10-04 20:49:34 - [TEST_STEP][PASSED] - rep = Ongkos.replace(",", "."): null

2023-10-04 20:49:34 - [TEST_STEP][PASSED] - Ongkos_kirim = Double.parseDouble(rep): null

2023-10-04 20:49:34 - [TEST_STEP][PASSED] - println(Ongkos_kirim): null

2023-10-04 20:49:34 - [TEST_STEP][PASSED] - FeeAdmin = getText(findTestObject("verifikasi/Fee Admin checkout")): Text of object 'Object Repository/verifikasi/Fee Admin checkout' is: 'Fee Admin
Rp 1,500'

2023-10-04 20:49:34 - [MESSAGE][PASSED] - Text of object 'Object Repository/verifikasi/Fee Admin checkout' is: 'Fee Admin
Rp 1,500'

2023-10-04 20:49:34 - [TEST_STEP][PASSED] - Fee_Admin = FeeAdmin.substring(12, FeeAdmin.size()): null

2023-10-04 20:49:34 - [TEST_STEP][PASSED] - fee = Fee_Admin.replace(",", "."): null

2023-10-04 20:49:34 - [TEST_STEP][PASSED] - fee_admin = Double.parseDouble(fee): null

2023-10-04 20:49:34 - [TEST_STEP][PASSED] - println(fee_admin): null

2023-10-04 20:49:34 - [TEST_STEP][PASSED] - Subtotal = getText(findTestObject("verifikasi/subtotal checkout")): Text of object 'Object Repository/verifikasi/subtotal checkout' is: 'Subtotal
Rp 1,299'

2023-10-04 20:49:35 - [MESSAGE][PASSED] - Text of object 'Object Repository/verifikasi/subtotal checkout' is: 'Subtotal
Rp 1,299'

2023-10-04 20:49:35 - [TEST_STEP][PASSED] - sub_total = Subtotal.substring(12, Subtotal.size()): null

2023-10-04 20:49:35 - [TEST_STEP][PASSED] - sub = sub_total.replace(",", "."): null

2023-10-04 20:49:35 - [TEST_STEP][PASSED] - sub_total = Double.parseDouble(sub): null

2023-10-04 20:49:35 - [TEST_STEP][PASSED] - println(sub_total): null

2023-10-04 20:49:35 - [TEST_STEP][PASSED] - Total = getText(findTestObject("verifikasi/Total checkout")): Text of object 'Object Repository/verifikasi/Total checkout' is: 'Rp 7,799'

2023-10-04 20:49:35 - [MESSAGE][PASSED] - Text of object 'Object Repository/verifikasi/Total checkout' is: 'Rp 7,799'

2023-10-04 20:49:35 - [TEST_STEP][PASSED] - totall = Total.substring(3, Total.size()): null

2023-10-04 20:49:35 - [TEST_STEP][PASSED] - total = totall.replace(",", "."): null

2023-10-04 20:49:35 - [TEST_STEP][PASSED] - totall = Double.parseDouble(total): null

2023-10-04 20:49:35 - [TEST_STEP][PASSED] - println(totall): null

2023-10-04 20:49:35 - [TEST_STEP][PASSED] - Total_Harga = Ongkos_kirim + fee_admin + sub_total: null

2023-10-04 20:49:35 - [TEST_STEP][PASSED] - println(Total_Harga): null

2023-10-04 20:49:35 - [TEST_STEP][PASSED] - TotalHarga = Math.round(Total_Harga * 1000) / 1000: null

2023-10-04 20:49:35 - [TEST_STEP][PASSED] - println(TotalHarga): null

2023-10-04 20:49:35 - [TEST_STEP][PASSED] - assert totall == TotalHarga: null

2023-10-04 20:49:35 - [TEST_STEP][PASSED] - click(findTestObject("verifikasi/Metode Transfer")): Object: 'Object Repository/verifikasi/Metode Transfer' is clicked on

2023-10-04 20:49:36 - [MESSAGE][PASSED] - Object: 'Object Repository/verifikasi/Metode Transfer' is clicked on

2023-10-04 20:49:36 - [TEST_STEP][PASSED] - click(findTestObject("checkout/button_Proses Pembayaran")): Object: 'Object Repository/checkout/button_Proses Pembayaran' is clicked on

2023-10-04 20:49:42 - [MESSAGE][PASSED] - Object: 'Object Repository/checkout/button_Proses Pembayaran' is clicked on

2023-10-04 20:49:42 - [TEST_STEP][PASSED] - verifyElementPresent(findTestObject("pembayaran/Tittle nomor invoice"), 0): Object 'Object Repository/pembayaran/Tittle nomor invoice' is present

2023-10-04 20:49:42 - [MESSAGE][WARNING] - Timeout '0' is invalid. Using default page load timeout: '30'

2023-10-04 20:49:44 - [MESSAGE][PASSED] - Object 'Object Repository/pembayaran/Tittle nomor invoice' is present

2023-10-04 20:49:44 - [TEST_STEP][PASSED] - return data: null

2023-10-04 20:49:44 - [MESSAGE][PASSED] - Call Test Case 'Test Cases/T13 Pembelian, Shipment dan Pembayaran/PBL-004' successfully

2023-10-04 20:49:44 - [TEST_STEP][PASSED] - Invoice = getText(findTestObject("pembayaran/nomor invoice")): Text of object 'Object Repository/pembayaran/nomor invoice' is: 'TRX60.20231004204938'

2023-10-04 20:49:45 - [MESSAGE][PASSED] - Text of object 'Object Repository/pembayaran/nomor invoice' is: 'TRX60.20231004204938'

2023-10-04 20:49:45 - [TEST_STEP][PASSED] - data.put("invoice", Invoice): null

2023-10-04 20:49:45 - [TEST_STEP][PASSED] - NamaPemesan = getText(findTestObject("Konfirmasi pesanan shop/Nama pemesan")): Text of object 'Object Repository/Konfirmasi pesanan shop/Nama pemesan' is: 'irfan.afandi'

2023-10-04 20:49:45 - [MESSAGE][PASSED] - Text of object 'Object Repository/Konfirmasi pesanan shop/Nama pemesan' is: 'irfan.afandi'

2023-10-04 20:49:45 - [TEST_STEP][PASSED] - Nama = getText(findTestObject("pembayaran/Nama barang")): Text of object 'Object Repository/pembayaran/Nama barang' is: 'Segitiga Instan Madeira - MDB5.3 Sunset'

2023-10-04 20:49:46 - [MESSAGE][PASSED] - Text of object 'Object Repository/pembayaran/Nama barang' is: 'Segitiga Instan Madeira - MDB5.3 Sunset'

2023-10-04 20:49:46 - [TEST_STEP][PASSED] - Harga = getText(findTestObject("pembayaran/Harga barang")): Text of object 'Object Repository/pembayaran/Harga barang' is: '1,299'

2023-10-04 20:49:46 - [MESSAGE][PASSED] - Text of object 'Object Repository/pembayaran/Harga barang' is: '1,299'

2023-10-04 20:49:46 - [TEST_STEP][PASSED] - name_product = data.get("nama_barang"): null

2023-10-04 20:49:46 - [TEST_STEP][PASSED] - price_product = data.get("price_barang"): null

2023-10-04 20:49:46 - [TEST_STEP][PASSED] - assert name_product.contains(Nama): null

2023-10-04 20:49:46 - [TEST_STEP][PASSED] - assert price_product.contains(Harga): null

2023-10-04 20:49:46 - [TEST_STEP][PASSED] - warnaa = getText(findTestObject("pembayaran/warna")): Text of object 'Object Repository/pembayaran/warna' is: 'Merah'

2023-10-04 20:49:46 - [MESSAGE][PASSED] - Text of object 'Object Repository/pembayaran/warna' is: 'Merah'

2023-10-04 20:49:46 - [TEST_STEP][PASSED] - ukurann = getText(findTestObject("pembayaran/ukuran")): Text of object 'Object Repository/pembayaran/ukuran' is: 'Menengah'

2023-10-04 20:49:47 - [MESSAGE][PASSED] - Text of object 'Object Repository/pembayaran/ukuran' is: 'Menengah'

2023-10-04 20:49:47 - [TEST_STEP][PASSED] - warna1 = data.get("Warna"): null

2023-10-04 20:49:47 - [TEST_STEP][PASSED] - ukuran1 = data.get("Ukuran"): null

2023-10-04 20:49:47 - [TEST_STEP][PASSED] - assert warnaa == warna1: null

2023-10-04 20:49:47 - [TEST_STEP][PASSED] - assert ukurann == ukuran1: null

2023-10-04 20:49:47 - [TEST_STEP][PASSED] - statusPembelian = getText(findTestObject("verifikasi/Status pending di pembelian")): Text of object 'Object Repository/verifikasi/Status pending di pembelian' is: 'Pending'

2023-10-04 20:49:47 - [MESSAGE][PASSED] - Text of object 'Object Repository/verifikasi/Status pending di pembelian' is: 'Pending'

2023-10-04 20:49:47 - [TEST_STEP][PASSED] - data.put("statusPem", statusPembelian): null

2023-10-04 20:49:47 - [TEST_STEP][PASSED] - OngkosKirim = getText(findTestObject("pembayaran/ongkos kirim")): Text of object 'Object Repository/pembayaran/ongkos kirim' is: 'Rp 5,000'

2023-10-04 20:49:48 - [MESSAGE][PASSED] - Text of object 'Object Repository/pembayaran/ongkos kirim' is: 'Rp 5,000'

2023-10-04 20:49:48 - [TEST_STEP][PASSED] - Ongkos = OngkosKirim.substring(3, OngkosKirim.size()): null

2023-10-04 20:49:48 - [TEST_STEP][PASSED] - rep = Ongkos.replace(",", ""): null

2023-10-04 20:49:48 - [TEST_STEP][PASSED] - Ongkos_kirimm = Integer.parseInt(rep): null

2023-10-04 20:49:48 - [TEST_STEP][PASSED] - println(Ongkos_kirimm): null

2023-10-04 20:49:48 - [TEST_STEP][PASSED] - FeeAdmin = getText(findTestObject("pembayaran/fee admin")): Text of object 'Object Repository/pembayaran/fee admin' is: 'Rp 1,500'

2023-10-04 20:49:48 - [MESSAGE][PASSED] - Text of object 'Object Repository/pembayaran/fee admin' is: 'Rp 1,500'

2023-10-04 20:49:48 - [TEST_STEP][PASSED] - Fee_Admin = FeeAdmin.substring(3, FeeAdmin.size()): null

2023-10-04 20:49:48 - [TEST_STEP][PASSED] - fee = Fee_Admin.replace(",", ""): null

2023-10-04 20:49:48 - [TEST_STEP][PASSED] - fee_adminn = Integer.parseInt(fee): null

2023-10-04 20:49:48 - [TEST_STEP][PASSED] - println(fee_adminn): null

2023-10-04 20:49:48 - [TEST_STEP][PASSED] - Subtotal = getText(findTestObject("pembayaran/subtotal")): Text of object 'Object Repository/pembayaran/subtotal' is: 'Rp 1,299'

2023-10-04 20:49:49 - [MESSAGE][PASSED] - Text of object 'Object Repository/pembayaran/subtotal' is: 'Rp 1,299'

2023-10-04 20:49:49 - [TEST_STEP][PASSED] - sub_total = Subtotal.substring(3, Subtotal.size()): null

2023-10-04 20:49:49 - [TEST_STEP][PASSED] - sub = sub_total.replace(",", ""): null

2023-10-04 20:49:49 - [TEST_STEP][PASSED] - sub_totall = Integer.parseInt(sub): null

2023-10-04 20:49:49 - [TEST_STEP][PASSED] - println(sub_totall): null

2023-10-04 20:49:49 - [TEST_STEP][PASSED] - unik = getText(findTestObject("pembayaran/kode unik")): Text of object 'Object Repository/pembayaran/kode unik' is: '+938'

2023-10-04 20:49:49 - [MESSAGE][PASSED] - Text of object 'Object Repository/pembayaran/kode unik' is: '+938'

2023-10-04 20:49:49 - [TEST_STEP][PASSED] - unikk = unik.replace("+", ""): null

2023-10-04 20:49:49 - [TEST_STEP][PASSED] - kode_unik = Integer.parseInt(unikk): null

2023-10-04 20:49:49 - [TEST_STEP][PASSED] - println(kode_unik): null

2023-10-04 20:49:49 - [TEST_STEP][PASSED] - Total = getText(findTestObject("pembayaran/total")): Text of object 'Object Repository/pembayaran/total' is: '8,737'

2023-10-04 20:49:50 - [MESSAGE][PASSED] - Text of object 'Object Repository/pembayaran/total' is: '8,737'

2023-10-04 20:49:50 - [TEST_STEP][PASSED] - total = Total.replace(",", ""): null

2023-10-04 20:49:50 - [TEST_STEP][PASSED] - totalll = Integer.parseInt(total): null

2023-10-04 20:49:50 - [TEST_STEP][PASSED] - println(totalll): null

2023-10-04 20:49:50 - [TEST_STEP][PASSED] - Total_Hargaa = Ongkos_kirimm + fee_adminn + sub_totall + kode_unik: null

2023-10-04 20:49:50 - [TEST_STEP][PASSED] - println(Total_Hargaa): null

2023-10-04 20:49:50 - [TEST_STEP][PASSED] - assert totalll == Total_Hargaa: null

2023-10-04 20:49:50 - [TEST_STEP][PASSED] - data.put("total", Total): null

2023-10-04 20:49:50 - [TEST_STEP][PASSED] - data.put("nama", NamaPemesan): null

2023-10-04 20:49:50 - [TEST_STEP][PASSED] - return data: null

2023-10-04 20:49:50 - [MESSAGE][PASSED] - Call Test Case 'Test Cases/T13 Pembelian, Shipment dan Pembayaran/PBY-001' successfully

2023-10-04 20:49:50 - [TEST_STEP][PASSED] - inv = data.get("invoice"): null

2023-10-04 20:49:50 - [TEST_STEP][PASSED] - Total = data.get("total"): null

2023-10-04 20:49:50 - [TEST_STEP][PASSED] - NamaPemesan = data.get("nama"): null

2023-10-04 20:49:50 - [TEST_STEP][PASSED] - click(findTestObject("Konfirmasi pesanan shop/Menu Shop")): Object: 'Object Repository/Konfirmasi pesanan shop/Menu Shop' is clicked on

2023-10-04 20:49:51 - [MESSAGE][PASSED] - Object: 'Object Repository/Konfirmasi pesanan shop/Menu Shop' is clicked on

2023-10-04 20:49:51 - [TEST_STEP][PASSED] - click(findTestObject("Konfirmasi pesanan shop/Menu Shop")): Object: 'Object Repository/Konfirmasi pesanan shop/Menu Shop' is clicked on

2023-10-04 20:49:52 - [MESSAGE][PASSED] - Object: 'Object Repository/Konfirmasi pesanan shop/Menu Shop' is clicked on

2023-10-04 20:49:52 - [TEST_STEP][PASSED] - click(findTestObject("Konfirmasi pesanan shop/Konfirmasi Orders")): Object: 'Object Repository/Konfirmasi pesanan shop/Konfirmasi Orders' is clicked on

2023-10-04 20:49:53 - [MESSAGE][PASSED] - Object: 'Object Repository/Konfirmasi pesanan shop/Konfirmasi Orders' is clicked on

2023-10-04 20:49:53 - [TEST_STEP][PASSED] - verifyElementPresent(findTestObject("Konfirmasi pesanan shop/Tittle Konfirmasi Pesanan"), 0): Object 'Object Repository/Konfirmasi pesanan shop/Tittle Konfirmasi Pesanan' is present

2023-10-04 20:49:53 - [MESSAGE][WARNING] - Timeout '0' is invalid. Using default page load timeout: '30'

2023-10-04 20:49:53 - [MESSAGE][PASSED] - Object 'Object Repository/Konfirmasi pesanan shop/Tittle Konfirmasi Pesanan' is present

2023-10-04 20:49:53 - [TEST_STEP][PASSED] - setText(findTestObject("Konfirmasi pesanan shop/input_No Pesanan"), inv): Text 'TRX60.20231004204938' is set on object 'Object Repository/Konfirmasi pesanan shop/input_No Pesanan'

2023-10-04 20:49:54 - [MESSAGE][PASSED] - Text 'TRX60.20231004204938' is set on object 'Object Repository/Konfirmasi pesanan shop/input_No Pesanan'

2023-10-04 20:49:54 - [TEST_STEP][PASSED] - setText(findTestObject("Konfirmasi pesanan shop/input_Alamat E-mai"), "irfan@gmail.com"): Text 'irfan@gmail.com' is set on object 'Object Repository/Konfirmasi pesanan shop/input_Alamat E-mai'

2023-10-04 20:49:55 - [MESSAGE][PASSED] - Text 'irfan@gmail.com' is set on object 'Object Repository/Konfirmasi pesanan shop/input_Alamat E-mai'

2023-10-04 20:49:55 - [TEST_STEP][PASSED] - click(findTestObject("Konfirmasi pesanan shop/button_Submit")): Object: 'Object Repository/Konfirmasi pesanan shop/button_Submit' is clicked on

2023-10-04 20:49:56 - [MESSAGE][PASSED] - Object: 'Object Repository/Konfirmasi pesanan shop/button_Submit' is clicked on

2023-10-04 20:49:56 - [TEST_STEP][PASSED] - verifyElementPresent(findTestObject("Konfirmasi pesanan shop/Tittle nomor invoice"), 0): Object 'Object Repository/Konfirmasi pesanan shop/Tittle nomor invoice' is present

2023-10-04 20:49:56 - [MESSAGE][WARNING] - Timeout '0' is invalid. Using default page load timeout: '30'

2023-10-04 20:49:56 - [MESSAGE][PASSED] - Object 'Object Repository/Konfirmasi pesanan shop/Tittle nomor invoice' is present

2023-10-04 20:49:56 - [TEST_STEP][PASSED] - setText(findTestObject("Konfirmasi pesanan shop/input_Total TagihanTransfer_b"), Total): Text '8,737' is set on object 'Object Repository/Konfirmasi pesanan shop/input_Total TagihanTransfer_b'

2023-10-04 20:49:57 - [MESSAGE][PASSED] - Text '8,737' is set on object 'Object Repository/Konfirmasi pesanan shop/input_Total TagihanTransfer_b'

2023-10-04 20:49:57 - [TEST_STEP][PASSED] - selectOptionByValue(findTestObject("Konfirmasi pesanan shop/select_Bank"), "4", false): All options with value '4' are selected in object 'Object Repository/Konfirmasi pesanan shop/select_Bank' 

2023-10-04 20:49:58 - [MESSAGE][PASSED] - All options with value '4' are selected in object 'Object Repository/Konfirmasi pesanan shop/select_Bank' 

2023-10-04 20:49:58 - [TEST_STEP][PASSED] - setText(findTestObject("Konfirmasi pesanan shop/input_Nama Pengirim_d"), NamaPemesan): Text 'irfan.afandi' is set on object 'Object Repository/Konfirmasi pesanan shop/input_Nama Pengirim_d'

2023-10-04 20:49:58 - [MESSAGE][PASSED] - Text 'irfan.afandi' is set on object 'Object Repository/Konfirmasi pesanan shop/input_Nama Pengirim_d'

2023-10-04 20:49:58 - [TEST_STEP][PASSED] - uploadFile(findTestObject("keranjang/konfirmasi/input_Upload Bukti Transfer_f"), "C:\Users\IRFAN\Downloads\Berkas2.pdf"): File 'C:\Users\IRFAN\Downloads\Berkas2.pdf' sent to object: 'Object Repository/keranjang/konfirmasi/input_Upload Bukti Transfer_f'

2023-10-04 20:49:59 - [MESSAGE][PASSED] - File 'C:\Users\IRFAN\Downloads\Berkas2.pdf' sent to object: 'Object Repository/keranjang/konfirmasi/input_Upload Bukti Transfer_f'

2023-10-04 20:49:59 - [TEST_STEP][PASSED] - click(findTestObject("Konfirmasi pesanan shop/button_Konfirmasi Pembayaran")): Object: 'Object Repository/Konfirmasi pesanan shop/button_Konfirmasi Pembayaran' is clicked on

2023-10-04 20:50:00 - [MESSAGE][PASSED] - Object: 'Object Repository/Konfirmasi pesanan shop/button_Konfirmasi Pembayaran' is clicked on

2023-10-04 20:50:00 - [TEST_STEP][PASSED] - verifyElementPresent(findTestObject("Konfirmasi pesanan shop/Tittle Konfirmasi Pesanan"), 0): Object 'Object Repository/Konfirmasi pesanan shop/Tittle Konfirmasi Pesanan' is present

2023-10-04 20:50:00 - [MESSAGE][WARNING] - Timeout '0' is invalid. Using default page load timeout: '30'

2023-10-04 20:50:00 - [MESSAGE][PASSED] - Object 'Object Repository/Konfirmasi pesanan shop/Tittle Konfirmasi Pesanan' is present

2023-10-04 20:50:00 - [TEST_STEP][PASSED] - verifyElementPresent(findTestObject("Konfirmasi pesanan shop/Tittle massage succes Konfirmasi Pembayaran Pesanan"), 0): Object 'Object Repository/Konfirmasi pesanan shop/Tittle massage succes Konfirmasi Pembayaran Pesanan' is present

2023-10-04 20:50:00 - [MESSAGE][WARNING] - Timeout '0' is invalid. Using default page load timeout: '30'

2023-10-04 20:50:00 - [MESSAGE][PASSED] - Object 'Object Repository/Konfirmasi pesanan shop/Tittle massage succes Konfirmasi Pembayaran Pesanan' is present

2023-10-04 20:50:00 - [TEST_STEP][PASSED] - return data: null

2023-10-04 20:50:00 - [MESSAGE][PASSED] - Call Test Case 'Test Cases/T13 Pembelian, Shipment dan Pembayaran/PBY-004' successfully

2023-10-04 20:50:00 - [TEST_STEP][PASSED] - navigateToUrl("https://10.9.2.63/ecommerce/administrator/"): Navigate to 'https://10.9.2.63/ecommerce/administrator/' successfully

2023-10-04 20:50:01 - [MESSAGE][PASSED] - Navigate to 'https://10.9.2.63/ecommerce/administrator/' successfully

2023-10-04 20:50:01 - [TEST_STEP][PASSED] - verifyElementPresent(findTestObject("admin/Tittle ADMIN Login"), 0): Object 'Object Repository/admin/Tittle ADMIN Login' is present

2023-10-04 20:50:01 - [MESSAGE][WARNING] - Timeout '0' is invalid. Using default page load timeout: '30'

2023-10-04 20:50:01 - [MESSAGE][PASSED] - Object 'Object Repository/admin/Tittle ADMIN Login' is present

2023-10-04 20:50:01 - [TEST_STEP][PASSED] - setText(findTestObject("admin/Username"), "admin"): Text 'admin' is set on object 'Object Repository/admin/Username'

2023-10-04 20:50:02 - [MESSAGE][PASSED] - Text 'admin' is set on object 'Object Repository/admin/Username'

2023-10-04 20:50:02 - [TEST_STEP][PASSED] - setText(findTestObject("admin/Password"), "123admin123"): Text '123admin123' is set on object 'Object Repository/admin/Password'

2023-10-04 20:50:03 - [MESSAGE][PASSED] - Text '123admin123' is set on object 'Object Repository/admin/Password'

2023-10-04 20:50:03 - [TEST_STEP][PASSED] - click(findTestObject("admin/Remember Me")): Object: 'Object Repository/admin/Remember Me' is clicked on

2023-10-04 20:50:03 - [MESSAGE][PASSED] - Object: 'Object Repository/admin/Remember Me' is clicked on

2023-10-04 20:50:03 - [TEST_STEP][PASSED] - delay(10): Delayed 10 second(s)

2023-10-04 20:50:13 - [MESSAGE][PASSED] - Delayed 10 second(s)

2023-10-04 20:50:13 - [TEST_STEP][PASSED] - click(findTestObject("admin/buttom submit")): Object: 'Object Repository/admin/buttom submit' is clicked on

2023-10-04 20:50:15 - [MESSAGE][PASSED] - Object: 'Object Repository/admin/buttom submit' is clicked on

2023-10-04 20:50:15 - [TEST_STEP][PASSED] - verifyElementPresent(findTestObject("admin/Konf order konsumen/Tittle Dashboard"), 0): Object 'Object Repository/admin/Konf order konsumen/Tittle Dashboard' is present

2023-10-04 20:50:15 - [MESSAGE][WARNING] - Timeout '0' is invalid. Using default page load timeout: '30'

2023-10-04 20:50:22 - [MESSAGE][PASSED] - Object 'Object Repository/admin/Konf order konsumen/Tittle Dashboard' is present

2023-10-04 20:50:22 - [TEST_STEP][PASSED] - click(findTestObject("admin/Konf order konsumen/Menu Transaksi Market")): Object: 'Object Repository/admin/Konf order konsumen/Menu Transaksi Market' is clicked on

2023-10-04 20:50:23 - [MESSAGE][PASSED] - Object: 'Object Repository/admin/Konf order konsumen/Menu Transaksi Market' is clicked on

2023-10-04 20:50:23 - [TEST_STEP][PASSED] - click(findTestObject("admin/Konf order konsumen/Menu Konf. Order Konsumen")): Object: 'Object Repository/admin/Konf order konsumen/Menu Konf. Order Konsumen' is clicked on

2023-10-04 20:50:24 - [MESSAGE][PASSED] - Object: 'Object Repository/admin/Konf order konsumen/Menu Konf. Order Konsumen' is clicked on

2023-10-04 20:50:24 - [TEST_STEP][PASSED] - verifyElementPresent(findTestObject("admin/Konf order konsumen/Tittle Data Konfirmasi Pembayaran Konsumen"), 0): Object 'Object Repository/admin/Konf order konsumen/Tittle Data Konfirmasi Pembayaran Konsumen' is present

2023-10-04 20:50:25 - [MESSAGE][WARNING] - Timeout '0' is invalid. Using default page load timeout: '30'

2023-10-04 20:50:31 - [MESSAGE][PASSED] - Object 'Object Repository/admin/Konf order konsumen/Tittle Data Konfirmasi Pembayaran Konsumen' is present

2023-10-04 20:50:31 - [TEST_STEP][PASSED] - inv = data.get("invoice"): null

2023-10-04 20:50:31 - [TEST_STEP][PASSED] - setText(findTestObject("admin/Konf order konsumen/Search"), inv): Text 'TRX60.20231004204938' is set on object 'Object Repository/admin/Konf order konsumen/Search'

2023-10-04 20:50:32 - [MESSAGE][PASSED] - Text 'TRX60.20231004204938' is set on object 'Object Repository/admin/Konf order konsumen/Search'

2023-10-04 20:50:32 - [TEST_STEP][PASSED] - verifyElementText(findTestObject("admin/Konf order konsumen/Keterangan Lunas"), "Lunas"): Actual text and expected text of test object 'Object Repository/admin/Konf order konsumen/Keterangan Lunas' are matched.

2023-10-04 20:50:33 - [MESSAGE][PASSED] - Actual text and expected text of test object 'Object Repository/admin/Konf order konsumen/Keterangan Lunas' are matched.

2023-10-04 20:50:33 - [TEST_STEP][PASSED] - return data: null

2023-10-04 20:50:33 - [MESSAGE][PASSED] - Call Test Case 'Test Cases/T13 Pembelian, Shipment dan Pembayaran/PBYA-001' successfully

2023-10-04 20:50:33 - [TEST_STEP][PASSED] - click(findTestObject("admin/Penjualan ke konsumen/buttom Dashboard")): Object: 'Object Repository/admin/Penjualan ke konsumen/buttom Dashboard' is clicked on

2023-10-04 20:50:33 - [MESSAGE][PASSED] - Object: 'Object Repository/admin/Penjualan ke konsumen/buttom Dashboard' is clicked on

2023-10-04 20:50:33 - [TEST_STEP][PASSED] - click(findTestObject("admin/Konf order konsumen/Menu Transaksi Market")): Object: 'Object Repository/admin/Konf order konsumen/Menu Transaksi Market' is clicked on

2023-10-04 20:50:41 - [MESSAGE][PASSED] - Object: 'Object Repository/admin/Konf order konsumen/Menu Transaksi Market' is clicked on

2023-10-04 20:50:41 - [TEST_STEP][PASSED] - click(findTestObject("admin/Penjualan ke konsumen/a_Penjualan ke Konsumen")): Object: 'Object Repository/admin/Penjualan ke konsumen/a_Penjualan ke Konsumen' is clicked on

2023-10-04 20:50:43 - [MESSAGE][PASSED] - Object: 'Object Repository/admin/Penjualan ke konsumen/a_Penjualan ke Konsumen' is clicked on

2023-10-04 20:50:43 - [TEST_STEP][PASSED] - verifyElementPresent(findTestObject("admin/Tittle Data Transaksi Penjualan  Orderan Konsumen"), 0): Object 'Object Repository/admin/Tittle Data Transaksi Penjualan  Orderan Konsumen' is present

2023-10-04 20:50:43 - [MESSAGE][WARNING] - Timeout '0' is invalid. Using default page load timeout: '30'

2023-10-04 20:50:48 - [MESSAGE][PASSED] - Object 'Object Repository/admin/Tittle Data Transaksi Penjualan  Orderan Konsumen' is present

2023-10-04 20:50:48 - [TEST_STEP][PASSED] - return data: null

2023-10-04 20:50:48 - [MESSAGE][PASSED] - Call Test Case 'Test Cases/T13 Pembelian, Shipment dan Pembayaran/SA-001' successfully

2023-10-04 20:50:48 - [TEST_STEP][PASSED] - inv = data.get("invoice"): null

2023-10-04 20:50:48 - [TEST_STEP][PASSED] - setText(findTestObject("admin/Penjualan ke konsumen/Search"), inv): Text 'TRX60.20231004204938' is set on object 'Object Repository/admin/Penjualan ke konsumen/Search'

2023-10-04 20:50:49 - [MESSAGE][PASSED] - Text 'TRX60.20231004204938' is set on object 'Object Repository/admin/Penjualan ke konsumen/Search'

2023-10-04 20:50:49 - [TEST_STEP][PASSED] - click(findTestObject("admin/Penjualan ke konsumen/buttom konfirmasi pending payment")): Object: 'Object Repository/admin/Penjualan ke konsumen/buttom konfirmasi pending payment' is clicked on

2023-10-04 20:50:50 - [MESSAGE][PASSED] - Object: 'Object Repository/admin/Penjualan ke konsumen/buttom konfirmasi pending payment' is clicked on

2023-10-04 20:50:50 - [TEST_STEP][PASSED] - acceptAlert(STOP_ON_FAILURE): Alert accepted

2023-10-04 20:50:50 - [MESSAGE][PASSED] - Alert accepted

2023-10-04 20:50:50 - [TEST_STEP][PASSED] - setText(findTestObject("admin/Penjualan ke konsumen/Search"), inv): Text 'TRX60.20231004204938' is set on object 'Object Repository/admin/Penjualan ke konsumen/Search'

2023-10-04 20:50:52 - [MESSAGE][PASSED] - Text 'TRX60.20231004204938' is set on object 'Object Repository/admin/Penjualan ke konsumen/Search'

2023-10-04 20:50:52 - [TEST_STEP][PASSED] - verifyTextNotPresent("pending payment", false): Text 'pending payment' is not present on page

2023-10-04 20:50:52 - [MESSAGE][PASSED] - Text 'pending payment' is not present on page

2023-10-04 20:50:52 - [TEST_STEP][PASSED] - return data: null

2023-10-04 20:50:52 - [MESSAGE][PASSED] - Call Test Case 'Test Cases/T13 Pembelian, Shipment dan Pembayaran/SA-002' successfully

2023-10-04 20:50:52 - [TEST_STEP][PASSED] - click(findTestObject("admin/Penjualan ke konsumen/buttom scroldown")): Object: 'Object Repository/admin/Penjualan ke konsumen/buttom scroldown' is clicked on

2023-10-04 20:50:53 - [MESSAGE][PASSED] - Object: 'Object Repository/admin/Penjualan ke konsumen/buttom scroldown' is clicked on

2023-10-04 20:50:53 - [TEST_STEP][PASSED] - click(findTestObject("admin/Penjualan ke konsumen/Selesai")): Object: 'Object Repository/admin/Penjualan ke konsumen/Selesai' is clicked on

2023-10-04 20:50:53 - [MESSAGE][PASSED] - Object: 'Object Repository/admin/Penjualan ke konsumen/Selesai' is clicked on

2023-10-04 20:50:53 - [TEST_STEP][PASSED] - acceptAlert(): Alert accepted

2023-10-04 20:50:53 - [MESSAGE][PASSED] - Alert accepted

2023-10-04 20:50:53 - [TEST_STEP][PASSED] - inv = data.get("invoice"): null

2023-10-04 20:50:53 - [TEST_STEP][PASSED] - setText(findTestObject("admin/Penjualan ke konsumen/Search"), inv): Text 'TRX60.20231004204938' is set on object 'Object Repository/admin/Penjualan ke konsumen/Search'

2023-10-04 20:50:54 - [MESSAGE][PASSED] - Text 'TRX60.20231004204938' is set on object 'Object Repository/admin/Penjualan ke konsumen/Search'

2023-10-04 20:50:54 - [TEST_STEP][PASSED] - delay(10): Delayed 10 second(s)

2023-10-04 20:51:04 - [MESSAGE][PASSED] - Delayed 10 second(s)

2023-10-04 20:51:04 - [TEST_STEP][PASSED] - verifyTextPresent("Selesai", false): Text 'Selesai' is present on page 

2023-10-04 20:51:05 - [MESSAGE][PASSED] - Text 'Selesai' is present on page 

2023-10-04 20:51:05 - [TEST_STEP][PASSED] - selesaiAdmin = getText(findTestObject("admin/Selesai")): Text of object 'Object Repository/admin/Selesai' is: 'Selesai'

2023-10-04 20:51:06 - [MESSAGE][PASSED] - Text of object 'Object Repository/admin/Selesai' is: 'Selesai'

2023-10-04 20:51:06 - [TEST_STEP][PASSED] - data.put("statusSelesai", selesaiAdmin): null

2023-10-04 20:51:06 - [TEST_STEP][PASSED] - return data: null

2023-10-04 20:51:06 - [MESSAGE][PASSED] - Call Test Case 'Test Cases/T13 Pembelian, Shipment dan Pembayaran/SA-005' successfully

2023-10-04 20:51:06 - [TEST_STEP][PASSED] - openBrowser("https://10.9.2.63/ecommerce/"): Browser is opened with url: 'https://10.9.2.63/ecommerce/'

2023-10-04 20:51:06 - [MESSAGE][WARNING] - A browser is already opened. Closing browser and opening a new one

2023-10-04 20:51:07 - [MESSAGE][INFO] - Starting 'Firefox' driver

2023-10-04 20:51:07 - [MESSAGE][INFO] - User set preference: ['args', '[--disable-notifications]']

2023-10-04 20:51:07 - [MESSAGE][INFO] - Action delay is set to 0 milliseconds

2023-10-04 20:51:13 - [MESSAGE][PASSED] - Browser is opened with url: 'https://10.9.2.63/ecommerce/'

2023-10-04 20:51:13 - [TEST_STEP][PASSED] - maximizeWindow(): Current window maximized

2023-10-04 20:51:13 - [MESSAGE][PASSED] - Current window maximized

2023-10-04 20:51:13 - [TEST_STEP][PASSED] - verifyElementPresent(findTestObject("Login/Home"), 0): Object 'Object Repository/Login/Home' is present

2023-10-04 20:51:13 - [MESSAGE][WARNING] - Timeout '0' is invalid. Using default page load timeout: '30'

2023-10-04 20:51:13 - [MESSAGE][PASSED] - Object 'Object Repository/Login/Home' is present

2023-10-04 20:51:13 - [TEST_STEP][PASSED] - click(findTestObject("Login/a_Login")): Object: 'Object Repository/Login/a_Login' is clicked on

2023-10-04 20:51:14 - [MESSAGE][PASSED] - Object: 'Object Repository/Login/a_Login' is clicked on

2023-10-04 20:51:14 - [TEST_STEP][PASSED] - verifyElementPresent(findTestObject("Login/Tittle Login"), 0): Object 'Object Repository/Login/Tittle Login' is present

2023-10-04 20:51:14 - [MESSAGE][WARNING] - Timeout '0' is invalid. Using default page load timeout: '30'

2023-10-04 20:51:14 - [MESSAGE][PASSED] - Object 'Object Repository/Login/Tittle Login' is present

2023-10-04 20:51:14 - [TEST_STEP][PASSED] - setText(findTestObject("Login/input_Username, Email atau No. Handphone_a"), "irfanafandi"): Text 'irfanafandi' is set on object 'Object Repository/Login/input_Username, Email atau No. Handphone_a'

2023-10-04 20:51:15 - [MESSAGE][PASSED] - Text 'irfanafandi' is set on object 'Object Repository/Login/input_Username, Email atau No. Handphone_a'

2023-10-04 20:51:15 - [TEST_STEP][PASSED] - setText(findTestObject("Login/input_Password_b"), "12345irfan"): Text '12345irfan' is set on object 'Object Repository/Login/input_Password_b'

2023-10-04 20:51:16 - [MESSAGE][PASSED] - Text '12345irfan' is set on object 'Object Repository/Login/input_Password_b'

2023-10-04 20:51:16 - [TEST_STEP][PASSED] - click(findTestObject("Login/button_Masuk")): Object: 'Object Repository/Login/button_Masuk' is clicked on

2023-10-04 20:51:17 - [MESSAGE][PASSED] - Object: 'Object Repository/Login/button_Masuk' is clicked on

2023-10-04 20:51:17 - [TEST_STEP][PASSED] - verifyElementPresent(findTestObject("Login/li_Profile"), 0): Object 'Object Repository/Login/li_Profile' is present

2023-10-04 20:51:17 - [MESSAGE][WARNING] - Timeout '0' is invalid. Using default page load timeout: '30'

2023-10-04 20:51:17 - [MESSAGE][PASSED] - Object 'Object Repository/Login/li_Profile' is present

2023-10-04 20:51:17 - [TEST_STEP][PASSED] - click(findTestObject("Konfirmasi pesanan shop/Menu Shop")): Object: 'Object Repository/Konfirmasi pesanan shop/Menu Shop' is clicked on

2023-10-04 20:51:18 - [MESSAGE][PASSED] - Object: 'Object Repository/Konfirmasi pesanan shop/Menu Shop' is clicked on

2023-10-04 20:51:18 - [TEST_STEP][PASSED] - click(findTestObject("Konfirmasi pesanan shop/Menu Shop")): Object: 'Object Repository/Konfirmasi pesanan shop/Menu Shop' is clicked on

2023-10-04 20:51:19 - [MESSAGE][PASSED] - Object: 'Object Repository/Konfirmasi pesanan shop/Menu Shop' is clicked on

2023-10-04 20:51:19 - [TEST_STEP][PASSED] - click(findTestObject("Traking Order/a_Tracking Orders")): Object: 'Object Repository/Traking Order/a_Tracking Orders' is clicked on

2023-10-04 20:51:20 - [MESSAGE][PASSED] - Object: 'Object Repository/Traking Order/a_Tracking Orders' is clicked on

2023-10-04 20:51:20 - [TEST_STEP][PASSED] - verifyElementPresent(findTestObject("Traking Order/Tittle Tracking Order"), 0): Object 'Object Repository/Traking Order/Tittle Tracking Order' is present

2023-10-04 20:51:20 - [MESSAGE][WARNING] - Timeout '0' is invalid. Using default page load timeout: '30'

2023-10-04 20:51:21 - [MESSAGE][PASSED] - Object 'Object Repository/Traking Order/Tittle Tracking Order' is present

2023-10-04 20:51:21 - [TEST_STEP][PASSED] - inv = data.get("invoice"): null

2023-10-04 20:51:21 - [TEST_STEP][PASSED] - setText(findTestObject("Traking Order/input_No Pesanan_a"), inv): Text 'TRX60.20231004204938' is set on object 'Object Repository/Traking Order/input_No Pesanan_a'

2023-10-04 20:51:21 - [MESSAGE][PASSED] - Text 'TRX60.20231004204938' is set on object 'Object Repository/Traking Order/input_No Pesanan_a'

2023-10-04 20:51:21 - [TEST_STEP][PASSED] - setText(findTestObject("Traking Order/input_Alamat E-mail_form-control"), "irfan"): Text 'irfan' is set on object 'Object Repository/Traking Order/input_Alamat E-mail_form-control'

2023-10-04 20:51:22 - [MESSAGE][PASSED] - Text 'irfan' is set on object 'Object Repository/Traking Order/input_Alamat E-mail_form-control'

2023-10-04 20:51:22 - [TEST_STEP][PASSED] - click(findTestObject("Traking Order/button_Lacak Pesanan")): Object: 'Object Repository/Traking Order/button_Lacak Pesanan' is clicked on

2023-10-04 20:51:24 - [MESSAGE][PASSED] - Object: 'Object Repository/Traking Order/button_Lacak Pesanan' is clicked on

2023-10-04 20:51:24 - [TEST_STEP][FAILED] - verifyTextPresent("Email not valid", false): Unable to verify text 'Email not valid' is present  (Root cause: com.kms.katalon.core.exception.StepFailedException: Unable to verify text 'Email not valid' is present 
	at com.kms.katalon.core.webui.keyword.internal.WebUIKeywordMain.stepFailed(WebUIKeywordMain.groovy:64)
	at com.kms.katalon.core.webui.keyword.internal.WebUIKeywordMain.runKeyword(WebUIKeywordMain.groovy:26)
	at com.kms.katalon.core.webui.keyword.builtin.VerifyTextPresentKeyword.verifyTextPresent(VerifyTextPresentKeyword.groovy:83)
	at com.kms.katalon.core.webui.keyword.builtin.VerifyTextPresentKeyword.execute(VerifyTextPresentKeyword.groovy:68)
	at com.kms.katalon.core.keyword.internal.KeywordExecutor.executeKeywordForPlatform(KeywordExecutor.groovy:74)
	at com.kms.katalon.core.webui.keyword.WebUiBuiltInKeywords.verifyTextPresent(WebUiBuiltInKeywords.groovy:1723)
	at com.kms.katalon.core.webui.keyword.WebUiBuiltInKeywords$verifyTextPresent$7.call(Unknown Source)
	at SU-007.run(SU-007:60)
	at com.kms.katalon.core.main.ScriptEngine.run(ScriptEngine.java:194)
	at com.kms.katalon.core.main.ScriptEngine.runScriptAsRawText(ScriptEngine.java:119)
	at com.kms.katalon.core.main.TestCaseExecutor.runScript(TestCaseExecutor.java:448)
	at com.kms.katalon.core.main.TestCaseExecutor.doExecute(TestCaseExecutor.java:439)
	at com.kms.katalon.core.main.TestCaseExecutor.processExecutionPhase(TestCaseExecutor.java:418)
	at com.kms.katalon.core.main.TestCaseExecutor.accessMainPhase(TestCaseExecutor.java:410)
	at com.kms.katalon.core.main.TestCaseExecutor.execute(TestCaseExecutor.java:285)
	at com.kms.katalon.core.common.CommonExecutor.accessTestCaseMainPhase(CommonExecutor.java:65)
	at com.kms.katalon.core.main.TestSuiteExecutor.accessTestSuiteMainPhase(TestSuiteExecutor.java:148)
	at com.kms.katalon.core.main.TestSuiteExecutor.execute(TestSuiteExecutor.java:106)
	at com.kms.katalon.core.main.TestCaseMain.startTestSuite(TestCaseMain.java:187)
	at com.kms.katalon.core.main.TestCaseMain$startTestSuite$0.call(Unknown Source)
	at TempTestSuite1696424348948.run(TempTestSuite1696424348948.groovy:36)
Caused by: com.kms.katalon.core.exception.StepFailedException: Text 'Email not valid' is not present on page 
	at com.kms.katalon.core.webui.keyword.internal.WebUIKeywordMain.stepFailed(WebUIKeywordMain.groovy:64)
	at com.kms.katalon.core.webui.keyword.builtin.VerifyTextPresentKeyword$_verifyTextPresent_closure1.doCall(VerifyTextPresentKeyword.groovy:79)
	at com.kms.katalon.core.webui.keyword.builtin.VerifyTextPresentKeyword$_verifyTextPresent_closure1.call(VerifyTextPresentKeyword.groovy)
	at com.kms.katalon.core.webui.keyword.internal.WebUIKeywordMain.runKeyword(WebUIKeywordMain.groovy:20)
	... 19 more
)

2023-10-04 20:51:25 - [MESSAGE][FAILED] - Text 'Email not valid' is not present on page  (Root cause: com.kms.katalon.core.exception.StepFailedException: Text 'Email not valid' is not present on page 
	at com.kms.katalon.core.webui.keyword.internal.WebUIKeywordMain.stepFailed(WebUIKeywordMain.groovy:64)
	at com.kms.katalon.core.webui.keyword.builtin.VerifyTextPresentKeyword$_verifyTextPresent_closure1.doCall(VerifyTextPresentKeyword.groovy:79)
	at com.kms.katalon.core.webui.keyword.builtin.VerifyTextPresentKeyword$_verifyTextPresent_closure1.call(VerifyTextPresentKeyword.groovy)
	at com.kms.katalon.core.webui.keyword.internal.WebUIKeywordMain.runKeyword(WebUIKeywordMain.groovy:20)
	at com.kms.katalon.core.webui.keyword.builtin.VerifyTextPresentKeyword.verifyTextPresent(VerifyTextPresentKeyword.groovy:83)
	at com.kms.katalon.core.webui.keyword.builtin.VerifyTextPresentKeyword.execute(VerifyTextPresentKeyword.groovy:68)
	at com.kms.katalon.core.keyword.internal.KeywordExecutor.executeKeywordForPlatform(KeywordExecutor.groovy:74)
	at com.kms.katalon.core.webui.keyword.WebUiBuiltInKeywords.verifyTextPresent(WebUiBuiltInKeywords.groovy:1723)
	at com.kms.katalon.core.webui.keyword.WebUiBuiltInKeywords$verifyTextPresent$7.call(Unknown Source)
	at SU-007.run(SU-007:60)
	at com.kms.katalon.core.main.ScriptEngine.run(ScriptEngine.java:194)
	at com.kms.katalon.core.main.ScriptEngine.runScriptAsRawText(ScriptEngine.java:119)
	at com.kms.katalon.core.main.TestCaseExecutor.runScript(TestCaseExecutor.java:448)
	at com.kms.katalon.core.main.TestCaseExecutor.doExecute(TestCaseExecutor.java:439)
	at com.kms.katalon.core.main.TestCaseExecutor.processExecutionPhase(TestCaseExecutor.java:418)
	at com.kms.katalon.core.main.TestCaseExecutor.accessMainPhase(TestCaseExecutor.java:410)
	at com.kms.katalon.core.main.TestCaseExecutor.execute(TestCaseExecutor.java:285)
	at com.kms.katalon.core.common.CommonExecutor.accessTestCaseMainPhase(CommonExecutor.java:65)
	at com.kms.katalon.core.main.TestSuiteExecutor.accessTestSuiteMainPhase(TestSuiteExecutor.java:148)
	at com.kms.katalon.core.main.TestSuiteExecutor.execute(TestSuiteExecutor.java:106)
	at com.kms.katalon.core.main.TestCaseMain.startTestSuite(TestCaseMain.java:187)
	at com.kms.katalon.core.main.TestCaseMain$startTestSuite$0.call(Unknown Source)
	at TempTestSuite1696424348948.run(TempTestSuite1696424348948.groovy:36)
)

2023-10-04 20:51:25 - [MESSAGE][FAILED] - Unable to verify text 'Email not valid' is present  (Root cause: com.kms.katalon.core.exception.StepFailedException: Unable to verify text 'Email not valid' is present 
	at com.kms.katalon.core.webui.keyword.internal.WebUIKeywordMain.stepFailed(WebUIKeywordMain.groovy:64)
	at com.kms.katalon.core.webui.keyword.internal.WebUIKeywordMain.runKeyword(WebUIKeywordMain.groovy:26)
	at com.kms.katalon.core.webui.keyword.builtin.VerifyTextPresentKeyword.verifyTextPresent(VerifyTextPresentKeyword.groovy:83)
	at com.kms.katalon.core.webui.keyword.builtin.VerifyTextPresentKeyword.execute(VerifyTextPresentKeyword.groovy:68)
	at com.kms.katalon.core.keyword.internal.KeywordExecutor.executeKeywordForPlatform(KeywordExecutor.groovy:74)
	at com.kms.katalon.core.webui.keyword.WebUiBuiltInKeywords.verifyTextPresent(WebUiBuiltInKeywords.groovy:1723)
	at com.kms.katalon.core.webui.keyword.WebUiBuiltInKeywords$verifyTextPresent$7.call(Unknown Source)
	at SU-007.run(SU-007:60)
	at com.kms.katalon.core.main.ScriptEngine.run(ScriptEngine.java:194)
	at com.kms.katalon.core.main.ScriptEngine.runScriptAsRawText(ScriptEngine.java:119)
	at com.kms.katalon.core.main.TestCaseExecutor.runScript(TestCaseExecutor.java:448)
	at com.kms.katalon.core.main.TestCaseExecutor.doExecute(TestCaseExecutor.java:439)
	at com.kms.katalon.core.main.TestCaseExecutor.processExecutionPhase(TestCaseExecutor.java:418)
	at com.kms.katalon.core.main.TestCaseExecutor.accessMainPhase(TestCaseExecutor.java:410)
	at com.kms.katalon.core.main.TestCaseExecutor.execute(TestCaseExecutor.java:285)
	at com.kms.katalon.core.common.CommonExecutor.accessTestCaseMainPhase(CommonExecutor.java:65)
	at com.kms.katalon.core.main.TestSuiteExecutor.accessTestSuiteMainPhase(TestSuiteExecutor.java:148)
	at com.kms.katalon.core.main.TestSuiteExecutor.execute(TestSuiteExecutor.java:106)
	at com.kms.katalon.core.main.TestCaseMain.startTestSuite(TestCaseMain.java:187)
	at com.kms.katalon.core.main.TestCaseMain$startTestSuite$0.call(Unknown Source)
	at TempTestSuite1696424348948.run(TempTestSuite1696424348948.groovy:36)
Caused by: com.kms.katalon.core.exception.StepFailedException: Text 'Email not valid' is not present on page 
	at com.kms.katalon.core.webui.keyword.internal.WebUIKeywordMain.stepFailed(WebUIKeywordMain.groovy:64)
	at com.kms.katalon.core.webui.keyword.builtin.VerifyTextPresentKeyword$_verifyTextPresent_closure1.doCall(VerifyTextPresentKeyword.groovy:79)
	at com.kms.katalon.core.webui.keyword.builtin.VerifyTextPresentKeyword$_verifyTextPresent_closure1.call(VerifyTextPresentKeyword.groovy)
	at com.kms.katalon.core.webui.keyword.internal.WebUIKeywordMain.runKeyword(WebUIKeywordMain.groovy:20)
	... 19 more
)
[[ATTACHMENT|D:\\BOOTCAMP XSIS\\Projek 2 MINI PROJEK\\Reports\\20231004_190004\\T13 Pembelian, Shipment dan Pembayaran\\T13 Pembelian, Shipment dan Pembayaran\\20231004_195908\\1696427485589.png]]]]></system-out>
         <system-err><![CDATA[2023-10-04 20:49:04 - [TEST_CASE][FAILED] - Test Cases/T13 Pembelian, Shipment dan Pembayaran/SU-007: Test Cases/T13 Pembelian, Shipment dan Pembayaran/SU-007 FAILED.
Reason:
com.kms.katalon.core.exception.StepFailedException: Unable to verify text 'Email not valid' is present 
	at com.kms.katalon.core.webui.keyword.internal.WebUIKeywordMain.stepFailed(WebUIKeywordMain.groovy:64)
	at com.kms.katalon.core.webui.keyword.internal.WebUIKeywordMain.runKeyword(WebUIKeywordMain.groovy:26)
	at com.kms.katalon.core.webui.keyword.builtin.VerifyTextPresentKeyword.verifyTextPresent(VerifyTextPresentKeyword.groovy:83)
	at com.kms.katalon.core.webui.keyword.builtin.VerifyTextPresentKeyword.execute(VerifyTextPresentKeyword.groovy:68)
	at com.kms.katalon.core.keyword.internal.KeywordExecutor.executeKeywordForPlatform(KeywordExecutor.groovy:74)
	at com.kms.katalon.core.webui.keyword.WebUiBuiltInKeywords.verifyTextPresent(WebUiBuiltInKeywords.groovy:1723)
	at com.kms.katalon.core.webui.keyword.WebUiBuiltInKeywords$verifyTextPresent$7.call(Unknown Source)
	at SU-007.run(SU-007:60)
	at com.kms.katalon.core.main.ScriptEngine.run(ScriptEngine.java:194)
	at com.kms.katalon.core.main.ScriptEngine.runScriptAsRawText(ScriptEngine.java:119)
	at com.kms.katalon.core.main.TestCaseExecutor.runScript(TestCaseExecutor.java:448)
	at com.kms.katalon.core.main.TestCaseExecutor.doExecute(TestCaseExecutor.java:439)
	at com.kms.katalon.core.main.TestCaseExecutor.processExecutionPhase(TestCaseExecutor.java:418)
	at com.kms.katalon.core.main.TestCaseExecutor.accessMainPhase(TestCaseExecutor.java:410)
	at com.kms.katalon.core.main.TestCaseExecutor.execute(TestCaseExecutor.java:285)
	at com.kms.katalon.core.common.CommonExecutor.accessTestCaseMainPhase(CommonExecutor.java:65)
	at com.kms.katalon.core.main.TestSuiteExecutor.accessTestSuiteMainPhase(TestSuiteExecutor.java:148)
	at com.kms.katalon.core.main.TestSuiteExecutor.execute(TestSuiteExecutor.java:106)
	at com.kms.katalon.core.main.TestCaseMain.startTestSuite(TestCaseMain.java:187)
	at com.kms.katalon.core.main.TestCaseMain$startTestSuite$0.call(Unknown Source)
	at TempTestSuite1696424348948.run(TempTestSuite1696424348948.groovy:36)
Caused by: com.kms.katalon.core.exception.StepFailedException: Text 'Email not valid' is not present on page 
	at com.kms.katalon.core.webui.keyword.internal.WebUIKeywordMain.stepFailed(WebUIKeywordMain.groovy:64)
	at com.kms.katalon.core.webui.keyword.builtin.VerifyTextPresentKeyword$_verifyTextPresent_closure1.doCall(VerifyTextPresentKeyword.groovy:79)
	at com.kms.katalon.core.webui.keyword.builtin.VerifyTextPresentKeyword$_verifyTextPresent_closure1.call(VerifyTextPresentKeyword.groovy)
	at com.kms.katalon.core.webui.keyword.internal.WebUIKeywordMain.runKeyword(WebUIKeywordMain.groovy:20)
	... 19 more]]></system-err>
      </testcase>
      <testcase name="Test Cases/T13 Pembelian, Shipment dan Pembayaran/SU-008" time="47.755" classname="Test Cases/T13 Pembelian, Shipment dan Pembayaran/SU-008" status="FAILED">
         <failure type="FAILED" message="Test Cases/T13 Pembelian, Shipment dan Pembayaran/SU-008 FAILED.
Reason:
com.kms.katalon.core.exception.StepFailedException: Call Test Case 'Test Cases/T13 Pembelian, Shipment dan Pembayaran/SA-005' failed
	at com.kms.katalon.core.keyword.builtin.CallTestCaseKeyword$_callTestCase_closure1.doCall(CallTestCaseKeyword.groovy:63)
	at com.kms.katalon.core.keyword.builtin.CallTestCaseKeyword$_callTestCase_closure1.call(CallTestCaseKeyword.groovy)
	at com.kms.katalon.core.keyword.internal.KeywordMain.runKeyword(KeywordMain.groovy:75)
	at com.kms.katalon.core.keyword.builtin.CallTestCaseKeyword.callTestCase(CallTestCaseKeyword.groovy:81)
	at com.kms.katalon.core.keyword.builtin.CallTestCaseKeyword.execute(CallTestCaseKeyword.groovy:44)
	at com.kms.katalon.core.keyword.internal.KeywordExecutor.executeKeywordForPlatform(KeywordExecutor.groovy:74)
	at com.kms.katalon.core.keyword.BuiltinKeywords.callTestCase(BuiltinKeywords.groovy:310)
	at SU-008.run(SU-008:24)
	at com.kms.katalon.core.main.ScriptEngine.run(ScriptEngine.java:194)
	at com.kms.katalon.core.main.ScriptEngine.runScriptAsRawText(ScriptEngine.java:119)
	at com.kms.katalon.core.main.TestCaseExecutor.runScript(TestCaseExecutor.java:448)
	at com.kms.katalon.core.main.TestCaseExecutor.doExecute(TestCaseExecutor.java:439)
	at com.kms.katalon.core.main.TestCaseExecutor.processExecutionPhase(TestCaseExecutor.java:418)
	at com.kms.katalon.core.main.TestCaseExecutor.accessMainPhase(TestCaseExecutor.java:410)
	at com.kms.katalon.core.main.TestCaseExecutor.execute(TestCaseExecutor.java:285)
	at com.kms.katalon.core.common.CommonExecutor.accessTestCaseMainPhase(CommonExecutor.java:65)
	at com.kms.katalon.core.main.TestSuiteExecutor.accessTestSuiteMainPhase(TestSuiteExecutor.java:148)
	at com.kms.katalon.core.main.TestSuiteExecutor.execute(TestSuiteExecutor.java:106)
	at com.kms.katalon.core.main.TestCaseMain.startTestSuite(TestCaseMain.java:187)
	at com.kms.katalon.core.main.TestCaseMain$startTestSuite$0.call(Unknown Source)
	at TempTestSuite1696424348948.run(TempTestSuite1696424348948.groovy:36)
Caused by: com.kms.katalon.core.exception.StepFailedException: Call Test Case 'Test Cases/T13 Pembelian, Shipment dan Pembayaran/SA-002' failed
	at com.kms.katalon.core.keyword.builtin.CallTestCaseKeyword$_callTestCase_closure1.doCall(CallTestCaseKeyword.groovy:63)
	at com.kms.katalon.core.keyword.builtin.CallTestCaseKeyword$_callTestCase_closure1.call(CallTestCaseKeyword.groovy)
	at com.kms.katalon.core.keyword.internal.KeywordMain.runKeyword(KeywordMain.groovy:75)
	at com.kms.katalon.core.keyword.builtin.CallTestCaseKeyword.callTestCase(CallTestCaseKeyword.groovy:81)
	at com.kms.katalon.core.keyword.builtin.CallTestCaseKeyword.execute(CallTestCaseKeyword.groovy:44)
	at com.kms.katalon.core.keyword.internal.KeywordExecutor.executeKeywordForPlatform(KeywordExecutor.groovy:74)
	at com.kms.katalon.core.keyword.BuiltinKeywords.callTestCase(BuiltinKeywords.groovy:310)
	at SA-005.run(SA-005:20)
	at com.kms.katalon.core.main.ScriptEngine.run(ScriptEngine.java:194)
	at com.kms.katalon.core.main.ScriptEngine.runScriptAsRawText(ScriptEngine.java:119)
	at com.kms.katalon.core.main.TestCaseExecutor.runScript(TestCaseExecutor.java:448)
	at com.kms.katalon.core.main.TestCaseExecutor.doExecute(TestCaseExecutor.java:439)
	at com.kms.katalon.core.main.TestCaseExecutor.processExecutionPhase(TestCaseExecutor.java:418)
	at com.kms.katalon.core.main.TestCaseExecutor.accessMainPhase(TestCaseExecutor.java:410)
	at com.kms.katalon.core.main.TestCaseExecutor.execute(TestCaseExecutor.java:285)
	at com.kms.katalon.core.main.TestCaseMain.runTestCase(TestCaseMain.java:144)
	at com.kms.katalon.core.keyword.builtin.CallTestCaseKeyword$_callTestCase_closure1.doCall(CallTestCaseKeyword.groovy:59)
	... 20 more
Caused by: com.kms.katalon.core.exception.StepFailedException: Call Test Case 'Test Cases/T13 Pembelian, Shipment dan Pembayaran/SA-001' failed
	at com.kms.katalon.core.keyword.builtin.CallTestCaseKeyword$_callTestCase_closure1.doCall(CallTestCaseKeyword.groovy:63)
	at com.kms.katalon.core.keyword.builtin.CallTestCaseKeyword$_callTestCase_closure1.call(CallTestCaseKeyword.groovy)
	at com.kms.katalon.core.keyword.internal.KeywordMain.runKeyword(KeywordMain.groovy:75)
	at com.kms.katalon.core.keyword.builtin.CallTestCaseKeyword.callTestCase(CallTestCaseKeyword.groovy:81)
	at com.kms.katalon.core.keyword.builtin.CallTestCaseKeyword.execute(CallTestCaseKeyword.groovy:44)
	at com.kms.katalon.core.keyword.internal.KeywordExecutor.executeKeywordForPlatform(KeywordExecutor.groovy:74)
	at com.kms.katalon.core.keyword.BuiltinKeywords.callTestCase(BuiltinKeywords.groovy:310)
	at SA-002.run(SA-002:20)
	at com.kms.katalon.core.main.ScriptEngine.run(ScriptEngine.java:194)
	at com.kms.katalon.core.main.ScriptEngine.runScriptAsRawText(ScriptEngine.java:119)
	at com.kms.katalon.core.main.TestCaseExecutor.runScript(TestCaseExecutor.java:448)
	at com.kms.katalon.core.main.TestCaseExecutor.doExecute(TestCaseExecutor.java:439)
	at com.kms.katalon.core.main.TestCaseExecutor.processExecutionPhase(TestCaseExecutor.java:418)
	at com.kms.katalon.core.main.TestCaseExecutor.accessMainPhase(TestCaseExecutor.java:410)
	at com.kms.katalon.core.main.TestCaseExecutor.execute(TestCaseExecutor.java:285)
	at com.kms.katalon.core.main.TestCaseMain.runTestCase(TestCaseMain.java:144)
	at com.kms.katalon.core.keyword.builtin.CallTestCaseKeyword$_callTestCase_closure1.doCall(CallTestCaseKeyword.groovy:59)
	... 36 more
Caused by: com.kms.katalon.core.exception.StepFailedException: Call Test Case 'Test Cases/T13 Pembelian, Shipment dan Pembayaran/PBYA-001' failed
	at com.kms.katalon.core.keyword.builtin.CallTestCaseKeyword$_callTestCase_closure1.doCall(CallTestCaseKeyword.groovy:63)
	at com.kms.katalon.core.keyword.builtin.CallTestCaseKeyword$_callTestCase_closure1.call(CallTestCaseKeyword.groovy)
	at com.kms.katalon.core.keyword.internal.KeywordMain.runKeyword(KeywordMain.groovy:75)
	at com.kms.katalon.core.keyword.builtin.CallTestCaseKeyword.callTestCase(CallTestCaseKeyword.groovy:81)
	at com.kms.katalon.core.keyword.builtin.CallTestCaseKeyword.execute(CallTestCaseKeyword.groovy:44)
	at com.kms.katalon.core.keyword.internal.KeywordExecutor.executeKeywordForPlatform(KeywordExecutor.groovy:74)
	at com.kms.katalon.core.keyword.BuiltinKeywords.callTestCase(BuiltinKeywords.groovy:310)
	at SA-001.run(SA-001:20)
	at com.kms.katalon.core.main.ScriptEngine.run(ScriptEngine.java:194)
	at com.kms.katalon.core.main.ScriptEngine.runScriptAsRawText(ScriptEngine.java:119)
	at com.kms.katalon.core.main.TestCaseExecutor.runScript(TestCaseExecutor.java:448)
	at com.kms.katalon.core.main.TestCaseExecutor.doExecute(TestCaseExecutor.java:439)
	at com.kms.katalon.core.main.TestCaseExecutor.processExecutionPhase(TestCaseExecutor.java:418)
	at com.kms.katalon.core.main.TestCaseExecutor.accessMainPhase(TestCaseExecutor.java:410)
	at com.kms.katalon.core.main.TestCaseExecutor.execute(TestCaseExecutor.java:285)
	at com.kms.katalon.core.main.TestCaseMain.runTestCase(TestCaseMain.java:144)
	at com.kms.katalon.core.keyword.builtin.CallTestCaseKeyword$_callTestCase_closure1.doCall(CallTestCaseKeyword.groovy:59)
	... 52 more
Caused by: com.kms.katalon.core.exception.StepFailedException: Call Test Case 'Test Cases/T13 Pembelian, Shipment dan Pembayaran/PBY-004' failed
	at com.kms.katalon.core.keyword.builtin.CallTestCaseKeyword$_callTestCase_closure1.doCall(CallTestCaseKeyword.groovy:63)
	at com.kms.katalon.core.keyword.builtin.CallTestCaseKeyword$_callTestCase_closure1.call(CallTestCaseKeyword.groovy)
	at com.kms.katalon.core.keyword.internal.KeywordMain.runKeyword(KeywordMain.groovy:75)
	at com.kms.katalon.core.keyword.builtin.CallTestCaseKeyword.callTestCase(CallTestCaseKeyword.groovy:81)
	at com.kms.katalon.core.keyword.builtin.CallTestCaseKeyword.execute(CallTestCaseKeyword.groovy:44)
	at com.kms.katalon.core.keyword.internal.KeywordExecutor.executeKeywordForPlatform(KeywordExecutor.groovy:74)
	at com.kms.katalon.core.keyword.BuiltinKeywords.callTestCase(BuiltinKeywords.groovy:310)
	at PBYA-001.run(PBYA-001:20)
	at com.kms.katalon.core.main.ScriptEngine.run(ScriptEngine.java:194)
	at com.kms.katalon.core.main.ScriptEngine.runScriptAsRawText(ScriptEngine.java:119)
	at com.kms.katalon.core.main.TestCaseExecutor.runScript(TestCaseExecutor.java:448)
	at com.kms.katalon.core.main.TestCaseExecutor.doExecute(TestCaseExecutor.java:439)
	at com.kms.katalon.core.main.TestCaseExecutor.processExecutionPhase(TestCaseExecutor.java:418)
	at com.kms.katalon.core.main.TestCaseExecutor.accessMainPhase(TestCaseExecutor.java:410)
	at com.kms.katalon.core.main.TestCaseExecutor.execute(TestCaseExecutor.java:285)
	at com.kms.katalon.core.main.TestCaseMain.runTestCase(TestCaseMain.java:144)
	at com.kms.katalon.core.keyword.builtin.CallTestCaseKeyword$_callTestCase_closure1.doCall(CallTestCaseKeyword.groovy:59)
	... 68 more
Caused by: com.kms.katalon.core.exception.StepFailedException: Unable to click on object 'Object Repository/Konfirmasi pesanan shop/Konfirmasi Orders'
	at com.kms.katalon.core.webui.keyword.internal.WebUIKeywordMain.stepFailed(WebUIKeywordMain.groovy:64)
	at com.kms.katalon.core.webui.keyword.internal.WebUIKeywordMain.runKeyword(WebUIKeywordMain.groovy:26)
	at com.kms.katalon.core.webui.keyword.builtin.ClickKeyword.click(ClickKeyword.groovy:74)
	at com.kms.katalon.core.webui.keyword.builtin.ClickKeyword.execute(ClickKeyword.groovy:40)
	at com.kms.katalon.core.keyword.internal.KeywordExecutor.executeKeywordForPlatform(KeywordExecutor.groovy:74)
	at com.kms.katalon.core.webui.keyword.WebUiBuiltInKeywords.click(WebUiBuiltInKeywords.groovy:620)
	at com.kms.katalon.core.webui.keyword.WebUiBuiltInKeywords$click$2.call(Unknown Source)
	at PBY-004.run(PBY-004:33)
	at com.kms.katalon.core.main.ScriptEngine.run(ScriptEngine.java:194)
	at com.kms.katalon.core.main.ScriptEngine.runScriptAsRawText(ScriptEngine.java:119)
	at com.kms.katalon.core.main.TestCaseExecutor.runScript(TestCaseExecutor.java:448)
	at com.kms.katalon.core.main.TestCaseExecutor.doExecute(TestCaseExecutor.java:439)
	at com.kms.katalon.core.main.TestCaseExecutor.processExecutionPhase(TestCaseExecutor.java:418)
	at com.kms.katalon.core.main.TestCaseExecutor.accessMainPhase(TestCaseExecutor.java:410)
	at com.kms.katalon.core.main.TestCaseExecutor.execute(TestCaseExecutor.java:285)
	at com.kms.katalon.core.main.TestCaseMain.runTestCase(TestCaseMain.java:144)
	at com.kms.katalon.core.keyword.builtin.CallTestCaseKeyword$_callTestCase_closure1.doCall(CallTestCaseKeyword.groovy:59)
	... 84 more
Caused by: org.openqa.selenium.ElementNotInteractableException: Element &lt;a href=&quot;https://10.9.2.63/ecommerce/konfirmasi&quot;> could not be scrolled into view
Build info: version: '3.141.59', revision: 'e82be7d358', time: '2018-11-14T08:25:53'
System info: host: 'DESKTOP-H62FVJ8', ip: '10.9.2.72', os.name: 'Windows 10', os.arch: 'amd64', os.version: '10.0', java.version: '1.8.0_362'
Driver info: com.kms.katalon.core.webui.driver.firefox.CGeckoDriver
Capabilities {acceptInsecureCerts: true, browserName: firefox, browserVersion: 117.0.1, javascriptEnabled: true, moz:accessibilityChecks: false, moz:buildID: 20230912013654, moz:geckodriverVersion: 0.33.0, moz:headless: false, moz:platformVersion: 10.0, moz:processID: 2944, moz:profile: C:\Users\IRFAN\AppData\Loca..., moz:shutdownTimeout: 60000, moz:webdriverClick: true, moz:windowless: false, pageLoadStrategy: normal, platform: WINDOWS, platformName: WINDOWS, proxy: Proxy(direct), setWindowRect: true, strictFileInteractability: false, timeouts: {implicit: 0, pageLoad: 300000, script: 30000}, unhandledPromptBehavior: dismiss and notify}
Session ID: dc809d9c-364c-4b58-b2e8-d34ffd60a16a
	at org.openqa.selenium.remote.http.W3CHttpResponseCodec.createException(W3CHttpResponseCodec.java:187)
	at org.openqa.selenium.remote.http.W3CHttpResponseCodec.decode(W3CHttpResponseCodec.java:122)
	at org.openqa.selenium.remote.http.W3CHttpResponseCodec.decode(W3CHttpResponseCodec.java:49)
	at org.openqa.selenium.remote.HttpCommandExecutor.execute(HttpCommandExecutor.java:158)
	at org.openqa.selenium.remote.service.DriverCommandExecutor.execute(DriverCommandExecutor.java:83)
	at org.openqa.selenium.remote.RemoteWebDriver.execute(RemoteWebDriver.java:552)
	at com.kms.katalon.selenium.driver.CFirefoxDriver.execute(CFirefoxDriver.java:27)
	at org.openqa.selenium.remote.RemoteWebElement.execute(RemoteWebElement.java:285)
	at org.openqa.selenium.remote.RemoteWebElement.click(RemoteWebElement.java:84)
	at org.openqa.selenium.support.events.EventFiringWebDriver$EventFiringWebElement.lambda$new$0(EventFiringWebDriver.java:404)
	at com.sun.proxy.$Proxy11.click(Unknown Source)
	at org.openqa.selenium.support.events.EventFiringWebDriver$EventFiringWebElement.click(EventFiringWebDriver.java:417)
	at org.openqa.selenium.WebElement$click.call(Unknown Source)
	at com.kms.katalon.core.webui.keyword.builtin.ClickKeyword.clickUntilSuccessWithTimeout(ClickKeyword.groovy:81)
	at com.kms.katalon.core.webui.keyword.builtin.ClickKeyword.clickUntilSuccessWithTimeout(ClickKeyword.groovy)
	at com.kms.katalon.core.webui.keyword.builtin.ClickKeyword$_click_closure1.doCall(ClickKeyword.groovy:67)
	at com.kms.katalon.core.webui.keyword.builtin.ClickKeyword$_click_closure1.call(ClickKeyword.groovy)
	at com.kms.katalon.core.webui.keyword.internal.WebUIKeywordMain.runKeyword(WebUIKeywordMain.groovy:20)
	... 99 more
"/>
         <system-out><![CDATA[2023-10-04 20:51:25 - [TEST_CASE][FAILED] - Test Cases/T13 Pembelian, Shipment dan Pembayaran/SU-008: Test Cases/T13 Pembelian, Shipment dan Pembayaran/SU-008 FAILED.
Reason:
com.kms.katalon.core.exception.StepFailedException: Call Test Case 'Test Cases/T13 Pembelian, Shipment dan Pembayaran/SA-005' failed
	at com.kms.katalon.core.keyword.builtin.CallTestCaseKeyword$_callTestCase_closure1.doCall(CallTestCaseKeyword.groovy:63)
	at com.kms.katalon.core.keyword.builtin.CallTestCaseKeyword$_callTestCase_closure1.call(CallTestCaseKeyword.groovy)
	at com.kms.katalon.core.keyword.internal.KeywordMain.runKeyword(KeywordMain.groovy:75)
	at com.kms.katalon.core.keyword.builtin.CallTestCaseKeyword.callTestCase(CallTestCaseKeyword.groovy:81)
	at com.kms.katalon.core.keyword.builtin.CallTestCaseKeyword.execute(CallTestCaseKeyword.groovy:44)
	at com.kms.katalon.core.keyword.internal.KeywordExecutor.executeKeywordForPlatform(KeywordExecutor.groovy:74)
	at com.kms.katalon.core.keyword.BuiltinKeywords.callTestCase(BuiltinKeywords.groovy:310)
	at SU-008.run(SU-008:24)
	at com.kms.katalon.core.main.ScriptEngine.run(ScriptEngine.java:194)
	at com.kms.katalon.core.main.ScriptEngine.runScriptAsRawText(ScriptEngine.java:119)
	at com.kms.katalon.core.main.TestCaseExecutor.runScript(TestCaseExecutor.java:448)
	at com.kms.katalon.core.main.TestCaseExecutor.doExecute(TestCaseExecutor.java:439)
	at com.kms.katalon.core.main.TestCaseExecutor.processExecutionPhase(TestCaseExecutor.java:418)
	at com.kms.katalon.core.main.TestCaseExecutor.accessMainPhase(TestCaseExecutor.java:410)
	at com.kms.katalon.core.main.TestCaseExecutor.execute(TestCaseExecutor.java:285)
	at com.kms.katalon.core.common.CommonExecutor.accessTestCaseMainPhase(CommonExecutor.java:65)
	at com.kms.katalon.core.main.TestSuiteExecutor.accessTestSuiteMainPhase(TestSuiteExecutor.java:148)
	at com.kms.katalon.core.main.TestSuiteExecutor.execute(TestSuiteExecutor.java:106)
	at com.kms.katalon.core.main.TestCaseMain.startTestSuite(TestCaseMain.java:187)
	at com.kms.katalon.core.main.TestCaseMain$startTestSuite$0.call(Unknown Source)
	at TempTestSuite1696424348948.run(TempTestSuite1696424348948.groovy:36)
Caused by: com.kms.katalon.core.exception.StepFailedException: Call Test Case 'Test Cases/T13 Pembelian, Shipment dan Pembayaran/SA-002' failed
	at com.kms.katalon.core.keyword.builtin.CallTestCaseKeyword$_callTestCase_closure1.doCall(CallTestCaseKeyword.groovy:63)
	at com.kms.katalon.core.keyword.builtin.CallTestCaseKeyword$_callTestCase_closure1.call(CallTestCaseKeyword.groovy)
	at com.kms.katalon.core.keyword.internal.KeywordMain.runKeyword(KeywordMain.groovy:75)
	at com.kms.katalon.core.keyword.builtin.CallTestCaseKeyword.callTestCase(CallTestCaseKeyword.groovy:81)
	at com.kms.katalon.core.keyword.builtin.CallTestCaseKeyword.execute(CallTestCaseKeyword.groovy:44)
	at com.kms.katalon.core.keyword.internal.KeywordExecutor.executeKeywordForPlatform(KeywordExecutor.groovy:74)
	at com.kms.katalon.core.keyword.BuiltinKeywords.callTestCase(BuiltinKeywords.groovy:310)
	at SA-005.run(SA-005:20)
	at com.kms.katalon.core.main.ScriptEngine.run(ScriptEngine.java:194)
	at com.kms.katalon.core.main.ScriptEngine.runScriptAsRawText(ScriptEngine.java:119)
	at com.kms.katalon.core.main.TestCaseExecutor.runScript(TestCaseExecutor.java:448)
	at com.kms.katalon.core.main.TestCaseExecutor.doExecute(TestCaseExecutor.java:439)
	at com.kms.katalon.core.main.TestCaseExecutor.processExecutionPhase(TestCaseExecutor.java:418)
	at com.kms.katalon.core.main.TestCaseExecutor.accessMainPhase(TestCaseExecutor.java:410)
	at com.kms.katalon.core.main.TestCaseExecutor.execute(TestCaseExecutor.java:285)
	at com.kms.katalon.core.main.TestCaseMain.runTestCase(TestCaseMain.java:144)
	at com.kms.katalon.core.keyword.builtin.CallTestCaseKeyword$_callTestCase_closure1.doCall(CallTestCaseKeyword.groovy:59)
	... 20 more
Caused by: com.kms.katalon.core.exception.StepFailedException: Call Test Case 'Test Cases/T13 Pembelian, Shipment dan Pembayaran/SA-001' failed
	at com.kms.katalon.core.keyword.builtin.CallTestCaseKeyword$_callTestCase_closure1.doCall(CallTestCaseKeyword.groovy:63)
	at com.kms.katalon.core.keyword.builtin.CallTestCaseKeyword$_callTestCase_closure1.call(CallTestCaseKeyword.groovy)
	at com.kms.katalon.core.keyword.internal.KeywordMain.runKeyword(KeywordMain.groovy:75)
	at com.kms.katalon.core.keyword.builtin.CallTestCaseKeyword.callTestCase(CallTestCaseKeyword.groovy:81)
	at com.kms.katalon.core.keyword.builtin.CallTestCaseKeyword.execute(CallTestCaseKeyword.groovy:44)
	at com.kms.katalon.core.keyword.internal.KeywordExecutor.executeKeywordForPlatform(KeywordExecutor.groovy:74)
	at com.kms.katalon.core.keyword.BuiltinKeywords.callTestCase(BuiltinKeywords.groovy:310)
	at SA-002.run(SA-002:20)
	at com.kms.katalon.core.main.ScriptEngine.run(ScriptEngine.java:194)
	at com.kms.katalon.core.main.ScriptEngine.runScriptAsRawText(ScriptEngine.java:119)
	at com.kms.katalon.core.main.TestCaseExecutor.runScript(TestCaseExecutor.java:448)
	at com.kms.katalon.core.main.TestCaseExecutor.doExecute(TestCaseExecutor.java:439)
	at com.kms.katalon.core.main.TestCaseExecutor.processExecutionPhase(TestCaseExecutor.java:418)
	at com.kms.katalon.core.main.TestCaseExecutor.accessMainPhase(TestCaseExecutor.java:410)
	at com.kms.katalon.core.main.TestCaseExecutor.execute(TestCaseExecutor.java:285)
	at com.kms.katalon.core.main.TestCaseMain.runTestCase(TestCaseMain.java:144)
	at com.kms.katalon.core.keyword.builtin.CallTestCaseKeyword$_callTestCase_closure1.doCall(CallTestCaseKeyword.groovy:59)
	... 36 more
Caused by: com.kms.katalon.core.exception.StepFailedException: Call Test Case 'Test Cases/T13 Pembelian, Shipment dan Pembayaran/PBYA-001' failed
	at com.kms.katalon.core.keyword.builtin.CallTestCaseKeyword$_callTestCase_closure1.doCall(CallTestCaseKeyword.groovy:63)
	at com.kms.katalon.core.keyword.builtin.CallTestCaseKeyword$_callTestCase_closure1.call(CallTestCaseKeyword.groovy)
	at com.kms.katalon.core.keyword.internal.KeywordMain.runKeyword(KeywordMain.groovy:75)
	at com.kms.katalon.core.keyword.builtin.CallTestCaseKeyword.callTestCase(CallTestCaseKeyword.groovy:81)
	at com.kms.katalon.core.keyword.builtin.CallTestCaseKeyword.execute(CallTestCaseKeyword.groovy:44)
	at com.kms.katalon.core.keyword.internal.KeywordExecutor.executeKeywordForPlatform(KeywordExecutor.groovy:74)
	at com.kms.katalon.core.keyword.BuiltinKeywords.callTestCase(BuiltinKeywords.groovy:310)
	at SA-001.run(SA-001:20)
	at com.kms.katalon.core.main.ScriptEngine.run(ScriptEngine.java:194)
	at com.kms.katalon.core.main.ScriptEngine.runScriptAsRawText(ScriptEngine.java:119)
	at com.kms.katalon.core.main.TestCaseExecutor.runScript(TestCaseExecutor.java:448)
	at com.kms.katalon.core.main.TestCaseExecutor.doExecute(TestCaseExecutor.java:439)
	at com.kms.katalon.core.main.TestCaseExecutor.processExecutionPhase(TestCaseExecutor.java:418)
	at com.kms.katalon.core.main.TestCaseExecutor.accessMainPhase(TestCaseExecutor.java:410)
	at com.kms.katalon.core.main.TestCaseExecutor.execute(TestCaseExecutor.java:285)
	at com.kms.katalon.core.main.TestCaseMain.runTestCase(TestCaseMain.java:144)
	at com.kms.katalon.core.keyword.builtin.CallTestCaseKeyword$_callTestCase_closure1.doCall(CallTestCaseKeyword.groovy:59)
	... 52 more
Caused by: com.kms.katalon.core.exception.StepFailedException: Call Test Case 'Test Cases/T13 Pembelian, Shipment dan Pembayaran/PBY-004' failed
	at com.kms.katalon.core.keyword.builtin.CallTestCaseKeyword$_callTestCase_closure1.doCall(CallTestCaseKeyword.groovy:63)
	at com.kms.katalon.core.keyword.builtin.CallTestCaseKeyword$_callTestCase_closure1.call(CallTestCaseKeyword.groovy)
	at com.kms.katalon.core.keyword.internal.KeywordMain.runKeyword(KeywordMain.groovy:75)
	at com.kms.katalon.core.keyword.builtin.CallTestCaseKeyword.callTestCase(CallTestCaseKeyword.groovy:81)
	at com.kms.katalon.core.keyword.builtin.CallTestCaseKeyword.execute(CallTestCaseKeyword.groovy:44)
	at com.kms.katalon.core.keyword.internal.KeywordExecutor.executeKeywordForPlatform(KeywordExecutor.groovy:74)
	at com.kms.katalon.core.keyword.BuiltinKeywords.callTestCase(BuiltinKeywords.groovy:310)
	at PBYA-001.run(PBYA-001:20)
	at com.kms.katalon.core.main.ScriptEngine.run(ScriptEngine.java:194)
	at com.kms.katalon.core.main.ScriptEngine.runScriptAsRawText(ScriptEngine.java:119)
	at com.kms.katalon.core.main.TestCaseExecutor.runScript(TestCaseExecutor.java:448)
	at com.kms.katalon.core.main.TestCaseExecutor.doExecute(TestCaseExecutor.java:439)
	at com.kms.katalon.core.main.TestCaseExecutor.processExecutionPhase(TestCaseExecutor.java:418)
	at com.kms.katalon.core.main.TestCaseExecutor.accessMainPhase(TestCaseExecutor.java:410)
	at com.kms.katalon.core.main.TestCaseExecutor.execute(TestCaseExecutor.java:285)
	at com.kms.katalon.core.main.TestCaseMain.runTestCase(TestCaseMain.java:144)
	at com.kms.katalon.core.keyword.builtin.CallTestCaseKeyword$_callTestCase_closure1.doCall(CallTestCaseKeyword.groovy:59)
	... 68 more
Caused by: com.kms.katalon.core.exception.StepFailedException: Unable to click on object 'Object Repository/Konfirmasi pesanan shop/Konfirmasi Orders'
	at com.kms.katalon.core.webui.keyword.internal.WebUIKeywordMain.stepFailed(WebUIKeywordMain.groovy:64)
	at com.kms.katalon.core.webui.keyword.internal.WebUIKeywordMain.runKeyword(WebUIKeywordMain.groovy:26)
	at com.kms.katalon.core.webui.keyword.builtin.ClickKeyword.click(ClickKeyword.groovy:74)
	at com.kms.katalon.core.webui.keyword.builtin.ClickKeyword.execute(ClickKeyword.groovy:40)
	at com.kms.katalon.core.keyword.internal.KeywordExecutor.executeKeywordForPlatform(KeywordExecutor.groovy:74)
	at com.kms.katalon.core.webui.keyword.WebUiBuiltInKeywords.click(WebUiBuiltInKeywords.groovy:620)
	at com.kms.katalon.core.webui.keyword.WebUiBuiltInKeywords$click$2.call(Unknown Source)
	at PBY-004.run(PBY-004:33)
	at com.kms.katalon.core.main.ScriptEngine.run(ScriptEngine.java:194)
	at com.kms.katalon.core.main.ScriptEngine.runScriptAsRawText(ScriptEngine.java:119)
	at com.kms.katalon.core.main.TestCaseExecutor.runScript(TestCaseExecutor.java:448)
	at com.kms.katalon.core.main.TestCaseExecutor.doExecute(TestCaseExecutor.java:439)
	at com.kms.katalon.core.main.TestCaseExecutor.processExecutionPhase(TestCaseExecutor.java:418)
	at com.kms.katalon.core.main.TestCaseExecutor.accessMainPhase(TestCaseExecutor.java:410)
	at com.kms.katalon.core.main.TestCaseExecutor.execute(TestCaseExecutor.java:285)
	at com.kms.katalon.core.main.TestCaseMain.runTestCase(TestCaseMain.java:144)
	at com.kms.katalon.core.keyword.builtin.CallTestCaseKeyword$_callTestCase_closure1.doCall(CallTestCaseKeyword.groovy:59)
	... 84 more
Caused by: org.openqa.selenium.ElementNotInteractableException: Element <a href="https://10.9.2.63/ecommerce/konfirmasi"> could not be scrolled into view
Build info: version: '3.141.59', revision: 'e82be7d358', time: '2018-11-14T08:25:53'
System info: host: 'DESKTOP-H62FVJ8', ip: '10.9.2.72', os.name: 'Windows 10', os.arch: 'amd64', os.version: '10.0', java.version: '1.8.0_362'
Driver info: com.kms.katalon.core.webui.driver.firefox.CGeckoDriver
Capabilities {acceptInsecureCerts: true, browserName: firefox, browserVersion: 117.0.1, javascriptEnabled: true, moz:accessibilityChecks: false, moz:buildID: 20230912013654, moz:geckodriverVersion: 0.33.0, moz:headless: false, moz:platformVersion: 10.0, moz:processID: 2944, moz:profile: C:\Users\IRFAN\AppData\Loca..., moz:shutdownTimeout: 60000, moz:webdriverClick: true, moz:windowless: false, pageLoadStrategy: normal, platform: WINDOWS, platformName: WINDOWS, proxy: Proxy(direct), setWindowRect: true, strictFileInteractability: false, timeouts: {implicit: 0, pageLoad: 300000, script: 30000}, unhandledPromptBehavior: dismiss and notify}
Session ID: dc809d9c-364c-4b58-b2e8-d34ffd60a16a
	at org.openqa.selenium.remote.http.W3CHttpResponseCodec.createException(W3CHttpResponseCodec.java:187)
	at org.openqa.selenium.remote.http.W3CHttpResponseCodec.decode(W3CHttpResponseCodec.java:122)
	at org.openqa.selenium.remote.http.W3CHttpResponseCodec.decode(W3CHttpResponseCodec.java:49)
	at org.openqa.selenium.remote.HttpCommandExecutor.execute(HttpCommandExecutor.java:158)
	at org.openqa.selenium.remote.service.DriverCommandExecutor.execute(DriverCommandExecutor.java:83)
	at org.openqa.selenium.remote.RemoteWebDriver.execute(RemoteWebDriver.java:552)
	at com.kms.katalon.selenium.driver.CFirefoxDriver.execute(CFirefoxDriver.java:27)
	at org.openqa.selenium.remote.RemoteWebElement.execute(RemoteWebElement.java:285)
	at org.openqa.selenium.remote.RemoteWebElement.click(RemoteWebElement.java:84)
	at org.openqa.selenium.support.events.EventFiringWebDriver$EventFiringWebElement.lambda$new$0(EventFiringWebDriver.java:404)
	at com.sun.proxy.$Proxy11.click(Unknown Source)
	at org.openqa.selenium.support.events.EventFiringWebDriver$EventFiringWebElement.click(EventFiringWebDriver.java:417)
	at org.openqa.selenium.WebElement$click.call(Unknown Source)
	at com.kms.katalon.core.webui.keyword.builtin.ClickKeyword.clickUntilSuccessWithTimeout(ClickKeyword.groovy:81)
	at com.kms.katalon.core.webui.keyword.builtin.ClickKeyword.clickUntilSuccessWithTimeout(ClickKeyword.groovy)
	at com.kms.katalon.core.webui.keyword.builtin.ClickKeyword$_click_closure1.doCall(ClickKeyword.groovy:67)
	at com.kms.katalon.core.webui.keyword.builtin.ClickKeyword$_click_closure1.call(ClickKeyword.groovy)
	at com.kms.katalon.core.webui.keyword.internal.WebUIKeywordMain.runKeyword(WebUIKeywordMain.groovy:20)
	... 99 more


2023-10-04 20:51:25 - [TEST_STEP][FAILED] - data = callTestCase(findTestCase("T13 Pembelian, Shipment dan Pembayaran/SA-005"), [:], STOP_ON_FAILURE): Unable to call Test Case 'Test Cases/T13 Pembelian, Shipment dan Pembayaran/SA-005' (Root cause: com.kms.katalon.core.exception.StepFailedException: Call Test Case 'Test Cases/T13 Pembelian, Shipment dan Pembayaran/SA-005' failed
	at com.kms.katalon.core.keyword.builtin.CallTestCaseKeyword$_callTestCase_closure1.doCall(CallTestCaseKeyword.groovy:63)
	at com.kms.katalon.core.keyword.builtin.CallTestCaseKeyword$_callTestCase_closure1.call(CallTestCaseKeyword.groovy)
	at com.kms.katalon.core.keyword.internal.KeywordMain.runKeyword(KeywordMain.groovy:75)
	at com.kms.katalon.core.keyword.builtin.CallTestCaseKeyword.callTestCase(CallTestCaseKeyword.groovy:81)
	at com.kms.katalon.core.keyword.builtin.CallTestCaseKeyword.execute(CallTestCaseKeyword.groovy:44)
	at com.kms.katalon.core.keyword.internal.KeywordExecutor.executeKeywordForPlatform(KeywordExecutor.groovy:74)
	at com.kms.katalon.core.keyword.BuiltinKeywords.callTestCase(BuiltinKeywords.groovy:310)
	at SU-008.run(SU-008:24)
	at com.kms.katalon.core.main.ScriptEngine.run(ScriptEngine.java:194)
	at com.kms.katalon.core.main.ScriptEngine.runScriptAsRawText(ScriptEngine.java:119)
	at com.kms.katalon.core.main.TestCaseExecutor.runScript(TestCaseExecutor.java:448)
	at com.kms.katalon.core.main.TestCaseExecutor.doExecute(TestCaseExecutor.java:439)
	at com.kms.katalon.core.main.TestCaseExecutor.processExecutionPhase(TestCaseExecutor.java:418)
	at com.kms.katalon.core.main.TestCaseExecutor.accessMainPhase(TestCaseExecutor.java:410)
	at com.kms.katalon.core.main.TestCaseExecutor.execute(TestCaseExecutor.java:285)
	at com.kms.katalon.core.common.CommonExecutor.accessTestCaseMainPhase(CommonExecutor.java:65)
	at com.kms.katalon.core.main.TestSuiteExecutor.accessTestSuiteMainPhase(TestSuiteExecutor.java:148)
	at com.kms.katalon.core.main.TestSuiteExecutor.execute(TestSuiteExecutor.java:106)
	at com.kms.katalon.core.main.TestCaseMain.startTestSuite(TestCaseMain.java:187)
	at com.kms.katalon.core.main.TestCaseMain$startTestSuite$0.call(Unknown Source)
	at TempTestSuite1696424348948.run(TempTestSuite1696424348948.groovy:36)
Caused by: com.kms.katalon.core.exception.StepFailedException: Call Test Case 'Test Cases/T13 Pembelian, Shipment dan Pembayaran/SA-002' failed
	at com.kms.katalon.core.keyword.builtin.CallTestCaseKeyword$_callTestCase_closure1.doCall(CallTestCaseKeyword.groovy:63)
	at com.kms.katalon.core.keyword.builtin.CallTestCaseKeyword$_callTestCase_closure1.call(CallTestCaseKeyword.groovy)
	at com.kms.katalon.core.keyword.internal.KeywordMain.runKeyword(KeywordMain.groovy:75)
	at com.kms.katalon.core.keyword.builtin.CallTestCaseKeyword.callTestCase(CallTestCaseKeyword.groovy:81)
	at com.kms.katalon.core.keyword.builtin.CallTestCaseKeyword.execute(CallTestCaseKeyword.groovy:44)
	at com.kms.katalon.core.keyword.internal.KeywordExecutor.executeKeywordForPlatform(KeywordExecutor.groovy:74)
	at com.kms.katalon.core.keyword.BuiltinKeywords.callTestCase(BuiltinKeywords.groovy:310)
	at SA-005.run(SA-005:20)
	at com.kms.katalon.core.main.ScriptEngine.run(ScriptEngine.java:194)
	at com.kms.katalon.core.main.ScriptEngine.runScriptAsRawText(ScriptEngine.java:119)
	at com.kms.katalon.core.main.TestCaseExecutor.runScript(TestCaseExecutor.java:448)
	at com.kms.katalon.core.main.TestCaseExecutor.doExecute(TestCaseExecutor.java:439)
	at com.kms.katalon.core.main.TestCaseExecutor.processExecutionPhase(TestCaseExecutor.java:418)
	at com.kms.katalon.core.main.TestCaseExecutor.accessMainPhase(TestCaseExecutor.java:410)
	at com.kms.katalon.core.main.TestCaseExecutor.execute(TestCaseExecutor.java:285)
	at com.kms.katalon.core.main.TestCaseMain.runTestCase(TestCaseMain.java:144)
	at com.kms.katalon.core.keyword.builtin.CallTestCaseKeyword$_callTestCase_closure1.doCall(CallTestCaseKeyword.groovy:59)
	... 20 more
Caused by: com.kms.katalon.core.exception.StepFailedException: Call Test Case 'Test Cases/T13 Pembelian, Shipment dan Pembayaran/SA-001' failed
	at com.kms.katalon.core.keyword.builtin.CallTestCaseKeyword$_callTestCase_closure1.doCall(CallTestCaseKeyword.groovy:63)
	at com.kms.katalon.core.keyword.builtin.CallTestCaseKeyword$_callTestCase_closure1.call(CallTestCaseKeyword.groovy)
	at com.kms.katalon.core.keyword.internal.KeywordMain.runKeyword(KeywordMain.groovy:75)
	at com.kms.katalon.core.keyword.builtin.CallTestCaseKeyword.callTestCase(CallTestCaseKeyword.groovy:81)
	at com.kms.katalon.core.keyword.builtin.CallTestCaseKeyword.execute(CallTestCaseKeyword.groovy:44)
	at com.kms.katalon.core.keyword.internal.KeywordExecutor.executeKeywordForPlatform(KeywordExecutor.groovy:74)
	at com.kms.katalon.core.keyword.BuiltinKeywords.callTestCase(BuiltinKeywords.groovy:310)
	at SA-002.run(SA-002:20)
	at com.kms.katalon.core.main.ScriptEngine.run(ScriptEngine.java:194)
	at com.kms.katalon.core.main.ScriptEngine.runScriptAsRawText(ScriptEngine.java:119)
	at com.kms.katalon.core.main.TestCaseExecutor.runScript(TestCaseExecutor.java:448)
	at com.kms.katalon.core.main.TestCaseExecutor.doExecute(TestCaseExecutor.java:439)
	at com.kms.katalon.core.main.TestCaseExecutor.processExecutionPhase(TestCaseExecutor.java:418)
	at com.kms.katalon.core.main.TestCaseExecutor.accessMainPhase(TestCaseExecutor.java:410)
	at com.kms.katalon.core.main.TestCaseExecutor.execute(TestCaseExecutor.java:285)
	at com.kms.katalon.core.main.TestCaseMain.runTestCase(TestCaseMain.java:144)
	at com.kms.katalon.core.keyword.builtin.CallTestCaseKeyword$_callTestCase_closure1.doCall(CallTestCaseKeyword.groovy:59)
	... 36 more
Caused by: com.kms.katalon.core.exception.StepFailedException: Call Test Case 'Test Cases/T13 Pembelian, Shipment dan Pembayaran/PBYA-001' failed
	at com.kms.katalon.core.keyword.builtin.CallTestCaseKeyword$_callTestCase_closure1.doCall(CallTestCaseKeyword.groovy:63)
	at com.kms.katalon.core.keyword.builtin.CallTestCaseKeyword$_callTestCase_closure1.call(CallTestCaseKeyword.groovy)
	at com.kms.katalon.core.keyword.internal.KeywordMain.runKeyword(KeywordMain.groovy:75)
	at com.kms.katalon.core.keyword.builtin.CallTestCaseKeyword.callTestCase(CallTestCaseKeyword.groovy:81)
	at com.kms.katalon.core.keyword.builtin.CallTestCaseKeyword.execute(CallTestCaseKeyword.groovy:44)
	at com.kms.katalon.core.keyword.internal.KeywordExecutor.executeKeywordForPlatform(KeywordExecutor.groovy:74)
	at com.kms.katalon.core.keyword.BuiltinKeywords.callTestCase(BuiltinKeywords.groovy:310)
	at SA-001.run(SA-001:20)
	at com.kms.katalon.core.main.ScriptEngine.run(ScriptEngine.java:194)
	at com.kms.katalon.core.main.ScriptEngine.runScriptAsRawText(ScriptEngine.java:119)
	at com.kms.katalon.core.main.TestCaseExecutor.runScript(TestCaseExecutor.java:448)
	at com.kms.katalon.core.main.TestCaseExecutor.doExecute(TestCaseExecutor.java:439)
	at com.kms.katalon.core.main.TestCaseExecutor.processExecutionPhase(TestCaseExecutor.java:418)
	at com.kms.katalon.core.main.TestCaseExecutor.accessMainPhase(TestCaseExecutor.java:410)
	at com.kms.katalon.core.main.TestCaseExecutor.execute(TestCaseExecutor.java:285)
	at com.kms.katalon.core.main.TestCaseMain.runTestCase(TestCaseMain.java:144)
	at com.kms.katalon.core.keyword.builtin.CallTestCaseKeyword$_callTestCase_closure1.doCall(CallTestCaseKeyword.groovy:59)
	... 52 more
Caused by: com.kms.katalon.core.exception.StepFailedException: Call Test Case 'Test Cases/T13 Pembelian, Shipment dan Pembayaran/PBY-004' failed
	at com.kms.katalon.core.keyword.builtin.CallTestCaseKeyword$_callTestCase_closure1.doCall(CallTestCaseKeyword.groovy:63)
	at com.kms.katalon.core.keyword.builtin.CallTestCaseKeyword$_callTestCase_closure1.call(CallTestCaseKeyword.groovy)
	at com.kms.katalon.core.keyword.internal.KeywordMain.runKeyword(KeywordMain.groovy:75)
	at com.kms.katalon.core.keyword.builtin.CallTestCaseKeyword.callTestCase(CallTestCaseKeyword.groovy:81)
	at com.kms.katalon.core.keyword.builtin.CallTestCaseKeyword.execute(CallTestCaseKeyword.groovy:44)
	at com.kms.katalon.core.keyword.internal.KeywordExecutor.executeKeywordForPlatform(KeywordExecutor.groovy:74)
	at com.kms.katalon.core.keyword.BuiltinKeywords.callTestCase(BuiltinKeywords.groovy:310)
	at PBYA-001.run(PBYA-001:20)
	at com.kms.katalon.core.main.ScriptEngine.run(ScriptEngine.java:194)
	at com.kms.katalon.core.main.ScriptEngine.runScriptAsRawText(ScriptEngine.java:119)
	at com.kms.katalon.core.main.TestCaseExecutor.runScript(TestCaseExecutor.java:448)
	at com.kms.katalon.core.main.TestCaseExecutor.doExecute(TestCaseExecutor.java:439)
	at com.kms.katalon.core.main.TestCaseExecutor.processExecutionPhase(TestCaseExecutor.java:418)
	at com.kms.katalon.core.main.TestCaseExecutor.accessMainPhase(TestCaseExecutor.java:410)
	at com.kms.katalon.core.main.TestCaseExecutor.execute(TestCaseExecutor.java:285)
	at com.kms.katalon.core.main.TestCaseMain.runTestCase(TestCaseMain.java:144)
	at com.kms.katalon.core.keyword.builtin.CallTestCaseKeyword$_callTestCase_closure1.doCall(CallTestCaseKeyword.groovy:59)
	... 68 more
Caused by: com.kms.katalon.core.exception.StepFailedException: Unable to click on object 'Object Repository/Konfirmasi pesanan shop/Konfirmasi Orders'
	at com.kms.katalon.core.webui.keyword.internal.WebUIKeywordMain.stepFailed(WebUIKeywordMain.groovy:64)
	at com.kms.katalon.core.webui.keyword.internal.WebUIKeywordMain.runKeyword(WebUIKeywordMain.groovy:26)
	at com.kms.katalon.core.webui.keyword.builtin.ClickKeyword.click(ClickKeyword.groovy:74)
	at com.kms.katalon.core.webui.keyword.builtin.ClickKeyword.execute(ClickKeyword.groovy:40)
	at com.kms.katalon.core.keyword.internal.KeywordExecutor.executeKeywordForPlatform(KeywordExecutor.groovy:74)
	at com.kms.katalon.core.webui.keyword.WebUiBuiltInKeywords.click(WebUiBuiltInKeywords.groovy:620)
	at com.kms.katalon.core.webui.keyword.WebUiBuiltInKeywords$click$2.call(Unknown Source)
	at PBY-004.run(PBY-004:33)
	at com.kms.katalon.core.main.ScriptEngine.run(ScriptEngine.java:194)
	at com.kms.katalon.core.main.ScriptEngine.runScriptAsRawText(ScriptEngine.java:119)
	at com.kms.katalon.core.main.TestCaseExecutor.runScript(TestCaseExecutor.java:448)
	at com.kms.katalon.core.main.TestCaseExecutor.doExecute(TestCaseExecutor.java:439)
	at com.kms.katalon.core.main.TestCaseExecutor.processExecutionPhase(TestCaseExecutor.java:418)
	at com.kms.katalon.core.main.TestCaseExecutor.accessMainPhase(TestCaseExecutor.java:410)
	at com.kms.katalon.core.main.TestCaseExecutor.execute(TestCaseExecutor.java:285)
	at com.kms.katalon.core.main.TestCaseMain.runTestCase(TestCaseMain.java:144)
	at com.kms.katalon.core.keyword.builtin.CallTestCaseKeyword$_callTestCase_closure1.doCall(CallTestCaseKeyword.groovy:59)
	... 84 more
Caused by: org.openqa.selenium.ElementNotInteractableException: Element <a href="https://10.9.2.63/ecommerce/konfirmasi"> could not be scrolled into view
Build info: version: '3.141.59', revision: 'e82be7d358', time: '2018-11-14T08:25:53'
System info: host: 'DESKTOP-H62FVJ8', ip: '10.9.2.72', os.name: 'Windows 10', os.arch: 'amd64', os.version: '10.0', java.version: '1.8.0_362'
Driver info: com.kms.katalon.core.webui.driver.firefox.CGeckoDriver
Capabilities {acceptInsecureCerts: true, browserName: firefox, browserVersion: 117.0.1, javascriptEnabled: true, moz:accessibilityChecks: false, moz:buildID: 20230912013654, moz:geckodriverVersion: 0.33.0, moz:headless: false, moz:platformVersion: 10.0, moz:processID: 2944, moz:profile: C:\Users\IRFAN\AppData\Loca..., moz:shutdownTimeout: 60000, moz:webdriverClick: true, moz:windowless: false, pageLoadStrategy: normal, platform: WINDOWS, platformName: WINDOWS, proxy: Proxy(direct), setWindowRect: true, strictFileInteractability: false, timeouts: {implicit: 0, pageLoad: 300000, script: 30000}, unhandledPromptBehavior: dismiss and notify}
Session ID: dc809d9c-364c-4b58-b2e8-d34ffd60a16a
	at org.openqa.selenium.remote.http.W3CHttpResponseCodec.createException(W3CHttpResponseCodec.java:187)
	at org.openqa.selenium.remote.http.W3CHttpResponseCodec.decode(W3CHttpResponseCodec.java:122)
	at org.openqa.selenium.remote.http.W3CHttpResponseCodec.decode(W3CHttpResponseCodec.java:49)
	at org.openqa.selenium.remote.HttpCommandExecutor.execute(HttpCommandExecutor.java:158)
	at org.openqa.selenium.remote.service.DriverCommandExecutor.execute(DriverCommandExecutor.java:83)
	at org.openqa.selenium.remote.RemoteWebDriver.execute(RemoteWebDriver.java:552)
	at com.kms.katalon.selenium.driver.CFirefoxDriver.execute(CFirefoxDriver.java:27)
	at org.openqa.selenium.remote.RemoteWebElement.execute(RemoteWebElement.java:285)
	at org.openqa.selenium.remote.RemoteWebElement.click(RemoteWebElement.java:84)
	at org.openqa.selenium.support.events.EventFiringWebDriver$EventFiringWebElement.lambda$new$0(EventFiringWebDriver.java:404)
	at com.sun.proxy.$Proxy11.click(Unknown Source)
	at org.openqa.selenium.support.events.EventFiringWebDriver$EventFiringWebElement.click(EventFiringWebDriver.java:417)
	at org.openqa.selenium.WebElement$click.call(Unknown Source)
	at com.kms.katalon.core.webui.keyword.builtin.ClickKeyword.clickUntilSuccessWithTimeout(ClickKeyword.groovy:81)
	at com.kms.katalon.core.webui.keyword.builtin.ClickKeyword.clickUntilSuccessWithTimeout(ClickKeyword.groovy)
	at com.kms.katalon.core.webui.keyword.builtin.ClickKeyword$_click_closure1.doCall(ClickKeyword.groovy:67)
	at com.kms.katalon.core.webui.keyword.builtin.ClickKeyword$_click_closure1.call(ClickKeyword.groovy)
	at com.kms.katalon.core.webui.keyword.internal.WebUIKeywordMain.runKeyword(WebUIKeywordMain.groovy:20)
	... 99 more
)

2023-10-04 20:51:26 - [TEST_CASE][FAILED] - Test Cases/T13 Pembelian, Shipment dan Pembayaran/SA-005: Test Cases/T13 Pembelian, Shipment dan Pembayaran/SA-005 FAILED.
Reason:
com.kms.katalon.core.exception.StepFailedException: Call Test Case 'Test Cases/T13 Pembelian, Shipment dan Pembayaran/SA-002' failed
	at com.kms.katalon.core.keyword.builtin.CallTestCaseKeyword$_callTestCase_closure1.doCall(CallTestCaseKeyword.groovy:63)
	at com.kms.katalon.core.keyword.builtin.CallTestCaseKeyword$_callTestCase_closure1.call(CallTestCaseKeyword.groovy)
	at com.kms.katalon.core.keyword.internal.KeywordMain.runKeyword(KeywordMain.groovy:75)
	at com.kms.katalon.core.keyword.builtin.CallTestCaseKeyword.callTestCase(CallTestCaseKeyword.groovy:81)
	at com.kms.katalon.core.keyword.builtin.CallTestCaseKeyword.execute(CallTestCaseKeyword.groovy:44)
	at com.kms.katalon.core.keyword.internal.KeywordExecutor.executeKeywordForPlatform(KeywordExecutor.groovy:74)
	at com.kms.katalon.core.keyword.BuiltinKeywords.callTestCase(BuiltinKeywords.groovy:310)
	at SA-005.run(SA-005:20)
	at com.kms.katalon.core.main.ScriptEngine.run(ScriptEngine.java:194)
	at com.kms.katalon.core.main.ScriptEngine.runScriptAsRawText(ScriptEngine.java:119)
	at com.kms.katalon.core.main.TestCaseExecutor.runScript(TestCaseExecutor.java:448)
	at com.kms.katalon.core.main.TestCaseExecutor.doExecute(TestCaseExecutor.java:439)
	at com.kms.katalon.core.main.TestCaseExecutor.processExecutionPhase(TestCaseExecutor.java:418)
	at com.kms.katalon.core.main.TestCaseExecutor.accessMainPhase(TestCaseExecutor.java:410)
	at com.kms.katalon.core.main.TestCaseExecutor.execute(TestCaseExecutor.java:285)
	at com.kms.katalon.core.main.TestCaseMain.runTestCase(TestCaseMain.java:144)
	at com.kms.katalon.core.keyword.builtin.CallTestCaseKeyword$_callTestCase_closure1.doCall(CallTestCaseKeyword.groovy:59)
	at com.kms.katalon.core.keyword.builtin.CallTestCaseKeyword$_callTestCase_closure1.call(CallTestCaseKeyword.groovy)
	at com.kms.katalon.core.keyword.internal.KeywordMain.runKeyword(KeywordMain.groovy:75)
	at com.kms.katalon.core.keyword.builtin.CallTestCaseKeyword.callTestCase(CallTestCaseKeyword.groovy:81)
	at com.kms.katalon.core.keyword.builtin.CallTestCaseKeyword.execute(CallTestCaseKeyword.groovy:44)
	at com.kms.katalon.core.keyword.internal.KeywordExecutor.executeKeywordForPlatform(KeywordExecutor.groovy:74)
	at com.kms.katalon.core.keyword.BuiltinKeywords.callTestCase(BuiltinKeywords.groovy:310)
	at SU-008.run(SU-008:24)
	at com.kms.katalon.core.main.ScriptEngine.run(ScriptEngine.java:194)
	at com.kms.katalon.core.main.ScriptEngine.runScriptAsRawText(ScriptEngine.java:119)
	at com.kms.katalon.core.main.TestCaseExecutor.runScript(TestCaseExecutor.java:448)
	at com.kms.katalon.core.main.TestCaseExecutor.doExecute(TestCaseExecutor.java:439)
	at com.kms.katalon.core.main.TestCaseExecutor.processExecutionPhase(TestCaseExecutor.java:418)
	at com.kms.katalon.core.main.TestCaseExecutor.accessMainPhase(TestCaseExecutor.java:410)
	at com.kms.katalon.core.main.TestCaseExecutor.execute(TestCaseExecutor.java:285)
	at com.kms.katalon.core.common.CommonExecutor.accessTestCaseMainPhase(CommonExecutor.java:65)
	at com.kms.katalon.core.main.TestSuiteExecutor.accessTestSuiteMainPhase(TestSuiteExecutor.java:148)
	at com.kms.katalon.core.main.TestSuiteExecutor.execute(TestSuiteExecutor.java:106)
	at com.kms.katalon.core.main.TestCaseMain.startTestSuite(TestCaseMain.java:187)
	at com.kms.katalon.core.main.TestCaseMain$startTestSuite$0.call(Unknown Source)
	at TempTestSuite1696424348948.run(TempTestSuite1696424348948.groovy:36)
Caused by: com.kms.katalon.core.exception.StepFailedException: Call Test Case 'Test Cases/T13 Pembelian, Shipment dan Pembayaran/SA-001' failed
	at com.kms.katalon.core.keyword.builtin.CallTestCaseKeyword$_callTestCase_closure1.doCall(CallTestCaseKeyword.groovy:63)
	at com.kms.katalon.core.keyword.builtin.CallTestCaseKeyword$_callTestCase_closure1.call(CallTestCaseKeyword.groovy)
	at com.kms.katalon.core.keyword.internal.KeywordMain.runKeyword(KeywordMain.groovy:75)
	at com.kms.katalon.core.keyword.builtin.CallTestCaseKeyword.callTestCase(CallTestCaseKeyword.groovy:81)
	at com.kms.katalon.core.keyword.builtin.CallTestCaseKeyword.execute(CallTestCaseKeyword.groovy:44)
	at com.kms.katalon.core.keyword.internal.KeywordExecutor.executeKeywordForPlatform(KeywordExecutor.groovy:74)
	at com.kms.katalon.core.keyword.BuiltinKeywords.callTestCase(BuiltinKeywords.groovy:310)
	at SA-002.run(SA-002:20)
	at com.kms.katalon.core.main.ScriptEngine.run(ScriptEngine.java:194)
	at com.kms.katalon.core.main.ScriptEngine.runScriptAsRawText(ScriptEngine.java:119)
	at com.kms.katalon.core.main.TestCaseExecutor.runScript(TestCaseExecutor.java:448)
	at com.kms.katalon.core.main.TestCaseExecutor.doExecute(TestCaseExecutor.java:439)
	at com.kms.katalon.core.main.TestCaseExecutor.processExecutionPhase(TestCaseExecutor.java:418)
	at com.kms.katalon.core.main.TestCaseExecutor.accessMainPhase(TestCaseExecutor.java:410)
	at com.kms.katalon.core.main.TestCaseExecutor.execute(TestCaseExecutor.java:285)
	at com.kms.katalon.core.main.TestCaseMain.runTestCase(TestCaseMain.java:144)
	at com.kms.katalon.core.keyword.builtin.CallTestCaseKeyword$_callTestCase_closure1.doCall(CallTestCaseKeyword.groovy:59)
	... 36 more
Caused by: com.kms.katalon.core.exception.StepFailedException: Call Test Case 'Test Cases/T13 Pembelian, Shipment dan Pembayaran/PBYA-001' failed
	at com.kms.katalon.core.keyword.builtin.CallTestCaseKeyword$_callTestCase_closure1.doCall(CallTestCaseKeyword.groovy:63)
	at com.kms.katalon.core.keyword.builtin.CallTestCaseKeyword$_callTestCase_closure1.call(CallTestCaseKeyword.groovy)
	at com.kms.katalon.core.keyword.internal.KeywordMain.runKeyword(KeywordMain.groovy:75)
	at com.kms.katalon.core.keyword.builtin.CallTestCaseKeyword.callTestCase(CallTestCaseKeyword.groovy:81)
	at com.kms.katalon.core.keyword.builtin.CallTestCaseKeyword.execute(CallTestCaseKeyword.groovy:44)
	at com.kms.katalon.core.keyword.internal.KeywordExecutor.executeKeywordForPlatform(KeywordExecutor.groovy:74)
	at com.kms.katalon.core.keyword.BuiltinKeywords.callTestCase(BuiltinKeywords.groovy:310)
	at SA-001.run(SA-001:20)
	at com.kms.katalon.core.main.ScriptEngine.run(ScriptEngine.java:194)
	at com.kms.katalon.core.main.ScriptEngine.runScriptAsRawText(ScriptEngine.java:119)
	at com.kms.katalon.core.main.TestCaseExecutor.runScript(TestCaseExecutor.java:448)
	at com.kms.katalon.core.main.TestCaseExecutor.doExecute(TestCaseExecutor.java:439)
	at com.kms.katalon.core.main.TestCaseExecutor.processExecutionPhase(TestCaseExecutor.java:418)
	at com.kms.katalon.core.main.TestCaseExecutor.accessMainPhase(TestCaseExecutor.java:410)
	at com.kms.katalon.core.main.TestCaseExecutor.execute(TestCaseExecutor.java:285)
	at com.kms.katalon.core.main.TestCaseMain.runTestCase(TestCaseMain.java:144)
	at com.kms.katalon.core.keyword.builtin.CallTestCaseKeyword$_callTestCase_closure1.doCall(CallTestCaseKeyword.groovy:59)
	... 52 more
Caused by: com.kms.katalon.core.exception.StepFailedException: Call Test Case 'Test Cases/T13 Pembelian, Shipment dan Pembayaran/PBY-004' failed
	at com.kms.katalon.core.keyword.builtin.CallTestCaseKeyword$_callTestCase_closure1.doCall(CallTestCaseKeyword.groovy:63)
	at com.kms.katalon.core.keyword.builtin.CallTestCaseKeyword$_callTestCase_closure1.call(CallTestCaseKeyword.groovy)
	at com.kms.katalon.core.keyword.internal.KeywordMain.runKeyword(KeywordMain.groovy:75)
	at com.kms.katalon.core.keyword.builtin.CallTestCaseKeyword.callTestCase(CallTestCaseKeyword.groovy:81)
	at com.kms.katalon.core.keyword.builtin.CallTestCaseKeyword.execute(CallTestCaseKeyword.groovy:44)
	at com.kms.katalon.core.keyword.internal.KeywordExecutor.executeKeywordForPlatform(KeywordExecutor.groovy:74)
	at com.kms.katalon.core.keyword.BuiltinKeywords.callTestCase(BuiltinKeywords.groovy:310)
	at PBYA-001.run(PBYA-001:20)
	at com.kms.katalon.core.main.ScriptEngine.run(ScriptEngine.java:194)
	at com.kms.katalon.core.main.ScriptEngine.runScriptAsRawText(ScriptEngine.java:119)
	at com.kms.katalon.core.main.TestCaseExecutor.runScript(TestCaseExecutor.java:448)
	at com.kms.katalon.core.main.TestCaseExecutor.doExecute(TestCaseExecutor.java:439)
	at com.kms.katalon.core.main.TestCaseExecutor.processExecutionPhase(TestCaseExecutor.java:418)
	at com.kms.katalon.core.main.TestCaseExecutor.accessMainPhase(TestCaseExecutor.java:410)
	at com.kms.katalon.core.main.TestCaseExecutor.execute(TestCaseExecutor.java:285)
	at com.kms.katalon.core.main.TestCaseMain.runTestCase(TestCaseMain.java:144)
	at com.kms.katalon.core.keyword.builtin.CallTestCaseKeyword$_callTestCase_closure1.doCall(CallTestCaseKeyword.groovy:59)
	... 68 more
Caused by: com.kms.katalon.core.exception.StepFailedException: Unable to click on object 'Object Repository/Konfirmasi pesanan shop/Konfirmasi Orders'
	at com.kms.katalon.core.webui.keyword.internal.WebUIKeywordMain.stepFailed(WebUIKeywordMain.groovy:64)
	at com.kms.katalon.core.webui.keyword.internal.WebUIKeywordMain.runKeyword(WebUIKeywordMain.groovy:26)
	at com.kms.katalon.core.webui.keyword.builtin.ClickKeyword.click(ClickKeyword.groovy:74)
	at com.kms.katalon.core.webui.keyword.builtin.ClickKeyword.execute(ClickKeyword.groovy:40)
	at com.kms.katalon.core.keyword.internal.KeywordExecutor.executeKeywordForPlatform(KeywordExecutor.groovy:74)
	at com.kms.katalon.core.webui.keyword.WebUiBuiltInKeywords.click(WebUiBuiltInKeywords.groovy:620)
	at com.kms.katalon.core.webui.keyword.WebUiBuiltInKeywords$click$2.call(Unknown Source)
	at PBY-004.run(PBY-004:33)
	at com.kms.katalon.core.main.ScriptEngine.run(ScriptEngine.java:194)
	at com.kms.katalon.core.main.ScriptEngine.runScriptAsRawText(ScriptEngine.java:119)
	at com.kms.katalon.core.main.TestCaseExecutor.runScript(TestCaseExecutor.java:448)
	at com.kms.katalon.core.main.TestCaseExecutor.doExecute(TestCaseExecutor.java:439)
	at com.kms.katalon.core.main.TestCaseExecutor.processExecutionPhase(TestCaseExecutor.java:418)
	at com.kms.katalon.core.main.TestCaseExecutor.accessMainPhase(TestCaseExecutor.java:410)
	at com.kms.katalon.core.main.TestCaseExecutor.execute(TestCaseExecutor.java:285)
	at com.kms.katalon.core.main.TestCaseMain.runTestCase(TestCaseMain.java:144)
	at com.kms.katalon.core.keyword.builtin.CallTestCaseKeyword$_callTestCase_closure1.doCall(CallTestCaseKeyword.groovy:59)
	... 84 more
Caused by: org.openqa.selenium.ElementNotInteractableException: Element <a href="https://10.9.2.63/ecommerce/konfirmasi"> could not be scrolled into view
Build info: version: '3.141.59', revision: 'e82be7d358', time: '2018-11-14T08:25:53'
System info: host: 'DESKTOP-H62FVJ8', ip: '10.9.2.72', os.name: 'Windows 10', os.arch: 'amd64', os.version: '10.0', java.version: '1.8.0_362'
Driver info: com.kms.katalon.core.webui.driver.firefox.CGeckoDriver
Capabilities {acceptInsecureCerts: true, browserName: firefox, browserVersion: 117.0.1, javascriptEnabled: true, moz:accessibilityChecks: false, moz:buildID: 20230912013654, moz:geckodriverVersion: 0.33.0, moz:headless: false, moz:platformVersion: 10.0, moz:processID: 2944, moz:profile: C:\Users\IRFAN\AppData\Loca..., moz:shutdownTimeout: 60000, moz:webdriverClick: true, moz:windowless: false, pageLoadStrategy: normal, platform: WINDOWS, platformName: WINDOWS, proxy: Proxy(direct), setWindowRect: true, strictFileInteractability: false, timeouts: {implicit: 0, pageLoad: 300000, script: 30000}, unhandledPromptBehavior: dismiss and notify}
Session ID: dc809d9c-364c-4b58-b2e8-d34ffd60a16a
	at org.openqa.selenium.remote.http.W3CHttpResponseCodec.createException(W3CHttpResponseCodec.java:187)
	at org.openqa.selenium.remote.http.W3CHttpResponseCodec.decode(W3CHttpResponseCodec.java:122)
	at org.openqa.selenium.remote.http.W3CHttpResponseCodec.decode(W3CHttpResponseCodec.java:49)
	at org.openqa.selenium.remote.HttpCommandExecutor.execute(HttpCommandExecutor.java:158)
	at org.openqa.selenium.remote.service.DriverCommandExecutor.execute(DriverCommandExecutor.java:83)
	at org.openqa.selenium.remote.RemoteWebDriver.execute(RemoteWebDriver.java:552)
	at com.kms.katalon.selenium.driver.CFirefoxDriver.execute(CFirefoxDriver.java:27)
	at org.openqa.selenium.remote.RemoteWebElement.execute(RemoteWebElement.java:285)
	at org.openqa.selenium.remote.RemoteWebElement.click(RemoteWebElement.java:84)
	at org.openqa.selenium.support.events.EventFiringWebDriver$EventFiringWebElement.lambda$new$0(EventFiringWebDriver.java:404)
	at com.sun.proxy.$Proxy11.click(Unknown Source)
	at org.openqa.selenium.support.events.EventFiringWebDriver$EventFiringWebElement.click(EventFiringWebDriver.java:417)
	at org.openqa.selenium.WebElement$click.call(Unknown Source)
	at com.kms.katalon.core.webui.keyword.builtin.ClickKeyword.clickUntilSuccessWithTimeout(ClickKeyword.groovy:81)
	at com.kms.katalon.core.webui.keyword.builtin.ClickKeyword.clickUntilSuccessWithTimeout(ClickKeyword.groovy)
	at com.kms.katalon.core.webui.keyword.builtin.ClickKeyword$_click_closure1.doCall(ClickKeyword.groovy:67)
	at com.kms.katalon.core.webui.keyword.builtin.ClickKeyword$_click_closure1.call(ClickKeyword.groovy)
	at com.kms.katalon.core.webui.keyword.internal.WebUIKeywordMain.runKeyword(WebUIKeywordMain.groovy:20)
	... 99 more


2023-10-04 20:51:26 - [TEST_STEP][FAILED] - data = callTestCase(findTestCase("T13 Pembelian, Shipment dan Pembayaran/SA-002"), [:], STOP_ON_FAILURE): Unable to call Test Case 'Test Cases/T13 Pembelian, Shipment dan Pembayaran/SA-002' (Root cause: com.kms.katalon.core.exception.StepFailedException: Call Test Case 'Test Cases/T13 Pembelian, Shipment dan Pembayaran/SA-002' failed
	at com.kms.katalon.core.keyword.builtin.CallTestCaseKeyword$_callTestCase_closure1.doCall(CallTestCaseKeyword.groovy:63)
	at com.kms.katalon.core.keyword.builtin.CallTestCaseKeyword$_callTestCase_closure1.call(CallTestCaseKeyword.groovy)
	at com.kms.katalon.core.keyword.internal.KeywordMain.runKeyword(KeywordMain.groovy:75)
	at com.kms.katalon.core.keyword.builtin.CallTestCaseKeyword.callTestCase(CallTestCaseKeyword.groovy:81)
	at com.kms.katalon.core.keyword.builtin.CallTestCaseKeyword.execute(CallTestCaseKeyword.groovy:44)
	at com.kms.katalon.core.keyword.internal.KeywordExecutor.executeKeywordForPlatform(KeywordExecutor.groovy:74)
	at com.kms.katalon.core.keyword.BuiltinKeywords.callTestCase(BuiltinKeywords.groovy:310)
	at SA-005.run(SA-005:20)
	at com.kms.katalon.core.main.ScriptEngine.run(ScriptEngine.java:194)
	at com.kms.katalon.core.main.ScriptEngine.runScriptAsRawText(ScriptEngine.java:119)
	at com.kms.katalon.core.main.TestCaseExecutor.runScript(TestCaseExecutor.java:448)
	at com.kms.katalon.core.main.TestCaseExecutor.doExecute(TestCaseExecutor.java:439)
	at com.kms.katalon.core.main.TestCaseExecutor.processExecutionPhase(TestCaseExecutor.java:418)
	at com.kms.katalon.core.main.TestCaseExecutor.accessMainPhase(TestCaseExecutor.java:410)
	at com.kms.katalon.core.main.TestCaseExecutor.execute(TestCaseExecutor.java:285)
	at com.kms.katalon.core.main.TestCaseMain.runTestCase(TestCaseMain.java:144)
	at com.kms.katalon.core.keyword.builtin.CallTestCaseKeyword$_callTestCase_closure1.doCall(CallTestCaseKeyword.groovy:59)
	at com.kms.katalon.core.keyword.builtin.CallTestCaseKeyword$_callTestCase_closure1.call(CallTestCaseKeyword.groovy)
	at com.kms.katalon.core.keyword.internal.KeywordMain.runKeyword(KeywordMain.groovy:75)
	at com.kms.katalon.core.keyword.builtin.CallTestCaseKeyword.callTestCase(CallTestCaseKeyword.groovy:81)
	at com.kms.katalon.core.keyword.builtin.CallTestCaseKeyword.execute(CallTestCaseKeyword.groovy:44)
	at com.kms.katalon.core.keyword.internal.KeywordExecutor.executeKeywordForPlatform(KeywordExecutor.groovy:74)
	at com.kms.katalon.core.keyword.BuiltinKeywords.callTestCase(BuiltinKeywords.groovy:310)
	at SU-008.run(SU-008:24)
	at com.kms.katalon.core.main.ScriptEngine.run(ScriptEngine.java:194)
	at com.kms.katalon.core.main.ScriptEngine.runScriptAsRawText(ScriptEngine.java:119)
	at com.kms.katalon.core.main.TestCaseExecutor.runScript(TestCaseExecutor.java:448)
	at com.kms.katalon.core.main.TestCaseExecutor.doExecute(TestCaseExecutor.java:439)
	at com.kms.katalon.core.main.TestCaseExecutor.processExecutionPhase(TestCaseExecutor.java:418)
	at com.kms.katalon.core.main.TestCaseExecutor.accessMainPhase(TestCaseExecutor.java:410)
	at com.kms.katalon.core.main.TestCaseExecutor.execute(TestCaseExecutor.java:285)
	at com.kms.katalon.core.common.CommonExecutor.accessTestCaseMainPhase(CommonExecutor.java:65)
	at com.kms.katalon.core.main.TestSuiteExecutor.accessTestSuiteMainPhase(TestSuiteExecutor.java:148)
	at com.kms.katalon.core.main.TestSuiteExecutor.execute(TestSuiteExecutor.java:106)
	at com.kms.katalon.core.main.TestCaseMain.startTestSuite(TestCaseMain.java:187)
	at com.kms.katalon.core.main.TestCaseMain$startTestSuite$0.call(Unknown Source)
	at TempTestSuite1696424348948.run(TempTestSuite1696424348948.groovy:36)
Caused by: com.kms.katalon.core.exception.StepFailedException: Call Test Case 'Test Cases/T13 Pembelian, Shipment dan Pembayaran/SA-001' failed
	at com.kms.katalon.core.keyword.builtin.CallTestCaseKeyword$_callTestCase_closure1.doCall(CallTestCaseKeyword.groovy:63)
	at com.kms.katalon.core.keyword.builtin.CallTestCaseKeyword$_callTestCase_closure1.call(CallTestCaseKeyword.groovy)
	at com.kms.katalon.core.keyword.internal.KeywordMain.runKeyword(KeywordMain.groovy:75)
	at com.kms.katalon.core.keyword.builtin.CallTestCaseKeyword.callTestCase(CallTestCaseKeyword.groovy:81)
	at com.kms.katalon.core.keyword.builtin.CallTestCaseKeyword.execute(CallTestCaseKeyword.groovy:44)
	at com.kms.katalon.core.keyword.internal.KeywordExecutor.executeKeywordForPlatform(KeywordExecutor.groovy:74)
	at com.kms.katalon.core.keyword.BuiltinKeywords.callTestCase(BuiltinKeywords.groovy:310)
	at SA-002.run(SA-002:20)
	at com.kms.katalon.core.main.ScriptEngine.run(ScriptEngine.java:194)
	at com.kms.katalon.core.main.ScriptEngine.runScriptAsRawText(ScriptEngine.java:119)
	at com.kms.katalon.core.main.TestCaseExecutor.runScript(TestCaseExecutor.java:448)
	at com.kms.katalon.core.main.TestCaseExecutor.doExecute(TestCaseExecutor.java:439)
	at com.kms.katalon.core.main.TestCaseExecutor.processExecutionPhase(TestCaseExecutor.java:418)
	at com.kms.katalon.core.main.TestCaseExecutor.accessMainPhase(TestCaseExecutor.java:410)
	at com.kms.katalon.core.main.TestCaseExecutor.execute(TestCaseExecutor.java:285)
	at com.kms.katalon.core.main.TestCaseMain.runTestCase(TestCaseMain.java:144)
	at com.kms.katalon.core.keyword.builtin.CallTestCaseKeyword$_callTestCase_closure1.doCall(CallTestCaseKeyword.groovy:59)
	... 36 more
Caused by: com.kms.katalon.core.exception.StepFailedException: Call Test Case 'Test Cases/T13 Pembelian, Shipment dan Pembayaran/PBYA-001' failed
	at com.kms.katalon.core.keyword.builtin.CallTestCaseKeyword$_callTestCase_closure1.doCall(CallTestCaseKeyword.groovy:63)
	at com.kms.katalon.core.keyword.builtin.CallTestCaseKeyword$_callTestCase_closure1.call(CallTestCaseKeyword.groovy)
	at com.kms.katalon.core.keyword.internal.KeywordMain.runKeyword(KeywordMain.groovy:75)
	at com.kms.katalon.core.keyword.builtin.CallTestCaseKeyword.callTestCase(CallTestCaseKeyword.groovy:81)
	at com.kms.katalon.core.keyword.builtin.CallTestCaseKeyword.execute(CallTestCaseKeyword.groovy:44)
	at com.kms.katalon.core.keyword.internal.KeywordExecutor.executeKeywordForPlatform(KeywordExecutor.groovy:74)
	at com.kms.katalon.core.keyword.BuiltinKeywords.callTestCase(BuiltinKeywords.groovy:310)
	at SA-001.run(SA-001:20)
	at com.kms.katalon.core.main.ScriptEngine.run(ScriptEngine.java:194)
	at com.kms.katalon.core.main.ScriptEngine.runScriptAsRawText(ScriptEngine.java:119)
	at com.kms.katalon.core.main.TestCaseExecutor.runScript(TestCaseExecutor.java:448)
	at com.kms.katalon.core.main.TestCaseExecutor.doExecute(TestCaseExecutor.java:439)
	at com.kms.katalon.core.main.TestCaseExecutor.processExecutionPhase(TestCaseExecutor.java:418)
	at com.kms.katalon.core.main.TestCaseExecutor.accessMainPhase(TestCaseExecutor.java:410)
	at com.kms.katalon.core.main.TestCaseExecutor.execute(TestCaseExecutor.java:285)
	at com.kms.katalon.core.main.TestCaseMain.runTestCase(TestCaseMain.java:144)
	at com.kms.katalon.core.keyword.builtin.CallTestCaseKeyword$_callTestCase_closure1.doCall(CallTestCaseKeyword.groovy:59)
	... 52 more
Caused by: com.kms.katalon.core.exception.StepFailedException: Call Test Case 'Test Cases/T13 Pembelian, Shipment dan Pembayaran/PBY-004' failed
	at com.kms.katalon.core.keyword.builtin.CallTestCaseKeyword$_callTestCase_closure1.doCall(CallTestCaseKeyword.groovy:63)
	at com.kms.katalon.core.keyword.builtin.CallTestCaseKeyword$_callTestCase_closure1.call(CallTestCaseKeyword.groovy)
	at com.kms.katalon.core.keyword.internal.KeywordMain.runKeyword(KeywordMain.groovy:75)
	at com.kms.katalon.core.keyword.builtin.CallTestCaseKeyword.callTestCase(CallTestCaseKeyword.groovy:81)
	at com.kms.katalon.core.keyword.builtin.CallTestCaseKeyword.execute(CallTestCaseKeyword.groovy:44)
	at com.kms.katalon.core.keyword.internal.KeywordExecutor.executeKeywordForPlatform(KeywordExecutor.groovy:74)
	at com.kms.katalon.core.keyword.BuiltinKeywords.callTestCase(BuiltinKeywords.groovy:310)
	at PBYA-001.run(PBYA-001:20)
	at com.kms.katalon.core.main.ScriptEngine.run(ScriptEngine.java:194)
	at com.kms.katalon.core.main.ScriptEngine.runScriptAsRawText(ScriptEngine.java:119)
	at com.kms.katalon.core.main.TestCaseExecutor.runScript(TestCaseExecutor.java:448)
	at com.kms.katalon.core.main.TestCaseExecutor.doExecute(TestCaseExecutor.java:439)
	at com.kms.katalon.core.main.TestCaseExecutor.processExecutionPhase(TestCaseExecutor.java:418)
	at com.kms.katalon.core.main.TestCaseExecutor.accessMainPhase(TestCaseExecutor.java:410)
	at com.kms.katalon.core.main.TestCaseExecutor.execute(TestCaseExecutor.java:285)
	at com.kms.katalon.core.main.TestCaseMain.runTestCase(TestCaseMain.java:144)
	at com.kms.katalon.core.keyword.builtin.CallTestCaseKeyword$_callTestCase_closure1.doCall(CallTestCaseKeyword.groovy:59)
	... 68 more
Caused by: com.kms.katalon.core.exception.StepFailedException: Unable to click on object 'Object Repository/Konfirmasi pesanan shop/Konfirmasi Orders'
	at com.kms.katalon.core.webui.keyword.internal.WebUIKeywordMain.stepFailed(WebUIKeywordMain.groovy:64)
	at com.kms.katalon.core.webui.keyword.internal.WebUIKeywordMain.runKeyword(WebUIKeywordMain.groovy:26)
	at com.kms.katalon.core.webui.keyword.builtin.ClickKeyword.click(ClickKeyword.groovy:74)
	at com.kms.katalon.core.webui.keyword.builtin.ClickKeyword.execute(ClickKeyword.groovy:40)
	at com.kms.katalon.core.keyword.internal.KeywordExecutor.executeKeywordForPlatform(KeywordExecutor.groovy:74)
	at com.kms.katalon.core.webui.keyword.WebUiBuiltInKeywords.click(WebUiBuiltInKeywords.groovy:620)
	at com.kms.katalon.core.webui.keyword.WebUiBuiltInKeywords$click$2.call(Unknown Source)
	at PBY-004.run(PBY-004:33)
	at com.kms.katalon.core.main.ScriptEngine.run(ScriptEngine.java:194)
	at com.kms.katalon.core.main.ScriptEngine.runScriptAsRawText(ScriptEngine.java:119)
	at com.kms.katalon.core.main.TestCaseExecutor.runScript(TestCaseExecutor.java:448)
	at com.kms.katalon.core.main.TestCaseExecutor.doExecute(TestCaseExecutor.java:439)
	at com.kms.katalon.core.main.TestCaseExecutor.processExecutionPhase(TestCaseExecutor.java:418)
	at com.kms.katalon.core.main.TestCaseExecutor.accessMainPhase(TestCaseExecutor.java:410)
	at com.kms.katalon.core.main.TestCaseExecutor.execute(TestCaseExecutor.java:285)
	at com.kms.katalon.core.main.TestCaseMain.runTestCase(TestCaseMain.java:144)
	at com.kms.katalon.core.keyword.builtin.CallTestCaseKeyword$_callTestCase_closure1.doCall(CallTestCaseKeyword.groovy:59)
	... 84 more
Caused by: org.openqa.selenium.ElementNotInteractableException: Element <a href="https://10.9.2.63/ecommerce/konfirmasi"> could not be scrolled into view
Build info: version: '3.141.59', revision: 'e82be7d358', time: '2018-11-14T08:25:53'
System info: host: 'DESKTOP-H62FVJ8', ip: '10.9.2.72', os.name: 'Windows 10', os.arch: 'amd64', os.version: '10.0', java.version: '1.8.0_362'
Driver info: com.kms.katalon.core.webui.driver.firefox.CGeckoDriver
Capabilities {acceptInsecureCerts: true, browserName: firefox, browserVersion: 117.0.1, javascriptEnabled: true, moz:accessibilityChecks: false, moz:buildID: 20230912013654, moz:geckodriverVersion: 0.33.0, moz:headless: false, moz:platformVersion: 10.0, moz:processID: 2944, moz:profile: C:\Users\IRFAN\AppData\Loca..., moz:shutdownTimeout: 60000, moz:webdriverClick: true, moz:windowless: false, pageLoadStrategy: normal, platform: WINDOWS, platformName: WINDOWS, proxy: Proxy(direct), setWindowRect: true, strictFileInteractability: false, timeouts: {implicit: 0, pageLoad: 300000, script: 30000}, unhandledPromptBehavior: dismiss and notify}
Session ID: dc809d9c-364c-4b58-b2e8-d34ffd60a16a
	at org.openqa.selenium.remote.http.W3CHttpResponseCodec.createException(W3CHttpResponseCodec.java:187)
	at org.openqa.selenium.remote.http.W3CHttpResponseCodec.decode(W3CHttpResponseCodec.java:122)
	at org.openqa.selenium.remote.http.W3CHttpResponseCodec.decode(W3CHttpResponseCodec.java:49)
	at org.openqa.selenium.remote.HttpCommandExecutor.execute(HttpCommandExecutor.java:158)
	at org.openqa.selenium.remote.service.DriverCommandExecutor.execute(DriverCommandExecutor.java:83)
	at org.openqa.selenium.remote.RemoteWebDriver.execute(RemoteWebDriver.java:552)
	at com.kms.katalon.selenium.driver.CFirefoxDriver.execute(CFirefoxDriver.java:27)
	at org.openqa.selenium.remote.RemoteWebElement.execute(RemoteWebElement.java:285)
	at org.openqa.selenium.remote.RemoteWebElement.click(RemoteWebElement.java:84)
	at org.openqa.selenium.support.events.EventFiringWebDriver$EventFiringWebElement.lambda$new$0(EventFiringWebDriver.java:404)
	at com.sun.proxy.$Proxy11.click(Unknown Source)
	at org.openqa.selenium.support.events.EventFiringWebDriver$EventFiringWebElement.click(EventFiringWebDriver.java:417)
	at org.openqa.selenium.WebElement$click.call(Unknown Source)
	at com.kms.katalon.core.webui.keyword.builtin.ClickKeyword.clickUntilSuccessWithTimeout(ClickKeyword.groovy:81)
	at com.kms.katalon.core.webui.keyword.builtin.ClickKeyword.clickUntilSuccessWithTimeout(ClickKeyword.groovy)
	at com.kms.katalon.core.webui.keyword.builtin.ClickKeyword$_click_closure1.doCall(ClickKeyword.groovy:67)
	at com.kms.katalon.core.webui.keyword.builtin.ClickKeyword$_click_closure1.call(ClickKeyword.groovy)
	at com.kms.katalon.core.webui.keyword.internal.WebUIKeywordMain.runKeyword(WebUIKeywordMain.groovy:20)
	... 99 more
)

2023-10-04 20:51:26 - [TEST_CASE][FAILED] - Test Cases/T13 Pembelian, Shipment dan Pembayaran/SA-002: Test Cases/T13 Pembelian, Shipment dan Pembayaran/SA-002 FAILED.
Reason:
com.kms.katalon.core.exception.StepFailedException: Call Test Case 'Test Cases/T13 Pembelian, Shipment dan Pembayaran/SA-001' failed
	at com.kms.katalon.core.keyword.builtin.CallTestCaseKeyword$_callTestCase_closure1.doCall(CallTestCaseKeyword.groovy:63)
	at com.kms.katalon.core.keyword.builtin.CallTestCaseKeyword$_callTestCase_closure1.call(CallTestCaseKeyword.groovy)
	at com.kms.katalon.core.keyword.internal.KeywordMain.runKeyword(KeywordMain.groovy:75)
	at com.kms.katalon.core.keyword.builtin.CallTestCaseKeyword.callTestCase(CallTestCaseKeyword.groovy:81)
	at com.kms.katalon.core.keyword.builtin.CallTestCaseKeyword.execute(CallTestCaseKeyword.groovy:44)
	at com.kms.katalon.core.keyword.internal.KeywordExecutor.executeKeywordForPlatform(KeywordExecutor.groovy:74)
	at com.kms.katalon.core.keyword.BuiltinKeywords.callTestCase(BuiltinKeywords.groovy:310)
	at SA-002.run(SA-002:20)
	at com.kms.katalon.core.main.ScriptEngine.run(ScriptEngine.java:194)
	at com.kms.katalon.core.main.ScriptEngine.runScriptAsRawText(ScriptEngine.java:119)
	at com.kms.katalon.core.main.TestCaseExecutor.runScript(TestCaseExecutor.java:448)
	at com.kms.katalon.core.main.TestCaseExecutor.doExecute(TestCaseExecutor.java:439)
	at com.kms.katalon.core.main.TestCaseExecutor.processExecutionPhase(TestCaseExecutor.java:418)
	at com.kms.katalon.core.main.TestCaseExecutor.accessMainPhase(TestCaseExecutor.java:410)
	at com.kms.katalon.core.main.TestCaseExecutor.execute(TestCaseExecutor.java:285)
	at com.kms.katalon.core.main.TestCaseMain.runTestCase(TestCaseMain.java:144)
	at com.kms.katalon.core.keyword.builtin.CallTestCaseKeyword$_callTestCase_closure1.doCall(CallTestCaseKeyword.groovy:59)
	at com.kms.katalon.core.keyword.builtin.CallTestCaseKeyword$_callTestCase_closure1.call(CallTestCaseKeyword.groovy)
	at com.kms.katalon.core.keyword.internal.KeywordMain.runKeyword(KeywordMain.groovy:75)
	at com.kms.katalon.core.keyword.builtin.CallTestCaseKeyword.callTestCase(CallTestCaseKeyword.groovy:81)
	at com.kms.katalon.core.keyword.builtin.CallTestCaseKeyword.execute(CallTestCaseKeyword.groovy:44)
	at com.kms.katalon.core.keyword.internal.KeywordExecutor.executeKeywordForPlatform(KeywordExecutor.groovy:74)
	at com.kms.katalon.core.keyword.BuiltinKeywords.callTestCase(BuiltinKeywords.groovy:310)
	at SA-005.run(SA-005:20)
	at com.kms.katalon.core.main.ScriptEngine.run(ScriptEngine.java:194)
	at com.kms.katalon.core.main.ScriptEngine.runScriptAsRawText(ScriptEngine.java:119)
	at com.kms.katalon.core.main.TestCaseExecutor.runScript(TestCaseExecutor.java:448)
	at com.kms.katalon.core.main.TestCaseExecutor.doExecute(TestCaseExecutor.java:439)
	at com.kms.katalon.core.main.TestCaseExecutor.processExecutionPhase(TestCaseExecutor.java:418)
	at com.kms.katalon.core.main.TestCaseExecutor.accessMainPhase(TestCaseExecutor.java:410)
	at com.kms.katalon.core.main.TestCaseExecutor.execute(TestCaseExecutor.java:285)
	at com.kms.katalon.core.main.TestCaseMain.runTestCase(TestCaseMain.java:144)
	at com.kms.katalon.core.keyword.builtin.CallTestCaseKeyword$_callTestCase_closure1.doCall(CallTestCaseKeyword.groovy:59)
	at com.kms.katalon.core.keyword.builtin.CallTestCaseKeyword$_callTestCase_closure1.call(CallTestCaseKeyword.groovy)
	at com.kms.katalon.core.keyword.internal.KeywordMain.runKeyword(KeywordMain.groovy:75)
	at com.kms.katalon.core.keyword.builtin.CallTestCaseKeyword.callTestCase(CallTestCaseKeyword.groovy:81)
	at com.kms.katalon.core.keyword.builtin.CallTestCaseKeyword.execute(CallTestCaseKeyword.groovy:44)
	at com.kms.katalon.core.keyword.internal.KeywordExecutor.executeKeywordForPlatform(KeywordExecutor.groovy:74)
	at com.kms.katalon.core.keyword.BuiltinKeywords.callTestCase(BuiltinKeywords.groovy:310)
	at SU-008.run(SU-008:24)
	at com.kms.katalon.core.main.ScriptEngine.run(ScriptEngine.java:194)
	at com.kms.katalon.core.main.ScriptEngine.runScriptAsRawText(ScriptEngine.java:119)
	at com.kms.katalon.core.main.TestCaseExecutor.runScript(TestCaseExecutor.java:448)
	at com.kms.katalon.core.main.TestCaseExecutor.doExecute(TestCaseExecutor.java:439)
	at com.kms.katalon.core.main.TestCaseExecutor.processExecutionPhase(TestCaseExecutor.java:418)
	at com.kms.katalon.core.main.TestCaseExecutor.accessMainPhase(TestCaseExecutor.java:410)
	at com.kms.katalon.core.main.TestCaseExecutor.execute(TestCaseExecutor.java:285)
	at com.kms.katalon.core.common.CommonExecutor.accessTestCaseMainPhase(CommonExecutor.java:65)
	at com.kms.katalon.core.main.TestSuiteExecutor.accessTestSuiteMainPhase(TestSuiteExecutor.java:148)
	at com.kms.katalon.core.main.TestSuiteExecutor.execute(TestSuiteExecutor.java:106)
	at com.kms.katalon.core.main.TestCaseMain.startTestSuite(TestCaseMain.java:187)
	at com.kms.katalon.core.main.TestCaseMain$startTestSuite$0.call(Unknown Source)
	at TempTestSuite1696424348948.run(TempTestSuite1696424348948.groovy:36)
Caused by: com.kms.katalon.core.exception.StepFailedException: Call Test Case 'Test Cases/T13 Pembelian, Shipment dan Pembayaran/PBYA-001' failed
	at com.kms.katalon.core.keyword.builtin.CallTestCaseKeyword$_callTestCase_closure1.doCall(CallTestCaseKeyword.groovy:63)
	at com.kms.katalon.core.keyword.builtin.CallTestCaseKeyword$_callTestCase_closure1.call(CallTestCaseKeyword.groovy)
	at com.kms.katalon.core.keyword.internal.KeywordMain.runKeyword(KeywordMain.groovy:75)
	at com.kms.katalon.core.keyword.builtin.CallTestCaseKeyword.callTestCase(CallTestCaseKeyword.groovy:81)
	at com.kms.katalon.core.keyword.builtin.CallTestCaseKeyword.execute(CallTestCaseKeyword.groovy:44)
	at com.kms.katalon.core.keyword.internal.KeywordExecutor.executeKeywordForPlatform(KeywordExecutor.groovy:74)
	at com.kms.katalon.core.keyword.BuiltinKeywords.callTestCase(BuiltinKeywords.groovy:310)
	at SA-001.run(SA-001:20)
	at com.kms.katalon.core.main.ScriptEngine.run(ScriptEngine.java:194)
	at com.kms.katalon.core.main.ScriptEngine.runScriptAsRawText(ScriptEngine.java:119)
	at com.kms.katalon.core.main.TestCaseExecutor.runScript(TestCaseExecutor.java:448)
	at com.kms.katalon.core.main.TestCaseExecutor.doExecute(TestCaseExecutor.java:439)
	at com.kms.katalon.core.main.TestCaseExecutor.processExecutionPhase(TestCaseExecutor.java:418)
	at com.kms.katalon.core.main.TestCaseExecutor.accessMainPhase(TestCaseExecutor.java:410)
	at com.kms.katalon.core.main.TestCaseExecutor.execute(TestCaseExecutor.java:285)
	at com.kms.katalon.core.main.TestCaseMain.runTestCase(TestCaseMain.java:144)
	at com.kms.katalon.core.keyword.builtin.CallTestCaseKeyword$_callTestCase_closure1.doCall(CallTestCaseKeyword.groovy:59)
	... 52 more
Caused by: com.kms.katalon.core.exception.StepFailedException: Call Test Case 'Test Cases/T13 Pembelian, Shipment dan Pembayaran/PBY-004' failed
	at com.kms.katalon.core.keyword.builtin.CallTestCaseKeyword$_callTestCase_closure1.doCall(CallTestCaseKeyword.groovy:63)
	at com.kms.katalon.core.keyword.builtin.CallTestCaseKeyword$_callTestCase_closure1.call(CallTestCaseKeyword.groovy)
	at com.kms.katalon.core.keyword.internal.KeywordMain.runKeyword(KeywordMain.groovy:75)
	at com.kms.katalon.core.keyword.builtin.CallTestCaseKeyword.callTestCase(CallTestCaseKeyword.groovy:81)
	at com.kms.katalon.core.keyword.builtin.CallTestCaseKeyword.execute(CallTestCaseKeyword.groovy:44)
	at com.kms.katalon.core.keyword.internal.KeywordExecutor.executeKeywordForPlatform(KeywordExecutor.groovy:74)
	at com.kms.katalon.core.keyword.BuiltinKeywords.callTestCase(BuiltinKeywords.groovy:310)
	at PBYA-001.run(PBYA-001:20)
	at com.kms.katalon.core.main.ScriptEngine.run(ScriptEngine.java:194)
	at com.kms.katalon.core.main.ScriptEngine.runScriptAsRawText(ScriptEngine.java:119)
	at com.kms.katalon.core.main.TestCaseExecutor.runScript(TestCaseExecutor.java:448)
	at com.kms.katalon.core.main.TestCaseExecutor.doExecute(TestCaseExecutor.java:439)
	at com.kms.katalon.core.main.TestCaseExecutor.processExecutionPhase(TestCaseExecutor.java:418)
	at com.kms.katalon.core.main.TestCaseExecutor.accessMainPhase(TestCaseExecutor.java:410)
	at com.kms.katalon.core.main.TestCaseExecutor.execute(TestCaseExecutor.java:285)
	at com.kms.katalon.core.main.TestCaseMain.runTestCase(TestCaseMain.java:144)
	at com.kms.katalon.core.keyword.builtin.CallTestCaseKeyword$_callTestCase_closure1.doCall(CallTestCaseKeyword.groovy:59)
	... 68 more
Caused by: com.kms.katalon.core.exception.StepFailedException: Unable to click on object 'Object Repository/Konfirmasi pesanan shop/Konfirmasi Orders'
	at com.kms.katalon.core.webui.keyword.internal.WebUIKeywordMain.stepFailed(WebUIKeywordMain.groovy:64)
	at com.kms.katalon.core.webui.keyword.internal.WebUIKeywordMain.runKeyword(WebUIKeywordMain.groovy:26)
	at com.kms.katalon.core.webui.keyword.builtin.ClickKeyword.click(ClickKeyword.groovy:74)
	at com.kms.katalon.core.webui.keyword.builtin.ClickKeyword.execute(ClickKeyword.groovy:40)
	at com.kms.katalon.core.keyword.internal.KeywordExecutor.executeKeywordForPlatform(KeywordExecutor.groovy:74)
	at com.kms.katalon.core.webui.keyword.WebUiBuiltInKeywords.click(WebUiBuiltInKeywords.groovy:620)
	at com.kms.katalon.core.webui.keyword.WebUiBuiltInKeywords$click$2.call(Unknown Source)
	at PBY-004.run(PBY-004:33)
	at com.kms.katalon.core.main.ScriptEngine.run(ScriptEngine.java:194)
	at com.kms.katalon.core.main.ScriptEngine.runScriptAsRawText(ScriptEngine.java:119)
	at com.kms.katalon.core.main.TestCaseExecutor.runScript(TestCaseExecutor.java:448)
	at com.kms.katalon.core.main.TestCaseExecutor.doExecute(TestCaseExecutor.java:439)
	at com.kms.katalon.core.main.TestCaseExecutor.processExecutionPhase(TestCaseExecutor.java:418)
	at com.kms.katalon.core.main.TestCaseExecutor.accessMainPhase(TestCaseExecutor.java:410)
	at com.kms.katalon.core.main.TestCaseExecutor.execute(TestCaseExecutor.java:285)
	at com.kms.katalon.core.main.TestCaseMain.runTestCase(TestCaseMain.java:144)
	at com.kms.katalon.core.keyword.builtin.CallTestCaseKeyword$_callTestCase_closure1.doCall(CallTestCaseKeyword.groovy:59)
	... 84 more
Caused by: org.openqa.selenium.ElementNotInteractableException: Element <a href="https://10.9.2.63/ecommerce/konfirmasi"> could not be scrolled into view
Build info: version: '3.141.59', revision: 'e82be7d358', time: '2018-11-14T08:25:53'
System info: host: 'DESKTOP-H62FVJ8', ip: '10.9.2.72', os.name: 'Windows 10', os.arch: 'amd64', os.version: '10.0', java.version: '1.8.0_362'
Driver info: com.kms.katalon.core.webui.driver.firefox.CGeckoDriver
Capabilities {acceptInsecureCerts: true, browserName: firefox, browserVersion: 117.0.1, javascriptEnabled: true, moz:accessibilityChecks: false, moz:buildID: 20230912013654, moz:geckodriverVersion: 0.33.0, moz:headless: false, moz:platformVersion: 10.0, moz:processID: 2944, moz:profile: C:\Users\IRFAN\AppData\Loca..., moz:shutdownTimeout: 60000, moz:webdriverClick: true, moz:windowless: false, pageLoadStrategy: normal, platform: WINDOWS, platformName: WINDOWS, proxy: Proxy(direct), setWindowRect: true, strictFileInteractability: false, timeouts: {implicit: 0, pageLoad: 300000, script: 30000}, unhandledPromptBehavior: dismiss and notify}
Session ID: dc809d9c-364c-4b58-b2e8-d34ffd60a16a
	at org.openqa.selenium.remote.http.W3CHttpResponseCodec.createException(W3CHttpResponseCodec.java:187)
	at org.openqa.selenium.remote.http.W3CHttpResponseCodec.decode(W3CHttpResponseCodec.java:122)
	at org.openqa.selenium.remote.http.W3CHttpResponseCodec.decode(W3CHttpResponseCodec.java:49)
	at org.openqa.selenium.remote.HttpCommandExecutor.execute(HttpCommandExecutor.java:158)
	at org.openqa.selenium.remote.service.DriverCommandExecutor.execute(DriverCommandExecutor.java:83)
	at org.openqa.selenium.remote.RemoteWebDriver.execute(RemoteWebDriver.java:552)
	at com.kms.katalon.selenium.driver.CFirefoxDriver.execute(CFirefoxDriver.java:27)
	at org.openqa.selenium.remote.RemoteWebElement.execute(RemoteWebElement.java:285)
	at org.openqa.selenium.remote.RemoteWebElement.click(RemoteWebElement.java:84)
	at org.openqa.selenium.support.events.EventFiringWebDriver$EventFiringWebElement.lambda$new$0(EventFiringWebDriver.java:404)
	at com.sun.proxy.$Proxy11.click(Unknown Source)
	at org.openqa.selenium.support.events.EventFiringWebDriver$EventFiringWebElement.click(EventFiringWebDriver.java:417)
	at org.openqa.selenium.WebElement$click.call(Unknown Source)
	at com.kms.katalon.core.webui.keyword.builtin.ClickKeyword.clickUntilSuccessWithTimeout(ClickKeyword.groovy:81)
	at com.kms.katalon.core.webui.keyword.builtin.ClickKeyword.clickUntilSuccessWithTimeout(ClickKeyword.groovy)
	at com.kms.katalon.core.webui.keyword.builtin.ClickKeyword$_click_closure1.doCall(ClickKeyword.groovy:67)
	at com.kms.katalon.core.webui.keyword.builtin.ClickKeyword$_click_closure1.call(ClickKeyword.groovy)
	at com.kms.katalon.core.webui.keyword.internal.WebUIKeywordMain.runKeyword(WebUIKeywordMain.groovy:20)
	... 99 more


2023-10-04 20:51:26 - [TEST_STEP][FAILED] - data = callTestCase(findTestCase("T13 Pembelian, Shipment dan Pembayaran/SA-001"), [:], STOP_ON_FAILURE): Unable to call Test Case 'Test Cases/T13 Pembelian, Shipment dan Pembayaran/SA-001' (Root cause: com.kms.katalon.core.exception.StepFailedException: Call Test Case 'Test Cases/T13 Pembelian, Shipment dan Pembayaran/SA-001' failed
	at com.kms.katalon.core.keyword.builtin.CallTestCaseKeyword$_callTestCase_closure1.doCall(CallTestCaseKeyword.groovy:63)
	at com.kms.katalon.core.keyword.builtin.CallTestCaseKeyword$_callTestCase_closure1.call(CallTestCaseKeyword.groovy)
	at com.kms.katalon.core.keyword.internal.KeywordMain.runKeyword(KeywordMain.groovy:75)
	at com.kms.katalon.core.keyword.builtin.CallTestCaseKeyword.callTestCase(CallTestCaseKeyword.groovy:81)
	at com.kms.katalon.core.keyword.builtin.CallTestCaseKeyword.execute(CallTestCaseKeyword.groovy:44)
	at com.kms.katalon.core.keyword.internal.KeywordExecutor.executeKeywordForPlatform(KeywordExecutor.groovy:74)
	at com.kms.katalon.core.keyword.BuiltinKeywords.callTestCase(BuiltinKeywords.groovy:310)
	at SA-002.run(SA-002:20)
	at com.kms.katalon.core.main.ScriptEngine.run(ScriptEngine.java:194)
	at com.kms.katalon.core.main.ScriptEngine.runScriptAsRawText(ScriptEngine.java:119)
	at com.kms.katalon.core.main.TestCaseExecutor.runScript(TestCaseExecutor.java:448)
	at com.kms.katalon.core.main.TestCaseExecutor.doExecute(TestCaseExecutor.java:439)
	at com.kms.katalon.core.main.TestCaseExecutor.processExecutionPhase(TestCaseExecutor.java:418)
	at com.kms.katalon.core.main.TestCaseExecutor.accessMainPhase(TestCaseExecutor.java:410)
	at com.kms.katalon.core.main.TestCaseExecutor.execute(TestCaseExecutor.java:285)
	at com.kms.katalon.core.main.TestCaseMain.runTestCase(TestCaseMain.java:144)
	at com.kms.katalon.core.keyword.builtin.CallTestCaseKeyword$_callTestCase_closure1.doCall(CallTestCaseKeyword.groovy:59)
	at com.kms.katalon.core.keyword.builtin.CallTestCaseKeyword$_callTestCase_closure1.call(CallTestCaseKeyword.groovy)
	at com.kms.katalon.core.keyword.internal.KeywordMain.runKeyword(KeywordMain.groovy:75)
	at com.kms.katalon.core.keyword.builtin.CallTestCaseKeyword.callTestCase(CallTestCaseKeyword.groovy:81)
	at com.kms.katalon.core.keyword.builtin.CallTestCaseKeyword.execute(CallTestCaseKeyword.groovy:44)
	at com.kms.katalon.core.keyword.internal.KeywordExecutor.executeKeywordForPlatform(KeywordExecutor.groovy:74)
	at com.kms.katalon.core.keyword.BuiltinKeywords.callTestCase(BuiltinKeywords.groovy:310)
	at SA-005.run(SA-005:20)
	at com.kms.katalon.core.main.ScriptEngine.run(ScriptEngine.java:194)
	at com.kms.katalon.core.main.ScriptEngine.runScriptAsRawText(ScriptEngine.java:119)
	at com.kms.katalon.core.main.TestCaseExecutor.runScript(TestCaseExecutor.java:448)
	at com.kms.katalon.core.main.TestCaseExecutor.doExecute(TestCaseExecutor.java:439)
	at com.kms.katalon.core.main.TestCaseExecutor.processExecutionPhase(TestCaseExecutor.java:418)
	at com.kms.katalon.core.main.TestCaseExecutor.accessMainPhase(TestCaseExecutor.java:410)
	at com.kms.katalon.core.main.TestCaseExecutor.execute(TestCaseExecutor.java:285)
	at com.kms.katalon.core.main.TestCaseMain.runTestCase(TestCaseMain.java:144)
	at com.kms.katalon.core.keyword.builtin.CallTestCaseKeyword$_callTestCase_closure1.doCall(CallTestCaseKeyword.groovy:59)
	at com.kms.katalon.core.keyword.builtin.CallTestCaseKeyword$_callTestCase_closure1.call(CallTestCaseKeyword.groovy)
	at com.kms.katalon.core.keyword.internal.KeywordMain.runKeyword(KeywordMain.groovy:75)
	at com.kms.katalon.core.keyword.builtin.CallTestCaseKeyword.callTestCase(CallTestCaseKeyword.groovy:81)
	at com.kms.katalon.core.keyword.builtin.CallTestCaseKeyword.execute(CallTestCaseKeyword.groovy:44)
	at com.kms.katalon.core.keyword.internal.KeywordExecutor.executeKeywordForPlatform(KeywordExecutor.groovy:74)
	at com.kms.katalon.core.keyword.BuiltinKeywords.callTestCase(BuiltinKeywords.groovy:310)
	at SU-008.run(SU-008:24)
	at com.kms.katalon.core.main.ScriptEngine.run(ScriptEngine.java:194)
	at com.kms.katalon.core.main.ScriptEngine.runScriptAsRawText(ScriptEngine.java:119)
	at com.kms.katalon.core.main.TestCaseExecutor.runScript(TestCaseExecutor.java:448)
	at com.kms.katalon.core.main.TestCaseExecutor.doExecute(TestCaseExecutor.java:439)
	at com.kms.katalon.core.main.TestCaseExecutor.processExecutionPhase(TestCaseExecutor.java:418)
	at com.kms.katalon.core.main.TestCaseExecutor.accessMainPhase(TestCaseExecutor.java:410)
	at com.kms.katalon.core.main.TestCaseExecutor.execute(TestCaseExecutor.java:285)
	at com.kms.katalon.core.common.CommonExecutor.accessTestCaseMainPhase(CommonExecutor.java:65)
	at com.kms.katalon.core.main.TestSuiteExecutor.accessTestSuiteMainPhase(TestSuiteExecutor.java:148)
	at com.kms.katalon.core.main.TestSuiteExecutor.execute(TestSuiteExecutor.java:106)
	at com.kms.katalon.core.main.TestCaseMain.startTestSuite(TestCaseMain.java:187)
	at com.kms.katalon.core.main.TestCaseMain$startTestSuite$0.call(Unknown Source)
	at TempTestSuite1696424348948.run(TempTestSuite1696424348948.groovy:36)
Caused by: com.kms.katalon.core.exception.StepFailedException: Call Test Case 'Test Cases/T13 Pembelian, Shipment dan Pembayaran/PBYA-001' failed
	at com.kms.katalon.core.keyword.builtin.CallTestCaseKeyword$_callTestCase_closure1.doCall(CallTestCaseKeyword.groovy:63)
	at com.kms.katalon.core.keyword.builtin.CallTestCaseKeyword$_callTestCase_closure1.call(CallTestCaseKeyword.groovy)
	at com.kms.katalon.core.keyword.internal.KeywordMain.runKeyword(KeywordMain.groovy:75)
	at com.kms.katalon.core.keyword.builtin.CallTestCaseKeyword.callTestCase(CallTestCaseKeyword.groovy:81)
	at com.kms.katalon.core.keyword.builtin.CallTestCaseKeyword.execute(CallTestCaseKeyword.groovy:44)
	at com.kms.katalon.core.keyword.internal.KeywordExecutor.executeKeywordForPlatform(KeywordExecutor.groovy:74)
	at com.kms.katalon.core.keyword.BuiltinKeywords.callTestCase(BuiltinKeywords.groovy:310)
	at SA-001.run(SA-001:20)
	at com.kms.katalon.core.main.ScriptEngine.run(ScriptEngine.java:194)
	at com.kms.katalon.core.main.ScriptEngine.runScriptAsRawText(ScriptEngine.java:119)
	at com.kms.katalon.core.main.TestCaseExecutor.runScript(TestCaseExecutor.java:448)
	at com.kms.katalon.core.main.TestCaseExecutor.doExecute(TestCaseExecutor.java:439)
	at com.kms.katalon.core.main.TestCaseExecutor.processExecutionPhase(TestCaseExecutor.java:418)
	at com.kms.katalon.core.main.TestCaseExecutor.accessMainPhase(TestCaseExecutor.java:410)
	at com.kms.katalon.core.main.TestCaseExecutor.execute(TestCaseExecutor.java:285)
	at com.kms.katalon.core.main.TestCaseMain.runTestCase(TestCaseMain.java:144)
	at com.kms.katalon.core.keyword.builtin.CallTestCaseKeyword$_callTestCase_closure1.doCall(CallTestCaseKeyword.groovy:59)
	... 52 more
Caused by: com.kms.katalon.core.exception.StepFailedException: Call Test Case 'Test Cases/T13 Pembelian, Shipment dan Pembayaran/PBY-004' failed
	at com.kms.katalon.core.keyword.builtin.CallTestCaseKeyword$_callTestCase_closure1.doCall(CallTestCaseKeyword.groovy:63)
	at com.kms.katalon.core.keyword.builtin.CallTestCaseKeyword$_callTestCase_closure1.call(CallTestCaseKeyword.groovy)
	at com.kms.katalon.core.keyword.internal.KeywordMain.runKeyword(KeywordMain.groovy:75)
	at com.kms.katalon.core.keyword.builtin.CallTestCaseKeyword.callTestCase(CallTestCaseKeyword.groovy:81)
	at com.kms.katalon.core.keyword.builtin.CallTestCaseKeyword.execute(CallTestCaseKeyword.groovy:44)
	at com.kms.katalon.core.keyword.internal.KeywordExecutor.executeKeywordForPlatform(KeywordExecutor.groovy:74)
	at com.kms.katalon.core.keyword.BuiltinKeywords.callTestCase(BuiltinKeywords.groovy:310)
	at PBYA-001.run(PBYA-001:20)
	at com.kms.katalon.core.main.ScriptEngine.run(ScriptEngine.java:194)
	at com.kms.katalon.core.main.ScriptEngine.runScriptAsRawText(ScriptEngine.java:119)
	at com.kms.katalon.core.main.TestCaseExecutor.runScript(TestCaseExecutor.java:448)
	at com.kms.katalon.core.main.TestCaseExecutor.doExecute(TestCaseExecutor.java:439)
	at com.kms.katalon.core.main.TestCaseExecutor.processExecutionPhase(TestCaseExecutor.java:418)
	at com.kms.katalon.core.main.TestCaseExecutor.accessMainPhase(TestCaseExecutor.java:410)
	at com.kms.katalon.core.main.TestCaseExecutor.execute(TestCaseExecutor.java:285)
	at com.kms.katalon.core.main.TestCaseMain.runTestCase(TestCaseMain.java:144)
	at com.kms.katalon.core.keyword.builtin.CallTestCaseKeyword$_callTestCase_closure1.doCall(CallTestCaseKeyword.groovy:59)
	... 68 more
Caused by: com.kms.katalon.core.exception.StepFailedException: Unable to click on object 'Object Repository/Konfirmasi pesanan shop/Konfirmasi Orders'
	at com.kms.katalon.core.webui.keyword.internal.WebUIKeywordMain.stepFailed(WebUIKeywordMain.groovy:64)
	at com.kms.katalon.core.webui.keyword.internal.WebUIKeywordMain.runKeyword(WebUIKeywordMain.groovy:26)
	at com.kms.katalon.core.webui.keyword.builtin.ClickKeyword.click(ClickKeyword.groovy:74)
	at com.kms.katalon.core.webui.keyword.builtin.ClickKeyword.execute(ClickKeyword.groovy:40)
	at com.kms.katalon.core.keyword.internal.KeywordExecutor.executeKeywordForPlatform(KeywordExecutor.groovy:74)
	at com.kms.katalon.core.webui.keyword.WebUiBuiltInKeywords.click(WebUiBuiltInKeywords.groovy:620)
	at com.kms.katalon.core.webui.keyword.WebUiBuiltInKeywords$click$2.call(Unknown Source)
	at PBY-004.run(PBY-004:33)
	at com.kms.katalon.core.main.ScriptEngine.run(ScriptEngine.java:194)
	at com.kms.katalon.core.main.ScriptEngine.runScriptAsRawText(ScriptEngine.java:119)
	at com.kms.katalon.core.main.TestCaseExecutor.runScript(TestCaseExecutor.java:448)
	at com.kms.katalon.core.main.TestCaseExecutor.doExecute(TestCaseExecutor.java:439)
	at com.kms.katalon.core.main.TestCaseExecutor.processExecutionPhase(TestCaseExecutor.java:418)
	at com.kms.katalon.core.main.TestCaseExecutor.accessMainPhase(TestCaseExecutor.java:410)
	at com.kms.katalon.core.main.TestCaseExecutor.execute(TestCaseExecutor.java:285)
	at com.kms.katalon.core.main.TestCaseMain.runTestCase(TestCaseMain.java:144)
	at com.kms.katalon.core.keyword.builtin.CallTestCaseKeyword$_callTestCase_closure1.doCall(CallTestCaseKeyword.groovy:59)
	... 84 more
Caused by: org.openqa.selenium.ElementNotInteractableException: Element <a href="https://10.9.2.63/ecommerce/konfirmasi"> could not be scrolled into view
Build info: version: '3.141.59', revision: 'e82be7d358', time: '2018-11-14T08:25:53'
System info: host: 'DESKTOP-H62FVJ8', ip: '10.9.2.72', os.name: 'Windows 10', os.arch: 'amd64', os.version: '10.0', java.version: '1.8.0_362'
Driver info: com.kms.katalon.core.webui.driver.firefox.CGeckoDriver
Capabilities {acceptInsecureCerts: true, browserName: firefox, browserVersion: 117.0.1, javascriptEnabled: true, moz:accessibilityChecks: false, moz:buildID: 20230912013654, moz:geckodriverVersion: 0.33.0, moz:headless: false, moz:platformVersion: 10.0, moz:processID: 2944, moz:profile: C:\Users\IRFAN\AppData\Loca..., moz:shutdownTimeout: 60000, moz:webdriverClick: true, moz:windowless: false, pageLoadStrategy: normal, platform: WINDOWS, platformName: WINDOWS, proxy: Proxy(direct), setWindowRect: true, strictFileInteractability: false, timeouts: {implicit: 0, pageLoad: 300000, script: 30000}, unhandledPromptBehavior: dismiss and notify}
Session ID: dc809d9c-364c-4b58-b2e8-d34ffd60a16a
	at org.openqa.selenium.remote.http.W3CHttpResponseCodec.createException(W3CHttpResponseCodec.java:187)
	at org.openqa.selenium.remote.http.W3CHttpResponseCodec.decode(W3CHttpResponseCodec.java:122)
	at org.openqa.selenium.remote.http.W3CHttpResponseCodec.decode(W3CHttpResponseCodec.java:49)
	at org.openqa.selenium.remote.HttpCommandExecutor.execute(HttpCommandExecutor.java:158)
	at org.openqa.selenium.remote.service.DriverCommandExecutor.execute(DriverCommandExecutor.java:83)
	at org.openqa.selenium.remote.RemoteWebDriver.execute(RemoteWebDriver.java:552)
	at com.kms.katalon.selenium.driver.CFirefoxDriver.execute(CFirefoxDriver.java:27)
	at org.openqa.selenium.remote.RemoteWebElement.execute(RemoteWebElement.java:285)
	at org.openqa.selenium.remote.RemoteWebElement.click(RemoteWebElement.java:84)
	at org.openqa.selenium.support.events.EventFiringWebDriver$EventFiringWebElement.lambda$new$0(EventFiringWebDriver.java:404)
	at com.sun.proxy.$Proxy11.click(Unknown Source)
	at org.openqa.selenium.support.events.EventFiringWebDriver$EventFiringWebElement.click(EventFiringWebDriver.java:417)
	at org.openqa.selenium.WebElement$click.call(Unknown Source)
	at com.kms.katalon.core.webui.keyword.builtin.ClickKeyword.clickUntilSuccessWithTimeout(ClickKeyword.groovy:81)
	at com.kms.katalon.core.webui.keyword.builtin.ClickKeyword.clickUntilSuccessWithTimeout(ClickKeyword.groovy)
	at com.kms.katalon.core.webui.keyword.builtin.ClickKeyword$_click_closure1.doCall(ClickKeyword.groovy:67)
	at com.kms.katalon.core.webui.keyword.builtin.ClickKeyword$_click_closure1.call(ClickKeyword.groovy)
	at com.kms.katalon.core.webui.keyword.internal.WebUIKeywordMain.runKeyword(WebUIKeywordMain.groovy:20)
	... 99 more
)

2023-10-04 20:51:26 - [TEST_CASE][FAILED] - Test Cases/T13 Pembelian, Shipment dan Pembayaran/SA-001: Test Cases/T13 Pembelian, Shipment dan Pembayaran/SA-001 FAILED.
Reason:
com.kms.katalon.core.exception.StepFailedException: Call Test Case 'Test Cases/T13 Pembelian, Shipment dan Pembayaran/PBYA-001' failed
	at com.kms.katalon.core.keyword.builtin.CallTestCaseKeyword$_callTestCase_closure1.doCall(CallTestCaseKeyword.groovy:63)
	at com.kms.katalon.core.keyword.builtin.CallTestCaseKeyword$_callTestCase_closure1.call(CallTestCaseKeyword.groovy)
	at com.kms.katalon.core.keyword.internal.KeywordMain.runKeyword(KeywordMain.groovy:75)
	at com.kms.katalon.core.keyword.builtin.CallTestCaseKeyword.callTestCase(CallTestCaseKeyword.groovy:81)
	at com.kms.katalon.core.keyword.builtin.CallTestCaseKeyword.execute(CallTestCaseKeyword.groovy:44)
	at com.kms.katalon.core.keyword.internal.KeywordExecutor.executeKeywordForPlatform(KeywordExecutor.groovy:74)
	at com.kms.katalon.core.keyword.BuiltinKeywords.callTestCase(BuiltinKeywords.groovy:310)
	at SA-001.run(SA-001:20)
	at com.kms.katalon.core.main.ScriptEngine.run(ScriptEngine.java:194)
	at com.kms.katalon.core.main.ScriptEngine.runScriptAsRawText(ScriptEngine.java:119)
	at com.kms.katalon.core.main.TestCaseExecutor.runScript(TestCaseExecutor.java:448)
	at com.kms.katalon.core.main.TestCaseExecutor.doExecute(TestCaseExecutor.java:439)
	at com.kms.katalon.core.main.TestCaseExecutor.processExecutionPhase(TestCaseExecutor.java:418)
	at com.kms.katalon.core.main.TestCaseExecutor.accessMainPhase(TestCaseExecutor.java:410)
	at com.kms.katalon.core.main.TestCaseExecutor.execute(TestCaseExecutor.java:285)
	at com.kms.katalon.core.main.TestCaseMain.runTestCase(TestCaseMain.java:144)
	at com.kms.katalon.core.keyword.builtin.CallTestCaseKeyword$_callTestCase_closure1.doCall(CallTestCaseKeyword.groovy:59)
	at com.kms.katalon.core.keyword.builtin.CallTestCaseKeyword$_callTestCase_closure1.call(CallTestCaseKeyword.groovy)
	at com.kms.katalon.core.keyword.internal.KeywordMain.runKeyword(KeywordMain.groovy:75)
	at com.kms.katalon.core.keyword.builtin.CallTestCaseKeyword.callTestCase(CallTestCaseKeyword.groovy:81)
	at com.kms.katalon.core.keyword.builtin.CallTestCaseKeyword.execute(CallTestCaseKeyword.groovy:44)
	at com.kms.katalon.core.keyword.internal.KeywordExecutor.executeKeywordForPlatform(KeywordExecutor.groovy:74)
	at com.kms.katalon.core.keyword.BuiltinKeywords.callTestCase(BuiltinKeywords.groovy:310)
	at SA-002.run(SA-002:20)
	at com.kms.katalon.core.main.ScriptEngine.run(ScriptEngine.java:194)
	at com.kms.katalon.core.main.ScriptEngine.runScriptAsRawText(ScriptEngine.java:119)
	at com.kms.katalon.core.main.TestCaseExecutor.runScript(TestCaseExecutor.java:448)
	at com.kms.katalon.core.main.TestCaseExecutor.doExecute(TestCaseExecutor.java:439)
	at com.kms.katalon.core.main.TestCaseExecutor.processExecutionPhase(TestCaseExecutor.java:418)
	at com.kms.katalon.core.main.TestCaseExecutor.accessMainPhase(TestCaseExecutor.java:410)
	at com.kms.katalon.core.main.TestCaseExecutor.execute(TestCaseExecutor.java:285)
	at com.kms.katalon.core.main.TestCaseMain.runTestCase(TestCaseMain.java:144)
	at com.kms.katalon.core.keyword.builtin.CallTestCaseKeyword$_callTestCase_closure1.doCall(CallTestCaseKeyword.groovy:59)
	at com.kms.katalon.core.keyword.builtin.CallTestCaseKeyword$_callTestCase_closure1.call(CallTestCaseKeyword.groovy)
	at com.kms.katalon.core.keyword.internal.KeywordMain.runKeyword(KeywordMain.groovy:75)
	at com.kms.katalon.core.keyword.builtin.CallTestCaseKeyword.callTestCase(CallTestCaseKeyword.groovy:81)
	at com.kms.katalon.core.keyword.builtin.CallTestCaseKeyword.execute(CallTestCaseKeyword.groovy:44)
	at com.kms.katalon.core.keyword.internal.KeywordExecutor.executeKeywordForPlatform(KeywordExecutor.groovy:74)
	at com.kms.katalon.core.keyword.BuiltinKeywords.callTestCase(BuiltinKeywords.groovy:310)
	at SA-005.run(SA-005:20)
	at com.kms.katalon.core.main.ScriptEngine.run(ScriptEngine.java:194)
	at com.kms.katalon.core.main.ScriptEngine.runScriptAsRawText(ScriptEngine.java:119)
	at com.kms.katalon.core.main.TestCaseExecutor.runScript(TestCaseExecutor.java:448)
	at com.kms.katalon.core.main.TestCaseExecutor.doExecute(TestCaseExecutor.java:439)
	at com.kms.katalon.core.main.TestCaseExecutor.processExecutionPhase(TestCaseExecutor.java:418)
	at com.kms.katalon.core.main.TestCaseExecutor.accessMainPhase(TestCaseExecutor.java:410)
	at com.kms.katalon.core.main.TestCaseExecutor.execute(TestCaseExecutor.java:285)
	at com.kms.katalon.core.main.TestCaseMain.runTestCase(TestCaseMain.java:144)
	at com.kms.katalon.core.keyword.builtin.CallTestCaseKeyword$_callTestCase_closure1.doCall(CallTestCaseKeyword.groovy:59)
	at com.kms.katalon.core.keyword.builtin.CallTestCaseKeyword$_callTestCase_closure1.call(CallTestCaseKeyword.groovy)
	at com.kms.katalon.core.keyword.internal.KeywordMain.runKeyword(KeywordMain.groovy:75)
	at com.kms.katalon.core.keyword.builtin.CallTestCaseKeyword.callTestCase(CallTestCaseKeyword.groovy:81)
	at com.kms.katalon.core.keyword.builtin.CallTestCaseKeyword.execute(CallTestCaseKeyword.groovy:44)
	at com.kms.katalon.core.keyword.internal.KeywordExecutor.executeKeywordForPlatform(KeywordExecutor.groovy:74)
	at com.kms.katalon.core.keyword.BuiltinKeywords.callTestCase(BuiltinKeywords.groovy:310)
	at SU-008.run(SU-008:24)
	at com.kms.katalon.core.main.ScriptEngine.run(ScriptEngine.java:194)
	at com.kms.katalon.core.main.ScriptEngine.runScriptAsRawText(ScriptEngine.java:119)
	at com.kms.katalon.core.main.TestCaseExecutor.runScript(TestCaseExecutor.java:448)
	at com.kms.katalon.core.main.TestCaseExecutor.doExecute(TestCaseExecutor.java:439)
	at com.kms.katalon.core.main.TestCaseExecutor.processExecutionPhase(TestCaseExecutor.java:418)
	at com.kms.katalon.core.main.TestCaseExecutor.accessMainPhase(TestCaseExecutor.java:410)
	at com.kms.katalon.core.main.TestCaseExecutor.execute(TestCaseExecutor.java:285)
	at com.kms.katalon.core.common.CommonExecutor.accessTestCaseMainPhase(CommonExecutor.java:65)
	at com.kms.katalon.core.main.TestSuiteExecutor.accessTestSuiteMainPhase(TestSuiteExecutor.java:148)
	at com.kms.katalon.core.main.TestSuiteExecutor.execute(TestSuiteExecutor.java:106)
	at com.kms.katalon.core.main.TestCaseMain.startTestSuite(TestCaseMain.java:187)
	at com.kms.katalon.core.main.TestCaseMain$startTestSuite$0.call(Unknown Source)
	at TempTestSuite1696424348948.run(TempTestSuite1696424348948.groovy:36)
Caused by: com.kms.katalon.core.exception.StepFailedException: Call Test Case 'Test Cases/T13 Pembelian, Shipment dan Pembayaran/PBY-004' failed
	at com.kms.katalon.core.keyword.builtin.CallTestCaseKeyword$_callTestCase_closure1.doCall(CallTestCaseKeyword.groovy:63)
	at com.kms.katalon.core.keyword.builtin.CallTestCaseKeyword$_callTestCase_closure1.call(CallTestCaseKeyword.groovy)
	at com.kms.katalon.core.keyword.internal.KeywordMain.runKeyword(KeywordMain.groovy:75)
	at com.kms.katalon.core.keyword.builtin.CallTestCaseKeyword.callTestCase(CallTestCaseKeyword.groovy:81)
	at com.kms.katalon.core.keyword.builtin.CallTestCaseKeyword.execute(CallTestCaseKeyword.groovy:44)
	at com.kms.katalon.core.keyword.internal.KeywordExecutor.executeKeywordForPlatform(KeywordExecutor.groovy:74)
	at com.kms.katalon.core.keyword.BuiltinKeywords.callTestCase(BuiltinKeywords.groovy:310)
	at PBYA-001.run(PBYA-001:20)
	at com.kms.katalon.core.main.ScriptEngine.run(ScriptEngine.java:194)
	at com.kms.katalon.core.main.ScriptEngine.runScriptAsRawText(ScriptEngine.java:119)
	at com.kms.katalon.core.main.TestCaseExecutor.runScript(TestCaseExecutor.java:448)
	at com.kms.katalon.core.main.TestCaseExecutor.doExecute(TestCaseExecutor.java:439)
	at com.kms.katalon.core.main.TestCaseExecutor.processExecutionPhase(TestCaseExecutor.java:418)
	at com.kms.katalon.core.main.TestCaseExecutor.accessMainPhase(TestCaseExecutor.java:410)
	at com.kms.katalon.core.main.TestCaseExecutor.execute(TestCaseExecutor.java:285)
	at com.kms.katalon.core.main.TestCaseMain.runTestCase(TestCaseMain.java:144)
	at com.kms.katalon.core.keyword.builtin.CallTestCaseKeyword$_callTestCase_closure1.doCall(CallTestCaseKeyword.groovy:59)
	... 68 more
Caused by: com.kms.katalon.core.exception.StepFailedException: Unable to click on object 'Object Repository/Konfirmasi pesanan shop/Konfirmasi Orders'
	at com.kms.katalon.core.webui.keyword.internal.WebUIKeywordMain.stepFailed(WebUIKeywordMain.groovy:64)
	at com.kms.katalon.core.webui.keyword.internal.WebUIKeywordMain.runKeyword(WebUIKeywordMain.groovy:26)
	at com.kms.katalon.core.webui.keyword.builtin.ClickKeyword.click(ClickKeyword.groovy:74)
	at com.kms.katalon.core.webui.keyword.builtin.ClickKeyword.execute(ClickKeyword.groovy:40)
	at com.kms.katalon.core.keyword.internal.KeywordExecutor.executeKeywordForPlatform(KeywordExecutor.groovy:74)
	at com.kms.katalon.core.webui.keyword.WebUiBuiltInKeywords.click(WebUiBuiltInKeywords.groovy:620)
	at com.kms.katalon.core.webui.keyword.WebUiBuiltInKeywords$click$2.call(Unknown Source)
	at PBY-004.run(PBY-004:33)
	at com.kms.katalon.core.main.ScriptEngine.run(ScriptEngine.java:194)
	at com.kms.katalon.core.main.ScriptEngine.runScriptAsRawText(ScriptEngine.java:119)
	at com.kms.katalon.core.main.TestCaseExecutor.runScript(TestCaseExecutor.java:448)
	at com.kms.katalon.core.main.TestCaseExecutor.doExecute(TestCaseExecutor.java:439)
	at com.kms.katalon.core.main.TestCaseExecutor.processExecutionPhase(TestCaseExecutor.java:418)
	at com.kms.katalon.core.main.TestCaseExecutor.accessMainPhase(TestCaseExecutor.java:410)
	at com.kms.katalon.core.main.TestCaseExecutor.execute(TestCaseExecutor.java:285)
	at com.kms.katalon.core.main.TestCaseMain.runTestCase(TestCaseMain.java:144)
	at com.kms.katalon.core.keyword.builtin.CallTestCaseKeyword$_callTestCase_closure1.doCall(CallTestCaseKeyword.groovy:59)
	... 84 more
Caused by: org.openqa.selenium.ElementNotInteractableException: Element <a href="https://10.9.2.63/ecommerce/konfirmasi"> could not be scrolled into view
Build info: version: '3.141.59', revision: 'e82be7d358', time: '2018-11-14T08:25:53'
System info: host: 'DESKTOP-H62FVJ8', ip: '10.9.2.72', os.name: 'Windows 10', os.arch: 'amd64', os.version: '10.0', java.version: '1.8.0_362'
Driver info: com.kms.katalon.core.webui.driver.firefox.CGeckoDriver
Capabilities {acceptInsecureCerts: true, browserName: firefox, browserVersion: 117.0.1, javascriptEnabled: true, moz:accessibilityChecks: false, moz:buildID: 20230912013654, moz:geckodriverVersion: 0.33.0, moz:headless: false, moz:platformVersion: 10.0, moz:processID: 2944, moz:profile: C:\Users\IRFAN\AppData\Loca..., moz:shutdownTimeout: 60000, moz:webdriverClick: true, moz:windowless: false, pageLoadStrategy: normal, platform: WINDOWS, platformName: WINDOWS, proxy: Proxy(direct), setWindowRect: true, strictFileInteractability: false, timeouts: {implicit: 0, pageLoad: 300000, script: 30000}, unhandledPromptBehavior: dismiss and notify}
Session ID: dc809d9c-364c-4b58-b2e8-d34ffd60a16a
	at org.openqa.selenium.remote.http.W3CHttpResponseCodec.createException(W3CHttpResponseCodec.java:187)
	at org.openqa.selenium.remote.http.W3CHttpResponseCodec.decode(W3CHttpResponseCodec.java:122)
	at org.openqa.selenium.remote.http.W3CHttpResponseCodec.decode(W3CHttpResponseCodec.java:49)
	at org.openqa.selenium.remote.HttpCommandExecutor.execute(HttpCommandExecutor.java:158)
	at org.openqa.selenium.remote.service.DriverCommandExecutor.execute(DriverCommandExecutor.java:83)
	at org.openqa.selenium.remote.RemoteWebDriver.execute(RemoteWebDriver.java:552)
	at com.kms.katalon.selenium.driver.CFirefoxDriver.execute(CFirefoxDriver.java:27)
	at org.openqa.selenium.remote.RemoteWebElement.execute(RemoteWebElement.java:285)
	at org.openqa.selenium.remote.RemoteWebElement.click(RemoteWebElement.java:84)
	at org.openqa.selenium.support.events.EventFiringWebDriver$EventFiringWebElement.lambda$new$0(EventFiringWebDriver.java:404)
	at com.sun.proxy.$Proxy11.click(Unknown Source)
	at org.openqa.selenium.support.events.EventFiringWebDriver$EventFiringWebElement.click(EventFiringWebDriver.java:417)
	at org.openqa.selenium.WebElement$click.call(Unknown Source)
	at com.kms.katalon.core.webui.keyword.builtin.ClickKeyword.clickUntilSuccessWithTimeout(ClickKeyword.groovy:81)
	at com.kms.katalon.core.webui.keyword.builtin.ClickKeyword.clickUntilSuccessWithTimeout(ClickKeyword.groovy)
	at com.kms.katalon.core.webui.keyword.builtin.ClickKeyword$_click_closure1.doCall(ClickKeyword.groovy:67)
	at com.kms.katalon.core.webui.keyword.builtin.ClickKeyword$_click_closure1.call(ClickKeyword.groovy)
	at com.kms.katalon.core.webui.keyword.internal.WebUIKeywordMain.runKeyword(WebUIKeywordMain.groovy:20)
	... 99 more


2023-10-04 20:51:26 - [TEST_STEP][FAILED] - data = callTestCase(findTestCase("T13 Pembelian, Shipment dan Pembayaran/PBYA-001"), [:], STOP_ON_FAILURE): Unable to call Test Case 'Test Cases/T13 Pembelian, Shipment dan Pembayaran/PBYA-001' (Root cause: com.kms.katalon.core.exception.StepFailedException: Call Test Case 'Test Cases/T13 Pembelian, Shipment dan Pembayaran/PBYA-001' failed
	at com.kms.katalon.core.keyword.builtin.CallTestCaseKeyword$_callTestCase_closure1.doCall(CallTestCaseKeyword.groovy:63)
	at com.kms.katalon.core.keyword.builtin.CallTestCaseKeyword$_callTestCase_closure1.call(CallTestCaseKeyword.groovy)
	at com.kms.katalon.core.keyword.internal.KeywordMain.runKeyword(KeywordMain.groovy:75)
	at com.kms.katalon.core.keyword.builtin.CallTestCaseKeyword.callTestCase(CallTestCaseKeyword.groovy:81)
	at com.kms.katalon.core.keyword.builtin.CallTestCaseKeyword.execute(CallTestCaseKeyword.groovy:44)
	at com.kms.katalon.core.keyword.internal.KeywordExecutor.executeKeywordForPlatform(KeywordExecutor.groovy:74)
	at com.kms.katalon.core.keyword.BuiltinKeywords.callTestCase(BuiltinKeywords.groovy:310)
	at SA-001.run(SA-001:20)
	at com.kms.katalon.core.main.ScriptEngine.run(ScriptEngine.java:194)
	at com.kms.katalon.core.main.ScriptEngine.runScriptAsRawText(ScriptEngine.java:119)
	at com.kms.katalon.core.main.TestCaseExecutor.runScript(TestCaseExecutor.java:448)
	at com.kms.katalon.core.main.TestCaseExecutor.doExecute(TestCaseExecutor.java:439)
	at com.kms.katalon.core.main.TestCaseExecutor.processExecutionPhase(TestCaseExecutor.java:418)
	at com.kms.katalon.core.main.TestCaseExecutor.accessMainPhase(TestCaseExecutor.java:410)
	at com.kms.katalon.core.main.TestCaseExecutor.execute(TestCaseExecutor.java:285)
	at com.kms.katalon.core.main.TestCaseMain.runTestCase(TestCaseMain.java:144)
	at com.kms.katalon.core.keyword.builtin.CallTestCaseKeyword$_callTestCase_closure1.doCall(CallTestCaseKeyword.groovy:59)
	at com.kms.katalon.core.keyword.builtin.CallTestCaseKeyword$_callTestCase_closure1.call(CallTestCaseKeyword.groovy)
	at com.kms.katalon.core.keyword.internal.KeywordMain.runKeyword(KeywordMain.groovy:75)
	at com.kms.katalon.core.keyword.builtin.CallTestCaseKeyword.callTestCase(CallTestCaseKeyword.groovy:81)
	at com.kms.katalon.core.keyword.builtin.CallTestCaseKeyword.execute(CallTestCaseKeyword.groovy:44)
	at com.kms.katalon.core.keyword.internal.KeywordExecutor.executeKeywordForPlatform(KeywordExecutor.groovy:74)
	at com.kms.katalon.core.keyword.BuiltinKeywords.callTestCase(BuiltinKeywords.groovy:310)
	at SA-002.run(SA-002:20)
	at com.kms.katalon.core.main.ScriptEngine.run(ScriptEngine.java:194)
	at com.kms.katalon.core.main.ScriptEngine.runScriptAsRawText(ScriptEngine.java:119)
	at com.kms.katalon.core.main.TestCaseExecutor.runScript(TestCaseExecutor.java:448)
	at com.kms.katalon.core.main.TestCaseExecutor.doExecute(TestCaseExecutor.java:439)
	at com.kms.katalon.core.main.TestCaseExecutor.processExecutionPhase(TestCaseExecutor.java:418)
	at com.kms.katalon.core.main.TestCaseExecutor.accessMainPhase(TestCaseExecutor.java:410)
	at com.kms.katalon.core.main.TestCaseExecutor.execute(TestCaseExecutor.java:285)
	at com.kms.katalon.core.main.TestCaseMain.runTestCase(TestCaseMain.java:144)
	at com.kms.katalon.core.keyword.builtin.CallTestCaseKeyword$_callTestCase_closure1.doCall(CallTestCaseKeyword.groovy:59)
	at com.kms.katalon.core.keyword.builtin.CallTestCaseKeyword$_callTestCase_closure1.call(CallTestCaseKeyword.groovy)
	at com.kms.katalon.core.keyword.internal.KeywordMain.runKeyword(KeywordMain.groovy:75)
	at com.kms.katalon.core.keyword.builtin.CallTestCaseKeyword.callTestCase(CallTestCaseKeyword.groovy:81)
	at com.kms.katalon.core.keyword.builtin.CallTestCaseKeyword.execute(CallTestCaseKeyword.groovy:44)
	at com.kms.katalon.core.keyword.internal.KeywordExecutor.executeKeywordForPlatform(KeywordExecutor.groovy:74)
	at com.kms.katalon.core.keyword.BuiltinKeywords.callTestCase(BuiltinKeywords.groovy:310)
	at SA-005.run(SA-005:20)
	at com.kms.katalon.core.main.ScriptEngine.run(ScriptEngine.java:194)
	at com.kms.katalon.core.main.ScriptEngine.runScriptAsRawText(ScriptEngine.java:119)
	at com.kms.katalon.core.main.TestCaseExecutor.runScript(TestCaseExecutor.java:448)
	at com.kms.katalon.core.main.TestCaseExecutor.doExecute(TestCaseExecutor.java:439)
	at com.kms.katalon.core.main.TestCaseExecutor.processExecutionPhase(TestCaseExecutor.java:418)
	at com.kms.katalon.core.main.TestCaseExecutor.accessMainPhase(TestCaseExecutor.java:410)
	at com.kms.katalon.core.main.TestCaseExecutor.execute(TestCaseExecutor.java:285)
	at com.kms.katalon.core.main.TestCaseMain.runTestCase(TestCaseMain.java:144)
	at com.kms.katalon.core.keyword.builtin.CallTestCaseKeyword$_callTestCase_closure1.doCall(CallTestCaseKeyword.groovy:59)
	at com.kms.katalon.core.keyword.builtin.CallTestCaseKeyword$_callTestCase_closure1.call(CallTestCaseKeyword.groovy)
	at com.kms.katalon.core.keyword.internal.KeywordMain.runKeyword(KeywordMain.groovy:75)
	at com.kms.katalon.core.keyword.builtin.CallTestCaseKeyword.callTestCase(CallTestCaseKeyword.groovy:81)
	at com.kms.katalon.core.keyword.builtin.CallTestCaseKeyword.execute(CallTestCaseKeyword.groovy:44)
	at com.kms.katalon.core.keyword.internal.KeywordExecutor.executeKeywordForPlatform(KeywordExecutor.groovy:74)
	at com.kms.katalon.core.keyword.BuiltinKeywords.callTestCase(BuiltinKeywords.groovy:310)
	at SU-008.run(SU-008:24)
	at com.kms.katalon.core.main.ScriptEngine.run(ScriptEngine.java:194)
	at com.kms.katalon.core.main.ScriptEngine.runScriptAsRawText(ScriptEngine.java:119)
	at com.kms.katalon.core.main.TestCaseExecutor.runScript(TestCaseExecutor.java:448)
	at com.kms.katalon.core.main.TestCaseExecutor.doExecute(TestCaseExecutor.java:439)
	at com.kms.katalon.core.main.TestCaseExecutor.processExecutionPhase(TestCaseExecutor.java:418)
	at com.kms.katalon.core.main.TestCaseExecutor.accessMainPhase(TestCaseExecutor.java:410)
	at com.kms.katalon.core.main.TestCaseExecutor.execute(TestCaseExecutor.java:285)
	at com.kms.katalon.core.common.CommonExecutor.accessTestCaseMainPhase(CommonExecutor.java:65)
	at com.kms.katalon.core.main.TestSuiteExecutor.accessTestSuiteMainPhase(TestSuiteExecutor.java:148)
	at com.kms.katalon.core.main.TestSuiteExecutor.execute(TestSuiteExecutor.java:106)
	at com.kms.katalon.core.main.TestCaseMain.startTestSuite(TestCaseMain.java:187)
	at com.kms.katalon.core.main.TestCaseMain$startTestSuite$0.call(Unknown Source)
	at TempTestSuite1696424348948.run(TempTestSuite1696424348948.groovy:36)
Caused by: com.kms.katalon.core.exception.StepFailedException: Call Test Case 'Test Cases/T13 Pembelian, Shipment dan Pembayaran/PBY-004' failed
	at com.kms.katalon.core.keyword.builtin.CallTestCaseKeyword$_callTestCase_closure1.doCall(CallTestCaseKeyword.groovy:63)
	at com.kms.katalon.core.keyword.builtin.CallTestCaseKeyword$_callTestCase_closure1.call(CallTestCaseKeyword.groovy)
	at com.kms.katalon.core.keyword.internal.KeywordMain.runKeyword(KeywordMain.groovy:75)
	at com.kms.katalon.core.keyword.builtin.CallTestCaseKeyword.callTestCase(CallTestCaseKeyword.groovy:81)
	at com.kms.katalon.core.keyword.builtin.CallTestCaseKeyword.execute(CallTestCaseKeyword.groovy:44)
	at com.kms.katalon.core.keyword.internal.KeywordExecutor.executeKeywordForPlatform(KeywordExecutor.groovy:74)
	at com.kms.katalon.core.keyword.BuiltinKeywords.callTestCase(BuiltinKeywords.groovy:310)
	at PBYA-001.run(PBYA-001:20)
	at com.kms.katalon.core.main.ScriptEngine.run(ScriptEngine.java:194)
	at com.kms.katalon.core.main.ScriptEngine.runScriptAsRawText(ScriptEngine.java:119)
	at com.kms.katalon.core.main.TestCaseExecutor.runScript(TestCaseExecutor.java:448)
	at com.kms.katalon.core.main.TestCaseExecutor.doExecute(TestCaseExecutor.java:439)
	at com.kms.katalon.core.main.TestCaseExecutor.processExecutionPhase(TestCaseExecutor.java:418)
	at com.kms.katalon.core.main.TestCaseExecutor.accessMainPhase(TestCaseExecutor.java:410)
	at com.kms.katalon.core.main.TestCaseExecutor.execute(TestCaseExecutor.java:285)
	at com.kms.katalon.core.main.TestCaseMain.runTestCase(TestCaseMain.java:144)
	at com.kms.katalon.core.keyword.builtin.CallTestCaseKeyword$_callTestCase_closure1.doCall(CallTestCaseKeyword.groovy:59)
	... 68 more
Caused by: com.kms.katalon.core.exception.StepFailedException: Unable to click on object 'Object Repository/Konfirmasi pesanan shop/Konfirmasi Orders'
	at com.kms.katalon.core.webui.keyword.internal.WebUIKeywordMain.stepFailed(WebUIKeywordMain.groovy:64)
	at com.kms.katalon.core.webui.keyword.internal.WebUIKeywordMain.runKeyword(WebUIKeywordMain.groovy:26)
	at com.kms.katalon.core.webui.keyword.builtin.ClickKeyword.click(ClickKeyword.groovy:74)
	at com.kms.katalon.core.webui.keyword.builtin.ClickKeyword.execute(ClickKeyword.groovy:40)
	at com.kms.katalon.core.keyword.internal.KeywordExecutor.executeKeywordForPlatform(KeywordExecutor.groovy:74)
	at com.kms.katalon.core.webui.keyword.WebUiBuiltInKeywords.click(WebUiBuiltInKeywords.groovy:620)
	at com.kms.katalon.core.webui.keyword.WebUiBuiltInKeywords$click$2.call(Unknown Source)
	at PBY-004.run(PBY-004:33)
	at com.kms.katalon.core.main.ScriptEngine.run(ScriptEngine.java:194)
	at com.kms.katalon.core.main.ScriptEngine.runScriptAsRawText(ScriptEngine.java:119)
	at com.kms.katalon.core.main.TestCaseExecutor.runScript(TestCaseExecutor.java:448)
	at com.kms.katalon.core.main.TestCaseExecutor.doExecute(TestCaseExecutor.java:439)
	at com.kms.katalon.core.main.TestCaseExecutor.processExecutionPhase(TestCaseExecutor.java:418)
	at com.kms.katalon.core.main.TestCaseExecutor.accessMainPhase(TestCaseExecutor.java:410)
	at com.kms.katalon.core.main.TestCaseExecutor.execute(TestCaseExecutor.java:285)
	at com.kms.katalon.core.main.TestCaseMain.runTestCase(TestCaseMain.java:144)
	at com.kms.katalon.core.keyword.builtin.CallTestCaseKeyword$_callTestCase_closure1.doCall(CallTestCaseKeyword.groovy:59)
	... 84 more
Caused by: org.openqa.selenium.ElementNotInteractableException: Element <a href="https://10.9.2.63/ecommerce/konfirmasi"> could not be scrolled into view
Build info: version: '3.141.59', revision: 'e82be7d358', time: '2018-11-14T08:25:53'
System info: host: 'DESKTOP-H62FVJ8', ip: '10.9.2.72', os.name: 'Windows 10', os.arch: 'amd64', os.version: '10.0', java.version: '1.8.0_362'
Driver info: com.kms.katalon.core.webui.driver.firefox.CGeckoDriver
Capabilities {acceptInsecureCerts: true, browserName: firefox, browserVersion: 117.0.1, javascriptEnabled: true, moz:accessibilityChecks: false, moz:buildID: 20230912013654, moz:geckodriverVersion: 0.33.0, moz:headless: false, moz:platformVersion: 10.0, moz:processID: 2944, moz:profile: C:\Users\IRFAN\AppData\Loca..., moz:shutdownTimeout: 60000, moz:webdriverClick: true, moz:windowless: false, pageLoadStrategy: normal, platform: WINDOWS, platformName: WINDOWS, proxy: Proxy(direct), setWindowRect: true, strictFileInteractability: false, timeouts: {implicit: 0, pageLoad: 300000, script: 30000}, unhandledPromptBehavior: dismiss and notify}
Session ID: dc809d9c-364c-4b58-b2e8-d34ffd60a16a
	at org.openqa.selenium.remote.http.W3CHttpResponseCodec.createException(W3CHttpResponseCodec.java:187)
	at org.openqa.selenium.remote.http.W3CHttpResponseCodec.decode(W3CHttpResponseCodec.java:122)
	at org.openqa.selenium.remote.http.W3CHttpResponseCodec.decode(W3CHttpResponseCodec.java:49)
	at org.openqa.selenium.remote.HttpCommandExecutor.execute(HttpCommandExecutor.java:158)
	at org.openqa.selenium.remote.service.DriverCommandExecutor.execute(DriverCommandExecutor.java:83)
	at org.openqa.selenium.remote.RemoteWebDriver.execute(RemoteWebDriver.java:552)
	at com.kms.katalon.selenium.driver.CFirefoxDriver.execute(CFirefoxDriver.java:27)
	at org.openqa.selenium.remote.RemoteWebElement.execute(RemoteWebElement.java:285)
	at org.openqa.selenium.remote.RemoteWebElement.click(RemoteWebElement.java:84)
	at org.openqa.selenium.support.events.EventFiringWebDriver$EventFiringWebElement.lambda$new$0(EventFiringWebDriver.java:404)
	at com.sun.proxy.$Proxy11.click(Unknown Source)
	at org.openqa.selenium.support.events.EventFiringWebDriver$EventFiringWebElement.click(EventFiringWebDriver.java:417)
	at org.openqa.selenium.WebElement$click.call(Unknown Source)
	at com.kms.katalon.core.webui.keyword.builtin.ClickKeyword.clickUntilSuccessWithTimeout(ClickKeyword.groovy:81)
	at com.kms.katalon.core.webui.keyword.builtin.ClickKeyword.clickUntilSuccessWithTimeout(ClickKeyword.groovy)
	at com.kms.katalon.core.webui.keyword.builtin.ClickKeyword$_click_closure1.doCall(ClickKeyword.groovy:67)
	at com.kms.katalon.core.webui.keyword.builtin.ClickKeyword$_click_closure1.call(ClickKeyword.groovy)
	at com.kms.katalon.core.webui.keyword.internal.WebUIKeywordMain.runKeyword(WebUIKeywordMain.groovy:20)
	... 99 more
)

2023-10-04 20:51:26 - [TEST_CASE][FAILED] - Test Cases/T13 Pembelian, Shipment dan Pembayaran/PBYA-001: Test Cases/T13 Pembelian, Shipment dan Pembayaran/PBYA-001 FAILED.
Reason:
com.kms.katalon.core.exception.StepFailedException: Call Test Case 'Test Cases/T13 Pembelian, Shipment dan Pembayaran/PBY-004' failed
	at com.kms.katalon.core.keyword.builtin.CallTestCaseKeyword$_callTestCase_closure1.doCall(CallTestCaseKeyword.groovy:63)
	at com.kms.katalon.core.keyword.builtin.CallTestCaseKeyword$_callTestCase_closure1.call(CallTestCaseKeyword.groovy)
	at com.kms.katalon.core.keyword.internal.KeywordMain.runKeyword(KeywordMain.groovy:75)
	at com.kms.katalon.core.keyword.builtin.CallTestCaseKeyword.callTestCase(CallTestCaseKeyword.groovy:81)
	at com.kms.katalon.core.keyword.builtin.CallTestCaseKeyword.execute(CallTestCaseKeyword.groovy:44)
	at com.kms.katalon.core.keyword.internal.KeywordExecutor.executeKeywordForPlatform(KeywordExecutor.groovy:74)
	at com.kms.katalon.core.keyword.BuiltinKeywords.callTestCase(BuiltinKeywords.groovy:310)
	at PBYA-001.run(PBYA-001:20)
	at com.kms.katalon.core.main.ScriptEngine.run(ScriptEngine.java:194)
	at com.kms.katalon.core.main.ScriptEngine.runScriptAsRawText(ScriptEngine.java:119)
	at com.kms.katalon.core.main.TestCaseExecutor.runScript(TestCaseExecutor.java:448)
	at com.kms.katalon.core.main.TestCaseExecutor.doExecute(TestCaseExecutor.java:439)
	at com.kms.katalon.core.main.TestCaseExecutor.processExecutionPhase(TestCaseExecutor.java:418)
	at com.kms.katalon.core.main.TestCaseExecutor.accessMainPhase(TestCaseExecutor.java:410)
	at com.kms.katalon.core.main.TestCaseExecutor.execute(TestCaseExecutor.java:285)
	at com.kms.katalon.core.main.TestCaseMain.runTestCase(TestCaseMain.java:144)
	at com.kms.katalon.core.keyword.builtin.CallTestCaseKeyword$_callTestCase_closure1.doCall(CallTestCaseKeyword.groovy:59)
	at com.kms.katalon.core.keyword.builtin.CallTestCaseKeyword$_callTestCase_closure1.call(CallTestCaseKeyword.groovy)
	at com.kms.katalon.core.keyword.internal.KeywordMain.runKeyword(KeywordMain.groovy:75)
	at com.kms.katalon.core.keyword.builtin.CallTestCaseKeyword.callTestCase(CallTestCaseKeyword.groovy:81)
	at com.kms.katalon.core.keyword.builtin.CallTestCaseKeyword.execute(CallTestCaseKeyword.groovy:44)
	at com.kms.katalon.core.keyword.internal.KeywordExecutor.executeKeywordForPlatform(KeywordExecutor.groovy:74)
	at com.kms.katalon.core.keyword.BuiltinKeywords.callTestCase(BuiltinKeywords.groovy:310)
	at SA-001.run(SA-001:20)
	at com.kms.katalon.core.main.ScriptEngine.run(ScriptEngine.java:194)
	at com.kms.katalon.core.main.ScriptEngine.runScriptAsRawText(ScriptEngine.java:119)
	at com.kms.katalon.core.main.TestCaseExecutor.runScript(TestCaseExecutor.java:448)
	at com.kms.katalon.core.main.TestCaseExecutor.doExecute(TestCaseExecutor.java:439)
	at com.kms.katalon.core.main.TestCaseExecutor.processExecutionPhase(TestCaseExecutor.java:418)
	at com.kms.katalon.core.main.TestCaseExecutor.accessMainPhase(TestCaseExecutor.java:410)
	at com.kms.katalon.core.main.TestCaseExecutor.execute(TestCaseExecutor.java:285)
	at com.kms.katalon.core.main.TestCaseMain.runTestCase(TestCaseMain.java:144)
	at com.kms.katalon.core.keyword.builtin.CallTestCaseKeyword$_callTestCase_closure1.doCall(CallTestCaseKeyword.groovy:59)
	at com.kms.katalon.core.keyword.builtin.CallTestCaseKeyword$_callTestCase_closure1.call(CallTestCaseKeyword.groovy)
	at com.kms.katalon.core.keyword.internal.KeywordMain.runKeyword(KeywordMain.groovy:75)
	at com.kms.katalon.core.keyword.builtin.CallTestCaseKeyword.callTestCase(CallTestCaseKeyword.groovy:81)
	at com.kms.katalon.core.keyword.builtin.CallTestCaseKeyword.execute(CallTestCaseKeyword.groovy:44)
	at com.kms.katalon.core.keyword.internal.KeywordExecutor.executeKeywordForPlatform(KeywordExecutor.groovy:74)
	at com.kms.katalon.core.keyword.BuiltinKeywords.callTestCase(BuiltinKeywords.groovy:310)
	at SA-002.run(SA-002:20)
	at com.kms.katalon.core.main.ScriptEngine.run(ScriptEngine.java:194)
	at com.kms.katalon.core.main.ScriptEngine.runScriptAsRawText(ScriptEngine.java:119)
	at com.kms.katalon.core.main.TestCaseExecutor.runScript(TestCaseExecutor.java:448)
	at com.kms.katalon.core.main.TestCaseExecutor.doExecute(TestCaseExecutor.java:439)
	at com.kms.katalon.core.main.TestCaseExecutor.processExecutionPhase(TestCaseExecutor.java:418)
	at com.kms.katalon.core.main.TestCaseExecutor.accessMainPhase(TestCaseExecutor.java:410)
	at com.kms.katalon.core.main.TestCaseExecutor.execute(TestCaseExecutor.java:285)
	at com.kms.katalon.core.main.TestCaseMain.runTestCase(TestCaseMain.java:144)
	at com.kms.katalon.core.keyword.builtin.CallTestCaseKeyword$_callTestCase_closure1.doCall(CallTestCaseKeyword.groovy:59)
	at com.kms.katalon.core.keyword.builtin.CallTestCaseKeyword$_callTestCase_closure1.call(CallTestCaseKeyword.groovy)
	at com.kms.katalon.core.keyword.internal.KeywordMain.runKeyword(KeywordMain.groovy:75)
	at com.kms.katalon.core.keyword.builtin.CallTestCaseKeyword.callTestCase(CallTestCaseKeyword.groovy:81)
	at com.kms.katalon.core.keyword.builtin.CallTestCaseKeyword.execute(CallTestCaseKeyword.groovy:44)
	at com.kms.katalon.core.keyword.internal.KeywordExecutor.executeKeywordForPlatform(KeywordExecutor.groovy:74)
	at com.kms.katalon.core.keyword.BuiltinKeywords.callTestCase(BuiltinKeywords.groovy:310)
	at SA-005.run(SA-005:20)
	at com.kms.katalon.core.main.ScriptEngine.run(ScriptEngine.java:194)
	at com.kms.katalon.core.main.ScriptEngine.runScriptAsRawText(ScriptEngine.java:119)
	at com.kms.katalon.core.main.TestCaseExecutor.runScript(TestCaseExecutor.java:448)
	at com.kms.katalon.core.main.TestCaseExecutor.doExecute(TestCaseExecutor.java:439)
	at com.kms.katalon.core.main.TestCaseExecutor.processExecutionPhase(TestCaseExecutor.java:418)
	at com.kms.katalon.core.main.TestCaseExecutor.accessMainPhase(TestCaseExecutor.java:410)
	at com.kms.katalon.core.main.TestCaseExecutor.execute(TestCaseExecutor.java:285)
	at com.kms.katalon.core.main.TestCaseMain.runTestCase(TestCaseMain.java:144)
	at com.kms.katalon.core.keyword.builtin.CallTestCaseKeyword$_callTestCase_closure1.doCall(CallTestCaseKeyword.groovy:59)
	at com.kms.katalon.core.keyword.builtin.CallTestCaseKeyword$_callTestCase_closure1.call(CallTestCaseKeyword.groovy)
	at com.kms.katalon.core.keyword.internal.KeywordMain.runKeyword(KeywordMain.groovy:75)
	at com.kms.katalon.core.keyword.builtin.CallTestCaseKeyword.callTestCase(CallTestCaseKeyword.groovy:81)
	at com.kms.katalon.core.keyword.builtin.CallTestCaseKeyword.execute(CallTestCaseKeyword.groovy:44)
	at com.kms.katalon.core.keyword.internal.KeywordExecutor.executeKeywordForPlatform(KeywordExecutor.groovy:74)
	at com.kms.katalon.core.keyword.BuiltinKeywords.callTestCase(BuiltinKeywords.groovy:310)
	at SU-008.run(SU-008:24)
	at com.kms.katalon.core.main.ScriptEngine.run(ScriptEngine.java:194)
	at com.kms.katalon.core.main.ScriptEngine.runScriptAsRawText(ScriptEngine.java:119)
	at com.kms.katalon.core.main.TestCaseExecutor.runScript(TestCaseExecutor.java:448)
	at com.kms.katalon.core.main.TestCaseExecutor.doExecute(TestCaseExecutor.java:439)
	at com.kms.katalon.core.main.TestCaseExecutor.processExecutionPhase(TestCaseExecutor.java:418)
	at com.kms.katalon.core.main.TestCaseExecutor.accessMainPhase(TestCaseExecutor.java:410)
	at com.kms.katalon.core.main.TestCaseExecutor.execute(TestCaseExecutor.java:285)
	at com.kms.katalon.core.common.CommonExecutor.accessTestCaseMainPhase(CommonExecutor.java:65)
	at com.kms.katalon.core.main.TestSuiteExecutor.accessTestSuiteMainPhase(TestSuiteExecutor.java:148)
	at com.kms.katalon.core.main.TestSuiteExecutor.execute(TestSuiteExecutor.java:106)
	at com.kms.katalon.core.main.TestCaseMain.startTestSuite(TestCaseMain.java:187)
	at com.kms.katalon.core.main.TestCaseMain$startTestSuite$0.call(Unknown Source)
	at TempTestSuite1696424348948.run(TempTestSuite1696424348948.groovy:36)
Caused by: com.kms.katalon.core.exception.StepFailedException: Unable to click on object 'Object Repository/Konfirmasi pesanan shop/Konfirmasi Orders'
	at com.kms.katalon.core.webui.keyword.internal.WebUIKeywordMain.stepFailed(WebUIKeywordMain.groovy:64)
	at com.kms.katalon.core.webui.keyword.internal.WebUIKeywordMain.runKeyword(WebUIKeywordMain.groovy:26)
	at com.kms.katalon.core.webui.keyword.builtin.ClickKeyword.click(ClickKeyword.groovy:74)
	at com.kms.katalon.core.webui.keyword.builtin.ClickKeyword.execute(ClickKeyword.groovy:40)
	at com.kms.katalon.core.keyword.internal.KeywordExecutor.executeKeywordForPlatform(KeywordExecutor.groovy:74)
	at com.kms.katalon.core.webui.keyword.WebUiBuiltInKeywords.click(WebUiBuiltInKeywords.groovy:620)
	at com.kms.katalon.core.webui.keyword.WebUiBuiltInKeywords$click$2.call(Unknown Source)
	at PBY-004.run(PBY-004:33)
	at com.kms.katalon.core.main.ScriptEngine.run(ScriptEngine.java:194)
	at com.kms.katalon.core.main.ScriptEngine.runScriptAsRawText(ScriptEngine.java:119)
	at com.kms.katalon.core.main.TestCaseExecutor.runScript(TestCaseExecutor.java:448)
	at com.kms.katalon.core.main.TestCaseExecutor.doExecute(TestCaseExecutor.java:439)
	at com.kms.katalon.core.main.TestCaseExecutor.processExecutionPhase(TestCaseExecutor.java:418)
	at com.kms.katalon.core.main.TestCaseExecutor.accessMainPhase(TestCaseExecutor.java:410)
	at com.kms.katalon.core.main.TestCaseExecutor.execute(TestCaseExecutor.java:285)
	at com.kms.katalon.core.main.TestCaseMain.runTestCase(TestCaseMain.java:144)
	at com.kms.katalon.core.keyword.builtin.CallTestCaseKeyword$_callTestCase_closure1.doCall(CallTestCaseKeyword.groovy:59)
	... 84 more
Caused by: org.openqa.selenium.ElementNotInteractableException: Element <a href="https://10.9.2.63/ecommerce/konfirmasi"> could not be scrolled into view
Build info: version: '3.141.59', revision: 'e82be7d358', time: '2018-11-14T08:25:53'
System info: host: 'DESKTOP-H62FVJ8', ip: '10.9.2.72', os.name: 'Windows 10', os.arch: 'amd64', os.version: '10.0', java.version: '1.8.0_362'
Driver info: com.kms.katalon.core.webui.driver.firefox.CGeckoDriver
Capabilities {acceptInsecureCerts: true, browserName: firefox, browserVersion: 117.0.1, javascriptEnabled: true, moz:accessibilityChecks: false, moz:buildID: 20230912013654, moz:geckodriverVersion: 0.33.0, moz:headless: false, moz:platformVersion: 10.0, moz:processID: 2944, moz:profile: C:\Users\IRFAN\AppData\Loca..., moz:shutdownTimeout: 60000, moz:webdriverClick: true, moz:windowless: false, pageLoadStrategy: normal, platform: WINDOWS, platformName: WINDOWS, proxy: Proxy(direct), setWindowRect: true, strictFileInteractability: false, timeouts: {implicit: 0, pageLoad: 300000, script: 30000}, unhandledPromptBehavior: dismiss and notify}
Session ID: dc809d9c-364c-4b58-b2e8-d34ffd60a16a
	at org.openqa.selenium.remote.http.W3CHttpResponseCodec.createException(W3CHttpResponseCodec.java:187)
	at org.openqa.selenium.remote.http.W3CHttpResponseCodec.decode(W3CHttpResponseCodec.java:122)
	at org.openqa.selenium.remote.http.W3CHttpResponseCodec.decode(W3CHttpResponseCodec.java:49)
	at org.openqa.selenium.remote.HttpCommandExecutor.execute(HttpCommandExecutor.java:158)
	at org.openqa.selenium.remote.service.DriverCommandExecutor.execute(DriverCommandExecutor.java:83)
	at org.openqa.selenium.remote.RemoteWebDriver.execute(RemoteWebDriver.java:552)
	at com.kms.katalon.selenium.driver.CFirefoxDriver.execute(CFirefoxDriver.java:27)
	at org.openqa.selenium.remote.RemoteWebElement.execute(RemoteWebElement.java:285)
	at org.openqa.selenium.remote.RemoteWebElement.click(RemoteWebElement.java:84)
	at org.openqa.selenium.support.events.EventFiringWebDriver$EventFiringWebElement.lambda$new$0(EventFiringWebDriver.java:404)
	at com.sun.proxy.$Proxy11.click(Unknown Source)
	at org.openqa.selenium.support.events.EventFiringWebDriver$EventFiringWebElement.click(EventFiringWebDriver.java:417)
	at org.openqa.selenium.WebElement$click.call(Unknown Source)
	at com.kms.katalon.core.webui.keyword.builtin.ClickKeyword.clickUntilSuccessWithTimeout(ClickKeyword.groovy:81)
	at com.kms.katalon.core.webui.keyword.builtin.ClickKeyword.clickUntilSuccessWithTimeout(ClickKeyword.groovy)
	at com.kms.katalon.core.webui.keyword.builtin.ClickKeyword$_click_closure1.doCall(ClickKeyword.groovy:67)
	at com.kms.katalon.core.webui.keyword.builtin.ClickKeyword$_click_closure1.call(ClickKeyword.groovy)
	at com.kms.katalon.core.webui.keyword.internal.WebUIKeywordMain.runKeyword(WebUIKeywordMain.groovy:20)
	... 99 more


2023-10-04 20:51:26 - [TEST_STEP][FAILED] - data = callTestCase(findTestCase("T13 Pembelian, Shipment dan Pembayaran/PBY-004"), [:], STOP_ON_FAILURE): Unable to call Test Case 'Test Cases/T13 Pembelian, Shipment dan Pembayaran/PBY-004' (Root cause: com.kms.katalon.core.exception.StepFailedException: Call Test Case 'Test Cases/T13 Pembelian, Shipment dan Pembayaran/PBY-004' failed
	at com.kms.katalon.core.keyword.builtin.CallTestCaseKeyword$_callTestCase_closure1.doCall(CallTestCaseKeyword.groovy:63)
	at com.kms.katalon.core.keyword.builtin.CallTestCaseKeyword$_callTestCase_closure1.call(CallTestCaseKeyword.groovy)
	at com.kms.katalon.core.keyword.internal.KeywordMain.runKeyword(KeywordMain.groovy:75)
	at com.kms.katalon.core.keyword.builtin.CallTestCaseKeyword.callTestCase(CallTestCaseKeyword.groovy:81)
	at com.kms.katalon.core.keyword.builtin.CallTestCaseKeyword.execute(CallTestCaseKeyword.groovy:44)
	at com.kms.katalon.core.keyword.internal.KeywordExecutor.executeKeywordForPlatform(KeywordExecutor.groovy:74)
	at com.kms.katalon.core.keyword.BuiltinKeywords.callTestCase(BuiltinKeywords.groovy:310)
	at PBYA-001.run(PBYA-001:20)
	at com.kms.katalon.core.main.ScriptEngine.run(ScriptEngine.java:194)
	at com.kms.katalon.core.main.ScriptEngine.runScriptAsRawText(ScriptEngine.java:119)
	at com.kms.katalon.core.main.TestCaseExecutor.runScript(TestCaseExecutor.java:448)
	at com.kms.katalon.core.main.TestCaseExecutor.doExecute(TestCaseExecutor.java:439)
	at com.kms.katalon.core.main.TestCaseExecutor.processExecutionPhase(TestCaseExecutor.java:418)
	at com.kms.katalon.core.main.TestCaseExecutor.accessMainPhase(TestCaseExecutor.java:410)
	at com.kms.katalon.core.main.TestCaseExecutor.execute(TestCaseExecutor.java:285)
	at com.kms.katalon.core.main.TestCaseMain.runTestCase(TestCaseMain.java:144)
	at com.kms.katalon.core.keyword.builtin.CallTestCaseKeyword$_callTestCase_closure1.doCall(CallTestCaseKeyword.groovy:59)
	at com.kms.katalon.core.keyword.builtin.CallTestCaseKeyword$_callTestCase_closure1.call(CallTestCaseKeyword.groovy)
	at com.kms.katalon.core.keyword.internal.KeywordMain.runKeyword(KeywordMain.groovy:75)
	at com.kms.katalon.core.keyword.builtin.CallTestCaseKeyword.callTestCase(CallTestCaseKeyword.groovy:81)
	at com.kms.katalon.core.keyword.builtin.CallTestCaseKeyword.execute(CallTestCaseKeyword.groovy:44)
	at com.kms.katalon.core.keyword.internal.KeywordExecutor.executeKeywordForPlatform(KeywordExecutor.groovy:74)
	at com.kms.katalon.core.keyword.BuiltinKeywords.callTestCase(BuiltinKeywords.groovy:310)
	at SA-001.run(SA-001:20)
	at com.kms.katalon.core.main.ScriptEngine.run(ScriptEngine.java:194)
	at com.kms.katalon.core.main.ScriptEngine.runScriptAsRawText(ScriptEngine.java:119)
	at com.kms.katalon.core.main.TestCaseExecutor.runScript(TestCaseExecutor.java:448)
	at com.kms.katalon.core.main.TestCaseExecutor.doExecute(TestCaseExecutor.java:439)
	at com.kms.katalon.core.main.TestCaseExecutor.processExecutionPhase(TestCaseExecutor.java:418)
	at com.kms.katalon.core.main.TestCaseExecutor.accessMainPhase(TestCaseExecutor.java:410)
	at com.kms.katalon.core.main.TestCaseExecutor.execute(TestCaseExecutor.java:285)
	at com.kms.katalon.core.main.TestCaseMain.runTestCase(TestCaseMain.java:144)
	at com.kms.katalon.core.keyword.builtin.CallTestCaseKeyword$_callTestCase_closure1.doCall(CallTestCaseKeyword.groovy:59)
	at com.kms.katalon.core.keyword.builtin.CallTestCaseKeyword$_callTestCase_closure1.call(CallTestCaseKeyword.groovy)
	at com.kms.katalon.core.keyword.internal.KeywordMain.runKeyword(KeywordMain.groovy:75)
	at com.kms.katalon.core.keyword.builtin.CallTestCaseKeyword.callTestCase(CallTestCaseKeyword.groovy:81)
	at com.kms.katalon.core.keyword.builtin.CallTestCaseKeyword.execute(CallTestCaseKeyword.groovy:44)
	at com.kms.katalon.core.keyword.internal.KeywordExecutor.executeKeywordForPlatform(KeywordExecutor.groovy:74)
	at com.kms.katalon.core.keyword.BuiltinKeywords.callTestCase(BuiltinKeywords.groovy:310)
	at SA-002.run(SA-002:20)
	at com.kms.katalon.core.main.ScriptEngine.run(ScriptEngine.java:194)
	at com.kms.katalon.core.main.ScriptEngine.runScriptAsRawText(ScriptEngine.java:119)
	at com.kms.katalon.core.main.TestCaseExecutor.runScript(TestCaseExecutor.java:448)
	at com.kms.katalon.core.main.TestCaseExecutor.doExecute(TestCaseExecutor.java:439)
	at com.kms.katalon.core.main.TestCaseExecutor.processExecutionPhase(TestCaseExecutor.java:418)
	at com.kms.katalon.core.main.TestCaseExecutor.accessMainPhase(TestCaseExecutor.java:410)
	at com.kms.katalon.core.main.TestCaseExecutor.execute(TestCaseExecutor.java:285)
	at com.kms.katalon.core.main.TestCaseMain.runTestCase(TestCaseMain.java:144)
	at com.kms.katalon.core.keyword.builtin.CallTestCaseKeyword$_callTestCase_closure1.doCall(CallTestCaseKeyword.groovy:59)
	at com.kms.katalon.core.keyword.builtin.CallTestCaseKeyword$_callTestCase_closure1.call(CallTestCaseKeyword.groovy)
	at com.kms.katalon.core.keyword.internal.KeywordMain.runKeyword(KeywordMain.groovy:75)
	at com.kms.katalon.core.keyword.builtin.CallTestCaseKeyword.callTestCase(CallTestCaseKeyword.groovy:81)
	at com.kms.katalon.core.keyword.builtin.CallTestCaseKeyword.execute(CallTestCaseKeyword.groovy:44)
	at com.kms.katalon.core.keyword.internal.KeywordExecutor.executeKeywordForPlatform(KeywordExecutor.groovy:74)
	at com.kms.katalon.core.keyword.BuiltinKeywords.callTestCase(BuiltinKeywords.groovy:310)
	at SA-005.run(SA-005:20)
	at com.kms.katalon.core.main.ScriptEngine.run(ScriptEngine.java:194)
	at com.kms.katalon.core.main.ScriptEngine.runScriptAsRawText(ScriptEngine.java:119)
	at com.kms.katalon.core.main.TestCaseExecutor.runScript(TestCaseExecutor.java:448)
	at com.kms.katalon.core.main.TestCaseExecutor.doExecute(TestCaseExecutor.java:439)
	at com.kms.katalon.core.main.TestCaseExecutor.processExecutionPhase(TestCaseExecutor.java:418)
	at com.kms.katalon.core.main.TestCaseExecutor.accessMainPhase(TestCaseExecutor.java:410)
	at com.kms.katalon.core.main.TestCaseExecutor.execute(TestCaseExecutor.java:285)
	at com.kms.katalon.core.main.TestCaseMain.runTestCase(TestCaseMain.java:144)
	at com.kms.katalon.core.keyword.builtin.CallTestCaseKeyword$_callTestCase_closure1.doCall(CallTestCaseKeyword.groovy:59)
	at com.kms.katalon.core.keyword.builtin.CallTestCaseKeyword$_callTestCase_closure1.call(CallTestCaseKeyword.groovy)
	at com.kms.katalon.core.keyword.internal.KeywordMain.runKeyword(KeywordMain.groovy:75)
	at com.kms.katalon.core.keyword.builtin.CallTestCaseKeyword.callTestCase(CallTestCaseKeyword.groovy:81)
	at com.kms.katalon.core.keyword.builtin.CallTestCaseKeyword.execute(CallTestCaseKeyword.groovy:44)
	at com.kms.katalon.core.keyword.internal.KeywordExecutor.executeKeywordForPlatform(KeywordExecutor.groovy:74)
	at com.kms.katalon.core.keyword.BuiltinKeywords.callTestCase(BuiltinKeywords.groovy:310)
	at SU-008.run(SU-008:24)
	at com.kms.katalon.core.main.ScriptEngine.run(ScriptEngine.java:194)
	at com.kms.katalon.core.main.ScriptEngine.runScriptAsRawText(ScriptEngine.java:119)
	at com.kms.katalon.core.main.TestCaseExecutor.runScript(TestCaseExecutor.java:448)
	at com.kms.katalon.core.main.TestCaseExecutor.doExecute(TestCaseExecutor.java:439)
	at com.kms.katalon.core.main.TestCaseExecutor.processExecutionPhase(TestCaseExecutor.java:418)
	at com.kms.katalon.core.main.TestCaseExecutor.accessMainPhase(TestCaseExecutor.java:410)
	at com.kms.katalon.core.main.TestCaseExecutor.execute(TestCaseExecutor.java:285)
	at com.kms.katalon.core.common.CommonExecutor.accessTestCaseMainPhase(CommonExecutor.java:65)
	at com.kms.katalon.core.main.TestSuiteExecutor.accessTestSuiteMainPhase(TestSuiteExecutor.java:148)
	at com.kms.katalon.core.main.TestSuiteExecutor.execute(TestSuiteExecutor.java:106)
	at com.kms.katalon.core.main.TestCaseMain.startTestSuite(TestCaseMain.java:187)
	at com.kms.katalon.core.main.TestCaseMain$startTestSuite$0.call(Unknown Source)
	at TempTestSuite1696424348948.run(TempTestSuite1696424348948.groovy:36)
Caused by: com.kms.katalon.core.exception.StepFailedException: Unable to click on object 'Object Repository/Konfirmasi pesanan shop/Konfirmasi Orders'
	at com.kms.katalon.core.webui.keyword.internal.WebUIKeywordMain.stepFailed(WebUIKeywordMain.groovy:64)
	at com.kms.katalon.core.webui.keyword.internal.WebUIKeywordMain.runKeyword(WebUIKeywordMain.groovy:26)
	at com.kms.katalon.core.webui.keyword.builtin.ClickKeyword.click(ClickKeyword.groovy:74)
	at com.kms.katalon.core.webui.keyword.builtin.ClickKeyword.execute(ClickKeyword.groovy:40)
	at com.kms.katalon.core.keyword.internal.KeywordExecutor.executeKeywordForPlatform(KeywordExecutor.groovy:74)
	at com.kms.katalon.core.webui.keyword.WebUiBuiltInKeywords.click(WebUiBuiltInKeywords.groovy:620)
	at com.kms.katalon.core.webui.keyword.WebUiBuiltInKeywords$click$2.call(Unknown Source)
	at PBY-004.run(PBY-004:33)
	at com.kms.katalon.core.main.ScriptEngine.run(ScriptEngine.java:194)
	at com.kms.katalon.core.main.ScriptEngine.runScriptAsRawText(ScriptEngine.java:119)
	at com.kms.katalon.core.main.TestCaseExecutor.runScript(TestCaseExecutor.java:448)
	at com.kms.katalon.core.main.TestCaseExecutor.doExecute(TestCaseExecutor.java:439)
	at com.kms.katalon.core.main.TestCaseExecutor.processExecutionPhase(TestCaseExecutor.java:418)
	at com.kms.katalon.core.main.TestCaseExecutor.accessMainPhase(TestCaseExecutor.java:410)
	at com.kms.katalon.core.main.TestCaseExecutor.execute(TestCaseExecutor.java:285)
	at com.kms.katalon.core.main.TestCaseMain.runTestCase(TestCaseMain.java:144)
	at com.kms.katalon.core.keyword.builtin.CallTestCaseKeyword$_callTestCase_closure1.doCall(CallTestCaseKeyword.groovy:59)
	... 84 more
Caused by: org.openqa.selenium.ElementNotInteractableException: Element <a href="https://10.9.2.63/ecommerce/konfirmasi"> could not be scrolled into view
Build info: version: '3.141.59', revision: 'e82be7d358', time: '2018-11-14T08:25:53'
System info: host: 'DESKTOP-H62FVJ8', ip: '10.9.2.72', os.name: 'Windows 10', os.arch: 'amd64', os.version: '10.0', java.version: '1.8.0_362'
Driver info: com.kms.katalon.core.webui.driver.firefox.CGeckoDriver
Capabilities {acceptInsecureCerts: true, browserName: firefox, browserVersion: 117.0.1, javascriptEnabled: true, moz:accessibilityChecks: false, moz:buildID: 20230912013654, moz:geckodriverVersion: 0.33.0, moz:headless: false, moz:platformVersion: 10.0, moz:processID: 2944, moz:profile: C:\Users\IRFAN\AppData\Loca..., moz:shutdownTimeout: 60000, moz:webdriverClick: true, moz:windowless: false, pageLoadStrategy: normal, platform: WINDOWS, platformName: WINDOWS, proxy: Proxy(direct), setWindowRect: true, strictFileInteractability: false, timeouts: {implicit: 0, pageLoad: 300000, script: 30000}, unhandledPromptBehavior: dismiss and notify}
Session ID: dc809d9c-364c-4b58-b2e8-d34ffd60a16a
	at org.openqa.selenium.remote.http.W3CHttpResponseCodec.createException(W3CHttpResponseCodec.java:187)
	at org.openqa.selenium.remote.http.W3CHttpResponseCodec.decode(W3CHttpResponseCodec.java:122)
	at org.openqa.selenium.remote.http.W3CHttpResponseCodec.decode(W3CHttpResponseCodec.java:49)
	at org.openqa.selenium.remote.HttpCommandExecutor.execute(HttpCommandExecutor.java:158)
	at org.openqa.selenium.remote.service.DriverCommandExecutor.execute(DriverCommandExecutor.java:83)
	at org.openqa.selenium.remote.RemoteWebDriver.execute(RemoteWebDriver.java:552)
	at com.kms.katalon.selenium.driver.CFirefoxDriver.execute(CFirefoxDriver.java:27)
	at org.openqa.selenium.remote.RemoteWebElement.execute(RemoteWebElement.java:285)
	at org.openqa.selenium.remote.RemoteWebElement.click(RemoteWebElement.java:84)
	at org.openqa.selenium.support.events.EventFiringWebDriver$EventFiringWebElement.lambda$new$0(EventFiringWebDriver.java:404)
	at com.sun.proxy.$Proxy11.click(Unknown Source)
	at org.openqa.selenium.support.events.EventFiringWebDriver$EventFiringWebElement.click(EventFiringWebDriver.java:417)
	at org.openqa.selenium.WebElement$click.call(Unknown Source)
	at com.kms.katalon.core.webui.keyword.builtin.ClickKeyword.clickUntilSuccessWithTimeout(ClickKeyword.groovy:81)
	at com.kms.katalon.core.webui.keyword.builtin.ClickKeyword.clickUntilSuccessWithTimeout(ClickKeyword.groovy)
	at com.kms.katalon.core.webui.keyword.builtin.ClickKeyword$_click_closure1.doCall(ClickKeyword.groovy:67)
	at com.kms.katalon.core.webui.keyword.builtin.ClickKeyword$_click_closure1.call(ClickKeyword.groovy)
	at com.kms.katalon.core.webui.keyword.internal.WebUIKeywordMain.runKeyword(WebUIKeywordMain.groovy:20)
	... 99 more
)

2023-10-04 20:51:26 - [TEST_CASE][FAILED] - Test Cases/T13 Pembelian, Shipment dan Pembayaran/PBY-004: Test Cases/T13 Pembelian, Shipment dan Pembayaran/PBY-004 FAILED.
Reason:
com.kms.katalon.core.exception.StepFailedException: Unable to click on object 'Object Repository/Konfirmasi pesanan shop/Konfirmasi Orders'
	at com.kms.katalon.core.webui.keyword.internal.WebUIKeywordMain.stepFailed(WebUIKeywordMain.groovy:64)
	at com.kms.katalon.core.webui.keyword.internal.WebUIKeywordMain.runKeyword(WebUIKeywordMain.groovy:26)
	at com.kms.katalon.core.webui.keyword.builtin.ClickKeyword.click(ClickKeyword.groovy:74)
	at com.kms.katalon.core.webui.keyword.builtin.ClickKeyword.execute(ClickKeyword.groovy:40)
	at com.kms.katalon.core.keyword.internal.KeywordExecutor.executeKeywordForPlatform(KeywordExecutor.groovy:74)
	at com.kms.katalon.core.webui.keyword.WebUiBuiltInKeywords.click(WebUiBuiltInKeywords.groovy:620)
	at com.kms.katalon.core.webui.keyword.WebUiBuiltInKeywords$click$2.call(Unknown Source)
	at PBY-004.run(PBY-004:33)
	at com.kms.katalon.core.main.ScriptEngine.run(ScriptEngine.java:194)
	at com.kms.katalon.core.main.ScriptEngine.runScriptAsRawText(ScriptEngine.java:119)
	at com.kms.katalon.core.main.TestCaseExecutor.runScript(TestCaseExecutor.java:448)
	at com.kms.katalon.core.main.TestCaseExecutor.doExecute(TestCaseExecutor.java:439)
	at com.kms.katalon.core.main.TestCaseExecutor.processExecutionPhase(TestCaseExecutor.java:418)
	at com.kms.katalon.core.main.TestCaseExecutor.accessMainPhase(TestCaseExecutor.java:410)
	at com.kms.katalon.core.main.TestCaseExecutor.execute(TestCaseExecutor.java:285)
	at com.kms.katalon.core.main.TestCaseMain.runTestCase(TestCaseMain.java:144)
	at com.kms.katalon.core.keyword.builtin.CallTestCaseKeyword$_callTestCase_closure1.doCall(CallTestCaseKeyword.groovy:59)
	at com.kms.katalon.core.keyword.builtin.CallTestCaseKeyword$_callTestCase_closure1.call(CallTestCaseKeyword.groovy)
	at com.kms.katalon.core.keyword.internal.KeywordMain.runKeyword(KeywordMain.groovy:75)
	at com.kms.katalon.core.keyword.builtin.CallTestCaseKeyword.callTestCase(CallTestCaseKeyword.groovy:81)
	at com.kms.katalon.core.keyword.builtin.CallTestCaseKeyword.execute(CallTestCaseKeyword.groovy:44)
	at com.kms.katalon.core.keyword.internal.KeywordExecutor.executeKeywordForPlatform(KeywordExecutor.groovy:74)
	at com.kms.katalon.core.keyword.BuiltinKeywords.callTestCase(BuiltinKeywords.groovy:310)
	at PBYA-001.run(PBYA-001:20)
	at com.kms.katalon.core.main.ScriptEngine.run(ScriptEngine.java:194)
	at com.kms.katalon.core.main.ScriptEngine.runScriptAsRawText(ScriptEngine.java:119)
	at com.kms.katalon.core.main.TestCaseExecutor.runScript(TestCaseExecutor.java:448)
	at com.kms.katalon.core.main.TestCaseExecutor.doExecute(TestCaseExecutor.java:439)
	at com.kms.katalon.core.main.TestCaseExecutor.processExecutionPhase(TestCaseExecutor.java:418)
	at com.kms.katalon.core.main.TestCaseExecutor.accessMainPhase(TestCaseExecutor.java:410)
	at com.kms.katalon.core.main.TestCaseExecutor.execute(TestCaseExecutor.java:285)
	at com.kms.katalon.core.main.TestCaseMain.runTestCase(TestCaseMain.java:144)
	at com.kms.katalon.core.keyword.builtin.CallTestCaseKeyword$_callTestCase_closure1.doCall(CallTestCaseKeyword.groovy:59)
	at com.kms.katalon.core.keyword.builtin.CallTestCaseKeyword$_callTestCase_closure1.call(CallTestCaseKeyword.groovy)
	at com.kms.katalon.core.keyword.internal.KeywordMain.runKeyword(KeywordMain.groovy:75)
	at com.kms.katalon.core.keyword.builtin.CallTestCaseKeyword.callTestCase(CallTestCaseKeyword.groovy:81)
	at com.kms.katalon.core.keyword.builtin.CallTestCaseKeyword.execute(CallTestCaseKeyword.groovy:44)
	at com.kms.katalon.core.keyword.internal.KeywordExecutor.executeKeywordForPlatform(KeywordExecutor.groovy:74)
	at com.kms.katalon.core.keyword.BuiltinKeywords.callTestCase(BuiltinKeywords.groovy:310)
	at SA-001.run(SA-001:20)
	at com.kms.katalon.core.main.ScriptEngine.run(ScriptEngine.java:194)
	at com.kms.katalon.core.main.ScriptEngine.runScriptAsRawText(ScriptEngine.java:119)
	at com.kms.katalon.core.main.TestCaseExecutor.runScript(TestCaseExecutor.java:448)
	at com.kms.katalon.core.main.TestCaseExecutor.doExecute(TestCaseExecutor.java:439)
	at com.kms.katalon.core.main.TestCaseExecutor.processExecutionPhase(TestCaseExecutor.java:418)
	at com.kms.katalon.core.main.TestCaseExecutor.accessMainPhase(TestCaseExecutor.java:410)
	at com.kms.katalon.core.main.TestCaseExecutor.execute(TestCaseExecutor.java:285)
	at com.kms.katalon.core.main.TestCaseMain.runTestCase(TestCaseMain.java:144)
	at com.kms.katalon.core.keyword.builtin.CallTestCaseKeyword$_callTestCase_closure1.doCall(CallTestCaseKeyword.groovy:59)
	at com.kms.katalon.core.keyword.builtin.CallTestCaseKeyword$_callTestCase_closure1.call(CallTestCaseKeyword.groovy)
	at com.kms.katalon.core.keyword.internal.KeywordMain.runKeyword(KeywordMain.groovy:75)
	at com.kms.katalon.core.keyword.builtin.CallTestCaseKeyword.callTestCase(CallTestCaseKeyword.groovy:81)
	at com.kms.katalon.core.keyword.builtin.CallTestCaseKeyword.execute(CallTestCaseKeyword.groovy:44)
	at com.kms.katalon.core.keyword.internal.KeywordExecutor.executeKeywordForPlatform(KeywordExecutor.groovy:74)
	at com.kms.katalon.core.keyword.BuiltinKeywords.callTestCase(BuiltinKeywords.groovy:310)
	at SA-002.run(SA-002:20)
	at com.kms.katalon.core.main.ScriptEngine.run(ScriptEngine.java:194)
	at com.kms.katalon.core.main.ScriptEngine.runScriptAsRawText(ScriptEngine.java:119)
	at com.kms.katalon.core.main.TestCaseExecutor.runScript(TestCaseExecutor.java:448)
	at com.kms.katalon.core.main.TestCaseExecutor.doExecute(TestCaseExecutor.java:439)
	at com.kms.katalon.core.main.TestCaseExecutor.processExecutionPhase(TestCaseExecutor.java:418)
	at com.kms.katalon.core.main.TestCaseExecutor.accessMainPhase(TestCaseExecutor.java:410)
	at com.kms.katalon.core.main.TestCaseExecutor.execute(TestCaseExecutor.java:285)
	at com.kms.katalon.core.main.TestCaseMain.runTestCase(TestCaseMain.java:144)
	at com.kms.katalon.core.keyword.builtin.CallTestCaseKeyword$_callTestCase_closure1.doCall(CallTestCaseKeyword.groovy:59)
	at com.kms.katalon.core.keyword.builtin.CallTestCaseKeyword$_callTestCase_closure1.call(CallTestCaseKeyword.groovy)
	at com.kms.katalon.core.keyword.internal.KeywordMain.runKeyword(KeywordMain.groovy:75)
	at com.kms.katalon.core.keyword.builtin.CallTestCaseKeyword.callTestCase(CallTestCaseKeyword.groovy:81)
	at com.kms.katalon.core.keyword.builtin.CallTestCaseKeyword.execute(CallTestCaseKeyword.groovy:44)
	at com.kms.katalon.core.keyword.internal.KeywordExecutor.executeKeywordForPlatform(KeywordExecutor.groovy:74)
	at com.kms.katalon.core.keyword.BuiltinKeywords.callTestCase(BuiltinKeywords.groovy:310)
	at SA-005.run(SA-005:20)
	at com.kms.katalon.core.main.ScriptEngine.run(ScriptEngine.java:194)
	at com.kms.katalon.core.main.ScriptEngine.runScriptAsRawText(ScriptEngine.java:119)
	at com.kms.katalon.core.main.TestCaseExecutor.runScript(TestCaseExecutor.java:448)
	at com.kms.katalon.core.main.TestCaseExecutor.doExecute(TestCaseExecutor.java:439)
	at com.kms.katalon.core.main.TestCaseExecutor.processExecutionPhase(TestCaseExecutor.java:418)
	at com.kms.katalon.core.main.TestCaseExecutor.accessMainPhase(TestCaseExecutor.java:410)
	at com.kms.katalon.core.main.TestCaseExecutor.execute(TestCaseExecutor.java:285)
	at com.kms.katalon.core.main.TestCaseMain.runTestCase(TestCaseMain.java:144)
	at com.kms.katalon.core.keyword.builtin.CallTestCaseKeyword$_callTestCase_closure1.doCall(CallTestCaseKeyword.groovy:59)
	at com.kms.katalon.core.keyword.builtin.CallTestCaseKeyword$_callTestCase_closure1.call(CallTestCaseKeyword.groovy)
	at com.kms.katalon.core.keyword.internal.KeywordMain.runKeyword(KeywordMain.groovy:75)
	at com.kms.katalon.core.keyword.builtin.CallTestCaseKeyword.callTestCase(CallTestCaseKeyword.groovy:81)
	at com.kms.katalon.core.keyword.builtin.CallTestCaseKeyword.execute(CallTestCaseKeyword.groovy:44)
	at com.kms.katalon.core.keyword.internal.KeywordExecutor.executeKeywordForPlatform(KeywordExecutor.groovy:74)
	at com.kms.katalon.core.keyword.BuiltinKeywords.callTestCase(BuiltinKeywords.groovy:310)
	at SU-008.run(SU-008:24)
	at com.kms.katalon.core.main.ScriptEngine.run(ScriptEngine.java:194)
	at com.kms.katalon.core.main.ScriptEngine.runScriptAsRawText(ScriptEngine.java:119)
	at com.kms.katalon.core.main.TestCaseExecutor.runScript(TestCaseExecutor.java:448)
	at com.kms.katalon.core.main.TestCaseExecutor.doExecute(TestCaseExecutor.java:439)
	at com.kms.katalon.core.main.TestCaseExecutor.processExecutionPhase(TestCaseExecutor.java:418)
	at com.kms.katalon.core.main.TestCaseExecutor.accessMainPhase(TestCaseExecutor.java:410)
	at com.kms.katalon.core.main.TestCaseExecutor.execute(TestCaseExecutor.java:285)
	at com.kms.katalon.core.common.CommonExecutor.accessTestCaseMainPhase(CommonExecutor.java:65)
	at com.kms.katalon.core.main.TestSuiteExecutor.accessTestSuiteMainPhase(TestSuiteExecutor.java:148)
	at com.kms.katalon.core.main.TestSuiteExecutor.execute(TestSuiteExecutor.java:106)
	at com.kms.katalon.core.main.TestCaseMain.startTestSuite(TestCaseMain.java:187)
	at com.kms.katalon.core.main.TestCaseMain$startTestSuite$0.call(Unknown Source)
	at TempTestSuite1696424348948.run(TempTestSuite1696424348948.groovy:36)
Caused by: org.openqa.selenium.ElementNotInteractableException: Element <a href="https://10.9.2.63/ecommerce/konfirmasi"> could not be scrolled into view
Build info: version: '3.141.59', revision: 'e82be7d358', time: '2018-11-14T08:25:53'
System info: host: 'DESKTOP-H62FVJ8', ip: '10.9.2.72', os.name: 'Windows 10', os.arch: 'amd64', os.version: '10.0', java.version: '1.8.0_362'
Driver info: com.kms.katalon.core.webui.driver.firefox.CGeckoDriver
Capabilities {acceptInsecureCerts: true, browserName: firefox, browserVersion: 117.0.1, javascriptEnabled: true, moz:accessibilityChecks: false, moz:buildID: 20230912013654, moz:geckodriverVersion: 0.33.0, moz:headless: false, moz:platformVersion: 10.0, moz:processID: 2944, moz:profile: C:\Users\IRFAN\AppData\Loca..., moz:shutdownTimeout: 60000, moz:webdriverClick: true, moz:windowless: false, pageLoadStrategy: normal, platform: WINDOWS, platformName: WINDOWS, proxy: Proxy(direct), setWindowRect: true, strictFileInteractability: false, timeouts: {implicit: 0, pageLoad: 300000, script: 30000}, unhandledPromptBehavior: dismiss and notify}
Session ID: dc809d9c-364c-4b58-b2e8-d34ffd60a16a
	at org.openqa.selenium.remote.http.W3CHttpResponseCodec.createException(W3CHttpResponseCodec.java:187)
	at org.openqa.selenium.remote.http.W3CHttpResponseCodec.decode(W3CHttpResponseCodec.java:122)
	at org.openqa.selenium.remote.http.W3CHttpResponseCodec.decode(W3CHttpResponseCodec.java:49)
	at org.openqa.selenium.remote.HttpCommandExecutor.execute(HttpCommandExecutor.java:158)
	at org.openqa.selenium.remote.service.DriverCommandExecutor.execute(DriverCommandExecutor.java:83)
	at org.openqa.selenium.remote.RemoteWebDriver.execute(RemoteWebDriver.java:552)
	at com.kms.katalon.selenium.driver.CFirefoxDriver.execute(CFirefoxDriver.java:27)
	at org.openqa.selenium.remote.RemoteWebElement.execute(RemoteWebElement.java:285)
	at org.openqa.selenium.remote.RemoteWebElement.click(RemoteWebElement.java:84)
	at org.openqa.selenium.support.events.EventFiringWebDriver$EventFiringWebElement.lambda$new$0(EventFiringWebDriver.java:404)
	at com.sun.proxy.$Proxy11.click(Unknown Source)
	at org.openqa.selenium.support.events.EventFiringWebDriver$EventFiringWebElement.click(EventFiringWebDriver.java:417)
	at org.openqa.selenium.WebElement$click.call(Unknown Source)
	at com.kms.katalon.core.webui.keyword.builtin.ClickKeyword.clickUntilSuccessWithTimeout(ClickKeyword.groovy:81)
	at com.kms.katalon.core.webui.keyword.builtin.ClickKeyword.clickUntilSuccessWithTimeout(ClickKeyword.groovy)
	at com.kms.katalon.core.webui.keyword.builtin.ClickKeyword$_click_closure1.doCall(ClickKeyword.groovy:67)
	at com.kms.katalon.core.webui.keyword.builtin.ClickKeyword$_click_closure1.call(ClickKeyword.groovy)
	at com.kms.katalon.core.webui.keyword.internal.WebUIKeywordMain.runKeyword(WebUIKeywordMain.groovy:20)
	... 99 more


2023-10-04 20:51:26 - [TEST_STEP][PASSED] - data = callTestCase(findTestCase("T13 Pembelian, Shipment dan Pembayaran/PBY-001"), [:], STOP_ON_FAILURE): Call Test Case 'Test Cases/T13 Pembelian, Shipment dan Pembayaran/PBY-001' successfully

2023-10-04 20:51:26 - [TEST_CASE][PASSED] - Test Cases/T13 Pembelian, Shipment dan Pembayaran/PBY-001: Test Cases/T13 Pembelian, Shipment dan Pembayaran/PBY-001

2023-10-04 20:51:26 - [TEST_STEP][PASSED] - data = callTestCase(findTestCase("T13 Pembelian, Shipment dan Pembayaran/PBL-004"), ["Kurir":"Roda 2"], STOP_ON_FAILURE): Call Test Case 'Test Cases/T13 Pembelian, Shipment dan Pembayaran/PBL-004' successfully

2023-10-04 20:51:26 - [TEST_CASE][PASSED] - Test Cases/T13 Pembelian, Shipment dan Pembayaran/PBL-004: Test Cases/T13 Pembelian, Shipment dan Pembayaran/PBL-004

2023-10-04 20:51:26 - [TEST_STEP][PASSED] - data = callTestCase(findTestCase("T13 Pembelian, Shipment dan Pembayaran/PBL-002"), [:], STOP_ON_FAILURE): Call Test Case 'Test Cases/T13 Pembelian, Shipment dan Pembayaran/PBL-002' successfully

2023-10-04 20:51:26 - [TEST_CASE][PASSED] - Test Cases/T13 Pembelian, Shipment dan Pembayaran/PBL-002: Test Cases/T13 Pembelian, Shipment dan Pembayaran/PBL-002

2023-10-04 20:51:26 - [TEST_STEP][PASSED] - data = callTestCase(findTestCase("T13 Pembelian, Shipment dan Pembayaran/PBL-001"), [:], STOP_ON_FAILURE): Call Test Case 'Test Cases/T13 Pembelian, Shipment dan Pembayaran/PBL-001' successfully

2023-10-04 20:51:26 - [TEST_CASE][PASSED] - Test Cases/T13 Pembelian, Shipment dan Pembayaran/PBL-001: Test Cases/T13 Pembelian, Shipment dan Pembayaran/PBL-001

2023-10-04 20:51:26 - [TEST_STEP][PASSED] - callTestCase(findTestCase("T13 Pembelian, Shipment dan Pembayaran/LU-001"), ["username":"irfanafandi", "password":"12345irfan"], STOP_ON_FAILURE): Call Test Case 'Test Cases/T13 Pembelian, Shipment dan Pembayaran/LU-001' successfully

2023-10-04 20:51:26 - [TEST_CASE][PASSED] - Test Cases/T13 Pembelian, Shipment dan Pembayaran/LU-001: Test Cases/T13 Pembelian, Shipment dan Pembayaran/LU-001

2023-10-04 20:51:26 - [TEST_STEP][PASSED] - openBrowser("https://10.9.2.63/ecommerce/"): Browser is opened with url: 'https://10.9.2.63/ecommerce/'

2023-10-04 20:51:26 - [MESSAGE][WARNING] - A browser is already opened. Closing browser and opening a new one

2023-10-04 20:51:27 - [MESSAGE][INFO] - Starting 'Firefox' driver

2023-10-04 20:51:27 - [MESSAGE][INFO] - User set preference: ['args', '[--disable-notifications]']

2023-10-04 20:51:27 - [MESSAGE][INFO] - Action delay is set to 0 milliseconds

2023-10-04 20:51:33 - [MESSAGE][PASSED] - Browser is opened with url: 'https://10.9.2.63/ecommerce/'

2023-10-04 20:51:33 - [TEST_STEP][PASSED] - maximizeWindow(): Current window maximized

2023-10-04 20:51:33 - [MESSAGE][PASSED] - Current window maximized

2023-10-04 20:51:33 - [TEST_STEP][PASSED] - verifyElementPresent(findTestObject("Login/Home"), 0): Object 'Object Repository/Login/Home' is present

2023-10-04 20:51:34 - [MESSAGE][WARNING] - Timeout '0' is invalid. Using default page load timeout: '30'

2023-10-04 20:51:34 - [MESSAGE][PASSED] - Object 'Object Repository/Login/Home' is present

2023-10-04 20:51:34 - [TEST_STEP][PASSED] - click(findTestObject("Login/a_Login")): Object: 'Object Repository/Login/a_Login' is clicked on

2023-10-04 20:51:34 - [MESSAGE][PASSED] - Object: 'Object Repository/Login/a_Login' is clicked on

2023-10-04 20:51:34 - [TEST_STEP][PASSED] - verifyElementPresent(findTestObject("Login/Tittle Login"), 0): Object 'Object Repository/Login/Tittle Login' is present

2023-10-04 20:51:34 - [MESSAGE][WARNING] - Timeout '0' is invalid. Using default page load timeout: '30'

2023-10-04 20:51:35 - [MESSAGE][PASSED] - Object 'Object Repository/Login/Tittle Login' is present

2023-10-04 20:51:35 - [TEST_STEP][PASSED] - setText(findTestObject("Login/input_Username, Email atau No. Handphone_a"), username): Text 'irfanafandi' is set on object 'Object Repository/Login/input_Username, Email atau No. Handphone_a'

2023-10-04 20:51:36 - [MESSAGE][PASSED] - Text 'irfanafandi' is set on object 'Object Repository/Login/input_Username, Email atau No. Handphone_a'

2023-10-04 20:51:36 - [TEST_STEP][PASSED] - setText(findTestObject("Login/input_Password_b"), password): Text '12345irfan' is set on object 'Object Repository/Login/input_Password_b'

2023-10-04 20:51:36 - [MESSAGE][PASSED] - Text '12345irfan' is set on object 'Object Repository/Login/input_Password_b'

2023-10-04 20:51:36 - [TEST_STEP][PASSED] - click(findTestObject("Login/label_Ingat saya")): Object: 'Object Repository/Login/label_Ingat saya' is clicked on

2023-10-04 20:51:37 - [MESSAGE][PASSED] - Object: 'Object Repository/Login/label_Ingat saya' is clicked on

2023-10-04 20:51:37 - [TEST_STEP][PASSED] - click(findTestObject("Login/button_Masuk")): Object: 'Object Repository/Login/button_Masuk' is clicked on

2023-10-04 20:51:38 - [MESSAGE][PASSED] - Object: 'Object Repository/Login/button_Masuk' is clicked on

2023-10-04 20:51:38 - [TEST_STEP][PASSED] - verifyElementPresent(findTestObject("Login/li_Profile"), 0): Object 'Object Repository/Login/li_Profile' is present

2023-10-04 20:51:38 - [MESSAGE][WARNING] - Timeout '0' is invalid. Using default page load timeout: '30'

2023-10-04 20:51:39 - [MESSAGE][PASSED] - Object 'Object Repository/Login/li_Profile' is present

2023-10-04 20:51:39 - [MESSAGE][PASSED] - Call Test Case 'Test Cases/T13 Pembelian, Shipment dan Pembayaran/LU-001' successfully

2023-10-04 20:51:39 - [TEST_STEP][PASSED] - mouseOver(findTestObject("beli barang/i_Mulai Belanja_icon-menu")): Object: 'Object Repository/beli barang/i_Mulai Belanja_icon-menu' is hovered

2023-10-04 20:51:39 - [MESSAGE][PASSED] - Object: 'Object Repository/beli barang/i_Mulai Belanja_icon-menu' is hovered

2023-10-04 20:51:39 - [TEST_STEP][PASSED] - click(findTestObject("beli barang/a_Fashion  Busana Wanita")): Object: 'Object Repository/beli barang/a_Fashion  Busana Wanita' is clicked on

2023-10-04 20:51:40 - [MESSAGE][PASSED] - Object: 'Object Repository/beli barang/a_Fashion  Busana Wanita' is clicked on

2023-10-04 20:51:40 - [TEST_STEP][PASSED] - NamaSebelum = getText(findTestObject("verifikasi/Nama sebelum")): Text of object 'Object Repository/verifikasi/Nama sebelum' is: ''

2023-10-04 20:51:41 - [MESSAGE][PASSED] - Text of object 'Object Repository/verifikasi/Nama sebelum' is: ''

2023-10-04 20:51:41 - [TEST_STEP][PASSED] - HargaSebelum = getText(findTestObject("verifikasi/Harga sebelum")): Text of object 'Object Repository/verifikasi/Harga sebelum' is: 'Rp 1,299'

2023-10-04 20:51:42 - [MESSAGE][PASSED] - Text of object 'Object Repository/verifikasi/Harga sebelum' is: 'Rp 1,299'

2023-10-04 20:51:42 - [TEST_STEP][PASSED] - mouseOver(findTestObject("beli barang/barang mouse over")): Object: 'Object Repository/beli barang/barang mouse over' is hovered

2023-10-04 20:51:42 - [MESSAGE][PASSED] - Object: 'Object Repository/beli barang/barang mouse over' is hovered

2023-10-04 20:51:42 - [TEST_STEP][PASSED] - click(findTestObject("beli barang/buttom add to cart")): Object: 'Object Repository/beli barang/buttom add to cart' is clicked on

2023-10-04 20:51:44 - [MESSAGE][PASSED] - Object: 'Object Repository/beli barang/buttom add to cart' is clicked on

2023-10-04 20:51:44 - [TEST_STEP][PASSED] - NamaSesudah = getText(findTestObject("verifikasi/Nama sesudah")): Text of object 'Object Repository/verifikasi/Nama sesudah' is: 'Segitiga Instan Madeira - MDB5.3 Sunset'

2023-10-04 20:51:45 - [MESSAGE][PASSED] - Text of object 'Object Repository/verifikasi/Nama sesudah' is: 'Segitiga Instan Madeira - MDB5.3 Sunset'

2023-10-04 20:51:45 - [TEST_STEP][PASSED] - HargaSesudah = getText(findTestObject("verifikasi/Harga sesudah")): Text of object 'Object Repository/verifikasi/Harga sesudah' is: 'Rp 1,299'

2023-10-04 20:51:45 - [MESSAGE][PASSED] - Text of object 'Object Repository/verifikasi/Harga sesudah' is: 'Rp 1,299'

2023-10-04 20:51:45 - [TEST_STEP][PASSED] - assert NamaSesudah.contains(NamaSebelum): null

2023-10-04 20:51:45 - [TEST_STEP][PASSED] - assert HargaSesudah.contains(HargaSebelum): null

2023-10-04 20:51:45 - [TEST_STEP][PASSED] - click(findTestObject("beli barang/Tambah Keranjang busana wanita")): Object: 'Object Repository/beli barang/Tambah Keranjang busana wanita' is clicked on

2023-10-04 20:51:46 - [MESSAGE][PASSED] - Object: 'Object Repository/beli barang/Tambah Keranjang busana wanita' is clicked on

2023-10-04 20:51:46 - [TEST_STEP][PASSED] - verifyElementPresent(findTestObject("checkout/Notifikasi keranjang"), 1): Object 'Object Repository/checkout/Notifikasi keranjang' is present

2023-10-04 20:51:46 - [MESSAGE][PASSED] - Object 'Object Repository/checkout/Notifikasi keranjang' is present

2023-10-04 20:51:46 - [TEST_STEP][PASSED] - data = new java.util.HashMap(): null

2023-10-04 20:51:46 - [TEST_STEP][PASSED] - data.put("nama_barang", NamaSesudah): null

2023-10-04 20:51:46 - [TEST_STEP][PASSED] - data.put("price_barang", HargaSesudah): null

2023-10-04 20:51:46 - [TEST_STEP][PASSED] - return data: null

2023-10-04 20:51:46 - [MESSAGE][PASSED] - Call Test Case 'Test Cases/T13 Pembelian, Shipment dan Pembayaran/PBL-001' successfully

2023-10-04 20:51:46 - [TEST_STEP][PASSED] - mouseOver(findTestObject("beli barang/keranjang")): Object: 'Object Repository/beli barang/keranjang' is hovered

2023-10-04 20:51:46 - [MESSAGE][PASSED] - Object: 'Object Repository/beli barang/keranjang' is hovered

2023-10-04 20:51:46 - [TEST_STEP][PASSED] - click(findTestObject("beli barang/Lihat Sekarang")): Object: 'Object Repository/beli barang/Lihat Sekarang' is clicked on

2023-10-04 20:51:47 - [MESSAGE][PASSED] - Object: 'Object Repository/beli barang/Lihat Sekarang' is clicked on

2023-10-04 20:51:47 - [TEST_STEP][PASSED] - verifyElementPresent(findTestObject("keranjang/li_Keranjang Belanja"), 0): Object 'Object Repository/keranjang/li_Keranjang Belanja' is present

2023-10-04 20:51:47 - [MESSAGE][WARNING] - Timeout '0' is invalid. Using default page load timeout: '30'

2023-10-04 20:51:48 - [MESSAGE][PASSED] - Object 'Object Repository/keranjang/li_Keranjang Belanja' is present

2023-10-04 20:51:48 - [TEST_STEP][PASSED] - NamaKeranjang = getText(findTestObject("verifikasi/Nama keranjang")): Text of object 'Object Repository/verifikasi/Nama keranjang' is: 'Segitiga Instan Madeira - MDB5.3 Sunset'

2023-10-04 20:51:48 - [MESSAGE][PASSED] - Text of object 'Object Repository/verifikasi/Nama keranjang' is: 'Segitiga Instan Madeira - MDB5.3 Sunset'

2023-10-04 20:51:48 - [TEST_STEP][PASSED] - HargaKeranjang = getText(findTestObject("verifikasi/Harga Keranjang")): Text of object 'Object Repository/verifikasi/Harga Keranjang' is: 'Rp 1,299'

2023-10-04 20:51:49 - [MESSAGE][PASSED] - Text of object 'Object Repository/verifikasi/Harga Keranjang' is: 'Rp 1,299'

2023-10-04 20:51:49 - [TEST_STEP][PASSED] - if (toString().equalsIgnoreCase("Merah")): Object 'Object Repository/keranjang/input_Warna_variasi101' is checked

2023-10-04 20:51:49 - [TEST_STEP][PASSED] - check(findTestObject("Object Repository/keranjang/input_Warna_variasi101")): Object 'Object Repository/keranjang/input_Warna_variasi101' is checked

2023-10-04 20:51:49 - [MESSAGE][PASSED] - Object 'Object Repository/keranjang/input_Warna_variasi101' is checked

2023-10-04 20:51:49 - [TEST_STEP][PASSED] - if (toString().equalsIgnoreCase("Menengah")): Object 'Object Repository/keranjang/input_Ukuran_variasi201' is checked

2023-10-04 20:51:49 - [TEST_STEP][PASSED] - check(findTestObject("Object Repository/keranjang/input_Ukuran_variasi201")): Object 'Object Repository/keranjang/input_Ukuran_variasi201' is checked

2023-10-04 20:51:50 - [MESSAGE][PASSED] - Object 'Object Repository/keranjang/input_Ukuran_variasi201' is checked

2023-10-04 20:51:50 - [TEST_STEP][PASSED] - data.put("Warna", warna): null

2023-10-04 20:51:50 - [TEST_STEP][PASSED] - data.put("Ukuran", ukuran): null

2023-10-04 20:51:50 - [TEST_STEP][PASSED] - click(findTestObject("keranjang/button_Lanjut ke Pembayaran")): Object: 'Object Repository/keranjang/button_Lanjut ke Pembayaran' is clicked on

2023-10-04 20:51:51 - [MESSAGE][PASSED] - Object: 'Object Repository/keranjang/button_Lanjut ke Pembayaran' is clicked on

2023-10-04 20:51:51 - [TEST_STEP][PASSED] - verifyElementPresent(findTestObject("checkout/Tittle Checkout Order"), 0): Object 'Object Repository/checkout/Tittle Checkout Order' is present

2023-10-04 20:51:51 - [MESSAGE][WARNING] - Timeout '0' is invalid. Using default page load timeout: '30'

2023-10-04 20:51:52 - [MESSAGE][PASSED] - Object 'Object Repository/checkout/Tittle Checkout Order' is present

2023-10-04 20:51:52 - [TEST_STEP][PASSED] - name_product = data.get("nama_barang"): null

2023-10-04 20:51:52 - [TEST_STEP][PASSED] - price_product = data.get("price_barang"): null

2023-10-04 20:51:52 - [TEST_STEP][PASSED] - assert name_product == NamaKeranjang: null

2023-10-04 20:51:52 - [TEST_STEP][PASSED] - assert price_product == HargaKeranjang: null

2023-10-04 20:51:52 - [TEST_STEP][PASSED] - return data: null

2023-10-04 20:51:52 - [MESSAGE][PASSED] - Call Test Case 'Test Cases/T13 Pembelian, Shipment dan Pembayaran/PBL-002' successfully

2023-10-04 20:51:52 - [TEST_STEP][PASSED] - warnaa = getText(findTestObject("verifikasi/warna Merah")): Text of object 'Object Repository/verifikasi/warna Merah' is: 'Merah'

2023-10-04 20:51:52 - [MESSAGE][PASSED] - Text of object 'Object Repository/verifikasi/warna Merah' is: 'Merah'

2023-10-04 20:51:52 - [TEST_STEP][PASSED] - ukurann = getText(findTestObject("verifikasi/Ukuran Menengah")): Text of object 'Object Repository/verifikasi/Ukuran Menengah' is: 'Menengah'

2023-10-04 20:51:52 - [MESSAGE][PASSED] - Text of object 'Object Repository/verifikasi/Ukuran Menengah' is: 'Menengah'

2023-10-04 20:51:52 - [TEST_STEP][PASSED] - warna1 = data.get("Warna"): null

2023-10-04 20:51:52 - [TEST_STEP][PASSED] - ukuran1 = data.get("Ukuran"): null

2023-10-04 20:51:52 - [TEST_STEP][PASSED] - assert warnaa == warna1: null

2023-10-04 20:51:52 - [TEST_STEP][PASSED] - assert ukurann == ukuran1: null

2023-10-04 20:51:52 - [TEST_STEP][PASSED] - NamaCheckout = getText(findTestObject("verifikasi/NamaCheckout")): Text of object 'Object Repository/verifikasi/NamaCheckout' is: ''

2023-10-04 20:51:53 - [MESSAGE][PASSED] - Text of object 'Object Repository/verifikasi/NamaCheckout' is: ''

2023-10-04 20:51:53 - [TEST_STEP][PASSED] - HargaCheckout = getText(findTestObject("verifikasi/HargaCheckout")): Text of object 'Object Repository/verifikasi/HargaCheckout' is: '1,299'

2023-10-04 20:51:53 - [MESSAGE][PASSED] - Text of object 'Object Repository/verifikasi/HargaCheckout' is: '1,299'

2023-10-04 20:51:53 - [TEST_STEP][PASSED] - name_product = data.get("nama_barang"): null

2023-10-04 20:51:53 - [TEST_STEP][PASSED] - price_product = data.get("price_barang"): null

2023-10-04 20:51:53 - [TEST_STEP][PASSED] - assert name_product.contains(NamaCheckout): null

2023-10-04 20:51:53 - [TEST_STEP][PASSED] - assert price_product.contains(HargaCheckout): null

2023-10-04 20:51:53 - [TEST_STEP][PASSED] - selectOptionByLabel(findTestObject("checkout/select - Kirim via Kurir Lokal"), Kurir, false): All options with label 'Roda 2' are selected in object 'Object Repository/checkout/select - Kirim via Kurir Lokal' 

2023-10-04 20:51:54 - [MESSAGE][PASSED] - All options with label 'Roda 2' are selected in object 'Object Repository/checkout/select - Kirim via Kurir Lokal' 

2023-10-04 20:51:54 - [TEST_STEP][PASSED] - click(findTestObject("checkout/Kendaraan Kurir")): Object: 'Object Repository/checkout/Kendaraan Kurir' is clicked on

2023-10-04 20:51:54 - [MESSAGE][PASSED] - Object: 'Object Repository/checkout/Kendaraan Kurir' is clicked on

2023-10-04 20:51:54 - [TEST_STEP][PASSED] - OngkosKirim = getText(findTestObject("Object Repository/verifikasi/Ongkos Kirim checkout")): Text of object 'Object Repository/verifikasi/Ongkos Kirim checkout' is: 'Rp. 5,000'

2023-10-04 20:51:55 - [MESSAGE][PASSED] - Text of object 'Object Repository/verifikasi/Ongkos Kirim checkout' is: 'Rp. 5,000'

2023-10-04 20:51:55 - [TEST_STEP][PASSED] - Ongkos = OngkosKirim.substring(3, OngkosKirim.size()): null

2023-10-04 20:51:55 - [TEST_STEP][PASSED] - rep = Ongkos.replace(",", "."): null

2023-10-04 20:51:55 - [TEST_STEP][PASSED] - Ongkos_kirim = Double.parseDouble(rep): null

2023-10-04 20:51:55 - [TEST_STEP][PASSED] - println(Ongkos_kirim): null

2023-10-04 20:51:55 - [TEST_STEP][PASSED] - FeeAdmin = getText(findTestObject("verifikasi/Fee Admin checkout")): Text of object 'Object Repository/verifikasi/Fee Admin checkout' is: 'Fee Admin
Rp 1,500'

2023-10-04 20:51:55 - [MESSAGE][PASSED] - Text of object 'Object Repository/verifikasi/Fee Admin checkout' is: 'Fee Admin
Rp 1,500'

2023-10-04 20:51:55 - [TEST_STEP][PASSED] - Fee_Admin = FeeAdmin.substring(12, FeeAdmin.size()): null

2023-10-04 20:51:55 - [TEST_STEP][PASSED] - fee = Fee_Admin.replace(",", "."): null

2023-10-04 20:51:55 - [TEST_STEP][PASSED] - fee_admin = Double.parseDouble(fee): null

2023-10-04 20:51:55 - [TEST_STEP][PASSED] - println(fee_admin): null

2023-10-04 20:51:55 - [TEST_STEP][PASSED] - Subtotal = getText(findTestObject("verifikasi/subtotal checkout")): Text of object 'Object Repository/verifikasi/subtotal checkout' is: 'Subtotal
Rp 1,299'

2023-10-04 20:51:55 - [MESSAGE][PASSED] - Text of object 'Object Repository/verifikasi/subtotal checkout' is: 'Subtotal
Rp 1,299'

2023-10-04 20:51:55 - [TEST_STEP][PASSED] - sub_total = Subtotal.substring(12, Subtotal.size()): null

2023-10-04 20:51:55 - [TEST_STEP][PASSED] - sub = sub_total.replace(",", "."): null

2023-10-04 20:51:55 - [TEST_STEP][PASSED] - sub_total = Double.parseDouble(sub): null

2023-10-04 20:51:56 - [TEST_STEP][PASSED] - println(sub_total): null

2023-10-04 20:51:56 - [TEST_STEP][PASSED] - Total = getText(findTestObject("verifikasi/Total checkout")): Text of object 'Object Repository/verifikasi/Total checkout' is: 'Rp 7,799'

2023-10-04 20:51:56 - [MESSAGE][PASSED] - Text of object 'Object Repository/verifikasi/Total checkout' is: 'Rp 7,799'

2023-10-04 20:51:56 - [TEST_STEP][PASSED] - totall = Total.substring(3, Total.size()): null

2023-10-04 20:51:56 - [TEST_STEP][PASSED] - total = totall.replace(",", "."): null

2023-10-04 20:51:56 - [TEST_STEP][PASSED] - totall = Double.parseDouble(total): null

2023-10-04 20:51:56 - [TEST_STEP][PASSED] - println(totall): null

2023-10-04 20:51:56 - [TEST_STEP][PASSED] - Total_Harga = Ongkos_kirim + fee_admin + sub_total: null

2023-10-04 20:51:56 - [TEST_STEP][PASSED] - println(Total_Harga): null

2023-10-04 20:51:56 - [TEST_STEP][PASSED] - TotalHarga = Math.round(Total_Harga * 1000) / 1000: null

2023-10-04 20:51:56 - [TEST_STEP][PASSED] - println(TotalHarga): null

2023-10-04 20:51:56 - [TEST_STEP][PASSED] - assert totall == TotalHarga: null

2023-10-04 20:51:56 - [TEST_STEP][PASSED] - click(findTestObject("verifikasi/Metode Transfer")): Object: 'Object Repository/verifikasi/Metode Transfer' is clicked on

2023-10-04 20:51:57 - [MESSAGE][PASSED] - Object: 'Object Repository/verifikasi/Metode Transfer' is clicked on

2023-10-04 20:51:57 - [TEST_STEP][PASSED] - click(findTestObject("checkout/button_Proses Pembayaran")): Object: 'Object Repository/checkout/button_Proses Pembayaran' is clicked on

2023-10-04 20:52:02 - [MESSAGE][PASSED] - Object: 'Object Repository/checkout/button_Proses Pembayaran' is clicked on

2023-10-04 20:52:02 - [TEST_STEP][PASSED] - verifyElementPresent(findTestObject("pembayaran/Tittle nomor invoice"), 0): Object 'Object Repository/pembayaran/Tittle nomor invoice' is present

2023-10-04 20:52:02 - [MESSAGE][WARNING] - Timeout '0' is invalid. Using default page load timeout: '30'

2023-10-04 20:52:04 - [MESSAGE][PASSED] - Object 'Object Repository/pembayaran/Tittle nomor invoice' is present

2023-10-04 20:52:04 - [TEST_STEP][PASSED] - return data: null

2023-10-04 20:52:04 - [MESSAGE][PASSED] - Call Test Case 'Test Cases/T13 Pembelian, Shipment dan Pembayaran/PBL-004' successfully

2023-10-04 20:52:04 - [TEST_STEP][PASSED] - Invoice = getText(findTestObject("pembayaran/nomor invoice")): Text of object 'Object Repository/pembayaran/nomor invoice' is: 'TRX60.20231004205158'

2023-10-04 20:52:05 - [MESSAGE][PASSED] - Text of object 'Object Repository/pembayaran/nomor invoice' is: 'TRX60.20231004205158'

2023-10-04 20:52:05 - [TEST_STEP][PASSED] - data.put("invoice", Invoice): null

2023-10-04 20:52:05 - [TEST_STEP][PASSED] - NamaPemesan = getText(findTestObject("Konfirmasi pesanan shop/Nama pemesan")): Text of object 'Object Repository/Konfirmasi pesanan shop/Nama pemesan' is: 'irfan.afandi'

2023-10-04 20:52:05 - [MESSAGE][PASSED] - Text of object 'Object Repository/Konfirmasi pesanan shop/Nama pemesan' is: 'irfan.afandi'

2023-10-04 20:52:05 - [TEST_STEP][PASSED] - Nama = getText(findTestObject("pembayaran/Nama barang")): Text of object 'Object Repository/pembayaran/Nama barang' is: 'Segitiga Instan Madeira - MDB5.3 Sunset'

2023-10-04 20:52:06 - [MESSAGE][PASSED] - Text of object 'Object Repository/pembayaran/Nama barang' is: 'Segitiga Instan Madeira - MDB5.3 Sunset'

2023-10-04 20:52:06 - [TEST_STEP][PASSED] - Harga = getText(findTestObject("pembayaran/Harga barang")): Text of object 'Object Repository/pembayaran/Harga barang' is: '1,299'

2023-10-04 20:52:06 - [MESSAGE][PASSED] - Text of object 'Object Repository/pembayaran/Harga barang' is: '1,299'

2023-10-04 20:52:06 - [TEST_STEP][PASSED] - name_product = data.get("nama_barang"): null

2023-10-04 20:52:06 - [TEST_STEP][PASSED] - price_product = data.get("price_barang"): null

2023-10-04 20:52:06 - [TEST_STEP][PASSED] - assert name_product.contains(Nama): null

2023-10-04 20:52:06 - [TEST_STEP][PASSED] - assert price_product.contains(Harga): null

2023-10-04 20:52:06 - [TEST_STEP][PASSED] - warnaa = getText(findTestObject("pembayaran/warna")): Text of object 'Object Repository/pembayaran/warna' is: 'Merah'

2023-10-04 20:52:07 - [MESSAGE][PASSED] - Text of object 'Object Repository/pembayaran/warna' is: 'Merah'

2023-10-04 20:52:07 - [TEST_STEP][PASSED] - ukurann = getText(findTestObject("pembayaran/ukuran")): Text of object 'Object Repository/pembayaran/ukuran' is: 'Menengah'

2023-10-04 20:52:07 - [MESSAGE][PASSED] - Text of object 'Object Repository/pembayaran/ukuran' is: 'Menengah'

2023-10-04 20:52:07 - [TEST_STEP][PASSED] - warna1 = data.get("Warna"): null

2023-10-04 20:52:07 - [TEST_STEP][PASSED] - ukuran1 = data.get("Ukuran"): null

2023-10-04 20:52:07 - [TEST_STEP][PASSED] - assert warnaa == warna1: null

2023-10-04 20:52:07 - [TEST_STEP][PASSED] - assert ukurann == ukuran1: null

2023-10-04 20:52:07 - [TEST_STEP][PASSED] - statusPembelian = getText(findTestObject("verifikasi/Status pending di pembelian")): Text of object 'Object Repository/verifikasi/Status pending di pembelian' is: 'Pending'

2023-10-04 20:52:08 - [MESSAGE][PASSED] - Text of object 'Object Repository/verifikasi/Status pending di pembelian' is: 'Pending'

2023-10-04 20:52:08 - [TEST_STEP][PASSED] - data.put("statusPem", statusPembelian): null

2023-10-04 20:52:08 - [TEST_STEP][PASSED] - OngkosKirim = getText(findTestObject("pembayaran/ongkos kirim")): Text of object 'Object Repository/pembayaran/ongkos kirim' is: 'Rp 5,000'

2023-10-04 20:52:08 - [MESSAGE][PASSED] - Text of object 'Object Repository/pembayaran/ongkos kirim' is: 'Rp 5,000'

2023-10-04 20:52:08 - [TEST_STEP][PASSED] - Ongkos = OngkosKirim.substring(3, OngkosKirim.size()): null

2023-10-04 20:52:08 - [TEST_STEP][PASSED] - rep = Ongkos.replace(",", ""): null

2023-10-04 20:52:08 - [TEST_STEP][PASSED] - Ongkos_kirimm = Integer.parseInt(rep): null

2023-10-04 20:52:08 - [TEST_STEP][PASSED] - println(Ongkos_kirimm): null

2023-10-04 20:52:08 - [TEST_STEP][PASSED] - FeeAdmin = getText(findTestObject("pembayaran/fee admin")): Text of object 'Object Repository/pembayaran/fee admin' is: 'Rp 1,500'

2023-10-04 20:52:09 - [MESSAGE][PASSED] - Text of object 'Object Repository/pembayaran/fee admin' is: 'Rp 1,500'

2023-10-04 20:52:09 - [TEST_STEP][PASSED] - Fee_Admin = FeeAdmin.substring(3, FeeAdmin.size()): null

2023-10-04 20:52:09 - [TEST_STEP][PASSED] - fee = Fee_Admin.replace(",", ""): null

2023-10-04 20:52:09 - [TEST_STEP][PASSED] - fee_adminn = Integer.parseInt(fee): null

2023-10-04 20:52:09 - [TEST_STEP][PASSED] - println(fee_adminn): null

2023-10-04 20:52:09 - [TEST_STEP][PASSED] - Subtotal = getText(findTestObject("pembayaran/subtotal")): Text of object 'Object Repository/pembayaran/subtotal' is: 'Rp 1,299'

2023-10-04 20:52:09 - [MESSAGE][PASSED] - Text of object 'Object Repository/pembayaran/subtotal' is: 'Rp 1,299'

2023-10-04 20:52:09 - [TEST_STEP][PASSED] - sub_total = Subtotal.substring(3, Subtotal.size()): null

2023-10-04 20:52:09 - [TEST_STEP][PASSED] - sub = sub_total.replace(",", ""): null

2023-10-04 20:52:09 - [TEST_STEP][PASSED] - sub_totall = Integer.parseInt(sub): null

2023-10-04 20:52:09 - [TEST_STEP][PASSED] - println(sub_totall): null

2023-10-04 20:52:09 - [TEST_STEP][PASSED] - unik = getText(findTestObject("pembayaran/kode unik")): Text of object 'Object Repository/pembayaran/kode unik' is: '+158'

2023-10-04 20:52:10 - [MESSAGE][PASSED] - Text of object 'Object Repository/pembayaran/kode unik' is: '+158'

2023-10-04 20:52:10 - [TEST_STEP][PASSED] - unikk = unik.replace("+", ""): null

2023-10-04 20:52:10 - [TEST_STEP][PASSED] - kode_unik = Integer.parseInt(unikk): null

2023-10-04 20:52:10 - [TEST_STEP][PASSED] - println(kode_unik): null

2023-10-04 20:52:10 - [TEST_STEP][PASSED] - Total = getText(findTestObject("pembayaran/total")): Text of object 'Object Repository/pembayaran/total' is: '7,957'

2023-10-04 20:52:10 - [MESSAGE][PASSED] - Text of object 'Object Repository/pembayaran/total' is: '7,957'

2023-10-04 20:52:10 - [TEST_STEP][PASSED] - total = Total.replace(",", ""): null

2023-10-04 20:52:10 - [TEST_STEP][PASSED] - totalll = Integer.parseInt(total): null

2023-10-04 20:52:10 - [TEST_STEP][PASSED] - println(totalll): null

2023-10-04 20:52:10 - [TEST_STEP][PASSED] - Total_Hargaa = Ongkos_kirimm + fee_adminn + sub_totall + kode_unik: null

2023-10-04 20:52:10 - [TEST_STEP][PASSED] - println(Total_Hargaa): null

2023-10-04 20:52:10 - [TEST_STEP][PASSED] - assert totalll == Total_Hargaa: null

2023-10-04 20:52:10 - [TEST_STEP][PASSED] - data.put("total", Total): null

2023-10-04 20:52:10 - [TEST_STEP][PASSED] - data.put("nama", NamaPemesan): null

2023-10-04 20:52:10 - [TEST_STEP][PASSED] - return data: null

2023-10-04 20:52:10 - [MESSAGE][PASSED] - Call Test Case 'Test Cases/T13 Pembelian, Shipment dan Pembayaran/PBY-001' successfully

2023-10-04 20:52:10 - [TEST_STEP][PASSED] - inv = data.get("invoice"): null

2023-10-04 20:52:10 - [TEST_STEP][PASSED] - Total = data.get("total"): null

2023-10-04 20:52:10 - [TEST_STEP][PASSED] - NamaPemesan = data.get("nama"): null

2023-10-04 20:52:10 - [TEST_STEP][PASSED] - click(findTestObject("Konfirmasi pesanan shop/Menu Shop")): Object: 'Object Repository/Konfirmasi pesanan shop/Menu Shop' is clicked on

2023-10-04 20:52:11 - [MESSAGE][PASSED] - Object: 'Object Repository/Konfirmasi pesanan shop/Menu Shop' is clicked on

2023-10-04 20:52:11 - [TEST_STEP][PASSED] - click(findTestObject("Konfirmasi pesanan shop/Menu Shop")): Object: 'Object Repository/Konfirmasi pesanan shop/Menu Shop' is clicked on

2023-10-04 20:52:12 - [MESSAGE][PASSED] - Object: 'Object Repository/Konfirmasi pesanan shop/Menu Shop' is clicked on

2023-10-04 20:52:12 - [TEST_STEP][FAILED] - click(findTestObject("Konfirmasi pesanan shop/Konfirmasi Orders")): Unable to click on object 'Object Repository/Konfirmasi pesanan shop/Konfirmasi Orders' (Root cause: com.kms.katalon.core.exception.StepFailedException: Unable to click on object 'Object Repository/Konfirmasi pesanan shop/Konfirmasi Orders'
	at com.kms.katalon.core.webui.keyword.internal.WebUIKeywordMain.stepFailed(WebUIKeywordMain.groovy:64)
	at com.kms.katalon.core.webui.keyword.internal.WebUIKeywordMain.runKeyword(WebUIKeywordMain.groovy:26)
	at com.kms.katalon.core.webui.keyword.builtin.ClickKeyword.click(ClickKeyword.groovy:74)
	at com.kms.katalon.core.webui.keyword.builtin.ClickKeyword.execute(ClickKeyword.groovy:40)
	at com.kms.katalon.core.keyword.internal.KeywordExecutor.executeKeywordForPlatform(KeywordExecutor.groovy:74)
	at com.kms.katalon.core.webui.keyword.WebUiBuiltInKeywords.click(WebUiBuiltInKeywords.groovy:620)
	at com.kms.katalon.core.webui.keyword.WebUiBuiltInKeywords$click$2.call(Unknown Source)
	at PBY-004.run(PBY-004:33)
	at com.kms.katalon.core.main.ScriptEngine.run(ScriptEngine.java:194)
	at com.kms.katalon.core.main.ScriptEngine.runScriptAsRawText(ScriptEngine.java:119)
	at com.kms.katalon.core.main.TestCaseExecutor.runScript(TestCaseExecutor.java:448)
	at com.kms.katalon.core.main.TestCaseExecutor.doExecute(TestCaseExecutor.java:439)
	at com.kms.katalon.core.main.TestCaseExecutor.processExecutionPhase(TestCaseExecutor.java:418)
	at com.kms.katalon.core.main.TestCaseExecutor.accessMainPhase(TestCaseExecutor.java:410)
	at com.kms.katalon.core.main.TestCaseExecutor.execute(TestCaseExecutor.java:285)
	at com.kms.katalon.core.main.TestCaseMain.runTestCase(TestCaseMain.java:144)
	at com.kms.katalon.core.keyword.builtin.CallTestCaseKeyword$_callTestCase_closure1.doCall(CallTestCaseKeyword.groovy:59)
	at com.kms.katalon.core.keyword.builtin.CallTestCaseKeyword$_callTestCase_closure1.call(CallTestCaseKeyword.groovy)
	at com.kms.katalon.core.keyword.internal.KeywordMain.runKeyword(KeywordMain.groovy:75)
	at com.kms.katalon.core.keyword.builtin.CallTestCaseKeyword.callTestCase(CallTestCaseKeyword.groovy:81)
	at com.kms.katalon.core.keyword.builtin.CallTestCaseKeyword.execute(CallTestCaseKeyword.groovy:44)
	at com.kms.katalon.core.keyword.internal.KeywordExecutor.executeKeywordForPlatform(KeywordExecutor.groovy:74)
	at com.kms.katalon.core.keyword.BuiltinKeywords.callTestCase(BuiltinKeywords.groovy:310)
	at PBYA-001.run(PBYA-001:20)
	at com.kms.katalon.core.main.ScriptEngine.run(ScriptEngine.java:194)
	at com.kms.katalon.core.main.ScriptEngine.runScriptAsRawText(ScriptEngine.java:119)
	at com.kms.katalon.core.main.TestCaseExecutor.runScript(TestCaseExecutor.java:448)
	at com.kms.katalon.core.main.TestCaseExecutor.doExecute(TestCaseExecutor.java:439)
	at com.kms.katalon.core.main.TestCaseExecutor.processExecutionPhase(TestCaseExecutor.java:418)
	at com.kms.katalon.core.main.TestCaseExecutor.accessMainPhase(TestCaseExecutor.java:410)
	at com.kms.katalon.core.main.TestCaseExecutor.execute(TestCaseExecutor.java:285)
	at com.kms.katalon.core.main.TestCaseMain.runTestCase(TestCaseMain.java:144)
	at com.kms.katalon.core.keyword.builtin.CallTestCaseKeyword$_callTestCase_closure1.doCall(CallTestCaseKeyword.groovy:59)
	at com.kms.katalon.core.keyword.builtin.CallTestCaseKeyword$_callTestCase_closure1.call(CallTestCaseKeyword.groovy)
	at com.kms.katalon.core.keyword.internal.KeywordMain.runKeyword(KeywordMain.groovy:75)
	at com.kms.katalon.core.keyword.builtin.CallTestCaseKeyword.callTestCase(CallTestCaseKeyword.groovy:81)
	at com.kms.katalon.core.keyword.builtin.CallTestCaseKeyword.execute(CallTestCaseKeyword.groovy:44)
	at com.kms.katalon.core.keyword.internal.KeywordExecutor.executeKeywordForPlatform(KeywordExecutor.groovy:74)
	at com.kms.katalon.core.keyword.BuiltinKeywords.callTestCase(BuiltinKeywords.groovy:310)
	at SA-001.run(SA-001:20)
	at com.kms.katalon.core.main.ScriptEngine.run(ScriptEngine.java:194)
	at com.kms.katalon.core.main.ScriptEngine.runScriptAsRawText(ScriptEngine.java:119)
	at com.kms.katalon.core.main.TestCaseExecutor.runScript(TestCaseExecutor.java:448)
	at com.kms.katalon.core.main.TestCaseExecutor.doExecute(TestCaseExecutor.java:439)
	at com.kms.katalon.core.main.TestCaseExecutor.processExecutionPhase(TestCaseExecutor.java:418)
	at com.kms.katalon.core.main.TestCaseExecutor.accessMainPhase(TestCaseExecutor.java:410)
	at com.kms.katalon.core.main.TestCaseExecutor.execute(TestCaseExecutor.java:285)
	at com.kms.katalon.core.main.TestCaseMain.runTestCase(TestCaseMain.java:144)
	at com.kms.katalon.core.keyword.builtin.CallTestCaseKeyword$_callTestCase_closure1.doCall(CallTestCaseKeyword.groovy:59)
	at com.kms.katalon.core.keyword.builtin.CallTestCaseKeyword$_callTestCase_closure1.call(CallTestCaseKeyword.groovy)
	at com.kms.katalon.core.keyword.internal.KeywordMain.runKeyword(KeywordMain.groovy:75)
	at com.kms.katalon.core.keyword.builtin.CallTestCaseKeyword.callTestCase(CallTestCaseKeyword.groovy:81)
	at com.kms.katalon.core.keyword.builtin.CallTestCaseKeyword.execute(CallTestCaseKeyword.groovy:44)
	at com.kms.katalon.core.keyword.internal.KeywordExecutor.executeKeywordForPlatform(KeywordExecutor.groovy:74)
	at com.kms.katalon.core.keyword.BuiltinKeywords.callTestCase(BuiltinKeywords.groovy:310)
	at SA-002.run(SA-002:20)
	at com.kms.katalon.core.main.ScriptEngine.run(ScriptEngine.java:194)
	at com.kms.katalon.core.main.ScriptEngine.runScriptAsRawText(ScriptEngine.java:119)
	at com.kms.katalon.core.main.TestCaseExecutor.runScript(TestCaseExecutor.java:448)
	at com.kms.katalon.core.main.TestCaseExecutor.doExecute(TestCaseExecutor.java:439)
	at com.kms.katalon.core.main.TestCaseExecutor.processExecutionPhase(TestCaseExecutor.java:418)
	at com.kms.katalon.core.main.TestCaseExecutor.accessMainPhase(TestCaseExecutor.java:410)
	at com.kms.katalon.core.main.TestCaseExecutor.execute(TestCaseExecutor.java:285)
	at com.kms.katalon.core.main.TestCaseMain.runTestCase(TestCaseMain.java:144)
	at com.kms.katalon.core.keyword.builtin.CallTestCaseKeyword$_callTestCase_closure1.doCall(CallTestCaseKeyword.groovy:59)
	at com.kms.katalon.core.keyword.builtin.CallTestCaseKeyword$_callTestCase_closure1.call(CallTestCaseKeyword.groovy)
	at com.kms.katalon.core.keyword.internal.KeywordMain.runKeyword(KeywordMain.groovy:75)
	at com.kms.katalon.core.keyword.builtin.CallTestCaseKeyword.callTestCase(CallTestCaseKeyword.groovy:81)
	at com.kms.katalon.core.keyword.builtin.CallTestCaseKeyword.execute(CallTestCaseKeyword.groovy:44)
	at com.kms.katalon.core.keyword.internal.KeywordExecutor.executeKeywordForPlatform(KeywordExecutor.groovy:74)
	at com.kms.katalon.core.keyword.BuiltinKeywords.callTestCase(BuiltinKeywords.groovy:310)
	at SA-005.run(SA-005:20)
	at com.kms.katalon.core.main.ScriptEngine.run(ScriptEngine.java:194)
	at com.kms.katalon.core.main.ScriptEngine.runScriptAsRawText(ScriptEngine.java:119)
	at com.kms.katalon.core.main.TestCaseExecutor.runScript(TestCaseExecutor.java:448)
	at com.kms.katalon.core.main.TestCaseExecutor.doExecute(TestCaseExecutor.java:439)
	at com.kms.katalon.core.main.TestCaseExecutor.processExecutionPhase(TestCaseExecutor.java:418)
	at com.kms.katalon.core.main.TestCaseExecutor.accessMainPhase(TestCaseExecutor.java:410)
	at com.kms.katalon.core.main.TestCaseExecutor.execute(TestCaseExecutor.java:285)
	at com.kms.katalon.core.main.TestCaseMain.runTestCase(TestCaseMain.java:144)
	at com.kms.katalon.core.keyword.builtin.CallTestCaseKeyword$_callTestCase_closure1.doCall(CallTestCaseKeyword.groovy:59)
	at com.kms.katalon.core.keyword.builtin.CallTestCaseKeyword$_callTestCase_closure1.call(CallTestCaseKeyword.groovy)
	at com.kms.katalon.core.keyword.internal.KeywordMain.runKeyword(KeywordMain.groovy:75)
	at com.kms.katalon.core.keyword.builtin.CallTestCaseKeyword.callTestCase(CallTestCaseKeyword.groovy:81)
	at com.kms.katalon.core.keyword.builtin.CallTestCaseKeyword.execute(CallTestCaseKeyword.groovy:44)
	at com.kms.katalon.core.keyword.internal.KeywordExecutor.executeKeywordForPlatform(KeywordExecutor.groovy:74)
	at com.kms.katalon.core.keyword.BuiltinKeywords.callTestCase(BuiltinKeywords.groovy:310)
	at SU-008.run(SU-008:24)
	at com.kms.katalon.core.main.ScriptEngine.run(ScriptEngine.java:194)
	at com.kms.katalon.core.main.ScriptEngine.runScriptAsRawText(ScriptEngine.java:119)
	at com.kms.katalon.core.main.TestCaseExecutor.runScript(TestCaseExecutor.java:448)
	at com.kms.katalon.core.main.TestCaseExecutor.doExecute(TestCaseExecutor.java:439)
	at com.kms.katalon.core.main.TestCaseExecutor.processExecutionPhase(TestCaseExecutor.java:418)
	at com.kms.katalon.core.main.TestCaseExecutor.accessMainPhase(TestCaseExecutor.java:410)
	at com.kms.katalon.core.main.TestCaseExecutor.execute(TestCaseExecutor.java:285)
	at com.kms.katalon.core.common.CommonExecutor.accessTestCaseMainPhase(CommonExecutor.java:65)
	at com.kms.katalon.core.main.TestSuiteExecutor.accessTestSuiteMainPhase(TestSuiteExecutor.java:148)
	at com.kms.katalon.core.main.TestSuiteExecutor.execute(TestSuiteExecutor.java:106)
	at com.kms.katalon.core.main.TestCaseMain.startTestSuite(TestCaseMain.java:187)
	at com.kms.katalon.core.main.TestCaseMain$startTestSuite$0.call(Unknown Source)
	at TempTestSuite1696424348948.run(TempTestSuite1696424348948.groovy:36)
Caused by: org.openqa.selenium.ElementNotInteractableException: Element <a href="https://10.9.2.63/ecommerce/konfirmasi"> could not be scrolled into view
Build info: version: '3.141.59', revision: 'e82be7d358', time: '2018-11-14T08:25:53'
System info: host: 'DESKTOP-H62FVJ8', ip: '10.9.2.72', os.name: 'Windows 10', os.arch: 'amd64', os.version: '10.0', java.version: '1.8.0_362'
Driver info: com.kms.katalon.core.webui.driver.firefox.CGeckoDriver
Capabilities {acceptInsecureCerts: true, browserName: firefox, browserVersion: 117.0.1, javascriptEnabled: true, moz:accessibilityChecks: false, moz:buildID: 20230912013654, moz:geckodriverVersion: 0.33.0, moz:headless: false, moz:platformVersion: 10.0, moz:processID: 2944, moz:profile: C:\Users\IRFAN\AppData\Loca..., moz:shutdownTimeout: 60000, moz:webdriverClick: true, moz:windowless: false, pageLoadStrategy: normal, platform: WINDOWS, platformName: WINDOWS, proxy: Proxy(direct), setWindowRect: true, strictFileInteractability: false, timeouts: {implicit: 0, pageLoad: 300000, script: 30000}, unhandledPromptBehavior: dismiss and notify}
Session ID: dc809d9c-364c-4b58-b2e8-d34ffd60a16a
	at org.openqa.selenium.remote.http.W3CHttpResponseCodec.createException(W3CHttpResponseCodec.java:187)
	at org.openqa.selenium.remote.http.W3CHttpResponseCodec.decode(W3CHttpResponseCodec.java:122)
	at org.openqa.selenium.remote.http.W3CHttpResponseCodec.decode(W3CHttpResponseCodec.java:49)
	at org.openqa.selenium.remote.HttpCommandExecutor.execute(HttpCommandExecutor.java:158)
	at org.openqa.selenium.remote.service.DriverCommandExecutor.execute(DriverCommandExecutor.java:83)
	at org.openqa.selenium.remote.RemoteWebDriver.execute(RemoteWebDriver.java:552)
	at com.kms.katalon.selenium.driver.CFirefoxDriver.execute(CFirefoxDriver.java:27)
	at org.openqa.selenium.remote.RemoteWebElement.execute(RemoteWebElement.java:285)
	at org.openqa.selenium.remote.RemoteWebElement.click(RemoteWebElement.java:84)
	at org.openqa.selenium.support.events.EventFiringWebDriver$EventFiringWebElement.lambda$new$0(EventFiringWebDriver.java:404)
	at com.sun.proxy.$Proxy11.click(Unknown Source)
	at org.openqa.selenium.support.events.EventFiringWebDriver$EventFiringWebElement.click(EventFiringWebDriver.java:417)
	at org.openqa.selenium.WebElement$click.call(Unknown Source)
	at com.kms.katalon.core.webui.keyword.builtin.ClickKeyword.clickUntilSuccessWithTimeout(ClickKeyword.groovy:81)
	at com.kms.katalon.core.webui.keyword.builtin.ClickKeyword.clickUntilSuccessWithTimeout(ClickKeyword.groovy)
	at com.kms.katalon.core.webui.keyword.builtin.ClickKeyword$_click_closure1.doCall(ClickKeyword.groovy:67)
	at com.kms.katalon.core.webui.keyword.builtin.ClickKeyword$_click_closure1.call(ClickKeyword.groovy)
	at com.kms.katalon.core.webui.keyword.internal.WebUIKeywordMain.runKeyword(WebUIKeywordMain.groovy:20)
	at com.kms.katalon.core.webui.keyword.builtin.ClickKeyword.click(ClickKeyword.groovy:74)
	at com.kms.katalon.core.webui.keyword.builtin.ClickKeyword.execute(ClickKeyword.groovy:40)
	at com.kms.katalon.core.keyword.internal.KeywordExecutor.executeKeywordForPlatform(KeywordExecutor.groovy:74)
	at com.kms.katalon.core.webui.keyword.WebUiBuiltInKeywords.click(WebUiBuiltInKeywords.groovy:620)
	at com.kms.katalon.core.webui.keyword.WebUiBuiltInKeywords$click$2.call(Unknown Source)
	at Script1695958134162.run(Script1695958134162.groovy:33)
	at com.kms.katalon.core.main.ScriptEngine.run(ScriptEngine.java:194)
	at com.kms.katalon.core.main.ScriptEngine.runScriptAsRawText(ScriptEngine.java:119)
	at com.kms.katalon.core.main.TestCaseExecutor.runScript(TestCaseExecutor.java:448)
	at com.kms.katalon.core.main.TestCaseExecutor.doExecute(TestCaseExecutor.java:439)
	at com.kms.katalon.core.main.TestCaseExecutor.processExecutionPhase(TestCaseExecutor.java:418)
	at com.kms.katalon.core.main.TestCaseExecutor.accessMainPhase(TestCaseExecutor.java:410)
	at com.kms.katalon.core.main.TestCaseExecutor.execute(TestCaseExecutor.java:285)
	at com.kms.katalon.core.main.TestCaseMain.runTestCase(TestCaseMain.java:144)
	at com.kms.katalon.core.keyword.builtin.CallTestCaseKeyword$_callTestCase_closure1.doCall(CallTestCaseKeyword.groovy:59)
	at com.kms.katalon.core.keyword.builtin.CallTestCaseKeyword$_callTestCase_closure1.call(CallTestCaseKeyword.groovy)
	at com.kms.katalon.core.keyword.internal.KeywordMain.runKeyword(KeywordMain.groovy:75)
	at com.kms.katalon.core.keyword.builtin.CallTestCaseKeyword.callTestCase(CallTestCaseKeyword.groovy:81)
	at com.kms.katalon.core.keyword.builtin.CallTestCaseKeyword.execute(CallTestCaseKeyword.groovy:44)
	at com.kms.katalon.core.keyword.internal.KeywordExecutor.executeKeywordForPlatform(KeywordExecutor.groovy:74)
	at com.kms.katalon.core.keyword.BuiltinKeywords.callTestCase(BuiltinKeywords.groovy:310)
	at Script1695958536957.run(Script1695958536957.groovy:20)
	at com.kms.katalon.core.main.ScriptEngine.run(ScriptEngine.java:194)
	at com.kms.katalon.core.main.ScriptEngine.runScriptAsRawText(ScriptEngine.java:119)
	at com.kms.katalon.core.main.TestCaseExecutor.runScript(TestCaseExecutor.java:448)
	at com.kms.katalon.core.main.TestCaseExecutor.doExecute(TestCaseExecutor.java:439)
	at com.kms.katalon.core.main.TestCaseExecutor.processExecutionPhase(TestCaseExecutor.java:418)
	at com.kms.katalon.core.main.TestCaseExecutor.accessMainPhase(TestCaseExecutor.java:410)
	at com.kms.katalon.core.main.TestCaseExecutor.execute(TestCaseExecutor.java:285)
	at com.kms.katalon.core.main.TestCaseMain.runTestCase(TestCaseMain.java:144)
	at com.kms.katalon.core.keyword.builtin.CallTestCaseKeyword$_callTestCase_closure1.doCall(CallTestCaseKeyword.groovy:59)
	at com.kms.katalon.core.keyword.builtin.CallTestCaseKeyword$_callTestCase_closure1.call(CallTestCaseKeyword.groovy)
	at com.kms.katalon.core.keyword.internal.KeywordMain.runKeyword(KeywordMain.groovy:75)
	at com.kms.katalon.core.keyword.builtin.CallTestCaseKeyword.callTestCase(CallTestCaseKeyword.groovy:81)
	at com.kms.katalon.core.keyword.builtin.CallTestCaseKeyword.execute(CallTestCaseKeyword.groovy:44)
	at com.kms.katalon.core.keyword.internal.KeywordExecutor.executeKeywordForPlatform(KeywordExecutor.groovy:74)
	at com.kms.katalon.core.keyword.BuiltinKeywords.callTestCase(BuiltinKeywords.groovy:310)
	at Script1695958721803.run(Script1695958721803.groovy:20)
	at com.kms.katalon.core.main.ScriptEngine.run(ScriptEngine.java:194)
	at com.kms.katalon.core.main.ScriptEngine.runScriptAsRawText(ScriptEngine.java:119)
	at com.kms.katalon.core.main.TestCaseExecutor.runScript(TestCaseExecutor.java:448)
	at com.kms.katalon.core.main.TestCaseExecutor.doExecute(TestCaseExecutor.java:439)
	at com.kms.katalon.core.main.TestCaseExecutor.processExecutionPhase(TestCaseExecutor.java:418)
	at com.kms.katalon.core.main.TestCaseExecutor.accessMainPhase(TestCaseExecutor.java:410)
	at com.kms.katalon.core.main.TestCaseExecutor.execute(TestCaseExecutor.java:285)
	at com.kms.katalon.core.main.TestCaseMain.runTestCase(TestCaseMain.java:144)
	at com.kms.katalon.core.keyword.builtin.CallTestCaseKeyword$_callTestCase_closure1.doCall(CallTestCaseKeyword.groovy:59)
	at com.kms.katalon.core.keyword.builtin.CallTestCaseKeyword$_callTestCase_closure1.call(CallTestCaseKeyword.groovy)
	at com.kms.katalon.core.keyword.internal.KeywordMain.runKeyword(KeywordMain.groovy:75)
	at com.kms.katalon.core.keyword.builtin.CallTestCaseKeyword.callTestCase(CallTestCaseKeyword.groovy:81)
	at com.kms.katalon.core.keyword.builtin.CallTestCaseKeyword.execute(CallTestCaseKeyword.groovy:44)
	at com.kms.katalon.core.keyword.internal.KeywordExecutor.executeKeywordForPlatform(KeywordExecutor.groovy:74)
	at com.kms.katalon.core.keyword.BuiltinKeywords.callTestCase(BuiltinKeywords.groovy:310)
	at Script1695958728937.run(Script1695958728937.groovy:20)
	at com.kms.katalon.core.main.ScriptEngine.run(ScriptEngine.java:194)
	at com.kms.katalon.core.main.ScriptEngine.runScriptAsRawText(ScriptEngine.java:119)
	at com.kms.katalon.core.main.TestCaseExecutor.runScript(TestCaseExecutor.java:448)
	at com.kms.katalon.core.main.TestCaseExecutor.doExecute(TestCaseExecutor.java:439)
	at com.kms.katalon.core.main.TestCaseExecutor.processExecutionPhase(TestCaseExecutor.java:418)
	at com.kms.katalon.core.main.TestCaseExecutor.accessMainPhase(TestCaseExecutor.java:410)
	at com.kms.katalon.core.main.TestCaseExecutor.execute(TestCaseExecutor.java:285)
	at com.kms.katalon.core.main.TestCaseMain.runTestCase(TestCaseMain.java:144)
	at com.kms.katalon.core.keyword.builtin.CallTestCaseKeyword$_callTestCase_closure1.doCall(CallTestCaseKeyword.groovy:59)
	at com.kms.katalon.core.keyword.builtin.CallTestCaseKeyword$_callTestCase_closure1.call(CallTestCaseKeyword.groovy)
	at com.kms.katalon.core.keyword.internal.KeywordMain.runKeyword(KeywordMain.groovy:75)
	at com.kms.katalon.core.keyword.builtin.CallTestCaseKeyword.callTestCase(CallTestCaseKeyword.groovy:81)
	at com.kms.katalon.core.keyword.builtin.CallTestCaseKeyword.execute(CallTestCaseKeyword.groovy:44)
	at com.kms.katalon.core.keyword.internal.KeywordExecutor.executeKeywordForPlatform(KeywordExecutor.groovy:74)
	at com.kms.katalon.core.keyword.BuiltinKeywords.callTestCase(BuiltinKeywords.groovy:310)
	at Script1695958752151.run(Script1695958752151.groovy:20)
	at com.kms.katalon.core.main.ScriptEngine.run(ScriptEngine.java:194)
	at com.kms.katalon.core.main.ScriptEngine.runScriptAsRawText(ScriptEngine.java:119)
	at com.kms.katalon.core.main.TestCaseExecutor.runScript(TestCaseExecutor.java:448)
	at com.kms.katalon.core.main.TestCaseExecutor.doExecute(TestCaseExecutor.java:439)
	at com.kms.katalon.core.main.TestCaseExecutor.processExecutionPhase(TestCaseExecutor.java:418)
	at com.kms.katalon.core.main.TestCaseExecutor.accessMainPhase(TestCaseExecutor.java:410)
	at com.kms.katalon.core.main.TestCaseExecutor.execute(TestCaseExecutor.java:285)
	at com.kms.katalon.core.main.TestCaseMain.runTestCase(TestCaseMain.java:144)
	at com.kms.katalon.core.keyword.builtin.CallTestCaseKeyword$_callTestCase_closure1.doCall(CallTestCaseKeyword.groovy:59)
	at com.kms.katalon.core.keyword.builtin.CallTestCaseKeyword$_callTestCase_closure1.call(CallTestCaseKeyword.groovy)
	at com.kms.katalon.core.keyword.internal.KeywordMain.runKeyword(KeywordMain.groovy:75)
	at com.kms.katalon.core.keyword.builtin.CallTestCaseKeyword.callTestCase(CallTestCaseKeyword.groovy:81)
	at com.kms.katalon.core.keyword.builtin.CallTestCaseKeyword.execute(CallTestCaseKeyword.groovy:44)
	at com.kms.katalon.core.keyword.internal.KeywordExecutor.executeKeywordForPlatform(KeywordExecutor.groovy:74)
	at com.kms.katalon.core.keyword.BuiltinKeywords.callTestCase(BuiltinKeywords.groovy:310)
	at Script1696216774141.run(Script1696216774141.groovy:24)
	... 13 more
)

2023-10-04 20:52:13 - [MESSAGE][FAILED] - Unable to click on object 'Object Repository/Konfirmasi pesanan shop/Konfirmasi Orders' (Root cause: com.kms.katalon.core.exception.StepFailedException: Unable to click on object 'Object Repository/Konfirmasi pesanan shop/Konfirmasi Orders'
	at com.kms.katalon.core.webui.keyword.internal.WebUIKeywordMain.stepFailed(WebUIKeywordMain.groovy:64)
	at com.kms.katalon.core.webui.keyword.internal.WebUIKeywordMain.runKeyword(WebUIKeywordMain.groovy:26)
	at com.kms.katalon.core.webui.keyword.builtin.ClickKeyword.click(ClickKeyword.groovy:74)
	at com.kms.katalon.core.webui.keyword.builtin.ClickKeyword.execute(ClickKeyword.groovy:40)
	at com.kms.katalon.core.keyword.internal.KeywordExecutor.executeKeywordForPlatform(KeywordExecutor.groovy:74)
	at com.kms.katalon.core.webui.keyword.WebUiBuiltInKeywords.click(WebUiBuiltInKeywords.groovy:620)
	at com.kms.katalon.core.webui.keyword.WebUiBuiltInKeywords$click$2.call(Unknown Source)
	at PBY-004.run(PBY-004:33)
	at com.kms.katalon.core.main.ScriptEngine.run(ScriptEngine.java:194)
	at com.kms.katalon.core.main.ScriptEngine.runScriptAsRawText(ScriptEngine.java:119)
	at com.kms.katalon.core.main.TestCaseExecutor.runScript(TestCaseExecutor.java:448)
	at com.kms.katalon.core.main.TestCaseExecutor.doExecute(TestCaseExecutor.java:439)
	at com.kms.katalon.core.main.TestCaseExecutor.processExecutionPhase(TestCaseExecutor.java:418)
	at com.kms.katalon.core.main.TestCaseExecutor.accessMainPhase(TestCaseExecutor.java:410)
	at com.kms.katalon.core.main.TestCaseExecutor.execute(TestCaseExecutor.java:285)
	at com.kms.katalon.core.main.TestCaseMain.runTestCase(TestCaseMain.java:144)
	at com.kms.katalon.core.keyword.builtin.CallTestCaseKeyword$_callTestCase_closure1.doCall(CallTestCaseKeyword.groovy:59)
	at com.kms.katalon.core.keyword.builtin.CallTestCaseKeyword$_callTestCase_closure1.call(CallTestCaseKeyword.groovy)
	at com.kms.katalon.core.keyword.internal.KeywordMain.runKeyword(KeywordMain.groovy:75)
	at com.kms.katalon.core.keyword.builtin.CallTestCaseKeyword.callTestCase(CallTestCaseKeyword.groovy:81)
	at com.kms.katalon.core.keyword.builtin.CallTestCaseKeyword.execute(CallTestCaseKeyword.groovy:44)
	at com.kms.katalon.core.keyword.internal.KeywordExecutor.executeKeywordForPlatform(KeywordExecutor.groovy:74)
	at com.kms.katalon.core.keyword.BuiltinKeywords.callTestCase(BuiltinKeywords.groovy:310)
	at PBYA-001.run(PBYA-001:20)
	at com.kms.katalon.core.main.ScriptEngine.run(ScriptEngine.java:194)
	at com.kms.katalon.core.main.ScriptEngine.runScriptAsRawText(ScriptEngine.java:119)
	at com.kms.katalon.core.main.TestCaseExecutor.runScript(TestCaseExecutor.java:448)
	at com.kms.katalon.core.main.TestCaseExecutor.doExecute(TestCaseExecutor.java:439)
	at com.kms.katalon.core.main.TestCaseExecutor.processExecutionPhase(TestCaseExecutor.java:418)
	at com.kms.katalon.core.main.TestCaseExecutor.accessMainPhase(TestCaseExecutor.java:410)
	at com.kms.katalon.core.main.TestCaseExecutor.execute(TestCaseExecutor.java:285)
	at com.kms.katalon.core.main.TestCaseMain.runTestCase(TestCaseMain.java:144)
	at com.kms.katalon.core.keyword.builtin.CallTestCaseKeyword$_callTestCase_closure1.doCall(CallTestCaseKeyword.groovy:59)
	at com.kms.katalon.core.keyword.builtin.CallTestCaseKeyword$_callTestCase_closure1.call(CallTestCaseKeyword.groovy)
	at com.kms.katalon.core.keyword.internal.KeywordMain.runKeyword(KeywordMain.groovy:75)
	at com.kms.katalon.core.keyword.builtin.CallTestCaseKeyword.callTestCase(CallTestCaseKeyword.groovy:81)
	at com.kms.katalon.core.keyword.builtin.CallTestCaseKeyword.execute(CallTestCaseKeyword.groovy:44)
	at com.kms.katalon.core.keyword.internal.KeywordExecutor.executeKeywordForPlatform(KeywordExecutor.groovy:74)
	at com.kms.katalon.core.keyword.BuiltinKeywords.callTestCase(BuiltinKeywords.groovy:310)
	at SA-001.run(SA-001:20)
	at com.kms.katalon.core.main.ScriptEngine.run(ScriptEngine.java:194)
	at com.kms.katalon.core.main.ScriptEngine.runScriptAsRawText(ScriptEngine.java:119)
	at com.kms.katalon.core.main.TestCaseExecutor.runScript(TestCaseExecutor.java:448)
	at com.kms.katalon.core.main.TestCaseExecutor.doExecute(TestCaseExecutor.java:439)
	at com.kms.katalon.core.main.TestCaseExecutor.processExecutionPhase(TestCaseExecutor.java:418)
	at com.kms.katalon.core.main.TestCaseExecutor.accessMainPhase(TestCaseExecutor.java:410)
	at com.kms.katalon.core.main.TestCaseExecutor.execute(TestCaseExecutor.java:285)
	at com.kms.katalon.core.main.TestCaseMain.runTestCase(TestCaseMain.java:144)
	at com.kms.katalon.core.keyword.builtin.CallTestCaseKeyword$_callTestCase_closure1.doCall(CallTestCaseKeyword.groovy:59)
	at com.kms.katalon.core.keyword.builtin.CallTestCaseKeyword$_callTestCase_closure1.call(CallTestCaseKeyword.groovy)
	at com.kms.katalon.core.keyword.internal.KeywordMain.runKeyword(KeywordMain.groovy:75)
	at com.kms.katalon.core.keyword.builtin.CallTestCaseKeyword.callTestCase(CallTestCaseKeyword.groovy:81)
	at com.kms.katalon.core.keyword.builtin.CallTestCaseKeyword.execute(CallTestCaseKeyword.groovy:44)
	at com.kms.katalon.core.keyword.internal.KeywordExecutor.executeKeywordForPlatform(KeywordExecutor.groovy:74)
	at com.kms.katalon.core.keyword.BuiltinKeywords.callTestCase(BuiltinKeywords.groovy:310)
	at SA-002.run(SA-002:20)
	at com.kms.katalon.core.main.ScriptEngine.run(ScriptEngine.java:194)
	at com.kms.katalon.core.main.ScriptEngine.runScriptAsRawText(ScriptEngine.java:119)
	at com.kms.katalon.core.main.TestCaseExecutor.runScript(TestCaseExecutor.java:448)
	at com.kms.katalon.core.main.TestCaseExecutor.doExecute(TestCaseExecutor.java:439)
	at com.kms.katalon.core.main.TestCaseExecutor.processExecutionPhase(TestCaseExecutor.java:418)
	at com.kms.katalon.core.main.TestCaseExecutor.accessMainPhase(TestCaseExecutor.java:410)
	at com.kms.katalon.core.main.TestCaseExecutor.execute(TestCaseExecutor.java:285)
	at com.kms.katalon.core.main.TestCaseMain.runTestCase(TestCaseMain.java:144)
	at com.kms.katalon.core.keyword.builtin.CallTestCaseKeyword$_callTestCase_closure1.doCall(CallTestCaseKeyword.groovy:59)
	at com.kms.katalon.core.keyword.builtin.CallTestCaseKeyword$_callTestCase_closure1.call(CallTestCaseKeyword.groovy)
	at com.kms.katalon.core.keyword.internal.KeywordMain.runKeyword(KeywordMain.groovy:75)
	at com.kms.katalon.core.keyword.builtin.CallTestCaseKeyword.callTestCase(CallTestCaseKeyword.groovy:81)
	at com.kms.katalon.core.keyword.builtin.CallTestCaseKeyword.execute(CallTestCaseKeyword.groovy:44)
	at com.kms.katalon.core.keyword.internal.KeywordExecutor.executeKeywordForPlatform(KeywordExecutor.groovy:74)
	at com.kms.katalon.core.keyword.BuiltinKeywords.callTestCase(BuiltinKeywords.groovy:310)
	at SA-005.run(SA-005:20)
	at com.kms.katalon.core.main.ScriptEngine.run(ScriptEngine.java:194)
	at com.kms.katalon.core.main.ScriptEngine.runScriptAsRawText(ScriptEngine.java:119)
	at com.kms.katalon.core.main.TestCaseExecutor.runScript(TestCaseExecutor.java:448)
	at com.kms.katalon.core.main.TestCaseExecutor.doExecute(TestCaseExecutor.java:439)
	at com.kms.katalon.core.main.TestCaseExecutor.processExecutionPhase(TestCaseExecutor.java:418)
	at com.kms.katalon.core.main.TestCaseExecutor.accessMainPhase(TestCaseExecutor.java:410)
	at com.kms.katalon.core.main.TestCaseExecutor.execute(TestCaseExecutor.java:285)
	at com.kms.katalon.core.main.TestCaseMain.runTestCase(TestCaseMain.java:144)
	at com.kms.katalon.core.keyword.builtin.CallTestCaseKeyword$_callTestCase_closure1.doCall(CallTestCaseKeyword.groovy:59)
	at com.kms.katalon.core.keyword.builtin.CallTestCaseKeyword$_callTestCase_closure1.call(CallTestCaseKeyword.groovy)
	at com.kms.katalon.core.keyword.internal.KeywordMain.runKeyword(KeywordMain.groovy:75)
	at com.kms.katalon.core.keyword.builtin.CallTestCaseKeyword.callTestCase(CallTestCaseKeyword.groovy:81)
	at com.kms.katalon.core.keyword.builtin.CallTestCaseKeyword.execute(CallTestCaseKeyword.groovy:44)
	at com.kms.katalon.core.keyword.internal.KeywordExecutor.executeKeywordForPlatform(KeywordExecutor.groovy:74)
	at com.kms.katalon.core.keyword.BuiltinKeywords.callTestCase(BuiltinKeywords.groovy:310)
	at SU-008.run(SU-008:24)
	at com.kms.katalon.core.main.ScriptEngine.run(ScriptEngine.java:194)
	at com.kms.katalon.core.main.ScriptEngine.runScriptAsRawText(ScriptEngine.java:119)
	at com.kms.katalon.core.main.TestCaseExecutor.runScript(TestCaseExecutor.java:448)
	at com.kms.katalon.core.main.TestCaseExecutor.doExecute(TestCaseExecutor.java:439)
	at com.kms.katalon.core.main.TestCaseExecutor.processExecutionPhase(TestCaseExecutor.java:418)
	at com.kms.katalon.core.main.TestCaseExecutor.accessMainPhase(TestCaseExecutor.java:410)
	at com.kms.katalon.core.main.TestCaseExecutor.execute(TestCaseExecutor.java:285)
	at com.kms.katalon.core.common.CommonExecutor.accessTestCaseMainPhase(CommonExecutor.java:65)
	at com.kms.katalon.core.main.TestSuiteExecutor.accessTestSuiteMainPhase(TestSuiteExecutor.java:148)
	at com.kms.katalon.core.main.TestSuiteExecutor.execute(TestSuiteExecutor.java:106)
	at com.kms.katalon.core.main.TestCaseMain.startTestSuite(TestCaseMain.java:187)
	at com.kms.katalon.core.main.TestCaseMain$startTestSuite$0.call(Unknown Source)
	at TempTestSuite1696424348948.run(TempTestSuite1696424348948.groovy:36)
Caused by: org.openqa.selenium.ElementNotInteractableException: Element <a href="https://10.9.2.63/ecommerce/konfirmasi"> could not be scrolled into view
Build info: version: '3.141.59', revision: 'e82be7d358', time: '2018-11-14T08:25:53'
System info: host: 'DESKTOP-H62FVJ8', ip: '10.9.2.72', os.name: 'Windows 10', os.arch: 'amd64', os.version: '10.0', java.version: '1.8.0_362'
Driver info: com.kms.katalon.core.webui.driver.firefox.CGeckoDriver
Capabilities {acceptInsecureCerts: true, browserName: firefox, browserVersion: 117.0.1, javascriptEnabled: true, moz:accessibilityChecks: false, moz:buildID: 20230912013654, moz:geckodriverVersion: 0.33.0, moz:headless: false, moz:platformVersion: 10.0, moz:processID: 2944, moz:profile: C:\Users\IRFAN\AppData\Loca..., moz:shutdownTimeout: 60000, moz:webdriverClick: true, moz:windowless: false, pageLoadStrategy: normal, platform: WINDOWS, platformName: WINDOWS, proxy: Proxy(direct), setWindowRect: true, strictFileInteractability: false, timeouts: {implicit: 0, pageLoad: 300000, script: 30000}, unhandledPromptBehavior: dismiss and notify}
Session ID: dc809d9c-364c-4b58-b2e8-d34ffd60a16a
	at org.openqa.selenium.remote.http.W3CHttpResponseCodec.createException(W3CHttpResponseCodec.java:187)
	at org.openqa.selenium.remote.http.W3CHttpResponseCodec.decode(W3CHttpResponseCodec.java:122)
	at org.openqa.selenium.remote.http.W3CHttpResponseCodec.decode(W3CHttpResponseCodec.java:49)
	at org.openqa.selenium.remote.HttpCommandExecutor.execute(HttpCommandExecutor.java:158)
	at org.openqa.selenium.remote.service.DriverCommandExecutor.execute(DriverCommandExecutor.java:83)
	at org.openqa.selenium.remote.RemoteWebDriver.execute(RemoteWebDriver.java:552)
	at com.kms.katalon.selenium.driver.CFirefoxDriver.execute(CFirefoxDriver.java:27)
	at org.openqa.selenium.remote.RemoteWebElement.execute(RemoteWebElement.java:285)
	at org.openqa.selenium.remote.RemoteWebElement.click(RemoteWebElement.java:84)
	at org.openqa.selenium.support.events.EventFiringWebDriver$EventFiringWebElement.lambda$new$0(EventFiringWebDriver.java:404)
	at com.sun.proxy.$Proxy11.click(Unknown Source)
	at org.openqa.selenium.support.events.EventFiringWebDriver$EventFiringWebElement.click(EventFiringWebDriver.java:417)
	at org.openqa.selenium.WebElement$click.call(Unknown Source)
	at com.kms.katalon.core.webui.keyword.builtin.ClickKeyword.clickUntilSuccessWithTimeout(ClickKeyword.groovy:81)
	at com.kms.katalon.core.webui.keyword.builtin.ClickKeyword.clickUntilSuccessWithTimeout(ClickKeyword.groovy)
	at com.kms.katalon.core.webui.keyword.builtin.ClickKeyword$_click_closure1.doCall(ClickKeyword.groovy:67)
	at com.kms.katalon.core.webui.keyword.builtin.ClickKeyword$_click_closure1.call(ClickKeyword.groovy)
	at com.kms.katalon.core.webui.keyword.internal.WebUIKeywordMain.runKeyword(WebUIKeywordMain.groovy:20)
	at com.kms.katalon.core.webui.keyword.builtin.ClickKeyword.click(ClickKeyword.groovy:74)
	at com.kms.katalon.core.webui.keyword.builtin.ClickKeyword.execute(ClickKeyword.groovy:40)
	at com.kms.katalon.core.keyword.internal.KeywordExecutor.executeKeywordForPlatform(KeywordExecutor.groovy:74)
	at com.kms.katalon.core.webui.keyword.WebUiBuiltInKeywords.click(WebUiBuiltInKeywords.groovy:620)
	at com.kms.katalon.core.webui.keyword.WebUiBuiltInKeywords$click$2.call(Unknown Source)
	at Script1695958134162.run(Script1695958134162.groovy:33)
	at com.kms.katalon.core.main.ScriptEngine.run(ScriptEngine.java:194)
	at com.kms.katalon.core.main.ScriptEngine.runScriptAsRawText(ScriptEngine.java:119)
	at com.kms.katalon.core.main.TestCaseExecutor.runScript(TestCaseExecutor.java:448)
	at com.kms.katalon.core.main.TestCaseExecutor.doExecute(TestCaseExecutor.java:439)
	at com.kms.katalon.core.main.TestCaseExecutor.processExecutionPhase(TestCaseExecutor.java:418)
	at com.kms.katalon.core.main.TestCaseExecutor.accessMainPhase(TestCaseExecutor.java:410)
	at com.kms.katalon.core.main.TestCaseExecutor.execute(TestCaseExecutor.java:285)
	at com.kms.katalon.core.main.TestCaseMain.runTestCase(TestCaseMain.java:144)
	at com.kms.katalon.core.keyword.builtin.CallTestCaseKeyword$_callTestCase_closure1.doCall(CallTestCaseKeyword.groovy:59)
	at com.kms.katalon.core.keyword.builtin.CallTestCaseKeyword$_callTestCase_closure1.call(CallTestCaseKeyword.groovy)
	at com.kms.katalon.core.keyword.internal.KeywordMain.runKeyword(KeywordMain.groovy:75)
	at com.kms.katalon.core.keyword.builtin.CallTestCaseKeyword.callTestCase(CallTestCaseKeyword.groovy:81)
	at com.kms.katalon.core.keyword.builtin.CallTestCaseKeyword.execute(CallTestCaseKeyword.groovy:44)
	at com.kms.katalon.core.keyword.internal.KeywordExecutor.executeKeywordForPlatform(KeywordExecutor.groovy:74)
	at com.kms.katalon.core.keyword.BuiltinKeywords.callTestCase(BuiltinKeywords.groovy:310)
	at Script1695958536957.run(Script1695958536957.groovy:20)
	at com.kms.katalon.core.main.ScriptEngine.run(ScriptEngine.java:194)
	at com.kms.katalon.core.main.ScriptEngine.runScriptAsRawText(ScriptEngine.java:119)
	at com.kms.katalon.core.main.TestCaseExecutor.runScript(TestCaseExecutor.java:448)
	at com.kms.katalon.core.main.TestCaseExecutor.doExecute(TestCaseExecutor.java:439)
	at com.kms.katalon.core.main.TestCaseExecutor.processExecutionPhase(TestCaseExecutor.java:418)
	at com.kms.katalon.core.main.TestCaseExecutor.accessMainPhase(TestCaseExecutor.java:410)
	at com.kms.katalon.core.main.TestCaseExecutor.execute(TestCaseExecutor.java:285)
	at com.kms.katalon.core.main.TestCaseMain.runTestCase(TestCaseMain.java:144)
	at com.kms.katalon.core.keyword.builtin.CallTestCaseKeyword$_callTestCase_closure1.doCall(CallTestCaseKeyword.groovy:59)
	at com.kms.katalon.core.keyword.builtin.CallTestCaseKeyword$_callTestCase_closure1.call(CallTestCaseKeyword.groovy)
	at com.kms.katalon.core.keyword.internal.KeywordMain.runKeyword(KeywordMain.groovy:75)
	at com.kms.katalon.core.keyword.builtin.CallTestCaseKeyword.callTestCase(CallTestCaseKeyword.groovy:81)
	at com.kms.katalon.core.keyword.builtin.CallTestCaseKeyword.execute(CallTestCaseKeyword.groovy:44)
	at com.kms.katalon.core.keyword.internal.KeywordExecutor.executeKeywordForPlatform(KeywordExecutor.groovy:74)
	at com.kms.katalon.core.keyword.BuiltinKeywords.callTestCase(BuiltinKeywords.groovy:310)
	at Script1695958721803.run(Script1695958721803.groovy:20)
	at com.kms.katalon.core.main.ScriptEngine.run(ScriptEngine.java:194)
	at com.kms.katalon.core.main.ScriptEngine.runScriptAsRawText(ScriptEngine.java:119)
	at com.kms.katalon.core.main.TestCaseExecutor.runScript(TestCaseExecutor.java:448)
	at com.kms.katalon.core.main.TestCaseExecutor.doExecute(TestCaseExecutor.java:439)
	at com.kms.katalon.core.main.TestCaseExecutor.processExecutionPhase(TestCaseExecutor.java:418)
	at com.kms.katalon.core.main.TestCaseExecutor.accessMainPhase(TestCaseExecutor.java:410)
	at com.kms.katalon.core.main.TestCaseExecutor.execute(TestCaseExecutor.java:285)
	at com.kms.katalon.core.main.TestCaseMain.runTestCase(TestCaseMain.java:144)
	at com.kms.katalon.core.keyword.builtin.CallTestCaseKeyword$_callTestCase_closure1.doCall(CallTestCaseKeyword.groovy:59)
	at com.kms.katalon.core.keyword.builtin.CallTestCaseKeyword$_callTestCase_closure1.call(CallTestCaseKeyword.groovy)
	at com.kms.katalon.core.keyword.internal.KeywordMain.runKeyword(KeywordMain.groovy:75)
	at com.kms.katalon.core.keyword.builtin.CallTestCaseKeyword.callTestCase(CallTestCaseKeyword.groovy:81)
	at com.kms.katalon.core.keyword.builtin.CallTestCaseKeyword.execute(CallTestCaseKeyword.groovy:44)
	at com.kms.katalon.core.keyword.internal.KeywordExecutor.executeKeywordForPlatform(KeywordExecutor.groovy:74)
	at com.kms.katalon.core.keyword.BuiltinKeywords.callTestCase(BuiltinKeywords.groovy:310)
	at Script1695958728937.run(Script1695958728937.groovy:20)
	at com.kms.katalon.core.main.ScriptEngine.run(ScriptEngine.java:194)
	at com.kms.katalon.core.main.ScriptEngine.runScriptAsRawText(ScriptEngine.java:119)
	at com.kms.katalon.core.main.TestCaseExecutor.runScript(TestCaseExecutor.java:448)
	at com.kms.katalon.core.main.TestCaseExecutor.doExecute(TestCaseExecutor.java:439)
	at com.kms.katalon.core.main.TestCaseExecutor.processExecutionPhase(TestCaseExecutor.java:418)
	at com.kms.katalon.core.main.TestCaseExecutor.accessMainPhase(TestCaseExecutor.java:410)
	at com.kms.katalon.core.main.TestCaseExecutor.execute(TestCaseExecutor.java:285)
	at com.kms.katalon.core.main.TestCaseMain.runTestCase(TestCaseMain.java:144)
	at com.kms.katalon.core.keyword.builtin.CallTestCaseKeyword$_callTestCase_closure1.doCall(CallTestCaseKeyword.groovy:59)
	at com.kms.katalon.core.keyword.builtin.CallTestCaseKeyword$_callTestCase_closure1.call(CallTestCaseKeyword.groovy)
	at com.kms.katalon.core.keyword.internal.KeywordMain.runKeyword(KeywordMain.groovy:75)
	at com.kms.katalon.core.keyword.builtin.CallTestCaseKeyword.callTestCase(CallTestCaseKeyword.groovy:81)
	at com.kms.katalon.core.keyword.builtin.CallTestCaseKeyword.execute(CallTestCaseKeyword.groovy:44)
	at com.kms.katalon.core.keyword.internal.KeywordExecutor.executeKeywordForPlatform(KeywordExecutor.groovy:74)
	at com.kms.katalon.core.keyword.BuiltinKeywords.callTestCase(BuiltinKeywords.groovy:310)
	at Script1695958752151.run(Script1695958752151.groovy:20)
	at com.kms.katalon.core.main.ScriptEngine.run(ScriptEngine.java:194)
	at com.kms.katalon.core.main.ScriptEngine.runScriptAsRawText(ScriptEngine.java:119)
	at com.kms.katalon.core.main.TestCaseExecutor.runScript(TestCaseExecutor.java:448)
	at com.kms.katalon.core.main.TestCaseExecutor.doExecute(TestCaseExecutor.java:439)
	at com.kms.katalon.core.main.TestCaseExecutor.processExecutionPhase(TestCaseExecutor.java:418)
	at com.kms.katalon.core.main.TestCaseExecutor.accessMainPhase(TestCaseExecutor.java:410)
	at com.kms.katalon.core.main.TestCaseExecutor.execute(TestCaseExecutor.java:285)
	at com.kms.katalon.core.main.TestCaseMain.runTestCase(TestCaseMain.java:144)
	at com.kms.katalon.core.keyword.builtin.CallTestCaseKeyword$_callTestCase_closure1.doCall(CallTestCaseKeyword.groovy:59)
	at com.kms.katalon.core.keyword.builtin.CallTestCaseKeyword$_callTestCase_closure1.call(CallTestCaseKeyword.groovy)
	at com.kms.katalon.core.keyword.internal.KeywordMain.runKeyword(KeywordMain.groovy:75)
	at com.kms.katalon.core.keyword.builtin.CallTestCaseKeyword.callTestCase(CallTestCaseKeyword.groovy:81)
	at com.kms.katalon.core.keyword.builtin.CallTestCaseKeyword.execute(CallTestCaseKeyword.groovy:44)
	at com.kms.katalon.core.keyword.internal.KeywordExecutor.executeKeywordForPlatform(KeywordExecutor.groovy:74)
	at com.kms.katalon.core.keyword.BuiltinKeywords.callTestCase(BuiltinKeywords.groovy:310)
	at Script1696216774141.run(Script1696216774141.groovy:24)
	... 13 more
)
[[ATTACHMENT|D:\\BOOTCAMP XSIS\\Projek 2 MINI PROJEK\\Reports\\20231004_190004\\T13 Pembelian, Shipment dan Pembayaran\\T13 Pembelian, Shipment dan Pembayaran\\20231004_195908\\1696427533149.png]]

2023-10-04 20:52:13 - [MESSAGE][FAILED] - Unable to call Test Case 'Test Cases/T13 Pembelian, Shipment dan Pembayaran/PBY-004' (Root cause: com.kms.katalon.core.exception.StepFailedException: Call Test Case 'Test Cases/T13 Pembelian, Shipment dan Pembayaran/PBY-004' failed
	at com.kms.katalon.core.keyword.builtin.CallTestCaseKeyword$_callTestCase_closure1.doCall(CallTestCaseKeyword.groovy:63)
	at com.kms.katalon.core.keyword.builtin.CallTestCaseKeyword$_callTestCase_closure1.call(CallTestCaseKeyword.groovy)
	at com.kms.katalon.core.keyword.internal.KeywordMain.runKeyword(KeywordMain.groovy:75)
	at com.kms.katalon.core.keyword.builtin.CallTestCaseKeyword.callTestCase(CallTestCaseKeyword.groovy:81)
	at com.kms.katalon.core.keyword.builtin.CallTestCaseKeyword.execute(CallTestCaseKeyword.groovy:44)
	at com.kms.katalon.core.keyword.internal.KeywordExecutor.executeKeywordForPlatform(KeywordExecutor.groovy:74)
	at com.kms.katalon.core.keyword.BuiltinKeywords.callTestCase(BuiltinKeywords.groovy:310)
	at PBYA-001.run(PBYA-001:20)
	at com.kms.katalon.core.main.ScriptEngine.run(ScriptEngine.java:194)
	at com.kms.katalon.core.main.ScriptEngine.runScriptAsRawText(ScriptEngine.java:119)
	at com.kms.katalon.core.main.TestCaseExecutor.runScript(TestCaseExecutor.java:448)
	at com.kms.katalon.core.main.TestCaseExecutor.doExecute(TestCaseExecutor.java:439)
	at com.kms.katalon.core.main.TestCaseExecutor.processExecutionPhase(TestCaseExecutor.java:418)
	at com.kms.katalon.core.main.TestCaseExecutor.accessMainPhase(TestCaseExecutor.java:410)
	at com.kms.katalon.core.main.TestCaseExecutor.execute(TestCaseExecutor.java:285)
	at com.kms.katalon.core.main.TestCaseMain.runTestCase(TestCaseMain.java:144)
	at com.kms.katalon.core.keyword.builtin.CallTestCaseKeyword$_callTestCase_closure1.doCall(CallTestCaseKeyword.groovy:59)
	at com.kms.katalon.core.keyword.builtin.CallTestCaseKeyword$_callTestCase_closure1.call(CallTestCaseKeyword.groovy)
	at com.kms.katalon.core.keyword.internal.KeywordMain.runKeyword(KeywordMain.groovy:75)
	at com.kms.katalon.core.keyword.builtin.CallTestCaseKeyword.callTestCase(CallTestCaseKeyword.groovy:81)
	at com.kms.katalon.core.keyword.builtin.CallTestCaseKeyword.execute(CallTestCaseKeyword.groovy:44)
	at com.kms.katalon.core.keyword.internal.KeywordExecutor.executeKeywordForPlatform(KeywordExecutor.groovy:74)
	at com.kms.katalon.core.keyword.BuiltinKeywords.callTestCase(BuiltinKeywords.groovy:310)
	at SA-001.run(SA-001:20)
	at com.kms.katalon.core.main.ScriptEngine.run(ScriptEngine.java:194)
	at com.kms.katalon.core.main.ScriptEngine.runScriptAsRawText(ScriptEngine.java:119)
	at com.kms.katalon.core.main.TestCaseExecutor.runScript(TestCaseExecutor.java:448)
	at com.kms.katalon.core.main.TestCaseExecutor.doExecute(TestCaseExecutor.java:439)
	at com.kms.katalon.core.main.TestCaseExecutor.processExecutionPhase(TestCaseExecutor.java:418)
	at com.kms.katalon.core.main.TestCaseExecutor.accessMainPhase(TestCaseExecutor.java:410)
	at com.kms.katalon.core.main.TestCaseExecutor.execute(TestCaseExecutor.java:285)
	at com.kms.katalon.core.main.TestCaseMain.runTestCase(TestCaseMain.java:144)
	at com.kms.katalon.core.keyword.builtin.CallTestCaseKeyword$_callTestCase_closure1.doCall(CallTestCaseKeyword.groovy:59)
	at com.kms.katalon.core.keyword.builtin.CallTestCaseKeyword$_callTestCase_closure1.call(CallTestCaseKeyword.groovy)
	at com.kms.katalon.core.keyword.internal.KeywordMain.runKeyword(KeywordMain.groovy:75)
	at com.kms.katalon.core.keyword.builtin.CallTestCaseKeyword.callTestCase(CallTestCaseKeyword.groovy:81)
	at com.kms.katalon.core.keyword.builtin.CallTestCaseKeyword.execute(CallTestCaseKeyword.groovy:44)
	at com.kms.katalon.core.keyword.internal.KeywordExecutor.executeKeywordForPlatform(KeywordExecutor.groovy:74)
	at com.kms.katalon.core.keyword.BuiltinKeywords.callTestCase(BuiltinKeywords.groovy:310)
	at SA-002.run(SA-002:20)
	at com.kms.katalon.core.main.ScriptEngine.run(ScriptEngine.java:194)
	at com.kms.katalon.core.main.ScriptEngine.runScriptAsRawText(ScriptEngine.java:119)
	at com.kms.katalon.core.main.TestCaseExecutor.runScript(TestCaseExecutor.java:448)
	at com.kms.katalon.core.main.TestCaseExecutor.doExecute(TestCaseExecutor.java:439)
	at com.kms.katalon.core.main.TestCaseExecutor.processExecutionPhase(TestCaseExecutor.java:418)
	at com.kms.katalon.core.main.TestCaseExecutor.accessMainPhase(TestCaseExecutor.java:410)
	at com.kms.katalon.core.main.TestCaseExecutor.execute(TestCaseExecutor.java:285)
	at com.kms.katalon.core.main.TestCaseMain.runTestCase(TestCaseMain.java:144)
	at com.kms.katalon.core.keyword.builtin.CallTestCaseKeyword$_callTestCase_closure1.doCall(CallTestCaseKeyword.groovy:59)
	at com.kms.katalon.core.keyword.builtin.CallTestCaseKeyword$_callTestCase_closure1.call(CallTestCaseKeyword.groovy)
	at com.kms.katalon.core.keyword.internal.KeywordMain.runKeyword(KeywordMain.groovy:75)
	at com.kms.katalon.core.keyword.builtin.CallTestCaseKeyword.callTestCase(CallTestCaseKeyword.groovy:81)
	at com.kms.katalon.core.keyword.builtin.CallTestCaseKeyword.execute(CallTestCaseKeyword.groovy:44)
	at com.kms.katalon.core.keyword.internal.KeywordExecutor.executeKeywordForPlatform(KeywordExecutor.groovy:74)
	at com.kms.katalon.core.keyword.BuiltinKeywords.callTestCase(BuiltinKeywords.groovy:310)
	at SA-005.run(SA-005:20)
	at com.kms.katalon.core.main.ScriptEngine.run(ScriptEngine.java:194)
	at com.kms.katalon.core.main.ScriptEngine.runScriptAsRawText(ScriptEngine.java:119)
	at com.kms.katalon.core.main.TestCaseExecutor.runScript(TestCaseExecutor.java:448)
	at com.kms.katalon.core.main.TestCaseExecutor.doExecute(TestCaseExecutor.java:439)
	at com.kms.katalon.core.main.TestCaseExecutor.processExecutionPhase(TestCaseExecutor.java:418)
	at com.kms.katalon.core.main.TestCaseExecutor.accessMainPhase(TestCaseExecutor.java:410)
	at com.kms.katalon.core.main.TestCaseExecutor.execute(TestCaseExecutor.java:285)
	at com.kms.katalon.core.main.TestCaseMain.runTestCase(TestCaseMain.java:144)
	at com.kms.katalon.core.keyword.builtin.CallTestCaseKeyword$_callTestCase_closure1.doCall(CallTestCaseKeyword.groovy:59)
	at com.kms.katalon.core.keyword.builtin.CallTestCaseKeyword$_callTestCase_closure1.call(CallTestCaseKeyword.groovy)
	at com.kms.katalon.core.keyword.internal.KeywordMain.runKeyword(KeywordMain.groovy:75)
	at com.kms.katalon.core.keyword.builtin.CallTestCaseKeyword.callTestCase(CallTestCaseKeyword.groovy:81)
	at com.kms.katalon.core.keyword.builtin.CallTestCaseKeyword.execute(CallTestCaseKeyword.groovy:44)
	at com.kms.katalon.core.keyword.internal.KeywordExecutor.executeKeywordForPlatform(KeywordExecutor.groovy:74)
	at com.kms.katalon.core.keyword.BuiltinKeywords.callTestCase(BuiltinKeywords.groovy:310)
	at SU-008.run(SU-008:24)
	at com.kms.katalon.core.main.ScriptEngine.run(ScriptEngine.java:194)
	at com.kms.katalon.core.main.ScriptEngine.runScriptAsRawText(ScriptEngine.java:119)
	at com.kms.katalon.core.main.TestCaseExecutor.runScript(TestCaseExecutor.java:448)
	at com.kms.katalon.core.main.TestCaseExecutor.doExecute(TestCaseExecutor.java:439)
	at com.kms.katalon.core.main.TestCaseExecutor.processExecutionPhase(TestCaseExecutor.java:418)
	at com.kms.katalon.core.main.TestCaseExecutor.accessMainPhase(TestCaseExecutor.java:410)
	at com.kms.katalon.core.main.TestCaseExecutor.execute(TestCaseExecutor.java:285)
	at com.kms.katalon.core.common.CommonExecutor.accessTestCaseMainPhase(CommonExecutor.java:65)
	at com.kms.katalon.core.main.TestSuiteExecutor.accessTestSuiteMainPhase(TestSuiteExecutor.java:148)
	at com.kms.katalon.core.main.TestSuiteExecutor.execute(TestSuiteExecutor.java:106)
	at com.kms.katalon.core.main.TestCaseMain.startTestSuite(TestCaseMain.java:187)
	at com.kms.katalon.core.main.TestCaseMain$startTestSuite$0.call(Unknown Source)
	at TempTestSuite1696424348948.run(TempTestSuite1696424348948.groovy:36)
Caused by: com.kms.katalon.core.exception.StepFailedException: Unable to click on object 'Object Repository/Konfirmasi pesanan shop/Konfirmasi Orders'
	at com.kms.katalon.core.webui.keyword.internal.WebUIKeywordMain.stepFailed(WebUIKeywordMain.groovy:64)
	at com.kms.katalon.core.webui.keyword.internal.WebUIKeywordMain.runKeyword(WebUIKeywordMain.groovy:26)
	at com.kms.katalon.core.webui.keyword.builtin.ClickKeyword.click(ClickKeyword.groovy:74)
	at com.kms.katalon.core.webui.keyword.builtin.ClickKeyword.execute(ClickKeyword.groovy:40)
	at com.kms.katalon.core.keyword.internal.KeywordExecutor.executeKeywordForPlatform(KeywordExecutor.groovy:74)
	at com.kms.katalon.core.webui.keyword.WebUiBuiltInKeywords.click(WebUiBuiltInKeywords.groovy:620)
	at com.kms.katalon.core.webui.keyword.WebUiBuiltInKeywords$click$2.call(Unknown Source)
	at PBY-004.run(PBY-004:33)
	at com.kms.katalon.core.main.ScriptEngine.run(ScriptEngine.java:194)
	at com.kms.katalon.core.main.ScriptEngine.runScriptAsRawText(ScriptEngine.java:119)
	at com.kms.katalon.core.main.TestCaseExecutor.runScript(TestCaseExecutor.java:448)
	at com.kms.katalon.core.main.TestCaseExecutor.doExecute(TestCaseExecutor.java:439)
	at com.kms.katalon.core.main.TestCaseExecutor.processExecutionPhase(TestCaseExecutor.java:418)
	at com.kms.katalon.core.main.TestCaseExecutor.accessMainPhase(TestCaseExecutor.java:410)
	at com.kms.katalon.core.main.TestCaseExecutor.execute(TestCaseExecutor.java:285)
	at com.kms.katalon.core.main.TestCaseMain.runTestCase(TestCaseMain.java:144)
	at com.kms.katalon.core.keyword.builtin.CallTestCaseKeyword$_callTestCase_closure1.doCall(CallTestCaseKeyword.groovy:59)
	... 84 more
Caused by: org.openqa.selenium.ElementNotInteractableException: Element <a href="https://10.9.2.63/ecommerce/konfirmasi"> could not be scrolled into view
Build info: version: '3.141.59', revision: 'e82be7d358', time: '2018-11-14T08:25:53'
System info: host: 'DESKTOP-H62FVJ8', ip: '10.9.2.72', os.name: 'Windows 10', os.arch: 'amd64', os.version: '10.0', java.version: '1.8.0_362'
Driver info: com.kms.katalon.core.webui.driver.firefox.CGeckoDriver
Capabilities {acceptInsecureCerts: true, browserName: firefox, browserVersion: 117.0.1, javascriptEnabled: true, moz:accessibilityChecks: false, moz:buildID: 20230912013654, moz:geckodriverVersion: 0.33.0, moz:headless: false, moz:platformVersion: 10.0, moz:processID: 2944, moz:profile: C:\Users\IRFAN\AppData\Loca..., moz:shutdownTimeout: 60000, moz:webdriverClick: true, moz:windowless: false, pageLoadStrategy: normal, platform: WINDOWS, platformName: WINDOWS, proxy: Proxy(direct), setWindowRect: true, strictFileInteractability: false, timeouts: {implicit: 0, pageLoad: 300000, script: 30000}, unhandledPromptBehavior: dismiss and notify}
Session ID: dc809d9c-364c-4b58-b2e8-d34ffd60a16a
	at org.openqa.selenium.remote.http.W3CHttpResponseCodec.createException(W3CHttpResponseCodec.java:187)
	at org.openqa.selenium.remote.http.W3CHttpResponseCodec.decode(W3CHttpResponseCodec.java:122)
	at org.openqa.selenium.remote.http.W3CHttpResponseCodec.decode(W3CHttpResponseCodec.java:49)
	at org.openqa.selenium.remote.HttpCommandExecutor.execute(HttpCommandExecutor.java:158)
	at org.openqa.selenium.remote.service.DriverCommandExecutor.execute(DriverCommandExecutor.java:83)
	at org.openqa.selenium.remote.RemoteWebDriver.execute(RemoteWebDriver.java:552)
	at com.kms.katalon.selenium.driver.CFirefoxDriver.execute(CFirefoxDriver.java:27)
	at org.openqa.selenium.remote.RemoteWebElement.execute(RemoteWebElement.java:285)
	at org.openqa.selenium.remote.RemoteWebElement.click(RemoteWebElement.java:84)
	at org.openqa.selenium.support.events.EventFiringWebDriver$EventFiringWebElement.lambda$new$0(EventFiringWebDriver.java:404)
	at com.sun.proxy.$Proxy11.click(Unknown Source)
	at org.openqa.selenium.support.events.EventFiringWebDriver$EventFiringWebElement.click(EventFiringWebDriver.java:417)
	at org.openqa.selenium.WebElement$click.call(Unknown Source)
	at com.kms.katalon.core.webui.keyword.builtin.ClickKeyword.clickUntilSuccessWithTimeout(ClickKeyword.groovy:81)
	at com.kms.katalon.core.webui.keyword.builtin.ClickKeyword.clickUntilSuccessWithTimeout(ClickKeyword.groovy)
	at com.kms.katalon.core.webui.keyword.builtin.ClickKeyword$_click_closure1.doCall(ClickKeyword.groovy:67)
	at com.kms.katalon.core.webui.keyword.builtin.ClickKeyword$_click_closure1.call(ClickKeyword.groovy)
	at com.kms.katalon.core.webui.keyword.internal.WebUIKeywordMain.runKeyword(WebUIKeywordMain.groovy:20)
	... 99 more
)

2023-10-04 20:52:13 - [MESSAGE][FAILED] - Unable to call Test Case 'Test Cases/T13 Pembelian, Shipment dan Pembayaran/PBYA-001' (Root cause: com.kms.katalon.core.exception.StepFailedException: Call Test Case 'Test Cases/T13 Pembelian, Shipment dan Pembayaran/PBYA-001' failed
	at com.kms.katalon.core.keyword.builtin.CallTestCaseKeyword$_callTestCase_closure1.doCall(CallTestCaseKeyword.groovy:63)
	at com.kms.katalon.core.keyword.builtin.CallTestCaseKeyword$_callTestCase_closure1.call(CallTestCaseKeyword.groovy)
	at com.kms.katalon.core.keyword.internal.KeywordMain.runKeyword(KeywordMain.groovy:75)
	at com.kms.katalon.core.keyword.builtin.CallTestCaseKeyword.callTestCase(CallTestCaseKeyword.groovy:81)
	at com.kms.katalon.core.keyword.builtin.CallTestCaseKeyword.execute(CallTestCaseKeyword.groovy:44)
	at com.kms.katalon.core.keyword.internal.KeywordExecutor.executeKeywordForPlatform(KeywordExecutor.groovy:74)
	at com.kms.katalon.core.keyword.BuiltinKeywords.callTestCase(BuiltinKeywords.groovy:310)
	at SA-001.run(SA-001:20)
	at com.kms.katalon.core.main.ScriptEngine.run(ScriptEngine.java:194)
	at com.kms.katalon.core.main.ScriptEngine.runScriptAsRawText(ScriptEngine.java:119)
	at com.kms.katalon.core.main.TestCaseExecutor.runScript(TestCaseExecutor.java:448)
	at com.kms.katalon.core.main.TestCaseExecutor.doExecute(TestCaseExecutor.java:439)
	at com.kms.katalon.core.main.TestCaseExecutor.processExecutionPhase(TestCaseExecutor.java:418)
	at com.kms.katalon.core.main.TestCaseExecutor.accessMainPhase(TestCaseExecutor.java:410)
	at com.kms.katalon.core.main.TestCaseExecutor.execute(TestCaseExecutor.java:285)
	at com.kms.katalon.core.main.TestCaseMain.runTestCase(TestCaseMain.java:144)
	at com.kms.katalon.core.keyword.builtin.CallTestCaseKeyword$_callTestCase_closure1.doCall(CallTestCaseKeyword.groovy:59)
	at com.kms.katalon.core.keyword.builtin.CallTestCaseKeyword$_callTestCase_closure1.call(CallTestCaseKeyword.groovy)
	at com.kms.katalon.core.keyword.internal.KeywordMain.runKeyword(KeywordMain.groovy:75)
	at com.kms.katalon.core.keyword.builtin.CallTestCaseKeyword.callTestCase(CallTestCaseKeyword.groovy:81)
	at com.kms.katalon.core.keyword.builtin.CallTestCaseKeyword.execute(CallTestCaseKeyword.groovy:44)
	at com.kms.katalon.core.keyword.internal.KeywordExecutor.executeKeywordForPlatform(KeywordExecutor.groovy:74)
	at com.kms.katalon.core.keyword.BuiltinKeywords.callTestCase(BuiltinKeywords.groovy:310)
	at SA-002.run(SA-002:20)
	at com.kms.katalon.core.main.ScriptEngine.run(ScriptEngine.java:194)
	at com.kms.katalon.core.main.ScriptEngine.runScriptAsRawText(ScriptEngine.java:119)
	at com.kms.katalon.core.main.TestCaseExecutor.runScript(TestCaseExecutor.java:448)
	at com.kms.katalon.core.main.TestCaseExecutor.doExecute(TestCaseExecutor.java:439)
	at com.kms.katalon.core.main.TestCaseExecutor.processExecutionPhase(TestCaseExecutor.java:418)
	at com.kms.katalon.core.main.TestCaseExecutor.accessMainPhase(TestCaseExecutor.java:410)
	at com.kms.katalon.core.main.TestCaseExecutor.execute(TestCaseExecutor.java:285)
	at com.kms.katalon.core.main.TestCaseMain.runTestCase(TestCaseMain.java:144)
	at com.kms.katalon.core.keyword.builtin.CallTestCaseKeyword$_callTestCase_closure1.doCall(CallTestCaseKeyword.groovy:59)
	at com.kms.katalon.core.keyword.builtin.CallTestCaseKeyword$_callTestCase_closure1.call(CallTestCaseKeyword.groovy)
	at com.kms.katalon.core.keyword.internal.KeywordMain.runKeyword(KeywordMain.groovy:75)
	at com.kms.katalon.core.keyword.builtin.CallTestCaseKeyword.callTestCase(CallTestCaseKeyword.groovy:81)
	at com.kms.katalon.core.keyword.builtin.CallTestCaseKeyword.execute(CallTestCaseKeyword.groovy:44)
	at com.kms.katalon.core.keyword.internal.KeywordExecutor.executeKeywordForPlatform(KeywordExecutor.groovy:74)
	at com.kms.katalon.core.keyword.BuiltinKeywords.callTestCase(BuiltinKeywords.groovy:310)
	at SA-005.run(SA-005:20)
	at com.kms.katalon.core.main.ScriptEngine.run(ScriptEngine.java:194)
	at com.kms.katalon.core.main.ScriptEngine.runScriptAsRawText(ScriptEngine.java:119)
	at com.kms.katalon.core.main.TestCaseExecutor.runScript(TestCaseExecutor.java:448)
	at com.kms.katalon.core.main.TestCaseExecutor.doExecute(TestCaseExecutor.java:439)
	at com.kms.katalon.core.main.TestCaseExecutor.processExecutionPhase(TestCaseExecutor.java:418)
	at com.kms.katalon.core.main.TestCaseExecutor.accessMainPhase(TestCaseExecutor.java:410)
	at com.kms.katalon.core.main.TestCaseExecutor.execute(TestCaseExecutor.java:285)
	at com.kms.katalon.core.main.TestCaseMain.runTestCase(TestCaseMain.java:144)
	at com.kms.katalon.core.keyword.builtin.CallTestCaseKeyword$_callTestCase_closure1.doCall(CallTestCaseKeyword.groovy:59)
	at com.kms.katalon.core.keyword.builtin.CallTestCaseKeyword$_callTestCase_closure1.call(CallTestCaseKeyword.groovy)
	at com.kms.katalon.core.keyword.internal.KeywordMain.runKeyword(KeywordMain.groovy:75)
	at com.kms.katalon.core.keyword.builtin.CallTestCaseKeyword.callTestCase(CallTestCaseKeyword.groovy:81)
	at com.kms.katalon.core.keyword.builtin.CallTestCaseKeyword.execute(CallTestCaseKeyword.groovy:44)
	at com.kms.katalon.core.keyword.internal.KeywordExecutor.executeKeywordForPlatform(KeywordExecutor.groovy:74)
	at com.kms.katalon.core.keyword.BuiltinKeywords.callTestCase(BuiltinKeywords.groovy:310)
	at SU-008.run(SU-008:24)
	at com.kms.katalon.core.main.ScriptEngine.run(ScriptEngine.java:194)
	at com.kms.katalon.core.main.ScriptEngine.runScriptAsRawText(ScriptEngine.java:119)
	at com.kms.katalon.core.main.TestCaseExecutor.runScript(TestCaseExecutor.java:448)
	at com.kms.katalon.core.main.TestCaseExecutor.doExecute(TestCaseExecutor.java:439)
	at com.kms.katalon.core.main.TestCaseExecutor.processExecutionPhase(TestCaseExecutor.java:418)
	at com.kms.katalon.core.main.TestCaseExecutor.accessMainPhase(TestCaseExecutor.java:410)
	at com.kms.katalon.core.main.TestCaseExecutor.execute(TestCaseExecutor.java:285)
	at com.kms.katalon.core.common.CommonExecutor.accessTestCaseMainPhase(CommonExecutor.java:65)
	at com.kms.katalon.core.main.TestSuiteExecutor.accessTestSuiteMainPhase(TestSuiteExecutor.java:148)
	at com.kms.katalon.core.main.TestSuiteExecutor.execute(TestSuiteExecutor.java:106)
	at com.kms.katalon.core.main.TestCaseMain.startTestSuite(TestCaseMain.java:187)
	at com.kms.katalon.core.main.TestCaseMain$startTestSuite$0.call(Unknown Source)
	at TempTestSuite1696424348948.run(TempTestSuite1696424348948.groovy:36)
Caused by: com.kms.katalon.core.exception.StepFailedException: Call Test Case 'Test Cases/T13 Pembelian, Shipment dan Pembayaran/PBY-004' failed
	at com.kms.katalon.core.keyword.builtin.CallTestCaseKeyword$_callTestCase_closure1.doCall(CallTestCaseKeyword.groovy:63)
	at com.kms.katalon.core.keyword.builtin.CallTestCaseKeyword$_callTestCase_closure1.call(CallTestCaseKeyword.groovy)
	at com.kms.katalon.core.keyword.internal.KeywordMain.runKeyword(KeywordMain.groovy:75)
	at com.kms.katalon.core.keyword.builtin.CallTestCaseKeyword.callTestCase(CallTestCaseKeyword.groovy:81)
	at com.kms.katalon.core.keyword.builtin.CallTestCaseKeyword.execute(CallTestCaseKeyword.groovy:44)
	at com.kms.katalon.core.keyword.internal.KeywordExecutor.executeKeywordForPlatform(KeywordExecutor.groovy:74)
	at com.kms.katalon.core.keyword.BuiltinKeywords.callTestCase(BuiltinKeywords.groovy:310)
	at PBYA-001.run(PBYA-001:20)
	at com.kms.katalon.core.main.ScriptEngine.run(ScriptEngine.java:194)
	at com.kms.katalon.core.main.ScriptEngine.runScriptAsRawText(ScriptEngine.java:119)
	at com.kms.katalon.core.main.TestCaseExecutor.runScript(TestCaseExecutor.java:448)
	at com.kms.katalon.core.main.TestCaseExecutor.doExecute(TestCaseExecutor.java:439)
	at com.kms.katalon.core.main.TestCaseExecutor.processExecutionPhase(TestCaseExecutor.java:418)
	at com.kms.katalon.core.main.TestCaseExecutor.accessMainPhase(TestCaseExecutor.java:410)
	at com.kms.katalon.core.main.TestCaseExecutor.execute(TestCaseExecutor.java:285)
	at com.kms.katalon.core.main.TestCaseMain.runTestCase(TestCaseMain.java:144)
	at com.kms.katalon.core.keyword.builtin.CallTestCaseKeyword$_callTestCase_closure1.doCall(CallTestCaseKeyword.groovy:59)
	... 68 more
Caused by: com.kms.katalon.core.exception.StepFailedException: Unable to click on object 'Object Repository/Konfirmasi pesanan shop/Konfirmasi Orders'
	at com.kms.katalon.core.webui.keyword.internal.WebUIKeywordMain.stepFailed(WebUIKeywordMain.groovy:64)
	at com.kms.katalon.core.webui.keyword.internal.WebUIKeywordMain.runKeyword(WebUIKeywordMain.groovy:26)
	at com.kms.katalon.core.webui.keyword.builtin.ClickKeyword.click(ClickKeyword.groovy:74)
	at com.kms.katalon.core.webui.keyword.builtin.ClickKeyword.execute(ClickKeyword.groovy:40)
	at com.kms.katalon.core.keyword.internal.KeywordExecutor.executeKeywordForPlatform(KeywordExecutor.groovy:74)
	at com.kms.katalon.core.webui.keyword.WebUiBuiltInKeywords.click(WebUiBuiltInKeywords.groovy:620)
	at com.kms.katalon.core.webui.keyword.WebUiBuiltInKeywords$click$2.call(Unknown Source)
	at PBY-004.run(PBY-004:33)
	at com.kms.katalon.core.main.ScriptEngine.run(ScriptEngine.java:194)
	at com.kms.katalon.core.main.ScriptEngine.runScriptAsRawText(ScriptEngine.java:119)
	at com.kms.katalon.core.main.TestCaseExecutor.runScript(TestCaseExecutor.java:448)
	at com.kms.katalon.core.main.TestCaseExecutor.doExecute(TestCaseExecutor.java:439)
	at com.kms.katalon.core.main.TestCaseExecutor.processExecutionPhase(TestCaseExecutor.java:418)
	at com.kms.katalon.core.main.TestCaseExecutor.accessMainPhase(TestCaseExecutor.java:410)
	at com.kms.katalon.core.main.TestCaseExecutor.execute(TestCaseExecutor.java:285)
	at com.kms.katalon.core.main.TestCaseMain.runTestCase(TestCaseMain.java:144)
	at com.kms.katalon.core.keyword.builtin.CallTestCaseKeyword$_callTestCase_closure1.doCall(CallTestCaseKeyword.groovy:59)
	... 84 more
Caused by: org.openqa.selenium.ElementNotInteractableException: Element <a href="https://10.9.2.63/ecommerce/konfirmasi"> could not be scrolled into view
Build info: version: '3.141.59', revision: 'e82be7d358', time: '2018-11-14T08:25:53'
System info: host: 'DESKTOP-H62FVJ8', ip: '10.9.2.72', os.name: 'Windows 10', os.arch: 'amd64', os.version: '10.0', java.version: '1.8.0_362'
Driver info: com.kms.katalon.core.webui.driver.firefox.CGeckoDriver
Capabilities {acceptInsecureCerts: true, browserName: firefox, browserVersion: 117.0.1, javascriptEnabled: true, moz:accessibilityChecks: false, moz:buildID: 20230912013654, moz:geckodriverVersion: 0.33.0, moz:headless: false, moz:platformVersion: 10.0, moz:processID: 2944, moz:profile: C:\Users\IRFAN\AppData\Loca..., moz:shutdownTimeout: 60000, moz:webdriverClick: true, moz:windowless: false, pageLoadStrategy: normal, platform: WINDOWS, platformName: WINDOWS, proxy: Proxy(direct), setWindowRect: true, strictFileInteractability: false, timeouts: {implicit: 0, pageLoad: 300000, script: 30000}, unhandledPromptBehavior: dismiss and notify}
Session ID: dc809d9c-364c-4b58-b2e8-d34ffd60a16a
	at org.openqa.selenium.remote.http.W3CHttpResponseCodec.createException(W3CHttpResponseCodec.java:187)
	at org.openqa.selenium.remote.http.W3CHttpResponseCodec.decode(W3CHttpResponseCodec.java:122)
	at org.openqa.selenium.remote.http.W3CHttpResponseCodec.decode(W3CHttpResponseCodec.java:49)
	at org.openqa.selenium.remote.HttpCommandExecutor.execute(HttpCommandExecutor.java:158)
	at org.openqa.selenium.remote.service.DriverCommandExecutor.execute(DriverCommandExecutor.java:83)
	at org.openqa.selenium.remote.RemoteWebDriver.execute(RemoteWebDriver.java:552)
	at com.kms.katalon.selenium.driver.CFirefoxDriver.execute(CFirefoxDriver.java:27)
	at org.openqa.selenium.remote.RemoteWebElement.execute(RemoteWebElement.java:285)
	at org.openqa.selenium.remote.RemoteWebElement.click(RemoteWebElement.java:84)
	at org.openqa.selenium.support.events.EventFiringWebDriver$EventFiringWebElement.lambda$new$0(EventFiringWebDriver.java:404)
	at com.sun.proxy.$Proxy11.click(Unknown Source)
	at org.openqa.selenium.support.events.EventFiringWebDriver$EventFiringWebElement.click(EventFiringWebDriver.java:417)
	at org.openqa.selenium.WebElement$click.call(Unknown Source)
	at com.kms.katalon.core.webui.keyword.builtin.ClickKeyword.clickUntilSuccessWithTimeout(ClickKeyword.groovy:81)
	at com.kms.katalon.core.webui.keyword.builtin.ClickKeyword.clickUntilSuccessWithTimeout(ClickKeyword.groovy)
	at com.kms.katalon.core.webui.keyword.builtin.ClickKeyword$_click_closure1.doCall(ClickKeyword.groovy:67)
	at com.kms.katalon.core.webui.keyword.builtin.ClickKeyword$_click_closure1.call(ClickKeyword.groovy)
	at com.kms.katalon.core.webui.keyword.internal.WebUIKeywordMain.runKeyword(WebUIKeywordMain.groovy:20)
	... 99 more
)

2023-10-04 20:52:13 - [MESSAGE][FAILED] - Unable to call Test Case 'Test Cases/T13 Pembelian, Shipment dan Pembayaran/SA-001' (Root cause: com.kms.katalon.core.exception.StepFailedException: Call Test Case 'Test Cases/T13 Pembelian, Shipment dan Pembayaran/SA-001' failed
	at com.kms.katalon.core.keyword.builtin.CallTestCaseKeyword$_callTestCase_closure1.doCall(CallTestCaseKeyword.groovy:63)
	at com.kms.katalon.core.keyword.builtin.CallTestCaseKeyword$_callTestCase_closure1.call(CallTestCaseKeyword.groovy)
	at com.kms.katalon.core.keyword.internal.KeywordMain.runKeyword(KeywordMain.groovy:75)
	at com.kms.katalon.core.keyword.builtin.CallTestCaseKeyword.callTestCase(CallTestCaseKeyword.groovy:81)
	at com.kms.katalon.core.keyword.builtin.CallTestCaseKeyword.execute(CallTestCaseKeyword.groovy:44)
	at com.kms.katalon.core.keyword.internal.KeywordExecutor.executeKeywordForPlatform(KeywordExecutor.groovy:74)
	at com.kms.katalon.core.keyword.BuiltinKeywords.callTestCase(BuiltinKeywords.groovy:310)
	at SA-002.run(SA-002:20)
	at com.kms.katalon.core.main.ScriptEngine.run(ScriptEngine.java:194)
	at com.kms.katalon.core.main.ScriptEngine.runScriptAsRawText(ScriptEngine.java:119)
	at com.kms.katalon.core.main.TestCaseExecutor.runScript(TestCaseExecutor.java:448)
	at com.kms.katalon.core.main.TestCaseExecutor.doExecute(TestCaseExecutor.java:439)
	at com.kms.katalon.core.main.TestCaseExecutor.processExecutionPhase(TestCaseExecutor.java:418)
	at com.kms.katalon.core.main.TestCaseExecutor.accessMainPhase(TestCaseExecutor.java:410)
	at com.kms.katalon.core.main.TestCaseExecutor.execute(TestCaseExecutor.java:285)
	at com.kms.katalon.core.main.TestCaseMain.runTestCase(TestCaseMain.java:144)
	at com.kms.katalon.core.keyword.builtin.CallTestCaseKeyword$_callTestCase_closure1.doCall(CallTestCaseKeyword.groovy:59)
	at com.kms.katalon.core.keyword.builtin.CallTestCaseKeyword$_callTestCase_closure1.call(CallTestCaseKeyword.groovy)
	at com.kms.katalon.core.keyword.internal.KeywordMain.runKeyword(KeywordMain.groovy:75)
	at com.kms.katalon.core.keyword.builtin.CallTestCaseKeyword.callTestCase(CallTestCaseKeyword.groovy:81)
	at com.kms.katalon.core.keyword.builtin.CallTestCaseKeyword.execute(CallTestCaseKeyword.groovy:44)
	at com.kms.katalon.core.keyword.internal.KeywordExecutor.executeKeywordForPlatform(KeywordExecutor.groovy:74)
	at com.kms.katalon.core.keyword.BuiltinKeywords.callTestCase(BuiltinKeywords.groovy:310)
	at SA-005.run(SA-005:20)
	at com.kms.katalon.core.main.ScriptEngine.run(ScriptEngine.java:194)
	at com.kms.katalon.core.main.ScriptEngine.runScriptAsRawText(ScriptEngine.java:119)
	at com.kms.katalon.core.main.TestCaseExecutor.runScript(TestCaseExecutor.java:448)
	at com.kms.katalon.core.main.TestCaseExecutor.doExecute(TestCaseExecutor.java:439)
	at com.kms.katalon.core.main.TestCaseExecutor.processExecutionPhase(TestCaseExecutor.java:418)
	at com.kms.katalon.core.main.TestCaseExecutor.accessMainPhase(TestCaseExecutor.java:410)
	at com.kms.katalon.core.main.TestCaseExecutor.execute(TestCaseExecutor.java:285)
	at com.kms.katalon.core.main.TestCaseMain.runTestCase(TestCaseMain.java:144)
	at com.kms.katalon.core.keyword.builtin.CallTestCaseKeyword$_callTestCase_closure1.doCall(CallTestCaseKeyword.groovy:59)
	at com.kms.katalon.core.keyword.builtin.CallTestCaseKeyword$_callTestCase_closure1.call(CallTestCaseKeyword.groovy)
	at com.kms.katalon.core.keyword.internal.KeywordMain.runKeyword(KeywordMain.groovy:75)
	at com.kms.katalon.core.keyword.builtin.CallTestCaseKeyword.callTestCase(CallTestCaseKeyword.groovy:81)
	at com.kms.katalon.core.keyword.builtin.CallTestCaseKeyword.execute(CallTestCaseKeyword.groovy:44)
	at com.kms.katalon.core.keyword.internal.KeywordExecutor.executeKeywordForPlatform(KeywordExecutor.groovy:74)
	at com.kms.katalon.core.keyword.BuiltinKeywords.callTestCase(BuiltinKeywords.groovy:310)
	at SU-008.run(SU-008:24)
	at com.kms.katalon.core.main.ScriptEngine.run(ScriptEngine.java:194)
	at com.kms.katalon.core.main.ScriptEngine.runScriptAsRawText(ScriptEngine.java:119)
	at com.kms.katalon.core.main.TestCaseExecutor.runScript(TestCaseExecutor.java:448)
	at com.kms.katalon.core.main.TestCaseExecutor.doExecute(TestCaseExecutor.java:439)
	at com.kms.katalon.core.main.TestCaseExecutor.processExecutionPhase(TestCaseExecutor.java:418)
	at com.kms.katalon.core.main.TestCaseExecutor.accessMainPhase(TestCaseExecutor.java:410)
	at com.kms.katalon.core.main.TestCaseExecutor.execute(TestCaseExecutor.java:285)
	at com.kms.katalon.core.common.CommonExecutor.accessTestCaseMainPhase(CommonExecutor.java:65)
	at com.kms.katalon.core.main.TestSuiteExecutor.accessTestSuiteMainPhase(TestSuiteExecutor.java:148)
	at com.kms.katalon.core.main.TestSuiteExecutor.execute(TestSuiteExecutor.java:106)
	at com.kms.katalon.core.main.TestCaseMain.startTestSuite(TestCaseMain.java:187)
	at com.kms.katalon.core.main.TestCaseMain$startTestSuite$0.call(Unknown Source)
	at TempTestSuite1696424348948.run(TempTestSuite1696424348948.groovy:36)
Caused by: com.kms.katalon.core.exception.StepFailedException: Call Test Case 'Test Cases/T13 Pembelian, Shipment dan Pembayaran/PBYA-001' failed
	at com.kms.katalon.core.keyword.builtin.CallTestCaseKeyword$_callTestCase_closure1.doCall(CallTestCaseKeyword.groovy:63)
	at com.kms.katalon.core.keyword.builtin.CallTestCaseKeyword$_callTestCase_closure1.call(CallTestCaseKeyword.groovy)
	at com.kms.katalon.core.keyword.internal.KeywordMain.runKeyword(KeywordMain.groovy:75)
	at com.kms.katalon.core.keyword.builtin.CallTestCaseKeyword.callTestCase(CallTestCaseKeyword.groovy:81)
	at com.kms.katalon.core.keyword.builtin.CallTestCaseKeyword.execute(CallTestCaseKeyword.groovy:44)
	at com.kms.katalon.core.keyword.internal.KeywordExecutor.executeKeywordForPlatform(KeywordExecutor.groovy:74)
	at com.kms.katalon.core.keyword.BuiltinKeywords.callTestCase(BuiltinKeywords.groovy:310)
	at SA-001.run(SA-001:20)
	at com.kms.katalon.core.main.ScriptEngine.run(ScriptEngine.java:194)
	at com.kms.katalon.core.main.ScriptEngine.runScriptAsRawText(ScriptEngine.java:119)
	at com.kms.katalon.core.main.TestCaseExecutor.runScript(TestCaseExecutor.java:448)
	at com.kms.katalon.core.main.TestCaseExecutor.doExecute(TestCaseExecutor.java:439)
	at com.kms.katalon.core.main.TestCaseExecutor.processExecutionPhase(TestCaseExecutor.java:418)
	at com.kms.katalon.core.main.TestCaseExecutor.accessMainPhase(TestCaseExecutor.java:410)
	at com.kms.katalon.core.main.TestCaseExecutor.execute(TestCaseExecutor.java:285)
	at com.kms.katalon.core.main.TestCaseMain.runTestCase(TestCaseMain.java:144)
	at com.kms.katalon.core.keyword.builtin.CallTestCaseKeyword$_callTestCase_closure1.doCall(CallTestCaseKeyword.groovy:59)
	... 52 more
Caused by: com.kms.katalon.core.exception.StepFailedException: Call Test Case 'Test Cases/T13 Pembelian, Shipment dan Pembayaran/PBY-004' failed
	at com.kms.katalon.core.keyword.builtin.CallTestCaseKeyword$_callTestCase_closure1.doCall(CallTestCaseKeyword.groovy:63)
	at com.kms.katalon.core.keyword.builtin.CallTestCaseKeyword$_callTestCase_closure1.call(CallTestCaseKeyword.groovy)
	at com.kms.katalon.core.keyword.internal.KeywordMain.runKeyword(KeywordMain.groovy:75)
	at com.kms.katalon.core.keyword.builtin.CallTestCaseKeyword.callTestCase(CallTestCaseKeyword.groovy:81)
	at com.kms.katalon.core.keyword.builtin.CallTestCaseKeyword.execute(CallTestCaseKeyword.groovy:44)
	at com.kms.katalon.core.keyword.internal.KeywordExecutor.executeKeywordForPlatform(KeywordExecutor.groovy:74)
	at com.kms.katalon.core.keyword.BuiltinKeywords.callTestCase(BuiltinKeywords.groovy:310)
	at PBYA-001.run(PBYA-001:20)
	at com.kms.katalon.core.main.ScriptEngine.run(ScriptEngine.java:194)
	at com.kms.katalon.core.main.ScriptEngine.runScriptAsRawText(ScriptEngine.java:119)
	at com.kms.katalon.core.main.TestCaseExecutor.runScript(TestCaseExecutor.java:448)
	at com.kms.katalon.core.main.TestCaseExecutor.doExecute(TestCaseExecutor.java:439)
	at com.kms.katalon.core.main.TestCaseExecutor.processExecutionPhase(TestCaseExecutor.java:418)
	at com.kms.katalon.core.main.TestCaseExecutor.accessMainPhase(TestCaseExecutor.java:410)
	at com.kms.katalon.core.main.TestCaseExecutor.execute(TestCaseExecutor.java:285)
	at com.kms.katalon.core.main.TestCaseMain.runTestCase(TestCaseMain.java:144)
	at com.kms.katalon.core.keyword.builtin.CallTestCaseKeyword$_callTestCase_closure1.doCall(CallTestCaseKeyword.groovy:59)
	... 68 more
Caused by: com.kms.katalon.core.exception.StepFailedException: Unable to click on object 'Object Repository/Konfirmasi pesanan shop/Konfirmasi Orders'
	at com.kms.katalon.core.webui.keyword.internal.WebUIKeywordMain.stepFailed(WebUIKeywordMain.groovy:64)
	at com.kms.katalon.core.webui.keyword.internal.WebUIKeywordMain.runKeyword(WebUIKeywordMain.groovy:26)
	at com.kms.katalon.core.webui.keyword.builtin.ClickKeyword.click(ClickKeyword.groovy:74)
	at com.kms.katalon.core.webui.keyword.builtin.ClickKeyword.execute(ClickKeyword.groovy:40)
	at com.kms.katalon.core.keyword.internal.KeywordExecutor.executeKeywordForPlatform(KeywordExecutor.groovy:74)
	at com.kms.katalon.core.webui.keyword.WebUiBuiltInKeywords.click(WebUiBuiltInKeywords.groovy:620)
	at com.kms.katalon.core.webui.keyword.WebUiBuiltInKeywords$click$2.call(Unknown Source)
	at PBY-004.run(PBY-004:33)
	at com.kms.katalon.core.main.ScriptEngine.run(ScriptEngine.java:194)
	at com.kms.katalon.core.main.ScriptEngine.runScriptAsRawText(ScriptEngine.java:119)
	at com.kms.katalon.core.main.TestCaseExecutor.runScript(TestCaseExecutor.java:448)
	at com.kms.katalon.core.main.TestCaseExecutor.doExecute(TestCaseExecutor.java:439)
	at com.kms.katalon.core.main.TestCaseExecutor.processExecutionPhase(TestCaseExecutor.java:418)
	at com.kms.katalon.core.main.TestCaseExecutor.accessMainPhase(TestCaseExecutor.java:410)
	at com.kms.katalon.core.main.TestCaseExecutor.execute(TestCaseExecutor.java:285)
	at com.kms.katalon.core.main.TestCaseMain.runTestCase(TestCaseMain.java:144)
	at com.kms.katalon.core.keyword.builtin.CallTestCaseKeyword$_callTestCase_closure1.doCall(CallTestCaseKeyword.groovy:59)
	... 84 more
Caused by: org.openqa.selenium.ElementNotInteractableException: Element <a href="https://10.9.2.63/ecommerce/konfirmasi"> could not be scrolled into view
Build info: version: '3.141.59', revision: 'e82be7d358', time: '2018-11-14T08:25:53'
System info: host: 'DESKTOP-H62FVJ8', ip: '10.9.2.72', os.name: 'Windows 10', os.arch: 'amd64', os.version: '10.0', java.version: '1.8.0_362'
Driver info: com.kms.katalon.core.webui.driver.firefox.CGeckoDriver
Capabilities {acceptInsecureCerts: true, browserName: firefox, browserVersion: 117.0.1, javascriptEnabled: true, moz:accessibilityChecks: false, moz:buildID: 20230912013654, moz:geckodriverVersion: 0.33.0, moz:headless: false, moz:platformVersion: 10.0, moz:processID: 2944, moz:profile: C:\Users\IRFAN\AppData\Loca..., moz:shutdownTimeout: 60000, moz:webdriverClick: true, moz:windowless: false, pageLoadStrategy: normal, platform: WINDOWS, platformName: WINDOWS, proxy: Proxy(direct), setWindowRect: true, strictFileInteractability: false, timeouts: {implicit: 0, pageLoad: 300000, script: 30000}, unhandledPromptBehavior: dismiss and notify}
Session ID: dc809d9c-364c-4b58-b2e8-d34ffd60a16a
	at org.openqa.selenium.remote.http.W3CHttpResponseCodec.createException(W3CHttpResponseCodec.java:187)
	at org.openqa.selenium.remote.http.W3CHttpResponseCodec.decode(W3CHttpResponseCodec.java:122)
	at org.openqa.selenium.remote.http.W3CHttpResponseCodec.decode(W3CHttpResponseCodec.java:49)
	at org.openqa.selenium.remote.HttpCommandExecutor.execute(HttpCommandExecutor.java:158)
	at org.openqa.selenium.remote.service.DriverCommandExecutor.execute(DriverCommandExecutor.java:83)
	at org.openqa.selenium.remote.RemoteWebDriver.execute(RemoteWebDriver.java:552)
	at com.kms.katalon.selenium.driver.CFirefoxDriver.execute(CFirefoxDriver.java:27)
	at org.openqa.selenium.remote.RemoteWebElement.execute(RemoteWebElement.java:285)
	at org.openqa.selenium.remote.RemoteWebElement.click(RemoteWebElement.java:84)
	at org.openqa.selenium.support.events.EventFiringWebDriver$EventFiringWebElement.lambda$new$0(EventFiringWebDriver.java:404)
	at com.sun.proxy.$Proxy11.click(Unknown Source)
	at org.openqa.selenium.support.events.EventFiringWebDriver$EventFiringWebElement.click(EventFiringWebDriver.java:417)
	at org.openqa.selenium.WebElement$click.call(Unknown Source)
	at com.kms.katalon.core.webui.keyword.builtin.ClickKeyword.clickUntilSuccessWithTimeout(ClickKeyword.groovy:81)
	at com.kms.katalon.core.webui.keyword.builtin.ClickKeyword.clickUntilSuccessWithTimeout(ClickKeyword.groovy)
	at com.kms.katalon.core.webui.keyword.builtin.ClickKeyword$_click_closure1.doCall(ClickKeyword.groovy:67)
	at com.kms.katalon.core.webui.keyword.builtin.ClickKeyword$_click_closure1.call(ClickKeyword.groovy)
	at com.kms.katalon.core.webui.keyword.internal.WebUIKeywordMain.runKeyword(WebUIKeywordMain.groovy:20)
	... 99 more
)

2023-10-04 20:52:13 - [MESSAGE][FAILED] - Unable to call Test Case 'Test Cases/T13 Pembelian, Shipment dan Pembayaran/SA-002' (Root cause: com.kms.katalon.core.exception.StepFailedException: Call Test Case 'Test Cases/T13 Pembelian, Shipment dan Pembayaran/SA-002' failed
	at com.kms.katalon.core.keyword.builtin.CallTestCaseKeyword$_callTestCase_closure1.doCall(CallTestCaseKeyword.groovy:63)
	at com.kms.katalon.core.keyword.builtin.CallTestCaseKeyword$_callTestCase_closure1.call(CallTestCaseKeyword.groovy)
	at com.kms.katalon.core.keyword.internal.KeywordMain.runKeyword(KeywordMain.groovy:75)
	at com.kms.katalon.core.keyword.builtin.CallTestCaseKeyword.callTestCase(CallTestCaseKeyword.groovy:81)
	at com.kms.katalon.core.keyword.builtin.CallTestCaseKeyword.execute(CallTestCaseKeyword.groovy:44)
	at com.kms.katalon.core.keyword.internal.KeywordExecutor.executeKeywordForPlatform(KeywordExecutor.groovy:74)
	at com.kms.katalon.core.keyword.BuiltinKeywords.callTestCase(BuiltinKeywords.groovy:310)
	at SA-005.run(SA-005:20)
	at com.kms.katalon.core.main.ScriptEngine.run(ScriptEngine.java:194)
	at com.kms.katalon.core.main.ScriptEngine.runScriptAsRawText(ScriptEngine.java:119)
	at com.kms.katalon.core.main.TestCaseExecutor.runScript(TestCaseExecutor.java:448)
	at com.kms.katalon.core.main.TestCaseExecutor.doExecute(TestCaseExecutor.java:439)
	at com.kms.katalon.core.main.TestCaseExecutor.processExecutionPhase(TestCaseExecutor.java:418)
	at com.kms.katalon.core.main.TestCaseExecutor.accessMainPhase(TestCaseExecutor.java:410)
	at com.kms.katalon.core.main.TestCaseExecutor.execute(TestCaseExecutor.java:285)
	at com.kms.katalon.core.main.TestCaseMain.runTestCase(TestCaseMain.java:144)
	at com.kms.katalon.core.keyword.builtin.CallTestCaseKeyword$_callTestCase_closure1.doCall(CallTestCaseKeyword.groovy:59)
	at com.kms.katalon.core.keyword.builtin.CallTestCaseKeyword$_callTestCase_closure1.call(CallTestCaseKeyword.groovy)
	at com.kms.katalon.core.keyword.internal.KeywordMain.runKeyword(KeywordMain.groovy:75)
	at com.kms.katalon.core.keyword.builtin.CallTestCaseKeyword.callTestCase(CallTestCaseKeyword.groovy:81)
	at com.kms.katalon.core.keyword.builtin.CallTestCaseKeyword.execute(CallTestCaseKeyword.groovy:44)
	at com.kms.katalon.core.keyword.internal.KeywordExecutor.executeKeywordForPlatform(KeywordExecutor.groovy:74)
	at com.kms.katalon.core.keyword.BuiltinKeywords.callTestCase(BuiltinKeywords.groovy:310)
	at SU-008.run(SU-008:24)
	at com.kms.katalon.core.main.ScriptEngine.run(ScriptEngine.java:194)
	at com.kms.katalon.core.main.ScriptEngine.runScriptAsRawText(ScriptEngine.java:119)
	at com.kms.katalon.core.main.TestCaseExecutor.runScript(TestCaseExecutor.java:448)
	at com.kms.katalon.core.main.TestCaseExecutor.doExecute(TestCaseExecutor.java:439)
	at com.kms.katalon.core.main.TestCaseExecutor.processExecutionPhase(TestCaseExecutor.java:418)
	at com.kms.katalon.core.main.TestCaseExecutor.accessMainPhase(TestCaseExecutor.java:410)
	at com.kms.katalon.core.main.TestCaseExecutor.execute(TestCaseExecutor.java:285)
	at com.kms.katalon.core.common.CommonExecutor.accessTestCaseMainPhase(CommonExecutor.java:65)
	at com.kms.katalon.core.main.TestSuiteExecutor.accessTestSuiteMainPhase(TestSuiteExecutor.java:148)
	at com.kms.katalon.core.main.TestSuiteExecutor.execute(TestSuiteExecutor.java:106)
	at com.kms.katalon.core.main.TestCaseMain.startTestSuite(TestCaseMain.java:187)
	at com.kms.katalon.core.main.TestCaseMain$startTestSuite$0.call(Unknown Source)
	at TempTestSuite1696424348948.run(TempTestSuite1696424348948.groovy:36)
Caused by: com.kms.katalon.core.exception.StepFailedException: Call Test Case 'Test Cases/T13 Pembelian, Shipment dan Pembayaran/SA-001' failed
	at com.kms.katalon.core.keyword.builtin.CallTestCaseKeyword$_callTestCase_closure1.doCall(CallTestCaseKeyword.groovy:63)
	at com.kms.katalon.core.keyword.builtin.CallTestCaseKeyword$_callTestCase_closure1.call(CallTestCaseKeyword.groovy)
	at com.kms.katalon.core.keyword.internal.KeywordMain.runKeyword(KeywordMain.groovy:75)
	at com.kms.katalon.core.keyword.builtin.CallTestCaseKeyword.callTestCase(CallTestCaseKeyword.groovy:81)
	at com.kms.katalon.core.keyword.builtin.CallTestCaseKeyword.execute(CallTestCaseKeyword.groovy:44)
	at com.kms.katalon.core.keyword.internal.KeywordExecutor.executeKeywordForPlatform(KeywordExecutor.groovy:74)
	at com.kms.katalon.core.keyword.BuiltinKeywords.callTestCase(BuiltinKeywords.groovy:310)
	at SA-002.run(SA-002:20)
	at com.kms.katalon.core.main.ScriptEngine.run(ScriptEngine.java:194)
	at com.kms.katalon.core.main.ScriptEngine.runScriptAsRawText(ScriptEngine.java:119)
	at com.kms.katalon.core.main.TestCaseExecutor.runScript(TestCaseExecutor.java:448)
	at com.kms.katalon.core.main.TestCaseExecutor.doExecute(TestCaseExecutor.java:439)
	at com.kms.katalon.core.main.TestCaseExecutor.processExecutionPhase(TestCaseExecutor.java:418)
	at com.kms.katalon.core.main.TestCaseExecutor.accessMainPhase(TestCaseExecutor.java:410)
	at com.kms.katalon.core.main.TestCaseExecutor.execute(TestCaseExecutor.java:285)
	at com.kms.katalon.core.main.TestCaseMain.runTestCase(TestCaseMain.java:144)
	at com.kms.katalon.core.keyword.builtin.CallTestCaseKeyword$_callTestCase_closure1.doCall(CallTestCaseKeyword.groovy:59)
	... 36 more
Caused by: com.kms.katalon.core.exception.StepFailedException: Call Test Case 'Test Cases/T13 Pembelian, Shipment dan Pembayaran/PBYA-001' failed
	at com.kms.katalon.core.keyword.builtin.CallTestCaseKeyword$_callTestCase_closure1.doCall(CallTestCaseKeyword.groovy:63)
	at com.kms.katalon.core.keyword.builtin.CallTestCaseKeyword$_callTestCase_closure1.call(CallTestCaseKeyword.groovy)
	at com.kms.katalon.core.keyword.internal.KeywordMain.runKeyword(KeywordMain.groovy:75)
	at com.kms.katalon.core.keyword.builtin.CallTestCaseKeyword.callTestCase(CallTestCaseKeyword.groovy:81)
	at com.kms.katalon.core.keyword.builtin.CallTestCaseKeyword.execute(CallTestCaseKeyword.groovy:44)
	at com.kms.katalon.core.keyword.internal.KeywordExecutor.executeKeywordForPlatform(KeywordExecutor.groovy:74)
	at com.kms.katalon.core.keyword.BuiltinKeywords.callTestCase(BuiltinKeywords.groovy:310)
	at SA-001.run(SA-001:20)
	at com.kms.katalon.core.main.ScriptEngine.run(ScriptEngine.java:194)
	at com.kms.katalon.core.main.ScriptEngine.runScriptAsRawText(ScriptEngine.java:119)
	at com.kms.katalon.core.main.TestCaseExecutor.runScript(TestCaseExecutor.java:448)
	at com.kms.katalon.core.main.TestCaseExecutor.doExecute(TestCaseExecutor.java:439)
	at com.kms.katalon.core.main.TestCaseExecutor.processExecutionPhase(TestCaseExecutor.java:418)
	at com.kms.katalon.core.main.TestCaseExecutor.accessMainPhase(TestCaseExecutor.java:410)
	at com.kms.katalon.core.main.TestCaseExecutor.execute(TestCaseExecutor.java:285)
	at com.kms.katalon.core.main.TestCaseMain.runTestCase(TestCaseMain.java:144)
	at com.kms.katalon.core.keyword.builtin.CallTestCaseKeyword$_callTestCase_closure1.doCall(CallTestCaseKeyword.groovy:59)
	... 52 more
Caused by: com.kms.katalon.core.exception.StepFailedException: Call Test Case 'Test Cases/T13 Pembelian, Shipment dan Pembayaran/PBY-004' failed
	at com.kms.katalon.core.keyword.builtin.CallTestCaseKeyword$_callTestCase_closure1.doCall(CallTestCaseKeyword.groovy:63)
	at com.kms.katalon.core.keyword.builtin.CallTestCaseKeyword$_callTestCase_closure1.call(CallTestCaseKeyword.groovy)
	at com.kms.katalon.core.keyword.internal.KeywordMain.runKeyword(KeywordMain.groovy:75)
	at com.kms.katalon.core.keyword.builtin.CallTestCaseKeyword.callTestCase(CallTestCaseKeyword.groovy:81)
	at com.kms.katalon.core.keyword.builtin.CallTestCaseKeyword.execute(CallTestCaseKeyword.groovy:44)
	at com.kms.katalon.core.keyword.internal.KeywordExecutor.executeKeywordForPlatform(KeywordExecutor.groovy:74)
	at com.kms.katalon.core.keyword.BuiltinKeywords.callTestCase(BuiltinKeywords.groovy:310)
	at PBYA-001.run(PBYA-001:20)
	at com.kms.katalon.core.main.ScriptEngine.run(ScriptEngine.java:194)
	at com.kms.katalon.core.main.ScriptEngine.runScriptAsRawText(ScriptEngine.java:119)
	at com.kms.katalon.core.main.TestCaseExecutor.runScript(TestCaseExecutor.java:448)
	at com.kms.katalon.core.main.TestCaseExecutor.doExecute(TestCaseExecutor.java:439)
	at com.kms.katalon.core.main.TestCaseExecutor.processExecutionPhase(TestCaseExecutor.java:418)
	at com.kms.katalon.core.main.TestCaseExecutor.accessMainPhase(TestCaseExecutor.java:410)
	at com.kms.katalon.core.main.TestCaseExecutor.execute(TestCaseExecutor.java:285)
	at com.kms.katalon.core.main.TestCaseMain.runTestCase(TestCaseMain.java:144)
	at com.kms.katalon.core.keyword.builtin.CallTestCaseKeyword$_callTestCase_closure1.doCall(CallTestCaseKeyword.groovy:59)
	... 68 more
Caused by: com.kms.katalon.core.exception.StepFailedException: Unable to click on object 'Object Repository/Konfirmasi pesanan shop/Konfirmasi Orders'
	at com.kms.katalon.core.webui.keyword.internal.WebUIKeywordMain.stepFailed(WebUIKeywordMain.groovy:64)
	at com.kms.katalon.core.webui.keyword.internal.WebUIKeywordMain.runKeyword(WebUIKeywordMain.groovy:26)
	at com.kms.katalon.core.webui.keyword.builtin.ClickKeyword.click(ClickKeyword.groovy:74)
	at com.kms.katalon.core.webui.keyword.builtin.ClickKeyword.execute(ClickKeyword.groovy:40)
	at com.kms.katalon.core.keyword.internal.KeywordExecutor.executeKeywordForPlatform(KeywordExecutor.groovy:74)
	at com.kms.katalon.core.webui.keyword.WebUiBuiltInKeywords.click(WebUiBuiltInKeywords.groovy:620)
	at com.kms.katalon.core.webui.keyword.WebUiBuiltInKeywords$click$2.call(Unknown Source)
	at PBY-004.run(PBY-004:33)
	at com.kms.katalon.core.main.ScriptEngine.run(ScriptEngine.java:194)
	at com.kms.katalon.core.main.ScriptEngine.runScriptAsRawText(ScriptEngine.java:119)
	at com.kms.katalon.core.main.TestCaseExecutor.runScript(TestCaseExecutor.java:448)
	at com.kms.katalon.core.main.TestCaseExecutor.doExecute(TestCaseExecutor.java:439)
	at com.kms.katalon.core.main.TestCaseExecutor.processExecutionPhase(TestCaseExecutor.java:418)
	at com.kms.katalon.core.main.TestCaseExecutor.accessMainPhase(TestCaseExecutor.java:410)
	at com.kms.katalon.core.main.TestCaseExecutor.execute(TestCaseExecutor.java:285)
	at com.kms.katalon.core.main.TestCaseMain.runTestCase(TestCaseMain.java:144)
	at com.kms.katalon.core.keyword.builtin.CallTestCaseKeyword$_callTestCase_closure1.doCall(CallTestCaseKeyword.groovy:59)
	... 84 more
Caused by: org.openqa.selenium.ElementNotInteractableException: Element <a href="https://10.9.2.63/ecommerce/konfirmasi"> could not be scrolled into view
Build info: version: '3.141.59', revision: 'e82be7d358', time: '2018-11-14T08:25:53'
System info: host: 'DESKTOP-H62FVJ8', ip: '10.9.2.72', os.name: 'Windows 10', os.arch: 'amd64', os.version: '10.0', java.version: '1.8.0_362'
Driver info: com.kms.katalon.core.webui.driver.firefox.CGeckoDriver
Capabilities {acceptInsecureCerts: true, browserName: firefox, browserVersion: 117.0.1, javascriptEnabled: true, moz:accessibilityChecks: false, moz:buildID: 20230912013654, moz:geckodriverVersion: 0.33.0, moz:headless: false, moz:platformVersion: 10.0, moz:processID: 2944, moz:profile: C:\Users\IRFAN\AppData\Loca..., moz:shutdownTimeout: 60000, moz:webdriverClick: true, moz:windowless: false, pageLoadStrategy: normal, platform: WINDOWS, platformName: WINDOWS, proxy: Proxy(direct), setWindowRect: true, strictFileInteractability: false, timeouts: {implicit: 0, pageLoad: 300000, script: 30000}, unhandledPromptBehavior: dismiss and notify}
Session ID: dc809d9c-364c-4b58-b2e8-d34ffd60a16a
	at org.openqa.selenium.remote.http.W3CHttpResponseCodec.createException(W3CHttpResponseCodec.java:187)
	at org.openqa.selenium.remote.http.W3CHttpResponseCodec.decode(W3CHttpResponseCodec.java:122)
	at org.openqa.selenium.remote.http.W3CHttpResponseCodec.decode(W3CHttpResponseCodec.java:49)
	at org.openqa.selenium.remote.HttpCommandExecutor.execute(HttpCommandExecutor.java:158)
	at org.openqa.selenium.remote.service.DriverCommandExecutor.execute(DriverCommandExecutor.java:83)
	at org.openqa.selenium.remote.RemoteWebDriver.execute(RemoteWebDriver.java:552)
	at com.kms.katalon.selenium.driver.CFirefoxDriver.execute(CFirefoxDriver.java:27)
	at org.openqa.selenium.remote.RemoteWebElement.execute(RemoteWebElement.java:285)
	at org.openqa.selenium.remote.RemoteWebElement.click(RemoteWebElement.java:84)
	at org.openqa.selenium.support.events.EventFiringWebDriver$EventFiringWebElement.lambda$new$0(EventFiringWebDriver.java:404)
	at com.sun.proxy.$Proxy11.click(Unknown Source)
	at org.openqa.selenium.support.events.EventFiringWebDriver$EventFiringWebElement.click(EventFiringWebDriver.java:417)
	at org.openqa.selenium.WebElement$click.call(Unknown Source)
	at com.kms.katalon.core.webui.keyword.builtin.ClickKeyword.clickUntilSuccessWithTimeout(ClickKeyword.groovy:81)
	at com.kms.katalon.core.webui.keyword.builtin.ClickKeyword.clickUntilSuccessWithTimeout(ClickKeyword.groovy)
	at com.kms.katalon.core.webui.keyword.builtin.ClickKeyword$_click_closure1.doCall(ClickKeyword.groovy:67)
	at com.kms.katalon.core.webui.keyword.builtin.ClickKeyword$_click_closure1.call(ClickKeyword.groovy)
	at com.kms.katalon.core.webui.keyword.internal.WebUIKeywordMain.runKeyword(WebUIKeywordMain.groovy:20)
	... 99 more
)

2023-10-04 20:52:13 - [MESSAGE][FAILED] - Unable to call Test Case 'Test Cases/T13 Pembelian, Shipment dan Pembayaran/SA-005' (Root cause: com.kms.katalon.core.exception.StepFailedException: Call Test Case 'Test Cases/T13 Pembelian, Shipment dan Pembayaran/SA-005' failed
	at com.kms.katalon.core.keyword.builtin.CallTestCaseKeyword$_callTestCase_closure1.doCall(CallTestCaseKeyword.groovy:63)
	at com.kms.katalon.core.keyword.builtin.CallTestCaseKeyword$_callTestCase_closure1.call(CallTestCaseKeyword.groovy)
	at com.kms.katalon.core.keyword.internal.KeywordMain.runKeyword(KeywordMain.groovy:75)
	at com.kms.katalon.core.keyword.builtin.CallTestCaseKeyword.callTestCase(CallTestCaseKeyword.groovy:81)
	at com.kms.katalon.core.keyword.builtin.CallTestCaseKeyword.execute(CallTestCaseKeyword.groovy:44)
	at com.kms.katalon.core.keyword.internal.KeywordExecutor.executeKeywordForPlatform(KeywordExecutor.groovy:74)
	at com.kms.katalon.core.keyword.BuiltinKeywords.callTestCase(BuiltinKeywords.groovy:310)
	at SU-008.run(SU-008:24)
	at com.kms.katalon.core.main.ScriptEngine.run(ScriptEngine.java:194)
	at com.kms.katalon.core.main.ScriptEngine.runScriptAsRawText(ScriptEngine.java:119)
	at com.kms.katalon.core.main.TestCaseExecutor.runScript(TestCaseExecutor.java:448)
	at com.kms.katalon.core.main.TestCaseExecutor.doExecute(TestCaseExecutor.java:439)
	at com.kms.katalon.core.main.TestCaseExecutor.processExecutionPhase(TestCaseExecutor.java:418)
	at com.kms.katalon.core.main.TestCaseExecutor.accessMainPhase(TestCaseExecutor.java:410)
	at com.kms.katalon.core.main.TestCaseExecutor.execute(TestCaseExecutor.java:285)
	at com.kms.katalon.core.common.CommonExecutor.accessTestCaseMainPhase(CommonExecutor.java:65)
	at com.kms.katalon.core.main.TestSuiteExecutor.accessTestSuiteMainPhase(TestSuiteExecutor.java:148)
	at com.kms.katalon.core.main.TestSuiteExecutor.execute(TestSuiteExecutor.java:106)
	at com.kms.katalon.core.main.TestCaseMain.startTestSuite(TestCaseMain.java:187)
	at com.kms.katalon.core.main.TestCaseMain$startTestSuite$0.call(Unknown Source)
	at TempTestSuite1696424348948.run(TempTestSuite1696424348948.groovy:36)
Caused by: com.kms.katalon.core.exception.StepFailedException: Call Test Case 'Test Cases/T13 Pembelian, Shipment dan Pembayaran/SA-002' failed
	at com.kms.katalon.core.keyword.builtin.CallTestCaseKeyword$_callTestCase_closure1.doCall(CallTestCaseKeyword.groovy:63)
	at com.kms.katalon.core.keyword.builtin.CallTestCaseKeyword$_callTestCase_closure1.call(CallTestCaseKeyword.groovy)
	at com.kms.katalon.core.keyword.internal.KeywordMain.runKeyword(KeywordMain.groovy:75)
	at com.kms.katalon.core.keyword.builtin.CallTestCaseKeyword.callTestCase(CallTestCaseKeyword.groovy:81)
	at com.kms.katalon.core.keyword.builtin.CallTestCaseKeyword.execute(CallTestCaseKeyword.groovy:44)
	at com.kms.katalon.core.keyword.internal.KeywordExecutor.executeKeywordForPlatform(KeywordExecutor.groovy:74)
	at com.kms.katalon.core.keyword.BuiltinKeywords.callTestCase(BuiltinKeywords.groovy:310)
	at SA-005.run(SA-005:20)
	at com.kms.katalon.core.main.ScriptEngine.run(ScriptEngine.java:194)
	at com.kms.katalon.core.main.ScriptEngine.runScriptAsRawText(ScriptEngine.java:119)
	at com.kms.katalon.core.main.TestCaseExecutor.runScript(TestCaseExecutor.java:448)
	at com.kms.katalon.core.main.TestCaseExecutor.doExecute(TestCaseExecutor.java:439)
	at com.kms.katalon.core.main.TestCaseExecutor.processExecutionPhase(TestCaseExecutor.java:418)
	at com.kms.katalon.core.main.TestCaseExecutor.accessMainPhase(TestCaseExecutor.java:410)
	at com.kms.katalon.core.main.TestCaseExecutor.execute(TestCaseExecutor.java:285)
	at com.kms.katalon.core.main.TestCaseMain.runTestCase(TestCaseMain.java:144)
	at com.kms.katalon.core.keyword.builtin.CallTestCaseKeyword$_callTestCase_closure1.doCall(CallTestCaseKeyword.groovy:59)
	... 20 more
Caused by: com.kms.katalon.core.exception.StepFailedException: Call Test Case 'Test Cases/T13 Pembelian, Shipment dan Pembayaran/SA-001' failed
	at com.kms.katalon.core.keyword.builtin.CallTestCaseKeyword$_callTestCase_closure1.doCall(CallTestCaseKeyword.groovy:63)
	at com.kms.katalon.core.keyword.builtin.CallTestCaseKeyword$_callTestCase_closure1.call(CallTestCaseKeyword.groovy)
	at com.kms.katalon.core.keyword.internal.KeywordMain.runKeyword(KeywordMain.groovy:75)
	at com.kms.katalon.core.keyword.builtin.CallTestCaseKeyword.callTestCase(CallTestCaseKeyword.groovy:81)
	at com.kms.katalon.core.keyword.builtin.CallTestCaseKeyword.execute(CallTestCaseKeyword.groovy:44)
	at com.kms.katalon.core.keyword.internal.KeywordExecutor.executeKeywordForPlatform(KeywordExecutor.groovy:74)
	at com.kms.katalon.core.keyword.BuiltinKeywords.callTestCase(BuiltinKeywords.groovy:310)
	at SA-002.run(SA-002:20)
	at com.kms.katalon.core.main.ScriptEngine.run(ScriptEngine.java:194)
	at com.kms.katalon.core.main.ScriptEngine.runScriptAsRawText(ScriptEngine.java:119)
	at com.kms.katalon.core.main.TestCaseExecutor.runScript(TestCaseExecutor.java:448)
	at com.kms.katalon.core.main.TestCaseExecutor.doExecute(TestCaseExecutor.java:439)
	at com.kms.katalon.core.main.TestCaseExecutor.processExecutionPhase(TestCaseExecutor.java:418)
	at com.kms.katalon.core.main.TestCaseExecutor.accessMainPhase(TestCaseExecutor.java:410)
	at com.kms.katalon.core.main.TestCaseExecutor.execute(TestCaseExecutor.java:285)
	at com.kms.katalon.core.main.TestCaseMain.runTestCase(TestCaseMain.java:144)
	at com.kms.katalon.core.keyword.builtin.CallTestCaseKeyword$_callTestCase_closure1.doCall(CallTestCaseKeyword.groovy:59)
	... 36 more
Caused by: com.kms.katalon.core.exception.StepFailedException: Call Test Case 'Test Cases/T13 Pembelian, Shipment dan Pembayaran/PBYA-001' failed
	at com.kms.katalon.core.keyword.builtin.CallTestCaseKeyword$_callTestCase_closure1.doCall(CallTestCaseKeyword.groovy:63)
	at com.kms.katalon.core.keyword.builtin.CallTestCaseKeyword$_callTestCase_closure1.call(CallTestCaseKeyword.groovy)
	at com.kms.katalon.core.keyword.internal.KeywordMain.runKeyword(KeywordMain.groovy:75)
	at com.kms.katalon.core.keyword.builtin.CallTestCaseKeyword.callTestCase(CallTestCaseKeyword.groovy:81)
	at com.kms.katalon.core.keyword.builtin.CallTestCaseKeyword.execute(CallTestCaseKeyword.groovy:44)
	at com.kms.katalon.core.keyword.internal.KeywordExecutor.executeKeywordForPlatform(KeywordExecutor.groovy:74)
	at com.kms.katalon.core.keyword.BuiltinKeywords.callTestCase(BuiltinKeywords.groovy:310)
	at SA-001.run(SA-001:20)
	at com.kms.katalon.core.main.ScriptEngine.run(ScriptEngine.java:194)
	at com.kms.katalon.core.main.ScriptEngine.runScriptAsRawText(ScriptEngine.java:119)
	at com.kms.katalon.core.main.TestCaseExecutor.runScript(TestCaseExecutor.java:448)
	at com.kms.katalon.core.main.TestCaseExecutor.doExecute(TestCaseExecutor.java:439)
	at com.kms.katalon.core.main.TestCaseExecutor.processExecutionPhase(TestCaseExecutor.java:418)
	at com.kms.katalon.core.main.TestCaseExecutor.accessMainPhase(TestCaseExecutor.java:410)
	at com.kms.katalon.core.main.TestCaseExecutor.execute(TestCaseExecutor.java:285)
	at com.kms.katalon.core.main.TestCaseMain.runTestCase(TestCaseMain.java:144)
	at com.kms.katalon.core.keyword.builtin.CallTestCaseKeyword$_callTestCase_closure1.doCall(CallTestCaseKeyword.groovy:59)
	... 52 more
Caused by: com.kms.katalon.core.exception.StepFailedException: Call Test Case 'Test Cases/T13 Pembelian, Shipment dan Pembayaran/PBY-004' failed
	at com.kms.katalon.core.keyword.builtin.CallTestCaseKeyword$_callTestCase_closure1.doCall(CallTestCaseKeyword.groovy:63)
	at com.kms.katalon.core.keyword.builtin.CallTestCaseKeyword$_callTestCase_closure1.call(CallTestCaseKeyword.groovy)
	at com.kms.katalon.core.keyword.internal.KeywordMain.runKeyword(KeywordMain.groovy:75)
	at com.kms.katalon.core.keyword.builtin.CallTestCaseKeyword.callTestCase(CallTestCaseKeyword.groovy:81)
	at com.kms.katalon.core.keyword.builtin.CallTestCaseKeyword.execute(CallTestCaseKeyword.groovy:44)
	at com.kms.katalon.core.keyword.internal.KeywordExecutor.executeKeywordForPlatform(KeywordExecutor.groovy:74)
	at com.kms.katalon.core.keyword.BuiltinKeywords.callTestCase(BuiltinKeywords.groovy:310)
	at PBYA-001.run(PBYA-001:20)
	at com.kms.katalon.core.main.ScriptEngine.run(ScriptEngine.java:194)
	at com.kms.katalon.core.main.ScriptEngine.runScriptAsRawText(ScriptEngine.java:119)
	at com.kms.katalon.core.main.TestCaseExecutor.runScript(TestCaseExecutor.java:448)
	at com.kms.katalon.core.main.TestCaseExecutor.doExecute(TestCaseExecutor.java:439)
	at com.kms.katalon.core.main.TestCaseExecutor.processExecutionPhase(TestCaseExecutor.java:418)
	at com.kms.katalon.core.main.TestCaseExecutor.accessMainPhase(TestCaseExecutor.java:410)
	at com.kms.katalon.core.main.TestCaseExecutor.execute(TestCaseExecutor.java:285)
	at com.kms.katalon.core.main.TestCaseMain.runTestCase(TestCaseMain.java:144)
	at com.kms.katalon.core.keyword.builtin.CallTestCaseKeyword$_callTestCase_closure1.doCall(CallTestCaseKeyword.groovy:59)
	... 68 more
Caused by: com.kms.katalon.core.exception.StepFailedException: Unable to click on object 'Object Repository/Konfirmasi pesanan shop/Konfirmasi Orders'
	at com.kms.katalon.core.webui.keyword.internal.WebUIKeywordMain.stepFailed(WebUIKeywordMain.groovy:64)
	at com.kms.katalon.core.webui.keyword.internal.WebUIKeywordMain.runKeyword(WebUIKeywordMain.groovy:26)
	at com.kms.katalon.core.webui.keyword.builtin.ClickKeyword.click(ClickKeyword.groovy:74)
	at com.kms.katalon.core.webui.keyword.builtin.ClickKeyword.execute(ClickKeyword.groovy:40)
	at com.kms.katalon.core.keyword.internal.KeywordExecutor.executeKeywordForPlatform(KeywordExecutor.groovy:74)
	at com.kms.katalon.core.webui.keyword.WebUiBuiltInKeywords.click(WebUiBuiltInKeywords.groovy:620)
	at com.kms.katalon.core.webui.keyword.WebUiBuiltInKeywords$click$2.call(Unknown Source)
	at PBY-004.run(PBY-004:33)
	at com.kms.katalon.core.main.ScriptEngine.run(ScriptEngine.java:194)
	at com.kms.katalon.core.main.ScriptEngine.runScriptAsRawText(ScriptEngine.java:119)
	at com.kms.katalon.core.main.TestCaseExecutor.runScript(TestCaseExecutor.java:448)
	at com.kms.katalon.core.main.TestCaseExecutor.doExecute(TestCaseExecutor.java:439)
	at com.kms.katalon.core.main.TestCaseExecutor.processExecutionPhase(TestCaseExecutor.java:418)
	at com.kms.katalon.core.main.TestCaseExecutor.accessMainPhase(TestCaseExecutor.java:410)
	at com.kms.katalon.core.main.TestCaseExecutor.execute(TestCaseExecutor.java:285)
	at com.kms.katalon.core.main.TestCaseMain.runTestCase(TestCaseMain.java:144)
	at com.kms.katalon.core.keyword.builtin.CallTestCaseKeyword$_callTestCase_closure1.doCall(CallTestCaseKeyword.groovy:59)
	... 84 more
Caused by: org.openqa.selenium.ElementNotInteractableException: Element <a href="https://10.9.2.63/ecommerce/konfirmasi"> could not be scrolled into view
Build info: version: '3.141.59', revision: 'e82be7d358', time: '2018-11-14T08:25:53'
System info: host: 'DESKTOP-H62FVJ8', ip: '10.9.2.72', os.name: 'Windows 10', os.arch: 'amd64', os.version: '10.0', java.version: '1.8.0_362'
Driver info: com.kms.katalon.core.webui.driver.firefox.CGeckoDriver
Capabilities {acceptInsecureCerts: true, browserName: firefox, browserVersion: 117.0.1, javascriptEnabled: true, moz:accessibilityChecks: false, moz:buildID: 20230912013654, moz:geckodriverVersion: 0.33.0, moz:headless: false, moz:platformVersion: 10.0, moz:processID: 2944, moz:profile: C:\Users\IRFAN\AppData\Loca..., moz:shutdownTimeout: 60000, moz:webdriverClick: true, moz:windowless: false, pageLoadStrategy: normal, platform: WINDOWS, platformName: WINDOWS, proxy: Proxy(direct), setWindowRect: true, strictFileInteractability: false, timeouts: {implicit: 0, pageLoad: 300000, script: 30000}, unhandledPromptBehavior: dismiss and notify}
Session ID: dc809d9c-364c-4b58-b2e8-d34ffd60a16a
	at org.openqa.selenium.remote.http.W3CHttpResponseCodec.createException(W3CHttpResponseCodec.java:187)
	at org.openqa.selenium.remote.http.W3CHttpResponseCodec.decode(W3CHttpResponseCodec.java:122)
	at org.openqa.selenium.remote.http.W3CHttpResponseCodec.decode(W3CHttpResponseCodec.java:49)
	at org.openqa.selenium.remote.HttpCommandExecutor.execute(HttpCommandExecutor.java:158)
	at org.openqa.selenium.remote.service.DriverCommandExecutor.execute(DriverCommandExecutor.java:83)
	at org.openqa.selenium.remote.RemoteWebDriver.execute(RemoteWebDriver.java:552)
	at com.kms.katalon.selenium.driver.CFirefoxDriver.execute(CFirefoxDriver.java:27)
	at org.openqa.selenium.remote.RemoteWebElement.execute(RemoteWebElement.java:285)
	at org.openqa.selenium.remote.RemoteWebElement.click(RemoteWebElement.java:84)
	at org.openqa.selenium.support.events.EventFiringWebDriver$EventFiringWebElement.lambda$new$0(EventFiringWebDriver.java:404)
	at com.sun.proxy.$Proxy11.click(Unknown Source)
	at org.openqa.selenium.support.events.EventFiringWebDriver$EventFiringWebElement.click(EventFiringWebDriver.java:417)
	at org.openqa.selenium.WebElement$click.call(Unknown Source)
	at com.kms.katalon.core.webui.keyword.builtin.ClickKeyword.clickUntilSuccessWithTimeout(ClickKeyword.groovy:81)
	at com.kms.katalon.core.webui.keyword.builtin.ClickKeyword.clickUntilSuccessWithTimeout(ClickKeyword.groovy)
	at com.kms.katalon.core.webui.keyword.builtin.ClickKeyword$_click_closure1.doCall(ClickKeyword.groovy:67)
	at com.kms.katalon.core.webui.keyword.builtin.ClickKeyword$_click_closure1.call(ClickKeyword.groovy)
	at com.kms.katalon.core.webui.keyword.internal.WebUIKeywordMain.runKeyword(WebUIKeywordMain.groovy:20)
	... 99 more
)]]></system-out>
         <system-err><![CDATA[2023-10-04 20:51:25 - [TEST_CASE][FAILED] - Test Cases/T13 Pembelian, Shipment dan Pembayaran/SU-008: Test Cases/T13 Pembelian, Shipment dan Pembayaran/SU-008 FAILED.
Reason:
com.kms.katalon.core.exception.StepFailedException: Call Test Case 'Test Cases/T13 Pembelian, Shipment dan Pembayaran/SA-005' failed
	at com.kms.katalon.core.keyword.builtin.CallTestCaseKeyword$_callTestCase_closure1.doCall(CallTestCaseKeyword.groovy:63)
	at com.kms.katalon.core.keyword.builtin.CallTestCaseKeyword$_callTestCase_closure1.call(CallTestCaseKeyword.groovy)
	at com.kms.katalon.core.keyword.internal.KeywordMain.runKeyword(KeywordMain.groovy:75)
	at com.kms.katalon.core.keyword.builtin.CallTestCaseKeyword.callTestCase(CallTestCaseKeyword.groovy:81)
	at com.kms.katalon.core.keyword.builtin.CallTestCaseKeyword.execute(CallTestCaseKeyword.groovy:44)
	at com.kms.katalon.core.keyword.internal.KeywordExecutor.executeKeywordForPlatform(KeywordExecutor.groovy:74)
	at com.kms.katalon.core.keyword.BuiltinKeywords.callTestCase(BuiltinKeywords.groovy:310)
	at SU-008.run(SU-008:24)
	at com.kms.katalon.core.main.ScriptEngine.run(ScriptEngine.java:194)
	at com.kms.katalon.core.main.ScriptEngine.runScriptAsRawText(ScriptEngine.java:119)
	at com.kms.katalon.core.main.TestCaseExecutor.runScript(TestCaseExecutor.java:448)
	at com.kms.katalon.core.main.TestCaseExecutor.doExecute(TestCaseExecutor.java:439)
	at com.kms.katalon.core.main.TestCaseExecutor.processExecutionPhase(TestCaseExecutor.java:418)
	at com.kms.katalon.core.main.TestCaseExecutor.accessMainPhase(TestCaseExecutor.java:410)
	at com.kms.katalon.core.main.TestCaseExecutor.execute(TestCaseExecutor.java:285)
	at com.kms.katalon.core.common.CommonExecutor.accessTestCaseMainPhase(CommonExecutor.java:65)
	at com.kms.katalon.core.main.TestSuiteExecutor.accessTestSuiteMainPhase(TestSuiteExecutor.java:148)
	at com.kms.katalon.core.main.TestSuiteExecutor.execute(TestSuiteExecutor.java:106)
	at com.kms.katalon.core.main.TestCaseMain.startTestSuite(TestCaseMain.java:187)
	at com.kms.katalon.core.main.TestCaseMain$startTestSuite$0.call(Unknown Source)
	at TempTestSuite1696424348948.run(TempTestSuite1696424348948.groovy:36)
Caused by: com.kms.katalon.core.exception.StepFailedException: Call Test Case 'Test Cases/T13 Pembelian, Shipment dan Pembayaran/SA-002' failed
	at com.kms.katalon.core.keyword.builtin.CallTestCaseKeyword$_callTestCase_closure1.doCall(CallTestCaseKeyword.groovy:63)
	at com.kms.katalon.core.keyword.builtin.CallTestCaseKeyword$_callTestCase_closure1.call(CallTestCaseKeyword.groovy)
	at com.kms.katalon.core.keyword.internal.KeywordMain.runKeyword(KeywordMain.groovy:75)
	at com.kms.katalon.core.keyword.builtin.CallTestCaseKeyword.callTestCase(CallTestCaseKeyword.groovy:81)
	at com.kms.katalon.core.keyword.builtin.CallTestCaseKeyword.execute(CallTestCaseKeyword.groovy:44)
	at com.kms.katalon.core.keyword.internal.KeywordExecutor.executeKeywordForPlatform(KeywordExecutor.groovy:74)
	at com.kms.katalon.core.keyword.BuiltinKeywords.callTestCase(BuiltinKeywords.groovy:310)
	at SA-005.run(SA-005:20)
	at com.kms.katalon.core.main.ScriptEngine.run(ScriptEngine.java:194)
	at com.kms.katalon.core.main.ScriptEngine.runScriptAsRawText(ScriptEngine.java:119)
	at com.kms.katalon.core.main.TestCaseExecutor.runScript(TestCaseExecutor.java:448)
	at com.kms.katalon.core.main.TestCaseExecutor.doExecute(TestCaseExecutor.java:439)
	at com.kms.katalon.core.main.TestCaseExecutor.processExecutionPhase(TestCaseExecutor.java:418)
	at com.kms.katalon.core.main.TestCaseExecutor.accessMainPhase(TestCaseExecutor.java:410)
	at com.kms.katalon.core.main.TestCaseExecutor.execute(TestCaseExecutor.java:285)
	at com.kms.katalon.core.main.TestCaseMain.runTestCase(TestCaseMain.java:144)
	at com.kms.katalon.core.keyword.builtin.CallTestCaseKeyword$_callTestCase_closure1.doCall(CallTestCaseKeyword.groovy:59)
	... 20 more
Caused by: com.kms.katalon.core.exception.StepFailedException: Call Test Case 'Test Cases/T13 Pembelian, Shipment dan Pembayaran/SA-001' failed
	at com.kms.katalon.core.keyword.builtin.CallTestCaseKeyword$_callTestCase_closure1.doCall(CallTestCaseKeyword.groovy:63)
	at com.kms.katalon.core.keyword.builtin.CallTestCaseKeyword$_callTestCase_closure1.call(CallTestCaseKeyword.groovy)
	at com.kms.katalon.core.keyword.internal.KeywordMain.runKeyword(KeywordMain.groovy:75)
	at com.kms.katalon.core.keyword.builtin.CallTestCaseKeyword.callTestCase(CallTestCaseKeyword.groovy:81)
	at com.kms.katalon.core.keyword.builtin.CallTestCaseKeyword.execute(CallTestCaseKeyword.groovy:44)
	at com.kms.katalon.core.keyword.internal.KeywordExecutor.executeKeywordForPlatform(KeywordExecutor.groovy:74)
	at com.kms.katalon.core.keyword.BuiltinKeywords.callTestCase(BuiltinKeywords.groovy:310)
	at SA-002.run(SA-002:20)
	at com.kms.katalon.core.main.ScriptEngine.run(ScriptEngine.java:194)
	at com.kms.katalon.core.main.ScriptEngine.runScriptAsRawText(ScriptEngine.java:119)
	at com.kms.katalon.core.main.TestCaseExecutor.runScript(TestCaseExecutor.java:448)
	at com.kms.katalon.core.main.TestCaseExecutor.doExecute(TestCaseExecutor.java:439)
	at com.kms.katalon.core.main.TestCaseExecutor.processExecutionPhase(TestCaseExecutor.java:418)
	at com.kms.katalon.core.main.TestCaseExecutor.accessMainPhase(TestCaseExecutor.java:410)
	at com.kms.katalon.core.main.TestCaseExecutor.execute(TestCaseExecutor.java:285)
	at com.kms.katalon.core.main.TestCaseMain.runTestCase(TestCaseMain.java:144)
	at com.kms.katalon.core.keyword.builtin.CallTestCaseKeyword$_callTestCase_closure1.doCall(CallTestCaseKeyword.groovy:59)
	... 36 more
Caused by: com.kms.katalon.core.exception.StepFailedException: Call Test Case 'Test Cases/T13 Pembelian, Shipment dan Pembayaran/PBYA-001' failed
	at com.kms.katalon.core.keyword.builtin.CallTestCaseKeyword$_callTestCase_closure1.doCall(CallTestCaseKeyword.groovy:63)
	at com.kms.katalon.core.keyword.builtin.CallTestCaseKeyword$_callTestCase_closure1.call(CallTestCaseKeyword.groovy)
	at com.kms.katalon.core.keyword.internal.KeywordMain.runKeyword(KeywordMain.groovy:75)
	at com.kms.katalon.core.keyword.builtin.CallTestCaseKeyword.callTestCase(CallTestCaseKeyword.groovy:81)
	at com.kms.katalon.core.keyword.builtin.CallTestCaseKeyword.execute(CallTestCaseKeyword.groovy:44)
	at com.kms.katalon.core.keyword.internal.KeywordExecutor.executeKeywordForPlatform(KeywordExecutor.groovy:74)
	at com.kms.katalon.core.keyword.BuiltinKeywords.callTestCase(BuiltinKeywords.groovy:310)
	at SA-001.run(SA-001:20)
	at com.kms.katalon.core.main.ScriptEngine.run(ScriptEngine.java:194)
	at com.kms.katalon.core.main.ScriptEngine.runScriptAsRawText(ScriptEngine.java:119)
	at com.kms.katalon.core.main.TestCaseExecutor.runScript(TestCaseExecutor.java:448)
	at com.kms.katalon.core.main.TestCaseExecutor.doExecute(TestCaseExecutor.java:439)
	at com.kms.katalon.core.main.TestCaseExecutor.processExecutionPhase(TestCaseExecutor.java:418)
	at com.kms.katalon.core.main.TestCaseExecutor.accessMainPhase(TestCaseExecutor.java:410)
	at com.kms.katalon.core.main.TestCaseExecutor.execute(TestCaseExecutor.java:285)
	at com.kms.katalon.core.main.TestCaseMain.runTestCase(TestCaseMain.java:144)
	at com.kms.katalon.core.keyword.builtin.CallTestCaseKeyword$_callTestCase_closure1.doCall(CallTestCaseKeyword.groovy:59)
	... 52 more
Caused by: com.kms.katalon.core.exception.StepFailedException: Call Test Case 'Test Cases/T13 Pembelian, Shipment dan Pembayaran/PBY-004' failed
	at com.kms.katalon.core.keyword.builtin.CallTestCaseKeyword$_callTestCase_closure1.doCall(CallTestCaseKeyword.groovy:63)
	at com.kms.katalon.core.keyword.builtin.CallTestCaseKeyword$_callTestCase_closure1.call(CallTestCaseKeyword.groovy)
	at com.kms.katalon.core.keyword.internal.KeywordMain.runKeyword(KeywordMain.groovy:75)
	at com.kms.katalon.core.keyword.builtin.CallTestCaseKeyword.callTestCase(CallTestCaseKeyword.groovy:81)
	at com.kms.katalon.core.keyword.builtin.CallTestCaseKeyword.execute(CallTestCaseKeyword.groovy:44)
	at com.kms.katalon.core.keyword.internal.KeywordExecutor.executeKeywordForPlatform(KeywordExecutor.groovy:74)
	at com.kms.katalon.core.keyword.BuiltinKeywords.callTestCase(BuiltinKeywords.groovy:310)
	at PBYA-001.run(PBYA-001:20)
	at com.kms.katalon.core.main.ScriptEngine.run(ScriptEngine.java:194)
	at com.kms.katalon.core.main.ScriptEngine.runScriptAsRawText(ScriptEngine.java:119)
	at com.kms.katalon.core.main.TestCaseExecutor.runScript(TestCaseExecutor.java:448)
	at com.kms.katalon.core.main.TestCaseExecutor.doExecute(TestCaseExecutor.java:439)
	at com.kms.katalon.core.main.TestCaseExecutor.processExecutionPhase(TestCaseExecutor.java:418)
	at com.kms.katalon.core.main.TestCaseExecutor.accessMainPhase(TestCaseExecutor.java:410)
	at com.kms.katalon.core.main.TestCaseExecutor.execute(TestCaseExecutor.java:285)
	at com.kms.katalon.core.main.TestCaseMain.runTestCase(TestCaseMain.java:144)
	at com.kms.katalon.core.keyword.builtin.CallTestCaseKeyword$_callTestCase_closure1.doCall(CallTestCaseKeyword.groovy:59)
	... 68 more
Caused by: com.kms.katalon.core.exception.StepFailedException: Unable to click on object 'Object Repository/Konfirmasi pesanan shop/Konfirmasi Orders'
	at com.kms.katalon.core.webui.keyword.internal.WebUIKeywordMain.stepFailed(WebUIKeywordMain.groovy:64)
	at com.kms.katalon.core.webui.keyword.internal.WebUIKeywordMain.runKeyword(WebUIKeywordMain.groovy:26)
	at com.kms.katalon.core.webui.keyword.builtin.ClickKeyword.click(ClickKeyword.groovy:74)
	at com.kms.katalon.core.webui.keyword.builtin.ClickKeyword.execute(ClickKeyword.groovy:40)
	at com.kms.katalon.core.keyword.internal.KeywordExecutor.executeKeywordForPlatform(KeywordExecutor.groovy:74)
	at com.kms.katalon.core.webui.keyword.WebUiBuiltInKeywords.click(WebUiBuiltInKeywords.groovy:620)
	at com.kms.katalon.core.webui.keyword.WebUiBuiltInKeywords$click$2.call(Unknown Source)
	at PBY-004.run(PBY-004:33)
	at com.kms.katalon.core.main.ScriptEngine.run(ScriptEngine.java:194)
	at com.kms.katalon.core.main.ScriptEngine.runScriptAsRawText(ScriptEngine.java:119)
	at com.kms.katalon.core.main.TestCaseExecutor.runScript(TestCaseExecutor.java:448)
	at com.kms.katalon.core.main.TestCaseExecutor.doExecute(TestCaseExecutor.java:439)
	at com.kms.katalon.core.main.TestCaseExecutor.processExecutionPhase(TestCaseExecutor.java:418)
	at com.kms.katalon.core.main.TestCaseExecutor.accessMainPhase(TestCaseExecutor.java:410)
	at com.kms.katalon.core.main.TestCaseExecutor.execute(TestCaseExecutor.java:285)
	at com.kms.katalon.core.main.TestCaseMain.runTestCase(TestCaseMain.java:144)
	at com.kms.katalon.core.keyword.builtin.CallTestCaseKeyword$_callTestCase_closure1.doCall(CallTestCaseKeyword.groovy:59)
	... 84 more
Caused by: org.openqa.selenium.ElementNotInteractableException: Element <a href="https://10.9.2.63/ecommerce/konfirmasi"> could not be scrolled into view
Build info: version: '3.141.59', revision: 'e82be7d358', time: '2018-11-14T08:25:53'
System info: host: 'DESKTOP-H62FVJ8', ip: '10.9.2.72', os.name: 'Windows 10', os.arch: 'amd64', os.version: '10.0', java.version: '1.8.0_362'
Driver info: com.kms.katalon.core.webui.driver.firefox.CGeckoDriver
Capabilities {acceptInsecureCerts: true, browserName: firefox, browserVersion: 117.0.1, javascriptEnabled: true, moz:accessibilityChecks: false, moz:buildID: 20230912013654, moz:geckodriverVersion: 0.33.0, moz:headless: false, moz:platformVersion: 10.0, moz:processID: 2944, moz:profile: C:\Users\IRFAN\AppData\Loca..., moz:shutdownTimeout: 60000, moz:webdriverClick: true, moz:windowless: false, pageLoadStrategy: normal, platform: WINDOWS, platformName: WINDOWS, proxy: Proxy(direct), setWindowRect: true, strictFileInteractability: false, timeouts: {implicit: 0, pageLoad: 300000, script: 30000}, unhandledPromptBehavior: dismiss and notify}
Session ID: dc809d9c-364c-4b58-b2e8-d34ffd60a16a
	at org.openqa.selenium.remote.http.W3CHttpResponseCodec.createException(W3CHttpResponseCodec.java:187)
	at org.openqa.selenium.remote.http.W3CHttpResponseCodec.decode(W3CHttpResponseCodec.java:122)
	at org.openqa.selenium.remote.http.W3CHttpResponseCodec.decode(W3CHttpResponseCodec.java:49)
	at org.openqa.selenium.remote.HttpCommandExecutor.execute(HttpCommandExecutor.java:158)
	at org.openqa.selenium.remote.service.DriverCommandExecutor.execute(DriverCommandExecutor.java:83)
	at org.openqa.selenium.remote.RemoteWebDriver.execute(RemoteWebDriver.java:552)
	at com.kms.katalon.selenium.driver.CFirefoxDriver.execute(CFirefoxDriver.java:27)
	at org.openqa.selenium.remote.RemoteWebElement.execute(RemoteWebElement.java:285)
	at org.openqa.selenium.remote.RemoteWebElement.click(RemoteWebElement.java:84)
	at org.openqa.selenium.support.events.EventFiringWebDriver$EventFiringWebElement.lambda$new$0(EventFiringWebDriver.java:404)
	at com.sun.proxy.$Proxy11.click(Unknown Source)
	at org.openqa.selenium.support.events.EventFiringWebDriver$EventFiringWebElement.click(EventFiringWebDriver.java:417)
	at org.openqa.selenium.WebElement$click.call(Unknown Source)
	at com.kms.katalon.core.webui.keyword.builtin.ClickKeyword.clickUntilSuccessWithTimeout(ClickKeyword.groovy:81)
	at com.kms.katalon.core.webui.keyword.builtin.ClickKeyword.clickUntilSuccessWithTimeout(ClickKeyword.groovy)
	at com.kms.katalon.core.webui.keyword.builtin.ClickKeyword$_click_closure1.doCall(ClickKeyword.groovy:67)
	at com.kms.katalon.core.webui.keyword.builtin.ClickKeyword$_click_closure1.call(ClickKeyword.groovy)
	at com.kms.katalon.core.webui.keyword.internal.WebUIKeywordMain.runKeyword(WebUIKeywordMain.groovy:20)
	... 99 more]]></system-err>
      </testcase>
      <testcase name="Test Cases/T13 Pembelian, Shipment dan Pembayaran/SU-009" time="51.927" classname="Test Cases/T13 Pembelian, Shipment dan Pembayaran/SU-009" status="PASSED">
         <system-out><![CDATA[2023-10-04 20:52:13 - [TEST_CASE][PASSED] - Test Cases/T13 Pembelian, Shipment dan Pembayaran/SU-009: Test Cases/T13 Pembelian, Shipment dan Pembayaran/SU-009

2023-10-04 20:52:13 - [TEST_STEP][PASSED] - data = callTestCase(findTestCase("T13 Pembelian, Shipment dan Pembayaran/PBY-001"), [:], STOP_ON_FAILURE): Call Test Case 'Test Cases/T13 Pembelian, Shipment dan Pembayaran/PBY-001' successfully

2023-10-04 20:52:13 - [TEST_CASE][PASSED] - Test Cases/T13 Pembelian, Shipment dan Pembayaran/PBY-001: Test Cases/T13 Pembelian, Shipment dan Pembayaran/PBY-001

2023-10-04 20:52:13 - [TEST_STEP][PASSED] - data = callTestCase(findTestCase("T13 Pembelian, Shipment dan Pembayaran/PBL-004"), ["Kurir":"Roda 2"], STOP_ON_FAILURE): Call Test Case 'Test Cases/T13 Pembelian, Shipment dan Pembayaran/PBL-004' successfully

2023-10-04 20:52:13 - [TEST_CASE][PASSED] - Test Cases/T13 Pembelian, Shipment dan Pembayaran/PBL-004: Test Cases/T13 Pembelian, Shipment dan Pembayaran/PBL-004

2023-10-04 20:52:13 - [TEST_STEP][PASSED] - data = callTestCase(findTestCase("T13 Pembelian, Shipment dan Pembayaran/PBL-002"), [:], STOP_ON_FAILURE): Call Test Case 'Test Cases/T13 Pembelian, Shipment dan Pembayaran/PBL-002' successfully

2023-10-04 20:52:13 - [TEST_CASE][PASSED] - Test Cases/T13 Pembelian, Shipment dan Pembayaran/PBL-002: Test Cases/T13 Pembelian, Shipment dan Pembayaran/PBL-002

2023-10-04 20:52:14 - [TEST_STEP][PASSED] - data = callTestCase(findTestCase("T13 Pembelian, Shipment dan Pembayaran/PBL-001"), [:], STOP_ON_FAILURE): Call Test Case 'Test Cases/T13 Pembelian, Shipment dan Pembayaran/PBL-001' successfully

2023-10-04 20:52:14 - [TEST_CASE][PASSED] - Test Cases/T13 Pembelian, Shipment dan Pembayaran/PBL-001: Test Cases/T13 Pembelian, Shipment dan Pembayaran/PBL-001

2023-10-04 20:52:14 - [TEST_STEP][PASSED] - callTestCase(findTestCase("T13 Pembelian, Shipment dan Pembayaran/LU-001"), ["username":"irfanafandi", "password":"12345irfan"], STOP_ON_FAILURE): Call Test Case 'Test Cases/T13 Pembelian, Shipment dan Pembayaran/LU-001' successfully

2023-10-04 20:52:14 - [TEST_CASE][PASSED] - Test Cases/T13 Pembelian, Shipment dan Pembayaran/LU-001: Test Cases/T13 Pembelian, Shipment dan Pembayaran/LU-001

2023-10-04 20:52:14 - [TEST_STEP][PASSED] - openBrowser("https://10.9.2.63/ecommerce/"): Browser is opened with url: 'https://10.9.2.63/ecommerce/'

2023-10-04 20:52:14 - [MESSAGE][WARNING] - A browser is already opened. Closing browser and opening a new one

2023-10-04 20:52:16 - [MESSAGE][INFO] - Starting 'Firefox' driver

2023-10-04 20:52:16 - [MESSAGE][INFO] - User set preference: ['args', '[--disable-notifications]']

2023-10-04 20:52:16 - [MESSAGE][INFO] - Action delay is set to 0 milliseconds

2023-10-04 20:52:22 - [MESSAGE][PASSED] - Browser is opened with url: 'https://10.9.2.63/ecommerce/'

2023-10-04 20:52:22 - [TEST_STEP][PASSED] - maximizeWindow(): Current window maximized

2023-10-04 20:52:22 - [MESSAGE][PASSED] - Current window maximized

2023-10-04 20:52:22 - [TEST_STEP][PASSED] - verifyElementPresent(findTestObject("Login/Home"), 0): Object 'Object Repository/Login/Home' is present

2023-10-04 20:52:22 - [MESSAGE][WARNING] - Timeout '0' is invalid. Using default page load timeout: '30'

2023-10-04 20:52:22 - [MESSAGE][PASSED] - Object 'Object Repository/Login/Home' is present

2023-10-04 20:52:22 - [TEST_STEP][PASSED] - click(findTestObject("Login/a_Login")): Object: 'Object Repository/Login/a_Login' is clicked on

2023-10-04 20:52:23 - [MESSAGE][PASSED] - Object: 'Object Repository/Login/a_Login' is clicked on

2023-10-04 20:52:23 - [TEST_STEP][PASSED] - verifyElementPresent(findTestObject("Login/Tittle Login"), 0): Object 'Object Repository/Login/Tittle Login' is present

2023-10-04 20:52:23 - [MESSAGE][WARNING] - Timeout '0' is invalid. Using default page load timeout: '30'

2023-10-04 20:52:23 - [MESSAGE][PASSED] - Object 'Object Repository/Login/Tittle Login' is present

2023-10-04 20:52:23 - [TEST_STEP][PASSED] - setText(findTestObject("Login/input_Username, Email atau No. Handphone_a"), username): Text 'irfanafandi' is set on object 'Object Repository/Login/input_Username, Email atau No. Handphone_a'

2023-10-04 20:52:24 - [MESSAGE][PASSED] - Text 'irfanafandi' is set on object 'Object Repository/Login/input_Username, Email atau No. Handphone_a'

2023-10-04 20:52:24 - [TEST_STEP][PASSED] - setText(findTestObject("Login/input_Password_b"), password): Text '12345irfan' is set on object 'Object Repository/Login/input_Password_b'

2023-10-04 20:52:25 - [MESSAGE][PASSED] - Text '12345irfan' is set on object 'Object Repository/Login/input_Password_b'

2023-10-04 20:52:25 - [TEST_STEP][PASSED] - click(findTestObject("Login/label_Ingat saya")): Object: 'Object Repository/Login/label_Ingat saya' is clicked on

2023-10-04 20:52:25 - [MESSAGE][PASSED] - Object: 'Object Repository/Login/label_Ingat saya' is clicked on

2023-10-04 20:52:25 - [TEST_STEP][PASSED] - click(findTestObject("Login/button_Masuk")): Object: 'Object Repository/Login/button_Masuk' is clicked on

2023-10-04 20:52:26 - [MESSAGE][PASSED] - Object: 'Object Repository/Login/button_Masuk' is clicked on

2023-10-04 20:52:26 - [TEST_STEP][PASSED] - verifyElementPresent(findTestObject("Login/li_Profile"), 0): Object 'Object Repository/Login/li_Profile' is present

2023-10-04 20:52:26 - [MESSAGE][WARNING] - Timeout '0' is invalid. Using default page load timeout: '30'

2023-10-04 20:52:27 - [MESSAGE][PASSED] - Object 'Object Repository/Login/li_Profile' is present

2023-10-04 20:52:27 - [MESSAGE][PASSED] - Call Test Case 'Test Cases/T13 Pembelian, Shipment dan Pembayaran/LU-001' successfully

2023-10-04 20:52:27 - [TEST_STEP][PASSED] - mouseOver(findTestObject("beli barang/i_Mulai Belanja_icon-menu")): Object: 'Object Repository/beli barang/i_Mulai Belanja_icon-menu' is hovered

2023-10-04 20:52:27 - [MESSAGE][PASSED] - Object: 'Object Repository/beli barang/i_Mulai Belanja_icon-menu' is hovered

2023-10-04 20:52:27 - [TEST_STEP][PASSED] - click(findTestObject("beli barang/a_Fashion  Busana Wanita")): Object: 'Object Repository/beli barang/a_Fashion  Busana Wanita' is clicked on

2023-10-04 20:52:28 - [MESSAGE][PASSED] - Object: 'Object Repository/beli barang/a_Fashion  Busana Wanita' is clicked on

2023-10-04 20:52:28 - [TEST_STEP][PASSED] - NamaSebelum = getText(findTestObject("verifikasi/Nama sebelum")): Text of object 'Object Repository/verifikasi/Nama sebelum' is: ''

2023-10-04 20:52:29 - [MESSAGE][PASSED] - Text of object 'Object Repository/verifikasi/Nama sebelum' is: ''

2023-10-04 20:52:29 - [TEST_STEP][PASSED] - HargaSebelum = getText(findTestObject("verifikasi/Harga sebelum")): Text of object 'Object Repository/verifikasi/Harga sebelum' is: 'Rp 1,299'

2023-10-04 20:52:30 - [MESSAGE][PASSED] - Text of object 'Object Repository/verifikasi/Harga sebelum' is: 'Rp 1,299'

2023-10-04 20:52:30 - [TEST_STEP][PASSED] - mouseOver(findTestObject("beli barang/barang mouse over")): Object: 'Object Repository/beli barang/barang mouse over' is hovered

2023-10-04 20:52:30 - [MESSAGE][PASSED] - Object: 'Object Repository/beli barang/barang mouse over' is hovered

2023-10-04 20:52:30 - [TEST_STEP][PASSED] - click(findTestObject("beli barang/buttom add to cart")): Object: 'Object Repository/beli barang/buttom add to cart' is clicked on

2023-10-04 20:52:31 - [MESSAGE][PASSED] - Object: 'Object Repository/beli barang/buttom add to cart' is clicked on

2023-10-04 20:52:31 - [TEST_STEP][PASSED] - NamaSesudah = getText(findTestObject("verifikasi/Nama sesudah")): Text of object 'Object Repository/verifikasi/Nama sesudah' is: 'Segitiga Instan Madeira - MDB5.3 Sunset'

2023-10-04 20:52:32 - [MESSAGE][PASSED] - Text of object 'Object Repository/verifikasi/Nama sesudah' is: 'Segitiga Instan Madeira - MDB5.3 Sunset'

2023-10-04 20:52:32 - [TEST_STEP][PASSED] - HargaSesudah = getText(findTestObject("verifikasi/Harga sesudah")): Text of object 'Object Repository/verifikasi/Harga sesudah' is: 'Rp 1,299'

2023-10-04 20:52:32 - [MESSAGE][PASSED] - Text of object 'Object Repository/verifikasi/Harga sesudah' is: 'Rp 1,299'

2023-10-04 20:52:32 - [TEST_STEP][PASSED] - assert NamaSesudah.contains(NamaSebelum): null

2023-10-04 20:52:32 - [TEST_STEP][PASSED] - assert HargaSesudah.contains(HargaSebelum): null

2023-10-04 20:52:32 - [TEST_STEP][PASSED] - click(findTestObject("beli barang/Tambah Keranjang busana wanita")): Object: 'Object Repository/beli barang/Tambah Keranjang busana wanita' is clicked on

2023-10-04 20:52:33 - [MESSAGE][PASSED] - Object: 'Object Repository/beli barang/Tambah Keranjang busana wanita' is clicked on

2023-10-04 20:52:33 - [TEST_STEP][PASSED] - verifyElementPresent(findTestObject("checkout/Notifikasi keranjang"), 1): Object 'Object Repository/checkout/Notifikasi keranjang' is present

2023-10-04 20:52:33 - [MESSAGE][PASSED] - Object 'Object Repository/checkout/Notifikasi keranjang' is present

2023-10-04 20:52:33 - [TEST_STEP][PASSED] - data = new java.util.HashMap(): null

2023-10-04 20:52:33 - [TEST_STEP][PASSED] - data.put("nama_barang", NamaSesudah): null

2023-10-04 20:52:33 - [TEST_STEP][PASSED] - data.put("price_barang", HargaSesudah): null

2023-10-04 20:52:33 - [TEST_STEP][PASSED] - return data: null

2023-10-04 20:52:33 - [MESSAGE][PASSED] - Call Test Case 'Test Cases/T13 Pembelian, Shipment dan Pembayaran/PBL-001' successfully

2023-10-04 20:52:33 - [TEST_STEP][PASSED] - mouseOver(findTestObject("beli barang/keranjang")): Object: 'Object Repository/beli barang/keranjang' is hovered

2023-10-04 20:52:34 - [MESSAGE][PASSED] - Object: 'Object Repository/beli barang/keranjang' is hovered

2023-10-04 20:52:34 - [TEST_STEP][PASSED] - click(findTestObject("beli barang/Lihat Sekarang")): Object: 'Object Repository/beli barang/Lihat Sekarang' is clicked on

2023-10-04 20:52:35 - [MESSAGE][PASSED] - Object: 'Object Repository/beli barang/Lihat Sekarang' is clicked on

2023-10-04 20:52:35 - [TEST_STEP][PASSED] - verifyElementPresent(findTestObject("keranjang/li_Keranjang Belanja"), 0): Object 'Object Repository/keranjang/li_Keranjang Belanja' is present

2023-10-04 20:52:35 - [MESSAGE][WARNING] - Timeout '0' is invalid. Using default page load timeout: '30'

2023-10-04 20:52:36 - [MESSAGE][PASSED] - Object 'Object Repository/keranjang/li_Keranjang Belanja' is present

2023-10-04 20:52:36 - [TEST_STEP][PASSED] - NamaKeranjang = getText(findTestObject("verifikasi/Nama keranjang")): Text of object 'Object Repository/verifikasi/Nama keranjang' is: 'Segitiga Instan Madeira - MDB5.3 Sunset'

2023-10-04 20:52:36 - [MESSAGE][PASSED] - Text of object 'Object Repository/verifikasi/Nama keranjang' is: 'Segitiga Instan Madeira - MDB5.3 Sunset'

2023-10-04 20:52:36 - [TEST_STEP][PASSED] - HargaKeranjang = getText(findTestObject("verifikasi/Harga Keranjang")): Text of object 'Object Repository/verifikasi/Harga Keranjang' is: 'Rp 1,299'

2023-10-04 20:52:37 - [MESSAGE][PASSED] - Text of object 'Object Repository/verifikasi/Harga Keranjang' is: 'Rp 1,299'

2023-10-04 20:52:37 - [TEST_STEP][PASSED] - if (toString().equalsIgnoreCase("Merah")): Object 'Object Repository/keranjang/input_Warna_variasi101' is checked

2023-10-04 20:52:37 - [TEST_STEP][PASSED] - check(findTestObject("Object Repository/keranjang/input_Warna_variasi101")): Object 'Object Repository/keranjang/input_Warna_variasi101' is checked

2023-10-04 20:52:37 - [MESSAGE][PASSED] - Object 'Object Repository/keranjang/input_Warna_variasi101' is checked

2023-10-04 20:52:37 - [TEST_STEP][PASSED] - if (toString().equalsIgnoreCase("Menengah")): Object 'Object Repository/keranjang/input_Ukuran_variasi201' is checked

2023-10-04 20:52:37 - [TEST_STEP][PASSED] - check(findTestObject("Object Repository/keranjang/input_Ukuran_variasi201")): Object 'Object Repository/keranjang/input_Ukuran_variasi201' is checked

2023-10-04 20:52:38 - [MESSAGE][PASSED] - Object 'Object Repository/keranjang/input_Ukuran_variasi201' is checked

2023-10-04 20:52:38 - [TEST_STEP][PASSED] - data.put("Warna", warna): null

2023-10-04 20:52:38 - [TEST_STEP][PASSED] - data.put("Ukuran", ukuran): null

2023-10-04 20:52:38 - [TEST_STEP][PASSED] - click(findTestObject("keranjang/button_Lanjut ke Pembayaran")): Object: 'Object Repository/keranjang/button_Lanjut ke Pembayaran' is clicked on

2023-10-04 20:52:39 - [MESSAGE][PASSED] - Object: 'Object Repository/keranjang/button_Lanjut ke Pembayaran' is clicked on

2023-10-04 20:52:39 - [TEST_STEP][PASSED] - verifyElementPresent(findTestObject("checkout/Tittle Checkout Order"), 0): Object 'Object Repository/checkout/Tittle Checkout Order' is present

2023-10-04 20:52:39 - [MESSAGE][WARNING] - Timeout '0' is invalid. Using default page load timeout: '30'

2023-10-04 20:52:40 - [MESSAGE][PASSED] - Object 'Object Repository/checkout/Tittle Checkout Order' is present

2023-10-04 20:52:40 - [TEST_STEP][PASSED] - name_product = data.get("nama_barang"): null

2023-10-04 20:52:40 - [TEST_STEP][PASSED] - price_product = data.get("price_barang"): null

2023-10-04 20:52:40 - [TEST_STEP][PASSED] - assert name_product == NamaKeranjang: null

2023-10-04 20:52:40 - [TEST_STEP][PASSED] - assert price_product == HargaKeranjang: null

2023-10-04 20:52:40 - [TEST_STEP][PASSED] - return data: null

2023-10-04 20:52:40 - [MESSAGE][PASSED] - Call Test Case 'Test Cases/T13 Pembelian, Shipment dan Pembayaran/PBL-002' successfully

2023-10-04 20:52:40 - [TEST_STEP][PASSED] - warnaa = getText(findTestObject("verifikasi/warna Merah")): Text of object 'Object Repository/verifikasi/warna Merah' is: 'Merah'

2023-10-04 20:52:40 - [MESSAGE][PASSED] - Text of object 'Object Repository/verifikasi/warna Merah' is: 'Merah'

2023-10-04 20:52:40 - [TEST_STEP][PASSED] - ukurann = getText(findTestObject("verifikasi/Ukuran Menengah")): Text of object 'Object Repository/verifikasi/Ukuran Menengah' is: 'Menengah'

2023-10-04 20:52:40 - [MESSAGE][PASSED] - Text of object 'Object Repository/verifikasi/Ukuran Menengah' is: 'Menengah'

2023-10-04 20:52:40 - [TEST_STEP][PASSED] - warna1 = data.get("Warna"): null

2023-10-04 20:52:40 - [TEST_STEP][PASSED] - ukuran1 = data.get("Ukuran"): null

2023-10-04 20:52:40 - [TEST_STEP][PASSED] - assert warnaa == warna1: null

2023-10-04 20:52:40 - [TEST_STEP][PASSED] - assert ukurann == ukuran1: null

2023-10-04 20:52:40 - [TEST_STEP][PASSED] - NamaCheckout = getText(findTestObject("verifikasi/NamaCheckout")): Text of object 'Object Repository/verifikasi/NamaCheckout' is: ''

2023-10-04 20:52:41 - [MESSAGE][PASSED] - Text of object 'Object Repository/verifikasi/NamaCheckout' is: ''

2023-10-04 20:52:41 - [TEST_STEP][PASSED] - HargaCheckout = getText(findTestObject("verifikasi/HargaCheckout")): Text of object 'Object Repository/verifikasi/HargaCheckout' is: '1,299'

2023-10-04 20:52:41 - [MESSAGE][PASSED] - Text of object 'Object Repository/verifikasi/HargaCheckout' is: '1,299'

2023-10-04 20:52:41 - [TEST_STEP][PASSED] - name_product = data.get("nama_barang"): null

2023-10-04 20:52:41 - [TEST_STEP][PASSED] - price_product = data.get("price_barang"): null

2023-10-04 20:52:41 - [TEST_STEP][PASSED] - assert name_product.contains(NamaCheckout): null

2023-10-04 20:52:41 - [TEST_STEP][PASSED] - assert price_product.contains(HargaCheckout): null

2023-10-04 20:52:41 - [TEST_STEP][PASSED] - selectOptionByLabel(findTestObject("checkout/select - Kirim via Kurir Lokal"), Kurir, false): All options with label 'Roda 2' are selected in object 'Object Repository/checkout/select - Kirim via Kurir Lokal' 

2023-10-04 20:52:42 - [MESSAGE][PASSED] - All options with label 'Roda 2' are selected in object 'Object Repository/checkout/select - Kirim via Kurir Lokal' 

2023-10-04 20:52:42 - [TEST_STEP][PASSED] - click(findTestObject("checkout/Kendaraan Kurir")): Object: 'Object Repository/checkout/Kendaraan Kurir' is clicked on

2023-10-04 20:52:43 - [MESSAGE][PASSED] - Object: 'Object Repository/checkout/Kendaraan Kurir' is clicked on

2023-10-04 20:52:43 - [TEST_STEP][PASSED] - OngkosKirim = getText(findTestObject("Object Repository/verifikasi/Ongkos Kirim checkout")): Text of object 'Object Repository/verifikasi/Ongkos Kirim checkout' is: 'Rp. 5,000'

2023-10-04 20:52:43 - [MESSAGE][PASSED] - Text of object 'Object Repository/verifikasi/Ongkos Kirim checkout' is: 'Rp. 5,000'

2023-10-04 20:52:43 - [TEST_STEP][PASSED] - Ongkos = OngkosKirim.substring(3, OngkosKirim.size()): null

2023-10-04 20:52:43 - [TEST_STEP][PASSED] - rep = Ongkos.replace(",", "."): null

2023-10-04 20:52:43 - [TEST_STEP][PASSED] - Ongkos_kirim = Double.parseDouble(rep): null

2023-10-04 20:52:43 - [TEST_STEP][PASSED] - println(Ongkos_kirim): null

2023-10-04 20:52:43 - [TEST_STEP][PASSED] - FeeAdmin = getText(findTestObject("verifikasi/Fee Admin checkout")): Text of object 'Object Repository/verifikasi/Fee Admin checkout' is: 'Fee Admin
Rp 1,500'

2023-10-04 20:52:44 - [MESSAGE][PASSED] - Text of object 'Object Repository/verifikasi/Fee Admin checkout' is: 'Fee Admin
Rp 1,500'

2023-10-04 20:52:44 - [TEST_STEP][PASSED] - Fee_Admin = FeeAdmin.substring(12, FeeAdmin.size()): null

2023-10-04 20:52:44 - [TEST_STEP][PASSED] - fee = Fee_Admin.replace(",", "."): null

2023-10-04 20:52:44 - [TEST_STEP][PASSED] - fee_admin = Double.parseDouble(fee): null

2023-10-04 20:52:44 - [TEST_STEP][PASSED] - println(fee_admin): null

2023-10-04 20:52:44 - [TEST_STEP][PASSED] - Subtotal = getText(findTestObject("verifikasi/subtotal checkout")): Text of object 'Object Repository/verifikasi/subtotal checkout' is: 'Subtotal
Rp 1,299'

2023-10-04 20:52:45 - [MESSAGE][PASSED] - Text of object 'Object Repository/verifikasi/subtotal checkout' is: 'Subtotal
Rp 1,299'

2023-10-04 20:52:45 - [TEST_STEP][PASSED] - sub_total = Subtotal.substring(12, Subtotal.size()): null

2023-10-04 20:52:45 - [TEST_STEP][PASSED] - sub = sub_total.replace(",", "."): null

2023-10-04 20:52:45 - [TEST_STEP][PASSED] - sub_total = Double.parseDouble(sub): null

2023-10-04 20:52:45 - [TEST_STEP][PASSED] - println(sub_total): null

2023-10-04 20:52:45 - [TEST_STEP][PASSED] - Total = getText(findTestObject("verifikasi/Total checkout")): Text of object 'Object Repository/verifikasi/Total checkout' is: 'Rp 7,799'

2023-10-04 20:52:45 - [MESSAGE][PASSED] - Text of object 'Object Repository/verifikasi/Total checkout' is: 'Rp 7,799'

2023-10-04 20:52:45 - [TEST_STEP][PASSED] - totall = Total.substring(3, Total.size()): null

2023-10-04 20:52:45 - [TEST_STEP][PASSED] - total = totall.replace(",", "."): null

2023-10-04 20:52:45 - [TEST_STEP][PASSED] - totall = Double.parseDouble(total): null

2023-10-04 20:52:45 - [TEST_STEP][PASSED] - println(totall): null

2023-10-04 20:52:45 - [TEST_STEP][PASSED] - Total_Harga = Ongkos_kirim + fee_admin + sub_total: null

2023-10-04 20:52:45 - [TEST_STEP][PASSED] - println(Total_Harga): null

2023-10-04 20:52:45 - [TEST_STEP][PASSED] - TotalHarga = Math.round(Total_Harga * 1000) / 1000: null

2023-10-04 20:52:45 - [TEST_STEP][PASSED] - println(TotalHarga): null

2023-10-04 20:52:45 - [TEST_STEP][PASSED] - assert totall == TotalHarga: null

2023-10-04 20:52:45 - [TEST_STEP][PASSED] - click(findTestObject("verifikasi/Metode Transfer")): Object: 'Object Repository/verifikasi/Metode Transfer' is clicked on

2023-10-04 20:52:46 - [MESSAGE][PASSED] - Object: 'Object Repository/verifikasi/Metode Transfer' is clicked on

2023-10-04 20:52:46 - [TEST_STEP][PASSED] - click(findTestObject("checkout/button_Proses Pembayaran")): Object: 'Object Repository/checkout/button_Proses Pembayaran' is clicked on

2023-10-04 20:52:51 - [MESSAGE][PASSED] - Object: 'Object Repository/checkout/button_Proses Pembayaran' is clicked on

2023-10-04 20:52:51 - [TEST_STEP][PASSED] - verifyElementPresent(findTestObject("pembayaran/Tittle nomor invoice"), 0): Object 'Object Repository/pembayaran/Tittle nomor invoice' is present

2023-10-04 20:52:51 - [MESSAGE][WARNING] - Timeout '0' is invalid. Using default page load timeout: '30'

2023-10-04 20:52:54 - [MESSAGE][PASSED] - Object 'Object Repository/pembayaran/Tittle nomor invoice' is present

2023-10-04 20:52:54 - [TEST_STEP][PASSED] - return data: null

2023-10-04 20:52:54 - [MESSAGE][PASSED] - Call Test Case 'Test Cases/T13 Pembelian, Shipment dan Pembayaran/PBL-004' successfully

2023-10-04 20:52:54 - [TEST_STEP][PASSED] - Invoice = getText(findTestObject("pembayaran/nomor invoice")): Text of object 'Object Repository/pembayaran/nomor invoice' is: 'TRX60.20231004205247'

2023-10-04 20:52:54 - [MESSAGE][PASSED] - Text of object 'Object Repository/pembayaran/nomor invoice' is: 'TRX60.20231004205247'

2023-10-04 20:52:54 - [TEST_STEP][PASSED] - data.put("invoice", Invoice): null

2023-10-04 20:52:54 - [TEST_STEP][PASSED] - NamaPemesan = getText(findTestObject("Konfirmasi pesanan shop/Nama pemesan")): Text of object 'Object Repository/Konfirmasi pesanan shop/Nama pemesan' is: 'irfan.afandi'

2023-10-04 20:52:55 - [MESSAGE][PASSED] - Text of object 'Object Repository/Konfirmasi pesanan shop/Nama pemesan' is: 'irfan.afandi'

2023-10-04 20:52:55 - [TEST_STEP][PASSED] - Nama = getText(findTestObject("pembayaran/Nama barang")): Text of object 'Object Repository/pembayaran/Nama barang' is: 'Segitiga Instan Madeira - MDB5.3 Sunset'

2023-10-04 20:52:55 - [MESSAGE][PASSED] - Text of object 'Object Repository/pembayaran/Nama barang' is: 'Segitiga Instan Madeira - MDB5.3 Sunset'

2023-10-04 20:52:55 - [TEST_STEP][PASSED] - Harga = getText(findTestObject("pembayaran/Harga barang")): Text of object 'Object Repository/pembayaran/Harga barang' is: '1,299'

2023-10-04 20:52:56 - [MESSAGE][PASSED] - Text of object 'Object Repository/pembayaran/Harga barang' is: '1,299'

2023-10-04 20:52:56 - [TEST_STEP][PASSED] - name_product = data.get("nama_barang"): null

2023-10-04 20:52:56 - [TEST_STEP][PASSED] - price_product = data.get("price_barang"): null

2023-10-04 20:52:56 - [TEST_STEP][PASSED] - assert name_product.contains(Nama): null

2023-10-04 20:52:56 - [TEST_STEP][PASSED] - assert price_product.contains(Harga): null

2023-10-04 20:52:56 - [TEST_STEP][PASSED] - warnaa = getText(findTestObject("pembayaran/warna")): Text of object 'Object Repository/pembayaran/warna' is: 'Merah'

2023-10-04 20:52:56 - [MESSAGE][PASSED] - Text of object 'Object Repository/pembayaran/warna' is: 'Merah'

2023-10-04 20:52:56 - [TEST_STEP][PASSED] - ukurann = getText(findTestObject("pembayaran/ukuran")): Text of object 'Object Repository/pembayaran/ukuran' is: 'Menengah'

2023-10-04 20:52:57 - [MESSAGE][PASSED] - Text of object 'Object Repository/pembayaran/ukuran' is: 'Menengah'

2023-10-04 20:52:57 - [TEST_STEP][PASSED] - warna1 = data.get("Warna"): null

2023-10-04 20:52:57 - [TEST_STEP][PASSED] - ukuran1 = data.get("Ukuran"): null

2023-10-04 20:52:57 - [TEST_STEP][PASSED] - assert warnaa == warna1: null

2023-10-04 20:52:57 - [TEST_STEP][PASSED] - assert ukurann == ukuran1: null

2023-10-04 20:52:57 - [TEST_STEP][PASSED] - statusPembelian = getText(findTestObject("verifikasi/Status pending di pembelian")): Text of object 'Object Repository/verifikasi/Status pending di pembelian' is: 'Pending'

2023-10-04 20:52:57 - [MESSAGE][PASSED] - Text of object 'Object Repository/verifikasi/Status pending di pembelian' is: 'Pending'

2023-10-04 20:52:57 - [TEST_STEP][PASSED] - data.put("statusPem", statusPembelian): null

2023-10-04 20:52:57 - [TEST_STEP][PASSED] - OngkosKirim = getText(findTestObject("pembayaran/ongkos kirim")): Text of object 'Object Repository/pembayaran/ongkos kirim' is: 'Rp 5,000'

2023-10-04 20:52:58 - [MESSAGE][PASSED] - Text of object 'Object Repository/pembayaran/ongkos kirim' is: 'Rp 5,000'

2023-10-04 20:52:58 - [TEST_STEP][PASSED] - Ongkos = OngkosKirim.substring(3, OngkosKirim.size()): null

2023-10-04 20:52:58 - [TEST_STEP][PASSED] - rep = Ongkos.replace(",", ""): null

2023-10-04 20:52:58 - [TEST_STEP][PASSED] - Ongkos_kirimm = Integer.parseInt(rep): null

2023-10-04 20:52:58 - [TEST_STEP][PASSED] - println(Ongkos_kirimm): null

2023-10-04 20:52:58 - [TEST_STEP][PASSED] - FeeAdmin = getText(findTestObject("pembayaran/fee admin")): Text of object 'Object Repository/pembayaran/fee admin' is: 'Rp 1,500'

2023-10-04 20:52:58 - [MESSAGE][PASSED] - Text of object 'Object Repository/pembayaran/fee admin' is: 'Rp 1,500'

2023-10-04 20:52:58 - [TEST_STEP][PASSED] - Fee_Admin = FeeAdmin.substring(3, FeeAdmin.size()): null

2023-10-04 20:52:58 - [TEST_STEP][PASSED] - fee = Fee_Admin.replace(",", ""): null

2023-10-04 20:52:58 - [TEST_STEP][PASSED] - fee_adminn = Integer.parseInt(fee): null

2023-10-04 20:52:58 - [TEST_STEP][PASSED] - println(fee_adminn): null

2023-10-04 20:52:58 - [TEST_STEP][PASSED] - Subtotal = getText(findTestObject("pembayaran/subtotal")): Text of object 'Object Repository/pembayaran/subtotal' is: 'Rp 1,299'

2023-10-04 20:52:59 - [MESSAGE][PASSED] - Text of object 'Object Repository/pembayaran/subtotal' is: 'Rp 1,299'

2023-10-04 20:52:59 - [TEST_STEP][PASSED] - sub_total = Subtotal.substring(3, Subtotal.size()): null

2023-10-04 20:52:59 - [TEST_STEP][PASSED] - sub = sub_total.replace(",", ""): null

2023-10-04 20:52:59 - [TEST_STEP][PASSED] - sub_totall = Integer.parseInt(sub): null

2023-10-04 20:52:59 - [TEST_STEP][PASSED] - println(sub_totall): null

2023-10-04 20:52:59 - [TEST_STEP][PASSED] - unik = getText(findTestObject("pembayaran/kode unik")): Text of object 'Object Repository/pembayaran/kode unik' is: '+247'

2023-10-04 20:52:59 - [MESSAGE][PASSED] - Text of object 'Object Repository/pembayaran/kode unik' is: '+247'

2023-10-04 20:52:59 - [TEST_STEP][PASSED] - unikk = unik.replace("+", ""): null

2023-10-04 20:52:59 - [TEST_STEP][PASSED] - kode_unik = Integer.parseInt(unikk): null

2023-10-04 20:52:59 - [TEST_STEP][PASSED] - println(kode_unik): null

2023-10-04 20:52:59 - [TEST_STEP][PASSED] - Total = getText(findTestObject("pembayaran/total")): Text of object 'Object Repository/pembayaran/total' is: '8,046'

2023-10-04 20:53:00 - [MESSAGE][PASSED] - Text of object 'Object Repository/pembayaran/total' is: '8,046'

2023-10-04 20:53:00 - [TEST_STEP][PASSED] - total = Total.replace(",", ""): null

2023-10-04 20:53:00 - [TEST_STEP][PASSED] - totalll = Integer.parseInt(total): null

2023-10-04 20:53:00 - [TEST_STEP][PASSED] - println(totalll): null

2023-10-04 20:53:00 - [TEST_STEP][PASSED] - Total_Hargaa = Ongkos_kirimm + fee_adminn + sub_totall + kode_unik: null

2023-10-04 20:53:00 - [TEST_STEP][PASSED] - println(Total_Hargaa): null

2023-10-04 20:53:00 - [TEST_STEP][PASSED] - assert totalll == Total_Hargaa: null

2023-10-04 20:53:00 - [TEST_STEP][PASSED] - data.put("total", Total): null

2023-10-04 20:53:00 - [TEST_STEP][PASSED] - data.put("nama", NamaPemesan): null

2023-10-04 20:53:00 - [TEST_STEP][PASSED] - return data: null

2023-10-04 20:53:00 - [MESSAGE][PASSED] - Call Test Case 'Test Cases/T13 Pembelian, Shipment dan Pembayaran/PBY-001' successfully

2023-10-04 20:53:00 - [TEST_STEP][PASSED] - click(findTestObject("Konfirmasi pesanan shop/Menu Shop")): Object: 'Object Repository/Konfirmasi pesanan shop/Menu Shop' is clicked on

2023-10-04 20:53:01 - [MESSAGE][PASSED] - Object: 'Object Repository/Konfirmasi pesanan shop/Menu Shop' is clicked on

2023-10-04 20:53:01 - [TEST_STEP][PASSED] - click(findTestObject("Konfirmasi pesanan shop/Menu Shop")): Object: 'Object Repository/Konfirmasi pesanan shop/Menu Shop' is clicked on

2023-10-04 20:53:02 - [MESSAGE][PASSED] - Object: 'Object Repository/Konfirmasi pesanan shop/Menu Shop' is clicked on

2023-10-04 20:53:02 - [TEST_STEP][PASSED] - click(findTestObject("verifikasi/Orders Report")): Object: 'Object Repository/verifikasi/Orders Report' is clicked on

2023-10-04 20:53:03 - [MESSAGE][PASSED] - Object: 'Object Repository/verifikasi/Orders Report' is clicked on

2023-10-04 20:53:03 - [TEST_STEP][PASSED] - verifyElementPresent(findTestObject("Login/li_Profile"), 0): Object 'Object Repository/Login/li_Profile' is present

2023-10-04 20:53:03 - [MESSAGE][WARNING] - Timeout '0' is invalid. Using default page load timeout: '30'

2023-10-04 20:53:03 - [MESSAGE][PASSED] - Object 'Object Repository/Login/li_Profile' is present

2023-10-04 20:53:03 - [TEST_STEP][PASSED] - click(findTestObject("verifikasi/Menunggu Pembayaran")): Object: 'Object Repository/verifikasi/Menunggu Pembayaran' is clicked on

2023-10-04 20:53:04 - [MESSAGE][PASSED] - Object: 'Object Repository/verifikasi/Menunggu Pembayaran' is clicked on

2023-10-04 20:53:04 - [TEST_STEP][PASSED] - verifyElementPresent(findTestObject("verifikasi/Notifikasi angka"), 1): Object 'Object Repository/verifikasi/Notifikasi angka' is present

2023-10-04 20:53:04 - [MESSAGE][PASSED] - Object 'Object Repository/verifikasi/Notifikasi angka' is present

2023-10-04 20:53:04 - [TEST_STEP][PASSED] - statusMenunggu = getText(findTestObject("verifikasi/Status Pending di menunggu pembayaran")): Text of object 'Object Repository/verifikasi/Status Pending di menunggu pembayaran' is: 'Pending'

2023-10-04 20:53:05 - [MESSAGE][PASSED] - Text of object 'Object Repository/verifikasi/Status Pending di menunggu pembayaran' is: 'Pending'

2023-10-04 20:53:05 - [TEST_STEP][PASSED] - statusPembayaran = data.get("statusPem"): null

2023-10-04 20:53:05 - [TEST_STEP][PASSED] - assert statusMenunggu == statusPembayaran: null

2023-10-04 20:53:05 - [TEST_STEP][PASSED] - return data: null]]></system-out>
         <system-err><![CDATA[]]></system-err>
      </testcase>
      <testcase name="Test Cases/T13 Pembelian, Shipment dan Pembayaran/SU-010" time="114.947" classname="Test Cases/T13 Pembelian, Shipment dan Pembayaran/SU-010" status="FAILED">
         <failure type="FAILED" message="Test Cases/T13 Pembelian, Shipment dan Pembayaran/SU-010 FAILED.
Reason:
com.kms.katalon.core.exception.StepFailedException: Call Test Case 'Test Cases/T13 Pembelian, Shipment dan Pembayaran/SA-003' failed
	at com.kms.katalon.core.keyword.builtin.CallTestCaseKeyword$_callTestCase_closure1.doCall(CallTestCaseKeyword.groovy:63)
	at com.kms.katalon.core.keyword.builtin.CallTestCaseKeyword$_callTestCase_closure1.call(CallTestCaseKeyword.groovy)
	at com.kms.katalon.core.keyword.internal.KeywordMain.runKeyword(KeywordMain.groovy:75)
	at com.kms.katalon.core.keyword.builtin.CallTestCaseKeyword.callTestCase(CallTestCaseKeyword.groovy:81)
	at com.kms.katalon.core.keyword.builtin.CallTestCaseKeyword.execute(CallTestCaseKeyword.groovy:44)
	at com.kms.katalon.core.keyword.internal.KeywordExecutor.executeKeywordForPlatform(KeywordExecutor.groovy:74)
	at com.kms.katalon.core.keyword.BuiltinKeywords.callTestCase(BuiltinKeywords.groovy:310)
	at SU-010.run(SU-010:20)
	at com.kms.katalon.core.main.ScriptEngine.run(ScriptEngine.java:194)
	at com.kms.katalon.core.main.ScriptEngine.runScriptAsRawText(ScriptEngine.java:119)
	at com.kms.katalon.core.main.TestCaseExecutor.runScript(TestCaseExecutor.java:448)
	at com.kms.katalon.core.main.TestCaseExecutor.doExecute(TestCaseExecutor.java:439)
	at com.kms.katalon.core.main.TestCaseExecutor.processExecutionPhase(TestCaseExecutor.java:418)
	at com.kms.katalon.core.main.TestCaseExecutor.accessMainPhase(TestCaseExecutor.java:410)
	at com.kms.katalon.core.main.TestCaseExecutor.execute(TestCaseExecutor.java:285)
	at com.kms.katalon.core.common.CommonExecutor.accessTestCaseMainPhase(CommonExecutor.java:65)
	at com.kms.katalon.core.main.TestSuiteExecutor.accessTestSuiteMainPhase(TestSuiteExecutor.java:148)
	at com.kms.katalon.core.main.TestSuiteExecutor.execute(TestSuiteExecutor.java:106)
	at com.kms.katalon.core.main.TestCaseMain.startTestSuite(TestCaseMain.java:187)
	at com.kms.katalon.core.main.TestCaseMain$startTestSuite$0.call(Unknown Source)
	at TempTestSuite1696424348948.run(TempTestSuite1696424348948.groovy:36)
Caused by: com.kms.katalon.core.exception.StepFailedException: Unable to verify text 'Proses' is present 
	at com.kms.katalon.core.webui.keyword.internal.WebUIKeywordMain.stepFailed(WebUIKeywordMain.groovy:64)
	at com.kms.katalon.core.webui.keyword.internal.WebUIKeywordMain.runKeyword(WebUIKeywordMain.groovy:26)
	at com.kms.katalon.core.webui.keyword.builtin.VerifyTextPresentKeyword.verifyTextPresent(VerifyTextPresentKeyword.groovy:83)
	at com.kms.katalon.core.webui.keyword.builtin.VerifyTextPresentKeyword.execute(VerifyTextPresentKeyword.groovy:68)
	at com.kms.katalon.core.keyword.internal.KeywordExecutor.executeKeywordForPlatform(KeywordExecutor.groovy:74)
	at com.kms.katalon.core.webui.keyword.WebUiBuiltInKeywords.verifyTextPresent(WebUiBuiltInKeywords.groovy:1723)
	at com.kms.katalon.core.webui.keyword.WebUiBuiltInKeywords$verifyTextPresent$7.call(Unknown Source)
	at SA-003.run(SA-003:32)
	at com.kms.katalon.core.main.ScriptEngine.run(ScriptEngine.java:194)
	at com.kms.katalon.core.main.ScriptEngine.runScriptAsRawText(ScriptEngine.java:119)
	at com.kms.katalon.core.main.TestCaseExecutor.runScript(TestCaseExecutor.java:448)
	at com.kms.katalon.core.main.TestCaseExecutor.doExecute(TestCaseExecutor.java:439)
	at com.kms.katalon.core.main.TestCaseExecutor.processExecutionPhase(TestCaseExecutor.java:418)
	at com.kms.katalon.core.main.TestCaseExecutor.accessMainPhase(TestCaseExecutor.java:410)
	at com.kms.katalon.core.main.TestCaseExecutor.execute(TestCaseExecutor.java:285)
	at com.kms.katalon.core.main.TestCaseMain.runTestCase(TestCaseMain.java:144)
	at com.kms.katalon.core.keyword.builtin.CallTestCaseKeyword$_callTestCase_closure1.doCall(CallTestCaseKeyword.groovy:59)
	... 20 more
Caused by: com.kms.katalon.core.exception.StepFailedException: Text 'Proses' is not present on page 
	at com.kms.katalon.core.webui.keyword.internal.WebUIKeywordMain.stepFailed(WebUIKeywordMain.groovy:64)
	at com.kms.katalon.core.webui.keyword.builtin.VerifyTextPresentKeyword$_verifyTextPresent_closure1.doCall(VerifyTextPresentKeyword.groovy:79)
	at com.kms.katalon.core.webui.keyword.builtin.VerifyTextPresentKeyword$_verifyTextPresent_closure1.call(VerifyTextPresentKeyword.groovy)
	at com.kms.katalon.core.webui.keyword.internal.WebUIKeywordMain.runKeyword(WebUIKeywordMain.groovy:20)
	... 35 more
"/>
         <system-out><![CDATA[2023-10-04 20:53:05 - [TEST_CASE][FAILED] - Test Cases/T13 Pembelian, Shipment dan Pembayaran/SU-010: Test Cases/T13 Pembelian, Shipment dan Pembayaran/SU-010 FAILED.
Reason:
com.kms.katalon.core.exception.StepFailedException: Call Test Case 'Test Cases/T13 Pembelian, Shipment dan Pembayaran/SA-003' failed
	at com.kms.katalon.core.keyword.builtin.CallTestCaseKeyword$_callTestCase_closure1.doCall(CallTestCaseKeyword.groovy:63)
	at com.kms.katalon.core.keyword.builtin.CallTestCaseKeyword$_callTestCase_closure1.call(CallTestCaseKeyword.groovy)
	at com.kms.katalon.core.keyword.internal.KeywordMain.runKeyword(KeywordMain.groovy:75)
	at com.kms.katalon.core.keyword.builtin.CallTestCaseKeyword.callTestCase(CallTestCaseKeyword.groovy:81)
	at com.kms.katalon.core.keyword.builtin.CallTestCaseKeyword.execute(CallTestCaseKeyword.groovy:44)
	at com.kms.katalon.core.keyword.internal.KeywordExecutor.executeKeywordForPlatform(KeywordExecutor.groovy:74)
	at com.kms.katalon.core.keyword.BuiltinKeywords.callTestCase(BuiltinKeywords.groovy:310)
	at SU-010.run(SU-010:20)
	at com.kms.katalon.core.main.ScriptEngine.run(ScriptEngine.java:194)
	at com.kms.katalon.core.main.ScriptEngine.runScriptAsRawText(ScriptEngine.java:119)
	at com.kms.katalon.core.main.TestCaseExecutor.runScript(TestCaseExecutor.java:448)
	at com.kms.katalon.core.main.TestCaseExecutor.doExecute(TestCaseExecutor.java:439)
	at com.kms.katalon.core.main.TestCaseExecutor.processExecutionPhase(TestCaseExecutor.java:418)
	at com.kms.katalon.core.main.TestCaseExecutor.accessMainPhase(TestCaseExecutor.java:410)
	at com.kms.katalon.core.main.TestCaseExecutor.execute(TestCaseExecutor.java:285)
	at com.kms.katalon.core.common.CommonExecutor.accessTestCaseMainPhase(CommonExecutor.java:65)
	at com.kms.katalon.core.main.TestSuiteExecutor.accessTestSuiteMainPhase(TestSuiteExecutor.java:148)
	at com.kms.katalon.core.main.TestSuiteExecutor.execute(TestSuiteExecutor.java:106)
	at com.kms.katalon.core.main.TestCaseMain.startTestSuite(TestCaseMain.java:187)
	at com.kms.katalon.core.main.TestCaseMain$startTestSuite$0.call(Unknown Source)
	at TempTestSuite1696424348948.run(TempTestSuite1696424348948.groovy:36)
Caused by: com.kms.katalon.core.exception.StepFailedException: Unable to verify text 'Proses' is present 
	at com.kms.katalon.core.webui.keyword.internal.WebUIKeywordMain.stepFailed(WebUIKeywordMain.groovy:64)
	at com.kms.katalon.core.webui.keyword.internal.WebUIKeywordMain.runKeyword(WebUIKeywordMain.groovy:26)
	at com.kms.katalon.core.webui.keyword.builtin.VerifyTextPresentKeyword.verifyTextPresent(VerifyTextPresentKeyword.groovy:83)
	at com.kms.katalon.core.webui.keyword.builtin.VerifyTextPresentKeyword.execute(VerifyTextPresentKeyword.groovy:68)
	at com.kms.katalon.core.keyword.internal.KeywordExecutor.executeKeywordForPlatform(KeywordExecutor.groovy:74)
	at com.kms.katalon.core.webui.keyword.WebUiBuiltInKeywords.verifyTextPresent(WebUiBuiltInKeywords.groovy:1723)
	at com.kms.katalon.core.webui.keyword.WebUiBuiltInKeywords$verifyTextPresent$7.call(Unknown Source)
	at SA-003.run(SA-003:32)
	at com.kms.katalon.core.main.ScriptEngine.run(ScriptEngine.java:194)
	at com.kms.katalon.core.main.ScriptEngine.runScriptAsRawText(ScriptEngine.java:119)
	at com.kms.katalon.core.main.TestCaseExecutor.runScript(TestCaseExecutor.java:448)
	at com.kms.katalon.core.main.TestCaseExecutor.doExecute(TestCaseExecutor.java:439)
	at com.kms.katalon.core.main.TestCaseExecutor.processExecutionPhase(TestCaseExecutor.java:418)
	at com.kms.katalon.core.main.TestCaseExecutor.accessMainPhase(TestCaseExecutor.java:410)
	at com.kms.katalon.core.main.TestCaseExecutor.execute(TestCaseExecutor.java:285)
	at com.kms.katalon.core.main.TestCaseMain.runTestCase(TestCaseMain.java:144)
	at com.kms.katalon.core.keyword.builtin.CallTestCaseKeyword$_callTestCase_closure1.doCall(CallTestCaseKeyword.groovy:59)
	... 20 more
Caused by: com.kms.katalon.core.exception.StepFailedException: Text 'Proses' is not present on page 
	at com.kms.katalon.core.webui.keyword.internal.WebUIKeywordMain.stepFailed(WebUIKeywordMain.groovy:64)
	at com.kms.katalon.core.webui.keyword.builtin.VerifyTextPresentKeyword$_verifyTextPresent_closure1.doCall(VerifyTextPresentKeyword.groovy:79)
	at com.kms.katalon.core.webui.keyword.builtin.VerifyTextPresentKeyword$_verifyTextPresent_closure1.call(VerifyTextPresentKeyword.groovy)
	at com.kms.katalon.core.webui.keyword.internal.WebUIKeywordMain.runKeyword(WebUIKeywordMain.groovy:20)
	... 35 more


2023-10-04 20:53:06 - [TEST_STEP][FAILED] - data = callTestCase(findTestCase("T13 Pembelian, Shipment dan Pembayaran/SA-003"), [:], STOP_ON_FAILURE): Unable to call Test Case 'Test Cases/T13 Pembelian, Shipment dan Pembayaran/SA-003' (Root cause: com.kms.katalon.core.exception.StepFailedException: Call Test Case 'Test Cases/T13 Pembelian, Shipment dan Pembayaran/SA-003' failed
	at com.kms.katalon.core.keyword.builtin.CallTestCaseKeyword$_callTestCase_closure1.doCall(CallTestCaseKeyword.groovy:63)
	at com.kms.katalon.core.keyword.builtin.CallTestCaseKeyword$_callTestCase_closure1.call(CallTestCaseKeyword.groovy)
	at com.kms.katalon.core.keyword.internal.KeywordMain.runKeyword(KeywordMain.groovy:75)
	at com.kms.katalon.core.keyword.builtin.CallTestCaseKeyword.callTestCase(CallTestCaseKeyword.groovy:81)
	at com.kms.katalon.core.keyword.builtin.CallTestCaseKeyword.execute(CallTestCaseKeyword.groovy:44)
	at com.kms.katalon.core.keyword.internal.KeywordExecutor.executeKeywordForPlatform(KeywordExecutor.groovy:74)
	at com.kms.katalon.core.keyword.BuiltinKeywords.callTestCase(BuiltinKeywords.groovy:310)
	at SU-010.run(SU-010:20)
	at com.kms.katalon.core.main.ScriptEngine.run(ScriptEngine.java:194)
	at com.kms.katalon.core.main.ScriptEngine.runScriptAsRawText(ScriptEngine.java:119)
	at com.kms.katalon.core.main.TestCaseExecutor.runScript(TestCaseExecutor.java:448)
	at com.kms.katalon.core.main.TestCaseExecutor.doExecute(TestCaseExecutor.java:439)
	at com.kms.katalon.core.main.TestCaseExecutor.processExecutionPhase(TestCaseExecutor.java:418)
	at com.kms.katalon.core.main.TestCaseExecutor.accessMainPhase(TestCaseExecutor.java:410)
	at com.kms.katalon.core.main.TestCaseExecutor.execute(TestCaseExecutor.java:285)
	at com.kms.katalon.core.common.CommonExecutor.accessTestCaseMainPhase(CommonExecutor.java:65)
	at com.kms.katalon.core.main.TestSuiteExecutor.accessTestSuiteMainPhase(TestSuiteExecutor.java:148)
	at com.kms.katalon.core.main.TestSuiteExecutor.execute(TestSuiteExecutor.java:106)
	at com.kms.katalon.core.main.TestCaseMain.startTestSuite(TestCaseMain.java:187)
	at com.kms.katalon.core.main.TestCaseMain$startTestSuite$0.call(Unknown Source)
	at TempTestSuite1696424348948.run(TempTestSuite1696424348948.groovy:36)
Caused by: com.kms.katalon.core.exception.StepFailedException: Unable to verify text 'Proses' is present 
	at com.kms.katalon.core.webui.keyword.internal.WebUIKeywordMain.stepFailed(WebUIKeywordMain.groovy:64)
	at com.kms.katalon.core.webui.keyword.internal.WebUIKeywordMain.runKeyword(WebUIKeywordMain.groovy:26)
	at com.kms.katalon.core.webui.keyword.builtin.VerifyTextPresentKeyword.verifyTextPresent(VerifyTextPresentKeyword.groovy:83)
	at com.kms.katalon.core.webui.keyword.builtin.VerifyTextPresentKeyword.execute(VerifyTextPresentKeyword.groovy:68)
	at com.kms.katalon.core.keyword.internal.KeywordExecutor.executeKeywordForPlatform(KeywordExecutor.groovy:74)
	at com.kms.katalon.core.webui.keyword.WebUiBuiltInKeywords.verifyTextPresent(WebUiBuiltInKeywords.groovy:1723)
	at com.kms.katalon.core.webui.keyword.WebUiBuiltInKeywords$verifyTextPresent$7.call(Unknown Source)
	at SA-003.run(SA-003:32)
	at com.kms.katalon.core.main.ScriptEngine.run(ScriptEngine.java:194)
	at com.kms.katalon.core.main.ScriptEngine.runScriptAsRawText(ScriptEngine.java:119)
	at com.kms.katalon.core.main.TestCaseExecutor.runScript(TestCaseExecutor.java:448)
	at com.kms.katalon.core.main.TestCaseExecutor.doExecute(TestCaseExecutor.java:439)
	at com.kms.katalon.core.main.TestCaseExecutor.processExecutionPhase(TestCaseExecutor.java:418)
	at com.kms.katalon.core.main.TestCaseExecutor.accessMainPhase(TestCaseExecutor.java:410)
	at com.kms.katalon.core.main.TestCaseExecutor.execute(TestCaseExecutor.java:285)
	at com.kms.katalon.core.main.TestCaseMain.runTestCase(TestCaseMain.java:144)
	at com.kms.katalon.core.keyword.builtin.CallTestCaseKeyword$_callTestCase_closure1.doCall(CallTestCaseKeyword.groovy:59)
	... 20 more
Caused by: com.kms.katalon.core.exception.StepFailedException: Text 'Proses' is not present on page 
	at com.kms.katalon.core.webui.keyword.internal.WebUIKeywordMain.stepFailed(WebUIKeywordMain.groovy:64)
	at com.kms.katalon.core.webui.keyword.builtin.VerifyTextPresentKeyword$_verifyTextPresent_closure1.doCall(VerifyTextPresentKeyword.groovy:79)
	at com.kms.katalon.core.webui.keyword.builtin.VerifyTextPresentKeyword$_verifyTextPresent_closure1.call(VerifyTextPresentKeyword.groovy)
	at com.kms.katalon.core.webui.keyword.internal.WebUIKeywordMain.runKeyword(WebUIKeywordMain.groovy:20)
	... 35 more
)

2023-10-04 20:53:06 - [TEST_CASE][FAILED] - Test Cases/T13 Pembelian, Shipment dan Pembayaran/SA-003: Test Cases/T13 Pembelian, Shipment dan Pembayaran/SA-003 FAILED.
Reason:
com.kms.katalon.core.exception.StepFailedException: Unable to verify text 'Proses' is present 
	at com.kms.katalon.core.webui.keyword.internal.WebUIKeywordMain.stepFailed(WebUIKeywordMain.groovy:64)
	at com.kms.katalon.core.webui.keyword.internal.WebUIKeywordMain.runKeyword(WebUIKeywordMain.groovy:26)
	at com.kms.katalon.core.webui.keyword.builtin.VerifyTextPresentKeyword.verifyTextPresent(VerifyTextPresentKeyword.groovy:83)
	at com.kms.katalon.core.webui.keyword.builtin.VerifyTextPresentKeyword.execute(VerifyTextPresentKeyword.groovy:68)
	at com.kms.katalon.core.keyword.internal.KeywordExecutor.executeKeywordForPlatform(KeywordExecutor.groovy:74)
	at com.kms.katalon.core.webui.keyword.WebUiBuiltInKeywords.verifyTextPresent(WebUiBuiltInKeywords.groovy:1723)
	at com.kms.katalon.core.webui.keyword.WebUiBuiltInKeywords$verifyTextPresent$7.call(Unknown Source)
	at SA-003.run(SA-003:32)
	at com.kms.katalon.core.main.ScriptEngine.run(ScriptEngine.java:194)
	at com.kms.katalon.core.main.ScriptEngine.runScriptAsRawText(ScriptEngine.java:119)
	at com.kms.katalon.core.main.TestCaseExecutor.runScript(TestCaseExecutor.java:448)
	at com.kms.katalon.core.main.TestCaseExecutor.doExecute(TestCaseExecutor.java:439)
	at com.kms.katalon.core.main.TestCaseExecutor.processExecutionPhase(TestCaseExecutor.java:418)
	at com.kms.katalon.core.main.TestCaseExecutor.accessMainPhase(TestCaseExecutor.java:410)
	at com.kms.katalon.core.main.TestCaseExecutor.execute(TestCaseExecutor.java:285)
	at com.kms.katalon.core.main.TestCaseMain.runTestCase(TestCaseMain.java:144)
	at com.kms.katalon.core.keyword.builtin.CallTestCaseKeyword$_callTestCase_closure1.doCall(CallTestCaseKeyword.groovy:59)
	at com.kms.katalon.core.keyword.builtin.CallTestCaseKeyword$_callTestCase_closure1.call(CallTestCaseKeyword.groovy)
	at com.kms.katalon.core.keyword.internal.KeywordMain.runKeyword(KeywordMain.groovy:75)
	at com.kms.katalon.core.keyword.builtin.CallTestCaseKeyword.callTestCase(CallTestCaseKeyword.groovy:81)
	at com.kms.katalon.core.keyword.builtin.CallTestCaseKeyword.execute(CallTestCaseKeyword.groovy:44)
	at com.kms.katalon.core.keyword.internal.KeywordExecutor.executeKeywordForPlatform(KeywordExecutor.groovy:74)
	at com.kms.katalon.core.keyword.BuiltinKeywords.callTestCase(BuiltinKeywords.groovy:310)
	at SU-010.run(SU-010:20)
	at com.kms.katalon.core.main.ScriptEngine.run(ScriptEngine.java:194)
	at com.kms.katalon.core.main.ScriptEngine.runScriptAsRawText(ScriptEngine.java:119)
	at com.kms.katalon.core.main.TestCaseExecutor.runScript(TestCaseExecutor.java:448)
	at com.kms.katalon.core.main.TestCaseExecutor.doExecute(TestCaseExecutor.java:439)
	at com.kms.katalon.core.main.TestCaseExecutor.processExecutionPhase(TestCaseExecutor.java:418)
	at com.kms.katalon.core.main.TestCaseExecutor.accessMainPhase(TestCaseExecutor.java:410)
	at com.kms.katalon.core.main.TestCaseExecutor.execute(TestCaseExecutor.java:285)
	at com.kms.katalon.core.common.CommonExecutor.accessTestCaseMainPhase(CommonExecutor.java:65)
	at com.kms.katalon.core.main.TestSuiteExecutor.accessTestSuiteMainPhase(TestSuiteExecutor.java:148)
	at com.kms.katalon.core.main.TestSuiteExecutor.execute(TestSuiteExecutor.java:106)
	at com.kms.katalon.core.main.TestCaseMain.startTestSuite(TestCaseMain.java:187)
	at com.kms.katalon.core.main.TestCaseMain$startTestSuite$0.call(Unknown Source)
	at TempTestSuite1696424348948.run(TempTestSuite1696424348948.groovy:36)
Caused by: com.kms.katalon.core.exception.StepFailedException: Text 'Proses' is not present on page 
	at com.kms.katalon.core.webui.keyword.internal.WebUIKeywordMain.stepFailed(WebUIKeywordMain.groovy:64)
	at com.kms.katalon.core.webui.keyword.builtin.VerifyTextPresentKeyword$_verifyTextPresent_closure1.doCall(VerifyTextPresentKeyword.groovy:79)
	at com.kms.katalon.core.webui.keyword.builtin.VerifyTextPresentKeyword$_verifyTextPresent_closure1.call(VerifyTextPresentKeyword.groovy)
	at com.kms.katalon.core.webui.keyword.internal.WebUIKeywordMain.runKeyword(WebUIKeywordMain.groovy:20)
	... 35 more


2023-10-04 20:53:06 - [TEST_STEP][PASSED] - data = callTestCase(findTestCase("T13 Pembelian, Shipment dan Pembayaran/SA-002"), [:], STOP_ON_FAILURE): Call Test Case 'Test Cases/T13 Pembelian, Shipment dan Pembayaran/SA-002' successfully

2023-10-04 20:53:06 - [TEST_CASE][PASSED] - Test Cases/T13 Pembelian, Shipment dan Pembayaran/SA-002: Test Cases/T13 Pembelian, Shipment dan Pembayaran/SA-002

2023-10-04 20:53:06 - [TEST_STEP][PASSED] - data = callTestCase(findTestCase("T13 Pembelian, Shipment dan Pembayaran/SA-001"), [:], STOP_ON_FAILURE): Call Test Case 'Test Cases/T13 Pembelian, Shipment dan Pembayaran/SA-001' successfully

2023-10-04 20:53:06 - [TEST_CASE][PASSED] - Test Cases/T13 Pembelian, Shipment dan Pembayaran/SA-001: Test Cases/T13 Pembelian, Shipment dan Pembayaran/SA-001

2023-10-04 20:53:06 - [TEST_STEP][PASSED] - data = callTestCase(findTestCase("T13 Pembelian, Shipment dan Pembayaran/PBYA-001"), [:], STOP_ON_FAILURE): Call Test Case 'Test Cases/T13 Pembelian, Shipment dan Pembayaran/PBYA-001' successfully

2023-10-04 20:53:06 - [TEST_CASE][PASSED] - Test Cases/T13 Pembelian, Shipment dan Pembayaran/PBYA-001: Test Cases/T13 Pembelian, Shipment dan Pembayaran/PBYA-001

2023-10-04 20:53:06 - [TEST_STEP][PASSED] - data = callTestCase(findTestCase("T13 Pembelian, Shipment dan Pembayaran/PBY-004"), [:], STOP_ON_FAILURE): Call Test Case 'Test Cases/T13 Pembelian, Shipment dan Pembayaran/PBY-004' successfully

2023-10-04 20:53:06 - [TEST_CASE][PASSED] - Test Cases/T13 Pembelian, Shipment dan Pembayaran/PBY-004: Test Cases/T13 Pembelian, Shipment dan Pembayaran/PBY-004

2023-10-04 20:53:06 - [TEST_STEP][PASSED] - data = callTestCase(findTestCase("T13 Pembelian, Shipment dan Pembayaran/PBY-001"), [:], STOP_ON_FAILURE): Call Test Case 'Test Cases/T13 Pembelian, Shipment dan Pembayaran/PBY-001' successfully

2023-10-04 20:53:06 - [TEST_CASE][PASSED] - Test Cases/T13 Pembelian, Shipment dan Pembayaran/PBY-001: Test Cases/T13 Pembelian, Shipment dan Pembayaran/PBY-001

2023-10-04 20:53:06 - [TEST_STEP][PASSED] - data = callTestCase(findTestCase("T13 Pembelian, Shipment dan Pembayaran/PBL-004"), ["Kurir":"Roda 2"], STOP_ON_FAILURE): Call Test Case 'Test Cases/T13 Pembelian, Shipment dan Pembayaran/PBL-004' successfully

2023-10-04 20:53:06 - [TEST_CASE][PASSED] - Test Cases/T13 Pembelian, Shipment dan Pembayaran/PBL-004: Test Cases/T13 Pembelian, Shipment dan Pembayaran/PBL-004

2023-10-04 20:53:06 - [TEST_STEP][PASSED] - data = callTestCase(findTestCase("T13 Pembelian, Shipment dan Pembayaran/PBL-002"), [:], STOP_ON_FAILURE): Call Test Case 'Test Cases/T13 Pembelian, Shipment dan Pembayaran/PBL-002' successfully

2023-10-04 20:53:06 - [TEST_CASE][PASSED] - Test Cases/T13 Pembelian, Shipment dan Pembayaran/PBL-002: Test Cases/T13 Pembelian, Shipment dan Pembayaran/PBL-002

2023-10-04 20:53:06 - [TEST_STEP][PASSED] - data = callTestCase(findTestCase("T13 Pembelian, Shipment dan Pembayaran/PBL-001"), [:], STOP_ON_FAILURE): Call Test Case 'Test Cases/T13 Pembelian, Shipment dan Pembayaran/PBL-001' successfully

2023-10-04 20:53:06 - [TEST_CASE][PASSED] - Test Cases/T13 Pembelian, Shipment dan Pembayaran/PBL-001: Test Cases/T13 Pembelian, Shipment dan Pembayaran/PBL-001

2023-10-04 20:53:06 - [TEST_STEP][PASSED] - callTestCase(findTestCase("T13 Pembelian, Shipment dan Pembayaran/LU-001"), ["username":"irfanafandi", "password":"12345irfan"], STOP_ON_FAILURE): Call Test Case 'Test Cases/T13 Pembelian, Shipment dan Pembayaran/LU-001' successfully

2023-10-04 20:53:06 - [TEST_CASE][PASSED] - Test Cases/T13 Pembelian, Shipment dan Pembayaran/LU-001: Test Cases/T13 Pembelian, Shipment dan Pembayaran/LU-001

2023-10-04 20:53:06 - [TEST_STEP][PASSED] - openBrowser("https://10.9.2.63/ecommerce/"): Browser is opened with url: 'https://10.9.2.63/ecommerce/'

2023-10-04 20:53:06 - [MESSAGE][WARNING] - A browser is already opened. Closing browser and opening a new one

2023-10-04 20:53:09 - [MESSAGE][INFO] - Starting 'Firefox' driver

2023-10-04 20:53:09 - [MESSAGE][INFO] - User set preference: ['args', '[--disable-notifications]']

2023-10-04 20:53:09 - [MESSAGE][INFO] - Action delay is set to 0 milliseconds

2023-10-04 20:53:15 - [MESSAGE][PASSED] - Browser is opened with url: 'https://10.9.2.63/ecommerce/'

2023-10-04 20:53:15 - [TEST_STEP][PASSED] - maximizeWindow(): Current window maximized

2023-10-04 20:53:15 - [MESSAGE][PASSED] - Current window maximized

2023-10-04 20:53:15 - [TEST_STEP][PASSED] - verifyElementPresent(findTestObject("Login/Home"), 0): Object 'Object Repository/Login/Home' is present

2023-10-04 20:53:15 - [MESSAGE][WARNING] - Timeout '0' is invalid. Using default page load timeout: '30'

2023-10-04 20:53:15 - [MESSAGE][PASSED] - Object 'Object Repository/Login/Home' is present

2023-10-04 20:53:15 - [TEST_STEP][PASSED] - click(findTestObject("Login/a_Login")): Object: 'Object Repository/Login/a_Login' is clicked on

2023-10-04 20:53:16 - [MESSAGE][PASSED] - Object: 'Object Repository/Login/a_Login' is clicked on

2023-10-04 20:53:16 - [TEST_STEP][PASSED] - verifyElementPresent(findTestObject("Login/Tittle Login"), 0): Object 'Object Repository/Login/Tittle Login' is present

2023-10-04 20:53:16 - [MESSAGE][WARNING] - Timeout '0' is invalid. Using default page load timeout: '30'

2023-10-04 20:53:17 - [MESSAGE][PASSED] - Object 'Object Repository/Login/Tittle Login' is present

2023-10-04 20:53:17 - [TEST_STEP][PASSED] - setText(findTestObject("Login/input_Username, Email atau No. Handphone_a"), username): Text 'irfanafandi' is set on object 'Object Repository/Login/input_Username, Email atau No. Handphone_a'

2023-10-04 20:53:17 - [MESSAGE][PASSED] - Text 'irfanafandi' is set on object 'Object Repository/Login/input_Username, Email atau No. Handphone_a'

2023-10-04 20:53:17 - [TEST_STEP][PASSED] - setText(findTestObject("Login/input_Password_b"), password): Text '12345irfan' is set on object 'Object Repository/Login/input_Password_b'

2023-10-04 20:53:18 - [MESSAGE][PASSED] - Text '12345irfan' is set on object 'Object Repository/Login/input_Password_b'

2023-10-04 20:53:18 - [TEST_STEP][PASSED] - click(findTestObject("Login/label_Ingat saya")): Object: 'Object Repository/Login/label_Ingat saya' is clicked on

2023-10-04 20:53:19 - [MESSAGE][PASSED] - Object: 'Object Repository/Login/label_Ingat saya' is clicked on

2023-10-04 20:53:19 - [TEST_STEP][PASSED] - click(findTestObject("Login/button_Masuk")): Object: 'Object Repository/Login/button_Masuk' is clicked on

2023-10-04 20:53:20 - [MESSAGE][PASSED] - Object: 'Object Repository/Login/button_Masuk' is clicked on

2023-10-04 20:53:20 - [TEST_STEP][PASSED] - verifyElementPresent(findTestObject("Login/li_Profile"), 0): Object 'Object Repository/Login/li_Profile' is present

2023-10-04 20:53:20 - [MESSAGE][WARNING] - Timeout '0' is invalid. Using default page load timeout: '30'

2023-10-04 20:53:21 - [MESSAGE][PASSED] - Object 'Object Repository/Login/li_Profile' is present

2023-10-04 20:53:21 - [MESSAGE][PASSED] - Call Test Case 'Test Cases/T13 Pembelian, Shipment dan Pembayaran/LU-001' successfully

2023-10-04 20:53:21 - [TEST_STEP][PASSED] - mouseOver(findTestObject("beli barang/i_Mulai Belanja_icon-menu")): Object: 'Object Repository/beli barang/i_Mulai Belanja_icon-menu' is hovered

2023-10-04 20:53:21 - [MESSAGE][PASSED] - Object: 'Object Repository/beli barang/i_Mulai Belanja_icon-menu' is hovered

2023-10-04 20:53:21 - [TEST_STEP][PASSED] - click(findTestObject("beli barang/a_Fashion  Busana Wanita")): Object: 'Object Repository/beli barang/a_Fashion  Busana Wanita' is clicked on

2023-10-04 20:53:23 - [MESSAGE][PASSED] - Object: 'Object Repository/beli barang/a_Fashion  Busana Wanita' is clicked on

2023-10-04 20:53:23 - [TEST_STEP][PASSED] - NamaSebelum = getText(findTestObject("verifikasi/Nama sebelum")): Text of object 'Object Repository/verifikasi/Nama sebelum' is: ''

2023-10-04 20:53:23 - [MESSAGE][PASSED] - Text of object 'Object Repository/verifikasi/Nama sebelum' is: ''

2023-10-04 20:53:23 - [TEST_STEP][PASSED] - HargaSebelum = getText(findTestObject("verifikasi/Harga sebelum")): Text of object 'Object Repository/verifikasi/Harga sebelum' is: 'Rp 1,299'

2023-10-04 20:53:24 - [MESSAGE][PASSED] - Text of object 'Object Repository/verifikasi/Harga sebelum' is: 'Rp 1,299'

2023-10-04 20:53:24 - [TEST_STEP][PASSED] - mouseOver(findTestObject("beli barang/barang mouse over")): Object: 'Object Repository/beli barang/barang mouse over' is hovered

2023-10-04 20:53:24 - [MESSAGE][PASSED] - Object: 'Object Repository/beli barang/barang mouse over' is hovered

2023-10-04 20:53:24 - [TEST_STEP][PASSED] - click(findTestObject("beli barang/buttom add to cart")): Object: 'Object Repository/beli barang/buttom add to cart' is clicked on

2023-10-04 20:53:26 - [MESSAGE][PASSED] - Object: 'Object Repository/beli barang/buttom add to cart' is clicked on

2023-10-04 20:53:26 - [TEST_STEP][PASSED] - NamaSesudah = getText(findTestObject("verifikasi/Nama sesudah")): Text of object 'Object Repository/verifikasi/Nama sesudah' is: 'Segitiga Instan Madeira - MDB5.3 Sunset'

2023-10-04 20:53:27 - [MESSAGE][PASSED] - Text of object 'Object Repository/verifikasi/Nama sesudah' is: 'Segitiga Instan Madeira - MDB5.3 Sunset'

2023-10-04 20:53:27 - [TEST_STEP][PASSED] - HargaSesudah = getText(findTestObject("verifikasi/Harga sesudah")): Text of object 'Object Repository/verifikasi/Harga sesudah' is: 'Rp 1,299'

2023-10-04 20:53:27 - [MESSAGE][PASSED] - Text of object 'Object Repository/verifikasi/Harga sesudah' is: 'Rp 1,299'

2023-10-04 20:53:27 - [TEST_STEP][PASSED] - assert NamaSesudah.contains(NamaSebelum): null

2023-10-04 20:53:27 - [TEST_STEP][PASSED] - assert HargaSesudah.contains(HargaSebelum): null

2023-10-04 20:53:27 - [TEST_STEP][PASSED] - click(findTestObject("beli barang/Tambah Keranjang busana wanita")): Object: 'Object Repository/beli barang/Tambah Keranjang busana wanita' is clicked on

2023-10-04 20:53:28 - [MESSAGE][PASSED] - Object: 'Object Repository/beli barang/Tambah Keranjang busana wanita' is clicked on

2023-10-04 20:53:28 - [TEST_STEP][PASSED] - verifyElementPresent(findTestObject("checkout/Notifikasi keranjang"), 1): Object 'Object Repository/checkout/Notifikasi keranjang' is present

2023-10-04 20:53:28 - [MESSAGE][PASSED] - Object 'Object Repository/checkout/Notifikasi keranjang' is present

2023-10-04 20:53:28 - [TEST_STEP][PASSED] - data = new java.util.HashMap(): null

2023-10-04 20:53:28 - [TEST_STEP][PASSED] - data.put("nama_barang", NamaSesudah): null

2023-10-04 20:53:28 - [TEST_STEP][PASSED] - data.put("price_barang", HargaSesudah): null

2023-10-04 20:53:28 - [TEST_STEP][PASSED] - return data: null

2023-10-04 20:53:28 - [MESSAGE][PASSED] - Call Test Case 'Test Cases/T13 Pembelian, Shipment dan Pembayaran/PBL-001' successfully

2023-10-04 20:53:28 - [TEST_STEP][PASSED] - mouseOver(findTestObject("beli barang/keranjang")): Object: 'Object Repository/beli barang/keranjang' is hovered

2023-10-04 20:53:29 - [MESSAGE][PASSED] - Object: 'Object Repository/beli barang/keranjang' is hovered

2023-10-04 20:53:29 - [TEST_STEP][PASSED] - click(findTestObject("beli barang/Lihat Sekarang")): Object: 'Object Repository/beli barang/Lihat Sekarang' is clicked on

2023-10-04 20:53:30 - [MESSAGE][PASSED] - Object: 'Object Repository/beli barang/Lihat Sekarang' is clicked on

2023-10-04 20:53:30 - [TEST_STEP][PASSED] - verifyElementPresent(findTestObject("keranjang/li_Keranjang Belanja"), 0): Object 'Object Repository/keranjang/li_Keranjang Belanja' is present

2023-10-04 20:53:30 - [MESSAGE][WARNING] - Timeout '0' is invalid. Using default page load timeout: '30'

2023-10-04 20:53:31 - [MESSAGE][PASSED] - Object 'Object Repository/keranjang/li_Keranjang Belanja' is present

2023-10-04 20:53:31 - [TEST_STEP][PASSED] - NamaKeranjang = getText(findTestObject("verifikasi/Nama keranjang")): Text of object 'Object Repository/verifikasi/Nama keranjang' is: 'Segitiga Instan Madeira - MDB5.3 Sunset'

2023-10-04 20:53:31 - [MESSAGE][PASSED] - Text of object 'Object Repository/verifikasi/Nama keranjang' is: 'Segitiga Instan Madeira - MDB5.3 Sunset'

2023-10-04 20:53:31 - [TEST_STEP][PASSED] - HargaKeranjang = getText(findTestObject("verifikasi/Harga Keranjang")): Text of object 'Object Repository/verifikasi/Harga Keranjang' is: 'Rp 1,299'

2023-10-04 20:53:31 - [MESSAGE][PASSED] - Text of object 'Object Repository/verifikasi/Harga Keranjang' is: 'Rp 1,299'

2023-10-04 20:53:31 - [TEST_STEP][PASSED] - if (toString().equalsIgnoreCase("Merah")): Object 'Object Repository/keranjang/input_Warna_variasi101' is checked

2023-10-04 20:53:31 - [TEST_STEP][PASSED] - check(findTestObject("Object Repository/keranjang/input_Warna_variasi101")): Object 'Object Repository/keranjang/input_Warna_variasi101' is checked

2023-10-04 20:53:32 - [MESSAGE][PASSED] - Object 'Object Repository/keranjang/input_Warna_variasi101' is checked

2023-10-04 20:53:32 - [TEST_STEP][PASSED] - if (toString().equalsIgnoreCase("Menengah")): Object 'Object Repository/keranjang/input_Ukuran_variasi201' is checked

2023-10-04 20:53:32 - [TEST_STEP][PASSED] - check(findTestObject("Object Repository/keranjang/input_Ukuran_variasi201")): Object 'Object Repository/keranjang/input_Ukuran_variasi201' is checked

2023-10-04 20:53:33 - [MESSAGE][PASSED] - Object 'Object Repository/keranjang/input_Ukuran_variasi201' is checked

2023-10-04 20:53:33 - [TEST_STEP][PASSED] - data.put("Warna", warna): null

2023-10-04 20:53:33 - [TEST_STEP][PASSED] - data.put("Ukuran", ukuran): null

2023-10-04 20:53:33 - [TEST_STEP][PASSED] - click(findTestObject("keranjang/button_Lanjut ke Pembayaran")): Object: 'Object Repository/keranjang/button_Lanjut ke Pembayaran' is clicked on

2023-10-04 20:53:34 - [MESSAGE][PASSED] - Object: 'Object Repository/keranjang/button_Lanjut ke Pembayaran' is clicked on

2023-10-04 20:53:34 - [TEST_STEP][PASSED] - verifyElementPresent(findTestObject("checkout/Tittle Checkout Order"), 0): Object 'Object Repository/checkout/Tittle Checkout Order' is present

2023-10-04 20:53:34 - [MESSAGE][WARNING] - Timeout '0' is invalid. Using default page load timeout: '30'

2023-10-04 20:53:34 - [MESSAGE][PASSED] - Object 'Object Repository/checkout/Tittle Checkout Order' is present

2023-10-04 20:53:34 - [TEST_STEP][PASSED] - name_product = data.get("nama_barang"): null

2023-10-04 20:53:34 - [TEST_STEP][PASSED] - price_product = data.get("price_barang"): null

2023-10-04 20:53:34 - [TEST_STEP][PASSED] - assert name_product == NamaKeranjang: null

2023-10-04 20:53:34 - [TEST_STEP][PASSED] - assert price_product == HargaKeranjang: null

2023-10-04 20:53:34 - [TEST_STEP][PASSED] - return data: null

2023-10-04 20:53:34 - [MESSAGE][PASSED] - Call Test Case 'Test Cases/T13 Pembelian, Shipment dan Pembayaran/PBL-002' successfully

2023-10-04 20:53:34 - [TEST_STEP][PASSED] - warnaa = getText(findTestObject("verifikasi/warna Merah")): Text of object 'Object Repository/verifikasi/warna Merah' is: 'Merah'

2023-10-04 20:53:35 - [MESSAGE][PASSED] - Text of object 'Object Repository/verifikasi/warna Merah' is: 'Merah'

2023-10-04 20:53:35 - [TEST_STEP][PASSED] - ukurann = getText(findTestObject("verifikasi/Ukuran Menengah")): Text of object 'Object Repository/verifikasi/Ukuran Menengah' is: 'Menengah'

2023-10-04 20:53:35 - [MESSAGE][PASSED] - Text of object 'Object Repository/verifikasi/Ukuran Menengah' is: 'Menengah'

2023-10-04 20:53:35 - [TEST_STEP][PASSED] - warna1 = data.get("Warna"): null

2023-10-04 20:53:35 - [TEST_STEP][PASSED] - ukuran1 = data.get("Ukuran"): null

2023-10-04 20:53:35 - [TEST_STEP][PASSED] - assert warnaa == warna1: null

2023-10-04 20:53:35 - [TEST_STEP][PASSED] - assert ukurann == ukuran1: null

2023-10-04 20:53:35 - [TEST_STEP][PASSED] - NamaCheckout = getText(findTestObject("verifikasi/NamaCheckout")): Text of object 'Object Repository/verifikasi/NamaCheckout' is: ''

2023-10-04 20:53:36 - [MESSAGE][PASSED] - Text of object 'Object Repository/verifikasi/NamaCheckout' is: ''

2023-10-04 20:53:36 - [TEST_STEP][PASSED] - HargaCheckout = getText(findTestObject("verifikasi/HargaCheckout")): Text of object 'Object Repository/verifikasi/HargaCheckout' is: '1,299'

2023-10-04 20:53:36 - [MESSAGE][PASSED] - Text of object 'Object Repository/verifikasi/HargaCheckout' is: '1,299'

2023-10-04 20:53:36 - [TEST_STEP][PASSED] - name_product = data.get("nama_barang"): null

2023-10-04 20:53:36 - [TEST_STEP][PASSED] - price_product = data.get("price_barang"): null

2023-10-04 20:53:36 - [TEST_STEP][PASSED] - assert name_product.contains(NamaCheckout): null

2023-10-04 20:53:36 - [TEST_STEP][PASSED] - assert price_product.contains(HargaCheckout): null

2023-10-04 20:53:36 - [TEST_STEP][PASSED] - selectOptionByLabel(findTestObject("checkout/select - Kirim via Kurir Lokal"), Kurir, false): All options with label 'Roda 2' are selected in object 'Object Repository/checkout/select - Kirim via Kurir Lokal' 

2023-10-04 20:53:37 - [MESSAGE][PASSED] - All options with label 'Roda 2' are selected in object 'Object Repository/checkout/select - Kirim via Kurir Lokal' 

2023-10-04 20:53:37 - [TEST_STEP][PASSED] - click(findTestObject("checkout/Kendaraan Kurir")): Object: 'Object Repository/checkout/Kendaraan Kurir' is clicked on

2023-10-04 20:53:38 - [MESSAGE][PASSED] - Object: 'Object Repository/checkout/Kendaraan Kurir' is clicked on

2023-10-04 20:53:38 - [TEST_STEP][PASSED] - OngkosKirim = getText(findTestObject("Object Repository/verifikasi/Ongkos Kirim checkout")): Text of object 'Object Repository/verifikasi/Ongkos Kirim checkout' is: 'Rp. 5,000'

2023-10-04 20:53:38 - [MESSAGE][PASSED] - Text of object 'Object Repository/verifikasi/Ongkos Kirim checkout' is: 'Rp. 5,000'

2023-10-04 20:53:38 - [TEST_STEP][PASSED] - Ongkos = OngkosKirim.substring(3, OngkosKirim.size()): null

2023-10-04 20:53:38 - [TEST_STEP][PASSED] - rep = Ongkos.replace(",", "."): null

2023-10-04 20:53:38 - [TEST_STEP][PASSED] - Ongkos_kirim = Double.parseDouble(rep): null

2023-10-04 20:53:38 - [TEST_STEP][PASSED] - println(Ongkos_kirim): null

2023-10-04 20:53:38 - [TEST_STEP][PASSED] - FeeAdmin = getText(findTestObject("verifikasi/Fee Admin checkout")): Text of object 'Object Repository/verifikasi/Fee Admin checkout' is: 'Fee Admin
Rp 1,500'

2023-10-04 20:53:39 - [MESSAGE][PASSED] - Text of object 'Object Repository/verifikasi/Fee Admin checkout' is: 'Fee Admin
Rp 1,500'

2023-10-04 20:53:39 - [TEST_STEP][PASSED] - Fee_Admin = FeeAdmin.substring(12, FeeAdmin.size()): null

2023-10-04 20:53:39 - [TEST_STEP][PASSED] - fee = Fee_Admin.replace(",", "."): null

2023-10-04 20:53:39 - [TEST_STEP][PASSED] - fee_admin = Double.parseDouble(fee): null

2023-10-04 20:53:39 - [TEST_STEP][PASSED] - println(fee_admin): null

2023-10-04 20:53:39 - [TEST_STEP][PASSED] - Subtotal = getText(findTestObject("verifikasi/subtotal checkout")): Text of object 'Object Repository/verifikasi/subtotal checkout' is: 'Subtotal
Rp 1,299'

2023-10-04 20:53:39 - [MESSAGE][PASSED] - Text of object 'Object Repository/verifikasi/subtotal checkout' is: 'Subtotal
Rp 1,299'

2023-10-04 20:53:39 - [TEST_STEP][PASSED] - sub_total = Subtotal.substring(12, Subtotal.size()): null

2023-10-04 20:53:39 - [TEST_STEP][PASSED] - sub = sub_total.replace(",", "."): null

2023-10-04 20:53:39 - [TEST_STEP][PASSED] - sub_total = Double.parseDouble(sub): null

2023-10-04 20:53:39 - [TEST_STEP][PASSED] - println(sub_total): null

2023-10-04 20:53:39 - [TEST_STEP][PASSED] - Total = getText(findTestObject("verifikasi/Total checkout")): Text of object 'Object Repository/verifikasi/Total checkout' is: 'Rp 7,799'

2023-10-04 20:53:40 - [MESSAGE][PASSED] - Text of object 'Object Repository/verifikasi/Total checkout' is: 'Rp 7,799'

2023-10-04 20:53:40 - [TEST_STEP][PASSED] - totall = Total.substring(3, Total.size()): null

2023-10-04 20:53:40 - [TEST_STEP][PASSED] - total = totall.replace(",", "."): null

2023-10-04 20:53:40 - [TEST_STEP][PASSED] - totall = Double.parseDouble(total): null

2023-10-04 20:53:40 - [TEST_STEP][PASSED] - println(totall): null

2023-10-04 20:53:40 - [TEST_STEP][PASSED] - Total_Harga = Ongkos_kirim + fee_admin + sub_total: null

2023-10-04 20:53:40 - [TEST_STEP][PASSED] - println(Total_Harga): null

2023-10-04 20:53:40 - [TEST_STEP][PASSED] - TotalHarga = Math.round(Total_Harga * 1000) / 1000: null

2023-10-04 20:53:40 - [TEST_STEP][PASSED] - println(TotalHarga): null

2023-10-04 20:53:40 - [TEST_STEP][PASSED] - assert totall == TotalHarga: null

2023-10-04 20:53:40 - [TEST_STEP][PASSED] - click(findTestObject("verifikasi/Metode Transfer")): Object: 'Object Repository/verifikasi/Metode Transfer' is clicked on

2023-10-04 20:53:40 - [MESSAGE][PASSED] - Object: 'Object Repository/verifikasi/Metode Transfer' is clicked on

2023-10-04 20:53:40 - [TEST_STEP][PASSED] - click(findTestObject("checkout/button_Proses Pembayaran")): Object: 'Object Repository/checkout/button_Proses Pembayaran' is clicked on

2023-10-04 20:53:46 - [MESSAGE][PASSED] - Object: 'Object Repository/checkout/button_Proses Pembayaran' is clicked on

2023-10-04 20:53:46 - [TEST_STEP][PASSED] - verifyElementPresent(findTestObject("pembayaran/Tittle nomor invoice"), 0): Object 'Object Repository/pembayaran/Tittle nomor invoice' is present

2023-10-04 20:53:46 - [MESSAGE][WARNING] - Timeout '0' is invalid. Using default page load timeout: '30'

2023-10-04 20:53:47 - [MESSAGE][PASSED] - Object 'Object Repository/pembayaran/Tittle nomor invoice' is present

2023-10-04 20:53:47 - [TEST_STEP][PASSED] - return data: null

2023-10-04 20:53:47 - [MESSAGE][PASSED] - Call Test Case 'Test Cases/T13 Pembelian, Shipment dan Pembayaran/PBL-004' successfully

2023-10-04 20:53:47 - [TEST_STEP][PASSED] - Invoice = getText(findTestObject("pembayaran/nomor invoice")): Text of object 'Object Repository/pembayaran/nomor invoice' is: 'TRX60.20231004205342'

2023-10-04 20:53:48 - [MESSAGE][PASSED] - Text of object 'Object Repository/pembayaran/nomor invoice' is: 'TRX60.20231004205342'

2023-10-04 20:53:48 - [TEST_STEP][PASSED] - data.put("invoice", Invoice): null

2023-10-04 20:53:48 - [TEST_STEP][PASSED] - NamaPemesan = getText(findTestObject("Konfirmasi pesanan shop/Nama pemesan")): Text of object 'Object Repository/Konfirmasi pesanan shop/Nama pemesan' is: 'irfan.afandi'

2023-10-04 20:53:48 - [MESSAGE][PASSED] - Text of object 'Object Repository/Konfirmasi pesanan shop/Nama pemesan' is: 'irfan.afandi'

2023-10-04 20:53:48 - [TEST_STEP][PASSED] - Nama = getText(findTestObject("pembayaran/Nama barang")): Text of object 'Object Repository/pembayaran/Nama barang' is: 'Segitiga Instan Madeira - MDB5.3 Sunset'

2023-10-04 20:53:49 - [MESSAGE][PASSED] - Text of object 'Object Repository/pembayaran/Nama barang' is: 'Segitiga Instan Madeira - MDB5.3 Sunset'

2023-10-04 20:53:49 - [TEST_STEP][PASSED] - Harga = getText(findTestObject("pembayaran/Harga barang")): Text of object 'Object Repository/pembayaran/Harga barang' is: '1,299'

2023-10-04 20:53:49 - [MESSAGE][PASSED] - Text of object 'Object Repository/pembayaran/Harga barang' is: '1,299'

2023-10-04 20:53:49 - [TEST_STEP][PASSED] - name_product = data.get("nama_barang"): null

2023-10-04 20:53:49 - [TEST_STEP][PASSED] - price_product = data.get("price_barang"): null

2023-10-04 20:53:49 - [TEST_STEP][PASSED] - assert name_product.contains(Nama): null

2023-10-04 20:53:49 - [TEST_STEP][PASSED] - assert price_product.contains(Harga): null

2023-10-04 20:53:49 - [TEST_STEP][PASSED] - warnaa = getText(findTestObject("pembayaran/warna")): Text of object 'Object Repository/pembayaran/warna' is: 'Merah'

2023-10-04 20:53:50 - [MESSAGE][PASSED] - Text of object 'Object Repository/pembayaran/warna' is: 'Merah'

2023-10-04 20:53:50 - [TEST_STEP][PASSED] - ukurann = getText(findTestObject("pembayaran/ukuran")): Text of object 'Object Repository/pembayaran/ukuran' is: 'Menengah'

2023-10-04 20:53:50 - [MESSAGE][PASSED] - Text of object 'Object Repository/pembayaran/ukuran' is: 'Menengah'

2023-10-04 20:53:50 - [TEST_STEP][PASSED] - warna1 = data.get("Warna"): null

2023-10-04 20:53:50 - [TEST_STEP][PASSED] - ukuran1 = data.get("Ukuran"): null

2023-10-04 20:53:50 - [TEST_STEP][PASSED] - assert warnaa == warna1: null

2023-10-04 20:53:50 - [TEST_STEP][PASSED] - assert ukurann == ukuran1: null

2023-10-04 20:53:50 - [TEST_STEP][PASSED] - statusPembelian = getText(findTestObject("verifikasi/Status pending di pembelian")): Text of object 'Object Repository/verifikasi/Status pending di pembelian' is: 'Pending'

2023-10-04 20:53:51 - [MESSAGE][PASSED] - Text of object 'Object Repository/verifikasi/Status pending di pembelian' is: 'Pending'

2023-10-04 20:53:51 - [TEST_STEP][PASSED] - data.put("statusPem", statusPembelian): null

2023-10-04 20:53:51 - [TEST_STEP][PASSED] - OngkosKirim = getText(findTestObject("pembayaran/ongkos kirim")): Text of object 'Object Repository/pembayaran/ongkos kirim' is: 'Rp 5,000'

2023-10-04 20:53:51 - [MESSAGE][PASSED] - Text of object 'Object Repository/pembayaran/ongkos kirim' is: 'Rp 5,000'

2023-10-04 20:53:51 - [TEST_STEP][PASSED] - Ongkos = OngkosKirim.substring(3, OngkosKirim.size()): null

2023-10-04 20:53:51 - [TEST_STEP][PASSED] - rep = Ongkos.replace(",", ""): null

2023-10-04 20:53:51 - [TEST_STEP][PASSED] - Ongkos_kirimm = Integer.parseInt(rep): null

2023-10-04 20:53:51 - [TEST_STEP][PASSED] - println(Ongkos_kirimm): null

2023-10-04 20:53:51 - [TEST_STEP][PASSED] - FeeAdmin = getText(findTestObject("pembayaran/fee admin")): Text of object 'Object Repository/pembayaran/fee admin' is: 'Rp 1,500'

2023-10-04 20:53:52 - [MESSAGE][PASSED] - Text of object 'Object Repository/pembayaran/fee admin' is: 'Rp 1,500'

2023-10-04 20:53:52 - [TEST_STEP][PASSED] - Fee_Admin = FeeAdmin.substring(3, FeeAdmin.size()): null

2023-10-04 20:53:52 - [TEST_STEP][PASSED] - fee = Fee_Admin.replace(",", ""): null

2023-10-04 20:53:52 - [TEST_STEP][PASSED] - fee_adminn = Integer.parseInt(fee): null

2023-10-04 20:53:52 - [TEST_STEP][PASSED] - println(fee_adminn): null

2023-10-04 20:53:52 - [TEST_STEP][PASSED] - Subtotal = getText(findTestObject("pembayaran/subtotal")): Text of object 'Object Repository/pembayaran/subtotal' is: 'Rp 1,299'

2023-10-04 20:53:52 - [MESSAGE][PASSED] - Text of object 'Object Repository/pembayaran/subtotal' is: 'Rp 1,299'

2023-10-04 20:53:52 - [TEST_STEP][PASSED] - sub_total = Subtotal.substring(3, Subtotal.size()): null

2023-10-04 20:53:52 - [TEST_STEP][PASSED] - sub = sub_total.replace(",", ""): null

2023-10-04 20:53:52 - [TEST_STEP][PASSED] - sub_totall = Integer.parseInt(sub): null

2023-10-04 20:53:52 - [TEST_STEP][PASSED] - println(sub_totall): null

2023-10-04 20:53:52 - [TEST_STEP][PASSED] - unik = getText(findTestObject("pembayaran/kode unik")): Text of object 'Object Repository/pembayaran/kode unik' is: '+342'

2023-10-04 20:53:53 - [MESSAGE][PASSED] - Text of object 'Object Repository/pembayaran/kode unik' is: '+342'

2023-10-04 20:53:53 - [TEST_STEP][PASSED] - unikk = unik.replace("+", ""): null

2023-10-04 20:53:53 - [TEST_STEP][PASSED] - kode_unik = Integer.parseInt(unikk): null

2023-10-04 20:53:53 - [TEST_STEP][PASSED] - println(kode_unik): null

2023-10-04 20:53:53 - [TEST_STEP][PASSED] - Total = getText(findTestObject("pembayaran/total")): Text of object 'Object Repository/pembayaran/total' is: '8,141'

2023-10-04 20:53:53 - [MESSAGE][PASSED] - Text of object 'Object Repository/pembayaran/total' is: '8,141'

2023-10-04 20:53:53 - [TEST_STEP][PASSED] - total = Total.replace(",", ""): null

2023-10-04 20:53:53 - [TEST_STEP][PASSED] - totalll = Integer.parseInt(total): null

2023-10-04 20:53:53 - [TEST_STEP][PASSED] - println(totalll): null

2023-10-04 20:53:53 - [TEST_STEP][PASSED] - Total_Hargaa = Ongkos_kirimm + fee_adminn + sub_totall + kode_unik: null

2023-10-04 20:53:53 - [TEST_STEP][PASSED] - println(Total_Hargaa): null

2023-10-04 20:53:53 - [TEST_STEP][PASSED] - assert totalll == Total_Hargaa: null

2023-10-04 20:53:53 - [TEST_STEP][PASSED] - data.put("total", Total): null

2023-10-04 20:53:53 - [TEST_STEP][PASSED] - data.put("nama", NamaPemesan): null

2023-10-04 20:53:53 - [TEST_STEP][PASSED] - return data: null

2023-10-04 20:53:53 - [MESSAGE][PASSED] - Call Test Case 'Test Cases/T13 Pembelian, Shipment dan Pembayaran/PBY-001' successfully

2023-10-04 20:53:53 - [TEST_STEP][PASSED] - inv = data.get("invoice"): null

2023-10-04 20:53:53 - [TEST_STEP][PASSED] - Total = data.get("total"): null

2023-10-04 20:53:53 - [TEST_STEP][PASSED] - NamaPemesan = data.get("nama"): null

2023-10-04 20:53:53 - [TEST_STEP][PASSED] - click(findTestObject("Konfirmasi pesanan shop/Menu Shop")): Object: 'Object Repository/Konfirmasi pesanan shop/Menu Shop' is clicked on

2023-10-04 20:53:54 - [MESSAGE][PASSED] - Object: 'Object Repository/Konfirmasi pesanan shop/Menu Shop' is clicked on

2023-10-04 20:53:54 - [TEST_STEP][PASSED] - click(findTestObject("Konfirmasi pesanan shop/Menu Shop")): Object: 'Object Repository/Konfirmasi pesanan shop/Menu Shop' is clicked on

2023-10-04 20:53:55 - [MESSAGE][PASSED] - Object: 'Object Repository/Konfirmasi pesanan shop/Menu Shop' is clicked on

2023-10-04 20:53:55 - [TEST_STEP][PASSED] - click(findTestObject("Konfirmasi pesanan shop/Konfirmasi Orders")): Object: 'Object Repository/Konfirmasi pesanan shop/Konfirmasi Orders' is clicked on

2023-10-04 20:53:56 - [MESSAGE][PASSED] - Object: 'Object Repository/Konfirmasi pesanan shop/Konfirmasi Orders' is clicked on

2023-10-04 20:53:56 - [TEST_STEP][PASSED] - verifyElementPresent(findTestObject("Konfirmasi pesanan shop/Tittle Konfirmasi Pesanan"), 0): Object 'Object Repository/Konfirmasi pesanan shop/Tittle Konfirmasi Pesanan' is present

2023-10-04 20:53:56 - [MESSAGE][WARNING] - Timeout '0' is invalid. Using default page load timeout: '30'

2023-10-04 20:53:57 - [MESSAGE][PASSED] - Object 'Object Repository/Konfirmasi pesanan shop/Tittle Konfirmasi Pesanan' is present

2023-10-04 20:53:57 - [TEST_STEP][PASSED] - setText(findTestObject("Konfirmasi pesanan shop/input_No Pesanan"), inv): Text 'TRX60.20231004205342' is set on object 'Object Repository/Konfirmasi pesanan shop/input_No Pesanan'

2023-10-04 20:53:57 - [MESSAGE][PASSED] - Text 'TRX60.20231004205342' is set on object 'Object Repository/Konfirmasi pesanan shop/input_No Pesanan'

2023-10-04 20:53:57 - [TEST_STEP][PASSED] - setText(findTestObject("Konfirmasi pesanan shop/input_Alamat E-mai"), "irfan@gmail.com"): Text 'irfan@gmail.com' is set on object 'Object Repository/Konfirmasi pesanan shop/input_Alamat E-mai'

2023-10-04 20:53:58 - [MESSAGE][PASSED] - Text 'irfan@gmail.com' is set on object 'Object Repository/Konfirmasi pesanan shop/input_Alamat E-mai'

2023-10-04 20:53:58 - [TEST_STEP][PASSED] - click(findTestObject("Konfirmasi pesanan shop/button_Submit")): Object: 'Object Repository/Konfirmasi pesanan shop/button_Submit' is clicked on

2023-10-04 20:53:59 - [MESSAGE][PASSED] - Object: 'Object Repository/Konfirmasi pesanan shop/button_Submit' is clicked on

2023-10-04 20:53:59 - [TEST_STEP][PASSED] - verifyElementPresent(findTestObject("Konfirmasi pesanan shop/Tittle nomor invoice"), 0): Object 'Object Repository/Konfirmasi pesanan shop/Tittle nomor invoice' is present

2023-10-04 20:53:59 - [MESSAGE][WARNING] - Timeout '0' is invalid. Using default page load timeout: '30'

2023-10-04 20:54:00 - [MESSAGE][PASSED] - Object 'Object Repository/Konfirmasi pesanan shop/Tittle nomor invoice' is present

2023-10-04 20:54:00 - [TEST_STEP][PASSED] - setText(findTestObject("Konfirmasi pesanan shop/input_Total TagihanTransfer_b"), Total): Text '8,141' is set on object 'Object Repository/Konfirmasi pesanan shop/input_Total TagihanTransfer_b'

2023-10-04 20:54:00 - [MESSAGE][PASSED] - Text '8,141' is set on object 'Object Repository/Konfirmasi pesanan shop/input_Total TagihanTransfer_b'

2023-10-04 20:54:00 - [TEST_STEP][PASSED] - selectOptionByValue(findTestObject("Konfirmasi pesanan shop/select_Bank"), "4", false): All options with value '4' are selected in object 'Object Repository/Konfirmasi pesanan shop/select_Bank' 

2023-10-04 20:54:01 - [MESSAGE][PASSED] - All options with value '4' are selected in object 'Object Repository/Konfirmasi pesanan shop/select_Bank' 

2023-10-04 20:54:01 - [TEST_STEP][PASSED] - setText(findTestObject("Konfirmasi pesanan shop/input_Nama Pengirim_d"), NamaPemesan): Text 'irfan.afandi' is set on object 'Object Repository/Konfirmasi pesanan shop/input_Nama Pengirim_d'

2023-10-04 20:54:02 - [MESSAGE][PASSED] - Text 'irfan.afandi' is set on object 'Object Repository/Konfirmasi pesanan shop/input_Nama Pengirim_d'

2023-10-04 20:54:02 - [TEST_STEP][PASSED] - uploadFile(findTestObject("keranjang/konfirmasi/input_Upload Bukti Transfer_f"), "C:\Users\IRFAN\Downloads\Berkas2.pdf"): File 'C:\Users\IRFAN\Downloads\Berkas2.pdf' sent to object: 'Object Repository/keranjang/konfirmasi/input_Upload Bukti Transfer_f'

2023-10-04 20:54:02 - [MESSAGE][PASSED] - File 'C:\Users\IRFAN\Downloads\Berkas2.pdf' sent to object: 'Object Repository/keranjang/konfirmasi/input_Upload Bukti Transfer_f'

2023-10-04 20:54:02 - [TEST_STEP][PASSED] - click(findTestObject("Konfirmasi pesanan shop/button_Konfirmasi Pembayaran")): Object: 'Object Repository/Konfirmasi pesanan shop/button_Konfirmasi Pembayaran' is clicked on

2023-10-04 20:54:03 - [MESSAGE][PASSED] - Object: 'Object Repository/Konfirmasi pesanan shop/button_Konfirmasi Pembayaran' is clicked on

2023-10-04 20:54:03 - [TEST_STEP][PASSED] - verifyElementPresent(findTestObject("Konfirmasi pesanan shop/Tittle Konfirmasi Pesanan"), 0): Object 'Object Repository/Konfirmasi pesanan shop/Tittle Konfirmasi Pesanan' is present

2023-10-04 20:54:04 - [MESSAGE][WARNING] - Timeout '0' is invalid. Using default page load timeout: '30'

2023-10-04 20:54:04 - [MESSAGE][PASSED] - Object 'Object Repository/Konfirmasi pesanan shop/Tittle Konfirmasi Pesanan' is present

2023-10-04 20:54:04 - [TEST_STEP][PASSED] - verifyElementPresent(findTestObject("Konfirmasi pesanan shop/Tittle massage succes Konfirmasi Pembayaran Pesanan"), 0): Object 'Object Repository/Konfirmasi pesanan shop/Tittle massage succes Konfirmasi Pembayaran Pesanan' is present

2023-10-04 20:54:04 - [MESSAGE][WARNING] - Timeout '0' is invalid. Using default page load timeout: '30'

2023-10-04 20:54:04 - [MESSAGE][PASSED] - Object 'Object Repository/Konfirmasi pesanan shop/Tittle massage succes Konfirmasi Pembayaran Pesanan' is present

2023-10-04 20:54:04 - [TEST_STEP][PASSED] - return data: null

2023-10-04 20:54:04 - [MESSAGE][PASSED] - Call Test Case 'Test Cases/T13 Pembelian, Shipment dan Pembayaran/PBY-004' successfully

2023-10-04 20:54:04 - [TEST_STEP][PASSED] - navigateToUrl("https://10.9.2.63/ecommerce/administrator/"): Navigate to 'https://10.9.2.63/ecommerce/administrator/' successfully

2023-10-04 20:54:05 - [MESSAGE][PASSED] - Navigate to 'https://10.9.2.63/ecommerce/administrator/' successfully

2023-10-04 20:54:05 - [TEST_STEP][PASSED] - verifyElementPresent(findTestObject("admin/Tittle ADMIN Login"), 0): Object 'Object Repository/admin/Tittle ADMIN Login' is present

2023-10-04 20:54:05 - [MESSAGE][WARNING] - Timeout '0' is invalid. Using default page load timeout: '30'

2023-10-04 20:54:05 - [MESSAGE][PASSED] - Object 'Object Repository/admin/Tittle ADMIN Login' is present

2023-10-04 20:54:05 - [TEST_STEP][PASSED] - setText(findTestObject("admin/Username"), "admin"): Text 'admin' is set on object 'Object Repository/admin/Username'

2023-10-04 20:54:06 - [MESSAGE][PASSED] - Text 'admin' is set on object 'Object Repository/admin/Username'

2023-10-04 20:54:06 - [TEST_STEP][PASSED] - setText(findTestObject("admin/Password"), "123admin123"): Text '123admin123' is set on object 'Object Repository/admin/Password'

2023-10-04 20:54:07 - [MESSAGE][PASSED] - Text '123admin123' is set on object 'Object Repository/admin/Password'

2023-10-04 20:54:07 - [TEST_STEP][PASSED] - click(findTestObject("admin/Remember Me")): Object: 'Object Repository/admin/Remember Me' is clicked on

2023-10-04 20:54:07 - [MESSAGE][PASSED] - Object: 'Object Repository/admin/Remember Me' is clicked on

2023-10-04 20:54:07 - [TEST_STEP][PASSED] - delay(10): Delayed 10 second(s)

2023-10-04 20:54:17 - [MESSAGE][PASSED] - Delayed 10 second(s)

2023-10-04 20:54:17 - [TEST_STEP][PASSED] - click(findTestObject("admin/buttom submit")): Object: 'Object Repository/admin/buttom submit' is clicked on

2023-10-04 20:54:20 - [MESSAGE][PASSED] - Object: 'Object Repository/admin/buttom submit' is clicked on

2023-10-04 20:54:20 - [TEST_STEP][PASSED] - verifyElementPresent(findTestObject("admin/Konf order konsumen/Tittle Dashboard"), 0): Object 'Object Repository/admin/Konf order konsumen/Tittle Dashboard' is present

2023-10-04 20:54:20 - [MESSAGE][WARNING] - Timeout '0' is invalid. Using default page load timeout: '30'

2023-10-04 20:54:27 - [MESSAGE][PASSED] - Object 'Object Repository/admin/Konf order konsumen/Tittle Dashboard' is present

2023-10-04 20:54:27 - [TEST_STEP][PASSED] - click(findTestObject("admin/Konf order konsumen/Menu Transaksi Market")): Object: 'Object Repository/admin/Konf order konsumen/Menu Transaksi Market' is clicked on

2023-10-04 20:54:28 - [MESSAGE][PASSED] - Object: 'Object Repository/admin/Konf order konsumen/Menu Transaksi Market' is clicked on

2023-10-04 20:54:28 - [TEST_STEP][PASSED] - click(findTestObject("admin/Konf order konsumen/Menu Konf. Order Konsumen")): Object: 'Object Repository/admin/Konf order konsumen/Menu Konf. Order Konsumen' is clicked on

2023-10-04 20:54:29 - [MESSAGE][PASSED] - Object: 'Object Repository/admin/Konf order konsumen/Menu Konf. Order Konsumen' is clicked on

2023-10-04 20:54:29 - [TEST_STEP][PASSED] - verifyElementPresent(findTestObject("admin/Konf order konsumen/Tittle Data Konfirmasi Pembayaran Konsumen"), 0): Object 'Object Repository/admin/Konf order konsumen/Tittle Data Konfirmasi Pembayaran Konsumen' is present

2023-10-04 20:54:29 - [MESSAGE][WARNING] - Timeout '0' is invalid. Using default page load timeout: '30'

2023-10-04 20:54:35 - [MESSAGE][PASSED] - Object 'Object Repository/admin/Konf order konsumen/Tittle Data Konfirmasi Pembayaran Konsumen' is present

2023-10-04 20:54:35 - [TEST_STEP][PASSED] - inv = data.get("invoice"): null

2023-10-04 20:54:35 - [TEST_STEP][PASSED] - setText(findTestObject("admin/Konf order konsumen/Search"), inv): Text 'TRX60.20231004205342' is set on object 'Object Repository/admin/Konf order konsumen/Search'

2023-10-04 20:54:37 - [MESSAGE][PASSED] - Text 'TRX60.20231004205342' is set on object 'Object Repository/admin/Konf order konsumen/Search'

2023-10-04 20:54:37 - [TEST_STEP][PASSED] - verifyElementText(findTestObject("admin/Konf order konsumen/Keterangan Lunas"), "Lunas"): Actual text and expected text of test object 'Object Repository/admin/Konf order konsumen/Keterangan Lunas' are matched.

2023-10-04 20:54:37 - [MESSAGE][PASSED] - Actual text and expected text of test object 'Object Repository/admin/Konf order konsumen/Keterangan Lunas' are matched.

2023-10-04 20:54:37 - [TEST_STEP][PASSED] - return data: null

2023-10-04 20:54:37 - [MESSAGE][PASSED] - Call Test Case 'Test Cases/T13 Pembelian, Shipment dan Pembayaran/PBYA-001' successfully

2023-10-04 20:54:37 - [TEST_STEP][PASSED] - click(findTestObject("admin/Penjualan ke konsumen/buttom Dashboard")): Object: 'Object Repository/admin/Penjualan ke konsumen/buttom Dashboard' is clicked on

2023-10-04 20:54:38 - [MESSAGE][PASSED] - Object: 'Object Repository/admin/Penjualan ke konsumen/buttom Dashboard' is clicked on

2023-10-04 20:54:38 - [TEST_STEP][PASSED] - click(findTestObject("admin/Konf order konsumen/Menu Transaksi Market")): Object: 'Object Repository/admin/Konf order konsumen/Menu Transaksi Market' is clicked on

2023-10-04 20:54:45 - [MESSAGE][PASSED] - Object: 'Object Repository/admin/Konf order konsumen/Menu Transaksi Market' is clicked on

2023-10-04 20:54:45 - [TEST_STEP][PASSED] - click(findTestObject("admin/Penjualan ke konsumen/a_Penjualan ke Konsumen")): Object: 'Object Repository/admin/Penjualan ke konsumen/a_Penjualan ke Konsumen' is clicked on

2023-10-04 20:54:47 - [MESSAGE][PASSED] - Object: 'Object Repository/admin/Penjualan ke konsumen/a_Penjualan ke Konsumen' is clicked on

2023-10-04 20:54:47 - [TEST_STEP][PASSED] - verifyElementPresent(findTestObject("admin/Tittle Data Transaksi Penjualan  Orderan Konsumen"), 0): Object 'Object Repository/admin/Tittle Data Transaksi Penjualan  Orderan Konsumen' is present

2023-10-04 20:54:47 - [MESSAGE][WARNING] - Timeout '0' is invalid. Using default page load timeout: '30'

2023-10-04 20:54:53 - [MESSAGE][PASSED] - Object 'Object Repository/admin/Tittle Data Transaksi Penjualan  Orderan Konsumen' is present

2023-10-04 20:54:53 - [TEST_STEP][PASSED] - return data: null

2023-10-04 20:54:53 - [MESSAGE][PASSED] - Call Test Case 'Test Cases/T13 Pembelian, Shipment dan Pembayaran/SA-001' successfully

2023-10-04 20:54:53 - [TEST_STEP][PASSED] - inv = data.get("invoice"): null

2023-10-04 20:54:53 - [TEST_STEP][PASSED] - setText(findTestObject("admin/Penjualan ke konsumen/Search"), inv): Text 'TRX60.20231004205342' is set on object 'Object Repository/admin/Penjualan ke konsumen/Search'

2023-10-04 20:54:54 - [MESSAGE][PASSED] - Text 'TRX60.20231004205342' is set on object 'Object Repository/admin/Penjualan ke konsumen/Search'

2023-10-04 20:54:54 - [TEST_STEP][PASSED] - click(findTestObject("admin/Penjualan ke konsumen/buttom konfirmasi pending payment")): Object: 'Object Repository/admin/Penjualan ke konsumen/buttom konfirmasi pending payment' is clicked on

2023-10-04 20:54:55 - [MESSAGE][PASSED] - Object: 'Object Repository/admin/Penjualan ke konsumen/buttom konfirmasi pending payment' is clicked on

2023-10-04 20:54:55 - [TEST_STEP][PASSED] - acceptAlert(STOP_ON_FAILURE): Alert accepted

2023-10-04 20:54:55 - [MESSAGE][PASSED] - Alert accepted

2023-10-04 20:54:55 - [TEST_STEP][PASSED] - setText(findTestObject("admin/Penjualan ke konsumen/Search"), inv): Text 'TRX60.20231004205342' is set on object 'Object Repository/admin/Penjualan ke konsumen/Search'

2023-10-04 20:54:56 - [MESSAGE][PASSED] - Text 'TRX60.20231004205342' is set on object 'Object Repository/admin/Penjualan ke konsumen/Search'

2023-10-04 20:54:56 - [TEST_STEP][PASSED] - verifyTextNotPresent("pending payment", false): Text 'pending payment' is not present on page

2023-10-04 20:54:57 - [MESSAGE][PASSED] - Text 'pending payment' is not present on page

2023-10-04 20:54:57 - [TEST_STEP][PASSED] - return data: null

2023-10-04 20:54:57 - [MESSAGE][PASSED] - Call Test Case 'Test Cases/T13 Pembelian, Shipment dan Pembayaran/SA-002' successfully

2023-10-04 20:54:57 - [TEST_STEP][PASSED] - click(findTestObject("admin/Penjualan ke konsumen/buttom scroldown")): Object: 'Object Repository/admin/Penjualan ke konsumen/buttom scroldown' is clicked on

2023-10-04 20:54:58 - [MESSAGE][PASSED] - Object: 'Object Repository/admin/Penjualan ke konsumen/buttom scroldown' is clicked on

2023-10-04 20:54:58 - [TEST_STEP][PASSED] - click(findTestObject("admin/Penjualan ke konsumen/Proses")): Object: 'Object Repository/admin/Penjualan ke konsumen/Proses' is clicked on

2023-10-04 20:54:58 - [MESSAGE][PASSED] - Object: 'Object Repository/admin/Penjualan ke konsumen/Proses' is clicked on

2023-10-04 20:54:58 - [TEST_STEP][PASSED] - acceptAlert(): Alert accepted

2023-10-04 20:54:58 - [MESSAGE][PASSED] - Alert accepted

2023-10-04 20:54:58 - [TEST_STEP][PASSED] - inv = data.get("invoice"): null

2023-10-04 20:54:58 - [TEST_STEP][PASSED] - setText(findTestObject("admin/Penjualan ke konsumen/Search"), inv): Text 'TRX60.20231004205342' is set on object 'Object Repository/admin/Penjualan ke konsumen/Search'

2023-10-04 20:54:59 - [MESSAGE][PASSED] - Text 'TRX60.20231004205342' is set on object 'Object Repository/admin/Penjualan ke konsumen/Search'

2023-10-04 20:54:59 - [TEST_STEP][FAILED] - verifyTextPresent("Proses", false): Unable to verify text 'Proses' is present  (Root cause: com.kms.katalon.core.exception.StepFailedException: Unable to verify text 'Proses' is present 
	at com.kms.katalon.core.webui.keyword.internal.WebUIKeywordMain.stepFailed(WebUIKeywordMain.groovy:64)
	at com.kms.katalon.core.webui.keyword.internal.WebUIKeywordMain.runKeyword(WebUIKeywordMain.groovy:26)
	at com.kms.katalon.core.webui.keyword.builtin.VerifyTextPresentKeyword.verifyTextPresent(VerifyTextPresentKeyword.groovy:83)
	at com.kms.katalon.core.webui.keyword.builtin.VerifyTextPresentKeyword.execute(VerifyTextPresentKeyword.groovy:68)
	at com.kms.katalon.core.keyword.internal.KeywordExecutor.executeKeywordForPlatform(KeywordExecutor.groovy:74)
	at com.kms.katalon.core.webui.keyword.WebUiBuiltInKeywords.verifyTextPresent(WebUiBuiltInKeywords.groovy:1723)
	at com.kms.katalon.core.webui.keyword.WebUiBuiltInKeywords$verifyTextPresent$7.call(Unknown Source)
	at SA-003.run(SA-003:32)
	at com.kms.katalon.core.main.ScriptEngine.run(ScriptEngine.java:194)
	at com.kms.katalon.core.main.ScriptEngine.runScriptAsRawText(ScriptEngine.java:119)
	at com.kms.katalon.core.main.TestCaseExecutor.runScript(TestCaseExecutor.java:448)
	at com.kms.katalon.core.main.TestCaseExecutor.doExecute(TestCaseExecutor.java:439)
	at com.kms.katalon.core.main.TestCaseExecutor.processExecutionPhase(TestCaseExecutor.java:418)
	at com.kms.katalon.core.main.TestCaseExecutor.accessMainPhase(TestCaseExecutor.java:410)
	at com.kms.katalon.core.main.TestCaseExecutor.execute(TestCaseExecutor.java:285)
	at com.kms.katalon.core.main.TestCaseMain.runTestCase(TestCaseMain.java:144)
	at com.kms.katalon.core.keyword.builtin.CallTestCaseKeyword$_callTestCase_closure1.doCall(CallTestCaseKeyword.groovy:59)
	at com.kms.katalon.core.keyword.builtin.CallTestCaseKeyword$_callTestCase_closure1.call(CallTestCaseKeyword.groovy)
	at com.kms.katalon.core.keyword.internal.KeywordMain.runKeyword(KeywordMain.groovy:75)
	at com.kms.katalon.core.keyword.builtin.CallTestCaseKeyword.callTestCase(CallTestCaseKeyword.groovy:81)
	at com.kms.katalon.core.keyword.builtin.CallTestCaseKeyword.execute(CallTestCaseKeyword.groovy:44)
	at com.kms.katalon.core.keyword.internal.KeywordExecutor.executeKeywordForPlatform(KeywordExecutor.groovy:74)
	at com.kms.katalon.core.keyword.BuiltinKeywords.callTestCase(BuiltinKeywords.groovy:310)
	at SU-010.run(SU-010:20)
	at com.kms.katalon.core.main.ScriptEngine.run(ScriptEngine.java:194)
	at com.kms.katalon.core.main.ScriptEngine.runScriptAsRawText(ScriptEngine.java:119)
	at com.kms.katalon.core.main.TestCaseExecutor.runScript(TestCaseExecutor.java:448)
	at com.kms.katalon.core.main.TestCaseExecutor.doExecute(TestCaseExecutor.java:439)
	at com.kms.katalon.core.main.TestCaseExecutor.processExecutionPhase(TestCaseExecutor.java:418)
	at com.kms.katalon.core.main.TestCaseExecutor.accessMainPhase(TestCaseExecutor.java:410)
	at com.kms.katalon.core.main.TestCaseExecutor.execute(TestCaseExecutor.java:285)
	at com.kms.katalon.core.common.CommonExecutor.accessTestCaseMainPhase(CommonExecutor.java:65)
	at com.kms.katalon.core.main.TestSuiteExecutor.accessTestSuiteMainPhase(TestSuiteExecutor.java:148)
	at com.kms.katalon.core.main.TestSuiteExecutor.execute(TestSuiteExecutor.java:106)
	at com.kms.katalon.core.main.TestCaseMain.startTestSuite(TestCaseMain.java:187)
	at com.kms.katalon.core.main.TestCaseMain$startTestSuite$0.call(Unknown Source)
	at TempTestSuite1696424348948.run(TempTestSuite1696424348948.groovy:36)
Caused by: com.kms.katalon.core.exception.StepFailedException: Text 'Proses' is not present on page 
	at com.kms.katalon.core.webui.keyword.internal.WebUIKeywordMain.stepFailed(WebUIKeywordMain.groovy:64)
	at com.kms.katalon.core.webui.keyword.builtin.VerifyTextPresentKeyword$_verifyTextPresent_closure1.doCall(VerifyTextPresentKeyword.groovy:79)
	at com.kms.katalon.core.webui.keyword.builtin.VerifyTextPresentKeyword$_verifyTextPresent_closure1.call(VerifyTextPresentKeyword.groovy)
	at com.kms.katalon.core.webui.keyword.internal.WebUIKeywordMain.runKeyword(WebUIKeywordMain.groovy:20)
	... 35 more
)

2023-10-04 20:55:00 - [MESSAGE][FAILED] - Text 'Proses' is not present on page  (Root cause: com.kms.katalon.core.exception.StepFailedException: Text 'Proses' is not present on page 
	at com.kms.katalon.core.webui.keyword.internal.WebUIKeywordMain.stepFailed(WebUIKeywordMain.groovy:64)
	at com.kms.katalon.core.webui.keyword.builtin.VerifyTextPresentKeyword$_verifyTextPresent_closure1.doCall(VerifyTextPresentKeyword.groovy:79)
	at com.kms.katalon.core.webui.keyword.builtin.VerifyTextPresentKeyword$_verifyTextPresent_closure1.call(VerifyTextPresentKeyword.groovy)
	at com.kms.katalon.core.webui.keyword.internal.WebUIKeywordMain.runKeyword(WebUIKeywordMain.groovy:20)
	at com.kms.katalon.core.webui.keyword.builtin.VerifyTextPresentKeyword.verifyTextPresent(VerifyTextPresentKeyword.groovy:83)
	at com.kms.katalon.core.webui.keyword.builtin.VerifyTextPresentKeyword.execute(VerifyTextPresentKeyword.groovy:68)
	at com.kms.katalon.core.keyword.internal.KeywordExecutor.executeKeywordForPlatform(KeywordExecutor.groovy:74)
	at com.kms.katalon.core.webui.keyword.WebUiBuiltInKeywords.verifyTextPresent(WebUiBuiltInKeywords.groovy:1723)
	at com.kms.katalon.core.webui.keyword.WebUiBuiltInKeywords$verifyTextPresent$7.call(Unknown Source)
	at SA-003.run(SA-003:32)
	at com.kms.katalon.core.main.ScriptEngine.run(ScriptEngine.java:194)
	at com.kms.katalon.core.main.ScriptEngine.runScriptAsRawText(ScriptEngine.java:119)
	at com.kms.katalon.core.main.TestCaseExecutor.runScript(TestCaseExecutor.java:448)
	at com.kms.katalon.core.main.TestCaseExecutor.doExecute(TestCaseExecutor.java:439)
	at com.kms.katalon.core.main.TestCaseExecutor.processExecutionPhase(TestCaseExecutor.java:418)
	at com.kms.katalon.core.main.TestCaseExecutor.accessMainPhase(TestCaseExecutor.java:410)
	at com.kms.katalon.core.main.TestCaseExecutor.execute(TestCaseExecutor.java:285)
	at com.kms.katalon.core.main.TestCaseMain.runTestCase(TestCaseMain.java:144)
	at com.kms.katalon.core.keyword.builtin.CallTestCaseKeyword$_callTestCase_closure1.doCall(CallTestCaseKeyword.groovy:59)
	at com.kms.katalon.core.keyword.builtin.CallTestCaseKeyword$_callTestCase_closure1.call(CallTestCaseKeyword.groovy)
	at com.kms.katalon.core.keyword.internal.KeywordMain.runKeyword(KeywordMain.groovy:75)
	at com.kms.katalon.core.keyword.builtin.CallTestCaseKeyword.callTestCase(CallTestCaseKeyword.groovy:81)
	at com.kms.katalon.core.keyword.builtin.CallTestCaseKeyword.execute(CallTestCaseKeyword.groovy:44)
	at com.kms.katalon.core.keyword.internal.KeywordExecutor.executeKeywordForPlatform(KeywordExecutor.groovy:74)
	at com.kms.katalon.core.keyword.BuiltinKeywords.callTestCase(BuiltinKeywords.groovy:310)
	at SU-010.run(SU-010:20)
	at com.kms.katalon.core.main.ScriptEngine.run(ScriptEngine.java:194)
	at com.kms.katalon.core.main.ScriptEngine.runScriptAsRawText(ScriptEngine.java:119)
	at com.kms.katalon.core.main.TestCaseExecutor.runScript(TestCaseExecutor.java:448)
	at com.kms.katalon.core.main.TestCaseExecutor.doExecute(TestCaseExecutor.java:439)
	at com.kms.katalon.core.main.TestCaseExecutor.processExecutionPhase(TestCaseExecutor.java:418)
	at com.kms.katalon.core.main.TestCaseExecutor.accessMainPhase(TestCaseExecutor.java:410)
	at com.kms.katalon.core.main.TestCaseExecutor.execute(TestCaseExecutor.java:285)
	at com.kms.katalon.core.common.CommonExecutor.accessTestCaseMainPhase(CommonExecutor.java:65)
	at com.kms.katalon.core.main.TestSuiteExecutor.accessTestSuiteMainPhase(TestSuiteExecutor.java:148)
	at com.kms.katalon.core.main.TestSuiteExecutor.execute(TestSuiteExecutor.java:106)
	at com.kms.katalon.core.main.TestCaseMain.startTestSuite(TestCaseMain.java:187)
	at com.kms.katalon.core.main.TestCaseMain$startTestSuite$0.call(Unknown Source)
	at TempTestSuite1696424348948.run(TempTestSuite1696424348948.groovy:36)
)

2023-10-04 20:55:00 - [MESSAGE][FAILED] - Unable to verify text 'Proses' is present  (Root cause: com.kms.katalon.core.exception.StepFailedException: Unable to verify text 'Proses' is present 
	at com.kms.katalon.core.webui.keyword.internal.WebUIKeywordMain.stepFailed(WebUIKeywordMain.groovy:64)
	at com.kms.katalon.core.webui.keyword.internal.WebUIKeywordMain.runKeyword(WebUIKeywordMain.groovy:26)
	at com.kms.katalon.core.webui.keyword.builtin.VerifyTextPresentKeyword.verifyTextPresent(VerifyTextPresentKeyword.groovy:83)
	at com.kms.katalon.core.webui.keyword.builtin.VerifyTextPresentKeyword.execute(VerifyTextPresentKeyword.groovy:68)
	at com.kms.katalon.core.keyword.internal.KeywordExecutor.executeKeywordForPlatform(KeywordExecutor.groovy:74)
	at com.kms.katalon.core.webui.keyword.WebUiBuiltInKeywords.verifyTextPresent(WebUiBuiltInKeywords.groovy:1723)
	at com.kms.katalon.core.webui.keyword.WebUiBuiltInKeywords$verifyTextPresent$7.call(Unknown Source)
	at SA-003.run(SA-003:32)
	at com.kms.katalon.core.main.ScriptEngine.run(ScriptEngine.java:194)
	at com.kms.katalon.core.main.ScriptEngine.runScriptAsRawText(ScriptEngine.java:119)
	at com.kms.katalon.core.main.TestCaseExecutor.runScript(TestCaseExecutor.java:448)
	at com.kms.katalon.core.main.TestCaseExecutor.doExecute(TestCaseExecutor.java:439)
	at com.kms.katalon.core.main.TestCaseExecutor.processExecutionPhase(TestCaseExecutor.java:418)
	at com.kms.katalon.core.main.TestCaseExecutor.accessMainPhase(TestCaseExecutor.java:410)
	at com.kms.katalon.core.main.TestCaseExecutor.execute(TestCaseExecutor.java:285)
	at com.kms.katalon.core.main.TestCaseMain.runTestCase(TestCaseMain.java:144)
	at com.kms.katalon.core.keyword.builtin.CallTestCaseKeyword$_callTestCase_closure1.doCall(CallTestCaseKeyword.groovy:59)
	at com.kms.katalon.core.keyword.builtin.CallTestCaseKeyword$_callTestCase_closure1.call(CallTestCaseKeyword.groovy)
	at com.kms.katalon.core.keyword.internal.KeywordMain.runKeyword(KeywordMain.groovy:75)
	at com.kms.katalon.core.keyword.builtin.CallTestCaseKeyword.callTestCase(CallTestCaseKeyword.groovy:81)
	at com.kms.katalon.core.keyword.builtin.CallTestCaseKeyword.execute(CallTestCaseKeyword.groovy:44)
	at com.kms.katalon.core.keyword.internal.KeywordExecutor.executeKeywordForPlatform(KeywordExecutor.groovy:74)
	at com.kms.katalon.core.keyword.BuiltinKeywords.callTestCase(BuiltinKeywords.groovy:310)
	at SU-010.run(SU-010:20)
	at com.kms.katalon.core.main.ScriptEngine.run(ScriptEngine.java:194)
	at com.kms.katalon.core.main.ScriptEngine.runScriptAsRawText(ScriptEngine.java:119)
	at com.kms.katalon.core.main.TestCaseExecutor.runScript(TestCaseExecutor.java:448)
	at com.kms.katalon.core.main.TestCaseExecutor.doExecute(TestCaseExecutor.java:439)
	at com.kms.katalon.core.main.TestCaseExecutor.processExecutionPhase(TestCaseExecutor.java:418)
	at com.kms.katalon.core.main.TestCaseExecutor.accessMainPhase(TestCaseExecutor.java:410)
	at com.kms.katalon.core.main.TestCaseExecutor.execute(TestCaseExecutor.java:285)
	at com.kms.katalon.core.common.CommonExecutor.accessTestCaseMainPhase(CommonExecutor.java:65)
	at com.kms.katalon.core.main.TestSuiteExecutor.accessTestSuiteMainPhase(TestSuiteExecutor.java:148)
	at com.kms.katalon.core.main.TestSuiteExecutor.execute(TestSuiteExecutor.java:106)
	at com.kms.katalon.core.main.TestCaseMain.startTestSuite(TestCaseMain.java:187)
	at com.kms.katalon.core.main.TestCaseMain$startTestSuite$0.call(Unknown Source)
	at TempTestSuite1696424348948.run(TempTestSuite1696424348948.groovy:36)
Caused by: com.kms.katalon.core.exception.StepFailedException: Text 'Proses' is not present on page 
	at com.kms.katalon.core.webui.keyword.internal.WebUIKeywordMain.stepFailed(WebUIKeywordMain.groovy:64)
	at com.kms.katalon.core.webui.keyword.builtin.VerifyTextPresentKeyword$_verifyTextPresent_closure1.doCall(VerifyTextPresentKeyword.groovy:79)
	at com.kms.katalon.core.webui.keyword.builtin.VerifyTextPresentKeyword$_verifyTextPresent_closure1.call(VerifyTextPresentKeyword.groovy)
	at com.kms.katalon.core.webui.keyword.internal.WebUIKeywordMain.runKeyword(WebUIKeywordMain.groovy:20)
	... 35 more
)
[[ATTACHMENT|D:\\BOOTCAMP XSIS\\Projek 2 MINI PROJEK\\Reports\\20231004_190004\\T13 Pembelian, Shipment dan Pembayaran\\T13 Pembelian, Shipment dan Pembayaran\\20231004_195908\\1696427700188.png]]

2023-10-04 20:55:00 - [MESSAGE][FAILED] - Unable to call Test Case 'Test Cases/T13 Pembelian, Shipment dan Pembayaran/SA-003' (Root cause: com.kms.katalon.core.exception.StepFailedException: Call Test Case 'Test Cases/T13 Pembelian, Shipment dan Pembayaran/SA-003' failed
	at com.kms.katalon.core.keyword.builtin.CallTestCaseKeyword$_callTestCase_closure1.doCall(CallTestCaseKeyword.groovy:63)
	at com.kms.katalon.core.keyword.builtin.CallTestCaseKeyword$_callTestCase_closure1.call(CallTestCaseKeyword.groovy)
	at com.kms.katalon.core.keyword.internal.KeywordMain.runKeyword(KeywordMain.groovy:75)
	at com.kms.katalon.core.keyword.builtin.CallTestCaseKeyword.callTestCase(CallTestCaseKeyword.groovy:81)
	at com.kms.katalon.core.keyword.builtin.CallTestCaseKeyword.execute(CallTestCaseKeyword.groovy:44)
	at com.kms.katalon.core.keyword.internal.KeywordExecutor.executeKeywordForPlatform(KeywordExecutor.groovy:74)
	at com.kms.katalon.core.keyword.BuiltinKeywords.callTestCase(BuiltinKeywords.groovy:310)
	at SU-010.run(SU-010:20)
	at com.kms.katalon.core.main.ScriptEngine.run(ScriptEngine.java:194)
	at com.kms.katalon.core.main.ScriptEngine.runScriptAsRawText(ScriptEngine.java:119)
	at com.kms.katalon.core.main.TestCaseExecutor.runScript(TestCaseExecutor.java:448)
	at com.kms.katalon.core.main.TestCaseExecutor.doExecute(TestCaseExecutor.java:439)
	at com.kms.katalon.core.main.TestCaseExecutor.processExecutionPhase(TestCaseExecutor.java:418)
	at com.kms.katalon.core.main.TestCaseExecutor.accessMainPhase(TestCaseExecutor.java:410)
	at com.kms.katalon.core.main.TestCaseExecutor.execute(TestCaseExecutor.java:285)
	at com.kms.katalon.core.common.CommonExecutor.accessTestCaseMainPhase(CommonExecutor.java:65)
	at com.kms.katalon.core.main.TestSuiteExecutor.accessTestSuiteMainPhase(TestSuiteExecutor.java:148)
	at com.kms.katalon.core.main.TestSuiteExecutor.execute(TestSuiteExecutor.java:106)
	at com.kms.katalon.core.main.TestCaseMain.startTestSuite(TestCaseMain.java:187)
	at com.kms.katalon.core.main.TestCaseMain$startTestSuite$0.call(Unknown Source)
	at TempTestSuite1696424348948.run(TempTestSuite1696424348948.groovy:36)
Caused by: com.kms.katalon.core.exception.StepFailedException: Unable to verify text 'Proses' is present 
	at com.kms.katalon.core.webui.keyword.internal.WebUIKeywordMain.stepFailed(WebUIKeywordMain.groovy:64)
	at com.kms.katalon.core.webui.keyword.internal.WebUIKeywordMain.runKeyword(WebUIKeywordMain.groovy:26)
	at com.kms.katalon.core.webui.keyword.builtin.VerifyTextPresentKeyword.verifyTextPresent(VerifyTextPresentKeyword.groovy:83)
	at com.kms.katalon.core.webui.keyword.builtin.VerifyTextPresentKeyword.execute(VerifyTextPresentKeyword.groovy:68)
	at com.kms.katalon.core.keyword.internal.KeywordExecutor.executeKeywordForPlatform(KeywordExecutor.groovy:74)
	at com.kms.katalon.core.webui.keyword.WebUiBuiltInKeywords.verifyTextPresent(WebUiBuiltInKeywords.groovy:1723)
	at com.kms.katalon.core.webui.keyword.WebUiBuiltInKeywords$verifyTextPresent$7.call(Unknown Source)
	at SA-003.run(SA-003:32)
	at com.kms.katalon.core.main.ScriptEngine.run(ScriptEngine.java:194)
	at com.kms.katalon.core.main.ScriptEngine.runScriptAsRawText(ScriptEngine.java:119)
	at com.kms.katalon.core.main.TestCaseExecutor.runScript(TestCaseExecutor.java:448)
	at com.kms.katalon.core.main.TestCaseExecutor.doExecute(TestCaseExecutor.java:439)
	at com.kms.katalon.core.main.TestCaseExecutor.processExecutionPhase(TestCaseExecutor.java:418)
	at com.kms.katalon.core.main.TestCaseExecutor.accessMainPhase(TestCaseExecutor.java:410)
	at com.kms.katalon.core.main.TestCaseExecutor.execute(TestCaseExecutor.java:285)
	at com.kms.katalon.core.main.TestCaseMain.runTestCase(TestCaseMain.java:144)
	at com.kms.katalon.core.keyword.builtin.CallTestCaseKeyword$_callTestCase_closure1.doCall(CallTestCaseKeyword.groovy:59)
	... 20 more
Caused by: com.kms.katalon.core.exception.StepFailedException: Text 'Proses' is not present on page 
	at com.kms.katalon.core.webui.keyword.internal.WebUIKeywordMain.stepFailed(WebUIKeywordMain.groovy:64)
	at com.kms.katalon.core.webui.keyword.builtin.VerifyTextPresentKeyword$_verifyTextPresent_closure1.doCall(VerifyTextPresentKeyword.groovy:79)
	at com.kms.katalon.core.webui.keyword.builtin.VerifyTextPresentKeyword$_verifyTextPresent_closure1.call(VerifyTextPresentKeyword.groovy)
	at com.kms.katalon.core.webui.keyword.internal.WebUIKeywordMain.runKeyword(WebUIKeywordMain.groovy:20)
	... 35 more
)]]></system-out>
         <system-err><![CDATA[2023-10-04 20:53:05 - [TEST_CASE][FAILED] - Test Cases/T13 Pembelian, Shipment dan Pembayaran/SU-010: Test Cases/T13 Pembelian, Shipment dan Pembayaran/SU-010 FAILED.
Reason:
com.kms.katalon.core.exception.StepFailedException: Call Test Case 'Test Cases/T13 Pembelian, Shipment dan Pembayaran/SA-003' failed
	at com.kms.katalon.core.keyword.builtin.CallTestCaseKeyword$_callTestCase_closure1.doCall(CallTestCaseKeyword.groovy:63)
	at com.kms.katalon.core.keyword.builtin.CallTestCaseKeyword$_callTestCase_closure1.call(CallTestCaseKeyword.groovy)
	at com.kms.katalon.core.keyword.internal.KeywordMain.runKeyword(KeywordMain.groovy:75)
	at com.kms.katalon.core.keyword.builtin.CallTestCaseKeyword.callTestCase(CallTestCaseKeyword.groovy:81)
	at com.kms.katalon.core.keyword.builtin.CallTestCaseKeyword.execute(CallTestCaseKeyword.groovy:44)
	at com.kms.katalon.core.keyword.internal.KeywordExecutor.executeKeywordForPlatform(KeywordExecutor.groovy:74)
	at com.kms.katalon.core.keyword.BuiltinKeywords.callTestCase(BuiltinKeywords.groovy:310)
	at SU-010.run(SU-010:20)
	at com.kms.katalon.core.main.ScriptEngine.run(ScriptEngine.java:194)
	at com.kms.katalon.core.main.ScriptEngine.runScriptAsRawText(ScriptEngine.java:119)
	at com.kms.katalon.core.main.TestCaseExecutor.runScript(TestCaseExecutor.java:448)
	at com.kms.katalon.core.main.TestCaseExecutor.doExecute(TestCaseExecutor.java:439)
	at com.kms.katalon.core.main.TestCaseExecutor.processExecutionPhase(TestCaseExecutor.java:418)
	at com.kms.katalon.core.main.TestCaseExecutor.accessMainPhase(TestCaseExecutor.java:410)
	at com.kms.katalon.core.main.TestCaseExecutor.execute(TestCaseExecutor.java:285)
	at com.kms.katalon.core.common.CommonExecutor.accessTestCaseMainPhase(CommonExecutor.java:65)
	at com.kms.katalon.core.main.TestSuiteExecutor.accessTestSuiteMainPhase(TestSuiteExecutor.java:148)
	at com.kms.katalon.core.main.TestSuiteExecutor.execute(TestSuiteExecutor.java:106)
	at com.kms.katalon.core.main.TestCaseMain.startTestSuite(TestCaseMain.java:187)
	at com.kms.katalon.core.main.TestCaseMain$startTestSuite$0.call(Unknown Source)
	at TempTestSuite1696424348948.run(TempTestSuite1696424348948.groovy:36)
Caused by: com.kms.katalon.core.exception.StepFailedException: Unable to verify text 'Proses' is present 
	at com.kms.katalon.core.webui.keyword.internal.WebUIKeywordMain.stepFailed(WebUIKeywordMain.groovy:64)
	at com.kms.katalon.core.webui.keyword.internal.WebUIKeywordMain.runKeyword(WebUIKeywordMain.groovy:26)
	at com.kms.katalon.core.webui.keyword.builtin.VerifyTextPresentKeyword.verifyTextPresent(VerifyTextPresentKeyword.groovy:83)
	at com.kms.katalon.core.webui.keyword.builtin.VerifyTextPresentKeyword.execute(VerifyTextPresentKeyword.groovy:68)
	at com.kms.katalon.core.keyword.internal.KeywordExecutor.executeKeywordForPlatform(KeywordExecutor.groovy:74)
	at com.kms.katalon.core.webui.keyword.WebUiBuiltInKeywords.verifyTextPresent(WebUiBuiltInKeywords.groovy:1723)
	at com.kms.katalon.core.webui.keyword.WebUiBuiltInKeywords$verifyTextPresent$7.call(Unknown Source)
	at SA-003.run(SA-003:32)
	at com.kms.katalon.core.main.ScriptEngine.run(ScriptEngine.java:194)
	at com.kms.katalon.core.main.ScriptEngine.runScriptAsRawText(ScriptEngine.java:119)
	at com.kms.katalon.core.main.TestCaseExecutor.runScript(TestCaseExecutor.java:448)
	at com.kms.katalon.core.main.TestCaseExecutor.doExecute(TestCaseExecutor.java:439)
	at com.kms.katalon.core.main.TestCaseExecutor.processExecutionPhase(TestCaseExecutor.java:418)
	at com.kms.katalon.core.main.TestCaseExecutor.accessMainPhase(TestCaseExecutor.java:410)
	at com.kms.katalon.core.main.TestCaseExecutor.execute(TestCaseExecutor.java:285)
	at com.kms.katalon.core.main.TestCaseMain.runTestCase(TestCaseMain.java:144)
	at com.kms.katalon.core.keyword.builtin.CallTestCaseKeyword$_callTestCase_closure1.doCall(CallTestCaseKeyword.groovy:59)
	... 20 more
Caused by: com.kms.katalon.core.exception.StepFailedException: Text 'Proses' is not present on page 
	at com.kms.katalon.core.webui.keyword.internal.WebUIKeywordMain.stepFailed(WebUIKeywordMain.groovy:64)
	at com.kms.katalon.core.webui.keyword.builtin.VerifyTextPresentKeyword$_verifyTextPresent_closure1.doCall(VerifyTextPresentKeyword.groovy:79)
	at com.kms.katalon.core.webui.keyword.builtin.VerifyTextPresentKeyword$_verifyTextPresent_closure1.call(VerifyTextPresentKeyword.groovy)
	at com.kms.katalon.core.webui.keyword.internal.WebUIKeywordMain.runKeyword(WebUIKeywordMain.groovy:20)
	... 35 more]]></system-err>
      </testcase>
      <testcase name="Test Cases/T13 Pembelian, Shipment dan Pembayaran/SU-011" time="139.741" classname="Test Cases/T13 Pembelian, Shipment dan Pembayaran/SU-011" status="FAILED">
         <failure type="FAILED" message="Test Cases/T13 Pembelian, Shipment dan Pembayaran/SU-011 FAILED.
Reason:
Assertion failed: 

assert dikirim == statusDikirim
       |       |  |
       Dikirim |  Proses
               false

	at SU-011.run(SU-011:56)
	at com.kms.katalon.core.main.ScriptEngine.run(ScriptEngine.java:194)
	at com.kms.katalon.core.main.ScriptEngine.runScriptAsRawText(ScriptEngine.java:119)
	at com.kms.katalon.core.main.TestCaseExecutor.runScript(TestCaseExecutor.java:448)
	at com.kms.katalon.core.main.TestCaseExecutor.doExecute(TestCaseExecutor.java:439)
	at com.kms.katalon.core.main.TestCaseExecutor.processExecutionPhase(TestCaseExecutor.java:418)
	at com.kms.katalon.core.main.TestCaseExecutor.accessMainPhase(TestCaseExecutor.java:410)
	at com.kms.katalon.core.main.TestCaseExecutor.execute(TestCaseExecutor.java:285)
	at com.kms.katalon.core.common.CommonExecutor.accessTestCaseMainPhase(CommonExecutor.java:65)
	at com.kms.katalon.core.main.TestSuiteExecutor.accessTestSuiteMainPhase(TestSuiteExecutor.java:148)
	at com.kms.katalon.core.main.TestSuiteExecutor.execute(TestSuiteExecutor.java:106)
	at com.kms.katalon.core.main.TestCaseMain.startTestSuite(TestCaseMain.java:187)
	at com.kms.katalon.core.main.TestCaseMain$startTestSuite$0.call(Unknown Source)
	at TempTestSuite1696424348948.run(TempTestSuite1696424348948.groovy:36)
"/>
         <system-out><![CDATA[2023-10-04 20:55:00 - [TEST_CASE][FAILED] - Test Cases/T13 Pembelian, Shipment dan Pembayaran/SU-011: Test Cases/T13 Pembelian, Shipment dan Pembayaran/SU-011 FAILED.
Reason:
Assertion failed: 

assert dikirim == statusDikirim
       |       |  |
       Dikirim |  Proses
               false

	at SU-011.run(SU-011:56)
	at com.kms.katalon.core.main.ScriptEngine.run(ScriptEngine.java:194)
	at com.kms.katalon.core.main.ScriptEngine.runScriptAsRawText(ScriptEngine.java:119)
	at com.kms.katalon.core.main.TestCaseExecutor.runScript(TestCaseExecutor.java:448)
	at com.kms.katalon.core.main.TestCaseExecutor.doExecute(TestCaseExecutor.java:439)
	at com.kms.katalon.core.main.TestCaseExecutor.processExecutionPhase(TestCaseExecutor.java:418)
	at com.kms.katalon.core.main.TestCaseExecutor.accessMainPhase(TestCaseExecutor.java:410)
	at com.kms.katalon.core.main.TestCaseExecutor.execute(TestCaseExecutor.java:285)
	at com.kms.katalon.core.common.CommonExecutor.accessTestCaseMainPhase(CommonExecutor.java:65)
	at com.kms.katalon.core.main.TestSuiteExecutor.accessTestSuiteMainPhase(TestSuiteExecutor.java:148)
	at com.kms.katalon.core.main.TestSuiteExecutor.execute(TestSuiteExecutor.java:106)
	at com.kms.katalon.core.main.TestCaseMain.startTestSuite(TestCaseMain.java:187)
	at com.kms.katalon.core.main.TestCaseMain$startTestSuite$0.call(Unknown Source)
	at TempTestSuite1696424348948.run(TempTestSuite1696424348948.groovy:36)


2023-10-04 20:55:01 - [TEST_STEP][PASSED] - data = callTestCase(findTestCase("T13 Pembelian, Shipment dan Pembayaran/SA-004"), [:], STOP_ON_FAILURE): Call Test Case 'Test Cases/T13 Pembelian, Shipment dan Pembayaran/SA-004' successfully

2023-10-04 20:55:01 - [TEST_CASE][PASSED] - Test Cases/T13 Pembelian, Shipment dan Pembayaran/SA-004: Test Cases/T13 Pembelian, Shipment dan Pembayaran/SA-004

2023-10-04 20:55:01 - [TEST_STEP][PASSED] - data = callTestCase(findTestCase("T13 Pembelian, Shipment dan Pembayaran/SA-002"), [:], STOP_ON_FAILURE): Call Test Case 'Test Cases/T13 Pembelian, Shipment dan Pembayaran/SA-002' successfully

2023-10-04 20:55:01 - [TEST_CASE][PASSED] - Test Cases/T13 Pembelian, Shipment dan Pembayaran/SA-002: Test Cases/T13 Pembelian, Shipment dan Pembayaran/SA-002

2023-10-04 20:55:01 - [TEST_STEP][PASSED] - data = callTestCase(findTestCase("T13 Pembelian, Shipment dan Pembayaran/SA-001"), [:], STOP_ON_FAILURE): Call Test Case 'Test Cases/T13 Pembelian, Shipment dan Pembayaran/SA-001' successfully

2023-10-04 20:55:01 - [TEST_CASE][PASSED] - Test Cases/T13 Pembelian, Shipment dan Pembayaran/SA-001: Test Cases/T13 Pembelian, Shipment dan Pembayaran/SA-001

2023-10-04 20:55:01 - [TEST_STEP][PASSED] - data = callTestCase(findTestCase("T13 Pembelian, Shipment dan Pembayaran/PBYA-001"), [:], STOP_ON_FAILURE): Call Test Case 'Test Cases/T13 Pembelian, Shipment dan Pembayaran/PBYA-001' successfully

2023-10-04 20:55:01 - [TEST_CASE][PASSED] - Test Cases/T13 Pembelian, Shipment dan Pembayaran/PBYA-001: Test Cases/T13 Pembelian, Shipment dan Pembayaran/PBYA-001

2023-10-04 20:55:01 - [TEST_STEP][PASSED] - data = callTestCase(findTestCase("T13 Pembelian, Shipment dan Pembayaran/PBY-004"), [:], STOP_ON_FAILURE): Call Test Case 'Test Cases/T13 Pembelian, Shipment dan Pembayaran/PBY-004' successfully

2023-10-04 20:55:01 - [TEST_CASE][PASSED] - Test Cases/T13 Pembelian, Shipment dan Pembayaran/PBY-004: Test Cases/T13 Pembelian, Shipment dan Pembayaran/PBY-004

2023-10-04 20:55:01 - [TEST_STEP][PASSED] - data = callTestCase(findTestCase("T13 Pembelian, Shipment dan Pembayaran/PBY-001"), [:], STOP_ON_FAILURE): Call Test Case 'Test Cases/T13 Pembelian, Shipment dan Pembayaran/PBY-001' successfully

2023-10-04 20:55:01 - [TEST_CASE][PASSED] - Test Cases/T13 Pembelian, Shipment dan Pembayaran/PBY-001: Test Cases/T13 Pembelian, Shipment dan Pembayaran/PBY-001

2023-10-04 20:55:01 - [TEST_STEP][PASSED] - data = callTestCase(findTestCase("T13 Pembelian, Shipment dan Pembayaran/PBL-004"), ["Kurir":"Roda 2"], STOP_ON_FAILURE): Call Test Case 'Test Cases/T13 Pembelian, Shipment dan Pembayaran/PBL-004' successfully

2023-10-04 20:55:01 - [TEST_CASE][PASSED] - Test Cases/T13 Pembelian, Shipment dan Pembayaran/PBL-004: Test Cases/T13 Pembelian, Shipment dan Pembayaran/PBL-004

2023-10-04 20:55:01 - [TEST_STEP][PASSED] - data = callTestCase(findTestCase("T13 Pembelian, Shipment dan Pembayaran/PBL-002"), [:], STOP_ON_FAILURE): Call Test Case 'Test Cases/T13 Pembelian, Shipment dan Pembayaran/PBL-002' successfully

2023-10-04 20:55:01 - [TEST_CASE][PASSED] - Test Cases/T13 Pembelian, Shipment dan Pembayaran/PBL-002: Test Cases/T13 Pembelian, Shipment dan Pembayaran/PBL-002

2023-10-04 20:55:02 - [TEST_STEP][PASSED] - data = callTestCase(findTestCase("T13 Pembelian, Shipment dan Pembayaran/PBL-001"), [:], STOP_ON_FAILURE): Call Test Case 'Test Cases/T13 Pembelian, Shipment dan Pembayaran/PBL-001' successfully

2023-10-04 20:55:02 - [TEST_CASE][PASSED] - Test Cases/T13 Pembelian, Shipment dan Pembayaran/PBL-001: Test Cases/T13 Pembelian, Shipment dan Pembayaran/PBL-001

2023-10-04 20:55:02 - [TEST_STEP][PASSED] - callTestCase(findTestCase("T13 Pembelian, Shipment dan Pembayaran/LU-001"), ["username":"irfanafandi", "password":"12345irfan"], STOP_ON_FAILURE): Call Test Case 'Test Cases/T13 Pembelian, Shipment dan Pembayaran/LU-001' successfully

2023-10-04 20:55:02 - [TEST_CASE][PASSED] - Test Cases/T13 Pembelian, Shipment dan Pembayaran/LU-001: Test Cases/T13 Pembelian, Shipment dan Pembayaran/LU-001

2023-10-04 20:55:02 - [TEST_STEP][PASSED] - openBrowser("https://10.9.2.63/ecommerce/"): Browser is opened with url: 'https://10.9.2.63/ecommerce/'

2023-10-04 20:55:02 - [MESSAGE][WARNING] - A browser is already opened. Closing browser and opening a new one

2023-10-04 20:55:03 - [MESSAGE][INFO] - Starting 'Firefox' driver

2023-10-04 20:55:03 - [MESSAGE][INFO] - User set preference: ['args', '[--disable-notifications]']

2023-10-04 20:55:03 - [MESSAGE][INFO] - Action delay is set to 0 milliseconds

2023-10-04 20:55:09 - [MESSAGE][PASSED] - Browser is opened with url: 'https://10.9.2.63/ecommerce/'

2023-10-04 20:55:09 - [TEST_STEP][PASSED] - maximizeWindow(): Current window maximized

2023-10-04 20:55:09 - [MESSAGE][PASSED] - Current window maximized

2023-10-04 20:55:09 - [TEST_STEP][PASSED] - verifyElementPresent(findTestObject("Login/Home"), 0): Object 'Object Repository/Login/Home' is present

2023-10-04 20:55:09 - [MESSAGE][WARNING] - Timeout '0' is invalid. Using default page load timeout: '30'

2023-10-04 20:55:09 - [MESSAGE][PASSED] - Object 'Object Repository/Login/Home' is present

2023-10-04 20:55:09 - [TEST_STEP][PASSED] - click(findTestObject("Login/a_Login")): Object: 'Object Repository/Login/a_Login' is clicked on

2023-10-04 20:55:10 - [MESSAGE][PASSED] - Object: 'Object Repository/Login/a_Login' is clicked on

2023-10-04 20:55:10 - [TEST_STEP][PASSED] - verifyElementPresent(findTestObject("Login/Tittle Login"), 0): Object 'Object Repository/Login/Tittle Login' is present

2023-10-04 20:55:10 - [MESSAGE][WARNING] - Timeout '0' is invalid. Using default page load timeout: '30'

2023-10-04 20:55:10 - [MESSAGE][PASSED] - Object 'Object Repository/Login/Tittle Login' is present

2023-10-04 20:55:10 - [TEST_STEP][PASSED] - setText(findTestObject("Login/input_Username, Email atau No. Handphone_a"), username): Text 'irfanafandi' is set on object 'Object Repository/Login/input_Username, Email atau No. Handphone_a'

2023-10-04 20:55:11 - [MESSAGE][PASSED] - Text 'irfanafandi' is set on object 'Object Repository/Login/input_Username, Email atau No. Handphone_a'

2023-10-04 20:55:11 - [TEST_STEP][PASSED] - setText(findTestObject("Login/input_Password_b"), password): Text '12345irfan' is set on object 'Object Repository/Login/input_Password_b'

2023-10-04 20:55:12 - [MESSAGE][PASSED] - Text '12345irfan' is set on object 'Object Repository/Login/input_Password_b'

2023-10-04 20:55:12 - [TEST_STEP][PASSED] - click(findTestObject("Login/label_Ingat saya")): Object: 'Object Repository/Login/label_Ingat saya' is clicked on

2023-10-04 20:55:12 - [MESSAGE][PASSED] - Object: 'Object Repository/Login/label_Ingat saya' is clicked on

2023-10-04 20:55:12 - [TEST_STEP][PASSED] - click(findTestObject("Login/button_Masuk")): Object: 'Object Repository/Login/button_Masuk' is clicked on

2023-10-04 20:55:13 - [MESSAGE][PASSED] - Object: 'Object Repository/Login/button_Masuk' is clicked on

2023-10-04 20:55:13 - [TEST_STEP][PASSED] - verifyElementPresent(findTestObject("Login/li_Profile"), 0): Object 'Object Repository/Login/li_Profile' is present

2023-10-04 20:55:13 - [MESSAGE][WARNING] - Timeout '0' is invalid. Using default page load timeout: '30'

2023-10-04 20:55:14 - [MESSAGE][PASSED] - Object 'Object Repository/Login/li_Profile' is present

2023-10-04 20:55:14 - [MESSAGE][PASSED] - Call Test Case 'Test Cases/T13 Pembelian, Shipment dan Pembayaran/LU-001' successfully

2023-10-04 20:55:14 - [TEST_STEP][PASSED] - mouseOver(findTestObject("beli barang/i_Mulai Belanja_icon-menu")): Object: 'Object Repository/beli barang/i_Mulai Belanja_icon-menu' is hovered

2023-10-04 20:55:14 - [MESSAGE][PASSED] - Object: 'Object Repository/beli barang/i_Mulai Belanja_icon-menu' is hovered

2023-10-04 20:55:14 - [TEST_STEP][PASSED] - click(findTestObject("beli barang/a_Fashion  Busana Wanita")): Object: 'Object Repository/beli barang/a_Fashion  Busana Wanita' is clicked on

2023-10-04 20:55:15 - [MESSAGE][PASSED] - Object: 'Object Repository/beli barang/a_Fashion  Busana Wanita' is clicked on

2023-10-04 20:55:15 - [TEST_STEP][PASSED] - NamaSebelum = getText(findTestObject("verifikasi/Nama sebelum")): Text of object 'Object Repository/verifikasi/Nama sebelum' is: ''

2023-10-04 20:55:16 - [MESSAGE][PASSED] - Text of object 'Object Repository/verifikasi/Nama sebelum' is: ''

2023-10-04 20:55:16 - [TEST_STEP][PASSED] - HargaSebelum = getText(findTestObject("verifikasi/Harga sebelum")): Text of object 'Object Repository/verifikasi/Harga sebelum' is: 'Rp 1,299'

2023-10-04 20:55:16 - [MESSAGE][PASSED] - Text of object 'Object Repository/verifikasi/Harga sebelum' is: 'Rp 1,299'

2023-10-04 20:55:16 - [TEST_STEP][PASSED] - mouseOver(findTestObject("beli barang/barang mouse over")): Object: 'Object Repository/beli barang/barang mouse over' is hovered

2023-10-04 20:55:17 - [MESSAGE][PASSED] - Object: 'Object Repository/beli barang/barang mouse over' is hovered

2023-10-04 20:55:17 - [TEST_STEP][PASSED] - click(findTestObject("beli barang/buttom add to cart")): Object: 'Object Repository/beli barang/buttom add to cart' is clicked on

2023-10-04 20:55:19 - [MESSAGE][PASSED] - Object: 'Object Repository/beli barang/buttom add to cart' is clicked on

2023-10-04 20:55:19 - [TEST_STEP][PASSED] - NamaSesudah = getText(findTestObject("verifikasi/Nama sesudah")): Text of object 'Object Repository/verifikasi/Nama sesudah' is: 'Segitiga Instan Madeira - MDB5.3 Sunset'

2023-10-04 20:55:20 - [MESSAGE][PASSED] - Text of object 'Object Repository/verifikasi/Nama sesudah' is: 'Segitiga Instan Madeira - MDB5.3 Sunset'

2023-10-04 20:55:20 - [TEST_STEP][PASSED] - HargaSesudah = getText(findTestObject("verifikasi/Harga sesudah")): Text of object 'Object Repository/verifikasi/Harga sesudah' is: 'Rp 1,299'

2023-10-04 20:55:20 - [MESSAGE][PASSED] - Text of object 'Object Repository/verifikasi/Harga sesudah' is: 'Rp 1,299'

2023-10-04 20:55:20 - [TEST_STEP][PASSED] - assert NamaSesudah.contains(NamaSebelum): null

2023-10-04 20:55:20 - [TEST_STEP][PASSED] - assert HargaSesudah.contains(HargaSebelum): null

2023-10-04 20:55:20 - [TEST_STEP][PASSED] - click(findTestObject("beli barang/Tambah Keranjang busana wanita")): Object: 'Object Repository/beli barang/Tambah Keranjang busana wanita' is clicked on

2023-10-04 20:55:21 - [MESSAGE][PASSED] - Object: 'Object Repository/beli barang/Tambah Keranjang busana wanita' is clicked on

2023-10-04 20:55:21 - [TEST_STEP][PASSED] - verifyElementPresent(findTestObject("checkout/Notifikasi keranjang"), 1): Object 'Object Repository/checkout/Notifikasi keranjang' is present

2023-10-04 20:55:21 - [MESSAGE][PASSED] - Object 'Object Repository/checkout/Notifikasi keranjang' is present

2023-10-04 20:55:21 - [TEST_STEP][PASSED] - data = new java.util.HashMap(): null

2023-10-04 20:55:21 - [TEST_STEP][PASSED] - data.put("nama_barang", NamaSesudah): null

2023-10-04 20:55:21 - [TEST_STEP][PASSED] - data.put("price_barang", HargaSesudah): null

2023-10-04 20:55:21 - [TEST_STEP][PASSED] - return data: null

2023-10-04 20:55:21 - [MESSAGE][PASSED] - Call Test Case 'Test Cases/T13 Pembelian, Shipment dan Pembayaran/PBL-001' successfully

2023-10-04 20:55:21 - [TEST_STEP][PASSED] - mouseOver(findTestObject("beli barang/keranjang")): Object: 'Object Repository/beli barang/keranjang' is hovered

2023-10-04 20:55:22 - [MESSAGE][PASSED] - Object: 'Object Repository/beli barang/keranjang' is hovered

2023-10-04 20:55:22 - [TEST_STEP][PASSED] - click(findTestObject("beli barang/Lihat Sekarang")): Object: 'Object Repository/beli barang/Lihat Sekarang' is clicked on

2023-10-04 20:55:23 - [MESSAGE][PASSED] - Object: 'Object Repository/beli barang/Lihat Sekarang' is clicked on

2023-10-04 20:55:23 - [TEST_STEP][PASSED] - verifyElementPresent(findTestObject("keranjang/li_Keranjang Belanja"), 0): Object 'Object Repository/keranjang/li_Keranjang Belanja' is present

2023-10-04 20:55:23 - [MESSAGE][WARNING] - Timeout '0' is invalid. Using default page load timeout: '30'

2023-10-04 20:55:23 - [MESSAGE][PASSED] - Object 'Object Repository/keranjang/li_Keranjang Belanja' is present

2023-10-04 20:55:23 - [TEST_STEP][PASSED] - NamaKeranjang = getText(findTestObject("verifikasi/Nama keranjang")): Text of object 'Object Repository/verifikasi/Nama keranjang' is: 'Segitiga Instan Madeira - MDB5.3 Sunset'

2023-10-04 20:55:24 - [MESSAGE][PASSED] - Text of object 'Object Repository/verifikasi/Nama keranjang' is: 'Segitiga Instan Madeira - MDB5.3 Sunset'

2023-10-04 20:55:24 - [TEST_STEP][PASSED] - HargaKeranjang = getText(findTestObject("verifikasi/Harga Keranjang")): Text of object 'Object Repository/verifikasi/Harga Keranjang' is: 'Rp 1,299'

2023-10-04 20:55:24 - [MESSAGE][PASSED] - Text of object 'Object Repository/verifikasi/Harga Keranjang' is: 'Rp 1,299'

2023-10-04 20:55:24 - [TEST_STEP][PASSED] - if (toString().equalsIgnoreCase("Merah")): Object 'Object Repository/keranjang/input_Warna_variasi101' is checked

2023-10-04 20:55:24 - [TEST_STEP][PASSED] - check(findTestObject("Object Repository/keranjang/input_Warna_variasi101")): Object 'Object Repository/keranjang/input_Warna_variasi101' is checked

2023-10-04 20:55:25 - [MESSAGE][PASSED] - Object 'Object Repository/keranjang/input_Warna_variasi101' is checked

2023-10-04 20:55:25 - [TEST_STEP][PASSED] - if (toString().equalsIgnoreCase("Menengah")): Object 'Object Repository/keranjang/input_Ukuran_variasi201' is checked

2023-10-04 20:55:25 - [TEST_STEP][PASSED] - check(findTestObject("Object Repository/keranjang/input_Ukuran_variasi201")): Object 'Object Repository/keranjang/input_Ukuran_variasi201' is checked

2023-10-04 20:55:25 - [MESSAGE][PASSED] - Object 'Object Repository/keranjang/input_Ukuran_variasi201' is checked

2023-10-04 20:55:25 - [TEST_STEP][PASSED] - data.put("Warna", warna): null

2023-10-04 20:55:25 - [TEST_STEP][PASSED] - data.put("Ukuran", ukuran): null

2023-10-04 20:55:25 - [TEST_STEP][PASSED] - click(findTestObject("keranjang/button_Lanjut ke Pembayaran")): Object: 'Object Repository/keranjang/button_Lanjut ke Pembayaran' is clicked on

2023-10-04 20:55:26 - [MESSAGE][PASSED] - Object: 'Object Repository/keranjang/button_Lanjut ke Pembayaran' is clicked on

2023-10-04 20:55:26 - [TEST_STEP][PASSED] - verifyElementPresent(findTestObject("checkout/Tittle Checkout Order"), 0): Object 'Object Repository/checkout/Tittle Checkout Order' is present

2023-10-04 20:55:26 - [MESSAGE][WARNING] - Timeout '0' is invalid. Using default page load timeout: '30'

2023-10-04 20:55:27 - [MESSAGE][PASSED] - Object 'Object Repository/checkout/Tittle Checkout Order' is present

2023-10-04 20:55:27 - [TEST_STEP][PASSED] - name_product = data.get("nama_barang"): null

2023-10-04 20:55:27 - [TEST_STEP][PASSED] - price_product = data.get("price_barang"): null

2023-10-04 20:55:27 - [TEST_STEP][PASSED] - assert name_product == NamaKeranjang: null

2023-10-04 20:55:27 - [TEST_STEP][PASSED] - assert price_product == HargaKeranjang: null

2023-10-04 20:55:27 - [TEST_STEP][PASSED] - return data: null

2023-10-04 20:55:27 - [MESSAGE][PASSED] - Call Test Case 'Test Cases/T13 Pembelian, Shipment dan Pembayaran/PBL-002' successfully

2023-10-04 20:55:27 - [TEST_STEP][PASSED] - warnaa = getText(findTestObject("verifikasi/warna Merah")): Text of object 'Object Repository/verifikasi/warna Merah' is: 'Merah'

2023-10-04 20:55:27 - [MESSAGE][PASSED] - Text of object 'Object Repository/verifikasi/warna Merah' is: 'Merah'

2023-10-04 20:55:27 - [TEST_STEP][PASSED] - ukurann = getText(findTestObject("verifikasi/Ukuran Menengah")): Text of object 'Object Repository/verifikasi/Ukuran Menengah' is: 'Menengah'

2023-10-04 20:55:28 - [MESSAGE][PASSED] - Text of object 'Object Repository/verifikasi/Ukuran Menengah' is: 'Menengah'

2023-10-04 20:55:28 - [TEST_STEP][PASSED] - warna1 = data.get("Warna"): null

2023-10-04 20:55:28 - [TEST_STEP][PASSED] - ukuran1 = data.get("Ukuran"): null

2023-10-04 20:55:28 - [TEST_STEP][PASSED] - assert warnaa == warna1: null

2023-10-04 20:55:28 - [TEST_STEP][PASSED] - assert ukurann == ukuran1: null

2023-10-04 20:55:28 - [TEST_STEP][PASSED] - NamaCheckout = getText(findTestObject("verifikasi/NamaCheckout")): Text of object 'Object Repository/verifikasi/NamaCheckout' is: ''

2023-10-04 20:55:28 - [MESSAGE][PASSED] - Text of object 'Object Repository/verifikasi/NamaCheckout' is: ''

2023-10-04 20:55:28 - [TEST_STEP][PASSED] - HargaCheckout = getText(findTestObject("verifikasi/HargaCheckout")): Text of object 'Object Repository/verifikasi/HargaCheckout' is: '1,299'

2023-10-04 20:55:28 - [MESSAGE][PASSED] - Text of object 'Object Repository/verifikasi/HargaCheckout' is: '1,299'

2023-10-04 20:55:28 - [TEST_STEP][PASSED] - name_product = data.get("nama_barang"): null

2023-10-04 20:55:28 - [TEST_STEP][PASSED] - price_product = data.get("price_barang"): null

2023-10-04 20:55:28 - [TEST_STEP][PASSED] - assert name_product.contains(NamaCheckout): null

2023-10-04 20:55:28 - [TEST_STEP][PASSED] - assert price_product.contains(HargaCheckout): null

2023-10-04 20:55:28 - [TEST_STEP][PASSED] - selectOptionByLabel(findTestObject("checkout/select - Kirim via Kurir Lokal"), Kurir, false): All options with label 'Roda 2' are selected in object 'Object Repository/checkout/select - Kirim via Kurir Lokal' 

2023-10-04 20:55:29 - [MESSAGE][PASSED] - All options with label 'Roda 2' are selected in object 'Object Repository/checkout/select - Kirim via Kurir Lokal' 

2023-10-04 20:55:29 - [TEST_STEP][PASSED] - click(findTestObject("checkout/Kendaraan Kurir")): Object: 'Object Repository/checkout/Kendaraan Kurir' is clicked on

2023-10-04 20:55:30 - [MESSAGE][PASSED] - Object: 'Object Repository/checkout/Kendaraan Kurir' is clicked on

2023-10-04 20:55:30 - [TEST_STEP][PASSED] - OngkosKirim = getText(findTestObject("Object Repository/verifikasi/Ongkos Kirim checkout")): Text of object 'Object Repository/verifikasi/Ongkos Kirim checkout' is: 'Rp. 5,000'

2023-10-04 20:55:30 - [MESSAGE][PASSED] - Text of object 'Object Repository/verifikasi/Ongkos Kirim checkout' is: 'Rp. 5,000'

2023-10-04 20:55:30 - [TEST_STEP][PASSED] - Ongkos = OngkosKirim.substring(3, OngkosKirim.size()): null

2023-10-04 20:55:30 - [TEST_STEP][PASSED] - rep = Ongkos.replace(",", "."): null

2023-10-04 20:55:30 - [TEST_STEP][PASSED] - Ongkos_kirim = Double.parseDouble(rep): null

2023-10-04 20:55:30 - [TEST_STEP][PASSED] - println(Ongkos_kirim): null

2023-10-04 20:55:30 - [TEST_STEP][PASSED] - FeeAdmin = getText(findTestObject("verifikasi/Fee Admin checkout")): Text of object 'Object Repository/verifikasi/Fee Admin checkout' is: 'Fee Admin
Rp 1,500'

2023-10-04 20:55:30 - [MESSAGE][PASSED] - Text of object 'Object Repository/verifikasi/Fee Admin checkout' is: 'Fee Admin
Rp 1,500'

2023-10-04 20:55:30 - [TEST_STEP][PASSED] - Fee_Admin = FeeAdmin.substring(12, FeeAdmin.size()): null

2023-10-04 20:55:30 - [TEST_STEP][PASSED] - fee = Fee_Admin.replace(",", "."): null

2023-10-04 20:55:30 - [TEST_STEP][PASSED] - fee_admin = Double.parseDouble(fee): null

2023-10-04 20:55:30 - [TEST_STEP][PASSED] - println(fee_admin): null

2023-10-04 20:55:30 - [TEST_STEP][PASSED] - Subtotal = getText(findTestObject("verifikasi/subtotal checkout")): Text of object 'Object Repository/verifikasi/subtotal checkout' is: 'Subtotal
Rp 1,299'

2023-10-04 20:55:31 - [MESSAGE][PASSED] - Text of object 'Object Repository/verifikasi/subtotal checkout' is: 'Subtotal
Rp 1,299'

2023-10-04 20:55:31 - [TEST_STEP][PASSED] - sub_total = Subtotal.substring(12, Subtotal.size()): null

2023-10-04 20:55:31 - [TEST_STEP][PASSED] - sub = sub_total.replace(",", "."): null

2023-10-04 20:55:31 - [TEST_STEP][PASSED] - sub_total = Double.parseDouble(sub): null

2023-10-04 20:55:31 - [TEST_STEP][PASSED] - println(sub_total): null

2023-10-04 20:55:31 - [TEST_STEP][PASSED] - Total = getText(findTestObject("verifikasi/Total checkout")): Text of object 'Object Repository/verifikasi/Total checkout' is: 'Rp 7,799'

2023-10-04 20:55:31 - [MESSAGE][PASSED] - Text of object 'Object Repository/verifikasi/Total checkout' is: 'Rp 7,799'

2023-10-04 20:55:31 - [TEST_STEP][PASSED] - totall = Total.substring(3, Total.size()): null

2023-10-04 20:55:31 - [TEST_STEP][PASSED] - total = totall.replace(",", "."): null

2023-10-04 20:55:31 - [TEST_STEP][PASSED] - totall = Double.parseDouble(total): null

2023-10-04 20:55:31 - [TEST_STEP][PASSED] - println(totall): null

2023-10-04 20:55:31 - [TEST_STEP][PASSED] - Total_Harga = Ongkos_kirim + fee_admin + sub_total: null

2023-10-04 20:55:31 - [TEST_STEP][PASSED] - println(Total_Harga): null

2023-10-04 20:55:31 - [TEST_STEP][PASSED] - TotalHarga = Math.round(Total_Harga * 1000) / 1000: null

2023-10-04 20:55:31 - [TEST_STEP][PASSED] - println(TotalHarga): null

2023-10-04 20:55:31 - [TEST_STEP][PASSED] - assert totall == TotalHarga: null

2023-10-04 20:55:31 - [TEST_STEP][PASSED] - click(findTestObject("verifikasi/Metode Transfer")): Object: 'Object Repository/verifikasi/Metode Transfer' is clicked on

2023-10-04 20:55:32 - [MESSAGE][PASSED] - Object: 'Object Repository/verifikasi/Metode Transfer' is clicked on

2023-10-04 20:55:32 - [TEST_STEP][PASSED] - click(findTestObject("checkout/button_Proses Pembayaran")): Object: 'Object Repository/checkout/button_Proses Pembayaran' is clicked on

2023-10-04 20:55:38 - [MESSAGE][PASSED] - Object: 'Object Repository/checkout/button_Proses Pembayaran' is clicked on

2023-10-04 20:55:38 - [TEST_STEP][PASSED] - verifyElementPresent(findTestObject("pembayaran/Tittle nomor invoice"), 0): Object 'Object Repository/pembayaran/Tittle nomor invoice' is present

2023-10-04 20:55:38 - [MESSAGE][WARNING] - Timeout '0' is invalid. Using default page load timeout: '30'

2023-10-04 20:55:39 - [MESSAGE][PASSED] - Object 'Object Repository/pembayaran/Tittle nomor invoice' is present

2023-10-04 20:55:39 - [TEST_STEP][PASSED] - return data: null

2023-10-04 20:55:39 - [MESSAGE][PASSED] - Call Test Case 'Test Cases/T13 Pembelian, Shipment dan Pembayaran/PBL-004' successfully

2023-10-04 20:55:39 - [TEST_STEP][PASSED] - Invoice = getText(findTestObject("pembayaran/nomor invoice")): Text of object 'Object Repository/pembayaran/nomor invoice' is: 'TRX60.20231004205533'

2023-10-04 20:55:40 - [MESSAGE][PASSED] - Text of object 'Object Repository/pembayaran/nomor invoice' is: 'TRX60.20231004205533'

2023-10-04 20:55:40 - [TEST_STEP][PASSED] - data.put("invoice", Invoice): null

2023-10-04 20:55:40 - [TEST_STEP][PASSED] - NamaPemesan = getText(findTestObject("Konfirmasi pesanan shop/Nama pemesan")): Text of object 'Object Repository/Konfirmasi pesanan shop/Nama pemesan' is: 'irfan.afandi'

2023-10-04 20:55:40 - [MESSAGE][PASSED] - Text of object 'Object Repository/Konfirmasi pesanan shop/Nama pemesan' is: 'irfan.afandi'

2023-10-04 20:55:40 - [TEST_STEP][PASSED] - Nama = getText(findTestObject("pembayaran/Nama barang")): Text of object 'Object Repository/pembayaran/Nama barang' is: 'Segitiga Instan Madeira - MDB5.3 Sunset'

2023-10-04 20:55:40 - [MESSAGE][PASSED] - Text of object 'Object Repository/pembayaran/Nama barang' is: 'Segitiga Instan Madeira - MDB5.3 Sunset'

2023-10-04 20:55:40 - [TEST_STEP][PASSED] - Harga = getText(findTestObject("pembayaran/Harga barang")): Text of object 'Object Repository/pembayaran/Harga barang' is: '1,299'

2023-10-04 20:55:41 - [MESSAGE][PASSED] - Text of object 'Object Repository/pembayaran/Harga barang' is: '1,299'

2023-10-04 20:55:41 - [TEST_STEP][PASSED] - name_product = data.get("nama_barang"): null

2023-10-04 20:55:41 - [TEST_STEP][PASSED] - price_product = data.get("price_barang"): null

2023-10-04 20:55:41 - [TEST_STEP][PASSED] - assert name_product.contains(Nama): null

2023-10-04 20:55:41 - [TEST_STEP][PASSED] - assert price_product.contains(Harga): null

2023-10-04 20:55:41 - [TEST_STEP][PASSED] - warnaa = getText(findTestObject("pembayaran/warna")): Text of object 'Object Repository/pembayaran/warna' is: 'Merah'

2023-10-04 20:55:41 - [MESSAGE][PASSED] - Text of object 'Object Repository/pembayaran/warna' is: 'Merah'

2023-10-04 20:55:41 - [TEST_STEP][PASSED] - ukurann = getText(findTestObject("pembayaran/ukuran")): Text of object 'Object Repository/pembayaran/ukuran' is: 'Menengah'

2023-10-04 20:55:42 - [MESSAGE][PASSED] - Text of object 'Object Repository/pembayaran/ukuran' is: 'Menengah'

2023-10-04 20:55:42 - [TEST_STEP][PASSED] - warna1 = data.get("Warna"): null

2023-10-04 20:55:42 - [TEST_STEP][PASSED] - ukuran1 = data.get("Ukuran"): null

2023-10-04 20:55:42 - [TEST_STEP][PASSED] - assert warnaa == warna1: null

2023-10-04 20:55:42 - [TEST_STEP][PASSED] - assert ukurann == ukuran1: null

2023-10-04 20:55:42 - [TEST_STEP][PASSED] - statusPembelian = getText(findTestObject("verifikasi/Status pending di pembelian")): Text of object 'Object Repository/verifikasi/Status pending di pembelian' is: 'Pending'

2023-10-04 20:55:42 - [MESSAGE][PASSED] - Text of object 'Object Repository/verifikasi/Status pending di pembelian' is: 'Pending'

2023-10-04 20:55:42 - [TEST_STEP][PASSED] - data.put("statusPem", statusPembelian): null

2023-10-04 20:55:42 - [TEST_STEP][PASSED] - OngkosKirim = getText(findTestObject("pembayaran/ongkos kirim")): Text of object 'Object Repository/pembayaran/ongkos kirim' is: 'Rp 5,000'

2023-10-04 20:55:43 - [MESSAGE][PASSED] - Text of object 'Object Repository/pembayaran/ongkos kirim' is: 'Rp 5,000'

2023-10-04 20:55:43 - [TEST_STEP][PASSED] - Ongkos = OngkosKirim.substring(3, OngkosKirim.size()): null

2023-10-04 20:55:43 - [TEST_STEP][PASSED] - rep = Ongkos.replace(",", ""): null

2023-10-04 20:55:43 - [TEST_STEP][PASSED] - Ongkos_kirimm = Integer.parseInt(rep): null

2023-10-04 20:55:43 - [TEST_STEP][PASSED] - println(Ongkos_kirimm): null

2023-10-04 20:55:43 - [TEST_STEP][PASSED] - FeeAdmin = getText(findTestObject("pembayaran/fee admin")): Text of object 'Object Repository/pembayaran/fee admin' is: 'Rp 1,500'

2023-10-04 20:55:43 - [MESSAGE][PASSED] - Text of object 'Object Repository/pembayaran/fee admin' is: 'Rp 1,500'

2023-10-04 20:55:43 - [TEST_STEP][PASSED] - Fee_Admin = FeeAdmin.substring(3, FeeAdmin.size()): null

2023-10-04 20:55:43 - [TEST_STEP][PASSED] - fee = Fee_Admin.replace(",", ""): null

2023-10-04 20:55:43 - [TEST_STEP][PASSED] - fee_adminn = Integer.parseInt(fee): null

2023-10-04 20:55:43 - [TEST_STEP][PASSED] - println(fee_adminn): null

2023-10-04 20:55:43 - [TEST_STEP][PASSED] - Subtotal = getText(findTestObject("pembayaran/subtotal")): Text of object 'Object Repository/pembayaran/subtotal' is: 'Rp 1,299'

2023-10-04 20:55:44 - [MESSAGE][PASSED] - Text of object 'Object Repository/pembayaran/subtotal' is: 'Rp 1,299'

2023-10-04 20:55:44 - [TEST_STEP][PASSED] - sub_total = Subtotal.substring(3, Subtotal.size()): null

2023-10-04 20:55:44 - [TEST_STEP][PASSED] - sub = sub_total.replace(",", ""): null

2023-10-04 20:55:44 - [TEST_STEP][PASSED] - sub_totall = Integer.parseInt(sub): null

2023-10-04 20:55:44 - [TEST_STEP][PASSED] - println(sub_totall): null

2023-10-04 20:55:44 - [TEST_STEP][PASSED] - unik = getText(findTestObject("pembayaran/kode unik")): Text of object 'Object Repository/pembayaran/kode unik' is: '+533'

2023-10-04 20:55:44 - [MESSAGE][PASSED] - Text of object 'Object Repository/pembayaran/kode unik' is: '+533'

2023-10-04 20:55:44 - [TEST_STEP][PASSED] - unikk = unik.replace("+", ""): null

2023-10-04 20:55:44 - [TEST_STEP][PASSED] - kode_unik = Integer.parseInt(unikk): null

2023-10-04 20:55:44 - [TEST_STEP][PASSED] - println(kode_unik): null

2023-10-04 20:55:44 - [TEST_STEP][PASSED] - Total = getText(findTestObject("pembayaran/total")): Text of object 'Object Repository/pembayaran/total' is: '8,332'

2023-10-04 20:55:45 - [MESSAGE][PASSED] - Text of object 'Object Repository/pembayaran/total' is: '8,332'

2023-10-04 20:55:45 - [TEST_STEP][PASSED] - total = Total.replace(",", ""): null

2023-10-04 20:55:45 - [TEST_STEP][PASSED] - totalll = Integer.parseInt(total): null

2023-10-04 20:55:45 - [TEST_STEP][PASSED] - println(totalll): null

2023-10-04 20:55:45 - [TEST_STEP][PASSED] - Total_Hargaa = Ongkos_kirimm + fee_adminn + sub_totall + kode_unik: null

2023-10-04 20:55:45 - [TEST_STEP][PASSED] - println(Total_Hargaa): null

2023-10-04 20:55:45 - [TEST_STEP][PASSED] - assert totalll == Total_Hargaa: null

2023-10-04 20:55:45 - [TEST_STEP][PASSED] - data.put("total", Total): null

2023-10-04 20:55:45 - [TEST_STEP][PASSED] - data.put("nama", NamaPemesan): null

2023-10-04 20:55:45 - [TEST_STEP][PASSED] - return data: null

2023-10-04 20:55:45 - [MESSAGE][PASSED] - Call Test Case 'Test Cases/T13 Pembelian, Shipment dan Pembayaran/PBY-001' successfully

2023-10-04 20:55:45 - [TEST_STEP][PASSED] - inv = data.get("invoice"): null

2023-10-04 20:55:45 - [TEST_STEP][PASSED] - Total = data.get("total"): null

2023-10-04 20:55:45 - [TEST_STEP][PASSED] - NamaPemesan = data.get("nama"): null

2023-10-04 20:55:45 - [TEST_STEP][PASSED] - click(findTestObject("Konfirmasi pesanan shop/Menu Shop")): Object: 'Object Repository/Konfirmasi pesanan shop/Menu Shop' is clicked on

2023-10-04 20:55:46 - [MESSAGE][PASSED] - Object: 'Object Repository/Konfirmasi pesanan shop/Menu Shop' is clicked on

2023-10-04 20:55:46 - [TEST_STEP][PASSED] - click(findTestObject("Konfirmasi pesanan shop/Menu Shop")): Object: 'Object Repository/Konfirmasi pesanan shop/Menu Shop' is clicked on

2023-10-04 20:55:47 - [MESSAGE][PASSED] - Object: 'Object Repository/Konfirmasi pesanan shop/Menu Shop' is clicked on

2023-10-04 20:55:47 - [TEST_STEP][PASSED] - click(findTestObject("Konfirmasi pesanan shop/Konfirmasi Orders")): Object: 'Object Repository/Konfirmasi pesanan shop/Konfirmasi Orders' is clicked on

2023-10-04 20:55:48 - [MESSAGE][PASSED] - Object: 'Object Repository/Konfirmasi pesanan shop/Konfirmasi Orders' is clicked on

2023-10-04 20:55:48 - [TEST_STEP][PASSED] - verifyElementPresent(findTestObject("Konfirmasi pesanan shop/Tittle Konfirmasi Pesanan"), 0): Object 'Object Repository/Konfirmasi pesanan shop/Tittle Konfirmasi Pesanan' is present

2023-10-04 20:55:48 - [MESSAGE][WARNING] - Timeout '0' is invalid. Using default page load timeout: '30'

2023-10-04 20:55:48 - [MESSAGE][PASSED] - Object 'Object Repository/Konfirmasi pesanan shop/Tittle Konfirmasi Pesanan' is present

2023-10-04 20:55:48 - [TEST_STEP][PASSED] - setText(findTestObject("Konfirmasi pesanan shop/input_No Pesanan"), inv): Text 'TRX60.20231004205533' is set on object 'Object Repository/Konfirmasi pesanan shop/input_No Pesanan'

2023-10-04 20:55:49 - [MESSAGE][PASSED] - Text 'TRX60.20231004205533' is set on object 'Object Repository/Konfirmasi pesanan shop/input_No Pesanan'

2023-10-04 20:55:49 - [TEST_STEP][PASSED] - setText(findTestObject("Konfirmasi pesanan shop/input_Alamat E-mai"), "irfan@gmail.com"): Text 'irfan@gmail.com' is set on object 'Object Repository/Konfirmasi pesanan shop/input_Alamat E-mai'

2023-10-04 20:55:50 - [MESSAGE][PASSED] - Text 'irfan@gmail.com' is set on object 'Object Repository/Konfirmasi pesanan shop/input_Alamat E-mai'

2023-10-04 20:55:50 - [TEST_STEP][PASSED] - click(findTestObject("Konfirmasi pesanan shop/button_Submit")): Object: 'Object Repository/Konfirmasi pesanan shop/button_Submit' is clicked on

2023-10-04 20:55:51 - [MESSAGE][PASSED] - Object: 'Object Repository/Konfirmasi pesanan shop/button_Submit' is clicked on

2023-10-04 20:55:51 - [TEST_STEP][PASSED] - verifyElementPresent(findTestObject("Konfirmasi pesanan shop/Tittle nomor invoice"), 0): Object 'Object Repository/Konfirmasi pesanan shop/Tittle nomor invoice' is present

2023-10-04 20:55:51 - [MESSAGE][WARNING] - Timeout '0' is invalid. Using default page load timeout: '30'

2023-10-04 20:55:51 - [MESSAGE][PASSED] - Object 'Object Repository/Konfirmasi pesanan shop/Tittle nomor invoice' is present

2023-10-04 20:55:51 - [TEST_STEP][PASSED] - setText(findTestObject("Konfirmasi pesanan shop/input_Total TagihanTransfer_b"), Total): Text '8,332' is set on object 'Object Repository/Konfirmasi pesanan shop/input_Total TagihanTransfer_b'

2023-10-04 20:55:52 - [MESSAGE][PASSED] - Text '8,332' is set on object 'Object Repository/Konfirmasi pesanan shop/input_Total TagihanTransfer_b'

2023-10-04 20:55:52 - [TEST_STEP][PASSED] - selectOptionByValue(findTestObject("Konfirmasi pesanan shop/select_Bank"), "4", false): All options with value '4' are selected in object 'Object Repository/Konfirmasi pesanan shop/select_Bank' 

2023-10-04 20:55:53 - [MESSAGE][PASSED] - All options with value '4' are selected in object 'Object Repository/Konfirmasi pesanan shop/select_Bank' 

2023-10-04 20:55:53 - [TEST_STEP][PASSED] - setText(findTestObject("Konfirmasi pesanan shop/input_Nama Pengirim_d"), NamaPemesan): Text 'irfan.afandi' is set on object 'Object Repository/Konfirmasi pesanan shop/input_Nama Pengirim_d'

2023-10-04 20:55:53 - [MESSAGE][PASSED] - Text 'irfan.afandi' is set on object 'Object Repository/Konfirmasi pesanan shop/input_Nama Pengirim_d'

2023-10-04 20:55:53 - [TEST_STEP][PASSED] - uploadFile(findTestObject("keranjang/konfirmasi/input_Upload Bukti Transfer_f"), "C:\Users\IRFAN\Downloads\Berkas2.pdf"): File 'C:\Users\IRFAN\Downloads\Berkas2.pdf' sent to object: 'Object Repository/keranjang/konfirmasi/input_Upload Bukti Transfer_f'

2023-10-04 20:55:54 - [MESSAGE][PASSED] - File 'C:\Users\IRFAN\Downloads\Berkas2.pdf' sent to object: 'Object Repository/keranjang/konfirmasi/input_Upload Bukti Transfer_f'

2023-10-04 20:55:54 - [TEST_STEP][PASSED] - click(findTestObject("Konfirmasi pesanan shop/button_Konfirmasi Pembayaran")): Object: 'Object Repository/Konfirmasi pesanan shop/button_Konfirmasi Pembayaran' is clicked on

2023-10-04 20:55:55 - [MESSAGE][PASSED] - Object: 'Object Repository/Konfirmasi pesanan shop/button_Konfirmasi Pembayaran' is clicked on

2023-10-04 20:55:55 - [TEST_STEP][PASSED] - verifyElementPresent(findTestObject("Konfirmasi pesanan shop/Tittle Konfirmasi Pesanan"), 0): Object 'Object Repository/Konfirmasi pesanan shop/Tittle Konfirmasi Pesanan' is present

2023-10-04 20:55:55 - [MESSAGE][WARNING] - Timeout '0' is invalid. Using default page load timeout: '30'

2023-10-04 20:55:55 - [MESSAGE][PASSED] - Object 'Object Repository/Konfirmasi pesanan shop/Tittle Konfirmasi Pesanan' is present

2023-10-04 20:55:55 - [TEST_STEP][PASSED] - verifyElementPresent(findTestObject("Konfirmasi pesanan shop/Tittle massage succes Konfirmasi Pembayaran Pesanan"), 0): Object 'Object Repository/Konfirmasi pesanan shop/Tittle massage succes Konfirmasi Pembayaran Pesanan' is present

2023-10-04 20:55:55 - [MESSAGE][WARNING] - Timeout '0' is invalid. Using default page load timeout: '30'

2023-10-04 20:55:55 - [MESSAGE][PASSED] - Object 'Object Repository/Konfirmasi pesanan shop/Tittle massage succes Konfirmasi Pembayaran Pesanan' is present

2023-10-04 20:55:55 - [TEST_STEP][PASSED] - return data: null

2023-10-04 20:55:55 - [MESSAGE][PASSED] - Call Test Case 'Test Cases/T13 Pembelian, Shipment dan Pembayaran/PBY-004' successfully

2023-10-04 20:55:55 - [TEST_STEP][PASSED] - navigateToUrl("https://10.9.2.63/ecommerce/administrator/"): Navigate to 'https://10.9.2.63/ecommerce/administrator/' successfully

2023-10-04 20:55:56 - [MESSAGE][PASSED] - Navigate to 'https://10.9.2.63/ecommerce/administrator/' successfully

2023-10-04 20:55:56 - [TEST_STEP][PASSED] - verifyElementPresent(findTestObject("admin/Tittle ADMIN Login"), 0): Object 'Object Repository/admin/Tittle ADMIN Login' is present

2023-10-04 20:55:56 - [MESSAGE][WARNING] - Timeout '0' is invalid. Using default page load timeout: '30'

2023-10-04 20:55:56 - [MESSAGE][PASSED] - Object 'Object Repository/admin/Tittle ADMIN Login' is present

2023-10-04 20:55:56 - [TEST_STEP][PASSED] - setText(findTestObject("admin/Username"), "admin"): Text 'admin' is set on object 'Object Repository/admin/Username'

2023-10-04 20:55:57 - [MESSAGE][PASSED] - Text 'admin' is set on object 'Object Repository/admin/Username'

2023-10-04 20:55:57 - [TEST_STEP][PASSED] - setText(findTestObject("admin/Password"), "123admin123"): Text '123admin123' is set on object 'Object Repository/admin/Password'

2023-10-04 20:55:58 - [MESSAGE][PASSED] - Text '123admin123' is set on object 'Object Repository/admin/Password'

2023-10-04 20:55:58 - [TEST_STEP][PASSED] - click(findTestObject("admin/Remember Me")): Object: 'Object Repository/admin/Remember Me' is clicked on

2023-10-04 20:55:58 - [MESSAGE][PASSED] - Object: 'Object Repository/admin/Remember Me' is clicked on

2023-10-04 20:55:58 - [TEST_STEP][PASSED] - delay(10): Delayed 10 second(s)

2023-10-04 20:56:08 - [MESSAGE][PASSED] - Delayed 10 second(s)

2023-10-04 20:56:08 - [TEST_STEP][PASSED] - click(findTestObject("admin/buttom submit")): Object: 'Object Repository/admin/buttom submit' is clicked on

2023-10-04 20:56:10 - [MESSAGE][PASSED] - Object: 'Object Repository/admin/buttom submit' is clicked on

2023-10-04 20:56:10 - [TEST_STEP][PASSED] - verifyElementPresent(findTestObject("admin/Konf order konsumen/Tittle Dashboard"), 0): Object 'Object Repository/admin/Konf order konsumen/Tittle Dashboard' is present

2023-10-04 20:56:10 - [MESSAGE][WARNING] - Timeout '0' is invalid. Using default page load timeout: '30'

2023-10-04 20:56:16 - [MESSAGE][PASSED] - Object 'Object Repository/admin/Konf order konsumen/Tittle Dashboard' is present

2023-10-04 20:56:16 - [TEST_STEP][PASSED] - click(findTestObject("admin/Konf order konsumen/Menu Transaksi Market")): Object: 'Object Repository/admin/Konf order konsumen/Menu Transaksi Market' is clicked on

2023-10-04 20:56:18 - [MESSAGE][PASSED] - Object: 'Object Repository/admin/Konf order konsumen/Menu Transaksi Market' is clicked on

2023-10-04 20:56:18 - [TEST_STEP][PASSED] - click(findTestObject("admin/Konf order konsumen/Menu Konf. Order Konsumen")): Object: 'Object Repository/admin/Konf order konsumen/Menu Konf. Order Konsumen' is clicked on

2023-10-04 20:56:19 - [MESSAGE][PASSED] - Object: 'Object Repository/admin/Konf order konsumen/Menu Konf. Order Konsumen' is clicked on

2023-10-04 20:56:19 - [TEST_STEP][PASSED] - verifyElementPresent(findTestObject("admin/Konf order konsumen/Tittle Data Konfirmasi Pembayaran Konsumen"), 0): Object 'Object Repository/admin/Konf order konsumen/Tittle Data Konfirmasi Pembayaran Konsumen' is present

2023-10-04 20:56:19 - [MESSAGE][WARNING] - Timeout '0' is invalid. Using default page load timeout: '30'

2023-10-04 20:56:25 - [MESSAGE][PASSED] - Object 'Object Repository/admin/Konf order konsumen/Tittle Data Konfirmasi Pembayaran Konsumen' is present

2023-10-04 20:56:25 - [TEST_STEP][PASSED] - inv = data.get("invoice"): null

2023-10-04 20:56:25 - [TEST_STEP][PASSED] - setText(findTestObject("admin/Konf order konsumen/Search"), inv): Text 'TRX60.20231004205533' is set on object 'Object Repository/admin/Konf order konsumen/Search'

2023-10-04 20:56:26 - [MESSAGE][PASSED] - Text 'TRX60.20231004205533' is set on object 'Object Repository/admin/Konf order konsumen/Search'

2023-10-04 20:56:26 - [TEST_STEP][PASSED] - verifyElementText(findTestObject("admin/Konf order konsumen/Keterangan Lunas"), "Lunas"): Actual text and expected text of test object 'Object Repository/admin/Konf order konsumen/Keterangan Lunas' are matched.

2023-10-04 20:56:27 - [MESSAGE][PASSED] - Actual text and expected text of test object 'Object Repository/admin/Konf order konsumen/Keterangan Lunas' are matched.

2023-10-04 20:56:27 - [TEST_STEP][PASSED] - return data: null

2023-10-04 20:56:27 - [MESSAGE][PASSED] - Call Test Case 'Test Cases/T13 Pembelian, Shipment dan Pembayaran/PBYA-001' successfully

2023-10-04 20:56:27 - [TEST_STEP][PASSED] - click(findTestObject("admin/Penjualan ke konsumen/buttom Dashboard")): Object: 'Object Repository/admin/Penjualan ke konsumen/buttom Dashboard' is clicked on

2023-10-04 20:56:28 - [MESSAGE][PASSED] - Object: 'Object Repository/admin/Penjualan ke konsumen/buttom Dashboard' is clicked on

2023-10-04 20:56:28 - [TEST_STEP][PASSED] - click(findTestObject("admin/Konf order konsumen/Menu Transaksi Market")): Object: 'Object Repository/admin/Konf order konsumen/Menu Transaksi Market' is clicked on

2023-10-04 20:56:34 - [MESSAGE][PASSED] - Object: 'Object Repository/admin/Konf order konsumen/Menu Transaksi Market' is clicked on

2023-10-04 20:56:34 - [TEST_STEP][PASSED] - click(findTestObject("admin/Penjualan ke konsumen/a_Penjualan ke Konsumen")): Object: 'Object Repository/admin/Penjualan ke konsumen/a_Penjualan ke Konsumen' is clicked on

2023-10-04 20:56:36 - [MESSAGE][PASSED] - Object: 'Object Repository/admin/Penjualan ke konsumen/a_Penjualan ke Konsumen' is clicked on

2023-10-04 20:56:36 - [TEST_STEP][PASSED] - verifyElementPresent(findTestObject("admin/Tittle Data Transaksi Penjualan  Orderan Konsumen"), 0): Object 'Object Repository/admin/Tittle Data Transaksi Penjualan  Orderan Konsumen' is present

2023-10-04 20:56:36 - [MESSAGE][WARNING] - Timeout '0' is invalid. Using default page load timeout: '30'

2023-10-04 20:56:43 - [MESSAGE][PASSED] - Object 'Object Repository/admin/Tittle Data Transaksi Penjualan  Orderan Konsumen' is present

2023-10-04 20:56:43 - [TEST_STEP][PASSED] - return data: null

2023-10-04 20:56:43 - [MESSAGE][PASSED] - Call Test Case 'Test Cases/T13 Pembelian, Shipment dan Pembayaran/SA-001' successfully

2023-10-04 20:56:43 - [TEST_STEP][PASSED] - inv = data.get("invoice"): null

2023-10-04 20:56:43 - [TEST_STEP][PASSED] - setText(findTestObject("admin/Penjualan ke konsumen/Search"), inv): Text 'TRX60.20231004205533' is set on object 'Object Repository/admin/Penjualan ke konsumen/Search'

2023-10-04 20:56:45 - [MESSAGE][PASSED] - Text 'TRX60.20231004205533' is set on object 'Object Repository/admin/Penjualan ke konsumen/Search'

2023-10-04 20:56:45 - [TEST_STEP][PASSED] - click(findTestObject("admin/Penjualan ke konsumen/buttom konfirmasi pending payment")): Object: 'Object Repository/admin/Penjualan ke konsumen/buttom konfirmasi pending payment' is clicked on

2023-10-04 20:56:45 - [MESSAGE][PASSED] - Object: 'Object Repository/admin/Penjualan ke konsumen/buttom konfirmasi pending payment' is clicked on

2023-10-04 20:56:45 - [TEST_STEP][PASSED] - acceptAlert(STOP_ON_FAILURE): Alert accepted

2023-10-04 20:56:45 - [MESSAGE][PASSED] - Alert accepted

2023-10-04 20:56:45 - [TEST_STEP][PASSED] - setText(findTestObject("admin/Penjualan ke konsumen/Search"), inv): Text 'TRX60.20231004205533' is set on object 'Object Repository/admin/Penjualan ke konsumen/Search'

2023-10-04 20:56:46 - [MESSAGE][PASSED] - Text 'TRX60.20231004205533' is set on object 'Object Repository/admin/Penjualan ke konsumen/Search'

2023-10-04 20:56:46 - [TEST_STEP][PASSED] - verifyTextNotPresent("pending payment", false): Text 'pending payment' is not present on page

2023-10-04 20:56:47 - [MESSAGE][PASSED] - Text 'pending payment' is not present on page

2023-10-04 20:56:47 - [TEST_STEP][PASSED] - return data: null

2023-10-04 20:56:47 - [MESSAGE][PASSED] - Call Test Case 'Test Cases/T13 Pembelian, Shipment dan Pembayaran/SA-002' successfully

2023-10-04 20:56:47 - [TEST_STEP][PASSED] - click(findTestObject("admin/Penjualan ke konsumen/buttom scroldown")): Object: 'Object Repository/admin/Penjualan ke konsumen/buttom scroldown' is clicked on

2023-10-04 20:56:47 - [MESSAGE][PASSED] - Object: 'Object Repository/admin/Penjualan ke konsumen/buttom scroldown' is clicked on

2023-10-04 20:56:47 - [TEST_STEP][PASSED] - click(findTestObject("admin/Penjualan ke konsumen/Dikirim")): Object: 'Object Repository/admin/Penjualan ke konsumen/Dikirim' is clicked on

2023-10-04 20:56:48 - [MESSAGE][PASSED] - Object: 'Object Repository/admin/Penjualan ke konsumen/Dikirim' is clicked on

2023-10-04 20:56:48 - [TEST_STEP][PASSED] - acceptAlert(): Alert accepted

2023-10-04 20:56:48 - [MESSAGE][PASSED] - Alert accepted

2023-10-04 20:56:48 - [TEST_STEP][PASSED] - inv = data.get("invoice"): null

2023-10-04 20:56:48 - [TEST_STEP][PASSED] - setText(findTestObject("admin/Penjualan ke konsumen/Search"), inv): Text 'TRX60.20231004205533' is set on object 'Object Repository/admin/Penjualan ke konsumen/Search'

2023-10-04 20:56:49 - [MESSAGE][PASSED] - Text 'TRX60.20231004205533' is set on object 'Object Repository/admin/Penjualan ke konsumen/Search'

2023-10-04 20:56:49 - [TEST_STEP][PASSED] - delay(10): Delayed 10 second(s)

2023-10-04 20:56:59 - [MESSAGE][PASSED] - Delayed 10 second(s)

2023-10-04 20:56:59 - [TEST_STEP][PASSED] - verifyTextPresent("Dikirim", false): Text 'Dikirim' is present on page 

2023-10-04 20:57:02 - [MESSAGE][PASSED] - Text 'Dikirim' is present on page 

2023-10-04 20:57:02 - [TEST_STEP][PASSED] - dikirim = getText(findTestObject("admin/Dikirim")): Text of object 'Object Repository/admin/Dikirim' is: 'Proses'

2023-10-04 20:57:03 - [MESSAGE][PASSED] - Text of object 'Object Repository/admin/Dikirim' is: 'Proses'

2023-10-04 20:57:03 - [TEST_STEP][PASSED] - data.put("statuskirim", dikirim): null

2023-10-04 20:57:03 - [TEST_STEP][PASSED] - return data: null

2023-10-04 20:57:03 - [MESSAGE][PASSED] - Call Test Case 'Test Cases/T13 Pembelian, Shipment dan Pembayaran/SA-004' successfully

2023-10-04 20:57:03 - [TEST_STEP][PASSED] - openBrowser("https://10.9.2.63/ecommerce/"): Browser is opened with url: 'https://10.9.2.63/ecommerce/'

2023-10-04 20:57:03 - [MESSAGE][WARNING] - A browser is already opened. Closing browser and opening a new one

2023-10-04 20:57:04 - [MESSAGE][INFO] - Starting 'Firefox' driver

2023-10-04 20:57:04 - [MESSAGE][INFO] - User set preference: ['args', '[--disable-notifications]']

2023-10-04 20:57:04 - [MESSAGE][INFO] - Action delay is set to 0 milliseconds

2023-10-04 20:57:10 - [MESSAGE][PASSED] - Browser is opened with url: 'https://10.9.2.63/ecommerce/'

2023-10-04 20:57:10 - [TEST_STEP][PASSED] - maximizeWindow(): Current window maximized

2023-10-04 20:57:10 - [MESSAGE][PASSED] - Current window maximized

2023-10-04 20:57:10 - [TEST_STEP][PASSED] - verifyElementPresent(findTestObject("Login/Home"), 0): Object 'Object Repository/Login/Home' is present

2023-10-04 20:57:10 - [MESSAGE][WARNING] - Timeout '0' is invalid. Using default page load timeout: '30'

2023-10-04 20:57:10 - [MESSAGE][PASSED] - Object 'Object Repository/Login/Home' is present

2023-10-04 20:57:10 - [TEST_STEP][PASSED] - click(findTestObject("Login/a_Login")): Object: 'Object Repository/Login/a_Login' is clicked on

2023-10-04 20:57:11 - [MESSAGE][PASSED] - Object: 'Object Repository/Login/a_Login' is clicked on

2023-10-04 20:57:11 - [TEST_STEP][PASSED] - verifyElementPresent(findTestObject("Login/Tittle Login"), 0): Object 'Object Repository/Login/Tittle Login' is present

2023-10-04 20:57:11 - [MESSAGE][WARNING] - Timeout '0' is invalid. Using default page load timeout: '30'

2023-10-04 20:57:11 - [MESSAGE][PASSED] - Object 'Object Repository/Login/Tittle Login' is present

2023-10-04 20:57:11 - [TEST_STEP][PASSED] - setText(findTestObject("Login/input_Username, Email atau No. Handphone_a"), "irfanafandi"): Text 'irfanafandi' is set on object 'Object Repository/Login/input_Username, Email atau No. Handphone_a'

2023-10-04 20:57:12 - [MESSAGE][PASSED] - Text 'irfanafandi' is set on object 'Object Repository/Login/input_Username, Email atau No. Handphone_a'

2023-10-04 20:57:12 - [TEST_STEP][PASSED] - setText(findTestObject("Login/input_Password_b"), "12345irfan"): Text '12345irfan' is set on object 'Object Repository/Login/input_Password_b'

2023-10-04 20:57:13 - [MESSAGE][PASSED] - Text '12345irfan' is set on object 'Object Repository/Login/input_Password_b'

2023-10-04 20:57:13 - [TEST_STEP][PASSED] - click(findTestObject("Login/button_Masuk")): Object: 'Object Repository/Login/button_Masuk' is clicked on

2023-10-04 20:57:14 - [MESSAGE][PASSED] - Object: 'Object Repository/Login/button_Masuk' is clicked on

2023-10-04 20:57:14 - [TEST_STEP][PASSED] - verifyElementPresent(findTestObject("Login/li_Profile"), 0): Object 'Object Repository/Login/li_Profile' is present

2023-10-04 20:57:14 - [MESSAGE][WARNING] - Timeout '0' is invalid. Using default page load timeout: '30'

2023-10-04 20:57:14 - [MESSAGE][PASSED] - Object 'Object Repository/Login/li_Profile' is present

2023-10-04 20:57:14 - [TEST_STEP][PASSED] - click(findTestObject("Konfirmasi pesanan shop/Menu Shop")): Object: 'Object Repository/Konfirmasi pesanan shop/Menu Shop' is clicked on

2023-10-04 20:57:16 - [MESSAGE][PASSED] - Object: 'Object Repository/Konfirmasi pesanan shop/Menu Shop' is clicked on

2023-10-04 20:57:16 - [TEST_STEP][PASSED] - click(findTestObject("Konfirmasi pesanan shop/Menu Shop")): Object: 'Object Repository/Konfirmasi pesanan shop/Menu Shop' is clicked on

2023-10-04 20:57:16 - [MESSAGE][PASSED] - Object: 'Object Repository/Konfirmasi pesanan shop/Menu Shop' is clicked on

2023-10-04 20:57:16 - [TEST_STEP][PASSED] - click(findTestObject("verifikasi/Orders Report")): Object: 'Object Repository/verifikasi/Orders Report' is clicked on

2023-10-04 20:57:17 - [MESSAGE][PASSED] - Object: 'Object Repository/verifikasi/Orders Report' is clicked on

2023-10-04 20:57:17 - [TEST_STEP][PASSED] - verifyElementPresent(findTestObject("Login/li_Profile"), 0): Object 'Object Repository/Login/li_Profile' is present

2023-10-04 20:57:18 - [MESSAGE][WARNING] - Timeout '0' is invalid. Using default page load timeout: '30'

2023-10-04 20:57:18 - [MESSAGE][PASSED] - Object 'Object Repository/Login/li_Profile' is present

2023-10-04 20:57:18 - [TEST_STEP][PASSED] - click(findTestObject("verifikasi/Sedang Dikirim")): Object: 'Object Repository/verifikasi/Sedang Dikirim' is clicked on

2023-10-04 20:57:19 - [MESSAGE][PASSED] - Object: 'Object Repository/verifikasi/Sedang Dikirim' is clicked on

2023-10-04 20:57:19 - [TEST_STEP][PASSED] - verifyElementPresent(findTestObject("verifikasi/Notifikasi angka"), 1): Object 'Object Repository/verifikasi/Notifikasi angka' is present

2023-10-04 20:57:19 - [MESSAGE][PASSED] - Object 'Object Repository/verifikasi/Notifikasi angka' is present

2023-10-04 20:57:19 - [TEST_STEP][PASSED] - dikirim = getText(findTestObject("verifikasi/status Dikirim di user"), STOP_ON_FAILURE): Text of object 'Object Repository/verifikasi/status Dikirim di user' is: 'Dikirim'

2023-10-04 20:57:20 - [MESSAGE][PASSED] - Text of object 'Object Repository/verifikasi/status Dikirim di user' is: 'Dikirim'

2023-10-04 20:57:20 - [TEST_STEP][PASSED] - statusDikirim = data.get("statuskirim"): null

2023-10-04 20:57:20 - [TEST_STEP][FAILED] - assert dikirim == statusDikirim: Test Cases/T13 Pembelian, Shipment dan Pembayaran/SU-011 FAILED.
Reason:
Assertion failed: 

assert dikirim == statusDikirim
       |       |  |
       Dikirim |  Proses
               false

	at SU-011.run(SU-011:56)
	at com.kms.katalon.core.main.ScriptEngine.run(ScriptEngine.java:194)
	at com.kms.katalon.core.main.ScriptEngine.runScriptAsRawText(ScriptEngine.java:119)
	at com.kms.katalon.core.main.TestCaseExecutor.runScript(TestCaseExecutor.java:448)
	at com.kms.katalon.core.main.TestCaseExecutor.doExecute(TestCaseExecutor.java:439)
	at com.kms.katalon.core.main.TestCaseExecutor.processExecutionPhase(TestCaseExecutor.java:418)
	at com.kms.katalon.core.main.TestCaseExecutor.accessMainPhase(TestCaseExecutor.java:410)
	at com.kms.katalon.core.main.TestCaseExecutor.execute(TestCaseExecutor.java:285)
	at com.kms.katalon.core.common.CommonExecutor.accessTestCaseMainPhase(CommonExecutor.java:65)
	at com.kms.katalon.core.main.TestSuiteExecutor.accessTestSuiteMainPhase(TestSuiteExecutor.java:148)
	at com.kms.katalon.core.main.TestSuiteExecutor.execute(TestSuiteExecutor.java:106)
	at com.kms.katalon.core.main.TestCaseMain.startTestSuite(TestCaseMain.java:187)
	at com.kms.katalon.core.main.TestCaseMain$startTestSuite$0.call(Unknown Source)
	at TempTestSuite1696424348948.run(TempTestSuite1696424348948.groovy:36)


2023-10-04 20:57:20 - [MESSAGE][FAILED] - Test Cases/T13 Pembelian, Shipment dan Pembayaran/SU-011 FAILED.
Reason:
Assertion failed: 

assert dikirim == statusDikirim
       |       |  |
       Dikirim |  Proses
               false

	at SU-011.run(SU-011:56)
	at com.kms.katalon.core.main.ScriptEngine.run(ScriptEngine.java:194)
	at com.kms.katalon.core.main.ScriptEngine.runScriptAsRawText(ScriptEngine.java:119)
	at com.kms.katalon.core.main.TestCaseExecutor.runScript(TestCaseExecutor.java:448)
	at com.kms.katalon.core.main.TestCaseExecutor.doExecute(TestCaseExecutor.java:439)
	at com.kms.katalon.core.main.TestCaseExecutor.processExecutionPhase(TestCaseExecutor.java:418)
	at com.kms.katalon.core.main.TestCaseExecutor.accessMainPhase(TestCaseExecutor.java:410)
	at com.kms.katalon.core.main.TestCaseExecutor.execute(TestCaseExecutor.java:285)
	at com.kms.katalon.core.common.CommonExecutor.accessTestCaseMainPhase(CommonExecutor.java:65)
	at com.kms.katalon.core.main.TestSuiteExecutor.accessTestSuiteMainPhase(TestSuiteExecutor.java:148)
	at com.kms.katalon.core.main.TestSuiteExecutor.execute(TestSuiteExecutor.java:106)
	at com.kms.katalon.core.main.TestCaseMain.startTestSuite(TestCaseMain.java:187)
	at com.kms.katalon.core.main.TestCaseMain$startTestSuite$0.call(Unknown Source)
	at TempTestSuite1696424348948.run(TempTestSuite1696424348948.groovy:36)]]></system-out>
         <system-err><![CDATA[2023-10-04 20:55:00 - [TEST_CASE][FAILED] - Test Cases/T13 Pembelian, Shipment dan Pembayaran/SU-011: Test Cases/T13 Pembelian, Shipment dan Pembayaran/SU-011 FAILED.
Reason:
Assertion failed: 

assert dikirim == statusDikirim
       |       |  |
       Dikirim |  Proses
               false

	at SU-011.run(SU-011:56)
	at com.kms.katalon.core.main.ScriptEngine.run(ScriptEngine.java:194)
	at com.kms.katalon.core.main.ScriptEngine.runScriptAsRawText(ScriptEngine.java:119)
	at com.kms.katalon.core.main.TestCaseExecutor.runScript(TestCaseExecutor.java:448)
	at com.kms.katalon.core.main.TestCaseExecutor.doExecute(TestCaseExecutor.java:439)
	at com.kms.katalon.core.main.TestCaseExecutor.processExecutionPhase(TestCaseExecutor.java:418)
	at com.kms.katalon.core.main.TestCaseExecutor.accessMainPhase(TestCaseExecutor.java:410)
	at com.kms.katalon.core.main.TestCaseExecutor.execute(TestCaseExecutor.java:285)
	at com.kms.katalon.core.common.CommonExecutor.accessTestCaseMainPhase(CommonExecutor.java:65)
	at com.kms.katalon.core.main.TestSuiteExecutor.accessTestSuiteMainPhase(TestSuiteExecutor.java:148)
	at com.kms.katalon.core.main.TestSuiteExecutor.execute(TestSuiteExecutor.java:106)
	at com.kms.katalon.core.main.TestCaseMain.startTestSuite(TestCaseMain.java:187)
	at com.kms.katalon.core.main.TestCaseMain$startTestSuite$0.call(Unknown Source)
	at TempTestSuite1696424348948.run(TempTestSuite1696424348948.groovy:36)]]></system-err>
      </testcase>
      <testcase name="Test Cases/T13 Pembelian, Shipment dan Pembayaran/SU-012" time="134.411" classname="Test Cases/T13 Pembelian, Shipment dan Pembayaran/SU-012" status="PASSED">
         <system-out><![CDATA[2023-10-04 20:57:20 - [TEST_CASE][PASSED] - Test Cases/T13 Pembelian, Shipment dan Pembayaran/SU-012: Test Cases/T13 Pembelian, Shipment dan Pembayaran/SU-012

2023-10-04 20:57:20 - [TEST_STEP][PASSED] - data = callTestCase(findTestCase("T13 Pembelian, Shipment dan Pembayaran/SA-005"), [:], STOP_ON_FAILURE): Call Test Case 'Test Cases/T13 Pembelian, Shipment dan Pembayaran/SA-005' successfully

2023-10-04 20:57:20 - [TEST_CASE][PASSED] - Test Cases/T13 Pembelian, Shipment dan Pembayaran/SA-005: Test Cases/T13 Pembelian, Shipment dan Pembayaran/SA-005

2023-10-04 20:57:20 - [TEST_STEP][PASSED] - data = callTestCase(findTestCase("T13 Pembelian, Shipment dan Pembayaran/SA-002"), [:], STOP_ON_FAILURE): Call Test Case 'Test Cases/T13 Pembelian, Shipment dan Pembayaran/SA-002' successfully

2023-10-04 20:57:20 - [TEST_CASE][PASSED] - Test Cases/T13 Pembelian, Shipment dan Pembayaran/SA-002: Test Cases/T13 Pembelian, Shipment dan Pembayaran/SA-002

2023-10-04 20:57:20 - [TEST_STEP][PASSED] - data = callTestCase(findTestCase("T13 Pembelian, Shipment dan Pembayaran/SA-001"), [:], STOP_ON_FAILURE): Call Test Case 'Test Cases/T13 Pembelian, Shipment dan Pembayaran/SA-001' successfully

2023-10-04 20:57:20 - [TEST_CASE][PASSED] - Test Cases/T13 Pembelian, Shipment dan Pembayaran/SA-001: Test Cases/T13 Pembelian, Shipment dan Pembayaran/SA-001

2023-10-04 20:57:20 - [TEST_STEP][PASSED] - data = callTestCase(findTestCase("T13 Pembelian, Shipment dan Pembayaran/PBYA-001"), [:], STOP_ON_FAILURE): Call Test Case 'Test Cases/T13 Pembelian, Shipment dan Pembayaran/PBYA-001' successfully

2023-10-04 20:57:20 - [TEST_CASE][PASSED] - Test Cases/T13 Pembelian, Shipment dan Pembayaran/PBYA-001: Test Cases/T13 Pembelian, Shipment dan Pembayaran/PBYA-001

2023-10-04 20:57:20 - [TEST_STEP][PASSED] - data = callTestCase(findTestCase("T13 Pembelian, Shipment dan Pembayaran/PBY-004"), [:], STOP_ON_FAILURE): Call Test Case 'Test Cases/T13 Pembelian, Shipment dan Pembayaran/PBY-004' successfully

2023-10-04 20:57:20 - [TEST_CASE][PASSED] - Test Cases/T13 Pembelian, Shipment dan Pembayaran/PBY-004: Test Cases/T13 Pembelian, Shipment dan Pembayaran/PBY-004

2023-10-04 20:57:20 - [TEST_STEP][PASSED] - data = callTestCase(findTestCase("T13 Pembelian, Shipment dan Pembayaran/PBY-001"), [:], STOP_ON_FAILURE): Call Test Case 'Test Cases/T13 Pembelian, Shipment dan Pembayaran/PBY-001' successfully

2023-10-04 20:57:20 - [TEST_CASE][PASSED] - Test Cases/T13 Pembelian, Shipment dan Pembayaran/PBY-001: Test Cases/T13 Pembelian, Shipment dan Pembayaran/PBY-001

2023-10-04 20:57:20 - [TEST_STEP][PASSED] - data = callTestCase(findTestCase("T13 Pembelian, Shipment dan Pembayaran/PBL-004"), ["Kurir":"Roda 2"], STOP_ON_FAILURE): Call Test Case 'Test Cases/T13 Pembelian, Shipment dan Pembayaran/PBL-004' successfully

2023-10-04 20:57:20 - [TEST_CASE][PASSED] - Test Cases/T13 Pembelian, Shipment dan Pembayaran/PBL-004: Test Cases/T13 Pembelian, Shipment dan Pembayaran/PBL-004

2023-10-04 20:57:20 - [TEST_STEP][PASSED] - data = callTestCase(findTestCase("T13 Pembelian, Shipment dan Pembayaran/PBL-002"), [:], STOP_ON_FAILURE): Call Test Case 'Test Cases/T13 Pembelian, Shipment dan Pembayaran/PBL-002' successfully

2023-10-04 20:57:21 - [TEST_CASE][PASSED] - Test Cases/T13 Pembelian, Shipment dan Pembayaran/PBL-002: Test Cases/T13 Pembelian, Shipment dan Pembayaran/PBL-002

2023-10-04 20:57:21 - [TEST_STEP][PASSED] - data = callTestCase(findTestCase("T13 Pembelian, Shipment dan Pembayaran/PBL-001"), [:], STOP_ON_FAILURE): Call Test Case 'Test Cases/T13 Pembelian, Shipment dan Pembayaran/PBL-001' successfully

2023-10-04 20:57:21 - [TEST_CASE][PASSED] - Test Cases/T13 Pembelian, Shipment dan Pembayaran/PBL-001: Test Cases/T13 Pembelian, Shipment dan Pembayaran/PBL-001

2023-10-04 20:57:21 - [TEST_STEP][PASSED] - callTestCase(findTestCase("T13 Pembelian, Shipment dan Pembayaran/LU-001"), ["username":"irfanafandi", "password":"12345irfan"], STOP_ON_FAILURE): Call Test Case 'Test Cases/T13 Pembelian, Shipment dan Pembayaran/LU-001' successfully

2023-10-04 20:57:21 - [TEST_CASE][PASSED] - Test Cases/T13 Pembelian, Shipment dan Pembayaran/LU-001: Test Cases/T13 Pembelian, Shipment dan Pembayaran/LU-001

2023-10-04 20:57:21 - [TEST_STEP][PASSED] - openBrowser("https://10.9.2.63/ecommerce/"): Browser is opened with url: 'https://10.9.2.63/ecommerce/'

2023-10-04 20:57:21 - [MESSAGE][WARNING] - A browser is already opened. Closing browser and opening a new one

2023-10-04 20:57:22 - [MESSAGE][INFO] - Starting 'Firefox' driver

2023-10-04 20:57:22 - [MESSAGE][INFO] - User set preference: ['args', '[--disable-notifications]']

2023-10-04 20:57:22 - [MESSAGE][INFO] - Action delay is set to 0 milliseconds

2023-10-04 20:57:28 - [MESSAGE][PASSED] - Browser is opened with url: 'https://10.9.2.63/ecommerce/'

2023-10-04 20:57:28 - [TEST_STEP][PASSED] - maximizeWindow(): Current window maximized

2023-10-04 20:57:28 - [MESSAGE][PASSED] - Current window maximized

2023-10-04 20:57:28 - [TEST_STEP][PASSED] - verifyElementPresent(findTestObject("Login/Home"), 0): Object 'Object Repository/Login/Home' is present

2023-10-04 20:57:28 - [MESSAGE][WARNING] - Timeout '0' is invalid. Using default page load timeout: '30'

2023-10-04 20:57:28 - [MESSAGE][PASSED] - Object 'Object Repository/Login/Home' is present

2023-10-04 20:57:28 - [TEST_STEP][PASSED] - click(findTestObject("Login/a_Login")): Object: 'Object Repository/Login/a_Login' is clicked on

2023-10-04 20:57:29 - [MESSAGE][PASSED] - Object: 'Object Repository/Login/a_Login' is clicked on

2023-10-04 20:57:29 - [TEST_STEP][PASSED] - verifyElementPresent(findTestObject("Login/Tittle Login"), 0): Object 'Object Repository/Login/Tittle Login' is present

2023-10-04 20:57:29 - [MESSAGE][WARNING] - Timeout '0' is invalid. Using default page load timeout: '30'

2023-10-04 20:57:29 - [MESSAGE][PASSED] - Object 'Object Repository/Login/Tittle Login' is present

2023-10-04 20:57:29 - [TEST_STEP][PASSED] - setText(findTestObject("Login/input_Username, Email atau No. Handphone_a"), username): Text 'irfanafandi' is set on object 'Object Repository/Login/input_Username, Email atau No. Handphone_a'

2023-10-04 20:57:30 - [MESSAGE][PASSED] - Text 'irfanafandi' is set on object 'Object Repository/Login/input_Username, Email atau No. Handphone_a'

2023-10-04 20:57:30 - [TEST_STEP][PASSED] - setText(findTestObject("Login/input_Password_b"), password): Text '12345irfan' is set on object 'Object Repository/Login/input_Password_b'

2023-10-04 20:57:30 - [MESSAGE][PASSED] - Text '12345irfan' is set on object 'Object Repository/Login/input_Password_b'

2023-10-04 20:57:30 - [TEST_STEP][PASSED] - click(findTestObject("Login/label_Ingat saya")): Object: 'Object Repository/Login/label_Ingat saya' is clicked on

2023-10-04 20:57:31 - [MESSAGE][PASSED] - Object: 'Object Repository/Login/label_Ingat saya' is clicked on

2023-10-04 20:57:31 - [TEST_STEP][PASSED] - click(findTestObject("Login/button_Masuk")): Object: 'Object Repository/Login/button_Masuk' is clicked on

2023-10-04 20:57:32 - [MESSAGE][PASSED] - Object: 'Object Repository/Login/button_Masuk' is clicked on

2023-10-04 20:57:32 - [TEST_STEP][PASSED] - verifyElementPresent(findTestObject("Login/li_Profile"), 0): Object 'Object Repository/Login/li_Profile' is present

2023-10-04 20:57:32 - [MESSAGE][WARNING] - Timeout '0' is invalid. Using default page load timeout: '30'

2023-10-04 20:57:33 - [MESSAGE][PASSED] - Object 'Object Repository/Login/li_Profile' is present

2023-10-04 20:57:33 - [MESSAGE][PASSED] - Call Test Case 'Test Cases/T13 Pembelian, Shipment dan Pembayaran/LU-001' successfully

2023-10-04 20:57:33 - [TEST_STEP][PASSED] - mouseOver(findTestObject("beli barang/i_Mulai Belanja_icon-menu")): Object: 'Object Repository/beli barang/i_Mulai Belanja_icon-menu' is hovered

2023-10-04 20:57:33 - [MESSAGE][PASSED] - Object: 'Object Repository/beli barang/i_Mulai Belanja_icon-menu' is hovered

2023-10-04 20:57:33 - [TEST_STEP][PASSED] - click(findTestObject("beli barang/a_Fashion  Busana Wanita")): Object: 'Object Repository/beli barang/a_Fashion  Busana Wanita' is clicked on

2023-10-04 20:57:34 - [MESSAGE][PASSED] - Object: 'Object Repository/beli barang/a_Fashion  Busana Wanita' is clicked on

2023-10-04 20:57:34 - [TEST_STEP][PASSED] - NamaSebelum = getText(findTestObject("verifikasi/Nama sebelum")): Text of object 'Object Repository/verifikasi/Nama sebelum' is: ''

2023-10-04 20:57:35 - [MESSAGE][PASSED] - Text of object 'Object Repository/verifikasi/Nama sebelum' is: ''

2023-10-04 20:57:35 - [TEST_STEP][PASSED] - HargaSebelum = getText(findTestObject("verifikasi/Harga sebelum")): Text of object 'Object Repository/verifikasi/Harga sebelum' is: 'Rp 1,299'

2023-10-04 20:57:36 - [MESSAGE][PASSED] - Text of object 'Object Repository/verifikasi/Harga sebelum' is: 'Rp 1,299'

2023-10-04 20:57:36 - [TEST_STEP][PASSED] - mouseOver(findTestObject("beli barang/barang mouse over")): Object: 'Object Repository/beli barang/barang mouse over' is hovered

2023-10-04 20:57:37 - [MESSAGE][PASSED] - Object: 'Object Repository/beli barang/barang mouse over' is hovered

2023-10-04 20:57:37 - [TEST_STEP][PASSED] - click(findTestObject("beli barang/buttom add to cart")): Object: 'Object Repository/beli barang/buttom add to cart' is clicked on

2023-10-04 20:57:38 - [MESSAGE][PASSED] - Object: 'Object Repository/beli barang/buttom add to cart' is clicked on

2023-10-04 20:57:38 - [TEST_STEP][PASSED] - NamaSesudah = getText(findTestObject("verifikasi/Nama sesudah")): Text of object 'Object Repository/verifikasi/Nama sesudah' is: 'Segitiga Instan Madeira - MDB5.3 Sunset'

2023-10-04 20:57:39 - [MESSAGE][PASSED] - Text of object 'Object Repository/verifikasi/Nama sesudah' is: 'Segitiga Instan Madeira - MDB5.3 Sunset'

2023-10-04 20:57:39 - [TEST_STEP][PASSED] - HargaSesudah = getText(findTestObject("verifikasi/Harga sesudah")): Text of object 'Object Repository/verifikasi/Harga sesudah' is: 'Rp 1,299'

2023-10-04 20:57:39 - [MESSAGE][PASSED] - Text of object 'Object Repository/verifikasi/Harga sesudah' is: 'Rp 1,299'

2023-10-04 20:57:39 - [TEST_STEP][PASSED] - assert NamaSesudah.contains(NamaSebelum): null

2023-10-04 20:57:39 - [TEST_STEP][PASSED] - assert HargaSesudah.contains(HargaSebelum): null

2023-10-04 20:57:39 - [TEST_STEP][PASSED] - click(findTestObject("beli barang/Tambah Keranjang busana wanita")): Object: 'Object Repository/beli barang/Tambah Keranjang busana wanita' is clicked on

2023-10-04 20:57:40 - [MESSAGE][PASSED] - Object: 'Object Repository/beli barang/Tambah Keranjang busana wanita' is clicked on

2023-10-04 20:57:40 - [TEST_STEP][PASSED] - verifyElementPresent(findTestObject("checkout/Notifikasi keranjang"), 1): Object 'Object Repository/checkout/Notifikasi keranjang' is present

2023-10-04 20:57:40 - [MESSAGE][PASSED] - Object 'Object Repository/checkout/Notifikasi keranjang' is present

2023-10-04 20:57:40 - [TEST_STEP][PASSED] - data = new java.util.HashMap(): null

2023-10-04 20:57:40 - [TEST_STEP][PASSED] - data.put("nama_barang", NamaSesudah): null

2023-10-04 20:57:40 - [TEST_STEP][PASSED] - data.put("price_barang", HargaSesudah): null

2023-10-04 20:57:40 - [TEST_STEP][PASSED] - return data: null

2023-10-04 20:57:40 - [MESSAGE][PASSED] - Call Test Case 'Test Cases/T13 Pembelian, Shipment dan Pembayaran/PBL-001' successfully

2023-10-04 20:57:40 - [TEST_STEP][PASSED] - mouseOver(findTestObject("beli barang/keranjang")): Object: 'Object Repository/beli barang/keranjang' is hovered

2023-10-04 20:57:41 - [MESSAGE][PASSED] - Object: 'Object Repository/beli barang/keranjang' is hovered

2023-10-04 20:57:41 - [TEST_STEP][PASSED] - click(findTestObject("beli barang/Lihat Sekarang")): Object: 'Object Repository/beli barang/Lihat Sekarang' is clicked on

2023-10-04 20:57:41 - [MESSAGE][PASSED] - Object: 'Object Repository/beli barang/Lihat Sekarang' is clicked on

2023-10-04 20:57:41 - [TEST_STEP][PASSED] - verifyElementPresent(findTestObject("keranjang/li_Keranjang Belanja"), 0): Object 'Object Repository/keranjang/li_Keranjang Belanja' is present

2023-10-04 20:57:42 - [MESSAGE][WARNING] - Timeout '0' is invalid. Using default page load timeout: '30'

2023-10-04 20:57:42 - [MESSAGE][PASSED] - Object 'Object Repository/keranjang/li_Keranjang Belanja' is present

2023-10-04 20:57:42 - [TEST_STEP][PASSED] - NamaKeranjang = getText(findTestObject("verifikasi/Nama keranjang")): Text of object 'Object Repository/verifikasi/Nama keranjang' is: 'Segitiga Instan Madeira - MDB5.3 Sunset'

2023-10-04 20:57:42 - [MESSAGE][PASSED] - Text of object 'Object Repository/verifikasi/Nama keranjang' is: 'Segitiga Instan Madeira - MDB5.3 Sunset'

2023-10-04 20:57:42 - [TEST_STEP][PASSED] - HargaKeranjang = getText(findTestObject("verifikasi/Harga Keranjang")): Text of object 'Object Repository/verifikasi/Harga Keranjang' is: 'Rp 1,299'

2023-10-04 20:57:43 - [MESSAGE][PASSED] - Text of object 'Object Repository/verifikasi/Harga Keranjang' is: 'Rp 1,299'

2023-10-04 20:57:43 - [TEST_STEP][PASSED] - if (toString().equalsIgnoreCase("Merah")): Object 'Object Repository/keranjang/input_Warna_variasi101' is checked

2023-10-04 20:57:43 - [TEST_STEP][PASSED] - check(findTestObject("Object Repository/keranjang/input_Warna_variasi101")): Object 'Object Repository/keranjang/input_Warna_variasi101' is checked

2023-10-04 20:57:43 - [MESSAGE][PASSED] - Object 'Object Repository/keranjang/input_Warna_variasi101' is checked

2023-10-04 20:57:43 - [TEST_STEP][PASSED] - if (toString().equalsIgnoreCase("Menengah")): Object 'Object Repository/keranjang/input_Ukuran_variasi201' is checked

2023-10-04 20:57:43 - [TEST_STEP][PASSED] - check(findTestObject("Object Repository/keranjang/input_Ukuran_variasi201")): Object 'Object Repository/keranjang/input_Ukuran_variasi201' is checked

2023-10-04 20:57:44 - [MESSAGE][PASSED] - Object 'Object Repository/keranjang/input_Ukuran_variasi201' is checked

2023-10-04 20:57:44 - [TEST_STEP][PASSED] - data.put("Warna", warna): null

2023-10-04 20:57:44 - [TEST_STEP][PASSED] - data.put("Ukuran", ukuran): null

2023-10-04 20:57:44 - [TEST_STEP][PASSED] - click(findTestObject("keranjang/button_Lanjut ke Pembayaran")): Object: 'Object Repository/keranjang/button_Lanjut ke Pembayaran' is clicked on

2023-10-04 20:57:45 - [MESSAGE][PASSED] - Object: 'Object Repository/keranjang/button_Lanjut ke Pembayaran' is clicked on

2023-10-04 20:57:45 - [TEST_STEP][PASSED] - verifyElementPresent(findTestObject("checkout/Tittle Checkout Order"), 0): Object 'Object Repository/checkout/Tittle Checkout Order' is present

2023-10-04 20:57:45 - [MESSAGE][WARNING] - Timeout '0' is invalid. Using default page load timeout: '30'

2023-10-04 20:57:46 - [MESSAGE][PASSED] - Object 'Object Repository/checkout/Tittle Checkout Order' is present

2023-10-04 20:57:46 - [TEST_STEP][PASSED] - name_product = data.get("nama_barang"): null

2023-10-04 20:57:46 - [TEST_STEP][PASSED] - price_product = data.get("price_barang"): null

2023-10-04 20:57:46 - [TEST_STEP][PASSED] - assert name_product == NamaKeranjang: null

2023-10-04 20:57:46 - [TEST_STEP][PASSED] - assert price_product == HargaKeranjang: null

2023-10-04 20:57:46 - [TEST_STEP][PASSED] - return data: null

2023-10-04 20:57:46 - [MESSAGE][PASSED] - Call Test Case 'Test Cases/T13 Pembelian, Shipment dan Pembayaran/PBL-002' successfully

2023-10-04 20:57:46 - [TEST_STEP][PASSED] - warnaa = getText(findTestObject("verifikasi/warna Merah")): Text of object 'Object Repository/verifikasi/warna Merah' is: 'Merah'

2023-10-04 20:57:46 - [MESSAGE][PASSED] - Text of object 'Object Repository/verifikasi/warna Merah' is: 'Merah'

2023-10-04 20:57:46 - [TEST_STEP][PASSED] - ukurann = getText(findTestObject("verifikasi/Ukuran Menengah")): Text of object 'Object Repository/verifikasi/Ukuran Menengah' is: 'Menengah'

2023-10-04 20:57:46 - [MESSAGE][PASSED] - Text of object 'Object Repository/verifikasi/Ukuran Menengah' is: 'Menengah'

2023-10-04 20:57:46 - [TEST_STEP][PASSED] - warna1 = data.get("Warna"): null

2023-10-04 20:57:46 - [TEST_STEP][PASSED] - ukuran1 = data.get("Ukuran"): null

2023-10-04 20:57:46 - [TEST_STEP][PASSED] - assert warnaa == warna1: null

2023-10-04 20:57:46 - [TEST_STEP][PASSED] - assert ukurann == ukuran1: null

2023-10-04 20:57:46 - [TEST_STEP][PASSED] - NamaCheckout = getText(findTestObject("verifikasi/NamaCheckout")): Text of object 'Object Repository/verifikasi/NamaCheckout' is: ''

2023-10-04 20:57:47 - [MESSAGE][PASSED] - Text of object 'Object Repository/verifikasi/NamaCheckout' is: ''

2023-10-04 20:57:47 - [TEST_STEP][PASSED] - HargaCheckout = getText(findTestObject("verifikasi/HargaCheckout")): Text of object 'Object Repository/verifikasi/HargaCheckout' is: '1,299'

2023-10-04 20:57:47 - [MESSAGE][PASSED] - Text of object 'Object Repository/verifikasi/HargaCheckout' is: '1,299'

2023-10-04 20:57:47 - [TEST_STEP][PASSED] - name_product = data.get("nama_barang"): null

2023-10-04 20:57:47 - [TEST_STEP][PASSED] - price_product = data.get("price_barang"): null

2023-10-04 20:57:47 - [TEST_STEP][PASSED] - assert name_product.contains(NamaCheckout): null

2023-10-04 20:57:47 - [TEST_STEP][PASSED] - assert price_product.contains(HargaCheckout): null

2023-10-04 20:57:47 - [TEST_STEP][PASSED] - selectOptionByLabel(findTestObject("checkout/select - Kirim via Kurir Lokal"), Kurir, false): All options with label 'Roda 2' are selected in object 'Object Repository/checkout/select - Kirim via Kurir Lokal' 

2023-10-04 20:57:48 - [MESSAGE][PASSED] - All options with label 'Roda 2' are selected in object 'Object Repository/checkout/select - Kirim via Kurir Lokal' 

2023-10-04 20:57:48 - [TEST_STEP][PASSED] - click(findTestObject("checkout/Kendaraan Kurir")): Object: 'Object Repository/checkout/Kendaraan Kurir' is clicked on

2023-10-04 20:57:48 - [MESSAGE][PASSED] - Object: 'Object Repository/checkout/Kendaraan Kurir' is clicked on

2023-10-04 20:57:48 - [TEST_STEP][PASSED] - OngkosKirim = getText(findTestObject("Object Repository/verifikasi/Ongkos Kirim checkout")): Text of object 'Object Repository/verifikasi/Ongkos Kirim checkout' is: 'Rp. 5,000'

2023-10-04 20:57:49 - [MESSAGE][PASSED] - Text of object 'Object Repository/verifikasi/Ongkos Kirim checkout' is: 'Rp. 5,000'

2023-10-04 20:57:49 - [TEST_STEP][PASSED] - Ongkos = OngkosKirim.substring(3, OngkosKirim.size()): null

2023-10-04 20:57:49 - [TEST_STEP][PASSED] - rep = Ongkos.replace(",", "."): null

2023-10-04 20:57:49 - [TEST_STEP][PASSED] - Ongkos_kirim = Double.parseDouble(rep): null

2023-10-04 20:57:49 - [TEST_STEP][PASSED] - println(Ongkos_kirim): null

2023-10-04 20:57:49 - [TEST_STEP][PASSED] - FeeAdmin = getText(findTestObject("verifikasi/Fee Admin checkout")): Text of object 'Object Repository/verifikasi/Fee Admin checkout' is: 'Fee Admin
Rp 1,500'

2023-10-04 20:57:49 - [MESSAGE][PASSED] - Text of object 'Object Repository/verifikasi/Fee Admin checkout' is: 'Fee Admin
Rp 1,500'

2023-10-04 20:57:49 - [TEST_STEP][PASSED] - Fee_Admin = FeeAdmin.substring(12, FeeAdmin.size()): null

2023-10-04 20:57:49 - [TEST_STEP][PASSED] - fee = Fee_Admin.replace(",", "."): null

2023-10-04 20:57:49 - [TEST_STEP][PASSED] - fee_admin = Double.parseDouble(fee): null

2023-10-04 20:57:49 - [TEST_STEP][PASSED] - println(fee_admin): null

2023-10-04 20:57:49 - [TEST_STEP][PASSED] - Subtotal = getText(findTestObject("verifikasi/subtotal checkout")): Text of object 'Object Repository/verifikasi/subtotal checkout' is: 'Subtotal
Rp 1,299'

2023-10-04 20:57:49 - [MESSAGE][PASSED] - Text of object 'Object Repository/verifikasi/subtotal checkout' is: 'Subtotal
Rp 1,299'

2023-10-04 20:57:49 - [TEST_STEP][PASSED] - sub_total = Subtotal.substring(12, Subtotal.size()): null

2023-10-04 20:57:49 - [TEST_STEP][PASSED] - sub = sub_total.replace(",", "."): null

2023-10-04 20:57:49 - [TEST_STEP][PASSED] - sub_total = Double.parseDouble(sub): null

2023-10-04 20:57:49 - [TEST_STEP][PASSED] - println(sub_total): null

2023-10-04 20:57:49 - [TEST_STEP][PASSED] - Total = getText(findTestObject("verifikasi/Total checkout")): Text of object 'Object Repository/verifikasi/Total checkout' is: 'Rp 7,799'

2023-10-04 20:57:50 - [MESSAGE][PASSED] - Text of object 'Object Repository/verifikasi/Total checkout' is: 'Rp 7,799'

2023-10-04 20:57:50 - [TEST_STEP][PASSED] - totall = Total.substring(3, Total.size()): null

2023-10-04 20:57:50 - [TEST_STEP][PASSED] - total = totall.replace(",", "."): null

2023-10-04 20:57:50 - [TEST_STEP][PASSED] - totall = Double.parseDouble(total): null

2023-10-04 20:57:50 - [TEST_STEP][PASSED] - println(totall): null

2023-10-04 20:57:50 - [TEST_STEP][PASSED] - Total_Harga = Ongkos_kirim + fee_admin + sub_total: null

2023-10-04 20:57:50 - [TEST_STEP][PASSED] - println(Total_Harga): null

2023-10-04 20:57:50 - [TEST_STEP][PASSED] - TotalHarga = Math.round(Total_Harga * 1000) / 1000: null

2023-10-04 20:57:50 - [TEST_STEP][PASSED] - println(TotalHarga): null

2023-10-04 20:57:50 - [TEST_STEP][PASSED] - assert totall == TotalHarga: null

2023-10-04 20:57:50 - [TEST_STEP][PASSED] - click(findTestObject("verifikasi/Metode Transfer")): Object: 'Object Repository/verifikasi/Metode Transfer' is clicked on

2023-10-04 20:57:51 - [MESSAGE][PASSED] - Object: 'Object Repository/verifikasi/Metode Transfer' is clicked on

2023-10-04 20:57:51 - [TEST_STEP][PASSED] - click(findTestObject("checkout/button_Proses Pembayaran")): Object: 'Object Repository/checkout/button_Proses Pembayaran' is clicked on

2023-10-04 20:57:56 - [MESSAGE][PASSED] - Object: 'Object Repository/checkout/button_Proses Pembayaran' is clicked on

2023-10-04 20:57:56 - [TEST_STEP][PASSED] - verifyElementPresent(findTestObject("pembayaran/Tittle nomor invoice"), 0): Object 'Object Repository/pembayaran/Tittle nomor invoice' is present

2023-10-04 20:57:56 - [MESSAGE][WARNING] - Timeout '0' is invalid. Using default page load timeout: '30'

2023-10-04 20:57:59 - [MESSAGE][PASSED] - Object 'Object Repository/pembayaran/Tittle nomor invoice' is present

2023-10-04 20:57:59 - [TEST_STEP][PASSED] - return data: null

2023-10-04 20:57:59 - [MESSAGE][PASSED] - Call Test Case 'Test Cases/T13 Pembelian, Shipment dan Pembayaran/PBL-004' successfully

2023-10-04 20:57:59 - [TEST_STEP][PASSED] - Invoice = getText(findTestObject("pembayaran/nomor invoice")): Text of object 'Object Repository/pembayaran/nomor invoice' is: 'TRX60.20231004205752'

2023-10-04 20:57:59 - [MESSAGE][PASSED] - Text of object 'Object Repository/pembayaran/nomor invoice' is: 'TRX60.20231004205752'

2023-10-04 20:57:59 - [TEST_STEP][PASSED] - data.put("invoice", Invoice): null

2023-10-04 20:57:59 - [TEST_STEP][PASSED] - NamaPemesan = getText(findTestObject("Konfirmasi pesanan shop/Nama pemesan")): Text of object 'Object Repository/Konfirmasi pesanan shop/Nama pemesan' is: 'irfan.afandi'

2023-10-04 20:58:00 - [MESSAGE][PASSED] - Text of object 'Object Repository/Konfirmasi pesanan shop/Nama pemesan' is: 'irfan.afandi'

2023-10-04 20:58:00 - [TEST_STEP][PASSED] - Nama = getText(findTestObject("pembayaran/Nama barang")): Text of object 'Object Repository/pembayaran/Nama barang' is: 'Segitiga Instan Madeira - MDB5.3 Sunset'

2023-10-04 20:58:00 - [MESSAGE][PASSED] - Text of object 'Object Repository/pembayaran/Nama barang' is: 'Segitiga Instan Madeira - MDB5.3 Sunset'

2023-10-04 20:58:00 - [TEST_STEP][PASSED] - Harga = getText(findTestObject("pembayaran/Harga barang")): Text of object 'Object Repository/pembayaran/Harga barang' is: '1,299'

2023-10-04 20:58:00 - [MESSAGE][PASSED] - Text of object 'Object Repository/pembayaran/Harga barang' is: '1,299'

2023-10-04 20:58:00 - [TEST_STEP][PASSED] - name_product = data.get("nama_barang"): null

2023-10-04 20:58:00 - [TEST_STEP][PASSED] - price_product = data.get("price_barang"): null

2023-10-04 20:58:00 - [TEST_STEP][PASSED] - assert name_product.contains(Nama): null

2023-10-04 20:58:00 - [TEST_STEP][PASSED] - assert price_product.contains(Harga): null

2023-10-04 20:58:00 - [TEST_STEP][PASSED] - warnaa = getText(findTestObject("pembayaran/warna")): Text of object 'Object Repository/pembayaran/warna' is: 'Merah'

2023-10-04 20:58:01 - [MESSAGE][PASSED] - Text of object 'Object Repository/pembayaran/warna' is: 'Merah'

2023-10-04 20:58:01 - [TEST_STEP][PASSED] - ukurann = getText(findTestObject("pembayaran/ukuran")): Text of object 'Object Repository/pembayaran/ukuran' is: 'Menengah'

2023-10-04 20:58:02 - [MESSAGE][PASSED] - Text of object 'Object Repository/pembayaran/ukuran' is: 'Menengah'

2023-10-04 20:58:02 - [TEST_STEP][PASSED] - warna1 = data.get("Warna"): null

2023-10-04 20:58:02 - [TEST_STEP][PASSED] - ukuran1 = data.get("Ukuran"): null

2023-10-04 20:58:02 - [TEST_STEP][PASSED] - assert warnaa == warna1: null

2023-10-04 20:58:02 - [TEST_STEP][PASSED] - assert ukurann == ukuran1: null

2023-10-04 20:58:02 - [TEST_STEP][PASSED] - statusPembelian = getText(findTestObject("verifikasi/Status pending di pembelian")): Text of object 'Object Repository/verifikasi/Status pending di pembelian' is: 'Pending'

2023-10-04 20:58:02 - [MESSAGE][PASSED] - Text of object 'Object Repository/verifikasi/Status pending di pembelian' is: 'Pending'

2023-10-04 20:58:02 - [TEST_STEP][PASSED] - data.put("statusPem", statusPembelian): null

2023-10-04 20:58:02 - [TEST_STEP][PASSED] - OngkosKirim = getText(findTestObject("pembayaran/ongkos kirim")): Text of object 'Object Repository/pembayaran/ongkos kirim' is: 'Rp 5,000'

2023-10-04 20:58:03 - [MESSAGE][PASSED] - Text of object 'Object Repository/pembayaran/ongkos kirim' is: 'Rp 5,000'

2023-10-04 20:58:03 - [TEST_STEP][PASSED] - Ongkos = OngkosKirim.substring(3, OngkosKirim.size()): null

2023-10-04 20:58:03 - [TEST_STEP][PASSED] - rep = Ongkos.replace(",", ""): null

2023-10-04 20:58:03 - [TEST_STEP][PASSED] - Ongkos_kirimm = Integer.parseInt(rep): null

2023-10-04 20:58:03 - [TEST_STEP][PASSED] - println(Ongkos_kirimm): null

2023-10-04 20:58:03 - [TEST_STEP][PASSED] - FeeAdmin = getText(findTestObject("pembayaran/fee admin")): Text of object 'Object Repository/pembayaran/fee admin' is: 'Rp 1,500'

2023-10-04 20:58:03 - [MESSAGE][PASSED] - Text of object 'Object Repository/pembayaran/fee admin' is: 'Rp 1,500'

2023-10-04 20:58:03 - [TEST_STEP][PASSED] - Fee_Admin = FeeAdmin.substring(3, FeeAdmin.size()): null

2023-10-04 20:58:03 - [TEST_STEP][PASSED] - fee = Fee_Admin.replace(",", ""): null

2023-10-04 20:58:03 - [TEST_STEP][PASSED] - fee_adminn = Integer.parseInt(fee): null

2023-10-04 20:58:03 - [TEST_STEP][PASSED] - println(fee_adminn): null

2023-10-04 20:58:03 - [TEST_STEP][PASSED] - Subtotal = getText(findTestObject("pembayaran/subtotal")): Text of object 'Object Repository/pembayaran/subtotal' is: 'Rp 1,299'

2023-10-04 20:58:04 - [MESSAGE][PASSED] - Text of object 'Object Repository/pembayaran/subtotal' is: 'Rp 1,299'

2023-10-04 20:58:04 - [TEST_STEP][PASSED] - sub_total = Subtotal.substring(3, Subtotal.size()): null

2023-10-04 20:58:04 - [TEST_STEP][PASSED] - sub = sub_total.replace(",", ""): null

2023-10-04 20:58:04 - [TEST_STEP][PASSED] - sub_totall = Integer.parseInt(sub): null

2023-10-04 20:58:04 - [TEST_STEP][PASSED] - println(sub_totall): null

2023-10-04 20:58:04 - [TEST_STEP][PASSED] - unik = getText(findTestObject("pembayaran/kode unik")): Text of object 'Object Repository/pembayaran/kode unik' is: '+752'

2023-10-04 20:58:04 - [MESSAGE][PASSED] - Text of object 'Object Repository/pembayaran/kode unik' is: '+752'

2023-10-04 20:58:04 - [TEST_STEP][PASSED] - unikk = unik.replace("+", ""): null

2023-10-04 20:58:04 - [TEST_STEP][PASSED] - kode_unik = Integer.parseInt(unikk): null

2023-10-04 20:58:04 - [TEST_STEP][PASSED] - println(kode_unik): null

2023-10-04 20:58:04 - [TEST_STEP][PASSED] - Total = getText(findTestObject("pembayaran/total")): Text of object 'Object Repository/pembayaran/total' is: '8,551'

2023-10-04 20:58:05 - [MESSAGE][PASSED] - Text of object 'Object Repository/pembayaran/total' is: '8,551'

2023-10-04 20:58:05 - [TEST_STEP][PASSED] - total = Total.replace(",", ""): null

2023-10-04 20:58:05 - [TEST_STEP][PASSED] - totalll = Integer.parseInt(total): null

2023-10-04 20:58:05 - [TEST_STEP][PASSED] - println(totalll): null

2023-10-04 20:58:05 - [TEST_STEP][PASSED] - Total_Hargaa = Ongkos_kirimm + fee_adminn + sub_totall + kode_unik: null

2023-10-04 20:58:05 - [TEST_STEP][PASSED] - println(Total_Hargaa): null

2023-10-04 20:58:05 - [TEST_STEP][PASSED] - assert totalll == Total_Hargaa: null

2023-10-04 20:58:05 - [TEST_STEP][PASSED] - data.put("total", Total): null

2023-10-04 20:58:05 - [TEST_STEP][PASSED] - data.put("nama", NamaPemesan): null

2023-10-04 20:58:05 - [TEST_STEP][PASSED] - return data: null

2023-10-04 20:58:05 - [MESSAGE][PASSED] - Call Test Case 'Test Cases/T13 Pembelian, Shipment dan Pembayaran/PBY-001' successfully

2023-10-04 20:58:05 - [TEST_STEP][PASSED] - inv = data.get("invoice"): null

2023-10-04 20:58:05 - [TEST_STEP][PASSED] - Total = data.get("total"): null

2023-10-04 20:58:05 - [TEST_STEP][PASSED] - NamaPemesan = data.get("nama"): null

2023-10-04 20:58:05 - [TEST_STEP][PASSED] - click(findTestObject("Konfirmasi pesanan shop/Menu Shop")): Object: 'Object Repository/Konfirmasi pesanan shop/Menu Shop' is clicked on

2023-10-04 20:58:06 - [MESSAGE][PASSED] - Object: 'Object Repository/Konfirmasi pesanan shop/Menu Shop' is clicked on

2023-10-04 20:58:06 - [TEST_STEP][PASSED] - click(findTestObject("Konfirmasi pesanan shop/Menu Shop")): Object: 'Object Repository/Konfirmasi pesanan shop/Menu Shop' is clicked on

2023-10-04 20:58:06 - [MESSAGE][PASSED] - Object: 'Object Repository/Konfirmasi pesanan shop/Menu Shop' is clicked on

2023-10-04 20:58:06 - [TEST_STEP][PASSED] - click(findTestObject("Konfirmasi pesanan shop/Konfirmasi Orders")): Object: 'Object Repository/Konfirmasi pesanan shop/Konfirmasi Orders' is clicked on

2023-10-04 20:58:07 - [MESSAGE][PASSED] - Object: 'Object Repository/Konfirmasi pesanan shop/Konfirmasi Orders' is clicked on

2023-10-04 20:58:07 - [TEST_STEP][PASSED] - verifyElementPresent(findTestObject("Konfirmasi pesanan shop/Tittle Konfirmasi Pesanan"), 0): Object 'Object Repository/Konfirmasi pesanan shop/Tittle Konfirmasi Pesanan' is present

2023-10-04 20:58:07 - [MESSAGE][WARNING] - Timeout '0' is invalid. Using default page load timeout: '30'

2023-10-04 20:58:08 - [MESSAGE][PASSED] - Object 'Object Repository/Konfirmasi pesanan shop/Tittle Konfirmasi Pesanan' is present

2023-10-04 20:58:08 - [TEST_STEP][PASSED] - setText(findTestObject("Konfirmasi pesanan shop/input_No Pesanan"), inv): Text 'TRX60.20231004205752' is set on object 'Object Repository/Konfirmasi pesanan shop/input_No Pesanan'

2023-10-04 20:58:08 - [MESSAGE][PASSED] - Text 'TRX60.20231004205752' is set on object 'Object Repository/Konfirmasi pesanan shop/input_No Pesanan'

2023-10-04 20:58:08 - [TEST_STEP][PASSED] - setText(findTestObject("Konfirmasi pesanan shop/input_Alamat E-mai"), "irfan@gmail.com"): Text 'irfan@gmail.com' is set on object 'Object Repository/Konfirmasi pesanan shop/input_Alamat E-mai'

2023-10-04 20:58:09 - [MESSAGE][PASSED] - Text 'irfan@gmail.com' is set on object 'Object Repository/Konfirmasi pesanan shop/input_Alamat E-mai'

2023-10-04 20:58:09 - [TEST_STEP][PASSED] - click(findTestObject("Konfirmasi pesanan shop/button_Submit")): Object: 'Object Repository/Konfirmasi pesanan shop/button_Submit' is clicked on

2023-10-04 20:58:10 - [MESSAGE][PASSED] - Object: 'Object Repository/Konfirmasi pesanan shop/button_Submit' is clicked on

2023-10-04 20:58:10 - [TEST_STEP][PASSED] - verifyElementPresent(findTestObject("Konfirmasi pesanan shop/Tittle nomor invoice"), 0): Object 'Object Repository/Konfirmasi pesanan shop/Tittle nomor invoice' is present

2023-10-04 20:58:10 - [MESSAGE][WARNING] - Timeout '0' is invalid. Using default page load timeout: '30'

2023-10-04 20:58:10 - [MESSAGE][PASSED] - Object 'Object Repository/Konfirmasi pesanan shop/Tittle nomor invoice' is present

2023-10-04 20:58:10 - [TEST_STEP][PASSED] - setText(findTestObject("Konfirmasi pesanan shop/input_Total TagihanTransfer_b"), Total): Text '8,551' is set on object 'Object Repository/Konfirmasi pesanan shop/input_Total TagihanTransfer_b'

2023-10-04 20:58:11 - [MESSAGE][PASSED] - Text '8,551' is set on object 'Object Repository/Konfirmasi pesanan shop/input_Total TagihanTransfer_b'

2023-10-04 20:58:11 - [TEST_STEP][PASSED] - selectOptionByValue(findTestObject("Konfirmasi pesanan shop/select_Bank"), "4", false): All options with value '4' are selected in object 'Object Repository/Konfirmasi pesanan shop/select_Bank' 

2023-10-04 20:58:12 - [MESSAGE][PASSED] - All options with value '4' are selected in object 'Object Repository/Konfirmasi pesanan shop/select_Bank' 

2023-10-04 20:58:12 - [TEST_STEP][PASSED] - setText(findTestObject("Konfirmasi pesanan shop/input_Nama Pengirim_d"), NamaPemesan): Text 'irfan.afandi' is set on object 'Object Repository/Konfirmasi pesanan shop/input_Nama Pengirim_d'

2023-10-04 20:58:13 - [MESSAGE][PASSED] - Text 'irfan.afandi' is set on object 'Object Repository/Konfirmasi pesanan shop/input_Nama Pengirim_d'

2023-10-04 20:58:13 - [TEST_STEP][PASSED] - uploadFile(findTestObject("keranjang/konfirmasi/input_Upload Bukti Transfer_f"), "C:\Users\IRFAN\Downloads\Berkas2.pdf"): File 'C:\Users\IRFAN\Downloads\Berkas2.pdf' sent to object: 'Object Repository/keranjang/konfirmasi/input_Upload Bukti Transfer_f'

2023-10-04 20:58:13 - [MESSAGE][PASSED] - File 'C:\Users\IRFAN\Downloads\Berkas2.pdf' sent to object: 'Object Repository/keranjang/konfirmasi/input_Upload Bukti Transfer_f'

2023-10-04 20:58:13 - [TEST_STEP][PASSED] - click(findTestObject("Konfirmasi pesanan shop/button_Konfirmasi Pembayaran")): Object: 'Object Repository/Konfirmasi pesanan shop/button_Konfirmasi Pembayaran' is clicked on

2023-10-04 20:58:14 - [MESSAGE][PASSED] - Object: 'Object Repository/Konfirmasi pesanan shop/button_Konfirmasi Pembayaran' is clicked on

2023-10-04 20:58:14 - [TEST_STEP][PASSED] - verifyElementPresent(findTestObject("Konfirmasi pesanan shop/Tittle Konfirmasi Pesanan"), 0): Object 'Object Repository/Konfirmasi pesanan shop/Tittle Konfirmasi Pesanan' is present

2023-10-04 20:58:14 - [MESSAGE][WARNING] - Timeout '0' is invalid. Using default page load timeout: '30'

2023-10-04 20:58:15 - [MESSAGE][PASSED] - Object 'Object Repository/Konfirmasi pesanan shop/Tittle Konfirmasi Pesanan' is present

2023-10-04 20:58:15 - [TEST_STEP][PASSED] - verifyElementPresent(findTestObject("Konfirmasi pesanan shop/Tittle massage succes Konfirmasi Pembayaran Pesanan"), 0): Object 'Object Repository/Konfirmasi pesanan shop/Tittle massage succes Konfirmasi Pembayaran Pesanan' is present

2023-10-04 20:58:15 - [MESSAGE][WARNING] - Timeout '0' is invalid. Using default page load timeout: '30'

2023-10-04 20:58:15 - [MESSAGE][PASSED] - Object 'Object Repository/Konfirmasi pesanan shop/Tittle massage succes Konfirmasi Pembayaran Pesanan' is present

2023-10-04 20:58:15 - [TEST_STEP][PASSED] - return data: null

2023-10-04 20:58:15 - [MESSAGE][PASSED] - Call Test Case 'Test Cases/T13 Pembelian, Shipment dan Pembayaran/PBY-004' successfully

2023-10-04 20:58:15 - [TEST_STEP][PASSED] - navigateToUrl("https://10.9.2.63/ecommerce/administrator/"): Navigate to 'https://10.9.2.63/ecommerce/administrator/' successfully

2023-10-04 20:58:15 - [MESSAGE][PASSED] - Navigate to 'https://10.9.2.63/ecommerce/administrator/' successfully

2023-10-04 20:58:15 - [TEST_STEP][PASSED] - verifyElementPresent(findTestObject("admin/Tittle ADMIN Login"), 0): Object 'Object Repository/admin/Tittle ADMIN Login' is present

2023-10-04 20:58:15 - [MESSAGE][WARNING] - Timeout '0' is invalid. Using default page load timeout: '30'

2023-10-04 20:58:16 - [MESSAGE][PASSED] - Object 'Object Repository/admin/Tittle ADMIN Login' is present

2023-10-04 20:58:16 - [TEST_STEP][PASSED] - setText(findTestObject("admin/Username"), "admin"): Text 'admin' is set on object 'Object Repository/admin/Username'

2023-10-04 20:58:16 - [MESSAGE][PASSED] - Text 'admin' is set on object 'Object Repository/admin/Username'

2023-10-04 20:58:16 - [TEST_STEP][PASSED] - setText(findTestObject("admin/Password"), "123admin123"): Text '123admin123' is set on object 'Object Repository/admin/Password'

2023-10-04 20:58:17 - [MESSAGE][PASSED] - Text '123admin123' is set on object 'Object Repository/admin/Password'

2023-10-04 20:58:17 - [TEST_STEP][PASSED] - click(findTestObject("admin/Remember Me")): Object: 'Object Repository/admin/Remember Me' is clicked on

2023-10-04 20:58:18 - [MESSAGE][PASSED] - Object: 'Object Repository/admin/Remember Me' is clicked on

2023-10-04 20:58:18 - [TEST_STEP][PASSED] - delay(10): Delayed 10 second(s)

2023-10-04 20:58:28 - [MESSAGE][PASSED] - Delayed 10 second(s)

2023-10-04 20:58:28 - [TEST_STEP][PASSED] - click(findTestObject("admin/buttom submit")): Object: 'Object Repository/admin/buttom submit' is clicked on

2023-10-04 20:58:29 - [MESSAGE][PASSED] - Object: 'Object Repository/admin/buttom submit' is clicked on

2023-10-04 20:58:29 - [TEST_STEP][PASSED] - verifyElementPresent(findTestObject("admin/Konf order konsumen/Tittle Dashboard"), 0): Object 'Object Repository/admin/Konf order konsumen/Tittle Dashboard' is present

2023-10-04 20:58:29 - [MESSAGE][WARNING] - Timeout '0' is invalid. Using default page load timeout: '30'

2023-10-04 20:58:36 - [MESSAGE][PASSED] - Object 'Object Repository/admin/Konf order konsumen/Tittle Dashboard' is present

2023-10-04 20:58:36 - [TEST_STEP][PASSED] - click(findTestObject("admin/Konf order konsumen/Menu Transaksi Market")): Object: 'Object Repository/admin/Konf order konsumen/Menu Transaksi Market' is clicked on

2023-10-04 20:58:37 - [MESSAGE][PASSED] - Object: 'Object Repository/admin/Konf order konsumen/Menu Transaksi Market' is clicked on

2023-10-04 20:58:37 - [TEST_STEP][PASSED] - click(findTestObject("admin/Konf order konsumen/Menu Konf. Order Konsumen")): Object: 'Object Repository/admin/Konf order konsumen/Menu Konf. Order Konsumen' is clicked on

2023-10-04 20:58:38 - [MESSAGE][PASSED] - Object: 'Object Repository/admin/Konf order konsumen/Menu Konf. Order Konsumen' is clicked on

2023-10-04 20:58:38 - [TEST_STEP][PASSED] - verifyElementPresent(findTestObject("admin/Konf order konsumen/Tittle Data Konfirmasi Pembayaran Konsumen"), 0): Object 'Object Repository/admin/Konf order konsumen/Tittle Data Konfirmasi Pembayaran Konsumen' is present

2023-10-04 20:58:38 - [MESSAGE][WARNING] - Timeout '0' is invalid. Using default page load timeout: '30'

2023-10-04 20:58:43 - [MESSAGE][PASSED] - Object 'Object Repository/admin/Konf order konsumen/Tittle Data Konfirmasi Pembayaran Konsumen' is present

2023-10-04 20:58:43 - [TEST_STEP][PASSED] - inv = data.get("invoice"): null

2023-10-04 20:58:43 - [TEST_STEP][PASSED] - setText(findTestObject("admin/Konf order konsumen/Search"), inv): Text 'TRX60.20231004205752' is set on object 'Object Repository/admin/Konf order konsumen/Search'

2023-10-04 20:58:44 - [MESSAGE][PASSED] - Text 'TRX60.20231004205752' is set on object 'Object Repository/admin/Konf order konsumen/Search'

2023-10-04 20:58:44 - [TEST_STEP][PASSED] - verifyElementText(findTestObject("admin/Konf order konsumen/Keterangan Lunas"), "Lunas"): Actual text and expected text of test object 'Object Repository/admin/Konf order konsumen/Keterangan Lunas' are matched.

2023-10-04 20:58:45 - [MESSAGE][PASSED] - Actual text and expected text of test object 'Object Repository/admin/Konf order konsumen/Keterangan Lunas' are matched.

2023-10-04 20:58:45 - [TEST_STEP][PASSED] - return data: null

2023-10-04 20:58:45 - [MESSAGE][PASSED] - Call Test Case 'Test Cases/T13 Pembelian, Shipment dan Pembayaran/PBYA-001' successfully

2023-10-04 20:58:45 - [TEST_STEP][PASSED] - click(findTestObject("admin/Penjualan ke konsumen/buttom Dashboard")): Object: 'Object Repository/admin/Penjualan ke konsumen/buttom Dashboard' is clicked on

2023-10-04 20:58:45 - [MESSAGE][PASSED] - Object: 'Object Repository/admin/Penjualan ke konsumen/buttom Dashboard' is clicked on

2023-10-04 20:58:45 - [TEST_STEP][PASSED] - click(findTestObject("admin/Konf order konsumen/Menu Transaksi Market")): Object: 'Object Repository/admin/Konf order konsumen/Menu Transaksi Market' is clicked on

2023-10-04 20:58:51 - [MESSAGE][PASSED] - Object: 'Object Repository/admin/Konf order konsumen/Menu Transaksi Market' is clicked on

2023-10-04 20:58:51 - [TEST_STEP][PASSED] - click(findTestObject("admin/Penjualan ke konsumen/a_Penjualan ke Konsumen")): Object: 'Object Repository/admin/Penjualan ke konsumen/a_Penjualan ke Konsumen' is clicked on

2023-10-04 20:58:53 - [MESSAGE][PASSED] - Object: 'Object Repository/admin/Penjualan ke konsumen/a_Penjualan ke Konsumen' is clicked on

2023-10-04 20:58:53 - [TEST_STEP][PASSED] - verifyElementPresent(findTestObject("admin/Tittle Data Transaksi Penjualan  Orderan Konsumen"), 0): Object 'Object Repository/admin/Tittle Data Transaksi Penjualan  Orderan Konsumen' is present

2023-10-04 20:58:54 - [MESSAGE][WARNING] - Timeout '0' is invalid. Using default page load timeout: '30'

2023-10-04 20:59:00 - [MESSAGE][PASSED] - Object 'Object Repository/admin/Tittle Data Transaksi Penjualan  Orderan Konsumen' is present

2023-10-04 20:59:00 - [TEST_STEP][PASSED] - return data: null

2023-10-04 20:59:00 - [MESSAGE][PASSED] - Call Test Case 'Test Cases/T13 Pembelian, Shipment dan Pembayaran/SA-001' successfully

2023-10-04 20:59:00 - [TEST_STEP][PASSED] - inv = data.get("invoice"): null

2023-10-04 20:59:00 - [TEST_STEP][PASSED] - setText(findTestObject("admin/Penjualan ke konsumen/Search"), inv): Text 'TRX60.20231004205752' is set on object 'Object Repository/admin/Penjualan ke konsumen/Search'

2023-10-04 20:59:01 - [MESSAGE][PASSED] - Text 'TRX60.20231004205752' is set on object 'Object Repository/admin/Penjualan ke konsumen/Search'

2023-10-04 20:59:01 - [TEST_STEP][PASSED] - click(findTestObject("admin/Penjualan ke konsumen/buttom konfirmasi pending payment")): Object: 'Object Repository/admin/Penjualan ke konsumen/buttom konfirmasi pending payment' is clicked on

2023-10-04 20:59:02 - [MESSAGE][PASSED] - Object: 'Object Repository/admin/Penjualan ke konsumen/buttom konfirmasi pending payment' is clicked on

2023-10-04 20:59:02 - [TEST_STEP][PASSED] - acceptAlert(STOP_ON_FAILURE): Alert accepted

2023-10-04 20:59:02 - [MESSAGE][PASSED] - Alert accepted

2023-10-04 20:59:02 - [TEST_STEP][PASSED] - setText(findTestObject("admin/Penjualan ke konsumen/Search"), inv): Text 'TRX60.20231004205752' is set on object 'Object Repository/admin/Penjualan ke konsumen/Search'

2023-10-04 20:59:03 - [MESSAGE][PASSED] - Text 'TRX60.20231004205752' is set on object 'Object Repository/admin/Penjualan ke konsumen/Search'

2023-10-04 20:59:03 - [TEST_STEP][PASSED] - verifyTextNotPresent("pending payment", false): Text 'pending payment' is not present on page

2023-10-04 20:59:04 - [MESSAGE][PASSED] - Text 'pending payment' is not present on page

2023-10-04 20:59:04 - [TEST_STEP][PASSED] - return data: null

2023-10-04 20:59:04 - [MESSAGE][PASSED] - Call Test Case 'Test Cases/T13 Pembelian, Shipment dan Pembayaran/SA-002' successfully

2023-10-04 20:59:04 - [TEST_STEP][PASSED] - click(findTestObject("admin/Penjualan ke konsumen/buttom scroldown")): Object: 'Object Repository/admin/Penjualan ke konsumen/buttom scroldown' is clicked on

2023-10-04 20:59:05 - [MESSAGE][PASSED] - Object: 'Object Repository/admin/Penjualan ke konsumen/buttom scroldown' is clicked on

2023-10-04 20:59:05 - [TEST_STEP][PASSED] - click(findTestObject("admin/Penjualan ke konsumen/Selesai")): Object: 'Object Repository/admin/Penjualan ke konsumen/Selesai' is clicked on

2023-10-04 20:59:05 - [MESSAGE][PASSED] - Object: 'Object Repository/admin/Penjualan ke konsumen/Selesai' is clicked on

2023-10-04 20:59:05 - [TEST_STEP][PASSED] - acceptAlert(): Alert accepted

2023-10-04 20:59:05 - [MESSAGE][PASSED] - Alert accepted

2023-10-04 20:59:05 - [TEST_STEP][PASSED] - inv = data.get("invoice"): null

2023-10-04 20:59:05 - [TEST_STEP][PASSED] - setText(findTestObject("admin/Penjualan ke konsumen/Search"), inv): Text 'TRX60.20231004205752' is set on object 'Object Repository/admin/Penjualan ke konsumen/Search'

2023-10-04 20:59:06 - [MESSAGE][PASSED] - Text 'TRX60.20231004205752' is set on object 'Object Repository/admin/Penjualan ke konsumen/Search'

2023-10-04 20:59:06 - [TEST_STEP][PASSED] - delay(10): Delayed 10 second(s)

2023-10-04 20:59:16 - [MESSAGE][PASSED] - Delayed 10 second(s)

2023-10-04 20:59:16 - [TEST_STEP][PASSED] - verifyTextPresent("Selesai", false): Text 'Selesai' is present on page 

2023-10-04 20:59:17 - [MESSAGE][PASSED] - Text 'Selesai' is present on page 

2023-10-04 20:59:17 - [TEST_STEP][PASSED] - selesaiAdmin = getText(findTestObject("admin/Selesai")): Text of object 'Object Repository/admin/Selesai' is: 'Selesai'

2023-10-04 20:59:17 - [MESSAGE][PASSED] - Text of object 'Object Repository/admin/Selesai' is: 'Selesai'

2023-10-04 20:59:17 - [TEST_STEP][PASSED] - data.put("statusSelesai", selesaiAdmin): null

2023-10-04 20:59:17 - [TEST_STEP][PASSED] - return data: null

2023-10-04 20:59:17 - [MESSAGE][PASSED] - Call Test Case 'Test Cases/T13 Pembelian, Shipment dan Pembayaran/SA-005' successfully

2023-10-04 20:59:17 - [TEST_STEP][PASSED] - openBrowser("https://10.9.2.63/ecommerce/"): Browser is opened with url: 'https://10.9.2.63/ecommerce/'

2023-10-04 20:59:17 - [MESSAGE][WARNING] - A browser is already opened. Closing browser and opening a new one

2023-10-04 20:59:19 - [MESSAGE][INFO] - Starting 'Firefox' driver

2023-10-04 20:59:19 - [MESSAGE][INFO] - User set preference: ['args', '[--disable-notifications]']

2023-10-04 20:59:19 - [MESSAGE][INFO] - Action delay is set to 0 milliseconds

2023-10-04 20:59:25 - [MESSAGE][PASSED] - Browser is opened with url: 'https://10.9.2.63/ecommerce/'

2023-10-04 20:59:25 - [TEST_STEP][PASSED] - maximizeWindow(): Current window maximized

2023-10-04 20:59:25 - [MESSAGE][PASSED] - Current window maximized

2023-10-04 20:59:25 - [TEST_STEP][PASSED] - verifyElementPresent(findTestObject("Login/Home"), 0): Object 'Object Repository/Login/Home' is present

2023-10-04 20:59:25 - [MESSAGE][WARNING] - Timeout '0' is invalid. Using default page load timeout: '30'

2023-10-04 20:59:25 - [MESSAGE][PASSED] - Object 'Object Repository/Login/Home' is present

2023-10-04 20:59:25 - [TEST_STEP][PASSED] - click(findTestObject("Login/a_Login")): Object: 'Object Repository/Login/a_Login' is clicked on

2023-10-04 20:59:26 - [MESSAGE][PASSED] - Object: 'Object Repository/Login/a_Login' is clicked on

2023-10-04 20:59:26 - [TEST_STEP][PASSED] - verifyElementPresent(findTestObject("Login/Tittle Login"), 0): Object 'Object Repository/Login/Tittle Login' is present

2023-10-04 20:59:26 - [MESSAGE][WARNING] - Timeout '0' is invalid. Using default page load timeout: '30'

2023-10-04 20:59:26 - [MESSAGE][PASSED] - Object 'Object Repository/Login/Tittle Login' is present

2023-10-04 20:59:26 - [TEST_STEP][PASSED] - setText(findTestObject("Login/input_Username, Email atau No. Handphone_a"), "irfanafandi"): Text 'irfanafandi' is set on object 'Object Repository/Login/input_Username, Email atau No. Handphone_a'

2023-10-04 20:59:27 - [MESSAGE][PASSED] - Text 'irfanafandi' is set on object 'Object Repository/Login/input_Username, Email atau No. Handphone_a'

2023-10-04 20:59:27 - [TEST_STEP][PASSED] - setText(findTestObject("Login/input_Password_b"), "12345irfan"): Text '12345irfan' is set on object 'Object Repository/Login/input_Password_b'

2023-10-04 20:59:28 - [MESSAGE][PASSED] - Text '12345irfan' is set on object 'Object Repository/Login/input_Password_b'

2023-10-04 20:59:28 - [TEST_STEP][PASSED] - click(findTestObject("Login/button_Masuk")): Object: 'Object Repository/Login/button_Masuk' is clicked on

2023-10-04 20:59:29 - [MESSAGE][PASSED] - Object: 'Object Repository/Login/button_Masuk' is clicked on

2023-10-04 20:59:29 - [TEST_STEP][PASSED] - verifyElementPresent(findTestObject("Login/li_Profile"), 0): Object 'Object Repository/Login/li_Profile' is present

2023-10-04 20:59:29 - [MESSAGE][WARNING] - Timeout '0' is invalid. Using default page load timeout: '30'

2023-10-04 20:59:29 - [MESSAGE][PASSED] - Object 'Object Repository/Login/li_Profile' is present

2023-10-04 20:59:29 - [TEST_STEP][PASSED] - click(findTestObject("Konfirmasi pesanan shop/Menu Shop")): Object: 'Object Repository/Konfirmasi pesanan shop/Menu Shop' is clicked on

2023-10-04 20:59:30 - [MESSAGE][PASSED] - Object: 'Object Repository/Konfirmasi pesanan shop/Menu Shop' is clicked on

2023-10-04 20:59:30 - [TEST_STEP][PASSED] - click(findTestObject("Konfirmasi pesanan shop/Menu Shop")): Object: 'Object Repository/Konfirmasi pesanan shop/Menu Shop' is clicked on

2023-10-04 20:59:31 - [MESSAGE][PASSED] - Object: 'Object Repository/Konfirmasi pesanan shop/Menu Shop' is clicked on

2023-10-04 20:59:31 - [TEST_STEP][PASSED] - click(findTestObject("verifikasi/Orders Report")): Object: 'Object Repository/verifikasi/Orders Report' is clicked on

2023-10-04 20:59:32 - [MESSAGE][PASSED] - Object: 'Object Repository/verifikasi/Orders Report' is clicked on

2023-10-04 20:59:32 - [TEST_STEP][PASSED] - verifyElementPresent(findTestObject("Login/li_Profile"), 0): Object 'Object Repository/Login/li_Profile' is present

2023-10-04 20:59:32 - [MESSAGE][WARNING] - Timeout '0' is invalid. Using default page load timeout: '30'

2023-10-04 20:59:33 - [MESSAGE][PASSED] - Object 'Object Repository/Login/li_Profile' is present

2023-10-04 20:59:33 - [TEST_STEP][PASSED] - click(findTestObject("verifikasi/Sampai Tujuan")): Object: 'Object Repository/verifikasi/Sampai Tujuan' is clicked on

2023-10-04 20:59:33 - [MESSAGE][PASSED] - Object: 'Object Repository/verifikasi/Sampai Tujuan' is clicked on

2023-10-04 20:59:33 - [TEST_STEP][PASSED] - verifyElementPresent(findTestObject("verifikasi/Notifikasi angka"), 1): Object 'Object Repository/verifikasi/Notifikasi angka' is present

2023-10-04 20:59:34 - [MESSAGE][PASSED] - Object 'Object Repository/verifikasi/Notifikasi angka' is present

2023-10-04 20:59:34 - [TEST_STEP][PASSED] - selesai = getText(findTestObject("verifikasi/Status Selesai di user")): Text of object 'Object Repository/verifikasi/Status Selesai di user' is: 'Selesai'

2023-10-04 20:59:34 - [MESSAGE][PASSED] - Text of object 'Object Repository/verifikasi/Status Selesai di user' is: 'Selesai'

2023-10-04 20:59:34 - [TEST_STEP][PASSED] - statusPembayaran = data.get("statusSelesai"): null

2023-10-04 20:59:34 - [TEST_STEP][PASSED] - assert selesai == statusPembayaran: null]]></system-out>
         <system-err><![CDATA[]]></system-err>
      </testcase>
      <system-out><![CDATA[2023-10-04 19:59:12 - [TEST_SUITE][FAILED] - T13 Pembelian, Shipment dan Pembayaran: Test Cases/T13 Pembelian, Shipment dan Pembayaran/PBL-004 FAILED.
Reason:
com.kms.katalon.core.exception.StepFailedException: Call Test Case 'Test Cases/T13 Pembelian, Shipment dan Pembayaran/PBL-002' failed
	at com.kms.katalon.core.keyword.builtin.CallTestCaseKeyword$_callTestCase_closure1.doCall(CallTestCaseKeyword.groovy:63)
	at com.kms.katalon.core.keyword.builtin.CallTestCaseKeyword$_callTestCase_closure1.call(CallTestCaseKeyword.groovy)
	at com.kms.katalon.core.keyword.internal.KeywordMain.runKeyword(KeywordMain.groovy:75)
	at com.kms.katalon.core.keyword.builtin.CallTestCaseKeyword.callTestCase(CallTestCaseKeyword.groovy:81)
	at com.kms.katalon.core.keyword.builtin.CallTestCaseKeyword.execute(CallTestCaseKeyword.groovy:44)
	at com.kms.katalon.core.keyword.internal.KeywordExecutor.executeKeywordForPlatform(KeywordExecutor.groovy:74)
	at com.kms.katalon.core.keyword.BuiltinKeywords.callTestCase(BuiltinKeywords.groovy:310)
	at PBL-004.run(PBL-004:20)
	at com.kms.katalon.core.main.ScriptEngine.run(ScriptEngine.java:194)
	at com.kms.katalon.core.main.ScriptEngine.runScriptAsRawText(ScriptEngine.java:119)
	at com.kms.katalon.core.main.TestCaseExecutor.runScript(TestCaseExecutor.java:448)
	at com.kms.katalon.core.main.TestCaseExecutor.doExecute(TestCaseExecutor.java:439)
	at com.kms.katalon.core.main.TestCaseExecutor.processExecutionPhase(TestCaseExecutor.java:418)
	at com.kms.katalon.core.main.TestCaseExecutor.accessMainPhase(TestCaseExecutor.java:410)
	at com.kms.katalon.core.main.TestCaseExecutor.execute(TestCaseExecutor.java:285)
	at com.kms.katalon.core.common.CommonExecutor.accessTestCaseMainPhase(CommonExecutor.java:65)
	at com.kms.katalon.core.main.TestSuiteExecutor.accessTestSuiteMainPhase(TestSuiteExecutor.java:148)
	at com.kms.katalon.core.main.TestSuiteExecutor.execute(TestSuiteExecutor.java:106)
	at com.kms.katalon.core.main.TestCaseMain.startTestSuite(TestCaseMain.java:187)
	at com.kms.katalon.core.main.TestCaseMain$startTestSuite$0.call(Unknown Source)
	at TempTestSuite1696424348948.run(TempTestSuite1696424348948.groovy:36)
Caused by: com.kms.katalon.core.exception.StepFailedException: Unable to get text of object 'Object Repository/verifikasi/Harga Keranjang'
	at com.kms.katalon.core.webui.keyword.internal.WebUIKeywordMain.stepFailed(WebUIKeywordMain.groovy:64)
	at com.kms.katalon.core.webui.keyword.internal.WebUIKeywordMain.runKeyword(WebUIKeywordMain.groovy:26)
	at com.kms.katalon.core.webui.keyword.builtin.GetTextKeyword.getText(GetTextKeyword.groovy:88)
	at com.kms.katalon.core.webui.keyword.builtin.GetTextKeyword.execute(GetTextKeyword.groovy:67)
	at com.kms.katalon.core.keyword.internal.KeywordExecutor.executeKeywordForPlatform(KeywordExecutor.groovy:74)
	at com.kms.katalon.core.webui.keyword.WebUiBuiltInKeywords.getText(WebUiBuiltInKeywords.groovy:918)
	at com.kms.katalon.core.webui.keyword.WebUiBuiltInKeywords$getText$5.call(Unknown Source)
	at PBL-002.run(PBL-002:31)
	at com.kms.katalon.core.main.ScriptEngine.run(ScriptEngine.java:194)
	at com.kms.katalon.core.main.ScriptEngine.runScriptAsRawText(ScriptEngine.java:119)
	at com.kms.katalon.core.main.TestCaseExecutor.runScript(TestCaseExecutor.java:448)
	at com.kms.katalon.core.main.TestCaseExecutor.doExecute(TestCaseExecutor.java:439)
	at com.kms.katalon.core.main.TestCaseExecutor.processExecutionPhase(TestCaseExecutor.java:418)
	at com.kms.katalon.core.main.TestCaseExecutor.accessMainPhase(TestCaseExecutor.java:410)
	at com.kms.katalon.core.main.TestCaseExecutor.execute(TestCaseExecutor.java:285)
	at com.kms.katalon.core.main.TestCaseMain.runTestCase(TestCaseMain.java:144)
	at com.kms.katalon.core.keyword.builtin.CallTestCaseKeyword$_callTestCase_closure1.doCall(CallTestCaseKeyword.groovy:59)
	... 20 more
Caused by: com.kms.katalon.core.webui.exception.WebElementNotFoundException: Web element with id: 'Object Repository/verifikasi/Harga Keranjang' located by '(.//*[normalize-space(text()) and normalize-space(.)='Qty.'])[4]/following::b[1]' not found
	at com.kms.katalon.core.webui.common.WebUiCommonHelper.findWebElement(WebUiCommonHelper.java:1381)
	at com.kms.katalon.core.webui.keyword.internal.WebUIAbstractKeyword.findWebElement(WebUIAbstractKeyword.groovy:27)
	at com.kms.katalon.core.webui.keyword.internal.WebUIAbstractKeyword.findWebElement(WebUIAbstractKeyword.groovy:26)
	at com.kms.katalon.core.webui.keyword.builtin.GetTextKeyword$_getText_closure1.doCall(GetTextKeyword.groovy:78)
	at com.kms.katalon.core.webui.keyword.builtin.GetTextKeyword$_getText_closure1.call(GetTextKeyword.groovy)
	at com.kms.katalon.core.webui.keyword.internal.WebUIKeywordMain.runKeyword(WebUIKeywordMain.groovy:20)
	... 35 more]]></system-out>
      <system-err><![CDATA[2023-10-04 19:59:12 - [TEST_SUITE][FAILED] - T13 Pembelian, Shipment dan Pembayaran: Test Cases/T13 Pembelian, Shipment dan Pembayaran/PBL-004 FAILED.
Reason:
com.kms.katalon.core.exception.StepFailedException: Call Test Case 'Test Cases/T13 Pembelian, Shipment dan Pembayaran/PBL-002' failed
	at com.kms.katalon.core.keyword.builtin.CallTestCaseKeyword$_callTestCase_closure1.doCall(CallTestCaseKeyword.groovy:63)
	at com.kms.katalon.core.keyword.builtin.CallTestCaseKeyword$_callTestCase_closure1.call(CallTestCaseKeyword.groovy)
	at com.kms.katalon.core.keyword.internal.KeywordMain.runKeyword(KeywordMain.groovy:75)
	at com.kms.katalon.core.keyword.builtin.CallTestCaseKeyword.callTestCase(CallTestCaseKeyword.groovy:81)
	at com.kms.katalon.core.keyword.builtin.CallTestCaseKeyword.execute(CallTestCaseKeyword.groovy:44)
	at com.kms.katalon.core.keyword.internal.KeywordExecutor.executeKeywordForPlatform(KeywordExecutor.groovy:74)
	at com.kms.katalon.core.keyword.BuiltinKeywords.callTestCase(BuiltinKeywords.groovy:310)
	at PBL-004.run(PBL-004:20)
	at com.kms.katalon.core.main.ScriptEngine.run(ScriptEngine.java:194)
	at com.kms.katalon.core.main.ScriptEngine.runScriptAsRawText(ScriptEngine.java:119)
	at com.kms.katalon.core.main.TestCaseExecutor.runScript(TestCaseExecutor.java:448)
	at com.kms.katalon.core.main.TestCaseExecutor.doExecute(TestCaseExecutor.java:439)
	at com.kms.katalon.core.main.TestCaseExecutor.processExecutionPhase(TestCaseExecutor.java:418)
	at com.kms.katalon.core.main.TestCaseExecutor.accessMainPhase(TestCaseExecutor.java:410)
	at com.kms.katalon.core.main.TestCaseExecutor.execute(TestCaseExecutor.java:285)
	at com.kms.katalon.core.common.CommonExecutor.accessTestCaseMainPhase(CommonExecutor.java:65)
	at com.kms.katalon.core.main.TestSuiteExecutor.accessTestSuiteMainPhase(TestSuiteExecutor.java:148)
	at com.kms.katalon.core.main.TestSuiteExecutor.execute(TestSuiteExecutor.java:106)
	at com.kms.katalon.core.main.TestCaseMain.startTestSuite(TestCaseMain.java:187)
	at com.kms.katalon.core.main.TestCaseMain$startTestSuite$0.call(Unknown Source)
	at TempTestSuite1696424348948.run(TempTestSuite1696424348948.groovy:36)
Caused by: com.kms.katalon.core.exception.StepFailedException: Unable to get text of object 'Object Repository/verifikasi/Harga Keranjang'
	at com.kms.katalon.core.webui.keyword.internal.WebUIKeywordMain.stepFailed(WebUIKeywordMain.groovy:64)
	at com.kms.katalon.core.webui.keyword.internal.WebUIKeywordMain.runKeyword(WebUIKeywordMain.groovy:26)
	at com.kms.katalon.core.webui.keyword.builtin.GetTextKeyword.getText(GetTextKeyword.groovy:88)
	at com.kms.katalon.core.webui.keyword.builtin.GetTextKeyword.execute(GetTextKeyword.groovy:67)
	at com.kms.katalon.core.keyword.internal.KeywordExecutor.executeKeywordForPlatform(KeywordExecutor.groovy:74)
	at com.kms.katalon.core.webui.keyword.WebUiBuiltInKeywords.getText(WebUiBuiltInKeywords.groovy:918)
	at com.kms.katalon.core.webui.keyword.WebUiBuiltInKeywords$getText$5.call(Unknown Source)
	at PBL-002.run(PBL-002:31)
	at com.kms.katalon.core.main.ScriptEngine.run(ScriptEngine.java:194)
	at com.kms.katalon.core.main.ScriptEngine.runScriptAsRawText(ScriptEngine.java:119)
	at com.kms.katalon.core.main.TestCaseExecutor.runScript(TestCaseExecutor.java:448)
	at com.kms.katalon.core.main.TestCaseExecutor.doExecute(TestCaseExecutor.java:439)
	at com.kms.katalon.core.main.TestCaseExecutor.processExecutionPhase(TestCaseExecutor.java:418)
	at com.kms.katalon.core.main.TestCaseExecutor.accessMainPhase(TestCaseExecutor.java:410)
	at com.kms.katalon.core.main.TestCaseExecutor.execute(TestCaseExecutor.java:285)
	at com.kms.katalon.core.main.TestCaseMain.runTestCase(TestCaseMain.java:144)
	at com.kms.katalon.core.keyword.builtin.CallTestCaseKeyword$_callTestCase_closure1.doCall(CallTestCaseKeyword.groovy:59)
	... 20 more
Caused by: com.kms.katalon.core.webui.exception.WebElementNotFoundException: Web element with id: 'Object Repository/verifikasi/Harga Keranjang' located by '(.//*[normalize-space(text()) and normalize-space(.)='Qty.'])[4]/following::b[1]' not found
	at com.kms.katalon.core.webui.common.WebUiCommonHelper.findWebElement(WebUiCommonHelper.java:1381)
	at com.kms.katalon.core.webui.keyword.internal.WebUIAbstractKeyword.findWebElement(WebUIAbstractKeyword.groovy:27)
	at com.kms.katalon.core.webui.keyword.internal.WebUIAbstractKeyword.findWebElement(WebUIAbstractKeyword.groovy:26)
	at com.kms.katalon.core.webui.keyword.builtin.GetTextKeyword$_getText_closure1.doCall(GetTextKeyword.groovy:78)
	at com.kms.katalon.core.webui.keyword.builtin.GetTextKeyword$_getText_closure1.call(GetTextKeyword.groovy)
	at com.kms.katalon.core.webui.keyword.internal.WebUIKeywordMain.runKeyword(WebUIKeywordMain.groovy:20)
	... 35 more]]></system-err>
   </testsuite>
</testsuites>
